<?xml version="1.0" encoding="UTF-8"?>
<testsuite xmlns:xsi="http://www.w3.org/2001/XMLSchema-instance" xsi:noNamespaceSchemaLocation="https://maven.apache.org/surefire/maven-surefire-plugin/xsd/surefire-test-report.xsd" name="org.apache.ratis.TestMultiRaftGroup" time="53.824" tests="5" errors="1" skipped="0" failures="3">
  <properties>
    <property name="awt.toolkit" value="sun.awt.X11.XToolkit"/>
    <property name="java.specification.version" value="11"/>
    <property name="sun.cpu.isalist" value=""/>
    <property name="sun.jnu.encoding" value="UTF-8"/>
    <property name="java.class.path" value="/home/runner/work/ratis/ratis/ratis-examples/target/test-classes:/home/runner/work/ratis/ratis/ratis-examples/target/classes:/home/runner/.m2/repository/org/apache/ratis/ratis-thirdparty-misc/1.0.3/ratis-thirdparty-misc-1.0.3.jar:/home/runner/work/ratis/ratis/ratis-proto/target/ratis-proto-3.0.0-SNAPSHOT.jar:/home/runner/work/ratis/ratis/ratis-tools/target/classes:/home/runner/work/ratis/ratis/ratis-common/target/classes:/home/runner/work/ratis/ratis/ratis-common/target/test-classes:/home/runner/work/ratis/ratis/ratis-client/target/classes:/home/runner/work/ratis/ratis/ratis-server/target/classes:/home/runner/work/ratis/ratis/ratis-server-api/target/classes:/home/runner/work/ratis/ratis/ratis-metrics-api/target/classes:/home/runner/work/ratis/ratis/ratis-server/target/test-classes:/home/runner/work/ratis/ratis/ratis-metrics-default/target/classes:/home/runner/work/ratis/ratis/ratis-grpc/target/classes:/home/runner/work/ratis/ratis/ratis-grpc/target/test-classes:/home/runner/work/ratis/ratis/ratis-netty/target/classes:/home/runner/work/ratis/ratis/ratis-netty/target/test-classes:/home/runner/work/ratis/ratis/ratis-test/target/test-classes:/home/runner/.m2/repository/com/beust/jcommander/1.72/jcommander-1.72.jar:/home/runner/.m2/repository/org/slf4j/slf4j-api/1.7.36/slf4j-api-1.7.36.jar:/home/runner/.m2/repository/org/slf4j/slf4j-reload4j/1.7.36/slf4j-reload4j-1.7.36.jar:/home/runner/.m2/repository/ch/qos/reload4j/reload4j/1.2.19/reload4j-1.2.19.jar:/home/runner/.m2/repository/junit/junit/4.13.2/junit-4.13.2.jar:/home/runner/.m2/repository/org/hamcrest/hamcrest-core/1.3/hamcrest-core-1.3.jar:/home/runner/.m2/repository/com/github/spotbugs/spotbugs-annotations/4.2.1/spotbugs-annotations-4.2.1.jar:/home/runner/.m2/repository/com/google/code/findbugs/jsr305/3.0.2/jsr305-3.0.2.jar:"/>
    <property name="java.vm.vendor" value="Eclipse Adoptium"/>
    <property name="sun.arch.data.model" value="64"/>
    <property name="java.vendor.url" value="https://adoptium.net/"/>
    <property name="user.timezone" value=""/>
    <property name="java.vm.specification.version" value="11"/>
    <property name="os.name" value="Linux"/>
    <property name="sun.java.launcher" value="SUN_STANDARD"/>
    <property name="sun.boot.library.path" value="/usr/lib/jvm/temurin-11-jdk-amd64/lib"/>
    <property name="sun.java.command" value="/home/runner/work/ratis/ratis/ratis-examples/target/surefire/surefirebooter17560586780498871746.jar /home/runner/work/ratis/ratis/ratis-examples/target/surefire 2023-03-07T04-33-21_748-jvmRun1 surefire14447081924196540100tmp surefire_4416536071000536563187tmp"/>
    <property name="jdk.debug" value="release"/>
    <property name="surefire.test.class.path" value="/home/runner/work/ratis/ratis/ratis-examples/target/test-classes:/home/runner/work/ratis/ratis/ratis-examples/target/classes:/home/runner/.m2/repository/org/apache/ratis/ratis-thirdparty-misc/1.0.3/ratis-thirdparty-misc-1.0.3.jar:/home/runner/work/ratis/ratis/ratis-proto/target/ratis-proto-3.0.0-SNAPSHOT.jar:/home/runner/work/ratis/ratis/ratis-tools/target/classes:/home/runner/work/ratis/ratis/ratis-common/target/classes:/home/runner/work/ratis/ratis/ratis-common/target/test-classes:/home/runner/work/ratis/ratis/ratis-client/target/classes:/home/runner/work/ratis/ratis/ratis-server/target/classes:/home/runner/work/ratis/ratis/ratis-server-api/target/classes:/home/runner/work/ratis/ratis/ratis-metrics-api/target/classes:/home/runner/work/ratis/ratis/ratis-server/target/test-classes:/home/runner/work/ratis/ratis/ratis-metrics-default/target/classes:/home/runner/work/ratis/ratis/ratis-grpc/target/classes:/home/runner/work/ratis/ratis/ratis-grpc/target/test-classes:/home/runner/work/ratis/ratis/ratis-netty/target/classes:/home/runner/work/ratis/ratis/ratis-netty/target/test-classes:/home/runner/work/ratis/ratis/ratis-test/target/test-classes:/home/runner/.m2/repository/com/beust/jcommander/1.72/jcommander-1.72.jar:/home/runner/.m2/repository/org/slf4j/slf4j-api/1.7.36/slf4j-api-1.7.36.jar:/home/runner/.m2/repository/org/slf4j/slf4j-reload4j/1.7.36/slf4j-reload4j-1.7.36.jar:/home/runner/.m2/repository/ch/qos/reload4j/reload4j/1.2.19/reload4j-1.2.19.jar:/home/runner/.m2/repository/junit/junit/4.13.2/junit-4.13.2.jar:/home/runner/.m2/repository/org/hamcrest/hamcrest-core/1.3/hamcrest-core-1.3.jar:/home/runner/.m2/repository/com/github/spotbugs/spotbugs-annotations/4.2.1/spotbugs-annotations-4.2.1.jar:/home/runner/.m2/repository/com/google/code/findbugs/jsr305/3.0.2/jsr305-3.0.2.jar:"/>
    <property name="sun.cpu.endian" value="little"/>
    <property name="user.home" value="/home/runner"/>
    <property name="user.language" value="en"/>
    <property name="java.specification.vendor" value="Oracle Corporation"/>
    <property name="java.version.date" value="2023-01-17"/>
    <property name="java.home" value="/usr/lib/jvm/temurin-11-jdk-amd64"/>
    <property name="file.separator" value="/"/>
    <property name="basedir" value="/home/runner/work/ratis/ratis/ratis-examples"/>
    <property name="java.vm.compressedOopsMode" value="32-bit"/>
    <property name="line.separator" value="&#10;"/>
    <property name="java.specification.name" value="Java Platform API Specification"/>
    <property name="java.vm.specification.vendor" value="Oracle Corporation"/>
    <property name="java.awt.graphicsenv" value="sun.awt.X11GraphicsEnvironment"/>
    <property name="surefire.real.class.path" value="/home/runner/work/ratis/ratis/ratis-examples/target/surefire/surefirebooter17560586780498871746.jar"/>
    <property name="sun.management.compiler" value="HotSpot 64-Bit Tiered Compilers"/>
    <property name="java.runtime.version" value="11.0.18+10"/>
    <property name="user.name" value="runner"/>
    <property name="java.net.preferIPv4Stack" value="true"/>
    <property name="path.separator" value=":"/>
    <property name="os.version" value="5.15.0-1033-azure"/>
    <property name="java.runtime.name" value="OpenJDK Runtime Environment"/>
    <property name="file.encoding" value="UTF-8"/>
    <property name="java.vm.name" value="OpenJDK 64-Bit Server VM"/>
    <property name="java.vendor.version" value="Temurin-11.0.18+10"/>
    <property name="localRepository" value="/home/runner/.m2/repository"/>
    <property name="java.vendor.url.bug" value="https://github.com/adoptium/adoptium-support/issues"/>
    <property name="java.io.tmpdir" value="/tmp"/>
    <property name="java.version" value="11.0.18"/>
    <property name="user.dir" value="/home/runner/work/ratis/ratis/ratis-examples"/>
    <property name="os.arch" value="amd64"/>
    <property name="ratis.tmp.dir" value="/home/runner/work/ratis/ratis/ratis-examples/target/tmp"/>
    <property name="java.vm.specification.name" value="Java Virtual Machine Specification"/>
    <property name="java.awt.printerjob" value="sun.print.PSPrinterJob"/>
    <property name="ratis.log.dir" value="/home/runner/work/ratis/ratis/ratis-examples/target/log"/>
    <property name="sun.os.patch.level" value="unknown"/>
    <property name="java.library.path" value="/usr/java/packages/lib:/usr/lib64:/lib64:/lib:/usr/lib"/>
    <property name="java.vm.info" value="mixed mode"/>
    <property name="java.vendor" value="Eclipse Adoptium"/>
    <property name="java.vm.version" value="11.0.18+10"/>
    <property name="sun.io.unicode.encoding" value="UnicodeLittle"/>
    <property name="java.class.version" value="55.0"/>
  </properties>
  <testcase name="testMultiRaftGroup[0]" classname="org.apache.ratis.TestMultiRaftGroup" time="30.935"/>
  <testcase name="testMultiRaftGroup[1]" classname="org.apache.ratis.TestMultiRaftGroup" time="1.46">
    <error message="Failed to start Grpc server" type="org.apache.ratis.util.ExitUtils$ExitException">org.apache.ratis.util.ExitUtils$ExitException: Failed to start Grpc server
	at org.apache.ratis.util.ExitUtils.terminate(ExitUtils.java:141)
	at org.apache.ratis.util.ExitUtils.terminate(ExitUtils.java:151)
	at org.apache.ratis.grpc.server.GrpcService.startImpl(GrpcService.java:300)
	at org.apache.ratis.util.LifeCycle.startAndTransition(LifeCycle.java:270)
	at org.apache.ratis.server.RaftServerRpcWithProxy.start(RaftServerRpcWithProxy.java:72)
	at org.apache.ratis.server.impl.RaftServerProxy.startImpl(RaftServerProxy.java:402)
	at org.apache.ratis.util.LifeCycle.startAndTransition(LifeCycle.java:270)
	at org.apache.ratis.server.impl.RaftServerProxy.start(RaftServerProxy.java:395)
	at org.apache.ratis.server.impl.MiniRaftCluster.startServers(MiniRaftCluster.java:499)
	at org.apache.ratis.server.impl.MiniRaftCluster.start(MiniRaftCluster.java:346)
	at org.apache.ratis.server.impl.GroupManagementBaseTest.runMultiGroupTest(GroupManagementBaseTest.java:263)
	at org.apache.ratis.TestMultiRaftGroup.runTestMultiRaftGroup(TestMultiRaftGroup.java:73)
	at org.apache.ratis.TestMultiRaftGroup.runTestMultiRaftGroup(TestMultiRaftGroup.java:59)
	at org.apache.ratis.TestMultiRaftGroup.testMultiRaftGroup(TestMultiRaftGroup.java:55)
	at java.base/jdk.internal.reflect.NativeMethodAccessorImpl.invoke0(Native Method)
	at java.base/jdk.internal.reflect.NativeMethodAccessorImpl.invoke(NativeMethodAccessorImpl.java:62)
	at java.base/jdk.internal.reflect.DelegatingMethodAccessorImpl.invoke(DelegatingMethodAccessorImpl.java:43)
	at java.base/java.lang.reflect.Method.invoke(Method.java:566)
	at org.junit.runners.model.FrameworkMethod$1.runReflectiveCall(FrameworkMethod.java:59)
	at org.junit.internal.runners.model.ReflectiveCallable.run(ReflectiveCallable.java:12)
	at org.junit.runners.model.FrameworkMethod.invokeExplosively(FrameworkMethod.java:56)
	at org.junit.internal.runners.statements.InvokeMethod.evaluate(InvokeMethod.java:17)
	at org.junit.internal.runners.statements.RunAfters.evaluate(RunAfters.java:27)
	at org.junit.internal.runners.statements.FailOnTimeout$CallableStatement.call(FailOnTimeout.java:299)
	at org.junit.internal.runners.statements.FailOnTimeout$CallableStatement.call(FailOnTimeout.java:293)
	at java.base/java.util.concurrent.FutureTask.run(FutureTask.java:264)
	at java.base/java.lang.Thread.run(Thread.java:829)
Caused by: java.io.IOException: Failed to bind to address 0.0.0.0/0.0.0.0:37997
	at org.apache.ratis.thirdparty.io.grpc.netty.NettyServer.start(NettyServer.java:328)
	at org.apache.ratis.thirdparty.io.grpc.internal.ServerImpl.start(ServerImpl.java:183)
	at org.apache.ratis.thirdparty.io.grpc.internal.ServerImpl.start(ServerImpl.java:92)
	at org.apache.ratis.grpc.server.GrpcService.startImpl(GrpcService.java:298)
	... 24 more
Caused by: org.apache.ratis.thirdparty.io.netty.channel.unix.Errors$NativeIoException: bind(..) failed: Address already in use
</error>
    <system-out><![CDATA[2023-03-07 04:41:05,221 INFO  util.LogUtils (Slf4jUtils.java:setLogLevel(38)) - Successfully set org.apache.ratis.conf.ConfUtils log level to WARN
2023-03-07 04:41:05,221 INFO  util.LogUtils (Slf4jUtils.java:setLogLevel(38)) - Successfully set org.apache.ratis.util.FileUtils log level to TRACE
2023-03-07 04:41:05,222 INFO  impl.GroupManagementBaseTest (GroupManagementBaseTest.java:runMultiGroupTest(251)) - 

runMultiGroupTest with MiniRaftClusterWithGrpc[3, 6, 9, 12, 15]chosen=4: printing ALL groups
2023-03-07 04:41:05,222 INFO  impl.GroupManagementBaseTest (GroupManagementBaseTest.java:runMultiGroupTest(258)) - ids: [s0, s1, s2, s3, s4, s5, s6, s7, s8, s9, s10, s11, s12, s13, s14]
2023-03-07 04:41:05,222 INFO  impl.MiniRaftCluster (MiniRaftCluster.java:newRaftServer(382)) - newRaftServer: s0, group-CC7C26FA9352:[], format? true
2023-03-07 04:41:05,222 TRACE util.FileUtils (FileUtils.java:deleteFully(201)) - deleteFully target/test/data/fa33b8e4/MiniRaftClusterWithGrpc428a8d48/s0
2023-03-07 04:41:05,223 TRACE util.FileUtils (FileUtils.java:deleteFully(217)) - deleteFully: target/test/data/fa33b8e4/MiniRaftClusterWithGrpc428a8d48/s0 does not exist.
2023-03-07 04:41:05,223 INFO  impl.MiniRaftCluster (MiniRaftCluster.java:newRaftServer(387)) - Formatted directory target/test/data/fa33b8e4/MiniRaftClusterWithGrpc428a8d48/s0
2023-03-07 04:41:05,229 INFO  server.RaftServer (ConfUtils.java:logGet(46)) - raft.rpc.type = GRPC (default)
2023-03-07 04:41:05,273 INFO  grpc.GrpcConfigKeys (ConfUtils.java:logFallback(53)) - raft.grpc.admin.host = null (fallback to raft.grpc.server.host)
2023-03-07 04:41:05,273 INFO  grpc.GrpcConfigKeys (ConfUtils.java:logFallback(53)) - raft.grpc.admin.port = 45869 (fallback to raft.grpc.server.port)
2023-03-07 04:41:05,274 INFO  grpc.GrpcConfigKeys (ConfUtils.java:logFallback(53)) - raft.grpc.client.host = null (fallback to raft.grpc.server.host)
2023-03-07 04:41:05,274 INFO  grpc.GrpcConfigKeys (ConfUtils.java:logFallback(53)) - raft.grpc.client.port = 45869 (fallback to raft.grpc.server.port)
2023-03-07 04:41:05,274 INFO  grpc.GrpcConfigKeys (ConfUtils.java:logGet(46)) - raft.grpc.server.host = null (default)
2023-03-07 04:41:05,274 INFO  grpc.GrpcConfigKeys (ConfUtils.java:logGet(46)) - raft.grpc.server.port = 45869 (custom)
2023-03-07 04:41:05,274 INFO  server.GrpcService (ConfUtils.java:logGet(46)) - raft.grpc.message.size.max = 64MB (=67108864) (default)
2023-03-07 04:41:05,274 INFO  server.RaftServerConfigKeys (ConfUtils.java:logGet(46)) - raft.server.log.appender.buffer.byte-limit = 4MB (=4194304) (default)
2023-03-07 04:41:05,275 INFO  server.GrpcService (ConfUtils.java:logGet(46)) - raft.grpc.flow.control.window = 1MB (=1048576) (default)
2023-03-07 04:41:05,275 INFO  server.RaftServerConfigKeys (ConfUtils.java:logGet(46)) - raft.server.rpc.request.timeout = 3000ms (default)
2023-03-07 04:41:05,275 INFO  grpc.GrpcConfigKeys (ConfUtils.java:logGet(46)) - raft.grpc.server.heartbeat.channel = true (default)
2023-03-07 04:41:05,277 INFO  grpc.GrpcConfigKeys (ConfUtils.java:logGet(46)) - raft.grpc.server.async.request.thread.pool.cached = true (default)
2023-03-07 04:41:05,277 INFO  grpc.GrpcConfigKeys (ConfUtils.java:logGet(46)) - raft.grpc.server.async.request.thread.pool.size = 32 (default)
2023-03-07 04:41:05,410 INFO  impl.DataStreamServerImpl (ConfUtils.java:logGet(46)) - raft.datastream.type = DISABLED (default)
2023-03-07 04:41:05,410 INFO  server.RaftServerConfigKeys (ConfUtils.java:logGet(46)) - raft.server.threadpool.proxy.cached = true (default)
2023-03-07 04:41:05,410 INFO  server.RaftServerConfigKeys (ConfUtils.java:logGet(46)) - raft.server.threadpool.proxy.size = 0 (default)
2023-03-07 04:41:05,410 INFO  server.RaftServerConfigKeys (ConfUtils.java:logGet(46)) - raft.server.rpc.slowness.timeout = 60s (default)
2023-03-07 04:41:05,410 INFO  server.RaftServerConfigKeys (ConfUtils.java:logGet(46)) - raft.server.leaderelection.leader.step-down.wait-time = 10s (default)
2023-03-07 04:41:05,410 INFO  server.RaftServerConfigKeys (ConfUtils.java:logGet(46)) - raft.server.storage.dir = [/home/runner/work/ratis/ratis/ratis-examples/target/test/data/fa33b8e4/MiniRaftClusterWithGrpc428a8d48/s0] (custom)
2023-03-07 04:41:05,414 INFO  server.RaftServer (RaftServerProxy.java:addNew(99)) - s0: addNew group-CC7C26FA9352:[] returns group-CC7C26FA9352:java.util.concurrent.CompletableFuture@1cbe7180[Not completed]
2023-03-07 04:41:05,415 INFO  impl.MiniRaftCluster (MiniRaftCluster.java:newRaftServer(382)) - newRaftServer: s1, group-CC7C26FA9352:[], format? true
2023-03-07 04:41:05,415 TRACE util.FileUtils (FileUtils.java:deleteFully(201)) - deleteFully target/test/data/fa33b8e4/MiniRaftClusterWithGrpc428a8d48/s1
2023-03-07 04:41:05,415 TRACE util.FileUtils (FileUtils.java:deleteFully(217)) - deleteFully: target/test/data/fa33b8e4/MiniRaftClusterWithGrpc428a8d48/s1 does not exist.
2023-03-07 04:41:05,415 INFO  impl.MiniRaftCluster (MiniRaftCluster.java:newRaftServer(387)) - Formatted directory target/test/data/fa33b8e4/MiniRaftClusterWithGrpc428a8d48/s1
2023-03-07 04:41:05,415 INFO  server.RaftServer (ConfUtils.java:logGet(46)) - raft.rpc.type = GRPC (default)
2023-03-07 04:41:05,415 INFO  grpc.GrpcConfigKeys (ConfUtils.java:logFallback(53)) - raft.grpc.admin.host = null (fallback to raft.grpc.server.host)
2023-03-07 04:41:05,415 INFO  grpc.GrpcConfigKeys (ConfUtils.java:logFallback(53)) - raft.grpc.admin.port = 42421 (fallback to raft.grpc.server.port)
2023-03-07 04:41:05,415 INFO  grpc.GrpcConfigKeys (ConfUtils.java:logFallback(53)) - raft.grpc.client.host = null (fallback to raft.grpc.server.host)
2023-03-07 04:41:05,415 INFO  grpc.GrpcConfigKeys (ConfUtils.java:logFallback(53)) - raft.grpc.client.port = 42421 (fallback to raft.grpc.server.port)
2023-03-07 04:41:05,415 INFO  grpc.GrpcConfigKeys (ConfUtils.java:logGet(46)) - raft.grpc.server.host = null (default)
2023-03-07 04:41:05,415 INFO  grpc.GrpcConfigKeys (ConfUtils.java:logGet(46)) - raft.grpc.server.port = 42421 (custom)
2023-03-07 04:41:05,416 INFO  server.GrpcService (ConfUtils.java:logGet(46)) - raft.grpc.message.size.max = 64MB (=67108864) (default)
2023-03-07 04:41:05,416 INFO  server.RaftServerConfigKeys (ConfUtils.java:logGet(46)) - raft.server.log.appender.buffer.byte-limit = 4MB (=4194304) (default)
2023-03-07 04:41:05,416 INFO  server.GrpcService (ConfUtils.java:logGet(46)) - raft.grpc.flow.control.window = 1MB (=1048576) (default)
2023-03-07 04:41:05,416 INFO  server.RaftServer$Division (RaftServerImpl.java:<init>(198)) - s0: new RaftServerImpl for group-CC7C26FA9352:[] with ArithmeticStateMachine:uninitialized
2023-03-07 04:41:05,416 INFO  server.RaftServerConfigKeys (ConfUtils.java:logGet(46)) - raft.server.rpc.request.timeout = 3000ms (default)
2023-03-07 04:41:05,416 INFO  grpc.GrpcConfigKeys (ConfUtils.java:logGet(46)) - raft.grpc.server.heartbeat.channel = true (default)
2023-03-07 04:41:05,416 INFO  grpc.GrpcConfigKeys (ConfUtils.java:logGet(46)) - raft.grpc.server.async.request.thread.pool.cached = true (default)
2023-03-07 04:41:05,416 INFO  grpc.GrpcConfigKeys (ConfUtils.java:logGet(46)) - raft.grpc.server.async.request.thread.pool.size = 32 (default)
2023-03-07 04:41:05,417 INFO  impl.DataStreamServerImpl (ConfUtils.java:logGet(46)) - raft.datastream.type = DISABLED (default)
2023-03-07 04:41:05,417 INFO  server.RaftServerConfigKeys (ConfUtils.java:logGet(46)) - raft.server.threadpool.proxy.cached = true (default)
2023-03-07 04:41:05,417 INFO  server.RaftServerConfigKeys (ConfUtils.java:logGet(46)) - raft.server.threadpool.proxy.size = 0 (default)
2023-03-07 04:41:05,417 INFO  server.RaftServerConfigKeys (ConfUtils.java:logGet(46)) - raft.server.rpc.slowness.timeout = 60s (default)
2023-03-07 04:41:05,417 INFO  server.RaftServerConfigKeys (ConfUtils.java:logGet(46)) - raft.server.leaderelection.leader.step-down.wait-time = 10s (default)
2023-03-07 04:41:05,417 INFO  server.RaftServerConfigKeys (ConfUtils.java:logGet(46)) - raft.server.storage.dir = [/home/runner/work/ratis/ratis/ratis-examples/target/test/data/fa33b8e4/MiniRaftClusterWithGrpc428a8d48/s1] (custom)
2023-03-07 04:41:05,417 INFO  server.RaftServer (RaftServerProxy.java:addNew(99)) - s1: addNew group-CC7C26FA9352:[] returns group-CC7C26FA9352:java.util.concurrent.CompletableFuture@43c502fc[Not completed]
2023-03-07 04:41:05,417 INFO  impl.MiniRaftCluster (MiniRaftCluster.java:newRaftServer(382)) - newRaftServer: s2, group-CC7C26FA9352:[], format? true
2023-03-07 04:41:05,417 TRACE util.FileUtils (FileUtils.java:deleteFully(201)) - deleteFully target/test/data/fa33b8e4/MiniRaftClusterWithGrpc428a8d48/s2
2023-03-07 04:41:05,417 TRACE util.FileUtils (FileUtils.java:deleteFully(217)) - deleteFully: target/test/data/fa33b8e4/MiniRaftClusterWithGrpc428a8d48/s2 does not exist.
2023-03-07 04:41:05,417 INFO  impl.MiniRaftCluster (MiniRaftCluster.java:newRaftServer(387)) - Formatted directory target/test/data/fa33b8e4/MiniRaftClusterWithGrpc428a8d48/s2
2023-03-07 04:41:05,418 INFO  server.RaftServer$Division (RaftServerImpl.java:<init>(198)) - s1: new RaftServerImpl for group-CC7C26FA9352:[] with ArithmeticStateMachine:uninitialized
2023-03-07 04:41:05,418 INFO  server.RaftServerConfigKeys (ConfUtils.java:logGet(46)) - raft.server.rpc.timeout.min = 300ms (custom)
2023-03-07 04:41:05,418 INFO  server.RaftServerConfigKeys (ConfUtils.java:logGet(46)) - raft.server.rpc.timeout.max = 600ms (custom)
2023-03-07 04:41:05,418 INFO  server.RaftServer (ConfUtils.java:logGet(46)) - raft.rpc.type = GRPC (default)
2023-03-07 04:41:05,418 INFO  grpc.GrpcConfigKeys (ConfUtils.java:logFallback(53)) - raft.grpc.admin.host = null (fallback to raft.grpc.server.host)
2023-03-07 04:41:05,418 INFO  grpc.GrpcConfigKeys (ConfUtils.java:logFallback(53)) - raft.grpc.admin.port = 37997 (fallback to raft.grpc.server.port)
2023-03-07 04:41:05,418 INFO  grpc.GrpcConfigKeys (ConfUtils.java:logFallback(53)) - raft.grpc.client.host = null (fallback to raft.grpc.server.host)
2023-03-07 04:41:05,418 INFO  grpc.GrpcConfigKeys (ConfUtils.java:logFallback(53)) - raft.grpc.client.port = 37997 (fallback to raft.grpc.server.port)
2023-03-07 04:41:05,418 INFO  grpc.GrpcConfigKeys (ConfUtils.java:logGet(46)) - raft.grpc.server.host = null (default)
2023-03-07 04:41:05,418 INFO  grpc.GrpcConfigKeys (ConfUtils.java:logGet(46)) - raft.grpc.server.port = 37997 (custom)
2023-03-07 04:41:05,418 INFO  server.GrpcService (ConfUtils.java:logGet(46)) - raft.grpc.message.size.max = 64MB (=67108864) (default)
2023-03-07 04:41:05,418 INFO  server.RaftServerConfigKeys (ConfUtils.java:logGet(46)) - raft.server.log.appender.buffer.byte-limit = 4MB (=4194304) (default)
2023-03-07 04:41:05,418 INFO  server.GrpcService (ConfUtils.java:logGet(46)) - raft.grpc.flow.control.window = 1MB (=1048576) (default)
2023-03-07 04:41:05,418 INFO  server.RaftServerConfigKeys (ConfUtils.java:logGet(46)) - raft.server.rpc.request.timeout = 3000ms (default)
2023-03-07 04:41:05,418 INFO  grpc.GrpcConfigKeys (ConfUtils.java:logGet(46)) - raft.grpc.server.heartbeat.channel = true (default)
2023-03-07 04:41:05,418 INFO  grpc.GrpcConfigKeys (ConfUtils.java:logGet(46)) - raft.grpc.server.async.request.thread.pool.cached = true (default)
2023-03-07 04:41:05,418 INFO  grpc.GrpcConfigKeys (ConfUtils.java:logGet(46)) - raft.grpc.server.async.request.thread.pool.size = 32 (default)
2023-03-07 04:41:05,419 INFO  impl.DataStreamServerImpl (ConfUtils.java:logGet(46)) - raft.datastream.type = DISABLED (default)
2023-03-07 04:41:05,419 INFO  server.RaftServerConfigKeys (ConfUtils.java:logGet(46)) - raft.server.threadpool.proxy.cached = true (default)
2023-03-07 04:41:05,419 INFO  server.RaftServerConfigKeys (ConfUtils.java:logGet(46)) - raft.server.threadpool.proxy.size = 0 (default)
2023-03-07 04:41:05,419 INFO  server.RaftServerConfigKeys (ConfUtils.java:logGet(46)) - raft.server.rpc.slowness.timeout = 60s (default)
2023-03-07 04:41:05,419 INFO  server.RaftServerConfigKeys (ConfUtils.java:logGet(46)) - raft.server.leaderelection.leader.step-down.wait-time = 10s (default)
2023-03-07 04:41:05,419 INFO  server.RaftServerConfigKeys (ConfUtils.java:logGet(46)) - raft.server.storage.dir = [/home/runner/work/ratis/ratis/ratis-examples/target/test/data/fa33b8e4/MiniRaftClusterWithGrpc428a8d48/s2] (custom)
2023-03-07 04:41:05,419 INFO  server.RaftServerConfigKeys (ConfUtils.java:logGet(46)) - raft.server.rpc.sleep.time = 25ms (default)
2023-03-07 04:41:05,419 INFO  server.RaftServerConfigKeys (ConfUtils.java:logGet(46)) - raft.server.rpc.slowness.timeout = 60s (default)
2023-03-07 04:41:05,419 INFO  server.RaftServerConfigKeys (ConfUtils.java:logGet(46)) - raft.server.leaderelection.leader.step-down.wait-time = 10s (default)
2023-03-07 04:41:05,419 INFO  server.RaftServerConfigKeys (ConfUtils.java:logGet(46)) - raft.server.sleep.deviation.threshold = 300ms (default)
2023-03-07 04:41:05,419 INFO  server.RaftServer$Division (ServerState.java:<init>(113)) - s1@group-CC7C26FA9352: ConfigurationManager, init=-1: peers:[]|listeners:[], old=null, confs=<EMPTY_MAP>
2023-03-07 04:41:05,419 INFO  server.RaftServerConfigKeys (ConfUtils.java:logGet(46)) - raft.server.notification.no-leader.timeout = 60s (default)
2023-03-07 04:41:05,419 INFO  server.RaftServerConfigKeys (ConfUtils.java:logGet(46)) - raft.server.read.timeout = 10s (default)
2023-03-07 04:41:05,419 INFO  server.RaftServerConfigKeys (ConfUtils.java:logGet(46)) - raft.server.retrycache.expirytime = 60s (default)
2023-03-07 04:41:05,419 INFO  server.RaftServerConfigKeys (ConfUtils.java:logGet(46)) - raft.server.retrycache.statistics.expirytime = 100μs (default)
2023-03-07 04:41:05,420 INFO  server.RaftServerConfigKeys (ConfUtils.java:logGet(46)) - raft.server.read.option = DEFAULT (default)
2023-03-07 04:41:05,421 INFO  server.RaftServerConfigKeys (ConfUtils.java:logGet(46)) - raft.server.log.appender.install.snapshot.enabled = true (default)
2023-03-07 04:41:05,421 INFO  server.RaftServerConfigKeys (ConfUtils.java:logGet(46)) - raft.server.threadpool.server.cached = true (default)
2023-03-07 04:41:05,421 INFO  server.RaftServerConfigKeys (ConfUtils.java:logGet(46)) - raft.server.threadpool.server.size = 0 (default)
2023-03-07 04:41:05,421 INFO  server.RaftServerConfigKeys (ConfUtils.java:logGet(46)) - raft.server.threadpool.client.cached = true (default)
2023-03-07 04:41:05,421 INFO  server.RaftServerConfigKeys (ConfUtils.java:logGet(46)) - raft.server.threadpool.client.size = 0 (default)
2023-03-07 04:41:05,424 INFO  server.RaftServerConfigKeys (ConfUtils.java:logGet(46)) - raft.server.rpc.timeout.min = 300ms (custom)
2023-03-07 04:41:05,424 INFO  server.RaftServerConfigKeys (ConfUtils.java:logGet(46)) - raft.server.rpc.timeout.max = 600ms (custom)
2023-03-07 04:41:05,424 INFO  server.RaftServerConfigKeys (ConfUtils.java:logGet(46)) - raft.server.rpc.sleep.time = 25ms (default)
2023-03-07 04:41:05,424 INFO  server.RaftServerConfigKeys (ConfUtils.java:logGet(46)) - raft.server.rpc.slowness.timeout = 60s (default)
2023-03-07 04:41:05,424 INFO  server.RaftServerConfigKeys (ConfUtils.java:logGet(46)) - raft.server.leaderelection.leader.step-down.wait-time = 10s (default)
2023-03-07 04:41:05,424 INFO  server.RaftServerConfigKeys (ConfUtils.java:logGet(46)) - raft.server.sleep.deviation.threshold = 300ms (default)
2023-03-07 04:41:05,424 INFO  server.RaftServer$Division (ServerState.java:<init>(113)) - s0@group-CC7C26FA9352: ConfigurationManager, init=-1: peers:[]|listeners:[], old=null, confs=<EMPTY_MAP>
2023-03-07 04:41:05,424 INFO  server.RaftServerConfigKeys (ConfUtils.java:logGet(46)) - raft.server.notification.no-leader.timeout = 60s (default)
2023-03-07 04:41:05,424 INFO  server.RaftServerConfigKeys (ConfUtils.java:logGet(46)) - raft.server.read.timeout = 10s (default)
2023-03-07 04:41:05,424 INFO  server.RaftServerConfigKeys (ConfUtils.java:logGet(46)) - raft.server.retrycache.expirytime = 60s (default)
2023-03-07 04:41:05,424 INFO  server.RaftServerConfigKeys (ConfUtils.java:logGet(46)) - raft.server.retrycache.statistics.expirytime = 100μs (default)
2023-03-07 04:41:05,424 INFO  server.RaftServerConfigKeys (ConfUtils.java:logGet(46)) - raft.server.read.option = DEFAULT (default)
2023-03-07 04:41:05,425 INFO  server.RaftServerConfigKeys (ConfUtils.java:logGet(46)) - raft.server.log.appender.install.snapshot.enabled = true (default)
2023-03-07 04:41:05,425 INFO  server.RaftServerConfigKeys (ConfUtils.java:logGet(46)) - raft.server.threadpool.server.cached = true (default)
2023-03-07 04:41:05,425 INFO  server.RaftServerConfigKeys (ConfUtils.java:logGet(46)) - raft.server.threadpool.server.size = 0 (default)
2023-03-07 04:41:05,425 INFO  server.RaftServerConfigKeys (ConfUtils.java:logGet(46)) - raft.server.threadpool.client.cached = true (default)
2023-03-07 04:41:05,425 INFO  server.RaftServerConfigKeys (ConfUtils.java:logGet(46)) - raft.server.threadpool.client.size = 0 (default)
2023-03-07 04:41:05,425 INFO  server.RaftServer (RaftServerProxy.java:addNew(99)) - s2: addNew group-CC7C26FA9352:[] returns group-CC7C26FA9352:java.util.concurrent.CompletableFuture@4edf60bd[Not completed]
2023-03-07 04:41:05,426 INFO  impl.MiniRaftCluster (MiniRaftCluster.java:newRaftServer(382)) - newRaftServer: s3, group-CC7C26FA9352:[], format? true
2023-03-07 04:41:05,426 TRACE util.FileUtils (FileUtils.java:deleteFully(201)) - deleteFully target/test/data/fa33b8e4/MiniRaftClusterWithGrpc428a8d48/s3
2023-03-07 04:41:05,426 TRACE util.FileUtils (FileUtils.java:deleteFully(217)) - deleteFully: target/test/data/fa33b8e4/MiniRaftClusterWithGrpc428a8d48/s3 does not exist.
2023-03-07 04:41:05,426 INFO  impl.MiniRaftCluster (MiniRaftCluster.java:newRaftServer(387)) - Formatted directory target/test/data/fa33b8e4/MiniRaftClusterWithGrpc428a8d48/s3
2023-03-07 04:41:05,426 INFO  server.RaftServer (ConfUtils.java:logGet(46)) - raft.rpc.type = GRPC (default)
2023-03-07 04:41:05,426 INFO  grpc.GrpcConfigKeys (ConfUtils.java:logFallback(53)) - raft.grpc.admin.host = null (fallback to raft.grpc.server.host)
2023-03-07 04:41:05,426 INFO  grpc.GrpcConfigKeys (ConfUtils.java:logFallback(53)) - raft.grpc.admin.port = 37997 (fallback to raft.grpc.server.port)
2023-03-07 04:41:05,426 INFO  grpc.GrpcConfigKeys (ConfUtils.java:logFallback(53)) - raft.grpc.client.host = null (fallback to raft.grpc.server.host)
2023-03-07 04:41:05,426 INFO  grpc.GrpcConfigKeys (ConfUtils.java:logFallback(53)) - raft.grpc.client.port = 37997 (fallback to raft.grpc.server.port)
2023-03-07 04:41:05,426 INFO  grpc.GrpcConfigKeys (ConfUtils.java:logGet(46)) - raft.grpc.server.host = null (default)
2023-03-07 04:41:05,426 INFO  grpc.GrpcConfigKeys (ConfUtils.java:logGet(46)) - raft.grpc.server.port = 37997 (custom)
2023-03-07 04:41:05,427 INFO  server.GrpcService (ConfUtils.java:logGet(46)) - raft.grpc.message.size.max = 64MB (=67108864) (default)
2023-03-07 04:41:05,427 INFO  server.RaftServerConfigKeys (ConfUtils.java:logGet(46)) - raft.server.log.appender.buffer.byte-limit = 4MB (=4194304) (default)
2023-03-07 04:41:05,427 INFO  server.GrpcService (ConfUtils.java:logGet(46)) - raft.grpc.flow.control.window = 1MB (=1048576) (default)
2023-03-07 04:41:05,427 INFO  server.RaftServerConfigKeys (ConfUtils.java:logGet(46)) - raft.server.rpc.request.timeout = 3000ms (default)
2023-03-07 04:41:05,427 INFO  grpc.GrpcConfigKeys (ConfUtils.java:logGet(46)) - raft.grpc.server.heartbeat.channel = true (default)
2023-03-07 04:41:05,427 INFO  grpc.GrpcConfigKeys (ConfUtils.java:logGet(46)) - raft.grpc.server.async.request.thread.pool.cached = true (default)
2023-03-07 04:41:05,427 INFO  grpc.GrpcConfigKeys (ConfUtils.java:logGet(46)) - raft.grpc.server.async.request.thread.pool.size = 32 (default)
2023-03-07 04:41:05,427 INFO  impl.DataStreamServerImpl (ConfUtils.java:logGet(46)) - raft.datastream.type = DISABLED (default)
2023-03-07 04:41:05,427 INFO  server.RaftServerConfigKeys (ConfUtils.java:logGet(46)) - raft.server.threadpool.proxy.cached = true (default)
2023-03-07 04:41:05,427 INFO  server.RaftServerConfigKeys (ConfUtils.java:logGet(46)) - raft.server.threadpool.proxy.size = 0 (default)
2023-03-07 04:41:05,427 INFO  server.RaftServerConfigKeys (ConfUtils.java:logGet(46)) - raft.server.rpc.slowness.timeout = 60s (default)
2023-03-07 04:41:05,427 INFO  server.RaftServerConfigKeys (ConfUtils.java:logGet(46)) - raft.server.leaderelection.leader.step-down.wait-time = 10s (default)
2023-03-07 04:41:05,427 INFO  server.RaftServerConfigKeys (ConfUtils.java:logGet(46)) - raft.server.storage.dir = [/home/runner/work/ratis/ratis/ratis-examples/target/test/data/fa33b8e4/MiniRaftClusterWithGrpc428a8d48/s3] (custom)
2023-03-07 04:41:05,428 INFO  server.RaftServer$Division (RaftServerImpl.java:<init>(198)) - s2: new RaftServerImpl for group-CC7C26FA9352:[] with ArithmeticStateMachine:uninitialized
2023-03-07 04:41:05,428 INFO  server.RaftServerConfigKeys (ConfUtils.java:logGet(46)) - raft.server.rpc.timeout.min = 300ms (custom)
2023-03-07 04:41:05,428 INFO  server.RaftServerConfigKeys (ConfUtils.java:logGet(46)) - raft.server.rpc.timeout.max = 600ms (custom)
2023-03-07 04:41:05,428 INFO  server.RaftServerConfigKeys (ConfUtils.java:logGet(46)) - raft.server.rpc.sleep.time = 25ms (default)
2023-03-07 04:41:05,428 INFO  server.RaftServerConfigKeys (ConfUtils.java:logGet(46)) - raft.server.rpc.slowness.timeout = 60s (default)
2023-03-07 04:41:05,428 INFO  server.RaftServerConfigKeys (ConfUtils.java:logGet(46)) - raft.server.leaderelection.leader.step-down.wait-time = 10s (default)
2023-03-07 04:41:05,428 INFO  server.RaftServerConfigKeys (ConfUtils.java:logGet(46)) - raft.server.sleep.deviation.threshold = 300ms (default)
2023-03-07 04:41:05,428 INFO  server.RaftServer$Division (ServerState.java:<init>(113)) - s2@group-CC7C26FA9352: ConfigurationManager, init=-1: peers:[]|listeners:[], old=null, confs=<EMPTY_MAP>
2023-03-07 04:41:05,428 INFO  server.RaftServerConfigKeys (ConfUtils.java:logGet(46)) - raft.server.notification.no-leader.timeout = 60s (default)
2023-03-07 04:41:05,428 INFO  server.RaftServerConfigKeys (ConfUtils.java:logGet(46)) - raft.server.read.timeout = 10s (default)
2023-03-07 04:41:05,428 INFO  server.RaftServerConfigKeys (ConfUtils.java:logGet(46)) - raft.server.retrycache.expirytime = 60s (default)
2023-03-07 04:41:05,428 INFO  server.RaftServerConfigKeys (ConfUtils.java:logGet(46)) - raft.server.retrycache.statistics.expirytime = 100μs (default)
2023-03-07 04:41:05,428 INFO  server.RaftServerConfigKeys (ConfUtils.java:logGet(46)) - raft.server.read.option = DEFAULT (default)
2023-03-07 04:41:05,429 INFO  server.RaftServerConfigKeys (ConfUtils.java:logGet(46)) - raft.server.log.appender.install.snapshot.enabled = true (default)
2023-03-07 04:41:05,429 INFO  server.RaftServerConfigKeys (ConfUtils.java:logGet(46)) - raft.server.threadpool.server.cached = true (default)
2023-03-07 04:41:05,429 INFO  server.RaftServerConfigKeys (ConfUtils.java:logGet(46)) - raft.server.threadpool.server.size = 0 (default)
2023-03-07 04:41:05,429 INFO  server.RaftServerConfigKeys (ConfUtils.java:logGet(46)) - raft.server.threadpool.client.cached = true (default)
2023-03-07 04:41:05,429 INFO  server.RaftServerConfigKeys (ConfUtils.java:logGet(46)) - raft.server.threadpool.client.size = 0 (default)
2023-03-07 04:41:05,430 INFO  server.RaftServer (RaftServerProxy.java:addNew(99)) - s3: addNew group-CC7C26FA9352:[] returns group-CC7C26FA9352:java.util.concurrent.CompletableFuture@63529846[Not completed]
2023-03-07 04:41:05,430 INFO  impl.MiniRaftCluster (MiniRaftCluster.java:newRaftServer(382)) - newRaftServer: s4, group-CC7C26FA9352:[], format? true
2023-03-07 04:41:05,430 TRACE util.FileUtils (FileUtils.java:deleteFully(201)) - deleteFully target/test/data/fa33b8e4/MiniRaftClusterWithGrpc428a8d48/s4
2023-03-07 04:41:05,430 TRACE util.FileUtils (FileUtils.java:deleteFully(217)) - deleteFully: target/test/data/fa33b8e4/MiniRaftClusterWithGrpc428a8d48/s4 does not exist.
2023-03-07 04:41:05,430 INFO  impl.MiniRaftCluster (MiniRaftCluster.java:newRaftServer(387)) - Formatted directory target/test/data/fa33b8e4/MiniRaftClusterWithGrpc428a8d48/s4
2023-03-07 04:41:05,430 INFO  server.RaftServer (ConfUtils.java:logGet(46)) - raft.rpc.type = GRPC (default)
2023-03-07 04:41:05,430 INFO  grpc.GrpcConfigKeys (ConfUtils.java:logFallback(53)) - raft.grpc.admin.host = null (fallback to raft.grpc.server.host)
2023-03-07 04:41:05,430 INFO  grpc.GrpcConfigKeys (ConfUtils.java:logFallback(53)) - raft.grpc.admin.port = 38011 (fallback to raft.grpc.server.port)
2023-03-07 04:41:05,439 INFO  grpc.GrpcConfigKeys (ConfUtils.java:logFallback(53)) - raft.grpc.client.host = null (fallback to raft.grpc.server.host)
2023-03-07 04:41:05,439 INFO  grpc.GrpcConfigKeys (ConfUtils.java:logFallback(53)) - raft.grpc.client.port = 38011 (fallback to raft.grpc.server.port)
2023-03-07 04:41:05,439 INFO  grpc.GrpcConfigKeys (ConfUtils.java:logGet(46)) - raft.grpc.server.host = null (default)
2023-03-07 04:41:05,439 INFO  grpc.GrpcConfigKeys (ConfUtils.java:logGet(46)) - raft.grpc.server.port = 38011 (custom)
2023-03-07 04:41:05,439 INFO  server.GrpcService (ConfUtils.java:logGet(46)) - raft.grpc.message.size.max = 64MB (=67108864) (default)
2023-03-07 04:41:05,439 INFO  server.RaftServerConfigKeys (ConfUtils.java:logGet(46)) - raft.server.log.appender.buffer.byte-limit = 4MB (=4194304) (default)
2023-03-07 04:41:05,439 INFO  server.GrpcService (ConfUtils.java:logGet(46)) - raft.grpc.flow.control.window = 1MB (=1048576) (default)
2023-03-07 04:41:05,439 INFO  server.RaftServerConfigKeys (ConfUtils.java:logGet(46)) - raft.server.rpc.request.timeout = 3000ms (default)
2023-03-07 04:41:05,439 INFO  grpc.GrpcConfigKeys (ConfUtils.java:logGet(46)) - raft.grpc.server.heartbeat.channel = true (default)
2023-03-07 04:41:05,439 INFO  grpc.GrpcConfigKeys (ConfUtils.java:logGet(46)) - raft.grpc.server.async.request.thread.pool.cached = true (default)
2023-03-07 04:41:05,439 INFO  grpc.GrpcConfigKeys (ConfUtils.java:logGet(46)) - raft.grpc.server.async.request.thread.pool.size = 32 (default)
2023-03-07 04:41:05,439 INFO  impl.DataStreamServerImpl (ConfUtils.java:logGet(46)) - raft.datastream.type = DISABLED (default)
2023-03-07 04:41:05,440 INFO  server.RaftServerConfigKeys (ConfUtils.java:logGet(46)) - raft.server.threadpool.proxy.cached = true (default)
2023-03-07 04:41:05,440 INFO  server.RaftServerConfigKeys (ConfUtils.java:logGet(46)) - raft.server.threadpool.proxy.size = 0 (default)
2023-03-07 04:41:05,440 INFO  server.RaftServerConfigKeys (ConfUtils.java:logGet(46)) - raft.server.rpc.slowness.timeout = 60s (default)
2023-03-07 04:41:05,440 INFO  server.RaftServerConfigKeys (ConfUtils.java:logGet(46)) - raft.server.leaderelection.leader.step-down.wait-time = 10s (default)
2023-03-07 04:41:05,440 INFO  server.RaftServerConfigKeys (ConfUtils.java:logGet(46)) - raft.server.storage.dir = [/home/runner/work/ratis/ratis/ratis-examples/target/test/data/fa33b8e4/MiniRaftClusterWithGrpc428a8d48/s4] (custom)
2023-03-07 04:41:05,440 INFO  server.RaftServer$Division (RaftServerImpl.java:<init>(198)) - s3: new RaftServerImpl for group-CC7C26FA9352:[] with ArithmeticStateMachine:uninitialized
2023-03-07 04:41:05,440 INFO  server.RaftServerConfigKeys (ConfUtils.java:logGet(46)) - raft.server.rpc.timeout.min = 300ms (custom)
2023-03-07 04:41:05,440 INFO  server.RaftServerConfigKeys (ConfUtils.java:logGet(46)) - raft.server.rpc.timeout.max = 600ms (custom)
2023-03-07 04:41:05,440 INFO  server.RaftServerConfigKeys (ConfUtils.java:logGet(46)) - raft.server.rpc.sleep.time = 25ms (default)
2023-03-07 04:41:05,440 INFO  server.RaftServerConfigKeys (ConfUtils.java:logGet(46)) - raft.server.rpc.slowness.timeout = 60s (default)
2023-03-07 04:41:05,440 INFO  server.RaftServerConfigKeys (ConfUtils.java:logGet(46)) - raft.server.leaderelection.leader.step-down.wait-time = 10s (default)
2023-03-07 04:41:05,440 INFO  server.RaftServerConfigKeys (ConfUtils.java:logGet(46)) - raft.server.sleep.deviation.threshold = 300ms (default)
2023-03-07 04:41:05,440 INFO  server.RaftServer$Division (ServerState.java:<init>(113)) - s3@group-CC7C26FA9352: ConfigurationManager, init=-1: peers:[]|listeners:[], old=null, confs=<EMPTY_MAP>
2023-03-07 04:41:05,440 INFO  server.RaftServerConfigKeys (ConfUtils.java:logGet(46)) - raft.server.notification.no-leader.timeout = 60s (default)
2023-03-07 04:41:05,441 INFO  server.RaftServerConfigKeys (ConfUtils.java:logGet(46)) - raft.server.read.timeout = 10s (default)
2023-03-07 04:41:05,441 INFO  server.RaftServerConfigKeys (ConfUtils.java:logGet(46)) - raft.server.retrycache.expirytime = 60s (default)
2023-03-07 04:41:05,441 INFO  server.RaftServerConfigKeys (ConfUtils.java:logGet(46)) - raft.server.retrycache.statistics.expirytime = 100μs (default)
2023-03-07 04:41:05,441 INFO  server.RaftServerConfigKeys (ConfUtils.java:logGet(46)) - raft.server.read.option = DEFAULT (default)
2023-03-07 04:41:05,442 INFO  server.RaftServerConfigKeys (ConfUtils.java:logGet(46)) - raft.server.log.appender.install.snapshot.enabled = true (default)
2023-03-07 04:41:05,442 INFO  server.RaftServerConfigKeys (ConfUtils.java:logGet(46)) - raft.server.threadpool.server.cached = true (default)
2023-03-07 04:41:05,442 INFO  server.RaftServerConfigKeys (ConfUtils.java:logGet(46)) - raft.server.threadpool.server.size = 0 (default)
2023-03-07 04:41:05,442 INFO  server.RaftServerConfigKeys (ConfUtils.java:logGet(46)) - raft.server.threadpool.client.cached = true (default)
2023-03-07 04:41:05,442 INFO  server.RaftServerConfigKeys (ConfUtils.java:logGet(46)) - raft.server.threadpool.client.size = 0 (default)
2023-03-07 04:41:05,447 INFO  server.RaftServer (RaftServerProxy.java:addNew(99)) - s4: addNew group-CC7C26FA9352:[] returns group-CC7C26FA9352:java.util.concurrent.CompletableFuture@51b62e30[Not completed]
2023-03-07 04:41:05,447 INFO  impl.MiniRaftCluster (MiniRaftCluster.java:newRaftServer(382)) - newRaftServer: s5, group-CC7C26FA9352:[], format? true
2023-03-07 04:41:05,447 TRACE util.FileUtils (FileUtils.java:deleteFully(201)) - deleteFully target/test/data/fa33b8e4/MiniRaftClusterWithGrpc428a8d48/s5
2023-03-07 04:41:05,447 TRACE util.FileUtils (FileUtils.java:deleteFully(217)) - deleteFully: target/test/data/fa33b8e4/MiniRaftClusterWithGrpc428a8d48/s5 does not exist.
2023-03-07 04:41:05,447 INFO  impl.MiniRaftCluster (MiniRaftCluster.java:newRaftServer(387)) - Formatted directory target/test/data/fa33b8e4/MiniRaftClusterWithGrpc428a8d48/s5
2023-03-07 04:41:05,447 INFO  server.RaftServer (ConfUtils.java:logGet(46)) - raft.rpc.type = GRPC (default)
2023-03-07 04:41:05,447 INFO  grpc.GrpcConfigKeys (ConfUtils.java:logFallback(53)) - raft.grpc.admin.host = null (fallback to raft.grpc.server.host)
2023-03-07 04:41:05,447 INFO  grpc.GrpcConfigKeys (ConfUtils.java:logFallback(53)) - raft.grpc.admin.port = 38365 (fallback to raft.grpc.server.port)
2023-03-07 04:41:05,447 INFO  grpc.GrpcConfigKeys (ConfUtils.java:logFallback(53)) - raft.grpc.client.host = null (fallback to raft.grpc.server.host)
2023-03-07 04:41:05,447 INFO  grpc.GrpcConfigKeys (ConfUtils.java:logFallback(53)) - raft.grpc.client.port = 38365 (fallback to raft.grpc.server.port)
2023-03-07 04:41:05,447 INFO  grpc.GrpcConfigKeys (ConfUtils.java:logGet(46)) - raft.grpc.server.host = null (default)
2023-03-07 04:41:05,447 INFO  grpc.GrpcConfigKeys (ConfUtils.java:logGet(46)) - raft.grpc.server.port = 38365 (custom)
2023-03-07 04:41:05,447 INFO  server.GrpcService (ConfUtils.java:logGet(46)) - raft.grpc.message.size.max = 64MB (=67108864) (default)
2023-03-07 04:41:05,447 INFO  server.RaftServerConfigKeys (ConfUtils.java:logGet(46)) - raft.server.log.appender.buffer.byte-limit = 4MB (=4194304) (default)
2023-03-07 04:41:05,447 INFO  server.GrpcService (ConfUtils.java:logGet(46)) - raft.grpc.flow.control.window = 1MB (=1048576) (default)
2023-03-07 04:41:05,447 INFO  server.RaftServerConfigKeys (ConfUtils.java:logGet(46)) - raft.server.rpc.request.timeout = 3000ms (default)
2023-03-07 04:41:05,447 INFO  grpc.GrpcConfigKeys (ConfUtils.java:logGet(46)) - raft.grpc.server.heartbeat.channel = true (default)
2023-03-07 04:41:05,447 INFO  grpc.GrpcConfigKeys (ConfUtils.java:logGet(46)) - raft.grpc.server.async.request.thread.pool.cached = true (default)
2023-03-07 04:41:05,448 INFO  grpc.GrpcConfigKeys (ConfUtils.java:logGet(46)) - raft.grpc.server.async.request.thread.pool.size = 32 (default)
2023-03-07 04:41:05,448 INFO  impl.DataStreamServerImpl (ConfUtils.java:logGet(46)) - raft.datastream.type = DISABLED (default)
2023-03-07 04:41:05,448 INFO  server.RaftServerConfigKeys (ConfUtils.java:logGet(46)) - raft.server.threadpool.proxy.cached = true (default)
2023-03-07 04:41:05,448 INFO  server.RaftServerConfigKeys (ConfUtils.java:logGet(46)) - raft.server.threadpool.proxy.size = 0 (default)
2023-03-07 04:41:05,448 INFO  server.RaftServerConfigKeys (ConfUtils.java:logGet(46)) - raft.server.rpc.slowness.timeout = 60s (default)
2023-03-07 04:41:05,448 INFO  server.RaftServerConfigKeys (ConfUtils.java:logGet(46)) - raft.server.leaderelection.leader.step-down.wait-time = 10s (default)
2023-03-07 04:41:05,449 INFO  server.RaftServerConfigKeys (ConfUtils.java:logGet(46)) - raft.server.storage.dir = [/home/runner/work/ratis/ratis/ratis-examples/target/test/data/fa33b8e4/MiniRaftClusterWithGrpc428a8d48/s5] (custom)
2023-03-07 04:41:05,449 INFO  server.RaftServer$Division (RaftServerImpl.java:<init>(198)) - s4: new RaftServerImpl for group-CC7C26FA9352:[] with ArithmeticStateMachine:uninitialized
2023-03-07 04:41:05,449 INFO  server.RaftServerConfigKeys (ConfUtils.java:logGet(46)) - raft.server.rpc.timeout.min = 300ms (custom)
2023-03-07 04:41:05,449 INFO  server.RaftServerConfigKeys (ConfUtils.java:logGet(46)) - raft.server.rpc.timeout.max = 600ms (custom)
2023-03-07 04:41:05,449 INFO  server.RaftServerConfigKeys (ConfUtils.java:logGet(46)) - raft.server.rpc.sleep.time = 25ms (default)
2023-03-07 04:41:05,449 INFO  server.RaftServerConfigKeys (ConfUtils.java:logGet(46)) - raft.server.rpc.slowness.timeout = 60s (default)
2023-03-07 04:41:05,449 INFO  server.RaftServerConfigKeys (ConfUtils.java:logGet(46)) - raft.server.leaderelection.leader.step-down.wait-time = 10s (default)
2023-03-07 04:41:05,449 INFO  server.RaftServerConfigKeys (ConfUtils.java:logGet(46)) - raft.server.sleep.deviation.threshold = 300ms (default)
2023-03-07 04:41:05,449 INFO  server.RaftServer$Division (ServerState.java:<init>(113)) - s4@group-CC7C26FA9352: ConfigurationManager, init=-1: peers:[]|listeners:[], old=null, confs=<EMPTY_MAP>
2023-03-07 04:41:05,449 INFO  server.RaftServerConfigKeys (ConfUtils.java:logGet(46)) - raft.server.notification.no-leader.timeout = 60s (default)
2023-03-07 04:41:05,450 INFO  server.RaftServerConfigKeys (ConfUtils.java:logGet(46)) - raft.server.read.timeout = 10s (default)
2023-03-07 04:41:05,450 INFO  server.RaftServerConfigKeys (ConfUtils.java:logGet(46)) - raft.server.retrycache.expirytime = 60s (default)
2023-03-07 04:41:05,450 INFO  server.RaftServerConfigKeys (ConfUtils.java:logGet(46)) - raft.server.retrycache.statistics.expirytime = 100μs (default)
2023-03-07 04:41:05,450 INFO  server.RaftServerConfigKeys (ConfUtils.java:logGet(46)) - raft.server.read.option = DEFAULT (default)
2023-03-07 04:41:05,451 INFO  server.RaftServerConfigKeys (ConfUtils.java:logGet(46)) - raft.server.log.appender.install.snapshot.enabled = true (default)
2023-03-07 04:41:05,451 INFO  server.RaftServerConfigKeys (ConfUtils.java:logGet(46)) - raft.server.threadpool.server.cached = true (default)
2023-03-07 04:41:05,451 INFO  server.RaftServerConfigKeys (ConfUtils.java:logGet(46)) - raft.server.threadpool.server.size = 0 (default)
2023-03-07 04:41:05,451 INFO  server.RaftServerConfigKeys (ConfUtils.java:logGet(46)) - raft.server.threadpool.client.cached = true (default)
2023-03-07 04:41:05,451 INFO  server.RaftServerConfigKeys (ConfUtils.java:logGet(46)) - raft.server.threadpool.client.size = 0 (default)
2023-03-07 04:41:05,452 INFO  server.RaftServer (RaftServerProxy.java:addNew(99)) - s5: addNew group-CC7C26FA9352:[] returns group-CC7C26FA9352:java.util.concurrent.CompletableFuture@2ae7d168[Not completed]
2023-03-07 04:41:05,452 INFO  impl.MiniRaftCluster (MiniRaftCluster.java:newRaftServer(382)) - newRaftServer: s6, group-CC7C26FA9352:[], format? true
2023-03-07 04:41:05,452 TRACE util.FileUtils (FileUtils.java:deleteFully(201)) - deleteFully target/test/data/fa33b8e4/MiniRaftClusterWithGrpc428a8d48/s6
2023-03-07 04:41:05,452 TRACE util.FileUtils (FileUtils.java:deleteFully(217)) - deleteFully: target/test/data/fa33b8e4/MiniRaftClusterWithGrpc428a8d48/s6 does not exist.
2023-03-07 04:41:05,452 INFO  impl.MiniRaftCluster (MiniRaftCluster.java:newRaftServer(387)) - Formatted directory target/test/data/fa33b8e4/MiniRaftClusterWithGrpc428a8d48/s6
2023-03-07 04:41:05,452 INFO  server.RaftServer$Division (RaftServerImpl.java:<init>(198)) - s5: new RaftServerImpl for group-CC7C26FA9352:[] with ArithmeticStateMachine:uninitialized
2023-03-07 04:41:05,452 INFO  server.RaftServerConfigKeys (ConfUtils.java:logGet(46)) - raft.server.rpc.timeout.min = 300ms (custom)
2023-03-07 04:41:05,452 INFO  server.RaftServerConfigKeys (ConfUtils.java:logGet(46)) - raft.server.rpc.timeout.max = 600ms (custom)
2023-03-07 04:41:05,452 INFO  server.RaftServerConfigKeys (ConfUtils.java:logGet(46)) - raft.server.rpc.sleep.time = 25ms (default)
2023-03-07 04:41:05,452 INFO  server.RaftServerConfigKeys (ConfUtils.java:logGet(46)) - raft.server.rpc.slowness.timeout = 60s (default)
2023-03-07 04:41:05,452 INFO  server.RaftServerConfigKeys (ConfUtils.java:logGet(46)) - raft.server.leaderelection.leader.step-down.wait-time = 10s (default)
2023-03-07 04:41:05,452 INFO  server.RaftServerConfigKeys (ConfUtils.java:logGet(46)) - raft.server.sleep.deviation.threshold = 300ms (default)
2023-03-07 04:41:05,452 INFO  server.RaftServer (ConfUtils.java:logGet(46)) - raft.rpc.type = GRPC (default)
2023-03-07 04:41:05,452 INFO  server.RaftServer$Division (ServerState.java:<init>(113)) - s5@group-CC7C26FA9352: ConfigurationManager, init=-1: peers:[]|listeners:[], old=null, confs=<EMPTY_MAP>
2023-03-07 04:41:05,452 INFO  grpc.GrpcConfigKeys (ConfUtils.java:logFallback(53)) - raft.grpc.admin.host = null (fallback to raft.grpc.server.host)
2023-03-07 04:41:05,452 INFO  grpc.GrpcConfigKeys (ConfUtils.java:logFallback(53)) - raft.grpc.admin.port = 45099 (fallback to raft.grpc.server.port)
2023-03-07 04:41:05,452 INFO  grpc.GrpcConfigKeys (ConfUtils.java:logFallback(53)) - raft.grpc.client.host = null (fallback to raft.grpc.server.host)
2023-03-07 04:41:05,452 INFO  grpc.GrpcConfigKeys (ConfUtils.java:logFallback(53)) - raft.grpc.client.port = 45099 (fallback to raft.grpc.server.port)
2023-03-07 04:41:05,452 INFO  grpc.GrpcConfigKeys (ConfUtils.java:logGet(46)) - raft.grpc.server.host = null (default)
2023-03-07 04:41:05,452 INFO  grpc.GrpcConfigKeys (ConfUtils.java:logGet(46)) - raft.grpc.server.port = 45099 (custom)
2023-03-07 04:41:05,453 INFO  server.GrpcService (ConfUtils.java:logGet(46)) - raft.grpc.message.size.max = 64MB (=67108864) (default)
2023-03-07 04:41:05,453 INFO  server.RaftServerConfigKeys (ConfUtils.java:logGet(46)) - raft.server.log.appender.buffer.byte-limit = 4MB (=4194304) (default)
2023-03-07 04:41:05,453 INFO  server.GrpcService (ConfUtils.java:logGet(46)) - raft.grpc.flow.control.window = 1MB (=1048576) (default)
2023-03-07 04:41:05,453 INFO  server.RaftServerConfigKeys (ConfUtils.java:logGet(46)) - raft.server.rpc.request.timeout = 3000ms (default)
2023-03-07 04:41:05,453 INFO  grpc.GrpcConfigKeys (ConfUtils.java:logGet(46)) - raft.grpc.server.heartbeat.channel = true (default)
2023-03-07 04:41:05,453 INFO  grpc.GrpcConfigKeys (ConfUtils.java:logGet(46)) - raft.grpc.server.async.request.thread.pool.cached = true (default)
2023-03-07 04:41:05,453 INFO  grpc.GrpcConfigKeys (ConfUtils.java:logGet(46)) - raft.grpc.server.async.request.thread.pool.size = 32 (default)
2023-03-07 04:41:05,453 INFO  impl.DataStreamServerImpl (ConfUtils.java:logGet(46)) - raft.datastream.type = DISABLED (default)
2023-03-07 04:41:05,453 INFO  server.RaftServerConfigKeys (ConfUtils.java:logGet(46)) - raft.server.threadpool.proxy.cached = true (default)
2023-03-07 04:41:05,453 INFO  server.RaftServerConfigKeys (ConfUtils.java:logGet(46)) - raft.server.threadpool.proxy.size = 0 (default)
2023-03-07 04:41:05,453 INFO  server.RaftServerConfigKeys (ConfUtils.java:logGet(46)) - raft.server.rpc.slowness.timeout = 60s (default)
2023-03-07 04:41:05,453 INFO  server.RaftServerConfigKeys (ConfUtils.java:logGet(46)) - raft.server.leaderelection.leader.step-down.wait-time = 10s (default)
2023-03-07 04:41:05,453 INFO  server.RaftServerConfigKeys (ConfUtils.java:logGet(46)) - raft.server.storage.dir = [/home/runner/work/ratis/ratis/ratis-examples/target/test/data/fa33b8e4/MiniRaftClusterWithGrpc428a8d48/s6] (custom)
2023-03-07 04:41:05,452 INFO  server.RaftServerConfigKeys (ConfUtils.java:logGet(46)) - raft.server.notification.no-leader.timeout = 60s (default)
2023-03-07 04:41:05,454 INFO  server.RaftServerConfigKeys (ConfUtils.java:logGet(46)) - raft.server.read.timeout = 10s (default)
2023-03-07 04:41:05,454 INFO  server.RaftServerConfigKeys (ConfUtils.java:logGet(46)) - raft.server.retrycache.expirytime = 60s (default)
2023-03-07 04:41:05,454 INFO  server.RaftServerConfigKeys (ConfUtils.java:logGet(46)) - raft.server.retrycache.statistics.expirytime = 100μs (default)
2023-03-07 04:41:05,454 INFO  server.RaftServerConfigKeys (ConfUtils.java:logGet(46)) - raft.server.read.option = DEFAULT (default)
2023-03-07 04:41:05,454 INFO  server.RaftServer (RaftServerProxy.java:addNew(99)) - s6: addNew group-CC7C26FA9352:[] returns group-CC7C26FA9352:java.util.concurrent.CompletableFuture@4f300cbb[Not completed]
2023-03-07 04:41:05,454 INFO  impl.MiniRaftCluster (MiniRaftCluster.java:newRaftServer(382)) - newRaftServer: s7, group-CC7C26FA9352:[], format? true
2023-03-07 04:41:05,454 TRACE util.FileUtils (FileUtils.java:deleteFully(201)) - deleteFully target/test/data/fa33b8e4/MiniRaftClusterWithGrpc428a8d48/s7
2023-03-07 04:41:05,454 INFO  server.RaftServer$Division (RaftServerImpl.java:<init>(198)) - s6: new RaftServerImpl for group-CC7C26FA9352:[] with ArithmeticStateMachine:uninitialized
2023-03-07 04:41:05,454 TRACE util.FileUtils (FileUtils.java:deleteFully(217)) - deleteFully: target/test/data/fa33b8e4/MiniRaftClusterWithGrpc428a8d48/s7 does not exist.
2023-03-07 04:41:05,454 INFO  impl.MiniRaftCluster (MiniRaftCluster.java:newRaftServer(387)) - Formatted directory target/test/data/fa33b8e4/MiniRaftClusterWithGrpc428a8d48/s7
2023-03-07 04:41:05,454 INFO  server.RaftServerConfigKeys (ConfUtils.java:logGet(46)) - raft.server.rpc.timeout.min = 300ms (custom)
2023-03-07 04:41:05,454 INFO  server.RaftServer (ConfUtils.java:logGet(46)) - raft.rpc.type = GRPC (default)
2023-03-07 04:41:05,454 INFO  grpc.GrpcConfigKeys (ConfUtils.java:logFallback(53)) - raft.grpc.admin.host = null (fallback to raft.grpc.server.host)
2023-03-07 04:41:05,454 INFO  grpc.GrpcConfigKeys (ConfUtils.java:logFallback(53)) - raft.grpc.admin.port = 39807 (fallback to raft.grpc.server.port)
2023-03-07 04:41:05,454 INFO  grpc.GrpcConfigKeys (ConfUtils.java:logFallback(53)) - raft.grpc.client.host = null (fallback to raft.grpc.server.host)
2023-03-07 04:41:05,454 INFO  grpc.GrpcConfigKeys (ConfUtils.java:logFallback(53)) - raft.grpc.client.port = 39807 (fallback to raft.grpc.server.port)
2023-03-07 04:41:05,454 INFO  grpc.GrpcConfigKeys (ConfUtils.java:logGet(46)) - raft.grpc.server.host = null (default)
2023-03-07 04:41:05,454 INFO  grpc.GrpcConfigKeys (ConfUtils.java:logGet(46)) - raft.grpc.server.port = 39807 (custom)
2023-03-07 04:41:05,454 INFO  server.GrpcService (ConfUtils.java:logGet(46)) - raft.grpc.message.size.max = 64MB (=67108864) (default)
2023-03-07 04:41:05,454 INFO  server.RaftServerConfigKeys (ConfUtils.java:logGet(46)) - raft.server.log.appender.buffer.byte-limit = 4MB (=4194304) (default)
2023-03-07 04:41:05,454 INFO  server.GrpcService (ConfUtils.java:logGet(46)) - raft.grpc.flow.control.window = 1MB (=1048576) (default)
2023-03-07 04:41:05,455 INFO  server.RaftServerConfigKeys (ConfUtils.java:logGet(46)) - raft.server.rpc.request.timeout = 3000ms (default)
2023-03-07 04:41:05,455 INFO  grpc.GrpcConfigKeys (ConfUtils.java:logGet(46)) - raft.grpc.server.heartbeat.channel = true (default)
2023-03-07 04:41:05,455 INFO  grpc.GrpcConfigKeys (ConfUtils.java:logGet(46)) - raft.grpc.server.async.request.thread.pool.cached = true (default)
2023-03-07 04:41:05,455 INFO  grpc.GrpcConfigKeys (ConfUtils.java:logGet(46)) - raft.grpc.server.async.request.thread.pool.size = 32 (default)
2023-03-07 04:41:05,455 INFO  impl.DataStreamServerImpl (ConfUtils.java:logGet(46)) - raft.datastream.type = DISABLED (default)
2023-03-07 04:41:05,455 INFO  server.RaftServerConfigKeys (ConfUtils.java:logGet(46)) - raft.server.threadpool.proxy.cached = true (default)
2023-03-07 04:41:05,455 INFO  server.RaftServerConfigKeys (ConfUtils.java:logGet(46)) - raft.server.threadpool.proxy.size = 0 (default)
2023-03-07 04:41:05,455 INFO  server.RaftServerConfigKeys (ConfUtils.java:logGet(46)) - raft.server.rpc.slowness.timeout = 60s (default)
2023-03-07 04:41:05,455 INFO  server.RaftServerConfigKeys (ConfUtils.java:logGet(46)) - raft.server.leaderelection.leader.step-down.wait-time = 10s (default)
2023-03-07 04:41:05,455 INFO  server.RaftServerConfigKeys (ConfUtils.java:logGet(46)) - raft.server.storage.dir = [/home/runner/work/ratis/ratis/ratis-examples/target/test/data/fa33b8e4/MiniRaftClusterWithGrpc428a8d48/s7] (custom)
2023-03-07 04:41:05,456 INFO  server.RaftServerConfigKeys (ConfUtils.java:logGet(46)) - raft.server.log.appender.install.snapshot.enabled = true (default)
2023-03-07 04:41:05,457 INFO  server.RaftServerConfigKeys (ConfUtils.java:logGet(46)) - raft.server.threadpool.server.cached = true (default)
2023-03-07 04:41:05,457 INFO  server.RaftServerConfigKeys (ConfUtils.java:logGet(46)) - raft.server.threadpool.server.size = 0 (default)
2023-03-07 04:41:05,457 INFO  server.RaftServerConfigKeys (ConfUtils.java:logGet(46)) - raft.server.threadpool.client.cached = true (default)
2023-03-07 04:41:05,457 INFO  server.RaftServerConfigKeys (ConfUtils.java:logGet(46)) - raft.server.threadpool.client.size = 0 (default)
2023-03-07 04:41:05,457 INFO  server.RaftServer (RaftServerProxy.java:addNew(99)) - s7: addNew group-CC7C26FA9352:[] returns group-CC7C26FA9352:java.util.concurrent.CompletableFuture@3f1531b6[Not completed]
2023-03-07 04:41:05,457 INFO  impl.MiniRaftCluster (MiniRaftCluster.java:newRaftServer(382)) - newRaftServer: s8, group-CC7C26FA9352:[], format? true
2023-03-07 04:41:05,457 TRACE util.FileUtils (FileUtils.java:deleteFully(201)) - deleteFully target/test/data/fa33b8e4/MiniRaftClusterWithGrpc428a8d48/s8
2023-03-07 04:41:05,457 TRACE util.FileUtils (FileUtils.java:deleteFully(217)) - deleteFully: target/test/data/fa33b8e4/MiniRaftClusterWithGrpc428a8d48/s8 does not exist.
2023-03-07 04:41:05,457 INFO  impl.MiniRaftCluster (MiniRaftCluster.java:newRaftServer(387)) - Formatted directory target/test/data/fa33b8e4/MiniRaftClusterWithGrpc428a8d48/s8
2023-03-07 04:41:05,457 INFO  server.RaftServer (ConfUtils.java:logGet(46)) - raft.rpc.type = GRPC (default)
2023-03-07 04:41:05,457 INFO  grpc.GrpcConfigKeys (ConfUtils.java:logFallback(53)) - raft.grpc.admin.host = null (fallback to raft.grpc.server.host)
2023-03-07 04:41:05,457 INFO  grpc.GrpcConfigKeys (ConfUtils.java:logFallback(53)) - raft.grpc.admin.port = 46697 (fallback to raft.grpc.server.port)
2023-03-07 04:41:05,457 INFO  grpc.GrpcConfigKeys (ConfUtils.java:logFallback(53)) - raft.grpc.client.host = null (fallback to raft.grpc.server.host)
2023-03-07 04:41:05,457 INFO  grpc.GrpcConfigKeys (ConfUtils.java:logFallback(53)) - raft.grpc.client.port = 46697 (fallback to raft.grpc.server.port)
2023-03-07 04:41:05,457 INFO  grpc.GrpcConfigKeys (ConfUtils.java:logGet(46)) - raft.grpc.server.host = null (default)
2023-03-07 04:41:05,457 INFO  grpc.GrpcConfigKeys (ConfUtils.java:logGet(46)) - raft.grpc.server.port = 46697 (custom)
2023-03-07 04:41:05,457 INFO  server.GrpcService (ConfUtils.java:logGet(46)) - raft.grpc.message.size.max = 64MB (=67108864) (default)
2023-03-07 04:41:05,457 INFO  server.RaftServerConfigKeys (ConfUtils.java:logGet(46)) - raft.server.log.appender.buffer.byte-limit = 4MB (=4194304) (default)
2023-03-07 04:41:05,457 INFO  server.GrpcService (ConfUtils.java:logGet(46)) - raft.grpc.flow.control.window = 1MB (=1048576) (default)
2023-03-07 04:41:05,457 INFO  server.RaftServerConfigKeys (ConfUtils.java:logGet(46)) - raft.server.rpc.request.timeout = 3000ms (default)
2023-03-07 04:41:05,457 INFO  grpc.GrpcConfigKeys (ConfUtils.java:logGet(46)) - raft.grpc.server.heartbeat.channel = true (default)
2023-03-07 04:41:05,457 INFO  grpc.GrpcConfigKeys (ConfUtils.java:logGet(46)) - raft.grpc.server.async.request.thread.pool.cached = true (default)
2023-03-07 04:41:05,458 INFO  grpc.GrpcConfigKeys (ConfUtils.java:logGet(46)) - raft.grpc.server.async.request.thread.pool.size = 32 (default)
2023-03-07 04:41:05,458 INFO  impl.DataStreamServerImpl (ConfUtils.java:logGet(46)) - raft.datastream.type = DISABLED (default)
2023-03-07 04:41:05,458 INFO  server.RaftServerConfigKeys (ConfUtils.java:logGet(46)) - raft.server.threadpool.proxy.cached = true (default)
2023-03-07 04:41:05,458 INFO  server.RaftServerConfigKeys (ConfUtils.java:logGet(46)) - raft.server.threadpool.proxy.size = 0 (default)
2023-03-07 04:41:05,458 INFO  server.RaftServerConfigKeys (ConfUtils.java:logGet(46)) - raft.server.rpc.slowness.timeout = 60s (default)
2023-03-07 04:41:05,458 INFO  server.RaftServerConfigKeys (ConfUtils.java:logGet(46)) - raft.server.leaderelection.leader.step-down.wait-time = 10s (default)
2023-03-07 04:41:05,458 INFO  server.RaftServerConfigKeys (ConfUtils.java:logGet(46)) - raft.server.storage.dir = [/home/runner/work/ratis/ratis/ratis-examples/target/test/data/fa33b8e4/MiniRaftClusterWithGrpc428a8d48/s8] (custom)
2023-03-07 04:41:05,463 INFO  server.RaftServer$Division (RaftServerImpl.java:<init>(198)) - s7: new RaftServerImpl for group-CC7C26FA9352:[] with ArithmeticStateMachine:uninitialized
2023-03-07 04:41:05,463 INFO  server.RaftServerConfigKeys (ConfUtils.java:logGet(46)) - raft.server.rpc.timeout.min = 300ms (custom)
2023-03-07 04:41:05,463 INFO  server.RaftServerConfigKeys (ConfUtils.java:logGet(46)) - raft.server.rpc.timeout.max = 600ms (custom)
2023-03-07 04:41:05,463 INFO  server.RaftServerConfigKeys (ConfUtils.java:logGet(46)) - raft.server.rpc.sleep.time = 25ms (default)
2023-03-07 04:41:05,463 INFO  server.RaftServerConfigKeys (ConfUtils.java:logGet(46)) - raft.server.rpc.slowness.timeout = 60s (default)
2023-03-07 04:41:05,463 INFO  server.RaftServerConfigKeys (ConfUtils.java:logGet(46)) - raft.server.leaderelection.leader.step-down.wait-time = 10s (default)
2023-03-07 04:41:05,463 INFO  server.RaftServerConfigKeys (ConfUtils.java:logGet(46)) - raft.server.sleep.deviation.threshold = 300ms (default)
2023-03-07 04:41:05,463 INFO  server.RaftServer$Division (ServerState.java:<init>(113)) - s7@group-CC7C26FA9352: ConfigurationManager, init=-1: peers:[]|listeners:[], old=null, confs=<EMPTY_MAP>
2023-03-07 04:41:05,463 INFO  server.RaftServerConfigKeys (ConfUtils.java:logGet(46)) - raft.server.notification.no-leader.timeout = 60s (default)
2023-03-07 04:41:05,463 INFO  server.RaftServerConfigKeys (ConfUtils.java:logGet(46)) - raft.server.read.timeout = 10s (default)
2023-03-07 04:41:05,463 INFO  server.RaftServerConfigKeys (ConfUtils.java:logGet(46)) - raft.server.retrycache.expirytime = 60s (default)
2023-03-07 04:41:05,463 INFO  server.RaftServerConfigKeys (ConfUtils.java:logGet(46)) - raft.server.retrycache.statistics.expirytime = 100μs (default)
2023-03-07 04:41:05,463 INFO  server.RaftServerConfigKeys (ConfUtils.java:logGet(46)) - raft.server.read.option = DEFAULT (default)
2023-03-07 04:41:05,463 INFO  server.RaftServerConfigKeys (ConfUtils.java:logGet(46)) - raft.server.rpc.timeout.max = 600ms (custom)
2023-03-07 04:41:05,465 INFO  server.RaftServerConfigKeys (ConfUtils.java:logGet(46)) - raft.server.rpc.sleep.time = 25ms (default)
2023-03-07 04:41:05,465 INFO  server.RaftServerConfigKeys (ConfUtils.java:logGet(46)) - raft.server.rpc.slowness.timeout = 60s (default)
2023-03-07 04:41:05,465 INFO  server.RaftServerConfigKeys (ConfUtils.java:logGet(46)) - raft.server.leaderelection.leader.step-down.wait-time = 10s (default)
2023-03-07 04:41:05,466 INFO  server.RaftServerConfigKeys (ConfUtils.java:logGet(46)) - raft.server.sleep.deviation.threshold = 300ms (default)
2023-03-07 04:41:05,466 INFO  server.RaftServer$Division (ServerState.java:<init>(113)) - s6@group-CC7C26FA9352: ConfigurationManager, init=-1: peers:[]|listeners:[], old=null, confs=<EMPTY_MAP>
2023-03-07 04:41:05,466 INFO  server.RaftServerConfigKeys (ConfUtils.java:logGet(46)) - raft.server.notification.no-leader.timeout = 60s (default)
2023-03-07 04:41:05,466 INFO  server.RaftServerConfigKeys (ConfUtils.java:logGet(46)) - raft.server.read.timeout = 10s (default)
2023-03-07 04:41:05,466 INFO  server.RaftServerConfigKeys (ConfUtils.java:logGet(46)) - raft.server.retrycache.expirytime = 60s (default)
2023-03-07 04:41:05,466 INFO  server.RaftServerConfigKeys (ConfUtils.java:logGet(46)) - raft.server.retrycache.statistics.expirytime = 100μs (default)
2023-03-07 04:41:05,466 INFO  server.RaftServerConfigKeys (ConfUtils.java:logGet(46)) - raft.server.read.option = DEFAULT (default)
2023-03-07 04:41:05,467 INFO  server.RaftServerConfigKeys (ConfUtils.java:logGet(46)) - raft.server.log.appender.install.snapshot.enabled = true (default)
2023-03-07 04:41:05,467 INFO  server.RaftServerConfigKeys (ConfUtils.java:logGet(46)) - raft.server.threadpool.server.cached = true (default)
2023-03-07 04:41:05,467 INFO  server.RaftServerConfigKeys (ConfUtils.java:logGet(46)) - raft.server.threadpool.server.size = 0 (default)
2023-03-07 04:41:05,467 INFO  server.RaftServerConfigKeys (ConfUtils.java:logGet(46)) - raft.server.threadpool.client.cached = true (default)
2023-03-07 04:41:05,467 INFO  server.RaftServerConfigKeys (ConfUtils.java:logGet(46)) - raft.server.threadpool.client.size = 0 (default)
2023-03-07 04:41:05,468 INFO  server.RaftServerConfigKeys (ConfUtils.java:logGet(46)) - raft.server.log.appender.install.snapshot.enabled = true (default)
2023-03-07 04:41:05,468 INFO  server.RaftServerConfigKeys (ConfUtils.java:logGet(46)) - raft.server.threadpool.server.cached = true (default)
2023-03-07 04:41:05,468 INFO  server.RaftServerConfigKeys (ConfUtils.java:logGet(46)) - raft.server.threadpool.server.size = 0 (default)
2023-03-07 04:41:05,468 INFO  server.RaftServerConfigKeys (ConfUtils.java:logGet(46)) - raft.server.threadpool.client.cached = true (default)
2023-03-07 04:41:05,468 INFO  server.RaftServerConfigKeys (ConfUtils.java:logGet(46)) - raft.server.threadpool.client.size = 0 (default)
2023-03-07 04:41:05,472 INFO  server.RaftServer (RaftServerProxy.java:addNew(99)) - s8: addNew group-CC7C26FA9352:[] returns group-CC7C26FA9352:java.util.concurrent.CompletableFuture@7d25ff44[Not completed]
2023-03-07 04:41:05,472 INFO  impl.MiniRaftCluster (MiniRaftCluster.java:newRaftServer(382)) - newRaftServer: s9, group-CC7C26FA9352:[], format? true
2023-03-07 04:41:05,472 TRACE util.FileUtils (FileUtils.java:deleteFully(201)) - deleteFully target/test/data/fa33b8e4/MiniRaftClusterWithGrpc428a8d48/s9
2023-03-07 04:41:05,472 TRACE util.FileUtils (FileUtils.java:deleteFully(217)) - deleteFully: target/test/data/fa33b8e4/MiniRaftClusterWithGrpc428a8d48/s9 does not exist.
2023-03-07 04:41:05,472 INFO  impl.MiniRaftCluster (MiniRaftCluster.java:newRaftServer(387)) - Formatted directory target/test/data/fa33b8e4/MiniRaftClusterWithGrpc428a8d48/s9
2023-03-07 04:41:05,472 INFO  server.RaftServer (ConfUtils.java:logGet(46)) - raft.rpc.type = GRPC (default)
2023-03-07 04:41:05,472 INFO  grpc.GrpcConfigKeys (ConfUtils.java:logFallback(53)) - raft.grpc.admin.host = null (fallback to raft.grpc.server.host)
2023-03-07 04:41:05,472 INFO  grpc.GrpcConfigKeys (ConfUtils.java:logFallback(53)) - raft.grpc.admin.port = 40503 (fallback to raft.grpc.server.port)
2023-03-07 04:41:05,472 INFO  grpc.GrpcConfigKeys (ConfUtils.java:logFallback(53)) - raft.grpc.client.host = null (fallback to raft.grpc.server.host)
2023-03-07 04:41:05,472 INFO  grpc.GrpcConfigKeys (ConfUtils.java:logFallback(53)) - raft.grpc.client.port = 40503 (fallback to raft.grpc.server.port)
2023-03-07 04:41:05,472 INFO  grpc.GrpcConfigKeys (ConfUtils.java:logGet(46)) - raft.grpc.server.host = null (default)
2023-03-07 04:41:05,472 INFO  grpc.GrpcConfigKeys (ConfUtils.java:logGet(46)) - raft.grpc.server.port = 40503 (custom)
2023-03-07 04:41:05,472 INFO  server.GrpcService (ConfUtils.java:logGet(46)) - raft.grpc.message.size.max = 64MB (=67108864) (default)
2023-03-07 04:41:05,472 INFO  server.RaftServerConfigKeys (ConfUtils.java:logGet(46)) - raft.server.log.appender.buffer.byte-limit = 4MB (=4194304) (default)
2023-03-07 04:41:05,472 INFO  server.GrpcService (ConfUtils.java:logGet(46)) - raft.grpc.flow.control.window = 1MB (=1048576) (default)
2023-03-07 04:41:05,472 INFO  server.RaftServerConfigKeys (ConfUtils.java:logGet(46)) - raft.server.rpc.request.timeout = 3000ms (default)
2023-03-07 04:41:05,472 INFO  grpc.GrpcConfigKeys (ConfUtils.java:logGet(46)) - raft.grpc.server.heartbeat.channel = true (default)
2023-03-07 04:41:05,472 INFO  grpc.GrpcConfigKeys (ConfUtils.java:logGet(46)) - raft.grpc.server.async.request.thread.pool.cached = true (default)
2023-03-07 04:41:05,472 INFO  grpc.GrpcConfigKeys (ConfUtils.java:logGet(46)) - raft.grpc.server.async.request.thread.pool.size = 32 (default)
2023-03-07 04:41:05,473 INFO  impl.DataStreamServerImpl (ConfUtils.java:logGet(46)) - raft.datastream.type = DISABLED (default)
2023-03-07 04:41:05,473 INFO  server.RaftServerConfigKeys (ConfUtils.java:logGet(46)) - raft.server.threadpool.proxy.cached = true (default)
2023-03-07 04:41:05,473 INFO  server.RaftServerConfigKeys (ConfUtils.java:logGet(46)) - raft.server.threadpool.proxy.size = 0 (default)
2023-03-07 04:41:05,473 INFO  server.RaftServerConfigKeys (ConfUtils.java:logGet(46)) - raft.server.rpc.slowness.timeout = 60s (default)
2023-03-07 04:41:05,473 INFO  server.RaftServerConfigKeys (ConfUtils.java:logGet(46)) - raft.server.leaderelection.leader.step-down.wait-time = 10s (default)
2023-03-07 04:41:05,473 INFO  server.RaftServerConfigKeys (ConfUtils.java:logGet(46)) - raft.server.storage.dir = [/home/runner/work/ratis/ratis/ratis-examples/target/test/data/fa33b8e4/MiniRaftClusterWithGrpc428a8d48/s9] (custom)
2023-03-07 04:41:05,474 INFO  server.RaftServer$Division (RaftServerImpl.java:<init>(198)) - s8: new RaftServerImpl for group-CC7C26FA9352:[] with ArithmeticStateMachine:uninitialized
2023-03-07 04:41:05,474 INFO  server.RaftServerConfigKeys (ConfUtils.java:logGet(46)) - raft.server.rpc.timeout.min = 300ms (custom)
2023-03-07 04:41:05,474 INFO  server.RaftServerConfigKeys (ConfUtils.java:logGet(46)) - raft.server.rpc.timeout.max = 600ms (custom)
2023-03-07 04:41:05,474 INFO  server.RaftServerConfigKeys (ConfUtils.java:logGet(46)) - raft.server.rpc.sleep.time = 25ms (default)
2023-03-07 04:41:05,474 INFO  server.RaftServerConfigKeys (ConfUtils.java:logGet(46)) - raft.server.rpc.slowness.timeout = 60s (default)
2023-03-07 04:41:05,474 INFO  server.RaftServerConfigKeys (ConfUtils.java:logGet(46)) - raft.server.leaderelection.leader.step-down.wait-time = 10s (default)
2023-03-07 04:41:05,474 INFO  server.RaftServerConfigKeys (ConfUtils.java:logGet(46)) - raft.server.sleep.deviation.threshold = 300ms (default)
2023-03-07 04:41:05,474 INFO  server.RaftServer$Division (ServerState.java:<init>(113)) - s8@group-CC7C26FA9352: ConfigurationManager, init=-1: peers:[]|listeners:[], old=null, confs=<EMPTY_MAP>
2023-03-07 04:41:05,474 INFO  server.RaftServerConfigKeys (ConfUtils.java:logGet(46)) - raft.server.notification.no-leader.timeout = 60s (default)
2023-03-07 04:41:05,474 INFO  server.RaftServerConfigKeys (ConfUtils.java:logGet(46)) - raft.server.read.timeout = 10s (default)
2023-03-07 04:41:05,474 INFO  server.RaftServerConfigKeys (ConfUtils.java:logGet(46)) - raft.server.retrycache.expirytime = 60s (default)
2023-03-07 04:41:05,474 INFO  server.RaftServerConfigKeys (ConfUtils.java:logGet(46)) - raft.server.retrycache.statistics.expirytime = 100μs (default)
2023-03-07 04:41:05,475 INFO  server.RaftServerConfigKeys (ConfUtils.java:logGet(46)) - raft.server.read.option = DEFAULT (default)
2023-03-07 04:41:05,476 INFO  server.RaftServerConfigKeys (ConfUtils.java:logGet(46)) - raft.server.log.appender.install.snapshot.enabled = true (default)
2023-03-07 04:41:05,476 INFO  server.RaftServerConfigKeys (ConfUtils.java:logGet(46)) - raft.server.threadpool.server.cached = true (default)
2023-03-07 04:41:05,476 INFO  server.RaftServerConfigKeys (ConfUtils.java:logGet(46)) - raft.server.threadpool.server.size = 0 (default)
2023-03-07 04:41:05,476 INFO  server.RaftServerConfigKeys (ConfUtils.java:logGet(46)) - raft.server.threadpool.client.cached = true (default)
2023-03-07 04:41:05,476 INFO  server.RaftServerConfigKeys (ConfUtils.java:logGet(46)) - raft.server.threadpool.client.size = 0 (default)
2023-03-07 04:41:05,476 INFO  server.RaftServer (RaftServerProxy.java:addNew(99)) - s9: addNew group-CC7C26FA9352:[] returns group-CC7C26FA9352:java.util.concurrent.CompletableFuture@79f311be[Not completed]
2023-03-07 04:41:05,476 INFO  impl.MiniRaftCluster (MiniRaftCluster.java:newRaftServer(382)) - newRaftServer: s10, group-CC7C26FA9352:[], format? true
2023-03-07 04:41:05,476 TRACE util.FileUtils (FileUtils.java:deleteFully(201)) - deleteFully target/test/data/fa33b8e4/MiniRaftClusterWithGrpc428a8d48/s10
2023-03-07 04:41:05,476 TRACE util.FileUtils (FileUtils.java:deleteFully(217)) - deleteFully: target/test/data/fa33b8e4/MiniRaftClusterWithGrpc428a8d48/s10 does not exist.
2023-03-07 04:41:05,476 INFO  impl.MiniRaftCluster (MiniRaftCluster.java:newRaftServer(387)) - Formatted directory target/test/data/fa33b8e4/MiniRaftClusterWithGrpc428a8d48/s10
2023-03-07 04:41:05,476 INFO  server.RaftServer (ConfUtils.java:logGet(46)) - raft.rpc.type = GRPC (default)
2023-03-07 04:41:05,476 INFO  grpc.GrpcConfigKeys (ConfUtils.java:logFallback(53)) - raft.grpc.admin.host = null (fallback to raft.grpc.server.host)
2023-03-07 04:41:05,476 INFO  grpc.GrpcConfigKeys (ConfUtils.java:logFallback(53)) - raft.grpc.admin.port = 42347 (fallback to raft.grpc.server.port)
2023-03-07 04:41:05,476 INFO  grpc.GrpcConfigKeys (ConfUtils.java:logFallback(53)) - raft.grpc.client.host = null (fallback to raft.grpc.server.host)
2023-03-07 04:41:05,476 INFO  grpc.GrpcConfigKeys (ConfUtils.java:logFallback(53)) - raft.grpc.client.port = 42347 (fallback to raft.grpc.server.port)
2023-03-07 04:41:05,476 INFO  grpc.GrpcConfigKeys (ConfUtils.java:logGet(46)) - raft.grpc.server.host = null (default)
2023-03-07 04:41:05,477 INFO  grpc.GrpcConfigKeys (ConfUtils.java:logGet(46)) - raft.grpc.server.port = 42347 (custom)
2023-03-07 04:41:05,477 INFO  server.GrpcService (ConfUtils.java:logGet(46)) - raft.grpc.message.size.max = 64MB (=67108864) (default)
2023-03-07 04:41:05,477 INFO  server.RaftServerConfigKeys (ConfUtils.java:logGet(46)) - raft.server.log.appender.buffer.byte-limit = 4MB (=4194304) (default)
2023-03-07 04:41:05,477 INFO  server.GrpcService (ConfUtils.java:logGet(46)) - raft.grpc.flow.control.window = 1MB (=1048576) (default)
2023-03-07 04:41:05,477 INFO  server.RaftServerConfigKeys (ConfUtils.java:logGet(46)) - raft.server.rpc.request.timeout = 3000ms (default)
2023-03-07 04:41:05,477 INFO  grpc.GrpcConfigKeys (ConfUtils.java:logGet(46)) - raft.grpc.server.heartbeat.channel = true (default)
2023-03-07 04:41:05,477 INFO  grpc.GrpcConfigKeys (ConfUtils.java:logGet(46)) - raft.grpc.server.async.request.thread.pool.cached = true (default)
2023-03-07 04:41:05,477 INFO  grpc.GrpcConfigKeys (ConfUtils.java:logGet(46)) - raft.grpc.server.async.request.thread.pool.size = 32 (default)
2023-03-07 04:41:05,477 INFO  impl.DataStreamServerImpl (ConfUtils.java:logGet(46)) - raft.datastream.type = DISABLED (default)
2023-03-07 04:41:05,477 INFO  server.RaftServerConfigKeys (ConfUtils.java:logGet(46)) - raft.server.threadpool.proxy.cached = true (default)
2023-03-07 04:41:05,477 INFO  server.RaftServerConfigKeys (ConfUtils.java:logGet(46)) - raft.server.threadpool.proxy.size = 0 (default)
2023-03-07 04:41:05,477 INFO  server.RaftServerConfigKeys (ConfUtils.java:logGet(46)) - raft.server.rpc.slowness.timeout = 60s (default)
2023-03-07 04:41:05,477 INFO  server.RaftServerConfigKeys (ConfUtils.java:logGet(46)) - raft.server.leaderelection.leader.step-down.wait-time = 10s (default)
2023-03-07 04:41:05,477 INFO  server.RaftServerConfigKeys (ConfUtils.java:logGet(46)) - raft.server.storage.dir = [/home/runner/work/ratis/ratis/ratis-examples/target/test/data/fa33b8e4/MiniRaftClusterWithGrpc428a8d48/s10] (custom)
2023-03-07 04:41:05,478 INFO  server.RaftServer$Division (RaftServerImpl.java:<init>(198)) - s9: new RaftServerImpl for group-CC7C26FA9352:[] with ArithmeticStateMachine:uninitialized
2023-03-07 04:41:05,478 INFO  server.RaftServerConfigKeys (ConfUtils.java:logGet(46)) - raft.server.rpc.timeout.min = 300ms (custom)
2023-03-07 04:41:05,478 INFO  server.RaftServerConfigKeys (ConfUtils.java:logGet(46)) - raft.server.rpc.timeout.max = 600ms (custom)
2023-03-07 04:41:05,478 INFO  server.RaftServerConfigKeys (ConfUtils.java:logGet(46)) - raft.server.rpc.sleep.time = 25ms (default)
2023-03-07 04:41:05,478 INFO  server.RaftServerConfigKeys (ConfUtils.java:logGet(46)) - raft.server.rpc.slowness.timeout = 60s (default)
2023-03-07 04:41:05,478 INFO  server.RaftServerConfigKeys (ConfUtils.java:logGet(46)) - raft.server.leaderelection.leader.step-down.wait-time = 10s (default)
2023-03-07 04:41:05,478 INFO  server.RaftServerConfigKeys (ConfUtils.java:logGet(46)) - raft.server.sleep.deviation.threshold = 300ms (default)
2023-03-07 04:41:05,478 INFO  server.RaftServer$Division (ServerState.java:<init>(113)) - s9@group-CC7C26FA9352: ConfigurationManager, init=-1: peers:[]|listeners:[], old=null, confs=<EMPTY_MAP>
2023-03-07 04:41:05,478 INFO  server.RaftServerConfigKeys (ConfUtils.java:logGet(46)) - raft.server.notification.no-leader.timeout = 60s (default)
2023-03-07 04:41:05,478 INFO  server.RaftServerConfigKeys (ConfUtils.java:logGet(46)) - raft.server.read.timeout = 10s (default)
2023-03-07 04:41:05,478 INFO  server.RaftServerConfigKeys (ConfUtils.java:logGet(46)) - raft.server.retrycache.expirytime = 60s (default)
2023-03-07 04:41:05,478 INFO  server.RaftServerConfigKeys (ConfUtils.java:logGet(46)) - raft.server.retrycache.statistics.expirytime = 100μs (default)
2023-03-07 04:41:05,478 INFO  server.RaftServerConfigKeys (ConfUtils.java:logGet(46)) - raft.server.read.option = DEFAULT (default)
2023-03-07 04:41:05,481 INFO  server.RaftServerConfigKeys (ConfUtils.java:logGet(46)) - raft.server.log.appender.install.snapshot.enabled = true (default)
2023-03-07 04:41:05,481 INFO  server.RaftServerConfigKeys (ConfUtils.java:logGet(46)) - raft.server.threadpool.server.cached = true (default)
2023-03-07 04:41:05,481 INFO  server.RaftServerConfigKeys (ConfUtils.java:logGet(46)) - raft.server.threadpool.server.size = 0 (default)
2023-03-07 04:41:05,481 INFO  server.RaftServerConfigKeys (ConfUtils.java:logGet(46)) - raft.server.threadpool.client.cached = true (default)
2023-03-07 04:41:05,481 INFO  server.RaftServerConfigKeys (ConfUtils.java:logGet(46)) - raft.server.threadpool.client.size = 0 (default)
2023-03-07 04:41:05,481 INFO  server.RaftServer (RaftServerProxy.java:addNew(99)) - s10: addNew group-CC7C26FA9352:[] returns group-CC7C26FA9352:java.util.concurrent.CompletableFuture@7837cefc[Not completed]
2023-03-07 04:41:05,481 INFO  impl.MiniRaftCluster (MiniRaftCluster.java:newRaftServer(382)) - newRaftServer: s11, group-CC7C26FA9352:[], format? true
2023-03-07 04:41:05,481 TRACE util.FileUtils (FileUtils.java:deleteFully(201)) - deleteFully target/test/data/fa33b8e4/MiniRaftClusterWithGrpc428a8d48/s11
2023-03-07 04:41:05,481 TRACE util.FileUtils (FileUtils.java:deleteFully(217)) - deleteFully: target/test/data/fa33b8e4/MiniRaftClusterWithGrpc428a8d48/s11 does not exist.
2023-03-07 04:41:05,481 INFO  impl.MiniRaftCluster (MiniRaftCluster.java:newRaftServer(387)) - Formatted directory target/test/data/fa33b8e4/MiniRaftClusterWithGrpc428a8d48/s11
2023-03-07 04:41:05,481 INFO  server.RaftServer (ConfUtils.java:logGet(46)) - raft.rpc.type = GRPC (default)
2023-03-07 04:41:05,481 INFO  grpc.GrpcConfigKeys (ConfUtils.java:logFallback(53)) - raft.grpc.admin.host = null (fallback to raft.grpc.server.host)
2023-03-07 04:41:05,481 INFO  grpc.GrpcConfigKeys (ConfUtils.java:logFallback(53)) - raft.grpc.admin.port = 40157 (fallback to raft.grpc.server.port)
2023-03-07 04:41:05,481 INFO  grpc.GrpcConfigKeys (ConfUtils.java:logFallback(53)) - raft.grpc.client.host = null (fallback to raft.grpc.server.host)
2023-03-07 04:41:05,481 INFO  grpc.GrpcConfigKeys (ConfUtils.java:logFallback(53)) - raft.grpc.client.port = 40157 (fallback to raft.grpc.server.port)
2023-03-07 04:41:05,481 INFO  grpc.GrpcConfigKeys (ConfUtils.java:logGet(46)) - raft.grpc.server.host = null (default)
2023-03-07 04:41:05,481 INFO  grpc.GrpcConfigKeys (ConfUtils.java:logGet(46)) - raft.grpc.server.port = 40157 (custom)
2023-03-07 04:41:05,482 INFO  server.GrpcService (ConfUtils.java:logGet(46)) - raft.grpc.message.size.max = 64MB (=67108864) (default)
2023-03-07 04:41:05,482 INFO  server.RaftServerConfigKeys (ConfUtils.java:logGet(46)) - raft.server.log.appender.buffer.byte-limit = 4MB (=4194304) (default)
2023-03-07 04:41:05,482 INFO  server.GrpcService (ConfUtils.java:logGet(46)) - raft.grpc.flow.control.window = 1MB (=1048576) (default)
2023-03-07 04:41:05,482 INFO  server.RaftServerConfigKeys (ConfUtils.java:logGet(46)) - raft.server.rpc.request.timeout = 3000ms (default)
2023-03-07 04:41:05,482 INFO  grpc.GrpcConfigKeys (ConfUtils.java:logGet(46)) - raft.grpc.server.heartbeat.channel = true (default)
2023-03-07 04:41:05,482 INFO  grpc.GrpcConfigKeys (ConfUtils.java:logGet(46)) - raft.grpc.server.async.request.thread.pool.cached = true (default)
2023-03-07 04:41:05,482 INFO  grpc.GrpcConfigKeys (ConfUtils.java:logGet(46)) - raft.grpc.server.async.request.thread.pool.size = 32 (default)
2023-03-07 04:41:05,482 INFO  impl.DataStreamServerImpl (ConfUtils.java:logGet(46)) - raft.datastream.type = DISABLED (default)
2023-03-07 04:41:05,482 INFO  server.RaftServerConfigKeys (ConfUtils.java:logGet(46)) - raft.server.threadpool.proxy.cached = true (default)
2023-03-07 04:41:05,482 INFO  server.RaftServerConfigKeys (ConfUtils.java:logGet(46)) - raft.server.threadpool.proxy.size = 0 (default)
2023-03-07 04:41:05,482 INFO  server.RaftServerConfigKeys (ConfUtils.java:logGet(46)) - raft.server.rpc.slowness.timeout = 60s (default)
2023-03-07 04:41:05,482 INFO  server.RaftServerConfigKeys (ConfUtils.java:logGet(46)) - raft.server.leaderelection.leader.step-down.wait-time = 10s (default)
2023-03-07 04:41:05,482 INFO  server.RaftServerConfigKeys (ConfUtils.java:logGet(46)) - raft.server.storage.dir = [/home/runner/work/ratis/ratis/ratis-examples/target/test/data/fa33b8e4/MiniRaftClusterWithGrpc428a8d48/s11] (custom)
2023-03-07 04:41:05,483 INFO  server.RaftServer$Division (RaftServerImpl.java:<init>(198)) - s10: new RaftServerImpl for group-CC7C26FA9352:[] with ArithmeticStateMachine:uninitialized
2023-03-07 04:41:05,483 INFO  server.RaftServerConfigKeys (ConfUtils.java:logGet(46)) - raft.server.rpc.timeout.min = 300ms (custom)
2023-03-07 04:41:05,483 INFO  server.RaftServerConfigKeys (ConfUtils.java:logGet(46)) - raft.server.rpc.timeout.max = 600ms (custom)
2023-03-07 04:41:05,483 INFO  server.RaftServerConfigKeys (ConfUtils.java:logGet(46)) - raft.server.rpc.sleep.time = 25ms (default)
2023-03-07 04:41:05,483 INFO  server.RaftServerConfigKeys (ConfUtils.java:logGet(46)) - raft.server.rpc.slowness.timeout = 60s (default)
2023-03-07 04:41:05,483 INFO  server.RaftServerConfigKeys (ConfUtils.java:logGet(46)) - raft.server.leaderelection.leader.step-down.wait-time = 10s (default)
2023-03-07 04:41:05,483 INFO  server.RaftServerConfigKeys (ConfUtils.java:logGet(46)) - raft.server.sleep.deviation.threshold = 300ms (default)
2023-03-07 04:41:05,483 INFO  server.RaftServer$Division (ServerState.java:<init>(113)) - s10@group-CC7C26FA9352: ConfigurationManager, init=-1: peers:[]|listeners:[], old=null, confs=<EMPTY_MAP>
2023-03-07 04:41:05,483 INFO  server.RaftServerConfigKeys (ConfUtils.java:logGet(46)) - raft.server.notification.no-leader.timeout = 60s (default)
2023-03-07 04:41:05,483 INFO  server.RaftServerConfigKeys (ConfUtils.java:logGet(46)) - raft.server.read.timeout = 10s (default)
2023-03-07 04:41:05,483 INFO  server.RaftServerConfigKeys (ConfUtils.java:logGet(46)) - raft.server.retrycache.expirytime = 60s (default)
2023-03-07 04:41:05,483 INFO  server.RaftServerConfigKeys (ConfUtils.java:logGet(46)) - raft.server.retrycache.statistics.expirytime = 100μs (default)
2023-03-07 04:41:05,483 INFO  server.RaftServerConfigKeys (ConfUtils.java:logGet(46)) - raft.server.read.option = DEFAULT (default)
2023-03-07 04:41:05,484 INFO  server.RaftServerConfigKeys (ConfUtils.java:logGet(46)) - raft.server.log.appender.install.snapshot.enabled = true (default)
2023-03-07 04:41:05,484 INFO  server.RaftServerConfigKeys (ConfUtils.java:logGet(46)) - raft.server.threadpool.server.cached = true (default)
2023-03-07 04:41:05,484 INFO  server.RaftServerConfigKeys (ConfUtils.java:logGet(46)) - raft.server.threadpool.server.size = 0 (default)
2023-03-07 04:41:05,484 INFO  server.RaftServerConfigKeys (ConfUtils.java:logGet(46)) - raft.server.threadpool.client.cached = true (default)
2023-03-07 04:41:05,484 INFO  server.RaftServerConfigKeys (ConfUtils.java:logGet(46)) - raft.server.threadpool.client.size = 0 (default)
2023-03-07 04:41:05,484 INFO  server.RaftServer (RaftServerProxy.java:addNew(99)) - s11: addNew group-CC7C26FA9352:[] returns group-CC7C26FA9352:java.util.concurrent.CompletableFuture@204ff2df[Not completed]
2023-03-07 04:41:05,485 INFO  impl.MiniRaftCluster (MiniRaftCluster.java:newRaftServer(382)) - newRaftServer: s12, group-CC7C26FA9352:[], format? true
2023-03-07 04:41:05,485 TRACE util.FileUtils (FileUtils.java:deleteFully(201)) - deleteFully target/test/data/fa33b8e4/MiniRaftClusterWithGrpc428a8d48/s12
2023-03-07 04:41:05,485 TRACE util.FileUtils (FileUtils.java:deleteFully(217)) - deleteFully: target/test/data/fa33b8e4/MiniRaftClusterWithGrpc428a8d48/s12 does not exist.
2023-03-07 04:41:05,485 INFO  impl.MiniRaftCluster (MiniRaftCluster.java:newRaftServer(387)) - Formatted directory target/test/data/fa33b8e4/MiniRaftClusterWithGrpc428a8d48/s12
2023-03-07 04:41:05,485 INFO  server.RaftServer (ConfUtils.java:logGet(46)) - raft.rpc.type = GRPC (default)
2023-03-07 04:41:05,485 INFO  grpc.GrpcConfigKeys (ConfUtils.java:logFallback(53)) - raft.grpc.admin.host = null (fallback to raft.grpc.server.host)
2023-03-07 04:41:05,485 INFO  grpc.GrpcConfigKeys (ConfUtils.java:logFallback(53)) - raft.grpc.admin.port = 38475 (fallback to raft.grpc.server.port)
2023-03-07 04:41:05,485 INFO  grpc.GrpcConfigKeys (ConfUtils.java:logFallback(53)) - raft.grpc.client.host = null (fallback to raft.grpc.server.host)
2023-03-07 04:41:05,485 INFO  grpc.GrpcConfigKeys (ConfUtils.java:logFallback(53)) - raft.grpc.client.port = 38475 (fallback to raft.grpc.server.port)
2023-03-07 04:41:05,485 INFO  grpc.GrpcConfigKeys (ConfUtils.java:logGet(46)) - raft.grpc.server.host = null (default)
2023-03-07 04:41:05,485 INFO  grpc.GrpcConfigKeys (ConfUtils.java:logGet(46)) - raft.grpc.server.port = 38475 (custom)
2023-03-07 04:41:05,485 INFO  server.GrpcService (ConfUtils.java:logGet(46)) - raft.grpc.message.size.max = 64MB (=67108864) (default)
2023-03-07 04:41:05,485 INFO  server.RaftServerConfigKeys (ConfUtils.java:logGet(46)) - raft.server.log.appender.buffer.byte-limit = 4MB (=4194304) (default)
2023-03-07 04:41:05,485 INFO  server.GrpcService (ConfUtils.java:logGet(46)) - raft.grpc.flow.control.window = 1MB (=1048576) (default)
2023-03-07 04:41:05,485 INFO  server.RaftServerConfigKeys (ConfUtils.java:logGet(46)) - raft.server.rpc.request.timeout = 3000ms (default)
2023-03-07 04:41:05,485 INFO  grpc.GrpcConfigKeys (ConfUtils.java:logGet(46)) - raft.grpc.server.heartbeat.channel = true (default)
2023-03-07 04:41:05,485 INFO  grpc.GrpcConfigKeys (ConfUtils.java:logGet(46)) - raft.grpc.server.async.request.thread.pool.cached = true (default)
2023-03-07 04:41:05,485 INFO  grpc.GrpcConfigKeys (ConfUtils.java:logGet(46)) - raft.grpc.server.async.request.thread.pool.size = 32 (default)
2023-03-07 04:41:05,486 INFO  impl.DataStreamServerImpl (ConfUtils.java:logGet(46)) - raft.datastream.type = DISABLED (default)
2023-03-07 04:41:05,486 INFO  server.RaftServerConfigKeys (ConfUtils.java:logGet(46)) - raft.server.threadpool.proxy.cached = true (default)
2023-03-07 04:41:05,486 INFO  server.RaftServerConfigKeys (ConfUtils.java:logGet(46)) - raft.server.threadpool.proxy.size = 0 (default)
2023-03-07 04:41:05,486 INFO  server.RaftServerConfigKeys (ConfUtils.java:logGet(46)) - raft.server.rpc.slowness.timeout = 60s (default)
2023-03-07 04:41:05,486 INFO  server.RaftServerConfigKeys (ConfUtils.java:logGet(46)) - raft.server.leaderelection.leader.step-down.wait-time = 10s (default)
2023-03-07 04:41:05,486 INFO  server.RaftServerConfigKeys (ConfUtils.java:logGet(46)) - raft.server.storage.dir = [/home/runner/work/ratis/ratis/ratis-examples/target/test/data/fa33b8e4/MiniRaftClusterWithGrpc428a8d48/s12] (custom)
2023-03-07 04:41:05,486 INFO  server.RaftServer$Division (RaftServerImpl.java:<init>(198)) - s11: new RaftServerImpl for group-CC7C26FA9352:[] with ArithmeticStateMachine:uninitialized
2023-03-07 04:41:05,486 INFO  server.RaftServerConfigKeys (ConfUtils.java:logGet(46)) - raft.server.rpc.timeout.min = 300ms (custom)
2023-03-07 04:41:05,486 INFO  server.RaftServerConfigKeys (ConfUtils.java:logGet(46)) - raft.server.rpc.timeout.max = 600ms (custom)
2023-03-07 04:41:05,486 INFO  server.RaftServerConfigKeys (ConfUtils.java:logGet(46)) - raft.server.rpc.sleep.time = 25ms (default)
2023-03-07 04:41:05,486 INFO  server.RaftServerConfigKeys (ConfUtils.java:logGet(46)) - raft.server.rpc.slowness.timeout = 60s (default)
2023-03-07 04:41:05,486 INFO  server.RaftServerConfigKeys (ConfUtils.java:logGet(46)) - raft.server.leaderelection.leader.step-down.wait-time = 10s (default)
2023-03-07 04:41:05,486 INFO  server.RaftServerConfigKeys (ConfUtils.java:logGet(46)) - raft.server.sleep.deviation.threshold = 300ms (default)
2023-03-07 04:41:05,486 INFO  server.RaftServer$Division (ServerState.java:<init>(113)) - s11@group-CC7C26FA9352: ConfigurationManager, init=-1: peers:[]|listeners:[], old=null, confs=<EMPTY_MAP>
2023-03-07 04:41:05,486 INFO  server.RaftServerConfigKeys (ConfUtils.java:logGet(46)) - raft.server.notification.no-leader.timeout = 60s (default)
2023-03-07 04:41:05,486 INFO  server.RaftServerConfigKeys (ConfUtils.java:logGet(46)) - raft.server.read.timeout = 10s (default)
2023-03-07 04:41:05,486 INFO  server.RaftServerConfigKeys (ConfUtils.java:logGet(46)) - raft.server.retrycache.expirytime = 60s (default)
2023-03-07 04:41:05,486 INFO  server.RaftServerConfigKeys (ConfUtils.java:logGet(46)) - raft.server.retrycache.statistics.expirytime = 100μs (default)
2023-03-07 04:41:05,487 INFO  server.RaftServerConfigKeys (ConfUtils.java:logGet(46)) - raft.server.read.option = DEFAULT (default)
2023-03-07 04:41:05,488 INFO  server.RaftServerConfigKeys (ConfUtils.java:logGet(46)) - raft.server.log.appender.install.snapshot.enabled = true (default)
2023-03-07 04:41:05,488 INFO  server.RaftServerConfigKeys (ConfUtils.java:logGet(46)) - raft.server.threadpool.server.cached = true (default)
2023-03-07 04:41:05,488 INFO  server.RaftServerConfigKeys (ConfUtils.java:logGet(46)) - raft.server.threadpool.server.size = 0 (default)
2023-03-07 04:41:05,488 INFO  server.RaftServerConfigKeys (ConfUtils.java:logGet(46)) - raft.server.threadpool.client.cached = true (default)
2023-03-07 04:41:05,488 INFO  server.RaftServerConfigKeys (ConfUtils.java:logGet(46)) - raft.server.threadpool.client.size = 0 (default)
2023-03-07 04:41:05,488 INFO  server.RaftServer (RaftServerProxy.java:addNew(99)) - s12: addNew group-CC7C26FA9352:[] returns group-CC7C26FA9352:java.util.concurrent.CompletableFuture@17328297[Not completed]
2023-03-07 04:41:05,488 INFO  impl.MiniRaftCluster (MiniRaftCluster.java:newRaftServer(382)) - newRaftServer: s13, group-CC7C26FA9352:[], format? true
2023-03-07 04:41:05,488 TRACE util.FileUtils (FileUtils.java:deleteFully(201)) - deleteFully target/test/data/fa33b8e4/MiniRaftClusterWithGrpc428a8d48/s13
2023-03-07 04:41:05,488 TRACE util.FileUtils (FileUtils.java:deleteFully(217)) - deleteFully: target/test/data/fa33b8e4/MiniRaftClusterWithGrpc428a8d48/s13 does not exist.
2023-03-07 04:41:05,488 INFO  impl.MiniRaftCluster (MiniRaftCluster.java:newRaftServer(387)) - Formatted directory target/test/data/fa33b8e4/MiniRaftClusterWithGrpc428a8d48/s13
2023-03-07 04:41:05,488 INFO  server.RaftServer (ConfUtils.java:logGet(46)) - raft.rpc.type = GRPC (default)
2023-03-07 04:41:05,488 INFO  grpc.GrpcConfigKeys (ConfUtils.java:logFallback(53)) - raft.grpc.admin.host = null (fallback to raft.grpc.server.host)
2023-03-07 04:41:05,488 INFO  grpc.GrpcConfigKeys (ConfUtils.java:logFallback(53)) - raft.grpc.admin.port = 39349 (fallback to raft.grpc.server.port)
2023-03-07 04:41:05,488 INFO  grpc.GrpcConfigKeys (ConfUtils.java:logFallback(53)) - raft.grpc.client.host = null (fallback to raft.grpc.server.host)
2023-03-07 04:41:05,488 INFO  grpc.GrpcConfigKeys (ConfUtils.java:logFallback(53)) - raft.grpc.client.port = 39349 (fallback to raft.grpc.server.port)
2023-03-07 04:41:05,488 INFO  grpc.GrpcConfigKeys (ConfUtils.java:logGet(46)) - raft.grpc.server.host = null (default)
2023-03-07 04:41:05,488 INFO  grpc.GrpcConfigKeys (ConfUtils.java:logGet(46)) - raft.grpc.server.port = 39349 (custom)
2023-03-07 04:41:05,488 INFO  server.GrpcService (ConfUtils.java:logGet(46)) - raft.grpc.message.size.max = 64MB (=67108864) (default)
2023-03-07 04:41:05,488 INFO  server.RaftServerConfigKeys (ConfUtils.java:logGet(46)) - raft.server.log.appender.buffer.byte-limit = 4MB (=4194304) (default)
2023-03-07 04:41:05,489 INFO  server.GrpcService (ConfUtils.java:logGet(46)) - raft.grpc.flow.control.window = 1MB (=1048576) (default)
2023-03-07 04:41:05,489 INFO  server.RaftServerConfigKeys (ConfUtils.java:logGet(46)) - raft.server.rpc.request.timeout = 3000ms (default)
2023-03-07 04:41:05,489 INFO  grpc.GrpcConfigKeys (ConfUtils.java:logGet(46)) - raft.grpc.server.heartbeat.channel = true (default)
2023-03-07 04:41:05,489 INFO  grpc.GrpcConfigKeys (ConfUtils.java:logGet(46)) - raft.grpc.server.async.request.thread.pool.cached = true (default)
2023-03-07 04:41:05,489 INFO  grpc.GrpcConfigKeys (ConfUtils.java:logGet(46)) - raft.grpc.server.async.request.thread.pool.size = 32 (default)
2023-03-07 04:41:05,489 INFO  impl.DataStreamServerImpl (ConfUtils.java:logGet(46)) - raft.datastream.type = DISABLED (default)
2023-03-07 04:41:05,489 INFO  server.RaftServerConfigKeys (ConfUtils.java:logGet(46)) - raft.server.threadpool.proxy.cached = true (default)
2023-03-07 04:41:05,489 INFO  server.RaftServerConfigKeys (ConfUtils.java:logGet(46)) - raft.server.threadpool.proxy.size = 0 (default)
2023-03-07 04:41:05,489 INFO  server.RaftServerConfigKeys (ConfUtils.java:logGet(46)) - raft.server.rpc.slowness.timeout = 60s (default)
2023-03-07 04:41:05,489 INFO  server.RaftServerConfigKeys (ConfUtils.java:logGet(46)) - raft.server.leaderelection.leader.step-down.wait-time = 10s (default)
2023-03-07 04:41:05,489 INFO  server.RaftServerConfigKeys (ConfUtils.java:logGet(46)) - raft.server.storage.dir = [/home/runner/work/ratis/ratis/ratis-examples/target/test/data/fa33b8e4/MiniRaftClusterWithGrpc428a8d48/s13] (custom)
2023-03-07 04:41:05,491 INFO  server.RaftServer$Division (RaftServerImpl.java:<init>(198)) - s12: new RaftServerImpl for group-CC7C26FA9352:[] with ArithmeticStateMachine:uninitialized
2023-03-07 04:41:05,491 INFO  server.RaftServerConfigKeys (ConfUtils.java:logGet(46)) - raft.server.rpc.timeout.min = 300ms (custom)
2023-03-07 04:41:05,491 INFO  server.RaftServerConfigKeys (ConfUtils.java:logGet(46)) - raft.server.rpc.timeout.max = 600ms (custom)
2023-03-07 04:41:05,491 INFO  server.RaftServerConfigKeys (ConfUtils.java:logGet(46)) - raft.server.rpc.sleep.time = 25ms (default)
2023-03-07 04:41:05,491 INFO  server.RaftServerConfigKeys (ConfUtils.java:logGet(46)) - raft.server.rpc.slowness.timeout = 60s (default)
2023-03-07 04:41:05,491 INFO  server.RaftServerConfigKeys (ConfUtils.java:logGet(46)) - raft.server.leaderelection.leader.step-down.wait-time = 10s (default)
2023-03-07 04:41:05,491 INFO  server.RaftServerConfigKeys (ConfUtils.java:logGet(46)) - raft.server.sleep.deviation.threshold = 300ms (default)
2023-03-07 04:41:05,491 INFO  server.RaftServer$Division (ServerState.java:<init>(113)) - s12@group-CC7C26FA9352: ConfigurationManager, init=-1: peers:[]|listeners:[], old=null, confs=<EMPTY_MAP>
2023-03-07 04:41:05,491 INFO  server.RaftServerConfigKeys (ConfUtils.java:logGet(46)) - raft.server.notification.no-leader.timeout = 60s (default)
2023-03-07 04:41:05,491 INFO  server.RaftServerConfigKeys (ConfUtils.java:logGet(46)) - raft.server.read.timeout = 10s (default)
2023-03-07 04:41:05,491 INFO  server.RaftServerConfigKeys (ConfUtils.java:logGet(46)) - raft.server.retrycache.expirytime = 60s (default)
2023-03-07 04:41:05,491 INFO  server.RaftServerConfigKeys (ConfUtils.java:logGet(46)) - raft.server.retrycache.statistics.expirytime = 100μs (default)
2023-03-07 04:41:05,491 INFO  server.RaftServerConfigKeys (ConfUtils.java:logGet(46)) - raft.server.read.option = DEFAULT (default)
2023-03-07 04:41:05,492 INFO  server.RaftServerConfigKeys (ConfUtils.java:logGet(46)) - raft.server.log.appender.install.snapshot.enabled = true (default)
2023-03-07 04:41:05,492 INFO  server.RaftServerConfigKeys (ConfUtils.java:logGet(46)) - raft.server.threadpool.server.cached = true (default)
2023-03-07 04:41:05,492 INFO  server.RaftServerConfigKeys (ConfUtils.java:logGet(46)) - raft.server.threadpool.server.size = 0 (default)
2023-03-07 04:41:05,492 INFO  server.RaftServerConfigKeys (ConfUtils.java:logGet(46)) - raft.server.threadpool.client.cached = true (default)
2023-03-07 04:41:05,492 INFO  server.RaftServerConfigKeys (ConfUtils.java:logGet(46)) - raft.server.threadpool.client.size = 0 (default)
2023-03-07 04:41:05,492 INFO  server.RaftServer (RaftServerProxy.java:addNew(99)) - s13: addNew group-CC7C26FA9352:[] returns group-CC7C26FA9352:java.util.concurrent.CompletableFuture@26e41f0d[Not completed]
2023-03-07 04:41:05,492 INFO  impl.MiniRaftCluster (MiniRaftCluster.java:newRaftServer(382)) - newRaftServer: s14, group-CC7C26FA9352:[], format? true
2023-03-07 04:41:05,493 TRACE util.FileUtils (FileUtils.java:deleteFully(201)) - deleteFully target/test/data/fa33b8e4/MiniRaftClusterWithGrpc428a8d48/s14
2023-03-07 04:41:05,493 TRACE util.FileUtils (FileUtils.java:deleteFully(217)) - deleteFully: target/test/data/fa33b8e4/MiniRaftClusterWithGrpc428a8d48/s14 does not exist.
2023-03-07 04:41:05,493 INFO  impl.MiniRaftCluster (MiniRaftCluster.java:newRaftServer(387)) - Formatted directory target/test/data/fa33b8e4/MiniRaftClusterWithGrpc428a8d48/s14
2023-03-07 04:41:05,493 INFO  server.RaftServer (ConfUtils.java:logGet(46)) - raft.rpc.type = GRPC (default)
2023-03-07 04:41:05,493 INFO  grpc.GrpcConfigKeys (ConfUtils.java:logFallback(53)) - raft.grpc.admin.host = null (fallback to raft.grpc.server.host)
2023-03-07 04:41:05,493 INFO  grpc.GrpcConfigKeys (ConfUtils.java:logFallback(53)) - raft.grpc.admin.port = 43053 (fallback to raft.grpc.server.port)
2023-03-07 04:41:05,493 INFO  grpc.GrpcConfigKeys (ConfUtils.java:logFallback(53)) - raft.grpc.client.host = null (fallback to raft.grpc.server.host)
2023-03-07 04:41:05,493 INFO  grpc.GrpcConfigKeys (ConfUtils.java:logFallback(53)) - raft.grpc.client.port = 43053 (fallback to raft.grpc.server.port)
2023-03-07 04:41:05,493 INFO  grpc.GrpcConfigKeys (ConfUtils.java:logGet(46)) - raft.grpc.server.host = null (default)
2023-03-07 04:41:05,493 INFO  grpc.GrpcConfigKeys (ConfUtils.java:logGet(46)) - raft.grpc.server.port = 43053 (custom)
2023-03-07 04:41:05,493 INFO  server.GrpcService (ConfUtils.java:logGet(46)) - raft.grpc.message.size.max = 64MB (=67108864) (default)
2023-03-07 04:41:05,493 INFO  server.RaftServerConfigKeys (ConfUtils.java:logGet(46)) - raft.server.log.appender.buffer.byte-limit = 4MB (=4194304) (default)
2023-03-07 04:41:05,493 INFO  server.GrpcService (ConfUtils.java:logGet(46)) - raft.grpc.flow.control.window = 1MB (=1048576) (default)
2023-03-07 04:41:05,493 INFO  server.RaftServerConfigKeys (ConfUtils.java:logGet(46)) - raft.server.rpc.request.timeout = 3000ms (default)
2023-03-07 04:41:05,493 INFO  grpc.GrpcConfigKeys (ConfUtils.java:logGet(46)) - raft.grpc.server.heartbeat.channel = true (default)
2023-03-07 04:41:05,493 INFO  grpc.GrpcConfigKeys (ConfUtils.java:logGet(46)) - raft.grpc.server.async.request.thread.pool.cached = true (default)
2023-03-07 04:41:05,493 INFO  grpc.GrpcConfigKeys (ConfUtils.java:logGet(46)) - raft.grpc.server.async.request.thread.pool.size = 32 (default)
2023-03-07 04:41:05,494 INFO  impl.DataStreamServerImpl (ConfUtils.java:logGet(46)) - raft.datastream.type = DISABLED (default)
2023-03-07 04:41:05,494 INFO  server.RaftServerConfigKeys (ConfUtils.java:logGet(46)) - raft.server.threadpool.proxy.cached = true (default)
2023-03-07 04:41:05,494 INFO  server.RaftServerConfigKeys (ConfUtils.java:logGet(46)) - raft.server.threadpool.proxy.size = 0 (default)
2023-03-07 04:41:05,494 INFO  server.RaftServerConfigKeys (ConfUtils.java:logGet(46)) - raft.server.rpc.slowness.timeout = 60s (default)
2023-03-07 04:41:05,494 INFO  server.RaftServerConfigKeys (ConfUtils.java:logGet(46)) - raft.server.leaderelection.leader.step-down.wait-time = 10s (default)
2023-03-07 04:41:05,494 INFO  server.RaftServerConfigKeys (ConfUtils.java:logGet(46)) - raft.server.storage.dir = [/home/runner/work/ratis/ratis/ratis-examples/target/test/data/fa33b8e4/MiniRaftClusterWithGrpc428a8d48/s14] (custom)
2023-03-07 04:41:05,494 INFO  server.RaftServer$Division (RaftServerImpl.java:<init>(198)) - s13: new RaftServerImpl for group-CC7C26FA9352:[] with ArithmeticStateMachine:uninitialized
2023-03-07 04:41:05,494 INFO  server.RaftServerConfigKeys (ConfUtils.java:logGet(46)) - raft.server.rpc.timeout.min = 300ms (custom)
2023-03-07 04:41:05,494 INFO  server.RaftServerConfigKeys (ConfUtils.java:logGet(46)) - raft.server.rpc.timeout.max = 600ms (custom)
2023-03-07 04:41:05,494 INFO  server.RaftServerConfigKeys (ConfUtils.java:logGet(46)) - raft.server.rpc.sleep.time = 25ms (default)
2023-03-07 04:41:05,494 INFO  server.RaftServerConfigKeys (ConfUtils.java:logGet(46)) - raft.server.rpc.slowness.timeout = 60s (default)
2023-03-07 04:41:05,494 INFO  server.RaftServerConfigKeys (ConfUtils.java:logGet(46)) - raft.server.leaderelection.leader.step-down.wait-time = 10s (default)
2023-03-07 04:41:05,494 INFO  server.RaftServerConfigKeys (ConfUtils.java:logGet(46)) - raft.server.sleep.deviation.threshold = 300ms (default)
2023-03-07 04:41:05,497 INFO  server.RaftServer$Division (ServerState.java:<init>(113)) - s13@group-CC7C26FA9352: ConfigurationManager, init=-1: peers:[]|listeners:[], old=null, confs=<EMPTY_MAP>
2023-03-07 04:41:05,497 INFO  server.RaftServerConfigKeys (ConfUtils.java:logGet(46)) - raft.server.notification.no-leader.timeout = 60s (default)
2023-03-07 04:41:05,497 INFO  server.RaftServerConfigKeys (ConfUtils.java:logGet(46)) - raft.server.read.timeout = 10s (default)
2023-03-07 04:41:05,497 INFO  server.RaftServerConfigKeys (ConfUtils.java:logGet(46)) - raft.server.retrycache.expirytime = 60s (default)
2023-03-07 04:41:05,497 INFO  server.RaftServerConfigKeys (ConfUtils.java:logGet(46)) - raft.server.retrycache.statistics.expirytime = 100μs (default)
2023-03-07 04:41:05,497 INFO  server.RaftServerConfigKeys (ConfUtils.java:logGet(46)) - raft.server.read.option = DEFAULT (default)
2023-03-07 04:41:05,498 INFO  server.RaftServerConfigKeys (ConfUtils.java:logGet(46)) - raft.server.log.appender.install.snapshot.enabled = true (default)
2023-03-07 04:41:05,498 INFO  server.RaftServerConfigKeys (ConfUtils.java:logGet(46)) - raft.server.threadpool.server.cached = true (default)
2023-03-07 04:41:05,498 INFO  server.RaftServerConfigKeys (ConfUtils.java:logGet(46)) - raft.server.threadpool.server.size = 0 (default)
2023-03-07 04:41:05,498 INFO  server.RaftServerConfigKeys (ConfUtils.java:logGet(46)) - raft.server.threadpool.client.cached = true (default)
2023-03-07 04:41:05,498 INFO  server.RaftServerConfigKeys (ConfUtils.java:logGet(46)) - raft.server.threadpool.client.size = 0 (default)
2023-03-07 04:41:05,499 INFO  server.RaftServer (RaftServerProxy.java:addNew(99)) - s14: addNew group-CC7C26FA9352:[] returns group-CC7C26FA9352:java.util.concurrent.CompletableFuture@12900476[Not completed]
2023-03-07 04:41:05,499 INFO  impl.GroupManagementBaseTest (GroupManagementBaseTest.java:runMultiGroupTest(260)) - putNewServer: printing ALL groups
  s3:      NEW      null s3@group-CC7C26FA9352:t0, leader=null, voted=null, raftlog=UNINITIALIZED, conf=-1: peers:[]|listeners:[], old=null NEW
  s4:      NEW      null s4@group-CC7C26FA9352:t0, leader=null, voted=null, raftlog=UNINITIALIZED, conf=-1: peers:[]|listeners:[], old=null NEW
  s5:      NEW      null s5@group-CC7C26FA9352:t0, leader=null, voted=null, raftlog=UNINITIALIZED, conf=-1: peers:[]|listeners:[], old=null NEW
  s6:      NEW      null s6@group-CC7C26FA9352:t0, leader=null, voted=null, raftlog=UNINITIALIZED, conf=-1: peers:[]|listeners:[], old=null NEW
  s7:      NEW      null s7@group-CC7C26FA9352:t0, leader=null, voted=null, raftlog=UNINITIALIZED, conf=-1: peers:[]|listeners:[], old=null NEW
  s8:      NEW      null s8@group-CC7C26FA9352:t0, leader=null, voted=null, raftlog=UNINITIALIZED, conf=-1: peers:[]|listeners:[], old=null NEW
  s9:      NEW      null s9@group-CC7C26FA9352:t0, leader=null, voted=null, raftlog=UNINITIALIZED, conf=-1: peers:[]|listeners:[], old=null NEW
  s11:      NEW      null s11@group-CC7C26FA9352:t0, leader=null, voted=null, raftlog=UNINITIALIZED, conf=-1: peers:[]|listeners:[], old=null NEW
  s10:      NEW      null s10@group-CC7C26FA9352:t0, leader=null, voted=null, raftlog=UNINITIALIZED, conf=-1: peers:[]|listeners:[], old=null NEW
  s13:      NEW      null s13@group-CC7C26FA9352:t0, leader=null, voted=null, raftlog=UNINITIALIZED, conf=-1: peers:[]|listeners:[], old=null NEW
  s12:      NEW      null s12@group-CC7C26FA9352:t0, leader=null, voted=null, raftlog=UNINITIALIZED, conf=-1: peers:[]|listeners:[], old=null NEW
  s14:      NEW group-CC7C26FA9352:java.util.concurrent.CompletableFuture@12900476[Not completed]
  s0:      NEW      null s0@group-CC7C26FA9352:t0, leader=null, voted=null, raftlog=UNINITIALIZED, conf=-1: peers:[]|listeners:[], old=null NEW
  s1:      NEW      null s1@group-CC7C26FA9352:t0, leader=null, voted=null, raftlog=UNINITIALIZED, conf=-1: peers:[]|listeners:[], old=null NEW
  s2:      NEW      null s2@group-CC7C26FA9352:t0, leader=null, voted=null, raftlog=UNINITIALIZED, conf=-1: peers:[]|listeners:[], old=null NEW
2023-03-07 04:41:05,501 INFO  server.RaftServer$Division (RaftServerImpl.java:<init>(198)) - s14: new RaftServerImpl for group-CC7C26FA9352:[] with ArithmeticStateMachine:uninitialized
2023-03-07 04:41:05,501 INFO  server.RaftServerConfigKeys (ConfUtils.java:logGet(46)) - raft.server.rpc.timeout.min = 300ms (custom)
2023-03-07 04:41:05,501 INFO  server.RaftServerConfigKeys (ConfUtils.java:logGet(46)) - raft.server.rpc.timeout.max = 600ms (custom)
2023-03-07 04:41:05,501 INFO  server.RaftServerConfigKeys (ConfUtils.java:logGet(46)) - raft.server.rpc.sleep.time = 25ms (default)
2023-03-07 04:41:05,501 INFO  server.RaftServerConfigKeys (ConfUtils.java:logGet(46)) - raft.server.rpc.slowness.timeout = 60s (default)
2023-03-07 04:41:05,501 INFO  server.RaftServerConfigKeys (ConfUtils.java:logGet(46)) - raft.server.leaderelection.leader.step-down.wait-time = 10s (default)
2023-03-07 04:41:05,501 INFO  server.RaftServerConfigKeys (ConfUtils.java:logGet(46)) - raft.server.sleep.deviation.threshold = 300ms (default)
2023-03-07 04:41:05,501 INFO  server.RaftServer$Division (ServerState.java:<init>(113)) - s14@group-CC7C26FA9352: ConfigurationManager, init=-1: peers:[]|listeners:[], old=null, confs=<EMPTY_MAP>
2023-03-07 04:41:05,501 INFO  server.RaftServerConfigKeys (ConfUtils.java:logGet(46)) - raft.server.notification.no-leader.timeout = 60s (default)
2023-03-07 04:41:05,501 INFO  server.RaftServerConfigKeys (ConfUtils.java:logGet(46)) - raft.server.read.timeout = 10s (default)
2023-03-07 04:41:05,501 INFO  server.RaftServerConfigKeys (ConfUtils.java:logGet(46)) - raft.server.retrycache.expirytime = 60s (default)
2023-03-07 04:41:05,501 INFO  server.RaftServerConfigKeys (ConfUtils.java:logGet(46)) - raft.server.retrycache.statistics.expirytime = 100μs (default)
2023-03-07 04:41:05,501 INFO  server.RaftServerConfigKeys (ConfUtils.java:logGet(46)) - raft.server.read.option = DEFAULT (default)
2023-03-07 04:41:05,502 INFO  server.RaftServerConfigKeys (ConfUtils.java:logGet(46)) - raft.server.log.appender.install.snapshot.enabled = true (default)
2023-03-07 04:41:05,502 INFO  server.RaftServerConfigKeys (ConfUtils.java:logGet(46)) - raft.server.threadpool.server.cached = true (default)
2023-03-07 04:41:05,502 INFO  server.RaftServerConfigKeys (ConfUtils.java:logGet(46)) - raft.server.threadpool.server.size = 0 (default)
2023-03-07 04:41:05,502 INFO  server.RaftServerConfigKeys (ConfUtils.java:logGet(46)) - raft.server.threadpool.client.cached = true (default)
2023-03-07 04:41:05,502 INFO  server.RaftServerConfigKeys (ConfUtils.java:logGet(46)) - raft.server.threadpool.client.size = 0 (default)
2023-03-07 04:41:06,499 INFO  impl.MiniRaftCluster (MiniRaftCluster.java:start(339)) - .............................................................. 
2023-03-07 04:41:06,500 INFO  impl.MiniRaftCluster (MiniRaftCluster.java:start(340)) - ... 
2023-03-07 04:41:06,500 INFO  impl.MiniRaftCluster (MiniRaftCluster.java:start(341)) - ...     Starting MiniRaftClusterWithGrpc
2023-03-07 04:41:06,500 INFO  impl.MiniRaftCluster (MiniRaftCluster.java:start(342)) - ... 
2023-03-07 04:41:06,500 INFO  impl.MiniRaftCluster (MiniRaftCluster.java:start(343)) - .............................................................. 
2023-03-07 04:41:06,500 INFO  impl.MiniRaftCluster (MiniRaftCluster.java:initServers(318)) - servers = {s3=s3:      NEW      null s3@group-CC7C26FA9352:t0, leader=null, voted=null, raftlog=UNINITIALIZED, conf=-1: peers:[]|listeners:[], old=null NEW, s4=s4:      NEW      null s4@group-CC7C26FA9352:t0, leader=null, voted=null, raftlog=UNINITIALIZED, conf=-1: peers:[]|listeners:[], old=null NEW, s5=s5:      NEW      null s5@group-CC7C26FA9352:t0, leader=null, voted=null, raftlog=UNINITIALIZED, conf=-1: peers:[]|listeners:[], old=null NEW, s6=s6:      NEW      null s6@group-CC7C26FA9352:t0, leader=null, voted=null, raftlog=UNINITIALIZED, conf=-1: peers:[]|listeners:[], old=null NEW, s7=s7:      NEW      null s7@group-CC7C26FA9352:t0, leader=null, voted=null, raftlog=UNINITIALIZED, conf=-1: peers:[]|listeners:[], old=null NEW, s8=s8:      NEW      null s8@group-CC7C26FA9352:t0, leader=null, voted=null, raftlog=UNINITIALIZED, conf=-1: peers:[]|listeners:[], old=null NEW, s9=s9:      NEW      null s9@group-CC7C26FA9352:t0, leader=null, voted=null, raftlog=UNINITIALIZED, conf=-1: peers:[]|listeners:[], old=null NEW, s11=s11:      NEW      null s11@group-CC7C26FA9352:t0, leader=null, voted=null, raftlog=UNINITIALIZED, conf=-1: peers:[]|listeners:[], old=null NEW, s10=s10:      NEW      null s10@group-CC7C26FA9352:t0, leader=null, voted=null, raftlog=UNINITIALIZED, conf=-1: peers:[]|listeners:[], old=null NEW, s13=s13:      NEW      null s13@group-CC7C26FA9352:t0, leader=null, voted=null, raftlog=UNINITIALIZED, conf=-1: peers:[]|listeners:[], old=null NEW, s12=s12:      NEW      null s12@group-CC7C26FA9352:t0, leader=null, voted=null, raftlog=UNINITIALIZED, conf=-1: peers:[]|listeners:[], old=null NEW, s14=s14:      NEW      null s14@group-CC7C26FA9352:t0, leader=null, voted=null, raftlog=UNINITIALIZED, conf=-1: peers:[]|listeners:[], old=null NEW, s0=s0:      NEW      null s0@group-CC7C26FA9352:t0, leader=null, voted=null, raftlog=UNINITIALIZED, conf=-1: peers:[]|listeners:[], old=null NEW, s1=s1:      NEW      null s1@group-CC7C26FA9352:t0, leader=null, voted=null, raftlog=UNINITIALIZED, conf=-1: peers:[]|listeners:[], old=null NEW, s2=s2:      NEW      null s2@group-CC7C26FA9352:t0, leader=null, voted=null, raftlog=UNINITIALIZED, conf=-1: peers:[]|listeners:[], old=null NEW}
2023-03-07 04:41:06,500 INFO  server.RaftServerConfigKeys (ConfUtils.java:logGet(46)) - raft.server.storage.free-space.min = 0MB (=0) (default)
2023-03-07 04:41:06,500 INFO  server.RaftServerConfigKeys (ConfUtils.java:logGet(46)) - raft.server.log.corruption.policy = EXCEPTION (default)
2023-03-07 04:41:06,500 INFO  server.RaftServerConfigKeys (ConfUtils.java:logGet(46)) - raft.server.storage.dir = [/home/runner/work/ratis/ratis/ratis-examples/target/test/data/fa33b8e4/MiniRaftClusterWithGrpc428a8d48/s3] (custom)
2023-03-07 04:41:06,500 INFO  storage.RaftStorageDirectory (RaftStorageDirectoryImpl.java:analyzeStorage(138)) - The storage directory /home/runner/work/ratis/ratis/ratis-examples/target/test/data/fa33b8e4/MiniRaftClusterWithGrpc428a8d48/s3/5ad791e7-ef4a-4c8a-a2a8-cc7c26fa9352 does not exist. Creating ...
2023-03-07 04:41:06,501 TRACE util.FileUtils (LogUtils.java:runAndLog(49)) - Successfully ran Files.createDirectories /home/runner/work/ratis/ratis/ratis-examples/target/test/data/fa33b8e4/MiniRaftClusterWithGrpc428a8d48/s3/5ad791e7-ef4a-4c8a-a2a8-cc7c26fa9352
2023-03-07 04:41:06,502 INFO  storage.RaftStorageDirectory (RaftStorageDirectoryImpl.java:tryLock(232)) - Lock on /home/runner/work/ratis/ratis/ratis-examples/target/test/data/fa33b8e4/MiniRaftClusterWithGrpc428a8d48/s3/5ad791e7-ef4a-4c8a-a2a8-cc7c26fa9352/in_use.lock acquired by nodename 15875@fv-az983-448
2023-03-07 04:41:06,502 TRACE util.FileUtils (LogUtils.java:runAndLog(49)) - Successfully ran Files.createDirectories /home/runner/work/ratis/ratis/ratis-examples/target/test/data/fa33b8e4/MiniRaftClusterWithGrpc428a8d48/s3/5ad791e7-ef4a-4c8a-a2a8-cc7c26fa9352/current
2023-03-07 04:41:06,502 TRACE util.FileUtils (LogUtils.java:runAndLog(49)) - Successfully ran Files.createDirectories /home/runner/work/ratis/ratis/ratis-examples/target/test/data/fa33b8e4/MiniRaftClusterWithGrpc428a8d48/s3/5ad791e7-ef4a-4c8a-a2a8-cc7c26fa9352/sm
2023-03-07 04:41:06,503 INFO  storage.RaftStorage (RaftStorageImpl.java:format(96)) - Storage directory /home/runner/work/ratis/ratis/ratis-examples/target/test/data/fa33b8e4/MiniRaftClusterWithGrpc428a8d48/s3/5ad791e7-ef4a-4c8a-a2a8-cc7c26fa9352 has been successfully formatted.
2023-03-07 04:41:06,503 WARN  statemachine.StateMachine (ArithmeticStateMachine.java:loadSnapshot(116)) - The snapshot info is null.
2023-03-07 04:41:06,503 INFO  server.RaftServerConfigKeys (ConfUtils.java:logGet(46)) - raft.server.log.use.memory = false (default)
2023-03-07 04:41:06,504 INFO  server.RaftServerConfigKeys (ConfUtils.java:logGet(46)) - raft.server.log.purge.gap = 1024 (default)
2023-03-07 04:41:06,504 INFO  server.RaftServerConfigKeys (ConfUtils.java:logGet(46)) - raft.server.log.appender.buffer.byte-limit = 4MB (=4194304) (default)
2023-03-07 04:41:06,504 INFO  server.RaftServerConfigKeys (ConfUtils.java:logGet(46)) - raft.server.log.statemachine.data.read.timeout = 1000ms (default)
2023-03-07 04:41:06,504 INFO  server.RaftServerConfigKeys (ConfUtils.java:logGet(46)) - raft.server.log.purge.preservation.log.num = 0 (default)
2023-03-07 04:41:06,504 INFO  server.RaftServerConfigKeys (ConfUtils.java:logGet(46)) - raft.server.log.segment.size.max = 8MB (=8388608) (default)
2023-03-07 04:41:06,504 INFO  server.RaftServerConfigKeys (ConfUtils.java:logGet(46)) - raft.server.log.segment.cache.num.max = 6 (default)
2023-03-07 04:41:06,504 INFO  server.RaftServerConfigKeys (ConfUtils.java:logGet(46)) - raft.server.log.segment.cache.size.max = 200MB (=209715200) (default)
2023-03-07 04:41:06,504 INFO  server.RaftServerConfigKeys (ConfUtils.java:logGet(46)) - raft.server.log.appender.buffer.byte-limit = 4MB (=4194304) (default)
2023-03-07 04:41:06,504 INFO  segmented.SegmentedRaftLogWorker (SegmentedRaftLogWorker.java:<init>(183)) - new s3@group-CC7C26FA9352-SegmentedRaftLogWorker for RaftStorageImpl:Storage Directory /home/runner/work/ratis/ratis/ratis-examples/target/test/data/fa33b8e4/MiniRaftClusterWithGrpc428a8d48/s3/5ad791e7-ef4a-4c8a-a2a8-cc7c26fa9352
2023-03-07 04:41:06,505 INFO  server.RaftServerConfigKeys (ConfUtils.java:logGet(46)) - raft.server.log.queue.byte-limit = 64MB (=67108864) (default)
2023-03-07 04:41:06,505 INFO  server.RaftServerConfigKeys (ConfUtils.java:logGet(46)) - raft.server.log.queue.element-limit = 4096 (default)
2023-03-07 04:41:06,505 INFO  server.RaftServerConfigKeys (ConfUtils.java:logGet(46)) - raft.server.log.segment.size.max = 8MB (=8388608) (default)
2023-03-07 04:41:06,505 INFO  server.RaftServerConfigKeys (ConfUtils.java:logGet(46)) - raft.server.log.preallocated.size = 4MB (=4194304) (default)
2023-03-07 04:41:06,505 INFO  server.RaftServerConfigKeys (ConfUtils.java:logGet(46)) - raft.server.log.force.sync.num = 128 (default)
2023-03-07 04:41:06,505 INFO  server.RaftServerConfigKeys (ConfUtils.java:logGet(46)) - raft.server.log.statemachine.data.sync = true (default)
2023-03-07 04:41:06,505 INFO  server.RaftServerConfigKeys (ConfUtils.java:logGet(46)) - raft.server.log.statemachine.data.sync.timeout = 10s (default)
2023-03-07 04:41:06,505 INFO  server.RaftServerConfigKeys (ConfUtils.java:logGet(46)) - raft.server.log.statemachine.data.sync.timeout.retry = -1 (default)
2023-03-07 04:41:06,505 INFO  server.RaftServerConfigKeys (ConfUtils.java:logGet(46)) - raft.server.log.write.buffer.size = 64KB (=65536) (default)
2023-03-07 04:41:06,505 INFO  server.RaftServerConfigKeys (ConfUtils.java:logGet(46)) - raft.server.log.appender.buffer.byte-limit = 4MB (=4194304) (default)
2023-03-07 04:41:06,505 INFO  server.RaftServerConfigKeys (ConfUtils.java:logGet(46)) - raft.server.log.unsafe-flush.enabled = false (default)
2023-03-07 04:41:06,505 INFO  server.RaftServerConfigKeys (ConfUtils.java:logGet(46)) - raft.server.log.async-flush.enabled = false (default)
2023-03-07 04:41:06,505 INFO  server.RaftServerConfigKeys (ConfUtils.java:logGet(46)) - raft.server.log.statemachine.data.caching.enabled = false (default)
2023-03-07 04:41:06,505 INFO  segmented.SegmentedRaftLogWorker (SegmentedRaftLogWorker.java:lambda$new$0(134)) - s3@group-CC7C26FA9352-SegmentedRaftLogWorker: flushIndex: setUnconditionally 0 -> -1
2023-03-07 04:41:06,505 INFO  segmented.SegmentedRaftLogWorker (SegmentedRaftLogWorker.java:lambda$new$0(134)) - s3@group-CC7C26FA9352-SegmentedRaftLogWorker: safeCacheEvictIndex: setUnconditionally 0 -> -1
2023-03-07 04:41:06,506 INFO  server.RaftServer$Division (RaftServerImpl.java:start(348)) - s3@group-CC7C26FA9352: start with initializing state, conf=-1: peers:[]|listeners:[], old=null
2023-03-07 04:41:06,506 INFO  server.RaftServer$Division (RaftServerImpl.java:setRole(329)) - s3@group-CC7C26FA9352: changes role from      null to FOLLOWER at term 0 for startInitializing
2023-03-07 04:41:06,506 INFO  util.JmxRegister (JmxRegister.java:tryRegister(44)) - Successfully registered JMX Bean with object name Ratis:service=RaftServer,group=group-CC7C26FA9352,id=s3
2023-03-07 04:41:06,506 INFO  server.RaftServerConfigKeys (ConfUtils.java:logGet(46)) - raft.server.snapshot.auto.trigger.enabled = false (default)
2023-03-07 04:41:06,506 INFO  server.RaftServerConfigKeys (ConfUtils.java:logGet(46)) - raft.server.snapshot.retention.file.num = -1 (default)
2023-03-07 04:41:06,506 INFO  server.RaftServerConfigKeys (ConfUtils.java:logGet(46)) - raft.server.log.purge.upto.snapshot.index = false (default)
2023-03-07 04:41:06,506 INFO  server.RaftServer (RaftServerProxy.java:startImpl(401)) - s3: start RPC server
2023-03-07 04:41:06,540 INFO  server.GrpcService (GrpcService.java:startImpl(302)) - s3: GrpcService started, listening on 37997
2023-03-07 04:41:06,540 INFO  util.JvmPauseMonitor (JvmPauseMonitor.java:run(103)) - JvmPauseMonitor-s3: Started
2023-03-07 04:41:06,540 INFO  server.RaftServerConfigKeys (ConfUtils.java:logGet(46)) - raft.server.storage.free-space.min = 0MB (=0) (default)
2023-03-07 04:41:06,540 INFO  server.RaftServerConfigKeys (ConfUtils.java:logGet(46)) - raft.server.log.corruption.policy = EXCEPTION (default)
2023-03-07 04:41:06,540 INFO  server.RaftServerConfigKeys (ConfUtils.java:logGet(46)) - raft.server.storage.dir = [/home/runner/work/ratis/ratis/ratis-examples/target/test/data/fa33b8e4/MiniRaftClusterWithGrpc428a8d48/s4] (custom)
2023-03-07 04:41:06,541 INFO  storage.RaftStorageDirectory (RaftStorageDirectoryImpl.java:analyzeStorage(138)) - The storage directory /home/runner/work/ratis/ratis/ratis-examples/target/test/data/fa33b8e4/MiniRaftClusterWithGrpc428a8d48/s4/5ad791e7-ef4a-4c8a-a2a8-cc7c26fa9352 does not exist. Creating ...
2023-03-07 04:41:06,541 TRACE util.FileUtils (LogUtils.java:runAndLog(49)) - Successfully ran Files.createDirectories /home/runner/work/ratis/ratis/ratis-examples/target/test/data/fa33b8e4/MiniRaftClusterWithGrpc428a8d48/s4/5ad791e7-ef4a-4c8a-a2a8-cc7c26fa9352
2023-03-07 04:41:06,542 INFO  storage.RaftStorageDirectory (RaftStorageDirectoryImpl.java:tryLock(232)) - Lock on /home/runner/work/ratis/ratis/ratis-examples/target/test/data/fa33b8e4/MiniRaftClusterWithGrpc428a8d48/s4/5ad791e7-ef4a-4c8a-a2a8-cc7c26fa9352/in_use.lock acquired by nodename 15875@fv-az983-448
2023-03-07 04:41:06,542 TRACE util.FileUtils (LogUtils.java:runAndLog(49)) - Successfully ran Files.createDirectories /home/runner/work/ratis/ratis/ratis-examples/target/test/data/fa33b8e4/MiniRaftClusterWithGrpc428a8d48/s4/5ad791e7-ef4a-4c8a-a2a8-cc7c26fa9352/current
2023-03-07 04:41:06,542 TRACE util.FileUtils (LogUtils.java:runAndLog(49)) - Successfully ran Files.createDirectories /home/runner/work/ratis/ratis/ratis-examples/target/test/data/fa33b8e4/MiniRaftClusterWithGrpc428a8d48/s4/5ad791e7-ef4a-4c8a-a2a8-cc7c26fa9352/sm
2023-03-07 04:41:06,543 INFO  storage.RaftStorage (RaftStorageImpl.java:format(96)) - Storage directory /home/runner/work/ratis/ratis/ratis-examples/target/test/data/fa33b8e4/MiniRaftClusterWithGrpc428a8d48/s4/5ad791e7-ef4a-4c8a-a2a8-cc7c26fa9352 has been successfully formatted.
2023-03-07 04:41:06,543 WARN  statemachine.StateMachine (ArithmeticStateMachine.java:loadSnapshot(116)) - The snapshot info is null.
2023-03-07 04:41:06,543 INFO  server.RaftServerConfigKeys (ConfUtils.java:logGet(46)) - raft.server.log.use.memory = false (default)
2023-03-07 04:41:06,543 INFO  server.RaftServerConfigKeys (ConfUtils.java:logGet(46)) - raft.server.log.purge.gap = 1024 (default)
2023-03-07 04:41:06,543 INFO  server.RaftServerConfigKeys (ConfUtils.java:logGet(46)) - raft.server.log.appender.buffer.byte-limit = 4MB (=4194304) (default)
2023-03-07 04:41:06,543 INFO  server.RaftServerConfigKeys (ConfUtils.java:logGet(46)) - raft.server.log.statemachine.data.read.timeout = 1000ms (default)
2023-03-07 04:41:06,543 INFO  server.RaftServerConfigKeys (ConfUtils.java:logGet(46)) - raft.server.log.purge.preservation.log.num = 0 (default)
2023-03-07 04:41:06,544 INFO  server.RaftServerConfigKeys (ConfUtils.java:logGet(46)) - raft.server.log.segment.size.max = 8MB (=8388608) (default)
2023-03-07 04:41:06,544 INFO  server.RaftServerConfigKeys (ConfUtils.java:logGet(46)) - raft.server.log.segment.cache.num.max = 6 (default)
2023-03-07 04:41:06,544 INFO  server.RaftServerConfigKeys (ConfUtils.java:logGet(46)) - raft.server.log.segment.cache.size.max = 200MB (=209715200) (default)
2023-03-07 04:41:06,544 INFO  server.RaftServerConfigKeys (ConfUtils.java:logGet(46)) - raft.server.log.appender.buffer.byte-limit = 4MB (=4194304) (default)
2023-03-07 04:41:06,544 INFO  segmented.SegmentedRaftLogWorker (SegmentedRaftLogWorker.java:<init>(183)) - new s4@group-CC7C26FA9352-SegmentedRaftLogWorker for RaftStorageImpl:Storage Directory /home/runner/work/ratis/ratis/ratis-examples/target/test/data/fa33b8e4/MiniRaftClusterWithGrpc428a8d48/s4/5ad791e7-ef4a-4c8a-a2a8-cc7c26fa9352
2023-03-07 04:41:06,544 INFO  server.RaftServerConfigKeys (ConfUtils.java:logGet(46)) - raft.server.log.queue.byte-limit = 64MB (=67108864) (default)
2023-03-07 04:41:06,544 INFO  server.RaftServerConfigKeys (ConfUtils.java:logGet(46)) - raft.server.log.queue.element-limit = 4096 (default)
2023-03-07 04:41:06,544 INFO  server.RaftServerConfigKeys (ConfUtils.java:logGet(46)) - raft.server.log.segment.size.max = 8MB (=8388608) (default)
2023-03-07 04:41:06,544 INFO  server.RaftServerConfigKeys (ConfUtils.java:logGet(46)) - raft.server.log.preallocated.size = 4MB (=4194304) (default)
2023-03-07 04:41:06,544 INFO  server.RaftServerConfigKeys (ConfUtils.java:logGet(46)) - raft.server.log.force.sync.num = 128 (default)
2023-03-07 04:41:06,544 INFO  server.RaftServerConfigKeys (ConfUtils.java:logGet(46)) - raft.server.log.statemachine.data.sync = true (default)
2023-03-07 04:41:06,544 INFO  server.RaftServerConfigKeys (ConfUtils.java:logGet(46)) - raft.server.log.statemachine.data.sync.timeout = 10s (default)
2023-03-07 04:41:06,544 INFO  server.RaftServerConfigKeys (ConfUtils.java:logGet(46)) - raft.server.log.statemachine.data.sync.timeout.retry = -1 (default)
2023-03-07 04:41:06,544 INFO  server.RaftServerConfigKeys (ConfUtils.java:logGet(46)) - raft.server.log.write.buffer.size = 64KB (=65536) (default)
2023-03-07 04:41:06,544 INFO  server.RaftServerConfigKeys (ConfUtils.java:logGet(46)) - raft.server.log.appender.buffer.byte-limit = 4MB (=4194304) (default)
2023-03-07 04:41:06,545 INFO  server.RaftServerConfigKeys (ConfUtils.java:logGet(46)) - raft.server.log.unsafe-flush.enabled = false (default)
2023-03-07 04:41:06,545 INFO  server.RaftServerConfigKeys (ConfUtils.java:logGet(46)) - raft.server.log.async-flush.enabled = false (default)
2023-03-07 04:41:06,545 INFO  server.RaftServerConfigKeys (ConfUtils.java:logGet(46)) - raft.server.log.statemachine.data.caching.enabled = false (default)
2023-03-07 04:41:06,545 INFO  segmented.SegmentedRaftLogWorker (SegmentedRaftLogWorker.java:lambda$new$0(134)) - s4@group-CC7C26FA9352-SegmentedRaftLogWorker: flushIndex: setUnconditionally 0 -> -1
2023-03-07 04:41:06,545 INFO  segmented.SegmentedRaftLogWorker (SegmentedRaftLogWorker.java:lambda$new$0(134)) - s4@group-CC7C26FA9352-SegmentedRaftLogWorker: safeCacheEvictIndex: setUnconditionally 0 -> -1
2023-03-07 04:41:06,545 INFO  server.RaftServer$Division (RaftServerImpl.java:start(348)) - s4@group-CC7C26FA9352: start with initializing state, conf=-1: peers:[]|listeners:[], old=null
2023-03-07 04:41:06,545 INFO  server.RaftServer$Division (RaftServerImpl.java:setRole(329)) - s4@group-CC7C26FA9352: changes role from      null to FOLLOWER at term 0 for startInitializing
2023-03-07 04:41:06,545 INFO  util.JmxRegister (JmxRegister.java:tryRegister(44)) - Successfully registered JMX Bean with object name Ratis:service=RaftServer,group=group-CC7C26FA9352,id=s4
2023-03-07 04:41:06,545 INFO  server.RaftServerConfigKeys (ConfUtils.java:logGet(46)) - raft.server.snapshot.auto.trigger.enabled = false (default)
2023-03-07 04:41:06,545 INFO  server.RaftServerConfigKeys (ConfUtils.java:logGet(46)) - raft.server.snapshot.retention.file.num = -1 (default)
2023-03-07 04:41:06,546 INFO  server.RaftServerConfigKeys (ConfUtils.java:logGet(46)) - raft.server.log.purge.upto.snapshot.index = false (default)
2023-03-07 04:41:06,546 INFO  server.RaftServer (RaftServerProxy.java:startImpl(401)) - s4: start RPC server
2023-03-07 04:41:06,547 INFO  server.GrpcService (GrpcService.java:startImpl(302)) - s4: GrpcService started, listening on 38011
2023-03-07 04:41:06,547 INFO  server.RaftServerConfigKeys (ConfUtils.java:logGet(46)) - raft.server.storage.free-space.min = 0MB (=0) (default)
2023-03-07 04:41:06,547 INFO  util.JvmPauseMonitor (JvmPauseMonitor.java:run(103)) - JvmPauseMonitor-s4: Started
2023-03-07 04:41:06,547 INFO  server.RaftServerConfigKeys (ConfUtils.java:logGet(46)) - raft.server.log.corruption.policy = EXCEPTION (default)
2023-03-07 04:41:06,547 INFO  server.RaftServerConfigKeys (ConfUtils.java:logGet(46)) - raft.server.storage.dir = [/home/runner/work/ratis/ratis/ratis-examples/target/test/data/fa33b8e4/MiniRaftClusterWithGrpc428a8d48/s5] (custom)
2023-03-07 04:41:06,547 INFO  storage.RaftStorageDirectory (RaftStorageDirectoryImpl.java:analyzeStorage(138)) - The storage directory /home/runner/work/ratis/ratis/ratis-examples/target/test/data/fa33b8e4/MiniRaftClusterWithGrpc428a8d48/s5/5ad791e7-ef4a-4c8a-a2a8-cc7c26fa9352 does not exist. Creating ...
2023-03-07 04:41:06,547 TRACE util.FileUtils (LogUtils.java:runAndLog(49)) - Successfully ran Files.createDirectories /home/runner/work/ratis/ratis/ratis-examples/target/test/data/fa33b8e4/MiniRaftClusterWithGrpc428a8d48/s5/5ad791e7-ef4a-4c8a-a2a8-cc7c26fa9352
2023-03-07 04:41:06,548 INFO  storage.RaftStorageDirectory (RaftStorageDirectoryImpl.java:tryLock(232)) - Lock on /home/runner/work/ratis/ratis/ratis-examples/target/test/data/fa33b8e4/MiniRaftClusterWithGrpc428a8d48/s5/5ad791e7-ef4a-4c8a-a2a8-cc7c26fa9352/in_use.lock acquired by nodename 15875@fv-az983-448
2023-03-07 04:41:06,548 TRACE util.FileUtils (LogUtils.java:runAndLog(49)) - Successfully ran Files.createDirectories /home/runner/work/ratis/ratis/ratis-examples/target/test/data/fa33b8e4/MiniRaftClusterWithGrpc428a8d48/s5/5ad791e7-ef4a-4c8a-a2a8-cc7c26fa9352/current
2023-03-07 04:41:06,548 TRACE util.FileUtils (LogUtils.java:runAndLog(49)) - Successfully ran Files.createDirectories /home/runner/work/ratis/ratis/ratis-examples/target/test/data/fa33b8e4/MiniRaftClusterWithGrpc428a8d48/s5/5ad791e7-ef4a-4c8a-a2a8-cc7c26fa9352/sm
2023-03-07 04:41:06,549 INFO  storage.RaftStorage (RaftStorageImpl.java:format(96)) - Storage directory /home/runner/work/ratis/ratis/ratis-examples/target/test/data/fa33b8e4/MiniRaftClusterWithGrpc428a8d48/s5/5ad791e7-ef4a-4c8a-a2a8-cc7c26fa9352 has been successfully formatted.
2023-03-07 04:41:06,549 WARN  statemachine.StateMachine (ArithmeticStateMachine.java:loadSnapshot(116)) - The snapshot info is null.
2023-03-07 04:41:06,549 INFO  server.RaftServerConfigKeys (ConfUtils.java:logGet(46)) - raft.server.log.use.memory = false (default)
2023-03-07 04:41:06,549 INFO  server.RaftServerConfigKeys (ConfUtils.java:logGet(46)) - raft.server.log.purge.gap = 1024 (default)
2023-03-07 04:41:06,549 INFO  server.RaftServerConfigKeys (ConfUtils.java:logGet(46)) - raft.server.log.appender.buffer.byte-limit = 4MB (=4194304) (default)
2023-03-07 04:41:06,549 INFO  server.RaftServerConfigKeys (ConfUtils.java:logGet(46)) - raft.server.log.statemachine.data.read.timeout = 1000ms (default)
2023-03-07 04:41:06,549 INFO  server.RaftServerConfigKeys (ConfUtils.java:logGet(46)) - raft.server.log.purge.preservation.log.num = 0 (default)
2023-03-07 04:41:06,550 INFO  server.RaftServerConfigKeys (ConfUtils.java:logGet(46)) - raft.server.log.segment.size.max = 8MB (=8388608) (default)
2023-03-07 04:41:06,551 INFO  server.RaftServerConfigKeys (ConfUtils.java:logGet(46)) - raft.server.log.segment.cache.num.max = 6 (default)
2023-03-07 04:41:06,551 INFO  server.RaftServerConfigKeys (ConfUtils.java:logGet(46)) - raft.server.log.segment.cache.size.max = 200MB (=209715200) (default)
2023-03-07 04:41:06,551 INFO  server.RaftServerConfigKeys (ConfUtils.java:logGet(46)) - raft.server.log.appender.buffer.byte-limit = 4MB (=4194304) (default)
2023-03-07 04:41:06,553 INFO  segmented.SegmentedRaftLogWorker (SegmentedRaftLogWorker.java:<init>(183)) - new s5@group-CC7C26FA9352-SegmentedRaftLogWorker for RaftStorageImpl:Storage Directory /home/runner/work/ratis/ratis/ratis-examples/target/test/data/fa33b8e4/MiniRaftClusterWithGrpc428a8d48/s5/5ad791e7-ef4a-4c8a-a2a8-cc7c26fa9352
2023-03-07 04:41:06,553 INFO  server.RaftServerConfigKeys (ConfUtils.java:logGet(46)) - raft.server.log.queue.byte-limit = 64MB (=67108864) (default)
2023-03-07 04:41:06,553 INFO  server.RaftServerConfigKeys (ConfUtils.java:logGet(46)) - raft.server.log.queue.element-limit = 4096 (default)
2023-03-07 04:41:06,553 INFO  server.RaftServerConfigKeys (ConfUtils.java:logGet(46)) - raft.server.log.segment.size.max = 8MB (=8388608) (default)
2023-03-07 04:41:06,553 INFO  server.RaftServerConfigKeys (ConfUtils.java:logGet(46)) - raft.server.log.preallocated.size = 4MB (=4194304) (default)
2023-03-07 04:41:06,553 INFO  server.RaftServerConfigKeys (ConfUtils.java:logGet(46)) - raft.server.log.force.sync.num = 128 (default)
2023-03-07 04:41:06,553 INFO  server.RaftServerConfigKeys (ConfUtils.java:logGet(46)) - raft.server.log.statemachine.data.sync = true (default)
2023-03-07 04:41:06,553 INFO  server.RaftServerConfigKeys (ConfUtils.java:logGet(46)) - raft.server.log.statemachine.data.sync.timeout = 10s (default)
2023-03-07 04:41:06,553 INFO  server.RaftServerConfigKeys (ConfUtils.java:logGet(46)) - raft.server.log.statemachine.data.sync.timeout.retry = -1 (default)
2023-03-07 04:41:06,554 INFO  server.RaftServerConfigKeys (ConfUtils.java:logGet(46)) - raft.server.log.write.buffer.size = 64KB (=65536) (default)
2023-03-07 04:41:06,554 INFO  server.RaftServerConfigKeys (ConfUtils.java:logGet(46)) - raft.server.log.appender.buffer.byte-limit = 4MB (=4194304) (default)
2023-03-07 04:41:06,554 INFO  server.RaftServerConfigKeys (ConfUtils.java:logGet(46)) - raft.server.log.unsafe-flush.enabled = false (default)
2023-03-07 04:41:06,554 INFO  server.RaftServerConfigKeys (ConfUtils.java:logGet(46)) - raft.server.log.async-flush.enabled = false (default)
2023-03-07 04:41:06,554 INFO  server.RaftServerConfigKeys (ConfUtils.java:logGet(46)) - raft.server.log.statemachine.data.caching.enabled = false (default)
2023-03-07 04:41:06,554 INFO  segmented.SegmentedRaftLogWorker (SegmentedRaftLogWorker.java:lambda$new$0(134)) - s5@group-CC7C26FA9352-SegmentedRaftLogWorker: flushIndex: setUnconditionally 0 -> -1
2023-03-07 04:41:06,554 INFO  segmented.SegmentedRaftLogWorker (SegmentedRaftLogWorker.java:lambda$new$0(134)) - s5@group-CC7C26FA9352-SegmentedRaftLogWorker: safeCacheEvictIndex: setUnconditionally 0 -> -1
2023-03-07 04:41:06,554 INFO  server.RaftServer$Division (RaftServerImpl.java:start(348)) - s5@group-CC7C26FA9352: start with initializing state, conf=-1: peers:[]|listeners:[], old=null
2023-03-07 04:41:06,554 INFO  server.RaftServer$Division (RaftServerImpl.java:setRole(329)) - s5@group-CC7C26FA9352: changes role from      null to FOLLOWER at term 0 for startInitializing
2023-03-07 04:41:06,555 INFO  util.JmxRegister (JmxRegister.java:tryRegister(44)) - Successfully registered JMX Bean with object name Ratis:service=RaftServer,group=group-CC7C26FA9352,id=s5
2023-03-07 04:41:06,555 INFO  server.RaftServerConfigKeys (ConfUtils.java:logGet(46)) - raft.server.snapshot.auto.trigger.enabled = false (default)
2023-03-07 04:41:06,555 INFO  server.RaftServerConfigKeys (ConfUtils.java:logGet(46)) - raft.server.snapshot.retention.file.num = -1 (default)
2023-03-07 04:41:06,555 INFO  server.RaftServerConfigKeys (ConfUtils.java:logGet(46)) - raft.server.log.purge.upto.snapshot.index = false (default)
2023-03-07 04:41:06,556 INFO  server.RaftServer (RaftServerProxy.java:startImpl(401)) - s5: start RPC server
2023-03-07 04:41:06,559 INFO  server.GrpcService (GrpcService.java:startImpl(302)) - s5: GrpcService started, listening on 38365
2023-03-07 04:41:06,560 INFO  server.RaftServerConfigKeys (ConfUtils.java:logGet(46)) - raft.server.storage.free-space.min = 0MB (=0) (default)
2023-03-07 04:41:06,560 INFO  server.RaftServerConfigKeys (ConfUtils.java:logGet(46)) - raft.server.log.corruption.policy = EXCEPTION (default)
2023-03-07 04:41:06,560 INFO  util.JvmPauseMonitor (JvmPauseMonitor.java:run(103)) - JvmPauseMonitor-s5: Started
2023-03-07 04:41:06,560 INFO  server.RaftServerConfigKeys (ConfUtils.java:logGet(46)) - raft.server.storage.dir = [/home/runner/work/ratis/ratis/ratis-examples/target/test/data/fa33b8e4/MiniRaftClusterWithGrpc428a8d48/s6] (custom)
2023-03-07 04:41:06,560 INFO  storage.RaftStorageDirectory (RaftStorageDirectoryImpl.java:analyzeStorage(138)) - The storage directory /home/runner/work/ratis/ratis/ratis-examples/target/test/data/fa33b8e4/MiniRaftClusterWithGrpc428a8d48/s6/5ad791e7-ef4a-4c8a-a2a8-cc7c26fa9352 does not exist. Creating ...
2023-03-07 04:41:06,560 TRACE util.FileUtils (LogUtils.java:runAndLog(49)) - Successfully ran Files.createDirectories /home/runner/work/ratis/ratis/ratis-examples/target/test/data/fa33b8e4/MiniRaftClusterWithGrpc428a8d48/s6/5ad791e7-ef4a-4c8a-a2a8-cc7c26fa9352
2023-03-07 04:41:06,562 INFO  storage.RaftStorageDirectory (RaftStorageDirectoryImpl.java:tryLock(232)) - Lock on /home/runner/work/ratis/ratis/ratis-examples/target/test/data/fa33b8e4/MiniRaftClusterWithGrpc428a8d48/s6/5ad791e7-ef4a-4c8a-a2a8-cc7c26fa9352/in_use.lock acquired by nodename 15875@fv-az983-448
2023-03-07 04:41:06,562 TRACE util.FileUtils (LogUtils.java:runAndLog(49)) - Successfully ran Files.createDirectories /home/runner/work/ratis/ratis/ratis-examples/target/test/data/fa33b8e4/MiniRaftClusterWithGrpc428a8d48/s6/5ad791e7-ef4a-4c8a-a2a8-cc7c26fa9352/current
2023-03-07 04:41:06,562 TRACE util.FileUtils (LogUtils.java:runAndLog(49)) - Successfully ran Files.createDirectories /home/runner/work/ratis/ratis/ratis-examples/target/test/data/fa33b8e4/MiniRaftClusterWithGrpc428a8d48/s6/5ad791e7-ef4a-4c8a-a2a8-cc7c26fa9352/sm
2023-03-07 04:41:06,563 INFO  storage.RaftStorage (RaftStorageImpl.java:format(96)) - Storage directory /home/runner/work/ratis/ratis/ratis-examples/target/test/data/fa33b8e4/MiniRaftClusterWithGrpc428a8d48/s6/5ad791e7-ef4a-4c8a-a2a8-cc7c26fa9352 has been successfully formatted.
2023-03-07 04:41:06,563 WARN  statemachine.StateMachine (ArithmeticStateMachine.java:loadSnapshot(116)) - The snapshot info is null.
2023-03-07 04:41:06,563 INFO  server.RaftServerConfigKeys (ConfUtils.java:logGet(46)) - raft.server.log.use.memory = false (default)
2023-03-07 04:41:06,563 INFO  server.RaftServerConfigKeys (ConfUtils.java:logGet(46)) - raft.server.log.purge.gap = 1024 (default)
2023-03-07 04:41:06,563 INFO  server.RaftServerConfigKeys (ConfUtils.java:logGet(46)) - raft.server.log.appender.buffer.byte-limit = 4MB (=4194304) (default)
2023-03-07 04:41:06,563 INFO  server.RaftServerConfigKeys (ConfUtils.java:logGet(46)) - raft.server.log.statemachine.data.read.timeout = 1000ms (default)
2023-03-07 04:41:06,563 INFO  server.RaftServerConfigKeys (ConfUtils.java:logGet(46)) - raft.server.log.purge.preservation.log.num = 0 (default)
2023-03-07 04:41:06,564 INFO  server.RaftServerConfigKeys (ConfUtils.java:logGet(46)) - raft.server.log.segment.size.max = 8MB (=8388608) (default)
2023-03-07 04:41:06,564 INFO  server.RaftServerConfigKeys (ConfUtils.java:logGet(46)) - raft.server.log.segment.cache.num.max = 6 (default)
2023-03-07 04:41:06,564 INFO  server.RaftServerConfigKeys (ConfUtils.java:logGet(46)) - raft.server.log.segment.cache.size.max = 200MB (=209715200) (default)
2023-03-07 04:41:06,564 INFO  server.RaftServerConfigKeys (ConfUtils.java:logGet(46)) - raft.server.log.appender.buffer.byte-limit = 4MB (=4194304) (default)
2023-03-07 04:41:06,564 INFO  segmented.SegmentedRaftLogWorker (SegmentedRaftLogWorker.java:<init>(183)) - new s6@group-CC7C26FA9352-SegmentedRaftLogWorker for RaftStorageImpl:Storage Directory /home/runner/work/ratis/ratis/ratis-examples/target/test/data/fa33b8e4/MiniRaftClusterWithGrpc428a8d48/s6/5ad791e7-ef4a-4c8a-a2a8-cc7c26fa9352
2023-03-07 04:41:06,564 INFO  server.RaftServerConfigKeys (ConfUtils.java:logGet(46)) - raft.server.log.queue.byte-limit = 64MB (=67108864) (default)
2023-03-07 04:41:06,564 INFO  server.RaftServerConfigKeys (ConfUtils.java:logGet(46)) - raft.server.log.queue.element-limit = 4096 (default)
2023-03-07 04:41:06,564 INFO  server.RaftServerConfigKeys (ConfUtils.java:logGet(46)) - raft.server.log.segment.size.max = 8MB (=8388608) (default)
2023-03-07 04:41:06,564 INFO  server.RaftServerConfigKeys (ConfUtils.java:logGet(46)) - raft.server.log.preallocated.size = 4MB (=4194304) (default)
2023-03-07 04:41:06,564 INFO  server.RaftServerConfigKeys (ConfUtils.java:logGet(46)) - raft.server.log.force.sync.num = 128 (default)
2023-03-07 04:41:06,564 INFO  server.RaftServerConfigKeys (ConfUtils.java:logGet(46)) - raft.server.log.statemachine.data.sync = true (default)
2023-03-07 04:41:06,564 INFO  server.RaftServerConfigKeys (ConfUtils.java:logGet(46)) - raft.server.log.statemachine.data.sync.timeout = 10s (default)
2023-03-07 04:41:06,564 INFO  server.RaftServerConfigKeys (ConfUtils.java:logGet(46)) - raft.server.log.statemachine.data.sync.timeout.retry = -1 (default)
2023-03-07 04:41:06,565 INFO  server.RaftServerConfigKeys (ConfUtils.java:logGet(46)) - raft.server.log.write.buffer.size = 64KB (=65536) (default)
2023-03-07 04:41:06,565 INFO  server.RaftServerConfigKeys (ConfUtils.java:logGet(46)) - raft.server.log.appender.buffer.byte-limit = 4MB (=4194304) (default)
2023-03-07 04:41:06,565 INFO  server.RaftServerConfigKeys (ConfUtils.java:logGet(46)) - raft.server.log.unsafe-flush.enabled = false (default)
2023-03-07 04:41:06,565 INFO  server.RaftServerConfigKeys (ConfUtils.java:logGet(46)) - raft.server.log.async-flush.enabled = false (default)
2023-03-07 04:41:06,565 INFO  server.RaftServerConfigKeys (ConfUtils.java:logGet(46)) - raft.server.log.statemachine.data.caching.enabled = false (default)
2023-03-07 04:41:06,565 INFO  segmented.SegmentedRaftLogWorker (SegmentedRaftLogWorker.java:lambda$new$0(134)) - s6@group-CC7C26FA9352-SegmentedRaftLogWorker: flushIndex: setUnconditionally 0 -> -1
2023-03-07 04:41:06,565 INFO  segmented.SegmentedRaftLogWorker (SegmentedRaftLogWorker.java:lambda$new$0(134)) - s6@group-CC7C26FA9352-SegmentedRaftLogWorker: safeCacheEvictIndex: setUnconditionally 0 -> -1
2023-03-07 04:41:06,565 INFO  server.RaftServer$Division (RaftServerImpl.java:start(348)) - s6@group-CC7C26FA9352: start with initializing state, conf=-1: peers:[]|listeners:[], old=null
2023-03-07 04:41:06,565 INFO  server.RaftServer$Division (RaftServerImpl.java:setRole(329)) - s6@group-CC7C26FA9352: changes role from      null to FOLLOWER at term 0 for startInitializing
2023-03-07 04:41:06,566 INFO  util.JmxRegister (JmxRegister.java:tryRegister(44)) - Successfully registered JMX Bean with object name Ratis:service=RaftServer,group=group-CC7C26FA9352,id=s6
2023-03-07 04:41:06,566 INFO  server.RaftServerConfigKeys (ConfUtils.java:logGet(46)) - raft.server.snapshot.auto.trigger.enabled = false (default)
2023-03-07 04:41:06,566 INFO  server.RaftServerConfigKeys (ConfUtils.java:logGet(46)) - raft.server.snapshot.retention.file.num = -1 (default)
2023-03-07 04:41:06,566 INFO  server.RaftServerConfigKeys (ConfUtils.java:logGet(46)) - raft.server.log.purge.upto.snapshot.index = false (default)
2023-03-07 04:41:06,568 INFO  server.RaftServer (RaftServerProxy.java:startImpl(401)) - s6: start RPC server
2023-03-07 04:41:06,568 INFO  server.GrpcService (GrpcService.java:startImpl(302)) - s6: GrpcService started, listening on 45099
2023-03-07 04:41:06,569 INFO  util.JvmPauseMonitor (JvmPauseMonitor.java:run(103)) - JvmPauseMonitor-s6: Started
2023-03-07 04:41:06,569 INFO  server.RaftServerConfigKeys (ConfUtils.java:logGet(46)) - raft.server.storage.free-space.min = 0MB (=0) (default)
2023-03-07 04:41:06,569 INFO  server.RaftServerConfigKeys (ConfUtils.java:logGet(46)) - raft.server.log.corruption.policy = EXCEPTION (default)
2023-03-07 04:41:06,569 INFO  server.RaftServerConfigKeys (ConfUtils.java:logGet(46)) - raft.server.storage.dir = [/home/runner/work/ratis/ratis/ratis-examples/target/test/data/fa33b8e4/MiniRaftClusterWithGrpc428a8d48/s7] (custom)
2023-03-07 04:41:06,569 INFO  storage.RaftStorageDirectory (RaftStorageDirectoryImpl.java:analyzeStorage(138)) - The storage directory /home/runner/work/ratis/ratis/ratis-examples/target/test/data/fa33b8e4/MiniRaftClusterWithGrpc428a8d48/s7/5ad791e7-ef4a-4c8a-a2a8-cc7c26fa9352 does not exist. Creating ...
2023-03-07 04:41:06,569 TRACE util.FileUtils (LogUtils.java:runAndLog(49)) - Successfully ran Files.createDirectories /home/runner/work/ratis/ratis/ratis-examples/target/test/data/fa33b8e4/MiniRaftClusterWithGrpc428a8d48/s7/5ad791e7-ef4a-4c8a-a2a8-cc7c26fa9352
2023-03-07 04:41:06,570 INFO  storage.RaftStorageDirectory (RaftStorageDirectoryImpl.java:tryLock(232)) - Lock on /home/runner/work/ratis/ratis/ratis-examples/target/test/data/fa33b8e4/MiniRaftClusterWithGrpc428a8d48/s7/5ad791e7-ef4a-4c8a-a2a8-cc7c26fa9352/in_use.lock acquired by nodename 15875@fv-az983-448
2023-03-07 04:41:06,570 TRACE util.FileUtils (LogUtils.java:runAndLog(49)) - Successfully ran Files.createDirectories /home/runner/work/ratis/ratis/ratis-examples/target/test/data/fa33b8e4/MiniRaftClusterWithGrpc428a8d48/s7/5ad791e7-ef4a-4c8a-a2a8-cc7c26fa9352/current
2023-03-07 04:41:06,570 TRACE util.FileUtils (LogUtils.java:runAndLog(49)) - Successfully ran Files.createDirectories /home/runner/work/ratis/ratis/ratis-examples/target/test/data/fa33b8e4/MiniRaftClusterWithGrpc428a8d48/s7/5ad791e7-ef4a-4c8a-a2a8-cc7c26fa9352/sm
2023-03-07 04:41:06,573 INFO  storage.RaftStorage (RaftStorageImpl.java:format(96)) - Storage directory /home/runner/work/ratis/ratis/ratis-examples/target/test/data/fa33b8e4/MiniRaftClusterWithGrpc428a8d48/s7/5ad791e7-ef4a-4c8a-a2a8-cc7c26fa9352 has been successfully formatted.
2023-03-07 04:41:06,573 WARN  statemachine.StateMachine (ArithmeticStateMachine.java:loadSnapshot(116)) - The snapshot info is null.
2023-03-07 04:41:06,573 INFO  server.RaftServerConfigKeys (ConfUtils.java:logGet(46)) - raft.server.log.use.memory = false (default)
2023-03-07 04:41:06,573 INFO  server.RaftServerConfigKeys (ConfUtils.java:logGet(46)) - raft.server.log.purge.gap = 1024 (default)
2023-03-07 04:41:06,573 INFO  server.RaftServerConfigKeys (ConfUtils.java:logGet(46)) - raft.server.log.appender.buffer.byte-limit = 4MB (=4194304) (default)
2023-03-07 04:41:06,573 INFO  server.RaftServerConfigKeys (ConfUtils.java:logGet(46)) - raft.server.log.statemachine.data.read.timeout = 1000ms (default)
2023-03-07 04:41:06,573 INFO  server.RaftServerConfigKeys (ConfUtils.java:logGet(46)) - raft.server.log.purge.preservation.log.num = 0 (default)
2023-03-07 04:41:06,574 INFO  server.RaftServerConfigKeys (ConfUtils.java:logGet(46)) - raft.server.log.segment.size.max = 8MB (=8388608) (default)
2023-03-07 04:41:06,574 INFO  server.RaftServerConfigKeys (ConfUtils.java:logGet(46)) - raft.server.log.segment.cache.num.max = 6 (default)
2023-03-07 04:41:06,574 INFO  server.RaftServerConfigKeys (ConfUtils.java:logGet(46)) - raft.server.log.segment.cache.size.max = 200MB (=209715200) (default)
2023-03-07 04:41:06,574 INFO  server.RaftServerConfigKeys (ConfUtils.java:logGet(46)) - raft.server.log.appender.buffer.byte-limit = 4MB (=4194304) (default)
2023-03-07 04:41:06,574 INFO  segmented.SegmentedRaftLogWorker (SegmentedRaftLogWorker.java:<init>(183)) - new s7@group-CC7C26FA9352-SegmentedRaftLogWorker for RaftStorageImpl:Storage Directory /home/runner/work/ratis/ratis/ratis-examples/target/test/data/fa33b8e4/MiniRaftClusterWithGrpc428a8d48/s7/5ad791e7-ef4a-4c8a-a2a8-cc7c26fa9352
2023-03-07 04:41:06,574 INFO  server.RaftServerConfigKeys (ConfUtils.java:logGet(46)) - raft.server.log.queue.byte-limit = 64MB (=67108864) (default)
2023-03-07 04:41:06,574 INFO  server.RaftServerConfigKeys (ConfUtils.java:logGet(46)) - raft.server.log.queue.element-limit = 4096 (default)
2023-03-07 04:41:06,574 INFO  server.RaftServerConfigKeys (ConfUtils.java:logGet(46)) - raft.server.log.segment.size.max = 8MB (=8388608) (default)
2023-03-07 04:41:06,574 INFO  server.RaftServerConfigKeys (ConfUtils.java:logGet(46)) - raft.server.log.preallocated.size = 4MB (=4194304) (default)
2023-03-07 04:41:06,574 INFO  server.RaftServerConfigKeys (ConfUtils.java:logGet(46)) - raft.server.log.force.sync.num = 128 (default)
2023-03-07 04:41:06,574 INFO  server.RaftServerConfigKeys (ConfUtils.java:logGet(46)) - raft.server.log.statemachine.data.sync = true (default)
2023-03-07 04:41:06,574 INFO  server.RaftServerConfigKeys (ConfUtils.java:logGet(46)) - raft.server.log.statemachine.data.sync.timeout = 10s (default)
2023-03-07 04:41:06,574 INFO  server.RaftServerConfigKeys (ConfUtils.java:logGet(46)) - raft.server.log.statemachine.data.sync.timeout.retry = -1 (default)
2023-03-07 04:41:06,574 INFO  server.RaftServerConfigKeys (ConfUtils.java:logGet(46)) - raft.server.log.write.buffer.size = 64KB (=65536) (default)
2023-03-07 04:41:06,574 INFO  server.RaftServerConfigKeys (ConfUtils.java:logGet(46)) - raft.server.log.appender.buffer.byte-limit = 4MB (=4194304) (default)
2023-03-07 04:41:06,575 INFO  server.RaftServerConfigKeys (ConfUtils.java:logGet(46)) - raft.server.log.unsafe-flush.enabled = false (default)
2023-03-07 04:41:06,575 INFO  server.RaftServerConfigKeys (ConfUtils.java:logGet(46)) - raft.server.log.async-flush.enabled = false (default)
2023-03-07 04:41:06,575 INFO  server.RaftServerConfigKeys (ConfUtils.java:logGet(46)) - raft.server.log.statemachine.data.caching.enabled = false (default)
2023-03-07 04:41:06,575 INFO  segmented.SegmentedRaftLogWorker (SegmentedRaftLogWorker.java:lambda$new$0(134)) - s7@group-CC7C26FA9352-SegmentedRaftLogWorker: flushIndex: setUnconditionally 0 -> -1
2023-03-07 04:41:06,575 INFO  segmented.SegmentedRaftLogWorker (SegmentedRaftLogWorker.java:lambda$new$0(134)) - s7@group-CC7C26FA9352-SegmentedRaftLogWorker: safeCacheEvictIndex: setUnconditionally 0 -> -1
2023-03-07 04:41:06,576 INFO  server.RaftServer$Division (RaftServerImpl.java:start(348)) - s7@group-CC7C26FA9352: start with initializing state, conf=-1: peers:[]|listeners:[], old=null
2023-03-07 04:41:06,576 INFO  server.RaftServer$Division (RaftServerImpl.java:setRole(329)) - s7@group-CC7C26FA9352: changes role from      null to FOLLOWER at term 0 for startInitializing
2023-03-07 04:41:06,576 INFO  util.JmxRegister (JmxRegister.java:tryRegister(44)) - Successfully registered JMX Bean with object name Ratis:service=RaftServer,group=group-CC7C26FA9352,id=s7
2023-03-07 04:41:06,576 INFO  server.RaftServerConfigKeys (ConfUtils.java:logGet(46)) - raft.server.snapshot.auto.trigger.enabled = false (default)
2023-03-07 04:41:06,576 INFO  server.RaftServerConfigKeys (ConfUtils.java:logGet(46)) - raft.server.snapshot.retention.file.num = -1 (default)
2023-03-07 04:41:06,576 INFO  server.RaftServerConfigKeys (ConfUtils.java:logGet(46)) - raft.server.log.purge.upto.snapshot.index = false (default)
2023-03-07 04:41:06,580 INFO  server.RaftServer (RaftServerProxy.java:startImpl(401)) - s7: start RPC server
2023-03-07 04:41:06,580 INFO  server.GrpcService (GrpcService.java:startImpl(302)) - s7: GrpcService started, listening on 39807
2023-03-07 04:41:06,581 INFO  server.RaftServerConfigKeys (ConfUtils.java:logGet(46)) - raft.server.storage.free-space.min = 0MB (=0) (default)
2023-03-07 04:41:06,581 INFO  util.JvmPauseMonitor (JvmPauseMonitor.java:run(103)) - JvmPauseMonitor-s7: Started
2023-03-07 04:41:06,581 INFO  server.RaftServerConfigKeys (ConfUtils.java:logGet(46)) - raft.server.log.corruption.policy = EXCEPTION (default)
2023-03-07 04:41:06,581 INFO  server.RaftServerConfigKeys (ConfUtils.java:logGet(46)) - raft.server.storage.dir = [/home/runner/work/ratis/ratis/ratis-examples/target/test/data/fa33b8e4/MiniRaftClusterWithGrpc428a8d48/s8] (custom)
2023-03-07 04:41:06,581 INFO  storage.RaftStorageDirectory (RaftStorageDirectoryImpl.java:analyzeStorage(138)) - The storage directory /home/runner/work/ratis/ratis/ratis-examples/target/test/data/fa33b8e4/MiniRaftClusterWithGrpc428a8d48/s8/5ad791e7-ef4a-4c8a-a2a8-cc7c26fa9352 does not exist. Creating ...
2023-03-07 04:41:06,581 TRACE util.FileUtils (LogUtils.java:runAndLog(49)) - Successfully ran Files.createDirectories /home/runner/work/ratis/ratis/ratis-examples/target/test/data/fa33b8e4/MiniRaftClusterWithGrpc428a8d48/s8/5ad791e7-ef4a-4c8a-a2a8-cc7c26fa9352
2023-03-07 04:41:06,582 INFO  storage.RaftStorageDirectory (RaftStorageDirectoryImpl.java:tryLock(232)) - Lock on /home/runner/work/ratis/ratis/ratis-examples/target/test/data/fa33b8e4/MiniRaftClusterWithGrpc428a8d48/s8/5ad791e7-ef4a-4c8a-a2a8-cc7c26fa9352/in_use.lock acquired by nodename 15875@fv-az983-448
2023-03-07 04:41:06,582 TRACE util.FileUtils (LogUtils.java:runAndLog(49)) - Successfully ran Files.createDirectories /home/runner/work/ratis/ratis/ratis-examples/target/test/data/fa33b8e4/MiniRaftClusterWithGrpc428a8d48/s8/5ad791e7-ef4a-4c8a-a2a8-cc7c26fa9352/current
2023-03-07 04:41:06,582 TRACE util.FileUtils (LogUtils.java:runAndLog(49)) - Successfully ran Files.createDirectories /home/runner/work/ratis/ratis/ratis-examples/target/test/data/fa33b8e4/MiniRaftClusterWithGrpc428a8d48/s8/5ad791e7-ef4a-4c8a-a2a8-cc7c26fa9352/sm
2023-03-07 04:41:06,583 INFO  storage.RaftStorage (RaftStorageImpl.java:format(96)) - Storage directory /home/runner/work/ratis/ratis/ratis-examples/target/test/data/fa33b8e4/MiniRaftClusterWithGrpc428a8d48/s8/5ad791e7-ef4a-4c8a-a2a8-cc7c26fa9352 has been successfully formatted.
2023-03-07 04:41:06,583 WARN  statemachine.StateMachine (ArithmeticStateMachine.java:loadSnapshot(116)) - The snapshot info is null.
2023-03-07 04:41:06,583 INFO  server.RaftServerConfigKeys (ConfUtils.java:logGet(46)) - raft.server.log.use.memory = false (default)
2023-03-07 04:41:06,583 INFO  server.RaftServerConfigKeys (ConfUtils.java:logGet(46)) - raft.server.log.purge.gap = 1024 (default)
2023-03-07 04:41:06,583 INFO  server.RaftServerConfigKeys (ConfUtils.java:logGet(46)) - raft.server.log.appender.buffer.byte-limit = 4MB (=4194304) (default)
2023-03-07 04:41:06,583 INFO  server.RaftServerConfigKeys (ConfUtils.java:logGet(46)) - raft.server.log.statemachine.data.read.timeout = 1000ms (default)
2023-03-07 04:41:06,583 INFO  server.RaftServerConfigKeys (ConfUtils.java:logGet(46)) - raft.server.log.purge.preservation.log.num = 0 (default)
2023-03-07 04:41:06,583 INFO  server.RaftServerConfigKeys (ConfUtils.java:logGet(46)) - raft.server.log.segment.size.max = 8MB (=8388608) (default)
2023-03-07 04:41:06,584 INFO  server.RaftServerConfigKeys (ConfUtils.java:logGet(46)) - raft.server.log.segment.cache.num.max = 6 (default)
2023-03-07 04:41:06,584 INFO  server.RaftServerConfigKeys (ConfUtils.java:logGet(46)) - raft.server.log.segment.cache.size.max = 200MB (=209715200) (default)
2023-03-07 04:41:06,584 INFO  server.RaftServerConfigKeys (ConfUtils.java:logGet(46)) - raft.server.log.appender.buffer.byte-limit = 4MB (=4194304) (default)
2023-03-07 04:41:06,584 INFO  segmented.SegmentedRaftLogWorker (SegmentedRaftLogWorker.java:<init>(183)) - new s8@group-CC7C26FA9352-SegmentedRaftLogWorker for RaftStorageImpl:Storage Directory /home/runner/work/ratis/ratis/ratis-examples/target/test/data/fa33b8e4/MiniRaftClusterWithGrpc428a8d48/s8/5ad791e7-ef4a-4c8a-a2a8-cc7c26fa9352
2023-03-07 04:41:06,584 INFO  server.RaftServerConfigKeys (ConfUtils.java:logGet(46)) - raft.server.log.queue.byte-limit = 64MB (=67108864) (default)
2023-03-07 04:41:06,584 INFO  server.RaftServerConfigKeys (ConfUtils.java:logGet(46)) - raft.server.log.queue.element-limit = 4096 (default)
2023-03-07 04:41:06,584 INFO  server.RaftServerConfigKeys (ConfUtils.java:logGet(46)) - raft.server.log.segment.size.max = 8MB (=8388608) (default)
2023-03-07 04:41:06,584 INFO  server.RaftServerConfigKeys (ConfUtils.java:logGet(46)) - raft.server.log.preallocated.size = 4MB (=4194304) (default)
2023-03-07 04:41:06,584 INFO  server.RaftServerConfigKeys (ConfUtils.java:logGet(46)) - raft.server.log.force.sync.num = 128 (default)
2023-03-07 04:41:06,584 INFO  server.RaftServerConfigKeys (ConfUtils.java:logGet(46)) - raft.server.log.statemachine.data.sync = true (default)
2023-03-07 04:41:06,584 INFO  server.RaftServerConfigKeys (ConfUtils.java:logGet(46)) - raft.server.log.statemachine.data.sync.timeout = 10s (default)
2023-03-07 04:41:06,584 INFO  server.RaftServerConfigKeys (ConfUtils.java:logGet(46)) - raft.server.log.statemachine.data.sync.timeout.retry = -1 (default)
2023-03-07 04:41:06,584 INFO  server.RaftServerConfigKeys (ConfUtils.java:logGet(46)) - raft.server.log.write.buffer.size = 64KB (=65536) (default)
2023-03-07 04:41:06,584 INFO  server.RaftServerConfigKeys (ConfUtils.java:logGet(46)) - raft.server.log.appender.buffer.byte-limit = 4MB (=4194304) (default)
2023-03-07 04:41:06,584 INFO  server.RaftServerConfigKeys (ConfUtils.java:logGet(46)) - raft.server.log.unsafe-flush.enabled = false (default)
2023-03-07 04:41:06,584 INFO  server.RaftServerConfigKeys (ConfUtils.java:logGet(46)) - raft.server.log.async-flush.enabled = false (default)
2023-03-07 04:41:06,584 INFO  server.RaftServerConfigKeys (ConfUtils.java:logGet(46)) - raft.server.log.statemachine.data.caching.enabled = false (default)
2023-03-07 04:41:06,585 INFO  segmented.SegmentedRaftLogWorker (SegmentedRaftLogWorker.java:lambda$new$0(134)) - s8@group-CC7C26FA9352-SegmentedRaftLogWorker: flushIndex: setUnconditionally 0 -> -1
2023-03-07 04:41:06,585 INFO  segmented.SegmentedRaftLogWorker (SegmentedRaftLogWorker.java:lambda$new$0(134)) - s8@group-CC7C26FA9352-SegmentedRaftLogWorker: safeCacheEvictIndex: setUnconditionally 0 -> -1
2023-03-07 04:41:06,585 INFO  server.RaftServer$Division (RaftServerImpl.java:start(348)) - s8@group-CC7C26FA9352: start with initializing state, conf=-1: peers:[]|listeners:[], old=null
2023-03-07 04:41:06,585 INFO  server.RaftServer$Division (RaftServerImpl.java:setRole(329)) - s8@group-CC7C26FA9352: changes role from      null to FOLLOWER at term 0 for startInitializing
2023-03-07 04:41:06,585 INFO  util.JmxRegister (JmxRegister.java:tryRegister(44)) - Successfully registered JMX Bean with object name Ratis:service=RaftServer,group=group-CC7C26FA9352,id=s8
2023-03-07 04:41:06,585 INFO  server.RaftServerConfigKeys (ConfUtils.java:logGet(46)) - raft.server.snapshot.auto.trigger.enabled = false (default)
2023-03-07 04:41:06,585 INFO  server.RaftServerConfigKeys (ConfUtils.java:logGet(46)) - raft.server.snapshot.retention.file.num = -1 (default)
2023-03-07 04:41:06,585 INFO  server.RaftServerConfigKeys (ConfUtils.java:logGet(46)) - raft.server.log.purge.upto.snapshot.index = false (default)
2023-03-07 04:41:06,585 INFO  server.RaftServer (RaftServerProxy.java:startImpl(401)) - s8: start RPC server
2023-03-07 04:41:06,589 INFO  server.GrpcService (GrpcService.java:startImpl(302)) - s8: GrpcService started, listening on 46697
2023-03-07 04:41:06,592 INFO  server.RaftServerConfigKeys (ConfUtils.java:logGet(46)) - raft.server.storage.free-space.min = 0MB (=0) (default)
2023-03-07 04:41:06,592 INFO  server.RaftServerConfigKeys (ConfUtils.java:logGet(46)) - raft.server.log.corruption.policy = EXCEPTION (default)
2023-03-07 04:41:06,592 INFO  server.RaftServerConfigKeys (ConfUtils.java:logGet(46)) - raft.server.storage.dir = [/home/runner/work/ratis/ratis/ratis-examples/target/test/data/fa33b8e4/MiniRaftClusterWithGrpc428a8d48/s9] (custom)
2023-03-07 04:41:06,592 INFO  storage.RaftStorageDirectory (RaftStorageDirectoryImpl.java:analyzeStorage(138)) - The storage directory /home/runner/work/ratis/ratis/ratis-examples/target/test/data/fa33b8e4/MiniRaftClusterWithGrpc428a8d48/s9/5ad791e7-ef4a-4c8a-a2a8-cc7c26fa9352 does not exist. Creating ...
2023-03-07 04:41:06,592 TRACE util.FileUtils (LogUtils.java:runAndLog(49)) - Successfully ran Files.createDirectories /home/runner/work/ratis/ratis/ratis-examples/target/test/data/fa33b8e4/MiniRaftClusterWithGrpc428a8d48/s9/5ad791e7-ef4a-4c8a-a2a8-cc7c26fa9352
2023-03-07 04:41:06,592 INFO  util.JvmPauseMonitor (JvmPauseMonitor.java:run(103)) - JvmPauseMonitor-s8: Started
2023-03-07 04:41:06,593 INFO  storage.RaftStorageDirectory (RaftStorageDirectoryImpl.java:tryLock(232)) - Lock on /home/runner/work/ratis/ratis/ratis-examples/target/test/data/fa33b8e4/MiniRaftClusterWithGrpc428a8d48/s9/5ad791e7-ef4a-4c8a-a2a8-cc7c26fa9352/in_use.lock acquired by nodename 15875@fv-az983-448
2023-03-07 04:41:06,593 TRACE util.FileUtils (LogUtils.java:runAndLog(49)) - Successfully ran Files.createDirectories /home/runner/work/ratis/ratis/ratis-examples/target/test/data/fa33b8e4/MiniRaftClusterWithGrpc428a8d48/s9/5ad791e7-ef4a-4c8a-a2a8-cc7c26fa9352/current
2023-03-07 04:41:06,593 TRACE util.FileUtils (LogUtils.java:runAndLog(49)) - Successfully ran Files.createDirectories /home/runner/work/ratis/ratis/ratis-examples/target/test/data/fa33b8e4/MiniRaftClusterWithGrpc428a8d48/s9/5ad791e7-ef4a-4c8a-a2a8-cc7c26fa9352/sm
2023-03-07 04:41:06,594 INFO  storage.RaftStorage (RaftStorageImpl.java:format(96)) - Storage directory /home/runner/work/ratis/ratis/ratis-examples/target/test/data/fa33b8e4/MiniRaftClusterWithGrpc428a8d48/s9/5ad791e7-ef4a-4c8a-a2a8-cc7c26fa9352 has been successfully formatted.
2023-03-07 04:41:06,594 WARN  statemachine.StateMachine (ArithmeticStateMachine.java:loadSnapshot(116)) - The snapshot info is null.
2023-03-07 04:41:06,594 INFO  server.RaftServerConfigKeys (ConfUtils.java:logGet(46)) - raft.server.log.use.memory = false (default)
2023-03-07 04:41:06,594 INFO  server.RaftServerConfigKeys (ConfUtils.java:logGet(46)) - raft.server.log.purge.gap = 1024 (default)
2023-03-07 04:41:06,594 INFO  server.RaftServerConfigKeys (ConfUtils.java:logGet(46)) - raft.server.log.appender.buffer.byte-limit = 4MB (=4194304) (default)
2023-03-07 04:41:06,594 INFO  server.RaftServerConfigKeys (ConfUtils.java:logGet(46)) - raft.server.log.statemachine.data.read.timeout = 1000ms (default)
2023-03-07 04:41:06,594 INFO  server.RaftServerConfigKeys (ConfUtils.java:logGet(46)) - raft.server.log.purge.preservation.log.num = 0 (default)
2023-03-07 04:41:06,595 INFO  server.RaftServerConfigKeys (ConfUtils.java:logGet(46)) - raft.server.log.segment.size.max = 8MB (=8388608) (default)
2023-03-07 04:41:06,595 INFO  server.RaftServerConfigKeys (ConfUtils.java:logGet(46)) - raft.server.log.segment.cache.num.max = 6 (default)
2023-03-07 04:41:06,595 INFO  server.RaftServerConfigKeys (ConfUtils.java:logGet(46)) - raft.server.log.segment.cache.size.max = 200MB (=209715200) (default)
2023-03-07 04:41:06,595 INFO  server.RaftServerConfigKeys (ConfUtils.java:logGet(46)) - raft.server.log.appender.buffer.byte-limit = 4MB (=4194304) (default)
2023-03-07 04:41:06,595 INFO  segmented.SegmentedRaftLogWorker (SegmentedRaftLogWorker.java:<init>(183)) - new s9@group-CC7C26FA9352-SegmentedRaftLogWorker for RaftStorageImpl:Storage Directory /home/runner/work/ratis/ratis/ratis-examples/target/test/data/fa33b8e4/MiniRaftClusterWithGrpc428a8d48/s9/5ad791e7-ef4a-4c8a-a2a8-cc7c26fa9352
2023-03-07 04:41:06,595 INFO  server.RaftServerConfigKeys (ConfUtils.java:logGet(46)) - raft.server.log.queue.byte-limit = 64MB (=67108864) (default)
2023-03-07 04:41:06,595 INFO  server.RaftServerConfigKeys (ConfUtils.java:logGet(46)) - raft.server.log.queue.element-limit = 4096 (default)
2023-03-07 04:41:06,595 INFO  server.RaftServerConfigKeys (ConfUtils.java:logGet(46)) - raft.server.log.segment.size.max = 8MB (=8388608) (default)
2023-03-07 04:41:06,595 INFO  server.RaftServerConfigKeys (ConfUtils.java:logGet(46)) - raft.server.log.preallocated.size = 4MB (=4194304) (default)
2023-03-07 04:41:06,595 INFO  server.RaftServerConfigKeys (ConfUtils.java:logGet(46)) - raft.server.log.force.sync.num = 128 (default)
2023-03-07 04:41:06,595 INFO  server.RaftServerConfigKeys (ConfUtils.java:logGet(46)) - raft.server.log.statemachine.data.sync = true (default)
2023-03-07 04:41:06,595 INFO  server.RaftServerConfigKeys (ConfUtils.java:logGet(46)) - raft.server.log.statemachine.data.sync.timeout = 10s (default)
2023-03-07 04:41:06,595 INFO  server.RaftServerConfigKeys (ConfUtils.java:logGet(46)) - raft.server.log.statemachine.data.sync.timeout.retry = -1 (default)
2023-03-07 04:41:06,595 INFO  server.RaftServerConfigKeys (ConfUtils.java:logGet(46)) - raft.server.log.write.buffer.size = 64KB (=65536) (default)
2023-03-07 04:41:06,595 INFO  server.RaftServerConfigKeys (ConfUtils.java:logGet(46)) - raft.server.log.appender.buffer.byte-limit = 4MB (=4194304) (default)
2023-03-07 04:41:06,596 INFO  server.RaftServerConfigKeys (ConfUtils.java:logGet(46)) - raft.server.log.unsafe-flush.enabled = false (default)
2023-03-07 04:41:06,596 INFO  server.RaftServerConfigKeys (ConfUtils.java:logGet(46)) - raft.server.log.async-flush.enabled = false (default)
2023-03-07 04:41:06,596 INFO  server.RaftServerConfigKeys (ConfUtils.java:logGet(46)) - raft.server.log.statemachine.data.caching.enabled = false (default)
2023-03-07 04:41:06,596 INFO  segmented.SegmentedRaftLogWorker (SegmentedRaftLogWorker.java:lambda$new$0(134)) - s9@group-CC7C26FA9352-SegmentedRaftLogWorker: flushIndex: setUnconditionally 0 -> -1
2023-03-07 04:41:06,596 INFO  segmented.SegmentedRaftLogWorker (SegmentedRaftLogWorker.java:lambda$new$0(134)) - s9@group-CC7C26FA9352-SegmentedRaftLogWorker: safeCacheEvictIndex: setUnconditionally 0 -> -1
2023-03-07 04:41:06,596 INFO  server.RaftServer$Division (RaftServerImpl.java:start(348)) - s9@group-CC7C26FA9352: start with initializing state, conf=-1: peers:[]|listeners:[], old=null
2023-03-07 04:41:06,596 INFO  server.RaftServer$Division (RaftServerImpl.java:setRole(329)) - s9@group-CC7C26FA9352: changes role from      null to FOLLOWER at term 0 for startInitializing
2023-03-07 04:41:06,596 INFO  util.JmxRegister (JmxRegister.java:tryRegister(44)) - Successfully registered JMX Bean with object name Ratis:service=RaftServer,group=group-CC7C26FA9352,id=s9
2023-03-07 04:41:06,596 INFO  server.RaftServerConfigKeys (ConfUtils.java:logGet(46)) - raft.server.snapshot.auto.trigger.enabled = false (default)
2023-03-07 04:41:06,597 INFO  server.RaftServerConfigKeys (ConfUtils.java:logGet(46)) - raft.server.snapshot.retention.file.num = -1 (default)
2023-03-07 04:41:06,597 INFO  server.RaftServerConfigKeys (ConfUtils.java:logGet(46)) - raft.server.log.purge.upto.snapshot.index = false (default)
2023-03-07 04:41:06,600 INFO  server.RaftServer (RaftServerProxy.java:startImpl(401)) - s9: start RPC server
2023-03-07 04:41:06,603 INFO  server.GrpcService (GrpcService.java:startImpl(302)) - s9: GrpcService started, listening on 40503
2023-03-07 04:41:06,604 INFO  server.RaftServerConfigKeys (ConfUtils.java:logGet(46)) - raft.server.storage.free-space.min = 0MB (=0) (default)
2023-03-07 04:41:06,604 INFO  server.RaftServerConfigKeys (ConfUtils.java:logGet(46)) - raft.server.log.corruption.policy = EXCEPTION (default)
2023-03-07 04:41:06,604 INFO  server.RaftServerConfigKeys (ConfUtils.java:logGet(46)) - raft.server.storage.dir = [/home/runner/work/ratis/ratis/ratis-examples/target/test/data/fa33b8e4/MiniRaftClusterWithGrpc428a8d48/s11] (custom)
2023-03-07 04:41:06,604 INFO  storage.RaftStorageDirectory (RaftStorageDirectoryImpl.java:analyzeStorage(138)) - The storage directory /home/runner/work/ratis/ratis/ratis-examples/target/test/data/fa33b8e4/MiniRaftClusterWithGrpc428a8d48/s11/5ad791e7-ef4a-4c8a-a2a8-cc7c26fa9352 does not exist. Creating ...
2023-03-07 04:41:06,604 TRACE util.FileUtils (LogUtils.java:runAndLog(49)) - Successfully ran Files.createDirectories /home/runner/work/ratis/ratis/ratis-examples/target/test/data/fa33b8e4/MiniRaftClusterWithGrpc428a8d48/s11/5ad791e7-ef4a-4c8a-a2a8-cc7c26fa9352
2023-03-07 04:41:06,605 INFO  util.JvmPauseMonitor (JvmPauseMonitor.java:run(103)) - JvmPauseMonitor-s9: Started
2023-03-07 04:41:06,605 INFO  storage.RaftStorageDirectory (RaftStorageDirectoryImpl.java:tryLock(232)) - Lock on /home/runner/work/ratis/ratis/ratis-examples/target/test/data/fa33b8e4/MiniRaftClusterWithGrpc428a8d48/s11/5ad791e7-ef4a-4c8a-a2a8-cc7c26fa9352/in_use.lock acquired by nodename 15875@fv-az983-448
2023-03-07 04:41:06,605 TRACE util.FileUtils (LogUtils.java:runAndLog(49)) - Successfully ran Files.createDirectories /home/runner/work/ratis/ratis/ratis-examples/target/test/data/fa33b8e4/MiniRaftClusterWithGrpc428a8d48/s11/5ad791e7-ef4a-4c8a-a2a8-cc7c26fa9352/current
2023-03-07 04:41:06,605 TRACE util.FileUtils (LogUtils.java:runAndLog(49)) - Successfully ran Files.createDirectories /home/runner/work/ratis/ratis/ratis-examples/target/test/data/fa33b8e4/MiniRaftClusterWithGrpc428a8d48/s11/5ad791e7-ef4a-4c8a-a2a8-cc7c26fa9352/sm
2023-03-07 04:41:06,606 INFO  storage.RaftStorage (RaftStorageImpl.java:format(96)) - Storage directory /home/runner/work/ratis/ratis/ratis-examples/target/test/data/fa33b8e4/MiniRaftClusterWithGrpc428a8d48/s11/5ad791e7-ef4a-4c8a-a2a8-cc7c26fa9352 has been successfully formatted.
2023-03-07 04:41:06,606 WARN  statemachine.StateMachine (ArithmeticStateMachine.java:loadSnapshot(116)) - The snapshot info is null.
2023-03-07 04:41:06,606 INFO  server.RaftServerConfigKeys (ConfUtils.java:logGet(46)) - raft.server.log.use.memory = false (default)
2023-03-07 04:41:06,606 INFO  server.RaftServerConfigKeys (ConfUtils.java:logGet(46)) - raft.server.log.purge.gap = 1024 (default)
2023-03-07 04:41:06,606 INFO  server.RaftServerConfigKeys (ConfUtils.java:logGet(46)) - raft.server.log.appender.buffer.byte-limit = 4MB (=4194304) (default)
2023-03-07 04:41:06,606 INFO  server.RaftServerConfigKeys (ConfUtils.java:logGet(46)) - raft.server.log.statemachine.data.read.timeout = 1000ms (default)
2023-03-07 04:41:06,606 INFO  server.RaftServerConfigKeys (ConfUtils.java:logGet(46)) - raft.server.log.purge.preservation.log.num = 0 (default)
2023-03-07 04:41:06,606 INFO  server.RaftServerConfigKeys (ConfUtils.java:logGet(46)) - raft.server.log.segment.size.max = 8MB (=8388608) (default)
2023-03-07 04:41:06,607 INFO  server.RaftServerConfigKeys (ConfUtils.java:logGet(46)) - raft.server.log.segment.cache.num.max = 6 (default)
2023-03-07 04:41:06,607 INFO  server.RaftServerConfigKeys (ConfUtils.java:logGet(46)) - raft.server.log.segment.cache.size.max = 200MB (=209715200) (default)
2023-03-07 04:41:06,607 INFO  server.RaftServerConfigKeys (ConfUtils.java:logGet(46)) - raft.server.log.appender.buffer.byte-limit = 4MB (=4194304) (default)
2023-03-07 04:41:06,607 INFO  segmented.SegmentedRaftLogWorker (SegmentedRaftLogWorker.java:<init>(183)) - new s11@group-CC7C26FA9352-SegmentedRaftLogWorker for RaftStorageImpl:Storage Directory /home/runner/work/ratis/ratis/ratis-examples/target/test/data/fa33b8e4/MiniRaftClusterWithGrpc428a8d48/s11/5ad791e7-ef4a-4c8a-a2a8-cc7c26fa9352
2023-03-07 04:41:06,607 INFO  server.RaftServerConfigKeys (ConfUtils.java:logGet(46)) - raft.server.log.queue.byte-limit = 64MB (=67108864) (default)
2023-03-07 04:41:06,607 INFO  server.RaftServerConfigKeys (ConfUtils.java:logGet(46)) - raft.server.log.queue.element-limit = 4096 (default)
2023-03-07 04:41:06,607 INFO  server.RaftServerConfigKeys (ConfUtils.java:logGet(46)) - raft.server.log.segment.size.max = 8MB (=8388608) (default)
2023-03-07 04:41:06,607 INFO  server.RaftServerConfigKeys (ConfUtils.java:logGet(46)) - raft.server.log.preallocated.size = 4MB (=4194304) (default)
2023-03-07 04:41:06,607 INFO  server.RaftServerConfigKeys (ConfUtils.java:logGet(46)) - raft.server.log.force.sync.num = 128 (default)
2023-03-07 04:41:06,607 INFO  server.RaftServerConfigKeys (ConfUtils.java:logGet(46)) - raft.server.log.statemachine.data.sync = true (default)
2023-03-07 04:41:06,607 INFO  server.RaftServerConfigKeys (ConfUtils.java:logGet(46)) - raft.server.log.statemachine.data.sync.timeout = 10s (default)
2023-03-07 04:41:06,607 INFO  server.RaftServerConfigKeys (ConfUtils.java:logGet(46)) - raft.server.log.statemachine.data.sync.timeout.retry = -1 (default)
2023-03-07 04:41:06,607 INFO  server.RaftServerConfigKeys (ConfUtils.java:logGet(46)) - raft.server.log.write.buffer.size = 64KB (=65536) (default)
2023-03-07 04:41:06,607 INFO  server.RaftServerConfigKeys (ConfUtils.java:logGet(46)) - raft.server.log.appender.buffer.byte-limit = 4MB (=4194304) (default)
2023-03-07 04:41:06,607 INFO  server.RaftServerConfigKeys (ConfUtils.java:logGet(46)) - raft.server.log.unsafe-flush.enabled = false (default)
2023-03-07 04:41:06,607 INFO  server.RaftServerConfigKeys (ConfUtils.java:logGet(46)) - raft.server.log.async-flush.enabled = false (default)
2023-03-07 04:41:06,607 INFO  server.RaftServerConfigKeys (ConfUtils.java:logGet(46)) - raft.server.log.statemachine.data.caching.enabled = false (default)
2023-03-07 04:41:06,607 INFO  segmented.SegmentedRaftLogWorker (SegmentedRaftLogWorker.java:lambda$new$0(134)) - s11@group-CC7C26FA9352-SegmentedRaftLogWorker: flushIndex: setUnconditionally 0 -> -1
2023-03-07 04:41:06,607 INFO  segmented.SegmentedRaftLogWorker (SegmentedRaftLogWorker.java:lambda$new$0(134)) - s11@group-CC7C26FA9352-SegmentedRaftLogWorker: safeCacheEvictIndex: setUnconditionally 0 -> -1
2023-03-07 04:41:06,608 INFO  server.RaftServer$Division (RaftServerImpl.java:start(348)) - s11@group-CC7C26FA9352: start with initializing state, conf=-1: peers:[]|listeners:[], old=null
2023-03-07 04:41:06,608 INFO  server.RaftServer$Division (RaftServerImpl.java:setRole(329)) - s11@group-CC7C26FA9352: changes role from      null to FOLLOWER at term 0 for startInitializing
2023-03-07 04:41:06,608 INFO  util.JmxRegister (JmxRegister.java:tryRegister(44)) - Successfully registered JMX Bean with object name Ratis:service=RaftServer,group=group-CC7C26FA9352,id=s11
2023-03-07 04:41:06,608 INFO  server.RaftServerConfigKeys (ConfUtils.java:logGet(46)) - raft.server.snapshot.auto.trigger.enabled = false (default)
2023-03-07 04:41:06,608 INFO  server.RaftServerConfigKeys (ConfUtils.java:logGet(46)) - raft.server.snapshot.retention.file.num = -1 (default)
2023-03-07 04:41:06,608 INFO  server.RaftServerConfigKeys (ConfUtils.java:logGet(46)) - raft.server.log.purge.upto.snapshot.index = false (default)
2023-03-07 04:41:06,612 INFO  server.RaftServer (RaftServerProxy.java:startImpl(401)) - s11: start RPC server
2023-03-07 04:41:06,616 INFO  server.GrpcService (GrpcService.java:startImpl(302)) - s11: GrpcService started, listening on 40157
2023-03-07 04:41:06,616 INFO  server.RaftServerConfigKeys (ConfUtils.java:logGet(46)) - raft.server.storage.free-space.min = 0MB (=0) (default)
2023-03-07 04:41:06,616 INFO  server.RaftServerConfigKeys (ConfUtils.java:logGet(46)) - raft.server.log.corruption.policy = EXCEPTION (default)
2023-03-07 04:41:06,616 INFO  server.RaftServerConfigKeys (ConfUtils.java:logGet(46)) - raft.server.storage.dir = [/home/runner/work/ratis/ratis/ratis-examples/target/test/data/fa33b8e4/MiniRaftClusterWithGrpc428a8d48/s10] (custom)
2023-03-07 04:41:06,616 INFO  storage.RaftStorageDirectory (RaftStorageDirectoryImpl.java:analyzeStorage(138)) - The storage directory /home/runner/work/ratis/ratis/ratis-examples/target/test/data/fa33b8e4/MiniRaftClusterWithGrpc428a8d48/s10/5ad791e7-ef4a-4c8a-a2a8-cc7c26fa9352 does not exist. Creating ...
2023-03-07 04:41:06,616 TRACE util.FileUtils (LogUtils.java:runAndLog(49)) - Successfully ran Files.createDirectories /home/runner/work/ratis/ratis/ratis-examples/target/test/data/fa33b8e4/MiniRaftClusterWithGrpc428a8d48/s10/5ad791e7-ef4a-4c8a-a2a8-cc7c26fa9352
2023-03-07 04:41:06,617 INFO  util.JvmPauseMonitor (JvmPauseMonitor.java:run(103)) - JvmPauseMonitor-s11: Started
2023-03-07 04:41:06,617 INFO  storage.RaftStorageDirectory (RaftStorageDirectoryImpl.java:tryLock(232)) - Lock on /home/runner/work/ratis/ratis/ratis-examples/target/test/data/fa33b8e4/MiniRaftClusterWithGrpc428a8d48/s10/5ad791e7-ef4a-4c8a-a2a8-cc7c26fa9352/in_use.lock acquired by nodename 15875@fv-az983-448
2023-03-07 04:41:06,617 TRACE util.FileUtils (LogUtils.java:runAndLog(49)) - Successfully ran Files.createDirectories /home/runner/work/ratis/ratis/ratis-examples/target/test/data/fa33b8e4/MiniRaftClusterWithGrpc428a8d48/s10/5ad791e7-ef4a-4c8a-a2a8-cc7c26fa9352/current
2023-03-07 04:41:06,617 TRACE util.FileUtils (LogUtils.java:runAndLog(49)) - Successfully ran Files.createDirectories /home/runner/work/ratis/ratis/ratis-examples/target/test/data/fa33b8e4/MiniRaftClusterWithGrpc428a8d48/s10/5ad791e7-ef4a-4c8a-a2a8-cc7c26fa9352/sm
2023-03-07 04:41:06,618 INFO  storage.RaftStorage (RaftStorageImpl.java:format(96)) - Storage directory /home/runner/work/ratis/ratis/ratis-examples/target/test/data/fa33b8e4/MiniRaftClusterWithGrpc428a8d48/s10/5ad791e7-ef4a-4c8a-a2a8-cc7c26fa9352 has been successfully formatted.
2023-03-07 04:41:06,618 WARN  statemachine.StateMachine (ArithmeticStateMachine.java:loadSnapshot(116)) - The snapshot info is null.
2023-03-07 04:41:06,618 INFO  server.RaftServerConfigKeys (ConfUtils.java:logGet(46)) - raft.server.log.use.memory = false (default)
2023-03-07 04:41:06,618 INFO  server.RaftServerConfigKeys (ConfUtils.java:logGet(46)) - raft.server.log.purge.gap = 1024 (default)
2023-03-07 04:41:06,618 INFO  server.RaftServerConfigKeys (ConfUtils.java:logGet(46)) - raft.server.log.appender.buffer.byte-limit = 4MB (=4194304) (default)
2023-03-07 04:41:06,618 INFO  server.RaftServerConfigKeys (ConfUtils.java:logGet(46)) - raft.server.log.statemachine.data.read.timeout = 1000ms (default)
2023-03-07 04:41:06,618 INFO  server.RaftServerConfigKeys (ConfUtils.java:logGet(46)) - raft.server.log.purge.preservation.log.num = 0 (default)
2023-03-07 04:41:06,619 INFO  server.RaftServerConfigKeys (ConfUtils.java:logGet(46)) - raft.server.log.segment.size.max = 8MB (=8388608) (default)
2023-03-07 04:41:06,619 INFO  server.RaftServerConfigKeys (ConfUtils.java:logGet(46)) - raft.server.log.segment.cache.num.max = 6 (default)
2023-03-07 04:41:06,619 INFO  server.RaftServerConfigKeys (ConfUtils.java:logGet(46)) - raft.server.log.segment.cache.size.max = 200MB (=209715200) (default)
2023-03-07 04:41:06,619 INFO  server.RaftServerConfigKeys (ConfUtils.java:logGet(46)) - raft.server.log.appender.buffer.byte-limit = 4MB (=4194304) (default)
2023-03-07 04:41:06,619 INFO  segmented.SegmentedRaftLogWorker (SegmentedRaftLogWorker.java:<init>(183)) - new s10@group-CC7C26FA9352-SegmentedRaftLogWorker for RaftStorageImpl:Storage Directory /home/runner/work/ratis/ratis/ratis-examples/target/test/data/fa33b8e4/MiniRaftClusterWithGrpc428a8d48/s10/5ad791e7-ef4a-4c8a-a2a8-cc7c26fa9352
2023-03-07 04:41:06,619 INFO  server.RaftServerConfigKeys (ConfUtils.java:logGet(46)) - raft.server.log.queue.byte-limit = 64MB (=67108864) (default)
2023-03-07 04:41:06,619 INFO  server.RaftServerConfigKeys (ConfUtils.java:logGet(46)) - raft.server.log.queue.element-limit = 4096 (default)
2023-03-07 04:41:06,619 INFO  server.RaftServerConfigKeys (ConfUtils.java:logGet(46)) - raft.server.log.segment.size.max = 8MB (=8388608) (default)
2023-03-07 04:41:06,619 INFO  server.RaftServerConfigKeys (ConfUtils.java:logGet(46)) - raft.server.log.preallocated.size = 4MB (=4194304) (default)
2023-03-07 04:41:06,619 INFO  server.RaftServerConfigKeys (ConfUtils.java:logGet(46)) - raft.server.log.force.sync.num = 128 (default)
2023-03-07 04:41:06,619 INFO  server.RaftServerConfigKeys (ConfUtils.java:logGet(46)) - raft.server.log.statemachine.data.sync = true (default)
2023-03-07 04:41:06,619 INFO  server.RaftServerConfigKeys (ConfUtils.java:logGet(46)) - raft.server.log.statemachine.data.sync.timeout = 10s (default)
2023-03-07 04:41:06,619 INFO  server.RaftServerConfigKeys (ConfUtils.java:logGet(46)) - raft.server.log.statemachine.data.sync.timeout.retry = -1 (default)
2023-03-07 04:41:06,619 INFO  server.RaftServerConfigKeys (ConfUtils.java:logGet(46)) - raft.server.log.write.buffer.size = 64KB (=65536) (default)
2023-03-07 04:41:06,619 INFO  server.RaftServerConfigKeys (ConfUtils.java:logGet(46)) - raft.server.log.appender.buffer.byte-limit = 4MB (=4194304) (default)
2023-03-07 04:41:06,620 INFO  server.RaftServerConfigKeys (ConfUtils.java:logGet(46)) - raft.server.log.unsafe-flush.enabled = false (default)
2023-03-07 04:41:06,620 INFO  server.RaftServerConfigKeys (ConfUtils.java:logGet(46)) - raft.server.log.async-flush.enabled = false (default)
2023-03-07 04:41:06,620 INFO  server.RaftServerConfigKeys (ConfUtils.java:logGet(46)) - raft.server.log.statemachine.data.caching.enabled = false (default)
2023-03-07 04:41:06,620 INFO  segmented.SegmentedRaftLogWorker (SegmentedRaftLogWorker.java:lambda$new$0(134)) - s10@group-CC7C26FA9352-SegmentedRaftLogWorker: flushIndex: setUnconditionally 0 -> -1
2023-03-07 04:41:06,620 INFO  segmented.SegmentedRaftLogWorker (SegmentedRaftLogWorker.java:lambda$new$0(134)) - s10@group-CC7C26FA9352-SegmentedRaftLogWorker: safeCacheEvictIndex: setUnconditionally 0 -> -1
2023-03-07 04:41:06,620 INFO  server.RaftServer$Division (RaftServerImpl.java:start(348)) - s10@group-CC7C26FA9352: start with initializing state, conf=-1: peers:[]|listeners:[], old=null
2023-03-07 04:41:06,620 INFO  server.RaftServer$Division (RaftServerImpl.java:setRole(329)) - s10@group-CC7C26FA9352: changes role from      null to FOLLOWER at term 0 for startInitializing
2023-03-07 04:41:06,621 INFO  util.JmxRegister (JmxRegister.java:tryRegister(44)) - Successfully registered JMX Bean with object name Ratis:service=RaftServer,group=group-CC7C26FA9352,id=s10
2023-03-07 04:41:06,621 INFO  server.RaftServerConfigKeys (ConfUtils.java:logGet(46)) - raft.server.snapshot.auto.trigger.enabled = false (default)
2023-03-07 04:41:06,621 INFO  server.RaftServerConfigKeys (ConfUtils.java:logGet(46)) - raft.server.snapshot.retention.file.num = -1 (default)
2023-03-07 04:41:06,621 INFO  server.RaftServerConfigKeys (ConfUtils.java:logGet(46)) - raft.server.log.purge.upto.snapshot.index = false (default)
2023-03-07 04:41:06,621 INFO  server.RaftServer (RaftServerProxy.java:startImpl(401)) - s10: start RPC server
2023-03-07 04:41:06,622 INFO  server.GrpcService (GrpcService.java:startImpl(302)) - s10: GrpcService started, listening on 42347
2023-03-07 04:41:06,623 INFO  server.RaftServerConfigKeys (ConfUtils.java:logGet(46)) - raft.server.storage.free-space.min = 0MB (=0) (default)
2023-03-07 04:41:06,623 INFO  server.RaftServerConfigKeys (ConfUtils.java:logGet(46)) - raft.server.log.corruption.policy = EXCEPTION (default)
2023-03-07 04:41:06,623 INFO  server.RaftServerConfigKeys (ConfUtils.java:logGet(46)) - raft.server.storage.dir = [/home/runner/work/ratis/ratis/ratis-examples/target/test/data/fa33b8e4/MiniRaftClusterWithGrpc428a8d48/s13] (custom)
2023-03-07 04:41:06,623 INFO  storage.RaftStorageDirectory (RaftStorageDirectoryImpl.java:analyzeStorage(138)) - The storage directory /home/runner/work/ratis/ratis/ratis-examples/target/test/data/fa33b8e4/MiniRaftClusterWithGrpc428a8d48/s13/5ad791e7-ef4a-4c8a-a2a8-cc7c26fa9352 does not exist. Creating ...
2023-03-07 04:41:06,623 TRACE util.FileUtils (LogUtils.java:runAndLog(49)) - Successfully ran Files.createDirectories /home/runner/work/ratis/ratis/ratis-examples/target/test/data/fa33b8e4/MiniRaftClusterWithGrpc428a8d48/s13/5ad791e7-ef4a-4c8a-a2a8-cc7c26fa9352
2023-03-07 04:41:06,623 INFO  util.JvmPauseMonitor (JvmPauseMonitor.java:run(103)) - JvmPauseMonitor-s10: Started
2023-03-07 04:41:06,624 INFO  storage.RaftStorageDirectory (RaftStorageDirectoryImpl.java:tryLock(232)) - Lock on /home/runner/work/ratis/ratis/ratis-examples/target/test/data/fa33b8e4/MiniRaftClusterWithGrpc428a8d48/s13/5ad791e7-ef4a-4c8a-a2a8-cc7c26fa9352/in_use.lock acquired by nodename 15875@fv-az983-448
2023-03-07 04:41:06,624 TRACE util.FileUtils (LogUtils.java:runAndLog(49)) - Successfully ran Files.createDirectories /home/runner/work/ratis/ratis/ratis-examples/target/test/data/fa33b8e4/MiniRaftClusterWithGrpc428a8d48/s13/5ad791e7-ef4a-4c8a-a2a8-cc7c26fa9352/current
2023-03-07 04:41:06,624 TRACE util.FileUtils (LogUtils.java:runAndLog(49)) - Successfully ran Files.createDirectories /home/runner/work/ratis/ratis/ratis-examples/target/test/data/fa33b8e4/MiniRaftClusterWithGrpc428a8d48/s13/5ad791e7-ef4a-4c8a-a2a8-cc7c26fa9352/sm
2023-03-07 04:41:06,625 INFO  storage.RaftStorage (RaftStorageImpl.java:format(96)) - Storage directory /home/runner/work/ratis/ratis/ratis-examples/target/test/data/fa33b8e4/MiniRaftClusterWithGrpc428a8d48/s13/5ad791e7-ef4a-4c8a-a2a8-cc7c26fa9352 has been successfully formatted.
2023-03-07 04:41:06,625 WARN  statemachine.StateMachine (ArithmeticStateMachine.java:loadSnapshot(116)) - The snapshot info is null.
2023-03-07 04:41:06,625 INFO  server.RaftServerConfigKeys (ConfUtils.java:logGet(46)) - raft.server.log.use.memory = false (default)
2023-03-07 04:41:06,625 INFO  server.RaftServerConfigKeys (ConfUtils.java:logGet(46)) - raft.server.log.purge.gap = 1024 (default)
2023-03-07 04:41:06,625 INFO  server.RaftServerConfigKeys (ConfUtils.java:logGet(46)) - raft.server.log.appender.buffer.byte-limit = 4MB (=4194304) (default)
2023-03-07 04:41:06,625 INFO  server.RaftServerConfigKeys (ConfUtils.java:logGet(46)) - raft.server.log.statemachine.data.read.timeout = 1000ms (default)
2023-03-07 04:41:06,625 INFO  server.RaftServerConfigKeys (ConfUtils.java:logGet(46)) - raft.server.log.purge.preservation.log.num = 0 (default)
2023-03-07 04:41:06,625 INFO  server.RaftServerConfigKeys (ConfUtils.java:logGet(46)) - raft.server.log.segment.size.max = 8MB (=8388608) (default)
2023-03-07 04:41:06,626 INFO  server.RaftServerConfigKeys (ConfUtils.java:logGet(46)) - raft.server.log.segment.cache.num.max = 6 (default)
2023-03-07 04:41:06,626 INFO  server.RaftServerConfigKeys (ConfUtils.java:logGet(46)) - raft.server.log.segment.cache.size.max = 200MB (=209715200) (default)
2023-03-07 04:41:06,626 INFO  server.RaftServerConfigKeys (ConfUtils.java:logGet(46)) - raft.server.log.appender.buffer.byte-limit = 4MB (=4194304) (default)
2023-03-07 04:41:06,626 INFO  segmented.SegmentedRaftLogWorker (SegmentedRaftLogWorker.java:<init>(183)) - new s13@group-CC7C26FA9352-SegmentedRaftLogWorker for RaftStorageImpl:Storage Directory /home/runner/work/ratis/ratis/ratis-examples/target/test/data/fa33b8e4/MiniRaftClusterWithGrpc428a8d48/s13/5ad791e7-ef4a-4c8a-a2a8-cc7c26fa9352
2023-03-07 04:41:06,626 INFO  server.RaftServerConfigKeys (ConfUtils.java:logGet(46)) - raft.server.log.queue.byte-limit = 64MB (=67108864) (default)
2023-03-07 04:41:06,626 INFO  server.RaftServerConfigKeys (ConfUtils.java:logGet(46)) - raft.server.log.queue.element-limit = 4096 (default)
2023-03-07 04:41:06,626 INFO  server.RaftServerConfigKeys (ConfUtils.java:logGet(46)) - raft.server.log.segment.size.max = 8MB (=8388608) (default)
2023-03-07 04:41:06,626 INFO  server.RaftServerConfigKeys (ConfUtils.java:logGet(46)) - raft.server.log.preallocated.size = 4MB (=4194304) (default)
2023-03-07 04:41:06,626 INFO  server.RaftServerConfigKeys (ConfUtils.java:logGet(46)) - raft.server.log.force.sync.num = 128 (default)
2023-03-07 04:41:06,626 INFO  server.RaftServerConfigKeys (ConfUtils.java:logGet(46)) - raft.server.log.statemachine.data.sync = true (default)
2023-03-07 04:41:06,626 INFO  server.RaftServerConfigKeys (ConfUtils.java:logGet(46)) - raft.server.log.statemachine.data.sync.timeout = 10s (default)
2023-03-07 04:41:06,626 INFO  server.RaftServerConfigKeys (ConfUtils.java:logGet(46)) - raft.server.log.statemachine.data.sync.timeout.retry = -1 (default)
2023-03-07 04:41:06,626 INFO  server.RaftServerConfigKeys (ConfUtils.java:logGet(46)) - raft.server.log.write.buffer.size = 64KB (=65536) (default)
2023-03-07 04:41:06,626 INFO  server.RaftServerConfigKeys (ConfUtils.java:logGet(46)) - raft.server.log.appender.buffer.byte-limit = 4MB (=4194304) (default)
2023-03-07 04:41:06,626 INFO  server.RaftServerConfigKeys (ConfUtils.java:logGet(46)) - raft.server.log.unsafe-flush.enabled = false (default)
2023-03-07 04:41:06,626 INFO  server.RaftServerConfigKeys (ConfUtils.java:logGet(46)) - raft.server.log.async-flush.enabled = false (default)
2023-03-07 04:41:06,626 INFO  server.RaftServerConfigKeys (ConfUtils.java:logGet(46)) - raft.server.log.statemachine.data.caching.enabled = false (default)
2023-03-07 04:41:06,627 INFO  segmented.SegmentedRaftLogWorker (SegmentedRaftLogWorker.java:lambda$new$0(134)) - s13@group-CC7C26FA9352-SegmentedRaftLogWorker: flushIndex: setUnconditionally 0 -> -1
2023-03-07 04:41:06,627 INFO  segmented.SegmentedRaftLogWorker (SegmentedRaftLogWorker.java:lambda$new$0(134)) - s13@group-CC7C26FA9352-SegmentedRaftLogWorker: safeCacheEvictIndex: setUnconditionally 0 -> -1
2023-03-07 04:41:06,627 INFO  server.RaftServer$Division (RaftServerImpl.java:start(348)) - s13@group-CC7C26FA9352: start with initializing state, conf=-1: peers:[]|listeners:[], old=null
2023-03-07 04:41:06,627 INFO  server.RaftServer$Division (RaftServerImpl.java:setRole(329)) - s13@group-CC7C26FA9352: changes role from      null to FOLLOWER at term 0 for startInitializing
2023-03-07 04:41:06,627 INFO  util.JmxRegister (JmxRegister.java:tryRegister(44)) - Successfully registered JMX Bean with object name Ratis:service=RaftServer,group=group-CC7C26FA9352,id=s13
2023-03-07 04:41:06,627 INFO  server.RaftServerConfigKeys (ConfUtils.java:logGet(46)) - raft.server.snapshot.auto.trigger.enabled = false (default)
2023-03-07 04:41:06,627 INFO  server.RaftServerConfigKeys (ConfUtils.java:logGet(46)) - raft.server.snapshot.retention.file.num = -1 (default)
2023-03-07 04:41:06,627 INFO  server.RaftServerConfigKeys (ConfUtils.java:logGet(46)) - raft.server.log.purge.upto.snapshot.index = false (default)
2023-03-07 04:41:06,627 INFO  server.RaftServer (RaftServerProxy.java:startImpl(401)) - s13: start RPC server
2023-03-07 04:41:06,628 INFO  server.GrpcService (GrpcService.java:startImpl(302)) - s13: GrpcService started, listening on 39349
2023-03-07 04:41:06,629 INFO  server.RaftServerConfigKeys (ConfUtils.java:logGet(46)) - raft.server.storage.free-space.min = 0MB (=0) (default)
2023-03-07 04:41:06,629 INFO  server.RaftServerConfigKeys (ConfUtils.java:logGet(46)) - raft.server.log.corruption.policy = EXCEPTION (default)
2023-03-07 04:41:06,629 INFO  server.RaftServerConfigKeys (ConfUtils.java:logGet(46)) - raft.server.storage.dir = [/home/runner/work/ratis/ratis/ratis-examples/target/test/data/fa33b8e4/MiniRaftClusterWithGrpc428a8d48/s12] (custom)
2023-03-07 04:41:06,629 INFO  storage.RaftStorageDirectory (RaftStorageDirectoryImpl.java:analyzeStorage(138)) - The storage directory /home/runner/work/ratis/ratis/ratis-examples/target/test/data/fa33b8e4/MiniRaftClusterWithGrpc428a8d48/s12/5ad791e7-ef4a-4c8a-a2a8-cc7c26fa9352 does not exist. Creating ...
2023-03-07 04:41:06,629 TRACE util.FileUtils (LogUtils.java:runAndLog(49)) - Successfully ran Files.createDirectories /home/runner/work/ratis/ratis/ratis-examples/target/test/data/fa33b8e4/MiniRaftClusterWithGrpc428a8d48/s12/5ad791e7-ef4a-4c8a-a2a8-cc7c26fa9352
2023-03-07 04:41:06,629 INFO  util.JvmPauseMonitor (JvmPauseMonitor.java:run(103)) - JvmPauseMonitor-s13: Started
2023-03-07 04:41:06,630 INFO  storage.RaftStorageDirectory (RaftStorageDirectoryImpl.java:tryLock(232)) - Lock on /home/runner/work/ratis/ratis/ratis-examples/target/test/data/fa33b8e4/MiniRaftClusterWithGrpc428a8d48/s12/5ad791e7-ef4a-4c8a-a2a8-cc7c26fa9352/in_use.lock acquired by nodename 15875@fv-az983-448
2023-03-07 04:41:06,630 TRACE util.FileUtils (LogUtils.java:runAndLog(49)) - Successfully ran Files.createDirectories /home/runner/work/ratis/ratis/ratis-examples/target/test/data/fa33b8e4/MiniRaftClusterWithGrpc428a8d48/s12/5ad791e7-ef4a-4c8a-a2a8-cc7c26fa9352/current
2023-03-07 04:41:06,630 TRACE util.FileUtils (LogUtils.java:runAndLog(49)) - Successfully ran Files.createDirectories /home/runner/work/ratis/ratis/ratis-examples/target/test/data/fa33b8e4/MiniRaftClusterWithGrpc428a8d48/s12/5ad791e7-ef4a-4c8a-a2a8-cc7c26fa9352/sm
2023-03-07 04:41:06,631 INFO  storage.RaftStorage (RaftStorageImpl.java:format(96)) - Storage directory /home/runner/work/ratis/ratis/ratis-examples/target/test/data/fa33b8e4/MiniRaftClusterWithGrpc428a8d48/s12/5ad791e7-ef4a-4c8a-a2a8-cc7c26fa9352 has been successfully formatted.
2023-03-07 04:41:06,631 WARN  statemachine.StateMachine (ArithmeticStateMachine.java:loadSnapshot(116)) - The snapshot info is null.
2023-03-07 04:41:06,631 INFO  server.RaftServerConfigKeys (ConfUtils.java:logGet(46)) - raft.server.log.use.memory = false (default)
2023-03-07 04:41:06,631 INFO  server.RaftServerConfigKeys (ConfUtils.java:logGet(46)) - raft.server.log.purge.gap = 1024 (default)
2023-03-07 04:41:06,631 INFO  server.RaftServerConfigKeys (ConfUtils.java:logGet(46)) - raft.server.log.appender.buffer.byte-limit = 4MB (=4194304) (default)
2023-03-07 04:41:06,631 INFO  server.RaftServerConfigKeys (ConfUtils.java:logGet(46)) - raft.server.log.statemachine.data.read.timeout = 1000ms (default)
2023-03-07 04:41:06,631 INFO  server.RaftServerConfigKeys (ConfUtils.java:logGet(46)) - raft.server.log.purge.preservation.log.num = 0 (default)
2023-03-07 04:41:06,632 INFO  server.RaftServerConfigKeys (ConfUtils.java:logGet(46)) - raft.server.log.segment.size.max = 8MB (=8388608) (default)
2023-03-07 04:41:06,632 INFO  server.RaftServerConfigKeys (ConfUtils.java:logGet(46)) - raft.server.log.segment.cache.num.max = 6 (default)
2023-03-07 04:41:06,632 INFO  server.RaftServerConfigKeys (ConfUtils.java:logGet(46)) - raft.server.log.segment.cache.size.max = 200MB (=209715200) (default)
2023-03-07 04:41:06,632 INFO  server.RaftServerConfigKeys (ConfUtils.java:logGet(46)) - raft.server.log.appender.buffer.byte-limit = 4MB (=4194304) (default)
2023-03-07 04:41:06,632 INFO  segmented.SegmentedRaftLogWorker (SegmentedRaftLogWorker.java:<init>(183)) - new s12@group-CC7C26FA9352-SegmentedRaftLogWorker for RaftStorageImpl:Storage Directory /home/runner/work/ratis/ratis/ratis-examples/target/test/data/fa33b8e4/MiniRaftClusterWithGrpc428a8d48/s12/5ad791e7-ef4a-4c8a-a2a8-cc7c26fa9352
2023-03-07 04:41:06,632 INFO  server.RaftServerConfigKeys (ConfUtils.java:logGet(46)) - raft.server.log.queue.byte-limit = 64MB (=67108864) (default)
2023-03-07 04:41:06,632 INFO  server.RaftServerConfigKeys (ConfUtils.java:logGet(46)) - raft.server.log.queue.element-limit = 4096 (default)
2023-03-07 04:41:06,632 INFO  server.RaftServerConfigKeys (ConfUtils.java:logGet(46)) - raft.server.log.segment.size.max = 8MB (=8388608) (default)
2023-03-07 04:41:06,632 INFO  server.RaftServerConfigKeys (ConfUtils.java:logGet(46)) - raft.server.log.preallocated.size = 4MB (=4194304) (default)
2023-03-07 04:41:06,632 INFO  server.RaftServerConfigKeys (ConfUtils.java:logGet(46)) - raft.server.log.force.sync.num = 128 (default)
2023-03-07 04:41:06,632 INFO  server.RaftServerConfigKeys (ConfUtils.java:logGet(46)) - raft.server.log.statemachine.data.sync = true (default)
2023-03-07 04:41:06,632 INFO  server.RaftServerConfigKeys (ConfUtils.java:logGet(46)) - raft.server.log.statemachine.data.sync.timeout = 10s (default)
2023-03-07 04:41:06,632 INFO  server.RaftServerConfigKeys (ConfUtils.java:logGet(46)) - raft.server.log.statemachine.data.sync.timeout.retry = -1 (default)
2023-03-07 04:41:06,632 INFO  server.RaftServerConfigKeys (ConfUtils.java:logGet(46)) - raft.server.log.write.buffer.size = 64KB (=65536) (default)
2023-03-07 04:41:06,632 INFO  server.RaftServerConfigKeys (ConfUtils.java:logGet(46)) - raft.server.log.appender.buffer.byte-limit = 4MB (=4194304) (default)
2023-03-07 04:41:06,633 INFO  server.RaftServerConfigKeys (ConfUtils.java:logGet(46)) - raft.server.log.unsafe-flush.enabled = false (default)
2023-03-07 04:41:06,633 INFO  server.RaftServerConfigKeys (ConfUtils.java:logGet(46)) - raft.server.log.async-flush.enabled = false (default)
2023-03-07 04:41:06,633 INFO  server.RaftServerConfigKeys (ConfUtils.java:logGet(46)) - raft.server.log.statemachine.data.caching.enabled = false (default)
2023-03-07 04:41:06,633 INFO  segmented.SegmentedRaftLogWorker (SegmentedRaftLogWorker.java:lambda$new$0(134)) - s12@group-CC7C26FA9352-SegmentedRaftLogWorker: flushIndex: setUnconditionally 0 -> -1
2023-03-07 04:41:06,633 INFO  segmented.SegmentedRaftLogWorker (SegmentedRaftLogWorker.java:lambda$new$0(134)) - s12@group-CC7C26FA9352-SegmentedRaftLogWorker: safeCacheEvictIndex: setUnconditionally 0 -> -1
2023-03-07 04:41:06,633 INFO  server.RaftServer$Division (RaftServerImpl.java:start(348)) - s12@group-CC7C26FA9352: start with initializing state, conf=-1: peers:[]|listeners:[], old=null
2023-03-07 04:41:06,633 INFO  server.RaftServer$Division (RaftServerImpl.java:setRole(329)) - s12@group-CC7C26FA9352: changes role from      null to FOLLOWER at term 0 for startInitializing
2023-03-07 04:41:06,633 INFO  util.JmxRegister (JmxRegister.java:tryRegister(44)) - Successfully registered JMX Bean with object name Ratis:service=RaftServer,group=group-CC7C26FA9352,id=s12
2023-03-07 04:41:06,633 INFO  server.RaftServerConfigKeys (ConfUtils.java:logGet(46)) - raft.server.snapshot.auto.trigger.enabled = false (default)
2023-03-07 04:41:06,633 INFO  server.RaftServerConfigKeys (ConfUtils.java:logGet(46)) - raft.server.snapshot.retention.file.num = -1 (default)
2023-03-07 04:41:06,633 INFO  server.RaftServerConfigKeys (ConfUtils.java:logGet(46)) - raft.server.log.purge.upto.snapshot.index = false (default)
2023-03-07 04:41:06,633 INFO  server.RaftServer (RaftServerProxy.java:startImpl(401)) - s12: start RPC server
2023-03-07 04:41:06,634 INFO  server.GrpcService (GrpcService.java:startImpl(302)) - s12: GrpcService started, listening on 38475
2023-03-07 04:41:06,634 INFO  server.RaftServerConfigKeys (ConfUtils.java:logGet(46)) - raft.server.storage.free-space.min = 0MB (=0) (default)
2023-03-07 04:41:06,634 INFO  server.RaftServerConfigKeys (ConfUtils.java:logGet(46)) - raft.server.log.corruption.policy = EXCEPTION (default)
2023-03-07 04:41:06,634 INFO  server.RaftServerConfigKeys (ConfUtils.java:logGet(46)) - raft.server.storage.dir = [/home/runner/work/ratis/ratis/ratis-examples/target/test/data/fa33b8e4/MiniRaftClusterWithGrpc428a8d48/s14] (custom)
2023-03-07 04:41:06,635 INFO  storage.RaftStorageDirectory (RaftStorageDirectoryImpl.java:analyzeStorage(138)) - The storage directory /home/runner/work/ratis/ratis/ratis-examples/target/test/data/fa33b8e4/MiniRaftClusterWithGrpc428a8d48/s14/5ad791e7-ef4a-4c8a-a2a8-cc7c26fa9352 does not exist. Creating ...
2023-03-07 04:41:06,635 TRACE util.FileUtils (LogUtils.java:runAndLog(49)) - Successfully ran Files.createDirectories /home/runner/work/ratis/ratis/ratis-examples/target/test/data/fa33b8e4/MiniRaftClusterWithGrpc428a8d48/s14/5ad791e7-ef4a-4c8a-a2a8-cc7c26fa9352
2023-03-07 04:41:06,634 INFO  util.JvmPauseMonitor (JvmPauseMonitor.java:run(103)) - JvmPauseMonitor-s12: Started
2023-03-07 04:41:06,635 INFO  storage.RaftStorageDirectory (RaftStorageDirectoryImpl.java:tryLock(232)) - Lock on /home/runner/work/ratis/ratis/ratis-examples/target/test/data/fa33b8e4/MiniRaftClusterWithGrpc428a8d48/s14/5ad791e7-ef4a-4c8a-a2a8-cc7c26fa9352/in_use.lock acquired by nodename 15875@fv-az983-448
2023-03-07 04:41:06,635 TRACE util.FileUtils (LogUtils.java:runAndLog(49)) - Successfully ran Files.createDirectories /home/runner/work/ratis/ratis/ratis-examples/target/test/data/fa33b8e4/MiniRaftClusterWithGrpc428a8d48/s14/5ad791e7-ef4a-4c8a-a2a8-cc7c26fa9352/current
2023-03-07 04:41:06,636 TRACE util.FileUtils (LogUtils.java:runAndLog(49)) - Successfully ran Files.createDirectories /home/runner/work/ratis/ratis/ratis-examples/target/test/data/fa33b8e4/MiniRaftClusterWithGrpc428a8d48/s14/5ad791e7-ef4a-4c8a-a2a8-cc7c26fa9352/sm
2023-03-07 04:41:06,636 INFO  storage.RaftStorage (RaftStorageImpl.java:format(96)) - Storage directory /home/runner/work/ratis/ratis/ratis-examples/target/test/data/fa33b8e4/MiniRaftClusterWithGrpc428a8d48/s14/5ad791e7-ef4a-4c8a-a2a8-cc7c26fa9352 has been successfully formatted.
2023-03-07 04:41:06,636 WARN  statemachine.StateMachine (ArithmeticStateMachine.java:loadSnapshot(116)) - The snapshot info is null.
2023-03-07 04:41:06,636 INFO  server.RaftServerConfigKeys (ConfUtils.java:logGet(46)) - raft.server.log.use.memory = false (default)
2023-03-07 04:41:06,637 INFO  server.RaftServerConfigKeys (ConfUtils.java:logGet(46)) - raft.server.log.purge.gap = 1024 (default)
2023-03-07 04:41:06,637 INFO  server.RaftServerConfigKeys (ConfUtils.java:logGet(46)) - raft.server.log.appender.buffer.byte-limit = 4MB (=4194304) (default)
2023-03-07 04:41:06,637 INFO  server.RaftServerConfigKeys (ConfUtils.java:logGet(46)) - raft.server.log.statemachine.data.read.timeout = 1000ms (default)
2023-03-07 04:41:06,637 INFO  server.RaftServerConfigKeys (ConfUtils.java:logGet(46)) - raft.server.log.purge.preservation.log.num = 0 (default)
2023-03-07 04:41:06,637 INFO  server.RaftServerConfigKeys (ConfUtils.java:logGet(46)) - raft.server.log.segment.size.max = 8MB (=8388608) (default)
2023-03-07 04:41:06,637 INFO  server.RaftServerConfigKeys (ConfUtils.java:logGet(46)) - raft.server.log.segment.cache.num.max = 6 (default)
2023-03-07 04:41:06,637 INFO  server.RaftServerConfigKeys (ConfUtils.java:logGet(46)) - raft.server.log.segment.cache.size.max = 200MB (=209715200) (default)
2023-03-07 04:41:06,637 INFO  server.RaftServerConfigKeys (ConfUtils.java:logGet(46)) - raft.server.log.appender.buffer.byte-limit = 4MB (=4194304) (default)
2023-03-07 04:41:06,637 INFO  segmented.SegmentedRaftLogWorker (SegmentedRaftLogWorker.java:<init>(183)) - new s14@group-CC7C26FA9352-SegmentedRaftLogWorker for RaftStorageImpl:Storage Directory /home/runner/work/ratis/ratis/ratis-examples/target/test/data/fa33b8e4/MiniRaftClusterWithGrpc428a8d48/s14/5ad791e7-ef4a-4c8a-a2a8-cc7c26fa9352
2023-03-07 04:41:06,637 INFO  server.RaftServerConfigKeys (ConfUtils.java:logGet(46)) - raft.server.log.queue.byte-limit = 64MB (=67108864) (default)
2023-03-07 04:41:06,637 INFO  server.RaftServerConfigKeys (ConfUtils.java:logGet(46)) - raft.server.log.queue.element-limit = 4096 (default)
2023-03-07 04:41:06,637 INFO  server.RaftServerConfigKeys (ConfUtils.java:logGet(46)) - raft.server.log.segment.size.max = 8MB (=8388608) (default)
2023-03-07 04:41:06,637 INFO  server.RaftServerConfigKeys (ConfUtils.java:logGet(46)) - raft.server.log.preallocated.size = 4MB (=4194304) (default)
2023-03-07 04:41:06,637 INFO  server.RaftServerConfigKeys (ConfUtils.java:logGet(46)) - raft.server.log.force.sync.num = 128 (default)
2023-03-07 04:41:06,637 INFO  server.RaftServerConfigKeys (ConfUtils.java:logGet(46)) - raft.server.log.statemachine.data.sync = true (default)
2023-03-07 04:41:06,638 INFO  server.RaftServerConfigKeys (ConfUtils.java:logGet(46)) - raft.server.log.statemachine.data.sync.timeout = 10s (default)
2023-03-07 04:41:06,638 INFO  server.RaftServerConfigKeys (ConfUtils.java:logGet(46)) - raft.server.log.statemachine.data.sync.timeout.retry = -1 (default)
2023-03-07 04:41:06,638 INFO  server.RaftServerConfigKeys (ConfUtils.java:logGet(46)) - raft.server.log.write.buffer.size = 64KB (=65536) (default)
2023-03-07 04:41:06,638 INFO  server.RaftServerConfigKeys (ConfUtils.java:logGet(46)) - raft.server.log.appender.buffer.byte-limit = 4MB (=4194304) (default)
2023-03-07 04:41:06,638 INFO  server.RaftServerConfigKeys (ConfUtils.java:logGet(46)) - raft.server.log.unsafe-flush.enabled = false (default)
2023-03-07 04:41:06,638 INFO  server.RaftServerConfigKeys (ConfUtils.java:logGet(46)) - raft.server.log.async-flush.enabled = false (default)
2023-03-07 04:41:06,638 INFO  server.RaftServerConfigKeys (ConfUtils.java:logGet(46)) - raft.server.log.statemachine.data.caching.enabled = false (default)
2023-03-07 04:41:06,638 INFO  segmented.SegmentedRaftLogWorker (SegmentedRaftLogWorker.java:lambda$new$0(134)) - s14@group-CC7C26FA9352-SegmentedRaftLogWorker: flushIndex: setUnconditionally 0 -> -1
2023-03-07 04:41:06,638 INFO  segmented.SegmentedRaftLogWorker (SegmentedRaftLogWorker.java:lambda$new$0(134)) - s14@group-CC7C26FA9352-SegmentedRaftLogWorker: safeCacheEvictIndex: setUnconditionally 0 -> -1
2023-03-07 04:41:06,648 INFO  server.RaftServer$Division (RaftServerImpl.java:start(348)) - s14@group-CC7C26FA9352: start with initializing state, conf=-1: peers:[]|listeners:[], old=null
2023-03-07 04:41:06,648 INFO  server.RaftServer$Division (RaftServerImpl.java:setRole(329)) - s14@group-CC7C26FA9352: changes role from      null to FOLLOWER at term 0 for startInitializing
2023-03-07 04:41:06,648 INFO  util.JmxRegister (JmxRegister.java:tryRegister(44)) - Successfully registered JMX Bean with object name Ratis:service=RaftServer,group=group-CC7C26FA9352,id=s14
2023-03-07 04:41:06,648 INFO  server.RaftServerConfigKeys (ConfUtils.java:logGet(46)) - raft.server.snapshot.auto.trigger.enabled = false (default)
2023-03-07 04:41:06,648 INFO  server.RaftServerConfigKeys (ConfUtils.java:logGet(46)) - raft.server.snapshot.retention.file.num = -1 (default)
2023-03-07 04:41:06,648 INFO  server.RaftServerConfigKeys (ConfUtils.java:logGet(46)) - raft.server.log.purge.upto.snapshot.index = false (default)
2023-03-07 04:41:06,648 INFO  server.RaftServer (RaftServerProxy.java:startImpl(401)) - s14: start RPC server
2023-03-07 04:41:06,649 INFO  server.GrpcService (GrpcService.java:startImpl(302)) - s14: GrpcService started, listening on 43053
2023-03-07 04:41:06,649 INFO  server.RaftServerConfigKeys (ConfUtils.java:logGet(46)) - raft.server.storage.free-space.min = 0MB (=0) (default)
2023-03-07 04:41:06,649 INFO  server.RaftServerConfigKeys (ConfUtils.java:logGet(46)) - raft.server.log.corruption.policy = EXCEPTION (default)
2023-03-07 04:41:06,649 INFO  util.JvmPauseMonitor (JvmPauseMonitor.java:run(103)) - JvmPauseMonitor-s14: Started
2023-03-07 04:41:06,649 INFO  server.RaftServerConfigKeys (ConfUtils.java:logGet(46)) - raft.server.storage.dir = [/home/runner/work/ratis/ratis/ratis-examples/target/test/data/fa33b8e4/MiniRaftClusterWithGrpc428a8d48/s0] (custom)
2023-03-07 04:41:06,649 INFO  storage.RaftStorageDirectory (RaftStorageDirectoryImpl.java:analyzeStorage(138)) - The storage directory /home/runner/work/ratis/ratis/ratis-examples/target/test/data/fa33b8e4/MiniRaftClusterWithGrpc428a8d48/s0/5ad791e7-ef4a-4c8a-a2a8-cc7c26fa9352 does not exist. Creating ...
2023-03-07 04:41:06,650 TRACE util.FileUtils (LogUtils.java:runAndLog(49)) - Successfully ran Files.createDirectories /home/runner/work/ratis/ratis/ratis-examples/target/test/data/fa33b8e4/MiniRaftClusterWithGrpc428a8d48/s0/5ad791e7-ef4a-4c8a-a2a8-cc7c26fa9352
2023-03-07 04:41:06,650 INFO  storage.RaftStorageDirectory (RaftStorageDirectoryImpl.java:tryLock(232)) - Lock on /home/runner/work/ratis/ratis/ratis-examples/target/test/data/fa33b8e4/MiniRaftClusterWithGrpc428a8d48/s0/5ad791e7-ef4a-4c8a-a2a8-cc7c26fa9352/in_use.lock acquired by nodename 15875@fv-az983-448
2023-03-07 04:41:06,650 TRACE util.FileUtils (LogUtils.java:runAndLog(49)) - Successfully ran Files.createDirectories /home/runner/work/ratis/ratis/ratis-examples/target/test/data/fa33b8e4/MiniRaftClusterWithGrpc428a8d48/s0/5ad791e7-ef4a-4c8a-a2a8-cc7c26fa9352/current
2023-03-07 04:41:06,650 TRACE util.FileUtils (LogUtils.java:runAndLog(49)) - Successfully ran Files.createDirectories /home/runner/work/ratis/ratis/ratis-examples/target/test/data/fa33b8e4/MiniRaftClusterWithGrpc428a8d48/s0/5ad791e7-ef4a-4c8a-a2a8-cc7c26fa9352/sm
2023-03-07 04:41:06,651 INFO  storage.RaftStorage (RaftStorageImpl.java:format(96)) - Storage directory /home/runner/work/ratis/ratis/ratis-examples/target/test/data/fa33b8e4/MiniRaftClusterWithGrpc428a8d48/s0/5ad791e7-ef4a-4c8a-a2a8-cc7c26fa9352 has been successfully formatted.
2023-03-07 04:41:06,651 WARN  statemachine.StateMachine (ArithmeticStateMachine.java:loadSnapshot(116)) - The snapshot info is null.
2023-03-07 04:41:06,651 INFO  server.RaftServerConfigKeys (ConfUtils.java:logGet(46)) - raft.server.log.use.memory = false (default)
2023-03-07 04:41:06,651 INFO  server.RaftServerConfigKeys (ConfUtils.java:logGet(46)) - raft.server.log.purge.gap = 1024 (default)
2023-03-07 04:41:06,651 INFO  server.RaftServerConfigKeys (ConfUtils.java:logGet(46)) - raft.server.log.appender.buffer.byte-limit = 4MB (=4194304) (default)
2023-03-07 04:41:06,651 INFO  server.RaftServerConfigKeys (ConfUtils.java:logGet(46)) - raft.server.log.statemachine.data.read.timeout = 1000ms (default)
2023-03-07 04:41:06,651 INFO  server.RaftServerConfigKeys (ConfUtils.java:logGet(46)) - raft.server.log.purge.preservation.log.num = 0 (default)
2023-03-07 04:41:06,652 INFO  server.RaftServerConfigKeys (ConfUtils.java:logGet(46)) - raft.server.log.segment.size.max = 8MB (=8388608) (default)
2023-03-07 04:41:06,652 INFO  server.RaftServerConfigKeys (ConfUtils.java:logGet(46)) - raft.server.log.segment.cache.num.max = 6 (default)
2023-03-07 04:41:06,652 INFO  server.RaftServerConfigKeys (ConfUtils.java:logGet(46)) - raft.server.log.segment.cache.size.max = 200MB (=209715200) (default)
2023-03-07 04:41:06,652 INFO  server.RaftServerConfigKeys (ConfUtils.java:logGet(46)) - raft.server.log.appender.buffer.byte-limit = 4MB (=4194304) (default)
2023-03-07 04:41:06,652 INFO  segmented.SegmentedRaftLogWorker (SegmentedRaftLogWorker.java:<init>(183)) - new s0@group-CC7C26FA9352-SegmentedRaftLogWorker for RaftStorageImpl:Storage Directory /home/runner/work/ratis/ratis/ratis-examples/target/test/data/fa33b8e4/MiniRaftClusterWithGrpc428a8d48/s0/5ad791e7-ef4a-4c8a-a2a8-cc7c26fa9352
2023-03-07 04:41:06,652 INFO  server.RaftServerConfigKeys (ConfUtils.java:logGet(46)) - raft.server.log.queue.byte-limit = 64MB (=67108864) (default)
2023-03-07 04:41:06,652 INFO  server.RaftServerConfigKeys (ConfUtils.java:logGet(46)) - raft.server.log.queue.element-limit = 4096 (default)
2023-03-07 04:41:06,652 INFO  server.RaftServerConfigKeys (ConfUtils.java:logGet(46)) - raft.server.log.segment.size.max = 8MB (=8388608) (default)
2023-03-07 04:41:06,652 INFO  server.RaftServerConfigKeys (ConfUtils.java:logGet(46)) - raft.server.log.preallocated.size = 4MB (=4194304) (default)
2023-03-07 04:41:06,652 INFO  server.RaftServerConfigKeys (ConfUtils.java:logGet(46)) - raft.server.log.force.sync.num = 128 (default)
2023-03-07 04:41:06,652 INFO  server.RaftServerConfigKeys (ConfUtils.java:logGet(46)) - raft.server.log.statemachine.data.sync = true (default)
2023-03-07 04:41:06,652 INFO  server.RaftServerConfigKeys (ConfUtils.java:logGet(46)) - raft.server.log.statemachine.data.sync.timeout = 10s (default)
2023-03-07 04:41:06,652 INFO  server.RaftServerConfigKeys (ConfUtils.java:logGet(46)) - raft.server.log.statemachine.data.sync.timeout.retry = -1 (default)
2023-03-07 04:41:06,653 INFO  server.RaftServerConfigKeys (ConfUtils.java:logGet(46)) - raft.server.log.write.buffer.size = 64KB (=65536) (default)
2023-03-07 04:41:06,653 INFO  server.RaftServerConfigKeys (ConfUtils.java:logGet(46)) - raft.server.log.appender.buffer.byte-limit = 4MB (=4194304) (default)
2023-03-07 04:41:06,653 INFO  server.RaftServerConfigKeys (ConfUtils.java:logGet(46)) - raft.server.log.unsafe-flush.enabled = false (default)
2023-03-07 04:41:06,653 INFO  server.RaftServerConfigKeys (ConfUtils.java:logGet(46)) - raft.server.log.async-flush.enabled = false (default)
2023-03-07 04:41:06,653 INFO  server.RaftServerConfigKeys (ConfUtils.java:logGet(46)) - raft.server.log.statemachine.data.caching.enabled = false (default)
2023-03-07 04:41:06,653 INFO  segmented.SegmentedRaftLogWorker (SegmentedRaftLogWorker.java:lambda$new$0(134)) - s0@group-CC7C26FA9352-SegmentedRaftLogWorker: flushIndex: setUnconditionally 0 -> -1
2023-03-07 04:41:06,653 INFO  segmented.SegmentedRaftLogWorker (SegmentedRaftLogWorker.java:lambda$new$0(134)) - s0@group-CC7C26FA9352-SegmentedRaftLogWorker: safeCacheEvictIndex: setUnconditionally 0 -> -1
2023-03-07 04:41:06,653 INFO  server.RaftServer$Division (RaftServerImpl.java:start(348)) - s0@group-CC7C26FA9352: start with initializing state, conf=-1: peers:[]|listeners:[], old=null
2023-03-07 04:41:06,653 INFO  server.RaftServer$Division (RaftServerImpl.java:setRole(329)) - s0@group-CC7C26FA9352: changes role from      null to FOLLOWER at term 0 for startInitializing
2023-03-07 04:41:06,653 INFO  util.JmxRegister (JmxRegister.java:tryRegister(44)) - Successfully registered JMX Bean with object name Ratis:service=RaftServer,group=group-CC7C26FA9352,id=s0
2023-03-07 04:41:06,653 INFO  server.RaftServerConfigKeys (ConfUtils.java:logGet(46)) - raft.server.snapshot.auto.trigger.enabled = false (default)
2023-03-07 04:41:06,654 INFO  server.RaftServerConfigKeys (ConfUtils.java:logGet(46)) - raft.server.snapshot.retention.file.num = -1 (default)
2023-03-07 04:41:06,654 INFO  server.RaftServerConfigKeys (ConfUtils.java:logGet(46)) - raft.server.log.purge.upto.snapshot.index = false (default)
2023-03-07 04:41:06,654 INFO  server.RaftServer (RaftServerProxy.java:startImpl(401)) - s0: start RPC server
2023-03-07 04:41:06,658 INFO  server.GrpcService (GrpcService.java:startImpl(302)) - s0: GrpcService started, listening on 45869
2023-03-07 04:41:06,658 INFO  server.RaftServerConfigKeys (ConfUtils.java:logGet(46)) - raft.server.storage.free-space.min = 0MB (=0) (default)
2023-03-07 04:41:06,658 INFO  server.RaftServerConfigKeys (ConfUtils.java:logGet(46)) - raft.server.log.corruption.policy = EXCEPTION (default)
2023-03-07 04:41:06,658 INFO  util.JvmPauseMonitor (JvmPauseMonitor.java:run(103)) - JvmPauseMonitor-s0: Started
2023-03-07 04:41:06,658 INFO  server.RaftServerConfigKeys (ConfUtils.java:logGet(46)) - raft.server.storage.dir = [/home/runner/work/ratis/ratis/ratis-examples/target/test/data/fa33b8e4/MiniRaftClusterWithGrpc428a8d48/s1] (custom)
2023-03-07 04:41:06,658 INFO  storage.RaftStorageDirectory (RaftStorageDirectoryImpl.java:analyzeStorage(138)) - The storage directory /home/runner/work/ratis/ratis/ratis-examples/target/test/data/fa33b8e4/MiniRaftClusterWithGrpc428a8d48/s1/5ad791e7-ef4a-4c8a-a2a8-cc7c26fa9352 does not exist. Creating ...
2023-03-07 04:41:06,659 TRACE util.FileUtils (LogUtils.java:runAndLog(49)) - Successfully ran Files.createDirectories /home/runner/work/ratis/ratis/ratis-examples/target/test/data/fa33b8e4/MiniRaftClusterWithGrpc428a8d48/s1/5ad791e7-ef4a-4c8a-a2a8-cc7c26fa9352
2023-03-07 04:41:06,659 INFO  storage.RaftStorageDirectory (RaftStorageDirectoryImpl.java:tryLock(232)) - Lock on /home/runner/work/ratis/ratis/ratis-examples/target/test/data/fa33b8e4/MiniRaftClusterWithGrpc428a8d48/s1/5ad791e7-ef4a-4c8a-a2a8-cc7c26fa9352/in_use.lock acquired by nodename 15875@fv-az983-448
2023-03-07 04:41:06,659 TRACE util.FileUtils (LogUtils.java:runAndLog(49)) - Successfully ran Files.createDirectories /home/runner/work/ratis/ratis/ratis-examples/target/test/data/fa33b8e4/MiniRaftClusterWithGrpc428a8d48/s1/5ad791e7-ef4a-4c8a-a2a8-cc7c26fa9352/current
2023-03-07 04:41:06,660 TRACE util.FileUtils (LogUtils.java:runAndLog(49)) - Successfully ran Files.createDirectories /home/runner/work/ratis/ratis/ratis-examples/target/test/data/fa33b8e4/MiniRaftClusterWithGrpc428a8d48/s1/5ad791e7-ef4a-4c8a-a2a8-cc7c26fa9352/sm
2023-03-07 04:41:06,660 INFO  storage.RaftStorage (RaftStorageImpl.java:format(96)) - Storage directory /home/runner/work/ratis/ratis/ratis-examples/target/test/data/fa33b8e4/MiniRaftClusterWithGrpc428a8d48/s1/5ad791e7-ef4a-4c8a-a2a8-cc7c26fa9352 has been successfully formatted.
2023-03-07 04:41:06,661 WARN  statemachine.StateMachine (ArithmeticStateMachine.java:loadSnapshot(116)) - The snapshot info is null.
2023-03-07 04:41:06,661 INFO  server.RaftServerConfigKeys (ConfUtils.java:logGet(46)) - raft.server.log.use.memory = false (default)
2023-03-07 04:41:06,661 INFO  server.RaftServerConfigKeys (ConfUtils.java:logGet(46)) - raft.server.log.purge.gap = 1024 (default)
2023-03-07 04:41:06,661 INFO  server.RaftServerConfigKeys (ConfUtils.java:logGet(46)) - raft.server.log.appender.buffer.byte-limit = 4MB (=4194304) (default)
2023-03-07 04:41:06,661 INFO  server.RaftServerConfigKeys (ConfUtils.java:logGet(46)) - raft.server.log.statemachine.data.read.timeout = 1000ms (default)
2023-03-07 04:41:06,661 INFO  server.RaftServerConfigKeys (ConfUtils.java:logGet(46)) - raft.server.log.purge.preservation.log.num = 0 (default)
2023-03-07 04:41:06,661 INFO  server.RaftServerConfigKeys (ConfUtils.java:logGet(46)) - raft.server.log.segment.size.max = 8MB (=8388608) (default)
2023-03-07 04:41:06,662 INFO  server.RaftServerConfigKeys (ConfUtils.java:logGet(46)) - raft.server.log.segment.cache.num.max = 6 (default)
2023-03-07 04:41:06,662 INFO  server.RaftServerConfigKeys (ConfUtils.java:logGet(46)) - raft.server.log.segment.cache.size.max = 200MB (=209715200) (default)
2023-03-07 04:41:06,662 INFO  server.RaftServerConfigKeys (ConfUtils.java:logGet(46)) - raft.server.log.appender.buffer.byte-limit = 4MB (=4194304) (default)
2023-03-07 04:41:06,662 INFO  segmented.SegmentedRaftLogWorker (SegmentedRaftLogWorker.java:<init>(183)) - new s1@group-CC7C26FA9352-SegmentedRaftLogWorker for RaftStorageImpl:Storage Directory /home/runner/work/ratis/ratis/ratis-examples/target/test/data/fa33b8e4/MiniRaftClusterWithGrpc428a8d48/s1/5ad791e7-ef4a-4c8a-a2a8-cc7c26fa9352
2023-03-07 04:41:06,662 INFO  server.RaftServerConfigKeys (ConfUtils.java:logGet(46)) - raft.server.log.queue.byte-limit = 64MB (=67108864) (default)
2023-03-07 04:41:06,662 INFO  server.RaftServerConfigKeys (ConfUtils.java:logGet(46)) - raft.server.log.queue.element-limit = 4096 (default)
2023-03-07 04:41:06,662 INFO  server.RaftServerConfigKeys (ConfUtils.java:logGet(46)) - raft.server.log.segment.size.max = 8MB (=8388608) (default)
2023-03-07 04:41:06,662 INFO  server.RaftServerConfigKeys (ConfUtils.java:logGet(46)) - raft.server.log.preallocated.size = 4MB (=4194304) (default)
2023-03-07 04:41:06,662 INFO  server.RaftServerConfigKeys (ConfUtils.java:logGet(46)) - raft.server.log.force.sync.num = 128 (default)
2023-03-07 04:41:06,662 INFO  server.RaftServerConfigKeys (ConfUtils.java:logGet(46)) - raft.server.log.statemachine.data.sync = true (default)
2023-03-07 04:41:06,662 INFO  server.RaftServerConfigKeys (ConfUtils.java:logGet(46)) - raft.server.log.statemachine.data.sync.timeout = 10s (default)
2023-03-07 04:41:06,662 INFO  server.RaftServerConfigKeys (ConfUtils.java:logGet(46)) - raft.server.log.statemachine.data.sync.timeout.retry = -1 (default)
2023-03-07 04:41:06,662 INFO  server.RaftServerConfigKeys (ConfUtils.java:logGet(46)) - raft.server.log.write.buffer.size = 64KB (=65536) (default)
2023-03-07 04:41:06,662 INFO  server.RaftServerConfigKeys (ConfUtils.java:logGet(46)) - raft.server.log.appender.buffer.byte-limit = 4MB (=4194304) (default)
2023-03-07 04:41:06,662 INFO  server.RaftServerConfigKeys (ConfUtils.java:logGet(46)) - raft.server.log.unsafe-flush.enabled = false (default)
2023-03-07 04:41:06,662 INFO  server.RaftServerConfigKeys (ConfUtils.java:logGet(46)) - raft.server.log.async-flush.enabled = false (default)
2023-03-07 04:41:06,662 INFO  server.RaftServerConfigKeys (ConfUtils.java:logGet(46)) - raft.server.log.statemachine.data.caching.enabled = false (default)
2023-03-07 04:41:06,663 INFO  segmented.SegmentedRaftLogWorker (SegmentedRaftLogWorker.java:lambda$new$0(134)) - s1@group-CC7C26FA9352-SegmentedRaftLogWorker: flushIndex: setUnconditionally 0 -> -1
2023-03-07 04:41:06,663 INFO  segmented.SegmentedRaftLogWorker (SegmentedRaftLogWorker.java:lambda$new$0(134)) - s1@group-CC7C26FA9352-SegmentedRaftLogWorker: safeCacheEvictIndex: setUnconditionally 0 -> -1
2023-03-07 04:41:06,663 INFO  server.RaftServer$Division (RaftServerImpl.java:start(348)) - s1@group-CC7C26FA9352: start with initializing state, conf=-1: peers:[]|listeners:[], old=null
2023-03-07 04:41:06,663 INFO  server.RaftServer$Division (RaftServerImpl.java:setRole(329)) - s1@group-CC7C26FA9352: changes role from      null to FOLLOWER at term 0 for startInitializing
2023-03-07 04:41:06,663 INFO  util.JmxRegister (JmxRegister.java:tryRegister(44)) - Successfully registered JMX Bean with object name Ratis:service=RaftServer,group=group-CC7C26FA9352,id=s1
2023-03-07 04:41:06,663 INFO  server.RaftServerConfigKeys (ConfUtils.java:logGet(46)) - raft.server.snapshot.auto.trigger.enabled = false (default)
2023-03-07 04:41:06,663 INFO  server.RaftServerConfigKeys (ConfUtils.java:logGet(46)) - raft.server.snapshot.retention.file.num = -1 (default)
2023-03-07 04:41:06,663 INFO  server.RaftServerConfigKeys (ConfUtils.java:logGet(46)) - raft.server.log.purge.upto.snapshot.index = false (default)
2023-03-07 04:41:06,664 INFO  server.RaftServer (RaftServerProxy.java:startImpl(401)) - s1: start RPC server
2023-03-07 04:41:06,668 INFO  server.GrpcService (GrpcService.java:startImpl(302)) - s1: GrpcService started, listening on 42421
2023-03-07 04:41:06,668 INFO  server.RaftServerConfigKeys (ConfUtils.java:logGet(46)) - raft.server.storage.free-space.min = 0MB (=0) (default)
2023-03-07 04:41:06,668 INFO  server.RaftServerConfigKeys (ConfUtils.java:logGet(46)) - raft.server.log.corruption.policy = EXCEPTION (default)
2023-03-07 04:41:06,668 INFO  server.RaftServerConfigKeys (ConfUtils.java:logGet(46)) - raft.server.storage.dir = [/home/runner/work/ratis/ratis/ratis-examples/target/test/data/fa33b8e4/MiniRaftClusterWithGrpc428a8d48/s2] (custom)
2023-03-07 04:41:06,668 INFO  storage.RaftStorageDirectory (RaftStorageDirectoryImpl.java:analyzeStorage(138)) - The storage directory /home/runner/work/ratis/ratis/ratis-examples/target/test/data/fa33b8e4/MiniRaftClusterWithGrpc428a8d48/s2/5ad791e7-ef4a-4c8a-a2a8-cc7c26fa9352 does not exist. Creating ...
2023-03-07 04:41:06,668 TRACE util.FileUtils (LogUtils.java:runAndLog(49)) - Successfully ran Files.createDirectories /home/runner/work/ratis/ratis/ratis-examples/target/test/data/fa33b8e4/MiniRaftClusterWithGrpc428a8d48/s2/5ad791e7-ef4a-4c8a-a2a8-cc7c26fa9352
2023-03-07 04:41:06,668 INFO  util.JvmPauseMonitor (JvmPauseMonitor.java:run(103)) - JvmPauseMonitor-s1: Started
2023-03-07 04:41:06,669 INFO  storage.RaftStorageDirectory (RaftStorageDirectoryImpl.java:tryLock(232)) - Lock on /home/runner/work/ratis/ratis/ratis-examples/target/test/data/fa33b8e4/MiniRaftClusterWithGrpc428a8d48/s2/5ad791e7-ef4a-4c8a-a2a8-cc7c26fa9352/in_use.lock acquired by nodename 15875@fv-az983-448
2023-03-07 04:41:06,669 TRACE util.FileUtils (LogUtils.java:runAndLog(49)) - Successfully ran Files.createDirectories /home/runner/work/ratis/ratis/ratis-examples/target/test/data/fa33b8e4/MiniRaftClusterWithGrpc428a8d48/s2/5ad791e7-ef4a-4c8a-a2a8-cc7c26fa9352/current
2023-03-07 04:41:06,669 TRACE util.FileUtils (LogUtils.java:runAndLog(49)) - Successfully ran Files.createDirectories /home/runner/work/ratis/ratis/ratis-examples/target/test/data/fa33b8e4/MiniRaftClusterWithGrpc428a8d48/s2/5ad791e7-ef4a-4c8a-a2a8-cc7c26fa9352/sm
2023-03-07 04:41:06,670 INFO  storage.RaftStorage (RaftStorageImpl.java:format(96)) - Storage directory /home/runner/work/ratis/ratis/ratis-examples/target/test/data/fa33b8e4/MiniRaftClusterWithGrpc428a8d48/s2/5ad791e7-ef4a-4c8a-a2a8-cc7c26fa9352 has been successfully formatted.
2023-03-07 04:41:06,670 WARN  statemachine.StateMachine (ArithmeticStateMachine.java:loadSnapshot(116)) - The snapshot info is null.
2023-03-07 04:41:06,670 INFO  server.RaftServerConfigKeys (ConfUtils.java:logGet(46)) - raft.server.log.use.memory = false (default)
2023-03-07 04:41:06,670 INFO  server.RaftServerConfigKeys (ConfUtils.java:logGet(46)) - raft.server.log.purge.gap = 1024 (default)
2023-03-07 04:41:06,670 INFO  server.RaftServerConfigKeys (ConfUtils.java:logGet(46)) - raft.server.log.appender.buffer.byte-limit = 4MB (=4194304) (default)
2023-03-07 04:41:06,670 INFO  server.RaftServerConfigKeys (ConfUtils.java:logGet(46)) - raft.server.log.statemachine.data.read.timeout = 1000ms (default)
2023-03-07 04:41:06,670 INFO  server.RaftServerConfigKeys (ConfUtils.java:logGet(46)) - raft.server.log.purge.preservation.log.num = 0 (default)
2023-03-07 04:41:06,671 INFO  server.RaftServerConfigKeys (ConfUtils.java:logGet(46)) - raft.server.log.segment.size.max = 8MB (=8388608) (default)
2023-03-07 04:41:06,671 INFO  server.RaftServerConfigKeys (ConfUtils.java:logGet(46)) - raft.server.log.segment.cache.num.max = 6 (default)
2023-03-07 04:41:06,671 INFO  server.RaftServerConfigKeys (ConfUtils.java:logGet(46)) - raft.server.log.segment.cache.size.max = 200MB (=209715200) (default)
2023-03-07 04:41:06,671 INFO  server.RaftServerConfigKeys (ConfUtils.java:logGet(46)) - raft.server.log.appender.buffer.byte-limit = 4MB (=4194304) (default)
2023-03-07 04:41:06,671 INFO  segmented.SegmentedRaftLogWorker (SegmentedRaftLogWorker.java:<init>(183)) - new s2@group-CC7C26FA9352-SegmentedRaftLogWorker for RaftStorageImpl:Storage Directory /home/runner/work/ratis/ratis/ratis-examples/target/test/data/fa33b8e4/MiniRaftClusterWithGrpc428a8d48/s2/5ad791e7-ef4a-4c8a-a2a8-cc7c26fa9352
2023-03-07 04:41:06,671 INFO  server.RaftServerConfigKeys (ConfUtils.java:logGet(46)) - raft.server.log.queue.byte-limit = 64MB (=67108864) (default)
2023-03-07 04:41:06,671 INFO  server.RaftServerConfigKeys (ConfUtils.java:logGet(46)) - raft.server.log.queue.element-limit = 4096 (default)
2023-03-07 04:41:06,671 INFO  server.RaftServerConfigKeys (ConfUtils.java:logGet(46)) - raft.server.log.segment.size.max = 8MB (=8388608) (default)
2023-03-07 04:41:06,671 INFO  server.RaftServerConfigKeys (ConfUtils.java:logGet(46)) - raft.server.log.preallocated.size = 4MB (=4194304) (default)
2023-03-07 04:41:06,671 INFO  server.RaftServerConfigKeys (ConfUtils.java:logGet(46)) - raft.server.log.force.sync.num = 128 (default)
2023-03-07 04:41:06,671 INFO  server.RaftServerConfigKeys (ConfUtils.java:logGet(46)) - raft.server.log.statemachine.data.sync = true (default)
2023-03-07 04:41:06,671 INFO  server.RaftServerConfigKeys (ConfUtils.java:logGet(46)) - raft.server.log.statemachine.data.sync.timeout = 10s (default)
2023-03-07 04:41:06,671 INFO  server.RaftServerConfigKeys (ConfUtils.java:logGet(46)) - raft.server.log.statemachine.data.sync.timeout.retry = -1 (default)
2023-03-07 04:41:06,671 INFO  server.RaftServerConfigKeys (ConfUtils.java:logGet(46)) - raft.server.log.write.buffer.size = 64KB (=65536) (default)
2023-03-07 04:41:06,671 INFO  server.RaftServerConfigKeys (ConfUtils.java:logGet(46)) - raft.server.log.appender.buffer.byte-limit = 4MB (=4194304) (default)
2023-03-07 04:41:06,672 INFO  server.RaftServerConfigKeys (ConfUtils.java:logGet(46)) - raft.server.log.unsafe-flush.enabled = false (default)
2023-03-07 04:41:06,672 INFO  server.RaftServerConfigKeys (ConfUtils.java:logGet(46)) - raft.server.log.async-flush.enabled = false (default)
2023-03-07 04:41:06,672 INFO  server.RaftServerConfigKeys (ConfUtils.java:logGet(46)) - raft.server.log.statemachine.data.caching.enabled = false (default)
2023-03-07 04:41:06,672 INFO  segmented.SegmentedRaftLogWorker (SegmentedRaftLogWorker.java:lambda$new$0(134)) - s2@group-CC7C26FA9352-SegmentedRaftLogWorker: flushIndex: setUnconditionally 0 -> -1
2023-03-07 04:41:06,672 INFO  segmented.SegmentedRaftLogWorker (SegmentedRaftLogWorker.java:lambda$new$0(134)) - s2@group-CC7C26FA9352-SegmentedRaftLogWorker: safeCacheEvictIndex: setUnconditionally 0 -> -1
2023-03-07 04:41:06,672 INFO  server.RaftServer$Division (RaftServerImpl.java:start(348)) - s2@group-CC7C26FA9352: start with initializing state, conf=-1: peers:[]|listeners:[], old=null
2023-03-07 04:41:06,672 INFO  server.RaftServer$Division (RaftServerImpl.java:setRole(329)) - s2@group-CC7C26FA9352: changes role from      null to FOLLOWER at term 0 for startInitializing
2023-03-07 04:41:06,672 INFO  util.JmxRegister (JmxRegister.java:tryRegister(44)) - Successfully registered JMX Bean with object name Ratis:service=RaftServer,group=group-CC7C26FA9352,id=s2
2023-03-07 04:41:06,672 INFO  server.RaftServerConfigKeys (ConfUtils.java:logGet(46)) - raft.server.snapshot.auto.trigger.enabled = false (default)
2023-03-07 04:41:06,672 INFO  server.RaftServerConfigKeys (ConfUtils.java:logGet(46)) - raft.server.snapshot.retention.file.num = -1 (default)
2023-03-07 04:41:06,672 INFO  server.RaftServerConfigKeys (ConfUtils.java:logGet(46)) - raft.server.log.purge.upto.snapshot.index = false (default)
2023-03-07 04:41:06,672 INFO  server.RaftServer (RaftServerProxy.java:startImpl(401)) - s2: start RPC server
2023-03-07 04:41:06,676 ERROR server.GrpcService (ExitUtils.java:terminate(133)) - Terminating with exit status 1: Failed to start Grpc server
java.io.IOException: Failed to bind to address 0.0.0.0/0.0.0.0:37997
	at org.apache.ratis.thirdparty.io.grpc.netty.NettyServer.start(NettyServer.java:328)
	at org.apache.ratis.thirdparty.io.grpc.internal.ServerImpl.start(ServerImpl.java:183)
	at org.apache.ratis.thirdparty.io.grpc.internal.ServerImpl.start(ServerImpl.java:92)
	at org.apache.ratis.grpc.server.GrpcService.startImpl(GrpcService.java:298)
	at org.apache.ratis.util.LifeCycle.startAndTransition(LifeCycle.java:270)
	at org.apache.ratis.server.RaftServerRpcWithProxy.start(RaftServerRpcWithProxy.java:72)
	at org.apache.ratis.server.impl.RaftServerProxy.startImpl(RaftServerProxy.java:402)
	at org.apache.ratis.util.LifeCycle.startAndTransition(LifeCycle.java:270)
	at org.apache.ratis.server.impl.RaftServerProxy.start(RaftServerProxy.java:395)
	at org.apache.ratis.server.impl.MiniRaftCluster.startServers(MiniRaftCluster.java:499)
	at org.apache.ratis.server.impl.MiniRaftCluster.start(MiniRaftCluster.java:346)
	at org.apache.ratis.server.impl.GroupManagementBaseTest.runMultiGroupTest(GroupManagementBaseTest.java:263)
	at org.apache.ratis.TestMultiRaftGroup.runTestMultiRaftGroup(TestMultiRaftGroup.java:73)
	at org.apache.ratis.TestMultiRaftGroup.runTestMultiRaftGroup(TestMultiRaftGroup.java:59)
	at org.apache.ratis.TestMultiRaftGroup.testMultiRaftGroup(TestMultiRaftGroup.java:55)
	at java.base/jdk.internal.reflect.NativeMethodAccessorImpl.invoke0(Native Method)
	at java.base/jdk.internal.reflect.NativeMethodAccessorImpl.invoke(NativeMethodAccessorImpl.java:62)
	at java.base/jdk.internal.reflect.DelegatingMethodAccessorImpl.invoke(DelegatingMethodAccessorImpl.java:43)
	at java.base/java.lang.reflect.Method.invoke(Method.java:566)
	at org.junit.runners.model.FrameworkMethod$1.runReflectiveCall(FrameworkMethod.java:59)
	at org.junit.internal.runners.model.ReflectiveCallable.run(ReflectiveCallable.java:12)
	at org.junit.runners.model.FrameworkMethod.invokeExplosively(FrameworkMethod.java:56)
	at org.junit.internal.runners.statements.InvokeMethod.evaluate(InvokeMethod.java:17)
	at org.junit.internal.runners.statements.RunAfters.evaluate(RunAfters.java:27)
	at org.junit.internal.runners.statements.FailOnTimeout$CallableStatement.call(FailOnTimeout.java:299)
	at org.junit.internal.runners.statements.FailOnTimeout$CallableStatement.call(FailOnTimeout.java:293)
	at java.base/java.util.concurrent.FutureTask.run(FutureTask.java:264)
	at java.base/java.lang.Thread.run(Thread.java:829)
Caused by: org.apache.ratis.thirdparty.io.netty.channel.unix.Errors$NativeIoException: bind(..) failed: Address already in use
]]></system-out>
  </testcase>
  <testcase name="testMultiRaftGroup[1]" classname="org.apache.ratis.TestMultiRaftGroup" time="1.463">
    <failure message="Unexpected exit." type="java.lang.AssertionError">java.lang.AssertionError: Unexpected exit.
	at org.apache.ratis.util.ExitUtils.assertNotTerminated(ExitUtils.java:109)
	at org.apache.ratis.BaseTest.assertNoFailures(BaseTest.java:89)
	at java.base/jdk.internal.reflect.NativeMethodAccessorImpl.invoke0(Native Method)
	at java.base/jdk.internal.reflect.NativeMethodAccessorImpl.invoke(NativeMethodAccessorImpl.java:62)
	at java.base/jdk.internal.reflect.DelegatingMethodAccessorImpl.invoke(DelegatingMethodAccessorImpl.java:43)
	at java.base/java.lang.reflect.Method.invoke(Method.java:566)
	at org.junit.runners.model.FrameworkMethod$1.runReflectiveCall(FrameworkMethod.java:59)
	at org.junit.internal.runners.model.ReflectiveCallable.run(ReflectiveCallable.java:12)
	at org.junit.runners.model.FrameworkMethod.invokeExplosively(FrameworkMethod.java:56)
	at org.junit.internal.runners.statements.RunAfters.invokeMethod(RunAfters.java:46)
	at org.junit.internal.runners.statements.RunAfters.evaluate(RunAfters.java:33)
	at org.junit.internal.runners.statements.FailOnTimeout$CallableStatement.call(FailOnTimeout.java:299)
	at org.junit.internal.runners.statements.FailOnTimeout$CallableStatement.call(FailOnTimeout.java:293)
	at java.base/java.util.concurrent.FutureTask.run(FutureTask.java:264)
	at java.base/java.lang.Thread.run(Thread.java:829)
Caused by: org.apache.ratis.util.ExitUtils$ExitException: Failed to start Grpc server
	at org.apache.ratis.util.ExitUtils.terminate(ExitUtils.java:141)
	at org.apache.ratis.util.ExitUtils.terminate(ExitUtils.java:151)
	at org.apache.ratis.grpc.server.GrpcService.startImpl(GrpcService.java:300)
	at org.apache.ratis.util.LifeCycle.startAndTransition(LifeCycle.java:270)
	at org.apache.ratis.server.RaftServerRpcWithProxy.start(RaftServerRpcWithProxy.java:72)
	at org.apache.ratis.server.impl.RaftServerProxy.startImpl(RaftServerProxy.java:402)
	at org.apache.ratis.util.LifeCycle.startAndTransition(LifeCycle.java:270)
	at org.apache.ratis.server.impl.RaftServerProxy.start(RaftServerProxy.java:395)
	at org.apache.ratis.server.impl.MiniRaftCluster.startServers(MiniRaftCluster.java:499)
	at org.apache.ratis.server.impl.MiniRaftCluster.start(MiniRaftCluster.java:346)
	at org.apache.ratis.server.impl.GroupManagementBaseTest.runMultiGroupTest(GroupManagementBaseTest.java:263)
	at org.apache.ratis.TestMultiRaftGroup.runTestMultiRaftGroup(TestMultiRaftGroup.java:73)
	at org.apache.ratis.TestMultiRaftGroup.runTestMultiRaftGroup(TestMultiRaftGroup.java:59)
	at org.apache.ratis.TestMultiRaftGroup.testMultiRaftGroup(TestMultiRaftGroup.java:55)
	at java.base/jdk.internal.reflect.NativeMethodAccessorImpl.invoke0(Native Method)
	at java.base/jdk.internal.reflect.NativeMethodAccessorImpl.invoke(NativeMethodAccessorImpl.java:62)
	at java.base/jdk.internal.reflect.DelegatingMethodAccessorImpl.invoke(DelegatingMethodAccessorImpl.java:43)
	at java.base/java.lang.reflect.Method.invoke(Method.java:566)
	at org.junit.runners.model.FrameworkMethod$1.runReflectiveCall(FrameworkMethod.java:59)
	at org.junit.internal.runners.model.ReflectiveCallable.run(ReflectiveCallable.java:12)
	at org.junit.runners.model.FrameworkMethod.invokeExplosively(FrameworkMethod.java:56)
	at org.junit.internal.runners.statements.InvokeMethod.evaluate(InvokeMethod.java:17)
	at org.junit.internal.runners.statements.RunAfters.evaluate(RunAfters.java:27)
	... 4 more
Caused by: java.io.IOException: Failed to bind to address 0.0.0.0/0.0.0.0:37997
	at org.apache.ratis.thirdparty.io.grpc.netty.NettyServer.start(NettyServer.java:328)
	at org.apache.ratis.thirdparty.io.grpc.internal.ServerImpl.start(ServerImpl.java:183)
	at org.apache.ratis.thirdparty.io.grpc.internal.ServerImpl.start(ServerImpl.java:92)
	at org.apache.ratis.grpc.server.GrpcService.startImpl(GrpcService.java:298)
	... 24 more
Caused by: org.apache.ratis.thirdparty.io.netty.channel.unix.Errors$NativeIoException: bind(..) failed: Address already in use
</failure>
  </testcase>
  <testcase name="testMultiRaftGroup[2]" classname="org.apache.ratis.TestMultiRaftGroup" time="21.151">
    <failure message="Unexpected exit." type="java.lang.AssertionError">java.lang.AssertionError: Unexpected exit.
	at org.apache.ratis.util.ExitUtils.assertNotTerminated(ExitUtils.java:109)
	at org.apache.ratis.server.impl.MiniRaftCluster.shutdown(MiniRaftCluster.java:854)
	at org.apache.ratis.server.impl.GroupManagementBaseTest.runMultiGroupTest(GroupManagementBaseTest.java:340)
	at org.apache.ratis.TestMultiRaftGroup.runTestMultiRaftGroup(TestMultiRaftGroup.java:73)
	at org.apache.ratis.TestMultiRaftGroup.runTestMultiRaftGroup(TestMultiRaftGroup.java:59)
	at org.apache.ratis.TestMultiRaftGroup.testMultiRaftGroup(TestMultiRaftGroup.java:55)
	at java.base/jdk.internal.reflect.NativeMethodAccessorImpl.invoke0(Native Method)
	at java.base/jdk.internal.reflect.NativeMethodAccessorImpl.invoke(NativeMethodAccessorImpl.java:62)
	at java.base/jdk.internal.reflect.DelegatingMethodAccessorImpl.invoke(DelegatingMethodAccessorImpl.java:43)
	at java.base/java.lang.reflect.Method.invoke(Method.java:566)
	at org.junit.runners.model.FrameworkMethod$1.runReflectiveCall(FrameworkMethod.java:59)
	at org.junit.internal.runners.model.ReflectiveCallable.run(ReflectiveCallable.java:12)
	at org.junit.runners.model.FrameworkMethod.invokeExplosively(FrameworkMethod.java:56)
	at org.junit.internal.runners.statements.InvokeMethod.evaluate(InvokeMethod.java:17)
	at org.junit.internal.runners.statements.RunAfters.evaluate(RunAfters.java:27)
	at org.junit.internal.runners.statements.FailOnTimeout$CallableStatement.call(FailOnTimeout.java:299)
	at org.junit.internal.runners.statements.FailOnTimeout$CallableStatement.call(FailOnTimeout.java:293)
	at java.base/java.util.concurrent.FutureTask.run(FutureTask.java:264)
	at java.base/java.lang.Thread.run(Thread.java:829)
Caused by: org.apache.ratis.util.ExitUtils$ExitException: Failed to start Grpc server
	at org.apache.ratis.util.ExitUtils.terminate(ExitUtils.java:141)
	at org.apache.ratis.util.ExitUtils.terminate(ExitUtils.java:151)
	at org.apache.ratis.grpc.server.GrpcService.startImpl(GrpcService.java:300)
	at org.apache.ratis.util.LifeCycle.startAndTransition(LifeCycle.java:270)
	at org.apache.ratis.server.RaftServerRpcWithProxy.start(RaftServerRpcWithProxy.java:72)
	at org.apache.ratis.server.impl.RaftServerProxy.startImpl(RaftServerProxy.java:402)
	at org.apache.ratis.util.LifeCycle.startAndTransition(LifeCycle.java:270)
	at org.apache.ratis.server.impl.RaftServerProxy.start(RaftServerProxy.java:395)
	at org.apache.ratis.server.impl.MiniRaftCluster.startServers(MiniRaftCluster.java:499)
	at org.apache.ratis.server.impl.MiniRaftCluster.start(MiniRaftCluster.java:346)
	at org.apache.ratis.server.impl.GroupManagementBaseTest.runMultiGroupTest(GroupManagementBaseTest.java:263)
	... 16 more
Caused by: java.io.IOException: Failed to bind to address 0.0.0.0/0.0.0.0:37997
	at org.apache.ratis.thirdparty.io.grpc.netty.NettyServer.start(NettyServer.java:328)
	at org.apache.ratis.thirdparty.io.grpc.internal.ServerImpl.start(ServerImpl.java:183)
	at org.apache.ratis.thirdparty.io.grpc.internal.ServerImpl.start(ServerImpl.java:92)
	at org.apache.ratis.grpc.server.GrpcService.startImpl(GrpcService.java:298)
	... 24 more
Caused by: org.apache.ratis.thirdparty.io.netty.channel.unix.Errors$NativeIoException: bind(..) failed: Address already in use
</failure>
    <system-out><![CDATA[2023-03-07 04:41:06,682 INFO  util.LogUtils (Slf4jUtils.java:setLogLevel(38)) - Successfully set org.apache.ratis.conf.ConfUtils log level to WARN
2023-03-07 04:41:06,682 INFO  util.LogUtils (Slf4jUtils.java:setLogLevel(38)) - Successfully set org.apache.ratis.util.FileUtils log level to TRACE
2023-03-07 04:41:06,682 INFO  impl.GroupManagementBaseTest (GroupManagementBaseTest.java:runMultiGroupTest(251)) - 

runMultiGroupTest with MiniRaftClusterWithNetty[3, 6, 9, 12, 15]chosen=1: printing ALL groups
2023-03-07 04:41:06,683 INFO  impl.GroupManagementBaseTest (GroupManagementBaseTest.java:runMultiGroupTest(258)) - ids: [s0, s1, s2, s3, s4, s5, s6, s7, s8, s9, s10, s11, s12, s13, s14]
2023-03-07 04:41:06,683 INFO  impl.MiniRaftCluster (MiniRaftCluster.java:newRaftServer(382)) - newRaftServer: s0, group-FAA53D5BC7BE:[], format? true
2023-03-07 04:41:06,683 TRACE util.FileUtils (FileUtils.java:deleteFully(201)) - deleteFully target/test/data/fa33b8e4/MiniRaftClusterWithNettye7083e71/s0
2023-03-07 04:41:06,683 TRACE util.FileUtils (FileUtils.java:deleteFully(217)) - deleteFully: target/test/data/fa33b8e4/MiniRaftClusterWithNettye7083e71/s0 does not exist.
2023-03-07 04:41:06,683 INFO  impl.MiniRaftCluster (MiniRaftCluster.java:newRaftServer(387)) - Formatted directory target/test/data/fa33b8e4/MiniRaftClusterWithNettye7083e71/s0
2023-03-07 04:41:06,683 INFO  server.RaftServer (ConfUtils.java:logGet(46)) - raft.rpc.type = NETTY (custom)
2023-03-07 04:41:06,688 INFO  netty.NettyConfigKeys$Server (ConfUtils.java:logGet(46)) - raft.netty.server.host = null (default)
2023-03-07 04:41:06,688 INFO  netty.NettyConfigKeys$Server (ConfUtils.java:logGet(46)) - raft.netty.server.port = 45573 (custom)
2023-03-07 04:41:06,689 INFO  impl.DataStreamServerImpl (ConfUtils.java:logGet(46)) - raft.datastream.type = DISABLED (default)
2023-03-07 04:41:06,689 INFO  server.RaftServerConfigKeys (ConfUtils.java:logGet(46)) - raft.server.threadpool.proxy.cached = true (default)
2023-03-07 04:41:06,689 INFO  server.RaftServerConfigKeys (ConfUtils.java:logGet(46)) - raft.server.threadpool.proxy.size = 0 (default)
2023-03-07 04:41:06,689 INFO  server.RaftServerConfigKeys (ConfUtils.java:logGet(46)) - raft.server.rpc.slowness.timeout = 60s (default)
2023-03-07 04:41:06,689 INFO  server.RaftServerConfigKeys (ConfUtils.java:logGet(46)) - raft.server.leaderelection.leader.step-down.wait-time = 10s (default)
2023-03-07 04:41:06,689 INFO  server.RaftServerConfigKeys (ConfUtils.java:logGet(46)) - raft.server.storage.dir = [/home/runner/work/ratis/ratis/ratis-examples/target/test/data/fa33b8e4/MiniRaftClusterWithNettye7083e71/s0] (custom)
2023-03-07 04:41:06,689 INFO  server.RaftServer (RaftServerProxy.java:addNew(99)) - s0: addNew group-FAA53D5BC7BE:[] returns group-FAA53D5BC7BE:java.util.concurrent.CompletableFuture@47ccf615[Not completed]
2023-03-07 04:41:06,689 INFO  impl.MiniRaftCluster (MiniRaftCluster.java:newRaftServer(382)) - newRaftServer: s1, group-FAA53D5BC7BE:[], format? true
2023-03-07 04:41:06,689 TRACE util.FileUtils (FileUtils.java:deleteFully(201)) - deleteFully target/test/data/fa33b8e4/MiniRaftClusterWithNettye7083e71/s1
2023-03-07 04:41:06,689 TRACE util.FileUtils (FileUtils.java:deleteFully(217)) - deleteFully: target/test/data/fa33b8e4/MiniRaftClusterWithNettye7083e71/s1 does not exist.
2023-03-07 04:41:06,689 INFO  impl.MiniRaftCluster (MiniRaftCluster.java:newRaftServer(387)) - Formatted directory target/test/data/fa33b8e4/MiniRaftClusterWithNettye7083e71/s1
2023-03-07 04:41:06,690 INFO  server.RaftServer (ConfUtils.java:logGet(46)) - raft.rpc.type = NETTY (custom)
2023-03-07 04:41:06,690 INFO  netty.NettyConfigKeys$Server (ConfUtils.java:logGet(46)) - raft.netty.server.host = null (default)
2023-03-07 04:41:06,690 INFO  netty.NettyConfigKeys$Server (ConfUtils.java:logGet(46)) - raft.netty.server.port = 34621 (custom)
2023-03-07 04:41:06,690 INFO  impl.DataStreamServerImpl (ConfUtils.java:logGet(46)) - raft.datastream.type = DISABLED (default)
2023-03-07 04:41:06,690 INFO  server.RaftServerConfigKeys (ConfUtils.java:logGet(46)) - raft.server.threadpool.proxy.cached = true (default)
2023-03-07 04:41:06,690 INFO  server.RaftServerConfigKeys (ConfUtils.java:logGet(46)) - raft.server.threadpool.proxy.size = 0 (default)
2023-03-07 04:41:06,690 INFO  server.RaftServerConfigKeys (ConfUtils.java:logGet(46)) - raft.server.rpc.slowness.timeout = 60s (default)
2023-03-07 04:41:06,690 INFO  server.RaftServerConfigKeys (ConfUtils.java:logGet(46)) - raft.server.leaderelection.leader.step-down.wait-time = 10s (default)
2023-03-07 04:41:06,690 INFO  server.RaftServerConfigKeys (ConfUtils.java:logGet(46)) - raft.server.storage.dir = [/home/runner/work/ratis/ratis/ratis-examples/target/test/data/fa33b8e4/MiniRaftClusterWithNettye7083e71/s1] (custom)
2023-03-07 04:41:06,691 INFO  server.RaftServer (RaftServerProxy.java:addNew(99)) - s1: addNew group-FAA53D5BC7BE:[] returns group-FAA53D5BC7BE:java.util.concurrent.CompletableFuture@1712132c[Not completed]
2023-03-07 04:41:06,691 INFO  impl.MiniRaftCluster (MiniRaftCluster.java:newRaftServer(382)) - newRaftServer: s2, group-FAA53D5BC7BE:[], format? true
2023-03-07 04:41:06,691 TRACE util.FileUtils (FileUtils.java:deleteFully(201)) - deleteFully target/test/data/fa33b8e4/MiniRaftClusterWithNettye7083e71/s2
2023-03-07 04:41:06,691 TRACE util.FileUtils (FileUtils.java:deleteFully(217)) - deleteFully: target/test/data/fa33b8e4/MiniRaftClusterWithNettye7083e71/s2 does not exist.
2023-03-07 04:41:06,691 INFO  impl.MiniRaftCluster (MiniRaftCluster.java:newRaftServer(387)) - Formatted directory target/test/data/fa33b8e4/MiniRaftClusterWithNettye7083e71/s2
2023-03-07 04:41:06,691 INFO  server.RaftServer (ConfUtils.java:logGet(46)) - raft.rpc.type = NETTY (custom)
2023-03-07 04:41:06,708 INFO  netty.NettyConfigKeys$Server (ConfUtils.java:logGet(46)) - raft.netty.server.host = null (default)
2023-03-07 04:41:06,708 INFO  netty.NettyConfigKeys$Server (ConfUtils.java:logGet(46)) - raft.netty.server.port = 40769 (custom)
2023-03-07 04:41:06,708 INFO  impl.DataStreamServerImpl (ConfUtils.java:logGet(46)) - raft.datastream.type = DISABLED (default)
2023-03-07 04:41:06,708 INFO  server.RaftServerConfigKeys (ConfUtils.java:logGet(46)) - raft.server.threadpool.proxy.cached = true (default)
2023-03-07 04:41:06,708 INFO  server.RaftServerConfigKeys (ConfUtils.java:logGet(46)) - raft.server.threadpool.proxy.size = 0 (default)
2023-03-07 04:41:06,708 INFO  server.RaftServerConfigKeys (ConfUtils.java:logGet(46)) - raft.server.rpc.slowness.timeout = 60s (default)
2023-03-07 04:41:06,708 INFO  server.RaftServerConfigKeys (ConfUtils.java:logGet(46)) - raft.server.leaderelection.leader.step-down.wait-time = 10s (default)
2023-03-07 04:41:06,708 INFO  server.RaftServerConfigKeys (ConfUtils.java:logGet(46)) - raft.server.storage.dir = [/home/runner/work/ratis/ratis/ratis-examples/target/test/data/fa33b8e4/MiniRaftClusterWithNettye7083e71/s2] (custom)
2023-03-07 04:41:06,708 INFO  server.RaftServer$Division (RaftServerImpl.java:<init>(198)) - s1: new RaftServerImpl for group-FAA53D5BC7BE:[] with ArithmeticStateMachine:uninitialized
2023-03-07 04:41:06,708 INFO  server.RaftServerConfigKeys (ConfUtils.java:logGet(46)) - raft.server.rpc.timeout.min = 300ms (custom)
2023-03-07 04:41:06,708 INFO  server.RaftServerConfigKeys (ConfUtils.java:logGet(46)) - raft.server.rpc.timeout.max = 600ms (custom)
2023-03-07 04:41:06,708 INFO  server.RaftServerConfigKeys (ConfUtils.java:logGet(46)) - raft.server.rpc.sleep.time = 25ms (default)
2023-03-07 04:41:06,708 INFO  server.RaftServerConfigKeys (ConfUtils.java:logGet(46)) - raft.server.rpc.slowness.timeout = 60s (default)
2023-03-07 04:41:06,708 INFO  server.RaftServerConfigKeys (ConfUtils.java:logGet(46)) - raft.server.leaderelection.leader.step-down.wait-time = 10s (default)
2023-03-07 04:41:06,708 INFO  server.RaftServerConfigKeys (ConfUtils.java:logGet(46)) - raft.server.sleep.deviation.threshold = 300ms (default)
2023-03-07 04:41:06,708 INFO  server.RaftServer$Division (RaftServerImpl.java:<init>(198)) - s0: new RaftServerImpl for group-FAA53D5BC7BE:[] with ArithmeticStateMachine:uninitialized
2023-03-07 04:41:06,709 INFO  server.RaftServerConfigKeys (ConfUtils.java:logGet(46)) - raft.server.rpc.timeout.min = 300ms (custom)
2023-03-07 04:41:06,709 INFO  server.RaftServerConfigKeys (ConfUtils.java:logGet(46)) - raft.server.rpc.timeout.max = 600ms (custom)
2023-03-07 04:41:06,709 INFO  server.RaftServer$Division (ServerState.java:<init>(113)) - s1@group-FAA53D5BC7BE: ConfigurationManager, init=-1: peers:[]|listeners:[], old=null, confs=<EMPTY_MAP>
2023-03-07 04:41:06,709 INFO  server.RaftServerConfigKeys (ConfUtils.java:logGet(46)) - raft.server.notification.no-leader.timeout = 60s (default)
2023-03-07 04:41:06,709 INFO  server.RaftServerConfigKeys (ConfUtils.java:logGet(46)) - raft.server.read.timeout = 10s (default)
2023-03-07 04:41:06,709 INFO  server.RaftServerConfigKeys (ConfUtils.java:logGet(46)) - raft.server.retrycache.expirytime = 60s (default)
2023-03-07 04:41:06,709 INFO  server.RaftServerConfigKeys (ConfUtils.java:logGet(46)) - raft.server.rpc.sleep.time = 25ms (default)
2023-03-07 04:41:06,709 INFO  server.RaftServer (RaftServerProxy.java:addNew(99)) - s2: addNew group-FAA53D5BC7BE:[] returns group-FAA53D5BC7BE:java.util.concurrent.CompletableFuture@daad586[Not completed]
2023-03-07 04:41:06,709 INFO  impl.MiniRaftCluster (MiniRaftCluster.java:newRaftServer(382)) - newRaftServer: s3, group-FAA53D5BC7BE:[], format? true
2023-03-07 04:41:06,709 TRACE util.FileUtils (FileUtils.java:deleteFully(201)) - deleteFully target/test/data/fa33b8e4/MiniRaftClusterWithNettye7083e71/s3
2023-03-07 04:41:06,709 TRACE util.FileUtils (FileUtils.java:deleteFully(217)) - deleteFully: target/test/data/fa33b8e4/MiniRaftClusterWithNettye7083e71/s3 does not exist.
2023-03-07 04:41:06,709 INFO  impl.MiniRaftCluster (MiniRaftCluster.java:newRaftServer(387)) - Formatted directory target/test/data/fa33b8e4/MiniRaftClusterWithNettye7083e71/s3
2023-03-07 04:41:06,709 INFO  server.RaftServer (ConfUtils.java:logGet(46)) - raft.rpc.type = NETTY (custom)
2023-03-07 04:41:06,710 INFO  netty.NettyConfigKeys$Server (ConfUtils.java:logGet(46)) - raft.netty.server.host = null (default)
2023-03-07 04:41:06,710 INFO  netty.NettyConfigKeys$Server (ConfUtils.java:logGet(46)) - raft.netty.server.port = 43243 (custom)
2023-03-07 04:41:06,710 INFO  impl.DataStreamServerImpl (ConfUtils.java:logGet(46)) - raft.datastream.type = DISABLED (default)
2023-03-07 04:41:06,710 INFO  server.RaftServerConfigKeys (ConfUtils.java:logGet(46)) - raft.server.threadpool.proxy.cached = true (default)
2023-03-07 04:41:06,710 INFO  server.RaftServerConfigKeys (ConfUtils.java:logGet(46)) - raft.server.threadpool.proxy.size = 0 (default)
2023-03-07 04:41:06,710 INFO  server.RaftServerConfigKeys (ConfUtils.java:logGet(46)) - raft.server.rpc.slowness.timeout = 60s (default)
2023-03-07 04:41:06,710 INFO  server.RaftServerConfigKeys (ConfUtils.java:logGet(46)) - raft.server.leaderelection.leader.step-down.wait-time = 10s (default)
2023-03-07 04:41:06,710 INFO  server.RaftServerConfigKeys (ConfUtils.java:logGet(46)) - raft.server.storage.dir = [/home/runner/work/ratis/ratis/ratis-examples/target/test/data/fa33b8e4/MiniRaftClusterWithNettye7083e71/s3] (custom)
2023-03-07 04:41:06,710 INFO  server.RaftServerConfigKeys (ConfUtils.java:logGet(46)) - raft.server.rpc.slowness.timeout = 60s (default)
2023-03-07 04:41:06,710 INFO  server.RaftServerConfigKeys (ConfUtils.java:logGet(46)) - raft.server.leaderelection.leader.step-down.wait-time = 10s (default)
2023-03-07 04:41:06,710 INFO  server.RaftServerConfigKeys (ConfUtils.java:logGet(46)) - raft.server.sleep.deviation.threshold = 300ms (default)
2023-03-07 04:41:06,710 INFO  server.RaftServer$Division (ServerState.java:<init>(113)) - s0@group-FAA53D5BC7BE: ConfigurationManager, init=-1: peers:[]|listeners:[], old=null, confs=<EMPTY_MAP>
2023-03-07 04:41:06,710 INFO  server.RaftServerConfigKeys (ConfUtils.java:logGet(46)) - raft.server.notification.no-leader.timeout = 60s (default)
2023-03-07 04:41:06,710 INFO  server.RaftServerConfigKeys (ConfUtils.java:logGet(46)) - raft.server.read.timeout = 10s (default)
2023-03-07 04:41:06,710 INFO  server.RaftServerConfigKeys (ConfUtils.java:logGet(46)) - raft.server.retrycache.expirytime = 60s (default)
2023-03-07 04:41:06,710 INFO  server.RaftServerConfigKeys (ConfUtils.java:logGet(46)) - raft.server.retrycache.statistics.expirytime = 100μs (default)
2023-03-07 04:41:06,710 INFO  server.RaftServerConfigKeys (ConfUtils.java:logGet(46)) - raft.server.read.option = DEFAULT (default)
2023-03-07 04:41:06,711 INFO  server.RaftServerConfigKeys (ConfUtils.java:logGet(46)) - raft.server.log.appender.install.snapshot.enabled = true (default)
2023-03-07 04:41:06,711 INFO  server.RaftServerConfigKeys (ConfUtils.java:logGet(46)) - raft.server.threadpool.server.cached = true (default)
2023-03-07 04:41:06,711 INFO  server.RaftServerConfigKeys (ConfUtils.java:logGet(46)) - raft.server.threadpool.server.size = 0 (default)
2023-03-07 04:41:06,711 INFO  server.RaftServerConfigKeys (ConfUtils.java:logGet(46)) - raft.server.threadpool.client.cached = true (default)
2023-03-07 04:41:06,711 INFO  server.RaftServerConfigKeys (ConfUtils.java:logGet(46)) - raft.server.threadpool.client.size = 0 (default)
2023-03-07 04:41:06,711 INFO  server.RaftServerConfigKeys (ConfUtils.java:logGet(46)) - raft.server.retrycache.statistics.expirytime = 100μs (default)
2023-03-07 04:41:06,711 INFO  server.RaftServerConfigKeys (ConfUtils.java:logGet(46)) - raft.server.read.option = DEFAULT (default)
2023-03-07 04:41:06,712 INFO  server.RaftServerConfigKeys (ConfUtils.java:logGet(46)) - raft.server.log.appender.install.snapshot.enabled = true (default)
2023-03-07 04:41:06,712 INFO  server.RaftServerConfigKeys (ConfUtils.java:logGet(46)) - raft.server.threadpool.server.cached = true (default)
2023-03-07 04:41:06,712 INFO  server.RaftServerConfigKeys (ConfUtils.java:logGet(46)) - raft.server.threadpool.server.size = 0 (default)
2023-03-07 04:41:06,712 INFO  server.RaftServerConfigKeys (ConfUtils.java:logGet(46)) - raft.server.threadpool.client.cached = true (default)
2023-03-07 04:41:06,713 INFO  server.RaftServerConfigKeys (ConfUtils.java:logGet(46)) - raft.server.threadpool.client.size = 0 (default)
2023-03-07 04:41:06,713 INFO  server.RaftServer$Division (RaftServerImpl.java:<init>(198)) - s2: new RaftServerImpl for group-FAA53D5BC7BE:[] with ArithmeticStateMachine:uninitialized
2023-03-07 04:41:06,713 INFO  server.RaftServerConfigKeys (ConfUtils.java:logGet(46)) - raft.server.rpc.timeout.min = 300ms (custom)
2023-03-07 04:41:06,713 INFO  server.RaftServerConfigKeys (ConfUtils.java:logGet(46)) - raft.server.rpc.timeout.max = 600ms (custom)
2023-03-07 04:41:06,713 INFO  server.RaftServerConfigKeys (ConfUtils.java:logGet(46)) - raft.server.rpc.sleep.time = 25ms (default)
2023-03-07 04:41:06,713 INFO  server.RaftServerConfigKeys (ConfUtils.java:logGet(46)) - raft.server.rpc.slowness.timeout = 60s (default)
2023-03-07 04:41:06,713 INFO  server.RaftServerConfigKeys (ConfUtils.java:logGet(46)) - raft.server.leaderelection.leader.step-down.wait-time = 10s (default)
2023-03-07 04:41:06,713 INFO  server.RaftServerConfigKeys (ConfUtils.java:logGet(46)) - raft.server.sleep.deviation.threshold = 300ms (default)
2023-03-07 04:41:06,713 INFO  server.RaftServer$Division (ServerState.java:<init>(113)) - s2@group-FAA53D5BC7BE: ConfigurationManager, init=-1: peers:[]|listeners:[], old=null, confs=<EMPTY_MAP>
2023-03-07 04:41:06,713 INFO  server.RaftServerConfigKeys (ConfUtils.java:logGet(46)) - raft.server.notification.no-leader.timeout = 60s (default)
2023-03-07 04:41:06,713 INFO  server.RaftServerConfigKeys (ConfUtils.java:logGet(46)) - raft.server.read.timeout = 10s (default)
2023-03-07 04:41:06,713 INFO  server.RaftServerConfigKeys (ConfUtils.java:logGet(46)) - raft.server.retrycache.expirytime = 60s (default)
2023-03-07 04:41:06,713 INFO  server.RaftServerConfigKeys (ConfUtils.java:logGet(46)) - raft.server.retrycache.statistics.expirytime = 100μs (default)
2023-03-07 04:41:06,713 INFO  server.RaftServerConfigKeys (ConfUtils.java:logGet(46)) - raft.server.read.option = DEFAULT (default)
2023-03-07 04:41:06,714 INFO  server.RaftServerConfigKeys (ConfUtils.java:logGet(46)) - raft.server.log.appender.install.snapshot.enabled = true (default)
2023-03-07 04:41:06,714 INFO  server.RaftServerConfigKeys (ConfUtils.java:logGet(46)) - raft.server.threadpool.server.cached = true (default)
2023-03-07 04:41:06,714 INFO  server.RaftServerConfigKeys (ConfUtils.java:logGet(46)) - raft.server.threadpool.server.size = 0 (default)
2023-03-07 04:41:06,714 INFO  server.RaftServerConfigKeys (ConfUtils.java:logGet(46)) - raft.server.threadpool.client.cached = true (default)
2023-03-07 04:41:06,714 INFO  server.RaftServerConfigKeys (ConfUtils.java:logGet(46)) - raft.server.threadpool.client.size = 0 (default)
2023-03-07 04:41:06,714 INFO  server.RaftServer (RaftServerProxy.java:addNew(99)) - s3: addNew group-FAA53D5BC7BE:[] returns group-FAA53D5BC7BE:java.util.concurrent.CompletableFuture@4e07063b[Not completed]
2023-03-07 04:41:06,715 INFO  impl.MiniRaftCluster (MiniRaftCluster.java:newRaftServer(382)) - newRaftServer: s4, group-FAA53D5BC7BE:[], format? true
2023-03-07 04:41:06,715 TRACE util.FileUtils (FileUtils.java:deleteFully(201)) - deleteFully target/test/data/fa33b8e4/MiniRaftClusterWithNettye7083e71/s4
2023-03-07 04:41:06,715 TRACE util.FileUtils (FileUtils.java:deleteFully(217)) - deleteFully: target/test/data/fa33b8e4/MiniRaftClusterWithNettye7083e71/s4 does not exist.
2023-03-07 04:41:06,715 INFO  impl.MiniRaftCluster (MiniRaftCluster.java:newRaftServer(387)) - Formatted directory target/test/data/fa33b8e4/MiniRaftClusterWithNettye7083e71/s4
2023-03-07 04:41:06,715 INFO  server.RaftServer (ConfUtils.java:logGet(46)) - raft.rpc.type = NETTY (custom)
2023-03-07 04:41:06,715 INFO  netty.NettyConfigKeys$Server (ConfUtils.java:logGet(46)) - raft.netty.server.host = null (default)
2023-03-07 04:41:06,715 INFO  netty.NettyConfigKeys$Server (ConfUtils.java:logGet(46)) - raft.netty.server.port = 34427 (custom)
2023-03-07 04:41:06,715 INFO  impl.DataStreamServerImpl (ConfUtils.java:logGet(46)) - raft.datastream.type = DISABLED (default)
2023-03-07 04:41:06,715 INFO  server.RaftServerConfigKeys (ConfUtils.java:logGet(46)) - raft.server.threadpool.proxy.cached = true (default)
2023-03-07 04:41:06,715 INFO  server.RaftServerConfigKeys (ConfUtils.java:logGet(46)) - raft.server.threadpool.proxy.size = 0 (default)
2023-03-07 04:41:06,715 INFO  server.RaftServerConfigKeys (ConfUtils.java:logGet(46)) - raft.server.rpc.slowness.timeout = 60s (default)
2023-03-07 04:41:06,715 INFO  server.RaftServerConfigKeys (ConfUtils.java:logGet(46)) - raft.server.leaderelection.leader.step-down.wait-time = 10s (default)
2023-03-07 04:41:06,715 INFO  server.RaftServerConfigKeys (ConfUtils.java:logGet(46)) - raft.server.storage.dir = [/home/runner/work/ratis/ratis/ratis-examples/target/test/data/fa33b8e4/MiniRaftClusterWithNettye7083e71/s4] (custom)
2023-03-07 04:41:06,716 INFO  server.RaftServer (RaftServerProxy.java:addNew(99)) - s4: addNew group-FAA53D5BC7BE:[] returns group-FAA53D5BC7BE:java.util.concurrent.CompletableFuture@7e7062b8[Not completed]
2023-03-07 04:41:06,716 INFO  server.RaftServer$Division (RaftServerImpl.java:<init>(198)) - s3: new RaftServerImpl for group-FAA53D5BC7BE:[] with ArithmeticStateMachine:uninitialized
2023-03-07 04:41:06,716 INFO  impl.MiniRaftCluster (MiniRaftCluster.java:newRaftServer(382)) - newRaftServer: s5, group-FAA53D5BC7BE:[], format? true
2023-03-07 04:41:06,716 TRACE util.FileUtils (FileUtils.java:deleteFully(201)) - deleteFully target/test/data/fa33b8e4/MiniRaftClusterWithNettye7083e71/s5
2023-03-07 04:41:06,716 TRACE util.FileUtils (FileUtils.java:deleteFully(217)) - deleteFully: target/test/data/fa33b8e4/MiniRaftClusterWithNettye7083e71/s5 does not exist.
2023-03-07 04:41:06,716 INFO  impl.MiniRaftCluster (MiniRaftCluster.java:newRaftServer(387)) - Formatted directory target/test/data/fa33b8e4/MiniRaftClusterWithNettye7083e71/s5
2023-03-07 04:41:06,716 INFO  server.RaftServer$Division (RaftServerImpl.java:<init>(198)) - s4: new RaftServerImpl for group-FAA53D5BC7BE:[] with ArithmeticStateMachine:uninitialized
2023-03-07 04:41:06,716 INFO  server.RaftServer (ConfUtils.java:logGet(46)) - raft.rpc.type = NETTY (custom)
2023-03-07 04:41:06,716 INFO  server.RaftServerConfigKeys (ConfUtils.java:logGet(46)) - raft.server.rpc.timeout.min = 300ms (custom)
2023-03-07 04:41:06,716 INFO  server.RaftServerConfigKeys (ConfUtils.java:logGet(46)) - raft.server.rpc.timeout.max = 600ms (custom)
2023-03-07 04:41:06,717 INFO  server.RaftServerConfigKeys (ConfUtils.java:logGet(46)) - raft.server.rpc.sleep.time = 25ms (default)
2023-03-07 04:41:06,717 INFO  server.RaftServerConfigKeys (ConfUtils.java:logGet(46)) - raft.server.rpc.slowness.timeout = 60s (default)
2023-03-07 04:41:06,717 INFO  server.RaftServerConfigKeys (ConfUtils.java:logGet(46)) - raft.server.leaderelection.leader.step-down.wait-time = 10s (default)
2023-03-07 04:41:06,717 INFO  server.RaftServerConfigKeys (ConfUtils.java:logGet(46)) - raft.server.sleep.deviation.threshold = 300ms (default)
2023-03-07 04:41:06,716 INFO  server.RaftServerConfigKeys (ConfUtils.java:logGet(46)) - raft.server.rpc.timeout.min = 300ms (custom)
2023-03-07 04:41:06,717 INFO  server.RaftServer$Division (ServerState.java:<init>(113)) - s3@group-FAA53D5BC7BE: ConfigurationManager, init=-1: peers:[]|listeners:[], old=null, confs=<EMPTY_MAP>
2023-03-07 04:41:06,717 INFO  server.RaftServerConfigKeys (ConfUtils.java:logGet(46)) - raft.server.rpc.timeout.max = 600ms (custom)
2023-03-07 04:41:06,717 INFO  server.RaftServerConfigKeys (ConfUtils.java:logGet(46)) - raft.server.rpc.sleep.time = 25ms (default)
2023-03-07 04:41:06,717 INFO  server.RaftServerConfigKeys (ConfUtils.java:logGet(46)) - raft.server.rpc.slowness.timeout = 60s (default)
2023-03-07 04:41:06,717 INFO  server.RaftServerConfigKeys (ConfUtils.java:logGet(46)) - raft.server.leaderelection.leader.step-down.wait-time = 10s (default)
2023-03-07 04:41:06,717 INFO  server.RaftServerConfigKeys (ConfUtils.java:logGet(46)) - raft.server.sleep.deviation.threshold = 300ms (default)
2023-03-07 04:41:06,717 INFO  server.RaftServerConfigKeys (ConfUtils.java:logGet(46)) - raft.server.notification.no-leader.timeout = 60s (default)
2023-03-07 04:41:06,717 INFO  server.RaftServer$Division (ServerState.java:<init>(113)) - s4@group-FAA53D5BC7BE: ConfigurationManager, init=-1: peers:[]|listeners:[], old=null, confs=<EMPTY_MAP>
2023-03-07 04:41:06,717 INFO  server.RaftServerConfigKeys (ConfUtils.java:logGet(46)) - raft.server.notification.no-leader.timeout = 60s (default)
2023-03-07 04:41:06,717 INFO  server.RaftServerConfigKeys (ConfUtils.java:logGet(46)) - raft.server.read.timeout = 10s (default)
2023-03-07 04:41:06,717 INFO  server.RaftServerConfigKeys (ConfUtils.java:logGet(46)) - raft.server.retrycache.expirytime = 60s (default)
2023-03-07 04:41:06,717 INFO  server.RaftServerConfigKeys (ConfUtils.java:logGet(46)) - raft.server.retrycache.statistics.expirytime = 100μs (default)
2023-03-07 04:41:06,717 INFO  server.RaftServerConfigKeys (ConfUtils.java:logGet(46)) - raft.server.read.timeout = 10s (default)
2023-03-07 04:41:06,717 INFO  server.RaftServerConfigKeys (ConfUtils.java:logGet(46)) - raft.server.read.option = DEFAULT (default)
2023-03-07 04:41:06,717 INFO  server.RaftServerConfigKeys (ConfUtils.java:logGet(46)) - raft.server.retrycache.expirytime = 60s (default)
2023-03-07 04:41:06,717 INFO  server.RaftServerConfigKeys (ConfUtils.java:logGet(46)) - raft.server.retrycache.statistics.expirytime = 100μs (default)
2023-03-07 04:41:06,717 INFO  server.RaftServerConfigKeys (ConfUtils.java:logGet(46)) - raft.server.read.option = DEFAULT (default)
2023-03-07 04:41:06,721 INFO  server.RaftServerConfigKeys (ConfUtils.java:logGet(46)) - raft.server.log.appender.install.snapshot.enabled = true (default)
2023-03-07 04:41:06,721 INFO  server.RaftServerConfigKeys (ConfUtils.java:logGet(46)) - raft.server.threadpool.server.cached = true (default)
2023-03-07 04:41:06,721 INFO  server.RaftServerConfigKeys (ConfUtils.java:logGet(46)) - raft.server.threadpool.server.size = 0 (default)
2023-03-07 04:41:06,721 INFO  server.RaftServerConfigKeys (ConfUtils.java:logGet(46)) - raft.server.threadpool.client.cached = true (default)
2023-03-07 04:41:06,721 INFO  server.RaftServerConfigKeys (ConfUtils.java:logGet(46)) - raft.server.threadpool.client.size = 0 (default)
2023-03-07 04:41:06,724 INFO  server.RaftServerConfigKeys (ConfUtils.java:logGet(46)) - raft.server.log.appender.install.snapshot.enabled = true (default)
2023-03-07 04:41:06,724 INFO  server.RaftServerConfigKeys (ConfUtils.java:logGet(46)) - raft.server.threadpool.server.cached = true (default)
2023-03-07 04:41:06,724 INFO  server.RaftServerConfigKeys (ConfUtils.java:logGet(46)) - raft.server.threadpool.server.size = 0 (default)
2023-03-07 04:41:06,724 INFO  server.RaftServerConfigKeys (ConfUtils.java:logGet(46)) - raft.server.threadpool.client.cached = true (default)
2023-03-07 04:41:06,724 INFO  server.RaftServerConfigKeys (ConfUtils.java:logGet(46)) - raft.server.threadpool.client.size = 0 (default)
2023-03-07 04:41:06,732 INFO  netty.NettyConfigKeys$Server (ConfUtils.java:logGet(46)) - raft.netty.server.host = null (default)
2023-03-07 04:41:06,732 INFO  netty.NettyConfigKeys$Server (ConfUtils.java:logGet(46)) - raft.netty.server.port = 35843 (custom)
2023-03-07 04:41:06,732 INFO  impl.DataStreamServerImpl (ConfUtils.java:logGet(46)) - raft.datastream.type = DISABLED (default)
2023-03-07 04:41:06,732 INFO  server.RaftServerConfigKeys (ConfUtils.java:logGet(46)) - raft.server.threadpool.proxy.cached = true (default)
2023-03-07 04:41:06,732 INFO  server.RaftServerConfigKeys (ConfUtils.java:logGet(46)) - raft.server.threadpool.proxy.size = 0 (default)
2023-03-07 04:41:06,732 INFO  server.RaftServerConfigKeys (ConfUtils.java:logGet(46)) - raft.server.rpc.slowness.timeout = 60s (default)
2023-03-07 04:41:06,732 INFO  server.RaftServerConfigKeys (ConfUtils.java:logGet(46)) - raft.server.leaderelection.leader.step-down.wait-time = 10s (default)
2023-03-07 04:41:06,732 INFO  server.RaftServerConfigKeys (ConfUtils.java:logGet(46)) - raft.server.storage.dir = [/home/runner/work/ratis/ratis/ratis-examples/target/test/data/fa33b8e4/MiniRaftClusterWithNettye7083e71/s5] (custom)
2023-03-07 04:41:06,733 INFO  server.RaftServer (RaftServerProxy.java:addNew(99)) - s5: addNew group-FAA53D5BC7BE:[] returns group-FAA53D5BC7BE:java.util.concurrent.CompletableFuture@7a78e6fb[Not completed]
2023-03-07 04:41:06,733 INFO  impl.MiniRaftCluster (MiniRaftCluster.java:newRaftServer(382)) - newRaftServer: s6, group-FAA53D5BC7BE:[], format? true
2023-03-07 04:41:06,733 TRACE util.FileUtils (FileUtils.java:deleteFully(201)) - deleteFully target/test/data/fa33b8e4/MiniRaftClusterWithNettye7083e71/s6
2023-03-07 04:41:06,733 TRACE util.FileUtils (FileUtils.java:deleteFully(217)) - deleteFully: target/test/data/fa33b8e4/MiniRaftClusterWithNettye7083e71/s6 does not exist.
2023-03-07 04:41:06,733 INFO  impl.MiniRaftCluster (MiniRaftCluster.java:newRaftServer(387)) - Formatted directory target/test/data/fa33b8e4/MiniRaftClusterWithNettye7083e71/s6
2023-03-07 04:41:06,733 INFO  server.RaftServer (ConfUtils.java:logGet(46)) - raft.rpc.type = NETTY (custom)
2023-03-07 04:41:06,733 INFO  netty.NettyConfigKeys$Server (ConfUtils.java:logGet(46)) - raft.netty.server.host = null (default)
2023-03-07 04:41:06,733 INFO  netty.NettyConfigKeys$Server (ConfUtils.java:logGet(46)) - raft.netty.server.port = 43509 (custom)
2023-03-07 04:41:06,733 INFO  impl.DataStreamServerImpl (ConfUtils.java:logGet(46)) - raft.datastream.type = DISABLED (default)
2023-03-07 04:41:06,733 INFO  server.RaftServerConfigKeys (ConfUtils.java:logGet(46)) - raft.server.threadpool.proxy.cached = true (default)
2023-03-07 04:41:06,733 INFO  server.RaftServerConfigKeys (ConfUtils.java:logGet(46)) - raft.server.threadpool.proxy.size = 0 (default)
2023-03-07 04:41:06,733 INFO  server.RaftServerConfigKeys (ConfUtils.java:logGet(46)) - raft.server.rpc.slowness.timeout = 60s (default)
2023-03-07 04:41:06,733 INFO  server.RaftServerConfigKeys (ConfUtils.java:logGet(46)) - raft.server.leaderelection.leader.step-down.wait-time = 10s (default)
2023-03-07 04:41:06,734 INFO  server.RaftServerConfigKeys (ConfUtils.java:logGet(46)) - raft.server.storage.dir = [/home/runner/work/ratis/ratis/ratis-examples/target/test/data/fa33b8e4/MiniRaftClusterWithNettye7083e71/s6] (custom)
2023-03-07 04:41:06,734 INFO  server.RaftServer (RaftServerProxy.java:addNew(99)) - s6: addNew group-FAA53D5BC7BE:[] returns group-FAA53D5BC7BE:java.util.concurrent.CompletableFuture@63c1e6d1[Not completed]
2023-03-07 04:41:06,734 INFO  impl.MiniRaftCluster (MiniRaftCluster.java:newRaftServer(382)) - newRaftServer: s7, group-FAA53D5BC7BE:[], format? true
2023-03-07 04:41:06,734 TRACE util.FileUtils (FileUtils.java:deleteFully(201)) - deleteFully target/test/data/fa33b8e4/MiniRaftClusterWithNettye7083e71/s7
2023-03-07 04:41:06,734 TRACE util.FileUtils (FileUtils.java:deleteFully(217)) - deleteFully: target/test/data/fa33b8e4/MiniRaftClusterWithNettye7083e71/s7 does not exist.
2023-03-07 04:41:06,734 INFO  impl.MiniRaftCluster (MiniRaftCluster.java:newRaftServer(387)) - Formatted directory target/test/data/fa33b8e4/MiniRaftClusterWithNettye7083e71/s7
2023-03-07 04:41:06,734 INFO  server.RaftServer (ConfUtils.java:logGet(46)) - raft.rpc.type = NETTY (custom)
2023-03-07 04:41:06,735 INFO  netty.NettyConfigKeys$Server (ConfUtils.java:logGet(46)) - raft.netty.server.host = null (default)
2023-03-07 04:41:06,735 INFO  netty.NettyConfigKeys$Server (ConfUtils.java:logGet(46)) - raft.netty.server.port = 36409 (custom)
2023-03-07 04:41:06,735 INFO  impl.DataStreamServerImpl (ConfUtils.java:logGet(46)) - raft.datastream.type = DISABLED (default)
2023-03-07 04:41:06,735 INFO  server.RaftServerConfigKeys (ConfUtils.java:logGet(46)) - raft.server.threadpool.proxy.cached = true (default)
2023-03-07 04:41:06,735 INFO  server.RaftServerConfigKeys (ConfUtils.java:logGet(46)) - raft.server.threadpool.proxy.size = 0 (default)
2023-03-07 04:41:06,735 INFO  server.RaftServerConfigKeys (ConfUtils.java:logGet(46)) - raft.server.rpc.slowness.timeout = 60s (default)
2023-03-07 04:41:06,735 INFO  server.RaftServerConfigKeys (ConfUtils.java:logGet(46)) - raft.server.leaderelection.leader.step-down.wait-time = 10s (default)
2023-03-07 04:41:06,735 INFO  server.RaftServerConfigKeys (ConfUtils.java:logGet(46)) - raft.server.storage.dir = [/home/runner/work/ratis/ratis/ratis-examples/target/test/data/fa33b8e4/MiniRaftClusterWithNettye7083e71/s7] (custom)
2023-03-07 04:41:06,735 INFO  server.RaftServer$Division (RaftServerImpl.java:<init>(198)) - s6: new RaftServerImpl for group-FAA53D5BC7BE:[] with ArithmeticStateMachine:uninitialized
2023-03-07 04:41:06,735 INFO  server.RaftServerConfigKeys (ConfUtils.java:logGet(46)) - raft.server.rpc.timeout.min = 300ms (custom)
2023-03-07 04:41:06,735 INFO  server.RaftServerConfigKeys (ConfUtils.java:logGet(46)) - raft.server.rpc.timeout.max = 600ms (custom)
2023-03-07 04:41:06,735 INFO  server.RaftServerConfigKeys (ConfUtils.java:logGet(46)) - raft.server.rpc.sleep.time = 25ms (default)
2023-03-07 04:41:06,735 INFO  server.RaftServerConfigKeys (ConfUtils.java:logGet(46)) - raft.server.rpc.slowness.timeout = 60s (default)
2023-03-07 04:41:06,735 INFO  server.RaftServerConfigKeys (ConfUtils.java:logGet(46)) - raft.server.leaderelection.leader.step-down.wait-time = 10s (default)
2023-03-07 04:41:06,735 INFO  server.RaftServerConfigKeys (ConfUtils.java:logGet(46)) - raft.server.sleep.deviation.threshold = 300ms (default)
2023-03-07 04:41:06,735 INFO  server.RaftServer$Division (ServerState.java:<init>(113)) - s6@group-FAA53D5BC7BE: ConfigurationManager, init=-1: peers:[]|listeners:[], old=null, confs=<EMPTY_MAP>
2023-03-07 04:41:06,735 INFO  server.RaftServerConfigKeys (ConfUtils.java:logGet(46)) - raft.server.notification.no-leader.timeout = 60s (default)
2023-03-07 04:41:06,735 INFO  server.RaftServerConfigKeys (ConfUtils.java:logGet(46)) - raft.server.read.timeout = 10s (default)
2023-03-07 04:41:06,735 INFO  server.RaftServerConfigKeys (ConfUtils.java:logGet(46)) - raft.server.retrycache.expirytime = 60s (default)
2023-03-07 04:41:06,736 INFO  server.RaftServerConfigKeys (ConfUtils.java:logGet(46)) - raft.server.retrycache.statistics.expirytime = 100μs (default)
2023-03-07 04:41:06,736 INFO  server.RaftServerConfigKeys (ConfUtils.java:logGet(46)) - raft.server.read.option = DEFAULT (default)
2023-03-07 04:41:06,738 INFO  server.RaftServer$Division (RaftServerImpl.java:<init>(198)) - s5: new RaftServerImpl for group-FAA53D5BC7BE:[] with ArithmeticStateMachine:uninitialized
2023-03-07 04:41:06,738 INFO  server.RaftServerConfigKeys (ConfUtils.java:logGet(46)) - raft.server.rpc.timeout.min = 300ms (custom)
2023-03-07 04:41:06,738 INFO  server.RaftServerConfigKeys (ConfUtils.java:logGet(46)) - raft.server.rpc.timeout.max = 600ms (custom)
2023-03-07 04:41:06,738 INFO  server.RaftServerConfigKeys (ConfUtils.java:logGet(46)) - raft.server.rpc.sleep.time = 25ms (default)
2023-03-07 04:41:06,738 INFO  server.RaftServerConfigKeys (ConfUtils.java:logGet(46)) - raft.server.rpc.slowness.timeout = 60s (default)
2023-03-07 04:41:06,738 INFO  server.RaftServerConfigKeys (ConfUtils.java:logGet(46)) - raft.server.leaderelection.leader.step-down.wait-time = 10s (default)
2023-03-07 04:41:06,738 INFO  server.RaftServerConfigKeys (ConfUtils.java:logGet(46)) - raft.server.sleep.deviation.threshold = 300ms (default)
2023-03-07 04:41:06,738 INFO  server.RaftServer$Division (ServerState.java:<init>(113)) - s5@group-FAA53D5BC7BE: ConfigurationManager, init=-1: peers:[]|listeners:[], old=null, confs=<EMPTY_MAP>
2023-03-07 04:41:06,738 INFO  server.RaftServerConfigKeys (ConfUtils.java:logGet(46)) - raft.server.notification.no-leader.timeout = 60s (default)
2023-03-07 04:41:06,738 INFO  server.RaftServerConfigKeys (ConfUtils.java:logGet(46)) - raft.server.read.timeout = 10s (default)
2023-03-07 04:41:06,738 INFO  server.RaftServerConfigKeys (ConfUtils.java:logGet(46)) - raft.server.retrycache.expirytime = 60s (default)
2023-03-07 04:41:06,738 INFO  server.RaftServerConfigKeys (ConfUtils.java:logGet(46)) - raft.server.retrycache.statistics.expirytime = 100μs (default)
2023-03-07 04:41:06,739 INFO  server.RaftServerConfigKeys (ConfUtils.java:logGet(46)) - raft.server.read.option = DEFAULT (default)
2023-03-07 04:41:06,739 INFO  server.RaftServer (RaftServerProxy.java:addNew(99)) - s7: addNew group-FAA53D5BC7BE:[] returns group-FAA53D5BC7BE:java.util.concurrent.CompletableFuture@44eff038[Not completed]
2023-03-07 04:41:06,739 INFO  impl.MiniRaftCluster (MiniRaftCluster.java:newRaftServer(382)) - newRaftServer: s8, group-FAA53D5BC7BE:[], format? true
2023-03-07 04:41:06,739 TRACE util.FileUtils (FileUtils.java:deleteFully(201)) - deleteFully target/test/data/fa33b8e4/MiniRaftClusterWithNettye7083e71/s8
2023-03-07 04:41:06,739 TRACE util.FileUtils (FileUtils.java:deleteFully(217)) - deleteFully: target/test/data/fa33b8e4/MiniRaftClusterWithNettye7083e71/s8 does not exist.
2023-03-07 04:41:06,739 INFO  impl.MiniRaftCluster (MiniRaftCluster.java:newRaftServer(387)) - Formatted directory target/test/data/fa33b8e4/MiniRaftClusterWithNettye7083e71/s8
2023-03-07 04:41:06,739 INFO  server.RaftServer (ConfUtils.java:logGet(46)) - raft.rpc.type = NETTY (custom)
2023-03-07 04:41:06,740 INFO  netty.NettyConfigKeys$Server (ConfUtils.java:logGet(46)) - raft.netty.server.host = null (default)
2023-03-07 04:41:06,740 INFO  netty.NettyConfigKeys$Server (ConfUtils.java:logGet(46)) - raft.netty.server.port = 41505 (custom)
2023-03-07 04:41:06,740 INFO  impl.DataStreamServerImpl (ConfUtils.java:logGet(46)) - raft.datastream.type = DISABLED (default)
2023-03-07 04:41:06,740 INFO  server.RaftServerConfigKeys (ConfUtils.java:logGet(46)) - raft.server.threadpool.proxy.cached = true (default)
2023-03-07 04:41:06,740 INFO  server.RaftServerConfigKeys (ConfUtils.java:logGet(46)) - raft.server.threadpool.proxy.size = 0 (default)
2023-03-07 04:41:06,740 INFO  server.RaftServerConfigKeys (ConfUtils.java:logGet(46)) - raft.server.rpc.slowness.timeout = 60s (default)
2023-03-07 04:41:06,740 INFO  server.RaftServerConfigKeys (ConfUtils.java:logGet(46)) - raft.server.leaderelection.leader.step-down.wait-time = 10s (default)
2023-03-07 04:41:06,740 INFO  server.RaftServerConfigKeys (ConfUtils.java:logGet(46)) - raft.server.storage.dir = [/home/runner/work/ratis/ratis/ratis-examples/target/test/data/fa33b8e4/MiniRaftClusterWithNettye7083e71/s8] (custom)
2023-03-07 04:41:06,740 INFO  server.RaftServerConfigKeys (ConfUtils.java:logGet(46)) - raft.server.log.appender.install.snapshot.enabled = true (default)
2023-03-07 04:41:06,740 INFO  server.RaftServerConfigKeys (ConfUtils.java:logGet(46)) - raft.server.log.appender.install.snapshot.enabled = true (default)
2023-03-07 04:41:06,740 INFO  server.RaftServerConfigKeys (ConfUtils.java:logGet(46)) - raft.server.threadpool.server.cached = true (default)
2023-03-07 04:41:06,740 INFO  server.RaftServerConfigKeys (ConfUtils.java:logGet(46)) - raft.server.threadpool.server.cached = true (default)
2023-03-07 04:41:06,741 INFO  server.RaftServerConfigKeys (ConfUtils.java:logGet(46)) - raft.server.threadpool.server.size = 0 (default)
2023-03-07 04:41:06,740 INFO  server.RaftServerConfigKeys (ConfUtils.java:logGet(46)) - raft.server.threadpool.server.size = 0 (default)
2023-03-07 04:41:06,741 INFO  server.RaftServerConfigKeys (ConfUtils.java:logGet(46)) - raft.server.threadpool.client.cached = true (default)
2023-03-07 04:41:06,741 INFO  server.RaftServerConfigKeys (ConfUtils.java:logGet(46)) - raft.server.threadpool.client.size = 0 (default)
2023-03-07 04:41:06,741 INFO  server.RaftServerConfigKeys (ConfUtils.java:logGet(46)) - raft.server.threadpool.client.cached = true (default)
2023-03-07 04:41:06,741 INFO  server.RaftServerConfigKeys (ConfUtils.java:logGet(46)) - raft.server.threadpool.client.size = 0 (default)
2023-03-07 04:41:06,741 INFO  server.RaftServer (RaftServerProxy.java:addNew(99)) - s8: addNew group-FAA53D5BC7BE:[] returns group-FAA53D5BC7BE:java.util.concurrent.CompletableFuture@3bc9a8ec[Not completed]
2023-03-07 04:41:06,741 INFO  impl.MiniRaftCluster (MiniRaftCluster.java:newRaftServer(382)) - newRaftServer: s9, group-FAA53D5BC7BE:[], format? true
2023-03-07 04:41:06,741 TRACE util.FileUtils (FileUtils.java:deleteFully(201)) - deleteFully target/test/data/fa33b8e4/MiniRaftClusterWithNettye7083e71/s9
2023-03-07 04:41:06,741 TRACE util.FileUtils (FileUtils.java:deleteFully(217)) - deleteFully: target/test/data/fa33b8e4/MiniRaftClusterWithNettye7083e71/s9 does not exist.
2023-03-07 04:41:06,741 INFO  impl.MiniRaftCluster (MiniRaftCluster.java:newRaftServer(387)) - Formatted directory target/test/data/fa33b8e4/MiniRaftClusterWithNettye7083e71/s9
2023-03-07 04:41:06,741 INFO  server.RaftServer$Division (RaftServerImpl.java:<init>(198)) - s7: new RaftServerImpl for group-FAA53D5BC7BE:[] with ArithmeticStateMachine:uninitialized
2023-03-07 04:41:06,741 INFO  server.RaftServerConfigKeys (ConfUtils.java:logGet(46)) - raft.server.rpc.timeout.min = 300ms (custom)
2023-03-07 04:41:06,741 INFO  server.RaftServer (ConfUtils.java:logGet(46)) - raft.rpc.type = NETTY (custom)
2023-03-07 04:41:06,741 INFO  server.RaftServerConfigKeys (ConfUtils.java:logGet(46)) - raft.server.rpc.timeout.max = 600ms (custom)
2023-03-07 04:41:06,741 INFO  server.RaftServerConfigKeys (ConfUtils.java:logGet(46)) - raft.server.rpc.sleep.time = 25ms (default)
2023-03-07 04:41:06,741 INFO  server.RaftServerConfigKeys (ConfUtils.java:logGet(46)) - raft.server.rpc.slowness.timeout = 60s (default)
2023-03-07 04:41:06,741 INFO  server.RaftServerConfigKeys (ConfUtils.java:logGet(46)) - raft.server.leaderelection.leader.step-down.wait-time = 10s (default)
2023-03-07 04:41:06,741 INFO  server.RaftServerConfigKeys (ConfUtils.java:logGet(46)) - raft.server.sleep.deviation.threshold = 300ms (default)
2023-03-07 04:41:06,741 INFO  server.RaftServer$Division (ServerState.java:<init>(113)) - s7@group-FAA53D5BC7BE: ConfigurationManager, init=-1: peers:[]|listeners:[], old=null, confs=<EMPTY_MAP>
2023-03-07 04:41:06,741 INFO  server.RaftServerConfigKeys (ConfUtils.java:logGet(46)) - raft.server.notification.no-leader.timeout = 60s (default)
2023-03-07 04:41:06,741 INFO  server.RaftServerConfigKeys (ConfUtils.java:logGet(46)) - raft.server.read.timeout = 10s (default)
2023-03-07 04:41:06,741 INFO  server.RaftServerConfigKeys (ConfUtils.java:logGet(46)) - raft.server.retrycache.expirytime = 60s (default)
2023-03-07 04:41:06,742 INFO  server.RaftServerConfigKeys (ConfUtils.java:logGet(46)) - raft.server.retrycache.statistics.expirytime = 100μs (default)
2023-03-07 04:41:06,742 INFO  netty.NettyConfigKeys$Server (ConfUtils.java:logGet(46)) - raft.netty.server.host = null (default)
2023-03-07 04:41:06,742 INFO  netty.NettyConfigKeys$Server (ConfUtils.java:logGet(46)) - raft.netty.server.port = 34365 (custom)
2023-03-07 04:41:06,742 INFO  impl.DataStreamServerImpl (ConfUtils.java:logGet(46)) - raft.datastream.type = DISABLED (default)
2023-03-07 04:41:06,742 INFO  server.RaftServerConfigKeys (ConfUtils.java:logGet(46)) - raft.server.threadpool.proxy.cached = true (default)
2023-03-07 04:41:06,742 INFO  server.RaftServerConfigKeys (ConfUtils.java:logGet(46)) - raft.server.threadpool.proxy.size = 0 (default)
2023-03-07 04:41:06,742 INFO  server.RaftServerConfigKeys (ConfUtils.java:logGet(46)) - raft.server.rpc.slowness.timeout = 60s (default)
2023-03-07 04:41:06,742 INFO  server.RaftServerConfigKeys (ConfUtils.java:logGet(46)) - raft.server.leaderelection.leader.step-down.wait-time = 10s (default)
2023-03-07 04:41:06,742 INFO  server.RaftServerConfigKeys (ConfUtils.java:logGet(46)) - raft.server.storage.dir = [/home/runner/work/ratis/ratis/ratis-examples/target/test/data/fa33b8e4/MiniRaftClusterWithNettye7083e71/s9] (custom)
2023-03-07 04:41:06,742 INFO  server.RaftServer$Division (RaftServerImpl.java:<init>(198)) - s8: new RaftServerImpl for group-FAA53D5BC7BE:[] with ArithmeticStateMachine:uninitialized
2023-03-07 04:41:06,742 INFO  server.RaftServerConfigKeys (ConfUtils.java:logGet(46)) - raft.server.rpc.timeout.min = 300ms (custom)
2023-03-07 04:41:06,742 INFO  server.RaftServerConfigKeys (ConfUtils.java:logGet(46)) - raft.server.rpc.timeout.max = 600ms (custom)
2023-03-07 04:41:06,742 INFO  server.RaftServerConfigKeys (ConfUtils.java:logGet(46)) - raft.server.rpc.sleep.time = 25ms (default)
2023-03-07 04:41:06,742 INFO  server.RaftServerConfigKeys (ConfUtils.java:logGet(46)) - raft.server.rpc.slowness.timeout = 60s (default)
2023-03-07 04:41:06,742 INFO  server.RaftServerConfigKeys (ConfUtils.java:logGet(46)) - raft.server.leaderelection.leader.step-down.wait-time = 10s (default)
2023-03-07 04:41:06,743 INFO  server.RaftServerConfigKeys (ConfUtils.java:logGet(46)) - raft.server.sleep.deviation.threshold = 300ms (default)
2023-03-07 04:41:06,742 INFO  server.RaftServerConfigKeys (ConfUtils.java:logGet(46)) - raft.server.read.option = DEFAULT (default)
2023-03-07 04:41:06,743 INFO  server.RaftServer$Division (ServerState.java:<init>(113)) - s8@group-FAA53D5BC7BE: ConfigurationManager, init=-1: peers:[]|listeners:[], old=null, confs=<EMPTY_MAP>
2023-03-07 04:41:06,743 INFO  server.RaftServerConfigKeys (ConfUtils.java:logGet(46)) - raft.server.notification.no-leader.timeout = 60s (default)
2023-03-07 04:41:06,743 INFO  server.RaftServerConfigKeys (ConfUtils.java:logGet(46)) - raft.server.read.timeout = 10s (default)
2023-03-07 04:41:06,743 INFO  server.RaftServerConfigKeys (ConfUtils.java:logGet(46)) - raft.server.retrycache.expirytime = 60s (default)
2023-03-07 04:41:06,743 INFO  server.RaftServerConfigKeys (ConfUtils.java:logGet(46)) - raft.server.retrycache.statistics.expirytime = 100μs (default)
2023-03-07 04:41:06,743 INFO  server.RaftServerConfigKeys (ConfUtils.java:logGet(46)) - raft.server.read.option = DEFAULT (default)
2023-03-07 04:41:06,743 INFO  server.RaftServer (RaftServerProxy.java:addNew(99)) - s9: addNew group-FAA53D5BC7BE:[] returns group-FAA53D5BC7BE:java.util.concurrent.CompletableFuture@544e2205[Not completed]
2023-03-07 04:41:06,743 INFO  impl.MiniRaftCluster (MiniRaftCluster.java:newRaftServer(382)) - newRaftServer: s10, group-FAA53D5BC7BE:[], format? true
2023-03-07 04:41:06,743 TRACE util.FileUtils (FileUtils.java:deleteFully(201)) - deleteFully target/test/data/fa33b8e4/MiniRaftClusterWithNettye7083e71/s10
2023-03-07 04:41:06,743 TRACE util.FileUtils (FileUtils.java:deleteFully(217)) - deleteFully: target/test/data/fa33b8e4/MiniRaftClusterWithNettye7083e71/s10 does not exist.
2023-03-07 04:41:06,743 INFO  impl.MiniRaftCluster (MiniRaftCluster.java:newRaftServer(387)) - Formatted directory target/test/data/fa33b8e4/MiniRaftClusterWithNettye7083e71/s10
2023-03-07 04:41:06,744 INFO  server.RaftServer (ConfUtils.java:logGet(46)) - raft.rpc.type = NETTY (custom)
2023-03-07 04:41:06,744 INFO  netty.NettyConfigKeys$Server (ConfUtils.java:logGet(46)) - raft.netty.server.host = null (default)
2023-03-07 04:41:06,744 INFO  netty.NettyConfigKeys$Server (ConfUtils.java:logGet(46)) - raft.netty.server.port = 43353 (custom)
2023-03-07 04:41:06,744 INFO  impl.DataStreamServerImpl (ConfUtils.java:logGet(46)) - raft.datastream.type = DISABLED (default)
2023-03-07 04:41:06,744 INFO  server.RaftServerConfigKeys (ConfUtils.java:logGet(46)) - raft.server.threadpool.proxy.cached = true (default)
2023-03-07 04:41:06,744 INFO  server.RaftServerConfigKeys (ConfUtils.java:logGet(46)) - raft.server.threadpool.proxy.size = 0 (default)
2023-03-07 04:41:06,744 INFO  server.RaftServerConfigKeys (ConfUtils.java:logGet(46)) - raft.server.rpc.slowness.timeout = 60s (default)
2023-03-07 04:41:06,744 INFO  server.RaftServerConfigKeys (ConfUtils.java:logGet(46)) - raft.server.leaderelection.leader.step-down.wait-time = 10s (default)
2023-03-07 04:41:06,744 INFO  server.RaftServerConfigKeys (ConfUtils.java:logGet(46)) - raft.server.storage.dir = [/home/runner/work/ratis/ratis/ratis-examples/target/test/data/fa33b8e4/MiniRaftClusterWithNettye7083e71/s10] (custom)
2023-03-07 04:41:06,744 INFO  server.RaftServerConfigKeys (ConfUtils.java:logGet(46)) - raft.server.log.appender.install.snapshot.enabled = true (default)
2023-03-07 04:41:06,745 INFO  server.RaftServerConfigKeys (ConfUtils.java:logGet(46)) - raft.server.threadpool.server.cached = true (default)
2023-03-07 04:41:06,745 INFO  server.RaftServerConfigKeys (ConfUtils.java:logGet(46)) - raft.server.threadpool.server.size = 0 (default)
2023-03-07 04:41:06,745 INFO  server.RaftServerConfigKeys (ConfUtils.java:logGet(46)) - raft.server.threadpool.client.cached = true (default)
2023-03-07 04:41:06,746 INFO  server.RaftServerConfigKeys (ConfUtils.java:logGet(46)) - raft.server.threadpool.client.size = 0 (default)
2023-03-07 04:41:06,748 INFO  server.RaftServerConfigKeys (ConfUtils.java:logGet(46)) - raft.server.log.appender.install.snapshot.enabled = true (default)
2023-03-07 04:41:06,748 INFO  server.RaftServerConfigKeys (ConfUtils.java:logGet(46)) - raft.server.threadpool.server.cached = true (default)
2023-03-07 04:41:06,748 INFO  server.RaftServerConfigKeys (ConfUtils.java:logGet(46)) - raft.server.threadpool.server.size = 0 (default)
2023-03-07 04:41:06,748 INFO  server.RaftServerConfigKeys (ConfUtils.java:logGet(46)) - raft.server.threadpool.client.cached = true (default)
2023-03-07 04:41:06,748 INFO  server.RaftServerConfigKeys (ConfUtils.java:logGet(46)) - raft.server.threadpool.client.size = 0 (default)
2023-03-07 04:41:06,748 INFO  server.RaftServer (RaftServerProxy.java:addNew(99)) - s10: addNew group-FAA53D5BC7BE:[] returns group-FAA53D5BC7BE:java.util.concurrent.CompletableFuture@37fb7cc9[Not completed]
2023-03-07 04:41:06,748 INFO  server.RaftServer$Division (RaftServerImpl.java:<init>(198)) - s9: new RaftServerImpl for group-FAA53D5BC7BE:[] with ArithmeticStateMachine:uninitialized
2023-03-07 04:41:06,748 INFO  impl.MiniRaftCluster (MiniRaftCluster.java:newRaftServer(382)) - newRaftServer: s11, group-FAA53D5BC7BE:[], format? true
2023-03-07 04:41:06,748 TRACE util.FileUtils (FileUtils.java:deleteFully(201)) - deleteFully target/test/data/fa33b8e4/MiniRaftClusterWithNettye7083e71/s11
2023-03-07 04:41:06,749 TRACE util.FileUtils (FileUtils.java:deleteFully(217)) - deleteFully: target/test/data/fa33b8e4/MiniRaftClusterWithNettye7083e71/s11 does not exist.
2023-03-07 04:41:06,749 INFO  impl.MiniRaftCluster (MiniRaftCluster.java:newRaftServer(387)) - Formatted directory target/test/data/fa33b8e4/MiniRaftClusterWithNettye7083e71/s11
2023-03-07 04:41:06,749 INFO  server.RaftServer (ConfUtils.java:logGet(46)) - raft.rpc.type = NETTY (custom)
2023-03-07 04:41:06,749 INFO  netty.NettyConfigKeys$Server (ConfUtils.java:logGet(46)) - raft.netty.server.host = null (default)
2023-03-07 04:41:06,749 INFO  netty.NettyConfigKeys$Server (ConfUtils.java:logGet(46)) - raft.netty.server.port = 44621 (custom)
2023-03-07 04:41:06,749 INFO  impl.DataStreamServerImpl (ConfUtils.java:logGet(46)) - raft.datastream.type = DISABLED (default)
2023-03-07 04:41:06,749 INFO  server.RaftServerConfigKeys (ConfUtils.java:logGet(46)) - raft.server.rpc.timeout.min = 300ms (custom)
2023-03-07 04:41:06,749 INFO  server.RaftServerConfigKeys (ConfUtils.java:logGet(46)) - raft.server.rpc.timeout.max = 600ms (custom)
2023-03-07 04:41:06,749 INFO  server.RaftServerConfigKeys (ConfUtils.java:logGet(46)) - raft.server.rpc.sleep.time = 25ms (default)
2023-03-07 04:41:06,749 INFO  server.RaftServerConfigKeys (ConfUtils.java:logGet(46)) - raft.server.rpc.slowness.timeout = 60s (default)
2023-03-07 04:41:06,749 INFO  server.RaftServerConfigKeys (ConfUtils.java:logGet(46)) - raft.server.leaderelection.leader.step-down.wait-time = 10s (default)
2023-03-07 04:41:06,749 INFO  server.RaftServerConfigKeys (ConfUtils.java:logGet(46)) - raft.server.sleep.deviation.threshold = 300ms (default)
2023-03-07 04:41:06,749 INFO  server.RaftServer$Division (ServerState.java:<init>(113)) - s9@group-FAA53D5BC7BE: ConfigurationManager, init=-1: peers:[]|listeners:[], old=null, confs=<EMPTY_MAP>
2023-03-07 04:41:06,749 INFO  server.RaftServerConfigKeys (ConfUtils.java:logGet(46)) - raft.server.notification.no-leader.timeout = 60s (default)
2023-03-07 04:41:06,749 INFO  server.RaftServerConfigKeys (ConfUtils.java:logGet(46)) - raft.server.read.timeout = 10s (default)
2023-03-07 04:41:06,750 INFO  server.RaftServerConfigKeys (ConfUtils.java:logGet(46)) - raft.server.retrycache.expirytime = 60s (default)
2023-03-07 04:41:06,750 INFO  server.RaftServerConfigKeys (ConfUtils.java:logGet(46)) - raft.server.retrycache.statistics.expirytime = 100μs (default)
2023-03-07 04:41:06,750 INFO  server.RaftServerConfigKeys (ConfUtils.java:logGet(46)) - raft.server.read.option = DEFAULT (default)
2023-03-07 04:41:06,751 INFO  server.RaftServerConfigKeys (ConfUtils.java:logGet(46)) - raft.server.log.appender.install.snapshot.enabled = true (default)
2023-03-07 04:41:06,751 INFO  server.RaftServerConfigKeys (ConfUtils.java:logGet(46)) - raft.server.threadpool.server.cached = true (default)
2023-03-07 04:41:06,751 INFO  server.RaftServerConfigKeys (ConfUtils.java:logGet(46)) - raft.server.threadpool.server.size = 0 (default)
2023-03-07 04:41:06,751 INFO  server.RaftServerConfigKeys (ConfUtils.java:logGet(46)) - raft.server.threadpool.client.cached = true (default)
2023-03-07 04:41:06,751 INFO  server.RaftServerConfigKeys (ConfUtils.java:logGet(46)) - raft.server.threadpool.client.size = 0 (default)
2023-03-07 04:41:06,751 INFO  server.RaftServer$Division (RaftServerImpl.java:<init>(198)) - s10: new RaftServerImpl for group-FAA53D5BC7BE:[] with ArithmeticStateMachine:uninitialized
2023-03-07 04:41:06,751 INFO  server.RaftServerConfigKeys (ConfUtils.java:logGet(46)) - raft.server.rpc.timeout.min = 300ms (custom)
2023-03-07 04:41:06,749 INFO  server.RaftServerConfigKeys (ConfUtils.java:logGet(46)) - raft.server.threadpool.proxy.cached = true (default)
2023-03-07 04:41:06,751 INFO  server.RaftServerConfigKeys (ConfUtils.java:logGet(46)) - raft.server.threadpool.proxy.size = 0 (default)
2023-03-07 04:41:06,751 INFO  server.RaftServerConfigKeys (ConfUtils.java:logGet(46)) - raft.server.rpc.slowness.timeout = 60s (default)
2023-03-07 04:41:06,751 INFO  server.RaftServerConfigKeys (ConfUtils.java:logGet(46)) - raft.server.leaderelection.leader.step-down.wait-time = 10s (default)
2023-03-07 04:41:06,751 INFO  server.RaftServerConfigKeys (ConfUtils.java:logGet(46)) - raft.server.rpc.timeout.max = 600ms (custom)
2023-03-07 04:41:06,751 INFO  server.RaftServerConfigKeys (ConfUtils.java:logGet(46)) - raft.server.storage.dir = [/home/runner/work/ratis/ratis/ratis-examples/target/test/data/fa33b8e4/MiniRaftClusterWithNettye7083e71/s11] (custom)
2023-03-07 04:41:06,751 INFO  server.RaftServerConfigKeys (ConfUtils.java:logGet(46)) - raft.server.rpc.sleep.time = 25ms (default)
2023-03-07 04:41:06,752 INFO  server.RaftServerConfigKeys (ConfUtils.java:logGet(46)) - raft.server.rpc.slowness.timeout = 60s (default)
2023-03-07 04:41:06,752 INFO  server.RaftServerConfigKeys (ConfUtils.java:logGet(46)) - raft.server.leaderelection.leader.step-down.wait-time = 10s (default)
2023-03-07 04:41:06,752 INFO  server.RaftServerConfigKeys (ConfUtils.java:logGet(46)) - raft.server.sleep.deviation.threshold = 300ms (default)
2023-03-07 04:41:06,752 INFO  server.RaftServer$Division (ServerState.java:<init>(113)) - s10@group-FAA53D5BC7BE: ConfigurationManager, init=-1: peers:[]|listeners:[], old=null, confs=<EMPTY_MAP>
2023-03-07 04:41:06,752 INFO  server.RaftServerConfigKeys (ConfUtils.java:logGet(46)) - raft.server.notification.no-leader.timeout = 60s (default)
2023-03-07 04:41:06,752 INFO  server.RaftServerConfigKeys (ConfUtils.java:logGet(46)) - raft.server.read.timeout = 10s (default)
2023-03-07 04:41:06,752 INFO  server.RaftServerConfigKeys (ConfUtils.java:logGet(46)) - raft.server.retrycache.expirytime = 60s (default)
2023-03-07 04:41:06,752 INFO  server.RaftServerConfigKeys (ConfUtils.java:logGet(46)) - raft.server.retrycache.statistics.expirytime = 100μs (default)
2023-03-07 04:41:06,752 INFO  server.RaftServerConfigKeys (ConfUtils.java:logGet(46)) - raft.server.read.option = DEFAULT (default)
2023-03-07 04:41:06,756 INFO  server.RaftServerConfigKeys (ConfUtils.java:logGet(46)) - raft.server.log.appender.install.snapshot.enabled = true (default)
2023-03-07 04:41:06,756 INFO  server.RaftServerConfigKeys (ConfUtils.java:logGet(46)) - raft.server.threadpool.server.cached = true (default)
2023-03-07 04:41:06,756 INFO  server.RaftServerConfigKeys (ConfUtils.java:logGet(46)) - raft.server.threadpool.server.size = 0 (default)
2023-03-07 04:41:06,756 INFO  server.RaftServerConfigKeys (ConfUtils.java:logGet(46)) - raft.server.threadpool.client.cached = true (default)
2023-03-07 04:41:06,756 INFO  server.RaftServerConfigKeys (ConfUtils.java:logGet(46)) - raft.server.threadpool.client.size = 0 (default)
2023-03-07 04:41:06,757 INFO  server.RaftServer (RaftServerProxy.java:addNew(99)) - s11: addNew group-FAA53D5BC7BE:[] returns group-FAA53D5BC7BE:java.util.concurrent.CompletableFuture@506f92fe[Not completed]
2023-03-07 04:41:06,757 INFO  impl.MiniRaftCluster (MiniRaftCluster.java:newRaftServer(382)) - newRaftServer: s12, group-FAA53D5BC7BE:[], format? true
2023-03-07 04:41:06,757 TRACE util.FileUtils (FileUtils.java:deleteFully(201)) - deleteFully target/test/data/fa33b8e4/MiniRaftClusterWithNettye7083e71/s12
2023-03-07 04:41:06,757 TRACE util.FileUtils (FileUtils.java:deleteFully(217)) - deleteFully: target/test/data/fa33b8e4/MiniRaftClusterWithNettye7083e71/s12 does not exist.
2023-03-07 04:41:06,757 INFO  impl.MiniRaftCluster (MiniRaftCluster.java:newRaftServer(387)) - Formatted directory target/test/data/fa33b8e4/MiniRaftClusterWithNettye7083e71/s12
2023-03-07 04:41:06,757 INFO  server.RaftServer$Division (RaftServerImpl.java:<init>(198)) - s11: new RaftServerImpl for group-FAA53D5BC7BE:[] with ArithmeticStateMachine:uninitialized
2023-03-07 04:41:06,757 INFO  server.RaftServer (ConfUtils.java:logGet(46)) - raft.rpc.type = NETTY (custom)
2023-03-07 04:41:06,757 INFO  server.RaftServerConfigKeys (ConfUtils.java:logGet(46)) - raft.server.rpc.timeout.min = 300ms (custom)
2023-03-07 04:41:06,757 INFO  server.RaftServerConfigKeys (ConfUtils.java:logGet(46)) - raft.server.rpc.timeout.max = 600ms (custom)
2023-03-07 04:41:06,757 INFO  server.RaftServerConfigKeys (ConfUtils.java:logGet(46)) - raft.server.rpc.sleep.time = 25ms (default)
2023-03-07 04:41:06,757 INFO  server.RaftServerConfigKeys (ConfUtils.java:logGet(46)) - raft.server.rpc.slowness.timeout = 60s (default)
2023-03-07 04:41:06,757 INFO  server.RaftServerConfigKeys (ConfUtils.java:logGet(46)) - raft.server.leaderelection.leader.step-down.wait-time = 10s (default)
2023-03-07 04:41:06,757 INFO  server.RaftServerConfigKeys (ConfUtils.java:logGet(46)) - raft.server.sleep.deviation.threshold = 300ms (default)
2023-03-07 04:41:06,757 INFO  server.RaftServer$Division (ServerState.java:<init>(113)) - s11@group-FAA53D5BC7BE: ConfigurationManager, init=-1: peers:[]|listeners:[], old=null, confs=<EMPTY_MAP>
2023-03-07 04:41:06,757 INFO  server.RaftServerConfigKeys (ConfUtils.java:logGet(46)) - raft.server.notification.no-leader.timeout = 60s (default)
2023-03-07 04:41:06,757 INFO  server.RaftServerConfigKeys (ConfUtils.java:logGet(46)) - raft.server.read.timeout = 10s (default)
2023-03-07 04:41:06,757 INFO  server.RaftServerConfigKeys (ConfUtils.java:logGet(46)) - raft.server.retrycache.expirytime = 60s (default)
2023-03-07 04:41:06,757 INFO  server.RaftServerConfigKeys (ConfUtils.java:logGet(46)) - raft.server.retrycache.statistics.expirytime = 100μs (default)
2023-03-07 04:41:06,758 INFO  server.RaftServerConfigKeys (ConfUtils.java:logGet(46)) - raft.server.read.option = DEFAULT (default)
2023-03-07 04:41:06,759 INFO  server.RaftServerConfigKeys (ConfUtils.java:logGet(46)) - raft.server.log.appender.install.snapshot.enabled = true (default)
2023-03-07 04:41:06,759 INFO  server.RaftServerConfigKeys (ConfUtils.java:logGet(46)) - raft.server.threadpool.server.cached = true (default)
2023-03-07 04:41:06,759 INFO  server.RaftServerConfigKeys (ConfUtils.java:logGet(46)) - raft.server.threadpool.server.size = 0 (default)
2023-03-07 04:41:06,759 INFO  server.RaftServerConfigKeys (ConfUtils.java:logGet(46)) - raft.server.threadpool.client.cached = true (default)
2023-03-07 04:41:06,759 INFO  server.RaftServerConfigKeys (ConfUtils.java:logGet(46)) - raft.server.threadpool.client.size = 0 (default)
2023-03-07 04:41:06,776 INFO  netty.NettyConfigKeys$Server (ConfUtils.java:logGet(46)) - raft.netty.server.host = null (default)
2023-03-07 04:41:06,776 INFO  netty.NettyConfigKeys$Server (ConfUtils.java:logGet(46)) - raft.netty.server.port = 43391 (custom)
2023-03-07 04:41:06,776 INFO  impl.DataStreamServerImpl (ConfUtils.java:logGet(46)) - raft.datastream.type = DISABLED (default)
2023-03-07 04:41:06,776 INFO  server.RaftServerConfigKeys (ConfUtils.java:logGet(46)) - raft.server.threadpool.proxy.cached = true (default)
2023-03-07 04:41:06,776 INFO  server.RaftServerConfigKeys (ConfUtils.java:logGet(46)) - raft.server.threadpool.proxy.size = 0 (default)
2023-03-07 04:41:06,776 INFO  server.RaftServerConfigKeys (ConfUtils.java:logGet(46)) - raft.server.rpc.slowness.timeout = 60s (default)
2023-03-07 04:41:06,776 INFO  server.RaftServerConfigKeys (ConfUtils.java:logGet(46)) - raft.server.leaderelection.leader.step-down.wait-time = 10s (default)
2023-03-07 04:41:06,776 INFO  server.RaftServerConfigKeys (ConfUtils.java:logGet(46)) - raft.server.storage.dir = [/home/runner/work/ratis/ratis/ratis-examples/target/test/data/fa33b8e4/MiniRaftClusterWithNettye7083e71/s12] (custom)
2023-03-07 04:41:06,777 INFO  server.RaftServer (RaftServerProxy.java:addNew(99)) - s12: addNew group-FAA53D5BC7BE:[] returns group-FAA53D5BC7BE:java.util.concurrent.CompletableFuture@5f87fe98[Not completed]
2023-03-07 04:41:06,777 INFO  impl.MiniRaftCluster (MiniRaftCluster.java:newRaftServer(382)) - newRaftServer: s13, group-FAA53D5BC7BE:[], format? true
2023-03-07 04:41:06,777 TRACE util.FileUtils (FileUtils.java:deleteFully(201)) - deleteFully target/test/data/fa33b8e4/MiniRaftClusterWithNettye7083e71/s13
2023-03-07 04:41:06,777 TRACE util.FileUtils (FileUtils.java:deleteFully(217)) - deleteFully: target/test/data/fa33b8e4/MiniRaftClusterWithNettye7083e71/s13 does not exist.
2023-03-07 04:41:06,777 INFO  impl.MiniRaftCluster (MiniRaftCluster.java:newRaftServer(387)) - Formatted directory target/test/data/fa33b8e4/MiniRaftClusterWithNettye7083e71/s13
2023-03-07 04:41:06,777 INFO  server.RaftServer (ConfUtils.java:logGet(46)) - raft.rpc.type = NETTY (custom)
2023-03-07 04:41:06,777 INFO  netty.NettyConfigKeys$Server (ConfUtils.java:logGet(46)) - raft.netty.server.host = null (default)
2023-03-07 04:41:06,777 INFO  netty.NettyConfigKeys$Server (ConfUtils.java:logGet(46)) - raft.netty.server.port = 33759 (custom)
2023-03-07 04:41:06,778 INFO  impl.DataStreamServerImpl (ConfUtils.java:logGet(46)) - raft.datastream.type = DISABLED (default)
2023-03-07 04:41:06,778 INFO  server.RaftServerConfigKeys (ConfUtils.java:logGet(46)) - raft.server.threadpool.proxy.cached = true (default)
2023-03-07 04:41:06,778 INFO  server.RaftServerConfigKeys (ConfUtils.java:logGet(46)) - raft.server.threadpool.proxy.size = 0 (default)
2023-03-07 04:41:06,778 INFO  server.RaftServerConfigKeys (ConfUtils.java:logGet(46)) - raft.server.rpc.slowness.timeout = 60s (default)
2023-03-07 04:41:06,778 INFO  server.RaftServerConfigKeys (ConfUtils.java:logGet(46)) - raft.server.leaderelection.leader.step-down.wait-time = 10s (default)
2023-03-07 04:41:06,778 INFO  server.RaftServerConfigKeys (ConfUtils.java:logGet(46)) - raft.server.storage.dir = [/home/runner/work/ratis/ratis/ratis-examples/target/test/data/fa33b8e4/MiniRaftClusterWithNettye7083e71/s13] (custom)
2023-03-07 04:41:06,778 INFO  server.RaftServer (RaftServerProxy.java:addNew(99)) - s13: addNew group-FAA53D5BC7BE:[] returns group-FAA53D5BC7BE:java.util.concurrent.CompletableFuture@18ec92ea[Not completed]
2023-03-07 04:41:06,778 INFO  server.RaftServer$Division (RaftServerImpl.java:<init>(198)) - s12: new RaftServerImpl for group-FAA53D5BC7BE:[] with ArithmeticStateMachine:uninitialized
2023-03-07 04:41:06,778 INFO  impl.MiniRaftCluster (MiniRaftCluster.java:newRaftServer(382)) - newRaftServer: s14, group-FAA53D5BC7BE:[], format? true
2023-03-07 04:41:06,778 TRACE util.FileUtils (FileUtils.java:deleteFully(201)) - deleteFully target/test/data/fa33b8e4/MiniRaftClusterWithNettye7083e71/s14
2023-03-07 04:41:06,778 TRACE util.FileUtils (FileUtils.java:deleteFully(217)) - deleteFully: target/test/data/fa33b8e4/MiniRaftClusterWithNettye7083e71/s14 does not exist.
2023-03-07 04:41:06,778 INFO  impl.MiniRaftCluster (MiniRaftCluster.java:newRaftServer(387)) - Formatted directory target/test/data/fa33b8e4/MiniRaftClusterWithNettye7083e71/s14
2023-03-07 04:41:06,779 INFO  server.RaftServer (ConfUtils.java:logGet(46)) - raft.rpc.type = NETTY (custom)
2023-03-07 04:41:06,779 INFO  netty.NettyConfigKeys$Server (ConfUtils.java:logGet(46)) - raft.netty.server.host = null (default)
2023-03-07 04:41:06,779 INFO  netty.NettyConfigKeys$Server (ConfUtils.java:logGet(46)) - raft.netty.server.port = 41557 (custom)
2023-03-07 04:41:06,779 INFO  impl.DataStreamServerImpl (ConfUtils.java:logGet(46)) - raft.datastream.type = DISABLED (default)
2023-03-07 04:41:06,779 INFO  server.RaftServerConfigKeys (ConfUtils.java:logGet(46)) - raft.server.threadpool.proxy.cached = true (default)
2023-03-07 04:41:06,779 INFO  server.RaftServerConfigKeys (ConfUtils.java:logGet(46)) - raft.server.threadpool.proxy.size = 0 (default)
2023-03-07 04:41:06,779 INFO  server.RaftServerConfigKeys (ConfUtils.java:logGet(46)) - raft.server.rpc.slowness.timeout = 60s (default)
2023-03-07 04:41:06,779 INFO  server.RaftServerConfigKeys (ConfUtils.java:logGet(46)) - raft.server.leaderelection.leader.step-down.wait-time = 10s (default)
2023-03-07 04:41:06,779 INFO  server.RaftServerConfigKeys (ConfUtils.java:logGet(46)) - raft.server.storage.dir = [/home/runner/work/ratis/ratis/ratis-examples/target/test/data/fa33b8e4/MiniRaftClusterWithNettye7083e71/s14] (custom)
2023-03-07 04:41:06,779 INFO  server.RaftServer$Division (RaftServerImpl.java:<init>(198)) - s13: new RaftServerImpl for group-FAA53D5BC7BE:[] with ArithmeticStateMachine:uninitialized
2023-03-07 04:41:06,779 INFO  server.RaftServerConfigKeys (ConfUtils.java:logGet(46)) - raft.server.rpc.timeout.min = 300ms (custom)
2023-03-07 04:41:06,779 INFO  server.RaftServerConfigKeys (ConfUtils.java:logGet(46)) - raft.server.rpc.timeout.max = 600ms (custom)
2023-03-07 04:41:06,779 INFO  server.RaftServerConfigKeys (ConfUtils.java:logGet(46)) - raft.server.rpc.sleep.time = 25ms (default)
2023-03-07 04:41:06,780 INFO  server.RaftServerConfigKeys (ConfUtils.java:logGet(46)) - raft.server.rpc.slowness.timeout = 60s (default)
2023-03-07 04:41:06,780 INFO  server.RaftServerConfigKeys (ConfUtils.java:logGet(46)) - raft.server.leaderelection.leader.step-down.wait-time = 10s (default)
2023-03-07 04:41:06,780 INFO  server.RaftServerConfigKeys (ConfUtils.java:logGet(46)) - raft.server.sleep.deviation.threshold = 300ms (default)
2023-03-07 04:41:06,780 INFO  server.RaftServer$Division (ServerState.java:<init>(113)) - s13@group-FAA53D5BC7BE: ConfigurationManager, init=-1: peers:[]|listeners:[], old=null, confs=<EMPTY_MAP>
2023-03-07 04:41:06,780 INFO  server.RaftServerConfigKeys (ConfUtils.java:logGet(46)) - raft.server.notification.no-leader.timeout = 60s (default)
2023-03-07 04:41:06,780 INFO  server.RaftServerConfigKeys (ConfUtils.java:logGet(46)) - raft.server.read.timeout = 10s (default)
2023-03-07 04:41:06,780 INFO  server.RaftServerConfigKeys (ConfUtils.java:logGet(46)) - raft.server.retrycache.expirytime = 60s (default)
2023-03-07 04:41:06,780 INFO  server.RaftServerConfigKeys (ConfUtils.java:logGet(46)) - raft.server.retrycache.statistics.expirytime = 100μs (default)
2023-03-07 04:41:06,780 INFO  server.RaftServerConfigKeys (ConfUtils.java:logGet(46)) - raft.server.read.option = DEFAULT (default)
2023-03-07 04:41:06,781 INFO  server.RaftServerConfigKeys (ConfUtils.java:logGet(46)) - raft.server.log.appender.install.snapshot.enabled = true (default)
2023-03-07 04:41:06,781 INFO  server.RaftServerConfigKeys (ConfUtils.java:logGet(46)) - raft.server.threadpool.server.cached = true (default)
2023-03-07 04:41:06,781 INFO  server.RaftServerConfigKeys (ConfUtils.java:logGet(46)) - raft.server.threadpool.server.size = 0 (default)
2023-03-07 04:41:06,781 INFO  server.RaftServerConfigKeys (ConfUtils.java:logGet(46)) - raft.server.threadpool.client.cached = true (default)
2023-03-07 04:41:06,781 INFO  server.RaftServerConfigKeys (ConfUtils.java:logGet(46)) - raft.server.threadpool.client.size = 0 (default)
2023-03-07 04:41:06,782 INFO  server.RaftServer (RaftServerProxy.java:addNew(99)) - s14: addNew group-FAA53D5BC7BE:[] returns group-FAA53D5BC7BE:java.util.concurrent.CompletableFuture@e9ca36[Not completed]
2023-03-07 04:41:06,782 INFO  impl.GroupManagementBaseTest (GroupManagementBaseTest.java:runMultiGroupTest(260)) - putNewServer: printing ALL groups
  s3:      NEW      null s3@group-FAA53D5BC7BE:t0, leader=null, voted=null, raftlog=UNINITIALIZED, conf=-1: peers:[]|listeners:[], old=null NEW
  s4:      NEW      null s4@group-FAA53D5BC7BE:t0, leader=null, voted=null, raftlog=UNINITIALIZED, conf=-1: peers:[]|listeners:[], old=null NEW
  s5:      NEW      null s5@group-FAA53D5BC7BE:t0, leader=null, voted=null, raftlog=UNINITIALIZED, conf=-1: peers:[]|listeners:[], old=null NEW
  s6:      NEW      null s6@group-FAA53D5BC7BE:t0, leader=null, voted=null, raftlog=UNINITIALIZED, conf=-1: peers:[]|listeners:[], old=null NEW
  s7:      NEW      null s7@group-FAA53D5BC7BE:t0, leader=null, voted=null, raftlog=UNINITIALIZED, conf=-1: peers:[]|listeners:[], old=null NEW
  s8:      NEW      null s8@group-FAA53D5BC7BE:t0, leader=null, voted=null, raftlog=UNINITIALIZED, conf=-1: peers:[]|listeners:[], old=null NEW
  s9:      NEW      null s9@group-FAA53D5BC7BE:t0, leader=null, voted=null, raftlog=UNINITIALIZED, conf=-1: peers:[]|listeners:[], old=null NEW
  s11:      NEW      null s11@group-FAA53D5BC7BE:t0, leader=null, voted=null, raftlog=UNINITIALIZED, conf=-1: peers:[]|listeners:[], old=null NEW
  s10:      NEW      null s10@group-FAA53D5BC7BE:t0, leader=null, voted=null, raftlog=UNINITIALIZED, conf=-1: peers:[]|listeners:[], old=null NEW
  s13:      NEW      null s13@group-FAA53D5BC7BE:t0, leader=null, voted=null, raftlog=UNINITIALIZED, conf=-1: peers:[]|listeners:[], old=null NEW
  s12:      NEW group-FAA53D5BC7BE:java.util.concurrent.CompletableFuture@5f87fe98[Not completed]
  s14:      NEW group-FAA53D5BC7BE:java.util.concurrent.CompletableFuture@e9ca36[Not completed]
  s0:      NEW      null s0@group-FAA53D5BC7BE:t0, leader=null, voted=null, raftlog=UNINITIALIZED, conf=-1: peers:[]|listeners:[], old=null NEW
  s1:      NEW      null s1@group-FAA53D5BC7BE:t0, leader=null, voted=null, raftlog=UNINITIALIZED, conf=-1: peers:[]|listeners:[], old=null NEW
  s2:      NEW      null s2@group-FAA53D5BC7BE:t0, leader=null, voted=null, raftlog=UNINITIALIZED, conf=-1: peers:[]|listeners:[], old=null NEW
2023-03-07 04:41:06,782 INFO  server.RaftServer$Division (RaftServerImpl.java:<init>(198)) - s14: new RaftServerImpl for group-FAA53D5BC7BE:[] with ArithmeticStateMachine:uninitialized
2023-03-07 04:41:06,782 INFO  server.RaftServerConfigKeys (ConfUtils.java:logGet(46)) - raft.server.rpc.timeout.min = 300ms (custom)
2023-03-07 04:41:06,782 INFO  server.RaftServerConfigKeys (ConfUtils.java:logGet(46)) - raft.server.rpc.timeout.max = 600ms (custom)
2023-03-07 04:41:06,782 INFO  server.RaftServerConfigKeys (ConfUtils.java:logGet(46)) - raft.server.rpc.sleep.time = 25ms (default)
2023-03-07 04:41:06,782 INFO  server.RaftServerConfigKeys (ConfUtils.java:logGet(46)) - raft.server.rpc.slowness.timeout = 60s (default)
2023-03-07 04:41:06,782 INFO  server.RaftServerConfigKeys (ConfUtils.java:logGet(46)) - raft.server.leaderelection.leader.step-down.wait-time = 10s (default)
2023-03-07 04:41:06,782 INFO  server.RaftServerConfigKeys (ConfUtils.java:logGet(46)) - raft.server.sleep.deviation.threshold = 300ms (default)
2023-03-07 04:41:06,782 INFO  server.RaftServer$Division (ServerState.java:<init>(113)) - s14@group-FAA53D5BC7BE: ConfigurationManager, init=-1: peers:[]|listeners:[], old=null, confs=<EMPTY_MAP>
2023-03-07 04:41:06,782 INFO  server.RaftServerConfigKeys (ConfUtils.java:logGet(46)) - raft.server.notification.no-leader.timeout = 60s (default)
2023-03-07 04:41:06,782 INFO  server.RaftServerConfigKeys (ConfUtils.java:logGet(46)) - raft.server.read.timeout = 10s (default)
2023-03-07 04:41:06,782 INFO  server.RaftServerConfigKeys (ConfUtils.java:logGet(46)) - raft.server.retrycache.expirytime = 60s (default)
2023-03-07 04:41:06,782 INFO  server.RaftServerConfigKeys (ConfUtils.java:logGet(46)) - raft.server.retrycache.statistics.expirytime = 100μs (default)
2023-03-07 04:41:06,782 INFO  server.RaftServerConfigKeys (ConfUtils.java:logGet(46)) - raft.server.read.option = DEFAULT (default)
2023-03-07 04:41:06,783 INFO  server.RaftServerConfigKeys (ConfUtils.java:logGet(46)) - raft.server.log.appender.install.snapshot.enabled = true (default)
2023-03-07 04:41:06,783 INFO  server.RaftServerConfigKeys (ConfUtils.java:logGet(46)) - raft.server.threadpool.server.cached = true (default)
2023-03-07 04:41:06,783 INFO  server.RaftServerConfigKeys (ConfUtils.java:logGet(46)) - raft.server.threadpool.server.size = 0 (default)
2023-03-07 04:41:06,783 INFO  server.RaftServerConfigKeys (ConfUtils.java:logGet(46)) - raft.server.threadpool.client.cached = true (default)
2023-03-07 04:41:06,784 INFO  server.RaftServerConfigKeys (ConfUtils.java:logGet(46)) - raft.server.threadpool.client.size = 0 (default)
2023-03-07 04:41:06,784 INFO  server.RaftServerConfigKeys (ConfUtils.java:logGet(46)) - raft.server.rpc.timeout.min = 300ms (custom)
2023-03-07 04:41:06,784 INFO  server.RaftServerConfigKeys (ConfUtils.java:logGet(46)) - raft.server.rpc.timeout.max = 600ms (custom)
2023-03-07 04:41:06,784 INFO  server.RaftServerConfigKeys (ConfUtils.java:logGet(46)) - raft.server.rpc.sleep.time = 25ms (default)
2023-03-07 04:41:06,784 INFO  server.RaftServerConfigKeys (ConfUtils.java:logGet(46)) - raft.server.rpc.slowness.timeout = 60s (default)
2023-03-07 04:41:06,784 INFO  server.RaftServerConfigKeys (ConfUtils.java:logGet(46)) - raft.server.leaderelection.leader.step-down.wait-time = 10s (default)
2023-03-07 04:41:06,784 INFO  server.RaftServerConfigKeys (ConfUtils.java:logGet(46)) - raft.server.sleep.deviation.threshold = 300ms (default)
2023-03-07 04:41:06,784 INFO  server.RaftServer$Division (ServerState.java:<init>(113)) - s12@group-FAA53D5BC7BE: ConfigurationManager, init=-1: peers:[]|listeners:[], old=null, confs=<EMPTY_MAP>
2023-03-07 04:41:06,784 INFO  server.RaftServerConfigKeys (ConfUtils.java:logGet(46)) - raft.server.notification.no-leader.timeout = 60s (default)
2023-03-07 04:41:06,784 INFO  server.RaftServerConfigKeys (ConfUtils.java:logGet(46)) - raft.server.read.timeout = 10s (default)
2023-03-07 04:41:06,784 INFO  server.RaftServerConfigKeys (ConfUtils.java:logGet(46)) - raft.server.retrycache.expirytime = 60s (default)
2023-03-07 04:41:06,784 INFO  server.RaftServerConfigKeys (ConfUtils.java:logGet(46)) - raft.server.retrycache.statistics.expirytime = 100μs (default)
2023-03-07 04:41:06,784 INFO  server.RaftServerConfigKeys (ConfUtils.java:logGet(46)) - raft.server.read.option = DEFAULT (default)
2023-03-07 04:41:06,785 INFO  server.RaftServerConfigKeys (ConfUtils.java:logGet(46)) - raft.server.log.appender.install.snapshot.enabled = true (default)
2023-03-07 04:41:06,785 INFO  server.RaftServerConfigKeys (ConfUtils.java:logGet(46)) - raft.server.threadpool.server.cached = true (default)
2023-03-07 04:41:06,785 INFO  server.RaftServerConfigKeys (ConfUtils.java:logGet(46)) - raft.server.threadpool.server.size = 0 (default)
2023-03-07 04:41:06,785 INFO  server.RaftServerConfigKeys (ConfUtils.java:logGet(46)) - raft.server.threadpool.client.cached = true (default)
2023-03-07 04:41:06,785 INFO  server.RaftServerConfigKeys (ConfUtils.java:logGet(46)) - raft.server.threadpool.client.size = 0 (default)
2023-03-07 04:41:07,782 INFO  impl.MiniRaftCluster (MiniRaftCluster.java:start(339)) - .............................................................. 
2023-03-07 04:41:07,782 INFO  impl.MiniRaftCluster (MiniRaftCluster.java:start(340)) - ... 
2023-03-07 04:41:07,782 INFO  impl.MiniRaftCluster (MiniRaftCluster.java:start(341)) - ...     Starting MiniRaftClusterWithNetty
2023-03-07 04:41:07,782 INFO  impl.MiniRaftCluster (MiniRaftCluster.java:start(342)) - ... 
2023-03-07 04:41:07,782 INFO  impl.MiniRaftCluster (MiniRaftCluster.java:start(343)) - .............................................................. 
2023-03-07 04:41:07,783 INFO  impl.MiniRaftCluster (MiniRaftCluster.java:initServers(318)) - servers = {s3=s3:      NEW      null s3@group-FAA53D5BC7BE:t0, leader=null, voted=null, raftlog=UNINITIALIZED, conf=-1: peers:[]|listeners:[], old=null NEW, s4=s4:      NEW      null s4@group-FAA53D5BC7BE:t0, leader=null, voted=null, raftlog=UNINITIALIZED, conf=-1: peers:[]|listeners:[], old=null NEW, s5=s5:      NEW      null s5@group-FAA53D5BC7BE:t0, leader=null, voted=null, raftlog=UNINITIALIZED, conf=-1: peers:[]|listeners:[], old=null NEW, s6=s6:      NEW      null s6@group-FAA53D5BC7BE:t0, leader=null, voted=null, raftlog=UNINITIALIZED, conf=-1: peers:[]|listeners:[], old=null NEW, s7=s7:      NEW      null s7@group-FAA53D5BC7BE:t0, leader=null, voted=null, raftlog=UNINITIALIZED, conf=-1: peers:[]|listeners:[], old=null NEW, s8=s8:      NEW      null s8@group-FAA53D5BC7BE:t0, leader=null, voted=null, raftlog=UNINITIALIZED, conf=-1: peers:[]|listeners:[], old=null NEW, s9=s9:      NEW      null s9@group-FAA53D5BC7BE:t0, leader=null, voted=null, raftlog=UNINITIALIZED, conf=-1: peers:[]|listeners:[], old=null NEW, s11=s11:      NEW      null s11@group-FAA53D5BC7BE:t0, leader=null, voted=null, raftlog=UNINITIALIZED, conf=-1: peers:[]|listeners:[], old=null NEW, s10=s10:      NEW      null s10@group-FAA53D5BC7BE:t0, leader=null, voted=null, raftlog=UNINITIALIZED, conf=-1: peers:[]|listeners:[], old=null NEW, s13=s13:      NEW      null s13@group-FAA53D5BC7BE:t0, leader=null, voted=null, raftlog=UNINITIALIZED, conf=-1: peers:[]|listeners:[], old=null NEW, s12=s12:      NEW      null s12@group-FAA53D5BC7BE:t0, leader=null, voted=null, raftlog=UNINITIALIZED, conf=-1: peers:[]|listeners:[], old=null NEW, s14=s14:      NEW      null s14@group-FAA53D5BC7BE:t0, leader=null, voted=null, raftlog=UNINITIALIZED, conf=-1: peers:[]|listeners:[], old=null NEW, s0=s0:      NEW      null s0@group-FAA53D5BC7BE:t0, leader=null, voted=null, raftlog=UNINITIALIZED, conf=-1: peers:[]|listeners:[], old=null NEW, s1=s1:      NEW      null s1@group-FAA53D5BC7BE:t0, leader=null, voted=null, raftlog=UNINITIALIZED, conf=-1: peers:[]|listeners:[], old=null NEW, s2=s2:      NEW      null s2@group-FAA53D5BC7BE:t0, leader=null, voted=null, raftlog=UNINITIALIZED, conf=-1: peers:[]|listeners:[], old=null NEW}
2023-03-07 04:41:07,783 INFO  server.RaftServerConfigKeys (ConfUtils.java:logGet(46)) - raft.server.storage.free-space.min = 0MB (=0) (default)
2023-03-07 04:41:07,783 INFO  server.RaftServerConfigKeys (ConfUtils.java:logGet(46)) - raft.server.log.corruption.policy = EXCEPTION (default)
2023-03-07 04:41:07,783 INFO  server.RaftServerConfigKeys (ConfUtils.java:logGet(46)) - raft.server.storage.dir = [/home/runner/work/ratis/ratis/ratis-examples/target/test/data/fa33b8e4/MiniRaftClusterWithNettye7083e71/s3] (custom)
2023-03-07 04:41:07,783 INFO  storage.RaftStorageDirectory (RaftStorageDirectoryImpl.java:analyzeStorage(138)) - The storage directory /home/runner/work/ratis/ratis/ratis-examples/target/test/data/fa33b8e4/MiniRaftClusterWithNettye7083e71/s3/8f9547c1-14c5-4152-90af-faa53d5bc7be does not exist. Creating ...
2023-03-07 04:41:07,784 TRACE util.FileUtils (LogUtils.java:runAndLog(49)) - Successfully ran Files.createDirectories /home/runner/work/ratis/ratis/ratis-examples/target/test/data/fa33b8e4/MiniRaftClusterWithNettye7083e71/s3/8f9547c1-14c5-4152-90af-faa53d5bc7be
2023-03-07 04:41:07,785 INFO  storage.RaftStorageDirectory (RaftStorageDirectoryImpl.java:tryLock(232)) - Lock on /home/runner/work/ratis/ratis/ratis-examples/target/test/data/fa33b8e4/MiniRaftClusterWithNettye7083e71/s3/8f9547c1-14c5-4152-90af-faa53d5bc7be/in_use.lock acquired by nodename 15875@fv-az983-448
2023-03-07 04:41:07,785 TRACE util.FileUtils (LogUtils.java:runAndLog(49)) - Successfully ran Files.createDirectories /home/runner/work/ratis/ratis/ratis-examples/target/test/data/fa33b8e4/MiniRaftClusterWithNettye7083e71/s3/8f9547c1-14c5-4152-90af-faa53d5bc7be/current
2023-03-07 04:41:07,785 TRACE util.FileUtils (LogUtils.java:runAndLog(49)) - Successfully ran Files.createDirectories /home/runner/work/ratis/ratis/ratis-examples/target/test/data/fa33b8e4/MiniRaftClusterWithNettye7083e71/s3/8f9547c1-14c5-4152-90af-faa53d5bc7be/sm
2023-03-07 04:41:07,786 INFO  storage.RaftStorage (RaftStorageImpl.java:format(96)) - Storage directory /home/runner/work/ratis/ratis/ratis-examples/target/test/data/fa33b8e4/MiniRaftClusterWithNettye7083e71/s3/8f9547c1-14c5-4152-90af-faa53d5bc7be has been successfully formatted.
2023-03-07 04:41:07,786 WARN  statemachine.StateMachine (ArithmeticStateMachine.java:loadSnapshot(116)) - The snapshot info is null.
2023-03-07 04:41:07,786 INFO  server.RaftServerConfigKeys (ConfUtils.java:logGet(46)) - raft.server.log.use.memory = false (default)
2023-03-07 04:41:07,786 INFO  server.RaftServerConfigKeys (ConfUtils.java:logGet(46)) - raft.server.log.purge.gap = 1024 (default)
2023-03-07 04:41:07,786 INFO  server.RaftServerConfigKeys (ConfUtils.java:logGet(46)) - raft.server.log.appender.buffer.byte-limit = 4MB (=4194304) (default)
2023-03-07 04:41:07,786 INFO  server.RaftServerConfigKeys (ConfUtils.java:logGet(46)) - raft.server.log.statemachine.data.read.timeout = 1000ms (default)
2023-03-07 04:41:07,786 INFO  server.RaftServerConfigKeys (ConfUtils.java:logGet(46)) - raft.server.log.purge.preservation.log.num = 0 (default)
2023-03-07 04:41:07,787 INFO  server.RaftServerConfigKeys (ConfUtils.java:logGet(46)) - raft.server.log.segment.size.max = 8MB (=8388608) (default)
2023-03-07 04:41:07,787 INFO  server.RaftServerConfigKeys (ConfUtils.java:logGet(46)) - raft.server.log.segment.cache.num.max = 6 (default)
2023-03-07 04:41:07,787 INFO  server.RaftServerConfigKeys (ConfUtils.java:logGet(46)) - raft.server.log.segment.cache.size.max = 200MB (=209715200) (default)
2023-03-07 04:41:07,787 INFO  server.RaftServerConfigKeys (ConfUtils.java:logGet(46)) - raft.server.log.appender.buffer.byte-limit = 4MB (=4194304) (default)
2023-03-07 04:41:07,787 INFO  segmented.SegmentedRaftLogWorker (SegmentedRaftLogWorker.java:<init>(183)) - new s3@group-FAA53D5BC7BE-SegmentedRaftLogWorker for RaftStorageImpl:Storage Directory /home/runner/work/ratis/ratis/ratis-examples/target/test/data/fa33b8e4/MiniRaftClusterWithNettye7083e71/s3/8f9547c1-14c5-4152-90af-faa53d5bc7be
2023-03-07 04:41:07,787 INFO  server.RaftServerConfigKeys (ConfUtils.java:logGet(46)) - raft.server.log.queue.byte-limit = 64MB (=67108864) (default)
2023-03-07 04:41:07,787 INFO  server.RaftServerConfigKeys (ConfUtils.java:logGet(46)) - raft.server.log.queue.element-limit = 4096 (default)
2023-03-07 04:41:07,787 INFO  server.RaftServerConfigKeys (ConfUtils.java:logGet(46)) - raft.server.log.segment.size.max = 8MB (=8388608) (default)
2023-03-07 04:41:07,787 INFO  server.RaftServerConfigKeys (ConfUtils.java:logGet(46)) - raft.server.log.preallocated.size = 4MB (=4194304) (default)
2023-03-07 04:41:07,787 INFO  server.RaftServerConfigKeys (ConfUtils.java:logGet(46)) - raft.server.log.force.sync.num = 128 (default)
2023-03-07 04:41:07,787 INFO  server.RaftServerConfigKeys (ConfUtils.java:logGet(46)) - raft.server.log.statemachine.data.sync = true (default)
2023-03-07 04:41:07,787 INFO  server.RaftServerConfigKeys (ConfUtils.java:logGet(46)) - raft.server.log.statemachine.data.sync.timeout = 10s (default)
2023-03-07 04:41:07,787 INFO  server.RaftServerConfigKeys (ConfUtils.java:logGet(46)) - raft.server.log.statemachine.data.sync.timeout.retry = -1 (default)
2023-03-07 04:41:07,787 INFO  server.RaftServerConfigKeys (ConfUtils.java:logGet(46)) - raft.server.log.write.buffer.size = 64KB (=65536) (default)
2023-03-07 04:41:07,787 INFO  server.RaftServerConfigKeys (ConfUtils.java:logGet(46)) - raft.server.log.appender.buffer.byte-limit = 4MB (=4194304) (default)
2023-03-07 04:41:07,788 INFO  server.RaftServerConfigKeys (ConfUtils.java:logGet(46)) - raft.server.log.unsafe-flush.enabled = false (default)
2023-03-07 04:41:07,788 INFO  server.RaftServerConfigKeys (ConfUtils.java:logGet(46)) - raft.server.log.async-flush.enabled = false (default)
2023-03-07 04:41:07,788 INFO  server.RaftServerConfigKeys (ConfUtils.java:logGet(46)) - raft.server.log.statemachine.data.caching.enabled = false (default)
2023-03-07 04:41:07,788 INFO  segmented.SegmentedRaftLogWorker (SegmentedRaftLogWorker.java:lambda$new$0(134)) - s3@group-FAA53D5BC7BE-SegmentedRaftLogWorker: flushIndex: setUnconditionally 0 -> -1
2023-03-07 04:41:07,788 INFO  segmented.SegmentedRaftLogWorker (SegmentedRaftLogWorker.java:lambda$new$0(134)) - s3@group-FAA53D5BC7BE-SegmentedRaftLogWorker: safeCacheEvictIndex: setUnconditionally 0 -> -1
2023-03-07 04:41:07,788 INFO  server.RaftServer$Division (RaftServerImpl.java:start(348)) - s3@group-FAA53D5BC7BE: start with initializing state, conf=-1: peers:[]|listeners:[], old=null
2023-03-07 04:41:07,788 INFO  server.RaftServer$Division (RaftServerImpl.java:setRole(329)) - s3@group-FAA53D5BC7BE: changes role from      null to FOLLOWER at term 0 for startInitializing
2023-03-07 04:41:07,788 INFO  util.JmxRegister (JmxRegister.java:tryRegister(44)) - Successfully registered JMX Bean with object name Ratis:service=RaftServer,group=group-FAA53D5BC7BE,id=s3
2023-03-07 04:41:07,788 INFO  server.RaftServerConfigKeys (ConfUtils.java:logGet(46)) - raft.server.snapshot.auto.trigger.enabled = false (default)
2023-03-07 04:41:07,788 INFO  server.RaftServerConfigKeys (ConfUtils.java:logGet(46)) - raft.server.snapshot.retention.file.num = -1 (default)
2023-03-07 04:41:07,788 INFO  server.RaftServerConfigKeys (ConfUtils.java:logGet(46)) - raft.server.log.purge.upto.snapshot.index = false (default)
2023-03-07 04:41:07,789 INFO  server.RaftServer (RaftServerProxy.java:startImpl(401)) - s3: start RPC server
2023-03-07 04:41:07,804 INFO  logging.LoggingHandler (AbstractInternalLogger.java:log(148)) - [id: 0x07ea810c] REGISTERED
2023-03-07 04:41:07,804 INFO  logging.LoggingHandler (AbstractInternalLogger.java:log(148)) - [id: 0x07ea810c] BIND: 0.0.0.0/0.0.0.0:43243
2023-03-07 04:41:07,805 INFO  logging.LoggingHandler (AbstractInternalLogger.java:log(148)) - [id: 0x07ea810c, L:/0.0.0.0:43243] ACTIVE
2023-03-07 04:41:07,805 INFO  server.RaftServerConfigKeys (ConfUtils.java:logGet(46)) - raft.server.storage.free-space.min = 0MB (=0) (default)
2023-03-07 04:41:07,805 INFO  server.RaftServerConfigKeys (ConfUtils.java:logGet(46)) - raft.server.log.corruption.policy = EXCEPTION (default)
2023-03-07 04:41:07,805 INFO  util.JvmPauseMonitor (JvmPauseMonitor.java:run(103)) - JvmPauseMonitor-s3: Started
2023-03-07 04:41:07,805 INFO  server.RaftServerConfigKeys (ConfUtils.java:logGet(46)) - raft.server.storage.dir = [/home/runner/work/ratis/ratis/ratis-examples/target/test/data/fa33b8e4/MiniRaftClusterWithNettye7083e71/s4] (custom)
2023-03-07 04:41:07,806 INFO  storage.RaftStorageDirectory (RaftStorageDirectoryImpl.java:analyzeStorage(138)) - The storage directory /home/runner/work/ratis/ratis/ratis-examples/target/test/data/fa33b8e4/MiniRaftClusterWithNettye7083e71/s4/8f9547c1-14c5-4152-90af-faa53d5bc7be does not exist. Creating ...
2023-03-07 04:41:07,806 TRACE util.FileUtils (LogUtils.java:runAndLog(49)) - Successfully ran Files.createDirectories /home/runner/work/ratis/ratis/ratis-examples/target/test/data/fa33b8e4/MiniRaftClusterWithNettye7083e71/s4/8f9547c1-14c5-4152-90af-faa53d5bc7be
2023-03-07 04:41:07,807 INFO  storage.RaftStorageDirectory (RaftStorageDirectoryImpl.java:tryLock(232)) - Lock on /home/runner/work/ratis/ratis/ratis-examples/target/test/data/fa33b8e4/MiniRaftClusterWithNettye7083e71/s4/8f9547c1-14c5-4152-90af-faa53d5bc7be/in_use.lock acquired by nodename 15875@fv-az983-448
2023-03-07 04:41:07,807 TRACE util.FileUtils (LogUtils.java:runAndLog(49)) - Successfully ran Files.createDirectories /home/runner/work/ratis/ratis/ratis-examples/target/test/data/fa33b8e4/MiniRaftClusterWithNettye7083e71/s4/8f9547c1-14c5-4152-90af-faa53d5bc7be/current
2023-03-07 04:41:07,807 TRACE util.FileUtils (LogUtils.java:runAndLog(49)) - Successfully ran Files.createDirectories /home/runner/work/ratis/ratis/ratis-examples/target/test/data/fa33b8e4/MiniRaftClusterWithNettye7083e71/s4/8f9547c1-14c5-4152-90af-faa53d5bc7be/sm
2023-03-07 04:41:07,808 INFO  storage.RaftStorage (RaftStorageImpl.java:format(96)) - Storage directory /home/runner/work/ratis/ratis/ratis-examples/target/test/data/fa33b8e4/MiniRaftClusterWithNettye7083e71/s4/8f9547c1-14c5-4152-90af-faa53d5bc7be has been successfully formatted.
2023-03-07 04:41:07,808 WARN  statemachine.StateMachine (ArithmeticStateMachine.java:loadSnapshot(116)) - The snapshot info is null.
2023-03-07 04:41:07,808 INFO  server.RaftServerConfigKeys (ConfUtils.java:logGet(46)) - raft.server.log.use.memory = false (default)
2023-03-07 04:41:07,808 INFO  server.RaftServerConfigKeys (ConfUtils.java:logGet(46)) - raft.server.log.purge.gap = 1024 (default)
2023-03-07 04:41:07,808 INFO  server.RaftServerConfigKeys (ConfUtils.java:logGet(46)) - raft.server.log.appender.buffer.byte-limit = 4MB (=4194304) (default)
2023-03-07 04:41:07,808 INFO  server.RaftServerConfigKeys (ConfUtils.java:logGet(46)) - raft.server.log.statemachine.data.read.timeout = 1000ms (default)
2023-03-07 04:41:07,808 INFO  server.RaftServerConfigKeys (ConfUtils.java:logGet(46)) - raft.server.log.purge.preservation.log.num = 0 (default)
2023-03-07 04:41:07,809 INFO  server.RaftServerConfigKeys (ConfUtils.java:logGet(46)) - raft.server.log.segment.size.max = 8MB (=8388608) (default)
2023-03-07 04:41:07,809 INFO  server.RaftServerConfigKeys (ConfUtils.java:logGet(46)) - raft.server.log.segment.cache.num.max = 6 (default)
2023-03-07 04:41:07,809 INFO  server.RaftServerConfigKeys (ConfUtils.java:logGet(46)) - raft.server.log.segment.cache.size.max = 200MB (=209715200) (default)
2023-03-07 04:41:07,809 INFO  server.RaftServerConfigKeys (ConfUtils.java:logGet(46)) - raft.server.log.appender.buffer.byte-limit = 4MB (=4194304) (default)
2023-03-07 04:41:07,809 INFO  segmented.SegmentedRaftLogWorker (SegmentedRaftLogWorker.java:<init>(183)) - new s4@group-FAA53D5BC7BE-SegmentedRaftLogWorker for RaftStorageImpl:Storage Directory /home/runner/work/ratis/ratis/ratis-examples/target/test/data/fa33b8e4/MiniRaftClusterWithNettye7083e71/s4/8f9547c1-14c5-4152-90af-faa53d5bc7be
2023-03-07 04:41:07,809 INFO  server.RaftServerConfigKeys (ConfUtils.java:logGet(46)) - raft.server.log.queue.byte-limit = 64MB (=67108864) (default)
2023-03-07 04:41:07,809 INFO  server.RaftServerConfigKeys (ConfUtils.java:logGet(46)) - raft.server.log.queue.element-limit = 4096 (default)
2023-03-07 04:41:07,809 INFO  server.RaftServerConfigKeys (ConfUtils.java:logGet(46)) - raft.server.log.segment.size.max = 8MB (=8388608) (default)
2023-03-07 04:41:07,809 INFO  server.RaftServerConfigKeys (ConfUtils.java:logGet(46)) - raft.server.log.preallocated.size = 4MB (=4194304) (default)
2023-03-07 04:41:07,809 INFO  server.RaftServerConfigKeys (ConfUtils.java:logGet(46)) - raft.server.log.force.sync.num = 128 (default)
2023-03-07 04:41:07,809 INFO  server.RaftServerConfigKeys (ConfUtils.java:logGet(46)) - raft.server.log.statemachine.data.sync = true (default)
2023-03-07 04:41:07,809 INFO  server.RaftServerConfigKeys (ConfUtils.java:logGet(46)) - raft.server.log.statemachine.data.sync.timeout = 10s (default)
2023-03-07 04:41:07,809 INFO  server.RaftServerConfigKeys (ConfUtils.java:logGet(46)) - raft.server.log.statemachine.data.sync.timeout.retry = -1 (default)
2023-03-07 04:41:07,809 INFO  server.RaftServerConfigKeys (ConfUtils.java:logGet(46)) - raft.server.log.write.buffer.size = 64KB (=65536) (default)
2023-03-07 04:41:07,809 INFO  server.RaftServerConfigKeys (ConfUtils.java:logGet(46)) - raft.server.log.appender.buffer.byte-limit = 4MB (=4194304) (default)
2023-03-07 04:41:07,810 INFO  server.RaftServerConfigKeys (ConfUtils.java:logGet(46)) - raft.server.log.unsafe-flush.enabled = false (default)
2023-03-07 04:41:07,810 INFO  server.RaftServerConfigKeys (ConfUtils.java:logGet(46)) - raft.server.log.async-flush.enabled = false (default)
2023-03-07 04:41:07,810 INFO  server.RaftServerConfigKeys (ConfUtils.java:logGet(46)) - raft.server.log.statemachine.data.caching.enabled = false (default)
2023-03-07 04:41:07,810 INFO  segmented.SegmentedRaftLogWorker (SegmentedRaftLogWorker.java:lambda$new$0(134)) - s4@group-FAA53D5BC7BE-SegmentedRaftLogWorker: flushIndex: setUnconditionally 0 -> -1
2023-03-07 04:41:07,810 INFO  segmented.SegmentedRaftLogWorker (SegmentedRaftLogWorker.java:lambda$new$0(134)) - s4@group-FAA53D5BC7BE-SegmentedRaftLogWorker: safeCacheEvictIndex: setUnconditionally 0 -> -1
2023-03-07 04:41:07,810 INFO  server.RaftServer$Division (RaftServerImpl.java:start(348)) - s4@group-FAA53D5BC7BE: start with initializing state, conf=-1: peers:[]|listeners:[], old=null
2023-03-07 04:41:07,810 INFO  server.RaftServer$Division (RaftServerImpl.java:setRole(329)) - s4@group-FAA53D5BC7BE: changes role from      null to FOLLOWER at term 0 for startInitializing
2023-03-07 04:41:07,810 INFO  util.JmxRegister (JmxRegister.java:tryRegister(44)) - Successfully registered JMX Bean with object name Ratis:service=RaftServer,group=group-FAA53D5BC7BE,id=s4
2023-03-07 04:41:07,810 INFO  server.RaftServerConfigKeys (ConfUtils.java:logGet(46)) - raft.server.snapshot.auto.trigger.enabled = false (default)
2023-03-07 04:41:07,810 INFO  server.RaftServerConfigKeys (ConfUtils.java:logGet(46)) - raft.server.snapshot.retention.file.num = -1 (default)
2023-03-07 04:41:07,810 INFO  server.RaftServerConfigKeys (ConfUtils.java:logGet(46)) - raft.server.log.purge.upto.snapshot.index = false (default)
2023-03-07 04:41:07,816 INFO  server.RaftServer (RaftServerProxy.java:startImpl(401)) - s4: start RPC server
2023-03-07 04:41:07,817 INFO  logging.LoggingHandler (AbstractInternalLogger.java:log(148)) - [id: 0x93522211] REGISTERED
2023-03-07 04:41:07,817 INFO  logging.LoggingHandler (AbstractInternalLogger.java:log(148)) - [id: 0x93522211] BIND: 0.0.0.0/0.0.0.0:34427
2023-03-07 04:41:07,817 INFO  logging.LoggingHandler (AbstractInternalLogger.java:log(148)) - [id: 0x93522211, L:/0.0.0.0:34427] ACTIVE
2023-03-07 04:41:07,817 INFO  server.RaftServerConfigKeys (ConfUtils.java:logGet(46)) - raft.server.storage.free-space.min = 0MB (=0) (default)
2023-03-07 04:41:07,817 INFO  server.RaftServerConfigKeys (ConfUtils.java:logGet(46)) - raft.server.log.corruption.policy = EXCEPTION (default)
2023-03-07 04:41:07,817 INFO  server.RaftServerConfigKeys (ConfUtils.java:logGet(46)) - raft.server.storage.dir = [/home/runner/work/ratis/ratis/ratis-examples/target/test/data/fa33b8e4/MiniRaftClusterWithNettye7083e71/s5] (custom)
2023-03-07 04:41:07,818 INFO  storage.RaftStorageDirectory (RaftStorageDirectoryImpl.java:analyzeStorage(138)) - The storage directory /home/runner/work/ratis/ratis/ratis-examples/target/test/data/fa33b8e4/MiniRaftClusterWithNettye7083e71/s5/8f9547c1-14c5-4152-90af-faa53d5bc7be does not exist. Creating ...
2023-03-07 04:41:07,818 TRACE util.FileUtils (LogUtils.java:runAndLog(49)) - Successfully ran Files.createDirectories /home/runner/work/ratis/ratis/ratis-examples/target/test/data/fa33b8e4/MiniRaftClusterWithNettye7083e71/s5/8f9547c1-14c5-4152-90af-faa53d5bc7be
2023-03-07 04:41:07,818 INFO  util.JvmPauseMonitor (JvmPauseMonitor.java:run(103)) - JvmPauseMonitor-s4: Started
2023-03-07 04:41:07,818 INFO  storage.RaftStorageDirectory (RaftStorageDirectoryImpl.java:tryLock(232)) - Lock on /home/runner/work/ratis/ratis/ratis-examples/target/test/data/fa33b8e4/MiniRaftClusterWithNettye7083e71/s5/8f9547c1-14c5-4152-90af-faa53d5bc7be/in_use.lock acquired by nodename 15875@fv-az983-448
2023-03-07 04:41:07,819 TRACE util.FileUtils (LogUtils.java:runAndLog(49)) - Successfully ran Files.createDirectories /home/runner/work/ratis/ratis/ratis-examples/target/test/data/fa33b8e4/MiniRaftClusterWithNettye7083e71/s5/8f9547c1-14c5-4152-90af-faa53d5bc7be/current
2023-03-07 04:41:07,819 TRACE util.FileUtils (LogUtils.java:runAndLog(49)) - Successfully ran Files.createDirectories /home/runner/work/ratis/ratis/ratis-examples/target/test/data/fa33b8e4/MiniRaftClusterWithNettye7083e71/s5/8f9547c1-14c5-4152-90af-faa53d5bc7be/sm
2023-03-07 04:41:07,819 INFO  storage.RaftStorage (RaftStorageImpl.java:format(96)) - Storage directory /home/runner/work/ratis/ratis/ratis-examples/target/test/data/fa33b8e4/MiniRaftClusterWithNettye7083e71/s5/8f9547c1-14c5-4152-90af-faa53d5bc7be has been successfully formatted.
2023-03-07 04:41:07,819 WARN  statemachine.StateMachine (ArithmeticStateMachine.java:loadSnapshot(116)) - The snapshot info is null.
2023-03-07 04:41:07,819 INFO  server.RaftServerConfigKeys (ConfUtils.java:logGet(46)) - raft.server.log.use.memory = false (default)
2023-03-07 04:41:07,820 INFO  server.RaftServerConfigKeys (ConfUtils.java:logGet(46)) - raft.server.log.purge.gap = 1024 (default)
2023-03-07 04:41:07,820 INFO  server.RaftServerConfigKeys (ConfUtils.java:logGet(46)) - raft.server.log.appender.buffer.byte-limit = 4MB (=4194304) (default)
2023-03-07 04:41:07,820 INFO  server.RaftServerConfigKeys (ConfUtils.java:logGet(46)) - raft.server.log.statemachine.data.read.timeout = 1000ms (default)
2023-03-07 04:41:07,820 INFO  server.RaftServerConfigKeys (ConfUtils.java:logGet(46)) - raft.server.log.purge.preservation.log.num = 0 (default)
2023-03-07 04:41:07,820 INFO  server.RaftServerConfigKeys (ConfUtils.java:logGet(46)) - raft.server.log.segment.size.max = 8MB (=8388608) (default)
2023-03-07 04:41:07,820 INFO  server.RaftServerConfigKeys (ConfUtils.java:logGet(46)) - raft.server.log.segment.cache.num.max = 6 (default)
2023-03-07 04:41:07,820 INFO  server.RaftServerConfigKeys (ConfUtils.java:logGet(46)) - raft.server.log.segment.cache.size.max = 200MB (=209715200) (default)
2023-03-07 04:41:07,820 INFO  server.RaftServerConfigKeys (ConfUtils.java:logGet(46)) - raft.server.log.appender.buffer.byte-limit = 4MB (=4194304) (default)
2023-03-07 04:41:07,820 INFO  segmented.SegmentedRaftLogWorker (SegmentedRaftLogWorker.java:<init>(183)) - new s5@group-FAA53D5BC7BE-SegmentedRaftLogWorker for RaftStorageImpl:Storage Directory /home/runner/work/ratis/ratis/ratis-examples/target/test/data/fa33b8e4/MiniRaftClusterWithNettye7083e71/s5/8f9547c1-14c5-4152-90af-faa53d5bc7be
2023-03-07 04:41:07,820 INFO  server.RaftServerConfigKeys (ConfUtils.java:logGet(46)) - raft.server.log.queue.byte-limit = 64MB (=67108864) (default)
2023-03-07 04:41:07,820 INFO  server.RaftServerConfigKeys (ConfUtils.java:logGet(46)) - raft.server.log.queue.element-limit = 4096 (default)
2023-03-07 04:41:07,820 INFO  server.RaftServerConfigKeys (ConfUtils.java:logGet(46)) - raft.server.log.segment.size.max = 8MB (=8388608) (default)
2023-03-07 04:41:07,820 INFO  server.RaftServerConfigKeys (ConfUtils.java:logGet(46)) - raft.server.log.preallocated.size = 4MB (=4194304) (default)
2023-03-07 04:41:07,821 INFO  server.RaftServerConfigKeys (ConfUtils.java:logGet(46)) - raft.server.log.force.sync.num = 128 (default)
2023-03-07 04:41:07,821 INFO  server.RaftServerConfigKeys (ConfUtils.java:logGet(46)) - raft.server.log.statemachine.data.sync = true (default)
2023-03-07 04:41:07,821 INFO  server.RaftServerConfigKeys (ConfUtils.java:logGet(46)) - raft.server.log.statemachine.data.sync.timeout = 10s (default)
2023-03-07 04:41:07,821 INFO  server.RaftServerConfigKeys (ConfUtils.java:logGet(46)) - raft.server.log.statemachine.data.sync.timeout.retry = -1 (default)
2023-03-07 04:41:07,821 INFO  server.RaftServerConfigKeys (ConfUtils.java:logGet(46)) - raft.server.log.write.buffer.size = 64KB (=65536) (default)
2023-03-07 04:41:07,821 INFO  server.RaftServerConfigKeys (ConfUtils.java:logGet(46)) - raft.server.log.appender.buffer.byte-limit = 4MB (=4194304) (default)
2023-03-07 04:41:07,821 INFO  server.RaftServerConfigKeys (ConfUtils.java:logGet(46)) - raft.server.log.unsafe-flush.enabled = false (default)
2023-03-07 04:41:07,821 INFO  server.RaftServerConfigKeys (ConfUtils.java:logGet(46)) - raft.server.log.async-flush.enabled = false (default)
2023-03-07 04:41:07,821 INFO  server.RaftServerConfigKeys (ConfUtils.java:logGet(46)) - raft.server.log.statemachine.data.caching.enabled = false (default)
2023-03-07 04:41:07,821 INFO  segmented.SegmentedRaftLogWorker (SegmentedRaftLogWorker.java:lambda$new$0(134)) - s5@group-FAA53D5BC7BE-SegmentedRaftLogWorker: flushIndex: setUnconditionally 0 -> -1
2023-03-07 04:41:07,821 INFO  segmented.SegmentedRaftLogWorker (SegmentedRaftLogWorker.java:lambda$new$0(134)) - s5@group-FAA53D5BC7BE-SegmentedRaftLogWorker: safeCacheEvictIndex: setUnconditionally 0 -> -1
2023-03-07 04:41:07,822 INFO  server.RaftServer$Division (RaftServerImpl.java:start(348)) - s5@group-FAA53D5BC7BE: start with initializing state, conf=-1: peers:[]|listeners:[], old=null
2023-03-07 04:41:07,822 INFO  server.RaftServer$Division (RaftServerImpl.java:setRole(329)) - s5@group-FAA53D5BC7BE: changes role from      null to FOLLOWER at term 0 for startInitializing
2023-03-07 04:41:07,822 INFO  util.JmxRegister (JmxRegister.java:tryRegister(44)) - Successfully registered JMX Bean with object name Ratis:service=RaftServer,group=group-FAA53D5BC7BE,id=s5
2023-03-07 04:41:07,822 INFO  server.RaftServerConfigKeys (ConfUtils.java:logGet(46)) - raft.server.snapshot.auto.trigger.enabled = false (default)
2023-03-07 04:41:07,822 INFO  server.RaftServerConfigKeys (ConfUtils.java:logGet(46)) - raft.server.snapshot.retention.file.num = -1 (default)
2023-03-07 04:41:07,822 INFO  server.RaftServerConfigKeys (ConfUtils.java:logGet(46)) - raft.server.log.purge.upto.snapshot.index = false (default)
2023-03-07 04:41:07,822 INFO  server.RaftServer (RaftServerProxy.java:startImpl(401)) - s5: start RPC server
2023-03-07 04:41:07,824 INFO  logging.LoggingHandler (AbstractInternalLogger.java:log(148)) - [id: 0xaf09a42a] REGISTERED
2023-03-07 04:41:07,824 INFO  logging.LoggingHandler (AbstractInternalLogger.java:log(148)) - [id: 0xaf09a42a] BIND: 0.0.0.0/0.0.0.0:35843
2023-03-07 04:41:07,824 INFO  logging.LoggingHandler (AbstractInternalLogger.java:log(148)) - [id: 0xaf09a42a, L:/0.0.0.0:35843] ACTIVE
2023-03-07 04:41:07,825 INFO  server.RaftServerConfigKeys (ConfUtils.java:logGet(46)) - raft.server.storage.free-space.min = 0MB (=0) (default)
2023-03-07 04:41:07,825 INFO  server.RaftServerConfigKeys (ConfUtils.java:logGet(46)) - raft.server.log.corruption.policy = EXCEPTION (default)
2023-03-07 04:41:07,825 INFO  server.RaftServerConfigKeys (ConfUtils.java:logGet(46)) - raft.server.storage.dir = [/home/runner/work/ratis/ratis/ratis-examples/target/test/data/fa33b8e4/MiniRaftClusterWithNettye7083e71/s6] (custom)
2023-03-07 04:41:07,825 INFO  storage.RaftStorageDirectory (RaftStorageDirectoryImpl.java:analyzeStorage(138)) - The storage directory /home/runner/work/ratis/ratis/ratis-examples/target/test/data/fa33b8e4/MiniRaftClusterWithNettye7083e71/s6/8f9547c1-14c5-4152-90af-faa53d5bc7be does not exist. Creating ...
2023-03-07 04:41:07,826 TRACE util.FileUtils (LogUtils.java:runAndLog(49)) - Successfully ran Files.createDirectories /home/runner/work/ratis/ratis/ratis-examples/target/test/data/fa33b8e4/MiniRaftClusterWithNettye7083e71/s6/8f9547c1-14c5-4152-90af-faa53d5bc7be
2023-03-07 04:41:07,826 INFO  storage.RaftStorageDirectory (RaftStorageDirectoryImpl.java:tryLock(232)) - Lock on /home/runner/work/ratis/ratis/ratis-examples/target/test/data/fa33b8e4/MiniRaftClusterWithNettye7083e71/s6/8f9547c1-14c5-4152-90af-faa53d5bc7be/in_use.lock acquired by nodename 15875@fv-az983-448
2023-03-07 04:41:07,827 TRACE util.FileUtils (LogUtils.java:runAndLog(49)) - Successfully ran Files.createDirectories /home/runner/work/ratis/ratis/ratis-examples/target/test/data/fa33b8e4/MiniRaftClusterWithNettye7083e71/s6/8f9547c1-14c5-4152-90af-faa53d5bc7be/current
2023-03-07 04:41:07,827 TRACE util.FileUtils (LogUtils.java:runAndLog(49)) - Successfully ran Files.createDirectories /home/runner/work/ratis/ratis/ratis-examples/target/test/data/fa33b8e4/MiniRaftClusterWithNettye7083e71/s6/8f9547c1-14c5-4152-90af-faa53d5bc7be/sm
2023-03-07 04:41:07,827 INFO  storage.RaftStorage (RaftStorageImpl.java:format(96)) - Storage directory /home/runner/work/ratis/ratis/ratis-examples/target/test/data/fa33b8e4/MiniRaftClusterWithNettye7083e71/s6/8f9547c1-14c5-4152-90af-faa53d5bc7be has been successfully formatted.
2023-03-07 04:41:07,828 WARN  statemachine.StateMachine (ArithmeticStateMachine.java:loadSnapshot(116)) - The snapshot info is null.
2023-03-07 04:41:07,828 INFO  server.RaftServerConfigKeys (ConfUtils.java:logGet(46)) - raft.server.log.use.memory = false (default)
2023-03-07 04:41:07,828 INFO  server.RaftServerConfigKeys (ConfUtils.java:logGet(46)) - raft.server.log.purge.gap = 1024 (default)
2023-03-07 04:41:07,828 INFO  server.RaftServerConfigKeys (ConfUtils.java:logGet(46)) - raft.server.log.appender.buffer.byte-limit = 4MB (=4194304) (default)
2023-03-07 04:41:07,828 INFO  server.RaftServerConfigKeys (ConfUtils.java:logGet(46)) - raft.server.log.statemachine.data.read.timeout = 1000ms (default)
2023-03-07 04:41:07,828 INFO  server.RaftServerConfigKeys (ConfUtils.java:logGet(46)) - raft.server.log.purge.preservation.log.num = 0 (default)
2023-03-07 04:41:07,829 INFO  server.RaftServerConfigKeys (ConfUtils.java:logGet(46)) - raft.server.log.segment.size.max = 8MB (=8388608) (default)
2023-03-07 04:41:07,829 INFO  server.RaftServerConfigKeys (ConfUtils.java:logGet(46)) - raft.server.log.segment.cache.num.max = 6 (default)
2023-03-07 04:41:07,829 INFO  server.RaftServerConfigKeys (ConfUtils.java:logGet(46)) - raft.server.log.segment.cache.size.max = 200MB (=209715200) (default)
2023-03-07 04:41:07,829 INFO  server.RaftServerConfigKeys (ConfUtils.java:logGet(46)) - raft.server.log.appender.buffer.byte-limit = 4MB (=4194304) (default)
2023-03-07 04:41:07,829 INFO  segmented.SegmentedRaftLogWorker (SegmentedRaftLogWorker.java:<init>(183)) - new s6@group-FAA53D5BC7BE-SegmentedRaftLogWorker for RaftStorageImpl:Storage Directory /home/runner/work/ratis/ratis/ratis-examples/target/test/data/fa33b8e4/MiniRaftClusterWithNettye7083e71/s6/8f9547c1-14c5-4152-90af-faa53d5bc7be
2023-03-07 04:41:07,829 INFO  server.RaftServerConfigKeys (ConfUtils.java:logGet(46)) - raft.server.log.queue.byte-limit = 64MB (=67108864) (default)
2023-03-07 04:41:07,829 INFO  server.RaftServerConfigKeys (ConfUtils.java:logGet(46)) - raft.server.log.queue.element-limit = 4096 (default)
2023-03-07 04:41:07,829 INFO  server.RaftServerConfigKeys (ConfUtils.java:logGet(46)) - raft.server.log.segment.size.max = 8MB (=8388608) (default)
2023-03-07 04:41:07,829 INFO  server.RaftServerConfigKeys (ConfUtils.java:logGet(46)) - raft.server.log.preallocated.size = 4MB (=4194304) (default)
2023-03-07 04:41:07,829 INFO  server.RaftServerConfigKeys (ConfUtils.java:logGet(46)) - raft.server.log.force.sync.num = 128 (default)
2023-03-07 04:41:07,829 INFO  server.RaftServerConfigKeys (ConfUtils.java:logGet(46)) - raft.server.log.statemachine.data.sync = true (default)
2023-03-07 04:41:07,829 INFO  server.RaftServerConfigKeys (ConfUtils.java:logGet(46)) - raft.server.log.statemachine.data.sync.timeout = 10s (default)
2023-03-07 04:41:07,829 INFO  server.RaftServerConfigKeys (ConfUtils.java:logGet(46)) - raft.server.log.statemachine.data.sync.timeout.retry = -1 (default)
2023-03-07 04:41:07,829 INFO  server.RaftServerConfigKeys (ConfUtils.java:logGet(46)) - raft.server.log.write.buffer.size = 64KB (=65536) (default)
2023-03-07 04:41:07,829 INFO  server.RaftServerConfigKeys (ConfUtils.java:logGet(46)) - raft.server.log.appender.buffer.byte-limit = 4MB (=4194304) (default)
2023-03-07 04:41:07,830 INFO  server.RaftServerConfigKeys (ConfUtils.java:logGet(46)) - raft.server.log.unsafe-flush.enabled = false (default)
2023-03-07 04:41:07,830 INFO  server.RaftServerConfigKeys (ConfUtils.java:logGet(46)) - raft.server.log.async-flush.enabled = false (default)
2023-03-07 04:41:07,830 INFO  server.RaftServerConfigKeys (ConfUtils.java:logGet(46)) - raft.server.log.statemachine.data.caching.enabled = false (default)
2023-03-07 04:41:07,830 INFO  segmented.SegmentedRaftLogWorker (SegmentedRaftLogWorker.java:lambda$new$0(134)) - s6@group-FAA53D5BC7BE-SegmentedRaftLogWorker: flushIndex: setUnconditionally 0 -> -1
2023-03-07 04:41:07,830 INFO  segmented.SegmentedRaftLogWorker (SegmentedRaftLogWorker.java:lambda$new$0(134)) - s6@group-FAA53D5BC7BE-SegmentedRaftLogWorker: safeCacheEvictIndex: setUnconditionally 0 -> -1
2023-03-07 04:41:07,832 INFO  server.RaftServer$Division (RaftServerImpl.java:start(348)) - s6@group-FAA53D5BC7BE: start with initializing state, conf=-1: peers:[]|listeners:[], old=null
2023-03-07 04:41:07,832 INFO  server.RaftServer$Division (RaftServerImpl.java:setRole(329)) - s6@group-FAA53D5BC7BE: changes role from      null to FOLLOWER at term 0 for startInitializing
2023-03-07 04:41:07,832 INFO  util.JmxRegister (JmxRegister.java:tryRegister(44)) - Successfully registered JMX Bean with object name Ratis:service=RaftServer,group=group-FAA53D5BC7BE,id=s6
2023-03-07 04:41:07,832 INFO  server.RaftServerConfigKeys (ConfUtils.java:logGet(46)) - raft.server.snapshot.auto.trigger.enabled = false (default)
2023-03-07 04:41:07,832 INFO  server.RaftServerConfigKeys (ConfUtils.java:logGet(46)) - raft.server.snapshot.retention.file.num = -1 (default)
2023-03-07 04:41:07,832 INFO  server.RaftServerConfigKeys (ConfUtils.java:logGet(46)) - raft.server.log.purge.upto.snapshot.index = false (default)
2023-03-07 04:41:07,832 INFO  util.JvmPauseMonitor (JvmPauseMonitor.java:run(103)) - JvmPauseMonitor-s5: Started
2023-03-07 04:41:07,834 INFO  server.RaftServer (RaftServerProxy.java:startImpl(401)) - s6: start RPC server
2023-03-07 04:41:07,835 INFO  logging.LoggingHandler (AbstractInternalLogger.java:log(148)) - [id: 0x331f7887] REGISTERED
2023-03-07 04:41:07,835 INFO  logging.LoggingHandler (AbstractInternalLogger.java:log(148)) - [id: 0x331f7887] BIND: 0.0.0.0/0.0.0.0:43509
2023-03-07 04:41:07,835 INFO  logging.LoggingHandler (AbstractInternalLogger.java:log(148)) - [id: 0x331f7887, L:/0.0.0.0:43509] ACTIVE
2023-03-07 04:41:07,835 INFO  util.JvmPauseMonitor (JvmPauseMonitor.java:run(103)) - JvmPauseMonitor-s6: Started
2023-03-07 04:41:07,835 INFO  server.RaftServerConfigKeys (ConfUtils.java:logGet(46)) - raft.server.storage.free-space.min = 0MB (=0) (default)
2023-03-07 04:41:07,835 INFO  server.RaftServerConfigKeys (ConfUtils.java:logGet(46)) - raft.server.log.corruption.policy = EXCEPTION (default)
2023-03-07 04:41:07,835 INFO  server.RaftServerConfigKeys (ConfUtils.java:logGet(46)) - raft.server.storage.dir = [/home/runner/work/ratis/ratis/ratis-examples/target/test/data/fa33b8e4/MiniRaftClusterWithNettye7083e71/s7] (custom)
2023-03-07 04:41:07,836 INFO  storage.RaftStorageDirectory (RaftStorageDirectoryImpl.java:analyzeStorage(138)) - The storage directory /home/runner/work/ratis/ratis/ratis-examples/target/test/data/fa33b8e4/MiniRaftClusterWithNettye7083e71/s7/8f9547c1-14c5-4152-90af-faa53d5bc7be does not exist. Creating ...
2023-03-07 04:41:07,836 TRACE util.FileUtils (LogUtils.java:runAndLog(49)) - Successfully ran Files.createDirectories /home/runner/work/ratis/ratis/ratis-examples/target/test/data/fa33b8e4/MiniRaftClusterWithNettye7083e71/s7/8f9547c1-14c5-4152-90af-faa53d5bc7be
2023-03-07 04:41:07,837 INFO  storage.RaftStorageDirectory (RaftStorageDirectoryImpl.java:tryLock(232)) - Lock on /home/runner/work/ratis/ratis/ratis-examples/target/test/data/fa33b8e4/MiniRaftClusterWithNettye7083e71/s7/8f9547c1-14c5-4152-90af-faa53d5bc7be/in_use.lock acquired by nodename 15875@fv-az983-448
2023-03-07 04:41:07,837 TRACE util.FileUtils (LogUtils.java:runAndLog(49)) - Successfully ran Files.createDirectories /home/runner/work/ratis/ratis/ratis-examples/target/test/data/fa33b8e4/MiniRaftClusterWithNettye7083e71/s7/8f9547c1-14c5-4152-90af-faa53d5bc7be/current
2023-03-07 04:41:07,837 TRACE util.FileUtils (LogUtils.java:runAndLog(49)) - Successfully ran Files.createDirectories /home/runner/work/ratis/ratis/ratis-examples/target/test/data/fa33b8e4/MiniRaftClusterWithNettye7083e71/s7/8f9547c1-14c5-4152-90af-faa53d5bc7be/sm
2023-03-07 04:41:07,838 INFO  storage.RaftStorage (RaftStorageImpl.java:format(96)) - Storage directory /home/runner/work/ratis/ratis/ratis-examples/target/test/data/fa33b8e4/MiniRaftClusterWithNettye7083e71/s7/8f9547c1-14c5-4152-90af-faa53d5bc7be has been successfully formatted.
2023-03-07 04:41:07,838 WARN  statemachine.StateMachine (ArithmeticStateMachine.java:loadSnapshot(116)) - The snapshot info is null.
2023-03-07 04:41:07,838 INFO  server.RaftServerConfigKeys (ConfUtils.java:logGet(46)) - raft.server.log.use.memory = false (default)
2023-03-07 04:41:07,838 INFO  server.RaftServerConfigKeys (ConfUtils.java:logGet(46)) - raft.server.log.purge.gap = 1024 (default)
2023-03-07 04:41:07,838 INFO  server.RaftServerConfigKeys (ConfUtils.java:logGet(46)) - raft.server.log.appender.buffer.byte-limit = 4MB (=4194304) (default)
2023-03-07 04:41:07,838 INFO  server.RaftServerConfigKeys (ConfUtils.java:logGet(46)) - raft.server.log.statemachine.data.read.timeout = 1000ms (default)
2023-03-07 04:41:07,838 INFO  server.RaftServerConfigKeys (ConfUtils.java:logGet(46)) - raft.server.log.purge.preservation.log.num = 0 (default)
2023-03-07 04:41:07,839 INFO  server.RaftServerConfigKeys (ConfUtils.java:logGet(46)) - raft.server.log.segment.size.max = 8MB (=8388608) (default)
2023-03-07 04:41:07,839 INFO  server.RaftServerConfigKeys (ConfUtils.java:logGet(46)) - raft.server.log.segment.cache.num.max = 6 (default)
2023-03-07 04:41:07,839 INFO  server.RaftServerConfigKeys (ConfUtils.java:logGet(46)) - raft.server.log.segment.cache.size.max = 200MB (=209715200) (default)
2023-03-07 04:41:07,839 INFO  server.RaftServerConfigKeys (ConfUtils.java:logGet(46)) - raft.server.log.appender.buffer.byte-limit = 4MB (=4194304) (default)
2023-03-07 04:41:07,839 INFO  segmented.SegmentedRaftLogWorker (SegmentedRaftLogWorker.java:<init>(183)) - new s7@group-FAA53D5BC7BE-SegmentedRaftLogWorker for RaftStorageImpl:Storage Directory /home/runner/work/ratis/ratis/ratis-examples/target/test/data/fa33b8e4/MiniRaftClusterWithNettye7083e71/s7/8f9547c1-14c5-4152-90af-faa53d5bc7be
2023-03-07 04:41:07,839 INFO  server.RaftServerConfigKeys (ConfUtils.java:logGet(46)) - raft.server.log.queue.byte-limit = 64MB (=67108864) (default)
2023-03-07 04:41:07,839 INFO  server.RaftServerConfigKeys (ConfUtils.java:logGet(46)) - raft.server.log.queue.element-limit = 4096 (default)
2023-03-07 04:41:07,839 INFO  server.RaftServerConfigKeys (ConfUtils.java:logGet(46)) - raft.server.log.segment.size.max = 8MB (=8388608) (default)
2023-03-07 04:41:07,839 INFO  server.RaftServerConfigKeys (ConfUtils.java:logGet(46)) - raft.server.log.preallocated.size = 4MB (=4194304) (default)
2023-03-07 04:41:07,839 INFO  server.RaftServerConfigKeys (ConfUtils.java:logGet(46)) - raft.server.log.force.sync.num = 128 (default)
2023-03-07 04:41:07,839 INFO  server.RaftServerConfigKeys (ConfUtils.java:logGet(46)) - raft.server.log.statemachine.data.sync = true (default)
2023-03-07 04:41:07,839 INFO  server.RaftServerConfigKeys (ConfUtils.java:logGet(46)) - raft.server.log.statemachine.data.sync.timeout = 10s (default)
2023-03-07 04:41:07,839 INFO  server.RaftServerConfigKeys (ConfUtils.java:logGet(46)) - raft.server.log.statemachine.data.sync.timeout.retry = -1 (default)
2023-03-07 04:41:07,839 INFO  server.RaftServerConfigKeys (ConfUtils.java:logGet(46)) - raft.server.log.write.buffer.size = 64KB (=65536) (default)
2023-03-07 04:41:07,839 INFO  server.RaftServerConfigKeys (ConfUtils.java:logGet(46)) - raft.server.log.appender.buffer.byte-limit = 4MB (=4194304) (default)
2023-03-07 04:41:07,839 INFO  server.RaftServerConfigKeys (ConfUtils.java:logGet(46)) - raft.server.log.unsafe-flush.enabled = false (default)
2023-03-07 04:41:07,840 INFO  server.RaftServerConfigKeys (ConfUtils.java:logGet(46)) - raft.server.log.async-flush.enabled = false (default)
2023-03-07 04:41:07,840 INFO  server.RaftServerConfigKeys (ConfUtils.java:logGet(46)) - raft.server.log.statemachine.data.caching.enabled = false (default)
2023-03-07 04:41:07,840 INFO  segmented.SegmentedRaftLogWorker (SegmentedRaftLogWorker.java:lambda$new$0(134)) - s7@group-FAA53D5BC7BE-SegmentedRaftLogWorker: flushIndex: setUnconditionally 0 -> -1
2023-03-07 04:41:07,840 INFO  segmented.SegmentedRaftLogWorker (SegmentedRaftLogWorker.java:lambda$new$0(134)) - s7@group-FAA53D5BC7BE-SegmentedRaftLogWorker: safeCacheEvictIndex: setUnconditionally 0 -> -1
2023-03-07 04:41:07,840 INFO  server.RaftServer$Division (RaftServerImpl.java:start(348)) - s7@group-FAA53D5BC7BE: start with initializing state, conf=-1: peers:[]|listeners:[], old=null
2023-03-07 04:41:07,840 INFO  server.RaftServer$Division (RaftServerImpl.java:setRole(329)) - s7@group-FAA53D5BC7BE: changes role from      null to FOLLOWER at term 0 for startInitializing
2023-03-07 04:41:07,840 INFO  util.JmxRegister (JmxRegister.java:tryRegister(44)) - Successfully registered JMX Bean with object name Ratis:service=RaftServer,group=group-FAA53D5BC7BE,id=s7
2023-03-07 04:41:07,840 INFO  server.RaftServerConfigKeys (ConfUtils.java:logGet(46)) - raft.server.snapshot.auto.trigger.enabled = false (default)
2023-03-07 04:41:07,840 INFO  server.RaftServerConfigKeys (ConfUtils.java:logGet(46)) - raft.server.snapshot.retention.file.num = -1 (default)
2023-03-07 04:41:07,840 INFO  server.RaftServerConfigKeys (ConfUtils.java:logGet(46)) - raft.server.log.purge.upto.snapshot.index = false (default)
2023-03-07 04:41:07,841 INFO  server.RaftServer (RaftServerProxy.java:startImpl(401)) - s7: start RPC server
2023-03-07 04:41:07,842 INFO  logging.LoggingHandler (AbstractInternalLogger.java:log(148)) - [id: 0x836ca548] REGISTERED
2023-03-07 04:41:07,842 INFO  logging.LoggingHandler (AbstractInternalLogger.java:log(148)) - [id: 0x836ca548] BIND: 0.0.0.0/0.0.0.0:36409
2023-03-07 04:41:07,843 INFO  server.RaftServerConfigKeys (ConfUtils.java:logGet(46)) - raft.server.storage.free-space.min = 0MB (=0) (default)
2023-03-07 04:41:07,843 INFO  server.RaftServerConfigKeys (ConfUtils.java:logGet(46)) - raft.server.log.corruption.policy = EXCEPTION (default)
2023-03-07 04:41:07,843 INFO  server.RaftServerConfigKeys (ConfUtils.java:logGet(46)) - raft.server.storage.dir = [/home/runner/work/ratis/ratis/ratis-examples/target/test/data/fa33b8e4/MiniRaftClusterWithNettye7083e71/s8] (custom)
2023-03-07 04:41:07,843 INFO  storage.RaftStorageDirectory (RaftStorageDirectoryImpl.java:analyzeStorage(138)) - The storage directory /home/runner/work/ratis/ratis/ratis-examples/target/test/data/fa33b8e4/MiniRaftClusterWithNettye7083e71/s8/8f9547c1-14c5-4152-90af-faa53d5bc7be does not exist. Creating ...
2023-03-07 04:41:07,843 TRACE util.FileUtils (LogUtils.java:runAndLog(49)) - Successfully ran Files.createDirectories /home/runner/work/ratis/ratis/ratis-examples/target/test/data/fa33b8e4/MiniRaftClusterWithNettye7083e71/s8/8f9547c1-14c5-4152-90af-faa53d5bc7be
2023-03-07 04:41:07,843 INFO  logging.LoggingHandler (AbstractInternalLogger.java:log(148)) - [id: 0x836ca548, L:/0.0.0.0:36409] ACTIVE
2023-03-07 04:41:07,843 INFO  util.JvmPauseMonitor (JvmPauseMonitor.java:run(103)) - JvmPauseMonitor-s7: Started
2023-03-07 04:41:07,844 INFO  storage.RaftStorageDirectory (RaftStorageDirectoryImpl.java:tryLock(232)) - Lock on /home/runner/work/ratis/ratis/ratis-examples/target/test/data/fa33b8e4/MiniRaftClusterWithNettye7083e71/s8/8f9547c1-14c5-4152-90af-faa53d5bc7be/in_use.lock acquired by nodename 15875@fv-az983-448
2023-03-07 04:41:07,844 TRACE util.FileUtils (LogUtils.java:runAndLog(49)) - Successfully ran Files.createDirectories /home/runner/work/ratis/ratis/ratis-examples/target/test/data/fa33b8e4/MiniRaftClusterWithNettye7083e71/s8/8f9547c1-14c5-4152-90af-faa53d5bc7be/current
2023-03-07 04:41:07,844 TRACE util.FileUtils (LogUtils.java:runAndLog(49)) - Successfully ran Files.createDirectories /home/runner/work/ratis/ratis/ratis-examples/target/test/data/fa33b8e4/MiniRaftClusterWithNettye7083e71/s8/8f9547c1-14c5-4152-90af-faa53d5bc7be/sm
2023-03-07 04:41:07,845 INFO  storage.RaftStorage (RaftStorageImpl.java:format(96)) - Storage directory /home/runner/work/ratis/ratis/ratis-examples/target/test/data/fa33b8e4/MiniRaftClusterWithNettye7083e71/s8/8f9547c1-14c5-4152-90af-faa53d5bc7be has been successfully formatted.
2023-03-07 04:41:07,845 WARN  statemachine.StateMachine (ArithmeticStateMachine.java:loadSnapshot(116)) - The snapshot info is null.
2023-03-07 04:41:07,845 INFO  server.RaftServerConfigKeys (ConfUtils.java:logGet(46)) - raft.server.log.use.memory = false (default)
2023-03-07 04:41:07,845 INFO  server.RaftServerConfigKeys (ConfUtils.java:logGet(46)) - raft.server.log.purge.gap = 1024 (default)
2023-03-07 04:41:07,845 INFO  server.RaftServerConfigKeys (ConfUtils.java:logGet(46)) - raft.server.log.appender.buffer.byte-limit = 4MB (=4194304) (default)
2023-03-07 04:41:07,845 INFO  server.RaftServerConfigKeys (ConfUtils.java:logGet(46)) - raft.server.log.statemachine.data.read.timeout = 1000ms (default)
2023-03-07 04:41:07,845 INFO  server.RaftServerConfigKeys (ConfUtils.java:logGet(46)) - raft.server.log.purge.preservation.log.num = 0 (default)
2023-03-07 04:41:07,845 INFO  server.RaftServerConfigKeys (ConfUtils.java:logGet(46)) - raft.server.log.segment.size.max = 8MB (=8388608) (default)
2023-03-07 04:41:07,846 INFO  server.RaftServerConfigKeys (ConfUtils.java:logGet(46)) - raft.server.log.segment.cache.num.max = 6 (default)
2023-03-07 04:41:07,846 INFO  server.RaftServerConfigKeys (ConfUtils.java:logGet(46)) - raft.server.log.segment.cache.size.max = 200MB (=209715200) (default)
2023-03-07 04:41:07,846 INFO  server.RaftServerConfigKeys (ConfUtils.java:logGet(46)) - raft.server.log.appender.buffer.byte-limit = 4MB (=4194304) (default)
2023-03-07 04:41:07,846 INFO  segmented.SegmentedRaftLogWorker (SegmentedRaftLogWorker.java:<init>(183)) - new s8@group-FAA53D5BC7BE-SegmentedRaftLogWorker for RaftStorageImpl:Storage Directory /home/runner/work/ratis/ratis/ratis-examples/target/test/data/fa33b8e4/MiniRaftClusterWithNettye7083e71/s8/8f9547c1-14c5-4152-90af-faa53d5bc7be
2023-03-07 04:41:07,846 INFO  server.RaftServerConfigKeys (ConfUtils.java:logGet(46)) - raft.server.log.queue.byte-limit = 64MB (=67108864) (default)
2023-03-07 04:41:07,846 INFO  server.RaftServerConfigKeys (ConfUtils.java:logGet(46)) - raft.server.log.queue.element-limit = 4096 (default)
2023-03-07 04:41:07,846 INFO  server.RaftServerConfigKeys (ConfUtils.java:logGet(46)) - raft.server.log.segment.size.max = 8MB (=8388608) (default)
2023-03-07 04:41:07,846 INFO  server.RaftServerConfigKeys (ConfUtils.java:logGet(46)) - raft.server.log.preallocated.size = 4MB (=4194304) (default)
2023-03-07 04:41:07,846 INFO  server.RaftServerConfigKeys (ConfUtils.java:logGet(46)) - raft.server.log.force.sync.num = 128 (default)
2023-03-07 04:41:07,846 INFO  server.RaftServerConfigKeys (ConfUtils.java:logGet(46)) - raft.server.log.statemachine.data.sync = true (default)
2023-03-07 04:41:07,846 INFO  server.RaftServerConfigKeys (ConfUtils.java:logGet(46)) - raft.server.log.statemachine.data.sync.timeout = 10s (default)
2023-03-07 04:41:07,846 INFO  server.RaftServerConfigKeys (ConfUtils.java:logGet(46)) - raft.server.log.statemachine.data.sync.timeout.retry = -1 (default)
2023-03-07 04:41:07,847 INFO  server.RaftServerConfigKeys (ConfUtils.java:logGet(46)) - raft.server.log.write.buffer.size = 64KB (=65536) (default)
2023-03-07 04:41:07,847 INFO  server.RaftServerConfigKeys (ConfUtils.java:logGet(46)) - raft.server.log.appender.buffer.byte-limit = 4MB (=4194304) (default)
2023-03-07 04:41:07,847 INFO  server.RaftServerConfigKeys (ConfUtils.java:logGet(46)) - raft.server.log.unsafe-flush.enabled = false (default)
2023-03-07 04:41:07,847 INFO  server.RaftServerConfigKeys (ConfUtils.java:logGet(46)) - raft.server.log.async-flush.enabled = false (default)
2023-03-07 04:41:07,847 INFO  server.RaftServerConfigKeys (ConfUtils.java:logGet(46)) - raft.server.log.statemachine.data.caching.enabled = false (default)
2023-03-07 04:41:07,847 INFO  segmented.SegmentedRaftLogWorker (SegmentedRaftLogWorker.java:lambda$new$0(134)) - s8@group-FAA53D5BC7BE-SegmentedRaftLogWorker: flushIndex: setUnconditionally 0 -> -1
2023-03-07 04:41:07,847 INFO  segmented.SegmentedRaftLogWorker (SegmentedRaftLogWorker.java:lambda$new$0(134)) - s8@group-FAA53D5BC7BE-SegmentedRaftLogWorker: safeCacheEvictIndex: setUnconditionally 0 -> -1
2023-03-07 04:41:07,848 INFO  server.RaftServer$Division (RaftServerImpl.java:start(348)) - s8@group-FAA53D5BC7BE: start with initializing state, conf=-1: peers:[]|listeners:[], old=null
2023-03-07 04:41:07,849 INFO  server.RaftServer$Division (RaftServerImpl.java:setRole(329)) - s8@group-FAA53D5BC7BE: changes role from      null to FOLLOWER at term 0 for startInitializing
2023-03-07 04:41:07,849 INFO  util.JmxRegister (JmxRegister.java:tryRegister(44)) - Successfully registered JMX Bean with object name Ratis:service=RaftServer,group=group-FAA53D5BC7BE,id=s8
2023-03-07 04:41:07,849 INFO  server.RaftServerConfigKeys (ConfUtils.java:logGet(46)) - raft.server.snapshot.auto.trigger.enabled = false (default)
2023-03-07 04:41:07,849 INFO  server.RaftServerConfigKeys (ConfUtils.java:logGet(46)) - raft.server.snapshot.retention.file.num = -1 (default)
2023-03-07 04:41:07,849 INFO  server.RaftServerConfigKeys (ConfUtils.java:logGet(46)) - raft.server.log.purge.upto.snapshot.index = false (default)
2023-03-07 04:41:07,849 INFO  server.RaftServer (RaftServerProxy.java:startImpl(401)) - s8: start RPC server
2023-03-07 04:41:07,850 INFO  logging.LoggingHandler (AbstractInternalLogger.java:log(148)) - [id: 0xe229bbe1] REGISTERED
2023-03-07 04:41:07,851 INFO  logging.LoggingHandler (AbstractInternalLogger.java:log(148)) - [id: 0xe229bbe1] BIND: 0.0.0.0/0.0.0.0:41505
2023-03-07 04:41:07,851 INFO  util.JvmPauseMonitor (JvmPauseMonitor.java:run(103)) - JvmPauseMonitor-s8: Started
2023-03-07 04:41:07,851 INFO  server.RaftServerConfigKeys (ConfUtils.java:logGet(46)) - raft.server.storage.free-space.min = 0MB (=0) (default)
2023-03-07 04:41:07,851 INFO  server.RaftServerConfigKeys (ConfUtils.java:logGet(46)) - raft.server.log.corruption.policy = EXCEPTION (default)
2023-03-07 04:41:07,851 INFO  server.RaftServerConfigKeys (ConfUtils.java:logGet(46)) - raft.server.storage.dir = [/home/runner/work/ratis/ratis/ratis-examples/target/test/data/fa33b8e4/MiniRaftClusterWithNettye7083e71/s9] (custom)
2023-03-07 04:41:07,851 INFO  storage.RaftStorageDirectory (RaftStorageDirectoryImpl.java:analyzeStorage(138)) - The storage directory /home/runner/work/ratis/ratis/ratis-examples/target/test/data/fa33b8e4/MiniRaftClusterWithNettye7083e71/s9/8f9547c1-14c5-4152-90af-faa53d5bc7be does not exist. Creating ...
2023-03-07 04:41:07,851 TRACE util.FileUtils (LogUtils.java:runAndLog(49)) - Successfully ran Files.createDirectories /home/runner/work/ratis/ratis/ratis-examples/target/test/data/fa33b8e4/MiniRaftClusterWithNettye7083e71/s9/8f9547c1-14c5-4152-90af-faa53d5bc7be
2023-03-07 04:41:07,851 INFO  logging.LoggingHandler (AbstractInternalLogger.java:log(148)) - [id: 0xe229bbe1, L:/0.0.0.0:41505] ACTIVE
2023-03-07 04:41:07,852 INFO  storage.RaftStorageDirectory (RaftStorageDirectoryImpl.java:tryLock(232)) - Lock on /home/runner/work/ratis/ratis/ratis-examples/target/test/data/fa33b8e4/MiniRaftClusterWithNettye7083e71/s9/8f9547c1-14c5-4152-90af-faa53d5bc7be/in_use.lock acquired by nodename 15875@fv-az983-448
2023-03-07 04:41:07,852 TRACE util.FileUtils (LogUtils.java:runAndLog(49)) - Successfully ran Files.createDirectories /home/runner/work/ratis/ratis/ratis-examples/target/test/data/fa33b8e4/MiniRaftClusterWithNettye7083e71/s9/8f9547c1-14c5-4152-90af-faa53d5bc7be/current
2023-03-07 04:41:07,852 TRACE util.FileUtils (LogUtils.java:runAndLog(49)) - Successfully ran Files.createDirectories /home/runner/work/ratis/ratis/ratis-examples/target/test/data/fa33b8e4/MiniRaftClusterWithNettye7083e71/s9/8f9547c1-14c5-4152-90af-faa53d5bc7be/sm
2023-03-07 04:41:07,853 INFO  storage.RaftStorage (RaftStorageImpl.java:format(96)) - Storage directory /home/runner/work/ratis/ratis/ratis-examples/target/test/data/fa33b8e4/MiniRaftClusterWithNettye7083e71/s9/8f9547c1-14c5-4152-90af-faa53d5bc7be has been successfully formatted.
2023-03-07 04:41:07,853 WARN  statemachine.StateMachine (ArithmeticStateMachine.java:loadSnapshot(116)) - The snapshot info is null.
2023-03-07 04:41:07,853 INFO  server.RaftServerConfigKeys (ConfUtils.java:logGet(46)) - raft.server.log.use.memory = false (default)
2023-03-07 04:41:07,853 INFO  server.RaftServerConfigKeys (ConfUtils.java:logGet(46)) - raft.server.log.purge.gap = 1024 (default)
2023-03-07 04:41:07,853 INFO  server.RaftServerConfigKeys (ConfUtils.java:logGet(46)) - raft.server.log.appender.buffer.byte-limit = 4MB (=4194304) (default)
2023-03-07 04:41:07,853 INFO  server.RaftServerConfigKeys (ConfUtils.java:logGet(46)) - raft.server.log.statemachine.data.read.timeout = 1000ms (default)
2023-03-07 04:41:07,853 INFO  server.RaftServerConfigKeys (ConfUtils.java:logGet(46)) - raft.server.log.purge.preservation.log.num = 0 (default)
2023-03-07 04:41:07,854 INFO  server.RaftServerConfigKeys (ConfUtils.java:logGet(46)) - raft.server.log.segment.size.max = 8MB (=8388608) (default)
2023-03-07 04:41:07,854 INFO  server.RaftServerConfigKeys (ConfUtils.java:logGet(46)) - raft.server.log.segment.cache.num.max = 6 (default)
2023-03-07 04:41:07,854 INFO  server.RaftServerConfigKeys (ConfUtils.java:logGet(46)) - raft.server.log.segment.cache.size.max = 200MB (=209715200) (default)
2023-03-07 04:41:07,854 INFO  server.RaftServerConfigKeys (ConfUtils.java:logGet(46)) - raft.server.log.appender.buffer.byte-limit = 4MB (=4194304) (default)
2023-03-07 04:41:07,854 INFO  segmented.SegmentedRaftLogWorker (SegmentedRaftLogWorker.java:<init>(183)) - new s9@group-FAA53D5BC7BE-SegmentedRaftLogWorker for RaftStorageImpl:Storage Directory /home/runner/work/ratis/ratis/ratis-examples/target/test/data/fa33b8e4/MiniRaftClusterWithNettye7083e71/s9/8f9547c1-14c5-4152-90af-faa53d5bc7be
2023-03-07 04:41:07,854 INFO  server.RaftServerConfigKeys (ConfUtils.java:logGet(46)) - raft.server.log.queue.byte-limit = 64MB (=67108864) (default)
2023-03-07 04:41:07,854 INFO  server.RaftServerConfigKeys (ConfUtils.java:logGet(46)) - raft.server.log.queue.element-limit = 4096 (default)
2023-03-07 04:41:07,854 INFO  server.RaftServerConfigKeys (ConfUtils.java:logGet(46)) - raft.server.log.segment.size.max = 8MB (=8388608) (default)
2023-03-07 04:41:07,854 INFO  server.RaftServerConfigKeys (ConfUtils.java:logGet(46)) - raft.server.log.preallocated.size = 4MB (=4194304) (default)
2023-03-07 04:41:07,854 INFO  server.RaftServerConfigKeys (ConfUtils.java:logGet(46)) - raft.server.log.force.sync.num = 128 (default)
2023-03-07 04:41:07,854 INFO  server.RaftServerConfigKeys (ConfUtils.java:logGet(46)) - raft.server.log.statemachine.data.sync = true (default)
2023-03-07 04:41:07,854 INFO  server.RaftServerConfigKeys (ConfUtils.java:logGet(46)) - raft.server.log.statemachine.data.sync.timeout = 10s (default)
2023-03-07 04:41:07,854 INFO  server.RaftServerConfigKeys (ConfUtils.java:logGet(46)) - raft.server.log.statemachine.data.sync.timeout.retry = -1 (default)
2023-03-07 04:41:07,854 INFO  server.RaftServerConfigKeys (ConfUtils.java:logGet(46)) - raft.server.log.write.buffer.size = 64KB (=65536) (default)
2023-03-07 04:41:07,854 INFO  server.RaftServerConfigKeys (ConfUtils.java:logGet(46)) - raft.server.log.appender.buffer.byte-limit = 4MB (=4194304) (default)
2023-03-07 04:41:07,868 INFO  server.RaftServerConfigKeys (ConfUtils.java:logGet(46)) - raft.server.log.unsafe-flush.enabled = false (default)
2023-03-07 04:41:07,868 INFO  server.RaftServerConfigKeys (ConfUtils.java:logGet(46)) - raft.server.log.async-flush.enabled = false (default)
2023-03-07 04:41:07,868 INFO  server.RaftServerConfigKeys (ConfUtils.java:logGet(46)) - raft.server.log.statemachine.data.caching.enabled = false (default)
2023-03-07 04:41:07,868 INFO  segmented.SegmentedRaftLogWorker (SegmentedRaftLogWorker.java:lambda$new$0(134)) - s9@group-FAA53D5BC7BE-SegmentedRaftLogWorker: flushIndex: setUnconditionally 0 -> -1
2023-03-07 04:41:07,868 INFO  segmented.SegmentedRaftLogWorker (SegmentedRaftLogWorker.java:lambda$new$0(134)) - s9@group-FAA53D5BC7BE-SegmentedRaftLogWorker: safeCacheEvictIndex: setUnconditionally 0 -> -1
2023-03-07 04:41:07,869 INFO  server.RaftServer$Division (RaftServerImpl.java:start(348)) - s9@group-FAA53D5BC7BE: start with initializing state, conf=-1: peers:[]|listeners:[], old=null
2023-03-07 04:41:07,869 INFO  server.RaftServer$Division (RaftServerImpl.java:setRole(329)) - s9@group-FAA53D5BC7BE: changes role from      null to FOLLOWER at term 0 for startInitializing
2023-03-07 04:41:07,869 INFO  util.JmxRegister (JmxRegister.java:tryRegister(44)) - Successfully registered JMX Bean with object name Ratis:service=RaftServer,group=group-FAA53D5BC7BE,id=s9
2023-03-07 04:41:07,869 INFO  server.RaftServerConfigKeys (ConfUtils.java:logGet(46)) - raft.server.snapshot.auto.trigger.enabled = false (default)
2023-03-07 04:41:07,869 INFO  server.RaftServerConfigKeys (ConfUtils.java:logGet(46)) - raft.server.snapshot.retention.file.num = -1 (default)
2023-03-07 04:41:07,869 INFO  server.RaftServerConfigKeys (ConfUtils.java:logGet(46)) - raft.server.log.purge.upto.snapshot.index = false (default)
2023-03-07 04:41:07,869 INFO  server.RaftServer (RaftServerProxy.java:startImpl(401)) - s9: start RPC server
2023-03-07 04:41:07,875 INFO  logging.LoggingHandler (AbstractInternalLogger.java:log(148)) - [id: 0xe59a881d] REGISTERED
2023-03-07 04:41:07,875 INFO  logging.LoggingHandler (AbstractInternalLogger.java:log(148)) - [id: 0xe59a881d] BIND: 0.0.0.0/0.0.0.0:34365
2023-03-07 04:41:07,875 INFO  logging.LoggingHandler (AbstractInternalLogger.java:log(148)) - [id: 0xe59a881d, L:/0.0.0.0:34365] ACTIVE
2023-03-07 04:41:07,876 INFO  util.JvmPauseMonitor (JvmPauseMonitor.java:run(103)) - JvmPauseMonitor-s9: Started
2023-03-07 04:41:07,876 INFO  server.RaftServerConfigKeys (ConfUtils.java:logGet(46)) - raft.server.storage.free-space.min = 0MB (=0) (default)
2023-03-07 04:41:07,876 INFO  server.RaftServerConfigKeys (ConfUtils.java:logGet(46)) - raft.server.log.corruption.policy = EXCEPTION (default)
2023-03-07 04:41:07,876 INFO  server.RaftServerConfigKeys (ConfUtils.java:logGet(46)) - raft.server.storage.dir = [/home/runner/work/ratis/ratis/ratis-examples/target/test/data/fa33b8e4/MiniRaftClusterWithNettye7083e71/s11] (custom)
2023-03-07 04:41:07,876 INFO  storage.RaftStorageDirectory (RaftStorageDirectoryImpl.java:analyzeStorage(138)) - The storage directory /home/runner/work/ratis/ratis/ratis-examples/target/test/data/fa33b8e4/MiniRaftClusterWithNettye7083e71/s11/8f9547c1-14c5-4152-90af-faa53d5bc7be does not exist. Creating ...
2023-03-07 04:41:07,876 TRACE util.FileUtils (LogUtils.java:runAndLog(49)) - Successfully ran Files.createDirectories /home/runner/work/ratis/ratis/ratis-examples/target/test/data/fa33b8e4/MiniRaftClusterWithNettye7083e71/s11/8f9547c1-14c5-4152-90af-faa53d5bc7be
2023-03-07 04:41:07,877 INFO  storage.RaftStorageDirectory (RaftStorageDirectoryImpl.java:tryLock(232)) - Lock on /home/runner/work/ratis/ratis/ratis-examples/target/test/data/fa33b8e4/MiniRaftClusterWithNettye7083e71/s11/8f9547c1-14c5-4152-90af-faa53d5bc7be/in_use.lock acquired by nodename 15875@fv-az983-448
2023-03-07 04:41:07,877 TRACE util.FileUtils (LogUtils.java:runAndLog(49)) - Successfully ran Files.createDirectories /home/runner/work/ratis/ratis/ratis-examples/target/test/data/fa33b8e4/MiniRaftClusterWithNettye7083e71/s11/8f9547c1-14c5-4152-90af-faa53d5bc7be/current
2023-03-07 04:41:07,877 TRACE util.FileUtils (LogUtils.java:runAndLog(49)) - Successfully ran Files.createDirectories /home/runner/work/ratis/ratis/ratis-examples/target/test/data/fa33b8e4/MiniRaftClusterWithNettye7083e71/s11/8f9547c1-14c5-4152-90af-faa53d5bc7be/sm
2023-03-07 04:41:07,878 INFO  storage.RaftStorage (RaftStorageImpl.java:format(96)) - Storage directory /home/runner/work/ratis/ratis/ratis-examples/target/test/data/fa33b8e4/MiniRaftClusterWithNettye7083e71/s11/8f9547c1-14c5-4152-90af-faa53d5bc7be has been successfully formatted.
2023-03-07 04:41:07,878 WARN  statemachine.StateMachine (ArithmeticStateMachine.java:loadSnapshot(116)) - The snapshot info is null.
2023-03-07 04:41:07,878 INFO  server.RaftServerConfigKeys (ConfUtils.java:logGet(46)) - raft.server.log.use.memory = false (default)
2023-03-07 04:41:07,878 INFO  server.RaftServerConfigKeys (ConfUtils.java:logGet(46)) - raft.server.log.purge.gap = 1024 (default)
2023-03-07 04:41:07,878 INFO  server.RaftServerConfigKeys (ConfUtils.java:logGet(46)) - raft.server.log.appender.buffer.byte-limit = 4MB (=4194304) (default)
2023-03-07 04:41:07,878 INFO  server.RaftServerConfigKeys (ConfUtils.java:logGet(46)) - raft.server.log.statemachine.data.read.timeout = 1000ms (default)
2023-03-07 04:41:07,878 INFO  server.RaftServerConfigKeys (ConfUtils.java:logGet(46)) - raft.server.log.purge.preservation.log.num = 0 (default)
2023-03-07 04:41:07,879 INFO  server.RaftServerConfigKeys (ConfUtils.java:logGet(46)) - raft.server.log.segment.size.max = 8MB (=8388608) (default)
2023-03-07 04:41:07,879 INFO  server.RaftServerConfigKeys (ConfUtils.java:logGet(46)) - raft.server.log.segment.cache.num.max = 6 (default)
2023-03-07 04:41:07,879 INFO  server.RaftServerConfigKeys (ConfUtils.java:logGet(46)) - raft.server.log.segment.cache.size.max = 200MB (=209715200) (default)
2023-03-07 04:41:07,879 INFO  server.RaftServerConfigKeys (ConfUtils.java:logGet(46)) - raft.server.log.appender.buffer.byte-limit = 4MB (=4194304) (default)
2023-03-07 04:41:07,879 INFO  segmented.SegmentedRaftLogWorker (SegmentedRaftLogWorker.java:<init>(183)) - new s11@group-FAA53D5BC7BE-SegmentedRaftLogWorker for RaftStorageImpl:Storage Directory /home/runner/work/ratis/ratis/ratis-examples/target/test/data/fa33b8e4/MiniRaftClusterWithNettye7083e71/s11/8f9547c1-14c5-4152-90af-faa53d5bc7be
2023-03-07 04:41:07,879 INFO  server.RaftServerConfigKeys (ConfUtils.java:logGet(46)) - raft.server.log.queue.byte-limit = 64MB (=67108864) (default)
2023-03-07 04:41:07,879 INFO  server.RaftServerConfigKeys (ConfUtils.java:logGet(46)) - raft.server.log.queue.element-limit = 4096 (default)
2023-03-07 04:41:07,879 INFO  server.RaftServerConfigKeys (ConfUtils.java:logGet(46)) - raft.server.log.segment.size.max = 8MB (=8388608) (default)
2023-03-07 04:41:07,879 INFO  server.RaftServerConfigKeys (ConfUtils.java:logGet(46)) - raft.server.log.preallocated.size = 4MB (=4194304) (default)
2023-03-07 04:41:07,879 INFO  server.RaftServerConfigKeys (ConfUtils.java:logGet(46)) - raft.server.log.force.sync.num = 128 (default)
2023-03-07 04:41:07,879 INFO  server.RaftServerConfigKeys (ConfUtils.java:logGet(46)) - raft.server.log.statemachine.data.sync = true (default)
2023-03-07 04:41:07,879 INFO  server.RaftServerConfigKeys (ConfUtils.java:logGet(46)) - raft.server.log.statemachine.data.sync.timeout = 10s (default)
2023-03-07 04:41:07,879 INFO  server.RaftServerConfigKeys (ConfUtils.java:logGet(46)) - raft.server.log.statemachine.data.sync.timeout.retry = -1 (default)
2023-03-07 04:41:07,880 INFO  server.RaftServerConfigKeys (ConfUtils.java:logGet(46)) - raft.server.log.write.buffer.size = 64KB (=65536) (default)
2023-03-07 04:41:07,880 INFO  server.RaftServerConfigKeys (ConfUtils.java:logGet(46)) - raft.server.log.appender.buffer.byte-limit = 4MB (=4194304) (default)
2023-03-07 04:41:07,880 INFO  server.RaftServerConfigKeys (ConfUtils.java:logGet(46)) - raft.server.log.unsafe-flush.enabled = false (default)
2023-03-07 04:41:07,880 INFO  server.RaftServerConfigKeys (ConfUtils.java:logGet(46)) - raft.server.log.async-flush.enabled = false (default)
2023-03-07 04:41:07,880 INFO  server.RaftServerConfigKeys (ConfUtils.java:logGet(46)) - raft.server.log.statemachine.data.caching.enabled = false (default)
2023-03-07 04:41:07,880 INFO  segmented.SegmentedRaftLogWorker (SegmentedRaftLogWorker.java:lambda$new$0(134)) - s11@group-FAA53D5BC7BE-SegmentedRaftLogWorker: flushIndex: setUnconditionally 0 -> -1
2023-03-07 04:41:07,880 INFO  segmented.SegmentedRaftLogWorker (SegmentedRaftLogWorker.java:lambda$new$0(134)) - s11@group-FAA53D5BC7BE-SegmentedRaftLogWorker: safeCacheEvictIndex: setUnconditionally 0 -> -1
2023-03-07 04:41:07,884 INFO  server.RaftServer$Division (RaftServerImpl.java:start(348)) - s11@group-FAA53D5BC7BE: start with initializing state, conf=-1: peers:[]|listeners:[], old=null
2023-03-07 04:41:07,884 INFO  server.RaftServer$Division (RaftServerImpl.java:setRole(329)) - s11@group-FAA53D5BC7BE: changes role from      null to FOLLOWER at term 0 for startInitializing
2023-03-07 04:41:07,884 INFO  util.JmxRegister (JmxRegister.java:tryRegister(44)) - Successfully registered JMX Bean with object name Ratis:service=RaftServer,group=group-FAA53D5BC7BE,id=s11
2023-03-07 04:41:07,884 INFO  server.RaftServerConfigKeys (ConfUtils.java:logGet(46)) - raft.server.snapshot.auto.trigger.enabled = false (default)
2023-03-07 04:41:07,884 INFO  server.RaftServerConfigKeys (ConfUtils.java:logGet(46)) - raft.server.snapshot.retention.file.num = -1 (default)
2023-03-07 04:41:07,884 INFO  server.RaftServerConfigKeys (ConfUtils.java:logGet(46)) - raft.server.log.purge.upto.snapshot.index = false (default)
2023-03-07 04:41:07,884 INFO  server.RaftServer (RaftServerProxy.java:startImpl(401)) - s11: start RPC server
2023-03-07 04:41:07,886 INFO  logging.LoggingHandler (AbstractInternalLogger.java:log(148)) - [id: 0x522bdfaf] REGISTERED
2023-03-07 04:41:07,886 INFO  logging.LoggingHandler (AbstractInternalLogger.java:log(148)) - [id: 0x522bdfaf] BIND: 0.0.0.0/0.0.0.0:44621
2023-03-07 04:41:07,894 INFO  server.RaftServerConfigKeys (ConfUtils.java:logGet(46)) - raft.server.storage.free-space.min = 0MB (=0) (default)
2023-03-07 04:41:07,894 INFO  server.RaftServerConfigKeys (ConfUtils.java:logGet(46)) - raft.server.log.corruption.policy = EXCEPTION (default)
2023-03-07 04:41:07,894 INFO  server.RaftServerConfigKeys (ConfUtils.java:logGet(46)) - raft.server.storage.dir = [/home/runner/work/ratis/ratis/ratis-examples/target/test/data/fa33b8e4/MiniRaftClusterWithNettye7083e71/s10] (custom)
2023-03-07 04:41:07,894 INFO  storage.RaftStorageDirectory (RaftStorageDirectoryImpl.java:analyzeStorage(138)) - The storage directory /home/runner/work/ratis/ratis/ratis-examples/target/test/data/fa33b8e4/MiniRaftClusterWithNettye7083e71/s10/8f9547c1-14c5-4152-90af-faa53d5bc7be does not exist. Creating ...
2023-03-07 04:41:07,894 TRACE util.FileUtils (LogUtils.java:runAndLog(49)) - Successfully ran Files.createDirectories /home/runner/work/ratis/ratis/ratis-examples/target/test/data/fa33b8e4/MiniRaftClusterWithNettye7083e71/s10/8f9547c1-14c5-4152-90af-faa53d5bc7be
2023-03-07 04:41:07,894 INFO  util.JvmPauseMonitor (JvmPauseMonitor.java:run(103)) - JvmPauseMonitor-s11: Started
2023-03-07 04:41:07,895 INFO  logging.LoggingHandler (AbstractInternalLogger.java:log(148)) - [id: 0x522bdfaf, L:/0.0.0.0:44621] ACTIVE
2023-03-07 04:41:07,895 INFO  storage.RaftStorageDirectory (RaftStorageDirectoryImpl.java:tryLock(232)) - Lock on /home/runner/work/ratis/ratis/ratis-examples/target/test/data/fa33b8e4/MiniRaftClusterWithNettye7083e71/s10/8f9547c1-14c5-4152-90af-faa53d5bc7be/in_use.lock acquired by nodename 15875@fv-az983-448
2023-03-07 04:41:07,895 TRACE util.FileUtils (LogUtils.java:runAndLog(49)) - Successfully ran Files.createDirectories /home/runner/work/ratis/ratis/ratis-examples/target/test/data/fa33b8e4/MiniRaftClusterWithNettye7083e71/s10/8f9547c1-14c5-4152-90af-faa53d5bc7be/current
2023-03-07 04:41:07,895 TRACE util.FileUtils (LogUtils.java:runAndLog(49)) - Successfully ran Files.createDirectories /home/runner/work/ratis/ratis/ratis-examples/target/test/data/fa33b8e4/MiniRaftClusterWithNettye7083e71/s10/8f9547c1-14c5-4152-90af-faa53d5bc7be/sm
2023-03-07 04:41:07,896 INFO  storage.RaftStorage (RaftStorageImpl.java:format(96)) - Storage directory /home/runner/work/ratis/ratis/ratis-examples/target/test/data/fa33b8e4/MiniRaftClusterWithNettye7083e71/s10/8f9547c1-14c5-4152-90af-faa53d5bc7be has been successfully formatted.
2023-03-07 04:41:07,896 WARN  statemachine.StateMachine (ArithmeticStateMachine.java:loadSnapshot(116)) - The snapshot info is null.
2023-03-07 04:41:07,896 INFO  server.RaftServerConfigKeys (ConfUtils.java:logGet(46)) - raft.server.log.use.memory = false (default)
2023-03-07 04:41:07,896 INFO  server.RaftServerConfigKeys (ConfUtils.java:logGet(46)) - raft.server.log.purge.gap = 1024 (default)
2023-03-07 04:41:07,896 INFO  server.RaftServerConfigKeys (ConfUtils.java:logGet(46)) - raft.server.log.appender.buffer.byte-limit = 4MB (=4194304) (default)
2023-03-07 04:41:07,896 INFO  server.RaftServerConfigKeys (ConfUtils.java:logGet(46)) - raft.server.log.statemachine.data.read.timeout = 1000ms (default)
2023-03-07 04:41:07,896 INFO  server.RaftServerConfigKeys (ConfUtils.java:logGet(46)) - raft.server.log.purge.preservation.log.num = 0 (default)
2023-03-07 04:41:07,897 INFO  server.RaftServerConfigKeys (ConfUtils.java:logGet(46)) - raft.server.log.segment.size.max = 8MB (=8388608) (default)
2023-03-07 04:41:07,897 INFO  server.RaftServerConfigKeys (ConfUtils.java:logGet(46)) - raft.server.log.segment.cache.num.max = 6 (default)
2023-03-07 04:41:07,897 INFO  server.RaftServerConfigKeys (ConfUtils.java:logGet(46)) - raft.server.log.segment.cache.size.max = 200MB (=209715200) (default)
2023-03-07 04:41:07,897 INFO  server.RaftServerConfigKeys (ConfUtils.java:logGet(46)) - raft.server.log.appender.buffer.byte-limit = 4MB (=4194304) (default)
2023-03-07 04:41:07,897 INFO  segmented.SegmentedRaftLogWorker (SegmentedRaftLogWorker.java:<init>(183)) - new s10@group-FAA53D5BC7BE-SegmentedRaftLogWorker for RaftStorageImpl:Storage Directory /home/runner/work/ratis/ratis/ratis-examples/target/test/data/fa33b8e4/MiniRaftClusterWithNettye7083e71/s10/8f9547c1-14c5-4152-90af-faa53d5bc7be
2023-03-07 04:41:07,897 INFO  server.RaftServerConfigKeys (ConfUtils.java:logGet(46)) - raft.server.log.queue.byte-limit = 64MB (=67108864) (default)
2023-03-07 04:41:07,897 INFO  server.RaftServerConfigKeys (ConfUtils.java:logGet(46)) - raft.server.log.queue.element-limit = 4096 (default)
2023-03-07 04:41:07,897 INFO  server.RaftServerConfigKeys (ConfUtils.java:logGet(46)) - raft.server.log.segment.size.max = 8MB (=8388608) (default)
2023-03-07 04:41:07,897 INFO  server.RaftServerConfigKeys (ConfUtils.java:logGet(46)) - raft.server.log.preallocated.size = 4MB (=4194304) (default)
2023-03-07 04:41:07,897 INFO  server.RaftServerConfigKeys (ConfUtils.java:logGet(46)) - raft.server.log.force.sync.num = 128 (default)
2023-03-07 04:41:07,897 INFO  server.RaftServerConfigKeys (ConfUtils.java:logGet(46)) - raft.server.log.statemachine.data.sync = true (default)
2023-03-07 04:41:07,897 INFO  server.RaftServerConfigKeys (ConfUtils.java:logGet(46)) - raft.server.log.statemachine.data.sync.timeout = 10s (default)
2023-03-07 04:41:07,897 INFO  server.RaftServerConfigKeys (ConfUtils.java:logGet(46)) - raft.server.log.statemachine.data.sync.timeout.retry = -1 (default)
2023-03-07 04:41:07,898 INFO  server.RaftServerConfigKeys (ConfUtils.java:logGet(46)) - raft.server.log.write.buffer.size = 64KB (=65536) (default)
2023-03-07 04:41:07,898 INFO  server.RaftServerConfigKeys (ConfUtils.java:logGet(46)) - raft.server.log.appender.buffer.byte-limit = 4MB (=4194304) (default)
2023-03-07 04:41:07,898 INFO  server.RaftServerConfigKeys (ConfUtils.java:logGet(46)) - raft.server.log.unsafe-flush.enabled = false (default)
2023-03-07 04:41:07,898 INFO  server.RaftServerConfigKeys (ConfUtils.java:logGet(46)) - raft.server.log.async-flush.enabled = false (default)
2023-03-07 04:41:07,898 INFO  server.RaftServerConfigKeys (ConfUtils.java:logGet(46)) - raft.server.log.statemachine.data.caching.enabled = false (default)
2023-03-07 04:41:07,898 INFO  segmented.SegmentedRaftLogWorker (SegmentedRaftLogWorker.java:lambda$new$0(134)) - s10@group-FAA53D5BC7BE-SegmentedRaftLogWorker: flushIndex: setUnconditionally 0 -> -1
2023-03-07 04:41:07,898 INFO  segmented.SegmentedRaftLogWorker (SegmentedRaftLogWorker.java:lambda$new$0(134)) - s10@group-FAA53D5BC7BE-SegmentedRaftLogWorker: safeCacheEvictIndex: setUnconditionally 0 -> -1
2023-03-07 04:41:07,900 INFO  server.RaftServer$Division (RaftServerImpl.java:start(348)) - s10@group-FAA53D5BC7BE: start with initializing state, conf=-1: peers:[]|listeners:[], old=null
2023-03-07 04:41:07,900 INFO  server.RaftServer$Division (RaftServerImpl.java:setRole(329)) - s10@group-FAA53D5BC7BE: changes role from      null to FOLLOWER at term 0 for startInitializing
2023-03-07 04:41:07,900 INFO  util.JmxRegister (JmxRegister.java:tryRegister(44)) - Successfully registered JMX Bean with object name Ratis:service=RaftServer,group=group-FAA53D5BC7BE,id=s10
2023-03-07 04:41:07,900 INFO  server.RaftServerConfigKeys (ConfUtils.java:logGet(46)) - raft.server.snapshot.auto.trigger.enabled = false (default)
2023-03-07 04:41:07,900 INFO  server.RaftServerConfigKeys (ConfUtils.java:logGet(46)) - raft.server.snapshot.retention.file.num = -1 (default)
2023-03-07 04:41:07,900 INFO  server.RaftServerConfigKeys (ConfUtils.java:logGet(46)) - raft.server.log.purge.upto.snapshot.index = false (default)
2023-03-07 04:41:07,910 INFO  server.RaftServer (RaftServerProxy.java:startImpl(401)) - s10: start RPC server
2023-03-07 04:41:07,920 INFO  logging.LoggingHandler (AbstractInternalLogger.java:log(148)) - [id: 0x09e3f7d5] REGISTERED
2023-03-07 04:41:07,920 INFO  logging.LoggingHandler (AbstractInternalLogger.java:log(148)) - [id: 0x09e3f7d5] BIND: 0.0.0.0/0.0.0.0:43353
2023-03-07 04:41:07,920 INFO  logging.LoggingHandler (AbstractInternalLogger.java:log(148)) - [id: 0x09e3f7d5, L:/0.0.0.0:43353] ACTIVE
2023-03-07 04:41:07,924 INFO  util.JvmPauseMonitor (JvmPauseMonitor.java:run(103)) - JvmPauseMonitor-s10: Started
2023-03-07 04:41:07,924 INFO  server.RaftServerConfigKeys (ConfUtils.java:logGet(46)) - raft.server.storage.free-space.min = 0MB (=0) (default)
2023-03-07 04:41:07,924 INFO  server.RaftServerConfigKeys (ConfUtils.java:logGet(46)) - raft.server.log.corruption.policy = EXCEPTION (default)
2023-03-07 04:41:07,924 INFO  server.RaftServerConfigKeys (ConfUtils.java:logGet(46)) - raft.server.storage.dir = [/home/runner/work/ratis/ratis/ratis-examples/target/test/data/fa33b8e4/MiniRaftClusterWithNettye7083e71/s13] (custom)
2023-03-07 04:41:07,925 INFO  storage.RaftStorageDirectory (RaftStorageDirectoryImpl.java:analyzeStorage(138)) - The storage directory /home/runner/work/ratis/ratis/ratis-examples/target/test/data/fa33b8e4/MiniRaftClusterWithNettye7083e71/s13/8f9547c1-14c5-4152-90af-faa53d5bc7be does not exist. Creating ...
2023-03-07 04:41:07,925 TRACE util.FileUtils (LogUtils.java:runAndLog(49)) - Successfully ran Files.createDirectories /home/runner/work/ratis/ratis/ratis-examples/target/test/data/fa33b8e4/MiniRaftClusterWithNettye7083e71/s13/8f9547c1-14c5-4152-90af-faa53d5bc7be
2023-03-07 04:41:07,926 INFO  storage.RaftStorageDirectory (RaftStorageDirectoryImpl.java:tryLock(232)) - Lock on /home/runner/work/ratis/ratis/ratis-examples/target/test/data/fa33b8e4/MiniRaftClusterWithNettye7083e71/s13/8f9547c1-14c5-4152-90af-faa53d5bc7be/in_use.lock acquired by nodename 15875@fv-az983-448
2023-03-07 04:41:07,926 TRACE util.FileUtils (LogUtils.java:runAndLog(49)) - Successfully ran Files.createDirectories /home/runner/work/ratis/ratis/ratis-examples/target/test/data/fa33b8e4/MiniRaftClusterWithNettye7083e71/s13/8f9547c1-14c5-4152-90af-faa53d5bc7be/current
2023-03-07 04:41:07,926 TRACE util.FileUtils (LogUtils.java:runAndLog(49)) - Successfully ran Files.createDirectories /home/runner/work/ratis/ratis/ratis-examples/target/test/data/fa33b8e4/MiniRaftClusterWithNettye7083e71/s13/8f9547c1-14c5-4152-90af-faa53d5bc7be/sm
2023-03-07 04:41:07,927 INFO  storage.RaftStorage (RaftStorageImpl.java:format(96)) - Storage directory /home/runner/work/ratis/ratis/ratis-examples/target/test/data/fa33b8e4/MiniRaftClusterWithNettye7083e71/s13/8f9547c1-14c5-4152-90af-faa53d5bc7be has been successfully formatted.
2023-03-07 04:41:07,927 WARN  statemachine.StateMachine (ArithmeticStateMachine.java:loadSnapshot(116)) - The snapshot info is null.
2023-03-07 04:41:07,927 INFO  server.RaftServerConfigKeys (ConfUtils.java:logGet(46)) - raft.server.log.use.memory = false (default)
2023-03-07 04:41:07,927 INFO  server.RaftServerConfigKeys (ConfUtils.java:logGet(46)) - raft.server.log.purge.gap = 1024 (default)
2023-03-07 04:41:07,927 INFO  server.RaftServerConfigKeys (ConfUtils.java:logGet(46)) - raft.server.log.appender.buffer.byte-limit = 4MB (=4194304) (default)
2023-03-07 04:41:07,927 INFO  server.RaftServerConfigKeys (ConfUtils.java:logGet(46)) - raft.server.log.statemachine.data.read.timeout = 1000ms (default)
2023-03-07 04:41:07,927 INFO  server.RaftServerConfigKeys (ConfUtils.java:logGet(46)) - raft.server.log.purge.preservation.log.num = 0 (default)
2023-03-07 04:41:07,928 INFO  server.RaftServerConfigKeys (ConfUtils.java:logGet(46)) - raft.server.log.segment.size.max = 8MB (=8388608) (default)
2023-03-07 04:41:07,928 INFO  server.RaftServerConfigKeys (ConfUtils.java:logGet(46)) - raft.server.log.segment.cache.num.max = 6 (default)
2023-03-07 04:41:07,928 INFO  server.RaftServerConfigKeys (ConfUtils.java:logGet(46)) - raft.server.log.segment.cache.size.max = 200MB (=209715200) (default)
2023-03-07 04:41:07,928 INFO  server.RaftServerConfigKeys (ConfUtils.java:logGet(46)) - raft.server.log.appender.buffer.byte-limit = 4MB (=4194304) (default)
2023-03-07 04:41:07,928 INFO  segmented.SegmentedRaftLogWorker (SegmentedRaftLogWorker.java:<init>(183)) - new s13@group-FAA53D5BC7BE-SegmentedRaftLogWorker for RaftStorageImpl:Storage Directory /home/runner/work/ratis/ratis/ratis-examples/target/test/data/fa33b8e4/MiniRaftClusterWithNettye7083e71/s13/8f9547c1-14c5-4152-90af-faa53d5bc7be
2023-03-07 04:41:07,928 INFO  server.RaftServerConfigKeys (ConfUtils.java:logGet(46)) - raft.server.log.queue.byte-limit = 64MB (=67108864) (default)
2023-03-07 04:41:07,928 INFO  server.RaftServerConfigKeys (ConfUtils.java:logGet(46)) - raft.server.log.queue.element-limit = 4096 (default)
2023-03-07 04:41:07,928 INFO  server.RaftServerConfigKeys (ConfUtils.java:logGet(46)) - raft.server.log.segment.size.max = 8MB (=8388608) (default)
2023-03-07 04:41:07,928 INFO  server.RaftServerConfigKeys (ConfUtils.java:logGet(46)) - raft.server.log.preallocated.size = 4MB (=4194304) (default)
2023-03-07 04:41:07,928 INFO  server.RaftServerConfigKeys (ConfUtils.java:logGet(46)) - raft.server.log.force.sync.num = 128 (default)
2023-03-07 04:41:07,928 INFO  server.RaftServerConfigKeys (ConfUtils.java:logGet(46)) - raft.server.log.statemachine.data.sync = true (default)
2023-03-07 04:41:07,928 INFO  server.RaftServerConfigKeys (ConfUtils.java:logGet(46)) - raft.server.log.statemachine.data.sync.timeout = 10s (default)
2023-03-07 04:41:07,928 INFO  server.RaftServerConfigKeys (ConfUtils.java:logGet(46)) - raft.server.log.statemachine.data.sync.timeout.retry = -1 (default)
2023-03-07 04:41:07,928 INFO  server.RaftServerConfigKeys (ConfUtils.java:logGet(46)) - raft.server.log.write.buffer.size = 64KB (=65536) (default)
2023-03-07 04:41:07,928 INFO  server.RaftServerConfigKeys (ConfUtils.java:logGet(46)) - raft.server.log.appender.buffer.byte-limit = 4MB (=4194304) (default)
2023-03-07 04:41:07,941 INFO  server.RaftServerConfigKeys (ConfUtils.java:logGet(46)) - raft.server.log.unsafe-flush.enabled = false (default)
2023-03-07 04:41:07,941 INFO  server.RaftServerConfigKeys (ConfUtils.java:logGet(46)) - raft.server.log.async-flush.enabled = false (default)
2023-03-07 04:41:07,941 INFO  server.RaftServerConfigKeys (ConfUtils.java:logGet(46)) - raft.server.log.statemachine.data.caching.enabled = false (default)
2023-03-07 04:41:07,941 INFO  segmented.SegmentedRaftLogWorker (SegmentedRaftLogWorker.java:lambda$new$0(134)) - s13@group-FAA53D5BC7BE-SegmentedRaftLogWorker: flushIndex: setUnconditionally 0 -> -1
2023-03-07 04:41:07,941 INFO  segmented.SegmentedRaftLogWorker (SegmentedRaftLogWorker.java:lambda$new$0(134)) - s13@group-FAA53D5BC7BE-SegmentedRaftLogWorker: safeCacheEvictIndex: setUnconditionally 0 -> -1
2023-03-07 04:41:07,941 INFO  server.RaftServer$Division (RaftServerImpl.java:start(348)) - s13@group-FAA53D5BC7BE: start with initializing state, conf=-1: peers:[]|listeners:[], old=null
2023-03-07 04:41:07,941 INFO  server.RaftServer$Division (RaftServerImpl.java:setRole(329)) - s13@group-FAA53D5BC7BE: changes role from      null to FOLLOWER at term 0 for startInitializing
2023-03-07 04:41:07,941 INFO  util.JmxRegister (JmxRegister.java:tryRegister(44)) - Successfully registered JMX Bean with object name Ratis:service=RaftServer,group=group-FAA53D5BC7BE,id=s13
2023-03-07 04:41:07,941 INFO  server.RaftServerConfigKeys (ConfUtils.java:logGet(46)) - raft.server.snapshot.auto.trigger.enabled = false (default)
2023-03-07 04:41:07,941 INFO  server.RaftServerConfigKeys (ConfUtils.java:logGet(46)) - raft.server.snapshot.retention.file.num = -1 (default)
2023-03-07 04:41:07,941 INFO  server.RaftServerConfigKeys (ConfUtils.java:logGet(46)) - raft.server.log.purge.upto.snapshot.index = false (default)
2023-03-07 04:41:07,942 INFO  server.RaftServer (RaftServerProxy.java:startImpl(401)) - s13: start RPC server
2023-03-07 04:41:07,944 INFO  logging.LoggingHandler (AbstractInternalLogger.java:log(148)) - [id: 0x4c5a6d7c] REGISTERED
2023-03-07 04:41:07,944 INFO  logging.LoggingHandler (AbstractInternalLogger.java:log(148)) - [id: 0x4c5a6d7c] BIND: 0.0.0.0/0.0.0.0:33759
2023-03-07 04:41:07,945 INFO  logging.LoggingHandler (AbstractInternalLogger.java:log(148)) - [id: 0x4c5a6d7c, L:/0.0.0.0:33759] ACTIVE
2023-03-07 04:41:07,948 INFO  server.RaftServerConfigKeys (ConfUtils.java:logGet(46)) - raft.server.storage.free-space.min = 0MB (=0) (default)
2023-03-07 04:41:07,948 INFO  util.JvmPauseMonitor (JvmPauseMonitor.java:run(103)) - JvmPauseMonitor-s13: Started
2023-03-07 04:41:07,948 INFO  server.RaftServerConfigKeys (ConfUtils.java:logGet(46)) - raft.server.log.corruption.policy = EXCEPTION (default)
2023-03-07 04:41:07,948 INFO  server.RaftServerConfigKeys (ConfUtils.java:logGet(46)) - raft.server.storage.dir = [/home/runner/work/ratis/ratis/ratis-examples/target/test/data/fa33b8e4/MiniRaftClusterWithNettye7083e71/s12] (custom)
2023-03-07 04:41:07,948 INFO  storage.RaftStorageDirectory (RaftStorageDirectoryImpl.java:analyzeStorage(138)) - The storage directory /home/runner/work/ratis/ratis/ratis-examples/target/test/data/fa33b8e4/MiniRaftClusterWithNettye7083e71/s12/8f9547c1-14c5-4152-90af-faa53d5bc7be does not exist. Creating ...
2023-03-07 04:41:07,948 TRACE util.FileUtils (LogUtils.java:runAndLog(49)) - Successfully ran Files.createDirectories /home/runner/work/ratis/ratis/ratis-examples/target/test/data/fa33b8e4/MiniRaftClusterWithNettye7083e71/s12/8f9547c1-14c5-4152-90af-faa53d5bc7be
2023-03-07 04:41:07,949 INFO  storage.RaftStorageDirectory (RaftStorageDirectoryImpl.java:tryLock(232)) - Lock on /home/runner/work/ratis/ratis/ratis-examples/target/test/data/fa33b8e4/MiniRaftClusterWithNettye7083e71/s12/8f9547c1-14c5-4152-90af-faa53d5bc7be/in_use.lock acquired by nodename 15875@fv-az983-448
2023-03-07 04:41:07,949 TRACE util.FileUtils (LogUtils.java:runAndLog(49)) - Successfully ran Files.createDirectories /home/runner/work/ratis/ratis/ratis-examples/target/test/data/fa33b8e4/MiniRaftClusterWithNettye7083e71/s12/8f9547c1-14c5-4152-90af-faa53d5bc7be/current
2023-03-07 04:41:07,950 TRACE util.FileUtils (LogUtils.java:runAndLog(49)) - Successfully ran Files.createDirectories /home/runner/work/ratis/ratis/ratis-examples/target/test/data/fa33b8e4/MiniRaftClusterWithNettye7083e71/s12/8f9547c1-14c5-4152-90af-faa53d5bc7be/sm
2023-03-07 04:41:07,950 INFO  storage.RaftStorage (RaftStorageImpl.java:format(96)) - Storage directory /home/runner/work/ratis/ratis/ratis-examples/target/test/data/fa33b8e4/MiniRaftClusterWithNettye7083e71/s12/8f9547c1-14c5-4152-90af-faa53d5bc7be has been successfully formatted.
2023-03-07 04:41:07,951 WARN  statemachine.StateMachine (ArithmeticStateMachine.java:loadSnapshot(116)) - The snapshot info is null.
2023-03-07 04:41:07,951 INFO  server.RaftServerConfigKeys (ConfUtils.java:logGet(46)) - raft.server.log.use.memory = false (default)
2023-03-07 04:41:07,951 INFO  server.RaftServerConfigKeys (ConfUtils.java:logGet(46)) - raft.server.log.purge.gap = 1024 (default)
2023-03-07 04:41:07,951 INFO  server.RaftServerConfigKeys (ConfUtils.java:logGet(46)) - raft.server.log.appender.buffer.byte-limit = 4MB (=4194304) (default)
2023-03-07 04:41:07,951 INFO  server.RaftServerConfigKeys (ConfUtils.java:logGet(46)) - raft.server.log.statemachine.data.read.timeout = 1000ms (default)
2023-03-07 04:41:07,951 INFO  server.RaftServerConfigKeys (ConfUtils.java:logGet(46)) - raft.server.log.purge.preservation.log.num = 0 (default)
2023-03-07 04:41:07,951 INFO  server.RaftServerConfigKeys (ConfUtils.java:logGet(46)) - raft.server.log.segment.size.max = 8MB (=8388608) (default)
2023-03-07 04:41:07,952 INFO  server.RaftServerConfigKeys (ConfUtils.java:logGet(46)) - raft.server.log.segment.cache.num.max = 6 (default)
2023-03-07 04:41:07,952 INFO  server.RaftServerConfigKeys (ConfUtils.java:logGet(46)) - raft.server.log.segment.cache.size.max = 200MB (=209715200) (default)
2023-03-07 04:41:07,952 INFO  server.RaftServerConfigKeys (ConfUtils.java:logGet(46)) - raft.server.log.appender.buffer.byte-limit = 4MB (=4194304) (default)
2023-03-07 04:41:07,952 INFO  segmented.SegmentedRaftLogWorker (SegmentedRaftLogWorker.java:<init>(183)) - new s12@group-FAA53D5BC7BE-SegmentedRaftLogWorker for RaftStorageImpl:Storage Directory /home/runner/work/ratis/ratis/ratis-examples/target/test/data/fa33b8e4/MiniRaftClusterWithNettye7083e71/s12/8f9547c1-14c5-4152-90af-faa53d5bc7be
2023-03-07 04:41:07,952 INFO  server.RaftServerConfigKeys (ConfUtils.java:logGet(46)) - raft.server.log.queue.byte-limit = 64MB (=67108864) (default)
2023-03-07 04:41:07,952 INFO  server.RaftServerConfigKeys (ConfUtils.java:logGet(46)) - raft.server.log.queue.element-limit = 4096 (default)
2023-03-07 04:41:07,952 INFO  server.RaftServerConfigKeys (ConfUtils.java:logGet(46)) - raft.server.log.segment.size.max = 8MB (=8388608) (default)
2023-03-07 04:41:07,952 INFO  server.RaftServerConfigKeys (ConfUtils.java:logGet(46)) - raft.server.log.preallocated.size = 4MB (=4194304) (default)
2023-03-07 04:41:07,952 INFO  server.RaftServerConfigKeys (ConfUtils.java:logGet(46)) - raft.server.log.force.sync.num = 128 (default)
2023-03-07 04:41:07,952 INFO  server.RaftServerConfigKeys (ConfUtils.java:logGet(46)) - raft.server.log.statemachine.data.sync = true (default)
2023-03-07 04:41:07,952 INFO  server.RaftServerConfigKeys (ConfUtils.java:logGet(46)) - raft.server.log.statemachine.data.sync.timeout = 10s (default)
2023-03-07 04:41:07,952 INFO  server.RaftServerConfigKeys (ConfUtils.java:logGet(46)) - raft.server.log.statemachine.data.sync.timeout.retry = -1 (default)
2023-03-07 04:41:07,952 INFO  server.RaftServerConfigKeys (ConfUtils.java:logGet(46)) - raft.server.log.write.buffer.size = 64KB (=65536) (default)
2023-03-07 04:41:07,952 INFO  server.RaftServerConfigKeys (ConfUtils.java:logGet(46)) - raft.server.log.appender.buffer.byte-limit = 4MB (=4194304) (default)
2023-03-07 04:41:07,952 INFO  server.RaftServerConfigKeys (ConfUtils.java:logGet(46)) - raft.server.log.unsafe-flush.enabled = false (default)
2023-03-07 04:41:07,952 INFO  server.RaftServerConfigKeys (ConfUtils.java:logGet(46)) - raft.server.log.async-flush.enabled = false (default)
2023-03-07 04:41:07,952 INFO  server.RaftServerConfigKeys (ConfUtils.java:logGet(46)) - raft.server.log.statemachine.data.caching.enabled = false (default)
2023-03-07 04:41:07,953 INFO  segmented.SegmentedRaftLogWorker (SegmentedRaftLogWorker.java:lambda$new$0(134)) - s12@group-FAA53D5BC7BE-SegmentedRaftLogWorker: flushIndex: setUnconditionally 0 -> -1
2023-03-07 04:41:07,953 INFO  segmented.SegmentedRaftLogWorker (SegmentedRaftLogWorker.java:lambda$new$0(134)) - s12@group-FAA53D5BC7BE-SegmentedRaftLogWorker: safeCacheEvictIndex: setUnconditionally 0 -> -1
2023-03-07 04:41:07,964 INFO  server.RaftServer$Division (RaftServerImpl.java:start(348)) - s12@group-FAA53D5BC7BE: start with initializing state, conf=-1: peers:[]|listeners:[], old=null
2023-03-07 04:41:07,964 INFO  server.RaftServer$Division (RaftServerImpl.java:setRole(329)) - s12@group-FAA53D5BC7BE: changes role from      null to FOLLOWER at term 0 for startInitializing
2023-03-07 04:41:07,964 INFO  util.JmxRegister (JmxRegister.java:tryRegister(44)) - Successfully registered JMX Bean with object name Ratis:service=RaftServer,group=group-FAA53D5BC7BE,id=s12
2023-03-07 04:41:07,964 INFO  server.RaftServerConfigKeys (ConfUtils.java:logGet(46)) - raft.server.snapshot.auto.trigger.enabled = false (default)
2023-03-07 04:41:07,964 INFO  server.RaftServerConfigKeys (ConfUtils.java:logGet(46)) - raft.server.snapshot.retention.file.num = -1 (default)
2023-03-07 04:41:07,964 INFO  server.RaftServerConfigKeys (ConfUtils.java:logGet(46)) - raft.server.log.purge.upto.snapshot.index = false (default)
2023-03-07 04:41:07,968 INFO  server.RaftServer (RaftServerProxy.java:startImpl(401)) - s12: start RPC server
2023-03-07 04:41:07,989 INFO  logging.LoggingHandler (AbstractInternalLogger.java:log(148)) - [id: 0x97e3a53c] REGISTERED
2023-03-07 04:41:07,989 INFO  logging.LoggingHandler (AbstractInternalLogger.java:log(148)) - [id: 0x97e3a53c] BIND: 0.0.0.0/0.0.0.0:43391
2023-03-07 04:41:07,990 INFO  logging.LoggingHandler (AbstractInternalLogger.java:log(148)) - [id: 0x97e3a53c, L:/0.0.0.0:43391] ACTIVE
2023-03-07 04:41:08,000 INFO  util.JvmPauseMonitor (JvmPauseMonitor.java:run(103)) - JvmPauseMonitor-s12: Started
2023-03-07 04:41:08,000 INFO  server.RaftServerConfigKeys (ConfUtils.java:logGet(46)) - raft.server.storage.free-space.min = 0MB (=0) (default)
2023-03-07 04:41:08,000 INFO  server.RaftServerConfigKeys (ConfUtils.java:logGet(46)) - raft.server.log.corruption.policy = EXCEPTION (default)
2023-03-07 04:41:08,000 INFO  server.RaftServerConfigKeys (ConfUtils.java:logGet(46)) - raft.server.storage.dir = [/home/runner/work/ratis/ratis/ratis-examples/target/test/data/fa33b8e4/MiniRaftClusterWithNettye7083e71/s14] (custom)
2023-03-07 04:41:08,000 INFO  storage.RaftStorageDirectory (RaftStorageDirectoryImpl.java:analyzeStorage(138)) - The storage directory /home/runner/work/ratis/ratis/ratis-examples/target/test/data/fa33b8e4/MiniRaftClusterWithNettye7083e71/s14/8f9547c1-14c5-4152-90af-faa53d5bc7be does not exist. Creating ...
2023-03-07 04:41:08,000 TRACE util.FileUtils (LogUtils.java:runAndLog(49)) - Successfully ran Files.createDirectories /home/runner/work/ratis/ratis/ratis-examples/target/test/data/fa33b8e4/MiniRaftClusterWithNettye7083e71/s14/8f9547c1-14c5-4152-90af-faa53d5bc7be
2023-03-07 04:41:08,002 INFO  storage.RaftStorageDirectory (RaftStorageDirectoryImpl.java:tryLock(232)) - Lock on /home/runner/work/ratis/ratis/ratis-examples/target/test/data/fa33b8e4/MiniRaftClusterWithNettye7083e71/s14/8f9547c1-14c5-4152-90af-faa53d5bc7be/in_use.lock acquired by nodename 15875@fv-az983-448
2023-03-07 04:41:08,002 TRACE util.FileUtils (LogUtils.java:runAndLog(49)) - Successfully ran Files.createDirectories /home/runner/work/ratis/ratis/ratis-examples/target/test/data/fa33b8e4/MiniRaftClusterWithNettye7083e71/s14/8f9547c1-14c5-4152-90af-faa53d5bc7be/current
2023-03-07 04:41:08,002 TRACE util.FileUtils (LogUtils.java:runAndLog(49)) - Successfully ran Files.createDirectories /home/runner/work/ratis/ratis/ratis-examples/target/test/data/fa33b8e4/MiniRaftClusterWithNettye7083e71/s14/8f9547c1-14c5-4152-90af-faa53d5bc7be/sm
2023-03-07 04:41:08,003 INFO  storage.RaftStorage (RaftStorageImpl.java:format(96)) - Storage directory /home/runner/work/ratis/ratis/ratis-examples/target/test/data/fa33b8e4/MiniRaftClusterWithNettye7083e71/s14/8f9547c1-14c5-4152-90af-faa53d5bc7be has been successfully formatted.
2023-03-07 04:41:08,004 WARN  statemachine.StateMachine (ArithmeticStateMachine.java:loadSnapshot(116)) - The snapshot info is null.
2023-03-07 04:41:08,004 INFO  server.RaftServerConfigKeys (ConfUtils.java:logGet(46)) - raft.server.log.use.memory = false (default)
2023-03-07 04:41:08,004 INFO  server.RaftServerConfigKeys (ConfUtils.java:logGet(46)) - raft.server.log.purge.gap = 1024 (default)
2023-03-07 04:41:08,004 INFO  server.RaftServerConfigKeys (ConfUtils.java:logGet(46)) - raft.server.log.appender.buffer.byte-limit = 4MB (=4194304) (default)
2023-03-07 04:41:08,004 INFO  server.RaftServerConfigKeys (ConfUtils.java:logGet(46)) - raft.server.log.statemachine.data.read.timeout = 1000ms (default)
2023-03-07 04:41:08,004 INFO  server.RaftServerConfigKeys (ConfUtils.java:logGet(46)) - raft.server.log.purge.preservation.log.num = 0 (default)
2023-03-07 04:41:08,005 INFO  server.RaftServerConfigKeys (ConfUtils.java:logGet(46)) - raft.server.log.segment.size.max = 8MB (=8388608) (default)
2023-03-07 04:41:08,005 INFO  server.RaftServerConfigKeys (ConfUtils.java:logGet(46)) - raft.server.log.segment.cache.num.max = 6 (default)
2023-03-07 04:41:08,005 INFO  server.RaftServerConfigKeys (ConfUtils.java:logGet(46)) - raft.server.log.segment.cache.size.max = 200MB (=209715200) (default)
2023-03-07 04:41:08,005 INFO  server.RaftServerConfigKeys (ConfUtils.java:logGet(46)) - raft.server.log.appender.buffer.byte-limit = 4MB (=4194304) (default)
2023-03-07 04:41:08,005 INFO  segmented.SegmentedRaftLogWorker (SegmentedRaftLogWorker.java:<init>(183)) - new s14@group-FAA53D5BC7BE-SegmentedRaftLogWorker for RaftStorageImpl:Storage Directory /home/runner/work/ratis/ratis/ratis-examples/target/test/data/fa33b8e4/MiniRaftClusterWithNettye7083e71/s14/8f9547c1-14c5-4152-90af-faa53d5bc7be
2023-03-07 04:41:08,005 INFO  server.RaftServerConfigKeys (ConfUtils.java:logGet(46)) - raft.server.log.queue.byte-limit = 64MB (=67108864) (default)
2023-03-07 04:41:08,005 INFO  server.RaftServerConfigKeys (ConfUtils.java:logGet(46)) - raft.server.log.queue.element-limit = 4096 (default)
2023-03-07 04:41:08,005 INFO  server.RaftServerConfigKeys (ConfUtils.java:logGet(46)) - raft.server.log.segment.size.max = 8MB (=8388608) (default)
2023-03-07 04:41:08,005 INFO  server.RaftServerConfigKeys (ConfUtils.java:logGet(46)) - raft.server.log.preallocated.size = 4MB (=4194304) (default)
2023-03-07 04:41:08,005 INFO  server.RaftServerConfigKeys (ConfUtils.java:logGet(46)) - raft.server.log.force.sync.num = 128 (default)
2023-03-07 04:41:08,005 INFO  server.RaftServerConfigKeys (ConfUtils.java:logGet(46)) - raft.server.log.statemachine.data.sync = true (default)
2023-03-07 04:41:08,005 INFO  server.RaftServerConfigKeys (ConfUtils.java:logGet(46)) - raft.server.log.statemachine.data.sync.timeout = 10s (default)
2023-03-07 04:41:08,005 INFO  server.RaftServerConfigKeys (ConfUtils.java:logGet(46)) - raft.server.log.statemachine.data.sync.timeout.retry = -1 (default)
2023-03-07 04:41:08,005 INFO  server.RaftServerConfigKeys (ConfUtils.java:logGet(46)) - raft.server.log.write.buffer.size = 64KB (=65536) (default)
2023-03-07 04:41:08,005 INFO  server.RaftServerConfigKeys (ConfUtils.java:logGet(46)) - raft.server.log.appender.buffer.byte-limit = 4MB (=4194304) (default)
2023-03-07 04:41:08,006 INFO  server.RaftServerConfigKeys (ConfUtils.java:logGet(46)) - raft.server.log.unsafe-flush.enabled = false (default)
2023-03-07 04:41:08,006 INFO  server.RaftServerConfigKeys (ConfUtils.java:logGet(46)) - raft.server.log.async-flush.enabled = false (default)
2023-03-07 04:41:08,006 INFO  server.RaftServerConfigKeys (ConfUtils.java:logGet(46)) - raft.server.log.statemachine.data.caching.enabled = false (default)
2023-03-07 04:41:08,006 INFO  segmented.SegmentedRaftLogWorker (SegmentedRaftLogWorker.java:lambda$new$0(134)) - s14@group-FAA53D5BC7BE-SegmentedRaftLogWorker: flushIndex: setUnconditionally 0 -> -1
2023-03-07 04:41:08,006 INFO  segmented.SegmentedRaftLogWorker (SegmentedRaftLogWorker.java:lambda$new$0(134)) - s14@group-FAA53D5BC7BE-SegmentedRaftLogWorker: safeCacheEvictIndex: setUnconditionally 0 -> -1
2023-03-07 04:41:08,010 INFO  server.RaftServer$Division (RaftServerImpl.java:start(348)) - s14@group-FAA53D5BC7BE: start with initializing state, conf=-1: peers:[]|listeners:[], old=null
2023-03-07 04:41:08,010 INFO  server.RaftServer$Division (RaftServerImpl.java:setRole(329)) - s14@group-FAA53D5BC7BE: changes role from      null to FOLLOWER at term 0 for startInitializing
2023-03-07 04:41:08,010 INFO  util.JmxRegister (JmxRegister.java:tryRegister(44)) - Successfully registered JMX Bean with object name Ratis:service=RaftServer,group=group-FAA53D5BC7BE,id=s14
2023-03-07 04:41:08,010 INFO  server.RaftServerConfigKeys (ConfUtils.java:logGet(46)) - raft.server.snapshot.auto.trigger.enabled = false (default)
2023-03-07 04:41:08,010 INFO  server.RaftServerConfigKeys (ConfUtils.java:logGet(46)) - raft.server.snapshot.retention.file.num = -1 (default)
2023-03-07 04:41:08,010 INFO  server.RaftServerConfigKeys (ConfUtils.java:logGet(46)) - raft.server.log.purge.upto.snapshot.index = false (default)
2023-03-07 04:41:08,011 INFO  server.RaftServer (RaftServerProxy.java:startImpl(401)) - s14: start RPC server
2023-03-07 04:41:08,012 INFO  logging.LoggingHandler (AbstractInternalLogger.java:log(148)) - [id: 0xdc2b15a4] REGISTERED
2023-03-07 04:41:08,012 INFO  logging.LoggingHandler (AbstractInternalLogger.java:log(148)) - [id: 0xdc2b15a4] BIND: 0.0.0.0/0.0.0.0:41557
2023-03-07 04:41:08,013 INFO  logging.LoggingHandler (AbstractInternalLogger.java:log(148)) - [id: 0xdc2b15a4, L:/0.0.0.0:41557] ACTIVE
2023-03-07 04:41:08,016 INFO  util.JvmPauseMonitor (JvmPauseMonitor.java:run(103)) - JvmPauseMonitor-s14: Started
2023-03-07 04:41:08,016 INFO  server.RaftServerConfigKeys (ConfUtils.java:logGet(46)) - raft.server.storage.free-space.min = 0MB (=0) (default)
2023-03-07 04:41:08,016 INFO  server.RaftServerConfigKeys (ConfUtils.java:logGet(46)) - raft.server.log.corruption.policy = EXCEPTION (default)
2023-03-07 04:41:08,016 INFO  server.RaftServerConfigKeys (ConfUtils.java:logGet(46)) - raft.server.storage.dir = [/home/runner/work/ratis/ratis/ratis-examples/target/test/data/fa33b8e4/MiniRaftClusterWithNettye7083e71/s0] (custom)
2023-03-07 04:41:08,016 INFO  storage.RaftStorageDirectory (RaftStorageDirectoryImpl.java:analyzeStorage(138)) - The storage directory /home/runner/work/ratis/ratis/ratis-examples/target/test/data/fa33b8e4/MiniRaftClusterWithNettye7083e71/s0/8f9547c1-14c5-4152-90af-faa53d5bc7be does not exist. Creating ...
2023-03-07 04:41:08,016 TRACE util.FileUtils (LogUtils.java:runAndLog(49)) - Successfully ran Files.createDirectories /home/runner/work/ratis/ratis/ratis-examples/target/test/data/fa33b8e4/MiniRaftClusterWithNettye7083e71/s0/8f9547c1-14c5-4152-90af-faa53d5bc7be
2023-03-07 04:41:08,017 INFO  storage.RaftStorageDirectory (RaftStorageDirectoryImpl.java:tryLock(232)) - Lock on /home/runner/work/ratis/ratis/ratis-examples/target/test/data/fa33b8e4/MiniRaftClusterWithNettye7083e71/s0/8f9547c1-14c5-4152-90af-faa53d5bc7be/in_use.lock acquired by nodename 15875@fv-az983-448
2023-03-07 04:41:08,018 TRACE util.FileUtils (LogUtils.java:runAndLog(49)) - Successfully ran Files.createDirectories /home/runner/work/ratis/ratis/ratis-examples/target/test/data/fa33b8e4/MiniRaftClusterWithNettye7083e71/s0/8f9547c1-14c5-4152-90af-faa53d5bc7be/current
2023-03-07 04:41:08,018 TRACE util.FileUtils (LogUtils.java:runAndLog(49)) - Successfully ran Files.createDirectories /home/runner/work/ratis/ratis/ratis-examples/target/test/data/fa33b8e4/MiniRaftClusterWithNettye7083e71/s0/8f9547c1-14c5-4152-90af-faa53d5bc7be/sm
2023-03-07 04:41:08,019 INFO  storage.RaftStorage (RaftStorageImpl.java:format(96)) - Storage directory /home/runner/work/ratis/ratis/ratis-examples/target/test/data/fa33b8e4/MiniRaftClusterWithNettye7083e71/s0/8f9547c1-14c5-4152-90af-faa53d5bc7be has been successfully formatted.
2023-03-07 04:41:08,019 WARN  statemachine.StateMachine (ArithmeticStateMachine.java:loadSnapshot(116)) - The snapshot info is null.
2023-03-07 04:41:08,019 INFO  server.RaftServerConfigKeys (ConfUtils.java:logGet(46)) - raft.server.log.use.memory = false (default)
2023-03-07 04:41:08,019 INFO  server.RaftServerConfigKeys (ConfUtils.java:logGet(46)) - raft.server.log.purge.gap = 1024 (default)
2023-03-07 04:41:08,019 INFO  server.RaftServerConfigKeys (ConfUtils.java:logGet(46)) - raft.server.log.appender.buffer.byte-limit = 4MB (=4194304) (default)
2023-03-07 04:41:08,019 INFO  server.RaftServerConfigKeys (ConfUtils.java:logGet(46)) - raft.server.log.statemachine.data.read.timeout = 1000ms (default)
2023-03-07 04:41:08,019 INFO  server.RaftServerConfigKeys (ConfUtils.java:logGet(46)) - raft.server.log.purge.preservation.log.num = 0 (default)
2023-03-07 04:41:08,020 INFO  server.RaftServerConfigKeys (ConfUtils.java:logGet(46)) - raft.server.log.segment.size.max = 8MB (=8388608) (default)
2023-03-07 04:41:08,020 INFO  server.RaftServerConfigKeys (ConfUtils.java:logGet(46)) - raft.server.log.segment.cache.num.max = 6 (default)
2023-03-07 04:41:08,020 INFO  server.RaftServerConfigKeys (ConfUtils.java:logGet(46)) - raft.server.log.segment.cache.size.max = 200MB (=209715200) (default)
2023-03-07 04:41:08,020 INFO  server.RaftServerConfigKeys (ConfUtils.java:logGet(46)) - raft.server.log.appender.buffer.byte-limit = 4MB (=4194304) (default)
2023-03-07 04:41:08,020 INFO  segmented.SegmentedRaftLogWorker (SegmentedRaftLogWorker.java:<init>(183)) - new s0@group-FAA53D5BC7BE-SegmentedRaftLogWorker for RaftStorageImpl:Storage Directory /home/runner/work/ratis/ratis/ratis-examples/target/test/data/fa33b8e4/MiniRaftClusterWithNettye7083e71/s0/8f9547c1-14c5-4152-90af-faa53d5bc7be
2023-03-07 04:41:08,020 INFO  server.RaftServerConfigKeys (ConfUtils.java:logGet(46)) - raft.server.log.queue.byte-limit = 64MB (=67108864) (default)
2023-03-07 04:41:08,020 INFO  server.RaftServerConfigKeys (ConfUtils.java:logGet(46)) - raft.server.log.queue.element-limit = 4096 (default)
2023-03-07 04:41:08,020 INFO  server.RaftServerConfigKeys (ConfUtils.java:logGet(46)) - raft.server.log.segment.size.max = 8MB (=8388608) (default)
2023-03-07 04:41:08,020 INFO  server.RaftServerConfigKeys (ConfUtils.java:logGet(46)) - raft.server.log.preallocated.size = 4MB (=4194304) (default)
2023-03-07 04:41:08,020 INFO  server.RaftServerConfigKeys (ConfUtils.java:logGet(46)) - raft.server.log.force.sync.num = 128 (default)
2023-03-07 04:41:08,020 INFO  server.RaftServerConfigKeys (ConfUtils.java:logGet(46)) - raft.server.log.statemachine.data.sync = true (default)
2023-03-07 04:41:08,020 INFO  server.RaftServerConfigKeys (ConfUtils.java:logGet(46)) - raft.server.log.statemachine.data.sync.timeout = 10s (default)
2023-03-07 04:41:08,020 INFO  server.RaftServerConfigKeys (ConfUtils.java:logGet(46)) - raft.server.log.statemachine.data.sync.timeout.retry = -1 (default)
2023-03-07 04:41:08,020 INFO  server.RaftServerConfigKeys (ConfUtils.java:logGet(46)) - raft.server.log.write.buffer.size = 64KB (=65536) (default)
2023-03-07 04:41:08,020 INFO  server.RaftServerConfigKeys (ConfUtils.java:logGet(46)) - raft.server.log.appender.buffer.byte-limit = 4MB (=4194304) (default)
2023-03-07 04:41:08,024 INFO  server.RaftServerConfigKeys (ConfUtils.java:logGet(46)) - raft.server.log.unsafe-flush.enabled = false (default)
2023-03-07 04:41:08,024 INFO  server.RaftServerConfigKeys (ConfUtils.java:logGet(46)) - raft.server.log.async-flush.enabled = false (default)
2023-03-07 04:41:08,024 INFO  server.RaftServerConfigKeys (ConfUtils.java:logGet(46)) - raft.server.log.statemachine.data.caching.enabled = false (default)
2023-03-07 04:41:08,024 INFO  segmented.SegmentedRaftLogWorker (SegmentedRaftLogWorker.java:lambda$new$0(134)) - s0@group-FAA53D5BC7BE-SegmentedRaftLogWorker: flushIndex: setUnconditionally 0 -> -1
2023-03-07 04:41:08,024 INFO  segmented.SegmentedRaftLogWorker (SegmentedRaftLogWorker.java:lambda$new$0(134)) - s0@group-FAA53D5BC7BE-SegmentedRaftLogWorker: safeCacheEvictIndex: setUnconditionally 0 -> -1
2023-03-07 04:41:08,025 INFO  server.RaftServer$Division (RaftServerImpl.java:start(348)) - s0@group-FAA53D5BC7BE: start with initializing state, conf=-1: peers:[]|listeners:[], old=null
2023-03-07 04:41:08,025 INFO  server.RaftServer$Division (RaftServerImpl.java:setRole(329)) - s0@group-FAA53D5BC7BE: changes role from      null to FOLLOWER at term 0 for startInitializing
2023-03-07 04:41:08,025 INFO  util.JmxRegister (JmxRegister.java:tryRegister(44)) - Successfully registered JMX Bean with object name Ratis:service=RaftServer,group=group-FAA53D5BC7BE,id=s0
2023-03-07 04:41:08,025 INFO  server.RaftServerConfigKeys (ConfUtils.java:logGet(46)) - raft.server.snapshot.auto.trigger.enabled = false (default)
2023-03-07 04:41:08,025 INFO  server.RaftServerConfigKeys (ConfUtils.java:logGet(46)) - raft.server.snapshot.retention.file.num = -1 (default)
2023-03-07 04:41:08,025 INFO  server.RaftServerConfigKeys (ConfUtils.java:logGet(46)) - raft.server.log.purge.upto.snapshot.index = false (default)
2023-03-07 04:41:08,025 INFO  server.RaftServer (RaftServerProxy.java:startImpl(401)) - s0: start RPC server
2023-03-07 04:41:08,026 INFO  logging.LoggingHandler (AbstractInternalLogger.java:log(148)) - [id: 0x5212874d] REGISTERED
2023-03-07 04:41:08,026 INFO  logging.LoggingHandler (AbstractInternalLogger.java:log(148)) - [id: 0x5212874d] BIND: 0.0.0.0/0.0.0.0:45573
2023-03-07 04:41:08,027 INFO  logging.LoggingHandler (AbstractInternalLogger.java:log(148)) - [id: 0x5212874d, L:/0.0.0.0:45573] ACTIVE
2023-03-07 04:41:08,027 INFO  server.RaftServerConfigKeys (ConfUtils.java:logGet(46)) - raft.server.storage.free-space.min = 0MB (=0) (default)
2023-03-07 04:41:08,027 INFO  server.RaftServerConfigKeys (ConfUtils.java:logGet(46)) - raft.server.log.corruption.policy = EXCEPTION (default)
2023-03-07 04:41:08,027 INFO  server.RaftServerConfigKeys (ConfUtils.java:logGet(46)) - raft.server.storage.dir = [/home/runner/work/ratis/ratis/ratis-examples/target/test/data/fa33b8e4/MiniRaftClusterWithNettye7083e71/s1] (custom)
2023-03-07 04:41:08,027 INFO  storage.RaftStorageDirectory (RaftStorageDirectoryImpl.java:analyzeStorage(138)) - The storage directory /home/runner/work/ratis/ratis/ratis-examples/target/test/data/fa33b8e4/MiniRaftClusterWithNettye7083e71/s1/8f9547c1-14c5-4152-90af-faa53d5bc7be does not exist. Creating ...
2023-03-07 04:41:08,027 TRACE util.FileUtils (LogUtils.java:runAndLog(49)) - Successfully ran Files.createDirectories /home/runner/work/ratis/ratis/ratis-examples/target/test/data/fa33b8e4/MiniRaftClusterWithNettye7083e71/s1/8f9547c1-14c5-4152-90af-faa53d5bc7be
2023-03-07 04:41:08,027 INFO  util.JvmPauseMonitor (JvmPauseMonitor.java:run(103)) - JvmPauseMonitor-s0: Started
2023-03-07 04:41:08,028 INFO  storage.RaftStorageDirectory (RaftStorageDirectoryImpl.java:tryLock(232)) - Lock on /home/runner/work/ratis/ratis/ratis-examples/target/test/data/fa33b8e4/MiniRaftClusterWithNettye7083e71/s1/8f9547c1-14c5-4152-90af-faa53d5bc7be/in_use.lock acquired by nodename 15875@fv-az983-448
2023-03-07 04:41:08,028 TRACE util.FileUtils (LogUtils.java:runAndLog(49)) - Successfully ran Files.createDirectories /home/runner/work/ratis/ratis/ratis-examples/target/test/data/fa33b8e4/MiniRaftClusterWithNettye7083e71/s1/8f9547c1-14c5-4152-90af-faa53d5bc7be/current
2023-03-07 04:41:08,029 TRACE util.FileUtils (LogUtils.java:runAndLog(49)) - Successfully ran Files.createDirectories /home/runner/work/ratis/ratis/ratis-examples/target/test/data/fa33b8e4/MiniRaftClusterWithNettye7083e71/s1/8f9547c1-14c5-4152-90af-faa53d5bc7be/sm
2023-03-07 04:41:08,030 INFO  storage.RaftStorage (RaftStorageImpl.java:format(96)) - Storage directory /home/runner/work/ratis/ratis/ratis-examples/target/test/data/fa33b8e4/MiniRaftClusterWithNettye7083e71/s1/8f9547c1-14c5-4152-90af-faa53d5bc7be has been successfully formatted.
2023-03-07 04:41:08,030 WARN  statemachine.StateMachine (ArithmeticStateMachine.java:loadSnapshot(116)) - The snapshot info is null.
2023-03-07 04:41:08,030 INFO  server.RaftServerConfigKeys (ConfUtils.java:logGet(46)) - raft.server.log.use.memory = false (default)
2023-03-07 04:41:08,030 INFO  server.RaftServerConfigKeys (ConfUtils.java:logGet(46)) - raft.server.log.purge.gap = 1024 (default)
2023-03-07 04:41:08,030 INFO  server.RaftServerConfigKeys (ConfUtils.java:logGet(46)) - raft.server.log.appender.buffer.byte-limit = 4MB (=4194304) (default)
2023-03-07 04:41:08,030 INFO  server.RaftServerConfigKeys (ConfUtils.java:logGet(46)) - raft.server.log.statemachine.data.read.timeout = 1000ms (default)
2023-03-07 04:41:08,030 INFO  server.RaftServerConfigKeys (ConfUtils.java:logGet(46)) - raft.server.log.purge.preservation.log.num = 0 (default)
2023-03-07 04:41:08,031 INFO  server.RaftServerConfigKeys (ConfUtils.java:logGet(46)) - raft.server.log.segment.size.max = 8MB (=8388608) (default)
2023-03-07 04:41:08,031 INFO  server.RaftServerConfigKeys (ConfUtils.java:logGet(46)) - raft.server.log.segment.cache.num.max = 6 (default)
2023-03-07 04:41:08,031 INFO  server.RaftServerConfigKeys (ConfUtils.java:logGet(46)) - raft.server.log.segment.cache.size.max = 200MB (=209715200) (default)
2023-03-07 04:41:08,031 INFO  server.RaftServerConfigKeys (ConfUtils.java:logGet(46)) - raft.server.log.appender.buffer.byte-limit = 4MB (=4194304) (default)
2023-03-07 04:41:08,031 INFO  segmented.SegmentedRaftLogWorker (SegmentedRaftLogWorker.java:<init>(183)) - new s1@group-FAA53D5BC7BE-SegmentedRaftLogWorker for RaftStorageImpl:Storage Directory /home/runner/work/ratis/ratis/ratis-examples/target/test/data/fa33b8e4/MiniRaftClusterWithNettye7083e71/s1/8f9547c1-14c5-4152-90af-faa53d5bc7be
2023-03-07 04:41:08,031 INFO  server.RaftServerConfigKeys (ConfUtils.java:logGet(46)) - raft.server.log.queue.byte-limit = 64MB (=67108864) (default)
2023-03-07 04:41:08,031 INFO  server.RaftServerConfigKeys (ConfUtils.java:logGet(46)) - raft.server.log.queue.element-limit = 4096 (default)
2023-03-07 04:41:08,031 INFO  server.RaftServerConfigKeys (ConfUtils.java:logGet(46)) - raft.server.log.segment.size.max = 8MB (=8388608) (default)
2023-03-07 04:41:08,031 INFO  server.RaftServerConfigKeys (ConfUtils.java:logGet(46)) - raft.server.log.preallocated.size = 4MB (=4194304) (default)
2023-03-07 04:41:08,031 INFO  server.RaftServerConfigKeys (ConfUtils.java:logGet(46)) - raft.server.log.force.sync.num = 128 (default)
2023-03-07 04:41:08,031 INFO  server.RaftServerConfigKeys (ConfUtils.java:logGet(46)) - raft.server.log.statemachine.data.sync = true (default)
2023-03-07 04:41:08,031 INFO  server.RaftServerConfigKeys (ConfUtils.java:logGet(46)) - raft.server.log.statemachine.data.sync.timeout = 10s (default)
2023-03-07 04:41:08,031 INFO  server.RaftServerConfigKeys (ConfUtils.java:logGet(46)) - raft.server.log.statemachine.data.sync.timeout.retry = -1 (default)
2023-03-07 04:41:08,032 INFO  server.RaftServerConfigKeys (ConfUtils.java:logGet(46)) - raft.server.log.write.buffer.size = 64KB (=65536) (default)
2023-03-07 04:41:08,032 INFO  server.RaftServerConfigKeys (ConfUtils.java:logGet(46)) - raft.server.log.appender.buffer.byte-limit = 4MB (=4194304) (default)
2023-03-07 04:41:08,032 INFO  server.RaftServerConfigKeys (ConfUtils.java:logGet(46)) - raft.server.log.unsafe-flush.enabled = false (default)
2023-03-07 04:41:08,032 INFO  server.RaftServerConfigKeys (ConfUtils.java:logGet(46)) - raft.server.log.async-flush.enabled = false (default)
2023-03-07 04:41:08,032 INFO  server.RaftServerConfigKeys (ConfUtils.java:logGet(46)) - raft.server.log.statemachine.data.caching.enabled = false (default)
2023-03-07 04:41:08,032 INFO  segmented.SegmentedRaftLogWorker (SegmentedRaftLogWorker.java:lambda$new$0(134)) - s1@group-FAA53D5BC7BE-SegmentedRaftLogWorker: flushIndex: setUnconditionally 0 -> -1
2023-03-07 04:41:08,032 INFO  segmented.SegmentedRaftLogWorker (SegmentedRaftLogWorker.java:lambda$new$0(134)) - s1@group-FAA53D5BC7BE-SegmentedRaftLogWorker: safeCacheEvictIndex: setUnconditionally 0 -> -1
2023-03-07 04:41:08,036 INFO  server.RaftServer$Division (RaftServerImpl.java:start(348)) - s1@group-FAA53D5BC7BE: start with initializing state, conf=-1: peers:[]|listeners:[], old=null
2023-03-07 04:41:08,036 INFO  server.RaftServer$Division (RaftServerImpl.java:setRole(329)) - s1@group-FAA53D5BC7BE: changes role from      null to FOLLOWER at term 0 for startInitializing
2023-03-07 04:41:08,036 INFO  util.JmxRegister (JmxRegister.java:tryRegister(44)) - Successfully registered JMX Bean with object name Ratis:service=RaftServer,group=group-FAA53D5BC7BE,id=s1
2023-03-07 04:41:08,036 INFO  server.RaftServerConfigKeys (ConfUtils.java:logGet(46)) - raft.server.snapshot.auto.trigger.enabled = false (default)
2023-03-07 04:41:08,036 INFO  server.RaftServerConfigKeys (ConfUtils.java:logGet(46)) - raft.server.snapshot.retention.file.num = -1 (default)
2023-03-07 04:41:08,036 INFO  server.RaftServerConfigKeys (ConfUtils.java:logGet(46)) - raft.server.log.purge.upto.snapshot.index = false (default)
2023-03-07 04:41:08,040 INFO  server.RaftServer (RaftServerProxy.java:startImpl(401)) - s1: start RPC server
2023-03-07 04:41:08,044 INFO  logging.LoggingHandler (AbstractInternalLogger.java:log(148)) - [id: 0x8e7d1ea5] REGISTERED
2023-03-07 04:41:08,044 INFO  logging.LoggingHandler (AbstractInternalLogger.java:log(148)) - [id: 0x8e7d1ea5] BIND: 0.0.0.0/0.0.0.0:34621
2023-03-07 04:41:08,045 INFO  logging.LoggingHandler (AbstractInternalLogger.java:log(148)) - [id: 0x8e7d1ea5, L:/0.0.0.0:34621] ACTIVE
2023-03-07 04:41:08,052 INFO  server.RaftServerConfigKeys (ConfUtils.java:logGet(46)) - raft.server.storage.free-space.min = 0MB (=0) (default)
2023-03-07 04:41:08,052 INFO  server.RaftServerConfigKeys (ConfUtils.java:logGet(46)) - raft.server.log.corruption.policy = EXCEPTION (default)
2023-03-07 04:41:08,052 INFO  server.RaftServerConfigKeys (ConfUtils.java:logGet(46)) - raft.server.storage.dir = [/home/runner/work/ratis/ratis/ratis-examples/target/test/data/fa33b8e4/MiniRaftClusterWithNettye7083e71/s2] (custom)
2023-03-07 04:41:08,052 INFO  storage.RaftStorageDirectory (RaftStorageDirectoryImpl.java:analyzeStorage(138)) - The storage directory /home/runner/work/ratis/ratis/ratis-examples/target/test/data/fa33b8e4/MiniRaftClusterWithNettye7083e71/s2/8f9547c1-14c5-4152-90af-faa53d5bc7be does not exist. Creating ...
2023-03-07 04:41:08,052 TRACE util.FileUtils (LogUtils.java:runAndLog(49)) - Successfully ran Files.createDirectories /home/runner/work/ratis/ratis/ratis-examples/target/test/data/fa33b8e4/MiniRaftClusterWithNettye7083e71/s2/8f9547c1-14c5-4152-90af-faa53d5bc7be
2023-03-07 04:41:08,052 INFO  util.JvmPauseMonitor (JvmPauseMonitor.java:run(103)) - JvmPauseMonitor-s1: Started
2023-03-07 04:41:08,053 INFO  storage.RaftStorageDirectory (RaftStorageDirectoryImpl.java:tryLock(232)) - Lock on /home/runner/work/ratis/ratis/ratis-examples/target/test/data/fa33b8e4/MiniRaftClusterWithNettye7083e71/s2/8f9547c1-14c5-4152-90af-faa53d5bc7be/in_use.lock acquired by nodename 15875@fv-az983-448
2023-03-07 04:41:08,053 TRACE util.FileUtils (LogUtils.java:runAndLog(49)) - Successfully ran Files.createDirectories /home/runner/work/ratis/ratis/ratis-examples/target/test/data/fa33b8e4/MiniRaftClusterWithNettye7083e71/s2/8f9547c1-14c5-4152-90af-faa53d5bc7be/current
2023-03-07 04:41:08,053 TRACE util.FileUtils (LogUtils.java:runAndLog(49)) - Successfully ran Files.createDirectories /home/runner/work/ratis/ratis/ratis-examples/target/test/data/fa33b8e4/MiniRaftClusterWithNettye7083e71/s2/8f9547c1-14c5-4152-90af-faa53d5bc7be/sm
2023-03-07 04:41:08,054 INFO  storage.RaftStorage (RaftStorageImpl.java:format(96)) - Storage directory /home/runner/work/ratis/ratis/ratis-examples/target/test/data/fa33b8e4/MiniRaftClusterWithNettye7083e71/s2/8f9547c1-14c5-4152-90af-faa53d5bc7be has been successfully formatted.
2023-03-07 04:41:08,054 WARN  statemachine.StateMachine (ArithmeticStateMachine.java:loadSnapshot(116)) - The snapshot info is null.
2023-03-07 04:41:08,054 INFO  server.RaftServerConfigKeys (ConfUtils.java:logGet(46)) - raft.server.log.use.memory = false (default)
2023-03-07 04:41:08,054 INFO  server.RaftServerConfigKeys (ConfUtils.java:logGet(46)) - raft.server.log.purge.gap = 1024 (default)
2023-03-07 04:41:08,054 INFO  server.RaftServerConfigKeys (ConfUtils.java:logGet(46)) - raft.server.log.appender.buffer.byte-limit = 4MB (=4194304) (default)
2023-03-07 04:41:08,054 INFO  server.RaftServerConfigKeys (ConfUtils.java:logGet(46)) - raft.server.log.statemachine.data.read.timeout = 1000ms (default)
2023-03-07 04:41:08,054 INFO  server.RaftServerConfigKeys (ConfUtils.java:logGet(46)) - raft.server.log.purge.preservation.log.num = 0 (default)
2023-03-07 04:41:08,055 INFO  server.RaftServerConfigKeys (ConfUtils.java:logGet(46)) - raft.server.log.segment.size.max = 8MB (=8388608) (default)
2023-03-07 04:41:08,055 INFO  server.RaftServerConfigKeys (ConfUtils.java:logGet(46)) - raft.server.log.segment.cache.num.max = 6 (default)
2023-03-07 04:41:08,055 INFO  server.RaftServerConfigKeys (ConfUtils.java:logGet(46)) - raft.server.log.segment.cache.size.max = 200MB (=209715200) (default)
2023-03-07 04:41:08,055 INFO  server.RaftServerConfigKeys (ConfUtils.java:logGet(46)) - raft.server.log.appender.buffer.byte-limit = 4MB (=4194304) (default)
2023-03-07 04:41:08,055 INFO  segmented.SegmentedRaftLogWorker (SegmentedRaftLogWorker.java:<init>(183)) - new s2@group-FAA53D5BC7BE-SegmentedRaftLogWorker for RaftStorageImpl:Storage Directory /home/runner/work/ratis/ratis/ratis-examples/target/test/data/fa33b8e4/MiniRaftClusterWithNettye7083e71/s2/8f9547c1-14c5-4152-90af-faa53d5bc7be
2023-03-07 04:41:08,055 INFO  server.RaftServerConfigKeys (ConfUtils.java:logGet(46)) - raft.server.log.queue.byte-limit = 64MB (=67108864) (default)
2023-03-07 04:41:08,055 INFO  server.RaftServerConfigKeys (ConfUtils.java:logGet(46)) - raft.server.log.queue.element-limit = 4096 (default)
2023-03-07 04:41:08,055 INFO  server.RaftServerConfigKeys (ConfUtils.java:logGet(46)) - raft.server.log.segment.size.max = 8MB (=8388608) (default)
2023-03-07 04:41:08,055 INFO  server.RaftServerConfigKeys (ConfUtils.java:logGet(46)) - raft.server.log.preallocated.size = 4MB (=4194304) (default)
2023-03-07 04:41:08,055 INFO  server.RaftServerConfigKeys (ConfUtils.java:logGet(46)) - raft.server.log.force.sync.num = 128 (default)
2023-03-07 04:41:08,055 INFO  server.RaftServerConfigKeys (ConfUtils.java:logGet(46)) - raft.server.log.statemachine.data.sync = true (default)
2023-03-07 04:41:08,055 INFO  server.RaftServerConfigKeys (ConfUtils.java:logGet(46)) - raft.server.log.statemachine.data.sync.timeout = 10s (default)
2023-03-07 04:41:08,055 INFO  server.RaftServerConfigKeys (ConfUtils.java:logGet(46)) - raft.server.log.statemachine.data.sync.timeout.retry = -1 (default)
2023-03-07 04:41:08,056 INFO  server.RaftServerConfigKeys (ConfUtils.java:logGet(46)) - raft.server.log.write.buffer.size = 64KB (=65536) (default)
2023-03-07 04:41:08,056 INFO  server.RaftServerConfigKeys (ConfUtils.java:logGet(46)) - raft.server.log.appender.buffer.byte-limit = 4MB (=4194304) (default)
2023-03-07 04:41:08,057 INFO  server.RaftServerConfigKeys (ConfUtils.java:logGet(46)) - raft.server.log.unsafe-flush.enabled = false (default)
2023-03-07 04:41:08,057 INFO  server.RaftServerConfigKeys (ConfUtils.java:logGet(46)) - raft.server.log.async-flush.enabled = false (default)
2023-03-07 04:41:08,057 INFO  server.RaftServerConfigKeys (ConfUtils.java:logGet(46)) - raft.server.log.statemachine.data.caching.enabled = false (default)
2023-03-07 04:41:08,057 INFO  segmented.SegmentedRaftLogWorker (SegmentedRaftLogWorker.java:lambda$new$0(134)) - s2@group-FAA53D5BC7BE-SegmentedRaftLogWorker: flushIndex: setUnconditionally 0 -> -1
2023-03-07 04:41:08,057 INFO  segmented.SegmentedRaftLogWorker (SegmentedRaftLogWorker.java:lambda$new$0(134)) - s2@group-FAA53D5BC7BE-SegmentedRaftLogWorker: safeCacheEvictIndex: setUnconditionally 0 -> -1
2023-03-07 04:41:08,077 INFO  server.RaftServer$Division (RaftServerImpl.java:start(348)) - s2@group-FAA53D5BC7BE: start with initializing state, conf=-1: peers:[]|listeners:[], old=null
2023-03-07 04:41:08,077 INFO  server.RaftServer$Division (RaftServerImpl.java:setRole(329)) - s2@group-FAA53D5BC7BE: changes role from      null to FOLLOWER at term 0 for startInitializing
2023-03-07 04:41:08,078 INFO  util.JmxRegister (JmxRegister.java:tryRegister(44)) - Successfully registered JMX Bean with object name Ratis:service=RaftServer,group=group-FAA53D5BC7BE,id=s2
2023-03-07 04:41:08,078 INFO  server.RaftServerConfigKeys (ConfUtils.java:logGet(46)) - raft.server.snapshot.auto.trigger.enabled = false (default)
2023-03-07 04:41:08,078 INFO  server.RaftServerConfigKeys (ConfUtils.java:logGet(46)) - raft.server.snapshot.retention.file.num = -1 (default)
2023-03-07 04:41:08,078 INFO  server.RaftServerConfigKeys (ConfUtils.java:logGet(46)) - raft.server.log.purge.upto.snapshot.index = false (default)
2023-03-07 04:41:08,088 INFO  server.RaftServer (RaftServerProxy.java:startImpl(401)) - s2: start RPC server
2023-03-07 04:41:08,095 INFO  logging.LoggingHandler (AbstractInternalLogger.java:log(148)) - [id: 0x923fd090] REGISTERED
2023-03-07 04:41:08,096 INFO  logging.LoggingHandler (AbstractInternalLogger.java:log(148)) - [id: 0x923fd090] BIND: 0.0.0.0/0.0.0.0:40769
2023-03-07 04:41:08,096 INFO  logging.LoggingHandler (AbstractInternalLogger.java:log(148)) - [id: 0x923fd090, L:/0.0.0.0:40769] ACTIVE
2023-03-07 04:41:08,096 INFO  util.JvmPauseMonitor (JvmPauseMonitor.java:run(103)) - JvmPauseMonitor-s2: Started
2023-03-07 04:41:09,097 INFO  impl.GroupManagementBaseTest (GroupManagementBaseTest.java:runMultiGroupTest(267)) - start: printing ALL groups
  s3:  RUNNING  FOLLOWER s3@group-FAA53D5BC7BE:t0, leader=null, voted=, raftlog=Memoized:s3@group-FAA53D5BC7BE-SegmentedRaftLog:OPENED:c-1, conf=-1: peers:[]|listeners:[], old=null STARTING
  s4:  RUNNING  FOLLOWER s4@group-FAA53D5BC7BE:t0, leader=null, voted=, raftlog=Memoized:s4@group-FAA53D5BC7BE-SegmentedRaftLog:OPENED:c-1, conf=-1: peers:[]|listeners:[], old=null STARTING
  s5:  RUNNING  FOLLOWER s5@group-FAA53D5BC7BE:t0, leader=null, voted=, raftlog=Memoized:s5@group-FAA53D5BC7BE-SegmentedRaftLog:OPENED:c-1, conf=-1: peers:[]|listeners:[], old=null STARTING
  s6:  RUNNING  FOLLOWER s6@group-FAA53D5BC7BE:t0, leader=null, voted=, raftlog=Memoized:s6@group-FAA53D5BC7BE-SegmentedRaftLog:OPENED:c-1, conf=-1: peers:[]|listeners:[], old=null STARTING
  s7:  RUNNING  FOLLOWER s7@group-FAA53D5BC7BE:t0, leader=null, voted=, raftlog=Memoized:s7@group-FAA53D5BC7BE-SegmentedRaftLog:OPENED:c-1, conf=-1: peers:[]|listeners:[], old=null STARTING
  s8:  RUNNING  FOLLOWER s8@group-FAA53D5BC7BE:t0, leader=null, voted=, raftlog=Memoized:s8@group-FAA53D5BC7BE-SegmentedRaftLog:OPENED:c-1, conf=-1: peers:[]|listeners:[], old=null STARTING
  s9:  RUNNING  FOLLOWER s9@group-FAA53D5BC7BE:t0, leader=null, voted=, raftlog=Memoized:s9@group-FAA53D5BC7BE-SegmentedRaftLog:OPENED:c-1, conf=-1: peers:[]|listeners:[], old=null STARTING
  s11:  RUNNING  FOLLOWER s11@group-FAA53D5BC7BE:t0, leader=null, voted=, raftlog=Memoized:s11@group-FAA53D5BC7BE-SegmentedRaftLog:OPENED:c-1, conf=-1: peers:[]|listeners:[], old=null STARTING
  s10:  RUNNING  FOLLOWER s10@group-FAA53D5BC7BE:t0, leader=null, voted=, raftlog=Memoized:s10@group-FAA53D5BC7BE-SegmentedRaftLog:OPENED:c-1, conf=-1: peers:[]|listeners:[], old=null STARTING
  s13:  RUNNING  FOLLOWER s13@group-FAA53D5BC7BE:t0, leader=null, voted=, raftlog=Memoized:s13@group-FAA53D5BC7BE-SegmentedRaftLog:OPENED:c-1, conf=-1: peers:[]|listeners:[], old=null STARTING
  s12:  RUNNING  FOLLOWER s12@group-FAA53D5BC7BE:t0, leader=null, voted=, raftlog=Memoized:s12@group-FAA53D5BC7BE-SegmentedRaftLog:OPENED:c-1, conf=-1: peers:[]|listeners:[], old=null STARTING
  s14:  RUNNING  FOLLOWER s14@group-FAA53D5BC7BE:t0, leader=null, voted=, raftlog=Memoized:s14@group-FAA53D5BC7BE-SegmentedRaftLog:OPENED:c-1, conf=-1: peers:[]|listeners:[], old=null STARTING
  s0:  RUNNING  FOLLOWER s0@group-FAA53D5BC7BE:t0, leader=null, voted=, raftlog=Memoized:s0@group-FAA53D5BC7BE-SegmentedRaftLog:OPENED:c-1, conf=-1: peers:[]|listeners:[], old=null STARTING
  s1:  RUNNING  FOLLOWER s1@group-FAA53D5BC7BE:t0, leader=null, voted=, raftlog=Memoized:s1@group-FAA53D5BC7BE-SegmentedRaftLog:OPENED:c-1, conf=-1: peers:[]|listeners:[], old=null STARTING
  s2:  RUNNING  FOLLOWER s2@group-FAA53D5BC7BE:t0, leader=null, voted=, raftlog=Memoized:s2@group-FAA53D5BC7BE-SegmentedRaftLog:OPENED:c-1, conf=-1: peers:[]|listeners:[], old=null STARTING
2023-03-07 04:41:09,097 INFO  impl.GroupManagementBaseTest (GroupManagementBaseTest.java:runMultiGroupTest(281)) - 0) starting group-AD39DEEC881B:[s10|rpc:0.0.0.0:43353|priority:0|startupRole:FOLLOWER, s0|rpc:0.0.0.0:45573|priority:0|startupRole:FOLLOWER, s1|rpc:0.0.0.0:34621|priority:0|startupRole:FOLLOWER]
2023-03-07 04:41:09,123 INFO  logging.LoggingHandler (AbstractInternalLogger.java:log(148)) - [id: 0x5212874d, L:/0.0.0.0:45573] READ: [id: 0xcf0e9acc, L:/10.1.0.7:45573 - R:/10.1.0.7:50420]
2023-03-07 04:41:09,124 INFO  logging.LoggingHandler (AbstractInternalLogger.java:log(148)) - [id: 0x5212874d, L:/0.0.0.0:45573] READ COMPLETE
2023-03-07 04:41:09,159 INFO  server.RaftServer (RaftServerProxy.java:addNew(99)) - s0: addNew group-AD39DEEC881B:[s10|rpc:0.0.0.0:43353|dataStream:|priority:0|startupRole:FOLLOWER, s0|rpc:0.0.0.0:45573|dataStream:|priority:0|startupRole:FOLLOWER, s1|rpc:0.0.0.0:34621|dataStream:|priority:0|startupRole:FOLLOWER] returns group-AD39DEEC881B:java.util.concurrent.CompletableFuture@26a86f0[Not completed]
2023-03-07 04:41:09,159 INFO  server.RaftServer$Division (RaftServerImpl.java:<init>(198)) - s0: new RaftServerImpl for group-AD39DEEC881B:[s10|rpc:0.0.0.0:43353|dataStream:|priority:0|startupRole:FOLLOWER, s0|rpc:0.0.0.0:45573|dataStream:|priority:0|startupRole:FOLLOWER, s1|rpc:0.0.0.0:34621|dataStream:|priority:0|startupRole:FOLLOWER] with ArithmeticStateMachine:uninitialized
2023-03-07 04:41:09,160 INFO  server.RaftServerConfigKeys (ConfUtils.java:logGet(46)) - raft.server.rpc.timeout.min = 300ms (custom)
2023-03-07 04:41:09,160 INFO  server.RaftServerConfigKeys (ConfUtils.java:logGet(46)) - raft.server.rpc.timeout.max = 600ms (custom)
2023-03-07 04:41:09,160 INFO  server.RaftServerConfigKeys (ConfUtils.java:logGet(46)) - raft.server.rpc.sleep.time = 25ms (default)
2023-03-07 04:41:09,160 INFO  server.RaftServerConfigKeys (ConfUtils.java:logGet(46)) - raft.server.rpc.slowness.timeout = 60s (default)
2023-03-07 04:41:09,160 INFO  server.RaftServerConfigKeys (ConfUtils.java:logGet(46)) - raft.server.leaderelection.leader.step-down.wait-time = 10s (default)
2023-03-07 04:41:09,160 INFO  server.RaftServerConfigKeys (ConfUtils.java:logGet(46)) - raft.server.sleep.deviation.threshold = 300ms (default)
2023-03-07 04:41:09,160 INFO  server.RaftServer$Division (ServerState.java:<init>(113)) - s0@group-AD39DEEC881B: ConfigurationManager, init=-1: peers:[s10|rpc:0.0.0.0:43353|dataStream:|priority:0|startupRole:FOLLOWER, s0|rpc:0.0.0.0:45573|dataStream:|priority:0|startupRole:FOLLOWER, s1|rpc:0.0.0.0:34621|dataStream:|priority:0|startupRole:FOLLOWER]|listeners:[], old=null, confs=<EMPTY_MAP>
2023-03-07 04:41:09,160 INFO  server.RaftServerConfigKeys (ConfUtils.java:logGet(46)) - raft.server.notification.no-leader.timeout = 60s (default)
2023-03-07 04:41:09,160 INFO  server.RaftServerConfigKeys (ConfUtils.java:logGet(46)) - raft.server.read.timeout = 10s (default)
2023-03-07 04:41:09,160 INFO  server.RaftServerConfigKeys (ConfUtils.java:logGet(46)) - raft.server.retrycache.expirytime = 60s (default)
2023-03-07 04:41:09,160 INFO  server.RaftServerConfigKeys (ConfUtils.java:logGet(46)) - raft.server.retrycache.statistics.expirytime = 100μs (default)
2023-03-07 04:41:09,160 INFO  server.RaftServerConfigKeys (ConfUtils.java:logGet(46)) - raft.server.read.option = DEFAULT (default)
2023-03-07 04:41:09,161 INFO  server.RaftServerConfigKeys (ConfUtils.java:logGet(46)) - raft.server.log.appender.install.snapshot.enabled = true (default)
2023-03-07 04:41:09,161 INFO  server.RaftServerConfigKeys (ConfUtils.java:logGet(46)) - raft.server.threadpool.server.cached = true (default)
2023-03-07 04:41:09,161 INFO  server.RaftServerConfigKeys (ConfUtils.java:logGet(46)) - raft.server.threadpool.server.size = 0 (default)
2023-03-07 04:41:09,161 INFO  server.RaftServerConfigKeys (ConfUtils.java:logGet(46)) - raft.server.threadpool.client.cached = true (default)
2023-03-07 04:41:09,161 INFO  server.RaftServerConfigKeys (ConfUtils.java:logGet(46)) - raft.server.threadpool.client.size = 0 (default)
2023-03-07 04:41:09,161 INFO  server.RaftServerConfigKeys (ConfUtils.java:logGet(46)) - raft.server.storage.free-space.min = 0MB (=0) (default)
2023-03-07 04:41:09,161 INFO  server.RaftServerConfigKeys (ConfUtils.java:logGet(46)) - raft.server.log.corruption.policy = EXCEPTION (default)
2023-03-07 04:41:09,162 INFO  server.RaftServerConfigKeys (ConfUtils.java:logGet(46)) - raft.server.storage.dir = [/home/runner/work/ratis/ratis/ratis-examples/target/test/data/fa33b8e4/MiniRaftClusterWithNettye7083e71/s0] (custom)
2023-03-07 04:41:09,162 INFO  storage.RaftStorageDirectory (RaftStorageDirectoryImpl.java:analyzeStorage(138)) - The storage directory /home/runner/work/ratis/ratis/ratis-examples/target/test/data/fa33b8e4/MiniRaftClusterWithNettye7083e71/s0/8583405c-e8d3-4d12-8b74-ad39deec881b does not exist. Creating ...
2023-03-07 04:41:09,162 TRACE util.FileUtils (LogUtils.java:runAndLog(49)) - Successfully ran Files.createDirectories /home/runner/work/ratis/ratis/ratis-examples/target/test/data/fa33b8e4/MiniRaftClusterWithNettye7083e71/s0/8583405c-e8d3-4d12-8b74-ad39deec881b
2023-03-07 04:41:09,164 INFO  storage.RaftStorageDirectory (RaftStorageDirectoryImpl.java:tryLock(232)) - Lock on /home/runner/work/ratis/ratis/ratis-examples/target/test/data/fa33b8e4/MiniRaftClusterWithNettye7083e71/s0/8583405c-e8d3-4d12-8b74-ad39deec881b/in_use.lock acquired by nodename 15875@fv-az983-448
2023-03-07 04:41:09,164 TRACE util.FileUtils (LogUtils.java:runAndLog(49)) - Successfully ran Files.createDirectories /home/runner/work/ratis/ratis/ratis-examples/target/test/data/fa33b8e4/MiniRaftClusterWithNettye7083e71/s0/8583405c-e8d3-4d12-8b74-ad39deec881b/current
2023-03-07 04:41:09,164 TRACE util.FileUtils (LogUtils.java:runAndLog(49)) - Successfully ran Files.createDirectories /home/runner/work/ratis/ratis/ratis-examples/target/test/data/fa33b8e4/MiniRaftClusterWithNettye7083e71/s0/8583405c-e8d3-4d12-8b74-ad39deec881b/sm
2023-03-07 04:41:09,165 INFO  storage.RaftStorage (RaftStorageImpl.java:format(96)) - Storage directory /home/runner/work/ratis/ratis/ratis-examples/target/test/data/fa33b8e4/MiniRaftClusterWithNettye7083e71/s0/8583405c-e8d3-4d12-8b74-ad39deec881b has been successfully formatted.
2023-03-07 04:41:09,165 WARN  statemachine.StateMachine (ArithmeticStateMachine.java:loadSnapshot(116)) - The snapshot info is null.
2023-03-07 04:41:09,165 INFO  server.RaftServerConfigKeys (ConfUtils.java:logGet(46)) - raft.server.log.use.memory = false (default)
2023-03-07 04:41:09,165 INFO  server.RaftServerConfigKeys (ConfUtils.java:logGet(46)) - raft.server.log.purge.gap = 1024 (default)
2023-03-07 04:41:09,165 INFO  server.RaftServerConfigKeys (ConfUtils.java:logGet(46)) - raft.server.log.appender.buffer.byte-limit = 4MB (=4194304) (default)
2023-03-07 04:41:09,165 INFO  server.RaftServerConfigKeys (ConfUtils.java:logGet(46)) - raft.server.log.statemachine.data.read.timeout = 1000ms (default)
2023-03-07 04:41:09,165 INFO  server.RaftServerConfigKeys (ConfUtils.java:logGet(46)) - raft.server.log.purge.preservation.log.num = 0 (default)
2023-03-07 04:41:09,166 INFO  server.RaftServerConfigKeys (ConfUtils.java:logGet(46)) - raft.server.log.segment.size.max = 8MB (=8388608) (default)
2023-03-07 04:41:09,166 INFO  server.RaftServerConfigKeys (ConfUtils.java:logGet(46)) - raft.server.log.segment.cache.num.max = 6 (default)
2023-03-07 04:41:09,166 INFO  server.RaftServerConfigKeys (ConfUtils.java:logGet(46)) - raft.server.log.segment.cache.size.max = 200MB (=209715200) (default)
2023-03-07 04:41:09,166 INFO  server.RaftServerConfigKeys (ConfUtils.java:logGet(46)) - raft.server.log.appender.buffer.byte-limit = 4MB (=4194304) (default)
2023-03-07 04:41:09,166 INFO  segmented.SegmentedRaftLogWorker (SegmentedRaftLogWorker.java:<init>(183)) - new s0@group-AD39DEEC881B-SegmentedRaftLogWorker for RaftStorageImpl:Storage Directory /home/runner/work/ratis/ratis/ratis-examples/target/test/data/fa33b8e4/MiniRaftClusterWithNettye7083e71/s0/8583405c-e8d3-4d12-8b74-ad39deec881b
2023-03-07 04:41:09,166 INFO  server.RaftServerConfigKeys (ConfUtils.java:logGet(46)) - raft.server.log.queue.byte-limit = 64MB (=67108864) (default)
2023-03-07 04:41:09,166 INFO  server.RaftServerConfigKeys (ConfUtils.java:logGet(46)) - raft.server.log.queue.element-limit = 4096 (default)
2023-03-07 04:41:09,166 INFO  server.RaftServerConfigKeys (ConfUtils.java:logGet(46)) - raft.server.log.segment.size.max = 8MB (=8388608) (default)
2023-03-07 04:41:09,166 INFO  server.RaftServerConfigKeys (ConfUtils.java:logGet(46)) - raft.server.log.preallocated.size = 4MB (=4194304) (default)
2023-03-07 04:41:09,166 INFO  server.RaftServerConfigKeys (ConfUtils.java:logGet(46)) - raft.server.log.force.sync.num = 128 (default)
2023-03-07 04:41:09,166 INFO  server.RaftServerConfigKeys (ConfUtils.java:logGet(46)) - raft.server.log.statemachine.data.sync = true (default)
2023-03-07 04:41:09,167 INFO  server.RaftServerConfigKeys (ConfUtils.java:logGet(46)) - raft.server.log.statemachine.data.sync.timeout = 10s (default)
2023-03-07 04:41:09,167 INFO  server.RaftServerConfigKeys (ConfUtils.java:logGet(46)) - raft.server.log.statemachine.data.sync.timeout.retry = -1 (default)
2023-03-07 04:41:09,167 INFO  server.RaftServerConfigKeys (ConfUtils.java:logGet(46)) - raft.server.log.write.buffer.size = 64KB (=65536) (default)
2023-03-07 04:41:09,167 INFO  server.RaftServerConfigKeys (ConfUtils.java:logGet(46)) - raft.server.log.appender.buffer.byte-limit = 4MB (=4194304) (default)
2023-03-07 04:41:09,172 INFO  server.RaftServerConfigKeys (ConfUtils.java:logGet(46)) - raft.server.log.unsafe-flush.enabled = false (default)
2023-03-07 04:41:09,172 INFO  server.RaftServerConfigKeys (ConfUtils.java:logGet(46)) - raft.server.log.async-flush.enabled = false (default)
2023-03-07 04:41:09,172 INFO  server.RaftServerConfigKeys (ConfUtils.java:logGet(46)) - raft.server.log.statemachine.data.caching.enabled = false (default)
2023-03-07 04:41:09,172 INFO  segmented.SegmentedRaftLogWorker (SegmentedRaftLogWorker.java:lambda$new$0(134)) - s0@group-AD39DEEC881B-SegmentedRaftLogWorker: flushIndex: setUnconditionally 0 -> -1
2023-03-07 04:41:09,172 INFO  segmented.SegmentedRaftLogWorker (SegmentedRaftLogWorker.java:lambda$new$0(134)) - s0@group-AD39DEEC881B-SegmentedRaftLogWorker: safeCacheEvictIndex: setUnconditionally 0 -> -1
2023-03-07 04:41:09,173 INFO  server.RaftServer$Division (RaftServerImpl.java:start(342)) - s0@group-AD39DEEC881B: start as a follower, conf=-1: peers:[s10|rpc:0.0.0.0:43353|dataStream:|priority:0|startupRole:FOLLOWER, s0|rpc:0.0.0.0:45573|dataStream:|priority:0|startupRole:FOLLOWER, s1|rpc:0.0.0.0:34621|dataStream:|priority:0|startupRole:FOLLOWER]|listeners:[], old=null
2023-03-07 04:41:09,173 INFO  server.RaftServer$Division (RaftServerImpl.java:setRole(329)) - s0@group-AD39DEEC881B: changes role from      null to FOLLOWER at term 0 for startAsFollower
2023-03-07 04:41:09,173 INFO  impl.RoleInfo (RoleInfo.java:updateAndGet(139)) - s0: start s0@group-AD39DEEC881B-FollowerState
2023-03-07 04:41:09,173 INFO  util.JmxRegister (JmxRegister.java:tryRegister(44)) - Successfully registered JMX Bean with object name Ratis:service=RaftServer,group=group-AD39DEEC881B,id=s0
2023-03-07 04:41:09,173 INFO  server.RaftServerConfigKeys (ConfUtils.java:logGet(46)) - raft.server.snapshot.auto.trigger.enabled = false (default)
2023-03-07 04:41:09,173 INFO  server.RaftServerConfigKeys (ConfUtils.java:logGet(46)) - raft.server.snapshot.retention.file.num = -1 (default)
2023-03-07 04:41:09,173 INFO  server.RaftServerConfigKeys (ConfUtils.java:logGet(46)) - raft.server.log.purge.upto.snapshot.index = false (default)
2023-03-07 04:41:09,173 INFO  server.RaftServerConfigKeys (ConfUtils.java:logFallback(53)) - raft.server.rpc.first-election.timeout.min = 300ms (fallback to raft.server.rpc.timeout.min)
2023-03-07 04:41:09,173 INFO  server.RaftServerConfigKeys (ConfUtils.java:logFallback(53)) - raft.server.rpc.first-election.timeout.max = 600ms (fallback to raft.server.rpc.timeout.max)
2023-03-07 04:41:09,208 INFO  logging.LoggingHandler (AbstractInternalLogger.java:log(148)) - [id: 0x8e7d1ea5, L:/0.0.0.0:34621] READ: [id: 0xf26655af, L:/10.1.0.7:34621 - R:/10.1.0.7:37232]
2023-03-07 04:41:09,213 INFO  logging.LoggingHandler (AbstractInternalLogger.java:log(148)) - [id: 0x8e7d1ea5, L:/0.0.0.0:34621] READ COMPLETE
2023-03-07 04:41:09,229 INFO  server.RaftServer (RaftServerProxy.java:addNew(99)) - s1: addNew group-AD39DEEC881B:[s10|rpc:0.0.0.0:43353|dataStream:|priority:0|startupRole:FOLLOWER, s0|rpc:0.0.0.0:45573|dataStream:|priority:0|startupRole:FOLLOWER, s1|rpc:0.0.0.0:34621|dataStream:|priority:0|startupRole:FOLLOWER] returns group-AD39DEEC881B:java.util.concurrent.CompletableFuture@61d62ab5[Not completed]
2023-03-07 04:41:09,229 INFO  server.RaftServer$Division (RaftServerImpl.java:<init>(198)) - s1: new RaftServerImpl for group-AD39DEEC881B:[s10|rpc:0.0.0.0:43353|dataStream:|priority:0|startupRole:FOLLOWER, s0|rpc:0.0.0.0:45573|dataStream:|priority:0|startupRole:FOLLOWER, s1|rpc:0.0.0.0:34621|dataStream:|priority:0|startupRole:FOLLOWER] with ArithmeticStateMachine:uninitialized
2023-03-07 04:41:09,231 INFO  server.RaftServerConfigKeys (ConfUtils.java:logGet(46)) - raft.server.rpc.timeout.min = 300ms (custom)
2023-03-07 04:41:09,231 INFO  server.RaftServerConfigKeys (ConfUtils.java:logGet(46)) - raft.server.rpc.timeout.max = 600ms (custom)
2023-03-07 04:41:09,231 INFO  server.RaftServerConfigKeys (ConfUtils.java:logGet(46)) - raft.server.rpc.sleep.time = 25ms (default)
2023-03-07 04:41:09,231 INFO  server.RaftServerConfigKeys (ConfUtils.java:logGet(46)) - raft.server.rpc.slowness.timeout = 60s (default)
2023-03-07 04:41:09,231 INFO  server.RaftServerConfigKeys (ConfUtils.java:logGet(46)) - raft.server.leaderelection.leader.step-down.wait-time = 10s (default)
2023-03-07 04:41:09,231 INFO  server.RaftServerConfigKeys (ConfUtils.java:logGet(46)) - raft.server.sleep.deviation.threshold = 300ms (default)
2023-03-07 04:41:09,231 INFO  server.RaftServer$Division (ServerState.java:<init>(113)) - s1@group-AD39DEEC881B: ConfigurationManager, init=-1: peers:[s10|rpc:0.0.0.0:43353|dataStream:|priority:0|startupRole:FOLLOWER, s0|rpc:0.0.0.0:45573|dataStream:|priority:0|startupRole:FOLLOWER, s1|rpc:0.0.0.0:34621|dataStream:|priority:0|startupRole:FOLLOWER]|listeners:[], old=null, confs=<EMPTY_MAP>
2023-03-07 04:41:09,231 INFO  server.RaftServerConfigKeys (ConfUtils.java:logGet(46)) - raft.server.notification.no-leader.timeout = 60s (default)
2023-03-07 04:41:09,231 INFO  server.RaftServerConfigKeys (ConfUtils.java:logGet(46)) - raft.server.read.timeout = 10s (default)
2023-03-07 04:41:09,231 INFO  server.RaftServerConfigKeys (ConfUtils.java:logGet(46)) - raft.server.retrycache.expirytime = 60s (default)
2023-03-07 04:41:09,231 INFO  server.RaftServerConfigKeys (ConfUtils.java:logGet(46)) - raft.server.retrycache.statistics.expirytime = 100μs (default)
2023-03-07 04:41:09,231 INFO  server.RaftServerConfigKeys (ConfUtils.java:logGet(46)) - raft.server.read.option = DEFAULT (default)
2023-03-07 04:41:09,232 INFO  server.RaftServerConfigKeys (ConfUtils.java:logGet(46)) - raft.server.log.appender.install.snapshot.enabled = true (default)
2023-03-07 04:41:09,232 INFO  server.RaftServerConfigKeys (ConfUtils.java:logGet(46)) - raft.server.threadpool.server.cached = true (default)
2023-03-07 04:41:09,232 INFO  server.RaftServerConfigKeys (ConfUtils.java:logGet(46)) - raft.server.threadpool.server.size = 0 (default)
2023-03-07 04:41:09,232 INFO  server.RaftServerConfigKeys (ConfUtils.java:logGet(46)) - raft.server.threadpool.client.cached = true (default)
2023-03-07 04:41:09,232 INFO  server.RaftServerConfigKeys (ConfUtils.java:logGet(46)) - raft.server.threadpool.client.size = 0 (default)
2023-03-07 04:41:09,232 INFO  server.RaftServerConfigKeys (ConfUtils.java:logGet(46)) - raft.server.storage.free-space.min = 0MB (=0) (default)
2023-03-07 04:41:09,232 INFO  server.RaftServerConfigKeys (ConfUtils.java:logGet(46)) - raft.server.log.corruption.policy = EXCEPTION (default)
2023-03-07 04:41:09,232 INFO  server.RaftServerConfigKeys (ConfUtils.java:logGet(46)) - raft.server.storage.dir = [/home/runner/work/ratis/ratis/ratis-examples/target/test/data/fa33b8e4/MiniRaftClusterWithNettye7083e71/s1] (custom)
2023-03-07 04:41:09,233 INFO  storage.RaftStorageDirectory (RaftStorageDirectoryImpl.java:analyzeStorage(138)) - The storage directory /home/runner/work/ratis/ratis/ratis-examples/target/test/data/fa33b8e4/MiniRaftClusterWithNettye7083e71/s1/8583405c-e8d3-4d12-8b74-ad39deec881b does not exist. Creating ...
2023-03-07 04:41:09,233 TRACE util.FileUtils (LogUtils.java:runAndLog(49)) - Successfully ran Files.createDirectories /home/runner/work/ratis/ratis/ratis-examples/target/test/data/fa33b8e4/MiniRaftClusterWithNettye7083e71/s1/8583405c-e8d3-4d12-8b74-ad39deec881b
2023-03-07 04:41:09,234 INFO  storage.RaftStorageDirectory (RaftStorageDirectoryImpl.java:tryLock(232)) - Lock on /home/runner/work/ratis/ratis/ratis-examples/target/test/data/fa33b8e4/MiniRaftClusterWithNettye7083e71/s1/8583405c-e8d3-4d12-8b74-ad39deec881b/in_use.lock acquired by nodename 15875@fv-az983-448
2023-03-07 04:41:09,234 TRACE util.FileUtils (LogUtils.java:runAndLog(49)) - Successfully ran Files.createDirectories /home/runner/work/ratis/ratis/ratis-examples/target/test/data/fa33b8e4/MiniRaftClusterWithNettye7083e71/s1/8583405c-e8d3-4d12-8b74-ad39deec881b/current
2023-03-07 04:41:09,234 TRACE util.FileUtils (LogUtils.java:runAndLog(49)) - Successfully ran Files.createDirectories /home/runner/work/ratis/ratis/ratis-examples/target/test/data/fa33b8e4/MiniRaftClusterWithNettye7083e71/s1/8583405c-e8d3-4d12-8b74-ad39deec881b/sm
2023-03-07 04:41:09,235 INFO  storage.RaftStorage (RaftStorageImpl.java:format(96)) - Storage directory /home/runner/work/ratis/ratis/ratis-examples/target/test/data/fa33b8e4/MiniRaftClusterWithNettye7083e71/s1/8583405c-e8d3-4d12-8b74-ad39deec881b has been successfully formatted.
2023-03-07 04:41:09,235 WARN  statemachine.StateMachine (ArithmeticStateMachine.java:loadSnapshot(116)) - The snapshot info is null.
2023-03-07 04:41:09,235 INFO  server.RaftServerConfigKeys (ConfUtils.java:logGet(46)) - raft.server.log.use.memory = false (default)
2023-03-07 04:41:09,235 INFO  server.RaftServerConfigKeys (ConfUtils.java:logGet(46)) - raft.server.log.purge.gap = 1024 (default)
2023-03-07 04:41:09,235 INFO  server.RaftServerConfigKeys (ConfUtils.java:logGet(46)) - raft.server.log.appender.buffer.byte-limit = 4MB (=4194304) (default)
2023-03-07 04:41:09,235 INFO  server.RaftServerConfigKeys (ConfUtils.java:logGet(46)) - raft.server.log.statemachine.data.read.timeout = 1000ms (default)
2023-03-07 04:41:09,235 INFO  server.RaftServerConfigKeys (ConfUtils.java:logGet(46)) - raft.server.log.purge.preservation.log.num = 0 (default)
2023-03-07 04:41:09,236 INFO  server.RaftServerConfigKeys (ConfUtils.java:logGet(46)) - raft.server.log.segment.size.max = 8MB (=8388608) (default)
2023-03-07 04:41:09,236 INFO  server.RaftServerConfigKeys (ConfUtils.java:logGet(46)) - raft.server.log.segment.cache.num.max = 6 (default)
2023-03-07 04:41:09,236 INFO  server.RaftServerConfigKeys (ConfUtils.java:logGet(46)) - raft.server.log.segment.cache.size.max = 200MB (=209715200) (default)
2023-03-07 04:41:09,236 INFO  server.RaftServerConfigKeys (ConfUtils.java:logGet(46)) - raft.server.log.appender.buffer.byte-limit = 4MB (=4194304) (default)
2023-03-07 04:41:09,236 INFO  segmented.SegmentedRaftLogWorker (SegmentedRaftLogWorker.java:<init>(183)) - new s1@group-AD39DEEC881B-SegmentedRaftLogWorker for RaftStorageImpl:Storage Directory /home/runner/work/ratis/ratis/ratis-examples/target/test/data/fa33b8e4/MiniRaftClusterWithNettye7083e71/s1/8583405c-e8d3-4d12-8b74-ad39deec881b
2023-03-07 04:41:09,236 INFO  server.RaftServerConfigKeys (ConfUtils.java:logGet(46)) - raft.server.log.queue.byte-limit = 64MB (=67108864) (default)
2023-03-07 04:41:09,236 INFO  server.RaftServerConfigKeys (ConfUtils.java:logGet(46)) - raft.server.log.queue.element-limit = 4096 (default)
2023-03-07 04:41:09,236 INFO  server.RaftServerConfigKeys (ConfUtils.java:logGet(46)) - raft.server.log.segment.size.max = 8MB (=8388608) (default)
2023-03-07 04:41:09,237 INFO  server.RaftServerConfigKeys (ConfUtils.java:logGet(46)) - raft.server.log.preallocated.size = 4MB (=4194304) (default)
2023-03-07 04:41:09,237 INFO  server.RaftServerConfigKeys (ConfUtils.java:logGet(46)) - raft.server.log.force.sync.num = 128 (default)
2023-03-07 04:41:09,237 INFO  server.RaftServerConfigKeys (ConfUtils.java:logGet(46)) - raft.server.log.statemachine.data.sync = true (default)
2023-03-07 04:41:09,237 INFO  server.RaftServerConfigKeys (ConfUtils.java:logGet(46)) - raft.server.log.statemachine.data.sync.timeout = 10s (default)
2023-03-07 04:41:09,237 INFO  server.RaftServerConfigKeys (ConfUtils.java:logGet(46)) - raft.server.log.statemachine.data.sync.timeout.retry = -1 (default)
2023-03-07 04:41:09,237 INFO  server.RaftServerConfigKeys (ConfUtils.java:logGet(46)) - raft.server.log.write.buffer.size = 64KB (=65536) (default)
2023-03-07 04:41:09,237 INFO  server.RaftServerConfigKeys (ConfUtils.java:logGet(46)) - raft.server.log.appender.buffer.byte-limit = 4MB (=4194304) (default)
2023-03-07 04:41:09,238 INFO  server.RaftServerConfigKeys (ConfUtils.java:logGet(46)) - raft.server.log.unsafe-flush.enabled = false (default)
2023-03-07 04:41:09,238 INFO  server.RaftServerConfigKeys (ConfUtils.java:logGet(46)) - raft.server.log.async-flush.enabled = false (default)
2023-03-07 04:41:09,238 INFO  server.RaftServerConfigKeys (ConfUtils.java:logGet(46)) - raft.server.log.statemachine.data.caching.enabled = false (default)
2023-03-07 04:41:09,238 INFO  segmented.SegmentedRaftLogWorker (SegmentedRaftLogWorker.java:lambda$new$0(134)) - s1@group-AD39DEEC881B-SegmentedRaftLogWorker: flushIndex: setUnconditionally 0 -> -1
2023-03-07 04:41:09,238 INFO  segmented.SegmentedRaftLogWorker (SegmentedRaftLogWorker.java:lambda$new$0(134)) - s1@group-AD39DEEC881B-SegmentedRaftLogWorker: safeCacheEvictIndex: setUnconditionally 0 -> -1
2023-03-07 04:41:09,238 INFO  server.RaftServer$Division (RaftServerImpl.java:start(342)) - s1@group-AD39DEEC881B: start as a follower, conf=-1: peers:[s10|rpc:0.0.0.0:43353|dataStream:|priority:0|startupRole:FOLLOWER, s0|rpc:0.0.0.0:45573|dataStream:|priority:0|startupRole:FOLLOWER, s1|rpc:0.0.0.0:34621|dataStream:|priority:0|startupRole:FOLLOWER]|listeners:[], old=null
2023-03-07 04:41:09,238 INFO  server.RaftServer$Division (RaftServerImpl.java:setRole(329)) - s1@group-AD39DEEC881B: changes role from      null to FOLLOWER at term 0 for startAsFollower
2023-03-07 04:41:09,239 INFO  impl.RoleInfo (RoleInfo.java:updateAndGet(139)) - s1: start s1@group-AD39DEEC881B-FollowerState
2023-03-07 04:41:09,239 INFO  util.JmxRegister (JmxRegister.java:tryRegister(44)) - Successfully registered JMX Bean with object name Ratis:service=RaftServer,group=group-AD39DEEC881B,id=s1
2023-03-07 04:41:09,239 INFO  server.RaftServerConfigKeys (ConfUtils.java:logGet(46)) - raft.server.snapshot.auto.trigger.enabled = false (default)
2023-03-07 04:41:09,239 INFO  server.RaftServerConfigKeys (ConfUtils.java:logGet(46)) - raft.server.snapshot.retention.file.num = -1 (default)
2023-03-07 04:41:09,239 INFO  server.RaftServerConfigKeys (ConfUtils.java:logGet(46)) - raft.server.log.purge.upto.snapshot.index = false (default)
2023-03-07 04:41:09,244 INFO  server.RaftServerConfigKeys (ConfUtils.java:logFallback(53)) - raft.server.rpc.first-election.timeout.min = 300ms (fallback to raft.server.rpc.timeout.min)
2023-03-07 04:41:09,244 INFO  server.RaftServerConfigKeys (ConfUtils.java:logFallback(53)) - raft.server.rpc.first-election.timeout.max = 600ms (fallback to raft.server.rpc.timeout.max)
2023-03-07 04:41:09,258 INFO  logging.LoggingHandler (AbstractInternalLogger.java:log(148)) - [id: 0x09e3f7d5, L:/0.0.0.0:43353] READ: [id: 0xcc4186f2, L:/10.1.0.7:43353 - R:/10.1.0.7:49784]
2023-03-07 04:41:09,259 INFO  logging.LoggingHandler (AbstractInternalLogger.java:log(148)) - [id: 0x09e3f7d5, L:/0.0.0.0:43353] READ COMPLETE
2023-03-07 04:41:09,264 INFO  server.RaftServer$Division (RaftServerImpl.java:<init>(198)) - s10: new RaftServerImpl for group-AD39DEEC881B:[s10|rpc:0.0.0.0:43353|dataStream:|priority:0|startupRole:FOLLOWER, s0|rpc:0.0.0.0:45573|dataStream:|priority:0|startupRole:FOLLOWER, s1|rpc:0.0.0.0:34621|dataStream:|priority:0|startupRole:FOLLOWER] with ArithmeticStateMachine:uninitialized
2023-03-07 04:41:09,264 INFO  server.RaftServerConfigKeys (ConfUtils.java:logGet(46)) - raft.server.rpc.timeout.min = 300ms (custom)
2023-03-07 04:41:09,264 INFO  server.RaftServerConfigKeys (ConfUtils.java:logGet(46)) - raft.server.rpc.timeout.max = 600ms (custom)
2023-03-07 04:41:09,264 INFO  server.RaftServerConfigKeys (ConfUtils.java:logGet(46)) - raft.server.rpc.sleep.time = 25ms (default)
2023-03-07 04:41:09,264 INFO  server.RaftServerConfigKeys (ConfUtils.java:logGet(46)) - raft.server.rpc.slowness.timeout = 60s (default)
2023-03-07 04:41:09,264 INFO  server.RaftServerConfigKeys (ConfUtils.java:logGet(46)) - raft.server.leaderelection.leader.step-down.wait-time = 10s (default)
2023-03-07 04:41:09,264 INFO  server.RaftServerConfigKeys (ConfUtils.java:logGet(46)) - raft.server.sleep.deviation.threshold = 300ms (default)
2023-03-07 04:41:09,264 INFO  server.RaftServer$Division (ServerState.java:<init>(113)) - s10@group-AD39DEEC881B: ConfigurationManager, init=-1: peers:[s10|rpc:0.0.0.0:43353|dataStream:|priority:0|startupRole:FOLLOWER, s0|rpc:0.0.0.0:45573|dataStream:|priority:0|startupRole:FOLLOWER, s1|rpc:0.0.0.0:34621|dataStream:|priority:0|startupRole:FOLLOWER]|listeners:[], old=null, confs=<EMPTY_MAP>
2023-03-07 04:41:09,264 INFO  server.RaftServerConfigKeys (ConfUtils.java:logGet(46)) - raft.server.notification.no-leader.timeout = 60s (default)
2023-03-07 04:41:09,264 INFO  server.RaftServerConfigKeys (ConfUtils.java:logGet(46)) - raft.server.read.timeout = 10s (default)
2023-03-07 04:41:09,264 INFO  server.RaftServerConfigKeys (ConfUtils.java:logGet(46)) - raft.server.retrycache.expirytime = 60s (default)
2023-03-07 04:41:09,264 INFO  server.RaftServerConfigKeys (ConfUtils.java:logGet(46)) - raft.server.retrycache.statistics.expirytime = 100μs (default)
2023-03-07 04:41:09,264 INFO  server.RaftServerConfigKeys (ConfUtils.java:logGet(46)) - raft.server.read.option = DEFAULT (default)
2023-03-07 04:41:09,265 INFO  server.RaftServerConfigKeys (ConfUtils.java:logGet(46)) - raft.server.log.appender.install.snapshot.enabled = true (default)
2023-03-07 04:41:09,265 INFO  server.RaftServerConfigKeys (ConfUtils.java:logGet(46)) - raft.server.threadpool.server.cached = true (default)
2023-03-07 04:41:09,265 INFO  server.RaftServerConfigKeys (ConfUtils.java:logGet(46)) - raft.server.threadpool.server.size = 0 (default)
2023-03-07 04:41:09,265 INFO  server.RaftServerConfigKeys (ConfUtils.java:logGet(46)) - raft.server.threadpool.client.cached = true (default)
2023-03-07 04:41:09,265 INFO  server.RaftServerConfigKeys (ConfUtils.java:logGet(46)) - raft.server.threadpool.client.size = 0 (default)
2023-03-07 04:41:09,265 INFO  server.RaftServer (RaftServerProxy.java:addNew(99)) - s10: addNew group-AD39DEEC881B:[s10|rpc:0.0.0.0:43353|dataStream:|priority:0|startupRole:FOLLOWER, s0|rpc:0.0.0.0:45573|dataStream:|priority:0|startupRole:FOLLOWER, s1|rpc:0.0.0.0:34621|dataStream:|priority:0|startupRole:FOLLOWER] returns      null s10@group-AD39DEEC881B:t0, leader=null, voted=null, raftlog=UNINITIALIZED, conf=-1: peers:[s10|rpc:0.0.0.0:43353|dataStream:|priority:0|startupRole:FOLLOWER, s0|rpc:0.0.0.0:45573|dataStream:|priority:0|startupRole:FOLLOWER, s1|rpc:0.0.0.0:34621|dataStream:|priority:0|startupRole:FOLLOWER]|listeners:[], old=null NEW
2023-03-07 04:41:09,266 INFO  server.RaftServerConfigKeys (ConfUtils.java:logGet(46)) - raft.server.storage.free-space.min = 0MB (=0) (default)
2023-03-07 04:41:09,266 INFO  server.RaftServerConfigKeys (ConfUtils.java:logGet(46)) - raft.server.log.corruption.policy = EXCEPTION (default)
2023-03-07 04:41:09,266 INFO  server.RaftServerConfigKeys (ConfUtils.java:logGet(46)) - raft.server.storage.dir = [/home/runner/work/ratis/ratis/ratis-examples/target/test/data/fa33b8e4/MiniRaftClusterWithNettye7083e71/s10] (custom)
2023-03-07 04:41:09,266 INFO  storage.RaftStorageDirectory (RaftStorageDirectoryImpl.java:analyzeStorage(138)) - The storage directory /home/runner/work/ratis/ratis/ratis-examples/target/test/data/fa33b8e4/MiniRaftClusterWithNettye7083e71/s10/8583405c-e8d3-4d12-8b74-ad39deec881b does not exist. Creating ...
2023-03-07 04:41:09,266 TRACE util.FileUtils (LogUtils.java:runAndLog(49)) - Successfully ran Files.createDirectories /home/runner/work/ratis/ratis/ratis-examples/target/test/data/fa33b8e4/MiniRaftClusterWithNettye7083e71/s10/8583405c-e8d3-4d12-8b74-ad39deec881b
2023-03-07 04:41:09,267 INFO  storage.RaftStorageDirectory (RaftStorageDirectoryImpl.java:tryLock(232)) - Lock on /home/runner/work/ratis/ratis/ratis-examples/target/test/data/fa33b8e4/MiniRaftClusterWithNettye7083e71/s10/8583405c-e8d3-4d12-8b74-ad39deec881b/in_use.lock acquired by nodename 15875@fv-az983-448
2023-03-07 04:41:09,267 TRACE util.FileUtils (LogUtils.java:runAndLog(49)) - Successfully ran Files.createDirectories /home/runner/work/ratis/ratis/ratis-examples/target/test/data/fa33b8e4/MiniRaftClusterWithNettye7083e71/s10/8583405c-e8d3-4d12-8b74-ad39deec881b/current
2023-03-07 04:41:09,267 TRACE util.FileUtils (LogUtils.java:runAndLog(49)) - Successfully ran Files.createDirectories /home/runner/work/ratis/ratis/ratis-examples/target/test/data/fa33b8e4/MiniRaftClusterWithNettye7083e71/s10/8583405c-e8d3-4d12-8b74-ad39deec881b/sm
2023-03-07 04:41:09,268 INFO  storage.RaftStorage (RaftStorageImpl.java:format(96)) - Storage directory /home/runner/work/ratis/ratis/ratis-examples/target/test/data/fa33b8e4/MiniRaftClusterWithNettye7083e71/s10/8583405c-e8d3-4d12-8b74-ad39deec881b has been successfully formatted.
2023-03-07 04:41:09,268 WARN  statemachine.StateMachine (ArithmeticStateMachine.java:loadSnapshot(116)) - The snapshot info is null.
2023-03-07 04:41:09,268 INFO  server.RaftServerConfigKeys (ConfUtils.java:logGet(46)) - raft.server.log.use.memory = false (default)
2023-03-07 04:41:09,268 INFO  server.RaftServerConfigKeys (ConfUtils.java:logGet(46)) - raft.server.log.purge.gap = 1024 (default)
2023-03-07 04:41:09,268 INFO  server.RaftServerConfigKeys (ConfUtils.java:logGet(46)) - raft.server.log.appender.buffer.byte-limit = 4MB (=4194304) (default)
2023-03-07 04:41:09,268 INFO  server.RaftServerConfigKeys (ConfUtils.java:logGet(46)) - raft.server.log.statemachine.data.read.timeout = 1000ms (default)
2023-03-07 04:41:09,268 INFO  server.RaftServerConfigKeys (ConfUtils.java:logGet(46)) - raft.server.log.purge.preservation.log.num = 0 (default)
2023-03-07 04:41:09,269 INFO  server.RaftServerConfigKeys (ConfUtils.java:logGet(46)) - raft.server.log.segment.size.max = 8MB (=8388608) (default)
2023-03-07 04:41:09,269 INFO  server.RaftServerConfigKeys (ConfUtils.java:logGet(46)) - raft.server.log.segment.cache.num.max = 6 (default)
2023-03-07 04:41:09,269 INFO  server.RaftServerConfigKeys (ConfUtils.java:logGet(46)) - raft.server.log.segment.cache.size.max = 200MB (=209715200) (default)
2023-03-07 04:41:09,269 INFO  server.RaftServerConfigKeys (ConfUtils.java:logGet(46)) - raft.server.log.appender.buffer.byte-limit = 4MB (=4194304) (default)
2023-03-07 04:41:09,269 INFO  segmented.SegmentedRaftLogWorker (SegmentedRaftLogWorker.java:<init>(183)) - new s10@group-AD39DEEC881B-SegmentedRaftLogWorker for RaftStorageImpl:Storage Directory /home/runner/work/ratis/ratis/ratis-examples/target/test/data/fa33b8e4/MiniRaftClusterWithNettye7083e71/s10/8583405c-e8d3-4d12-8b74-ad39deec881b
2023-03-07 04:41:09,269 INFO  server.RaftServerConfigKeys (ConfUtils.java:logGet(46)) - raft.server.log.queue.byte-limit = 64MB (=67108864) (default)
2023-03-07 04:41:09,269 INFO  server.RaftServerConfigKeys (ConfUtils.java:logGet(46)) - raft.server.log.queue.element-limit = 4096 (default)
2023-03-07 04:41:09,269 INFO  server.RaftServerConfigKeys (ConfUtils.java:logGet(46)) - raft.server.log.segment.size.max = 8MB (=8388608) (default)
2023-03-07 04:41:09,269 INFO  server.RaftServerConfigKeys (ConfUtils.java:logGet(46)) - raft.server.log.preallocated.size = 4MB (=4194304) (default)
2023-03-07 04:41:09,269 INFO  server.RaftServerConfigKeys (ConfUtils.java:logGet(46)) - raft.server.log.force.sync.num = 128 (default)
2023-03-07 04:41:09,269 INFO  server.RaftServerConfigKeys (ConfUtils.java:logGet(46)) - raft.server.log.statemachine.data.sync = true (default)
2023-03-07 04:41:09,269 INFO  server.RaftServerConfigKeys (ConfUtils.java:logGet(46)) - raft.server.log.statemachine.data.sync.timeout = 10s (default)
2023-03-07 04:41:09,269 INFO  server.RaftServerConfigKeys (ConfUtils.java:logGet(46)) - raft.server.log.statemachine.data.sync.timeout.retry = -1 (default)
2023-03-07 04:41:09,269 INFO  server.RaftServerConfigKeys (ConfUtils.java:logGet(46)) - raft.server.log.write.buffer.size = 64KB (=65536) (default)
2023-03-07 04:41:09,270 INFO  server.RaftServerConfigKeys (ConfUtils.java:logGet(46)) - raft.server.log.appender.buffer.byte-limit = 4MB (=4194304) (default)
2023-03-07 04:41:09,280 INFO  server.RaftServerConfigKeys (ConfUtils.java:logGet(46)) - raft.server.log.unsafe-flush.enabled = false (default)
2023-03-07 04:41:09,284 INFO  server.RaftServerConfigKeys (ConfUtils.java:logGet(46)) - raft.server.log.async-flush.enabled = false (default)
2023-03-07 04:41:09,284 INFO  server.RaftServerConfigKeys (ConfUtils.java:logGet(46)) - raft.server.log.statemachine.data.caching.enabled = false (default)
2023-03-07 04:41:09,284 INFO  segmented.SegmentedRaftLogWorker (SegmentedRaftLogWorker.java:lambda$new$0(134)) - s10@group-AD39DEEC881B-SegmentedRaftLogWorker: flushIndex: setUnconditionally 0 -> -1
2023-03-07 04:41:09,284 INFO  segmented.SegmentedRaftLogWorker (SegmentedRaftLogWorker.java:lambda$new$0(134)) - s10@group-AD39DEEC881B-SegmentedRaftLogWorker: safeCacheEvictIndex: setUnconditionally 0 -> -1
2023-03-07 04:41:09,284 INFO  server.RaftServer$Division (RaftServerImpl.java:start(342)) - s10@group-AD39DEEC881B: start as a follower, conf=-1: peers:[s10|rpc:0.0.0.0:43353|dataStream:|priority:0|startupRole:FOLLOWER, s0|rpc:0.0.0.0:45573|dataStream:|priority:0|startupRole:FOLLOWER, s1|rpc:0.0.0.0:34621|dataStream:|priority:0|startupRole:FOLLOWER]|listeners:[], old=null
2023-03-07 04:41:09,284 INFO  server.RaftServer$Division (RaftServerImpl.java:setRole(329)) - s10@group-AD39DEEC881B: changes role from      null to FOLLOWER at term 0 for startAsFollower
2023-03-07 04:41:09,284 INFO  impl.RoleInfo (RoleInfo.java:updateAndGet(139)) - s10: start s10@group-AD39DEEC881B-FollowerState
2023-03-07 04:41:09,288 INFO  util.JmxRegister (JmxRegister.java:tryRegister(44)) - Successfully registered JMX Bean with object name Ratis:service=RaftServer,group=group-AD39DEEC881B,id=s10
2023-03-07 04:41:09,288 INFO  server.RaftServerConfigKeys (ConfUtils.java:logGet(46)) - raft.server.snapshot.auto.trigger.enabled = false (default)
2023-03-07 04:41:09,288 INFO  server.RaftServerConfigKeys (ConfUtils.java:logGet(46)) - raft.server.snapshot.retention.file.num = -1 (default)
2023-03-07 04:41:09,288 INFO  server.RaftServerConfigKeys (ConfUtils.java:logGet(46)) - raft.server.log.purge.upto.snapshot.index = false (default)
2023-03-07 04:41:09,288 INFO  server.RaftServerConfigKeys (ConfUtils.java:logFallback(53)) - raft.server.rpc.first-election.timeout.min = 300ms (fallback to raft.server.rpc.timeout.min)
2023-03-07 04:41:09,288 INFO  server.RaftServerConfigKeys (ConfUtils.java:logFallback(53)) - raft.server.rpc.first-election.timeout.max = 600ms (fallback to raft.server.rpc.timeout.max)
2023-03-07 04:41:09,301 INFO  server.RaftServerConfigKeys (ConfUtils.java:logGet(46)) - raft.server.rpc.timeout.max = 600ms (custom)
2023-03-07 04:41:09,301 INFO  ratis.RaftTestUtil (RaftTestUtil.java:waitForLeader(100)) - printing group-AD39DEEC881B
  s10:  RUNNING [
   FOLLOWER s10@group-AD39DEEC881B:t0, leader=null, voted=, raftlog=Memoized:s10@group-AD39DEEC881B-SegmentedRaftLog:OPENED:c-1, conf=-1: peers:[s10|rpc:0.0.0.0:43353|dataStream:|priority:0|startupRole:FOLLOWER, s0|rpc:0.0.0.0:45573|dataStream:|priority:0|startupRole:FOLLOWER, s1|rpc:0.0.0.0:34621|dataStream:|priority:0|startupRole:FOLLOWER]|listeners:[], old=null RUNNING
   FOLLOWER s10@group-FAA53D5BC7BE:t0, leader=null, voted=, raftlog=Memoized:s10@group-FAA53D5BC7BE-SegmentedRaftLog:OPENED:c-1, conf=-1: peers:[]|listeners:[], old=null STARTING] size=2
  s0:  RUNNING [
   FOLLOWER s0@group-AD39DEEC881B:t0, leader=null, voted=, raftlog=Memoized:s0@group-AD39DEEC881B-SegmentedRaftLog:OPENED:c-1, conf=-1: peers:[s10|rpc:0.0.0.0:43353|dataStream:|priority:0|startupRole:FOLLOWER, s0|rpc:0.0.0.0:45573|dataStream:|priority:0|startupRole:FOLLOWER, s1|rpc:0.0.0.0:34621|dataStream:|priority:0|startupRole:FOLLOWER]|listeners:[], old=null RUNNING
   FOLLOWER s0@group-FAA53D5BC7BE:t0, leader=null, voted=, raftlog=Memoized:s0@group-FAA53D5BC7BE-SegmentedRaftLog:OPENED:c-1, conf=-1: peers:[]|listeners:[], old=null STARTING] size=2
  s1:  RUNNING [
   FOLLOWER s1@group-AD39DEEC881B:t0, leader=null, voted=, raftlog=Memoized:s1@group-AD39DEEC881B-SegmentedRaftLog:OPENED:c-1, conf=-1: peers:[s10|rpc:0.0.0.0:43353|dataStream:|priority:0|startupRole:FOLLOWER, s0|rpc:0.0.0.0:45573|dataStream:|priority:0|startupRole:FOLLOWER, s1|rpc:0.0.0.0:34621|dataStream:|priority:0|startupRole:FOLLOWER]|listeners:[], old=null RUNNING
   FOLLOWER s1@group-FAA53D5BC7BE:t0, leader=null, voted=, raftlog=Memoized:s1@group-FAA53D5BC7BE-SegmentedRaftLog:OPENED:c-1, conf=-1: peers:[]|listeners:[], old=null STARTING] size=2
2023-03-07 04:41:09,302 WARN  ratis.RaftTestUtil (JavaUtils.java:attempt(217)) - FAILED "waitForLeader-group-AD39DEEC881B-(expectLeader? true)", attempt #1/100: java.lang.IllegalStateException: No leader yet  for group-AD39DEEC881B: printing group-AD39DEEC881B
  s10:  RUNNING [
   FOLLOWER s10@group-AD39DEEC881B:t0, leader=null, voted=, raftlog=Memoized:s10@group-AD39DEEC881B-SegmentedRaftLog:OPENED:c-1, conf=-1: peers:[s10|rpc:0.0.0.0:43353|dataStream:|priority:0|startupRole:FOLLOWER, s0|rpc:0.0.0.0:45573|dataStream:|priority:0|startupRole:FOLLOWER, s1|rpc:0.0.0.0:34621|dataStream:|priority:0|startupRole:FOLLOWER]|listeners:[], old=null RUNNING
   FOLLOWER s10@group-FAA53D5BC7BE:t0, leader=null, voted=, raftlog=Memoized:s10@group-FAA53D5BC7BE-SegmentedRaftLog:OPENED:c-1, conf=-1: peers:[]|listeners:[], old=null STARTING] size=2
  s0:  RUNNING [
   FOLLOWER s0@group-AD39DEEC881B:t0, leader=null, voted=, raftlog=Memoized:s0@group-AD39DEEC881B-SegmentedRaftLog:OPENED:c-1, conf=-1: peers:[s10|rpc:0.0.0.0:43353|dataStream:|priority:0|startupRole:FOLLOWER, s0|rpc:0.0.0.0:45573|dataStream:|priority:0|startupRole:FOLLOWER, s1|rpc:0.0.0.0:34621|dataStream:|priority:0|startupRole:FOLLOWER]|listeners:[], old=null RUNNING
   FOLLOWER s0@group-FAA53D5BC7BE:t0, leader=null, voted=, raftlog=Memoized:s0@group-FAA53D5BC7BE-SegmentedRaftLog:OPENED:c-1, conf=-1: peers:[]|listeners:[], old=null STARTING] size=2
  s1:  RUNNING [
   FOLLOWER s1@group-AD39DEEC881B:t0, leader=null, voted=, raftlog=Memoized:s1@group-AD39DEEC881B-SegmentedRaftLog:OPENED:c-1, conf=-1: peers:[s10|rpc:0.0.0.0:43353|dataStream:|priority:0|startupRole:FOLLOWER, s0|rpc:0.0.0.0:45573|dataStream:|priority:0|startupRole:FOLLOWER, s1|rpc:0.0.0.0:34621|dataStream:|priority:0|startupRole:FOLLOWER]|listeners:[], old=null RUNNING
   FOLLOWER s1@group-FAA53D5BC7BE:t0, leader=null, voted=, raftlog=Memoized:s1@group-FAA53D5BC7BE-SegmentedRaftLog:OPENED:c-1, conf=-1: peers:[]|listeners:[], old=null STARTING] size=2, sleep 900ms and then retry.
java.lang.IllegalStateException: No leader yet  for group-AD39DEEC881B: printing group-AD39DEEC881B
  s10:  RUNNING [
   FOLLOWER s10@group-AD39DEEC881B:t0, leader=null, voted=, raftlog=Memoized:s10@group-AD39DEEC881B-SegmentedRaftLog:OPENED:c-1, conf=-1: peers:[s10|rpc:0.0.0.0:43353|dataStream:|priority:0|startupRole:FOLLOWER, s0|rpc:0.0.0.0:45573|dataStream:|priority:0|startupRole:FOLLOWER, s1|rpc:0.0.0.0:34621|dataStream:|priority:0|startupRole:FOLLOWER]|listeners:[], old=null RUNNING
   FOLLOWER s10@group-FAA53D5BC7BE:t0, leader=null, voted=, raftlog=Memoized:s10@group-FAA53D5BC7BE-SegmentedRaftLog:OPENED:c-1, conf=-1: peers:[]|listeners:[], old=null STARTING] size=2
  s0:  RUNNING [
   FOLLOWER s0@group-AD39DEEC881B:t0, leader=null, voted=, raftlog=Memoized:s0@group-AD39DEEC881B-SegmentedRaftLog:OPENED:c-1, conf=-1: peers:[s10|rpc:0.0.0.0:43353|dataStream:|priority:0|startupRole:FOLLOWER, s0|rpc:0.0.0.0:45573|dataStream:|priority:0|startupRole:FOLLOWER, s1|rpc:0.0.0.0:34621|dataStream:|priority:0|startupRole:FOLLOWER]|listeners:[], old=null RUNNING
   FOLLOWER s0@group-FAA53D5BC7BE:t0, leader=null, voted=, raftlog=Memoized:s0@group-FAA53D5BC7BE-SegmentedRaftLog:OPENED:c-1, conf=-1: peers:[]|listeners:[], old=null STARTING] size=2
  s1:  RUNNING [
   FOLLOWER s1@group-AD39DEEC881B:t0, leader=null, voted=, raftlog=Memoized:s1@group-AD39DEEC881B-SegmentedRaftLog:OPENED:c-1, conf=-1: peers:[s10|rpc:0.0.0.0:43353|dataStream:|priority:0|startupRole:FOLLOWER, s0|rpc:0.0.0.0:45573|dataStream:|priority:0|startupRole:FOLLOWER, s1|rpc:0.0.0.0:34621|dataStream:|priority:0|startupRole:FOLLOWER]|listeners:[], old=null RUNNING
   FOLLOWER s1@group-FAA53D5BC7BE:t0, leader=null, voted=, raftlog=Memoized:s1@group-FAA53D5BC7BE-SegmentedRaftLog:OPENED:c-1, conf=-1: peers:[]|listeners:[], old=null STARTING] size=2
	at org.apache.ratis.server.impl.MiniRaftCluster.newIllegalStateExceptionForNoLeaders(MiniRaftCluster.java:581)
	at org.apache.ratis.RaftTestUtil.lambda$waitForLeader$1(RaftTestUtil.java:104)
	at org.apache.ratis.server.impl.MiniRaftCluster.getLeader(MiniRaftCluster.java:615)
	at org.apache.ratis.server.impl.MiniRaftCluster.getLeader(MiniRaftCluster.java:608)
	at org.apache.ratis.RaftTestUtil.lambda$waitForLeader$3(RaftTestUtil.java:112)
	at org.apache.ratis.util.JavaUtils.attempt(JavaUtils.java:211)
	at org.apache.ratis.util.JavaUtils.attemptRepeatedly(JavaUtils.java:197)
	at org.apache.ratis.RaftTestUtil.waitForLeader(RaftTestUtil.java:111)
	at org.apache.ratis.RaftTestUtil.waitForLeader(RaftTestUtil.java:92)
	at org.apache.ratis.server.impl.GroupManagementBaseTest.runMultiGroupTest(GroupManagementBaseTest.java:287)
	at org.apache.ratis.TestMultiRaftGroup.runTestMultiRaftGroup(TestMultiRaftGroup.java:73)
	at org.apache.ratis.TestMultiRaftGroup.runTestMultiRaftGroup(TestMultiRaftGroup.java:59)
	at org.apache.ratis.TestMultiRaftGroup.testMultiRaftGroup(TestMultiRaftGroup.java:55)
	at java.base/jdk.internal.reflect.NativeMethodAccessorImpl.invoke0(Native Method)
	at java.base/jdk.internal.reflect.NativeMethodAccessorImpl.invoke(NativeMethodAccessorImpl.java:62)
	at java.base/jdk.internal.reflect.DelegatingMethodAccessorImpl.invoke(DelegatingMethodAccessorImpl.java:43)
	at java.base/java.lang.reflect.Method.invoke(Method.java:566)
	at org.junit.runners.model.FrameworkMethod$1.runReflectiveCall(FrameworkMethod.java:59)
	at org.junit.internal.runners.model.ReflectiveCallable.run(ReflectiveCallable.java:12)
	at org.junit.runners.model.FrameworkMethod.invokeExplosively(FrameworkMethod.java:56)
	at org.junit.internal.runners.statements.InvokeMethod.evaluate(InvokeMethod.java:17)
	at org.junit.internal.runners.statements.RunAfters.evaluate(RunAfters.java:27)
	at org.junit.internal.runners.statements.FailOnTimeout$CallableStatement.call(FailOnTimeout.java:299)
	at org.junit.internal.runners.statements.FailOnTimeout$CallableStatement.call(FailOnTimeout.java:293)
	at java.base/java.util.concurrent.FutureTask.run(FutureTask.java:264)
	at java.base/java.lang.Thread.run(Thread.java:829)
2023-03-07 04:41:09,624 INFO  impl.FollowerState (FollowerState.java:run(143)) - s10@group-AD39DEEC881B-FollowerState: change to CANDIDATE, lastRpcElapsedTime:340164480ns, electionTimeout:336ms
2023-03-07 04:41:09,624 INFO  impl.RoleInfo (RoleInfo.java:shutdownFollowerState(110)) - s10: shutdown s10@group-AD39DEEC881B-FollowerState
2023-03-07 04:41:09,624 INFO  server.RaftServer$Division (RaftServerImpl.java:setRole(329)) - s10@group-AD39DEEC881B: changes role from  FOLLOWER to CANDIDATE at term 0 for changeToCandidate
2023-03-07 04:41:09,625 INFO  server.RaftServerConfigKeys (ConfUtils.java:logGet(46)) - raft.server.leaderelection.pre-vote = true (default)
2023-03-07 04:41:09,625 INFO  impl.RoleInfo (RoleInfo.java:updateAndGet(139)) - s10: start s10@group-AD39DEEC881B-LeaderElection11
2023-03-07 04:41:09,627 INFO  impl.LeaderElection (LeaderElection.java:askForVotes(309)) - s10@group-AD39DEEC881B-LeaderElection11 PRE_VOTE round 0: submit vote requests at term 0 for -1: peers:[s10|rpc:0.0.0.0:43353|dataStream:|priority:0|startupRole:FOLLOWER, s0|rpc:0.0.0.0:45573|dataStream:|priority:0|startupRole:FOLLOWER, s1|rpc:0.0.0.0:34621|dataStream:|priority:0|startupRole:FOLLOWER]|listeners:[], old=null
2023-03-07 04:41:09,628 INFO  server.RaftServerConfigKeys (ConfUtils.java:logFallback(53)) - raft.server.rpc.first-election.timeout.min = 300ms (fallback to raft.server.rpc.timeout.min)
2023-03-07 04:41:09,628 INFO  server.RaftServerConfigKeys (ConfUtils.java:logFallback(53)) - raft.server.rpc.first-election.timeout.max = 600ms (fallback to raft.server.rpc.timeout.max)
2023-03-07 04:41:09,636 INFO  logging.LoggingHandler (AbstractInternalLogger.java:log(148)) - [id: 0x5212874d, L:/0.0.0.0:45573] READ: [id: 0xbf4d00db, L:/10.1.0.7:45573 - R:/10.1.0.7:50426]
2023-03-07 04:41:09,640 INFO  logging.LoggingHandler (AbstractInternalLogger.java:log(148)) - [id: 0x5212874d, L:/0.0.0.0:45573] READ COMPLETE
2023-03-07 04:41:09,644 INFO  logging.LoggingHandler (AbstractInternalLogger.java:log(148)) - [id: 0x8e7d1ea5, L:/0.0.0.0:34621] READ: [id: 0x3730b0a7, L:/10.1.0.7:34621 - R:/10.1.0.7:37248]
2023-03-07 04:41:09,644 INFO  logging.LoggingHandler (AbstractInternalLogger.java:log(148)) - [id: 0x8e7d1ea5, L:/0.0.0.0:34621] READ COMPLETE
2023-03-07 04:41:09,647 INFO  impl.FollowerState (FollowerState.java:run(143)) - s0@group-AD39DEEC881B-FollowerState: change to CANDIDATE, lastRpcElapsedTime:473969111ns, electionTimeout:473ms
2023-03-07 04:41:09,647 INFO  impl.RoleInfo (RoleInfo.java:shutdownFollowerState(110)) - s0: shutdown s0@group-AD39DEEC881B-FollowerState
2023-03-07 04:41:09,647 INFO  server.RaftServer$Division (RaftServerImpl.java:setRole(329)) - s0@group-AD39DEEC881B: changes role from  FOLLOWER to CANDIDATE at term 0 for changeToCandidate
2023-03-07 04:41:09,647 INFO  server.RaftServerConfigKeys (ConfUtils.java:logGet(46)) - raft.server.leaderelection.pre-vote = true (default)
2023-03-07 04:41:09,647 INFO  impl.RoleInfo (RoleInfo.java:updateAndGet(139)) - s0: start s0@group-AD39DEEC881B-LeaderElection12
2023-03-07 04:41:09,649 INFO  impl.LeaderElection (LeaderElection.java:askForVotes(309)) - s0@group-AD39DEEC881B-LeaderElection12 PRE_VOTE round 0: submit vote requests at term 0 for -1: peers:[s10|rpc:0.0.0.0:43353|dataStream:|priority:0|startupRole:FOLLOWER, s0|rpc:0.0.0.0:45573|dataStream:|priority:0|startupRole:FOLLOWER, s1|rpc:0.0.0.0:34621|dataStream:|priority:0|startupRole:FOLLOWER]|listeners:[], old=null
2023-03-07 04:41:09,649 INFO  server.RaftServer$Division (RaftServerImpl.java:requestVote(1302)) - s0@group-AD39DEEC881B: receive requestVote(PRE_VOTE, s10, group-AD39DEEC881B, 0, (t:0, i:0))
2023-03-07 04:41:09,649 INFO  impl.VoteContext (VoteContext.java:log(49)) - s0@group-AD39DEEC881B-CANDIDATE: accept PRE_VOTE from s10: our priority 0 <= candidate's priority 0
2023-03-07 04:41:09,649 INFO  server.RaftServer$Division (RaftServerImpl.java:requestVote(1335)) - s0@group-AD39DEEC881B replies to PRE_VOTE vote request: s10<-s0#0:OK-t0. Peer's state: s0@group-AD39DEEC881B:t0, leader=null, voted=, raftlog=Memoized:s0@group-AD39DEEC881B-SegmentedRaftLog:OPENED:c-1, conf=-1: peers:[s10|rpc:0.0.0.0:43353|dataStream:|priority:0|startupRole:FOLLOWER, s0|rpc:0.0.0.0:45573|dataStream:|priority:0|startupRole:FOLLOWER, s1|rpc:0.0.0.0:34621|dataStream:|priority:0|startupRole:FOLLOWER]|listeners:[], old=null
2023-03-07 04:41:09,649 INFO  server.RaftServer$Division (RaftServerImpl.java:requestVote(1302)) - s1@group-AD39DEEC881B: receive requestVote(PRE_VOTE, s10, group-AD39DEEC881B, 0, (t:0, i:0))
2023-03-07 04:41:09,649 INFO  impl.VoteContext (VoteContext.java:log(49)) - s1@group-AD39DEEC881B-FOLLOWER: accept PRE_VOTE from s10: our priority 0 <= candidate's priority 0
2023-03-07 04:41:09,649 INFO  server.RaftServer$Division (RaftServerImpl.java:requestVote(1335)) - s1@group-AD39DEEC881B replies to PRE_VOTE vote request: s10<-s1#0:OK-t0. Peer's state: s1@group-AD39DEEC881B:t0, leader=null, voted=, raftlog=Memoized:s1@group-AD39DEEC881B-SegmentedRaftLog:OPENED:c-1, conf=-1: peers:[s10|rpc:0.0.0.0:43353|dataStream:|priority:0|startupRole:FOLLOWER, s0|rpc:0.0.0.0:45573|dataStream:|priority:0|startupRole:FOLLOWER, s1|rpc:0.0.0.0:34621|dataStream:|priority:0|startupRole:FOLLOWER]|listeners:[], old=null
2023-03-07 04:41:09,652 INFO  impl.LeaderElection (LeaderElection.java:logAndReturn(89)) - s10@group-AD39DEEC881B-LeaderElection11: PRE_VOTE PASSED received 1 response(s) and 0 exception(s):
2023-03-07 04:41:09,652 INFO  impl.LeaderElection (LeaderElection.java:logAndReturn(93)) -   Response 0: s10<-s0#0:OK-t0
2023-03-07 04:41:09,652 INFO  server.RaftServerConfigKeys (ConfUtils.java:logFallback(53)) - raft.server.rpc.first-election.timeout.min = 300ms (fallback to raft.server.rpc.timeout.min)
2023-03-07 04:41:09,652 INFO  server.RaftServerConfigKeys (ConfUtils.java:logFallback(53)) - raft.server.rpc.first-election.timeout.max = 600ms (fallback to raft.server.rpc.timeout.max)
2023-03-07 04:41:09,652 INFO  impl.LeaderElection (LeaderElection.java:askForVotes(311)) - s10@group-AD39DEEC881B-LeaderElection11 PRE_VOTE round 0: result PASSED
2023-03-07 04:41:09,654 INFO  impl.LeaderElection (LeaderElection.java:askForVotes(309)) - s10@group-AD39DEEC881B-LeaderElection11 ELECTION round 0: submit vote requests at term 1 for -1: peers:[s10|rpc:0.0.0.0:43353|dataStream:|priority:0|startupRole:FOLLOWER, s0|rpc:0.0.0.0:45573|dataStream:|priority:0|startupRole:FOLLOWER, s1|rpc:0.0.0.0:34621|dataStream:|priority:0|startupRole:FOLLOWER]|listeners:[], old=null
2023-03-07 04:41:09,655 INFO  logging.LoggingHandler (AbstractInternalLogger.java:log(148)) - [id: 0x8e7d1ea5, L:/0.0.0.0:34621] READ: [id: 0x01a99623, L:/10.1.0.7:34621 - R:/10.1.0.7:37258]
2023-03-07 04:41:09,655 INFO  server.RaftServerConfigKeys (ConfUtils.java:logFallback(53)) - raft.server.rpc.first-election.timeout.min = 300ms (fallback to raft.server.rpc.timeout.min)
2023-03-07 04:41:09,656 INFO  server.RaftServerConfigKeys (ConfUtils.java:logFallback(53)) - raft.server.rpc.first-election.timeout.max = 600ms (fallback to raft.server.rpc.timeout.max)
2023-03-07 04:41:09,656 INFO  server.RaftServer$Division (RaftServerImpl.java:requestVote(1302)) - s1@group-AD39DEEC881B: receive requestVote(ELECTION, s10, group-AD39DEEC881B, 1, (t:0, i:0))
2023-03-07 04:41:09,656 INFO  impl.VoteContext (VoteContext.java:log(49)) - s1@group-AD39DEEC881B-FOLLOWER: accept ELECTION from s10: our priority 0 <= candidate's priority 0
2023-03-07 04:41:09,656 INFO  server.RaftServer$Division (RaftServerImpl.java:setRole(329)) - s1@group-AD39DEEC881B: changes role from  FOLLOWER to FOLLOWER at term 1 for candidate:s10
2023-03-07 04:41:09,656 INFO  impl.RoleInfo (RoleInfo.java:shutdownFollowerState(110)) - s1: shutdown s1@group-AD39DEEC881B-FollowerState
2023-03-07 04:41:09,656 INFO  impl.RoleInfo (RoleInfo.java:updateAndGet(139)) - s1: start s1@group-AD39DEEC881B-FollowerState
2023-03-07 04:41:09,656 INFO  impl.FollowerState (FollowerState.java:run(152)) - s1@group-AD39DEEC881B-FollowerState was interrupted
2023-03-07 04:41:09,657 INFO  server.RaftServerConfigKeys (ConfUtils.java:logFallback(53)) - raft.server.rpc.first-election.timeout.min = 300ms (fallback to raft.server.rpc.timeout.min)
2023-03-07 04:41:09,660 INFO  logging.LoggingHandler (AbstractInternalLogger.java:log(148)) - [id: 0x8e7d1ea5, L:/0.0.0.0:34621] READ COMPLETE
2023-03-07 04:41:09,660 INFO  server.RaftServerConfigKeys (ConfUtils.java:logFallback(53)) - raft.server.rpc.first-election.timeout.max = 600ms (fallback to raft.server.rpc.timeout.max)
2023-03-07 04:41:09,661 INFO  server.RaftServer$Division (RaftServerImpl.java:requestVote(1335)) - s1@group-AD39DEEC881B replies to ELECTION vote request: s10<-s1#0:OK-t1. Peer's state: s1@group-AD39DEEC881B:t1, leader=null, voted=s10, raftlog=Memoized:s1@group-AD39DEEC881B-SegmentedRaftLog:OPENED:c-1, conf=-1: peers:[s10|rpc:0.0.0.0:43353|dataStream:|priority:0|startupRole:FOLLOWER, s0|rpc:0.0.0.0:45573|dataStream:|priority:0|startupRole:FOLLOWER, s1|rpc:0.0.0.0:34621|dataStream:|priority:0|startupRole:FOLLOWER]|listeners:[], old=null
2023-03-07 04:41:09,661 INFO  server.RaftServer$Division (RaftServerImpl.java:requestVote(1302)) - s0@group-AD39DEEC881B: receive requestVote(ELECTION, s10, group-AD39DEEC881B, 1, (t:0, i:0))
2023-03-07 04:41:09,663 INFO  impl.VoteContext (VoteContext.java:log(49)) - s0@group-AD39DEEC881B-CANDIDATE: accept ELECTION from s10: our priority 0 <= candidate's priority 0
2023-03-07 04:41:09,663 INFO  server.RaftServer$Division (RaftServerImpl.java:setRole(329)) - s0@group-AD39DEEC881B: changes role from CANDIDATE to FOLLOWER at term 1 for candidate:s10
2023-03-07 04:41:09,663 INFO  impl.RoleInfo (RoleInfo.java:shutdownLeaderElection(130)) - s0: shutdown s0@group-AD39DEEC881B-LeaderElection12
2023-03-07 04:41:09,663 INFO  impl.RoleInfo (RoleInfo.java:updateAndGet(139)) - s0: start s0@group-AD39DEEC881B-FollowerState
2023-03-07 04:41:09,663 INFO  server.RaftServerConfigKeys (ConfUtils.java:logFallback(53)) - raft.server.rpc.first-election.timeout.min = 300ms (fallback to raft.server.rpc.timeout.min)
2023-03-07 04:41:09,663 INFO  server.RaftServerConfigKeys (ConfUtils.java:logFallback(53)) - raft.server.rpc.first-election.timeout.max = 600ms (fallback to raft.server.rpc.timeout.max)
2023-03-07 04:41:09,665 INFO  impl.LeaderElection (LeaderElection.java:logAndReturn(89)) - s10@group-AD39DEEC881B-LeaderElection11: ELECTION PASSED received 1 response(s) and 0 exception(s):
2023-03-07 04:41:09,665 INFO  impl.LeaderElection (LeaderElection.java:logAndReturn(93)) -   Response 0: s10<-s1#0:OK-t1
2023-03-07 04:41:09,665 INFO  impl.LeaderElection (LeaderElection.java:askForVotes(311)) - s10@group-AD39DEEC881B-LeaderElection11 ELECTION round 0: result PASSED
2023-03-07 04:41:09,666 INFO  impl.RoleInfo (RoleInfo.java:shutdownLeaderElection(130)) - s10: shutdown s10@group-AD39DEEC881B-LeaderElection11
2023-03-07 04:41:09,666 INFO  server.RaftServer$Division (RaftServerImpl.java:setRole(329)) - s10@group-AD39DEEC881B: changes role from CANDIDATE to LEADER at term 1 for changeToLeader
2023-03-07 04:41:09,666 INFO  server.RaftServer$Division (ServerState.java:setLeader(260)) - s10@group-AD39DEEC881B: change Leader from null to s10 at term 1 for becomeLeader, leader elected after 401ms
2023-03-07 04:41:09,666 INFO  server.RaftServerConfigKeys (ConfUtils.java:logGet(46)) - raft.server.staging.catchup.gap = 1000 (default)
2023-03-07 04:41:09,666 INFO  server.RaftServerConfigKeys (ConfUtils.java:logGet(46)) - raft.server.write.element-limit = 4096 (default)
2023-03-07 04:41:09,666 INFO  server.RaftServerConfigKeys (ConfUtils.java:logGet(46)) - raft.server.write.byte-limit = 64MB (=67108864) (default)
2023-03-07 04:41:09,666 INFO  server.RaftServerConfigKeys (ConfUtils.java:logGet(46)) - raft.server.watch.timeout = 10s (default)
2023-03-07 04:41:09,666 INFO  server.RaftServerConfigKeys (ConfUtils.java:logGet(46)) - raft.server.watch.timeout.denomination = 1s (default)
2023-03-07 04:41:09,666 INFO  server.RaftServerConfigKeys (ConfUtils.java:logGet(46)) - raft.server.watch.element-limit = 65536 (default)
2023-03-07 04:41:09,666 INFO  server.RaftServerConfigKeys (ConfUtils.java:logGet(46)) - raft.server.write.element-limit = 4096 (default)
2023-03-07 04:41:09,666 INFO  server.RaftServerConfigKeys (ConfUtils.java:logGet(46)) - raft.server.write.follower.gap.ratio.max = -1.0 (default)
2023-03-07 04:41:09,666 INFO  server.RaftServerConfigKeys (ConfUtils.java:logGet(46)) - raft.server.log.appender.snapshot.chunk.size.max = 16MB (=16777216) (default)
2023-03-07 04:41:09,666 INFO  server.RaftServerConfigKeys (ConfUtils.java:logGet(46)) - raft.server.log.appender.buffer.byte-limit = 4MB (=4194304) (default)
2023-03-07 04:41:09,666 INFO  server.RaftServerConfigKeys (ConfUtils.java:logGet(46)) - raft.server.log.appender.buffer.element-limit = 0 (default)
2023-03-07 04:41:09,666 INFO  server.RaftServerConfigKeys (ConfUtils.java:logGet(46)) - raft.server.log.appender.wait-time.min = 10ms (default)
2023-03-07 04:41:09,667 INFO  server.RaftServerConfigKeys (ConfUtils.java:logGet(46)) - raft.server.log.appender.snapshot.chunk.size.max = 16MB (=16777216) (default)
2023-03-07 04:41:09,667 INFO  server.RaftServerConfigKeys (ConfUtils.java:logGet(46)) - raft.server.log.appender.buffer.byte-limit = 4MB (=4194304) (default)
2023-03-07 04:41:09,667 INFO  server.RaftServerConfigKeys (ConfUtils.java:logGet(46)) - raft.server.log.appender.buffer.element-limit = 0 (default)
2023-03-07 04:41:09,667 INFO  server.RaftServerConfigKeys (ConfUtils.java:logGet(46)) - raft.server.log.appender.wait-time.min = 10ms (default)
2023-03-07 04:41:09,667 INFO  impl.RoleInfo (RoleInfo.java:updateAndGet(139)) - s10: start s10@group-AD39DEEC881B-LeaderStateImpl
2023-03-07 04:41:09,667 INFO  segmented.SegmentedRaftLogWorker (SegmentedRaftLogWorker.java:startLogSegment(426)) - s10@group-AD39DEEC881B-SegmentedRaftLogWorker: Starting segment from index:0
2023-03-07 04:41:09,671 INFO  server.RaftServer$Division (RaftServerImpl.java:requestVote(1335)) - s0@group-AD39DEEC881B replies to ELECTION vote request: s10<-s0#0:OK-t1. Peer's state: s0@group-AD39DEEC881B:t1, leader=null, voted=s10, raftlog=Memoized:s0@group-AD39DEEC881B-SegmentedRaftLog:OPENED:c-1, conf=-1: peers:[s10|rpc:0.0.0.0:43353|dataStream:|priority:0|startupRole:FOLLOWER, s0|rpc:0.0.0.0:45573|dataStream:|priority:0|startupRole:FOLLOWER, s1|rpc:0.0.0.0:34621|dataStream:|priority:0|startupRole:FOLLOWER]|listeners:[], old=null
2023-03-07 04:41:09,673 INFO  server.RaftServer$Division (ServerState.java:setLeader(260)) - s1@group-AD39DEEC881B: change Leader from null to s10 at term 1 for appendEntries, leader elected after 442ms
2023-03-07 04:41:09,674 INFO  server.RaftServer$Division (ServerState.java:setLeader(260)) - s0@group-AD39DEEC881B: change Leader from null to s10 at term 1 for appendEntries, leader elected after 513ms
2023-03-07 04:41:09,674 INFO  server.RaftServer$Division (ServerState.java:setRaftConf(378)) - s10@group-AD39DEEC881B: set configuration 0: peers:[s10|rpc:0.0.0.0:43353|dataStream:|priority:0|startupRole:FOLLOWER, s0|rpc:0.0.0.0:45573|dataStream:|priority:0|startupRole:FOLLOWER, s1|rpc:0.0.0.0:34621|dataStream:|priority:0|startupRole:FOLLOWER]|listeners:[], old=null
2023-03-07 04:41:09,676 INFO  server.RaftServer$Division (RaftServerImpl.java:requestVote(1302)) - s1@group-AD39DEEC881B: receive requestVote(PRE_VOTE, s0, group-AD39DEEC881B, 0, (t:0, i:0))
2023-03-07 04:41:09,676 INFO  logging.LoggingHandler (AbstractInternalLogger.java:log(148)) - [id: 0x09e3f7d5, L:/0.0.0.0:43353] READ: [id: 0xdfc44fa2, L:/10.1.0.7:43353 - R:/10.1.0.7:49788]
2023-03-07 04:41:09,676 INFO  impl.VoteContext (VoteContext.java:log(49)) - s1@group-AD39DEEC881B-FOLLOWER: reject PRE_VOTE from s0: this server is a follower and still has a valid leader s10
2023-03-07 04:41:09,676 INFO  server.RaftServer$Division (RaftServerImpl.java:requestVote(1335)) - s1@group-AD39DEEC881B replies to PRE_VOTE vote request: s0<-s1#0:FAIL-t1. Peer's state: s1@group-AD39DEEC881B:t1, leader=s10, voted=s10, raftlog=Memoized:s1@group-AD39DEEC881B-SegmentedRaftLog:OPENED:c-1, conf=-1: peers:[s10|rpc:0.0.0.0:43353|dataStream:|priority:0|startupRole:FOLLOWER, s0|rpc:0.0.0.0:45573|dataStream:|priority:0|startupRole:FOLLOWER, s1|rpc:0.0.0.0:34621|dataStream:|priority:0|startupRole:FOLLOWER]|listeners:[], old=null
2023-03-07 04:41:09,677 INFO  logging.LoggingHandler (AbstractInternalLogger.java:log(148)) - [id: 0x09e3f7d5, L:/0.0.0.0:43353] READ COMPLETE
2023-03-07 04:41:09,677 INFO  segmented.SegmentedRaftLogWorker (SegmentedRaftLogWorker.java:execute(630)) - s10@group-AD39DEEC881B-SegmentedRaftLogWorker: created new log segment /home/runner/work/ratis/ratis/ratis-examples/target/test/data/fa33b8e4/MiniRaftClusterWithNettye7083e71/s10/8583405c-e8d3-4d12-8b74-ad39deec881b/current/log_inprogress_0
2023-03-07 04:41:09,678 INFO  impl.LeaderElection (LeaderElection.java:logAndReturn(89)) - s0@group-AD39DEEC881B-LeaderElection12: PRE_VOTE DISCOVERED_A_NEW_TERM (term=1) received 1 response(s) and 0 exception(s):
2023-03-07 04:41:09,678 INFO  impl.LeaderElection (LeaderElection.java:logAndReturn(93)) -   Response 0: s0<-s1#0:FAIL-t1
2023-03-07 04:41:09,678 INFO  impl.LeaderElection (LeaderElection.java:askForVotes(311)) - s0@group-AD39DEEC881B-LeaderElection12 PRE_VOTE round 0: result DISCOVERED_A_NEW_TERM (term=1)
2023-03-07 04:41:09,680 DEBUG server.RaftServer$Division (RaftServerImpl.java:logAppendEntries(1429)) - s0@group-AD39DEEC881B: receive appendEntries(s10, 1, null, -1, true, commits:[s10:c-1, s0:c-1, s1:c-1], cId:4792, entries: [(t:1, i:0), CONFIGURATIONENTRY(current:id: "s10"
address: "0.0.0.0:43353"
clientAddress: "0.0.0.0:43353"
adminAddress: "0.0.0.0:43353"
startupRole: FOLLOWER
,id: "s0"
address: "0.0.0.0:45573"
clientAddress: "0.0.0.0:45573"
adminAddress: "0.0.0.0:45573"
startupRole: FOLLOWER
,id: "s1"
address: "0.0.0.0:34621"
clientAddress: "0.0.0.0:34621"
adminAddress: "0.0.0.0:34621"
startupRole: FOLLOWER
, old:)]
2023-03-07 04:41:09,680 INFO  server.RaftServer$Division (RaftServerImpl.java:requestVote(1302)) - s10@group-AD39DEEC881B: receive requestVote(PRE_VOTE, s0, group-AD39DEEC881B, 0, (t:0, i:0))
2023-03-07 04:41:09,681 INFO  impl.VoteContext (VoteContext.java:log(49)) - s10@group-AD39DEEC881B-LEADER: reject PRE_VOTE from s0: this server is the leader and still has leadership
2023-03-07 04:41:09,681 INFO  server.RaftServer$Division (RaftServerImpl.java:requestVote(1335)) - s10@group-AD39DEEC881B replies to PRE_VOTE vote request: s0<-s10#0:FAIL-t1. Peer's state: s10@group-AD39DEEC881B:t1, leader=s10, voted=s10, raftlog=Memoized:s10@group-AD39DEEC881B-SegmentedRaftLog:OPENED:c-1, conf=0: peers:[s10|rpc:0.0.0.0:43353|dataStream:|priority:0|startupRole:FOLLOWER, s0|rpc:0.0.0.0:45573|dataStream:|priority:0|startupRole:FOLLOWER, s1|rpc:0.0.0.0:34621|dataStream:|priority:0|startupRole:FOLLOWER]|listeners:[], old=null
2023-03-07 04:41:09,683 INFO  server.RaftServer$Division (ServerState.java:setRaftConf(378)) - s0@group-AD39DEEC881B: set configuration 0: peers:[s10|rpc:0.0.0.0:43353|dataStream:|priority:0|startupRole:FOLLOWER, s0|rpc:0.0.0.0:45573|dataStream:|priority:0|startupRole:FOLLOWER, s1|rpc:0.0.0.0:34621|dataStream:|priority:0|startupRole:FOLLOWER]|listeners:[], old=null
2023-03-07 04:41:09,683 INFO  segmented.SegmentedRaftLogWorker (SegmentedRaftLogWorker.java:startLogSegment(426)) - s0@group-AD39DEEC881B-SegmentedRaftLogWorker: Starting segment from index:0
2023-03-07 04:41:09,686 DEBUG server.RaftServer$Division (RaftServerImpl.java:logAppendEntries(1429)) - s1@group-AD39DEEC881B: receive appendEntries(s10, 1, null, -1, true, commits:[s10:c-1, s0:c-1, s1:c-1], cId:4793, entries: [(t:1, i:0), CONFIGURATIONENTRY(current:id: "s10"
address: "0.0.0.0:43353"
clientAddress: "0.0.0.0:43353"
adminAddress: "0.0.0.0:43353"
startupRole: FOLLOWER
,id: "s0"
address: "0.0.0.0:45573"
clientAddress: "0.0.0.0:45573"
adminAddress: "0.0.0.0:45573"
startupRole: FOLLOWER
,id: "s1"
address: "0.0.0.0:34621"
clientAddress: "0.0.0.0:34621"
adminAddress: "0.0.0.0:34621"
startupRole: FOLLOWER
, old:)]
2023-03-07 04:41:09,686 INFO  server.RaftServer$Division (ServerState.java:setRaftConf(378)) - s1@group-AD39DEEC881B: set configuration 0: peers:[s10|rpc:0.0.0.0:43353|dataStream:|priority:0|startupRole:FOLLOWER, s0|rpc:0.0.0.0:45573|dataStream:|priority:0|startupRole:FOLLOWER, s1|rpc:0.0.0.0:34621|dataStream:|priority:0|startupRole:FOLLOWER]|listeners:[], old=null
2023-03-07 04:41:09,686 INFO  segmented.SegmentedRaftLogWorker (SegmentedRaftLogWorker.java:startLogSegment(426)) - s1@group-AD39DEEC881B-SegmentedRaftLogWorker: Starting segment from index:0
2023-03-07 04:41:09,698 INFO  segmented.SegmentedRaftLogWorker (SegmentedRaftLogWorker.java:execute(630)) - s0@group-AD39DEEC881B-SegmentedRaftLogWorker: created new log segment /home/runner/work/ratis/ratis/ratis-examples/target/test/data/fa33b8e4/MiniRaftClusterWithNettye7083e71/s0/8583405c-e8d3-4d12-8b74-ad39deec881b/current/log_inprogress_0
2023-03-07 04:41:09,698 DEBUG server.RaftServer$Division (RaftServerImpl.java:logAppendEntries(1429)) - s0@group-AD39DEEC881B: succeeded to handle AppendEntries. Reply: s10<-s0#4792:OK-t1,SUCCESS,nextIndex=1,followerCommit=-1,matchIndex=0
2023-03-07 04:41:09,698 INFO  segmented.SegmentedRaftLogWorker (SegmentedRaftLogWorker.java:execute(630)) - s1@group-AD39DEEC881B-SegmentedRaftLogWorker: created new log segment /home/runner/work/ratis/ratis/ratis-examples/target/test/data/fa33b8e4/MiniRaftClusterWithNettye7083e71/s1/8583405c-e8d3-4d12-8b74-ad39deec881b/current/log_inprogress_0
2023-03-07 04:41:09,699 DEBUG server.RaftServer$Division (RaftServerImpl.java:logAppendEntries(1429)) - s1@group-AD39DEEC881B: succeeded to handle AppendEntries. Reply: s10<-s1#4793:OK-t1,SUCCESS,nextIndex=1,followerCommit=-1,matchIndex=0
2023-03-07 04:41:10,202 INFO  ratis.RaftTestUtil (RaftTestUtil.java:waitForLeader(119)) - printing group-AD39DEEC881B
  s10:  RUNNING [
     LEADER s10@group-AD39DEEC881B:t1, leader=s10, voted=s10, raftlog=Memoized:s10@group-AD39DEEC881B-SegmentedRaftLog:OPENED:c0, conf=0: peers:[s10|rpc:0.0.0.0:43353|dataStream:|priority:0|startupRole:FOLLOWER, s0|rpc:0.0.0.0:45573|dataStream:|priority:0|startupRole:FOLLOWER, s1|rpc:0.0.0.0:34621|dataStream:|priority:0|startupRole:FOLLOWER]|listeners:[], old=null RUNNING
   FOLLOWER s10@group-FAA53D5BC7BE:t0, leader=null, voted=, raftlog=Memoized:s10@group-FAA53D5BC7BE-SegmentedRaftLog:OPENED:c-1, conf=-1: peers:[]|listeners:[], old=null STARTING] size=2
  s0:  RUNNING [
   FOLLOWER s0@group-AD39DEEC881B:t1, leader=s10, voted=s10, raftlog=Memoized:s0@group-AD39DEEC881B-SegmentedRaftLog:OPENED:c0, conf=0: peers:[s10|rpc:0.0.0.0:43353|dataStream:|priority:0|startupRole:FOLLOWER, s0|rpc:0.0.0.0:45573|dataStream:|priority:0|startupRole:FOLLOWER, s1|rpc:0.0.0.0:34621|dataStream:|priority:0|startupRole:FOLLOWER]|listeners:[], old=null RUNNING
   FOLLOWER s0@group-FAA53D5BC7BE:t0, leader=null, voted=, raftlog=Memoized:s0@group-FAA53D5BC7BE-SegmentedRaftLog:OPENED:c-1, conf=-1: peers:[]|listeners:[], old=null STARTING] size=2
  s1:  RUNNING [
   FOLLOWER s1@group-AD39DEEC881B:t1, leader=s10, voted=s10, raftlog=Memoized:s1@group-AD39DEEC881B-SegmentedRaftLog:OPENED:c0, conf=0: peers:[s10|rpc:0.0.0.0:43353|dataStream:|priority:0|startupRole:FOLLOWER, s0|rpc:0.0.0.0:45573|dataStream:|priority:0|startupRole:FOLLOWER, s1|rpc:0.0.0.0:34621|dataStream:|priority:0|startupRole:FOLLOWER]|listeners:[], old=null RUNNING
   FOLLOWER s1@group-FAA53D5BC7BE:t0, leader=null, voted=, raftlog=Memoized:s1@group-FAA53D5BC7BE-SegmentedRaftLog:OPENED:c-1, conf=-1: peers:[]|listeners:[], old=null STARTING] size=2
2023-03-07 04:41:10,205 INFO  logging.LoggingHandler (AbstractInternalLogger.java:log(148)) - [id: 0x09e3f7d5, L:/0.0.0.0:43353] READ: [id: 0x989854de, L:/10.1.0.7:43353 - R:/10.1.0.7:49800]
2023-03-07 04:41:10,206 INFO  logging.LoggingHandler (AbstractInternalLogger.java:log(148)) - [id: 0x09e3f7d5, L:/0.0.0.0:43353] READ COMPLETE
2023-03-07 04:41:10,210 DEBUG server.RaftServer$Division (RaftServerImpl.java:submitClientRequestAsync(832)) - s10@group-AD39DEEC881B: receive client request(RaftClientRequest:client-74E486EA5940->s10@group-AD39DEEC881B, cid=4806, seq=0, RW, Message:01016102400800000000...(size=12))
2023-03-07 04:41:10,210 DEBUG server.RaftServer$Division (LeaderStateImpl.java:addPendingRequest(474)) - s10@group-AD39DEEC881B-LeaderStateImpl: addPendingRequest at RaftClientRequest:client-74E486EA5940->s10@group-AD39DEEC881B, cid=4806, seq=0, RW, Message:01016102400800000000...(size=12), entry=(t:1, i:1), STATEMACHINELOGENTRY, 4806@client-74E486EA5940
2023-03-07 04:41:10,211 DEBUG server.RaftServer$Division (RaftServerImpl.java:logAppendEntries(1429)) - s0@group-AD39DEEC881B: receive appendEntries(s10, 1, (t:1, i:0), 0, true, commits:[s10:c0, s0:c0, s1:c0], cId:4808, entries: [(t:1, i:1), STATEMACHINELOGENTRY, 4806@client-74E486EA5940]
2023-03-07 04:41:10,211 DEBUG server.RaftServer$Division (RaftServerImpl.java:logAppendEntries(1429)) - s1@group-AD39DEEC881B: receive appendEntries(s10, 1, (t:1, i:0), 0, true, commits:[s10:c0, s0:c0, s1:c0], cId:4807, entries: [(t:1, i:1), STATEMACHINELOGENTRY, 4806@client-74E486EA5940]
2023-03-07 04:41:10,214 DEBUG server.RaftServer$Division (RaftServerImpl.java:logAppendEntries(1429)) - s0@group-AD39DEEC881B: succeeded to handle AppendEntries. Reply: s10<-s0#4808:OK-t1,SUCCESS,nextIndex=2,followerCommit=0,matchIndex=1
2023-03-07 04:41:10,214 DEBUG server.RaftServer$Division (RaftServerImpl.java:logAppendEntries(1429)) - s1@group-AD39DEEC881B: succeeded to handle AppendEntries. Reply: s10<-s1#4807:OK-t1,SUCCESS,nextIndex=2,followerCommit=0,matchIndex=1
2023-03-07 04:41:10,214 INFO  statemachine.StateMachine (ArithmeticStateMachine.java:applyTransaction(182)) - LEADER:s10-1: a = 3 = 3
2023-03-07 04:41:10,215 DEBUG server.RaftServer$Division (RaftServerImpl.java:logAppendEntries(1429)) - s1@group-AD39DEEC881B: receive appendEntries(s10, 1, (t:1, i:1), 1, true, commits:[s10:c1, s0:c0, s1:c0], cId:4809, entries: [(t:1, i:2), METADATAENTRY(c:1)]
2023-03-07 04:41:10,215 DEBUG server.RaftServer$Division (RaftServerImpl.java:logAppendEntries(1429)) - s0@group-AD39DEEC881B: receive appendEntries(s10, 1, (t:1, i:1), 1, true, commits:[s10:c1, s0:c0, s1:c0], cId:4810, entries: [(t:1, i:2), METADATAENTRY(c:1)]
2023-03-07 04:41:10,216 DEBUG server.RaftServer$Division (RaftServerImpl.java:logAppendEntries(1429)) - s1@group-AD39DEEC881B: succeeded to handle AppendEntries. Reply: s10<-s1#4809:OK-t1,SUCCESS,nextIndex=3,followerCommit=1,matchIndex=2
2023-03-07 04:41:10,216 DEBUG server.RaftServer$Division (RaftServerImpl.java:logAppendEntries(1429)) - s0@group-AD39DEEC881B: succeeded to handle AppendEntries. Reply: s10<-s0#4810:OK-t1,SUCCESS,nextIndex=3,followerCommit=1,matchIndex=2
2023-03-07 04:41:10,217 DEBUG server.RaftServer$Division (RaftServerImpl.java:submitClientRequestAsync(832)) - s10@group-AD39DEEC881B: receive client request(RaftClientRequest:client-74E486EA5940->s10@group-AD39DEEC881B, cid=4811, seq=0, RW, Message:01016202401000000000...(size=12))
2023-03-07 04:41:10,217 DEBUG server.RaftServer$Division (LeaderStateImpl.java:addPendingRequest(474)) - s10@group-AD39DEEC881B-LeaderStateImpl: addPendingRequest at RaftClientRequest:client-74E486EA5940->s10@group-AD39DEEC881B, cid=4811, seq=0, RW, Message:01016202401000000000...(size=12), entry=(t:1, i:3), STATEMACHINELOGENTRY, 4811@client-74E486EA5940
2023-03-07 04:41:10,218 DEBUG server.RaftServer$Division (RaftServerImpl.java:logAppendEntries(1429)) - s0@group-AD39DEEC881B: receive appendEntries(s10, 1, (t:1, i:2), 2, true, commits:[s10:c2, s0:c1, s1:c1], cId:4812, entries: [(t:1, i:3), STATEMACHINELOGENTRY, 4811@client-74E486EA5940]
2023-03-07 04:41:10,218 DEBUG server.RaftServer$Division (RaftServerImpl.java:logAppendEntries(1429)) - s1@group-AD39DEEC881B: receive appendEntries(s10, 1, (t:1, i:2), 2, true, commits:[s10:c2, s0:c1, s1:c1], cId:4813, entries: [(t:1, i:3), STATEMACHINELOGENTRY, 4811@client-74E486EA5940]
2023-03-07 04:41:10,219 DEBUG server.RaftServer$Division (RaftServerImpl.java:logAppendEntries(1429)) - s0@group-AD39DEEC881B: succeeded to handle AppendEntries. Reply: s10<-s0#4812:OK-t1,SUCCESS,nextIndex=4,followerCommit=2,matchIndex=3
2023-03-07 04:41:10,219 DEBUG server.RaftServer$Division (RaftServerImpl.java:logAppendEntries(1429)) - s1@group-AD39DEEC881B: succeeded to handle AppendEntries. Reply: s10<-s1#4813:OK-t1,SUCCESS,nextIndex=4,followerCommit=2,matchIndex=3
2023-03-07 04:41:10,220 INFO  statemachine.StateMachine (ArithmeticStateMachine.java:applyTransaction(182)) - LEADER:s10-3: b = 4 = 4
2023-03-07 04:41:10,221 DEBUG server.RaftServer$Division (RaftServerImpl.java:logAppendEntries(1429)) - s0@group-AD39DEEC881B: receive appendEntries(s10, 1, (t:1, i:3), 3, true, commits:[s10:c3, s0:c2, s1:c2], cId:4815, entries: [(t:1, i:4), METADATAENTRY(c:3)]
2023-03-07 04:41:10,222 DEBUG server.RaftServer$Division (RaftServerImpl.java:logAppendEntries(1429)) - s1@group-AD39DEEC881B: receive appendEntries(s10, 1, (t:1, i:3), 3, true, commits:[s10:c3, s0:c2, s1:c2], cId:4814, entries: [(t:1, i:4), METADATAENTRY(c:3)]
2023-03-07 04:41:10,222 DEBUG server.RaftServer$Division (RaftServerImpl.java:logAppendEntries(1429)) - s0@group-AD39DEEC881B: succeeded to handle AppendEntries. Reply: s10<-s0#4815:OK-t1,SUCCESS,nextIndex=5,followerCommit=3,matchIndex=4
2023-03-07 04:41:10,222 DEBUG server.RaftServer$Division (RaftServerImpl.java:logAppendEntries(1429)) - s1@group-AD39DEEC881B: succeeded to handle AppendEntries. Reply: s10<-s1#4814:OK-t1,SUCCESS,nextIndex=5,followerCommit=3,matchIndex=4
2023-03-07 04:41:10,227 DEBUG server.RaftServer$Division (RaftServerImpl.java:submitClientRequestAsync(832)) - s10@group-AD39DEEC881B: receive client request(RaftClientRequest:client-74E486EA5940->s10@group-AD39DEEC881B, cid=4816, seq=0, RW, Message:01016304010300040201...(size=17))
2023-03-07 04:41:10,228 DEBUG server.RaftServer$Division (LeaderStateImpl.java:addPendingRequest(474)) - s10@group-AD39DEEC881B-LeaderStateImpl: addPendingRequest at RaftClientRequest:client-74E486EA5940->s10@group-AD39DEEC881B, cid=4816, seq=0, RW, Message:01016304010300040201...(size=17), entry=(t:1, i:5), STATEMACHINELOGENTRY, 4816@client-74E486EA5940
2023-03-07 04:41:10,228 DEBUG server.RaftServer$Division (RaftServerImpl.java:logAppendEntries(1429)) - s0@group-AD39DEEC881B: receive appendEntries(s10, 1, (t:1, i:4), 4, true, commits:[s10:c4, s0:c3, s1:c3], cId:4817, entries: [(t:1, i:5), STATEMACHINELOGENTRY, 4816@client-74E486EA5940]
2023-03-07 04:41:10,229 DEBUG server.RaftServer$Division (RaftServerImpl.java:logAppendEntries(1429)) - s0@group-AD39DEEC881B: succeeded to handle AppendEntries. Reply: s10<-s0#4817:OK-t1,SUCCESS,nextIndex=6,followerCommit=4,matchIndex=5
2023-03-07 04:41:10,229 DEBUG server.RaftServer$Division (RaftServerImpl.java:logAppendEntries(1429)) - s1@group-AD39DEEC881B: receive appendEntries(s10, 1, (t:1, i:4), 4, true, commits:[s10:c4, s0:c3, s1:c3], cId:4818, entries: [(t:1, i:5), STATEMACHINELOGENTRY, 4816@client-74E486EA5940]
2023-03-07 04:41:10,230 DEBUG server.RaftServer$Division (RaftServerImpl.java:logAppendEntries(1429)) - s1@group-AD39DEEC881B: succeeded to handle AppendEntries. Reply: s10<-s1#4818:OK-t1,SUCCESS,nextIndex=6,followerCommit=4,matchIndex=5
2023-03-07 04:41:10,230 INFO  statemachine.StateMachine (ArithmeticStateMachine.java:applyTransaction(182)) - LEADER:s10-5: c = √(a^2 + b^2) = 5
2023-03-07 04:41:10,231 DEBUG server.RaftServer$Division (RaftServerImpl.java:logAppendEntries(1429)) - s1@group-AD39DEEC881B: receive appendEntries(s10, 1, (t:1, i:5), 5, true, commits:[s10:c5, s0:c4, s1:c4], cId:4820, entries: [(t:1, i:6), METADATAENTRY(c:5)]
2023-03-07 04:41:10,231 DEBUG server.RaftServer$Division (RaftServerImpl.java:logAppendEntries(1429)) - s0@group-AD39DEEC881B: receive appendEntries(s10, 1, (t:1, i:5), 5, true, commits:[s10:c5, s0:c4, s1:c3], cId:4819, entries: [(t:1, i:6), METADATAENTRY(c:5)]
2023-03-07 04:41:10,231 DEBUG server.RaftServer$Division (RaftServerImpl.java:logAppendEntries(1429)) - s0@group-AD39DEEC881B: succeeded to handle AppendEntries. Reply: s10<-s0#4819:OK-t1,SUCCESS,nextIndex=7,followerCommit=5,matchIndex=6
2023-03-07 04:41:10,231 DEBUG server.RaftServer$Division (RaftServerImpl.java:logAppendEntries(1429)) - s1@group-AD39DEEC881B: succeeded to handle AppendEntries. Reply: s10<-s1#4820:OK-t1,SUCCESS,nextIndex=7,followerCommit=5,matchIndex=6
2023-03-07 04:41:10,233 DEBUG server.RaftServer$Division (RaftServerImpl.java:submitClientRequestAsync(832)) - s10@group-AD39DEEC881B: receive client request(RaftClientRequest:client-74E486EA5940->s10@group-AD39DEEC881B, cid=4821, seq=0, RW, Message:01016100)
2023-03-07 04:41:10,233 DEBUG server.RaftServer$Division (LeaderStateImpl.java:addPendingRequest(474)) - s10@group-AD39DEEC881B-LeaderStateImpl: addPendingRequest at RaftClientRequest:client-74E486EA5940->s10@group-AD39DEEC881B, cid=4821, seq=0, RW, Message:01016100, entry=(t:1, i:7), STATEMACHINELOGENTRY, 4821@client-74E486EA5940
2023-03-07 04:41:10,234 DEBUG server.RaftServer$Division (RaftServerImpl.java:logAppendEntries(1429)) - s0@group-AD39DEEC881B: receive appendEntries(s10, 1, (t:1, i:6), 6, true, commits:[s10:c6, s0:c5, s1:c5], cId:4822, entries: [(t:1, i:7), STATEMACHINELOGENTRY, 4821@client-74E486EA5940]
2023-03-07 04:41:10,234 DEBUG server.RaftServer$Division (RaftServerImpl.java:logAppendEntries(1429)) - s1@group-AD39DEEC881B: receive appendEntries(s10, 1, (t:1, i:6), 6, true, commits:[s10:c6, s0:c5, s1:c5], cId:4823, entries: [(t:1, i:7), STATEMACHINELOGENTRY, 4821@client-74E486EA5940]
2023-03-07 04:41:10,234 DEBUG server.RaftServer$Division (RaftServerImpl.java:logAppendEntries(1429)) - s0@group-AD39DEEC881B: succeeded to handle AppendEntries. Reply: s10<-s0#4822:OK-t1,SUCCESS,nextIndex=8,followerCommit=6,matchIndex=7
2023-03-07 04:41:10,234 DEBUG server.RaftServer$Division (RaftServerImpl.java:logAppendEntries(1429)) - s1@group-AD39DEEC881B: succeeded to handle AppendEntries. Reply: s10<-s1#4823:OK-t1,SUCCESS,nextIndex=8,followerCommit=6,matchIndex=7
2023-03-07 04:41:10,235 INFO  statemachine.StateMachine (ArithmeticStateMachine.java:applyTransaction(182)) - LEADER:s10-7: a = null = null
2023-03-07 04:41:10,236 DEBUG server.RaftServer$Division (RaftServerImpl.java:logAppendEntries(1429)) - s0@group-AD39DEEC881B: receive appendEntries(s10, 1, (t:1, i:7), 7, true, commits:[s10:c7, s0:c6, s1:c5], cId:4824, entries: [(t:1, i:8), METADATAENTRY(c:7)]
2023-03-07 04:41:10,236 DEBUG server.RaftServer$Division (RaftServerImpl.java:logAppendEntries(1429)) - s1@group-AD39DEEC881B: receive appendEntries(s10, 1, (t:1, i:7), 7, true, commits:[s10:c7, s0:c6, s1:c6], cId:4825, entries: [(t:1, i:8), METADATAENTRY(c:7)]
2023-03-07 04:41:10,236 DEBUG server.RaftServer$Division (RaftServerImpl.java:logAppendEntries(1429)) - s0@group-AD39DEEC881B: succeeded to handle AppendEntries. Reply: s10<-s0#4824:OK-t1,SUCCESS,nextIndex=9,followerCommit=7,matchIndex=8
2023-03-07 04:41:10,237 DEBUG server.RaftServer$Division (RaftServerImpl.java:submitClientRequestAsync(832)) - s10@group-AD39DEEC881B: receive client request(RaftClientRequest:client-74E486EA5940->s10@group-AD39DEEC881B, cid=4826, seq=0, RW, Message:01016200)
2023-03-07 04:41:10,237 DEBUG server.RaftServer$Division (RaftServerImpl.java:logAppendEntries(1429)) - s1@group-AD39DEEC881B: succeeded to handle AppendEntries. Reply: s10<-s1#4825:OK-t1,SUCCESS,nextIndex=9,followerCommit=7,matchIndex=8
2023-03-07 04:41:10,237 DEBUG server.RaftServer$Division (LeaderStateImpl.java:addPendingRequest(474)) - s10@group-AD39DEEC881B-LeaderStateImpl: addPendingRequest at RaftClientRequest:client-74E486EA5940->s10@group-AD39DEEC881B, cid=4826, seq=0, RW, Message:01016200, entry=(t:1, i:9), STATEMACHINELOGENTRY, 4826@client-74E486EA5940
2023-03-07 04:41:10,238 DEBUG server.RaftServer$Division (RaftServerImpl.java:logAppendEntries(1429)) - s0@group-AD39DEEC881B: receive appendEntries(s10, 1, (t:1, i:8), 8, true, commits:[s10:c8, s0:c7, s1:c6], cId:4827, entries: [(t:1, i:9), STATEMACHINELOGENTRY, 4826@client-74E486EA5940]
2023-03-07 04:41:10,238 DEBUG server.RaftServer$Division (RaftServerImpl.java:logAppendEntries(1429)) - s1@group-AD39DEEC881B: receive appendEntries(s10, 1, (t:1, i:8), 8, true, commits:[s10:c8, s0:c7, s1:c7], cId:4828, entries: [(t:1, i:9), STATEMACHINELOGENTRY, 4826@client-74E486EA5940]
2023-03-07 04:41:10,238 DEBUG server.RaftServer$Division (RaftServerImpl.java:logAppendEntries(1429)) - s0@group-AD39DEEC881B: succeeded to handle AppendEntries. Reply: s10<-s0#4827:OK-t1,SUCCESS,nextIndex=10,followerCommit=8,matchIndex=9
2023-03-07 04:41:10,238 DEBUG server.RaftServer$Division (RaftServerImpl.java:logAppendEntries(1429)) - s1@group-AD39DEEC881B: succeeded to handle AppendEntries. Reply: s10<-s1#4828:OK-t1,SUCCESS,nextIndex=10,followerCommit=8,matchIndex=9
2023-03-07 04:41:10,239 INFO  statemachine.StateMachine (ArithmeticStateMachine.java:applyTransaction(182)) - LEADER:s10-9: b = null = null
2023-03-07 04:41:10,240 DEBUG server.RaftServer$Division (RaftServerImpl.java:submitClientRequestAsync(832)) - s10@group-AD39DEEC881B: receive client request(RaftClientRequest:client-74E486EA5940->s10@group-AD39DEEC881B, cid=4831, seq=0, RW, Message:01016300)
2023-03-07 04:41:10,240 DEBUG server.RaftServer$Division (RaftServerImpl.java:logAppendEntries(1429)) - s1@group-AD39DEEC881B: receive appendEntries(s10, 1, (t:1, i:9), 9, true, commits:[s10:c9, s0:c7, s1:c8], cId:4829, entries: [(t:1, i:10), METADATAENTRY(c:9)]
2023-03-07 04:41:10,240 DEBUG server.RaftServer$Division (LeaderStateImpl.java:addPendingRequest(474)) - s10@group-AD39DEEC881B-LeaderStateImpl: addPendingRequest at RaftClientRequest:client-74E486EA5940->s10@group-AD39DEEC881B, cid=4831, seq=0, RW, Message:01016300, entry=(t:1, i:11), STATEMACHINELOGENTRY, 4831@client-74E486EA5940
2023-03-07 04:41:10,241 DEBUG server.RaftServer$Division (RaftServerImpl.java:logAppendEntries(1429)) - s1@group-AD39DEEC881B: succeeded to handle AppendEntries. Reply: s10<-s1#4829:OK-t1,SUCCESS,nextIndex=11,followerCommit=9,matchIndex=10
2023-03-07 04:41:10,242 DEBUG server.RaftServer$Division (RaftServerImpl.java:logAppendEntries(1429)) - s0@group-AD39DEEC881B: receive appendEntries(s10, 1, (t:1, i:9), 9, true, commits:[s10:c9, s0:c8, s1:c8], cId:4830, entries: [(t:1, i:10), METADATAENTRY(c:9)]
2023-03-07 04:41:10,242 DEBUG server.RaftServer$Division (RaftServerImpl.java:logAppendEntries(1429)) - s1@group-AD39DEEC881B: receive appendEntries(s10, 1, (t:1, i:10), 10, true, commits:[s10:c10, s0:c8, s1:c9], cId:4832, entries: [(t:1, i:11), STATEMACHINELOGENTRY, 4831@client-74E486EA5940]
2023-03-07 04:41:10,242 DEBUG server.RaftServer$Division (RaftServerImpl.java:logAppendEntries(1429)) - s0@group-AD39DEEC881B: succeeded to handle AppendEntries. Reply: s10<-s0#4830:OK-t1,SUCCESS,nextIndex=11,followerCommit=9,matchIndex=10
2023-03-07 04:41:10,243 DEBUG server.RaftServer$Division (RaftServerImpl.java:logAppendEntries(1429)) - s1@group-AD39DEEC881B: succeeded to handle AppendEntries. Reply: s10<-s1#4832:OK-t1,SUCCESS,nextIndex=12,followerCommit=10,matchIndex=11
2023-03-07 04:41:10,243 DEBUG server.RaftServer$Division (RaftServerImpl.java:logAppendEntries(1429)) - s0@group-AD39DEEC881B: receive appendEntries(s10, 1, (t:1, i:10), 10, true, commits:[s10:c10, s0:c9, s1:c9], cId:4833, entries: [(t:1, i:11), STATEMACHINELOGENTRY, 4831@client-74E486EA5940]
2023-03-07 04:41:10,244 DEBUG server.RaftServer$Division (RaftServerImpl.java:logAppendEntries(1429)) - s1@group-AD39DEEC881B: receive appendEntries(s10, 1, (t:1, i:11), 11, true, commits:[s10:c11, s0:c9, s1:c10], cId:4834, entries: [(t:1, i:12), METADATAENTRY(c:11)]
2023-03-07 04:41:10,244 INFO  statemachine.StateMachine (ArithmeticStateMachine.java:applyTransaction(182)) - LEADER:s10-11: c = null = null
2023-03-07 04:41:10,245 DEBUG server.RaftServer$Division (RaftServerImpl.java:logAppendEntries(1429)) - s0@group-AD39DEEC881B: succeeded to handle AppendEntries. Reply: s10<-s0#4833:OK-t1,SUCCESS,nextIndex=12,followerCommit=10,matchIndex=11
2023-03-07 04:41:10,245 DEBUG server.RaftServer$Division (RaftServerImpl.java:logAppendEntries(1429)) - s1@group-AD39DEEC881B: succeeded to handle AppendEntries. Reply: s10<-s1#4834:OK-t1,SUCCESS,nextIndex=13,followerCommit=11,matchIndex=12
2023-03-07 04:41:10,246 DEBUG server.RaftServer$Division (RaftServerImpl.java:submitClientRequestAsync(832)) - s10@group-AD39DEEC881B: receive client request(RaftClientRequest:client-74E486EA5940->s10@group-AD39DEEC881B, cid=4836, seq=0, RW, Message:01016102401400000000...(size=12))
2023-03-07 04:41:10,246 DEBUG server.RaftServer$Division (LeaderStateImpl.java:addPendingRequest(474)) - s10@group-AD39DEEC881B-LeaderStateImpl: addPendingRequest at RaftClientRequest:client-74E486EA5940->s10@group-AD39DEEC881B, cid=4836, seq=0, RW, Message:01016102401400000000...(size=12), entry=(t:1, i:13), STATEMACHINELOGENTRY, 4836@client-74E486EA5940
2023-03-07 04:41:10,247 DEBUG server.RaftServer$Division (RaftServerImpl.java:logAppendEntries(1429)) - s0@group-AD39DEEC881B: receive appendEntries(s10, 1, (t:1, i:11), 11, true, commits:[s10:c11, s0:c10, s1:c10], cId:4835, entries: [(t:1, i:12), METADATAENTRY(c:11)]
2023-03-07 04:41:10,247 DEBUG server.RaftServer$Division (RaftServerImpl.java:logAppendEntries(1429)) - s1@group-AD39DEEC881B: receive appendEntries(s10, 1, (t:1, i:12), 12, true, commits:[s10:c12, s0:c10, s1:c11], cId:4837, entries: [(t:1, i:13), STATEMACHINELOGENTRY, 4836@client-74E486EA5940]
2023-03-07 04:41:10,247 DEBUG server.RaftServer$Division (RaftServerImpl.java:logAppendEntries(1429)) - s0@group-AD39DEEC881B: succeeded to handle AppendEntries. Reply: s10<-s0#4835:OK-t1,SUCCESS,nextIndex=13,followerCommit=11,matchIndex=12
2023-03-07 04:41:10,248 DEBUG server.RaftServer$Division (RaftServerImpl.java:logAppendEntries(1429)) - s1@group-AD39DEEC881B: succeeded to handle AppendEntries. Reply: s10<-s1#4837:OK-t1,SUCCESS,nextIndex=14,followerCommit=12,matchIndex=13
2023-03-07 04:41:10,248 INFO  statemachine.StateMachine (ArithmeticStateMachine.java:applyTransaction(182)) - LEADER:s10-13: a = 5 = 5
2023-03-07 04:41:10,249 DEBUG server.RaftServer$Division (RaftServerImpl.java:logAppendEntries(1429)) - s0@group-AD39DEEC881B: receive appendEntries(s10, 1, (t:1, i:12), 12, true, commits:[s10:c12, s0:c11, s1:c11], cId:4838, entries: [(t:1, i:13), STATEMACHINELOGENTRY, 4836@client-74E486EA5940]
2023-03-07 04:41:10,250 DEBUG server.RaftServer$Division (RaftServerImpl.java:logAppendEntries(1429)) - s1@group-AD39DEEC881B: receive appendEntries(s10, 1, (t:1, i:13), 13, true, commits:[s10:c13, s0:c11, s1:c12], cId:4839, entries: [(t:1, i:14), METADATAENTRY(c:13)]
2023-03-07 04:41:10,250 DEBUG server.RaftServer$Division (RaftServerImpl.java:logAppendEntries(1429)) - s0@group-AD39DEEC881B: succeeded to handle AppendEntries. Reply: s10<-s0#4838:OK-t1,SUCCESS,nextIndex=14,followerCommit=12,matchIndex=13
2023-03-07 04:41:10,250 DEBUG server.RaftServer$Division (RaftServerImpl.java:submitClientRequestAsync(832)) - s10@group-AD39DEEC881B: receive client request(RaftClientRequest:client-74E486EA5940->s10@group-AD39DEEC881B, cid=4840, seq=0, RW, Message:01016202402800000000...(size=12))
2023-03-07 04:41:10,250 DEBUG server.RaftServer$Division (RaftServerImpl.java:logAppendEntries(1429)) - s1@group-AD39DEEC881B: succeeded to handle AppendEntries. Reply: s10<-s1#4839:OK-t1,SUCCESS,nextIndex=15,followerCommit=13,matchIndex=14
2023-03-07 04:41:10,250 DEBUG server.RaftServer$Division (LeaderStateImpl.java:addPendingRequest(474)) - s10@group-AD39DEEC881B-LeaderStateImpl: addPendingRequest at RaftClientRequest:client-74E486EA5940->s10@group-AD39DEEC881B, cid=4840, seq=0, RW, Message:01016202402800000000...(size=12), entry=(t:1, i:15), STATEMACHINELOGENTRY, 4840@client-74E486EA5940
2023-03-07 04:41:10,252 DEBUG server.RaftServer$Division (RaftServerImpl.java:logAppendEntries(1429)) - s1@group-AD39DEEC881B: receive appendEntries(s10, 1, (t:1, i:14), 13, true, commits:[s10:c13, s0:c11, s1:c13], cId:4841, entries: [(t:1, i:15), STATEMACHINELOGENTRY, 4840@client-74E486EA5940]
2023-03-07 04:41:10,252 DEBUG server.RaftServer$Division (RaftServerImpl.java:logAppendEntries(1429)) - s0@group-AD39DEEC881B: receive appendEntries(s10, 1, (t:1, i:13), 14, true, commits:[s10:c14, s0:c12, s1:c13], cId:4842, entries: [(t:1, i:14), METADATAENTRY(c:13), (t:1, i:15), STATEMACHINELOGENTRY, 4840@client-74E486EA5940]
2023-03-07 04:41:10,253 DEBUG server.RaftServer$Division (RaftServerImpl.java:logAppendEntries(1429)) - s1@group-AD39DEEC881B: succeeded to handle AppendEntries. Reply: s10<-s1#4841:OK-t1,SUCCESS,nextIndex=16,followerCommit=13,matchIndex=15
2023-03-07 04:41:10,253 DEBUG server.RaftServer$Division (RaftServerImpl.java:logAppendEntries(1429)) - s0@group-AD39DEEC881B: succeeded to handle AppendEntries. Reply: s10<-s0#4842:OK-t1,SUCCESS,nextIndex=16,followerCommit=14,matchIndex=15
2023-03-07 04:41:10,253 INFO  statemachine.StateMachine (ArithmeticStateMachine.java:applyTransaction(182)) - LEADER:s10-15: b = 12 = 12
2023-03-07 04:41:10,254 DEBUG server.RaftServer$Division (RaftServerImpl.java:submitClientRequestAsync(832)) - s10@group-AD39DEEC881B: receive client request(RaftClientRequest:client-74E486EA5940->s10@group-AD39DEEC881B, cid=4844, seq=0, RW, Message:01016304010300040201...(size=17))
2023-03-07 04:41:10,254 DEBUG server.RaftServer$Division (LeaderStateImpl.java:addPendingRequest(474)) - s10@group-AD39DEEC881B-LeaderStateImpl: addPendingRequest at RaftClientRequest:client-74E486EA5940->s10@group-AD39DEEC881B, cid=4844, seq=0, RW, Message:01016304010300040201...(size=17), entry=(t:1, i:17), STATEMACHINELOGENTRY, 4844@client-74E486EA5940
2023-03-07 04:41:10,255 DEBUG server.RaftServer$Division (RaftServerImpl.java:logAppendEntries(1429)) - s0@group-AD39DEEC881B: receive appendEntries(s10, 1, (t:1, i:15), 15, true, commits:[s10:c15, s0:c14, s1:c13], cId:4845, entries: [(t:1, i:16), METADATAENTRY(c:15)]
2023-03-07 04:41:10,255 DEBUG server.RaftServer$Division (RaftServerImpl.java:logAppendEntries(1429)) - s1@group-AD39DEEC881B: receive appendEntries(s10, 1, (t:1, i:15), 15, true, commits:[s10:c15, s0:c12, s1:c13], cId:4843, entries: [(t:1, i:16), METADATAENTRY(c:15)]
2023-03-07 04:41:10,255 DEBUG server.RaftServer$Division (RaftServerImpl.java:logAppendEntries(1429)) - s0@group-AD39DEEC881B: succeeded to handle AppendEntries. Reply: s10<-s0#4845:OK-t1,SUCCESS,nextIndex=17,followerCommit=15,matchIndex=16
2023-03-07 04:41:10,255 DEBUG server.RaftServer$Division (RaftServerImpl.java:logAppendEntries(1429)) - s1@group-AD39DEEC881B: succeeded to handle AppendEntries. Reply: s10<-s1#4843:OK-t1,SUCCESS,nextIndex=17,followerCommit=15,matchIndex=16
2023-03-07 04:41:10,257 DEBUG server.RaftServer$Division (RaftServerImpl.java:logAppendEntries(1429)) - s1@group-AD39DEEC881B: receive appendEntries(s10, 1, (t:1, i:16), 16, true, commits:[s10:c16, s0:c15, s1:c15], cId:4847, entries: [(t:1, i:17), STATEMACHINELOGENTRY, 4844@client-74E486EA5940]
2023-03-07 04:41:10,257 DEBUG server.RaftServer$Division (RaftServerImpl.java:logAppendEntries(1429)) - s0@group-AD39DEEC881B: receive appendEntries(s10, 1, (t:1, i:16), 15, true, commits:[s10:c15, s0:c15, s1:c13], cId:4846, entries: [(t:1, i:17), STATEMACHINELOGENTRY, 4844@client-74E486EA5940]
2023-03-07 04:41:10,257 DEBUG server.RaftServer$Division (RaftServerImpl.java:logAppendEntries(1429)) - s1@group-AD39DEEC881B: succeeded to handle AppendEntries. Reply: s10<-s1#4847:OK-t1,SUCCESS,nextIndex=18,followerCommit=16,matchIndex=17
2023-03-07 04:41:10,258 INFO  statemachine.StateMachine (ArithmeticStateMachine.java:applyTransaction(182)) - LEADER:s10-17: c = √(a^2 + b^2) = 13
2023-03-07 04:41:10,258 DEBUG server.RaftServer$Division (RaftServerImpl.java:logAppendEntries(1429)) - s0@group-AD39DEEC881B: succeeded to handle AppendEntries. Reply: s10<-s0#4846:OK-t1,SUCCESS,nextIndex=18,followerCommit=15,matchIndex=17
2023-03-07 04:41:10,259 DEBUG server.RaftServer$Division (RaftServerImpl.java:logAppendEntries(1429)) - s1@group-AD39DEEC881B: receive appendEntries(s10, 1, (t:1, i:17), 17, true, commits:[s10:c17, s0:c15, s1:c16], cId:4848, entries: [(t:1, i:18), METADATAENTRY(c:17)]
2023-03-07 04:41:10,260 DEBUG server.RaftServer$Division (RaftServerImpl.java:logAppendEntries(1429)) - s0@group-AD39DEEC881B: receive appendEntries(s10, 1, (t:1, i:17), 17, true, commits:[s10:c17, s0:c15, s1:c16], cId:4850, entries: [(t:1, i:18), METADATAENTRY(c:17)]
2023-03-07 04:41:10,259 DEBUG server.RaftServer$Division (RaftServerImpl.java:submitClientRequestAsync(832)) - s10@group-AD39DEEC881B: receive client request(RaftClientRequest:client-74E486EA5940->s10@group-AD39DEEC881B, cid=4849, seq=0, RW, Message:01016100)
2023-03-07 04:41:10,264 DEBUG server.RaftServer$Division (LeaderStateImpl.java:addPendingRequest(474)) - s10@group-AD39DEEC881B-LeaderStateImpl: addPendingRequest at RaftClientRequest:client-74E486EA5940->s10@group-AD39DEEC881B, cid=4849, seq=0, RW, Message:01016100, entry=(t:1, i:19), STATEMACHINELOGENTRY, 4849@client-74E486EA5940
2023-03-07 04:41:10,264 DEBUG server.RaftServer$Division (RaftServerImpl.java:logAppendEntries(1429)) - s1@group-AD39DEEC881B: succeeded to handle AppendEntries. Reply: s10<-s1#4848:OK-t1,SUCCESS,nextIndex=19,followerCommit=17,matchIndex=18
2023-03-07 04:41:10,264 DEBUG server.RaftServer$Division (RaftServerImpl.java:logAppendEntries(1429)) - s0@group-AD39DEEC881B: succeeded to handle AppendEntries. Reply: s10<-s0#4850:OK-t1,SUCCESS,nextIndex=19,followerCommit=17,matchIndex=18
2023-03-07 04:41:10,266 DEBUG server.RaftServer$Division (RaftServerImpl.java:logAppendEntries(1429)) - s0@group-AD39DEEC881B: receive appendEntries(s10, 1, (t:1, i:18), 18, true, commits:[s10:c18, s0:c17, s1:c17], cId:4852, entries: [(t:1, i:19), STATEMACHINELOGENTRY, 4849@client-74E486EA5940]
2023-03-07 04:41:10,266 DEBUG server.RaftServer$Division (RaftServerImpl.java:logAppendEntries(1429)) - s0@group-AD39DEEC881B: succeeded to handle AppendEntries. Reply: s10<-s0#4852:OK-t1,SUCCESS,nextIndex=20,followerCommit=18,matchIndex=19
2023-03-07 04:41:10,267 INFO  statemachine.StateMachine (ArithmeticStateMachine.java:applyTransaction(182)) - LEADER:s10-19: a = null = null
2023-03-07 04:41:10,267 DEBUG server.RaftServer$Division (RaftServerImpl.java:logAppendEntries(1429)) - s0@group-AD39DEEC881B: receive appendEntries(s10, 1, (t:1, i:19), 19, true, commits:[s10:c19, s0:c18, s1:c17], cId:4853, entries: [(t:1, i:20), METADATAENTRY(c:19)]
2023-03-07 04:41:10,268 DEBUG server.RaftServer$Division (RaftServerImpl.java:submitClientRequestAsync(832)) - s10@group-AD39DEEC881B: receive client request(RaftClientRequest:client-74E486EA5940->s10@group-AD39DEEC881B, cid=4854, seq=0, RW, Message:01016200)
2023-03-07 04:41:10,268 DEBUG server.RaftServer$Division (LeaderStateImpl.java:addPendingRequest(474)) - s10@group-AD39DEEC881B-LeaderStateImpl: addPendingRequest at RaftClientRequest:client-74E486EA5940->s10@group-AD39DEEC881B, cid=4854, seq=0, RW, Message:01016200, entry=(t:1, i:21), STATEMACHINELOGENTRY, 4854@client-74E486EA5940
2023-03-07 04:41:10,268 DEBUG server.RaftServer$Division (RaftServerImpl.java:logAppendEntries(1429)) - s0@group-AD39DEEC881B: succeeded to handle AppendEntries. Reply: s10<-s0#4853:OK-t1,SUCCESS,nextIndex=21,followerCommit=19,matchIndex=20
2023-03-07 04:41:10,269 DEBUG server.RaftServer$Division (RaftServerImpl.java:logAppendEntries(1429)) - s0@group-AD39DEEC881B: receive appendEntries(s10, 1, (t:1, i:20), 19, true, commits:[s10:c19, s0:c19, s1:c17], cId:4855, entries: [(t:1, i:21), STATEMACHINELOGENTRY, 4854@client-74E486EA5940]
2023-03-07 04:41:10,270 DEBUG server.RaftServer$Division (RaftServerImpl.java:logAppendEntries(1429)) - s1@group-AD39DEEC881B: receive appendEntries(s10, 1, (t:1, i:18), 17, true, commits:[s10:c17, s0:c15, s1:c17], cId:4851, entries: [(t:1, i:19), STATEMACHINELOGENTRY, 4849@client-74E486EA5940]
2023-03-07 04:41:10,270 DEBUG server.RaftServer$Division (RaftServerImpl.java:logAppendEntries(1429)) - s0@group-AD39DEEC881B: succeeded to handle AppendEntries. Reply: s10<-s0#4855:OK-t1,SUCCESS,nextIndex=22,followerCommit=19,matchIndex=21
2023-03-07 04:41:10,271 INFO  statemachine.StateMachine (ArithmeticStateMachine.java:applyTransaction(182)) - LEADER:s10-21: b = null = null
2023-03-07 04:41:10,271 DEBUG server.RaftServer$Division (RaftServerImpl.java:logAppendEntries(1429)) - s0@group-AD39DEEC881B: receive appendEntries(s10, 1, (t:1, i:21), 21, true, commits:[s10:c21, s0:c19, s1:c17], cId:4856, entries: [(t:1, i:22), METADATAENTRY(c:21)]
2023-03-07 04:41:10,272 DEBUG server.RaftServer$Division (RaftServerImpl.java:submitClientRequestAsync(832)) - s10@group-AD39DEEC881B: receive client request(RaftClientRequest:client-74E486EA5940->s10@group-AD39DEEC881B, cid=4857, seq=0, RW, Message:01016300)
2023-03-07 04:41:10,272 DEBUG server.RaftServer$Division (LeaderStateImpl.java:addPendingRequest(474)) - s10@group-AD39DEEC881B-LeaderStateImpl: addPendingRequest at RaftClientRequest:client-74E486EA5940->s10@group-AD39DEEC881B, cid=4857, seq=0, RW, Message:01016300, entry=(t:1, i:23), STATEMACHINELOGENTRY, 4857@client-74E486EA5940
2023-03-07 04:41:10,272 DEBUG server.RaftServer$Division (RaftServerImpl.java:logAppendEntries(1429)) - s0@group-AD39DEEC881B: succeeded to handle AppendEntries. Reply: s10<-s0#4856:OK-t1,SUCCESS,nextIndex=23,followerCommit=21,matchIndex=22
2023-03-07 04:41:10,272 DEBUG server.RaftServer$Division (RaftServerImpl.java:logAppendEntries(1429)) - s1@group-AD39DEEC881B: succeeded to handle AppendEntries. Reply: s10<-s1#4851:OK-t1,SUCCESS,nextIndex=20,followerCommit=17,matchIndex=19
2023-03-07 04:41:10,273 DEBUG server.RaftServer$Division (RaftServerImpl.java:logAppendEntries(1429)) - s0@group-AD39DEEC881B: receive appendEntries(s10, 1, (t:1, i:22), 21, true, commits:[s10:c21, s0:c21, s1:c17], cId:4858, entries: [(t:1, i:23), STATEMACHINELOGENTRY, 4857@client-74E486EA5940]
2023-03-07 04:41:10,274 DEBUG server.RaftServer$Division (RaftServerImpl.java:logAppendEntries(1429)) - s0@group-AD39DEEC881B: succeeded to handle AppendEntries. Reply: s10<-s0#4858:OK-t1,SUCCESS,nextIndex=24,followerCommit=21,matchIndex=23
2023-03-07 04:41:10,274 INFO  statemachine.StateMachine (ArithmeticStateMachine.java:applyTransaction(182)) - LEADER:s10-23: c = null = null
2023-03-07 04:41:10,275 DEBUG server.RaftServer$Division (RaftServerImpl.java:logAppendEntries(1429)) - s0@group-AD39DEEC881B: receive appendEntries(s10, 1, (t:1, i:23), 23, true, commits:[s10:c23, s0:c21, s1:c17], cId:4860, entries: [(t:1, i:24), METADATAENTRY(c:23)]
2023-03-07 04:41:10,276 DEBUG server.RaftServer$Division (RaftServerImpl.java:submitClientRequestAsync(832)) - s10@group-AD39DEEC881B: receive client request(RaftClientRequest:client-74E486EA5940->s10@group-AD39DEEC881B, cid=4861, seq=0, RW, Message:01016102401c00000000...(size=12))
2023-03-07 04:41:10,276 DEBUG server.RaftServer$Division (LeaderStateImpl.java:addPendingRequest(474)) - s10@group-AD39DEEC881B-LeaderStateImpl: addPendingRequest at RaftClientRequest:client-74E486EA5940->s10@group-AD39DEEC881B, cid=4861, seq=0, RW, Message:01016102401c00000000...(size=12), entry=(t:1, i:25), STATEMACHINELOGENTRY, 4861@client-74E486EA5940
2023-03-07 04:41:10,276 DEBUG server.RaftServer$Division (RaftServerImpl.java:logAppendEntries(1429)) - s0@group-AD39DEEC881B: succeeded to handle AppendEntries. Reply: s10<-s0#4860:OK-t1,SUCCESS,nextIndex=25,followerCommit=23,matchIndex=24
2023-03-07 04:41:10,277 DEBUG server.RaftServer$Division (RaftServerImpl.java:logAppendEntries(1429)) - s0@group-AD39DEEC881B: receive appendEntries(s10, 1, (t:1, i:24), 23, true, commits:[s10:c23, s0:c23, s1:c17], cId:4862, entries: [(t:1, i:25), STATEMACHINELOGENTRY, 4861@client-74E486EA5940]
2023-03-07 04:41:10,277 DEBUG server.RaftServer$Division (RaftServerImpl.java:logAppendEntries(1429)) - s0@group-AD39DEEC881B: succeeded to handle AppendEntries. Reply: s10<-s0#4862:OK-t1,SUCCESS,nextIndex=26,followerCommit=23,matchIndex=25
2023-03-07 04:41:10,278 INFO  statemachine.StateMachine (ArithmeticStateMachine.java:applyTransaction(182)) - LEADER:s10-25: a = 7 = 7
2023-03-07 04:41:10,279 DEBUG server.RaftServer$Division (RaftServerImpl.java:submitClientRequestAsync(832)) - s10@group-AD39DEEC881B: receive client request(RaftClientRequest:client-74E486EA5940->s10@group-AD39DEEC881B, cid=4864, seq=0, RW, Message:01016202403800000000...(size=12))
2023-03-07 04:41:10,279 DEBUG server.RaftServer$Division (LeaderStateImpl.java:addPendingRequest(474)) - s10@group-AD39DEEC881B-LeaderStateImpl: addPendingRequest at RaftClientRequest:client-74E486EA5940->s10@group-AD39DEEC881B, cid=4864, seq=0, RW, Message:01016202403800000000...(size=12), entry=(t:1, i:27), STATEMACHINELOGENTRY, 4864@client-74E486EA5940
2023-03-07 04:41:10,279 DEBUG server.RaftServer$Division (RaftServerImpl.java:logAppendEntries(1429)) - s0@group-AD39DEEC881B: receive appendEntries(s10, 1, (t:1, i:25), 25, true, commits:[s10:c25, s0:c23, s1:c17], cId:4863, entries: [(t:1, i:26), METADATAENTRY(c:25)]
2023-03-07 04:41:10,280 DEBUG server.RaftServer$Division (RaftServerImpl.java:logAppendEntries(1429)) - s1@group-AD39DEEC881B: receive appendEntries(s10, 1, (t:1, i:19), 22, true, commits:[s10:c22, s0:c21, s1:c17], cId:4859, entries: [(t:1, i:20), METADATAENTRY(c:19), (t:1, i:21), STATEMACHINELOGENTRY, 4854@client-74E486EA5940, (t:1, i:22), METADATAENTRY(c:21), (t:1, i:23), STATEMACHINELOGENTRY, 4857@client-74E486EA5940]
2023-03-07 04:41:10,280 DEBUG server.RaftServer$Division (RaftServerImpl.java:logAppendEntries(1429)) - s0@group-AD39DEEC881B: succeeded to handle AppendEntries. Reply: s10<-s0#4863:OK-t1,SUCCESS,nextIndex=27,followerCommit=25,matchIndex=26
2023-03-07 04:41:10,280 DEBUG server.RaftServer$Division (RaftServerImpl.java:logAppendEntries(1429)) - s1@group-AD39DEEC881B: succeeded to handle AppendEntries. Reply: s10<-s1#4859:OK-t1,SUCCESS,nextIndex=24,followerCommit=22,matchIndex=23
2023-03-07 04:41:10,281 DEBUG server.RaftServer$Division (RaftServerImpl.java:logAppendEntries(1429)) - s0@group-AD39DEEC881B: receive appendEntries(s10, 1, (t:1, i:26), 25, true, commits:[s10:c25, s0:c25, s1:c17], cId:4865, entries: [(t:1, i:27), STATEMACHINELOGENTRY, 4864@client-74E486EA5940]
2023-03-07 04:41:10,282 DEBUG server.RaftServer$Division (RaftServerImpl.java:logAppendEntries(1429)) - s0@group-AD39DEEC881B: succeeded to handle AppendEntries. Reply: s10<-s0#4865:OK-t1,SUCCESS,nextIndex=28,followerCommit=25,matchIndex=27
2023-03-07 04:41:10,282 INFO  statemachine.StateMachine (ArithmeticStateMachine.java:applyTransaction(182)) - LEADER:s10-27: b = 24 = 24
2023-03-07 04:41:10,283 DEBUG server.RaftServer$Division (RaftServerImpl.java:logAppendEntries(1429)) - s0@group-AD39DEEC881B: receive appendEntries(s10, 1, (t:1, i:27), 27, true, commits:[s10:c27, s0:c25, s1:c22], cId:4867, entries: [(t:1, i:28), METADATAENTRY(c:27)]
2023-03-07 04:41:10,283 DEBUG server.RaftServer$Division (RaftServerImpl.java:submitClientRequestAsync(832)) - s10@group-AD39DEEC881B: receive client request(RaftClientRequest:client-74E486EA5940->s10@group-AD39DEEC881B, cid=4868, seq=0, RW, Message:01016304010300040201...(size=17))
2023-03-07 04:41:10,283 DEBUG server.RaftServer$Division (RaftServerImpl.java:logAppendEntries(1429)) - s1@group-AD39DEEC881B: receive appendEntries(s10, 1, (t:1, i:23), 26, true, commits:[s10:c26, s0:c25, s1:c22], cId:4866, entries: [(t:1, i:24), METADATAENTRY(c:23), (t:1, i:25), STATEMACHINELOGENTRY, 4861@client-74E486EA5940, (t:1, i:26), METADATAENTRY(c:25), (t:1, i:27), STATEMACHINELOGENTRY, 4864@client-74E486EA5940]
2023-03-07 04:41:10,284 DEBUG server.RaftServer$Division (LeaderStateImpl.java:addPendingRequest(474)) - s10@group-AD39DEEC881B-LeaderStateImpl: addPendingRequest at RaftClientRequest:client-74E486EA5940->s10@group-AD39DEEC881B, cid=4868, seq=0, RW, Message:01016304010300040201...(size=17), entry=(t:1, i:29), STATEMACHINELOGENTRY, 4868@client-74E486EA5940
2023-03-07 04:41:10,284 DEBUG server.RaftServer$Division (RaftServerImpl.java:logAppendEntries(1429)) - s0@group-AD39DEEC881B: succeeded to handle AppendEntries. Reply: s10<-s0#4867:OK-t1,SUCCESS,nextIndex=29,followerCommit=27,matchIndex=28
2023-03-07 04:41:10,284 DEBUG server.RaftServer$Division (RaftServerImpl.java:logAppendEntries(1429)) - s1@group-AD39DEEC881B: succeeded to handle AppendEntries. Reply: s10<-s1#4866:OK-t1,SUCCESS,nextIndex=28,followerCommit=26,matchIndex=27
2023-03-07 04:41:10,286 DEBUG server.RaftServer$Division (RaftServerImpl.java:logAppendEntries(1429)) - s0@group-AD39DEEC881B: receive appendEntries(s10, 1, (t:1, i:28), 27, true, commits:[s10:c27, s0:c27, s1:c26], cId:4870, entries: [(t:1, i:29), STATEMACHINELOGENTRY, 4868@client-74E486EA5940]
2023-03-07 04:41:10,286 DEBUG server.RaftServer$Division (RaftServerImpl.java:logAppendEntries(1429)) - s1@group-AD39DEEC881B: receive appendEntries(s10, 1, (t:1, i:27), 27, true, commits:[s10:c27, s0:c25, s1:c26], cId:4869, entries: [(t:1, i:28), METADATAENTRY(c:27), (t:1, i:29), STATEMACHINELOGENTRY, 4868@client-74E486EA5940]
2023-03-07 04:41:10,288 DEBUG server.RaftServer$Division (RaftServerImpl.java:logAppendEntries(1429)) - s0@group-AD39DEEC881B: succeeded to handle AppendEntries. Reply: s10<-s0#4870:OK-t1,SUCCESS,nextIndex=30,followerCommit=27,matchIndex=29
2023-03-07 04:41:10,288 DEBUG server.RaftServer$Division (RaftServerImpl.java:logAppendEntries(1429)) - s1@group-AD39DEEC881B: succeeded to handle AppendEntries. Reply: s10<-s1#4869:OK-t1,SUCCESS,nextIndex=30,followerCommit=27,matchIndex=29
2023-03-07 04:41:10,289 INFO  statemachine.StateMachine (ArithmeticStateMachine.java:applyTransaction(182)) - LEADER:s10-29: c = √(a^2 + b^2) = 25
2023-03-07 04:41:10,290 DEBUG server.RaftServer$Division (RaftServerImpl.java:submitClientRequestAsync(832)) - s10@group-AD39DEEC881B: receive client request(RaftClientRequest:client-74E486EA5940->s10@group-AD39DEEC881B, cid=4872, seq=0, RW, Message:01016100)
2023-03-07 04:41:10,290 DEBUG server.RaftServer$Division (LeaderStateImpl.java:addPendingRequest(474)) - s10@group-AD39DEEC881B-LeaderStateImpl: addPendingRequest at RaftClientRequest:client-74E486EA5940->s10@group-AD39DEEC881B, cid=4872, seq=0, RW, Message:01016100, entry=(t:1, i:31), STATEMACHINELOGENTRY, 4872@client-74E486EA5940
2023-03-07 04:41:10,290 DEBUG server.RaftServer$Division (RaftServerImpl.java:logAppendEntries(1429)) - s0@group-AD39DEEC881B: receive appendEntries(s10, 1, (t:1, i:29), 29, true, commits:[s10:c29, s0:c27, s1:c27], cId:4873, entries: [(t:1, i:30), METADATAENTRY(c:29)]
2023-03-07 04:41:10,290 DEBUG server.RaftServer$Division (RaftServerImpl.java:logAppendEntries(1429)) - s1@group-AD39DEEC881B: receive appendEntries(s10, 1, (t:1, i:29), 29, true, commits:[s10:c29, s0:c27, s1:c27], cId:4871, entries: [(t:1, i:30), METADATAENTRY(c:29)]
2023-03-07 04:41:10,291 DEBUG server.RaftServer$Division (RaftServerImpl.java:logAppendEntries(1429)) - s0@group-AD39DEEC881B: succeeded to handle AppendEntries. Reply: s10<-s0#4873:OK-t1,SUCCESS,nextIndex=31,followerCommit=29,matchIndex=30
2023-03-07 04:41:10,291 DEBUG server.RaftServer$Division (RaftServerImpl.java:logAppendEntries(1429)) - s1@group-AD39DEEC881B: succeeded to handle AppendEntries. Reply: s10<-s1#4871:OK-t1,SUCCESS,nextIndex=31,followerCommit=29,matchIndex=30
2023-03-07 04:41:10,292 DEBUG server.RaftServer$Division (RaftServerImpl.java:logAppendEntries(1429)) - s1@group-AD39DEEC881B: receive appendEntries(s10, 1, (t:1, i:30), 30, true, commits:[s10:c30, s0:c29, s1:c29], cId:4875, entries: [(t:1, i:31), STATEMACHINELOGENTRY, 4872@client-74E486EA5940]
2023-03-07 04:41:10,293 DEBUG server.RaftServer$Division (RaftServerImpl.java:logAppendEntries(1429)) - s0@group-AD39DEEC881B: receive appendEntries(s10, 1, (t:1, i:30), 29, true, commits:[s10:c29, s0:c29, s1:c27], cId:4874, entries: [(t:1, i:31), STATEMACHINELOGENTRY, 4872@client-74E486EA5940]
2023-03-07 04:41:10,293 DEBUG server.RaftServer$Division (RaftServerImpl.java:logAppendEntries(1429)) - s1@group-AD39DEEC881B: succeeded to handle AppendEntries. Reply: s10<-s1#4875:OK-t1,SUCCESS,nextIndex=32,followerCommit=30,matchIndex=31
2023-03-07 04:41:10,293 DEBUG server.RaftServer$Division (RaftServerImpl.java:logAppendEntries(1429)) - s0@group-AD39DEEC881B: succeeded to handle AppendEntries. Reply: s10<-s0#4874:OK-t1,SUCCESS,nextIndex=32,followerCommit=29,matchIndex=31
2023-03-07 04:41:10,293 INFO  statemachine.StateMachine (ArithmeticStateMachine.java:applyTransaction(182)) - LEADER:s10-31: a = null = null
2023-03-07 04:41:10,294 DEBUG server.RaftServer$Division (RaftServerImpl.java:submitClientRequestAsync(832)) - s10@group-AD39DEEC881B: receive client request(RaftClientRequest:client-74E486EA5940->s10@group-AD39DEEC881B, cid=4877, seq=0, RW, Message:01016200)
2023-03-07 04:41:10,295 DEBUG server.RaftServer$Division (LeaderStateImpl.java:addPendingRequest(474)) - s10@group-AD39DEEC881B-LeaderStateImpl: addPendingRequest at RaftClientRequest:client-74E486EA5940->s10@group-AD39DEEC881B, cid=4877, seq=0, RW, Message:01016200, entry=(t:1, i:33), STATEMACHINELOGENTRY, 4877@client-74E486EA5940
2023-03-07 04:41:10,295 DEBUG server.RaftServer$Division (RaftServerImpl.java:logAppendEntries(1429)) - s0@group-AD39DEEC881B: receive appendEntries(s10, 1, (t:1, i:31), 31, true, commits:[s10:c31, s0:c29, s1:c30], cId:4878, entries: [(t:1, i:32), METADATAENTRY(c:31)]
2023-03-07 04:41:10,295 DEBUG server.RaftServer$Division (RaftServerImpl.java:logAppendEntries(1429)) - s1@group-AD39DEEC881B: receive appendEntries(s10, 1, (t:1, i:31), 31, true, commits:[s10:c31, s0:c29, s1:c30], cId:4876, entries: [(t:1, i:32), METADATAENTRY(c:31)]
2023-03-07 04:41:10,295 DEBUG server.RaftServer$Division (RaftServerImpl.java:logAppendEntries(1429)) - s0@group-AD39DEEC881B: succeeded to handle AppendEntries. Reply: s10<-s0#4878:OK-t1,SUCCESS,nextIndex=33,followerCommit=31,matchIndex=32
2023-03-07 04:41:10,295 DEBUG server.RaftServer$Division (RaftServerImpl.java:logAppendEntries(1429)) - s1@group-AD39DEEC881B: succeeded to handle AppendEntries. Reply: s10<-s1#4876:OK-t1,SUCCESS,nextIndex=33,followerCommit=31,matchIndex=32
2023-03-07 04:41:10,302 DEBUG server.RaftServer$Division (RaftServerImpl.java:logAppendEntries(1429)) - s1@group-AD39DEEC881B: receive appendEntries(s10, 1, (t:1, i:32), 32, true, commits:[s10:c32, s0:c31, s1:c31], cId:4880, entries: [(t:1, i:33), STATEMACHINELOGENTRY, 4877@client-74E486EA5940]
2023-03-07 04:41:10,303 DEBUG server.RaftServer$Division (RaftServerImpl.java:logAppendEntries(1429)) - s0@group-AD39DEEC881B: receive appendEntries(s10, 1, (t:1, i:32), 31, true, commits:[s10:c31, s0:c31, s1:c30], cId:4879, entries: [(t:1, i:33), STATEMACHINELOGENTRY, 4877@client-74E486EA5940]
2023-03-07 04:41:10,303 DEBUG server.RaftServer$Division (RaftServerImpl.java:logAppendEntries(1429)) - s1@group-AD39DEEC881B: succeeded to handle AppendEntries. Reply: s10<-s1#4880:OK-t1,SUCCESS,nextIndex=34,followerCommit=32,matchIndex=33
2023-03-07 04:41:10,303 DEBUG server.RaftServer$Division (RaftServerImpl.java:logAppendEntries(1429)) - s0@group-AD39DEEC881B: succeeded to handle AppendEntries. Reply: s10<-s0#4879:OK-t1,SUCCESS,nextIndex=34,followerCommit=31,matchIndex=33
2023-03-07 04:41:10,304 INFO  statemachine.StateMachine (ArithmeticStateMachine.java:applyTransaction(182)) - LEADER:s10-33: b = null = null
2023-03-07 04:41:10,305 DEBUG server.RaftServer$Division (RaftServerImpl.java:submitClientRequestAsync(832)) - s10@group-AD39DEEC881B: receive client request(RaftClientRequest:client-74E486EA5940->s10@group-AD39DEEC881B, cid=4882, seq=0, RW, Message:01016300)
2023-03-07 04:41:10,305 DEBUG server.RaftServer$Division (RaftServerImpl.java:logAppendEntries(1429)) - s0@group-AD39DEEC881B: receive appendEntries(s10, 1, (t:1, i:33), 33, true, commits:[s10:c33, s0:c31, s1:c31], cId:4881, entries: [(t:1, i:34), METADATAENTRY(c:33)]
2023-03-07 04:41:10,305 DEBUG server.RaftServer$Division (LeaderStateImpl.java:addPendingRequest(474)) - s10@group-AD39DEEC881B-LeaderStateImpl: addPendingRequest at RaftClientRequest:client-74E486EA5940->s10@group-AD39DEEC881B, cid=4882, seq=0, RW, Message:01016300, entry=(t:1, i:35), STATEMACHINELOGENTRY, 4882@client-74E486EA5940
2023-03-07 04:41:10,305 DEBUG server.RaftServer$Division (RaftServerImpl.java:logAppendEntries(1429)) - s1@group-AD39DEEC881B: receive appendEntries(s10, 1, (t:1, i:33), 33, true, commits:[s10:c33, s0:c31, s1:c32], cId:4883, entries: [(t:1, i:34), METADATAENTRY(c:33)]
2023-03-07 04:41:10,305 DEBUG server.RaftServer$Division (RaftServerImpl.java:logAppendEntries(1429)) - s0@group-AD39DEEC881B: succeeded to handle AppendEntries. Reply: s10<-s0#4881:OK-t1,SUCCESS,nextIndex=35,followerCommit=33,matchIndex=34
2023-03-07 04:41:10,306 DEBUG server.RaftServer$Division (RaftServerImpl.java:logAppendEntries(1429)) - s1@group-AD39DEEC881B: succeeded to handle AppendEntries. Reply: s10<-s1#4883:OK-t1,SUCCESS,nextIndex=35,followerCommit=33,matchIndex=34
2023-03-07 04:41:10,307 DEBUG server.RaftServer$Division (RaftServerImpl.java:logAppendEntries(1429)) - s1@group-AD39DEEC881B: receive appendEntries(s10, 1, (t:1, i:34), 34, true, commits:[s10:c34, s0:c33, s1:c33], cId:4885, entries: [(t:1, i:35), STATEMACHINELOGENTRY, 4882@client-74E486EA5940]
2023-03-07 04:41:10,307 DEBUG server.RaftServer$Division (RaftServerImpl.java:logAppendEntries(1429)) - s0@group-AD39DEEC881B: receive appendEntries(s10, 1, (t:1, i:34), 33, true, commits:[s10:c33, s0:c33, s1:c32], cId:4884, entries: [(t:1, i:35), STATEMACHINELOGENTRY, 4882@client-74E486EA5940]
2023-03-07 04:41:10,308 DEBUG server.RaftServer$Division (RaftServerImpl.java:logAppendEntries(1429)) - s1@group-AD39DEEC881B: succeeded to handle AppendEntries. Reply: s10<-s1#4885:OK-t1,SUCCESS,nextIndex=36,followerCommit=34,matchIndex=35
2023-03-07 04:41:10,308 DEBUG server.RaftServer$Division (RaftServerImpl.java:logAppendEntries(1429)) - s0@group-AD39DEEC881B: succeeded to handle AppendEntries. Reply: s10<-s0#4884:OK-t1,SUCCESS,nextIndex=36,followerCommit=33,matchIndex=35
2023-03-07 04:41:10,308 INFO  statemachine.StateMachine (ArithmeticStateMachine.java:applyTransaction(182)) - LEADER:s10-35: c = null = null
2023-03-07 04:41:10,309 DEBUG server.RaftServer$Division (RaftServerImpl.java:submitClientRequestAsync(832)) - s10@group-AD39DEEC881B: receive client request(RaftClientRequest:client-74E486EA5940->s10@group-AD39DEEC881B, cid=4887, seq=0, RW, Message:01016102402200000000...(size=12))
2023-03-07 04:41:10,309 DEBUG server.RaftServer$Division (LeaderStateImpl.java:addPendingRequest(474)) - s10@group-AD39DEEC881B-LeaderStateImpl: addPendingRequest at RaftClientRequest:client-74E486EA5940->s10@group-AD39DEEC881B, cid=4887, seq=0, RW, Message:01016102402200000000...(size=12), entry=(t:1, i:37), STATEMACHINELOGENTRY, 4887@client-74E486EA5940
2023-03-07 04:41:10,310 DEBUG server.RaftServer$Division (RaftServerImpl.java:logAppendEntries(1429)) - s0@group-AD39DEEC881B: receive appendEntries(s10, 1, (t:1, i:35), 35, true, commits:[s10:c35, s0:c33, s1:c34], cId:4888, entries: [(t:1, i:36), METADATAENTRY(c:35)]
2023-03-07 04:41:10,310 DEBUG server.RaftServer$Division (RaftServerImpl.java:logAppendEntries(1429)) - s1@group-AD39DEEC881B: receive appendEntries(s10, 1, (t:1, i:35), 35, true, commits:[s10:c35, s0:c33, s1:c34], cId:4886, entries: [(t:1, i:36), METADATAENTRY(c:35)]
2023-03-07 04:41:10,310 DEBUG server.RaftServer$Division (RaftServerImpl.java:logAppendEntries(1429)) - s1@group-AD39DEEC881B: succeeded to handle AppendEntries. Reply: s10<-s1#4886:OK-t1,SUCCESS,nextIndex=37,followerCommit=35,matchIndex=36
2023-03-07 04:41:10,310 DEBUG server.RaftServer$Division (RaftServerImpl.java:logAppendEntries(1429)) - s0@group-AD39DEEC881B: succeeded to handle AppendEntries. Reply: s10<-s0#4888:OK-t1,SUCCESS,nextIndex=37,followerCommit=35,matchIndex=36
2023-03-07 04:41:10,311 DEBUG server.RaftServer$Division (RaftServerImpl.java:logAppendEntries(1429)) - s1@group-AD39DEEC881B: receive appendEntries(s10, 1, (t:1, i:36), 35, true, commits:[s10:c35, s0:c33, s1:c35], cId:4889, entries: [(t:1, i:37), STATEMACHINELOGENTRY, 4887@client-74E486EA5940]
2023-03-07 04:41:10,312 DEBUG server.RaftServer$Division (RaftServerImpl.java:logAppendEntries(1429)) - s1@group-AD39DEEC881B: succeeded to handle AppendEntries. Reply: s10<-s1#4889:OK-t1,SUCCESS,nextIndex=38,followerCommit=35,matchIndex=37
2023-03-07 04:41:10,312 DEBUG server.RaftServer$Division (RaftServerImpl.java:logAppendEntries(1429)) - s0@group-AD39DEEC881B: receive appendEntries(s10, 1, (t:1, i:36), 36, true, commits:[s10:c36, s0:c35, s1:c35], cId:4890, entries: [(t:1, i:37), STATEMACHINELOGENTRY, 4887@client-74E486EA5940]
2023-03-07 04:41:10,312 DEBUG server.RaftServer$Division (RaftServerImpl.java:logAppendEntries(1429)) - s0@group-AD39DEEC881B: succeeded to handle AppendEntries. Reply: s10<-s0#4890:OK-t1,SUCCESS,nextIndex=38,followerCommit=36,matchIndex=37
2023-03-07 04:41:10,313 INFO  statemachine.StateMachine (ArithmeticStateMachine.java:applyTransaction(182)) - LEADER:s10-37: a = 9 = 9
2023-03-07 04:41:10,313 DEBUG server.RaftServer$Division (RaftServerImpl.java:logAppendEntries(1429)) - s1@group-AD39DEEC881B: receive appendEntries(s10, 1, (t:1, i:37), 37, true, commits:[s10:c37, s0:c35, s1:c35], cId:4891, entries: [(t:1, i:38), METADATAENTRY(c:37)]
2023-03-07 04:41:10,314 DEBUG server.RaftServer$Division (RaftServerImpl.java:submitClientRequestAsync(832)) - s10@group-AD39DEEC881B: receive client request(RaftClientRequest:client-74E486EA5940->s10@group-AD39DEEC881B, cid=4892, seq=0, RW, Message:01016202404400000000...(size=12))
2023-03-07 04:41:10,314 DEBUG server.RaftServer$Division (LeaderStateImpl.java:addPendingRequest(474)) - s10@group-AD39DEEC881B-LeaderStateImpl: addPendingRequest at RaftClientRequest:client-74E486EA5940->s10@group-AD39DEEC881B, cid=4892, seq=0, RW, Message:01016202404400000000...(size=12), entry=(t:1, i:39), STATEMACHINELOGENTRY, 4892@client-74E486EA5940
2023-03-07 04:41:10,314 DEBUG server.RaftServer$Division (RaftServerImpl.java:logAppendEntries(1429)) - s1@group-AD39DEEC881B: succeeded to handle AppendEntries. Reply: s10<-s1#4891:OK-t1,SUCCESS,nextIndex=39,followerCommit=37,matchIndex=38
2023-03-07 04:41:10,315 DEBUG server.RaftServer$Division (RaftServerImpl.java:logAppendEntries(1429)) - s0@group-AD39DEEC881B: receive appendEntries(s10, 1, (t:1, i:37), 37, true, commits:[s10:c37, s0:c36, s1:c35], cId:4893, entries: [(t:1, i:38), METADATAENTRY(c:37), (t:1, i:39), STATEMACHINELOGENTRY, 4892@client-74E486EA5940]
2023-03-07 04:41:10,315 DEBUG server.RaftServer$Division (RaftServerImpl.java:logAppendEntries(1429)) - s0@group-AD39DEEC881B: succeeded to handle AppendEntries. Reply: s10<-s0#4893:OK-t1,SUCCESS,nextIndex=40,followerCommit=37,matchIndex=39
2023-03-07 04:41:10,316 DEBUG server.RaftServer$Division (RaftServerImpl.java:logAppendEntries(1429)) - s1@group-AD39DEEC881B: receive appendEntries(s10, 1, (t:1, i:38), 37, true, commits:[s10:c37, s0:c36, s1:c37], cId:4894, entries: [(t:1, i:39), STATEMACHINELOGENTRY, 4892@client-74E486EA5940]
2023-03-07 04:41:10,316 INFO  statemachine.StateMachine (ArithmeticStateMachine.java:applyTransaction(182)) - LEADER:s10-39: b = 40 = 40
2023-03-07 04:41:10,317 DEBUG server.RaftServer$Division (RaftServerImpl.java:logAppendEntries(1429)) - s1@group-AD39DEEC881B: succeeded to handle AppendEntries. Reply: s10<-s1#4894:OK-t1,SUCCESS,nextIndex=40,followerCommit=37,matchIndex=39
2023-03-07 04:41:10,318 DEBUG server.RaftServer$Division (RaftServerImpl.java:submitClientRequestAsync(832)) - s10@group-AD39DEEC881B: receive client request(RaftClientRequest:client-74E486EA5940->s10@group-AD39DEEC881B, cid=4896, seq=0, RW, Message:01016304010300040201...(size=17))
2023-03-07 04:41:10,319 DEBUG server.RaftServer$Division (LeaderStateImpl.java:addPendingRequest(474)) - s10@group-AD39DEEC881B-LeaderStateImpl: addPendingRequest at RaftClientRequest:client-74E486EA5940->s10@group-AD39DEEC881B, cid=4896, seq=0, RW, Message:01016304010300040201...(size=17), entry=(t:1, i:41), STATEMACHINELOGENTRY, 4896@client-74E486EA5940
2023-03-07 04:41:10,319 DEBUG server.RaftServer$Division (RaftServerImpl.java:logAppendEntries(1429)) - s0@group-AD39DEEC881B: receive appendEntries(s10, 1, (t:1, i:39), 39, true, commits:[s10:c39, s0:c37, s1:c37], cId:4895, entries: [(t:1, i:40), METADATAENTRY(c:39)]
2023-03-07 04:41:10,319 DEBUG server.RaftServer$Division (RaftServerImpl.java:logAppendEntries(1429)) - s0@group-AD39DEEC881B: succeeded to handle AppendEntries. Reply: s10<-s0#4895:OK-t1,SUCCESS,nextIndex=41,followerCommit=39,matchIndex=40
2023-03-07 04:41:10,320 DEBUG server.RaftServer$Division (RaftServerImpl.java:logAppendEntries(1429)) - s1@group-AD39DEEC881B: receive appendEntries(s10, 1, (t:1, i:39), 39, true, commits:[s10:c39, s0:c37, s1:c37], cId:4897, entries: [(t:1, i:40), METADATAENTRY(c:39), (t:1, i:41), STATEMACHINELOGENTRY, 4896@client-74E486EA5940]
2023-03-07 04:41:10,320 DEBUG server.RaftServer$Division (RaftServerImpl.java:logAppendEntries(1429)) - s1@group-AD39DEEC881B: succeeded to handle AppendEntries. Reply: s10<-s1#4897:OK-t1,SUCCESS,nextIndex=42,followerCommit=39,matchIndex=41
2023-03-07 04:41:10,320 DEBUG server.RaftServer$Division (RaftServerImpl.java:logAppendEntries(1429)) - s0@group-AD39DEEC881B: receive appendEntries(s10, 1, (t:1, i:40), 39, true, commits:[s10:c39, s0:c39, s1:c37], cId:4898, entries: [(t:1, i:41), STATEMACHINELOGENTRY, 4896@client-74E486EA5940]
2023-03-07 04:41:10,321 DEBUG server.RaftServer$Division (RaftServerImpl.java:logAppendEntries(1429)) - s0@group-AD39DEEC881B: succeeded to handle AppendEntries. Reply: s10<-s0#4898:OK-t1,SUCCESS,nextIndex=42,followerCommit=39,matchIndex=41
2023-03-07 04:41:10,321 INFO  statemachine.StateMachine (ArithmeticStateMachine.java:applyTransaction(182)) - LEADER:s10-41: c = √(a^2 + b^2) = 41
2023-03-07 04:41:10,322 DEBUG server.RaftServer$Division (RaftServerImpl.java:submitClientRequestAsync(832)) - s10@group-AD39DEEC881B: receive client request(RaftClientRequest:client-74E486EA5940->s10@group-AD39DEEC881B, cid=4901, seq=0, RW, Message:01016100)
2023-03-07 04:41:10,322 DEBUG server.RaftServer$Division (LeaderStateImpl.java:addPendingRequest(474)) - s10@group-AD39DEEC881B-LeaderStateImpl: addPendingRequest at RaftClientRequest:client-74E486EA5940->s10@group-AD39DEEC881B, cid=4901, seq=0, RW, Message:01016100, entry=(t:1, i:43), STATEMACHINELOGENTRY, 4901@client-74E486EA5940
2023-03-07 04:41:10,322 DEBUG server.RaftServer$Division (RaftServerImpl.java:logAppendEntries(1429)) - s1@group-AD39DEEC881B: receive appendEntries(s10, 1, (t:1, i:41), 41, true, commits:[s10:c41, s0:c39, s1:c39], cId:4899, entries: [(t:1, i:42), METADATAENTRY(c:41)]
2023-03-07 04:41:10,322 DEBUG server.RaftServer$Division (RaftServerImpl.java:logAppendEntries(1429)) - s1@group-AD39DEEC881B: succeeded to handle AppendEntries. Reply: s10<-s1#4899:OK-t1,SUCCESS,nextIndex=43,followerCommit=41,matchIndex=42
2023-03-07 04:41:10,323 DEBUG server.RaftServer$Division (RaftServerImpl.java:logAppendEntries(1429)) - s0@group-AD39DEEC881B: receive appendEntries(s10, 1, (t:1, i:41), 41, true, commits:[s10:c41, s0:c39, s1:c39], cId:4900, entries: [(t:1, i:42), METADATAENTRY(c:41)]
2023-03-07 04:41:10,323 DEBUG server.RaftServer$Division (RaftServerImpl.java:logAppendEntries(1429)) - s0@group-AD39DEEC881B: succeeded to handle AppendEntries. Reply: s10<-s0#4900:OK-t1,SUCCESS,nextIndex=43,followerCommit=41,matchIndex=42
2023-03-07 04:41:10,324 DEBUG server.RaftServer$Division (RaftServerImpl.java:logAppendEntries(1429)) - s1@group-AD39DEEC881B: receive appendEntries(s10, 1, (t:1, i:42), 41, true, commits:[s10:c41, s0:c39, s1:c41], cId:4902, entries: [(t:1, i:43), STATEMACHINELOGENTRY, 4901@client-74E486EA5940]
2023-03-07 04:41:10,324 DEBUG server.RaftServer$Division (RaftServerImpl.java:logAppendEntries(1429)) - s1@group-AD39DEEC881B: succeeded to handle AppendEntries. Reply: s10<-s1#4902:OK-t1,SUCCESS,nextIndex=44,followerCommit=41,matchIndex=43
2023-03-07 04:41:10,324 DEBUG server.RaftServer$Division (RaftServerImpl.java:logAppendEntries(1429)) - s0@group-AD39DEEC881B: receive appendEntries(s10, 1, (t:1, i:42), 42, true, commits:[s10:c42, s0:c41, s1:c41], cId:4903, entries: [(t:1, i:43), STATEMACHINELOGENTRY, 4901@client-74E486EA5940]
2023-03-07 04:41:10,324 DEBUG server.RaftServer$Division (RaftServerImpl.java:logAppendEntries(1429)) - s0@group-AD39DEEC881B: succeeded to handle AppendEntries. Reply: s10<-s0#4903:OK-t1,SUCCESS,nextIndex=44,followerCommit=42,matchIndex=43
2023-03-07 04:41:10,324 INFO  statemachine.StateMachine (ArithmeticStateMachine.java:applyTransaction(182)) - LEADER:s10-43: a = null = null
2023-03-07 04:41:10,325 DEBUG server.RaftServer$Division (RaftServerImpl.java:logAppendEntries(1429)) - s1@group-AD39DEEC881B: receive appendEntries(s10, 1, (t:1, i:43), 43, true, commits:[s10:c43, s0:c41, s1:c41], cId:4904, entries: [(t:1, i:44), METADATAENTRY(c:43)]
2023-03-07 04:41:10,325 DEBUG server.RaftServer$Division (RaftServerImpl.java:submitClientRequestAsync(832)) - s10@group-AD39DEEC881B: receive client request(RaftClientRequest:client-74E486EA5940->s10@group-AD39DEEC881B, cid=4906, seq=0, RW, Message:01016200)
2023-03-07 04:41:10,326 DEBUG server.RaftServer$Division (LeaderStateImpl.java:addPendingRequest(474)) - s10@group-AD39DEEC881B-LeaderStateImpl: addPendingRequest at RaftClientRequest:client-74E486EA5940->s10@group-AD39DEEC881B, cid=4906, seq=0, RW, Message:01016200, entry=(t:1, i:45), STATEMACHINELOGENTRY, 4906@client-74E486EA5940
2023-03-07 04:41:10,326 DEBUG server.RaftServer$Division (RaftServerImpl.java:logAppendEntries(1429)) - s1@group-AD39DEEC881B: succeeded to handle AppendEntries. Reply: s10<-s1#4904:OK-t1,SUCCESS,nextIndex=45,followerCommit=43,matchIndex=44
2023-03-07 04:41:10,326 DEBUG server.RaftServer$Division (RaftServerImpl.java:logAppendEntries(1429)) - s0@group-AD39DEEC881B: receive appendEntries(s10, 1, (t:1, i:43), 43, true, commits:[s10:c43, s0:c42, s1:c41], cId:4905, entries: [(t:1, i:44), METADATAENTRY(c:43)]
2023-03-07 04:41:10,326 DEBUG server.RaftServer$Division (RaftServerImpl.java:logAppendEntries(1429)) - s0@group-AD39DEEC881B: succeeded to handle AppendEntries. Reply: s10<-s0#4905:OK-t1,SUCCESS,nextIndex=45,followerCommit=43,matchIndex=44
2023-03-07 04:41:10,327 DEBUG server.RaftServer$Division (RaftServerImpl.java:logAppendEntries(1429)) - s1@group-AD39DEEC881B: receive appendEntries(s10, 1, (t:1, i:44), 44, true, commits:[s10:c44, s0:c42, s1:c43], cId:4907, entries: [(t:1, i:45), STATEMACHINELOGENTRY, 4906@client-74E486EA5940]
2023-03-07 04:41:10,327 DEBUG server.RaftServer$Division (RaftServerImpl.java:logAppendEntries(1429)) - s1@group-AD39DEEC881B: succeeded to handle AppendEntries. Reply: s10<-s1#4907:OK-t1,SUCCESS,nextIndex=46,followerCommit=44,matchIndex=45
2023-03-07 04:41:10,327 DEBUG server.RaftServer$Division (RaftServerImpl.java:logAppendEntries(1429)) - s0@group-AD39DEEC881B: receive appendEntries(s10, 1, (t:1, i:44), 44, true, commits:[s10:c44, s0:c43, s1:c43], cId:4908, entries: [(t:1, i:45), STATEMACHINELOGENTRY, 4906@client-74E486EA5940]
2023-03-07 04:41:10,327 DEBUG server.RaftServer$Division (RaftServerImpl.java:logAppendEntries(1429)) - s0@group-AD39DEEC881B: succeeded to handle AppendEntries. Reply: s10<-s0#4908:OK-t1,SUCCESS,nextIndex=46,followerCommit=44,matchIndex=45
2023-03-07 04:41:10,328 INFO  statemachine.StateMachine (ArithmeticStateMachine.java:applyTransaction(182)) - LEADER:s10-45: b = null = null
2023-03-07 04:41:10,328 DEBUG server.RaftServer$Division (RaftServerImpl.java:logAppendEntries(1429)) - s1@group-AD39DEEC881B: receive appendEntries(s10, 1, (t:1, i:45), 45, true, commits:[s10:c45, s0:c43, s1:c44], cId:4909, entries: [(t:1, i:46), METADATAENTRY(c:45)]
2023-03-07 04:41:10,329 DEBUG server.RaftServer$Division (RaftServerImpl.java:submitClientRequestAsync(832)) - s10@group-AD39DEEC881B: receive client request(RaftClientRequest:client-74E486EA5940->s10@group-AD39DEEC881B, cid=4911, seq=0, RW, Message:01016300)
2023-03-07 04:41:10,329 DEBUG server.RaftServer$Division (RaftServerImpl.java:logAppendEntries(1429)) - s0@group-AD39DEEC881B: receive appendEntries(s10, 1, (t:1, i:45), 45, true, commits:[s10:c45, s0:c44, s1:c44], cId:4910, entries: [(t:1, i:46), METADATAENTRY(c:45)]
2023-03-07 04:41:10,329 DEBUG server.RaftServer$Division (RaftServerImpl.java:logAppendEntries(1429)) - s1@group-AD39DEEC881B: succeeded to handle AppendEntries. Reply: s10<-s1#4909:OK-t1,SUCCESS,nextIndex=47,followerCommit=45,matchIndex=46
2023-03-07 04:41:10,329 DEBUG server.RaftServer$Division (LeaderStateImpl.java:addPendingRequest(474)) - s10@group-AD39DEEC881B-LeaderStateImpl: addPendingRequest at RaftClientRequest:client-74E486EA5940->s10@group-AD39DEEC881B, cid=4911, seq=0, RW, Message:01016300, entry=(t:1, i:47), STATEMACHINELOGENTRY, 4911@client-74E486EA5940
2023-03-07 04:41:10,329 DEBUG server.RaftServer$Division (RaftServerImpl.java:logAppendEntries(1429)) - s0@group-AD39DEEC881B: succeeded to handle AppendEntries. Reply: s10<-s0#4910:OK-t1,SUCCESS,nextIndex=47,followerCommit=45,matchIndex=46
2023-03-07 04:41:10,330 DEBUG server.RaftServer$Division (RaftServerImpl.java:logAppendEntries(1429)) - s1@group-AD39DEEC881B: receive appendEntries(s10, 1, (t:1, i:46), 45, true, commits:[s10:c45, s0:c45, s1:c45], cId:4913, entries: [(t:1, i:47), STATEMACHINELOGENTRY, 4911@client-74E486EA5940]
2023-03-07 04:41:10,330 DEBUG server.RaftServer$Division (RaftServerImpl.java:logAppendEntries(1429)) - s0@group-AD39DEEC881B: receive appendEntries(s10, 1, (t:1, i:46), 45, true, commits:[s10:c45, s0:c45, s1:c45], cId:4912, entries: [(t:1, i:47), STATEMACHINELOGENTRY, 4911@client-74E486EA5940]
2023-03-07 04:41:10,331 DEBUG server.RaftServer$Division (RaftServerImpl.java:logAppendEntries(1429)) - s1@group-AD39DEEC881B: succeeded to handle AppendEntries. Reply: s10<-s1#4913:OK-t1,SUCCESS,nextIndex=48,followerCommit=45,matchIndex=47
2023-03-07 04:41:10,331 DEBUG server.RaftServer$Division (RaftServerImpl.java:logAppendEntries(1429)) - s0@group-AD39DEEC881B: succeeded to handle AppendEntries. Reply: s10<-s0#4912:OK-t1,SUCCESS,nextIndex=48,followerCommit=45,matchIndex=47
2023-03-07 04:41:10,331 INFO  statemachine.StateMachine (ArithmeticStateMachine.java:applyTransaction(182)) - LEADER:s10-47: c = null = null
2023-03-07 04:41:10,332 DEBUG server.RaftServer$Division (RaftServerImpl.java:submitClientRequestAsync(832)) - s10@group-AD39DEEC881B: receive client request(RaftClientRequest:client-74E486EA5940->s10@group-AD39DEEC881B, cid=4915, seq=0, RW, Message:01016102402600000000...(size=12))
2023-03-07 04:41:10,332 DEBUG server.RaftServer$Division (LeaderStateImpl.java:addPendingRequest(474)) - s10@group-AD39DEEC881B-LeaderStateImpl: addPendingRequest at RaftClientRequest:client-74E486EA5940->s10@group-AD39DEEC881B, cid=4915, seq=0, RW, Message:01016102402600000000...(size=12), entry=(t:1, i:49), STATEMACHINELOGENTRY, 4915@client-74E486EA5940
2023-03-07 04:41:10,332 DEBUG server.RaftServer$Division (RaftServerImpl.java:logAppendEntries(1429)) - s1@group-AD39DEEC881B: receive appendEntries(s10, 1, (t:1, i:47), 47, true, commits:[s10:c47, s0:c45, s1:c45], cId:4914, entries: [(t:1, i:48), METADATAENTRY(c:47)]
2023-03-07 04:41:10,332 DEBUG server.RaftServer$Division (RaftServerImpl.java:logAppendEntries(1429)) - s1@group-AD39DEEC881B: succeeded to handle AppendEntries. Reply: s10<-s1#4914:OK-t1,SUCCESS,nextIndex=49,followerCommit=47,matchIndex=48
2023-03-07 04:41:10,333 DEBUG server.RaftServer$Division (RaftServerImpl.java:logAppendEntries(1429)) - s0@group-AD39DEEC881B: receive appendEntries(s10, 1, (t:1, i:47), 47, true, commits:[s10:c47, s0:c45, s1:c45], cId:4916, entries: [(t:1, i:48), METADATAENTRY(c:47)]
2023-03-07 04:41:10,333 DEBUG server.RaftServer$Division (RaftServerImpl.java:logAppendEntries(1429)) - s0@group-AD39DEEC881B: succeeded to handle AppendEntries. Reply: s10<-s0#4916:OK-t1,SUCCESS,nextIndex=49,followerCommit=47,matchIndex=48
2023-03-07 04:41:10,334 DEBUG server.RaftServer$Division (RaftServerImpl.java:logAppendEntries(1429)) - s1@group-AD39DEEC881B: receive appendEntries(s10, 1, (t:1, i:48), 47, true, commits:[s10:c47, s0:c45, s1:c47], cId:4917, entries: [(t:1, i:49), STATEMACHINELOGENTRY, 4915@client-74E486EA5940]
2023-03-07 04:41:10,334 DEBUG server.RaftServer$Division (RaftServerImpl.java:logAppendEntries(1429)) - s0@group-AD39DEEC881B: receive appendEntries(s10, 1, (t:1, i:48), 48, true, commits:[s10:c48, s0:c47, s1:c47], cId:4918, entries: [(t:1, i:49), STATEMACHINELOGENTRY, 4915@client-74E486EA5940]
2023-03-07 04:41:10,334 DEBUG server.RaftServer$Division (RaftServerImpl.java:logAppendEntries(1429)) - s1@group-AD39DEEC881B: succeeded to handle AppendEntries. Reply: s10<-s1#4917:OK-t1,SUCCESS,nextIndex=50,followerCommit=47,matchIndex=49
2023-03-07 04:41:10,335 DEBUG server.RaftServer$Division (RaftServerImpl.java:logAppendEntries(1429)) - s0@group-AD39DEEC881B: succeeded to handle AppendEntries. Reply: s10<-s0#4918:OK-t1,SUCCESS,nextIndex=50,followerCommit=48,matchIndex=49
2023-03-07 04:41:10,335 INFO  statemachine.StateMachine (ArithmeticStateMachine.java:applyTransaction(182)) - LEADER:s10-49: a = 11 = 11
2023-03-07 04:41:10,336 DEBUG server.RaftServer$Division (RaftServerImpl.java:logAppendEntries(1429)) - s1@group-AD39DEEC881B: receive appendEntries(s10, 1, (t:1, i:49), 49, true, commits:[s10:c49, s0:c47, s1:c47], cId:4919, entries: [(t:1, i:50), METADATAENTRY(c:49)]
2023-03-07 04:41:10,336 DEBUG server.RaftServer$Division (RaftServerImpl.java:logAppendEntries(1429)) - s0@group-AD39DEEC881B: receive appendEntries(s10, 1, (t:1, i:49), 49, true, commits:[s10:c49, s0:c48, s1:c47], cId:4920, entries: [(t:1, i:50), METADATAENTRY(c:49)]
2023-03-07 04:41:10,336 DEBUG server.RaftServer$Division (RaftServerImpl.java:submitClientRequestAsync(832)) - s10@group-AD39DEEC881B: receive client request(RaftClientRequest:client-74E486EA5940->s10@group-AD39DEEC881B, cid=4921, seq=0, RW, Message:01016202404e00000000...(size=12))
2023-03-07 04:41:10,337 DEBUG server.RaftServer$Division (RaftServerImpl.java:logAppendEntries(1429)) - s1@group-AD39DEEC881B: succeeded to handle AppendEntries. Reply: s10<-s1#4919:OK-t1,SUCCESS,nextIndex=51,followerCommit=49,matchIndex=50
2023-03-07 04:41:10,338 DEBUG server.RaftServer$Division (LeaderStateImpl.java:addPendingRequest(474)) - s10@group-AD39DEEC881B-LeaderStateImpl: addPendingRequest at RaftClientRequest:client-74E486EA5940->s10@group-AD39DEEC881B, cid=4921, seq=0, RW, Message:01016202404e00000000...(size=12), entry=(t:1, i:51), STATEMACHINELOGENTRY, 4921@client-74E486EA5940
2023-03-07 04:41:10,338 DEBUG server.RaftServer$Division (RaftServerImpl.java:logAppendEntries(1429)) - s0@group-AD39DEEC881B: succeeded to handle AppendEntries. Reply: s10<-s0#4920:OK-t1,SUCCESS,nextIndex=51,followerCommit=49,matchIndex=50
2023-03-07 04:41:10,339 DEBUG server.RaftServer$Division (RaftServerImpl.java:logAppendEntries(1429)) - s1@group-AD39DEEC881B: receive appendEntries(s10, 1, (t:1, i:50), 49, true, commits:[s10:c49, s0:c48, s1:c49], cId:4922, entries: [(t:1, i:51), STATEMACHINELOGENTRY, 4921@client-74E486EA5940]
2023-03-07 04:41:10,339 DEBUG server.RaftServer$Division (RaftServerImpl.java:logAppendEntries(1429)) - s1@group-AD39DEEC881B: succeeded to handle AppendEntries. Reply: s10<-s1#4922:OK-t1,SUCCESS,nextIndex=52,followerCommit=49,matchIndex=51
2023-03-07 04:41:10,339 DEBUG server.RaftServer$Division (RaftServerImpl.java:logAppendEntries(1429)) - s0@group-AD39DEEC881B: receive appendEntries(s10, 1, (t:1, i:50), 50, true, commits:[s10:c50, s0:c49, s1:c49], cId:4923, entries: [(t:1, i:51), STATEMACHINELOGENTRY, 4921@client-74E486EA5940]
2023-03-07 04:41:10,339 INFO  statemachine.StateMachine (ArithmeticStateMachine.java:applyTransaction(182)) - LEADER:s10-51: b = 60 = 60
2023-03-07 04:41:10,339 DEBUG server.RaftServer$Division (RaftServerImpl.java:logAppendEntries(1429)) - s0@group-AD39DEEC881B: succeeded to handle AppendEntries. Reply: s10<-s0#4923:OK-t1,SUCCESS,nextIndex=52,followerCommit=50,matchIndex=51
2023-03-07 04:41:10,340 DEBUG server.RaftServer$Division (RaftServerImpl.java:logAppendEntries(1429)) - s1@group-AD39DEEC881B: receive appendEntries(s10, 1, (t:1, i:51), 51, true, commits:[s10:c51, s0:c49, s1:c49], cId:4924, entries: [(t:1, i:52), METADATAENTRY(c:51)]
2023-03-07 04:41:10,340 DEBUG server.RaftServer$Division (RaftServerImpl.java:submitClientRequestAsync(832)) - s10@group-AD39DEEC881B: receive client request(RaftClientRequest:client-74E486EA5940->s10@group-AD39DEEC881B, cid=4925, seq=0, RW, Message:01016304010300040201...(size=17))
2023-03-07 04:41:10,341 DEBUG server.RaftServer$Division (LeaderStateImpl.java:addPendingRequest(474)) - s10@group-AD39DEEC881B-LeaderStateImpl: addPendingRequest at RaftClientRequest:client-74E486EA5940->s10@group-AD39DEEC881B, cid=4925, seq=0, RW, Message:01016304010300040201...(size=17), entry=(t:1, i:53), STATEMACHINELOGENTRY, 4925@client-74E486EA5940
2023-03-07 04:41:10,341 DEBUG server.RaftServer$Division (RaftServerImpl.java:logAppendEntries(1429)) - s0@group-AD39DEEC881B: receive appendEntries(s10, 1, (t:1, i:51), 51, true, commits:[s10:c51, s0:c50, s1:c49], cId:4926, entries: [(t:1, i:52), METADATAENTRY(c:51)]
2023-03-07 04:41:10,341 DEBUG server.RaftServer$Division (RaftServerImpl.java:logAppendEntries(1429)) - s1@group-AD39DEEC881B: succeeded to handle AppendEntries. Reply: s10<-s1#4924:OK-t1,SUCCESS,nextIndex=53,followerCommit=51,matchIndex=52
2023-03-07 04:41:10,342 DEBUG server.RaftServer$Division (RaftServerImpl.java:logAppendEntries(1429)) - s0@group-AD39DEEC881B: succeeded to handle AppendEntries. Reply: s10<-s0#4926:OK-t1,SUCCESS,nextIndex=53,followerCommit=51,matchIndex=52
2023-03-07 04:41:10,342 DEBUG server.RaftServer$Division (RaftServerImpl.java:logAppendEntries(1429)) - s0@group-AD39DEEC881B: receive appendEntries(s10, 1, (t:1, i:52), 52, true, commits:[s10:c52, s0:c51, s1:c51], cId:4928, entries: [(t:1, i:53), STATEMACHINELOGENTRY, 4925@client-74E486EA5940]
2023-03-07 04:41:10,343 DEBUG server.RaftServer$Division (RaftServerImpl.java:logAppendEntries(1429)) - s0@group-AD39DEEC881B: succeeded to handle AppendEntries. Reply: s10<-s0#4928:OK-t1,SUCCESS,nextIndex=54,followerCommit=52,matchIndex=53
2023-03-07 04:41:10,344 INFO  statemachine.StateMachine (ArithmeticStateMachine.java:applyTransaction(182)) - LEADER:s10-53: c = √(a^2 + b^2) = 61
2023-03-07 04:41:10,344 DEBUG server.RaftServer$Division (RaftServerImpl.java:logAppendEntries(1429)) - s1@group-AD39DEEC881B: receive appendEntries(s10, 1, (t:1, i:52), 52, true, commits:[s10:c52, s0:c50, s1:c51], cId:4927, entries: [(t:1, i:53), STATEMACHINELOGENTRY, 4925@client-74E486EA5940]
2023-03-07 04:41:10,344 DEBUG server.RaftServer$Division (RaftServerImpl.java:logAppendEntries(1429)) - s1@group-AD39DEEC881B: succeeded to handle AppendEntries. Reply: s10<-s1#4927:OK-t1,SUCCESS,nextIndex=54,followerCommit=52,matchIndex=53
2023-03-07 04:41:10,345 DEBUG server.RaftServer$Division (RaftServerImpl.java:submitClientRequestAsync(832)) - s10@group-AD39DEEC881B: receive client request(RaftClientRequest:client-74E486EA5940->s10@group-AD39DEEC881B, cid=4930, seq=0, RW, Message:01016100)
2023-03-07 04:41:10,345 DEBUG server.RaftServer$Division (RaftServerImpl.java:logAppendEntries(1429)) - s1@group-AD39DEEC881B: receive appendEntries(s10, 1, (t:1, i:53), 53, true, commits:[s10:c53, s0:c52, s1:c52], cId:4931, entries: [(t:1, i:54), METADATAENTRY(c:53)]
2023-03-07 04:41:10,345 DEBUG server.RaftServer$Division (LeaderStateImpl.java:addPendingRequest(474)) - s10@group-AD39DEEC881B-LeaderStateImpl: addPendingRequest at RaftClientRequest:client-74E486EA5940->s10@group-AD39DEEC881B, cid=4930, seq=0, RW, Message:01016100, entry=(t:1, i:55), STATEMACHINELOGENTRY, 4930@client-74E486EA5940
2023-03-07 04:41:10,346 DEBUG server.RaftServer$Division (RaftServerImpl.java:logAppendEntries(1429)) - s1@group-AD39DEEC881B: succeeded to handle AppendEntries. Reply: s10<-s1#4931:OK-t1,SUCCESS,nextIndex=55,followerCommit=53,matchIndex=54
2023-03-07 04:41:10,346 DEBUG server.RaftServer$Division (RaftServerImpl.java:logAppendEntries(1429)) - s0@group-AD39DEEC881B: receive appendEntries(s10, 1, (t:1, i:53), 53, true, commits:[s10:c53, s0:c52, s1:c51], cId:4929, entries: [(t:1, i:54), METADATAENTRY(c:53)]
2023-03-07 04:41:10,346 DEBUG server.RaftServer$Division (RaftServerImpl.java:logAppendEntries(1429)) - s0@group-AD39DEEC881B: succeeded to handle AppendEntries. Reply: s10<-s0#4929:OK-t1,SUCCESS,nextIndex=55,followerCommit=53,matchIndex=54
2023-03-07 04:41:10,347 DEBUG server.RaftServer$Division (RaftServerImpl.java:logAppendEntries(1429)) - s1@group-AD39DEEC881B: receive appendEntries(s10, 1, (t:1, i:54), 53, true, commits:[s10:c53, s0:c52, s1:c53], cId:4932, entries: [(t:1, i:55), STATEMACHINELOGENTRY, 4930@client-74E486EA5940]
2023-03-07 04:41:10,347 DEBUG server.RaftServer$Division (RaftServerImpl.java:logAppendEntries(1429)) - s0@group-AD39DEEC881B: receive appendEntries(s10, 1, (t:1, i:54), 54, true, commits:[s10:c54, s0:c53, s1:c53], cId:4933, entries: [(t:1, i:55), STATEMACHINELOGENTRY, 4930@client-74E486EA5940]
2023-03-07 04:41:10,352 DEBUG server.RaftServer$Division (RaftServerImpl.java:logAppendEntries(1429)) - s1@group-AD39DEEC881B: succeeded to handle AppendEntries. Reply: s10<-s1#4932:OK-t1,SUCCESS,nextIndex=56,followerCommit=53,matchIndex=55
2023-03-07 04:41:10,352 DEBUG server.RaftServer$Division (RaftServerImpl.java:logAppendEntries(1429)) - s0@group-AD39DEEC881B: succeeded to handle AppendEntries. Reply: s10<-s0#4933:OK-t1,SUCCESS,nextIndex=56,followerCommit=54,matchIndex=55
2023-03-07 04:41:10,353 INFO  statemachine.StateMachine (ArithmeticStateMachine.java:applyTransaction(182)) - LEADER:s10-55: a = null = null
2023-03-07 04:41:10,354 DEBUG server.RaftServer$Division (RaftServerImpl.java:submitClientRequestAsync(832)) - s10@group-AD39DEEC881B: receive client request(RaftClientRequest:client-74E486EA5940->s10@group-AD39DEEC881B, cid=4936, seq=0, RW, Message:01016200)
2023-03-07 04:41:10,354 DEBUG server.RaftServer$Division (LeaderStateImpl.java:addPendingRequest(474)) - s10@group-AD39DEEC881B-LeaderStateImpl: addPendingRequest at RaftClientRequest:client-74E486EA5940->s10@group-AD39DEEC881B, cid=4936, seq=0, RW, Message:01016200, entry=(t:1, i:57), STATEMACHINELOGENTRY, 4936@client-74E486EA5940
2023-03-07 04:41:10,354 DEBUG server.RaftServer$Division (RaftServerImpl.java:logAppendEntries(1429)) - s1@group-AD39DEEC881B: receive appendEntries(s10, 1, (t:1, i:55), 55, true, commits:[s10:c55, s0:c54, s1:c53], cId:4935, entries: [(t:1, i:56), METADATAENTRY(c:55)]
2023-03-07 04:41:10,355 DEBUG server.RaftServer$Division (RaftServerImpl.java:logAppendEntries(1429)) - s0@group-AD39DEEC881B: receive appendEntries(s10, 1, (t:1, i:55), 55, true, commits:[s10:c55, s0:c54, s1:c53], cId:4934, entries: [(t:1, i:56), METADATAENTRY(c:55)]
2023-03-07 04:41:10,355 DEBUG server.RaftServer$Division (RaftServerImpl.java:logAppendEntries(1429)) - s1@group-AD39DEEC881B: succeeded to handle AppendEntries. Reply: s10<-s1#4935:OK-t1,SUCCESS,nextIndex=57,followerCommit=55,matchIndex=56
2023-03-07 04:41:10,355 DEBUG server.RaftServer$Division (RaftServerImpl.java:logAppendEntries(1429)) - s0@group-AD39DEEC881B: succeeded to handle AppendEntries. Reply: s10<-s0#4934:OK-t1,SUCCESS,nextIndex=57,followerCommit=55,matchIndex=56
2023-03-07 04:41:10,356 DEBUG server.RaftServer$Division (RaftServerImpl.java:logAppendEntries(1429)) - s0@group-AD39DEEC881B: receive appendEntries(s10, 1, (t:1, i:56), 55, true, commits:[s10:c55, s0:c55, s1:c55], cId:4937, entries: [(t:1, i:57), STATEMACHINELOGENTRY, 4936@client-74E486EA5940]
2023-03-07 04:41:10,356 DEBUG server.RaftServer$Division (RaftServerImpl.java:logAppendEntries(1429)) - s1@group-AD39DEEC881B: receive appendEntries(s10, 1, (t:1, i:56), 55, true, commits:[s10:c55, s0:c55, s1:c55], cId:4938, entries: [(t:1, i:57), STATEMACHINELOGENTRY, 4936@client-74E486EA5940]
2023-03-07 04:41:10,357 DEBUG server.RaftServer$Division (RaftServerImpl.java:logAppendEntries(1429)) - s0@group-AD39DEEC881B: succeeded to handle AppendEntries. Reply: s10<-s0#4937:OK-t1,SUCCESS,nextIndex=58,followerCommit=55,matchIndex=57
2023-03-07 04:41:10,357 DEBUG server.RaftServer$Division (RaftServerImpl.java:logAppendEntries(1429)) - s1@group-AD39DEEC881B: succeeded to handle AppendEntries. Reply: s10<-s1#4938:OK-t1,SUCCESS,nextIndex=58,followerCommit=55,matchIndex=57
2023-03-07 04:41:10,357 INFO  statemachine.StateMachine (ArithmeticStateMachine.java:applyTransaction(182)) - LEADER:s10-57: b = null = null
2023-03-07 04:41:10,360 DEBUG server.RaftServer$Division (RaftServerImpl.java:submitClientRequestAsync(832)) - s10@group-AD39DEEC881B: receive client request(RaftClientRequest:client-74E486EA5940->s10@group-AD39DEEC881B, cid=4941, seq=0, RW, Message:01016300)
2023-03-07 04:41:10,361 DEBUG server.RaftServer$Division (RaftServerImpl.java:logAppendEntries(1429)) - s0@group-AD39DEEC881B: receive appendEntries(s10, 1, (t:1, i:57), 57, true, commits:[s10:c57, s0:c55, s1:c55], cId:4940, entries: [(t:1, i:58), METADATAENTRY(c:57)]
2023-03-07 04:41:10,361 DEBUG server.RaftServer$Division (LeaderStateImpl.java:addPendingRequest(474)) - s10@group-AD39DEEC881B-LeaderStateImpl: addPendingRequest at RaftClientRequest:client-74E486EA5940->s10@group-AD39DEEC881B, cid=4941, seq=0, RW, Message:01016300, entry=(t:1, i:59), STATEMACHINELOGENTRY, 4941@client-74E486EA5940
2023-03-07 04:41:10,361 DEBUG server.RaftServer$Division (RaftServerImpl.java:logAppendEntries(1429)) - s0@group-AD39DEEC881B: succeeded to handle AppendEntries. Reply: s10<-s0#4940:OK-t1,SUCCESS,nextIndex=59,followerCommit=57,matchIndex=58
2023-03-07 04:41:10,361 DEBUG server.RaftServer$Division (RaftServerImpl.java:logAppendEntries(1429)) - s1@group-AD39DEEC881B: receive appendEntries(s10, 1, (t:1, i:57), 57, true, commits:[s10:c57, s0:c55, s1:c55], cId:4939, entries: [(t:1, i:58), METADATAENTRY(c:57)]
2023-03-07 04:41:10,361 DEBUG server.RaftServer$Division (RaftServerImpl.java:logAppendEntries(1429)) - s1@group-AD39DEEC881B: succeeded to handle AppendEntries. Reply: s10<-s1#4939:OK-t1,SUCCESS,nextIndex=59,followerCommit=57,matchIndex=58
2023-03-07 04:41:10,362 DEBUG server.RaftServer$Division (RaftServerImpl.java:logAppendEntries(1429)) - s0@group-AD39DEEC881B: receive appendEntries(s10, 1, (t:1, i:58), 57, true, commits:[s10:c57, s0:c57, s1:c55], cId:4942, entries: [(t:1, i:59), STATEMACHINELOGENTRY, 4941@client-74E486EA5940]
2023-03-07 04:41:10,362 DEBUG server.RaftServer$Division (RaftServerImpl.java:logAppendEntries(1429)) - s0@group-AD39DEEC881B: succeeded to handle AppendEntries. Reply: s10<-s0#4942:OK-t1,SUCCESS,nextIndex=60,followerCommit=57,matchIndex=59
2023-03-07 04:41:10,363 DEBUG server.RaftServer$Division (RaftServerImpl.java:logAppendEntries(1429)) - s1@group-AD39DEEC881B: receive appendEntries(s10, 1, (t:1, i:58), 58, true, commits:[s10:c58, s0:c57, s1:c57], cId:4943, entries: [(t:1, i:59), STATEMACHINELOGENTRY, 4941@client-74E486EA5940]
2023-03-07 04:41:10,363 INFO  statemachine.StateMachine (ArithmeticStateMachine.java:applyTransaction(182)) - LEADER:s10-59: c = null = null
2023-03-07 04:41:10,363 DEBUG server.RaftServer$Division (RaftServerImpl.java:logAppendEntries(1429)) - s0@group-AD39DEEC881B: receive appendEntries(s10, 1, (t:1, i:59), 59, true, commits:[s10:c59, s0:c57, s1:c57], cId:4944, entries: [(t:1, i:60), METADATAENTRY(c:59)]
2023-03-07 04:41:10,364 DEBUG server.RaftServer$Division (RaftServerImpl.java:submitClientRequestAsync(832)) - s10@group-AD39DEEC881B: receive client request(RaftClientRequest:client-74E486EA5940->s10@group-AD39DEEC881B, cid=4945, seq=0, RW, Message:01016102402a00000000...(size=12))
2023-03-07 04:41:10,364 DEBUG server.RaftServer$Division (LeaderStateImpl.java:addPendingRequest(474)) - s10@group-AD39DEEC881B-LeaderStateImpl: addPendingRequest at RaftClientRequest:client-74E486EA5940->s10@group-AD39DEEC881B, cid=4945, seq=0, RW, Message:01016102402a00000000...(size=12), entry=(t:1, i:61), STATEMACHINELOGENTRY, 4945@client-74E486EA5940
2023-03-07 04:41:10,364 DEBUG server.RaftServer$Division (RaftServerImpl.java:logAppendEntries(1429)) - s0@group-AD39DEEC881B: succeeded to handle AppendEntries. Reply: s10<-s0#4944:OK-t1,SUCCESS,nextIndex=61,followerCommit=59,matchIndex=60
2023-03-07 04:41:10,364 DEBUG server.RaftServer$Division (RaftServerImpl.java:logAppendEntries(1429)) - s1@group-AD39DEEC881B: succeeded to handle AppendEntries. Reply: s10<-s1#4943:OK-t1,SUCCESS,nextIndex=60,followerCommit=58,matchIndex=59
2023-03-07 04:41:10,365 DEBUG server.RaftServer$Division (RaftServerImpl.java:logAppendEntries(1429)) - s0@group-AD39DEEC881B: receive appendEntries(s10, 1, (t:1, i:60), 59, true, commits:[s10:c59, s0:c59, s1:c58], cId:4947, entries: [(t:1, i:61), STATEMACHINELOGENTRY, 4945@client-74E486EA5940]
2023-03-07 04:41:10,365 DEBUG server.RaftServer$Division (RaftServerImpl.java:logAppendEntries(1429)) - s1@group-AD39DEEC881B: receive appendEntries(s10, 1, (t:1, i:59), 59, true, commits:[s10:c59, s0:c59, s1:c58], cId:4946, entries: [(t:1, i:60), METADATAENTRY(c:59), (t:1, i:61), STATEMACHINELOGENTRY, 4945@client-74E486EA5940]
2023-03-07 04:41:10,365 DEBUG server.RaftServer$Division (RaftServerImpl.java:logAppendEntries(1429)) - s0@group-AD39DEEC881B: succeeded to handle AppendEntries. Reply: s10<-s0#4947:OK-t1,SUCCESS,nextIndex=62,followerCommit=59,matchIndex=61
2023-03-07 04:41:10,365 DEBUG server.RaftServer$Division (RaftServerImpl.java:logAppendEntries(1429)) - s1@group-AD39DEEC881B: succeeded to handle AppendEntries. Reply: s10<-s1#4946:OK-t1,SUCCESS,nextIndex=62,followerCommit=59,matchIndex=61
2023-03-07 04:41:10,365 INFO  statemachine.StateMachine (ArithmeticStateMachine.java:applyTransaction(182)) - LEADER:s10-61: a = 13 = 13
2023-03-07 04:41:10,366 DEBUG server.RaftServer$Division (RaftServerImpl.java:logAppendEntries(1429)) - s0@group-AD39DEEC881B: receive appendEntries(s10, 1, (t:1, i:61), 61, true, commits:[s10:c61, s0:c59, s1:c59], cId:4949, entries: [(t:1, i:62), METADATAENTRY(c:61)]
2023-03-07 04:41:10,366 DEBUG server.RaftServer$Division (RaftServerImpl.java:submitClientRequestAsync(832)) - s10@group-AD39DEEC881B: receive client request(RaftClientRequest:client-74E486EA5940->s10@group-AD39DEEC881B, cid=4950, seq=0, RW, Message:01016202405500000000...(size=12))
2023-03-07 04:41:10,367 DEBUG server.RaftServer$Division (LeaderStateImpl.java:addPendingRequest(474)) - s10@group-AD39DEEC881B-LeaderStateImpl: addPendingRequest at RaftClientRequest:client-74E486EA5940->s10@group-AD39DEEC881B, cid=4950, seq=0, RW, Message:01016202405500000000...(size=12), entry=(t:1, i:63), STATEMACHINELOGENTRY, 4950@client-74E486EA5940
2023-03-07 04:41:10,367 DEBUG server.RaftServer$Division (RaftServerImpl.java:logAppendEntries(1429)) - s0@group-AD39DEEC881B: succeeded to handle AppendEntries. Reply: s10<-s0#4949:OK-t1,SUCCESS,nextIndex=63,followerCommit=61,matchIndex=62
2023-03-07 04:41:10,367 DEBUG server.RaftServer$Division (RaftServerImpl.java:logAppendEntries(1429)) - s1@group-AD39DEEC881B: receive appendEntries(s10, 1, (t:1, i:61), 61, true, commits:[s10:c61, s0:c59, s1:c59], cId:4948, entries: [(t:1, i:62), METADATAENTRY(c:61)]
2023-03-07 04:41:10,367 DEBUG server.RaftServer$Division (RaftServerImpl.java:logAppendEntries(1429)) - s1@group-AD39DEEC881B: succeeded to handle AppendEntries. Reply: s10<-s1#4948:OK-t1,SUCCESS,nextIndex=63,followerCommit=61,matchIndex=62
2023-03-07 04:41:10,368 DEBUG server.RaftServer$Division (RaftServerImpl.java:logAppendEntries(1429)) - s0@group-AD39DEEC881B: receive appendEntries(s10, 1, (t:1, i:62), 61, true, commits:[s10:c61, s0:c61, s1:c59], cId:4951, entries: [(t:1, i:63), STATEMACHINELOGENTRY, 4950@client-74E486EA5940]
2023-03-07 04:41:10,368 DEBUG server.RaftServer$Division (RaftServerImpl.java:logAppendEntries(1429)) - s0@group-AD39DEEC881B: succeeded to handle AppendEntries. Reply: s10<-s0#4951:OK-t1,SUCCESS,nextIndex=64,followerCommit=61,matchIndex=63
2023-03-07 04:41:10,368 DEBUG server.RaftServer$Division (RaftServerImpl.java:logAppendEntries(1429)) - s1@group-AD39DEEC881B: receive appendEntries(s10, 1, (t:1, i:62), 62, true, commits:[s10:c62, s0:c61, s1:c61], cId:4952, entries: [(t:1, i:63), STATEMACHINELOGENTRY, 4950@client-74E486EA5940]
2023-03-07 04:41:10,369 DEBUG server.RaftServer$Division (RaftServerImpl.java:logAppendEntries(1429)) - s1@group-AD39DEEC881B: succeeded to handle AppendEntries. Reply: s10<-s1#4952:OK-t1,SUCCESS,nextIndex=64,followerCommit=62,matchIndex=63
2023-03-07 04:41:10,369 INFO  statemachine.StateMachine (ArithmeticStateMachine.java:applyTransaction(182)) - LEADER:s10-63: b = 84 = 84
2023-03-07 04:41:10,370 DEBUG server.RaftServer$Division (RaftServerImpl.java:submitClientRequestAsync(832)) - s10@group-AD39DEEC881B: receive client request(RaftClientRequest:client-74E486EA5940->s10@group-AD39DEEC881B, cid=4953, seq=0, RW, Message:01016304010300040201...(size=17))
2023-03-07 04:41:10,370 DEBUG server.RaftServer$Division (RaftServerImpl.java:logAppendEntries(1429)) - s0@group-AD39DEEC881B: receive appendEntries(s10, 1, (t:1, i:63), 63, true, commits:[s10:c63, s0:c61, s1:c61], cId:4954, entries: [(t:1, i:64), METADATAENTRY(c:63)]
2023-03-07 04:41:10,370 DEBUG server.RaftServer$Division (LeaderStateImpl.java:addPendingRequest(474)) - s10@group-AD39DEEC881B-LeaderStateImpl: addPendingRequest at RaftClientRequest:client-74E486EA5940->s10@group-AD39DEEC881B, cid=4953, seq=0, RW, Message:01016304010300040201...(size=17), entry=(t:1, i:65), STATEMACHINELOGENTRY, 4953@client-74E486EA5940
2023-03-07 04:41:10,370 DEBUG server.RaftServer$Division (RaftServerImpl.java:logAppendEntries(1429)) - s0@group-AD39DEEC881B: succeeded to handle AppendEntries. Reply: s10<-s0#4954:OK-t1,SUCCESS,nextIndex=65,followerCommit=63,matchIndex=64
2023-03-07 04:41:10,371 DEBUG server.RaftServer$Division (RaftServerImpl.java:logAppendEntries(1429)) - s1@group-AD39DEEC881B: receive appendEntries(s10, 1, (t:1, i:63), 63, true, commits:[s10:c63, s0:c61, s1:c62], cId:4955, entries: [(t:1, i:64), METADATAENTRY(c:63), (t:1, i:65), STATEMACHINELOGENTRY, 4953@client-74E486EA5940]
2023-03-07 04:41:10,371 DEBUG server.RaftServer$Division (RaftServerImpl.java:logAppendEntries(1429)) - s0@group-AD39DEEC881B: receive appendEntries(s10, 1, (t:1, i:64), 64, true, commits:[s10:c64, s0:c63, s1:c62], cId:4956, entries: [(t:1, i:65), STATEMACHINELOGENTRY, 4953@client-74E486EA5940]
2023-03-07 04:41:10,371 DEBUG server.RaftServer$Division (RaftServerImpl.java:logAppendEntries(1429)) - s1@group-AD39DEEC881B: succeeded to handle AppendEntries. Reply: s10<-s1#4955:OK-t1,SUCCESS,nextIndex=66,followerCommit=63,matchIndex=65
2023-03-07 04:41:10,372 DEBUG server.RaftServer$Division (RaftServerImpl.java:logAppendEntries(1429)) - s0@group-AD39DEEC881B: succeeded to handle AppendEntries. Reply: s10<-s0#4956:OK-t1,SUCCESS,nextIndex=66,followerCommit=64,matchIndex=65
2023-03-07 04:41:10,372 INFO  statemachine.StateMachine (ArithmeticStateMachine.java:applyTransaction(182)) - LEADER:s10-65: c = √(a^2 + b^2) = 85
2023-03-07 04:41:10,372 DEBUG server.RaftServer$Division (RaftServerImpl.java:logAppendEntries(1429)) - s0@group-AD39DEEC881B: receive appendEntries(s10, 1, (t:1, i:65), 65, true, commits:[s10:c65, s0:c64, s1:c63], cId:4958, entries: [(t:1, i:66), METADATAENTRY(c:65)]
2023-03-07 04:41:10,373 DEBUG server.RaftServer$Division (RaftServerImpl.java:logAppendEntries(1429)) - s0@group-AD39DEEC881B: succeeded to handle AppendEntries. Reply: s10<-s0#4958:OK-t1,SUCCESS,nextIndex=67,followerCommit=65,matchIndex=66
2023-03-07 04:41:10,373 DEBUG server.RaftServer$Division (RaftServerImpl.java:submitClientRequestAsync(832)) - s10@group-AD39DEEC881B: receive client request(RaftClientRequest:client-74E486EA5940->s10@group-AD39DEEC881B, cid=4959, seq=0, RW, Message:01016100)
2023-03-07 04:41:10,373 DEBUG server.RaftServer$Division (LeaderStateImpl.java:addPendingRequest(474)) - s10@group-AD39DEEC881B-LeaderStateImpl: addPendingRequest at RaftClientRequest:client-74E486EA5940->s10@group-AD39DEEC881B, cid=4959, seq=0, RW, Message:01016100, entry=(t:1, i:67), STATEMACHINELOGENTRY, 4959@client-74E486EA5940
2023-03-07 04:41:10,373 DEBUG server.RaftServer$Division (RaftServerImpl.java:logAppendEntries(1429)) - s1@group-AD39DEEC881B: receive appendEntries(s10, 1, (t:1, i:65), 65, true, commits:[s10:c65, s0:c63, s1:c63], cId:4957, entries: [(t:1, i:66), METADATAENTRY(c:65)]
2023-03-07 04:41:10,374 DEBUG server.RaftServer$Division (RaftServerImpl.java:logAppendEntries(1429)) - s1@group-AD39DEEC881B: succeeded to handle AppendEntries. Reply: s10<-s1#4957:OK-t1,SUCCESS,nextIndex=67,followerCommit=65,matchIndex=66
2023-03-07 04:41:10,374 DEBUG server.RaftServer$Division (RaftServerImpl.java:logAppendEntries(1429)) - s0@group-AD39DEEC881B: receive appendEntries(s10, 1, (t:1, i:66), 66, true, commits:[s10:c66, s0:c65, s1:c63], cId:4960, entries: [(t:1, i:67), STATEMACHINELOGENTRY, 4959@client-74E486EA5940]
2023-03-07 04:41:10,374 DEBUG server.RaftServer$Division (RaftServerImpl.java:logAppendEntries(1429)) - s0@group-AD39DEEC881B: succeeded to handle AppendEntries. Reply: s10<-s0#4960:OK-t1,SUCCESS,nextIndex=68,followerCommit=66,matchIndex=67
2023-03-07 04:41:10,375 INFO  statemachine.StateMachine (ArithmeticStateMachine.java:applyTransaction(182)) - LEADER:s10-67: a = null = null
2023-03-07 04:41:10,375 DEBUG server.RaftServer$Division (RaftServerImpl.java:logAppendEntries(1429)) - s0@group-AD39DEEC881B: receive appendEntries(s10, 1, (t:1, i:67), 67, true, commits:[s10:c67, s0:c66, s1:c65], cId:4962, entries: [(t:1, i:68), METADATAENTRY(c:67)]
2023-03-07 04:41:10,376 DEBUG server.RaftServer$Division (RaftServerImpl.java:submitClientRequestAsync(832)) - s10@group-AD39DEEC881B: receive client request(RaftClientRequest:client-74E486EA5940->s10@group-AD39DEEC881B, cid=4963, seq=0, RW, Message:01016200)
2023-03-07 04:41:10,376 DEBUG server.RaftServer$Division (LeaderStateImpl.java:addPendingRequest(474)) - s10@group-AD39DEEC881B-LeaderStateImpl: addPendingRequest at RaftClientRequest:client-74E486EA5940->s10@group-AD39DEEC881B, cid=4963, seq=0, RW, Message:01016200, entry=(t:1, i:69), STATEMACHINELOGENTRY, 4963@client-74E486EA5940
2023-03-07 04:41:10,376 DEBUG server.RaftServer$Division (RaftServerImpl.java:logAppendEntries(1429)) - s0@group-AD39DEEC881B: succeeded to handle AppendEntries. Reply: s10<-s0#4962:OK-t1,SUCCESS,nextIndex=69,followerCommit=67,matchIndex=68
2023-03-07 04:41:10,376 DEBUG server.RaftServer$Division (RaftServerImpl.java:logAppendEntries(1429)) - s1@group-AD39DEEC881B: receive appendEntries(s10, 1, (t:1, i:66), 66, true, commits:[s10:c66, s0:c65, s1:c65], cId:4961, entries: [(t:1, i:67), STATEMACHINELOGENTRY, 4959@client-74E486EA5940]
2023-03-07 04:41:10,376 DEBUG server.RaftServer$Division (RaftServerImpl.java:logAppendEntries(1429)) - s1@group-AD39DEEC881B: succeeded to handle AppendEntries. Reply: s10<-s1#4961:OK-t1,SUCCESS,nextIndex=68,followerCommit=66,matchIndex=67
2023-03-07 04:41:10,377 DEBUG server.RaftServer$Division (RaftServerImpl.java:logAppendEntries(1429)) - s0@group-AD39DEEC881B: receive appendEntries(s10, 1, (t:1, i:68), 67, true, commits:[s10:c67, s0:c67, s1:c65], cId:4964, entries: [(t:1, i:69), STATEMACHINELOGENTRY, 4963@client-74E486EA5940]
2023-03-07 04:41:10,377 DEBUG server.RaftServer$Division (RaftServerImpl.java:logAppendEntries(1429)) - s0@group-AD39DEEC881B: succeeded to handle AppendEntries. Reply: s10<-s0#4964:OK-t1,SUCCESS,nextIndex=70,followerCommit=67,matchIndex=69
2023-03-07 04:41:10,377 DEBUG server.RaftServer$Division (RaftServerImpl.java:logAppendEntries(1429)) - s1@group-AD39DEEC881B: receive appendEntries(s10, 1, (t:1, i:67), 68, true, commits:[s10:c68, s0:c67, s1:c66], cId:4965, entries: [(t:1, i:68), METADATAENTRY(c:67), (t:1, i:69), STATEMACHINELOGENTRY, 4963@client-74E486EA5940]
2023-03-07 04:41:10,378 DEBUG server.RaftServer$Division (RaftServerImpl.java:logAppendEntries(1429)) - s1@group-AD39DEEC881B: succeeded to handle AppendEntries. Reply: s10<-s1#4965:OK-t1,SUCCESS,nextIndex=70,followerCommit=68,matchIndex=69
2023-03-07 04:41:10,378 INFO  statemachine.StateMachine (ArithmeticStateMachine.java:applyTransaction(182)) - LEADER:s10-69: b = null = null
2023-03-07 04:41:10,379 DEBUG server.RaftServer$Division (RaftServerImpl.java:logAppendEntries(1429)) - s0@group-AD39DEEC881B: receive appendEntries(s10, 1, (t:1, i:69), 69, true, commits:[s10:c69, s0:c67, s1:c66], cId:4966, entries: [(t:1, i:70), METADATAENTRY(c:69)]
2023-03-07 04:41:10,379 DEBUG server.RaftServer$Division (RaftServerImpl.java:logAppendEntries(1429)) - s0@group-AD39DEEC881B: succeeded to handle AppendEntries. Reply: s10<-s0#4966:OK-t1,SUCCESS,nextIndex=71,followerCommit=69,matchIndex=70
2023-03-07 04:41:10,379 DEBUG server.RaftServer$Division (RaftServerImpl.java:submitClientRequestAsync(832)) - s10@group-AD39DEEC881B: receive client request(RaftClientRequest:client-74E486EA5940->s10@group-AD39DEEC881B, cid=4967, seq=0, RW, Message:01016300)
2023-03-07 04:41:10,380 DEBUG server.RaftServer$Division (LeaderStateImpl.java:addPendingRequest(474)) - s10@group-AD39DEEC881B-LeaderStateImpl: addPendingRequest at RaftClientRequest:client-74E486EA5940->s10@group-AD39DEEC881B, cid=4967, seq=0, RW, Message:01016300, entry=(t:1, i:71), STATEMACHINELOGENTRY, 4967@client-74E486EA5940
2023-03-07 04:41:10,380 DEBUG server.RaftServer$Division (RaftServerImpl.java:logAppendEntries(1429)) - s1@group-AD39DEEC881B: receive appendEntries(s10, 1, (t:1, i:69), 69, true, commits:[s10:c69, s0:c67, s1:c68], cId:4968, entries: [(t:1, i:70), METADATAENTRY(c:69)]
2023-03-07 04:41:10,380 DEBUG server.RaftServer$Division (RaftServerImpl.java:logAppendEntries(1429)) - s1@group-AD39DEEC881B: succeeded to handle AppendEntries. Reply: s10<-s1#4968:OK-t1,SUCCESS,nextIndex=71,followerCommit=69,matchIndex=70
2023-03-07 04:41:10,381 DEBUG server.RaftServer$Division (RaftServerImpl.java:logAppendEntries(1429)) - s0@group-AD39DEEC881B: receive appendEntries(s10, 1, (t:1, i:70), 70, true, commits:[s10:c70, s0:c69, s1:c68], cId:4969, entries: [(t:1, i:71), STATEMACHINELOGENTRY, 4967@client-74E486EA5940]
2023-03-07 04:41:10,381 DEBUG server.RaftServer$Division (RaftServerImpl.java:logAppendEntries(1429)) - s1@group-AD39DEEC881B: receive appendEntries(s10, 1, (t:1, i:70), 70, true, commits:[s10:c70, s0:c69, s1:c69], cId:4970, entries: [(t:1, i:71), STATEMACHINELOGENTRY, 4967@client-74E486EA5940]
2023-03-07 04:41:10,382 DEBUG server.RaftServer$Division (RaftServerImpl.java:logAppendEntries(1429)) - s1@group-AD39DEEC881B: succeeded to handle AppendEntries. Reply: s10<-s1#4970:OK-t1,SUCCESS,nextIndex=72,followerCommit=70,matchIndex=71
2023-03-07 04:41:10,382 DEBUG server.RaftServer$Division (RaftServerImpl.java:logAppendEntries(1429)) - s0@group-AD39DEEC881B: succeeded to handle AppendEntries. Reply: s10<-s0#4969:OK-t1,SUCCESS,nextIndex=72,followerCommit=70,matchIndex=71
2023-03-07 04:41:10,382 INFO  statemachine.StateMachine (ArithmeticStateMachine.java:applyTransaction(182)) - LEADER:s10-71: c = null = null
2023-03-07 04:41:10,383 DEBUG server.RaftServer$Division (RaftServerImpl.java:logAppendEntries(1429)) - s0@group-AD39DEEC881B: receive appendEntries(s10, 1, (t:1, i:71), 71, true, commits:[s10:c71, s0:c70, s1:c70], cId:4972, entries: [(t:1, i:72), METADATAENTRY(c:71)]
2023-03-07 04:41:10,383 DEBUG server.RaftServer$Division (RaftServerImpl.java:submitClientRequestAsync(832)) - s10@group-AD39DEEC881B: receive client request(RaftClientRequest:client-74E486EA5940->s10@group-AD39DEEC881B, cid=4973, seq=0, RW, Message:01016102402e00000000...(size=12))
2023-03-07 04:41:10,384 DEBUG server.RaftServer$Division (LeaderStateImpl.java:addPendingRequest(474)) - s10@group-AD39DEEC881B-LeaderStateImpl: addPendingRequest at RaftClientRequest:client-74E486EA5940->s10@group-AD39DEEC881B, cid=4973, seq=0, RW, Message:01016102402e00000000...(size=12), entry=(t:1, i:73), STATEMACHINELOGENTRY, 4973@client-74E486EA5940
2023-03-07 04:41:10,384 DEBUG server.RaftServer$Division (RaftServerImpl.java:logAppendEntries(1429)) - s0@group-AD39DEEC881B: succeeded to handle AppendEntries. Reply: s10<-s0#4972:OK-t1,SUCCESS,nextIndex=73,followerCommit=71,matchIndex=72
2023-03-07 04:41:10,392 DEBUG server.RaftServer$Division (RaftServerImpl.java:logAppendEntries(1429)) - s1@group-AD39DEEC881B: receive appendEntries(s10, 1, (t:1, i:71), 71, true, commits:[s10:c71, s0:c70, s1:c70], cId:4971, entries: [(t:1, i:72), METADATAENTRY(c:71)]
2023-03-07 04:41:10,392 DEBUG server.RaftServer$Division (RaftServerImpl.java:logAppendEntries(1429)) - s0@group-AD39DEEC881B: receive appendEntries(s10, 1, (t:1, i:72), 71, true, commits:[s10:c71, s0:c71, s1:c70], cId:4974, entries: [(t:1, i:73), STATEMACHINELOGENTRY, 4973@client-74E486EA5940]
2023-03-07 04:41:10,393 DEBUG server.RaftServer$Division (RaftServerImpl.java:logAppendEntries(1429)) - s0@group-AD39DEEC881B: succeeded to handle AppendEntries. Reply: s10<-s0#4974:OK-t1,SUCCESS,nextIndex=74,followerCommit=71,matchIndex=73
2023-03-07 04:41:10,394 DEBUG server.RaftServer$Division (RaftServerImpl.java:logAppendEntries(1429)) - s1@group-AD39DEEC881B: succeeded to handle AppendEntries. Reply: s10<-s1#4971:OK-t1,SUCCESS,nextIndex=73,followerCommit=71,matchIndex=72
2023-03-07 04:41:10,394 INFO  statemachine.StateMachine (ArithmeticStateMachine.java:applyTransaction(182)) - LEADER:s10-73: a = 15 = 15
2023-03-07 04:41:10,395 DEBUG server.RaftServer$Division (RaftServerImpl.java:submitClientRequestAsync(832)) - s10@group-AD39DEEC881B: receive client request(RaftClientRequest:client-74E486EA5940->s10@group-AD39DEEC881B, cid=4976, seq=0, RW, Message:01016202405c00000000...(size=12))
2023-03-07 04:41:10,395 DEBUG server.RaftServer$Division (LeaderStateImpl.java:addPendingRequest(474)) - s10@group-AD39DEEC881B-LeaderStateImpl: addPendingRequest at RaftClientRequest:client-74E486EA5940->s10@group-AD39DEEC881B, cid=4976, seq=0, RW, Message:01016202405c00000000...(size=12), entry=(t:1, i:75), STATEMACHINELOGENTRY, 4976@client-74E486EA5940
2023-03-07 04:41:10,395 DEBUG server.RaftServer$Division (RaftServerImpl.java:logAppendEntries(1429)) - s0@group-AD39DEEC881B: receive appendEntries(s10, 1, (t:1, i:73), 73, true, commits:[s10:c73, s0:c71, s1:c70], cId:4975, entries: [(t:1, i:74), METADATAENTRY(c:73)]
2023-03-07 04:41:10,396 DEBUG server.RaftServer$Division (RaftServerImpl.java:logAppendEntries(1429)) - s0@group-AD39DEEC881B: succeeded to handle AppendEntries. Reply: s10<-s0#4975:OK-t1,SUCCESS,nextIndex=75,followerCommit=73,matchIndex=74
2023-03-07 04:41:10,397 DEBUG server.RaftServer$Division (RaftServerImpl.java:logAppendEntries(1429)) - s0@group-AD39DEEC881B: receive appendEntries(s10, 1, (t:1, i:74), 73, true, commits:[s10:c73, s0:c73, s1:c71], cId:4978, entries: [(t:1, i:75), STATEMACHINELOGENTRY, 4976@client-74E486EA5940]
2023-03-07 04:41:10,397 DEBUG server.RaftServer$Division (RaftServerImpl.java:logAppendEntries(1429)) - s1@group-AD39DEEC881B: receive appendEntries(s10, 1, (t:1, i:72), 73, true, commits:[s10:c73, s0:c71, s1:c71], cId:4977, entries: [(t:1, i:73), STATEMACHINELOGENTRY, 4973@client-74E486EA5940, (t:1, i:74), METADATAENTRY(c:73), (t:1, i:75), STATEMACHINELOGENTRY, 4976@client-74E486EA5940]
2023-03-07 04:41:10,397 DEBUG server.RaftServer$Division (RaftServerImpl.java:logAppendEntries(1429)) - s0@group-AD39DEEC881B: succeeded to handle AppendEntries. Reply: s10<-s0#4978:OK-t1,SUCCESS,nextIndex=76,followerCommit=73,matchIndex=75
2023-03-07 04:41:10,397 DEBUG server.RaftServer$Division (RaftServerImpl.java:logAppendEntries(1429)) - s1@group-AD39DEEC881B: succeeded to handle AppendEntries. Reply: s10<-s1#4977:OK-t1,SUCCESS,nextIndex=76,followerCommit=73,matchIndex=75
2023-03-07 04:41:10,398 INFO  statemachine.StateMachine (ArithmeticStateMachine.java:applyTransaction(182)) - LEADER:s10-75: b = 112 = 112
2023-03-07 04:41:10,399 DEBUG server.RaftServer$Division (RaftServerImpl.java:submitClientRequestAsync(832)) - s10@group-AD39DEEC881B: receive client request(RaftClientRequest:client-74E486EA5940->s10@group-AD39DEEC881B, cid=4980, seq=0, RW, Message:01016304010300040201...(size=17))
2023-03-07 04:41:10,399 DEBUG server.RaftServer$Division (LeaderStateImpl.java:addPendingRequest(474)) - s10@group-AD39DEEC881B-LeaderStateImpl: addPendingRequest at RaftClientRequest:client-74E486EA5940->s10@group-AD39DEEC881B, cid=4980, seq=0, RW, Message:01016304010300040201...(size=17), entry=(t:1, i:77), STATEMACHINELOGENTRY, 4980@client-74E486EA5940
2023-03-07 04:41:10,399 DEBUG server.RaftServer$Division (RaftServerImpl.java:logAppendEntries(1429)) - s0@group-AD39DEEC881B: receive appendEntries(s10, 1, (t:1, i:75), 75, true, commits:[s10:c75, s0:c73, s1:c71], cId:4979, entries: [(t:1, i:76), METADATAENTRY(c:75)]
2023-03-07 04:41:10,399 DEBUG server.RaftServer$Division (RaftServerImpl.java:logAppendEntries(1429)) - s0@group-AD39DEEC881B: succeeded to handle AppendEntries. Reply: s10<-s0#4979:OK-t1,SUCCESS,nextIndex=77,followerCommit=75,matchIndex=76
2023-03-07 04:41:10,400 DEBUG server.RaftServer$Division (RaftServerImpl.java:logAppendEntries(1429)) - s1@group-AD39DEEC881B: receive appendEntries(s10, 1, (t:1, i:75), 75, true, commits:[s10:c75, s0:c73, s1:c73], cId:4981, entries: [(t:1, i:76), METADATAENTRY(c:75), (t:1, i:77), STATEMACHINELOGENTRY, 4980@client-74E486EA5940]
2023-03-07 04:41:10,400 DEBUG server.RaftServer$Division (RaftServerImpl.java:logAppendEntries(1429)) - s0@group-AD39DEEC881B: receive appendEntries(s10, 1, (t:1, i:76), 75, true, commits:[s10:c75, s0:c75, s1:c73], cId:4982, entries: [(t:1, i:77), STATEMACHINELOGENTRY, 4980@client-74E486EA5940]
2023-03-07 04:41:10,401 DEBUG server.RaftServer$Division (RaftServerImpl.java:logAppendEntries(1429)) - s1@group-AD39DEEC881B: succeeded to handle AppendEntries. Reply: s10<-s1#4981:OK-t1,SUCCESS,nextIndex=78,followerCommit=75,matchIndex=77
2023-03-07 04:41:10,401 DEBUG server.RaftServer$Division (RaftServerImpl.java:logAppendEntries(1429)) - s0@group-AD39DEEC881B: succeeded to handle AppendEntries. Reply: s10<-s0#4982:OK-t1,SUCCESS,nextIndex=78,followerCommit=75,matchIndex=77
2023-03-07 04:41:10,401 INFO  statemachine.StateMachine (ArithmeticStateMachine.java:applyTransaction(182)) - LEADER:s10-77: c = √(a^2 + b^2) = 113
2023-03-07 04:41:10,402 DEBUG server.RaftServer$Division (RaftServerImpl.java:submitClientRequestAsync(832)) - s10@group-AD39DEEC881B: receive client request(RaftClientRequest:client-74E486EA5940->s10@group-AD39DEEC881B, cid=4985, seq=0, RW, Message:01016100)
2023-03-07 04:41:10,402 DEBUG server.RaftServer$Division (LeaderStateImpl.java:addPendingRequest(474)) - s10@group-AD39DEEC881B-LeaderStateImpl: addPendingRequest at RaftClientRequest:client-74E486EA5940->s10@group-AD39DEEC881B, cid=4985, seq=0, RW, Message:01016100, entry=(t:1, i:79), STATEMACHINELOGENTRY, 4985@client-74E486EA5940
2023-03-07 04:41:10,403 DEBUG server.RaftServer$Division (RaftServerImpl.java:logAppendEntries(1429)) - s0@group-AD39DEEC881B: receive appendEntries(s10, 1, (t:1, i:77), 77, true, commits:[s10:c77, s0:c75, s1:c75], cId:4984, entries: [(t:1, i:78), METADATAENTRY(c:77)]
2023-03-07 04:41:10,403 DEBUG server.RaftServer$Division (RaftServerImpl.java:logAppendEntries(1429)) - s1@group-AD39DEEC881B: receive appendEntries(s10, 1, (t:1, i:77), 77, true, commits:[s10:c77, s0:c75, s1:c75], cId:4983, entries: [(t:1, i:78), METADATAENTRY(c:77)]
2023-03-07 04:41:10,403 DEBUG server.RaftServer$Division (RaftServerImpl.java:logAppendEntries(1429)) - s0@group-AD39DEEC881B: succeeded to handle AppendEntries. Reply: s10<-s0#4984:OK-t1,SUCCESS,nextIndex=79,followerCommit=77,matchIndex=78
2023-03-07 04:41:10,403 DEBUG server.RaftServer$Division (RaftServerImpl.java:logAppendEntries(1429)) - s1@group-AD39DEEC881B: succeeded to handle AppendEntries. Reply: s10<-s1#4983:OK-t1,SUCCESS,nextIndex=79,followerCommit=77,matchIndex=78
2023-03-07 04:41:10,404 DEBUG server.RaftServer$Division (RaftServerImpl.java:logAppendEntries(1429)) - s0@group-AD39DEEC881B: receive appendEntries(s10, 1, (t:1, i:78), 77, true, commits:[s10:c77, s0:c77, s1:c75], cId:4986, entries: [(t:1, i:79), STATEMACHINELOGENTRY, 4985@client-74E486EA5940]
2023-03-07 04:41:10,405 DEBUG server.RaftServer$Division (RaftServerImpl.java:logAppendEntries(1429)) - s0@group-AD39DEEC881B: succeeded to handle AppendEntries. Reply: s10<-s0#4986:OK-t1,SUCCESS,nextIndex=80,followerCommit=77,matchIndex=79
2023-03-07 04:41:10,405 INFO  statemachine.StateMachine (ArithmeticStateMachine.java:applyTransaction(182)) - LEADER:s10-79: a = null = null
2023-03-07 04:41:10,411 DEBUG server.RaftServer$Division (RaftServerImpl.java:submitClientRequestAsync(832)) - s10@group-AD39DEEC881B: receive client request(RaftClientRequest:client-74E486EA5940->s10@group-AD39DEEC881B, cid=4989, seq=0, RW, Message:01016200)
2023-03-07 04:41:10,412 DEBUG server.RaftServer$Division (LeaderStateImpl.java:addPendingRequest(474)) - s10@group-AD39DEEC881B-LeaderStateImpl: addPendingRequest at RaftClientRequest:client-74E486EA5940->s10@group-AD39DEEC881B, cid=4989, seq=0, RW, Message:01016200, entry=(t:1, i:81), STATEMACHINELOGENTRY, 4989@client-74E486EA5940
2023-03-07 04:41:10,414 DEBUG server.RaftServer$Division (RaftServerImpl.java:logAppendEntries(1429)) - s0@group-AD39DEEC881B: receive appendEntries(s10, 1, (t:1, i:79), 79, true, commits:[s10:c79, s0:c77, s1:c77], cId:4988, entries: [(t:1, i:80), METADATAENTRY(c:79)]
2023-03-07 04:41:10,414 DEBUG server.RaftServer$Division (RaftServerImpl.java:logAppendEntries(1429)) - s1@group-AD39DEEC881B: receive appendEntries(s10, 1, (t:1, i:78), 78, true, commits:[s10:c78, s0:c77, s1:c77], cId:4987, entries: [(t:1, i:79), STATEMACHINELOGENTRY, 4985@client-74E486EA5940]
2023-03-07 04:41:10,414 DEBUG server.RaftServer$Division (RaftServerImpl.java:logAppendEntries(1429)) - s0@group-AD39DEEC881B: succeeded to handle AppendEntries. Reply: s10<-s0#4988:OK-t1,SUCCESS,nextIndex=81,followerCommit=79,matchIndex=80
2023-03-07 04:41:10,414 DEBUG server.RaftServer$Division (RaftServerImpl.java:logAppendEntries(1429)) - s1@group-AD39DEEC881B: succeeded to handle AppendEntries. Reply: s10<-s1#4987:OK-t1,SUCCESS,nextIndex=80,followerCommit=78,matchIndex=79
2023-03-07 04:41:10,415 DEBUG server.RaftServer$Division (RaftServerImpl.java:logAppendEntries(1429)) - s0@group-AD39DEEC881B: receive appendEntries(s10, 1, (t:1, i:80), 79, true, commits:[s10:c79, s0:c79, s1:c77], cId:4990, entries: [(t:1, i:81), STATEMACHINELOGENTRY, 4989@client-74E486EA5940]
2023-03-07 04:41:10,415 DEBUG server.RaftServer$Division (RaftServerImpl.java:logAppendEntries(1429)) - s0@group-AD39DEEC881B: succeeded to handle AppendEntries. Reply: s10<-s0#4990:OK-t1,SUCCESS,nextIndex=82,followerCommit=79,matchIndex=81
2023-03-07 04:41:10,416 INFO  statemachine.StateMachine (ArithmeticStateMachine.java:applyTransaction(182)) - LEADER:s10-81: b = null = null
2023-03-07 04:41:10,417 DEBUG server.RaftServer$Division (RaftServerImpl.java:logAppendEntries(1429)) - s0@group-AD39DEEC881B: receive appendEntries(s10, 1, (t:1, i:81), 81, true, commits:[s10:c81, s0:c79, s1:c78], cId:4992, entries: [(t:1, i:82), METADATAENTRY(c:81)]
2023-03-07 04:41:10,417 DEBUG server.RaftServer$Division (RaftServerImpl.java:logAppendEntries(1429)) - s0@group-AD39DEEC881B: succeeded to handle AppendEntries. Reply: s10<-s0#4992:OK-t1,SUCCESS,nextIndex=83,followerCommit=81,matchIndex=82
2023-03-07 04:41:10,418 DEBUG server.RaftServer$Division (RaftServerImpl.java:submitClientRequestAsync(832)) - s10@group-AD39DEEC881B: receive client request(RaftClientRequest:client-74E486EA5940->s10@group-AD39DEEC881B, cid=4993, seq=0, RW, Message:01016300)
2023-03-07 04:41:10,418 DEBUG server.RaftServer$Division (LeaderStateImpl.java:addPendingRequest(474)) - s10@group-AD39DEEC881B-LeaderStateImpl: addPendingRequest at RaftClientRequest:client-74E486EA5940->s10@group-AD39DEEC881B, cid=4993, seq=0, RW, Message:01016300, entry=(t:1, i:83), STATEMACHINELOGENTRY, 4993@client-74E486EA5940
2023-03-07 04:41:10,419 DEBUG server.RaftServer$Division (RaftServerImpl.java:logAppendEntries(1429)) - s0@group-AD39DEEC881B: receive appendEntries(s10, 1, (t:1, i:82), 82, true, commits:[s10:c82, s0:c81, s1:c78], cId:4994, entries: [(t:1, i:83), STATEMACHINELOGENTRY, 4993@client-74E486EA5940]
2023-03-07 04:41:10,419 DEBUG server.RaftServer$Division (RaftServerImpl.java:logAppendEntries(1429)) - s1@group-AD39DEEC881B: receive appendEntries(s10, 1, (t:1, i:79), 80, true, commits:[s10:c80, s0:c79, s1:c78], cId:4991, entries: [(t:1, i:80), METADATAENTRY(c:79), (t:1, i:81), STATEMACHINELOGENTRY, 4989@client-74E486EA5940]
2023-03-07 04:41:10,419 DEBUG server.RaftServer$Division (RaftServerImpl.java:logAppendEntries(1429)) - s0@group-AD39DEEC881B: succeeded to handle AppendEntries. Reply: s10<-s0#4994:OK-t1,SUCCESS,nextIndex=84,followerCommit=82,matchIndex=83
2023-03-07 04:41:10,420 INFO  statemachine.StateMachine (ArithmeticStateMachine.java:applyTransaction(182)) - LEADER:s10-83: c = null = null
2023-03-07 04:41:10,420 DEBUG server.RaftServer$Division (RaftServerImpl.java:logAppendEntries(1429)) - s0@group-AD39DEEC881B: receive appendEntries(s10, 1, (t:1, i:83), 83, true, commits:[s10:c83, s0:c82, s1:c78], cId:4995, entries: [(t:1, i:84), METADATAENTRY(c:83)]
2023-03-07 04:41:10,421 DEBUG server.RaftServer$Division (RaftServerImpl.java:logAppendEntries(1429)) - s0@group-AD39DEEC881B: succeeded to handle AppendEntries. Reply: s10<-s0#4995:OK-t1,SUCCESS,nextIndex=85,followerCommit=83,matchIndex=84
2023-03-07 04:41:10,421 DEBUG server.RaftServer$Division (RaftServerImpl.java:logAppendEntries(1429)) - s1@group-AD39DEEC881B: succeeded to handle AppendEntries. Reply: s10<-s1#4991:OK-t1,SUCCESS,nextIndex=82,followerCommit=80,matchIndex=81
2023-03-07 04:41:10,421 DEBUG server.RaftServer$Division (RaftServerImpl.java:submitClientRequestAsync(832)) - s10@group-AD39DEEC881B: receive client request(RaftClientRequest:client-74E486EA5940->s10@group-AD39DEEC881B, cid=4996, seq=0, RW, Message:01016102403100000000...(size=12))
2023-03-07 04:41:10,421 DEBUG server.RaftServer$Division (LeaderStateImpl.java:addPendingRequest(474)) - s10@group-AD39DEEC881B-LeaderStateImpl: addPendingRequest at RaftClientRequest:client-74E486EA5940->s10@group-AD39DEEC881B, cid=4996, seq=0, RW, Message:01016102403100000000...(size=12), entry=(t:1, i:85), STATEMACHINELOGENTRY, 4996@client-74E486EA5940
2023-03-07 04:41:10,422 DEBUG server.RaftServer$Division (RaftServerImpl.java:logAppendEntries(1429)) - s0@group-AD39DEEC881B: receive appendEntries(s10, 1, (t:1, i:84), 84, true, commits:[s10:c84, s0:c83, s1:c78], cId:4997, entries: [(t:1, i:85), STATEMACHINELOGENTRY, 4996@client-74E486EA5940]
2023-03-07 04:41:10,423 DEBUG server.RaftServer$Division (RaftServerImpl.java:logAppendEntries(1429)) - s0@group-AD39DEEC881B: succeeded to handle AppendEntries. Reply: s10<-s0#4997:OK-t1,SUCCESS,nextIndex=86,followerCommit=84,matchIndex=85
2023-03-07 04:41:10,423 INFO  statemachine.StateMachine (ArithmeticStateMachine.java:applyTransaction(182)) - LEADER:s10-85: a = 17 = 17
2023-03-07 04:41:10,424 DEBUG server.RaftServer$Division (RaftServerImpl.java:logAppendEntries(1429)) - s0@group-AD39DEEC881B: receive appendEntries(s10, 1, (t:1, i:85), 85, true, commits:[s10:c85, s0:c84, s1:c80], cId:4999, entries: [(t:1, i:86), METADATAENTRY(c:85)]
2023-03-07 04:41:10,424 DEBUG server.RaftServer$Division (RaftServerImpl.java:logAppendEntries(1429)) - s1@group-AD39DEEC881B: receive appendEntries(s10, 1, (t:1, i:81), 84, true, commits:[s10:c84, s0:c83, s1:c80], cId:4998, entries: [(t:1, i:82), METADATAENTRY(c:81), (t:1, i:83), STATEMACHINELOGENTRY, 4993@client-74E486EA5940, (t:1, i:84), METADATAENTRY(c:83), (t:1, i:85), STATEMACHINELOGENTRY, 4996@client-74E486EA5940]
2023-03-07 04:41:10,424 DEBUG server.RaftServer$Division (RaftServerImpl.java:logAppendEntries(1429)) - s0@group-AD39DEEC881B: succeeded to handle AppendEntries. Reply: s10<-s0#4999:OK-t1,SUCCESS,nextIndex=87,followerCommit=85,matchIndex=86
2023-03-07 04:41:10,424 DEBUG server.RaftServer$Division (RaftServerImpl.java:logAppendEntries(1429)) - s1@group-AD39DEEC881B: succeeded to handle AppendEntries. Reply: s10<-s1#4998:OK-t1,SUCCESS,nextIndex=86,followerCommit=84,matchIndex=85
2023-03-07 04:41:10,424 DEBUG server.RaftServer$Division (RaftServerImpl.java:submitClientRequestAsync(832)) - s10@group-AD39DEEC881B: receive client request(RaftClientRequest:client-74E486EA5940->s10@group-AD39DEEC881B, cid=5000, seq=0, RW, Message:01016202406200000000...(size=12))
2023-03-07 04:41:10,425 DEBUG server.RaftServer$Division (LeaderStateImpl.java:addPendingRequest(474)) - s10@group-AD39DEEC881B-LeaderStateImpl: addPendingRequest at RaftClientRequest:client-74E486EA5940->s10@group-AD39DEEC881B, cid=5000, seq=0, RW, Message:01016202406200000000...(size=12), entry=(t:1, i:87), STATEMACHINELOGENTRY, 5000@client-74E486EA5940
2023-03-07 04:41:10,425 DEBUG server.RaftServer$Division (RaftServerImpl.java:logAppendEntries(1429)) - s0@group-AD39DEEC881B: receive appendEntries(s10, 1, (t:1, i:86), 85, true, commits:[s10:c85, s0:c85, s1:c84], cId:5002, entries: [(t:1, i:87), STATEMACHINELOGENTRY, 5000@client-74E486EA5940]
2023-03-07 04:41:10,426 DEBUG server.RaftServer$Division (RaftServerImpl.java:logAppendEntries(1429)) - s1@group-AD39DEEC881B: receive appendEntries(s10, 1, (t:1, i:85), 85, true, commits:[s10:c85, s0:c85, s1:c84], cId:5001, entries: [(t:1, i:86), METADATAENTRY(c:85), (t:1, i:87), STATEMACHINELOGENTRY, 5000@client-74E486EA5940]
2023-03-07 04:41:10,426 DEBUG server.RaftServer$Division (RaftServerImpl.java:logAppendEntries(1429)) - s0@group-AD39DEEC881B: succeeded to handle AppendEntries. Reply: s10<-s0#5002:OK-t1,SUCCESS,nextIndex=88,followerCommit=85,matchIndex=87
2023-03-07 04:41:10,426 INFO  statemachine.StateMachine (ArithmeticStateMachine.java:applyTransaction(182)) - LEADER:s10-87: b = 144 = 144
2023-03-07 04:41:10,427 DEBUG server.RaftServer$Division (RaftServerImpl.java:logAppendEntries(1429)) - s1@group-AD39DEEC881B: succeeded to handle AppendEntries. Reply: s10<-s1#5001:OK-t1,SUCCESS,nextIndex=88,followerCommit=85,matchIndex=87
2023-03-07 04:41:10,427 DEBUG server.RaftServer$Division (RaftServerImpl.java:logAppendEntries(1429)) - s0@group-AD39DEEC881B: receive appendEntries(s10, 1, (t:1, i:87), 87, true, commits:[s10:c87, s0:c85, s1:c84], cId:5003, entries: [(t:1, i:88), METADATAENTRY(c:87)]
2023-03-07 04:41:10,431 DEBUG server.RaftServer$Division (RaftServerImpl.java:submitClientRequestAsync(832)) - s10@group-AD39DEEC881B: receive client request(RaftClientRequest:client-74E486EA5940->s10@group-AD39DEEC881B, cid=5004, seq=0, RW, Message:01016304010300040201...(size=17))
2023-03-07 04:41:10,431 DEBUG server.RaftServer$Division (RaftServerImpl.java:logAppendEntries(1429)) - s0@group-AD39DEEC881B: succeeded to handle AppendEntries. Reply: s10<-s0#5003:OK-t1,SUCCESS,nextIndex=89,followerCommit=87,matchIndex=88
2023-03-07 04:41:10,431 DEBUG server.RaftServer$Division (LeaderStateImpl.java:addPendingRequest(474)) - s10@group-AD39DEEC881B-LeaderStateImpl: addPendingRequest at RaftClientRequest:client-74E486EA5940->s10@group-AD39DEEC881B, cid=5004, seq=0, RW, Message:01016304010300040201...(size=17), entry=(t:1, i:89), STATEMACHINELOGENTRY, 5004@client-74E486EA5940
2023-03-07 04:41:10,432 DEBUG server.RaftServer$Division (RaftServerImpl.java:logAppendEntries(1429)) - s1@group-AD39DEEC881B: receive appendEntries(s10, 1, (t:1, i:87), 87, true, commits:[s10:c87, s0:c85, s1:c85], cId:5005, entries: [(t:1, i:88), METADATAENTRY(c:87)]
2023-03-07 04:41:10,432 DEBUG server.RaftServer$Division (RaftServerImpl.java:logAppendEntries(1429)) - s0@group-AD39DEEC881B: receive appendEntries(s10, 1, (t:1, i:88), 87, true, commits:[s10:c87, s0:c87, s1:c85], cId:5006, entries: [(t:1, i:89), STATEMACHINELOGENTRY, 5004@client-74E486EA5940]
2023-03-07 04:41:10,432 DEBUG server.RaftServer$Division (RaftServerImpl.java:logAppendEntries(1429)) - s0@group-AD39DEEC881B: succeeded to handle AppendEntries. Reply: s10<-s0#5006:OK-t1,SUCCESS,nextIndex=90,followerCommit=87,matchIndex=89
2023-03-07 04:41:10,432 DEBUG server.RaftServer$Division (RaftServerImpl.java:logAppendEntries(1429)) - s1@group-AD39DEEC881B: succeeded to handle AppendEntries. Reply: s10<-s1#5005:OK-t1,SUCCESS,nextIndex=89,followerCommit=87,matchIndex=88
2023-03-07 04:41:10,433 INFO  statemachine.StateMachine (ArithmeticStateMachine.java:applyTransaction(182)) - LEADER:s10-89: c = √(a^2 + b^2) = 145
2023-03-07 04:41:10,433 DEBUG server.RaftServer$Division (RaftServerImpl.java:logAppendEntries(1429)) - s0@group-AD39DEEC881B: receive appendEntries(s10, 1, (t:1, i:89), 89, true, commits:[s10:c89, s0:c87, s1:c87], cId:5008, entries: [(t:1, i:90), METADATAENTRY(c:89)]
2023-03-07 04:41:10,433 DEBUG server.RaftServer$Division (RaftServerImpl.java:logAppendEntries(1429)) - s1@group-AD39DEEC881B: receive appendEntries(s10, 1, (t:1, i:88), 89, true, commits:[s10:c89, s0:c87, s1:c87], cId:5007, entries: [(t:1, i:89), STATEMACHINELOGENTRY, 5004@client-74E486EA5940, (t:1, i:90), METADATAENTRY(c:89)]
2023-03-07 04:41:10,433 DEBUG server.RaftServer$Division (RaftServerImpl.java:logAppendEntries(1429)) - s0@group-AD39DEEC881B: succeeded to handle AppendEntries. Reply: s10<-s0#5008:OK-t1,SUCCESS,nextIndex=91,followerCommit=89,matchIndex=90
2023-03-07 04:41:10,434 DEBUG server.RaftServer$Division (RaftServerImpl.java:logAppendEntries(1429)) - s1@group-AD39DEEC881B: succeeded to handle AppendEntries. Reply: s10<-s1#5007:OK-t1,SUCCESS,nextIndex=91,followerCommit=89,matchIndex=90
2023-03-07 04:41:10,434 DEBUG server.RaftServer$Division (RaftServerImpl.java:submitClientRequestAsync(832)) - s10@group-AD39DEEC881B: receive client request(RaftClientRequest:client-74E486EA5940->s10@group-AD39DEEC881B, cid=5009, seq=0, RW, Message:01016100)
2023-03-07 04:41:10,435 DEBUG server.RaftServer$Division (LeaderStateImpl.java:addPendingRequest(474)) - s10@group-AD39DEEC881B-LeaderStateImpl: addPendingRequest at RaftClientRequest:client-74E486EA5940->s10@group-AD39DEEC881B, cid=5009, seq=0, RW, Message:01016100, entry=(t:1, i:91), STATEMACHINELOGENTRY, 5009@client-74E486EA5940
2023-03-07 04:41:10,435 DEBUG server.RaftServer$Division (RaftServerImpl.java:logAppendEntries(1429)) - s0@group-AD39DEEC881B: receive appendEntries(s10, 1, (t:1, i:90), 90, true, commits:[s10:c90, s0:c89, s1:c89], cId:5010, entries: [(t:1, i:91), STATEMACHINELOGENTRY, 5009@client-74E486EA5940]
2023-03-07 04:41:10,436 DEBUG server.RaftServer$Division (RaftServerImpl.java:logAppendEntries(1429)) - s0@group-AD39DEEC881B: succeeded to handle AppendEntries. Reply: s10<-s0#5010:OK-t1,SUCCESS,nextIndex=92,followerCommit=90,matchIndex=91
2023-03-07 04:41:10,436 DEBUG server.RaftServer$Division (RaftServerImpl.java:logAppendEntries(1429)) - s1@group-AD39DEEC881B: receive appendEntries(s10, 1, (t:1, i:90), 90, true, commits:[s10:c90, s0:c89, s1:c89], cId:5011, entries: [(t:1, i:91), STATEMACHINELOGENTRY, 5009@client-74E486EA5940]
2023-03-07 04:41:10,436 INFO  statemachine.StateMachine (ArithmeticStateMachine.java:applyTransaction(182)) - LEADER:s10-91: a = null = null
2023-03-07 04:41:10,436 DEBUG server.RaftServer$Division (RaftServerImpl.java:logAppendEntries(1429)) - s1@group-AD39DEEC881B: succeeded to handle AppendEntries. Reply: s10<-s1#5011:OK-t1,SUCCESS,nextIndex=92,followerCommit=90,matchIndex=91
2023-03-07 04:41:10,437 DEBUG server.RaftServer$Division (RaftServerImpl.java:logAppendEntries(1429)) - s0@group-AD39DEEC881B: receive appendEntries(s10, 1, (t:1, i:91), 91, true, commits:[s10:c91, s0:c90, s1:c89], cId:5012, entries: [(t:1, i:92), METADATAENTRY(c:91)]
2023-03-07 04:41:10,437 DEBUG server.RaftServer$Division (RaftServerImpl.java:logAppendEntries(1429)) - s1@group-AD39DEEC881B: receive appendEntries(s10, 1, (t:1, i:91), 91, true, commits:[s10:c91, s0:c90, s1:c90], cId:5013, entries: [(t:1, i:92), METADATAENTRY(c:91)]
2023-03-07 04:41:10,438 DEBUG server.RaftServer$Division (RaftServerImpl.java:logAppendEntries(1429)) - s0@group-AD39DEEC881B: succeeded to handle AppendEntries. Reply: s10<-s0#5012:OK-t1,SUCCESS,nextIndex=93,followerCommit=91,matchIndex=92
2023-03-07 04:41:10,438 DEBUG server.RaftServer$Division (RaftServerImpl.java:logAppendEntries(1429)) - s1@group-AD39DEEC881B: succeeded to handle AppendEntries. Reply: s10<-s1#5013:OK-t1,SUCCESS,nextIndex=93,followerCommit=91,matchIndex=92
2023-03-07 04:41:10,439 DEBUG server.RaftServer$Division (RaftServerImpl.java:submitClientRequestAsync(832)) - s10@group-AD39DEEC881B: receive client request(RaftClientRequest:client-74E486EA5940->s10@group-AD39DEEC881B, cid=5014, seq=0, RW, Message:01016200)
2023-03-07 04:41:10,439 DEBUG server.RaftServer$Division (LeaderStateImpl.java:addPendingRequest(474)) - s10@group-AD39DEEC881B-LeaderStateImpl: addPendingRequest at RaftClientRequest:client-74E486EA5940->s10@group-AD39DEEC881B, cid=5014, seq=0, RW, Message:01016200, entry=(t:1, i:93), STATEMACHINELOGENTRY, 5014@client-74E486EA5940
2023-03-07 04:41:10,440 DEBUG server.RaftServer$Division (RaftServerImpl.java:logAppendEntries(1429)) - s0@group-AD39DEEC881B: receive appendEntries(s10, 1, (t:1, i:92), 92, true, commits:[s10:c92, s0:c91, s1:c91], cId:5015, entries: [(t:1, i:93), STATEMACHINELOGENTRY, 5014@client-74E486EA5940]
2023-03-07 04:41:10,440 DEBUG server.RaftServer$Division (RaftServerImpl.java:logAppendEntries(1429)) - s1@group-AD39DEEC881B: receive appendEntries(s10, 1, (t:1, i:92), 92, true, commits:[s10:c92, s0:c91, s1:c91], cId:5016, entries: [(t:1, i:93), STATEMACHINELOGENTRY, 5014@client-74E486EA5940]
2023-03-07 04:41:10,440 DEBUG server.RaftServer$Division (RaftServerImpl.java:logAppendEntries(1429)) - s0@group-AD39DEEC881B: succeeded to handle AppendEntries. Reply: s10<-s0#5015:OK-t1,SUCCESS,nextIndex=94,followerCommit=92,matchIndex=93
2023-03-07 04:41:10,440 DEBUG server.RaftServer$Division (RaftServerImpl.java:logAppendEntries(1429)) - s1@group-AD39DEEC881B: succeeded to handle AppendEntries. Reply: s10<-s1#5016:OK-t1,SUCCESS,nextIndex=94,followerCommit=92,matchIndex=93
2023-03-07 04:41:10,441 INFO  statemachine.StateMachine (ArithmeticStateMachine.java:applyTransaction(182)) - LEADER:s10-93: b = null = null
2023-03-07 04:41:10,441 DEBUG server.RaftServer$Division (RaftServerImpl.java:logAppendEntries(1429)) - s0@group-AD39DEEC881B: receive appendEntries(s10, 1, (t:1, i:93), 93, true, commits:[s10:c93, s0:c92, s1:c92], cId:5018, entries: [(t:1, i:94), METADATAENTRY(c:93)]
2023-03-07 04:41:10,442 DEBUG server.RaftServer$Division (RaftServerImpl.java:logAppendEntries(1429)) - s1@group-AD39DEEC881B: receive appendEntries(s10, 1, (t:1, i:93), 93, true, commits:[s10:c93, s0:c91, s1:c92], cId:5017, entries: [(t:1, i:94), METADATAENTRY(c:93)]
2023-03-07 04:41:10,442 DEBUG server.RaftServer$Division (RaftServerImpl.java:logAppendEntries(1429)) - s0@group-AD39DEEC881B: succeeded to handle AppendEntries. Reply: s10<-s0#5018:OK-t1,SUCCESS,nextIndex=95,followerCommit=93,matchIndex=94
2023-03-07 04:41:10,442 DEBUG server.RaftServer$Division (RaftServerImpl.java:logAppendEntries(1429)) - s1@group-AD39DEEC881B: succeeded to handle AppendEntries. Reply: s10<-s1#5017:OK-t1,SUCCESS,nextIndex=95,followerCommit=93,matchIndex=94
2023-03-07 04:41:10,443 DEBUG server.RaftServer$Division (RaftServerImpl.java:submitClientRequestAsync(832)) - s10@group-AD39DEEC881B: receive client request(RaftClientRequest:client-74E486EA5940->s10@group-AD39DEEC881B, cid=5019, seq=0, RW, Message:01016300)
2023-03-07 04:41:10,443 DEBUG server.RaftServer$Division (LeaderStateImpl.java:addPendingRequest(474)) - s10@group-AD39DEEC881B-LeaderStateImpl: addPendingRequest at RaftClientRequest:client-74E486EA5940->s10@group-AD39DEEC881B, cid=5019, seq=0, RW, Message:01016300, entry=(t:1, i:95), STATEMACHINELOGENTRY, 5019@client-74E486EA5940
2023-03-07 04:41:10,444 DEBUG server.RaftServer$Division (RaftServerImpl.java:logAppendEntries(1429)) - s0@group-AD39DEEC881B: receive appendEntries(s10, 1, (t:1, i:94), 94, true, commits:[s10:c94, s0:c93, s1:c93], cId:5020, entries: [(t:1, i:95), STATEMACHINELOGENTRY, 5019@client-74E486EA5940]
2023-03-07 04:41:10,444 DEBUG server.RaftServer$Division (RaftServerImpl.java:logAppendEntries(1429)) - s0@group-AD39DEEC881B: succeeded to handle AppendEntries. Reply: s10<-s0#5020:OK-t1,SUCCESS,nextIndex=96,followerCommit=94,matchIndex=95
2023-03-07 04:41:10,445 INFO  statemachine.StateMachine (ArithmeticStateMachine.java:applyTransaction(182)) - LEADER:s10-95: c = null = null
2023-03-07 04:41:10,445 DEBUG server.RaftServer$Division (RaftServerImpl.java:logAppendEntries(1429)) - s1@group-AD39DEEC881B: receive appendEntries(s10, 1, (t:1, i:94), 94, true, commits:[s10:c94, s0:c94, s1:c93], cId:5021, entries: [(t:1, i:95), STATEMACHINELOGENTRY, 5019@client-74E486EA5940]
2023-03-07 04:41:10,445 DEBUG server.RaftServer$Division (RaftServerImpl.java:logAppendEntries(1429)) - s0@group-AD39DEEC881B: receive appendEntries(s10, 1, (t:1, i:95), 95, true, commits:[s10:c95, s0:c94, s1:c93], cId:5022, entries: [(t:1, i:96), METADATAENTRY(c:95)]
2023-03-07 04:41:10,445 DEBUG server.RaftServer$Division (RaftServerImpl.java:logAppendEntries(1429)) - s1@group-AD39DEEC881B: succeeded to handle AppendEntries. Reply: s10<-s1#5021:OK-t1,SUCCESS,nextIndex=96,followerCommit=94,matchIndex=95
2023-03-07 04:41:10,446 DEBUG server.RaftServer$Division (RaftServerImpl.java:logAppendEntries(1429)) - s0@group-AD39DEEC881B: succeeded to handle AppendEntries. Reply: s10<-s0#5022:OK-t1,SUCCESS,nextIndex=97,followerCommit=95,matchIndex=96
2023-03-07 04:41:10,447 DEBUG server.RaftServer$Division (RaftServerImpl.java:submitClientRequestAsync(832)) - s10@group-AD39DEEC881B: receive client request(RaftClientRequest:client-74E486EA5940->s10@group-AD39DEEC881B, cid=5024, seq=0, RW, Message:01016102403300000000...(size=12))
2023-03-07 04:41:10,447 DEBUG server.RaftServer$Division (LeaderStateImpl.java:addPendingRequest(474)) - s10@group-AD39DEEC881B-LeaderStateImpl: addPendingRequest at RaftClientRequest:client-74E486EA5940->s10@group-AD39DEEC881B, cid=5024, seq=0, RW, Message:01016102403300000000...(size=12), entry=(t:1, i:97), STATEMACHINELOGENTRY, 5024@client-74E486EA5940
2023-03-07 04:41:10,447 DEBUG server.RaftServer$Division (RaftServerImpl.java:logAppendEntries(1429)) - s1@group-AD39DEEC881B: receive appendEntries(s10, 1, (t:1, i:95), 95, true, commits:[s10:c95, s0:c94, s1:c94], cId:5023, entries: [(t:1, i:96), METADATAENTRY(c:95)]
2023-03-07 04:41:10,448 DEBUG server.RaftServer$Division (RaftServerImpl.java:logAppendEntries(1429)) - s1@group-AD39DEEC881B: succeeded to handle AppendEntries. Reply: s10<-s1#5023:OK-t1,SUCCESS,nextIndex=97,followerCommit=95,matchIndex=96
2023-03-07 04:41:10,448 DEBUG server.RaftServer$Division (RaftServerImpl.java:logAppendEntries(1429)) - s0@group-AD39DEEC881B: receive appendEntries(s10, 1, (t:1, i:96), 96, true, commits:[s10:c96, s0:c95, s1:c94], cId:5025, entries: [(t:1, i:97), STATEMACHINELOGENTRY, 5024@client-74E486EA5940]
2023-03-07 04:41:10,448 DEBUG server.RaftServer$Division (RaftServerImpl.java:logAppendEntries(1429)) - s0@group-AD39DEEC881B: succeeded to handle AppendEntries. Reply: s10<-s0#5025:OK-t1,SUCCESS,nextIndex=98,followerCommit=96,matchIndex=97
2023-03-07 04:41:10,449 DEBUG server.RaftServer$Division (RaftServerImpl.java:logAppendEntries(1429)) - s1@group-AD39DEEC881B: receive appendEntries(s10, 1, (t:1, i:96), 96, true, commits:[s10:c96, s0:c95, s1:c95], cId:5026, entries: [(t:1, i:97), STATEMACHINELOGENTRY, 5024@client-74E486EA5940]
2023-03-07 04:41:10,449 INFO  statemachine.StateMachine (ArithmeticStateMachine.java:applyTransaction(182)) - LEADER:s10-97: a = 19 = 19
2023-03-07 04:41:10,449 DEBUG server.RaftServer$Division (RaftServerImpl.java:logAppendEntries(1429)) - s1@group-AD39DEEC881B: succeeded to handle AppendEntries. Reply: s10<-s1#5026:OK-t1,SUCCESS,nextIndex=98,followerCommit=96,matchIndex=97
2023-03-07 04:41:10,450 DEBUG server.RaftServer$Division (RaftServerImpl.java:logAppendEntries(1429)) - s0@group-AD39DEEC881B: receive appendEntries(s10, 1, (t:1, i:97), 97, true, commits:[s10:c97, s0:c96, s1:c95], cId:5027, entries: [(t:1, i:98), METADATAENTRY(c:97)]
2023-03-07 04:41:10,450 DEBUG server.RaftServer$Division (RaftServerImpl.java:logAppendEntries(1429)) - s1@group-AD39DEEC881B: receive appendEntries(s10, 1, (t:1, i:97), 97, true, commits:[s10:c97, s0:c96, s1:c96], cId:5028, entries: [(t:1, i:98), METADATAENTRY(c:97)]
2023-03-07 04:41:10,451 DEBUG server.RaftServer$Division (RaftServerImpl.java:logAppendEntries(1429)) - s1@group-AD39DEEC881B: succeeded to handle AppendEntries. Reply: s10<-s1#5028:OK-t1,SUCCESS,nextIndex=99,followerCommit=97,matchIndex=98
2023-03-07 04:41:10,451 DEBUG server.RaftServer$Division (RaftServerImpl.java:logAppendEntries(1429)) - s0@group-AD39DEEC881B: succeeded to handle AppendEntries. Reply: s10<-s0#5027:OK-t1,SUCCESS,nextIndex=99,followerCommit=97,matchIndex=98
2023-03-07 04:41:10,451 DEBUG server.RaftServer$Division (RaftServerImpl.java:submitClientRequestAsync(832)) - s10@group-AD39DEEC881B: receive client request(RaftClientRequest:client-74E486EA5940->s10@group-AD39DEEC881B, cid=5029, seq=0, RW, Message:01016202406680000000...(size=12))
2023-03-07 04:41:10,452 DEBUG server.RaftServer$Division (LeaderStateImpl.java:addPendingRequest(474)) - s10@group-AD39DEEC881B-LeaderStateImpl: addPendingRequest at RaftClientRequest:client-74E486EA5940->s10@group-AD39DEEC881B, cid=5029, seq=0, RW, Message:01016202406680000000...(size=12), entry=(t:1, i:99), STATEMACHINELOGENTRY, 5029@client-74E486EA5940
2023-03-07 04:41:10,452 DEBUG server.RaftServer$Division (RaftServerImpl.java:logAppendEntries(1429)) - s0@group-AD39DEEC881B: receive appendEntries(s10, 1, (t:1, i:98), 98, true, commits:[s10:c98, s0:c97, s1:c97], cId:5030, entries: [(t:1, i:99), STATEMACHINELOGENTRY, 5029@client-74E486EA5940]
2023-03-07 04:41:10,453 DEBUG server.RaftServer$Division (RaftServerImpl.java:logAppendEntries(1429)) - s0@group-AD39DEEC881B: succeeded to handle AppendEntries. Reply: s10<-s0#5030:OK-t1,SUCCESS,nextIndex=100,followerCommit=98,matchIndex=99
2023-03-07 04:41:10,453 DEBUG server.RaftServer$Division (RaftServerImpl.java:logAppendEntries(1429)) - s1@group-AD39DEEC881B: receive appendEntries(s10, 1, (t:1, i:98), 98, true, commits:[s10:c98, s0:c97, s1:c97], cId:5031, entries: [(t:1, i:99), STATEMACHINELOGENTRY, 5029@client-74E486EA5940]
2023-03-07 04:41:10,453 INFO  statemachine.StateMachine (ArithmeticStateMachine.java:applyTransaction(182)) - LEADER:s10-99: b = 180 = 180
2023-03-07 04:41:10,453 DEBUG server.RaftServer$Division (RaftServerImpl.java:logAppendEntries(1429)) - s1@group-AD39DEEC881B: succeeded to handle AppendEntries. Reply: s10<-s1#5031:OK-t1,SUCCESS,nextIndex=100,followerCommit=98,matchIndex=99
2023-03-07 04:41:10,454 DEBUG server.RaftServer$Division (RaftServerImpl.java:logAppendEntries(1429)) - s1@group-AD39DEEC881B: receive appendEntries(s10, 1, (t:1, i:99), 99, true, commits:[s10:c99, s0:c98, s1:c98], cId:5033, entries: [(t:1, i:100), METADATAENTRY(c:99)]
2023-03-07 04:41:10,454 DEBUG server.RaftServer$Division (RaftServerImpl.java:logAppendEntries(1429)) - s1@group-AD39DEEC881B: succeeded to handle AppendEntries. Reply: s10<-s1#5033:OK-t1,SUCCESS,nextIndex=101,followerCommit=99,matchIndex=100
2023-03-07 04:41:10,455 DEBUG server.RaftServer$Division (RaftServerImpl.java:submitClientRequestAsync(832)) - s10@group-AD39DEEC881B: receive client request(RaftClientRequest:client-74E486EA5940->s10@group-AD39DEEC881B, cid=5034, seq=0, RW, Message:01016304010300040201...(size=17))
2023-03-07 04:41:10,455 DEBUG server.RaftServer$Division (RaftServerImpl.java:logAppendEntries(1429)) - s0@group-AD39DEEC881B: receive appendEntries(s10, 1, (t:1, i:99), 99, true, commits:[s10:c99, s0:c98, s1:c97], cId:5032, entries: [(t:1, i:100), METADATAENTRY(c:99)]
2023-03-07 04:41:10,456 DEBUG server.RaftServer$Division (LeaderStateImpl.java:addPendingRequest(474)) - s10@group-AD39DEEC881B-LeaderStateImpl: addPendingRequest at RaftClientRequest:client-74E486EA5940->s10@group-AD39DEEC881B, cid=5034, seq=0, RW, Message:01016304010300040201...(size=17), entry=(t:1, i:101), STATEMACHINELOGENTRY, 5034@client-74E486EA5940
2023-03-07 04:41:10,456 DEBUG server.RaftServer$Division (RaftServerImpl.java:logAppendEntries(1429)) - s0@group-AD39DEEC881B: succeeded to handle AppendEntries. Reply: s10<-s0#5032:OK-t1,SUCCESS,nextIndex=101,followerCommit=99,matchIndex=100
2023-03-07 04:41:10,456 DEBUG server.RaftServer$Division (RaftServerImpl.java:logAppendEntries(1429)) - s1@group-AD39DEEC881B: receive appendEntries(s10, 1, (t:1, i:100), 99, true, commits:[s10:c99, s0:c98, s1:c99], cId:5035, entries: [(t:1, i:101), STATEMACHINELOGENTRY, 5034@client-74E486EA5940]
2023-03-07 04:41:10,456 DEBUG server.RaftServer$Division (RaftServerImpl.java:logAppendEntries(1429)) - s1@group-AD39DEEC881B: succeeded to handle AppendEntries. Reply: s10<-s1#5035:OK-t1,SUCCESS,nextIndex=102,followerCommit=99,matchIndex=101
2023-03-07 04:41:10,457 INFO  statemachine.StateMachine (ArithmeticStateMachine.java:applyTransaction(182)) - LEADER:s10-101: c = √(a^2 + b^2) = 181
2023-03-07 04:41:10,458 DEBUG server.RaftServer$Division (RaftServerImpl.java:submitClientRequestAsync(832)) - s10@group-AD39DEEC881B: receive client request(RaftClientRequest:client-74E486EA5940->s10@group-AD39DEEC881B, cid=5038, seq=0, RW, Message:01016100)
2023-03-07 04:41:10,458 DEBUG server.RaftServer$Division (RaftServerImpl.java:logAppendEntries(1429)) - s1@group-AD39DEEC881B: receive appendEntries(s10, 1, (t:1, i:101), 101, true, commits:[s10:c101, s0:c99, s1:c99], cId:5037, entries: [(t:1, i:102), METADATAENTRY(c:101)]
2023-03-07 04:41:10,458 DEBUG server.RaftServer$Division (LeaderStateImpl.java:addPendingRequest(474)) - s10@group-AD39DEEC881B-LeaderStateImpl: addPendingRequest at RaftClientRequest:client-74E486EA5940->s10@group-AD39DEEC881B, cid=5038, seq=0, RW, Message:01016100, entry=(t:1, i:103), STATEMACHINELOGENTRY, 5038@client-74E486EA5940
2023-03-07 04:41:10,458 DEBUG server.RaftServer$Division (RaftServerImpl.java:logAppendEntries(1429)) - s0@group-AD39DEEC881B: receive appendEntries(s10, 1, (t:1, i:100), 100, true, commits:[s10:c100, s0:c99, s1:c99], cId:5036, entries: [(t:1, i:101), STATEMACHINELOGENTRY, 5034@client-74E486EA5940]
2023-03-07 04:41:10,458 DEBUG server.RaftServer$Division (RaftServerImpl.java:logAppendEntries(1429)) - s1@group-AD39DEEC881B: succeeded to handle AppendEntries. Reply: s10<-s1#5037:OK-t1,SUCCESS,nextIndex=103,followerCommit=101,matchIndex=102
2023-03-07 04:41:10,459 DEBUG server.RaftServer$Division (RaftServerImpl.java:logAppendEntries(1429)) - s0@group-AD39DEEC881B: succeeded to handle AppendEntries. Reply: s10<-s0#5036:OK-t1,SUCCESS,nextIndex=102,followerCommit=100,matchIndex=101
2023-03-07 04:41:10,460 DEBUG server.RaftServer$Division (RaftServerImpl.java:logAppendEntries(1429)) - s1@group-AD39DEEC881B: receive appendEntries(s10, 1, (t:1, i:102), 101, true, commits:[s10:c101, s0:c99, s1:c101], cId:5039, entries: [(t:1, i:103), STATEMACHINELOGENTRY, 5038@client-74E486EA5940]
2023-03-07 04:41:10,460 DEBUG server.RaftServer$Division (RaftServerImpl.java:logAppendEntries(1429)) - s0@group-AD39DEEC881B: receive appendEntries(s10, 1, (t:1, i:101), 102, true, commits:[s10:c102, s0:c100, s1:c101], cId:5040, entries: [(t:1, i:102), METADATAENTRY(c:101), (t:1, i:103), STATEMACHINELOGENTRY, 5038@client-74E486EA5940]
2023-03-07 04:41:10,460 DEBUG server.RaftServer$Division (RaftServerImpl.java:logAppendEntries(1429)) - s1@group-AD39DEEC881B: succeeded to handle AppendEntries. Reply: s10<-s1#5039:OK-t1,SUCCESS,nextIndex=104,followerCommit=101,matchIndex=103
2023-03-07 04:41:10,461 INFO  statemachine.StateMachine (ArithmeticStateMachine.java:applyTransaction(182)) - LEADER:s10-103: a = null = null
2023-03-07 04:41:10,461 DEBUG server.RaftServer$Division (RaftServerImpl.java:logAppendEntries(1429)) - s0@group-AD39DEEC881B: succeeded to handle AppendEntries. Reply: s10<-s0#5040:OK-t1,SUCCESS,nextIndex=104,followerCommit=102,matchIndex=103
2023-03-07 04:41:10,461 DEBUG server.RaftServer$Division (RaftServerImpl.java:logAppendEntries(1429)) - s1@group-AD39DEEC881B: receive appendEntries(s10, 1, (t:1, i:103), 103, true, commits:[s10:c103, s0:c100, s1:c101], cId:5041, entries: [(t:1, i:104), METADATAENTRY(c:103)]
2023-03-07 04:41:10,462 DEBUG server.RaftServer$Division (RaftServerImpl.java:logAppendEntries(1429)) - s1@group-AD39DEEC881B: succeeded to handle AppendEntries. Reply: s10<-s1#5041:OK-t1,SUCCESS,nextIndex=105,followerCommit=103,matchIndex=104
2023-03-07 04:41:10,462 DEBUG server.RaftServer$Division (RaftServerImpl.java:submitClientRequestAsync(832)) - s10@group-AD39DEEC881B: receive client request(RaftClientRequest:client-74E486EA5940->s10@group-AD39DEEC881B, cid=5042, seq=0, RW, Message:01016200)
2023-03-07 04:41:10,463 DEBUG server.RaftServer$Division (LeaderStateImpl.java:addPendingRequest(474)) - s10@group-AD39DEEC881B-LeaderStateImpl: addPendingRequest at RaftClientRequest:client-74E486EA5940->s10@group-AD39DEEC881B, cid=5042, seq=0, RW, Message:01016200, entry=(t:1, i:105), STATEMACHINELOGENTRY, 5042@client-74E486EA5940
2023-03-07 04:41:10,464 DEBUG server.RaftServer$Division (RaftServerImpl.java:logAppendEntries(1429)) - s0@group-AD39DEEC881B: receive appendEntries(s10, 1, (t:1, i:103), 104, true, commits:[s10:c104, s0:c102, s1:c103], cId:5044, entries: [(t:1, i:104), METADATAENTRY(c:103), (t:1, i:105), STATEMACHINELOGENTRY, 5042@client-74E486EA5940]
2023-03-07 04:41:10,463 DEBUG server.RaftServer$Division (RaftServerImpl.java:logAppendEntries(1429)) - s1@group-AD39DEEC881B: receive appendEntries(s10, 1, (t:1, i:104), 104, true, commits:[s10:c104, s0:c102, s1:c103], cId:5043, entries: [(t:1, i:105), STATEMACHINELOGENTRY, 5042@client-74E486EA5940]
2023-03-07 04:41:10,464 DEBUG server.RaftServer$Division (RaftServerImpl.java:logAppendEntries(1429)) - s0@group-AD39DEEC881B: succeeded to handle AppendEntries. Reply: s10<-s0#5044:OK-t1,SUCCESS,nextIndex=106,followerCommit=104,matchIndex=105
2023-03-07 04:41:10,465 DEBUG server.RaftServer$Division (RaftServerImpl.java:logAppendEntries(1429)) - s1@group-AD39DEEC881B: succeeded to handle AppendEntries. Reply: s10<-s1#5043:OK-t1,SUCCESS,nextIndex=106,followerCommit=104,matchIndex=105
2023-03-07 04:41:10,465 INFO  statemachine.StateMachine (ArithmeticStateMachine.java:applyTransaction(182)) - LEADER:s10-105: b = null = null
2023-03-07 04:41:10,466 DEBUG server.RaftServer$Division (RaftServerImpl.java:submitClientRequestAsync(832)) - s10@group-AD39DEEC881B: receive client request(RaftClientRequest:client-74E486EA5940->s10@group-AD39DEEC881B, cid=5047, seq=0, RW, Message:01016300)
2023-03-07 04:41:10,466 DEBUG server.RaftServer$Division (LeaderStateImpl.java:addPendingRequest(474)) - s10@group-AD39DEEC881B-LeaderStateImpl: addPendingRequest at RaftClientRequest:client-74E486EA5940->s10@group-AD39DEEC881B, cid=5047, seq=0, RW, Message:01016300, entry=(t:1, i:107), STATEMACHINELOGENTRY, 5047@client-74E486EA5940
2023-03-07 04:41:10,467 DEBUG server.RaftServer$Division (RaftServerImpl.java:logAppendEntries(1429)) - s1@group-AD39DEEC881B: receive appendEntries(s10, 1, (t:1, i:105), 105, true, commits:[s10:c105, s0:c102, s1:c104], cId:5045, entries: [(t:1, i:106), METADATAENTRY(c:105)]
2023-03-07 04:41:10,467 DEBUG server.RaftServer$Division (RaftServerImpl.java:logAppendEntries(1429)) - s0@group-AD39DEEC881B: receive appendEntries(s10, 1, (t:1, i:105), 105, true, commits:[s10:c105, s0:c104, s1:c104], cId:5046, entries: [(t:1, i:106), METADATAENTRY(c:105)]
2023-03-07 04:41:10,467 DEBUG server.RaftServer$Division (RaftServerImpl.java:logAppendEntries(1429)) - s1@group-AD39DEEC881B: succeeded to handle AppendEntries. Reply: s10<-s1#5045:OK-t1,SUCCESS,nextIndex=107,followerCommit=105,matchIndex=106
2023-03-07 04:41:10,467 DEBUG server.RaftServer$Division (RaftServerImpl.java:logAppendEntries(1429)) - s0@group-AD39DEEC881B: succeeded to handle AppendEntries. Reply: s10<-s0#5046:OK-t1,SUCCESS,nextIndex=107,followerCommit=105,matchIndex=106
2023-03-07 04:41:10,468 DEBUG server.RaftServer$Division (RaftServerImpl.java:logAppendEntries(1429)) - s0@group-AD39DEEC881B: receive appendEntries(s10, 1, (t:1, i:106), 106, true, commits:[s10:c106, s0:c105, s1:c105], cId:5049, entries: [(t:1, i:107), STATEMACHINELOGENTRY, 5047@client-74E486EA5940]
2023-03-07 04:41:10,469 DEBUG server.RaftServer$Division (RaftServerImpl.java:logAppendEntries(1429)) - s0@group-AD39DEEC881B: succeeded to handle AppendEntries. Reply: s10<-s0#5049:OK-t1,SUCCESS,nextIndex=108,followerCommit=106,matchIndex=107
2023-03-07 04:41:10,469 DEBUG server.RaftServer$Division (RaftServerImpl.java:logAppendEntries(1429)) - s1@group-AD39DEEC881B: receive appendEntries(s10, 1, (t:1, i:106), 105, true, commits:[s10:c105, s0:c104, s1:c105], cId:5048, entries: [(t:1, i:107), STATEMACHINELOGENTRY, 5047@client-74E486EA5940]
2023-03-07 04:41:10,469 INFO  statemachine.StateMachine (ArithmeticStateMachine.java:applyTransaction(182)) - LEADER:s10-107: c = null = null
2023-03-07 04:41:10,469 DEBUG server.RaftServer$Division (RaftServerImpl.java:logAppendEntries(1429)) - s1@group-AD39DEEC881B: succeeded to handle AppendEntries. Reply: s10<-s1#5048:OK-t1,SUCCESS,nextIndex=108,followerCommit=105,matchIndex=107
2023-03-07 04:41:10,470 DEBUG server.RaftServer$Division (RaftServerImpl.java:logAppendEntries(1429)) - s1@group-AD39DEEC881B: receive appendEntries(s10, 1, (t:1, i:107), 107, true, commits:[s10:c107, s0:c106, s1:c105], cId:5051, entries: [(t:1, i:108), METADATAENTRY(c:107)]
2023-03-07 04:41:10,471 DEBUG server.RaftServer$Division (RaftServerImpl.java:logAppendEntries(1429)) - s1@group-AD39DEEC881B: succeeded to handle AppendEntries. Reply: s10<-s1#5051:OK-t1,SUCCESS,nextIndex=109,followerCommit=107,matchIndex=108
2023-03-07 04:41:10,471 DEBUG server.RaftServer$Division (RaftServerImpl.java:submitClientRequestAsync(832)) - s10@group-AD39DEEC881B: receive client request(RaftClientRequest:client-74E486EA5940->s10@group-AD39DEEC881B, cid=5052, seq=0, RW, Message:01016102403500000000...(size=12))
2023-03-07 04:41:10,471 DEBUG server.RaftServer$Division (LeaderStateImpl.java:addPendingRequest(474)) - s10@group-AD39DEEC881B-LeaderStateImpl: addPendingRequest at RaftClientRequest:client-74E486EA5940->s10@group-AD39DEEC881B, cid=5052, seq=0, RW, Message:01016102403500000000...(size=12), entry=(t:1, i:109), STATEMACHINELOGENTRY, 5052@client-74E486EA5940
2023-03-07 04:41:10,471 DEBUG server.RaftServer$Division (RaftServerImpl.java:logAppendEntries(1429)) - s1@group-AD39DEEC881B: receive appendEntries(s10, 1, (t:1, i:108), 107, true, commits:[s10:c107, s0:c106, s1:c107], cId:5053, entries: [(t:1, i:109), STATEMACHINELOGENTRY, 5052@client-74E486EA5940]
2023-03-07 04:41:10,472 DEBUG server.RaftServer$Division (RaftServerImpl.java:logAppendEntries(1429)) - s0@group-AD39DEEC881B: receive appendEntries(s10, 1, (t:1, i:107), 107, true, commits:[s10:c107, s0:c106, s1:c105], cId:5050, entries: [(t:1, i:108), METADATAENTRY(c:107)]
2023-03-07 04:41:10,472 DEBUG server.RaftServer$Division (RaftServerImpl.java:logAppendEntries(1429)) - s1@group-AD39DEEC881B: succeeded to handle AppendEntries. Reply: s10<-s1#5053:OK-t1,SUCCESS,nextIndex=110,followerCommit=107,matchIndex=109
2023-03-07 04:41:10,472 INFO  statemachine.StateMachine (ArithmeticStateMachine.java:applyTransaction(182)) - LEADER:s10-109: a = 21 = 21
2023-03-07 04:41:10,472 DEBUG server.RaftServer$Division (RaftServerImpl.java:logAppendEntries(1429)) - s0@group-AD39DEEC881B: succeeded to handle AppendEntries. Reply: s10<-s0#5050:OK-t1,SUCCESS,nextIndex=109,followerCommit=107,matchIndex=108
2023-03-07 04:41:10,473 DEBUG server.RaftServer$Division (RaftServerImpl.java:logAppendEntries(1429)) - s1@group-AD39DEEC881B: receive appendEntries(s10, 1, (t:1, i:109), 109, true, commits:[s10:c109, s0:c106, s1:c107], cId:5054, entries: [(t:1, i:110), METADATAENTRY(c:109)]
2023-03-07 04:41:10,474 DEBUG server.RaftServer$Division (RaftServerImpl.java:logAppendEntries(1429)) - s1@group-AD39DEEC881B: succeeded to handle AppendEntries. Reply: s10<-s1#5054:OK-t1,SUCCESS,nextIndex=111,followerCommit=109,matchIndex=110
2023-03-07 04:41:10,473 DEBUG server.RaftServer$Division (RaftServerImpl.java:submitClientRequestAsync(832)) - s10@group-AD39DEEC881B: receive client request(RaftClientRequest:client-74E486EA5940->s10@group-AD39DEEC881B, cid=5055, seq=0, RW, Message:01016202406b80000000...(size=12))
2023-03-07 04:41:10,475 DEBUG server.RaftServer$Division (LeaderStateImpl.java:addPendingRequest(474)) - s10@group-AD39DEEC881B-LeaderStateImpl: addPendingRequest at RaftClientRequest:client-74E486EA5940->s10@group-AD39DEEC881B, cid=5055, seq=0, RW, Message:01016202406b80000000...(size=12), entry=(t:1, i:111), STATEMACHINELOGENTRY, 5055@client-74E486EA5940
2023-03-07 04:41:10,475 DEBUG server.RaftServer$Division (RaftServerImpl.java:logAppendEntries(1429)) - s1@group-AD39DEEC881B: receive appendEntries(s10, 1, (t:1, i:110), 109, true, commits:[s10:c109, s0:c107, s1:c109], cId:5057, entries: [(t:1, i:111), STATEMACHINELOGENTRY, 5055@client-74E486EA5940]
2023-03-07 04:41:10,475 DEBUG server.RaftServer$Division (RaftServerImpl.java:logAppendEntries(1429)) - s0@group-AD39DEEC881B: receive appendEntries(s10, 1, (t:1, i:108), 109, true, commits:[s10:c109, s0:c107, s1:c107], cId:5056, entries: [(t:1, i:109), STATEMACHINELOGENTRY, 5052@client-74E486EA5940, (t:1, i:110), METADATAENTRY(c:109)]
2023-03-07 04:41:10,476 DEBUG server.RaftServer$Division (RaftServerImpl.java:logAppendEntries(1429)) - s1@group-AD39DEEC881B: succeeded to handle AppendEntries. Reply: s10<-s1#5057:OK-t1,SUCCESS,nextIndex=112,followerCommit=109,matchIndex=111
2023-03-07 04:41:10,476 DEBUG server.RaftServer$Division (RaftServerImpl.java:logAppendEntries(1429)) - s0@group-AD39DEEC881B: succeeded to handle AppendEntries. Reply: s10<-s0#5056:OK-t1,SUCCESS,nextIndex=111,followerCommit=109,matchIndex=110
2023-03-07 04:41:10,476 INFO  statemachine.StateMachine (ArithmeticStateMachine.java:applyTransaction(182)) - LEADER:s10-111: b = 220 = 220
2023-03-07 04:41:10,477 DEBUG server.RaftServer$Division (RaftServerImpl.java:submitClientRequestAsync(832)) - s10@group-AD39DEEC881B: receive client request(RaftClientRequest:client-74E486EA5940->s10@group-AD39DEEC881B, cid=5059, seq=0, RW, Message:01016304010300040201...(size=17))
2023-03-07 04:41:10,477 DEBUG server.RaftServer$Division (LeaderStateImpl.java:addPendingRequest(474)) - s10@group-AD39DEEC881B-LeaderStateImpl: addPendingRequest at RaftClientRequest:client-74E486EA5940->s10@group-AD39DEEC881B, cid=5059, seq=0, RW, Message:01016304010300040201...(size=17), entry=(t:1, i:113), STATEMACHINELOGENTRY, 5059@client-74E486EA5940
2023-03-07 04:41:10,477 DEBUG server.RaftServer$Division (RaftServerImpl.java:logAppendEntries(1429)) - s1@group-AD39DEEC881B: receive appendEntries(s10, 1, (t:1, i:111), 111, true, commits:[s10:c111, s0:c107, s1:c109], cId:5058, entries: [(t:1, i:112), METADATAENTRY(c:111)]
2023-03-07 04:41:10,478 DEBUG server.RaftServer$Division (RaftServerImpl.java:logAppendEntries(1429)) - s1@group-AD39DEEC881B: succeeded to handle AppendEntries. Reply: s10<-s1#5058:OK-t1,SUCCESS,nextIndex=113,followerCommit=111,matchIndex=112
2023-03-07 04:41:10,479 DEBUG server.RaftServer$Division (RaftServerImpl.java:logAppendEntries(1429)) - s1@group-AD39DEEC881B: receive appendEntries(s10, 1, (t:1, i:112), 111, true, commits:[s10:c111, s0:c109, s1:c111], cId:5061, entries: [(t:1, i:113), STATEMACHINELOGENTRY, 5059@client-74E486EA5940]
2023-03-07 04:41:10,479 DEBUG server.RaftServer$Division (RaftServerImpl.java:logAppendEntries(1429)) - s0@group-AD39DEEC881B: receive appendEntries(s10, 1, (t:1, i:110), 111, true, commits:[s10:c111, s0:c109, s1:c109], cId:5060, entries: [(t:1, i:111), STATEMACHINELOGENTRY, 5055@client-74E486EA5940, (t:1, i:112), METADATAENTRY(c:111), (t:1, i:113), STATEMACHINELOGENTRY, 5059@client-74E486EA5940]
2023-03-07 04:41:10,479 DEBUG server.RaftServer$Division (RaftServerImpl.java:logAppendEntries(1429)) - s1@group-AD39DEEC881B: succeeded to handle AppendEntries. Reply: s10<-s1#5061:OK-t1,SUCCESS,nextIndex=114,followerCommit=111,matchIndex=113
2023-03-07 04:41:10,479 INFO  statemachine.StateMachine (ArithmeticStateMachine.java:applyTransaction(182)) - LEADER:s10-113: c = √(a^2 + b^2) = 221
2023-03-07 04:41:10,480 DEBUG server.RaftServer$Division (RaftServerImpl.java:logAppendEntries(1429)) - s1@group-AD39DEEC881B: receive appendEntries(s10, 1, (t:1, i:113), 113, true, commits:[s10:c113, s0:c109, s1:c111], cId:5062, entries: [(t:1, i:114), METADATAENTRY(c:113)]
2023-03-07 04:41:10,480 DEBUG server.RaftServer$Division (RaftServerImpl.java:logAppendEntries(1429)) - s1@group-AD39DEEC881B: succeeded to handle AppendEntries. Reply: s10<-s1#5062:OK-t1,SUCCESS,nextIndex=115,followerCommit=113,matchIndex=114
2023-03-07 04:41:10,481 DEBUG server.RaftServer$Division (RaftServerImpl.java:submitClientRequestAsync(832)) - s10@group-AD39DEEC881B: receive client request(RaftClientRequest:client-74E486EA5940->s10@group-AD39DEEC881B, cid=5063, seq=0, RW, Message:01016100)
2023-03-07 04:41:10,481 DEBUG server.RaftServer$Division (LeaderStateImpl.java:addPendingRequest(474)) - s10@group-AD39DEEC881B-LeaderStateImpl: addPendingRequest at RaftClientRequest:client-74E486EA5940->s10@group-AD39DEEC881B, cid=5063, seq=0, RW, Message:01016100, entry=(t:1, i:115), STATEMACHINELOGENTRY, 5063@client-74E486EA5940
2023-03-07 04:41:10,482 DEBUG server.RaftServer$Division (RaftServerImpl.java:logAppendEntries(1429)) - s1@group-AD39DEEC881B: receive appendEntries(s10, 1, (t:1, i:114), 114, true, commits:[s10:c114, s0:c109, s1:c113], cId:5064, entries: [(t:1, i:115), STATEMACHINELOGENTRY, 5063@client-74E486EA5940]
2023-03-07 04:41:10,482 DEBUG server.RaftServer$Division (RaftServerImpl.java:logAppendEntries(1429)) - s0@group-AD39DEEC881B: succeeded to handle AppendEntries. Reply: s10<-s0#5060:OK-t1,SUCCESS,nextIndex=114,followerCommit=111,matchIndex=113
2023-03-07 04:41:10,482 DEBUG server.RaftServer$Division (RaftServerImpl.java:logAppendEntries(1429)) - s1@group-AD39DEEC881B: succeeded to handle AppendEntries. Reply: s10<-s1#5064:OK-t1,SUCCESS,nextIndex=116,followerCommit=114,matchIndex=115
2023-03-07 04:41:10,483 INFO  statemachine.StateMachine (ArithmeticStateMachine.java:applyTransaction(182)) - LEADER:s10-115: a = null = null
2023-03-07 04:41:10,483 DEBUG server.RaftServer$Division (RaftServerImpl.java:logAppendEntries(1429)) - s1@group-AD39DEEC881B: receive appendEntries(s10, 1, (t:1, i:115), 115, true, commits:[s10:c115, s0:c111, s1:c114], cId:5066, entries: [(t:1, i:116), METADATAENTRY(c:115)]
2023-03-07 04:41:10,484 DEBUG server.RaftServer$Division (RaftServerImpl.java:logAppendEntries(1429)) - s1@group-AD39DEEC881B: succeeded to handle AppendEntries. Reply: s10<-s1#5066:OK-t1,SUCCESS,nextIndex=117,followerCommit=115,matchIndex=116
2023-03-07 04:41:10,484 DEBUG server.RaftServer$Division (RaftServerImpl.java:logAppendEntries(1429)) - s0@group-AD39DEEC881B: receive appendEntries(s10, 1, (t:1, i:113), 114, true, commits:[s10:c114, s0:c111, s1:c113], cId:5065, entries: [(t:1, i:114), METADATAENTRY(c:113), (t:1, i:115), STATEMACHINELOGENTRY, 5063@client-74E486EA5940]
2023-03-07 04:41:10,484 DEBUG server.RaftServer$Division (RaftServerImpl.java:submitClientRequestAsync(832)) - s10@group-AD39DEEC881B: receive client request(RaftClientRequest:client-74E486EA5940->s10@group-AD39DEEC881B, cid=5067, seq=0, RW, Message:01016200)
2023-03-07 04:41:10,485 DEBUG server.RaftServer$Division (LeaderStateImpl.java:addPendingRequest(474)) - s10@group-AD39DEEC881B-LeaderStateImpl: addPendingRequest at RaftClientRequest:client-74E486EA5940->s10@group-AD39DEEC881B, cid=5067, seq=0, RW, Message:01016200, entry=(t:1, i:117), STATEMACHINELOGENTRY, 5067@client-74E486EA5940
2023-03-07 04:41:10,485 DEBUG server.RaftServer$Division (RaftServerImpl.java:logAppendEntries(1429)) - s0@group-AD39DEEC881B: succeeded to handle AppendEntries. Reply: s10<-s0#5065:OK-t1,SUCCESS,nextIndex=116,followerCommit=114,matchIndex=115
2023-03-07 04:41:10,486 DEBUG server.RaftServer$Division (RaftServerImpl.java:logAppendEntries(1429)) - s1@group-AD39DEEC881B: receive appendEntries(s10, 1, (t:1, i:116), 116, true, commits:[s10:c116, s0:c111, s1:c115], cId:5068, entries: [(t:1, i:117), STATEMACHINELOGENTRY, 5067@client-74E486EA5940]
2023-03-07 04:41:10,486 DEBUG server.RaftServer$Division (RaftServerImpl.java:logAppendEntries(1429)) - s1@group-AD39DEEC881B: succeeded to handle AppendEntries. Reply: s10<-s1#5068:OK-t1,SUCCESS,nextIndex=118,followerCommit=116,matchIndex=117
2023-03-07 04:41:10,486 DEBUG server.RaftServer$Division (RaftServerImpl.java:logAppendEntries(1429)) - s0@group-AD39DEEC881B: receive appendEntries(s10, 1, (t:1, i:115), 116, true, commits:[s10:c116, s0:c114, s1:c115], cId:5069, entries: [(t:1, i:116), METADATAENTRY(c:115), (t:1, i:117), STATEMACHINELOGENTRY, 5067@client-74E486EA5940]
2023-03-07 04:41:10,487 DEBUG server.RaftServer$Division (RaftServerImpl.java:logAppendEntries(1429)) - s1@group-AD39DEEC881B: receive appendEntries(s10, 1, (t:1, i:117), 117, true, commits:[s10:c117, s0:c114, s1:c116], cId:5070, entries: [(t:1, i:118), METADATAENTRY(c:117)]
2023-03-07 04:41:10,487 INFO  statemachine.StateMachine (ArithmeticStateMachine.java:applyTransaction(182)) - LEADER:s10-117: b = null = null
2023-03-07 04:41:10,488 DEBUG server.RaftServer$Division (RaftServerImpl.java:logAppendEntries(1429)) - s1@group-AD39DEEC881B: succeeded to handle AppendEntries. Reply: s10<-s1#5070:OK-t1,SUCCESS,nextIndex=119,followerCommit=117,matchIndex=118
2023-03-07 04:41:10,489 DEBUG server.RaftServer$Division (RaftServerImpl.java:submitClientRequestAsync(832)) - s10@group-AD39DEEC881B: receive client request(RaftClientRequest:client-74E486EA5940->s10@group-AD39DEEC881B, cid=5071, seq=0, RW, Message:01016300)
2023-03-07 04:41:10,489 DEBUG server.RaftServer$Division (LeaderStateImpl.java:addPendingRequest(474)) - s10@group-AD39DEEC881B-LeaderStateImpl: addPendingRequest at RaftClientRequest:client-74E486EA5940->s10@group-AD39DEEC881B, cid=5071, seq=0, RW, Message:01016300, entry=(t:1, i:119), STATEMACHINELOGENTRY, 5071@client-74E486EA5940
2023-03-07 04:41:10,489 DEBUG server.RaftServer$Division (RaftServerImpl.java:logAppendEntries(1429)) - s0@group-AD39DEEC881B: succeeded to handle AppendEntries. Reply: s10<-s0#5069:OK-t1,SUCCESS,nextIndex=118,followerCommit=116,matchIndex=117
2023-03-07 04:41:10,490 DEBUG server.RaftServer$Division (RaftServerImpl.java:logAppendEntries(1429)) - s1@group-AD39DEEC881B: receive appendEntries(s10, 1, (t:1, i:118), 118, true, commits:[s10:c118, s0:c116, s1:c117], cId:5073, entries: [(t:1, i:119), STATEMACHINELOGENTRY, 5071@client-74E486EA5940]
2023-03-07 04:41:10,490 DEBUG server.RaftServer$Division (RaftServerImpl.java:logAppendEntries(1429)) - s0@group-AD39DEEC881B: receive appendEntries(s10, 1, (t:1, i:117), 118, true, commits:[s10:c118, s0:c116, s1:c117], cId:5072, entries: [(t:1, i:118), METADATAENTRY(c:117), (t:1, i:119), STATEMACHINELOGENTRY, 5071@client-74E486EA5940]
2023-03-07 04:41:10,490 DEBUG server.RaftServer$Division (RaftServerImpl.java:logAppendEntries(1429)) - s1@group-AD39DEEC881B: succeeded to handle AppendEntries. Reply: s10<-s1#5073:OK-t1,SUCCESS,nextIndex=120,followerCommit=118,matchIndex=119
2023-03-07 04:41:10,491 INFO  statemachine.StateMachine (ArithmeticStateMachine.java:applyTransaction(182)) - LEADER:s10-119: c = null = null
2023-03-07 04:41:10,491 DEBUG server.RaftServer$Division (RaftServerImpl.java:logAppendEntries(1429)) - s0@group-AD39DEEC881B: succeeded to handle AppendEntries. Reply: s10<-s0#5072:OK-t1,SUCCESS,nextIndex=120,followerCommit=118,matchIndex=119
2023-03-07 04:41:10,491 DEBUG server.RaftServer$Division (RaftServerImpl.java:logAppendEntries(1429)) - s1@group-AD39DEEC881B: receive appendEntries(s10, 1, (t:1, i:119), 119, true, commits:[s10:c119, s0:c116, s1:c118], cId:5074, entries: [(t:1, i:120), METADATAENTRY(c:119)]
2023-03-07 04:41:10,492 DEBUG server.RaftServer$Division (RaftServerImpl.java:logAppendEntries(1429)) - s1@group-AD39DEEC881B: succeeded to handle AppendEntries. Reply: s10<-s1#5074:OK-t1,SUCCESS,nextIndex=121,followerCommit=119,matchIndex=120
2023-03-07 04:41:10,494 DEBUG server.RaftServer$Division (RaftServerImpl.java:logAppendEntries(1429)) - s0@group-AD39DEEC881B: receive appendEntries(s10, 1, (t:1, i:119), 119, true, commits:[s10:c119, s0:c118, s1:c118], cId:5075, entries: [(t:1, i:120), METADATAENTRY(c:119)]
2023-03-07 04:41:10,494 DEBUG server.RaftServer$Division (RaftServerImpl.java:logAppendEntries(1429)) - s0@group-AD39DEEC881B: succeeded to handle AppendEntries. Reply: s10<-s0#5075:OK-t1,SUCCESS,nextIndex=121,followerCommit=119,matchIndex=120
2023-03-07 04:41:10,511 INFO  impl.GroupManagementBaseTest (GroupManagementBaseTest.java:runMultiGroupTest(281)) - 1) starting group-A82F1EDBF13F:[s11|rpc:0.0.0.0:44621|priority:0|startupRole:FOLLOWER, s13|rpc:0.0.0.0:33759|priority:0|startupRole:FOLLOWER, s12|rpc:0.0.0.0:43391|priority:0|startupRole:FOLLOWER]
2023-03-07 04:41:10,514 INFO  logging.LoggingHandler (AbstractInternalLogger.java:log(148)) - [id: 0x522bdfaf, L:/0.0.0.0:44621] READ: [id: 0xbfcd6571, L:/10.1.0.7:44621 - R:/10.1.0.7:50552]
2023-03-07 04:41:10,515 INFO  logging.LoggingHandler (AbstractInternalLogger.java:log(148)) - [id: 0x522bdfaf, L:/0.0.0.0:44621] READ COMPLETE
2023-03-07 04:41:10,517 INFO  server.RaftServer (RaftServerProxy.java:addNew(99)) - s11: addNew group-A82F1EDBF13F:[s11|rpc:0.0.0.0:44621|dataStream:|priority:0|startupRole:FOLLOWER, s13|rpc:0.0.0.0:33759|dataStream:|priority:0|startupRole:FOLLOWER, s12|rpc:0.0.0.0:43391|dataStream:|priority:0|startupRole:FOLLOWER] returns group-A82F1EDBF13F:java.util.concurrent.CompletableFuture@2f92a4fc[Not completed]
2023-03-07 04:41:10,517 INFO  server.RaftServer$Division (RaftServerImpl.java:<init>(198)) - s11: new RaftServerImpl for group-A82F1EDBF13F:[s11|rpc:0.0.0.0:44621|dataStream:|priority:0|startupRole:FOLLOWER, s13|rpc:0.0.0.0:33759|dataStream:|priority:0|startupRole:FOLLOWER, s12|rpc:0.0.0.0:43391|dataStream:|priority:0|startupRole:FOLLOWER] with ArithmeticStateMachine:uninitialized
2023-03-07 04:41:10,517 INFO  server.RaftServerConfigKeys (ConfUtils.java:logGet(46)) - raft.server.rpc.timeout.min = 300ms (custom)
2023-03-07 04:41:10,517 INFO  server.RaftServerConfigKeys (ConfUtils.java:logGet(46)) - raft.server.rpc.timeout.max = 600ms (custom)
2023-03-07 04:41:10,517 INFO  server.RaftServerConfigKeys (ConfUtils.java:logGet(46)) - raft.server.rpc.sleep.time = 25ms (default)
2023-03-07 04:41:10,517 INFO  server.RaftServerConfigKeys (ConfUtils.java:logGet(46)) - raft.server.rpc.slowness.timeout = 60s (default)
2023-03-07 04:41:10,517 INFO  server.RaftServerConfigKeys (ConfUtils.java:logGet(46)) - raft.server.leaderelection.leader.step-down.wait-time = 10s (default)
2023-03-07 04:41:10,517 INFO  server.RaftServerConfigKeys (ConfUtils.java:logGet(46)) - raft.server.sleep.deviation.threshold = 300ms (default)
2023-03-07 04:41:10,517 INFO  server.RaftServer$Division (ServerState.java:<init>(113)) - s11@group-A82F1EDBF13F: ConfigurationManager, init=-1: peers:[s11|rpc:0.0.0.0:44621|dataStream:|priority:0|startupRole:FOLLOWER, s13|rpc:0.0.0.0:33759|dataStream:|priority:0|startupRole:FOLLOWER, s12|rpc:0.0.0.0:43391|dataStream:|priority:0|startupRole:FOLLOWER]|listeners:[], old=null, confs=<EMPTY_MAP>
2023-03-07 04:41:10,517 INFO  server.RaftServerConfigKeys (ConfUtils.java:logGet(46)) - raft.server.notification.no-leader.timeout = 60s (default)
2023-03-07 04:41:10,517 INFO  server.RaftServerConfigKeys (ConfUtils.java:logGet(46)) - raft.server.read.timeout = 10s (default)
2023-03-07 04:41:10,517 INFO  server.RaftServerConfigKeys (ConfUtils.java:logGet(46)) - raft.server.retrycache.expirytime = 60s (default)
2023-03-07 04:41:10,517 INFO  server.RaftServerConfigKeys (ConfUtils.java:logGet(46)) - raft.server.retrycache.statistics.expirytime = 100μs (default)
2023-03-07 04:41:10,517 INFO  server.RaftServerConfigKeys (ConfUtils.java:logGet(46)) - raft.server.read.option = DEFAULT (default)
2023-03-07 04:41:10,519 INFO  server.RaftServerConfigKeys (ConfUtils.java:logGet(46)) - raft.server.log.appender.install.snapshot.enabled = true (default)
2023-03-07 04:41:10,519 INFO  server.RaftServerConfigKeys (ConfUtils.java:logGet(46)) - raft.server.threadpool.server.cached = true (default)
2023-03-07 04:41:10,519 INFO  server.RaftServerConfigKeys (ConfUtils.java:logGet(46)) - raft.server.threadpool.server.size = 0 (default)
2023-03-07 04:41:10,519 INFO  server.RaftServerConfigKeys (ConfUtils.java:logGet(46)) - raft.server.threadpool.client.cached = true (default)
2023-03-07 04:41:10,519 INFO  server.RaftServerConfigKeys (ConfUtils.java:logGet(46)) - raft.server.threadpool.client.size = 0 (default)
2023-03-07 04:41:10,519 INFO  server.RaftServerConfigKeys (ConfUtils.java:logGet(46)) - raft.server.storage.free-space.min = 0MB (=0) (default)
2023-03-07 04:41:10,519 INFO  server.RaftServerConfigKeys (ConfUtils.java:logGet(46)) - raft.server.log.corruption.policy = EXCEPTION (default)
2023-03-07 04:41:10,519 INFO  server.RaftServerConfigKeys (ConfUtils.java:logGet(46)) - raft.server.storage.dir = [/home/runner/work/ratis/ratis/ratis-examples/target/test/data/fa33b8e4/MiniRaftClusterWithNettye7083e71/s11] (custom)
2023-03-07 04:41:10,519 INFO  storage.RaftStorageDirectory (RaftStorageDirectoryImpl.java:analyzeStorage(138)) - The storage directory /home/runner/work/ratis/ratis/ratis-examples/target/test/data/fa33b8e4/MiniRaftClusterWithNettye7083e71/s11/b7243742-f885-4ba8-ad2e-a82f1edbf13f does not exist. Creating ...
2023-03-07 04:41:10,519 TRACE util.FileUtils (LogUtils.java:runAndLog(49)) - Successfully ran Files.createDirectories /home/runner/work/ratis/ratis/ratis-examples/target/test/data/fa33b8e4/MiniRaftClusterWithNettye7083e71/s11/b7243742-f885-4ba8-ad2e-a82f1edbf13f
2023-03-07 04:41:10,521 INFO  storage.RaftStorageDirectory (RaftStorageDirectoryImpl.java:tryLock(232)) - Lock on /home/runner/work/ratis/ratis/ratis-examples/target/test/data/fa33b8e4/MiniRaftClusterWithNettye7083e71/s11/b7243742-f885-4ba8-ad2e-a82f1edbf13f/in_use.lock acquired by nodename 15875@fv-az983-448
2023-03-07 04:41:10,521 TRACE util.FileUtils (LogUtils.java:runAndLog(49)) - Successfully ran Files.createDirectories /home/runner/work/ratis/ratis/ratis-examples/target/test/data/fa33b8e4/MiniRaftClusterWithNettye7083e71/s11/b7243742-f885-4ba8-ad2e-a82f1edbf13f/current
2023-03-07 04:41:10,521 TRACE util.FileUtils (LogUtils.java:runAndLog(49)) - Successfully ran Files.createDirectories /home/runner/work/ratis/ratis/ratis-examples/target/test/data/fa33b8e4/MiniRaftClusterWithNettye7083e71/s11/b7243742-f885-4ba8-ad2e-a82f1edbf13f/sm
2023-03-07 04:41:10,522 INFO  storage.RaftStorage (RaftStorageImpl.java:format(96)) - Storage directory /home/runner/work/ratis/ratis/ratis-examples/target/test/data/fa33b8e4/MiniRaftClusterWithNettye7083e71/s11/b7243742-f885-4ba8-ad2e-a82f1edbf13f has been successfully formatted.
2023-03-07 04:41:10,523 WARN  statemachine.StateMachine (ArithmeticStateMachine.java:loadSnapshot(116)) - The snapshot info is null.
2023-03-07 04:41:10,523 INFO  server.RaftServerConfigKeys (ConfUtils.java:logGet(46)) - raft.server.log.use.memory = false (default)
2023-03-07 04:41:10,523 INFO  server.RaftServerConfigKeys (ConfUtils.java:logGet(46)) - raft.server.log.purge.gap = 1024 (default)
2023-03-07 04:41:10,523 INFO  server.RaftServerConfigKeys (ConfUtils.java:logGet(46)) - raft.server.log.appender.buffer.byte-limit = 4MB (=4194304) (default)
2023-03-07 04:41:10,523 INFO  server.RaftServerConfigKeys (ConfUtils.java:logGet(46)) - raft.server.log.statemachine.data.read.timeout = 1000ms (default)
2023-03-07 04:41:10,523 INFO  server.RaftServerConfigKeys (ConfUtils.java:logGet(46)) - raft.server.log.purge.preservation.log.num = 0 (default)
2023-03-07 04:41:10,523 INFO  server.RaftServerConfigKeys (ConfUtils.java:logGet(46)) - raft.server.log.segment.size.max = 8MB (=8388608) (default)
2023-03-07 04:41:10,523 INFO  server.RaftServerConfigKeys (ConfUtils.java:logGet(46)) - raft.server.log.segment.cache.num.max = 6 (default)
2023-03-07 04:41:10,524 INFO  server.RaftServerConfigKeys (ConfUtils.java:logGet(46)) - raft.server.log.segment.cache.size.max = 200MB (=209715200) (default)
2023-03-07 04:41:10,524 INFO  server.RaftServerConfigKeys (ConfUtils.java:logGet(46)) - raft.server.log.appender.buffer.byte-limit = 4MB (=4194304) (default)
2023-03-07 04:41:10,524 INFO  segmented.SegmentedRaftLogWorker (SegmentedRaftLogWorker.java:<init>(183)) - new s11@group-A82F1EDBF13F-SegmentedRaftLogWorker for RaftStorageImpl:Storage Directory /home/runner/work/ratis/ratis/ratis-examples/target/test/data/fa33b8e4/MiniRaftClusterWithNettye7083e71/s11/b7243742-f885-4ba8-ad2e-a82f1edbf13f
2023-03-07 04:41:10,524 INFO  server.RaftServerConfigKeys (ConfUtils.java:logGet(46)) - raft.server.log.queue.byte-limit = 64MB (=67108864) (default)
2023-03-07 04:41:10,524 INFO  server.RaftServerConfigKeys (ConfUtils.java:logGet(46)) - raft.server.log.queue.element-limit = 4096 (default)
2023-03-07 04:41:10,524 INFO  server.RaftServerConfigKeys (ConfUtils.java:logGet(46)) - raft.server.log.segment.size.max = 8MB (=8388608) (default)
2023-03-07 04:41:10,524 INFO  server.RaftServerConfigKeys (ConfUtils.java:logGet(46)) - raft.server.log.preallocated.size = 4MB (=4194304) (default)
2023-03-07 04:41:10,524 INFO  server.RaftServerConfigKeys (ConfUtils.java:logGet(46)) - raft.server.log.force.sync.num = 128 (default)
2023-03-07 04:41:10,524 INFO  server.RaftServerConfigKeys (ConfUtils.java:logGet(46)) - raft.server.log.statemachine.data.sync = true (default)
2023-03-07 04:41:10,524 INFO  server.RaftServerConfigKeys (ConfUtils.java:logGet(46)) - raft.server.log.statemachine.data.sync.timeout = 10s (default)
2023-03-07 04:41:10,524 INFO  server.RaftServerConfigKeys (ConfUtils.java:logGet(46)) - raft.server.log.statemachine.data.sync.timeout.retry = -1 (default)
2023-03-07 04:41:10,524 INFO  server.RaftServerConfigKeys (ConfUtils.java:logGet(46)) - raft.server.log.write.buffer.size = 64KB (=65536) (default)
2023-03-07 04:41:10,524 INFO  server.RaftServerConfigKeys (ConfUtils.java:logGet(46)) - raft.server.log.appender.buffer.byte-limit = 4MB (=4194304) (default)
2023-03-07 04:41:10,535 INFO  server.RaftServerConfigKeys (ConfUtils.java:logGet(46)) - raft.server.log.unsafe-flush.enabled = false (default)
2023-03-07 04:41:10,536 INFO  server.RaftServerConfigKeys (ConfUtils.java:logGet(46)) - raft.server.log.async-flush.enabled = false (default)
2023-03-07 04:41:10,536 INFO  server.RaftServerConfigKeys (ConfUtils.java:logGet(46)) - raft.server.log.statemachine.data.caching.enabled = false (default)
2023-03-07 04:41:10,536 INFO  segmented.SegmentedRaftLogWorker (SegmentedRaftLogWorker.java:lambda$new$0(134)) - s11@group-A82F1EDBF13F-SegmentedRaftLogWorker: flushIndex: setUnconditionally 0 -> -1
2023-03-07 04:41:10,536 INFO  segmented.SegmentedRaftLogWorker (SegmentedRaftLogWorker.java:lambda$new$0(134)) - s11@group-A82F1EDBF13F-SegmentedRaftLogWorker: safeCacheEvictIndex: setUnconditionally 0 -> -1
2023-03-07 04:41:10,545 INFO  server.RaftServer$Division (RaftServerImpl.java:start(342)) - s11@group-A82F1EDBF13F: start as a follower, conf=-1: peers:[s11|rpc:0.0.0.0:44621|dataStream:|priority:0|startupRole:FOLLOWER, s13|rpc:0.0.0.0:33759|dataStream:|priority:0|startupRole:FOLLOWER, s12|rpc:0.0.0.0:43391|dataStream:|priority:0|startupRole:FOLLOWER]|listeners:[], old=null
2023-03-07 04:41:10,545 INFO  server.RaftServer$Division (RaftServerImpl.java:setRole(329)) - s11@group-A82F1EDBF13F: changes role from      null to FOLLOWER at term 0 for startAsFollower
2023-03-07 04:41:10,545 INFO  impl.RoleInfo (RoleInfo.java:updateAndGet(139)) - s11: start s11@group-A82F1EDBF13F-FollowerState
2023-03-07 04:41:10,546 INFO  util.JmxRegister (JmxRegister.java:tryRegister(44)) - Successfully registered JMX Bean with object name Ratis:service=RaftServer,group=group-A82F1EDBF13F,id=s11
2023-03-07 04:41:10,546 INFO  server.RaftServerConfigKeys (ConfUtils.java:logGet(46)) - raft.server.snapshot.auto.trigger.enabled = false (default)
2023-03-07 04:41:10,546 INFO  server.RaftServerConfigKeys (ConfUtils.java:logGet(46)) - raft.server.snapshot.retention.file.num = -1 (default)
2023-03-07 04:41:10,546 INFO  server.RaftServerConfigKeys (ConfUtils.java:logGet(46)) - raft.server.log.purge.upto.snapshot.index = false (default)
2023-03-07 04:41:10,546 INFO  server.RaftServerConfigKeys (ConfUtils.java:logFallback(53)) - raft.server.rpc.first-election.timeout.min = 300ms (fallback to raft.server.rpc.timeout.min)
2023-03-07 04:41:10,546 INFO  server.RaftServerConfigKeys (ConfUtils.java:logFallback(53)) - raft.server.rpc.first-election.timeout.max = 600ms (fallback to raft.server.rpc.timeout.max)
2023-03-07 04:41:10,555 INFO  logging.LoggingHandler (AbstractInternalLogger.java:log(148)) - [id: 0x97e3a53c, L:/0.0.0.0:43391] READ: [id: 0x449b89b2, L:/10.1.0.7:43391 - R:/10.1.0.7:48868]
2023-03-07 04:41:10,555 INFO  logging.LoggingHandler (AbstractInternalLogger.java:log(148)) - [id: 0x97e3a53c, L:/0.0.0.0:43391] READ COMPLETE
2023-03-07 04:41:10,558 INFO  server.RaftServer (RaftServerProxy.java:addNew(99)) - s12: addNew group-A82F1EDBF13F:[s11|rpc:0.0.0.0:44621|dataStream:|priority:0|startupRole:FOLLOWER, s13|rpc:0.0.0.0:33759|dataStream:|priority:0|startupRole:FOLLOWER, s12|rpc:0.0.0.0:43391|dataStream:|priority:0|startupRole:FOLLOWER] returns group-A82F1EDBF13F:java.util.concurrent.CompletableFuture@5e335129[Not completed]
2023-03-07 04:41:10,559 INFO  server.RaftServer$Division (RaftServerImpl.java:<init>(198)) - s12: new RaftServerImpl for group-A82F1EDBF13F:[s11|rpc:0.0.0.0:44621|dataStream:|priority:0|startupRole:FOLLOWER, s13|rpc:0.0.0.0:33759|dataStream:|priority:0|startupRole:FOLLOWER, s12|rpc:0.0.0.0:43391|dataStream:|priority:0|startupRole:FOLLOWER] with ArithmeticStateMachine:uninitialized
2023-03-07 04:41:10,559 INFO  server.RaftServerConfigKeys (ConfUtils.java:logGet(46)) - raft.server.rpc.timeout.min = 300ms (custom)
2023-03-07 04:41:10,559 INFO  server.RaftServerConfigKeys (ConfUtils.java:logGet(46)) - raft.server.rpc.timeout.max = 600ms (custom)
2023-03-07 04:41:10,559 INFO  server.RaftServerConfigKeys (ConfUtils.java:logGet(46)) - raft.server.rpc.sleep.time = 25ms (default)
2023-03-07 04:41:10,559 INFO  server.RaftServerConfigKeys (ConfUtils.java:logGet(46)) - raft.server.rpc.slowness.timeout = 60s (default)
2023-03-07 04:41:10,559 INFO  server.RaftServerConfigKeys (ConfUtils.java:logGet(46)) - raft.server.leaderelection.leader.step-down.wait-time = 10s (default)
2023-03-07 04:41:10,559 INFO  server.RaftServerConfigKeys (ConfUtils.java:logGet(46)) - raft.server.sleep.deviation.threshold = 300ms (default)
2023-03-07 04:41:10,559 INFO  server.RaftServer$Division (ServerState.java:<init>(113)) - s12@group-A82F1EDBF13F: ConfigurationManager, init=-1: peers:[s11|rpc:0.0.0.0:44621|dataStream:|priority:0|startupRole:FOLLOWER, s13|rpc:0.0.0.0:33759|dataStream:|priority:0|startupRole:FOLLOWER, s12|rpc:0.0.0.0:43391|dataStream:|priority:0|startupRole:FOLLOWER]|listeners:[], old=null, confs=<EMPTY_MAP>
2023-03-07 04:41:10,559 INFO  server.RaftServerConfigKeys (ConfUtils.java:logGet(46)) - raft.server.notification.no-leader.timeout = 60s (default)
2023-03-07 04:41:10,559 INFO  server.RaftServerConfigKeys (ConfUtils.java:logGet(46)) - raft.server.read.timeout = 10s (default)
2023-03-07 04:41:10,559 INFO  server.RaftServerConfigKeys (ConfUtils.java:logGet(46)) - raft.server.retrycache.expirytime = 60s (default)
2023-03-07 04:41:10,559 INFO  server.RaftServerConfigKeys (ConfUtils.java:logGet(46)) - raft.server.retrycache.statistics.expirytime = 100μs (default)
2023-03-07 04:41:10,559 INFO  server.RaftServerConfigKeys (ConfUtils.java:logGet(46)) - raft.server.read.option = DEFAULT (default)
2023-03-07 04:41:10,560 INFO  server.RaftServerConfigKeys (ConfUtils.java:logGet(46)) - raft.server.log.appender.install.snapshot.enabled = true (default)
2023-03-07 04:41:10,560 INFO  server.RaftServerConfigKeys (ConfUtils.java:logGet(46)) - raft.server.threadpool.server.cached = true (default)
2023-03-07 04:41:10,560 INFO  server.RaftServerConfigKeys (ConfUtils.java:logGet(46)) - raft.server.threadpool.server.size = 0 (default)
2023-03-07 04:41:10,560 INFO  server.RaftServerConfigKeys (ConfUtils.java:logGet(46)) - raft.server.threadpool.client.cached = true (default)
2023-03-07 04:41:10,560 INFO  server.RaftServerConfigKeys (ConfUtils.java:logGet(46)) - raft.server.threadpool.client.size = 0 (default)
2023-03-07 04:41:10,560 INFO  server.RaftServerConfigKeys (ConfUtils.java:logGet(46)) - raft.server.storage.free-space.min = 0MB (=0) (default)
2023-03-07 04:41:10,560 INFO  server.RaftServerConfigKeys (ConfUtils.java:logGet(46)) - raft.server.log.corruption.policy = EXCEPTION (default)
2023-03-07 04:41:10,560 INFO  server.RaftServerConfigKeys (ConfUtils.java:logGet(46)) - raft.server.storage.dir = [/home/runner/work/ratis/ratis/ratis-examples/target/test/data/fa33b8e4/MiniRaftClusterWithNettye7083e71/s12] (custom)
2023-03-07 04:41:10,561 INFO  storage.RaftStorageDirectory (RaftStorageDirectoryImpl.java:analyzeStorage(138)) - The storage directory /home/runner/work/ratis/ratis/ratis-examples/target/test/data/fa33b8e4/MiniRaftClusterWithNettye7083e71/s12/b7243742-f885-4ba8-ad2e-a82f1edbf13f does not exist. Creating ...
2023-03-07 04:41:10,561 TRACE util.FileUtils (LogUtils.java:runAndLog(49)) - Successfully ran Files.createDirectories /home/runner/work/ratis/ratis/ratis-examples/target/test/data/fa33b8e4/MiniRaftClusterWithNettye7083e71/s12/b7243742-f885-4ba8-ad2e-a82f1edbf13f
2023-03-07 04:41:10,562 INFO  storage.RaftStorageDirectory (RaftStorageDirectoryImpl.java:tryLock(232)) - Lock on /home/runner/work/ratis/ratis/ratis-examples/target/test/data/fa33b8e4/MiniRaftClusterWithNettye7083e71/s12/b7243742-f885-4ba8-ad2e-a82f1edbf13f/in_use.lock acquired by nodename 15875@fv-az983-448
2023-03-07 04:41:10,562 TRACE util.FileUtils (LogUtils.java:runAndLog(49)) - Successfully ran Files.createDirectories /home/runner/work/ratis/ratis/ratis-examples/target/test/data/fa33b8e4/MiniRaftClusterWithNettye7083e71/s12/b7243742-f885-4ba8-ad2e-a82f1edbf13f/current
2023-03-07 04:41:10,562 TRACE util.FileUtils (LogUtils.java:runAndLog(49)) - Successfully ran Files.createDirectories /home/runner/work/ratis/ratis/ratis-examples/target/test/data/fa33b8e4/MiniRaftClusterWithNettye7083e71/s12/b7243742-f885-4ba8-ad2e-a82f1edbf13f/sm
2023-03-07 04:41:10,563 INFO  storage.RaftStorage (RaftStorageImpl.java:format(96)) - Storage directory /home/runner/work/ratis/ratis/ratis-examples/target/test/data/fa33b8e4/MiniRaftClusterWithNettye7083e71/s12/b7243742-f885-4ba8-ad2e-a82f1edbf13f has been successfully formatted.
2023-03-07 04:41:10,563 WARN  statemachine.StateMachine (ArithmeticStateMachine.java:loadSnapshot(116)) - The snapshot info is null.
2023-03-07 04:41:10,563 INFO  server.RaftServerConfigKeys (ConfUtils.java:logGet(46)) - raft.server.log.use.memory = false (default)
2023-03-07 04:41:10,563 INFO  server.RaftServerConfigKeys (ConfUtils.java:logGet(46)) - raft.server.log.purge.gap = 1024 (default)
2023-03-07 04:41:10,563 INFO  server.RaftServerConfigKeys (ConfUtils.java:logGet(46)) - raft.server.log.appender.buffer.byte-limit = 4MB (=4194304) (default)
2023-03-07 04:41:10,563 INFO  server.RaftServerConfigKeys (ConfUtils.java:logGet(46)) - raft.server.log.statemachine.data.read.timeout = 1000ms (default)
2023-03-07 04:41:10,563 INFO  server.RaftServerConfigKeys (ConfUtils.java:logGet(46)) - raft.server.log.purge.preservation.log.num = 0 (default)
2023-03-07 04:41:10,564 INFO  server.RaftServerConfigKeys (ConfUtils.java:logGet(46)) - raft.server.log.segment.size.max = 8MB (=8388608) (default)
2023-03-07 04:41:10,564 INFO  server.RaftServerConfigKeys (ConfUtils.java:logGet(46)) - raft.server.log.segment.cache.num.max = 6 (default)
2023-03-07 04:41:10,564 INFO  server.RaftServerConfigKeys (ConfUtils.java:logGet(46)) - raft.server.log.segment.cache.size.max = 200MB (=209715200) (default)
2023-03-07 04:41:10,564 INFO  server.RaftServerConfigKeys (ConfUtils.java:logGet(46)) - raft.server.log.appender.buffer.byte-limit = 4MB (=4194304) (default)
2023-03-07 04:41:10,564 INFO  segmented.SegmentedRaftLogWorker (SegmentedRaftLogWorker.java:<init>(183)) - new s12@group-A82F1EDBF13F-SegmentedRaftLogWorker for RaftStorageImpl:Storage Directory /home/runner/work/ratis/ratis/ratis-examples/target/test/data/fa33b8e4/MiniRaftClusterWithNettye7083e71/s12/b7243742-f885-4ba8-ad2e-a82f1edbf13f
2023-03-07 04:41:10,564 INFO  server.RaftServerConfigKeys (ConfUtils.java:logGet(46)) - raft.server.log.queue.byte-limit = 64MB (=67108864) (default)
2023-03-07 04:41:10,564 INFO  server.RaftServerConfigKeys (ConfUtils.java:logGet(46)) - raft.server.log.queue.element-limit = 4096 (default)
2023-03-07 04:41:10,564 INFO  server.RaftServerConfigKeys (ConfUtils.java:logGet(46)) - raft.server.log.segment.size.max = 8MB (=8388608) (default)
2023-03-07 04:41:10,564 INFO  server.RaftServerConfigKeys (ConfUtils.java:logGet(46)) - raft.server.log.preallocated.size = 4MB (=4194304) (default)
2023-03-07 04:41:10,576 INFO  server.RaftServerConfigKeys (ConfUtils.java:logGet(46)) - raft.server.log.force.sync.num = 128 (default)
2023-03-07 04:41:10,576 INFO  server.RaftServerConfigKeys (ConfUtils.java:logGet(46)) - raft.server.log.statemachine.data.sync = true (default)
2023-03-07 04:41:10,576 INFO  server.RaftServerConfigKeys (ConfUtils.java:logGet(46)) - raft.server.log.statemachine.data.sync.timeout = 10s (default)
2023-03-07 04:41:10,576 INFO  server.RaftServerConfigKeys (ConfUtils.java:logGet(46)) - raft.server.log.statemachine.data.sync.timeout.retry = -1 (default)
2023-03-07 04:41:10,576 INFO  server.RaftServerConfigKeys (ConfUtils.java:logGet(46)) - raft.server.log.write.buffer.size = 64KB (=65536) (default)
2023-03-07 04:41:10,576 INFO  server.RaftServerConfigKeys (ConfUtils.java:logGet(46)) - raft.server.log.appender.buffer.byte-limit = 4MB (=4194304) (default)
2023-03-07 04:41:10,577 INFO  server.RaftServerConfigKeys (ConfUtils.java:logGet(46)) - raft.server.log.unsafe-flush.enabled = false (default)
2023-03-07 04:41:10,577 INFO  server.RaftServerConfigKeys (ConfUtils.java:logGet(46)) - raft.server.log.async-flush.enabled = false (default)
2023-03-07 04:41:10,577 INFO  server.RaftServerConfigKeys (ConfUtils.java:logGet(46)) - raft.server.log.statemachine.data.caching.enabled = false (default)
2023-03-07 04:41:10,577 INFO  segmented.SegmentedRaftLogWorker (SegmentedRaftLogWorker.java:lambda$new$0(134)) - s12@group-A82F1EDBF13F-SegmentedRaftLogWorker: flushIndex: setUnconditionally 0 -> -1
2023-03-07 04:41:10,577 INFO  segmented.SegmentedRaftLogWorker (SegmentedRaftLogWorker.java:lambda$new$0(134)) - s12@group-A82F1EDBF13F-SegmentedRaftLogWorker: safeCacheEvictIndex: setUnconditionally 0 -> -1
2023-03-07 04:41:10,577 INFO  server.RaftServer$Division (RaftServerImpl.java:start(342)) - s12@group-A82F1EDBF13F: start as a follower, conf=-1: peers:[s11|rpc:0.0.0.0:44621|dataStream:|priority:0|startupRole:FOLLOWER, s13|rpc:0.0.0.0:33759|dataStream:|priority:0|startupRole:FOLLOWER, s12|rpc:0.0.0.0:43391|dataStream:|priority:0|startupRole:FOLLOWER]|listeners:[], old=null
2023-03-07 04:41:10,577 INFO  server.RaftServer$Division (RaftServerImpl.java:setRole(329)) - s12@group-A82F1EDBF13F: changes role from      null to FOLLOWER at term 0 for startAsFollower
2023-03-07 04:41:10,577 INFO  impl.RoleInfo (RoleInfo.java:updateAndGet(139)) - s12: start s12@group-A82F1EDBF13F-FollowerState
2023-03-07 04:41:10,578 INFO  util.JmxRegister (JmxRegister.java:tryRegister(44)) - Successfully registered JMX Bean with object name Ratis:service=RaftServer,group=group-A82F1EDBF13F,id=s12
2023-03-07 04:41:10,578 INFO  server.RaftServerConfigKeys (ConfUtils.java:logGet(46)) - raft.server.snapshot.auto.trigger.enabled = false (default)
2023-03-07 04:41:10,578 INFO  server.RaftServerConfigKeys (ConfUtils.java:logGet(46)) - raft.server.snapshot.retention.file.num = -1 (default)
2023-03-07 04:41:10,578 INFO  server.RaftServerConfigKeys (ConfUtils.java:logGet(46)) - raft.server.log.purge.upto.snapshot.index = false (default)
2023-03-07 04:41:10,578 INFO  server.RaftServerConfigKeys (ConfUtils.java:logFallback(53)) - raft.server.rpc.first-election.timeout.min = 300ms (fallback to raft.server.rpc.timeout.min)
2023-03-07 04:41:10,578 INFO  server.RaftServerConfigKeys (ConfUtils.java:logFallback(53)) - raft.server.rpc.first-election.timeout.max = 600ms (fallback to raft.server.rpc.timeout.max)
2023-03-07 04:41:10,618 INFO  logging.LoggingHandler (AbstractInternalLogger.java:log(148)) - [id: 0x4c5a6d7c, L:/0.0.0.0:33759] READ: [id: 0x377d6a98, L:/10.1.0.7:33759 - R:/10.1.0.7:50134]
2023-03-07 04:41:10,620 INFO  logging.LoggingHandler (AbstractInternalLogger.java:log(148)) - [id: 0x4c5a6d7c, L:/0.0.0.0:33759] READ COMPLETE
2023-03-07 04:41:10,621 INFO  server.RaftServer$Division (RaftServerImpl.java:<init>(198)) - s13: new RaftServerImpl for group-A82F1EDBF13F:[s11|rpc:0.0.0.0:44621|dataStream:|priority:0|startupRole:FOLLOWER, s13|rpc:0.0.0.0:33759|dataStream:|priority:0|startupRole:FOLLOWER, s12|rpc:0.0.0.0:43391|dataStream:|priority:0|startupRole:FOLLOWER] with ArithmeticStateMachine:uninitialized
2023-03-07 04:41:10,621 INFO  server.RaftServerConfigKeys (ConfUtils.java:logGet(46)) - raft.server.rpc.timeout.min = 300ms (custom)
2023-03-07 04:41:10,621 INFO  server.RaftServerConfigKeys (ConfUtils.java:logGet(46)) - raft.server.rpc.timeout.max = 600ms (custom)
2023-03-07 04:41:10,621 INFO  server.RaftServerConfigKeys (ConfUtils.java:logGet(46)) - raft.server.rpc.sleep.time = 25ms (default)
2023-03-07 04:41:10,621 INFO  server.RaftServerConfigKeys (ConfUtils.java:logGet(46)) - raft.server.rpc.slowness.timeout = 60s (default)
2023-03-07 04:41:10,621 INFO  server.RaftServerConfigKeys (ConfUtils.java:logGet(46)) - raft.server.leaderelection.leader.step-down.wait-time = 10s (default)
2023-03-07 04:41:10,621 INFO  server.RaftServerConfigKeys (ConfUtils.java:logGet(46)) - raft.server.sleep.deviation.threshold = 300ms (default)
2023-03-07 04:41:10,621 INFO  server.RaftServer$Division (ServerState.java:<init>(113)) - s13@group-A82F1EDBF13F: ConfigurationManager, init=-1: peers:[s11|rpc:0.0.0.0:44621|dataStream:|priority:0|startupRole:FOLLOWER, s13|rpc:0.0.0.0:33759|dataStream:|priority:0|startupRole:FOLLOWER, s12|rpc:0.0.0.0:43391|dataStream:|priority:0|startupRole:FOLLOWER]|listeners:[], old=null, confs=<EMPTY_MAP>
2023-03-07 04:41:10,621 INFO  server.RaftServerConfigKeys (ConfUtils.java:logGet(46)) - raft.server.notification.no-leader.timeout = 60s (default)
2023-03-07 04:41:10,621 INFO  server.RaftServerConfigKeys (ConfUtils.java:logGet(46)) - raft.server.read.timeout = 10s (default)
2023-03-07 04:41:10,621 INFO  server.RaftServerConfigKeys (ConfUtils.java:logGet(46)) - raft.server.retrycache.expirytime = 60s (default)
2023-03-07 04:41:10,621 INFO  server.RaftServerConfigKeys (ConfUtils.java:logGet(46)) - raft.server.retrycache.statistics.expirytime = 100μs (default)
2023-03-07 04:41:10,621 INFO  server.RaftServerConfigKeys (ConfUtils.java:logGet(46)) - raft.server.read.option = DEFAULT (default)
2023-03-07 04:41:10,622 INFO  server.RaftServerConfigKeys (ConfUtils.java:logGet(46)) - raft.server.log.appender.install.snapshot.enabled = true (default)
2023-03-07 04:41:10,622 INFO  server.RaftServerConfigKeys (ConfUtils.java:logGet(46)) - raft.server.threadpool.server.cached = true (default)
2023-03-07 04:41:10,622 INFO  server.RaftServerConfigKeys (ConfUtils.java:logGet(46)) - raft.server.threadpool.server.size = 0 (default)
2023-03-07 04:41:10,622 INFO  server.RaftServerConfigKeys (ConfUtils.java:logGet(46)) - raft.server.threadpool.client.cached = true (default)
2023-03-07 04:41:10,622 INFO  server.RaftServerConfigKeys (ConfUtils.java:logGet(46)) - raft.server.threadpool.client.size = 0 (default)
2023-03-07 04:41:10,622 INFO  server.RaftServer (RaftServerProxy.java:addNew(99)) - s13: addNew group-A82F1EDBF13F:[s11|rpc:0.0.0.0:44621|dataStream:|priority:0|startupRole:FOLLOWER, s13|rpc:0.0.0.0:33759|dataStream:|priority:0|startupRole:FOLLOWER, s12|rpc:0.0.0.0:43391|dataStream:|priority:0|startupRole:FOLLOWER] returns      null s13@group-A82F1EDBF13F:t0, leader=null, voted=null, raftlog=UNINITIALIZED, conf=-1: peers:[s11|rpc:0.0.0.0:44621|dataStream:|priority:0|startupRole:FOLLOWER, s13|rpc:0.0.0.0:33759|dataStream:|priority:0|startupRole:FOLLOWER, s12|rpc:0.0.0.0:43391|dataStream:|priority:0|startupRole:FOLLOWER]|listeners:[], old=null NEW
2023-03-07 04:41:10,622 INFO  server.RaftServerConfigKeys (ConfUtils.java:logGet(46)) - raft.server.storage.free-space.min = 0MB (=0) (default)
2023-03-07 04:41:10,623 INFO  server.RaftServerConfigKeys (ConfUtils.java:logGet(46)) - raft.server.log.corruption.policy = EXCEPTION (default)
2023-03-07 04:41:10,623 INFO  server.RaftServerConfigKeys (ConfUtils.java:logGet(46)) - raft.server.storage.dir = [/home/runner/work/ratis/ratis/ratis-examples/target/test/data/fa33b8e4/MiniRaftClusterWithNettye7083e71/s13] (custom)
2023-03-07 04:41:10,623 INFO  storage.RaftStorageDirectory (RaftStorageDirectoryImpl.java:analyzeStorage(138)) - The storage directory /home/runner/work/ratis/ratis/ratis-examples/target/test/data/fa33b8e4/MiniRaftClusterWithNettye7083e71/s13/b7243742-f885-4ba8-ad2e-a82f1edbf13f does not exist. Creating ...
2023-03-07 04:41:10,623 TRACE util.FileUtils (LogUtils.java:runAndLog(49)) - Successfully ran Files.createDirectories /home/runner/work/ratis/ratis/ratis-examples/target/test/data/fa33b8e4/MiniRaftClusterWithNettye7083e71/s13/b7243742-f885-4ba8-ad2e-a82f1edbf13f
2023-03-07 04:41:10,624 INFO  storage.RaftStorageDirectory (RaftStorageDirectoryImpl.java:tryLock(232)) - Lock on /home/runner/work/ratis/ratis/ratis-examples/target/test/data/fa33b8e4/MiniRaftClusterWithNettye7083e71/s13/b7243742-f885-4ba8-ad2e-a82f1edbf13f/in_use.lock acquired by nodename 15875@fv-az983-448
2023-03-07 04:41:10,624 TRACE util.FileUtils (LogUtils.java:runAndLog(49)) - Successfully ran Files.createDirectories /home/runner/work/ratis/ratis/ratis-examples/target/test/data/fa33b8e4/MiniRaftClusterWithNettye7083e71/s13/b7243742-f885-4ba8-ad2e-a82f1edbf13f/current
2023-03-07 04:41:10,624 TRACE util.FileUtils (LogUtils.java:runAndLog(49)) - Successfully ran Files.createDirectories /home/runner/work/ratis/ratis/ratis-examples/target/test/data/fa33b8e4/MiniRaftClusterWithNettye7083e71/s13/b7243742-f885-4ba8-ad2e-a82f1edbf13f/sm
2023-03-07 04:41:10,625 INFO  storage.RaftStorage (RaftStorageImpl.java:format(96)) - Storage directory /home/runner/work/ratis/ratis/ratis-examples/target/test/data/fa33b8e4/MiniRaftClusterWithNettye7083e71/s13/b7243742-f885-4ba8-ad2e-a82f1edbf13f has been successfully formatted.
2023-03-07 04:41:10,625 WARN  statemachine.StateMachine (ArithmeticStateMachine.java:loadSnapshot(116)) - The snapshot info is null.
2023-03-07 04:41:10,625 INFO  server.RaftServerConfigKeys (ConfUtils.java:logGet(46)) - raft.server.log.use.memory = false (default)
2023-03-07 04:41:10,625 INFO  server.RaftServerConfigKeys (ConfUtils.java:logGet(46)) - raft.server.log.purge.gap = 1024 (default)
2023-03-07 04:41:10,625 INFO  server.RaftServerConfigKeys (ConfUtils.java:logGet(46)) - raft.server.log.appender.buffer.byte-limit = 4MB (=4194304) (default)
2023-03-07 04:41:10,625 INFO  server.RaftServerConfigKeys (ConfUtils.java:logGet(46)) - raft.server.log.statemachine.data.read.timeout = 1000ms (default)
2023-03-07 04:41:10,625 INFO  server.RaftServerConfigKeys (ConfUtils.java:logGet(46)) - raft.server.log.purge.preservation.log.num = 0 (default)
2023-03-07 04:41:10,626 INFO  server.RaftServerConfigKeys (ConfUtils.java:logGet(46)) - raft.server.log.segment.size.max = 8MB (=8388608) (default)
2023-03-07 04:41:10,626 INFO  server.RaftServerConfigKeys (ConfUtils.java:logGet(46)) - raft.server.log.segment.cache.num.max = 6 (default)
2023-03-07 04:41:10,626 INFO  server.RaftServerConfigKeys (ConfUtils.java:logGet(46)) - raft.server.log.segment.cache.size.max = 200MB (=209715200) (default)
2023-03-07 04:41:10,626 INFO  server.RaftServerConfigKeys (ConfUtils.java:logGet(46)) - raft.server.log.appender.buffer.byte-limit = 4MB (=4194304) (default)
2023-03-07 04:41:10,626 INFO  segmented.SegmentedRaftLogWorker (SegmentedRaftLogWorker.java:<init>(183)) - new s13@group-A82F1EDBF13F-SegmentedRaftLogWorker for RaftStorageImpl:Storage Directory /home/runner/work/ratis/ratis/ratis-examples/target/test/data/fa33b8e4/MiniRaftClusterWithNettye7083e71/s13/b7243742-f885-4ba8-ad2e-a82f1edbf13f
2023-03-07 04:41:10,626 INFO  server.RaftServerConfigKeys (ConfUtils.java:logGet(46)) - raft.server.log.queue.byte-limit = 64MB (=67108864) (default)
2023-03-07 04:41:10,626 INFO  server.RaftServerConfigKeys (ConfUtils.java:logGet(46)) - raft.server.log.queue.element-limit = 4096 (default)
2023-03-07 04:41:10,626 INFO  server.RaftServerConfigKeys (ConfUtils.java:logGet(46)) - raft.server.log.segment.size.max = 8MB (=8388608) (default)
2023-03-07 04:41:10,626 INFO  server.RaftServerConfigKeys (ConfUtils.java:logGet(46)) - raft.server.log.preallocated.size = 4MB (=4194304) (default)
2023-03-07 04:41:10,626 INFO  server.RaftServerConfigKeys (ConfUtils.java:logGet(46)) - raft.server.log.force.sync.num = 128 (default)
2023-03-07 04:41:10,626 INFO  server.RaftServerConfigKeys (ConfUtils.java:logGet(46)) - raft.server.log.statemachine.data.sync = true (default)
2023-03-07 04:41:10,626 INFO  server.RaftServerConfigKeys (ConfUtils.java:logGet(46)) - raft.server.log.statemachine.data.sync.timeout = 10s (default)
2023-03-07 04:41:10,626 INFO  server.RaftServerConfigKeys (ConfUtils.java:logGet(46)) - raft.server.log.statemachine.data.sync.timeout.retry = -1 (default)
2023-03-07 04:41:10,626 INFO  server.RaftServerConfigKeys (ConfUtils.java:logGet(46)) - raft.server.log.write.buffer.size = 64KB (=65536) (default)
2023-03-07 04:41:10,626 INFO  server.RaftServerConfigKeys (ConfUtils.java:logGet(46)) - raft.server.log.appender.buffer.byte-limit = 4MB (=4194304) (default)
2023-03-07 04:41:10,631 INFO  server.RaftServerConfigKeys (ConfUtils.java:logGet(46)) - raft.server.log.unsafe-flush.enabled = false (default)
2023-03-07 04:41:10,631 INFO  server.RaftServerConfigKeys (ConfUtils.java:logGet(46)) - raft.server.log.async-flush.enabled = false (default)
2023-03-07 04:41:10,631 INFO  server.RaftServerConfigKeys (ConfUtils.java:logGet(46)) - raft.server.log.statemachine.data.caching.enabled = false (default)
2023-03-07 04:41:10,631 INFO  segmented.SegmentedRaftLogWorker (SegmentedRaftLogWorker.java:lambda$new$0(134)) - s13@group-A82F1EDBF13F-SegmentedRaftLogWorker: flushIndex: setUnconditionally 0 -> -1
2023-03-07 04:41:10,631 INFO  segmented.SegmentedRaftLogWorker (SegmentedRaftLogWorker.java:lambda$new$0(134)) - s13@group-A82F1EDBF13F-SegmentedRaftLogWorker: safeCacheEvictIndex: setUnconditionally 0 -> -1
2023-03-07 04:41:10,631 INFO  server.RaftServer$Division (RaftServerImpl.java:start(342)) - s13@group-A82F1EDBF13F: start as a follower, conf=-1: peers:[s11|rpc:0.0.0.0:44621|dataStream:|priority:0|startupRole:FOLLOWER, s13|rpc:0.0.0.0:33759|dataStream:|priority:0|startupRole:FOLLOWER, s12|rpc:0.0.0.0:43391|dataStream:|priority:0|startupRole:FOLLOWER]|listeners:[], old=null
2023-03-07 04:41:10,631 INFO  server.RaftServer$Division (RaftServerImpl.java:setRole(329)) - s13@group-A82F1EDBF13F: changes role from      null to FOLLOWER at term 0 for startAsFollower
2023-03-07 04:41:10,631 INFO  impl.RoleInfo (RoleInfo.java:updateAndGet(139)) - s13: start s13@group-A82F1EDBF13F-FollowerState
2023-03-07 04:41:10,632 INFO  util.JmxRegister (JmxRegister.java:tryRegister(44)) - Successfully registered JMX Bean with object name Ratis:service=RaftServer,group=group-A82F1EDBF13F,id=s13
2023-03-07 04:41:10,632 INFO  server.RaftServerConfigKeys (ConfUtils.java:logGet(46)) - raft.server.snapshot.auto.trigger.enabled = false (default)
2023-03-07 04:41:10,632 INFO  server.RaftServerConfigKeys (ConfUtils.java:logGet(46)) - raft.server.snapshot.retention.file.num = -1 (default)
2023-03-07 04:41:10,632 INFO  server.RaftServerConfigKeys (ConfUtils.java:logGet(46)) - raft.server.log.purge.upto.snapshot.index = false (default)
2023-03-07 04:41:10,632 INFO  server.RaftServerConfigKeys (ConfUtils.java:logFallback(53)) - raft.server.rpc.first-election.timeout.min = 300ms (fallback to raft.server.rpc.timeout.min)
2023-03-07 04:41:10,632 INFO  server.RaftServerConfigKeys (ConfUtils.java:logFallback(53)) - raft.server.rpc.first-election.timeout.max = 600ms (fallback to raft.server.rpc.timeout.max)
2023-03-07 04:41:10,652 INFO  server.RaftServerConfigKeys (ConfUtils.java:logGet(46)) - raft.server.rpc.timeout.max = 600ms (custom)
2023-03-07 04:41:10,657 INFO  ratis.RaftTestUtil (RaftTestUtil.java:waitForLeader(100)) - printing group-A82F1EDBF13F
  s11:  RUNNING [
   FOLLOWER s11@group-FAA53D5BC7BE:t0, leader=null, voted=, raftlog=Memoized:s11@group-FAA53D5BC7BE-SegmentedRaftLog:OPENED:c-1, conf=-1: peers:[]|listeners:[], old=null STARTING
   FOLLOWER s11@group-A82F1EDBF13F:t0, leader=null, voted=, raftlog=Memoized:s11@group-A82F1EDBF13F-SegmentedRaftLog:OPENED:c-1, conf=-1: peers:[s11|rpc:0.0.0.0:44621|dataStream:|priority:0|startupRole:FOLLOWER, s13|rpc:0.0.0.0:33759|dataStream:|priority:0|startupRole:FOLLOWER, s12|rpc:0.0.0.0:43391|dataStream:|priority:0|startupRole:FOLLOWER]|listeners:[], old=null RUNNING] size=2
  s13:  RUNNING [
   FOLLOWER s13@group-FAA53D5BC7BE:t0, leader=null, voted=, raftlog=Memoized:s13@group-FAA53D5BC7BE-SegmentedRaftLog:OPENED:c-1, conf=-1: peers:[]|listeners:[], old=null STARTING
   FOLLOWER s13@group-A82F1EDBF13F:t0, leader=null, voted=, raftlog=Memoized:s13@group-A82F1EDBF13F-SegmentedRaftLog:OPENED:c-1, conf=-1: peers:[s11|rpc:0.0.0.0:44621|dataStream:|priority:0|startupRole:FOLLOWER, s13|rpc:0.0.0.0:33759|dataStream:|priority:0|startupRole:FOLLOWER, s12|rpc:0.0.0.0:43391|dataStream:|priority:0|startupRole:FOLLOWER]|listeners:[], old=null RUNNING] size=2
  s12:  RUNNING [
   FOLLOWER s12@group-FAA53D5BC7BE:t0, leader=null, voted=, raftlog=Memoized:s12@group-FAA53D5BC7BE-SegmentedRaftLog:OPENED:c-1, conf=-1: peers:[]|listeners:[], old=null STARTING
   FOLLOWER s12@group-A82F1EDBF13F:t0, leader=null, voted=, raftlog=Memoized:s12@group-A82F1EDBF13F-SegmentedRaftLog:OPENED:c-1, conf=-1: peers:[s11|rpc:0.0.0.0:44621|dataStream:|priority:0|startupRole:FOLLOWER, s13|rpc:0.0.0.0:33759|dataStream:|priority:0|startupRole:FOLLOWER, s12|rpc:0.0.0.0:43391|dataStream:|priority:0|startupRole:FOLLOWER]|listeners:[], old=null RUNNING] size=2
2023-03-07 04:41:10,657 WARN  ratis.RaftTestUtil (JavaUtils.java:attempt(217)) - FAILED "waitForLeader-group-A82F1EDBF13F-(expectLeader? true)", attempt #1/100: java.lang.IllegalStateException: No leader yet  for group-A82F1EDBF13F: printing group-A82F1EDBF13F
  s11:  RUNNING [
   FOLLOWER s11@group-FAA53D5BC7BE:t0, leader=null, voted=, raftlog=Memoized:s11@group-FAA53D5BC7BE-SegmentedRaftLog:OPENED:c-1, conf=-1: peers:[]|listeners:[], old=null STARTING
   FOLLOWER s11@group-A82F1EDBF13F:t0, leader=null, voted=, raftlog=Memoized:s11@group-A82F1EDBF13F-SegmentedRaftLog:OPENED:c-1, conf=-1: peers:[s11|rpc:0.0.0.0:44621|dataStream:|priority:0|startupRole:FOLLOWER, s13|rpc:0.0.0.0:33759|dataStream:|priority:0|startupRole:FOLLOWER, s12|rpc:0.0.0.0:43391|dataStream:|priority:0|startupRole:FOLLOWER]|listeners:[], old=null RUNNING] size=2
  s13:  RUNNING [
   FOLLOWER s13@group-FAA53D5BC7BE:t0, leader=null, voted=, raftlog=Memoized:s13@group-FAA53D5BC7BE-SegmentedRaftLog:OPENED:c-1, conf=-1: peers:[]|listeners:[], old=null STARTING
   FOLLOWER s13@group-A82F1EDBF13F:t0, leader=null, voted=, raftlog=Memoized:s13@group-A82F1EDBF13F-SegmentedRaftLog:OPENED:c-1, conf=-1: peers:[s11|rpc:0.0.0.0:44621|dataStream:|priority:0|startupRole:FOLLOWER, s13|rpc:0.0.0.0:33759|dataStream:|priority:0|startupRole:FOLLOWER, s12|rpc:0.0.0.0:43391|dataStream:|priority:0|startupRole:FOLLOWER]|listeners:[], old=null RUNNING] size=2
  s12:  RUNNING [
   FOLLOWER s12@group-FAA53D5BC7BE:t0, leader=null, voted=, raftlog=Memoized:s12@group-FAA53D5BC7BE-SegmentedRaftLog:OPENED:c-1, conf=-1: peers:[]|listeners:[], old=null STARTING
   FOLLOWER s12@group-A82F1EDBF13F:t0, leader=null, voted=, raftlog=Memoized:s12@group-A82F1EDBF13F-SegmentedRaftLog:OPENED:c-1, conf=-1: peers:[s11|rpc:0.0.0.0:44621|dataStream:|priority:0|startupRole:FOLLOWER, s13|rpc:0.0.0.0:33759|dataStream:|priority:0|startupRole:FOLLOWER, s12|rpc:0.0.0.0:43391|dataStream:|priority:0|startupRole:FOLLOWER]|listeners:[], old=null RUNNING] size=2, sleep 900ms and then retry.
java.lang.IllegalStateException: No leader yet  for group-A82F1EDBF13F: printing group-A82F1EDBF13F
  s11:  RUNNING [
   FOLLOWER s11@group-FAA53D5BC7BE:t0, leader=null, voted=, raftlog=Memoized:s11@group-FAA53D5BC7BE-SegmentedRaftLog:OPENED:c-1, conf=-1: peers:[]|listeners:[], old=null STARTING
   FOLLOWER s11@group-A82F1EDBF13F:t0, leader=null, voted=, raftlog=Memoized:s11@group-A82F1EDBF13F-SegmentedRaftLog:OPENED:c-1, conf=-1: peers:[s11|rpc:0.0.0.0:44621|dataStream:|priority:0|startupRole:FOLLOWER, s13|rpc:0.0.0.0:33759|dataStream:|priority:0|startupRole:FOLLOWER, s12|rpc:0.0.0.0:43391|dataStream:|priority:0|startupRole:FOLLOWER]|listeners:[], old=null RUNNING] size=2
  s13:  RUNNING [
   FOLLOWER s13@group-FAA53D5BC7BE:t0, leader=null, voted=, raftlog=Memoized:s13@group-FAA53D5BC7BE-SegmentedRaftLog:OPENED:c-1, conf=-1: peers:[]|listeners:[], old=null STARTING
   FOLLOWER s13@group-A82F1EDBF13F:t0, leader=null, voted=, raftlog=Memoized:s13@group-A82F1EDBF13F-SegmentedRaftLog:OPENED:c-1, conf=-1: peers:[s11|rpc:0.0.0.0:44621|dataStream:|priority:0|startupRole:FOLLOWER, s13|rpc:0.0.0.0:33759|dataStream:|priority:0|startupRole:FOLLOWER, s12|rpc:0.0.0.0:43391|dataStream:|priority:0|startupRole:FOLLOWER]|listeners:[], old=null RUNNING] size=2
  s12:  RUNNING [
   FOLLOWER s12@group-FAA53D5BC7BE:t0, leader=null, voted=, raftlog=Memoized:s12@group-FAA53D5BC7BE-SegmentedRaftLog:OPENED:c-1, conf=-1: peers:[]|listeners:[], old=null STARTING
   FOLLOWER s12@group-A82F1EDBF13F:t0, leader=null, voted=, raftlog=Memoized:s12@group-A82F1EDBF13F-SegmentedRaftLog:OPENED:c-1, conf=-1: peers:[s11|rpc:0.0.0.0:44621|dataStream:|priority:0|startupRole:FOLLOWER, s13|rpc:0.0.0.0:33759|dataStream:|priority:0|startupRole:FOLLOWER, s12|rpc:0.0.0.0:43391|dataStream:|priority:0|startupRole:FOLLOWER]|listeners:[], old=null RUNNING] size=2
	at org.apache.ratis.server.impl.MiniRaftCluster.newIllegalStateExceptionForNoLeaders(MiniRaftCluster.java:581)
	at org.apache.ratis.RaftTestUtil.lambda$waitForLeader$1(RaftTestUtil.java:104)
	at org.apache.ratis.server.impl.MiniRaftCluster.getLeader(MiniRaftCluster.java:615)
	at org.apache.ratis.server.impl.MiniRaftCluster.getLeader(MiniRaftCluster.java:608)
	at org.apache.ratis.RaftTestUtil.lambda$waitForLeader$3(RaftTestUtil.java:112)
	at org.apache.ratis.util.JavaUtils.attempt(JavaUtils.java:211)
	at org.apache.ratis.util.JavaUtils.attemptRepeatedly(JavaUtils.java:197)
	at org.apache.ratis.RaftTestUtil.waitForLeader(RaftTestUtil.java:111)
	at org.apache.ratis.RaftTestUtil.waitForLeader(RaftTestUtil.java:92)
	at org.apache.ratis.server.impl.GroupManagementBaseTest.runMultiGroupTest(GroupManagementBaseTest.java:287)
	at org.apache.ratis.TestMultiRaftGroup.runTestMultiRaftGroup(TestMultiRaftGroup.java:73)
	at org.apache.ratis.TestMultiRaftGroup.runTestMultiRaftGroup(TestMultiRaftGroup.java:59)
	at org.apache.ratis.TestMultiRaftGroup.testMultiRaftGroup(TestMultiRaftGroup.java:55)
	at java.base/jdk.internal.reflect.NativeMethodAccessorImpl.invoke0(Native Method)
	at java.base/jdk.internal.reflect.NativeMethodAccessorImpl.invoke(NativeMethodAccessorImpl.java:62)
	at java.base/jdk.internal.reflect.DelegatingMethodAccessorImpl.invoke(DelegatingMethodAccessorImpl.java:43)
	at java.base/java.lang.reflect.Method.invoke(Method.java:566)
	at org.junit.runners.model.FrameworkMethod$1.runReflectiveCall(FrameworkMethod.java:59)
	at org.junit.internal.runners.model.ReflectiveCallable.run(ReflectiveCallable.java:12)
	at org.junit.runners.model.FrameworkMethod.invokeExplosively(FrameworkMethod.java:56)
	at org.junit.internal.runners.statements.InvokeMethod.evaluate(InvokeMethod.java:17)
	at org.junit.internal.runners.statements.RunAfters.evaluate(RunAfters.java:27)
	at org.junit.internal.runners.statements.FailOnTimeout$CallableStatement.call(FailOnTimeout.java:299)
	at org.junit.internal.runners.statements.FailOnTimeout$CallableStatement.call(FailOnTimeout.java:293)
	at java.base/java.util.concurrent.FutureTask.run(FutureTask.java:264)
	at java.base/java.lang.Thread.run(Thread.java:829)
2023-03-07 04:41:10,949 INFO  impl.FollowerState (FollowerState.java:run(143)) - s11@group-A82F1EDBF13F-FollowerState: change to CANDIDATE, lastRpcElapsedTime:403785194ns, electionTimeout:403ms
2023-03-07 04:41:10,949 INFO  impl.RoleInfo (RoleInfo.java:shutdownFollowerState(110)) - s11: shutdown s11@group-A82F1EDBF13F-FollowerState
2023-03-07 04:41:10,949 INFO  server.RaftServer$Division (RaftServerImpl.java:setRole(329)) - s11@group-A82F1EDBF13F: changes role from  FOLLOWER to CANDIDATE at term 0 for changeToCandidate
2023-03-07 04:41:10,949 INFO  server.RaftServerConfigKeys (ConfUtils.java:logGet(46)) - raft.server.leaderelection.pre-vote = true (default)
2023-03-07 04:41:10,949 INFO  impl.RoleInfo (RoleInfo.java:updateAndGet(139)) - s11: start s11@group-A82F1EDBF13F-LeaderElection13
2023-03-07 04:41:10,952 INFO  impl.LeaderElection (LeaderElection.java:askForVotes(309)) - s11@group-A82F1EDBF13F-LeaderElection13 PRE_VOTE round 0: submit vote requests at term 0 for -1: peers:[s11|rpc:0.0.0.0:44621|dataStream:|priority:0|startupRole:FOLLOWER, s13|rpc:0.0.0.0:33759|dataStream:|priority:0|startupRole:FOLLOWER, s12|rpc:0.0.0.0:43391|dataStream:|priority:0|startupRole:FOLLOWER]|listeners:[], old=null
2023-03-07 04:41:10,953 INFO  server.RaftServerConfigKeys (ConfUtils.java:logFallback(53)) - raft.server.rpc.first-election.timeout.min = 300ms (fallback to raft.server.rpc.timeout.min)
2023-03-07 04:41:10,953 INFO  server.RaftServerConfigKeys (ConfUtils.java:logFallback(53)) - raft.server.rpc.first-election.timeout.max = 600ms (fallback to raft.server.rpc.timeout.max)
2023-03-07 04:41:10,959 INFO  logging.LoggingHandler (AbstractInternalLogger.java:log(148)) - [id: 0x4c5a6d7c, L:/0.0.0.0:33759] READ: [id: 0xf4421b9a, L:/10.1.0.7:33759 - R:/10.1.0.7:50146]
2023-03-07 04:41:10,959 INFO  logging.LoggingHandler (AbstractInternalLogger.java:log(148)) - [id: 0x4c5a6d7c, L:/0.0.0.0:33759] READ COMPLETE
2023-03-07 04:41:10,962 INFO  logging.LoggingHandler (AbstractInternalLogger.java:log(148)) - [id: 0x97e3a53c, L:/0.0.0.0:43391] READ: [id: 0xbbab6699, L:/10.1.0.7:43391 - R:/10.1.0.7:48880]
2023-03-07 04:41:10,962 INFO  logging.LoggingHandler (AbstractInternalLogger.java:log(148)) - [id: 0x97e3a53c, L:/0.0.0.0:43391] READ COMPLETE
2023-03-07 04:41:10,965 INFO  server.RaftServer$Division (RaftServerImpl.java:requestVote(1302)) - s13@group-A82F1EDBF13F: receive requestVote(PRE_VOTE, s11, group-A82F1EDBF13F, 0, (t:0, i:0))
2023-03-07 04:41:10,965 INFO  impl.VoteContext (VoteContext.java:log(49)) - s13@group-A82F1EDBF13F-FOLLOWER: accept PRE_VOTE from s11: our priority 0 <= candidate's priority 0
2023-03-07 04:41:10,965 INFO  server.RaftServer$Division (RaftServerImpl.java:requestVote(1335)) - s13@group-A82F1EDBF13F replies to PRE_VOTE vote request: s11<-s13#0:OK-t0. Peer's state: s13@group-A82F1EDBF13F:t0, leader=null, voted=, raftlog=Memoized:s13@group-A82F1EDBF13F-SegmentedRaftLog:OPENED:c-1, conf=-1: peers:[s11|rpc:0.0.0.0:44621|dataStream:|priority:0|startupRole:FOLLOWER, s13|rpc:0.0.0.0:33759|dataStream:|priority:0|startupRole:FOLLOWER, s12|rpc:0.0.0.0:43391|dataStream:|priority:0|startupRole:FOLLOWER]|listeners:[], old=null
2023-03-07 04:41:10,967 INFO  impl.LeaderElection (LeaderElection.java:logAndReturn(89)) - s11@group-A82F1EDBF13F-LeaderElection13: PRE_VOTE PASSED received 1 response(s) and 0 exception(s):
2023-03-07 04:41:10,967 INFO  impl.LeaderElection (LeaderElection.java:logAndReturn(93)) -   Response 0: s11<-s13#0:OK-t0
2023-03-07 04:41:10,967 INFO  impl.LeaderElection (LeaderElection.java:askForVotes(311)) - s11@group-A82F1EDBF13F-LeaderElection13 PRE_VOTE round 0: result PASSED
2023-03-07 04:41:10,969 INFO  server.RaftServer$Division (RaftServerImpl.java:requestVote(1302)) - s12@group-A82F1EDBF13F: receive requestVote(PRE_VOTE, s11, group-A82F1EDBF13F, 0, (t:0, i:0))
2023-03-07 04:41:10,969 INFO  impl.VoteContext (VoteContext.java:log(49)) - s12@group-A82F1EDBF13F-FOLLOWER: accept PRE_VOTE from s11: our priority 0 <= candidate's priority 0
2023-03-07 04:41:10,969 INFO  server.RaftServer$Division (RaftServerImpl.java:requestVote(1335)) - s12@group-A82F1EDBF13F replies to PRE_VOTE vote request: s11<-s12#0:OK-t0. Peer's state: s12@group-A82F1EDBF13F:t0, leader=null, voted=, raftlog=Memoized:s12@group-A82F1EDBF13F-SegmentedRaftLog:OPENED:c-1, conf=-1: peers:[s11|rpc:0.0.0.0:44621|dataStream:|priority:0|startupRole:FOLLOWER, s13|rpc:0.0.0.0:33759|dataStream:|priority:0|startupRole:FOLLOWER, s12|rpc:0.0.0.0:43391|dataStream:|priority:0|startupRole:FOLLOWER]|listeners:[], old=null
2023-03-07 04:41:10,970 INFO  impl.LeaderElection (LeaderElection.java:askForVotes(309)) - s11@group-A82F1EDBF13F-LeaderElection13 ELECTION round 0: submit vote requests at term 1 for -1: peers:[s11|rpc:0.0.0.0:44621|dataStream:|priority:0|startupRole:FOLLOWER, s13|rpc:0.0.0.0:33759|dataStream:|priority:0|startupRole:FOLLOWER, s12|rpc:0.0.0.0:43391|dataStream:|priority:0|startupRole:FOLLOWER]|listeners:[], old=null
2023-03-07 04:41:10,970 INFO  server.RaftServerConfigKeys (ConfUtils.java:logFallback(53)) - raft.server.rpc.first-election.timeout.min = 300ms (fallback to raft.server.rpc.timeout.min)
2023-03-07 04:41:10,970 INFO  server.RaftServerConfigKeys (ConfUtils.java:logFallback(53)) - raft.server.rpc.first-election.timeout.max = 600ms (fallback to raft.server.rpc.timeout.max)
2023-03-07 04:41:10,971 INFO  server.RaftServer$Division (RaftServerImpl.java:requestVote(1302)) - s13@group-A82F1EDBF13F: receive requestVote(ELECTION, s11, group-A82F1EDBF13F, 1, (t:0, i:0))
2023-03-07 04:41:10,971 INFO  impl.VoteContext (VoteContext.java:log(49)) - s13@group-A82F1EDBF13F-FOLLOWER: accept ELECTION from s11: our priority 0 <= candidate's priority 0
2023-03-07 04:41:10,971 INFO  server.RaftServer$Division (RaftServerImpl.java:setRole(329)) - s13@group-A82F1EDBF13F: changes role from  FOLLOWER to FOLLOWER at term 1 for candidate:s11
2023-03-07 04:41:10,971 INFO  impl.RoleInfo (RoleInfo.java:shutdownFollowerState(110)) - s13: shutdown s13@group-A82F1EDBF13F-FollowerState
2023-03-07 04:41:10,971 INFO  impl.RoleInfo (RoleInfo.java:updateAndGet(139)) - s13: start s13@group-A82F1EDBF13F-FollowerState
2023-03-07 04:41:10,971 INFO  impl.FollowerState (FollowerState.java:run(152)) - s13@group-A82F1EDBF13F-FollowerState was interrupted
2023-03-07 04:41:10,971 INFO  server.RaftServer$Division (RaftServerImpl.java:requestVote(1302)) - s12@group-A82F1EDBF13F: receive requestVote(ELECTION, s11, group-A82F1EDBF13F, 1, (t:0, i:0))
2023-03-07 04:41:10,972 INFO  server.RaftServerConfigKeys (ConfUtils.java:logFallback(53)) - raft.server.rpc.first-election.timeout.min = 300ms (fallback to raft.server.rpc.timeout.min)
2023-03-07 04:41:10,972 INFO  server.RaftServerConfigKeys (ConfUtils.java:logFallback(53)) - raft.server.rpc.first-election.timeout.max = 600ms (fallback to raft.server.rpc.timeout.max)
2023-03-07 04:41:10,972 INFO  impl.VoteContext (VoteContext.java:log(49)) - s12@group-A82F1EDBF13F-FOLLOWER: accept ELECTION from s11: our priority 0 <= candidate's priority 0
2023-03-07 04:41:10,972 INFO  server.RaftServer$Division (RaftServerImpl.java:setRole(329)) - s12@group-A82F1EDBF13F: changes role from  FOLLOWER to FOLLOWER at term 1 for candidate:s11
2023-03-07 04:41:10,972 INFO  impl.RoleInfo (RoleInfo.java:shutdownFollowerState(110)) - s12: shutdown s12@group-A82F1EDBF13F-FollowerState
2023-03-07 04:41:10,972 INFO  impl.RoleInfo (RoleInfo.java:updateAndGet(139)) - s12: start s12@group-A82F1EDBF13F-FollowerState
2023-03-07 04:41:10,972 INFO  impl.FollowerState (FollowerState.java:run(152)) - s12@group-A82F1EDBF13F-FollowerState was interrupted
2023-03-07 04:41:10,973 INFO  server.RaftServerConfigKeys (ConfUtils.java:logFallback(53)) - raft.server.rpc.first-election.timeout.min = 300ms (fallback to raft.server.rpc.timeout.min)
2023-03-07 04:41:10,973 INFO  server.RaftServerConfigKeys (ConfUtils.java:logFallback(53)) - raft.server.rpc.first-election.timeout.max = 600ms (fallback to raft.server.rpc.timeout.max)
2023-03-07 04:41:10,973 INFO  server.RaftServer$Division (RaftServerImpl.java:requestVote(1335)) - s13@group-A82F1EDBF13F replies to ELECTION vote request: s11<-s13#0:OK-t1. Peer's state: s13@group-A82F1EDBF13F:t1, leader=null, voted=s11, raftlog=Memoized:s13@group-A82F1EDBF13F-SegmentedRaftLog:OPENED:c-1, conf=-1: peers:[s11|rpc:0.0.0.0:44621|dataStream:|priority:0|startupRole:FOLLOWER, s13|rpc:0.0.0.0:33759|dataStream:|priority:0|startupRole:FOLLOWER, s12|rpc:0.0.0.0:43391|dataStream:|priority:0|startupRole:FOLLOWER]|listeners:[], old=null
2023-03-07 04:41:10,973 INFO  impl.LeaderElection (LeaderElection.java:logAndReturn(89)) - s11@group-A82F1EDBF13F-LeaderElection13: ELECTION PASSED received 1 response(s) and 0 exception(s):
2023-03-07 04:41:10,973 INFO  impl.LeaderElection (LeaderElection.java:logAndReturn(93)) -   Response 0: s11<-s13#0:OK-t1
2023-03-07 04:41:10,973 INFO  impl.LeaderElection (LeaderElection.java:askForVotes(311)) - s11@group-A82F1EDBF13F-LeaderElection13 ELECTION round 0: result PASSED
2023-03-07 04:41:10,973 INFO  impl.RoleInfo (RoleInfo.java:shutdownLeaderElection(130)) - s11: shutdown s11@group-A82F1EDBF13F-LeaderElection13
2023-03-07 04:41:10,973 INFO  server.RaftServer$Division (RaftServerImpl.java:setRole(329)) - s11@group-A82F1EDBF13F: changes role from CANDIDATE to LEADER at term 1 for changeToLeader
2023-03-07 04:41:10,973 INFO  server.RaftServer$Division (ServerState.java:setLeader(260)) - s11@group-A82F1EDBF13F: change Leader from null to s11 at term 1 for becomeLeader, leader elected after 456ms
2023-03-07 04:41:10,973 INFO  server.RaftServerConfigKeys (ConfUtils.java:logGet(46)) - raft.server.staging.catchup.gap = 1000 (default)
2023-03-07 04:41:10,974 INFO  server.RaftServerConfigKeys (ConfUtils.java:logGet(46)) - raft.server.write.element-limit = 4096 (default)
2023-03-07 04:41:10,974 INFO  server.RaftServerConfigKeys (ConfUtils.java:logGet(46)) - raft.server.write.byte-limit = 64MB (=67108864) (default)
2023-03-07 04:41:10,974 INFO  server.RaftServerConfigKeys (ConfUtils.java:logGet(46)) - raft.server.watch.timeout = 10s (default)
2023-03-07 04:41:10,974 INFO  server.RaftServerConfigKeys (ConfUtils.java:logGet(46)) - raft.server.watch.timeout.denomination = 1s (default)
2023-03-07 04:41:10,974 INFO  server.RaftServerConfigKeys (ConfUtils.java:logGet(46)) - raft.server.watch.element-limit = 65536 (default)
2023-03-07 04:41:10,974 INFO  server.RaftServerConfigKeys (ConfUtils.java:logGet(46)) - raft.server.write.element-limit = 4096 (default)
2023-03-07 04:41:10,974 INFO  server.RaftServerConfigKeys (ConfUtils.java:logGet(46)) - raft.server.write.follower.gap.ratio.max = -1.0 (default)
2023-03-07 04:41:10,974 INFO  server.RaftServerConfigKeys (ConfUtils.java:logGet(46)) - raft.server.log.appender.snapshot.chunk.size.max = 16MB (=16777216) (default)
2023-03-07 04:41:10,974 INFO  server.RaftServerConfigKeys (ConfUtils.java:logGet(46)) - raft.server.log.appender.buffer.byte-limit = 4MB (=4194304) (default)
2023-03-07 04:41:10,974 INFO  server.RaftServerConfigKeys (ConfUtils.java:logGet(46)) - raft.server.log.appender.buffer.element-limit = 0 (default)
2023-03-07 04:41:10,974 INFO  server.RaftServerConfigKeys (ConfUtils.java:logGet(46)) - raft.server.log.appender.wait-time.min = 10ms (default)
2023-03-07 04:41:10,975 INFO  server.RaftServer$Division (RaftServerImpl.java:requestVote(1335)) - s12@group-A82F1EDBF13F replies to ELECTION vote request: s11<-s12#0:OK-t1. Peer's state: s12@group-A82F1EDBF13F:t1, leader=null, voted=s11, raftlog=Memoized:s12@group-A82F1EDBF13F-SegmentedRaftLog:OPENED:c-1, conf=-1: peers:[s11|rpc:0.0.0.0:44621|dataStream:|priority:0|startupRole:FOLLOWER, s13|rpc:0.0.0.0:33759|dataStream:|priority:0|startupRole:FOLLOWER, s12|rpc:0.0.0.0:43391|dataStream:|priority:0|startupRole:FOLLOWER]|listeners:[], old=null
2023-03-07 04:41:10,975 INFO  server.RaftServerConfigKeys (ConfUtils.java:logGet(46)) - raft.server.log.appender.snapshot.chunk.size.max = 16MB (=16777216) (default)
2023-03-07 04:41:10,975 INFO  server.RaftServerConfigKeys (ConfUtils.java:logGet(46)) - raft.server.log.appender.buffer.byte-limit = 4MB (=4194304) (default)
2023-03-07 04:41:10,975 INFO  server.RaftServerConfigKeys (ConfUtils.java:logGet(46)) - raft.server.log.appender.buffer.element-limit = 0 (default)
2023-03-07 04:41:10,975 INFO  server.RaftServerConfigKeys (ConfUtils.java:logGet(46)) - raft.server.log.appender.wait-time.min = 10ms (default)
2023-03-07 04:41:10,975 INFO  impl.RoleInfo (RoleInfo.java:updateAndGet(139)) - s11: start s11@group-A82F1EDBF13F-LeaderStateImpl
2023-03-07 04:41:10,975 INFO  segmented.SegmentedRaftLogWorker (SegmentedRaftLogWorker.java:startLogSegment(426)) - s11@group-A82F1EDBF13F-SegmentedRaftLogWorker: Starting segment from index:0
2023-03-07 04:41:10,979 INFO  server.RaftServer$Division (ServerState.java:setRaftConf(378)) - s11@group-A82F1EDBF13F: set configuration 0: peers:[s11|rpc:0.0.0.0:44621|dataStream:|priority:0|startupRole:FOLLOWER, s13|rpc:0.0.0.0:33759|dataStream:|priority:0|startupRole:FOLLOWER, s12|rpc:0.0.0.0:43391|dataStream:|priority:0|startupRole:FOLLOWER]|listeners:[], old=null
2023-03-07 04:41:10,979 INFO  server.RaftServer$Division (ServerState.java:setLeader(260)) - s13@group-A82F1EDBF13F: change Leader from null to s11 at term 1 for appendEntries, leader elected after 358ms
2023-03-07 04:41:10,984 INFO  segmented.SegmentedRaftLogWorker (SegmentedRaftLogWorker.java:execute(630)) - s11@group-A82F1EDBF13F-SegmentedRaftLogWorker: created new log segment /home/runner/work/ratis/ratis/ratis-examples/target/test/data/fa33b8e4/MiniRaftClusterWithNettye7083e71/s11/b7243742-f885-4ba8-ad2e-a82f1edbf13f/current/log_inprogress_0
2023-03-07 04:41:10,985 DEBUG server.RaftServer$Division (RaftServerImpl.java:logAppendEntries(1429)) - s13@group-A82F1EDBF13F: receive appendEntries(s11, 1, null, -1, true, commits:[s11:c-1, s13:c-1, s12:c-1], cId:5095, entries: [(t:1, i:0), CONFIGURATIONENTRY(current:id: "s11"
address: "0.0.0.0:44621"
clientAddress: "0.0.0.0:44621"
adminAddress: "0.0.0.0:44621"
startupRole: FOLLOWER
,id: "s13"
address: "0.0.0.0:33759"
clientAddress: "0.0.0.0:33759"
adminAddress: "0.0.0.0:33759"
startupRole: FOLLOWER
,id: "s12"
address: "0.0.0.0:43391"
clientAddress: "0.0.0.0:43391"
adminAddress: "0.0.0.0:43391"
startupRole: FOLLOWER
, old:)]
2023-03-07 04:41:10,985 INFO  server.RaftServer$Division (ServerState.java:setLeader(260)) - s12@group-A82F1EDBF13F: change Leader from null to s11 at term 1 for appendEntries, leader elected after 426ms
2023-03-07 04:41:10,988 INFO  server.RaftServer$Division (ServerState.java:setRaftConf(378)) - s13@group-A82F1EDBF13F: set configuration 0: peers:[s11|rpc:0.0.0.0:44621|dataStream:|priority:0|startupRole:FOLLOWER, s13|rpc:0.0.0.0:33759|dataStream:|priority:0|startupRole:FOLLOWER, s12|rpc:0.0.0.0:43391|dataStream:|priority:0|startupRole:FOLLOWER]|listeners:[], old=null
2023-03-07 04:41:10,989 INFO  segmented.SegmentedRaftLogWorker (SegmentedRaftLogWorker.java:startLogSegment(426)) - s13@group-A82F1EDBF13F-SegmentedRaftLogWorker: Starting segment from index:0
2023-03-07 04:41:10,995 DEBUG server.RaftServer$Division (RaftServerImpl.java:logAppendEntries(1429)) - s12@group-A82F1EDBF13F: receive appendEntries(s11, 1, null, -1, true, commits:[s11:c-1, s13:c-1, s12:c-1], cId:5096, entries: [(t:1, i:0), CONFIGURATIONENTRY(current:id: "s11"
address: "0.0.0.0:44621"
clientAddress: "0.0.0.0:44621"
adminAddress: "0.0.0.0:44621"
startupRole: FOLLOWER
,id: "s13"
address: "0.0.0.0:33759"
clientAddress: "0.0.0.0:33759"
adminAddress: "0.0.0.0:33759"
startupRole: FOLLOWER
,id: "s12"
address: "0.0.0.0:43391"
clientAddress: "0.0.0.0:43391"
adminAddress: "0.0.0.0:43391"
startupRole: FOLLOWER
, old:)]
2023-03-07 04:41:10,996 INFO  server.RaftServer$Division (ServerState.java:setRaftConf(378)) - s12@group-A82F1EDBF13F: set configuration 0: peers:[s11|rpc:0.0.0.0:44621|dataStream:|priority:0|startupRole:FOLLOWER, s13|rpc:0.0.0.0:33759|dataStream:|priority:0|startupRole:FOLLOWER, s12|rpc:0.0.0.0:43391|dataStream:|priority:0|startupRole:FOLLOWER]|listeners:[], old=null
2023-03-07 04:41:10,996 INFO  segmented.SegmentedRaftLogWorker (SegmentedRaftLogWorker.java:startLogSegment(426)) - s12@group-A82F1EDBF13F-SegmentedRaftLogWorker: Starting segment from index:0
2023-03-07 04:41:11,000 INFO  segmented.SegmentedRaftLogWorker (SegmentedRaftLogWorker.java:execute(630)) - s13@group-A82F1EDBF13F-SegmentedRaftLogWorker: created new log segment /home/runner/work/ratis/ratis/ratis-examples/target/test/data/fa33b8e4/MiniRaftClusterWithNettye7083e71/s13/b7243742-f885-4ba8-ad2e-a82f1edbf13f/current/log_inprogress_0
2023-03-07 04:41:11,005 DEBUG server.RaftServer$Division (RaftServerImpl.java:logAppendEntries(1429)) - s13@group-A82F1EDBF13F: succeeded to handle AppendEntries. Reply: s11<-s13#5095:OK-t1,SUCCESS,nextIndex=1,followerCommit=-1,matchIndex=0
2023-03-07 04:41:11,005 INFO  segmented.SegmentedRaftLogWorker (SegmentedRaftLogWorker.java:execute(630)) - s12@group-A82F1EDBF13F-SegmentedRaftLogWorker: created new log segment /home/runner/work/ratis/ratis/ratis-examples/target/test/data/fa33b8e4/MiniRaftClusterWithNettye7083e71/s12/b7243742-f885-4ba8-ad2e-a82f1edbf13f/current/log_inprogress_0
2023-03-07 04:41:11,006 DEBUG server.RaftServer$Division (RaftServerImpl.java:logAppendEntries(1429)) - s12@group-A82F1EDBF13F: succeeded to handle AppendEntries. Reply: s11<-s12#5096:OK-t1,SUCCESS,nextIndex=1,followerCommit=-1,matchIndex=0
2023-03-07 04:41:11,558 INFO  ratis.RaftTestUtil (RaftTestUtil.java:waitForLeader(119)) - printing group-A82F1EDBF13F
  s11:  RUNNING [
   FOLLOWER s11@group-FAA53D5BC7BE:t0, leader=null, voted=, raftlog=Memoized:s11@group-FAA53D5BC7BE-SegmentedRaftLog:OPENED:c-1, conf=-1: peers:[]|listeners:[], old=null STARTING
     LEADER s11@group-A82F1EDBF13F:t1, leader=s11, voted=s11, raftlog=Memoized:s11@group-A82F1EDBF13F-SegmentedRaftLog:OPENED:c0, conf=0: peers:[s11|rpc:0.0.0.0:44621|dataStream:|priority:0|startupRole:FOLLOWER, s13|rpc:0.0.0.0:33759|dataStream:|priority:0|startupRole:FOLLOWER, s12|rpc:0.0.0.0:43391|dataStream:|priority:0|startupRole:FOLLOWER]|listeners:[], old=null RUNNING] size=2
  s13:  RUNNING [
   FOLLOWER s13@group-FAA53D5BC7BE:t0, leader=null, voted=, raftlog=Memoized:s13@group-FAA53D5BC7BE-SegmentedRaftLog:OPENED:c-1, conf=-1: peers:[]|listeners:[], old=null STARTING
   FOLLOWER s13@group-A82F1EDBF13F:t1, leader=s11, voted=s11, raftlog=Memoized:s13@group-A82F1EDBF13F-SegmentedRaftLog:OPENED:c0, conf=0: peers:[s11|rpc:0.0.0.0:44621|dataStream:|priority:0|startupRole:FOLLOWER, s13|rpc:0.0.0.0:33759|dataStream:|priority:0|startupRole:FOLLOWER, s12|rpc:0.0.0.0:43391|dataStream:|priority:0|startupRole:FOLLOWER]|listeners:[], old=null RUNNING] size=2
  s12:  RUNNING [
   FOLLOWER s12@group-FAA53D5BC7BE:t0, leader=null, voted=, raftlog=Memoized:s12@group-FAA53D5BC7BE-SegmentedRaftLog:OPENED:c-1, conf=-1: peers:[]|listeners:[], old=null STARTING
   FOLLOWER s12@group-A82F1EDBF13F:t1, leader=s11, voted=s11, raftlog=Memoized:s12@group-A82F1EDBF13F-SegmentedRaftLog:OPENED:c0, conf=0: peers:[s11|rpc:0.0.0.0:44621|dataStream:|priority:0|startupRole:FOLLOWER, s13|rpc:0.0.0.0:33759|dataStream:|priority:0|startupRole:FOLLOWER, s12|rpc:0.0.0.0:43391|dataStream:|priority:0|startupRole:FOLLOWER]|listeners:[], old=null RUNNING] size=2
2023-03-07 04:41:11,561 INFO  logging.LoggingHandler (AbstractInternalLogger.java:log(148)) - [id: 0x522bdfaf, L:/0.0.0.0:44621] READ: [id: 0xfed7b0db, L:/10.1.0.7:44621 - R:/10.1.0.7:50568]
2023-03-07 04:41:11,561 INFO  logging.LoggingHandler (AbstractInternalLogger.java:log(148)) - [id: 0x522bdfaf, L:/0.0.0.0:44621] READ COMPLETE
2023-03-07 04:41:11,563 DEBUG server.RaftServer$Division (RaftServerImpl.java:submitClientRequestAsync(832)) - s11@group-A82F1EDBF13F: receive client request(RaftClientRequest:client-A5D49D9BF856->s11@group-A82F1EDBF13F, cid=5125, seq=0, RW, Message:01016102403700000000...(size=12))
2023-03-07 04:41:11,563 DEBUG server.RaftServer$Division (LeaderStateImpl.java:addPendingRequest(474)) - s11@group-A82F1EDBF13F-LeaderStateImpl: addPendingRequest at RaftClientRequest:client-A5D49D9BF856->s11@group-A82F1EDBF13F, cid=5125, seq=0, RW, Message:01016102403700000000...(size=12), entry=(t:1, i:1), STATEMACHINELOGENTRY, 5125@client-A5D49D9BF856
2023-03-07 04:41:11,564 DEBUG server.RaftServer$Division (RaftServerImpl.java:logAppendEntries(1429)) - s13@group-A82F1EDBF13F: receive appendEntries(s11, 1, (t:1, i:0), 0, true, commits:[s11:c0, s13:c0, s12:c0], cId:5126, entries: [(t:1, i:1), STATEMACHINELOGENTRY, 5125@client-A5D49D9BF856]
2023-03-07 04:41:11,564 DEBUG server.RaftServer$Division (RaftServerImpl.java:logAppendEntries(1429)) - s12@group-A82F1EDBF13F: receive appendEntries(s11, 1, (t:1, i:0), 0, true, commits:[s11:c0, s13:c0, s12:c0], cId:5127, entries: [(t:1, i:1), STATEMACHINELOGENTRY, 5125@client-A5D49D9BF856]
2023-03-07 04:41:11,565 DEBUG server.RaftServer$Division (RaftServerImpl.java:logAppendEntries(1429)) - s13@group-A82F1EDBF13F: succeeded to handle AppendEntries. Reply: s11<-s13#5126:OK-t1,SUCCESS,nextIndex=2,followerCommit=0,matchIndex=1
2023-03-07 04:41:11,565 DEBUG server.RaftServer$Division (RaftServerImpl.java:logAppendEntries(1429)) - s12@group-A82F1EDBF13F: succeeded to handle AppendEntries. Reply: s11<-s12#5127:OK-t1,SUCCESS,nextIndex=2,followerCommit=0,matchIndex=1
2023-03-07 04:41:11,565 INFO  statemachine.StateMachine (ArithmeticStateMachine.java:applyTransaction(182)) - LEADER:s11-1: a = 23 = 23
2023-03-07 04:41:11,566 DEBUG server.RaftServer$Division (RaftServerImpl.java:logAppendEntries(1429)) - s12@group-A82F1EDBF13F: receive appendEntries(s11, 1, (t:1, i:1), 1, true, commits:[s11:c1, s13:c0, s12:c0], cId:5129, entries: [(t:1, i:2), METADATAENTRY(c:1)]
2023-03-07 04:41:11,566 DEBUG server.RaftServer$Division (RaftServerImpl.java:logAppendEntries(1429)) - s13@group-A82F1EDBF13F: receive appendEntries(s11, 1, (t:1, i:1), 1, true, commits:[s11:c1, s13:c0, s12:c0], cId:5128, entries: [(t:1, i:2), METADATAENTRY(c:1)]
2023-03-07 04:41:11,567 DEBUG server.RaftServer$Division (RaftServerImpl.java:logAppendEntries(1429)) - s12@group-A82F1EDBF13F: succeeded to handle AppendEntries. Reply: s11<-s12#5129:OK-t1,SUCCESS,nextIndex=3,followerCommit=1,matchIndex=2
2023-03-07 04:41:11,567 DEBUG server.RaftServer$Division (RaftServerImpl.java:logAppendEntries(1429)) - s13@group-A82F1EDBF13F: succeeded to handle AppendEntries. Reply: s11<-s13#5128:OK-t1,SUCCESS,nextIndex=3,followerCommit=1,matchIndex=2
2023-03-07 04:41:11,571 DEBUG server.RaftServer$Division (RaftServerImpl.java:submitClientRequestAsync(832)) - s11@group-A82F1EDBF13F: receive client request(RaftClientRequest:client-A5D49D9BF856->s11@group-A82F1EDBF13F, cid=5130, seq=0, RW, Message:01016202407080000000...(size=12))
2023-03-07 04:41:11,572 DEBUG server.RaftServer$Division (LeaderStateImpl.java:addPendingRequest(474)) - s11@group-A82F1EDBF13F-LeaderStateImpl: addPendingRequest at RaftClientRequest:client-A5D49D9BF856->s11@group-A82F1EDBF13F, cid=5130, seq=0, RW, Message:01016202407080000000...(size=12), entry=(t:1, i:3), STATEMACHINELOGENTRY, 5130@client-A5D49D9BF856
2023-03-07 04:41:11,572 DEBUG server.RaftServer$Division (RaftServerImpl.java:logAppendEntries(1429)) - s13@group-A82F1EDBF13F: receive appendEntries(s11, 1, (t:1, i:2), 2, true, commits:[s11:c2, s13:c1, s12:c1], cId:5131, entries: [(t:1, i:3), STATEMACHINELOGENTRY, 5130@client-A5D49D9BF856]
2023-03-07 04:41:11,572 DEBUG server.RaftServer$Division (RaftServerImpl.java:logAppendEntries(1429)) - s12@group-A82F1EDBF13F: receive appendEntries(s11, 1, (t:1, i:2), 2, true, commits:[s11:c2, s13:c1, s12:c1], cId:5132, entries: [(t:1, i:3), STATEMACHINELOGENTRY, 5130@client-A5D49D9BF856]
2023-03-07 04:41:11,573 DEBUG server.RaftServer$Division (RaftServerImpl.java:logAppendEntries(1429)) - s13@group-A82F1EDBF13F: succeeded to handle AppendEntries. Reply: s11<-s13#5131:OK-t1,SUCCESS,nextIndex=4,followerCommit=2,matchIndex=3
2023-03-07 04:41:11,573 DEBUG server.RaftServer$Division (RaftServerImpl.java:logAppendEntries(1429)) - s12@group-A82F1EDBF13F: succeeded to handle AppendEntries. Reply: s11<-s12#5132:OK-t1,SUCCESS,nextIndex=4,followerCommit=2,matchIndex=3
2023-03-07 04:41:11,573 INFO  statemachine.StateMachine (ArithmeticStateMachine.java:applyTransaction(182)) - LEADER:s11-3: b = 264 = 264
2023-03-07 04:41:11,574 DEBUG server.RaftServer$Division (RaftServerImpl.java:logAppendEntries(1429)) - s12@group-A82F1EDBF13F: receive appendEntries(s11, 1, (t:1, i:3), 3, true, commits:[s11:c3, s13:c1, s12:c2], cId:5133, entries: [(t:1, i:4), METADATAENTRY(c:3)]
2023-03-07 04:41:11,574 DEBUG server.RaftServer$Division (RaftServerImpl.java:submitClientRequestAsync(832)) - s11@group-A82F1EDBF13F: receive client request(RaftClientRequest:client-A5D49D9BF856->s11@group-A82F1EDBF13F, cid=5135, seq=0, RW, Message:01016304010300040201...(size=17))
2023-03-07 04:41:11,574 DEBUG server.RaftServer$Division (RaftServerImpl.java:logAppendEntries(1429)) - s13@group-A82F1EDBF13F: receive appendEntries(s11, 1, (t:1, i:3), 3, true, commits:[s11:c3, s13:c2, s12:c2], cId:5134, entries: [(t:1, i:4), METADATAENTRY(c:3)]
2023-03-07 04:41:11,574 DEBUG server.RaftServer$Division (LeaderStateImpl.java:addPendingRequest(474)) - s11@group-A82F1EDBF13F-LeaderStateImpl: addPendingRequest at RaftClientRequest:client-A5D49D9BF856->s11@group-A82F1EDBF13F, cid=5135, seq=0, RW, Message:01016304010300040201...(size=17), entry=(t:1, i:5), STATEMACHINELOGENTRY, 5135@client-A5D49D9BF856
2023-03-07 04:41:11,574 DEBUG server.RaftServer$Division (RaftServerImpl.java:logAppendEntries(1429)) - s12@group-A82F1EDBF13F: succeeded to handle AppendEntries. Reply: s11<-s12#5133:OK-t1,SUCCESS,nextIndex=5,followerCommit=3,matchIndex=4
2023-03-07 04:41:11,575 DEBUG server.RaftServer$Division (RaftServerImpl.java:logAppendEntries(1429)) - s13@group-A82F1EDBF13F: succeeded to handle AppendEntries. Reply: s11<-s13#5134:OK-t1,SUCCESS,nextIndex=5,followerCommit=3,matchIndex=4
2023-03-07 04:41:11,576 DEBUG server.RaftServer$Division (RaftServerImpl.java:logAppendEntries(1429)) - s13@group-A82F1EDBF13F: receive appendEntries(s11, 1, (t:1, i:4), 4, true, commits:[s11:c4, s13:c3, s12:c3], cId:5137, entries: [(t:1, i:5), STATEMACHINELOGENTRY, 5135@client-A5D49D9BF856]
2023-03-07 04:41:11,576 DEBUG server.RaftServer$Division (RaftServerImpl.java:logAppendEntries(1429)) - s12@group-A82F1EDBF13F: receive appendEntries(s11, 1, (t:1, i:4), 3, true, commits:[s11:c3, s13:c2, s12:c3], cId:5136, entries: [(t:1, i:5), STATEMACHINELOGENTRY, 5135@client-A5D49D9BF856]
2023-03-07 04:41:11,576 DEBUG server.RaftServer$Division (RaftServerImpl.java:logAppendEntries(1429)) - s13@group-A82F1EDBF13F: succeeded to handle AppendEntries. Reply: s11<-s13#5137:OK-t1,SUCCESS,nextIndex=6,followerCommit=4,matchIndex=5
2023-03-07 04:41:11,576 DEBUG server.RaftServer$Division (RaftServerImpl.java:logAppendEntries(1429)) - s12@group-A82F1EDBF13F: succeeded to handle AppendEntries. Reply: s11<-s12#5136:OK-t1,SUCCESS,nextIndex=6,followerCommit=3,matchIndex=5
2023-03-07 04:41:11,577 INFO  statemachine.StateMachine (ArithmeticStateMachine.java:applyTransaction(182)) - LEADER:s11-5: c = √(a^2 + b^2) = 265
2023-03-07 04:41:11,578 DEBUG server.RaftServer$Division (RaftServerImpl.java:logAppendEntries(1429)) - s12@group-A82F1EDBF13F: receive appendEntries(s11, 1, (t:1, i:5), 5, true, commits:[s11:c5, s13:c4, s12:c3], cId:5139, entries: [(t:1, i:6), METADATAENTRY(c:5)]
2023-03-07 04:41:11,578 DEBUG server.RaftServer$Division (RaftServerImpl.java:logAppendEntries(1429)) - s13@group-A82F1EDBF13F: receive appendEntries(s11, 1, (t:1, i:5), 5, true, commits:[s11:c5, s13:c4, s12:c3], cId:5138, entries: [(t:1, i:6), METADATAENTRY(c:5)]
2023-03-07 04:41:11,578 DEBUG server.RaftServer$Division (RaftServerImpl.java:logAppendEntries(1429)) - s12@group-A82F1EDBF13F: succeeded to handle AppendEntries. Reply: s11<-s12#5139:OK-t1,SUCCESS,nextIndex=7,followerCommit=5,matchIndex=6
2023-03-07 04:41:11,579 DEBUG server.RaftServer$Division (RaftServerImpl.java:logAppendEntries(1429)) - s13@group-A82F1EDBF13F: succeeded to handle AppendEntries. Reply: s11<-s13#5138:OK-t1,SUCCESS,nextIndex=7,followerCommit=5,matchIndex=6
2023-03-07 04:41:11,582 DEBUG server.RaftServer$Division (RaftServerImpl.java:submitClientRequestAsync(832)) - s11@group-A82F1EDBF13F: receive client request(RaftClientRequest:client-A5D49D9BF856->s11@group-A82F1EDBF13F, cid=5140, seq=0, RW, Message:01016100)
2023-03-07 04:41:11,582 DEBUG server.RaftServer$Division (LeaderStateImpl.java:addPendingRequest(474)) - s11@group-A82F1EDBF13F-LeaderStateImpl: addPendingRequest at RaftClientRequest:client-A5D49D9BF856->s11@group-A82F1EDBF13F, cid=5140, seq=0, RW, Message:01016100, entry=(t:1, i:7), STATEMACHINELOGENTRY, 5140@client-A5D49D9BF856
2023-03-07 04:41:11,583 DEBUG server.RaftServer$Division (RaftServerImpl.java:logAppendEntries(1429)) - s13@group-A82F1EDBF13F: receive appendEntries(s11, 1, (t:1, i:6), 6, true, commits:[s11:c6, s13:c5, s12:c5], cId:5141, entries: [(t:1, i:7), STATEMACHINELOGENTRY, 5140@client-A5D49D9BF856]
2023-03-07 04:41:11,583 DEBUG server.RaftServer$Division (RaftServerImpl.java:logAppendEntries(1429)) - s13@group-A82F1EDBF13F: succeeded to handle AppendEntries. Reply: s11<-s13#5141:OK-t1,SUCCESS,nextIndex=8,followerCommit=6,matchIndex=7
2023-03-07 04:41:11,583 DEBUG server.RaftServer$Division (RaftServerImpl.java:logAppendEntries(1429)) - s12@group-A82F1EDBF13F: receive appendEntries(s11, 1, (t:1, i:6), 6, true, commits:[s11:c6, s13:c5, s12:c5], cId:5142, entries: [(t:1, i:7), STATEMACHINELOGENTRY, 5140@client-A5D49D9BF856]
2023-03-07 04:41:11,583 DEBUG server.RaftServer$Division (RaftServerImpl.java:logAppendEntries(1429)) - s12@group-A82F1EDBF13F: succeeded to handle AppendEntries. Reply: s11<-s12#5142:OK-t1,SUCCESS,nextIndex=8,followerCommit=6,matchIndex=7
2023-03-07 04:41:11,584 INFO  statemachine.StateMachine (ArithmeticStateMachine.java:applyTransaction(182)) - LEADER:s11-7: a = null = null
2023-03-07 04:41:11,584 DEBUG server.RaftServer$Division (RaftServerImpl.java:logAppendEntries(1429)) - s12@group-A82F1EDBF13F: receive appendEntries(s11, 1, (t:1, i:7), 7, true, commits:[s11:c7, s13:c6, s12:c6], cId:5144, entries: [(t:1, i:8), METADATAENTRY(c:7)]
2023-03-07 04:41:11,585 DEBUG server.RaftServer$Division (RaftServerImpl.java:logAppendEntries(1429)) - s13@group-A82F1EDBF13F: receive appendEntries(s11, 1, (t:1, i:7), 7, true, commits:[s11:c7, s13:c6, s12:c5], cId:5143, entries: [(t:1, i:8), METADATAENTRY(c:7)]
2023-03-07 04:41:11,585 DEBUG server.RaftServer$Division (RaftServerImpl.java:logAppendEntries(1429)) - s12@group-A82F1EDBF13F: succeeded to handle AppendEntries. Reply: s11<-s12#5144:OK-t1,SUCCESS,nextIndex=9,followerCommit=7,matchIndex=8
2023-03-07 04:41:11,585 DEBUG server.RaftServer$Division (RaftServerImpl.java:logAppendEntries(1429)) - s13@group-A82F1EDBF13F: succeeded to handle AppendEntries. Reply: s11<-s13#5143:OK-t1,SUCCESS,nextIndex=9,followerCommit=7,matchIndex=8
2023-03-07 04:41:11,586 DEBUG server.RaftServer$Division (RaftServerImpl.java:submitClientRequestAsync(832)) - s11@group-A82F1EDBF13F: receive client request(RaftClientRequest:client-A5D49D9BF856->s11@group-A82F1EDBF13F, cid=5145, seq=0, RW, Message:01016200)
2023-03-07 04:41:11,587 DEBUG server.RaftServer$Division (LeaderStateImpl.java:addPendingRequest(474)) - s11@group-A82F1EDBF13F-LeaderStateImpl: addPendingRequest at RaftClientRequest:client-A5D49D9BF856->s11@group-A82F1EDBF13F, cid=5145, seq=0, RW, Message:01016200, entry=(t:1, i:9), STATEMACHINELOGENTRY, 5145@client-A5D49D9BF856
2023-03-07 04:41:11,587 DEBUG server.RaftServer$Division (RaftServerImpl.java:logAppendEntries(1429)) - s13@group-A82F1EDBF13F: receive appendEntries(s11, 1, (t:1, i:8), 8, true, commits:[s11:c8, s13:c7, s12:c7], cId:5146, entries: [(t:1, i:9), STATEMACHINELOGENTRY, 5145@client-A5D49D9BF856]
2023-03-07 04:41:11,588 DEBUG server.RaftServer$Division (RaftServerImpl.java:logAppendEntries(1429)) - s13@group-A82F1EDBF13F: succeeded to handle AppendEntries. Reply: s11<-s13#5146:OK-t1,SUCCESS,nextIndex=10,followerCommit=8,matchIndex=9
2023-03-07 04:41:11,588 DEBUG server.RaftServer$Division (RaftServerImpl.java:logAppendEntries(1429)) - s12@group-A82F1EDBF13F: receive appendEntries(s11, 1, (t:1, i:8), 8, true, commits:[s11:c8, s13:c7, s12:c7], cId:5147, entries: [(t:1, i:9), STATEMACHINELOGENTRY, 5145@client-A5D49D9BF856]
2023-03-07 04:41:11,588 DEBUG server.RaftServer$Division (RaftServerImpl.java:logAppendEntries(1429)) - s12@group-A82F1EDBF13F: succeeded to handle AppendEntries. Reply: s11<-s12#5147:OK-t1,SUCCESS,nextIndex=10,followerCommit=8,matchIndex=9
2023-03-07 04:41:11,588 INFO  statemachine.StateMachine (ArithmeticStateMachine.java:applyTransaction(182)) - LEADER:s11-9: b = null = null
2023-03-07 04:41:11,589 DEBUG server.RaftServer$Division (RaftServerImpl.java:logAppendEntries(1429)) - s12@group-A82F1EDBF13F: receive appendEntries(s11, 1, (t:1, i:9), 9, true, commits:[s11:c9, s13:c8, s12:c8], cId:5149, entries: [(t:1, i:10), METADATAENTRY(c:9)]
2023-03-07 04:41:11,589 DEBUG server.RaftServer$Division (RaftServerImpl.java:logAppendEntries(1429)) - s13@group-A82F1EDBF13F: receive appendEntries(s11, 1, (t:1, i:9), 9, true, commits:[s11:c9, s13:c8, s12:c7], cId:5148, entries: [(t:1, i:10), METADATAENTRY(c:9)]
2023-03-07 04:41:11,590 DEBUG server.RaftServer$Division (RaftServerImpl.java:logAppendEntries(1429)) - s12@group-A82F1EDBF13F: succeeded to handle AppendEntries. Reply: s11<-s12#5149:OK-t1,SUCCESS,nextIndex=11,followerCommit=9,matchIndex=10
2023-03-07 04:41:11,590 DEBUG server.RaftServer$Division (RaftServerImpl.java:logAppendEntries(1429)) - s13@group-A82F1EDBF13F: succeeded to handle AppendEntries. Reply: s11<-s13#5148:OK-t1,SUCCESS,nextIndex=11,followerCommit=9,matchIndex=10
2023-03-07 04:41:11,591 DEBUG server.RaftServer$Division (RaftServerImpl.java:submitClientRequestAsync(832)) - s11@group-A82F1EDBF13F: receive client request(RaftClientRequest:client-A5D49D9BF856->s11@group-A82F1EDBF13F, cid=5150, seq=0, RW, Message:01016300)
2023-03-07 04:41:11,591 DEBUG server.RaftServer$Division (LeaderStateImpl.java:addPendingRequest(474)) - s11@group-A82F1EDBF13F-LeaderStateImpl: addPendingRequest at RaftClientRequest:client-A5D49D9BF856->s11@group-A82F1EDBF13F, cid=5150, seq=0, RW, Message:01016300, entry=(t:1, i:11), STATEMACHINELOGENTRY, 5150@client-A5D49D9BF856
2023-03-07 04:41:11,592 DEBUG server.RaftServer$Division (RaftServerImpl.java:logAppendEntries(1429)) - s13@group-A82F1EDBF13F: receive appendEntries(s11, 1, (t:1, i:10), 10, true, commits:[s11:c10, s13:c9, s12:c9], cId:5151, entries: [(t:1, i:11), STATEMACHINELOGENTRY, 5150@client-A5D49D9BF856]
2023-03-07 04:41:11,592 DEBUG server.RaftServer$Division (RaftServerImpl.java:logAppendEntries(1429)) - s13@group-A82F1EDBF13F: succeeded to handle AppendEntries. Reply: s11<-s13#5151:OK-t1,SUCCESS,nextIndex=12,followerCommit=10,matchIndex=11
2023-03-07 04:41:11,593 DEBUG server.RaftServer$Division (RaftServerImpl.java:logAppendEntries(1429)) - s12@group-A82F1EDBF13F: receive appendEntries(s11, 1, (t:1, i:10), 10, true, commits:[s11:c10, s13:c9, s12:c9], cId:5152, entries: [(t:1, i:11), STATEMACHINELOGENTRY, 5150@client-A5D49D9BF856]
2023-03-07 04:41:11,593 INFO  statemachine.StateMachine (ArithmeticStateMachine.java:applyTransaction(182)) - LEADER:s11-11: c = null = null
2023-03-07 04:41:11,593 DEBUG server.RaftServer$Division (RaftServerImpl.java:logAppendEntries(1429)) - s12@group-A82F1EDBF13F: succeeded to handle AppendEntries. Reply: s11<-s12#5152:OK-t1,SUCCESS,nextIndex=12,followerCommit=10,matchIndex=11
2023-03-07 04:41:11,594 DEBUG server.RaftServer$Division (RaftServerImpl.java:logAppendEntries(1429)) - s12@group-A82F1EDBF13F: receive appendEntries(s11, 1, (t:1, i:11), 11, true, commits:[s11:c11, s13:c10, s12:c10], cId:5154, entries: [(t:1, i:12), METADATAENTRY(c:11)]
2023-03-07 04:41:11,594 DEBUG server.RaftServer$Division (RaftServerImpl.java:logAppendEntries(1429)) - s13@group-A82F1EDBF13F: receive appendEntries(s11, 1, (t:1, i:11), 11, true, commits:[s11:c11, s13:c10, s12:c9], cId:5153, entries: [(t:1, i:12), METADATAENTRY(c:11)]
2023-03-07 04:41:11,595 DEBUG server.RaftServer$Division (RaftServerImpl.java:logAppendEntries(1429)) - s12@group-A82F1EDBF13F: succeeded to handle AppendEntries. Reply: s11<-s12#5154:OK-t1,SUCCESS,nextIndex=13,followerCommit=11,matchIndex=12
2023-03-07 04:41:11,595 DEBUG server.RaftServer$Division (RaftServerImpl.java:logAppendEntries(1429)) - s13@group-A82F1EDBF13F: succeeded to handle AppendEntries. Reply: s11<-s13#5153:OK-t1,SUCCESS,nextIndex=13,followerCommit=11,matchIndex=12
2023-03-07 04:41:11,595 DEBUG server.RaftServer$Division (RaftServerImpl.java:submitClientRequestAsync(832)) - s11@group-A82F1EDBF13F: receive client request(RaftClientRequest:client-A5D49D9BF856->s11@group-A82F1EDBF13F, cid=5155, seq=0, RW, Message:01016102403900000000...(size=12))
2023-03-07 04:41:11,596 DEBUG server.RaftServer$Division (LeaderStateImpl.java:addPendingRequest(474)) - s11@group-A82F1EDBF13F-LeaderStateImpl: addPendingRequest at RaftClientRequest:client-A5D49D9BF856->s11@group-A82F1EDBF13F, cid=5155, seq=0, RW, Message:01016102403900000000...(size=12), entry=(t:1, i:13), STATEMACHINELOGENTRY, 5155@client-A5D49D9BF856
2023-03-07 04:41:11,596 DEBUG server.RaftServer$Division (RaftServerImpl.java:logAppendEntries(1429)) - s13@group-A82F1EDBF13F: receive appendEntries(s11, 1, (t:1, i:12), 12, true, commits:[s11:c12, s13:c11, s12:c11], cId:5156, entries: [(t:1, i:13), STATEMACHINELOGENTRY, 5155@client-A5D49D9BF856]
2023-03-07 04:41:11,596 DEBUG server.RaftServer$Division (RaftServerImpl.java:logAppendEntries(1429)) - s13@group-A82F1EDBF13F: succeeded to handle AppendEntries. Reply: s11<-s13#5156:OK-t1,SUCCESS,nextIndex=14,followerCommit=12,matchIndex=13
2023-03-07 04:41:11,597 DEBUG server.RaftServer$Division (RaftServerImpl.java:logAppendEntries(1429)) - s12@group-A82F1EDBF13F: receive appendEntries(s11, 1, (t:1, i:12), 12, true, commits:[s11:c12, s13:c11, s12:c11], cId:5157, entries: [(t:1, i:13), STATEMACHINELOGENTRY, 5155@client-A5D49D9BF856]
2023-03-07 04:41:11,597 DEBUG server.RaftServer$Division (RaftServerImpl.java:logAppendEntries(1429)) - s12@group-A82F1EDBF13F: succeeded to handle AppendEntries. Reply: s11<-s12#5157:OK-t1,SUCCESS,nextIndex=14,followerCommit=12,matchIndex=13
2023-03-07 04:41:11,598 INFO  statemachine.StateMachine (ArithmeticStateMachine.java:applyTransaction(182)) - LEADER:s11-13: a = 25 = 25
2023-03-07 04:41:11,598 DEBUG server.RaftServer$Division (RaftServerImpl.java:logAppendEntries(1429)) - s12@group-A82F1EDBF13F: receive appendEntries(s11, 1, (t:1, i:13), 13, true, commits:[s11:c13, s13:c12, s12:c12], cId:5158, entries: [(t:1, i:14), METADATAENTRY(c:13)]
2023-03-07 04:41:11,598 DEBUG server.RaftServer$Division (RaftServerImpl.java:logAppendEntries(1429)) - s13@group-A82F1EDBF13F: receive appendEntries(s11, 1, (t:1, i:13), 13, true, commits:[s11:c13, s13:c12, s12:c12], cId:5159, entries: [(t:1, i:14), METADATAENTRY(c:13)]
2023-03-07 04:41:11,599 DEBUG server.RaftServer$Division (RaftServerImpl.java:logAppendEntries(1429)) - s13@group-A82F1EDBF13F: succeeded to handle AppendEntries. Reply: s11<-s13#5159:OK-t1,SUCCESS,nextIndex=15,followerCommit=13,matchIndex=14
2023-03-07 04:41:11,599 DEBUG server.RaftServer$Division (RaftServerImpl.java:logAppendEntries(1429)) - s12@group-A82F1EDBF13F: succeeded to handle AppendEntries. Reply: s11<-s12#5158:OK-t1,SUCCESS,nextIndex=15,followerCommit=13,matchIndex=14
2023-03-07 04:41:11,604 DEBUG server.RaftServer$Division (RaftServerImpl.java:submitClientRequestAsync(832)) - s11@group-A82F1EDBF13F: receive client request(RaftClientRequest:client-A5D49D9BF856->s11@group-A82F1EDBF13F, cid=5160, seq=0, RW, Message:01016202407380000000...(size=12))
2023-03-07 04:41:11,604 DEBUG server.RaftServer$Division (LeaderStateImpl.java:addPendingRequest(474)) - s11@group-A82F1EDBF13F-LeaderStateImpl: addPendingRequest at RaftClientRequest:client-A5D49D9BF856->s11@group-A82F1EDBF13F, cid=5160, seq=0, RW, Message:01016202407380000000...(size=12), entry=(t:1, i:15), STATEMACHINELOGENTRY, 5160@client-A5D49D9BF856
2023-03-07 04:41:11,605 DEBUG server.RaftServer$Division (RaftServerImpl.java:logAppendEntries(1429)) - s13@group-A82F1EDBF13F: receive appendEntries(s11, 1, (t:1, i:14), 14, true, commits:[s11:c14, s13:c13, s12:c13], cId:5161, entries: [(t:1, i:15), STATEMACHINELOGENTRY, 5160@client-A5D49D9BF856]
2023-03-07 04:41:11,605 DEBUG server.RaftServer$Division (RaftServerImpl.java:logAppendEntries(1429)) - s12@group-A82F1EDBF13F: receive appendEntries(s11, 1, (t:1, i:14), 14, true, commits:[s11:c14, s13:c13, s12:c13], cId:5162, entries: [(t:1, i:15), STATEMACHINELOGENTRY, 5160@client-A5D49D9BF856]
2023-03-07 04:41:11,605 DEBUG server.RaftServer$Division (RaftServerImpl.java:logAppendEntries(1429)) - s13@group-A82F1EDBF13F: succeeded to handle AppendEntries. Reply: s11<-s13#5161:OK-t1,SUCCESS,nextIndex=16,followerCommit=14,matchIndex=15
2023-03-07 04:41:11,606 INFO  statemachine.StateMachine (ArithmeticStateMachine.java:applyTransaction(182)) - LEADER:s11-15: b = 312 = 312
2023-03-07 04:41:11,606 DEBUG server.RaftServer$Division (RaftServerImpl.java:logAppendEntries(1429)) - s12@group-A82F1EDBF13F: succeeded to handle AppendEntries. Reply: s11<-s12#5162:OK-t1,SUCCESS,nextIndex=16,followerCommit=14,matchIndex=15
2023-03-07 04:41:11,606 DEBUG server.RaftServer$Division (RaftServerImpl.java:logAppendEntries(1429)) - s12@group-A82F1EDBF13F: receive appendEntries(s11, 1, (t:1, i:15), 15, true, commits:[s11:c15, s13:c14, s12:c14], cId:5164, entries: [(t:1, i:16), METADATAENTRY(c:15)]
2023-03-07 04:41:11,607 DEBUG server.RaftServer$Division (RaftServerImpl.java:logAppendEntries(1429)) - s13@group-A82F1EDBF13F: receive appendEntries(s11, 1, (t:1, i:15), 15, true, commits:[s11:c15, s13:c14, s12:c13], cId:5163, entries: [(t:1, i:16), METADATAENTRY(c:15)]
2023-03-07 04:41:11,608 DEBUG server.RaftServer$Division (RaftServerImpl.java:submitClientRequestAsync(832)) - s11@group-A82F1EDBF13F: receive client request(RaftClientRequest:client-A5D49D9BF856->s11@group-A82F1EDBF13F, cid=5165, seq=0, RW, Message:01016304010300040201...(size=17))
2023-03-07 04:41:11,608 DEBUG server.RaftServer$Division (LeaderStateImpl.java:addPendingRequest(474)) - s11@group-A82F1EDBF13F-LeaderStateImpl: addPendingRequest at RaftClientRequest:client-A5D49D9BF856->s11@group-A82F1EDBF13F, cid=5165, seq=0, RW, Message:01016304010300040201...(size=17), entry=(t:1, i:17), STATEMACHINELOGENTRY, 5165@client-A5D49D9BF856
2023-03-07 04:41:11,608 DEBUG server.RaftServer$Division (RaftServerImpl.java:logAppendEntries(1429)) - s12@group-A82F1EDBF13F: succeeded to handle AppendEntries. Reply: s11<-s12#5164:OK-t1,SUCCESS,nextIndex=17,followerCommit=15,matchIndex=16
2023-03-07 04:41:11,608 DEBUG server.RaftServer$Division (RaftServerImpl.java:logAppendEntries(1429)) - s13@group-A82F1EDBF13F: succeeded to handle AppendEntries. Reply: s11<-s13#5163:OK-t1,SUCCESS,nextIndex=17,followerCommit=15,matchIndex=16
2023-03-07 04:41:11,609 DEBUG server.RaftServer$Division (RaftServerImpl.java:logAppendEntries(1429)) - s13@group-A82F1EDBF13F: receive appendEntries(s11, 1, (t:1, i:16), 16, true, commits:[s11:c16, s13:c15, s12:c15], cId:5167, entries: [(t:1, i:17), STATEMACHINELOGENTRY, 5165@client-A5D49D9BF856]
2023-03-07 04:41:11,609 DEBUG server.RaftServer$Division (RaftServerImpl.java:logAppendEntries(1429)) - s12@group-A82F1EDBF13F: receive appendEntries(s11, 1, (t:1, i:16), 15, true, commits:[s11:c15, s13:c14, s12:c15], cId:5166, entries: [(t:1, i:17), STATEMACHINELOGENTRY, 5165@client-A5D49D9BF856]
2023-03-07 04:41:11,609 DEBUG server.RaftServer$Division (RaftServerImpl.java:logAppendEntries(1429)) - s13@group-A82F1EDBF13F: succeeded to handle AppendEntries. Reply: s11<-s13#5167:OK-t1,SUCCESS,nextIndex=18,followerCommit=16,matchIndex=17
2023-03-07 04:41:11,610 INFO  statemachine.StateMachine (ArithmeticStateMachine.java:applyTransaction(182)) - LEADER:s11-17: c = √(a^2 + b^2) = 313
2023-03-07 04:41:11,610 DEBUG server.RaftServer$Division (RaftServerImpl.java:logAppendEntries(1429)) - s12@group-A82F1EDBF13F: succeeded to handle AppendEntries. Reply: s11<-s12#5166:OK-t1,SUCCESS,nextIndex=18,followerCommit=15,matchIndex=17
2023-03-07 04:41:11,611 DEBUG server.RaftServer$Division (RaftServerImpl.java:logAppendEntries(1429)) - s12@group-A82F1EDBF13F: receive appendEntries(s11, 1, (t:1, i:17), 17, true, commits:[s11:c17, s13:c16, s12:c15], cId:5169, entries: [(t:1, i:18), METADATAENTRY(c:17)]
2023-03-07 04:41:11,611 DEBUG server.RaftServer$Division (RaftServerImpl.java:logAppendEntries(1429)) - s13@group-A82F1EDBF13F: receive appendEntries(s11, 1, (t:1, i:17), 17, true, commits:[s11:c17, s13:c16, s12:c15], cId:5168, entries: [(t:1, i:18), METADATAENTRY(c:17)]
2023-03-07 04:41:11,611 DEBUG server.RaftServer$Division (RaftServerImpl.java:logAppendEntries(1429)) - s12@group-A82F1EDBF13F: succeeded to handle AppendEntries. Reply: s11<-s12#5169:OK-t1,SUCCESS,nextIndex=19,followerCommit=17,matchIndex=18
2023-03-07 04:41:11,611 DEBUG server.RaftServer$Division (RaftServerImpl.java:logAppendEntries(1429)) - s13@group-A82F1EDBF13F: succeeded to handle AppendEntries. Reply: s11<-s13#5168:OK-t1,SUCCESS,nextIndex=19,followerCommit=17,matchIndex=18
2023-03-07 04:41:11,612 DEBUG server.RaftServer$Division (RaftServerImpl.java:submitClientRequestAsync(832)) - s11@group-A82F1EDBF13F: receive client request(RaftClientRequest:client-A5D49D9BF856->s11@group-A82F1EDBF13F, cid=5170, seq=0, RW, Message:01016100)
2023-03-07 04:41:11,613 DEBUG server.RaftServer$Division (LeaderStateImpl.java:addPendingRequest(474)) - s11@group-A82F1EDBF13F-LeaderStateImpl: addPendingRequest at RaftClientRequest:client-A5D49D9BF856->s11@group-A82F1EDBF13F, cid=5170, seq=0, RW, Message:01016100, entry=(t:1, i:19), STATEMACHINELOGENTRY, 5170@client-A5D49D9BF856
2023-03-07 04:41:11,613 DEBUG server.RaftServer$Division (RaftServerImpl.java:logAppendEntries(1429)) - s13@group-A82F1EDBF13F: receive appendEntries(s11, 1, (t:1, i:18), 18, true, commits:[s11:c18, s13:c17, s12:c17], cId:5171, entries: [(t:1, i:19), STATEMACHINELOGENTRY, 5170@client-A5D49D9BF856]
2023-03-07 04:41:11,613 DEBUG server.RaftServer$Division (RaftServerImpl.java:logAppendEntries(1429)) - s13@group-A82F1EDBF13F: succeeded to handle AppendEntries. Reply: s11<-s13#5171:OK-t1,SUCCESS,nextIndex=20,followerCommit=18,matchIndex=19
2023-03-07 04:41:11,614 DEBUG server.RaftServer$Division (RaftServerImpl.java:logAppendEntries(1429)) - s12@group-A82F1EDBF13F: receive appendEntries(s11, 1, (t:1, i:18), 18, true, commits:[s11:c18, s13:c17, s12:c17], cId:5172, entries: [(t:1, i:19), STATEMACHINELOGENTRY, 5170@client-A5D49D9BF856]
2023-03-07 04:41:11,614 INFO  statemachine.StateMachine (ArithmeticStateMachine.java:applyTransaction(182)) - LEADER:s11-19: a = null = null
2023-03-07 04:41:11,614 DEBUG server.RaftServer$Division (RaftServerImpl.java:logAppendEntries(1429)) - s12@group-A82F1EDBF13F: succeeded to handle AppendEntries. Reply: s11<-s12#5172:OK-t1,SUCCESS,nextIndex=20,followerCommit=18,matchIndex=19
2023-03-07 04:41:11,614 DEBUG server.RaftServer$Division (RaftServerImpl.java:logAppendEntries(1429)) - s13@group-A82F1EDBF13F: receive appendEntries(s11, 1, (t:1, i:19), 19, true, commits:[s11:c19, s13:c18, s12:c17], cId:5173, entries: [(t:1, i:20), METADATAENTRY(c:19)]
2023-03-07 04:41:11,615 DEBUG server.RaftServer$Division (RaftServerImpl.java:logAppendEntries(1429)) - s12@group-A82F1EDBF13F: receive appendEntries(s11, 1, (t:1, i:19), 19, true, commits:[s11:c19, s13:c18, s12:c18], cId:5174, entries: [(t:1, i:20), METADATAENTRY(c:19)]
2023-03-07 04:41:11,615 DEBUG server.RaftServer$Division (RaftServerImpl.java:logAppendEntries(1429)) - s12@group-A82F1EDBF13F: succeeded to handle AppendEntries. Reply: s11<-s12#5174:OK-t1,SUCCESS,nextIndex=21,followerCommit=19,matchIndex=20
2023-03-07 04:41:11,616 DEBUG server.RaftServer$Division (RaftServerImpl.java:submitClientRequestAsync(832)) - s11@group-A82F1EDBF13F: receive client request(RaftClientRequest:client-A5D49D9BF856->s11@group-A82F1EDBF13F, cid=5175, seq=0, RW, Message:01016200)
2023-03-07 04:41:11,616 DEBUG server.RaftServer$Division (LeaderStateImpl.java:addPendingRequest(474)) - s11@group-A82F1EDBF13F-LeaderStateImpl: addPendingRequest at RaftClientRequest:client-A5D49D9BF856->s11@group-A82F1EDBF13F, cid=5175, seq=0, RW, Message:01016200, entry=(t:1, i:21), STATEMACHINELOGENTRY, 5175@client-A5D49D9BF856
2023-03-07 04:41:11,617 DEBUG server.RaftServer$Division (RaftServerImpl.java:logAppendEntries(1429)) - s12@group-A82F1EDBF13F: receive appendEntries(s11, 1, (t:1, i:20), 20, true, commits:[s11:c20, s13:c18, s12:c19], cId:5176, entries: [(t:1, i:21), STATEMACHINELOGENTRY, 5175@client-A5D49D9BF856]
2023-03-07 04:41:11,617 DEBUG server.RaftServer$Division (RaftServerImpl.java:logAppendEntries(1429)) - s13@group-A82F1EDBF13F: succeeded to handle AppendEntries. Reply: s11<-s13#5173:OK-t1,SUCCESS,nextIndex=21,followerCommit=19,matchIndex=20
2023-03-07 04:41:11,617 DEBUG server.RaftServer$Division (RaftServerImpl.java:logAppendEntries(1429)) - s12@group-A82F1EDBF13F: succeeded to handle AppendEntries. Reply: s11<-s12#5176:OK-t1,SUCCESS,nextIndex=22,followerCommit=20,matchIndex=21
2023-03-07 04:41:11,618 DEBUG server.RaftServer$Division (RaftServerImpl.java:logAppendEntries(1429)) - s13@group-A82F1EDBF13F: receive appendEntries(s11, 1, (t:1, i:20), 20, true, commits:[s11:c20, s13:c19, s12:c19], cId:5177, entries: [(t:1, i:21), STATEMACHINELOGENTRY, 5175@client-A5D49D9BF856]
2023-03-07 04:41:11,618 INFO  statemachine.StateMachine (ArithmeticStateMachine.java:applyTransaction(182)) - LEADER:s11-21: b = null = null
2023-03-07 04:41:11,618 DEBUG server.RaftServer$Division (RaftServerImpl.java:logAppendEntries(1429)) - s12@group-A82F1EDBF13F: receive appendEntries(s11, 1, (t:1, i:21), 21, true, commits:[s11:c21, s13:c19, s12:c20], cId:5178, entries: [(t:1, i:22), METADATAENTRY(c:21)]
2023-03-07 04:41:11,619 DEBUG server.RaftServer$Division (RaftServerImpl.java:logAppendEntries(1429)) - s12@group-A82F1EDBF13F: succeeded to handle AppendEntries. Reply: s11<-s12#5178:OK-t1,SUCCESS,nextIndex=23,followerCommit=21,matchIndex=22
2023-03-07 04:41:11,619 DEBUG server.RaftServer$Division (RaftServerImpl.java:logAppendEntries(1429)) - s13@group-A82F1EDBF13F: succeeded to handle AppendEntries. Reply: s11<-s13#5177:OK-t1,SUCCESS,nextIndex=22,followerCommit=20,matchIndex=21
2023-03-07 04:41:11,620 DEBUG server.RaftServer$Division (RaftServerImpl.java:submitClientRequestAsync(832)) - s11@group-A82F1EDBF13F: receive client request(RaftClientRequest:client-A5D49D9BF856->s11@group-A82F1EDBF13F, cid=5179, seq=0, RW, Message:01016300)
2023-03-07 04:41:11,620 DEBUG server.RaftServer$Division (RaftServerImpl.java:logAppendEntries(1429)) - s13@group-A82F1EDBF13F: receive appendEntries(s11, 1, (t:1, i:21), 22, true, commits:[s11:c22, s13:c20, s12:c21], cId:5180, entries: [(t:1, i:22), METADATAENTRY(c:21)]
2023-03-07 04:41:11,620 DEBUG server.RaftServer$Division (LeaderStateImpl.java:addPendingRequest(474)) - s11@group-A82F1EDBF13F-LeaderStateImpl: addPendingRequest at RaftClientRequest:client-A5D49D9BF856->s11@group-A82F1EDBF13F, cid=5179, seq=0, RW, Message:01016300, entry=(t:1, i:23), STATEMACHINELOGENTRY, 5179@client-A5D49D9BF856
2023-03-07 04:41:11,620 DEBUG server.RaftServer$Division (RaftServerImpl.java:logAppendEntries(1429)) - s13@group-A82F1EDBF13F: succeeded to handle AppendEntries. Reply: s11<-s13#5180:OK-t1,SUCCESS,nextIndex=23,followerCommit=22,matchIndex=22
2023-03-07 04:41:11,620 DEBUG server.RaftServer$Division (RaftServerImpl.java:logAppendEntries(1429)) - s12@group-A82F1EDBF13F: receive appendEntries(s11, 1, (t:1, i:22), 22, true, commits:[s11:c22, s13:c20, s12:c21], cId:5181, entries: [(t:1, i:23), STATEMACHINELOGENTRY, 5179@client-A5D49D9BF856]
2023-03-07 04:41:11,621 DEBUG server.RaftServer$Division (RaftServerImpl.java:logAppendEntries(1429)) - s12@group-A82F1EDBF13F: succeeded to handle AppendEntries. Reply: s11<-s12#5181:OK-t1,SUCCESS,nextIndex=24,followerCommit=22,matchIndex=23
2023-03-07 04:41:11,621 DEBUG server.RaftServer$Division (RaftServerImpl.java:logAppendEntries(1429)) - s13@group-A82F1EDBF13F: receive appendEntries(s11, 1, (t:1, i:22), 22, true, commits:[s11:c22, s13:c22, s12:c21], cId:5182, entries: [(t:1, i:23), STATEMACHINELOGENTRY, 5179@client-A5D49D9BF856]
2023-03-07 04:41:11,621 INFO  statemachine.StateMachine (ArithmeticStateMachine.java:applyTransaction(182)) - LEADER:s11-23: c = null = null
2023-03-07 04:41:11,622 DEBUG server.RaftServer$Division (RaftServerImpl.java:logAppendEntries(1429)) - s12@group-A82F1EDBF13F: receive appendEntries(s11, 1, (t:1, i:23), 23, true, commits:[s11:c23, s13:c22, s12:c22], cId:5183, entries: [(t:1, i:24), METADATAENTRY(c:23)]
2023-03-07 04:41:11,622 DEBUG server.RaftServer$Division (RaftServerImpl.java:logAppendEntries(1429)) - s12@group-A82F1EDBF13F: succeeded to handle AppendEntries. Reply: s11<-s12#5183:OK-t1,SUCCESS,nextIndex=25,followerCommit=23,matchIndex=24
2023-03-07 04:41:11,622 DEBUG server.RaftServer$Division (RaftServerImpl.java:logAppendEntries(1429)) - s13@group-A82F1EDBF13F: succeeded to handle AppendEntries. Reply: s11<-s13#5182:OK-t1,SUCCESS,nextIndex=24,followerCommit=22,matchIndex=23
2023-03-07 04:41:11,623 DEBUG server.RaftServer$Division (RaftServerImpl.java:logAppendEntries(1429)) - s13@group-A82F1EDBF13F: receive appendEntries(s11, 1, (t:1, i:23), 23, true, commits:[s11:c23, s13:c22, s12:c22], cId:5185, entries: [(t:1, i:24), METADATAENTRY(c:23)]
2023-03-07 04:41:11,623 DEBUG server.RaftServer$Division (RaftServerImpl.java:logAppendEntries(1429)) - s13@group-A82F1EDBF13F: succeeded to handle AppendEntries. Reply: s11<-s13#5185:OK-t1,SUCCESS,nextIndex=25,followerCommit=23,matchIndex=24
2023-03-07 04:41:11,623 DEBUG server.RaftServer$Division (RaftServerImpl.java:submitClientRequestAsync(832)) - s11@group-A82F1EDBF13F: receive client request(RaftClientRequest:client-A5D49D9BF856->s11@group-A82F1EDBF13F, cid=5184, seq=0, RW, Message:01016102403b00000000...(size=12))
2023-03-07 04:41:11,624 DEBUG server.RaftServer$Division (LeaderStateImpl.java:addPendingRequest(474)) - s11@group-A82F1EDBF13F-LeaderStateImpl: addPendingRequest at RaftClientRequest:client-A5D49D9BF856->s11@group-A82F1EDBF13F, cid=5184, seq=0, RW, Message:01016102403b00000000...(size=12), entry=(t:1, i:25), STATEMACHINELOGENTRY, 5184@client-A5D49D9BF856
2023-03-07 04:41:11,624 DEBUG server.RaftServer$Division (RaftServerImpl.java:logAppendEntries(1429)) - s13@group-A82F1EDBF13F: receive appendEntries(s11, 1, (t:1, i:24), 24, true, commits:[s11:c24, s13:c23, s12:c23], cId:5186, entries: [(t:1, i:25), STATEMACHINELOGENTRY, 5184@client-A5D49D9BF856]
2023-03-07 04:41:11,625 DEBUG server.RaftServer$Division (RaftServerImpl.java:logAppendEntries(1429)) - s13@group-A82F1EDBF13F: succeeded to handle AppendEntries. Reply: s11<-s13#5186:OK-t1,SUCCESS,nextIndex=26,followerCommit=24,matchIndex=25
2023-03-07 04:41:11,625 DEBUG server.RaftServer$Division (RaftServerImpl.java:logAppendEntries(1429)) - s12@group-A82F1EDBF13F: receive appendEntries(s11, 1, (t:1, i:24), 24, true, commits:[s11:c24, s13:c23, s12:c23], cId:5187, entries: [(t:1, i:25), STATEMACHINELOGENTRY, 5184@client-A5D49D9BF856]
2023-03-07 04:41:11,626 DEBUG server.RaftServer$Division (RaftServerImpl.java:logAppendEntries(1429)) - s12@group-A82F1EDBF13F: succeeded to handle AppendEntries. Reply: s11<-s12#5187:OK-t1,SUCCESS,nextIndex=26,followerCommit=24,matchIndex=25
2023-03-07 04:41:11,628 INFO  statemachine.StateMachine (ArithmeticStateMachine.java:applyTransaction(182)) - LEADER:s11-25: a = 27 = 27
2023-03-07 04:41:11,629 DEBUG server.RaftServer$Division (RaftServerImpl.java:logAppendEntries(1429)) - s13@group-A82F1EDBF13F: receive appendEntries(s11, 1, (t:1, i:25), 25, true, commits:[s11:c25, s13:c24, s12:c24], cId:5188, entries: [(t:1, i:26), METADATAENTRY(c:25)]
2023-03-07 04:41:11,629 DEBUG server.RaftServer$Division (RaftServerImpl.java:logAppendEntries(1429)) - s12@group-A82F1EDBF13F: receive appendEntries(s11, 1, (t:1, i:25), 25, true, commits:[s11:c25, s13:c24, s12:c24], cId:5189, entries: [(t:1, i:26), METADATAENTRY(c:25)]
2023-03-07 04:41:11,629 DEBUG server.RaftServer$Division (RaftServerImpl.java:logAppendEntries(1429)) - s13@group-A82F1EDBF13F: succeeded to handle AppendEntries. Reply: s11<-s13#5188:OK-t1,SUCCESS,nextIndex=27,followerCommit=25,matchIndex=26
2023-03-07 04:41:11,629 DEBUG server.RaftServer$Division (RaftServerImpl.java:logAppendEntries(1429)) - s12@group-A82F1EDBF13F: succeeded to handle AppendEntries. Reply: s11<-s12#5189:OK-t1,SUCCESS,nextIndex=27,followerCommit=25,matchIndex=26
2023-03-07 04:41:11,631 DEBUG server.RaftServer$Division (RaftServerImpl.java:submitClientRequestAsync(832)) - s11@group-A82F1EDBF13F: receive client request(RaftClientRequest:client-A5D49D9BF856->s11@group-A82F1EDBF13F, cid=5190, seq=0, RW, Message:010162024076c0000000...(size=12))
2023-03-07 04:41:11,631 DEBUG server.RaftServer$Division (LeaderStateImpl.java:addPendingRequest(474)) - s11@group-A82F1EDBF13F-LeaderStateImpl: addPendingRequest at RaftClientRequest:client-A5D49D9BF856->s11@group-A82F1EDBF13F, cid=5190, seq=0, RW, Message:010162024076c0000000...(size=12), entry=(t:1, i:27), STATEMACHINELOGENTRY, 5190@client-A5D49D9BF856
2023-03-07 04:41:11,632 DEBUG server.RaftServer$Division (RaftServerImpl.java:logAppendEntries(1429)) - s13@group-A82F1EDBF13F: receive appendEntries(s11, 1, (t:1, i:26), 26, true, commits:[s11:c26, s13:c25, s12:c25], cId:5191, entries: [(t:1, i:27), STATEMACHINELOGENTRY, 5190@client-A5D49D9BF856]
2023-03-07 04:41:11,632 DEBUG server.RaftServer$Division (RaftServerImpl.java:logAppendEntries(1429)) - s12@group-A82F1EDBF13F: receive appendEntries(s11, 1, (t:1, i:26), 26, true, commits:[s11:c26, s13:c25, s12:c25], cId:5192, entries: [(t:1, i:27), STATEMACHINELOGENTRY, 5190@client-A5D49D9BF856]
2023-03-07 04:41:11,632 DEBUG server.RaftServer$Division (RaftServerImpl.java:logAppendEntries(1429)) - s13@group-A82F1EDBF13F: succeeded to handle AppendEntries. Reply: s11<-s13#5191:OK-t1,SUCCESS,nextIndex=28,followerCommit=26,matchIndex=27
2023-03-07 04:41:11,633 DEBUG server.RaftServer$Division (RaftServerImpl.java:logAppendEntries(1429)) - s12@group-A82F1EDBF13F: succeeded to handle AppendEntries. Reply: s11<-s12#5192:OK-t1,SUCCESS,nextIndex=28,followerCommit=26,matchIndex=27
2023-03-07 04:41:11,633 INFO  statemachine.StateMachine (ArithmeticStateMachine.java:applyTransaction(182)) - LEADER:s11-27: b = 364 = 364
2023-03-07 04:41:11,634 DEBUG server.RaftServer$Division (RaftServerImpl.java:logAppendEntries(1429)) - s13@group-A82F1EDBF13F: receive appendEntries(s11, 1, (t:1, i:27), 27, true, commits:[s11:c27, s13:c26, s12:c26], cId:5194, entries: [(t:1, i:28), METADATAENTRY(c:27)]
2023-03-07 04:41:11,634 DEBUG server.RaftServer$Division (RaftServerImpl.java:logAppendEntries(1429)) - s12@group-A82F1EDBF13F: receive appendEntries(s11, 1, (t:1, i:27), 27, true, commits:[s11:c27, s13:c26, s12:c26], cId:5193, entries: [(t:1, i:28), METADATAENTRY(c:27)]
2023-03-07 04:41:11,634 DEBUG server.RaftServer$Division (RaftServerImpl.java:logAppendEntries(1429)) - s13@group-A82F1EDBF13F: succeeded to handle AppendEntries. Reply: s11<-s13#5194:OK-t1,SUCCESS,nextIndex=29,followerCommit=27,matchIndex=28
2023-03-07 04:41:11,634 DEBUG server.RaftServer$Division (RaftServerImpl.java:logAppendEntries(1429)) - s12@group-A82F1EDBF13F: succeeded to handle AppendEntries. Reply: s11<-s12#5193:OK-t1,SUCCESS,nextIndex=29,followerCommit=27,matchIndex=28
2023-03-07 04:41:11,635 DEBUG server.RaftServer$Division (RaftServerImpl.java:submitClientRequestAsync(832)) - s11@group-A82F1EDBF13F: receive client request(RaftClientRequest:client-A5D49D9BF856->s11@group-A82F1EDBF13F, cid=5195, seq=0, RW, Message:01016304010300040201...(size=17))
2023-03-07 04:41:11,635 DEBUG server.RaftServer$Division (LeaderStateImpl.java:addPendingRequest(474)) - s11@group-A82F1EDBF13F-LeaderStateImpl: addPendingRequest at RaftClientRequest:client-A5D49D9BF856->s11@group-A82F1EDBF13F, cid=5195, seq=0, RW, Message:01016304010300040201...(size=17), entry=(t:1, i:29), STATEMACHINELOGENTRY, 5195@client-A5D49D9BF856
2023-03-07 04:41:11,636 DEBUG server.RaftServer$Division (RaftServerImpl.java:logAppendEntries(1429)) - s13@group-A82F1EDBF13F: receive appendEntries(s11, 1, (t:1, i:28), 28, true, commits:[s11:c28, s13:c27, s12:c27], cId:5196, entries: [(t:1, i:29), STATEMACHINELOGENTRY, 5195@client-A5D49D9BF856]
2023-03-07 04:41:11,636 DEBUG server.RaftServer$Division (RaftServerImpl.java:logAppendEntries(1429)) - s13@group-A82F1EDBF13F: succeeded to handle AppendEntries. Reply: s11<-s13#5196:OK-t1,SUCCESS,nextIndex=30,followerCommit=28,matchIndex=29
2023-03-07 04:41:11,637 DEBUG server.RaftServer$Division (RaftServerImpl.java:logAppendEntries(1429)) - s12@group-A82F1EDBF13F: receive appendEntries(s11, 1, (t:1, i:28), 28, true, commits:[s11:c28, s13:c27, s12:c27], cId:5197, entries: [(t:1, i:29), STATEMACHINELOGENTRY, 5195@client-A5D49D9BF856]
2023-03-07 04:41:11,637 INFO  statemachine.StateMachine (ArithmeticStateMachine.java:applyTransaction(182)) - LEADER:s11-29: c = √(a^2 + b^2) = 365
2023-03-07 04:41:11,637 DEBUG server.RaftServer$Division (RaftServerImpl.java:logAppendEntries(1429)) - s12@group-A82F1EDBF13F: succeeded to handle AppendEntries. Reply: s11<-s12#5197:OK-t1,SUCCESS,nextIndex=30,followerCommit=28,matchIndex=29
2023-03-07 04:41:11,638 DEBUG server.RaftServer$Division (RaftServerImpl.java:logAppendEntries(1429)) - s12@group-A82F1EDBF13F: receive appendEntries(s11, 1, (t:1, i:29), 29, true, commits:[s11:c29, s13:c28, s12:c28], cId:5199, entries: [(t:1, i:30), METADATAENTRY(c:29)]
2023-03-07 04:41:11,638 DEBUG server.RaftServer$Division (RaftServerImpl.java:logAppendEntries(1429)) - s13@group-A82F1EDBF13F: receive appendEntries(s11, 1, (t:1, i:29), 29, true, commits:[s11:c29, s13:c28, s12:c27], cId:5198, entries: [(t:1, i:30), METADATAENTRY(c:29)]
2023-03-07 04:41:11,638 DEBUG server.RaftServer$Division (RaftServerImpl.java:logAppendEntries(1429)) - s12@group-A82F1EDBF13F: succeeded to handle AppendEntries. Reply: s11<-s12#5199:OK-t1,SUCCESS,nextIndex=31,followerCommit=29,matchIndex=30
2023-03-07 04:41:11,639 DEBUG server.RaftServer$Division (RaftServerImpl.java:logAppendEntries(1429)) - s13@group-A82F1EDBF13F: succeeded to handle AppendEntries. Reply: s11<-s13#5198:OK-t1,SUCCESS,nextIndex=31,followerCommit=29,matchIndex=30
2023-03-07 04:41:11,640 DEBUG server.RaftServer$Division (RaftServerImpl.java:submitClientRequestAsync(832)) - s11@group-A82F1EDBF13F: receive client request(RaftClientRequest:client-A5D49D9BF856->s11@group-A82F1EDBF13F, cid=5200, seq=0, RW, Message:01016100)
2023-03-07 04:41:11,640 DEBUG server.RaftServer$Division (LeaderStateImpl.java:addPendingRequest(474)) - s11@group-A82F1EDBF13F-LeaderStateImpl: addPendingRequest at RaftClientRequest:client-A5D49D9BF856->s11@group-A82F1EDBF13F, cid=5200, seq=0, RW, Message:01016100, entry=(t:1, i:31), STATEMACHINELOGENTRY, 5200@client-A5D49D9BF856
2023-03-07 04:41:11,640 DEBUG server.RaftServer$Division (RaftServerImpl.java:logAppendEntries(1429)) - s13@group-A82F1EDBF13F: receive appendEntries(s11, 1, (t:1, i:30), 30, true, commits:[s11:c30, s13:c29, s12:c29], cId:5201, entries: [(t:1, i:31), STATEMACHINELOGENTRY, 5200@client-A5D49D9BF856]
2023-03-07 04:41:11,641 DEBUG server.RaftServer$Division (RaftServerImpl.java:logAppendEntries(1429)) - s13@group-A82F1EDBF13F: succeeded to handle AppendEntries. Reply: s11<-s13#5201:OK-t1,SUCCESS,nextIndex=32,followerCommit=30,matchIndex=31
2023-03-07 04:41:11,641 DEBUG server.RaftServer$Division (RaftServerImpl.java:logAppendEntries(1429)) - s12@group-A82F1EDBF13F: receive appendEntries(s11, 1, (t:1, i:30), 30, true, commits:[s11:c30, s13:c29, s12:c29], cId:5202, entries: [(t:1, i:31), STATEMACHINELOGENTRY, 5200@client-A5D49D9BF856]
2023-03-07 04:41:11,641 DEBUG server.RaftServer$Division (RaftServerImpl.java:logAppendEntries(1429)) - s12@group-A82F1EDBF13F: succeeded to handle AppendEntries. Reply: s11<-s12#5202:OK-t1,SUCCESS,nextIndex=32,followerCommit=30,matchIndex=31
2023-03-07 04:41:11,642 INFO  statemachine.StateMachine (ArithmeticStateMachine.java:applyTransaction(182)) - LEADER:s11-31: a = null = null
2023-03-07 04:41:11,642 DEBUG server.RaftServer$Division (RaftServerImpl.java:logAppendEntries(1429)) - s12@group-A82F1EDBF13F: receive appendEntries(s11, 1, (t:1, i:31), 31, true, commits:[s11:c31, s13:c30, s12:c30], cId:5203, entries: [(t:1, i:32), METADATAENTRY(c:31)]
2023-03-07 04:41:11,643 DEBUG server.RaftServer$Division (RaftServerImpl.java:logAppendEntries(1429)) - s13@group-A82F1EDBF13F: receive appendEntries(s11, 1, (t:1, i:31), 31, true, commits:[s11:c31, s13:c30, s12:c30], cId:5204, entries: [(t:1, i:32), METADATAENTRY(c:31)]
2023-03-07 04:41:11,643 DEBUG server.RaftServer$Division (RaftServerImpl.java:logAppendEntries(1429)) - s12@group-A82F1EDBF13F: succeeded to handle AppendEntries. Reply: s11<-s12#5203:OK-t1,SUCCESS,nextIndex=33,followerCommit=31,matchIndex=32
2023-03-07 04:41:11,643 DEBUG server.RaftServer$Division (RaftServerImpl.java:logAppendEntries(1429)) - s13@group-A82F1EDBF13F: succeeded to handle AppendEntries. Reply: s11<-s13#5204:OK-t1,SUCCESS,nextIndex=33,followerCommit=31,matchIndex=32
2023-03-07 04:41:11,644 DEBUG server.RaftServer$Division (RaftServerImpl.java:submitClientRequestAsync(832)) - s11@group-A82F1EDBF13F: receive client request(RaftClientRequest:client-A5D49D9BF856->s11@group-A82F1EDBF13F, cid=5205, seq=0, RW, Message:01016200)
2023-03-07 04:41:11,644 DEBUG server.RaftServer$Division (LeaderStateImpl.java:addPendingRequest(474)) - s11@group-A82F1EDBF13F-LeaderStateImpl: addPendingRequest at RaftClientRequest:client-A5D49D9BF856->s11@group-A82F1EDBF13F, cid=5205, seq=0, RW, Message:01016200, entry=(t:1, i:33), STATEMACHINELOGENTRY, 5205@client-A5D49D9BF856
2023-03-07 04:41:11,645 DEBUG server.RaftServer$Division (RaftServerImpl.java:logAppendEntries(1429)) - s13@group-A82F1EDBF13F: receive appendEntries(s11, 1, (t:1, i:32), 32, true, commits:[s11:c32, s13:c31, s12:c31], cId:5206, entries: [(t:1, i:33), STATEMACHINELOGENTRY, 5205@client-A5D49D9BF856]
2023-03-07 04:41:11,645 DEBUG server.RaftServer$Division (RaftServerImpl.java:logAppendEntries(1429)) - s12@group-A82F1EDBF13F: receive appendEntries(s11, 1, (t:1, i:32), 32, true, commits:[s11:c32, s13:c31, s12:c31], cId:5207, entries: [(t:1, i:33), STATEMACHINELOGENTRY, 5205@client-A5D49D9BF856]
2023-03-07 04:41:11,645 DEBUG server.RaftServer$Division (RaftServerImpl.java:logAppendEntries(1429)) - s13@group-A82F1EDBF13F: succeeded to handle AppendEntries. Reply: s11<-s13#5206:OK-t1,SUCCESS,nextIndex=34,followerCommit=32,matchIndex=33
2023-03-07 04:41:11,646 DEBUG server.RaftServer$Division (RaftServerImpl.java:logAppendEntries(1429)) - s12@group-A82F1EDBF13F: succeeded to handle AppendEntries. Reply: s11<-s12#5207:OK-t1,SUCCESS,nextIndex=34,followerCommit=32,matchIndex=33
2023-03-07 04:41:11,646 INFO  statemachine.StateMachine (ArithmeticStateMachine.java:applyTransaction(182)) - LEADER:s11-33: b = null = null
2023-03-07 04:41:11,647 DEBUG server.RaftServer$Division (RaftServerImpl.java:logAppendEntries(1429)) - s12@group-A82F1EDBF13F: receive appendEntries(s11, 1, (t:1, i:33), 33, true, commits:[s11:c33, s13:c32, s12:c32], cId:5208, entries: [(t:1, i:34), METADATAENTRY(c:33)]
2023-03-07 04:41:11,647 DEBUG server.RaftServer$Division (RaftServerImpl.java:logAppendEntries(1429)) - s13@group-A82F1EDBF13F: receive appendEntries(s11, 1, (t:1, i:33), 33, true, commits:[s11:c33, s13:c32, s12:c32], cId:5209, entries: [(t:1, i:34), METADATAENTRY(c:33)]
2023-03-07 04:41:11,647 DEBUG server.RaftServer$Division (RaftServerImpl.java:logAppendEntries(1429)) - s13@group-A82F1EDBF13F: succeeded to handle AppendEntries. Reply: s11<-s13#5209:OK-t1,SUCCESS,nextIndex=35,followerCommit=33,matchIndex=34
2023-03-07 04:41:11,648 DEBUG server.RaftServer$Division (RaftServerImpl.java:logAppendEntries(1429)) - s12@group-A82F1EDBF13F: succeeded to handle AppendEntries. Reply: s11<-s12#5208:OK-t1,SUCCESS,nextIndex=35,followerCommit=33,matchIndex=34
2023-03-07 04:41:11,648 DEBUG server.RaftServer$Division (RaftServerImpl.java:submitClientRequestAsync(832)) - s11@group-A82F1EDBF13F: receive client request(RaftClientRequest:client-A5D49D9BF856->s11@group-A82F1EDBF13F, cid=5210, seq=0, RW, Message:01016300)
2023-03-07 04:41:11,649 DEBUG server.RaftServer$Division (LeaderStateImpl.java:addPendingRequest(474)) - s11@group-A82F1EDBF13F-LeaderStateImpl: addPendingRequest at RaftClientRequest:client-A5D49D9BF856->s11@group-A82F1EDBF13F, cid=5210, seq=0, RW, Message:01016300, entry=(t:1, i:35), STATEMACHINELOGENTRY, 5210@client-A5D49D9BF856
2023-03-07 04:41:11,649 DEBUG server.RaftServer$Division (RaftServerImpl.java:logAppendEntries(1429)) - s13@group-A82F1EDBF13F: receive appendEntries(s11, 1, (t:1, i:34), 34, true, commits:[s11:c34, s13:c33, s12:c33], cId:5211, entries: [(t:1, i:35), STATEMACHINELOGENTRY, 5210@client-A5D49D9BF856]
2023-03-07 04:41:11,650 DEBUG server.RaftServer$Division (RaftServerImpl.java:logAppendEntries(1429)) - s13@group-A82F1EDBF13F: succeeded to handle AppendEntries. Reply: s11<-s13#5211:OK-t1,SUCCESS,nextIndex=36,followerCommit=34,matchIndex=35
2023-03-07 04:41:11,650 DEBUG server.RaftServer$Division (RaftServerImpl.java:logAppendEntries(1429)) - s12@group-A82F1EDBF13F: receive appendEntries(s11, 1, (t:1, i:34), 34, true, commits:[s11:c34, s13:c33, s12:c33], cId:5212, entries: [(t:1, i:35), STATEMACHINELOGENTRY, 5210@client-A5D49D9BF856]
2023-03-07 04:41:11,650 INFO  statemachine.StateMachine (ArithmeticStateMachine.java:applyTransaction(182)) - LEADER:s11-35: c = null = null
2023-03-07 04:41:11,651 DEBUG server.RaftServer$Division (RaftServerImpl.java:logAppendEntries(1429)) - s12@group-A82F1EDBF13F: succeeded to handle AppendEntries. Reply: s11<-s12#5212:OK-t1,SUCCESS,nextIndex=36,followerCommit=34,matchIndex=35
2023-03-07 04:41:11,651 DEBUG server.RaftServer$Division (RaftServerImpl.java:logAppendEntries(1429)) - s12@group-A82F1EDBF13F: receive appendEntries(s11, 1, (t:1, i:35), 35, true, commits:[s11:c35, s13:c34, s12:c34], cId:5214, entries: [(t:1, i:36), METADATAENTRY(c:35)]
2023-03-07 04:41:11,651 DEBUG server.RaftServer$Division (RaftServerImpl.java:logAppendEntries(1429)) - s13@group-A82F1EDBF13F: receive appendEntries(s11, 1, (t:1, i:35), 35, true, commits:[s11:c35, s13:c34, s12:c33], cId:5213, entries: [(t:1, i:36), METADATAENTRY(c:35)]
2023-03-07 04:41:11,652 DEBUG server.RaftServer$Division (RaftServerImpl.java:logAppendEntries(1429)) - s12@group-A82F1EDBF13F: succeeded to handle AppendEntries. Reply: s11<-s12#5214:OK-t1,SUCCESS,nextIndex=37,followerCommit=35,matchIndex=36
2023-03-07 04:41:11,652 DEBUG server.RaftServer$Division (RaftServerImpl.java:logAppendEntries(1429)) - s13@group-A82F1EDBF13F: succeeded to handle AppendEntries. Reply: s11<-s13#5213:OK-t1,SUCCESS,nextIndex=37,followerCommit=35,matchIndex=36
2023-03-07 04:41:11,653 DEBUG server.RaftServer$Division (RaftServerImpl.java:submitClientRequestAsync(832)) - s11@group-A82F1EDBF13F: receive client request(RaftClientRequest:client-A5D49D9BF856->s11@group-A82F1EDBF13F, cid=5215, seq=0, RW, Message:01016102403d00000000...(size=12))
2023-03-07 04:41:11,653 DEBUG server.RaftServer$Division (LeaderStateImpl.java:addPendingRequest(474)) - s11@group-A82F1EDBF13F-LeaderStateImpl: addPendingRequest at RaftClientRequest:client-A5D49D9BF856->s11@group-A82F1EDBF13F, cid=5215, seq=0, RW, Message:01016102403d00000000...(size=12), entry=(t:1, i:37), STATEMACHINELOGENTRY, 5215@client-A5D49D9BF856
2023-03-07 04:41:11,654 DEBUG server.RaftServer$Division (RaftServerImpl.java:logAppendEntries(1429)) - s13@group-A82F1EDBF13F: receive appendEntries(s11, 1, (t:1, i:36), 36, true, commits:[s11:c36, s13:c35, s12:c35], cId:5216, entries: [(t:1, i:37), STATEMACHINELOGENTRY, 5215@client-A5D49D9BF856]
2023-03-07 04:41:11,654 DEBUG server.RaftServer$Division (RaftServerImpl.java:logAppendEntries(1429)) - s12@group-A82F1EDBF13F: receive appendEntries(s11, 1, (t:1, i:36), 36, true, commits:[s11:c36, s13:c35, s12:c35], cId:5217, entries: [(t:1, i:37), STATEMACHINELOGENTRY, 5215@client-A5D49D9BF856]
2023-03-07 04:41:11,654 DEBUG server.RaftServer$Division (RaftServerImpl.java:logAppendEntries(1429)) - s13@group-A82F1EDBF13F: succeeded to handle AppendEntries. Reply: s11<-s13#5216:OK-t1,SUCCESS,nextIndex=38,followerCommit=36,matchIndex=37
2023-03-07 04:41:11,655 INFO  statemachine.StateMachine (ArithmeticStateMachine.java:applyTransaction(182)) - LEADER:s11-37: a = 29 = 29
2023-03-07 04:41:11,655 DEBUG server.RaftServer$Division (RaftServerImpl.java:logAppendEntries(1429)) - s12@group-A82F1EDBF13F: succeeded to handle AppendEntries. Reply: s11<-s12#5217:OK-t1,SUCCESS,nextIndex=38,followerCommit=36,matchIndex=37
2023-03-07 04:41:11,655 DEBUG server.RaftServer$Division (RaftServerImpl.java:logAppendEntries(1429)) - s12@group-A82F1EDBF13F: receive appendEntries(s11, 1, (t:1, i:37), 37, true, commits:[s11:c37, s13:c36, s12:c36], cId:5219, entries: [(t:1, i:38), METADATAENTRY(c:37)]
2023-03-07 04:41:11,656 DEBUG server.RaftServer$Division (RaftServerImpl.java:logAppendEntries(1429)) - s13@group-A82F1EDBF13F: receive appendEntries(s11, 1, (t:1, i:37), 37, true, commits:[s11:c37, s13:c36, s12:c35], cId:5218, entries: [(t:1, i:38), METADATAENTRY(c:37)]
2023-03-07 04:41:11,656 DEBUG server.RaftServer$Division (RaftServerImpl.java:submitClientRequestAsync(832)) - s11@group-A82F1EDBF13F: receive client request(RaftClientRequest:client-A5D49D9BF856->s11@group-A82F1EDBF13F, cid=5220, seq=0, RW, Message:01016202407a40000000...(size=12))
2023-03-07 04:41:11,657 DEBUG server.RaftServer$Division (RaftServerImpl.java:logAppendEntries(1429)) - s12@group-A82F1EDBF13F: succeeded to handle AppendEntries. Reply: s11<-s12#5219:OK-t1,SUCCESS,nextIndex=39,followerCommit=37,matchIndex=38
2023-03-07 04:41:11,657 DEBUG server.RaftServer$Division (RaftServerImpl.java:logAppendEntries(1429)) - s13@group-A82F1EDBF13F: succeeded to handle AppendEntries. Reply: s11<-s13#5218:OK-t1,SUCCESS,nextIndex=39,followerCommit=37,matchIndex=38
2023-03-07 04:41:11,657 DEBUG server.RaftServer$Division (LeaderStateImpl.java:addPendingRequest(474)) - s11@group-A82F1EDBF13F-LeaderStateImpl: addPendingRequest at RaftClientRequest:client-A5D49D9BF856->s11@group-A82F1EDBF13F, cid=5220, seq=0, RW, Message:01016202407a40000000...(size=12), entry=(t:1, i:39), STATEMACHINELOGENTRY, 5220@client-A5D49D9BF856
2023-03-07 04:41:11,658 DEBUG server.RaftServer$Division (RaftServerImpl.java:logAppendEntries(1429)) - s13@group-A82F1EDBF13F: receive appendEntries(s11, 1, (t:1, i:38), 38, true, commits:[s11:c38, s13:c37, s12:c37], cId:5221, entries: [(t:1, i:39), STATEMACHINELOGENTRY, 5220@client-A5D49D9BF856]
2023-03-07 04:41:11,658 DEBUG server.RaftServer$Division (RaftServerImpl.java:logAppendEntries(1429)) - s12@group-A82F1EDBF13F: receive appendEntries(s11, 1, (t:1, i:38), 38, true, commits:[s11:c38, s13:c37, s12:c37], cId:5222, entries: [(t:1, i:39), STATEMACHINELOGENTRY, 5220@client-A5D49D9BF856]
2023-03-07 04:41:11,659 DEBUG server.RaftServer$Division (RaftServerImpl.java:logAppendEntries(1429)) - s13@group-A82F1EDBF13F: succeeded to handle AppendEntries. Reply: s11<-s13#5221:OK-t1,SUCCESS,nextIndex=40,followerCommit=38,matchIndex=39
2023-03-07 04:41:11,659 DEBUG server.RaftServer$Division (RaftServerImpl.java:logAppendEntries(1429)) - s12@group-A82F1EDBF13F: succeeded to handle AppendEntries. Reply: s11<-s12#5222:OK-t1,SUCCESS,nextIndex=40,followerCommit=38,matchIndex=39
2023-03-07 04:41:11,659 INFO  statemachine.StateMachine (ArithmeticStateMachine.java:applyTransaction(182)) - LEADER:s11-39: b = 420 = 420
2023-03-07 04:41:11,659 DEBUG server.RaftServer$Division (RaftServerImpl.java:logAppendEntries(1429)) - s12@group-A82F1EDBF13F: receive appendEntries(s11, 1, (t:1, i:39), 39, true, commits:[s11:c39, s13:c37, s12:c38], cId:5223, entries: [(t:1, i:40), METADATAENTRY(c:39)]
2023-03-07 04:41:11,660 DEBUG server.RaftServer$Division (RaftServerImpl.java:logAppendEntries(1429)) - s12@group-A82F1EDBF13F: succeeded to handle AppendEntries. Reply: s11<-s12#5223:OK-t1,SUCCESS,nextIndex=41,followerCommit=39,matchIndex=40
2023-03-07 04:41:11,660 DEBUG server.RaftServer$Division (RaftServerImpl.java:logAppendEntries(1429)) - s13@group-A82F1EDBF13F: receive appendEntries(s11, 1, (t:1, i:39), 39, true, commits:[s11:c39, s13:c38, s12:c38], cId:5224, entries: [(t:1, i:40), METADATAENTRY(c:39)]
2023-03-07 04:41:11,661 DEBUG server.RaftServer$Division (RaftServerImpl.java:logAppendEntries(1429)) - s13@group-A82F1EDBF13F: succeeded to handle AppendEntries. Reply: s11<-s13#5224:OK-t1,SUCCESS,nextIndex=41,followerCommit=39,matchIndex=40
2023-03-07 04:41:11,661 DEBUG server.RaftServer$Division (RaftServerImpl.java:submitClientRequestAsync(832)) - s11@group-A82F1EDBF13F: receive client request(RaftClientRequest:client-A5D49D9BF856->s11@group-A82F1EDBF13F, cid=5225, seq=0, RW, Message:01016304010300040201...(size=17))
2023-03-07 04:41:11,661 DEBUG server.RaftServer$Division (LeaderStateImpl.java:addPendingRequest(474)) - s11@group-A82F1EDBF13F-LeaderStateImpl: addPendingRequest at RaftClientRequest:client-A5D49D9BF856->s11@group-A82F1EDBF13F, cid=5225, seq=0, RW, Message:01016304010300040201...(size=17), entry=(t:1, i:41), STATEMACHINELOGENTRY, 5225@client-A5D49D9BF856
2023-03-07 04:41:11,662 DEBUG server.RaftServer$Division (RaftServerImpl.java:logAppendEntries(1429)) - s13@group-A82F1EDBF13F: receive appendEntries(s11, 1, (t:1, i:40), 40, true, commits:[s11:c40, s13:c39, s12:c39], cId:5226, entries: [(t:1, i:41), STATEMACHINELOGENTRY, 5225@client-A5D49D9BF856]
2023-03-07 04:41:11,662 DEBUG server.RaftServer$Division (RaftServerImpl.java:logAppendEntries(1429)) - s12@group-A82F1EDBF13F: receive appendEntries(s11, 1, (t:1, i:40), 40, true, commits:[s11:c40, s13:c39, s12:c39], cId:5227, entries: [(t:1, i:41), STATEMACHINELOGENTRY, 5225@client-A5D49D9BF856]
2023-03-07 04:41:11,663 DEBUG server.RaftServer$Division (RaftServerImpl.java:logAppendEntries(1429)) - s13@group-A82F1EDBF13F: succeeded to handle AppendEntries. Reply: s11<-s13#5226:OK-t1,SUCCESS,nextIndex=42,followerCommit=40,matchIndex=41
2023-03-07 04:41:11,663 DEBUG server.RaftServer$Division (RaftServerImpl.java:logAppendEntries(1429)) - s12@group-A82F1EDBF13F: succeeded to handle AppendEntries. Reply: s11<-s12#5227:OK-t1,SUCCESS,nextIndex=42,followerCommit=40,matchIndex=41
2023-03-07 04:41:11,663 INFO  statemachine.StateMachine (ArithmeticStateMachine.java:applyTransaction(182)) - LEADER:s11-41: c = √(a^2 + b^2) = 421
2023-03-07 04:41:11,664 DEBUG server.RaftServer$Division (RaftServerImpl.java:logAppendEntries(1429)) - s13@group-A82F1EDBF13F: receive appendEntries(s11, 1, (t:1, i:41), 41, true, commits:[s11:c41, s13:c40, s12:c39], cId:5228, entries: [(t:1, i:42), METADATAENTRY(c:41)]
2023-03-07 04:41:11,664 DEBUG server.RaftServer$Division (RaftServerImpl.java:logAppendEntries(1429)) - s12@group-A82F1EDBF13F: receive appendEntries(s11, 1, (t:1, i:41), 41, true, commits:[s11:c41, s13:c40, s12:c40], cId:5229, entries: [(t:1, i:42), METADATAENTRY(c:41)]
2023-03-07 04:41:11,665 DEBUG server.RaftServer$Division (RaftServerImpl.java:logAppendEntries(1429)) - s13@group-A82F1EDBF13F: succeeded to handle AppendEntries. Reply: s11<-s13#5228:OK-t1,SUCCESS,nextIndex=43,followerCommit=41,matchIndex=42
2023-03-07 04:41:11,665 DEBUG server.RaftServer$Division (RaftServerImpl.java:logAppendEntries(1429)) - s12@group-A82F1EDBF13F: succeeded to handle AppendEntries. Reply: s11<-s12#5229:OK-t1,SUCCESS,nextIndex=43,followerCommit=41,matchIndex=42
2023-03-07 04:41:11,666 DEBUG server.RaftServer$Division (RaftServerImpl.java:submitClientRequestAsync(832)) - s11@group-A82F1EDBF13F: receive client request(RaftClientRequest:client-A5D49D9BF856->s11@group-A82F1EDBF13F, cid=5230, seq=0, RW, Message:01016100)
2023-03-07 04:41:11,666 DEBUG server.RaftServer$Division (LeaderStateImpl.java:addPendingRequest(474)) - s11@group-A82F1EDBF13F-LeaderStateImpl: addPendingRequest at RaftClientRequest:client-A5D49D9BF856->s11@group-A82F1EDBF13F, cid=5230, seq=0, RW, Message:01016100, entry=(t:1, i:43), STATEMACHINELOGENTRY, 5230@client-A5D49D9BF856
2023-03-07 04:41:11,667 DEBUG server.RaftServer$Division (RaftServerImpl.java:logAppendEntries(1429)) - s13@group-A82F1EDBF13F: receive appendEntries(s11, 1, (t:1, i:42), 42, true, commits:[s11:c42, s13:c41, s12:c41], cId:5231, entries: [(t:1, i:43), STATEMACHINELOGENTRY, 5230@client-A5D49D9BF856]
2023-03-07 04:41:11,667 DEBUG server.RaftServer$Division (RaftServerImpl.java:logAppendEntries(1429)) - s13@group-A82F1EDBF13F: succeeded to handle AppendEntries. Reply: s11<-s13#5231:OK-t1,SUCCESS,nextIndex=44,followerCommit=42,matchIndex=43
2023-03-07 04:41:11,667 DEBUG server.RaftServer$Division (RaftServerImpl.java:logAppendEntries(1429)) - s12@group-A82F1EDBF13F: receive appendEntries(s11, 1, (t:1, i:42), 42, true, commits:[s11:c42, s13:c41, s12:c41], cId:5232, entries: [(t:1, i:43), STATEMACHINELOGENTRY, 5230@client-A5D49D9BF856]
2023-03-07 04:41:11,668 DEBUG server.RaftServer$Division (RaftServerImpl.java:logAppendEntries(1429)) - s12@group-A82F1EDBF13F: succeeded to handle AppendEntries. Reply: s11<-s12#5232:OK-t1,SUCCESS,nextIndex=44,followerCommit=42,matchIndex=43
2023-03-07 04:41:11,668 INFO  statemachine.StateMachine (ArithmeticStateMachine.java:applyTransaction(182)) - LEADER:s11-43: a = null = null
2023-03-07 04:41:11,668 DEBUG server.RaftServer$Division (RaftServerImpl.java:logAppendEntries(1429)) - s12@group-A82F1EDBF13F: receive appendEntries(s11, 1, (t:1, i:43), 43, true, commits:[s11:c43, s13:c42, s12:c42], cId:5233, entries: [(t:1, i:44), METADATAENTRY(c:43)]
2023-03-07 04:41:11,669 DEBUG server.RaftServer$Division (RaftServerImpl.java:logAppendEntries(1429)) - s13@group-A82F1EDBF13F: receive appendEntries(s11, 1, (t:1, i:43), 43, true, commits:[s11:c43, s13:c42, s12:c42], cId:5234, entries: [(t:1, i:44), METADATAENTRY(c:43)]
2023-03-07 04:41:11,669 DEBUG server.RaftServer$Division (RaftServerImpl.java:logAppendEntries(1429)) - s13@group-A82F1EDBF13F: succeeded to handle AppendEntries. Reply: s11<-s13#5234:OK-t1,SUCCESS,nextIndex=45,followerCommit=43,matchIndex=44
2023-03-07 04:41:11,669 DEBUG server.RaftServer$Division (RaftServerImpl.java:logAppendEntries(1429)) - s12@group-A82F1EDBF13F: succeeded to handle AppendEntries. Reply: s11<-s12#5233:OK-t1,SUCCESS,nextIndex=45,followerCommit=43,matchIndex=44
2023-03-07 04:41:11,670 DEBUG server.RaftServer$Division (RaftServerImpl.java:submitClientRequestAsync(832)) - s11@group-A82F1EDBF13F: receive client request(RaftClientRequest:client-A5D49D9BF856->s11@group-A82F1EDBF13F, cid=5235, seq=0, RW, Message:01016200)
2023-03-07 04:41:11,670 DEBUG server.RaftServer$Division (LeaderStateImpl.java:addPendingRequest(474)) - s11@group-A82F1EDBF13F-LeaderStateImpl: addPendingRequest at RaftClientRequest:client-A5D49D9BF856->s11@group-A82F1EDBF13F, cid=5235, seq=0, RW, Message:01016200, entry=(t:1, i:45), STATEMACHINELOGENTRY, 5235@client-A5D49D9BF856
2023-03-07 04:41:11,671 DEBUG server.RaftServer$Division (RaftServerImpl.java:logAppendEntries(1429)) - s13@group-A82F1EDBF13F: receive appendEntries(s11, 1, (t:1, i:44), 44, true, commits:[s11:c44, s13:c43, s12:c43], cId:5236, entries: [(t:1, i:45), STATEMACHINELOGENTRY, 5235@client-A5D49D9BF856]
2023-03-07 04:41:11,671 DEBUG server.RaftServer$Division (RaftServerImpl.java:logAppendEntries(1429)) - s12@group-A82F1EDBF13F: receive appendEntries(s11, 1, (t:1, i:44), 44, true, commits:[s11:c44, s13:c43, s12:c43], cId:5237, entries: [(t:1, i:45), STATEMACHINELOGENTRY, 5235@client-A5D49D9BF856]
2023-03-07 04:41:11,671 DEBUG server.RaftServer$Division (RaftServerImpl.java:logAppendEntries(1429)) - s13@group-A82F1EDBF13F: succeeded to handle AppendEntries. Reply: s11<-s13#5236:OK-t1,SUCCESS,nextIndex=46,followerCommit=44,matchIndex=45
2023-03-07 04:41:11,672 DEBUG server.RaftServer$Division (RaftServerImpl.java:logAppendEntries(1429)) - s12@group-A82F1EDBF13F: succeeded to handle AppendEntries. Reply: s11<-s12#5237:OK-t1,SUCCESS,nextIndex=46,followerCommit=44,matchIndex=45
2023-03-07 04:41:11,672 INFO  statemachine.StateMachine (ArithmeticStateMachine.java:applyTransaction(182)) - LEADER:s11-45: b = null = null
2023-03-07 04:41:11,673 DEBUG server.RaftServer$Division (RaftServerImpl.java:logAppendEntries(1429)) - s13@group-A82F1EDBF13F: receive appendEntries(s11, 1, (t:1, i:45), 45, true, commits:[s11:c45, s13:c44, s12:c43], cId:5238, entries: [(t:1, i:46), METADATAENTRY(c:45)]
2023-03-07 04:41:11,673 DEBUG server.RaftServer$Division (RaftServerImpl.java:logAppendEntries(1429)) - s12@group-A82F1EDBF13F: receive appendEntries(s11, 1, (t:1, i:45), 45, true, commits:[s11:c45, s13:c44, s12:c44], cId:5239, entries: [(t:1, i:46), METADATAENTRY(c:45)]
2023-03-07 04:41:11,673 DEBUG server.RaftServer$Division (RaftServerImpl.java:logAppendEntries(1429)) - s12@group-A82F1EDBF13F: succeeded to handle AppendEntries. Reply: s11<-s12#5239:OK-t1,SUCCESS,nextIndex=47,followerCommit=45,matchIndex=46
2023-03-07 04:41:11,674 DEBUG server.RaftServer$Division (RaftServerImpl.java:logAppendEntries(1429)) - s13@group-A82F1EDBF13F: succeeded to handle AppendEntries. Reply: s11<-s13#5238:OK-t1,SUCCESS,nextIndex=47,followerCommit=45,matchIndex=46
2023-03-07 04:41:11,674 DEBUG server.RaftServer$Division (RaftServerImpl.java:submitClientRequestAsync(832)) - s11@group-A82F1EDBF13F: receive client request(RaftClientRequest:client-A5D49D9BF856->s11@group-A82F1EDBF13F, cid=5240, seq=0, RW, Message:01016300)
2023-03-07 04:41:11,674 DEBUG server.RaftServer$Division (LeaderStateImpl.java:addPendingRequest(474)) - s11@group-A82F1EDBF13F-LeaderStateImpl: addPendingRequest at RaftClientRequest:client-A5D49D9BF856->s11@group-A82F1EDBF13F, cid=5240, seq=0, RW, Message:01016300, entry=(t:1, i:47), STATEMACHINELOGENTRY, 5240@client-A5D49D9BF856
2023-03-07 04:41:11,675 DEBUG server.RaftServer$Division (RaftServerImpl.java:logAppendEntries(1429)) - s13@group-A82F1EDBF13F: receive appendEntries(s11, 1, (t:1, i:46), 46, true, commits:[s11:c46, s13:c45, s12:c45], cId:5241, entries: [(t:1, i:47), STATEMACHINELOGENTRY, 5240@client-A5D49D9BF856]
2023-03-07 04:41:11,675 DEBUG server.RaftServer$Division (RaftServerImpl.java:logAppendEntries(1429)) - s12@group-A82F1EDBF13F: receive appendEntries(s11, 1, (t:1, i:46), 46, true, commits:[s11:c46, s13:c45, s12:c45], cId:5242, entries: [(t:1, i:47), STATEMACHINELOGENTRY, 5240@client-A5D49D9BF856]
2023-03-07 04:41:11,676 DEBUG server.RaftServer$Division (RaftServerImpl.java:logAppendEntries(1429)) - s13@group-A82F1EDBF13F: succeeded to handle AppendEntries. Reply: s11<-s13#5241:OK-t1,SUCCESS,nextIndex=48,followerCommit=46,matchIndex=47
2023-03-07 04:41:11,676 DEBUG server.RaftServer$Division (RaftServerImpl.java:logAppendEntries(1429)) - s12@group-A82F1EDBF13F: succeeded to handle AppendEntries. Reply: s11<-s12#5242:OK-t1,SUCCESS,nextIndex=48,followerCommit=46,matchIndex=47
2023-03-07 04:41:11,676 INFO  statemachine.StateMachine (ArithmeticStateMachine.java:applyTransaction(182)) - LEADER:s11-47: c = null = null
2023-03-07 04:41:11,677 DEBUG server.RaftServer$Division (RaftServerImpl.java:logAppendEntries(1429)) - s12@group-A82F1EDBF13F: receive appendEntries(s11, 1, (t:1, i:47), 47, true, commits:[s11:c47, s13:c45, s12:c46], cId:5243, entries: [(t:1, i:48), METADATAENTRY(c:47)]
2023-03-07 04:41:11,677 DEBUG server.RaftServer$Division (RaftServerImpl.java:logAppendEntries(1429)) - s13@group-A82F1EDBF13F: receive appendEntries(s11, 1, (t:1, i:47), 47, true, commits:[s11:c47, s13:c46, s12:c46], cId:5244, entries: [(t:1, i:48), METADATAENTRY(c:47)]
2023-03-07 04:41:11,678 DEBUG server.RaftServer$Division (RaftServerImpl.java:submitClientRequestAsync(832)) - s11@group-A82F1EDBF13F: receive client request(RaftClientRequest:client-A5D49D9BF856->s11@group-A82F1EDBF13F, cid=5245, seq=0, RW, Message:01016102403f00000000...(size=12))
2023-03-07 04:41:11,678 DEBUG server.RaftServer$Division (LeaderStateImpl.java:addPendingRequest(474)) - s11@group-A82F1EDBF13F-LeaderStateImpl: addPendingRequest at RaftClientRequest:client-A5D49D9BF856->s11@group-A82F1EDBF13F, cid=5245, seq=0, RW, Message:01016102403f00000000...(size=12), entry=(t:1, i:49), STATEMACHINELOGENTRY, 5245@client-A5D49D9BF856
2023-03-07 04:41:11,678 DEBUG server.RaftServer$Division (RaftServerImpl.java:logAppendEntries(1429)) - s12@group-A82F1EDBF13F: succeeded to handle AppendEntries. Reply: s11<-s12#5243:OK-t1,SUCCESS,nextIndex=49,followerCommit=47,matchIndex=48
2023-03-07 04:41:11,678 DEBUG server.RaftServer$Division (RaftServerImpl.java:logAppendEntries(1429)) - s13@group-A82F1EDBF13F: succeeded to handle AppendEntries. Reply: s11<-s13#5244:OK-t1,SUCCESS,nextIndex=49,followerCommit=47,matchIndex=48
2023-03-07 04:41:11,679 DEBUG server.RaftServer$Division (RaftServerImpl.java:logAppendEntries(1429)) - s13@group-A82F1EDBF13F: receive appendEntries(s11, 1, (t:1, i:48), 48, true, commits:[s11:c48, s13:c47, s12:c47], cId:5247, entries: [(t:1, i:49), STATEMACHINELOGENTRY, 5245@client-A5D49D9BF856]
2023-03-07 04:41:11,680 DEBUG server.RaftServer$Division (RaftServerImpl.java:logAppendEntries(1429)) - s12@group-A82F1EDBF13F: receive appendEntries(s11, 1, (t:1, i:48), 47, true, commits:[s11:c47, s13:c46, s12:c47], cId:5246, entries: [(t:1, i:49), STATEMACHINELOGENTRY, 5245@client-A5D49D9BF856]
2023-03-07 04:41:11,680 DEBUG server.RaftServer$Division (RaftServerImpl.java:logAppendEntries(1429)) - s13@group-A82F1EDBF13F: succeeded to handle AppendEntries. Reply: s11<-s13#5247:OK-t1,SUCCESS,nextIndex=50,followerCommit=48,matchIndex=49
2023-03-07 04:41:11,680 DEBUG server.RaftServer$Division (RaftServerImpl.java:logAppendEntries(1429)) - s12@group-A82F1EDBF13F: succeeded to handle AppendEntries. Reply: s11<-s12#5246:OK-t1,SUCCESS,nextIndex=50,followerCommit=47,matchIndex=49
2023-03-07 04:41:11,681 INFO  statemachine.StateMachine (ArithmeticStateMachine.java:applyTransaction(182)) - LEADER:s11-49: a = 31 = 31
2023-03-07 04:41:11,681 DEBUG server.RaftServer$Division (RaftServerImpl.java:logAppendEntries(1429)) - s13@group-A82F1EDBF13F: receive appendEntries(s11, 1, (t:1, i:49), 49, true, commits:[s11:c49, s13:c48, s12:c47], cId:5249, entries: [(t:1, i:50), METADATAENTRY(c:49)]
2023-03-07 04:41:11,681 DEBUG server.RaftServer$Division (RaftServerImpl.java:logAppendEntries(1429)) - s12@group-A82F1EDBF13F: receive appendEntries(s11, 1, (t:1, i:49), 49, true, commits:[s11:c49, s13:c47, s12:c47], cId:5248, entries: [(t:1, i:50), METADATAENTRY(c:49)]
2023-03-07 04:41:11,682 DEBUG server.RaftServer$Division (RaftServerImpl.java:logAppendEntries(1429)) - s12@group-A82F1EDBF13F: succeeded to handle AppendEntries. Reply: s11<-s12#5248:OK-t1,SUCCESS,nextIndex=51,followerCommit=49,matchIndex=50
2023-03-07 04:41:11,682 DEBUG server.RaftServer$Division (RaftServerImpl.java:logAppendEntries(1429)) - s13@group-A82F1EDBF13F: succeeded to handle AppendEntries. Reply: s11<-s13#5249:OK-t1,SUCCESS,nextIndex=51,followerCommit=49,matchIndex=50
2023-03-07 04:41:11,683 DEBUG server.RaftServer$Division (RaftServerImpl.java:submitClientRequestAsync(832)) - s11@group-A82F1EDBF13F: receive client request(RaftClientRequest:client-A5D49D9BF856->s11@group-A82F1EDBF13F, cid=5250, seq=0, RW, Message:01016202407e00000000...(size=12))
2023-03-07 04:41:11,683 DEBUG server.RaftServer$Division (LeaderStateImpl.java:addPendingRequest(474)) - s11@group-A82F1EDBF13F-LeaderStateImpl: addPendingRequest at RaftClientRequest:client-A5D49D9BF856->s11@group-A82F1EDBF13F, cid=5250, seq=0, RW, Message:01016202407e00000000...(size=12), entry=(t:1, i:51), STATEMACHINELOGENTRY, 5250@client-A5D49D9BF856
2023-03-07 04:41:11,684 DEBUG server.RaftServer$Division (RaftServerImpl.java:logAppendEntries(1429)) - s13@group-A82F1EDBF13F: receive appendEntries(s11, 1, (t:1, i:50), 50, true, commits:[s11:c50, s13:c49, s12:c49], cId:5251, entries: [(t:1, i:51), STATEMACHINELOGENTRY, 5250@client-A5D49D9BF856]
2023-03-07 04:41:11,684 DEBUG server.RaftServer$Division (RaftServerImpl.java:logAppendEntries(1429)) - s13@group-A82F1EDBF13F: succeeded to handle AppendEntries. Reply: s11<-s13#5251:OK-t1,SUCCESS,nextIndex=52,followerCommit=50,matchIndex=51
2023-03-07 04:41:11,684 DEBUG server.RaftServer$Division (RaftServerImpl.java:logAppendEntries(1429)) - s12@group-A82F1EDBF13F: receive appendEntries(s11, 1, (t:1, i:50), 50, true, commits:[s11:c50, s13:c49, s12:c49], cId:5252, entries: [(t:1, i:51), STATEMACHINELOGENTRY, 5250@client-A5D49D9BF856]
2023-03-07 04:41:11,684 DEBUG server.RaftServer$Division (RaftServerImpl.java:logAppendEntries(1429)) - s12@group-A82F1EDBF13F: succeeded to handle AppendEntries. Reply: s11<-s12#5252:OK-t1,SUCCESS,nextIndex=52,followerCommit=50,matchIndex=51
2023-03-07 04:41:11,686 INFO  statemachine.StateMachine (ArithmeticStateMachine.java:applyTransaction(182)) - LEADER:s11-51: b = 480 = 480
2023-03-07 04:41:11,686 DEBUG server.RaftServer$Division (RaftServerImpl.java:logAppendEntries(1429)) - s12@group-A82F1EDBF13F: receive appendEntries(s11, 1, (t:1, i:51), 51, true, commits:[s11:c51, s13:c50, s12:c50], cId:5253, entries: [(t:1, i:52), METADATAENTRY(c:51)]
2023-03-07 04:41:11,686 DEBUG server.RaftServer$Division (RaftServerImpl.java:logAppendEntries(1429)) - s13@group-A82F1EDBF13F: receive appendEntries(s11, 1, (t:1, i:51), 51, true, commits:[s11:c51, s13:c50, s12:c50], cId:5254, entries: [(t:1, i:52), METADATAENTRY(c:51)]
2023-03-07 04:41:11,687 DEBUG server.RaftServer$Division (RaftServerImpl.java:logAppendEntries(1429)) - s12@group-A82F1EDBF13F: succeeded to handle AppendEntries. Reply: s11<-s12#5253:OK-t1,SUCCESS,nextIndex=53,followerCommit=51,matchIndex=52
2023-03-07 04:41:11,687 DEBUG server.RaftServer$Division (RaftServerImpl.java:logAppendEntries(1429)) - s13@group-A82F1EDBF13F: succeeded to handle AppendEntries. Reply: s11<-s13#5254:OK-t1,SUCCESS,nextIndex=53,followerCommit=51,matchIndex=52
2023-03-07 04:41:11,688 DEBUG server.RaftServer$Division (RaftServerImpl.java:submitClientRequestAsync(832)) - s11@group-A82F1EDBF13F: receive client request(RaftClientRequest:client-A5D49D9BF856->s11@group-A82F1EDBF13F, cid=5255, seq=0, RW, Message:01016304010300040201...(size=17))
2023-03-07 04:41:11,688 DEBUG server.RaftServer$Division (LeaderStateImpl.java:addPendingRequest(474)) - s11@group-A82F1EDBF13F-LeaderStateImpl: addPendingRequest at RaftClientRequest:client-A5D49D9BF856->s11@group-A82F1EDBF13F, cid=5255, seq=0, RW, Message:01016304010300040201...(size=17), entry=(t:1, i:53), STATEMACHINELOGENTRY, 5255@client-A5D49D9BF856
2023-03-07 04:41:11,689 DEBUG server.RaftServer$Division (RaftServerImpl.java:logAppendEntries(1429)) - s13@group-A82F1EDBF13F: receive appendEntries(s11, 1, (t:1, i:52), 52, true, commits:[s11:c52, s13:c51, s12:c51], cId:5256, entries: [(t:1, i:53), STATEMACHINELOGENTRY, 5255@client-A5D49D9BF856]
2023-03-07 04:41:11,689 DEBUG server.RaftServer$Division (RaftServerImpl.java:logAppendEntries(1429)) - s13@group-A82F1EDBF13F: succeeded to handle AppendEntries. Reply: s11<-s13#5256:OK-t1,SUCCESS,nextIndex=54,followerCommit=52,matchIndex=53
2023-03-07 04:41:11,689 DEBUG server.RaftServer$Division (RaftServerImpl.java:logAppendEntries(1429)) - s12@group-A82F1EDBF13F: receive appendEntries(s11, 1, (t:1, i:52), 52, true, commits:[s11:c52, s13:c51, s12:c51], cId:5257, entries: [(t:1, i:53), STATEMACHINELOGENTRY, 5255@client-A5D49D9BF856]
2023-03-07 04:41:11,690 DEBUG server.RaftServer$Division (RaftServerImpl.java:logAppendEntries(1429)) - s12@group-A82F1EDBF13F: succeeded to handle AppendEntries. Reply: s11<-s12#5257:OK-t1,SUCCESS,nextIndex=54,followerCommit=52,matchIndex=53
2023-03-07 04:41:11,690 INFO  statemachine.StateMachine (ArithmeticStateMachine.java:applyTransaction(182)) - LEADER:s11-53: c = √(a^2 + b^2) = 481
2023-03-07 04:41:11,690 DEBUG server.RaftServer$Division (RaftServerImpl.java:logAppendEntries(1429)) - s12@group-A82F1EDBF13F: receive appendEntries(s11, 1, (t:1, i:53), 53, true, commits:[s11:c53, s13:c52, s12:c52], cId:5258, entries: [(t:1, i:54), METADATAENTRY(c:53)]
2023-03-07 04:41:11,691 DEBUG server.RaftServer$Division (RaftServerImpl.java:logAppendEntries(1429)) - s13@group-A82F1EDBF13F: receive appendEntries(s11, 1, (t:1, i:53), 53, true, commits:[s11:c53, s13:c52, s12:c52], cId:5259, entries: [(t:1, i:54), METADATAENTRY(c:53)]
2023-03-07 04:41:11,691 DEBUG server.RaftServer$Division (RaftServerImpl.java:logAppendEntries(1429)) - s13@group-A82F1EDBF13F: succeeded to handle AppendEntries. Reply: s11<-s13#5259:OK-t1,SUCCESS,nextIndex=55,followerCommit=53,matchIndex=54
2023-03-07 04:41:11,691 DEBUG server.RaftServer$Division (RaftServerImpl.java:logAppendEntries(1429)) - s12@group-A82F1EDBF13F: succeeded to handle AppendEntries. Reply: s11<-s12#5258:OK-t1,SUCCESS,nextIndex=55,followerCommit=53,matchIndex=54
2023-03-07 04:41:11,692 DEBUG server.RaftServer$Division (RaftServerImpl.java:submitClientRequestAsync(832)) - s11@group-A82F1EDBF13F: receive client request(RaftClientRequest:client-A5D49D9BF856->s11@group-A82F1EDBF13F, cid=5260, seq=0, RW, Message:01016100)
2023-03-07 04:41:11,692 DEBUG server.RaftServer$Division (LeaderStateImpl.java:addPendingRequest(474)) - s11@group-A82F1EDBF13F-LeaderStateImpl: addPendingRequest at RaftClientRequest:client-A5D49D9BF856->s11@group-A82F1EDBF13F, cid=5260, seq=0, RW, Message:01016100, entry=(t:1, i:55), STATEMACHINELOGENTRY, 5260@client-A5D49D9BF856
2023-03-07 04:41:11,693 DEBUG server.RaftServer$Division (RaftServerImpl.java:logAppendEntries(1429)) - s13@group-A82F1EDBF13F: receive appendEntries(s11, 1, (t:1, i:54), 54, true, commits:[s11:c54, s13:c53, s12:c53], cId:5261, entries: [(t:1, i:55), STATEMACHINELOGENTRY, 5260@client-A5D49D9BF856]
2023-03-07 04:41:11,693 DEBUG server.RaftServer$Division (RaftServerImpl.java:logAppendEntries(1429)) - s13@group-A82F1EDBF13F: succeeded to handle AppendEntries. Reply: s11<-s13#5261:OK-t1,SUCCESS,nextIndex=56,followerCommit=54,matchIndex=55
2023-03-07 04:41:11,693 DEBUG server.RaftServer$Division (RaftServerImpl.java:logAppendEntries(1429)) - s12@group-A82F1EDBF13F: receive appendEntries(s11, 1, (t:1, i:54), 54, true, commits:[s11:c54, s13:c53, s12:c53], cId:5262, entries: [(t:1, i:55), STATEMACHINELOGENTRY, 5260@client-A5D49D9BF856]
2023-03-07 04:41:11,694 INFO  statemachine.StateMachine (ArithmeticStateMachine.java:applyTransaction(182)) - LEADER:s11-55: a = null = null
2023-03-07 04:41:11,694 DEBUG server.RaftServer$Division (RaftServerImpl.java:logAppendEntries(1429)) - s12@group-A82F1EDBF13F: succeeded to handle AppendEntries. Reply: s11<-s12#5262:OK-t1,SUCCESS,nextIndex=56,followerCommit=54,matchIndex=55
2023-03-07 04:41:11,695 DEBUG server.RaftServer$Division (RaftServerImpl.java:logAppendEntries(1429)) - s12@group-A82F1EDBF13F: receive appendEntries(s11, 1, (t:1, i:55), 55, true, commits:[s11:c55, s13:c54, s12:c54], cId:5264, entries: [(t:1, i:56), METADATAENTRY(c:55)]
2023-03-07 04:41:11,695 DEBUG server.RaftServer$Division (RaftServerImpl.java:logAppendEntries(1429)) - s13@group-A82F1EDBF13F: receive appendEntries(s11, 1, (t:1, i:55), 55, true, commits:[s11:c55, s13:c54, s12:c53], cId:5263, entries: [(t:1, i:56), METADATAENTRY(c:55)]
2023-03-07 04:41:11,695 DEBUG server.RaftServer$Division (RaftServerImpl.java:logAppendEntries(1429)) - s13@group-A82F1EDBF13F: succeeded to handle AppendEntries. Reply: s11<-s13#5263:OK-t1,SUCCESS,nextIndex=57,followerCommit=55,matchIndex=56
2023-03-07 04:41:11,695 DEBUG server.RaftServer$Division (RaftServerImpl.java:logAppendEntries(1429)) - s12@group-A82F1EDBF13F: succeeded to handle AppendEntries. Reply: s11<-s12#5264:OK-t1,SUCCESS,nextIndex=57,followerCommit=55,matchIndex=56
2023-03-07 04:41:11,696 DEBUG server.RaftServer$Division (RaftServerImpl.java:submitClientRequestAsync(832)) - s11@group-A82F1EDBF13F: receive client request(RaftClientRequest:client-A5D49D9BF856->s11@group-A82F1EDBF13F, cid=5265, seq=0, RW, Message:01016200)
2023-03-07 04:41:11,697 DEBUG server.RaftServer$Division (LeaderStateImpl.java:addPendingRequest(474)) - s11@group-A82F1EDBF13F-LeaderStateImpl: addPendingRequest at RaftClientRequest:client-A5D49D9BF856->s11@group-A82F1EDBF13F, cid=5265, seq=0, RW, Message:01016200, entry=(t:1, i:57), STATEMACHINELOGENTRY, 5265@client-A5D49D9BF856
2023-03-07 04:41:11,697 DEBUG server.RaftServer$Division (RaftServerImpl.java:logAppendEntries(1429)) - s13@group-A82F1EDBF13F: receive appendEntries(s11, 1, (t:1, i:56), 56, true, commits:[s11:c56, s13:c55, s12:c55], cId:5266, entries: [(t:1, i:57), STATEMACHINELOGENTRY, 5265@client-A5D49D9BF856]
2023-03-07 04:41:11,697 DEBUG server.RaftServer$Division (RaftServerImpl.java:logAppendEntries(1429)) - s13@group-A82F1EDBF13F: succeeded to handle AppendEntries. Reply: s11<-s13#5266:OK-t1,SUCCESS,nextIndex=58,followerCommit=56,matchIndex=57
2023-03-07 04:41:11,698 DEBUG server.RaftServer$Division (RaftServerImpl.java:logAppendEntries(1429)) - s12@group-A82F1EDBF13F: receive appendEntries(s11, 1, (t:1, i:56), 56, true, commits:[s11:c56, s13:c55, s12:c55], cId:5267, entries: [(t:1, i:57), STATEMACHINELOGENTRY, 5265@client-A5D49D9BF856]
2023-03-07 04:41:11,698 INFO  statemachine.StateMachine (ArithmeticStateMachine.java:applyTransaction(182)) - LEADER:s11-57: b = null = null
2023-03-07 04:41:11,698 DEBUG server.RaftServer$Division (RaftServerImpl.java:logAppendEntries(1429)) - s12@group-A82F1EDBF13F: succeeded to handle AppendEntries. Reply: s11<-s12#5267:OK-t1,SUCCESS,nextIndex=58,followerCommit=56,matchIndex=57
2023-03-07 04:41:11,699 DEBUG server.RaftServer$Division (RaftServerImpl.java:logAppendEntries(1429)) - s12@group-A82F1EDBF13F: receive appendEntries(s11, 1, (t:1, i:57), 57, true, commits:[s11:c57, s13:c56, s12:c56], cId:5269, entries: [(t:1, i:58), METADATAENTRY(c:57)]
2023-03-07 04:41:11,699 DEBUG server.RaftServer$Division (RaftServerImpl.java:logAppendEntries(1429)) - s13@group-A82F1EDBF13F: receive appendEntries(s11, 1, (t:1, i:57), 57, true, commits:[s11:c57, s13:c56, s12:c55], cId:5268, entries: [(t:1, i:58), METADATAENTRY(c:57)]
2023-03-07 04:41:11,699 DEBUG server.RaftServer$Division (RaftServerImpl.java:logAppendEntries(1429)) - s13@group-A82F1EDBF13F: succeeded to handle AppendEntries. Reply: s11<-s13#5268:OK-t1,SUCCESS,nextIndex=59,followerCommit=57,matchIndex=58
2023-03-07 04:41:11,700 DEBUG server.RaftServer$Division (RaftServerImpl.java:logAppendEntries(1429)) - s12@group-A82F1EDBF13F: succeeded to handle AppendEntries. Reply: s11<-s12#5269:OK-t1,SUCCESS,nextIndex=59,followerCommit=57,matchIndex=58
2023-03-07 04:41:11,701 DEBUG server.RaftServer$Division (RaftServerImpl.java:submitClientRequestAsync(832)) - s11@group-A82F1EDBF13F: receive client request(RaftClientRequest:client-A5D49D9BF856->s11@group-A82F1EDBF13F, cid=5270, seq=0, RW, Message:01016300)
2023-03-07 04:41:11,701 DEBUG server.RaftServer$Division (LeaderStateImpl.java:addPendingRequest(474)) - s11@group-A82F1EDBF13F-LeaderStateImpl: addPendingRequest at RaftClientRequest:client-A5D49D9BF856->s11@group-A82F1EDBF13F, cid=5270, seq=0, RW, Message:01016300, entry=(t:1, i:59), STATEMACHINELOGENTRY, 5270@client-A5D49D9BF856
2023-03-07 04:41:11,702 DEBUG server.RaftServer$Division (RaftServerImpl.java:logAppendEntries(1429)) - s13@group-A82F1EDBF13F: receive appendEntries(s11, 1, (t:1, i:58), 58, true, commits:[s11:c58, s13:c57, s12:c57], cId:5271, entries: [(t:1, i:59), STATEMACHINELOGENTRY, 5270@client-A5D49D9BF856]
2023-03-07 04:41:11,703 DEBUG server.RaftServer$Division (RaftServerImpl.java:logAppendEntries(1429)) - s12@group-A82F1EDBF13F: receive appendEntries(s11, 1, (t:1, i:58), 58, true, commits:[s11:c58, s13:c57, s12:c57], cId:5276, entries: [(t:1, i:59), STATEMACHINELOGENTRY, 5270@client-A5D49D9BF856]
2023-03-07 04:41:11,703 DEBUG server.RaftServer$Division (RaftServerImpl.java:logAppendEntries(1429)) - s13@group-A82F1EDBF13F: succeeded to handle AppendEntries. Reply: s11<-s13#5271:OK-t1,SUCCESS,nextIndex=60,followerCommit=58,matchIndex=59
2023-03-07 04:41:11,703 INFO  statemachine.StateMachine (ArithmeticStateMachine.java:applyTransaction(182)) - LEADER:s11-59: c = null = null
2023-03-07 04:41:11,703 DEBUG server.RaftServer$Division (RaftServerImpl.java:logAppendEntries(1429)) - s12@group-A82F1EDBF13F: succeeded to handle AppendEntries. Reply: s11<-s12#5276:OK-t1,SUCCESS,nextIndex=60,followerCommit=58,matchIndex=59
2023-03-07 04:41:11,704 DEBUG server.RaftServer$Division (RaftServerImpl.java:logAppendEntries(1429)) - s12@group-A82F1EDBF13F: receive appendEntries(s11, 1, (t:1, i:59), 59, true, commits:[s11:c59, s13:c58, s12:c58], cId:5278, entries: [(t:1, i:60), METADATAENTRY(c:59)]
2023-03-07 04:41:11,704 DEBUG server.RaftServer$Division (RaftServerImpl.java:logAppendEntries(1429)) - s13@group-A82F1EDBF13F: receive appendEntries(s11, 1, (t:1, i:59), 59, true, commits:[s11:c59, s13:c58, s12:c57], cId:5277, entries: [(t:1, i:60), METADATAENTRY(c:59)]
2023-03-07 04:41:11,704 DEBUG server.RaftServer$Division (RaftServerImpl.java:logAppendEntries(1429)) - s12@group-A82F1EDBF13F: succeeded to handle AppendEntries. Reply: s11<-s12#5278:OK-t1,SUCCESS,nextIndex=61,followerCommit=59,matchIndex=60
2023-03-07 04:41:11,704 DEBUG server.RaftServer$Division (RaftServerImpl.java:logAppendEntries(1429)) - s13@group-A82F1EDBF13F: succeeded to handle AppendEntries. Reply: s11<-s13#5277:OK-t1,SUCCESS,nextIndex=61,followerCommit=59,matchIndex=60
2023-03-07 04:41:11,705 DEBUG server.RaftServer$Division (RaftServerImpl.java:submitClientRequestAsync(832)) - s11@group-A82F1EDBF13F: receive client request(RaftClientRequest:client-A5D49D9BF856->s11@group-A82F1EDBF13F, cid=5279, seq=0, RW, Message:01016102404080000000...(size=12))
2023-03-07 04:41:11,706 DEBUG server.RaftServer$Division (LeaderStateImpl.java:addPendingRequest(474)) - s11@group-A82F1EDBF13F-LeaderStateImpl: addPendingRequest at RaftClientRequest:client-A5D49D9BF856->s11@group-A82F1EDBF13F, cid=5279, seq=0, RW, Message:01016102404080000000...(size=12), entry=(t:1, i:61), STATEMACHINELOGENTRY, 5279@client-A5D49D9BF856
2023-03-07 04:41:11,706 DEBUG server.RaftServer$Division (RaftServerImpl.java:logAppendEntries(1429)) - s13@group-A82F1EDBF13F: receive appendEntries(s11, 1, (t:1, i:60), 60, true, commits:[s11:c60, s13:c59, s12:c59], cId:5280, entries: [(t:1, i:61), STATEMACHINELOGENTRY, 5279@client-A5D49D9BF856]
2023-03-07 04:41:11,707 DEBUG server.RaftServer$Division (RaftServerImpl.java:logAppendEntries(1429)) - s13@group-A82F1EDBF13F: succeeded to handle AppendEntries. Reply: s11<-s13#5280:OK-t1,SUCCESS,nextIndex=62,followerCommit=60,matchIndex=61
2023-03-07 04:41:11,707 DEBUG server.RaftServer$Division (RaftServerImpl.java:logAppendEntries(1429)) - s12@group-A82F1EDBF13F: receive appendEntries(s11, 1, (t:1, i:60), 60, true, commits:[s11:c60, s13:c59, s12:c59], cId:5281, entries: [(t:1, i:61), STATEMACHINELOGENTRY, 5279@client-A5D49D9BF856]
2023-03-07 04:41:11,707 INFO  statemachine.StateMachine (ArithmeticStateMachine.java:applyTransaction(182)) - LEADER:s11-61: a = 33 = 33
2023-03-07 04:41:11,707 DEBUG server.RaftServer$Division (RaftServerImpl.java:logAppendEntries(1429)) - s12@group-A82F1EDBF13F: succeeded to handle AppendEntries. Reply: s11<-s12#5281:OK-t1,SUCCESS,nextIndex=62,followerCommit=60,matchIndex=61
2023-03-07 04:41:11,708 DEBUG server.RaftServer$Division (RaftServerImpl.java:logAppendEntries(1429)) - s12@group-A82F1EDBF13F: receive appendEntries(s11, 1, (t:1, i:61), 61, true, commits:[s11:c61, s13:c60, s12:c60], cId:5283, entries: [(t:1, i:62), METADATAENTRY(c:61)]
2023-03-07 04:41:11,708 DEBUG server.RaftServer$Division (RaftServerImpl.java:logAppendEntries(1429)) - s13@group-A82F1EDBF13F: receive appendEntries(s11, 1, (t:1, i:61), 61, true, commits:[s11:c61, s13:c60, s12:c59], cId:5282, entries: [(t:1, i:62), METADATAENTRY(c:61)]
2023-03-07 04:41:11,708 DEBUG server.RaftServer$Division (RaftServerImpl.java:logAppendEntries(1429)) - s12@group-A82F1EDBF13F: succeeded to handle AppendEntries. Reply: s11<-s12#5283:OK-t1,SUCCESS,nextIndex=63,followerCommit=61,matchIndex=62
2023-03-07 04:41:11,709 DEBUG server.RaftServer$Division (RaftServerImpl.java:logAppendEntries(1429)) - s13@group-A82F1EDBF13F: succeeded to handle AppendEntries. Reply: s11<-s13#5282:OK-t1,SUCCESS,nextIndex=63,followerCommit=61,matchIndex=62
2023-03-07 04:41:11,710 DEBUG server.RaftServer$Division (RaftServerImpl.java:submitClientRequestAsync(832)) - s11@group-A82F1EDBF13F: receive client request(RaftClientRequest:client-A5D49D9BF856->s11@group-A82F1EDBF13F, cid=5284, seq=0, RW, Message:01016202408100000000...(size=12))
2023-03-07 04:41:11,710 DEBUG server.RaftServer$Division (LeaderStateImpl.java:addPendingRequest(474)) - s11@group-A82F1EDBF13F-LeaderStateImpl: addPendingRequest at RaftClientRequest:client-A5D49D9BF856->s11@group-A82F1EDBF13F, cid=5284, seq=0, RW, Message:01016202408100000000...(size=12), entry=(t:1, i:63), STATEMACHINELOGENTRY, 5284@client-A5D49D9BF856
2023-03-07 04:41:11,710 DEBUG server.RaftServer$Division (RaftServerImpl.java:logAppendEntries(1429)) - s13@group-A82F1EDBF13F: receive appendEntries(s11, 1, (t:1, i:62), 62, true, commits:[s11:c62, s13:c61, s12:c61], cId:5285, entries: [(t:1, i:63), STATEMACHINELOGENTRY, 5284@client-A5D49D9BF856]
2023-03-07 04:41:11,711 DEBUG server.RaftServer$Division (RaftServerImpl.java:logAppendEntries(1429)) - s13@group-A82F1EDBF13F: succeeded to handle AppendEntries. Reply: s11<-s13#5285:OK-t1,SUCCESS,nextIndex=64,followerCommit=62,matchIndex=63
2023-03-07 04:41:11,711 DEBUG server.RaftServer$Division (RaftServerImpl.java:logAppendEntries(1429)) - s12@group-A82F1EDBF13F: receive appendEntries(s11, 1, (t:1, i:62), 62, true, commits:[s11:c62, s13:c61, s12:c61], cId:5286, entries: [(t:1, i:63), STATEMACHINELOGENTRY, 5284@client-A5D49D9BF856]
2023-03-07 04:41:11,711 DEBUG server.RaftServer$Division (RaftServerImpl.java:logAppendEntries(1429)) - s12@group-A82F1EDBF13F: succeeded to handle AppendEntries. Reply: s11<-s12#5286:OK-t1,SUCCESS,nextIndex=64,followerCommit=62,matchIndex=63
2023-03-07 04:41:11,712 INFO  statemachine.StateMachine (ArithmeticStateMachine.java:applyTransaction(182)) - LEADER:s11-63: b = 544 = 544
2023-03-07 04:41:11,712 DEBUG server.RaftServer$Division (RaftServerImpl.java:logAppendEntries(1429)) - s12@group-A82F1EDBF13F: receive appendEntries(s11, 1, (t:1, i:63), 63, true, commits:[s11:c63, s13:c62, s12:c62], cId:5287, entries: [(t:1, i:64), METADATAENTRY(c:63)]
2023-03-07 04:41:11,712 DEBUG server.RaftServer$Division (RaftServerImpl.java:logAppendEntries(1429)) - s13@group-A82F1EDBF13F: receive appendEntries(s11, 1, (t:1, i:63), 63, true, commits:[s11:c63, s13:c62, s12:c62], cId:5288, entries: [(t:1, i:64), METADATAENTRY(c:63)]
2023-03-07 04:41:11,713 DEBUG server.RaftServer$Division (RaftServerImpl.java:logAppendEntries(1429)) - s12@group-A82F1EDBF13F: succeeded to handle AppendEntries. Reply: s11<-s12#5287:OK-t1,SUCCESS,nextIndex=65,followerCommit=63,matchIndex=64
2023-03-07 04:41:11,713 DEBUG server.RaftServer$Division (RaftServerImpl.java:logAppendEntries(1429)) - s13@group-A82F1EDBF13F: succeeded to handle AppendEntries. Reply: s11<-s13#5288:OK-t1,SUCCESS,nextIndex=65,followerCommit=63,matchIndex=64
2023-03-07 04:41:11,714 DEBUG server.RaftServer$Division (RaftServerImpl.java:submitClientRequestAsync(832)) - s11@group-A82F1EDBF13F: receive client request(RaftClientRequest:client-A5D49D9BF856->s11@group-A82F1EDBF13F, cid=5289, seq=0, RW, Message:01016304010300040201...(size=17))
2023-03-07 04:41:11,714 DEBUG server.RaftServer$Division (LeaderStateImpl.java:addPendingRequest(474)) - s11@group-A82F1EDBF13F-LeaderStateImpl: addPendingRequest at RaftClientRequest:client-A5D49D9BF856->s11@group-A82F1EDBF13F, cid=5289, seq=0, RW, Message:01016304010300040201...(size=17), entry=(t:1, i:65), STATEMACHINELOGENTRY, 5289@client-A5D49D9BF856
2023-03-07 04:41:11,715 DEBUG server.RaftServer$Division (RaftServerImpl.java:logAppendEntries(1429)) - s13@group-A82F1EDBF13F: receive appendEntries(s11, 1, (t:1, i:64), 63, true, commits:[s11:c63, s13:c63, s12:c63], cId:5290, entries: [(t:1, i:65), STATEMACHINELOGENTRY, 5289@client-A5D49D9BF856]
2023-03-07 04:41:11,715 DEBUG server.RaftServer$Division (RaftServerImpl.java:logAppendEntries(1429)) - s13@group-A82F1EDBF13F: succeeded to handle AppendEntries. Reply: s11<-s13#5290:OK-t1,SUCCESS,nextIndex=66,followerCommit=63,matchIndex=65
2023-03-07 04:41:11,715 DEBUG server.RaftServer$Division (RaftServerImpl.java:logAppendEntries(1429)) - s12@group-A82F1EDBF13F: receive appendEntries(s11, 1, (t:1, i:64), 63, true, commits:[s11:c63, s13:c63, s12:c63], cId:5291, entries: [(t:1, i:65), STATEMACHINELOGENTRY, 5289@client-A5D49D9BF856]
2023-03-07 04:41:11,715 DEBUG server.RaftServer$Division (RaftServerImpl.java:logAppendEntries(1429)) - s12@group-A82F1EDBF13F: succeeded to handle AppendEntries. Reply: s11<-s12#5291:OK-t1,SUCCESS,nextIndex=66,followerCommit=63,matchIndex=65
2023-03-07 04:41:11,720 INFO  statemachine.StateMachine (ArithmeticStateMachine.java:applyTransaction(182)) - LEADER:s11-65: c = √(a^2 + b^2) = 545
2023-03-07 04:41:11,720 DEBUG server.RaftServer$Division (RaftServerImpl.java:logAppendEntries(1429)) - s12@group-A82F1EDBF13F: receive appendEntries(s11, 1, (t:1, i:65), 65, true, commits:[s11:c65, s13:c63, s12:c63], cId:5293, entries: [(t:1, i:66), METADATAENTRY(c:65)]
2023-03-07 04:41:11,721 DEBUG server.RaftServer$Division (RaftServerImpl.java:logAppendEntries(1429)) - s13@group-A82F1EDBF13F: receive appendEntries(s11, 1, (t:1, i:65), 65, true, commits:[s11:c65, s13:c63, s12:c63], cId:5292, entries: [(t:1, i:66), METADATAENTRY(c:65)]
2023-03-07 04:41:11,721 DEBUG server.RaftServer$Division (RaftServerImpl.java:logAppendEntries(1429)) - s12@group-A82F1EDBF13F: succeeded to handle AppendEntries. Reply: s11<-s12#5293:OK-t1,SUCCESS,nextIndex=67,followerCommit=65,matchIndex=66
2023-03-07 04:41:11,721 DEBUG server.RaftServer$Division (RaftServerImpl.java:logAppendEntries(1429)) - s13@group-A82F1EDBF13F: succeeded to handle AppendEntries. Reply: s11<-s13#5292:OK-t1,SUCCESS,nextIndex=67,followerCommit=65,matchIndex=66
2023-03-07 04:41:11,722 DEBUG server.RaftServer$Division (RaftServerImpl.java:submitClientRequestAsync(832)) - s11@group-A82F1EDBF13F: receive client request(RaftClientRequest:client-A5D49D9BF856->s11@group-A82F1EDBF13F, cid=5294, seq=0, RW, Message:01016100)
2023-03-07 04:41:11,722 DEBUG server.RaftServer$Division (LeaderStateImpl.java:addPendingRequest(474)) - s11@group-A82F1EDBF13F-LeaderStateImpl: addPendingRequest at RaftClientRequest:client-A5D49D9BF856->s11@group-A82F1EDBF13F, cid=5294, seq=0, RW, Message:01016100, entry=(t:1, i:67), STATEMACHINELOGENTRY, 5294@client-A5D49D9BF856
2023-03-07 04:41:11,723 DEBUG server.RaftServer$Division (RaftServerImpl.java:logAppendEntries(1429)) - s13@group-A82F1EDBF13F: receive appendEntries(s11, 1, (t:1, i:66), 66, true, commits:[s11:c66, s13:c65, s12:c65], cId:5295, entries: [(t:1, i:67), STATEMACHINELOGENTRY, 5294@client-A5D49D9BF856]
2023-03-07 04:41:11,723 DEBUG server.RaftServer$Division (RaftServerImpl.java:logAppendEntries(1429)) - s13@group-A82F1EDBF13F: succeeded to handle AppendEntries. Reply: s11<-s13#5295:OK-t1,SUCCESS,nextIndex=68,followerCommit=66,matchIndex=67
2023-03-07 04:41:11,723 DEBUG server.RaftServer$Division (RaftServerImpl.java:logAppendEntries(1429)) - s12@group-A82F1EDBF13F: receive appendEntries(s11, 1, (t:1, i:66), 66, true, commits:[s11:c66, s13:c65, s12:c65], cId:5296, entries: [(t:1, i:67), STATEMACHINELOGENTRY, 5294@client-A5D49D9BF856]
2023-03-07 04:41:11,724 DEBUG server.RaftServer$Division (RaftServerImpl.java:logAppendEntries(1429)) - s12@group-A82F1EDBF13F: succeeded to handle AppendEntries. Reply: s11<-s12#5296:OK-t1,SUCCESS,nextIndex=68,followerCommit=66,matchIndex=67
2023-03-07 04:41:11,724 INFO  statemachine.StateMachine (ArithmeticStateMachine.java:applyTransaction(182)) - LEADER:s11-67: a = null = null
2023-03-07 04:41:11,724 DEBUG server.RaftServer$Division (RaftServerImpl.java:logAppendEntries(1429)) - s13@group-A82F1EDBF13F: receive appendEntries(s11, 1, (t:1, i:67), 67, true, commits:[s11:c67, s13:c66, s12:c66], cId:5298, entries: [(t:1, i:68), METADATAENTRY(c:67)]
2023-03-07 04:41:11,725 DEBUG server.RaftServer$Division (RaftServerImpl.java:logAppendEntries(1429)) - s12@group-A82F1EDBF13F: receive appendEntries(s11, 1, (t:1, i:67), 67, true, commits:[s11:c67, s13:c66, s12:c66], cId:5297, entries: [(t:1, i:68), METADATAENTRY(c:67)]
2023-03-07 04:41:11,725 DEBUG server.RaftServer$Division (RaftServerImpl.java:logAppendEntries(1429)) - s12@group-A82F1EDBF13F: succeeded to handle AppendEntries. Reply: s11<-s12#5297:OK-t1,SUCCESS,nextIndex=69,followerCommit=67,matchIndex=68
2023-03-07 04:41:11,725 DEBUG server.RaftServer$Division (RaftServerImpl.java:logAppendEntries(1429)) - s13@group-A82F1EDBF13F: succeeded to handle AppendEntries. Reply: s11<-s13#5298:OK-t1,SUCCESS,nextIndex=69,followerCommit=67,matchIndex=68
2023-03-07 04:41:11,726 DEBUG server.RaftServer$Division (RaftServerImpl.java:submitClientRequestAsync(832)) - s11@group-A82F1EDBF13F: receive client request(RaftClientRequest:client-A5D49D9BF856->s11@group-A82F1EDBF13F, cid=5299, seq=0, RW, Message:01016200)
2023-03-07 04:41:11,726 DEBUG server.RaftServer$Division (LeaderStateImpl.java:addPendingRequest(474)) - s11@group-A82F1EDBF13F-LeaderStateImpl: addPendingRequest at RaftClientRequest:client-A5D49D9BF856->s11@group-A82F1EDBF13F, cid=5299, seq=0, RW, Message:01016200, entry=(t:1, i:69), STATEMACHINELOGENTRY, 5299@client-A5D49D9BF856
2023-03-07 04:41:11,727 DEBUG server.RaftServer$Division (RaftServerImpl.java:logAppendEntries(1429)) - s13@group-A82F1EDBF13F: receive appendEntries(s11, 1, (t:1, i:68), 68, true, commits:[s11:c68, s13:c67, s12:c67], cId:5300, entries: [(t:1, i:69), STATEMACHINELOGENTRY, 5299@client-A5D49D9BF856]
2023-03-07 04:41:11,727 DEBUG server.RaftServer$Division (RaftServerImpl.java:logAppendEntries(1429)) - s13@group-A82F1EDBF13F: succeeded to handle AppendEntries. Reply: s11<-s13#5300:OK-t1,SUCCESS,nextIndex=70,followerCommit=68,matchIndex=69
2023-03-07 04:41:11,727 DEBUG server.RaftServer$Division (RaftServerImpl.java:logAppendEntries(1429)) - s12@group-A82F1EDBF13F: receive appendEntries(s11, 1, (t:1, i:68), 68, true, commits:[s11:c68, s13:c67, s12:c67], cId:5301, entries: [(t:1, i:69), STATEMACHINELOGENTRY, 5299@client-A5D49D9BF856]
2023-03-07 04:41:11,728 DEBUG server.RaftServer$Division (RaftServerImpl.java:logAppendEntries(1429)) - s12@group-A82F1EDBF13F: succeeded to handle AppendEntries. Reply: s11<-s12#5301:OK-t1,SUCCESS,nextIndex=70,followerCommit=68,matchIndex=69
2023-03-07 04:41:11,728 INFO  statemachine.StateMachine (ArithmeticStateMachine.java:applyTransaction(182)) - LEADER:s11-69: b = null = null
2023-03-07 04:41:11,729 DEBUG server.RaftServer$Division (RaftServerImpl.java:logAppendEntries(1429)) - s12@group-A82F1EDBF13F: receive appendEntries(s11, 1, (t:1, i:69), 69, true, commits:[s11:c69, s13:c68, s12:c68], cId:5302, entries: [(t:1, i:70), METADATAENTRY(c:69)]
2023-03-07 04:41:11,729 DEBUG server.RaftServer$Division (RaftServerImpl.java:logAppendEntries(1429)) - s13@group-A82F1EDBF13F: receive appendEntries(s11, 1, (t:1, i:69), 69, true, commits:[s11:c69, s13:c68, s12:c68], cId:5303, entries: [(t:1, i:70), METADATAENTRY(c:69)]
2023-03-07 04:41:11,729 DEBUG server.RaftServer$Division (RaftServerImpl.java:logAppendEntries(1429)) - s12@group-A82F1EDBF13F: succeeded to handle AppendEntries. Reply: s11<-s12#5302:OK-t1,SUCCESS,nextIndex=71,followerCommit=69,matchIndex=70
2023-03-07 04:41:11,729 DEBUG server.RaftServer$Division (RaftServerImpl.java:logAppendEntries(1429)) - s13@group-A82F1EDBF13F: succeeded to handle AppendEntries. Reply: s11<-s13#5303:OK-t1,SUCCESS,nextIndex=71,followerCommit=69,matchIndex=70
2023-03-07 04:41:11,730 DEBUG server.RaftServer$Division (RaftServerImpl.java:submitClientRequestAsync(832)) - s11@group-A82F1EDBF13F: receive client request(RaftClientRequest:client-A5D49D9BF856->s11@group-A82F1EDBF13F, cid=5304, seq=0, RW, Message:01016300)
2023-03-07 04:41:11,730 DEBUG server.RaftServer$Division (LeaderStateImpl.java:addPendingRequest(474)) - s11@group-A82F1EDBF13F-LeaderStateImpl: addPendingRequest at RaftClientRequest:client-A5D49D9BF856->s11@group-A82F1EDBF13F, cid=5304, seq=0, RW, Message:01016300, entry=(t:1, i:71), STATEMACHINELOGENTRY, 5304@client-A5D49D9BF856
2023-03-07 04:41:11,731 DEBUG server.RaftServer$Division (RaftServerImpl.java:logAppendEntries(1429)) - s13@group-A82F1EDBF13F: receive appendEntries(s11, 1, (t:1, i:70), 69, true, commits:[s11:c69, s13:c69, s12:c69], cId:5305, entries: [(t:1, i:71), STATEMACHINELOGENTRY, 5304@client-A5D49D9BF856]
2023-03-07 04:41:11,731 DEBUG server.RaftServer$Division (RaftServerImpl.java:logAppendEntries(1429)) - s12@group-A82F1EDBF13F: receive appendEntries(s11, 1, (t:1, i:70), 69, true, commits:[s11:c69, s13:c69, s12:c69], cId:5306, entries: [(t:1, i:71), STATEMACHINELOGENTRY, 5304@client-A5D49D9BF856]
2023-03-07 04:41:11,732 DEBUG server.RaftServer$Division (RaftServerImpl.java:logAppendEntries(1429)) - s13@group-A82F1EDBF13F: succeeded to handle AppendEntries. Reply: s11<-s13#5305:OK-t1,SUCCESS,nextIndex=72,followerCommit=69,matchIndex=71
2023-03-07 04:41:11,732 DEBUG server.RaftServer$Division (RaftServerImpl.java:logAppendEntries(1429)) - s12@group-A82F1EDBF13F: succeeded to handle AppendEntries. Reply: s11<-s12#5306:OK-t1,SUCCESS,nextIndex=72,followerCommit=69,matchIndex=71
2023-03-07 04:41:11,732 INFO  statemachine.StateMachine (ArithmeticStateMachine.java:applyTransaction(182)) - LEADER:s11-71: c = null = null
2023-03-07 04:41:11,733 DEBUG server.RaftServer$Division (RaftServerImpl.java:logAppendEntries(1429)) - s13@group-A82F1EDBF13F: receive appendEntries(s11, 1, (t:1, i:71), 71, true, commits:[s11:c71, s13:c69, s12:c69], cId:5307, entries: [(t:1, i:72), METADATAENTRY(c:71)]
2023-03-07 04:41:11,733 DEBUG server.RaftServer$Division (RaftServerImpl.java:logAppendEntries(1429)) - s12@group-A82F1EDBF13F: receive appendEntries(s11, 1, (t:1, i:71), 71, true, commits:[s11:c71, s13:c69, s12:c69], cId:5308, entries: [(t:1, i:72), METADATAENTRY(c:71)]
2023-03-07 04:41:11,733 DEBUG server.RaftServer$Division (RaftServerImpl.java:logAppendEntries(1429)) - s13@group-A82F1EDBF13F: succeeded to handle AppendEntries. Reply: s11<-s13#5307:OK-t1,SUCCESS,nextIndex=73,followerCommit=71,matchIndex=72
2023-03-07 04:41:11,733 DEBUG server.RaftServer$Division (RaftServerImpl.java:logAppendEntries(1429)) - s12@group-A82F1EDBF13F: succeeded to handle AppendEntries. Reply: s11<-s12#5308:OK-t1,SUCCESS,nextIndex=73,followerCommit=71,matchIndex=72
2023-03-07 04:41:11,734 DEBUG server.RaftServer$Division (RaftServerImpl.java:submitClientRequestAsync(832)) - s11@group-A82F1EDBF13F: receive client request(RaftClientRequest:client-A5D49D9BF856->s11@group-A82F1EDBF13F, cid=5309, seq=0, RW, Message:01016102404180000000...(size=12))
2023-03-07 04:41:11,734 DEBUG server.RaftServer$Division (LeaderStateImpl.java:addPendingRequest(474)) - s11@group-A82F1EDBF13F-LeaderStateImpl: addPendingRequest at RaftClientRequest:client-A5D49D9BF856->s11@group-A82F1EDBF13F, cid=5309, seq=0, RW, Message:01016102404180000000...(size=12), entry=(t:1, i:73), STATEMACHINELOGENTRY, 5309@client-A5D49D9BF856
2023-03-07 04:41:11,735 DEBUG server.RaftServer$Division (RaftServerImpl.java:logAppendEntries(1429)) - s13@group-A82F1EDBF13F: receive appendEntries(s11, 1, (t:1, i:72), 72, true, commits:[s11:c72, s13:c71, s12:c71], cId:5310, entries: [(t:1, i:73), STATEMACHINELOGENTRY, 5309@client-A5D49D9BF856]
2023-03-07 04:41:11,735 DEBUG server.RaftServer$Division (RaftServerImpl.java:logAppendEntries(1429)) - s13@group-A82F1EDBF13F: succeeded to handle AppendEntries. Reply: s11<-s13#5310:OK-t1,SUCCESS,nextIndex=74,followerCommit=72,matchIndex=73
2023-03-07 04:41:11,736 INFO  statemachine.StateMachine (ArithmeticStateMachine.java:applyTransaction(182)) - LEADER:s11-73: a = 35 = 35
2023-03-07 04:41:11,736 DEBUG server.RaftServer$Division (RaftServerImpl.java:submitClientRequestAsync(832)) - s11@group-A82F1EDBF13F: receive client request(RaftClientRequest:client-A5D49D9BF856->s11@group-A82F1EDBF13F, cid=5313, seq=0, RW, Message:01016202408320000000...(size=12))
2023-03-07 04:41:11,737 DEBUG server.RaftServer$Division (LeaderStateImpl.java:addPendingRequest(474)) - s11@group-A82F1EDBF13F-LeaderStateImpl: addPendingRequest at RaftClientRequest:client-A5D49D9BF856->s11@group-A82F1EDBF13F, cid=5313, seq=0, RW, Message:01016202408320000000...(size=12), entry=(t:1, i:75), STATEMACHINELOGENTRY, 5313@client-A5D49D9BF856
2023-03-07 04:41:11,737 DEBUG server.RaftServer$Division (RaftServerImpl.java:logAppendEntries(1429)) - s13@group-A82F1EDBF13F: receive appendEntries(s11, 1, (t:1, i:73), 73, true, commits:[s11:c73, s13:c72, s12:c71], cId:5312, entries: [(t:1, i:74), METADATAENTRY(c:73)]
2023-03-07 04:41:11,737 DEBUG server.RaftServer$Division (RaftServerImpl.java:logAppendEntries(1429)) - s12@group-A82F1EDBF13F: receive appendEntries(s11, 1, (t:1, i:72), 72, true, commits:[s11:c72, s13:c71, s12:c71], cId:5311, entries: [(t:1, i:73), STATEMACHINELOGENTRY, 5309@client-A5D49D9BF856]
2023-03-07 04:41:11,737 DEBUG server.RaftServer$Division (RaftServerImpl.java:logAppendEntries(1429)) - s13@group-A82F1EDBF13F: succeeded to handle AppendEntries. Reply: s11<-s13#5312:OK-t1,SUCCESS,nextIndex=75,followerCommit=73,matchIndex=74
2023-03-07 04:41:11,738 DEBUG server.RaftServer$Division (RaftServerImpl.java:logAppendEntries(1429)) - s12@group-A82F1EDBF13F: succeeded to handle AppendEntries. Reply: s11<-s12#5311:OK-t1,SUCCESS,nextIndex=74,followerCommit=72,matchIndex=73
2023-03-07 04:41:11,739 DEBUG server.RaftServer$Division (RaftServerImpl.java:logAppendEntries(1429)) - s13@group-A82F1EDBF13F: receive appendEntries(s11, 1, (t:1, i:74), 73, true, commits:[s11:c73, s13:c73, s12:c71], cId:5314, entries: [(t:1, i:75), STATEMACHINELOGENTRY, 5313@client-A5D49D9BF856]
2023-03-07 04:41:11,739 DEBUG server.RaftServer$Division (RaftServerImpl.java:logAppendEntries(1429)) - s12@group-A82F1EDBF13F: receive appendEntries(s11, 1, (t:1, i:73), 74, true, commits:[s11:c74, s13:c73, s12:c72], cId:5315, entries: [(t:1, i:74), METADATAENTRY(c:73), (t:1, i:75), STATEMACHINELOGENTRY, 5313@client-A5D49D9BF856]
2023-03-07 04:41:11,739 DEBUG server.RaftServer$Division (RaftServerImpl.java:logAppendEntries(1429)) - s13@group-A82F1EDBF13F: succeeded to handle AppendEntries. Reply: s11<-s13#5314:OK-t1,SUCCESS,nextIndex=76,followerCommit=73,matchIndex=75
2023-03-07 04:41:11,739 INFO  statemachine.StateMachine (ArithmeticStateMachine.java:applyTransaction(182)) - LEADER:s11-75: b = 612 = 612
2023-03-07 04:41:11,740 DEBUG server.RaftServer$Division (RaftServerImpl.java:logAppendEntries(1429)) - s12@group-A82F1EDBF13F: succeeded to handle AppendEntries. Reply: s11<-s12#5315:OK-t1,SUCCESS,nextIndex=76,followerCommit=74,matchIndex=75
2023-03-07 04:41:11,740 DEBUG server.RaftServer$Division (RaftServerImpl.java:logAppendEntries(1429)) - s13@group-A82F1EDBF13F: receive appendEntries(s11, 1, (t:1, i:75), 75, true, commits:[s11:c75, s13:c73, s12:c72], cId:5316, entries: [(t:1, i:76), METADATAENTRY(c:75)]
2023-03-07 04:41:11,740 DEBUG server.RaftServer$Division (RaftServerImpl.java:logAppendEntries(1429)) - s12@group-A82F1EDBF13F: receive appendEntries(s11, 1, (t:1, i:75), 75, true, commits:[s11:c75, s13:c73, s12:c74], cId:5317, entries: [(t:1, i:76), METADATAENTRY(c:75)]
2023-03-07 04:41:11,740 DEBUG server.RaftServer$Division (RaftServerImpl.java:logAppendEntries(1429)) - s12@group-A82F1EDBF13F: succeeded to handle AppendEntries. Reply: s11<-s12#5317:OK-t1,SUCCESS,nextIndex=77,followerCommit=75,matchIndex=76
2023-03-07 04:41:11,741 DEBUG server.RaftServer$Division (RaftServerImpl.java:logAppendEntries(1429)) - s13@group-A82F1EDBF13F: succeeded to handle AppendEntries. Reply: s11<-s13#5316:OK-t1,SUCCESS,nextIndex=77,followerCommit=75,matchIndex=76
2023-03-07 04:41:11,745 DEBUG server.RaftServer$Division (RaftServerImpl.java:submitClientRequestAsync(832)) - s11@group-A82F1EDBF13F: receive client request(RaftClientRequest:client-A5D49D9BF856->s11@group-A82F1EDBF13F, cid=5318, seq=0, RW, Message:01016304010300040201...(size=17))
2023-03-07 04:41:11,745 DEBUG server.RaftServer$Division (LeaderStateImpl.java:addPendingRequest(474)) - s11@group-A82F1EDBF13F-LeaderStateImpl: addPendingRequest at RaftClientRequest:client-A5D49D9BF856->s11@group-A82F1EDBF13F, cid=5318, seq=0, RW, Message:01016304010300040201...(size=17), entry=(t:1, i:77), STATEMACHINELOGENTRY, 5318@client-A5D49D9BF856
2023-03-07 04:41:11,745 DEBUG server.RaftServer$Division (RaftServerImpl.java:logAppendEntries(1429)) - s13@group-A82F1EDBF13F: receive appendEntries(s11, 1, (t:1, i:76), 76, true, commits:[s11:c76, s13:c75, s12:c75], cId:5319, entries: [(t:1, i:77), STATEMACHINELOGENTRY, 5318@client-A5D49D9BF856]
2023-03-07 04:41:11,746 DEBUG server.RaftServer$Division (RaftServerImpl.java:logAppendEntries(1429)) - s13@group-A82F1EDBF13F: succeeded to handle AppendEntries. Reply: s11<-s13#5319:OK-t1,SUCCESS,nextIndex=78,followerCommit=76,matchIndex=77
2023-03-07 04:41:11,746 DEBUG server.RaftServer$Division (RaftServerImpl.java:logAppendEntries(1429)) - s12@group-A82F1EDBF13F: receive appendEntries(s11, 1, (t:1, i:76), 76, true, commits:[s11:c76, s13:c75, s12:c75], cId:5320, entries: [(t:1, i:77), STATEMACHINELOGENTRY, 5318@client-A5D49D9BF856]
2023-03-07 04:41:11,746 INFO  statemachine.StateMachine (ArithmeticStateMachine.java:applyTransaction(182)) - LEADER:s11-77: c = √(a^2 + b^2) = 613
2023-03-07 04:41:11,747 DEBUG server.RaftServer$Division (RaftServerImpl.java:logAppendEntries(1429)) - s12@group-A82F1EDBF13F: succeeded to handle AppendEntries. Reply: s11<-s12#5320:OK-t1,SUCCESS,nextIndex=78,followerCommit=76,matchIndex=77
2023-03-07 04:41:11,747 DEBUG server.RaftServer$Division (RaftServerImpl.java:logAppendEntries(1429)) - s13@group-A82F1EDBF13F: receive appendEntries(s11, 1, (t:1, i:77), 77, true, commits:[s11:c77, s13:c76, s12:c75], cId:5321, entries: [(t:1, i:78), METADATAENTRY(c:77)]
2023-03-07 04:41:11,747 DEBUG server.RaftServer$Division (RaftServerImpl.java:logAppendEntries(1429)) - s12@group-A82F1EDBF13F: receive appendEntries(s11, 1, (t:1, i:77), 77, true, commits:[s11:c77, s13:c76, s12:c76], cId:5322, entries: [(t:1, i:78), METADATAENTRY(c:77)]
2023-03-07 04:41:11,748 DEBUG server.RaftServer$Division (RaftServerImpl.java:logAppendEntries(1429)) - s13@group-A82F1EDBF13F: succeeded to handle AppendEntries. Reply: s11<-s13#5321:OK-t1,SUCCESS,nextIndex=79,followerCommit=77,matchIndex=78
2023-03-07 04:41:11,748 DEBUG server.RaftServer$Division (RaftServerImpl.java:logAppendEntries(1429)) - s12@group-A82F1EDBF13F: succeeded to handle AppendEntries. Reply: s11<-s12#5322:OK-t1,SUCCESS,nextIndex=79,followerCommit=77,matchIndex=78
2023-03-07 04:41:11,748 DEBUG server.RaftServer$Division (RaftServerImpl.java:submitClientRequestAsync(832)) - s11@group-A82F1EDBF13F: receive client request(RaftClientRequest:client-A5D49D9BF856->s11@group-A82F1EDBF13F, cid=5323, seq=0, RW, Message:01016100)
2023-03-07 04:41:11,748 DEBUG server.RaftServer$Division (LeaderStateImpl.java:addPendingRequest(474)) - s11@group-A82F1EDBF13F-LeaderStateImpl: addPendingRequest at RaftClientRequest:client-A5D49D9BF856->s11@group-A82F1EDBF13F, cid=5323, seq=0, RW, Message:01016100, entry=(t:1, i:79), STATEMACHINELOGENTRY, 5323@client-A5D49D9BF856
2023-03-07 04:41:11,749 DEBUG server.RaftServer$Division (RaftServerImpl.java:logAppendEntries(1429)) - s13@group-A82F1EDBF13F: receive appendEntries(s11, 1, (t:1, i:78), 78, true, commits:[s11:c78, s13:c77, s12:c77], cId:5324, entries: [(t:1, i:79), STATEMACHINELOGENTRY, 5323@client-A5D49D9BF856]
2023-03-07 04:41:11,749 DEBUG server.RaftServer$Division (RaftServerImpl.java:logAppendEntries(1429)) - s12@group-A82F1EDBF13F: receive appendEntries(s11, 1, (t:1, i:78), 78, true, commits:[s11:c78, s13:c77, s12:c77], cId:5325, entries: [(t:1, i:79), STATEMACHINELOGENTRY, 5323@client-A5D49D9BF856]
2023-03-07 04:41:11,749 DEBUG server.RaftServer$Division (RaftServerImpl.java:logAppendEntries(1429)) - s13@group-A82F1EDBF13F: succeeded to handle AppendEntries. Reply: s11<-s13#5324:OK-t1,SUCCESS,nextIndex=80,followerCommit=78,matchIndex=79
2023-03-07 04:41:11,750 DEBUG server.RaftServer$Division (RaftServerImpl.java:logAppendEntries(1429)) - s12@group-A82F1EDBF13F: succeeded to handle AppendEntries. Reply: s11<-s12#5325:OK-t1,SUCCESS,nextIndex=80,followerCommit=78,matchIndex=79
2023-03-07 04:41:11,750 INFO  statemachine.StateMachine (ArithmeticStateMachine.java:applyTransaction(182)) - LEADER:s11-79: a = null = null
2023-03-07 04:41:11,750 DEBUG server.RaftServer$Division (RaftServerImpl.java:logAppendEntries(1429)) - s13@group-A82F1EDBF13F: receive appendEntries(s11, 1, (t:1, i:79), 79, true, commits:[s11:c79, s13:c78, s12:c77], cId:5326, entries: [(t:1, i:80), METADATAENTRY(c:79)]
2023-03-07 04:41:11,750 DEBUG server.RaftServer$Division (RaftServerImpl.java:logAppendEntries(1429)) - s12@group-A82F1EDBF13F: receive appendEntries(s11, 1, (t:1, i:79), 79, true, commits:[s11:c79, s13:c78, s12:c78], cId:5327, entries: [(t:1, i:80), METADATAENTRY(c:79)]
2023-03-07 04:41:11,751 DEBUG server.RaftServer$Division (RaftServerImpl.java:logAppendEntries(1429)) - s13@group-A82F1EDBF13F: succeeded to handle AppendEntries. Reply: s11<-s13#5326:OK-t1,SUCCESS,nextIndex=81,followerCommit=79,matchIndex=80
2023-03-07 04:41:11,751 DEBUG server.RaftServer$Division (RaftServerImpl.java:logAppendEntries(1429)) - s12@group-A82F1EDBF13F: succeeded to handle AppendEntries. Reply: s11<-s12#5327:OK-t1,SUCCESS,nextIndex=81,followerCommit=79,matchIndex=80
2023-03-07 04:41:11,756 DEBUG server.RaftServer$Division (RaftServerImpl.java:submitClientRequestAsync(832)) - s11@group-A82F1EDBF13F: receive client request(RaftClientRequest:client-A5D49D9BF856->s11@group-A82F1EDBF13F, cid=5328, seq=0, RW, Message:01016200)
2023-03-07 04:41:11,756 DEBUG server.RaftServer$Division (LeaderStateImpl.java:addPendingRequest(474)) - s11@group-A82F1EDBF13F-LeaderStateImpl: addPendingRequest at RaftClientRequest:client-A5D49D9BF856->s11@group-A82F1EDBF13F, cid=5328, seq=0, RW, Message:01016200, entry=(t:1, i:81), STATEMACHINELOGENTRY, 5328@client-A5D49D9BF856
2023-03-07 04:41:11,757 DEBUG server.RaftServer$Division (RaftServerImpl.java:logAppendEntries(1429)) - s12@group-A82F1EDBF13F: receive appendEntries(s11, 1, (t:1, i:80), 80, true, commits:[s11:c80, s13:c79, s12:c79], cId:5330, entries: [(t:1, i:81), STATEMACHINELOGENTRY, 5328@client-A5D49D9BF856]
2023-03-07 04:41:11,757 DEBUG server.RaftServer$Division (RaftServerImpl.java:logAppendEntries(1429)) - s13@group-A82F1EDBF13F: receive appendEntries(s11, 1, (t:1, i:80), 80, true, commits:[s11:c80, s13:c79, s12:c79], cId:5329, entries: [(t:1, i:81), STATEMACHINELOGENTRY, 5328@client-A5D49D9BF856]
2023-03-07 04:41:11,758 DEBUG server.RaftServer$Division (RaftServerImpl.java:logAppendEntries(1429)) - s12@group-A82F1EDBF13F: succeeded to handle AppendEntries. Reply: s11<-s12#5330:OK-t1,SUCCESS,nextIndex=82,followerCommit=80,matchIndex=81
2023-03-07 04:41:11,758 DEBUG server.RaftServer$Division (RaftServerImpl.java:logAppendEntries(1429)) - s13@group-A82F1EDBF13F: succeeded to handle AppendEntries. Reply: s11<-s13#5329:OK-t1,SUCCESS,nextIndex=82,followerCommit=80,matchIndex=81
2023-03-07 04:41:11,758 INFO  statemachine.StateMachine (ArithmeticStateMachine.java:applyTransaction(182)) - LEADER:s11-81: b = null = null
2023-03-07 04:41:11,758 DEBUG server.RaftServer$Division (RaftServerImpl.java:logAppendEntries(1429)) - s12@group-A82F1EDBF13F: receive appendEntries(s11, 1, (t:1, i:81), 81, true, commits:[s11:c81, s13:c79, s12:c80], cId:5331, entries: [(t:1, i:82), METADATAENTRY(c:81)]
2023-03-07 04:41:11,759 DEBUG server.RaftServer$Division (RaftServerImpl.java:submitClientRequestAsync(832)) - s11@group-A82F1EDBF13F: receive client request(RaftClientRequest:client-A5D49D9BF856->s11@group-A82F1EDBF13F, cid=5332, seq=0, RW, Message:01016300)
2023-03-07 04:41:11,759 DEBUG server.RaftServer$Division (LeaderStateImpl.java:addPendingRequest(474)) - s11@group-A82F1EDBF13F-LeaderStateImpl: addPendingRequest at RaftClientRequest:client-A5D49D9BF856->s11@group-A82F1EDBF13F, cid=5332, seq=0, RW, Message:01016300, entry=(t:1, i:83), STATEMACHINELOGENTRY, 5332@client-A5D49D9BF856
2023-03-07 04:41:11,759 DEBUG server.RaftServer$Division (RaftServerImpl.java:logAppendEntries(1429)) - s12@group-A82F1EDBF13F: succeeded to handle AppendEntries. Reply: s11<-s12#5331:OK-t1,SUCCESS,nextIndex=83,followerCommit=81,matchIndex=82
2023-03-07 04:41:11,760 DEBUG server.RaftServer$Division (RaftServerImpl.java:logAppendEntries(1429)) - s12@group-A82F1EDBF13F: receive appendEntries(s11, 1, (t:1, i:82), 81, true, commits:[s11:c81, s13:c80, s12:c81], cId:5334, entries: [(t:1, i:83), STATEMACHINELOGENTRY, 5332@client-A5D49D9BF856]
2023-03-07 04:41:11,760 DEBUG server.RaftServer$Division (RaftServerImpl.java:logAppendEntries(1429)) - s13@group-A82F1EDBF13F: receive appendEntries(s11, 1, (t:1, i:81), 81, true, commits:[s11:c81, s13:c80, s12:c80], cId:5333, entries: [(t:1, i:82), METADATAENTRY(c:81), (t:1, i:83), STATEMACHINELOGENTRY, 5332@client-A5D49D9BF856]
2023-03-07 04:41:11,760 DEBUG server.RaftServer$Division (RaftServerImpl.java:logAppendEntries(1429)) - s12@group-A82F1EDBF13F: succeeded to handle AppendEntries. Reply: s11<-s12#5334:OK-t1,SUCCESS,nextIndex=84,followerCommit=81,matchIndex=83
2023-03-07 04:41:11,761 DEBUG server.RaftServer$Division (RaftServerImpl.java:logAppendEntries(1429)) - s13@group-A82F1EDBF13F: succeeded to handle AppendEntries. Reply: s11<-s13#5333:OK-t1,SUCCESS,nextIndex=84,followerCommit=81,matchIndex=83
2023-03-07 04:41:11,761 INFO  statemachine.StateMachine (ArithmeticStateMachine.java:applyTransaction(182)) - LEADER:s11-83: c = null = null
2023-03-07 04:41:11,761 DEBUG server.RaftServer$Division (RaftServerImpl.java:logAppendEntries(1429)) - s12@group-A82F1EDBF13F: receive appendEntries(s11, 1, (t:1, i:83), 83, true, commits:[s11:c83, s13:c80, s12:c81], cId:5335, entries: [(t:1, i:84), METADATAENTRY(c:83)]
2023-03-07 04:41:11,762 DEBUG server.RaftServer$Division (RaftServerImpl.java:submitClientRequestAsync(832)) - s11@group-A82F1EDBF13F: receive client request(RaftClientRequest:client-A5D49D9BF856->s11@group-A82F1EDBF13F, cid=5337, seq=0, RW, Message:01016102404280000000...(size=12))
2023-03-07 04:41:11,762 DEBUG server.RaftServer$Division (LeaderStateImpl.java:addPendingRequest(474)) - s11@group-A82F1EDBF13F-LeaderStateImpl: addPendingRequest at RaftClientRequest:client-A5D49D9BF856->s11@group-A82F1EDBF13F, cid=5337, seq=0, RW, Message:01016102404280000000...(size=12), entry=(t:1, i:85), STATEMACHINELOGENTRY, 5337@client-A5D49D9BF856
2023-03-07 04:41:11,762 DEBUG server.RaftServer$Division (RaftServerImpl.java:logAppendEntries(1429)) - s12@group-A82F1EDBF13F: succeeded to handle AppendEntries. Reply: s11<-s12#5335:OK-t1,SUCCESS,nextIndex=85,followerCommit=83,matchIndex=84
2023-03-07 04:41:11,762 DEBUG server.RaftServer$Division (RaftServerImpl.java:logAppendEntries(1429)) - s13@group-A82F1EDBF13F: receive appendEntries(s11, 1, (t:1, i:83), 83, true, commits:[s11:c83, s13:c81, s12:c81], cId:5336, entries: [(t:1, i:84), METADATAENTRY(c:83)]
2023-03-07 04:41:11,762 DEBUG server.RaftServer$Division (RaftServerImpl.java:logAppendEntries(1429)) - s13@group-A82F1EDBF13F: succeeded to handle AppendEntries. Reply: s11<-s13#5336:OK-t1,SUCCESS,nextIndex=85,followerCommit=83,matchIndex=84
2023-03-07 04:41:11,763 DEBUG server.RaftServer$Division (RaftServerImpl.java:logAppendEntries(1429)) - s12@group-A82F1EDBF13F: receive appendEntries(s11, 1, (t:1, i:84), 83, true, commits:[s11:c83, s13:c81, s12:c83], cId:5338, entries: [(t:1, i:85), STATEMACHINELOGENTRY, 5337@client-A5D49D9BF856]
2023-03-07 04:41:11,763 DEBUG server.RaftServer$Division (RaftServerImpl.java:logAppendEntries(1429)) - s12@group-A82F1EDBF13F: succeeded to handle AppendEntries. Reply: s11<-s12#5338:OK-t1,SUCCESS,nextIndex=86,followerCommit=83,matchIndex=85
2023-03-07 04:41:11,763 DEBUG server.RaftServer$Division (RaftServerImpl.java:logAppendEntries(1429)) - s13@group-A82F1EDBF13F: receive appendEntries(s11, 1, (t:1, i:84), 84, true, commits:[s11:c84, s13:c83, s12:c83], cId:5339, entries: [(t:1, i:85), STATEMACHINELOGENTRY, 5337@client-A5D49D9BF856]
2023-03-07 04:41:11,763 INFO  statemachine.StateMachine (ArithmeticStateMachine.java:applyTransaction(182)) - LEADER:s11-85: a = 37 = 37
2023-03-07 04:41:11,764 DEBUG server.RaftServer$Division (RaftServerImpl.java:logAppendEntries(1429)) - s12@group-A82F1EDBF13F: receive appendEntries(s11, 1, (t:1, i:85), 85, true, commits:[s11:c85, s13:c83, s12:c83], cId:5340, entries: [(t:1, i:86), METADATAENTRY(c:85)]
2023-03-07 04:41:11,764 DEBUG server.RaftServer$Division (RaftServerImpl.java:logAppendEntries(1429)) - s13@group-A82F1EDBF13F: succeeded to handle AppendEntries. Reply: s11<-s13#5339:OK-t1,SUCCESS,nextIndex=86,followerCommit=84,matchIndex=85
2023-03-07 04:41:11,764 DEBUG server.RaftServer$Division (RaftServerImpl.java:logAppendEntries(1429)) - s12@group-A82F1EDBF13F: succeeded to handle AppendEntries. Reply: s11<-s12#5340:OK-t1,SUCCESS,nextIndex=87,followerCommit=85,matchIndex=86
2023-03-07 04:41:11,764 DEBUG server.RaftServer$Division (RaftServerImpl.java:submitClientRequestAsync(832)) - s11@group-A82F1EDBF13F: receive client request(RaftClientRequest:client-A5D49D9BF856->s11@group-A82F1EDBF13F, cid=5341, seq=0, RW, Message:01016202408560000000...(size=12))
2023-03-07 04:41:11,764 DEBUG server.RaftServer$Division (LeaderStateImpl.java:addPendingRequest(474)) - s11@group-A82F1EDBF13F-LeaderStateImpl: addPendingRequest at RaftClientRequest:client-A5D49D9BF856->s11@group-A82F1EDBF13F, cid=5341, seq=0, RW, Message:01016202408560000000...(size=12), entry=(t:1, i:87), STATEMACHINELOGENTRY, 5341@client-A5D49D9BF856
2023-03-07 04:41:11,765 DEBUG server.RaftServer$Division (RaftServerImpl.java:logAppendEntries(1429)) - s12@group-A82F1EDBF13F: receive appendEntries(s11, 1, (t:1, i:86), 86, true, commits:[s11:c86, s13:c83, s12:c85], cId:5342, entries: [(t:1, i:87), STATEMACHINELOGENTRY, 5341@client-A5D49D9BF856]
2023-03-07 04:41:11,765 DEBUG server.RaftServer$Division (RaftServerImpl.java:logAppendEntries(1429)) - s13@group-A82F1EDBF13F: receive appendEntries(s11, 1, (t:1, i:85), 86, true, commits:[s11:c86, s13:c84, s12:c85], cId:5343, entries: [(t:1, i:86), METADATAENTRY(c:85), (t:1, i:87), STATEMACHINELOGENTRY, 5341@client-A5D49D9BF856]
2023-03-07 04:41:11,765 DEBUG server.RaftServer$Division (RaftServerImpl.java:logAppendEntries(1429)) - s12@group-A82F1EDBF13F: succeeded to handle AppendEntries. Reply: s11<-s12#5342:OK-t1,SUCCESS,nextIndex=88,followerCommit=86,matchIndex=87
2023-03-07 04:41:11,765 DEBUG server.RaftServer$Division (RaftServerImpl.java:logAppendEntries(1429)) - s13@group-A82F1EDBF13F: succeeded to handle AppendEntries. Reply: s11<-s13#5343:OK-t1,SUCCESS,nextIndex=88,followerCommit=86,matchIndex=87
2023-03-07 04:41:11,766 INFO  statemachine.StateMachine (ArithmeticStateMachine.java:applyTransaction(182)) - LEADER:s11-87: b = 684 = 684
2023-03-07 04:41:11,766 DEBUG server.RaftServer$Division (RaftServerImpl.java:logAppendEntries(1429)) - s12@group-A82F1EDBF13F: receive appendEntries(s11, 1, (t:1, i:87), 87, true, commits:[s11:c87, s13:c84, s12:c86], cId:5344, entries: [(t:1, i:88), METADATAENTRY(c:87)]
2023-03-07 04:41:11,767 DEBUG server.RaftServer$Division (RaftServerImpl.java:submitClientRequestAsync(832)) - s11@group-A82F1EDBF13F: receive client request(RaftClientRequest:client-A5D49D9BF856->s11@group-A82F1EDBF13F, cid=5345, seq=0, RW, Message:01016304010300040201...(size=17))
2023-03-07 04:41:11,767 DEBUG server.RaftServer$Division (LeaderStateImpl.java:addPendingRequest(474)) - s11@group-A82F1EDBF13F-LeaderStateImpl: addPendingRequest at RaftClientRequest:client-A5D49D9BF856->s11@group-A82F1EDBF13F, cid=5345, seq=0, RW, Message:01016304010300040201...(size=17), entry=(t:1, i:89), STATEMACHINELOGENTRY, 5345@client-A5D49D9BF856
2023-03-07 04:41:11,767 DEBUG server.RaftServer$Division (RaftServerImpl.java:logAppendEntries(1429)) - s12@group-A82F1EDBF13F: succeeded to handle AppendEntries. Reply: s11<-s12#5344:OK-t1,SUCCESS,nextIndex=89,followerCommit=87,matchIndex=88
2023-03-07 04:41:11,767 DEBUG server.RaftServer$Division (RaftServerImpl.java:logAppendEntries(1429)) - s12@group-A82F1EDBF13F: receive appendEntries(s11, 1, (t:1, i:88), 87, true, commits:[s11:c87, s13:c84, s12:c87], cId:5346, entries: [(t:1, i:89), STATEMACHINELOGENTRY, 5345@client-A5D49D9BF856]
2023-03-07 04:41:11,768 DEBUG server.RaftServer$Division (RaftServerImpl.java:logAppendEntries(1429)) - s13@group-A82F1EDBF13F: receive appendEntries(s11, 1, (t:1, i:87), 88, true, commits:[s11:c88, s13:c86, s12:c87], cId:5347, entries: [(t:1, i:88), METADATAENTRY(c:87), (t:1, i:89), STATEMACHINELOGENTRY, 5345@client-A5D49D9BF856]
2023-03-07 04:41:11,768 DEBUG server.RaftServer$Division (RaftServerImpl.java:logAppendEntries(1429)) - s12@group-A82F1EDBF13F: succeeded to handle AppendEntries. Reply: s11<-s12#5346:OK-t1,SUCCESS,nextIndex=90,followerCommit=87,matchIndex=89
2023-03-07 04:41:11,768 DEBUG server.RaftServer$Division (RaftServerImpl.java:logAppendEntries(1429)) - s13@group-A82F1EDBF13F: succeeded to handle AppendEntries. Reply: s11<-s13#5347:OK-t1,SUCCESS,nextIndex=90,followerCommit=88,matchIndex=89
2023-03-07 04:41:11,768 INFO  statemachine.StateMachine (ArithmeticStateMachine.java:applyTransaction(182)) - LEADER:s11-89: c = √(a^2 + b^2) = 685
2023-03-07 04:41:11,769 DEBUG server.RaftServer$Division (RaftServerImpl.java:logAppendEntries(1429)) - s12@group-A82F1EDBF13F: receive appendEntries(s11, 1, (t:1, i:89), 89, true, commits:[s11:c89, s13:c86, s12:c87], cId:5348, entries: [(t:1, i:90), METADATAENTRY(c:89)]
2023-03-07 04:41:11,769 DEBUG server.RaftServer$Division (RaftServerImpl.java:logAppendEntries(1429)) - s12@group-A82F1EDBF13F: succeeded to handle AppendEntries. Reply: s11<-s12#5348:OK-t1,SUCCESS,nextIndex=91,followerCommit=89,matchIndex=90
2023-03-07 04:41:11,769 DEBUG server.RaftServer$Division (RaftServerImpl.java:submitClientRequestAsync(832)) - s11@group-A82F1EDBF13F: receive client request(RaftClientRequest:client-A5D49D9BF856->s11@group-A82F1EDBF13F, cid=5350, seq=0, RW, Message:01016100)
2023-03-07 04:41:11,769 DEBUG server.RaftServer$Division (LeaderStateImpl.java:addPendingRequest(474)) - s11@group-A82F1EDBF13F-LeaderStateImpl: addPendingRequest at RaftClientRequest:client-A5D49D9BF856->s11@group-A82F1EDBF13F, cid=5350, seq=0, RW, Message:01016100, entry=(t:1, i:91), STATEMACHINELOGENTRY, 5350@client-A5D49D9BF856
2023-03-07 04:41:11,770 DEBUG server.RaftServer$Division (RaftServerImpl.java:logAppendEntries(1429)) - s13@group-A82F1EDBF13F: receive appendEntries(s11, 1, (t:1, i:89), 89, true, commits:[s11:c89, s13:c88, s12:c87], cId:5349, entries: [(t:1, i:90), METADATAENTRY(c:89)]
2023-03-07 04:41:11,770 DEBUG server.RaftServer$Division (RaftServerImpl.java:logAppendEntries(1429)) - s12@group-A82F1EDBF13F: receive appendEntries(s11, 1, (t:1, i:90), 90, true, commits:[s11:c90, s13:c88, s12:c89], cId:5351, entries: [(t:1, i:91), STATEMACHINELOGENTRY, 5350@client-A5D49D9BF856]
2023-03-07 04:41:11,770 DEBUG server.RaftServer$Division (RaftServerImpl.java:logAppendEntries(1429)) - s13@group-A82F1EDBF13F: succeeded to handle AppendEntries. Reply: s11<-s13#5349:OK-t1,SUCCESS,nextIndex=91,followerCommit=89,matchIndex=90
2023-03-07 04:41:11,770 DEBUG server.RaftServer$Division (RaftServerImpl.java:logAppendEntries(1429)) - s12@group-A82F1EDBF13F: succeeded to handle AppendEntries. Reply: s11<-s12#5351:OK-t1,SUCCESS,nextIndex=92,followerCommit=90,matchIndex=91
2023-03-07 04:41:11,771 DEBUG server.RaftServer$Division (RaftServerImpl.java:logAppendEntries(1429)) - s13@group-A82F1EDBF13F: receive appendEntries(s11, 1, (t:1, i:90), 90, true, commits:[s11:c90, s13:c89, s12:c89], cId:5352, entries: [(t:1, i:91), STATEMACHINELOGENTRY, 5350@client-A5D49D9BF856]
2023-03-07 04:41:11,771 INFO  statemachine.StateMachine (ArithmeticStateMachine.java:applyTransaction(182)) - LEADER:s11-91: a = null = null
2023-03-07 04:41:11,771 DEBUG server.RaftServer$Division (RaftServerImpl.java:logAppendEntries(1429)) - s12@group-A82F1EDBF13F: receive appendEntries(s11, 1, (t:1, i:91), 91, true, commits:[s11:c91, s13:c89, s12:c90], cId:5353, entries: [(t:1, i:92), METADATAENTRY(c:91)]
2023-03-07 04:41:11,772 DEBUG server.RaftServer$Division (RaftServerImpl.java:submitClientRequestAsync(832)) - s11@group-A82F1EDBF13F: receive client request(RaftClientRequest:client-A5D49D9BF856->s11@group-A82F1EDBF13F, cid=5354, seq=0, RW, Message:01016200)
2023-03-07 04:41:11,772 DEBUG server.RaftServer$Division (LeaderStateImpl.java:addPendingRequest(474)) - s11@group-A82F1EDBF13F-LeaderStateImpl: addPendingRequest at RaftClientRequest:client-A5D49D9BF856->s11@group-A82F1EDBF13F, cid=5354, seq=0, RW, Message:01016200, entry=(t:1, i:93), STATEMACHINELOGENTRY, 5354@client-A5D49D9BF856
2023-03-07 04:41:11,772 DEBUG server.RaftServer$Division (RaftServerImpl.java:logAppendEntries(1429)) - s12@group-A82F1EDBF13F: succeeded to handle AppendEntries. Reply: s11<-s12#5353:OK-t1,SUCCESS,nextIndex=93,followerCommit=91,matchIndex=92
2023-03-07 04:41:11,772 DEBUG server.RaftServer$Division (RaftServerImpl.java:logAppendEntries(1429)) - s13@group-A82F1EDBF13F: succeeded to handle AppendEntries. Reply: s11<-s13#5352:OK-t1,SUCCESS,nextIndex=92,followerCommit=90,matchIndex=91
2023-03-07 04:41:11,773 DEBUG server.RaftServer$Division (RaftServerImpl.java:logAppendEntries(1429)) - s13@group-A82F1EDBF13F: receive appendEntries(s11, 1, (t:1, i:91), 92, true, commits:[s11:c92, s13:c90, s12:c91], cId:5356, entries: [(t:1, i:92), METADATAENTRY(c:91), (t:1, i:93), STATEMACHINELOGENTRY, 5354@client-A5D49D9BF856]
2023-03-07 04:41:11,773 DEBUG server.RaftServer$Division (RaftServerImpl.java:logAppendEntries(1429)) - s12@group-A82F1EDBF13F: receive appendEntries(s11, 1, (t:1, i:92), 91, true, commits:[s11:c91, s13:c89, s12:c91], cId:5355, entries: [(t:1, i:93), STATEMACHINELOGENTRY, 5354@client-A5D49D9BF856]
2023-03-07 04:41:11,774 DEBUG server.RaftServer$Division (RaftServerImpl.java:logAppendEntries(1429)) - s13@group-A82F1EDBF13F: succeeded to handle AppendEntries. Reply: s11<-s13#5356:OK-t1,SUCCESS,nextIndex=94,followerCommit=92,matchIndex=93
2023-03-07 04:41:11,774 DEBUG server.RaftServer$Division (RaftServerImpl.java:logAppendEntries(1429)) - s12@group-A82F1EDBF13F: succeeded to handle AppendEntries. Reply: s11<-s12#5355:OK-t1,SUCCESS,nextIndex=94,followerCommit=91,matchIndex=93
2023-03-07 04:41:11,774 INFO  statemachine.StateMachine (ArithmeticStateMachine.java:applyTransaction(182)) - LEADER:s11-93: b = null = null
2023-03-07 04:41:11,774 DEBUG server.RaftServer$Division (RaftServerImpl.java:logAppendEntries(1429)) - s12@group-A82F1EDBF13F: receive appendEntries(s11, 1, (t:1, i:93), 93, true, commits:[s11:c93, s13:c92, s12:c91], cId:5357, entries: [(t:1, i:94), METADATAENTRY(c:93)]
2023-03-07 04:41:11,775 DEBUG server.RaftServer$Division (RaftServerImpl.java:submitClientRequestAsync(832)) - s11@group-A82F1EDBF13F: receive client request(RaftClientRequest:client-A5D49D9BF856->s11@group-A82F1EDBF13F, cid=5359, seq=0, RW, Message:01016300)
2023-03-07 04:41:11,775 DEBUG server.RaftServer$Division (LeaderStateImpl.java:addPendingRequest(474)) - s11@group-A82F1EDBF13F-LeaderStateImpl: addPendingRequest at RaftClientRequest:client-A5D49D9BF856->s11@group-A82F1EDBF13F, cid=5359, seq=0, RW, Message:01016300, entry=(t:1, i:95), STATEMACHINELOGENTRY, 5359@client-A5D49D9BF856
2023-03-07 04:41:11,775 DEBUG server.RaftServer$Division (RaftServerImpl.java:logAppendEntries(1429)) - s12@group-A82F1EDBF13F: succeeded to handle AppendEntries. Reply: s11<-s12#5357:OK-t1,SUCCESS,nextIndex=95,followerCommit=93,matchIndex=94
2023-03-07 04:41:11,775 DEBUG server.RaftServer$Division (RaftServerImpl.java:logAppendEntries(1429)) - s13@group-A82F1EDBF13F: receive appendEntries(s11, 1, (t:1, i:93), 93, true, commits:[s11:c93, s13:c92, s12:c91], cId:5358, entries: [(t:1, i:94), METADATAENTRY(c:93)]
2023-03-07 04:41:11,775 DEBUG server.RaftServer$Division (RaftServerImpl.java:logAppendEntries(1429)) - s12@group-A82F1EDBF13F: receive appendEntries(s11, 1, (t:1, i:94), 93, true, commits:[s11:c93, s13:c92, s12:c93], cId:5360, entries: [(t:1, i:95), STATEMACHINELOGENTRY, 5359@client-A5D49D9BF856]
2023-03-07 04:41:11,776 DEBUG server.RaftServer$Division (RaftServerImpl.java:logAppendEntries(1429)) - s13@group-A82F1EDBF13F: succeeded to handle AppendEntries. Reply: s11<-s13#5358:OK-t1,SUCCESS,nextIndex=95,followerCommit=93,matchIndex=94
2023-03-07 04:41:11,776 DEBUG server.RaftServer$Division (RaftServerImpl.java:logAppendEntries(1429)) - s12@group-A82F1EDBF13F: succeeded to handle AppendEntries. Reply: s11<-s12#5360:OK-t1,SUCCESS,nextIndex=96,followerCommit=93,matchIndex=95
2023-03-07 04:41:11,776 DEBUG server.RaftServer$Division (RaftServerImpl.java:logAppendEntries(1429)) - s13@group-A82F1EDBF13F: receive appendEntries(s11, 1, (t:1, i:94), 94, true, commits:[s11:c94, s13:c93, s12:c93], cId:5361, entries: [(t:1, i:95), STATEMACHINELOGENTRY, 5359@client-A5D49D9BF856]
2023-03-07 04:41:11,776 INFO  statemachine.StateMachine (ArithmeticStateMachine.java:applyTransaction(182)) - LEADER:s11-95: c = null = null
2023-03-07 04:41:11,777 DEBUG server.RaftServer$Division (RaftServerImpl.java:logAppendEntries(1429)) - s12@group-A82F1EDBF13F: receive appendEntries(s11, 1, (t:1, i:95), 95, true, commits:[s11:c95, s13:c93, s12:c93], cId:5362, entries: [(t:1, i:96), METADATAENTRY(c:95)]
2023-03-07 04:41:11,777 DEBUG server.RaftServer$Division (RaftServerImpl.java:logAppendEntries(1429)) - s13@group-A82F1EDBF13F: succeeded to handle AppendEntries. Reply: s11<-s13#5361:OK-t1,SUCCESS,nextIndex=96,followerCommit=94,matchIndex=95
2023-03-07 04:41:11,777 DEBUG server.RaftServer$Division (RaftServerImpl.java:submitClientRequestAsync(832)) - s11@group-A82F1EDBF13F: receive client request(RaftClientRequest:client-A5D49D9BF856->s11@group-A82F1EDBF13F, cid=5363, seq=0, RW, Message:01016102404380000000...(size=12))
2023-03-07 04:41:11,778 DEBUG server.RaftServer$Division (LeaderStateImpl.java:addPendingRequest(474)) - s11@group-A82F1EDBF13F-LeaderStateImpl: addPendingRequest at RaftClientRequest:client-A5D49D9BF856->s11@group-A82F1EDBF13F, cid=5363, seq=0, RW, Message:01016102404380000000...(size=12), entry=(t:1, i:97), STATEMACHINELOGENTRY, 5363@client-A5D49D9BF856
2023-03-07 04:41:11,778 DEBUG server.RaftServer$Division (RaftServerImpl.java:logAppendEntries(1429)) - s12@group-A82F1EDBF13F: succeeded to handle AppendEntries. Reply: s11<-s12#5362:OK-t1,SUCCESS,nextIndex=97,followerCommit=95,matchIndex=96
2023-03-07 04:41:11,778 DEBUG server.RaftServer$Division (RaftServerImpl.java:logAppendEntries(1429)) - s12@group-A82F1EDBF13F: receive appendEntries(s11, 1, (t:1, i:96), 95, true, commits:[s11:c95, s13:c94, s12:c95], cId:5364, entries: [(t:1, i:97), STATEMACHINELOGENTRY, 5363@client-A5D49D9BF856]
2023-03-07 04:41:11,778 DEBUG server.RaftServer$Division (RaftServerImpl.java:logAppendEntries(1429)) - s13@group-A82F1EDBF13F: receive appendEntries(s11, 1, (t:1, i:95), 95, true, commits:[s11:c95, s13:c94, s12:c95], cId:5365, entries: [(t:1, i:96), METADATAENTRY(c:95), (t:1, i:97), STATEMACHINELOGENTRY, 5363@client-A5D49D9BF856]
2023-03-07 04:41:11,779 DEBUG server.RaftServer$Division (RaftServerImpl.java:logAppendEntries(1429)) - s12@group-A82F1EDBF13F: succeeded to handle AppendEntries. Reply: s11<-s12#5364:OK-t1,SUCCESS,nextIndex=98,followerCommit=95,matchIndex=97
2023-03-07 04:41:11,779 DEBUG server.RaftServer$Division (RaftServerImpl.java:logAppendEntries(1429)) - s13@group-A82F1EDBF13F: succeeded to handle AppendEntries. Reply: s11<-s13#5365:OK-t1,SUCCESS,nextIndex=98,followerCommit=95,matchIndex=97
2023-03-07 04:41:11,779 INFO  statemachine.StateMachine (ArithmeticStateMachine.java:applyTransaction(182)) - LEADER:s11-97: a = 39 = 39
2023-03-07 04:41:11,779 DEBUG server.RaftServer$Division (RaftServerImpl.java:logAppendEntries(1429)) - s12@group-A82F1EDBF13F: receive appendEntries(s11, 1, (t:1, i:97), 97, true, commits:[s11:c97, s13:c94, s12:c95], cId:5366, entries: [(t:1, i:98), METADATAENTRY(c:97)]
2023-03-07 04:41:11,780 DEBUG server.RaftServer$Division (RaftServerImpl.java:logAppendEntries(1429)) - s12@group-A82F1EDBF13F: succeeded to handle AppendEntries. Reply: s11<-s12#5366:OK-t1,SUCCESS,nextIndex=99,followerCommit=97,matchIndex=98
2023-03-07 04:41:11,780 DEBUG server.RaftServer$Division (RaftServerImpl.java:submitClientRequestAsync(832)) - s11@group-A82F1EDBF13F: receive client request(RaftClientRequest:client-A5D49D9BF856->s11@group-A82F1EDBF13F, cid=5368, seq=0, RW, Message:010162024087c0000000...(size=12))
2023-03-07 04:41:11,780 DEBUG server.RaftServer$Division (LeaderStateImpl.java:addPendingRequest(474)) - s11@group-A82F1EDBF13F-LeaderStateImpl: addPendingRequest at RaftClientRequest:client-A5D49D9BF856->s11@group-A82F1EDBF13F, cid=5368, seq=0, RW, Message:010162024087c0000000...(size=12), entry=(t:1, i:99), STATEMACHINELOGENTRY, 5368@client-A5D49D9BF856
2023-03-07 04:41:11,780 DEBUG server.RaftServer$Division (RaftServerImpl.java:logAppendEntries(1429)) - s13@group-A82F1EDBF13F: receive appendEntries(s11, 1, (t:1, i:97), 97, true, commits:[s11:c97, s13:c95, s12:c95], cId:5367, entries: [(t:1, i:98), METADATAENTRY(c:97)]
2023-03-07 04:41:11,786 DEBUG server.RaftServer$Division (RaftServerImpl.java:logAppendEntries(1429)) - s12@group-A82F1EDBF13F: receive appendEntries(s11, 1, (t:1, i:98), 98, true, commits:[s11:c98, s13:c95, s12:c97], cId:5369, entries: [(t:1, i:99), STATEMACHINELOGENTRY, 5368@client-A5D49D9BF856]
2023-03-07 04:41:11,786 DEBUG server.RaftServer$Division (RaftServerImpl.java:logAppendEntries(1429)) - s13@group-A82F1EDBF13F: succeeded to handle AppendEntries. Reply: s11<-s13#5367:OK-t1,SUCCESS,nextIndex=99,followerCommit=97,matchIndex=98
2023-03-07 04:41:11,787 DEBUG server.RaftServer$Division (RaftServerImpl.java:logAppendEntries(1429)) - s12@group-A82F1EDBF13F: succeeded to handle AppendEntries. Reply: s11<-s12#5369:OK-t1,SUCCESS,nextIndex=100,followerCommit=98,matchIndex=99
2023-03-07 04:41:11,787 INFO  statemachine.StateMachine (ArithmeticStateMachine.java:applyTransaction(182)) - LEADER:s11-99: b = 760 = 760
2023-03-07 04:41:11,787 DEBUG server.RaftServer$Division (RaftServerImpl.java:logAppendEntries(1429)) - s12@group-A82F1EDBF13F: receive appendEntries(s11, 1, (t:1, i:99), 99, true, commits:[s11:c99, s13:c97, s12:c98], cId:5371, entries: [(t:1, i:100), METADATAENTRY(c:99)]
2023-03-07 04:41:11,788 DEBUG server.RaftServer$Division (RaftServerImpl.java:submitClientRequestAsync(832)) - s11@group-A82F1EDBF13F: receive client request(RaftClientRequest:client-A5D49D9BF856->s11@group-A82F1EDBF13F, cid=5372, seq=0, RW, Message:01016304010300040201...(size=17))
2023-03-07 04:41:11,788 DEBUG server.RaftServer$Division (LeaderStateImpl.java:addPendingRequest(474)) - s11@group-A82F1EDBF13F-LeaderStateImpl: addPendingRequest at RaftClientRequest:client-A5D49D9BF856->s11@group-A82F1EDBF13F, cid=5372, seq=0, RW, Message:01016304010300040201...(size=17), entry=(t:1, i:101), STATEMACHINELOGENTRY, 5372@client-A5D49D9BF856
2023-03-07 04:41:11,788 DEBUG server.RaftServer$Division (RaftServerImpl.java:logAppendEntries(1429)) - s12@group-A82F1EDBF13F: succeeded to handle AppendEntries. Reply: s11<-s12#5371:OK-t1,SUCCESS,nextIndex=101,followerCommit=99,matchIndex=100
2023-03-07 04:41:11,788 DEBUG server.RaftServer$Division (RaftServerImpl.java:logAppendEntries(1429)) - s13@group-A82F1EDBF13F: receive appendEntries(s11, 1, (t:1, i:98), 99, true, commits:[s11:c99, s13:c97, s12:c98], cId:5370, entries: [(t:1, i:99), STATEMACHINELOGENTRY, 5368@client-A5D49D9BF856, (t:1, i:100), METADATAENTRY(c:99)]
2023-03-07 04:41:11,789 DEBUG server.RaftServer$Division (RaftServerImpl.java:logAppendEntries(1429)) - s12@group-A82F1EDBF13F: receive appendEntries(s11, 1, (t:1, i:100), 99, true, commits:[s11:c99, s13:c97, s12:c99], cId:5373, entries: [(t:1, i:101), STATEMACHINELOGENTRY, 5372@client-A5D49D9BF856]
2023-03-07 04:41:11,789 DEBUG server.RaftServer$Division (RaftServerImpl.java:logAppendEntries(1429)) - s13@group-A82F1EDBF13F: succeeded to handle AppendEntries. Reply: s11<-s13#5370:OK-t1,SUCCESS,nextIndex=101,followerCommit=99,matchIndex=100
2023-03-07 04:41:11,789 DEBUG server.RaftServer$Division (RaftServerImpl.java:logAppendEntries(1429)) - s12@group-A82F1EDBF13F: succeeded to handle AppendEntries. Reply: s11<-s12#5373:OK-t1,SUCCESS,nextIndex=102,followerCommit=99,matchIndex=101
2023-03-07 04:41:11,790 DEBUG server.RaftServer$Division (RaftServerImpl.java:logAppendEntries(1429)) - s13@group-A82F1EDBF13F: receive appendEntries(s11, 1, (t:1, i:100), 100, true, commits:[s11:c100, s13:c99, s12:c99], cId:5374, entries: [(t:1, i:101), STATEMACHINELOGENTRY, 5372@client-A5D49D9BF856]
2023-03-07 04:41:11,790 INFO  statemachine.StateMachine (ArithmeticStateMachine.java:applyTransaction(182)) - LEADER:s11-101: c = √(a^2 + b^2) = 761
2023-03-07 04:41:11,790 DEBUG server.RaftServer$Division (RaftServerImpl.java:logAppendEntries(1429)) - s12@group-A82F1EDBF13F: receive appendEntries(s11, 1, (t:1, i:101), 101, true, commits:[s11:c101, s13:c99, s12:c99], cId:5375, entries: [(t:1, i:102), METADATAENTRY(c:101)]
2023-03-07 04:41:11,791 DEBUG server.RaftServer$Division (RaftServerImpl.java:logAppendEntries(1429)) - s12@group-A82F1EDBF13F: succeeded to handle AppendEntries. Reply: s11<-s12#5375:OK-t1,SUCCESS,nextIndex=103,followerCommit=101,matchIndex=102
2023-03-07 04:41:11,791 DEBUG server.RaftServer$Division (RaftServerImpl.java:logAppendEntries(1429)) - s13@group-A82F1EDBF13F: succeeded to handle AppendEntries. Reply: s11<-s13#5374:OK-t1,SUCCESS,nextIndex=102,followerCommit=100,matchIndex=101
2023-03-07 04:41:11,791 DEBUG server.RaftServer$Division (RaftServerImpl.java:submitClientRequestAsync(832)) - s11@group-A82F1EDBF13F: receive client request(RaftClientRequest:client-A5D49D9BF856->s11@group-A82F1EDBF13F, cid=5376, seq=0, RW, Message:01016100)
2023-03-07 04:41:11,791 DEBUG server.RaftServer$Division (LeaderStateImpl.java:addPendingRequest(474)) - s11@group-A82F1EDBF13F-LeaderStateImpl: addPendingRequest at RaftClientRequest:client-A5D49D9BF856->s11@group-A82F1EDBF13F, cid=5376, seq=0, RW, Message:01016100, entry=(t:1, i:103), STATEMACHINELOGENTRY, 5376@client-A5D49D9BF856
2023-03-07 04:41:11,791 DEBUG server.RaftServer$Division (RaftServerImpl.java:logAppendEntries(1429)) - s12@group-A82F1EDBF13F: receive appendEntries(s11, 1, (t:1, i:102), 102, true, commits:[s11:c102, s13:c99, s12:c101], cId:5377, entries: [(t:1, i:103), STATEMACHINELOGENTRY, 5376@client-A5D49D9BF856]
2023-03-07 04:41:11,792 DEBUG server.RaftServer$Division (RaftServerImpl.java:logAppendEntries(1429)) - s13@group-A82F1EDBF13F: receive appendEntries(s11, 1, (t:1, i:101), 102, true, commits:[s11:c102, s13:c100, s12:c101], cId:5378, entries: [(t:1, i:102), METADATAENTRY(c:101), (t:1, i:103), STATEMACHINELOGENTRY, 5376@client-A5D49D9BF856]
2023-03-07 04:41:11,792 DEBUG server.RaftServer$Division (RaftServerImpl.java:logAppendEntries(1429)) - s12@group-A82F1EDBF13F: succeeded to handle AppendEntries. Reply: s11<-s12#5377:OK-t1,SUCCESS,nextIndex=104,followerCommit=102,matchIndex=103
2023-03-07 04:41:11,792 DEBUG server.RaftServer$Division (RaftServerImpl.java:logAppendEntries(1429)) - s13@group-A82F1EDBF13F: succeeded to handle AppendEntries. Reply: s11<-s13#5378:OK-t1,SUCCESS,nextIndex=104,followerCommit=102,matchIndex=103
2023-03-07 04:41:11,792 INFO  statemachine.StateMachine (ArithmeticStateMachine.java:applyTransaction(182)) - LEADER:s11-103: a = null = null
2023-03-07 04:41:11,793 DEBUG server.RaftServer$Division (RaftServerImpl.java:logAppendEntries(1429)) - s12@group-A82F1EDBF13F: receive appendEntries(s11, 1, (t:1, i:103), 103, true, commits:[s11:c103, s13:c100, s12:c102], cId:5379, entries: [(t:1, i:104), METADATAENTRY(c:103)]
2023-03-07 04:41:11,793 DEBUG server.RaftServer$Division (RaftServerImpl.java:submitClientRequestAsync(832)) - s11@group-A82F1EDBF13F: receive client request(RaftClientRequest:client-A5D49D9BF856->s11@group-A82F1EDBF13F, cid=5381, seq=0, RW, Message:01016200)
2023-03-07 04:41:11,793 DEBUG server.RaftServer$Division (LeaderStateImpl.java:addPendingRequest(474)) - s11@group-A82F1EDBF13F-LeaderStateImpl: addPendingRequest at RaftClientRequest:client-A5D49D9BF856->s11@group-A82F1EDBF13F, cid=5381, seq=0, RW, Message:01016200, entry=(t:1, i:105), STATEMACHINELOGENTRY, 5381@client-A5D49D9BF856
2023-03-07 04:41:11,794 DEBUG server.RaftServer$Division (RaftServerImpl.java:logAppendEntries(1429)) - s13@group-A82F1EDBF13F: receive appendEntries(s11, 1, (t:1, i:103), 103, true, commits:[s11:c103, s13:c102, s12:c102], cId:5380, entries: [(t:1, i:104), METADATAENTRY(c:103)]
2023-03-07 04:41:11,794 DEBUG server.RaftServer$Division (RaftServerImpl.java:logAppendEntries(1429)) - s12@group-A82F1EDBF13F: succeeded to handle AppendEntries. Reply: s11<-s12#5379:OK-t1,SUCCESS,nextIndex=105,followerCommit=103,matchIndex=104
2023-03-07 04:41:11,794 DEBUG server.RaftServer$Division (RaftServerImpl.java:logAppendEntries(1429)) - s12@group-A82F1EDBF13F: receive appendEntries(s11, 1, (t:1, i:104), 103, true, commits:[s11:c103, s13:c102, s12:c103], cId:5382, entries: [(t:1, i:105), STATEMACHINELOGENTRY, 5381@client-A5D49D9BF856]
2023-03-07 04:41:11,795 DEBUG server.RaftServer$Division (RaftServerImpl.java:logAppendEntries(1429)) - s13@group-A82F1EDBF13F: succeeded to handle AppendEntries. Reply: s11<-s13#5380:OK-t1,SUCCESS,nextIndex=105,followerCommit=103,matchIndex=104
2023-03-07 04:41:11,795 DEBUG server.RaftServer$Division (RaftServerImpl.java:logAppendEntries(1429)) - s12@group-A82F1EDBF13F: succeeded to handle AppendEntries. Reply: s11<-s12#5382:OK-t1,SUCCESS,nextIndex=106,followerCommit=103,matchIndex=105
2023-03-07 04:41:11,795 DEBUG server.RaftServer$Division (RaftServerImpl.java:logAppendEntries(1429)) - s13@group-A82F1EDBF13F: receive appendEntries(s11, 1, (t:1, i:104), 104, true, commits:[s11:c104, s13:c103, s12:c103], cId:5383, entries: [(t:1, i:105), STATEMACHINELOGENTRY, 5381@client-A5D49D9BF856]
2023-03-07 04:41:11,796 INFO  statemachine.StateMachine (ArithmeticStateMachine.java:applyTransaction(182)) - LEADER:s11-105: b = null = null
2023-03-07 04:41:11,796 DEBUG server.RaftServer$Division (RaftServerImpl.java:logAppendEntries(1429)) - s12@group-A82F1EDBF13F: receive appendEntries(s11, 1, (t:1, i:105), 105, true, commits:[s11:c105, s13:c103, s12:c103], cId:5384, entries: [(t:1, i:106), METADATAENTRY(c:105)]
2023-03-07 04:41:11,796 DEBUG server.RaftServer$Division (RaftServerImpl.java:logAppendEntries(1429)) - s13@group-A82F1EDBF13F: succeeded to handle AppendEntries. Reply: s11<-s13#5383:OK-t1,SUCCESS,nextIndex=106,followerCommit=104,matchIndex=105
2023-03-07 04:41:11,796 DEBUG server.RaftServer$Division (RaftServerImpl.java:submitClientRequestAsync(832)) - s11@group-A82F1EDBF13F: receive client request(RaftClientRequest:client-A5D49D9BF856->s11@group-A82F1EDBF13F, cid=5385, seq=0, RW, Message:01016300)
2023-03-07 04:41:11,796 DEBUG server.RaftServer$Division (LeaderStateImpl.java:addPendingRequest(474)) - s11@group-A82F1EDBF13F-LeaderStateImpl: addPendingRequest at RaftClientRequest:client-A5D49D9BF856->s11@group-A82F1EDBF13F, cid=5385, seq=0, RW, Message:01016300, entry=(t:1, i:107), STATEMACHINELOGENTRY, 5385@client-A5D49D9BF856
2023-03-07 04:41:11,796 DEBUG server.RaftServer$Division (RaftServerImpl.java:logAppendEntries(1429)) - s12@group-A82F1EDBF13F: succeeded to handle AppendEntries. Reply: s11<-s12#5384:OK-t1,SUCCESS,nextIndex=107,followerCommit=105,matchIndex=106
2023-03-07 04:41:11,797 DEBUG server.RaftServer$Division (RaftServerImpl.java:logAppendEntries(1429)) - s12@group-A82F1EDBF13F: receive appendEntries(s11, 1, (t:1, i:106), 105, true, commits:[s11:c105, s13:c104, s12:c105], cId:5386, entries: [(t:1, i:107), STATEMACHINELOGENTRY, 5385@client-A5D49D9BF856]
2023-03-07 04:41:11,797 DEBUG server.RaftServer$Division (RaftServerImpl.java:logAppendEntries(1429)) - s13@group-A82F1EDBF13F: receive appendEntries(s11, 1, (t:1, i:105), 105, true, commits:[s11:c105, s13:c104, s12:c105], cId:5387, entries: [(t:1, i:106), METADATAENTRY(c:105), (t:1, i:107), STATEMACHINELOGENTRY, 5385@client-A5D49D9BF856]
2023-03-07 04:41:11,797 DEBUG server.RaftServer$Division (RaftServerImpl.java:logAppendEntries(1429)) - s12@group-A82F1EDBF13F: succeeded to handle AppendEntries. Reply: s11<-s12#5386:OK-t1,SUCCESS,nextIndex=108,followerCommit=105,matchIndex=107
2023-03-07 04:41:11,797 DEBUG server.RaftServer$Division (RaftServerImpl.java:logAppendEntries(1429)) - s13@group-A82F1EDBF13F: succeeded to handle AppendEntries. Reply: s11<-s13#5387:OK-t1,SUCCESS,nextIndex=108,followerCommit=105,matchIndex=107
2023-03-07 04:41:11,798 INFO  statemachine.StateMachine (ArithmeticStateMachine.java:applyTransaction(182)) - LEADER:s11-107: c = null = null
2023-03-07 04:41:11,798 DEBUG server.RaftServer$Division (RaftServerImpl.java:logAppendEntries(1429)) - s12@group-A82F1EDBF13F: receive appendEntries(s11, 1, (t:1, i:107), 107, true, commits:[s11:c107, s13:c104, s12:c105], cId:5388, entries: [(t:1, i:108), METADATAENTRY(c:107)]
2023-03-07 04:41:11,798 DEBUG server.RaftServer$Division (RaftServerImpl.java:logAppendEntries(1429)) - s12@group-A82F1EDBF13F: succeeded to handle AppendEntries. Reply: s11<-s12#5388:OK-t1,SUCCESS,nextIndex=109,followerCommit=107,matchIndex=108
2023-03-07 04:41:11,799 DEBUG server.RaftServer$Division (RaftServerImpl.java:submitClientRequestAsync(832)) - s11@group-A82F1EDBF13F: receive client request(RaftClientRequest:client-A5D49D9BF856->s11@group-A82F1EDBF13F, cid=5390, seq=0, RW, Message:01016102404480000000...(size=12))
2023-03-07 04:41:11,799 DEBUG server.RaftServer$Division (LeaderStateImpl.java:addPendingRequest(474)) - s11@group-A82F1EDBF13F-LeaderStateImpl: addPendingRequest at RaftClientRequest:client-A5D49D9BF856->s11@group-A82F1EDBF13F, cid=5390, seq=0, RW, Message:01016102404480000000...(size=12), entry=(t:1, i:109), STATEMACHINELOGENTRY, 5390@client-A5D49D9BF856
2023-03-07 04:41:11,799 DEBUG server.RaftServer$Division (RaftServerImpl.java:logAppendEntries(1429)) - s13@group-A82F1EDBF13F: receive appendEntries(s11, 1, (t:1, i:107), 107, true, commits:[s11:c107, s13:c105, s12:c105], cId:5389, entries: [(t:1, i:108), METADATAENTRY(c:107)]
2023-03-07 04:41:11,799 DEBUG server.RaftServer$Division (RaftServerImpl.java:logAppendEntries(1429)) - s12@group-A82F1EDBF13F: receive appendEntries(s11, 1, (t:1, i:108), 108, true, commits:[s11:c108, s13:c105, s12:c107], cId:5391, entries: [(t:1, i:109), STATEMACHINELOGENTRY, 5390@client-A5D49D9BF856]
2023-03-07 04:41:11,800 DEBUG server.RaftServer$Division (RaftServerImpl.java:logAppendEntries(1429)) - s13@group-A82F1EDBF13F: succeeded to handle AppendEntries. Reply: s11<-s13#5389:OK-t1,SUCCESS,nextIndex=109,followerCommit=107,matchIndex=108
2023-03-07 04:41:11,800 DEBUG server.RaftServer$Division (RaftServerImpl.java:logAppendEntries(1429)) - s12@group-A82F1EDBF13F: succeeded to handle AppendEntries. Reply: s11<-s12#5391:OK-t1,SUCCESS,nextIndex=110,followerCommit=108,matchIndex=109
2023-03-07 04:41:11,800 INFO  statemachine.StateMachine (ArithmeticStateMachine.java:applyTransaction(182)) - LEADER:s11-109: a = 41 = 41
2023-03-07 04:41:11,800 DEBUG server.RaftServer$Division (RaftServerImpl.java:logAppendEntries(1429)) - s12@group-A82F1EDBF13F: receive appendEntries(s11, 1, (t:1, i:109), 109, true, commits:[s11:c109, s13:c107, s12:c108], cId:5392, entries: [(t:1, i:110), METADATAENTRY(c:109)]
2023-03-07 04:41:11,801 DEBUG server.RaftServer$Division (RaftServerImpl.java:submitClientRequestAsync(832)) - s11@group-A82F1EDBF13F: receive client request(RaftClientRequest:client-A5D49D9BF856->s11@group-A82F1EDBF13F, cid=5394, seq=0, RW, Message:01016202408a40000000...(size=12))
2023-03-07 04:41:11,801 DEBUG server.RaftServer$Division (LeaderStateImpl.java:addPendingRequest(474)) - s11@group-A82F1EDBF13F-LeaderStateImpl: addPendingRequest at RaftClientRequest:client-A5D49D9BF856->s11@group-A82F1EDBF13F, cid=5394, seq=0, RW, Message:01016202408a40000000...(size=12), entry=(t:1, i:111), STATEMACHINELOGENTRY, 5394@client-A5D49D9BF856
2023-03-07 04:41:11,801 DEBUG server.RaftServer$Division (RaftServerImpl.java:logAppendEntries(1429)) - s13@group-A82F1EDBF13F: receive appendEntries(s11, 1, (t:1, i:108), 109, true, commits:[s11:c109, s13:c107, s12:c108], cId:5393, entries: [(t:1, i:109), STATEMACHINELOGENTRY, 5390@client-A5D49D9BF856, (t:1, i:110), METADATAENTRY(c:109)]
2023-03-07 04:41:11,802 DEBUG server.RaftServer$Division (RaftServerImpl.java:logAppendEntries(1429)) - s12@group-A82F1EDBF13F: succeeded to handle AppendEntries. Reply: s11<-s12#5392:OK-t1,SUCCESS,nextIndex=111,followerCommit=109,matchIndex=110
2023-03-07 04:41:11,802 DEBUG server.RaftServer$Division (RaftServerImpl.java:logAppendEntries(1429)) - s13@group-A82F1EDBF13F: succeeded to handle AppendEntries. Reply: s11<-s13#5393:OK-t1,SUCCESS,nextIndex=111,followerCommit=109,matchIndex=110
2023-03-07 04:41:11,803 DEBUG server.RaftServer$Division (RaftServerImpl.java:logAppendEntries(1429)) - s12@group-A82F1EDBF13F: receive appendEntries(s11, 1, (t:1, i:110), 109, true, commits:[s11:c109, s13:c107, s12:c109], cId:5395, entries: [(t:1, i:111), STATEMACHINELOGENTRY, 5394@client-A5D49D9BF856]
2023-03-07 04:41:11,803 DEBUG server.RaftServer$Division (RaftServerImpl.java:logAppendEntries(1429)) - s13@group-A82F1EDBF13F: receive appendEntries(s11, 1, (t:1, i:110), 110, true, commits:[s11:c110, s13:c109, s12:c109], cId:5396, entries: [(t:1, i:111), STATEMACHINELOGENTRY, 5394@client-A5D49D9BF856]
2023-03-07 04:41:11,803 DEBUG server.RaftServer$Division (RaftServerImpl.java:logAppendEntries(1429)) - s12@group-A82F1EDBF13F: succeeded to handle AppendEntries. Reply: s11<-s12#5395:OK-t1,SUCCESS,nextIndex=112,followerCommit=109,matchIndex=111
2023-03-07 04:41:11,803 INFO  statemachine.StateMachine (ArithmeticStateMachine.java:applyTransaction(182)) - LEADER:s11-111: b = 840 = 840
2023-03-07 04:41:11,804 DEBUG server.RaftServer$Division (RaftServerImpl.java:logAppendEntries(1429)) - s13@group-A82F1EDBF13F: succeeded to handle AppendEntries. Reply: s11<-s13#5396:OK-t1,SUCCESS,nextIndex=112,followerCommit=110,matchIndex=111
2023-03-07 04:41:11,804 DEBUG server.RaftServer$Division (RaftServerImpl.java:logAppendEntries(1429)) - s12@group-A82F1EDBF13F: receive appendEntries(s11, 1, (t:1, i:111), 111, true, commits:[s11:c111, s13:c109, s12:c109], cId:5397, entries: [(t:1, i:112), METADATAENTRY(c:111)]
2023-03-07 04:41:11,804 DEBUG server.RaftServer$Division (RaftServerImpl.java:submitClientRequestAsync(832)) - s11@group-A82F1EDBF13F: receive client request(RaftClientRequest:client-A5D49D9BF856->s11@group-A82F1EDBF13F, cid=5398, seq=0, RW, Message:01016304010300040201...(size=17))
2023-03-07 04:41:11,805 DEBUG server.RaftServer$Division (LeaderStateImpl.java:addPendingRequest(474)) - s11@group-A82F1EDBF13F-LeaderStateImpl: addPendingRequest at RaftClientRequest:client-A5D49D9BF856->s11@group-A82F1EDBF13F, cid=5398, seq=0, RW, Message:01016304010300040201...(size=17), entry=(t:1, i:113), STATEMACHINELOGENTRY, 5398@client-A5D49D9BF856
2023-03-07 04:41:11,805 DEBUG server.RaftServer$Division (RaftServerImpl.java:logAppendEntries(1429)) - s12@group-A82F1EDBF13F: succeeded to handle AppendEntries. Reply: s11<-s12#5397:OK-t1,SUCCESS,nextIndex=113,followerCommit=111,matchIndex=112
2023-03-07 04:41:11,805 DEBUG server.RaftServer$Division (RaftServerImpl.java:logAppendEntries(1429)) - s12@group-A82F1EDBF13F: receive appendEntries(s11, 1, (t:1, i:112), 111, true, commits:[s11:c111, s13:c110, s12:c111], cId:5399, entries: [(t:1, i:113), STATEMACHINELOGENTRY, 5398@client-A5D49D9BF856]
2023-03-07 04:41:11,805 DEBUG server.RaftServer$Division (RaftServerImpl.java:logAppendEntries(1429)) - s13@group-A82F1EDBF13F: receive appendEntries(s11, 1, (t:1, i:111), 111, true, commits:[s11:c111, s13:c110, s12:c111], cId:5400, entries: [(t:1, i:112), METADATAENTRY(c:111), (t:1, i:113), STATEMACHINELOGENTRY, 5398@client-A5D49D9BF856]
2023-03-07 04:41:11,806 DEBUG server.RaftServer$Division (RaftServerImpl.java:logAppendEntries(1429)) - s12@group-A82F1EDBF13F: succeeded to handle AppendEntries. Reply: s11<-s12#5399:OK-t1,SUCCESS,nextIndex=114,followerCommit=111,matchIndex=113
2023-03-07 04:41:11,806 DEBUG server.RaftServer$Division (RaftServerImpl.java:logAppendEntries(1429)) - s13@group-A82F1EDBF13F: succeeded to handle AppendEntries. Reply: s11<-s13#5400:OK-t1,SUCCESS,nextIndex=114,followerCommit=111,matchIndex=113
2023-03-07 04:41:11,806 INFO  statemachine.StateMachine (ArithmeticStateMachine.java:applyTransaction(182)) - LEADER:s11-113: c = √(a^2 + b^2) = 841
2023-03-07 04:41:11,806 DEBUG server.RaftServer$Division (RaftServerImpl.java:logAppendEntries(1429)) - s12@group-A82F1EDBF13F: receive appendEntries(s11, 1, (t:1, i:113), 113, true, commits:[s11:c113, s13:c110, s12:c111], cId:5401, entries: [(t:1, i:114), METADATAENTRY(c:113)]
2023-03-07 04:41:11,807 DEBUG server.RaftServer$Division (RaftServerImpl.java:submitClientRequestAsync(832)) - s11@group-A82F1EDBF13F: receive client request(RaftClientRequest:client-A5D49D9BF856->s11@group-A82F1EDBF13F, cid=5403, seq=0, RW, Message:01016100)
2023-03-07 04:41:11,807 DEBUG server.RaftServer$Division (RaftServerImpl.java:logAppendEntries(1429)) - s12@group-A82F1EDBF13F: succeeded to handle AppendEntries. Reply: s11<-s12#5401:OK-t1,SUCCESS,nextIndex=115,followerCommit=113,matchIndex=114
2023-03-07 04:41:11,807 DEBUG server.RaftServer$Division (LeaderStateImpl.java:addPendingRequest(474)) - s11@group-A82F1EDBF13F-LeaderStateImpl: addPendingRequest at RaftClientRequest:client-A5D49D9BF856->s11@group-A82F1EDBF13F, cid=5403, seq=0, RW, Message:01016100, entry=(t:1, i:115), STATEMACHINELOGENTRY, 5403@client-A5D49D9BF856
2023-03-07 04:41:11,807 DEBUG server.RaftServer$Division (RaftServerImpl.java:logAppendEntries(1429)) - s13@group-A82F1EDBF13F: receive appendEntries(s11, 1, (t:1, i:113), 113, true, commits:[s11:c113, s13:c111, s12:c111], cId:5402, entries: [(t:1, i:114), METADATAENTRY(c:113)]
2023-03-07 04:41:11,808 DEBUG server.RaftServer$Division (RaftServerImpl.java:logAppendEntries(1429)) - s13@group-A82F1EDBF13F: succeeded to handle AppendEntries. Reply: s11<-s13#5402:OK-t1,SUCCESS,nextIndex=115,followerCommit=113,matchIndex=114
2023-03-07 04:41:11,808 DEBUG server.RaftServer$Division (RaftServerImpl.java:logAppendEntries(1429)) - s12@group-A82F1EDBF13F: receive appendEntries(s11, 1, (t:1, i:114), 113, true, commits:[s11:c113, s13:c111, s12:c113], cId:5404, entries: [(t:1, i:115), STATEMACHINELOGENTRY, 5403@client-A5D49D9BF856]
2023-03-07 04:41:11,808 DEBUG server.RaftServer$Division (RaftServerImpl.java:logAppendEntries(1429)) - s12@group-A82F1EDBF13F: succeeded to handle AppendEntries. Reply: s11<-s12#5404:OK-t1,SUCCESS,nextIndex=116,followerCommit=113,matchIndex=115
2023-03-07 04:41:11,808 DEBUG server.RaftServer$Division (RaftServerImpl.java:logAppendEntries(1429)) - s13@group-A82F1EDBF13F: receive appendEntries(s11, 1, (t:1, i:114), 114, true, commits:[s11:c114, s13:c113, s12:c113], cId:5405, entries: [(t:1, i:115), STATEMACHINELOGENTRY, 5403@client-A5D49D9BF856]
2023-03-07 04:41:11,808 INFO  statemachine.StateMachine (ArithmeticStateMachine.java:applyTransaction(182)) - LEADER:s11-115: a = null = null
2023-03-07 04:41:11,809 DEBUG server.RaftServer$Division (RaftServerImpl.java:logAppendEntries(1429)) - s12@group-A82F1EDBF13F: receive appendEntries(s11, 1, (t:1, i:115), 115, true, commits:[s11:c115, s13:c113, s12:c113], cId:5406, entries: [(t:1, i:116), METADATAENTRY(c:115)]
2023-03-07 04:41:11,810 DEBUG server.RaftServer$Division (RaftServerImpl.java:submitClientRequestAsync(832)) - s11@group-A82F1EDBF13F: receive client request(RaftClientRequest:client-A5D49D9BF856->s11@group-A82F1EDBF13F, cid=5407, seq=0, RW, Message:01016200)
2023-03-07 04:41:11,810 DEBUG server.RaftServer$Division (LeaderStateImpl.java:addPendingRequest(474)) - s11@group-A82F1EDBF13F-LeaderStateImpl: addPendingRequest at RaftClientRequest:client-A5D49D9BF856->s11@group-A82F1EDBF13F, cid=5407, seq=0, RW, Message:01016200, entry=(t:1, i:117), STATEMACHINELOGENTRY, 5407@client-A5D49D9BF856
2023-03-07 04:41:11,811 DEBUG server.RaftServer$Division (RaftServerImpl.java:logAppendEntries(1429)) - s12@group-A82F1EDBF13F: succeeded to handle AppendEntries. Reply: s11<-s12#5406:OK-t1,SUCCESS,nextIndex=117,followerCommit=115,matchIndex=116
2023-03-07 04:41:11,811 DEBUG server.RaftServer$Division (RaftServerImpl.java:logAppendEntries(1429)) - s13@group-A82F1EDBF13F: succeeded to handle AppendEntries. Reply: s11<-s13#5405:OK-t1,SUCCESS,nextIndex=116,followerCommit=114,matchIndex=115
2023-03-07 04:41:11,811 DEBUG server.RaftServer$Division (RaftServerImpl.java:logAppendEntries(1429)) - s12@group-A82F1EDBF13F: receive appendEntries(s11, 1, (t:1, i:116), 115, true, commits:[s11:c115, s13:c113, s12:c115], cId:5408, entries: [(t:1, i:117), STATEMACHINELOGENTRY, 5407@client-A5D49D9BF856]
2023-03-07 04:41:11,812 DEBUG server.RaftServer$Division (RaftServerImpl.java:logAppendEntries(1429)) - s12@group-A82F1EDBF13F: succeeded to handle AppendEntries. Reply: s11<-s12#5408:OK-t1,SUCCESS,nextIndex=118,followerCommit=115,matchIndex=117
2023-03-07 04:41:11,812 DEBUG server.RaftServer$Division (RaftServerImpl.java:logAppendEntries(1429)) - s13@group-A82F1EDBF13F: receive appendEntries(s11, 1, (t:1, i:115), 116, true, commits:[s11:c116, s13:c114, s12:c115], cId:5409, entries: [(t:1, i:116), METADATAENTRY(c:115), (t:1, i:117), STATEMACHINELOGENTRY, 5407@client-A5D49D9BF856]
2023-03-07 04:41:11,812 INFO  statemachine.StateMachine (ArithmeticStateMachine.java:applyTransaction(182)) - LEADER:s11-117: b = null = null
2023-03-07 04:41:11,812 DEBUG server.RaftServer$Division (RaftServerImpl.java:logAppendEntries(1429)) - s13@group-A82F1EDBF13F: succeeded to handle AppendEntries. Reply: s11<-s13#5409:OK-t1,SUCCESS,nextIndex=118,followerCommit=116,matchIndex=117
2023-03-07 04:41:11,812 DEBUG server.RaftServer$Division (RaftServerImpl.java:logAppendEntries(1429)) - s12@group-A82F1EDBF13F: receive appendEntries(s11, 1, (t:1, i:117), 117, true, commits:[s11:c117, s13:c114, s12:c115], cId:5410, entries: [(t:1, i:118), METADATAENTRY(c:117)]
2023-03-07 04:41:11,813 DEBUG server.RaftServer$Division (RaftServerImpl.java:logAppendEntries(1429)) - s12@group-A82F1EDBF13F: succeeded to handle AppendEntries. Reply: s11<-s12#5410:OK-t1,SUCCESS,nextIndex=119,followerCommit=117,matchIndex=118
2023-03-07 04:41:11,813 DEBUG server.RaftServer$Division (RaftServerImpl.java:submitClientRequestAsync(832)) - s11@group-A82F1EDBF13F: receive client request(RaftClientRequest:client-A5D49D9BF856->s11@group-A82F1EDBF13F, cid=5411, seq=0, RW, Message:01016300)
2023-03-07 04:41:11,813 DEBUG server.RaftServer$Division (LeaderStateImpl.java:addPendingRequest(474)) - s11@group-A82F1EDBF13F-LeaderStateImpl: addPendingRequest at RaftClientRequest:client-A5D49D9BF856->s11@group-A82F1EDBF13F, cid=5411, seq=0, RW, Message:01016300, entry=(t:1, i:119), STATEMACHINELOGENTRY, 5411@client-A5D49D9BF856
2023-03-07 04:41:11,814 DEBUG server.RaftServer$Division (RaftServerImpl.java:logAppendEntries(1429)) - s12@group-A82F1EDBF13F: receive appendEntries(s11, 1, (t:1, i:118), 118, true, commits:[s11:c118, s13:c114, s12:c117], cId:5412, entries: [(t:1, i:119), STATEMACHINELOGENTRY, 5411@client-A5D49D9BF856]
2023-03-07 04:41:11,814 DEBUG server.RaftServer$Division (RaftServerImpl.java:logAppendEntries(1429)) - s13@group-A82F1EDBF13F: receive appendEntries(s11, 1, (t:1, i:117), 118, true, commits:[s11:c118, s13:c116, s12:c117], cId:5413, entries: [(t:1, i:118), METADATAENTRY(c:117), (t:1, i:119), STATEMACHINELOGENTRY, 5411@client-A5D49D9BF856]
2023-03-07 04:41:11,814 DEBUG server.RaftServer$Division (RaftServerImpl.java:logAppendEntries(1429)) - s12@group-A82F1EDBF13F: succeeded to handle AppendEntries. Reply: s11<-s12#5412:OK-t1,SUCCESS,nextIndex=120,followerCommit=118,matchIndex=119
2023-03-07 04:41:11,814 DEBUG server.RaftServer$Division (RaftServerImpl.java:logAppendEntries(1429)) - s13@group-A82F1EDBF13F: succeeded to handle AppendEntries. Reply: s11<-s13#5413:OK-t1,SUCCESS,nextIndex=120,followerCommit=118,matchIndex=119
2023-03-07 04:41:11,814 INFO  statemachine.StateMachine (ArithmeticStateMachine.java:applyTransaction(182)) - LEADER:s11-119: c = null = null
2023-03-07 04:41:11,815 DEBUG server.RaftServer$Division (RaftServerImpl.java:logAppendEntries(1429)) - s12@group-A82F1EDBF13F: receive appendEntries(s11, 1, (t:1, i:119), 119, true, commits:[s11:c119, s13:c118, s12:c118], cId:5415, entries: [(t:1, i:120), METADATAENTRY(c:119)]
2023-03-07 04:41:11,815 DEBUG server.RaftServer$Division (RaftServerImpl.java:logAppendEntries(1429)) - s12@group-A82F1EDBF13F: succeeded to handle AppendEntries. Reply: s11<-s12#5415:OK-t1,SUCCESS,nextIndex=121,followerCommit=119,matchIndex=120
2023-03-07 04:41:11,815 DEBUG server.RaftServer$Division (RaftServerImpl.java:logAppendEntries(1429)) - s13@group-A82F1EDBF13F: receive appendEntries(s11, 1, (t:1, i:119), 119, true, commits:[s11:c119, s13:c118, s12:c118], cId:5414, entries: [(t:1, i:120), METADATAENTRY(c:119)]
2023-03-07 04:41:11,815 DEBUG server.RaftServer$Division (RaftServerImpl.java:logAppendEntries(1429)) - s13@group-A82F1EDBF13F: succeeded to handle AppendEntries. Reply: s11<-s13#5414:OK-t1,SUCCESS,nextIndex=121,followerCommit=119,matchIndex=120
2023-03-07 04:41:11,831 INFO  impl.GroupManagementBaseTest (GroupManagementBaseTest.java:runMultiGroupTest(281)) - 2) starting group-3274576D874F:[s3|rpc:0.0.0.0:43243|priority:0|startupRole:FOLLOWER, s14|rpc:0.0.0.0:41557|priority:0|startupRole:FOLLOWER, s2|rpc:0.0.0.0:40769|priority:0|startupRole:FOLLOWER]
2023-03-07 04:41:11,833 INFO  logging.LoggingHandler (AbstractInternalLogger.java:log(148)) - [id: 0xdc2b15a4, L:/0.0.0.0:41557] READ: [id: 0x4deb448c, L:/10.1.0.7:41557 - R:/10.1.0.7:52784]
2023-03-07 04:41:11,834 INFO  logging.LoggingHandler (AbstractInternalLogger.java:log(148)) - [id: 0xdc2b15a4, L:/0.0.0.0:41557] READ COMPLETE
2023-03-07 04:41:11,836 INFO  server.RaftServer (RaftServerProxy.java:addNew(99)) - s14: addNew group-3274576D874F:[s3|rpc:0.0.0.0:43243|dataStream:|priority:0|startupRole:FOLLOWER, s14|rpc:0.0.0.0:41557|dataStream:|priority:0|startupRole:FOLLOWER, s2|rpc:0.0.0.0:40769|dataStream:|priority:0|startupRole:FOLLOWER] returns group-3274576D874F:java.util.concurrent.CompletableFuture@6d6f5b4f[Not completed]
2023-03-07 04:41:11,836 INFO  server.RaftServer$Division (RaftServerImpl.java:<init>(198)) - s14: new RaftServerImpl for group-3274576D874F:[s3|rpc:0.0.0.0:43243|dataStream:|priority:0|startupRole:FOLLOWER, s14|rpc:0.0.0.0:41557|dataStream:|priority:0|startupRole:FOLLOWER, s2|rpc:0.0.0.0:40769|dataStream:|priority:0|startupRole:FOLLOWER] with ArithmeticStateMachine:uninitialized
2023-03-07 04:41:11,836 INFO  server.RaftServerConfigKeys (ConfUtils.java:logGet(46)) - raft.server.rpc.timeout.min = 300ms (custom)
2023-03-07 04:41:11,836 INFO  server.RaftServerConfigKeys (ConfUtils.java:logGet(46)) - raft.server.rpc.timeout.max = 600ms (custom)
2023-03-07 04:41:11,836 INFO  server.RaftServerConfigKeys (ConfUtils.java:logGet(46)) - raft.server.rpc.sleep.time = 25ms (default)
2023-03-07 04:41:11,836 INFO  server.RaftServerConfigKeys (ConfUtils.java:logGet(46)) - raft.server.rpc.slowness.timeout = 60s (default)
2023-03-07 04:41:11,836 INFO  server.RaftServerConfigKeys (ConfUtils.java:logGet(46)) - raft.server.leaderelection.leader.step-down.wait-time = 10s (default)
2023-03-07 04:41:11,836 INFO  server.RaftServerConfigKeys (ConfUtils.java:logGet(46)) - raft.server.sleep.deviation.threshold = 300ms (default)
2023-03-07 04:41:11,836 INFO  server.RaftServer$Division (ServerState.java:<init>(113)) - s14@group-3274576D874F: ConfigurationManager, init=-1: peers:[s3|rpc:0.0.0.0:43243|dataStream:|priority:0|startupRole:FOLLOWER, s14|rpc:0.0.0.0:41557|dataStream:|priority:0|startupRole:FOLLOWER, s2|rpc:0.0.0.0:40769|dataStream:|priority:0|startupRole:FOLLOWER]|listeners:[], old=null, confs=<EMPTY_MAP>
2023-03-07 04:41:11,836 INFO  server.RaftServerConfigKeys (ConfUtils.java:logGet(46)) - raft.server.notification.no-leader.timeout = 60s (default)
2023-03-07 04:41:11,836 INFO  server.RaftServerConfigKeys (ConfUtils.java:logGet(46)) - raft.server.read.timeout = 10s (default)
2023-03-07 04:41:11,836 INFO  server.RaftServerConfigKeys (ConfUtils.java:logGet(46)) - raft.server.retrycache.expirytime = 60s (default)
2023-03-07 04:41:11,836 INFO  server.RaftServerConfigKeys (ConfUtils.java:logGet(46)) - raft.server.retrycache.statistics.expirytime = 100μs (default)
2023-03-07 04:41:11,836 INFO  server.RaftServerConfigKeys (ConfUtils.java:logGet(46)) - raft.server.read.option = DEFAULT (default)
2023-03-07 04:41:11,837 INFO  server.RaftServerConfigKeys (ConfUtils.java:logGet(46)) - raft.server.log.appender.install.snapshot.enabled = true (default)
2023-03-07 04:41:11,838 INFO  server.RaftServerConfigKeys (ConfUtils.java:logGet(46)) - raft.server.threadpool.server.cached = true (default)
2023-03-07 04:41:11,838 INFO  server.RaftServerConfigKeys (ConfUtils.java:logGet(46)) - raft.server.threadpool.server.size = 0 (default)
2023-03-07 04:41:11,838 INFO  server.RaftServerConfigKeys (ConfUtils.java:logGet(46)) - raft.server.threadpool.client.cached = true (default)
2023-03-07 04:41:11,838 INFO  server.RaftServerConfigKeys (ConfUtils.java:logGet(46)) - raft.server.threadpool.client.size = 0 (default)
2023-03-07 04:41:11,838 INFO  server.RaftServerConfigKeys (ConfUtils.java:logGet(46)) - raft.server.storage.free-space.min = 0MB (=0) (default)
2023-03-07 04:41:11,838 INFO  server.RaftServerConfigKeys (ConfUtils.java:logGet(46)) - raft.server.log.corruption.policy = EXCEPTION (default)
2023-03-07 04:41:11,838 INFO  server.RaftServerConfigKeys (ConfUtils.java:logGet(46)) - raft.server.storage.dir = [/home/runner/work/ratis/ratis/ratis-examples/target/test/data/fa33b8e4/MiniRaftClusterWithNettye7083e71/s14] (custom)
2023-03-07 04:41:11,838 INFO  storage.RaftStorageDirectory (RaftStorageDirectoryImpl.java:analyzeStorage(138)) - The storage directory /home/runner/work/ratis/ratis/ratis-examples/target/test/data/fa33b8e4/MiniRaftClusterWithNettye7083e71/s14/92c477b1-e109-4177-9a87-3274576d874f does not exist. Creating ...
2023-03-07 04:41:11,838 TRACE util.FileUtils (LogUtils.java:runAndLog(49)) - Successfully ran Files.createDirectories /home/runner/work/ratis/ratis/ratis-examples/target/test/data/fa33b8e4/MiniRaftClusterWithNettye7083e71/s14/92c477b1-e109-4177-9a87-3274576d874f
2023-03-07 04:41:11,840 INFO  storage.RaftStorageDirectory (RaftStorageDirectoryImpl.java:tryLock(232)) - Lock on /home/runner/work/ratis/ratis/ratis-examples/target/test/data/fa33b8e4/MiniRaftClusterWithNettye7083e71/s14/92c477b1-e109-4177-9a87-3274576d874f/in_use.lock acquired by nodename 15875@fv-az983-448
2023-03-07 04:41:11,840 TRACE util.FileUtils (LogUtils.java:runAndLog(49)) - Successfully ran Files.createDirectories /home/runner/work/ratis/ratis/ratis-examples/target/test/data/fa33b8e4/MiniRaftClusterWithNettye7083e71/s14/92c477b1-e109-4177-9a87-3274576d874f/current
2023-03-07 04:41:11,840 TRACE util.FileUtils (LogUtils.java:runAndLog(49)) - Successfully ran Files.createDirectories /home/runner/work/ratis/ratis/ratis-examples/target/test/data/fa33b8e4/MiniRaftClusterWithNettye7083e71/s14/92c477b1-e109-4177-9a87-3274576d874f/sm
2023-03-07 04:41:11,841 INFO  storage.RaftStorage (RaftStorageImpl.java:format(96)) - Storage directory /home/runner/work/ratis/ratis/ratis-examples/target/test/data/fa33b8e4/MiniRaftClusterWithNettye7083e71/s14/92c477b1-e109-4177-9a87-3274576d874f has been successfully formatted.
2023-03-07 04:41:11,841 WARN  statemachine.StateMachine (ArithmeticStateMachine.java:loadSnapshot(116)) - The snapshot info is null.
2023-03-07 04:41:11,841 INFO  server.RaftServerConfigKeys (ConfUtils.java:logGet(46)) - raft.server.log.use.memory = false (default)
2023-03-07 04:41:11,841 INFO  server.RaftServerConfigKeys (ConfUtils.java:logGet(46)) - raft.server.log.purge.gap = 1024 (default)
2023-03-07 04:41:11,841 INFO  server.RaftServerConfigKeys (ConfUtils.java:logGet(46)) - raft.server.log.appender.buffer.byte-limit = 4MB (=4194304) (default)
2023-03-07 04:41:11,841 INFO  server.RaftServerConfigKeys (ConfUtils.java:logGet(46)) - raft.server.log.statemachine.data.read.timeout = 1000ms (default)
2023-03-07 04:41:11,841 INFO  server.RaftServerConfigKeys (ConfUtils.java:logGet(46)) - raft.server.log.purge.preservation.log.num = 0 (default)
2023-03-07 04:41:11,842 INFO  server.RaftServerConfigKeys (ConfUtils.java:logGet(46)) - raft.server.log.segment.size.max = 8MB (=8388608) (default)
2023-03-07 04:41:11,842 INFO  server.RaftServerConfigKeys (ConfUtils.java:logGet(46)) - raft.server.log.segment.cache.num.max = 6 (default)
2023-03-07 04:41:11,842 INFO  server.RaftServerConfigKeys (ConfUtils.java:logGet(46)) - raft.server.log.segment.cache.size.max = 200MB (=209715200) (default)
2023-03-07 04:41:11,842 INFO  server.RaftServerConfigKeys (ConfUtils.java:logGet(46)) - raft.server.log.appender.buffer.byte-limit = 4MB (=4194304) (default)
2023-03-07 04:41:11,842 INFO  segmented.SegmentedRaftLogWorker (SegmentedRaftLogWorker.java:<init>(183)) - new s14@group-3274576D874F-SegmentedRaftLogWorker for RaftStorageImpl:Storage Directory /home/runner/work/ratis/ratis/ratis-examples/target/test/data/fa33b8e4/MiniRaftClusterWithNettye7083e71/s14/92c477b1-e109-4177-9a87-3274576d874f
2023-03-07 04:41:11,842 INFO  server.RaftServerConfigKeys (ConfUtils.java:logGet(46)) - raft.server.log.queue.byte-limit = 64MB (=67108864) (default)
2023-03-07 04:41:11,842 INFO  server.RaftServerConfigKeys (ConfUtils.java:logGet(46)) - raft.server.log.queue.element-limit = 4096 (default)
2023-03-07 04:41:11,843 INFO  server.RaftServerConfigKeys (ConfUtils.java:logGet(46)) - raft.server.log.segment.size.max = 8MB (=8388608) (default)
2023-03-07 04:41:11,843 INFO  server.RaftServerConfigKeys (ConfUtils.java:logGet(46)) - raft.server.log.preallocated.size = 4MB (=4194304) (default)
2023-03-07 04:41:11,843 INFO  server.RaftServerConfigKeys (ConfUtils.java:logGet(46)) - raft.server.log.force.sync.num = 128 (default)
2023-03-07 04:41:11,843 INFO  server.RaftServerConfigKeys (ConfUtils.java:logGet(46)) - raft.server.log.statemachine.data.sync = true (default)
2023-03-07 04:41:11,843 INFO  server.RaftServerConfigKeys (ConfUtils.java:logGet(46)) - raft.server.log.statemachine.data.sync.timeout = 10s (default)
2023-03-07 04:41:11,843 INFO  server.RaftServerConfigKeys (ConfUtils.java:logGet(46)) - raft.server.log.statemachine.data.sync.timeout.retry = -1 (default)
2023-03-07 04:41:11,843 INFO  server.RaftServerConfigKeys (ConfUtils.java:logGet(46)) - raft.server.log.write.buffer.size = 64KB (=65536) (default)
2023-03-07 04:41:11,843 INFO  server.RaftServerConfigKeys (ConfUtils.java:logGet(46)) - raft.server.log.appender.buffer.byte-limit = 4MB (=4194304) (default)
2023-03-07 04:41:11,854 INFO  server.RaftServerConfigKeys (ConfUtils.java:logGet(46)) - raft.server.log.unsafe-flush.enabled = false (default)
2023-03-07 04:41:11,854 INFO  server.RaftServerConfigKeys (ConfUtils.java:logGet(46)) - raft.server.log.async-flush.enabled = false (default)
2023-03-07 04:41:11,854 INFO  server.RaftServerConfigKeys (ConfUtils.java:logGet(46)) - raft.server.log.statemachine.data.caching.enabled = false (default)
2023-03-07 04:41:11,854 INFO  segmented.SegmentedRaftLogWorker (SegmentedRaftLogWorker.java:lambda$new$0(134)) - s14@group-3274576D874F-SegmentedRaftLogWorker: flushIndex: setUnconditionally 0 -> -1
2023-03-07 04:41:11,854 INFO  segmented.SegmentedRaftLogWorker (SegmentedRaftLogWorker.java:lambda$new$0(134)) - s14@group-3274576D874F-SegmentedRaftLogWorker: safeCacheEvictIndex: setUnconditionally 0 -> -1
2023-03-07 04:41:11,860 INFO  server.RaftServer$Division (RaftServerImpl.java:start(342)) - s14@group-3274576D874F: start as a follower, conf=-1: peers:[s3|rpc:0.0.0.0:43243|dataStream:|priority:0|startupRole:FOLLOWER, s14|rpc:0.0.0.0:41557|dataStream:|priority:0|startupRole:FOLLOWER, s2|rpc:0.0.0.0:40769|dataStream:|priority:0|startupRole:FOLLOWER]|listeners:[], old=null
2023-03-07 04:41:11,860 INFO  server.RaftServer$Division (RaftServerImpl.java:setRole(329)) - s14@group-3274576D874F: changes role from      null to FOLLOWER at term 0 for startAsFollower
2023-03-07 04:41:11,860 INFO  impl.RoleInfo (RoleInfo.java:updateAndGet(139)) - s14: start s14@group-3274576D874F-FollowerState
2023-03-07 04:41:11,863 INFO  util.JmxRegister (JmxRegister.java:tryRegister(44)) - Successfully registered JMX Bean with object name Ratis:service=RaftServer,group=group-3274576D874F,id=s14
2023-03-07 04:41:11,863 INFO  server.RaftServerConfigKeys (ConfUtils.java:logGet(46)) - raft.server.snapshot.auto.trigger.enabled = false (default)
2023-03-07 04:41:11,863 INFO  server.RaftServerConfigKeys (ConfUtils.java:logGet(46)) - raft.server.snapshot.retention.file.num = -1 (default)
2023-03-07 04:41:11,863 INFO  server.RaftServerConfigKeys (ConfUtils.java:logGet(46)) - raft.server.log.purge.upto.snapshot.index = false (default)
2023-03-07 04:41:11,864 INFO  server.RaftServerConfigKeys (ConfUtils.java:logFallback(53)) - raft.server.rpc.first-election.timeout.min = 300ms (fallback to raft.server.rpc.timeout.min)
2023-03-07 04:41:11,868 INFO  server.RaftServerConfigKeys (ConfUtils.java:logFallback(53)) - raft.server.rpc.first-election.timeout.max = 600ms (fallback to raft.server.rpc.timeout.max)
2023-03-07 04:41:11,907 INFO  logging.LoggingHandler (AbstractInternalLogger.java:log(148)) - [id: 0x923fd090, L:/0.0.0.0:40769] READ: [id: 0x58919fc3, L:/10.1.0.7:40769 - R:/10.1.0.7:46830]
2023-03-07 04:41:11,908 INFO  logging.LoggingHandler (AbstractInternalLogger.java:log(148)) - [id: 0x923fd090, L:/0.0.0.0:40769] READ COMPLETE
2023-03-07 04:41:11,915 INFO  server.RaftServer (RaftServerProxy.java:addNew(99)) - s2: addNew group-3274576D874F:[s3|rpc:0.0.0.0:43243|dataStream:|priority:0|startupRole:FOLLOWER, s14|rpc:0.0.0.0:41557|dataStream:|priority:0|startupRole:FOLLOWER, s2|rpc:0.0.0.0:40769|dataStream:|priority:0|startupRole:FOLLOWER] returns group-3274576D874F:java.util.concurrent.CompletableFuture@6d98eda9[Not completed]
2023-03-07 04:41:11,915 INFO  server.RaftServer$Division (RaftServerImpl.java:<init>(198)) - s2: new RaftServerImpl for group-3274576D874F:[s3|rpc:0.0.0.0:43243|dataStream:|priority:0|startupRole:FOLLOWER, s14|rpc:0.0.0.0:41557|dataStream:|priority:0|startupRole:FOLLOWER, s2|rpc:0.0.0.0:40769|dataStream:|priority:0|startupRole:FOLLOWER] with ArithmeticStateMachine:uninitialized
2023-03-07 04:41:11,915 INFO  server.RaftServerConfigKeys (ConfUtils.java:logGet(46)) - raft.server.rpc.timeout.min = 300ms (custom)
2023-03-07 04:41:11,915 INFO  server.RaftServerConfigKeys (ConfUtils.java:logGet(46)) - raft.server.rpc.timeout.max = 600ms (custom)
2023-03-07 04:41:11,915 INFO  server.RaftServerConfigKeys (ConfUtils.java:logGet(46)) - raft.server.rpc.sleep.time = 25ms (default)
2023-03-07 04:41:11,915 INFO  server.RaftServerConfigKeys (ConfUtils.java:logGet(46)) - raft.server.rpc.slowness.timeout = 60s (default)
2023-03-07 04:41:11,915 INFO  server.RaftServerConfigKeys (ConfUtils.java:logGet(46)) - raft.server.leaderelection.leader.step-down.wait-time = 10s (default)
2023-03-07 04:41:11,915 INFO  server.RaftServerConfigKeys (ConfUtils.java:logGet(46)) - raft.server.sleep.deviation.threshold = 300ms (default)
2023-03-07 04:41:11,916 INFO  server.RaftServer$Division (ServerState.java:<init>(113)) - s2@group-3274576D874F: ConfigurationManager, init=-1: peers:[s3|rpc:0.0.0.0:43243|dataStream:|priority:0|startupRole:FOLLOWER, s14|rpc:0.0.0.0:41557|dataStream:|priority:0|startupRole:FOLLOWER, s2|rpc:0.0.0.0:40769|dataStream:|priority:0|startupRole:FOLLOWER]|listeners:[], old=null, confs=<EMPTY_MAP>
2023-03-07 04:41:11,916 INFO  server.RaftServerConfigKeys (ConfUtils.java:logGet(46)) - raft.server.notification.no-leader.timeout = 60s (default)
2023-03-07 04:41:11,916 INFO  server.RaftServerConfigKeys (ConfUtils.java:logGet(46)) - raft.server.read.timeout = 10s (default)
2023-03-07 04:41:11,916 INFO  server.RaftServerConfigKeys (ConfUtils.java:logGet(46)) - raft.server.retrycache.expirytime = 60s (default)
2023-03-07 04:41:11,916 INFO  server.RaftServerConfigKeys (ConfUtils.java:logGet(46)) - raft.server.retrycache.statistics.expirytime = 100μs (default)
2023-03-07 04:41:11,916 INFO  server.RaftServerConfigKeys (ConfUtils.java:logGet(46)) - raft.server.read.option = DEFAULT (default)
2023-03-07 04:41:11,917 INFO  server.RaftServerConfigKeys (ConfUtils.java:logGet(46)) - raft.server.log.appender.install.snapshot.enabled = true (default)
2023-03-07 04:41:11,917 INFO  server.RaftServerConfigKeys (ConfUtils.java:logGet(46)) - raft.server.threadpool.server.cached = true (default)
2023-03-07 04:41:11,917 INFO  server.RaftServerConfigKeys (ConfUtils.java:logGet(46)) - raft.server.threadpool.server.size = 0 (default)
2023-03-07 04:41:11,917 INFO  server.RaftServerConfigKeys (ConfUtils.java:logGet(46)) - raft.server.threadpool.client.cached = true (default)
2023-03-07 04:41:11,917 INFO  server.RaftServerConfigKeys (ConfUtils.java:logGet(46)) - raft.server.threadpool.client.size = 0 (default)
2023-03-07 04:41:11,917 INFO  server.RaftServerConfigKeys (ConfUtils.java:logGet(46)) - raft.server.storage.free-space.min = 0MB (=0) (default)
2023-03-07 04:41:11,917 INFO  server.RaftServerConfigKeys (ConfUtils.java:logGet(46)) - raft.server.log.corruption.policy = EXCEPTION (default)
2023-03-07 04:41:11,917 INFO  server.RaftServerConfigKeys (ConfUtils.java:logGet(46)) - raft.server.storage.dir = [/home/runner/work/ratis/ratis/ratis-examples/target/test/data/fa33b8e4/MiniRaftClusterWithNettye7083e71/s2] (custom)
2023-03-07 04:41:11,917 INFO  storage.RaftStorageDirectory (RaftStorageDirectoryImpl.java:analyzeStorage(138)) - The storage directory /home/runner/work/ratis/ratis/ratis-examples/target/test/data/fa33b8e4/MiniRaftClusterWithNettye7083e71/s2/92c477b1-e109-4177-9a87-3274576d874f does not exist. Creating ...
2023-03-07 04:41:11,918 TRACE util.FileUtils (LogUtils.java:runAndLog(49)) - Successfully ran Files.createDirectories /home/runner/work/ratis/ratis/ratis-examples/target/test/data/fa33b8e4/MiniRaftClusterWithNettye7083e71/s2/92c477b1-e109-4177-9a87-3274576d874f
2023-03-07 04:41:11,921 INFO  storage.RaftStorageDirectory (RaftStorageDirectoryImpl.java:tryLock(232)) - Lock on /home/runner/work/ratis/ratis/ratis-examples/target/test/data/fa33b8e4/MiniRaftClusterWithNettye7083e71/s2/92c477b1-e109-4177-9a87-3274576d874f/in_use.lock acquired by nodename 15875@fv-az983-448
2023-03-07 04:41:11,921 TRACE util.FileUtils (LogUtils.java:runAndLog(49)) - Successfully ran Files.createDirectories /home/runner/work/ratis/ratis/ratis-examples/target/test/data/fa33b8e4/MiniRaftClusterWithNettye7083e71/s2/92c477b1-e109-4177-9a87-3274576d874f/current
2023-03-07 04:41:11,921 TRACE util.FileUtils (LogUtils.java:runAndLog(49)) - Successfully ran Files.createDirectories /home/runner/work/ratis/ratis/ratis-examples/target/test/data/fa33b8e4/MiniRaftClusterWithNettye7083e71/s2/92c477b1-e109-4177-9a87-3274576d874f/sm
2023-03-07 04:41:11,923 INFO  storage.RaftStorage (RaftStorageImpl.java:format(96)) - Storage directory /home/runner/work/ratis/ratis/ratis-examples/target/test/data/fa33b8e4/MiniRaftClusterWithNettye7083e71/s2/92c477b1-e109-4177-9a87-3274576d874f has been successfully formatted.
2023-03-07 04:41:11,923 WARN  statemachine.StateMachine (ArithmeticStateMachine.java:loadSnapshot(116)) - The snapshot info is null.
2023-03-07 04:41:11,923 INFO  server.RaftServerConfigKeys (ConfUtils.java:logGet(46)) - raft.server.log.use.memory = false (default)
2023-03-07 04:41:11,923 INFO  server.RaftServerConfigKeys (ConfUtils.java:logGet(46)) - raft.server.log.purge.gap = 1024 (default)
2023-03-07 04:41:11,923 INFO  server.RaftServerConfigKeys (ConfUtils.java:logGet(46)) - raft.server.log.appender.buffer.byte-limit = 4MB (=4194304) (default)
2023-03-07 04:41:11,923 INFO  server.RaftServerConfigKeys (ConfUtils.java:logGet(46)) - raft.server.log.statemachine.data.read.timeout = 1000ms (default)
2023-03-07 04:41:11,923 INFO  server.RaftServerConfigKeys (ConfUtils.java:logGet(46)) - raft.server.log.purge.preservation.log.num = 0 (default)
2023-03-07 04:41:11,924 INFO  server.RaftServerConfigKeys (ConfUtils.java:logGet(46)) - raft.server.log.segment.size.max = 8MB (=8388608) (default)
2023-03-07 04:41:11,924 INFO  server.RaftServerConfigKeys (ConfUtils.java:logGet(46)) - raft.server.log.segment.cache.num.max = 6 (default)
2023-03-07 04:41:11,924 INFO  server.RaftServerConfigKeys (ConfUtils.java:logGet(46)) - raft.server.log.segment.cache.size.max = 200MB (=209715200) (default)
2023-03-07 04:41:11,924 INFO  server.RaftServerConfigKeys (ConfUtils.java:logGet(46)) - raft.server.log.appender.buffer.byte-limit = 4MB (=4194304) (default)
2023-03-07 04:41:11,924 INFO  segmented.SegmentedRaftLogWorker (SegmentedRaftLogWorker.java:<init>(183)) - new s2@group-3274576D874F-SegmentedRaftLogWorker for RaftStorageImpl:Storage Directory /home/runner/work/ratis/ratis/ratis-examples/target/test/data/fa33b8e4/MiniRaftClusterWithNettye7083e71/s2/92c477b1-e109-4177-9a87-3274576d874f
2023-03-07 04:41:11,924 INFO  server.RaftServerConfigKeys (ConfUtils.java:logGet(46)) - raft.server.log.queue.byte-limit = 64MB (=67108864) (default)
2023-03-07 04:41:11,924 INFO  server.RaftServerConfigKeys (ConfUtils.java:logGet(46)) - raft.server.log.queue.element-limit = 4096 (default)
2023-03-07 04:41:11,924 INFO  server.RaftServerConfigKeys (ConfUtils.java:logGet(46)) - raft.server.log.segment.size.max = 8MB (=8388608) (default)
2023-03-07 04:41:11,924 INFO  server.RaftServerConfigKeys (ConfUtils.java:logGet(46)) - raft.server.log.preallocated.size = 4MB (=4194304) (default)
2023-03-07 04:41:11,924 INFO  server.RaftServerConfigKeys (ConfUtils.java:logGet(46)) - raft.server.log.force.sync.num = 128 (default)
2023-03-07 04:41:11,924 INFO  server.RaftServerConfigKeys (ConfUtils.java:logGet(46)) - raft.server.log.statemachine.data.sync = true (default)
2023-03-07 04:41:11,924 INFO  server.RaftServerConfigKeys (ConfUtils.java:logGet(46)) - raft.server.log.statemachine.data.sync.timeout = 10s (default)
2023-03-07 04:41:11,924 INFO  server.RaftServerConfigKeys (ConfUtils.java:logGet(46)) - raft.server.log.statemachine.data.sync.timeout.retry = -1 (default)
2023-03-07 04:41:11,925 INFO  server.RaftServerConfigKeys (ConfUtils.java:logGet(46)) - raft.server.log.write.buffer.size = 64KB (=65536) (default)
2023-03-07 04:41:11,925 INFO  server.RaftServerConfigKeys (ConfUtils.java:logGet(46)) - raft.server.log.appender.buffer.byte-limit = 4MB (=4194304) (default)
2023-03-07 04:41:11,925 INFO  server.RaftServerConfigKeys (ConfUtils.java:logGet(46)) - raft.server.log.unsafe-flush.enabled = false (default)
2023-03-07 04:41:11,925 INFO  server.RaftServerConfigKeys (ConfUtils.java:logGet(46)) - raft.server.log.async-flush.enabled = false (default)
2023-03-07 04:41:11,925 INFO  server.RaftServerConfigKeys (ConfUtils.java:logGet(46)) - raft.server.log.statemachine.data.caching.enabled = false (default)
2023-03-07 04:41:11,925 INFO  segmented.SegmentedRaftLogWorker (SegmentedRaftLogWorker.java:lambda$new$0(134)) - s2@group-3274576D874F-SegmentedRaftLogWorker: flushIndex: setUnconditionally 0 -> -1
2023-03-07 04:41:11,925 INFO  segmented.SegmentedRaftLogWorker (SegmentedRaftLogWorker.java:lambda$new$0(134)) - s2@group-3274576D874F-SegmentedRaftLogWorker: safeCacheEvictIndex: setUnconditionally 0 -> -1
2023-03-07 04:41:11,929 INFO  server.RaftServer$Division (RaftServerImpl.java:start(342)) - s2@group-3274576D874F: start as a follower, conf=-1: peers:[s3|rpc:0.0.0.0:43243|dataStream:|priority:0|startupRole:FOLLOWER, s14|rpc:0.0.0.0:41557|dataStream:|priority:0|startupRole:FOLLOWER, s2|rpc:0.0.0.0:40769|dataStream:|priority:0|startupRole:FOLLOWER]|listeners:[], old=null
2023-03-07 04:41:11,929 INFO  server.RaftServer$Division (RaftServerImpl.java:setRole(329)) - s2@group-3274576D874F: changes role from      null to FOLLOWER at term 0 for startAsFollower
2023-03-07 04:41:11,929 INFO  impl.RoleInfo (RoleInfo.java:updateAndGet(139)) - s2: start s2@group-3274576D874F-FollowerState
2023-03-07 04:41:11,930 INFO  util.JmxRegister (JmxRegister.java:tryRegister(44)) - Successfully registered JMX Bean with object name Ratis:service=RaftServer,group=group-3274576D874F,id=s2
2023-03-07 04:41:11,930 INFO  server.RaftServerConfigKeys (ConfUtils.java:logFallback(53)) - raft.server.rpc.first-election.timeout.min = 300ms (fallback to raft.server.rpc.timeout.min)
2023-03-07 04:41:11,930 INFO  server.RaftServerConfigKeys (ConfUtils.java:logGet(46)) - raft.server.snapshot.auto.trigger.enabled = false (default)
2023-03-07 04:41:11,930 INFO  server.RaftServerConfigKeys (ConfUtils.java:logGet(46)) - raft.server.snapshot.retention.file.num = -1 (default)
2023-03-07 04:41:11,930 INFO  server.RaftServerConfigKeys (ConfUtils.java:logGet(46)) - raft.server.log.purge.upto.snapshot.index = false (default)
2023-03-07 04:41:11,932 INFO  server.RaftServerConfigKeys (ConfUtils.java:logFallback(53)) - raft.server.rpc.first-election.timeout.max = 600ms (fallback to raft.server.rpc.timeout.max)
2023-03-07 04:41:11,947 INFO  logging.LoggingHandler (AbstractInternalLogger.java:log(148)) - [id: 0x07ea810c, L:/0.0.0.0:43243] READ: [id: 0xf3f3735d, L:/10.1.0.7:43243 - R:/10.1.0.7:54974]
2023-03-07 04:41:11,948 INFO  logging.LoggingHandler (AbstractInternalLogger.java:log(148)) - [id: 0x07ea810c, L:/0.0.0.0:43243] READ COMPLETE
2023-03-07 04:41:11,949 INFO  server.RaftServer$Division (RaftServerImpl.java:<init>(198)) - s3: new RaftServerImpl for group-3274576D874F:[s3|rpc:0.0.0.0:43243|dataStream:|priority:0|startupRole:FOLLOWER, s14|rpc:0.0.0.0:41557|dataStream:|priority:0|startupRole:FOLLOWER, s2|rpc:0.0.0.0:40769|dataStream:|priority:0|startupRole:FOLLOWER] with ArithmeticStateMachine:uninitialized
2023-03-07 04:41:11,949 INFO  server.RaftServerConfigKeys (ConfUtils.java:logGet(46)) - raft.server.rpc.timeout.min = 300ms (custom)
2023-03-07 04:41:11,950 INFO  server.RaftServerConfigKeys (ConfUtils.java:logGet(46)) - raft.server.rpc.timeout.max = 600ms (custom)
2023-03-07 04:41:11,950 INFO  server.RaftServerConfigKeys (ConfUtils.java:logGet(46)) - raft.server.rpc.sleep.time = 25ms (default)
2023-03-07 04:41:11,950 INFO  server.RaftServerConfigKeys (ConfUtils.java:logGet(46)) - raft.server.rpc.slowness.timeout = 60s (default)
2023-03-07 04:41:11,950 INFO  server.RaftServerConfigKeys (ConfUtils.java:logGet(46)) - raft.server.leaderelection.leader.step-down.wait-time = 10s (default)
2023-03-07 04:41:11,950 INFO  server.RaftServerConfigKeys (ConfUtils.java:logGet(46)) - raft.server.sleep.deviation.threshold = 300ms (default)
2023-03-07 04:41:11,950 INFO  server.RaftServer$Division (ServerState.java:<init>(113)) - s3@group-3274576D874F: ConfigurationManager, init=-1: peers:[s3|rpc:0.0.0.0:43243|dataStream:|priority:0|startupRole:FOLLOWER, s14|rpc:0.0.0.0:41557|dataStream:|priority:0|startupRole:FOLLOWER, s2|rpc:0.0.0.0:40769|dataStream:|priority:0|startupRole:FOLLOWER]|listeners:[], old=null, confs=<EMPTY_MAP>
2023-03-07 04:41:11,950 INFO  server.RaftServerConfigKeys (ConfUtils.java:logGet(46)) - raft.server.notification.no-leader.timeout = 60s (default)
2023-03-07 04:41:11,950 INFO  server.RaftServerConfigKeys (ConfUtils.java:logGet(46)) - raft.server.read.timeout = 10s (default)
2023-03-07 04:41:11,950 INFO  server.RaftServerConfigKeys (ConfUtils.java:logGet(46)) - raft.server.retrycache.expirytime = 60s (default)
2023-03-07 04:41:11,950 INFO  server.RaftServerConfigKeys (ConfUtils.java:logGet(46)) - raft.server.retrycache.statistics.expirytime = 100μs (default)
2023-03-07 04:41:11,950 INFO  server.RaftServerConfigKeys (ConfUtils.java:logGet(46)) - raft.server.read.option = DEFAULT (default)
2023-03-07 04:41:11,951 INFO  server.RaftServerConfigKeys (ConfUtils.java:logGet(46)) - raft.server.log.appender.install.snapshot.enabled = true (default)
2023-03-07 04:41:11,951 INFO  server.RaftServerConfigKeys (ConfUtils.java:logGet(46)) - raft.server.threadpool.server.cached = true (default)
2023-03-07 04:41:11,951 INFO  server.RaftServerConfigKeys (ConfUtils.java:logGet(46)) - raft.server.threadpool.server.size = 0 (default)
2023-03-07 04:41:11,951 INFO  server.RaftServerConfigKeys (ConfUtils.java:logGet(46)) - raft.server.threadpool.client.cached = true (default)
2023-03-07 04:41:11,951 INFO  server.RaftServerConfigKeys (ConfUtils.java:logGet(46)) - raft.server.threadpool.client.size = 0 (default)
2023-03-07 04:41:11,951 INFO  server.RaftServer (RaftServerProxy.java:addNew(99)) - s3: addNew group-3274576D874F:[s3|rpc:0.0.0.0:43243|dataStream:|priority:0|startupRole:FOLLOWER, s14|rpc:0.0.0.0:41557|dataStream:|priority:0|startupRole:FOLLOWER, s2|rpc:0.0.0.0:40769|dataStream:|priority:0|startupRole:FOLLOWER] returns      null s3@group-3274576D874F:t0, leader=null, voted=null, raftlog=UNINITIALIZED, conf=-1: peers:[s3|rpc:0.0.0.0:43243|dataStream:|priority:0|startupRole:FOLLOWER, s14|rpc:0.0.0.0:41557|dataStream:|priority:0|startupRole:FOLLOWER, s2|rpc:0.0.0.0:40769|dataStream:|priority:0|startupRole:FOLLOWER]|listeners:[], old=null NEW
2023-03-07 04:41:11,951 INFO  server.RaftServerConfigKeys (ConfUtils.java:logGet(46)) - raft.server.storage.free-space.min = 0MB (=0) (default)
2023-03-07 04:41:11,951 INFO  server.RaftServerConfigKeys (ConfUtils.java:logGet(46)) - raft.server.log.corruption.policy = EXCEPTION (default)
2023-03-07 04:41:11,951 INFO  server.RaftServerConfigKeys (ConfUtils.java:logGet(46)) - raft.server.storage.dir = [/home/runner/work/ratis/ratis/ratis-examples/target/test/data/fa33b8e4/MiniRaftClusterWithNettye7083e71/s3] (custom)
2023-03-07 04:41:11,952 INFO  storage.RaftStorageDirectory (RaftStorageDirectoryImpl.java:analyzeStorage(138)) - The storage directory /home/runner/work/ratis/ratis/ratis-examples/target/test/data/fa33b8e4/MiniRaftClusterWithNettye7083e71/s3/92c477b1-e109-4177-9a87-3274576d874f does not exist. Creating ...
2023-03-07 04:41:11,952 TRACE util.FileUtils (LogUtils.java:runAndLog(49)) - Successfully ran Files.createDirectories /home/runner/work/ratis/ratis/ratis-examples/target/test/data/fa33b8e4/MiniRaftClusterWithNettye7083e71/s3/92c477b1-e109-4177-9a87-3274576d874f
2023-03-07 04:41:11,953 INFO  storage.RaftStorageDirectory (RaftStorageDirectoryImpl.java:tryLock(232)) - Lock on /home/runner/work/ratis/ratis/ratis-examples/target/test/data/fa33b8e4/MiniRaftClusterWithNettye7083e71/s3/92c477b1-e109-4177-9a87-3274576d874f/in_use.lock acquired by nodename 15875@fv-az983-448
2023-03-07 04:41:11,953 TRACE util.FileUtils (LogUtils.java:runAndLog(49)) - Successfully ran Files.createDirectories /home/runner/work/ratis/ratis/ratis-examples/target/test/data/fa33b8e4/MiniRaftClusterWithNettye7083e71/s3/92c477b1-e109-4177-9a87-3274576d874f/current
2023-03-07 04:41:11,954 TRACE util.FileUtils (LogUtils.java:runAndLog(49)) - Successfully ran Files.createDirectories /home/runner/work/ratis/ratis/ratis-examples/target/test/data/fa33b8e4/MiniRaftClusterWithNettye7083e71/s3/92c477b1-e109-4177-9a87-3274576d874f/sm
2023-03-07 04:41:11,955 INFO  storage.RaftStorage (RaftStorageImpl.java:format(96)) - Storage directory /home/runner/work/ratis/ratis/ratis-examples/target/test/data/fa33b8e4/MiniRaftClusterWithNettye7083e71/s3/92c477b1-e109-4177-9a87-3274576d874f has been successfully formatted.
2023-03-07 04:41:11,955 WARN  statemachine.StateMachine (ArithmeticStateMachine.java:loadSnapshot(116)) - The snapshot info is null.
2023-03-07 04:41:11,955 INFO  server.RaftServerConfigKeys (ConfUtils.java:logGet(46)) - raft.server.log.use.memory = false (default)
2023-03-07 04:41:11,955 INFO  server.RaftServerConfigKeys (ConfUtils.java:logGet(46)) - raft.server.log.purge.gap = 1024 (default)
2023-03-07 04:41:11,955 INFO  server.RaftServerConfigKeys (ConfUtils.java:logGet(46)) - raft.server.log.appender.buffer.byte-limit = 4MB (=4194304) (default)
2023-03-07 04:41:11,955 INFO  server.RaftServerConfigKeys (ConfUtils.java:logGet(46)) - raft.server.log.statemachine.data.read.timeout = 1000ms (default)
2023-03-07 04:41:11,955 INFO  server.RaftServerConfigKeys (ConfUtils.java:logGet(46)) - raft.server.log.purge.preservation.log.num = 0 (default)
2023-03-07 04:41:11,956 INFO  server.RaftServerConfigKeys (ConfUtils.java:logGet(46)) - raft.server.log.segment.size.max = 8MB (=8388608) (default)
2023-03-07 04:41:11,956 INFO  server.RaftServerConfigKeys (ConfUtils.java:logGet(46)) - raft.server.log.segment.cache.num.max = 6 (default)
2023-03-07 04:41:11,956 INFO  server.RaftServerConfigKeys (ConfUtils.java:logGet(46)) - raft.server.log.segment.cache.size.max = 200MB (=209715200) (default)
2023-03-07 04:41:11,956 INFO  server.RaftServerConfigKeys (ConfUtils.java:logGet(46)) - raft.server.log.appender.buffer.byte-limit = 4MB (=4194304) (default)
2023-03-07 04:41:11,956 INFO  segmented.SegmentedRaftLogWorker (SegmentedRaftLogWorker.java:<init>(183)) - new s3@group-3274576D874F-SegmentedRaftLogWorker for RaftStorageImpl:Storage Directory /home/runner/work/ratis/ratis/ratis-examples/target/test/data/fa33b8e4/MiniRaftClusterWithNettye7083e71/s3/92c477b1-e109-4177-9a87-3274576d874f
2023-03-07 04:41:11,956 INFO  server.RaftServerConfigKeys (ConfUtils.java:logGet(46)) - raft.server.log.queue.byte-limit = 64MB (=67108864) (default)
2023-03-07 04:41:11,956 INFO  server.RaftServerConfigKeys (ConfUtils.java:logGet(46)) - raft.server.log.queue.element-limit = 4096 (default)
2023-03-07 04:41:11,956 INFO  server.RaftServerConfigKeys (ConfUtils.java:logGet(46)) - raft.server.log.segment.size.max = 8MB (=8388608) (default)
2023-03-07 04:41:11,956 INFO  server.RaftServerConfigKeys (ConfUtils.java:logGet(46)) - raft.server.log.preallocated.size = 4MB (=4194304) (default)
2023-03-07 04:41:11,956 INFO  server.RaftServerConfigKeys (ConfUtils.java:logGet(46)) - raft.server.log.force.sync.num = 128 (default)
2023-03-07 04:41:11,956 INFO  server.RaftServerConfigKeys (ConfUtils.java:logGet(46)) - raft.server.log.statemachine.data.sync = true (default)
2023-03-07 04:41:11,956 INFO  server.RaftServerConfigKeys (ConfUtils.java:logGet(46)) - raft.server.log.statemachine.data.sync.timeout = 10s (default)
2023-03-07 04:41:11,956 INFO  server.RaftServerConfigKeys (ConfUtils.java:logGet(46)) - raft.server.log.statemachine.data.sync.timeout.retry = -1 (default)
2023-03-07 04:41:11,957 INFO  server.RaftServerConfigKeys (ConfUtils.java:logGet(46)) - raft.server.log.write.buffer.size = 64KB (=65536) (default)
2023-03-07 04:41:11,957 INFO  server.RaftServerConfigKeys (ConfUtils.java:logGet(46)) - raft.server.log.appender.buffer.byte-limit = 4MB (=4194304) (default)
2023-03-07 04:41:11,961 INFO  server.RaftServerConfigKeys (ConfUtils.java:logGet(46)) - raft.server.log.unsafe-flush.enabled = false (default)
2023-03-07 04:41:11,961 INFO  server.RaftServerConfigKeys (ConfUtils.java:logGet(46)) - raft.server.log.async-flush.enabled = false (default)
2023-03-07 04:41:11,961 INFO  server.RaftServerConfigKeys (ConfUtils.java:logGet(46)) - raft.server.log.statemachine.data.caching.enabled = false (default)
2023-03-07 04:41:11,961 INFO  segmented.SegmentedRaftLogWorker (SegmentedRaftLogWorker.java:lambda$new$0(134)) - s3@group-3274576D874F-SegmentedRaftLogWorker: flushIndex: setUnconditionally 0 -> -1
2023-03-07 04:41:11,961 INFO  segmented.SegmentedRaftLogWorker (SegmentedRaftLogWorker.java:lambda$new$0(134)) - s3@group-3274576D874F-SegmentedRaftLogWorker: safeCacheEvictIndex: setUnconditionally 0 -> -1
2023-03-07 04:41:11,961 INFO  server.RaftServer$Division (RaftServerImpl.java:start(342)) - s3@group-3274576D874F: start as a follower, conf=-1: peers:[s3|rpc:0.0.0.0:43243|dataStream:|priority:0|startupRole:FOLLOWER, s14|rpc:0.0.0.0:41557|dataStream:|priority:0|startupRole:FOLLOWER, s2|rpc:0.0.0.0:40769|dataStream:|priority:0|startupRole:FOLLOWER]|listeners:[], old=null
2023-03-07 04:41:11,961 INFO  server.RaftServer$Division (RaftServerImpl.java:setRole(329)) - s3@group-3274576D874F: changes role from      null to FOLLOWER at term 0 for startAsFollower
2023-03-07 04:41:11,961 INFO  impl.RoleInfo (RoleInfo.java:updateAndGet(139)) - s3: start s3@group-3274576D874F-FollowerState
2023-03-07 04:41:11,962 INFO  util.JmxRegister (JmxRegister.java:tryRegister(44)) - Successfully registered JMX Bean with object name Ratis:service=RaftServer,group=group-3274576D874F,id=s3
2023-03-07 04:41:11,962 INFO  server.RaftServerConfigKeys (ConfUtils.java:logGet(46)) - raft.server.snapshot.auto.trigger.enabled = false (default)
2023-03-07 04:41:11,962 INFO  server.RaftServerConfigKeys (ConfUtils.java:logGet(46)) - raft.server.snapshot.retention.file.num = -1 (default)
2023-03-07 04:41:11,962 INFO  server.RaftServerConfigKeys (ConfUtils.java:logGet(46)) - raft.server.log.purge.upto.snapshot.index = false (default)
2023-03-07 04:41:11,962 INFO  server.RaftServerConfigKeys (ConfUtils.java:logFallback(53)) - raft.server.rpc.first-election.timeout.min = 300ms (fallback to raft.server.rpc.timeout.min)
2023-03-07 04:41:11,962 INFO  server.RaftServerConfigKeys (ConfUtils.java:logFallback(53)) - raft.server.rpc.first-election.timeout.max = 600ms (fallback to raft.server.rpc.timeout.max)
2023-03-07 04:41:12,004 INFO  server.RaftServerConfigKeys (ConfUtils.java:logGet(46)) - raft.server.rpc.timeout.max = 600ms (custom)
2023-03-07 04:41:12,004 INFO  ratis.RaftTestUtil (RaftTestUtil.java:waitForLeader(100)) - printing group-3274576D874F
  s3:  RUNNING [
   FOLLOWER s3@group-3274576D874F:t0, leader=null, voted=, raftlog=Memoized:s3@group-3274576D874F-SegmentedRaftLog:OPENED:c-1, conf=-1: peers:[s3|rpc:0.0.0.0:43243|dataStream:|priority:0|startupRole:FOLLOWER, s14|rpc:0.0.0.0:41557|dataStream:|priority:0|startupRole:FOLLOWER, s2|rpc:0.0.0.0:40769|dataStream:|priority:0|startupRole:FOLLOWER]|listeners:[], old=null RUNNING
   FOLLOWER s3@group-FAA53D5BC7BE:t0, leader=null, voted=, raftlog=Memoized:s3@group-FAA53D5BC7BE-SegmentedRaftLog:OPENED:c-1, conf=-1: peers:[]|listeners:[], old=null STARTING] size=2
  s14:  RUNNING [
   FOLLOWER s14@group-3274576D874F:t0, leader=null, voted=, raftlog=Memoized:s14@group-3274576D874F-SegmentedRaftLog:OPENED:c-1, conf=-1: peers:[s3|rpc:0.0.0.0:43243|dataStream:|priority:0|startupRole:FOLLOWER, s14|rpc:0.0.0.0:41557|dataStream:|priority:0|startupRole:FOLLOWER, s2|rpc:0.0.0.0:40769|dataStream:|priority:0|startupRole:FOLLOWER]|listeners:[], old=null RUNNING
   FOLLOWER s14@group-FAA53D5BC7BE:t0, leader=null, voted=, raftlog=Memoized:s14@group-FAA53D5BC7BE-SegmentedRaftLog:OPENED:c-1, conf=-1: peers:[]|listeners:[], old=null STARTING] size=2
  s2:  RUNNING [
   FOLLOWER s2@group-3274576D874F:t0, leader=null, voted=, raftlog=Memoized:s2@group-3274576D874F-SegmentedRaftLog:OPENED:c-1, conf=-1: peers:[s3|rpc:0.0.0.0:43243|dataStream:|priority:0|startupRole:FOLLOWER, s14|rpc:0.0.0.0:41557|dataStream:|priority:0|startupRole:FOLLOWER, s2|rpc:0.0.0.0:40769|dataStream:|priority:0|startupRole:FOLLOWER]|listeners:[], old=null RUNNING
   FOLLOWER s2@group-FAA53D5BC7BE:t0, leader=null, voted=, raftlog=Memoized:s2@group-FAA53D5BC7BE-SegmentedRaftLog:OPENED:c-1, conf=-1: peers:[]|listeners:[], old=null STARTING] size=2
2023-03-07 04:41:12,004 WARN  ratis.RaftTestUtil (JavaUtils.java:attempt(217)) - FAILED "waitForLeader-group-3274576D874F-(expectLeader? true)", attempt #1/100: java.lang.IllegalStateException: No leader yet  for group-3274576D874F: printing group-3274576D874F
  s3:  RUNNING [
   FOLLOWER s3@group-3274576D874F:t0, leader=null, voted=, raftlog=Memoized:s3@group-3274576D874F-SegmentedRaftLog:OPENED:c-1, conf=-1: peers:[s3|rpc:0.0.0.0:43243|dataStream:|priority:0|startupRole:FOLLOWER, s14|rpc:0.0.0.0:41557|dataStream:|priority:0|startupRole:FOLLOWER, s2|rpc:0.0.0.0:40769|dataStream:|priority:0|startupRole:FOLLOWER]|listeners:[], old=null RUNNING
   FOLLOWER s3@group-FAA53D5BC7BE:t0, leader=null, voted=, raftlog=Memoized:s3@group-FAA53D5BC7BE-SegmentedRaftLog:OPENED:c-1, conf=-1: peers:[]|listeners:[], old=null STARTING] size=2
  s14:  RUNNING [
   FOLLOWER s14@group-3274576D874F:t0, leader=null, voted=, raftlog=Memoized:s14@group-3274576D874F-SegmentedRaftLog:OPENED:c-1, conf=-1: peers:[s3|rpc:0.0.0.0:43243|dataStream:|priority:0|startupRole:FOLLOWER, s14|rpc:0.0.0.0:41557|dataStream:|priority:0|startupRole:FOLLOWER, s2|rpc:0.0.0.0:40769|dataStream:|priority:0|startupRole:FOLLOWER]|listeners:[], old=null RUNNING
   FOLLOWER s14@group-FAA53D5BC7BE:t0, leader=null, voted=, raftlog=Memoized:s14@group-FAA53D5BC7BE-SegmentedRaftLog:OPENED:c-1, conf=-1: peers:[]|listeners:[], old=null STARTING] size=2
  s2:  RUNNING [
   FOLLOWER s2@group-3274576D874F:t0, leader=null, voted=, raftlog=Memoized:s2@group-3274576D874F-SegmentedRaftLog:OPENED:c-1, conf=-1: peers:[s3|rpc:0.0.0.0:43243|dataStream:|priority:0|startupRole:FOLLOWER, s14|rpc:0.0.0.0:41557|dataStream:|priority:0|startupRole:FOLLOWER, s2|rpc:0.0.0.0:40769|dataStream:|priority:0|startupRole:FOLLOWER]|listeners:[], old=null RUNNING
   FOLLOWER s2@group-FAA53D5BC7BE:t0, leader=null, voted=, raftlog=Memoized:s2@group-FAA53D5BC7BE-SegmentedRaftLog:OPENED:c-1, conf=-1: peers:[]|listeners:[], old=null STARTING] size=2, sleep 900ms and then retry.
java.lang.IllegalStateException: No leader yet  for group-3274576D874F: printing group-3274576D874F
  s3:  RUNNING [
   FOLLOWER s3@group-3274576D874F:t0, leader=null, voted=, raftlog=Memoized:s3@group-3274576D874F-SegmentedRaftLog:OPENED:c-1, conf=-1: peers:[s3|rpc:0.0.0.0:43243|dataStream:|priority:0|startupRole:FOLLOWER, s14|rpc:0.0.0.0:41557|dataStream:|priority:0|startupRole:FOLLOWER, s2|rpc:0.0.0.0:40769|dataStream:|priority:0|startupRole:FOLLOWER]|listeners:[], old=null RUNNING
   FOLLOWER s3@group-FAA53D5BC7BE:t0, leader=null, voted=, raftlog=Memoized:s3@group-FAA53D5BC7BE-SegmentedRaftLog:OPENED:c-1, conf=-1: peers:[]|listeners:[], old=null STARTING] size=2
  s14:  RUNNING [
   FOLLOWER s14@group-3274576D874F:t0, leader=null, voted=, raftlog=Memoized:s14@group-3274576D874F-SegmentedRaftLog:OPENED:c-1, conf=-1: peers:[s3|rpc:0.0.0.0:43243|dataStream:|priority:0|startupRole:FOLLOWER, s14|rpc:0.0.0.0:41557|dataStream:|priority:0|startupRole:FOLLOWER, s2|rpc:0.0.0.0:40769|dataStream:|priority:0|startupRole:FOLLOWER]|listeners:[], old=null RUNNING
   FOLLOWER s14@group-FAA53D5BC7BE:t0, leader=null, voted=, raftlog=Memoized:s14@group-FAA53D5BC7BE-SegmentedRaftLog:OPENED:c-1, conf=-1: peers:[]|listeners:[], old=null STARTING] size=2
  s2:  RUNNING [
   FOLLOWER s2@group-3274576D874F:t0, leader=null, voted=, raftlog=Memoized:s2@group-3274576D874F-SegmentedRaftLog:OPENED:c-1, conf=-1: peers:[s3|rpc:0.0.0.0:43243|dataStream:|priority:0|startupRole:FOLLOWER, s14|rpc:0.0.0.0:41557|dataStream:|priority:0|startupRole:FOLLOWER, s2|rpc:0.0.0.0:40769|dataStream:|priority:0|startupRole:FOLLOWER]|listeners:[], old=null RUNNING
   FOLLOWER s2@group-FAA53D5BC7BE:t0, leader=null, voted=, raftlog=Memoized:s2@group-FAA53D5BC7BE-SegmentedRaftLog:OPENED:c-1, conf=-1: peers:[]|listeners:[], old=null STARTING] size=2
	at org.apache.ratis.server.impl.MiniRaftCluster.newIllegalStateExceptionForNoLeaders(MiniRaftCluster.java:581)
	at org.apache.ratis.RaftTestUtil.lambda$waitForLeader$1(RaftTestUtil.java:104)
	at org.apache.ratis.server.impl.MiniRaftCluster.getLeader(MiniRaftCluster.java:615)
	at org.apache.ratis.server.impl.MiniRaftCluster.getLeader(MiniRaftCluster.java:608)
	at org.apache.ratis.RaftTestUtil.lambda$waitForLeader$3(RaftTestUtil.java:112)
	at org.apache.ratis.util.JavaUtils.attempt(JavaUtils.java:211)
	at org.apache.ratis.util.JavaUtils.attemptRepeatedly(JavaUtils.java:197)
	at org.apache.ratis.RaftTestUtil.waitForLeader(RaftTestUtil.java:111)
	at org.apache.ratis.RaftTestUtil.waitForLeader(RaftTestUtil.java:92)
	at org.apache.ratis.server.impl.GroupManagementBaseTest.runMultiGroupTest(GroupManagementBaseTest.java:287)
	at org.apache.ratis.TestMultiRaftGroup.runTestMultiRaftGroup(TestMultiRaftGroup.java:73)
	at org.apache.ratis.TestMultiRaftGroup.runTestMultiRaftGroup(TestMultiRaftGroup.java:59)
	at org.apache.ratis.TestMultiRaftGroup.testMultiRaftGroup(TestMultiRaftGroup.java:55)
	at java.base/jdk.internal.reflect.NativeMethodAccessorImpl.invoke0(Native Method)
	at java.base/jdk.internal.reflect.NativeMethodAccessorImpl.invoke(NativeMethodAccessorImpl.java:62)
	at java.base/jdk.internal.reflect.DelegatingMethodAccessorImpl.invoke(DelegatingMethodAccessorImpl.java:43)
	at java.base/java.lang.reflect.Method.invoke(Method.java:566)
	at org.junit.runners.model.FrameworkMethod$1.runReflectiveCall(FrameworkMethod.java:59)
	at org.junit.internal.runners.model.ReflectiveCallable.run(ReflectiveCallable.java:12)
	at org.junit.runners.model.FrameworkMethod.invokeExplosively(FrameworkMethod.java:56)
	at org.junit.internal.runners.statements.InvokeMethod.evaluate(InvokeMethod.java:17)
	at org.junit.internal.runners.statements.RunAfters.evaluate(RunAfters.java:27)
	at org.junit.internal.runners.statements.FailOnTimeout$CallableStatement.call(FailOnTimeout.java:299)
	at org.junit.internal.runners.statements.FailOnTimeout$CallableStatement.call(FailOnTimeout.java:293)
	at java.base/java.util.concurrent.FutureTask.run(FutureTask.java:264)
	at java.base/java.lang.Thread.run(Thread.java:829)
2023-03-07 04:41:12,291 INFO  impl.FollowerState (FollowerState.java:run(143)) - s3@group-3274576D874F-FollowerState: change to CANDIDATE, lastRpcElapsedTime:329938878ns, electionTimeout:329ms
2023-03-07 04:41:12,291 INFO  impl.RoleInfo (RoleInfo.java:shutdownFollowerState(110)) - s3: shutdown s3@group-3274576D874F-FollowerState
2023-03-07 04:41:12,291 INFO  server.RaftServer$Division (RaftServerImpl.java:setRole(329)) - s3@group-3274576D874F: changes role from  FOLLOWER to CANDIDATE at term 0 for changeToCandidate
2023-03-07 04:41:12,292 INFO  server.RaftServerConfigKeys (ConfUtils.java:logGet(46)) - raft.server.leaderelection.pre-vote = true (default)
2023-03-07 04:41:12,292 INFO  impl.RoleInfo (RoleInfo.java:updateAndGet(139)) - s3: start s3@group-3274576D874F-LeaderElection14
2023-03-07 04:41:12,292 INFO  impl.LeaderElection (LeaderElection.java:askForVotes(309)) - s3@group-3274576D874F-LeaderElection14 PRE_VOTE round 0: submit vote requests at term 0 for -1: peers:[s3|rpc:0.0.0.0:43243|dataStream:|priority:0|startupRole:FOLLOWER, s14|rpc:0.0.0.0:41557|dataStream:|priority:0|startupRole:FOLLOWER, s2|rpc:0.0.0.0:40769|dataStream:|priority:0|startupRole:FOLLOWER]|listeners:[], old=null
2023-03-07 04:41:12,293 INFO  server.RaftServerConfigKeys (ConfUtils.java:logFallback(53)) - raft.server.rpc.first-election.timeout.min = 300ms (fallback to raft.server.rpc.timeout.min)
2023-03-07 04:41:12,293 INFO  server.RaftServerConfigKeys (ConfUtils.java:logFallback(53)) - raft.server.rpc.first-election.timeout.max = 600ms (fallback to raft.server.rpc.timeout.max)
2023-03-07 04:41:12,294 INFO  logging.LoggingHandler (AbstractInternalLogger.java:log(148)) - [id: 0xdc2b15a4, L:/0.0.0.0:41557] READ: [id: 0xa4dda7ae, L:/10.1.0.7:41557 - R:/10.1.0.7:52798]
2023-03-07 04:41:12,295 INFO  logging.LoggingHandler (AbstractInternalLogger.java:log(148)) - [id: 0xdc2b15a4, L:/0.0.0.0:41557] READ COMPLETE
2023-03-07 04:41:12,296 INFO  server.RaftServer$Division (RaftServerImpl.java:requestVote(1302)) - s14@group-3274576D874F: receive requestVote(PRE_VOTE, s3, group-3274576D874F, 0, (t:0, i:0))
2023-03-07 04:41:12,296 INFO  impl.VoteContext (VoteContext.java:log(49)) - s14@group-3274576D874F-FOLLOWER: accept PRE_VOTE from s3: our priority 0 <= candidate's priority 0
2023-03-07 04:41:12,296 INFO  server.RaftServer$Division (RaftServerImpl.java:requestVote(1335)) - s14@group-3274576D874F replies to PRE_VOTE vote request: s3<-s14#0:OK-t0. Peer's state: s14@group-3274576D874F:t0, leader=null, voted=, raftlog=Memoized:s14@group-3274576D874F-SegmentedRaftLog:OPENED:c-1, conf=-1: peers:[s3|rpc:0.0.0.0:43243|dataStream:|priority:0|startupRole:FOLLOWER, s14|rpc:0.0.0.0:41557|dataStream:|priority:0|startupRole:FOLLOWER, s2|rpc:0.0.0.0:40769|dataStream:|priority:0|startupRole:FOLLOWER]|listeners:[], old=null
2023-03-07 04:41:12,300 INFO  impl.LeaderElection (LeaderElection.java:logAndReturn(89)) - s3@group-3274576D874F-LeaderElection14: PRE_VOTE PASSED received 1 response(s) and 0 exception(s):
2023-03-07 04:41:12,300 INFO  impl.LeaderElection (LeaderElection.java:logAndReturn(93)) -   Response 0: s3<-s14#0:OK-t0
2023-03-07 04:41:12,300 INFO  impl.LeaderElection (LeaderElection.java:askForVotes(311)) - s3@group-3274576D874F-LeaderElection14 PRE_VOTE round 0: result PASSED
2023-03-07 04:41:12,301 INFO  logging.LoggingHandler (AbstractInternalLogger.java:log(148)) - [id: 0x923fd090, L:/0.0.0.0:40769] READ: [id: 0xe50bdc6f, L:/10.1.0.7:40769 - R:/10.1.0.7:46840]
2023-03-07 04:41:12,301 INFO  logging.LoggingHandler (AbstractInternalLogger.java:log(148)) - [id: 0x923fd090, L:/0.0.0.0:40769] READ COMPLETE
2023-03-07 04:41:12,302 INFO  impl.LeaderElection (LeaderElection.java:askForVotes(309)) - s3@group-3274576D874F-LeaderElection14 ELECTION round 0: submit vote requests at term 1 for -1: peers:[s3|rpc:0.0.0.0:43243|dataStream:|priority:0|startupRole:FOLLOWER, s14|rpc:0.0.0.0:41557|dataStream:|priority:0|startupRole:FOLLOWER, s2|rpc:0.0.0.0:40769|dataStream:|priority:0|startupRole:FOLLOWER]|listeners:[], old=null
2023-03-07 04:41:12,302 INFO  server.RaftServer$Division (RaftServerImpl.java:requestVote(1302)) - s14@group-3274576D874F: receive requestVote(ELECTION, s3, group-3274576D874F, 1, (t:0, i:0))
2023-03-07 04:41:12,302 INFO  impl.VoteContext (VoteContext.java:log(49)) - s14@group-3274576D874F-FOLLOWER: accept ELECTION from s3: our priority 0 <= candidate's priority 0
2023-03-07 04:41:12,302 INFO  server.RaftServer$Division (RaftServerImpl.java:setRole(329)) - s14@group-3274576D874F: changes role from  FOLLOWER to FOLLOWER at term 1 for candidate:s3
2023-03-07 04:41:12,303 INFO  impl.RoleInfo (RoleInfo.java:shutdownFollowerState(110)) - s14: shutdown s14@group-3274576D874F-FollowerState
2023-03-07 04:41:12,302 INFO  server.RaftServer$Division (RaftServerImpl.java:requestVote(1302)) - s2@group-3274576D874F: receive requestVote(PRE_VOTE, s3, group-3274576D874F, 0, (t:0, i:0))
2023-03-07 04:41:12,303 INFO  impl.VoteContext (VoteContext.java:log(49)) - s2@group-3274576D874F-FOLLOWER: accept PRE_VOTE from s3: our priority 0 <= candidate's priority 0
2023-03-07 04:41:12,303 INFO  server.RaftServer$Division (RaftServerImpl.java:requestVote(1335)) - s2@group-3274576D874F replies to PRE_VOTE vote request: s3<-s2#0:OK-t0. Peer's state: s2@group-3274576D874F:t0, leader=null, voted=, raftlog=Memoized:s2@group-3274576D874F-SegmentedRaftLog:OPENED:c-1, conf=-1: peers:[s3|rpc:0.0.0.0:43243|dataStream:|priority:0|startupRole:FOLLOWER, s14|rpc:0.0.0.0:41557|dataStream:|priority:0|startupRole:FOLLOWER, s2|rpc:0.0.0.0:40769|dataStream:|priority:0|startupRole:FOLLOWER]|listeners:[], old=null
2023-03-07 04:41:12,303 INFO  server.RaftServerConfigKeys (ConfUtils.java:logFallback(53)) - raft.server.rpc.first-election.timeout.min = 300ms (fallback to raft.server.rpc.timeout.min)
2023-03-07 04:41:12,312 INFO  server.RaftServerConfigKeys (ConfUtils.java:logFallback(53)) - raft.server.rpc.first-election.timeout.max = 600ms (fallback to raft.server.rpc.timeout.max)
2023-03-07 04:41:12,303 INFO  impl.FollowerState (FollowerState.java:run(152)) - s14@group-3274576D874F-FollowerState was interrupted
2023-03-07 04:41:12,303 INFO  impl.RoleInfo (RoleInfo.java:updateAndGet(139)) - s14: start s14@group-3274576D874F-FollowerState
2023-03-07 04:41:12,315 INFO  server.RaftServer$Division (RaftServerImpl.java:requestVote(1302)) - s2@group-3274576D874F: receive requestVote(ELECTION, s3, group-3274576D874F, 1, (t:0, i:0))
2023-03-07 04:41:12,315 INFO  impl.VoteContext (VoteContext.java:log(49)) - s2@group-3274576D874F-FOLLOWER: accept ELECTION from s3: our priority 0 <= candidate's priority 0
2023-03-07 04:41:12,315 INFO  server.RaftServer$Division (RaftServerImpl.java:setRole(329)) - s2@group-3274576D874F: changes role from  FOLLOWER to FOLLOWER at term 1 for candidate:s3
2023-03-07 04:41:12,315 INFO  impl.RoleInfo (RoleInfo.java:shutdownFollowerState(110)) - s2: shutdown s2@group-3274576D874F-FollowerState
2023-03-07 04:41:12,315 INFO  impl.RoleInfo (RoleInfo.java:updateAndGet(139)) - s2: start s2@group-3274576D874F-FollowerState
2023-03-07 04:41:12,316 INFO  impl.FollowerState (FollowerState.java:run(152)) - s2@group-3274576D874F-FollowerState was interrupted
2023-03-07 04:41:12,316 INFO  server.RaftServer$Division (RaftServerImpl.java:requestVote(1335)) - s14@group-3274576D874F replies to ELECTION vote request: s3<-s14#0:OK-t1. Peer's state: s14@group-3274576D874F:t1, leader=null, voted=s3, raftlog=Memoized:s14@group-3274576D874F-SegmentedRaftLog:OPENED:c-1, conf=-1: peers:[s3|rpc:0.0.0.0:43243|dataStream:|priority:0|startupRole:FOLLOWER, s14|rpc:0.0.0.0:41557|dataStream:|priority:0|startupRole:FOLLOWER, s2|rpc:0.0.0.0:40769|dataStream:|priority:0|startupRole:FOLLOWER]|listeners:[], old=null
2023-03-07 04:41:12,316 INFO  impl.LeaderElection (LeaderElection.java:logAndReturn(89)) - s3@group-3274576D874F-LeaderElection14: ELECTION PASSED received 1 response(s) and 0 exception(s):
2023-03-07 04:41:12,316 INFO  impl.LeaderElection (LeaderElection.java:logAndReturn(93)) -   Response 0: s3<-s14#0:OK-t1
2023-03-07 04:41:12,316 INFO  impl.LeaderElection (LeaderElection.java:askForVotes(311)) - s3@group-3274576D874F-LeaderElection14 ELECTION round 0: result PASSED
2023-03-07 04:41:12,316 INFO  impl.RoleInfo (RoleInfo.java:shutdownLeaderElection(130)) - s3: shutdown s3@group-3274576D874F-LeaderElection14
2023-03-07 04:41:12,316 INFO  server.RaftServer$Division (RaftServerImpl.java:setRole(329)) - s3@group-3274576D874F: changes role from CANDIDATE to LEADER at term 1 for changeToLeader
2023-03-07 04:41:12,316 INFO  server.RaftServer$Division (ServerState.java:setLeader(260)) - s3@group-3274576D874F: change Leader from null to s3 at term 1 for becomeLeader, leader elected after 366ms
2023-03-07 04:41:12,316 INFO  server.RaftServerConfigKeys (ConfUtils.java:logGet(46)) - raft.server.staging.catchup.gap = 1000 (default)
2023-03-07 04:41:12,317 INFO  server.RaftServerConfigKeys (ConfUtils.java:logGet(46)) - raft.server.write.element-limit = 4096 (default)
2023-03-07 04:41:12,317 INFO  server.RaftServerConfigKeys (ConfUtils.java:logGet(46)) - raft.server.write.byte-limit = 64MB (=67108864) (default)
2023-03-07 04:41:12,317 INFO  server.RaftServerConfigKeys (ConfUtils.java:logFallback(53)) - raft.server.rpc.first-election.timeout.min = 300ms (fallback to raft.server.rpc.timeout.min)
2023-03-07 04:41:12,317 INFO  server.RaftServerConfigKeys (ConfUtils.java:logGet(46)) - raft.server.watch.timeout = 10s (default)
2023-03-07 04:41:12,317 INFO  server.RaftServerConfigKeys (ConfUtils.java:logGet(46)) - raft.server.watch.timeout.denomination = 1s (default)
2023-03-07 04:41:12,317 INFO  server.RaftServerConfigKeys (ConfUtils.java:logGet(46)) - raft.server.watch.element-limit = 65536 (default)
2023-03-07 04:41:12,317 INFO  server.RaftServerConfigKeys (ConfUtils.java:logFallback(53)) - raft.server.rpc.first-election.timeout.max = 600ms (fallback to raft.server.rpc.timeout.max)
2023-03-07 04:41:12,317 INFO  server.RaftServerConfigKeys (ConfUtils.java:logGet(46)) - raft.server.write.element-limit = 4096 (default)
2023-03-07 04:41:12,317 INFO  server.RaftServerConfigKeys (ConfUtils.java:logGet(46)) - raft.server.write.follower.gap.ratio.max = -1.0 (default)
2023-03-07 04:41:12,317 INFO  server.RaftServerConfigKeys (ConfUtils.java:logFallback(53)) - raft.server.rpc.first-election.timeout.min = 300ms (fallback to raft.server.rpc.timeout.min)
2023-03-07 04:41:12,317 INFO  server.RaftServerConfigKeys (ConfUtils.java:logFallback(53)) - raft.server.rpc.first-election.timeout.max = 600ms (fallback to raft.server.rpc.timeout.max)
2023-03-07 04:41:12,317 INFO  server.RaftServerConfigKeys (ConfUtils.java:logGet(46)) - raft.server.log.appender.snapshot.chunk.size.max = 16MB (=16777216) (default)
2023-03-07 04:41:12,317 INFO  server.RaftServerConfigKeys (ConfUtils.java:logGet(46)) - raft.server.log.appender.buffer.byte-limit = 4MB (=4194304) (default)
2023-03-07 04:41:12,317 INFO  server.RaftServerConfigKeys (ConfUtils.java:logGet(46)) - raft.server.log.appender.buffer.element-limit = 0 (default)
2023-03-07 04:41:12,317 INFO  server.RaftServerConfigKeys (ConfUtils.java:logGet(46)) - raft.server.log.appender.wait-time.min = 10ms (default)
2023-03-07 04:41:12,317 INFO  server.RaftServer$Division (RaftServerImpl.java:requestVote(1335)) - s2@group-3274576D874F replies to ELECTION vote request: s3<-s2#0:OK-t1. Peer's state: s2@group-3274576D874F:t1, leader=null, voted=s3, raftlog=Memoized:s2@group-3274576D874F-SegmentedRaftLog:OPENED:c-1, conf=-1: peers:[s3|rpc:0.0.0.0:43243|dataStream:|priority:0|startupRole:FOLLOWER, s14|rpc:0.0.0.0:41557|dataStream:|priority:0|startupRole:FOLLOWER, s2|rpc:0.0.0.0:40769|dataStream:|priority:0|startupRole:FOLLOWER]|listeners:[], old=null
2023-03-07 04:41:12,317 INFO  server.RaftServerConfigKeys (ConfUtils.java:logGet(46)) - raft.server.log.appender.snapshot.chunk.size.max = 16MB (=16777216) (default)
2023-03-07 04:41:12,318 INFO  server.RaftServerConfigKeys (ConfUtils.java:logGet(46)) - raft.server.log.appender.buffer.byte-limit = 4MB (=4194304) (default)
2023-03-07 04:41:12,318 INFO  server.RaftServerConfigKeys (ConfUtils.java:logGet(46)) - raft.server.log.appender.buffer.element-limit = 0 (default)
2023-03-07 04:41:12,318 INFO  server.RaftServerConfigKeys (ConfUtils.java:logGet(46)) - raft.server.log.appender.wait-time.min = 10ms (default)
2023-03-07 04:41:12,318 INFO  impl.RoleInfo (RoleInfo.java:updateAndGet(139)) - s3: start s3@group-3274576D874F-LeaderStateImpl
2023-03-07 04:41:12,318 INFO  segmented.SegmentedRaftLogWorker (SegmentedRaftLogWorker.java:startLogSegment(426)) - s3@group-3274576D874F-SegmentedRaftLogWorker: Starting segment from index:0
2023-03-07 04:41:12,320 INFO  server.RaftServer$Division (ServerState.java:setLeader(260)) - s14@group-3274576D874F: change Leader from null to s3 at term 1 for appendEntries, leader elected after 483ms
2023-03-07 04:41:12,322 INFO  server.RaftServer$Division (ServerState.java:setRaftConf(378)) - s3@group-3274576D874F: set configuration 0: peers:[s3|rpc:0.0.0.0:43243|dataStream:|priority:0|startupRole:FOLLOWER, s14|rpc:0.0.0.0:41557|dataStream:|priority:0|startupRole:FOLLOWER, s2|rpc:0.0.0.0:40769|dataStream:|priority:0|startupRole:FOLLOWER]|listeners:[], old=null
2023-03-07 04:41:12,323 INFO  server.RaftServer$Division (ServerState.java:setLeader(260)) - s2@group-3274576D874F: change Leader from null to s3 at term 1 for appendEntries, leader elected after 407ms
2023-03-07 04:41:12,326 DEBUG server.RaftServer$Division (RaftServerImpl.java:logAppendEntries(1429)) - s2@group-3274576D874F: receive appendEntries(s3, 1, null, -1, true, commits:[s3:c-1, s14:c-1, s2:c-1], cId:5451, entries: [(t:1, i:0), CONFIGURATIONENTRY(current:id: "s3"
address: "0.0.0.0:43243"
clientAddress: "0.0.0.0:43243"
adminAddress: "0.0.0.0:43243"
startupRole: FOLLOWER
,id: "s14"
address: "0.0.0.0:41557"
clientAddress: "0.0.0.0:41557"
adminAddress: "0.0.0.0:41557"
startupRole: FOLLOWER
,id: "s2"
address: "0.0.0.0:40769"
clientAddress: "0.0.0.0:40769"
adminAddress: "0.0.0.0:40769"
startupRole: FOLLOWER
, old:)]
2023-03-07 04:41:12,328 INFO  server.RaftServer$Division (ServerState.java:setRaftConf(378)) - s2@group-3274576D874F: set configuration 0: peers:[s3|rpc:0.0.0.0:43243|dataStream:|priority:0|startupRole:FOLLOWER, s14|rpc:0.0.0.0:41557|dataStream:|priority:0|startupRole:FOLLOWER, s2|rpc:0.0.0.0:40769|dataStream:|priority:0|startupRole:FOLLOWER]|listeners:[], old=null
2023-03-07 04:41:12,328 INFO  segmented.SegmentedRaftLogWorker (SegmentedRaftLogWorker.java:startLogSegment(426)) - s2@group-3274576D874F-SegmentedRaftLogWorker: Starting segment from index:0
2023-03-07 04:41:12,333 DEBUG server.RaftServer$Division (RaftServerImpl.java:logAppendEntries(1429)) - s14@group-3274576D874F: receive appendEntries(s3, 1, null, -1, true, commits:[s3:c-1, s14:c-1, s2:c-1], cId:5452, entries: [(t:1, i:0), CONFIGURATIONENTRY(current:id: "s3"
address: "0.0.0.0:43243"
clientAddress: "0.0.0.0:43243"
adminAddress: "0.0.0.0:43243"
startupRole: FOLLOWER
,id: "s14"
address: "0.0.0.0:41557"
clientAddress: "0.0.0.0:41557"
adminAddress: "0.0.0.0:41557"
startupRole: FOLLOWER
,id: "s2"
address: "0.0.0.0:40769"
clientAddress: "0.0.0.0:40769"
adminAddress: "0.0.0.0:40769"
startupRole: FOLLOWER
, old:)]
2023-03-07 04:41:12,335 INFO  server.RaftServer$Division (ServerState.java:setRaftConf(378)) - s14@group-3274576D874F: set configuration 0: peers:[s3|rpc:0.0.0.0:43243|dataStream:|priority:0|startupRole:FOLLOWER, s14|rpc:0.0.0.0:41557|dataStream:|priority:0|startupRole:FOLLOWER, s2|rpc:0.0.0.0:40769|dataStream:|priority:0|startupRole:FOLLOWER]|listeners:[], old=null
2023-03-07 04:41:12,335 INFO  segmented.SegmentedRaftLogWorker (SegmentedRaftLogWorker.java:startLogSegment(426)) - s14@group-3274576D874F-SegmentedRaftLogWorker: Starting segment from index:0
2023-03-07 04:41:12,337 INFO  segmented.SegmentedRaftLogWorker (SegmentedRaftLogWorker.java:execute(630)) - s3@group-3274576D874F-SegmentedRaftLogWorker: created new log segment /home/runner/work/ratis/ratis/ratis-examples/target/test/data/fa33b8e4/MiniRaftClusterWithNettye7083e71/s3/92c477b1-e109-4177-9a87-3274576d874f/current/log_inprogress_0
2023-03-07 04:41:12,345 INFO  segmented.SegmentedRaftLogWorker (SegmentedRaftLogWorker.java:execute(630)) - s2@group-3274576D874F-SegmentedRaftLogWorker: created new log segment /home/runner/work/ratis/ratis/ratis-examples/target/test/data/fa33b8e4/MiniRaftClusterWithNettye7083e71/s2/92c477b1-e109-4177-9a87-3274576d874f/current/log_inprogress_0
2023-03-07 04:41:12,346 DEBUG server.RaftServer$Division (RaftServerImpl.java:logAppendEntries(1429)) - s2@group-3274576D874F: succeeded to handle AppendEntries. Reply: s3<-s2#5451:OK-t1,SUCCESS,nextIndex=1,followerCommit=-1,matchIndex=0
2023-03-07 04:41:12,346 INFO  segmented.SegmentedRaftLogWorker (SegmentedRaftLogWorker.java:execute(630)) - s14@group-3274576D874F-SegmentedRaftLogWorker: created new log segment /home/runner/work/ratis/ratis/ratis-examples/target/test/data/fa33b8e4/MiniRaftClusterWithNettye7083e71/s14/92c477b1-e109-4177-9a87-3274576d874f/current/log_inprogress_0
2023-03-07 04:41:12,347 DEBUG server.RaftServer$Division (RaftServerImpl.java:logAppendEntries(1429)) - s14@group-3274576D874F: succeeded to handle AppendEntries. Reply: s3<-s14#5452:OK-t1,SUCCESS,nextIndex=1,followerCommit=-1,matchIndex=0
2023-03-07 04:41:12,905 INFO  ratis.RaftTestUtil (RaftTestUtil.java:waitForLeader(119)) - printing group-3274576D874F
  s3:  RUNNING [
     LEADER s3@group-3274576D874F:t1, leader=s3, voted=s3, raftlog=Memoized:s3@group-3274576D874F-SegmentedRaftLog:OPENED:c0, conf=0: peers:[s3|rpc:0.0.0.0:43243|dataStream:|priority:0|startupRole:FOLLOWER, s14|rpc:0.0.0.0:41557|dataStream:|priority:0|startupRole:FOLLOWER, s2|rpc:0.0.0.0:40769|dataStream:|priority:0|startupRole:FOLLOWER]|listeners:[], old=null RUNNING
   FOLLOWER s3@group-FAA53D5BC7BE:t0, leader=null, voted=, raftlog=Memoized:s3@group-FAA53D5BC7BE-SegmentedRaftLog:OPENED:c-1, conf=-1: peers:[]|listeners:[], old=null STARTING] size=2
  s14:  RUNNING [
   FOLLOWER s14@group-3274576D874F:t1, leader=s3, voted=s3, raftlog=Memoized:s14@group-3274576D874F-SegmentedRaftLog:OPENED:c0, conf=0: peers:[s3|rpc:0.0.0.0:43243|dataStream:|priority:0|startupRole:FOLLOWER, s14|rpc:0.0.0.0:41557|dataStream:|priority:0|startupRole:FOLLOWER, s2|rpc:0.0.0.0:40769|dataStream:|priority:0|startupRole:FOLLOWER]|listeners:[], old=null RUNNING
   FOLLOWER s14@group-FAA53D5BC7BE:t0, leader=null, voted=, raftlog=Memoized:s14@group-FAA53D5BC7BE-SegmentedRaftLog:OPENED:c-1, conf=-1: peers:[]|listeners:[], old=null STARTING] size=2
  s2:  RUNNING [
   FOLLOWER s2@group-3274576D874F:t1, leader=s3, voted=s3, raftlog=Memoized:s2@group-3274576D874F-SegmentedRaftLog:OPENED:c0, conf=0: peers:[s3|rpc:0.0.0.0:43243|dataStream:|priority:0|startupRole:FOLLOWER, s14|rpc:0.0.0.0:41557|dataStream:|priority:0|startupRole:FOLLOWER, s2|rpc:0.0.0.0:40769|dataStream:|priority:0|startupRole:FOLLOWER]|listeners:[], old=null RUNNING
   FOLLOWER s2@group-FAA53D5BC7BE:t0, leader=null, voted=, raftlog=Memoized:s2@group-FAA53D5BC7BE-SegmentedRaftLog:OPENED:c-1, conf=-1: peers:[]|listeners:[], old=null STARTING] size=2
2023-03-07 04:41:12,908 INFO  logging.LoggingHandler (AbstractInternalLogger.java:log(148)) - [id: 0x07ea810c, L:/0.0.0.0:43243] READ: [id: 0x704eef7e, L:/10.1.0.7:43243 - R:/10.1.0.7:54978]
2023-03-07 04:41:12,909 INFO  logging.LoggingHandler (AbstractInternalLogger.java:log(148)) - [id: 0x07ea810c, L:/0.0.0.0:43243] READ COMPLETE
2023-03-07 04:41:12,910 DEBUG server.RaftServer$Division (RaftServerImpl.java:submitClientRequestAsync(832)) - s3@group-3274576D874F: receive client request(RaftClientRequest:client-452A83570EEC->s3@group-3274576D874F, cid=5493, seq=0, RW, Message:01016102404580000000...(size=12))
2023-03-07 04:41:12,910 DEBUG server.RaftServer$Division (LeaderStateImpl.java:addPendingRequest(474)) - s3@group-3274576D874F-LeaderStateImpl: addPendingRequest at RaftClientRequest:client-452A83570EEC->s3@group-3274576D874F, cid=5493, seq=0, RW, Message:01016102404580000000...(size=12), entry=(t:1, i:1), STATEMACHINELOGENTRY, 5493@client-452A83570EEC
2023-03-07 04:41:12,910 DEBUG server.RaftServer$Division (RaftServerImpl.java:logAppendEntries(1429)) - s14@group-3274576D874F: receive appendEntries(s3, 1, (t:1, i:0), 0, true, commits:[s3:c0, s14:c0, s2:c0], cId:5495, entries: [(t:1, i:1), STATEMACHINELOGENTRY, 5493@client-452A83570EEC]
2023-03-07 04:41:12,910 DEBUG server.RaftServer$Division (RaftServerImpl.java:logAppendEntries(1429)) - s2@group-3274576D874F: receive appendEntries(s3, 1, (t:1, i:0), 0, true, commits:[s3:c0, s14:c0, s2:c0], cId:5494, entries: [(t:1, i:1), STATEMACHINELOGENTRY, 5493@client-452A83570EEC]
2023-03-07 04:41:12,911 DEBUG server.RaftServer$Division (RaftServerImpl.java:logAppendEntries(1429)) - s14@group-3274576D874F: succeeded to handle AppendEntries. Reply: s3<-s14#5495:OK-t1,SUCCESS,nextIndex=2,followerCommit=0,matchIndex=1
2023-03-07 04:41:12,911 DEBUG server.RaftServer$Division (RaftServerImpl.java:logAppendEntries(1429)) - s2@group-3274576D874F: succeeded to handle AppendEntries. Reply: s3<-s2#5494:OK-t1,SUCCESS,nextIndex=2,followerCommit=0,matchIndex=1
2023-03-07 04:41:12,911 INFO  statemachine.StateMachine (ArithmeticStateMachine.java:applyTransaction(182)) - LEADER:s3-1: a = 43 = 43
2023-03-07 04:41:12,912 DEBUG server.RaftServer$Division (RaftServerImpl.java:logAppendEntries(1429)) - s14@group-3274576D874F: receive appendEntries(s3, 1, (t:1, i:1), 1, true, commits:[s3:c1, s14:c0, s2:c0], cId:5496, entries: [(t:1, i:2), METADATAENTRY(c:1)]
2023-03-07 04:41:12,912 DEBUG server.RaftServer$Division (RaftServerImpl.java:logAppendEntries(1429)) - s14@group-3274576D874F: succeeded to handle AppendEntries. Reply: s3<-s14#5496:OK-t1,SUCCESS,nextIndex=3,followerCommit=1,matchIndex=2
2023-03-07 04:41:12,912 DEBUG server.RaftServer$Division (RaftServerImpl.java:logAppendEntries(1429)) - s2@group-3274576D874F: receive appendEntries(s3, 1, (t:1, i:1), 1, true, commits:[s3:c1, s14:c0, s2:c0], cId:5497, entries: [(t:1, i:2), METADATAENTRY(c:1)]
2023-03-07 04:41:12,913 DEBUG server.RaftServer$Division (RaftServerImpl.java:logAppendEntries(1429)) - s2@group-3274576D874F: succeeded to handle AppendEntries. Reply: s3<-s2#5497:OK-t1,SUCCESS,nextIndex=3,followerCommit=1,matchIndex=2
2023-03-07 04:41:12,915 DEBUG server.RaftServer$Division (RaftServerImpl.java:submitClientRequestAsync(832)) - s3@group-3274576D874F: receive client request(RaftClientRequest:client-452A83570EEC->s3@group-3274576D874F, cid=5498, seq=0, RW, Message:01016202408ce0000000...(size=12))
2023-03-07 04:41:12,915 DEBUG server.RaftServer$Division (LeaderStateImpl.java:addPendingRequest(474)) - s3@group-3274576D874F-LeaderStateImpl: addPendingRequest at RaftClientRequest:client-452A83570EEC->s3@group-3274576D874F, cid=5498, seq=0, RW, Message:01016202408ce0000000...(size=12), entry=(t:1, i:3), STATEMACHINELOGENTRY, 5498@client-452A83570EEC
2023-03-07 04:41:12,915 DEBUG server.RaftServer$Division (RaftServerImpl.java:logAppendEntries(1429)) - s14@group-3274576D874F: receive appendEntries(s3, 1, (t:1, i:2), 2, true, commits:[s3:c2, s14:c1, s2:c1], cId:5501, entries: [(t:1, i:3), STATEMACHINELOGENTRY, 5498@client-452A83570EEC]
2023-03-07 04:41:12,916 DEBUG server.RaftServer$Division (RaftServerImpl.java:logAppendEntries(1429)) - s2@group-3274576D874F: receive appendEntries(s3, 1, (t:1, i:2), 2, true, commits:[s3:c2, s14:c1, s2:c1], cId:5504, entries: [(t:1, i:3), STATEMACHINELOGENTRY, 5498@client-452A83570EEC]
2023-03-07 04:41:12,916 DEBUG server.RaftServer$Division (RaftServerImpl.java:logAppendEntries(1429)) - s14@group-3274576D874F: succeeded to handle AppendEntries. Reply: s3<-s14#5501:OK-t1,SUCCESS,nextIndex=4,followerCommit=2,matchIndex=3
2023-03-07 04:41:12,916 DEBUG server.RaftServer$Division (RaftServerImpl.java:logAppendEntries(1429)) - s2@group-3274576D874F: succeeded to handle AppendEntries. Reply: s3<-s2#5504:OK-t1,SUCCESS,nextIndex=4,followerCommit=2,matchIndex=3
2023-03-07 04:41:12,916 INFO  statemachine.StateMachine (ArithmeticStateMachine.java:applyTransaction(182)) - LEADER:s3-3: b = 924 = 924
2023-03-07 04:41:12,916 DEBUG server.RaftServer$Division (RaftServerImpl.java:logAppendEntries(1429)) - s14@group-3274576D874F: receive appendEntries(s3, 1, (t:1, i:3), 3, true, commits:[s3:c3, s14:c2, s2:c2], cId:5505, entries: [(t:1, i:4), METADATAENTRY(c:3)]
2023-03-07 04:41:12,917 DEBUG server.RaftServer$Division (RaftServerImpl.java:logAppendEntries(1429)) - s2@group-3274576D874F: receive appendEntries(s3, 1, (t:1, i:3), 3, true, commits:[s3:c3, s14:c2, s2:c2], cId:5506, entries: [(t:1, i:4), METADATAENTRY(c:3)]
2023-03-07 04:41:12,917 DEBUG server.RaftServer$Division (RaftServerImpl.java:logAppendEntries(1429)) - s14@group-3274576D874F: succeeded to handle AppendEntries. Reply: s3<-s14#5505:OK-t1,SUCCESS,nextIndex=5,followerCommit=3,matchIndex=4
2023-03-07 04:41:12,917 DEBUG server.RaftServer$Division (RaftServerImpl.java:logAppendEntries(1429)) - s2@group-3274576D874F: succeeded to handle AppendEntries. Reply: s3<-s2#5506:OK-t1,SUCCESS,nextIndex=5,followerCommit=3,matchIndex=4
2023-03-07 04:41:12,923 DEBUG server.RaftServer$Division (RaftServerImpl.java:submitClientRequestAsync(832)) - s3@group-3274576D874F: receive client request(RaftClientRequest:client-452A83570EEC->s3@group-3274576D874F, cid=5507, seq=0, RW, Message:01016304010300040201...(size=17))
2023-03-07 04:41:12,923 DEBUG server.RaftServer$Division (LeaderStateImpl.java:addPendingRequest(474)) - s3@group-3274576D874F-LeaderStateImpl: addPendingRequest at RaftClientRequest:client-452A83570EEC->s3@group-3274576D874F, cid=5507, seq=0, RW, Message:01016304010300040201...(size=17), entry=(t:1, i:5), STATEMACHINELOGENTRY, 5507@client-452A83570EEC
2023-03-07 04:41:12,924 DEBUG server.RaftServer$Division (RaftServerImpl.java:logAppendEntries(1429)) - s14@group-3274576D874F: receive appendEntries(s3, 1, (t:1, i:4), 4, true, commits:[s3:c4, s14:c3, s2:c3], cId:5508, entries: [(t:1, i:5), STATEMACHINELOGENTRY, 5507@client-452A83570EEC]
2023-03-07 04:41:12,924 DEBUG server.RaftServer$Division (RaftServerImpl.java:logAppendEntries(1429)) - s14@group-3274576D874F: succeeded to handle AppendEntries. Reply: s3<-s14#5508:OK-t1,SUCCESS,nextIndex=6,followerCommit=4,matchIndex=5
2023-03-07 04:41:12,925 DEBUG server.RaftServer$Division (RaftServerImpl.java:logAppendEntries(1429)) - s2@group-3274576D874F: receive appendEntries(s3, 1, (t:1, i:4), 4, true, commits:[s3:c4, s14:c3, s2:c3], cId:5509, entries: [(t:1, i:5), STATEMACHINELOGENTRY, 5507@client-452A83570EEC]
2023-03-07 04:41:12,925 DEBUG server.RaftServer$Division (RaftServerImpl.java:logAppendEntries(1429)) - s2@group-3274576D874F: succeeded to handle AppendEntries. Reply: s3<-s2#5509:OK-t1,SUCCESS,nextIndex=6,followerCommit=4,matchIndex=5
2023-03-07 04:41:12,925 INFO  statemachine.StateMachine (ArithmeticStateMachine.java:applyTransaction(182)) - LEADER:s3-5: c = √(a^2 + b^2) = 925
2023-03-07 04:41:12,926 DEBUG server.RaftServer$Division (RaftServerImpl.java:logAppendEntries(1429)) - s14@group-3274576D874F: receive appendEntries(s3, 1, (t:1, i:5), 5, true, commits:[s3:c5, s14:c4, s2:c4], cId:5510, entries: [(t:1, i:6), METADATAENTRY(c:5)]
2023-03-07 04:41:12,926 DEBUG server.RaftServer$Division (RaftServerImpl.java:logAppendEntries(1429)) - s2@group-3274576D874F: receive appendEntries(s3, 1, (t:1, i:5), 5, true, commits:[s3:c5, s14:c4, s2:c4], cId:5511, entries: [(t:1, i:6), METADATAENTRY(c:5)]
2023-03-07 04:41:12,926 DEBUG server.RaftServer$Division (RaftServerImpl.java:logAppendEntries(1429)) - s2@group-3274576D874F: succeeded to handle AppendEntries. Reply: s3<-s2#5511:OK-t1,SUCCESS,nextIndex=7,followerCommit=5,matchIndex=6
2023-03-07 04:41:12,927 DEBUG server.RaftServer$Division (RaftServerImpl.java:logAppendEntries(1429)) - s14@group-3274576D874F: succeeded to handle AppendEntries. Reply: s3<-s14#5510:OK-t1,SUCCESS,nextIndex=7,followerCommit=5,matchIndex=6
2023-03-07 04:41:12,928 DEBUG server.RaftServer$Division (RaftServerImpl.java:submitClientRequestAsync(832)) - s3@group-3274576D874F: receive client request(RaftClientRequest:client-452A83570EEC->s3@group-3274576D874F, cid=5512, seq=0, RW, Message:01016100)
2023-03-07 04:41:12,928 DEBUG server.RaftServer$Division (LeaderStateImpl.java:addPendingRequest(474)) - s3@group-3274576D874F-LeaderStateImpl: addPendingRequest at RaftClientRequest:client-452A83570EEC->s3@group-3274576D874F, cid=5512, seq=0, RW, Message:01016100, entry=(t:1, i:7), STATEMACHINELOGENTRY, 5512@client-452A83570EEC
2023-03-07 04:41:12,929 DEBUG server.RaftServer$Division (RaftServerImpl.java:logAppendEntries(1429)) - s14@group-3274576D874F: receive appendEntries(s3, 1, (t:1, i:6), 6, true, commits:[s3:c6, s14:c5, s2:c5], cId:5513, entries: [(t:1, i:7), STATEMACHINELOGENTRY, 5512@client-452A83570EEC]
2023-03-07 04:41:12,929 DEBUG server.RaftServer$Division (RaftServerImpl.java:logAppendEntries(1429)) - s14@group-3274576D874F: succeeded to handle AppendEntries. Reply: s3<-s14#5513:OK-t1,SUCCESS,nextIndex=8,followerCommit=6,matchIndex=7
2023-03-07 04:41:12,929 DEBUG server.RaftServer$Division (RaftServerImpl.java:logAppendEntries(1429)) - s2@group-3274576D874F: receive appendEntries(s3, 1, (t:1, i:6), 6, true, commits:[s3:c6, s14:c5, s2:c5], cId:5514, entries: [(t:1, i:7), STATEMACHINELOGENTRY, 5512@client-452A83570EEC]
2023-03-07 04:41:12,929 INFO  statemachine.StateMachine (ArithmeticStateMachine.java:applyTransaction(182)) - LEADER:s3-7: a = null = null
2023-03-07 04:41:12,929 DEBUG server.RaftServer$Division (RaftServerImpl.java:logAppendEntries(1429)) - s2@group-3274576D874F: succeeded to handle AppendEntries. Reply: s3<-s2#5514:OK-t1,SUCCESS,nextIndex=8,followerCommit=6,matchIndex=7
2023-03-07 04:41:12,930 DEBUG server.RaftServer$Division (RaftServerImpl.java:logAppendEntries(1429)) - s14@group-3274576D874F: receive appendEntries(s3, 1, (t:1, i:7), 7, true, commits:[s3:c7, s14:c6, s2:c5], cId:5515, entries: [(t:1, i:8), METADATAENTRY(c:7)]
2023-03-07 04:41:12,930 DEBUG server.RaftServer$Division (RaftServerImpl.java:logAppendEntries(1429)) - s2@group-3274576D874F: receive appendEntries(s3, 1, (t:1, i:7), 7, true, commits:[s3:c7, s14:c6, s2:c6], cId:5516, entries: [(t:1, i:8), METADATAENTRY(c:7)]
2023-03-07 04:41:12,930 DEBUG server.RaftServer$Division (RaftServerImpl.java:logAppendEntries(1429)) - s14@group-3274576D874F: succeeded to handle AppendEntries. Reply: s3<-s14#5515:OK-t1,SUCCESS,nextIndex=9,followerCommit=7,matchIndex=8
2023-03-07 04:41:12,930 DEBUG server.RaftServer$Division (RaftServerImpl.java:logAppendEntries(1429)) - s2@group-3274576D874F: succeeded to handle AppendEntries. Reply: s3<-s2#5516:OK-t1,SUCCESS,nextIndex=9,followerCommit=7,matchIndex=8
2023-03-07 04:41:12,931 DEBUG server.RaftServer$Division (RaftServerImpl.java:submitClientRequestAsync(832)) - s3@group-3274576D874F: receive client request(RaftClientRequest:client-452A83570EEC->s3@group-3274576D874F, cid=5517, seq=0, RW, Message:01016200)
2023-03-07 04:41:12,931 DEBUG server.RaftServer$Division (LeaderStateImpl.java:addPendingRequest(474)) - s3@group-3274576D874F-LeaderStateImpl: addPendingRequest at RaftClientRequest:client-452A83570EEC->s3@group-3274576D874F, cid=5517, seq=0, RW, Message:01016200, entry=(t:1, i:9), STATEMACHINELOGENTRY, 5517@client-452A83570EEC
2023-03-07 04:41:12,932 DEBUG server.RaftServer$Division (RaftServerImpl.java:logAppendEntries(1429)) - s14@group-3274576D874F: receive appendEntries(s3, 1, (t:1, i:8), 8, true, commits:[s3:c8, s14:c7, s2:c7], cId:5518, entries: [(t:1, i:9), STATEMACHINELOGENTRY, 5517@client-452A83570EEC]
2023-03-07 04:41:12,932 DEBUG server.RaftServer$Division (RaftServerImpl.java:logAppendEntries(1429)) - s14@group-3274576D874F: succeeded to handle AppendEntries. Reply: s3<-s14#5518:OK-t1,SUCCESS,nextIndex=10,followerCommit=8,matchIndex=9
2023-03-07 04:41:12,932 DEBUG server.RaftServer$Division (RaftServerImpl.java:logAppendEntries(1429)) - s2@group-3274576D874F: receive appendEntries(s3, 1, (t:1, i:8), 8, true, commits:[s3:c8, s14:c7, s2:c7], cId:5519, entries: [(t:1, i:9), STATEMACHINELOGENTRY, 5517@client-452A83570EEC]
2023-03-07 04:41:12,932 INFO  statemachine.StateMachine (ArithmeticStateMachine.java:applyTransaction(182)) - LEADER:s3-9: b = null = null
2023-03-07 04:41:12,933 DEBUG server.RaftServer$Division (RaftServerImpl.java:logAppendEntries(1429)) - s2@group-3274576D874F: succeeded to handle AppendEntries. Reply: s3<-s2#5519:OK-t1,SUCCESS,nextIndex=10,followerCommit=8,matchIndex=9
2023-03-07 04:41:12,933 DEBUG server.RaftServer$Division (RaftServerImpl.java:logAppendEntries(1429)) - s14@group-3274576D874F: receive appendEntries(s3, 1, (t:1, i:9), 9, true, commits:[s3:c9, s14:c8, s2:c7], cId:5520, entries: [(t:1, i:10), METADATAENTRY(c:9)]
2023-03-07 04:41:12,934 DEBUG server.RaftServer$Division (RaftServerImpl.java:logAppendEntries(1429)) - s2@group-3274576D874F: receive appendEntries(s3, 1, (t:1, i:9), 9, true, commits:[s3:c9, s14:c8, s2:c8], cId:5521, entries: [(t:1, i:10), METADATAENTRY(c:9)]
2023-03-07 04:41:12,934 DEBUG server.RaftServer$Division (RaftServerImpl.java:logAppendEntries(1429)) - s2@group-3274576D874F: succeeded to handle AppendEntries. Reply: s3<-s2#5521:OK-t1,SUCCESS,nextIndex=11,followerCommit=9,matchIndex=10
2023-03-07 04:41:12,935 DEBUG server.RaftServer$Division (RaftServerImpl.java:logAppendEntries(1429)) - s14@group-3274576D874F: succeeded to handle AppendEntries. Reply: s3<-s14#5520:OK-t1,SUCCESS,nextIndex=11,followerCommit=9,matchIndex=10
2023-03-07 04:41:12,935 DEBUG server.RaftServer$Division (RaftServerImpl.java:submitClientRequestAsync(832)) - s3@group-3274576D874F: receive client request(RaftClientRequest:client-452A83570EEC->s3@group-3274576D874F, cid=5522, seq=0, RW, Message:01016300)
2023-03-07 04:41:12,935 DEBUG server.RaftServer$Division (LeaderStateImpl.java:addPendingRequest(474)) - s3@group-3274576D874F-LeaderStateImpl: addPendingRequest at RaftClientRequest:client-452A83570EEC->s3@group-3274576D874F, cid=5522, seq=0, RW, Message:01016300, entry=(t:1, i:11), STATEMACHINELOGENTRY, 5522@client-452A83570EEC
2023-03-07 04:41:12,936 DEBUG server.RaftServer$Division (RaftServerImpl.java:logAppendEntries(1429)) - s14@group-3274576D874F: receive appendEntries(s3, 1, (t:1, i:10), 10, true, commits:[s3:c10, s14:c9, s2:c9], cId:5523, entries: [(t:1, i:11), STATEMACHINELOGENTRY, 5522@client-452A83570EEC]
2023-03-07 04:41:12,936 DEBUG server.RaftServer$Division (RaftServerImpl.java:logAppendEntries(1429)) - s14@group-3274576D874F: succeeded to handle AppendEntries. Reply: s3<-s14#5523:OK-t1,SUCCESS,nextIndex=12,followerCommit=10,matchIndex=11
2023-03-07 04:41:12,936 DEBUG server.RaftServer$Division (RaftServerImpl.java:logAppendEntries(1429)) - s2@group-3274576D874F: receive appendEntries(s3, 1, (t:1, i:10), 10, true, commits:[s3:c10, s14:c9, s2:c9], cId:5524, entries: [(t:1, i:11), STATEMACHINELOGENTRY, 5522@client-452A83570EEC]
2023-03-07 04:41:12,936 DEBUG server.RaftServer$Division (RaftServerImpl.java:logAppendEntries(1429)) - s2@group-3274576D874F: succeeded to handle AppendEntries. Reply: s3<-s2#5524:OK-t1,SUCCESS,nextIndex=12,followerCommit=10,matchIndex=11
2023-03-07 04:41:12,937 INFO  statemachine.StateMachine (ArithmeticStateMachine.java:applyTransaction(182)) - LEADER:s3-11: c = null = null
2023-03-07 04:41:12,937 DEBUG server.RaftServer$Division (RaftServerImpl.java:logAppendEntries(1429)) - s14@group-3274576D874F: receive appendEntries(s3, 1, (t:1, i:11), 11, true, commits:[s3:c11, s14:c10, s2:c10], cId:5525, entries: [(t:1, i:12), METADATAENTRY(c:11)]
2023-03-07 04:41:12,937 DEBUG server.RaftServer$Division (RaftServerImpl.java:logAppendEntries(1429)) - s2@group-3274576D874F: receive appendEntries(s3, 1, (t:1, i:11), 11, true, commits:[s3:c11, s14:c10, s2:c10], cId:5526, entries: [(t:1, i:12), METADATAENTRY(c:11)]
2023-03-07 04:41:12,938 DEBUG server.RaftServer$Division (RaftServerImpl.java:logAppendEntries(1429)) - s14@group-3274576D874F: succeeded to handle AppendEntries. Reply: s3<-s14#5525:OK-t1,SUCCESS,nextIndex=13,followerCommit=11,matchIndex=12
2023-03-07 04:41:12,938 DEBUG server.RaftServer$Division (RaftServerImpl.java:logAppendEntries(1429)) - s2@group-3274576D874F: succeeded to handle AppendEntries. Reply: s3<-s2#5526:OK-t1,SUCCESS,nextIndex=13,followerCommit=11,matchIndex=12
2023-03-07 04:41:12,939 DEBUG server.RaftServer$Division (RaftServerImpl.java:submitClientRequestAsync(832)) - s3@group-3274576D874F: receive client request(RaftClientRequest:client-452A83570EEC->s3@group-3274576D874F, cid=5527, seq=0, RW, Message:01016102404680000000...(size=12))
2023-03-07 04:41:12,939 DEBUG server.RaftServer$Division (LeaderStateImpl.java:addPendingRequest(474)) - s3@group-3274576D874F-LeaderStateImpl: addPendingRequest at RaftClientRequest:client-452A83570EEC->s3@group-3274576D874F, cid=5527, seq=0, RW, Message:01016102404680000000...(size=12), entry=(t:1, i:13), STATEMACHINELOGENTRY, 5527@client-452A83570EEC
2023-03-07 04:41:12,939 DEBUG server.RaftServer$Division (RaftServerImpl.java:logAppendEntries(1429)) - s14@group-3274576D874F: receive appendEntries(s3, 1, (t:1, i:12), 12, true, commits:[s3:c12, s14:c11, s2:c11], cId:5528, entries: [(t:1, i:13), STATEMACHINELOGENTRY, 5527@client-452A83570EEC]
2023-03-07 04:41:12,939 DEBUG server.RaftServer$Division (RaftServerImpl.java:logAppendEntries(1429)) - s14@group-3274576D874F: succeeded to handle AppendEntries. Reply: s3<-s14#5528:OK-t1,SUCCESS,nextIndex=14,followerCommit=12,matchIndex=13
2023-03-07 04:41:12,940 DEBUG server.RaftServer$Division (RaftServerImpl.java:logAppendEntries(1429)) - s2@group-3274576D874F: receive appendEntries(s3, 1, (t:1, i:12), 12, true, commits:[s3:c12, s14:c11, s2:c11], cId:5529, entries: [(t:1, i:13), STATEMACHINELOGENTRY, 5527@client-452A83570EEC]
2023-03-07 04:41:12,940 INFO  statemachine.StateMachine (ArithmeticStateMachine.java:applyTransaction(182)) - LEADER:s3-13: a = 45 = 45
2023-03-07 04:41:12,940 DEBUG server.RaftServer$Division (RaftServerImpl.java:logAppendEntries(1429)) - s2@group-3274576D874F: succeeded to handle AppendEntries. Reply: s3<-s2#5529:OK-t1,SUCCESS,nextIndex=14,followerCommit=12,matchIndex=13
2023-03-07 04:41:12,941 DEBUG server.RaftServer$Division (RaftServerImpl.java:logAppendEntries(1429)) - s14@group-3274576D874F: receive appendEntries(s3, 1, (t:1, i:13), 13, true, commits:[s3:c13, s14:c12, s2:c11], cId:5530, entries: [(t:1, i:14), METADATAENTRY(c:13)]
2023-03-07 04:41:12,941 DEBUG server.RaftServer$Division (RaftServerImpl.java:logAppendEntries(1429)) - s14@group-3274576D874F: succeeded to handle AppendEntries. Reply: s3<-s14#5530:OK-t1,SUCCESS,nextIndex=15,followerCommit=13,matchIndex=14
2023-03-07 04:41:12,941 DEBUG server.RaftServer$Division (RaftServerImpl.java:logAppendEntries(1429)) - s2@group-3274576D874F: receive appendEntries(s3, 1, (t:1, i:13), 13, true, commits:[s3:c13, s14:c12, s2:c12], cId:5531, entries: [(t:1, i:14), METADATAENTRY(c:13)]
2023-03-07 04:41:12,942 DEBUG server.RaftServer$Division (RaftServerImpl.java:logAppendEntries(1429)) - s2@group-3274576D874F: succeeded to handle AppendEntries. Reply: s3<-s2#5531:OK-t1,SUCCESS,nextIndex=15,followerCommit=13,matchIndex=14
2023-03-07 04:41:12,943 DEBUG server.RaftServer$Division (RaftServerImpl.java:submitClientRequestAsync(832)) - s3@group-3274576D874F: receive client request(RaftClientRequest:client-452A83570EEC->s3@group-3274576D874F, cid=5532, seq=0, RW, Message:01016202408fa0000000...(size=12))
2023-03-07 04:41:12,943 DEBUG server.RaftServer$Division (LeaderStateImpl.java:addPendingRequest(474)) - s3@group-3274576D874F-LeaderStateImpl: addPendingRequest at RaftClientRequest:client-452A83570EEC->s3@group-3274576D874F, cid=5532, seq=0, RW, Message:01016202408fa0000000...(size=12), entry=(t:1, i:15), STATEMACHINELOGENTRY, 5532@client-452A83570EEC
2023-03-07 04:41:12,943 DEBUG server.RaftServer$Division (RaftServerImpl.java:logAppendEntries(1429)) - s14@group-3274576D874F: receive appendEntries(s3, 1, (t:1, i:14), 14, true, commits:[s3:c14, s14:c13, s2:c13], cId:5533, entries: [(t:1, i:15), STATEMACHINELOGENTRY, 5532@client-452A83570EEC]
2023-03-07 04:41:12,944 DEBUG server.RaftServer$Division (RaftServerImpl.java:logAppendEntries(1429)) - s14@group-3274576D874F: succeeded to handle AppendEntries. Reply: s3<-s14#5533:OK-t1,SUCCESS,nextIndex=16,followerCommit=14,matchIndex=15
2023-03-07 04:41:12,944 DEBUG server.RaftServer$Division (RaftServerImpl.java:logAppendEntries(1429)) - s2@group-3274576D874F: receive appendEntries(s3, 1, (t:1, i:14), 14, true, commits:[s3:c14, s14:c13, s2:c13], cId:5534, entries: [(t:1, i:15), STATEMACHINELOGENTRY, 5532@client-452A83570EEC]
2023-03-07 04:41:12,944 INFO  statemachine.StateMachine (ArithmeticStateMachine.java:applyTransaction(182)) - LEADER:s3-15: b = 1012 = 1012
2023-03-07 04:41:12,944 DEBUG server.RaftServer$Division (RaftServerImpl.java:logAppendEntries(1429)) - s2@group-3274576D874F: succeeded to handle AppendEntries. Reply: s3<-s2#5534:OK-t1,SUCCESS,nextIndex=16,followerCommit=14,matchIndex=15
2023-03-07 04:41:12,945 DEBUG server.RaftServer$Division (RaftServerImpl.java:logAppendEntries(1429)) - s14@group-3274576D874F: receive appendEntries(s3, 1, (t:1, i:15), 15, true, commits:[s3:c15, s14:c14, s2:c13], cId:5535, entries: [(t:1, i:16), METADATAENTRY(c:15)]
2023-03-07 04:41:12,945 DEBUG server.RaftServer$Division (RaftServerImpl.java:logAppendEntries(1429)) - s14@group-3274576D874F: succeeded to handle AppendEntries. Reply: s3<-s14#5535:OK-t1,SUCCESS,nextIndex=17,followerCommit=15,matchIndex=16
2023-03-07 04:41:12,945 DEBUG server.RaftServer$Division (RaftServerImpl.java:logAppendEntries(1429)) - s2@group-3274576D874F: receive appendEntries(s3, 1, (t:1, i:15), 15, true, commits:[s3:c15, s14:c14, s2:c14], cId:5536, entries: [(t:1, i:16), METADATAENTRY(c:15)]
2023-03-07 04:41:12,946 DEBUG server.RaftServer$Division (RaftServerImpl.java:logAppendEntries(1429)) - s2@group-3274576D874F: succeeded to handle AppendEntries. Reply: s3<-s2#5536:OK-t1,SUCCESS,nextIndex=17,followerCommit=15,matchIndex=16
2023-03-07 04:41:12,946 DEBUG server.RaftServer$Division (RaftServerImpl.java:submitClientRequestAsync(832)) - s3@group-3274576D874F: receive client request(RaftClientRequest:client-452A83570EEC->s3@group-3274576D874F, cid=5537, seq=0, RW, Message:01016304010300040201...(size=17))
2023-03-07 04:41:12,947 DEBUG server.RaftServer$Division (LeaderStateImpl.java:addPendingRequest(474)) - s3@group-3274576D874F-LeaderStateImpl: addPendingRequest at RaftClientRequest:client-452A83570EEC->s3@group-3274576D874F, cid=5537, seq=0, RW, Message:01016304010300040201...(size=17), entry=(t:1, i:17), STATEMACHINELOGENTRY, 5537@client-452A83570EEC
2023-03-07 04:41:12,947 DEBUG server.RaftServer$Division (RaftServerImpl.java:logAppendEntries(1429)) - s14@group-3274576D874F: receive appendEntries(s3, 1, (t:1, i:16), 16, true, commits:[s3:c16, s14:c15, s2:c15], cId:5538, entries: [(t:1, i:17), STATEMACHINELOGENTRY, 5537@client-452A83570EEC]
2023-03-07 04:41:12,947 DEBUG server.RaftServer$Division (RaftServerImpl.java:logAppendEntries(1429)) - s14@group-3274576D874F: succeeded to handle AppendEntries. Reply: s3<-s14#5538:OK-t1,SUCCESS,nextIndex=18,followerCommit=16,matchIndex=17
2023-03-07 04:41:12,948 DEBUG server.RaftServer$Division (RaftServerImpl.java:logAppendEntries(1429)) - s2@group-3274576D874F: receive appendEntries(s3, 1, (t:1, i:16), 16, true, commits:[s3:c16, s14:c15, s2:c15], cId:5539, entries: [(t:1, i:17), STATEMACHINELOGENTRY, 5537@client-452A83570EEC]
2023-03-07 04:41:12,948 INFO  statemachine.StateMachine (ArithmeticStateMachine.java:applyTransaction(182)) - LEADER:s3-17: c = √(a^2 + b^2) = 1013
2023-03-07 04:41:12,948 DEBUG server.RaftServer$Division (RaftServerImpl.java:logAppendEntries(1429)) - s2@group-3274576D874F: succeeded to handle AppendEntries. Reply: s3<-s2#5539:OK-t1,SUCCESS,nextIndex=18,followerCommit=16,matchIndex=17
2023-03-07 04:41:12,948 DEBUG server.RaftServer$Division (RaftServerImpl.java:logAppendEntries(1429)) - s14@group-3274576D874F: receive appendEntries(s3, 1, (t:1, i:17), 17, true, commits:[s3:c17, s14:c16, s2:c15], cId:5540, entries: [(t:1, i:18), METADATAENTRY(c:17)]
2023-03-07 04:41:12,949 DEBUG server.RaftServer$Division (RaftServerImpl.java:logAppendEntries(1429)) - s14@group-3274576D874F: succeeded to handle AppendEntries. Reply: s3<-s14#5540:OK-t1,SUCCESS,nextIndex=19,followerCommit=17,matchIndex=18
2023-03-07 04:41:12,949 DEBUG server.RaftServer$Division (RaftServerImpl.java:logAppendEntries(1429)) - s2@group-3274576D874F: receive appendEntries(s3, 1, (t:1, i:17), 17, true, commits:[s3:c17, s14:c16, s2:c16], cId:5541, entries: [(t:1, i:18), METADATAENTRY(c:17)]
2023-03-07 04:41:12,950 DEBUG server.RaftServer$Division (RaftServerImpl.java:logAppendEntries(1429)) - s2@group-3274576D874F: succeeded to handle AppendEntries. Reply: s3<-s2#5541:OK-t1,SUCCESS,nextIndex=19,followerCommit=17,matchIndex=18
2023-03-07 04:41:12,950 DEBUG server.RaftServer$Division (RaftServerImpl.java:submitClientRequestAsync(832)) - s3@group-3274576D874F: receive client request(RaftClientRequest:client-452A83570EEC->s3@group-3274576D874F, cid=5542, seq=0, RW, Message:01016100)
2023-03-07 04:41:12,950 DEBUG server.RaftServer$Division (LeaderStateImpl.java:addPendingRequest(474)) - s3@group-3274576D874F-LeaderStateImpl: addPendingRequest at RaftClientRequest:client-452A83570EEC->s3@group-3274576D874F, cid=5542, seq=0, RW, Message:01016100, entry=(t:1, i:19), STATEMACHINELOGENTRY, 5542@client-452A83570EEC
2023-03-07 04:41:12,951 DEBUG server.RaftServer$Division (RaftServerImpl.java:logAppendEntries(1429)) - s14@group-3274576D874F: receive appendEntries(s3, 1, (t:1, i:18), 18, true, commits:[s3:c18, s14:c17, s2:c17], cId:5543, entries: [(t:1, i:19), STATEMACHINELOGENTRY, 5542@client-452A83570EEC]
2023-03-07 04:41:12,951 DEBUG server.RaftServer$Division (RaftServerImpl.java:logAppendEntries(1429)) - s14@group-3274576D874F: succeeded to handle AppendEntries. Reply: s3<-s14#5543:OK-t1,SUCCESS,nextIndex=20,followerCommit=18,matchIndex=19
2023-03-07 04:41:12,951 DEBUG server.RaftServer$Division (RaftServerImpl.java:logAppendEntries(1429)) - s2@group-3274576D874F: receive appendEntries(s3, 1, (t:1, i:18), 18, true, commits:[s3:c18, s14:c17, s2:c17], cId:5544, entries: [(t:1, i:19), STATEMACHINELOGENTRY, 5542@client-452A83570EEC]
2023-03-07 04:41:12,952 INFO  statemachine.StateMachine (ArithmeticStateMachine.java:applyTransaction(182)) - LEADER:s3-19: a = null = null
2023-03-07 04:41:12,952 DEBUG server.RaftServer$Division (RaftServerImpl.java:logAppendEntries(1429)) - s2@group-3274576D874F: succeeded to handle AppendEntries. Reply: s3<-s2#5544:OK-t1,SUCCESS,nextIndex=20,followerCommit=18,matchIndex=19
2023-03-07 04:41:12,952 DEBUG server.RaftServer$Division (RaftServerImpl.java:logAppendEntries(1429)) - s14@group-3274576D874F: receive appendEntries(s3, 1, (t:1, i:19), 19, true, commits:[s3:c19, s14:c18, s2:c17], cId:5545, entries: [(t:1, i:20), METADATAENTRY(c:19)]
2023-03-07 04:41:12,952 DEBUG server.RaftServer$Division (RaftServerImpl.java:logAppendEntries(1429)) - s14@group-3274576D874F: succeeded to handle AppendEntries. Reply: s3<-s14#5545:OK-t1,SUCCESS,nextIndex=21,followerCommit=19,matchIndex=20
2023-03-07 04:41:12,953 DEBUG server.RaftServer$Division (RaftServerImpl.java:logAppendEntries(1429)) - s2@group-3274576D874F: receive appendEntries(s3, 1, (t:1, i:19), 19, true, commits:[s3:c19, s14:c18, s2:c18], cId:5546, entries: [(t:1, i:20), METADATAENTRY(c:19)]
2023-03-07 04:41:12,953 DEBUG server.RaftServer$Division (RaftServerImpl.java:logAppendEntries(1429)) - s2@group-3274576D874F: succeeded to handle AppendEntries. Reply: s3<-s2#5546:OK-t1,SUCCESS,nextIndex=21,followerCommit=19,matchIndex=20
2023-03-07 04:41:12,954 DEBUG server.RaftServer$Division (RaftServerImpl.java:submitClientRequestAsync(832)) - s3@group-3274576D874F: receive client request(RaftClientRequest:client-452A83570EEC->s3@group-3274576D874F, cid=5547, seq=0, RW, Message:01016200)
2023-03-07 04:41:12,954 DEBUG server.RaftServer$Division (LeaderStateImpl.java:addPendingRequest(474)) - s3@group-3274576D874F-LeaderStateImpl: addPendingRequest at RaftClientRequest:client-452A83570EEC->s3@group-3274576D874F, cid=5547, seq=0, RW, Message:01016200, entry=(t:1, i:21), STATEMACHINELOGENTRY, 5547@client-452A83570EEC
2023-03-07 04:41:12,954 DEBUG server.RaftServer$Division (RaftServerImpl.java:logAppendEntries(1429)) - s14@group-3274576D874F: receive appendEntries(s3, 1, (t:1, i:20), 20, true, commits:[s3:c20, s14:c19, s2:c19], cId:5548, entries: [(t:1, i:21), STATEMACHINELOGENTRY, 5547@client-452A83570EEC]
2023-03-07 04:41:12,955 DEBUG server.RaftServer$Division (RaftServerImpl.java:logAppendEntries(1429)) - s14@group-3274576D874F: succeeded to handle AppendEntries. Reply: s3<-s14#5548:OK-t1,SUCCESS,nextIndex=22,followerCommit=20,matchIndex=21
2023-03-07 04:41:12,955 DEBUG server.RaftServer$Division (RaftServerImpl.java:logAppendEntries(1429)) - s2@group-3274576D874F: receive appendEntries(s3, 1, (t:1, i:20), 20, true, commits:[s3:c20, s14:c19, s2:c19], cId:5549, entries: [(t:1, i:21), STATEMACHINELOGENTRY, 5547@client-452A83570EEC]
2023-03-07 04:41:12,955 INFO  statemachine.StateMachine (ArithmeticStateMachine.java:applyTransaction(182)) - LEADER:s3-21: b = null = null
2023-03-07 04:41:12,955 DEBUG server.RaftServer$Division (RaftServerImpl.java:logAppendEntries(1429)) - s2@group-3274576D874F: succeeded to handle AppendEntries. Reply: s3<-s2#5549:OK-t1,SUCCESS,nextIndex=22,followerCommit=20,matchIndex=21
2023-03-07 04:41:12,956 DEBUG server.RaftServer$Division (RaftServerImpl.java:logAppendEntries(1429)) - s14@group-3274576D874F: receive appendEntries(s3, 1, (t:1, i:21), 21, true, commits:[s3:c21, s14:c20, s2:c19], cId:5550, entries: [(t:1, i:22), METADATAENTRY(c:21)]
2023-03-07 04:41:12,956 DEBUG server.RaftServer$Division (RaftServerImpl.java:logAppendEntries(1429)) - s14@group-3274576D874F: succeeded to handle AppendEntries. Reply: s3<-s14#5550:OK-t1,SUCCESS,nextIndex=23,followerCommit=21,matchIndex=22
2023-03-07 04:41:12,956 DEBUG server.RaftServer$Division (RaftServerImpl.java:logAppendEntries(1429)) - s2@group-3274576D874F: receive appendEntries(s3, 1, (t:1, i:21), 21, true, commits:[s3:c21, s14:c20, s2:c20], cId:5551, entries: [(t:1, i:22), METADATAENTRY(c:21)]
2023-03-07 04:41:12,957 DEBUG server.RaftServer$Division (RaftServerImpl.java:logAppendEntries(1429)) - s2@group-3274576D874F: succeeded to handle AppendEntries. Reply: s3<-s2#5551:OK-t1,SUCCESS,nextIndex=23,followerCommit=21,matchIndex=22
2023-03-07 04:41:12,958 DEBUG server.RaftServer$Division (RaftServerImpl.java:submitClientRequestAsync(832)) - s3@group-3274576D874F: receive client request(RaftClientRequest:client-452A83570EEC->s3@group-3274576D874F, cid=5552, seq=0, RW, Message:01016300)
2023-03-07 04:41:12,958 DEBUG server.RaftServer$Division (LeaderStateImpl.java:addPendingRequest(474)) - s3@group-3274576D874F-LeaderStateImpl: addPendingRequest at RaftClientRequest:client-452A83570EEC->s3@group-3274576D874F, cid=5552, seq=0, RW, Message:01016300, entry=(t:1, i:23), STATEMACHINELOGENTRY, 5552@client-452A83570EEC
2023-03-07 04:41:12,958 DEBUG server.RaftServer$Division (RaftServerImpl.java:logAppendEntries(1429)) - s14@group-3274576D874F: receive appendEntries(s3, 1, (t:1, i:22), 22, true, commits:[s3:c22, s14:c21, s2:c21], cId:5553, entries: [(t:1, i:23), STATEMACHINELOGENTRY, 5552@client-452A83570EEC]
2023-03-07 04:41:12,959 DEBUG server.RaftServer$Division (RaftServerImpl.java:logAppendEntries(1429)) - s14@group-3274576D874F: succeeded to handle AppendEntries. Reply: s3<-s14#5553:OK-t1,SUCCESS,nextIndex=24,followerCommit=22,matchIndex=23
2023-03-07 04:41:12,959 DEBUG server.RaftServer$Division (RaftServerImpl.java:logAppendEntries(1429)) - s2@group-3274576D874F: receive appendEntries(s3, 1, (t:1, i:22), 22, true, commits:[s3:c22, s14:c21, s2:c21], cId:5554, entries: [(t:1, i:23), STATEMACHINELOGENTRY, 5552@client-452A83570EEC]
2023-03-07 04:41:12,959 INFO  statemachine.StateMachine (ArithmeticStateMachine.java:applyTransaction(182)) - LEADER:s3-23: c = null = null
2023-03-07 04:41:12,959 DEBUG server.RaftServer$Division (RaftServerImpl.java:logAppendEntries(1429)) - s2@group-3274576D874F: succeeded to handle AppendEntries. Reply: s3<-s2#5554:OK-t1,SUCCESS,nextIndex=24,followerCommit=22,matchIndex=23
2023-03-07 04:41:12,960 DEBUG server.RaftServer$Division (RaftServerImpl.java:logAppendEntries(1429)) - s14@group-3274576D874F: receive appendEntries(s3, 1, (t:1, i:23), 23, true, commits:[s3:c23, s14:c22, s2:c21], cId:5555, entries: [(t:1, i:24), METADATAENTRY(c:23)]
2023-03-07 04:41:12,960 DEBUG server.RaftServer$Division (RaftServerImpl.java:logAppendEntries(1429)) - s14@group-3274576D874F: succeeded to handle AppendEntries. Reply: s3<-s14#5555:OK-t1,SUCCESS,nextIndex=25,followerCommit=23,matchIndex=24
2023-03-07 04:41:12,960 DEBUG server.RaftServer$Division (RaftServerImpl.java:logAppendEntries(1429)) - s2@group-3274576D874F: receive appendEntries(s3, 1, (t:1, i:23), 23, true, commits:[s3:c23, s14:c22, s2:c22], cId:5556, entries: [(t:1, i:24), METADATAENTRY(c:23)]
2023-03-07 04:41:12,961 DEBUG server.RaftServer$Division (RaftServerImpl.java:logAppendEntries(1429)) - s2@group-3274576D874F: succeeded to handle AppendEntries. Reply: s3<-s2#5556:OK-t1,SUCCESS,nextIndex=25,followerCommit=23,matchIndex=24
2023-03-07 04:41:12,961 DEBUG server.RaftServer$Division (RaftServerImpl.java:submitClientRequestAsync(832)) - s3@group-3274576D874F: receive client request(RaftClientRequest:client-452A83570EEC->s3@group-3274576D874F, cid=5557, seq=0, RW, Message:01016102404780000000...(size=12))
2023-03-07 04:41:12,961 DEBUG server.RaftServer$Division (LeaderStateImpl.java:addPendingRequest(474)) - s3@group-3274576D874F-LeaderStateImpl: addPendingRequest at RaftClientRequest:client-452A83570EEC->s3@group-3274576D874F, cid=5557, seq=0, RW, Message:01016102404780000000...(size=12), entry=(t:1, i:25), STATEMACHINELOGENTRY, 5557@client-452A83570EEC
2023-03-07 04:41:12,962 DEBUG server.RaftServer$Division (RaftServerImpl.java:logAppendEntries(1429)) - s14@group-3274576D874F: receive appendEntries(s3, 1, (t:1, i:24), 24, true, commits:[s3:c24, s14:c23, s2:c23], cId:5558, entries: [(t:1, i:25), STATEMACHINELOGENTRY, 5557@client-452A83570EEC]
2023-03-07 04:41:12,962 DEBUG server.RaftServer$Division (RaftServerImpl.java:logAppendEntries(1429)) - s14@group-3274576D874F: succeeded to handle AppendEntries. Reply: s3<-s14#5558:OK-t1,SUCCESS,nextIndex=26,followerCommit=24,matchIndex=25
2023-03-07 04:41:12,962 DEBUG server.RaftServer$Division (RaftServerImpl.java:logAppendEntries(1429)) - s2@group-3274576D874F: receive appendEntries(s3, 1, (t:1, i:24), 24, true, commits:[s3:c24, s14:c23, s2:c23], cId:5559, entries: [(t:1, i:25), STATEMACHINELOGENTRY, 5557@client-452A83570EEC]
2023-03-07 04:41:12,963 INFO  statemachine.StateMachine (ArithmeticStateMachine.java:applyTransaction(182)) - LEADER:s3-25: a = 47 = 47
2023-03-07 04:41:12,963 DEBUG server.RaftServer$Division (RaftServerImpl.java:logAppendEntries(1429)) - s2@group-3274576D874F: succeeded to handle AppendEntries. Reply: s3<-s2#5559:OK-t1,SUCCESS,nextIndex=26,followerCommit=24,matchIndex=25
2023-03-07 04:41:12,963 DEBUG server.RaftServer$Division (RaftServerImpl.java:logAppendEntries(1429)) - s14@group-3274576D874F: receive appendEntries(s3, 1, (t:1, i:25), 25, true, commits:[s3:c25, s14:c24, s2:c23], cId:5560, entries: [(t:1, i:26), METADATAENTRY(c:25)]
2023-03-07 04:41:12,963 DEBUG server.RaftServer$Division (RaftServerImpl.java:logAppendEntries(1429)) - s14@group-3274576D874F: succeeded to handle AppendEntries. Reply: s3<-s14#5560:OK-t1,SUCCESS,nextIndex=27,followerCommit=25,matchIndex=26
2023-03-07 04:41:12,964 DEBUG server.RaftServer$Division (RaftServerImpl.java:logAppendEntries(1429)) - s2@group-3274576D874F: receive appendEntries(s3, 1, (t:1, i:25), 25, true, commits:[s3:c25, s14:c24, s2:c24], cId:5561, entries: [(t:1, i:26), METADATAENTRY(c:25)]
2023-03-07 04:41:12,964 DEBUG server.RaftServer$Division (RaftServerImpl.java:logAppendEntries(1429)) - s2@group-3274576D874F: succeeded to handle AppendEntries. Reply: s3<-s2#5561:OK-t1,SUCCESS,nextIndex=27,followerCommit=25,matchIndex=26
2023-03-07 04:41:12,965 DEBUG server.RaftServer$Division (RaftServerImpl.java:submitClientRequestAsync(832)) - s3@group-3274576D874F: receive client request(RaftClientRequest:client-452A83570EEC->s3@group-3274576D874F, cid=5562, seq=0, RW, Message:01016202409140000000...(size=12))
2023-03-07 04:41:12,965 DEBUG server.RaftServer$Division (LeaderStateImpl.java:addPendingRequest(474)) - s3@group-3274576D874F-LeaderStateImpl: addPendingRequest at RaftClientRequest:client-452A83570EEC->s3@group-3274576D874F, cid=5562, seq=0, RW, Message:01016202409140000000...(size=12), entry=(t:1, i:27), STATEMACHINELOGENTRY, 5562@client-452A83570EEC
2023-03-07 04:41:12,965 DEBUG server.RaftServer$Division (RaftServerImpl.java:logAppendEntries(1429)) - s14@group-3274576D874F: receive appendEntries(s3, 1, (t:1, i:26), 26, true, commits:[s3:c26, s14:c25, s2:c25], cId:5563, entries: [(t:1, i:27), STATEMACHINELOGENTRY, 5562@client-452A83570EEC]
2023-03-07 04:41:12,966 DEBUG server.RaftServer$Division (RaftServerImpl.java:logAppendEntries(1429)) - s14@group-3274576D874F: succeeded to handle AppendEntries. Reply: s3<-s14#5563:OK-t1,SUCCESS,nextIndex=28,followerCommit=26,matchIndex=27
2023-03-07 04:41:12,966 DEBUG server.RaftServer$Division (RaftServerImpl.java:logAppendEntries(1429)) - s2@group-3274576D874F: receive appendEntries(s3, 1, (t:1, i:26), 26, true, commits:[s3:c26, s14:c25, s2:c25], cId:5564, entries: [(t:1, i:27), STATEMACHINELOGENTRY, 5562@client-452A83570EEC]
2023-03-07 04:41:12,966 INFO  statemachine.StateMachine (ArithmeticStateMachine.java:applyTransaction(182)) - LEADER:s3-27: b = 1104 = 1104
2023-03-07 04:41:12,966 DEBUG server.RaftServer$Division (RaftServerImpl.java:logAppendEntries(1429)) - s2@group-3274576D874F: succeeded to handle AppendEntries. Reply: s3<-s2#5564:OK-t1,SUCCESS,nextIndex=28,followerCommit=26,matchIndex=27
2023-03-07 04:41:12,967 DEBUG server.RaftServer$Division (RaftServerImpl.java:logAppendEntries(1429)) - s14@group-3274576D874F: receive appendEntries(s3, 1, (t:1, i:27), 27, true, commits:[s3:c27, s14:c26, s2:c25], cId:5565, entries: [(t:1, i:28), METADATAENTRY(c:27)]
2023-03-07 04:41:12,967 DEBUG server.RaftServer$Division (RaftServerImpl.java:logAppendEntries(1429)) - s14@group-3274576D874F: succeeded to handle AppendEntries. Reply: s3<-s14#5565:OK-t1,SUCCESS,nextIndex=29,followerCommit=27,matchIndex=28
2023-03-07 04:41:12,967 DEBUG server.RaftServer$Division (RaftServerImpl.java:logAppendEntries(1429)) - s2@group-3274576D874F: receive appendEntries(s3, 1, (t:1, i:27), 27, true, commits:[s3:c27, s14:c26, s2:c26], cId:5566, entries: [(t:1, i:28), METADATAENTRY(c:27)]
2023-03-07 04:41:12,968 DEBUG server.RaftServer$Division (RaftServerImpl.java:logAppendEntries(1429)) - s2@group-3274576D874F: succeeded to handle AppendEntries. Reply: s3<-s2#5566:OK-t1,SUCCESS,nextIndex=29,followerCommit=27,matchIndex=28
2023-03-07 04:41:12,968 DEBUG server.RaftServer$Division (RaftServerImpl.java:submitClientRequestAsync(832)) - s3@group-3274576D874F: receive client request(RaftClientRequest:client-452A83570EEC->s3@group-3274576D874F, cid=5567, seq=0, RW, Message:01016304010300040201...(size=17))
2023-03-07 04:41:12,968 DEBUG server.RaftServer$Division (LeaderStateImpl.java:addPendingRequest(474)) - s3@group-3274576D874F-LeaderStateImpl: addPendingRequest at RaftClientRequest:client-452A83570EEC->s3@group-3274576D874F, cid=5567, seq=0, RW, Message:01016304010300040201...(size=17), entry=(t:1, i:29), STATEMACHINELOGENTRY, 5567@client-452A83570EEC
2023-03-07 04:41:12,969 DEBUG server.RaftServer$Division (RaftServerImpl.java:logAppendEntries(1429)) - s14@group-3274576D874F: receive appendEntries(s3, 1, (t:1, i:28), 28, true, commits:[s3:c28, s14:c27, s2:c27], cId:5568, entries: [(t:1, i:29), STATEMACHINELOGENTRY, 5567@client-452A83570EEC]
2023-03-07 04:41:12,969 DEBUG server.RaftServer$Division (RaftServerImpl.java:logAppendEntries(1429)) - s14@group-3274576D874F: succeeded to handle AppendEntries. Reply: s3<-s14#5568:OK-t1,SUCCESS,nextIndex=30,followerCommit=28,matchIndex=29
2023-03-07 04:41:12,969 DEBUG server.RaftServer$Division (RaftServerImpl.java:logAppendEntries(1429)) - s2@group-3274576D874F: receive appendEntries(s3, 1, (t:1, i:28), 28, true, commits:[s3:c28, s14:c27, s2:c27], cId:5569, entries: [(t:1, i:29), STATEMACHINELOGENTRY, 5567@client-452A83570EEC]
2023-03-07 04:41:12,970 INFO  statemachine.StateMachine (ArithmeticStateMachine.java:applyTransaction(182)) - LEADER:s3-29: c = √(a^2 + b^2) = 1105
2023-03-07 04:41:12,970 DEBUG server.RaftServer$Division (RaftServerImpl.java:logAppendEntries(1429)) - s2@group-3274576D874F: succeeded to handle AppendEntries. Reply: s3<-s2#5569:OK-t1,SUCCESS,nextIndex=30,followerCommit=28,matchIndex=29
2023-03-07 04:41:12,970 DEBUG server.RaftServer$Division (RaftServerImpl.java:logAppendEntries(1429)) - s14@group-3274576D874F: receive appendEntries(s3, 1, (t:1, i:29), 29, true, commits:[s3:c29, s14:c28, s2:c27], cId:5570, entries: [(t:1, i:30), METADATAENTRY(c:29)]
2023-03-07 04:41:12,971 DEBUG server.RaftServer$Division (RaftServerImpl.java:logAppendEntries(1429)) - s14@group-3274576D874F: succeeded to handle AppendEntries. Reply: s3<-s14#5570:OK-t1,SUCCESS,nextIndex=31,followerCommit=29,matchIndex=30
2023-03-07 04:41:12,971 DEBUG server.RaftServer$Division (RaftServerImpl.java:logAppendEntries(1429)) - s2@group-3274576D874F: receive appendEntries(s3, 1, (t:1, i:29), 29, true, commits:[s3:c29, s14:c28, s2:c28], cId:5571, entries: [(t:1, i:30), METADATAENTRY(c:29)]
2023-03-07 04:41:12,971 DEBUG server.RaftServer$Division (RaftServerImpl.java:logAppendEntries(1429)) - s2@group-3274576D874F: succeeded to handle AppendEntries. Reply: s3<-s2#5571:OK-t1,SUCCESS,nextIndex=31,followerCommit=29,matchIndex=30
2023-03-07 04:41:12,972 DEBUG server.RaftServer$Division (RaftServerImpl.java:submitClientRequestAsync(832)) - s3@group-3274576D874F: receive client request(RaftClientRequest:client-452A83570EEC->s3@group-3274576D874F, cid=5572, seq=0, RW, Message:01016100)
2023-03-07 04:41:12,972 DEBUG server.RaftServer$Division (LeaderStateImpl.java:addPendingRequest(474)) - s3@group-3274576D874F-LeaderStateImpl: addPendingRequest at RaftClientRequest:client-452A83570EEC->s3@group-3274576D874F, cid=5572, seq=0, RW, Message:01016100, entry=(t:1, i:31), STATEMACHINELOGENTRY, 5572@client-452A83570EEC
2023-03-07 04:41:12,972 DEBUG server.RaftServer$Division (RaftServerImpl.java:logAppendEntries(1429)) - s14@group-3274576D874F: receive appendEntries(s3, 1, (t:1, i:30), 30, true, commits:[s3:c30, s14:c29, s2:c29], cId:5573, entries: [(t:1, i:31), STATEMACHINELOGENTRY, 5572@client-452A83570EEC]
2023-03-07 04:41:12,973 DEBUG server.RaftServer$Division (RaftServerImpl.java:logAppendEntries(1429)) - s14@group-3274576D874F: succeeded to handle AppendEntries. Reply: s3<-s14#5573:OK-t1,SUCCESS,nextIndex=32,followerCommit=30,matchIndex=31
2023-03-07 04:41:12,973 DEBUG server.RaftServer$Division (RaftServerImpl.java:logAppendEntries(1429)) - s2@group-3274576D874F: receive appendEntries(s3, 1, (t:1, i:30), 30, true, commits:[s3:c30, s14:c29, s2:c29], cId:5574, entries: [(t:1, i:31), STATEMACHINELOGENTRY, 5572@client-452A83570EEC]
2023-03-07 04:41:12,973 DEBUG server.RaftServer$Division (RaftServerImpl.java:logAppendEntries(1429)) - s2@group-3274576D874F: succeeded to handle AppendEntries. Reply: s3<-s2#5574:OK-t1,SUCCESS,nextIndex=32,followerCommit=30,matchIndex=31
2023-03-07 04:41:12,974 INFO  statemachine.StateMachine (ArithmeticStateMachine.java:applyTransaction(182)) - LEADER:s3-31: a = null = null
2023-03-07 04:41:12,974 DEBUG server.RaftServer$Division (RaftServerImpl.java:logAppendEntries(1429)) - s14@group-3274576D874F: receive appendEntries(s3, 1, (t:1, i:31), 31, true, commits:[s3:c31, s14:c30, s2:c30], cId:5576, entries: [(t:1, i:32), METADATAENTRY(c:31)]
2023-03-07 04:41:12,974 DEBUG server.RaftServer$Division (RaftServerImpl.java:logAppendEntries(1429)) - s14@group-3274576D874F: succeeded to handle AppendEntries. Reply: s3<-s14#5576:OK-t1,SUCCESS,nextIndex=33,followerCommit=31,matchIndex=32
2023-03-07 04:41:12,975 DEBUG server.RaftServer$Division (RaftServerImpl.java:logAppendEntries(1429)) - s2@group-3274576D874F: receive appendEntries(s3, 1, (t:1, i:31), 31, true, commits:[s3:c31, s14:c30, s2:c30], cId:5575, entries: [(t:1, i:32), METADATAENTRY(c:31)]
2023-03-07 04:41:12,975 DEBUG server.RaftServer$Division (RaftServerImpl.java:logAppendEntries(1429)) - s2@group-3274576D874F: succeeded to handle AppendEntries. Reply: s3<-s2#5575:OK-t1,SUCCESS,nextIndex=33,followerCommit=31,matchIndex=32
2023-03-07 04:41:12,975 DEBUG server.RaftServer$Division (RaftServerImpl.java:submitClientRequestAsync(832)) - s3@group-3274576D874F: receive client request(RaftClientRequest:client-452A83570EEC->s3@group-3274576D874F, cid=5577, seq=0, RW, Message:01016200)
2023-03-07 04:41:12,976 DEBUG server.RaftServer$Division (LeaderStateImpl.java:addPendingRequest(474)) - s3@group-3274576D874F-LeaderStateImpl: addPendingRequest at RaftClientRequest:client-452A83570EEC->s3@group-3274576D874F, cid=5577, seq=0, RW, Message:01016200, entry=(t:1, i:33), STATEMACHINELOGENTRY, 5577@client-452A83570EEC
2023-03-07 04:41:12,976 DEBUG server.RaftServer$Division (RaftServerImpl.java:logAppendEntries(1429)) - s14@group-3274576D874F: receive appendEntries(s3, 1, (t:1, i:32), 32, true, commits:[s3:c32, s14:c31, s2:c31], cId:5578, entries: [(t:1, i:33), STATEMACHINELOGENTRY, 5577@client-452A83570EEC]
2023-03-07 04:41:12,976 DEBUG server.RaftServer$Division (RaftServerImpl.java:logAppendEntries(1429)) - s14@group-3274576D874F: succeeded to handle AppendEntries. Reply: s3<-s14#5578:OK-t1,SUCCESS,nextIndex=34,followerCommit=32,matchIndex=33
2023-03-07 04:41:12,977 DEBUG server.RaftServer$Division (RaftServerImpl.java:logAppendEntries(1429)) - s2@group-3274576D874F: receive appendEntries(s3, 1, (t:1, i:32), 32, true, commits:[s3:c32, s14:c31, s2:c31], cId:5579, entries: [(t:1, i:33), STATEMACHINELOGENTRY, 5577@client-452A83570EEC]
2023-03-07 04:41:12,977 INFO  statemachine.StateMachine (ArithmeticStateMachine.java:applyTransaction(182)) - LEADER:s3-33: b = null = null
2023-03-07 04:41:12,977 DEBUG server.RaftServer$Division (RaftServerImpl.java:logAppendEntries(1429)) - s2@group-3274576D874F: succeeded to handle AppendEntries. Reply: s3<-s2#5579:OK-t1,SUCCESS,nextIndex=34,followerCommit=32,matchIndex=33
2023-03-07 04:41:12,977 DEBUG server.RaftServer$Division (RaftServerImpl.java:logAppendEntries(1429)) - s14@group-3274576D874F: receive appendEntries(s3, 1, (t:1, i:33), 33, true, commits:[s3:c33, s14:c32, s2:c31], cId:5580, entries: [(t:1, i:34), METADATAENTRY(c:33)]
2023-03-07 04:41:12,978 DEBUG server.RaftServer$Division (RaftServerImpl.java:logAppendEntries(1429)) - s14@group-3274576D874F: succeeded to handle AppendEntries. Reply: s3<-s14#5580:OK-t1,SUCCESS,nextIndex=35,followerCommit=33,matchIndex=34
2023-03-07 04:41:12,978 DEBUG server.RaftServer$Division (RaftServerImpl.java:logAppendEntries(1429)) - s2@group-3274576D874F: receive appendEntries(s3, 1, (t:1, i:33), 33, true, commits:[s3:c33, s14:c32, s2:c32], cId:5581, entries: [(t:1, i:34), METADATAENTRY(c:33)]
2023-03-07 04:41:12,978 DEBUG server.RaftServer$Division (RaftServerImpl.java:logAppendEntries(1429)) - s2@group-3274576D874F: succeeded to handle AppendEntries. Reply: s3<-s2#5581:OK-t1,SUCCESS,nextIndex=35,followerCommit=33,matchIndex=34
2023-03-07 04:41:12,979 DEBUG server.RaftServer$Division (RaftServerImpl.java:submitClientRequestAsync(832)) - s3@group-3274576D874F: receive client request(RaftClientRequest:client-452A83570EEC->s3@group-3274576D874F, cid=5582, seq=0, RW, Message:01016300)
2023-03-07 04:41:12,979 DEBUG server.RaftServer$Division (LeaderStateImpl.java:addPendingRequest(474)) - s3@group-3274576D874F-LeaderStateImpl: addPendingRequest at RaftClientRequest:client-452A83570EEC->s3@group-3274576D874F, cid=5582, seq=0, RW, Message:01016300, entry=(t:1, i:35), STATEMACHINELOGENTRY, 5582@client-452A83570EEC
2023-03-07 04:41:12,979 DEBUG server.RaftServer$Division (RaftServerImpl.java:logAppendEntries(1429)) - s14@group-3274576D874F: receive appendEntries(s3, 1, (t:1, i:34), 34, true, commits:[s3:c34, s14:c33, s2:c33], cId:5583, entries: [(t:1, i:35), STATEMACHINELOGENTRY, 5582@client-452A83570EEC]
2023-03-07 04:41:12,980 DEBUG server.RaftServer$Division (RaftServerImpl.java:logAppendEntries(1429)) - s14@group-3274576D874F: succeeded to handle AppendEntries. Reply: s3<-s14#5583:OK-t1,SUCCESS,nextIndex=36,followerCommit=34,matchIndex=35
2023-03-07 04:41:12,980 DEBUG server.RaftServer$Division (RaftServerImpl.java:logAppendEntries(1429)) - s2@group-3274576D874F: receive appendEntries(s3, 1, (t:1, i:34), 34, true, commits:[s3:c34, s14:c33, s2:c33], cId:5584, entries: [(t:1, i:35), STATEMACHINELOGENTRY, 5582@client-452A83570EEC]
2023-03-07 04:41:12,980 INFO  statemachine.StateMachine (ArithmeticStateMachine.java:applyTransaction(182)) - LEADER:s3-35: c = null = null
2023-03-07 04:41:12,980 DEBUG server.RaftServer$Division (RaftServerImpl.java:logAppendEntries(1429)) - s2@group-3274576D874F: succeeded to handle AppendEntries. Reply: s3<-s2#5584:OK-t1,SUCCESS,nextIndex=36,followerCommit=34,matchIndex=35
2023-03-07 04:41:12,981 DEBUG server.RaftServer$Division (RaftServerImpl.java:logAppendEntries(1429)) - s14@group-3274576D874F: receive appendEntries(s3, 1, (t:1, i:35), 35, true, commits:[s3:c35, s14:c34, s2:c33], cId:5585, entries: [(t:1, i:36), METADATAENTRY(c:35)]
2023-03-07 04:41:12,981 DEBUG server.RaftServer$Division (RaftServerImpl.java:logAppendEntries(1429)) - s14@group-3274576D874F: succeeded to handle AppendEntries. Reply: s3<-s14#5585:OK-t1,SUCCESS,nextIndex=37,followerCommit=35,matchIndex=36
2023-03-07 04:41:12,981 DEBUG server.RaftServer$Division (RaftServerImpl.java:logAppendEntries(1429)) - s2@group-3274576D874F: receive appendEntries(s3, 1, (t:1, i:35), 36, true, commits:[s3:c36, s14:c35, s2:c34], cId:5586, entries: [(t:1, i:36), METADATAENTRY(c:35)]
2023-03-07 04:41:12,982 DEBUG server.RaftServer$Division (RaftServerImpl.java:logAppendEntries(1429)) - s2@group-3274576D874F: succeeded to handle AppendEntries. Reply: s3<-s2#5586:OK-t1,SUCCESS,nextIndex=37,followerCommit=36,matchIndex=36
2023-03-07 04:41:12,982 DEBUG server.RaftServer$Division (RaftServerImpl.java:submitClientRequestAsync(832)) - s3@group-3274576D874F: receive client request(RaftClientRequest:client-452A83570EEC->s3@group-3274576D874F, cid=5587, seq=0, RW, Message:01016102404880000000...(size=12))
2023-03-07 04:41:12,982 DEBUG server.RaftServer$Division (LeaderStateImpl.java:addPendingRequest(474)) - s3@group-3274576D874F-LeaderStateImpl: addPendingRequest at RaftClientRequest:client-452A83570EEC->s3@group-3274576D874F, cid=5587, seq=0, RW, Message:01016102404880000000...(size=12), entry=(t:1, i:37), STATEMACHINELOGENTRY, 5587@client-452A83570EEC
2023-03-07 04:41:12,983 DEBUG server.RaftServer$Division (RaftServerImpl.java:logAppendEntries(1429)) - s14@group-3274576D874F: receive appendEntries(s3, 1, (t:1, i:36), 36, true, commits:[s3:c36, s14:c35, s2:c36], cId:5588, entries: [(t:1, i:37), STATEMACHINELOGENTRY, 5587@client-452A83570EEC]
2023-03-07 04:41:12,983 DEBUG server.RaftServer$Division (RaftServerImpl.java:logAppendEntries(1429)) - s14@group-3274576D874F: succeeded to handle AppendEntries. Reply: s3<-s14#5588:OK-t1,SUCCESS,nextIndex=38,followerCommit=36,matchIndex=37
2023-03-07 04:41:12,983 DEBUG server.RaftServer$Division (RaftServerImpl.java:logAppendEntries(1429)) - s2@group-3274576D874F: receive appendEntries(s3, 1, (t:1, i:36), 36, true, commits:[s3:c36, s14:c35, s2:c36], cId:5589, entries: [(t:1, i:37), STATEMACHINELOGENTRY, 5587@client-452A83570EEC]
2023-03-07 04:41:12,984 DEBUG server.RaftServer$Division (RaftServerImpl.java:logAppendEntries(1429)) - s2@group-3274576D874F: succeeded to handle AppendEntries. Reply: s3<-s2#5589:OK-t1,SUCCESS,nextIndex=38,followerCommit=36,matchIndex=37
2023-03-07 04:41:12,984 INFO  statemachine.StateMachine (ArithmeticStateMachine.java:applyTransaction(182)) - LEADER:s3-37: a = 49 = 49
2023-03-07 04:41:12,984 DEBUG server.RaftServer$Division (RaftServerImpl.java:logAppendEntries(1429)) - s14@group-3274576D874F: receive appendEntries(s3, 1, (t:1, i:37), 37, true, commits:[s3:c37, s14:c36, s2:c36], cId:5590, entries: [(t:1, i:38), METADATAENTRY(c:37)]
2023-03-07 04:41:12,985 DEBUG server.RaftServer$Division (RaftServerImpl.java:logAppendEntries(1429)) - s14@group-3274576D874F: succeeded to handle AppendEntries. Reply: s3<-s14#5590:OK-t1,SUCCESS,nextIndex=39,followerCommit=37,matchIndex=38
2023-03-07 04:41:12,986 DEBUG server.RaftServer$Division (RaftServerImpl.java:logAppendEntries(1429)) - s2@group-3274576D874F: receive appendEntries(s3, 1, (t:1, i:37), 37, true, commits:[s3:c37, s14:c36, s2:c36], cId:5591, entries: [(t:1, i:38), METADATAENTRY(c:37)]
2023-03-07 04:41:12,987 DEBUG server.RaftServer$Division (RaftServerImpl.java:logAppendEntries(1429)) - s2@group-3274576D874F: succeeded to handle AppendEntries. Reply: s3<-s2#5591:OK-t1,SUCCESS,nextIndex=39,followerCommit=37,matchIndex=38
2023-03-07 04:41:12,987 DEBUG server.RaftServer$Division (RaftServerImpl.java:submitClientRequestAsync(832)) - s3@group-3274576D874F: receive client request(RaftClientRequest:client-452A83570EEC->s3@group-3274576D874F, cid=5592, seq=0, RW, Message:010162024092c0000000...(size=12))
2023-03-07 04:41:12,988 DEBUG server.RaftServer$Division (LeaderStateImpl.java:addPendingRequest(474)) - s3@group-3274576D874F-LeaderStateImpl: addPendingRequest at RaftClientRequest:client-452A83570EEC->s3@group-3274576D874F, cid=5592, seq=0, RW, Message:010162024092c0000000...(size=12), entry=(t:1, i:39), STATEMACHINELOGENTRY, 5592@client-452A83570EEC
2023-03-07 04:41:12,988 DEBUG server.RaftServer$Division (RaftServerImpl.java:logAppendEntries(1429)) - s14@group-3274576D874F: receive appendEntries(s3, 1, (t:1, i:38), 38, true, commits:[s3:c38, s14:c37, s2:c37], cId:5593, entries: [(t:1, i:39), STATEMACHINELOGENTRY, 5592@client-452A83570EEC]
2023-03-07 04:41:12,988 DEBUG server.RaftServer$Division (RaftServerImpl.java:logAppendEntries(1429)) - s14@group-3274576D874F: succeeded to handle AppendEntries. Reply: s3<-s14#5593:OK-t1,SUCCESS,nextIndex=40,followerCommit=38,matchIndex=39
2023-03-07 04:41:12,989 DEBUG server.RaftServer$Division (RaftServerImpl.java:logAppendEntries(1429)) - s2@group-3274576D874F: receive appendEntries(s3, 1, (t:1, i:38), 38, true, commits:[s3:c38, s14:c37, s2:c37], cId:5594, entries: [(t:1, i:39), STATEMACHINELOGENTRY, 5592@client-452A83570EEC]
2023-03-07 04:41:12,989 INFO  statemachine.StateMachine (ArithmeticStateMachine.java:applyTransaction(182)) - LEADER:s3-39: b = 1200 = 1200
2023-03-07 04:41:12,989 DEBUG server.RaftServer$Division (RaftServerImpl.java:logAppendEntries(1429)) - s2@group-3274576D874F: succeeded to handle AppendEntries. Reply: s3<-s2#5594:OK-t1,SUCCESS,nextIndex=40,followerCommit=38,matchIndex=39
2023-03-07 04:41:12,989 DEBUG server.RaftServer$Division (RaftServerImpl.java:logAppendEntries(1429)) - s14@group-3274576D874F: receive appendEntries(s3, 1, (t:1, i:39), 39, true, commits:[s3:c39, s14:c38, s2:c37], cId:5595, entries: [(t:1, i:40), METADATAENTRY(c:39)]
2023-03-07 04:41:12,990 DEBUG server.RaftServer$Division (RaftServerImpl.java:logAppendEntries(1429)) - s14@group-3274576D874F: succeeded to handle AppendEntries. Reply: s3<-s14#5595:OK-t1,SUCCESS,nextIndex=41,followerCommit=39,matchIndex=40
2023-03-07 04:41:12,990 DEBUG server.RaftServer$Division (RaftServerImpl.java:logAppendEntries(1429)) - s2@group-3274576D874F: receive appendEntries(s3, 1, (t:1, i:39), 39, true, commits:[s3:c39, s14:c38, s2:c38], cId:5596, entries: [(t:1, i:40), METADATAENTRY(c:39)]
2023-03-07 04:41:12,990 DEBUG server.RaftServer$Division (RaftServerImpl.java:logAppendEntries(1429)) - s2@group-3274576D874F: succeeded to handle AppendEntries. Reply: s3<-s2#5596:OK-t1,SUCCESS,nextIndex=41,followerCommit=39,matchIndex=40
2023-03-07 04:41:12,991 DEBUG server.RaftServer$Division (RaftServerImpl.java:submitClientRequestAsync(832)) - s3@group-3274576D874F: receive client request(RaftClientRequest:client-452A83570EEC->s3@group-3274576D874F, cid=5597, seq=0, RW, Message:01016304010300040201...(size=17))
2023-03-07 04:41:12,991 DEBUG server.RaftServer$Division (LeaderStateImpl.java:addPendingRequest(474)) - s3@group-3274576D874F-LeaderStateImpl: addPendingRequest at RaftClientRequest:client-452A83570EEC->s3@group-3274576D874F, cid=5597, seq=0, RW, Message:01016304010300040201...(size=17), entry=(t:1, i:41), STATEMACHINELOGENTRY, 5597@client-452A83570EEC
2023-03-07 04:41:12,992 DEBUG server.RaftServer$Division (RaftServerImpl.java:logAppendEntries(1429)) - s14@group-3274576D874F: receive appendEntries(s3, 1, (t:1, i:40), 40, true, commits:[s3:c40, s14:c39, s2:c39], cId:5598, entries: [(t:1, i:41), STATEMACHINELOGENTRY, 5597@client-452A83570EEC]
2023-03-07 04:41:12,992 DEBUG server.RaftServer$Division (RaftServerImpl.java:logAppendEntries(1429)) - s14@group-3274576D874F: succeeded to handle AppendEntries. Reply: s3<-s14#5598:OK-t1,SUCCESS,nextIndex=42,followerCommit=40,matchIndex=41
2023-03-07 04:41:12,992 DEBUG server.RaftServer$Division (RaftServerImpl.java:logAppendEntries(1429)) - s2@group-3274576D874F: receive appendEntries(s3, 1, (t:1, i:40), 40, true, commits:[s3:c40, s14:c39, s2:c39], cId:5599, entries: [(t:1, i:41), STATEMACHINELOGENTRY, 5597@client-452A83570EEC]
2023-03-07 04:41:12,993 INFO  statemachine.StateMachine (ArithmeticStateMachine.java:applyTransaction(182)) - LEADER:s3-41: c = √(a^2 + b^2) = 1201
2023-03-07 04:41:12,993 DEBUG server.RaftServer$Division (RaftServerImpl.java:logAppendEntries(1429)) - s2@group-3274576D874F: succeeded to handle AppendEntries. Reply: s3<-s2#5599:OK-t1,SUCCESS,nextIndex=42,followerCommit=40,matchIndex=41
2023-03-07 04:41:12,993 DEBUG server.RaftServer$Division (RaftServerImpl.java:logAppendEntries(1429)) - s14@group-3274576D874F: receive appendEntries(s3, 1, (t:1, i:41), 41, true, commits:[s3:c41, s14:c40, s2:c39], cId:5600, entries: [(t:1, i:42), METADATAENTRY(c:41)]
2023-03-07 04:41:12,993 DEBUG server.RaftServer$Division (RaftServerImpl.java:logAppendEntries(1429)) - s14@group-3274576D874F: succeeded to handle AppendEntries. Reply: s3<-s14#5600:OK-t1,SUCCESS,nextIndex=43,followerCommit=41,matchIndex=42
2023-03-07 04:41:12,994 DEBUG server.RaftServer$Division (RaftServerImpl.java:logAppendEntries(1429)) - s2@group-3274576D874F: receive appendEntries(s3, 1, (t:1, i:41), 41, true, commits:[s3:c41, s14:c40, s2:c40], cId:5601, entries: [(t:1, i:42), METADATAENTRY(c:41)]
2023-03-07 04:41:12,995 DEBUG server.RaftServer$Division (RaftServerImpl.java:logAppendEntries(1429)) - s2@group-3274576D874F: succeeded to handle AppendEntries. Reply: s3<-s2#5601:OK-t1,SUCCESS,nextIndex=43,followerCommit=41,matchIndex=42
2023-03-07 04:41:12,995 DEBUG server.RaftServer$Division (RaftServerImpl.java:submitClientRequestAsync(832)) - s3@group-3274576D874F: receive client request(RaftClientRequest:client-452A83570EEC->s3@group-3274576D874F, cid=5602, seq=0, RW, Message:01016100)
2023-03-07 04:41:12,995 DEBUG server.RaftServer$Division (LeaderStateImpl.java:addPendingRequest(474)) - s3@group-3274576D874F-LeaderStateImpl: addPendingRequest at RaftClientRequest:client-452A83570EEC->s3@group-3274576D874F, cid=5602, seq=0, RW, Message:01016100, entry=(t:1, i:43), STATEMACHINELOGENTRY, 5602@client-452A83570EEC
2023-03-07 04:41:12,996 DEBUG server.RaftServer$Division (RaftServerImpl.java:logAppendEntries(1429)) - s14@group-3274576D874F: receive appendEntries(s3, 1, (t:1, i:42), 42, true, commits:[s3:c42, s14:c41, s2:c41], cId:5603, entries: [(t:1, i:43), STATEMACHINELOGENTRY, 5602@client-452A83570EEC]
2023-03-07 04:41:12,996 DEBUG server.RaftServer$Division (RaftServerImpl.java:logAppendEntries(1429)) - s14@group-3274576D874F: succeeded to handle AppendEntries. Reply: s3<-s14#5603:OK-t1,SUCCESS,nextIndex=44,followerCommit=42,matchIndex=43
2023-03-07 04:41:12,996 DEBUG server.RaftServer$Division (RaftServerImpl.java:logAppendEntries(1429)) - s2@group-3274576D874F: receive appendEntries(s3, 1, (t:1, i:42), 42, true, commits:[s3:c42, s14:c41, s2:c41], cId:5604, entries: [(t:1, i:43), STATEMACHINELOGENTRY, 5602@client-452A83570EEC]
2023-03-07 04:41:12,997 INFO  statemachine.StateMachine (ArithmeticStateMachine.java:applyTransaction(182)) - LEADER:s3-43: a = null = null
2023-03-07 04:41:12,997 DEBUG server.RaftServer$Division (RaftServerImpl.java:logAppendEntries(1429)) - s2@group-3274576D874F: succeeded to handle AppendEntries. Reply: s3<-s2#5604:OK-t1,SUCCESS,nextIndex=44,followerCommit=42,matchIndex=43
2023-03-07 04:41:12,997 DEBUG server.RaftServer$Division (RaftServerImpl.java:logAppendEntries(1429)) - s14@group-3274576D874F: receive appendEntries(s3, 1, (t:1, i:43), 43, true, commits:[s3:c43, s14:c42, s2:c41], cId:5605, entries: [(t:1, i:44), METADATAENTRY(c:43)]
2023-03-07 04:41:12,997 DEBUG server.RaftServer$Division (RaftServerImpl.java:logAppendEntries(1429)) - s14@group-3274576D874F: succeeded to handle AppendEntries. Reply: s3<-s14#5605:OK-t1,SUCCESS,nextIndex=45,followerCommit=43,matchIndex=44
2023-03-07 04:41:12,998 DEBUG server.RaftServer$Division (RaftServerImpl.java:logAppendEntries(1429)) - s2@group-3274576D874F: receive appendEntries(s3, 1, (t:1, i:43), 43, true, commits:[s3:c43, s14:c42, s2:c42], cId:5606, entries: [(t:1, i:44), METADATAENTRY(c:43)]
2023-03-07 04:41:12,998 DEBUG server.RaftServer$Division (RaftServerImpl.java:logAppendEntries(1429)) - s2@group-3274576D874F: succeeded to handle AppendEntries. Reply: s3<-s2#5606:OK-t1,SUCCESS,nextIndex=45,followerCommit=43,matchIndex=44
2023-03-07 04:41:12,999 DEBUG server.RaftServer$Division (RaftServerImpl.java:submitClientRequestAsync(832)) - s3@group-3274576D874F: receive client request(RaftClientRequest:client-452A83570EEC->s3@group-3274576D874F, cid=5607, seq=0, RW, Message:01016200)
2023-03-07 04:41:12,999 DEBUG server.RaftServer$Division (LeaderStateImpl.java:addPendingRequest(474)) - s3@group-3274576D874F-LeaderStateImpl: addPendingRequest at RaftClientRequest:client-452A83570EEC->s3@group-3274576D874F, cid=5607, seq=0, RW, Message:01016200, entry=(t:1, i:45), STATEMACHINELOGENTRY, 5607@client-452A83570EEC
2023-03-07 04:41:12,999 DEBUG server.RaftServer$Division (RaftServerImpl.java:logAppendEntries(1429)) - s14@group-3274576D874F: receive appendEntries(s3, 1, (t:1, i:44), 44, true, commits:[s3:c44, s14:c43, s2:c43], cId:5608, entries: [(t:1, i:45), STATEMACHINELOGENTRY, 5607@client-452A83570EEC]
2023-03-07 04:41:13,000 DEBUG server.RaftServer$Division (RaftServerImpl.java:logAppendEntries(1429)) - s14@group-3274576D874F: succeeded to handle AppendEntries. Reply: s3<-s14#5608:OK-t1,SUCCESS,nextIndex=46,followerCommit=44,matchIndex=45
2023-03-07 04:41:13,000 DEBUG server.RaftServer$Division (RaftServerImpl.java:logAppendEntries(1429)) - s2@group-3274576D874F: receive appendEntries(s3, 1, (t:1, i:44), 44, true, commits:[s3:c44, s14:c43, s2:c43], cId:5609, entries: [(t:1, i:45), STATEMACHINELOGENTRY, 5607@client-452A83570EEC]
2023-03-07 04:41:13,000 INFO  statemachine.StateMachine (ArithmeticStateMachine.java:applyTransaction(182)) - LEADER:s3-45: b = null = null
2023-03-07 04:41:13,000 DEBUG server.RaftServer$Division (RaftServerImpl.java:logAppendEntries(1429)) - s2@group-3274576D874F: succeeded to handle AppendEntries. Reply: s3<-s2#5609:OK-t1,SUCCESS,nextIndex=46,followerCommit=44,matchIndex=45
2023-03-07 04:41:13,001 DEBUG server.RaftServer$Division (RaftServerImpl.java:logAppendEntries(1429)) - s14@group-3274576D874F: receive appendEntries(s3, 1, (t:1, i:45), 45, true, commits:[s3:c45, s14:c44, s2:c43], cId:5610, entries: [(t:1, i:46), METADATAENTRY(c:45)]
2023-03-07 04:41:13,001 DEBUG server.RaftServer$Division (RaftServerImpl.java:logAppendEntries(1429)) - s14@group-3274576D874F: succeeded to handle AppendEntries. Reply: s3<-s14#5610:OK-t1,SUCCESS,nextIndex=47,followerCommit=45,matchIndex=46
2023-03-07 04:41:13,007 DEBUG server.RaftServer$Division (RaftServerImpl.java:submitClientRequestAsync(832)) - s3@group-3274576D874F: receive client request(RaftClientRequest:client-452A83570EEC->s3@group-3274576D874F, cid=5612, seq=0, RW, Message:01016300)
2023-03-07 04:41:13,007 DEBUG server.RaftServer$Division (LeaderStateImpl.java:addPendingRequest(474)) - s3@group-3274576D874F-LeaderStateImpl: addPendingRequest at RaftClientRequest:client-452A83570EEC->s3@group-3274576D874F, cid=5612, seq=0, RW, Message:01016300, entry=(t:1, i:47), STATEMACHINELOGENTRY, 5612@client-452A83570EEC
2023-03-07 04:41:13,007 DEBUG server.RaftServer$Division (RaftServerImpl.java:logAppendEntries(1429)) - s14@group-3274576D874F: receive appendEntries(s3, 1, (t:1, i:46), 46, true, commits:[s3:c46, s14:c45, s2:c44], cId:5613, entries: [(t:1, i:47), STATEMACHINELOGENTRY, 5612@client-452A83570EEC]
2023-03-07 04:41:13,008 DEBUG server.RaftServer$Division (RaftServerImpl.java:logAppendEntries(1429)) - s14@group-3274576D874F: succeeded to handle AppendEntries. Reply: s3<-s14#5613:OK-t1,SUCCESS,nextIndex=48,followerCommit=46,matchIndex=47
2023-03-07 04:41:13,008 INFO  statemachine.StateMachine (ArithmeticStateMachine.java:applyTransaction(182)) - LEADER:s3-47: c = null = null
2023-03-07 04:41:13,008 DEBUG server.RaftServer$Division (RaftServerImpl.java:logAppendEntries(1429)) - s14@group-3274576D874F: receive appendEntries(s3, 1, (t:1, i:47), 47, true, commits:[s3:c47, s14:c46, s2:c44], cId:5614, entries: [(t:1, i:48), METADATAENTRY(c:47)]
2023-03-07 04:41:13,008 DEBUG server.RaftServer$Division (RaftServerImpl.java:logAppendEntries(1429)) - s14@group-3274576D874F: succeeded to handle AppendEntries. Reply: s3<-s14#5614:OK-t1,SUCCESS,nextIndex=49,followerCommit=47,matchIndex=48
2023-03-07 04:41:13,009 DEBUG server.RaftServer$Division (RaftServerImpl.java:submitClientRequestAsync(832)) - s3@group-3274576D874F: receive client request(RaftClientRequest:client-452A83570EEC->s3@group-3274576D874F, cid=5615, seq=0, RW, Message:01016102404980000000...(size=12))
2023-03-07 04:41:13,009 DEBUG server.RaftServer$Division (LeaderStateImpl.java:addPendingRequest(474)) - s3@group-3274576D874F-LeaderStateImpl: addPendingRequest at RaftClientRequest:client-452A83570EEC->s3@group-3274576D874F, cid=5615, seq=0, RW, Message:01016102404980000000...(size=12), entry=(t:1, i:49), STATEMACHINELOGENTRY, 5615@client-452A83570EEC
2023-03-07 04:41:13,010 DEBUG server.RaftServer$Division (RaftServerImpl.java:logAppendEntries(1429)) - s14@group-3274576D874F: receive appendEntries(s3, 1, (t:1, i:48), 48, true, commits:[s3:c48, s14:c47, s2:c44], cId:5616, entries: [(t:1, i:49), STATEMACHINELOGENTRY, 5615@client-452A83570EEC]
2023-03-07 04:41:13,010 DEBUG server.RaftServer$Division (RaftServerImpl.java:logAppendEntries(1429)) - s14@group-3274576D874F: succeeded to handle AppendEntries. Reply: s3<-s14#5616:OK-t1,SUCCESS,nextIndex=50,followerCommit=48,matchIndex=49
2023-03-07 04:41:13,010 INFO  statemachine.StateMachine (ArithmeticStateMachine.java:applyTransaction(182)) - LEADER:s3-49: a = 51 = 51
2023-03-07 04:41:13,010 DEBUG server.RaftServer$Division (RaftServerImpl.java:logAppendEntries(1429)) - s2@group-3274576D874F: receive appendEntries(s3, 1, (t:1, i:45), 45, true, commits:[s3:c45, s14:c44, s2:c44], cId:5611, entries: [(t:1, i:46), METADATAENTRY(c:45)]
2023-03-07 04:41:13,011 DEBUG server.RaftServer$Division (RaftServerImpl.java:logAppendEntries(1429)) - s14@group-3274576D874F: receive appendEntries(s3, 1, (t:1, i:49), 49, true, commits:[s3:c49, s14:c48, s2:c44], cId:5617, entries: [(t:1, i:50), METADATAENTRY(c:49)]
2023-03-07 04:41:13,011 DEBUG server.RaftServer$Division (RaftServerImpl.java:logAppendEntries(1429)) - s2@group-3274576D874F: succeeded to handle AppendEntries. Reply: s3<-s2#5611:OK-t1,SUCCESS,nextIndex=47,followerCommit=45,matchIndex=46
2023-03-07 04:41:13,011 DEBUG server.RaftServer$Division (RaftServerImpl.java:logAppendEntries(1429)) - s14@group-3274576D874F: succeeded to handle AppendEntries. Reply: s3<-s14#5617:OK-t1,SUCCESS,nextIndex=51,followerCommit=49,matchIndex=50
2023-03-07 04:41:13,012 DEBUG server.RaftServer$Division (RaftServerImpl.java:logAppendEntries(1429)) - s2@group-3274576D874F: receive appendEntries(s3, 1, (t:1, i:46), 49, true, commits:[s3:c49, s14:c48, s2:c45], cId:5618, entries: [(t:1, i:47), STATEMACHINELOGENTRY, 5612@client-452A83570EEC, (t:1, i:48), METADATAENTRY(c:47), (t:1, i:49), STATEMACHINELOGENTRY, 5615@client-452A83570EEC, (t:1, i:50), METADATAENTRY(c:49)]
2023-03-07 04:41:13,012 DEBUG server.RaftServer$Division (RaftServerImpl.java:submitClientRequestAsync(832)) - s3@group-3274576D874F: receive client request(RaftClientRequest:client-452A83570EEC->s3@group-3274576D874F, cid=5619, seq=0, RW, Message:01016202409450000000...(size=12))
2023-03-07 04:41:13,012 DEBUG server.RaftServer$Division (RaftServerImpl.java:logAppendEntries(1429)) - s2@group-3274576D874F: succeeded to handle AppendEntries. Reply: s3<-s2#5618:OK-t1,SUCCESS,nextIndex=51,followerCommit=49,matchIndex=50
2023-03-07 04:41:13,013 DEBUG server.RaftServer$Division (RaftServerImpl.java:logAppendEntries(1429)) - s14@group-3274576D874F: receive appendEntries(s3, 1, (t:1, i:50), 50, true, commits:[s3:c50, s14:c49, s2:c49], cId:5620, entries: [(t:1, i:51), STATEMACHINELOGENTRY, 5619@client-452A83570EEC]
2023-03-07 04:41:13,013 DEBUG server.RaftServer$Division (RaftServerImpl.java:logAppendEntries(1429)) - s2@group-3274576D874F: receive appendEntries(s3, 1, (t:1, i:50), 50, true, commits:[s3:c50, s14:c49, s2:c49], cId:5621, entries: [(t:1, i:51), STATEMACHINELOGENTRY, 5619@client-452A83570EEC]
2023-03-07 04:41:13,013 DEBUG server.RaftServer$Division (RaftServerImpl.java:logAppendEntries(1429)) - s14@group-3274576D874F: succeeded to handle AppendEntries. Reply: s3<-s14#5620:OK-t1,SUCCESS,nextIndex=52,followerCommit=50,matchIndex=51
2023-03-07 04:41:13,013 DEBUG server.RaftServer$Division (LeaderStateImpl.java:addPendingRequest(474)) - s3@group-3274576D874F-LeaderStateImpl: addPendingRequest at RaftClientRequest:client-452A83570EEC->s3@group-3274576D874F, cid=5619, seq=0, RW, Message:01016202409450000000...(size=12), entry=(t:1, i:51), STATEMACHINELOGENTRY, 5619@client-452A83570EEC
2023-03-07 04:41:13,013 INFO  statemachine.StateMachine (ArithmeticStateMachine.java:applyTransaction(182)) - LEADER:s3-51: b = 1300 = 1300
2023-03-07 04:41:13,013 DEBUG server.RaftServer$Division (RaftServerImpl.java:logAppendEntries(1429)) - s2@group-3274576D874F: succeeded to handle AppendEntries. Reply: s3<-s2#5621:OK-t1,SUCCESS,nextIndex=52,followerCommit=50,matchIndex=51
2023-03-07 04:41:13,014 DEBUG server.RaftServer$Division (RaftServerImpl.java:logAppendEntries(1429)) - s14@group-3274576D874F: receive appendEntries(s3, 1, (t:1, i:51), 51, true, commits:[s3:c51, s14:c50, s2:c49], cId:5622, entries: [(t:1, i:52), METADATAENTRY(c:51)]
2023-03-07 04:41:13,014 DEBUG server.RaftServer$Division (RaftServerImpl.java:logAppendEntries(1429)) - s2@group-3274576D874F: receive appendEntries(s3, 1, (t:1, i:51), 51, true, commits:[s3:c51, s14:c50, s2:c50], cId:5623, entries: [(t:1, i:52), METADATAENTRY(c:51)]
2023-03-07 04:41:13,014 DEBUG server.RaftServer$Division (RaftServerImpl.java:logAppendEntries(1429)) - s14@group-3274576D874F: succeeded to handle AppendEntries. Reply: s3<-s14#5622:OK-t1,SUCCESS,nextIndex=53,followerCommit=51,matchIndex=52
2023-03-07 04:41:13,014 DEBUG server.RaftServer$Division (RaftServerImpl.java:logAppendEntries(1429)) - s2@group-3274576D874F: succeeded to handle AppendEntries. Reply: s3<-s2#5623:OK-t1,SUCCESS,nextIndex=53,followerCommit=51,matchIndex=52
2023-03-07 04:41:13,015 DEBUG server.RaftServer$Division (RaftServerImpl.java:submitClientRequestAsync(832)) - s3@group-3274576D874F: receive client request(RaftClientRequest:client-452A83570EEC->s3@group-3274576D874F, cid=5624, seq=0, RW, Message:01016304010300040201...(size=17))
2023-03-07 04:41:13,015 DEBUG server.RaftServer$Division (LeaderStateImpl.java:addPendingRequest(474)) - s3@group-3274576D874F-LeaderStateImpl: addPendingRequest at RaftClientRequest:client-452A83570EEC->s3@group-3274576D874F, cid=5624, seq=0, RW, Message:01016304010300040201...(size=17), entry=(t:1, i:53), STATEMACHINELOGENTRY, 5624@client-452A83570EEC
2023-03-07 04:41:13,015 DEBUG server.RaftServer$Division (RaftServerImpl.java:logAppendEntries(1429)) - s14@group-3274576D874F: receive appendEntries(s3, 1, (t:1, i:52), 52, true, commits:[s3:c52, s14:c51, s2:c51], cId:5625, entries: [(t:1, i:53), STATEMACHINELOGENTRY, 5624@client-452A83570EEC]
2023-03-07 04:41:13,016 DEBUG server.RaftServer$Division (RaftServerImpl.java:logAppendEntries(1429)) - s14@group-3274576D874F: succeeded to handle AppendEntries. Reply: s3<-s14#5625:OK-t1,SUCCESS,nextIndex=54,followerCommit=52,matchIndex=53
2023-03-07 04:41:13,016 DEBUG server.RaftServer$Division (RaftServerImpl.java:logAppendEntries(1429)) - s2@group-3274576D874F: receive appendEntries(s3, 1, (t:1, i:52), 52, true, commits:[s3:c52, s14:c51, s2:c51], cId:5626, entries: [(t:1, i:53), STATEMACHINELOGENTRY, 5624@client-452A83570EEC]
2023-03-07 04:41:13,016 INFO  statemachine.StateMachine (ArithmeticStateMachine.java:applyTransaction(182)) - LEADER:s3-53: c = √(a^2 + b^2) = 1301
2023-03-07 04:41:13,016 DEBUG server.RaftServer$Division (RaftServerImpl.java:logAppendEntries(1429)) - s2@group-3274576D874F: succeeded to handle AppendEntries. Reply: s3<-s2#5626:OK-t1,SUCCESS,nextIndex=54,followerCommit=52,matchIndex=53
2023-03-07 04:41:13,017 DEBUG server.RaftServer$Division (RaftServerImpl.java:logAppendEntries(1429)) - s2@group-3274576D874F: receive appendEntries(s3, 1, (t:1, i:53), 53, true, commits:[s3:c53, s14:c52, s2:c52], cId:5628, entries: [(t:1, i:54), METADATAENTRY(c:53)]
2023-03-07 04:41:13,017 DEBUG server.RaftServer$Division (RaftServerImpl.java:logAppendEntries(1429)) - s2@group-3274576D874F: succeeded to handle AppendEntries. Reply: s3<-s2#5628:OK-t1,SUCCESS,nextIndex=55,followerCommit=53,matchIndex=54
2023-03-07 04:41:13,017 DEBUG server.RaftServer$Division (RaftServerImpl.java:logAppendEntries(1429)) - s14@group-3274576D874F: receive appendEntries(s3, 1, (t:1, i:53), 53, true, commits:[s3:c53, s14:c52, s2:c51], cId:5627, entries: [(t:1, i:54), METADATAENTRY(c:53)]
2023-03-07 04:41:13,017 DEBUG server.RaftServer$Division (RaftServerImpl.java:logAppendEntries(1429)) - s14@group-3274576D874F: succeeded to handle AppendEntries. Reply: s3<-s14#5627:OK-t1,SUCCESS,nextIndex=55,followerCommit=53,matchIndex=54
2023-03-07 04:41:13,019 DEBUG server.RaftServer$Division (RaftServerImpl.java:submitClientRequestAsync(832)) - s3@group-3274576D874F: receive client request(RaftClientRequest:client-452A83570EEC->s3@group-3274576D874F, cid=5629, seq=0, RW, Message:01016100)
2023-03-07 04:41:13,019 DEBUG server.RaftServer$Division (LeaderStateImpl.java:addPendingRequest(474)) - s3@group-3274576D874F-LeaderStateImpl: addPendingRequest at RaftClientRequest:client-452A83570EEC->s3@group-3274576D874F, cid=5629, seq=0, RW, Message:01016100, entry=(t:1, i:55), STATEMACHINELOGENTRY, 5629@client-452A83570EEC
2023-03-07 04:41:13,020 DEBUG server.RaftServer$Division (RaftServerImpl.java:logAppendEntries(1429)) - s14@group-3274576D874F: receive appendEntries(s3, 1, (t:1, i:54), 54, true, commits:[s3:c54, s14:c53, s2:c53], cId:5630, entries: [(t:1, i:55), STATEMACHINELOGENTRY, 5629@client-452A83570EEC]
2023-03-07 04:41:13,020 DEBUG server.RaftServer$Division (RaftServerImpl.java:logAppendEntries(1429)) - s14@group-3274576D874F: succeeded to handle AppendEntries. Reply: s3<-s14#5630:OK-t1,SUCCESS,nextIndex=56,followerCommit=54,matchIndex=55
2023-03-07 04:41:13,020 DEBUG server.RaftServer$Division (RaftServerImpl.java:logAppendEntries(1429)) - s2@group-3274576D874F: receive appendEntries(s3, 1, (t:1, i:54), 54, true, commits:[s3:c54, s14:c53, s2:c53], cId:5631, entries: [(t:1, i:55), STATEMACHINELOGENTRY, 5629@client-452A83570EEC]
2023-03-07 04:41:13,020 INFO  statemachine.StateMachine (ArithmeticStateMachine.java:applyTransaction(182)) - LEADER:s3-55: a = null = null
2023-03-07 04:41:13,020 DEBUG server.RaftServer$Division (RaftServerImpl.java:logAppendEntries(1429)) - s2@group-3274576D874F: succeeded to handle AppendEntries. Reply: s3<-s2#5631:OK-t1,SUCCESS,nextIndex=56,followerCommit=54,matchIndex=55
2023-03-07 04:41:13,021 DEBUG server.RaftServer$Division (RaftServerImpl.java:logAppendEntries(1429)) - s14@group-3274576D874F: receive appendEntries(s3, 1, (t:1, i:55), 55, true, commits:[s3:c55, s14:c54, s2:c53], cId:5632, entries: [(t:1, i:56), METADATAENTRY(c:55)]
2023-03-07 04:41:13,021 DEBUG server.RaftServer$Division (RaftServerImpl.java:logAppendEntries(1429)) - s2@group-3274576D874F: receive appendEntries(s3, 1, (t:1, i:55), 55, true, commits:[s3:c55, s14:c54, s2:c54], cId:5633, entries: [(t:1, i:56), METADATAENTRY(c:55)]
2023-03-07 04:41:13,021 DEBUG server.RaftServer$Division (RaftServerImpl.java:logAppendEntries(1429)) - s14@group-3274576D874F: succeeded to handle AppendEntries. Reply: s3<-s14#5632:OK-t1,SUCCESS,nextIndex=57,followerCommit=55,matchIndex=56
2023-03-07 04:41:13,021 DEBUG server.RaftServer$Division (RaftServerImpl.java:logAppendEntries(1429)) - s2@group-3274576D874F: succeeded to handle AppendEntries. Reply: s3<-s2#5633:OK-t1,SUCCESS,nextIndex=57,followerCommit=55,matchIndex=56
2023-03-07 04:41:13,022 DEBUG server.RaftServer$Division (RaftServerImpl.java:submitClientRequestAsync(832)) - s3@group-3274576D874F: receive client request(RaftClientRequest:client-452A83570EEC->s3@group-3274576D874F, cid=5634, seq=0, RW, Message:01016200)
2023-03-07 04:41:13,022 DEBUG server.RaftServer$Division (LeaderStateImpl.java:addPendingRequest(474)) - s3@group-3274576D874F-LeaderStateImpl: addPendingRequest at RaftClientRequest:client-452A83570EEC->s3@group-3274576D874F, cid=5634, seq=0, RW, Message:01016200, entry=(t:1, i:57), STATEMACHINELOGENTRY, 5634@client-452A83570EEC
2023-03-07 04:41:13,022 DEBUG server.RaftServer$Division (RaftServerImpl.java:logAppendEntries(1429)) - s14@group-3274576D874F: receive appendEntries(s3, 1, (t:1, i:56), 56, true, commits:[s3:c56, s14:c55, s2:c55], cId:5635, entries: [(t:1, i:57), STATEMACHINELOGENTRY, 5634@client-452A83570EEC]
2023-03-07 04:41:13,023 DEBUG server.RaftServer$Division (RaftServerImpl.java:logAppendEntries(1429)) - s14@group-3274576D874F: succeeded to handle AppendEntries. Reply: s3<-s14#5635:OK-t1,SUCCESS,nextIndex=58,followerCommit=56,matchIndex=57
2023-03-07 04:41:13,023 DEBUG server.RaftServer$Division (RaftServerImpl.java:logAppendEntries(1429)) - s2@group-3274576D874F: receive appendEntries(s3, 1, (t:1, i:56), 56, true, commits:[s3:c56, s14:c55, s2:c55], cId:5636, entries: [(t:1, i:57), STATEMACHINELOGENTRY, 5634@client-452A83570EEC]
2023-03-07 04:41:13,023 INFO  statemachine.StateMachine (ArithmeticStateMachine.java:applyTransaction(182)) - LEADER:s3-57: b = null = null
2023-03-07 04:41:13,023 DEBUG server.RaftServer$Division (RaftServerImpl.java:logAppendEntries(1429)) - s2@group-3274576D874F: succeeded to handle AppendEntries. Reply: s3<-s2#5636:OK-t1,SUCCESS,nextIndex=58,followerCommit=56,matchIndex=57
2023-03-07 04:41:13,029 DEBUG server.RaftServer$Division (RaftServerImpl.java:logAppendEntries(1429)) - s2@group-3274576D874F: receive appendEntries(s3, 1, (t:1, i:57), 57, true, commits:[s3:c57, s14:c56, s2:c56], cId:5640, entries: [(t:1, i:58), METADATAENTRY(c:57)]
2023-03-07 04:41:13,029 DEBUG server.RaftServer$Division (RaftServerImpl.java:logAppendEntries(1429)) - s2@group-3274576D874F: succeeded to handle AppendEntries. Reply: s3<-s2#5640:OK-t1,SUCCESS,nextIndex=59,followerCommit=57,matchIndex=58
2023-03-07 04:41:13,030 DEBUG server.RaftServer$Division (RaftServerImpl.java:logAppendEntries(1429)) - s14@group-3274576D874F: receive appendEntries(s3, 1, (t:1, i:57), 57, true, commits:[s3:c57, s14:c56, s2:c55], cId:5637, entries: [(t:1, i:58), METADATAENTRY(c:57)]
2023-03-07 04:41:13,030 DEBUG server.RaftServer$Division (RaftServerImpl.java:logAppendEntries(1429)) - s14@group-3274576D874F: succeeded to handle AppendEntries. Reply: s3<-s14#5637:OK-t1,SUCCESS,nextIndex=59,followerCommit=57,matchIndex=58
2023-03-07 04:41:13,030 DEBUG server.RaftServer$Division (RaftServerImpl.java:submitClientRequestAsync(832)) - s3@group-3274576D874F: receive client request(RaftClientRequest:client-452A83570EEC->s3@group-3274576D874F, cid=5643, seq=0, RW, Message:01016300)
2023-03-07 04:41:13,031 DEBUG server.RaftServer$Division (LeaderStateImpl.java:addPendingRequest(474)) - s3@group-3274576D874F-LeaderStateImpl: addPendingRequest at RaftClientRequest:client-452A83570EEC->s3@group-3274576D874F, cid=5643, seq=0, RW, Message:01016300, entry=(t:1, i:59), STATEMACHINELOGENTRY, 5643@client-452A83570EEC
2023-03-07 04:41:13,031 DEBUG server.RaftServer$Division (RaftServerImpl.java:logAppendEntries(1429)) - s14@group-3274576D874F: receive appendEntries(s3, 1, (t:1, i:58), 58, true, commits:[s3:c58, s14:c57, s2:c56], cId:5644, entries: [(t:1, i:59), STATEMACHINELOGENTRY, 5643@client-452A83570EEC]
2023-03-07 04:41:13,031 DEBUG server.RaftServer$Division (RaftServerImpl.java:logAppendEntries(1429)) - s14@group-3274576D874F: succeeded to handle AppendEntries. Reply: s3<-s14#5644:OK-t1,SUCCESS,nextIndex=60,followerCommit=58,matchIndex=59
2023-03-07 04:41:13,032 INFO  statemachine.StateMachine (ArithmeticStateMachine.java:applyTransaction(182)) - LEADER:s3-59: c = null = null
2023-03-07 04:41:13,032 DEBUG server.RaftServer$Division (RaftServerImpl.java:logAppendEntries(1429)) - s2@group-3274576D874F: receive appendEntries(s3, 1, (t:1, i:58), 59, true, commits:[s3:c59, s14:c58, s2:c57], cId:5645, entries: [(t:1, i:59), STATEMACHINELOGENTRY, 5643@client-452A83570EEC, (t:1, i:60), METADATAENTRY(c:59)]
2023-03-07 04:41:13,032 DEBUG server.RaftServer$Division (RaftServerImpl.java:logAppendEntries(1429)) - s14@group-3274576D874F: receive appendEntries(s3, 1, (t:1, i:59), 59, true, commits:[s3:c59, s14:c58, s2:c57], cId:5646, entries: [(t:1, i:60), METADATAENTRY(c:59)]
2023-03-07 04:41:13,032 DEBUG server.RaftServer$Division (RaftServerImpl.java:logAppendEntries(1429)) - s2@group-3274576D874F: succeeded to handle AppendEntries. Reply: s3<-s2#5645:OK-t1,SUCCESS,nextIndex=61,followerCommit=59,matchIndex=60
2023-03-07 04:41:13,033 DEBUG server.RaftServer$Division (RaftServerImpl.java:logAppendEntries(1429)) - s14@group-3274576D874F: succeeded to handle AppendEntries. Reply: s3<-s14#5646:OK-t1,SUCCESS,nextIndex=61,followerCommit=59,matchIndex=60
2023-03-07 04:41:13,033 DEBUG server.RaftServer$Division (RaftServerImpl.java:submitClientRequestAsync(832)) - s3@group-3274576D874F: receive client request(RaftClientRequest:client-452A83570EEC->s3@group-3274576D874F, cid=5647, seq=0, RW, Message:01016102404a80000000...(size=12))
2023-03-07 04:41:13,034 DEBUG server.RaftServer$Division (LeaderStateImpl.java:addPendingRequest(474)) - s3@group-3274576D874F-LeaderStateImpl: addPendingRequest at RaftClientRequest:client-452A83570EEC->s3@group-3274576D874F, cid=5647, seq=0, RW, Message:01016102404a80000000...(size=12), entry=(t:1, i:61), STATEMACHINELOGENTRY, 5647@client-452A83570EEC
2023-03-07 04:41:13,034 DEBUG server.RaftServer$Division (RaftServerImpl.java:logAppendEntries(1429)) - s14@group-3274576D874F: receive appendEntries(s3, 1, (t:1, i:60), 60, true, commits:[s3:c60, s14:c59, s2:c59], cId:5648, entries: [(t:1, i:61), STATEMACHINELOGENTRY, 5647@client-452A83570EEC]
2023-03-07 04:41:13,034 DEBUG server.RaftServer$Division (RaftServerImpl.java:logAppendEntries(1429)) - s2@group-3274576D874F: receive appendEntries(s3, 1, (t:1, i:60), 60, true, commits:[s3:c60, s14:c59, s2:c59], cId:5649, entries: [(t:1, i:61), STATEMACHINELOGENTRY, 5647@client-452A83570EEC]
2023-03-07 04:41:13,035 DEBUG server.RaftServer$Division (RaftServerImpl.java:logAppendEntries(1429)) - s14@group-3274576D874F: succeeded to handle AppendEntries. Reply: s3<-s14#5648:OK-t1,SUCCESS,nextIndex=62,followerCommit=60,matchIndex=61
2023-03-07 04:41:13,035 DEBUG server.RaftServer$Division (RaftServerImpl.java:logAppendEntries(1429)) - s2@group-3274576D874F: succeeded to handle AppendEntries. Reply: s3<-s2#5649:OK-t1,SUCCESS,nextIndex=62,followerCommit=60,matchIndex=61
2023-03-07 04:41:13,035 INFO  statemachine.StateMachine (ArithmeticStateMachine.java:applyTransaction(182)) - LEADER:s3-61: a = 53 = 53
2023-03-07 04:41:13,035 DEBUG server.RaftServer$Division (RaftServerImpl.java:logAppendEntries(1429)) - s2@group-3274576D874F: receive appendEntries(s3, 1, (t:1, i:61), 61, true, commits:[s3:c61, s14:c60, s2:c60], cId:5650, entries: [(t:1, i:62), METADATAENTRY(c:61)]
2023-03-07 04:41:13,035 DEBUG server.RaftServer$Division (RaftServerImpl.java:logAppendEntries(1429)) - s14@group-3274576D874F: receive appendEntries(s3, 1, (t:1, i:61), 61, true, commits:[s3:c61, s14:c60, s2:c60], cId:5651, entries: [(t:1, i:62), METADATAENTRY(c:61)]
2023-03-07 04:41:13,036 DEBUG server.RaftServer$Division (RaftServerImpl.java:logAppendEntries(1429)) - s2@group-3274576D874F: succeeded to handle AppendEntries. Reply: s3<-s2#5650:OK-t1,SUCCESS,nextIndex=63,followerCommit=61,matchIndex=62
2023-03-07 04:41:13,036 DEBUG server.RaftServer$Division (RaftServerImpl.java:logAppendEntries(1429)) - s14@group-3274576D874F: succeeded to handle AppendEntries. Reply: s3<-s14#5651:OK-t1,SUCCESS,nextIndex=63,followerCommit=61,matchIndex=62
2023-03-07 04:41:13,037 DEBUG server.RaftServer$Division (RaftServerImpl.java:submitClientRequestAsync(832)) - s3@group-3274576D874F: receive client request(RaftClientRequest:client-452A83570EEC->s3@group-3274576D874F, cid=5652, seq=0, RW, Message:010162024095f0000000...(size=12))
2023-03-07 04:41:13,037 DEBUG server.RaftServer$Division (LeaderStateImpl.java:addPendingRequest(474)) - s3@group-3274576D874F-LeaderStateImpl: addPendingRequest at RaftClientRequest:client-452A83570EEC->s3@group-3274576D874F, cid=5652, seq=0, RW, Message:010162024095f0000000...(size=12), entry=(t:1, i:63), STATEMACHINELOGENTRY, 5652@client-452A83570EEC
2023-03-07 04:41:13,037 DEBUG server.RaftServer$Division (RaftServerImpl.java:logAppendEntries(1429)) - s14@group-3274576D874F: receive appendEntries(s3, 1, (t:1, i:62), 62, true, commits:[s3:c62, s14:c61, s2:c61], cId:5653, entries: [(t:1, i:63), STATEMACHINELOGENTRY, 5652@client-452A83570EEC]
2023-03-07 04:41:13,038 DEBUG server.RaftServer$Division (RaftServerImpl.java:logAppendEntries(1429)) - s14@group-3274576D874F: succeeded to handle AppendEntries. Reply: s3<-s14#5653:OK-t1,SUCCESS,nextIndex=64,followerCommit=62,matchIndex=63
2023-03-07 04:41:13,038 DEBUG server.RaftServer$Division (RaftServerImpl.java:logAppendEntries(1429)) - s2@group-3274576D874F: receive appendEntries(s3, 1, (t:1, i:62), 62, true, commits:[s3:c62, s14:c61, s2:c61], cId:5654, entries: [(t:1, i:63), STATEMACHINELOGENTRY, 5652@client-452A83570EEC]
2023-03-07 04:41:13,038 INFO  statemachine.StateMachine (ArithmeticStateMachine.java:applyTransaction(182)) - LEADER:s3-63: b = 1404 = 1404
2023-03-07 04:41:13,038 DEBUG server.RaftServer$Division (RaftServerImpl.java:logAppendEntries(1429)) - s2@group-3274576D874F: succeeded to handle AppendEntries. Reply: s3<-s2#5654:OK-t1,SUCCESS,nextIndex=64,followerCommit=62,matchIndex=63
2023-03-07 04:41:13,039 DEBUG server.RaftServer$Division (RaftServerImpl.java:logAppendEntries(1429)) - s2@group-3274576D874F: receive appendEntries(s3, 1, (t:1, i:63), 63, true, commits:[s3:c63, s14:c62, s2:c62], cId:5656, entries: [(t:1, i:64), METADATAENTRY(c:63)]
2023-03-07 04:41:13,039 DEBUG server.RaftServer$Division (RaftServerImpl.java:logAppendEntries(1429)) - s14@group-3274576D874F: receive appendEntries(s3, 1, (t:1, i:63), 63, true, commits:[s3:c63, s14:c62, s2:c61], cId:5655, entries: [(t:1, i:64), METADATAENTRY(c:63)]
2023-03-07 04:41:13,039 DEBUG server.RaftServer$Division (RaftServerImpl.java:logAppendEntries(1429)) - s2@group-3274576D874F: succeeded to handle AppendEntries. Reply: s3<-s2#5656:OK-t1,SUCCESS,nextIndex=65,followerCommit=63,matchIndex=64
2023-03-07 04:41:13,039 DEBUG server.RaftServer$Division (RaftServerImpl.java:logAppendEntries(1429)) - s14@group-3274576D874F: succeeded to handle AppendEntries. Reply: s3<-s14#5655:OK-t1,SUCCESS,nextIndex=65,followerCommit=63,matchIndex=64
2023-03-07 04:41:13,040 DEBUG server.RaftServer$Division (RaftServerImpl.java:submitClientRequestAsync(832)) - s3@group-3274576D874F: receive client request(RaftClientRequest:client-452A83570EEC->s3@group-3274576D874F, cid=5657, seq=0, RW, Message:01016304010300040201...(size=17))
2023-03-07 04:41:13,040 DEBUG server.RaftServer$Division (LeaderStateImpl.java:addPendingRequest(474)) - s3@group-3274576D874F-LeaderStateImpl: addPendingRequest at RaftClientRequest:client-452A83570EEC->s3@group-3274576D874F, cid=5657, seq=0, RW, Message:01016304010300040201...(size=17), entry=(t:1, i:65), STATEMACHINELOGENTRY, 5657@client-452A83570EEC
2023-03-07 04:41:13,040 DEBUG server.RaftServer$Division (RaftServerImpl.java:logAppendEntries(1429)) - s14@group-3274576D874F: receive appendEntries(s3, 1, (t:1, i:64), 64, true, commits:[s3:c64, s14:c63, s2:c63], cId:5658, entries: [(t:1, i:65), STATEMACHINELOGENTRY, 5657@client-452A83570EEC]
2023-03-07 04:41:13,040 DEBUG server.RaftServer$Division (RaftServerImpl.java:logAppendEntries(1429)) - s2@group-3274576D874F: receive appendEntries(s3, 1, (t:1, i:64), 64, true, commits:[s3:c64, s14:c63, s2:c63], cId:5659, entries: [(t:1, i:65), STATEMACHINELOGENTRY, 5657@client-452A83570EEC]
2023-03-07 04:41:13,041 DEBUG server.RaftServer$Division (RaftServerImpl.java:logAppendEntries(1429)) - s14@group-3274576D874F: succeeded to handle AppendEntries. Reply: s3<-s14#5658:OK-t1,SUCCESS,nextIndex=66,followerCommit=64,matchIndex=65
2023-03-07 04:41:13,041 DEBUG server.RaftServer$Division (RaftServerImpl.java:logAppendEntries(1429)) - s2@group-3274576D874F: succeeded to handle AppendEntries. Reply: s3<-s2#5659:OK-t1,SUCCESS,nextIndex=66,followerCommit=64,matchIndex=65
2023-03-07 04:41:13,041 INFO  statemachine.StateMachine (ArithmeticStateMachine.java:applyTransaction(182)) - LEADER:s3-65: c = √(a^2 + b^2) = 1405
2023-03-07 04:41:13,041 DEBUG server.RaftServer$Division (RaftServerImpl.java:logAppendEntries(1429)) - s2@group-3274576D874F: receive appendEntries(s3, 1, (t:1, i:65), 65, true, commits:[s3:c65, s14:c64, s2:c64], cId:5660, entries: [(t:1, i:66), METADATAENTRY(c:65)]
2023-03-07 04:41:13,041 DEBUG server.RaftServer$Division (RaftServerImpl.java:logAppendEntries(1429)) - s14@group-3274576D874F: receive appendEntries(s3, 1, (t:1, i:65), 65, true, commits:[s3:c65, s14:c64, s2:c64], cId:5661, entries: [(t:1, i:66), METADATAENTRY(c:65)]
2023-03-07 04:41:13,042 DEBUG server.RaftServer$Division (RaftServerImpl.java:logAppendEntries(1429)) - s2@group-3274576D874F: succeeded to handle AppendEntries. Reply: s3<-s2#5660:OK-t1,SUCCESS,nextIndex=67,followerCommit=65,matchIndex=66
2023-03-07 04:41:13,042 DEBUG server.RaftServer$Division (RaftServerImpl.java:logAppendEntries(1429)) - s14@group-3274576D874F: succeeded to handle AppendEntries. Reply: s3<-s14#5661:OK-t1,SUCCESS,nextIndex=67,followerCommit=65,matchIndex=66
2023-03-07 04:41:13,042 DEBUG server.RaftServer$Division (RaftServerImpl.java:submitClientRequestAsync(832)) - s3@group-3274576D874F: receive client request(RaftClientRequest:client-452A83570EEC->s3@group-3274576D874F, cid=5662, seq=0, RW, Message:01016100)
2023-03-07 04:41:13,043 DEBUG server.RaftServer$Division (LeaderStateImpl.java:addPendingRequest(474)) - s3@group-3274576D874F-LeaderStateImpl: addPendingRequest at RaftClientRequest:client-452A83570EEC->s3@group-3274576D874F, cid=5662, seq=0, RW, Message:01016100, entry=(t:1, i:67), STATEMACHINELOGENTRY, 5662@client-452A83570EEC
2023-03-07 04:41:13,043 DEBUG server.RaftServer$Division (RaftServerImpl.java:logAppendEntries(1429)) - s14@group-3274576D874F: receive appendEntries(s3, 1, (t:1, i:66), 66, true, commits:[s3:c66, s14:c65, s2:c65], cId:5663, entries: [(t:1, i:67), STATEMACHINELOGENTRY, 5662@client-452A83570EEC]
2023-03-07 04:41:13,043 DEBUG server.RaftServer$Division (RaftServerImpl.java:logAppendEntries(1429)) - s2@group-3274576D874F: receive appendEntries(s3, 1, (t:1, i:66), 66, true, commits:[s3:c66, s14:c65, s2:c65], cId:5664, entries: [(t:1, i:67), STATEMACHINELOGENTRY, 5662@client-452A83570EEC]
2023-03-07 04:41:13,043 DEBUG server.RaftServer$Division (RaftServerImpl.java:logAppendEntries(1429)) - s2@group-3274576D874F: succeeded to handle AppendEntries. Reply: s3<-s2#5664:OK-t1,SUCCESS,nextIndex=68,followerCommit=66,matchIndex=67
2023-03-07 04:41:13,043 DEBUG server.RaftServer$Division (RaftServerImpl.java:logAppendEntries(1429)) - s14@group-3274576D874F: succeeded to handle AppendEntries. Reply: s3<-s14#5663:OK-t1,SUCCESS,nextIndex=68,followerCommit=66,matchIndex=67
2023-03-07 04:41:13,044 INFO  statemachine.StateMachine (ArithmeticStateMachine.java:applyTransaction(182)) - LEADER:s3-67: a = null = null
2023-03-07 04:41:13,044 DEBUG server.RaftServer$Division (RaftServerImpl.java:logAppendEntries(1429)) - s14@group-3274576D874F: receive appendEntries(s3, 1, (t:1, i:67), 67, true, commits:[s3:c67, s14:c66, s2:c66], cId:5666, entries: [(t:1, i:68), METADATAENTRY(c:67)]
2023-03-07 04:41:13,044 DEBUG server.RaftServer$Division (RaftServerImpl.java:logAppendEntries(1429)) - s2@group-3274576D874F: receive appendEntries(s3, 1, (t:1, i:67), 67, true, commits:[s3:c67, s14:c65, s2:c66], cId:5665, entries: [(t:1, i:68), METADATAENTRY(c:67)]
2023-03-07 04:41:13,044 DEBUG server.RaftServer$Division (RaftServerImpl.java:logAppendEntries(1429)) - s2@group-3274576D874F: succeeded to handle AppendEntries. Reply: s3<-s2#5665:OK-t1,SUCCESS,nextIndex=69,followerCommit=67,matchIndex=68
2023-03-07 04:41:13,045 DEBUG server.RaftServer$Division (RaftServerImpl.java:logAppendEntries(1429)) - s14@group-3274576D874F: succeeded to handle AppendEntries. Reply: s3<-s14#5666:OK-t1,SUCCESS,nextIndex=69,followerCommit=67,matchIndex=68
2023-03-07 04:41:13,045 DEBUG server.RaftServer$Division (RaftServerImpl.java:submitClientRequestAsync(832)) - s3@group-3274576D874F: receive client request(RaftClientRequest:client-452A83570EEC->s3@group-3274576D874F, cid=5667, seq=0, RW, Message:01016200)
2023-03-07 04:41:13,045 DEBUG server.RaftServer$Division (LeaderStateImpl.java:addPendingRequest(474)) - s3@group-3274576D874F-LeaderStateImpl: addPendingRequest at RaftClientRequest:client-452A83570EEC->s3@group-3274576D874F, cid=5667, seq=0, RW, Message:01016200, entry=(t:1, i:69), STATEMACHINELOGENTRY, 5667@client-452A83570EEC
2023-03-07 04:41:13,046 DEBUG server.RaftServer$Division (RaftServerImpl.java:logAppendEntries(1429)) - s14@group-3274576D874F: receive appendEntries(s3, 1, (t:1, i:68), 68, true, commits:[s3:c68, s14:c67, s2:c67], cId:5668, entries: [(t:1, i:69), STATEMACHINELOGENTRY, 5667@client-452A83570EEC]
2023-03-07 04:41:13,046 DEBUG server.RaftServer$Division (RaftServerImpl.java:logAppendEntries(1429)) - s2@group-3274576D874F: receive appendEntries(s3, 1, (t:1, i:68), 68, true, commits:[s3:c68, s14:c67, s2:c67], cId:5669, entries: [(t:1, i:69), STATEMACHINELOGENTRY, 5667@client-452A83570EEC]
2023-03-07 04:41:13,046 DEBUG server.RaftServer$Division (RaftServerImpl.java:logAppendEntries(1429)) - s14@group-3274576D874F: succeeded to handle AppendEntries. Reply: s3<-s14#5668:OK-t1,SUCCESS,nextIndex=70,followerCommit=68,matchIndex=69
2023-03-07 04:41:13,046 DEBUG server.RaftServer$Division (RaftServerImpl.java:logAppendEntries(1429)) - s2@group-3274576D874F: succeeded to handle AppendEntries. Reply: s3<-s2#5669:OK-t1,SUCCESS,nextIndex=70,followerCommit=68,matchIndex=69
2023-03-07 04:41:13,046 INFO  statemachine.StateMachine (ArithmeticStateMachine.java:applyTransaction(182)) - LEADER:s3-69: b = null = null
2023-03-07 04:41:13,047 DEBUG server.RaftServer$Division (RaftServerImpl.java:logAppendEntries(1429)) - s14@group-3274576D874F: receive appendEntries(s3, 1, (t:1, i:69), 69, true, commits:[s3:c69, s14:c68, s2:c68], cId:5670, entries: [(t:1, i:70), METADATAENTRY(c:69)]
2023-03-07 04:41:13,047 DEBUG server.RaftServer$Division (RaftServerImpl.java:logAppendEntries(1429)) - s2@group-3274576D874F: receive appendEntries(s3, 1, (t:1, i:69), 69, true, commits:[s3:c69, s14:c68, s2:c68], cId:5671, entries: [(t:1, i:70), METADATAENTRY(c:69)]
2023-03-07 04:41:13,047 DEBUG server.RaftServer$Division (RaftServerImpl.java:logAppendEntries(1429)) - s2@group-3274576D874F: succeeded to handle AppendEntries. Reply: s3<-s2#5671:OK-t1,SUCCESS,nextIndex=71,followerCommit=69,matchIndex=70
2023-03-07 04:41:13,047 DEBUG server.RaftServer$Division (RaftServerImpl.java:logAppendEntries(1429)) - s14@group-3274576D874F: succeeded to handle AppendEntries. Reply: s3<-s14#5670:OK-t1,SUCCESS,nextIndex=71,followerCommit=69,matchIndex=70
2023-03-07 04:41:13,048 DEBUG server.RaftServer$Division (RaftServerImpl.java:submitClientRequestAsync(832)) - s3@group-3274576D874F: receive client request(RaftClientRequest:client-452A83570EEC->s3@group-3274576D874F, cid=5672, seq=0, RW, Message:01016300)
2023-03-07 04:41:13,048 DEBUG server.RaftServer$Division (LeaderStateImpl.java:addPendingRequest(474)) - s3@group-3274576D874F-LeaderStateImpl: addPendingRequest at RaftClientRequest:client-452A83570EEC->s3@group-3274576D874F, cid=5672, seq=0, RW, Message:01016300, entry=(t:1, i:71), STATEMACHINELOGENTRY, 5672@client-452A83570EEC
2023-03-07 04:41:13,048 DEBUG server.RaftServer$Division (RaftServerImpl.java:logAppendEntries(1429)) - s14@group-3274576D874F: receive appendEntries(s3, 1, (t:1, i:70), 70, true, commits:[s3:c70, s14:c69, s2:c69], cId:5673, entries: [(t:1, i:71), STATEMACHINELOGENTRY, 5672@client-452A83570EEC]
2023-03-07 04:41:13,048 DEBUG server.RaftServer$Division (RaftServerImpl.java:logAppendEntries(1429)) - s2@group-3274576D874F: receive appendEntries(s3, 1, (t:1, i:70), 70, true, commits:[s3:c70, s14:c69, s2:c69], cId:5674, entries: [(t:1, i:71), STATEMACHINELOGENTRY, 5672@client-452A83570EEC]
2023-03-07 04:41:13,049 DEBUG server.RaftServer$Division (RaftServerImpl.java:logAppendEntries(1429)) - s14@group-3274576D874F: succeeded to handle AppendEntries. Reply: s3<-s14#5673:OK-t1,SUCCESS,nextIndex=72,followerCommit=70,matchIndex=71
2023-03-07 04:41:13,049 DEBUG server.RaftServer$Division (RaftServerImpl.java:logAppendEntries(1429)) - s2@group-3274576D874F: succeeded to handle AppendEntries. Reply: s3<-s2#5674:OK-t1,SUCCESS,nextIndex=72,followerCommit=70,matchIndex=71
2023-03-07 04:41:13,049 INFO  statemachine.StateMachine (ArithmeticStateMachine.java:applyTransaction(182)) - LEADER:s3-71: c = null = null
2023-03-07 04:41:13,049 DEBUG server.RaftServer$Division (RaftServerImpl.java:logAppendEntries(1429)) - s14@group-3274576D874F: receive appendEntries(s3, 1, (t:1, i:71), 71, true, commits:[s3:c71, s14:c70, s2:c69], cId:5675, entries: [(t:1, i:72), METADATAENTRY(c:71)]
2023-03-07 04:41:13,049 DEBUG server.RaftServer$Division (RaftServerImpl.java:logAppendEntries(1429)) - s2@group-3274576D874F: receive appendEntries(s3, 1, (t:1, i:71), 71, true, commits:[s3:c71, s14:c70, s2:c70], cId:5676, entries: [(t:1, i:72), METADATAENTRY(c:71)]
2023-03-07 04:41:13,050 DEBUG server.RaftServer$Division (RaftServerImpl.java:logAppendEntries(1429)) - s14@group-3274576D874F: succeeded to handle AppendEntries. Reply: s3<-s14#5675:OK-t1,SUCCESS,nextIndex=73,followerCommit=71,matchIndex=72
2023-03-07 04:41:13,050 DEBUG server.RaftServer$Division (RaftServerImpl.java:logAppendEntries(1429)) - s2@group-3274576D874F: succeeded to handle AppendEntries. Reply: s3<-s2#5676:OK-t1,SUCCESS,nextIndex=73,followerCommit=71,matchIndex=72
2023-03-07 04:41:13,050 DEBUG server.RaftServer$Division (RaftServerImpl.java:submitClientRequestAsync(832)) - s3@group-3274576D874F: receive client request(RaftClientRequest:client-452A83570EEC->s3@group-3274576D874F, cid=5677, seq=0, RW, Message:01016102404b80000000...(size=12))
2023-03-07 04:41:13,051 DEBUG server.RaftServer$Division (LeaderStateImpl.java:addPendingRequest(474)) - s3@group-3274576D874F-LeaderStateImpl: addPendingRequest at RaftClientRequest:client-452A83570EEC->s3@group-3274576D874F, cid=5677, seq=0, RW, Message:01016102404b80000000...(size=12), entry=(t:1, i:73), STATEMACHINELOGENTRY, 5677@client-452A83570EEC
2023-03-07 04:41:13,051 DEBUG server.RaftServer$Division (RaftServerImpl.java:logAppendEntries(1429)) - s14@group-3274576D874F: receive appendEntries(s3, 1, (t:1, i:72), 72, true, commits:[s3:c72, s14:c71, s2:c71], cId:5678, entries: [(t:1, i:73), STATEMACHINELOGENTRY, 5677@client-452A83570EEC]
2023-03-07 04:41:13,051 DEBUG server.RaftServer$Division (RaftServerImpl.java:logAppendEntries(1429)) - s2@group-3274576D874F: receive appendEntries(s3, 1, (t:1, i:72), 72, true, commits:[s3:c72, s14:c71, s2:c71], cId:5679, entries: [(t:1, i:73), STATEMACHINELOGENTRY, 5677@client-452A83570EEC]
2023-03-07 04:41:13,051 DEBUG server.RaftServer$Division (RaftServerImpl.java:logAppendEntries(1429)) - s2@group-3274576D874F: succeeded to handle AppendEntries. Reply: s3<-s2#5679:OK-t1,SUCCESS,nextIndex=74,followerCommit=72,matchIndex=73
2023-03-07 04:41:13,051 DEBUG server.RaftServer$Division (RaftServerImpl.java:logAppendEntries(1429)) - s14@group-3274576D874F: succeeded to handle AppendEntries. Reply: s3<-s14#5678:OK-t1,SUCCESS,nextIndex=74,followerCommit=72,matchIndex=73
2023-03-07 04:41:13,052 INFO  statemachine.StateMachine (ArithmeticStateMachine.java:applyTransaction(182)) - LEADER:s3-73: a = 55 = 55
2023-03-07 04:41:13,052 DEBUG server.RaftServer$Division (RaftServerImpl.java:logAppendEntries(1429)) - s14@group-3274576D874F: receive appendEntries(s3, 1, (t:1, i:73), 73, true, commits:[s3:c73, s14:c72, s2:c72], cId:5680, entries: [(t:1, i:74), METADATAENTRY(c:73)]
2023-03-07 04:41:13,052 DEBUG server.RaftServer$Division (RaftServerImpl.java:logAppendEntries(1429)) - s2@group-3274576D874F: receive appendEntries(s3, 1, (t:1, i:73), 73, true, commits:[s3:c73, s14:c72, s2:c72], cId:5681, entries: [(t:1, i:74), METADATAENTRY(c:73)]
2023-03-07 04:41:13,052 DEBUG server.RaftServer$Division (RaftServerImpl.java:logAppendEntries(1429)) - s14@group-3274576D874F: succeeded to handle AppendEntries. Reply: s3<-s14#5680:OK-t1,SUCCESS,nextIndex=75,followerCommit=73,matchIndex=74
2023-03-07 04:41:13,052 DEBUG server.RaftServer$Division (RaftServerImpl.java:logAppendEntries(1429)) - s2@group-3274576D874F: succeeded to handle AppendEntries. Reply: s3<-s2#5681:OK-t1,SUCCESS,nextIndex=75,followerCommit=73,matchIndex=74
2023-03-07 04:41:13,053 DEBUG server.RaftServer$Division (RaftServerImpl.java:submitClientRequestAsync(832)) - s3@group-3274576D874F: receive client request(RaftClientRequest:client-452A83570EEC->s3@group-3274576D874F, cid=5682, seq=0, RW, Message:010162024097a0000000...(size=12))
2023-03-07 04:41:13,053 DEBUG server.RaftServer$Division (LeaderStateImpl.java:addPendingRequest(474)) - s3@group-3274576D874F-LeaderStateImpl: addPendingRequest at RaftClientRequest:client-452A83570EEC->s3@group-3274576D874F, cid=5682, seq=0, RW, Message:010162024097a0000000...(size=12), entry=(t:1, i:75), STATEMACHINELOGENTRY, 5682@client-452A83570EEC
2023-03-07 04:41:13,053 DEBUG server.RaftServer$Division (RaftServerImpl.java:logAppendEntries(1429)) - s14@group-3274576D874F: receive appendEntries(s3, 1, (t:1, i:74), 74, true, commits:[s3:c74, s14:c73, s2:c73], cId:5683, entries: [(t:1, i:75), STATEMACHINELOGENTRY, 5682@client-452A83570EEC]
2023-03-07 04:41:13,054 DEBUG server.RaftServer$Division (RaftServerImpl.java:logAppendEntries(1429)) - s2@group-3274576D874F: receive appendEntries(s3, 1, (t:1, i:74), 74, true, commits:[s3:c74, s14:c73, s2:c73], cId:5684, entries: [(t:1, i:75), STATEMACHINELOGENTRY, 5682@client-452A83570EEC]
2023-03-07 04:41:13,054 DEBUG server.RaftServer$Division (RaftServerImpl.java:logAppendEntries(1429)) - s14@group-3274576D874F: succeeded to handle AppendEntries. Reply: s3<-s14#5683:OK-t1,SUCCESS,nextIndex=76,followerCommit=74,matchIndex=75
2023-03-07 04:41:13,054 DEBUG server.RaftServer$Division (RaftServerImpl.java:logAppendEntries(1429)) - s2@group-3274576D874F: succeeded to handle AppendEntries. Reply: s3<-s2#5684:OK-t1,SUCCESS,nextIndex=76,followerCommit=74,matchIndex=75
2023-03-07 04:41:13,054 INFO  statemachine.StateMachine (ArithmeticStateMachine.java:applyTransaction(182)) - LEADER:s3-75: b = 1512 = 1512
2023-03-07 04:41:13,055 DEBUG server.RaftServer$Division (RaftServerImpl.java:logAppendEntries(1429)) - s14@group-3274576D874F: receive appendEntries(s3, 1, (t:1, i:75), 75, true, commits:[s3:c75, s14:c74, s2:c74], cId:5686, entries: [(t:1, i:76), METADATAENTRY(c:75)]
2023-03-07 04:41:13,055 DEBUG server.RaftServer$Division (RaftServerImpl.java:logAppendEntries(1429)) - s2@group-3274576D874F: receive appendEntries(s3, 1, (t:1, i:75), 75, true, commits:[s3:c75, s14:c74, s2:c74], cId:5685, entries: [(t:1, i:76), METADATAENTRY(c:75)]
2023-03-07 04:41:13,055 DEBUG server.RaftServer$Division (RaftServerImpl.java:logAppendEntries(1429)) - s2@group-3274576D874F: succeeded to handle AppendEntries. Reply: s3<-s2#5685:OK-t1,SUCCESS,nextIndex=77,followerCommit=75,matchIndex=76
2023-03-07 04:41:13,055 DEBUG server.RaftServer$Division (RaftServerImpl.java:logAppendEntries(1429)) - s14@group-3274576D874F: succeeded to handle AppendEntries. Reply: s3<-s14#5686:OK-t1,SUCCESS,nextIndex=77,followerCommit=75,matchIndex=76
2023-03-07 04:41:13,056 DEBUG server.RaftServer$Division (RaftServerImpl.java:submitClientRequestAsync(832)) - s3@group-3274576D874F: receive client request(RaftClientRequest:client-452A83570EEC->s3@group-3274576D874F, cid=5687, seq=0, RW, Message:01016304010300040201...(size=17))
2023-03-07 04:41:13,056 DEBUG server.RaftServer$Division (LeaderStateImpl.java:addPendingRequest(474)) - s3@group-3274576D874F-LeaderStateImpl: addPendingRequest at RaftClientRequest:client-452A83570EEC->s3@group-3274576D874F, cid=5687, seq=0, RW, Message:01016304010300040201...(size=17), entry=(t:1, i:77), STATEMACHINELOGENTRY, 5687@client-452A83570EEC
2023-03-07 04:41:13,056 DEBUG server.RaftServer$Division (RaftServerImpl.java:logAppendEntries(1429)) - s2@group-3274576D874F: receive appendEntries(s3, 1, (t:1, i:76), 76, true, commits:[s3:c76, s14:c75, s2:c75], cId:5688, entries: [(t:1, i:77), STATEMACHINELOGENTRY, 5687@client-452A83570EEC]
2023-03-07 04:41:13,056 DEBUG server.RaftServer$Division (RaftServerImpl.java:logAppendEntries(1429)) - s14@group-3274576D874F: receive appendEntries(s3, 1, (t:1, i:76), 76, true, commits:[s3:c76, s14:c75, s2:c75], cId:5689, entries: [(t:1, i:77), STATEMACHINELOGENTRY, 5687@client-452A83570EEC]
2023-03-07 04:41:13,057 DEBUG server.RaftServer$Division (RaftServerImpl.java:logAppendEntries(1429)) - s14@group-3274576D874F: succeeded to handle AppendEntries. Reply: s3<-s14#5689:OK-t1,SUCCESS,nextIndex=78,followerCommit=76,matchIndex=77
2023-03-07 04:41:13,057 DEBUG server.RaftServer$Division (RaftServerImpl.java:logAppendEntries(1429)) - s2@group-3274576D874F: succeeded to handle AppendEntries. Reply: s3<-s2#5688:OK-t1,SUCCESS,nextIndex=78,followerCommit=76,matchIndex=77
2023-03-07 04:41:13,057 INFO  statemachine.StateMachine (ArithmeticStateMachine.java:applyTransaction(182)) - LEADER:s3-77: c = √(a^2 + b^2) = 1513
2023-03-07 04:41:13,057 DEBUG server.RaftServer$Division (RaftServerImpl.java:logAppendEntries(1429)) - s14@group-3274576D874F: receive appendEntries(s3, 1, (t:1, i:77), 77, true, commits:[s3:c77, s14:c76, s2:c75], cId:5690, entries: [(t:1, i:78), METADATAENTRY(c:77)]
2023-03-07 04:41:13,057 DEBUG server.RaftServer$Division (RaftServerImpl.java:logAppendEntries(1429)) - s2@group-3274576D874F: receive appendEntries(s3, 1, (t:1, i:77), 77, true, commits:[s3:c77, s14:c76, s2:c76], cId:5691, entries: [(t:1, i:78), METADATAENTRY(c:77)]
2023-03-07 04:41:13,058 DEBUG server.RaftServer$Division (RaftServerImpl.java:logAppendEntries(1429)) - s14@group-3274576D874F: succeeded to handle AppendEntries. Reply: s3<-s14#5690:OK-t1,SUCCESS,nextIndex=79,followerCommit=77,matchIndex=78
2023-03-07 04:41:13,058 DEBUG server.RaftServer$Division (RaftServerImpl.java:logAppendEntries(1429)) - s2@group-3274576D874F: succeeded to handle AppendEntries. Reply: s3<-s2#5691:OK-t1,SUCCESS,nextIndex=79,followerCommit=77,matchIndex=78
2023-03-07 04:41:13,058 DEBUG server.RaftServer$Division (RaftServerImpl.java:submitClientRequestAsync(832)) - s3@group-3274576D874F: receive client request(RaftClientRequest:client-452A83570EEC->s3@group-3274576D874F, cid=5692, seq=0, RW, Message:01016100)
2023-03-07 04:41:13,058 DEBUG server.RaftServer$Division (LeaderStateImpl.java:addPendingRequest(474)) - s3@group-3274576D874F-LeaderStateImpl: addPendingRequest at RaftClientRequest:client-452A83570EEC->s3@group-3274576D874F, cid=5692, seq=0, RW, Message:01016100, entry=(t:1, i:79), STATEMACHINELOGENTRY, 5692@client-452A83570EEC
2023-03-07 04:41:13,059 DEBUG server.RaftServer$Division (RaftServerImpl.java:logAppendEntries(1429)) - s14@group-3274576D874F: receive appendEntries(s3, 1, (t:1, i:78), 78, true, commits:[s3:c78, s14:c77, s2:c77], cId:5693, entries: [(t:1, i:79), STATEMACHINELOGENTRY, 5692@client-452A83570EEC]
2023-03-07 04:41:13,059 DEBUG server.RaftServer$Division (RaftServerImpl.java:logAppendEntries(1429)) - s2@group-3274576D874F: receive appendEntries(s3, 1, (t:1, i:78), 78, true, commits:[s3:c78, s14:c77, s2:c77], cId:5694, entries: [(t:1, i:79), STATEMACHINELOGENTRY, 5692@client-452A83570EEC]
2023-03-07 04:41:13,059 DEBUG server.RaftServer$Division (RaftServerImpl.java:logAppendEntries(1429)) - s14@group-3274576D874F: succeeded to handle AppendEntries. Reply: s3<-s14#5693:OK-t1,SUCCESS,nextIndex=80,followerCommit=78,matchIndex=79
2023-03-07 04:41:13,059 DEBUG server.RaftServer$Division (RaftServerImpl.java:logAppendEntries(1429)) - s2@group-3274576D874F: succeeded to handle AppendEntries. Reply: s3<-s2#5694:OK-t1,SUCCESS,nextIndex=80,followerCommit=78,matchIndex=79
2023-03-07 04:41:13,059 INFO  statemachine.StateMachine (ArithmeticStateMachine.java:applyTransaction(182)) - LEADER:s3-79: a = null = null
2023-03-07 04:41:13,060 DEBUG server.RaftServer$Division (RaftServerImpl.java:logAppendEntries(1429)) - s14@group-3274576D874F: receive appendEntries(s3, 1, (t:1, i:79), 79, true, commits:[s3:c79, s14:c78, s2:c78], cId:5695, entries: [(t:1, i:80), METADATAENTRY(c:79)]
2023-03-07 04:41:13,060 DEBUG server.RaftServer$Division (RaftServerImpl.java:logAppendEntries(1429)) - s2@group-3274576D874F: receive appendEntries(s3, 1, (t:1, i:79), 79, true, commits:[s3:c79, s14:c78, s2:c78], cId:5696, entries: [(t:1, i:80), METADATAENTRY(c:79)]
2023-03-07 04:41:13,060 DEBUG server.RaftServer$Division (RaftServerImpl.java:logAppendEntries(1429)) - s2@group-3274576D874F: succeeded to handle AppendEntries. Reply: s3<-s2#5696:OK-t1,SUCCESS,nextIndex=81,followerCommit=79,matchIndex=80
2023-03-07 04:41:13,060 DEBUG server.RaftServer$Division (RaftServerImpl.java:logAppendEntries(1429)) - s14@group-3274576D874F: succeeded to handle AppendEntries. Reply: s3<-s14#5695:OK-t1,SUCCESS,nextIndex=81,followerCommit=79,matchIndex=80
2023-03-07 04:41:13,061 DEBUG server.RaftServer$Division (RaftServerImpl.java:submitClientRequestAsync(832)) - s3@group-3274576D874F: receive client request(RaftClientRequest:client-452A83570EEC->s3@group-3274576D874F, cid=5697, seq=0, RW, Message:01016200)
2023-03-07 04:41:13,061 DEBUG server.RaftServer$Division (LeaderStateImpl.java:addPendingRequest(474)) - s3@group-3274576D874F-LeaderStateImpl: addPendingRequest at RaftClientRequest:client-452A83570EEC->s3@group-3274576D874F, cid=5697, seq=0, RW, Message:01016200, entry=(t:1, i:81), STATEMACHINELOGENTRY, 5697@client-452A83570EEC
2023-03-07 04:41:13,061 DEBUG server.RaftServer$Division (RaftServerImpl.java:logAppendEntries(1429)) - s14@group-3274576D874F: receive appendEntries(s3, 1, (t:1, i:80), 80, true, commits:[s3:c80, s14:c79, s2:c79], cId:5698, entries: [(t:1, i:81), STATEMACHINELOGENTRY, 5697@client-452A83570EEC]
2023-03-07 04:41:13,061 DEBUG server.RaftServer$Division (RaftServerImpl.java:logAppendEntries(1429)) - s2@group-3274576D874F: receive appendEntries(s3, 1, (t:1, i:80), 80, true, commits:[s3:c80, s14:c79, s2:c79], cId:5699, entries: [(t:1, i:81), STATEMACHINELOGENTRY, 5697@client-452A83570EEC]
2023-03-07 04:41:13,062 DEBUG server.RaftServer$Division (RaftServerImpl.java:logAppendEntries(1429)) - s14@group-3274576D874F: succeeded to handle AppendEntries. Reply: s3<-s14#5698:OK-t1,SUCCESS,nextIndex=82,followerCommit=80,matchIndex=81
2023-03-07 04:41:13,062 DEBUG server.RaftServer$Division (RaftServerImpl.java:logAppendEntries(1429)) - s2@group-3274576D874F: succeeded to handle AppendEntries. Reply: s3<-s2#5699:OK-t1,SUCCESS,nextIndex=82,followerCommit=80,matchIndex=81
2023-03-07 04:41:13,062 INFO  statemachine.StateMachine (ArithmeticStateMachine.java:applyTransaction(182)) - LEADER:s3-81: b = null = null
2023-03-07 04:41:13,062 DEBUG server.RaftServer$Division (RaftServerImpl.java:logAppendEntries(1429)) - s14@group-3274576D874F: receive appendEntries(s3, 1, (t:1, i:81), 81, true, commits:[s3:c81, s14:c80, s2:c80], cId:5700, entries: [(t:1, i:82), METADATAENTRY(c:81)]
2023-03-07 04:41:13,062 DEBUG server.RaftServer$Division (RaftServerImpl.java:logAppendEntries(1429)) - s2@group-3274576D874F: receive appendEntries(s3, 1, (t:1, i:81), 81, true, commits:[s3:c81, s14:c80, s2:c80], cId:5701, entries: [(t:1, i:82), METADATAENTRY(c:81)]
2023-03-07 04:41:13,063 DEBUG server.RaftServer$Division (RaftServerImpl.java:logAppendEntries(1429)) - s2@group-3274576D874F: succeeded to handle AppendEntries. Reply: s3<-s2#5701:OK-t1,SUCCESS,nextIndex=83,followerCommit=81,matchIndex=82
2023-03-07 04:41:13,063 DEBUG server.RaftServer$Division (RaftServerImpl.java:logAppendEntries(1429)) - s14@group-3274576D874F: succeeded to handle AppendEntries. Reply: s3<-s14#5700:OK-t1,SUCCESS,nextIndex=83,followerCommit=81,matchIndex=82
2023-03-07 04:41:13,063 DEBUG server.RaftServer$Division (RaftServerImpl.java:submitClientRequestAsync(832)) - s3@group-3274576D874F: receive client request(RaftClientRequest:client-452A83570EEC->s3@group-3274576D874F, cid=5702, seq=0, RW, Message:01016300)
2023-03-07 04:41:13,063 DEBUG server.RaftServer$Division (LeaderStateImpl.java:addPendingRequest(474)) - s3@group-3274576D874F-LeaderStateImpl: addPendingRequest at RaftClientRequest:client-452A83570EEC->s3@group-3274576D874F, cid=5702, seq=0, RW, Message:01016300, entry=(t:1, i:83), STATEMACHINELOGENTRY, 5702@client-452A83570EEC
2023-03-07 04:41:13,064 DEBUG server.RaftServer$Division (RaftServerImpl.java:logAppendEntries(1429)) - s14@group-3274576D874F: receive appendEntries(s3, 1, (t:1, i:82), 82, true, commits:[s3:c82, s14:c81, s2:c81], cId:5703, entries: [(t:1, i:83), STATEMACHINELOGENTRY, 5702@client-452A83570EEC]
2023-03-07 04:41:13,064 DEBUG server.RaftServer$Division (RaftServerImpl.java:logAppendEntries(1429)) - s2@group-3274576D874F: receive appendEntries(s3, 1, (t:1, i:82), 82, true, commits:[s3:c82, s14:c81, s2:c81], cId:5704, entries: [(t:1, i:83), STATEMACHINELOGENTRY, 5702@client-452A83570EEC]
2023-03-07 04:41:13,064 DEBUG server.RaftServer$Division (RaftServerImpl.java:logAppendEntries(1429)) - s14@group-3274576D874F: succeeded to handle AppendEntries. Reply: s3<-s14#5703:OK-t1,SUCCESS,nextIndex=84,followerCommit=82,matchIndex=83
2023-03-07 04:41:13,064 DEBUG server.RaftServer$Division (RaftServerImpl.java:logAppendEntries(1429)) - s2@group-3274576D874F: succeeded to handle AppendEntries. Reply: s3<-s2#5704:OK-t1,SUCCESS,nextIndex=84,followerCommit=82,matchIndex=83
2023-03-07 04:41:13,064 INFO  statemachine.StateMachine (ArithmeticStateMachine.java:applyTransaction(182)) - LEADER:s3-83: c = null = null
2023-03-07 04:41:13,065 DEBUG server.RaftServer$Division (RaftServerImpl.java:logAppendEntries(1429)) - s14@group-3274576D874F: receive appendEntries(s3, 1, (t:1, i:83), 83, true, commits:[s3:c83, s14:c82, s2:c81], cId:5705, entries: [(t:1, i:84), METADATAENTRY(c:83)]
2023-03-07 04:41:13,065 DEBUG server.RaftServer$Division (RaftServerImpl.java:logAppendEntries(1429)) - s14@group-3274576D874F: succeeded to handle AppendEntries. Reply: s3<-s14#5705:OK-t1,SUCCESS,nextIndex=85,followerCommit=83,matchIndex=84
2023-03-07 04:41:13,065 DEBUG server.RaftServer$Division (RaftServerImpl.java:logAppendEntries(1429)) - s2@group-3274576D874F: receive appendEntries(s3, 1, (t:1, i:83), 83, true, commits:[s3:c83, s14:c82, s2:c82], cId:5706, entries: [(t:1, i:84), METADATAENTRY(c:83)]
2023-03-07 04:41:13,065 DEBUG server.RaftServer$Division (RaftServerImpl.java:logAppendEntries(1429)) - s2@group-3274576D874F: succeeded to handle AppendEntries. Reply: s3<-s2#5706:OK-t1,SUCCESS,nextIndex=85,followerCommit=83,matchIndex=84
2023-03-07 04:41:13,066 DEBUG server.RaftServer$Division (RaftServerImpl.java:submitClientRequestAsync(832)) - s3@group-3274576D874F: receive client request(RaftClientRequest:client-452A83570EEC->s3@group-3274576D874F, cid=5709, seq=0, RW, Message:01016102404c80000000...(size=12))
2023-03-07 04:41:13,066 DEBUG server.RaftServer$Division (LeaderStateImpl.java:addPendingRequest(474)) - s3@group-3274576D874F-LeaderStateImpl: addPendingRequest at RaftClientRequest:client-452A83570EEC->s3@group-3274576D874F, cid=5709, seq=0, RW, Message:01016102404c80000000...(size=12), entry=(t:1, i:85), STATEMACHINELOGENTRY, 5709@client-452A83570EEC
2023-03-07 04:41:13,067 DEBUG server.RaftServer$Division (RaftServerImpl.java:logAppendEntries(1429)) - s14@group-3274576D874F: receive appendEntries(s3, 1, (t:1, i:84), 84, true, commits:[s3:c84, s14:c83, s2:c83], cId:5710, entries: [(t:1, i:85), STATEMACHINELOGENTRY, 5709@client-452A83570EEC]
2023-03-07 04:41:13,067 DEBUG server.RaftServer$Division (RaftServerImpl.java:logAppendEntries(1429)) - s14@group-3274576D874F: succeeded to handle AppendEntries. Reply: s3<-s14#5710:OK-t1,SUCCESS,nextIndex=86,followerCommit=84,matchIndex=85
2023-03-07 04:41:13,067 DEBUG server.RaftServer$Division (RaftServerImpl.java:logAppendEntries(1429)) - s2@group-3274576D874F: receive appendEntries(s3, 1, (t:1, i:84), 84, true, commits:[s3:c84, s14:c84, s2:c83], cId:5713, entries: [(t:1, i:85), STATEMACHINELOGENTRY, 5709@client-452A83570EEC]
2023-03-07 04:41:13,068 DEBUG server.RaftServer$Division (RaftServerImpl.java:logAppendEntries(1429)) - s2@group-3274576D874F: succeeded to handle AppendEntries. Reply: s3<-s2#5713:OK-t1,SUCCESS,nextIndex=86,followerCommit=84,matchIndex=85
2023-03-07 04:41:13,072 INFO  statemachine.StateMachine (ArithmeticStateMachine.java:applyTransaction(182)) - LEADER:s3-85: a = 57 = 57
2023-03-07 04:41:13,072 DEBUG server.RaftServer$Division (RaftServerImpl.java:logAppendEntries(1429)) - s14@group-3274576D874F: receive appendEntries(s3, 1, (t:1, i:85), 85, true, commits:[s3:c85, s14:c84, s2:c84], cId:5715, entries: [(t:1, i:86), METADATAENTRY(c:85)]
2023-03-07 04:41:13,072 DEBUG server.RaftServer$Division (RaftServerImpl.java:logAppendEntries(1429)) - s14@group-3274576D874F: succeeded to handle AppendEntries. Reply: s3<-s14#5715:OK-t1,SUCCESS,nextIndex=87,followerCommit=85,matchIndex=86
2023-03-07 04:41:13,073 DEBUG server.RaftServer$Division (RaftServerImpl.java:logAppendEntries(1429)) - s2@group-3274576D874F: receive appendEntries(s3, 1, (t:1, i:85), 85, true, commits:[s3:c85, s14:c84, s2:c84], cId:5714, entries: [(t:1, i:86), METADATAENTRY(c:85)]
2023-03-07 04:41:13,073 DEBUG server.RaftServer$Division (RaftServerImpl.java:logAppendEntries(1429)) - s2@group-3274576D874F: succeeded to handle AppendEntries. Reply: s3<-s2#5714:OK-t1,SUCCESS,nextIndex=87,followerCommit=85,matchIndex=86
2023-03-07 04:41:13,074 DEBUG server.RaftServer$Division (RaftServerImpl.java:submitClientRequestAsync(832)) - s3@group-3274576D874F: receive client request(RaftClientRequest:client-452A83570EEC->s3@group-3274576D874F, cid=5716, seq=0, RW, Message:01016202409960000000...(size=12))
2023-03-07 04:41:13,074 DEBUG server.RaftServer$Division (LeaderStateImpl.java:addPendingRequest(474)) - s3@group-3274576D874F-LeaderStateImpl: addPendingRequest at RaftClientRequest:client-452A83570EEC->s3@group-3274576D874F, cid=5716, seq=0, RW, Message:01016202409960000000...(size=12), entry=(t:1, i:87), STATEMACHINELOGENTRY, 5716@client-452A83570EEC
2023-03-07 04:41:13,074 DEBUG server.RaftServer$Division (RaftServerImpl.java:logAppendEntries(1429)) - s14@group-3274576D874F: receive appendEntries(s3, 1, (t:1, i:86), 86, true, commits:[s3:c86, s14:c85, s2:c85], cId:5717, entries: [(t:1, i:87), STATEMACHINELOGENTRY, 5716@client-452A83570EEC]
2023-03-07 04:41:13,075 DEBUG server.RaftServer$Division (RaftServerImpl.java:logAppendEntries(1429)) - s14@group-3274576D874F: succeeded to handle AppendEntries. Reply: s3<-s14#5717:OK-t1,SUCCESS,nextIndex=88,followerCommit=86,matchIndex=87
2023-03-07 04:41:13,075 DEBUG server.RaftServer$Division (RaftServerImpl.java:logAppendEntries(1429)) - s2@group-3274576D874F: receive appendEntries(s3, 1, (t:1, i:86), 86, true, commits:[s3:c86, s14:c85, s2:c85], cId:5718, entries: [(t:1, i:87), STATEMACHINELOGENTRY, 5716@client-452A83570EEC]
2023-03-07 04:41:13,075 INFO  statemachine.StateMachine (ArithmeticStateMachine.java:applyTransaction(182)) - LEADER:s3-87: b = 1624 = 1624
2023-03-07 04:41:13,075 DEBUG server.RaftServer$Division (RaftServerImpl.java:logAppendEntries(1429)) - s2@group-3274576D874F: succeeded to handle AppendEntries. Reply: s3<-s2#5718:OK-t1,SUCCESS,nextIndex=88,followerCommit=86,matchIndex=87
2023-03-07 04:41:13,075 DEBUG server.RaftServer$Division (RaftServerImpl.java:logAppendEntries(1429)) - s14@group-3274576D874F: receive appendEntries(s3, 1, (t:1, i:87), 87, true, commits:[s3:c87, s14:c86, s2:c85], cId:5719, entries: [(t:1, i:88), METADATAENTRY(c:87)]
2023-03-07 04:41:13,076 DEBUG server.RaftServer$Division (RaftServerImpl.java:logAppendEntries(1429)) - s14@group-3274576D874F: succeeded to handle AppendEntries. Reply: s3<-s14#5719:OK-t1,SUCCESS,nextIndex=89,followerCommit=87,matchIndex=88
2023-03-07 04:41:13,076 DEBUG server.RaftServer$Division (RaftServerImpl.java:logAppendEntries(1429)) - s2@group-3274576D874F: receive appendEntries(s3, 1, (t:1, i:87), 87, true, commits:[s3:c87, s14:c86, s2:c86], cId:5720, entries: [(t:1, i:88), METADATAENTRY(c:87)]
2023-03-07 04:41:13,077 DEBUG server.RaftServer$Division (RaftServerImpl.java:logAppendEntries(1429)) - s2@group-3274576D874F: succeeded to handle AppendEntries. Reply: s3<-s2#5720:OK-t1,SUCCESS,nextIndex=89,followerCommit=87,matchIndex=88
2023-03-07 04:41:13,077 DEBUG server.RaftServer$Division (RaftServerImpl.java:submitClientRequestAsync(832)) - s3@group-3274576D874F: receive client request(RaftClientRequest:client-452A83570EEC->s3@group-3274576D874F, cid=5721, seq=0, RW, Message:01016304010300040201...(size=17))
2023-03-07 04:41:13,077 DEBUG server.RaftServer$Division (LeaderStateImpl.java:addPendingRequest(474)) - s3@group-3274576D874F-LeaderStateImpl: addPendingRequest at RaftClientRequest:client-452A83570EEC->s3@group-3274576D874F, cid=5721, seq=0, RW, Message:01016304010300040201...(size=17), entry=(t:1, i:89), STATEMACHINELOGENTRY, 5721@client-452A83570EEC
2023-03-07 04:41:13,078 DEBUG server.RaftServer$Division (RaftServerImpl.java:logAppendEntries(1429)) - s14@group-3274576D874F: receive appendEntries(s3, 1, (t:1, i:88), 88, true, commits:[s3:c88, s14:c87, s2:c87], cId:5722, entries: [(t:1, i:89), STATEMACHINELOGENTRY, 5721@client-452A83570EEC]
2023-03-07 04:41:13,078 DEBUG server.RaftServer$Division (RaftServerImpl.java:logAppendEntries(1429)) - s14@group-3274576D874F: succeeded to handle AppendEntries. Reply: s3<-s14#5722:OK-t1,SUCCESS,nextIndex=90,followerCommit=88,matchIndex=89
2023-03-07 04:41:13,078 DEBUG server.RaftServer$Division (RaftServerImpl.java:logAppendEntries(1429)) - s2@group-3274576D874F: receive appendEntries(s3, 1, (t:1, i:88), 88, true, commits:[s3:c88, s14:c87, s2:c87], cId:5723, entries: [(t:1, i:89), STATEMACHINELOGENTRY, 5721@client-452A83570EEC]
2023-03-07 04:41:13,079 INFO  statemachine.StateMachine (ArithmeticStateMachine.java:applyTransaction(182)) - LEADER:s3-89: c = √(a^2 + b^2) = 1625
2023-03-07 04:41:13,079 DEBUG server.RaftServer$Division (RaftServerImpl.java:logAppendEntries(1429)) - s2@group-3274576D874F: succeeded to handle AppendEntries. Reply: s3<-s2#5723:OK-t1,SUCCESS,nextIndex=90,followerCommit=88,matchIndex=89
2023-03-07 04:41:13,079 DEBUG server.RaftServer$Division (RaftServerImpl.java:logAppendEntries(1429)) - s14@group-3274576D874F: receive appendEntries(s3, 1, (t:1, i:89), 89, true, commits:[s3:c89, s14:c88, s2:c87], cId:5724, entries: [(t:1, i:90), METADATAENTRY(c:89)]
2023-03-07 04:41:13,079 DEBUG server.RaftServer$Division (RaftServerImpl.java:logAppendEntries(1429)) - s14@group-3274576D874F: succeeded to handle AppendEntries. Reply: s3<-s14#5724:OK-t1,SUCCESS,nextIndex=91,followerCommit=89,matchIndex=90
2023-03-07 04:41:13,080 DEBUG server.RaftServer$Division (RaftServerImpl.java:logAppendEntries(1429)) - s2@group-3274576D874F: receive appendEntries(s3, 1, (t:1, i:89), 89, true, commits:[s3:c89, s14:c88, s2:c88], cId:5725, entries: [(t:1, i:90), METADATAENTRY(c:89)]
2023-03-07 04:41:13,080 DEBUG server.RaftServer$Division (RaftServerImpl.java:logAppendEntries(1429)) - s2@group-3274576D874F: succeeded to handle AppendEntries. Reply: s3<-s2#5725:OK-t1,SUCCESS,nextIndex=91,followerCommit=89,matchIndex=90
2023-03-07 04:41:13,081 DEBUG server.RaftServer$Division (RaftServerImpl.java:submitClientRequestAsync(832)) - s3@group-3274576D874F: receive client request(RaftClientRequest:client-452A83570EEC->s3@group-3274576D874F, cid=5726, seq=0, RW, Message:01016100)
2023-03-07 04:41:13,081 DEBUG server.RaftServer$Division (LeaderStateImpl.java:addPendingRequest(474)) - s3@group-3274576D874F-LeaderStateImpl: addPendingRequest at RaftClientRequest:client-452A83570EEC->s3@group-3274576D874F, cid=5726, seq=0, RW, Message:01016100, entry=(t:1, i:91), STATEMACHINELOGENTRY, 5726@client-452A83570EEC
2023-03-07 04:41:13,081 DEBUG server.RaftServer$Division (RaftServerImpl.java:logAppendEntries(1429)) - s14@group-3274576D874F: receive appendEntries(s3, 1, (t:1, i:90), 90, true, commits:[s3:c90, s14:c89, s2:c89], cId:5727, entries: [(t:1, i:91), STATEMACHINELOGENTRY, 5726@client-452A83570EEC]
2023-03-07 04:41:13,082 DEBUG server.RaftServer$Division (RaftServerImpl.java:logAppendEntries(1429)) - s14@group-3274576D874F: succeeded to handle AppendEntries. Reply: s3<-s14#5727:OK-t1,SUCCESS,nextIndex=92,followerCommit=90,matchIndex=91
2023-03-07 04:41:13,082 DEBUG server.RaftServer$Division (RaftServerImpl.java:logAppendEntries(1429)) - s2@group-3274576D874F: receive appendEntries(s3, 1, (t:1, i:90), 90, true, commits:[s3:c90, s14:c89, s2:c89], cId:5728, entries: [(t:1, i:91), STATEMACHINELOGENTRY, 5726@client-452A83570EEC]
2023-03-07 04:41:13,082 INFO  statemachine.StateMachine (ArithmeticStateMachine.java:applyTransaction(182)) - LEADER:s3-91: a = null = null
2023-03-07 04:41:13,082 DEBUG server.RaftServer$Division (RaftServerImpl.java:logAppendEntries(1429)) - s2@group-3274576D874F: succeeded to handle AppendEntries. Reply: s3<-s2#5728:OK-t1,SUCCESS,nextIndex=92,followerCommit=90,matchIndex=91
2023-03-07 04:41:13,082 DEBUG server.RaftServer$Division (RaftServerImpl.java:logAppendEntries(1429)) - s14@group-3274576D874F: receive appendEntries(s3, 1, (t:1, i:91), 91, true, commits:[s3:c91, s14:c90, s2:c89], cId:5729, entries: [(t:1, i:92), METADATAENTRY(c:91)]
2023-03-07 04:41:13,083 DEBUG server.RaftServer$Division (RaftServerImpl.java:logAppendEntries(1429)) - s14@group-3274576D874F: succeeded to handle AppendEntries. Reply: s3<-s14#5729:OK-t1,SUCCESS,nextIndex=93,followerCommit=91,matchIndex=92
2023-03-07 04:41:13,083 DEBUG server.RaftServer$Division (RaftServerImpl.java:logAppendEntries(1429)) - s2@group-3274576D874F: receive appendEntries(s3, 1, (t:1, i:91), 91, true, commits:[s3:c91, s14:c90, s2:c90], cId:5730, entries: [(t:1, i:92), METADATAENTRY(c:91)]
2023-03-07 04:41:13,084 DEBUG server.RaftServer$Division (RaftServerImpl.java:logAppendEntries(1429)) - s2@group-3274576D874F: succeeded to handle AppendEntries. Reply: s3<-s2#5730:OK-t1,SUCCESS,nextIndex=93,followerCommit=91,matchIndex=92
2023-03-07 04:41:13,084 DEBUG server.RaftServer$Division (RaftServerImpl.java:submitClientRequestAsync(832)) - s3@group-3274576D874F: receive client request(RaftClientRequest:client-452A83570EEC->s3@group-3274576D874F, cid=5731, seq=0, RW, Message:01016200)
2023-03-07 04:41:13,084 DEBUG server.RaftServer$Division (LeaderStateImpl.java:addPendingRequest(474)) - s3@group-3274576D874F-LeaderStateImpl: addPendingRequest at RaftClientRequest:client-452A83570EEC->s3@group-3274576D874F, cid=5731, seq=0, RW, Message:01016200, entry=(t:1, i:93), STATEMACHINELOGENTRY, 5731@client-452A83570EEC
2023-03-07 04:41:13,085 DEBUG server.RaftServer$Division (RaftServerImpl.java:logAppendEntries(1429)) - s14@group-3274576D874F: receive appendEntries(s3, 1, (t:1, i:92), 92, true, commits:[s3:c92, s14:c91, s2:c91], cId:5732, entries: [(t:1, i:93), STATEMACHINELOGENTRY, 5731@client-452A83570EEC]
2023-03-07 04:41:13,085 DEBUG server.RaftServer$Division (RaftServerImpl.java:logAppendEntries(1429)) - s14@group-3274576D874F: succeeded to handle AppendEntries. Reply: s3<-s14#5732:OK-t1,SUCCESS,nextIndex=94,followerCommit=92,matchIndex=93
2023-03-07 04:41:13,085 DEBUG server.RaftServer$Division (RaftServerImpl.java:logAppendEntries(1429)) - s2@group-3274576D874F: receive appendEntries(s3, 1, (t:1, i:92), 92, true, commits:[s3:c92, s14:c91, s2:c91], cId:5733, entries: [(t:1, i:93), STATEMACHINELOGENTRY, 5731@client-452A83570EEC]
2023-03-07 04:41:13,086 INFO  statemachine.StateMachine (ArithmeticStateMachine.java:applyTransaction(182)) - LEADER:s3-93: b = null = null
2023-03-07 04:41:13,086 DEBUG server.RaftServer$Division (RaftServerImpl.java:logAppendEntries(1429)) - s2@group-3274576D874F: succeeded to handle AppendEntries. Reply: s3<-s2#5733:OK-t1,SUCCESS,nextIndex=94,followerCommit=92,matchIndex=93
2023-03-07 04:41:13,086 DEBUG server.RaftServer$Division (RaftServerImpl.java:logAppendEntries(1429)) - s14@group-3274576D874F: receive appendEntries(s3, 1, (t:1, i:93), 93, true, commits:[s3:c93, s14:c92, s2:c91], cId:5734, entries: [(t:1, i:94), METADATAENTRY(c:93)]
2023-03-07 04:41:13,086 DEBUG server.RaftServer$Division (RaftServerImpl.java:logAppendEntries(1429)) - s14@group-3274576D874F: succeeded to handle AppendEntries. Reply: s3<-s14#5734:OK-t1,SUCCESS,nextIndex=95,followerCommit=93,matchIndex=94
2023-03-07 04:41:13,087 DEBUG server.RaftServer$Division (RaftServerImpl.java:logAppendEntries(1429)) - s2@group-3274576D874F: receive appendEntries(s3, 1, (t:1, i:93), 93, true, commits:[s3:c93, s14:c92, s2:c92], cId:5735, entries: [(t:1, i:94), METADATAENTRY(c:93)]
2023-03-07 04:41:13,087 DEBUG server.RaftServer$Division (RaftServerImpl.java:logAppendEntries(1429)) - s2@group-3274576D874F: succeeded to handle AppendEntries. Reply: s3<-s2#5735:OK-t1,SUCCESS,nextIndex=95,followerCommit=93,matchIndex=94
2023-03-07 04:41:13,088 DEBUG server.RaftServer$Division (RaftServerImpl.java:submitClientRequestAsync(832)) - s3@group-3274576D874F: receive client request(RaftClientRequest:client-452A83570EEC->s3@group-3274576D874F, cid=5736, seq=0, RW, Message:01016300)
2023-03-07 04:41:13,088 DEBUG server.RaftServer$Division (LeaderStateImpl.java:addPendingRequest(474)) - s3@group-3274576D874F-LeaderStateImpl: addPendingRequest at RaftClientRequest:client-452A83570EEC->s3@group-3274576D874F, cid=5736, seq=0, RW, Message:01016300, entry=(t:1, i:95), STATEMACHINELOGENTRY, 5736@client-452A83570EEC
2023-03-07 04:41:13,088 DEBUG server.RaftServer$Division (RaftServerImpl.java:logAppendEntries(1429)) - s14@group-3274576D874F: receive appendEntries(s3, 1, (t:1, i:94), 94, true, commits:[s3:c94, s14:c93, s2:c93], cId:5737, entries: [(t:1, i:95), STATEMACHINELOGENTRY, 5736@client-452A83570EEC]
2023-03-07 04:41:13,088 DEBUG server.RaftServer$Division (RaftServerImpl.java:logAppendEntries(1429)) - s14@group-3274576D874F: succeeded to handle AppendEntries. Reply: s3<-s14#5737:OK-t1,SUCCESS,nextIndex=96,followerCommit=94,matchIndex=95
2023-03-07 04:41:13,089 DEBUG server.RaftServer$Division (RaftServerImpl.java:logAppendEntries(1429)) - s2@group-3274576D874F: receive appendEntries(s3, 1, (t:1, i:94), 94, true, commits:[s3:c94, s14:c93, s2:c93], cId:5738, entries: [(t:1, i:95), STATEMACHINELOGENTRY, 5736@client-452A83570EEC]
2023-03-07 04:41:13,089 INFO  statemachine.StateMachine (ArithmeticStateMachine.java:applyTransaction(182)) - LEADER:s3-95: c = null = null
2023-03-07 04:41:13,089 DEBUG server.RaftServer$Division (RaftServerImpl.java:logAppendEntries(1429)) - s2@group-3274576D874F: succeeded to handle AppendEntries. Reply: s3<-s2#5738:OK-t1,SUCCESS,nextIndex=96,followerCommit=94,matchIndex=95
2023-03-07 04:41:13,090 DEBUG server.RaftServer$Division (RaftServerImpl.java:logAppendEntries(1429)) - s14@group-3274576D874F: receive appendEntries(s3, 1, (t:1, i:95), 95, true, commits:[s3:c95, s14:c94, s2:c93], cId:5739, entries: [(t:1, i:96), METADATAENTRY(c:95)]
2023-03-07 04:41:13,090 DEBUG server.RaftServer$Division (RaftServerImpl.java:logAppendEntries(1429)) - s14@group-3274576D874F: succeeded to handle AppendEntries. Reply: s3<-s14#5739:OK-t1,SUCCESS,nextIndex=97,followerCommit=95,matchIndex=96
2023-03-07 04:41:13,090 DEBUG server.RaftServer$Division (RaftServerImpl.java:logAppendEntries(1429)) - s2@group-3274576D874F: receive appendEntries(s3, 1, (t:1, i:95), 95, true, commits:[s3:c95, s14:c94, s2:c94], cId:5740, entries: [(t:1, i:96), METADATAENTRY(c:95)]
2023-03-07 04:41:13,091 DEBUG server.RaftServer$Division (RaftServerImpl.java:logAppendEntries(1429)) - s2@group-3274576D874F: succeeded to handle AppendEntries. Reply: s3<-s2#5740:OK-t1,SUCCESS,nextIndex=97,followerCommit=95,matchIndex=96
2023-03-07 04:41:13,091 DEBUG server.RaftServer$Division (RaftServerImpl.java:submitClientRequestAsync(832)) - s3@group-3274576D874F: receive client request(RaftClientRequest:client-452A83570EEC->s3@group-3274576D874F, cid=5741, seq=0, RW, Message:01016102404d80000000...(size=12))
2023-03-07 04:41:13,091 DEBUG server.RaftServer$Division (LeaderStateImpl.java:addPendingRequest(474)) - s3@group-3274576D874F-LeaderStateImpl: addPendingRequest at RaftClientRequest:client-452A83570EEC->s3@group-3274576D874F, cid=5741, seq=0, RW, Message:01016102404d80000000...(size=12), entry=(t:1, i:97), STATEMACHINELOGENTRY, 5741@client-452A83570EEC
2023-03-07 04:41:13,092 DEBUG server.RaftServer$Division (RaftServerImpl.java:logAppendEntries(1429)) - s14@group-3274576D874F: receive appendEntries(s3, 1, (t:1, i:96), 96, true, commits:[s3:c96, s14:c95, s2:c95], cId:5742, entries: [(t:1, i:97), STATEMACHINELOGENTRY, 5741@client-452A83570EEC]
2023-03-07 04:41:13,092 DEBUG server.RaftServer$Division (RaftServerImpl.java:logAppendEntries(1429)) - s14@group-3274576D874F: succeeded to handle AppendEntries. Reply: s3<-s14#5742:OK-t1,SUCCESS,nextIndex=98,followerCommit=96,matchIndex=97
2023-03-07 04:41:13,092 DEBUG server.RaftServer$Division (RaftServerImpl.java:logAppendEntries(1429)) - s2@group-3274576D874F: receive appendEntries(s3, 1, (t:1, i:96), 96, true, commits:[s3:c96, s14:c95, s2:c95], cId:5743, entries: [(t:1, i:97), STATEMACHINELOGENTRY, 5741@client-452A83570EEC]
2023-03-07 04:41:13,092 INFO  statemachine.StateMachine (ArithmeticStateMachine.java:applyTransaction(182)) - LEADER:s3-97: a = 59 = 59
2023-03-07 04:41:13,093 DEBUG server.RaftServer$Division (RaftServerImpl.java:logAppendEntries(1429)) - s2@group-3274576D874F: succeeded to handle AppendEntries. Reply: s3<-s2#5743:OK-t1,SUCCESS,nextIndex=98,followerCommit=96,matchIndex=97
2023-03-07 04:41:13,093 DEBUG server.RaftServer$Division (RaftServerImpl.java:logAppendEntries(1429)) - s14@group-3274576D874F: receive appendEntries(s3, 1, (t:1, i:97), 97, true, commits:[s3:c97, s14:c96, s2:c95], cId:5744, entries: [(t:1, i:98), METADATAENTRY(c:97)]
2023-03-07 04:41:13,093 DEBUG server.RaftServer$Division (RaftServerImpl.java:logAppendEntries(1429)) - s14@group-3274576D874F: succeeded to handle AppendEntries. Reply: s3<-s14#5744:OK-t1,SUCCESS,nextIndex=99,followerCommit=97,matchIndex=98
2023-03-07 04:41:13,094 DEBUG server.RaftServer$Division (RaftServerImpl.java:logAppendEntries(1429)) - s2@group-3274576D874F: receive appendEntries(s3, 1, (t:1, i:97), 97, true, commits:[s3:c97, s14:c96, s2:c96], cId:5745, entries: [(t:1, i:98), METADATAENTRY(c:97)]
2023-03-07 04:41:13,094 DEBUG server.RaftServer$Division (RaftServerImpl.java:logAppendEntries(1429)) - s2@group-3274576D874F: succeeded to handle AppendEntries. Reply: s3<-s2#5745:OK-t1,SUCCESS,nextIndex=99,followerCommit=97,matchIndex=98
2023-03-07 04:41:13,095 DEBUG server.RaftServer$Division (RaftServerImpl.java:submitClientRequestAsync(832)) - s3@group-3274576D874F: receive client request(RaftClientRequest:client-452A83570EEC->s3@group-3274576D874F, cid=5746, seq=0, RW, Message:01016202409b30000000...(size=12))
2023-03-07 04:41:13,095 DEBUG server.RaftServer$Division (LeaderStateImpl.java:addPendingRequest(474)) - s3@group-3274576D874F-LeaderStateImpl: addPendingRequest at RaftClientRequest:client-452A83570EEC->s3@group-3274576D874F, cid=5746, seq=0, RW, Message:01016202409b30000000...(size=12), entry=(t:1, i:99), STATEMACHINELOGENTRY, 5746@client-452A83570EEC
2023-03-07 04:41:13,095 DEBUG server.RaftServer$Division (RaftServerImpl.java:logAppendEntries(1429)) - s14@group-3274576D874F: receive appendEntries(s3, 1, (t:1, i:98), 98, true, commits:[s3:c98, s14:c97, s2:c97], cId:5747, entries: [(t:1, i:99), STATEMACHINELOGENTRY, 5746@client-452A83570EEC]
2023-03-07 04:41:13,095 DEBUG server.RaftServer$Division (RaftServerImpl.java:logAppendEntries(1429)) - s14@group-3274576D874F: succeeded to handle AppendEntries. Reply: s3<-s14#5747:OK-t1,SUCCESS,nextIndex=100,followerCommit=98,matchIndex=99
2023-03-07 04:41:13,096 INFO  statemachine.StateMachine (ArithmeticStateMachine.java:applyTransaction(182)) - LEADER:s3-99: b = 1740 = 1740
2023-03-07 04:41:13,096 DEBUG server.RaftServer$Division (RaftServerImpl.java:logAppendEntries(1429)) - s2@group-3274576D874F: receive appendEntries(s3, 1, (t:1, i:98), 98, true, commits:[s3:c98, s14:c97, s2:c97], cId:5748, entries: [(t:1, i:99), STATEMACHINELOGENTRY, 5746@client-452A83570EEC]
2023-03-07 04:41:13,096 DEBUG server.RaftServer$Division (RaftServerImpl.java:logAppendEntries(1429)) - s14@group-3274576D874F: receive appendEntries(s3, 1, (t:1, i:99), 99, true, commits:[s3:c99, s14:c98, s2:c97], cId:5749, entries: [(t:1, i:100), METADATAENTRY(c:99)]
2023-03-07 04:41:13,096 DEBUG server.RaftServer$Division (RaftServerImpl.java:logAppendEntries(1429)) - s2@group-3274576D874F: succeeded to handle AppendEntries. Reply: s3<-s2#5748:OK-t1,SUCCESS,nextIndex=100,followerCommit=98,matchIndex=99
2023-03-07 04:41:13,097 DEBUG server.RaftServer$Division (RaftServerImpl.java:logAppendEntries(1429)) - s14@group-3274576D874F: succeeded to handle AppendEntries. Reply: s3<-s14#5749:OK-t1,SUCCESS,nextIndex=101,followerCommit=99,matchIndex=100
2023-03-07 04:41:13,097 DEBUG server.RaftServer$Division (RaftServerImpl.java:logAppendEntries(1429)) - s2@group-3274576D874F: receive appendEntries(s3, 1, (t:1, i:99), 99, true, commits:[s3:c99, s14:c98, s2:c98], cId:5750, entries: [(t:1, i:100), METADATAENTRY(c:99)]
2023-03-07 04:41:13,097 DEBUG server.RaftServer$Division (RaftServerImpl.java:logAppendEntries(1429)) - s2@group-3274576D874F: succeeded to handle AppendEntries. Reply: s3<-s2#5750:OK-t1,SUCCESS,nextIndex=101,followerCommit=99,matchIndex=100
2023-03-07 04:41:13,097 DEBUG server.RaftServer$Division (RaftServerImpl.java:submitClientRequestAsync(832)) - s3@group-3274576D874F: receive client request(RaftClientRequest:client-452A83570EEC->s3@group-3274576D874F, cid=5751, seq=0, RW, Message:01016304010300040201...(size=17))
2023-03-07 04:41:13,097 DEBUG server.RaftServer$Division (LeaderStateImpl.java:addPendingRequest(474)) - s3@group-3274576D874F-LeaderStateImpl: addPendingRequest at RaftClientRequest:client-452A83570EEC->s3@group-3274576D874F, cid=5751, seq=0, RW, Message:01016304010300040201...(size=17), entry=(t:1, i:101), STATEMACHINELOGENTRY, 5751@client-452A83570EEC
2023-03-07 04:41:13,098 DEBUG server.RaftServer$Division (RaftServerImpl.java:logAppendEntries(1429)) - s14@group-3274576D874F: receive appendEntries(s3, 1, (t:1, i:100), 100, true, commits:[s3:c100, s14:c99, s2:c99], cId:5752, entries: [(t:1, i:101), STATEMACHINELOGENTRY, 5751@client-452A83570EEC]
2023-03-07 04:41:13,098 DEBUG server.RaftServer$Division (RaftServerImpl.java:logAppendEntries(1429)) - s14@group-3274576D874F: succeeded to handle AppendEntries. Reply: s3<-s14#5752:OK-t1,SUCCESS,nextIndex=102,followerCommit=100,matchIndex=101
2023-03-07 04:41:13,098 DEBUG server.RaftServer$Division (RaftServerImpl.java:logAppendEntries(1429)) - s2@group-3274576D874F: receive appendEntries(s3, 1, (t:1, i:100), 100, true, commits:[s3:c100, s14:c99, s2:c99], cId:5753, entries: [(t:1, i:101), STATEMACHINELOGENTRY, 5751@client-452A83570EEC]
2023-03-07 04:41:13,098 INFO  statemachine.StateMachine (ArithmeticStateMachine.java:applyTransaction(182)) - LEADER:s3-101: c = √(a^2 + b^2) = 1741
2023-03-07 04:41:13,099 DEBUG server.RaftServer$Division (RaftServerImpl.java:logAppendEntries(1429)) - s2@group-3274576D874F: succeeded to handle AppendEntries. Reply: s3<-s2#5753:OK-t1,SUCCESS,nextIndex=102,followerCommit=100,matchIndex=101
2023-03-07 04:41:13,099 DEBUG server.RaftServer$Division (RaftServerImpl.java:logAppendEntries(1429)) - s2@group-3274576D874F: receive appendEntries(s3, 1, (t:1, i:101), 101, true, commits:[s3:c101, s14:c100, s2:c100], cId:5755, entries: [(t:1, i:102), METADATAENTRY(c:101)]
2023-03-07 04:41:13,099 DEBUG server.RaftServer$Division (RaftServerImpl.java:logAppendEntries(1429)) - s14@group-3274576D874F: receive appendEntries(s3, 1, (t:1, i:101), 101, true, commits:[s3:c101, s14:c100, s2:c99], cId:5754, entries: [(t:1, i:102), METADATAENTRY(c:101)]
2023-03-07 04:41:13,099 DEBUG server.RaftServer$Division (RaftServerImpl.java:logAppendEntries(1429)) - s14@group-3274576D874F: succeeded to handle AppendEntries. Reply: s3<-s14#5754:OK-t1,SUCCESS,nextIndex=103,followerCommit=101,matchIndex=102
2023-03-07 04:41:13,099 DEBUG server.RaftServer$Division (RaftServerImpl.java:logAppendEntries(1429)) - s2@group-3274576D874F: succeeded to handle AppendEntries. Reply: s3<-s2#5755:OK-t1,SUCCESS,nextIndex=103,followerCommit=101,matchIndex=102
2023-03-07 04:41:13,100 DEBUG server.RaftServer$Division (RaftServerImpl.java:submitClientRequestAsync(832)) - s3@group-3274576D874F: receive client request(RaftClientRequest:client-452A83570EEC->s3@group-3274576D874F, cid=5756, seq=0, RW, Message:01016100)
2023-03-07 04:41:13,100 DEBUG server.RaftServer$Division (LeaderStateImpl.java:addPendingRequest(474)) - s3@group-3274576D874F-LeaderStateImpl: addPendingRequest at RaftClientRequest:client-452A83570EEC->s3@group-3274576D874F, cid=5756, seq=0, RW, Message:01016100, entry=(t:1, i:103), STATEMACHINELOGENTRY, 5756@client-452A83570EEC
2023-03-07 04:41:13,100 DEBUG server.RaftServer$Division (RaftServerImpl.java:logAppendEntries(1429)) - s14@group-3274576D874F: receive appendEntries(s3, 1, (t:1, i:102), 102, true, commits:[s3:c102, s14:c101, s2:c101], cId:5757, entries: [(t:1, i:103), STATEMACHINELOGENTRY, 5756@client-452A83570EEC]
2023-03-07 04:41:13,101 DEBUG server.RaftServer$Division (RaftServerImpl.java:logAppendEntries(1429)) - s14@group-3274576D874F: succeeded to handle AppendEntries. Reply: s3<-s14#5757:OK-t1,SUCCESS,nextIndex=104,followerCommit=102,matchIndex=103
2023-03-07 04:41:13,101 DEBUG server.RaftServer$Division (RaftServerImpl.java:logAppendEntries(1429)) - s2@group-3274576D874F: receive appendEntries(s3, 1, (t:1, i:102), 102, true, commits:[s3:c102, s14:c101, s2:c101], cId:5758, entries: [(t:1, i:103), STATEMACHINELOGENTRY, 5756@client-452A83570EEC]
2023-03-07 04:41:13,101 INFO  statemachine.StateMachine (ArithmeticStateMachine.java:applyTransaction(182)) - LEADER:s3-103: a = null = null
2023-03-07 04:41:13,101 DEBUG server.RaftServer$Division (RaftServerImpl.java:logAppendEntries(1429)) - s2@group-3274576D874F: succeeded to handle AppendEntries. Reply: s3<-s2#5758:OK-t1,SUCCESS,nextIndex=104,followerCommit=102,matchIndex=103
2023-03-07 04:41:13,101 DEBUG server.RaftServer$Division (RaftServerImpl.java:logAppendEntries(1429)) - s14@group-3274576D874F: receive appendEntries(s3, 1, (t:1, i:103), 103, true, commits:[s3:c103, s14:c102, s2:c101], cId:5759, entries: [(t:1, i:104), METADATAENTRY(c:103)]
2023-03-07 04:41:13,102 DEBUG server.RaftServer$Division (RaftServerImpl.java:logAppendEntries(1429)) - s2@group-3274576D874F: receive appendEntries(s3, 1, (t:1, i:103), 103, true, commits:[s3:c103, s14:c102, s2:c102], cId:5760, entries: [(t:1, i:104), METADATAENTRY(c:103)]
2023-03-07 04:41:13,102 DEBUG server.RaftServer$Division (RaftServerImpl.java:logAppendEntries(1429)) - s14@group-3274576D874F: succeeded to handle AppendEntries. Reply: s3<-s14#5759:OK-t1,SUCCESS,nextIndex=105,followerCommit=103,matchIndex=104
2023-03-07 04:41:13,102 DEBUG server.RaftServer$Division (RaftServerImpl.java:logAppendEntries(1429)) - s2@group-3274576D874F: succeeded to handle AppendEntries. Reply: s3<-s2#5760:OK-t1,SUCCESS,nextIndex=105,followerCommit=103,matchIndex=104
2023-03-07 04:41:13,102 DEBUG server.RaftServer$Division (RaftServerImpl.java:submitClientRequestAsync(832)) - s3@group-3274576D874F: receive client request(RaftClientRequest:client-452A83570EEC->s3@group-3274576D874F, cid=5761, seq=0, RW, Message:01016200)
2023-03-07 04:41:13,103 DEBUG server.RaftServer$Division (LeaderStateImpl.java:addPendingRequest(474)) - s3@group-3274576D874F-LeaderStateImpl: addPendingRequest at RaftClientRequest:client-452A83570EEC->s3@group-3274576D874F, cid=5761, seq=0, RW, Message:01016200, entry=(t:1, i:105), STATEMACHINELOGENTRY, 5761@client-452A83570EEC
2023-03-07 04:41:13,103 DEBUG server.RaftServer$Division (RaftServerImpl.java:logAppendEntries(1429)) - s14@group-3274576D874F: receive appendEntries(s3, 1, (t:1, i:104), 104, true, commits:[s3:c104, s14:c103, s2:c103], cId:5762, entries: [(t:1, i:105), STATEMACHINELOGENTRY, 5761@client-452A83570EEC]
2023-03-07 04:41:13,103 DEBUG server.RaftServer$Division (RaftServerImpl.java:logAppendEntries(1429)) - s14@group-3274576D874F: succeeded to handle AppendEntries. Reply: s3<-s14#5762:OK-t1,SUCCESS,nextIndex=106,followerCommit=104,matchIndex=105
2023-03-07 04:41:13,103 DEBUG server.RaftServer$Division (RaftServerImpl.java:logAppendEntries(1429)) - s2@group-3274576D874F: receive appendEntries(s3, 1, (t:1, i:104), 104, true, commits:[s3:c104, s14:c103, s2:c103], cId:5763, entries: [(t:1, i:105), STATEMACHINELOGENTRY, 5761@client-452A83570EEC]
2023-03-07 04:41:13,103 INFO  statemachine.StateMachine (ArithmeticStateMachine.java:applyTransaction(182)) - LEADER:s3-105: b = null = null
2023-03-07 04:41:13,104 DEBUG server.RaftServer$Division (RaftServerImpl.java:logAppendEntries(1429)) - s2@group-3274576D874F: succeeded to handle AppendEntries. Reply: s3<-s2#5763:OK-t1,SUCCESS,nextIndex=106,followerCommit=104,matchIndex=105
2023-03-07 04:41:13,104 DEBUG server.RaftServer$Division (RaftServerImpl.java:logAppendEntries(1429)) - s14@group-3274576D874F: receive appendEntries(s3, 1, (t:1, i:105), 105, true, commits:[s3:c105, s14:c104, s2:c103], cId:5764, entries: [(t:1, i:106), METADATAENTRY(c:105)]
2023-03-07 04:41:13,104 DEBUG server.RaftServer$Division (RaftServerImpl.java:logAppendEntries(1429)) - s14@group-3274576D874F: succeeded to handle AppendEntries. Reply: s3<-s14#5764:OK-t1,SUCCESS,nextIndex=107,followerCommit=105,matchIndex=106
2023-03-07 04:41:13,104 DEBUG server.RaftServer$Division (RaftServerImpl.java:logAppendEntries(1429)) - s2@group-3274576D874F: receive appendEntries(s3, 1, (t:1, i:105), 105, true, commits:[s3:c105, s14:c104, s2:c104], cId:5765, entries: [(t:1, i:106), METADATAENTRY(c:105)]
2023-03-07 04:41:13,105 DEBUG server.RaftServer$Division (RaftServerImpl.java:logAppendEntries(1429)) - s2@group-3274576D874F: succeeded to handle AppendEntries. Reply: s3<-s2#5765:OK-t1,SUCCESS,nextIndex=107,followerCommit=105,matchIndex=106
2023-03-07 04:41:13,105 DEBUG server.RaftServer$Division (RaftServerImpl.java:submitClientRequestAsync(832)) - s3@group-3274576D874F: receive client request(RaftClientRequest:client-452A83570EEC->s3@group-3274576D874F, cid=5766, seq=0, RW, Message:01016300)
2023-03-07 04:41:13,105 DEBUG server.RaftServer$Division (LeaderStateImpl.java:addPendingRequest(474)) - s3@group-3274576D874F-LeaderStateImpl: addPendingRequest at RaftClientRequest:client-452A83570EEC->s3@group-3274576D874F, cid=5766, seq=0, RW, Message:01016300, entry=(t:1, i:107), STATEMACHINELOGENTRY, 5766@client-452A83570EEC
2023-03-07 04:41:13,106 DEBUG server.RaftServer$Division (RaftServerImpl.java:logAppendEntries(1429)) - s14@group-3274576D874F: receive appendEntries(s3, 1, (t:1, i:106), 106, true, commits:[s3:c106, s14:c105, s2:c105], cId:5767, entries: [(t:1, i:107), STATEMACHINELOGENTRY, 5766@client-452A83570EEC]
2023-03-07 04:41:13,106 DEBUG server.RaftServer$Division (RaftServerImpl.java:logAppendEntries(1429)) - s14@group-3274576D874F: succeeded to handle AppendEntries. Reply: s3<-s14#5767:OK-t1,SUCCESS,nextIndex=108,followerCommit=106,matchIndex=107
2023-03-07 04:41:13,106 INFO  statemachine.StateMachine (ArithmeticStateMachine.java:applyTransaction(182)) - LEADER:s3-107: c = null = null
2023-03-07 04:41:13,106 DEBUG server.RaftServer$Division (RaftServerImpl.java:logAppendEntries(1429)) - s14@group-3274576D874F: receive appendEntries(s3, 1, (t:1, i:107), 107, true, commits:[s3:c107, s14:c106, s2:c105], cId:5769, entries: [(t:1, i:108), METADATAENTRY(c:107)]
2023-03-07 04:41:13,107 DEBUG server.RaftServer$Division (RaftServerImpl.java:logAppendEntries(1429)) - s14@group-3274576D874F: succeeded to handle AppendEntries. Reply: s3<-s14#5769:OK-t1,SUCCESS,nextIndex=109,followerCommit=107,matchIndex=108
2023-03-07 04:41:13,107 DEBUG server.RaftServer$Division (RaftServerImpl.java:logAppendEntries(1429)) - s2@group-3274576D874F: receive appendEntries(s3, 1, (t:1, i:106), 106, true, commits:[s3:c106, s14:c105, s2:c105], cId:5768, entries: [(t:1, i:107), STATEMACHINELOGENTRY, 5766@client-452A83570EEC]
2023-03-07 04:41:13,107 DEBUG server.RaftServer$Division (RaftServerImpl.java:submitClientRequestAsync(832)) - s3@group-3274576D874F: receive client request(RaftClientRequest:client-452A83570EEC->s3@group-3274576D874F, cid=5770, seq=0, RW, Message:01016102404e80000000...(size=12))
2023-03-07 04:41:13,107 DEBUG server.RaftServer$Division (RaftServerImpl.java:logAppendEntries(1429)) - s2@group-3274576D874F: succeeded to handle AppendEntries. Reply: s3<-s2#5768:OK-t1,SUCCESS,nextIndex=108,followerCommit=106,matchIndex=107
2023-03-07 04:41:13,108 DEBUG server.RaftServer$Division (RaftServerImpl.java:logAppendEntries(1429)) - s14@group-3274576D874F: receive appendEntries(s3, 1, (t:1, i:108), 108, true, commits:[s3:c108, s14:c107, s2:c106], cId:5771, entries: [(t:1, i:109), STATEMACHINELOGENTRY, 5770@client-452A83570EEC]
2023-03-07 04:41:13,108 DEBUG server.RaftServer$Division (RaftServerImpl.java:logAppendEntries(1429)) - s2@group-3274576D874F: receive appendEntries(s3, 1, (t:1, i:107), 108, true, commits:[s3:c108, s14:c107, s2:c106], cId:5772, entries: [(t:1, i:108), METADATAENTRY(c:107), (t:1, i:109), STATEMACHINELOGENTRY, 5770@client-452A83570EEC]
2023-03-07 04:41:13,108 DEBUG server.RaftServer$Division (LeaderStateImpl.java:addPendingRequest(474)) - s3@group-3274576D874F-LeaderStateImpl: addPendingRequest at RaftClientRequest:client-452A83570EEC->s3@group-3274576D874F, cid=5770, seq=0, RW, Message:01016102404e80000000...(size=12), entry=(t:1, i:109), STATEMACHINELOGENTRY, 5770@client-452A83570EEC
2023-03-07 04:41:13,108 DEBUG server.RaftServer$Division (RaftServerImpl.java:logAppendEntries(1429)) - s2@group-3274576D874F: succeeded to handle AppendEntries. Reply: s3<-s2#5772:OK-t1,SUCCESS,nextIndex=110,followerCommit=108,matchIndex=109
2023-03-07 04:41:13,108 DEBUG server.RaftServer$Division (RaftServerImpl.java:logAppendEntries(1429)) - s14@group-3274576D874F: succeeded to handle AppendEntries. Reply: s3<-s14#5771:OK-t1,SUCCESS,nextIndex=110,followerCommit=108,matchIndex=109
2023-03-07 04:41:13,109 INFO  statemachine.StateMachine (ArithmeticStateMachine.java:applyTransaction(182)) - LEADER:s3-109: a = 61 = 61
2023-03-07 04:41:13,109 DEBUG server.RaftServer$Division (RaftServerImpl.java:logAppendEntries(1429)) - s14@group-3274576D874F: receive appendEntries(s3, 1, (t:1, i:109), 109, true, commits:[s3:c109, s14:c108, s2:c108], cId:5773, entries: [(t:1, i:110), METADATAENTRY(c:109)]
2023-03-07 04:41:13,109 DEBUG server.RaftServer$Division (RaftServerImpl.java:logAppendEntries(1429)) - s2@group-3274576D874F: receive appendEntries(s3, 1, (t:1, i:109), 109, true, commits:[s3:c109, s14:c108, s2:c108], cId:5774, entries: [(t:1, i:110), METADATAENTRY(c:109)]
2023-03-07 04:41:13,109 DEBUG server.RaftServer$Division (RaftServerImpl.java:logAppendEntries(1429)) - s14@group-3274576D874F: succeeded to handle AppendEntries. Reply: s3<-s14#5773:OK-t1,SUCCESS,nextIndex=111,followerCommit=109,matchIndex=110
2023-03-07 04:41:13,110 DEBUG server.RaftServer$Division (RaftServerImpl.java:logAppendEntries(1429)) - s2@group-3274576D874F: succeeded to handle AppendEntries. Reply: s3<-s2#5774:OK-t1,SUCCESS,nextIndex=111,followerCommit=109,matchIndex=110
2023-03-07 04:41:13,110 DEBUG server.RaftServer$Division (RaftServerImpl.java:submitClientRequestAsync(832)) - s3@group-3274576D874F: receive client request(RaftClientRequest:client-452A83570EEC->s3@group-3274576D874F, cid=5775, seq=0, RW, Message:01016202409d10000000...(size=12))
2023-03-07 04:41:13,110 DEBUG server.RaftServer$Division (LeaderStateImpl.java:addPendingRequest(474)) - s3@group-3274576D874F-LeaderStateImpl: addPendingRequest at RaftClientRequest:client-452A83570EEC->s3@group-3274576D874F, cid=5775, seq=0, RW, Message:01016202409d10000000...(size=12), entry=(t:1, i:111), STATEMACHINELOGENTRY, 5775@client-452A83570EEC
2023-03-07 04:41:13,111 DEBUG server.RaftServer$Division (RaftServerImpl.java:logAppendEntries(1429)) - s14@group-3274576D874F: receive appendEntries(s3, 1, (t:1, i:110), 110, true, commits:[s3:c110, s14:c109, s2:c109], cId:5776, entries: [(t:1, i:111), STATEMACHINELOGENTRY, 5775@client-452A83570EEC]
2023-03-07 04:41:13,111 DEBUG server.RaftServer$Division (RaftServerImpl.java:logAppendEntries(1429)) - s14@group-3274576D874F: succeeded to handle AppendEntries. Reply: s3<-s14#5776:OK-t1,SUCCESS,nextIndex=112,followerCommit=110,matchIndex=111
2023-03-07 04:41:13,111 INFO  statemachine.StateMachine (ArithmeticStateMachine.java:applyTransaction(182)) - LEADER:s3-111: b = 1860 = 1860
2023-03-07 04:41:13,111 DEBUG server.RaftServer$Division (RaftServerImpl.java:logAppendEntries(1429)) - s2@group-3274576D874F: receive appendEntries(s3, 1, (t:1, i:110), 110, true, commits:[s3:c110, s14:c110, s2:c109], cId:5777, entries: [(t:1, i:111), STATEMACHINELOGENTRY, 5775@client-452A83570EEC]
2023-03-07 04:41:13,112 DEBUG server.RaftServer$Division (RaftServerImpl.java:logAppendEntries(1429)) - s14@group-3274576D874F: receive appendEntries(s3, 1, (t:1, i:111), 111, true, commits:[s3:c111, s14:c110, s2:c109], cId:5778, entries: [(t:1, i:112), METADATAENTRY(c:111)]
2023-03-07 04:41:13,112 DEBUG server.RaftServer$Division (RaftServerImpl.java:logAppendEntries(1429)) - s2@group-3274576D874F: succeeded to handle AppendEntries. Reply: s3<-s2#5777:OK-t1,SUCCESS,nextIndex=112,followerCommit=110,matchIndex=111
2023-03-07 04:41:13,112 DEBUG server.RaftServer$Division (RaftServerImpl.java:logAppendEntries(1429)) - s2@group-3274576D874F: receive appendEntries(s3, 1, (t:1, i:111), 111, true, commits:[s3:c111, s14:c110, s2:c110], cId:5779, entries: [(t:1, i:112), METADATAENTRY(c:111)]
2023-03-07 04:41:13,112 DEBUG server.RaftServer$Division (RaftServerImpl.java:logAppendEntries(1429)) - s14@group-3274576D874F: succeeded to handle AppendEntries. Reply: s3<-s14#5778:OK-t1,SUCCESS,nextIndex=113,followerCommit=111,matchIndex=112
2023-03-07 04:41:13,112 DEBUG server.RaftServer$Division (RaftServerImpl.java:logAppendEntries(1429)) - s2@group-3274576D874F: succeeded to handle AppendEntries. Reply: s3<-s2#5779:OK-t1,SUCCESS,nextIndex=113,followerCommit=111,matchIndex=112
2023-03-07 04:41:13,113 DEBUG server.RaftServer$Division (RaftServerImpl.java:submitClientRequestAsync(832)) - s3@group-3274576D874F: receive client request(RaftClientRequest:client-452A83570EEC->s3@group-3274576D874F, cid=5780, seq=0, RW, Message:01016304010300040201...(size=17))
2023-03-07 04:41:13,113 DEBUG server.RaftServer$Division (LeaderStateImpl.java:addPendingRequest(474)) - s3@group-3274576D874F-LeaderStateImpl: addPendingRequest at RaftClientRequest:client-452A83570EEC->s3@group-3274576D874F, cid=5780, seq=0, RW, Message:01016304010300040201...(size=17), entry=(t:1, i:113), STATEMACHINELOGENTRY, 5780@client-452A83570EEC
2023-03-07 04:41:13,113 DEBUG server.RaftServer$Division (RaftServerImpl.java:logAppendEntries(1429)) - s14@group-3274576D874F: receive appendEntries(s3, 1, (t:1, i:112), 112, true, commits:[s3:c112, s14:c111, s2:c111], cId:5781, entries: [(t:1, i:113), STATEMACHINELOGENTRY, 5780@client-452A83570EEC]
2023-03-07 04:41:13,114 DEBUG server.RaftServer$Division (RaftServerImpl.java:logAppendEntries(1429)) - s2@group-3274576D874F: receive appendEntries(s3, 1, (t:1, i:112), 112, true, commits:[s3:c112, s14:c111, s2:c111], cId:5782, entries: [(t:1, i:113), STATEMACHINELOGENTRY, 5780@client-452A83570EEC]
2023-03-07 04:41:13,114 DEBUG server.RaftServer$Division (RaftServerImpl.java:logAppendEntries(1429)) - s14@group-3274576D874F: succeeded to handle AppendEntries. Reply: s3<-s14#5781:OK-t1,SUCCESS,nextIndex=114,followerCommit=112,matchIndex=113
2023-03-07 04:41:13,114 INFO  statemachine.StateMachine (ArithmeticStateMachine.java:applyTransaction(182)) - LEADER:s3-113: c = √(a^2 + b^2) = 1861
2023-03-07 04:41:13,114 DEBUG server.RaftServer$Division (RaftServerImpl.java:logAppendEntries(1429)) - s2@group-3274576D874F: succeeded to handle AppendEntries. Reply: s3<-s2#5782:OK-t1,SUCCESS,nextIndex=114,followerCommit=112,matchIndex=113
2023-03-07 04:41:13,115 DEBUG server.RaftServer$Division (RaftServerImpl.java:logAppendEntries(1429)) - s14@group-3274576D874F: receive appendEntries(s3, 1, (t:1, i:113), 113, true, commits:[s3:c113, s14:c112, s2:c111], cId:5783, entries: [(t:1, i:114), METADATAENTRY(c:113)]
2023-03-07 04:41:13,115 DEBUG server.RaftServer$Division (RaftServerImpl.java:logAppendEntries(1429)) - s2@group-3274576D874F: receive appendEntries(s3, 1, (t:1, i:113), 113, true, commits:[s3:c113, s14:c112, s2:c112], cId:5784, entries: [(t:1, i:114), METADATAENTRY(c:113)]
2023-03-07 04:41:13,115 DEBUG server.RaftServer$Division (RaftServerImpl.java:logAppendEntries(1429)) - s14@group-3274576D874F: succeeded to handle AppendEntries. Reply: s3<-s14#5783:OK-t1,SUCCESS,nextIndex=115,followerCommit=113,matchIndex=114
2023-03-07 04:41:13,115 DEBUG server.RaftServer$Division (RaftServerImpl.java:logAppendEntries(1429)) - s2@group-3274576D874F: succeeded to handle AppendEntries. Reply: s3<-s2#5784:OK-t1,SUCCESS,nextIndex=115,followerCommit=113,matchIndex=114
2023-03-07 04:41:13,115 DEBUG server.RaftServer$Division (RaftServerImpl.java:submitClientRequestAsync(832)) - s3@group-3274576D874F: receive client request(RaftClientRequest:client-452A83570EEC->s3@group-3274576D874F, cid=5785, seq=0, RW, Message:01016100)
2023-03-07 04:41:13,116 DEBUG server.RaftServer$Division (LeaderStateImpl.java:addPendingRequest(474)) - s3@group-3274576D874F-LeaderStateImpl: addPendingRequest at RaftClientRequest:client-452A83570EEC->s3@group-3274576D874F, cid=5785, seq=0, RW, Message:01016100, entry=(t:1, i:115), STATEMACHINELOGENTRY, 5785@client-452A83570EEC
2023-03-07 04:41:13,116 DEBUG server.RaftServer$Division (RaftServerImpl.java:logAppendEntries(1429)) - s14@group-3274576D874F: receive appendEntries(s3, 1, (t:1, i:114), 114, true, commits:[s3:c114, s14:c113, s2:c113], cId:5786, entries: [(t:1, i:115), STATEMACHINELOGENTRY, 5785@client-452A83570EEC]
2023-03-07 04:41:13,116 DEBUG server.RaftServer$Division (RaftServerImpl.java:logAppendEntries(1429)) - s2@group-3274576D874F: receive appendEntries(s3, 1, (t:1, i:114), 114, true, commits:[s3:c114, s14:c113, s2:c113], cId:5787, entries: [(t:1, i:115), STATEMACHINELOGENTRY, 5785@client-452A83570EEC]
2023-03-07 04:41:13,117 DEBUG server.RaftServer$Division (RaftServerImpl.java:logAppendEntries(1429)) - s14@group-3274576D874F: succeeded to handle AppendEntries. Reply: s3<-s14#5786:OK-t1,SUCCESS,nextIndex=116,followerCommit=114,matchIndex=115
2023-03-07 04:41:13,117 DEBUG server.RaftServer$Division (RaftServerImpl.java:logAppendEntries(1429)) - s2@group-3274576D874F: succeeded to handle AppendEntries. Reply: s3<-s2#5787:OK-t1,SUCCESS,nextIndex=116,followerCommit=114,matchIndex=115
2023-03-07 04:41:13,117 INFO  statemachine.StateMachine (ArithmeticStateMachine.java:applyTransaction(182)) - LEADER:s3-115: a = null = null
2023-03-07 04:41:13,117 DEBUG server.RaftServer$Division (RaftServerImpl.java:logAppendEntries(1429)) - s2@group-3274576D874F: receive appendEntries(s3, 1, (t:1, i:115), 115, true, commits:[s3:c115, s14:c114, s2:c114], cId:5788, entries: [(t:1, i:116), METADATAENTRY(c:115)]
2023-03-07 04:41:13,117 DEBUG server.RaftServer$Division (RaftServerImpl.java:logAppendEntries(1429)) - s14@group-3274576D874F: receive appendEntries(s3, 1, (t:1, i:115), 115, true, commits:[s3:c115, s14:c114, s2:c114], cId:5789, entries: [(t:1, i:116), METADATAENTRY(c:115)]
2023-03-07 04:41:13,118 DEBUG server.RaftServer$Division (RaftServerImpl.java:logAppendEntries(1429)) - s14@group-3274576D874F: succeeded to handle AppendEntries. Reply: s3<-s14#5789:OK-t1,SUCCESS,nextIndex=117,followerCommit=115,matchIndex=116
2023-03-07 04:41:13,118 DEBUG server.RaftServer$Division (RaftServerImpl.java:logAppendEntries(1429)) - s2@group-3274576D874F: succeeded to handle AppendEntries. Reply: s3<-s2#5788:OK-t1,SUCCESS,nextIndex=117,followerCommit=115,matchIndex=116
2023-03-07 04:41:13,118 DEBUG server.RaftServer$Division (RaftServerImpl.java:submitClientRequestAsync(832)) - s3@group-3274576D874F: receive client request(RaftClientRequest:client-452A83570EEC->s3@group-3274576D874F, cid=5790, seq=0, RW, Message:01016200)
2023-03-07 04:41:13,119 DEBUG server.RaftServer$Division (LeaderStateImpl.java:addPendingRequest(474)) - s3@group-3274576D874F-LeaderStateImpl: addPendingRequest at RaftClientRequest:client-452A83570EEC->s3@group-3274576D874F, cid=5790, seq=0, RW, Message:01016200, entry=(t:1, i:117), STATEMACHINELOGENTRY, 5790@client-452A83570EEC
2023-03-07 04:41:13,119 DEBUG server.RaftServer$Division (RaftServerImpl.java:logAppendEntries(1429)) - s14@group-3274576D874F: receive appendEntries(s3, 1, (t:1, i:116), 116, true, commits:[s3:c116, s14:c115, s2:c115], cId:5791, entries: [(t:1, i:117), STATEMACHINELOGENTRY, 5790@client-452A83570EEC]
2023-03-07 04:41:13,119 DEBUG server.RaftServer$Division (RaftServerImpl.java:logAppendEntries(1429)) - s14@group-3274576D874F: succeeded to handle AppendEntries. Reply: s3<-s14#5791:OK-t1,SUCCESS,nextIndex=118,followerCommit=116,matchIndex=117
2023-03-07 04:41:13,119 DEBUG server.RaftServer$Division (RaftServerImpl.java:logAppendEntries(1429)) - s2@group-3274576D874F: receive appendEntries(s3, 1, (t:1, i:116), 116, true, commits:[s3:c116, s14:c115, s2:c115], cId:5792, entries: [(t:1, i:117), STATEMACHINELOGENTRY, 5790@client-452A83570EEC]
2023-03-07 04:41:13,119 INFO  statemachine.StateMachine (ArithmeticStateMachine.java:applyTransaction(182)) - LEADER:s3-117: b = null = null
2023-03-07 04:41:13,120 DEBUG server.RaftServer$Division (RaftServerImpl.java:logAppendEntries(1429)) - s2@group-3274576D874F: succeeded to handle AppendEntries. Reply: s3<-s2#5792:OK-t1,SUCCESS,nextIndex=118,followerCommit=116,matchIndex=117
2023-03-07 04:41:13,120 DEBUG server.RaftServer$Division (RaftServerImpl.java:logAppendEntries(1429)) - s14@group-3274576D874F: receive appendEntries(s3, 1, (t:1, i:117), 117, true, commits:[s3:c117, s14:c116, s2:c115], cId:5793, entries: [(t:1, i:118), METADATAENTRY(c:117)]
2023-03-07 04:41:13,120 DEBUG server.RaftServer$Division (RaftServerImpl.java:logAppendEntries(1429)) - s2@group-3274576D874F: receive appendEntries(s3, 1, (t:1, i:117), 117, true, commits:[s3:c117, s14:c116, s2:c116], cId:5794, entries: [(t:1, i:118), METADATAENTRY(c:117)]
2023-03-07 04:41:13,120 DEBUG server.RaftServer$Division (RaftServerImpl.java:logAppendEntries(1429)) - s14@group-3274576D874F: succeeded to handle AppendEntries. Reply: s3<-s14#5793:OK-t1,SUCCESS,nextIndex=119,followerCommit=117,matchIndex=118
2023-03-07 04:41:13,120 DEBUG server.RaftServer$Division (RaftServerImpl.java:logAppendEntries(1429)) - s2@group-3274576D874F: succeeded to handle AppendEntries. Reply: s3<-s2#5794:OK-t1,SUCCESS,nextIndex=119,followerCommit=117,matchIndex=118
2023-03-07 04:41:13,121 DEBUG server.RaftServer$Division (RaftServerImpl.java:submitClientRequestAsync(832)) - s3@group-3274576D874F: receive client request(RaftClientRequest:client-452A83570EEC->s3@group-3274576D874F, cid=5795, seq=0, RW, Message:01016300)
2023-03-07 04:41:13,121 DEBUG server.RaftServer$Division (LeaderStateImpl.java:addPendingRequest(474)) - s3@group-3274576D874F-LeaderStateImpl: addPendingRequest at RaftClientRequest:client-452A83570EEC->s3@group-3274576D874F, cid=5795, seq=0, RW, Message:01016300, entry=(t:1, i:119), STATEMACHINELOGENTRY, 5795@client-452A83570EEC
2023-03-07 04:41:13,121 DEBUG server.RaftServer$Division (RaftServerImpl.java:logAppendEntries(1429)) - s14@group-3274576D874F: receive appendEntries(s3, 1, (t:1, i:118), 118, true, commits:[s3:c118, s14:c117, s2:c117], cId:5796, entries: [(t:1, i:119), STATEMACHINELOGENTRY, 5795@client-452A83570EEC]
2023-03-07 04:41:13,122 DEBUG server.RaftServer$Division (RaftServerImpl.java:logAppendEntries(1429)) - s14@group-3274576D874F: succeeded to handle AppendEntries. Reply: s3<-s14#5796:OK-t1,SUCCESS,nextIndex=120,followerCommit=118,matchIndex=119
2023-03-07 04:41:13,122 DEBUG server.RaftServer$Division (RaftServerImpl.java:logAppendEntries(1429)) - s2@group-3274576D874F: receive appendEntries(s3, 1, (t:1, i:118), 118, true, commits:[s3:c118, s14:c117, s2:c117], cId:5797, entries: [(t:1, i:119), STATEMACHINELOGENTRY, 5795@client-452A83570EEC]
2023-03-07 04:41:13,122 INFO  statemachine.StateMachine (ArithmeticStateMachine.java:applyTransaction(182)) - LEADER:s3-119: c = null = null
2023-03-07 04:41:13,122 DEBUG server.RaftServer$Division (RaftServerImpl.java:logAppendEntries(1429)) - s2@group-3274576D874F: succeeded to handle AppendEntries. Reply: s3<-s2#5797:OK-t1,SUCCESS,nextIndex=120,followerCommit=118,matchIndex=119
2023-03-07 04:41:13,122 DEBUG server.RaftServer$Division (RaftServerImpl.java:logAppendEntries(1429)) - s14@group-3274576D874F: receive appendEntries(s3, 1, (t:1, i:119), 119, true, commits:[s3:c119, s14:c118, s2:c117], cId:5798, entries: [(t:1, i:120), METADATAENTRY(c:119)]
2023-03-07 04:41:13,122 DEBUG server.RaftServer$Division (RaftServerImpl.java:logAppendEntries(1429)) - s2@group-3274576D874F: receive appendEntries(s3, 1, (t:1, i:119), 119, true, commits:[s3:c119, s14:c118, s2:c118], cId:5799, entries: [(t:1, i:120), METADATAENTRY(c:119)]
2023-03-07 04:41:13,123 DEBUG server.RaftServer$Division (RaftServerImpl.java:logAppendEntries(1429)) - s14@group-3274576D874F: succeeded to handle AppendEntries. Reply: s3<-s14#5798:OK-t1,SUCCESS,nextIndex=121,followerCommit=119,matchIndex=120
2023-03-07 04:41:13,123 DEBUG server.RaftServer$Division (RaftServerImpl.java:logAppendEntries(1429)) - s2@group-3274576D874F: succeeded to handle AppendEntries. Reply: s3<-s2#5799:OK-t1,SUCCESS,nextIndex=121,followerCommit=119,matchIndex=120
2023-03-07 04:41:13,136 INFO  impl.GroupManagementBaseTest (GroupManagementBaseTest.java:runMultiGroupTest(281)) - 3) starting group-7D579A2BF85B:[s4|rpc:0.0.0.0:34427|priority:0|startupRole:FOLLOWER, s5|rpc:0.0.0.0:35843|priority:0|startupRole:FOLLOWER, s6|rpc:0.0.0.0:43509|priority:0|startupRole:FOLLOWER]
2023-03-07 04:41:13,138 INFO  logging.LoggingHandler (AbstractInternalLogger.java:log(148)) - [id: 0x93522211, L:/0.0.0.0:34427] READ: [id: 0xbb50f502, L:/10.1.0.7:34427 - R:/10.1.0.7:56616]
2023-03-07 04:41:13,138 INFO  logging.LoggingHandler (AbstractInternalLogger.java:log(148)) - [id: 0x93522211, L:/0.0.0.0:34427] READ COMPLETE
2023-03-07 04:41:13,139 INFO  server.RaftServer$Division (RaftServerImpl.java:<init>(198)) - s4: new RaftServerImpl for group-7D579A2BF85B:[s4|rpc:0.0.0.0:34427|dataStream:|priority:0|startupRole:FOLLOWER, s5|rpc:0.0.0.0:35843|dataStream:|priority:0|startupRole:FOLLOWER, s6|rpc:0.0.0.0:43509|dataStream:|priority:0|startupRole:FOLLOWER] with ArithmeticStateMachine:uninitialized
2023-03-07 04:41:13,139 INFO  server.RaftServerConfigKeys (ConfUtils.java:logGet(46)) - raft.server.rpc.timeout.min = 300ms (custom)
2023-03-07 04:41:13,139 INFO  server.RaftServerConfigKeys (ConfUtils.java:logGet(46)) - raft.server.rpc.timeout.max = 600ms (custom)
2023-03-07 04:41:13,139 INFO  server.RaftServerConfigKeys (ConfUtils.java:logGet(46)) - raft.server.rpc.sleep.time = 25ms (default)
2023-03-07 04:41:13,140 INFO  server.RaftServerConfigKeys (ConfUtils.java:logGet(46)) - raft.server.rpc.slowness.timeout = 60s (default)
2023-03-07 04:41:13,140 INFO  server.RaftServerConfigKeys (ConfUtils.java:logGet(46)) - raft.server.leaderelection.leader.step-down.wait-time = 10s (default)
2023-03-07 04:41:13,140 INFO  server.RaftServerConfigKeys (ConfUtils.java:logGet(46)) - raft.server.sleep.deviation.threshold = 300ms (default)
2023-03-07 04:41:13,140 INFO  server.RaftServer$Division (ServerState.java:<init>(113)) - s4@group-7D579A2BF85B: ConfigurationManager, init=-1: peers:[s4|rpc:0.0.0.0:34427|dataStream:|priority:0|startupRole:FOLLOWER, s5|rpc:0.0.0.0:35843|dataStream:|priority:0|startupRole:FOLLOWER, s6|rpc:0.0.0.0:43509|dataStream:|priority:0|startupRole:FOLLOWER]|listeners:[], old=null, confs=<EMPTY_MAP>
2023-03-07 04:41:13,140 INFO  server.RaftServerConfigKeys (ConfUtils.java:logGet(46)) - raft.server.notification.no-leader.timeout = 60s (default)
2023-03-07 04:41:13,140 INFO  server.RaftServerConfigKeys (ConfUtils.java:logGet(46)) - raft.server.read.timeout = 10s (default)
2023-03-07 04:41:13,140 INFO  server.RaftServerConfigKeys (ConfUtils.java:logGet(46)) - raft.server.retrycache.expirytime = 60s (default)
2023-03-07 04:41:13,140 INFO  server.RaftServerConfigKeys (ConfUtils.java:logGet(46)) - raft.server.retrycache.statistics.expirytime = 100μs (default)
2023-03-07 04:41:13,140 INFO  server.RaftServerConfigKeys (ConfUtils.java:logGet(46)) - raft.server.read.option = DEFAULT (default)
2023-03-07 04:41:13,141 INFO  server.RaftServerConfigKeys (ConfUtils.java:logGet(46)) - raft.server.log.appender.install.snapshot.enabled = true (default)
2023-03-07 04:41:13,141 INFO  server.RaftServerConfigKeys (ConfUtils.java:logGet(46)) - raft.server.threadpool.server.cached = true (default)
2023-03-07 04:41:13,141 INFO  server.RaftServerConfigKeys (ConfUtils.java:logGet(46)) - raft.server.threadpool.server.size = 0 (default)
2023-03-07 04:41:13,141 INFO  server.RaftServerConfigKeys (ConfUtils.java:logGet(46)) - raft.server.threadpool.client.cached = true (default)
2023-03-07 04:41:13,141 INFO  server.RaftServerConfigKeys (ConfUtils.java:logGet(46)) - raft.server.threadpool.client.size = 0 (default)
2023-03-07 04:41:13,141 INFO  server.RaftServer (RaftServerProxy.java:addNew(99)) - s4: addNew group-7D579A2BF85B:[s4|rpc:0.0.0.0:34427|dataStream:|priority:0|startupRole:FOLLOWER, s5|rpc:0.0.0.0:35843|dataStream:|priority:0|startupRole:FOLLOWER, s6|rpc:0.0.0.0:43509|dataStream:|priority:0|startupRole:FOLLOWER] returns      null s4@group-7D579A2BF85B:t0, leader=null, voted=null, raftlog=UNINITIALIZED, conf=-1: peers:[s4|rpc:0.0.0.0:34427|dataStream:|priority:0|startupRole:FOLLOWER, s5|rpc:0.0.0.0:35843|dataStream:|priority:0|startupRole:FOLLOWER, s6|rpc:0.0.0.0:43509|dataStream:|priority:0|startupRole:FOLLOWER]|listeners:[], old=null NEW
2023-03-07 04:41:13,141 INFO  server.RaftServerConfigKeys (ConfUtils.java:logGet(46)) - raft.server.storage.free-space.min = 0MB (=0) (default)
2023-03-07 04:41:13,141 INFO  server.RaftServerConfigKeys (ConfUtils.java:logGet(46)) - raft.server.log.corruption.policy = EXCEPTION (default)
2023-03-07 04:41:13,141 INFO  server.RaftServerConfigKeys (ConfUtils.java:logGet(46)) - raft.server.storage.dir = [/home/runner/work/ratis/ratis/ratis-examples/target/test/data/fa33b8e4/MiniRaftClusterWithNettye7083e71/s4] (custom)
2023-03-07 04:41:13,142 INFO  storage.RaftStorageDirectory (RaftStorageDirectoryImpl.java:analyzeStorage(138)) - The storage directory /home/runner/work/ratis/ratis/ratis-examples/target/test/data/fa33b8e4/MiniRaftClusterWithNettye7083e71/s4/d71204c1-a244-49f4-9ea2-7d579a2bf85b does not exist. Creating ...
2023-03-07 04:41:13,142 TRACE util.FileUtils (LogUtils.java:runAndLog(49)) - Successfully ran Files.createDirectories /home/runner/work/ratis/ratis/ratis-examples/target/test/data/fa33b8e4/MiniRaftClusterWithNettye7083e71/s4/d71204c1-a244-49f4-9ea2-7d579a2bf85b
2023-03-07 04:41:13,144 INFO  storage.RaftStorageDirectory (RaftStorageDirectoryImpl.java:tryLock(232)) - Lock on /home/runner/work/ratis/ratis/ratis-examples/target/test/data/fa33b8e4/MiniRaftClusterWithNettye7083e71/s4/d71204c1-a244-49f4-9ea2-7d579a2bf85b/in_use.lock acquired by nodename 15875@fv-az983-448
2023-03-07 04:41:13,144 TRACE util.FileUtils (LogUtils.java:runAndLog(49)) - Successfully ran Files.createDirectories /home/runner/work/ratis/ratis/ratis-examples/target/test/data/fa33b8e4/MiniRaftClusterWithNettye7083e71/s4/d71204c1-a244-49f4-9ea2-7d579a2bf85b/current
2023-03-07 04:41:13,144 TRACE util.FileUtils (LogUtils.java:runAndLog(49)) - Successfully ran Files.createDirectories /home/runner/work/ratis/ratis/ratis-examples/target/test/data/fa33b8e4/MiniRaftClusterWithNettye7083e71/s4/d71204c1-a244-49f4-9ea2-7d579a2bf85b/sm
2023-03-07 04:41:13,145 INFO  storage.RaftStorage (RaftStorageImpl.java:format(96)) - Storage directory /home/runner/work/ratis/ratis/ratis-examples/target/test/data/fa33b8e4/MiniRaftClusterWithNettye7083e71/s4/d71204c1-a244-49f4-9ea2-7d579a2bf85b has been successfully formatted.
2023-03-07 04:41:13,145 WARN  statemachine.StateMachine (ArithmeticStateMachine.java:loadSnapshot(116)) - The snapshot info is null.
2023-03-07 04:41:13,145 INFO  server.RaftServerConfigKeys (ConfUtils.java:logGet(46)) - raft.server.log.use.memory = false (default)
2023-03-07 04:41:13,146 INFO  server.RaftServerConfigKeys (ConfUtils.java:logGet(46)) - raft.server.log.purge.gap = 1024 (default)
2023-03-07 04:41:13,146 INFO  server.RaftServerConfigKeys (ConfUtils.java:logGet(46)) - raft.server.log.appender.buffer.byte-limit = 4MB (=4194304) (default)
2023-03-07 04:41:13,146 INFO  server.RaftServerConfigKeys (ConfUtils.java:logGet(46)) - raft.server.log.statemachine.data.read.timeout = 1000ms (default)
2023-03-07 04:41:13,146 INFO  server.RaftServerConfigKeys (ConfUtils.java:logGet(46)) - raft.server.log.purge.preservation.log.num = 0 (default)
2023-03-07 04:41:13,146 INFO  server.RaftServerConfigKeys (ConfUtils.java:logGet(46)) - raft.server.log.segment.size.max = 8MB (=8388608) (default)
2023-03-07 04:41:13,146 INFO  server.RaftServerConfigKeys (ConfUtils.java:logGet(46)) - raft.server.log.segment.cache.num.max = 6 (default)
2023-03-07 04:41:13,146 INFO  server.RaftServerConfigKeys (ConfUtils.java:logGet(46)) - raft.server.log.segment.cache.size.max = 200MB (=209715200) (default)
2023-03-07 04:41:13,147 INFO  server.RaftServerConfigKeys (ConfUtils.java:logGet(46)) - raft.server.log.appender.buffer.byte-limit = 4MB (=4194304) (default)
2023-03-07 04:41:13,147 INFO  segmented.SegmentedRaftLogWorker (SegmentedRaftLogWorker.java:<init>(183)) - new s4@group-7D579A2BF85B-SegmentedRaftLogWorker for RaftStorageImpl:Storage Directory /home/runner/work/ratis/ratis/ratis-examples/target/test/data/fa33b8e4/MiniRaftClusterWithNettye7083e71/s4/d71204c1-a244-49f4-9ea2-7d579a2bf85b
2023-03-07 04:41:13,147 INFO  server.RaftServerConfigKeys (ConfUtils.java:logGet(46)) - raft.server.log.queue.byte-limit = 64MB (=67108864) (default)
2023-03-07 04:41:13,147 INFO  server.RaftServerConfigKeys (ConfUtils.java:logGet(46)) - raft.server.log.queue.element-limit = 4096 (default)
2023-03-07 04:41:13,147 INFO  server.RaftServerConfigKeys (ConfUtils.java:logGet(46)) - raft.server.log.segment.size.max = 8MB (=8388608) (default)
2023-03-07 04:41:13,147 INFO  server.RaftServerConfigKeys (ConfUtils.java:logGet(46)) - raft.server.log.preallocated.size = 4MB (=4194304) (default)
2023-03-07 04:41:13,147 INFO  server.RaftServerConfigKeys (ConfUtils.java:logGet(46)) - raft.server.log.force.sync.num = 128 (default)
2023-03-07 04:41:13,147 INFO  server.RaftServerConfigKeys (ConfUtils.java:logGet(46)) - raft.server.log.statemachine.data.sync = true (default)
2023-03-07 04:41:13,147 INFO  server.RaftServerConfigKeys (ConfUtils.java:logGet(46)) - raft.server.log.statemachine.data.sync.timeout = 10s (default)
2023-03-07 04:41:13,147 INFO  server.RaftServerConfigKeys (ConfUtils.java:logGet(46)) - raft.server.log.statemachine.data.sync.timeout.retry = -1 (default)
2023-03-07 04:41:13,147 INFO  server.RaftServerConfigKeys (ConfUtils.java:logGet(46)) - raft.server.log.write.buffer.size = 64KB (=65536) (default)
2023-03-07 04:41:13,147 INFO  server.RaftServerConfigKeys (ConfUtils.java:logGet(46)) - raft.server.log.appender.buffer.byte-limit = 4MB (=4194304) (default)
2023-03-07 04:41:13,151 INFO  server.RaftServerConfigKeys (ConfUtils.java:logGet(46)) - raft.server.log.unsafe-flush.enabled = false (default)
2023-03-07 04:41:13,151 INFO  server.RaftServerConfigKeys (ConfUtils.java:logGet(46)) - raft.server.log.async-flush.enabled = false (default)
2023-03-07 04:41:13,151 INFO  server.RaftServerConfigKeys (ConfUtils.java:logGet(46)) - raft.server.log.statemachine.data.caching.enabled = false (default)
2023-03-07 04:41:13,151 INFO  segmented.SegmentedRaftLogWorker (SegmentedRaftLogWorker.java:lambda$new$0(134)) - s4@group-7D579A2BF85B-SegmentedRaftLogWorker: flushIndex: setUnconditionally 0 -> -1
2023-03-07 04:41:13,151 INFO  segmented.SegmentedRaftLogWorker (SegmentedRaftLogWorker.java:lambda$new$0(134)) - s4@group-7D579A2BF85B-SegmentedRaftLogWorker: safeCacheEvictIndex: setUnconditionally 0 -> -1
2023-03-07 04:41:13,152 INFO  server.RaftServer$Division (RaftServerImpl.java:start(342)) - s4@group-7D579A2BF85B: start as a follower, conf=-1: peers:[s4|rpc:0.0.0.0:34427|dataStream:|priority:0|startupRole:FOLLOWER, s5|rpc:0.0.0.0:35843|dataStream:|priority:0|startupRole:FOLLOWER, s6|rpc:0.0.0.0:43509|dataStream:|priority:0|startupRole:FOLLOWER]|listeners:[], old=null
2023-03-07 04:41:13,152 INFO  server.RaftServer$Division (RaftServerImpl.java:setRole(329)) - s4@group-7D579A2BF85B: changes role from      null to FOLLOWER at term 0 for startAsFollower
2023-03-07 04:41:13,152 INFO  impl.RoleInfo (RoleInfo.java:updateAndGet(139)) - s4: start s4@group-7D579A2BF85B-FollowerState
2023-03-07 04:41:13,152 INFO  util.JmxRegister (JmxRegister.java:tryRegister(44)) - Successfully registered JMX Bean with object name Ratis:service=RaftServer,group=group-7D579A2BF85B,id=s4
2023-03-07 04:41:13,152 INFO  server.RaftServerConfigKeys (ConfUtils.java:logGet(46)) - raft.server.snapshot.auto.trigger.enabled = false (default)
2023-03-07 04:41:13,152 INFO  server.RaftServerConfigKeys (ConfUtils.java:logGet(46)) - raft.server.snapshot.retention.file.num = -1 (default)
2023-03-07 04:41:13,152 INFO  server.RaftServerConfigKeys (ConfUtils.java:logGet(46)) - raft.server.log.purge.upto.snapshot.index = false (default)
2023-03-07 04:41:13,152 INFO  server.RaftServerConfigKeys (ConfUtils.java:logFallback(53)) - raft.server.rpc.first-election.timeout.min = 300ms (fallback to raft.server.rpc.timeout.min)
2023-03-07 04:41:13,152 INFO  server.RaftServerConfigKeys (ConfUtils.java:logFallback(53)) - raft.server.rpc.first-election.timeout.max = 600ms (fallback to raft.server.rpc.timeout.max)
2023-03-07 04:41:13,193 INFO  logging.LoggingHandler (AbstractInternalLogger.java:log(148)) - [id: 0xaf09a42a, L:/0.0.0.0:35843] READ: [id: 0x3a72506c, L:/10.1.0.7:35843 - R:/10.1.0.7:48934]
2023-03-07 04:41:13,198 INFO  logging.LoggingHandler (AbstractInternalLogger.java:log(148)) - [id: 0xaf09a42a, L:/0.0.0.0:35843] READ COMPLETE
2023-03-07 04:41:13,200 INFO  server.RaftServer (RaftServerProxy.java:addNew(99)) - s5: addNew group-7D579A2BF85B:[s4|rpc:0.0.0.0:34427|dataStream:|priority:0|startupRole:FOLLOWER, s5|rpc:0.0.0.0:35843|dataStream:|priority:0|startupRole:FOLLOWER, s6|rpc:0.0.0.0:43509|dataStream:|priority:0|startupRole:FOLLOWER] returns group-7D579A2BF85B:java.util.concurrent.CompletableFuture@e731e5a[Not completed]
2023-03-07 04:41:13,213 INFO  server.RaftServer$Division (RaftServerImpl.java:<init>(198)) - s5: new RaftServerImpl for group-7D579A2BF85B:[s4|rpc:0.0.0.0:34427|dataStream:|priority:0|startupRole:FOLLOWER, s5|rpc:0.0.0.0:35843|dataStream:|priority:0|startupRole:FOLLOWER, s6|rpc:0.0.0.0:43509|dataStream:|priority:0|startupRole:FOLLOWER] with ArithmeticStateMachine:uninitialized
2023-03-07 04:41:13,213 INFO  server.RaftServerConfigKeys (ConfUtils.java:logGet(46)) - raft.server.rpc.timeout.min = 300ms (custom)
2023-03-07 04:41:13,213 INFO  server.RaftServerConfigKeys (ConfUtils.java:logGet(46)) - raft.server.rpc.timeout.max = 600ms (custom)
2023-03-07 04:41:13,213 INFO  server.RaftServerConfigKeys (ConfUtils.java:logGet(46)) - raft.server.rpc.sleep.time = 25ms (default)
2023-03-07 04:41:13,213 INFO  server.RaftServerConfigKeys (ConfUtils.java:logGet(46)) - raft.server.rpc.slowness.timeout = 60s (default)
2023-03-07 04:41:13,213 INFO  server.RaftServerConfigKeys (ConfUtils.java:logGet(46)) - raft.server.leaderelection.leader.step-down.wait-time = 10s (default)
2023-03-07 04:41:13,213 INFO  server.RaftServerConfigKeys (ConfUtils.java:logGet(46)) - raft.server.sleep.deviation.threshold = 300ms (default)
2023-03-07 04:41:13,213 INFO  server.RaftServer$Division (ServerState.java:<init>(113)) - s5@group-7D579A2BF85B: ConfigurationManager, init=-1: peers:[s4|rpc:0.0.0.0:34427|dataStream:|priority:0|startupRole:FOLLOWER, s5|rpc:0.0.0.0:35843|dataStream:|priority:0|startupRole:FOLLOWER, s6|rpc:0.0.0.0:43509|dataStream:|priority:0|startupRole:FOLLOWER]|listeners:[], old=null, confs=<EMPTY_MAP>
2023-03-07 04:41:13,213 INFO  server.RaftServerConfigKeys (ConfUtils.java:logGet(46)) - raft.server.notification.no-leader.timeout = 60s (default)
2023-03-07 04:41:13,213 INFO  server.RaftServerConfigKeys (ConfUtils.java:logGet(46)) - raft.server.read.timeout = 10s (default)
2023-03-07 04:41:13,213 INFO  server.RaftServerConfigKeys (ConfUtils.java:logGet(46)) - raft.server.retrycache.expirytime = 60s (default)
2023-03-07 04:41:13,213 INFO  server.RaftServerConfigKeys (ConfUtils.java:logGet(46)) - raft.server.retrycache.statistics.expirytime = 100μs (default)
2023-03-07 04:41:13,213 INFO  server.RaftServerConfigKeys (ConfUtils.java:logGet(46)) - raft.server.read.option = DEFAULT (default)
2023-03-07 04:41:13,215 INFO  server.RaftServerConfigKeys (ConfUtils.java:logGet(46)) - raft.server.log.appender.install.snapshot.enabled = true (default)
2023-03-07 04:41:13,215 INFO  server.RaftServerConfigKeys (ConfUtils.java:logGet(46)) - raft.server.threadpool.server.cached = true (default)
2023-03-07 04:41:13,215 INFO  server.RaftServerConfigKeys (ConfUtils.java:logGet(46)) - raft.server.threadpool.server.size = 0 (default)
2023-03-07 04:41:13,215 INFO  server.RaftServerConfigKeys (ConfUtils.java:logGet(46)) - raft.server.threadpool.client.cached = true (default)
2023-03-07 04:41:13,215 INFO  server.RaftServerConfigKeys (ConfUtils.java:logGet(46)) - raft.server.threadpool.client.size = 0 (default)
2023-03-07 04:41:13,215 INFO  server.RaftServerConfigKeys (ConfUtils.java:logGet(46)) - raft.server.storage.free-space.min = 0MB (=0) (default)
2023-03-07 04:41:13,215 INFO  server.RaftServerConfigKeys (ConfUtils.java:logGet(46)) - raft.server.log.corruption.policy = EXCEPTION (default)
2023-03-07 04:41:13,215 INFO  server.RaftServerConfigKeys (ConfUtils.java:logGet(46)) - raft.server.storage.dir = [/home/runner/work/ratis/ratis/ratis-examples/target/test/data/fa33b8e4/MiniRaftClusterWithNettye7083e71/s5] (custom)
2023-03-07 04:41:13,215 INFO  storage.RaftStorageDirectory (RaftStorageDirectoryImpl.java:analyzeStorage(138)) - The storage directory /home/runner/work/ratis/ratis/ratis-examples/target/test/data/fa33b8e4/MiniRaftClusterWithNettye7083e71/s5/d71204c1-a244-49f4-9ea2-7d579a2bf85b does not exist. Creating ...
2023-03-07 04:41:13,215 TRACE util.FileUtils (LogUtils.java:runAndLog(49)) - Successfully ran Files.createDirectories /home/runner/work/ratis/ratis/ratis-examples/target/test/data/fa33b8e4/MiniRaftClusterWithNettye7083e71/s5/d71204c1-a244-49f4-9ea2-7d579a2bf85b
2023-03-07 04:41:13,217 INFO  storage.RaftStorageDirectory (RaftStorageDirectoryImpl.java:tryLock(232)) - Lock on /home/runner/work/ratis/ratis/ratis-examples/target/test/data/fa33b8e4/MiniRaftClusterWithNettye7083e71/s5/d71204c1-a244-49f4-9ea2-7d579a2bf85b/in_use.lock acquired by nodename 15875@fv-az983-448
2023-03-07 04:41:13,217 TRACE util.FileUtils (LogUtils.java:runAndLog(49)) - Successfully ran Files.createDirectories /home/runner/work/ratis/ratis/ratis-examples/target/test/data/fa33b8e4/MiniRaftClusterWithNettye7083e71/s5/d71204c1-a244-49f4-9ea2-7d579a2bf85b/current
2023-03-07 04:41:13,217 TRACE util.FileUtils (LogUtils.java:runAndLog(49)) - Successfully ran Files.createDirectories /home/runner/work/ratis/ratis/ratis-examples/target/test/data/fa33b8e4/MiniRaftClusterWithNettye7083e71/s5/d71204c1-a244-49f4-9ea2-7d579a2bf85b/sm
2023-03-07 04:41:13,218 INFO  storage.RaftStorage (RaftStorageImpl.java:format(96)) - Storage directory /home/runner/work/ratis/ratis/ratis-examples/target/test/data/fa33b8e4/MiniRaftClusterWithNettye7083e71/s5/d71204c1-a244-49f4-9ea2-7d579a2bf85b has been successfully formatted.
2023-03-07 04:41:13,218 WARN  statemachine.StateMachine (ArithmeticStateMachine.java:loadSnapshot(116)) - The snapshot info is null.
2023-03-07 04:41:13,218 INFO  server.RaftServerConfigKeys (ConfUtils.java:logGet(46)) - raft.server.log.use.memory = false (default)
2023-03-07 04:41:13,218 INFO  server.RaftServerConfigKeys (ConfUtils.java:logGet(46)) - raft.server.log.purge.gap = 1024 (default)
2023-03-07 04:41:13,218 INFO  server.RaftServerConfigKeys (ConfUtils.java:logGet(46)) - raft.server.log.appender.buffer.byte-limit = 4MB (=4194304) (default)
2023-03-07 04:41:13,218 INFO  server.RaftServerConfigKeys (ConfUtils.java:logGet(46)) - raft.server.log.statemachine.data.read.timeout = 1000ms (default)
2023-03-07 04:41:13,218 INFO  server.RaftServerConfigKeys (ConfUtils.java:logGet(46)) - raft.server.log.purge.preservation.log.num = 0 (default)
2023-03-07 04:41:13,219 INFO  server.RaftServerConfigKeys (ConfUtils.java:logGet(46)) - raft.server.log.segment.size.max = 8MB (=8388608) (default)
2023-03-07 04:41:13,219 INFO  server.RaftServerConfigKeys (ConfUtils.java:logGet(46)) - raft.server.log.segment.cache.num.max = 6 (default)
2023-03-07 04:41:13,219 INFO  server.RaftServerConfigKeys (ConfUtils.java:logGet(46)) - raft.server.log.segment.cache.size.max = 200MB (=209715200) (default)
2023-03-07 04:41:13,219 INFO  server.RaftServerConfigKeys (ConfUtils.java:logGet(46)) - raft.server.log.appender.buffer.byte-limit = 4MB (=4194304) (default)
2023-03-07 04:41:13,219 INFO  segmented.SegmentedRaftLogWorker (SegmentedRaftLogWorker.java:<init>(183)) - new s5@group-7D579A2BF85B-SegmentedRaftLogWorker for RaftStorageImpl:Storage Directory /home/runner/work/ratis/ratis/ratis-examples/target/test/data/fa33b8e4/MiniRaftClusterWithNettye7083e71/s5/d71204c1-a244-49f4-9ea2-7d579a2bf85b
2023-03-07 04:41:13,219 INFO  server.RaftServerConfigKeys (ConfUtils.java:logGet(46)) - raft.server.log.queue.byte-limit = 64MB (=67108864) (default)
2023-03-07 04:41:13,219 INFO  server.RaftServerConfigKeys (ConfUtils.java:logGet(46)) - raft.server.log.queue.element-limit = 4096 (default)
2023-03-07 04:41:13,219 INFO  server.RaftServerConfigKeys (ConfUtils.java:logGet(46)) - raft.server.log.segment.size.max = 8MB (=8388608) (default)
2023-03-07 04:41:13,219 INFO  server.RaftServerConfigKeys (ConfUtils.java:logGet(46)) - raft.server.log.preallocated.size = 4MB (=4194304) (default)
2023-03-07 04:41:13,219 INFO  server.RaftServerConfigKeys (ConfUtils.java:logGet(46)) - raft.server.log.force.sync.num = 128 (default)
2023-03-07 04:41:13,220 INFO  server.RaftServerConfigKeys (ConfUtils.java:logGet(46)) - raft.server.log.statemachine.data.sync = true (default)
2023-03-07 04:41:13,220 INFO  server.RaftServerConfigKeys (ConfUtils.java:logGet(46)) - raft.server.log.statemachine.data.sync.timeout = 10s (default)
2023-03-07 04:41:13,220 INFO  server.RaftServerConfigKeys (ConfUtils.java:logGet(46)) - raft.server.log.statemachine.data.sync.timeout.retry = -1 (default)
2023-03-07 04:41:13,220 INFO  server.RaftServerConfigKeys (ConfUtils.java:logGet(46)) - raft.server.log.write.buffer.size = 64KB (=65536) (default)
2023-03-07 04:41:13,220 INFO  server.RaftServerConfigKeys (ConfUtils.java:logGet(46)) - raft.server.log.appender.buffer.byte-limit = 4MB (=4194304) (default)
2023-03-07 04:41:13,220 INFO  server.RaftServerConfigKeys (ConfUtils.java:logGet(46)) - raft.server.log.unsafe-flush.enabled = false (default)
2023-03-07 04:41:13,220 INFO  server.RaftServerConfigKeys (ConfUtils.java:logGet(46)) - raft.server.log.async-flush.enabled = false (default)
2023-03-07 04:41:13,220 INFO  server.RaftServerConfigKeys (ConfUtils.java:logGet(46)) - raft.server.log.statemachine.data.caching.enabled = false (default)
2023-03-07 04:41:13,220 INFO  segmented.SegmentedRaftLogWorker (SegmentedRaftLogWorker.java:lambda$new$0(134)) - s5@group-7D579A2BF85B-SegmentedRaftLogWorker: flushIndex: setUnconditionally 0 -> -1
2023-03-07 04:41:13,221 INFO  segmented.SegmentedRaftLogWorker (SegmentedRaftLogWorker.java:lambda$new$0(134)) - s5@group-7D579A2BF85B-SegmentedRaftLogWorker: safeCacheEvictIndex: setUnconditionally 0 -> -1
2023-03-07 04:41:13,228 INFO  server.RaftServer$Division (RaftServerImpl.java:start(342)) - s5@group-7D579A2BF85B: start as a follower, conf=-1: peers:[s4|rpc:0.0.0.0:34427|dataStream:|priority:0|startupRole:FOLLOWER, s5|rpc:0.0.0.0:35843|dataStream:|priority:0|startupRole:FOLLOWER, s6|rpc:0.0.0.0:43509|dataStream:|priority:0|startupRole:FOLLOWER]|listeners:[], old=null
2023-03-07 04:41:13,228 INFO  server.RaftServer$Division (RaftServerImpl.java:setRole(329)) - s5@group-7D579A2BF85B: changes role from      null to FOLLOWER at term 0 for startAsFollower
2023-03-07 04:41:13,228 INFO  impl.RoleInfo (RoleInfo.java:updateAndGet(139)) - s5: start s5@group-7D579A2BF85B-FollowerState
2023-03-07 04:41:13,233 INFO  util.JmxRegister (JmxRegister.java:tryRegister(44)) - Successfully registered JMX Bean with object name Ratis:service=RaftServer,group=group-7D579A2BF85B,id=s5
2023-03-07 04:41:13,233 INFO  server.RaftServerConfigKeys (ConfUtils.java:logFallback(53)) - raft.server.rpc.first-election.timeout.min = 300ms (fallback to raft.server.rpc.timeout.min)
2023-03-07 04:41:13,233 INFO  server.RaftServerConfigKeys (ConfUtils.java:logFallback(53)) - raft.server.rpc.first-election.timeout.max = 600ms (fallback to raft.server.rpc.timeout.max)
2023-03-07 04:41:13,233 INFO  server.RaftServerConfigKeys (ConfUtils.java:logGet(46)) - raft.server.snapshot.auto.trigger.enabled = false (default)
2023-03-07 04:41:13,233 INFO  server.RaftServerConfigKeys (ConfUtils.java:logGet(46)) - raft.server.snapshot.retention.file.num = -1 (default)
2023-03-07 04:41:13,233 INFO  server.RaftServerConfigKeys (ConfUtils.java:logGet(46)) - raft.server.log.purge.upto.snapshot.index = false (default)
2023-03-07 04:41:13,249 INFO  logging.LoggingHandler (AbstractInternalLogger.java:log(148)) - [id: 0x331f7887, L:/0.0.0.0:43509] READ: [id: 0xce051e3b, L:/10.1.0.7:43509 - R:/10.1.0.7:37126]
2023-03-07 04:41:13,250 INFO  logging.LoggingHandler (AbstractInternalLogger.java:log(148)) - [id: 0x331f7887, L:/0.0.0.0:43509] READ COMPLETE
2023-03-07 04:41:13,251 INFO  server.RaftServer$Division (RaftServerImpl.java:<init>(198)) - s6: new RaftServerImpl for group-7D579A2BF85B:[s4|rpc:0.0.0.0:34427|dataStream:|priority:0|startupRole:FOLLOWER, s5|rpc:0.0.0.0:35843|dataStream:|priority:0|startupRole:FOLLOWER, s6|rpc:0.0.0.0:43509|dataStream:|priority:0|startupRole:FOLLOWER] with ArithmeticStateMachine:uninitialized
2023-03-07 04:41:13,251 INFO  server.RaftServerConfigKeys (ConfUtils.java:logGet(46)) - raft.server.rpc.timeout.min = 300ms (custom)
2023-03-07 04:41:13,251 INFO  server.RaftServerConfigKeys (ConfUtils.java:logGet(46)) - raft.server.rpc.timeout.max = 600ms (custom)
2023-03-07 04:41:13,251 INFO  server.RaftServerConfigKeys (ConfUtils.java:logGet(46)) - raft.server.rpc.sleep.time = 25ms (default)
2023-03-07 04:41:13,251 INFO  server.RaftServerConfigKeys (ConfUtils.java:logGet(46)) - raft.server.rpc.slowness.timeout = 60s (default)
2023-03-07 04:41:13,251 INFO  server.RaftServerConfigKeys (ConfUtils.java:logGet(46)) - raft.server.leaderelection.leader.step-down.wait-time = 10s (default)
2023-03-07 04:41:13,251 INFO  server.RaftServerConfigKeys (ConfUtils.java:logGet(46)) - raft.server.sleep.deviation.threshold = 300ms (default)
2023-03-07 04:41:13,251 INFO  server.RaftServer$Division (ServerState.java:<init>(113)) - s6@group-7D579A2BF85B: ConfigurationManager, init=-1: peers:[s4|rpc:0.0.0.0:34427|dataStream:|priority:0|startupRole:FOLLOWER, s5|rpc:0.0.0.0:35843|dataStream:|priority:0|startupRole:FOLLOWER, s6|rpc:0.0.0.0:43509|dataStream:|priority:0|startupRole:FOLLOWER]|listeners:[], old=null, confs=<EMPTY_MAP>
2023-03-07 04:41:13,251 INFO  server.RaftServerConfigKeys (ConfUtils.java:logGet(46)) - raft.server.notification.no-leader.timeout = 60s (default)
2023-03-07 04:41:13,251 INFO  server.RaftServerConfigKeys (ConfUtils.java:logGet(46)) - raft.server.read.timeout = 10s (default)
2023-03-07 04:41:13,251 INFO  server.RaftServerConfigKeys (ConfUtils.java:logGet(46)) - raft.server.retrycache.expirytime = 60s (default)
2023-03-07 04:41:13,251 INFO  server.RaftServerConfigKeys (ConfUtils.java:logGet(46)) - raft.server.retrycache.statistics.expirytime = 100μs (default)
2023-03-07 04:41:13,251 INFO  server.RaftServerConfigKeys (ConfUtils.java:logGet(46)) - raft.server.read.option = DEFAULT (default)
2023-03-07 04:41:13,252 INFO  server.RaftServerConfigKeys (ConfUtils.java:logGet(46)) - raft.server.log.appender.install.snapshot.enabled = true (default)
2023-03-07 04:41:13,252 INFO  server.RaftServerConfigKeys (ConfUtils.java:logGet(46)) - raft.server.threadpool.server.cached = true (default)
2023-03-07 04:41:13,252 INFO  server.RaftServerConfigKeys (ConfUtils.java:logGet(46)) - raft.server.threadpool.server.size = 0 (default)
2023-03-07 04:41:13,252 INFO  server.RaftServerConfigKeys (ConfUtils.java:logGet(46)) - raft.server.threadpool.client.cached = true (default)
2023-03-07 04:41:13,252 INFO  server.RaftServerConfigKeys (ConfUtils.java:logGet(46)) - raft.server.threadpool.client.size = 0 (default)
2023-03-07 04:41:13,252 INFO  server.RaftServer (RaftServerProxy.java:addNew(99)) - s6: addNew group-7D579A2BF85B:[s4|rpc:0.0.0.0:34427|dataStream:|priority:0|startupRole:FOLLOWER, s5|rpc:0.0.0.0:35843|dataStream:|priority:0|startupRole:FOLLOWER, s6|rpc:0.0.0.0:43509|dataStream:|priority:0|startupRole:FOLLOWER] returns      null s6@group-7D579A2BF85B:t0, leader=null, voted=null, raftlog=UNINITIALIZED, conf=-1: peers:[s4|rpc:0.0.0.0:34427|dataStream:|priority:0|startupRole:FOLLOWER, s5|rpc:0.0.0.0:35843|dataStream:|priority:0|startupRole:FOLLOWER, s6|rpc:0.0.0.0:43509|dataStream:|priority:0|startupRole:FOLLOWER]|listeners:[], old=null NEW
2023-03-07 04:41:13,253 INFO  server.RaftServerConfigKeys (ConfUtils.java:logGet(46)) - raft.server.storage.free-space.min = 0MB (=0) (default)
2023-03-07 04:41:13,253 INFO  server.RaftServerConfigKeys (ConfUtils.java:logGet(46)) - raft.server.log.corruption.policy = EXCEPTION (default)
2023-03-07 04:41:13,253 INFO  server.RaftServerConfigKeys (ConfUtils.java:logGet(46)) - raft.server.storage.dir = [/home/runner/work/ratis/ratis/ratis-examples/target/test/data/fa33b8e4/MiniRaftClusterWithNettye7083e71/s6] (custom)
2023-03-07 04:41:13,253 INFO  storage.RaftStorageDirectory (RaftStorageDirectoryImpl.java:analyzeStorage(138)) - The storage directory /home/runner/work/ratis/ratis/ratis-examples/target/test/data/fa33b8e4/MiniRaftClusterWithNettye7083e71/s6/d71204c1-a244-49f4-9ea2-7d579a2bf85b does not exist. Creating ...
2023-03-07 04:41:13,253 TRACE util.FileUtils (LogUtils.java:runAndLog(49)) - Successfully ran Files.createDirectories /home/runner/work/ratis/ratis/ratis-examples/target/test/data/fa33b8e4/MiniRaftClusterWithNettye7083e71/s6/d71204c1-a244-49f4-9ea2-7d579a2bf85b
2023-03-07 04:41:13,254 INFO  storage.RaftStorageDirectory (RaftStorageDirectoryImpl.java:tryLock(232)) - Lock on /home/runner/work/ratis/ratis/ratis-examples/target/test/data/fa33b8e4/MiniRaftClusterWithNettye7083e71/s6/d71204c1-a244-49f4-9ea2-7d579a2bf85b/in_use.lock acquired by nodename 15875@fv-az983-448
2023-03-07 04:41:13,254 TRACE util.FileUtils (LogUtils.java:runAndLog(49)) - Successfully ran Files.createDirectories /home/runner/work/ratis/ratis/ratis-examples/target/test/data/fa33b8e4/MiniRaftClusterWithNettye7083e71/s6/d71204c1-a244-49f4-9ea2-7d579a2bf85b/current
2023-03-07 04:41:13,254 TRACE util.FileUtils (LogUtils.java:runAndLog(49)) - Successfully ran Files.createDirectories /home/runner/work/ratis/ratis/ratis-examples/target/test/data/fa33b8e4/MiniRaftClusterWithNettye7083e71/s6/d71204c1-a244-49f4-9ea2-7d579a2bf85b/sm
2023-03-07 04:41:13,255 INFO  storage.RaftStorage (RaftStorageImpl.java:format(96)) - Storage directory /home/runner/work/ratis/ratis/ratis-examples/target/test/data/fa33b8e4/MiniRaftClusterWithNettye7083e71/s6/d71204c1-a244-49f4-9ea2-7d579a2bf85b has been successfully formatted.
2023-03-07 04:41:13,255 WARN  statemachine.StateMachine (ArithmeticStateMachine.java:loadSnapshot(116)) - The snapshot info is null.
2023-03-07 04:41:13,255 INFO  server.RaftServerConfigKeys (ConfUtils.java:logGet(46)) - raft.server.log.use.memory = false (default)
2023-03-07 04:41:13,255 INFO  server.RaftServerConfigKeys (ConfUtils.java:logGet(46)) - raft.server.log.purge.gap = 1024 (default)
2023-03-07 04:41:13,255 INFO  server.RaftServerConfigKeys (ConfUtils.java:logGet(46)) - raft.server.log.appender.buffer.byte-limit = 4MB (=4194304) (default)
2023-03-07 04:41:13,255 INFO  server.RaftServerConfigKeys (ConfUtils.java:logGet(46)) - raft.server.log.statemachine.data.read.timeout = 1000ms (default)
2023-03-07 04:41:13,255 INFO  server.RaftServerConfigKeys (ConfUtils.java:logGet(46)) - raft.server.log.purge.preservation.log.num = 0 (default)
2023-03-07 04:41:13,256 INFO  server.RaftServerConfigKeys (ConfUtils.java:logGet(46)) - raft.server.log.segment.size.max = 8MB (=8388608) (default)
2023-03-07 04:41:13,256 INFO  server.RaftServerConfigKeys (ConfUtils.java:logGet(46)) - raft.server.log.segment.cache.num.max = 6 (default)
2023-03-07 04:41:13,256 INFO  server.RaftServerConfigKeys (ConfUtils.java:logGet(46)) - raft.server.log.segment.cache.size.max = 200MB (=209715200) (default)
2023-03-07 04:41:13,256 INFO  server.RaftServerConfigKeys (ConfUtils.java:logGet(46)) - raft.server.log.appender.buffer.byte-limit = 4MB (=4194304) (default)
2023-03-07 04:41:13,256 INFO  segmented.SegmentedRaftLogWorker (SegmentedRaftLogWorker.java:<init>(183)) - new s6@group-7D579A2BF85B-SegmentedRaftLogWorker for RaftStorageImpl:Storage Directory /home/runner/work/ratis/ratis/ratis-examples/target/test/data/fa33b8e4/MiniRaftClusterWithNettye7083e71/s6/d71204c1-a244-49f4-9ea2-7d579a2bf85b
2023-03-07 04:41:13,256 INFO  server.RaftServerConfigKeys (ConfUtils.java:logGet(46)) - raft.server.log.queue.byte-limit = 64MB (=67108864) (default)
2023-03-07 04:41:13,256 INFO  server.RaftServerConfigKeys (ConfUtils.java:logGet(46)) - raft.server.log.queue.element-limit = 4096 (default)
2023-03-07 04:41:13,256 INFO  server.RaftServerConfigKeys (ConfUtils.java:logGet(46)) - raft.server.log.segment.size.max = 8MB (=8388608) (default)
2023-03-07 04:41:13,256 INFO  server.RaftServerConfigKeys (ConfUtils.java:logGet(46)) - raft.server.log.preallocated.size = 4MB (=4194304) (default)
2023-03-07 04:41:13,256 INFO  server.RaftServerConfigKeys (ConfUtils.java:logGet(46)) - raft.server.log.force.sync.num = 128 (default)
2023-03-07 04:41:13,256 INFO  server.RaftServerConfigKeys (ConfUtils.java:logGet(46)) - raft.server.log.statemachine.data.sync = true (default)
2023-03-07 04:41:13,256 INFO  server.RaftServerConfigKeys (ConfUtils.java:logGet(46)) - raft.server.log.statemachine.data.sync.timeout = 10s (default)
2023-03-07 04:41:13,256 INFO  server.RaftServerConfigKeys (ConfUtils.java:logGet(46)) - raft.server.log.statemachine.data.sync.timeout.retry = -1 (default)
2023-03-07 04:41:13,256 INFO  server.RaftServerConfigKeys (ConfUtils.java:logGet(46)) - raft.server.log.write.buffer.size = 64KB (=65536) (default)
2023-03-07 04:41:13,257 INFO  server.RaftServerConfigKeys (ConfUtils.java:logGet(46)) - raft.server.log.appender.buffer.byte-limit = 4MB (=4194304) (default)
2023-03-07 04:41:13,271 INFO  server.RaftServerConfigKeys (ConfUtils.java:logGet(46)) - raft.server.log.unsafe-flush.enabled = false (default)
2023-03-07 04:41:13,271 INFO  server.RaftServerConfigKeys (ConfUtils.java:logGet(46)) - raft.server.log.async-flush.enabled = false (default)
2023-03-07 04:41:13,271 INFO  server.RaftServerConfigKeys (ConfUtils.java:logGet(46)) - raft.server.log.statemachine.data.caching.enabled = false (default)
2023-03-07 04:41:13,272 INFO  segmented.SegmentedRaftLogWorker (SegmentedRaftLogWorker.java:lambda$new$0(134)) - s6@group-7D579A2BF85B-SegmentedRaftLogWorker: flushIndex: setUnconditionally 0 -> -1
2023-03-07 04:41:13,272 INFO  segmented.SegmentedRaftLogWorker (SegmentedRaftLogWorker.java:lambda$new$0(134)) - s6@group-7D579A2BF85B-SegmentedRaftLogWorker: safeCacheEvictIndex: setUnconditionally 0 -> -1
2023-03-07 04:41:13,284 INFO  server.RaftServer$Division (RaftServerImpl.java:start(342)) - s6@group-7D579A2BF85B: start as a follower, conf=-1: peers:[s4|rpc:0.0.0.0:34427|dataStream:|priority:0|startupRole:FOLLOWER, s5|rpc:0.0.0.0:35843|dataStream:|priority:0|startupRole:FOLLOWER, s6|rpc:0.0.0.0:43509|dataStream:|priority:0|startupRole:FOLLOWER]|listeners:[], old=null
2023-03-07 04:41:13,284 INFO  server.RaftServer$Division (RaftServerImpl.java:setRole(329)) - s6@group-7D579A2BF85B: changes role from      null to FOLLOWER at term 0 for startAsFollower
2023-03-07 04:41:13,284 INFO  impl.RoleInfo (RoleInfo.java:updateAndGet(139)) - s6: start s6@group-7D579A2BF85B-FollowerState
2023-03-07 04:41:13,287 INFO  util.JmxRegister (JmxRegister.java:tryRegister(44)) - Successfully registered JMX Bean with object name Ratis:service=RaftServer,group=group-7D579A2BF85B,id=s6
2023-03-07 04:41:13,287 INFO  server.RaftServerConfigKeys (ConfUtils.java:logGet(46)) - raft.server.snapshot.auto.trigger.enabled = false (default)
2023-03-07 04:41:13,287 INFO  server.RaftServerConfigKeys (ConfUtils.java:logGet(46)) - raft.server.snapshot.retention.file.num = -1 (default)
2023-03-07 04:41:13,287 INFO  server.RaftServerConfigKeys (ConfUtils.java:logGet(46)) - raft.server.log.purge.upto.snapshot.index = false (default)
2023-03-07 04:41:13,288 INFO  server.RaftServerConfigKeys (ConfUtils.java:logFallback(53)) - raft.server.rpc.first-election.timeout.min = 300ms (fallback to raft.server.rpc.timeout.min)
2023-03-07 04:41:13,288 INFO  server.RaftServerConfigKeys (ConfUtils.java:logFallback(53)) - raft.server.rpc.first-election.timeout.max = 600ms (fallback to raft.server.rpc.timeout.max)
2023-03-07 04:41:13,301 INFO  server.RaftServerConfigKeys (ConfUtils.java:logGet(46)) - raft.server.rpc.timeout.max = 600ms (custom)
2023-03-07 04:41:13,301 INFO  ratis.RaftTestUtil (RaftTestUtil.java:waitForLeader(100)) - printing group-7D579A2BF85B
  s4:  RUNNING [
   FOLLOWER s4@group-7D579A2BF85B:t0, leader=null, voted=, raftlog=Memoized:s4@group-7D579A2BF85B-SegmentedRaftLog:OPENED:c-1, conf=-1: peers:[s4|rpc:0.0.0.0:34427|dataStream:|priority:0|startupRole:FOLLOWER, s5|rpc:0.0.0.0:35843|dataStream:|priority:0|startupRole:FOLLOWER, s6|rpc:0.0.0.0:43509|dataStream:|priority:0|startupRole:FOLLOWER]|listeners:[], old=null RUNNING
   FOLLOWER s4@group-FAA53D5BC7BE:t0, leader=null, voted=, raftlog=Memoized:s4@group-FAA53D5BC7BE-SegmentedRaftLog:OPENED:c-1, conf=-1: peers:[]|listeners:[], old=null STARTING] size=2
  s5:  RUNNING [
   FOLLOWER s5@group-7D579A2BF85B:t0, leader=null, voted=, raftlog=Memoized:s5@group-7D579A2BF85B-SegmentedRaftLog:OPENED:c-1, conf=-1: peers:[s4|rpc:0.0.0.0:34427|dataStream:|priority:0|startupRole:FOLLOWER, s5|rpc:0.0.0.0:35843|dataStream:|priority:0|startupRole:FOLLOWER, s6|rpc:0.0.0.0:43509|dataStream:|priority:0|startupRole:FOLLOWER]|listeners:[], old=null RUNNING
   FOLLOWER s5@group-FAA53D5BC7BE:t0, leader=null, voted=, raftlog=Memoized:s5@group-FAA53D5BC7BE-SegmentedRaftLog:OPENED:c-1, conf=-1: peers:[]|listeners:[], old=null STARTING] size=2
  s6:  RUNNING [
   FOLLOWER s6@group-7D579A2BF85B:t0, leader=null, voted=, raftlog=Memoized:s6@group-7D579A2BF85B-SegmentedRaftLog:OPENED:c-1, conf=-1: peers:[s4|rpc:0.0.0.0:34427|dataStream:|priority:0|startupRole:FOLLOWER, s5|rpc:0.0.0.0:35843|dataStream:|priority:0|startupRole:FOLLOWER, s6|rpc:0.0.0.0:43509|dataStream:|priority:0|startupRole:FOLLOWER]|listeners:[], old=null RUNNING
   FOLLOWER s6@group-FAA53D5BC7BE:t0, leader=null, voted=, raftlog=Memoized:s6@group-FAA53D5BC7BE-SegmentedRaftLog:OPENED:c-1, conf=-1: peers:[]|listeners:[], old=null STARTING] size=2
2023-03-07 04:41:13,301 WARN  ratis.RaftTestUtil (JavaUtils.java:attempt(217)) - FAILED "waitForLeader-group-7D579A2BF85B-(expectLeader? true)", attempt #1/100: java.lang.IllegalStateException: No leader yet  for group-7D579A2BF85B: printing group-7D579A2BF85B
  s4:  RUNNING [
   FOLLOWER s4@group-7D579A2BF85B:t0, leader=null, voted=, raftlog=Memoized:s4@group-7D579A2BF85B-SegmentedRaftLog:OPENED:c-1, conf=-1: peers:[s4|rpc:0.0.0.0:34427|dataStream:|priority:0|startupRole:FOLLOWER, s5|rpc:0.0.0.0:35843|dataStream:|priority:0|startupRole:FOLLOWER, s6|rpc:0.0.0.0:43509|dataStream:|priority:0|startupRole:FOLLOWER]|listeners:[], old=null RUNNING
   FOLLOWER s4@group-FAA53D5BC7BE:t0, leader=null, voted=, raftlog=Memoized:s4@group-FAA53D5BC7BE-SegmentedRaftLog:OPENED:c-1, conf=-1: peers:[]|listeners:[], old=null STARTING] size=2
  s5:  RUNNING [
   FOLLOWER s5@group-7D579A2BF85B:t0, leader=null, voted=, raftlog=Memoized:s5@group-7D579A2BF85B-SegmentedRaftLog:OPENED:c-1, conf=-1: peers:[s4|rpc:0.0.0.0:34427|dataStream:|priority:0|startupRole:FOLLOWER, s5|rpc:0.0.0.0:35843|dataStream:|priority:0|startupRole:FOLLOWER, s6|rpc:0.0.0.0:43509|dataStream:|priority:0|startupRole:FOLLOWER]|listeners:[], old=null RUNNING
   FOLLOWER s5@group-FAA53D5BC7BE:t0, leader=null, voted=, raftlog=Memoized:s5@group-FAA53D5BC7BE-SegmentedRaftLog:OPENED:c-1, conf=-1: peers:[]|listeners:[], old=null STARTING] size=2
  s6:  RUNNING [
   FOLLOWER s6@group-7D579A2BF85B:t0, leader=null, voted=, raftlog=Memoized:s6@group-7D579A2BF85B-SegmentedRaftLog:OPENED:c-1, conf=-1: peers:[s4|rpc:0.0.0.0:34427|dataStream:|priority:0|startupRole:FOLLOWER, s5|rpc:0.0.0.0:35843|dataStream:|priority:0|startupRole:FOLLOWER, s6|rpc:0.0.0.0:43509|dataStream:|priority:0|startupRole:FOLLOWER]|listeners:[], old=null RUNNING
   FOLLOWER s6@group-FAA53D5BC7BE:t0, leader=null, voted=, raftlog=Memoized:s6@group-FAA53D5BC7BE-SegmentedRaftLog:OPENED:c-1, conf=-1: peers:[]|listeners:[], old=null STARTING] size=2, sleep 900ms and then retry.
java.lang.IllegalStateException: No leader yet  for group-7D579A2BF85B: printing group-7D579A2BF85B
  s4:  RUNNING [
   FOLLOWER s4@group-7D579A2BF85B:t0, leader=null, voted=, raftlog=Memoized:s4@group-7D579A2BF85B-SegmentedRaftLog:OPENED:c-1, conf=-1: peers:[s4|rpc:0.0.0.0:34427|dataStream:|priority:0|startupRole:FOLLOWER, s5|rpc:0.0.0.0:35843|dataStream:|priority:0|startupRole:FOLLOWER, s6|rpc:0.0.0.0:43509|dataStream:|priority:0|startupRole:FOLLOWER]|listeners:[], old=null RUNNING
   FOLLOWER s4@group-FAA53D5BC7BE:t0, leader=null, voted=, raftlog=Memoized:s4@group-FAA53D5BC7BE-SegmentedRaftLog:OPENED:c-1, conf=-1: peers:[]|listeners:[], old=null STARTING] size=2
  s5:  RUNNING [
   FOLLOWER s5@group-7D579A2BF85B:t0, leader=null, voted=, raftlog=Memoized:s5@group-7D579A2BF85B-SegmentedRaftLog:OPENED:c-1, conf=-1: peers:[s4|rpc:0.0.0.0:34427|dataStream:|priority:0|startupRole:FOLLOWER, s5|rpc:0.0.0.0:35843|dataStream:|priority:0|startupRole:FOLLOWER, s6|rpc:0.0.0.0:43509|dataStream:|priority:0|startupRole:FOLLOWER]|listeners:[], old=null RUNNING
   FOLLOWER s5@group-FAA53D5BC7BE:t0, leader=null, voted=, raftlog=Memoized:s5@group-FAA53D5BC7BE-SegmentedRaftLog:OPENED:c-1, conf=-1: peers:[]|listeners:[], old=null STARTING] size=2
  s6:  RUNNING [
   FOLLOWER s6@group-7D579A2BF85B:t0, leader=null, voted=, raftlog=Memoized:s6@group-7D579A2BF85B-SegmentedRaftLog:OPENED:c-1, conf=-1: peers:[s4|rpc:0.0.0.0:34427|dataStream:|priority:0|startupRole:FOLLOWER, s5|rpc:0.0.0.0:35843|dataStream:|priority:0|startupRole:FOLLOWER, s6|rpc:0.0.0.0:43509|dataStream:|priority:0|startupRole:FOLLOWER]|listeners:[], old=null RUNNING
   FOLLOWER s6@group-FAA53D5BC7BE:t0, leader=null, voted=, raftlog=Memoized:s6@group-FAA53D5BC7BE-SegmentedRaftLog:OPENED:c-1, conf=-1: peers:[]|listeners:[], old=null STARTING] size=2
	at org.apache.ratis.server.impl.MiniRaftCluster.newIllegalStateExceptionForNoLeaders(MiniRaftCluster.java:581)
	at org.apache.ratis.RaftTestUtil.lambda$waitForLeader$1(RaftTestUtil.java:104)
	at org.apache.ratis.server.impl.MiniRaftCluster.getLeader(MiniRaftCluster.java:615)
	at org.apache.ratis.server.impl.MiniRaftCluster.getLeader(MiniRaftCluster.java:608)
	at org.apache.ratis.RaftTestUtil.lambda$waitForLeader$3(RaftTestUtil.java:112)
	at org.apache.ratis.util.JavaUtils.attempt(JavaUtils.java:211)
	at org.apache.ratis.util.JavaUtils.attemptRepeatedly(JavaUtils.java:197)
	at org.apache.ratis.RaftTestUtil.waitForLeader(RaftTestUtil.java:111)
	at org.apache.ratis.RaftTestUtil.waitForLeader(RaftTestUtil.java:92)
	at org.apache.ratis.server.impl.GroupManagementBaseTest.runMultiGroupTest(GroupManagementBaseTest.java:287)
	at org.apache.ratis.TestMultiRaftGroup.runTestMultiRaftGroup(TestMultiRaftGroup.java:73)
	at org.apache.ratis.TestMultiRaftGroup.runTestMultiRaftGroup(TestMultiRaftGroup.java:59)
	at org.apache.ratis.TestMultiRaftGroup.testMultiRaftGroup(TestMultiRaftGroup.java:55)
	at java.base/jdk.internal.reflect.NativeMethodAccessorImpl.invoke0(Native Method)
	at java.base/jdk.internal.reflect.NativeMethodAccessorImpl.invoke(NativeMethodAccessorImpl.java:62)
	at java.base/jdk.internal.reflect.DelegatingMethodAccessorImpl.invoke(DelegatingMethodAccessorImpl.java:43)
	at java.base/java.lang.reflect.Method.invoke(Method.java:566)
	at org.junit.runners.model.FrameworkMethod$1.runReflectiveCall(FrameworkMethod.java:59)
	at org.junit.internal.runners.model.ReflectiveCallable.run(ReflectiveCallable.java:12)
	at org.junit.runners.model.FrameworkMethod.invokeExplosively(FrameworkMethod.java:56)
	at org.junit.internal.runners.statements.InvokeMethod.evaluate(InvokeMethod.java:17)
	at org.junit.internal.runners.statements.RunAfters.evaluate(RunAfters.java:27)
	at org.junit.internal.runners.statements.FailOnTimeout$CallableStatement.call(FailOnTimeout.java:299)
	at org.junit.internal.runners.statements.FailOnTimeout$CallableStatement.call(FailOnTimeout.java:293)
	at java.base/java.util.concurrent.FutureTask.run(FutureTask.java:264)
	at java.base/java.lang.Thread.run(Thread.java:829)
2023-03-07 04:41:13,494 INFO  impl.FollowerState (FollowerState.java:run(143)) - s4@group-7D579A2BF85B-FollowerState: change to CANDIDATE, lastRpcElapsedTime:342871889ns, electionTimeout:342ms
2023-03-07 04:41:13,495 INFO  impl.RoleInfo (RoleInfo.java:shutdownFollowerState(110)) - s4: shutdown s4@group-7D579A2BF85B-FollowerState
2023-03-07 04:41:13,495 INFO  server.RaftServer$Division (RaftServerImpl.java:setRole(329)) - s4@group-7D579A2BF85B: changes role from  FOLLOWER to CANDIDATE at term 0 for changeToCandidate
2023-03-07 04:41:13,495 INFO  server.RaftServerConfigKeys (ConfUtils.java:logGet(46)) - raft.server.leaderelection.pre-vote = true (default)
2023-03-07 04:41:13,495 INFO  impl.RoleInfo (RoleInfo.java:updateAndGet(139)) - s4: start s4@group-7D579A2BF85B-LeaderElection15
2023-03-07 04:41:13,495 INFO  impl.LeaderElection (LeaderElection.java:askForVotes(309)) - s4@group-7D579A2BF85B-LeaderElection15 PRE_VOTE round 0: submit vote requests at term 0 for -1: peers:[s4|rpc:0.0.0.0:34427|dataStream:|priority:0|startupRole:FOLLOWER, s5|rpc:0.0.0.0:35843|dataStream:|priority:0|startupRole:FOLLOWER, s6|rpc:0.0.0.0:43509|dataStream:|priority:0|startupRole:FOLLOWER]|listeners:[], old=null
2023-03-07 04:41:13,496 INFO  server.RaftServerConfigKeys (ConfUtils.java:logFallback(53)) - raft.server.rpc.first-election.timeout.min = 300ms (fallback to raft.server.rpc.timeout.min)
2023-03-07 04:41:13,496 INFO  server.RaftServerConfigKeys (ConfUtils.java:logFallback(53)) - raft.server.rpc.first-election.timeout.max = 600ms (fallback to raft.server.rpc.timeout.max)
2023-03-07 04:41:13,497 INFO  logging.LoggingHandler (AbstractInternalLogger.java:log(148)) - [id: 0x331f7887, L:/0.0.0.0:43509] READ: [id: 0xdf9a69db, L:/10.1.0.7:43509 - R:/10.1.0.7:37142]
2023-03-07 04:41:13,498 INFO  logging.LoggingHandler (AbstractInternalLogger.java:log(148)) - [id: 0x331f7887, L:/0.0.0.0:43509] READ COMPLETE
2023-03-07 04:41:13,505 INFO  logging.LoggingHandler (AbstractInternalLogger.java:log(148)) - [id: 0xaf09a42a, L:/0.0.0.0:35843] READ: [id: 0xfdf8b08d, L:/10.1.0.7:35843 - R:/10.1.0.7:48936]
2023-03-07 04:41:13,506 INFO  logging.LoggingHandler (AbstractInternalLogger.java:log(148)) - [id: 0xaf09a42a, L:/0.0.0.0:35843] READ COMPLETE
2023-03-07 04:41:13,507 INFO  server.RaftServer$Division (RaftServerImpl.java:requestVote(1302)) - s5@group-7D579A2BF85B: receive requestVote(PRE_VOTE, s4, group-7D579A2BF85B, 0, (t:0, i:0))
2023-03-07 04:41:13,507 INFO  impl.VoteContext (VoteContext.java:log(49)) - s5@group-7D579A2BF85B-FOLLOWER: accept PRE_VOTE from s4: our priority 0 <= candidate's priority 0
2023-03-07 04:41:13,507 INFO  server.RaftServer$Division (RaftServerImpl.java:requestVote(1335)) - s5@group-7D579A2BF85B replies to PRE_VOTE vote request: s4<-s5#0:OK-t0. Peer's state: s5@group-7D579A2BF85B:t0, leader=null, voted=, raftlog=Memoized:s5@group-7D579A2BF85B-SegmentedRaftLog:OPENED:c-1, conf=-1: peers:[s4|rpc:0.0.0.0:34427|dataStream:|priority:0|startupRole:FOLLOWER, s5|rpc:0.0.0.0:35843|dataStream:|priority:0|startupRole:FOLLOWER, s6|rpc:0.0.0.0:43509|dataStream:|priority:0|startupRole:FOLLOWER]|listeners:[], old=null
2023-03-07 04:41:13,508 INFO  impl.LeaderElection (LeaderElection.java:logAndReturn(89)) - s4@group-7D579A2BF85B-LeaderElection15: PRE_VOTE PASSED received 1 response(s) and 0 exception(s):
2023-03-07 04:41:13,508 INFO  impl.LeaderElection (LeaderElection.java:logAndReturn(93)) -   Response 0: s4<-s5#0:OK-t0
2023-03-07 04:41:13,508 INFO  impl.LeaderElection (LeaderElection.java:askForVotes(311)) - s4@group-7D579A2BF85B-LeaderElection15 PRE_VOTE round 0: result PASSED
2023-03-07 04:41:13,509 INFO  impl.LeaderElection (LeaderElection.java:askForVotes(309)) - s4@group-7D579A2BF85B-LeaderElection15 ELECTION round 0: submit vote requests at term 1 for -1: peers:[s4|rpc:0.0.0.0:34427|dataStream:|priority:0|startupRole:FOLLOWER, s5|rpc:0.0.0.0:35843|dataStream:|priority:0|startupRole:FOLLOWER, s6|rpc:0.0.0.0:43509|dataStream:|priority:0|startupRole:FOLLOWER]|listeners:[], old=null
2023-03-07 04:41:13,509 INFO  server.RaftServer$Division (RaftServerImpl.java:requestVote(1302)) - s5@group-7D579A2BF85B: receive requestVote(ELECTION, s4, group-7D579A2BF85B, 1, (t:0, i:0))
2023-03-07 04:41:13,510 INFO  impl.VoteContext (VoteContext.java:log(49)) - s5@group-7D579A2BF85B-FOLLOWER: accept ELECTION from s4: our priority 0 <= candidate's priority 0
2023-03-07 04:41:13,510 INFO  server.RaftServer$Division (RaftServerImpl.java:setRole(329)) - s5@group-7D579A2BF85B: changes role from  FOLLOWER to FOLLOWER at term 1 for candidate:s4
2023-03-07 04:41:13,510 INFO  impl.RoleInfo (RoleInfo.java:shutdownFollowerState(110)) - s5: shutdown s5@group-7D579A2BF85B-FollowerState
2023-03-07 04:41:13,510 INFO  impl.FollowerState (FollowerState.java:run(152)) - s5@group-7D579A2BF85B-FollowerState was interrupted
2023-03-07 04:41:13,510 INFO  impl.RoleInfo (RoleInfo.java:updateAndGet(139)) - s5: start s5@group-7D579A2BF85B-FollowerState
2023-03-07 04:41:13,514 INFO  server.RaftServer$Division (RaftServerImpl.java:requestVote(1302)) - s6@group-7D579A2BF85B: receive requestVote(PRE_VOTE, s4, group-7D579A2BF85B, 0, (t:0, i:0))
2023-03-07 04:41:13,514 INFO  server.RaftServerConfigKeys (ConfUtils.java:logFallback(53)) - raft.server.rpc.first-election.timeout.min = 300ms (fallback to raft.server.rpc.timeout.min)
2023-03-07 04:41:13,514 INFO  server.RaftServerConfigKeys (ConfUtils.java:logFallback(53)) - raft.server.rpc.first-election.timeout.max = 600ms (fallback to raft.server.rpc.timeout.max)
2023-03-07 04:41:13,515 INFO  impl.VoteContext (VoteContext.java:log(49)) - s6@group-7D579A2BF85B-FOLLOWER: accept PRE_VOTE from s4: our priority 0 <= candidate's priority 0
2023-03-07 04:41:13,515 INFO  server.RaftServer$Division (RaftServerImpl.java:requestVote(1335)) - s6@group-7D579A2BF85B replies to PRE_VOTE vote request: s4<-s6#0:OK-t0. Peer's state: s6@group-7D579A2BF85B:t0, leader=null, voted=, raftlog=Memoized:s6@group-7D579A2BF85B-SegmentedRaftLog:OPENED:c-1, conf=-1: peers:[s4|rpc:0.0.0.0:34427|dataStream:|priority:0|startupRole:FOLLOWER, s5|rpc:0.0.0.0:35843|dataStream:|priority:0|startupRole:FOLLOWER, s6|rpc:0.0.0.0:43509|dataStream:|priority:0|startupRole:FOLLOWER]|listeners:[], old=null
2023-03-07 04:41:13,521 INFO  server.RaftServerConfigKeys (ConfUtils.java:logFallback(53)) - raft.server.rpc.first-election.timeout.min = 300ms (fallback to raft.server.rpc.timeout.min)
2023-03-07 04:41:13,521 INFO  server.RaftServerConfigKeys (ConfUtils.java:logFallback(53)) - raft.server.rpc.first-election.timeout.max = 600ms (fallback to raft.server.rpc.timeout.max)
2023-03-07 04:41:13,521 INFO  server.RaftServer$Division (RaftServerImpl.java:requestVote(1302)) - s6@group-7D579A2BF85B: receive requestVote(ELECTION, s4, group-7D579A2BF85B, 1, (t:0, i:0))
2023-03-07 04:41:13,521 INFO  impl.VoteContext (VoteContext.java:log(49)) - s6@group-7D579A2BF85B-FOLLOWER: accept ELECTION from s4: our priority 0 <= candidate's priority 0
2023-03-07 04:41:13,521 INFO  server.RaftServer$Division (RaftServerImpl.java:setRole(329)) - s6@group-7D579A2BF85B: changes role from  FOLLOWER to FOLLOWER at term 1 for candidate:s4
2023-03-07 04:41:13,521 INFO  impl.RoleInfo (RoleInfo.java:shutdownFollowerState(110)) - s6: shutdown s6@group-7D579A2BF85B-FollowerState
2023-03-07 04:41:13,521 INFO  server.RaftServer$Division (RaftServerImpl.java:requestVote(1335)) - s5@group-7D579A2BF85B replies to ELECTION vote request: s4<-s5#0:OK-t1. Peer's state: s5@group-7D579A2BF85B:t1, leader=null, voted=s4, raftlog=Memoized:s5@group-7D579A2BF85B-SegmentedRaftLog:OPENED:c-1, conf=-1: peers:[s4|rpc:0.0.0.0:34427|dataStream:|priority:0|startupRole:FOLLOWER, s5|rpc:0.0.0.0:35843|dataStream:|priority:0|startupRole:FOLLOWER, s6|rpc:0.0.0.0:43509|dataStream:|priority:0|startupRole:FOLLOWER]|listeners:[], old=null
2023-03-07 04:41:13,522 INFO  impl.LeaderElection (LeaderElection.java:logAndReturn(89)) - s4@group-7D579A2BF85B-LeaderElection15: ELECTION PASSED received 1 response(s) and 0 exception(s):
2023-03-07 04:41:13,522 INFO  impl.LeaderElection (LeaderElection.java:logAndReturn(93)) -   Response 0: s4<-s5#0:OK-t1
2023-03-07 04:41:13,522 INFO  impl.LeaderElection (LeaderElection.java:askForVotes(311)) - s4@group-7D579A2BF85B-LeaderElection15 ELECTION round 0: result PASSED
2023-03-07 04:41:13,522 INFO  impl.RoleInfo (RoleInfo.java:shutdownLeaderElection(130)) - s4: shutdown s4@group-7D579A2BF85B-LeaderElection15
2023-03-07 04:41:13,522 INFO  server.RaftServer$Division (RaftServerImpl.java:setRole(329)) - s4@group-7D579A2BF85B: changes role from CANDIDATE to LEADER at term 1 for changeToLeader
2023-03-07 04:41:13,522 INFO  server.RaftServer$Division (ServerState.java:setLeader(260)) - s4@group-7D579A2BF85B: change Leader from null to s4 at term 1 for becomeLeader, leader elected after 382ms
2023-03-07 04:41:13,523 INFO  server.RaftServerConfigKeys (ConfUtils.java:logGet(46)) - raft.server.staging.catchup.gap = 1000 (default)
2023-03-07 04:41:13,523 INFO  server.RaftServerConfigKeys (ConfUtils.java:logGet(46)) - raft.server.write.element-limit = 4096 (default)
2023-03-07 04:41:13,523 INFO  server.RaftServerConfigKeys (ConfUtils.java:logGet(46)) - raft.server.write.byte-limit = 64MB (=67108864) (default)
2023-03-07 04:41:13,523 INFO  server.RaftServerConfigKeys (ConfUtils.java:logGet(46)) - raft.server.watch.timeout = 10s (default)
2023-03-07 04:41:13,523 INFO  server.RaftServerConfigKeys (ConfUtils.java:logGet(46)) - raft.server.watch.timeout.denomination = 1s (default)
2023-03-07 04:41:13,523 INFO  server.RaftServerConfigKeys (ConfUtils.java:logGet(46)) - raft.server.watch.element-limit = 65536 (default)
2023-03-07 04:41:13,523 INFO  server.RaftServerConfigKeys (ConfUtils.java:logGet(46)) - raft.server.write.element-limit = 4096 (default)
2023-03-07 04:41:13,523 INFO  server.RaftServerConfigKeys (ConfUtils.java:logGet(46)) - raft.server.write.follower.gap.ratio.max = -1.0 (default)
2023-03-07 04:41:13,523 INFO  server.RaftServerConfigKeys (ConfUtils.java:logGet(46)) - raft.server.log.appender.snapshot.chunk.size.max = 16MB (=16777216) (default)
2023-03-07 04:41:13,524 INFO  server.RaftServerConfigKeys (ConfUtils.java:logGet(46)) - raft.server.log.appender.buffer.byte-limit = 4MB (=4194304) (default)
2023-03-07 04:41:13,524 INFO  server.RaftServerConfigKeys (ConfUtils.java:logGet(46)) - raft.server.log.appender.buffer.element-limit = 0 (default)
2023-03-07 04:41:13,524 INFO  server.RaftServerConfigKeys (ConfUtils.java:logGet(46)) - raft.server.log.appender.wait-time.min = 10ms (default)
2023-03-07 04:41:13,524 INFO  server.RaftServerConfigKeys (ConfUtils.java:logGet(46)) - raft.server.log.appender.snapshot.chunk.size.max = 16MB (=16777216) (default)
2023-03-07 04:41:13,524 INFO  server.RaftServerConfigKeys (ConfUtils.java:logGet(46)) - raft.server.log.appender.buffer.byte-limit = 4MB (=4194304) (default)
2023-03-07 04:41:13,524 INFO  server.RaftServerConfigKeys (ConfUtils.java:logGet(46)) - raft.server.log.appender.buffer.element-limit = 0 (default)
2023-03-07 04:41:13,524 INFO  server.RaftServerConfigKeys (ConfUtils.java:logGet(46)) - raft.server.log.appender.wait-time.min = 10ms (default)
2023-03-07 04:41:13,524 INFO  impl.RoleInfo (RoleInfo.java:updateAndGet(139)) - s4: start s4@group-7D579A2BF85B-LeaderStateImpl
2023-03-07 04:41:13,524 INFO  segmented.SegmentedRaftLogWorker (SegmentedRaftLogWorker.java:startLogSegment(426)) - s4@group-7D579A2BF85B-SegmentedRaftLogWorker: Starting segment from index:0
2023-03-07 04:41:13,521 INFO  impl.FollowerState (FollowerState.java:run(152)) - s6@group-7D579A2BF85B-FollowerState was interrupted
2023-03-07 04:41:13,525 INFO  impl.RoleInfo (RoleInfo.java:updateAndGet(139)) - s6: start s6@group-7D579A2BF85B-FollowerState
2023-03-07 04:41:13,528 INFO  server.RaftServer$Division (ServerState.java:setLeader(260)) - s5@group-7D579A2BF85B: change Leader from null to s4 at term 1 for appendEntries, leader elected after 314ms
2023-03-07 04:41:13,537 INFO  server.RaftServer$Division (ServerState.java:setRaftConf(378)) - s4@group-7D579A2BF85B: set configuration 0: peers:[s4|rpc:0.0.0.0:34427|dataStream:|priority:0|startupRole:FOLLOWER, s5|rpc:0.0.0.0:35843|dataStream:|priority:0|startupRole:FOLLOWER, s6|rpc:0.0.0.0:43509|dataStream:|priority:0|startupRole:FOLLOWER]|listeners:[], old=null
2023-03-07 04:41:13,538 INFO  server.RaftServer$Division (RaftServerImpl.java:requestVote(1335)) - s6@group-7D579A2BF85B replies to ELECTION vote request: s4<-s6#0:OK-t1. Peer's state: s6@group-7D579A2BF85B:t1, leader=null, voted=s4, raftlog=Memoized:s6@group-7D579A2BF85B-SegmentedRaftLog:OPENED:c-1, conf=-1: peers:[s4|rpc:0.0.0.0:34427|dataStream:|priority:0|startupRole:FOLLOWER, s5|rpc:0.0.0.0:35843|dataStream:|priority:0|startupRole:FOLLOWER, s6|rpc:0.0.0.0:43509|dataStream:|priority:0|startupRole:FOLLOWER]|listeners:[], old=null
2023-03-07 04:41:13,538 INFO  server.RaftServer$Division (ServerState.java:setLeader(260)) - s6@group-7D579A2BF85B: change Leader from null to s4 at term 1 for appendEntries, leader elected after 286ms
2023-03-07 04:41:13,538 INFO  segmented.SegmentedRaftLogWorker (SegmentedRaftLogWorker.java:execute(630)) - s4@group-7D579A2BF85B-SegmentedRaftLogWorker: created new log segment /home/runner/work/ratis/ratis/ratis-examples/target/test/data/fa33b8e4/MiniRaftClusterWithNettye7083e71/s4/d71204c1-a244-49f4-9ea2-7d579a2bf85b/current/log_inprogress_0
2023-03-07 04:41:13,541 DEBUG server.RaftServer$Division (RaftServerImpl.java:logAppendEntries(1429)) - s5@group-7D579A2BF85B: receive appendEntries(s4, 1, null, -1, true, commits:[s4:c-1, s5:c-1, s6:c-1], cId:5839, entries: [(t:1, i:0), CONFIGURATIONENTRY(current:id: "s4"
address: "0.0.0.0:34427"
clientAddress: "0.0.0.0:34427"
adminAddress: "0.0.0.0:34427"
startupRole: FOLLOWER
,id: "s5"
address: "0.0.0.0:35843"
clientAddress: "0.0.0.0:35843"
adminAddress: "0.0.0.0:35843"
startupRole: FOLLOWER
,id: "s6"
address: "0.0.0.0:43509"
clientAddress: "0.0.0.0:43509"
adminAddress: "0.0.0.0:43509"
startupRole: FOLLOWER
, old:)]
2023-03-07 04:41:13,544 INFO  server.RaftServer$Division (ServerState.java:setRaftConf(378)) - s5@group-7D579A2BF85B: set configuration 0: peers:[s4|rpc:0.0.0.0:34427|dataStream:|priority:0|startupRole:FOLLOWER, s5|rpc:0.0.0.0:35843|dataStream:|priority:0|startupRole:FOLLOWER, s6|rpc:0.0.0.0:43509|dataStream:|priority:0|startupRole:FOLLOWER]|listeners:[], old=null
2023-03-07 04:41:13,544 INFO  segmented.SegmentedRaftLogWorker (SegmentedRaftLogWorker.java:startLogSegment(426)) - s5@group-7D579A2BF85B-SegmentedRaftLogWorker: Starting segment from index:0
2023-03-07 04:41:13,547 DEBUG server.RaftServer$Division (RaftServerImpl.java:logAppendEntries(1429)) - s6@group-7D579A2BF85B: receive appendEntries(s4, 1, null, -1, true, commits:[s4:c-1, s5:c-1, s6:c-1], cId:5840, entries: [(t:1, i:0), CONFIGURATIONENTRY(current:id: "s4"
address: "0.0.0.0:34427"
clientAddress: "0.0.0.0:34427"
adminAddress: "0.0.0.0:34427"
startupRole: FOLLOWER
,id: "s5"
address: "0.0.0.0:35843"
clientAddress: "0.0.0.0:35843"
adminAddress: "0.0.0.0:35843"
startupRole: FOLLOWER
,id: "s6"
address: "0.0.0.0:43509"
clientAddress: "0.0.0.0:43509"
adminAddress: "0.0.0.0:43509"
startupRole: FOLLOWER
, old:)]
2023-03-07 04:41:13,549 INFO  server.RaftServer$Division (ServerState.java:setRaftConf(378)) - s6@group-7D579A2BF85B: set configuration 0: peers:[s4|rpc:0.0.0.0:34427|dataStream:|priority:0|startupRole:FOLLOWER, s5|rpc:0.0.0.0:35843|dataStream:|priority:0|startupRole:FOLLOWER, s6|rpc:0.0.0.0:43509|dataStream:|priority:0|startupRole:FOLLOWER]|listeners:[], old=null
2023-03-07 04:41:13,549 INFO  segmented.SegmentedRaftLogWorker (SegmentedRaftLogWorker.java:startLogSegment(426)) - s6@group-7D579A2BF85B-SegmentedRaftLogWorker: Starting segment from index:0
2023-03-07 04:41:13,560 INFO  segmented.SegmentedRaftLogWorker (SegmentedRaftLogWorker.java:execute(630)) - s5@group-7D579A2BF85B-SegmentedRaftLogWorker: created new log segment /home/runner/work/ratis/ratis/ratis-examples/target/test/data/fa33b8e4/MiniRaftClusterWithNettye7083e71/s5/d71204c1-a244-49f4-9ea2-7d579a2bf85b/current/log_inprogress_0
2023-03-07 04:41:13,560 INFO  segmented.SegmentedRaftLogWorker (SegmentedRaftLogWorker.java:execute(630)) - s6@group-7D579A2BF85B-SegmentedRaftLogWorker: created new log segment /home/runner/work/ratis/ratis/ratis-examples/target/test/data/fa33b8e4/MiniRaftClusterWithNettye7083e71/s6/d71204c1-a244-49f4-9ea2-7d579a2bf85b/current/log_inprogress_0
2023-03-07 04:41:13,560 DEBUG server.RaftServer$Division (RaftServerImpl.java:logAppendEntries(1429)) - s5@group-7D579A2BF85B: succeeded to handle AppendEntries. Reply: s4<-s5#5839:OK-t1,SUCCESS,nextIndex=1,followerCommit=-1,matchIndex=0
2023-03-07 04:41:13,561 DEBUG server.RaftServer$Division (RaftServerImpl.java:logAppendEntries(1429)) - s6@group-7D579A2BF85B: succeeded to handle AppendEntries. Reply: s4<-s6#5840:OK-t1,SUCCESS,nextIndex=1,followerCommit=-1,matchIndex=0
2023-03-07 04:41:14,205 INFO  ratis.RaftTestUtil (RaftTestUtil.java:waitForLeader(119)) - printing group-7D579A2BF85B
  s4:  RUNNING [
     LEADER s4@group-7D579A2BF85B:t1, leader=s4, voted=s4, raftlog=Memoized:s4@group-7D579A2BF85B-SegmentedRaftLog:OPENED:c0, conf=0: peers:[s4|rpc:0.0.0.0:34427|dataStream:|priority:0|startupRole:FOLLOWER, s5|rpc:0.0.0.0:35843|dataStream:|priority:0|startupRole:FOLLOWER, s6|rpc:0.0.0.0:43509|dataStream:|priority:0|startupRole:FOLLOWER]|listeners:[], old=null RUNNING
   FOLLOWER s4@group-FAA53D5BC7BE:t0, leader=null, voted=, raftlog=Memoized:s4@group-FAA53D5BC7BE-SegmentedRaftLog:OPENED:c-1, conf=-1: peers:[]|listeners:[], old=null STARTING] size=2
  s5:  RUNNING [
   FOLLOWER s5@group-7D579A2BF85B:t1, leader=s4, voted=s4, raftlog=Memoized:s5@group-7D579A2BF85B-SegmentedRaftLog:OPENED:c0, conf=0: peers:[s4|rpc:0.0.0.0:34427|dataStream:|priority:0|startupRole:FOLLOWER, s5|rpc:0.0.0.0:35843|dataStream:|priority:0|startupRole:FOLLOWER, s6|rpc:0.0.0.0:43509|dataStream:|priority:0|startupRole:FOLLOWER]|listeners:[], old=null RUNNING
   FOLLOWER s5@group-FAA53D5BC7BE:t0, leader=null, voted=, raftlog=Memoized:s5@group-FAA53D5BC7BE-SegmentedRaftLog:OPENED:c-1, conf=-1: peers:[]|listeners:[], old=null STARTING] size=2
  s6:  RUNNING [
   FOLLOWER s6@group-7D579A2BF85B:t1, leader=s4, voted=s4, raftlog=Memoized:s6@group-7D579A2BF85B-SegmentedRaftLog:OPENED:c0, conf=0: peers:[s4|rpc:0.0.0.0:34427|dataStream:|priority:0|startupRole:FOLLOWER, s5|rpc:0.0.0.0:35843|dataStream:|priority:0|startupRole:FOLLOWER, s6|rpc:0.0.0.0:43509|dataStream:|priority:0|startupRole:FOLLOWER]|listeners:[], old=null RUNNING
   FOLLOWER s6@group-FAA53D5BC7BE:t0, leader=null, voted=, raftlog=Memoized:s6@group-FAA53D5BC7BE-SegmentedRaftLog:OPENED:c-1, conf=-1: peers:[]|listeners:[], old=null STARTING] size=2
2023-03-07 04:41:14,207 INFO  logging.LoggingHandler (AbstractInternalLogger.java:log(148)) - [id: 0x93522211, L:/0.0.0.0:34427] READ: [id: 0x33ac0f7b, L:/10.1.0.7:34427 - R:/10.1.0.7:36466]
2023-03-07 04:41:14,208 INFO  logging.LoggingHandler (AbstractInternalLogger.java:log(148)) - [id: 0x93522211, L:/0.0.0.0:34427] READ COMPLETE
2023-03-07 04:41:14,210 DEBUG server.RaftServer$Division (RaftServerImpl.java:submitClientRequestAsync(832)) - s4@group-7D579A2BF85B: receive client request(RaftClientRequest:client-4872AC1AF8F9->s4@group-7D579A2BF85B, cid=5909, seq=0, RW, Message:01016102404f80000000...(size=12))
2023-03-07 04:41:14,211 DEBUG server.RaftServer$Division (LeaderStateImpl.java:addPendingRequest(474)) - s4@group-7D579A2BF85B-LeaderStateImpl: addPendingRequest at RaftClientRequest:client-4872AC1AF8F9->s4@group-7D579A2BF85B, cid=5909, seq=0, RW, Message:01016102404f80000000...(size=12), entry=(t:1, i:1), STATEMACHINELOGENTRY, 5909@client-4872AC1AF8F9
2023-03-07 04:41:14,211 DEBUG server.RaftServer$Division (RaftServerImpl.java:logAppendEntries(1429)) - s5@group-7D579A2BF85B: receive appendEntries(s4, 1, (t:1, i:0), 0, true, commits:[s4:c0, s5:c0, s6:c0], cId:5910, entries: [(t:1, i:1), STATEMACHINELOGENTRY, 5909@client-4872AC1AF8F9]
2023-03-07 04:41:14,212 DEBUG server.RaftServer$Division (RaftServerImpl.java:logAppendEntries(1429)) - s5@group-7D579A2BF85B: succeeded to handle AppendEntries. Reply: s4<-s5#5910:OK-t1,SUCCESS,nextIndex=2,followerCommit=0,matchIndex=1
2023-03-07 04:41:14,212 DEBUG server.RaftServer$Division (RaftServerImpl.java:logAppendEntries(1429)) - s6@group-7D579A2BF85B: receive appendEntries(s4, 1, (t:1, i:0), 0, true, commits:[s4:c0, s5:c0, s6:c0], cId:5911, entries: [(t:1, i:1), STATEMACHINELOGENTRY, 5909@client-4872AC1AF8F9]
2023-03-07 04:41:14,212 DEBUG server.RaftServer$Division (RaftServerImpl.java:logAppendEntries(1429)) - s6@group-7D579A2BF85B: succeeded to handle AppendEntries. Reply: s4<-s6#5911:OK-t1,SUCCESS,nextIndex=2,followerCommit=0,matchIndex=1
2023-03-07 04:41:14,212 INFO  statemachine.StateMachine (ArithmeticStateMachine.java:applyTransaction(182)) - LEADER:s4-1: a = 63 = 63
2023-03-07 04:41:14,213 DEBUG server.RaftServer$Division (RaftServerImpl.java:logAppendEntries(1429)) - s6@group-7D579A2BF85B: receive appendEntries(s4, 1, (t:1, i:1), 1, true, commits:[s4:c1, s5:c0, s6:c0], cId:5912, entries: [(t:1, i:2), METADATAENTRY(c:1)]
2023-03-07 04:41:14,213 DEBUG server.RaftServer$Division (RaftServerImpl.java:logAppendEntries(1429)) - s5@group-7D579A2BF85B: receive appendEntries(s4, 1, (t:1, i:1), 1, true, commits:[s4:c1, s5:c0, s6:c0], cId:5913, entries: [(t:1, i:2), METADATAENTRY(c:1)]
2023-03-07 04:41:14,218 DEBUG server.RaftServer$Division (RaftServerImpl.java:logAppendEntries(1429)) - s6@group-7D579A2BF85B: succeeded to handle AppendEntries. Reply: s4<-s6#5912:OK-t1,SUCCESS,nextIndex=3,followerCommit=1,matchIndex=2
2023-03-07 04:41:14,219 DEBUG server.RaftServer$Division (RaftServerImpl.java:logAppendEntries(1429)) - s5@group-7D579A2BF85B: succeeded to handle AppendEntries. Reply: s4<-s5#5913:OK-t1,SUCCESS,nextIndex=3,followerCommit=1,matchIndex=2
2023-03-07 04:41:14,219 DEBUG server.RaftServer$Division (RaftServerImpl.java:submitClientRequestAsync(832)) - s4@group-7D579A2BF85B: receive client request(RaftClientRequest:client-4872AC1AF8F9->s4@group-7D579A2BF85B, cid=5914, seq=0, RW, Message:01016202409f00000000...(size=12))
2023-03-07 04:41:14,219 DEBUG server.RaftServer$Division (LeaderStateImpl.java:addPendingRequest(474)) - s4@group-7D579A2BF85B-LeaderStateImpl: addPendingRequest at RaftClientRequest:client-4872AC1AF8F9->s4@group-7D579A2BF85B, cid=5914, seq=0, RW, Message:01016202409f00000000...(size=12), entry=(t:1, i:3), STATEMACHINELOGENTRY, 5914@client-4872AC1AF8F9
2023-03-07 04:41:14,219 DEBUG server.RaftServer$Division (RaftServerImpl.java:logAppendEntries(1429)) - s5@group-7D579A2BF85B: receive appendEntries(s4, 1, (t:1, i:2), 2, true, commits:[s4:c2, s5:c1, s6:c1], cId:5915, entries: [(t:1, i:3), STATEMACHINELOGENTRY, 5914@client-4872AC1AF8F9]
2023-03-07 04:41:14,220 DEBUG server.RaftServer$Division (RaftServerImpl.java:logAppendEntries(1429)) - s6@group-7D579A2BF85B: receive appendEntries(s4, 1, (t:1, i:2), 2, true, commits:[s4:c2, s5:c1, s6:c1], cId:5916, entries: [(t:1, i:3), STATEMACHINELOGENTRY, 5914@client-4872AC1AF8F9]
2023-03-07 04:41:14,220 DEBUG server.RaftServer$Division (RaftServerImpl.java:logAppendEntries(1429)) - s5@group-7D579A2BF85B: succeeded to handle AppendEntries. Reply: s4<-s5#5915:OK-t1,SUCCESS,nextIndex=4,followerCommit=2,matchIndex=3
2023-03-07 04:41:14,220 DEBUG server.RaftServer$Division (RaftServerImpl.java:logAppendEntries(1429)) - s6@group-7D579A2BF85B: succeeded to handle AppendEntries. Reply: s4<-s6#5916:OK-t1,SUCCESS,nextIndex=4,followerCommit=2,matchIndex=3
2023-03-07 04:41:14,220 INFO  statemachine.StateMachine (ArithmeticStateMachine.java:applyTransaction(182)) - LEADER:s4-3: b = 1984 = 1984
2023-03-07 04:41:14,220 DEBUG server.RaftServer$Division (RaftServerImpl.java:logAppendEntries(1429)) - s5@group-7D579A2BF85B: receive appendEntries(s4, 1, (t:1, i:3), 3, true, commits:[s4:c3, s5:c2, s6:c2], cId:5918, entries: [(t:1, i:4), METADATAENTRY(c:3)]
2023-03-07 04:41:14,221 DEBUG server.RaftServer$Division (RaftServerImpl.java:logAppendEntries(1429)) - s6@group-7D579A2BF85B: receive appendEntries(s4, 1, (t:1, i:3), 3, true, commits:[s4:c3, s5:c2, s6:c2], cId:5917, entries: [(t:1, i:4), METADATAENTRY(c:3)]
2023-03-07 04:41:14,221 DEBUG server.RaftServer$Division (RaftServerImpl.java:logAppendEntries(1429)) - s5@group-7D579A2BF85B: succeeded to handle AppendEntries. Reply: s4<-s5#5918:OK-t1,SUCCESS,nextIndex=5,followerCommit=3,matchIndex=4
2023-03-07 04:41:14,221 DEBUG server.RaftServer$Division (RaftServerImpl.java:logAppendEntries(1429)) - s6@group-7D579A2BF85B: succeeded to handle AppendEntries. Reply: s4<-s6#5917:OK-t1,SUCCESS,nextIndex=5,followerCommit=3,matchIndex=4
2023-03-07 04:41:14,221 DEBUG server.RaftServer$Division (RaftServerImpl.java:submitClientRequestAsync(832)) - s4@group-7D579A2BF85B: receive client request(RaftClientRequest:client-4872AC1AF8F9->s4@group-7D579A2BF85B, cid=5919, seq=0, RW, Message:01016304010300040201...(size=17))
2023-03-07 04:41:14,222 DEBUG server.RaftServer$Division (LeaderStateImpl.java:addPendingRequest(474)) - s4@group-7D579A2BF85B-LeaderStateImpl: addPendingRequest at RaftClientRequest:client-4872AC1AF8F9->s4@group-7D579A2BF85B, cid=5919, seq=0, RW, Message:01016304010300040201...(size=17), entry=(t:1, i:5), STATEMACHINELOGENTRY, 5919@client-4872AC1AF8F9
2023-03-07 04:41:14,222 DEBUG server.RaftServer$Division (RaftServerImpl.java:logAppendEntries(1429)) - s5@group-7D579A2BF85B: receive appendEntries(s4, 1, (t:1, i:4), 4, true, commits:[s4:c4, s5:c3, s6:c3], cId:5920, entries: [(t:1, i:5), STATEMACHINELOGENTRY, 5919@client-4872AC1AF8F9]
2023-03-07 04:41:14,222 DEBUG server.RaftServer$Division (RaftServerImpl.java:logAppendEntries(1429)) - s5@group-7D579A2BF85B: succeeded to handle AppendEntries. Reply: s4<-s5#5920:OK-t1,SUCCESS,nextIndex=6,followerCommit=4,matchIndex=5
2023-03-07 04:41:14,222 DEBUG server.RaftServer$Division (RaftServerImpl.java:logAppendEntries(1429)) - s6@group-7D579A2BF85B: receive appendEntries(s4, 1, (t:1, i:4), 4, true, commits:[s4:c4, s5:c3, s6:c3], cId:5921, entries: [(t:1, i:5), STATEMACHINELOGENTRY, 5919@client-4872AC1AF8F9]
2023-03-07 04:41:14,223 DEBUG server.RaftServer$Division (RaftServerImpl.java:logAppendEntries(1429)) - s6@group-7D579A2BF85B: succeeded to handle AppendEntries. Reply: s4<-s6#5921:OK-t1,SUCCESS,nextIndex=6,followerCommit=4,matchIndex=5
2023-03-07 04:41:14,223 INFO  statemachine.StateMachine (ArithmeticStateMachine.java:applyTransaction(182)) - LEADER:s4-5: c = √(a^2 + b^2) = 1985
2023-03-07 04:41:14,224 DEBUG server.RaftServer$Division (RaftServerImpl.java:logAppendEntries(1429)) - s6@group-7D579A2BF85B: receive appendEntries(s4, 1, (t:1, i:5), 5, true, commits:[s4:c5, s5:c4, s6:c4], cId:5923, entries: [(t:1, i:6), METADATAENTRY(c:5)]
2023-03-07 04:41:14,224 DEBUG server.RaftServer$Division (RaftServerImpl.java:logAppendEntries(1429)) - s5@group-7D579A2BF85B: receive appendEntries(s4, 1, (t:1, i:5), 5, true, commits:[s4:c5, s5:c4, s6:c4], cId:5922, entries: [(t:1, i:6), METADATAENTRY(c:5)]
2023-03-07 04:41:14,224 DEBUG server.RaftServer$Division (RaftServerImpl.java:logAppendEntries(1429)) - s6@group-7D579A2BF85B: succeeded to handle AppendEntries. Reply: s4<-s6#5923:OK-t1,SUCCESS,nextIndex=7,followerCommit=5,matchIndex=6
2023-03-07 04:41:14,224 DEBUG server.RaftServer$Division (RaftServerImpl.java:logAppendEntries(1429)) - s5@group-7D579A2BF85B: succeeded to handle AppendEntries. Reply: s4<-s5#5922:OK-t1,SUCCESS,nextIndex=7,followerCommit=5,matchIndex=6
2023-03-07 04:41:14,225 DEBUG server.RaftServer$Division (RaftServerImpl.java:submitClientRequestAsync(832)) - s4@group-7D579A2BF85B: receive client request(RaftClientRequest:client-4872AC1AF8F9->s4@group-7D579A2BF85B, cid=5924, seq=0, RW, Message:01016100)
2023-03-07 04:41:14,225 DEBUG server.RaftServer$Division (LeaderStateImpl.java:addPendingRequest(474)) - s4@group-7D579A2BF85B-LeaderStateImpl: addPendingRequest at RaftClientRequest:client-4872AC1AF8F9->s4@group-7D579A2BF85B, cid=5924, seq=0, RW, Message:01016100, entry=(t:1, i:7), STATEMACHINELOGENTRY, 5924@client-4872AC1AF8F9
2023-03-07 04:41:14,226 DEBUG server.RaftServer$Division (RaftServerImpl.java:logAppendEntries(1429)) - s5@group-7D579A2BF85B: receive appendEntries(s4, 1, (t:1, i:6), 6, true, commits:[s4:c6, s5:c5, s6:c5], cId:5925, entries: [(t:1, i:7), STATEMACHINELOGENTRY, 5924@client-4872AC1AF8F9]
2023-03-07 04:41:14,226 DEBUG server.RaftServer$Division (RaftServerImpl.java:logAppendEntries(1429)) - s5@group-7D579A2BF85B: succeeded to handle AppendEntries. Reply: s4<-s5#5925:OK-t1,SUCCESS,nextIndex=8,followerCommit=6,matchIndex=7
2023-03-07 04:41:14,226 DEBUG server.RaftServer$Division (RaftServerImpl.java:logAppendEntries(1429)) - s6@group-7D579A2BF85B: receive appendEntries(s4, 1, (t:1, i:6), 6, true, commits:[s4:c6, s5:c5, s6:c5], cId:5926, entries: [(t:1, i:7), STATEMACHINELOGENTRY, 5924@client-4872AC1AF8F9]
2023-03-07 04:41:14,226 INFO  statemachine.StateMachine (ArithmeticStateMachine.java:applyTransaction(182)) - LEADER:s4-7: a = null = null
2023-03-07 04:41:14,227 DEBUG server.RaftServer$Division (RaftServerImpl.java:logAppendEntries(1429)) - s6@group-7D579A2BF85B: succeeded to handle AppendEntries. Reply: s4<-s6#5926:OK-t1,SUCCESS,nextIndex=8,followerCommit=6,matchIndex=7
2023-03-07 04:41:14,227 DEBUG server.RaftServer$Division (RaftServerImpl.java:logAppendEntries(1429)) - s6@group-7D579A2BF85B: receive appendEntries(s4, 1, (t:1, i:7), 7, true, commits:[s4:c7, s5:c6, s6:c6], cId:5928, entries: [(t:1, i:8), METADATAENTRY(c:7)]
2023-03-07 04:41:14,227 DEBUG server.RaftServer$Division (RaftServerImpl.java:logAppendEntries(1429)) - s5@group-7D579A2BF85B: receive appendEntries(s4, 1, (t:1, i:7), 7, true, commits:[s4:c7, s5:c6, s6:c5], cId:5927, entries: [(t:1, i:8), METADATAENTRY(c:7)]
2023-03-07 04:41:14,227 DEBUG server.RaftServer$Division (RaftServerImpl.java:logAppendEntries(1429)) - s6@group-7D579A2BF85B: succeeded to handle AppendEntries. Reply: s4<-s6#5928:OK-t1,SUCCESS,nextIndex=9,followerCommit=7,matchIndex=8
2023-03-07 04:41:14,228 DEBUG server.RaftServer$Division (RaftServerImpl.java:logAppendEntries(1429)) - s5@group-7D579A2BF85B: succeeded to handle AppendEntries. Reply: s4<-s5#5927:OK-t1,SUCCESS,nextIndex=9,followerCommit=7,matchIndex=8
2023-03-07 04:41:14,229 DEBUG server.RaftServer$Division (RaftServerImpl.java:submitClientRequestAsync(832)) - s4@group-7D579A2BF85B: receive client request(RaftClientRequest:client-4872AC1AF8F9->s4@group-7D579A2BF85B, cid=5929, seq=0, RW, Message:01016200)
2023-03-07 04:41:14,229 DEBUG server.RaftServer$Division (LeaderStateImpl.java:addPendingRequest(474)) - s4@group-7D579A2BF85B-LeaderStateImpl: addPendingRequest at RaftClientRequest:client-4872AC1AF8F9->s4@group-7D579A2BF85B, cid=5929, seq=0, RW, Message:01016200, entry=(t:1, i:9), STATEMACHINELOGENTRY, 5929@client-4872AC1AF8F9
2023-03-07 04:41:14,229 DEBUG server.RaftServer$Division (RaftServerImpl.java:logAppendEntries(1429)) - s5@group-7D579A2BF85B: receive appendEntries(s4, 1, (t:1, i:8), 8, true, commits:[s4:c8, s5:c7, s6:c7], cId:5930, entries: [(t:1, i:9), STATEMACHINELOGENTRY, 5929@client-4872AC1AF8F9]
2023-03-07 04:41:14,230 DEBUG server.RaftServer$Division (RaftServerImpl.java:logAppendEntries(1429)) - s5@group-7D579A2BF85B: succeeded to handle AppendEntries. Reply: s4<-s5#5930:OK-t1,SUCCESS,nextIndex=10,followerCommit=8,matchIndex=9
2023-03-07 04:41:14,230 DEBUG server.RaftServer$Division (RaftServerImpl.java:logAppendEntries(1429)) - s6@group-7D579A2BF85B: receive appendEntries(s4, 1, (t:1, i:8), 8, true, commits:[s4:c8, s5:c7, s6:c7], cId:5931, entries: [(t:1, i:9), STATEMACHINELOGENTRY, 5929@client-4872AC1AF8F9]
2023-03-07 04:41:14,230 DEBUG server.RaftServer$Division (RaftServerImpl.java:logAppendEntries(1429)) - s6@group-7D579A2BF85B: succeeded to handle AppendEntries. Reply: s4<-s6#5931:OK-t1,SUCCESS,nextIndex=10,followerCommit=8,matchIndex=9
2023-03-07 04:41:14,231 INFO  statemachine.StateMachine (ArithmeticStateMachine.java:applyTransaction(182)) - LEADER:s4-9: b = null = null
2023-03-07 04:41:14,231 DEBUG server.RaftServer$Division (RaftServerImpl.java:logAppendEntries(1429)) - s6@group-7D579A2BF85B: receive appendEntries(s4, 1, (t:1, i:9), 9, true, commits:[s4:c9, s5:c8, s6:c8], cId:5932, entries: [(t:1, i:10), METADATAENTRY(c:9)]
2023-03-07 04:41:14,231 DEBUG server.RaftServer$Division (RaftServerImpl.java:logAppendEntries(1429)) - s5@group-7D579A2BF85B: receive appendEntries(s4, 1, (t:1, i:9), 9, true, commits:[s4:c9, s5:c8, s6:c8], cId:5933, entries: [(t:1, i:10), METADATAENTRY(c:9)]
2023-03-07 04:41:14,231 DEBUG server.RaftServer$Division (RaftServerImpl.java:logAppendEntries(1429)) - s6@group-7D579A2BF85B: succeeded to handle AppendEntries. Reply: s4<-s6#5932:OK-t1,SUCCESS,nextIndex=11,followerCommit=9,matchIndex=10
2023-03-07 04:41:14,232 DEBUG server.RaftServer$Division (RaftServerImpl.java:logAppendEntries(1429)) - s5@group-7D579A2BF85B: succeeded to handle AppendEntries. Reply: s4<-s5#5933:OK-t1,SUCCESS,nextIndex=11,followerCommit=9,matchIndex=10
2023-03-07 04:41:14,232 DEBUG server.RaftServer$Division (RaftServerImpl.java:submitClientRequestAsync(832)) - s4@group-7D579A2BF85B: receive client request(RaftClientRequest:client-4872AC1AF8F9->s4@group-7D579A2BF85B, cid=5934, seq=0, RW, Message:01016300)
2023-03-07 04:41:14,233 DEBUG server.RaftServer$Division (LeaderStateImpl.java:addPendingRequest(474)) - s4@group-7D579A2BF85B-LeaderStateImpl: addPendingRequest at RaftClientRequest:client-4872AC1AF8F9->s4@group-7D579A2BF85B, cid=5934, seq=0, RW, Message:01016300, entry=(t:1, i:11), STATEMACHINELOGENTRY, 5934@client-4872AC1AF8F9
2023-03-07 04:41:14,233 DEBUG server.RaftServer$Division (RaftServerImpl.java:logAppendEntries(1429)) - s5@group-7D579A2BF85B: receive appendEntries(s4, 1, (t:1, i:10), 10, true, commits:[s4:c10, s5:c9, s6:c9], cId:5935, entries: [(t:1, i:11), STATEMACHINELOGENTRY, 5934@client-4872AC1AF8F9]
2023-03-07 04:41:14,233 DEBUG server.RaftServer$Division (RaftServerImpl.java:logAppendEntries(1429)) - s5@group-7D579A2BF85B: succeeded to handle AppendEntries. Reply: s4<-s5#5935:OK-t1,SUCCESS,nextIndex=12,followerCommit=10,matchIndex=11
2023-03-07 04:41:14,233 DEBUG server.RaftServer$Division (RaftServerImpl.java:logAppendEntries(1429)) - s6@group-7D579A2BF85B: receive appendEntries(s4, 1, (t:1, i:10), 10, true, commits:[s4:c10, s5:c9, s6:c9], cId:5936, entries: [(t:1, i:11), STATEMACHINELOGENTRY, 5934@client-4872AC1AF8F9]
2023-03-07 04:41:14,234 DEBUG server.RaftServer$Division (RaftServerImpl.java:logAppendEntries(1429)) - s6@group-7D579A2BF85B: succeeded to handle AppendEntries. Reply: s4<-s6#5936:OK-t1,SUCCESS,nextIndex=12,followerCommit=10,matchIndex=11
2023-03-07 04:41:14,234 INFO  statemachine.StateMachine (ArithmeticStateMachine.java:applyTransaction(182)) - LEADER:s4-11: c = null = null
2023-03-07 04:41:14,235 DEBUG server.RaftServer$Division (RaftServerImpl.java:logAppendEntries(1429)) - s6@group-7D579A2BF85B: receive appendEntries(s4, 1, (t:1, i:11), 11, true, commits:[s4:c11, s5:c10, s6:c10], cId:5938, entries: [(t:1, i:12), METADATAENTRY(c:11)]
2023-03-07 04:41:14,235 DEBUG server.RaftServer$Division (RaftServerImpl.java:logAppendEntries(1429)) - s5@group-7D579A2BF85B: receive appendEntries(s4, 1, (t:1, i:11), 11, true, commits:[s4:c11, s5:c10, s6:c10], cId:5937, entries: [(t:1, i:12), METADATAENTRY(c:11)]
2023-03-07 04:41:14,236 DEBUG server.RaftServer$Division (RaftServerImpl.java:logAppendEntries(1429)) - s6@group-7D579A2BF85B: succeeded to handle AppendEntries. Reply: s4<-s6#5938:OK-t1,SUCCESS,nextIndex=13,followerCommit=11,matchIndex=12
2023-03-07 04:41:14,236 DEBUG server.RaftServer$Division (RaftServerImpl.java:logAppendEntries(1429)) - s5@group-7D579A2BF85B: succeeded to handle AppendEntries. Reply: s4<-s5#5937:OK-t1,SUCCESS,nextIndex=13,followerCommit=11,matchIndex=12
2023-03-07 04:41:14,237 DEBUG server.RaftServer$Division (RaftServerImpl.java:submitClientRequestAsync(832)) - s4@group-7D579A2BF85B: receive client request(RaftClientRequest:client-4872AC1AF8F9->s4@group-7D579A2BF85B, cid=5943, seq=0, RW, Message:01016102405040000000...(size=12))
2023-03-07 04:41:14,237 DEBUG server.RaftServer$Division (LeaderStateImpl.java:addPendingRequest(474)) - s4@group-7D579A2BF85B-LeaderStateImpl: addPendingRequest at RaftClientRequest:client-4872AC1AF8F9->s4@group-7D579A2BF85B, cid=5943, seq=0, RW, Message:01016102405040000000...(size=12), entry=(t:1, i:13), STATEMACHINELOGENTRY, 5943@client-4872AC1AF8F9
2023-03-07 04:41:14,237 DEBUG server.RaftServer$Division (RaftServerImpl.java:logAppendEntries(1429)) - s5@group-7D579A2BF85B: receive appendEntries(s4, 1, (t:1, i:12), 12, true, commits:[s4:c12, s5:c11, s6:c11], cId:5944, entries: [(t:1, i:13), STATEMACHINELOGENTRY, 5943@client-4872AC1AF8F9]
2023-03-07 04:41:14,238 DEBUG server.RaftServer$Division (RaftServerImpl.java:logAppendEntries(1429)) - s5@group-7D579A2BF85B: succeeded to handle AppendEntries. Reply: s4<-s5#5944:OK-t1,SUCCESS,nextIndex=14,followerCommit=12,matchIndex=13
2023-03-07 04:41:14,238 DEBUG server.RaftServer$Division (RaftServerImpl.java:logAppendEntries(1429)) - s6@group-7D579A2BF85B: receive appendEntries(s4, 1, (t:1, i:12), 12, true, commits:[s4:c12, s5:c11, s6:c11], cId:5945, entries: [(t:1, i:13), STATEMACHINELOGENTRY, 5943@client-4872AC1AF8F9]
2023-03-07 04:41:14,238 DEBUG server.RaftServer$Division (RaftServerImpl.java:logAppendEntries(1429)) - s6@group-7D579A2BF85B: succeeded to handle AppendEntries. Reply: s4<-s6#5945:OK-t1,SUCCESS,nextIndex=14,followerCommit=12,matchIndex=13
2023-03-07 04:41:14,238 INFO  statemachine.StateMachine (ArithmeticStateMachine.java:applyTransaction(182)) - LEADER:s4-13: a = 65 = 65
2023-03-07 04:41:14,239 DEBUG server.RaftServer$Division (RaftServerImpl.java:logAppendEntries(1429)) - s6@group-7D579A2BF85B: receive appendEntries(s4, 1, (t:1, i:13), 13, true, commits:[s4:c13, s5:c12, s6:c12], cId:5946, entries: [(t:1, i:14), METADATAENTRY(c:13)]
2023-03-07 04:41:14,239 DEBUG server.RaftServer$Division (RaftServerImpl.java:logAppendEntries(1429)) - s5@group-7D579A2BF85B: receive appendEntries(s4, 1, (t:1, i:13), 13, true, commits:[s4:c13, s5:c12, s6:c12], cId:5947, entries: [(t:1, i:14), METADATAENTRY(c:13)]
2023-03-07 04:41:14,239 DEBUG server.RaftServer$Division (RaftServerImpl.java:logAppendEntries(1429)) - s6@group-7D579A2BF85B: succeeded to handle AppendEntries. Reply: s4<-s6#5946:OK-t1,SUCCESS,nextIndex=15,followerCommit=13,matchIndex=14
2023-03-07 04:41:14,239 DEBUG server.RaftServer$Division (RaftServerImpl.java:logAppendEntries(1429)) - s5@group-7D579A2BF85B: succeeded to handle AppendEntries. Reply: s4<-s5#5947:OK-t1,SUCCESS,nextIndex=15,followerCommit=13,matchIndex=14
2023-03-07 04:41:14,240 DEBUG server.RaftServer$Division (RaftServerImpl.java:submitClientRequestAsync(832)) - s4@group-7D579A2BF85B: receive client request(RaftClientRequest:client-4872AC1AF8F9->s4@group-7D579A2BF85B, cid=5948, seq=0, RW, Message:0101620240a080000000...(size=12))
2023-03-07 04:41:14,240 DEBUG server.RaftServer$Division (LeaderStateImpl.java:addPendingRequest(474)) - s4@group-7D579A2BF85B-LeaderStateImpl: addPendingRequest at RaftClientRequest:client-4872AC1AF8F9->s4@group-7D579A2BF85B, cid=5948, seq=0, RW, Message:0101620240a080000000...(size=12), entry=(t:1, i:15), STATEMACHINELOGENTRY, 5948@client-4872AC1AF8F9
2023-03-07 04:41:14,241 DEBUG server.RaftServer$Division (RaftServerImpl.java:logAppendEntries(1429)) - s5@group-7D579A2BF85B: receive appendEntries(s4, 1, (t:1, i:14), 14, true, commits:[s4:c14, s5:c13, s6:c13], cId:5949, entries: [(t:1, i:15), STATEMACHINELOGENTRY, 5948@client-4872AC1AF8F9]
2023-03-07 04:41:14,241 DEBUG server.RaftServer$Division (RaftServerImpl.java:logAppendEntries(1429)) - s5@group-7D579A2BF85B: succeeded to handle AppendEntries. Reply: s4<-s5#5949:OK-t1,SUCCESS,nextIndex=16,followerCommit=14,matchIndex=15
2023-03-07 04:41:14,241 DEBUG server.RaftServer$Division (RaftServerImpl.java:logAppendEntries(1429)) - s6@group-7D579A2BF85B: receive appendEntries(s4, 1, (t:1, i:14), 14, true, commits:[s4:c14, s5:c13, s6:c13], cId:5950, entries: [(t:1, i:15), STATEMACHINELOGENTRY, 5948@client-4872AC1AF8F9]
2023-03-07 04:41:14,242 DEBUG server.RaftServer$Division (RaftServerImpl.java:logAppendEntries(1429)) - s6@group-7D579A2BF85B: succeeded to handle AppendEntries. Reply: s4<-s6#5950:OK-t1,SUCCESS,nextIndex=16,followerCommit=14,matchIndex=15
2023-03-07 04:41:14,242 INFO  statemachine.StateMachine (ArithmeticStateMachine.java:applyTransaction(182)) - LEADER:s4-15: b = 2112 = 2112
2023-03-07 04:41:14,242 DEBUG server.RaftServer$Division (RaftServerImpl.java:logAppendEntries(1429)) - s6@group-7D579A2BF85B: receive appendEntries(s4, 1, (t:1, i:15), 15, true, commits:[s4:c15, s5:c14, s6:c14], cId:5951, entries: [(t:1, i:16), METADATAENTRY(c:15)]
2023-03-07 04:41:14,243 DEBUG server.RaftServer$Division (RaftServerImpl.java:logAppendEntries(1429)) - s5@group-7D579A2BF85B: receive appendEntries(s4, 1, (t:1, i:15), 15, true, commits:[s4:c15, s5:c14, s6:c14], cId:5952, entries: [(t:1, i:16), METADATAENTRY(c:15)]
2023-03-07 04:41:14,243 DEBUG server.RaftServer$Division (RaftServerImpl.java:logAppendEntries(1429)) - s6@group-7D579A2BF85B: succeeded to handle AppendEntries. Reply: s4<-s6#5951:OK-t1,SUCCESS,nextIndex=17,followerCommit=15,matchIndex=16
2023-03-07 04:41:14,243 DEBUG server.RaftServer$Division (RaftServerImpl.java:logAppendEntries(1429)) - s5@group-7D579A2BF85B: succeeded to handle AppendEntries. Reply: s4<-s5#5952:OK-t1,SUCCESS,nextIndex=17,followerCommit=15,matchIndex=16
2023-03-07 04:41:14,244 DEBUG server.RaftServer$Division (RaftServerImpl.java:submitClientRequestAsync(832)) - s4@group-7D579A2BF85B: receive client request(RaftClientRequest:client-4872AC1AF8F9->s4@group-7D579A2BF85B, cid=5953, seq=0, RW, Message:01016304010300040201...(size=17))
2023-03-07 04:41:14,244 DEBUG server.RaftServer$Division (LeaderStateImpl.java:addPendingRequest(474)) - s4@group-7D579A2BF85B-LeaderStateImpl: addPendingRequest at RaftClientRequest:client-4872AC1AF8F9->s4@group-7D579A2BF85B, cid=5953, seq=0, RW, Message:01016304010300040201...(size=17), entry=(t:1, i:17), STATEMACHINELOGENTRY, 5953@client-4872AC1AF8F9
2023-03-07 04:41:14,244 DEBUG server.RaftServer$Division (RaftServerImpl.java:logAppendEntries(1429)) - s5@group-7D579A2BF85B: receive appendEntries(s4, 1, (t:1, i:16), 16, true, commits:[s4:c16, s5:c15, s6:c15], cId:5954, entries: [(t:1, i:17), STATEMACHINELOGENTRY, 5953@client-4872AC1AF8F9]
2023-03-07 04:41:14,245 DEBUG server.RaftServer$Division (RaftServerImpl.java:logAppendEntries(1429)) - s5@group-7D579A2BF85B: succeeded to handle AppendEntries. Reply: s4<-s5#5954:OK-t1,SUCCESS,nextIndex=18,followerCommit=16,matchIndex=17
2023-03-07 04:41:14,245 DEBUG server.RaftServer$Division (RaftServerImpl.java:logAppendEntries(1429)) - s6@group-7D579A2BF85B: receive appendEntries(s4, 1, (t:1, i:16), 16, true, commits:[s4:c16, s5:c15, s6:c15], cId:5955, entries: [(t:1, i:17), STATEMACHINELOGENTRY, 5953@client-4872AC1AF8F9]
2023-03-07 04:41:14,245 DEBUG server.RaftServer$Division (RaftServerImpl.java:logAppendEntries(1429)) - s6@group-7D579A2BF85B: succeeded to handle AppendEntries. Reply: s4<-s6#5955:OK-t1,SUCCESS,nextIndex=18,followerCommit=16,matchIndex=17
2023-03-07 04:41:14,245 INFO  statemachine.StateMachine (ArithmeticStateMachine.java:applyTransaction(182)) - LEADER:s4-17: c = √(a^2 + b^2) = 2113
2023-03-07 04:41:14,246 DEBUG server.RaftServer$Division (RaftServerImpl.java:logAppendEntries(1429)) - s6@group-7D579A2BF85B: receive appendEntries(s4, 1, (t:1, i:17), 17, true, commits:[s4:c17, s5:c16, s6:c16], cId:5956, entries: [(t:1, i:18), METADATAENTRY(c:17)]
2023-03-07 04:41:14,246 DEBUG server.RaftServer$Division (RaftServerImpl.java:logAppendEntries(1429)) - s5@group-7D579A2BF85B: receive appendEntries(s4, 1, (t:1, i:17), 17, true, commits:[s4:c17, s5:c16, s6:c16], cId:5957, entries: [(t:1, i:18), METADATAENTRY(c:17)]
2023-03-07 04:41:14,246 DEBUG server.RaftServer$Division (RaftServerImpl.java:logAppendEntries(1429)) - s6@group-7D579A2BF85B: succeeded to handle AppendEntries. Reply: s4<-s6#5956:OK-t1,SUCCESS,nextIndex=19,followerCommit=17,matchIndex=18
2023-03-07 04:41:14,246 DEBUG server.RaftServer$Division (RaftServerImpl.java:logAppendEntries(1429)) - s5@group-7D579A2BF85B: succeeded to handle AppendEntries. Reply: s4<-s5#5957:OK-t1,SUCCESS,nextIndex=19,followerCommit=17,matchIndex=18
2023-03-07 04:41:14,247 DEBUG server.RaftServer$Division (RaftServerImpl.java:submitClientRequestAsync(832)) - s4@group-7D579A2BF85B: receive client request(RaftClientRequest:client-4872AC1AF8F9->s4@group-7D579A2BF85B, cid=5958, seq=0, RW, Message:01016100)
2023-03-07 04:41:14,247 DEBUG server.RaftServer$Division (LeaderStateImpl.java:addPendingRequest(474)) - s4@group-7D579A2BF85B-LeaderStateImpl: addPendingRequest at RaftClientRequest:client-4872AC1AF8F9->s4@group-7D579A2BF85B, cid=5958, seq=0, RW, Message:01016100, entry=(t:1, i:19), STATEMACHINELOGENTRY, 5958@client-4872AC1AF8F9
2023-03-07 04:41:14,248 DEBUG server.RaftServer$Division (RaftServerImpl.java:logAppendEntries(1429)) - s5@group-7D579A2BF85B: receive appendEntries(s4, 1, (t:1, i:18), 18, true, commits:[s4:c18, s5:c17, s6:c17], cId:5959, entries: [(t:1, i:19), STATEMACHINELOGENTRY, 5958@client-4872AC1AF8F9]
2023-03-07 04:41:14,248 DEBUG server.RaftServer$Division (RaftServerImpl.java:logAppendEntries(1429)) - s5@group-7D579A2BF85B: succeeded to handle AppendEntries. Reply: s4<-s5#5959:OK-t1,SUCCESS,nextIndex=20,followerCommit=18,matchIndex=19
2023-03-07 04:41:14,248 DEBUG server.RaftServer$Division (RaftServerImpl.java:logAppendEntries(1429)) - s6@group-7D579A2BF85B: receive appendEntries(s4, 1, (t:1, i:18), 18, true, commits:[s4:c18, s5:c17, s6:c17], cId:5960, entries: [(t:1, i:19), STATEMACHINELOGENTRY, 5958@client-4872AC1AF8F9]
2023-03-07 04:41:14,249 DEBUG server.RaftServer$Division (RaftServerImpl.java:logAppendEntries(1429)) - s6@group-7D579A2BF85B: succeeded to handle AppendEntries. Reply: s4<-s6#5960:OK-t1,SUCCESS,nextIndex=20,followerCommit=18,matchIndex=19
2023-03-07 04:41:14,249 INFO  statemachine.StateMachine (ArithmeticStateMachine.java:applyTransaction(182)) - LEADER:s4-19: a = null = null
2023-03-07 04:41:14,249 DEBUG server.RaftServer$Division (RaftServerImpl.java:logAppendEntries(1429)) - s6@group-7D579A2BF85B: receive appendEntries(s4, 1, (t:1, i:19), 19, true, commits:[s4:c19, s5:c18, s6:c18], cId:5961, entries: [(t:1, i:20), METADATAENTRY(c:19)]
2023-03-07 04:41:14,250 DEBUG server.RaftServer$Division (RaftServerImpl.java:logAppendEntries(1429)) - s5@group-7D579A2BF85B: receive appendEntries(s4, 1, (t:1, i:19), 19, true, commits:[s4:c19, s5:c18, s6:c18], cId:5962, entries: [(t:1, i:20), METADATAENTRY(c:19)]
2023-03-07 04:41:14,250 DEBUG server.RaftServer$Division (RaftServerImpl.java:logAppendEntries(1429)) - s6@group-7D579A2BF85B: succeeded to handle AppendEntries. Reply: s4<-s6#5961:OK-t1,SUCCESS,nextIndex=21,followerCommit=19,matchIndex=20
2023-03-07 04:41:14,250 DEBUG server.RaftServer$Division (RaftServerImpl.java:logAppendEntries(1429)) - s5@group-7D579A2BF85B: succeeded to handle AppendEntries. Reply: s4<-s5#5962:OK-t1,SUCCESS,nextIndex=21,followerCommit=19,matchIndex=20
2023-03-07 04:41:14,251 DEBUG server.RaftServer$Division (RaftServerImpl.java:submitClientRequestAsync(832)) - s4@group-7D579A2BF85B: receive client request(RaftClientRequest:client-4872AC1AF8F9->s4@group-7D579A2BF85B, cid=5963, seq=0, RW, Message:01016200)
2023-03-07 04:41:14,251 DEBUG server.RaftServer$Division (LeaderStateImpl.java:addPendingRequest(474)) - s4@group-7D579A2BF85B-LeaderStateImpl: addPendingRequest at RaftClientRequest:client-4872AC1AF8F9->s4@group-7D579A2BF85B, cid=5963, seq=0, RW, Message:01016200, entry=(t:1, i:21), STATEMACHINELOGENTRY, 5963@client-4872AC1AF8F9
2023-03-07 04:41:14,251 DEBUG server.RaftServer$Division (RaftServerImpl.java:logAppendEntries(1429)) - s5@group-7D579A2BF85B: receive appendEntries(s4, 1, (t:1, i:20), 20, true, commits:[s4:c20, s5:c19, s6:c19], cId:5964, entries: [(t:1, i:21), STATEMACHINELOGENTRY, 5963@client-4872AC1AF8F9]
2023-03-07 04:41:14,251 DEBUG server.RaftServer$Division (RaftServerImpl.java:logAppendEntries(1429)) - s5@group-7D579A2BF85B: succeeded to handle AppendEntries. Reply: s4<-s5#5964:OK-t1,SUCCESS,nextIndex=22,followerCommit=20,matchIndex=21
2023-03-07 04:41:14,252 DEBUG server.RaftServer$Division (RaftServerImpl.java:logAppendEntries(1429)) - s6@group-7D579A2BF85B: receive appendEntries(s4, 1, (t:1, i:20), 20, true, commits:[s4:c20, s5:c19, s6:c19], cId:5965, entries: [(t:1, i:21), STATEMACHINELOGENTRY, 5963@client-4872AC1AF8F9]
2023-03-07 04:41:14,252 DEBUG server.RaftServer$Division (RaftServerImpl.java:logAppendEntries(1429)) - s6@group-7D579A2BF85B: succeeded to handle AppendEntries. Reply: s4<-s6#5965:OK-t1,SUCCESS,nextIndex=22,followerCommit=20,matchIndex=21
2023-03-07 04:41:14,252 INFO  statemachine.StateMachine (ArithmeticStateMachine.java:applyTransaction(182)) - LEADER:s4-21: b = null = null
2023-03-07 04:41:14,253 DEBUG server.RaftServer$Division (RaftServerImpl.java:logAppendEntries(1429)) - s6@group-7D579A2BF85B: receive appendEntries(s4, 1, (t:1, i:21), 21, true, commits:[s4:c21, s5:c20, s6:c20], cId:5966, entries: [(t:1, i:22), METADATAENTRY(c:21)]
2023-03-07 04:41:14,253 DEBUG server.RaftServer$Division (RaftServerImpl.java:logAppendEntries(1429)) - s5@group-7D579A2BF85B: receive appendEntries(s4, 1, (t:1, i:21), 21, true, commits:[s4:c21, s5:c20, s6:c20], cId:5967, entries: [(t:1, i:22), METADATAENTRY(c:21)]
2023-03-07 04:41:14,253 DEBUG server.RaftServer$Division (RaftServerImpl.java:logAppendEntries(1429)) - s6@group-7D579A2BF85B: succeeded to handle AppendEntries. Reply: s4<-s6#5966:OK-t1,SUCCESS,nextIndex=23,followerCommit=21,matchIndex=22
2023-03-07 04:41:14,253 DEBUG server.RaftServer$Division (RaftServerImpl.java:logAppendEntries(1429)) - s5@group-7D579A2BF85B: succeeded to handle AppendEntries. Reply: s4<-s5#5967:OK-t1,SUCCESS,nextIndex=23,followerCommit=21,matchIndex=22
2023-03-07 04:41:14,254 DEBUG server.RaftServer$Division (RaftServerImpl.java:submitClientRequestAsync(832)) - s4@group-7D579A2BF85B: receive client request(RaftClientRequest:client-4872AC1AF8F9->s4@group-7D579A2BF85B, cid=5968, seq=0, RW, Message:01016300)
2023-03-07 04:41:14,254 DEBUG server.RaftServer$Division (LeaderStateImpl.java:addPendingRequest(474)) - s4@group-7D579A2BF85B-LeaderStateImpl: addPendingRequest at RaftClientRequest:client-4872AC1AF8F9->s4@group-7D579A2BF85B, cid=5968, seq=0, RW, Message:01016300, entry=(t:1, i:23), STATEMACHINELOGENTRY, 5968@client-4872AC1AF8F9
2023-03-07 04:41:14,254 DEBUG server.RaftServer$Division (RaftServerImpl.java:logAppendEntries(1429)) - s5@group-7D579A2BF85B: receive appendEntries(s4, 1, (t:1, i:22), 22, true, commits:[s4:c22, s5:c21, s6:c21], cId:5969, entries: [(t:1, i:23), STATEMACHINELOGENTRY, 5968@client-4872AC1AF8F9]
2023-03-07 04:41:14,255 DEBUG server.RaftServer$Division (RaftServerImpl.java:logAppendEntries(1429)) - s5@group-7D579A2BF85B: succeeded to handle AppendEntries. Reply: s4<-s5#5969:OK-t1,SUCCESS,nextIndex=24,followerCommit=22,matchIndex=23
2023-03-07 04:41:14,255 INFO  statemachine.StateMachine (ArithmeticStateMachine.java:applyTransaction(182)) - LEADER:s4-23: c = null = null
2023-03-07 04:41:14,255 DEBUG server.RaftServer$Division (RaftServerImpl.java:logAppendEntries(1429)) - s5@group-7D579A2BF85B: receive appendEntries(s4, 1, (t:1, i:23), 23, true, commits:[s4:c23, s5:c22, s6:c21], cId:5971, entries: [(t:1, i:24), METADATAENTRY(c:23)]
2023-03-07 04:41:14,256 DEBUG server.RaftServer$Division (RaftServerImpl.java:logAppendEntries(1429)) - s5@group-7D579A2BF85B: succeeded to handle AppendEntries. Reply: s4<-s5#5971:OK-t1,SUCCESS,nextIndex=25,followerCommit=23,matchIndex=24
2023-03-07 04:41:14,256 DEBUG server.RaftServer$Division (RaftServerImpl.java:submitClientRequestAsync(832)) - s4@group-7D579A2BF85B: receive client request(RaftClientRequest:client-4872AC1AF8F9->s4@group-7D579A2BF85B, cid=5972, seq=0, RW, Message:010161024050c0000000...(size=12))
2023-03-07 04:41:14,257 DEBUG server.RaftServer$Division (LeaderStateImpl.java:addPendingRequest(474)) - s4@group-7D579A2BF85B-LeaderStateImpl: addPendingRequest at RaftClientRequest:client-4872AC1AF8F9->s4@group-7D579A2BF85B, cid=5972, seq=0, RW, Message:010161024050c0000000...(size=12), entry=(t:1, i:25), STATEMACHINELOGENTRY, 5972@client-4872AC1AF8F9
2023-03-07 04:41:14,257 DEBUG server.RaftServer$Division (RaftServerImpl.java:logAppendEntries(1429)) - s5@group-7D579A2BF85B: receive appendEntries(s4, 1, (t:1, i:24), 24, true, commits:[s4:c24, s5:c23, s6:c21], cId:5973, entries: [(t:1, i:25), STATEMACHINELOGENTRY, 5972@client-4872AC1AF8F9]
2023-03-07 04:41:14,257 DEBUG server.RaftServer$Division (RaftServerImpl.java:logAppendEntries(1429)) - s5@group-7D579A2BF85B: succeeded to handle AppendEntries. Reply: s4<-s5#5973:OK-t1,SUCCESS,nextIndex=26,followerCommit=24,matchIndex=25
2023-03-07 04:41:14,257 INFO  statemachine.StateMachine (ArithmeticStateMachine.java:applyTransaction(182)) - LEADER:s4-25: a = 67 = 67
2023-03-07 04:41:14,258 DEBUG server.RaftServer$Division (RaftServerImpl.java:logAppendEntries(1429)) - s5@group-7D579A2BF85B: receive appendEntries(s4, 1, (t:1, i:25), 25, true, commits:[s4:c25, s5:c24, s6:c21], cId:5974, entries: [(t:1, i:26), METADATAENTRY(c:25)]
2023-03-07 04:41:14,258 DEBUG server.RaftServer$Division (RaftServerImpl.java:logAppendEntries(1429)) - s5@group-7D579A2BF85B: succeeded to handle AppendEntries. Reply: s4<-s5#5974:OK-t1,SUCCESS,nextIndex=27,followerCommit=25,matchIndex=26
2023-03-07 04:41:14,259 DEBUG server.RaftServer$Division (RaftServerImpl.java:submitClientRequestAsync(832)) - s4@group-7D579A2BF85B: receive client request(RaftClientRequest:client-4872AC1AF8F9->s4@group-7D579A2BF85B, cid=5975, seq=0, RW, Message:0101620240a188000000...(size=12))
2023-03-07 04:41:14,259 DEBUG server.RaftServer$Division (LeaderStateImpl.java:addPendingRequest(474)) - s4@group-7D579A2BF85B-LeaderStateImpl: addPendingRequest at RaftClientRequest:client-4872AC1AF8F9->s4@group-7D579A2BF85B, cid=5975, seq=0, RW, Message:0101620240a188000000...(size=12), entry=(t:1, i:27), STATEMACHINELOGENTRY, 5975@client-4872AC1AF8F9
2023-03-07 04:41:14,259 DEBUG server.RaftServer$Division (RaftServerImpl.java:logAppendEntries(1429)) - s5@group-7D579A2BF85B: receive appendEntries(s4, 1, (t:1, i:26), 26, true, commits:[s4:c26, s5:c25, s6:c21], cId:5976, entries: [(t:1, i:27), STATEMACHINELOGENTRY, 5975@client-4872AC1AF8F9]
2023-03-07 04:41:14,259 DEBUG server.RaftServer$Division (RaftServerImpl.java:logAppendEntries(1429)) - s5@group-7D579A2BF85B: succeeded to handle AppendEntries. Reply: s4<-s5#5976:OK-t1,SUCCESS,nextIndex=28,followerCommit=26,matchIndex=27
2023-03-07 04:41:14,260 INFO  statemachine.StateMachine (ArithmeticStateMachine.java:applyTransaction(182)) - LEADER:s4-27: b = 2244 = 2244
2023-03-07 04:41:14,260 DEBUG server.RaftServer$Division (RaftServerImpl.java:logAppendEntries(1429)) - s6@group-7D579A2BF85B: receive appendEntries(s4, 1, (t:1, i:22), 22, true, commits:[s4:c22, s5:c21, s6:c21], cId:5970, entries: [(t:1, i:23), STATEMACHINELOGENTRY, 5968@client-4872AC1AF8F9]
2023-03-07 04:41:14,260 DEBUG server.RaftServer$Division (RaftServerImpl.java:logAppendEntries(1429)) - s6@group-7D579A2BF85B: succeeded to handle AppendEntries. Reply: s4<-s6#5970:OK-t1,SUCCESS,nextIndex=24,followerCommit=22,matchIndex=23
2023-03-07 04:41:14,260 DEBUG server.RaftServer$Division (RaftServerImpl.java:logAppendEntries(1429)) - s5@group-7D579A2BF85B: receive appendEntries(s4, 1, (t:1, i:27), 27, true, commits:[s4:c27, s5:c26, s6:c21], cId:5977, entries: [(t:1, i:28), METADATAENTRY(c:27)]
2023-03-07 04:41:14,260 DEBUG server.RaftServer$Division (RaftServerImpl.java:logAppendEntries(1429)) - s5@group-7D579A2BF85B: succeeded to handle AppendEntries. Reply: s4<-s5#5977:OK-t1,SUCCESS,nextIndex=29,followerCommit=27,matchIndex=28
2023-03-07 04:41:14,260 DEBUG server.RaftServer$Division (RaftServerImpl.java:logAppendEntries(1429)) - s6@group-7D579A2BF85B: receive appendEntries(s4, 1, (t:1, i:23), 27, true, commits:[s4:c27, s5:c26, s6:c22], cId:5978, entries: [(t:1, i:24), METADATAENTRY(c:23), (t:1, i:25), STATEMACHINELOGENTRY, 5972@client-4872AC1AF8F9, (t:1, i:26), METADATAENTRY(c:25), (t:1, i:27), STATEMACHINELOGENTRY, 5975@client-4872AC1AF8F9, (t:1, i:28), METADATAENTRY(c:27)]
2023-03-07 04:41:14,261 DEBUG server.RaftServer$Division (RaftServerImpl.java:logAppendEntries(1429)) - s6@group-7D579A2BF85B: succeeded to handle AppendEntries. Reply: s4<-s6#5978:OK-t1,SUCCESS,nextIndex=29,followerCommit=27,matchIndex=28
2023-03-07 04:41:14,261 DEBUG server.RaftServer$Division (RaftServerImpl.java:submitClientRequestAsync(832)) - s4@group-7D579A2BF85B: receive client request(RaftClientRequest:client-4872AC1AF8F9->s4@group-7D579A2BF85B, cid=5979, seq=0, RW, Message:01016304010300040201...(size=17))
2023-03-07 04:41:14,261 DEBUG server.RaftServer$Division (LeaderStateImpl.java:addPendingRequest(474)) - s4@group-7D579A2BF85B-LeaderStateImpl: addPendingRequest at RaftClientRequest:client-4872AC1AF8F9->s4@group-7D579A2BF85B, cid=5979, seq=0, RW, Message:01016304010300040201...(size=17), entry=(t:1, i:29), STATEMACHINELOGENTRY, 5979@client-4872AC1AF8F9
2023-03-07 04:41:14,262 DEBUG server.RaftServer$Division (RaftServerImpl.java:logAppendEntries(1429)) - s5@group-7D579A2BF85B: receive appendEntries(s4, 1, (t:1, i:28), 28, true, commits:[s4:c28, s5:c27, s6:c27], cId:5980, entries: [(t:1, i:29), STATEMACHINELOGENTRY, 5979@client-4872AC1AF8F9]
2023-03-07 04:41:14,262 DEBUG server.RaftServer$Division (RaftServerImpl.java:logAppendEntries(1429)) - s5@group-7D579A2BF85B: succeeded to handle AppendEntries. Reply: s4<-s5#5980:OK-t1,SUCCESS,nextIndex=30,followerCommit=28,matchIndex=29
2023-03-07 04:41:14,262 DEBUG server.RaftServer$Division (RaftServerImpl.java:logAppendEntries(1429)) - s6@group-7D579A2BF85B: receive appendEntries(s4, 1, (t:1, i:28), 28, true, commits:[s4:c28, s5:c27, s6:c27], cId:5981, entries: [(t:1, i:29), STATEMACHINELOGENTRY, 5979@client-4872AC1AF8F9]
2023-03-07 04:41:14,262 INFO  statemachine.StateMachine (ArithmeticStateMachine.java:applyTransaction(182)) - LEADER:s4-29: c = √(a^2 + b^2) = 2245
2023-03-07 04:41:14,263 DEBUG server.RaftServer$Division (RaftServerImpl.java:logAppendEntries(1429)) - s6@group-7D579A2BF85B: succeeded to handle AppendEntries. Reply: s4<-s6#5981:OK-t1,SUCCESS,nextIndex=30,followerCommit=28,matchIndex=29
2023-03-07 04:41:14,263 DEBUG server.RaftServer$Division (RaftServerImpl.java:logAppendEntries(1429)) - s5@group-7D579A2BF85B: receive appendEntries(s4, 1, (t:1, i:29), 29, true, commits:[s4:c29, s5:c28, s6:c27], cId:5982, entries: [(t:1, i:30), METADATAENTRY(c:29)]
2023-03-07 04:41:14,263 DEBUG server.RaftServer$Division (RaftServerImpl.java:logAppendEntries(1429)) - s6@group-7D579A2BF85B: receive appendEntries(s4, 1, (t:1, i:29), 29, true, commits:[s4:c29, s5:c28, s6:c28], cId:5983, entries: [(t:1, i:30), METADATAENTRY(c:29)]
2023-03-07 04:41:14,263 DEBUG server.RaftServer$Division (RaftServerImpl.java:logAppendEntries(1429)) - s5@group-7D579A2BF85B: succeeded to handle AppendEntries. Reply: s4<-s5#5982:OK-t1,SUCCESS,nextIndex=31,followerCommit=29,matchIndex=30
2023-03-07 04:41:14,263 DEBUG server.RaftServer$Division (RaftServerImpl.java:logAppendEntries(1429)) - s6@group-7D579A2BF85B: succeeded to handle AppendEntries. Reply: s4<-s6#5983:OK-t1,SUCCESS,nextIndex=31,followerCommit=29,matchIndex=30
2023-03-07 04:41:14,264 DEBUG server.RaftServer$Division (RaftServerImpl.java:submitClientRequestAsync(832)) - s4@group-7D579A2BF85B: receive client request(RaftClientRequest:client-4872AC1AF8F9->s4@group-7D579A2BF85B, cid=5984, seq=0, RW, Message:01016100)
2023-03-07 04:41:14,264 DEBUG server.RaftServer$Division (LeaderStateImpl.java:addPendingRequest(474)) - s4@group-7D579A2BF85B-LeaderStateImpl: addPendingRequest at RaftClientRequest:client-4872AC1AF8F9->s4@group-7D579A2BF85B, cid=5984, seq=0, RW, Message:01016100, entry=(t:1, i:31), STATEMACHINELOGENTRY, 5984@client-4872AC1AF8F9
2023-03-07 04:41:14,264 DEBUG server.RaftServer$Division (RaftServerImpl.java:logAppendEntries(1429)) - s5@group-7D579A2BF85B: receive appendEntries(s4, 1, (t:1, i:30), 30, true, commits:[s4:c30, s5:c29, s6:c29], cId:5985, entries: [(t:1, i:31), STATEMACHINELOGENTRY, 5984@client-4872AC1AF8F9]
2023-03-07 04:41:14,265 DEBUG server.RaftServer$Division (RaftServerImpl.java:logAppendEntries(1429)) - s5@group-7D579A2BF85B: succeeded to handle AppendEntries. Reply: s4<-s5#5985:OK-t1,SUCCESS,nextIndex=32,followerCommit=30,matchIndex=31
2023-03-07 04:41:14,265 DEBUG server.RaftServer$Division (RaftServerImpl.java:logAppendEntries(1429)) - s6@group-7D579A2BF85B: receive appendEntries(s4, 1, (t:1, i:30), 30, true, commits:[s4:c30, s5:c29, s6:c29], cId:5986, entries: [(t:1, i:31), STATEMACHINELOGENTRY, 5984@client-4872AC1AF8F9]
2023-03-07 04:41:14,265 INFO  statemachine.StateMachine (ArithmeticStateMachine.java:applyTransaction(182)) - LEADER:s4-31: a = null = null
2023-03-07 04:41:14,265 DEBUG server.RaftServer$Division (RaftServerImpl.java:logAppendEntries(1429)) - s6@group-7D579A2BF85B: succeeded to handle AppendEntries. Reply: s4<-s6#5986:OK-t1,SUCCESS,nextIndex=32,followerCommit=30,matchIndex=31
2023-03-07 04:41:14,265 DEBUG server.RaftServer$Division (RaftServerImpl.java:logAppendEntries(1429)) - s5@group-7D579A2BF85B: receive appendEntries(s4, 1, (t:1, i:31), 31, true, commits:[s4:c31, s5:c30, s6:c29], cId:5987, entries: [(t:1, i:32), METADATAENTRY(c:31)]
2023-03-07 04:41:14,266 DEBUG server.RaftServer$Division (RaftServerImpl.java:logAppendEntries(1429)) - s6@group-7D579A2BF85B: receive appendEntries(s4, 1, (t:1, i:31), 31, true, commits:[s4:c31, s5:c30, s6:c30], cId:5988, entries: [(t:1, i:32), METADATAENTRY(c:31)]
2023-03-07 04:41:14,266 DEBUG server.RaftServer$Division (RaftServerImpl.java:logAppendEntries(1429)) - s5@group-7D579A2BF85B: succeeded to handle AppendEntries. Reply: s4<-s5#5987:OK-t1,SUCCESS,nextIndex=33,followerCommit=31,matchIndex=32
2023-03-07 04:41:14,266 DEBUG server.RaftServer$Division (RaftServerImpl.java:logAppendEntries(1429)) - s6@group-7D579A2BF85B: succeeded to handle AppendEntries. Reply: s4<-s6#5988:OK-t1,SUCCESS,nextIndex=33,followerCommit=31,matchIndex=32
2023-03-07 04:41:14,266 DEBUG server.RaftServer$Division (RaftServerImpl.java:submitClientRequestAsync(832)) - s4@group-7D579A2BF85B: receive client request(RaftClientRequest:client-4872AC1AF8F9->s4@group-7D579A2BF85B, cid=5989, seq=0, RW, Message:01016200)
2023-03-07 04:41:14,267 DEBUG server.RaftServer$Division (LeaderStateImpl.java:addPendingRequest(474)) - s4@group-7D579A2BF85B-LeaderStateImpl: addPendingRequest at RaftClientRequest:client-4872AC1AF8F9->s4@group-7D579A2BF85B, cid=5989, seq=0, RW, Message:01016200, entry=(t:1, i:33), STATEMACHINELOGENTRY, 5989@client-4872AC1AF8F9
2023-03-07 04:41:14,267 DEBUG server.RaftServer$Division (RaftServerImpl.java:logAppendEntries(1429)) - s5@group-7D579A2BF85B: receive appendEntries(s4, 1, (t:1, i:32), 32, true, commits:[s4:c32, s5:c31, s6:c31], cId:5990, entries: [(t:1, i:33), STATEMACHINELOGENTRY, 5989@client-4872AC1AF8F9]
2023-03-07 04:41:14,267 DEBUG server.RaftServer$Division (RaftServerImpl.java:logAppendEntries(1429)) - s5@group-7D579A2BF85B: succeeded to handle AppendEntries. Reply: s4<-s5#5990:OK-t1,SUCCESS,nextIndex=34,followerCommit=32,matchIndex=33
2023-03-07 04:41:14,267 DEBUG server.RaftServer$Division (RaftServerImpl.java:logAppendEntries(1429)) - s6@group-7D579A2BF85B: receive appendEntries(s4, 1, (t:1, i:32), 32, true, commits:[s4:c32, s5:c31, s6:c31], cId:5991, entries: [(t:1, i:33), STATEMACHINELOGENTRY, 5989@client-4872AC1AF8F9]
2023-03-07 04:41:14,267 INFO  statemachine.StateMachine (ArithmeticStateMachine.java:applyTransaction(182)) - LEADER:s4-33: b = null = null
2023-03-07 04:41:14,268 DEBUG server.RaftServer$Division (RaftServerImpl.java:logAppendEntries(1429)) - s6@group-7D579A2BF85B: succeeded to handle AppendEntries. Reply: s4<-s6#5991:OK-t1,SUCCESS,nextIndex=34,followerCommit=32,matchIndex=33
2023-03-07 04:41:14,268 DEBUG server.RaftServer$Division (RaftServerImpl.java:logAppendEntries(1429)) - s5@group-7D579A2BF85B: receive appendEntries(s4, 1, (t:1, i:33), 33, true, commits:[s4:c33, s5:c32, s6:c31], cId:5992, entries: [(t:1, i:34), METADATAENTRY(c:33)]
2023-03-07 04:41:14,268 DEBUG server.RaftServer$Division (RaftServerImpl.java:logAppendEntries(1429)) - s6@group-7D579A2BF85B: receive appendEntries(s4, 1, (t:1, i:33), 33, true, commits:[s4:c33, s5:c32, s6:c32], cId:5993, entries: [(t:1, i:34), METADATAENTRY(c:33)]
2023-03-07 04:41:14,268 DEBUG server.RaftServer$Division (RaftServerImpl.java:logAppendEntries(1429)) - s5@group-7D579A2BF85B: succeeded to handle AppendEntries. Reply: s4<-s5#5992:OK-t1,SUCCESS,nextIndex=35,followerCommit=33,matchIndex=34
2023-03-07 04:41:14,268 DEBUG server.RaftServer$Division (RaftServerImpl.java:logAppendEntries(1429)) - s6@group-7D579A2BF85B: succeeded to handle AppendEntries. Reply: s4<-s6#5993:OK-t1,SUCCESS,nextIndex=35,followerCommit=33,matchIndex=34
2023-03-07 04:41:14,269 DEBUG server.RaftServer$Division (RaftServerImpl.java:submitClientRequestAsync(832)) - s4@group-7D579A2BF85B: receive client request(RaftClientRequest:client-4872AC1AF8F9->s4@group-7D579A2BF85B, cid=5994, seq=0, RW, Message:01016300)
2023-03-07 04:41:14,269 DEBUG server.RaftServer$Division (LeaderStateImpl.java:addPendingRequest(474)) - s4@group-7D579A2BF85B-LeaderStateImpl: addPendingRequest at RaftClientRequest:client-4872AC1AF8F9->s4@group-7D579A2BF85B, cid=5994, seq=0, RW, Message:01016300, entry=(t:1, i:35), STATEMACHINELOGENTRY, 5994@client-4872AC1AF8F9
2023-03-07 04:41:14,269 DEBUG server.RaftServer$Division (RaftServerImpl.java:logAppendEntries(1429)) - s5@group-7D579A2BF85B: receive appendEntries(s4, 1, (t:1, i:34), 34, true, commits:[s4:c34, s5:c33, s6:c33], cId:5995, entries: [(t:1, i:35), STATEMACHINELOGENTRY, 5994@client-4872AC1AF8F9]
2023-03-07 04:41:14,270 DEBUG server.RaftServer$Division (RaftServerImpl.java:logAppendEntries(1429)) - s5@group-7D579A2BF85B: succeeded to handle AppendEntries. Reply: s4<-s5#5995:OK-t1,SUCCESS,nextIndex=36,followerCommit=34,matchIndex=35
2023-03-07 04:41:14,270 DEBUG server.RaftServer$Division (RaftServerImpl.java:logAppendEntries(1429)) - s6@group-7D579A2BF85B: receive appendEntries(s4, 1, (t:1, i:34), 34, true, commits:[s4:c34, s5:c33, s6:c33], cId:5996, entries: [(t:1, i:35), STATEMACHINELOGENTRY, 5994@client-4872AC1AF8F9]
2023-03-07 04:41:14,270 INFO  statemachine.StateMachine (ArithmeticStateMachine.java:applyTransaction(182)) - LEADER:s4-35: c = null = null
2023-03-07 04:41:14,270 DEBUG server.RaftServer$Division (RaftServerImpl.java:logAppendEntries(1429)) - s6@group-7D579A2BF85B: succeeded to handle AppendEntries. Reply: s4<-s6#5996:OK-t1,SUCCESS,nextIndex=36,followerCommit=34,matchIndex=35
2023-03-07 04:41:14,270 DEBUG server.RaftServer$Division (RaftServerImpl.java:logAppendEntries(1429)) - s5@group-7D579A2BF85B: receive appendEntries(s4, 1, (t:1, i:35), 35, true, commits:[s4:c35, s5:c34, s6:c33], cId:5997, entries: [(t:1, i:36), METADATAENTRY(c:35)]
2023-03-07 04:41:14,270 DEBUG server.RaftServer$Division (RaftServerImpl.java:logAppendEntries(1429)) - s6@group-7D579A2BF85B: receive appendEntries(s4, 1, (t:1, i:35), 35, true, commits:[s4:c35, s5:c34, s6:c34], cId:5998, entries: [(t:1, i:36), METADATAENTRY(c:35)]
2023-03-07 04:41:14,271 DEBUG server.RaftServer$Division (RaftServerImpl.java:logAppendEntries(1429)) - s5@group-7D579A2BF85B: succeeded to handle AppendEntries. Reply: s4<-s5#5997:OK-t1,SUCCESS,nextIndex=37,followerCommit=35,matchIndex=36
2023-03-07 04:41:14,271 DEBUG server.RaftServer$Division (RaftServerImpl.java:logAppendEntries(1429)) - s6@group-7D579A2BF85B: succeeded to handle AppendEntries. Reply: s4<-s6#5998:OK-t1,SUCCESS,nextIndex=37,followerCommit=35,matchIndex=36
2023-03-07 04:41:14,271 DEBUG server.RaftServer$Division (RaftServerImpl.java:submitClientRequestAsync(832)) - s4@group-7D579A2BF85B: receive client request(RaftClientRequest:client-4872AC1AF8F9->s4@group-7D579A2BF85B, cid=5999, seq=0, RW, Message:01016102405140000000...(size=12))
2023-03-07 04:41:14,271 DEBUG server.RaftServer$Division (LeaderStateImpl.java:addPendingRequest(474)) - s4@group-7D579A2BF85B-LeaderStateImpl: addPendingRequest at RaftClientRequest:client-4872AC1AF8F9->s4@group-7D579A2BF85B, cid=5999, seq=0, RW, Message:01016102405140000000...(size=12), entry=(t:1, i:37), STATEMACHINELOGENTRY, 5999@client-4872AC1AF8F9
2023-03-07 04:41:14,272 DEBUG server.RaftServer$Division (RaftServerImpl.java:logAppendEntries(1429)) - s5@group-7D579A2BF85B: receive appendEntries(s4, 1, (t:1, i:36), 36, true, commits:[s4:c36, s5:c35, s6:c35], cId:6000, entries: [(t:1, i:37), STATEMACHINELOGENTRY, 5999@client-4872AC1AF8F9]
2023-03-07 04:41:14,272 DEBUG server.RaftServer$Division (RaftServerImpl.java:logAppendEntries(1429)) - s5@group-7D579A2BF85B: succeeded to handle AppendEntries. Reply: s4<-s5#6000:OK-t1,SUCCESS,nextIndex=38,followerCommit=36,matchIndex=37
2023-03-07 04:41:14,272 INFO  statemachine.StateMachine (ArithmeticStateMachine.java:applyTransaction(182)) - LEADER:s4-37: a = 69 = 69
2023-03-07 04:41:14,273 DEBUG server.RaftServer$Division (RaftServerImpl.java:logAppendEntries(1429)) - s6@group-7D579A2BF85B: receive appendEntries(s4, 1, (t:1, i:36), 36, true, commits:[s4:c36, s5:c35, s6:c35], cId:6001, entries: [(t:1, i:37), STATEMACHINELOGENTRY, 5999@client-4872AC1AF8F9]
2023-03-07 04:41:14,273 DEBUG server.RaftServer$Division (RaftServerImpl.java:logAppendEntries(1429)) - s5@group-7D579A2BF85B: receive appendEntries(s4, 1, (t:1, i:37), 37, true, commits:[s4:c37, s5:c36, s6:c35], cId:6002, entries: [(t:1, i:38), METADATAENTRY(c:37)]
2023-03-07 04:41:14,273 DEBUG server.RaftServer$Division (RaftServerImpl.java:logAppendEntries(1429)) - s6@group-7D579A2BF85B: succeeded to handle AppendEntries. Reply: s4<-s6#6001:OK-t1,SUCCESS,nextIndex=38,followerCommit=36,matchIndex=37
2023-03-07 04:41:14,273 DEBUG server.RaftServer$Division (RaftServerImpl.java:logAppendEntries(1429)) - s5@group-7D579A2BF85B: succeeded to handle AppendEntries. Reply: s4<-s5#6002:OK-t1,SUCCESS,nextIndex=39,followerCommit=37,matchIndex=38
2023-03-07 04:41:14,273 DEBUG server.RaftServer$Division (RaftServerImpl.java:logAppendEntries(1429)) - s6@group-7D579A2BF85B: receive appendEntries(s4, 1, (t:1, i:37), 37, true, commits:[s4:c37, s5:c36, s6:c36], cId:6003, entries: [(t:1, i:38), METADATAENTRY(c:37)]
2023-03-07 04:41:14,274 DEBUG server.RaftServer$Division (RaftServerImpl.java:logAppendEntries(1429)) - s6@group-7D579A2BF85B: succeeded to handle AppendEntries. Reply: s4<-s6#6003:OK-t1,SUCCESS,nextIndex=39,followerCommit=37,matchIndex=38
2023-03-07 04:41:14,274 DEBUG server.RaftServer$Division (RaftServerImpl.java:submitClientRequestAsync(832)) - s4@group-7D579A2BF85B: receive client request(RaftClientRequest:client-4872AC1AF8F9->s4@group-7D579A2BF85B, cid=6004, seq=0, RW, Message:0101620240a298000000...(size=12))
2023-03-07 04:41:14,275 DEBUG server.RaftServer$Division (LeaderStateImpl.java:addPendingRequest(474)) - s4@group-7D579A2BF85B-LeaderStateImpl: addPendingRequest at RaftClientRequest:client-4872AC1AF8F9->s4@group-7D579A2BF85B, cid=6004, seq=0, RW, Message:0101620240a298000000...(size=12), entry=(t:1, i:39), STATEMACHINELOGENTRY, 6004@client-4872AC1AF8F9
2023-03-07 04:41:14,275 DEBUG server.RaftServer$Division (RaftServerImpl.java:logAppendEntries(1429)) - s5@group-7D579A2BF85B: receive appendEntries(s4, 1, (t:1, i:38), 38, true, commits:[s4:c38, s5:c37, s6:c37], cId:6009, entries: [(t:1, i:39), STATEMACHINELOGENTRY, 6004@client-4872AC1AF8F9]
2023-03-07 04:41:14,275 DEBUG server.RaftServer$Division (RaftServerImpl.java:logAppendEntries(1429)) - s5@group-7D579A2BF85B: succeeded to handle AppendEntries. Reply: s4<-s5#6009:OK-t1,SUCCESS,nextIndex=40,followerCommit=38,matchIndex=39
2023-03-07 04:41:14,275 DEBUG server.RaftServer$Division (RaftServerImpl.java:logAppendEntries(1429)) - s6@group-7D579A2BF85B: receive appendEntries(s4, 1, (t:1, i:38), 38, true, commits:[s4:c38, s5:c37, s6:c37], cId:6010, entries: [(t:1, i:39), STATEMACHINELOGENTRY, 6004@client-4872AC1AF8F9]
2023-03-07 04:41:14,275 INFO  statemachine.StateMachine (ArithmeticStateMachine.java:applyTransaction(182)) - LEADER:s4-39: b = 2380 = 2380
2023-03-07 04:41:14,276 DEBUG server.RaftServer$Division (RaftServerImpl.java:logAppendEntries(1429)) - s6@group-7D579A2BF85B: succeeded to handle AppendEntries. Reply: s4<-s6#6010:OK-t1,SUCCESS,nextIndex=40,followerCommit=38,matchIndex=39
2023-03-07 04:41:14,276 DEBUG server.RaftServer$Division (RaftServerImpl.java:logAppendEntries(1429)) - s5@group-7D579A2BF85B: receive appendEntries(s4, 1, (t:1, i:39), 39, true, commits:[s4:c39, s5:c38, s6:c37], cId:6011, entries: [(t:1, i:40), METADATAENTRY(c:39)]
2023-03-07 04:41:14,276 DEBUG server.RaftServer$Division (RaftServerImpl.java:logAppendEntries(1429)) - s6@group-7D579A2BF85B: receive appendEntries(s4, 1, (t:1, i:39), 39, true, commits:[s4:c39, s5:c38, s6:c38], cId:6012, entries: [(t:1, i:40), METADATAENTRY(c:39)]
2023-03-07 04:41:14,276 DEBUG server.RaftServer$Division (RaftServerImpl.java:logAppendEntries(1429)) - s5@group-7D579A2BF85B: succeeded to handle AppendEntries. Reply: s4<-s5#6011:OK-t1,SUCCESS,nextIndex=41,followerCommit=39,matchIndex=40
2023-03-07 04:41:14,276 DEBUG server.RaftServer$Division (RaftServerImpl.java:logAppendEntries(1429)) - s6@group-7D579A2BF85B: succeeded to handle AppendEntries. Reply: s4<-s6#6012:OK-t1,SUCCESS,nextIndex=41,followerCommit=39,matchIndex=40
2023-03-07 04:41:14,277 DEBUG server.RaftServer$Division (RaftServerImpl.java:submitClientRequestAsync(832)) - s4@group-7D579A2BF85B: receive client request(RaftClientRequest:client-4872AC1AF8F9->s4@group-7D579A2BF85B, cid=6013, seq=0, RW, Message:01016304010300040201...(size=17))
2023-03-07 04:41:14,277 DEBUG server.RaftServer$Division (LeaderStateImpl.java:addPendingRequest(474)) - s4@group-7D579A2BF85B-LeaderStateImpl: addPendingRequest at RaftClientRequest:client-4872AC1AF8F9->s4@group-7D579A2BF85B, cid=6013, seq=0, RW, Message:01016304010300040201...(size=17), entry=(t:1, i:41), STATEMACHINELOGENTRY, 6013@client-4872AC1AF8F9
2023-03-07 04:41:14,277 DEBUG server.RaftServer$Division (RaftServerImpl.java:logAppendEntries(1429)) - s5@group-7D579A2BF85B: receive appendEntries(s4, 1, (t:1, i:40), 40, true, commits:[s4:c40, s5:c39, s6:c39], cId:6014, entries: [(t:1, i:41), STATEMACHINELOGENTRY, 6013@client-4872AC1AF8F9]
2023-03-07 04:41:14,278 DEBUG server.RaftServer$Division (RaftServerImpl.java:logAppendEntries(1429)) - s5@group-7D579A2BF85B: succeeded to handle AppendEntries. Reply: s4<-s5#6014:OK-t1,SUCCESS,nextIndex=42,followerCommit=40,matchIndex=41
2023-03-07 04:41:14,278 DEBUG server.RaftServer$Division (RaftServerImpl.java:logAppendEntries(1429)) - s6@group-7D579A2BF85B: receive appendEntries(s4, 1, (t:1, i:40), 40, true, commits:[s4:c40, s5:c39, s6:c39], cId:6015, entries: [(t:1, i:41), STATEMACHINELOGENTRY, 6013@client-4872AC1AF8F9]
2023-03-07 04:41:14,278 INFO  statemachine.StateMachine (ArithmeticStateMachine.java:applyTransaction(182)) - LEADER:s4-41: c = √(a^2 + b^2) = 2381
2023-03-07 04:41:14,278 DEBUG server.RaftServer$Division (RaftServerImpl.java:logAppendEntries(1429)) - s6@group-7D579A2BF85B: succeeded to handle AppendEntries. Reply: s4<-s6#6015:OK-t1,SUCCESS,nextIndex=42,followerCommit=40,matchIndex=41
2023-03-07 04:41:14,278 DEBUG server.RaftServer$Division (RaftServerImpl.java:logAppendEntries(1429)) - s5@group-7D579A2BF85B: receive appendEntries(s4, 1, (t:1, i:41), 41, true, commits:[s4:c41, s5:c40, s6:c39], cId:6016, entries: [(t:1, i:42), METADATAENTRY(c:41)]
2023-03-07 04:41:14,279 DEBUG server.RaftServer$Division (RaftServerImpl.java:logAppendEntries(1429)) - s6@group-7D579A2BF85B: receive appendEntries(s4, 1, (t:1, i:41), 41, true, commits:[s4:c41, s5:c40, s6:c40], cId:6017, entries: [(t:1, i:42), METADATAENTRY(c:41)]
2023-03-07 04:41:14,279 DEBUG server.RaftServer$Division (RaftServerImpl.java:logAppendEntries(1429)) - s5@group-7D579A2BF85B: succeeded to handle AppendEntries. Reply: s4<-s5#6016:OK-t1,SUCCESS,nextIndex=43,followerCommit=41,matchIndex=42
2023-03-07 04:41:14,279 DEBUG server.RaftServer$Division (RaftServerImpl.java:logAppendEntries(1429)) - s6@group-7D579A2BF85B: succeeded to handle AppendEntries. Reply: s4<-s6#6017:OK-t1,SUCCESS,nextIndex=43,followerCommit=41,matchIndex=42
2023-03-07 04:41:14,279 DEBUG server.RaftServer$Division (RaftServerImpl.java:submitClientRequestAsync(832)) - s4@group-7D579A2BF85B: receive client request(RaftClientRequest:client-4872AC1AF8F9->s4@group-7D579A2BF85B, cid=6018, seq=0, RW, Message:01016100)
2023-03-07 04:41:14,280 DEBUG server.RaftServer$Division (LeaderStateImpl.java:addPendingRequest(474)) - s4@group-7D579A2BF85B-LeaderStateImpl: addPendingRequest at RaftClientRequest:client-4872AC1AF8F9->s4@group-7D579A2BF85B, cid=6018, seq=0, RW, Message:01016100, entry=(t:1, i:43), STATEMACHINELOGENTRY, 6018@client-4872AC1AF8F9
2023-03-07 04:41:14,280 DEBUG server.RaftServer$Division (RaftServerImpl.java:logAppendEntries(1429)) - s5@group-7D579A2BF85B: receive appendEntries(s4, 1, (t:1, i:42), 42, true, commits:[s4:c42, s5:c41, s6:c41], cId:6019, entries: [(t:1, i:43), STATEMACHINELOGENTRY, 6018@client-4872AC1AF8F9]
2023-03-07 04:41:14,280 DEBUG server.RaftServer$Division (RaftServerImpl.java:logAppendEntries(1429)) - s5@group-7D579A2BF85B: succeeded to handle AppendEntries. Reply: s4<-s5#6019:OK-t1,SUCCESS,nextIndex=44,followerCommit=42,matchIndex=43
2023-03-07 04:41:14,280 DEBUG server.RaftServer$Division (RaftServerImpl.java:logAppendEntries(1429)) - s6@group-7D579A2BF85B: receive appendEntries(s4, 1, (t:1, i:42), 42, true, commits:[s4:c42, s5:c41, s6:c41], cId:6020, entries: [(t:1, i:43), STATEMACHINELOGENTRY, 6018@client-4872AC1AF8F9]
2023-03-07 04:41:14,281 INFO  statemachine.StateMachine (ArithmeticStateMachine.java:applyTransaction(182)) - LEADER:s4-43: a = null = null
2023-03-07 04:41:14,281 DEBUG server.RaftServer$Division (RaftServerImpl.java:logAppendEntries(1429)) - s6@group-7D579A2BF85B: succeeded to handle AppendEntries. Reply: s4<-s6#6020:OK-t1,SUCCESS,nextIndex=44,followerCommit=42,matchIndex=43
2023-03-07 04:41:14,281 DEBUG server.RaftServer$Division (RaftServerImpl.java:logAppendEntries(1429)) - s5@group-7D579A2BF85B: receive appendEntries(s4, 1, (t:1, i:43), 43, true, commits:[s4:c43, s5:c42, s6:c41], cId:6021, entries: [(t:1, i:44), METADATAENTRY(c:43)]
2023-03-07 04:41:14,281 DEBUG server.RaftServer$Division (RaftServerImpl.java:logAppendEntries(1429)) - s6@group-7D579A2BF85B: receive appendEntries(s4, 1, (t:1, i:43), 43, true, commits:[s4:c43, s5:c42, s6:c42], cId:6022, entries: [(t:1, i:44), METADATAENTRY(c:43)]
2023-03-07 04:41:14,281 DEBUG server.RaftServer$Division (RaftServerImpl.java:logAppendEntries(1429)) - s5@group-7D579A2BF85B: succeeded to handle AppendEntries. Reply: s4<-s5#6021:OK-t1,SUCCESS,nextIndex=45,followerCommit=43,matchIndex=44
2023-03-07 04:41:14,282 DEBUG server.RaftServer$Division (RaftServerImpl.java:logAppendEntries(1429)) - s6@group-7D579A2BF85B: succeeded to handle AppendEntries. Reply: s4<-s6#6022:OK-t1,SUCCESS,nextIndex=45,followerCommit=43,matchIndex=44
2023-03-07 04:41:14,282 DEBUG server.RaftServer$Division (RaftServerImpl.java:submitClientRequestAsync(832)) - s4@group-7D579A2BF85B: receive client request(RaftClientRequest:client-4872AC1AF8F9->s4@group-7D579A2BF85B, cid=6023, seq=0, RW, Message:01016200)
2023-03-07 04:41:14,282 DEBUG server.RaftServer$Division (LeaderStateImpl.java:addPendingRequest(474)) - s4@group-7D579A2BF85B-LeaderStateImpl: addPendingRequest at RaftClientRequest:client-4872AC1AF8F9->s4@group-7D579A2BF85B, cid=6023, seq=0, RW, Message:01016200, entry=(t:1, i:45), STATEMACHINELOGENTRY, 6023@client-4872AC1AF8F9
2023-03-07 04:41:14,282 DEBUG server.RaftServer$Division (RaftServerImpl.java:logAppendEntries(1429)) - s5@group-7D579A2BF85B: receive appendEntries(s4, 1, (t:1, i:44), 44, true, commits:[s4:c44, s5:c43, s6:c43], cId:6024, entries: [(t:1, i:45), STATEMACHINELOGENTRY, 6023@client-4872AC1AF8F9]
2023-03-07 04:41:14,283 DEBUG server.RaftServer$Division (RaftServerImpl.java:logAppendEntries(1429)) - s5@group-7D579A2BF85B: succeeded to handle AppendEntries. Reply: s4<-s5#6024:OK-t1,SUCCESS,nextIndex=46,followerCommit=44,matchIndex=45
2023-03-07 04:41:14,283 DEBUG server.RaftServer$Division (RaftServerImpl.java:logAppendEntries(1429)) - s6@group-7D579A2BF85B: receive appendEntries(s4, 1, (t:1, i:44), 44, true, commits:[s4:c44, s5:c43, s6:c43], cId:6025, entries: [(t:1, i:45), STATEMACHINELOGENTRY, 6023@client-4872AC1AF8F9]
2023-03-07 04:41:14,283 INFO  statemachine.StateMachine (ArithmeticStateMachine.java:applyTransaction(182)) - LEADER:s4-45: b = null = null
2023-03-07 04:41:14,283 DEBUG server.RaftServer$Division (RaftServerImpl.java:logAppendEntries(1429)) - s6@group-7D579A2BF85B: succeeded to handle AppendEntries. Reply: s4<-s6#6025:OK-t1,SUCCESS,nextIndex=46,followerCommit=44,matchIndex=45
2023-03-07 04:41:14,283 DEBUG server.RaftServer$Division (RaftServerImpl.java:logAppendEntries(1429)) - s5@group-7D579A2BF85B: receive appendEntries(s4, 1, (t:1, i:45), 45, true, commits:[s4:c45, s5:c44, s6:c43], cId:6026, entries: [(t:1, i:46), METADATAENTRY(c:45)]
2023-03-07 04:41:14,284 DEBUG server.RaftServer$Division (RaftServerImpl.java:logAppendEntries(1429)) - s6@group-7D579A2BF85B: receive appendEntries(s4, 1, (t:1, i:45), 45, true, commits:[s4:c45, s5:c44, s6:c44], cId:6027, entries: [(t:1, i:46), METADATAENTRY(c:45)]
2023-03-07 04:41:14,284 DEBUG server.RaftServer$Division (RaftServerImpl.java:logAppendEntries(1429)) - s5@group-7D579A2BF85B: succeeded to handle AppendEntries. Reply: s4<-s5#6026:OK-t1,SUCCESS,nextIndex=47,followerCommit=45,matchIndex=46
2023-03-07 04:41:14,284 DEBUG server.RaftServer$Division (RaftServerImpl.java:logAppendEntries(1429)) - s6@group-7D579A2BF85B: succeeded to handle AppendEntries. Reply: s4<-s6#6027:OK-t1,SUCCESS,nextIndex=47,followerCommit=45,matchIndex=46
2023-03-07 04:41:14,284 DEBUG server.RaftServer$Division (RaftServerImpl.java:submitClientRequestAsync(832)) - s4@group-7D579A2BF85B: receive client request(RaftClientRequest:client-4872AC1AF8F9->s4@group-7D579A2BF85B, cid=6028, seq=0, RW, Message:01016300)
2023-03-07 04:41:14,285 DEBUG server.RaftServer$Division (LeaderStateImpl.java:addPendingRequest(474)) - s4@group-7D579A2BF85B-LeaderStateImpl: addPendingRequest at RaftClientRequest:client-4872AC1AF8F9->s4@group-7D579A2BF85B, cid=6028, seq=0, RW, Message:01016300, entry=(t:1, i:47), STATEMACHINELOGENTRY, 6028@client-4872AC1AF8F9
2023-03-07 04:41:14,285 DEBUG server.RaftServer$Division (RaftServerImpl.java:logAppendEntries(1429)) - s5@group-7D579A2BF85B: receive appendEntries(s4, 1, (t:1, i:46), 46, true, commits:[s4:c46, s5:c45, s6:c45], cId:6029, entries: [(t:1, i:47), STATEMACHINELOGENTRY, 6028@client-4872AC1AF8F9]
2023-03-07 04:41:14,285 DEBUG server.RaftServer$Division (RaftServerImpl.java:logAppendEntries(1429)) - s6@group-7D579A2BF85B: receive appendEntries(s4, 1, (t:1, i:46), 46, true, commits:[s4:c46, s5:c45, s6:c45], cId:6030, entries: [(t:1, i:47), STATEMACHINELOGENTRY, 6028@client-4872AC1AF8F9]
2023-03-07 04:41:14,285 DEBUG server.RaftServer$Division (RaftServerImpl.java:logAppendEntries(1429)) - s5@group-7D579A2BF85B: succeeded to handle AppendEntries. Reply: s4<-s5#6029:OK-t1,SUCCESS,nextIndex=48,followerCommit=46,matchIndex=47
2023-03-07 04:41:14,285 DEBUG server.RaftServer$Division (RaftServerImpl.java:logAppendEntries(1429)) - s6@group-7D579A2BF85B: succeeded to handle AppendEntries. Reply: s4<-s6#6030:OK-t1,SUCCESS,nextIndex=48,followerCommit=46,matchIndex=47
2023-03-07 04:41:14,286 INFO  statemachine.StateMachine (ArithmeticStateMachine.java:applyTransaction(182)) - LEADER:s4-47: c = null = null
2023-03-07 04:41:14,286 DEBUG server.RaftServer$Division (RaftServerImpl.java:logAppendEntries(1429)) - s6@group-7D579A2BF85B: receive appendEntries(s4, 1, (t:1, i:47), 47, true, commits:[s4:c47, s5:c46, s6:c46], cId:6031, entries: [(t:1, i:48), METADATAENTRY(c:47)]
2023-03-07 04:41:14,286 DEBUG server.RaftServer$Division (RaftServerImpl.java:logAppendEntries(1429)) - s5@group-7D579A2BF85B: receive appendEntries(s4, 1, (t:1, i:47), 47, true, commits:[s4:c47, s5:c46, s6:c46], cId:6032, entries: [(t:1, i:48), METADATAENTRY(c:47)]
2023-03-07 04:41:14,286 DEBUG server.RaftServer$Division (RaftServerImpl.java:logAppendEntries(1429)) - s6@group-7D579A2BF85B: succeeded to handle AppendEntries. Reply: s4<-s6#6031:OK-t1,SUCCESS,nextIndex=49,followerCommit=47,matchIndex=48
2023-03-07 04:41:14,287 DEBUG server.RaftServer$Division (RaftServerImpl.java:logAppendEntries(1429)) - s5@group-7D579A2BF85B: succeeded to handle AppendEntries. Reply: s4<-s5#6032:OK-t1,SUCCESS,nextIndex=49,followerCommit=47,matchIndex=48
2023-03-07 04:41:14,287 DEBUG server.RaftServer$Division (RaftServerImpl.java:submitClientRequestAsync(832)) - s4@group-7D579A2BF85B: receive client request(RaftClientRequest:client-4872AC1AF8F9->s4@group-7D579A2BF85B, cid=6033, seq=0, RW, Message:010161024051c0000000...(size=12))
2023-03-07 04:41:14,287 DEBUG server.RaftServer$Division (LeaderStateImpl.java:addPendingRequest(474)) - s4@group-7D579A2BF85B-LeaderStateImpl: addPendingRequest at RaftClientRequest:client-4872AC1AF8F9->s4@group-7D579A2BF85B, cid=6033, seq=0, RW, Message:010161024051c0000000...(size=12), entry=(t:1, i:49), STATEMACHINELOGENTRY, 6033@client-4872AC1AF8F9
2023-03-07 04:41:14,287 DEBUG server.RaftServer$Division (RaftServerImpl.java:logAppendEntries(1429)) - s5@group-7D579A2BF85B: receive appendEntries(s4, 1, (t:1, i:48), 48, true, commits:[s4:c48, s5:c47, s6:c47], cId:6034, entries: [(t:1, i:49), STATEMACHINELOGENTRY, 6033@client-4872AC1AF8F9]
2023-03-07 04:41:14,288 DEBUG server.RaftServer$Division (RaftServerImpl.java:logAppendEntries(1429)) - s6@group-7D579A2BF85B: receive appendEntries(s4, 1, (t:1, i:48), 48, true, commits:[s4:c48, s5:c47, s6:c47], cId:6035, entries: [(t:1, i:49), STATEMACHINELOGENTRY, 6033@client-4872AC1AF8F9]
2023-03-07 04:41:14,289 DEBUG server.RaftServer$Division (RaftServerImpl.java:logAppendEntries(1429)) - s5@group-7D579A2BF85B: succeeded to handle AppendEntries. Reply: s4<-s5#6034:OK-t1,SUCCESS,nextIndex=50,followerCommit=48,matchIndex=49
2023-03-07 04:41:14,289 DEBUG server.RaftServer$Division (RaftServerImpl.java:logAppendEntries(1429)) - s6@group-7D579A2BF85B: succeeded to handle AppendEntries. Reply: s4<-s6#6035:OK-t1,SUCCESS,nextIndex=50,followerCommit=48,matchIndex=49
2023-03-07 04:41:14,290 INFO  statemachine.StateMachine (ArithmeticStateMachine.java:applyTransaction(182)) - LEADER:s4-49: a = 71 = 71
2023-03-07 04:41:14,290 DEBUG server.RaftServer$Division (RaftServerImpl.java:logAppendEntries(1429)) - s6@group-7D579A2BF85B: receive appendEntries(s4, 1, (t:1, i:49), 49, true, commits:[s4:c49, s5:c48, s6:c48], cId:6036, entries: [(t:1, i:50), METADATAENTRY(c:49)]
2023-03-07 04:41:14,290 DEBUG server.RaftServer$Division (RaftServerImpl.java:logAppendEntries(1429)) - s5@group-7D579A2BF85B: receive appendEntries(s4, 1, (t:1, i:49), 49, true, commits:[s4:c49, s5:c48, s6:c48], cId:6037, entries: [(t:1, i:50), METADATAENTRY(c:49)]
2023-03-07 04:41:14,290 DEBUG server.RaftServer$Division (RaftServerImpl.java:logAppendEntries(1429)) - s6@group-7D579A2BF85B: succeeded to handle AppendEntries. Reply: s4<-s6#6036:OK-t1,SUCCESS,nextIndex=51,followerCommit=49,matchIndex=50
2023-03-07 04:41:14,290 DEBUG server.RaftServer$Division (RaftServerImpl.java:logAppendEntries(1429)) - s5@group-7D579A2BF85B: succeeded to handle AppendEntries. Reply: s4<-s5#6037:OK-t1,SUCCESS,nextIndex=51,followerCommit=49,matchIndex=50
2023-03-07 04:41:14,291 DEBUG server.RaftServer$Division (RaftServerImpl.java:submitClientRequestAsync(832)) - s4@group-7D579A2BF85B: receive client request(RaftClientRequest:client-4872AC1AF8F9->s4@group-7D579A2BF85B, cid=6038, seq=0, RW, Message:0101620240a3b0000000...(size=12))
2023-03-07 04:41:14,291 DEBUG server.RaftServer$Division (LeaderStateImpl.java:addPendingRequest(474)) - s4@group-7D579A2BF85B-LeaderStateImpl: addPendingRequest at RaftClientRequest:client-4872AC1AF8F9->s4@group-7D579A2BF85B, cid=6038, seq=0, RW, Message:0101620240a3b0000000...(size=12), entry=(t:1, i:51), STATEMACHINELOGENTRY, 6038@client-4872AC1AF8F9
2023-03-07 04:41:14,291 DEBUG server.RaftServer$Division (RaftServerImpl.java:logAppendEntries(1429)) - s6@group-7D579A2BF85B: receive appendEntries(s4, 1, (t:1, i:50), 50, true, commits:[s4:c50, s5:c49, s6:c49], cId:6040, entries: [(t:1, i:51), STATEMACHINELOGENTRY, 6038@client-4872AC1AF8F9]
2023-03-07 04:41:14,292 DEBUG server.RaftServer$Division (RaftServerImpl.java:logAppendEntries(1429)) - s5@group-7D579A2BF85B: receive appendEntries(s4, 1, (t:1, i:50), 50, true, commits:[s4:c50, s5:c49, s6:c49], cId:6039, entries: [(t:1, i:51), STATEMACHINELOGENTRY, 6038@client-4872AC1AF8F9]
2023-03-07 04:41:14,292 DEBUG server.RaftServer$Division (RaftServerImpl.java:logAppendEntries(1429)) - s6@group-7D579A2BF85B: succeeded to handle AppendEntries. Reply: s4<-s6#6040:OK-t1,SUCCESS,nextIndex=52,followerCommit=50,matchIndex=51
2023-03-07 04:41:14,292 DEBUG server.RaftServer$Division (RaftServerImpl.java:logAppendEntries(1429)) - s5@group-7D579A2BF85B: succeeded to handle AppendEntries. Reply: s4<-s5#6039:OK-t1,SUCCESS,nextIndex=52,followerCommit=50,matchIndex=51
2023-03-07 04:41:14,292 INFO  statemachine.StateMachine (ArithmeticStateMachine.java:applyTransaction(182)) - LEADER:s4-51: b = 2520 = 2520
2023-03-07 04:41:14,292 DEBUG server.RaftServer$Division (RaftServerImpl.java:logAppendEntries(1429)) - s5@group-7D579A2BF85B: receive appendEntries(s4, 1, (t:1, i:51), 51, true, commits:[s4:c51, s5:c50, s6:c50], cId:6041, entries: [(t:1, i:52), METADATAENTRY(c:51)]
2023-03-07 04:41:14,292 DEBUG server.RaftServer$Division (RaftServerImpl.java:logAppendEntries(1429)) - s6@group-7D579A2BF85B: receive appendEntries(s4, 1, (t:1, i:51), 51, true, commits:[s4:c51, s5:c50, s6:c50], cId:6042, entries: [(t:1, i:52), METADATAENTRY(c:51)]
2023-03-07 04:41:14,293 DEBUG server.RaftServer$Division (RaftServerImpl.java:logAppendEntries(1429)) - s5@group-7D579A2BF85B: succeeded to handle AppendEntries. Reply: s4<-s5#6041:OK-t1,SUCCESS,nextIndex=53,followerCommit=51,matchIndex=52
2023-03-07 04:41:14,293 DEBUG server.RaftServer$Division (RaftServerImpl.java:logAppendEntries(1429)) - s6@group-7D579A2BF85B: succeeded to handle AppendEntries. Reply: s4<-s6#6042:OK-t1,SUCCESS,nextIndex=53,followerCommit=51,matchIndex=52
2023-03-07 04:41:14,293 DEBUG server.RaftServer$Division (RaftServerImpl.java:submitClientRequestAsync(832)) - s4@group-7D579A2BF85B: receive client request(RaftClientRequest:client-4872AC1AF8F9->s4@group-7D579A2BF85B, cid=6043, seq=0, RW, Message:01016304010300040201...(size=17))
2023-03-07 04:41:14,294 DEBUG server.RaftServer$Division (LeaderStateImpl.java:addPendingRequest(474)) - s4@group-7D579A2BF85B-LeaderStateImpl: addPendingRequest at RaftClientRequest:client-4872AC1AF8F9->s4@group-7D579A2BF85B, cid=6043, seq=0, RW, Message:01016304010300040201...(size=17), entry=(t:1, i:53), STATEMACHINELOGENTRY, 6043@client-4872AC1AF8F9
2023-03-07 04:41:14,294 DEBUG server.RaftServer$Division (RaftServerImpl.java:logAppendEntries(1429)) - s5@group-7D579A2BF85B: receive appendEntries(s4, 1, (t:1, i:52), 52, true, commits:[s4:c52, s5:c51, s6:c51], cId:6045, entries: [(t:1, i:53), STATEMACHINELOGENTRY, 6043@client-4872AC1AF8F9]
2023-03-07 04:41:14,294 DEBUG server.RaftServer$Division (RaftServerImpl.java:logAppendEntries(1429)) - s6@group-7D579A2BF85B: receive appendEntries(s4, 1, (t:1, i:52), 52, true, commits:[s4:c52, s5:c51, s6:c51], cId:6044, entries: [(t:1, i:53), STATEMACHINELOGENTRY, 6043@client-4872AC1AF8F9]
2023-03-07 04:41:14,294 DEBUG server.RaftServer$Division (RaftServerImpl.java:logAppendEntries(1429)) - s5@group-7D579A2BF85B: succeeded to handle AppendEntries. Reply: s4<-s5#6045:OK-t1,SUCCESS,nextIndex=54,followerCommit=52,matchIndex=53
2023-03-07 04:41:14,294 DEBUG server.RaftServer$Division (RaftServerImpl.java:logAppendEntries(1429)) - s6@group-7D579A2BF85B: succeeded to handle AppendEntries. Reply: s4<-s6#6044:OK-t1,SUCCESS,nextIndex=54,followerCommit=52,matchIndex=53
2023-03-07 04:41:14,295 INFO  statemachine.StateMachine (ArithmeticStateMachine.java:applyTransaction(182)) - LEADER:s4-53: c = √(a^2 + b^2) = 2521
2023-03-07 04:41:14,295 DEBUG server.RaftServer$Division (RaftServerImpl.java:logAppendEntries(1429)) - s5@group-7D579A2BF85B: receive appendEntries(s4, 1, (t:1, i:53), 53, true, commits:[s4:c53, s5:c52, s6:c52], cId:6046, entries: [(t:1, i:54), METADATAENTRY(c:53)]
2023-03-07 04:41:14,295 DEBUG server.RaftServer$Division (RaftServerImpl.java:logAppendEntries(1429)) - s6@group-7D579A2BF85B: receive appendEntries(s4, 1, (t:1, i:53), 53, true, commits:[s4:c53, s5:c52, s6:c52], cId:6047, entries: [(t:1, i:54), METADATAENTRY(c:53)]
2023-03-07 04:41:14,295 DEBUG server.RaftServer$Division (RaftServerImpl.java:logAppendEntries(1429)) - s6@group-7D579A2BF85B: succeeded to handle AppendEntries. Reply: s4<-s6#6047:OK-t1,SUCCESS,nextIndex=55,followerCommit=53,matchIndex=54
2023-03-07 04:41:14,295 DEBUG server.RaftServer$Division (RaftServerImpl.java:logAppendEntries(1429)) - s5@group-7D579A2BF85B: succeeded to handle AppendEntries. Reply: s4<-s5#6046:OK-t1,SUCCESS,nextIndex=55,followerCommit=53,matchIndex=54
2023-03-07 04:41:14,296 DEBUG server.RaftServer$Division (RaftServerImpl.java:submitClientRequestAsync(832)) - s4@group-7D579A2BF85B: receive client request(RaftClientRequest:client-4872AC1AF8F9->s4@group-7D579A2BF85B, cid=6048, seq=0, RW, Message:01016100)
2023-03-07 04:41:14,296 DEBUG server.RaftServer$Division (LeaderStateImpl.java:addPendingRequest(474)) - s4@group-7D579A2BF85B-LeaderStateImpl: addPendingRequest at RaftClientRequest:client-4872AC1AF8F9->s4@group-7D579A2BF85B, cid=6048, seq=0, RW, Message:01016100, entry=(t:1, i:55), STATEMACHINELOGENTRY, 6048@client-4872AC1AF8F9
2023-03-07 04:41:14,296 DEBUG server.RaftServer$Division (RaftServerImpl.java:logAppendEntries(1429)) - s6@group-7D579A2BF85B: receive appendEntries(s4, 1, (t:1, i:54), 54, true, commits:[s4:c54, s5:c53, s6:c53], cId:6049, entries: [(t:1, i:55), STATEMACHINELOGENTRY, 6048@client-4872AC1AF8F9]
2023-03-07 04:41:14,296 DEBUG server.RaftServer$Division (RaftServerImpl.java:logAppendEntries(1429)) - s5@group-7D579A2BF85B: receive appendEntries(s4, 1, (t:1, i:54), 54, true, commits:[s4:c54, s5:c53, s6:c53], cId:6050, entries: [(t:1, i:55), STATEMACHINELOGENTRY, 6048@client-4872AC1AF8F9]
2023-03-07 04:41:14,297 DEBUG server.RaftServer$Division (RaftServerImpl.java:logAppendEntries(1429)) - s6@group-7D579A2BF85B: succeeded to handle AppendEntries. Reply: s4<-s6#6049:OK-t1,SUCCESS,nextIndex=56,followerCommit=54,matchIndex=55
2023-03-07 04:41:14,297 DEBUG server.RaftServer$Division (RaftServerImpl.java:logAppendEntries(1429)) - s5@group-7D579A2BF85B: succeeded to handle AppendEntries. Reply: s4<-s5#6050:OK-t1,SUCCESS,nextIndex=56,followerCommit=54,matchIndex=55
2023-03-07 04:41:14,297 INFO  statemachine.StateMachine (ArithmeticStateMachine.java:applyTransaction(182)) - LEADER:s4-55: a = null = null
2023-03-07 04:41:14,297 DEBUG server.RaftServer$Division (RaftServerImpl.java:logAppendEntries(1429)) - s5@group-7D579A2BF85B: receive appendEntries(s4, 1, (t:1, i:55), 55, true, commits:[s4:c55, s5:c54, s6:c54], cId:6051, entries: [(t:1, i:56), METADATAENTRY(c:55)]
2023-03-07 04:41:14,297 DEBUG server.RaftServer$Division (RaftServerImpl.java:logAppendEntries(1429)) - s6@group-7D579A2BF85B: receive appendEntries(s4, 1, (t:1, i:55), 55, true, commits:[s4:c55, s5:c54, s6:c54], cId:6052, entries: [(t:1, i:56), METADATAENTRY(c:55)]
2023-03-07 04:41:14,297 DEBUG server.RaftServer$Division (RaftServerImpl.java:logAppendEntries(1429)) - s5@group-7D579A2BF85B: succeeded to handle AppendEntries. Reply: s4<-s5#6051:OK-t1,SUCCESS,nextIndex=57,followerCommit=55,matchIndex=56
2023-03-07 04:41:14,301 DEBUG server.RaftServer$Division (RaftServerImpl.java:logAppendEntries(1429)) - s6@group-7D579A2BF85B: succeeded to handle AppendEntries. Reply: s4<-s6#6052:OK-t1,SUCCESS,nextIndex=57,followerCommit=55,matchIndex=56
2023-03-07 04:41:14,302 DEBUG server.RaftServer$Division (RaftServerImpl.java:submitClientRequestAsync(832)) - s4@group-7D579A2BF85B: receive client request(RaftClientRequest:client-4872AC1AF8F9->s4@group-7D579A2BF85B, cid=6053, seq=0, RW, Message:01016200)
2023-03-07 04:41:14,302 DEBUG server.RaftServer$Division (LeaderStateImpl.java:addPendingRequest(474)) - s4@group-7D579A2BF85B-LeaderStateImpl: addPendingRequest at RaftClientRequest:client-4872AC1AF8F9->s4@group-7D579A2BF85B, cid=6053, seq=0, RW, Message:01016200, entry=(t:1, i:57), STATEMACHINELOGENTRY, 6053@client-4872AC1AF8F9
2023-03-07 04:41:14,303 DEBUG server.RaftServer$Division (RaftServerImpl.java:logAppendEntries(1429)) - s6@group-7D579A2BF85B: receive appendEntries(s4, 1, (t:1, i:56), 56, true, commits:[s4:c56, s5:c55, s6:c55], cId:6054, entries: [(t:1, i:57), STATEMACHINELOGENTRY, 6053@client-4872AC1AF8F9]
2023-03-07 04:41:14,303 DEBUG server.RaftServer$Division (RaftServerImpl.java:logAppendEntries(1429)) - s5@group-7D579A2BF85B: receive appendEntries(s4, 1, (t:1, i:56), 56, true, commits:[s4:c56, s5:c55, s6:c55], cId:6055, entries: [(t:1, i:57), STATEMACHINELOGENTRY, 6053@client-4872AC1AF8F9]
2023-03-07 04:41:14,303 DEBUG server.RaftServer$Division (RaftServerImpl.java:logAppendEntries(1429)) - s6@group-7D579A2BF85B: succeeded to handle AppendEntries. Reply: s4<-s6#6054:OK-t1,SUCCESS,nextIndex=58,followerCommit=56,matchIndex=57
2023-03-07 04:41:14,303 DEBUG server.RaftServer$Division (RaftServerImpl.java:logAppendEntries(1429)) - s5@group-7D579A2BF85B: succeeded to handle AppendEntries. Reply: s4<-s5#6055:OK-t1,SUCCESS,nextIndex=58,followerCommit=56,matchIndex=57
2023-03-07 04:41:14,304 INFO  statemachine.StateMachine (ArithmeticStateMachine.java:applyTransaction(182)) - LEADER:s4-57: b = null = null
2023-03-07 04:41:14,304 DEBUG server.RaftServer$Division (RaftServerImpl.java:logAppendEntries(1429)) - s5@group-7D579A2BF85B: receive appendEntries(s4, 1, (t:1, i:57), 57, true, commits:[s4:c57, s5:c56, s6:c56], cId:6057, entries: [(t:1, i:58), METADATAENTRY(c:57)]
2023-03-07 04:41:14,304 DEBUG server.RaftServer$Division (RaftServerImpl.java:logAppendEntries(1429)) - s6@group-7D579A2BF85B: receive appendEntries(s4, 1, (t:1, i:57), 57, true, commits:[s4:c57, s5:c56, s6:c56], cId:6056, entries: [(t:1, i:58), METADATAENTRY(c:57)]
2023-03-07 04:41:14,304 DEBUG server.RaftServer$Division (RaftServerImpl.java:logAppendEntries(1429)) - s5@group-7D579A2BF85B: succeeded to handle AppendEntries. Reply: s4<-s5#6057:OK-t1,SUCCESS,nextIndex=59,followerCommit=57,matchIndex=58
2023-03-07 04:41:14,304 DEBUG server.RaftServer$Division (RaftServerImpl.java:logAppendEntries(1429)) - s6@group-7D579A2BF85B: succeeded to handle AppendEntries. Reply: s4<-s6#6056:OK-t1,SUCCESS,nextIndex=59,followerCommit=57,matchIndex=58
2023-03-07 04:41:14,305 DEBUG server.RaftServer$Division (RaftServerImpl.java:submitClientRequestAsync(832)) - s4@group-7D579A2BF85B: receive client request(RaftClientRequest:client-4872AC1AF8F9->s4@group-7D579A2BF85B, cid=6058, seq=0, RW, Message:01016300)
2023-03-07 04:41:14,305 DEBUG server.RaftServer$Division (LeaderStateImpl.java:addPendingRequest(474)) - s4@group-7D579A2BF85B-LeaderStateImpl: addPendingRequest at RaftClientRequest:client-4872AC1AF8F9->s4@group-7D579A2BF85B, cid=6058, seq=0, RW, Message:01016300, entry=(t:1, i:59), STATEMACHINELOGENTRY, 6058@client-4872AC1AF8F9
2023-03-07 04:41:14,305 DEBUG server.RaftServer$Division (RaftServerImpl.java:logAppendEntries(1429)) - s5@group-7D579A2BF85B: receive appendEntries(s4, 1, (t:1, i:58), 58, true, commits:[s4:c58, s5:c57, s6:c57], cId:6059, entries: [(t:1, i:59), STATEMACHINELOGENTRY, 6058@client-4872AC1AF8F9]
2023-03-07 04:41:14,305 DEBUG server.RaftServer$Division (RaftServerImpl.java:logAppendEntries(1429)) - s6@group-7D579A2BF85B: receive appendEntries(s4, 1, (t:1, i:58), 58, true, commits:[s4:c58, s5:c57, s6:c57], cId:6060, entries: [(t:1, i:59), STATEMACHINELOGENTRY, 6058@client-4872AC1AF8F9]
2023-03-07 04:41:14,306 DEBUG server.RaftServer$Division (RaftServerImpl.java:logAppendEntries(1429)) - s5@group-7D579A2BF85B: succeeded to handle AppendEntries. Reply: s4<-s5#6059:OK-t1,SUCCESS,nextIndex=60,followerCommit=58,matchIndex=59
2023-03-07 04:41:14,306 DEBUG server.RaftServer$Division (RaftServerImpl.java:logAppendEntries(1429)) - s6@group-7D579A2BF85B: succeeded to handle AppendEntries. Reply: s4<-s6#6060:OK-t1,SUCCESS,nextIndex=60,followerCommit=58,matchIndex=59
2023-03-07 04:41:14,306 INFO  statemachine.StateMachine (ArithmeticStateMachine.java:applyTransaction(182)) - LEADER:s4-59: c = null = null
2023-03-07 04:41:14,306 DEBUG server.RaftServer$Division (RaftServerImpl.java:logAppendEntries(1429)) - s6@group-7D579A2BF85B: receive appendEntries(s4, 1, (t:1, i:59), 59, true, commits:[s4:c59, s5:c58, s6:c58], cId:6061, entries: [(t:1, i:60), METADATAENTRY(c:59)]
2023-03-07 04:41:14,306 DEBUG server.RaftServer$Division (RaftServerImpl.java:logAppendEntries(1429)) - s5@group-7D579A2BF85B: receive appendEntries(s4, 1, (t:1, i:59), 59, true, commits:[s4:c59, s5:c58, s6:c58], cId:6062, entries: [(t:1, i:60), METADATAENTRY(c:59)]
2023-03-07 04:41:14,307 DEBUG server.RaftServer$Division (RaftServerImpl.java:logAppendEntries(1429)) - s6@group-7D579A2BF85B: succeeded to handle AppendEntries. Reply: s4<-s6#6061:OK-t1,SUCCESS,nextIndex=61,followerCommit=59,matchIndex=60
2023-03-07 04:41:14,308 DEBUG server.RaftServer$Division (RaftServerImpl.java:logAppendEntries(1429)) - s5@group-7D579A2BF85B: succeeded to handle AppendEntries. Reply: s4<-s5#6062:OK-t1,SUCCESS,nextIndex=61,followerCommit=59,matchIndex=60
2023-03-07 04:41:14,308 DEBUG server.RaftServer$Division (RaftServerImpl.java:submitClientRequestAsync(832)) - s4@group-7D579A2BF85B: receive client request(RaftClientRequest:client-4872AC1AF8F9->s4@group-7D579A2BF85B, cid=6063, seq=0, RW, Message:01016102405240000000...(size=12))
2023-03-07 04:41:14,308 DEBUG server.RaftServer$Division (LeaderStateImpl.java:addPendingRequest(474)) - s4@group-7D579A2BF85B-LeaderStateImpl: addPendingRequest at RaftClientRequest:client-4872AC1AF8F9->s4@group-7D579A2BF85B, cid=6063, seq=0, RW, Message:01016102405240000000...(size=12), entry=(t:1, i:61), STATEMACHINELOGENTRY, 6063@client-4872AC1AF8F9
2023-03-07 04:41:14,308 DEBUG server.RaftServer$Division (RaftServerImpl.java:logAppendEntries(1429)) - s5@group-7D579A2BF85B: receive appendEntries(s4, 1, (t:1, i:60), 60, true, commits:[s4:c60, s5:c59, s6:c59], cId:6064, entries: [(t:1, i:61), STATEMACHINELOGENTRY, 6063@client-4872AC1AF8F9]
2023-03-07 04:41:14,309 DEBUG server.RaftServer$Division (RaftServerImpl.java:logAppendEntries(1429)) - s5@group-7D579A2BF85B: succeeded to handle AppendEntries. Reply: s4<-s5#6064:OK-t1,SUCCESS,nextIndex=62,followerCommit=60,matchIndex=61
2023-03-07 04:41:14,309 INFO  statemachine.StateMachine (ArithmeticStateMachine.java:applyTransaction(182)) - LEADER:s4-61: a = 73 = 73
2023-03-07 04:41:14,309 DEBUG server.RaftServer$Division (RaftServerImpl.java:logAppendEntries(1429)) - s6@group-7D579A2BF85B: receive appendEntries(s4, 1, (t:1, i:60), 60, true, commits:[s4:c60, s5:c59, s6:c59], cId:6065, entries: [(t:1, i:61), STATEMACHINELOGENTRY, 6063@client-4872AC1AF8F9]
2023-03-07 04:41:14,309 DEBUG server.RaftServer$Division (RaftServerImpl.java:logAppendEntries(1429)) - s6@group-7D579A2BF85B: succeeded to handle AppendEntries. Reply: s4<-s6#6065:OK-t1,SUCCESS,nextIndex=62,followerCommit=60,matchIndex=61
2023-03-07 04:41:14,309 DEBUG server.RaftServer$Division (RaftServerImpl.java:logAppendEntries(1429)) - s5@group-7D579A2BF85B: receive appendEntries(s4, 1, (t:1, i:61), 61, true, commits:[s4:c61, s5:c60, s6:c59], cId:6066, entries: [(t:1, i:62), METADATAENTRY(c:61)]
2023-03-07 04:41:14,310 DEBUG server.RaftServer$Division (RaftServerImpl.java:logAppendEntries(1429)) - s6@group-7D579A2BF85B: receive appendEntries(s4, 1, (t:1, i:61), 61, true, commits:[s4:c61, s5:c60, s6:c60], cId:6068, entries: [(t:1, i:62), METADATAENTRY(c:61)]
2023-03-07 04:41:14,310 DEBUG server.RaftServer$Division (RaftServerImpl.java:logAppendEntries(1429)) - s5@group-7D579A2BF85B: succeeded to handle AppendEntries. Reply: s4<-s5#6066:OK-t1,SUCCESS,nextIndex=63,followerCommit=61,matchIndex=62
2023-03-07 04:41:14,310 DEBUG server.RaftServer$Division (RaftServerImpl.java:logAppendEntries(1429)) - s6@group-7D579A2BF85B: succeeded to handle AppendEntries. Reply: s4<-s6#6068:OK-t1,SUCCESS,nextIndex=63,followerCommit=61,matchIndex=62
2023-03-07 04:41:14,310 DEBUG server.RaftServer$Division (RaftServerImpl.java:submitClientRequestAsync(832)) - s4@group-7D579A2BF85B: receive client request(RaftClientRequest:client-4872AC1AF8F9->s4@group-7D579A2BF85B, cid=6067, seq=0, RW, Message:0101620240a4d0000000...(size=12))
2023-03-07 04:41:14,310 DEBUG server.RaftServer$Division (LeaderStateImpl.java:addPendingRequest(474)) - s4@group-7D579A2BF85B-LeaderStateImpl: addPendingRequest at RaftClientRequest:client-4872AC1AF8F9->s4@group-7D579A2BF85B, cid=6067, seq=0, RW, Message:0101620240a4d0000000...(size=12), entry=(t:1, i:63), STATEMACHINELOGENTRY, 6067@client-4872AC1AF8F9
2023-03-07 04:41:14,311 DEBUG server.RaftServer$Division (RaftServerImpl.java:logAppendEntries(1429)) - s5@group-7D579A2BF85B: receive appendEntries(s4, 1, (t:1, i:62), 62, true, commits:[s4:c62, s5:c61, s6:c61], cId:6069, entries: [(t:1, i:63), STATEMACHINELOGENTRY, 6067@client-4872AC1AF8F9]
2023-03-07 04:41:14,311 DEBUG server.RaftServer$Division (RaftServerImpl.java:logAppendEntries(1429)) - s6@group-7D579A2BF85B: receive appendEntries(s4, 1, (t:1, i:62), 62, true, commits:[s4:c62, s5:c61, s6:c61], cId:6070, entries: [(t:1, i:63), STATEMACHINELOGENTRY, 6067@client-4872AC1AF8F9]
2023-03-07 04:41:14,311 DEBUG server.RaftServer$Division (RaftServerImpl.java:logAppendEntries(1429)) - s5@group-7D579A2BF85B: succeeded to handle AppendEntries. Reply: s4<-s5#6069:OK-t1,SUCCESS,nextIndex=64,followerCommit=62,matchIndex=63
2023-03-07 04:41:14,311 DEBUG server.RaftServer$Division (RaftServerImpl.java:logAppendEntries(1429)) - s6@group-7D579A2BF85B: succeeded to handle AppendEntries. Reply: s4<-s6#6070:OK-t1,SUCCESS,nextIndex=64,followerCommit=62,matchIndex=63
2023-03-07 04:41:14,311 INFO  statemachine.StateMachine (ArithmeticStateMachine.java:applyTransaction(182)) - LEADER:s4-63: b = 2664 = 2664
2023-03-07 04:41:14,311 DEBUG server.RaftServer$Division (RaftServerImpl.java:logAppendEntries(1429)) - s5@group-7D579A2BF85B: receive appendEntries(s4, 1, (t:1, i:63), 63, true, commits:[s4:c63, s5:c62, s6:c62], cId:6071, entries: [(t:1, i:64), METADATAENTRY(c:63)]
2023-03-07 04:41:14,311 DEBUG server.RaftServer$Division (RaftServerImpl.java:logAppendEntries(1429)) - s6@group-7D579A2BF85B: receive appendEntries(s4, 1, (t:1, i:63), 63, true, commits:[s4:c63, s5:c62, s6:c62], cId:6072, entries: [(t:1, i:64), METADATAENTRY(c:63)]
2023-03-07 04:41:14,312 DEBUG server.RaftServer$Division (RaftServerImpl.java:logAppendEntries(1429)) - s5@group-7D579A2BF85B: succeeded to handle AppendEntries. Reply: s4<-s5#6071:OK-t1,SUCCESS,nextIndex=65,followerCommit=63,matchIndex=64
2023-03-07 04:41:14,312 DEBUG server.RaftServer$Division (RaftServerImpl.java:logAppendEntries(1429)) - s6@group-7D579A2BF85B: succeeded to handle AppendEntries. Reply: s4<-s6#6072:OK-t1,SUCCESS,nextIndex=65,followerCommit=63,matchIndex=64
2023-03-07 04:41:14,312 DEBUG server.RaftServer$Division (RaftServerImpl.java:submitClientRequestAsync(832)) - s4@group-7D579A2BF85B: receive client request(RaftClientRequest:client-4872AC1AF8F9->s4@group-7D579A2BF85B, cid=6073, seq=0, RW, Message:01016304010300040201...(size=17))
2023-03-07 04:41:14,312 DEBUG server.RaftServer$Division (LeaderStateImpl.java:addPendingRequest(474)) - s4@group-7D579A2BF85B-LeaderStateImpl: addPendingRequest at RaftClientRequest:client-4872AC1AF8F9->s4@group-7D579A2BF85B, cid=6073, seq=0, RW, Message:01016304010300040201...(size=17), entry=(t:1, i:65), STATEMACHINELOGENTRY, 6073@client-4872AC1AF8F9
2023-03-07 04:41:14,313 DEBUG server.RaftServer$Division (RaftServerImpl.java:logAppendEntries(1429)) - s5@group-7D579A2BF85B: receive appendEntries(s4, 1, (t:1, i:64), 64, true, commits:[s4:c64, s5:c63, s6:c63], cId:6074, entries: [(t:1, i:65), STATEMACHINELOGENTRY, 6073@client-4872AC1AF8F9]
2023-03-07 04:41:14,313 DEBUG server.RaftServer$Division (RaftServerImpl.java:logAppendEntries(1429)) - s5@group-7D579A2BF85B: succeeded to handle AppendEntries. Reply: s4<-s5#6074:OK-t1,SUCCESS,nextIndex=66,followerCommit=64,matchIndex=65
2023-03-07 04:41:14,313 DEBUG server.RaftServer$Division (RaftServerImpl.java:logAppendEntries(1429)) - s6@group-7D579A2BF85B: receive appendEntries(s4, 1, (t:1, i:64), 64, true, commits:[s4:c64, s5:c63, s6:c63], cId:6075, entries: [(t:1, i:65), STATEMACHINELOGENTRY, 6073@client-4872AC1AF8F9]
2023-03-07 04:41:14,313 INFO  statemachine.StateMachine (ArithmeticStateMachine.java:applyTransaction(182)) - LEADER:s4-65: c = √(a^2 + b^2) = 2665
2023-03-07 04:41:14,314 DEBUG server.RaftServer$Division (RaftServerImpl.java:logAppendEntries(1429)) - s6@group-7D579A2BF85B: succeeded to handle AppendEntries. Reply: s4<-s6#6075:OK-t1,SUCCESS,nextIndex=66,followerCommit=64,matchIndex=65
2023-03-07 04:41:14,314 DEBUG server.RaftServer$Division (RaftServerImpl.java:logAppendEntries(1429)) - s5@group-7D579A2BF85B: receive appendEntries(s4, 1, (t:1, i:65), 65, true, commits:[s4:c65, s5:c64, s6:c63], cId:6076, entries: [(t:1, i:66), METADATAENTRY(c:65)]
2023-03-07 04:41:14,314 DEBUG server.RaftServer$Division (RaftServerImpl.java:logAppendEntries(1429)) - s6@group-7D579A2BF85B: receive appendEntries(s4, 1, (t:1, i:65), 65, true, commits:[s4:c65, s5:c64, s6:c64], cId:6077, entries: [(t:1, i:66), METADATAENTRY(c:65)]
2023-03-07 04:41:14,314 DEBUG server.RaftServer$Division (RaftServerImpl.java:logAppendEntries(1429)) - s5@group-7D579A2BF85B: succeeded to handle AppendEntries. Reply: s4<-s5#6076:OK-t1,SUCCESS,nextIndex=67,followerCommit=65,matchIndex=66
2023-03-07 04:41:14,314 DEBUG server.RaftServer$Division (RaftServerImpl.java:logAppendEntries(1429)) - s6@group-7D579A2BF85B: succeeded to handle AppendEntries. Reply: s4<-s6#6077:OK-t1,SUCCESS,nextIndex=67,followerCommit=65,matchIndex=66
2023-03-07 04:41:14,315 DEBUG server.RaftServer$Division (RaftServerImpl.java:submitClientRequestAsync(832)) - s4@group-7D579A2BF85B: receive client request(RaftClientRequest:client-4872AC1AF8F9->s4@group-7D579A2BF85B, cid=6078, seq=0, RW, Message:01016100)
2023-03-07 04:41:14,315 DEBUG server.RaftServer$Division (LeaderStateImpl.java:addPendingRequest(474)) - s4@group-7D579A2BF85B-LeaderStateImpl: addPendingRequest at RaftClientRequest:client-4872AC1AF8F9->s4@group-7D579A2BF85B, cid=6078, seq=0, RW, Message:01016100, entry=(t:1, i:67), STATEMACHINELOGENTRY, 6078@client-4872AC1AF8F9
2023-03-07 04:41:14,315 DEBUG server.RaftServer$Division (RaftServerImpl.java:logAppendEntries(1429)) - s5@group-7D579A2BF85B: receive appendEntries(s4, 1, (t:1, i:66), 66, true, commits:[s4:c66, s5:c65, s6:c65], cId:6079, entries: [(t:1, i:67), STATEMACHINELOGENTRY, 6078@client-4872AC1AF8F9]
2023-03-07 04:41:14,316 DEBUG server.RaftServer$Division (RaftServerImpl.java:logAppendEntries(1429)) - s5@group-7D579A2BF85B: succeeded to handle AppendEntries. Reply: s4<-s5#6079:OK-t1,SUCCESS,nextIndex=68,followerCommit=66,matchIndex=67
2023-03-07 04:41:14,316 DEBUG server.RaftServer$Division (RaftServerImpl.java:logAppendEntries(1429)) - s6@group-7D579A2BF85B: receive appendEntries(s4, 1, (t:1, i:66), 66, true, commits:[s4:c66, s5:c65, s6:c65], cId:6080, entries: [(t:1, i:67), STATEMACHINELOGENTRY, 6078@client-4872AC1AF8F9]
2023-03-07 04:41:14,316 INFO  statemachine.StateMachine (ArithmeticStateMachine.java:applyTransaction(182)) - LEADER:s4-67: a = null = null
2023-03-07 04:41:14,316 DEBUG server.RaftServer$Division (RaftServerImpl.java:logAppendEntries(1429)) - s6@group-7D579A2BF85B: succeeded to handle AppendEntries. Reply: s4<-s6#6080:OK-t1,SUCCESS,nextIndex=68,followerCommit=66,matchIndex=67
2023-03-07 04:41:14,316 DEBUG server.RaftServer$Division (RaftServerImpl.java:logAppendEntries(1429)) - s5@group-7D579A2BF85B: receive appendEntries(s4, 1, (t:1, i:67), 67, true, commits:[s4:c67, s5:c66, s6:c65], cId:6081, entries: [(t:1, i:68), METADATAENTRY(c:67)]
2023-03-07 04:41:14,316 DEBUG server.RaftServer$Division (RaftServerImpl.java:logAppendEntries(1429)) - s6@group-7D579A2BF85B: receive appendEntries(s4, 1, (t:1, i:67), 67, true, commits:[s4:c67, s5:c66, s6:c66], cId:6082, entries: [(t:1, i:68), METADATAENTRY(c:67)]
2023-03-07 04:41:14,317 DEBUG server.RaftServer$Division (RaftServerImpl.java:logAppendEntries(1429)) - s5@group-7D579A2BF85B: succeeded to handle AppendEntries. Reply: s4<-s5#6081:OK-t1,SUCCESS,nextIndex=69,followerCommit=67,matchIndex=68
2023-03-07 04:41:14,317 DEBUG server.RaftServer$Division (RaftServerImpl.java:logAppendEntries(1429)) - s6@group-7D579A2BF85B: succeeded to handle AppendEntries. Reply: s4<-s6#6082:OK-t1,SUCCESS,nextIndex=69,followerCommit=67,matchIndex=68
2023-03-07 04:41:14,317 DEBUG server.RaftServer$Division (RaftServerImpl.java:submitClientRequestAsync(832)) - s4@group-7D579A2BF85B: receive client request(RaftClientRequest:client-4872AC1AF8F9->s4@group-7D579A2BF85B, cid=6083, seq=0, RW, Message:01016200)
2023-03-07 04:41:14,317 DEBUG server.RaftServer$Division (LeaderStateImpl.java:addPendingRequest(474)) - s4@group-7D579A2BF85B-LeaderStateImpl: addPendingRequest at RaftClientRequest:client-4872AC1AF8F9->s4@group-7D579A2BF85B, cid=6083, seq=0, RW, Message:01016200, entry=(t:1, i:69), STATEMACHINELOGENTRY, 6083@client-4872AC1AF8F9
2023-03-07 04:41:14,317 DEBUG server.RaftServer$Division (RaftServerImpl.java:logAppendEntries(1429)) - s5@group-7D579A2BF85B: receive appendEntries(s4, 1, (t:1, i:68), 68, true, commits:[s4:c68, s5:c67, s6:c67], cId:6084, entries: [(t:1, i:69), STATEMACHINELOGENTRY, 6083@client-4872AC1AF8F9]
2023-03-07 04:41:14,318 DEBUG server.RaftServer$Division (RaftServerImpl.java:logAppendEntries(1429)) - s6@group-7D579A2BF85B: receive appendEntries(s4, 1, (t:1, i:68), 68, true, commits:[s4:c68, s5:c67, s6:c67], cId:6085, entries: [(t:1, i:69), STATEMACHINELOGENTRY, 6083@client-4872AC1AF8F9]
2023-03-07 04:41:14,318 DEBUG server.RaftServer$Division (RaftServerImpl.java:logAppendEntries(1429)) - s5@group-7D579A2BF85B: succeeded to handle AppendEntries. Reply: s4<-s5#6084:OK-t1,SUCCESS,nextIndex=70,followerCommit=68,matchIndex=69
2023-03-07 04:41:14,318 DEBUG server.RaftServer$Division (RaftServerImpl.java:logAppendEntries(1429)) - s6@group-7D579A2BF85B: succeeded to handle AppendEntries. Reply: s4<-s6#6085:OK-t1,SUCCESS,nextIndex=70,followerCommit=68,matchIndex=69
2023-03-07 04:41:14,318 INFO  statemachine.StateMachine (ArithmeticStateMachine.java:applyTransaction(182)) - LEADER:s4-69: b = null = null
2023-03-07 04:41:14,318 DEBUG server.RaftServer$Division (RaftServerImpl.java:logAppendEntries(1429)) - s6@group-7D579A2BF85B: receive appendEntries(s4, 1, (t:1, i:69), 69, true, commits:[s4:c69, s5:c68, s6:c68], cId:6086, entries: [(t:1, i:70), METADATAENTRY(c:69)]
2023-03-07 04:41:14,318 DEBUG server.RaftServer$Division (RaftServerImpl.java:logAppendEntries(1429)) - s5@group-7D579A2BF85B: receive appendEntries(s4, 1, (t:1, i:69), 69, true, commits:[s4:c69, s5:c68, s6:c68], cId:6087, entries: [(t:1, i:70), METADATAENTRY(c:69)]
2023-03-07 04:41:14,318 DEBUG server.RaftServer$Division (RaftServerImpl.java:logAppendEntries(1429)) - s6@group-7D579A2BF85B: succeeded to handle AppendEntries. Reply: s4<-s6#6086:OK-t1,SUCCESS,nextIndex=71,followerCommit=69,matchIndex=70
2023-03-07 04:41:14,319 DEBUG server.RaftServer$Division (RaftServerImpl.java:logAppendEntries(1429)) - s5@group-7D579A2BF85B: succeeded to handle AppendEntries. Reply: s4<-s5#6087:OK-t1,SUCCESS,nextIndex=71,followerCommit=69,matchIndex=70
2023-03-07 04:41:14,319 DEBUG server.RaftServer$Division (RaftServerImpl.java:submitClientRequestAsync(832)) - s4@group-7D579A2BF85B: receive client request(RaftClientRequest:client-4872AC1AF8F9->s4@group-7D579A2BF85B, cid=6088, seq=0, RW, Message:01016300)
2023-03-07 04:41:14,320 DEBUG server.RaftServer$Division (LeaderStateImpl.java:addPendingRequest(474)) - s4@group-7D579A2BF85B-LeaderStateImpl: addPendingRequest at RaftClientRequest:client-4872AC1AF8F9->s4@group-7D579A2BF85B, cid=6088, seq=0, RW, Message:01016300, entry=(t:1, i:71), STATEMACHINELOGENTRY, 6088@client-4872AC1AF8F9
2023-03-07 04:41:14,320 DEBUG server.RaftServer$Division (RaftServerImpl.java:logAppendEntries(1429)) - s5@group-7D579A2BF85B: receive appendEntries(s4, 1, (t:1, i:70), 70, true, commits:[s4:c70, s5:c69, s6:c69], cId:6089, entries: [(t:1, i:71), STATEMACHINELOGENTRY, 6088@client-4872AC1AF8F9]
2023-03-07 04:41:14,320 DEBUG server.RaftServer$Division (RaftServerImpl.java:logAppendEntries(1429)) - s6@group-7D579A2BF85B: receive appendEntries(s4, 1, (t:1, i:70), 70, true, commits:[s4:c70, s5:c69, s6:c69], cId:6090, entries: [(t:1, i:71), STATEMACHINELOGENTRY, 6088@client-4872AC1AF8F9]
2023-03-07 04:41:14,320 DEBUG server.RaftServer$Division (RaftServerImpl.java:logAppendEntries(1429)) - s5@group-7D579A2BF85B: succeeded to handle AppendEntries. Reply: s4<-s5#6089:OK-t1,SUCCESS,nextIndex=72,followerCommit=70,matchIndex=71
2023-03-07 04:41:14,321 DEBUG server.RaftServer$Division (RaftServerImpl.java:logAppendEntries(1429)) - s6@group-7D579A2BF85B: succeeded to handle AppendEntries. Reply: s4<-s6#6090:OK-t1,SUCCESS,nextIndex=72,followerCommit=70,matchIndex=71
2023-03-07 04:41:14,321 INFO  statemachine.StateMachine (ArithmeticStateMachine.java:applyTransaction(182)) - LEADER:s4-71: c = null = null
2023-03-07 04:41:14,321 DEBUG server.RaftServer$Division (RaftServerImpl.java:logAppendEntries(1429)) - s6@group-7D579A2BF85B: receive appendEntries(s4, 1, (t:1, i:71), 71, true, commits:[s4:c71, s5:c70, s6:c70], cId:6091, entries: [(t:1, i:72), METADATAENTRY(c:71)]
2023-03-07 04:41:14,321 DEBUG server.RaftServer$Division (RaftServerImpl.java:logAppendEntries(1429)) - s5@group-7D579A2BF85B: receive appendEntries(s4, 1, (t:1, i:71), 71, true, commits:[s4:c71, s5:c70, s6:c70], cId:6092, entries: [(t:1, i:72), METADATAENTRY(c:71)]
2023-03-07 04:41:14,321 DEBUG server.RaftServer$Division (RaftServerImpl.java:logAppendEntries(1429)) - s6@group-7D579A2BF85B: succeeded to handle AppendEntries. Reply: s4<-s6#6091:OK-t1,SUCCESS,nextIndex=73,followerCommit=71,matchIndex=72
2023-03-07 04:41:14,322 DEBUG server.RaftServer$Division (RaftServerImpl.java:logAppendEntries(1429)) - s5@group-7D579A2BF85B: succeeded to handle AppendEntries. Reply: s4<-s5#6092:OK-t1,SUCCESS,nextIndex=73,followerCommit=71,matchIndex=72
2023-03-07 04:41:14,322 DEBUG server.RaftServer$Division (RaftServerImpl.java:submitClientRequestAsync(832)) - s4@group-7D579A2BF85B: receive client request(RaftClientRequest:client-4872AC1AF8F9->s4@group-7D579A2BF85B, cid=6093, seq=0, RW, Message:010161024052c0000000...(size=12))
2023-03-07 04:41:14,322 DEBUG server.RaftServer$Division (LeaderStateImpl.java:addPendingRequest(474)) - s4@group-7D579A2BF85B-LeaderStateImpl: addPendingRequest at RaftClientRequest:client-4872AC1AF8F9->s4@group-7D579A2BF85B, cid=6093, seq=0, RW, Message:010161024052c0000000...(size=12), entry=(t:1, i:73), STATEMACHINELOGENTRY, 6093@client-4872AC1AF8F9
2023-03-07 04:41:14,322 DEBUG server.RaftServer$Division (RaftServerImpl.java:logAppendEntries(1429)) - s5@group-7D579A2BF85B: receive appendEntries(s4, 1, (t:1, i:72), 72, true, commits:[s4:c72, s5:c71, s6:c71], cId:6094, entries: [(t:1, i:73), STATEMACHINELOGENTRY, 6093@client-4872AC1AF8F9]
2023-03-07 04:41:14,322 DEBUG server.RaftServer$Division (RaftServerImpl.java:logAppendEntries(1429)) - s6@group-7D579A2BF85B: receive appendEntries(s4, 1, (t:1, i:72), 72, true, commits:[s4:c72, s5:c71, s6:c71], cId:6095, entries: [(t:1, i:73), STATEMACHINELOGENTRY, 6093@client-4872AC1AF8F9]
2023-03-07 04:41:14,323 DEBUG server.RaftServer$Division (RaftServerImpl.java:logAppendEntries(1429)) - s5@group-7D579A2BF85B: succeeded to handle AppendEntries. Reply: s4<-s5#6094:OK-t1,SUCCESS,nextIndex=74,followerCommit=72,matchIndex=73
2023-03-07 04:41:14,323 DEBUG server.RaftServer$Division (RaftServerImpl.java:logAppendEntries(1429)) - s6@group-7D579A2BF85B: succeeded to handle AppendEntries. Reply: s4<-s6#6095:OK-t1,SUCCESS,nextIndex=74,followerCommit=72,matchIndex=73
2023-03-07 04:41:14,323 INFO  statemachine.StateMachine (ArithmeticStateMachine.java:applyTransaction(182)) - LEADER:s4-73: a = 75 = 75
2023-03-07 04:41:14,323 DEBUG server.RaftServer$Division (RaftServerImpl.java:logAppendEntries(1429)) - s6@group-7D579A2BF85B: receive appendEntries(s4, 1, (t:1, i:73), 73, true, commits:[s4:c73, s5:c72, s6:c72], cId:6096, entries: [(t:1, i:74), METADATAENTRY(c:73)]
2023-03-07 04:41:14,324 DEBUG server.RaftServer$Division (RaftServerImpl.java:logAppendEntries(1429)) - s5@group-7D579A2BF85B: receive appendEntries(s4, 1, (t:1, i:73), 73, true, commits:[s4:c73, s5:c72, s6:c72], cId:6097, entries: [(t:1, i:74), METADATAENTRY(c:73)]
2023-03-07 04:41:14,324 DEBUG server.RaftServer$Division (RaftServerImpl.java:logAppendEntries(1429)) - s6@group-7D579A2BF85B: succeeded to handle AppendEntries. Reply: s4<-s6#6096:OK-t1,SUCCESS,nextIndex=75,followerCommit=73,matchIndex=74
2023-03-07 04:41:14,324 DEBUG server.RaftServer$Division (RaftServerImpl.java:submitClientRequestAsync(832)) - s4@group-7D579A2BF85B: receive client request(RaftClientRequest:client-4872AC1AF8F9->s4@group-7D579A2BF85B, cid=6098, seq=0, RW, Message:0101620240a5f8000000...(size=12))
2023-03-07 04:41:14,324 DEBUG server.RaftServer$Division (RaftServerImpl.java:logAppendEntries(1429)) - s5@group-7D579A2BF85B: succeeded to handle AppendEntries. Reply: s4<-s5#6097:OK-t1,SUCCESS,nextIndex=75,followerCommit=73,matchIndex=74
2023-03-07 04:41:14,325 DEBUG server.RaftServer$Division (RaftServerImpl.java:logAppendEntries(1429)) - s5@group-7D579A2BF85B: receive appendEntries(s4, 1, (t:1, i:74), 74, true, commits:[s4:c74, s5:c73, s6:c73], cId:6100, entries: [(t:1, i:75), STATEMACHINELOGENTRY, 6098@client-4872AC1AF8F9]
2023-03-07 04:41:14,325 DEBUG server.RaftServer$Division (LeaderStateImpl.java:addPendingRequest(474)) - s4@group-7D579A2BF85B-LeaderStateImpl: addPendingRequest at RaftClientRequest:client-4872AC1AF8F9->s4@group-7D579A2BF85B, cid=6098, seq=0, RW, Message:0101620240a5f8000000...(size=12), entry=(t:1, i:75), STATEMACHINELOGENTRY, 6098@client-4872AC1AF8F9
2023-03-07 04:41:14,325 DEBUG server.RaftServer$Division (RaftServerImpl.java:logAppendEntries(1429)) - s6@group-7D579A2BF85B: receive appendEntries(s4, 1, (t:1, i:74), 74, true, commits:[s4:c74, s5:c73, s6:c73], cId:6099, entries: [(t:1, i:75), STATEMACHINELOGENTRY, 6098@client-4872AC1AF8F9]
2023-03-07 04:41:14,325 DEBUG server.RaftServer$Division (RaftServerImpl.java:logAppendEntries(1429)) - s5@group-7D579A2BF85B: succeeded to handle AppendEntries. Reply: s4<-s5#6100:OK-t1,SUCCESS,nextIndex=76,followerCommit=74,matchIndex=75
2023-03-07 04:41:14,325 DEBUG server.RaftServer$Division (RaftServerImpl.java:logAppendEntries(1429)) - s6@group-7D579A2BF85B: succeeded to handle AppendEntries. Reply: s4<-s6#6099:OK-t1,SUCCESS,nextIndex=76,followerCommit=74,matchIndex=75
2023-03-07 04:41:14,326 INFO  statemachine.StateMachine (ArithmeticStateMachine.java:applyTransaction(182)) - LEADER:s4-75: b = 2812 = 2812
2023-03-07 04:41:14,326 DEBUG server.RaftServer$Division (RaftServerImpl.java:logAppendEntries(1429)) - s5@group-7D579A2BF85B: receive appendEntries(s4, 1, (t:1, i:75), 75, true, commits:[s4:c75, s5:c74, s6:c74], cId:6101, entries: [(t:1, i:76), METADATAENTRY(c:75)]
2023-03-07 04:41:14,326 DEBUG server.RaftServer$Division (RaftServerImpl.java:logAppendEntries(1429)) - s6@group-7D579A2BF85B: receive appendEntries(s4, 1, (t:1, i:75), 75, true, commits:[s4:c75, s5:c74, s6:c74], cId:6102, entries: [(t:1, i:76), METADATAENTRY(c:75)]
2023-03-07 04:41:14,326 DEBUG server.RaftServer$Division (RaftServerImpl.java:logAppendEntries(1429)) - s5@group-7D579A2BF85B: succeeded to handle AppendEntries. Reply: s4<-s5#6101:OK-t1,SUCCESS,nextIndex=77,followerCommit=75,matchIndex=76
2023-03-07 04:41:14,326 DEBUG server.RaftServer$Division (RaftServerImpl.java:logAppendEntries(1429)) - s6@group-7D579A2BF85B: succeeded to handle AppendEntries. Reply: s4<-s6#6102:OK-t1,SUCCESS,nextIndex=77,followerCommit=75,matchIndex=76
2023-03-07 04:41:14,327 DEBUG server.RaftServer$Division (RaftServerImpl.java:submitClientRequestAsync(832)) - s4@group-7D579A2BF85B: receive client request(RaftClientRequest:client-4872AC1AF8F9->s4@group-7D579A2BF85B, cid=6103, seq=0, RW, Message:01016304010300040201...(size=17))
2023-03-07 04:41:14,327 DEBUG server.RaftServer$Division (LeaderStateImpl.java:addPendingRequest(474)) - s4@group-7D579A2BF85B-LeaderStateImpl: addPendingRequest at RaftClientRequest:client-4872AC1AF8F9->s4@group-7D579A2BF85B, cid=6103, seq=0, RW, Message:01016304010300040201...(size=17), entry=(t:1, i:77), STATEMACHINELOGENTRY, 6103@client-4872AC1AF8F9
2023-03-07 04:41:14,327 DEBUG server.RaftServer$Division (RaftServerImpl.java:logAppendEntries(1429)) - s6@group-7D579A2BF85B: receive appendEntries(s4, 1, (t:1, i:76), 76, true, commits:[s4:c76, s5:c75, s6:c75], cId:6104, entries: [(t:1, i:77), STATEMACHINELOGENTRY, 6103@client-4872AC1AF8F9]
2023-03-07 04:41:14,327 DEBUG server.RaftServer$Division (RaftServerImpl.java:logAppendEntries(1429)) - s5@group-7D579A2BF85B: receive appendEntries(s4, 1, (t:1, i:76), 76, true, commits:[s4:c76, s5:c75, s6:c75], cId:6105, entries: [(t:1, i:77), STATEMACHINELOGENTRY, 6103@client-4872AC1AF8F9]
2023-03-07 04:41:14,328 DEBUG server.RaftServer$Division (RaftServerImpl.java:logAppendEntries(1429)) - s5@group-7D579A2BF85B: succeeded to handle AppendEntries. Reply: s4<-s5#6105:OK-t1,SUCCESS,nextIndex=78,followerCommit=76,matchIndex=77
2023-03-07 04:41:14,328 DEBUG server.RaftServer$Division (RaftServerImpl.java:logAppendEntries(1429)) - s6@group-7D579A2BF85B: succeeded to handle AppendEntries. Reply: s4<-s6#6104:OK-t1,SUCCESS,nextIndex=78,followerCommit=76,matchIndex=77
2023-03-07 04:41:14,328 INFO  statemachine.StateMachine (ArithmeticStateMachine.java:applyTransaction(182)) - LEADER:s4-77: c = √(a^2 + b^2) = 2813
2023-03-07 04:41:14,328 DEBUG server.RaftServer$Division (RaftServerImpl.java:logAppendEntries(1429)) - s5@group-7D579A2BF85B: receive appendEntries(s4, 1, (t:1, i:77), 77, true, commits:[s4:c77, s5:c76, s6:c76], cId:6106, entries: [(t:1, i:78), METADATAENTRY(c:77)]
2023-03-07 04:41:14,328 DEBUG server.RaftServer$Division (RaftServerImpl.java:logAppendEntries(1429)) - s6@group-7D579A2BF85B: receive appendEntries(s4, 1, (t:1, i:77), 77, true, commits:[s4:c77, s5:c76, s6:c76], cId:6107, entries: [(t:1, i:78), METADATAENTRY(c:77)]
2023-03-07 04:41:14,329 DEBUG server.RaftServer$Division (RaftServerImpl.java:logAppendEntries(1429)) - s5@group-7D579A2BF85B: succeeded to handle AppendEntries. Reply: s4<-s5#6106:OK-t1,SUCCESS,nextIndex=79,followerCommit=77,matchIndex=78
2023-03-07 04:41:14,329 DEBUG server.RaftServer$Division (RaftServerImpl.java:logAppendEntries(1429)) - s6@group-7D579A2BF85B: succeeded to handle AppendEntries. Reply: s4<-s6#6107:OK-t1,SUCCESS,nextIndex=79,followerCommit=77,matchIndex=78
2023-03-07 04:41:14,329 DEBUG server.RaftServer$Division (RaftServerImpl.java:submitClientRequestAsync(832)) - s4@group-7D579A2BF85B: receive client request(RaftClientRequest:client-4872AC1AF8F9->s4@group-7D579A2BF85B, cid=6112, seq=0, RW, Message:01016100)
2023-03-07 04:41:14,329 DEBUG server.RaftServer$Division (LeaderStateImpl.java:addPendingRequest(474)) - s4@group-7D579A2BF85B-LeaderStateImpl: addPendingRequest at RaftClientRequest:client-4872AC1AF8F9->s4@group-7D579A2BF85B, cid=6112, seq=0, RW, Message:01016100, entry=(t:1, i:79), STATEMACHINELOGENTRY, 6112@client-4872AC1AF8F9
2023-03-07 04:41:14,330 DEBUG server.RaftServer$Division (RaftServerImpl.java:logAppendEntries(1429)) - s6@group-7D579A2BF85B: receive appendEntries(s4, 1, (t:1, i:78), 78, true, commits:[s4:c78, s5:c77, s6:c77], cId:6114, entries: [(t:1, i:79), STATEMACHINELOGENTRY, 6112@client-4872AC1AF8F9]
2023-03-07 04:41:14,330 DEBUG server.RaftServer$Division (RaftServerImpl.java:logAppendEntries(1429)) - s5@group-7D579A2BF85B: receive appendEntries(s4, 1, (t:1, i:78), 78, true, commits:[s4:c78, s5:c77, s6:c77], cId:6113, entries: [(t:1, i:79), STATEMACHINELOGENTRY, 6112@client-4872AC1AF8F9]
2023-03-07 04:41:14,330 DEBUG server.RaftServer$Division (RaftServerImpl.java:logAppendEntries(1429)) - s6@group-7D579A2BF85B: succeeded to handle AppendEntries. Reply: s4<-s6#6114:OK-t1,SUCCESS,nextIndex=80,followerCommit=78,matchIndex=79
2023-03-07 04:41:14,330 DEBUG server.RaftServer$Division (RaftServerImpl.java:logAppendEntries(1429)) - s5@group-7D579A2BF85B: succeeded to handle AppendEntries. Reply: s4<-s5#6113:OK-t1,SUCCESS,nextIndex=80,followerCommit=78,matchIndex=79
2023-03-07 04:41:14,330 INFO  statemachine.StateMachine (ArithmeticStateMachine.java:applyTransaction(182)) - LEADER:s4-79: a = null = null
2023-03-07 04:41:14,330 DEBUG server.RaftServer$Division (RaftServerImpl.java:logAppendEntries(1429)) - s5@group-7D579A2BF85B: receive appendEntries(s4, 1, (t:1, i:79), 79, true, commits:[s4:c79, s5:c78, s6:c78], cId:6115, entries: [(t:1, i:80), METADATAENTRY(c:79)]
2023-03-07 04:41:14,331 DEBUG server.RaftServer$Division (RaftServerImpl.java:logAppendEntries(1429)) - s6@group-7D579A2BF85B: receive appendEntries(s4, 1, (t:1, i:79), 79, true, commits:[s4:c79, s5:c78, s6:c78], cId:6116, entries: [(t:1, i:80), METADATAENTRY(c:79)]
2023-03-07 04:41:14,331 DEBUG server.RaftServer$Division (RaftServerImpl.java:logAppendEntries(1429)) - s5@group-7D579A2BF85B: succeeded to handle AppendEntries. Reply: s4<-s5#6115:OK-t1,SUCCESS,nextIndex=81,followerCommit=79,matchIndex=80
2023-03-07 04:41:14,331 DEBUG server.RaftServer$Division (RaftServerImpl.java:logAppendEntries(1429)) - s6@group-7D579A2BF85B: succeeded to handle AppendEntries. Reply: s4<-s6#6116:OK-t1,SUCCESS,nextIndex=81,followerCommit=79,matchIndex=80
2023-03-07 04:41:14,331 DEBUG server.RaftServer$Division (RaftServerImpl.java:submitClientRequestAsync(832)) - s4@group-7D579A2BF85B: receive client request(RaftClientRequest:client-4872AC1AF8F9->s4@group-7D579A2BF85B, cid=6117, seq=0, RW, Message:01016200)
2023-03-07 04:41:14,332 DEBUG server.RaftServer$Division (LeaderStateImpl.java:addPendingRequest(474)) - s4@group-7D579A2BF85B-LeaderStateImpl: addPendingRequest at RaftClientRequest:client-4872AC1AF8F9->s4@group-7D579A2BF85B, cid=6117, seq=0, RW, Message:01016200, entry=(t:1, i:81), STATEMACHINELOGENTRY, 6117@client-4872AC1AF8F9
2023-03-07 04:41:14,332 DEBUG server.RaftServer$Division (RaftServerImpl.java:logAppendEntries(1429)) - s6@group-7D579A2BF85B: receive appendEntries(s4, 1, (t:1, i:80), 80, true, commits:[s4:c80, s5:c79, s6:c79], cId:6119, entries: [(t:1, i:81), STATEMACHINELOGENTRY, 6117@client-4872AC1AF8F9]
2023-03-07 04:41:14,332 DEBUG server.RaftServer$Division (RaftServerImpl.java:logAppendEntries(1429)) - s5@group-7D579A2BF85B: receive appendEntries(s4, 1, (t:1, i:80), 80, true, commits:[s4:c80, s5:c79, s6:c79], cId:6118, entries: [(t:1, i:81), STATEMACHINELOGENTRY, 6117@client-4872AC1AF8F9]
2023-03-07 04:41:14,332 DEBUG server.RaftServer$Division (RaftServerImpl.java:logAppendEntries(1429)) - s6@group-7D579A2BF85B: succeeded to handle AppendEntries. Reply: s4<-s6#6119:OK-t1,SUCCESS,nextIndex=82,followerCommit=80,matchIndex=81
2023-03-07 04:41:14,332 DEBUG server.RaftServer$Division (RaftServerImpl.java:logAppendEntries(1429)) - s5@group-7D579A2BF85B: succeeded to handle AppendEntries. Reply: s4<-s5#6118:OK-t1,SUCCESS,nextIndex=82,followerCommit=80,matchIndex=81
2023-03-07 04:41:14,332 INFO  statemachine.StateMachine (ArithmeticStateMachine.java:applyTransaction(182)) - LEADER:s4-81: b = null = null
2023-03-07 04:41:14,333 DEBUG server.RaftServer$Division (RaftServerImpl.java:logAppendEntries(1429)) - s5@group-7D579A2BF85B: receive appendEntries(s4, 1, (t:1, i:81), 81, true, commits:[s4:c81, s5:c80, s6:c80], cId:6120, entries: [(t:1, i:82), METADATAENTRY(c:81)]
2023-03-07 04:41:14,333 DEBUG server.RaftServer$Division (RaftServerImpl.java:logAppendEntries(1429)) - s6@group-7D579A2BF85B: receive appendEntries(s4, 1, (t:1, i:81), 81, true, commits:[s4:c81, s5:c80, s6:c80], cId:6121, entries: [(t:1, i:82), METADATAENTRY(c:81)]
2023-03-07 04:41:14,333 DEBUG server.RaftServer$Division (RaftServerImpl.java:logAppendEntries(1429)) - s5@group-7D579A2BF85B: succeeded to handle AppendEntries. Reply: s4<-s5#6120:OK-t1,SUCCESS,nextIndex=83,followerCommit=81,matchIndex=82
2023-03-07 04:41:14,333 DEBUG server.RaftServer$Division (RaftServerImpl.java:logAppendEntries(1429)) - s6@group-7D579A2BF85B: succeeded to handle AppendEntries. Reply: s4<-s6#6121:OK-t1,SUCCESS,nextIndex=83,followerCommit=81,matchIndex=82
2023-03-07 04:41:14,334 DEBUG server.RaftServer$Division (RaftServerImpl.java:submitClientRequestAsync(832)) - s4@group-7D579A2BF85B: receive client request(RaftClientRequest:client-4872AC1AF8F9->s4@group-7D579A2BF85B, cid=6122, seq=0, RW, Message:01016300)
2023-03-07 04:41:14,334 DEBUG server.RaftServer$Division (LeaderStateImpl.java:addPendingRequest(474)) - s4@group-7D579A2BF85B-LeaderStateImpl: addPendingRequest at RaftClientRequest:client-4872AC1AF8F9->s4@group-7D579A2BF85B, cid=6122, seq=0, RW, Message:01016300, entry=(t:1, i:83), STATEMACHINELOGENTRY, 6122@client-4872AC1AF8F9
2023-03-07 04:41:14,334 DEBUG server.RaftServer$Division (RaftServerImpl.java:logAppendEntries(1429)) - s6@group-7D579A2BF85B: receive appendEntries(s4, 1, (t:1, i:82), 82, true, commits:[s4:c82, s5:c81, s6:c81], cId:6124, entries: [(t:1, i:83), STATEMACHINELOGENTRY, 6122@client-4872AC1AF8F9]
2023-03-07 04:41:14,334 DEBUG server.RaftServer$Division (RaftServerImpl.java:logAppendEntries(1429)) - s5@group-7D579A2BF85B: receive appendEntries(s4, 1, (t:1, i:82), 82, true, commits:[s4:c82, s5:c81, s6:c81], cId:6123, entries: [(t:1, i:83), STATEMACHINELOGENTRY, 6122@client-4872AC1AF8F9]
2023-03-07 04:41:14,334 DEBUG server.RaftServer$Division (RaftServerImpl.java:logAppendEntries(1429)) - s6@group-7D579A2BF85B: succeeded to handle AppendEntries. Reply: s4<-s6#6124:OK-t1,SUCCESS,nextIndex=84,followerCommit=82,matchIndex=83
2023-03-07 04:41:14,335 DEBUG server.RaftServer$Division (RaftServerImpl.java:logAppendEntries(1429)) - s5@group-7D579A2BF85B: succeeded to handle AppendEntries. Reply: s4<-s5#6123:OK-t1,SUCCESS,nextIndex=84,followerCommit=82,matchIndex=83
2023-03-07 04:41:14,335 INFO  statemachine.StateMachine (ArithmeticStateMachine.java:applyTransaction(182)) - LEADER:s4-83: c = null = null
2023-03-07 04:41:14,335 DEBUG server.RaftServer$Division (RaftServerImpl.java:logAppendEntries(1429)) - s5@group-7D579A2BF85B: receive appendEntries(s4, 1, (t:1, i:83), 83, true, commits:[s4:c83, s5:c82, s6:c82], cId:6125, entries: [(t:1, i:84), METADATAENTRY(c:83)]
2023-03-07 04:41:14,335 DEBUG server.RaftServer$Division (RaftServerImpl.java:logAppendEntries(1429)) - s6@group-7D579A2BF85B: receive appendEntries(s4, 1, (t:1, i:83), 83, true, commits:[s4:c83, s5:c82, s6:c82], cId:6126, entries: [(t:1, i:84), METADATAENTRY(c:83)]
2023-03-07 04:41:14,335 DEBUG server.RaftServer$Division (RaftServerImpl.java:logAppendEntries(1429)) - s5@group-7D579A2BF85B: succeeded to handle AppendEntries. Reply: s4<-s5#6125:OK-t1,SUCCESS,nextIndex=85,followerCommit=83,matchIndex=84
2023-03-07 04:41:14,335 DEBUG server.RaftServer$Division (RaftServerImpl.java:logAppendEntries(1429)) - s6@group-7D579A2BF85B: succeeded to handle AppendEntries. Reply: s4<-s6#6126:OK-t1,SUCCESS,nextIndex=85,followerCommit=83,matchIndex=84
2023-03-07 04:41:14,336 DEBUG server.RaftServer$Division (RaftServerImpl.java:submitClientRequestAsync(832)) - s4@group-7D579A2BF85B: receive client request(RaftClientRequest:client-4872AC1AF8F9->s4@group-7D579A2BF85B, cid=6127, seq=0, RW, Message:01016102405340000000...(size=12))
2023-03-07 04:41:14,336 DEBUG server.RaftServer$Division (LeaderStateImpl.java:addPendingRequest(474)) - s4@group-7D579A2BF85B-LeaderStateImpl: addPendingRequest at RaftClientRequest:client-4872AC1AF8F9->s4@group-7D579A2BF85B, cid=6127, seq=0, RW, Message:01016102405340000000...(size=12), entry=(t:1, i:85), STATEMACHINELOGENTRY, 6127@client-4872AC1AF8F9
2023-03-07 04:41:14,336 DEBUG server.RaftServer$Division (RaftServerImpl.java:logAppendEntries(1429)) - s5@group-7D579A2BF85B: receive appendEntries(s4, 1, (t:1, i:84), 84, true, commits:[s4:c84, s5:c83, s6:c83], cId:6128, entries: [(t:1, i:85), STATEMACHINELOGENTRY, 6127@client-4872AC1AF8F9]
2023-03-07 04:41:14,338 DEBUG server.RaftServer$Division (RaftServerImpl.java:logAppendEntries(1429)) - s5@group-7D579A2BF85B: succeeded to handle AppendEntries. Reply: s4<-s5#6128:OK-t1,SUCCESS,nextIndex=86,followerCommit=84,matchIndex=85
2023-03-07 04:41:14,338 DEBUG server.RaftServer$Division (RaftServerImpl.java:logAppendEntries(1429)) - s6@group-7D579A2BF85B: receive appendEntries(s4, 1, (t:1, i:84), 84, true, commits:[s4:c84, s5:c83, s6:c83], cId:6129, entries: [(t:1, i:85), STATEMACHINELOGENTRY, 6127@client-4872AC1AF8F9]
2023-03-07 04:41:14,338 INFO  statemachine.StateMachine (ArithmeticStateMachine.java:applyTransaction(182)) - LEADER:s4-85: a = 77 = 77
2023-03-07 04:41:14,338 DEBUG server.RaftServer$Division (RaftServerImpl.java:logAppendEntries(1429)) - s5@group-7D579A2BF85B: receive appendEntries(s4, 1, (t:1, i:85), 85, true, commits:[s4:c85, s5:c84, s6:c83], cId:6130, entries: [(t:1, i:86), METADATAENTRY(c:85)]
2023-03-07 04:41:14,338 DEBUG server.RaftServer$Division (RaftServerImpl.java:logAppendEntries(1429)) - s6@group-7D579A2BF85B: succeeded to handle AppendEntries. Reply: s4<-s6#6129:OK-t1,SUCCESS,nextIndex=86,followerCommit=84,matchIndex=85
2023-03-07 04:41:14,338 DEBUG server.RaftServer$Division (RaftServerImpl.java:logAppendEntries(1429)) - s5@group-7D579A2BF85B: succeeded to handle AppendEntries. Reply: s4<-s5#6130:OK-t1,SUCCESS,nextIndex=87,followerCommit=85,matchIndex=86
2023-03-07 04:41:14,339 DEBUG server.RaftServer$Division (RaftServerImpl.java:logAppendEntries(1429)) - s6@group-7D579A2BF85B: receive appendEntries(s4, 1, (t:1, i:85), 86, true, commits:[s4:c86, s5:c85, s6:c84], cId:6132, entries: [(t:1, i:86), METADATAENTRY(c:85)]
2023-03-07 04:41:14,339 DEBUG server.RaftServer$Division (RaftServerImpl.java:submitClientRequestAsync(832)) - s4@group-7D579A2BF85B: receive client request(RaftClientRequest:client-4872AC1AF8F9->s4@group-7D579A2BF85B, cid=6131, seq=0, RW, Message:0101620240a728000000...(size=12))
2023-03-07 04:41:14,339 DEBUG server.RaftServer$Division (RaftServerImpl.java:logAppendEntries(1429)) - s6@group-7D579A2BF85B: succeeded to handle AppendEntries. Reply: s4<-s6#6132:OK-t1,SUCCESS,nextIndex=87,followerCommit=86,matchIndex=86
2023-03-07 04:41:14,340 DEBUG server.RaftServer$Division (LeaderStateImpl.java:addPendingRequest(474)) - s4@group-7D579A2BF85B-LeaderStateImpl: addPendingRequest at RaftClientRequest:client-4872AC1AF8F9->s4@group-7D579A2BF85B, cid=6131, seq=0, RW, Message:0101620240a728000000...(size=12), entry=(t:1, i:87), STATEMACHINELOGENTRY, 6131@client-4872AC1AF8F9
2023-03-07 04:41:14,340 DEBUG server.RaftServer$Division (RaftServerImpl.java:logAppendEntries(1429)) - s5@group-7D579A2BF85B: receive appendEntries(s4, 1, (t:1, i:86), 86, true, commits:[s4:c86, s5:c85, s6:c86], cId:6134, entries: [(t:1, i:87), STATEMACHINELOGENTRY, 6131@client-4872AC1AF8F9]
2023-03-07 04:41:14,340 DEBUG server.RaftServer$Division (RaftServerImpl.java:logAppendEntries(1429)) - s6@group-7D579A2BF85B: receive appendEntries(s4, 1, (t:1, i:86), 86, true, commits:[s4:c86, s5:c85, s6:c86], cId:6133, entries: [(t:1, i:87), STATEMACHINELOGENTRY, 6131@client-4872AC1AF8F9]
2023-03-07 04:41:14,340 DEBUG server.RaftServer$Division (RaftServerImpl.java:logAppendEntries(1429)) - s5@group-7D579A2BF85B: succeeded to handle AppendEntries. Reply: s4<-s5#6134:OK-t1,SUCCESS,nextIndex=88,followerCommit=86,matchIndex=87
2023-03-07 04:41:14,340 DEBUG server.RaftServer$Division (RaftServerImpl.java:logAppendEntries(1429)) - s6@group-7D579A2BF85B: succeeded to handle AppendEntries. Reply: s4<-s6#6133:OK-t1,SUCCESS,nextIndex=88,followerCommit=86,matchIndex=87
2023-03-07 04:41:14,341 INFO  statemachine.StateMachine (ArithmeticStateMachine.java:applyTransaction(182)) - LEADER:s4-87: b = 2964 = 2964
2023-03-07 04:41:14,341 DEBUG server.RaftServer$Division (RaftServerImpl.java:logAppendEntries(1429)) - s5@group-7D579A2BF85B: receive appendEntries(s4, 1, (t:1, i:87), 87, true, commits:[s4:c87, s5:c86, s6:c86], cId:6135, entries: [(t:1, i:88), METADATAENTRY(c:87)]
2023-03-07 04:41:14,341 DEBUG server.RaftServer$Division (RaftServerImpl.java:logAppendEntries(1429)) - s6@group-7D579A2BF85B: receive appendEntries(s4, 1, (t:1, i:87), 87, true, commits:[s4:c87, s5:c86, s6:c86], cId:6136, entries: [(t:1, i:88), METADATAENTRY(c:87)]
2023-03-07 04:41:14,341 DEBUG server.RaftServer$Division (RaftServerImpl.java:logAppendEntries(1429)) - s5@group-7D579A2BF85B: succeeded to handle AppendEntries. Reply: s4<-s5#6135:OK-t1,SUCCESS,nextIndex=89,followerCommit=87,matchIndex=88
2023-03-07 04:41:14,343 DEBUG server.RaftServer$Division (RaftServerImpl.java:logAppendEntries(1429)) - s6@group-7D579A2BF85B: succeeded to handle AppendEntries. Reply: s4<-s6#6136:OK-t1,SUCCESS,nextIndex=89,followerCommit=87,matchIndex=88
2023-03-07 04:41:14,343 DEBUG server.RaftServer$Division (RaftServerImpl.java:submitClientRequestAsync(832)) - s4@group-7D579A2BF85B: receive client request(RaftClientRequest:client-4872AC1AF8F9->s4@group-7D579A2BF85B, cid=6137, seq=0, RW, Message:01016304010300040201...(size=17))
2023-03-07 04:41:14,343 DEBUG server.RaftServer$Division (LeaderStateImpl.java:addPendingRequest(474)) - s4@group-7D579A2BF85B-LeaderStateImpl: addPendingRequest at RaftClientRequest:client-4872AC1AF8F9->s4@group-7D579A2BF85B, cid=6137, seq=0, RW, Message:01016304010300040201...(size=17), entry=(t:1, i:89), STATEMACHINELOGENTRY, 6137@client-4872AC1AF8F9
2023-03-07 04:41:14,343 DEBUG server.RaftServer$Division (RaftServerImpl.java:logAppendEntries(1429)) - s5@group-7D579A2BF85B: receive appendEntries(s4, 1, (t:1, i:88), 88, true, commits:[s4:c88, s5:c87, s6:c87], cId:6138, entries: [(t:1, i:89), STATEMACHINELOGENTRY, 6137@client-4872AC1AF8F9]
2023-03-07 04:41:14,344 DEBUG server.RaftServer$Division (RaftServerImpl.java:logAppendEntries(1429)) - s6@group-7D579A2BF85B: receive appendEntries(s4, 1, (t:1, i:88), 88, true, commits:[s4:c88, s5:c87, s6:c87], cId:6139, entries: [(t:1, i:89), STATEMACHINELOGENTRY, 6137@client-4872AC1AF8F9]
2023-03-07 04:41:14,344 DEBUG server.RaftServer$Division (RaftServerImpl.java:logAppendEntries(1429)) - s5@group-7D579A2BF85B: succeeded to handle AppendEntries. Reply: s4<-s5#6138:OK-t1,SUCCESS,nextIndex=90,followerCommit=88,matchIndex=89
2023-03-07 04:41:14,344 DEBUG server.RaftServer$Division (RaftServerImpl.java:logAppendEntries(1429)) - s6@group-7D579A2BF85B: succeeded to handle AppendEntries. Reply: s4<-s6#6139:OK-t1,SUCCESS,nextIndex=90,followerCommit=88,matchIndex=89
2023-03-07 04:41:14,344 INFO  statemachine.StateMachine (ArithmeticStateMachine.java:applyTransaction(182)) - LEADER:s4-89: c = √(a^2 + b^2) = 2965
2023-03-07 04:41:14,344 DEBUG server.RaftServer$Division (RaftServerImpl.java:logAppendEntries(1429)) - s6@group-7D579A2BF85B: receive appendEntries(s4, 1, (t:1, i:89), 89, true, commits:[s4:c89, s5:c88, s6:c88], cId:6140, entries: [(t:1, i:90), METADATAENTRY(c:89)]
2023-03-07 04:41:14,344 DEBUG server.RaftServer$Division (RaftServerImpl.java:logAppendEntries(1429)) - s5@group-7D579A2BF85B: receive appendEntries(s4, 1, (t:1, i:89), 89, true, commits:[s4:c89, s5:c88, s6:c88], cId:6141, entries: [(t:1, i:90), METADATAENTRY(c:89)]
2023-03-07 04:41:14,345 DEBUG server.RaftServer$Division (RaftServerImpl.java:logAppendEntries(1429)) - s6@group-7D579A2BF85B: succeeded to handle AppendEntries. Reply: s4<-s6#6140:OK-t1,SUCCESS,nextIndex=91,followerCommit=89,matchIndex=90
2023-03-07 04:41:14,345 DEBUG server.RaftServer$Division (RaftServerImpl.java:logAppendEntries(1429)) - s5@group-7D579A2BF85B: succeeded to handle AppendEntries. Reply: s4<-s5#6141:OK-t1,SUCCESS,nextIndex=91,followerCommit=89,matchIndex=90
2023-03-07 04:41:14,346 DEBUG server.RaftServer$Division (RaftServerImpl.java:submitClientRequestAsync(832)) - s4@group-7D579A2BF85B: receive client request(RaftClientRequest:client-4872AC1AF8F9->s4@group-7D579A2BF85B, cid=6142, seq=0, RW, Message:01016100)
2023-03-07 04:41:14,346 DEBUG server.RaftServer$Division (LeaderStateImpl.java:addPendingRequest(474)) - s4@group-7D579A2BF85B-LeaderStateImpl: addPendingRequest at RaftClientRequest:client-4872AC1AF8F9->s4@group-7D579A2BF85B, cid=6142, seq=0, RW, Message:01016100, entry=(t:1, i:91), STATEMACHINELOGENTRY, 6142@client-4872AC1AF8F9
2023-03-07 04:41:14,346 DEBUG server.RaftServer$Division (RaftServerImpl.java:logAppendEntries(1429)) - s5@group-7D579A2BF85B: receive appendEntries(s4, 1, (t:1, i:90), 90, true, commits:[s4:c90, s5:c89, s6:c89], cId:6143, entries: [(t:1, i:91), STATEMACHINELOGENTRY, 6142@client-4872AC1AF8F9]
2023-03-07 04:41:14,347 DEBUG server.RaftServer$Division (RaftServerImpl.java:logAppendEntries(1429)) - s6@group-7D579A2BF85B: receive appendEntries(s4, 1, (t:1, i:90), 90, true, commits:[s4:c90, s5:c89, s6:c89], cId:6144, entries: [(t:1, i:91), STATEMACHINELOGENTRY, 6142@client-4872AC1AF8F9]
2023-03-07 04:41:14,347 DEBUG server.RaftServer$Division (RaftServerImpl.java:logAppendEntries(1429)) - s5@group-7D579A2BF85B: succeeded to handle AppendEntries. Reply: s4<-s5#6143:OK-t1,SUCCESS,nextIndex=92,followerCommit=90,matchIndex=91
2023-03-07 04:41:14,347 DEBUG server.RaftServer$Division (RaftServerImpl.java:logAppendEntries(1429)) - s6@group-7D579A2BF85B: succeeded to handle AppendEntries. Reply: s4<-s6#6144:OK-t1,SUCCESS,nextIndex=92,followerCommit=90,matchIndex=91
2023-03-07 04:41:14,347 INFO  statemachine.StateMachine (ArithmeticStateMachine.java:applyTransaction(182)) - LEADER:s4-91: a = null = null
2023-03-07 04:41:14,347 DEBUG server.RaftServer$Division (RaftServerImpl.java:logAppendEntries(1429)) - s6@group-7D579A2BF85B: receive appendEntries(s4, 1, (t:1, i:91), 91, true, commits:[s4:c91, s5:c90, s6:c90], cId:6145, entries: [(t:1, i:92), METADATAENTRY(c:91)]
2023-03-07 04:41:14,347 DEBUG server.RaftServer$Division (RaftServerImpl.java:logAppendEntries(1429)) - s5@group-7D579A2BF85B: receive appendEntries(s4, 1, (t:1, i:91), 91, true, commits:[s4:c91, s5:c90, s6:c90], cId:6146, entries: [(t:1, i:92), METADATAENTRY(c:91)]
2023-03-07 04:41:14,348 DEBUG server.RaftServer$Division (RaftServerImpl.java:logAppendEntries(1429)) - s6@group-7D579A2BF85B: succeeded to handle AppendEntries. Reply: s4<-s6#6145:OK-t1,SUCCESS,nextIndex=93,followerCommit=91,matchIndex=92
2023-03-07 04:41:14,348 DEBUG server.RaftServer$Division (RaftServerImpl.java:logAppendEntries(1429)) - s5@group-7D579A2BF85B: succeeded to handle AppendEntries. Reply: s4<-s5#6146:OK-t1,SUCCESS,nextIndex=93,followerCommit=91,matchIndex=92
2023-03-07 04:41:14,348 DEBUG server.RaftServer$Division (RaftServerImpl.java:submitClientRequestAsync(832)) - s4@group-7D579A2BF85B: receive client request(RaftClientRequest:client-4872AC1AF8F9->s4@group-7D579A2BF85B, cid=6147, seq=0, RW, Message:01016200)
2023-03-07 04:41:14,348 DEBUG server.RaftServer$Division (LeaderStateImpl.java:addPendingRequest(474)) - s4@group-7D579A2BF85B-LeaderStateImpl: addPendingRequest at RaftClientRequest:client-4872AC1AF8F9->s4@group-7D579A2BF85B, cid=6147, seq=0, RW, Message:01016200, entry=(t:1, i:93), STATEMACHINELOGENTRY, 6147@client-4872AC1AF8F9
2023-03-07 04:41:14,349 DEBUG server.RaftServer$Division (RaftServerImpl.java:logAppendEntries(1429)) - s5@group-7D579A2BF85B: receive appendEntries(s4, 1, (t:1, i:92), 92, true, commits:[s4:c92, s5:c91, s6:c91], cId:6148, entries: [(t:1, i:93), STATEMACHINELOGENTRY, 6147@client-4872AC1AF8F9]
2023-03-07 04:41:14,349 DEBUG server.RaftServer$Division (RaftServerImpl.java:logAppendEntries(1429)) - s6@group-7D579A2BF85B: receive appendEntries(s4, 1, (t:1, i:92), 92, true, commits:[s4:c92, s5:c91, s6:c91], cId:6149, entries: [(t:1, i:93), STATEMACHINELOGENTRY, 6147@client-4872AC1AF8F9]
2023-03-07 04:41:14,349 DEBUG server.RaftServer$Division (RaftServerImpl.java:logAppendEntries(1429)) - s5@group-7D579A2BF85B: succeeded to handle AppendEntries. Reply: s4<-s5#6148:OK-t1,SUCCESS,nextIndex=94,followerCommit=92,matchIndex=93
2023-03-07 04:41:14,349 DEBUG server.RaftServer$Division (RaftServerImpl.java:logAppendEntries(1429)) - s6@group-7D579A2BF85B: succeeded to handle AppendEntries. Reply: s4<-s6#6149:OK-t1,SUCCESS,nextIndex=94,followerCommit=92,matchIndex=93
2023-03-07 04:41:14,350 INFO  statemachine.StateMachine (ArithmeticStateMachine.java:applyTransaction(182)) - LEADER:s4-93: b = null = null
2023-03-07 04:41:14,350 DEBUG server.RaftServer$Division (RaftServerImpl.java:logAppendEntries(1429)) - s6@group-7D579A2BF85B: receive appendEntries(s4, 1, (t:1, i:93), 93, true, commits:[s4:c93, s5:c92, s6:c92], cId:6150, entries: [(t:1, i:94), METADATAENTRY(c:93)]
2023-03-07 04:41:14,350 DEBUG server.RaftServer$Division (RaftServerImpl.java:logAppendEntries(1429)) - s5@group-7D579A2BF85B: receive appendEntries(s4, 1, (t:1, i:93), 93, true, commits:[s4:c93, s5:c92, s6:c92], cId:6151, entries: [(t:1, i:94), METADATAENTRY(c:93)]
2023-03-07 04:41:14,350 DEBUG server.RaftServer$Division (RaftServerImpl.java:logAppendEntries(1429)) - s6@group-7D579A2BF85B: succeeded to handle AppendEntries. Reply: s4<-s6#6150:OK-t1,SUCCESS,nextIndex=95,followerCommit=93,matchIndex=94
2023-03-07 04:41:14,350 DEBUG server.RaftServer$Division (RaftServerImpl.java:logAppendEntries(1429)) - s5@group-7D579A2BF85B: succeeded to handle AppendEntries. Reply: s4<-s5#6151:OK-t1,SUCCESS,nextIndex=95,followerCommit=93,matchIndex=94
2023-03-07 04:41:14,351 DEBUG server.RaftServer$Division (RaftServerImpl.java:submitClientRequestAsync(832)) - s4@group-7D579A2BF85B: receive client request(RaftClientRequest:client-4872AC1AF8F9->s4@group-7D579A2BF85B, cid=6152, seq=0, RW, Message:01016300)
2023-03-07 04:41:14,351 DEBUG server.RaftServer$Division (LeaderStateImpl.java:addPendingRequest(474)) - s4@group-7D579A2BF85B-LeaderStateImpl: addPendingRequest at RaftClientRequest:client-4872AC1AF8F9->s4@group-7D579A2BF85B, cid=6152, seq=0, RW, Message:01016300, entry=(t:1, i:95), STATEMACHINELOGENTRY, 6152@client-4872AC1AF8F9
2023-03-07 04:41:14,352 DEBUG server.RaftServer$Division (RaftServerImpl.java:logAppendEntries(1429)) - s5@group-7D579A2BF85B: receive appendEntries(s4, 1, (t:1, i:94), 94, true, commits:[s4:c94, s5:c93, s6:c93], cId:6153, entries: [(t:1, i:95), STATEMACHINELOGENTRY, 6152@client-4872AC1AF8F9]
2023-03-07 04:41:14,352 DEBUG server.RaftServer$Division (RaftServerImpl.java:logAppendEntries(1429)) - s6@group-7D579A2BF85B: receive appendEntries(s4, 1, (t:1, i:94), 94, true, commits:[s4:c94, s5:c93, s6:c93], cId:6154, entries: [(t:1, i:95), STATEMACHINELOGENTRY, 6152@client-4872AC1AF8F9]
2023-03-07 04:41:14,352 DEBUG server.RaftServer$Division (RaftServerImpl.java:logAppendEntries(1429)) - s5@group-7D579A2BF85B: succeeded to handle AppendEntries. Reply: s4<-s5#6153:OK-t1,SUCCESS,nextIndex=96,followerCommit=94,matchIndex=95
2023-03-07 04:41:14,352 DEBUG server.RaftServer$Division (RaftServerImpl.java:logAppendEntries(1429)) - s6@group-7D579A2BF85B: succeeded to handle AppendEntries. Reply: s4<-s6#6154:OK-t1,SUCCESS,nextIndex=96,followerCommit=94,matchIndex=95
2023-03-07 04:41:14,352 INFO  statemachine.StateMachine (ArithmeticStateMachine.java:applyTransaction(182)) - LEADER:s4-95: c = null = null
2023-03-07 04:41:14,353 DEBUG server.RaftServer$Division (RaftServerImpl.java:logAppendEntries(1429)) - s6@group-7D579A2BF85B: receive appendEntries(s4, 1, (t:1, i:95), 95, true, commits:[s4:c95, s5:c94, s6:c94], cId:6155, entries: [(t:1, i:96), METADATAENTRY(c:95)]
2023-03-07 04:41:14,353 DEBUG server.RaftServer$Division (RaftServerImpl.java:logAppendEntries(1429)) - s5@group-7D579A2BF85B: receive appendEntries(s4, 1, (t:1, i:95), 95, true, commits:[s4:c95, s5:c94, s6:c94], cId:6156, entries: [(t:1, i:96), METADATAENTRY(c:95)]
2023-03-07 04:41:14,353 DEBUG server.RaftServer$Division (RaftServerImpl.java:logAppendEntries(1429)) - s6@group-7D579A2BF85B: succeeded to handle AppendEntries. Reply: s4<-s6#6155:OK-t1,SUCCESS,nextIndex=97,followerCommit=95,matchIndex=96
2023-03-07 04:41:14,353 DEBUG server.RaftServer$Division (RaftServerImpl.java:logAppendEntries(1429)) - s5@group-7D579A2BF85B: succeeded to handle AppendEntries. Reply: s4<-s5#6156:OK-t1,SUCCESS,nextIndex=97,followerCommit=95,matchIndex=96
2023-03-07 04:41:14,354 DEBUG server.RaftServer$Division (RaftServerImpl.java:submitClientRequestAsync(832)) - s4@group-7D579A2BF85B: receive client request(RaftClientRequest:client-4872AC1AF8F9->s4@group-7D579A2BF85B, cid=6157, seq=0, RW, Message:010161024053c0000000...(size=12))
2023-03-07 04:41:14,354 DEBUG server.RaftServer$Division (LeaderStateImpl.java:addPendingRequest(474)) - s4@group-7D579A2BF85B-LeaderStateImpl: addPendingRequest at RaftClientRequest:client-4872AC1AF8F9->s4@group-7D579A2BF85B, cid=6157, seq=0, RW, Message:010161024053c0000000...(size=12), entry=(t:1, i:97), STATEMACHINELOGENTRY, 6157@client-4872AC1AF8F9
2023-03-07 04:41:14,355 DEBUG server.RaftServer$Division (RaftServerImpl.java:logAppendEntries(1429)) - s5@group-7D579A2BF85B: receive appendEntries(s4, 1, (t:1, i:96), 96, true, commits:[s4:c96, s5:c95, s6:c95], cId:6158, entries: [(t:1, i:97), STATEMACHINELOGENTRY, 6157@client-4872AC1AF8F9]
2023-03-07 04:41:14,355 DEBUG server.RaftServer$Division (RaftServerImpl.java:logAppendEntries(1429)) - s5@group-7D579A2BF85B: succeeded to handle AppendEntries. Reply: s4<-s5#6158:OK-t1,SUCCESS,nextIndex=98,followerCommit=96,matchIndex=97
2023-03-07 04:41:14,355 DEBUG server.RaftServer$Division (RaftServerImpl.java:logAppendEntries(1429)) - s6@group-7D579A2BF85B: receive appendEntries(s4, 1, (t:1, i:96), 96, true, commits:[s4:c96, s5:c95, s6:c95], cId:6159, entries: [(t:1, i:97), STATEMACHINELOGENTRY, 6157@client-4872AC1AF8F9]
2023-03-07 04:41:14,356 DEBUG server.RaftServer$Division (RaftServerImpl.java:logAppendEntries(1429)) - s6@group-7D579A2BF85B: succeeded to handle AppendEntries. Reply: s4<-s6#6159:OK-t1,SUCCESS,nextIndex=98,followerCommit=96,matchIndex=97
2023-03-07 04:41:14,356 INFO  statemachine.StateMachine (ArithmeticStateMachine.java:applyTransaction(182)) - LEADER:s4-97: a = 79 = 79
2023-03-07 04:41:14,356 DEBUG server.RaftServer$Division (RaftServerImpl.java:logAppendEntries(1429)) - s5@group-7D579A2BF85B: receive appendEntries(s4, 1, (t:1, i:97), 97, true, commits:[s4:c97, s5:c96, s6:c96], cId:6161, entries: [(t:1, i:98), METADATAENTRY(c:97)]
2023-03-07 04:41:14,356 DEBUG server.RaftServer$Division (RaftServerImpl.java:logAppendEntries(1429)) - s6@group-7D579A2BF85B: receive appendEntries(s4, 1, (t:1, i:97), 97, true, commits:[s4:c97, s5:c96, s6:c96], cId:6160, entries: [(t:1, i:98), METADATAENTRY(c:97)]
2023-03-07 04:41:14,356 DEBUG server.RaftServer$Division (RaftServerImpl.java:logAppendEntries(1429)) - s5@group-7D579A2BF85B: succeeded to handle AppendEntries. Reply: s4<-s5#6161:OK-t1,SUCCESS,nextIndex=99,followerCommit=97,matchIndex=98
2023-03-07 04:41:14,357 DEBUG server.RaftServer$Division (RaftServerImpl.java:logAppendEntries(1429)) - s6@group-7D579A2BF85B: succeeded to handle AppendEntries. Reply: s4<-s6#6160:OK-t1,SUCCESS,nextIndex=99,followerCommit=97,matchIndex=98
2023-03-07 04:41:14,357 DEBUG server.RaftServer$Division (RaftServerImpl.java:submitClientRequestAsync(832)) - s4@group-7D579A2BF85B: receive client request(RaftClientRequest:client-4872AC1AF8F9->s4@group-7D579A2BF85B, cid=6162, seq=0, RW, Message:0101620240a860000000...(size=12))
2023-03-07 04:41:14,357 DEBUG server.RaftServer$Division (LeaderStateImpl.java:addPendingRequest(474)) - s4@group-7D579A2BF85B-LeaderStateImpl: addPendingRequest at RaftClientRequest:client-4872AC1AF8F9->s4@group-7D579A2BF85B, cid=6162, seq=0, RW, Message:0101620240a860000000...(size=12), entry=(t:1, i:99), STATEMACHINELOGENTRY, 6162@client-4872AC1AF8F9
2023-03-07 04:41:14,358 DEBUG server.RaftServer$Division (RaftServerImpl.java:logAppendEntries(1429)) - s5@group-7D579A2BF85B: receive appendEntries(s4, 1, (t:1, i:98), 98, true, commits:[s4:c98, s5:c97, s6:c97], cId:6163, entries: [(t:1, i:99), STATEMACHINELOGENTRY, 6162@client-4872AC1AF8F9]
2023-03-07 04:41:14,358 DEBUG server.RaftServer$Division (RaftServerImpl.java:logAppendEntries(1429)) - s5@group-7D579A2BF85B: succeeded to handle AppendEntries. Reply: s4<-s5#6163:OK-t1,SUCCESS,nextIndex=100,followerCommit=98,matchIndex=99
2023-03-07 04:41:14,358 DEBUG server.RaftServer$Division (RaftServerImpl.java:logAppendEntries(1429)) - s6@group-7D579A2BF85B: receive appendEntries(s4, 1, (t:1, i:98), 98, true, commits:[s4:c98, s5:c97, s6:c97], cId:6164, entries: [(t:1, i:99), STATEMACHINELOGENTRY, 6162@client-4872AC1AF8F9]
2023-03-07 04:41:14,358 DEBUG server.RaftServer$Division (RaftServerImpl.java:logAppendEntries(1429)) - s6@group-7D579A2BF85B: succeeded to handle AppendEntries. Reply: s4<-s6#6164:OK-t1,SUCCESS,nextIndex=100,followerCommit=98,matchIndex=99
2023-03-07 04:41:14,358 INFO  statemachine.StateMachine (ArithmeticStateMachine.java:applyTransaction(182)) - LEADER:s4-99: b = 3120 = 3120
2023-03-07 04:41:14,359 DEBUG server.RaftServer$Division (RaftServerImpl.java:logAppendEntries(1429)) - s6@group-7D579A2BF85B: receive appendEntries(s4, 1, (t:1, i:99), 99, true, commits:[s4:c99, s5:c98, s6:c98], cId:6165, entries: [(t:1, i:100), METADATAENTRY(c:99)]
2023-03-07 04:41:14,359 DEBUG server.RaftServer$Division (RaftServerImpl.java:logAppendEntries(1429)) - s5@group-7D579A2BF85B: receive appendEntries(s4, 1, (t:1, i:99), 99, true, commits:[s4:c99, s5:c98, s6:c98], cId:6166, entries: [(t:1, i:100), METADATAENTRY(c:99)]
2023-03-07 04:41:14,359 DEBUG server.RaftServer$Division (RaftServerImpl.java:logAppendEntries(1429)) - s6@group-7D579A2BF85B: succeeded to handle AppendEntries. Reply: s4<-s6#6165:OK-t1,SUCCESS,nextIndex=101,followerCommit=99,matchIndex=100
2023-03-07 04:41:14,359 DEBUG server.RaftServer$Division (RaftServerImpl.java:logAppendEntries(1429)) - s5@group-7D579A2BF85B: succeeded to handle AppendEntries. Reply: s4<-s5#6166:OK-t1,SUCCESS,nextIndex=101,followerCommit=99,matchIndex=100
2023-03-07 04:41:14,360 DEBUG server.RaftServer$Division (RaftServerImpl.java:submitClientRequestAsync(832)) - s4@group-7D579A2BF85B: receive client request(RaftClientRequest:client-4872AC1AF8F9->s4@group-7D579A2BF85B, cid=6167, seq=0, RW, Message:01016304010300040201...(size=17))
2023-03-07 04:41:14,360 DEBUG server.RaftServer$Division (LeaderStateImpl.java:addPendingRequest(474)) - s4@group-7D579A2BF85B-LeaderStateImpl: addPendingRequest at RaftClientRequest:client-4872AC1AF8F9->s4@group-7D579A2BF85B, cid=6167, seq=0, RW, Message:01016304010300040201...(size=17), entry=(t:1, i:101), STATEMACHINELOGENTRY, 6167@client-4872AC1AF8F9
2023-03-07 04:41:14,360 DEBUG server.RaftServer$Division (RaftServerImpl.java:logAppendEntries(1429)) - s5@group-7D579A2BF85B: receive appendEntries(s4, 1, (t:1, i:100), 100, true, commits:[s4:c100, s5:c99, s6:c99], cId:6168, entries: [(t:1, i:101), STATEMACHINELOGENTRY, 6167@client-4872AC1AF8F9]
2023-03-07 04:41:14,360 DEBUG server.RaftServer$Division (RaftServerImpl.java:logAppendEntries(1429)) - s6@group-7D579A2BF85B: receive appendEntries(s4, 1, (t:1, i:100), 100, true, commits:[s4:c100, s5:c99, s6:c99], cId:6169, entries: [(t:1, i:101), STATEMACHINELOGENTRY, 6167@client-4872AC1AF8F9]
2023-03-07 04:41:14,360 DEBUG server.RaftServer$Division (RaftServerImpl.java:logAppendEntries(1429)) - s5@group-7D579A2BF85B: succeeded to handle AppendEntries. Reply: s4<-s5#6168:OK-t1,SUCCESS,nextIndex=102,followerCommit=100,matchIndex=101
2023-03-07 04:41:14,361 DEBUG server.RaftServer$Division (RaftServerImpl.java:logAppendEntries(1429)) - s6@group-7D579A2BF85B: succeeded to handle AppendEntries. Reply: s4<-s6#6169:OK-t1,SUCCESS,nextIndex=102,followerCommit=100,matchIndex=101
2023-03-07 04:41:14,361 INFO  statemachine.StateMachine (ArithmeticStateMachine.java:applyTransaction(182)) - LEADER:s4-101: c = √(a^2 + b^2) = 3121
2023-03-07 04:41:14,361 DEBUG server.RaftServer$Division (RaftServerImpl.java:logAppendEntries(1429)) - s6@group-7D579A2BF85B: receive appendEntries(s4, 1, (t:1, i:101), 101, true, commits:[s4:c101, s5:c100, s6:c100], cId:6170, entries: [(t:1, i:102), METADATAENTRY(c:101)]
2023-03-07 04:41:14,361 DEBUG server.RaftServer$Division (RaftServerImpl.java:logAppendEntries(1429)) - s5@group-7D579A2BF85B: receive appendEntries(s4, 1, (t:1, i:101), 101, true, commits:[s4:c101, s5:c100, s6:c100], cId:6171, entries: [(t:1, i:102), METADATAENTRY(c:101)]
2023-03-07 04:41:14,361 DEBUG server.RaftServer$Division (RaftServerImpl.java:logAppendEntries(1429)) - s6@group-7D579A2BF85B: succeeded to handle AppendEntries. Reply: s4<-s6#6170:OK-t1,SUCCESS,nextIndex=103,followerCommit=101,matchIndex=102
2023-03-07 04:41:14,362 DEBUG server.RaftServer$Division (RaftServerImpl.java:logAppendEntries(1429)) - s5@group-7D579A2BF85B: succeeded to handle AppendEntries. Reply: s4<-s5#6171:OK-t1,SUCCESS,nextIndex=103,followerCommit=101,matchIndex=102
2023-03-07 04:41:14,362 DEBUG server.RaftServer$Division (RaftServerImpl.java:submitClientRequestAsync(832)) - s4@group-7D579A2BF85B: receive client request(RaftClientRequest:client-4872AC1AF8F9->s4@group-7D579A2BF85B, cid=6172, seq=0, RW, Message:01016100)
2023-03-07 04:41:14,362 DEBUG server.RaftServer$Division (LeaderStateImpl.java:addPendingRequest(474)) - s4@group-7D579A2BF85B-LeaderStateImpl: addPendingRequest at RaftClientRequest:client-4872AC1AF8F9->s4@group-7D579A2BF85B, cid=6172, seq=0, RW, Message:01016100, entry=(t:1, i:103), STATEMACHINELOGENTRY, 6172@client-4872AC1AF8F9
2023-03-07 04:41:14,362 DEBUG server.RaftServer$Division (RaftServerImpl.java:logAppendEntries(1429)) - s5@group-7D579A2BF85B: receive appendEntries(s4, 1, (t:1, i:102), 102, true, commits:[s4:c102, s5:c101, s6:c101], cId:6173, entries: [(t:1, i:103), STATEMACHINELOGENTRY, 6172@client-4872AC1AF8F9]
2023-03-07 04:41:14,363 DEBUG server.RaftServer$Division (RaftServerImpl.java:logAppendEntries(1429)) - s5@group-7D579A2BF85B: succeeded to handle AppendEntries. Reply: s4<-s5#6173:OK-t1,SUCCESS,nextIndex=104,followerCommit=102,matchIndex=103
2023-03-07 04:41:14,363 DEBUG server.RaftServer$Division (RaftServerImpl.java:logAppendEntries(1429)) - s6@group-7D579A2BF85B: receive appendEntries(s4, 1, (t:1, i:102), 102, true, commits:[s4:c102, s5:c101, s6:c101], cId:6174, entries: [(t:1, i:103), STATEMACHINELOGENTRY, 6172@client-4872AC1AF8F9]
2023-03-07 04:41:14,363 INFO  statemachine.StateMachine (ArithmeticStateMachine.java:applyTransaction(182)) - LEADER:s4-103: a = null = null
2023-03-07 04:41:14,363 DEBUG server.RaftServer$Division (RaftServerImpl.java:logAppendEntries(1429)) - s6@group-7D579A2BF85B: succeeded to handle AppendEntries. Reply: s4<-s6#6174:OK-t1,SUCCESS,nextIndex=104,followerCommit=102,matchIndex=103
2023-03-07 04:41:14,364 DEBUG server.RaftServer$Division (RaftServerImpl.java:logAppendEntries(1429)) - s5@group-7D579A2BF85B: receive appendEntries(s4, 1, (t:1, i:103), 103, true, commits:[s4:c103, s5:c102, s6:c101], cId:6175, entries: [(t:1, i:104), METADATAENTRY(c:103)]
2023-03-07 04:41:14,364 DEBUG server.RaftServer$Division (RaftServerImpl.java:logAppendEntries(1429)) - s6@group-7D579A2BF85B: receive appendEntries(s4, 1, (t:1, i:103), 103, true, commits:[s4:c103, s5:c102, s6:c102], cId:6176, entries: [(t:1, i:104), METADATAENTRY(c:103)]
2023-03-07 04:41:14,364 DEBUG server.RaftServer$Division (RaftServerImpl.java:logAppendEntries(1429)) - s5@group-7D579A2BF85B: succeeded to handle AppendEntries. Reply: s4<-s5#6175:OK-t1,SUCCESS,nextIndex=105,followerCommit=103,matchIndex=104
2023-03-07 04:41:14,364 DEBUG server.RaftServer$Division (RaftServerImpl.java:logAppendEntries(1429)) - s6@group-7D579A2BF85B: succeeded to handle AppendEntries. Reply: s4<-s6#6176:OK-t1,SUCCESS,nextIndex=105,followerCommit=103,matchIndex=104
2023-03-07 04:41:14,364 DEBUG server.RaftServer$Division (RaftServerImpl.java:submitClientRequestAsync(832)) - s4@group-7D579A2BF85B: receive client request(RaftClientRequest:client-4872AC1AF8F9->s4@group-7D579A2BF85B, cid=6177, seq=0, RW, Message:01016200)
2023-03-07 04:41:14,365 DEBUG server.RaftServer$Division (LeaderStateImpl.java:addPendingRequest(474)) - s4@group-7D579A2BF85B-LeaderStateImpl: addPendingRequest at RaftClientRequest:client-4872AC1AF8F9->s4@group-7D579A2BF85B, cid=6177, seq=0, RW, Message:01016200, entry=(t:1, i:105), STATEMACHINELOGENTRY, 6177@client-4872AC1AF8F9
2023-03-07 04:41:14,365 DEBUG server.RaftServer$Division (RaftServerImpl.java:logAppendEntries(1429)) - s5@group-7D579A2BF85B: receive appendEntries(s4, 1, (t:1, i:104), 104, true, commits:[s4:c104, s5:c103, s6:c103], cId:6178, entries: [(t:1, i:105), STATEMACHINELOGENTRY, 6177@client-4872AC1AF8F9]
2023-03-07 04:41:14,365 DEBUG server.RaftServer$Division (RaftServerImpl.java:logAppendEntries(1429)) - s5@group-7D579A2BF85B: succeeded to handle AppendEntries. Reply: s4<-s5#6178:OK-t1,SUCCESS,nextIndex=106,followerCommit=104,matchIndex=105
2023-03-07 04:41:14,365 DEBUG server.RaftServer$Division (RaftServerImpl.java:logAppendEntries(1429)) - s6@group-7D579A2BF85B: receive appendEntries(s4, 1, (t:1, i:104), 104, true, commits:[s4:c104, s5:c103, s6:c103], cId:6179, entries: [(t:1, i:105), STATEMACHINELOGENTRY, 6177@client-4872AC1AF8F9]
2023-03-07 04:41:14,366 INFO  statemachine.StateMachine (ArithmeticStateMachine.java:applyTransaction(182)) - LEADER:s4-105: b = null = null
2023-03-07 04:41:14,366 DEBUG server.RaftServer$Division (RaftServerImpl.java:logAppendEntries(1429)) - s6@group-7D579A2BF85B: succeeded to handle AppendEntries. Reply: s4<-s6#6179:OK-t1,SUCCESS,nextIndex=106,followerCommit=104,matchIndex=105
2023-03-07 04:41:14,366 DEBUG server.RaftServer$Division (RaftServerImpl.java:logAppendEntries(1429)) - s5@group-7D579A2BF85B: receive appendEntries(s4, 1, (t:1, i:105), 105, true, commits:[s4:c105, s5:c104, s6:c103], cId:6180, entries: [(t:1, i:106), METADATAENTRY(c:105)]
2023-03-07 04:41:14,366 DEBUG server.RaftServer$Division (RaftServerImpl.java:logAppendEntries(1429)) - s6@group-7D579A2BF85B: receive appendEntries(s4, 1, (t:1, i:105), 105, true, commits:[s4:c105, s5:c104, s6:c104], cId:6181, entries: [(t:1, i:106), METADATAENTRY(c:105)]
2023-03-07 04:41:14,366 DEBUG server.RaftServer$Division (RaftServerImpl.java:logAppendEntries(1429)) - s5@group-7D579A2BF85B: succeeded to handle AppendEntries. Reply: s4<-s5#6180:OK-t1,SUCCESS,nextIndex=107,followerCommit=105,matchIndex=106
2023-03-07 04:41:14,367 DEBUG server.RaftServer$Division (RaftServerImpl.java:logAppendEntries(1429)) - s6@group-7D579A2BF85B: succeeded to handle AppendEntries. Reply: s4<-s6#6181:OK-t1,SUCCESS,nextIndex=107,followerCommit=105,matchIndex=106
2023-03-07 04:41:14,367 DEBUG server.RaftServer$Division (RaftServerImpl.java:submitClientRequestAsync(832)) - s4@group-7D579A2BF85B: receive client request(RaftClientRequest:client-4872AC1AF8F9->s4@group-7D579A2BF85B, cid=6182, seq=0, RW, Message:01016300)
2023-03-07 04:41:14,367 DEBUG server.RaftServer$Division (LeaderStateImpl.java:addPendingRequest(474)) - s4@group-7D579A2BF85B-LeaderStateImpl: addPendingRequest at RaftClientRequest:client-4872AC1AF8F9->s4@group-7D579A2BF85B, cid=6182, seq=0, RW, Message:01016300, entry=(t:1, i:107), STATEMACHINELOGENTRY, 6182@client-4872AC1AF8F9
2023-03-07 04:41:14,367 DEBUG server.RaftServer$Division (RaftServerImpl.java:logAppendEntries(1429)) - s5@group-7D579A2BF85B: receive appendEntries(s4, 1, (t:1, i:106), 106, true, commits:[s4:c106, s5:c105, s6:c105], cId:6183, entries: [(t:1, i:107), STATEMACHINELOGENTRY, 6182@client-4872AC1AF8F9]
2023-03-07 04:41:14,367 DEBUG server.RaftServer$Division (RaftServerImpl.java:logAppendEntries(1429)) - s6@group-7D579A2BF85B: receive appendEntries(s4, 1, (t:1, i:106), 106, true, commits:[s4:c106, s5:c105, s6:c105], cId:6184, entries: [(t:1, i:107), STATEMACHINELOGENTRY, 6182@client-4872AC1AF8F9]
2023-03-07 04:41:14,368 DEBUG server.RaftServer$Division (RaftServerImpl.java:logAppendEntries(1429)) - s5@group-7D579A2BF85B: succeeded to handle AppendEntries. Reply: s4<-s5#6183:OK-t1,SUCCESS,nextIndex=108,followerCommit=106,matchIndex=107
2023-03-07 04:41:14,368 DEBUG server.RaftServer$Division (RaftServerImpl.java:logAppendEntries(1429)) - s6@group-7D579A2BF85B: succeeded to handle AppendEntries. Reply: s4<-s6#6184:OK-t1,SUCCESS,nextIndex=108,followerCommit=106,matchIndex=107
2023-03-07 04:41:14,368 INFO  statemachine.StateMachine (ArithmeticStateMachine.java:applyTransaction(182)) - LEADER:s4-107: c = null = null
2023-03-07 04:41:14,368 DEBUG server.RaftServer$Division (RaftServerImpl.java:logAppendEntries(1429)) - s6@group-7D579A2BF85B: receive appendEntries(s4, 1, (t:1, i:107), 107, true, commits:[s4:c107, s5:c106, s6:c106], cId:6185, entries: [(t:1, i:108), METADATAENTRY(c:107)]
2023-03-07 04:41:14,368 DEBUG server.RaftServer$Division (RaftServerImpl.java:logAppendEntries(1429)) - s5@group-7D579A2BF85B: receive appendEntries(s4, 1, (t:1, i:107), 107, true, commits:[s4:c107, s5:c106, s6:c106], cId:6186, entries: [(t:1, i:108), METADATAENTRY(c:107)]
2023-03-07 04:41:14,369 DEBUG server.RaftServer$Division (RaftServerImpl.java:logAppendEntries(1429)) - s5@group-7D579A2BF85B: succeeded to handle AppendEntries. Reply: s4<-s5#6186:OK-t1,SUCCESS,nextIndex=109,followerCommit=107,matchIndex=108
2023-03-07 04:41:14,369 DEBUG server.RaftServer$Division (RaftServerImpl.java:logAppendEntries(1429)) - s6@group-7D579A2BF85B: succeeded to handle AppendEntries. Reply: s4<-s6#6185:OK-t1,SUCCESS,nextIndex=109,followerCommit=107,matchIndex=108
2023-03-07 04:41:14,369 DEBUG server.RaftServer$Division (RaftServerImpl.java:submitClientRequestAsync(832)) - s4@group-7D579A2BF85B: receive client request(RaftClientRequest:client-4872AC1AF8F9->s4@group-7D579A2BF85B, cid=6187, seq=0, RW, Message:01016102405440000000...(size=12))
2023-03-07 04:41:14,369 DEBUG server.RaftServer$Division (LeaderStateImpl.java:addPendingRequest(474)) - s4@group-7D579A2BF85B-LeaderStateImpl: addPendingRequest at RaftClientRequest:client-4872AC1AF8F9->s4@group-7D579A2BF85B, cid=6187, seq=0, RW, Message:01016102405440000000...(size=12), entry=(t:1, i:109), STATEMACHINELOGENTRY, 6187@client-4872AC1AF8F9
2023-03-07 04:41:14,370 DEBUG server.RaftServer$Division (RaftServerImpl.java:logAppendEntries(1429)) - s5@group-7D579A2BF85B: receive appendEntries(s4, 1, (t:1, i:108), 108, true, commits:[s4:c108, s5:c107, s6:c107], cId:6188, entries: [(t:1, i:109), STATEMACHINELOGENTRY, 6187@client-4872AC1AF8F9]
2023-03-07 04:41:14,370 DEBUG server.RaftServer$Division (RaftServerImpl.java:logAppendEntries(1429)) - s6@group-7D579A2BF85B: receive appendEntries(s4, 1, (t:1, i:108), 108, true, commits:[s4:c108, s5:c107, s6:c107], cId:6189, entries: [(t:1, i:109), STATEMACHINELOGENTRY, 6187@client-4872AC1AF8F9]
2023-03-07 04:41:14,370 DEBUG server.RaftServer$Division (RaftServerImpl.java:logAppendEntries(1429)) - s5@group-7D579A2BF85B: succeeded to handle AppendEntries. Reply: s4<-s5#6188:OK-t1,SUCCESS,nextIndex=110,followerCommit=108,matchIndex=109
2023-03-07 04:41:14,370 DEBUG server.RaftServer$Division (RaftServerImpl.java:logAppendEntries(1429)) - s6@group-7D579A2BF85B: succeeded to handle AppendEntries. Reply: s4<-s6#6189:OK-t1,SUCCESS,nextIndex=110,followerCommit=108,matchIndex=109
2023-03-07 04:41:14,370 INFO  statemachine.StateMachine (ArithmeticStateMachine.java:applyTransaction(182)) - LEADER:s4-109: a = 81 = 81
2023-03-07 04:41:14,370 DEBUG server.RaftServer$Division (RaftServerImpl.java:logAppendEntries(1429)) - s6@group-7D579A2BF85B: receive appendEntries(s4, 1, (t:1, i:109), 109, true, commits:[s4:c109, s5:c108, s6:c108], cId:6190, entries: [(t:1, i:110), METADATAENTRY(c:109)]
2023-03-07 04:41:14,371 DEBUG server.RaftServer$Division (RaftServerImpl.java:logAppendEntries(1429)) - s5@group-7D579A2BF85B: receive appendEntries(s4, 1, (t:1, i:109), 109, true, commits:[s4:c109, s5:c108, s6:c108], cId:6191, entries: [(t:1, i:110), METADATAENTRY(c:109)]
2023-03-07 04:41:14,371 DEBUG server.RaftServer$Division (RaftServerImpl.java:logAppendEntries(1429)) - s6@group-7D579A2BF85B: succeeded to handle AppendEntries. Reply: s4<-s6#6190:OK-t1,SUCCESS,nextIndex=111,followerCommit=109,matchIndex=110
2023-03-07 04:41:14,371 DEBUG server.RaftServer$Division (RaftServerImpl.java:logAppendEntries(1429)) - s5@group-7D579A2BF85B: succeeded to handle AppendEntries. Reply: s4<-s5#6191:OK-t1,SUCCESS,nextIndex=111,followerCommit=109,matchIndex=110
2023-03-07 04:41:14,371 DEBUG server.RaftServer$Division (RaftServerImpl.java:submitClientRequestAsync(832)) - s4@group-7D579A2BF85B: receive client request(RaftClientRequest:client-4872AC1AF8F9->s4@group-7D579A2BF85B, cid=6192, seq=0, RW, Message:0101620240a9a0000000...(size=12))
2023-03-07 04:41:14,371 DEBUG server.RaftServer$Division (LeaderStateImpl.java:addPendingRequest(474)) - s4@group-7D579A2BF85B-LeaderStateImpl: addPendingRequest at RaftClientRequest:client-4872AC1AF8F9->s4@group-7D579A2BF85B, cid=6192, seq=0, RW, Message:0101620240a9a0000000...(size=12), entry=(t:1, i:111), STATEMACHINELOGENTRY, 6192@client-4872AC1AF8F9
2023-03-07 04:41:14,372 DEBUG server.RaftServer$Division (RaftServerImpl.java:logAppendEntries(1429)) - s5@group-7D579A2BF85B: receive appendEntries(s4, 1, (t:1, i:110), 110, true, commits:[s4:c110, s5:c109, s6:c109], cId:6193, entries: [(t:1, i:111), STATEMACHINELOGENTRY, 6192@client-4872AC1AF8F9]
2023-03-07 04:41:14,372 DEBUG server.RaftServer$Division (RaftServerImpl.java:logAppendEntries(1429)) - s6@group-7D579A2BF85B: receive appendEntries(s4, 1, (t:1, i:110), 110, true, commits:[s4:c110, s5:c109, s6:c109], cId:6194, entries: [(t:1, i:111), STATEMACHINELOGENTRY, 6192@client-4872AC1AF8F9]
2023-03-07 04:41:14,372 DEBUG server.RaftServer$Division (RaftServerImpl.java:logAppendEntries(1429)) - s5@group-7D579A2BF85B: succeeded to handle AppendEntries. Reply: s4<-s5#6193:OK-t1,SUCCESS,nextIndex=112,followerCommit=110,matchIndex=111
2023-03-07 04:41:14,372 DEBUG server.RaftServer$Division (RaftServerImpl.java:logAppendEntries(1429)) - s6@group-7D579A2BF85B: succeeded to handle AppendEntries. Reply: s4<-s6#6194:OK-t1,SUCCESS,nextIndex=112,followerCommit=110,matchIndex=111
2023-03-07 04:41:14,372 INFO  statemachine.StateMachine (ArithmeticStateMachine.java:applyTransaction(182)) - LEADER:s4-111: b = 3280 = 3280
2023-03-07 04:41:14,373 DEBUG server.RaftServer$Division (RaftServerImpl.java:logAppendEntries(1429)) - s6@group-7D579A2BF85B: receive appendEntries(s4, 1, (t:1, i:111), 111, true, commits:[s4:c111, s5:c110, s6:c110], cId:6195, entries: [(t:1, i:112), METADATAENTRY(c:111)]
2023-03-07 04:41:14,373 DEBUG server.RaftServer$Division (RaftServerImpl.java:logAppendEntries(1429)) - s5@group-7D579A2BF85B: receive appendEntries(s4, 1, (t:1, i:111), 111, true, commits:[s4:c111, s5:c110, s6:c110], cId:6196, entries: [(t:1, i:112), METADATAENTRY(c:111)]
2023-03-07 04:41:14,373 DEBUG server.RaftServer$Division (RaftServerImpl.java:logAppendEntries(1429)) - s6@group-7D579A2BF85B: succeeded to handle AppendEntries. Reply: s4<-s6#6195:OK-t1,SUCCESS,nextIndex=113,followerCommit=111,matchIndex=112
2023-03-07 04:41:14,373 DEBUG server.RaftServer$Division (RaftServerImpl.java:logAppendEntries(1429)) - s5@group-7D579A2BF85B: succeeded to handle AppendEntries. Reply: s4<-s5#6196:OK-t1,SUCCESS,nextIndex=113,followerCommit=111,matchIndex=112
2023-03-07 04:41:14,374 DEBUG server.RaftServer$Division (RaftServerImpl.java:submitClientRequestAsync(832)) - s4@group-7D579A2BF85B: receive client request(RaftClientRequest:client-4872AC1AF8F9->s4@group-7D579A2BF85B, cid=6197, seq=0, RW, Message:01016304010300040201...(size=17))
2023-03-07 04:41:14,374 DEBUG server.RaftServer$Division (LeaderStateImpl.java:addPendingRequest(474)) - s4@group-7D579A2BF85B-LeaderStateImpl: addPendingRequest at RaftClientRequest:client-4872AC1AF8F9->s4@group-7D579A2BF85B, cid=6197, seq=0, RW, Message:01016304010300040201...(size=17), entry=(t:1, i:113), STATEMACHINELOGENTRY, 6197@client-4872AC1AF8F9
2023-03-07 04:41:14,374 DEBUG server.RaftServer$Division (RaftServerImpl.java:logAppendEntries(1429)) - s5@group-7D579A2BF85B: receive appendEntries(s4, 1, (t:1, i:112), 112, true, commits:[s4:c112, s5:c111, s6:c111], cId:6198, entries: [(t:1, i:113), STATEMACHINELOGENTRY, 6197@client-4872AC1AF8F9]
2023-03-07 04:41:14,374 DEBUG server.RaftServer$Division (RaftServerImpl.java:logAppendEntries(1429)) - s6@group-7D579A2BF85B: receive appendEntries(s4, 1, (t:1, i:112), 112, true, commits:[s4:c112, s5:c111, s6:c111], cId:6199, entries: [(t:1, i:113), STATEMACHINELOGENTRY, 6197@client-4872AC1AF8F9]
2023-03-07 04:41:14,374 DEBUG server.RaftServer$Division (RaftServerImpl.java:logAppendEntries(1429)) - s5@group-7D579A2BF85B: succeeded to handle AppendEntries. Reply: s4<-s5#6198:OK-t1,SUCCESS,nextIndex=114,followerCommit=112,matchIndex=113
2023-03-07 04:41:14,375 DEBUG server.RaftServer$Division (RaftServerImpl.java:logAppendEntries(1429)) - s6@group-7D579A2BF85B: succeeded to handle AppendEntries. Reply: s4<-s6#6199:OK-t1,SUCCESS,nextIndex=114,followerCommit=112,matchIndex=113
2023-03-07 04:41:14,375 INFO  statemachine.StateMachine (ArithmeticStateMachine.java:applyTransaction(182)) - LEADER:s4-113: c = √(a^2 + b^2) = 3281
2023-03-07 04:41:14,375 DEBUG server.RaftServer$Division (RaftServerImpl.java:logAppendEntries(1429)) - s6@group-7D579A2BF85B: receive appendEntries(s4, 1, (t:1, i:113), 113, true, commits:[s4:c113, s5:c112, s6:c112], cId:6200, entries: [(t:1, i:114), METADATAENTRY(c:113)]
2023-03-07 04:41:14,375 DEBUG server.RaftServer$Division (RaftServerImpl.java:logAppendEntries(1429)) - s5@group-7D579A2BF85B: receive appendEntries(s4, 1, (t:1, i:113), 113, true, commits:[s4:c113, s5:c112, s6:c112], cId:6201, entries: [(t:1, i:114), METADATAENTRY(c:113)]
2023-03-07 04:41:14,375 DEBUG server.RaftServer$Division (RaftServerImpl.java:logAppendEntries(1429)) - s6@group-7D579A2BF85B: succeeded to handle AppendEntries. Reply: s4<-s6#6200:OK-t1,SUCCESS,nextIndex=115,followerCommit=113,matchIndex=114
2023-03-07 04:41:14,376 DEBUG server.RaftServer$Division (RaftServerImpl.java:logAppendEntries(1429)) - s5@group-7D579A2BF85B: succeeded to handle AppendEntries. Reply: s4<-s5#6201:OK-t1,SUCCESS,nextIndex=115,followerCommit=113,matchIndex=114
2023-03-07 04:41:14,376 DEBUG server.RaftServer$Division (RaftServerImpl.java:submitClientRequestAsync(832)) - s4@group-7D579A2BF85B: receive client request(RaftClientRequest:client-4872AC1AF8F9->s4@group-7D579A2BF85B, cid=6202, seq=0, RW, Message:01016100)
2023-03-07 04:41:14,376 DEBUG server.RaftServer$Division (LeaderStateImpl.java:addPendingRequest(474)) - s4@group-7D579A2BF85B-LeaderStateImpl: addPendingRequest at RaftClientRequest:client-4872AC1AF8F9->s4@group-7D579A2BF85B, cid=6202, seq=0, RW, Message:01016100, entry=(t:1, i:115), STATEMACHINELOGENTRY, 6202@client-4872AC1AF8F9
2023-03-07 04:41:14,376 DEBUG server.RaftServer$Division (RaftServerImpl.java:logAppendEntries(1429)) - s5@group-7D579A2BF85B: receive appendEntries(s4, 1, (t:1, i:114), 114, true, commits:[s4:c114, s5:c113, s6:c113], cId:6203, entries: [(t:1, i:115), STATEMACHINELOGENTRY, 6202@client-4872AC1AF8F9]
2023-03-07 04:41:14,377 DEBUG server.RaftServer$Division (RaftServerImpl.java:logAppendEntries(1429)) - s5@group-7D579A2BF85B: succeeded to handle AppendEntries. Reply: s4<-s5#6203:OK-t1,SUCCESS,nextIndex=116,followerCommit=114,matchIndex=115
2023-03-07 04:41:14,377 DEBUG server.RaftServer$Division (RaftServerImpl.java:logAppendEntries(1429)) - s6@group-7D579A2BF85B: receive appendEntries(s4, 1, (t:1, i:114), 114, true, commits:[s4:c114, s5:c113, s6:c113], cId:6204, entries: [(t:1, i:115), STATEMACHINELOGENTRY, 6202@client-4872AC1AF8F9]
2023-03-07 04:41:14,377 DEBUG server.RaftServer$Division (RaftServerImpl.java:logAppendEntries(1429)) - s6@group-7D579A2BF85B: succeeded to handle AppendEntries. Reply: s4<-s6#6204:OK-t1,SUCCESS,nextIndex=116,followerCommit=114,matchIndex=115
2023-03-07 04:41:14,377 INFO  statemachine.StateMachine (ArithmeticStateMachine.java:applyTransaction(182)) - LEADER:s4-115: a = null = null
2023-03-07 04:41:14,379 DEBUG server.RaftServer$Division (RaftServerImpl.java:logAppendEntries(1429)) - s6@group-7D579A2BF85B: receive appendEntries(s4, 1, (t:1, i:115), 115, true, commits:[s4:c115, s5:c114, s6:c114], cId:6205, entries: [(t:1, i:116), METADATAENTRY(c:115)]
2023-03-07 04:41:14,379 DEBUG server.RaftServer$Division (RaftServerImpl.java:logAppendEntries(1429)) - s5@group-7D579A2BF85B: receive appendEntries(s4, 1, (t:1, i:115), 115, true, commits:[s4:c115, s5:c114, s6:c114], cId:6206, entries: [(t:1, i:116), METADATAENTRY(c:115)]
2023-03-07 04:41:14,379 DEBUG server.RaftServer$Division (RaftServerImpl.java:logAppendEntries(1429)) - s6@group-7D579A2BF85B: succeeded to handle AppendEntries. Reply: s4<-s6#6205:OK-t1,SUCCESS,nextIndex=117,followerCommit=115,matchIndex=116
2023-03-07 04:41:14,380 DEBUG server.RaftServer$Division (RaftServerImpl.java:logAppendEntries(1429)) - s5@group-7D579A2BF85B: succeeded to handle AppendEntries. Reply: s4<-s5#6206:OK-t1,SUCCESS,nextIndex=117,followerCommit=115,matchIndex=116
2023-03-07 04:41:14,380 DEBUG server.RaftServer$Division (RaftServerImpl.java:submitClientRequestAsync(832)) - s4@group-7D579A2BF85B: receive client request(RaftClientRequest:client-4872AC1AF8F9->s4@group-7D579A2BF85B, cid=6207, seq=0, RW, Message:01016200)
2023-03-07 04:41:14,380 DEBUG server.RaftServer$Division (LeaderStateImpl.java:addPendingRequest(474)) - s4@group-7D579A2BF85B-LeaderStateImpl: addPendingRequest at RaftClientRequest:client-4872AC1AF8F9->s4@group-7D579A2BF85B, cid=6207, seq=0, RW, Message:01016200, entry=(t:1, i:117), STATEMACHINELOGENTRY, 6207@client-4872AC1AF8F9
2023-03-07 04:41:14,380 DEBUG server.RaftServer$Division (RaftServerImpl.java:logAppendEntries(1429)) - s5@group-7D579A2BF85B: receive appendEntries(s4, 1, (t:1, i:116), 116, true, commits:[s4:c116, s5:c115, s6:c115], cId:6208, entries: [(t:1, i:117), STATEMACHINELOGENTRY, 6207@client-4872AC1AF8F9]
2023-03-07 04:41:14,381 DEBUG server.RaftServer$Division (RaftServerImpl.java:logAppendEntries(1429)) - s6@group-7D579A2BF85B: receive appendEntries(s4, 1, (t:1, i:116), 116, true, commits:[s4:c116, s5:c115, s6:c115], cId:6209, entries: [(t:1, i:117), STATEMACHINELOGENTRY, 6207@client-4872AC1AF8F9]
2023-03-07 04:41:14,381 DEBUG server.RaftServer$Division (RaftServerImpl.java:logAppendEntries(1429)) - s5@group-7D579A2BF85B: succeeded to handle AppendEntries. Reply: s4<-s5#6208:OK-t1,SUCCESS,nextIndex=118,followerCommit=116,matchIndex=117
2023-03-07 04:41:14,381 DEBUG server.RaftServer$Division (RaftServerImpl.java:logAppendEntries(1429)) - s6@group-7D579A2BF85B: succeeded to handle AppendEntries. Reply: s4<-s6#6209:OK-t1,SUCCESS,nextIndex=118,followerCommit=116,matchIndex=117
2023-03-07 04:41:14,381 INFO  statemachine.StateMachine (ArithmeticStateMachine.java:applyTransaction(182)) - LEADER:s4-117: b = null = null
2023-03-07 04:41:14,381 DEBUG server.RaftServer$Division (RaftServerImpl.java:logAppendEntries(1429)) - s6@group-7D579A2BF85B: receive appendEntries(s4, 1, (t:1, i:117), 117, true, commits:[s4:c117, s5:c116, s6:c116], cId:6210, entries: [(t:1, i:118), METADATAENTRY(c:117)]
2023-03-07 04:41:14,382 DEBUG server.RaftServer$Division (RaftServerImpl.java:logAppendEntries(1429)) - s5@group-7D579A2BF85B: receive appendEntries(s4, 1, (t:1, i:117), 117, true, commits:[s4:c117, s5:c116, s6:c116], cId:6211, entries: [(t:1, i:118), METADATAENTRY(c:117)]
2023-03-07 04:41:14,382 DEBUG server.RaftServer$Division (RaftServerImpl.java:logAppendEntries(1429)) - s6@group-7D579A2BF85B: succeeded to handle AppendEntries. Reply: s4<-s6#6210:OK-t1,SUCCESS,nextIndex=119,followerCommit=117,matchIndex=118
2023-03-07 04:41:14,382 DEBUG server.RaftServer$Division (RaftServerImpl.java:logAppendEntries(1429)) - s5@group-7D579A2BF85B: succeeded to handle AppendEntries. Reply: s4<-s5#6211:OK-t1,SUCCESS,nextIndex=119,followerCommit=117,matchIndex=118
2023-03-07 04:41:14,382 DEBUG server.RaftServer$Division (RaftServerImpl.java:submitClientRequestAsync(832)) - s4@group-7D579A2BF85B: receive client request(RaftClientRequest:client-4872AC1AF8F9->s4@group-7D579A2BF85B, cid=6212, seq=0, RW, Message:01016300)
2023-03-07 04:41:14,382 DEBUG server.RaftServer$Division (LeaderStateImpl.java:addPendingRequest(474)) - s4@group-7D579A2BF85B-LeaderStateImpl: addPendingRequest at RaftClientRequest:client-4872AC1AF8F9->s4@group-7D579A2BF85B, cid=6212, seq=0, RW, Message:01016300, entry=(t:1, i:119), STATEMACHINELOGENTRY, 6212@client-4872AC1AF8F9
2023-03-07 04:41:14,383 DEBUG server.RaftServer$Division (RaftServerImpl.java:logAppendEntries(1429)) - s5@group-7D579A2BF85B: receive appendEntries(s4, 1, (t:1, i:118), 118, true, commits:[s4:c118, s5:c117, s6:c117], cId:6213, entries: [(t:1, i:119), STATEMACHINELOGENTRY, 6212@client-4872AC1AF8F9]
2023-03-07 04:41:14,383 DEBUG server.RaftServer$Division (RaftServerImpl.java:logAppendEntries(1429)) - s6@group-7D579A2BF85B: receive appendEntries(s4, 1, (t:1, i:118), 118, true, commits:[s4:c118, s5:c117, s6:c117], cId:6214, entries: [(t:1, i:119), STATEMACHINELOGENTRY, 6212@client-4872AC1AF8F9]
2023-03-07 04:41:14,383 DEBUG server.RaftServer$Division (RaftServerImpl.java:logAppendEntries(1429)) - s5@group-7D579A2BF85B: succeeded to handle AppendEntries. Reply: s4<-s5#6213:OK-t1,SUCCESS,nextIndex=120,followerCommit=118,matchIndex=119
2023-03-07 04:41:14,383 DEBUG server.RaftServer$Division (RaftServerImpl.java:logAppendEntries(1429)) - s5@group-7D579A2BF85B: receive appendEntries(s4, 1, (t:1, i:119), 119, true, commits:[s4:c119, s5:c118, s6:c117], cId:6215, entries: [(t:1, i:120), METADATAENTRY(c:119)]
2023-03-07 04:41:14,384 INFO  statemachine.StateMachine (ArithmeticStateMachine.java:applyTransaction(182)) - LEADER:s4-119: c = null = null
2023-03-07 04:41:14,384 DEBUG server.RaftServer$Division (RaftServerImpl.java:logAppendEntries(1429)) - s6@group-7D579A2BF85B: succeeded to handle AppendEntries. Reply: s4<-s6#6214:OK-t1,SUCCESS,nextIndex=120,followerCommit=118,matchIndex=119
2023-03-07 04:41:14,385 DEBUG server.RaftServer$Division (RaftServerImpl.java:logAppendEntries(1429)) - s6@group-7D579A2BF85B: receive appendEntries(s4, 1, (t:1, i:119), 119, true, commits:[s4:c119, s5:c118, s6:c118], cId:6216, entries: [(t:1, i:120), METADATAENTRY(c:119)]
2023-03-07 04:41:14,386 DEBUG server.RaftServer$Division (RaftServerImpl.java:logAppendEntries(1429)) - s5@group-7D579A2BF85B: succeeded to handle AppendEntries. Reply: s4<-s5#6215:OK-t1,SUCCESS,nextIndex=121,followerCommit=119,matchIndex=120
2023-03-07 04:41:14,386 DEBUG server.RaftServer$Division (RaftServerImpl.java:logAppendEntries(1429)) - s6@group-7D579A2BF85B: succeeded to handle AppendEntries. Reply: s4<-s6#6216:OK-t1,SUCCESS,nextIndex=121,followerCommit=119,matchIndex=120
2023-03-07 04:41:14,396 INFO  impl.GroupManagementBaseTest (GroupManagementBaseTest.java:runMultiGroupTest(281)) - 4) starting group-44F04D6AF308:[s7|rpc:0.0.0.0:36409|priority:0|startupRole:FOLLOWER, s8|rpc:0.0.0.0:41505|priority:0|startupRole:FOLLOWER, s9|rpc:0.0.0.0:34365|priority:0|startupRole:FOLLOWER]
2023-03-07 04:41:14,398 INFO  logging.LoggingHandler (AbstractInternalLogger.java:log(148)) - [id: 0x836ca548, L:/0.0.0.0:36409] READ: [id: 0xbabcf2b4, L:/10.1.0.7:36409 - R:/10.1.0.7:46806]
2023-03-07 04:41:14,399 INFO  logging.LoggingHandler (AbstractInternalLogger.java:log(148)) - [id: 0x836ca548, L:/0.0.0.0:36409] READ COMPLETE
2023-03-07 04:41:14,403 INFO  server.RaftServer$Division (RaftServerImpl.java:<init>(198)) - s7: new RaftServerImpl for group-44F04D6AF308:[s7|rpc:0.0.0.0:36409|dataStream:|priority:0|startupRole:FOLLOWER, s8|rpc:0.0.0.0:41505|dataStream:|priority:0|startupRole:FOLLOWER, s9|rpc:0.0.0.0:34365|dataStream:|priority:0|startupRole:FOLLOWER] with ArithmeticStateMachine:uninitialized
2023-03-07 04:41:14,403 INFO  server.RaftServerConfigKeys (ConfUtils.java:logGet(46)) - raft.server.rpc.timeout.min = 300ms (custom)
2023-03-07 04:41:14,403 INFO  server.RaftServerConfigKeys (ConfUtils.java:logGet(46)) - raft.server.rpc.timeout.max = 600ms (custom)
2023-03-07 04:41:14,403 INFO  server.RaftServerConfigKeys (ConfUtils.java:logGet(46)) - raft.server.rpc.sleep.time = 25ms (default)
2023-03-07 04:41:14,403 INFO  server.RaftServerConfigKeys (ConfUtils.java:logGet(46)) - raft.server.rpc.slowness.timeout = 60s (default)
2023-03-07 04:41:14,404 INFO  server.RaftServerConfigKeys (ConfUtils.java:logGet(46)) - raft.server.leaderelection.leader.step-down.wait-time = 10s (default)
2023-03-07 04:41:14,404 INFO  server.RaftServerConfigKeys (ConfUtils.java:logGet(46)) - raft.server.sleep.deviation.threshold = 300ms (default)
2023-03-07 04:41:14,404 INFO  server.RaftServer$Division (ServerState.java:<init>(113)) - s7@group-44F04D6AF308: ConfigurationManager, init=-1: peers:[s7|rpc:0.0.0.0:36409|dataStream:|priority:0|startupRole:FOLLOWER, s8|rpc:0.0.0.0:41505|dataStream:|priority:0|startupRole:FOLLOWER, s9|rpc:0.0.0.0:34365|dataStream:|priority:0|startupRole:FOLLOWER]|listeners:[], old=null, confs=<EMPTY_MAP>
2023-03-07 04:41:14,404 INFO  server.RaftServerConfigKeys (ConfUtils.java:logGet(46)) - raft.server.notification.no-leader.timeout = 60s (default)
2023-03-07 04:41:14,404 INFO  server.RaftServerConfigKeys (ConfUtils.java:logGet(46)) - raft.server.read.timeout = 10s (default)
2023-03-07 04:41:14,404 INFO  server.RaftServerConfigKeys (ConfUtils.java:logGet(46)) - raft.server.retrycache.expirytime = 60s (default)
2023-03-07 04:41:14,404 INFO  server.RaftServerConfigKeys (ConfUtils.java:logGet(46)) - raft.server.retrycache.statistics.expirytime = 100μs (default)
2023-03-07 04:41:14,404 INFO  server.RaftServerConfigKeys (ConfUtils.java:logGet(46)) - raft.server.read.option = DEFAULT (default)
2023-03-07 04:41:14,405 INFO  server.RaftServerConfigKeys (ConfUtils.java:logGet(46)) - raft.server.log.appender.install.snapshot.enabled = true (default)
2023-03-07 04:41:14,405 INFO  server.RaftServerConfigKeys (ConfUtils.java:logGet(46)) - raft.server.threadpool.server.cached = true (default)
2023-03-07 04:41:14,405 INFO  server.RaftServerConfigKeys (ConfUtils.java:logGet(46)) - raft.server.threadpool.server.size = 0 (default)
2023-03-07 04:41:14,405 INFO  server.RaftServerConfigKeys (ConfUtils.java:logGet(46)) - raft.server.threadpool.client.cached = true (default)
2023-03-07 04:41:14,405 INFO  server.RaftServerConfigKeys (ConfUtils.java:logGet(46)) - raft.server.threadpool.client.size = 0 (default)
2023-03-07 04:41:14,405 INFO  server.RaftServer (RaftServerProxy.java:addNew(99)) - s7: addNew group-44F04D6AF308:[s7|rpc:0.0.0.0:36409|dataStream:|priority:0|startupRole:FOLLOWER, s8|rpc:0.0.0.0:41505|dataStream:|priority:0|startupRole:FOLLOWER, s9|rpc:0.0.0.0:34365|dataStream:|priority:0|startupRole:FOLLOWER] returns      null s7@group-44F04D6AF308:t0, leader=null, voted=null, raftlog=UNINITIALIZED, conf=-1: peers:[s7|rpc:0.0.0.0:36409|dataStream:|priority:0|startupRole:FOLLOWER, s8|rpc:0.0.0.0:41505|dataStream:|priority:0|startupRole:FOLLOWER, s9|rpc:0.0.0.0:34365|dataStream:|priority:0|startupRole:FOLLOWER]|listeners:[], old=null NEW
2023-03-07 04:41:14,405 INFO  server.RaftServerConfigKeys (ConfUtils.java:logGet(46)) - raft.server.storage.free-space.min = 0MB (=0) (default)
2023-03-07 04:41:14,405 INFO  server.RaftServerConfigKeys (ConfUtils.java:logGet(46)) - raft.server.log.corruption.policy = EXCEPTION (default)
2023-03-07 04:41:14,405 INFO  server.RaftServerConfigKeys (ConfUtils.java:logGet(46)) - raft.server.storage.dir = [/home/runner/work/ratis/ratis/ratis-examples/target/test/data/fa33b8e4/MiniRaftClusterWithNettye7083e71/s7] (custom)
2023-03-07 04:41:14,406 INFO  storage.RaftStorageDirectory (RaftStorageDirectoryImpl.java:analyzeStorage(138)) - The storage directory /home/runner/work/ratis/ratis/ratis-examples/target/test/data/fa33b8e4/MiniRaftClusterWithNettye7083e71/s7/67453e16-d74b-46e5-a424-44f04d6af308 does not exist. Creating ...
2023-03-07 04:41:14,406 TRACE util.FileUtils (LogUtils.java:runAndLog(49)) - Successfully ran Files.createDirectories /home/runner/work/ratis/ratis/ratis-examples/target/test/data/fa33b8e4/MiniRaftClusterWithNettye7083e71/s7/67453e16-d74b-46e5-a424-44f04d6af308
2023-03-07 04:41:14,407 INFO  storage.RaftStorageDirectory (RaftStorageDirectoryImpl.java:tryLock(232)) - Lock on /home/runner/work/ratis/ratis/ratis-examples/target/test/data/fa33b8e4/MiniRaftClusterWithNettye7083e71/s7/67453e16-d74b-46e5-a424-44f04d6af308/in_use.lock acquired by nodename 15875@fv-az983-448
2023-03-07 04:41:14,407 TRACE util.FileUtils (LogUtils.java:runAndLog(49)) - Successfully ran Files.createDirectories /home/runner/work/ratis/ratis/ratis-examples/target/test/data/fa33b8e4/MiniRaftClusterWithNettye7083e71/s7/67453e16-d74b-46e5-a424-44f04d6af308/current
2023-03-07 04:41:14,407 TRACE util.FileUtils (LogUtils.java:runAndLog(49)) - Successfully ran Files.createDirectories /home/runner/work/ratis/ratis/ratis-examples/target/test/data/fa33b8e4/MiniRaftClusterWithNettye7083e71/s7/67453e16-d74b-46e5-a424-44f04d6af308/sm
2023-03-07 04:41:14,407 INFO  storage.RaftStorage (RaftStorageImpl.java:format(96)) - Storage directory /home/runner/work/ratis/ratis/ratis-examples/target/test/data/fa33b8e4/MiniRaftClusterWithNettye7083e71/s7/67453e16-d74b-46e5-a424-44f04d6af308 has been successfully formatted.
2023-03-07 04:41:14,408 WARN  statemachine.StateMachine (ArithmeticStateMachine.java:loadSnapshot(116)) - The snapshot info is null.
2023-03-07 04:41:14,408 INFO  server.RaftServerConfigKeys (ConfUtils.java:logGet(46)) - raft.server.log.use.memory = false (default)
2023-03-07 04:41:14,408 INFO  server.RaftServerConfigKeys (ConfUtils.java:logGet(46)) - raft.server.log.purge.gap = 1024 (default)
2023-03-07 04:41:14,408 INFO  server.RaftServerConfigKeys (ConfUtils.java:logGet(46)) - raft.server.log.appender.buffer.byte-limit = 4MB (=4194304) (default)
2023-03-07 04:41:14,408 INFO  server.RaftServerConfigKeys (ConfUtils.java:logGet(46)) - raft.server.log.statemachine.data.read.timeout = 1000ms (default)
2023-03-07 04:41:14,408 INFO  server.RaftServerConfigKeys (ConfUtils.java:logGet(46)) - raft.server.log.purge.preservation.log.num = 0 (default)
2023-03-07 04:41:14,409 INFO  server.RaftServerConfigKeys (ConfUtils.java:logGet(46)) - raft.server.log.segment.size.max = 8MB (=8388608) (default)
2023-03-07 04:41:14,409 INFO  server.RaftServerConfigKeys (ConfUtils.java:logGet(46)) - raft.server.log.segment.cache.num.max = 6 (default)
2023-03-07 04:41:14,409 INFO  server.RaftServerConfigKeys (ConfUtils.java:logGet(46)) - raft.server.log.segment.cache.size.max = 200MB (=209715200) (default)
2023-03-07 04:41:14,409 INFO  server.RaftServerConfigKeys (ConfUtils.java:logGet(46)) - raft.server.log.appender.buffer.byte-limit = 4MB (=4194304) (default)
2023-03-07 04:41:14,409 INFO  segmented.SegmentedRaftLogWorker (SegmentedRaftLogWorker.java:<init>(183)) - new s7@group-44F04D6AF308-SegmentedRaftLogWorker for RaftStorageImpl:Storage Directory /home/runner/work/ratis/ratis/ratis-examples/target/test/data/fa33b8e4/MiniRaftClusterWithNettye7083e71/s7/67453e16-d74b-46e5-a424-44f04d6af308
2023-03-07 04:41:14,409 INFO  server.RaftServerConfigKeys (ConfUtils.java:logGet(46)) - raft.server.log.queue.byte-limit = 64MB (=67108864) (default)
2023-03-07 04:41:14,409 INFO  server.RaftServerConfigKeys (ConfUtils.java:logGet(46)) - raft.server.log.queue.element-limit = 4096 (default)
2023-03-07 04:41:14,409 INFO  server.RaftServerConfigKeys (ConfUtils.java:logGet(46)) - raft.server.log.segment.size.max = 8MB (=8388608) (default)
2023-03-07 04:41:14,409 INFO  server.RaftServerConfigKeys (ConfUtils.java:logGet(46)) - raft.server.log.preallocated.size = 4MB (=4194304) (default)
2023-03-07 04:41:14,409 INFO  server.RaftServerConfigKeys (ConfUtils.java:logGet(46)) - raft.server.log.force.sync.num = 128 (default)
2023-03-07 04:41:14,409 INFO  server.RaftServerConfigKeys (ConfUtils.java:logGet(46)) - raft.server.log.statemachine.data.sync = true (default)
2023-03-07 04:41:14,409 INFO  server.RaftServerConfigKeys (ConfUtils.java:logGet(46)) - raft.server.log.statemachine.data.sync.timeout = 10s (default)
2023-03-07 04:41:14,409 INFO  server.RaftServerConfigKeys (ConfUtils.java:logGet(46)) - raft.server.log.statemachine.data.sync.timeout.retry = -1 (default)
2023-03-07 04:41:14,409 INFO  server.RaftServerConfigKeys (ConfUtils.java:logGet(46)) - raft.server.log.write.buffer.size = 64KB (=65536) (default)
2023-03-07 04:41:14,410 INFO  server.RaftServerConfigKeys (ConfUtils.java:logGet(46)) - raft.server.log.appender.buffer.byte-limit = 4MB (=4194304) (default)
2023-03-07 04:41:14,419 INFO  server.RaftServerConfigKeys (ConfUtils.java:logGet(46)) - raft.server.log.unsafe-flush.enabled = false (default)
2023-03-07 04:41:14,424 INFO  server.RaftServerConfigKeys (ConfUtils.java:logGet(46)) - raft.server.log.async-flush.enabled = false (default)
2023-03-07 04:41:14,424 INFO  server.RaftServerConfigKeys (ConfUtils.java:logGet(46)) - raft.server.log.statemachine.data.caching.enabled = false (default)
2023-03-07 04:41:14,424 INFO  segmented.SegmentedRaftLogWorker (SegmentedRaftLogWorker.java:lambda$new$0(134)) - s7@group-44F04D6AF308-SegmentedRaftLogWorker: flushIndex: setUnconditionally 0 -> -1
2023-03-07 04:41:14,424 INFO  segmented.SegmentedRaftLogWorker (SegmentedRaftLogWorker.java:lambda$new$0(134)) - s7@group-44F04D6AF308-SegmentedRaftLogWorker: safeCacheEvictIndex: setUnconditionally 0 -> -1
2023-03-07 04:41:14,433 INFO  server.RaftServer$Division (RaftServerImpl.java:start(342)) - s7@group-44F04D6AF308: start as a follower, conf=-1: peers:[s7|rpc:0.0.0.0:36409|dataStream:|priority:0|startupRole:FOLLOWER, s8|rpc:0.0.0.0:41505|dataStream:|priority:0|startupRole:FOLLOWER, s9|rpc:0.0.0.0:34365|dataStream:|priority:0|startupRole:FOLLOWER]|listeners:[], old=null
2023-03-07 04:41:14,433 INFO  server.RaftServer$Division (RaftServerImpl.java:setRole(329)) - s7@group-44F04D6AF308: changes role from      null to FOLLOWER at term 0 for startAsFollower
2023-03-07 04:41:14,433 INFO  impl.RoleInfo (RoleInfo.java:updateAndGet(139)) - s7: start s7@group-44F04D6AF308-FollowerState
2023-03-07 04:41:14,438 INFO  util.JmxRegister (JmxRegister.java:tryRegister(44)) - Successfully registered JMX Bean with object name Ratis:service=RaftServer,group=group-44F04D6AF308,id=s7
2023-03-07 04:41:14,438 INFO  server.RaftServerConfigKeys (ConfUtils.java:logFallback(53)) - raft.server.rpc.first-election.timeout.min = 300ms (fallback to raft.server.rpc.timeout.min)
2023-03-07 04:41:14,438 INFO  server.RaftServerConfigKeys (ConfUtils.java:logFallback(53)) - raft.server.rpc.first-election.timeout.max = 600ms (fallback to raft.server.rpc.timeout.max)
2023-03-07 04:41:14,438 INFO  server.RaftServerConfigKeys (ConfUtils.java:logGet(46)) - raft.server.snapshot.auto.trigger.enabled = false (default)
2023-03-07 04:41:14,438 INFO  server.RaftServerConfigKeys (ConfUtils.java:logGet(46)) - raft.server.snapshot.retention.file.num = -1 (default)
2023-03-07 04:41:14,439 INFO  server.RaftServerConfigKeys (ConfUtils.java:logGet(46)) - raft.server.log.purge.upto.snapshot.index = false (default)
2023-03-07 04:41:14,449 INFO  logging.LoggingHandler (AbstractInternalLogger.java:log(148)) - [id: 0xe229bbe1, L:/0.0.0.0:41505] READ: [id: 0x96896319, L:/10.1.0.7:41505 - R:/10.1.0.7:43130]
2023-03-07 04:41:14,449 INFO  logging.LoggingHandler (AbstractInternalLogger.java:log(148)) - [id: 0xe229bbe1, L:/0.0.0.0:41505] READ COMPLETE
2023-03-07 04:41:14,455 INFO  server.RaftServer$Division (RaftServerImpl.java:<init>(198)) - s8: new RaftServerImpl for group-44F04D6AF308:[s7|rpc:0.0.0.0:36409|dataStream:|priority:0|startupRole:FOLLOWER, s8|rpc:0.0.0.0:41505|dataStream:|priority:0|startupRole:FOLLOWER, s9|rpc:0.0.0.0:34365|dataStream:|priority:0|startupRole:FOLLOWER] with ArithmeticStateMachine:uninitialized
2023-03-07 04:41:14,455 INFO  server.RaftServerConfigKeys (ConfUtils.java:logGet(46)) - raft.server.rpc.timeout.min = 300ms (custom)
2023-03-07 04:41:14,455 INFO  server.RaftServerConfigKeys (ConfUtils.java:logGet(46)) - raft.server.rpc.timeout.max = 600ms (custom)
2023-03-07 04:41:14,455 INFO  server.RaftServerConfigKeys (ConfUtils.java:logGet(46)) - raft.server.rpc.sleep.time = 25ms (default)
2023-03-07 04:41:14,455 INFO  server.RaftServerConfigKeys (ConfUtils.java:logGet(46)) - raft.server.rpc.slowness.timeout = 60s (default)
2023-03-07 04:41:14,455 INFO  server.RaftServerConfigKeys (ConfUtils.java:logGet(46)) - raft.server.leaderelection.leader.step-down.wait-time = 10s (default)
2023-03-07 04:41:14,455 INFO  server.RaftServerConfigKeys (ConfUtils.java:logGet(46)) - raft.server.sleep.deviation.threshold = 300ms (default)
2023-03-07 04:41:14,456 INFO  server.RaftServer$Division (ServerState.java:<init>(113)) - s8@group-44F04D6AF308: ConfigurationManager, init=-1: peers:[s7|rpc:0.0.0.0:36409|dataStream:|priority:0|startupRole:FOLLOWER, s8|rpc:0.0.0.0:41505|dataStream:|priority:0|startupRole:FOLLOWER, s9|rpc:0.0.0.0:34365|dataStream:|priority:0|startupRole:FOLLOWER]|listeners:[], old=null, confs=<EMPTY_MAP>
2023-03-07 04:41:14,456 INFO  server.RaftServerConfigKeys (ConfUtils.java:logGet(46)) - raft.server.notification.no-leader.timeout = 60s (default)
2023-03-07 04:41:14,456 INFO  server.RaftServerConfigKeys (ConfUtils.java:logGet(46)) - raft.server.read.timeout = 10s (default)
2023-03-07 04:41:14,456 INFO  server.RaftServerConfigKeys (ConfUtils.java:logGet(46)) - raft.server.retrycache.expirytime = 60s (default)
2023-03-07 04:41:14,456 INFO  server.RaftServerConfigKeys (ConfUtils.java:logGet(46)) - raft.server.retrycache.statistics.expirytime = 100μs (default)
2023-03-07 04:41:14,456 INFO  server.RaftServerConfigKeys (ConfUtils.java:logGet(46)) - raft.server.read.option = DEFAULT (default)
2023-03-07 04:41:14,457 INFO  server.RaftServerConfigKeys (ConfUtils.java:logGet(46)) - raft.server.log.appender.install.snapshot.enabled = true (default)
2023-03-07 04:41:14,457 INFO  server.RaftServerConfigKeys (ConfUtils.java:logGet(46)) - raft.server.threadpool.server.cached = true (default)
2023-03-07 04:41:14,457 INFO  server.RaftServerConfigKeys (ConfUtils.java:logGet(46)) - raft.server.threadpool.server.size = 0 (default)
2023-03-07 04:41:14,457 INFO  server.RaftServerConfigKeys (ConfUtils.java:logGet(46)) - raft.server.threadpool.client.cached = true (default)
2023-03-07 04:41:14,457 INFO  server.RaftServerConfigKeys (ConfUtils.java:logGet(46)) - raft.server.threadpool.client.size = 0 (default)
2023-03-07 04:41:14,457 INFO  server.RaftServer (RaftServerProxy.java:addNew(99)) - s8: addNew group-44F04D6AF308:[s7|rpc:0.0.0.0:36409|dataStream:|priority:0|startupRole:FOLLOWER, s8|rpc:0.0.0.0:41505|dataStream:|priority:0|startupRole:FOLLOWER, s9|rpc:0.0.0.0:34365|dataStream:|priority:0|startupRole:FOLLOWER] returns      null s8@group-44F04D6AF308:t0, leader=null, voted=null, raftlog=UNINITIALIZED, conf=-1: peers:[s7|rpc:0.0.0.0:36409|dataStream:|priority:0|startupRole:FOLLOWER, s8|rpc:0.0.0.0:41505|dataStream:|priority:0|startupRole:FOLLOWER, s9|rpc:0.0.0.0:34365|dataStream:|priority:0|startupRole:FOLLOWER]|listeners:[], old=null NEW
2023-03-07 04:41:14,457 INFO  server.RaftServerConfigKeys (ConfUtils.java:logGet(46)) - raft.server.storage.free-space.min = 0MB (=0) (default)
2023-03-07 04:41:14,457 INFO  server.RaftServerConfigKeys (ConfUtils.java:logGet(46)) - raft.server.log.corruption.policy = EXCEPTION (default)
2023-03-07 04:41:14,457 INFO  server.RaftServerConfigKeys (ConfUtils.java:logGet(46)) - raft.server.storage.dir = [/home/runner/work/ratis/ratis/ratis-examples/target/test/data/fa33b8e4/MiniRaftClusterWithNettye7083e71/s8] (custom)
2023-03-07 04:41:14,458 INFO  storage.RaftStorageDirectory (RaftStorageDirectoryImpl.java:analyzeStorage(138)) - The storage directory /home/runner/work/ratis/ratis/ratis-examples/target/test/data/fa33b8e4/MiniRaftClusterWithNettye7083e71/s8/67453e16-d74b-46e5-a424-44f04d6af308 does not exist. Creating ...
2023-03-07 04:41:14,458 TRACE util.FileUtils (LogUtils.java:runAndLog(49)) - Successfully ran Files.createDirectories /home/runner/work/ratis/ratis/ratis-examples/target/test/data/fa33b8e4/MiniRaftClusterWithNettye7083e71/s8/67453e16-d74b-46e5-a424-44f04d6af308
2023-03-07 04:41:14,459 INFO  storage.RaftStorageDirectory (RaftStorageDirectoryImpl.java:tryLock(232)) - Lock on /home/runner/work/ratis/ratis/ratis-examples/target/test/data/fa33b8e4/MiniRaftClusterWithNettye7083e71/s8/67453e16-d74b-46e5-a424-44f04d6af308/in_use.lock acquired by nodename 15875@fv-az983-448
2023-03-07 04:41:14,460 TRACE util.FileUtils (LogUtils.java:runAndLog(49)) - Successfully ran Files.createDirectories /home/runner/work/ratis/ratis/ratis-examples/target/test/data/fa33b8e4/MiniRaftClusterWithNettye7083e71/s8/67453e16-d74b-46e5-a424-44f04d6af308/current
2023-03-07 04:41:14,460 TRACE util.FileUtils (LogUtils.java:runAndLog(49)) - Successfully ran Files.createDirectories /home/runner/work/ratis/ratis/ratis-examples/target/test/data/fa33b8e4/MiniRaftClusterWithNettye7083e71/s8/67453e16-d74b-46e5-a424-44f04d6af308/sm
2023-03-07 04:41:14,461 INFO  storage.RaftStorage (RaftStorageImpl.java:format(96)) - Storage directory /home/runner/work/ratis/ratis/ratis-examples/target/test/data/fa33b8e4/MiniRaftClusterWithNettye7083e71/s8/67453e16-d74b-46e5-a424-44f04d6af308 has been successfully formatted.
2023-03-07 04:41:14,461 WARN  statemachine.StateMachine (ArithmeticStateMachine.java:loadSnapshot(116)) - The snapshot info is null.
2023-03-07 04:41:14,461 INFO  server.RaftServerConfigKeys (ConfUtils.java:logGet(46)) - raft.server.log.use.memory = false (default)
2023-03-07 04:41:14,461 INFO  server.RaftServerConfigKeys (ConfUtils.java:logGet(46)) - raft.server.log.purge.gap = 1024 (default)
2023-03-07 04:41:14,461 INFO  server.RaftServerConfigKeys (ConfUtils.java:logGet(46)) - raft.server.log.appender.buffer.byte-limit = 4MB (=4194304) (default)
2023-03-07 04:41:14,461 INFO  server.RaftServerConfigKeys (ConfUtils.java:logGet(46)) - raft.server.log.statemachine.data.read.timeout = 1000ms (default)
2023-03-07 04:41:14,461 INFO  server.RaftServerConfigKeys (ConfUtils.java:logGet(46)) - raft.server.log.purge.preservation.log.num = 0 (default)
2023-03-07 04:41:14,462 INFO  server.RaftServerConfigKeys (ConfUtils.java:logGet(46)) - raft.server.log.segment.size.max = 8MB (=8388608) (default)
2023-03-07 04:41:14,462 INFO  server.RaftServerConfigKeys (ConfUtils.java:logGet(46)) - raft.server.log.segment.cache.num.max = 6 (default)
2023-03-07 04:41:14,462 INFO  server.RaftServerConfigKeys (ConfUtils.java:logGet(46)) - raft.server.log.segment.cache.size.max = 200MB (=209715200) (default)
2023-03-07 04:41:14,462 INFO  server.RaftServerConfigKeys (ConfUtils.java:logGet(46)) - raft.server.log.appender.buffer.byte-limit = 4MB (=4194304) (default)
2023-03-07 04:41:14,462 INFO  segmented.SegmentedRaftLogWorker (SegmentedRaftLogWorker.java:<init>(183)) - new s8@group-44F04D6AF308-SegmentedRaftLogWorker for RaftStorageImpl:Storage Directory /home/runner/work/ratis/ratis/ratis-examples/target/test/data/fa33b8e4/MiniRaftClusterWithNettye7083e71/s8/67453e16-d74b-46e5-a424-44f04d6af308
2023-03-07 04:41:14,462 INFO  server.RaftServerConfigKeys (ConfUtils.java:logGet(46)) - raft.server.log.queue.byte-limit = 64MB (=67108864) (default)
2023-03-07 04:41:14,462 INFO  server.RaftServerConfigKeys (ConfUtils.java:logGet(46)) - raft.server.log.queue.element-limit = 4096 (default)
2023-03-07 04:41:14,463 INFO  server.RaftServerConfigKeys (ConfUtils.java:logGet(46)) - raft.server.log.segment.size.max = 8MB (=8388608) (default)
2023-03-07 04:41:14,463 INFO  server.RaftServerConfigKeys (ConfUtils.java:logGet(46)) - raft.server.log.preallocated.size = 4MB (=4194304) (default)
2023-03-07 04:41:14,463 INFO  server.RaftServerConfigKeys (ConfUtils.java:logGet(46)) - raft.server.log.force.sync.num = 128 (default)
2023-03-07 04:41:14,463 INFO  server.RaftServerConfigKeys (ConfUtils.java:logGet(46)) - raft.server.log.statemachine.data.sync = true (default)
2023-03-07 04:41:14,463 INFO  server.RaftServerConfigKeys (ConfUtils.java:logGet(46)) - raft.server.log.statemachine.data.sync.timeout = 10s (default)
2023-03-07 04:41:14,463 INFO  server.RaftServerConfigKeys (ConfUtils.java:logGet(46)) - raft.server.log.statemachine.data.sync.timeout.retry = -1 (default)
2023-03-07 04:41:14,463 INFO  server.RaftServerConfigKeys (ConfUtils.java:logGet(46)) - raft.server.log.write.buffer.size = 64KB (=65536) (default)
2023-03-07 04:41:14,463 INFO  server.RaftServerConfigKeys (ConfUtils.java:logGet(46)) - raft.server.log.appender.buffer.byte-limit = 4MB (=4194304) (default)
2023-03-07 04:41:14,463 INFO  server.RaftServerConfigKeys (ConfUtils.java:logGet(46)) - raft.server.log.unsafe-flush.enabled = false (default)
2023-03-07 04:41:14,463 INFO  server.RaftServerConfigKeys (ConfUtils.java:logGet(46)) - raft.server.log.async-flush.enabled = false (default)
2023-03-07 04:41:14,463 INFO  server.RaftServerConfigKeys (ConfUtils.java:logGet(46)) - raft.server.log.statemachine.data.caching.enabled = false (default)
2023-03-07 04:41:14,464 INFO  segmented.SegmentedRaftLogWorker (SegmentedRaftLogWorker.java:lambda$new$0(134)) - s8@group-44F04D6AF308-SegmentedRaftLogWorker: flushIndex: setUnconditionally 0 -> -1
2023-03-07 04:41:14,464 INFO  segmented.SegmentedRaftLogWorker (SegmentedRaftLogWorker.java:lambda$new$0(134)) - s8@group-44F04D6AF308-SegmentedRaftLogWorker: safeCacheEvictIndex: setUnconditionally 0 -> -1
2023-03-07 04:41:14,464 INFO  server.RaftServer$Division (RaftServerImpl.java:start(342)) - s8@group-44F04D6AF308: start as a follower, conf=-1: peers:[s7|rpc:0.0.0.0:36409|dataStream:|priority:0|startupRole:FOLLOWER, s8|rpc:0.0.0.0:41505|dataStream:|priority:0|startupRole:FOLLOWER, s9|rpc:0.0.0.0:34365|dataStream:|priority:0|startupRole:FOLLOWER]|listeners:[], old=null
2023-03-07 04:41:14,464 INFO  server.RaftServer$Division (RaftServerImpl.java:setRole(329)) - s8@group-44F04D6AF308: changes role from      null to FOLLOWER at term 0 for startAsFollower
2023-03-07 04:41:14,464 INFO  impl.RoleInfo (RoleInfo.java:updateAndGet(139)) - s8: start s8@group-44F04D6AF308-FollowerState
2023-03-07 04:41:14,464 INFO  util.JmxRegister (JmxRegister.java:tryRegister(44)) - Successfully registered JMX Bean with object name Ratis:service=RaftServer,group=group-44F04D6AF308,id=s8
2023-03-07 04:41:14,464 INFO  server.RaftServerConfigKeys (ConfUtils.java:logGet(46)) - raft.server.snapshot.auto.trigger.enabled = false (default)
2023-03-07 04:41:14,464 INFO  server.RaftServerConfigKeys (ConfUtils.java:logGet(46)) - raft.server.snapshot.retention.file.num = -1 (default)
2023-03-07 04:41:14,464 INFO  server.RaftServerConfigKeys (ConfUtils.java:logGet(46)) - raft.server.log.purge.upto.snapshot.index = false (default)
2023-03-07 04:41:14,464 INFO  server.RaftServerConfigKeys (ConfUtils.java:logFallback(53)) - raft.server.rpc.first-election.timeout.min = 300ms (fallback to raft.server.rpc.timeout.min)
2023-03-07 04:41:14,465 INFO  server.RaftServerConfigKeys (ConfUtils.java:logFallback(53)) - raft.server.rpc.first-election.timeout.max = 600ms (fallback to raft.server.rpc.timeout.max)
2023-03-07 04:41:14,489 INFO  logging.LoggingHandler (AbstractInternalLogger.java:log(148)) - [id: 0xe59a881d, L:/0.0.0.0:34365] READ: [id: 0x70752b4a, L:/10.1.0.7:34365 - R:/10.1.0.7:39856]
2023-03-07 04:41:14,493 INFO  logging.LoggingHandler (AbstractInternalLogger.java:log(148)) - [id: 0xe59a881d, L:/0.0.0.0:34365] READ COMPLETE
2023-03-07 04:41:14,497 INFO  server.RaftServer$Division (RaftServerImpl.java:<init>(198)) - s9: new RaftServerImpl for group-44F04D6AF308:[s7|rpc:0.0.0.0:36409|dataStream:|priority:0|startupRole:FOLLOWER, s8|rpc:0.0.0.0:41505|dataStream:|priority:0|startupRole:FOLLOWER, s9|rpc:0.0.0.0:34365|dataStream:|priority:0|startupRole:FOLLOWER] with ArithmeticStateMachine:uninitialized
2023-03-07 04:41:14,497 INFO  server.RaftServerConfigKeys (ConfUtils.java:logGet(46)) - raft.server.rpc.timeout.min = 300ms (custom)
2023-03-07 04:41:14,497 INFO  server.RaftServerConfigKeys (ConfUtils.java:logGet(46)) - raft.server.rpc.timeout.max = 600ms (custom)
2023-03-07 04:41:14,497 INFO  server.RaftServerConfigKeys (ConfUtils.java:logGet(46)) - raft.server.rpc.sleep.time = 25ms (default)
2023-03-07 04:41:14,497 INFO  server.RaftServerConfigKeys (ConfUtils.java:logGet(46)) - raft.server.rpc.slowness.timeout = 60s (default)
2023-03-07 04:41:14,497 INFO  server.RaftServerConfigKeys (ConfUtils.java:logGet(46)) - raft.server.leaderelection.leader.step-down.wait-time = 10s (default)
2023-03-07 04:41:14,497 INFO  server.RaftServerConfigKeys (ConfUtils.java:logGet(46)) - raft.server.sleep.deviation.threshold = 300ms (default)
2023-03-07 04:41:14,497 INFO  server.RaftServer$Division (ServerState.java:<init>(113)) - s9@group-44F04D6AF308: ConfigurationManager, init=-1: peers:[s7|rpc:0.0.0.0:36409|dataStream:|priority:0|startupRole:FOLLOWER, s8|rpc:0.0.0.0:41505|dataStream:|priority:0|startupRole:FOLLOWER, s9|rpc:0.0.0.0:34365|dataStream:|priority:0|startupRole:FOLLOWER]|listeners:[], old=null, confs=<EMPTY_MAP>
2023-03-07 04:41:14,497 INFO  server.RaftServerConfigKeys (ConfUtils.java:logGet(46)) - raft.server.notification.no-leader.timeout = 60s (default)
2023-03-07 04:41:14,497 INFO  server.RaftServerConfigKeys (ConfUtils.java:logGet(46)) - raft.server.read.timeout = 10s (default)
2023-03-07 04:41:14,498 INFO  server.RaftServerConfigKeys (ConfUtils.java:logGet(46)) - raft.server.retrycache.expirytime = 60s (default)
2023-03-07 04:41:14,498 INFO  server.RaftServerConfigKeys (ConfUtils.java:logGet(46)) - raft.server.retrycache.statistics.expirytime = 100μs (default)
2023-03-07 04:41:14,498 INFO  server.RaftServerConfigKeys (ConfUtils.java:logGet(46)) - raft.server.read.option = DEFAULT (default)
2023-03-07 04:41:14,499 INFO  server.RaftServerConfigKeys (ConfUtils.java:logGet(46)) - raft.server.log.appender.install.snapshot.enabled = true (default)
2023-03-07 04:41:14,499 INFO  server.RaftServerConfigKeys (ConfUtils.java:logGet(46)) - raft.server.threadpool.server.cached = true (default)
2023-03-07 04:41:14,499 INFO  server.RaftServerConfigKeys (ConfUtils.java:logGet(46)) - raft.server.threadpool.server.size = 0 (default)
2023-03-07 04:41:14,499 INFO  server.RaftServerConfigKeys (ConfUtils.java:logGet(46)) - raft.server.threadpool.client.cached = true (default)
2023-03-07 04:41:14,499 INFO  server.RaftServerConfigKeys (ConfUtils.java:logGet(46)) - raft.server.threadpool.client.size = 0 (default)
2023-03-07 04:41:14,499 INFO  server.RaftServer (RaftServerProxy.java:addNew(99)) - s9: addNew group-44F04D6AF308:[s7|rpc:0.0.0.0:36409|dataStream:|priority:0|startupRole:FOLLOWER, s8|rpc:0.0.0.0:41505|dataStream:|priority:0|startupRole:FOLLOWER, s9|rpc:0.0.0.0:34365|dataStream:|priority:0|startupRole:FOLLOWER] returns      null s9@group-44F04D6AF308:t0, leader=null, voted=null, raftlog=UNINITIALIZED, conf=-1: peers:[s7|rpc:0.0.0.0:36409|dataStream:|priority:0|startupRole:FOLLOWER, s8|rpc:0.0.0.0:41505|dataStream:|priority:0|startupRole:FOLLOWER, s9|rpc:0.0.0.0:34365|dataStream:|priority:0|startupRole:FOLLOWER]|listeners:[], old=null NEW
2023-03-07 04:41:14,499 INFO  server.RaftServerConfigKeys (ConfUtils.java:logGet(46)) - raft.server.storage.free-space.min = 0MB (=0) (default)
2023-03-07 04:41:14,499 INFO  server.RaftServerConfigKeys (ConfUtils.java:logGet(46)) - raft.server.log.corruption.policy = EXCEPTION (default)
2023-03-07 04:41:14,499 INFO  server.RaftServerConfigKeys (ConfUtils.java:logGet(46)) - raft.server.storage.dir = [/home/runner/work/ratis/ratis/ratis-examples/target/test/data/fa33b8e4/MiniRaftClusterWithNettye7083e71/s9] (custom)
2023-03-07 04:41:14,500 INFO  storage.RaftStorageDirectory (RaftStorageDirectoryImpl.java:analyzeStorage(138)) - The storage directory /home/runner/work/ratis/ratis/ratis-examples/target/test/data/fa33b8e4/MiniRaftClusterWithNettye7083e71/s9/67453e16-d74b-46e5-a424-44f04d6af308 does not exist. Creating ...
2023-03-07 04:41:14,500 TRACE util.FileUtils (LogUtils.java:runAndLog(49)) - Successfully ran Files.createDirectories /home/runner/work/ratis/ratis/ratis-examples/target/test/data/fa33b8e4/MiniRaftClusterWithNettye7083e71/s9/67453e16-d74b-46e5-a424-44f04d6af308
2023-03-07 04:41:14,501 INFO  storage.RaftStorageDirectory (RaftStorageDirectoryImpl.java:tryLock(232)) - Lock on /home/runner/work/ratis/ratis/ratis-examples/target/test/data/fa33b8e4/MiniRaftClusterWithNettye7083e71/s9/67453e16-d74b-46e5-a424-44f04d6af308/in_use.lock acquired by nodename 15875@fv-az983-448
2023-03-07 04:41:14,501 TRACE util.FileUtils (LogUtils.java:runAndLog(49)) - Successfully ran Files.createDirectories /home/runner/work/ratis/ratis/ratis-examples/target/test/data/fa33b8e4/MiniRaftClusterWithNettye7083e71/s9/67453e16-d74b-46e5-a424-44f04d6af308/current
2023-03-07 04:41:14,501 TRACE util.FileUtils (LogUtils.java:runAndLog(49)) - Successfully ran Files.createDirectories /home/runner/work/ratis/ratis/ratis-examples/target/test/data/fa33b8e4/MiniRaftClusterWithNettye7083e71/s9/67453e16-d74b-46e5-a424-44f04d6af308/sm
2023-03-07 04:41:14,503 INFO  storage.RaftStorage (RaftStorageImpl.java:format(96)) - Storage directory /home/runner/work/ratis/ratis/ratis-examples/target/test/data/fa33b8e4/MiniRaftClusterWithNettye7083e71/s9/67453e16-d74b-46e5-a424-44f04d6af308 has been successfully formatted.
2023-03-07 04:41:14,503 WARN  statemachine.StateMachine (ArithmeticStateMachine.java:loadSnapshot(116)) - The snapshot info is null.
2023-03-07 04:41:14,503 INFO  server.RaftServerConfigKeys (ConfUtils.java:logGet(46)) - raft.server.log.use.memory = false (default)
2023-03-07 04:41:14,503 INFO  server.RaftServerConfigKeys (ConfUtils.java:logGet(46)) - raft.server.log.purge.gap = 1024 (default)
2023-03-07 04:41:14,503 INFO  server.RaftServerConfigKeys (ConfUtils.java:logGet(46)) - raft.server.log.appender.buffer.byte-limit = 4MB (=4194304) (default)
2023-03-07 04:41:14,503 INFO  server.RaftServerConfigKeys (ConfUtils.java:logGet(46)) - raft.server.log.statemachine.data.read.timeout = 1000ms (default)
2023-03-07 04:41:14,504 INFO  server.RaftServerConfigKeys (ConfUtils.java:logGet(46)) - raft.server.log.purge.preservation.log.num = 0 (default)
2023-03-07 04:41:14,508 INFO  server.RaftServerConfigKeys (ConfUtils.java:logGet(46)) - raft.server.log.segment.size.max = 8MB (=8388608) (default)
2023-03-07 04:41:14,508 INFO  server.RaftServerConfigKeys (ConfUtils.java:logGet(46)) - raft.server.log.segment.cache.num.max = 6 (default)
2023-03-07 04:41:14,508 INFO  server.RaftServerConfigKeys (ConfUtils.java:logGet(46)) - raft.server.log.segment.cache.size.max = 200MB (=209715200) (default)
2023-03-07 04:41:14,508 INFO  server.RaftServerConfigKeys (ConfUtils.java:logGet(46)) - raft.server.log.appender.buffer.byte-limit = 4MB (=4194304) (default)
2023-03-07 04:41:14,508 INFO  segmented.SegmentedRaftLogWorker (SegmentedRaftLogWorker.java:<init>(183)) - new s9@group-44F04D6AF308-SegmentedRaftLogWorker for RaftStorageImpl:Storage Directory /home/runner/work/ratis/ratis/ratis-examples/target/test/data/fa33b8e4/MiniRaftClusterWithNettye7083e71/s9/67453e16-d74b-46e5-a424-44f04d6af308
2023-03-07 04:41:14,508 INFO  server.RaftServerConfigKeys (ConfUtils.java:logGet(46)) - raft.server.log.queue.byte-limit = 64MB (=67108864) (default)
2023-03-07 04:41:14,508 INFO  server.RaftServerConfigKeys (ConfUtils.java:logGet(46)) - raft.server.log.queue.element-limit = 4096 (default)
2023-03-07 04:41:14,508 INFO  server.RaftServerConfigKeys (ConfUtils.java:logGet(46)) - raft.server.log.segment.size.max = 8MB (=8388608) (default)
2023-03-07 04:41:14,508 INFO  server.RaftServerConfigKeys (ConfUtils.java:logGet(46)) - raft.server.log.preallocated.size = 4MB (=4194304) (default)
2023-03-07 04:41:14,508 INFO  server.RaftServerConfigKeys (ConfUtils.java:logGet(46)) - raft.server.log.force.sync.num = 128 (default)
2023-03-07 04:41:14,509 INFO  server.RaftServerConfigKeys (ConfUtils.java:logGet(46)) - raft.server.log.statemachine.data.sync = true (default)
2023-03-07 04:41:14,509 INFO  server.RaftServerConfigKeys (ConfUtils.java:logGet(46)) - raft.server.log.statemachine.data.sync.timeout = 10s (default)
2023-03-07 04:41:14,509 INFO  server.RaftServerConfigKeys (ConfUtils.java:logGet(46)) - raft.server.log.statemachine.data.sync.timeout.retry = -1 (default)
2023-03-07 04:41:14,509 INFO  server.RaftServerConfigKeys (ConfUtils.java:logGet(46)) - raft.server.log.write.buffer.size = 64KB (=65536) (default)
2023-03-07 04:41:14,509 INFO  server.RaftServerConfigKeys (ConfUtils.java:logGet(46)) - raft.server.log.appender.buffer.byte-limit = 4MB (=4194304) (default)
2023-03-07 04:41:14,510 INFO  server.RaftServerConfigKeys (ConfUtils.java:logGet(46)) - raft.server.log.unsafe-flush.enabled = false (default)
2023-03-07 04:41:14,510 INFO  server.RaftServerConfigKeys (ConfUtils.java:logGet(46)) - raft.server.log.async-flush.enabled = false (default)
2023-03-07 04:41:14,511 INFO  server.RaftServerConfigKeys (ConfUtils.java:logGet(46)) - raft.server.log.statemachine.data.caching.enabled = false (default)
2023-03-07 04:41:14,511 INFO  segmented.SegmentedRaftLogWorker (SegmentedRaftLogWorker.java:lambda$new$0(134)) - s9@group-44F04D6AF308-SegmentedRaftLogWorker: flushIndex: setUnconditionally 0 -> -1
2023-03-07 04:41:14,516 INFO  segmented.SegmentedRaftLogWorker (SegmentedRaftLogWorker.java:lambda$new$0(134)) - s9@group-44F04D6AF308-SegmentedRaftLogWorker: safeCacheEvictIndex: setUnconditionally 0 -> -1
2023-03-07 04:41:14,516 INFO  server.RaftServer$Division (RaftServerImpl.java:start(342)) - s9@group-44F04D6AF308: start as a follower, conf=-1: peers:[s7|rpc:0.0.0.0:36409|dataStream:|priority:0|startupRole:FOLLOWER, s8|rpc:0.0.0.0:41505|dataStream:|priority:0|startupRole:FOLLOWER, s9|rpc:0.0.0.0:34365|dataStream:|priority:0|startupRole:FOLLOWER]|listeners:[], old=null
2023-03-07 04:41:14,516 INFO  server.RaftServer$Division (RaftServerImpl.java:setRole(329)) - s9@group-44F04D6AF308: changes role from      null to FOLLOWER at term 0 for startAsFollower
2023-03-07 04:41:14,516 INFO  impl.RoleInfo (RoleInfo.java:updateAndGet(139)) - s9: start s9@group-44F04D6AF308-FollowerState
2023-03-07 04:41:14,516 INFO  util.JmxRegister (JmxRegister.java:tryRegister(44)) - Successfully registered JMX Bean with object name Ratis:service=RaftServer,group=group-44F04D6AF308,id=s9
2023-03-07 04:41:14,516 INFO  server.RaftServerConfigKeys (ConfUtils.java:logGet(46)) - raft.server.snapshot.auto.trigger.enabled = false (default)
2023-03-07 04:41:14,516 INFO  server.RaftServerConfigKeys (ConfUtils.java:logGet(46)) - raft.server.snapshot.retention.file.num = -1 (default)
2023-03-07 04:41:14,516 INFO  server.RaftServerConfigKeys (ConfUtils.java:logGet(46)) - raft.server.log.purge.upto.snapshot.index = false (default)
2023-03-07 04:41:14,517 INFO  server.RaftServerConfigKeys (ConfUtils.java:logFallback(53)) - raft.server.rpc.first-election.timeout.min = 300ms (fallback to raft.server.rpc.timeout.min)
2023-03-07 04:41:14,517 INFO  server.RaftServerConfigKeys (ConfUtils.java:logFallback(53)) - raft.server.rpc.first-election.timeout.max = 600ms (fallback to raft.server.rpc.timeout.max)
2023-03-07 04:41:14,528 INFO  server.RaftServerConfigKeys (ConfUtils.java:logGet(46)) - raft.server.rpc.timeout.max = 600ms (custom)
2023-03-07 04:41:14,528 INFO  ratis.RaftTestUtil (RaftTestUtil.java:waitForLeader(100)) - printing group-44F04D6AF308
  s7:  RUNNING [
   FOLLOWER s7@group-44F04D6AF308:t0, leader=null, voted=, raftlog=Memoized:s7@group-44F04D6AF308-SegmentedRaftLog:OPENED:c-1, conf=-1: peers:[s7|rpc:0.0.0.0:36409|dataStream:|priority:0|startupRole:FOLLOWER, s8|rpc:0.0.0.0:41505|dataStream:|priority:0|startupRole:FOLLOWER, s9|rpc:0.0.0.0:34365|dataStream:|priority:0|startupRole:FOLLOWER]|listeners:[], old=null RUNNING
   FOLLOWER s7@group-FAA53D5BC7BE:t0, leader=null, voted=, raftlog=Memoized:s7@group-FAA53D5BC7BE-SegmentedRaftLog:OPENED:c-1, conf=-1: peers:[]|listeners:[], old=null STARTING] size=2
  s8:  RUNNING [
   FOLLOWER s8@group-44F04D6AF308:t0, leader=null, voted=, raftlog=Memoized:s8@group-44F04D6AF308-SegmentedRaftLog:OPENED:c-1, conf=-1: peers:[s7|rpc:0.0.0.0:36409|dataStream:|priority:0|startupRole:FOLLOWER, s8|rpc:0.0.0.0:41505|dataStream:|priority:0|startupRole:FOLLOWER, s9|rpc:0.0.0.0:34365|dataStream:|priority:0|startupRole:FOLLOWER]|listeners:[], old=null RUNNING
   FOLLOWER s8@group-FAA53D5BC7BE:t0, leader=null, voted=, raftlog=Memoized:s8@group-FAA53D5BC7BE-SegmentedRaftLog:OPENED:c-1, conf=-1: peers:[]|listeners:[], old=null STARTING] size=2
  s9:  RUNNING [
   FOLLOWER s9@group-44F04D6AF308:t0, leader=null, voted=, raftlog=Memoized:s9@group-44F04D6AF308-SegmentedRaftLog:OPENED:c-1, conf=-1: peers:[s7|rpc:0.0.0.0:36409|dataStream:|priority:0|startupRole:FOLLOWER, s8|rpc:0.0.0.0:41505|dataStream:|priority:0|startupRole:FOLLOWER, s9|rpc:0.0.0.0:34365|dataStream:|priority:0|startupRole:FOLLOWER]|listeners:[], old=null RUNNING
   FOLLOWER s9@group-FAA53D5BC7BE:t0, leader=null, voted=, raftlog=Memoized:s9@group-FAA53D5BC7BE-SegmentedRaftLog:OPENED:c-1, conf=-1: peers:[]|listeners:[], old=null STARTING] size=2
2023-03-07 04:41:14,528 WARN  ratis.RaftTestUtil (JavaUtils.java:attempt(217)) - FAILED "waitForLeader-group-44F04D6AF308-(expectLeader? true)", attempt #1/100: java.lang.IllegalStateException: No leader yet  for group-44F04D6AF308: printing group-44F04D6AF308
  s7:  RUNNING [
   FOLLOWER s7@group-44F04D6AF308:t0, leader=null, voted=, raftlog=Memoized:s7@group-44F04D6AF308-SegmentedRaftLog:OPENED:c-1, conf=-1: peers:[s7|rpc:0.0.0.0:36409|dataStream:|priority:0|startupRole:FOLLOWER, s8|rpc:0.0.0.0:41505|dataStream:|priority:0|startupRole:FOLLOWER, s9|rpc:0.0.0.0:34365|dataStream:|priority:0|startupRole:FOLLOWER]|listeners:[], old=null RUNNING
   FOLLOWER s7@group-FAA53D5BC7BE:t0, leader=null, voted=, raftlog=Memoized:s7@group-FAA53D5BC7BE-SegmentedRaftLog:OPENED:c-1, conf=-1: peers:[]|listeners:[], old=null STARTING] size=2
  s8:  RUNNING [
   FOLLOWER s8@group-44F04D6AF308:t0, leader=null, voted=, raftlog=Memoized:s8@group-44F04D6AF308-SegmentedRaftLog:OPENED:c-1, conf=-1: peers:[s7|rpc:0.0.0.0:36409|dataStream:|priority:0|startupRole:FOLLOWER, s8|rpc:0.0.0.0:41505|dataStream:|priority:0|startupRole:FOLLOWER, s9|rpc:0.0.0.0:34365|dataStream:|priority:0|startupRole:FOLLOWER]|listeners:[], old=null RUNNING
   FOLLOWER s8@group-FAA53D5BC7BE:t0, leader=null, voted=, raftlog=Memoized:s8@group-FAA53D5BC7BE-SegmentedRaftLog:OPENED:c-1, conf=-1: peers:[]|listeners:[], old=null STARTING] size=2
  s9:  RUNNING [
   FOLLOWER s9@group-44F04D6AF308:t0, leader=null, voted=, raftlog=Memoized:s9@group-44F04D6AF308-SegmentedRaftLog:OPENED:c-1, conf=-1: peers:[s7|rpc:0.0.0.0:36409|dataStream:|priority:0|startupRole:FOLLOWER, s8|rpc:0.0.0.0:41505|dataStream:|priority:0|startupRole:FOLLOWER, s9|rpc:0.0.0.0:34365|dataStream:|priority:0|startupRole:FOLLOWER]|listeners:[], old=null RUNNING
   FOLLOWER s9@group-FAA53D5BC7BE:t0, leader=null, voted=, raftlog=Memoized:s9@group-FAA53D5BC7BE-SegmentedRaftLog:OPENED:c-1, conf=-1: peers:[]|listeners:[], old=null STARTING] size=2, sleep 900ms and then retry.
java.lang.IllegalStateException: No leader yet  for group-44F04D6AF308: printing group-44F04D6AF308
  s7:  RUNNING [
   FOLLOWER s7@group-44F04D6AF308:t0, leader=null, voted=, raftlog=Memoized:s7@group-44F04D6AF308-SegmentedRaftLog:OPENED:c-1, conf=-1: peers:[s7|rpc:0.0.0.0:36409|dataStream:|priority:0|startupRole:FOLLOWER, s8|rpc:0.0.0.0:41505|dataStream:|priority:0|startupRole:FOLLOWER, s9|rpc:0.0.0.0:34365|dataStream:|priority:0|startupRole:FOLLOWER]|listeners:[], old=null RUNNING
   FOLLOWER s7@group-FAA53D5BC7BE:t0, leader=null, voted=, raftlog=Memoized:s7@group-FAA53D5BC7BE-SegmentedRaftLog:OPENED:c-1, conf=-1: peers:[]|listeners:[], old=null STARTING] size=2
  s8:  RUNNING [
   FOLLOWER s8@group-44F04D6AF308:t0, leader=null, voted=, raftlog=Memoized:s8@group-44F04D6AF308-SegmentedRaftLog:OPENED:c-1, conf=-1: peers:[s7|rpc:0.0.0.0:36409|dataStream:|priority:0|startupRole:FOLLOWER, s8|rpc:0.0.0.0:41505|dataStream:|priority:0|startupRole:FOLLOWER, s9|rpc:0.0.0.0:34365|dataStream:|priority:0|startupRole:FOLLOWER]|listeners:[], old=null RUNNING
   FOLLOWER s8@group-FAA53D5BC7BE:t0, leader=null, voted=, raftlog=Memoized:s8@group-FAA53D5BC7BE-SegmentedRaftLog:OPENED:c-1, conf=-1: peers:[]|listeners:[], old=null STARTING] size=2
  s9:  RUNNING [
   FOLLOWER s9@group-44F04D6AF308:t0, leader=null, voted=, raftlog=Memoized:s9@group-44F04D6AF308-SegmentedRaftLog:OPENED:c-1, conf=-1: peers:[s7|rpc:0.0.0.0:36409|dataStream:|priority:0|startupRole:FOLLOWER, s8|rpc:0.0.0.0:41505|dataStream:|priority:0|startupRole:FOLLOWER, s9|rpc:0.0.0.0:34365|dataStream:|priority:0|startupRole:FOLLOWER]|listeners:[], old=null RUNNING
   FOLLOWER s9@group-FAA53D5BC7BE:t0, leader=null, voted=, raftlog=Memoized:s9@group-FAA53D5BC7BE-SegmentedRaftLog:OPENED:c-1, conf=-1: peers:[]|listeners:[], old=null STARTING] size=2
	at org.apache.ratis.server.impl.MiniRaftCluster.newIllegalStateExceptionForNoLeaders(MiniRaftCluster.java:581)
	at org.apache.ratis.RaftTestUtil.lambda$waitForLeader$1(RaftTestUtil.java:104)
	at org.apache.ratis.server.impl.MiniRaftCluster.getLeader(MiniRaftCluster.java:615)
	at org.apache.ratis.server.impl.MiniRaftCluster.getLeader(MiniRaftCluster.java:608)
	at org.apache.ratis.RaftTestUtil.lambda$waitForLeader$3(RaftTestUtil.java:112)
	at org.apache.ratis.util.JavaUtils.attempt(JavaUtils.java:211)
	at org.apache.ratis.util.JavaUtils.attemptRepeatedly(JavaUtils.java:197)
	at org.apache.ratis.RaftTestUtil.waitForLeader(RaftTestUtil.java:111)
	at org.apache.ratis.RaftTestUtil.waitForLeader(RaftTestUtil.java:92)
	at org.apache.ratis.server.impl.GroupManagementBaseTest.runMultiGroupTest(GroupManagementBaseTest.java:287)
	at org.apache.ratis.TestMultiRaftGroup.runTestMultiRaftGroup(TestMultiRaftGroup.java:73)
	at org.apache.ratis.TestMultiRaftGroup.runTestMultiRaftGroup(TestMultiRaftGroup.java:59)
	at org.apache.ratis.TestMultiRaftGroup.testMultiRaftGroup(TestMultiRaftGroup.java:55)
	at java.base/jdk.internal.reflect.NativeMethodAccessorImpl.invoke0(Native Method)
	at java.base/jdk.internal.reflect.NativeMethodAccessorImpl.invoke(NativeMethodAccessorImpl.java:62)
	at java.base/jdk.internal.reflect.DelegatingMethodAccessorImpl.invoke(DelegatingMethodAccessorImpl.java:43)
	at java.base/java.lang.reflect.Method.invoke(Method.java:566)
	at org.junit.runners.model.FrameworkMethod$1.runReflectiveCall(FrameworkMethod.java:59)
	at org.junit.internal.runners.model.ReflectiveCallable.run(ReflectiveCallable.java:12)
	at org.junit.runners.model.FrameworkMethod.invokeExplosively(FrameworkMethod.java:56)
	at org.junit.internal.runners.statements.InvokeMethod.evaluate(InvokeMethod.java:17)
	at org.junit.internal.runners.statements.RunAfters.evaluate(RunAfters.java:27)
	at org.junit.internal.runners.statements.FailOnTimeout$CallableStatement.call(FailOnTimeout.java:299)
	at org.junit.internal.runners.statements.FailOnTimeout$CallableStatement.call(FailOnTimeout.java:293)
	at java.base/java.util.concurrent.FutureTask.run(FutureTask.java:264)
	at java.base/java.lang.Thread.run(Thread.java:829)
2023-03-07 04:41:14,839 INFO  impl.FollowerState (FollowerState.java:run(143)) - s7@group-44F04D6AF308-FollowerState: change to CANDIDATE, lastRpcElapsedTime:405707405ns, electionTimeout:400ms
2023-03-07 04:41:14,839 INFO  impl.RoleInfo (RoleInfo.java:shutdownFollowerState(110)) - s7: shutdown s7@group-44F04D6AF308-FollowerState
2023-03-07 04:41:14,839 INFO  server.RaftServer$Division (RaftServerImpl.java:setRole(329)) - s7@group-44F04D6AF308: changes role from  FOLLOWER to CANDIDATE at term 0 for changeToCandidate
2023-03-07 04:41:14,839 INFO  server.RaftServerConfigKeys (ConfUtils.java:logGet(46)) - raft.server.leaderelection.pre-vote = true (default)
2023-03-07 04:41:14,839 INFO  impl.RoleInfo (RoleInfo.java:updateAndGet(139)) - s7: start s7@group-44F04D6AF308-LeaderElection16
2023-03-07 04:41:14,839 INFO  impl.LeaderElection (LeaderElection.java:askForVotes(309)) - s7@group-44F04D6AF308-LeaderElection16 PRE_VOTE round 0: submit vote requests at term 0 for -1: peers:[s7|rpc:0.0.0.0:36409|dataStream:|priority:0|startupRole:FOLLOWER, s8|rpc:0.0.0.0:41505|dataStream:|priority:0|startupRole:FOLLOWER, s9|rpc:0.0.0.0:34365|dataStream:|priority:0|startupRole:FOLLOWER]|listeners:[], old=null
2023-03-07 04:41:14,840 INFO  server.RaftServerConfigKeys (ConfUtils.java:logFallback(53)) - raft.server.rpc.first-election.timeout.min = 300ms (fallback to raft.server.rpc.timeout.min)
2023-03-07 04:41:14,840 INFO  server.RaftServerConfigKeys (ConfUtils.java:logFallback(53)) - raft.server.rpc.first-election.timeout.max = 600ms (fallback to raft.server.rpc.timeout.max)
2023-03-07 04:41:14,841 INFO  logging.LoggingHandler (AbstractInternalLogger.java:log(148)) - [id: 0xe229bbe1, L:/0.0.0.0:41505] READ: [id: 0xeaf1fbc3, L:/10.1.0.7:41505 - R:/10.1.0.7:43132]
2023-03-07 04:41:14,843 INFO  logging.LoggingHandler (AbstractInternalLogger.java:log(148)) - [id: 0xe229bbe1, L:/0.0.0.0:41505] READ COMPLETE
2023-03-07 04:41:14,843 INFO  logging.LoggingHandler (AbstractInternalLogger.java:log(148)) - [id: 0xe59a881d, L:/0.0.0.0:34365] READ: [id: 0x4f15acec, L:/10.1.0.7:34365 - R:/10.1.0.7:39868]
2023-03-07 04:41:14,844 INFO  server.RaftServer$Division (RaftServerImpl.java:requestVote(1302)) - s8@group-44F04D6AF308: receive requestVote(PRE_VOTE, s7, group-44F04D6AF308, 0, (t:0, i:0))
2023-03-07 04:41:14,844 INFO  logging.LoggingHandler (AbstractInternalLogger.java:log(148)) - [id: 0xe59a881d, L:/0.0.0.0:34365] READ COMPLETE
2023-03-07 04:41:14,845 INFO  impl.VoteContext (VoteContext.java:log(49)) - s8@group-44F04D6AF308-FOLLOWER: accept PRE_VOTE from s7: our priority 0 <= candidate's priority 0
2023-03-07 04:41:14,845 INFO  server.RaftServer$Division (RaftServerImpl.java:requestVote(1335)) - s8@group-44F04D6AF308 replies to PRE_VOTE vote request: s7<-s8#0:OK-t0. Peer's state: s8@group-44F04D6AF308:t0, leader=null, voted=, raftlog=Memoized:s8@group-44F04D6AF308-SegmentedRaftLog:OPENED:c-1, conf=-1: peers:[s7|rpc:0.0.0.0:36409|dataStream:|priority:0|startupRole:FOLLOWER, s8|rpc:0.0.0.0:41505|dataStream:|priority:0|startupRole:FOLLOWER, s9|rpc:0.0.0.0:34365|dataStream:|priority:0|startupRole:FOLLOWER]|listeners:[], old=null
2023-03-07 04:41:14,846 INFO  impl.LeaderElection (LeaderElection.java:logAndReturn(89)) - s7@group-44F04D6AF308-LeaderElection16: PRE_VOTE PASSED received 1 response(s) and 0 exception(s):
2023-03-07 04:41:14,846 INFO  impl.LeaderElection (LeaderElection.java:logAndReturn(93)) -   Response 0: s7<-s8#0:OK-t0
2023-03-07 04:41:14,846 INFO  impl.LeaderElection (LeaderElection.java:askForVotes(311)) - s7@group-44F04D6AF308-LeaderElection16 PRE_VOTE round 0: result PASSED
2023-03-07 04:41:14,847 INFO  impl.LeaderElection (LeaderElection.java:askForVotes(309)) - s7@group-44F04D6AF308-LeaderElection16 ELECTION round 0: submit vote requests at term 1 for -1: peers:[s7|rpc:0.0.0.0:36409|dataStream:|priority:0|startupRole:FOLLOWER, s8|rpc:0.0.0.0:41505|dataStream:|priority:0|startupRole:FOLLOWER, s9|rpc:0.0.0.0:34365|dataStream:|priority:0|startupRole:FOLLOWER]|listeners:[], old=null
2023-03-07 04:41:14,848 INFO  server.RaftServer$Division (RaftServerImpl.java:requestVote(1302)) - s9@group-44F04D6AF308: receive requestVote(PRE_VOTE, s7, group-44F04D6AF308, 0, (t:0, i:0))
2023-03-07 04:41:14,848 INFO  impl.VoteContext (VoteContext.java:log(49)) - s9@group-44F04D6AF308-FOLLOWER: accept PRE_VOTE from s7: our priority 0 <= candidate's priority 0
2023-03-07 04:41:14,848 INFO  server.RaftServer$Division (RaftServerImpl.java:requestVote(1335)) - s9@group-44F04D6AF308 replies to PRE_VOTE vote request: s7<-s9#0:OK-t0. Peer's state: s9@group-44F04D6AF308:t0, leader=null, voted=, raftlog=Memoized:s9@group-44F04D6AF308-SegmentedRaftLog:OPENED:c-1, conf=-1: peers:[s7|rpc:0.0.0.0:36409|dataStream:|priority:0|startupRole:FOLLOWER, s8|rpc:0.0.0.0:41505|dataStream:|priority:0|startupRole:FOLLOWER, s9|rpc:0.0.0.0:34365|dataStream:|priority:0|startupRole:FOLLOWER]|listeners:[], old=null
2023-03-07 04:41:14,849 INFO  server.RaftServerConfigKeys (ConfUtils.java:logFallback(53)) - raft.server.rpc.first-election.timeout.min = 300ms (fallback to raft.server.rpc.timeout.min)
2023-03-07 04:41:14,849 INFO  server.RaftServerConfigKeys (ConfUtils.java:logFallback(53)) - raft.server.rpc.first-election.timeout.max = 600ms (fallback to raft.server.rpc.timeout.max)
2023-03-07 04:41:14,849 INFO  server.RaftServer$Division (RaftServerImpl.java:requestVote(1302)) - s8@group-44F04D6AF308: receive requestVote(ELECTION, s7, group-44F04D6AF308, 1, (t:0, i:0))
2023-03-07 04:41:14,850 INFO  impl.VoteContext (VoteContext.java:log(49)) - s8@group-44F04D6AF308-FOLLOWER: accept ELECTION from s7: our priority 0 <= candidate's priority 0
2023-03-07 04:41:14,850 INFO  server.RaftServer$Division (RaftServerImpl.java:setRole(329)) - s8@group-44F04D6AF308: changes role from  FOLLOWER to FOLLOWER at term 1 for candidate:s7
2023-03-07 04:41:14,850 INFO  impl.RoleInfo (RoleInfo.java:shutdownFollowerState(110)) - s8: shutdown s8@group-44F04D6AF308-FollowerState
2023-03-07 04:41:14,850 INFO  server.RaftServer$Division (RaftServerImpl.java:requestVote(1302)) - s9@group-44F04D6AF308: receive requestVote(ELECTION, s7, group-44F04D6AF308, 1, (t:0, i:0))
2023-03-07 04:41:14,850 INFO  impl.FollowerState (FollowerState.java:run(152)) - s8@group-44F04D6AF308-FollowerState was interrupted
2023-03-07 04:41:14,850 INFO  impl.VoteContext (VoteContext.java:log(49)) - s9@group-44F04D6AF308-FOLLOWER: accept ELECTION from s7: our priority 0 <= candidate's priority 0
2023-03-07 04:41:14,850 INFO  server.RaftServer$Division (RaftServerImpl.java:setRole(329)) - s9@group-44F04D6AF308: changes role from  FOLLOWER to FOLLOWER at term 1 for candidate:s7
2023-03-07 04:41:14,850 INFO  impl.RoleInfo (RoleInfo.java:updateAndGet(139)) - s8: start s8@group-44F04D6AF308-FollowerState
2023-03-07 04:41:14,850 INFO  impl.RoleInfo (RoleInfo.java:shutdownFollowerState(110)) - s9: shutdown s9@group-44F04D6AF308-FollowerState
2023-03-07 04:41:14,850 INFO  impl.RoleInfo (RoleInfo.java:updateAndGet(139)) - s9: start s9@group-44F04D6AF308-FollowerState
2023-03-07 04:41:14,850 INFO  impl.FollowerState (FollowerState.java:run(152)) - s9@group-44F04D6AF308-FollowerState was interrupted
2023-03-07 04:41:14,850 INFO  server.RaftServerConfigKeys (ConfUtils.java:logFallback(53)) - raft.server.rpc.first-election.timeout.min = 300ms (fallback to raft.server.rpc.timeout.min)
2023-03-07 04:41:14,851 INFO  server.RaftServer$Division (RaftServerImpl.java:requestVote(1335)) - s8@group-44F04D6AF308 replies to ELECTION vote request: s7<-s8#0:OK-t1. Peer's state: s8@group-44F04D6AF308:t1, leader=null, voted=s7, raftlog=Memoized:s8@group-44F04D6AF308-SegmentedRaftLog:OPENED:c-1, conf=-1: peers:[s7|rpc:0.0.0.0:36409|dataStream:|priority:0|startupRole:FOLLOWER, s8|rpc:0.0.0.0:41505|dataStream:|priority:0|startupRole:FOLLOWER, s9|rpc:0.0.0.0:34365|dataStream:|priority:0|startupRole:FOLLOWER]|listeners:[], old=null
2023-03-07 04:41:14,852 INFO  server.RaftServerConfigKeys (ConfUtils.java:logFallback(53)) - raft.server.rpc.first-election.timeout.max = 600ms (fallback to raft.server.rpc.timeout.max)
2023-03-07 04:41:14,852 INFO  impl.LeaderElection (LeaderElection.java:logAndReturn(89)) - s7@group-44F04D6AF308-LeaderElection16: ELECTION PASSED received 1 response(s) and 0 exception(s):
2023-03-07 04:41:14,852 INFO  impl.LeaderElection (LeaderElection.java:logAndReturn(93)) -   Response 0: s7<-s8#0:OK-t1
2023-03-07 04:41:14,852 INFO  impl.LeaderElection (LeaderElection.java:askForVotes(311)) - s7@group-44F04D6AF308-LeaderElection16 ELECTION round 0: result PASSED
2023-03-07 04:41:14,852 INFO  impl.RoleInfo (RoleInfo.java:shutdownLeaderElection(130)) - s7: shutdown s7@group-44F04D6AF308-LeaderElection16
2023-03-07 04:41:14,852 INFO  server.RaftServerConfigKeys (ConfUtils.java:logFallback(53)) - raft.server.rpc.first-election.timeout.min = 300ms (fallback to raft.server.rpc.timeout.min)
2023-03-07 04:41:14,852 INFO  server.RaftServer$Division (RaftServerImpl.java:setRole(329)) - s7@group-44F04D6AF308: changes role from CANDIDATE to LEADER at term 1 for changeToLeader
2023-03-07 04:41:14,852 INFO  server.RaftServer$Division (ServerState.java:setLeader(260)) - s7@group-44F04D6AF308: change Leader from null to s7 at term 1 for becomeLeader, leader elected after 448ms
2023-03-07 04:41:14,852 INFO  server.RaftServerConfigKeys (ConfUtils.java:logGet(46)) - raft.server.staging.catchup.gap = 1000 (default)
2023-03-07 04:41:14,862 INFO  server.RaftServerConfigKeys (ConfUtils.java:logGet(46)) - raft.server.write.element-limit = 4096 (default)
2023-03-07 04:41:14,862 INFO  server.RaftServerConfigKeys (ConfUtils.java:logGet(46)) - raft.server.write.byte-limit = 64MB (=67108864) (default)
2023-03-07 04:41:14,863 INFO  server.RaftServerConfigKeys (ConfUtils.java:logFallback(53)) - raft.server.rpc.first-election.timeout.max = 600ms (fallback to raft.server.rpc.timeout.max)
2023-03-07 04:41:14,863 INFO  server.RaftServerConfigKeys (ConfUtils.java:logGet(46)) - raft.server.watch.timeout = 10s (default)
2023-03-07 04:41:14,863 INFO  server.RaftServerConfigKeys (ConfUtils.java:logGet(46)) - raft.server.watch.timeout.denomination = 1s (default)
2023-03-07 04:41:14,863 INFO  server.RaftServerConfigKeys (ConfUtils.java:logGet(46)) - raft.server.watch.element-limit = 65536 (default)
2023-03-07 04:41:14,863 INFO  server.RaftServerConfigKeys (ConfUtils.java:logGet(46)) - raft.server.write.element-limit = 4096 (default)
2023-03-07 04:41:14,863 INFO  server.RaftServerConfigKeys (ConfUtils.java:logGet(46)) - raft.server.write.follower.gap.ratio.max = -1.0 (default)
2023-03-07 04:41:14,863 INFO  server.RaftServerConfigKeys (ConfUtils.java:logGet(46)) - raft.server.log.appender.snapshot.chunk.size.max = 16MB (=16777216) (default)
2023-03-07 04:41:14,863 INFO  server.RaftServerConfigKeys (ConfUtils.java:logGet(46)) - raft.server.log.appender.buffer.byte-limit = 4MB (=4194304) (default)
2023-03-07 04:41:14,863 INFO  server.RaftServerConfigKeys (ConfUtils.java:logGet(46)) - raft.server.log.appender.buffer.element-limit = 0 (default)
2023-03-07 04:41:14,863 INFO  server.RaftServerConfigKeys (ConfUtils.java:logGet(46)) - raft.server.log.appender.wait-time.min = 10ms (default)
2023-03-07 04:41:14,863 INFO  server.RaftServerConfigKeys (ConfUtils.java:logGet(46)) - raft.server.log.appender.snapshot.chunk.size.max = 16MB (=16777216) (default)
2023-03-07 04:41:14,863 INFO  server.RaftServerConfigKeys (ConfUtils.java:logGet(46)) - raft.server.log.appender.buffer.byte-limit = 4MB (=4194304) (default)
2023-03-07 04:41:14,863 INFO  server.RaftServerConfigKeys (ConfUtils.java:logGet(46)) - raft.server.log.appender.buffer.element-limit = 0 (default)
2023-03-07 04:41:14,863 INFO  server.RaftServerConfigKeys (ConfUtils.java:logGet(46)) - raft.server.log.appender.wait-time.min = 10ms (default)
2023-03-07 04:41:14,864 INFO  impl.RoleInfo (RoleInfo.java:updateAndGet(139)) - s7: start s7@group-44F04D6AF308-LeaderStateImpl
2023-03-07 04:41:14,864 INFO  server.RaftServer$Division (RaftServerImpl.java:requestVote(1335)) - s9@group-44F04D6AF308 replies to ELECTION vote request: s7<-s9#0:OK-t1. Peer's state: s9@group-44F04D6AF308:t1, leader=null, voted=s7, raftlog=Memoized:s9@group-44F04D6AF308-SegmentedRaftLog:OPENED:c-1, conf=-1: peers:[s7|rpc:0.0.0.0:36409|dataStream:|priority:0|startupRole:FOLLOWER, s8|rpc:0.0.0.0:41505|dataStream:|priority:0|startupRole:FOLLOWER, s9|rpc:0.0.0.0:34365|dataStream:|priority:0|startupRole:FOLLOWER]|listeners:[], old=null
2023-03-07 04:41:14,864 INFO  segmented.SegmentedRaftLogWorker (SegmentedRaftLogWorker.java:startLogSegment(426)) - s7@group-44F04D6AF308-SegmentedRaftLogWorker: Starting segment from index:0
2023-03-07 04:41:14,868 INFO  server.RaftServer$Division (ServerState.java:setLeader(260)) - s8@group-44F04D6AF308: change Leader from null to s7 at term 1 for appendEntries, leader elected after 412ms
2023-03-07 04:41:14,868 INFO  server.RaftServer$Division (ServerState.java:setRaftConf(378)) - s7@group-44F04D6AF308: set configuration 0: peers:[s7|rpc:0.0.0.0:36409|dataStream:|priority:0|startupRole:FOLLOWER, s8|rpc:0.0.0.0:41505|dataStream:|priority:0|startupRole:FOLLOWER, s9|rpc:0.0.0.0:34365|dataStream:|priority:0|startupRole:FOLLOWER]|listeners:[], old=null
2023-03-07 04:41:14,869 INFO  server.RaftServer$Division (ServerState.java:setLeader(260)) - s9@group-44F04D6AF308: change Leader from null to s7 at term 1 for appendEntries, leader elected after 371ms
2023-03-07 04:41:14,870 DEBUG server.RaftServer$Division (RaftServerImpl.java:logAppendEntries(1429)) - s8@group-44F04D6AF308: receive appendEntries(s7, 1, null, -1, true, commits:[s7:c-1, s8:c-1, s9:c-1], cId:6276, entries: [(t:1, i:0), CONFIGURATIONENTRY(current:id: "s7"
address: "0.0.0.0:36409"
clientAddress: "0.0.0.0:36409"
adminAddress: "0.0.0.0:36409"
startupRole: FOLLOWER
,id: "s8"
address: "0.0.0.0:41505"
clientAddress: "0.0.0.0:41505"
adminAddress: "0.0.0.0:41505"
startupRole: FOLLOWER
,id: "s9"
address: "0.0.0.0:34365"
clientAddress: "0.0.0.0:34365"
adminAddress: "0.0.0.0:34365"
startupRole: FOLLOWER
, old:)]
2023-03-07 04:41:14,870 DEBUG server.RaftServer$Division (RaftServerImpl.java:logAppendEntries(1429)) - s9@group-44F04D6AF308: receive appendEntries(s7, 1, null, -1, true, commits:[s7:c-1, s8:c-1, s9:c-1], cId:6277, entries: [(t:1, i:0), CONFIGURATIONENTRY(current:id: "s7"
address: "0.0.0.0:36409"
clientAddress: "0.0.0.0:36409"
adminAddress: "0.0.0.0:36409"
startupRole: FOLLOWER
,id: "s8"
address: "0.0.0.0:41505"
clientAddress: "0.0.0.0:41505"
adminAddress: "0.0.0.0:41505"
startupRole: FOLLOWER
,id: "s9"
address: "0.0.0.0:34365"
clientAddress: "0.0.0.0:34365"
adminAddress: "0.0.0.0:34365"
startupRole: FOLLOWER
, old:)]
2023-03-07 04:41:14,870 INFO  server.RaftServer$Division (ServerState.java:setRaftConf(378)) - s8@group-44F04D6AF308: set configuration 0: peers:[s7|rpc:0.0.0.0:36409|dataStream:|priority:0|startupRole:FOLLOWER, s8|rpc:0.0.0.0:41505|dataStream:|priority:0|startupRole:FOLLOWER, s9|rpc:0.0.0.0:34365|dataStream:|priority:0|startupRole:FOLLOWER]|listeners:[], old=null
2023-03-07 04:41:14,870 INFO  segmented.SegmentedRaftLogWorker (SegmentedRaftLogWorker.java:startLogSegment(426)) - s8@group-44F04D6AF308-SegmentedRaftLogWorker: Starting segment from index:0
2023-03-07 04:41:14,870 INFO  server.RaftServer$Division (ServerState.java:setRaftConf(378)) - s9@group-44F04D6AF308: set configuration 0: peers:[s7|rpc:0.0.0.0:36409|dataStream:|priority:0|startupRole:FOLLOWER, s8|rpc:0.0.0.0:41505|dataStream:|priority:0|startupRole:FOLLOWER, s9|rpc:0.0.0.0:34365|dataStream:|priority:0|startupRole:FOLLOWER]|listeners:[], old=null
2023-03-07 04:41:14,870 INFO  segmented.SegmentedRaftLogWorker (SegmentedRaftLogWorker.java:startLogSegment(426)) - s9@group-44F04D6AF308-SegmentedRaftLogWorker: Starting segment from index:0
2023-03-07 04:41:14,873 INFO  segmented.SegmentedRaftLogWorker (SegmentedRaftLogWorker.java:execute(630)) - s7@group-44F04D6AF308-SegmentedRaftLogWorker: created new log segment /home/runner/work/ratis/ratis/ratis-examples/target/test/data/fa33b8e4/MiniRaftClusterWithNettye7083e71/s7/67453e16-d74b-46e5-a424-44f04d6af308/current/log_inprogress_0
2023-03-07 04:41:14,883 INFO  segmented.SegmentedRaftLogWorker (SegmentedRaftLogWorker.java:execute(630)) - s8@group-44F04D6AF308-SegmentedRaftLogWorker: created new log segment /home/runner/work/ratis/ratis/ratis-examples/target/test/data/fa33b8e4/MiniRaftClusterWithNettye7083e71/s8/67453e16-d74b-46e5-a424-44f04d6af308/current/log_inprogress_0
2023-03-07 04:41:14,883 INFO  segmented.SegmentedRaftLogWorker (SegmentedRaftLogWorker.java:execute(630)) - s9@group-44F04D6AF308-SegmentedRaftLogWorker: created new log segment /home/runner/work/ratis/ratis/ratis-examples/target/test/data/fa33b8e4/MiniRaftClusterWithNettye7083e71/s9/67453e16-d74b-46e5-a424-44f04d6af308/current/log_inprogress_0
2023-03-07 04:41:14,883 DEBUG server.RaftServer$Division (RaftServerImpl.java:logAppendEntries(1429)) - s8@group-44F04D6AF308: succeeded to handle AppendEntries. Reply: s7<-s8#6276:OK-t1,SUCCESS,nextIndex=1,followerCommit=-1,matchIndex=0
2023-03-07 04:41:14,884 DEBUG server.RaftServer$Division (RaftServerImpl.java:logAppendEntries(1429)) - s9@group-44F04D6AF308: succeeded to handle AppendEntries. Reply: s7<-s9#6277:OK-t1,SUCCESS,nextIndex=1,followerCommit=-1,matchIndex=0
2023-03-07 04:41:15,429 INFO  ratis.RaftTestUtil (RaftTestUtil.java:waitForLeader(119)) - printing group-44F04D6AF308
  s7:  RUNNING [
     LEADER s7@group-44F04D6AF308:t1, leader=s7, voted=s7, raftlog=Memoized:s7@group-44F04D6AF308-SegmentedRaftLog:OPENED:c0, conf=0: peers:[s7|rpc:0.0.0.0:36409|dataStream:|priority:0|startupRole:FOLLOWER, s8|rpc:0.0.0.0:41505|dataStream:|priority:0|startupRole:FOLLOWER, s9|rpc:0.0.0.0:34365|dataStream:|priority:0|startupRole:FOLLOWER]|listeners:[], old=null RUNNING
   FOLLOWER s7@group-FAA53D5BC7BE:t0, leader=null, voted=, raftlog=Memoized:s7@group-FAA53D5BC7BE-SegmentedRaftLog:OPENED:c-1, conf=-1: peers:[]|listeners:[], old=null STARTING] size=2
  s8:  RUNNING [
   FOLLOWER s8@group-44F04D6AF308:t1, leader=s7, voted=s7, raftlog=Memoized:s8@group-44F04D6AF308-SegmentedRaftLog:OPENED:c0, conf=0: peers:[s7|rpc:0.0.0.0:36409|dataStream:|priority:0|startupRole:FOLLOWER, s8|rpc:0.0.0.0:41505|dataStream:|priority:0|startupRole:FOLLOWER, s9|rpc:0.0.0.0:34365|dataStream:|priority:0|startupRole:FOLLOWER]|listeners:[], old=null RUNNING
   FOLLOWER s8@group-FAA53D5BC7BE:t0, leader=null, voted=, raftlog=Memoized:s8@group-FAA53D5BC7BE-SegmentedRaftLog:OPENED:c-1, conf=-1: peers:[]|listeners:[], old=null STARTING] size=2
  s9:  RUNNING [
   FOLLOWER s9@group-44F04D6AF308:t1, leader=s7, voted=s7, raftlog=Memoized:s9@group-44F04D6AF308-SegmentedRaftLog:OPENED:c0, conf=0: peers:[s7|rpc:0.0.0.0:36409|dataStream:|priority:0|startupRole:FOLLOWER, s8|rpc:0.0.0.0:41505|dataStream:|priority:0|startupRole:FOLLOWER, s9|rpc:0.0.0.0:34365|dataStream:|priority:0|startupRole:FOLLOWER]|listeners:[], old=null RUNNING
   FOLLOWER s9@group-FAA53D5BC7BE:t0, leader=null, voted=, raftlog=Memoized:s9@group-FAA53D5BC7BE-SegmentedRaftLog:OPENED:c-1, conf=-1: peers:[]|listeners:[], old=null STARTING] size=2
2023-03-07 04:41:15,430 INFO  logging.LoggingHandler (AbstractInternalLogger.java:log(148)) - [id: 0x836ca548, L:/0.0.0.0:36409] READ: [id: 0x3f3fe526, L:/10.1.0.7:36409 - R:/10.1.0.7:46812]
2023-03-07 04:41:15,431 INFO  logging.LoggingHandler (AbstractInternalLogger.java:log(148)) - [id: 0x836ca548, L:/0.0.0.0:36409] READ COMPLETE
2023-03-07 04:41:15,431 DEBUG server.RaftServer$Division (RaftServerImpl.java:submitClientRequestAsync(832)) - s7@group-44F04D6AF308: receive client request(RaftClientRequest:client-B09D92EF6A27->s7@group-44F04D6AF308, cid=6346, seq=0, RW, Message:010161024054c0000000...(size=12))
2023-03-07 04:41:15,431 DEBUG server.RaftServer$Division (LeaderStateImpl.java:addPendingRequest(474)) - s7@group-44F04D6AF308-LeaderStateImpl: addPendingRequest at RaftClientRequest:client-B09D92EF6A27->s7@group-44F04D6AF308, cid=6346, seq=0, RW, Message:010161024054c0000000...(size=12), entry=(t:1, i:1), STATEMACHINELOGENTRY, 6346@client-B09D92EF6A27
2023-03-07 04:41:15,432 DEBUG server.RaftServer$Division (RaftServerImpl.java:logAppendEntries(1429)) - s9@group-44F04D6AF308: receive appendEntries(s7, 1, (t:1, i:0), 0, true, commits:[s7:c0, s8:c0, s9:c0], cId:6347, entries: [(t:1, i:1), STATEMACHINELOGENTRY, 6346@client-B09D92EF6A27]
2023-03-07 04:41:15,432 DEBUG server.RaftServer$Division (RaftServerImpl.java:logAppendEntries(1429)) - s8@group-44F04D6AF308: receive appendEntries(s7, 1, (t:1, i:0), 0, true, commits:[s7:c0, s8:c0, s9:c0], cId:6348, entries: [(t:1, i:1), STATEMACHINELOGENTRY, 6346@client-B09D92EF6A27]
2023-03-07 04:41:15,432 DEBUG server.RaftServer$Division (RaftServerImpl.java:logAppendEntries(1429)) - s9@group-44F04D6AF308: succeeded to handle AppendEntries. Reply: s7<-s9#6347:OK-t1,SUCCESS,nextIndex=2,followerCommit=0,matchIndex=1
2023-03-07 04:41:15,432 DEBUG server.RaftServer$Division (RaftServerImpl.java:logAppendEntries(1429)) - s8@group-44F04D6AF308: succeeded to handle AppendEntries. Reply: s7<-s8#6348:OK-t1,SUCCESS,nextIndex=2,followerCommit=0,matchIndex=1
2023-03-07 04:41:15,433 INFO  statemachine.StateMachine (ArithmeticStateMachine.java:applyTransaction(182)) - LEADER:s7-1: a = 83 = 83
2023-03-07 04:41:15,433 DEBUG server.RaftServer$Division (RaftServerImpl.java:logAppendEntries(1429)) - s9@group-44F04D6AF308: receive appendEntries(s7, 1, (t:1, i:1), 1, true, commits:[s7:c1, s8:c0, s9:c0], cId:6349, entries: [(t:1, i:2), METADATAENTRY(c:1)]
2023-03-07 04:41:15,434 DEBUG server.RaftServer$Division (RaftServerImpl.java:logAppendEntries(1429)) - s9@group-44F04D6AF308: succeeded to handle AppendEntries. Reply: s7<-s9#6349:OK-t1,SUCCESS,nextIndex=3,followerCommit=1,matchIndex=2
2023-03-07 04:41:15,434 DEBUG server.RaftServer$Division (RaftServerImpl.java:logAppendEntries(1429)) - s8@group-44F04D6AF308: receive appendEntries(s7, 1, (t:1, i:1), 1, true, commits:[s7:c1, s8:c0, s9:c0], cId:6350, entries: [(t:1, i:2), METADATAENTRY(c:1)]
2023-03-07 04:41:15,434 DEBUG server.RaftServer$Division (RaftServerImpl.java:submitClientRequestAsync(832)) - s7@group-44F04D6AF308: receive client request(RaftClientRequest:client-B09D92EF6A27->s7@group-44F04D6AF308, cid=6351, seq=0, RW, Message:0101620240aae8000000...(size=12))
2023-03-07 04:41:15,435 DEBUG server.RaftServer$Division (RaftServerImpl.java:logAppendEntries(1429)) - s8@group-44F04D6AF308: succeeded to handle AppendEntries. Reply: s7<-s8#6350:OK-t1,SUCCESS,nextIndex=3,followerCommit=1,matchIndex=2
2023-03-07 04:41:15,435 DEBUG server.RaftServer$Division (LeaderStateImpl.java:addPendingRequest(474)) - s7@group-44F04D6AF308-LeaderStateImpl: addPendingRequest at RaftClientRequest:client-B09D92EF6A27->s7@group-44F04D6AF308, cid=6351, seq=0, RW, Message:0101620240aae8000000...(size=12), entry=(t:1, i:3), STATEMACHINELOGENTRY, 6351@client-B09D92EF6A27
2023-03-07 04:41:15,435 DEBUG server.RaftServer$Division (RaftServerImpl.java:logAppendEntries(1429)) - s9@group-44F04D6AF308: receive appendEntries(s7, 1, (t:1, i:2), 2, true, commits:[s7:c2, s8:c0, s9:c1], cId:6352, entries: [(t:1, i:3), STATEMACHINELOGENTRY, 6351@client-B09D92EF6A27]
2023-03-07 04:41:15,435 DEBUG server.RaftServer$Division (RaftServerImpl.java:logAppendEntries(1429)) - s9@group-44F04D6AF308: succeeded to handle AppendEntries. Reply: s7<-s9#6352:OK-t1,SUCCESS,nextIndex=4,followerCommit=2,matchIndex=3
2023-03-07 04:41:15,436 DEBUG server.RaftServer$Division (RaftServerImpl.java:logAppendEntries(1429)) - s8@group-44F04D6AF308: receive appendEntries(s7, 1, (t:1, i:2), 2, true, commits:[s7:c2, s8:c1, s9:c1], cId:6353, entries: [(t:1, i:3), STATEMACHINELOGENTRY, 6351@client-B09D92EF6A27]
2023-03-07 04:41:15,436 DEBUG server.RaftServer$Division (RaftServerImpl.java:logAppendEntries(1429)) - s8@group-44F04D6AF308: succeeded to handle AppendEntries. Reply: s7<-s8#6353:OK-t1,SUCCESS,nextIndex=4,followerCommit=2,matchIndex=3
2023-03-07 04:41:15,436 INFO  statemachine.StateMachine (ArithmeticStateMachine.java:applyTransaction(182)) - LEADER:s7-3: b = 3444 = 3444
2023-03-07 04:41:15,436 DEBUG server.RaftServer$Division (RaftServerImpl.java:logAppendEntries(1429)) - s9@group-44F04D6AF308: receive appendEntries(s7, 1, (t:1, i:3), 3, true, commits:[s7:c3, s8:c1, s9:c2], cId:6354, entries: [(t:1, i:4), METADATAENTRY(c:3)]
2023-03-07 04:41:15,437 DEBUG server.RaftServer$Division (RaftServerImpl.java:logAppendEntries(1429)) - s9@group-44F04D6AF308: succeeded to handle AppendEntries. Reply: s7<-s9#6354:OK-t1,SUCCESS,nextIndex=5,followerCommit=3,matchIndex=4
2023-03-07 04:41:15,437 DEBUG server.RaftServer$Division (RaftServerImpl.java:logAppendEntries(1429)) - s8@group-44F04D6AF308: receive appendEntries(s7, 1, (t:1, i:3), 3, true, commits:[s7:c3, s8:c2, s9:c2], cId:6355, entries: [(t:1, i:4), METADATAENTRY(c:3)]
2023-03-07 04:41:15,437 DEBUG server.RaftServer$Division (RaftServerImpl.java:logAppendEntries(1429)) - s8@group-44F04D6AF308: succeeded to handle AppendEntries. Reply: s7<-s8#6355:OK-t1,SUCCESS,nextIndex=5,followerCommit=3,matchIndex=4
2023-03-07 04:41:15,438 DEBUG server.RaftServer$Division (RaftServerImpl.java:submitClientRequestAsync(832)) - s7@group-44F04D6AF308: receive client request(RaftClientRequest:client-B09D92EF6A27->s7@group-44F04D6AF308, cid=6356, seq=0, RW, Message:01016304010300040201...(size=17))
2023-03-07 04:41:15,438 DEBUG server.RaftServer$Division (LeaderStateImpl.java:addPendingRequest(474)) - s7@group-44F04D6AF308-LeaderStateImpl: addPendingRequest at RaftClientRequest:client-B09D92EF6A27->s7@group-44F04D6AF308, cid=6356, seq=0, RW, Message:01016304010300040201...(size=17), entry=(t:1, i:5), STATEMACHINELOGENTRY, 6356@client-B09D92EF6A27
2023-03-07 04:41:15,438 DEBUG server.RaftServer$Division (RaftServerImpl.java:logAppendEntries(1429)) - s8@group-44F04D6AF308: receive appendEntries(s7, 1, (t:1, i:4), 4, true, commits:[s7:c4, s8:c3, s9:c3], cId:6357, entries: [(t:1, i:5), STATEMACHINELOGENTRY, 6356@client-B09D92EF6A27]
2023-03-07 04:41:15,439 DEBUG server.RaftServer$Division (RaftServerImpl.java:logAppendEntries(1429)) - s9@group-44F04D6AF308: receive appendEntries(s7, 1, (t:1, i:4), 4, true, commits:[s7:c4, s8:c3, s9:c3], cId:6358, entries: [(t:1, i:5), STATEMACHINELOGENTRY, 6356@client-B09D92EF6A27]
2023-03-07 04:41:15,439 DEBUG server.RaftServer$Division (RaftServerImpl.java:logAppendEntries(1429)) - s8@group-44F04D6AF308: succeeded to handle AppendEntries. Reply: s7<-s8#6357:OK-t1,SUCCESS,nextIndex=6,followerCommit=4,matchIndex=5
2023-03-07 04:41:15,439 DEBUG server.RaftServer$Division (RaftServerImpl.java:logAppendEntries(1429)) - s9@group-44F04D6AF308: succeeded to handle AppendEntries. Reply: s7<-s9#6358:OK-t1,SUCCESS,nextIndex=6,followerCommit=4,matchIndex=5
2023-03-07 04:41:15,440 INFO  statemachine.StateMachine (ArithmeticStateMachine.java:applyTransaction(182)) - LEADER:s7-5: c = √(a^2 + b^2) = 3445
2023-03-07 04:41:15,441 DEBUG server.RaftServer$Division (RaftServerImpl.java:logAppendEntries(1429)) - s9@group-44F04D6AF308: receive appendEntries(s7, 1, (t:1, i:5), 5, true, commits:[s7:c5, s8:c4, s9:c4], cId:6361, entries: [(t:1, i:6), METADATAENTRY(c:5)]
2023-03-07 04:41:15,441 DEBUG server.RaftServer$Division (RaftServerImpl.java:logAppendEntries(1429)) - s9@group-44F04D6AF308: succeeded to handle AppendEntries. Reply: s7<-s9#6361:OK-t1,SUCCESS,nextIndex=7,followerCommit=5,matchIndex=6
2023-03-07 04:41:15,442 DEBUG server.RaftServer$Division (RaftServerImpl.java:logAppendEntries(1429)) - s8@group-44F04D6AF308: receive appendEntries(s7, 1, (t:1, i:5), 5, true, commits:[s7:c5, s8:c4, s9:c4], cId:6365, entries: [(t:1, i:6), METADATAENTRY(c:5)]
2023-03-07 04:41:15,442 DEBUG server.RaftServer$Division (RaftServerImpl.java:logAppendEntries(1429)) - s8@group-44F04D6AF308: succeeded to handle AppendEntries. Reply: s7<-s8#6365:OK-t1,SUCCESS,nextIndex=7,followerCommit=5,matchIndex=6
2023-03-07 04:41:15,442 DEBUG server.RaftServer$Division (RaftServerImpl.java:submitClientRequestAsync(832)) - s7@group-44F04D6AF308: receive client request(RaftClientRequest:client-B09D92EF6A27->s7@group-44F04D6AF308, cid=6364, seq=0, RW, Message:01016100)
2023-03-07 04:41:15,442 DEBUG server.RaftServer$Division (LeaderStateImpl.java:addPendingRequest(474)) - s7@group-44F04D6AF308-LeaderStateImpl: addPendingRequest at RaftClientRequest:client-B09D92EF6A27->s7@group-44F04D6AF308, cid=6364, seq=0, RW, Message:01016100, entry=(t:1, i:7), STATEMACHINELOGENTRY, 6364@client-B09D92EF6A27
2023-03-07 04:41:15,443 DEBUG server.RaftServer$Division (RaftServerImpl.java:logAppendEntries(1429)) - s8@group-44F04D6AF308: receive appendEntries(s7, 1, (t:1, i:6), 6, true, commits:[s7:c6, s8:c5, s9:c5], cId:6366, entries: [(t:1, i:7), STATEMACHINELOGENTRY, 6364@client-B09D92EF6A27]
2023-03-07 04:41:15,443 DEBUG server.RaftServer$Division (RaftServerImpl.java:logAppendEntries(1429)) - s8@group-44F04D6AF308: succeeded to handle AppendEntries. Reply: s7<-s8#6366:OK-t1,SUCCESS,nextIndex=8,followerCommit=6,matchIndex=7
2023-03-07 04:41:15,443 DEBUG server.RaftServer$Division (RaftServerImpl.java:logAppendEntries(1429)) - s9@group-44F04D6AF308: receive appendEntries(s7, 1, (t:1, i:6), 6, true, commits:[s7:c6, s8:c5, s9:c5], cId:6367, entries: [(t:1, i:7), STATEMACHINELOGENTRY, 6364@client-B09D92EF6A27]
2023-03-07 04:41:15,443 DEBUG server.RaftServer$Division (RaftServerImpl.java:logAppendEntries(1429)) - s9@group-44F04D6AF308: succeeded to handle AppendEntries. Reply: s7<-s9#6367:OK-t1,SUCCESS,nextIndex=8,followerCommit=6,matchIndex=7
2023-03-07 04:41:15,444 INFO  statemachine.StateMachine (ArithmeticStateMachine.java:applyTransaction(182)) - LEADER:s7-7: a = null = null
2023-03-07 04:41:15,444 DEBUG server.RaftServer$Division (RaftServerImpl.java:logAppendEntries(1429)) - s9@group-44F04D6AF308: receive appendEntries(s7, 1, (t:1, i:7), 7, true, commits:[s7:c7, s8:c6, s9:c6], cId:6368, entries: [(t:1, i:8), METADATAENTRY(c:7)]
2023-03-07 04:41:15,444 DEBUG server.RaftServer$Division (RaftServerImpl.java:logAppendEntries(1429)) - s8@group-44F04D6AF308: receive appendEntries(s7, 1, (t:1, i:7), 7, true, commits:[s7:c7, s8:c6, s9:c6], cId:6369, entries: [(t:1, i:8), METADATAENTRY(c:7)]
2023-03-07 04:41:15,445 DEBUG server.RaftServer$Division (RaftServerImpl.java:logAppendEntries(1429)) - s9@group-44F04D6AF308: succeeded to handle AppendEntries. Reply: s7<-s9#6368:OK-t1,SUCCESS,nextIndex=9,followerCommit=7,matchIndex=8
2023-03-07 04:41:15,445 DEBUG server.RaftServer$Division (RaftServerImpl.java:logAppendEntries(1429)) - s8@group-44F04D6AF308: succeeded to handle AppendEntries. Reply: s7<-s8#6369:OK-t1,SUCCESS,nextIndex=9,followerCommit=7,matchIndex=8
2023-03-07 04:41:15,445 DEBUG server.RaftServer$Division (RaftServerImpl.java:submitClientRequestAsync(832)) - s7@group-44F04D6AF308: receive client request(RaftClientRequest:client-B09D92EF6A27->s7@group-44F04D6AF308, cid=6374, seq=0, RW, Message:01016200)
2023-03-07 04:41:15,446 DEBUG server.RaftServer$Division (LeaderStateImpl.java:addPendingRequest(474)) - s7@group-44F04D6AF308-LeaderStateImpl: addPendingRequest at RaftClientRequest:client-B09D92EF6A27->s7@group-44F04D6AF308, cid=6374, seq=0, RW, Message:01016200, entry=(t:1, i:9), STATEMACHINELOGENTRY, 6374@client-B09D92EF6A27
2023-03-07 04:41:15,446 DEBUG server.RaftServer$Division (RaftServerImpl.java:logAppendEntries(1429)) - s8@group-44F04D6AF308: receive appendEntries(s7, 1, (t:1, i:8), 8, true, commits:[s7:c8, s8:c7, s9:c7], cId:6375, entries: [(t:1, i:9), STATEMACHINELOGENTRY, 6374@client-B09D92EF6A27]
2023-03-07 04:41:15,446 DEBUG server.RaftServer$Division (RaftServerImpl.java:logAppendEntries(1429)) - s8@group-44F04D6AF308: succeeded to handle AppendEntries. Reply: s7<-s8#6375:OK-t1,SUCCESS,nextIndex=10,followerCommit=8,matchIndex=9
2023-03-07 04:41:15,447 DEBUG server.RaftServer$Division (RaftServerImpl.java:logAppendEntries(1429)) - s9@group-44F04D6AF308: receive appendEntries(s7, 1, (t:1, i:8), 8, true, commits:[s7:c8, s8:c7, s9:c7], cId:6376, entries: [(t:1, i:9), STATEMACHINELOGENTRY, 6374@client-B09D92EF6A27]
2023-03-07 04:41:15,447 DEBUG server.RaftServer$Division (RaftServerImpl.java:logAppendEntries(1429)) - s9@group-44F04D6AF308: succeeded to handle AppendEntries. Reply: s7<-s9#6376:OK-t1,SUCCESS,nextIndex=10,followerCommit=8,matchIndex=9
2023-03-07 04:41:15,447 INFO  statemachine.StateMachine (ArithmeticStateMachine.java:applyTransaction(182)) - LEADER:s7-9: b = null = null
2023-03-07 04:41:15,448 DEBUG server.RaftServer$Division (RaftServerImpl.java:logAppendEntries(1429)) - s9@group-44F04D6AF308: receive appendEntries(s7, 1, (t:1, i:9), 9, true, commits:[s7:c9, s8:c8, s9:c8], cId:6377, entries: [(t:1, i:10), METADATAENTRY(c:9)]
2023-03-07 04:41:15,448 DEBUG server.RaftServer$Division (RaftServerImpl.java:logAppendEntries(1429)) - s8@group-44F04D6AF308: receive appendEntries(s7, 1, (t:1, i:9), 9, true, commits:[s7:c9, s8:c8, s9:c8], cId:6378, entries: [(t:1, i:10), METADATAENTRY(c:9)]
2023-03-07 04:41:15,448 DEBUG server.RaftServer$Division (RaftServerImpl.java:logAppendEntries(1429)) - s9@group-44F04D6AF308: succeeded to handle AppendEntries. Reply: s7<-s9#6377:OK-t1,SUCCESS,nextIndex=11,followerCommit=9,matchIndex=10
2023-03-07 04:41:15,448 DEBUG server.RaftServer$Division (RaftServerImpl.java:logAppendEntries(1429)) - s8@group-44F04D6AF308: succeeded to handle AppendEntries. Reply: s7<-s8#6378:OK-t1,SUCCESS,nextIndex=11,followerCommit=9,matchIndex=10
2023-03-07 04:41:15,449 DEBUG server.RaftServer$Division (RaftServerImpl.java:submitClientRequestAsync(832)) - s7@group-44F04D6AF308: receive client request(RaftClientRequest:client-B09D92EF6A27->s7@group-44F04D6AF308, cid=6379, seq=0, RW, Message:01016300)
2023-03-07 04:41:15,449 DEBUG server.RaftServer$Division (LeaderStateImpl.java:addPendingRequest(474)) - s7@group-44F04D6AF308-LeaderStateImpl: addPendingRequest at RaftClientRequest:client-B09D92EF6A27->s7@group-44F04D6AF308, cid=6379, seq=0, RW, Message:01016300, entry=(t:1, i:11), STATEMACHINELOGENTRY, 6379@client-B09D92EF6A27
2023-03-07 04:41:15,449 DEBUG server.RaftServer$Division (RaftServerImpl.java:logAppendEntries(1429)) - s8@group-44F04D6AF308: receive appendEntries(s7, 1, (t:1, i:10), 10, true, commits:[s7:c10, s8:c9, s9:c9], cId:6380, entries: [(t:1, i:11), STATEMACHINELOGENTRY, 6379@client-B09D92EF6A27]
2023-03-07 04:41:15,450 DEBUG server.RaftServer$Division (RaftServerImpl.java:logAppendEntries(1429)) - s8@group-44F04D6AF308: succeeded to handle AppendEntries. Reply: s7<-s8#6380:OK-t1,SUCCESS,nextIndex=12,followerCommit=10,matchIndex=11
2023-03-07 04:41:15,450 DEBUG server.RaftServer$Division (RaftServerImpl.java:logAppendEntries(1429)) - s9@group-44F04D6AF308: receive appendEntries(s7, 1, (t:1, i:10), 10, true, commits:[s7:c10, s8:c9, s9:c9], cId:6381, entries: [(t:1, i:11), STATEMACHINELOGENTRY, 6379@client-B09D92EF6A27]
2023-03-07 04:41:15,450 INFO  statemachine.StateMachine (ArithmeticStateMachine.java:applyTransaction(182)) - LEADER:s7-11: c = null = null
2023-03-07 04:41:15,450 DEBUG server.RaftServer$Division (RaftServerImpl.java:logAppendEntries(1429)) - s9@group-44F04D6AF308: succeeded to handle AppendEntries. Reply: s7<-s9#6381:OK-t1,SUCCESS,nextIndex=12,followerCommit=10,matchIndex=11
2023-03-07 04:41:15,451 DEBUG server.RaftServer$Division (RaftServerImpl.java:logAppendEntries(1429)) - s8@group-44F04D6AF308: receive appendEntries(s7, 1, (t:1, i:11), 11, true, commits:[s7:c11, s8:c10, s9:c9], cId:6382, entries: [(t:1, i:12), METADATAENTRY(c:11)]
2023-03-07 04:41:15,451 DEBUG server.RaftServer$Division (RaftServerImpl.java:logAppendEntries(1429)) - s8@group-44F04D6AF308: succeeded to handle AppendEntries. Reply: s7<-s8#6382:OK-t1,SUCCESS,nextIndex=13,followerCommit=11,matchIndex=12
2023-03-07 04:41:15,451 DEBUG server.RaftServer$Division (RaftServerImpl.java:submitClientRequestAsync(832)) - s7@group-44F04D6AF308: receive client request(RaftClientRequest:client-B09D92EF6A27->s7@group-44F04D6AF308, cid=6384, seq=0, RW, Message:01016102405540000000...(size=12))
2023-03-07 04:41:15,451 DEBUG server.RaftServer$Division (LeaderStateImpl.java:addPendingRequest(474)) - s7@group-44F04D6AF308-LeaderStateImpl: addPendingRequest at RaftClientRequest:client-B09D92EF6A27->s7@group-44F04D6AF308, cid=6384, seq=0, RW, Message:01016102405540000000...(size=12), entry=(t:1, i:13), STATEMACHINELOGENTRY, 6384@client-B09D92EF6A27
2023-03-07 04:41:15,452 DEBUG server.RaftServer$Division (RaftServerImpl.java:logAppendEntries(1429)) - s9@group-44F04D6AF308: receive appendEntries(s7, 1, (t:1, i:11), 11, true, commits:[s7:c11, s8:c10, s9:c10], cId:6383, entries: [(t:1, i:12), METADATAENTRY(c:11)]
2023-03-07 04:41:15,452 DEBUG server.RaftServer$Division (RaftServerImpl.java:logAppendEntries(1429)) - s9@group-44F04D6AF308: succeeded to handle AppendEntries. Reply: s7<-s9#6383:OK-t1,SUCCESS,nextIndex=13,followerCommit=11,matchIndex=12
2023-03-07 04:41:15,452 DEBUG server.RaftServer$Division (RaftServerImpl.java:logAppendEntries(1429)) - s8@group-44F04D6AF308: receive appendEntries(s7, 1, (t:1, i:12), 12, true, commits:[s7:c12, s8:c11, s9:c10], cId:6385, entries: [(t:1, i:13), STATEMACHINELOGENTRY, 6384@client-B09D92EF6A27]
2023-03-07 04:41:15,452 DEBUG server.RaftServer$Division (RaftServerImpl.java:logAppendEntries(1429)) - s9@group-44F04D6AF308: receive appendEntries(s7, 1, (t:1, i:12), 12, true, commits:[s7:c12, s8:c11, s9:c11], cId:6386, entries: [(t:1, i:13), STATEMACHINELOGENTRY, 6384@client-B09D92EF6A27]
2023-03-07 04:41:15,453 DEBUG server.RaftServer$Division (RaftServerImpl.java:logAppendEntries(1429)) - s8@group-44F04D6AF308: succeeded to handle AppendEntries. Reply: s7<-s8#6385:OK-t1,SUCCESS,nextIndex=14,followerCommit=12,matchIndex=13
2023-03-07 04:41:15,453 DEBUG server.RaftServer$Division (RaftServerImpl.java:logAppendEntries(1429)) - s9@group-44F04D6AF308: succeeded to handle AppendEntries. Reply: s7<-s9#6386:OK-t1,SUCCESS,nextIndex=14,followerCommit=12,matchIndex=13
2023-03-07 04:41:15,453 INFO  statemachine.StateMachine (ArithmeticStateMachine.java:applyTransaction(182)) - LEADER:s7-13: a = 85 = 85
2023-03-07 04:41:15,454 DEBUG server.RaftServer$Division (RaftServerImpl.java:logAppendEntries(1429)) - s9@group-44F04D6AF308: receive appendEntries(s7, 1, (t:1, i:13), 13, true, commits:[s7:c13, s8:c12, s9:c12], cId:6387, entries: [(t:1, i:14), METADATAENTRY(c:13)]
2023-03-07 04:41:15,454 DEBUG server.RaftServer$Division (RaftServerImpl.java:logAppendEntries(1429)) - s9@group-44F04D6AF308: succeeded to handle AppendEntries. Reply: s7<-s9#6387:OK-t1,SUCCESS,nextIndex=15,followerCommit=13,matchIndex=14
2023-03-07 04:41:15,454 DEBUG server.RaftServer$Division (RaftServerImpl.java:logAppendEntries(1429)) - s8@group-44F04D6AF308: receive appendEntries(s7, 1, (t:1, i:13), 13, true, commits:[s7:c13, s8:c12, s9:c12], cId:6388, entries: [(t:1, i:14), METADATAENTRY(c:13)]
2023-03-07 04:41:15,455 DEBUG server.RaftServer$Division (RaftServerImpl.java:logAppendEntries(1429)) - s8@group-44F04D6AF308: succeeded to handle AppendEntries. Reply: s7<-s8#6388:OK-t1,SUCCESS,nextIndex=15,followerCommit=13,matchIndex=14
2023-03-07 04:41:15,455 DEBUG server.RaftServer$Division (RaftServerImpl.java:submitClientRequestAsync(832)) - s7@group-44F04D6AF308: receive client request(RaftClientRequest:client-B09D92EF6A27->s7@group-44F04D6AF308, cid=6389, seq=0, RW, Message:0101620240ac38000000...(size=12))
2023-03-07 04:41:15,455 DEBUG server.RaftServer$Division (LeaderStateImpl.java:addPendingRequest(474)) - s7@group-44F04D6AF308-LeaderStateImpl: addPendingRequest at RaftClientRequest:client-B09D92EF6A27->s7@group-44F04D6AF308, cid=6389, seq=0, RW, Message:0101620240ac38000000...(size=12), entry=(t:1, i:15), STATEMACHINELOGENTRY, 6389@client-B09D92EF6A27
2023-03-07 04:41:15,456 DEBUG server.RaftServer$Division (RaftServerImpl.java:logAppendEntries(1429)) - s8@group-44F04D6AF308: receive appendEntries(s7, 1, (t:1, i:14), 14, true, commits:[s7:c14, s8:c13, s9:c13], cId:6390, entries: [(t:1, i:15), STATEMACHINELOGENTRY, 6389@client-B09D92EF6A27]
2023-03-07 04:41:15,456 DEBUG server.RaftServer$Division (RaftServerImpl.java:logAppendEntries(1429)) - s8@group-44F04D6AF308: succeeded to handle AppendEntries. Reply: s7<-s8#6390:OK-t1,SUCCESS,nextIndex=16,followerCommit=14,matchIndex=15
2023-03-07 04:41:15,456 DEBUG server.RaftServer$Division (RaftServerImpl.java:logAppendEntries(1429)) - s9@group-44F04D6AF308: receive appendEntries(s7, 1, (t:1, i:14), 14, true, commits:[s7:c14, s8:c13, s9:c13], cId:6391, entries: [(t:1, i:15), STATEMACHINELOGENTRY, 6389@client-B09D92EF6A27]
2023-03-07 04:41:15,457 DEBUG server.RaftServer$Division (RaftServerImpl.java:logAppendEntries(1429)) - s9@group-44F04D6AF308: succeeded to handle AppendEntries. Reply: s7<-s9#6391:OK-t1,SUCCESS,nextIndex=16,followerCommit=14,matchIndex=15
2023-03-07 04:41:15,457 INFO  statemachine.StateMachine (ArithmeticStateMachine.java:applyTransaction(182)) - LEADER:s7-15: b = 3612 = 3612
2023-03-07 04:41:15,457 DEBUG server.RaftServer$Division (RaftServerImpl.java:logAppendEntries(1429)) - s9@group-44F04D6AF308: receive appendEntries(s7, 1, (t:1, i:15), 15, true, commits:[s7:c15, s8:c14, s9:c14], cId:6392, entries: [(t:1, i:16), METADATAENTRY(c:15)]
2023-03-07 04:41:15,458 DEBUG server.RaftServer$Division (RaftServerImpl.java:logAppendEntries(1429)) - s9@group-44F04D6AF308: succeeded to handle AppendEntries. Reply: s7<-s9#6392:OK-t1,SUCCESS,nextIndex=17,followerCommit=15,matchIndex=16
2023-03-07 04:41:15,458 DEBUG server.RaftServer$Division (RaftServerImpl.java:logAppendEntries(1429)) - s8@group-44F04D6AF308: receive appendEntries(s7, 1, (t:1, i:15), 15, true, commits:[s7:c15, s8:c14, s9:c14], cId:6393, entries: [(t:1, i:16), METADATAENTRY(c:15)]
2023-03-07 04:41:15,458 DEBUG server.RaftServer$Division (RaftServerImpl.java:logAppendEntries(1429)) - s8@group-44F04D6AF308: succeeded to handle AppendEntries. Reply: s7<-s8#6393:OK-t1,SUCCESS,nextIndex=17,followerCommit=15,matchIndex=16
2023-03-07 04:41:15,459 DEBUG server.RaftServer$Division (RaftServerImpl.java:submitClientRequestAsync(832)) - s7@group-44F04D6AF308: receive client request(RaftClientRequest:client-B09D92EF6A27->s7@group-44F04D6AF308, cid=6394, seq=0, RW, Message:01016304010300040201...(size=17))
2023-03-07 04:41:15,459 DEBUG server.RaftServer$Division (LeaderStateImpl.java:addPendingRequest(474)) - s7@group-44F04D6AF308-LeaderStateImpl: addPendingRequest at RaftClientRequest:client-B09D92EF6A27->s7@group-44F04D6AF308, cid=6394, seq=0, RW, Message:01016304010300040201...(size=17), entry=(t:1, i:17), STATEMACHINELOGENTRY, 6394@client-B09D92EF6A27
2023-03-07 04:41:15,459 DEBUG server.RaftServer$Division (RaftServerImpl.java:logAppendEntries(1429)) - s8@group-44F04D6AF308: receive appendEntries(s7, 1, (t:1, i:16), 16, true, commits:[s7:c16, s8:c15, s9:c15], cId:6395, entries: [(t:1, i:17), STATEMACHINELOGENTRY, 6394@client-B09D92EF6A27]
2023-03-07 04:41:15,460 DEBUG server.RaftServer$Division (RaftServerImpl.java:logAppendEntries(1429)) - s8@group-44F04D6AF308: succeeded to handle AppendEntries. Reply: s7<-s8#6395:OK-t1,SUCCESS,nextIndex=18,followerCommit=16,matchIndex=17
2023-03-07 04:41:15,460 DEBUG server.RaftServer$Division (RaftServerImpl.java:logAppendEntries(1429)) - s9@group-44F04D6AF308: receive appendEntries(s7, 1, (t:1, i:16), 16, true, commits:[s7:c16, s8:c15, s9:c15], cId:6396, entries: [(t:1, i:17), STATEMACHINELOGENTRY, 6394@client-B09D92EF6A27]
2023-03-07 04:41:15,460 DEBUG server.RaftServer$Division (RaftServerImpl.java:logAppendEntries(1429)) - s9@group-44F04D6AF308: succeeded to handle AppendEntries. Reply: s7<-s9#6396:OK-t1,SUCCESS,nextIndex=18,followerCommit=16,matchIndex=17
2023-03-07 04:41:15,460 INFO  statemachine.StateMachine (ArithmeticStateMachine.java:applyTransaction(182)) - LEADER:s7-17: c = √(a^2 + b^2) = 3613
2023-03-07 04:41:15,461 DEBUG server.RaftServer$Division (RaftServerImpl.java:logAppendEntries(1429)) - s9@group-44F04D6AF308: receive appendEntries(s7, 1, (t:1, i:17), 17, true, commits:[s7:c17, s8:c16, s9:c16], cId:6398, entries: [(t:1, i:18), METADATAENTRY(c:17)]
2023-03-07 04:41:15,461 DEBUG server.RaftServer$Division (RaftServerImpl.java:logAppendEntries(1429)) - s8@group-44F04D6AF308: receive appendEntries(s7, 1, (t:1, i:17), 17, true, commits:[s7:c17, s8:c16, s9:c15], cId:6397, entries: [(t:1, i:18), METADATAENTRY(c:17)]
2023-03-07 04:41:15,461 DEBUG server.RaftServer$Division (RaftServerImpl.java:logAppendEntries(1429)) - s9@group-44F04D6AF308: succeeded to handle AppendEntries. Reply: s7<-s9#6398:OK-t1,SUCCESS,nextIndex=19,followerCommit=17,matchIndex=18
2023-03-07 04:41:15,462 DEBUG server.RaftServer$Division (RaftServerImpl.java:logAppendEntries(1429)) - s8@group-44F04D6AF308: succeeded to handle AppendEntries. Reply: s7<-s8#6397:OK-t1,SUCCESS,nextIndex=19,followerCommit=17,matchIndex=18
2023-03-07 04:41:15,462 DEBUG server.RaftServer$Division (RaftServerImpl.java:submitClientRequestAsync(832)) - s7@group-44F04D6AF308: receive client request(RaftClientRequest:client-B09D92EF6A27->s7@group-44F04D6AF308, cid=6399, seq=0, RW, Message:01016100)
2023-03-07 04:41:15,462 DEBUG server.RaftServer$Division (LeaderStateImpl.java:addPendingRequest(474)) - s7@group-44F04D6AF308-LeaderStateImpl: addPendingRequest at RaftClientRequest:client-B09D92EF6A27->s7@group-44F04D6AF308, cid=6399, seq=0, RW, Message:01016100, entry=(t:1, i:19), STATEMACHINELOGENTRY, 6399@client-B09D92EF6A27
2023-03-07 04:41:15,463 DEBUG server.RaftServer$Division (RaftServerImpl.java:logAppendEntries(1429)) - s8@group-44F04D6AF308: receive appendEntries(s7, 1, (t:1, i:18), 18, true, commits:[s7:c18, s8:c17, s9:c17], cId:6400, entries: [(t:1, i:19), STATEMACHINELOGENTRY, 6399@client-B09D92EF6A27]
2023-03-07 04:41:15,463 DEBUG server.RaftServer$Division (RaftServerImpl.java:logAppendEntries(1429)) - s8@group-44F04D6AF308: succeeded to handle AppendEntries. Reply: s7<-s8#6400:OK-t1,SUCCESS,nextIndex=20,followerCommit=18,matchIndex=19
2023-03-07 04:41:15,463 DEBUG server.RaftServer$Division (RaftServerImpl.java:logAppendEntries(1429)) - s9@group-44F04D6AF308: receive appendEntries(s7, 1, (t:1, i:18), 18, true, commits:[s7:c18, s8:c17, s9:c17], cId:6401, entries: [(t:1, i:19), STATEMACHINELOGENTRY, 6399@client-B09D92EF6A27]
2023-03-07 04:41:15,463 DEBUG server.RaftServer$Division (RaftServerImpl.java:logAppendEntries(1429)) - s9@group-44F04D6AF308: succeeded to handle AppendEntries. Reply: s7<-s9#6401:OK-t1,SUCCESS,nextIndex=20,followerCommit=18,matchIndex=19
2023-03-07 04:41:15,464 INFO  statemachine.StateMachine (ArithmeticStateMachine.java:applyTransaction(182)) - LEADER:s7-19: a = null = null
2023-03-07 04:41:15,464 DEBUG server.RaftServer$Division (RaftServerImpl.java:logAppendEntries(1429)) - s9@group-44F04D6AF308: receive appendEntries(s7, 1, (t:1, i:19), 19, true, commits:[s7:c19, s8:c18, s9:c18], cId:6402, entries: [(t:1, i:20), METADATAENTRY(c:19)]
2023-03-07 04:41:15,464 DEBUG server.RaftServer$Division (RaftServerImpl.java:logAppendEntries(1429)) - s8@group-44F04D6AF308: receive appendEntries(s7, 1, (t:1, i:19), 19, true, commits:[s7:c19, s8:c18, s9:c18], cId:6403, entries: [(t:1, i:20), METADATAENTRY(c:19)]
2023-03-07 04:41:15,464 DEBUG server.RaftServer$Division (RaftServerImpl.java:logAppendEntries(1429)) - s9@group-44F04D6AF308: succeeded to handle AppendEntries. Reply: s7<-s9#6402:OK-t1,SUCCESS,nextIndex=21,followerCommit=19,matchIndex=20
2023-03-07 04:41:15,465 DEBUG server.RaftServer$Division (RaftServerImpl.java:logAppendEntries(1429)) - s8@group-44F04D6AF308: succeeded to handle AppendEntries. Reply: s7<-s8#6403:OK-t1,SUCCESS,nextIndex=21,followerCommit=19,matchIndex=20
2023-03-07 04:41:15,465 DEBUG server.RaftServer$Division (RaftServerImpl.java:submitClientRequestAsync(832)) - s7@group-44F04D6AF308: receive client request(RaftClientRequest:client-B09D92EF6A27->s7@group-44F04D6AF308, cid=6404, seq=0, RW, Message:01016200)
2023-03-07 04:41:15,466 DEBUG server.RaftServer$Division (LeaderStateImpl.java:addPendingRequest(474)) - s7@group-44F04D6AF308-LeaderStateImpl: addPendingRequest at RaftClientRequest:client-B09D92EF6A27->s7@group-44F04D6AF308, cid=6404, seq=0, RW, Message:01016200, entry=(t:1, i:21), STATEMACHINELOGENTRY, 6404@client-B09D92EF6A27
2023-03-07 04:41:15,466 DEBUG server.RaftServer$Division (RaftServerImpl.java:logAppendEntries(1429)) - s8@group-44F04D6AF308: receive appendEntries(s7, 1, (t:1, i:20), 20, true, commits:[s7:c20, s8:c19, s9:c19], cId:6405, entries: [(t:1, i:21), STATEMACHINELOGENTRY, 6404@client-B09D92EF6A27]
2023-03-07 04:41:15,466 DEBUG server.RaftServer$Division (RaftServerImpl.java:logAppendEntries(1429)) - s8@group-44F04D6AF308: succeeded to handle AppendEntries. Reply: s7<-s8#6405:OK-t1,SUCCESS,nextIndex=22,followerCommit=20,matchIndex=21
2023-03-07 04:41:15,466 DEBUG server.RaftServer$Division (RaftServerImpl.java:logAppendEntries(1429)) - s9@group-44F04D6AF308: receive appendEntries(s7, 1, (t:1, i:20), 20, true, commits:[s7:c20, s8:c19, s9:c19], cId:6406, entries: [(t:1, i:21), STATEMACHINELOGENTRY, 6404@client-B09D92EF6A27]
2023-03-07 04:41:15,467 INFO  statemachine.StateMachine (ArithmeticStateMachine.java:applyTransaction(182)) - LEADER:s7-21: b = null = null
2023-03-07 04:41:15,467 DEBUG server.RaftServer$Division (RaftServerImpl.java:logAppendEntries(1429)) - s9@group-44F04D6AF308: succeeded to handle AppendEntries. Reply: s7<-s9#6406:OK-t1,SUCCESS,nextIndex=22,followerCommit=20,matchIndex=21
2023-03-07 04:41:15,467 DEBUG server.RaftServer$Division (RaftServerImpl.java:logAppendEntries(1429)) - s9@group-44F04D6AF308: receive appendEntries(s7, 1, (t:1, i:21), 21, true, commits:[s7:c21, s8:c20, s9:c20], cId:6408, entries: [(t:1, i:22), METADATAENTRY(c:21)]
2023-03-07 04:41:15,468 DEBUG server.RaftServer$Division (RaftServerImpl.java:logAppendEntries(1429)) - s8@group-44F04D6AF308: receive appendEntries(s7, 1, (t:1, i:21), 21, true, commits:[s7:c21, s8:c20, s9:c19], cId:6407, entries: [(t:1, i:22), METADATAENTRY(c:21)]
2023-03-07 04:41:15,468 DEBUG server.RaftServer$Division (RaftServerImpl.java:logAppendEntries(1429)) - s9@group-44F04D6AF308: succeeded to handle AppendEntries. Reply: s7<-s9#6408:OK-t1,SUCCESS,nextIndex=23,followerCommit=21,matchIndex=22
2023-03-07 04:41:15,468 DEBUG server.RaftServer$Division (RaftServerImpl.java:logAppendEntries(1429)) - s8@group-44F04D6AF308: succeeded to handle AppendEntries. Reply: s7<-s8#6407:OK-t1,SUCCESS,nextIndex=23,followerCommit=21,matchIndex=22
2023-03-07 04:41:15,469 DEBUG server.RaftServer$Division (RaftServerImpl.java:submitClientRequestAsync(832)) - s7@group-44F04D6AF308: receive client request(RaftClientRequest:client-B09D92EF6A27->s7@group-44F04D6AF308, cid=6409, seq=0, RW, Message:01016300)
2023-03-07 04:41:15,469 DEBUG server.RaftServer$Division (LeaderStateImpl.java:addPendingRequest(474)) - s7@group-44F04D6AF308-LeaderStateImpl: addPendingRequest at RaftClientRequest:client-B09D92EF6A27->s7@group-44F04D6AF308, cid=6409, seq=0, RW, Message:01016300, entry=(t:1, i:23), STATEMACHINELOGENTRY, 6409@client-B09D92EF6A27
2023-03-07 04:41:15,469 DEBUG server.RaftServer$Division (RaftServerImpl.java:logAppendEntries(1429)) - s8@group-44F04D6AF308: receive appendEntries(s7, 1, (t:1, i:22), 22, true, commits:[s7:c22, s8:c21, s9:c21], cId:6410, entries: [(t:1, i:23), STATEMACHINELOGENTRY, 6409@client-B09D92EF6A27]
2023-03-07 04:41:15,470 DEBUG server.RaftServer$Division (RaftServerImpl.java:logAppendEntries(1429)) - s8@group-44F04D6AF308: succeeded to handle AppendEntries. Reply: s7<-s8#6410:OK-t1,SUCCESS,nextIndex=24,followerCommit=22,matchIndex=23
2023-03-07 04:41:15,470 DEBUG server.RaftServer$Division (RaftServerImpl.java:logAppendEntries(1429)) - s9@group-44F04D6AF308: receive appendEntries(s7, 1, (t:1, i:22), 22, true, commits:[s7:c22, s8:c21, s9:c21], cId:6411, entries: [(t:1, i:23), STATEMACHINELOGENTRY, 6409@client-B09D92EF6A27]
2023-03-07 04:41:15,470 DEBUG server.RaftServer$Division (RaftServerImpl.java:logAppendEntries(1429)) - s9@group-44F04D6AF308: succeeded to handle AppendEntries. Reply: s7<-s9#6411:OK-t1,SUCCESS,nextIndex=24,followerCommit=22,matchIndex=23
2023-03-07 04:41:15,470 INFO  statemachine.StateMachine (ArithmeticStateMachine.java:applyTransaction(182)) - LEADER:s7-23: c = null = null
2023-03-07 04:41:15,471 DEBUG server.RaftServer$Division (RaftServerImpl.java:logAppendEntries(1429)) - s9@group-44F04D6AF308: receive appendEntries(s7, 1, (t:1, i:23), 23, true, commits:[s7:c23, s8:c22, s9:c22], cId:6412, entries: [(t:1, i:24), METADATAENTRY(c:23)]
2023-03-07 04:41:15,471 DEBUG server.RaftServer$Division (RaftServerImpl.java:logAppendEntries(1429)) - s9@group-44F04D6AF308: succeeded to handle AppendEntries. Reply: s7<-s9#6412:OK-t1,SUCCESS,nextIndex=25,followerCommit=23,matchIndex=24
2023-03-07 04:41:15,471 DEBUG server.RaftServer$Division (RaftServerImpl.java:logAppendEntries(1429)) - s8@group-44F04D6AF308: receive appendEntries(s7, 1, (t:1, i:23), 23, true, commits:[s7:c23, s8:c22, s9:c22], cId:6413, entries: [(t:1, i:24), METADATAENTRY(c:23)]
2023-03-07 04:41:15,472 DEBUG server.RaftServer$Division (RaftServerImpl.java:logAppendEntries(1429)) - s8@group-44F04D6AF308: succeeded to handle AppendEntries. Reply: s7<-s8#6413:OK-t1,SUCCESS,nextIndex=25,followerCommit=23,matchIndex=24
2023-03-07 04:41:15,472 DEBUG server.RaftServer$Division (RaftServerImpl.java:submitClientRequestAsync(832)) - s7@group-44F04D6AF308: receive client request(RaftClientRequest:client-B09D92EF6A27->s7@group-44F04D6AF308, cid=6414, seq=0, RW, Message:010161024055c0000000...(size=12))
2023-03-07 04:41:15,472 DEBUG server.RaftServer$Division (LeaderStateImpl.java:addPendingRequest(474)) - s7@group-44F04D6AF308-LeaderStateImpl: addPendingRequest at RaftClientRequest:client-B09D92EF6A27->s7@group-44F04D6AF308, cid=6414, seq=0, RW, Message:010161024055c0000000...(size=12), entry=(t:1, i:25), STATEMACHINELOGENTRY, 6414@client-B09D92EF6A27
2023-03-07 04:41:15,473 DEBUG server.RaftServer$Division (RaftServerImpl.java:logAppendEntries(1429)) - s8@group-44F04D6AF308: receive appendEntries(s7, 1, (t:1, i:24), 24, true, commits:[s7:c24, s8:c23, s9:c23], cId:6415, entries: [(t:1, i:25), STATEMACHINELOGENTRY, 6414@client-B09D92EF6A27]
2023-03-07 04:41:15,473 DEBUG server.RaftServer$Division (RaftServerImpl.java:logAppendEntries(1429)) - s8@group-44F04D6AF308: succeeded to handle AppendEntries. Reply: s7<-s8#6415:OK-t1,SUCCESS,nextIndex=26,followerCommit=24,matchIndex=25
2023-03-07 04:41:15,473 DEBUG server.RaftServer$Division (RaftServerImpl.java:logAppendEntries(1429)) - s9@group-44F04D6AF308: receive appendEntries(s7, 1, (t:1, i:24), 24, true, commits:[s7:c24, s8:c23, s9:c23], cId:6416, entries: [(t:1, i:25), STATEMACHINELOGENTRY, 6414@client-B09D92EF6A27]
2023-03-07 04:41:15,473 DEBUG server.RaftServer$Division (RaftServerImpl.java:logAppendEntries(1429)) - s9@group-44F04D6AF308: succeeded to handle AppendEntries. Reply: s7<-s9#6416:OK-t1,SUCCESS,nextIndex=26,followerCommit=24,matchIndex=25
2023-03-07 04:41:15,474 INFO  statemachine.StateMachine (ArithmeticStateMachine.java:applyTransaction(182)) - LEADER:s7-25: a = 87 = 87
2023-03-07 04:41:15,474 DEBUG server.RaftServer$Division (RaftServerImpl.java:logAppendEntries(1429)) - s9@group-44F04D6AF308: receive appendEntries(s7, 1, (t:1, i:25), 25, true, commits:[s7:c25, s8:c24, s9:c24], cId:6417, entries: [(t:1, i:26), METADATAENTRY(c:25)]
2023-03-07 04:41:15,474 DEBUG server.RaftServer$Division (RaftServerImpl.java:logAppendEntries(1429)) - s9@group-44F04D6AF308: succeeded to handle AppendEntries. Reply: s7<-s9#6417:OK-t1,SUCCESS,nextIndex=27,followerCommit=25,matchIndex=26
2023-03-07 04:41:15,475 DEBUG server.RaftServer$Division (RaftServerImpl.java:logAppendEntries(1429)) - s8@group-44F04D6AF308: receive appendEntries(s7, 1, (t:1, i:25), 25, true, commits:[s7:c25, s8:c24, s9:c24], cId:6418, entries: [(t:1, i:26), METADATAENTRY(c:25)]
2023-03-07 04:41:15,475 DEBUG server.RaftServer$Division (RaftServerImpl.java:submitClientRequestAsync(832)) - s7@group-44F04D6AF308: receive client request(RaftClientRequest:client-B09D92EF6A27->s7@group-44F04D6AF308, cid=6419, seq=0, RW, Message:0101620240ad90000000...(size=12))
2023-03-07 04:41:15,475 DEBUG server.RaftServer$Division (RaftServerImpl.java:logAppendEntries(1429)) - s8@group-44F04D6AF308: succeeded to handle AppendEntries. Reply: s7<-s8#6418:OK-t1,SUCCESS,nextIndex=27,followerCommit=25,matchIndex=26
2023-03-07 04:41:15,476 DEBUG server.RaftServer$Division (LeaderStateImpl.java:addPendingRequest(474)) - s7@group-44F04D6AF308-LeaderStateImpl: addPendingRequest at RaftClientRequest:client-B09D92EF6A27->s7@group-44F04D6AF308, cid=6419, seq=0, RW, Message:0101620240ad90000000...(size=12), entry=(t:1, i:27), STATEMACHINELOGENTRY, 6419@client-B09D92EF6A27
2023-03-07 04:41:15,476 DEBUG server.RaftServer$Division (RaftServerImpl.java:logAppendEntries(1429)) - s8@group-44F04D6AF308: receive appendEntries(s7, 1, (t:1, i:26), 26, true, commits:[s7:c26, s8:c25, s9:c25], cId:6420, entries: [(t:1, i:27), STATEMACHINELOGENTRY, 6419@client-B09D92EF6A27]
2023-03-07 04:41:15,476 DEBUG server.RaftServer$Division (RaftServerImpl.java:logAppendEntries(1429)) - s9@group-44F04D6AF308: receive appendEntries(s7, 1, (t:1, i:26), 26, true, commits:[s7:c26, s8:c25, s9:c25], cId:6421, entries: [(t:1, i:27), STATEMACHINELOGENTRY, 6419@client-B09D92EF6A27]
2023-03-07 04:41:15,476 DEBUG server.RaftServer$Division (RaftServerImpl.java:logAppendEntries(1429)) - s8@group-44F04D6AF308: succeeded to handle AppendEntries. Reply: s7<-s8#6420:OK-t1,SUCCESS,nextIndex=28,followerCommit=26,matchIndex=27
2023-03-07 04:41:15,477 DEBUG server.RaftServer$Division (RaftServerImpl.java:logAppendEntries(1429)) - s9@group-44F04D6AF308: succeeded to handle AppendEntries. Reply: s7<-s9#6421:OK-t1,SUCCESS,nextIndex=28,followerCommit=26,matchIndex=27
2023-03-07 04:41:15,477 INFO  statemachine.StateMachine (ArithmeticStateMachine.java:applyTransaction(182)) - LEADER:s7-27: b = 3784 = 3784
2023-03-07 04:41:15,477 DEBUG server.RaftServer$Division (RaftServerImpl.java:logAppendEntries(1429)) - s9@group-44F04D6AF308: receive appendEntries(s7, 1, (t:1, i:27), 27, true, commits:[s7:c27, s8:c25, s9:c26], cId:6422, entries: [(t:1, i:28), METADATAENTRY(c:27)]
2023-03-07 04:41:15,478 DEBUG server.RaftServer$Division (RaftServerImpl.java:logAppendEntries(1429)) - s9@group-44F04D6AF308: succeeded to handle AppendEntries. Reply: s7<-s9#6422:OK-t1,SUCCESS,nextIndex=29,followerCommit=27,matchIndex=28
2023-03-07 04:41:15,478 DEBUG server.RaftServer$Division (RaftServerImpl.java:logAppendEntries(1429)) - s8@group-44F04D6AF308: receive appendEntries(s7, 1, (t:1, i:27), 28, true, commits:[s7:c28, s8:c26, s9:c27], cId:6423, entries: [(t:1, i:28), METADATAENTRY(c:27)]
2023-03-07 04:41:15,478 DEBUG server.RaftServer$Division (RaftServerImpl.java:submitClientRequestAsync(832)) - s7@group-44F04D6AF308: receive client request(RaftClientRequest:client-B09D92EF6A27->s7@group-44F04D6AF308, cid=6424, seq=0, RW, Message:01016304010300040201...(size=17))
2023-03-07 04:41:15,479 DEBUG server.RaftServer$Division (RaftServerImpl.java:logAppendEntries(1429)) - s8@group-44F04D6AF308: succeeded to handle AppendEntries. Reply: s7<-s8#6423:OK-t1,SUCCESS,nextIndex=29,followerCommit=28,matchIndex=28
2023-03-07 04:41:15,479 DEBUG server.RaftServer$Division (LeaderStateImpl.java:addPendingRequest(474)) - s7@group-44F04D6AF308-LeaderStateImpl: addPendingRequest at RaftClientRequest:client-B09D92EF6A27->s7@group-44F04D6AF308, cid=6424, seq=0, RW, Message:01016304010300040201...(size=17), entry=(t:1, i:29), STATEMACHINELOGENTRY, 6424@client-B09D92EF6A27
2023-03-07 04:41:15,480 DEBUG server.RaftServer$Division (RaftServerImpl.java:logAppendEntries(1429)) - s9@group-44F04D6AF308: receive appendEntries(s7, 1, (t:1, i:28), 28, true, commits:[s7:c28, s8:c28, s9:c27], cId:6430, entries: [(t:1, i:29), STATEMACHINELOGENTRY, 6424@client-B09D92EF6A27]
2023-03-07 04:41:15,480 DEBUG server.RaftServer$Division (RaftServerImpl.java:logAppendEntries(1429)) - s9@group-44F04D6AF308: succeeded to handle AppendEntries. Reply: s7<-s9#6430:OK-t1,SUCCESS,nextIndex=30,followerCommit=28,matchIndex=29
2023-03-07 04:41:15,480 INFO  statemachine.StateMachine (ArithmeticStateMachine.java:applyTransaction(182)) - LEADER:s7-29: c = √(a^2 + b^2) = 3785
2023-03-07 04:41:15,480 DEBUG server.RaftServer$Division (RaftServerImpl.java:logAppendEntries(1429)) - s9@group-44F04D6AF308: receive appendEntries(s7, 1, (t:1, i:29), 29, true, commits:[s7:c29, s8:c28, s9:c28], cId:6431, entries: [(t:1, i:30), METADATAENTRY(c:29)]
2023-03-07 04:41:15,481 DEBUG server.RaftServer$Division (RaftServerImpl.java:logAppendEntries(1429)) - s9@group-44F04D6AF308: succeeded to handle AppendEntries. Reply: s7<-s9#6431:OK-t1,SUCCESS,nextIndex=31,followerCommit=29,matchIndex=30
2023-03-07 04:41:15,481 DEBUG server.RaftServer$Division (RaftServerImpl.java:logAppendEntries(1429)) - s8@group-44F04D6AF308: receive appendEntries(s7, 1, (t:1, i:28), 28, true, commits:[s7:c28, s8:c28, s9:c27], cId:6429, entries: [(t:1, i:29), STATEMACHINELOGENTRY, 6424@client-B09D92EF6A27]
2023-03-07 04:41:15,481 DEBUG server.RaftServer$Division (RaftServerImpl.java:submitClientRequestAsync(832)) - s7@group-44F04D6AF308: receive client request(RaftClientRequest:client-B09D92EF6A27->s7@group-44F04D6AF308, cid=6432, seq=0, RW, Message:01016100)
2023-03-07 04:41:15,481 DEBUG server.RaftServer$Division (RaftServerImpl.java:logAppendEntries(1429)) - s8@group-44F04D6AF308: succeeded to handle AppendEntries. Reply: s7<-s8#6429:OK-t1,SUCCESS,nextIndex=30,followerCommit=28,matchIndex=29
2023-03-07 04:41:15,482 DEBUG server.RaftServer$Division (LeaderStateImpl.java:addPendingRequest(474)) - s7@group-44F04D6AF308-LeaderStateImpl: addPendingRequest at RaftClientRequest:client-B09D92EF6A27->s7@group-44F04D6AF308, cid=6432, seq=0, RW, Message:01016100, entry=(t:1, i:31), STATEMACHINELOGENTRY, 6432@client-B09D92EF6A27
2023-03-07 04:41:15,482 DEBUG server.RaftServer$Division (RaftServerImpl.java:logAppendEntries(1429)) - s9@group-44F04D6AF308: receive appendEntries(s7, 1, (t:1, i:30), 30, true, commits:[s7:c30, s8:c28, s9:c29], cId:6434, entries: [(t:1, i:31), STATEMACHINELOGENTRY, 6432@client-B09D92EF6A27]
2023-03-07 04:41:15,482 DEBUG server.RaftServer$Division (RaftServerImpl.java:logAppendEntries(1429)) - s8@group-44F04D6AF308: receive appendEntries(s7, 1, (t:1, i:29), 30, true, commits:[s7:c30, s8:c28, s9:c29], cId:6433, entries: [(t:1, i:30), METADATAENTRY(c:29), (t:1, i:31), STATEMACHINELOGENTRY, 6432@client-B09D92EF6A27]
2023-03-07 04:41:15,483 DEBUG server.RaftServer$Division (RaftServerImpl.java:logAppendEntries(1429)) - s9@group-44F04D6AF308: succeeded to handle AppendEntries. Reply: s7<-s9#6434:OK-t1,SUCCESS,nextIndex=32,followerCommit=30,matchIndex=31
2023-03-07 04:41:15,483 INFO  statemachine.StateMachine (ArithmeticStateMachine.java:applyTransaction(182)) - LEADER:s7-31: a = null = null
2023-03-07 04:41:15,483 DEBUG server.RaftServer$Division (RaftServerImpl.java:logAppendEntries(1429)) - s9@group-44F04D6AF308: receive appendEntries(s7, 1, (t:1, i:31), 31, true, commits:[s7:c31, s8:c28, s9:c30], cId:6435, entries: [(t:1, i:32), METADATAENTRY(c:31)]
2023-03-07 04:41:15,484 DEBUG server.RaftServer$Division (RaftServerImpl.java:submitClientRequestAsync(832)) - s7@group-44F04D6AF308: receive client request(RaftClientRequest:client-B09D92EF6A27->s7@group-44F04D6AF308, cid=6436, seq=0, RW, Message:01016200)
2023-03-07 04:41:15,484 DEBUG server.RaftServer$Division (RaftServerImpl.java:logAppendEntries(1429)) - s9@group-44F04D6AF308: succeeded to handle AppendEntries. Reply: s7<-s9#6435:OK-t1,SUCCESS,nextIndex=33,followerCommit=31,matchIndex=32
2023-03-07 04:41:15,484 DEBUG server.RaftServer$Division (RaftServerImpl.java:logAppendEntries(1429)) - s8@group-44F04D6AF308: succeeded to handle AppendEntries. Reply: s7<-s8#6433:OK-t1,SUCCESS,nextIndex=32,followerCommit=30,matchIndex=31
2023-03-07 04:41:15,485 DEBUG server.RaftServer$Division (LeaderStateImpl.java:addPendingRequest(474)) - s7@group-44F04D6AF308-LeaderStateImpl: addPendingRequest at RaftClientRequest:client-B09D92EF6A27->s7@group-44F04D6AF308, cid=6436, seq=0, RW, Message:01016200, entry=(t:1, i:33), STATEMACHINELOGENTRY, 6436@client-B09D92EF6A27
2023-03-07 04:41:15,485 DEBUG server.RaftServer$Division (RaftServerImpl.java:logAppendEntries(1429)) - s8@group-44F04D6AF308: receive appendEntries(s7, 1, (t:1, i:31), 31, true, commits:[s7:c31, s8:c30, s9:c31], cId:6437, entries: [(t:1, i:32), METADATAENTRY(c:31), (t:1, i:33), STATEMACHINELOGENTRY, 6436@client-B09D92EF6A27]
2023-03-07 04:41:15,485 DEBUG server.RaftServer$Division (RaftServerImpl.java:logAppendEntries(1429)) - s9@group-44F04D6AF308: receive appendEntries(s7, 1, (t:1, i:32), 31, true, commits:[s7:c31, s8:c30, s9:c31], cId:6438, entries: [(t:1, i:33), STATEMACHINELOGENTRY, 6436@client-B09D92EF6A27]
2023-03-07 04:41:15,486 DEBUG server.RaftServer$Division (RaftServerImpl.java:logAppendEntries(1429)) - s8@group-44F04D6AF308: succeeded to handle AppendEntries. Reply: s7<-s8#6437:OK-t1,SUCCESS,nextIndex=34,followerCommit=31,matchIndex=33
2023-03-07 04:41:15,486 DEBUG server.RaftServer$Division (RaftServerImpl.java:logAppendEntries(1429)) - s9@group-44F04D6AF308: succeeded to handle AppendEntries. Reply: s7<-s9#6438:OK-t1,SUCCESS,nextIndex=34,followerCommit=31,matchIndex=33
2023-03-07 04:41:15,486 INFO  statemachine.StateMachine (ArithmeticStateMachine.java:applyTransaction(182)) - LEADER:s7-33: b = null = null
2023-03-07 04:41:15,487 DEBUG server.RaftServer$Division (RaftServerImpl.java:logAppendEntries(1429)) - s8@group-44F04D6AF308: receive appendEntries(s7, 1, (t:1, i:33), 33, true, commits:[s7:c33, s8:c31, s9:c31], cId:6440, entries: [(t:1, i:34), METADATAENTRY(c:33)]
2023-03-07 04:41:15,487 DEBUG server.RaftServer$Division (RaftServerImpl.java:logAppendEntries(1429)) - s9@group-44F04D6AF308: receive appendEntries(s7, 1, (t:1, i:33), 33, true, commits:[s7:c33, s8:c30, s9:c31], cId:6439, entries: [(t:1, i:34), METADATAENTRY(c:33)]
2023-03-07 04:41:15,487 DEBUG server.RaftServer$Division (RaftServerImpl.java:submitClientRequestAsync(832)) - s7@group-44F04D6AF308: receive client request(RaftClientRequest:client-B09D92EF6A27->s7@group-44F04D6AF308, cid=6441, seq=0, RW, Message:01016300)
2023-03-07 04:41:15,487 DEBUG server.RaftServer$Division (LeaderStateImpl.java:addPendingRequest(474)) - s7@group-44F04D6AF308-LeaderStateImpl: addPendingRequest at RaftClientRequest:client-B09D92EF6A27->s7@group-44F04D6AF308, cid=6441, seq=0, RW, Message:01016300, entry=(t:1, i:35), STATEMACHINELOGENTRY, 6441@client-B09D92EF6A27
2023-03-07 04:41:15,487 DEBUG server.RaftServer$Division (RaftServerImpl.java:logAppendEntries(1429)) - s8@group-44F04D6AF308: succeeded to handle AppendEntries. Reply: s7<-s8#6440:OK-t1,SUCCESS,nextIndex=35,followerCommit=33,matchIndex=34
2023-03-07 04:41:15,488 DEBUG server.RaftServer$Division (RaftServerImpl.java:logAppendEntries(1429)) - s9@group-44F04D6AF308: succeeded to handle AppendEntries. Reply: s7<-s9#6439:OK-t1,SUCCESS,nextIndex=35,followerCommit=33,matchIndex=34
2023-03-07 04:41:15,488 DEBUG server.RaftServer$Division (RaftServerImpl.java:logAppendEntries(1429)) - s9@group-44F04D6AF308: receive appendEntries(s7, 1, (t:1, i:34), 33, true, commits:[s7:c33, s8:c31, s9:c33], cId:6442, entries: [(t:1, i:35), STATEMACHINELOGENTRY, 6441@client-B09D92EF6A27]
2023-03-07 04:41:15,489 DEBUG server.RaftServer$Division (RaftServerImpl.java:logAppendEntries(1429)) - s9@group-44F04D6AF308: succeeded to handle AppendEntries. Reply: s7<-s9#6442:OK-t1,SUCCESS,nextIndex=36,followerCommit=33,matchIndex=35
2023-03-07 04:41:15,489 INFO  statemachine.StateMachine (ArithmeticStateMachine.java:applyTransaction(182)) - LEADER:s7-35: c = null = null
2023-03-07 04:41:15,489 DEBUG server.RaftServer$Division (RaftServerImpl.java:logAppendEntries(1429)) - s8@group-44F04D6AF308: receive appendEntries(s7, 1, (t:1, i:34), 34, true, commits:[s7:c34, s8:c33, s9:c33], cId:6443, entries: [(t:1, i:35), STATEMACHINELOGENTRY, 6441@client-B09D92EF6A27]
2023-03-07 04:41:15,490 DEBUG server.RaftServer$Division (RaftServerImpl.java:submitClientRequestAsync(832)) - s7@group-44F04D6AF308: receive client request(RaftClientRequest:client-B09D92EF6A27->s7@group-44F04D6AF308, cid=6445, seq=0, RW, Message:01016102405640000000...(size=12))
2023-03-07 04:41:15,490 DEBUG server.RaftServer$Division (LeaderStateImpl.java:addPendingRequest(474)) - s7@group-44F04D6AF308-LeaderStateImpl: addPendingRequest at RaftClientRequest:client-B09D92EF6A27->s7@group-44F04D6AF308, cid=6445, seq=0, RW, Message:01016102405640000000...(size=12), entry=(t:1, i:37), STATEMACHINELOGENTRY, 6445@client-B09D92EF6A27
2023-03-07 04:41:15,489 DEBUG server.RaftServer$Division (RaftServerImpl.java:logAppendEntries(1429)) - s9@group-44F04D6AF308: receive appendEntries(s7, 1, (t:1, i:35), 35, true, commits:[s7:c35, s8:c33, s9:c33], cId:6444, entries: [(t:1, i:36), METADATAENTRY(c:35)]
2023-03-07 04:41:15,490 DEBUG server.RaftServer$Division (RaftServerImpl.java:logAppendEntries(1429)) - s8@group-44F04D6AF308: succeeded to handle AppendEntries. Reply: s7<-s8#6443:OK-t1,SUCCESS,nextIndex=36,followerCommit=34,matchIndex=35
2023-03-07 04:41:15,491 DEBUG server.RaftServer$Division (RaftServerImpl.java:logAppendEntries(1429)) - s9@group-44F04D6AF308: succeeded to handle AppendEntries. Reply: s7<-s9#6444:OK-t1,SUCCESS,nextIndex=37,followerCommit=35,matchIndex=36
2023-03-07 04:41:15,491 DEBUG server.RaftServer$Division (RaftServerImpl.java:logAppendEntries(1429)) - s8@group-44F04D6AF308: receive appendEntries(s7, 1, (t:1, i:35), 35, true, commits:[s7:c35, s8:c34, s9:c33], cId:6446, entries: [(t:1, i:36), METADATAENTRY(c:35), (t:1, i:37), STATEMACHINELOGENTRY, 6445@client-B09D92EF6A27]
2023-03-07 04:41:15,491 DEBUG server.RaftServer$Division (RaftServerImpl.java:logAppendEntries(1429)) - s9@group-44F04D6AF308: receive appendEntries(s7, 1, (t:1, i:36), 35, true, commits:[s7:c35, s8:c34, s9:c35], cId:6447, entries: [(t:1, i:37), STATEMACHINELOGENTRY, 6445@client-B09D92EF6A27]
2023-03-07 04:41:15,492 DEBUG server.RaftServer$Division (RaftServerImpl.java:logAppendEntries(1429)) - s8@group-44F04D6AF308: succeeded to handle AppendEntries. Reply: s7<-s8#6446:OK-t1,SUCCESS,nextIndex=38,followerCommit=35,matchIndex=37
2023-03-07 04:41:15,492 INFO  statemachine.StateMachine (ArithmeticStateMachine.java:applyTransaction(182)) - LEADER:s7-37: a = 89 = 89
2023-03-07 04:41:15,492 DEBUG server.RaftServer$Division (RaftServerImpl.java:logAppendEntries(1429)) - s8@group-44F04D6AF308: receive appendEntries(s7, 1, (t:1, i:37), 37, true, commits:[s7:c37, s8:c35, s9:c35], cId:6448, entries: [(t:1, i:38), METADATAENTRY(c:37)]
2023-03-07 04:41:15,492 DEBUG server.RaftServer$Division (RaftServerImpl.java:submitClientRequestAsync(832)) - s7@group-44F04D6AF308: receive client request(RaftClientRequest:client-B09D92EF6A27->s7@group-44F04D6AF308, cid=6449, seq=0, RW, Message:0101620240aef0000000...(size=12))
2023-03-07 04:41:15,493 DEBUG server.RaftServer$Division (LeaderStateImpl.java:addPendingRequest(474)) - s7@group-44F04D6AF308-LeaderStateImpl: addPendingRequest at RaftClientRequest:client-B09D92EF6A27->s7@group-44F04D6AF308, cid=6449, seq=0, RW, Message:0101620240aef0000000...(size=12), entry=(t:1, i:39), STATEMACHINELOGENTRY, 6449@client-B09D92EF6A27
2023-03-07 04:41:15,492 DEBUG server.RaftServer$Division (RaftServerImpl.java:logAppendEntries(1429)) - s9@group-44F04D6AF308: succeeded to handle AppendEntries. Reply: s7<-s9#6447:OK-t1,SUCCESS,nextIndex=38,followerCommit=35,matchIndex=37
2023-03-07 04:41:15,493 DEBUG server.RaftServer$Division (RaftServerImpl.java:logAppendEntries(1429)) - s9@group-44F04D6AF308: receive appendEntries(s7, 1, (t:1, i:37), 37, true, commits:[s7:c37, s8:c35, s9:c35], cId:6450, entries: [(t:1, i:38), METADATAENTRY(c:37), (t:1, i:39), STATEMACHINELOGENTRY, 6449@client-B09D92EF6A27]
2023-03-07 04:41:15,493 DEBUG server.RaftServer$Division (RaftServerImpl.java:logAppendEntries(1429)) - s8@group-44F04D6AF308: succeeded to handle AppendEntries. Reply: s7<-s8#6448:OK-t1,SUCCESS,nextIndex=39,followerCommit=37,matchIndex=38
2023-03-07 04:41:15,494 DEBUG server.RaftServer$Division (RaftServerImpl.java:logAppendEntries(1429)) - s8@group-44F04D6AF308: receive appendEntries(s7, 1, (t:1, i:38), 37, true, commits:[s7:c37, s8:c37, s9:c35], cId:6451, entries: [(t:1, i:39), STATEMACHINELOGENTRY, 6449@client-B09D92EF6A27]
2023-03-07 04:41:15,494 DEBUG server.RaftServer$Division (RaftServerImpl.java:logAppendEntries(1429)) - s9@group-44F04D6AF308: succeeded to handle AppendEntries. Reply: s7<-s9#6450:OK-t1,SUCCESS,nextIndex=40,followerCommit=37,matchIndex=39
2023-03-07 04:41:15,494 INFO  statemachine.StateMachine (ArithmeticStateMachine.java:applyTransaction(182)) - LEADER:s7-39: b = 3960 = 3960
2023-03-07 04:41:15,495 DEBUG server.RaftServer$Division (RaftServerImpl.java:logAppendEntries(1429)) - s9@group-44F04D6AF308: receive appendEntries(s7, 1, (t:1, i:39), 39, true, commits:[s7:c39, s8:c37, s9:c37], cId:6452, entries: [(t:1, i:40), METADATAENTRY(c:39)]
2023-03-07 04:41:15,495 DEBUG server.RaftServer$Division (RaftServerImpl.java:logAppendEntries(1429)) - s8@group-44F04D6AF308: succeeded to handle AppendEntries. Reply: s7<-s8#6451:OK-t1,SUCCESS,nextIndex=40,followerCommit=37,matchIndex=39
2023-03-07 04:41:15,495 DEBUG server.RaftServer$Division (RaftServerImpl.java:submitClientRequestAsync(832)) - s7@group-44F04D6AF308: receive client request(RaftClientRequest:client-B09D92EF6A27->s7@group-44F04D6AF308, cid=6453, seq=0, RW, Message:01016304010300040201...(size=17))
2023-03-07 04:41:15,496 DEBUG server.RaftServer$Division (LeaderStateImpl.java:addPendingRequest(474)) - s7@group-44F04D6AF308-LeaderStateImpl: addPendingRequest at RaftClientRequest:client-B09D92EF6A27->s7@group-44F04D6AF308, cid=6453, seq=0, RW, Message:01016304010300040201...(size=17), entry=(t:1, i:41), STATEMACHINELOGENTRY, 6453@client-B09D92EF6A27
2023-03-07 04:41:15,496 DEBUG server.RaftServer$Division (RaftServerImpl.java:logAppendEntries(1429)) - s9@group-44F04D6AF308: succeeded to handle AppendEntries. Reply: s7<-s9#6452:OK-t1,SUCCESS,nextIndex=41,followerCommit=39,matchIndex=40
2023-03-07 04:41:15,496 DEBUG server.RaftServer$Division (RaftServerImpl.java:logAppendEntries(1429)) - s9@group-44F04D6AF308: receive appendEntries(s7, 1, (t:1, i:40), 39, true, commits:[s7:c39, s8:c37, s9:c39], cId:6455, entries: [(t:1, i:41), STATEMACHINELOGENTRY, 6453@client-B09D92EF6A27]
2023-03-07 04:41:15,496 DEBUG server.RaftServer$Division (RaftServerImpl.java:logAppendEntries(1429)) - s8@group-44F04D6AF308: receive appendEntries(s7, 1, (t:1, i:39), 39, true, commits:[s7:c39, s8:c37, s9:c37], cId:6454, entries: [(t:1, i:40), METADATAENTRY(c:39)]
2023-03-07 04:41:15,497 DEBUG server.RaftServer$Division (RaftServerImpl.java:logAppendEntries(1429)) - s9@group-44F04D6AF308: succeeded to handle AppendEntries. Reply: s7<-s9#6455:OK-t1,SUCCESS,nextIndex=42,followerCommit=39,matchIndex=41
2023-03-07 04:41:15,497 DEBUG server.RaftServer$Division (RaftServerImpl.java:logAppendEntries(1429)) - s8@group-44F04D6AF308: succeeded to handle AppendEntries. Reply: s7<-s8#6454:OK-t1,SUCCESS,nextIndex=41,followerCommit=39,matchIndex=40
2023-03-07 04:41:15,497 DEBUG server.RaftServer$Division (RaftServerImpl.java:logAppendEntries(1429)) - s8@group-44F04D6AF308: receive appendEntries(s7, 1, (t:1, i:40), 40, true, commits:[s7:c40, s8:c39, s9:c39], cId:6456, entries: [(t:1, i:41), STATEMACHINELOGENTRY, 6453@client-B09D92EF6A27]
2023-03-07 04:41:15,498 DEBUG server.RaftServer$Division (RaftServerImpl.java:logAppendEntries(1429)) - s9@group-44F04D6AF308: receive appendEntries(s7, 1, (t:1, i:41), 41, true, commits:[s7:c41, s8:c39, s9:c39], cId:6457, entries: [(t:1, i:42), METADATAENTRY(c:41)]
2023-03-07 04:41:15,498 INFO  statemachine.StateMachine (ArithmeticStateMachine.java:applyTransaction(182)) - LEADER:s7-41: c = √(a^2 + b^2) = 3961
2023-03-07 04:41:15,498 DEBUG server.RaftServer$Division (RaftServerImpl.java:logAppendEntries(1429)) - s8@group-44F04D6AF308: succeeded to handle AppendEntries. Reply: s7<-s8#6456:OK-t1,SUCCESS,nextIndex=42,followerCommit=40,matchIndex=41
2023-03-07 04:41:15,499 DEBUG server.RaftServer$Division (RaftServerImpl.java:submitClientRequestAsync(832)) - s7@group-44F04D6AF308: receive client request(RaftClientRequest:client-B09D92EF6A27->s7@group-44F04D6AF308, cid=6458, seq=0, RW, Message:01016100)
2023-03-07 04:41:15,499 DEBUG server.RaftServer$Division (LeaderStateImpl.java:addPendingRequest(474)) - s7@group-44F04D6AF308-LeaderStateImpl: addPendingRequest at RaftClientRequest:client-B09D92EF6A27->s7@group-44F04D6AF308, cid=6458, seq=0, RW, Message:01016100, entry=(t:1, i:43), STATEMACHINELOGENTRY, 6458@client-B09D92EF6A27
2023-03-07 04:41:15,499 DEBUG server.RaftServer$Division (RaftServerImpl.java:logAppendEntries(1429)) - s8@group-44F04D6AF308: receive appendEntries(s7, 1, (t:1, i:41), 41, true, commits:[s7:c41, s8:c40, s9:c39], cId:6459, entries: [(t:1, i:42), METADATAENTRY(c:41)]
2023-03-07 04:41:15,499 DEBUG server.RaftServer$Division (RaftServerImpl.java:logAppendEntries(1429)) - s9@group-44F04D6AF308: succeeded to handle AppendEntries. Reply: s7<-s9#6457:OK-t1,SUCCESS,nextIndex=43,followerCommit=41,matchIndex=42
2023-03-07 04:41:15,500 DEBUG server.RaftServer$Division (RaftServerImpl.java:logAppendEntries(1429)) - s8@group-44F04D6AF308: succeeded to handle AppendEntries. Reply: s7<-s8#6459:OK-t1,SUCCESS,nextIndex=43,followerCommit=41,matchIndex=42
2023-03-07 04:41:15,500 DEBUG server.RaftServer$Division (RaftServerImpl.java:logAppendEntries(1429)) - s8@group-44F04D6AF308: receive appendEntries(s7, 1, (t:1, i:42), 42, true, commits:[s7:c42, s8:c41, s9:c41], cId:6461, entries: [(t:1, i:43), STATEMACHINELOGENTRY, 6458@client-B09D92EF6A27]
2023-03-07 04:41:15,500 DEBUG server.RaftServer$Division (RaftServerImpl.java:logAppendEntries(1429)) - s9@group-44F04D6AF308: receive appendEntries(s7, 1, (t:1, i:42), 41, true, commits:[s7:c41, s8:c40, s9:c41], cId:6460, entries: [(t:1, i:43), STATEMACHINELOGENTRY, 6458@client-B09D92EF6A27]
2023-03-07 04:41:15,500 DEBUG server.RaftServer$Division (RaftServerImpl.java:logAppendEntries(1429)) - s9@group-44F04D6AF308: succeeded to handle AppendEntries. Reply: s7<-s9#6460:OK-t1,SUCCESS,nextIndex=44,followerCommit=41,matchIndex=43
2023-03-07 04:41:15,501 INFO  statemachine.StateMachine (ArithmeticStateMachine.java:applyTransaction(182)) - LEADER:s7-43: a = null = null
2023-03-07 04:41:15,501 DEBUG server.RaftServer$Division (RaftServerImpl.java:logAppendEntries(1429)) - s9@group-44F04D6AF308: receive appendEntries(s7, 1, (t:1, i:43), 43, true, commits:[s7:c43, s8:c41, s9:c41], cId:6462, entries: [(t:1, i:44), METADATAENTRY(c:43)]
2023-03-07 04:41:15,501 DEBUG server.RaftServer$Division (RaftServerImpl.java:submitClientRequestAsync(832)) - s7@group-44F04D6AF308: receive client request(RaftClientRequest:client-B09D92EF6A27->s7@group-44F04D6AF308, cid=6463, seq=0, RW, Message:01016200)
2023-03-07 04:41:15,501 DEBUG server.RaftServer$Division (LeaderStateImpl.java:addPendingRequest(474)) - s7@group-44F04D6AF308-LeaderStateImpl: addPendingRequest at RaftClientRequest:client-B09D92EF6A27->s7@group-44F04D6AF308, cid=6463, seq=0, RW, Message:01016200, entry=(t:1, i:45), STATEMACHINELOGENTRY, 6463@client-B09D92EF6A27
2023-03-07 04:41:15,501 DEBUG server.RaftServer$Division (RaftServerImpl.java:logAppendEntries(1429)) - s8@group-44F04D6AF308: succeeded to handle AppendEntries. Reply: s7<-s8#6461:OK-t1,SUCCESS,nextIndex=44,followerCommit=42,matchIndex=43
2023-03-07 04:41:15,502 DEBUG server.RaftServer$Division (RaftServerImpl.java:logAppendEntries(1429)) - s8@group-44F04D6AF308: receive appendEntries(s7, 1, (t:1, i:43), 43, true, commits:[s7:c43, s8:c42, s9:c41], cId:6464, entries: [(t:1, i:44), METADATAENTRY(c:43), (t:1, i:45), STATEMACHINELOGENTRY, 6463@client-B09D92EF6A27]
2023-03-07 04:41:15,502 DEBUG server.RaftServer$Division (RaftServerImpl.java:logAppendEntries(1429)) - s9@group-44F04D6AF308: succeeded to handle AppendEntries. Reply: s7<-s9#6462:OK-t1,SUCCESS,nextIndex=45,followerCommit=43,matchIndex=44
2023-03-07 04:41:15,503 DEBUG server.RaftServer$Division (RaftServerImpl.java:logAppendEntries(1429)) - s8@group-44F04D6AF308: succeeded to handle AppendEntries. Reply: s7<-s8#6464:OK-t1,SUCCESS,nextIndex=46,followerCommit=43,matchIndex=45
2023-03-07 04:41:15,503 INFO  statemachine.StateMachine (ArithmeticStateMachine.java:applyTransaction(182)) - LEADER:s7-45: b = null = null
2023-03-07 04:41:15,503 DEBUG server.RaftServer$Division (RaftServerImpl.java:logAppendEntries(1429)) - s8@group-44F04D6AF308: receive appendEntries(s7, 1, (t:1, i:45), 45, true, commits:[s7:c45, s8:c43, s9:c43], cId:6466, entries: [(t:1, i:46), METADATAENTRY(c:45)]
2023-03-07 04:41:15,503 DEBUG server.RaftServer$Division (RaftServerImpl.java:submitClientRequestAsync(832)) - s7@group-44F04D6AF308: receive client request(RaftClientRequest:client-B09D92EF6A27->s7@group-44F04D6AF308, cid=6467, seq=0, RW, Message:01016300)
2023-03-07 04:41:15,504 DEBUG server.RaftServer$Division (LeaderStateImpl.java:addPendingRequest(474)) - s7@group-44F04D6AF308-LeaderStateImpl: addPendingRequest at RaftClientRequest:client-B09D92EF6A27->s7@group-44F04D6AF308, cid=6467, seq=0, RW, Message:01016300, entry=(t:1, i:47), STATEMACHINELOGENTRY, 6467@client-B09D92EF6A27
2023-03-07 04:41:15,504 DEBUG server.RaftServer$Division (RaftServerImpl.java:logAppendEntries(1429)) - s9@group-44F04D6AF308: receive appendEntries(s7, 1, (t:1, i:44), 43, true, commits:[s7:c43, s8:c42, s9:c43], cId:6465, entries: [(t:1, i:45), STATEMACHINELOGENTRY, 6463@client-B09D92EF6A27]
2023-03-07 04:41:15,504 DEBUG server.RaftServer$Division (RaftServerImpl.java:logAppendEntries(1429)) - s9@group-44F04D6AF308: succeeded to handle AppendEntries. Reply: s7<-s9#6465:OK-t1,SUCCESS,nextIndex=46,followerCommit=43,matchIndex=45
2023-03-07 04:41:15,504 DEBUG server.RaftServer$Division (RaftServerImpl.java:logAppendEntries(1429)) - s8@group-44F04D6AF308: succeeded to handle AppendEntries. Reply: s7<-s8#6466:OK-t1,SUCCESS,nextIndex=47,followerCommit=45,matchIndex=46
2023-03-07 04:41:15,505 DEBUG server.RaftServer$Division (RaftServerImpl.java:logAppendEntries(1429)) - s8@group-44F04D6AF308: receive appendEntries(s7, 1, (t:1, i:46), 45, true, commits:[s7:c45, s8:c45, s9:c43], cId:6469, entries: [(t:1, i:47), STATEMACHINELOGENTRY, 6467@client-B09D92EF6A27]
2023-03-07 04:41:15,504 DEBUG server.RaftServer$Division (RaftServerImpl.java:logAppendEntries(1429)) - s9@group-44F04D6AF308: receive appendEntries(s7, 1, (t:1, i:45), 45, true, commits:[s7:c45, s8:c43, s9:c43], cId:6468, entries: [(t:1, i:46), METADATAENTRY(c:45), (t:1, i:47), STATEMACHINELOGENTRY, 6467@client-B09D92EF6A27]
2023-03-07 04:41:15,505 DEBUG server.RaftServer$Division (RaftServerImpl.java:logAppendEntries(1429)) - s8@group-44F04D6AF308: succeeded to handle AppendEntries. Reply: s7<-s8#6469:OK-t1,SUCCESS,nextIndex=48,followerCommit=45,matchIndex=47
2023-03-07 04:41:15,505 DEBUG server.RaftServer$Division (RaftServerImpl.java:logAppendEntries(1429)) - s9@group-44F04D6AF308: succeeded to handle AppendEntries. Reply: s7<-s9#6468:OK-t1,SUCCESS,nextIndex=48,followerCommit=45,matchIndex=47
2023-03-07 04:41:15,506 INFO  statemachine.StateMachine (ArithmeticStateMachine.java:applyTransaction(182)) - LEADER:s7-47: c = null = null
2023-03-07 04:41:15,506 DEBUG server.RaftServer$Division (RaftServerImpl.java:submitClientRequestAsync(832)) - s7@group-44F04D6AF308: receive client request(RaftClientRequest:client-B09D92EF6A27->s7@group-44F04D6AF308, cid=6472, seq=0, RW, Message:010161024056c0000000...(size=12))
2023-03-07 04:41:15,506 DEBUG server.RaftServer$Division (LeaderStateImpl.java:addPendingRequest(474)) - s7@group-44F04D6AF308-LeaderStateImpl: addPendingRequest at RaftClientRequest:client-B09D92EF6A27->s7@group-44F04D6AF308, cid=6472, seq=0, RW, Message:010161024056c0000000...(size=12), entry=(t:1, i:49), STATEMACHINELOGENTRY, 6472@client-B09D92EF6A27
2023-03-07 04:41:15,506 DEBUG server.RaftServer$Division (RaftServerImpl.java:logAppendEntries(1429)) - s9@group-44F04D6AF308: receive appendEntries(s7, 1, (t:1, i:47), 47, true, commits:[s7:c47, s8:c45, s9:c45], cId:6471, entries: [(t:1, i:48), METADATAENTRY(c:47)]
2023-03-07 04:41:15,507 DEBUG server.RaftServer$Division (RaftServerImpl.java:logAppendEntries(1429)) - s8@group-44F04D6AF308: receive appendEntries(s7, 1, (t:1, i:47), 47, true, commits:[s7:c47, s8:c45, s9:c43], cId:6470, entries: [(t:1, i:48), METADATAENTRY(c:47)]
2023-03-07 04:41:15,507 DEBUG server.RaftServer$Division (RaftServerImpl.java:logAppendEntries(1429)) - s9@group-44F04D6AF308: succeeded to handle AppendEntries. Reply: s7<-s9#6471:OK-t1,SUCCESS,nextIndex=49,followerCommit=47,matchIndex=48
2023-03-07 04:41:15,507 DEBUG server.RaftServer$Division (RaftServerImpl.java:logAppendEntries(1429)) - s8@group-44F04D6AF308: succeeded to handle AppendEntries. Reply: s7<-s8#6470:OK-t1,SUCCESS,nextIndex=49,followerCommit=47,matchIndex=48
2023-03-07 04:41:15,507 DEBUG server.RaftServer$Division (RaftServerImpl.java:logAppendEntries(1429)) - s9@group-44F04D6AF308: receive appendEntries(s7, 1, (t:1, i:48), 47, true, commits:[s7:c47, s8:c45, s9:c47], cId:6473, entries: [(t:1, i:49), STATEMACHINELOGENTRY, 6472@client-B09D92EF6A27]
2023-03-07 04:41:15,508 DEBUG server.RaftServer$Division (RaftServerImpl.java:logAppendEntries(1429)) - s8@group-44F04D6AF308: receive appendEntries(s7, 1, (t:1, i:48), 48, true, commits:[s7:c48, s8:c47, s9:c47], cId:6474, entries: [(t:1, i:49), STATEMACHINELOGENTRY, 6472@client-B09D92EF6A27]
2023-03-07 04:41:15,508 DEBUG server.RaftServer$Division (RaftServerImpl.java:logAppendEntries(1429)) - s9@group-44F04D6AF308: succeeded to handle AppendEntries. Reply: s7<-s9#6473:OK-t1,SUCCESS,nextIndex=50,followerCommit=47,matchIndex=49
2023-03-07 04:41:15,508 INFO  statemachine.StateMachine (ArithmeticStateMachine.java:applyTransaction(182)) - LEADER:s7-49: a = 91 = 91
2023-03-07 04:41:15,508 DEBUG server.RaftServer$Division (RaftServerImpl.java:logAppendEntries(1429)) - s9@group-44F04D6AF308: receive appendEntries(s7, 1, (t:1, i:49), 49, true, commits:[s7:c49, s8:c47, s9:c47], cId:6475, entries: [(t:1, i:50), METADATAENTRY(c:49)]
2023-03-07 04:41:15,509 DEBUG server.RaftServer$Division (RaftServerImpl.java:logAppendEntries(1429)) - s8@group-44F04D6AF308: succeeded to handle AppendEntries. Reply: s7<-s8#6474:OK-t1,SUCCESS,nextIndex=50,followerCommit=48,matchIndex=49
2023-03-07 04:41:15,509 DEBUG server.RaftServer$Division (RaftServerImpl.java:logAppendEntries(1429)) - s8@group-44F04D6AF308: receive appendEntries(s7, 1, (t:1, i:49), 49, true, commits:[s7:c49, s8:c48, s9:c47], cId:6476, entries: [(t:1, i:50), METADATAENTRY(c:49)]
2023-03-07 04:41:15,509 DEBUG server.RaftServer$Division (RaftServerImpl.java:logAppendEntries(1429)) - s9@group-44F04D6AF308: succeeded to handle AppendEntries. Reply: s7<-s9#6475:OK-t1,SUCCESS,nextIndex=51,followerCommit=49,matchIndex=50
2023-03-07 04:41:15,509 DEBUG server.RaftServer$Division (RaftServerImpl.java:submitClientRequestAsync(832)) - s7@group-44F04D6AF308: receive client request(RaftClientRequest:client-B09D92EF6A27->s7@group-44F04D6AF308, cid=6477, seq=0, RW, Message:0101620240b02c000000...(size=12))
2023-03-07 04:41:15,510 DEBUG server.RaftServer$Division (LeaderStateImpl.java:addPendingRequest(474)) - s7@group-44F04D6AF308-LeaderStateImpl: addPendingRequest at RaftClientRequest:client-B09D92EF6A27->s7@group-44F04D6AF308, cid=6477, seq=0, RW, Message:0101620240b02c000000...(size=12), entry=(t:1, i:51), STATEMACHINELOGENTRY, 6477@client-B09D92EF6A27
2023-03-07 04:41:15,510 DEBUG server.RaftServer$Division (RaftServerImpl.java:logAppendEntries(1429)) - s9@group-44F04D6AF308: receive appendEntries(s7, 1, (t:1, i:50), 50, true, commits:[s7:c50, s8:c48, s9:c49], cId:6478, entries: [(t:1, i:51), STATEMACHINELOGENTRY, 6477@client-B09D92EF6A27]
2023-03-07 04:41:15,510 DEBUG server.RaftServer$Division (RaftServerImpl.java:logAppendEntries(1429)) - s8@group-44F04D6AF308: succeeded to handle AppendEntries. Reply: s7<-s8#6476:OK-t1,SUCCESS,nextIndex=51,followerCommit=49,matchIndex=50
2023-03-07 04:41:15,511 DEBUG server.RaftServer$Division (RaftServerImpl.java:logAppendEntries(1429)) - s8@group-44F04D6AF308: receive appendEntries(s7, 1, (t:1, i:50), 50, true, commits:[s7:c50, s8:c49, s9:c49], cId:6479, entries: [(t:1, i:51), STATEMACHINELOGENTRY, 6477@client-B09D92EF6A27]
2023-03-07 04:41:15,524 DEBUG server.RaftServer$Division (RaftServerImpl.java:logAppendEntries(1429)) - s9@group-44F04D6AF308: succeeded to handle AppendEntries. Reply: s7<-s9#6478:OK-t1,SUCCESS,nextIndex=52,followerCommit=50,matchIndex=51
2023-03-07 04:41:15,524 INFO  statemachine.StateMachine (ArithmeticStateMachine.java:applyTransaction(182)) - LEADER:s7-51: b = 4140 = 4140
2023-03-07 04:41:15,525 DEBUG server.RaftServer$Division (RaftServerImpl.java:logAppendEntries(1429)) - s9@group-44F04D6AF308: receive appendEntries(s7, 1, (t:1, i:51), 51, true, commits:[s7:c51, s8:c49, s9:c50], cId:6480, entries: [(t:1, i:52), METADATAENTRY(c:51)]
2023-03-07 04:41:15,525 DEBUG server.RaftServer$Division (RaftServerImpl.java:submitClientRequestAsync(832)) - s7@group-44F04D6AF308: receive client request(RaftClientRequest:client-B09D92EF6A27->s7@group-44F04D6AF308, cid=6481, seq=0, RW, Message:01016304010300040201...(size=17))
2023-03-07 04:41:15,525 DEBUG server.RaftServer$Division (LeaderStateImpl.java:addPendingRequest(474)) - s7@group-44F04D6AF308-LeaderStateImpl: addPendingRequest at RaftClientRequest:client-B09D92EF6A27->s7@group-44F04D6AF308, cid=6481, seq=0, RW, Message:01016304010300040201...(size=17), entry=(t:1, i:53), STATEMACHINELOGENTRY, 6481@client-B09D92EF6A27
2023-03-07 04:41:15,525 DEBUG server.RaftServer$Division (RaftServerImpl.java:logAppendEntries(1429)) - s8@group-44F04D6AF308: succeeded to handle AppendEntries. Reply: s7<-s8#6479:OK-t1,SUCCESS,nextIndex=52,followerCommit=50,matchIndex=51
2023-03-07 04:41:15,526 DEBUG server.RaftServer$Division (RaftServerImpl.java:logAppendEntries(1429)) - s8@group-44F04D6AF308: receive appendEntries(s7, 1, (t:1, i:51), 51, true, commits:[s7:c51, s8:c50, s9:c50], cId:6482, entries: [(t:1, i:52), METADATAENTRY(c:51), (t:1, i:53), STATEMACHINELOGENTRY, 6481@client-B09D92EF6A27]
2023-03-07 04:41:15,526 DEBUG server.RaftServer$Division (RaftServerImpl.java:logAppendEntries(1429)) - s9@group-44F04D6AF308: succeeded to handle AppendEntries. Reply: s7<-s9#6480:OK-t1,SUCCESS,nextIndex=53,followerCommit=51,matchIndex=52
2023-03-07 04:41:15,526 DEBUG server.RaftServer$Division (RaftServerImpl.java:logAppendEntries(1429)) - s9@group-44F04D6AF308: receive appendEntries(s7, 1, (t:1, i:52), 51, true, commits:[s7:c51, s8:c50, s9:c51], cId:6483, entries: [(t:1, i:53), STATEMACHINELOGENTRY, 6481@client-B09D92EF6A27]
2023-03-07 04:41:15,526 DEBUG server.RaftServer$Division (RaftServerImpl.java:logAppendEntries(1429)) - s8@group-44F04D6AF308: succeeded to handle AppendEntries. Reply: s7<-s8#6482:OK-t1,SUCCESS,nextIndex=54,followerCommit=51,matchIndex=53
2023-03-07 04:41:15,527 INFO  statemachine.StateMachine (ArithmeticStateMachine.java:applyTransaction(182)) - LEADER:s7-53: c = √(a^2 + b^2) = 4141
2023-03-07 04:41:15,527 DEBUG server.RaftServer$Division (RaftServerImpl.java:logAppendEntries(1429)) - s8@group-44F04D6AF308: receive appendEntries(s7, 1, (t:1, i:53), 53, true, commits:[s7:c53, s8:c51, s9:c51], cId:6484, entries: [(t:1, i:54), METADATAENTRY(c:53)]
2023-03-07 04:41:15,527 DEBUG server.RaftServer$Division (RaftServerImpl.java:submitClientRequestAsync(832)) - s7@group-44F04D6AF308: receive client request(RaftClientRequest:client-B09D92EF6A27->s7@group-44F04D6AF308, cid=6485, seq=0, RW, Message:01016100)
2023-03-07 04:41:15,527 DEBUG server.RaftServer$Division (LeaderStateImpl.java:addPendingRequest(474)) - s7@group-44F04D6AF308-LeaderStateImpl: addPendingRequest at RaftClientRequest:client-B09D92EF6A27->s7@group-44F04D6AF308, cid=6485, seq=0, RW, Message:01016100, entry=(t:1, i:55), STATEMACHINELOGENTRY, 6485@client-B09D92EF6A27
2023-03-07 04:41:15,528 DEBUG server.RaftServer$Division (RaftServerImpl.java:logAppendEntries(1429)) - s8@group-44F04D6AF308: succeeded to handle AppendEntries. Reply: s7<-s8#6484:OK-t1,SUCCESS,nextIndex=55,followerCommit=53,matchIndex=54
2023-03-07 04:41:15,528 DEBUG server.RaftServer$Division (RaftServerImpl.java:logAppendEntries(1429)) - s9@group-44F04D6AF308: succeeded to handle AppendEntries. Reply: s7<-s9#6483:OK-t1,SUCCESS,nextIndex=54,followerCommit=51,matchIndex=53
2023-03-07 04:41:15,528 DEBUG server.RaftServer$Division (RaftServerImpl.java:logAppendEntries(1429)) - s9@group-44F04D6AF308: receive appendEntries(s7, 1, (t:1, i:53), 54, true, commits:[s7:c54, s8:c53, s9:c51], cId:6487, entries: [(t:1, i:54), METADATAENTRY(c:53), (t:1, i:55), STATEMACHINELOGENTRY, 6485@client-B09D92EF6A27]
2023-03-07 04:41:15,529 DEBUG server.RaftServer$Division (RaftServerImpl.java:logAppendEntries(1429)) - s8@group-44F04D6AF308: receive appendEntries(s7, 1, (t:1, i:54), 53, true, commits:[s7:c53, s8:c53, s9:c51], cId:6486, entries: [(t:1, i:55), STATEMACHINELOGENTRY, 6485@client-B09D92EF6A27]
2023-03-07 04:41:15,529 DEBUG server.RaftServer$Division (RaftServerImpl.java:logAppendEntries(1429)) - s8@group-44F04D6AF308: succeeded to handle AppendEntries. Reply: s7<-s8#6486:OK-t1,SUCCESS,nextIndex=56,followerCommit=53,matchIndex=55
2023-03-07 04:41:15,529 DEBUG server.RaftServer$Division (RaftServerImpl.java:logAppendEntries(1429)) - s9@group-44F04D6AF308: succeeded to handle AppendEntries. Reply: s7<-s9#6487:OK-t1,SUCCESS,nextIndex=56,followerCommit=54,matchIndex=55
2023-03-07 04:41:15,529 INFO  statemachine.StateMachine (ArithmeticStateMachine.java:applyTransaction(182)) - LEADER:s7-55: a = null = null
2023-03-07 04:41:15,530 DEBUG server.RaftServer$Division (RaftServerImpl.java:submitClientRequestAsync(832)) - s7@group-44F04D6AF308: receive client request(RaftClientRequest:client-B09D92EF6A27->s7@group-44F04D6AF308, cid=6489, seq=0, RW, Message:01016200)
2023-03-07 04:41:15,530 DEBUG server.RaftServer$Division (LeaderStateImpl.java:addPendingRequest(474)) - s7@group-44F04D6AF308-LeaderStateImpl: addPendingRequest at RaftClientRequest:client-B09D92EF6A27->s7@group-44F04D6AF308, cid=6489, seq=0, RW, Message:01016200, entry=(t:1, i:57), STATEMACHINELOGENTRY, 6489@client-B09D92EF6A27
2023-03-07 04:41:15,530 DEBUG server.RaftServer$Division (RaftServerImpl.java:logAppendEntries(1429)) - s8@group-44F04D6AF308: receive appendEntries(s7, 1, (t:1, i:55), 55, true, commits:[s7:c55, s8:c53, s9:c54], cId:6490, entries: [(t:1, i:56), METADATAENTRY(c:55)]
2023-03-07 04:41:15,530 DEBUG server.RaftServer$Division (RaftServerImpl.java:logAppendEntries(1429)) - s9@group-44F04D6AF308: receive appendEntries(s7, 1, (t:1, i:55), 55, true, commits:[s7:c55, s8:c53, s9:c54], cId:6488, entries: [(t:1, i:56), METADATAENTRY(c:55)]
2023-03-07 04:41:15,531 DEBUG server.RaftServer$Division (RaftServerImpl.java:logAppendEntries(1429)) - s8@group-44F04D6AF308: succeeded to handle AppendEntries. Reply: s7<-s8#6490:OK-t1,SUCCESS,nextIndex=57,followerCommit=55,matchIndex=56
2023-03-07 04:41:15,531 DEBUG server.RaftServer$Division (RaftServerImpl.java:logAppendEntries(1429)) - s9@group-44F04D6AF308: succeeded to handle AppendEntries. Reply: s7<-s9#6488:OK-t1,SUCCESS,nextIndex=57,followerCommit=55,matchIndex=56
2023-03-07 04:41:15,531 DEBUG server.RaftServer$Division (RaftServerImpl.java:logAppendEntries(1429)) - s9@group-44F04D6AF308: receive appendEntries(s7, 1, (t:1, i:56), 56, true, commits:[s7:c56, s8:c55, s9:c55], cId:6492, entries: [(t:1, i:57), STATEMACHINELOGENTRY, 6489@client-B09D92EF6A27]
2023-03-07 04:41:15,531 DEBUG server.RaftServer$Division (RaftServerImpl.java:logAppendEntries(1429)) - s8@group-44F04D6AF308: receive appendEntries(s7, 1, (t:1, i:56), 55, true, commits:[s7:c55, s8:c55, s9:c54], cId:6491, entries: [(t:1, i:57), STATEMACHINELOGENTRY, 6489@client-B09D92EF6A27]
2023-03-07 04:41:15,532 DEBUG server.RaftServer$Division (RaftServerImpl.java:logAppendEntries(1429)) - s9@group-44F04D6AF308: succeeded to handle AppendEntries. Reply: s7<-s9#6492:OK-t1,SUCCESS,nextIndex=58,followerCommit=56,matchIndex=57
2023-03-07 04:41:15,532 INFO  statemachine.StateMachine (ArithmeticStateMachine.java:applyTransaction(182)) - LEADER:s7-57: b = null = null
2023-03-07 04:41:15,532 DEBUG server.RaftServer$Division (RaftServerImpl.java:logAppendEntries(1429)) - s8@group-44F04D6AF308: succeeded to handle AppendEntries. Reply: s7<-s8#6491:OK-t1,SUCCESS,nextIndex=58,followerCommit=55,matchIndex=57
2023-03-07 04:41:15,533 DEBUG server.RaftServer$Division (RaftServerImpl.java:submitClientRequestAsync(832)) - s7@group-44F04D6AF308: receive client request(RaftClientRequest:client-B09D92EF6A27->s7@group-44F04D6AF308, cid=6494, seq=0, RW, Message:01016300)
2023-03-07 04:41:15,533 DEBUG server.RaftServer$Division (LeaderStateImpl.java:addPendingRequest(474)) - s7@group-44F04D6AF308-LeaderStateImpl: addPendingRequest at RaftClientRequest:client-B09D92EF6A27->s7@group-44F04D6AF308, cid=6494, seq=0, RW, Message:01016300, entry=(t:1, i:59), STATEMACHINELOGENTRY, 6494@client-B09D92EF6A27
2023-03-07 04:41:15,533 DEBUG server.RaftServer$Division (RaftServerImpl.java:logAppendEntries(1429)) - s9@group-44F04D6AF308: receive appendEntries(s7, 1, (t:1, i:57), 57, true, commits:[s7:c57, s8:c55, s9:c56], cId:6493, entries: [(t:1, i:58), METADATAENTRY(c:57)]
2023-03-07 04:41:15,533 DEBUG server.RaftServer$Division (RaftServerImpl.java:logAppendEntries(1429)) - s8@group-44F04D6AF308: receive appendEntries(s7, 1, (t:1, i:57), 57, true, commits:[s7:c57, s8:c55, s9:c56], cId:6495, entries: [(t:1, i:58), METADATAENTRY(c:57)]
2023-03-07 04:41:15,533 DEBUG server.RaftServer$Division (RaftServerImpl.java:logAppendEntries(1429)) - s9@group-44F04D6AF308: succeeded to handle AppendEntries. Reply: s7<-s9#6493:OK-t1,SUCCESS,nextIndex=59,followerCommit=57,matchIndex=58
2023-03-07 04:41:15,534 DEBUG server.RaftServer$Division (RaftServerImpl.java:logAppendEntries(1429)) - s8@group-44F04D6AF308: succeeded to handle AppendEntries. Reply: s7<-s8#6495:OK-t1,SUCCESS,nextIndex=59,followerCommit=57,matchIndex=58
2023-03-07 04:41:15,534 DEBUG server.RaftServer$Division (RaftServerImpl.java:logAppendEntries(1429)) - s9@group-44F04D6AF308: receive appendEntries(s7, 1, (t:1, i:58), 57, true, commits:[s7:c57, s8:c55, s9:c57], cId:6496, entries: [(t:1, i:59), STATEMACHINELOGENTRY, 6494@client-B09D92EF6A27]
2023-03-07 04:41:15,534 DEBUG server.RaftServer$Division (RaftServerImpl.java:logAppendEntries(1429)) - s8@group-44F04D6AF308: receive appendEntries(s7, 1, (t:1, i:58), 58, true, commits:[s7:c58, s8:c57, s9:c57], cId:6497, entries: [(t:1, i:59), STATEMACHINELOGENTRY, 6494@client-B09D92EF6A27]
2023-03-07 04:41:15,535 DEBUG server.RaftServer$Division (RaftServerImpl.java:logAppendEntries(1429)) - s9@group-44F04D6AF308: succeeded to handle AppendEntries. Reply: s7<-s9#6496:OK-t1,SUCCESS,nextIndex=60,followerCommit=57,matchIndex=59
2023-03-07 04:41:15,535 INFO  statemachine.StateMachine (ArithmeticStateMachine.java:applyTransaction(182)) - LEADER:s7-59: c = null = null
2023-03-07 04:41:15,535 DEBUG server.RaftServer$Division (RaftServerImpl.java:logAppendEntries(1429)) - s9@group-44F04D6AF308: receive appendEntries(s7, 1, (t:1, i:59), 59, true, commits:[s7:c59, s8:c57, s9:c57], cId:6498, entries: [(t:1, i:60), METADATAENTRY(c:59)]
2023-03-07 04:41:15,535 DEBUG server.RaftServer$Division (RaftServerImpl.java:submitClientRequestAsync(832)) - s7@group-44F04D6AF308: receive client request(RaftClientRequest:client-B09D92EF6A27->s7@group-44F04D6AF308, cid=6499, seq=0, RW, Message:01016102405740000000...(size=12))
2023-03-07 04:41:15,535 DEBUG server.RaftServer$Division (RaftServerImpl.java:logAppendEntries(1429)) - s8@group-44F04D6AF308: succeeded to handle AppendEntries. Reply: s7<-s8#6497:OK-t1,SUCCESS,nextIndex=60,followerCommit=58,matchIndex=59
2023-03-07 04:41:15,536 DEBUG server.RaftServer$Division (LeaderStateImpl.java:addPendingRequest(474)) - s7@group-44F04D6AF308-LeaderStateImpl: addPendingRequest at RaftClientRequest:client-B09D92EF6A27->s7@group-44F04D6AF308, cid=6499, seq=0, RW, Message:01016102405740000000...(size=12), entry=(t:1, i:61), STATEMACHINELOGENTRY, 6499@client-B09D92EF6A27
2023-03-07 04:41:15,536 DEBUG server.RaftServer$Division (RaftServerImpl.java:logAppendEntries(1429)) - s8@group-44F04D6AF308: receive appendEntries(s7, 1, (t:1, i:59), 59, true, commits:[s7:c59, s8:c58, s9:c57], cId:6500, entries: [(t:1, i:60), METADATAENTRY(c:59), (t:1, i:61), STATEMACHINELOGENTRY, 6499@client-B09D92EF6A27]
2023-03-07 04:41:15,536 DEBUG server.RaftServer$Division (RaftServerImpl.java:logAppendEntries(1429)) - s9@group-44F04D6AF308: succeeded to handle AppendEntries. Reply: s7<-s9#6498:OK-t1,SUCCESS,nextIndex=61,followerCommit=59,matchIndex=60
2023-03-07 04:41:15,537 DEBUG server.RaftServer$Division (RaftServerImpl.java:logAppendEntries(1429)) - s8@group-44F04D6AF308: succeeded to handle AppendEntries. Reply: s7<-s8#6500:OK-t1,SUCCESS,nextIndex=62,followerCommit=59,matchIndex=61
2023-03-07 04:41:15,537 INFO  statemachine.StateMachine (ArithmeticStateMachine.java:applyTransaction(182)) - LEADER:s7-61: a = 93 = 93
2023-03-07 04:41:15,537 DEBUG server.RaftServer$Division (RaftServerImpl.java:logAppendEntries(1429)) - s9@group-44F04D6AF308: receive appendEntries(s7, 1, (t:1, i:60), 59, true, commits:[s7:c59, s8:c58, s9:c59], cId:6501, entries: [(t:1, i:61), STATEMACHINELOGENTRY, 6499@client-B09D92EF6A27]
2023-03-07 04:41:15,538 DEBUG server.RaftServer$Division (RaftServerImpl.java:submitClientRequestAsync(832)) - s7@group-44F04D6AF308: receive client request(RaftClientRequest:client-B09D92EF6A27->s7@group-44F04D6AF308, cid=6503, seq=0, RW, Message:0101620240b0e4000000...(size=12))
2023-03-07 04:41:15,538 DEBUG server.RaftServer$Division (LeaderStateImpl.java:addPendingRequest(474)) - s7@group-44F04D6AF308-LeaderStateImpl: addPendingRequest at RaftClientRequest:client-B09D92EF6A27->s7@group-44F04D6AF308, cid=6503, seq=0, RW, Message:0101620240b0e4000000...(size=12), entry=(t:1, i:63), STATEMACHINELOGENTRY, 6503@client-B09D92EF6A27
2023-03-07 04:41:15,538 DEBUG server.RaftServer$Division (RaftServerImpl.java:logAppendEntries(1429)) - s8@group-44F04D6AF308: receive appendEntries(s7, 1, (t:1, i:61), 61, true, commits:[s7:c61, s8:c59, s9:c59], cId:6502, entries: [(t:1, i:62), METADATAENTRY(c:61)]
2023-03-07 04:41:15,539 DEBUG server.RaftServer$Division (RaftServerImpl.java:logAppendEntries(1429)) - s8@group-44F04D6AF308: succeeded to handle AppendEntries. Reply: s7<-s8#6502:OK-t1,SUCCESS,nextIndex=63,followerCommit=61,matchIndex=62
2023-03-07 04:41:15,539 DEBUG server.RaftServer$Division (RaftServerImpl.java:logAppendEntries(1429)) - s9@group-44F04D6AF308: succeeded to handle AppendEntries. Reply: s7<-s9#6501:OK-t1,SUCCESS,nextIndex=62,followerCommit=59,matchIndex=61
2023-03-07 04:41:15,540 DEBUG server.RaftServer$Division (RaftServerImpl.java:logAppendEntries(1429)) - s8@group-44F04D6AF308: receive appendEntries(s7, 1, (t:1, i:62), 61, true, commits:[s7:c61, s8:c61, s9:c59], cId:6508, entries: [(t:1, i:63), STATEMACHINELOGENTRY, 6503@client-B09D92EF6A27]
2023-03-07 04:41:15,540 DEBUG server.RaftServer$Division (RaftServerImpl.java:logAppendEntries(1429)) - s9@group-44F04D6AF308: receive appendEntries(s7, 1, (t:1, i:61), 62, true, commits:[s7:c62, s8:c61, s9:c59], cId:6509, entries: [(t:1, i:62), METADATAENTRY(c:61), (t:1, i:63), STATEMACHINELOGENTRY, 6503@client-B09D92EF6A27]
2023-03-07 04:41:15,540 DEBUG server.RaftServer$Division (RaftServerImpl.java:logAppendEntries(1429)) - s8@group-44F04D6AF308: succeeded to handle AppendEntries. Reply: s7<-s8#6508:OK-t1,SUCCESS,nextIndex=64,followerCommit=61,matchIndex=63
2023-03-07 04:41:15,541 DEBUG server.RaftServer$Division (RaftServerImpl.java:logAppendEntries(1429)) - s9@group-44F04D6AF308: succeeded to handle AppendEntries. Reply: s7<-s9#6509:OK-t1,SUCCESS,nextIndex=64,followerCommit=62,matchIndex=63
2023-03-07 04:41:15,541 INFO  statemachine.StateMachine (ArithmeticStateMachine.java:applyTransaction(182)) - LEADER:s7-63: b = 4324 = 4324
2023-03-07 04:41:15,541 DEBUG server.RaftServer$Division (RaftServerImpl.java:submitClientRequestAsync(832)) - s7@group-44F04D6AF308: receive client request(RaftClientRequest:client-B09D92EF6A27->s7@group-44F04D6AF308, cid=6511, seq=0, RW, Message:01016304010300040201...(size=17))
2023-03-07 04:41:15,541 DEBUG server.RaftServer$Division (LeaderStateImpl.java:addPendingRequest(474)) - s7@group-44F04D6AF308-LeaderStateImpl: addPendingRequest at RaftClientRequest:client-B09D92EF6A27->s7@group-44F04D6AF308, cid=6511, seq=0, RW, Message:01016304010300040201...(size=17), entry=(t:1, i:65), STATEMACHINELOGENTRY, 6511@client-B09D92EF6A27
2023-03-07 04:41:15,542 DEBUG server.RaftServer$Division (RaftServerImpl.java:logAppendEntries(1429)) - s9@group-44F04D6AF308: receive appendEntries(s7, 1, (t:1, i:63), 63, true, commits:[s7:c63, s8:c61, s9:c62], cId:6512, entries: [(t:1, i:64), METADATAENTRY(c:63)]
2023-03-07 04:41:15,542 DEBUG server.RaftServer$Division (RaftServerImpl.java:logAppendEntries(1429)) - s8@group-44F04D6AF308: receive appendEntries(s7, 1, (t:1, i:63), 63, true, commits:[s7:c63, s8:c61, s9:c59], cId:6510, entries: [(t:1, i:64), METADATAENTRY(c:63)]
2023-03-07 04:41:15,542 DEBUG server.RaftServer$Division (RaftServerImpl.java:logAppendEntries(1429)) - s9@group-44F04D6AF308: succeeded to handle AppendEntries. Reply: s7<-s9#6512:OK-t1,SUCCESS,nextIndex=65,followerCommit=63,matchIndex=64
2023-03-07 04:41:15,543 DEBUG server.RaftServer$Division (RaftServerImpl.java:logAppendEntries(1429)) - s8@group-44F04D6AF308: succeeded to handle AppendEntries. Reply: s7<-s8#6510:OK-t1,SUCCESS,nextIndex=65,followerCommit=63,matchIndex=64
2023-03-07 04:41:15,543 DEBUG server.RaftServer$Division (RaftServerImpl.java:logAppendEntries(1429)) - s9@group-44F04D6AF308: receive appendEntries(s7, 1, (t:1, i:64), 63, true, commits:[s7:c63, s8:c61, s9:c63], cId:6513, entries: [(t:1, i:65), STATEMACHINELOGENTRY, 6511@client-B09D92EF6A27]
2023-03-07 04:41:15,544 DEBUG server.RaftServer$Division (RaftServerImpl.java:logAppendEntries(1429)) - s8@group-44F04D6AF308: receive appendEntries(s7, 1, (t:1, i:64), 64, true, commits:[s7:c64, s8:c63, s9:c63], cId:6514, entries: [(t:1, i:65), STATEMACHINELOGENTRY, 6511@client-B09D92EF6A27]
2023-03-07 04:41:15,544 DEBUG server.RaftServer$Division (RaftServerImpl.java:logAppendEntries(1429)) - s9@group-44F04D6AF308: succeeded to handle AppendEntries. Reply: s7<-s9#6513:OK-t1,SUCCESS,nextIndex=66,followerCommit=63,matchIndex=65
2023-03-07 04:41:15,544 DEBUG server.RaftServer$Division (RaftServerImpl.java:logAppendEntries(1429)) - s8@group-44F04D6AF308: succeeded to handle AppendEntries. Reply: s7<-s8#6514:OK-t1,SUCCESS,nextIndex=66,followerCommit=64,matchIndex=65
2023-03-07 04:41:15,544 INFO  statemachine.StateMachine (ArithmeticStateMachine.java:applyTransaction(182)) - LEADER:s7-65: c = √(a^2 + b^2) = 4325
2023-03-07 04:41:15,545 DEBUG server.RaftServer$Division (RaftServerImpl.java:submitClientRequestAsync(832)) - s7@group-44F04D6AF308: receive client request(RaftClientRequest:client-B09D92EF6A27->s7@group-44F04D6AF308, cid=6517, seq=0, RW, Message:01016100)
2023-03-07 04:41:15,545 DEBUG server.RaftServer$Division (LeaderStateImpl.java:addPendingRequest(474)) - s7@group-44F04D6AF308-LeaderStateImpl: addPendingRequest at RaftClientRequest:client-B09D92EF6A27->s7@group-44F04D6AF308, cid=6517, seq=0, RW, Message:01016100, entry=(t:1, i:67), STATEMACHINELOGENTRY, 6517@client-B09D92EF6A27
2023-03-07 04:41:15,545 DEBUG server.RaftServer$Division (RaftServerImpl.java:logAppendEntries(1429)) - s8@group-44F04D6AF308: receive appendEntries(s7, 1, (t:1, i:65), 65, true, commits:[s7:c65, s8:c64, s9:c63], cId:6515, entries: [(t:1, i:66), METADATAENTRY(c:65)]
2023-03-07 04:41:15,545 DEBUG server.RaftServer$Division (RaftServerImpl.java:logAppendEntries(1429)) - s9@group-44F04D6AF308: receive appendEntries(s7, 1, (t:1, i:65), 65, true, commits:[s7:c65, s8:c64, s9:c63], cId:6516, entries: [(t:1, i:66), METADATAENTRY(c:65)]
2023-03-07 04:41:15,546 DEBUG server.RaftServer$Division (RaftServerImpl.java:logAppendEntries(1429)) - s9@group-44F04D6AF308: succeeded to handle AppendEntries. Reply: s7<-s9#6516:OK-t1,SUCCESS,nextIndex=67,followerCommit=65,matchIndex=66
2023-03-07 04:41:15,546 DEBUG server.RaftServer$Division (RaftServerImpl.java:logAppendEntries(1429)) - s9@group-44F04D6AF308: receive appendEntries(s7, 1, (t:1, i:66), 65, true, commits:[s7:c65, s8:c64, s9:c65], cId:6518, entries: [(t:1, i:67), STATEMACHINELOGENTRY, 6517@client-B09D92EF6A27]
2023-03-07 04:41:15,546 DEBUG server.RaftServer$Division (RaftServerImpl.java:logAppendEntries(1429)) - s8@group-44F04D6AF308: succeeded to handle AppendEntries. Reply: s7<-s8#6515:OK-t1,SUCCESS,nextIndex=67,followerCommit=65,matchIndex=66
2023-03-07 04:41:15,547 DEBUG server.RaftServer$Division (RaftServerImpl.java:logAppendEntries(1429)) - s8@group-44F04D6AF308: receive appendEntries(s7, 1, (t:1, i:66), 66, true, commits:[s7:c66, s8:c65, s9:c65], cId:6519, entries: [(t:1, i:67), STATEMACHINELOGENTRY, 6517@client-B09D92EF6A27]
2023-03-07 04:41:15,547 DEBUG server.RaftServer$Division (RaftServerImpl.java:logAppendEntries(1429)) - s9@group-44F04D6AF308: succeeded to handle AppendEntries. Reply: s7<-s9#6518:OK-t1,SUCCESS,nextIndex=68,followerCommit=65,matchIndex=67
2023-03-07 04:41:15,547 INFO  statemachine.StateMachine (ArithmeticStateMachine.java:applyTransaction(182)) - LEADER:s7-67: a = null = null
2023-03-07 04:41:15,548 DEBUG server.RaftServer$Division (RaftServerImpl.java:logAppendEntries(1429)) - s9@group-44F04D6AF308: receive appendEntries(s7, 1, (t:1, i:67), 67, true, commits:[s7:c67, s8:c65, s9:c65], cId:6520, entries: [(t:1, i:68), METADATAENTRY(c:67)]
2023-03-07 04:41:15,549 DEBUG server.RaftServer$Division (RaftServerImpl.java:logAppendEntries(1429)) - s8@group-44F04D6AF308: succeeded to handle AppendEntries. Reply: s7<-s8#6519:OK-t1,SUCCESS,nextIndex=68,followerCommit=66,matchIndex=67
2023-03-07 04:41:15,548 DEBUG server.RaftServer$Division (RaftServerImpl.java:submitClientRequestAsync(832)) - s7@group-44F04D6AF308: receive client request(RaftClientRequest:client-B09D92EF6A27->s7@group-44F04D6AF308, cid=6521, seq=0, RW, Message:01016200)
2023-03-07 04:41:15,549 DEBUG server.RaftServer$Division (LeaderStateImpl.java:addPendingRequest(474)) - s7@group-44F04D6AF308-LeaderStateImpl: addPendingRequest at RaftClientRequest:client-B09D92EF6A27->s7@group-44F04D6AF308, cid=6521, seq=0, RW, Message:01016200, entry=(t:1, i:69), STATEMACHINELOGENTRY, 6521@client-B09D92EF6A27
2023-03-07 04:41:15,550 DEBUG server.RaftServer$Division (RaftServerImpl.java:logAppendEntries(1429)) - s8@group-44F04D6AF308: receive appendEntries(s7, 1, (t:1, i:67), 67, true, commits:[s7:c67, s8:c66, s9:c65], cId:6522, entries: [(t:1, i:68), METADATAENTRY(c:67), (t:1, i:69), STATEMACHINELOGENTRY, 6521@client-B09D92EF6A27]
2023-03-07 04:41:15,550 DEBUG server.RaftServer$Division (RaftServerImpl.java:logAppendEntries(1429)) - s9@group-44F04D6AF308: succeeded to handle AppendEntries. Reply: s7<-s9#6520:OK-t1,SUCCESS,nextIndex=69,followerCommit=67,matchIndex=68
2023-03-07 04:41:15,550 DEBUG server.RaftServer$Division (RaftServerImpl.java:logAppendEntries(1429)) - s9@group-44F04D6AF308: receive appendEntries(s7, 1, (t:1, i:68), 67, true, commits:[s7:c67, s8:c66, s9:c67], cId:6523, entries: [(t:1, i:69), STATEMACHINELOGENTRY, 6521@client-B09D92EF6A27]
2023-03-07 04:41:15,551 DEBUG server.RaftServer$Division (RaftServerImpl.java:logAppendEntries(1429)) - s9@group-44F04D6AF308: succeeded to handle AppendEntries. Reply: s7<-s9#6523:OK-t1,SUCCESS,nextIndex=70,followerCommit=67,matchIndex=69
2023-03-07 04:41:15,551 DEBUG server.RaftServer$Division (RaftServerImpl.java:logAppendEntries(1429)) - s8@group-44F04D6AF308: succeeded to handle AppendEntries. Reply: s7<-s8#6522:OK-t1,SUCCESS,nextIndex=70,followerCommit=67,matchIndex=69
2023-03-07 04:41:15,551 INFO  statemachine.StateMachine (ArithmeticStateMachine.java:applyTransaction(182)) - LEADER:s7-69: b = null = null
2023-03-07 04:41:15,551 DEBUG server.RaftServer$Division (RaftServerImpl.java:logAppendEntries(1429)) - s8@group-44F04D6AF308: receive appendEntries(s7, 1, (t:1, i:69), 69, true, commits:[s7:c69, s8:c67, s9:c67], cId:6524, entries: [(t:1, i:70), METADATAENTRY(c:69)]
2023-03-07 04:41:15,551 DEBUG server.RaftServer$Division (RaftServerImpl.java:submitClientRequestAsync(832)) - s7@group-44F04D6AF308: receive client request(RaftClientRequest:client-B09D92EF6A27->s7@group-44F04D6AF308, cid=6525, seq=0, RW, Message:01016300)
2023-03-07 04:41:15,552 DEBUG server.RaftServer$Division (LeaderStateImpl.java:addPendingRequest(474)) - s7@group-44F04D6AF308-LeaderStateImpl: addPendingRequest at RaftClientRequest:client-B09D92EF6A27->s7@group-44F04D6AF308, cid=6525, seq=0, RW, Message:01016300, entry=(t:1, i:71), STATEMACHINELOGENTRY, 6525@client-B09D92EF6A27
2023-03-07 04:41:15,552 DEBUG server.RaftServer$Division (RaftServerImpl.java:logAppendEntries(1429)) - s9@group-44F04D6AF308: receive appendEntries(s7, 1, (t:1, i:69), 69, true, commits:[s7:c69, s8:c67, s9:c67], cId:6526, entries: [(t:1, i:70), METADATAENTRY(c:69), (t:1, i:71), STATEMACHINELOGENTRY, 6525@client-B09D92EF6A27]
2023-03-07 04:41:15,552 DEBUG server.RaftServer$Division (RaftServerImpl.java:logAppendEntries(1429)) - s8@group-44F04D6AF308: succeeded to handle AppendEntries. Reply: s7<-s8#6524:OK-t1,SUCCESS,nextIndex=71,followerCommit=69,matchIndex=70
2023-03-07 04:41:15,553 DEBUG server.RaftServer$Division (RaftServerImpl.java:logAppendEntries(1429)) - s9@group-44F04D6AF308: succeeded to handle AppendEntries. Reply: s7<-s9#6526:OK-t1,SUCCESS,nextIndex=72,followerCommit=69,matchIndex=71
2023-03-07 04:41:15,553 DEBUG server.RaftServer$Division (RaftServerImpl.java:logAppendEntries(1429)) - s8@group-44F04D6AF308: receive appendEntries(s7, 1, (t:1, i:70), 69, true, commits:[s7:c69, s8:c69, s9:c67], cId:6527, entries: [(t:1, i:71), STATEMACHINELOGENTRY, 6525@client-B09D92EF6A27]
2023-03-07 04:41:15,553 INFO  statemachine.StateMachine (ArithmeticStateMachine.java:applyTransaction(182)) - LEADER:s7-71: c = null = null
2023-03-07 04:41:15,554 DEBUG server.RaftServer$Division (RaftServerImpl.java:logAppendEntries(1429)) - s9@group-44F04D6AF308: receive appendEntries(s7, 1, (t:1, i:71), 71, true, commits:[s7:c71, s8:c69, s9:c69], cId:6528, entries: [(t:1, i:72), METADATAENTRY(c:71)]
2023-03-07 04:41:15,554 DEBUG server.RaftServer$Division (RaftServerImpl.java:logAppendEntries(1429)) - s8@group-44F04D6AF308: succeeded to handle AppendEntries. Reply: s7<-s8#6527:OK-t1,SUCCESS,nextIndex=72,followerCommit=69,matchIndex=71
2023-03-07 04:41:15,554 DEBUG server.RaftServer$Division (RaftServerImpl.java:submitClientRequestAsync(832)) - s7@group-44F04D6AF308: receive client request(RaftClientRequest:client-B09D92EF6A27->s7@group-44F04D6AF308, cid=6529, seq=0, RW, Message:010161024057c0000000...(size=12))
2023-03-07 04:41:15,554 DEBUG server.RaftServer$Division (LeaderStateImpl.java:addPendingRequest(474)) - s7@group-44F04D6AF308-LeaderStateImpl: addPendingRequest at RaftClientRequest:client-B09D92EF6A27->s7@group-44F04D6AF308, cid=6529, seq=0, RW, Message:010161024057c0000000...(size=12), entry=(t:1, i:73), STATEMACHINELOGENTRY, 6529@client-B09D92EF6A27
2023-03-07 04:41:15,555 DEBUG server.RaftServer$Division (RaftServerImpl.java:logAppendEntries(1429)) - s8@group-44F04D6AF308: receive appendEntries(s7, 1, (t:1, i:71), 71, true, commits:[s7:c71, s8:c69, s9:c69], cId:6530, entries: [(t:1, i:72), METADATAENTRY(c:71), (t:1, i:73), STATEMACHINELOGENTRY, 6529@client-B09D92EF6A27]
2023-03-07 04:41:15,555 DEBUG server.RaftServer$Division (RaftServerImpl.java:logAppendEntries(1429)) - s9@group-44F04D6AF308: succeeded to handle AppendEntries. Reply: s7<-s9#6528:OK-t1,SUCCESS,nextIndex=73,followerCommit=71,matchIndex=72
2023-03-07 04:41:15,555 DEBUG server.RaftServer$Division (RaftServerImpl.java:logAppendEntries(1429)) - s9@group-44F04D6AF308: receive appendEntries(s7, 1, (t:1, i:72), 71, true, commits:[s7:c71, s8:c69, s9:c71], cId:6531, entries: [(t:1, i:73), STATEMACHINELOGENTRY, 6529@client-B09D92EF6A27]
2023-03-07 04:41:15,556 DEBUG server.RaftServer$Division (RaftServerImpl.java:logAppendEntries(1429)) - s8@group-44F04D6AF308: succeeded to handle AppendEntries. Reply: s7<-s8#6530:OK-t1,SUCCESS,nextIndex=74,followerCommit=71,matchIndex=73
2023-03-07 04:41:15,556 INFO  statemachine.StateMachine (ArithmeticStateMachine.java:applyTransaction(182)) - LEADER:s7-73: a = 95 = 95
2023-03-07 04:41:15,557 DEBUG server.RaftServer$Division (RaftServerImpl.java:submitClientRequestAsync(832)) - s7@group-44F04D6AF308: receive client request(RaftClientRequest:client-B09D92EF6A27->s7@group-44F04D6AF308, cid=6533, seq=0, RW, Message:0101620240b1a0000000...(size=12))
2023-03-07 04:41:15,557 DEBUG server.RaftServer$Division (LeaderStateImpl.java:addPendingRequest(474)) - s7@group-44F04D6AF308-LeaderStateImpl: addPendingRequest at RaftClientRequest:client-B09D92EF6A27->s7@group-44F04D6AF308, cid=6533, seq=0, RW, Message:0101620240b1a0000000...(size=12), entry=(t:1, i:75), STATEMACHINELOGENTRY, 6533@client-B09D92EF6A27
2023-03-07 04:41:15,557 DEBUG server.RaftServer$Division (RaftServerImpl.java:logAppendEntries(1429)) - s8@group-44F04D6AF308: receive appendEntries(s7, 1, (t:1, i:73), 73, true, commits:[s7:c73, s8:c71, s9:c71], cId:6532, entries: [(t:1, i:74), METADATAENTRY(c:73)]
2023-03-07 04:41:15,557 DEBUG server.RaftServer$Division (RaftServerImpl.java:logAppendEntries(1429)) - s9@group-44F04D6AF308: succeeded to handle AppendEntries. Reply: s7<-s9#6531:OK-t1,SUCCESS,nextIndex=74,followerCommit=71,matchIndex=73
2023-03-07 04:41:15,562 DEBUG server.RaftServer$Division (RaftServerImpl.java:logAppendEntries(1429)) - s9@group-44F04D6AF308: receive appendEntries(s7, 1, (t:1, i:73), 73, true, commits:[s7:c73, s8:c71, s9:c71], cId:6534, entries: [(t:1, i:74), METADATAENTRY(c:73), (t:1, i:75), STATEMACHINELOGENTRY, 6533@client-B09D92EF6A27]
2023-03-07 04:41:15,562 DEBUG server.RaftServer$Division (RaftServerImpl.java:logAppendEntries(1429)) - s8@group-44F04D6AF308: succeeded to handle AppendEntries. Reply: s7<-s8#6532:OK-t1,SUCCESS,nextIndex=75,followerCommit=73,matchIndex=74
2023-03-07 04:41:15,563 DEBUG server.RaftServer$Division (RaftServerImpl.java:logAppendEntries(1429)) - s8@group-44F04D6AF308: receive appendEntries(s7, 1, (t:1, i:74), 73, true, commits:[s7:c73, s8:c73, s9:c71], cId:6535, entries: [(t:1, i:75), STATEMACHINELOGENTRY, 6533@client-B09D92EF6A27]
2023-03-07 04:41:15,563 DEBUG server.RaftServer$Division (RaftServerImpl.java:logAppendEntries(1429)) - s9@group-44F04D6AF308: succeeded to handle AppendEntries. Reply: s7<-s9#6534:OK-t1,SUCCESS,nextIndex=76,followerCommit=73,matchIndex=75
2023-03-07 04:41:15,563 INFO  statemachine.StateMachine (ArithmeticStateMachine.java:applyTransaction(182)) - LEADER:s7-75: b = 4512 = 4512
2023-03-07 04:41:15,564 DEBUG server.RaftServer$Division (RaftServerImpl.java:logAppendEntries(1429)) - s9@group-44F04D6AF308: receive appendEntries(s7, 1, (t:1, i:75), 75, true, commits:[s7:c75, s8:c73, s9:c73], cId:6536, entries: [(t:1, i:76), METADATAENTRY(c:75)]
2023-03-07 04:41:15,564 DEBUG server.RaftServer$Division (RaftServerImpl.java:submitClientRequestAsync(832)) - s7@group-44F04D6AF308: receive client request(RaftClientRequest:client-B09D92EF6A27->s7@group-44F04D6AF308, cid=6537, seq=0, RW, Message:01016304010300040201...(size=17))
2023-03-07 04:41:15,564 DEBUG server.RaftServer$Division (RaftServerImpl.java:logAppendEntries(1429)) - s8@group-44F04D6AF308: succeeded to handle AppendEntries. Reply: s7<-s8#6535:OK-t1,SUCCESS,nextIndex=76,followerCommit=73,matchIndex=75
2023-03-07 04:41:15,564 DEBUG server.RaftServer$Division (LeaderStateImpl.java:addPendingRequest(474)) - s7@group-44F04D6AF308-LeaderStateImpl: addPendingRequest at RaftClientRequest:client-B09D92EF6A27->s7@group-44F04D6AF308, cid=6537, seq=0, RW, Message:01016304010300040201...(size=17), entry=(t:1, i:77), STATEMACHINELOGENTRY, 6537@client-B09D92EF6A27
2023-03-07 04:41:15,565 DEBUG server.RaftServer$Division (RaftServerImpl.java:logAppendEntries(1429)) - s8@group-44F04D6AF308: receive appendEntries(s7, 1, (t:1, i:75), 75, true, commits:[s7:c75, s8:c73, s9:c73], cId:6538, entries: [(t:1, i:76), METADATAENTRY(c:75), (t:1, i:77), STATEMACHINELOGENTRY, 6537@client-B09D92EF6A27]
2023-03-07 04:41:15,565 DEBUG server.RaftServer$Division (RaftServerImpl.java:logAppendEntries(1429)) - s9@group-44F04D6AF308: succeeded to handle AppendEntries. Reply: s7<-s9#6536:OK-t1,SUCCESS,nextIndex=77,followerCommit=75,matchIndex=76
2023-03-07 04:41:15,565 DEBUG server.RaftServer$Division (RaftServerImpl.java:logAppendEntries(1429)) - s8@group-44F04D6AF308: succeeded to handle AppendEntries. Reply: s7<-s8#6538:OK-t1,SUCCESS,nextIndex=78,followerCommit=75,matchIndex=77
2023-03-07 04:41:15,567 INFO  statemachine.StateMachine (ArithmeticStateMachine.java:applyTransaction(182)) - LEADER:s7-77: c = √(a^2 + b^2) = 4513
2023-03-07 04:41:15,567 DEBUG server.RaftServer$Division (RaftServerImpl.java:logAppendEntries(1429)) - s9@group-44F04D6AF308: receive appendEntries(s7, 1, (t:1, i:76), 77, true, commits:[s7:c77, s8:c75, s9:c75], cId:6540, entries: [(t:1, i:77), STATEMACHINELOGENTRY, 6537@client-B09D92EF6A27, (t:1, i:78), METADATAENTRY(c:77)]
2023-03-07 04:41:15,568 DEBUG server.RaftServer$Division (RaftServerImpl.java:submitClientRequestAsync(832)) - s7@group-44F04D6AF308: receive client request(RaftClientRequest:client-B09D92EF6A27->s7@group-44F04D6AF308, cid=6541, seq=0, RW, Message:01016100)
2023-03-07 04:41:15,568 DEBUG server.RaftServer$Division (RaftServerImpl.java:logAppendEntries(1429)) - s8@group-44F04D6AF308: receive appendEntries(s7, 1, (t:1, i:77), 77, true, commits:[s7:c77, s8:c75, s9:c75], cId:6539, entries: [(t:1, i:78), METADATAENTRY(c:77)]
2023-03-07 04:41:15,568 DEBUG server.RaftServer$Division (RaftServerImpl.java:logAppendEntries(1429)) - s8@group-44F04D6AF308: succeeded to handle AppendEntries. Reply: s7<-s8#6539:OK-t1,SUCCESS,nextIndex=79,followerCommit=77,matchIndex=78
2023-03-07 04:41:15,569 DEBUG server.RaftServer$Division (RaftServerImpl.java:logAppendEntries(1429)) - s8@group-44F04D6AF308: receive appendEntries(s7, 1, (t:1, i:78), 77, true, commits:[s7:c77, s8:c77, s9:c75], cId:6542, entries: [(t:1, i:79), STATEMACHINELOGENTRY, 6541@client-B09D92EF6A27]
2023-03-07 04:41:15,569 DEBUG server.RaftServer$Division (LeaderStateImpl.java:addPendingRequest(474)) - s7@group-44F04D6AF308-LeaderStateImpl: addPendingRequest at RaftClientRequest:client-B09D92EF6A27->s7@group-44F04D6AF308, cid=6541, seq=0, RW, Message:01016100, entry=(t:1, i:79), STATEMACHINELOGENTRY, 6541@client-B09D92EF6A27
2023-03-07 04:41:15,569 DEBUG server.RaftServer$Division (RaftServerImpl.java:logAppendEntries(1429)) - s8@group-44F04D6AF308: succeeded to handle AppendEntries. Reply: s7<-s8#6542:OK-t1,SUCCESS,nextIndex=80,followerCommit=77,matchIndex=79
2023-03-07 04:41:15,569 DEBUG server.RaftServer$Division (RaftServerImpl.java:logAppendEntries(1429)) - s8@group-44F04D6AF308: receive appendEntries(s7, 1, (t:1, i:79), 79, true, commits:[s7:c79, s8:c77, s9:c75], cId:6543, entries: [(t:1, i:80), METADATAENTRY(c:79)]
2023-03-07 04:41:15,570 DEBUG server.RaftServer$Division (RaftServerImpl.java:logAppendEntries(1429)) - s8@group-44F04D6AF308: succeeded to handle AppendEntries. Reply: s7<-s8#6543:OK-t1,SUCCESS,nextIndex=81,followerCommit=79,matchIndex=80
2023-03-07 04:41:15,570 DEBUG server.RaftServer$Division (RaftServerImpl.java:logAppendEntries(1429)) - s9@group-44F04D6AF308: succeeded to handle AppendEntries. Reply: s7<-s9#6540:OK-t1,SUCCESS,nextIndex=79,followerCommit=77,matchIndex=78
2023-03-07 04:41:15,571 DEBUG server.RaftServer$Division (RaftServerImpl.java:logAppendEntries(1429)) - s9@group-44F04D6AF308: receive appendEntries(s7, 1, (t:1, i:78), 80, true, commits:[s7:c80, s8:c79, s9:c77], cId:6544, entries: [(t:1, i:79), STATEMACHINELOGENTRY, 6541@client-B09D92EF6A27, (t:1, i:80), METADATAENTRY(c:79)]
2023-03-07 04:41:15,571 DEBUG server.RaftServer$Division (RaftServerImpl.java:logAppendEntries(1429)) - s9@group-44F04D6AF308: succeeded to handle AppendEntries. Reply: s7<-s9#6544:OK-t1,SUCCESS,nextIndex=81,followerCommit=80,matchIndex=80
2023-03-07 04:41:15,571 INFO  statemachine.StateMachine (ArithmeticStateMachine.java:applyTransaction(182)) - LEADER:s7-79: a = null = null
2023-03-07 04:41:15,571 DEBUG server.RaftServer$Division (RaftServerImpl.java:submitClientRequestAsync(832)) - s7@group-44F04D6AF308: receive client request(RaftClientRequest:client-B09D92EF6A27->s7@group-44F04D6AF308, cid=6545, seq=0, RW, Message:01016200)
2023-03-07 04:41:15,572 DEBUG server.RaftServer$Division (LeaderStateImpl.java:addPendingRequest(474)) - s7@group-44F04D6AF308-LeaderStateImpl: addPendingRequest at RaftClientRequest:client-B09D92EF6A27->s7@group-44F04D6AF308, cid=6545, seq=0, RW, Message:01016200, entry=(t:1, i:81), STATEMACHINELOGENTRY, 6545@client-B09D92EF6A27
2023-03-07 04:41:15,572 DEBUG server.RaftServer$Division (RaftServerImpl.java:logAppendEntries(1429)) - s8@group-44F04D6AF308: receive appendEntries(s7, 1, (t:1, i:80), 80, true, commits:[s7:c80, s8:c79, s9:c80], cId:6546, entries: [(t:1, i:81), STATEMACHINELOGENTRY, 6545@client-B09D92EF6A27]
2023-03-07 04:41:15,572 DEBUG server.RaftServer$Division (RaftServerImpl.java:logAppendEntries(1429)) - s8@group-44F04D6AF308: succeeded to handle AppendEntries. Reply: s7<-s8#6546:OK-t1,SUCCESS,nextIndex=82,followerCommit=80,matchIndex=81
2023-03-07 04:41:15,573 INFO  statemachine.StateMachine (ArithmeticStateMachine.java:applyTransaction(182)) - LEADER:s7-81: b = null = null
2023-03-07 04:41:15,573 DEBUG server.RaftServer$Division (RaftServerImpl.java:logAppendEntries(1429)) - s8@group-44F04D6AF308: receive appendEntries(s7, 1, (t:1, i:81), 81, true, commits:[s7:c81, s8:c80, s9:c80], cId:6548, entries: [(t:1, i:82), METADATAENTRY(c:81)]
2023-03-07 04:41:15,573 DEBUG server.RaftServer$Division (RaftServerImpl.java:logAppendEntries(1429)) - s8@group-44F04D6AF308: succeeded to handle AppendEntries. Reply: s7<-s8#6548:OK-t1,SUCCESS,nextIndex=83,followerCommit=81,matchIndex=82
2023-03-07 04:41:15,574 DEBUG server.RaftServer$Division (RaftServerImpl.java:submitClientRequestAsync(832)) - s7@group-44F04D6AF308: receive client request(RaftClientRequest:client-B09D92EF6A27->s7@group-44F04D6AF308, cid=6549, seq=0, RW, Message:01016300)
2023-03-07 04:41:15,574 DEBUG server.RaftServer$Division (LeaderStateImpl.java:addPendingRequest(474)) - s7@group-44F04D6AF308-LeaderStateImpl: addPendingRequest at RaftClientRequest:client-B09D92EF6A27->s7@group-44F04D6AF308, cid=6549, seq=0, RW, Message:01016300, entry=(t:1, i:83), STATEMACHINELOGENTRY, 6549@client-B09D92EF6A27
2023-03-07 04:41:15,574 DEBUG server.RaftServer$Division (RaftServerImpl.java:logAppendEntries(1429)) - s8@group-44F04D6AF308: receive appendEntries(s7, 1, (t:1, i:82), 82, true, commits:[s7:c82, s8:c81, s9:c80], cId:6550, entries: [(t:1, i:83), STATEMACHINELOGENTRY, 6549@client-B09D92EF6A27]
2023-03-07 04:41:15,575 DEBUG server.RaftServer$Division (RaftServerImpl.java:logAppendEntries(1429)) - s8@group-44F04D6AF308: succeeded to handle AppendEntries. Reply: s7<-s8#6550:OK-t1,SUCCESS,nextIndex=84,followerCommit=82,matchIndex=83
2023-03-07 04:41:15,575 INFO  statemachine.StateMachine (ArithmeticStateMachine.java:applyTransaction(182)) - LEADER:s7-83: c = null = null
2023-03-07 04:41:15,575 DEBUG server.RaftServer$Division (RaftServerImpl.java:logAppendEntries(1429)) - s8@group-44F04D6AF308: receive appendEntries(s7, 1, (t:1, i:83), 83, true, commits:[s7:c83, s8:c82, s9:c80], cId:6551, entries: [(t:1, i:84), METADATAENTRY(c:83)]
2023-03-07 04:41:15,575 DEBUG server.RaftServer$Division (RaftServerImpl.java:logAppendEntries(1429)) - s8@group-44F04D6AF308: succeeded to handle AppendEntries. Reply: s7<-s8#6551:OK-t1,SUCCESS,nextIndex=85,followerCommit=83,matchIndex=84
2023-03-07 04:41:15,576 DEBUG server.RaftServer$Division (RaftServerImpl.java:logAppendEntries(1429)) - s9@group-44F04D6AF308: receive appendEntries(s7, 1, (t:1, i:80), 80, true, commits:[s7:c80, s8:c79, s9:c80], cId:6547, entries: [(t:1, i:81), STATEMACHINELOGENTRY, 6545@client-B09D92EF6A27]
2023-03-07 04:41:15,576 DEBUG server.RaftServer$Division (RaftServerImpl.java:logAppendEntries(1429)) - s9@group-44F04D6AF308: succeeded to handle AppendEntries. Reply: s7<-s9#6547:OK-t1,SUCCESS,nextIndex=82,followerCommit=80,matchIndex=81
2023-03-07 04:41:15,576 DEBUG server.RaftServer$Division (RaftServerImpl.java:submitClientRequestAsync(832)) - s7@group-44F04D6AF308: receive client request(RaftClientRequest:client-B09D92EF6A27->s7@group-44F04D6AF308, cid=6552, seq=0, RW, Message:01016102405840000000...(size=12))
2023-03-07 04:41:15,576 DEBUG server.RaftServer$Division (LeaderStateImpl.java:addPendingRequest(474)) - s7@group-44F04D6AF308-LeaderStateImpl: addPendingRequest at RaftClientRequest:client-B09D92EF6A27->s7@group-44F04D6AF308, cid=6552, seq=0, RW, Message:01016102405840000000...(size=12), entry=(t:1, i:85), STATEMACHINELOGENTRY, 6552@client-B09D92EF6A27
2023-03-07 04:41:15,576 DEBUG server.RaftServer$Division (RaftServerImpl.java:logAppendEntries(1429)) - s8@group-44F04D6AF308: receive appendEntries(s7, 1, (t:1, i:84), 84, true, commits:[s7:c84, s8:c83, s9:c80], cId:6553, entries: [(t:1, i:85), STATEMACHINELOGENTRY, 6552@client-B09D92EF6A27]
2023-03-07 04:41:15,577 DEBUG server.RaftServer$Division (RaftServerImpl.java:logAppendEntries(1429)) - s8@group-44F04D6AF308: succeeded to handle AppendEntries. Reply: s7<-s8#6553:OK-t1,SUCCESS,nextIndex=86,followerCommit=84,matchIndex=85
2023-03-07 04:41:15,577 INFO  statemachine.StateMachine (ArithmeticStateMachine.java:applyTransaction(182)) - LEADER:s7-85: a = 97 = 97
2023-03-07 04:41:15,577 DEBUG server.RaftServer$Division (RaftServerImpl.java:logAppendEntries(1429)) - s8@group-44F04D6AF308: receive appendEntries(s7, 1, (t:1, i:85), 85, true, commits:[s7:c85, s8:c84, s9:c80], cId:6554, entries: [(t:1, i:86), METADATAENTRY(c:85)]
2023-03-07 04:41:15,578 DEBUG server.RaftServer$Division (RaftServerImpl.java:logAppendEntries(1429)) - s8@group-44F04D6AF308: succeeded to handle AppendEntries. Reply: s7<-s8#6554:OK-t1,SUCCESS,nextIndex=87,followerCommit=85,matchIndex=86
2023-03-07 04:41:15,578 DEBUG server.RaftServer$Division (RaftServerImpl.java:submitClientRequestAsync(832)) - s7@group-44F04D6AF308: receive client request(RaftClientRequest:client-B09D92EF6A27->s7@group-44F04D6AF308, cid=6556, seq=0, RW, Message:0101620240b260000000...(size=12))
2023-03-07 04:41:15,578 DEBUG server.RaftServer$Division (LeaderStateImpl.java:addPendingRequest(474)) - s7@group-44F04D6AF308-LeaderStateImpl: addPendingRequest at RaftClientRequest:client-B09D92EF6A27->s7@group-44F04D6AF308, cid=6556, seq=0, RW, Message:0101620240b260000000...(size=12), entry=(t:1, i:87), STATEMACHINELOGENTRY, 6556@client-B09D92EF6A27
2023-03-07 04:41:15,579 DEBUG server.RaftServer$Division (RaftServerImpl.java:logAppendEntries(1429)) - s8@group-44F04D6AF308: receive appendEntries(s7, 1, (t:1, i:86), 86, true, commits:[s7:c86, s8:c85, s9:c80], cId:6557, entries: [(t:1, i:87), STATEMACHINELOGENTRY, 6556@client-B09D92EF6A27]
2023-03-07 04:41:15,579 DEBUG server.RaftServer$Division (RaftServerImpl.java:logAppendEntries(1429)) - s8@group-44F04D6AF308: succeeded to handle AppendEntries. Reply: s7<-s8#6557:OK-t1,SUCCESS,nextIndex=88,followerCommit=86,matchIndex=87
2023-03-07 04:41:15,579 DEBUG server.RaftServer$Division (RaftServerImpl.java:logAppendEntries(1429)) - s8@group-44F04D6AF308: receive appendEntries(s7, 1, (t:1, i:87), 87, true, commits:[s7:c87, s8:c86, s9:c80], cId:6558, entries: [(t:1, i:88), METADATAENTRY(c:87)]
2023-03-07 04:41:15,580 DEBUG server.RaftServer$Division (RaftServerImpl.java:logAppendEntries(1429)) - s9@group-44F04D6AF308: receive appendEntries(s7, 1, (t:1, i:81), 86, true, commits:[s7:c86, s8:c85, s9:c80], cId:6555, entries: [(t:1, i:82), METADATAENTRY(c:81), (t:1, i:83), STATEMACHINELOGENTRY, 6549@client-B09D92EF6A27, (t:1, i:84), METADATAENTRY(c:83), (t:1, i:85), STATEMACHINELOGENTRY, 6552@client-B09D92EF6A27, (t:1, i:86), METADATAENTRY(c:85)]
2023-03-07 04:41:15,580 DEBUG server.RaftServer$Division (RaftServerImpl.java:logAppendEntries(1429)) - s8@group-44F04D6AF308: succeeded to handle AppendEntries. Reply: s7<-s8#6558:OK-t1,SUCCESS,nextIndex=89,followerCommit=87,matchIndex=88
2023-03-07 04:41:15,580 DEBUG server.RaftServer$Division (RaftServerImpl.java:logAppendEntries(1429)) - s9@group-44F04D6AF308: succeeded to handle AppendEntries. Reply: s7<-s9#6555:OK-t1,SUCCESS,nextIndex=87,followerCommit=86,matchIndex=86
2023-03-07 04:41:15,581 DEBUG server.RaftServer$Division (RaftServerImpl.java:logAppendEntries(1429)) - s9@group-44F04D6AF308: receive appendEntries(s7, 1, (t:1, i:86), 88, true, commits:[s7:c88, s8:c87, s9:c86], cId:6559, entries: [(t:1, i:87), STATEMACHINELOGENTRY, 6556@client-B09D92EF6A27, (t:1, i:88), METADATAENTRY(c:87)]
2023-03-07 04:41:15,581 DEBUG server.RaftServer$Division (RaftServerImpl.java:logAppendEntries(1429)) - s9@group-44F04D6AF308: succeeded to handle AppendEntries. Reply: s7<-s9#6559:OK-t1,SUCCESS,nextIndex=89,followerCommit=88,matchIndex=88
2023-03-07 04:41:15,584 INFO  statemachine.StateMachine (ArithmeticStateMachine.java:applyTransaction(182)) - LEADER:s7-87: b = 4704 = 4704
2023-03-07 04:41:15,585 DEBUG server.RaftServer$Division (RaftServerImpl.java:submitClientRequestAsync(832)) - s7@group-44F04D6AF308: receive client request(RaftClientRequest:client-B09D92EF6A27->s7@group-44F04D6AF308, cid=6560, seq=0, RW, Message:01016304010300040201...(size=17))
2023-03-07 04:41:15,585 DEBUG server.RaftServer$Division (LeaderStateImpl.java:addPendingRequest(474)) - s7@group-44F04D6AF308-LeaderStateImpl: addPendingRequest at RaftClientRequest:client-B09D92EF6A27->s7@group-44F04D6AF308, cid=6560, seq=0, RW, Message:01016304010300040201...(size=17), entry=(t:1, i:89), STATEMACHINELOGENTRY, 6560@client-B09D92EF6A27
2023-03-07 04:41:15,586 DEBUG server.RaftServer$Division (RaftServerImpl.java:logAppendEntries(1429)) - s8@group-44F04D6AF308: receive appendEntries(s7, 1, (t:1, i:88), 88, true, commits:[s7:c88, s8:c87, s9:c88], cId:6561, entries: [(t:1, i:89), STATEMACHINELOGENTRY, 6560@client-B09D92EF6A27]
2023-03-07 04:41:15,586 DEBUG server.RaftServer$Division (RaftServerImpl.java:logAppendEntries(1429)) - s8@group-44F04D6AF308: succeeded to handle AppendEntries. Reply: s7<-s8#6561:OK-t1,SUCCESS,nextIndex=90,followerCommit=88,matchIndex=89
2023-03-07 04:41:15,586 INFO  statemachine.StateMachine (ArithmeticStateMachine.java:applyTransaction(182)) - LEADER:s7-89: c = √(a^2 + b^2) = 4705
2023-03-07 04:41:15,587 DEBUG server.RaftServer$Division (RaftServerImpl.java:logAppendEntries(1429)) - s8@group-44F04D6AF308: receive appendEntries(s7, 1, (t:1, i:89), 89, true, commits:[s7:c89, s8:c88, s9:c88], cId:6563, entries: [(t:1, i:90), METADATAENTRY(c:89)]
2023-03-07 04:41:15,587 DEBUG server.RaftServer$Division (RaftServerImpl.java:logAppendEntries(1429)) - s8@group-44F04D6AF308: succeeded to handle AppendEntries. Reply: s7<-s8#6563:OK-t1,SUCCESS,nextIndex=91,followerCommit=89,matchIndex=90
2023-03-07 04:41:15,588 DEBUG server.RaftServer$Division (RaftServerImpl.java:logAppendEntries(1429)) - s9@group-44F04D6AF308: receive appendEntries(s7, 1, (t:1, i:88), 88, true, commits:[s7:c88, s8:c87, s9:c88], cId:6562, entries: [(t:1, i:89), STATEMACHINELOGENTRY, 6560@client-B09D92EF6A27]
2023-03-07 04:41:15,588 DEBUG server.RaftServer$Division (RaftServerImpl.java:submitClientRequestAsync(832)) - s7@group-44F04D6AF308: receive client request(RaftClientRequest:client-B09D92EF6A27->s7@group-44F04D6AF308, cid=6564, seq=0, RW, Message:01016100)
2023-03-07 04:41:15,588 DEBUG server.RaftServer$Division (LeaderStateImpl.java:addPendingRequest(474)) - s7@group-44F04D6AF308-LeaderStateImpl: addPendingRequest at RaftClientRequest:client-B09D92EF6A27->s7@group-44F04D6AF308, cid=6564, seq=0, RW, Message:01016100, entry=(t:1, i:91), STATEMACHINELOGENTRY, 6564@client-B09D92EF6A27
2023-03-07 04:41:15,589 DEBUG server.RaftServer$Division (RaftServerImpl.java:logAppendEntries(1429)) - s8@group-44F04D6AF308: receive appendEntries(s7, 1, (t:1, i:90), 90, true, commits:[s7:c90, s8:c89, s9:c88], cId:6565, entries: [(t:1, i:91), STATEMACHINELOGENTRY, 6564@client-B09D92EF6A27]
2023-03-07 04:41:15,589 DEBUG server.RaftServer$Division (RaftServerImpl.java:logAppendEntries(1429)) - s9@group-44F04D6AF308: succeeded to handle AppendEntries. Reply: s7<-s9#6562:OK-t1,SUCCESS,nextIndex=90,followerCommit=88,matchIndex=89
2023-03-07 04:41:15,589 DEBUG server.RaftServer$Division (RaftServerImpl.java:logAppendEntries(1429)) - s8@group-44F04D6AF308: succeeded to handle AppendEntries. Reply: s7<-s8#6565:OK-t1,SUCCESS,nextIndex=92,followerCommit=90,matchIndex=91
2023-03-07 04:41:15,589 INFO  statemachine.StateMachine (ArithmeticStateMachine.java:applyTransaction(182)) - LEADER:s7-91: a = null = null
2023-03-07 04:41:15,590 DEBUG server.RaftServer$Division (RaftServerImpl.java:logAppendEntries(1429)) - s8@group-44F04D6AF308: receive appendEntries(s7, 1, (t:1, i:91), 91, true, commits:[s7:c91, s8:c90, s9:c88], cId:6566, entries: [(t:1, i:92), METADATAENTRY(c:91)]
2023-03-07 04:41:15,590 DEBUG server.RaftServer$Division (RaftServerImpl.java:logAppendEntries(1429)) - s8@group-44F04D6AF308: succeeded to handle AppendEntries. Reply: s7<-s8#6566:OK-t1,SUCCESS,nextIndex=93,followerCommit=91,matchIndex=92
2023-03-07 04:41:15,590 DEBUG server.RaftServer$Division (RaftServerImpl.java:submitClientRequestAsync(832)) - s7@group-44F04D6AF308: receive client request(RaftClientRequest:client-B09D92EF6A27->s7@group-44F04D6AF308, cid=6567, seq=0, RW, Message:01016200)
2023-03-07 04:41:15,590 DEBUG server.RaftServer$Division (LeaderStateImpl.java:addPendingRequest(474)) - s7@group-44F04D6AF308-LeaderStateImpl: addPendingRequest at RaftClientRequest:client-B09D92EF6A27->s7@group-44F04D6AF308, cid=6567, seq=0, RW, Message:01016200, entry=(t:1, i:93), STATEMACHINELOGENTRY, 6567@client-B09D92EF6A27
2023-03-07 04:41:15,591 DEBUG server.RaftServer$Division (RaftServerImpl.java:logAppendEntries(1429)) - s8@group-44F04D6AF308: receive appendEntries(s7, 1, (t:1, i:92), 92, true, commits:[s7:c92, s8:c91, s9:c88], cId:6568, entries: [(t:1, i:93), STATEMACHINELOGENTRY, 6567@client-B09D92EF6A27]
2023-03-07 04:41:15,591 DEBUG server.RaftServer$Division (RaftServerImpl.java:logAppendEntries(1429)) - s8@group-44F04D6AF308: succeeded to handle AppendEntries. Reply: s7<-s8#6568:OK-t1,SUCCESS,nextIndex=94,followerCommit=92,matchIndex=93
2023-03-07 04:41:15,591 INFO  statemachine.StateMachine (ArithmeticStateMachine.java:applyTransaction(182)) - LEADER:s7-93: b = null = null
2023-03-07 04:41:15,592 DEBUG server.RaftServer$Division (RaftServerImpl.java:logAppendEntries(1429)) - s8@group-44F04D6AF308: receive appendEntries(s7, 1, (t:1, i:93), 93, true, commits:[s7:c93, s8:c92, s9:c88], cId:6572, entries: [(t:1, i:94), METADATAENTRY(c:93)]
2023-03-07 04:41:15,592 DEBUG server.RaftServer$Division (RaftServerImpl.java:logAppendEntries(1429)) - s8@group-44F04D6AF308: succeeded to handle AppendEntries. Reply: s7<-s8#6572:OK-t1,SUCCESS,nextIndex=95,followerCommit=93,matchIndex=94
2023-03-07 04:41:15,592 DEBUG server.RaftServer$Division (RaftServerImpl.java:submitClientRequestAsync(832)) - s7@group-44F04D6AF308: receive client request(RaftClientRequest:client-B09D92EF6A27->s7@group-44F04D6AF308, cid=6575, seq=0, RW, Message:01016300)
2023-03-07 04:41:15,592 DEBUG server.RaftServer$Division (LeaderStateImpl.java:addPendingRequest(474)) - s7@group-44F04D6AF308-LeaderStateImpl: addPendingRequest at RaftClientRequest:client-B09D92EF6A27->s7@group-44F04D6AF308, cid=6575, seq=0, RW, Message:01016300, entry=(t:1, i:95), STATEMACHINELOGENTRY, 6575@client-B09D92EF6A27
2023-03-07 04:41:15,594 DEBUG server.RaftServer$Division (RaftServerImpl.java:logAppendEntries(1429)) - s8@group-44F04D6AF308: receive appendEntries(s7, 1, (t:1, i:94), 93, true, commits:[s7:c93, s8:c93, s9:c88], cId:6576, entries: [(t:1, i:95), STATEMACHINELOGENTRY, 6575@client-B09D92EF6A27]
2023-03-07 04:41:15,595 DEBUG server.RaftServer$Division (RaftServerImpl.java:logAppendEntries(1429)) - s9@group-44F04D6AF308: receive appendEntries(s7, 1, (t:1, i:89), 92, true, commits:[s7:c92, s8:c91, s9:c88], cId:6571, entries: [(t:1, i:90), METADATAENTRY(c:89), (t:1, i:91), STATEMACHINELOGENTRY, 6564@client-B09D92EF6A27, (t:1, i:92), METADATAENTRY(c:91), (t:1, i:93), STATEMACHINELOGENTRY, 6567@client-B09D92EF6A27]
2023-03-07 04:41:15,595 DEBUG server.RaftServer$Division (RaftServerImpl.java:logAppendEntries(1429)) - s8@group-44F04D6AF308: succeeded to handle AppendEntries. Reply: s7<-s8#6576:OK-t1,SUCCESS,nextIndex=96,followerCommit=93,matchIndex=95
2023-03-07 04:41:15,595 INFO  statemachine.StateMachine (ArithmeticStateMachine.java:applyTransaction(182)) - LEADER:s7-95: c = null = null
2023-03-07 04:41:15,596 DEBUG server.RaftServer$Division (RaftServerImpl.java:logAppendEntries(1429)) - s8@group-44F04D6AF308: receive appendEntries(s7, 1, (t:1, i:95), 95, true, commits:[s7:c95, s8:c93, s9:c88], cId:6581, entries: [(t:1, i:96), METADATAENTRY(c:95)]
2023-03-07 04:41:15,596 DEBUG server.RaftServer$Division (RaftServerImpl.java:logAppendEntries(1429)) - s8@group-44F04D6AF308: succeeded to handle AppendEntries. Reply: s7<-s8#6581:OK-t1,SUCCESS,nextIndex=97,followerCommit=95,matchIndex=96
2023-03-07 04:41:15,596 DEBUG server.RaftServer$Division (RaftServerImpl.java:submitClientRequestAsync(832)) - s7@group-44F04D6AF308: receive client request(RaftClientRequest:client-B09D92EF6A27->s7@group-44F04D6AF308, cid=6582, seq=0, RW, Message:010161024058c0000000...(size=12))
2023-03-07 04:41:15,596 DEBUG server.RaftServer$Division (LeaderStateImpl.java:addPendingRequest(474)) - s7@group-44F04D6AF308-LeaderStateImpl: addPendingRequest at RaftClientRequest:client-B09D92EF6A27->s7@group-44F04D6AF308, cid=6582, seq=0, RW, Message:010161024058c0000000...(size=12), entry=(t:1, i:97), STATEMACHINELOGENTRY, 6582@client-B09D92EF6A27
2023-03-07 04:41:15,597 DEBUG server.RaftServer$Division (RaftServerImpl.java:logAppendEntries(1429)) - s8@group-44F04D6AF308: receive appendEntries(s7, 1, (t:1, i:96), 95, true, commits:[s7:c95, s8:c95, s9:c88], cId:6583, entries: [(t:1, i:97), STATEMACHINELOGENTRY, 6582@client-B09D92EF6A27]
2023-03-07 04:41:15,597 DEBUG server.RaftServer$Division (RaftServerImpl.java:logAppendEntries(1429)) - s8@group-44F04D6AF308: succeeded to handle AppendEntries. Reply: s7<-s8#6583:OK-t1,SUCCESS,nextIndex=98,followerCommit=95,matchIndex=97
2023-03-07 04:41:15,597 INFO  statemachine.StateMachine (ArithmeticStateMachine.java:applyTransaction(182)) - LEADER:s7-97: a = 99 = 99
2023-03-07 04:41:15,598 DEBUG server.RaftServer$Division (RaftServerImpl.java:logAppendEntries(1429)) - s8@group-44F04D6AF308: receive appendEntries(s7, 1, (t:1, i:97), 97, true, commits:[s7:c97, s8:c95, s9:c88], cId:6584, entries: [(t:1, i:98), METADATAENTRY(c:97)]
2023-03-07 04:41:15,598 DEBUG server.RaftServer$Division (RaftServerImpl.java:submitClientRequestAsync(832)) - s7@group-44F04D6AF308: receive client request(RaftClientRequest:client-B09D92EF6A27->s7@group-44F04D6AF308, cid=6585, seq=0, RW, Message:0101620240b324000000...(size=12))
2023-03-07 04:41:15,598 DEBUG server.RaftServer$Division (LeaderStateImpl.java:addPendingRequest(474)) - s7@group-44F04D6AF308-LeaderStateImpl: addPendingRequest at RaftClientRequest:client-B09D92EF6A27->s7@group-44F04D6AF308, cid=6585, seq=0, RW, Message:0101620240b324000000...(size=12), entry=(t:1, i:99), STATEMACHINELOGENTRY, 6585@client-B09D92EF6A27
2023-03-07 04:41:15,598 DEBUG server.RaftServer$Division (RaftServerImpl.java:logAppendEntries(1429)) - s8@group-44F04D6AF308: succeeded to handle AppendEntries. Reply: s7<-s8#6584:OK-t1,SUCCESS,nextIndex=99,followerCommit=97,matchIndex=98
2023-03-07 04:41:15,598 DEBUG server.RaftServer$Division (RaftServerImpl.java:logAppendEntries(1429)) - s8@group-44F04D6AF308: receive appendEntries(s7, 1, (t:1, i:98), 97, true, commits:[s7:c97, s8:c97, s9:c88], cId:6586, entries: [(t:1, i:99), STATEMACHINELOGENTRY, 6585@client-B09D92EF6A27]
2023-03-07 04:41:15,599 DEBUG server.RaftServer$Division (RaftServerImpl.java:logAppendEntries(1429)) - s9@group-44F04D6AF308: succeeded to handle AppendEntries. Reply: s7<-s9#6571:OK-t1,SUCCESS,nextIndex=94,followerCommit=92,matchIndex=93
2023-03-07 04:41:15,599 DEBUG server.RaftServer$Division (RaftServerImpl.java:logAppendEntries(1429)) - s8@group-44F04D6AF308: succeeded to handle AppendEntries. Reply: s7<-s8#6586:OK-t1,SUCCESS,nextIndex=100,followerCommit=97,matchIndex=99
2023-03-07 04:41:15,599 INFO  statemachine.StateMachine (ArithmeticStateMachine.java:applyTransaction(182)) - LEADER:s7-99: b = 4900 = 4900
2023-03-07 04:41:15,599 DEBUG server.RaftServer$Division (RaftServerImpl.java:logAppendEntries(1429)) - s8@group-44F04D6AF308: receive appendEntries(s7, 1, (t:1, i:99), 99, true, commits:[s7:c99, s8:c97, s9:c88], cId:6587, entries: [(t:1, i:100), METADATAENTRY(c:99)]
2023-03-07 04:41:15,599 DEBUG server.RaftServer$Division (RaftServerImpl.java:submitClientRequestAsync(832)) - s7@group-44F04D6AF308: receive client request(RaftClientRequest:client-B09D92EF6A27->s7@group-44F04D6AF308, cid=6588, seq=0, RW, Message:01016304010300040201...(size=17))
2023-03-07 04:41:15,600 DEBUG server.RaftServer$Division (LeaderStateImpl.java:addPendingRequest(474)) - s7@group-44F04D6AF308-LeaderStateImpl: addPendingRequest at RaftClientRequest:client-B09D92EF6A27->s7@group-44F04D6AF308, cid=6588, seq=0, RW, Message:01016304010300040201...(size=17), entry=(t:1, i:101), STATEMACHINELOGENTRY, 6588@client-B09D92EF6A27
2023-03-07 04:41:15,600 DEBUG server.RaftServer$Division (RaftServerImpl.java:logAppendEntries(1429)) - s8@group-44F04D6AF308: succeeded to handle AppendEntries. Reply: s7<-s8#6587:OK-t1,SUCCESS,nextIndex=101,followerCommit=99,matchIndex=100
2023-03-07 04:41:15,600 DEBUG server.RaftServer$Division (RaftServerImpl.java:logAppendEntries(1429)) - s8@group-44F04D6AF308: receive appendEntries(s7, 1, (t:1, i:100), 99, true, commits:[s7:c99, s8:c99, s9:c92], cId:6590, entries: [(t:1, i:101), STATEMACHINELOGENTRY, 6588@client-B09D92EF6A27]
2023-03-07 04:41:15,601 DEBUG server.RaftServer$Division (RaftServerImpl.java:logAppendEntries(1429)) - s8@group-44F04D6AF308: succeeded to handle AppendEntries. Reply: s7<-s8#6590:OK-t1,SUCCESS,nextIndex=102,followerCommit=99,matchIndex=101
2023-03-07 04:41:15,601 INFO  statemachine.StateMachine (ArithmeticStateMachine.java:applyTransaction(182)) - LEADER:s7-101: c = √(a^2 + b^2) = 4901
2023-03-07 04:41:15,601 DEBUG server.RaftServer$Division (RaftServerImpl.java:logAppendEntries(1429)) - s8@group-44F04D6AF308: receive appendEntries(s7, 1, (t:1, i:101), 101, true, commits:[s7:c101, s8:c99, s9:c92], cId:6591, entries: [(t:1, i:102), METADATAENTRY(c:101)]
2023-03-07 04:41:15,601 DEBUG server.RaftServer$Division (RaftServerImpl.java:submitClientRequestAsync(832)) - s7@group-44F04D6AF308: receive client request(RaftClientRequest:client-B09D92EF6A27->s7@group-44F04D6AF308, cid=6592, seq=0, RW, Message:01016100)
2023-03-07 04:41:15,603 DEBUG server.RaftServer$Division (LeaderStateImpl.java:addPendingRequest(474)) - s7@group-44F04D6AF308-LeaderStateImpl: addPendingRequest at RaftClientRequest:client-B09D92EF6A27->s7@group-44F04D6AF308, cid=6592, seq=0, RW, Message:01016100, entry=(t:1, i:103), STATEMACHINELOGENTRY, 6592@client-B09D92EF6A27
2023-03-07 04:41:15,603 DEBUG server.RaftServer$Division (RaftServerImpl.java:logAppendEntries(1429)) - s8@group-44F04D6AF308: succeeded to handle AppendEntries. Reply: s7<-s8#6591:OK-t1,SUCCESS,nextIndex=103,followerCommit=101,matchIndex=102
2023-03-07 04:41:15,603 DEBUG server.RaftServer$Division (RaftServerImpl.java:logAppendEntries(1429)) - s9@group-44F04D6AF308: receive appendEntries(s7, 1, (t:1, i:93), 99, true, commits:[s7:c99, s8:c97, s9:c92], cId:6589, entries: [(t:1, i:94), METADATAENTRY(c:93), (t:1, i:95), STATEMACHINELOGENTRY, 6575@client-B09D92EF6A27, (t:1, i:96), METADATAENTRY(c:95), (t:1, i:97), STATEMACHINELOGENTRY, 6582@client-B09D92EF6A27, (t:1, i:98), METADATAENTRY(c:97), (t:1, i:99), STATEMACHINELOGENTRY, 6585@client-B09D92EF6A27, (t:1, i:100), METADATAENTRY(c:99), (t:1, i:101), STATEMACHINELOGENTRY, 6588@client-B09D92EF6A27]
2023-03-07 04:41:15,603 DEBUG server.RaftServer$Division (RaftServerImpl.java:logAppendEntries(1429)) - s8@group-44F04D6AF308: receive appendEntries(s7, 1, (t:1, i:102), 101, true, commits:[s7:c101, s8:c101, s9:c92], cId:6593, entries: [(t:1, i:103), STATEMACHINELOGENTRY, 6592@client-B09D92EF6A27]
2023-03-07 04:41:15,604 DEBUG server.RaftServer$Division (RaftServerImpl.java:logAppendEntries(1429)) - s9@group-44F04D6AF308: succeeded to handle AppendEntries. Reply: s7<-s9#6589:OK-t1,SUCCESS,nextIndex=102,followerCommit=99,matchIndex=101
2023-03-07 04:41:15,604 DEBUG server.RaftServer$Division (RaftServerImpl.java:logAppendEntries(1429)) - s8@group-44F04D6AF308: succeeded to handle AppendEntries. Reply: s7<-s8#6593:OK-t1,SUCCESS,nextIndex=104,followerCommit=101,matchIndex=103
2023-03-07 04:41:15,604 INFO  statemachine.StateMachine (ArithmeticStateMachine.java:applyTransaction(182)) - LEADER:s7-103: a = null = null
2023-03-07 04:41:15,605 DEBUG server.RaftServer$Division (RaftServerImpl.java:submitClientRequestAsync(832)) - s7@group-44F04D6AF308: receive client request(RaftClientRequest:client-B09D92EF6A27->s7@group-44F04D6AF308, cid=6595, seq=0, RW, Message:01016200)
2023-03-07 04:41:15,605 DEBUG server.RaftServer$Division (LeaderStateImpl.java:addPendingRequest(474)) - s7@group-44F04D6AF308-LeaderStateImpl: addPendingRequest at RaftClientRequest:client-B09D92EF6A27->s7@group-44F04D6AF308, cid=6595, seq=0, RW, Message:01016200, entry=(t:1, i:105), STATEMACHINELOGENTRY, 6595@client-B09D92EF6A27
2023-03-07 04:41:15,605 DEBUG server.RaftServer$Division (RaftServerImpl.java:logAppendEntries(1429)) - s8@group-44F04D6AF308: receive appendEntries(s7, 1, (t:1, i:103), 103, true, commits:[s7:c103, s8:c101, s9:c92], cId:6594, entries: [(t:1, i:104), METADATAENTRY(c:103)]
2023-03-07 04:41:15,605 DEBUG server.RaftServer$Division (RaftServerImpl.java:logAppendEntries(1429)) - s9@group-44F04D6AF308: receive appendEntries(s7, 1, (t:1, i:101), 103, true, commits:[s7:c103, s8:c101, s9:c99], cId:6596, entries: [(t:1, i:102), METADATAENTRY(c:101), (t:1, i:103), STATEMACHINELOGENTRY, 6592@client-B09D92EF6A27, (t:1, i:104), METADATAENTRY(c:103)]
2023-03-07 04:41:15,606 DEBUG server.RaftServer$Division (RaftServerImpl.java:logAppendEntries(1429)) - s8@group-44F04D6AF308: succeeded to handle AppendEntries. Reply: s7<-s8#6594:OK-t1,SUCCESS,nextIndex=105,followerCommit=103,matchIndex=104
2023-03-07 04:41:15,606 DEBUG server.RaftServer$Division (RaftServerImpl.java:logAppendEntries(1429)) - s9@group-44F04D6AF308: succeeded to handle AppendEntries. Reply: s7<-s9#6596:OK-t1,SUCCESS,nextIndex=105,followerCommit=103,matchIndex=104
2023-03-07 04:41:15,606 DEBUG server.RaftServer$Division (RaftServerImpl.java:logAppendEntries(1429)) - s9@group-44F04D6AF308: receive appendEntries(s7, 1, (t:1, i:104), 104, true, commits:[s7:c104, s8:c103, s9:c103], cId:6598, entries: [(t:1, i:105), STATEMACHINELOGENTRY, 6595@client-B09D92EF6A27]
2023-03-07 04:41:15,607 DEBUG server.RaftServer$Division (RaftServerImpl.java:logAppendEntries(1429)) - s8@group-44F04D6AF308: receive appendEntries(s7, 1, (t:1, i:104), 103, true, commits:[s7:c103, s8:c103, s9:c99], cId:6597, entries: [(t:1, i:105), STATEMACHINELOGENTRY, 6595@client-B09D92EF6A27]
2023-03-07 04:41:15,607 DEBUG server.RaftServer$Division (RaftServerImpl.java:logAppendEntries(1429)) - s9@group-44F04D6AF308: succeeded to handle AppendEntries. Reply: s7<-s9#6598:OK-t1,SUCCESS,nextIndex=106,followerCommit=104,matchIndex=105
2023-03-07 04:41:15,607 INFO  statemachine.StateMachine (ArithmeticStateMachine.java:applyTransaction(182)) - LEADER:s7-105: b = null = null
2023-03-07 04:41:15,607 DEBUG server.RaftServer$Division (RaftServerImpl.java:logAppendEntries(1429)) - s8@group-44F04D6AF308: succeeded to handle AppendEntries. Reply: s7<-s8#6597:OK-t1,SUCCESS,nextIndex=106,followerCommit=103,matchIndex=105
2023-03-07 04:41:15,608 DEBUG server.RaftServer$Division (RaftServerImpl.java:logAppendEntries(1429)) - s8@group-44F04D6AF308: receive appendEntries(s7, 1, (t:1, i:105), 105, true, commits:[s7:c105, s8:c103, s9:c104], cId:6601, entries: [(t:1, i:106), METADATAENTRY(c:105)]
2023-03-07 04:41:15,608 DEBUG server.RaftServer$Division (RaftServerImpl.java:logAppendEntries(1429)) - s9@group-44F04D6AF308: receive appendEntries(s7, 1, (t:1, i:105), 105, true, commits:[s7:c105, s8:c103, s9:c104], cId:6599, entries: [(t:1, i:106), METADATAENTRY(c:105)]
2023-03-07 04:41:15,608 DEBUG server.RaftServer$Division (RaftServerImpl.java:submitClientRequestAsync(832)) - s7@group-44F04D6AF308: receive client request(RaftClientRequest:client-B09D92EF6A27->s7@group-44F04D6AF308, cid=6600, seq=0, RW, Message:01016300)
2023-03-07 04:41:15,608 DEBUG server.RaftServer$Division (LeaderStateImpl.java:addPendingRequest(474)) - s7@group-44F04D6AF308-LeaderStateImpl: addPendingRequest at RaftClientRequest:client-B09D92EF6A27->s7@group-44F04D6AF308, cid=6600, seq=0, RW, Message:01016300, entry=(t:1, i:107), STATEMACHINELOGENTRY, 6600@client-B09D92EF6A27
2023-03-07 04:41:15,608 DEBUG server.RaftServer$Division (RaftServerImpl.java:logAppendEntries(1429)) - s8@group-44F04D6AF308: succeeded to handle AppendEntries. Reply: s7<-s8#6601:OK-t1,SUCCESS,nextIndex=107,followerCommit=105,matchIndex=106
2023-03-07 04:41:15,609 DEBUG server.RaftServer$Division (RaftServerImpl.java:logAppendEntries(1429)) - s9@group-44F04D6AF308: succeeded to handle AppendEntries. Reply: s7<-s9#6599:OK-t1,SUCCESS,nextIndex=107,followerCommit=105,matchIndex=106
2023-03-07 04:41:15,609 DEBUG server.RaftServer$Division (RaftServerImpl.java:logAppendEntries(1429)) - s8@group-44F04D6AF308: receive appendEntries(s7, 1, (t:1, i:106), 105, true, commits:[s7:c105, s8:c105, s9:c104], cId:6602, entries: [(t:1, i:107), STATEMACHINELOGENTRY, 6600@client-B09D92EF6A27]
2023-03-07 04:41:15,609 DEBUG server.RaftServer$Division (RaftServerImpl.java:logAppendEntries(1429)) - s9@group-44F04D6AF308: receive appendEntries(s7, 1, (t:1, i:106), 106, true, commits:[s7:c106, s8:c105, s9:c105], cId:6603, entries: [(t:1, i:107), STATEMACHINELOGENTRY, 6600@client-B09D92EF6A27]
2023-03-07 04:41:15,610 DEBUG server.RaftServer$Division (RaftServerImpl.java:logAppendEntries(1429)) - s8@group-44F04D6AF308: succeeded to handle AppendEntries. Reply: s7<-s8#6602:OK-t1,SUCCESS,nextIndex=108,followerCommit=105,matchIndex=107
2023-03-07 04:41:15,610 INFO  statemachine.StateMachine (ArithmeticStateMachine.java:applyTransaction(182)) - LEADER:s7-107: c = null = null
2023-03-07 04:41:15,610 DEBUG server.RaftServer$Division (RaftServerImpl.java:logAppendEntries(1429)) - s9@group-44F04D6AF308: succeeded to handle AppendEntries. Reply: s7<-s9#6603:OK-t1,SUCCESS,nextIndex=108,followerCommit=106,matchIndex=107
2023-03-07 04:41:15,611 DEBUG server.RaftServer$Division (RaftServerImpl.java:logAppendEntries(1429)) - s9@group-44F04D6AF308: receive appendEntries(s7, 1, (t:1, i:107), 107, true, commits:[s7:c107, s8:c105, s9:c106], cId:6606, entries: [(t:1, i:108), METADATAENTRY(c:107)]
2023-03-07 04:41:15,610 DEBUG server.RaftServer$Division (RaftServerImpl.java:logAppendEntries(1429)) - s8@group-44F04D6AF308: receive appendEntries(s7, 1, (t:1, i:107), 107, true, commits:[s7:c107, s8:c105, s9:c105], cId:6604, entries: [(t:1, i:108), METADATAENTRY(c:107)]
2023-03-07 04:41:15,610 DEBUG server.RaftServer$Division (RaftServerImpl.java:submitClientRequestAsync(832)) - s7@group-44F04D6AF308: receive client request(RaftClientRequest:client-B09D92EF6A27->s7@group-44F04D6AF308, cid=6605, seq=0, RW, Message:01016102405940000000...(size=12))
2023-03-07 04:41:15,611 DEBUG server.RaftServer$Division (LeaderStateImpl.java:addPendingRequest(474)) - s7@group-44F04D6AF308-LeaderStateImpl: addPendingRequest at RaftClientRequest:client-B09D92EF6A27->s7@group-44F04D6AF308, cid=6605, seq=0, RW, Message:01016102405940000000...(size=12), entry=(t:1, i:109), STATEMACHINELOGENTRY, 6605@client-B09D92EF6A27
2023-03-07 04:41:15,611 DEBUG server.RaftServer$Division (RaftServerImpl.java:logAppendEntries(1429)) - s8@group-44F04D6AF308: succeeded to handle AppendEntries. Reply: s7<-s8#6604:OK-t1,SUCCESS,nextIndex=109,followerCommit=107,matchIndex=108
2023-03-07 04:41:15,612 DEBUG server.RaftServer$Division (RaftServerImpl.java:logAppendEntries(1429)) - s9@group-44F04D6AF308: succeeded to handle AppendEntries. Reply: s7<-s9#6606:OK-t1,SUCCESS,nextIndex=109,followerCommit=107,matchIndex=108
2023-03-07 04:41:15,612 DEBUG server.RaftServer$Division (RaftServerImpl.java:logAppendEntries(1429)) - s8@group-44F04D6AF308: receive appendEntries(s7, 1, (t:1, i:108), 107, true, commits:[s7:c107, s8:c107, s9:c106], cId:6607, entries: [(t:1, i:109), STATEMACHINELOGENTRY, 6605@client-B09D92EF6A27]
2023-03-07 04:41:15,612 DEBUG server.RaftServer$Division (RaftServerImpl.java:logAppendEntries(1429)) - s9@group-44F04D6AF308: receive appendEntries(s7, 1, (t:1, i:108), 108, true, commits:[s7:c108, s8:c107, s9:c107], cId:6608, entries: [(t:1, i:109), STATEMACHINELOGENTRY, 6605@client-B09D92EF6A27]
2023-03-07 04:41:15,612 DEBUG server.RaftServer$Division (RaftServerImpl.java:logAppendEntries(1429)) - s8@group-44F04D6AF308: succeeded to handle AppendEntries. Reply: s7<-s8#6607:OK-t1,SUCCESS,nextIndex=110,followerCommit=107,matchIndex=109
2023-03-07 04:41:15,613 INFO  statemachine.StateMachine (ArithmeticStateMachine.java:applyTransaction(182)) - LEADER:s7-109: a = 101 = 101
2023-03-07 04:41:15,613 DEBUG server.RaftServer$Division (RaftServerImpl.java:logAppendEntries(1429)) - s8@group-44F04D6AF308: receive appendEntries(s7, 1, (t:1, i:109), 109, true, commits:[s7:c109, s8:c107, s9:c107], cId:6609, entries: [(t:1, i:110), METADATAENTRY(c:109)]
2023-03-07 04:41:15,613 DEBUG server.RaftServer$Division (RaftServerImpl.java:submitClientRequestAsync(832)) - s7@group-44F04D6AF308: receive client request(RaftClientRequest:client-B09D92EF6A27->s7@group-44F04D6AF308, cid=6610, seq=0, RW, Message:0101620240b3ec000000...(size=12))
2023-03-07 04:41:15,613 DEBUG server.RaftServer$Division (RaftServerImpl.java:logAppendEntries(1429)) - s9@group-44F04D6AF308: succeeded to handle AppendEntries. Reply: s7<-s9#6608:OK-t1,SUCCESS,nextIndex=110,followerCommit=108,matchIndex=109
2023-03-07 04:41:15,613 DEBUG server.RaftServer$Division (LeaderStateImpl.java:addPendingRequest(474)) - s7@group-44F04D6AF308-LeaderStateImpl: addPendingRequest at RaftClientRequest:client-B09D92EF6A27->s7@group-44F04D6AF308, cid=6610, seq=0, RW, Message:0101620240b3ec000000...(size=12), entry=(t:1, i:111), STATEMACHINELOGENTRY, 6610@client-B09D92EF6A27
2023-03-07 04:41:15,617 DEBUG server.RaftServer$Division (RaftServerImpl.java:logAppendEntries(1429)) - s9@group-44F04D6AF308: receive appendEntries(s7, 1, (t:1, i:109), 109, true, commits:[s7:c109, s8:c107, s9:c108], cId:6611, entries: [(t:1, i:110), METADATAENTRY(c:109), (t:1, i:111), STATEMACHINELOGENTRY, 6610@client-B09D92EF6A27]
2023-03-07 04:41:15,617 DEBUG server.RaftServer$Division (RaftServerImpl.java:logAppendEntries(1429)) - s8@group-44F04D6AF308: succeeded to handle AppendEntries. Reply: s7<-s8#6609:OK-t1,SUCCESS,nextIndex=111,followerCommit=109,matchIndex=110
2023-03-07 04:41:15,618 DEBUG server.RaftServer$Division (RaftServerImpl.java:logAppendEntries(1429)) - s8@group-44F04D6AF308: receive appendEntries(s7, 1, (t:1, i:110), 109, true, commits:[s7:c109, s8:c109, s9:c108], cId:6612, entries: [(t:1, i:111), STATEMACHINELOGENTRY, 6610@client-B09D92EF6A27]
2023-03-07 04:41:15,618 DEBUG server.RaftServer$Division (RaftServerImpl.java:logAppendEntries(1429)) - s9@group-44F04D6AF308: succeeded to handle AppendEntries. Reply: s7<-s9#6611:OK-t1,SUCCESS,nextIndex=112,followerCommit=109,matchIndex=111
2023-03-07 04:41:15,618 INFO  statemachine.StateMachine (ArithmeticStateMachine.java:applyTransaction(182)) - LEADER:s7-111: b = 5100 = 5100
2023-03-07 04:41:15,619 DEBUG server.RaftServer$Division (RaftServerImpl.java:logAppendEntries(1429)) - s9@group-44F04D6AF308: receive appendEntries(s7, 1, (t:1, i:111), 111, true, commits:[s7:c111, s8:c109, s9:c109], cId:6613, entries: [(t:1, i:112), METADATAENTRY(c:111)]
2023-03-07 04:41:15,619 DEBUG server.RaftServer$Division (RaftServerImpl.java:logAppendEntries(1429)) - s8@group-44F04D6AF308: succeeded to handle AppendEntries. Reply: s7<-s8#6612:OK-t1,SUCCESS,nextIndex=112,followerCommit=109,matchIndex=111
2023-03-07 04:41:15,619 DEBUG server.RaftServer$Division (RaftServerImpl.java:submitClientRequestAsync(832)) - s7@group-44F04D6AF308: receive client request(RaftClientRequest:client-B09D92EF6A27->s7@group-44F04D6AF308, cid=6614, seq=0, RW, Message:01016304010300040201...(size=17))
2023-03-07 04:41:15,619 DEBUG server.RaftServer$Division (LeaderStateImpl.java:addPendingRequest(474)) - s7@group-44F04D6AF308-LeaderStateImpl: addPendingRequest at RaftClientRequest:client-B09D92EF6A27->s7@group-44F04D6AF308, cid=6614, seq=0, RW, Message:01016304010300040201...(size=17), entry=(t:1, i:113), STATEMACHINELOGENTRY, 6614@client-B09D92EF6A27
2023-03-07 04:41:15,619 DEBUG server.RaftServer$Division (RaftServerImpl.java:logAppendEntries(1429)) - s8@group-44F04D6AF308: receive appendEntries(s7, 1, (t:1, i:111), 111, true, commits:[s7:c111, s8:c109, s9:c109], cId:6615, entries: [(t:1, i:112), METADATAENTRY(c:111)]
2023-03-07 04:41:15,619 DEBUG server.RaftServer$Division (RaftServerImpl.java:logAppendEntries(1429)) - s9@group-44F04D6AF308: succeeded to handle AppendEntries. Reply: s7<-s9#6613:OK-t1,SUCCESS,nextIndex=113,followerCommit=111,matchIndex=112
2023-03-07 04:41:15,620 DEBUG server.RaftServer$Division (RaftServerImpl.java:logAppendEntries(1429)) - s9@group-44F04D6AF308: receive appendEntries(s7, 1, (t:1, i:112), 111, true, commits:[s7:c111, s8:c109, s9:c111], cId:6616, entries: [(t:1, i:113), STATEMACHINELOGENTRY, 6614@client-B09D92EF6A27]
2023-03-07 04:41:15,620 DEBUG server.RaftServer$Division (RaftServerImpl.java:logAppendEntries(1429)) - s8@group-44F04D6AF308: succeeded to handle AppendEntries. Reply: s7<-s8#6615:OK-t1,SUCCESS,nextIndex=113,followerCommit=111,matchIndex=112
2023-03-07 04:41:15,621 DEBUG server.RaftServer$Division (RaftServerImpl.java:logAppendEntries(1429)) - s8@group-44F04D6AF308: receive appendEntries(s7, 1, (t:1, i:112), 112, true, commits:[s7:c112, s8:c111, s9:c111], cId:6617, entries: [(t:1, i:113), STATEMACHINELOGENTRY, 6614@client-B09D92EF6A27]
2023-03-07 04:41:15,621 DEBUG server.RaftServer$Division (RaftServerImpl.java:logAppendEntries(1429)) - s9@group-44F04D6AF308: succeeded to handle AppendEntries. Reply: s7<-s9#6616:OK-t1,SUCCESS,nextIndex=114,followerCommit=111,matchIndex=113
2023-03-07 04:41:15,621 INFO  statemachine.StateMachine (ArithmeticStateMachine.java:applyTransaction(182)) - LEADER:s7-113: c = √(a^2 + b^2) = 5101
2023-03-07 04:41:15,621 DEBUG server.RaftServer$Division (RaftServerImpl.java:logAppendEntries(1429)) - s9@group-44F04D6AF308: receive appendEntries(s7, 1, (t:1, i:113), 113, true, commits:[s7:c113, s8:c111, s9:c111], cId:6618, entries: [(t:1, i:114), METADATAENTRY(c:113)]
2023-03-07 04:41:15,622 DEBUG server.RaftServer$Division (RaftServerImpl.java:logAppendEntries(1429)) - s8@group-44F04D6AF308: succeeded to handle AppendEntries. Reply: s7<-s8#6617:OK-t1,SUCCESS,nextIndex=114,followerCommit=112,matchIndex=113
2023-03-07 04:41:15,621 DEBUG server.RaftServer$Division (RaftServerImpl.java:submitClientRequestAsync(832)) - s7@group-44F04D6AF308: receive client request(RaftClientRequest:client-B09D92EF6A27->s7@group-44F04D6AF308, cid=6619, seq=0, RW, Message:01016100)
2023-03-07 04:41:15,622 DEBUG server.RaftServer$Division (LeaderStateImpl.java:addPendingRequest(474)) - s7@group-44F04D6AF308-LeaderStateImpl: addPendingRequest at RaftClientRequest:client-B09D92EF6A27->s7@group-44F04D6AF308, cid=6619, seq=0, RW, Message:01016100, entry=(t:1, i:115), STATEMACHINELOGENTRY, 6619@client-B09D92EF6A27
2023-03-07 04:41:15,622 DEBUG server.RaftServer$Division (RaftServerImpl.java:logAppendEntries(1429)) - s9@group-44F04D6AF308: succeeded to handle AppendEntries. Reply: s7<-s9#6618:OK-t1,SUCCESS,nextIndex=115,followerCommit=113,matchIndex=114
2023-03-07 04:41:15,622 DEBUG server.RaftServer$Division (RaftServerImpl.java:logAppendEntries(1429)) - s8@group-44F04D6AF308: receive appendEntries(s7, 1, (t:1, i:113), 113, true, commits:[s7:c113, s8:c112, s9:c111], cId:6620, entries: [(t:1, i:114), METADATAENTRY(c:113), (t:1, i:115), STATEMACHINELOGENTRY, 6619@client-B09D92EF6A27]
2023-03-07 04:41:15,623 DEBUG server.RaftServer$Division (RaftServerImpl.java:logAppendEntries(1429)) - s9@group-44F04D6AF308: receive appendEntries(s7, 1, (t:1, i:114), 113, true, commits:[s7:c113, s8:c112, s9:c113], cId:6621, entries: [(t:1, i:115), STATEMACHINELOGENTRY, 6619@client-B09D92EF6A27]
2023-03-07 04:41:15,623 DEBUG server.RaftServer$Division (RaftServerImpl.java:logAppendEntries(1429)) - s8@group-44F04D6AF308: succeeded to handle AppendEntries. Reply: s7<-s8#6620:OK-t1,SUCCESS,nextIndex=116,followerCommit=113,matchIndex=115
2023-03-07 04:41:15,623 INFO  statemachine.StateMachine (ArithmeticStateMachine.java:applyTransaction(182)) - LEADER:s7-115: a = null = null
2023-03-07 04:41:15,624 DEBUG server.RaftServer$Division (RaftServerImpl.java:logAppendEntries(1429)) - s8@group-44F04D6AF308: receive appendEntries(s7, 1, (t:1, i:115), 115, true, commits:[s7:c115, s8:c113, s9:c113], cId:6622, entries: [(t:1, i:116), METADATAENTRY(c:115)]
2023-03-07 04:41:15,624 DEBUG server.RaftServer$Division (RaftServerImpl.java:submitClientRequestAsync(832)) - s7@group-44F04D6AF308: receive client request(RaftClientRequest:client-B09D92EF6A27->s7@group-44F04D6AF308, cid=6623, seq=0, RW, Message:01016200)
2023-03-07 04:41:15,624 DEBUG server.RaftServer$Division (RaftServerImpl.java:logAppendEntries(1429)) - s9@group-44F04D6AF308: succeeded to handle AppendEntries. Reply: s7<-s9#6621:OK-t1,SUCCESS,nextIndex=116,followerCommit=113,matchIndex=115
2023-03-07 04:41:15,624 DEBUG server.RaftServer$Division (LeaderStateImpl.java:addPendingRequest(474)) - s7@group-44F04D6AF308-LeaderStateImpl: addPendingRequest at RaftClientRequest:client-B09D92EF6A27->s7@group-44F04D6AF308, cid=6623, seq=0, RW, Message:01016200, entry=(t:1, i:117), STATEMACHINELOGENTRY, 6623@client-B09D92EF6A27
2023-03-07 04:41:15,624 DEBUG server.RaftServer$Division (RaftServerImpl.java:logAppendEntries(1429)) - s9@group-44F04D6AF308: receive appendEntries(s7, 1, (t:1, i:115), 115, true, commits:[s7:c115, s8:c113, s9:c113], cId:6624, entries: [(t:1, i:116), METADATAENTRY(c:115), (t:1, i:117), STATEMACHINELOGENTRY, 6623@client-B09D92EF6A27]
2023-03-07 04:41:15,625 DEBUG server.RaftServer$Division (RaftServerImpl.java:logAppendEntries(1429)) - s8@group-44F04D6AF308: succeeded to handle AppendEntries. Reply: s7<-s8#6622:OK-t1,SUCCESS,nextIndex=117,followerCommit=115,matchIndex=116
2023-03-07 04:41:15,625 DEBUG server.RaftServer$Division (RaftServerImpl.java:logAppendEntries(1429)) - s9@group-44F04D6AF308: succeeded to handle AppendEntries. Reply: s7<-s9#6624:OK-t1,SUCCESS,nextIndex=118,followerCommit=115,matchIndex=117
2023-03-07 04:41:15,625 DEBUG server.RaftServer$Division (RaftServerImpl.java:logAppendEntries(1429)) - s8@group-44F04D6AF308: receive appendEntries(s7, 1, (t:1, i:116), 115, true, commits:[s7:c115, s8:c115, s9:c113], cId:6625, entries: [(t:1, i:117), STATEMACHINELOGENTRY, 6623@client-B09D92EF6A27]
2023-03-07 04:41:15,626 DEBUG server.RaftServer$Division (RaftServerImpl.java:logAppendEntries(1429)) - s9@group-44F04D6AF308: receive appendEntries(s7, 1, (t:1, i:117), 117, true, commits:[s7:c117, s8:c115, s9:c115], cId:6626, entries: [(t:1, i:118), METADATAENTRY(c:117)]
2023-03-07 04:41:15,626 INFO  statemachine.StateMachine (ArithmeticStateMachine.java:applyTransaction(182)) - LEADER:s7-117: b = null = null
2023-03-07 04:41:15,626 DEBUG server.RaftServer$Division (RaftServerImpl.java:logAppendEntries(1429)) - s8@group-44F04D6AF308: succeeded to handle AppendEntries. Reply: s7<-s8#6625:OK-t1,SUCCESS,nextIndex=118,followerCommit=115,matchIndex=117
2023-03-07 04:41:15,626 DEBUG server.RaftServer$Division (RaftServerImpl.java:submitClientRequestAsync(832)) - s7@group-44F04D6AF308: receive client request(RaftClientRequest:client-B09D92EF6A27->s7@group-44F04D6AF308, cid=6627, seq=0, RW, Message:01016300)
2023-03-07 04:41:15,627 DEBUG server.RaftServer$Division (LeaderStateImpl.java:addPendingRequest(474)) - s7@group-44F04D6AF308-LeaderStateImpl: addPendingRequest at RaftClientRequest:client-B09D92EF6A27->s7@group-44F04D6AF308, cid=6627, seq=0, RW, Message:01016300, entry=(t:1, i:119), STATEMACHINELOGENTRY, 6627@client-B09D92EF6A27
2023-03-07 04:41:15,627 DEBUG server.RaftServer$Division (RaftServerImpl.java:logAppendEntries(1429)) - s9@group-44F04D6AF308: succeeded to handle AppendEntries. Reply: s7<-s9#6626:OK-t1,SUCCESS,nextIndex=119,followerCommit=117,matchIndex=118
2023-03-07 04:41:15,626 DEBUG server.RaftServer$Division (RaftServerImpl.java:logAppendEntries(1429)) - s8@group-44F04D6AF308: receive appendEntries(s7, 1, (t:1, i:117), 117, true, commits:[s7:c117, s8:c115, s9:c115], cId:6628, entries: [(t:1, i:118), METADATAENTRY(c:117)]
2023-03-07 04:41:15,627 DEBUG server.RaftServer$Division (RaftServerImpl.java:logAppendEntries(1429)) - s9@group-44F04D6AF308: receive appendEntries(s7, 1, (t:1, i:118), 117, true, commits:[s7:c117, s8:c115, s9:c117], cId:6629, entries: [(t:1, i:119), STATEMACHINELOGENTRY, 6627@client-B09D92EF6A27]
2023-03-07 04:41:15,627 DEBUG server.RaftServer$Division (RaftServerImpl.java:logAppendEntries(1429)) - s8@group-44F04D6AF308: succeeded to handle AppendEntries. Reply: s7<-s8#6628:OK-t1,SUCCESS,nextIndex=119,followerCommit=117,matchIndex=118
2023-03-07 04:41:15,628 DEBUG server.RaftServer$Division (RaftServerImpl.java:logAppendEntries(1429)) - s8@group-44F04D6AF308: receive appendEntries(s7, 1, (t:1, i:118), 118, true, commits:[s7:c118, s8:c117, s9:c117], cId:6630, entries: [(t:1, i:119), STATEMACHINELOGENTRY, 6627@client-B09D92EF6A27]
2023-03-07 04:41:15,628 DEBUG server.RaftServer$Division (RaftServerImpl.java:logAppendEntries(1429)) - s9@group-44F04D6AF308: succeeded to handle AppendEntries. Reply: s7<-s9#6629:OK-t1,SUCCESS,nextIndex=120,followerCommit=117,matchIndex=119
2023-03-07 04:41:15,628 INFO  statemachine.StateMachine (ArithmeticStateMachine.java:applyTransaction(182)) - LEADER:s7-119: c = null = null
2023-03-07 04:41:15,629 DEBUG server.RaftServer$Division (RaftServerImpl.java:logAppendEntries(1429)) - s9@group-44F04D6AF308: receive appendEntries(s7, 1, (t:1, i:119), 119, true, commits:[s7:c119, s8:c117, s9:c117], cId:6631, entries: [(t:1, i:120), METADATAENTRY(c:119)]
2023-03-07 04:41:15,629 DEBUG server.RaftServer$Division (RaftServerImpl.java:logAppendEntries(1429)) - s8@group-44F04D6AF308: succeeded to handle AppendEntries. Reply: s7<-s8#6630:OK-t1,SUCCESS,nextIndex=120,followerCommit=118,matchIndex=119
2023-03-07 04:41:15,630 DEBUG server.RaftServer$Division (RaftServerImpl.java:logAppendEntries(1429)) - s8@group-44F04D6AF308: receive appendEntries(s7, 1, (t:1, i:119), 119, true, commits:[s7:c119, s8:c118, s9:c117], cId:6632, entries: [(t:1, i:120), METADATAENTRY(c:119)]
2023-03-07 04:41:15,630 DEBUG server.RaftServer$Division (RaftServerImpl.java:logAppendEntries(1429)) - s9@group-44F04D6AF308: succeeded to handle AppendEntries. Reply: s7<-s9#6631:OK-t1,SUCCESS,nextIndex=121,followerCommit=119,matchIndex=120
2023-03-07 04:41:15,630 DEBUG server.RaftServer$Division (RaftServerImpl.java:logAppendEntries(1429)) - s8@group-44F04D6AF308: succeeded to handle AppendEntries. Reply: s7<-s8#6632:OK-t1,SUCCESS,nextIndex=121,followerCommit=119,matchIndex=120
| MiniRaftClusterWithNetty[3, 6, 9, 12, 15]chosen=1 | start groups | 305 |
2023-03-07 04:41:15,660 INFO  impl.GroupManagementBaseTest (GroupManagementBaseTest.java:runMultiGroupTest(291)) - start groups: printing ALL groups
  s3:  RUNNING [
     LEADER s3@group-3274576D874F:t1, leader=s3, voted=s3, raftlog=Memoized:s3@group-3274576D874F-SegmentedRaftLog:OPENED:c120, conf=0: peers:[s3|rpc:0.0.0.0:43243|dataStream:|priority:0|startupRole:FOLLOWER, s14|rpc:0.0.0.0:41557|dataStream:|priority:0|startupRole:FOLLOWER, s2|rpc:0.0.0.0:40769|dataStream:|priority:0|startupRole:FOLLOWER]|listeners:[], old=null RUNNING
   FOLLOWER s3@group-FAA53D5BC7BE:t0, leader=null, voted=, raftlog=Memoized:s3@group-FAA53D5BC7BE-SegmentedRaftLog:OPENED:c-1, conf=-1: peers:[]|listeners:[], old=null STARTING] size=2
  s4:  RUNNING [
     LEADER s4@group-7D579A2BF85B:t1, leader=s4, voted=s4, raftlog=Memoized:s4@group-7D579A2BF85B-SegmentedRaftLog:OPENED:c120, conf=0: peers:[s4|rpc:0.0.0.0:34427|dataStream:|priority:0|startupRole:FOLLOWER, s5|rpc:0.0.0.0:35843|dataStream:|priority:0|startupRole:FOLLOWER, s6|rpc:0.0.0.0:43509|dataStream:|priority:0|startupRole:FOLLOWER]|listeners:[], old=null RUNNING
   FOLLOWER s4@group-FAA53D5BC7BE:t0, leader=null, voted=, raftlog=Memoized:s4@group-FAA53D5BC7BE-SegmentedRaftLog:OPENED:c-1, conf=-1: peers:[]|listeners:[], old=null STARTING] size=2
  s5:  RUNNING [
   FOLLOWER s5@group-7D579A2BF85B:t1, leader=s4, voted=s4, raftlog=Memoized:s5@group-7D579A2BF85B-SegmentedRaftLog:OPENED:c120, conf=0: peers:[s4|rpc:0.0.0.0:34427|dataStream:|priority:0|startupRole:FOLLOWER, s5|rpc:0.0.0.0:35843|dataStream:|priority:0|startupRole:FOLLOWER, s6|rpc:0.0.0.0:43509|dataStream:|priority:0|startupRole:FOLLOWER]|listeners:[], old=null RUNNING
   FOLLOWER s5@group-FAA53D5BC7BE:t0, leader=null, voted=, raftlog=Memoized:s5@group-FAA53D5BC7BE-SegmentedRaftLog:OPENED:c-1, conf=-1: peers:[]|listeners:[], old=null STARTING] size=2
  s6:  RUNNING [
   FOLLOWER s6@group-7D579A2BF85B:t1, leader=s4, voted=s4, raftlog=Memoized:s6@group-7D579A2BF85B-SegmentedRaftLog:OPENED:c120, conf=0: peers:[s4|rpc:0.0.0.0:34427|dataStream:|priority:0|startupRole:FOLLOWER, s5|rpc:0.0.0.0:35843|dataStream:|priority:0|startupRole:FOLLOWER, s6|rpc:0.0.0.0:43509|dataStream:|priority:0|startupRole:FOLLOWER]|listeners:[], old=null RUNNING
   FOLLOWER s6@group-FAA53D5BC7BE:t0, leader=null, voted=, raftlog=Memoized:s6@group-FAA53D5BC7BE-SegmentedRaftLog:OPENED:c-1, conf=-1: peers:[]|listeners:[], old=null STARTING] size=2
  s7:  RUNNING [
     LEADER s7@group-44F04D6AF308:t1, leader=s7, voted=s7, raftlog=Memoized:s7@group-44F04D6AF308-SegmentedRaftLog:OPENED:c120, conf=0: peers:[s7|rpc:0.0.0.0:36409|dataStream:|priority:0|startupRole:FOLLOWER, s8|rpc:0.0.0.0:41505|dataStream:|priority:0|startupRole:FOLLOWER, s9|rpc:0.0.0.0:34365|dataStream:|priority:0|startupRole:FOLLOWER]|listeners:[], old=null RUNNING
   FOLLOWER s7@group-FAA53D5BC7BE:t0, leader=null, voted=, raftlog=Memoized:s7@group-FAA53D5BC7BE-SegmentedRaftLog:OPENED:c-1, conf=-1: peers:[]|listeners:[], old=null STARTING] size=2
  s8:  RUNNING [
   FOLLOWER s8@group-44F04D6AF308:t1, leader=s7, voted=s7, raftlog=Memoized:s8@group-44F04D6AF308-SegmentedRaftLog:OPENED:c119, conf=0: peers:[s7|rpc:0.0.0.0:36409|dataStream:|priority:0|startupRole:FOLLOWER, s8|rpc:0.0.0.0:41505|dataStream:|priority:0|startupRole:FOLLOWER, s9|rpc:0.0.0.0:34365|dataStream:|priority:0|startupRole:FOLLOWER]|listeners:[], old=null RUNNING
   FOLLOWER s8@group-FAA53D5BC7BE:t0, leader=null, voted=, raftlog=Memoized:s8@group-FAA53D5BC7BE-SegmentedRaftLog:OPENED:c-1, conf=-1: peers:[]|listeners:[], old=null STARTING] size=2
  s9:  RUNNING [
   FOLLOWER s9@group-44F04D6AF308:t1, leader=s7, voted=s7, raftlog=Memoized:s9@group-44F04D6AF308-SegmentedRaftLog:OPENED:c119, conf=0: peers:[s7|rpc:0.0.0.0:36409|dataStream:|priority:0|startupRole:FOLLOWER, s8|rpc:0.0.0.0:41505|dataStream:|priority:0|startupRole:FOLLOWER, s9|rpc:0.0.0.0:34365|dataStream:|priority:0|startupRole:FOLLOWER]|listeners:[], old=null RUNNING
   FOLLOWER s9@group-FAA53D5BC7BE:t0, leader=null, voted=, raftlog=Memoized:s9@group-FAA53D5BC7BE-SegmentedRaftLog:OPENED:c-1, conf=-1: peers:[]|listeners:[], old=null STARTING] size=2
  s11:  RUNNING [
   FOLLOWER s11@group-FAA53D5BC7BE:t0, leader=null, voted=, raftlog=Memoized:s11@group-FAA53D5BC7BE-SegmentedRaftLog:OPENED:c-1, conf=-1: peers:[]|listeners:[], old=null STARTING
     LEADER s11@group-A82F1EDBF13F:t1, leader=s11, voted=s11, raftlog=Memoized:s11@group-A82F1EDBF13F-SegmentedRaftLog:OPENED:c120, conf=0: peers:[s11|rpc:0.0.0.0:44621|dataStream:|priority:0|startupRole:FOLLOWER, s13|rpc:0.0.0.0:33759|dataStream:|priority:0|startupRole:FOLLOWER, s12|rpc:0.0.0.0:43391|dataStream:|priority:0|startupRole:FOLLOWER]|listeners:[], old=null RUNNING] size=2
  s10:  RUNNING [
     LEADER s10@group-AD39DEEC881B:t1, leader=s10, voted=s10, raftlog=Memoized:s10@group-AD39DEEC881B-SegmentedRaftLog:OPENED:c120, conf=0: peers:[s10|rpc:0.0.0.0:43353|dataStream:|priority:0|startupRole:FOLLOWER, s0|rpc:0.0.0.0:45573|dataStream:|priority:0|startupRole:FOLLOWER, s1|rpc:0.0.0.0:34621|dataStream:|priority:0|startupRole:FOLLOWER]|listeners:[], old=null RUNNING
   FOLLOWER s10@group-FAA53D5BC7BE:t0, leader=null, voted=, raftlog=Memoized:s10@group-FAA53D5BC7BE-SegmentedRaftLog:OPENED:c-1, conf=-1: peers:[]|listeners:[], old=null STARTING] size=2
  s13:  RUNNING [
   FOLLOWER s13@group-FAA53D5BC7BE:t0, leader=null, voted=, raftlog=Memoized:s13@group-FAA53D5BC7BE-SegmentedRaftLog:OPENED:c-1, conf=-1: peers:[]|listeners:[], old=null STARTING
   FOLLOWER s13@group-A82F1EDBF13F:t1, leader=s11, voted=s11, raftlog=Memoized:s13@group-A82F1EDBF13F-SegmentedRaftLog:OPENED:c120, conf=0: peers:[s11|rpc:0.0.0.0:44621|dataStream:|priority:0|startupRole:FOLLOWER, s13|rpc:0.0.0.0:33759|dataStream:|priority:0|startupRole:FOLLOWER, s12|rpc:0.0.0.0:43391|dataStream:|priority:0|startupRole:FOLLOWER]|listeners:[], old=null RUNNING] size=2
  s12:  RUNNING [
   FOLLOWER s12@group-FAA53D5BC7BE:t0, leader=null, voted=, raftlog=Memoized:s12@group-FAA53D5BC7BE-SegmentedRaftLog:OPENED:c-1, conf=-1: peers:[]|listeners:[], old=null STARTING
   FOLLOWER s12@group-A82F1EDBF13F:t1, leader=s11, voted=s11, raftlog=Memoized:s12@group-A82F1EDBF13F-SegmentedRaftLog:OPENED:c120, conf=0: peers:[s11|rpc:0.0.0.0:44621|dataStream:|priority:0|startupRole:FOLLOWER, s13|rpc:0.0.0.0:33759|dataStream:|priority:0|startupRole:FOLLOWER, s12|rpc:0.0.0.0:43391|dataStream:|priority:0|startupRole:FOLLOWER]|listeners:[], old=null RUNNING] size=2
  s14:  RUNNING [
   FOLLOWER s14@group-3274576D874F:t1, leader=s3, voted=s3, raftlog=Memoized:s14@group-3274576D874F-SegmentedRaftLog:OPENED:c120, conf=0: peers:[s3|rpc:0.0.0.0:43243|dataStream:|priority:0|startupRole:FOLLOWER, s14|rpc:0.0.0.0:41557|dataStream:|priority:0|startupRole:FOLLOWER, s2|rpc:0.0.0.0:40769|dataStream:|priority:0|startupRole:FOLLOWER]|listeners:[], old=null RUNNING
   FOLLOWER s14@group-FAA53D5BC7BE:t0, leader=null, voted=, raftlog=Memoized:s14@group-FAA53D5BC7BE-SegmentedRaftLog:OPENED:c-1, conf=-1: peers:[]|listeners:[], old=null STARTING] size=2
  s0:  RUNNING [
   FOLLOWER s0@group-AD39DEEC881B:t1, leader=s10, voted=s10, raftlog=Memoized:s0@group-AD39DEEC881B-SegmentedRaftLog:OPENED:c120, conf=0: peers:[s10|rpc:0.0.0.0:43353|dataStream:|priority:0|startupRole:FOLLOWER, s0|rpc:0.0.0.0:45573|dataStream:|priority:0|startupRole:FOLLOWER, s1|rpc:0.0.0.0:34621|dataStream:|priority:0|startupRole:FOLLOWER]|listeners:[], old=null RUNNING
   FOLLOWER s0@group-FAA53D5BC7BE:t0, leader=null, voted=, raftlog=Memoized:s0@group-FAA53D5BC7BE-SegmentedRaftLog:OPENED:c-1, conf=-1: peers:[]|listeners:[], old=null STARTING] size=2
  s1:  RUNNING [
   FOLLOWER s1@group-AD39DEEC881B:t1, leader=s10, voted=s10, raftlog=Memoized:s1@group-AD39DEEC881B-SegmentedRaftLog:OPENED:c120, conf=0: peers:[s10|rpc:0.0.0.0:43353|dataStream:|priority:0|startupRole:FOLLOWER, s0|rpc:0.0.0.0:45573|dataStream:|priority:0|startupRole:FOLLOWER, s1|rpc:0.0.0.0:34621|dataStream:|priority:0|startupRole:FOLLOWER]|listeners:[], old=null RUNNING
   FOLLOWER s1@group-FAA53D5BC7BE:t0, leader=null, voted=, raftlog=Memoized:s1@group-FAA53D5BC7BE-SegmentedRaftLog:OPENED:c-1, conf=-1: peers:[]|listeners:[], old=null STARTING] size=2
  s2:  RUNNING [
   FOLLOWER s2@group-3274576D874F:t1, leader=s3, voted=s3, raftlog=Memoized:s2@group-3274576D874F-SegmentedRaftLog:OPENED:c120, conf=0: peers:[s3|rpc:0.0.0.0:43243|dataStream:|priority:0|startupRole:FOLLOWER, s14|rpc:0.0.0.0:41557|dataStream:|priority:0|startupRole:FOLLOWER, s2|rpc:0.0.0.0:40769|dataStream:|priority:0|startupRole:FOLLOWER]|listeners:[], old=null RUNNING
   FOLLOWER s2@group-FAA53D5BC7BE:t0, leader=null, voted=, raftlog=Memoized:s2@group-FAA53D5BC7BE-SegmentedRaftLog:OPENED:c-1, conf=-1: peers:[]|listeners:[], old=null STARTING] size=2
2023-03-07 04:41:15,661 INFO  impl.GroupManagementBaseTest (GroupManagementBaseTest.java:runMultiGroupTest(294)) - chosen = 1, group-A82F1EDBF13F:[s11|rpc:0.0.0.0:44621|priority:0|startupRole:FOLLOWER, s13|rpc:0.0.0.0:33759|priority:0|startupRole:FOLLOWER, s12|rpc:0.0.0.0:43391|priority:0|startupRole:FOLLOWER]
2023-03-07 04:41:15,661 INFO  impl.GroupManagementBaseTest (GroupManagementBaseTest.java:runMultiGroupTest(299)) - 0) close printing group-AD39DEEC881B
  s10:  RUNNING [
     LEADER s10@group-AD39DEEC881B:t1, leader=s10, voted=s10, raftlog=Memoized:s10@group-AD39DEEC881B-SegmentedRaftLog:OPENED:c120, conf=0: peers:[s10|rpc:0.0.0.0:43353|dataStream:|priority:0|startupRole:FOLLOWER, s0|rpc:0.0.0.0:45573|dataStream:|priority:0|startupRole:FOLLOWER, s1|rpc:0.0.0.0:34621|dataStream:|priority:0|startupRole:FOLLOWER]|listeners:[], old=null RUNNING
   FOLLOWER s10@group-FAA53D5BC7BE:t0, leader=null, voted=, raftlog=Memoized:s10@group-FAA53D5BC7BE-SegmentedRaftLog:OPENED:c-1, conf=-1: peers:[]|listeners:[], old=null STARTING] size=2
  s0:  RUNNING [
   FOLLOWER s0@group-AD39DEEC881B:t1, leader=s10, voted=s10, raftlog=Memoized:s0@group-AD39DEEC881B-SegmentedRaftLog:OPENED:c120, conf=0: peers:[s10|rpc:0.0.0.0:43353|dataStream:|priority:0|startupRole:FOLLOWER, s0|rpc:0.0.0.0:45573|dataStream:|priority:0|startupRole:FOLLOWER, s1|rpc:0.0.0.0:34621|dataStream:|priority:0|startupRole:FOLLOWER]|listeners:[], old=null RUNNING
   FOLLOWER s0@group-FAA53D5BC7BE:t0, leader=null, voted=, raftlog=Memoized:s0@group-FAA53D5BC7BE-SegmentedRaftLog:OPENED:c-1, conf=-1: peers:[]|listeners:[], old=null STARTING] size=2
  s1:  RUNNING [
   FOLLOWER s1@group-AD39DEEC881B:t1, leader=s10, voted=s10, raftlog=Memoized:s1@group-AD39DEEC881B-SegmentedRaftLog:OPENED:c120, conf=0: peers:[s10|rpc:0.0.0.0:43353|dataStream:|priority:0|startupRole:FOLLOWER, s0|rpc:0.0.0.0:45573|dataStream:|priority:0|startupRole:FOLLOWER, s1|rpc:0.0.0.0:34621|dataStream:|priority:0|startupRole:FOLLOWER]|listeners:[], old=null RUNNING
   FOLLOWER s1@group-FAA53D5BC7BE:t0, leader=null, voted=, raftlog=Memoized:s1@group-FAA53D5BC7BE-SegmentedRaftLog:OPENED:c-1, conf=-1: peers:[]|listeners:[], old=null STARTING] size=2
2023-03-07 04:41:15,662 INFO  logging.LoggingHandler (AbstractInternalLogger.java:log(148)) - [id: 0x09e3f7d5, L:/0.0.0.0:43353] READ: [id: 0x6a3c616a, L:/10.1.0.7:43353 - R:/10.1.0.7:55166]
2023-03-07 04:41:15,664 INFO  logging.LoggingHandler (AbstractInternalLogger.java:log(148)) - [id: 0x09e3f7d5, L:/0.0.0.0:43353] READ COMPLETE
2023-03-07 04:41:15,665 INFO  server.RaftServer (RaftServerProxy.java:remove(110)) - s10: remove    LEADER s10@group-AD39DEEC881B:t1, leader=s10, voted=s10, raftlog=Memoized:s10@group-AD39DEEC881B-SegmentedRaftLog:OPENED:c120, conf=0: peers:[s10|rpc:0.0.0.0:43353|dataStream:|priority:0|startupRole:FOLLOWER, s0|rpc:0.0.0.0:45573|dataStream:|priority:0|startupRole:FOLLOWER, s1|rpc:0.0.0.0:34621|dataStream:|priority:0|startupRole:FOLLOWER]|listeners:[], old=null RUNNING
2023-03-07 04:41:15,665 INFO  server.RaftServer$Division (RaftServerImpl.java:lambda$close$4(466)) - s10@group-AD39DEEC881B: shutdown
2023-03-07 04:41:15,665 INFO  util.JmxRegister (JmxRegister.java:unregister(73)) - Successfully un-registered JMX Bean with object name Ratis:service=RaftServer,group=group-AD39DEEC881B,id=s10
2023-03-07 04:41:15,665 INFO  impl.RoleInfo (RoleInfo.java:shutdownLeaderState(93)) - s10: shutdown s10@group-AD39DEEC881B-LeaderStateImpl
2023-03-07 04:41:15,666 INFO  impl.PendingRequests (PendingRequests.java:sendNotLeaderResponses(282)) - s10@group-AD39DEEC881B-PendingRequests: sendNotLeaderResponses
2023-03-07 04:41:15,666 INFO  leader.LogAppenderDaemon (LogAppenderDaemon.java:run(83)) - s10@group-AD39DEEC881B->s1-LogAppenderDefault-LogAppenderDaemon was interrupted: java.lang.InterruptedException
2023-03-07 04:41:15,666 INFO  leader.LogAppenderDaemon (LogAppenderDaemon.java:run(83)) - s10@group-AD39DEEC881B->s0-LogAppenderDefault-LogAppenderDaemon was interrupted: java.lang.InterruptedException
2023-03-07 04:41:15,672 INFO  impl.StateMachineUpdater (StateMachineUpdater.java:stopAndJoin(154)) - s10@group-AD39DEEC881B-StateMachineUpdater: set stopIndex = 120
2023-03-07 04:41:15,672 INFO  server.RaftServer$Division (ServerState.java:close(414)) - s10@group-AD39DEEC881B: applyIndex: -1
2023-03-07 04:41:16,367 INFO  impl.FollowerState (FollowerState.java:run(143)) - s0@group-AD39DEEC881B-FollowerState: change to CANDIDATE, lastRpcElapsedTime:737860391ns, electionTimeout:371ms
2023-03-07 04:41:16,367 INFO  impl.RoleInfo (RoleInfo.java:shutdownFollowerState(110)) - s0: shutdown s0@group-AD39DEEC881B-FollowerState
2023-03-07 04:41:16,367 INFO  server.RaftServer$Division (RaftServerImpl.java:setRole(329)) - s0@group-AD39DEEC881B: changes role from  FOLLOWER to CANDIDATE at term 1 for changeToCandidate
2023-03-07 04:41:16,368 INFO  server.RaftServerConfigKeys (ConfUtils.java:logGet(46)) - raft.server.leaderelection.pre-vote = true (default)
2023-03-07 04:41:16,368 INFO  impl.RoleInfo (RoleInfo.java:updateAndGet(139)) - s0: start s0@group-AD39DEEC881B-LeaderElection17
2023-03-07 04:41:16,368 INFO  server.RaftServer$Division (ServerState.java:setLeader(260)) - s0@group-AD39DEEC881B: change Leader from s10 to null at term 1 for PRE_VOTE
2023-03-07 04:41:16,368 INFO  impl.LeaderElection (LeaderElection.java:askForVotes(309)) - s0@group-AD39DEEC881B-LeaderElection17 PRE_VOTE round 0: submit vote requests at term 1 for 0: peers:[s10|rpc:0.0.0.0:43353|dataStream:|priority:0|startupRole:FOLLOWER, s0|rpc:0.0.0.0:45573|dataStream:|priority:0|startupRole:FOLLOWER, s1|rpc:0.0.0.0:34621|dataStream:|priority:0|startupRole:FOLLOWER]|listeners:[], old=null
2023-03-07 04:41:16,372 INFO  server.RaftServer$Division (RaftServerImpl.java:requestVote(1302)) - s1@group-AD39DEEC881B: receive requestVote(PRE_VOTE, s0, group-AD39DEEC881B, 1, (t:1, i:120))
2023-03-07 04:41:16,372 INFO  impl.VoteContext (VoteContext.java:log(49)) - s1@group-AD39DEEC881B-FOLLOWER: accept PRE_VOTE from s0: our priority 0 <= candidate's priority 0
2023-03-07 04:41:16,372 INFO  server.RaftServer$Division (RaftServerImpl.java:requestVote(1335)) - s1@group-AD39DEEC881B replies to PRE_VOTE vote request: s0<-s1#0:OK-t1. Peer's state: s1@group-AD39DEEC881B:t1, leader=s10, voted=s10, raftlog=Memoized:s1@group-AD39DEEC881B-SegmentedRaftLog:OPENED:c120, conf=0: peers:[s10|rpc:0.0.0.0:43353|dataStream:|priority:0|startupRole:FOLLOWER, s0|rpc:0.0.0.0:45573|dataStream:|priority:0|startupRole:FOLLOWER, s1|rpc:0.0.0.0:34621|dataStream:|priority:0|startupRole:FOLLOWER]|listeners:[], old=null
2023-03-07 04:41:16,372 INFO  impl.LeaderElection (LeaderElection.java:logAndReturn(89)) - s0@group-AD39DEEC881B-LeaderElection17: PRE_VOTE PASSED received 1 response(s) and 0 exception(s):
2023-03-07 04:41:16,372 INFO  impl.LeaderElection (LeaderElection.java:logAndReturn(93)) -   Response 0: s0<-s1#0:OK-t1
2023-03-07 04:41:16,372 INFO  impl.LeaderElection (LeaderElection.java:askForVotes(311)) - s0@group-AD39DEEC881B-LeaderElection17 PRE_VOTE round 0: result PASSED
2023-03-07 04:41:16,373 INFO  impl.LeaderElection (LeaderElection.java:askForVotes(309)) - s0@group-AD39DEEC881B-LeaderElection17 ELECTION round 0: submit vote requests at term 2 for 0: peers:[s10|rpc:0.0.0.0:43353|dataStream:|priority:0|startupRole:FOLLOWER, s0|rpc:0.0.0.0:45573|dataStream:|priority:0|startupRole:FOLLOWER, s1|rpc:0.0.0.0:34621|dataStream:|priority:0|startupRole:FOLLOWER]|listeners:[], old=null
2023-03-07 04:41:16,378 INFO  server.RaftServer$Division (RaftServerImpl.java:requestVote(1302)) - s1@group-AD39DEEC881B: receive requestVote(ELECTION, s0, group-AD39DEEC881B, 2, (t:1, i:120))
2023-03-07 04:41:16,378 INFO  impl.VoteContext (VoteContext.java:log(49)) - s1@group-AD39DEEC881B-FOLLOWER: accept ELECTION from s0: our priority 0 <= candidate's priority 0
2023-03-07 04:41:16,378 INFO  server.RaftServer$Division (ServerState.java:setLeader(260)) - s1@group-AD39DEEC881B: change Leader from s10 to null at term 2 for updateCurrentTerm
2023-03-07 04:41:16,378 INFO  server.RaftServer$Division (RaftServerImpl.java:setRole(329)) - s1@group-AD39DEEC881B: changes role from  FOLLOWER to FOLLOWER at term 2 for candidate:s0
2023-03-07 04:41:16,378 INFO  impl.RoleInfo (RoleInfo.java:shutdownFollowerState(110)) - s1: shutdown s1@group-AD39DEEC881B-FollowerState
2023-03-07 04:41:16,378 INFO  impl.RoleInfo (RoleInfo.java:updateAndGet(139)) - s1: start s1@group-AD39DEEC881B-FollowerState
2023-03-07 04:41:16,378 INFO  impl.FollowerState (FollowerState.java:run(152)) - s1@group-AD39DEEC881B-FollowerState was interrupted
2023-03-07 04:41:16,379 INFO  server.RaftServer$Division (RaftServerImpl.java:requestVote(1335)) - s1@group-AD39DEEC881B replies to ELECTION vote request: s0<-s1#0:OK-t2. Peer's state: s1@group-AD39DEEC881B:t2, leader=null, voted=s0, raftlog=Memoized:s1@group-AD39DEEC881B-SegmentedRaftLog:OPENED:c120, conf=0: peers:[s10|rpc:0.0.0.0:43353|dataStream:|priority:0|startupRole:FOLLOWER, s0|rpc:0.0.0.0:45573|dataStream:|priority:0|startupRole:FOLLOWER, s1|rpc:0.0.0.0:34621|dataStream:|priority:0|startupRole:FOLLOWER]|listeners:[], old=null
2023-03-07 04:41:16,380 INFO  impl.LeaderElection (LeaderElection.java:logAndReturn(89)) - s0@group-AD39DEEC881B-LeaderElection17: ELECTION PASSED received 1 response(s) and 0 exception(s):
2023-03-07 04:41:16,380 INFO  impl.LeaderElection (LeaderElection.java:logAndReturn(93)) -   Response 0: s0<-s1#0:OK-t2
2023-03-07 04:41:16,380 INFO  impl.LeaderElection (LeaderElection.java:askForVotes(311)) - s0@group-AD39DEEC881B-LeaderElection17 ELECTION round 0: result PASSED
2023-03-07 04:41:16,380 INFO  impl.RoleInfo (RoleInfo.java:shutdownLeaderElection(130)) - s0: shutdown s0@group-AD39DEEC881B-LeaderElection17
2023-03-07 04:41:16,380 INFO  server.RaftServer$Division (RaftServerImpl.java:setRole(329)) - s0@group-AD39DEEC881B: changes role from CANDIDATE to LEADER at term 2 for changeToLeader
2023-03-07 04:41:16,380 INFO  server.RaftServer$Division (ServerState.java:setLeader(260)) - s0@group-AD39DEEC881B: change Leader from null to s0 at term 2 for becomeLeader, leader elected after 11ms
2023-03-07 04:41:16,380 INFO  server.RaftServerConfigKeys (ConfUtils.java:logGet(46)) - raft.server.staging.catchup.gap = 1000 (default)
2023-03-07 04:41:16,380 INFO  server.RaftServerConfigKeys (ConfUtils.java:logGet(46)) - raft.server.write.element-limit = 4096 (default)
2023-03-07 04:41:16,380 INFO  server.RaftServerConfigKeys (ConfUtils.java:logGet(46)) - raft.server.write.byte-limit = 64MB (=67108864) (default)
2023-03-07 04:41:16,382 INFO  server.RaftServerConfigKeys (ConfUtils.java:logGet(46)) - raft.server.watch.timeout = 10s (default)
2023-03-07 04:41:16,382 INFO  server.RaftServerConfigKeys (ConfUtils.java:logGet(46)) - raft.server.watch.timeout.denomination = 1s (default)
2023-03-07 04:41:16,382 INFO  server.RaftServerConfigKeys (ConfUtils.java:logGet(46)) - raft.server.watch.element-limit = 65536 (default)
2023-03-07 04:41:16,383 INFO  server.RaftServerConfigKeys (ConfUtils.java:logGet(46)) - raft.server.write.element-limit = 4096 (default)
2023-03-07 04:41:16,383 INFO  server.RaftServerConfigKeys (ConfUtils.java:logGet(46)) - raft.server.write.follower.gap.ratio.max = -1.0 (default)
2023-03-07 04:41:16,383 INFO  server.RaftServerConfigKeys (ConfUtils.java:logGet(46)) - raft.server.log.appender.snapshot.chunk.size.max = 16MB (=16777216) (default)
2023-03-07 04:41:16,383 INFO  server.RaftServerConfigKeys (ConfUtils.java:logGet(46)) - raft.server.log.appender.buffer.byte-limit = 4MB (=4194304) (default)
2023-03-07 04:41:16,383 INFO  server.RaftServerConfigKeys (ConfUtils.java:logGet(46)) - raft.server.log.appender.buffer.element-limit = 0 (default)
2023-03-07 04:41:16,383 INFO  server.RaftServerConfigKeys (ConfUtils.java:logGet(46)) - raft.server.log.appender.wait-time.min = 10ms (default)
2023-03-07 04:41:16,383 INFO  server.RaftServerConfigKeys (ConfUtils.java:logGet(46)) - raft.server.log.appender.snapshot.chunk.size.max = 16MB (=16777216) (default)
2023-03-07 04:41:16,383 INFO  server.RaftServerConfigKeys (ConfUtils.java:logGet(46)) - raft.server.log.appender.buffer.byte-limit = 4MB (=4194304) (default)
2023-03-07 04:41:16,383 INFO  server.RaftServerConfigKeys (ConfUtils.java:logGet(46)) - raft.server.log.appender.buffer.element-limit = 0 (default)
2023-03-07 04:41:16,383 INFO  server.RaftServerConfigKeys (ConfUtils.java:logGet(46)) - raft.server.log.appender.wait-time.min = 10ms (default)
2023-03-07 04:41:16,383 INFO  impl.RoleInfo (RoleInfo.java:updateAndGet(139)) - s0: start s0@group-AD39DEEC881B-LeaderStateImpl
2023-03-07 04:41:16,383 INFO  segmented.SegmentedRaftLogWorker (SegmentedRaftLogWorker.java:rollLogSegment(431)) - s0@group-AD39DEEC881B-SegmentedRaftLogWorker: Rolling segment log-0_120 to index:120
2023-03-07 04:41:16,384 TRACE util.FileUtils (LogUtils.java:runAndLog(49)) - Successfully ran Atomic Files.move /home/runner/work/ratis/ratis/ratis-examples/target/test/data/fa33b8e4/MiniRaftClusterWithNettye7083e71/s0/8583405c-e8d3-4d12-8b74-ad39deec881b/current/log_inprogress_0 to /home/runner/work/ratis/ratis/ratis-examples/target/test/data/fa33b8e4/MiniRaftClusterWithNettye7083e71/s0/8583405c-e8d3-4d12-8b74-ad39deec881b/current/log_0-120
2023-03-07 04:41:16,384 INFO  segmented.SegmentedRaftLogWorker (SegmentedRaftLogWorker.java:execute(587)) - s0@group-AD39DEEC881B-SegmentedRaftLogWorker: Rolled log segment from /home/runner/work/ratis/ratis/ratis-examples/target/test/data/fa33b8e4/MiniRaftClusterWithNettye7083e71/s0/8583405c-e8d3-4d12-8b74-ad39deec881b/current/log_inprogress_0 to /home/runner/work/ratis/ratis/ratis-examples/target/test/data/fa33b8e4/MiniRaftClusterWithNettye7083e71/s0/8583405c-e8d3-4d12-8b74-ad39deec881b/current/log_0-120
2023-03-07 04:41:16,387 INFO  server.RaftServer$Division (ServerState.java:setRaftConf(378)) - s0@group-AD39DEEC881B: set configuration 121: peers:[s10|rpc:0.0.0.0:43353|dataStream:|priority:0|startupRole:FOLLOWER, s0|rpc:0.0.0.0:45573|dataStream:|priority:0|startupRole:FOLLOWER, s1|rpc:0.0.0.0:34621|dataStream:|priority:0|startupRole:FOLLOWER]|listeners:[], old=null
2023-03-07 04:41:16,398 INFO  segmented.SegmentedRaftLogWorker (SegmentedRaftLogWorker.java:execute(630)) - s0@group-AD39DEEC881B-SegmentedRaftLogWorker: created new log segment /home/runner/work/ratis/ratis/ratis-examples/target/test/data/fa33b8e4/MiniRaftClusterWithNettye7083e71/s0/8583405c-e8d3-4d12-8b74-ad39deec881b/current/log_inprogress_121
2023-03-07 04:41:16,399 INFO  server.RaftServer$Division (ServerState.java:setLeader(260)) - s1@group-AD39DEEC881B: change Leader from null to s0 at term 2 for appendEntries, leader elected after 21ms
2023-03-07 04:41:16,401 DEBUG server.RaftServer$Division (RaftServerImpl.java:logAppendEntries(1429)) - s1@group-AD39DEEC881B: receive appendEntries(s0, 2, (t:1, i:120), 120, true, commits:[s0:c120, s10:c120, s1:c120], cId:6722, entries: [(t:2, i:121), CONFIGURATIONENTRY(current:id: "s10"
address: "0.0.0.0:43353"
clientAddress: "0.0.0.0:43353"
adminAddress: "0.0.0.0:43353"
startupRole: FOLLOWER
,id: "s0"
address: "0.0.0.0:45573"
clientAddress: "0.0.0.0:45573"
adminAddress: "0.0.0.0:45573"
startupRole: FOLLOWER
,id: "s1"
address: "0.0.0.0:34621"
clientAddress: "0.0.0.0:34621"
adminAddress: "0.0.0.0:34621"
startupRole: FOLLOWER
, old:)]
2023-03-07 04:41:16,401 INFO  server.RaftServer$Division (ServerState.java:setRaftConf(378)) - s1@group-AD39DEEC881B: set configuration 121: peers:[s10|rpc:0.0.0.0:43353|dataStream:|priority:0|startupRole:FOLLOWER, s0|rpc:0.0.0.0:45573|dataStream:|priority:0|startupRole:FOLLOWER, s1|rpc:0.0.0.0:34621|dataStream:|priority:0|startupRole:FOLLOWER]|listeners:[], old=null
2023-03-07 04:41:16,401 INFO  segmented.SegmentedRaftLogWorker (SegmentedRaftLogWorker.java:rollLogSegment(431)) - s1@group-AD39DEEC881B-SegmentedRaftLogWorker: Rolling segment log-0_120 to index:120
2023-03-07 04:41:16,402 TRACE util.FileUtils (LogUtils.java:runAndLog(49)) - Successfully ran Atomic Files.move /home/runner/work/ratis/ratis/ratis-examples/target/test/data/fa33b8e4/MiniRaftClusterWithNettye7083e71/s1/8583405c-e8d3-4d12-8b74-ad39deec881b/current/log_inprogress_0 to /home/runner/work/ratis/ratis/ratis-examples/target/test/data/fa33b8e4/MiniRaftClusterWithNettye7083e71/s1/8583405c-e8d3-4d12-8b74-ad39deec881b/current/log_0-120
2023-03-07 04:41:16,402 INFO  segmented.SegmentedRaftLogWorker (SegmentedRaftLogWorker.java:execute(587)) - s1@group-AD39DEEC881B-SegmentedRaftLogWorker: Rolled log segment from /home/runner/work/ratis/ratis/ratis-examples/target/test/data/fa33b8e4/MiniRaftClusterWithNettye7083e71/s1/8583405c-e8d3-4d12-8b74-ad39deec881b/current/log_inprogress_0 to /home/runner/work/ratis/ratis/ratis-examples/target/test/data/fa33b8e4/MiniRaftClusterWithNettye7083e71/s1/8583405c-e8d3-4d12-8b74-ad39deec881b/current/log_0-120
2023-03-07 04:41:16,410 INFO  segmented.SegmentedRaftLogWorker (SegmentedRaftLogWorker.java:execute(630)) - s1@group-AD39DEEC881B-SegmentedRaftLogWorker: created new log segment /home/runner/work/ratis/ratis/ratis-examples/target/test/data/fa33b8e4/MiniRaftClusterWithNettye7083e71/s1/8583405c-e8d3-4d12-8b74-ad39deec881b/current/log_inprogress_121
2023-03-07 04:41:16,412 DEBUG server.RaftServer$Division (RaftServerImpl.java:logAppendEntries(1429)) - s1@group-AD39DEEC881B: succeeded to handle AppendEntries. Reply: s0<-s1#6722:OK-t2,SUCCESS,nextIndex=122,followerCommit=120,matchIndex=121
2023-03-07 04:41:16,414 DEBUG server.RaftServer$Division (RaftServerImpl.java:logAppendEntries(1429)) - s1@group-AD39DEEC881B: receive appendEntries(s0, 2, (t:2, i:121), 121, true, commits:[s0:c121, s10:c120, s1:c120], cId:6723, entries: [(t:2, i:122), METADATAENTRY(c:121)]
2023-03-07 04:41:16,417 DEBUG server.RaftServer$Division (RaftServerImpl.java:logAppendEntries(1429)) - s1@group-AD39DEEC881B: succeeded to handle AppendEntries. Reply: s0<-s1#6723:OK-t2,SUCCESS,nextIndex=123,followerCommit=121,matchIndex=122
2023-03-07 04:41:16,422 WARN  leader.LogAppender (LogAppenderDefault.java:sendAppendEntriesWithRetries(87)) - s0@group-AD39DEEC881B->s10-LogAppenderDefault: Failed to appendEntries (retry=1): {}
org.apache.ratis.protocol.exceptions.GroupMismatchException: s10: group-AD39DEEC881B not found.
	at org.apache.ratis.server.impl.RaftServerProxy$ImplMap.get(RaftServerProxy.java:153)
	at org.apache.ratis.server.impl.RaftServerProxy.getImplFuture(RaftServerProxy.java:359)
	at org.apache.ratis.server.impl.RaftServerProxy.getImpl(RaftServerProxy.java:368)
	at org.apache.ratis.server.impl.RaftServerProxy.getImpl(RaftServerProxy.java:363)
	at org.apache.ratis.server.impl.RaftServerProxy.appendEntries(RaftServerProxy.java:651)
	at org.apache.ratis.netty.server.NettyRpcService.handle(NettyRpcService.java:231)
	at org.apache.ratis.netty.server.NettyRpcService$InboundHandler.channelRead0(NettyRpcService.java:95)
	at org.apache.ratis.netty.server.NettyRpcService$InboundHandler.channelRead0(NettyRpcService.java:91)
	at org.apache.ratis.thirdparty.io.netty.channel.SimpleChannelInboundHandler.channelRead(SimpleChannelInboundHandler.java:99)
	at org.apache.ratis.thirdparty.io.netty.channel.AbstractChannelHandlerContext.invokeChannelRead(AbstractChannelHandlerContext.java:379)
	at org.apache.ratis.thirdparty.io.netty.channel.AbstractChannelHandlerContext.invokeChannelRead(AbstractChannelHandlerContext.java:365)
	at org.apache.ratis.thirdparty.io.netty.channel.AbstractChannelHandlerContext.fireChannelRead(AbstractChannelHandlerContext.java:357)
	at org.apache.ratis.thirdparty.io.netty.handler.codec.MessageToMessageDecoder.channelRead(MessageToMessageDecoder.java:103)
	at org.apache.ratis.thirdparty.io.netty.channel.AbstractChannelHandlerContext.invokeChannelRead(AbstractChannelHandlerContext.java:379)
	at org.apache.ratis.thirdparty.io.netty.channel.AbstractChannelHandlerContext.invokeChannelRead(AbstractChannelHandlerContext.java:365)
	at org.apache.ratis.thirdparty.io.netty.channel.AbstractChannelHandlerContext.fireChannelRead(AbstractChannelHandlerContext.java:357)
	at org.apache.ratis.thirdparty.io.netty.handler.codec.ByteToMessageDecoder.fireChannelRead(ByteToMessageDecoder.java:327)
	at org.apache.ratis.thirdparty.io.netty.handler.codec.ByteToMessageDecoder.channelRead(ByteToMessageDecoder.java:299)
	at org.apache.ratis.thirdparty.io.netty.channel.AbstractChannelHandlerContext.invokeChannelRead(AbstractChannelHandlerContext.java:379)
	at org.apache.ratis.thirdparty.io.netty.channel.AbstractChannelHandlerContext.invokeChannelRead(AbstractChannelHandlerContext.java:365)
	at org.apache.ratis.thirdparty.io.netty.channel.AbstractChannelHandlerContext.fireChannelRead(AbstractChannelHandlerContext.java:357)
	at org.apache.ratis.thirdparty.io.netty.channel.DefaultChannelPipeline$HeadContext.channelRead(DefaultChannelPipeline.java:1410)
	at org.apache.ratis.thirdparty.io.netty.channel.AbstractChannelHandlerContext.invokeChannelRead(AbstractChannelHandlerContext.java:379)
	at org.apache.ratis.thirdparty.io.netty.channel.AbstractChannelHandlerContext.invokeChannelRead(AbstractChannelHandlerContext.java:365)
	at org.apache.ratis.thirdparty.io.netty.channel.DefaultChannelPipeline.fireChannelRead(DefaultChannelPipeline.java:919)
	at org.apache.ratis.thirdparty.io.netty.channel.nio.AbstractNioByteChannel$NioByteUnsafe.read(AbstractNioByteChannel.java:166)
	at org.apache.ratis.thirdparty.io.netty.channel.nio.NioEventLoop.processSelectedKey(NioEventLoop.java:722)
	at org.apache.ratis.thirdparty.io.netty.channel.nio.NioEventLoop.processSelectedKeysOptimized(NioEventLoop.java:658)
	at org.apache.ratis.thirdparty.io.netty.channel.nio.NioEventLoop.processSelectedKeys(NioEventLoop.java:584)
	at org.apache.ratis.thirdparty.io.netty.channel.nio.NioEventLoop.run(NioEventLoop.java:496)
	at org.apache.ratis.thirdparty.io.netty.util.concurrent.SingleThreadEventExecutor$4.run(SingleThreadEventExecutor.java:995)
	at org.apache.ratis.thirdparty.io.netty.util.internal.ThreadExecutorMap$2.run(ThreadExecutorMap.java:74)
	at org.apache.ratis.thirdparty.io.netty.util.concurrent.FastThreadLocalRunnable.run(FastThreadLocalRunnable.java:30)
	at java.base/java.lang.Thread.run(Thread.java:829)
2023-03-07 04:41:16,492 INFO  segmented.SegmentedRaftLogWorker (SegmentedRaftLogWorker.java:close(242)) - s10@group-AD39DEEC881B-SegmentedRaftLogWorker close()
2023-03-07 04:41:16,493 TRACE util.FileUtils (FileUtils.java:deleteFully(201)) - deleteFully /home/runner/work/ratis/ratis/ratis-examples/target/test/data/fa33b8e4/MiniRaftClusterWithNettye7083e71/s10/8583405c-e8d3-4d12-8b74-ad39deec881b
2023-03-07 04:41:16,493 TRACE util.FileUtils (LogUtils.java:runAndLog(49)) - Successfully ran Files.delete /home/runner/work/ratis/ratis/ratis-examples/target/test/data/fa33b8e4/MiniRaftClusterWithNettye7083e71/s10/8583405c-e8d3-4d12-8b74-ad39deec881b/sm
2023-03-07 04:41:16,493 TRACE util.FileUtils (LogUtils.java:runAndLog(49)) - Successfully ran Files.delete /home/runner/work/ratis/ratis/ratis-examples/target/test/data/fa33b8e4/MiniRaftClusterWithNettye7083e71/s10/8583405c-e8d3-4d12-8b74-ad39deec881b/in_use.lock
2023-03-07 04:41:16,493 TRACE util.FileUtils (LogUtils.java:runAndLog(49)) - Successfully ran Files.delete /home/runner/work/ratis/ratis/ratis-examples/target/test/data/fa33b8e4/MiniRaftClusterWithNettye7083e71/s10/8583405c-e8d3-4d12-8b74-ad39deec881b/current/log_inprogress_0
2023-03-07 04:41:16,493 TRACE util.FileUtils (LogUtils.java:runAndLog(49)) - Successfully ran Files.delete /home/runner/work/ratis/ratis/ratis-examples/target/test/data/fa33b8e4/MiniRaftClusterWithNettye7083e71/s10/8583405c-e8d3-4d12-8b74-ad39deec881b/current/raft-meta
2023-03-07 04:41:16,493 TRACE util.FileUtils (LogUtils.java:runAndLog(49)) - Successfully ran Files.delete /home/runner/work/ratis/ratis/ratis-examples/target/test/data/fa33b8e4/MiniRaftClusterWithNettye7083e71/s10/8583405c-e8d3-4d12-8b74-ad39deec881b/current/raft-meta.conf
2023-03-07 04:41:16,494 TRACE util.FileUtils (LogUtils.java:runAndLog(49)) - Successfully ran Files.delete /home/runner/work/ratis/ratis/ratis-examples/target/test/data/fa33b8e4/MiniRaftClusterWithNettye7083e71/s10/8583405c-e8d3-4d12-8b74-ad39deec881b/current
2023-03-07 04:41:16,494 TRACE util.FileUtils (LogUtils.java:runAndLog(49)) - Successfully ran Files.delete /home/runner/work/ratis/ratis/ratis-examples/target/test/data/fa33b8e4/MiniRaftClusterWithNettye7083e71/s10/8583405c-e8d3-4d12-8b74-ad39deec881b
2023-03-07 04:41:16,494 INFO  server.RaftServer$Division (RaftServerImpl.java:groupRemove(436)) - s10@group-AD39DEEC881B: Succeed to remove RaftStorageDirectory Storage Directory /home/runner/work/ratis/ratis/ratis-examples/target/test/data/fa33b8e4/MiniRaftClusterWithNettye7083e71/s10/8583405c-e8d3-4d12-8b74-ad39deec881b
2023-03-07 04:41:16,502 INFO  logging.LoggingHandler (AbstractInternalLogger.java:log(148)) - [id: 0x5212874d, L:/0.0.0.0:45573] READ: [id: 0x7faced77, L:/10.1.0.7:45573 - R:/10.1.0.7:50578]
2023-03-07 04:41:16,503 INFO  logging.LoggingHandler (AbstractInternalLogger.java:log(148)) - [id: 0x5212874d, L:/0.0.0.0:45573] READ COMPLETE
2023-03-07 04:41:16,503 INFO  server.RaftServer (RaftServerProxy.java:remove(110)) - s0: remove    LEADER s0@group-AD39DEEC881B:t2, leader=s0, voted=s0, raftlog=Memoized:s0@group-AD39DEEC881B-SegmentedRaftLog:OPENED:c122, conf=121: peers:[s10|rpc:0.0.0.0:43353|dataStream:|priority:0|startupRole:FOLLOWER, s0|rpc:0.0.0.0:45573|dataStream:|priority:0|startupRole:FOLLOWER, s1|rpc:0.0.0.0:34621|dataStream:|priority:0|startupRole:FOLLOWER]|listeners:[], old=null RUNNING
2023-03-07 04:41:16,503 INFO  server.RaftServer$Division (RaftServerImpl.java:lambda$close$4(466)) - s0@group-AD39DEEC881B: shutdown
2023-03-07 04:41:16,503 INFO  util.JmxRegister (JmxRegister.java:unregister(73)) - Successfully un-registered JMX Bean with object name Ratis:service=RaftServer,group=group-AD39DEEC881B,id=s0
2023-03-07 04:41:16,503 INFO  impl.RoleInfo (RoleInfo.java:shutdownLeaderState(93)) - s0: shutdown s0@group-AD39DEEC881B-LeaderStateImpl
2023-03-07 04:41:16,504 INFO  leader.LogAppenderDaemon (LogAppenderDaemon.java:run(83)) - s0@group-AD39DEEC881B->s1-LogAppenderDefault-LogAppenderDaemon was interrupted: java.lang.InterruptedException
2023-03-07 04:41:16,504 INFO  impl.PendingRequests (PendingRequests.java:sendNotLeaderResponses(282)) - s0@group-AD39DEEC881B-PendingRequests: sendNotLeaderResponses
2023-03-07 04:41:16,505 INFO  impl.StateMachineUpdater (StateMachineUpdater.java:stopAndJoin(154)) - s0@group-AD39DEEC881B-StateMachineUpdater: set stopIndex = 122
2023-03-07 04:41:16,505 INFO  server.RaftServer$Division (ServerState.java:close(414)) - s0@group-AD39DEEC881B: applyIndex: -1
2023-03-07 04:41:17,103 INFO  impl.FollowerState (FollowerState.java:run(143)) - s1@group-AD39DEEC881B-FollowerState: change to CANDIDATE, lastRpcElapsedTime:685843677ns, electionTimeout:303ms
2023-03-07 04:41:17,103 INFO  impl.RoleInfo (RoleInfo.java:shutdownFollowerState(110)) - s1: shutdown s1@group-AD39DEEC881B-FollowerState
2023-03-07 04:41:17,103 INFO  server.RaftServer$Division (RaftServerImpl.java:setRole(329)) - s1@group-AD39DEEC881B: changes role from  FOLLOWER to CANDIDATE at term 2 for changeToCandidate
2023-03-07 04:41:17,103 INFO  server.RaftServerConfigKeys (ConfUtils.java:logGet(46)) - raft.server.leaderelection.pre-vote = true (default)
2023-03-07 04:41:17,103 INFO  impl.RoleInfo (RoleInfo.java:updateAndGet(139)) - s1: start s1@group-AD39DEEC881B-LeaderElection18
2023-03-07 04:41:17,103 INFO  server.RaftServer$Division (ServerState.java:setLeader(260)) - s1@group-AD39DEEC881B: change Leader from s0 to null at term 2 for PRE_VOTE
2023-03-07 04:41:17,103 INFO  impl.LeaderElection (LeaderElection.java:askForVotes(309)) - s1@group-AD39DEEC881B-LeaderElection18 PRE_VOTE round 0: submit vote requests at term 2 for 121: peers:[s10|rpc:0.0.0.0:43353|dataStream:|priority:0|startupRole:FOLLOWER, s0|rpc:0.0.0.0:45573|dataStream:|priority:0|startupRole:FOLLOWER, s1|rpc:0.0.0.0:34621|dataStream:|priority:0|startupRole:FOLLOWER]|listeners:[], old=null
2023-03-07 04:41:17,105 INFO  logging.LoggingHandler (AbstractInternalLogger.java:log(148)) - [id: 0x5212874d, L:/0.0.0.0:45573] READ: [id: 0x24d141d6, L:/10.1.0.7:45573 - R:/10.1.0.7:50582]
2023-03-07 04:41:17,108 INFO  logging.LoggingHandler (AbstractInternalLogger.java:log(148)) - [id: 0x5212874d, L:/0.0.0.0:45573] READ COMPLETE
2023-03-07 04:41:17,112 INFO  impl.LeaderElection (LogUtils.java:infoOrTrace(137)) - s1@group-AD39DEEC881B-LeaderElection18 got exception when requesting votes: java.util.concurrent.ExecutionException: org.apache.ratis.protocol.exceptions.GroupMismatchException: s0: group-AD39DEEC881B not found.
2023-03-07 04:41:17,113 INFO  logging.LoggingHandler (AbstractInternalLogger.java:log(148)) - [id: 0x09e3f7d5, L:/0.0.0.0:43353] READ: [id: 0x630e2a90, L:/10.1.0.7:43353 - R:/10.1.0.7:55182]
2023-03-07 04:41:17,113 INFO  logging.LoggingHandler (AbstractInternalLogger.java:log(148)) - [id: 0x09e3f7d5, L:/0.0.0.0:43353] READ COMPLETE
2023-03-07 04:41:17,117 INFO  impl.LeaderElection (LogUtils.java:infoOrTrace(137)) - s1@group-AD39DEEC881B-LeaderElection18 got exception when requesting votes: java.util.concurrent.ExecutionException: org.apache.ratis.protocol.exceptions.GroupMismatchException: s10: group-AD39DEEC881B not found.
2023-03-07 04:41:17,117 INFO  impl.LeaderElection (LeaderElection.java:logAndReturn(89)) - s1@group-AD39DEEC881B-LeaderElection18: PRE_VOTE REJECTED received 0 response(s) and 2 exception(s):
2023-03-07 04:41:17,117 INFO  impl.LeaderElection (LogUtils.java:infoOrTrace(137)) -   Exception 0: java.util.concurrent.ExecutionException: org.apache.ratis.protocol.exceptions.GroupMismatchException: s0: group-AD39DEEC881B not found.
2023-03-07 04:41:17,117 INFO  impl.LeaderElection (LogUtils.java:infoOrTrace(137)) -   Exception 1: java.util.concurrent.ExecutionException: org.apache.ratis.protocol.exceptions.GroupMismatchException: s10: group-AD39DEEC881B not found.
2023-03-07 04:41:17,117 INFO  impl.LeaderElection (LeaderElection.java:askForVotes(311)) - s1@group-AD39DEEC881B-LeaderElection18 PRE_VOTE round 0: result REJECTED
2023-03-07 04:41:17,117 INFO  server.RaftServer$Division (RaftServerImpl.java:setRole(329)) - s1@group-AD39DEEC881B: changes role from CANDIDATE to FOLLOWER at term 2 for REJECTED
2023-03-07 04:41:17,117 INFO  impl.RoleInfo (RoleInfo.java:shutdownLeaderElection(130)) - s1: shutdown s1@group-AD39DEEC881B-LeaderElection18
2023-03-07 04:41:17,117 INFO  impl.RoleInfo (RoleInfo.java:updateAndGet(139)) - s1: start s1@group-AD39DEEC881B-FollowerState
2023-03-07 04:41:17,414 INFO  segmented.SegmentedRaftLogWorker (SegmentedRaftLogWorker.java:close(242)) - s0@group-AD39DEEC881B-SegmentedRaftLogWorker close()
2023-03-07 04:41:17,415 TRACE util.FileUtils (FileUtils.java:deleteFully(201)) - deleteFully /home/runner/work/ratis/ratis/ratis-examples/target/test/data/fa33b8e4/MiniRaftClusterWithNettye7083e71/s0/8583405c-e8d3-4d12-8b74-ad39deec881b
2023-03-07 04:41:17,415 TRACE util.FileUtils (LogUtils.java:runAndLog(49)) - Successfully ran Files.delete /home/runner/work/ratis/ratis/ratis-examples/target/test/data/fa33b8e4/MiniRaftClusterWithNettye7083e71/s0/8583405c-e8d3-4d12-8b74-ad39deec881b/sm
2023-03-07 04:41:17,415 TRACE util.FileUtils (LogUtils.java:runAndLog(49)) - Successfully ran Files.delete /home/runner/work/ratis/ratis/ratis-examples/target/test/data/fa33b8e4/MiniRaftClusterWithNettye7083e71/s0/8583405c-e8d3-4d12-8b74-ad39deec881b/in_use.lock
2023-03-07 04:41:17,415 TRACE util.FileUtils (LogUtils.java:runAndLog(49)) - Successfully ran Files.delete /home/runner/work/ratis/ratis/ratis-examples/target/test/data/fa33b8e4/MiniRaftClusterWithNettye7083e71/s0/8583405c-e8d3-4d12-8b74-ad39deec881b/current/raft-meta
2023-03-07 04:41:17,416 TRACE util.FileUtils (LogUtils.java:runAndLog(49)) - Successfully ran Files.delete /home/runner/work/ratis/ratis/ratis-examples/target/test/data/fa33b8e4/MiniRaftClusterWithNettye7083e71/s0/8583405c-e8d3-4d12-8b74-ad39deec881b/current/log_inprogress_121
2023-03-07 04:41:17,416 TRACE util.FileUtils (LogUtils.java:runAndLog(49)) - Successfully ran Files.delete /home/runner/work/ratis/ratis/ratis-examples/target/test/data/fa33b8e4/MiniRaftClusterWithNettye7083e71/s0/8583405c-e8d3-4d12-8b74-ad39deec881b/current/log_0-120
2023-03-07 04:41:17,416 TRACE util.FileUtils (LogUtils.java:runAndLog(49)) - Successfully ran Files.delete /home/runner/work/ratis/ratis/ratis-examples/target/test/data/fa33b8e4/MiniRaftClusterWithNettye7083e71/s0/8583405c-e8d3-4d12-8b74-ad39deec881b/current/raft-meta.conf
2023-03-07 04:41:17,416 TRACE util.FileUtils (LogUtils.java:runAndLog(49)) - Successfully ran Files.delete /home/runner/work/ratis/ratis/ratis-examples/target/test/data/fa33b8e4/MiniRaftClusterWithNettye7083e71/s0/8583405c-e8d3-4d12-8b74-ad39deec881b/current
2023-03-07 04:41:17,416 TRACE util.FileUtils (LogUtils.java:runAndLog(49)) - Successfully ran Files.delete /home/runner/work/ratis/ratis/ratis-examples/target/test/data/fa33b8e4/MiniRaftClusterWithNettye7083e71/s0/8583405c-e8d3-4d12-8b74-ad39deec881b
2023-03-07 04:41:17,416 INFO  server.RaftServer$Division (RaftServerImpl.java:groupRemove(436)) - s0@group-AD39DEEC881B: Succeed to remove RaftStorageDirectory Storage Directory /home/runner/work/ratis/ratis/ratis-examples/target/test/data/fa33b8e4/MiniRaftClusterWithNettye7083e71/s0/8583405c-e8d3-4d12-8b74-ad39deec881b
2023-03-07 04:41:17,424 INFO  logging.LoggingHandler (AbstractInternalLogger.java:log(148)) - [id: 0x8e7d1ea5, L:/0.0.0.0:34621] READ: [id: 0x52153cf2, L:/10.1.0.7:34621 - R:/10.1.0.7:56508]
2023-03-07 04:41:17,426 INFO  logging.LoggingHandler (AbstractInternalLogger.java:log(148)) - [id: 0x8e7d1ea5, L:/0.0.0.0:34621] READ COMPLETE
2023-03-07 04:41:17,427 INFO  server.RaftServer (RaftServerProxy.java:remove(110)) - s1: remove  FOLLOWER s1@group-AD39DEEC881B:t2, leader=null, voted=s0, raftlog=Memoized:s1@group-AD39DEEC881B-SegmentedRaftLog:OPENED:c121, conf=121: peers:[s10|rpc:0.0.0.0:43353|dataStream:|priority:0|startupRole:FOLLOWER, s0|rpc:0.0.0.0:45573|dataStream:|priority:0|startupRole:FOLLOWER, s1|rpc:0.0.0.0:34621|dataStream:|priority:0|startupRole:FOLLOWER]|listeners:[], old=null RUNNING
2023-03-07 04:41:17,427 INFO  server.RaftServer$Division (RaftServerImpl.java:lambda$close$4(466)) - s1@group-AD39DEEC881B: shutdown
2023-03-07 04:41:17,427 INFO  util.JmxRegister (JmxRegister.java:unregister(73)) - Successfully un-registered JMX Bean with object name Ratis:service=RaftServer,group=group-AD39DEEC881B,id=s1
2023-03-07 04:41:17,427 INFO  impl.RoleInfo (RoleInfo.java:shutdownFollowerState(110)) - s1: shutdown s1@group-AD39DEEC881B-FollowerState
2023-03-07 04:41:17,427 INFO  impl.FollowerState (FollowerState.java:run(152)) - s1@group-AD39DEEC881B-FollowerState was interrupted
2023-03-07 04:41:17,427 INFO  impl.StateMachineUpdater (StateMachineUpdater.java:stopAndJoin(154)) - s1@group-AD39DEEC881B-StateMachineUpdater: set stopIndex = 121
2023-03-07 04:41:17,427 INFO  server.RaftServer$Division (ServerState.java:close(414)) - s1@group-AD39DEEC881B: applyIndex: -1
2023-03-07 04:41:18,097 INFO  impl.MiniRaftCluster (MiniRaftCluster.java:lambda$start$6(349)) - TIMED-PRINT: printing ALL groups
  s3:  RUNNING [
     LEADER s3@group-3274576D874F:t1, leader=s3, voted=s3, raftlog=Memoized:s3@group-3274576D874F-SegmentedRaftLog:OPENED:c120, conf=0: peers:[s3|rpc:0.0.0.0:43243|dataStream:|priority:0|startupRole:FOLLOWER, s14|rpc:0.0.0.0:41557|dataStream:|priority:0|startupRole:FOLLOWER, s2|rpc:0.0.0.0:40769|dataStream:|priority:0|startupRole:FOLLOWER]|listeners:[], old=null RUNNING
   FOLLOWER s3@group-FAA53D5BC7BE:t0, leader=null, voted=, raftlog=Memoized:s3@group-FAA53D5BC7BE-SegmentedRaftLog:OPENED:c-1, conf=-1: peers:[]|listeners:[], old=null STARTING] size=2
  s4:  RUNNING [
     LEADER s4@group-7D579A2BF85B:t1, leader=s4, voted=s4, raftlog=Memoized:s4@group-7D579A2BF85B-SegmentedRaftLog:OPENED:c120, conf=0: peers:[s4|rpc:0.0.0.0:34427|dataStream:|priority:0|startupRole:FOLLOWER, s5|rpc:0.0.0.0:35843|dataStream:|priority:0|startupRole:FOLLOWER, s6|rpc:0.0.0.0:43509|dataStream:|priority:0|startupRole:FOLLOWER]|listeners:[], old=null RUNNING
   FOLLOWER s4@group-FAA53D5BC7BE:t0, leader=null, voted=, raftlog=Memoized:s4@group-FAA53D5BC7BE-SegmentedRaftLog:OPENED:c-1, conf=-1: peers:[]|listeners:[], old=null STARTING] size=2
  s5:  RUNNING [
   FOLLOWER s5@group-7D579A2BF85B:t1, leader=s4, voted=s4, raftlog=Memoized:s5@group-7D579A2BF85B-SegmentedRaftLog:OPENED:c120, conf=0: peers:[s4|rpc:0.0.0.0:34427|dataStream:|priority:0|startupRole:FOLLOWER, s5|rpc:0.0.0.0:35843|dataStream:|priority:0|startupRole:FOLLOWER, s6|rpc:0.0.0.0:43509|dataStream:|priority:0|startupRole:FOLLOWER]|listeners:[], old=null RUNNING
   FOLLOWER s5@group-FAA53D5BC7BE:t0, leader=null, voted=, raftlog=Memoized:s5@group-FAA53D5BC7BE-SegmentedRaftLog:OPENED:c-1, conf=-1: peers:[]|listeners:[], old=null STARTING] size=2
  s6:  RUNNING [
   FOLLOWER s6@group-7D579A2BF85B:t1, leader=s4, voted=s4, raftlog=Memoized:s6@group-7D579A2BF85B-SegmentedRaftLog:OPENED:c120, conf=0: peers:[s4|rpc:0.0.0.0:34427|dataStream:|priority:0|startupRole:FOLLOWER, s5|rpc:0.0.0.0:35843|dataStream:|priority:0|startupRole:FOLLOWER, s6|rpc:0.0.0.0:43509|dataStream:|priority:0|startupRole:FOLLOWER]|listeners:[], old=null RUNNING
   FOLLOWER s6@group-FAA53D5BC7BE:t0, leader=null, voted=, raftlog=Memoized:s6@group-FAA53D5BC7BE-SegmentedRaftLog:OPENED:c-1, conf=-1: peers:[]|listeners:[], old=null STARTING] size=2
  s7:  RUNNING [
     LEADER s7@group-44F04D6AF308:t1, leader=s7, voted=s7, raftlog=Memoized:s7@group-44F04D6AF308-SegmentedRaftLog:OPENED:c120, conf=0: peers:[s7|rpc:0.0.0.0:36409|dataStream:|priority:0|startupRole:FOLLOWER, s8|rpc:0.0.0.0:41505|dataStream:|priority:0|startupRole:FOLLOWER, s9|rpc:0.0.0.0:34365|dataStream:|priority:0|startupRole:FOLLOWER]|listeners:[], old=null RUNNING
   FOLLOWER s7@group-FAA53D5BC7BE:t0, leader=null, voted=, raftlog=Memoized:s7@group-FAA53D5BC7BE-SegmentedRaftLog:OPENED:c-1, conf=-1: peers:[]|listeners:[], old=null STARTING] size=2
  s8:  RUNNING [
   FOLLOWER s8@group-44F04D6AF308:t1, leader=s7, voted=s7, raftlog=Memoized:s8@group-44F04D6AF308-SegmentedRaftLog:OPENED:c120, conf=0: peers:[s7|rpc:0.0.0.0:36409|dataStream:|priority:0|startupRole:FOLLOWER, s8|rpc:0.0.0.0:41505|dataStream:|priority:0|startupRole:FOLLOWER, s9|rpc:0.0.0.0:34365|dataStream:|priority:0|startupRole:FOLLOWER]|listeners:[], old=null RUNNING
   FOLLOWER s8@group-FAA53D5BC7BE:t0, leader=null, voted=, raftlog=Memoized:s8@group-FAA53D5BC7BE-SegmentedRaftLog:OPENED:c-1, conf=-1: peers:[]|listeners:[], old=null STARTING] size=2
  s9:  RUNNING [
   FOLLOWER s9@group-44F04D6AF308:t1, leader=s7, voted=s7, raftlog=Memoized:s9@group-44F04D6AF308-SegmentedRaftLog:OPENED:c120, conf=0: peers:[s7|rpc:0.0.0.0:36409|dataStream:|priority:0|startupRole:FOLLOWER, s8|rpc:0.0.0.0:41505|dataStream:|priority:0|startupRole:FOLLOWER, s9|rpc:0.0.0.0:34365|dataStream:|priority:0|startupRole:FOLLOWER]|listeners:[], old=null RUNNING
   FOLLOWER s9@group-FAA53D5BC7BE:t0, leader=null, voted=, raftlog=Memoized:s9@group-FAA53D5BC7BE-SegmentedRaftLog:OPENED:c-1, conf=-1: peers:[]|listeners:[], old=null STARTING] size=2
  s11:  RUNNING [
   FOLLOWER s11@group-FAA53D5BC7BE:t0, leader=null, voted=, raftlog=Memoized:s11@group-FAA53D5BC7BE-SegmentedRaftLog:OPENED:c-1, conf=-1: peers:[]|listeners:[], old=null STARTING
     LEADER s11@group-A82F1EDBF13F:t1, leader=s11, voted=s11, raftlog=Memoized:s11@group-A82F1EDBF13F-SegmentedRaftLog:OPENED:c120, conf=0: peers:[s11|rpc:0.0.0.0:44621|dataStream:|priority:0|startupRole:FOLLOWER, s13|rpc:0.0.0.0:33759|dataStream:|priority:0|startupRole:FOLLOWER, s12|rpc:0.0.0.0:43391|dataStream:|priority:0|startupRole:FOLLOWER]|listeners:[], old=null RUNNING] size=2
  s10:  RUNNING  FOLLOWER s10@group-FAA53D5BC7BE:t0, leader=null, voted=, raftlog=Memoized:s10@group-FAA53D5BC7BE-SegmentedRaftLog:OPENED:c-1, conf=-1: peers:[]|listeners:[], old=null STARTING
  s13:  RUNNING [
   FOLLOWER s13@group-FAA53D5BC7BE:t0, leader=null, voted=, raftlog=Memoized:s13@group-FAA53D5BC7BE-SegmentedRaftLog:OPENED:c-1, conf=-1: peers:[]|listeners:[], old=null STARTING
   FOLLOWER s13@group-A82F1EDBF13F:t1, leader=s11, voted=s11, raftlog=Memoized:s13@group-A82F1EDBF13F-SegmentedRaftLog:OPENED:c120, conf=0: peers:[s11|rpc:0.0.0.0:44621|dataStream:|priority:0|startupRole:FOLLOWER, s13|rpc:0.0.0.0:33759|dataStream:|priority:0|startupRole:FOLLOWER, s12|rpc:0.0.0.0:43391|dataStream:|priority:0|startupRole:FOLLOWER]|listeners:[], old=null RUNNING] size=2
  s12:  RUNNING [
   FOLLOWER s12@group-FAA53D5BC7BE:t0, leader=null, voted=, raftlog=Memoized:s12@group-FAA53D5BC7BE-SegmentedRaftLog:OPENED:c-1, conf=-1: peers:[]|listeners:[], old=null STARTING
   FOLLOWER s12@group-A82F1EDBF13F:t1, leader=s11, voted=s11, raftlog=Memoized:s12@group-A82F1EDBF13F-SegmentedRaftLog:OPENED:c120, conf=0: peers:[s11|rpc:0.0.0.0:44621|dataStream:|priority:0|startupRole:FOLLOWER, s13|rpc:0.0.0.0:33759|dataStream:|priority:0|startupRole:FOLLOWER, s12|rpc:0.0.0.0:43391|dataStream:|priority:0|startupRole:FOLLOWER]|listeners:[], old=null RUNNING] size=2
  s14:  RUNNING [
   FOLLOWER s14@group-3274576D874F:t1, leader=s3, voted=s3, raftlog=Memoized:s14@group-3274576D874F-SegmentedRaftLog:OPENED:c120, conf=0: peers:[s3|rpc:0.0.0.0:43243|dataStream:|priority:0|startupRole:FOLLOWER, s14|rpc:0.0.0.0:41557|dataStream:|priority:0|startupRole:FOLLOWER, s2|rpc:0.0.0.0:40769|dataStream:|priority:0|startupRole:FOLLOWER]|listeners:[], old=null RUNNING
   FOLLOWER s14@group-FAA53D5BC7BE:t0, leader=null, voted=, raftlog=Memoized:s14@group-FAA53D5BC7BE-SegmentedRaftLog:OPENED:c-1, conf=-1: peers:[]|listeners:[], old=null STARTING] size=2
  s0:  RUNNING  FOLLOWER s0@group-FAA53D5BC7BE:t0, leader=null, voted=, raftlog=Memoized:s0@group-FAA53D5BC7BE-SegmentedRaftLog:OPENED:c-1, conf=-1: peers:[]|listeners:[], old=null STARTING
  s1:  RUNNING  FOLLOWER s1@group-FAA53D5BC7BE:t0, leader=null, voted=, raftlog=Memoized:s1@group-FAA53D5BC7BE-SegmentedRaftLog:OPENED:c-1, conf=-1: peers:[]|listeners:[], old=null STARTING
  s2:  RUNNING [
   FOLLOWER s2@group-3274576D874F:t1, leader=s3, voted=s3, raftlog=Memoized:s2@group-3274576D874F-SegmentedRaftLog:OPENED:c120, conf=0: peers:[s3|rpc:0.0.0.0:43243|dataStream:|priority:0|startupRole:FOLLOWER, s14|rpc:0.0.0.0:41557|dataStream:|priority:0|startupRole:FOLLOWER, s2|rpc:0.0.0.0:40769|dataStream:|priority:0|startupRole:FOLLOWER]|listeners:[], old=null RUNNING
   FOLLOWER s2@group-FAA53D5BC7BE:t0, leader=null, voted=, raftlog=Memoized:s2@group-FAA53D5BC7BE-SegmentedRaftLog:OPENED:c-1, conf=-1: peers:[]|listeners:[], old=null STARTING] size=2
2023-03-07 04:41:18,422 INFO  segmented.SegmentedRaftLogWorker (SegmentedRaftLogWorker.java:close(242)) - s1@group-AD39DEEC881B-SegmentedRaftLogWorker close()
2023-03-07 04:41:18,422 TRACE util.FileUtils (FileUtils.java:deleteFully(201)) - deleteFully /home/runner/work/ratis/ratis/ratis-examples/target/test/data/fa33b8e4/MiniRaftClusterWithNettye7083e71/s1/8583405c-e8d3-4d12-8b74-ad39deec881b
2023-03-07 04:41:18,423 TRACE util.FileUtils (LogUtils.java:runAndLog(49)) - Successfully ran Files.delete /home/runner/work/ratis/ratis/ratis-examples/target/test/data/fa33b8e4/MiniRaftClusterWithNettye7083e71/s1/8583405c-e8d3-4d12-8b74-ad39deec881b/sm
2023-03-07 04:41:18,423 TRACE util.FileUtils (LogUtils.java:runAndLog(49)) - Successfully ran Files.delete /home/runner/work/ratis/ratis/ratis-examples/target/test/data/fa33b8e4/MiniRaftClusterWithNettye7083e71/s1/8583405c-e8d3-4d12-8b74-ad39deec881b/in_use.lock
2023-03-07 04:41:18,423 TRACE util.FileUtils (LogUtils.java:runAndLog(49)) - Successfully ran Files.delete /home/runner/work/ratis/ratis/ratis-examples/target/test/data/fa33b8e4/MiniRaftClusterWithNettye7083e71/s1/8583405c-e8d3-4d12-8b74-ad39deec881b/current/raft-meta
2023-03-07 04:41:18,423 TRACE util.FileUtils (LogUtils.java:runAndLog(49)) - Successfully ran Files.delete /home/runner/work/ratis/ratis/ratis-examples/target/test/data/fa33b8e4/MiniRaftClusterWithNettye7083e71/s1/8583405c-e8d3-4d12-8b74-ad39deec881b/current/log_inprogress_121
2023-03-07 04:41:18,423 TRACE util.FileUtils (LogUtils.java:runAndLog(49)) - Successfully ran Files.delete /home/runner/work/ratis/ratis/ratis-examples/target/test/data/fa33b8e4/MiniRaftClusterWithNettye7083e71/s1/8583405c-e8d3-4d12-8b74-ad39deec881b/current/log_0-120
2023-03-07 04:41:18,423 TRACE util.FileUtils (LogUtils.java:runAndLog(49)) - Successfully ran Files.delete /home/runner/work/ratis/ratis/ratis-examples/target/test/data/fa33b8e4/MiniRaftClusterWithNettye7083e71/s1/8583405c-e8d3-4d12-8b74-ad39deec881b/current/raft-meta.conf
2023-03-07 04:41:18,423 TRACE util.FileUtils (LogUtils.java:runAndLog(49)) - Successfully ran Files.delete /home/runner/work/ratis/ratis/ratis-examples/target/test/data/fa33b8e4/MiniRaftClusterWithNettye7083e71/s1/8583405c-e8d3-4d12-8b74-ad39deec881b/current
2023-03-07 04:41:18,423 TRACE util.FileUtils (LogUtils.java:runAndLog(49)) - Successfully ran Files.delete /home/runner/work/ratis/ratis/ratis-examples/target/test/data/fa33b8e4/MiniRaftClusterWithNettye7083e71/s1/8583405c-e8d3-4d12-8b74-ad39deec881b
2023-03-07 04:41:18,423 INFO  server.RaftServer$Division (RaftServerImpl.java:groupRemove(436)) - s1@group-AD39DEEC881B: Succeed to remove RaftStorageDirectory Storage Directory /home/runner/work/ratis/ratis/ratis-examples/target/test/data/fa33b8e4/MiniRaftClusterWithNettye7083e71/s1/8583405c-e8d3-4d12-8b74-ad39deec881b
2023-03-07 04:41:18,430 INFO  impl.GroupManagementBaseTest (GroupManagementBaseTest.java:runMultiGroupTest(299)) - 2) close printing group-3274576D874F
  s3:  RUNNING [
     LEADER s3@group-3274576D874F:t1, leader=s3, voted=s3, raftlog=Memoized:s3@group-3274576D874F-SegmentedRaftLog:OPENED:c120, conf=0: peers:[s3|rpc:0.0.0.0:43243|dataStream:|priority:0|startupRole:FOLLOWER, s14|rpc:0.0.0.0:41557|dataStream:|priority:0|startupRole:FOLLOWER, s2|rpc:0.0.0.0:40769|dataStream:|priority:0|startupRole:FOLLOWER]|listeners:[], old=null RUNNING
   FOLLOWER s3@group-FAA53D5BC7BE:t0, leader=null, voted=, raftlog=Memoized:s3@group-FAA53D5BC7BE-SegmentedRaftLog:OPENED:c-1, conf=-1: peers:[]|listeners:[], old=null STARTING] size=2
  s14:  RUNNING [
   FOLLOWER s14@group-3274576D874F:t1, leader=s3, voted=s3, raftlog=Memoized:s14@group-3274576D874F-SegmentedRaftLog:OPENED:c120, conf=0: peers:[s3|rpc:0.0.0.0:43243|dataStream:|priority:0|startupRole:FOLLOWER, s14|rpc:0.0.0.0:41557|dataStream:|priority:0|startupRole:FOLLOWER, s2|rpc:0.0.0.0:40769|dataStream:|priority:0|startupRole:FOLLOWER]|listeners:[], old=null RUNNING
   FOLLOWER s14@group-FAA53D5BC7BE:t0, leader=null, voted=, raftlog=Memoized:s14@group-FAA53D5BC7BE-SegmentedRaftLog:OPENED:c-1, conf=-1: peers:[]|listeners:[], old=null STARTING] size=2
  s2:  RUNNING [
   FOLLOWER s2@group-3274576D874F:t1, leader=s3, voted=s3, raftlog=Memoized:s2@group-3274576D874F-SegmentedRaftLog:OPENED:c120, conf=0: peers:[s3|rpc:0.0.0.0:43243|dataStream:|priority:0|startupRole:FOLLOWER, s14|rpc:0.0.0.0:41557|dataStream:|priority:0|startupRole:FOLLOWER, s2|rpc:0.0.0.0:40769|dataStream:|priority:0|startupRole:FOLLOWER]|listeners:[], old=null RUNNING
   FOLLOWER s2@group-FAA53D5BC7BE:t0, leader=null, voted=, raftlog=Memoized:s2@group-FAA53D5BC7BE-SegmentedRaftLog:OPENED:c-1, conf=-1: peers:[]|listeners:[], old=null STARTING] size=2
2023-03-07 04:41:18,431 INFO  logging.LoggingHandler (AbstractInternalLogger.java:log(148)) - [id: 0x07ea810c, L:/0.0.0.0:43243] READ: [id: 0x8724e72c, L:/10.1.0.7:43243 - R:/10.1.0.7:39044]
2023-03-07 04:41:18,436 INFO  logging.LoggingHandler (AbstractInternalLogger.java:log(148)) - [id: 0x07ea810c, L:/0.0.0.0:43243] READ COMPLETE
2023-03-07 04:41:18,437 INFO  server.RaftServer (RaftServerProxy.java:remove(110)) - s3: remove    LEADER s3@group-3274576D874F:t1, leader=s3, voted=s3, raftlog=Memoized:s3@group-3274576D874F-SegmentedRaftLog:OPENED:c120, conf=0: peers:[s3|rpc:0.0.0.0:43243|dataStream:|priority:0|startupRole:FOLLOWER, s14|rpc:0.0.0.0:41557|dataStream:|priority:0|startupRole:FOLLOWER, s2|rpc:0.0.0.0:40769|dataStream:|priority:0|startupRole:FOLLOWER]|listeners:[], old=null RUNNING
2023-03-07 04:41:18,437 INFO  server.RaftServer$Division (RaftServerImpl.java:lambda$close$4(466)) - s3@group-3274576D874F: shutdown
2023-03-07 04:41:18,437 INFO  util.JmxRegister (JmxRegister.java:unregister(73)) - Successfully un-registered JMX Bean with object name Ratis:service=RaftServer,group=group-3274576D874F,id=s3
2023-03-07 04:41:18,437 INFO  impl.RoleInfo (RoleInfo.java:shutdownLeaderState(93)) - s3: shutdown s3@group-3274576D874F-LeaderStateImpl
2023-03-07 04:41:18,437 INFO  leader.LogAppenderDaemon (LogAppenderDaemon.java:run(83)) - s3@group-3274576D874F->s2-LogAppenderDefault-LogAppenderDaemon was interrupted: java.lang.InterruptedException
2023-03-07 04:41:18,437 INFO  leader.LogAppenderDaemon (LogAppenderDaemon.java:run(83)) - s3@group-3274576D874F->s14-LogAppenderDefault-LogAppenderDaemon was interrupted: java.lang.InterruptedException
2023-03-07 04:41:18,438 INFO  impl.PendingRequests (PendingRequests.java:sendNotLeaderResponses(282)) - s3@group-3274576D874F-PendingRequests: sendNotLeaderResponses
2023-03-07 04:41:18,440 INFO  impl.StateMachineUpdater (StateMachineUpdater.java:stopAndJoin(154)) - s3@group-3274576D874F-StateMachineUpdater: set stopIndex = 120
2023-03-07 04:41:18,441 INFO  server.RaftServer$Division (ServerState.java:close(414)) - s3@group-3274576D874F: applyIndex: -1
2023-03-07 04:41:18,953 INFO  impl.FollowerState (FollowerState.java:run(143)) - s14@group-3274576D874F-FollowerState: change to CANDIDATE, lastRpcElapsedTime:551082243ns, electionTimeout:398ms
2023-03-07 04:41:18,953 INFO  impl.RoleInfo (RoleInfo.java:shutdownFollowerState(110)) - s14: shutdown s14@group-3274576D874F-FollowerState
2023-03-07 04:41:18,953 INFO  server.RaftServer$Division (RaftServerImpl.java:setRole(329)) - s14@group-3274576D874F: changes role from  FOLLOWER to CANDIDATE at term 1 for changeToCandidate
2023-03-07 04:41:18,953 INFO  server.RaftServerConfigKeys (ConfUtils.java:logGet(46)) - raft.server.leaderelection.pre-vote = true (default)
2023-03-07 04:41:18,953 INFO  impl.RoleInfo (RoleInfo.java:updateAndGet(139)) - s14: start s14@group-3274576D874F-LeaderElection19
2023-03-07 04:41:18,954 INFO  server.RaftServer$Division (ServerState.java:setLeader(260)) - s14@group-3274576D874F: change Leader from s3 to null at term 1 for PRE_VOTE
2023-03-07 04:41:18,954 INFO  impl.LeaderElection (LeaderElection.java:askForVotes(309)) - s14@group-3274576D874F-LeaderElection19 PRE_VOTE round 0: submit vote requests at term 1 for 0: peers:[s3|rpc:0.0.0.0:43243|dataStream:|priority:0|startupRole:FOLLOWER, s14|rpc:0.0.0.0:41557|dataStream:|priority:0|startupRole:FOLLOWER, s2|rpc:0.0.0.0:40769|dataStream:|priority:0|startupRole:FOLLOWER]|listeners:[], old=null
2023-03-07 04:41:18,956 INFO  logging.LoggingHandler (AbstractInternalLogger.java:log(148)) - [id: 0x07ea810c, L:/0.0.0.0:43243] READ: [id: 0xa0c0b5e9, L:/10.1.0.7:43243 - R:/10.1.0.7:39054]
2023-03-07 04:41:18,956 INFO  logging.LoggingHandler (AbstractInternalLogger.java:log(148)) - [id: 0x923fd090, L:/0.0.0.0:40769] READ: [id: 0x89f00e2b, L:/10.1.0.7:40769 - R:/10.1.0.7:32970]
2023-03-07 04:41:18,956 INFO  logging.LoggingHandler (AbstractInternalLogger.java:log(148)) - [id: 0x07ea810c, L:/0.0.0.0:43243] READ COMPLETE
2023-03-07 04:41:18,958 INFO  logging.LoggingHandler (AbstractInternalLogger.java:log(148)) - [id: 0x923fd090, L:/0.0.0.0:40769] READ COMPLETE
2023-03-07 04:41:18,961 INFO  server.RaftServer$Division (RaftServerImpl.java:requestVote(1302)) - s2@group-3274576D874F: receive requestVote(PRE_VOTE, s14, group-3274576D874F, 1, (t:1, i:120))
2023-03-07 04:41:18,961 INFO  impl.VoteContext (VoteContext.java:log(49)) - s2@group-3274576D874F-FOLLOWER: accept PRE_VOTE from s14: our priority 0 <= candidate's priority 0
2023-03-07 04:41:18,961 INFO  server.RaftServer$Division (RaftServerImpl.java:requestVote(1335)) - s2@group-3274576D874F replies to PRE_VOTE vote request: s14<-s2#0:OK-t1. Peer's state: s2@group-3274576D874F:t1, leader=s3, voted=s3, raftlog=Memoized:s2@group-3274576D874F-SegmentedRaftLog:OPENED:c120, conf=0: peers:[s3|rpc:0.0.0.0:43243|dataStream:|priority:0|startupRole:FOLLOWER, s14|rpc:0.0.0.0:41557|dataStream:|priority:0|startupRole:FOLLOWER, s2|rpc:0.0.0.0:40769|dataStream:|priority:0|startupRole:FOLLOWER]|listeners:[], old=null
2023-03-07 04:41:18,962 INFO  impl.LeaderElection (LogUtils.java:infoOrTrace(137)) - s14@group-3274576D874F-LeaderElection19 got exception when requesting votes: java.util.concurrent.ExecutionException: org.apache.ratis.protocol.exceptions.GroupMismatchException: s3: group-3274576D874F not found.
2023-03-07 04:41:18,962 INFO  impl.LeaderElection (LeaderElection.java:logAndReturn(89)) - s14@group-3274576D874F-LeaderElection19: PRE_VOTE PASSED received 1 response(s) and 1 exception(s):
2023-03-07 04:41:18,962 INFO  impl.LeaderElection (LeaderElection.java:logAndReturn(93)) -   Response 0: s14<-s2#0:OK-t1
2023-03-07 04:41:18,962 INFO  impl.LeaderElection (LogUtils.java:infoOrTrace(137)) -   Exception 1: java.util.concurrent.ExecutionException: org.apache.ratis.protocol.exceptions.GroupMismatchException: s3: group-3274576D874F not found.
2023-03-07 04:41:18,962 INFO  impl.LeaderElection (LeaderElection.java:askForVotes(311)) - s14@group-3274576D874F-LeaderElection19 PRE_VOTE round 0: result PASSED
2023-03-07 04:41:18,963 INFO  impl.LeaderElection (LeaderElection.java:askForVotes(309)) - s14@group-3274576D874F-LeaderElection19 ELECTION round 0: submit vote requests at term 2 for 0: peers:[s3|rpc:0.0.0.0:43243|dataStream:|priority:0|startupRole:FOLLOWER, s14|rpc:0.0.0.0:41557|dataStream:|priority:0|startupRole:FOLLOWER, s2|rpc:0.0.0.0:40769|dataStream:|priority:0|startupRole:FOLLOWER]|listeners:[], old=null
2023-03-07 04:41:18,967 INFO  impl.LeaderElection (LogUtils.java:infoOrTrace(137)) - s14@group-3274576D874F-LeaderElection19 got exception when requesting votes: java.util.concurrent.ExecutionException: org.apache.ratis.protocol.exceptions.GroupMismatchException: s3: group-3274576D874F not found.
2023-03-07 04:41:18,967 INFO  server.RaftServer$Division (RaftServerImpl.java:requestVote(1302)) - s2@group-3274576D874F: receive requestVote(ELECTION, s14, group-3274576D874F, 2, (t:1, i:120))
2023-03-07 04:41:18,967 INFO  impl.VoteContext (VoteContext.java:log(49)) - s2@group-3274576D874F-FOLLOWER: accept ELECTION from s14: our priority 0 <= candidate's priority 0
2023-03-07 04:41:18,967 INFO  server.RaftServer$Division (ServerState.java:setLeader(260)) - s2@group-3274576D874F: change Leader from s3 to null at term 2 for updateCurrentTerm
2023-03-07 04:41:18,967 INFO  server.RaftServer$Division (RaftServerImpl.java:setRole(329)) - s2@group-3274576D874F: changes role from  FOLLOWER to FOLLOWER at term 2 for candidate:s14
2023-03-07 04:41:18,967 INFO  impl.RoleInfo (RoleInfo.java:shutdownFollowerState(110)) - s2: shutdown s2@group-3274576D874F-FollowerState
2023-03-07 04:41:18,967 INFO  impl.RoleInfo (RoleInfo.java:updateAndGet(139)) - s2: start s2@group-3274576D874F-FollowerState
2023-03-07 04:41:18,967 INFO  impl.FollowerState (FollowerState.java:run(152)) - s2@group-3274576D874F-FollowerState was interrupted
2023-03-07 04:41:18,968 INFO  server.RaftServer$Division (RaftServerImpl.java:requestVote(1335)) - s2@group-3274576D874F replies to ELECTION vote request: s14<-s2#0:OK-t2. Peer's state: s2@group-3274576D874F:t2, leader=null, voted=s14, raftlog=Memoized:s2@group-3274576D874F-SegmentedRaftLog:OPENED:c120, conf=0: peers:[s3|rpc:0.0.0.0:43243|dataStream:|priority:0|startupRole:FOLLOWER, s14|rpc:0.0.0.0:41557|dataStream:|priority:0|startupRole:FOLLOWER, s2|rpc:0.0.0.0:40769|dataStream:|priority:0|startupRole:FOLLOWER]|listeners:[], old=null
2023-03-07 04:41:18,969 INFO  impl.LeaderElection (LeaderElection.java:logAndReturn(89)) - s14@group-3274576D874F-LeaderElection19: ELECTION PASSED received 1 response(s) and 1 exception(s):
2023-03-07 04:41:18,969 INFO  impl.LeaderElection (LeaderElection.java:logAndReturn(93)) -   Response 0: s14<-s2#0:OK-t2
2023-03-07 04:41:18,969 INFO  impl.LeaderElection (LogUtils.java:infoOrTrace(137)) -   Exception 1: java.util.concurrent.ExecutionException: org.apache.ratis.protocol.exceptions.GroupMismatchException: s3: group-3274576D874F not found.
2023-03-07 04:41:18,969 INFO  impl.LeaderElection (LeaderElection.java:askForVotes(311)) - s14@group-3274576D874F-LeaderElection19 ELECTION round 0: result PASSED
2023-03-07 04:41:18,969 INFO  impl.RoleInfo (RoleInfo.java:shutdownLeaderElection(130)) - s14: shutdown s14@group-3274576D874F-LeaderElection19
2023-03-07 04:41:18,969 INFO  server.RaftServer$Division (RaftServerImpl.java:setRole(329)) - s14@group-3274576D874F: changes role from CANDIDATE to LEADER at term 2 for changeToLeader
2023-03-07 04:41:18,969 INFO  server.RaftServer$Division (ServerState.java:setLeader(260)) - s14@group-3274576D874F: change Leader from null to s14 at term 2 for becomeLeader, leader elected after 15ms
2023-03-07 04:41:18,969 INFO  server.RaftServerConfigKeys (ConfUtils.java:logGet(46)) - raft.server.staging.catchup.gap = 1000 (default)
2023-03-07 04:41:18,969 INFO  server.RaftServerConfigKeys (ConfUtils.java:logGet(46)) - raft.server.write.element-limit = 4096 (default)
2023-03-07 04:41:18,969 INFO  server.RaftServerConfigKeys (ConfUtils.java:logGet(46)) - raft.server.write.byte-limit = 64MB (=67108864) (default)
2023-03-07 04:41:18,969 INFO  server.RaftServerConfigKeys (ConfUtils.java:logGet(46)) - raft.server.watch.timeout = 10s (default)
2023-03-07 04:41:18,969 INFO  server.RaftServerConfigKeys (ConfUtils.java:logGet(46)) - raft.server.watch.timeout.denomination = 1s (default)
2023-03-07 04:41:18,969 INFO  server.RaftServerConfigKeys (ConfUtils.java:logGet(46)) - raft.server.watch.element-limit = 65536 (default)
2023-03-07 04:41:18,969 INFO  server.RaftServerConfigKeys (ConfUtils.java:logGet(46)) - raft.server.write.element-limit = 4096 (default)
2023-03-07 04:41:18,969 INFO  server.RaftServerConfigKeys (ConfUtils.java:logGet(46)) - raft.server.write.follower.gap.ratio.max = -1.0 (default)
2023-03-07 04:41:18,969 INFO  server.RaftServerConfigKeys (ConfUtils.java:logGet(46)) - raft.server.log.appender.snapshot.chunk.size.max = 16MB (=16777216) (default)
2023-03-07 04:41:18,969 INFO  server.RaftServerConfigKeys (ConfUtils.java:logGet(46)) - raft.server.log.appender.buffer.byte-limit = 4MB (=4194304) (default)
2023-03-07 04:41:18,969 INFO  server.RaftServerConfigKeys (ConfUtils.java:logGet(46)) - raft.server.log.appender.buffer.element-limit = 0 (default)
2023-03-07 04:41:18,970 INFO  server.RaftServerConfigKeys (ConfUtils.java:logGet(46)) - raft.server.log.appender.wait-time.min = 10ms (default)
2023-03-07 04:41:18,970 INFO  server.RaftServerConfigKeys (ConfUtils.java:logGet(46)) - raft.server.log.appender.snapshot.chunk.size.max = 16MB (=16777216) (default)
2023-03-07 04:41:18,970 INFO  server.RaftServerConfigKeys (ConfUtils.java:logGet(46)) - raft.server.log.appender.buffer.byte-limit = 4MB (=4194304) (default)
2023-03-07 04:41:18,970 INFO  server.RaftServerConfigKeys (ConfUtils.java:logGet(46)) - raft.server.log.appender.buffer.element-limit = 0 (default)
2023-03-07 04:41:18,970 INFO  server.RaftServerConfigKeys (ConfUtils.java:logGet(46)) - raft.server.log.appender.wait-time.min = 10ms (default)
2023-03-07 04:41:18,970 INFO  impl.RoleInfo (RoleInfo.java:updateAndGet(139)) - s14: start s14@group-3274576D874F-LeaderStateImpl
2023-03-07 04:41:18,970 INFO  segmented.SegmentedRaftLogWorker (SegmentedRaftLogWorker.java:rollLogSegment(431)) - s14@group-3274576D874F-SegmentedRaftLogWorker: Rolling segment log-0_120 to index:120
2023-03-07 04:41:18,971 TRACE util.FileUtils (LogUtils.java:runAndLog(49)) - Successfully ran Atomic Files.move /home/runner/work/ratis/ratis/ratis-examples/target/test/data/fa33b8e4/MiniRaftClusterWithNettye7083e71/s14/92c477b1-e109-4177-9a87-3274576d874f/current/log_inprogress_0 to /home/runner/work/ratis/ratis/ratis-examples/target/test/data/fa33b8e4/MiniRaftClusterWithNettye7083e71/s14/92c477b1-e109-4177-9a87-3274576d874f/current/log_0-120
2023-03-07 04:41:18,971 INFO  segmented.SegmentedRaftLogWorker (SegmentedRaftLogWorker.java:execute(587)) - s14@group-3274576D874F-SegmentedRaftLogWorker: Rolled log segment from /home/runner/work/ratis/ratis/ratis-examples/target/test/data/fa33b8e4/MiniRaftClusterWithNettye7083e71/s14/92c477b1-e109-4177-9a87-3274576d874f/current/log_inprogress_0 to /home/runner/work/ratis/ratis/ratis-examples/target/test/data/fa33b8e4/MiniRaftClusterWithNettye7083e71/s14/92c477b1-e109-4177-9a87-3274576d874f/current/log_0-120
2023-03-07 04:41:18,971 INFO  server.RaftServer$Division (ServerState.java:setRaftConf(378)) - s14@group-3274576D874F: set configuration 121: peers:[s3|rpc:0.0.0.0:43243|dataStream:|priority:0|startupRole:FOLLOWER, s14|rpc:0.0.0.0:41557|dataStream:|priority:0|startupRole:FOLLOWER, s2|rpc:0.0.0.0:40769|dataStream:|priority:0|startupRole:FOLLOWER]|listeners:[], old=null
2023-03-07 04:41:18,975 INFO  server.RaftServer$Division (ServerState.java:setLeader(260)) - s2@group-3274576D874F: change Leader from null to s14 at term 2 for appendEntries, leader elected after 7ms
2023-03-07 04:41:18,976 WARN  leader.LogAppender (LogAppenderDefault.java:sendAppendEntriesWithRetries(87)) - s14@group-3274576D874F->s3-LogAppenderDefault: Failed to appendEntries (retry=1): {}
org.apache.ratis.protocol.exceptions.GroupMismatchException: s3: group-3274576D874F not found.
	at org.apache.ratis.server.impl.RaftServerProxy$ImplMap.get(RaftServerProxy.java:153)
	at org.apache.ratis.server.impl.RaftServerProxy.getImplFuture(RaftServerProxy.java:359)
	at org.apache.ratis.server.impl.RaftServerProxy.getImpl(RaftServerProxy.java:368)
	at org.apache.ratis.server.impl.RaftServerProxy.getImpl(RaftServerProxy.java:363)
	at org.apache.ratis.server.impl.RaftServerProxy.appendEntries(RaftServerProxy.java:651)
	at org.apache.ratis.netty.server.NettyRpcService.handle(NettyRpcService.java:231)
	at org.apache.ratis.netty.server.NettyRpcService$InboundHandler.channelRead0(NettyRpcService.java:95)
	at org.apache.ratis.netty.server.NettyRpcService$InboundHandler.channelRead0(NettyRpcService.java:91)
	at org.apache.ratis.thirdparty.io.netty.channel.SimpleChannelInboundHandler.channelRead(SimpleChannelInboundHandler.java:99)
	at org.apache.ratis.thirdparty.io.netty.channel.AbstractChannelHandlerContext.invokeChannelRead(AbstractChannelHandlerContext.java:379)
	at org.apache.ratis.thirdparty.io.netty.channel.AbstractChannelHandlerContext.invokeChannelRead(AbstractChannelHandlerContext.java:365)
	at org.apache.ratis.thirdparty.io.netty.channel.AbstractChannelHandlerContext.fireChannelRead(AbstractChannelHandlerContext.java:357)
	at org.apache.ratis.thirdparty.io.netty.handler.codec.MessageToMessageDecoder.channelRead(MessageToMessageDecoder.java:103)
	at org.apache.ratis.thirdparty.io.netty.channel.AbstractChannelHandlerContext.invokeChannelRead(AbstractChannelHandlerContext.java:379)
	at org.apache.ratis.thirdparty.io.netty.channel.AbstractChannelHandlerContext.invokeChannelRead(AbstractChannelHandlerContext.java:365)
	at org.apache.ratis.thirdparty.io.netty.channel.AbstractChannelHandlerContext.fireChannelRead(AbstractChannelHandlerContext.java:357)
	at org.apache.ratis.thirdparty.io.netty.handler.codec.ByteToMessageDecoder.fireChannelRead(ByteToMessageDecoder.java:327)
	at org.apache.ratis.thirdparty.io.netty.handler.codec.ByteToMessageDecoder.channelRead(ByteToMessageDecoder.java:299)
	at org.apache.ratis.thirdparty.io.netty.channel.AbstractChannelHandlerContext.invokeChannelRead(AbstractChannelHandlerContext.java:379)
	at org.apache.ratis.thirdparty.io.netty.channel.AbstractChannelHandlerContext.invokeChannelRead(AbstractChannelHandlerContext.java:365)
	at org.apache.ratis.thirdparty.io.netty.channel.AbstractChannelHandlerContext.fireChannelRead(AbstractChannelHandlerContext.java:357)
	at org.apache.ratis.thirdparty.io.netty.channel.DefaultChannelPipeline$HeadContext.channelRead(DefaultChannelPipeline.java:1410)
	at org.apache.ratis.thirdparty.io.netty.channel.AbstractChannelHandlerContext.invokeChannelRead(AbstractChannelHandlerContext.java:379)
	at org.apache.ratis.thirdparty.io.netty.channel.AbstractChannelHandlerContext.invokeChannelRead(AbstractChannelHandlerContext.java:365)
	at org.apache.ratis.thirdparty.io.netty.channel.DefaultChannelPipeline.fireChannelRead(DefaultChannelPipeline.java:919)
	at org.apache.ratis.thirdparty.io.netty.channel.nio.AbstractNioByteChannel$NioByteUnsafe.read(AbstractNioByteChannel.java:166)
	at org.apache.ratis.thirdparty.io.netty.channel.nio.NioEventLoop.processSelectedKey(NioEventLoop.java:722)
	at org.apache.ratis.thirdparty.io.netty.channel.nio.NioEventLoop.processSelectedKeysOptimized(NioEventLoop.java:658)
	at org.apache.ratis.thirdparty.io.netty.channel.nio.NioEventLoop.processSelectedKeys(NioEventLoop.java:584)
	at org.apache.ratis.thirdparty.io.netty.channel.nio.NioEventLoop.run(NioEventLoop.java:496)
	at org.apache.ratis.thirdparty.io.netty.util.concurrent.SingleThreadEventExecutor$4.run(SingleThreadEventExecutor.java:995)
	at org.apache.ratis.thirdparty.io.netty.util.internal.ThreadExecutorMap$2.run(ThreadExecutorMap.java:74)
	at org.apache.ratis.thirdparty.io.netty.util.concurrent.FastThreadLocalRunnable.run(FastThreadLocalRunnable.java:30)
	at java.base/java.lang.Thread.run(Thread.java:829)
2023-03-07 04:41:18,979 DEBUG server.RaftServer$Division (RaftServerImpl.java:logAppendEntries(1429)) - s2@group-3274576D874F: receive appendEntries(s14, 2, (t:1, i:120), 120, true, commits:[s14:c120, s3:c120, s2:c120], cId:6992, entries: [(t:2, i:121), CONFIGURATIONENTRY(current:id: "s3"
address: "0.0.0.0:43243"
clientAddress: "0.0.0.0:43243"
adminAddress: "0.0.0.0:43243"
startupRole: FOLLOWER
,id: "s14"
address: "0.0.0.0:41557"
clientAddress: "0.0.0.0:41557"
adminAddress: "0.0.0.0:41557"
startupRole: FOLLOWER
,id: "s2"
address: "0.0.0.0:40769"
clientAddress: "0.0.0.0:40769"
adminAddress: "0.0.0.0:40769"
startupRole: FOLLOWER
, old:)]
2023-03-07 04:41:18,979 INFO  segmented.SegmentedRaftLogWorker (SegmentedRaftLogWorker.java:execute(630)) - s14@group-3274576D874F-SegmentedRaftLogWorker: created new log segment /home/runner/work/ratis/ratis/ratis-examples/target/test/data/fa33b8e4/MiniRaftClusterWithNettye7083e71/s14/92c477b1-e109-4177-9a87-3274576d874f/current/log_inprogress_121
2023-03-07 04:41:18,979 INFO  server.RaftServer$Division (ServerState.java:setRaftConf(378)) - s2@group-3274576D874F: set configuration 121: peers:[s3|rpc:0.0.0.0:43243|dataStream:|priority:0|startupRole:FOLLOWER, s14|rpc:0.0.0.0:41557|dataStream:|priority:0|startupRole:FOLLOWER, s2|rpc:0.0.0.0:40769|dataStream:|priority:0|startupRole:FOLLOWER]|listeners:[], old=null
2023-03-07 04:41:18,979 INFO  segmented.SegmentedRaftLogWorker (SegmentedRaftLogWorker.java:rollLogSegment(431)) - s2@group-3274576D874F-SegmentedRaftLogWorker: Rolling segment log-0_120 to index:120
2023-03-07 04:41:18,980 TRACE util.FileUtils (LogUtils.java:runAndLog(49)) - Successfully ran Atomic Files.move /home/runner/work/ratis/ratis/ratis-examples/target/test/data/fa33b8e4/MiniRaftClusterWithNettye7083e71/s2/92c477b1-e109-4177-9a87-3274576d874f/current/log_inprogress_0 to /home/runner/work/ratis/ratis/ratis-examples/target/test/data/fa33b8e4/MiniRaftClusterWithNettye7083e71/s2/92c477b1-e109-4177-9a87-3274576d874f/current/log_0-120
2023-03-07 04:41:18,980 INFO  segmented.SegmentedRaftLogWorker (SegmentedRaftLogWorker.java:execute(587)) - s2@group-3274576D874F-SegmentedRaftLogWorker: Rolled log segment from /home/runner/work/ratis/ratis/ratis-examples/target/test/data/fa33b8e4/MiniRaftClusterWithNettye7083e71/s2/92c477b1-e109-4177-9a87-3274576d874f/current/log_inprogress_0 to /home/runner/work/ratis/ratis/ratis-examples/target/test/data/fa33b8e4/MiniRaftClusterWithNettye7083e71/s2/92c477b1-e109-4177-9a87-3274576d874f/current/log_0-120
2023-03-07 04:41:18,987 INFO  segmented.SegmentedRaftLogWorker (SegmentedRaftLogWorker.java:execute(630)) - s2@group-3274576D874F-SegmentedRaftLogWorker: created new log segment /home/runner/work/ratis/ratis/ratis-examples/target/test/data/fa33b8e4/MiniRaftClusterWithNettye7083e71/s2/92c477b1-e109-4177-9a87-3274576d874f/current/log_inprogress_121
2023-03-07 04:41:18,988 DEBUG server.RaftServer$Division (RaftServerImpl.java:logAppendEntries(1429)) - s2@group-3274576D874F: succeeded to handle AppendEntries. Reply: s14<-s2#6992:OK-t2,SUCCESS,nextIndex=122,followerCommit=120,matchIndex=121
2023-03-07 04:41:18,988 DEBUG server.RaftServer$Division (RaftServerImpl.java:logAppendEntries(1429)) - s2@group-3274576D874F: receive appendEntries(s14, 2, (t:2, i:121), 121, true, commits:[s14:c121, s3:c120, s2:c120], cId:6993, entries: [(t:2, i:122), METADATAENTRY(c:121)]
2023-03-07 04:41:18,989 DEBUG server.RaftServer$Division (RaftServerImpl.java:logAppendEntries(1429)) - s2@group-3274576D874F: succeeded to handle AppendEntries. Reply: s14<-s2#6993:OK-t2,SUCCESS,nextIndex=123,followerCommit=121,matchIndex=122
2023-03-07 04:41:19,123 INFO  segmented.SegmentedRaftLogWorker (SegmentedRaftLogWorker.java:close(242)) - s3@group-3274576D874F-SegmentedRaftLogWorker close()
2023-03-07 04:41:19,124 TRACE util.FileUtils (FileUtils.java:deleteFully(201)) - deleteFully /home/runner/work/ratis/ratis/ratis-examples/target/test/data/fa33b8e4/MiniRaftClusterWithNettye7083e71/s3/92c477b1-e109-4177-9a87-3274576d874f
2023-03-07 04:41:19,124 TRACE util.FileUtils (LogUtils.java:runAndLog(49)) - Successfully ran Files.delete /home/runner/work/ratis/ratis/ratis-examples/target/test/data/fa33b8e4/MiniRaftClusterWithNettye7083e71/s3/92c477b1-e109-4177-9a87-3274576d874f/sm
2023-03-07 04:41:19,124 TRACE util.FileUtils (LogUtils.java:runAndLog(49)) - Successfully ran Files.delete /home/runner/work/ratis/ratis/ratis-examples/target/test/data/fa33b8e4/MiniRaftClusterWithNettye7083e71/s3/92c477b1-e109-4177-9a87-3274576d874f/in_use.lock
2023-03-07 04:41:19,124 TRACE util.FileUtils (LogUtils.java:runAndLog(49)) - Successfully ran Files.delete /home/runner/work/ratis/ratis/ratis-examples/target/test/data/fa33b8e4/MiniRaftClusterWithNettye7083e71/s3/92c477b1-e109-4177-9a87-3274576d874f/current/log_inprogress_0
2023-03-07 04:41:19,125 TRACE util.FileUtils (LogUtils.java:runAndLog(49)) - Successfully ran Files.delete /home/runner/work/ratis/ratis/ratis-examples/target/test/data/fa33b8e4/MiniRaftClusterWithNettye7083e71/s3/92c477b1-e109-4177-9a87-3274576d874f/current/raft-meta
2023-03-07 04:41:19,125 TRACE util.FileUtils (LogUtils.java:runAndLog(49)) - Successfully ran Files.delete /home/runner/work/ratis/ratis/ratis-examples/target/test/data/fa33b8e4/MiniRaftClusterWithNettye7083e71/s3/92c477b1-e109-4177-9a87-3274576d874f/current/raft-meta.conf
2023-03-07 04:41:19,125 TRACE util.FileUtils (LogUtils.java:runAndLog(49)) - Successfully ran Files.delete /home/runner/work/ratis/ratis/ratis-examples/target/test/data/fa33b8e4/MiniRaftClusterWithNettye7083e71/s3/92c477b1-e109-4177-9a87-3274576d874f/current
2023-03-07 04:41:19,125 TRACE util.FileUtils (LogUtils.java:runAndLog(49)) - Successfully ran Files.delete /home/runner/work/ratis/ratis/ratis-examples/target/test/data/fa33b8e4/MiniRaftClusterWithNettye7083e71/s3/92c477b1-e109-4177-9a87-3274576d874f
2023-03-07 04:41:19,125 INFO  server.RaftServer$Division (RaftServerImpl.java:groupRemove(436)) - s3@group-3274576D874F: Succeed to remove RaftStorageDirectory Storage Directory /home/runner/work/ratis/ratis/ratis-examples/target/test/data/fa33b8e4/MiniRaftClusterWithNettye7083e71/s3/92c477b1-e109-4177-9a87-3274576d874f
2023-03-07 04:41:19,131 INFO  logging.LoggingHandler (AbstractInternalLogger.java:log(148)) - [id: 0xdc2b15a4, L:/0.0.0.0:41557] READ: [id: 0x7e43b99c, L:/10.1.0.7:41557 - R:/10.1.0.7:55830]
2023-03-07 04:41:19,131 INFO  logging.LoggingHandler (AbstractInternalLogger.java:log(148)) - [id: 0xdc2b15a4, L:/0.0.0.0:41557] READ COMPLETE
2023-03-07 04:41:19,132 INFO  server.RaftServer (RaftServerProxy.java:remove(110)) - s14: remove    LEADER s14@group-3274576D874F:t2, leader=s14, voted=s14, raftlog=Memoized:s14@group-3274576D874F-SegmentedRaftLog:OPENED:c122, conf=121: peers:[s3|rpc:0.0.0.0:43243|dataStream:|priority:0|startupRole:FOLLOWER, s14|rpc:0.0.0.0:41557|dataStream:|priority:0|startupRole:FOLLOWER, s2|rpc:0.0.0.0:40769|dataStream:|priority:0|startupRole:FOLLOWER]|listeners:[], old=null RUNNING
2023-03-07 04:41:19,132 INFO  server.RaftServer$Division (RaftServerImpl.java:lambda$close$4(466)) - s14@group-3274576D874F: shutdown
2023-03-07 04:41:19,132 INFO  util.JmxRegister (JmxRegister.java:unregister(73)) - Successfully un-registered JMX Bean with object name Ratis:service=RaftServer,group=group-3274576D874F,id=s14
2023-03-07 04:41:19,132 INFO  impl.RoleInfo (RoleInfo.java:shutdownLeaderState(93)) - s14: shutdown s14@group-3274576D874F-LeaderStateImpl
2023-03-07 04:41:19,132 INFO  leader.LogAppenderDaemon (LogAppenderDaemon.java:run(83)) - s14@group-3274576D874F->s3-LogAppenderDefault-LogAppenderDaemon was interrupted: java.lang.InterruptedException: sleep interrupted
2023-03-07 04:41:19,132 INFO  impl.PendingRequests (PendingRequests.java:sendNotLeaderResponses(282)) - s14@group-3274576D874F-PendingRequests: sendNotLeaderResponses
2023-03-07 04:41:19,133 INFO  leader.LogAppenderDaemon (LogAppenderDaemon.java:run(83)) - s14@group-3274576D874F->s2-LogAppenderDefault-LogAppenderDaemon was interrupted: java.lang.InterruptedException
2023-03-07 04:41:19,133 INFO  impl.StateMachineUpdater (StateMachineUpdater.java:stopAndJoin(154)) - s14@group-3274576D874F-StateMachineUpdater: set stopIndex = 122
2023-03-07 04:41:19,133 INFO  server.RaftServer$Division (ServerState.java:close(414)) - s14@group-3274576D874F: applyIndex: -1
2023-03-07 04:41:19,989 INFO  segmented.SegmentedRaftLogWorker (SegmentedRaftLogWorker.java:close(242)) - s14@group-3274576D874F-SegmentedRaftLogWorker close()
2023-03-07 04:41:19,990 TRACE util.FileUtils (FileUtils.java:deleteFully(201)) - deleteFully /home/runner/work/ratis/ratis/ratis-examples/target/test/data/fa33b8e4/MiniRaftClusterWithNettye7083e71/s14/92c477b1-e109-4177-9a87-3274576d874f
2023-03-07 04:41:19,990 TRACE util.FileUtils (LogUtils.java:runAndLog(49)) - Successfully ran Files.delete /home/runner/work/ratis/ratis/ratis-examples/target/test/data/fa33b8e4/MiniRaftClusterWithNettye7083e71/s14/92c477b1-e109-4177-9a87-3274576d874f/sm
2023-03-07 04:41:19,990 TRACE util.FileUtils (LogUtils.java:runAndLog(49)) - Successfully ran Files.delete /home/runner/work/ratis/ratis/ratis-examples/target/test/data/fa33b8e4/MiniRaftClusterWithNettye7083e71/s14/92c477b1-e109-4177-9a87-3274576d874f/in_use.lock
2023-03-07 04:41:19,990 TRACE util.FileUtils (LogUtils.java:runAndLog(49)) - Successfully ran Files.delete /home/runner/work/ratis/ratis/ratis-examples/target/test/data/fa33b8e4/MiniRaftClusterWithNettye7083e71/s14/92c477b1-e109-4177-9a87-3274576d874f/current/raft-meta
2023-03-07 04:41:19,990 TRACE util.FileUtils (LogUtils.java:runAndLog(49)) - Successfully ran Files.delete /home/runner/work/ratis/ratis/ratis-examples/target/test/data/fa33b8e4/MiniRaftClusterWithNettye7083e71/s14/92c477b1-e109-4177-9a87-3274576d874f/current/log_inprogress_121
2023-03-07 04:41:19,991 TRACE util.FileUtils (LogUtils.java:runAndLog(49)) - Successfully ran Files.delete /home/runner/work/ratis/ratis/ratis-examples/target/test/data/fa33b8e4/MiniRaftClusterWithNettye7083e71/s14/92c477b1-e109-4177-9a87-3274576d874f/current/log_0-120
2023-03-07 04:41:19,991 TRACE util.FileUtils (LogUtils.java:runAndLog(49)) - Successfully ran Files.delete /home/runner/work/ratis/ratis/ratis-examples/target/test/data/fa33b8e4/MiniRaftClusterWithNettye7083e71/s14/92c477b1-e109-4177-9a87-3274576d874f/current/raft-meta.conf
2023-03-07 04:41:19,991 TRACE util.FileUtils (LogUtils.java:runAndLog(49)) - Successfully ran Files.delete /home/runner/work/ratis/ratis/ratis-examples/target/test/data/fa33b8e4/MiniRaftClusterWithNettye7083e71/s14/92c477b1-e109-4177-9a87-3274576d874f/current
2023-03-07 04:41:19,991 TRACE util.FileUtils (LogUtils.java:runAndLog(49)) - Successfully ran Files.delete /home/runner/work/ratis/ratis/ratis-examples/target/test/data/fa33b8e4/MiniRaftClusterWithNettye7083e71/s14/92c477b1-e109-4177-9a87-3274576d874f
2023-03-07 04:41:19,991 INFO  server.RaftServer$Division (RaftServerImpl.java:groupRemove(436)) - s14@group-3274576D874F: Succeed to remove RaftStorageDirectory Storage Directory /home/runner/work/ratis/ratis/ratis-examples/target/test/data/fa33b8e4/MiniRaftClusterWithNettye7083e71/s14/92c477b1-e109-4177-9a87-3274576d874f
2023-03-07 04:41:19,999 INFO  logging.LoggingHandler (AbstractInternalLogger.java:log(148)) - [id: 0x923fd090, L:/0.0.0.0:40769] READ: [id: 0x7a3ae45c, L:/10.1.0.7:40769 - R:/10.1.0.7:32986]
2023-03-07 04:41:20,000 INFO  logging.LoggingHandler (AbstractInternalLogger.java:log(148)) - [id: 0x923fd090, L:/0.0.0.0:40769] READ COMPLETE
2023-03-07 04:41:20,000 INFO  server.RaftServer (RaftServerProxy.java:remove(110)) - s2: remove  FOLLOWER s2@group-3274576D874F:t2, leader=s14, voted=s14, raftlog=Memoized:s2@group-3274576D874F-SegmentedRaftLog:OPENED:c121, conf=121: peers:[s3|rpc:0.0.0.0:43243|dataStream:|priority:0|startupRole:FOLLOWER, s14|rpc:0.0.0.0:41557|dataStream:|priority:0|startupRole:FOLLOWER, s2|rpc:0.0.0.0:40769|dataStream:|priority:0|startupRole:FOLLOWER]|listeners:[], old=null RUNNING
2023-03-07 04:41:20,001 INFO  server.RaftServer$Division (RaftServerImpl.java:lambda$close$4(466)) - s2@group-3274576D874F: shutdown
2023-03-07 04:41:20,001 INFO  util.JmxRegister (JmxRegister.java:unregister(73)) - Successfully un-registered JMX Bean with object name Ratis:service=RaftServer,group=group-3274576D874F,id=s2
2023-03-07 04:41:20,001 INFO  impl.RoleInfo (RoleInfo.java:shutdownFollowerState(110)) - s2: shutdown s2@group-3274576D874F-FollowerState
2023-03-07 04:41:20,001 INFO  impl.FollowerState (FollowerState.java:run(152)) - s2@group-3274576D874F-FollowerState was interrupted
2023-03-07 04:41:20,002 INFO  impl.StateMachineUpdater (StateMachineUpdater.java:stopAndJoin(154)) - s2@group-3274576D874F-StateMachineUpdater: set stopIndex = 121
2023-03-07 04:41:20,002 INFO  server.RaftServer$Division (ServerState.java:close(414)) - s2@group-3274576D874F: applyIndex: -1
2023-03-07 04:41:20,990 INFO  segmented.SegmentedRaftLogWorker (SegmentedRaftLogWorker.java:close(242)) - s2@group-3274576D874F-SegmentedRaftLogWorker close()
2023-03-07 04:41:20,990 TRACE util.FileUtils (FileUtils.java:deleteFully(201)) - deleteFully /home/runner/work/ratis/ratis/ratis-examples/target/test/data/fa33b8e4/MiniRaftClusterWithNettye7083e71/s2/92c477b1-e109-4177-9a87-3274576d874f
2023-03-07 04:41:20,991 TRACE util.FileUtils (LogUtils.java:runAndLog(49)) - Successfully ran Files.delete /home/runner/work/ratis/ratis/ratis-examples/target/test/data/fa33b8e4/MiniRaftClusterWithNettye7083e71/s2/92c477b1-e109-4177-9a87-3274576d874f/sm
2023-03-07 04:41:20,991 TRACE util.FileUtils (LogUtils.java:runAndLog(49)) - Successfully ran Files.delete /home/runner/work/ratis/ratis/ratis-examples/target/test/data/fa33b8e4/MiniRaftClusterWithNettye7083e71/s2/92c477b1-e109-4177-9a87-3274576d874f/in_use.lock
2023-03-07 04:41:20,991 TRACE util.FileUtils (LogUtils.java:runAndLog(49)) - Successfully ran Files.delete /home/runner/work/ratis/ratis/ratis-examples/target/test/data/fa33b8e4/MiniRaftClusterWithNettye7083e71/s2/92c477b1-e109-4177-9a87-3274576d874f/current/raft-meta
2023-03-07 04:41:20,991 TRACE util.FileUtils (LogUtils.java:runAndLog(49)) - Successfully ran Files.delete /home/runner/work/ratis/ratis/ratis-examples/target/test/data/fa33b8e4/MiniRaftClusterWithNettye7083e71/s2/92c477b1-e109-4177-9a87-3274576d874f/current/log_inprogress_121
2023-03-07 04:41:20,991 TRACE util.FileUtils (LogUtils.java:runAndLog(49)) - Successfully ran Files.delete /home/runner/work/ratis/ratis/ratis-examples/target/test/data/fa33b8e4/MiniRaftClusterWithNettye7083e71/s2/92c477b1-e109-4177-9a87-3274576d874f/current/log_0-120
2023-03-07 04:41:20,991 TRACE util.FileUtils (LogUtils.java:runAndLog(49)) - Successfully ran Files.delete /home/runner/work/ratis/ratis/ratis-examples/target/test/data/fa33b8e4/MiniRaftClusterWithNettye7083e71/s2/92c477b1-e109-4177-9a87-3274576d874f/current/raft-meta.conf
2023-03-07 04:41:20,991 TRACE util.FileUtils (LogUtils.java:runAndLog(49)) - Successfully ran Files.delete /home/runner/work/ratis/ratis/ratis-examples/target/test/data/fa33b8e4/MiniRaftClusterWithNettye7083e71/s2/92c477b1-e109-4177-9a87-3274576d874f/current
2023-03-07 04:41:20,991 TRACE util.FileUtils (LogUtils.java:runAndLog(49)) - Successfully ran Files.delete /home/runner/work/ratis/ratis/ratis-examples/target/test/data/fa33b8e4/MiniRaftClusterWithNettye7083e71/s2/92c477b1-e109-4177-9a87-3274576d874f
2023-03-07 04:41:20,991 INFO  server.RaftServer$Division (RaftServerImpl.java:groupRemove(436)) - s2@group-3274576D874F: Succeed to remove RaftStorageDirectory Storage Directory /home/runner/work/ratis/ratis/ratis-examples/target/test/data/fa33b8e4/MiniRaftClusterWithNettye7083e71/s2/92c477b1-e109-4177-9a87-3274576d874f
2023-03-07 04:41:20,993 INFO  impl.GroupManagementBaseTest (GroupManagementBaseTest.java:runMultiGroupTest(299)) - 3) close printing group-7D579A2BF85B
  s4:  RUNNING [
     LEADER s4@group-7D579A2BF85B:t1, leader=s4, voted=s4, raftlog=Memoized:s4@group-7D579A2BF85B-SegmentedRaftLog:OPENED:c120, conf=0: peers:[s4|rpc:0.0.0.0:34427|dataStream:|priority:0|startupRole:FOLLOWER, s5|rpc:0.0.0.0:35843|dataStream:|priority:0|startupRole:FOLLOWER, s6|rpc:0.0.0.0:43509|dataStream:|priority:0|startupRole:FOLLOWER]|listeners:[], old=null RUNNING
   FOLLOWER s4@group-FAA53D5BC7BE:t0, leader=null, voted=, raftlog=Memoized:s4@group-FAA53D5BC7BE-SegmentedRaftLog:OPENED:c-1, conf=-1: peers:[]|listeners:[], old=null STARTING] size=2
  s5:  RUNNING [
   FOLLOWER s5@group-7D579A2BF85B:t1, leader=s4, voted=s4, raftlog=Memoized:s5@group-7D579A2BF85B-SegmentedRaftLog:OPENED:c120, conf=0: peers:[s4|rpc:0.0.0.0:34427|dataStream:|priority:0|startupRole:FOLLOWER, s5|rpc:0.0.0.0:35843|dataStream:|priority:0|startupRole:FOLLOWER, s6|rpc:0.0.0.0:43509|dataStream:|priority:0|startupRole:FOLLOWER]|listeners:[], old=null RUNNING
   FOLLOWER s5@group-FAA53D5BC7BE:t0, leader=null, voted=, raftlog=Memoized:s5@group-FAA53D5BC7BE-SegmentedRaftLog:OPENED:c-1, conf=-1: peers:[]|listeners:[], old=null STARTING] size=2
  s6:  RUNNING [
   FOLLOWER s6@group-7D579A2BF85B:t1, leader=s4, voted=s4, raftlog=Memoized:s6@group-7D579A2BF85B-SegmentedRaftLog:OPENED:c120, conf=0: peers:[s4|rpc:0.0.0.0:34427|dataStream:|priority:0|startupRole:FOLLOWER, s5|rpc:0.0.0.0:35843|dataStream:|priority:0|startupRole:FOLLOWER, s6|rpc:0.0.0.0:43509|dataStream:|priority:0|startupRole:FOLLOWER]|listeners:[], old=null RUNNING
   FOLLOWER s6@group-FAA53D5BC7BE:t0, leader=null, voted=, raftlog=Memoized:s6@group-FAA53D5BC7BE-SegmentedRaftLog:OPENED:c-1, conf=-1: peers:[]|listeners:[], old=null STARTING] size=2
2023-03-07 04:41:20,994 INFO  logging.LoggingHandler (AbstractInternalLogger.java:log(148)) - [id: 0x93522211, L:/0.0.0.0:34427] READ: [id: 0x84d36cf6, L:/10.1.0.7:34427 - R:/10.1.0.7:36478]
2023-03-07 04:41:20,994 INFO  logging.LoggingHandler (AbstractInternalLogger.java:log(148)) - [id: 0x93522211, L:/0.0.0.0:34427] READ COMPLETE
2023-03-07 04:41:20,995 INFO  server.RaftServer (RaftServerProxy.java:remove(110)) - s4: remove    LEADER s4@group-7D579A2BF85B:t1, leader=s4, voted=s4, raftlog=Memoized:s4@group-7D579A2BF85B-SegmentedRaftLog:OPENED:c120, conf=0: peers:[s4|rpc:0.0.0.0:34427|dataStream:|priority:0|startupRole:FOLLOWER, s5|rpc:0.0.0.0:35843|dataStream:|priority:0|startupRole:FOLLOWER, s6|rpc:0.0.0.0:43509|dataStream:|priority:0|startupRole:FOLLOWER]|listeners:[], old=null RUNNING
2023-03-07 04:41:20,995 INFO  server.RaftServer$Division (RaftServerImpl.java:lambda$close$4(466)) - s4@group-7D579A2BF85B: shutdown
2023-03-07 04:41:20,996 INFO  util.JmxRegister (JmxRegister.java:unregister(73)) - Successfully un-registered JMX Bean with object name Ratis:service=RaftServer,group=group-7D579A2BF85B,id=s4
2023-03-07 04:41:20,996 INFO  impl.RoleInfo (RoleInfo.java:shutdownLeaderState(93)) - s4: shutdown s4@group-7D579A2BF85B-LeaderStateImpl
2023-03-07 04:41:20,996 INFO  leader.LogAppenderDaemon (LogAppenderDaemon.java:run(83)) - s4@group-7D579A2BF85B->s5-LogAppenderDefault-LogAppenderDaemon was interrupted: java.lang.InterruptedException
2023-03-07 04:41:20,996 INFO  impl.PendingRequests (PendingRequests.java:sendNotLeaderResponses(282)) - s4@group-7D579A2BF85B-PendingRequests: sendNotLeaderResponses
2023-03-07 04:41:20,996 INFO  leader.LogAppenderDaemon (LogAppenderDaemon.java:run(83)) - s4@group-7D579A2BF85B->s6-LogAppenderDefault-LogAppenderDaemon was interrupted: java.lang.InterruptedException
2023-03-07 04:41:20,997 INFO  impl.StateMachineUpdater (StateMachineUpdater.java:stopAndJoin(154)) - s4@group-7D579A2BF85B-StateMachineUpdater: set stopIndex = 120
2023-03-07 04:41:20,997 INFO  server.RaftServer$Division (ServerState.java:close(414)) - s4@group-7D579A2BF85B: applyIndex: -1
2023-03-07 04:41:21,387 INFO  segmented.SegmentedRaftLogWorker (SegmentedRaftLogWorker.java:close(242)) - s4@group-7D579A2BF85B-SegmentedRaftLogWorker close()
2023-03-07 04:41:21,387 TRACE util.FileUtils (FileUtils.java:deleteFully(201)) - deleteFully /home/runner/work/ratis/ratis/ratis-examples/target/test/data/fa33b8e4/MiniRaftClusterWithNettye7083e71/s4/d71204c1-a244-49f4-9ea2-7d579a2bf85b
2023-03-07 04:41:21,388 TRACE util.FileUtils (LogUtils.java:runAndLog(49)) - Successfully ran Files.delete /home/runner/work/ratis/ratis/ratis-examples/target/test/data/fa33b8e4/MiniRaftClusterWithNettye7083e71/s4/d71204c1-a244-49f4-9ea2-7d579a2bf85b/sm
2023-03-07 04:41:21,388 TRACE util.FileUtils (LogUtils.java:runAndLog(49)) - Successfully ran Files.delete /home/runner/work/ratis/ratis/ratis-examples/target/test/data/fa33b8e4/MiniRaftClusterWithNettye7083e71/s4/d71204c1-a244-49f4-9ea2-7d579a2bf85b/in_use.lock
2023-03-07 04:41:21,388 TRACE util.FileUtils (LogUtils.java:runAndLog(49)) - Successfully ran Files.delete /home/runner/work/ratis/ratis/ratis-examples/target/test/data/fa33b8e4/MiniRaftClusterWithNettye7083e71/s4/d71204c1-a244-49f4-9ea2-7d579a2bf85b/current/log_inprogress_0
2023-03-07 04:41:21,388 TRACE util.FileUtils (LogUtils.java:runAndLog(49)) - Successfully ran Files.delete /home/runner/work/ratis/ratis/ratis-examples/target/test/data/fa33b8e4/MiniRaftClusterWithNettye7083e71/s4/d71204c1-a244-49f4-9ea2-7d579a2bf85b/current/raft-meta
2023-03-07 04:41:21,388 TRACE util.FileUtils (LogUtils.java:runAndLog(49)) - Successfully ran Files.delete /home/runner/work/ratis/ratis/ratis-examples/target/test/data/fa33b8e4/MiniRaftClusterWithNettye7083e71/s4/d71204c1-a244-49f4-9ea2-7d579a2bf85b/current/raft-meta.conf
2023-03-07 04:41:21,388 TRACE util.FileUtils (LogUtils.java:runAndLog(49)) - Successfully ran Files.delete /home/runner/work/ratis/ratis/ratis-examples/target/test/data/fa33b8e4/MiniRaftClusterWithNettye7083e71/s4/d71204c1-a244-49f4-9ea2-7d579a2bf85b/current
2023-03-07 04:41:21,388 TRACE util.FileUtils (LogUtils.java:runAndLog(49)) - Successfully ran Files.delete /home/runner/work/ratis/ratis/ratis-examples/target/test/data/fa33b8e4/MiniRaftClusterWithNettye7083e71/s4/d71204c1-a244-49f4-9ea2-7d579a2bf85b
2023-03-07 04:41:21,388 INFO  server.RaftServer$Division (RaftServerImpl.java:groupRemove(436)) - s4@group-7D579A2BF85B: Succeed to remove RaftStorageDirectory Storage Directory /home/runner/work/ratis/ratis/ratis-examples/target/test/data/fa33b8e4/MiniRaftClusterWithNettye7083e71/s4/d71204c1-a244-49f4-9ea2-7d579a2bf85b
2023-03-07 04:41:21,394 INFO  logging.LoggingHandler (AbstractInternalLogger.java:log(148)) - [id: 0xaf09a42a, L:/0.0.0.0:35843] READ: [id: 0x3109b046, L:/10.1.0.7:35843 - R:/10.1.0.7:46536]
2023-03-07 04:41:21,395 INFO  logging.LoggingHandler (AbstractInternalLogger.java:log(148)) - [id: 0xaf09a42a, L:/0.0.0.0:35843] READ COMPLETE
2023-03-07 04:41:21,395 INFO  server.RaftServer (RaftServerProxy.java:remove(110)) - s5: remove  FOLLOWER s5@group-7D579A2BF85B:t1, leader=s4, voted=s4, raftlog=Memoized:s5@group-7D579A2BF85B-SegmentedRaftLog:OPENED:c120, conf=0: peers:[s4|rpc:0.0.0.0:34427|dataStream:|priority:0|startupRole:FOLLOWER, s5|rpc:0.0.0.0:35843|dataStream:|priority:0|startupRole:FOLLOWER, s6|rpc:0.0.0.0:43509|dataStream:|priority:0|startupRole:FOLLOWER]|listeners:[], old=null RUNNING
2023-03-07 04:41:21,395 INFO  server.RaftServer$Division (RaftServerImpl.java:lambda$close$4(466)) - s5@group-7D579A2BF85B: shutdown
2023-03-07 04:41:21,395 INFO  util.JmxRegister (JmxRegister.java:unregister(73)) - Successfully un-registered JMX Bean with object name Ratis:service=RaftServer,group=group-7D579A2BF85B,id=s5
2023-03-07 04:41:21,395 INFO  impl.RoleInfo (RoleInfo.java:shutdownFollowerState(110)) - s5: shutdown s5@group-7D579A2BF85B-FollowerState
2023-03-07 04:41:21,396 INFO  impl.FollowerState (FollowerState.java:run(152)) - s5@group-7D579A2BF85B-FollowerState was interrupted
2023-03-07 04:41:21,396 INFO  impl.StateMachineUpdater (StateMachineUpdater.java:stopAndJoin(154)) - s5@group-7D579A2BF85B-StateMachineUpdater: set stopIndex = 120
2023-03-07 04:41:21,396 INFO  server.RaftServer$Division (ServerState.java:close(414)) - s5@group-7D579A2BF85B: applyIndex: -1
2023-03-07 04:41:21,438 INFO  impl.FollowerState (FollowerState.java:run(143)) - s6@group-7D579A2BF85B-FollowerState: change to CANDIDATE, lastRpcElapsedTime:571622075ns, electionTimeout:510ms
2023-03-07 04:41:21,438 INFO  impl.RoleInfo (RoleInfo.java:shutdownFollowerState(110)) - s6: shutdown s6@group-7D579A2BF85B-FollowerState
2023-03-07 04:41:21,438 INFO  server.RaftServer$Division (RaftServerImpl.java:setRole(329)) - s6@group-7D579A2BF85B: changes role from  FOLLOWER to CANDIDATE at term 1 for changeToCandidate
2023-03-07 04:41:21,438 INFO  server.RaftServerConfigKeys (ConfUtils.java:logGet(46)) - raft.server.leaderelection.pre-vote = true (default)
2023-03-07 04:41:21,438 INFO  impl.RoleInfo (RoleInfo.java:updateAndGet(139)) - s6: start s6@group-7D579A2BF85B-LeaderElection20
2023-03-07 04:41:21,438 INFO  server.RaftServer$Division (ServerState.java:setLeader(260)) - s6@group-7D579A2BF85B: change Leader from s4 to null at term 1 for PRE_VOTE
2023-03-07 04:41:21,438 INFO  impl.LeaderElection (LeaderElection.java:askForVotes(309)) - s6@group-7D579A2BF85B-LeaderElection20 PRE_VOTE round 0: submit vote requests at term 1 for 0: peers:[s4|rpc:0.0.0.0:34427|dataStream:|priority:0|startupRole:FOLLOWER, s5|rpc:0.0.0.0:35843|dataStream:|priority:0|startupRole:FOLLOWER, s6|rpc:0.0.0.0:43509|dataStream:|priority:0|startupRole:FOLLOWER]|listeners:[], old=null
2023-03-07 04:41:21,440 INFO  logging.LoggingHandler (AbstractInternalLogger.java:log(148)) - [id: 0xaf09a42a, L:/0.0.0.0:35843] READ: [id: 0xcccc8f99, L:/10.1.0.7:35843 - R:/10.1.0.7:46548]
2023-03-07 04:41:21,440 INFO  logging.LoggingHandler (AbstractInternalLogger.java:log(148)) - [id: 0xaf09a42a, L:/0.0.0.0:35843] READ COMPLETE
2023-03-07 04:41:21,443 INFO  impl.LeaderElection (LogUtils.java:infoOrTrace(137)) - s6@group-7D579A2BF85B-LeaderElection20 got exception when requesting votes: java.util.concurrent.ExecutionException: org.apache.ratis.protocol.exceptions.GroupMismatchException: s5: group-7D579A2BF85B not found.
2023-03-07 04:41:21,444 INFO  logging.LoggingHandler (AbstractInternalLogger.java:log(148)) - [id: 0x93522211, L:/0.0.0.0:34427] READ: [id: 0xa72033fb, L:/10.1.0.7:34427 - R:/10.1.0.7:36488]
2023-03-07 04:41:21,444 INFO  logging.LoggingHandler (AbstractInternalLogger.java:log(148)) - [id: 0x93522211, L:/0.0.0.0:34427] READ COMPLETE
2023-03-07 04:41:21,446 INFO  impl.LeaderElection (LogUtils.java:infoOrTrace(137)) - s6@group-7D579A2BF85B-LeaderElection20 got exception when requesting votes: java.util.concurrent.ExecutionException: org.apache.ratis.protocol.exceptions.GroupMismatchException: s4: group-7D579A2BF85B not found.
2023-03-07 04:41:21,446 INFO  impl.LeaderElection (LeaderElection.java:logAndReturn(89)) - s6@group-7D579A2BF85B-LeaderElection20: PRE_VOTE REJECTED received 0 response(s) and 2 exception(s):
2023-03-07 04:41:21,446 INFO  impl.LeaderElection (LogUtils.java:infoOrTrace(137)) -   Exception 0: java.util.concurrent.ExecutionException: org.apache.ratis.protocol.exceptions.GroupMismatchException: s5: group-7D579A2BF85B not found.
2023-03-07 04:41:21,446 INFO  impl.LeaderElection (LogUtils.java:infoOrTrace(137)) -   Exception 1: java.util.concurrent.ExecutionException: org.apache.ratis.protocol.exceptions.GroupMismatchException: s4: group-7D579A2BF85B not found.
2023-03-07 04:41:21,446 INFO  impl.LeaderElection (LeaderElection.java:askForVotes(311)) - s6@group-7D579A2BF85B-LeaderElection20 PRE_VOTE round 0: result REJECTED
2023-03-07 04:41:21,446 INFO  server.RaftServer$Division (RaftServerImpl.java:setRole(329)) - s6@group-7D579A2BF85B: changes role from CANDIDATE to FOLLOWER at term 1 for REJECTED
2023-03-07 04:41:21,447 INFO  impl.RoleInfo (RoleInfo.java:shutdownLeaderElection(130)) - s6: shutdown s6@group-7D579A2BF85B-LeaderElection20
2023-03-07 04:41:21,447 INFO  impl.RoleInfo (RoleInfo.java:updateAndGet(139)) - s6: start s6@group-7D579A2BF85B-FollowerState
2023-03-07 04:41:21,890 INFO  impl.FollowerState (FollowerState.java:run(143)) - s6@group-7D579A2BF85B-FollowerState: change to CANDIDATE, lastRpcElapsedTime:443551440ns, electionTimeout:443ms
2023-03-07 04:41:21,890 INFO  impl.RoleInfo (RoleInfo.java:shutdownFollowerState(110)) - s6: shutdown s6@group-7D579A2BF85B-FollowerState
2023-03-07 04:41:21,890 INFO  server.RaftServer$Division (RaftServerImpl.java:setRole(329)) - s6@group-7D579A2BF85B: changes role from  FOLLOWER to CANDIDATE at term 1 for changeToCandidate
2023-03-07 04:41:21,890 INFO  server.RaftServerConfigKeys (ConfUtils.java:logGet(46)) - raft.server.leaderelection.pre-vote = true (default)
2023-03-07 04:41:21,890 INFO  impl.RoleInfo (RoleInfo.java:updateAndGet(139)) - s6: start s6@group-7D579A2BF85B-LeaderElection21
2023-03-07 04:41:21,891 INFO  impl.LeaderElection (LeaderElection.java:askForVotes(309)) - s6@group-7D579A2BF85B-LeaderElection21 PRE_VOTE round 0: submit vote requests at term 1 for 0: peers:[s4|rpc:0.0.0.0:34427|dataStream:|priority:0|startupRole:FOLLOWER, s5|rpc:0.0.0.0:35843|dataStream:|priority:0|startupRole:FOLLOWER, s6|rpc:0.0.0.0:43509|dataStream:|priority:0|startupRole:FOLLOWER]|listeners:[], old=null
2023-03-07 04:41:21,892 INFO  impl.LeaderElection (LogUtils.java:infoOrTrace(137)) - s6@group-7D579A2BF85B-LeaderElection21 got exception when requesting votes: java.util.concurrent.ExecutionException: org.apache.ratis.protocol.exceptions.GroupMismatchException: s5: group-7D579A2BF85B not found.
2023-03-07 04:41:21,893 INFO  impl.LeaderElection (LogUtils.java:infoOrTrace(137)) - s6@group-7D579A2BF85B-LeaderElection21 got exception when requesting votes: java.util.concurrent.ExecutionException: org.apache.ratis.protocol.exceptions.GroupMismatchException: s4: group-7D579A2BF85B not found.
2023-03-07 04:41:21,893 INFO  impl.LeaderElection (LeaderElection.java:logAndReturn(89)) - s6@group-7D579A2BF85B-LeaderElection21: PRE_VOTE REJECTED received 0 response(s) and 2 exception(s):
2023-03-07 04:41:21,893 INFO  impl.LeaderElection (LogUtils.java:infoOrTrace(137)) -   Exception 0: java.util.concurrent.ExecutionException: org.apache.ratis.protocol.exceptions.GroupMismatchException: s5: group-7D579A2BF85B not found.
2023-03-07 04:41:21,893 INFO  impl.LeaderElection (LogUtils.java:infoOrTrace(137)) -   Exception 1: java.util.concurrent.ExecutionException: org.apache.ratis.protocol.exceptions.GroupMismatchException: s4: group-7D579A2BF85B not found.
2023-03-07 04:41:21,893 INFO  impl.LeaderElection (LeaderElection.java:askForVotes(311)) - s6@group-7D579A2BF85B-LeaderElection21 PRE_VOTE round 0: result REJECTED
2023-03-07 04:41:21,893 INFO  server.RaftServer$Division (RaftServerImpl.java:setRole(329)) - s6@group-7D579A2BF85B: changes role from CANDIDATE to FOLLOWER at term 1 for REJECTED
2023-03-07 04:41:21,893 INFO  impl.RoleInfo (RoleInfo.java:shutdownLeaderElection(130)) - s6: shutdown s6@group-7D579A2BF85B-LeaderElection21
2023-03-07 04:41:21,893 INFO  impl.RoleInfo (RoleInfo.java:updateAndGet(139)) - s6: start s6@group-7D579A2BF85B-FollowerState
2023-03-07 04:41:22,387 INFO  segmented.SegmentedRaftLogWorker (SegmentedRaftLogWorker.java:close(242)) - s5@group-7D579A2BF85B-SegmentedRaftLogWorker close()
2023-03-07 04:41:22,388 TRACE util.FileUtils (FileUtils.java:deleteFully(201)) - deleteFully /home/runner/work/ratis/ratis/ratis-examples/target/test/data/fa33b8e4/MiniRaftClusterWithNettye7083e71/s5/d71204c1-a244-49f4-9ea2-7d579a2bf85b
2023-03-07 04:41:22,388 TRACE util.FileUtils (LogUtils.java:runAndLog(49)) - Successfully ran Files.delete /home/runner/work/ratis/ratis/ratis-examples/target/test/data/fa33b8e4/MiniRaftClusterWithNettye7083e71/s5/d71204c1-a244-49f4-9ea2-7d579a2bf85b/sm
2023-03-07 04:41:22,388 TRACE util.FileUtils (LogUtils.java:runAndLog(49)) - Successfully ran Files.delete /home/runner/work/ratis/ratis/ratis-examples/target/test/data/fa33b8e4/MiniRaftClusterWithNettye7083e71/s5/d71204c1-a244-49f4-9ea2-7d579a2bf85b/in_use.lock
2023-03-07 04:41:22,388 TRACE util.FileUtils (LogUtils.java:runAndLog(49)) - Successfully ran Files.delete /home/runner/work/ratis/ratis/ratis-examples/target/test/data/fa33b8e4/MiniRaftClusterWithNettye7083e71/s5/d71204c1-a244-49f4-9ea2-7d579a2bf85b/current/log_inprogress_0
2023-03-07 04:41:22,388 TRACE util.FileUtils (LogUtils.java:runAndLog(49)) - Successfully ran Files.delete /home/runner/work/ratis/ratis/ratis-examples/target/test/data/fa33b8e4/MiniRaftClusterWithNettye7083e71/s5/d71204c1-a244-49f4-9ea2-7d579a2bf85b/current/raft-meta
2023-03-07 04:41:22,388 TRACE util.FileUtils (LogUtils.java:runAndLog(49)) - Successfully ran Files.delete /home/runner/work/ratis/ratis/ratis-examples/target/test/data/fa33b8e4/MiniRaftClusterWithNettye7083e71/s5/d71204c1-a244-49f4-9ea2-7d579a2bf85b/current/raft-meta.conf
2023-03-07 04:41:22,388 TRACE util.FileUtils (LogUtils.java:runAndLog(49)) - Successfully ran Files.delete /home/runner/work/ratis/ratis/ratis-examples/target/test/data/fa33b8e4/MiniRaftClusterWithNettye7083e71/s5/d71204c1-a244-49f4-9ea2-7d579a2bf85b/current
2023-03-07 04:41:22,388 TRACE util.FileUtils (LogUtils.java:runAndLog(49)) - Successfully ran Files.delete /home/runner/work/ratis/ratis/ratis-examples/target/test/data/fa33b8e4/MiniRaftClusterWithNettye7083e71/s5/d71204c1-a244-49f4-9ea2-7d579a2bf85b
2023-03-07 04:41:22,388 INFO  server.RaftServer$Division (RaftServerImpl.java:groupRemove(436)) - s5@group-7D579A2BF85B: Succeed to remove RaftStorageDirectory Storage Directory /home/runner/work/ratis/ratis/ratis-examples/target/test/data/fa33b8e4/MiniRaftClusterWithNettye7083e71/s5/d71204c1-a244-49f4-9ea2-7d579a2bf85b
2023-03-07 04:41:22,392 INFO  logging.LoggingHandler (AbstractInternalLogger.java:log(148)) - [id: 0x331f7887, L:/0.0.0.0:43509] READ: [id: 0x72f43d6b, L:/10.1.0.7:43509 - R:/10.1.0.7:60478]
2023-03-07 04:41:22,392 INFO  logging.LoggingHandler (AbstractInternalLogger.java:log(148)) - [id: 0x331f7887, L:/0.0.0.0:43509] READ COMPLETE
2023-03-07 04:41:22,393 INFO  server.RaftServer (RaftServerProxy.java:remove(110)) - s6: remove  FOLLOWER s6@group-7D579A2BF85B:t1, leader=null, voted=s4, raftlog=Memoized:s6@group-7D579A2BF85B-SegmentedRaftLog:OPENED:c120, conf=0: peers:[s4|rpc:0.0.0.0:34427|dataStream:|priority:0|startupRole:FOLLOWER, s5|rpc:0.0.0.0:35843|dataStream:|priority:0|startupRole:FOLLOWER, s6|rpc:0.0.0.0:43509|dataStream:|priority:0|startupRole:FOLLOWER]|listeners:[], old=null RUNNING
2023-03-07 04:41:22,393 INFO  server.RaftServer$Division (RaftServerImpl.java:lambda$close$4(466)) - s6@group-7D579A2BF85B: shutdown
2023-03-07 04:41:22,393 INFO  util.JmxRegister (JmxRegister.java:unregister(73)) - Successfully un-registered JMX Bean with object name Ratis:service=RaftServer,group=group-7D579A2BF85B,id=s6
2023-03-07 04:41:22,393 INFO  impl.RoleInfo (RoleInfo.java:shutdownFollowerState(110)) - s6: shutdown s6@group-7D579A2BF85B-FollowerState
2023-03-07 04:41:22,393 INFO  impl.StateMachineUpdater (StateMachineUpdater.java:stopAndJoin(154)) - s6@group-7D579A2BF85B-StateMachineUpdater: set stopIndex = 120
2023-03-07 04:41:22,393 INFO  impl.FollowerState (FollowerState.java:run(152)) - s6@group-7D579A2BF85B-FollowerState was interrupted
2023-03-07 04:41:22,393 INFO  server.RaftServer$Division (ServerState.java:close(414)) - s6@group-7D579A2BF85B: applyIndex: -1
2023-03-07 04:41:23,387 INFO  segmented.SegmentedRaftLogWorker (SegmentedRaftLogWorker.java:close(242)) - s6@group-7D579A2BF85B-SegmentedRaftLogWorker close()
2023-03-07 04:41:23,388 TRACE util.FileUtils (FileUtils.java:deleteFully(201)) - deleteFully /home/runner/work/ratis/ratis/ratis-examples/target/test/data/fa33b8e4/MiniRaftClusterWithNettye7083e71/s6/d71204c1-a244-49f4-9ea2-7d579a2bf85b
2023-03-07 04:41:23,388 TRACE util.FileUtils (LogUtils.java:runAndLog(49)) - Successfully ran Files.delete /home/runner/work/ratis/ratis/ratis-examples/target/test/data/fa33b8e4/MiniRaftClusterWithNettye7083e71/s6/d71204c1-a244-49f4-9ea2-7d579a2bf85b/sm
2023-03-07 04:41:23,388 TRACE util.FileUtils (LogUtils.java:runAndLog(49)) - Successfully ran Files.delete /home/runner/work/ratis/ratis/ratis-examples/target/test/data/fa33b8e4/MiniRaftClusterWithNettye7083e71/s6/d71204c1-a244-49f4-9ea2-7d579a2bf85b/in_use.lock
2023-03-07 04:41:23,388 TRACE util.FileUtils (LogUtils.java:runAndLog(49)) - Successfully ran Files.delete /home/runner/work/ratis/ratis/ratis-examples/target/test/data/fa33b8e4/MiniRaftClusterWithNettye7083e71/s6/d71204c1-a244-49f4-9ea2-7d579a2bf85b/current/log_inprogress_0
2023-03-07 04:41:23,388 TRACE util.FileUtils (LogUtils.java:runAndLog(49)) - Successfully ran Files.delete /home/runner/work/ratis/ratis/ratis-examples/target/test/data/fa33b8e4/MiniRaftClusterWithNettye7083e71/s6/d71204c1-a244-49f4-9ea2-7d579a2bf85b/current/raft-meta
2023-03-07 04:41:23,388 TRACE util.FileUtils (LogUtils.java:runAndLog(49)) - Successfully ran Files.delete /home/runner/work/ratis/ratis/ratis-examples/target/test/data/fa33b8e4/MiniRaftClusterWithNettye7083e71/s6/d71204c1-a244-49f4-9ea2-7d579a2bf85b/current/raft-meta.conf
2023-03-07 04:41:23,388 TRACE util.FileUtils (LogUtils.java:runAndLog(49)) - Successfully ran Files.delete /home/runner/work/ratis/ratis/ratis-examples/target/test/data/fa33b8e4/MiniRaftClusterWithNettye7083e71/s6/d71204c1-a244-49f4-9ea2-7d579a2bf85b/current
2023-03-07 04:41:23,389 TRACE util.FileUtils (LogUtils.java:runAndLog(49)) - Successfully ran Files.delete /home/runner/work/ratis/ratis/ratis-examples/target/test/data/fa33b8e4/MiniRaftClusterWithNettye7083e71/s6/d71204c1-a244-49f4-9ea2-7d579a2bf85b
2023-03-07 04:41:23,389 INFO  server.RaftServer$Division (RaftServerImpl.java:groupRemove(436)) - s6@group-7D579A2BF85B: Succeed to remove RaftStorageDirectory Storage Directory /home/runner/work/ratis/ratis/ratis-examples/target/test/data/fa33b8e4/MiniRaftClusterWithNettye7083e71/s6/d71204c1-a244-49f4-9ea2-7d579a2bf85b
2023-03-07 04:41:23,390 INFO  impl.GroupManagementBaseTest (GroupManagementBaseTest.java:runMultiGroupTest(299)) - 4) close printing group-44F04D6AF308
  s7:  RUNNING [
     LEADER s7@group-44F04D6AF308:t1, leader=s7, voted=s7, raftlog=Memoized:s7@group-44F04D6AF308-SegmentedRaftLog:OPENED:c120, conf=0: peers:[s7|rpc:0.0.0.0:36409|dataStream:|priority:0|startupRole:FOLLOWER, s8|rpc:0.0.0.0:41505|dataStream:|priority:0|startupRole:FOLLOWER, s9|rpc:0.0.0.0:34365|dataStream:|priority:0|startupRole:FOLLOWER]|listeners:[], old=null RUNNING
   FOLLOWER s7@group-FAA53D5BC7BE:t0, leader=null, voted=, raftlog=Memoized:s7@group-FAA53D5BC7BE-SegmentedRaftLog:OPENED:c-1, conf=-1: peers:[]|listeners:[], old=null STARTING] size=2
  s8:  RUNNING [
   FOLLOWER s8@group-44F04D6AF308:t1, leader=s7, voted=s7, raftlog=Memoized:s8@group-44F04D6AF308-SegmentedRaftLog:OPENED:c120, conf=0: peers:[s7|rpc:0.0.0.0:36409|dataStream:|priority:0|startupRole:FOLLOWER, s8|rpc:0.0.0.0:41505|dataStream:|priority:0|startupRole:FOLLOWER, s9|rpc:0.0.0.0:34365|dataStream:|priority:0|startupRole:FOLLOWER]|listeners:[], old=null RUNNING
   FOLLOWER s8@group-FAA53D5BC7BE:t0, leader=null, voted=, raftlog=Memoized:s8@group-FAA53D5BC7BE-SegmentedRaftLog:OPENED:c-1, conf=-1: peers:[]|listeners:[], old=null STARTING] size=2
  s9:  RUNNING [
   FOLLOWER s9@group-44F04D6AF308:t1, leader=s7, voted=s7, raftlog=Memoized:s9@group-44F04D6AF308-SegmentedRaftLog:OPENED:c120, conf=0: peers:[s7|rpc:0.0.0.0:36409|dataStream:|priority:0|startupRole:FOLLOWER, s8|rpc:0.0.0.0:41505|dataStream:|priority:0|startupRole:FOLLOWER, s9|rpc:0.0.0.0:34365|dataStream:|priority:0|startupRole:FOLLOWER]|listeners:[], old=null RUNNING
   FOLLOWER s9@group-FAA53D5BC7BE:t0, leader=null, voted=, raftlog=Memoized:s9@group-FAA53D5BC7BE-SegmentedRaftLog:OPENED:c-1, conf=-1: peers:[]|listeners:[], old=null STARTING] size=2
2023-03-07 04:41:23,392 INFO  logging.LoggingHandler (AbstractInternalLogger.java:log(148)) - [id: 0x836ca548, L:/0.0.0.0:36409] READ: [id: 0xa0d442f6, L:/10.1.0.7:36409 - R:/10.1.0.7:46818]
2023-03-07 04:41:23,392 INFO  logging.LoggingHandler (AbstractInternalLogger.java:log(148)) - [id: 0x836ca548, L:/0.0.0.0:36409] READ COMPLETE
2023-03-07 04:41:23,394 INFO  server.RaftServer (RaftServerProxy.java:remove(110)) - s7: remove    LEADER s7@group-44F04D6AF308:t1, leader=s7, voted=s7, raftlog=Memoized:s7@group-44F04D6AF308-SegmentedRaftLog:OPENED:c120, conf=0: peers:[s7|rpc:0.0.0.0:36409|dataStream:|priority:0|startupRole:FOLLOWER, s8|rpc:0.0.0.0:41505|dataStream:|priority:0|startupRole:FOLLOWER, s9|rpc:0.0.0.0:34365|dataStream:|priority:0|startupRole:FOLLOWER]|listeners:[], old=null RUNNING
2023-03-07 04:41:23,394 INFO  server.RaftServer$Division (RaftServerImpl.java:lambda$close$4(466)) - s7@group-44F04D6AF308: shutdown
2023-03-07 04:41:23,394 INFO  util.JmxRegister (JmxRegister.java:unregister(73)) - Successfully un-registered JMX Bean with object name Ratis:service=RaftServer,group=group-44F04D6AF308,id=s7
2023-03-07 04:41:23,394 INFO  impl.RoleInfo (RoleInfo.java:shutdownLeaderState(93)) - s7: shutdown s7@group-44F04D6AF308-LeaderStateImpl
2023-03-07 04:41:23,394 INFO  impl.PendingRequests (PendingRequests.java:sendNotLeaderResponses(282)) - s7@group-44F04D6AF308-PendingRequests: sendNotLeaderResponses
2023-03-07 04:41:23,394 INFO  leader.LogAppenderDaemon (LogAppenderDaemon.java:run(83)) - s7@group-44F04D6AF308->s9-LogAppenderDefault-LogAppenderDaemon was interrupted: java.lang.InterruptedException
2023-03-07 04:41:23,394 INFO  leader.LogAppenderDaemon (LogAppenderDaemon.java:run(83)) - s7@group-44F04D6AF308->s8-LogAppenderDefault-LogAppenderDaemon was interrupted: java.lang.InterruptedException
2023-03-07 04:41:23,395 INFO  impl.StateMachineUpdater (StateMachineUpdater.java:stopAndJoin(154)) - s7@group-44F04D6AF308-StateMachineUpdater: set stopIndex = 120
2023-03-07 04:41:23,395 INFO  server.RaftServer$Division (ServerState.java:close(414)) - s7@group-44F04D6AF308: applyIndex: -1
2023-03-07 04:41:23,630 INFO  segmented.SegmentedRaftLogWorker (SegmentedRaftLogWorker.java:close(242)) - s7@group-44F04D6AF308-SegmentedRaftLogWorker close()
2023-03-07 04:41:23,631 TRACE util.FileUtils (FileUtils.java:deleteFully(201)) - deleteFully /home/runner/work/ratis/ratis/ratis-examples/target/test/data/fa33b8e4/MiniRaftClusterWithNettye7083e71/s7/67453e16-d74b-46e5-a424-44f04d6af308
2023-03-07 04:41:23,631 TRACE util.FileUtils (LogUtils.java:runAndLog(49)) - Successfully ran Files.delete /home/runner/work/ratis/ratis/ratis-examples/target/test/data/fa33b8e4/MiniRaftClusterWithNettye7083e71/s7/67453e16-d74b-46e5-a424-44f04d6af308/sm
2023-03-07 04:41:23,631 TRACE util.FileUtils (LogUtils.java:runAndLog(49)) - Successfully ran Files.delete /home/runner/work/ratis/ratis/ratis-examples/target/test/data/fa33b8e4/MiniRaftClusterWithNettye7083e71/s7/67453e16-d74b-46e5-a424-44f04d6af308/in_use.lock
2023-03-07 04:41:23,631 TRACE util.FileUtils (LogUtils.java:runAndLog(49)) - Successfully ran Files.delete /home/runner/work/ratis/ratis/ratis-examples/target/test/data/fa33b8e4/MiniRaftClusterWithNettye7083e71/s7/67453e16-d74b-46e5-a424-44f04d6af308/current/log_inprogress_0
2023-03-07 04:41:23,631 TRACE util.FileUtils (LogUtils.java:runAndLog(49)) - Successfully ran Files.delete /home/runner/work/ratis/ratis/ratis-examples/target/test/data/fa33b8e4/MiniRaftClusterWithNettye7083e71/s7/67453e16-d74b-46e5-a424-44f04d6af308/current/raft-meta
2023-03-07 04:41:23,631 TRACE util.FileUtils (LogUtils.java:runAndLog(49)) - Successfully ran Files.delete /home/runner/work/ratis/ratis/ratis-examples/target/test/data/fa33b8e4/MiniRaftClusterWithNettye7083e71/s7/67453e16-d74b-46e5-a424-44f04d6af308/current/raft-meta.conf
2023-03-07 04:41:23,631 TRACE util.FileUtils (LogUtils.java:runAndLog(49)) - Successfully ran Files.delete /home/runner/work/ratis/ratis/ratis-examples/target/test/data/fa33b8e4/MiniRaftClusterWithNettye7083e71/s7/67453e16-d74b-46e5-a424-44f04d6af308/current
2023-03-07 04:41:23,631 TRACE util.FileUtils (LogUtils.java:runAndLog(49)) - Successfully ran Files.delete /home/runner/work/ratis/ratis/ratis-examples/target/test/data/fa33b8e4/MiniRaftClusterWithNettye7083e71/s7/67453e16-d74b-46e5-a424-44f04d6af308
2023-03-07 04:41:23,631 INFO  server.RaftServer$Division (RaftServerImpl.java:groupRemove(436)) - s7@group-44F04D6AF308: Succeed to remove RaftStorageDirectory Storage Directory /home/runner/work/ratis/ratis/ratis-examples/target/test/data/fa33b8e4/MiniRaftClusterWithNettye7083e71/s7/67453e16-d74b-46e5-a424-44f04d6af308
2023-03-07 04:41:23,634 INFO  logging.LoggingHandler (AbstractInternalLogger.java:log(148)) - [id: 0xe229bbe1, L:/0.0.0.0:41505] READ: [id: 0xf8c2a4e0, L:/10.1.0.7:41505 - R:/10.1.0.7:43134]
2023-03-07 04:41:23,635 INFO  logging.LoggingHandler (AbstractInternalLogger.java:log(148)) - [id: 0xe229bbe1, L:/0.0.0.0:41505] READ COMPLETE
2023-03-07 04:41:23,637 INFO  server.RaftServer (RaftServerProxy.java:remove(110)) - s8: remove  FOLLOWER s8@group-44F04D6AF308:t1, leader=s7, voted=s7, raftlog=Memoized:s8@group-44F04D6AF308-SegmentedRaftLog:OPENED:c120, conf=0: peers:[s7|rpc:0.0.0.0:36409|dataStream:|priority:0|startupRole:FOLLOWER, s8|rpc:0.0.0.0:41505|dataStream:|priority:0|startupRole:FOLLOWER, s9|rpc:0.0.0.0:34365|dataStream:|priority:0|startupRole:FOLLOWER]|listeners:[], old=null RUNNING
2023-03-07 04:41:23,637 INFO  server.RaftServer$Division (RaftServerImpl.java:lambda$close$4(466)) - s8@group-44F04D6AF308: shutdown
2023-03-07 04:41:23,637 INFO  util.JmxRegister (JmxRegister.java:unregister(73)) - Successfully un-registered JMX Bean with object name Ratis:service=RaftServer,group=group-44F04D6AF308,id=s8
2023-03-07 04:41:23,637 INFO  impl.RoleInfo (RoleInfo.java:shutdownFollowerState(110)) - s8: shutdown s8@group-44F04D6AF308-FollowerState
2023-03-07 04:41:23,638 INFO  impl.FollowerState (FollowerState.java:run(152)) - s8@group-44F04D6AF308-FollowerState was interrupted
2023-03-07 04:41:23,638 INFO  impl.StateMachineUpdater (StateMachineUpdater.java:stopAndJoin(154)) - s8@group-44F04D6AF308-StateMachineUpdater: set stopIndex = 120
2023-03-07 04:41:23,638 INFO  server.RaftServer$Division (ServerState.java:close(414)) - s8@group-44F04D6AF308: applyIndex: -1
2023-03-07 04:41:23,738 INFO  impl.FollowerState (FollowerState.java:run(143)) - s9@group-44F04D6AF308-FollowerState: change to CANDIDATE, lastRpcElapsedTime:420414333ns, electionTimeout:363ms
2023-03-07 04:41:23,738 INFO  impl.RoleInfo (RoleInfo.java:shutdownFollowerState(110)) - s9: shutdown s9@group-44F04D6AF308-FollowerState
2023-03-07 04:41:23,738 INFO  server.RaftServer$Division (RaftServerImpl.java:setRole(329)) - s9@group-44F04D6AF308: changes role from  FOLLOWER to CANDIDATE at term 1 for changeToCandidate
2023-03-07 04:41:23,738 INFO  server.RaftServerConfigKeys (ConfUtils.java:logGet(46)) - raft.server.leaderelection.pre-vote = true (default)
2023-03-07 04:41:23,738 INFO  impl.RoleInfo (RoleInfo.java:updateAndGet(139)) - s9: start s9@group-44F04D6AF308-LeaderElection22
2023-03-07 04:41:23,738 INFO  server.RaftServer$Division (ServerState.java:setLeader(260)) - s9@group-44F04D6AF308: change Leader from s7 to null at term 1 for PRE_VOTE
2023-03-07 04:41:23,738 INFO  impl.LeaderElection (LeaderElection.java:askForVotes(309)) - s9@group-44F04D6AF308-LeaderElection22 PRE_VOTE round 0: submit vote requests at term 1 for 0: peers:[s7|rpc:0.0.0.0:36409|dataStream:|priority:0|startupRole:FOLLOWER, s8|rpc:0.0.0.0:41505|dataStream:|priority:0|startupRole:FOLLOWER, s9|rpc:0.0.0.0:34365|dataStream:|priority:0|startupRole:FOLLOWER]|listeners:[], old=null
2023-03-07 04:41:23,739 INFO  logging.LoggingHandler (AbstractInternalLogger.java:log(148)) - [id: 0xe229bbe1, L:/0.0.0.0:41505] READ: [id: 0x30a9535e, L:/10.1.0.7:41505 - R:/10.1.0.7:43148]
2023-03-07 04:41:23,740 INFO  logging.LoggingHandler (AbstractInternalLogger.java:log(148)) - [id: 0x836ca548, L:/0.0.0.0:36409] READ: [id: 0x40bf17dd, L:/10.1.0.7:36409 - R:/10.1.0.7:46834]
2023-03-07 04:41:23,740 INFO  logging.LoggingHandler (AbstractInternalLogger.java:log(148)) - [id: 0xe229bbe1, L:/0.0.0.0:41505] READ COMPLETE
2023-03-07 04:41:23,740 INFO  logging.LoggingHandler (AbstractInternalLogger.java:log(148)) - [id: 0x836ca548, L:/0.0.0.0:36409] READ COMPLETE
2023-03-07 04:41:23,742 INFO  impl.LeaderElection (LogUtils.java:infoOrTrace(137)) - s9@group-44F04D6AF308-LeaderElection22 got exception when requesting votes: java.util.concurrent.ExecutionException: org.apache.ratis.protocol.exceptions.GroupMismatchException: s7: group-44F04D6AF308 not found.
2023-03-07 04:41:23,742 INFO  impl.LeaderElection (LogUtils.java:infoOrTrace(137)) - s9@group-44F04D6AF308-LeaderElection22 got exception when requesting votes: java.util.concurrent.ExecutionException: org.apache.ratis.protocol.exceptions.GroupMismatchException: s8: group-44F04D6AF308 not found.
2023-03-07 04:41:23,742 INFO  impl.LeaderElection (LeaderElection.java:logAndReturn(89)) - s9@group-44F04D6AF308-LeaderElection22: PRE_VOTE REJECTED received 0 response(s) and 2 exception(s):
2023-03-07 04:41:23,742 INFO  impl.LeaderElection (LogUtils.java:infoOrTrace(137)) -   Exception 0: java.util.concurrent.ExecutionException: org.apache.ratis.protocol.exceptions.GroupMismatchException: s7: group-44F04D6AF308 not found.
2023-03-07 04:41:23,742 INFO  impl.LeaderElection (LogUtils.java:infoOrTrace(137)) -   Exception 1: java.util.concurrent.ExecutionException: org.apache.ratis.protocol.exceptions.GroupMismatchException: s8: group-44F04D6AF308 not found.
2023-03-07 04:41:23,742 INFO  impl.LeaderElection (LeaderElection.java:askForVotes(311)) - s9@group-44F04D6AF308-LeaderElection22 PRE_VOTE round 0: result REJECTED
2023-03-07 04:41:23,742 INFO  server.RaftServer$Division (RaftServerImpl.java:setRole(329)) - s9@group-44F04D6AF308: changes role from CANDIDATE to FOLLOWER at term 1 for REJECTED
2023-03-07 04:41:23,742 INFO  impl.RoleInfo (RoleInfo.java:shutdownLeaderElection(130)) - s9: shutdown s9@group-44F04D6AF308-LeaderElection22
2023-03-07 04:41:23,742 INFO  impl.RoleInfo (RoleInfo.java:updateAndGet(139)) - s9: start s9@group-44F04D6AF308-FollowerState
2023-03-07 04:41:24,093 INFO  impl.FollowerState (FollowerState.java:run(143)) - s9@group-44F04D6AF308-FollowerState: change to CANDIDATE, lastRpcElapsedTime:350672011ns, electionTimeout:349ms
2023-03-07 04:41:24,093 INFO  impl.RoleInfo (RoleInfo.java:shutdownFollowerState(110)) - s9: shutdown s9@group-44F04D6AF308-FollowerState
2023-03-07 04:41:24,093 INFO  server.RaftServer$Division (RaftServerImpl.java:setRole(329)) - s9@group-44F04D6AF308: changes role from  FOLLOWER to CANDIDATE at term 1 for changeToCandidate
2023-03-07 04:41:24,093 INFO  server.RaftServerConfigKeys (ConfUtils.java:logGet(46)) - raft.server.leaderelection.pre-vote = true (default)
2023-03-07 04:41:24,093 INFO  impl.RoleInfo (RoleInfo.java:updateAndGet(139)) - s9: start s9@group-44F04D6AF308-LeaderElection23
2023-03-07 04:41:24,094 INFO  impl.LeaderElection (LeaderElection.java:askForVotes(309)) - s9@group-44F04D6AF308-LeaderElection23 PRE_VOTE round 0: submit vote requests at term 1 for 0: peers:[s7|rpc:0.0.0.0:36409|dataStream:|priority:0|startupRole:FOLLOWER, s8|rpc:0.0.0.0:41505|dataStream:|priority:0|startupRole:FOLLOWER, s9|rpc:0.0.0.0:34365|dataStream:|priority:0|startupRole:FOLLOWER]|listeners:[], old=null
2023-03-07 04:41:24,095 INFO  impl.LeaderElection (LogUtils.java:infoOrTrace(137)) - s9@group-44F04D6AF308-LeaderElection23 got exception when requesting votes: java.util.concurrent.ExecutionException: org.apache.ratis.protocol.exceptions.GroupMismatchException: s8: group-44F04D6AF308 not found.
2023-03-07 04:41:24,101 INFO  impl.LeaderElection (LogUtils.java:infoOrTrace(137)) - s9@group-44F04D6AF308-LeaderElection23 got exception when requesting votes: java.util.concurrent.ExecutionException: org.apache.ratis.protocol.exceptions.GroupMismatchException: s7: group-44F04D6AF308 not found.
2023-03-07 04:41:24,101 INFO  impl.LeaderElection (LeaderElection.java:logAndReturn(89)) - s9@group-44F04D6AF308-LeaderElection23: PRE_VOTE REJECTED received 0 response(s) and 2 exception(s):
2023-03-07 04:41:24,101 INFO  impl.LeaderElection (LogUtils.java:infoOrTrace(137)) -   Exception 0: java.util.concurrent.ExecutionException: org.apache.ratis.protocol.exceptions.GroupMismatchException: s8: group-44F04D6AF308 not found.
2023-03-07 04:41:24,101 INFO  impl.LeaderElection (LogUtils.java:infoOrTrace(137)) -   Exception 1: java.util.concurrent.ExecutionException: org.apache.ratis.protocol.exceptions.GroupMismatchException: s7: group-44F04D6AF308 not found.
2023-03-07 04:41:24,101 INFO  impl.LeaderElection (LeaderElection.java:askForVotes(311)) - s9@group-44F04D6AF308-LeaderElection23 PRE_VOTE round 0: result REJECTED
2023-03-07 04:41:24,101 INFO  server.RaftServer$Division (RaftServerImpl.java:setRole(329)) - s9@group-44F04D6AF308: changes role from CANDIDATE to FOLLOWER at term 1 for REJECTED
2023-03-07 04:41:24,101 INFO  impl.RoleInfo (RoleInfo.java:shutdownLeaderElection(130)) - s9: shutdown s9@group-44F04D6AF308-LeaderElection23
2023-03-07 04:41:24,101 INFO  impl.RoleInfo (RoleInfo.java:updateAndGet(139)) - s9: start s9@group-44F04D6AF308-FollowerState
2023-03-07 04:41:24,524 INFO  impl.FollowerState (FollowerState.java:run(143)) - s9@group-44F04D6AF308-FollowerState: change to CANDIDATE, lastRpcElapsedTime:423055433ns, electionTimeout:418ms
2023-03-07 04:41:24,524 INFO  impl.RoleInfo (RoleInfo.java:shutdownFollowerState(110)) - s9: shutdown s9@group-44F04D6AF308-FollowerState
2023-03-07 04:41:24,524 INFO  server.RaftServer$Division (RaftServerImpl.java:setRole(329)) - s9@group-44F04D6AF308: changes role from  FOLLOWER to CANDIDATE at term 1 for changeToCandidate
2023-03-07 04:41:24,524 INFO  server.RaftServerConfigKeys (ConfUtils.java:logGet(46)) - raft.server.leaderelection.pre-vote = true (default)
2023-03-07 04:41:24,524 INFO  impl.RoleInfo (RoleInfo.java:updateAndGet(139)) - s9: start s9@group-44F04D6AF308-LeaderElection24
2023-03-07 04:41:24,525 INFO  impl.LeaderElection (LeaderElection.java:askForVotes(309)) - s9@group-44F04D6AF308-LeaderElection24 PRE_VOTE round 0: submit vote requests at term 1 for 0: peers:[s7|rpc:0.0.0.0:36409|dataStream:|priority:0|startupRole:FOLLOWER, s8|rpc:0.0.0.0:41505|dataStream:|priority:0|startupRole:FOLLOWER, s9|rpc:0.0.0.0:34365|dataStream:|priority:0|startupRole:FOLLOWER]|listeners:[], old=null
2023-03-07 04:41:24,527 INFO  impl.LeaderElection (LogUtils.java:infoOrTrace(137)) - s9@group-44F04D6AF308-LeaderElection24 got exception when requesting votes: java.util.concurrent.ExecutionException: org.apache.ratis.protocol.exceptions.GroupMismatchException: s8: group-44F04D6AF308 not found.
2023-03-07 04:41:24,530 INFO  impl.LeaderElection (LogUtils.java:infoOrTrace(137)) - s9@group-44F04D6AF308-LeaderElection24 got exception when requesting votes: java.util.concurrent.ExecutionException: org.apache.ratis.protocol.exceptions.GroupMismatchException: s7: group-44F04D6AF308 not found.
2023-03-07 04:41:24,530 INFO  impl.LeaderElection (LeaderElection.java:logAndReturn(89)) - s9@group-44F04D6AF308-LeaderElection24: PRE_VOTE REJECTED received 0 response(s) and 2 exception(s):
2023-03-07 04:41:24,530 INFO  impl.LeaderElection (LogUtils.java:infoOrTrace(137)) -   Exception 0: java.util.concurrent.ExecutionException: org.apache.ratis.protocol.exceptions.GroupMismatchException: s8: group-44F04D6AF308 not found.
2023-03-07 04:41:24,530 INFO  impl.LeaderElection (LogUtils.java:infoOrTrace(137)) -   Exception 1: java.util.concurrent.ExecutionException: org.apache.ratis.protocol.exceptions.GroupMismatchException: s7: group-44F04D6AF308 not found.
2023-03-07 04:41:24,530 INFO  impl.LeaderElection (LeaderElection.java:askForVotes(311)) - s9@group-44F04D6AF308-LeaderElection24 PRE_VOTE round 0: result REJECTED
2023-03-07 04:41:24,530 INFO  server.RaftServer$Division (RaftServerImpl.java:setRole(329)) - s9@group-44F04D6AF308: changes role from CANDIDATE to FOLLOWER at term 1 for REJECTED
2023-03-07 04:41:24,530 INFO  impl.RoleInfo (RoleInfo.java:shutdownLeaderElection(130)) - s9: shutdown s9@group-44F04D6AF308-LeaderElection24
2023-03-07 04:41:24,530 INFO  impl.RoleInfo (RoleInfo.java:updateAndGet(139)) - s9: start s9@group-44F04D6AF308-FollowerState
2023-03-07 04:41:24,631 INFO  segmented.SegmentedRaftLogWorker (SegmentedRaftLogWorker.java:close(242)) - s8@group-44F04D6AF308-SegmentedRaftLogWorker close()
2023-03-07 04:41:24,632 TRACE util.FileUtils (FileUtils.java:deleteFully(201)) - deleteFully /home/runner/work/ratis/ratis/ratis-examples/target/test/data/fa33b8e4/MiniRaftClusterWithNettye7083e71/s8/67453e16-d74b-46e5-a424-44f04d6af308
2023-03-07 04:41:24,632 TRACE util.FileUtils (LogUtils.java:runAndLog(49)) - Successfully ran Files.delete /home/runner/work/ratis/ratis/ratis-examples/target/test/data/fa33b8e4/MiniRaftClusterWithNettye7083e71/s8/67453e16-d74b-46e5-a424-44f04d6af308/sm
2023-03-07 04:41:24,632 TRACE util.FileUtils (LogUtils.java:runAndLog(49)) - Successfully ran Files.delete /home/runner/work/ratis/ratis/ratis-examples/target/test/data/fa33b8e4/MiniRaftClusterWithNettye7083e71/s8/67453e16-d74b-46e5-a424-44f04d6af308/in_use.lock
2023-03-07 04:41:24,632 TRACE util.FileUtils (LogUtils.java:runAndLog(49)) - Successfully ran Files.delete /home/runner/work/ratis/ratis/ratis-examples/target/test/data/fa33b8e4/MiniRaftClusterWithNettye7083e71/s8/67453e16-d74b-46e5-a424-44f04d6af308/current/log_inprogress_0
2023-03-07 04:41:24,633 TRACE util.FileUtils (LogUtils.java:runAndLog(49)) - Successfully ran Files.delete /home/runner/work/ratis/ratis/ratis-examples/target/test/data/fa33b8e4/MiniRaftClusterWithNettye7083e71/s8/67453e16-d74b-46e5-a424-44f04d6af308/current/raft-meta
2023-03-07 04:41:24,633 TRACE util.FileUtils (LogUtils.java:runAndLog(49)) - Successfully ran Files.delete /home/runner/work/ratis/ratis/ratis-examples/target/test/data/fa33b8e4/MiniRaftClusterWithNettye7083e71/s8/67453e16-d74b-46e5-a424-44f04d6af308/current/raft-meta.conf
2023-03-07 04:41:24,633 TRACE util.FileUtils (LogUtils.java:runAndLog(49)) - Successfully ran Files.delete /home/runner/work/ratis/ratis/ratis-examples/target/test/data/fa33b8e4/MiniRaftClusterWithNettye7083e71/s8/67453e16-d74b-46e5-a424-44f04d6af308/current
2023-03-07 04:41:24,633 TRACE util.FileUtils (LogUtils.java:runAndLog(49)) - Successfully ran Files.delete /home/runner/work/ratis/ratis/ratis-examples/target/test/data/fa33b8e4/MiniRaftClusterWithNettye7083e71/s8/67453e16-d74b-46e5-a424-44f04d6af308
2023-03-07 04:41:24,633 INFO  server.RaftServer$Division (RaftServerImpl.java:groupRemove(436)) - s8@group-44F04D6AF308: Succeed to remove RaftStorageDirectory Storage Directory /home/runner/work/ratis/ratis/ratis-examples/target/test/data/fa33b8e4/MiniRaftClusterWithNettye7083e71/s8/67453e16-d74b-46e5-a424-44f04d6af308
2023-03-07 04:41:24,639 INFO  logging.LoggingHandler (AbstractInternalLogger.java:log(148)) - [id: 0xe59a881d, L:/0.0.0.0:34365] READ: [id: 0xb58e2277, L:/10.1.0.7:34365 - R:/10.1.0.7:43248]
2023-03-07 04:41:24,639 INFO  logging.LoggingHandler (AbstractInternalLogger.java:log(148)) - [id: 0xe59a881d, L:/0.0.0.0:34365] READ COMPLETE
2023-03-07 04:41:24,640 INFO  server.RaftServer (RaftServerProxy.java:remove(110)) - s9: remove  FOLLOWER s9@group-44F04D6AF308:t1, leader=null, voted=s7, raftlog=Memoized:s9@group-44F04D6AF308-SegmentedRaftLog:OPENED:c120, conf=0: peers:[s7|rpc:0.0.0.0:36409|dataStream:|priority:0|startupRole:FOLLOWER, s8|rpc:0.0.0.0:41505|dataStream:|priority:0|startupRole:FOLLOWER, s9|rpc:0.0.0.0:34365|dataStream:|priority:0|startupRole:FOLLOWER]|listeners:[], old=null RUNNING
2023-03-07 04:41:24,640 INFO  server.RaftServer$Division (RaftServerImpl.java:lambda$close$4(466)) - s9@group-44F04D6AF308: shutdown
2023-03-07 04:41:24,640 INFO  util.JmxRegister (JmxRegister.java:unregister(73)) - Successfully un-registered JMX Bean with object name Ratis:service=RaftServer,group=group-44F04D6AF308,id=s9
2023-03-07 04:41:24,640 INFO  impl.RoleInfo (RoleInfo.java:shutdownFollowerState(110)) - s9: shutdown s9@group-44F04D6AF308-FollowerState
2023-03-07 04:41:24,640 INFO  impl.StateMachineUpdater (StateMachineUpdater.java:stopAndJoin(154)) - s9@group-44F04D6AF308-StateMachineUpdater: set stopIndex = 120
2023-03-07 04:41:24,640 INFO  impl.FollowerState (FollowerState.java:run(152)) - s9@group-44F04D6AF308-FollowerState was interrupted
2023-03-07 04:41:24,640 INFO  server.RaftServer$Division (ServerState.java:close(414)) - s9@group-44F04D6AF308: applyIndex: -1
2023-03-07 04:41:25,631 INFO  segmented.SegmentedRaftLogWorker (SegmentedRaftLogWorker.java:close(242)) - s9@group-44F04D6AF308-SegmentedRaftLogWorker close()
2023-03-07 04:41:25,632 TRACE util.FileUtils (FileUtils.java:deleteFully(201)) - deleteFully /home/runner/work/ratis/ratis/ratis-examples/target/test/data/fa33b8e4/MiniRaftClusterWithNettye7083e71/s9/67453e16-d74b-46e5-a424-44f04d6af308
2023-03-07 04:41:25,632 TRACE util.FileUtils (LogUtils.java:runAndLog(49)) - Successfully ran Files.delete /home/runner/work/ratis/ratis/ratis-examples/target/test/data/fa33b8e4/MiniRaftClusterWithNettye7083e71/s9/67453e16-d74b-46e5-a424-44f04d6af308/sm
2023-03-07 04:41:25,632 TRACE util.FileUtils (LogUtils.java:runAndLog(49)) - Successfully ran Files.delete /home/runner/work/ratis/ratis/ratis-examples/target/test/data/fa33b8e4/MiniRaftClusterWithNettye7083e71/s9/67453e16-d74b-46e5-a424-44f04d6af308/in_use.lock
2023-03-07 04:41:25,632 TRACE util.FileUtils (LogUtils.java:runAndLog(49)) - Successfully ran Files.delete /home/runner/work/ratis/ratis/ratis-examples/target/test/data/fa33b8e4/MiniRaftClusterWithNettye7083e71/s9/67453e16-d74b-46e5-a424-44f04d6af308/current/log_inprogress_0
2023-03-07 04:41:25,633 TRACE util.FileUtils (LogUtils.java:runAndLog(49)) - Successfully ran Files.delete /home/runner/work/ratis/ratis/ratis-examples/target/test/data/fa33b8e4/MiniRaftClusterWithNettye7083e71/s9/67453e16-d74b-46e5-a424-44f04d6af308/current/raft-meta
2023-03-07 04:41:25,633 TRACE util.FileUtils (LogUtils.java:runAndLog(49)) - Successfully ran Files.delete /home/runner/work/ratis/ratis/ratis-examples/target/test/data/fa33b8e4/MiniRaftClusterWithNettye7083e71/s9/67453e16-d74b-46e5-a424-44f04d6af308/current/raft-meta.conf
2023-03-07 04:41:25,633 TRACE util.FileUtils (LogUtils.java:runAndLog(49)) - Successfully ran Files.delete /home/runner/work/ratis/ratis/ratis-examples/target/test/data/fa33b8e4/MiniRaftClusterWithNettye7083e71/s9/67453e16-d74b-46e5-a424-44f04d6af308/current
2023-03-07 04:41:25,633 TRACE util.FileUtils (LogUtils.java:runAndLog(49)) - Successfully ran Files.delete /home/runner/work/ratis/ratis/ratis-examples/target/test/data/fa33b8e4/MiniRaftClusterWithNettye7083e71/s9/67453e16-d74b-46e5-a424-44f04d6af308
2023-03-07 04:41:25,633 INFO  server.RaftServer$Division (RaftServerImpl.java:groupRemove(436)) - s9@group-44F04D6AF308: Succeed to remove RaftStorageDirectory Storage Directory /home/runner/work/ratis/ratis/ratis-examples/target/test/data/fa33b8e4/MiniRaftClusterWithNettye7083e71/s9/67453e16-d74b-46e5-a424-44f04d6af308
| MiniRaftClusterWithNetty[3, 6, 9, 12, 15]chosen=1 | close groups | 269 |
2023-03-07 04:41:25,635 INFO  impl.GroupManagementBaseTest (GroupManagementBaseTest.java:runMultiGroupTest(316)) - close groups: printing ALL groups
  s3:  RUNNING  FOLLOWER s3@group-FAA53D5BC7BE:t0, leader=null, voted=, raftlog=Memoized:s3@group-FAA53D5BC7BE-SegmentedRaftLog:OPENED:c-1, conf=-1: peers:[]|listeners:[], old=null STARTING
  s4:  RUNNING  FOLLOWER s4@group-FAA53D5BC7BE:t0, leader=null, voted=, raftlog=Memoized:s4@group-FAA53D5BC7BE-SegmentedRaftLog:OPENED:c-1, conf=-1: peers:[]|listeners:[], old=null STARTING
  s5:  RUNNING  FOLLOWER s5@group-FAA53D5BC7BE:t0, leader=null, voted=, raftlog=Memoized:s5@group-FAA53D5BC7BE-SegmentedRaftLog:OPENED:c-1, conf=-1: peers:[]|listeners:[], old=null STARTING
  s6:  RUNNING  FOLLOWER s6@group-FAA53D5BC7BE:t0, leader=null, voted=, raftlog=Memoized:s6@group-FAA53D5BC7BE-SegmentedRaftLog:OPENED:c-1, conf=-1: peers:[]|listeners:[], old=null STARTING
  s7:  RUNNING  FOLLOWER s7@group-FAA53D5BC7BE:t0, leader=null, voted=, raftlog=Memoized:s7@group-FAA53D5BC7BE-SegmentedRaftLog:OPENED:c-1, conf=-1: peers:[]|listeners:[], old=null STARTING
  s8:  RUNNING  FOLLOWER s8@group-FAA53D5BC7BE:t0, leader=null, voted=, raftlog=Memoized:s8@group-FAA53D5BC7BE-SegmentedRaftLog:OPENED:c-1, conf=-1: peers:[]|listeners:[], old=null STARTING
  s9:  RUNNING  FOLLOWER s9@group-FAA53D5BC7BE:t0, leader=null, voted=, raftlog=Memoized:s9@group-FAA53D5BC7BE-SegmentedRaftLog:OPENED:c-1, conf=-1: peers:[]|listeners:[], old=null STARTING
  s11:  RUNNING [
   FOLLOWER s11@group-FAA53D5BC7BE:t0, leader=null, voted=, raftlog=Memoized:s11@group-FAA53D5BC7BE-SegmentedRaftLog:OPENED:c-1, conf=-1: peers:[]|listeners:[], old=null STARTING
     LEADER s11@group-A82F1EDBF13F:t1, leader=s11, voted=s11, raftlog=Memoized:s11@group-A82F1EDBF13F-SegmentedRaftLog:OPENED:c120, conf=0: peers:[s11|rpc:0.0.0.0:44621|dataStream:|priority:0|startupRole:FOLLOWER, s13|rpc:0.0.0.0:33759|dataStream:|priority:0|startupRole:FOLLOWER, s12|rpc:0.0.0.0:43391|dataStream:|priority:0|startupRole:FOLLOWER]|listeners:[], old=null RUNNING] size=2
  s10:  RUNNING  FOLLOWER s10@group-FAA53D5BC7BE:t0, leader=null, voted=, raftlog=Memoized:s10@group-FAA53D5BC7BE-SegmentedRaftLog:OPENED:c-1, conf=-1: peers:[]|listeners:[], old=null STARTING
  s13:  RUNNING [
   FOLLOWER s13@group-FAA53D5BC7BE:t0, leader=null, voted=, raftlog=Memoized:s13@group-FAA53D5BC7BE-SegmentedRaftLog:OPENED:c-1, conf=-1: peers:[]|listeners:[], old=null STARTING
   FOLLOWER s13@group-A82F1EDBF13F:t1, leader=s11, voted=s11, raftlog=Memoized:s13@group-A82F1EDBF13F-SegmentedRaftLog:OPENED:c120, conf=0: peers:[s11|rpc:0.0.0.0:44621|dataStream:|priority:0|startupRole:FOLLOWER, s13|rpc:0.0.0.0:33759|dataStream:|priority:0|startupRole:FOLLOWER, s12|rpc:0.0.0.0:43391|dataStream:|priority:0|startupRole:FOLLOWER]|listeners:[], old=null RUNNING] size=2
  s12:  RUNNING [
   FOLLOWER s12@group-FAA53D5BC7BE:t0, leader=null, voted=, raftlog=Memoized:s12@group-FAA53D5BC7BE-SegmentedRaftLog:OPENED:c-1, conf=-1: peers:[]|listeners:[], old=null STARTING
   FOLLOWER s12@group-A82F1EDBF13F:t1, leader=s11, voted=s11, raftlog=Memoized:s12@group-A82F1EDBF13F-SegmentedRaftLog:OPENED:c120, conf=0: peers:[s11|rpc:0.0.0.0:44621|dataStream:|priority:0|startupRole:FOLLOWER, s13|rpc:0.0.0.0:33759|dataStream:|priority:0|startupRole:FOLLOWER, s12|rpc:0.0.0.0:43391|dataStream:|priority:0|startupRole:FOLLOWER]|listeners:[], old=null RUNNING] size=2
  s14:  RUNNING  FOLLOWER s14@group-FAA53D5BC7BE:t0, leader=null, voted=, raftlog=Memoized:s14@group-FAA53D5BC7BE-SegmentedRaftLog:OPENED:c-1, conf=-1: peers:[]|listeners:[], old=null STARTING
  s0:  RUNNING  FOLLOWER s0@group-FAA53D5BC7BE:t0, leader=null, voted=, raftlog=Memoized:s0@group-FAA53D5BC7BE-SegmentedRaftLog:OPENED:c-1, conf=-1: peers:[]|listeners:[], old=null STARTING
  s1:  RUNNING  FOLLOWER s1@group-FAA53D5BC7BE:t0, leader=null, voted=, raftlog=Memoized:s1@group-FAA53D5BC7BE-SegmentedRaftLog:OPENED:c-1, conf=-1: peers:[]|listeners:[], old=null STARTING
  s2:  RUNNING  FOLLOWER s2@group-FAA53D5BC7BE:t0, leader=null, voted=, raftlog=Memoized:s2@group-FAA53D5BC7BE-SegmentedRaftLog:OPENED:c-1, conf=-1: peers:[]|listeners:[], old=null STARTING
2023-03-07 04:41:25,635 INFO  impl.GroupManagementBaseTest (GroupManagementBaseTest.java:runMultiGroupTest(322)) - 0) groupAdd: printing group-AD39DEEC881B
2023-03-07 04:41:25,637 INFO  logging.LoggingHandler (AbstractInternalLogger.java:log(148)) - [id: 0x09e3f7d5, L:/0.0.0.0:43353] READ: [id: 0x26f7dd6d, L:/10.1.0.7:43353 - R:/10.1.0.7:36792]
2023-03-07 04:41:25,637 INFO  logging.LoggingHandler (AbstractInternalLogger.java:log(148)) - [id: 0x09e3f7d5, L:/0.0.0.0:43353] READ COMPLETE
2023-03-07 04:41:25,637 INFO  server.RaftServer (RaftServerProxy.java:addNew(99)) - s10: addNew group-A82F1EDBF13F:[] returns group-A82F1EDBF13F:java.util.concurrent.CompletableFuture@31626bba[Not completed]
2023-03-07 04:41:25,637 INFO  server.RaftServer$Division (RaftServerImpl.java:<init>(198)) - s10: new RaftServerImpl for group-A82F1EDBF13F:[] with ArithmeticStateMachine:uninitialized
2023-03-07 04:41:25,637 INFO  server.RaftServerConfigKeys (ConfUtils.java:logGet(46)) - raft.server.rpc.timeout.min = 300ms (custom)
2023-03-07 04:41:25,637 INFO  server.RaftServerConfigKeys (ConfUtils.java:logGet(46)) - raft.server.rpc.timeout.max = 600ms (custom)
2023-03-07 04:41:25,637 INFO  server.RaftServerConfigKeys (ConfUtils.java:logGet(46)) - raft.server.rpc.sleep.time = 25ms (default)
2023-03-07 04:41:25,637 INFO  server.RaftServerConfigKeys (ConfUtils.java:logGet(46)) - raft.server.rpc.slowness.timeout = 60s (default)
2023-03-07 04:41:25,637 INFO  server.RaftServerConfigKeys (ConfUtils.java:logGet(46)) - raft.server.leaderelection.leader.step-down.wait-time = 10s (default)
2023-03-07 04:41:25,637 INFO  server.RaftServerConfigKeys (ConfUtils.java:logGet(46)) - raft.server.sleep.deviation.threshold = 300ms (default)
2023-03-07 04:41:25,638 INFO  server.RaftServer$Division (ServerState.java:<init>(113)) - s10@group-A82F1EDBF13F: ConfigurationManager, init=-1: peers:[]|listeners:[], old=null, confs=<EMPTY_MAP>
2023-03-07 04:41:25,638 INFO  server.RaftServerConfigKeys (ConfUtils.java:logGet(46)) - raft.server.notification.no-leader.timeout = 60s (default)
2023-03-07 04:41:25,638 INFO  server.RaftServerConfigKeys (ConfUtils.java:logGet(46)) - raft.server.read.timeout = 10s (default)
2023-03-07 04:41:25,638 INFO  server.RaftServerConfigKeys (ConfUtils.java:logGet(46)) - raft.server.retrycache.expirytime = 60s (default)
2023-03-07 04:41:25,638 INFO  server.RaftServerConfigKeys (ConfUtils.java:logGet(46)) - raft.server.retrycache.statistics.expirytime = 100μs (default)
2023-03-07 04:41:25,638 INFO  server.RaftServerConfigKeys (ConfUtils.java:logGet(46)) - raft.server.read.option = DEFAULT (default)
2023-03-07 04:41:25,639 INFO  server.RaftServerConfigKeys (ConfUtils.java:logGet(46)) - raft.server.log.appender.install.snapshot.enabled = true (default)
2023-03-07 04:41:25,639 INFO  server.RaftServerConfigKeys (ConfUtils.java:logGet(46)) - raft.server.threadpool.server.cached = true (default)
2023-03-07 04:41:25,639 INFO  server.RaftServerConfigKeys (ConfUtils.java:logGet(46)) - raft.server.threadpool.server.size = 0 (default)
2023-03-07 04:41:25,639 INFO  server.RaftServerConfigKeys (ConfUtils.java:logGet(46)) - raft.server.threadpool.client.cached = true (default)
2023-03-07 04:41:25,639 INFO  server.RaftServerConfigKeys (ConfUtils.java:logGet(46)) - raft.server.threadpool.client.size = 0 (default)
2023-03-07 04:41:25,639 INFO  server.RaftServerConfigKeys (ConfUtils.java:logGet(46)) - raft.server.storage.free-space.min = 0MB (=0) (default)
2023-03-07 04:41:25,639 INFO  server.RaftServerConfigKeys (ConfUtils.java:logGet(46)) - raft.server.log.corruption.policy = EXCEPTION (default)
2023-03-07 04:41:25,639 INFO  server.RaftServerConfigKeys (ConfUtils.java:logGet(46)) - raft.server.storage.dir = [/home/runner/work/ratis/ratis/ratis-examples/target/test/data/fa33b8e4/MiniRaftClusterWithNettye7083e71/s10] (custom)
2023-03-07 04:41:25,639 INFO  storage.RaftStorageDirectory (RaftStorageDirectoryImpl.java:analyzeStorage(138)) - The storage directory /home/runner/work/ratis/ratis/ratis-examples/target/test/data/fa33b8e4/MiniRaftClusterWithNettye7083e71/s10/b7243742-f885-4ba8-ad2e-a82f1edbf13f does not exist. Creating ...
2023-03-07 04:41:25,639 TRACE util.FileUtils (LogUtils.java:runAndLog(49)) - Successfully ran Files.createDirectories /home/runner/work/ratis/ratis/ratis-examples/target/test/data/fa33b8e4/MiniRaftClusterWithNettye7083e71/s10/b7243742-f885-4ba8-ad2e-a82f1edbf13f
2023-03-07 04:41:25,641 INFO  storage.RaftStorageDirectory (RaftStorageDirectoryImpl.java:tryLock(232)) - Lock on /home/runner/work/ratis/ratis/ratis-examples/target/test/data/fa33b8e4/MiniRaftClusterWithNettye7083e71/s10/b7243742-f885-4ba8-ad2e-a82f1edbf13f/in_use.lock acquired by nodename 15875@fv-az983-448
2023-03-07 04:41:25,641 TRACE util.FileUtils (LogUtils.java:runAndLog(49)) - Successfully ran Files.createDirectories /home/runner/work/ratis/ratis/ratis-examples/target/test/data/fa33b8e4/MiniRaftClusterWithNettye7083e71/s10/b7243742-f885-4ba8-ad2e-a82f1edbf13f/current
2023-03-07 04:41:25,641 TRACE util.FileUtils (LogUtils.java:runAndLog(49)) - Successfully ran Files.createDirectories /home/runner/work/ratis/ratis/ratis-examples/target/test/data/fa33b8e4/MiniRaftClusterWithNettye7083e71/s10/b7243742-f885-4ba8-ad2e-a82f1edbf13f/sm
2023-03-07 04:41:25,642 INFO  storage.RaftStorage (RaftStorageImpl.java:format(96)) - Storage directory /home/runner/work/ratis/ratis/ratis-examples/target/test/data/fa33b8e4/MiniRaftClusterWithNettye7083e71/s10/b7243742-f885-4ba8-ad2e-a82f1edbf13f has been successfully formatted.
2023-03-07 04:41:25,642 WARN  statemachine.StateMachine (ArithmeticStateMachine.java:loadSnapshot(116)) - The snapshot info is null.
2023-03-07 04:41:25,642 INFO  server.RaftServerConfigKeys (ConfUtils.java:logGet(46)) - raft.server.log.use.memory = false (default)
2023-03-07 04:41:25,642 INFO  server.RaftServerConfigKeys (ConfUtils.java:logGet(46)) - raft.server.log.purge.gap = 1024 (default)
2023-03-07 04:41:25,643 INFO  server.RaftServerConfigKeys (ConfUtils.java:logGet(46)) - raft.server.log.appender.buffer.byte-limit = 4MB (=4194304) (default)
2023-03-07 04:41:25,643 INFO  server.RaftServerConfigKeys (ConfUtils.java:logGet(46)) - raft.server.log.statemachine.data.read.timeout = 1000ms (default)
2023-03-07 04:41:25,643 INFO  server.RaftServerConfigKeys (ConfUtils.java:logGet(46)) - raft.server.log.purge.preservation.log.num = 0 (default)
2023-03-07 04:41:25,643 INFO  server.RaftServerConfigKeys (ConfUtils.java:logGet(46)) - raft.server.log.segment.size.max = 8MB (=8388608) (default)
2023-03-07 04:41:25,643 INFO  server.RaftServerConfigKeys (ConfUtils.java:logGet(46)) - raft.server.log.segment.cache.num.max = 6 (default)
2023-03-07 04:41:25,643 INFO  server.RaftServerConfigKeys (ConfUtils.java:logGet(46)) - raft.server.log.segment.cache.size.max = 200MB (=209715200) (default)
2023-03-07 04:41:25,644 INFO  server.RaftServerConfigKeys (ConfUtils.java:logGet(46)) - raft.server.log.appender.buffer.byte-limit = 4MB (=4194304) (default)
2023-03-07 04:41:25,644 INFO  segmented.SegmentedRaftLogWorker (SegmentedRaftLogWorker.java:<init>(183)) - new s10@group-A82F1EDBF13F-SegmentedRaftLogWorker for RaftStorageImpl:Storage Directory /home/runner/work/ratis/ratis/ratis-examples/target/test/data/fa33b8e4/MiniRaftClusterWithNettye7083e71/s10/b7243742-f885-4ba8-ad2e-a82f1edbf13f
2023-03-07 04:41:25,644 INFO  server.RaftServerConfigKeys (ConfUtils.java:logGet(46)) - raft.server.log.queue.byte-limit = 64MB (=67108864) (default)
2023-03-07 04:41:25,644 INFO  server.RaftServerConfigKeys (ConfUtils.java:logGet(46)) - raft.server.log.queue.element-limit = 4096 (default)
2023-03-07 04:41:25,644 INFO  server.RaftServerConfigKeys (ConfUtils.java:logGet(46)) - raft.server.log.segment.size.max = 8MB (=8388608) (default)
2023-03-07 04:41:25,644 INFO  server.RaftServerConfigKeys (ConfUtils.java:logGet(46)) - raft.server.log.preallocated.size = 4MB (=4194304) (default)
2023-03-07 04:41:25,644 INFO  server.RaftServerConfigKeys (ConfUtils.java:logGet(46)) - raft.server.log.force.sync.num = 128 (default)
2023-03-07 04:41:25,644 INFO  server.RaftServerConfigKeys (ConfUtils.java:logGet(46)) - raft.server.log.statemachine.data.sync = true (default)
2023-03-07 04:41:25,644 INFO  server.RaftServerConfigKeys (ConfUtils.java:logGet(46)) - raft.server.log.statemachine.data.sync.timeout = 10s (default)
2023-03-07 04:41:25,644 INFO  server.RaftServerConfigKeys (ConfUtils.java:logGet(46)) - raft.server.log.statemachine.data.sync.timeout.retry = -1 (default)
2023-03-07 04:41:25,644 INFO  server.RaftServerConfigKeys (ConfUtils.java:logGet(46)) - raft.server.log.write.buffer.size = 64KB (=65536) (default)
2023-03-07 04:41:25,644 INFO  server.RaftServerConfigKeys (ConfUtils.java:logGet(46)) - raft.server.log.appender.buffer.byte-limit = 4MB (=4194304) (default)
2023-03-07 04:41:25,649 INFO  server.RaftServerConfigKeys (ConfUtils.java:logGet(46)) - raft.server.log.unsafe-flush.enabled = false (default)
2023-03-07 04:41:25,649 INFO  server.RaftServerConfigKeys (ConfUtils.java:logGet(46)) - raft.server.log.async-flush.enabled = false (default)
2023-03-07 04:41:25,649 INFO  server.RaftServerConfigKeys (ConfUtils.java:logGet(46)) - raft.server.log.statemachine.data.caching.enabled = false (default)
2023-03-07 04:41:25,649 INFO  segmented.SegmentedRaftLogWorker (SegmentedRaftLogWorker.java:lambda$new$0(134)) - s10@group-A82F1EDBF13F-SegmentedRaftLogWorker: flushIndex: setUnconditionally 0 -> -1
2023-03-07 04:41:25,650 INFO  segmented.SegmentedRaftLogWorker (SegmentedRaftLogWorker.java:lambda$new$0(134)) - s10@group-A82F1EDBF13F-SegmentedRaftLogWorker: safeCacheEvictIndex: setUnconditionally 0 -> -1
2023-03-07 04:41:25,650 INFO  server.RaftServer$Division (RaftServerImpl.java:start(348)) - s10@group-A82F1EDBF13F: start with initializing state, conf=-1: peers:[]|listeners:[], old=null
2023-03-07 04:41:25,650 INFO  server.RaftServer$Division (RaftServerImpl.java:setRole(329)) - s10@group-A82F1EDBF13F: changes role from      null to FOLLOWER at term 0 for startInitializing
2023-03-07 04:41:25,650 INFO  util.JmxRegister (JmxRegister.java:tryRegister(44)) - Successfully registered JMX Bean with object name Ratis:service=RaftServer,group=group-A82F1EDBF13F,id=s10
2023-03-07 04:41:25,650 INFO  server.RaftServerConfigKeys (ConfUtils.java:logGet(46)) - raft.server.snapshot.auto.trigger.enabled = false (default)
2023-03-07 04:41:25,650 INFO  server.RaftServerConfigKeys (ConfUtils.java:logGet(46)) - raft.server.snapshot.retention.file.num = -1 (default)
2023-03-07 04:41:25,650 INFO  server.RaftServerConfigKeys (ConfUtils.java:logGet(46)) - raft.server.log.purge.upto.snapshot.index = false (default)
2023-03-07 04:41:25,691 INFO  logging.LoggingHandler (AbstractInternalLogger.java:log(148)) - [id: 0x5212874d, L:/0.0.0.0:45573] READ: [id: 0x245e66e1, L:/10.1.0.7:45573 - R:/10.1.0.7:52508]
2023-03-07 04:41:25,692 INFO  logging.LoggingHandler (AbstractInternalLogger.java:log(148)) - [id: 0x5212874d, L:/0.0.0.0:45573] READ COMPLETE
2023-03-07 04:41:25,700 INFO  server.RaftServer (RaftServerProxy.java:addNew(99)) - s0: addNew group-A82F1EDBF13F:[] returns group-A82F1EDBF13F:java.util.concurrent.CompletableFuture@726ba088[Not completed]
2023-03-07 04:41:25,700 INFO  server.RaftServer$Division (RaftServerImpl.java:<init>(198)) - s0: new RaftServerImpl for group-A82F1EDBF13F:[] with ArithmeticStateMachine:uninitialized
2023-03-07 04:41:25,700 INFO  server.RaftServerConfigKeys (ConfUtils.java:logGet(46)) - raft.server.rpc.timeout.min = 300ms (custom)
2023-03-07 04:41:25,700 INFO  server.RaftServerConfigKeys (ConfUtils.java:logGet(46)) - raft.server.rpc.timeout.max = 600ms (custom)
2023-03-07 04:41:25,700 INFO  server.RaftServerConfigKeys (ConfUtils.java:logGet(46)) - raft.server.rpc.sleep.time = 25ms (default)
2023-03-07 04:41:25,700 INFO  server.RaftServerConfigKeys (ConfUtils.java:logGet(46)) - raft.server.rpc.slowness.timeout = 60s (default)
2023-03-07 04:41:25,700 INFO  server.RaftServerConfigKeys (ConfUtils.java:logGet(46)) - raft.server.leaderelection.leader.step-down.wait-time = 10s (default)
2023-03-07 04:41:25,700 INFO  server.RaftServerConfigKeys (ConfUtils.java:logGet(46)) - raft.server.sleep.deviation.threshold = 300ms (default)
2023-03-07 04:41:25,700 INFO  server.RaftServer$Division (ServerState.java:<init>(113)) - s0@group-A82F1EDBF13F: ConfigurationManager, init=-1: peers:[]|listeners:[], old=null, confs=<EMPTY_MAP>
2023-03-07 04:41:25,700 INFO  server.RaftServerConfigKeys (ConfUtils.java:logGet(46)) - raft.server.notification.no-leader.timeout = 60s (default)
2023-03-07 04:41:25,700 INFO  server.RaftServerConfigKeys (ConfUtils.java:logGet(46)) - raft.server.read.timeout = 10s (default)
2023-03-07 04:41:25,700 INFO  server.RaftServerConfigKeys (ConfUtils.java:logGet(46)) - raft.server.retrycache.expirytime = 60s (default)
2023-03-07 04:41:25,700 INFO  server.RaftServerConfigKeys (ConfUtils.java:logGet(46)) - raft.server.retrycache.statistics.expirytime = 100μs (default)
2023-03-07 04:41:25,700 INFO  server.RaftServerConfigKeys (ConfUtils.java:logGet(46)) - raft.server.read.option = DEFAULT (default)
2023-03-07 04:41:25,702 INFO  server.RaftServerConfigKeys (ConfUtils.java:logGet(46)) - raft.server.log.appender.install.snapshot.enabled = true (default)
2023-03-07 04:41:25,702 INFO  server.RaftServerConfigKeys (ConfUtils.java:logGet(46)) - raft.server.threadpool.server.cached = true (default)
2023-03-07 04:41:25,702 INFO  server.RaftServerConfigKeys (ConfUtils.java:logGet(46)) - raft.server.threadpool.server.size = 0 (default)
2023-03-07 04:41:25,702 INFO  server.RaftServerConfigKeys (ConfUtils.java:logGet(46)) - raft.server.threadpool.client.cached = true (default)
2023-03-07 04:41:25,702 INFO  server.RaftServerConfigKeys (ConfUtils.java:logGet(46)) - raft.server.threadpool.client.size = 0 (default)
2023-03-07 04:41:25,702 INFO  server.RaftServerConfigKeys (ConfUtils.java:logGet(46)) - raft.server.storage.free-space.min = 0MB (=0) (default)
2023-03-07 04:41:25,702 INFO  server.RaftServerConfigKeys (ConfUtils.java:logGet(46)) - raft.server.log.corruption.policy = EXCEPTION (default)
2023-03-07 04:41:25,702 INFO  server.RaftServerConfigKeys (ConfUtils.java:logGet(46)) - raft.server.storage.dir = [/home/runner/work/ratis/ratis/ratis-examples/target/test/data/fa33b8e4/MiniRaftClusterWithNettye7083e71/s0] (custom)
2023-03-07 04:41:25,702 INFO  storage.RaftStorageDirectory (RaftStorageDirectoryImpl.java:analyzeStorage(138)) - The storage directory /home/runner/work/ratis/ratis/ratis-examples/target/test/data/fa33b8e4/MiniRaftClusterWithNettye7083e71/s0/b7243742-f885-4ba8-ad2e-a82f1edbf13f does not exist. Creating ...
2023-03-07 04:41:25,702 TRACE util.FileUtils (LogUtils.java:runAndLog(49)) - Successfully ran Files.createDirectories /home/runner/work/ratis/ratis/ratis-examples/target/test/data/fa33b8e4/MiniRaftClusterWithNettye7083e71/s0/b7243742-f885-4ba8-ad2e-a82f1edbf13f
2023-03-07 04:41:25,703 INFO  storage.RaftStorageDirectory (RaftStorageDirectoryImpl.java:tryLock(232)) - Lock on /home/runner/work/ratis/ratis/ratis-examples/target/test/data/fa33b8e4/MiniRaftClusterWithNettye7083e71/s0/b7243742-f885-4ba8-ad2e-a82f1edbf13f/in_use.lock acquired by nodename 15875@fv-az983-448
2023-03-07 04:41:25,703 TRACE util.FileUtils (LogUtils.java:runAndLog(49)) - Successfully ran Files.createDirectories /home/runner/work/ratis/ratis/ratis-examples/target/test/data/fa33b8e4/MiniRaftClusterWithNettye7083e71/s0/b7243742-f885-4ba8-ad2e-a82f1edbf13f/current
2023-03-07 04:41:25,703 TRACE util.FileUtils (LogUtils.java:runAndLog(49)) - Successfully ran Files.createDirectories /home/runner/work/ratis/ratis/ratis-examples/target/test/data/fa33b8e4/MiniRaftClusterWithNettye7083e71/s0/b7243742-f885-4ba8-ad2e-a82f1edbf13f/sm
2023-03-07 04:41:25,705 INFO  storage.RaftStorage (RaftStorageImpl.java:format(96)) - Storage directory /home/runner/work/ratis/ratis/ratis-examples/target/test/data/fa33b8e4/MiniRaftClusterWithNettye7083e71/s0/b7243742-f885-4ba8-ad2e-a82f1edbf13f has been successfully formatted.
2023-03-07 04:41:25,705 WARN  statemachine.StateMachine (ArithmeticStateMachine.java:loadSnapshot(116)) - The snapshot info is null.
2023-03-07 04:41:25,705 INFO  server.RaftServerConfigKeys (ConfUtils.java:logGet(46)) - raft.server.log.use.memory = false (default)
2023-03-07 04:41:25,705 INFO  server.RaftServerConfigKeys (ConfUtils.java:logGet(46)) - raft.server.log.purge.gap = 1024 (default)
2023-03-07 04:41:25,705 INFO  server.RaftServerConfigKeys (ConfUtils.java:logGet(46)) - raft.server.log.appender.buffer.byte-limit = 4MB (=4194304) (default)
2023-03-07 04:41:25,705 INFO  server.RaftServerConfigKeys (ConfUtils.java:logGet(46)) - raft.server.log.statemachine.data.read.timeout = 1000ms (default)
2023-03-07 04:41:25,705 INFO  server.RaftServerConfigKeys (ConfUtils.java:logGet(46)) - raft.server.log.purge.preservation.log.num = 0 (default)
2023-03-07 04:41:25,706 INFO  server.RaftServerConfigKeys (ConfUtils.java:logGet(46)) - raft.server.log.segment.size.max = 8MB (=8388608) (default)
2023-03-07 04:41:25,706 INFO  server.RaftServerConfigKeys (ConfUtils.java:logGet(46)) - raft.server.log.segment.cache.num.max = 6 (default)
2023-03-07 04:41:25,706 INFO  server.RaftServerConfigKeys (ConfUtils.java:logGet(46)) - raft.server.log.segment.cache.size.max = 200MB (=209715200) (default)
2023-03-07 04:41:25,706 INFO  server.RaftServerConfigKeys (ConfUtils.java:logGet(46)) - raft.server.log.appender.buffer.byte-limit = 4MB (=4194304) (default)
2023-03-07 04:41:25,706 INFO  segmented.SegmentedRaftLogWorker (SegmentedRaftLogWorker.java:<init>(183)) - new s0@group-A82F1EDBF13F-SegmentedRaftLogWorker for RaftStorageImpl:Storage Directory /home/runner/work/ratis/ratis/ratis-examples/target/test/data/fa33b8e4/MiniRaftClusterWithNettye7083e71/s0/b7243742-f885-4ba8-ad2e-a82f1edbf13f
2023-03-07 04:41:25,706 INFO  server.RaftServerConfigKeys (ConfUtils.java:logGet(46)) - raft.server.log.queue.byte-limit = 64MB (=67108864) (default)
2023-03-07 04:41:25,706 INFO  server.RaftServerConfigKeys (ConfUtils.java:logGet(46)) - raft.server.log.queue.element-limit = 4096 (default)
2023-03-07 04:41:25,706 INFO  server.RaftServerConfigKeys (ConfUtils.java:logGet(46)) - raft.server.log.segment.size.max = 8MB (=8388608) (default)
2023-03-07 04:41:25,706 INFO  server.RaftServerConfigKeys (ConfUtils.java:logGet(46)) - raft.server.log.preallocated.size = 4MB (=4194304) (default)
2023-03-07 04:41:25,706 INFO  server.RaftServerConfigKeys (ConfUtils.java:logGet(46)) - raft.server.log.force.sync.num = 128 (default)
2023-03-07 04:41:25,706 INFO  server.RaftServerConfigKeys (ConfUtils.java:logGet(46)) - raft.server.log.statemachine.data.sync = true (default)
2023-03-07 04:41:25,706 INFO  server.RaftServerConfigKeys (ConfUtils.java:logGet(46)) - raft.server.log.statemachine.data.sync.timeout = 10s (default)
2023-03-07 04:41:25,706 INFO  server.RaftServerConfigKeys (ConfUtils.java:logGet(46)) - raft.server.log.statemachine.data.sync.timeout.retry = -1 (default)
2023-03-07 04:41:25,706 INFO  server.RaftServerConfigKeys (ConfUtils.java:logGet(46)) - raft.server.log.write.buffer.size = 64KB (=65536) (default)
2023-03-07 04:41:25,706 INFO  server.RaftServerConfigKeys (ConfUtils.java:logGet(46)) - raft.server.log.appender.buffer.byte-limit = 4MB (=4194304) (default)
2023-03-07 04:41:25,707 INFO  server.RaftServerConfigKeys (ConfUtils.java:logGet(46)) - raft.server.log.unsafe-flush.enabled = false (default)
2023-03-07 04:41:25,707 INFO  server.RaftServerConfigKeys (ConfUtils.java:logGet(46)) - raft.server.log.async-flush.enabled = false (default)
2023-03-07 04:41:25,707 INFO  server.RaftServerConfigKeys (ConfUtils.java:logGet(46)) - raft.server.log.statemachine.data.caching.enabled = false (default)
2023-03-07 04:41:25,707 INFO  segmented.SegmentedRaftLogWorker (SegmentedRaftLogWorker.java:lambda$new$0(134)) - s0@group-A82F1EDBF13F-SegmentedRaftLogWorker: flushIndex: setUnconditionally 0 -> -1
2023-03-07 04:41:25,707 INFO  segmented.SegmentedRaftLogWorker (SegmentedRaftLogWorker.java:lambda$new$0(134)) - s0@group-A82F1EDBF13F-SegmentedRaftLogWorker: safeCacheEvictIndex: setUnconditionally 0 -> -1
2023-03-07 04:41:25,707 INFO  server.RaftServer$Division (RaftServerImpl.java:start(348)) - s0@group-A82F1EDBF13F: start with initializing state, conf=-1: peers:[]|listeners:[], old=null
2023-03-07 04:41:25,707 INFO  server.RaftServer$Division (RaftServerImpl.java:setRole(329)) - s0@group-A82F1EDBF13F: changes role from      null to FOLLOWER at term 0 for startInitializing
2023-03-07 04:41:25,707 INFO  util.JmxRegister (JmxRegister.java:tryRegister(44)) - Successfully registered JMX Bean with object name Ratis:service=RaftServer,group=group-A82F1EDBF13F,id=s0
2023-03-07 04:41:25,707 INFO  server.RaftServerConfigKeys (ConfUtils.java:logGet(46)) - raft.server.snapshot.auto.trigger.enabled = false (default)
2023-03-07 04:41:25,707 INFO  server.RaftServerConfigKeys (ConfUtils.java:logGet(46)) - raft.server.snapshot.retention.file.num = -1 (default)
2023-03-07 04:41:25,708 INFO  server.RaftServerConfigKeys (ConfUtils.java:logGet(46)) - raft.server.log.purge.upto.snapshot.index = false (default)
2023-03-07 04:41:25,729 INFO  logging.LoggingHandler (AbstractInternalLogger.java:log(148)) - [id: 0x8e7d1ea5, L:/0.0.0.0:34621] READ: [id: 0xb941526a, L:/10.1.0.7:34621 - R:/10.1.0.7:46038]
2023-03-07 04:41:25,729 INFO  logging.LoggingHandler (AbstractInternalLogger.java:log(148)) - [id: 0x8e7d1ea5, L:/0.0.0.0:34621] READ COMPLETE
2023-03-07 04:41:25,729 INFO  server.RaftServer (RaftServerProxy.java:addNew(99)) - s1: addNew group-A82F1EDBF13F:[] returns group-A82F1EDBF13F:java.util.concurrent.CompletableFuture@15ba2f82[Not completed]
2023-03-07 04:41:25,729 INFO  server.RaftServer$Division (RaftServerImpl.java:<init>(198)) - s1: new RaftServerImpl for group-A82F1EDBF13F:[] with ArithmeticStateMachine:uninitialized
2023-03-07 04:41:25,730 INFO  server.RaftServerConfigKeys (ConfUtils.java:logGet(46)) - raft.server.rpc.timeout.min = 300ms (custom)
2023-03-07 04:41:25,730 INFO  server.RaftServerConfigKeys (ConfUtils.java:logGet(46)) - raft.server.rpc.timeout.max = 600ms (custom)
2023-03-07 04:41:25,730 INFO  server.RaftServerConfigKeys (ConfUtils.java:logGet(46)) - raft.server.rpc.sleep.time = 25ms (default)
2023-03-07 04:41:25,730 INFO  server.RaftServerConfigKeys (ConfUtils.java:logGet(46)) - raft.server.rpc.slowness.timeout = 60s (default)
2023-03-07 04:41:25,730 INFO  server.RaftServerConfigKeys (ConfUtils.java:logGet(46)) - raft.server.leaderelection.leader.step-down.wait-time = 10s (default)
2023-03-07 04:41:25,730 INFO  server.RaftServerConfigKeys (ConfUtils.java:logGet(46)) - raft.server.sleep.deviation.threshold = 300ms (default)
2023-03-07 04:41:25,730 INFO  server.RaftServer$Division (ServerState.java:<init>(113)) - s1@group-A82F1EDBF13F: ConfigurationManager, init=-1: peers:[]|listeners:[], old=null, confs=<EMPTY_MAP>
2023-03-07 04:41:25,730 INFO  server.RaftServerConfigKeys (ConfUtils.java:logGet(46)) - raft.server.notification.no-leader.timeout = 60s (default)
2023-03-07 04:41:25,730 INFO  server.RaftServerConfigKeys (ConfUtils.java:logGet(46)) - raft.server.read.timeout = 10s (default)
2023-03-07 04:41:25,730 INFO  server.RaftServerConfigKeys (ConfUtils.java:logGet(46)) - raft.server.retrycache.expirytime = 60s (default)
2023-03-07 04:41:25,730 INFO  server.RaftServerConfigKeys (ConfUtils.java:logGet(46)) - raft.server.retrycache.statistics.expirytime = 100μs (default)
2023-03-07 04:41:25,730 INFO  server.RaftServerConfigKeys (ConfUtils.java:logGet(46)) - raft.server.read.option = DEFAULT (default)
2023-03-07 04:41:25,731 INFO  server.RaftServerConfigKeys (ConfUtils.java:logGet(46)) - raft.server.log.appender.install.snapshot.enabled = true (default)
2023-03-07 04:41:25,731 INFO  server.RaftServerConfigKeys (ConfUtils.java:logGet(46)) - raft.server.threadpool.server.cached = true (default)
2023-03-07 04:41:25,731 INFO  server.RaftServerConfigKeys (ConfUtils.java:logGet(46)) - raft.server.threadpool.server.size = 0 (default)
2023-03-07 04:41:25,731 INFO  server.RaftServerConfigKeys (ConfUtils.java:logGet(46)) - raft.server.threadpool.client.cached = true (default)
2023-03-07 04:41:25,731 INFO  server.RaftServerConfigKeys (ConfUtils.java:logGet(46)) - raft.server.threadpool.client.size = 0 (default)
2023-03-07 04:41:25,731 INFO  server.RaftServerConfigKeys (ConfUtils.java:logGet(46)) - raft.server.storage.free-space.min = 0MB (=0) (default)
2023-03-07 04:41:25,731 INFO  server.RaftServerConfigKeys (ConfUtils.java:logGet(46)) - raft.server.log.corruption.policy = EXCEPTION (default)
2023-03-07 04:41:25,731 INFO  server.RaftServerConfigKeys (ConfUtils.java:logGet(46)) - raft.server.storage.dir = [/home/runner/work/ratis/ratis/ratis-examples/target/test/data/fa33b8e4/MiniRaftClusterWithNettye7083e71/s1] (custom)
2023-03-07 04:41:25,731 INFO  storage.RaftStorageDirectory (RaftStorageDirectoryImpl.java:analyzeStorage(138)) - The storage directory /home/runner/work/ratis/ratis/ratis-examples/target/test/data/fa33b8e4/MiniRaftClusterWithNettye7083e71/s1/b7243742-f885-4ba8-ad2e-a82f1edbf13f does not exist. Creating ...
2023-03-07 04:41:25,731 TRACE util.FileUtils (LogUtils.java:runAndLog(49)) - Successfully ran Files.createDirectories /home/runner/work/ratis/ratis/ratis-examples/target/test/data/fa33b8e4/MiniRaftClusterWithNettye7083e71/s1/b7243742-f885-4ba8-ad2e-a82f1edbf13f
2023-03-07 04:41:25,732 INFO  storage.RaftStorageDirectory (RaftStorageDirectoryImpl.java:tryLock(232)) - Lock on /home/runner/work/ratis/ratis/ratis-examples/target/test/data/fa33b8e4/MiniRaftClusterWithNettye7083e71/s1/b7243742-f885-4ba8-ad2e-a82f1edbf13f/in_use.lock acquired by nodename 15875@fv-az983-448
2023-03-07 04:41:25,732 TRACE util.FileUtils (LogUtils.java:runAndLog(49)) - Successfully ran Files.createDirectories /home/runner/work/ratis/ratis/ratis-examples/target/test/data/fa33b8e4/MiniRaftClusterWithNettye7083e71/s1/b7243742-f885-4ba8-ad2e-a82f1edbf13f/current
2023-03-07 04:41:25,733 TRACE util.FileUtils (LogUtils.java:runAndLog(49)) - Successfully ran Files.createDirectories /home/runner/work/ratis/ratis/ratis-examples/target/test/data/fa33b8e4/MiniRaftClusterWithNettye7083e71/s1/b7243742-f885-4ba8-ad2e-a82f1edbf13f/sm
2023-03-07 04:41:25,735 INFO  storage.RaftStorage (RaftStorageImpl.java:format(96)) - Storage directory /home/runner/work/ratis/ratis/ratis-examples/target/test/data/fa33b8e4/MiniRaftClusterWithNettye7083e71/s1/b7243742-f885-4ba8-ad2e-a82f1edbf13f has been successfully formatted.
2023-03-07 04:41:25,735 WARN  statemachine.StateMachine (ArithmeticStateMachine.java:loadSnapshot(116)) - The snapshot info is null.
2023-03-07 04:41:25,735 INFO  server.RaftServerConfigKeys (ConfUtils.java:logGet(46)) - raft.server.log.use.memory = false (default)
2023-03-07 04:41:25,735 INFO  server.RaftServerConfigKeys (ConfUtils.java:logGet(46)) - raft.server.log.purge.gap = 1024 (default)
2023-03-07 04:41:25,735 INFO  server.RaftServerConfigKeys (ConfUtils.java:logGet(46)) - raft.server.log.appender.buffer.byte-limit = 4MB (=4194304) (default)
2023-03-07 04:41:25,735 INFO  server.RaftServerConfigKeys (ConfUtils.java:logGet(46)) - raft.server.log.statemachine.data.read.timeout = 1000ms (default)
2023-03-07 04:41:25,735 INFO  server.RaftServerConfigKeys (ConfUtils.java:logGet(46)) - raft.server.log.purge.preservation.log.num = 0 (default)
2023-03-07 04:41:25,736 INFO  server.RaftServerConfigKeys (ConfUtils.java:logGet(46)) - raft.server.log.segment.size.max = 8MB (=8388608) (default)
2023-03-07 04:41:25,736 INFO  server.RaftServerConfigKeys (ConfUtils.java:logGet(46)) - raft.server.log.segment.cache.num.max = 6 (default)
2023-03-07 04:41:25,736 INFO  server.RaftServerConfigKeys (ConfUtils.java:logGet(46)) - raft.server.log.segment.cache.size.max = 200MB (=209715200) (default)
2023-03-07 04:41:25,736 INFO  server.RaftServerConfigKeys (ConfUtils.java:logGet(46)) - raft.server.log.appender.buffer.byte-limit = 4MB (=4194304) (default)
2023-03-07 04:41:25,736 INFO  segmented.SegmentedRaftLogWorker (SegmentedRaftLogWorker.java:<init>(183)) - new s1@group-A82F1EDBF13F-SegmentedRaftLogWorker for RaftStorageImpl:Storage Directory /home/runner/work/ratis/ratis/ratis-examples/target/test/data/fa33b8e4/MiniRaftClusterWithNettye7083e71/s1/b7243742-f885-4ba8-ad2e-a82f1edbf13f
2023-03-07 04:41:25,736 INFO  server.RaftServerConfigKeys (ConfUtils.java:logGet(46)) - raft.server.log.queue.byte-limit = 64MB (=67108864) (default)
2023-03-07 04:41:25,736 INFO  server.RaftServerConfigKeys (ConfUtils.java:logGet(46)) - raft.server.log.queue.element-limit = 4096 (default)
2023-03-07 04:41:25,736 INFO  server.RaftServerConfigKeys (ConfUtils.java:logGet(46)) - raft.server.log.segment.size.max = 8MB (=8388608) (default)
2023-03-07 04:41:25,736 INFO  server.RaftServerConfigKeys (ConfUtils.java:logGet(46)) - raft.server.log.preallocated.size = 4MB (=4194304) (default)
2023-03-07 04:41:25,736 INFO  server.RaftServerConfigKeys (ConfUtils.java:logGet(46)) - raft.server.log.force.sync.num = 128 (default)
2023-03-07 04:41:25,736 INFO  server.RaftServerConfigKeys (ConfUtils.java:logGet(46)) - raft.server.log.statemachine.data.sync = true (default)
2023-03-07 04:41:25,736 INFO  server.RaftServerConfigKeys (ConfUtils.java:logGet(46)) - raft.server.log.statemachine.data.sync.timeout = 10s (default)
2023-03-07 04:41:25,736 INFO  server.RaftServerConfigKeys (ConfUtils.java:logGet(46)) - raft.server.log.statemachine.data.sync.timeout.retry = -1 (default)
2023-03-07 04:41:25,736 INFO  server.RaftServerConfigKeys (ConfUtils.java:logGet(46)) - raft.server.log.write.buffer.size = 64KB (=65536) (default)
2023-03-07 04:41:25,736 INFO  server.RaftServerConfigKeys (ConfUtils.java:logGet(46)) - raft.server.log.appender.buffer.byte-limit = 4MB (=4194304) (default)
2023-03-07 04:41:25,737 INFO  server.RaftServerConfigKeys (ConfUtils.java:logGet(46)) - raft.server.log.unsafe-flush.enabled = false (default)
2023-03-07 04:41:25,737 INFO  server.RaftServerConfigKeys (ConfUtils.java:logGet(46)) - raft.server.log.async-flush.enabled = false (default)
2023-03-07 04:41:25,737 INFO  server.RaftServerConfigKeys (ConfUtils.java:logGet(46)) - raft.server.log.statemachine.data.caching.enabled = false (default)
2023-03-07 04:41:25,737 INFO  segmented.SegmentedRaftLogWorker (SegmentedRaftLogWorker.java:lambda$new$0(134)) - s1@group-A82F1EDBF13F-SegmentedRaftLogWorker: flushIndex: setUnconditionally 0 -> -1
2023-03-07 04:41:25,737 INFO  segmented.SegmentedRaftLogWorker (SegmentedRaftLogWorker.java:lambda$new$0(134)) - s1@group-A82F1EDBF13F-SegmentedRaftLogWorker: safeCacheEvictIndex: setUnconditionally 0 -> -1
2023-03-07 04:41:25,737 INFO  server.RaftServer$Division (RaftServerImpl.java:start(348)) - s1@group-A82F1EDBF13F: start with initializing state, conf=-1: peers:[]|listeners:[], old=null
2023-03-07 04:41:25,737 INFO  server.RaftServer$Division (RaftServerImpl.java:setRole(329)) - s1@group-A82F1EDBF13F: changes role from      null to FOLLOWER at term 0 for startInitializing
2023-03-07 04:41:25,737 INFO  util.JmxRegister (JmxRegister.java:tryRegister(44)) - Successfully registered JMX Bean with object name Ratis:service=RaftServer,group=group-A82F1EDBF13F,id=s1
2023-03-07 04:41:25,737 INFO  server.RaftServerConfigKeys (ConfUtils.java:logGet(46)) - raft.server.snapshot.auto.trigger.enabled = false (default)
2023-03-07 04:41:25,737 INFO  server.RaftServerConfigKeys (ConfUtils.java:logGet(46)) - raft.server.snapshot.retention.file.num = -1 (default)
2023-03-07 04:41:25,737 INFO  server.RaftServerConfigKeys (ConfUtils.java:logGet(46)) - raft.server.log.purge.upto.snapshot.index = false (default)
2023-03-07 04:41:25,743 INFO  impl.GroupManagementBaseTest (GroupManagementBaseTest.java:runMultiGroupTest(322)) - 2) groupAdd: printing group-3274576D874F
2023-03-07 04:41:25,744 INFO  logging.LoggingHandler (AbstractInternalLogger.java:log(148)) - [id: 0x07ea810c, L:/0.0.0.0:43243] READ: [id: 0xcee26469, L:/10.1.0.7:43243 - R:/10.1.0.7:35440]
2023-03-07 04:41:25,744 INFO  logging.LoggingHandler (AbstractInternalLogger.java:log(148)) - [id: 0x07ea810c, L:/0.0.0.0:43243] READ COMPLETE
2023-03-07 04:41:25,745 INFO  server.RaftServer (RaftServerProxy.java:addNew(99)) - s3: addNew group-A82F1EDBF13F:[] returns group-A82F1EDBF13F:java.util.concurrent.CompletableFuture@308bceda[Not completed]
2023-03-07 04:41:25,745 INFO  server.RaftServer$Division (RaftServerImpl.java:<init>(198)) - s3: new RaftServerImpl for group-A82F1EDBF13F:[] with ArithmeticStateMachine:uninitialized
2023-03-07 04:41:25,745 INFO  server.RaftServerConfigKeys (ConfUtils.java:logGet(46)) - raft.server.rpc.timeout.min = 300ms (custom)
2023-03-07 04:41:25,745 INFO  server.RaftServerConfigKeys (ConfUtils.java:logGet(46)) - raft.server.rpc.timeout.max = 600ms (custom)
2023-03-07 04:41:25,745 INFO  server.RaftServerConfigKeys (ConfUtils.java:logGet(46)) - raft.server.rpc.sleep.time = 25ms (default)
2023-03-07 04:41:25,745 INFO  server.RaftServerConfigKeys (ConfUtils.java:logGet(46)) - raft.server.rpc.slowness.timeout = 60s (default)
2023-03-07 04:41:25,745 INFO  server.RaftServerConfigKeys (ConfUtils.java:logGet(46)) - raft.server.leaderelection.leader.step-down.wait-time = 10s (default)
2023-03-07 04:41:25,745 INFO  server.RaftServerConfigKeys (ConfUtils.java:logGet(46)) - raft.server.sleep.deviation.threshold = 300ms (default)
2023-03-07 04:41:25,745 INFO  server.RaftServer$Division (ServerState.java:<init>(113)) - s3@group-A82F1EDBF13F: ConfigurationManager, init=-1: peers:[]|listeners:[], old=null, confs=<EMPTY_MAP>
2023-03-07 04:41:25,745 INFO  server.RaftServerConfigKeys (ConfUtils.java:logGet(46)) - raft.server.notification.no-leader.timeout = 60s (default)
2023-03-07 04:41:25,745 INFO  server.RaftServerConfigKeys (ConfUtils.java:logGet(46)) - raft.server.read.timeout = 10s (default)
2023-03-07 04:41:25,745 INFO  server.RaftServerConfigKeys (ConfUtils.java:logGet(46)) - raft.server.retrycache.expirytime = 60s (default)
2023-03-07 04:41:25,745 INFO  server.RaftServerConfigKeys (ConfUtils.java:logGet(46)) - raft.server.retrycache.statistics.expirytime = 100μs (default)
2023-03-07 04:41:25,745 INFO  server.RaftServerConfigKeys (ConfUtils.java:logGet(46)) - raft.server.read.option = DEFAULT (default)
2023-03-07 04:41:25,746 INFO  server.RaftServerConfigKeys (ConfUtils.java:logGet(46)) - raft.server.log.appender.install.snapshot.enabled = true (default)
2023-03-07 04:41:25,746 INFO  server.RaftServerConfigKeys (ConfUtils.java:logGet(46)) - raft.server.threadpool.server.cached = true (default)
2023-03-07 04:41:25,746 INFO  server.RaftServerConfigKeys (ConfUtils.java:logGet(46)) - raft.server.threadpool.server.size = 0 (default)
2023-03-07 04:41:25,746 INFO  server.RaftServerConfigKeys (ConfUtils.java:logGet(46)) - raft.server.threadpool.client.cached = true (default)
2023-03-07 04:41:25,746 INFO  server.RaftServerConfigKeys (ConfUtils.java:logGet(46)) - raft.server.threadpool.client.size = 0 (default)
2023-03-07 04:41:25,746 INFO  server.RaftServerConfigKeys (ConfUtils.java:logGet(46)) - raft.server.storage.free-space.min = 0MB (=0) (default)
2023-03-07 04:41:25,746 INFO  server.RaftServerConfigKeys (ConfUtils.java:logGet(46)) - raft.server.log.corruption.policy = EXCEPTION (default)
2023-03-07 04:41:25,746 INFO  server.RaftServerConfigKeys (ConfUtils.java:logGet(46)) - raft.server.storage.dir = [/home/runner/work/ratis/ratis/ratis-examples/target/test/data/fa33b8e4/MiniRaftClusterWithNettye7083e71/s3] (custom)
2023-03-07 04:41:25,747 INFO  storage.RaftStorageDirectory (RaftStorageDirectoryImpl.java:analyzeStorage(138)) - The storage directory /home/runner/work/ratis/ratis/ratis-examples/target/test/data/fa33b8e4/MiniRaftClusterWithNettye7083e71/s3/b7243742-f885-4ba8-ad2e-a82f1edbf13f does not exist. Creating ...
2023-03-07 04:41:25,747 TRACE util.FileUtils (LogUtils.java:runAndLog(49)) - Successfully ran Files.createDirectories /home/runner/work/ratis/ratis/ratis-examples/target/test/data/fa33b8e4/MiniRaftClusterWithNettye7083e71/s3/b7243742-f885-4ba8-ad2e-a82f1edbf13f
2023-03-07 04:41:25,748 INFO  storage.RaftStorageDirectory (RaftStorageDirectoryImpl.java:tryLock(232)) - Lock on /home/runner/work/ratis/ratis/ratis-examples/target/test/data/fa33b8e4/MiniRaftClusterWithNettye7083e71/s3/b7243742-f885-4ba8-ad2e-a82f1edbf13f/in_use.lock acquired by nodename 15875@fv-az983-448
2023-03-07 04:41:25,748 TRACE util.FileUtils (LogUtils.java:runAndLog(49)) - Successfully ran Files.createDirectories /home/runner/work/ratis/ratis/ratis-examples/target/test/data/fa33b8e4/MiniRaftClusterWithNettye7083e71/s3/b7243742-f885-4ba8-ad2e-a82f1edbf13f/current
2023-03-07 04:41:25,748 TRACE util.FileUtils (LogUtils.java:runAndLog(49)) - Successfully ran Files.createDirectories /home/runner/work/ratis/ratis/ratis-examples/target/test/data/fa33b8e4/MiniRaftClusterWithNettye7083e71/s3/b7243742-f885-4ba8-ad2e-a82f1edbf13f/sm
2023-03-07 04:41:25,749 INFO  storage.RaftStorage (RaftStorageImpl.java:format(96)) - Storage directory /home/runner/work/ratis/ratis/ratis-examples/target/test/data/fa33b8e4/MiniRaftClusterWithNettye7083e71/s3/b7243742-f885-4ba8-ad2e-a82f1edbf13f has been successfully formatted.
2023-03-07 04:41:25,749 WARN  statemachine.StateMachine (ArithmeticStateMachine.java:loadSnapshot(116)) - The snapshot info is null.
2023-03-07 04:41:25,749 INFO  server.RaftServerConfigKeys (ConfUtils.java:logGet(46)) - raft.server.log.use.memory = false (default)
2023-03-07 04:41:25,750 INFO  server.RaftServerConfigKeys (ConfUtils.java:logGet(46)) - raft.server.log.purge.gap = 1024 (default)
2023-03-07 04:41:25,750 INFO  server.RaftServerConfigKeys (ConfUtils.java:logGet(46)) - raft.server.log.appender.buffer.byte-limit = 4MB (=4194304) (default)
2023-03-07 04:41:25,750 INFO  server.RaftServerConfigKeys (ConfUtils.java:logGet(46)) - raft.server.log.statemachine.data.read.timeout = 1000ms (default)
2023-03-07 04:41:25,750 INFO  server.RaftServerConfigKeys (ConfUtils.java:logGet(46)) - raft.server.log.purge.preservation.log.num = 0 (default)
2023-03-07 04:41:25,750 INFO  server.RaftServerConfigKeys (ConfUtils.java:logGet(46)) - raft.server.log.segment.size.max = 8MB (=8388608) (default)
2023-03-07 04:41:25,750 INFO  server.RaftServerConfigKeys (ConfUtils.java:logGet(46)) - raft.server.log.segment.cache.num.max = 6 (default)
2023-03-07 04:41:25,750 INFO  server.RaftServerConfigKeys (ConfUtils.java:logGet(46)) - raft.server.log.segment.cache.size.max = 200MB (=209715200) (default)
2023-03-07 04:41:25,750 INFO  server.RaftServerConfigKeys (ConfUtils.java:logGet(46)) - raft.server.log.appender.buffer.byte-limit = 4MB (=4194304) (default)
2023-03-07 04:41:25,750 INFO  segmented.SegmentedRaftLogWorker (SegmentedRaftLogWorker.java:<init>(183)) - new s3@group-A82F1EDBF13F-SegmentedRaftLogWorker for RaftStorageImpl:Storage Directory /home/runner/work/ratis/ratis/ratis-examples/target/test/data/fa33b8e4/MiniRaftClusterWithNettye7083e71/s3/b7243742-f885-4ba8-ad2e-a82f1edbf13f
2023-03-07 04:41:25,750 INFO  server.RaftServerConfigKeys (ConfUtils.java:logGet(46)) - raft.server.log.queue.byte-limit = 64MB (=67108864) (default)
2023-03-07 04:41:25,750 INFO  server.RaftServerConfigKeys (ConfUtils.java:logGet(46)) - raft.server.log.queue.element-limit = 4096 (default)
2023-03-07 04:41:25,750 INFO  server.RaftServerConfigKeys (ConfUtils.java:logGet(46)) - raft.server.log.segment.size.max = 8MB (=8388608) (default)
2023-03-07 04:41:25,750 INFO  server.RaftServerConfigKeys (ConfUtils.java:logGet(46)) - raft.server.log.preallocated.size = 4MB (=4194304) (default)
2023-03-07 04:41:25,750 INFO  server.RaftServerConfigKeys (ConfUtils.java:logGet(46)) - raft.server.log.force.sync.num = 128 (default)
2023-03-07 04:41:25,750 INFO  server.RaftServerConfigKeys (ConfUtils.java:logGet(46)) - raft.server.log.statemachine.data.sync = true (default)
2023-03-07 04:41:25,751 INFO  server.RaftServerConfigKeys (ConfUtils.java:logGet(46)) - raft.server.log.statemachine.data.sync.timeout = 10s (default)
2023-03-07 04:41:25,751 INFO  server.RaftServerConfigKeys (ConfUtils.java:logGet(46)) - raft.server.log.statemachine.data.sync.timeout.retry = -1 (default)
2023-03-07 04:41:25,751 INFO  server.RaftServerConfigKeys (ConfUtils.java:logGet(46)) - raft.server.log.write.buffer.size = 64KB (=65536) (default)
2023-03-07 04:41:25,751 INFO  server.RaftServerConfigKeys (ConfUtils.java:logGet(46)) - raft.server.log.appender.buffer.byte-limit = 4MB (=4194304) (default)
2023-03-07 04:41:25,751 INFO  server.RaftServerConfigKeys (ConfUtils.java:logGet(46)) - raft.server.log.unsafe-flush.enabled = false (default)
2023-03-07 04:41:25,751 INFO  server.RaftServerConfigKeys (ConfUtils.java:logGet(46)) - raft.server.log.async-flush.enabled = false (default)
2023-03-07 04:41:25,751 INFO  server.RaftServerConfigKeys (ConfUtils.java:logGet(46)) - raft.server.log.statemachine.data.caching.enabled = false (default)
2023-03-07 04:41:25,751 INFO  segmented.SegmentedRaftLogWorker (SegmentedRaftLogWorker.java:lambda$new$0(134)) - s3@group-A82F1EDBF13F-SegmentedRaftLogWorker: flushIndex: setUnconditionally 0 -> -1
2023-03-07 04:41:25,751 INFO  segmented.SegmentedRaftLogWorker (SegmentedRaftLogWorker.java:lambda$new$0(134)) - s3@group-A82F1EDBF13F-SegmentedRaftLogWorker: safeCacheEvictIndex: setUnconditionally 0 -> -1
2023-03-07 04:41:25,755 INFO  server.RaftServer$Division (RaftServerImpl.java:start(348)) - s3@group-A82F1EDBF13F: start with initializing state, conf=-1: peers:[]|listeners:[], old=null
2023-03-07 04:41:25,755 INFO  server.RaftServer$Division (RaftServerImpl.java:setRole(329)) - s3@group-A82F1EDBF13F: changes role from      null to FOLLOWER at term 0 for startInitializing
2023-03-07 04:41:25,755 INFO  util.JmxRegister (JmxRegister.java:tryRegister(44)) - Successfully registered JMX Bean with object name Ratis:service=RaftServer,group=group-A82F1EDBF13F,id=s3
2023-03-07 04:41:25,755 INFO  server.RaftServerConfigKeys (ConfUtils.java:logGet(46)) - raft.server.snapshot.auto.trigger.enabled = false (default)
2023-03-07 04:41:25,755 INFO  server.RaftServerConfigKeys (ConfUtils.java:logGet(46)) - raft.server.snapshot.retention.file.num = -1 (default)
2023-03-07 04:41:25,755 INFO  server.RaftServerConfigKeys (ConfUtils.java:logGet(46)) - raft.server.log.purge.upto.snapshot.index = false (default)
2023-03-07 04:41:25,767 INFO  logging.LoggingHandler (AbstractInternalLogger.java:log(148)) - [id: 0xdc2b15a4, L:/0.0.0.0:41557] READ: [id: 0x1a2ca562, L:/10.1.0.7:41557 - R:/10.1.0.7:42366]
2023-03-07 04:41:25,768 INFO  logging.LoggingHandler (AbstractInternalLogger.java:log(148)) - [id: 0xdc2b15a4, L:/0.0.0.0:41557] READ COMPLETE
2023-03-07 04:41:25,768 INFO  server.RaftServer$Division (RaftServerImpl.java:<init>(198)) - s14: new RaftServerImpl for group-A82F1EDBF13F:[] with ArithmeticStateMachine:uninitialized
2023-03-07 04:41:25,768 INFO  server.RaftServerConfigKeys (ConfUtils.java:logGet(46)) - raft.server.rpc.timeout.min = 300ms (custom)
2023-03-07 04:41:25,768 INFO  server.RaftServerConfigKeys (ConfUtils.java:logGet(46)) - raft.server.rpc.timeout.max = 600ms (custom)
2023-03-07 04:41:25,768 INFO  server.RaftServerConfigKeys (ConfUtils.java:logGet(46)) - raft.server.rpc.sleep.time = 25ms (default)
2023-03-07 04:41:25,768 INFO  server.RaftServerConfigKeys (ConfUtils.java:logGet(46)) - raft.server.rpc.slowness.timeout = 60s (default)
2023-03-07 04:41:25,769 INFO  server.RaftServerConfigKeys (ConfUtils.java:logGet(46)) - raft.server.leaderelection.leader.step-down.wait-time = 10s (default)
2023-03-07 04:41:25,769 INFO  server.RaftServerConfigKeys (ConfUtils.java:logGet(46)) - raft.server.sleep.deviation.threshold = 300ms (default)
2023-03-07 04:41:25,769 INFO  server.RaftServer$Division (ServerState.java:<init>(113)) - s14@group-A82F1EDBF13F: ConfigurationManager, init=-1: peers:[]|listeners:[], old=null, confs=<EMPTY_MAP>
2023-03-07 04:41:25,769 INFO  server.RaftServerConfigKeys (ConfUtils.java:logGet(46)) - raft.server.notification.no-leader.timeout = 60s (default)
2023-03-07 04:41:25,769 INFO  server.RaftServerConfigKeys (ConfUtils.java:logGet(46)) - raft.server.read.timeout = 10s (default)
2023-03-07 04:41:25,769 INFO  server.RaftServerConfigKeys (ConfUtils.java:logGet(46)) - raft.server.retrycache.expirytime = 60s (default)
2023-03-07 04:41:25,769 INFO  server.RaftServerConfigKeys (ConfUtils.java:logGet(46)) - raft.server.retrycache.statistics.expirytime = 100μs (default)
2023-03-07 04:41:25,769 INFO  server.RaftServerConfigKeys (ConfUtils.java:logGet(46)) - raft.server.read.option = DEFAULT (default)
2023-03-07 04:41:25,770 INFO  server.RaftServerConfigKeys (ConfUtils.java:logGet(46)) - raft.server.log.appender.install.snapshot.enabled = true (default)
2023-03-07 04:41:25,770 INFO  server.RaftServerConfigKeys (ConfUtils.java:logGet(46)) - raft.server.threadpool.server.cached = true (default)
2023-03-07 04:41:25,770 INFO  server.RaftServerConfigKeys (ConfUtils.java:logGet(46)) - raft.server.threadpool.server.size = 0 (default)
2023-03-07 04:41:25,770 INFO  server.RaftServerConfigKeys (ConfUtils.java:logGet(46)) - raft.server.threadpool.client.cached = true (default)
2023-03-07 04:41:25,770 INFO  server.RaftServerConfigKeys (ConfUtils.java:logGet(46)) - raft.server.threadpool.client.size = 0 (default)
2023-03-07 04:41:25,772 INFO  server.RaftServer (RaftServerProxy.java:addNew(99)) - s14: addNew group-A82F1EDBF13F:[] returns      null s14@group-A82F1EDBF13F:t0, leader=null, voted=null, raftlog=UNINITIALIZED, conf=-1: peers:[]|listeners:[], old=null NEW
2023-03-07 04:41:25,772 INFO  server.RaftServerConfigKeys (ConfUtils.java:logGet(46)) - raft.server.storage.free-space.min = 0MB (=0) (default)
2023-03-07 04:41:25,772 INFO  server.RaftServerConfigKeys (ConfUtils.java:logGet(46)) - raft.server.log.corruption.policy = EXCEPTION (default)
2023-03-07 04:41:25,772 INFO  server.RaftServerConfigKeys (ConfUtils.java:logGet(46)) - raft.server.storage.dir = [/home/runner/work/ratis/ratis/ratis-examples/target/test/data/fa33b8e4/MiniRaftClusterWithNettye7083e71/s14] (custom)
2023-03-07 04:41:25,772 INFO  storage.RaftStorageDirectory (RaftStorageDirectoryImpl.java:analyzeStorage(138)) - The storage directory /home/runner/work/ratis/ratis/ratis-examples/target/test/data/fa33b8e4/MiniRaftClusterWithNettye7083e71/s14/b7243742-f885-4ba8-ad2e-a82f1edbf13f does not exist. Creating ...
2023-03-07 04:41:25,772 TRACE util.FileUtils (LogUtils.java:runAndLog(49)) - Successfully ran Files.createDirectories /home/runner/work/ratis/ratis/ratis-examples/target/test/data/fa33b8e4/MiniRaftClusterWithNettye7083e71/s14/b7243742-f885-4ba8-ad2e-a82f1edbf13f
2023-03-07 04:41:25,773 INFO  storage.RaftStorageDirectory (RaftStorageDirectoryImpl.java:tryLock(232)) - Lock on /home/runner/work/ratis/ratis/ratis-examples/target/test/data/fa33b8e4/MiniRaftClusterWithNettye7083e71/s14/b7243742-f885-4ba8-ad2e-a82f1edbf13f/in_use.lock acquired by nodename 15875@fv-az983-448
2023-03-07 04:41:25,773 TRACE util.FileUtils (LogUtils.java:runAndLog(49)) - Successfully ran Files.createDirectories /home/runner/work/ratis/ratis/ratis-examples/target/test/data/fa33b8e4/MiniRaftClusterWithNettye7083e71/s14/b7243742-f885-4ba8-ad2e-a82f1edbf13f/current
2023-03-07 04:41:25,773 TRACE util.FileUtils (LogUtils.java:runAndLog(49)) - Successfully ran Files.createDirectories /home/runner/work/ratis/ratis/ratis-examples/target/test/data/fa33b8e4/MiniRaftClusterWithNettye7083e71/s14/b7243742-f885-4ba8-ad2e-a82f1edbf13f/sm
2023-03-07 04:41:25,774 INFO  storage.RaftStorage (RaftStorageImpl.java:format(96)) - Storage directory /home/runner/work/ratis/ratis/ratis-examples/target/test/data/fa33b8e4/MiniRaftClusterWithNettye7083e71/s14/b7243742-f885-4ba8-ad2e-a82f1edbf13f has been successfully formatted.
2023-03-07 04:41:25,775 WARN  statemachine.StateMachine (ArithmeticStateMachine.java:loadSnapshot(116)) - The snapshot info is null.
2023-03-07 04:41:25,775 INFO  server.RaftServerConfigKeys (ConfUtils.java:logGet(46)) - raft.server.log.use.memory = false (default)
2023-03-07 04:41:25,775 INFO  server.RaftServerConfigKeys (ConfUtils.java:logGet(46)) - raft.server.log.purge.gap = 1024 (default)
2023-03-07 04:41:25,775 INFO  server.RaftServerConfigKeys (ConfUtils.java:logGet(46)) - raft.server.log.appender.buffer.byte-limit = 4MB (=4194304) (default)
2023-03-07 04:41:25,775 INFO  server.RaftServerConfigKeys (ConfUtils.java:logGet(46)) - raft.server.log.statemachine.data.read.timeout = 1000ms (default)
2023-03-07 04:41:25,775 INFO  server.RaftServerConfigKeys (ConfUtils.java:logGet(46)) - raft.server.log.purge.preservation.log.num = 0 (default)
2023-03-07 04:41:25,776 INFO  server.RaftServerConfigKeys (ConfUtils.java:logGet(46)) - raft.server.log.segment.size.max = 8MB (=8388608) (default)
2023-03-07 04:41:25,776 INFO  server.RaftServerConfigKeys (ConfUtils.java:logGet(46)) - raft.server.log.segment.cache.num.max = 6 (default)
2023-03-07 04:41:25,776 INFO  server.RaftServerConfigKeys (ConfUtils.java:logGet(46)) - raft.server.log.segment.cache.size.max = 200MB (=209715200) (default)
2023-03-07 04:41:25,776 INFO  server.RaftServerConfigKeys (ConfUtils.java:logGet(46)) - raft.server.log.appender.buffer.byte-limit = 4MB (=4194304) (default)
2023-03-07 04:41:25,776 INFO  segmented.SegmentedRaftLogWorker (SegmentedRaftLogWorker.java:<init>(183)) - new s14@group-A82F1EDBF13F-SegmentedRaftLogWorker for RaftStorageImpl:Storage Directory /home/runner/work/ratis/ratis/ratis-examples/target/test/data/fa33b8e4/MiniRaftClusterWithNettye7083e71/s14/b7243742-f885-4ba8-ad2e-a82f1edbf13f
2023-03-07 04:41:25,776 INFO  server.RaftServerConfigKeys (ConfUtils.java:logGet(46)) - raft.server.log.queue.byte-limit = 64MB (=67108864) (default)
2023-03-07 04:41:25,776 INFO  server.RaftServerConfigKeys (ConfUtils.java:logGet(46)) - raft.server.log.queue.element-limit = 4096 (default)
2023-03-07 04:41:25,776 INFO  server.RaftServerConfigKeys (ConfUtils.java:logGet(46)) - raft.server.log.segment.size.max = 8MB (=8388608) (default)
2023-03-07 04:41:25,776 INFO  server.RaftServerConfigKeys (ConfUtils.java:logGet(46)) - raft.server.log.preallocated.size = 4MB (=4194304) (default)
2023-03-07 04:41:25,776 INFO  server.RaftServerConfigKeys (ConfUtils.java:logGet(46)) - raft.server.log.force.sync.num = 128 (default)
2023-03-07 04:41:25,776 INFO  server.RaftServerConfigKeys (ConfUtils.java:logGet(46)) - raft.server.log.statemachine.data.sync = true (default)
2023-03-07 04:41:25,776 INFO  server.RaftServerConfigKeys (ConfUtils.java:logGet(46)) - raft.server.log.statemachine.data.sync.timeout = 10s (default)
2023-03-07 04:41:25,776 INFO  server.RaftServerConfigKeys (ConfUtils.java:logGet(46)) - raft.server.log.statemachine.data.sync.timeout.retry = -1 (default)
2023-03-07 04:41:25,776 INFO  server.RaftServerConfigKeys (ConfUtils.java:logGet(46)) - raft.server.log.write.buffer.size = 64KB (=65536) (default)
2023-03-07 04:41:25,776 INFO  server.RaftServerConfigKeys (ConfUtils.java:logGet(46)) - raft.server.log.appender.buffer.byte-limit = 4MB (=4194304) (default)
2023-03-07 04:41:25,780 INFO  server.RaftServerConfigKeys (ConfUtils.java:logGet(46)) - raft.server.log.unsafe-flush.enabled = false (default)
2023-03-07 04:41:25,780 INFO  server.RaftServerConfigKeys (ConfUtils.java:logGet(46)) - raft.server.log.async-flush.enabled = false (default)
2023-03-07 04:41:25,780 INFO  server.RaftServerConfigKeys (ConfUtils.java:logGet(46)) - raft.server.log.statemachine.data.caching.enabled = false (default)
2023-03-07 04:41:25,780 INFO  segmented.SegmentedRaftLogWorker (SegmentedRaftLogWorker.java:lambda$new$0(134)) - s14@group-A82F1EDBF13F-SegmentedRaftLogWorker: flushIndex: setUnconditionally 0 -> -1
2023-03-07 04:41:25,781 INFO  segmented.SegmentedRaftLogWorker (SegmentedRaftLogWorker.java:lambda$new$0(134)) - s14@group-A82F1EDBF13F-SegmentedRaftLogWorker: safeCacheEvictIndex: setUnconditionally 0 -> -1
2023-03-07 04:41:25,792 INFO  server.RaftServer$Division (RaftServerImpl.java:start(348)) - s14@group-A82F1EDBF13F: start with initializing state, conf=-1: peers:[]|listeners:[], old=null
2023-03-07 04:41:25,792 INFO  server.RaftServer$Division (RaftServerImpl.java:setRole(329)) - s14@group-A82F1EDBF13F: changes role from      null to FOLLOWER at term 0 for startInitializing
2023-03-07 04:41:25,792 INFO  util.JmxRegister (JmxRegister.java:tryRegister(44)) - Successfully registered JMX Bean with object name Ratis:service=RaftServer,group=group-A82F1EDBF13F,id=s14
2023-03-07 04:41:25,792 INFO  server.RaftServerConfigKeys (ConfUtils.java:logGet(46)) - raft.server.snapshot.auto.trigger.enabled = false (default)
2023-03-07 04:41:25,792 INFO  server.RaftServerConfigKeys (ConfUtils.java:logGet(46)) - raft.server.snapshot.retention.file.num = -1 (default)
2023-03-07 04:41:25,792 INFO  server.RaftServerConfigKeys (ConfUtils.java:logGet(46)) - raft.server.log.purge.upto.snapshot.index = false (default)
2023-03-07 04:41:25,801 INFO  logging.LoggingHandler (AbstractInternalLogger.java:log(148)) - [id: 0x923fd090, L:/0.0.0.0:40769] READ: [id: 0x6321cfec, L:/10.1.0.7:40769 - R:/10.1.0.7:45932]
2023-03-07 04:41:25,801 INFO  logging.LoggingHandler (AbstractInternalLogger.java:log(148)) - [id: 0x923fd090, L:/0.0.0.0:40769] READ COMPLETE
2023-03-07 04:41:25,802 INFO  server.RaftServer (RaftServerProxy.java:addNew(99)) - s2: addNew group-A82F1EDBF13F:[] returns group-A82F1EDBF13F:java.util.concurrent.CompletableFuture@19f8a396[Not completed]
2023-03-07 04:41:25,802 INFO  server.RaftServer$Division (RaftServerImpl.java:<init>(198)) - s2: new RaftServerImpl for group-A82F1EDBF13F:[] with ArithmeticStateMachine:uninitialized
2023-03-07 04:41:25,802 INFO  server.RaftServerConfigKeys (ConfUtils.java:logGet(46)) - raft.server.rpc.timeout.min = 300ms (custom)
2023-03-07 04:41:25,802 INFO  server.RaftServerConfigKeys (ConfUtils.java:logGet(46)) - raft.server.rpc.timeout.max = 600ms (custom)
2023-03-07 04:41:25,802 INFO  server.RaftServerConfigKeys (ConfUtils.java:logGet(46)) - raft.server.rpc.sleep.time = 25ms (default)
2023-03-07 04:41:25,802 INFO  server.RaftServerConfigKeys (ConfUtils.java:logGet(46)) - raft.server.rpc.slowness.timeout = 60s (default)
2023-03-07 04:41:25,802 INFO  server.RaftServerConfigKeys (ConfUtils.java:logGet(46)) - raft.server.leaderelection.leader.step-down.wait-time = 10s (default)
2023-03-07 04:41:25,802 INFO  server.RaftServerConfigKeys (ConfUtils.java:logGet(46)) - raft.server.sleep.deviation.threshold = 300ms (default)
2023-03-07 04:41:25,802 INFO  server.RaftServer$Division (ServerState.java:<init>(113)) - s2@group-A82F1EDBF13F: ConfigurationManager, init=-1: peers:[]|listeners:[], old=null, confs=<EMPTY_MAP>
2023-03-07 04:41:25,802 INFO  server.RaftServerConfigKeys (ConfUtils.java:logGet(46)) - raft.server.notification.no-leader.timeout = 60s (default)
2023-03-07 04:41:25,802 INFO  server.RaftServerConfigKeys (ConfUtils.java:logGet(46)) - raft.server.read.timeout = 10s (default)
2023-03-07 04:41:25,802 INFO  server.RaftServerConfigKeys (ConfUtils.java:logGet(46)) - raft.server.retrycache.expirytime = 60s (default)
2023-03-07 04:41:25,802 INFO  server.RaftServerConfigKeys (ConfUtils.java:logGet(46)) - raft.server.retrycache.statistics.expirytime = 100μs (default)
2023-03-07 04:41:25,802 INFO  server.RaftServerConfigKeys (ConfUtils.java:logGet(46)) - raft.server.read.option = DEFAULT (default)
2023-03-07 04:41:25,803 INFO  server.RaftServerConfigKeys (ConfUtils.java:logGet(46)) - raft.server.log.appender.install.snapshot.enabled = true (default)
2023-03-07 04:41:25,803 INFO  server.RaftServerConfigKeys (ConfUtils.java:logGet(46)) - raft.server.threadpool.server.cached = true (default)
2023-03-07 04:41:25,803 INFO  server.RaftServerConfigKeys (ConfUtils.java:logGet(46)) - raft.server.threadpool.server.size = 0 (default)
2023-03-07 04:41:25,803 INFO  server.RaftServerConfigKeys (ConfUtils.java:logGet(46)) - raft.server.threadpool.client.cached = true (default)
2023-03-07 04:41:25,803 INFO  server.RaftServerConfigKeys (ConfUtils.java:logGet(46)) - raft.server.threadpool.client.size = 0 (default)
2023-03-07 04:41:25,804 INFO  server.RaftServerConfigKeys (ConfUtils.java:logGet(46)) - raft.server.storage.free-space.min = 0MB (=0) (default)
2023-03-07 04:41:25,804 INFO  server.RaftServerConfigKeys (ConfUtils.java:logGet(46)) - raft.server.log.corruption.policy = EXCEPTION (default)
2023-03-07 04:41:25,804 INFO  server.RaftServerConfigKeys (ConfUtils.java:logGet(46)) - raft.server.storage.dir = [/home/runner/work/ratis/ratis/ratis-examples/target/test/data/fa33b8e4/MiniRaftClusterWithNettye7083e71/s2] (custom)
2023-03-07 04:41:25,804 INFO  storage.RaftStorageDirectory (RaftStorageDirectoryImpl.java:analyzeStorage(138)) - The storage directory /home/runner/work/ratis/ratis/ratis-examples/target/test/data/fa33b8e4/MiniRaftClusterWithNettye7083e71/s2/b7243742-f885-4ba8-ad2e-a82f1edbf13f does not exist. Creating ...
2023-03-07 04:41:25,804 TRACE util.FileUtils (LogUtils.java:runAndLog(49)) - Successfully ran Files.createDirectories /home/runner/work/ratis/ratis/ratis-examples/target/test/data/fa33b8e4/MiniRaftClusterWithNettye7083e71/s2/b7243742-f885-4ba8-ad2e-a82f1edbf13f
2023-03-07 04:41:25,805 INFO  storage.RaftStorageDirectory (RaftStorageDirectoryImpl.java:tryLock(232)) - Lock on /home/runner/work/ratis/ratis/ratis-examples/target/test/data/fa33b8e4/MiniRaftClusterWithNettye7083e71/s2/b7243742-f885-4ba8-ad2e-a82f1edbf13f/in_use.lock acquired by nodename 15875@fv-az983-448
2023-03-07 04:41:25,805 TRACE util.FileUtils (LogUtils.java:runAndLog(49)) - Successfully ran Files.createDirectories /home/runner/work/ratis/ratis/ratis-examples/target/test/data/fa33b8e4/MiniRaftClusterWithNettye7083e71/s2/b7243742-f885-4ba8-ad2e-a82f1edbf13f/current
2023-03-07 04:41:25,806 TRACE util.FileUtils (LogUtils.java:runAndLog(49)) - Successfully ran Files.createDirectories /home/runner/work/ratis/ratis/ratis-examples/target/test/data/fa33b8e4/MiniRaftClusterWithNettye7083e71/s2/b7243742-f885-4ba8-ad2e-a82f1edbf13f/sm
2023-03-07 04:41:25,806 INFO  storage.RaftStorage (RaftStorageImpl.java:format(96)) - Storage directory /home/runner/work/ratis/ratis/ratis-examples/target/test/data/fa33b8e4/MiniRaftClusterWithNettye7083e71/s2/b7243742-f885-4ba8-ad2e-a82f1edbf13f has been successfully formatted.
2023-03-07 04:41:25,806 WARN  statemachine.StateMachine (ArithmeticStateMachine.java:loadSnapshot(116)) - The snapshot info is null.
2023-03-07 04:41:25,807 INFO  server.RaftServerConfigKeys (ConfUtils.java:logGet(46)) - raft.server.log.use.memory = false (default)
2023-03-07 04:41:25,807 INFO  server.RaftServerConfigKeys (ConfUtils.java:logGet(46)) - raft.server.log.purge.gap = 1024 (default)
2023-03-07 04:41:25,807 INFO  server.RaftServerConfigKeys (ConfUtils.java:logGet(46)) - raft.server.log.appender.buffer.byte-limit = 4MB (=4194304) (default)
2023-03-07 04:41:25,807 INFO  server.RaftServerConfigKeys (ConfUtils.java:logGet(46)) - raft.server.log.statemachine.data.read.timeout = 1000ms (default)
2023-03-07 04:41:25,807 INFO  server.RaftServerConfigKeys (ConfUtils.java:logGet(46)) - raft.server.log.purge.preservation.log.num = 0 (default)
2023-03-07 04:41:25,807 INFO  server.RaftServerConfigKeys (ConfUtils.java:logGet(46)) - raft.server.log.segment.size.max = 8MB (=8388608) (default)
2023-03-07 04:41:25,808 INFO  server.RaftServerConfigKeys (ConfUtils.java:logGet(46)) - raft.server.log.segment.cache.num.max = 6 (default)
2023-03-07 04:41:25,808 INFO  server.RaftServerConfigKeys (ConfUtils.java:logGet(46)) - raft.server.log.segment.cache.size.max = 200MB (=209715200) (default)
2023-03-07 04:41:25,808 INFO  server.RaftServerConfigKeys (ConfUtils.java:logGet(46)) - raft.server.log.appender.buffer.byte-limit = 4MB (=4194304) (default)
2023-03-07 04:41:25,808 INFO  segmented.SegmentedRaftLogWorker (SegmentedRaftLogWorker.java:<init>(183)) - new s2@group-A82F1EDBF13F-SegmentedRaftLogWorker for RaftStorageImpl:Storage Directory /home/runner/work/ratis/ratis/ratis-examples/target/test/data/fa33b8e4/MiniRaftClusterWithNettye7083e71/s2/b7243742-f885-4ba8-ad2e-a82f1edbf13f
2023-03-07 04:41:25,808 INFO  server.RaftServerConfigKeys (ConfUtils.java:logGet(46)) - raft.server.log.queue.byte-limit = 64MB (=67108864) (default)
2023-03-07 04:41:25,808 INFO  server.RaftServerConfigKeys (ConfUtils.java:logGet(46)) - raft.server.log.queue.element-limit = 4096 (default)
2023-03-07 04:41:25,808 INFO  server.RaftServerConfigKeys (ConfUtils.java:logGet(46)) - raft.server.log.segment.size.max = 8MB (=8388608) (default)
2023-03-07 04:41:25,808 INFO  server.RaftServerConfigKeys (ConfUtils.java:logGet(46)) - raft.server.log.preallocated.size = 4MB (=4194304) (default)
2023-03-07 04:41:25,808 INFO  server.RaftServerConfigKeys (ConfUtils.java:logGet(46)) - raft.server.log.force.sync.num = 128 (default)
2023-03-07 04:41:25,808 INFO  server.RaftServerConfigKeys (ConfUtils.java:logGet(46)) - raft.server.log.statemachine.data.sync = true (default)
2023-03-07 04:41:25,808 INFO  server.RaftServerConfigKeys (ConfUtils.java:logGet(46)) - raft.server.log.statemachine.data.sync.timeout = 10s (default)
2023-03-07 04:41:25,808 INFO  server.RaftServerConfigKeys (ConfUtils.java:logGet(46)) - raft.server.log.statemachine.data.sync.timeout.retry = -1 (default)
2023-03-07 04:41:25,808 INFO  server.RaftServerConfigKeys (ConfUtils.java:logGet(46)) - raft.server.log.write.buffer.size = 64KB (=65536) (default)
2023-03-07 04:41:25,808 INFO  server.RaftServerConfigKeys (ConfUtils.java:logGet(46)) - raft.server.log.appender.buffer.byte-limit = 4MB (=4194304) (default)
2023-03-07 04:41:25,809 INFO  server.RaftServerConfigKeys (ConfUtils.java:logGet(46)) - raft.server.log.unsafe-flush.enabled = false (default)
2023-03-07 04:41:25,809 INFO  server.RaftServerConfigKeys (ConfUtils.java:logGet(46)) - raft.server.log.async-flush.enabled = false (default)
2023-03-07 04:41:25,809 INFO  server.RaftServerConfigKeys (ConfUtils.java:logGet(46)) - raft.server.log.statemachine.data.caching.enabled = false (default)
2023-03-07 04:41:25,809 INFO  segmented.SegmentedRaftLogWorker (SegmentedRaftLogWorker.java:lambda$new$0(134)) - s2@group-A82F1EDBF13F-SegmentedRaftLogWorker: flushIndex: setUnconditionally 0 -> -1
2023-03-07 04:41:25,809 INFO  segmented.SegmentedRaftLogWorker (SegmentedRaftLogWorker.java:lambda$new$0(134)) - s2@group-A82F1EDBF13F-SegmentedRaftLogWorker: safeCacheEvictIndex: setUnconditionally 0 -> -1
2023-03-07 04:41:25,809 INFO  server.RaftServer$Division (RaftServerImpl.java:start(348)) - s2@group-A82F1EDBF13F: start with initializing state, conf=-1: peers:[]|listeners:[], old=null
2023-03-07 04:41:25,809 INFO  server.RaftServer$Division (RaftServerImpl.java:setRole(329)) - s2@group-A82F1EDBF13F: changes role from      null to FOLLOWER at term 0 for startInitializing
2023-03-07 04:41:25,809 INFO  util.JmxRegister (JmxRegister.java:tryRegister(44)) - Successfully registered JMX Bean with object name Ratis:service=RaftServer,group=group-A82F1EDBF13F,id=s2
2023-03-07 04:41:25,809 INFO  server.RaftServerConfigKeys (ConfUtils.java:logGet(46)) - raft.server.snapshot.auto.trigger.enabled = false (default)
2023-03-07 04:41:25,809 INFO  server.RaftServerConfigKeys (ConfUtils.java:logGet(46)) - raft.server.snapshot.retention.file.num = -1 (default)
2023-03-07 04:41:25,810 INFO  server.RaftServerConfigKeys (ConfUtils.java:logGet(46)) - raft.server.log.purge.upto.snapshot.index = false (default)
2023-03-07 04:41:25,813 INFO  impl.GroupManagementBaseTest (GroupManagementBaseTest.java:runMultiGroupTest(322)) - 3) groupAdd: printing group-7D579A2BF85B
2023-03-07 04:41:25,814 INFO  logging.LoggingHandler (AbstractInternalLogger.java:log(148)) - [id: 0x93522211, L:/0.0.0.0:34427] READ: [id: 0x9e19d63c, L:/10.1.0.7:34427 - R:/10.1.0.7:51686]
2023-03-07 04:41:25,814 INFO  logging.LoggingHandler (AbstractInternalLogger.java:log(148)) - [id: 0x93522211, L:/0.0.0.0:34427] READ COMPLETE
2023-03-07 04:41:25,815 INFO  server.RaftServer (RaftServerProxy.java:addNew(99)) - s4: addNew group-A82F1EDBF13F:[] returns group-A82F1EDBF13F:java.util.concurrent.CompletableFuture@357d6d87[Not completed]
2023-03-07 04:41:25,815 INFO  server.RaftServer$Division (RaftServerImpl.java:<init>(198)) - s4: new RaftServerImpl for group-A82F1EDBF13F:[] with ArithmeticStateMachine:uninitialized
2023-03-07 04:41:25,815 INFO  server.RaftServerConfigKeys (ConfUtils.java:logGet(46)) - raft.server.rpc.timeout.min = 300ms (custom)
2023-03-07 04:41:25,815 INFO  server.RaftServerConfigKeys (ConfUtils.java:logGet(46)) - raft.server.rpc.timeout.max = 600ms (custom)
2023-03-07 04:41:25,815 INFO  server.RaftServerConfigKeys (ConfUtils.java:logGet(46)) - raft.server.rpc.sleep.time = 25ms (default)
2023-03-07 04:41:25,815 INFO  server.RaftServerConfigKeys (ConfUtils.java:logGet(46)) - raft.server.rpc.slowness.timeout = 60s (default)
2023-03-07 04:41:25,815 INFO  server.RaftServerConfigKeys (ConfUtils.java:logGet(46)) - raft.server.leaderelection.leader.step-down.wait-time = 10s (default)
2023-03-07 04:41:25,815 INFO  server.RaftServerConfigKeys (ConfUtils.java:logGet(46)) - raft.server.sleep.deviation.threshold = 300ms (default)
2023-03-07 04:41:25,815 INFO  server.RaftServer$Division (ServerState.java:<init>(113)) - s4@group-A82F1EDBF13F: ConfigurationManager, init=-1: peers:[]|listeners:[], old=null, confs=<EMPTY_MAP>
2023-03-07 04:41:25,815 INFO  server.RaftServerConfigKeys (ConfUtils.java:logGet(46)) - raft.server.notification.no-leader.timeout = 60s (default)
2023-03-07 04:41:25,815 INFO  server.RaftServerConfigKeys (ConfUtils.java:logGet(46)) - raft.server.read.timeout = 10s (default)
2023-03-07 04:41:25,816 INFO  server.RaftServerConfigKeys (ConfUtils.java:logGet(46)) - raft.server.retrycache.expirytime = 60s (default)
2023-03-07 04:41:25,816 INFO  server.RaftServerConfigKeys (ConfUtils.java:logGet(46)) - raft.server.retrycache.statistics.expirytime = 100μs (default)
2023-03-07 04:41:25,816 INFO  server.RaftServerConfigKeys (ConfUtils.java:logGet(46)) - raft.server.read.option = DEFAULT (default)
2023-03-07 04:41:25,817 INFO  server.RaftServerConfigKeys (ConfUtils.java:logGet(46)) - raft.server.log.appender.install.snapshot.enabled = true (default)
2023-03-07 04:41:25,817 INFO  server.RaftServerConfigKeys (ConfUtils.java:logGet(46)) - raft.server.threadpool.server.cached = true (default)
2023-03-07 04:41:25,817 INFO  server.RaftServerConfigKeys (ConfUtils.java:logGet(46)) - raft.server.threadpool.server.size = 0 (default)
2023-03-07 04:41:25,817 INFO  server.RaftServerConfigKeys (ConfUtils.java:logGet(46)) - raft.server.threadpool.client.cached = true (default)
2023-03-07 04:41:25,817 INFO  server.RaftServerConfigKeys (ConfUtils.java:logGet(46)) - raft.server.threadpool.client.size = 0 (default)
2023-03-07 04:41:25,817 INFO  server.RaftServerConfigKeys (ConfUtils.java:logGet(46)) - raft.server.storage.free-space.min = 0MB (=0) (default)
2023-03-07 04:41:25,817 INFO  server.RaftServerConfigKeys (ConfUtils.java:logGet(46)) - raft.server.log.corruption.policy = EXCEPTION (default)
2023-03-07 04:41:25,817 INFO  server.RaftServerConfigKeys (ConfUtils.java:logGet(46)) - raft.server.storage.dir = [/home/runner/work/ratis/ratis/ratis-examples/target/test/data/fa33b8e4/MiniRaftClusterWithNettye7083e71/s4] (custom)
2023-03-07 04:41:25,817 INFO  storage.RaftStorageDirectory (RaftStorageDirectoryImpl.java:analyzeStorage(138)) - The storage directory /home/runner/work/ratis/ratis/ratis-examples/target/test/data/fa33b8e4/MiniRaftClusterWithNettye7083e71/s4/b7243742-f885-4ba8-ad2e-a82f1edbf13f does not exist. Creating ...
2023-03-07 04:41:25,817 TRACE util.FileUtils (LogUtils.java:runAndLog(49)) - Successfully ran Files.createDirectories /home/runner/work/ratis/ratis/ratis-examples/target/test/data/fa33b8e4/MiniRaftClusterWithNettye7083e71/s4/b7243742-f885-4ba8-ad2e-a82f1edbf13f
2023-03-07 04:41:25,819 INFO  storage.RaftStorageDirectory (RaftStorageDirectoryImpl.java:tryLock(232)) - Lock on /home/runner/work/ratis/ratis/ratis-examples/target/test/data/fa33b8e4/MiniRaftClusterWithNettye7083e71/s4/b7243742-f885-4ba8-ad2e-a82f1edbf13f/in_use.lock acquired by nodename 15875@fv-az983-448
2023-03-07 04:41:25,819 TRACE util.FileUtils (LogUtils.java:runAndLog(49)) - Successfully ran Files.createDirectories /home/runner/work/ratis/ratis/ratis-examples/target/test/data/fa33b8e4/MiniRaftClusterWithNettye7083e71/s4/b7243742-f885-4ba8-ad2e-a82f1edbf13f/current
2023-03-07 04:41:25,819 TRACE util.FileUtils (LogUtils.java:runAndLog(49)) - Successfully ran Files.createDirectories /home/runner/work/ratis/ratis/ratis-examples/target/test/data/fa33b8e4/MiniRaftClusterWithNettye7083e71/s4/b7243742-f885-4ba8-ad2e-a82f1edbf13f/sm
2023-03-07 04:41:25,820 INFO  storage.RaftStorage (RaftStorageImpl.java:format(96)) - Storage directory /home/runner/work/ratis/ratis/ratis-examples/target/test/data/fa33b8e4/MiniRaftClusterWithNettye7083e71/s4/b7243742-f885-4ba8-ad2e-a82f1edbf13f has been successfully formatted.
2023-03-07 04:41:25,820 WARN  statemachine.StateMachine (ArithmeticStateMachine.java:loadSnapshot(116)) - The snapshot info is null.
2023-03-07 04:41:25,820 INFO  server.RaftServerConfigKeys (ConfUtils.java:logGet(46)) - raft.server.log.use.memory = false (default)
2023-03-07 04:41:25,820 INFO  server.RaftServerConfigKeys (ConfUtils.java:logGet(46)) - raft.server.log.purge.gap = 1024 (default)
2023-03-07 04:41:25,820 INFO  server.RaftServerConfigKeys (ConfUtils.java:logGet(46)) - raft.server.log.appender.buffer.byte-limit = 4MB (=4194304) (default)
2023-03-07 04:41:25,820 INFO  server.RaftServerConfigKeys (ConfUtils.java:logGet(46)) - raft.server.log.statemachine.data.read.timeout = 1000ms (default)
2023-03-07 04:41:25,820 INFO  server.RaftServerConfigKeys (ConfUtils.java:logGet(46)) - raft.server.log.purge.preservation.log.num = 0 (default)
2023-03-07 04:41:25,821 INFO  server.RaftServerConfigKeys (ConfUtils.java:logGet(46)) - raft.server.log.segment.size.max = 8MB (=8388608) (default)
2023-03-07 04:41:25,821 INFO  server.RaftServerConfigKeys (ConfUtils.java:logGet(46)) - raft.server.log.segment.cache.num.max = 6 (default)
2023-03-07 04:41:25,821 INFO  server.RaftServerConfigKeys (ConfUtils.java:logGet(46)) - raft.server.log.segment.cache.size.max = 200MB (=209715200) (default)
2023-03-07 04:41:25,821 INFO  server.RaftServerConfigKeys (ConfUtils.java:logGet(46)) - raft.server.log.appender.buffer.byte-limit = 4MB (=4194304) (default)
2023-03-07 04:41:25,821 INFO  segmented.SegmentedRaftLogWorker (SegmentedRaftLogWorker.java:<init>(183)) - new s4@group-A82F1EDBF13F-SegmentedRaftLogWorker for RaftStorageImpl:Storage Directory /home/runner/work/ratis/ratis/ratis-examples/target/test/data/fa33b8e4/MiniRaftClusterWithNettye7083e71/s4/b7243742-f885-4ba8-ad2e-a82f1edbf13f
2023-03-07 04:41:25,821 INFO  server.RaftServerConfigKeys (ConfUtils.java:logGet(46)) - raft.server.log.queue.byte-limit = 64MB (=67108864) (default)
2023-03-07 04:41:25,821 INFO  server.RaftServerConfigKeys (ConfUtils.java:logGet(46)) - raft.server.log.queue.element-limit = 4096 (default)
2023-03-07 04:41:25,821 INFO  server.RaftServerConfigKeys (ConfUtils.java:logGet(46)) - raft.server.log.segment.size.max = 8MB (=8388608) (default)
2023-03-07 04:41:25,821 INFO  server.RaftServerConfigKeys (ConfUtils.java:logGet(46)) - raft.server.log.preallocated.size = 4MB (=4194304) (default)
2023-03-07 04:41:25,821 INFO  server.RaftServerConfigKeys (ConfUtils.java:logGet(46)) - raft.server.log.force.sync.num = 128 (default)
2023-03-07 04:41:25,821 INFO  server.RaftServerConfigKeys (ConfUtils.java:logGet(46)) - raft.server.log.statemachine.data.sync = true (default)
2023-03-07 04:41:25,821 INFO  server.RaftServerConfigKeys (ConfUtils.java:logGet(46)) - raft.server.log.statemachine.data.sync.timeout = 10s (default)
2023-03-07 04:41:25,821 INFO  server.RaftServerConfigKeys (ConfUtils.java:logGet(46)) - raft.server.log.statemachine.data.sync.timeout.retry = -1 (default)
2023-03-07 04:41:25,821 INFO  server.RaftServerConfigKeys (ConfUtils.java:logGet(46)) - raft.server.log.write.buffer.size = 64KB (=65536) (default)
2023-03-07 04:41:25,821 INFO  server.RaftServerConfigKeys (ConfUtils.java:logGet(46)) - raft.server.log.appender.buffer.byte-limit = 4MB (=4194304) (default)
2023-03-07 04:41:25,822 INFO  server.RaftServerConfigKeys (ConfUtils.java:logGet(46)) - raft.server.log.unsafe-flush.enabled = false (default)
2023-03-07 04:41:25,822 INFO  server.RaftServerConfigKeys (ConfUtils.java:logGet(46)) - raft.server.log.async-flush.enabled = false (default)
2023-03-07 04:41:25,822 INFO  server.RaftServerConfigKeys (ConfUtils.java:logGet(46)) - raft.server.log.statemachine.data.caching.enabled = false (default)
2023-03-07 04:41:25,822 INFO  segmented.SegmentedRaftLogWorker (SegmentedRaftLogWorker.java:lambda$new$0(134)) - s4@group-A82F1EDBF13F-SegmentedRaftLogWorker: flushIndex: setUnconditionally 0 -> -1
2023-03-07 04:41:25,822 INFO  segmented.SegmentedRaftLogWorker (SegmentedRaftLogWorker.java:lambda$new$0(134)) - s4@group-A82F1EDBF13F-SegmentedRaftLogWorker: safeCacheEvictIndex: setUnconditionally 0 -> -1
2023-03-07 04:41:25,822 INFO  server.RaftServer$Division (RaftServerImpl.java:start(348)) - s4@group-A82F1EDBF13F: start with initializing state, conf=-1: peers:[]|listeners:[], old=null
2023-03-07 04:41:25,822 INFO  server.RaftServer$Division (RaftServerImpl.java:setRole(329)) - s4@group-A82F1EDBF13F: changes role from      null to FOLLOWER at term 0 for startInitializing
2023-03-07 04:41:25,822 INFO  util.JmxRegister (JmxRegister.java:tryRegister(44)) - Successfully registered JMX Bean with object name Ratis:service=RaftServer,group=group-A82F1EDBF13F,id=s4
2023-03-07 04:41:25,822 INFO  server.RaftServerConfigKeys (ConfUtils.java:logGet(46)) - raft.server.snapshot.auto.trigger.enabled = false (default)
2023-03-07 04:41:25,822 INFO  server.RaftServerConfigKeys (ConfUtils.java:logGet(46)) - raft.server.snapshot.retention.file.num = -1 (default)
2023-03-07 04:41:25,822 INFO  server.RaftServerConfigKeys (ConfUtils.java:logGet(46)) - raft.server.log.purge.upto.snapshot.index = false (default)
2023-03-07 04:41:25,828 INFO  logging.LoggingHandler (AbstractInternalLogger.java:log(148)) - [id: 0xaf09a42a, L:/0.0.0.0:35843] READ: [id: 0xf7400424, L:/10.1.0.7:35843 - R:/10.1.0.7:53060]
2023-03-07 04:41:25,828 INFO  logging.LoggingHandler (AbstractInternalLogger.java:log(148)) - [id: 0xaf09a42a, L:/0.0.0.0:35843] READ COMPLETE
2023-03-07 04:41:25,829 INFO  server.RaftServer (RaftServerProxy.java:addNew(99)) - s5: addNew group-A82F1EDBF13F:[] returns group-A82F1EDBF13F:java.util.concurrent.CompletableFuture@7af04c08[Not completed]
2023-03-07 04:41:25,829 INFO  server.RaftServer$Division (RaftServerImpl.java:<init>(198)) - s5: new RaftServerImpl for group-A82F1EDBF13F:[] with ArithmeticStateMachine:uninitialized
2023-03-07 04:41:25,829 INFO  server.RaftServerConfigKeys (ConfUtils.java:logGet(46)) - raft.server.rpc.timeout.min = 300ms (custom)
2023-03-07 04:41:25,829 INFO  server.RaftServerConfigKeys (ConfUtils.java:logGet(46)) - raft.server.rpc.timeout.max = 600ms (custom)
2023-03-07 04:41:25,829 INFO  server.RaftServerConfigKeys (ConfUtils.java:logGet(46)) - raft.server.rpc.sleep.time = 25ms (default)
2023-03-07 04:41:25,829 INFO  server.RaftServerConfigKeys (ConfUtils.java:logGet(46)) - raft.server.rpc.slowness.timeout = 60s (default)
2023-03-07 04:41:25,829 INFO  server.RaftServerConfigKeys (ConfUtils.java:logGet(46)) - raft.server.leaderelection.leader.step-down.wait-time = 10s (default)
2023-03-07 04:41:25,829 INFO  server.RaftServerConfigKeys (ConfUtils.java:logGet(46)) - raft.server.sleep.deviation.threshold = 300ms (default)
2023-03-07 04:41:25,829 INFO  server.RaftServer$Division (ServerState.java:<init>(113)) - s5@group-A82F1EDBF13F: ConfigurationManager, init=-1: peers:[]|listeners:[], old=null, confs=<EMPTY_MAP>
2023-03-07 04:41:25,829 INFO  server.RaftServerConfigKeys (ConfUtils.java:logGet(46)) - raft.server.notification.no-leader.timeout = 60s (default)
2023-03-07 04:41:25,829 INFO  server.RaftServerConfigKeys (ConfUtils.java:logGet(46)) - raft.server.read.timeout = 10s (default)
2023-03-07 04:41:25,829 INFO  server.RaftServerConfigKeys (ConfUtils.java:logGet(46)) - raft.server.retrycache.expirytime = 60s (default)
2023-03-07 04:41:25,829 INFO  server.RaftServerConfigKeys (ConfUtils.java:logGet(46)) - raft.server.retrycache.statistics.expirytime = 100μs (default)
2023-03-07 04:41:25,829 INFO  server.RaftServerConfigKeys (ConfUtils.java:logGet(46)) - raft.server.read.option = DEFAULT (default)
2023-03-07 04:41:25,830 INFO  server.RaftServerConfigKeys (ConfUtils.java:logGet(46)) - raft.server.log.appender.install.snapshot.enabled = true (default)
2023-03-07 04:41:25,830 INFO  server.RaftServerConfigKeys (ConfUtils.java:logGet(46)) - raft.server.threadpool.server.cached = true (default)
2023-03-07 04:41:25,830 INFO  server.RaftServerConfigKeys (ConfUtils.java:logGet(46)) - raft.server.threadpool.server.size = 0 (default)
2023-03-07 04:41:25,830 INFO  server.RaftServerConfigKeys (ConfUtils.java:logGet(46)) - raft.server.threadpool.client.cached = true (default)
2023-03-07 04:41:25,830 INFO  server.RaftServerConfigKeys (ConfUtils.java:logGet(46)) - raft.server.threadpool.client.size = 0 (default)
2023-03-07 04:41:25,830 INFO  server.RaftServerConfigKeys (ConfUtils.java:logGet(46)) - raft.server.storage.free-space.min = 0MB (=0) (default)
2023-03-07 04:41:25,830 INFO  server.RaftServerConfigKeys (ConfUtils.java:logGet(46)) - raft.server.log.corruption.policy = EXCEPTION (default)
2023-03-07 04:41:25,830 INFO  server.RaftServerConfigKeys (ConfUtils.java:logGet(46)) - raft.server.storage.dir = [/home/runner/work/ratis/ratis/ratis-examples/target/test/data/fa33b8e4/MiniRaftClusterWithNettye7083e71/s5] (custom)
2023-03-07 04:41:25,831 INFO  storage.RaftStorageDirectory (RaftStorageDirectoryImpl.java:analyzeStorage(138)) - The storage directory /home/runner/work/ratis/ratis/ratis-examples/target/test/data/fa33b8e4/MiniRaftClusterWithNettye7083e71/s5/b7243742-f885-4ba8-ad2e-a82f1edbf13f does not exist. Creating ...
2023-03-07 04:41:25,831 TRACE util.FileUtils (LogUtils.java:runAndLog(49)) - Successfully ran Files.createDirectories /home/runner/work/ratis/ratis/ratis-examples/target/test/data/fa33b8e4/MiniRaftClusterWithNettye7083e71/s5/b7243742-f885-4ba8-ad2e-a82f1edbf13f
2023-03-07 04:41:25,832 INFO  storage.RaftStorageDirectory (RaftStorageDirectoryImpl.java:tryLock(232)) - Lock on /home/runner/work/ratis/ratis/ratis-examples/target/test/data/fa33b8e4/MiniRaftClusterWithNettye7083e71/s5/b7243742-f885-4ba8-ad2e-a82f1edbf13f/in_use.lock acquired by nodename 15875@fv-az983-448
2023-03-07 04:41:25,833 TRACE util.FileUtils (LogUtils.java:runAndLog(49)) - Successfully ran Files.createDirectories /home/runner/work/ratis/ratis/ratis-examples/target/test/data/fa33b8e4/MiniRaftClusterWithNettye7083e71/s5/b7243742-f885-4ba8-ad2e-a82f1edbf13f/current
2023-03-07 04:41:25,833 TRACE util.FileUtils (LogUtils.java:runAndLog(49)) - Successfully ran Files.createDirectories /home/runner/work/ratis/ratis/ratis-examples/target/test/data/fa33b8e4/MiniRaftClusterWithNettye7083e71/s5/b7243742-f885-4ba8-ad2e-a82f1edbf13f/sm
2023-03-07 04:41:25,834 INFO  storage.RaftStorage (RaftStorageImpl.java:format(96)) - Storage directory /home/runner/work/ratis/ratis/ratis-examples/target/test/data/fa33b8e4/MiniRaftClusterWithNettye7083e71/s5/b7243742-f885-4ba8-ad2e-a82f1edbf13f has been successfully formatted.
2023-03-07 04:41:25,834 WARN  statemachine.StateMachine (ArithmeticStateMachine.java:loadSnapshot(116)) - The snapshot info is null.
2023-03-07 04:41:25,834 INFO  server.RaftServerConfigKeys (ConfUtils.java:logGet(46)) - raft.server.log.use.memory = false (default)
2023-03-07 04:41:25,834 INFO  server.RaftServerConfigKeys (ConfUtils.java:logGet(46)) - raft.server.log.purge.gap = 1024 (default)
2023-03-07 04:41:25,834 INFO  server.RaftServerConfigKeys (ConfUtils.java:logGet(46)) - raft.server.log.appender.buffer.byte-limit = 4MB (=4194304) (default)
2023-03-07 04:41:25,834 INFO  server.RaftServerConfigKeys (ConfUtils.java:logGet(46)) - raft.server.log.statemachine.data.read.timeout = 1000ms (default)
2023-03-07 04:41:25,834 INFO  server.RaftServerConfigKeys (ConfUtils.java:logGet(46)) - raft.server.log.purge.preservation.log.num = 0 (default)
2023-03-07 04:41:25,835 INFO  server.RaftServerConfigKeys (ConfUtils.java:logGet(46)) - raft.server.log.segment.size.max = 8MB (=8388608) (default)
2023-03-07 04:41:25,835 INFO  server.RaftServerConfigKeys (ConfUtils.java:logGet(46)) - raft.server.log.segment.cache.num.max = 6 (default)
2023-03-07 04:41:25,835 INFO  server.RaftServerConfigKeys (ConfUtils.java:logGet(46)) - raft.server.log.segment.cache.size.max = 200MB (=209715200) (default)
2023-03-07 04:41:25,835 INFO  server.RaftServerConfigKeys (ConfUtils.java:logGet(46)) - raft.server.log.appender.buffer.byte-limit = 4MB (=4194304) (default)
2023-03-07 04:41:25,835 INFO  segmented.SegmentedRaftLogWorker (SegmentedRaftLogWorker.java:<init>(183)) - new s5@group-A82F1EDBF13F-SegmentedRaftLogWorker for RaftStorageImpl:Storage Directory /home/runner/work/ratis/ratis/ratis-examples/target/test/data/fa33b8e4/MiniRaftClusterWithNettye7083e71/s5/b7243742-f885-4ba8-ad2e-a82f1edbf13f
2023-03-07 04:41:25,835 INFO  server.RaftServerConfigKeys (ConfUtils.java:logGet(46)) - raft.server.log.queue.byte-limit = 64MB (=67108864) (default)
2023-03-07 04:41:25,835 INFO  server.RaftServerConfigKeys (ConfUtils.java:logGet(46)) - raft.server.log.queue.element-limit = 4096 (default)
2023-03-07 04:41:25,835 INFO  server.RaftServerConfigKeys (ConfUtils.java:logGet(46)) - raft.server.log.segment.size.max = 8MB (=8388608) (default)
2023-03-07 04:41:25,835 INFO  server.RaftServerConfigKeys (ConfUtils.java:logGet(46)) - raft.server.log.preallocated.size = 4MB (=4194304) (default)
2023-03-07 04:41:25,835 INFO  server.RaftServerConfigKeys (ConfUtils.java:logGet(46)) - raft.server.log.force.sync.num = 128 (default)
2023-03-07 04:41:25,835 INFO  server.RaftServerConfigKeys (ConfUtils.java:logGet(46)) - raft.server.log.statemachine.data.sync = true (default)
2023-03-07 04:41:25,835 INFO  server.RaftServerConfigKeys (ConfUtils.java:logGet(46)) - raft.server.log.statemachine.data.sync.timeout = 10s (default)
2023-03-07 04:41:25,835 INFO  server.RaftServerConfigKeys (ConfUtils.java:logGet(46)) - raft.server.log.statemachine.data.sync.timeout.retry = -1 (default)
2023-03-07 04:41:25,835 INFO  server.RaftServerConfigKeys (ConfUtils.java:logGet(46)) - raft.server.log.write.buffer.size = 64KB (=65536) (default)
2023-03-07 04:41:25,835 INFO  server.RaftServerConfigKeys (ConfUtils.java:logGet(46)) - raft.server.log.appender.buffer.byte-limit = 4MB (=4194304) (default)
2023-03-07 04:41:25,836 INFO  server.RaftServerConfigKeys (ConfUtils.java:logGet(46)) - raft.server.log.unsafe-flush.enabled = false (default)
2023-03-07 04:41:25,836 INFO  server.RaftServerConfigKeys (ConfUtils.java:logGet(46)) - raft.server.log.async-flush.enabled = false (default)
2023-03-07 04:41:25,836 INFO  server.RaftServerConfigKeys (ConfUtils.java:logGet(46)) - raft.server.log.statemachine.data.caching.enabled = false (default)
2023-03-07 04:41:25,836 INFO  segmented.SegmentedRaftLogWorker (SegmentedRaftLogWorker.java:lambda$new$0(134)) - s5@group-A82F1EDBF13F-SegmentedRaftLogWorker: flushIndex: setUnconditionally 0 -> -1
2023-03-07 04:41:25,836 INFO  segmented.SegmentedRaftLogWorker (SegmentedRaftLogWorker.java:lambda$new$0(134)) - s5@group-A82F1EDBF13F-SegmentedRaftLogWorker: safeCacheEvictIndex: setUnconditionally 0 -> -1
2023-03-07 04:41:25,836 INFO  server.RaftServer$Division (RaftServerImpl.java:start(348)) - s5@group-A82F1EDBF13F: start with initializing state, conf=-1: peers:[]|listeners:[], old=null
2023-03-07 04:41:25,836 INFO  server.RaftServer$Division (RaftServerImpl.java:setRole(329)) - s5@group-A82F1EDBF13F: changes role from      null to FOLLOWER at term 0 for startInitializing
2023-03-07 04:41:25,836 INFO  util.JmxRegister (JmxRegister.java:tryRegister(44)) - Successfully registered JMX Bean with object name Ratis:service=RaftServer,group=group-A82F1EDBF13F,id=s5
2023-03-07 04:41:25,836 INFO  server.RaftServerConfigKeys (ConfUtils.java:logGet(46)) - raft.server.snapshot.auto.trigger.enabled = false (default)
2023-03-07 04:41:25,836 INFO  server.RaftServerConfigKeys (ConfUtils.java:logGet(46)) - raft.server.snapshot.retention.file.num = -1 (default)
2023-03-07 04:41:25,836 INFO  server.RaftServerConfigKeys (ConfUtils.java:logGet(46)) - raft.server.log.purge.upto.snapshot.index = false (default)
2023-03-07 04:41:25,856 INFO  logging.LoggingHandler (AbstractInternalLogger.java:log(148)) - [id: 0x331f7887, L:/0.0.0.0:43509] READ: [id: 0x414b11e0, L:/10.1.0.7:43509 - R:/10.1.0.7:37740]
2023-03-07 04:41:25,857 INFO  logging.LoggingHandler (AbstractInternalLogger.java:log(148)) - [id: 0x331f7887, L:/0.0.0.0:43509] READ COMPLETE
2023-03-07 04:41:25,857 INFO  server.RaftServer (RaftServerProxy.java:addNew(99)) - s6: addNew group-A82F1EDBF13F:[] returns group-A82F1EDBF13F:java.util.concurrent.CompletableFuture@1bc6cc49[Not completed]
2023-03-07 04:41:25,857 INFO  server.RaftServer$Division (RaftServerImpl.java:<init>(198)) - s6: new RaftServerImpl for group-A82F1EDBF13F:[] with ArithmeticStateMachine:uninitialized
2023-03-07 04:41:25,858 INFO  server.RaftServerConfigKeys (ConfUtils.java:logGet(46)) - raft.server.rpc.timeout.min = 300ms (custom)
2023-03-07 04:41:25,858 INFO  server.RaftServerConfigKeys (ConfUtils.java:logGet(46)) - raft.server.rpc.timeout.max = 600ms (custom)
2023-03-07 04:41:25,858 INFO  server.RaftServerConfigKeys (ConfUtils.java:logGet(46)) - raft.server.rpc.sleep.time = 25ms (default)
2023-03-07 04:41:25,858 INFO  server.RaftServerConfigKeys (ConfUtils.java:logGet(46)) - raft.server.rpc.slowness.timeout = 60s (default)
2023-03-07 04:41:25,858 INFO  server.RaftServerConfigKeys (ConfUtils.java:logGet(46)) - raft.server.leaderelection.leader.step-down.wait-time = 10s (default)
2023-03-07 04:41:25,858 INFO  server.RaftServerConfigKeys (ConfUtils.java:logGet(46)) - raft.server.sleep.deviation.threshold = 300ms (default)
2023-03-07 04:41:25,858 INFO  server.RaftServer$Division (ServerState.java:<init>(113)) - s6@group-A82F1EDBF13F: ConfigurationManager, init=-1: peers:[]|listeners:[], old=null, confs=<EMPTY_MAP>
2023-03-07 04:41:25,858 INFO  server.RaftServerConfigKeys (ConfUtils.java:logGet(46)) - raft.server.notification.no-leader.timeout = 60s (default)
2023-03-07 04:41:25,858 INFO  server.RaftServerConfigKeys (ConfUtils.java:logGet(46)) - raft.server.read.timeout = 10s (default)
2023-03-07 04:41:25,858 INFO  server.RaftServerConfigKeys (ConfUtils.java:logGet(46)) - raft.server.retrycache.expirytime = 60s (default)
2023-03-07 04:41:25,858 INFO  server.RaftServerConfigKeys (ConfUtils.java:logGet(46)) - raft.server.retrycache.statistics.expirytime = 100μs (default)
2023-03-07 04:41:25,858 INFO  server.RaftServerConfigKeys (ConfUtils.java:logGet(46)) - raft.server.read.option = DEFAULT (default)
2023-03-07 04:41:25,859 INFO  server.RaftServerConfigKeys (ConfUtils.java:logGet(46)) - raft.server.log.appender.install.snapshot.enabled = true (default)
2023-03-07 04:41:25,859 INFO  server.RaftServerConfigKeys (ConfUtils.java:logGet(46)) - raft.server.threadpool.server.cached = true (default)
2023-03-07 04:41:25,859 INFO  server.RaftServerConfigKeys (ConfUtils.java:logGet(46)) - raft.server.threadpool.server.size = 0 (default)
2023-03-07 04:41:25,859 INFO  server.RaftServerConfigKeys (ConfUtils.java:logGet(46)) - raft.server.threadpool.client.cached = true (default)
2023-03-07 04:41:25,859 INFO  server.RaftServerConfigKeys (ConfUtils.java:logGet(46)) - raft.server.threadpool.client.size = 0 (default)
2023-03-07 04:41:25,859 INFO  server.RaftServerConfigKeys (ConfUtils.java:logGet(46)) - raft.server.storage.free-space.min = 0MB (=0) (default)
2023-03-07 04:41:25,859 INFO  server.RaftServerConfigKeys (ConfUtils.java:logGet(46)) - raft.server.log.corruption.policy = EXCEPTION (default)
2023-03-07 04:41:25,859 INFO  server.RaftServerConfigKeys (ConfUtils.java:logGet(46)) - raft.server.storage.dir = [/home/runner/work/ratis/ratis/ratis-examples/target/test/data/fa33b8e4/MiniRaftClusterWithNettye7083e71/s6] (custom)
2023-03-07 04:41:25,859 INFO  storage.RaftStorageDirectory (RaftStorageDirectoryImpl.java:analyzeStorage(138)) - The storage directory /home/runner/work/ratis/ratis/ratis-examples/target/test/data/fa33b8e4/MiniRaftClusterWithNettye7083e71/s6/b7243742-f885-4ba8-ad2e-a82f1edbf13f does not exist. Creating ...
2023-03-07 04:41:25,860 TRACE util.FileUtils (LogUtils.java:runAndLog(49)) - Successfully ran Files.createDirectories /home/runner/work/ratis/ratis/ratis-examples/target/test/data/fa33b8e4/MiniRaftClusterWithNettye7083e71/s6/b7243742-f885-4ba8-ad2e-a82f1edbf13f
2023-03-07 04:41:25,867 INFO  storage.RaftStorageDirectory (RaftStorageDirectoryImpl.java:tryLock(232)) - Lock on /home/runner/work/ratis/ratis/ratis-examples/target/test/data/fa33b8e4/MiniRaftClusterWithNettye7083e71/s6/b7243742-f885-4ba8-ad2e-a82f1edbf13f/in_use.lock acquired by nodename 15875@fv-az983-448
2023-03-07 04:41:25,868 TRACE util.FileUtils (LogUtils.java:runAndLog(49)) - Successfully ran Files.createDirectories /home/runner/work/ratis/ratis/ratis-examples/target/test/data/fa33b8e4/MiniRaftClusterWithNettye7083e71/s6/b7243742-f885-4ba8-ad2e-a82f1edbf13f/current
2023-03-07 04:41:25,868 TRACE util.FileUtils (LogUtils.java:runAndLog(49)) - Successfully ran Files.createDirectories /home/runner/work/ratis/ratis/ratis-examples/target/test/data/fa33b8e4/MiniRaftClusterWithNettye7083e71/s6/b7243742-f885-4ba8-ad2e-a82f1edbf13f/sm
2023-03-07 04:41:25,869 INFO  storage.RaftStorage (RaftStorageImpl.java:format(96)) - Storage directory /home/runner/work/ratis/ratis/ratis-examples/target/test/data/fa33b8e4/MiniRaftClusterWithNettye7083e71/s6/b7243742-f885-4ba8-ad2e-a82f1edbf13f has been successfully formatted.
2023-03-07 04:41:25,869 WARN  statemachine.StateMachine (ArithmeticStateMachine.java:loadSnapshot(116)) - The snapshot info is null.
2023-03-07 04:41:25,869 INFO  server.RaftServerConfigKeys (ConfUtils.java:logGet(46)) - raft.server.log.use.memory = false (default)
2023-03-07 04:41:25,869 INFO  server.RaftServerConfigKeys (ConfUtils.java:logGet(46)) - raft.server.log.purge.gap = 1024 (default)
2023-03-07 04:41:25,869 INFO  server.RaftServerConfigKeys (ConfUtils.java:logGet(46)) - raft.server.log.appender.buffer.byte-limit = 4MB (=4194304) (default)
2023-03-07 04:41:25,869 INFO  server.RaftServerConfigKeys (ConfUtils.java:logGet(46)) - raft.server.log.statemachine.data.read.timeout = 1000ms (default)
2023-03-07 04:41:25,869 INFO  server.RaftServerConfigKeys (ConfUtils.java:logGet(46)) - raft.server.log.purge.preservation.log.num = 0 (default)
2023-03-07 04:41:25,870 INFO  server.RaftServerConfigKeys (ConfUtils.java:logGet(46)) - raft.server.log.segment.size.max = 8MB (=8388608) (default)
2023-03-07 04:41:25,870 INFO  server.RaftServerConfigKeys (ConfUtils.java:logGet(46)) - raft.server.log.segment.cache.num.max = 6 (default)
2023-03-07 04:41:25,870 INFO  server.RaftServerConfigKeys (ConfUtils.java:logGet(46)) - raft.server.log.segment.cache.size.max = 200MB (=209715200) (default)
2023-03-07 04:41:25,870 INFO  server.RaftServerConfigKeys (ConfUtils.java:logGet(46)) - raft.server.log.appender.buffer.byte-limit = 4MB (=4194304) (default)
2023-03-07 04:41:25,870 INFO  segmented.SegmentedRaftLogWorker (SegmentedRaftLogWorker.java:<init>(183)) - new s6@group-A82F1EDBF13F-SegmentedRaftLogWorker for RaftStorageImpl:Storage Directory /home/runner/work/ratis/ratis/ratis-examples/target/test/data/fa33b8e4/MiniRaftClusterWithNettye7083e71/s6/b7243742-f885-4ba8-ad2e-a82f1edbf13f
2023-03-07 04:41:25,870 INFO  server.RaftServerConfigKeys (ConfUtils.java:logGet(46)) - raft.server.log.queue.byte-limit = 64MB (=67108864) (default)
2023-03-07 04:41:25,870 INFO  server.RaftServerConfigKeys (ConfUtils.java:logGet(46)) - raft.server.log.queue.element-limit = 4096 (default)
2023-03-07 04:41:25,870 INFO  server.RaftServerConfigKeys (ConfUtils.java:logGet(46)) - raft.server.log.segment.size.max = 8MB (=8388608) (default)
2023-03-07 04:41:25,870 INFO  server.RaftServerConfigKeys (ConfUtils.java:logGet(46)) - raft.server.log.preallocated.size = 4MB (=4194304) (default)
2023-03-07 04:41:25,870 INFO  server.RaftServerConfigKeys (ConfUtils.java:logGet(46)) - raft.server.log.force.sync.num = 128 (default)
2023-03-07 04:41:25,870 INFO  server.RaftServerConfigKeys (ConfUtils.java:logGet(46)) - raft.server.log.statemachine.data.sync = true (default)
2023-03-07 04:41:25,870 INFO  server.RaftServerConfigKeys (ConfUtils.java:logGet(46)) - raft.server.log.statemachine.data.sync.timeout = 10s (default)
2023-03-07 04:41:25,870 INFO  server.RaftServerConfigKeys (ConfUtils.java:logGet(46)) - raft.server.log.statemachine.data.sync.timeout.retry = -1 (default)
2023-03-07 04:41:25,870 INFO  server.RaftServerConfigKeys (ConfUtils.java:logGet(46)) - raft.server.log.write.buffer.size = 64KB (=65536) (default)
2023-03-07 04:41:25,870 INFO  server.RaftServerConfigKeys (ConfUtils.java:logGet(46)) - raft.server.log.appender.buffer.byte-limit = 4MB (=4194304) (default)
2023-03-07 04:41:25,871 INFO  server.RaftServerConfigKeys (ConfUtils.java:logGet(46)) - raft.server.log.unsafe-flush.enabled = false (default)
2023-03-07 04:41:25,871 INFO  server.RaftServerConfigKeys (ConfUtils.java:logGet(46)) - raft.server.log.async-flush.enabled = false (default)
2023-03-07 04:41:25,871 INFO  server.RaftServerConfigKeys (ConfUtils.java:logGet(46)) - raft.server.log.statemachine.data.caching.enabled = false (default)
2023-03-07 04:41:25,871 INFO  segmented.SegmentedRaftLogWorker (SegmentedRaftLogWorker.java:lambda$new$0(134)) - s6@group-A82F1EDBF13F-SegmentedRaftLogWorker: flushIndex: setUnconditionally 0 -> -1
2023-03-07 04:41:25,871 INFO  segmented.SegmentedRaftLogWorker (SegmentedRaftLogWorker.java:lambda$new$0(134)) - s6@group-A82F1EDBF13F-SegmentedRaftLogWorker: safeCacheEvictIndex: setUnconditionally 0 -> -1
2023-03-07 04:41:25,871 INFO  server.RaftServer$Division (RaftServerImpl.java:start(348)) - s6@group-A82F1EDBF13F: start with initializing state, conf=-1: peers:[]|listeners:[], old=null
2023-03-07 04:41:25,871 INFO  server.RaftServer$Division (RaftServerImpl.java:setRole(329)) - s6@group-A82F1EDBF13F: changes role from      null to FOLLOWER at term 0 for startInitializing
2023-03-07 04:41:25,871 INFO  util.JmxRegister (JmxRegister.java:tryRegister(44)) - Successfully registered JMX Bean with object name Ratis:service=RaftServer,group=group-A82F1EDBF13F,id=s6
2023-03-07 04:41:25,871 INFO  server.RaftServerConfigKeys (ConfUtils.java:logGet(46)) - raft.server.snapshot.auto.trigger.enabled = false (default)
2023-03-07 04:41:25,871 INFO  server.RaftServerConfigKeys (ConfUtils.java:logGet(46)) - raft.server.snapshot.retention.file.num = -1 (default)
2023-03-07 04:41:25,871 INFO  server.RaftServerConfigKeys (ConfUtils.java:logGet(46)) - raft.server.log.purge.upto.snapshot.index = false (default)
2023-03-07 04:41:25,880 INFO  impl.GroupManagementBaseTest (GroupManagementBaseTest.java:runMultiGroupTest(322)) - 4) groupAdd: printing group-44F04D6AF308
2023-03-07 04:41:25,884 INFO  logging.LoggingHandler (AbstractInternalLogger.java:log(148)) - [id: 0x836ca548, L:/0.0.0.0:36409] READ: [id: 0x3a8b2b47, L:/10.1.0.7:36409 - R:/10.1.0.7:36034]
2023-03-07 04:41:25,884 INFO  logging.LoggingHandler (AbstractInternalLogger.java:log(148)) - [id: 0x836ca548, L:/0.0.0.0:36409] READ COMPLETE
2023-03-07 04:41:25,885 INFO  server.RaftServer (RaftServerProxy.java:addNew(99)) - s7: addNew group-A82F1EDBF13F:[] returns group-A82F1EDBF13F:java.util.concurrent.CompletableFuture@328857d5[Not completed]
2023-03-07 04:41:25,885 INFO  server.RaftServer$Division (RaftServerImpl.java:<init>(198)) - s7: new RaftServerImpl for group-A82F1EDBF13F:[] with ArithmeticStateMachine:uninitialized
2023-03-07 04:41:25,885 INFO  server.RaftServerConfigKeys (ConfUtils.java:logGet(46)) - raft.server.rpc.timeout.min = 300ms (custom)
2023-03-07 04:41:25,885 INFO  server.RaftServerConfigKeys (ConfUtils.java:logGet(46)) - raft.server.rpc.timeout.max = 600ms (custom)
2023-03-07 04:41:25,885 INFO  server.RaftServerConfigKeys (ConfUtils.java:logGet(46)) - raft.server.rpc.sleep.time = 25ms (default)
2023-03-07 04:41:25,885 INFO  server.RaftServerConfigKeys (ConfUtils.java:logGet(46)) - raft.server.rpc.slowness.timeout = 60s (default)
2023-03-07 04:41:25,885 INFO  server.RaftServerConfigKeys (ConfUtils.java:logGet(46)) - raft.server.leaderelection.leader.step-down.wait-time = 10s (default)
2023-03-07 04:41:25,885 INFO  server.RaftServerConfigKeys (ConfUtils.java:logGet(46)) - raft.server.sleep.deviation.threshold = 300ms (default)
2023-03-07 04:41:25,885 INFO  server.RaftServer$Division (ServerState.java:<init>(113)) - s7@group-A82F1EDBF13F: ConfigurationManager, init=-1: peers:[]|listeners:[], old=null, confs=<EMPTY_MAP>
2023-03-07 04:41:25,885 INFO  server.RaftServerConfigKeys (ConfUtils.java:logGet(46)) - raft.server.notification.no-leader.timeout = 60s (default)
2023-03-07 04:41:25,885 INFO  server.RaftServerConfigKeys (ConfUtils.java:logGet(46)) - raft.server.read.timeout = 10s (default)
2023-03-07 04:41:25,885 INFO  server.RaftServerConfigKeys (ConfUtils.java:logGet(46)) - raft.server.retrycache.expirytime = 60s (default)
2023-03-07 04:41:25,885 INFO  server.RaftServerConfigKeys (ConfUtils.java:logGet(46)) - raft.server.retrycache.statistics.expirytime = 100μs (default)
2023-03-07 04:41:25,885 INFO  server.RaftServerConfigKeys (ConfUtils.java:logGet(46)) - raft.server.read.option = DEFAULT (default)
2023-03-07 04:41:25,886 INFO  server.RaftServerConfigKeys (ConfUtils.java:logGet(46)) - raft.server.log.appender.install.snapshot.enabled = true (default)
2023-03-07 04:41:25,886 INFO  server.RaftServerConfigKeys (ConfUtils.java:logGet(46)) - raft.server.threadpool.server.cached = true (default)
2023-03-07 04:41:25,886 INFO  server.RaftServerConfigKeys (ConfUtils.java:logGet(46)) - raft.server.threadpool.server.size = 0 (default)
2023-03-07 04:41:25,886 INFO  server.RaftServerConfigKeys (ConfUtils.java:logGet(46)) - raft.server.threadpool.client.cached = true (default)
2023-03-07 04:41:25,886 INFO  server.RaftServerConfigKeys (ConfUtils.java:logGet(46)) - raft.server.threadpool.client.size = 0 (default)
2023-03-07 04:41:25,886 INFO  server.RaftServerConfigKeys (ConfUtils.java:logGet(46)) - raft.server.storage.free-space.min = 0MB (=0) (default)
2023-03-07 04:41:25,886 INFO  server.RaftServerConfigKeys (ConfUtils.java:logGet(46)) - raft.server.log.corruption.policy = EXCEPTION (default)
2023-03-07 04:41:25,886 INFO  server.RaftServerConfigKeys (ConfUtils.java:logGet(46)) - raft.server.storage.dir = [/home/runner/work/ratis/ratis/ratis-examples/target/test/data/fa33b8e4/MiniRaftClusterWithNettye7083e71/s7] (custom)
2023-03-07 04:41:25,887 INFO  storage.RaftStorageDirectory (RaftStorageDirectoryImpl.java:analyzeStorage(138)) - The storage directory /home/runner/work/ratis/ratis/ratis-examples/target/test/data/fa33b8e4/MiniRaftClusterWithNettye7083e71/s7/b7243742-f885-4ba8-ad2e-a82f1edbf13f does not exist. Creating ...
2023-03-07 04:41:25,887 TRACE util.FileUtils (LogUtils.java:runAndLog(49)) - Successfully ran Files.createDirectories /home/runner/work/ratis/ratis/ratis-examples/target/test/data/fa33b8e4/MiniRaftClusterWithNettye7083e71/s7/b7243742-f885-4ba8-ad2e-a82f1edbf13f
2023-03-07 04:41:25,893 INFO  storage.RaftStorageDirectory (RaftStorageDirectoryImpl.java:tryLock(232)) - Lock on /home/runner/work/ratis/ratis/ratis-examples/target/test/data/fa33b8e4/MiniRaftClusterWithNettye7083e71/s7/b7243742-f885-4ba8-ad2e-a82f1edbf13f/in_use.lock acquired by nodename 15875@fv-az983-448
2023-03-07 04:41:25,893 TRACE util.FileUtils (LogUtils.java:runAndLog(49)) - Successfully ran Files.createDirectories /home/runner/work/ratis/ratis/ratis-examples/target/test/data/fa33b8e4/MiniRaftClusterWithNettye7083e71/s7/b7243742-f885-4ba8-ad2e-a82f1edbf13f/current
2023-03-07 04:41:25,894 TRACE util.FileUtils (LogUtils.java:runAndLog(49)) - Successfully ran Files.createDirectories /home/runner/work/ratis/ratis/ratis-examples/target/test/data/fa33b8e4/MiniRaftClusterWithNettye7083e71/s7/b7243742-f885-4ba8-ad2e-a82f1edbf13f/sm
2023-03-07 04:41:25,896 INFO  storage.RaftStorage (RaftStorageImpl.java:format(96)) - Storage directory /home/runner/work/ratis/ratis/ratis-examples/target/test/data/fa33b8e4/MiniRaftClusterWithNettye7083e71/s7/b7243742-f885-4ba8-ad2e-a82f1edbf13f has been successfully formatted.
2023-03-07 04:41:25,896 WARN  statemachine.StateMachine (ArithmeticStateMachine.java:loadSnapshot(116)) - The snapshot info is null.
2023-03-07 04:41:25,896 INFO  server.RaftServerConfigKeys (ConfUtils.java:logGet(46)) - raft.server.log.use.memory = false (default)
2023-03-07 04:41:25,896 INFO  server.RaftServerConfigKeys (ConfUtils.java:logGet(46)) - raft.server.log.purge.gap = 1024 (default)
2023-03-07 04:41:25,896 INFO  server.RaftServerConfigKeys (ConfUtils.java:logGet(46)) - raft.server.log.appender.buffer.byte-limit = 4MB (=4194304) (default)
2023-03-07 04:41:25,896 INFO  server.RaftServerConfigKeys (ConfUtils.java:logGet(46)) - raft.server.log.statemachine.data.read.timeout = 1000ms (default)
2023-03-07 04:41:25,896 INFO  server.RaftServerConfigKeys (ConfUtils.java:logGet(46)) - raft.server.log.purge.preservation.log.num = 0 (default)
2023-03-07 04:41:25,897 INFO  server.RaftServerConfigKeys (ConfUtils.java:logGet(46)) - raft.server.log.segment.size.max = 8MB (=8388608) (default)
2023-03-07 04:41:25,897 INFO  server.RaftServerConfigKeys (ConfUtils.java:logGet(46)) - raft.server.log.segment.cache.num.max = 6 (default)
2023-03-07 04:41:25,897 INFO  server.RaftServerConfigKeys (ConfUtils.java:logGet(46)) - raft.server.log.segment.cache.size.max = 200MB (=209715200) (default)
2023-03-07 04:41:25,897 INFO  server.RaftServerConfigKeys (ConfUtils.java:logGet(46)) - raft.server.log.appender.buffer.byte-limit = 4MB (=4194304) (default)
2023-03-07 04:41:25,897 INFO  segmented.SegmentedRaftLogWorker (SegmentedRaftLogWorker.java:<init>(183)) - new s7@group-A82F1EDBF13F-SegmentedRaftLogWorker for RaftStorageImpl:Storage Directory /home/runner/work/ratis/ratis/ratis-examples/target/test/data/fa33b8e4/MiniRaftClusterWithNettye7083e71/s7/b7243742-f885-4ba8-ad2e-a82f1edbf13f
2023-03-07 04:41:25,897 INFO  server.RaftServerConfigKeys (ConfUtils.java:logGet(46)) - raft.server.log.queue.byte-limit = 64MB (=67108864) (default)
2023-03-07 04:41:25,897 INFO  server.RaftServerConfigKeys (ConfUtils.java:logGet(46)) - raft.server.log.queue.element-limit = 4096 (default)
2023-03-07 04:41:25,897 INFO  server.RaftServerConfigKeys (ConfUtils.java:logGet(46)) - raft.server.log.segment.size.max = 8MB (=8388608) (default)
2023-03-07 04:41:25,897 INFO  server.RaftServerConfigKeys (ConfUtils.java:logGet(46)) - raft.server.log.preallocated.size = 4MB (=4194304) (default)
2023-03-07 04:41:25,897 INFO  server.RaftServerConfigKeys (ConfUtils.java:logGet(46)) - raft.server.log.force.sync.num = 128 (default)
2023-03-07 04:41:25,897 INFO  server.RaftServerConfigKeys (ConfUtils.java:logGet(46)) - raft.server.log.statemachine.data.sync = true (default)
2023-03-07 04:41:25,897 INFO  server.RaftServerConfigKeys (ConfUtils.java:logGet(46)) - raft.server.log.statemachine.data.sync.timeout = 10s (default)
2023-03-07 04:41:25,897 INFO  server.RaftServerConfigKeys (ConfUtils.java:logGet(46)) - raft.server.log.statemachine.data.sync.timeout.retry = -1 (default)
2023-03-07 04:41:25,897 INFO  server.RaftServerConfigKeys (ConfUtils.java:logGet(46)) - raft.server.log.write.buffer.size = 64KB (=65536) (default)
2023-03-07 04:41:25,897 INFO  server.RaftServerConfigKeys (ConfUtils.java:logGet(46)) - raft.server.log.appender.buffer.byte-limit = 4MB (=4194304) (default)
2023-03-07 04:41:25,898 INFO  server.RaftServerConfigKeys (ConfUtils.java:logGet(46)) - raft.server.log.unsafe-flush.enabled = false (default)
2023-03-07 04:41:25,898 INFO  server.RaftServerConfigKeys (ConfUtils.java:logGet(46)) - raft.server.log.async-flush.enabled = false (default)
2023-03-07 04:41:25,898 INFO  server.RaftServerConfigKeys (ConfUtils.java:logGet(46)) - raft.server.log.statemachine.data.caching.enabled = false (default)
2023-03-07 04:41:25,898 INFO  segmented.SegmentedRaftLogWorker (SegmentedRaftLogWorker.java:lambda$new$0(134)) - s7@group-A82F1EDBF13F-SegmentedRaftLogWorker: flushIndex: setUnconditionally 0 -> -1
2023-03-07 04:41:25,898 INFO  segmented.SegmentedRaftLogWorker (SegmentedRaftLogWorker.java:lambda$new$0(134)) - s7@group-A82F1EDBF13F-SegmentedRaftLogWorker: safeCacheEvictIndex: setUnconditionally 0 -> -1
2023-03-07 04:41:25,906 INFO  server.RaftServer$Division (RaftServerImpl.java:start(348)) - s7@group-A82F1EDBF13F: start with initializing state, conf=-1: peers:[]|listeners:[], old=null
2023-03-07 04:41:25,906 INFO  server.RaftServer$Division (RaftServerImpl.java:setRole(329)) - s7@group-A82F1EDBF13F: changes role from      null to FOLLOWER at term 0 for startInitializing
2023-03-07 04:41:25,906 INFO  util.JmxRegister (JmxRegister.java:tryRegister(44)) - Successfully registered JMX Bean with object name Ratis:service=RaftServer,group=group-A82F1EDBF13F,id=s7
2023-03-07 04:41:25,906 INFO  server.RaftServerConfigKeys (ConfUtils.java:logGet(46)) - raft.server.snapshot.auto.trigger.enabled = false (default)
2023-03-07 04:41:25,906 INFO  server.RaftServerConfigKeys (ConfUtils.java:logGet(46)) - raft.server.snapshot.retention.file.num = -1 (default)
2023-03-07 04:41:25,906 INFO  server.RaftServerConfigKeys (ConfUtils.java:logGet(46)) - raft.server.log.purge.upto.snapshot.index = false (default)
2023-03-07 04:41:25,938 INFO  logging.LoggingHandler (AbstractInternalLogger.java:log(148)) - [id: 0xe229bbe1, L:/0.0.0.0:41505] READ: [id: 0x1165bbc5, L:/10.1.0.7:41505 - R:/10.1.0.7:48110]
2023-03-07 04:41:25,938 INFO  logging.LoggingHandler (AbstractInternalLogger.java:log(148)) - [id: 0xe229bbe1, L:/0.0.0.0:41505] READ COMPLETE
2023-03-07 04:41:25,939 INFO  server.RaftServer (RaftServerProxy.java:addNew(99)) - s8: addNew group-A82F1EDBF13F:[] returns group-A82F1EDBF13F:java.util.concurrent.CompletableFuture@1e6a6c60[Not completed]
2023-03-07 04:41:25,939 INFO  server.RaftServer$Division (RaftServerImpl.java:<init>(198)) - s8: new RaftServerImpl for group-A82F1EDBF13F:[] with ArithmeticStateMachine:uninitialized
2023-03-07 04:41:25,939 INFO  server.RaftServerConfigKeys (ConfUtils.java:logGet(46)) - raft.server.rpc.timeout.min = 300ms (custom)
2023-03-07 04:41:25,939 INFO  server.RaftServerConfigKeys (ConfUtils.java:logGet(46)) - raft.server.rpc.timeout.max = 600ms (custom)
2023-03-07 04:41:25,939 INFO  server.RaftServerConfigKeys (ConfUtils.java:logGet(46)) - raft.server.rpc.sleep.time = 25ms (default)
2023-03-07 04:41:25,939 INFO  server.RaftServerConfigKeys (ConfUtils.java:logGet(46)) - raft.server.rpc.slowness.timeout = 60s (default)
2023-03-07 04:41:25,939 INFO  server.RaftServerConfigKeys (ConfUtils.java:logGet(46)) - raft.server.leaderelection.leader.step-down.wait-time = 10s (default)
2023-03-07 04:41:25,939 INFO  server.RaftServerConfigKeys (ConfUtils.java:logGet(46)) - raft.server.sleep.deviation.threshold = 300ms (default)
2023-03-07 04:41:25,939 INFO  server.RaftServer$Division (ServerState.java:<init>(113)) - s8@group-A82F1EDBF13F: ConfigurationManager, init=-1: peers:[]|listeners:[], old=null, confs=<EMPTY_MAP>
2023-03-07 04:41:25,939 INFO  server.RaftServerConfigKeys (ConfUtils.java:logGet(46)) - raft.server.notification.no-leader.timeout = 60s (default)
2023-03-07 04:41:25,939 INFO  server.RaftServerConfigKeys (ConfUtils.java:logGet(46)) - raft.server.read.timeout = 10s (default)
2023-03-07 04:41:25,939 INFO  server.RaftServerConfigKeys (ConfUtils.java:logGet(46)) - raft.server.retrycache.expirytime = 60s (default)
2023-03-07 04:41:25,939 INFO  server.RaftServerConfigKeys (ConfUtils.java:logGet(46)) - raft.server.retrycache.statistics.expirytime = 100μs (default)
2023-03-07 04:41:25,939 INFO  server.RaftServerConfigKeys (ConfUtils.java:logGet(46)) - raft.server.read.option = DEFAULT (default)
2023-03-07 04:41:25,940 INFO  server.RaftServerConfigKeys (ConfUtils.java:logGet(46)) - raft.server.log.appender.install.snapshot.enabled = true (default)
2023-03-07 04:41:25,940 INFO  server.RaftServerConfigKeys (ConfUtils.java:logGet(46)) - raft.server.threadpool.server.cached = true (default)
2023-03-07 04:41:25,940 INFO  server.RaftServerConfigKeys (ConfUtils.java:logGet(46)) - raft.server.threadpool.server.size = 0 (default)
2023-03-07 04:41:25,940 INFO  server.RaftServerConfigKeys (ConfUtils.java:logGet(46)) - raft.server.threadpool.client.cached = true (default)
2023-03-07 04:41:25,940 INFO  server.RaftServerConfigKeys (ConfUtils.java:logGet(46)) - raft.server.threadpool.client.size = 0 (default)
2023-03-07 04:41:25,940 INFO  server.RaftServerConfigKeys (ConfUtils.java:logGet(46)) - raft.server.storage.free-space.min = 0MB (=0) (default)
2023-03-07 04:41:25,941 INFO  server.RaftServerConfigKeys (ConfUtils.java:logGet(46)) - raft.server.log.corruption.policy = EXCEPTION (default)
2023-03-07 04:41:25,941 INFO  server.RaftServerConfigKeys (ConfUtils.java:logGet(46)) - raft.server.storage.dir = [/home/runner/work/ratis/ratis/ratis-examples/target/test/data/fa33b8e4/MiniRaftClusterWithNettye7083e71/s8] (custom)
2023-03-07 04:41:25,941 INFO  storage.RaftStorageDirectory (RaftStorageDirectoryImpl.java:analyzeStorage(138)) - The storage directory /home/runner/work/ratis/ratis/ratis-examples/target/test/data/fa33b8e4/MiniRaftClusterWithNettye7083e71/s8/b7243742-f885-4ba8-ad2e-a82f1edbf13f does not exist. Creating ...
2023-03-07 04:41:25,941 TRACE util.FileUtils (LogUtils.java:runAndLog(49)) - Successfully ran Files.createDirectories /home/runner/work/ratis/ratis/ratis-examples/target/test/data/fa33b8e4/MiniRaftClusterWithNettye7083e71/s8/b7243742-f885-4ba8-ad2e-a82f1edbf13f
2023-03-07 04:41:25,945 INFO  storage.RaftStorageDirectory (RaftStorageDirectoryImpl.java:tryLock(232)) - Lock on /home/runner/work/ratis/ratis/ratis-examples/target/test/data/fa33b8e4/MiniRaftClusterWithNettye7083e71/s8/b7243742-f885-4ba8-ad2e-a82f1edbf13f/in_use.lock acquired by nodename 15875@fv-az983-448
2023-03-07 04:41:25,945 TRACE util.FileUtils (LogUtils.java:runAndLog(49)) - Successfully ran Files.createDirectories /home/runner/work/ratis/ratis/ratis-examples/target/test/data/fa33b8e4/MiniRaftClusterWithNettye7083e71/s8/b7243742-f885-4ba8-ad2e-a82f1edbf13f/current
2023-03-07 04:41:25,945 TRACE util.FileUtils (LogUtils.java:runAndLog(49)) - Successfully ran Files.createDirectories /home/runner/work/ratis/ratis/ratis-examples/target/test/data/fa33b8e4/MiniRaftClusterWithNettye7083e71/s8/b7243742-f885-4ba8-ad2e-a82f1edbf13f/sm
2023-03-07 04:41:25,946 INFO  storage.RaftStorage (RaftStorageImpl.java:format(96)) - Storage directory /home/runner/work/ratis/ratis/ratis-examples/target/test/data/fa33b8e4/MiniRaftClusterWithNettye7083e71/s8/b7243742-f885-4ba8-ad2e-a82f1edbf13f has been successfully formatted.
2023-03-07 04:41:25,946 WARN  statemachine.StateMachine (ArithmeticStateMachine.java:loadSnapshot(116)) - The snapshot info is null.
2023-03-07 04:41:25,946 INFO  server.RaftServerConfigKeys (ConfUtils.java:logGet(46)) - raft.server.log.use.memory = false (default)
2023-03-07 04:41:25,947 INFO  server.RaftServerConfigKeys (ConfUtils.java:logGet(46)) - raft.server.log.purge.gap = 1024 (default)
2023-03-07 04:41:25,947 INFO  server.RaftServerConfigKeys (ConfUtils.java:logGet(46)) - raft.server.log.appender.buffer.byte-limit = 4MB (=4194304) (default)
2023-03-07 04:41:25,947 INFO  server.RaftServerConfigKeys (ConfUtils.java:logGet(46)) - raft.server.log.statemachine.data.read.timeout = 1000ms (default)
2023-03-07 04:41:25,947 INFO  server.RaftServerConfigKeys (ConfUtils.java:logGet(46)) - raft.server.log.purge.preservation.log.num = 0 (default)
2023-03-07 04:41:25,951 INFO  server.RaftServerConfigKeys (ConfUtils.java:logGet(46)) - raft.server.log.segment.size.max = 8MB (=8388608) (default)
2023-03-07 04:41:25,952 INFO  server.RaftServerConfigKeys (ConfUtils.java:logGet(46)) - raft.server.log.segment.cache.num.max = 6 (default)
2023-03-07 04:41:25,952 INFO  server.RaftServerConfigKeys (ConfUtils.java:logGet(46)) - raft.server.log.segment.cache.size.max = 200MB (=209715200) (default)
2023-03-07 04:41:25,952 INFO  server.RaftServerConfigKeys (ConfUtils.java:logGet(46)) - raft.server.log.appender.buffer.byte-limit = 4MB (=4194304) (default)
2023-03-07 04:41:25,952 INFO  segmented.SegmentedRaftLogWorker (SegmentedRaftLogWorker.java:<init>(183)) - new s8@group-A82F1EDBF13F-SegmentedRaftLogWorker for RaftStorageImpl:Storage Directory /home/runner/work/ratis/ratis/ratis-examples/target/test/data/fa33b8e4/MiniRaftClusterWithNettye7083e71/s8/b7243742-f885-4ba8-ad2e-a82f1edbf13f
2023-03-07 04:41:25,952 INFO  server.RaftServerConfigKeys (ConfUtils.java:logGet(46)) - raft.server.log.queue.byte-limit = 64MB (=67108864) (default)
2023-03-07 04:41:25,952 INFO  server.RaftServerConfigKeys (ConfUtils.java:logGet(46)) - raft.server.log.queue.element-limit = 4096 (default)
2023-03-07 04:41:25,952 INFO  server.RaftServerConfigKeys (ConfUtils.java:logGet(46)) - raft.server.log.segment.size.max = 8MB (=8388608) (default)
2023-03-07 04:41:25,952 INFO  server.RaftServerConfigKeys (ConfUtils.java:logGet(46)) - raft.server.log.preallocated.size = 4MB (=4194304) (default)
2023-03-07 04:41:25,952 INFO  server.RaftServerConfigKeys (ConfUtils.java:logGet(46)) - raft.server.log.force.sync.num = 128 (default)
2023-03-07 04:41:25,952 INFO  server.RaftServerConfigKeys (ConfUtils.java:logGet(46)) - raft.server.log.statemachine.data.sync = true (default)
2023-03-07 04:41:25,952 INFO  server.RaftServerConfigKeys (ConfUtils.java:logGet(46)) - raft.server.log.statemachine.data.sync.timeout = 10s (default)
2023-03-07 04:41:25,952 INFO  server.RaftServerConfigKeys (ConfUtils.java:logGet(46)) - raft.server.log.statemachine.data.sync.timeout.retry = -1 (default)
2023-03-07 04:41:25,952 INFO  server.RaftServerConfigKeys (ConfUtils.java:logGet(46)) - raft.server.log.write.buffer.size = 64KB (=65536) (default)
2023-03-07 04:41:25,952 INFO  server.RaftServerConfigKeys (ConfUtils.java:logGet(46)) - raft.server.log.appender.buffer.byte-limit = 4MB (=4194304) (default)
2023-03-07 04:41:25,958 INFO  server.RaftServerConfigKeys (ConfUtils.java:logGet(46)) - raft.server.log.unsafe-flush.enabled = false (default)
2023-03-07 04:41:25,958 INFO  server.RaftServerConfigKeys (ConfUtils.java:logGet(46)) - raft.server.log.async-flush.enabled = false (default)
2023-03-07 04:41:25,958 INFO  server.RaftServerConfigKeys (ConfUtils.java:logGet(46)) - raft.server.log.statemachine.data.caching.enabled = false (default)
2023-03-07 04:41:25,959 INFO  segmented.SegmentedRaftLogWorker (SegmentedRaftLogWorker.java:lambda$new$0(134)) - s8@group-A82F1EDBF13F-SegmentedRaftLogWorker: flushIndex: setUnconditionally 0 -> -1
2023-03-07 04:41:25,959 INFO  segmented.SegmentedRaftLogWorker (SegmentedRaftLogWorker.java:lambda$new$0(134)) - s8@group-A82F1EDBF13F-SegmentedRaftLogWorker: safeCacheEvictIndex: setUnconditionally 0 -> -1
2023-03-07 04:41:25,962 INFO  server.RaftServer$Division (RaftServerImpl.java:start(348)) - s8@group-A82F1EDBF13F: start with initializing state, conf=-1: peers:[]|listeners:[], old=null
2023-03-07 04:41:25,962 INFO  server.RaftServer$Division (RaftServerImpl.java:setRole(329)) - s8@group-A82F1EDBF13F: changes role from      null to FOLLOWER at term 0 for startInitializing
2023-03-07 04:41:25,962 INFO  util.JmxRegister (JmxRegister.java:tryRegister(44)) - Successfully registered JMX Bean with object name Ratis:service=RaftServer,group=group-A82F1EDBF13F,id=s8
2023-03-07 04:41:25,962 INFO  server.RaftServerConfigKeys (ConfUtils.java:logGet(46)) - raft.server.snapshot.auto.trigger.enabled = false (default)
2023-03-07 04:41:25,962 INFO  server.RaftServerConfigKeys (ConfUtils.java:logGet(46)) - raft.server.snapshot.retention.file.num = -1 (default)
2023-03-07 04:41:25,962 INFO  server.RaftServerConfigKeys (ConfUtils.java:logGet(46)) - raft.server.log.purge.upto.snapshot.index = false (default)
2023-03-07 04:41:25,970 INFO  logging.LoggingHandler (AbstractInternalLogger.java:log(148)) - [id: 0xe59a881d, L:/0.0.0.0:34365] READ: [id: 0x29021dd0, L:/10.1.0.7:34365 - R:/10.1.0.7:43264]
2023-03-07 04:41:25,971 INFO  logging.LoggingHandler (AbstractInternalLogger.java:log(148)) - [id: 0xe59a881d, L:/0.0.0.0:34365] READ COMPLETE
2023-03-07 04:41:25,972 INFO  server.RaftServer$Division (RaftServerImpl.java:<init>(198)) - s9: new RaftServerImpl for group-A82F1EDBF13F:[] with ArithmeticStateMachine:uninitialized
2023-03-07 04:41:25,972 INFO  server.RaftServerConfigKeys (ConfUtils.java:logGet(46)) - raft.server.rpc.timeout.min = 300ms (custom)
2023-03-07 04:41:25,972 INFO  server.RaftServerConfigKeys (ConfUtils.java:logGet(46)) - raft.server.rpc.timeout.max = 600ms (custom)
2023-03-07 04:41:25,972 INFO  server.RaftServerConfigKeys (ConfUtils.java:logGet(46)) - raft.server.rpc.sleep.time = 25ms (default)
2023-03-07 04:41:25,972 INFO  server.RaftServerConfigKeys (ConfUtils.java:logGet(46)) - raft.server.rpc.slowness.timeout = 60s (default)
2023-03-07 04:41:25,972 INFO  server.RaftServerConfigKeys (ConfUtils.java:logGet(46)) - raft.server.leaderelection.leader.step-down.wait-time = 10s (default)
2023-03-07 04:41:25,972 INFO  server.RaftServerConfigKeys (ConfUtils.java:logGet(46)) - raft.server.sleep.deviation.threshold = 300ms (default)
2023-03-07 04:41:25,972 INFO  server.RaftServer$Division (ServerState.java:<init>(113)) - s9@group-A82F1EDBF13F: ConfigurationManager, init=-1: peers:[]|listeners:[], old=null, confs=<EMPTY_MAP>
2023-03-07 04:41:25,972 INFO  server.RaftServerConfigKeys (ConfUtils.java:logGet(46)) - raft.server.notification.no-leader.timeout = 60s (default)
2023-03-07 04:41:25,972 INFO  server.RaftServerConfigKeys (ConfUtils.java:logGet(46)) - raft.server.read.timeout = 10s (default)
2023-03-07 04:41:25,972 INFO  server.RaftServerConfigKeys (ConfUtils.java:logGet(46)) - raft.server.retrycache.expirytime = 60s (default)
2023-03-07 04:41:25,972 INFO  server.RaftServerConfigKeys (ConfUtils.java:logGet(46)) - raft.server.retrycache.statistics.expirytime = 100μs (default)
2023-03-07 04:41:25,972 INFO  server.RaftServerConfigKeys (ConfUtils.java:logGet(46)) - raft.server.read.option = DEFAULT (default)
2023-03-07 04:41:25,973 INFO  server.RaftServerConfigKeys (ConfUtils.java:logGet(46)) - raft.server.log.appender.install.snapshot.enabled = true (default)
2023-03-07 04:41:25,973 INFO  server.RaftServerConfigKeys (ConfUtils.java:logGet(46)) - raft.server.threadpool.server.cached = true (default)
2023-03-07 04:41:25,973 INFO  server.RaftServerConfigKeys (ConfUtils.java:logGet(46)) - raft.server.threadpool.server.size = 0 (default)
2023-03-07 04:41:25,973 INFO  server.RaftServerConfigKeys (ConfUtils.java:logGet(46)) - raft.server.threadpool.client.cached = true (default)
2023-03-07 04:41:25,973 INFO  server.RaftServerConfigKeys (ConfUtils.java:logGet(46)) - raft.server.threadpool.client.size = 0 (default)
2023-03-07 04:41:25,973 INFO  server.RaftServer (RaftServerProxy.java:addNew(99)) - s9: addNew group-A82F1EDBF13F:[] returns      null s9@group-A82F1EDBF13F:t0, leader=null, voted=null, raftlog=UNINITIALIZED, conf=-1: peers:[]|listeners:[], old=null NEW
2023-03-07 04:41:25,974 INFO  server.RaftServerConfigKeys (ConfUtils.java:logGet(46)) - raft.server.storage.free-space.min = 0MB (=0) (default)
2023-03-07 04:41:25,974 INFO  server.RaftServerConfigKeys (ConfUtils.java:logGet(46)) - raft.server.log.corruption.policy = EXCEPTION (default)
2023-03-07 04:41:25,974 INFO  server.RaftServerConfigKeys (ConfUtils.java:logGet(46)) - raft.server.storage.dir = [/home/runner/work/ratis/ratis/ratis-examples/target/test/data/fa33b8e4/MiniRaftClusterWithNettye7083e71/s9] (custom)
2023-03-07 04:41:25,974 INFO  storage.RaftStorageDirectory (RaftStorageDirectoryImpl.java:analyzeStorage(138)) - The storage directory /home/runner/work/ratis/ratis/ratis-examples/target/test/data/fa33b8e4/MiniRaftClusterWithNettye7083e71/s9/b7243742-f885-4ba8-ad2e-a82f1edbf13f does not exist. Creating ...
2023-03-07 04:41:25,974 TRACE util.FileUtils (LogUtils.java:runAndLog(49)) - Successfully ran Files.createDirectories /home/runner/work/ratis/ratis/ratis-examples/target/test/data/fa33b8e4/MiniRaftClusterWithNettye7083e71/s9/b7243742-f885-4ba8-ad2e-a82f1edbf13f
2023-03-07 04:41:25,975 INFO  storage.RaftStorageDirectory (RaftStorageDirectoryImpl.java:tryLock(232)) - Lock on /home/runner/work/ratis/ratis/ratis-examples/target/test/data/fa33b8e4/MiniRaftClusterWithNettye7083e71/s9/b7243742-f885-4ba8-ad2e-a82f1edbf13f/in_use.lock acquired by nodename 15875@fv-az983-448
2023-03-07 04:41:25,975 TRACE util.FileUtils (LogUtils.java:runAndLog(49)) - Successfully ran Files.createDirectories /home/runner/work/ratis/ratis/ratis-examples/target/test/data/fa33b8e4/MiniRaftClusterWithNettye7083e71/s9/b7243742-f885-4ba8-ad2e-a82f1edbf13f/current
2023-03-07 04:41:25,975 TRACE util.FileUtils (LogUtils.java:runAndLog(49)) - Successfully ran Files.createDirectories /home/runner/work/ratis/ratis/ratis-examples/target/test/data/fa33b8e4/MiniRaftClusterWithNettye7083e71/s9/b7243742-f885-4ba8-ad2e-a82f1edbf13f/sm
2023-03-07 04:41:25,976 INFO  storage.RaftStorage (RaftStorageImpl.java:format(96)) - Storage directory /home/runner/work/ratis/ratis/ratis-examples/target/test/data/fa33b8e4/MiniRaftClusterWithNettye7083e71/s9/b7243742-f885-4ba8-ad2e-a82f1edbf13f has been successfully formatted.
2023-03-07 04:41:25,977 WARN  statemachine.StateMachine (ArithmeticStateMachine.java:loadSnapshot(116)) - The snapshot info is null.
2023-03-07 04:41:25,977 INFO  server.RaftServerConfigKeys (ConfUtils.java:logGet(46)) - raft.server.log.use.memory = false (default)
2023-03-07 04:41:25,977 INFO  server.RaftServerConfigKeys (ConfUtils.java:logGet(46)) - raft.server.log.purge.gap = 1024 (default)
2023-03-07 04:41:25,977 INFO  server.RaftServerConfigKeys (ConfUtils.java:logGet(46)) - raft.server.log.appender.buffer.byte-limit = 4MB (=4194304) (default)
2023-03-07 04:41:25,977 INFO  server.RaftServerConfigKeys (ConfUtils.java:logGet(46)) - raft.server.log.statemachine.data.read.timeout = 1000ms (default)
2023-03-07 04:41:25,977 INFO  server.RaftServerConfigKeys (ConfUtils.java:logGet(46)) - raft.server.log.purge.preservation.log.num = 0 (default)
2023-03-07 04:41:25,978 INFO  server.RaftServerConfigKeys (ConfUtils.java:logGet(46)) - raft.server.log.segment.size.max = 8MB (=8388608) (default)
2023-03-07 04:41:25,978 INFO  server.RaftServerConfigKeys (ConfUtils.java:logGet(46)) - raft.server.log.segment.cache.num.max = 6 (default)
2023-03-07 04:41:25,978 INFO  server.RaftServerConfigKeys (ConfUtils.java:logGet(46)) - raft.server.log.segment.cache.size.max = 200MB (=209715200) (default)
2023-03-07 04:41:25,978 INFO  server.RaftServerConfigKeys (ConfUtils.java:logGet(46)) - raft.server.log.appender.buffer.byte-limit = 4MB (=4194304) (default)
2023-03-07 04:41:25,978 INFO  segmented.SegmentedRaftLogWorker (SegmentedRaftLogWorker.java:<init>(183)) - new s9@group-A82F1EDBF13F-SegmentedRaftLogWorker for RaftStorageImpl:Storage Directory /home/runner/work/ratis/ratis/ratis-examples/target/test/data/fa33b8e4/MiniRaftClusterWithNettye7083e71/s9/b7243742-f885-4ba8-ad2e-a82f1edbf13f
2023-03-07 04:41:25,978 INFO  server.RaftServerConfigKeys (ConfUtils.java:logGet(46)) - raft.server.log.queue.byte-limit = 64MB (=67108864) (default)
2023-03-07 04:41:25,978 INFO  server.RaftServerConfigKeys (ConfUtils.java:logGet(46)) - raft.server.log.queue.element-limit = 4096 (default)
2023-03-07 04:41:25,978 INFO  server.RaftServerConfigKeys (ConfUtils.java:logGet(46)) - raft.server.log.segment.size.max = 8MB (=8388608) (default)
2023-03-07 04:41:25,978 INFO  server.RaftServerConfigKeys (ConfUtils.java:logGet(46)) - raft.server.log.preallocated.size = 4MB (=4194304) (default)
2023-03-07 04:41:25,978 INFO  server.RaftServerConfigKeys (ConfUtils.java:logGet(46)) - raft.server.log.force.sync.num = 128 (default)
2023-03-07 04:41:25,978 INFO  server.RaftServerConfigKeys (ConfUtils.java:logGet(46)) - raft.server.log.statemachine.data.sync = true (default)
2023-03-07 04:41:25,978 INFO  server.RaftServerConfigKeys (ConfUtils.java:logGet(46)) - raft.server.log.statemachine.data.sync.timeout = 10s (default)
2023-03-07 04:41:25,978 INFO  server.RaftServerConfigKeys (ConfUtils.java:logGet(46)) - raft.server.log.statemachine.data.sync.timeout.retry = -1 (default)
2023-03-07 04:41:25,978 INFO  server.RaftServerConfigKeys (ConfUtils.java:logGet(46)) - raft.server.log.write.buffer.size = 64KB (=65536) (default)
2023-03-07 04:41:25,978 INFO  server.RaftServerConfigKeys (ConfUtils.java:logGet(46)) - raft.server.log.appender.buffer.byte-limit = 4MB (=4194304) (default)
2023-03-07 04:41:25,979 INFO  server.RaftServerConfigKeys (ConfUtils.java:logGet(46)) - raft.server.log.unsafe-flush.enabled = false (default)
2023-03-07 04:41:25,979 INFO  server.RaftServerConfigKeys (ConfUtils.java:logGet(46)) - raft.server.log.async-flush.enabled = false (default)
2023-03-07 04:41:25,979 INFO  server.RaftServerConfigKeys (ConfUtils.java:logGet(46)) - raft.server.log.statemachine.data.caching.enabled = false (default)
2023-03-07 04:41:25,979 INFO  segmented.SegmentedRaftLogWorker (SegmentedRaftLogWorker.java:lambda$new$0(134)) - s9@group-A82F1EDBF13F-SegmentedRaftLogWorker: flushIndex: setUnconditionally 0 -> -1
2023-03-07 04:41:25,979 INFO  segmented.SegmentedRaftLogWorker (SegmentedRaftLogWorker.java:lambda$new$0(134)) - s9@group-A82F1EDBF13F-SegmentedRaftLogWorker: safeCacheEvictIndex: setUnconditionally 0 -> -1
2023-03-07 04:41:25,984 INFO  server.RaftServer$Division (RaftServerImpl.java:start(348)) - s9@group-A82F1EDBF13F: start with initializing state, conf=-1: peers:[]|listeners:[], old=null
2023-03-07 04:41:25,984 INFO  server.RaftServer$Division (RaftServerImpl.java:setRole(329)) - s9@group-A82F1EDBF13F: changes role from      null to FOLLOWER at term 0 for startInitializing
2023-03-07 04:41:25,984 INFO  util.JmxRegister (JmxRegister.java:tryRegister(44)) - Successfully registered JMX Bean with object name Ratis:service=RaftServer,group=group-A82F1EDBF13F,id=s9
2023-03-07 04:41:25,984 INFO  server.RaftServerConfigKeys (ConfUtils.java:logGet(46)) - raft.server.snapshot.auto.trigger.enabled = false (default)
2023-03-07 04:41:25,984 INFO  server.RaftServerConfigKeys (ConfUtils.java:logGet(46)) - raft.server.snapshot.retention.file.num = -1 (default)
2023-03-07 04:41:25,984 INFO  server.RaftServerConfigKeys (ConfUtils.java:logGet(46)) - raft.server.log.purge.upto.snapshot.index = false (default)
2023-03-07 04:41:25,987 INFO  impl.GroupManagementBaseTest (GroupManagementBaseTest.java:runMultiGroupTest(330)) - 1) setConfiguration: printing group-A82F1EDBF13F
  s3:  RUNNING [
   FOLLOWER s3@group-FAA53D5BC7BE:t0, leader=null, voted=, raftlog=Memoized:s3@group-FAA53D5BC7BE-SegmentedRaftLog:OPENED:c-1, conf=-1: peers:[]|listeners:[], old=null STARTING
   FOLLOWER s3@group-A82F1EDBF13F:t0, leader=null, voted=, raftlog=Memoized:s3@group-A82F1EDBF13F-SegmentedRaftLog:OPENED:c-1, conf=-1: peers:[]|listeners:[], old=null STARTING] size=2
  s4:  RUNNING [
   FOLLOWER s4@group-FAA53D5BC7BE:t0, leader=null, voted=, raftlog=Memoized:s4@group-FAA53D5BC7BE-SegmentedRaftLog:OPENED:c-1, conf=-1: peers:[]|listeners:[], old=null STARTING
   FOLLOWER s4@group-A82F1EDBF13F:t0, leader=null, voted=, raftlog=Memoized:s4@group-A82F1EDBF13F-SegmentedRaftLog:OPENED:c-1, conf=-1: peers:[]|listeners:[], old=null STARTING] size=2
  s5:  RUNNING [
   FOLLOWER s5@group-FAA53D5BC7BE:t0, leader=null, voted=, raftlog=Memoized:s5@group-FAA53D5BC7BE-SegmentedRaftLog:OPENED:c-1, conf=-1: peers:[]|listeners:[], old=null STARTING
   FOLLOWER s5@group-A82F1EDBF13F:t0, leader=null, voted=, raftlog=Memoized:s5@group-A82F1EDBF13F-SegmentedRaftLog:OPENED:c-1, conf=-1: peers:[]|listeners:[], old=null STARTING] size=2
  s6:  RUNNING [
   FOLLOWER s6@group-FAA53D5BC7BE:t0, leader=null, voted=, raftlog=Memoized:s6@group-FAA53D5BC7BE-SegmentedRaftLog:OPENED:c-1, conf=-1: peers:[]|listeners:[], old=null STARTING
   FOLLOWER s6@group-A82F1EDBF13F:t0, leader=null, voted=, raftlog=Memoized:s6@group-A82F1EDBF13F-SegmentedRaftLog:OPENED:c-1, conf=-1: peers:[]|listeners:[], old=null STARTING] size=2
  s7:  RUNNING [
   FOLLOWER s7@group-FAA53D5BC7BE:t0, leader=null, voted=, raftlog=Memoized:s7@group-FAA53D5BC7BE-SegmentedRaftLog:OPENED:c-1, conf=-1: peers:[]|listeners:[], old=null STARTING
   FOLLOWER s7@group-A82F1EDBF13F:t0, leader=null, voted=, raftlog=Memoized:s7@group-A82F1EDBF13F-SegmentedRaftLog:OPENED:c-1, conf=-1: peers:[]|listeners:[], old=null STARTING] size=2
  s8:  RUNNING [
   FOLLOWER s8@group-FAA53D5BC7BE:t0, leader=null, voted=, raftlog=Memoized:s8@group-FAA53D5BC7BE-SegmentedRaftLog:OPENED:c-1, conf=-1: peers:[]|listeners:[], old=null STARTING
   FOLLOWER s8@group-A82F1EDBF13F:t0, leader=null, voted=, raftlog=Memoized:s8@group-A82F1EDBF13F-SegmentedRaftLog:OPENED:c-1, conf=-1: peers:[]|listeners:[], old=null STARTING] size=2
  s9:  RUNNING [
   FOLLOWER s9@group-FAA53D5BC7BE:t0, leader=null, voted=, raftlog=Memoized:s9@group-FAA53D5BC7BE-SegmentedRaftLog:OPENED:c-1, conf=-1: peers:[]|listeners:[], old=null STARTING
   FOLLOWER s9@group-A82F1EDBF13F:t0, leader=null, voted=, raftlog=Memoized:s9@group-A82F1EDBF13F-SegmentedRaftLog:OPENED:c-1, conf=-1: peers:[]|listeners:[], old=null STARTING] size=2
  s11:  RUNNING [
   FOLLOWER s11@group-FAA53D5BC7BE:t0, leader=null, voted=, raftlog=Memoized:s11@group-FAA53D5BC7BE-SegmentedRaftLog:OPENED:c-1, conf=-1: peers:[]|listeners:[], old=null STARTING
     LEADER s11@group-A82F1EDBF13F:t1, leader=s11, voted=s11, raftlog=Memoized:s11@group-A82F1EDBF13F-SegmentedRaftLog:OPENED:c120, conf=0: peers:[s11|rpc:0.0.0.0:44621|dataStream:|priority:0|startupRole:FOLLOWER, s13|rpc:0.0.0.0:33759|dataStream:|priority:0|startupRole:FOLLOWER, s12|rpc:0.0.0.0:43391|dataStream:|priority:0|startupRole:FOLLOWER]|listeners:[], old=null RUNNING] size=2
  s10:  RUNNING [
   FOLLOWER s10@group-FAA53D5BC7BE:t0, leader=null, voted=, raftlog=Memoized:s10@group-FAA53D5BC7BE-SegmentedRaftLog:OPENED:c-1, conf=-1: peers:[]|listeners:[], old=null STARTING
   FOLLOWER s10@group-A82F1EDBF13F:t0, leader=null, voted=, raftlog=Memoized:s10@group-A82F1EDBF13F-SegmentedRaftLog:OPENED:c-1, conf=-1: peers:[]|listeners:[], old=null STARTING] size=2
  s13:  RUNNING [
   FOLLOWER s13@group-FAA53D5BC7BE:t0, leader=null, voted=, raftlog=Memoized:s13@group-FAA53D5BC7BE-SegmentedRaftLog:OPENED:c-1, conf=-1: peers:[]|listeners:[], old=null STARTING
   FOLLOWER s13@group-A82F1EDBF13F:t1, leader=s11, voted=s11, raftlog=Memoized:s13@group-A82F1EDBF13F-SegmentedRaftLog:OPENED:c120, conf=0: peers:[s11|rpc:0.0.0.0:44621|dataStream:|priority:0|startupRole:FOLLOWER, s13|rpc:0.0.0.0:33759|dataStream:|priority:0|startupRole:FOLLOWER, s12|rpc:0.0.0.0:43391|dataStream:|priority:0|startupRole:FOLLOWER]|listeners:[], old=null RUNNING] size=2
  s12:  RUNNING [
   FOLLOWER s12@group-FAA53D5BC7BE:t0, leader=null, voted=, raftlog=Memoized:s12@group-FAA53D5BC7BE-SegmentedRaftLog:OPENED:c-1, conf=-1: peers:[]|listeners:[], old=null STARTING
   FOLLOWER s12@group-A82F1EDBF13F:t1, leader=s11, voted=s11, raftlog=Memoized:s12@group-A82F1EDBF13F-SegmentedRaftLog:OPENED:c120, conf=0: peers:[s11|rpc:0.0.0.0:44621|dataStream:|priority:0|startupRole:FOLLOWER, s13|rpc:0.0.0.0:33759|dataStream:|priority:0|startupRole:FOLLOWER, s12|rpc:0.0.0.0:43391|dataStream:|priority:0|startupRole:FOLLOWER]|listeners:[], old=null RUNNING] size=2
  s14:  RUNNING [
   FOLLOWER s14@group-FAA53D5BC7BE:t0, leader=null, voted=, raftlog=Memoized:s14@group-FAA53D5BC7BE-SegmentedRaftLog:OPENED:c-1, conf=-1: peers:[]|listeners:[], old=null STARTING
   FOLLOWER s14@group-A82F1EDBF13F:t0, leader=null, voted=, raftlog=Memoized:s14@group-A82F1EDBF13F-SegmentedRaftLog:OPENED:c-1, conf=-1: peers:[]|listeners:[], old=null STARTING] size=2
  s0:  RUNNING [
   FOLLOWER s0@group-FAA53D5BC7BE:t0, leader=null, voted=, raftlog=Memoized:s0@group-FAA53D5BC7BE-SegmentedRaftLog:OPENED:c-1, conf=-1: peers:[]|listeners:[], old=null STARTING
   FOLLOWER s0@group-A82F1EDBF13F:t0, leader=null, voted=, raftlog=Memoized:s0@group-A82F1EDBF13F-SegmentedRaftLog:OPENED:c-1, conf=-1: peers:[]|listeners:[], old=null STARTING] size=2
  s1:  RUNNING [
   FOLLOWER s1@group-FAA53D5BC7BE:t0, leader=null, voted=, raftlog=Memoized:s1@group-FAA53D5BC7BE-SegmentedRaftLog:OPENED:c-1, conf=-1: peers:[]|listeners:[], old=null STARTING
   FOLLOWER s1@group-A82F1EDBF13F:t0, leader=null, voted=, raftlog=Memoized:s1@group-A82F1EDBF13F-SegmentedRaftLog:OPENED:c-1, conf=-1: peers:[]|listeners:[], old=null STARTING] size=2
  s2:  RUNNING [
   FOLLOWER s2@group-FAA53D5BC7BE:t0, leader=null, voted=, raftlog=Memoized:s2@group-FAA53D5BC7BE-SegmentedRaftLog:OPENED:c-1, conf=-1: peers:[]|listeners:[], old=null STARTING
   FOLLOWER s2@group-A82F1EDBF13F:t0, leader=null, voted=, raftlog=Memoized:s2@group-A82F1EDBF13F-SegmentedRaftLog:OPENED:c-1, conf=-1: peers:[]|listeners:[], old=null STARTING] size=2
2023-03-07 04:41:25,988 INFO  logging.LoggingHandler (AbstractInternalLogger.java:log(148)) - [id: 0x522bdfaf, L:/0.0.0.0:44621] READ: [id: 0x69f9ab0f, L:/10.1.0.7:44621 - R:/10.1.0.7:46548]
2023-03-07 04:41:25,991 INFO  logging.LoggingHandler (AbstractInternalLogger.java:log(148)) - [id: 0x522bdfaf, L:/0.0.0.0:44621] READ COMPLETE
2023-03-07 04:41:25,992 INFO  server.RaftServer$Division (RaftServerImpl.java:setConfigurationAsync(1196)) - s11@group-A82F1EDBF13F: receive setConfiguration SetConfigurationRequest:client-5850DD84C67C->s11@group-A82F1EDBF13F, cid=7367, seq=0, RW, null, SET_UNCONDITIONALLY, servers:[s0|rpc:0.0.0.0:45573|dataStream:|priority:0|startupRole:FOLLOWER, s1|rpc:0.0.0.0:34621|dataStream:|priority:0|startupRole:FOLLOWER, s10|rpc:0.0.0.0:43353|dataStream:|priority:0|startupRole:FOLLOWER, s11|rpc:0.0.0.0:44621|dataStream:|priority:0|startupRole:FOLLOWER, s12|rpc:0.0.0.0:43391|dataStream:|priority:0|startupRole:FOLLOWER, s13|rpc:0.0.0.0:33759|dataStream:|priority:0|startupRole:FOLLOWER, s14|rpc:0.0.0.0:41557|dataStream:|priority:0|startupRole:FOLLOWER, s2|rpc:0.0.0.0:40769|dataStream:|priority:0|startupRole:FOLLOWER, s3|rpc:0.0.0.0:43243|dataStream:|priority:0|startupRole:FOLLOWER, s4|rpc:0.0.0.0:34427|dataStream:|priority:0|startupRole:FOLLOWER, s5|rpc:0.0.0.0:35843|dataStream:|priority:0|startupRole:FOLLOWER, s6|rpc:0.0.0.0:43509|dataStream:|priority:0|startupRole:FOLLOWER, s7|rpc:0.0.0.0:36409|dataStream:|priority:0|startupRole:FOLLOWER, s8|rpc:0.0.0.0:41505|dataStream:|priority:0|startupRole:FOLLOWER, s9|rpc:0.0.0.0:34365|dataStream:|priority:0|startupRole:FOLLOWER], listeners:[]
2023-03-07 04:41:25,992 INFO  server.RaftServer$Division (LeaderStateImpl.java:startSetConfiguration(440)) - s11@group-A82F1EDBF13F-LeaderStateImpl: startSetConfiguration SetConfigurationRequest:client-5850DD84C67C->s11@group-A82F1EDBF13F, cid=7367, seq=0, RW, null, SET_UNCONDITIONALLY, servers:[s0|rpc:0.0.0.0:45573|dataStream:|priority:0|startupRole:FOLLOWER, s1|rpc:0.0.0.0:34621|dataStream:|priority:0|startupRole:FOLLOWER, s10|rpc:0.0.0.0:43353|dataStream:|priority:0|startupRole:FOLLOWER, s11|rpc:0.0.0.0:44621|dataStream:|priority:0|startupRole:FOLLOWER, s12|rpc:0.0.0.0:43391|dataStream:|priority:0|startupRole:FOLLOWER, s13|rpc:0.0.0.0:33759|dataStream:|priority:0|startupRole:FOLLOWER, s14|rpc:0.0.0.0:41557|dataStream:|priority:0|startupRole:FOLLOWER, s2|rpc:0.0.0.0:40769|dataStream:|priority:0|startupRole:FOLLOWER, s3|rpc:0.0.0.0:43243|dataStream:|priority:0|startupRole:FOLLOWER, s4|rpc:0.0.0.0:34427|dataStream:|priority:0|startupRole:FOLLOWER, s5|rpc:0.0.0.0:35843|dataStream:|priority:0|startupRole:FOLLOWER, s6|rpc:0.0.0.0:43509|dataStream:|priority:0|startupRole:FOLLOWER, s7|rpc:0.0.0.0:36409|dataStream:|priority:0|startupRole:FOLLOWER, s8|rpc:0.0.0.0:41505|dataStream:|priority:0|startupRole:FOLLOWER, s9|rpc:0.0.0.0:34365|dataStream:|priority:0|startupRole:FOLLOWER], listeners:[]
2023-03-07 04:41:25,994 INFO  server.RaftServerConfigKeys (ConfUtils.java:logGet(46)) - raft.server.log.appender.snapshot.chunk.size.max = 16MB (=16777216) (default)
2023-03-07 04:41:25,994 INFO  server.RaftServerConfigKeys (ConfUtils.java:logGet(46)) - raft.server.log.appender.buffer.byte-limit = 4MB (=4194304) (default)
2023-03-07 04:41:25,994 INFO  server.RaftServerConfigKeys (ConfUtils.java:logGet(46)) - raft.server.log.appender.buffer.element-limit = 0 (default)
2023-03-07 04:41:25,994 INFO  server.RaftServerConfigKeys (ConfUtils.java:logGet(46)) - raft.server.log.appender.wait-time.min = 10ms (default)
2023-03-07 04:41:25,994 INFO  server.RaftServerConfigKeys (ConfUtils.java:logGet(46)) - raft.server.log.appender.snapshot.chunk.size.max = 16MB (=16777216) (default)
2023-03-07 04:41:25,994 INFO  server.RaftServerConfigKeys (ConfUtils.java:logGet(46)) - raft.server.log.appender.buffer.byte-limit = 4MB (=4194304) (default)
2023-03-07 04:41:25,994 INFO  server.RaftServerConfigKeys (ConfUtils.java:logGet(46)) - raft.server.log.appender.buffer.element-limit = 0 (default)
2023-03-07 04:41:25,995 INFO  server.RaftServerConfigKeys (ConfUtils.java:logGet(46)) - raft.server.log.appender.wait-time.min = 10ms (default)
2023-03-07 04:41:25,995 INFO  server.RaftServerConfigKeys (ConfUtils.java:logGet(46)) - raft.server.log.appender.snapshot.chunk.size.max = 16MB (=16777216) (default)
2023-03-07 04:41:25,995 INFO  server.RaftServerConfigKeys (ConfUtils.java:logGet(46)) - raft.server.log.appender.buffer.byte-limit = 4MB (=4194304) (default)
2023-03-07 04:41:25,995 INFO  server.RaftServerConfigKeys (ConfUtils.java:logGet(46)) - raft.server.log.appender.buffer.element-limit = 0 (default)
2023-03-07 04:41:25,995 INFO  server.RaftServerConfigKeys (ConfUtils.java:logGet(46)) - raft.server.log.appender.wait-time.min = 10ms (default)
2023-03-07 04:41:25,995 INFO  server.RaftServerConfigKeys (ConfUtils.java:logGet(46)) - raft.server.log.appender.snapshot.chunk.size.max = 16MB (=16777216) (default)
2023-03-07 04:41:25,995 INFO  server.RaftServerConfigKeys (ConfUtils.java:logGet(46)) - raft.server.log.appender.buffer.byte-limit = 4MB (=4194304) (default)
2023-03-07 04:41:25,995 INFO  server.RaftServerConfigKeys (ConfUtils.java:logGet(46)) - raft.server.log.appender.buffer.element-limit = 0 (default)
2023-03-07 04:41:25,996 INFO  server.RaftServerConfigKeys (ConfUtils.java:logGet(46)) - raft.server.log.appender.wait-time.min = 10ms (default)
2023-03-07 04:41:25,996 INFO  server.RaftServerConfigKeys (ConfUtils.java:logGet(46)) - raft.server.log.appender.snapshot.chunk.size.max = 16MB (=16777216) (default)
2023-03-07 04:41:25,996 INFO  server.RaftServerConfigKeys (ConfUtils.java:logGet(46)) - raft.server.log.appender.buffer.byte-limit = 4MB (=4194304) (default)
2023-03-07 04:41:25,996 INFO  server.RaftServerConfigKeys (ConfUtils.java:logGet(46)) - raft.server.log.appender.buffer.element-limit = 0 (default)
2023-03-07 04:41:25,996 INFO  server.RaftServerConfigKeys (ConfUtils.java:logGet(46)) - raft.server.log.appender.wait-time.min = 10ms (default)
2023-03-07 04:41:25,996 INFO  server.RaftServerConfigKeys (ConfUtils.java:logGet(46)) - raft.server.log.appender.snapshot.chunk.size.max = 16MB (=16777216) (default)
2023-03-07 04:41:25,997 INFO  server.RaftServerConfigKeys (ConfUtils.java:logGet(46)) - raft.server.log.appender.buffer.byte-limit = 4MB (=4194304) (default)
2023-03-07 04:41:25,997 INFO  server.RaftServerConfigKeys (ConfUtils.java:logGet(46)) - raft.server.log.appender.buffer.element-limit = 0 (default)
2023-03-07 04:41:25,997 INFO  server.RaftServerConfigKeys (ConfUtils.java:logGet(46)) - raft.server.log.appender.wait-time.min = 10ms (default)
2023-03-07 04:41:25,997 INFO  server.RaftServerConfigKeys (ConfUtils.java:logGet(46)) - raft.server.log.appender.snapshot.chunk.size.max = 16MB (=16777216) (default)
2023-03-07 04:41:25,997 INFO  server.RaftServerConfigKeys (ConfUtils.java:logGet(46)) - raft.server.log.appender.buffer.byte-limit = 4MB (=4194304) (default)
2023-03-07 04:41:25,997 INFO  server.RaftServerConfigKeys (ConfUtils.java:logGet(46)) - raft.server.log.appender.buffer.element-limit = 0 (default)
2023-03-07 04:41:25,997 INFO  server.RaftServerConfigKeys (ConfUtils.java:logGet(46)) - raft.server.log.appender.wait-time.min = 10ms (default)
2023-03-07 04:41:25,998 INFO  server.RaftServerConfigKeys (ConfUtils.java:logGet(46)) - raft.server.log.appender.snapshot.chunk.size.max = 16MB (=16777216) (default)
2023-03-07 04:41:25,998 INFO  server.RaftServerConfigKeys (ConfUtils.java:logGet(46)) - raft.server.log.appender.buffer.byte-limit = 4MB (=4194304) (default)
2023-03-07 04:41:25,998 INFO  server.RaftServerConfigKeys (ConfUtils.java:logGet(46)) - raft.server.log.appender.buffer.element-limit = 0 (default)
2023-03-07 04:41:25,998 INFO  server.RaftServerConfigKeys (ConfUtils.java:logGet(46)) - raft.server.log.appender.wait-time.min = 10ms (default)
2023-03-07 04:41:25,998 INFO  server.RaftServerConfigKeys (ConfUtils.java:logGet(46)) - raft.server.log.appender.snapshot.chunk.size.max = 16MB (=16777216) (default)
2023-03-07 04:41:25,998 INFO  server.RaftServerConfigKeys (ConfUtils.java:logGet(46)) - raft.server.log.appender.buffer.byte-limit = 4MB (=4194304) (default)
2023-03-07 04:41:25,998 INFO  server.RaftServerConfigKeys (ConfUtils.java:logGet(46)) - raft.server.log.appender.buffer.element-limit = 0 (default)
2023-03-07 04:41:25,998 INFO  server.RaftServerConfigKeys (ConfUtils.java:logGet(46)) - raft.server.log.appender.wait-time.min = 10ms (default)
2023-03-07 04:41:25,999 INFO  server.RaftServerConfigKeys (ConfUtils.java:logGet(46)) - raft.server.log.appender.snapshot.chunk.size.max = 16MB (=16777216) (default)
2023-03-07 04:41:25,999 INFO  server.RaftServerConfigKeys (ConfUtils.java:logGet(46)) - raft.server.log.appender.buffer.byte-limit = 4MB (=4194304) (default)
2023-03-07 04:41:25,999 INFO  server.RaftServerConfigKeys (ConfUtils.java:logGet(46)) - raft.server.log.appender.buffer.element-limit = 0 (default)
2023-03-07 04:41:25,999 INFO  server.RaftServerConfigKeys (ConfUtils.java:logGet(46)) - raft.server.log.appender.wait-time.min = 10ms (default)
2023-03-07 04:41:25,999 INFO  server.RaftServerConfigKeys (ConfUtils.java:logGet(46)) - raft.server.log.appender.snapshot.chunk.size.max = 16MB (=16777216) (default)
2023-03-07 04:41:25,999 INFO  server.RaftServerConfigKeys (ConfUtils.java:logGet(46)) - raft.server.log.appender.buffer.byte-limit = 4MB (=4194304) (default)
2023-03-07 04:41:25,999 INFO  server.RaftServerConfigKeys (ConfUtils.java:logGet(46)) - raft.server.log.appender.buffer.element-limit = 0 (default)
2023-03-07 04:41:25,999 INFO  server.RaftServerConfigKeys (ConfUtils.java:logGet(46)) - raft.server.log.appender.wait-time.min = 10ms (default)
2023-03-07 04:41:26,000 INFO  server.RaftServerConfigKeys (ConfUtils.java:logGet(46)) - raft.server.log.appender.snapshot.chunk.size.max = 16MB (=16777216) (default)
2023-03-07 04:41:26,000 INFO  server.RaftServerConfigKeys (ConfUtils.java:logGet(46)) - raft.server.log.appender.buffer.byte-limit = 4MB (=4194304) (default)
2023-03-07 04:41:26,000 INFO  server.RaftServerConfigKeys (ConfUtils.java:logGet(46)) - raft.server.log.appender.buffer.element-limit = 0 (default)
2023-03-07 04:41:26,000 INFO  server.RaftServerConfigKeys (ConfUtils.java:logGet(46)) - raft.server.log.appender.wait-time.min = 10ms (default)
2023-03-07 04:41:26,000 INFO  leader.FollowerInfo (FollowerInfoImpl.java:setAttemptedToInstallSnapshot(126)) - Follower s11@group-A82F1EDBF13F->s3 acknowledged installing snapshot
2023-03-07 04:41:26,001 INFO  leader.FollowerInfo (FollowerInfoImpl.java:setAttemptedToInstallSnapshot(126)) - Follower s11@group-A82F1EDBF13F->s4 acknowledged installing snapshot
2023-03-07 04:41:26,002 INFO  leader.FollowerInfo (FollowerInfoImpl.java:setAttemptedToInstallSnapshot(126)) - Follower s11@group-A82F1EDBF13F->s5 acknowledged installing snapshot
2023-03-07 04:41:26,003 INFO  logging.LoggingHandler (AbstractInternalLogger.java:log(148)) - [id: 0xaf09a42a, L:/0.0.0.0:35843] READ: [id: 0x0f751f4a, L:/10.1.0.7:35843 - R:/10.1.0.7:53076]
2023-03-07 04:41:26,003 INFO  logging.LoggingHandler (AbstractInternalLogger.java:log(148)) - [id: 0xaf09a42a, L:/0.0.0.0:35843] READ COMPLETE
2023-03-07 04:41:26,003 INFO  leader.FollowerInfo (FollowerInfoImpl.java:setAttemptedToInstallSnapshot(126)) - Follower s11@group-A82F1EDBF13F->s10 acknowledged installing snapshot
2023-03-07 04:41:26,003 INFO  logging.LoggingHandler (AbstractInternalLogger.java:log(148)) - [id: 0x09e3f7d5, L:/0.0.0.0:43353] READ: [id: 0x9628b77c, L:/10.1.0.7:43353 - R:/10.1.0.7:36802]
2023-03-07 04:41:26,003 INFO  logging.LoggingHandler (AbstractInternalLogger.java:log(148)) - [id: 0x09e3f7d5, L:/0.0.0.0:43353] READ COMPLETE
2023-03-07 04:41:26,005 INFO  server.RaftServer$Division (ServerState.java:setLeader(260)) - s10@group-A82F1EDBF13F: change Leader from null to s11 at term 1 for appendEntries, leader elected after 367ms
2023-03-07 04:41:26,006 INFO  server.RaftServer$Division (ServerState.java:setLeader(260)) - s5@group-A82F1EDBF13F: change Leader from null to s11 at term 1 for appendEntries, leader elected after 177ms
2023-03-07 04:41:26,006 INFO  impl.RoleInfo (RoleInfo.java:updateAndGet(139)) - s10: start s10@group-A82F1EDBF13F-FollowerState
2023-03-07 04:41:26,006 INFO  impl.RoleInfo (RoleInfo.java:updateAndGet(139)) - s5: start s5@group-A82F1EDBF13F-FollowerState
2023-03-07 04:41:26,010 INFO  leader.FollowerInfo (FollowerInfoImpl.java:setAttemptedToInstallSnapshot(126)) - Follower s11@group-A82F1EDBF13F->s6 acknowledged installing snapshot
2023-03-07 04:41:26,011 INFO  leader.FollowerInfo (FollowerInfoImpl.java:setAttemptedToInstallSnapshot(126)) - Follower s11@group-A82F1EDBF13F->s7 acknowledged installing snapshot
2023-03-07 04:41:26,012 INFO  leader.FollowerInfo (FollowerInfoImpl.java:setAttemptedToInstallSnapshot(126)) - Follower s11@group-A82F1EDBF13F->s8 acknowledged installing snapshot
2023-03-07 04:41:26,012 INFO  logging.LoggingHandler (AbstractInternalLogger.java:log(148)) - [id: 0xe229bbe1, L:/0.0.0.0:41505] READ: [id: 0xe9108713, L:/10.1.0.7:41505 - R:/10.1.0.7:48120]
2023-03-07 04:41:26,012 INFO  logging.LoggingHandler (AbstractInternalLogger.java:log(148)) - [id: 0xe229bbe1, L:/0.0.0.0:41505] READ COMPLETE
2023-03-07 04:41:26,014 INFO  server.RaftServer$Division (ServerState.java:setLeader(260)) - s8@group-A82F1EDBF13F: change Leader from null to s11 at term 1 for appendEntries, leader elected after 74ms
2023-03-07 04:41:26,014 INFO  impl.RoleInfo (RoleInfo.java:updateAndGet(139)) - s8: start s8@group-A82F1EDBF13F-FollowerState
2023-03-07 04:41:26,015 INFO  leader.FollowerInfo (FollowerInfoImpl.java:setAttemptedToInstallSnapshot(126)) - Follower s11@group-A82F1EDBF13F->s9 acknowledged installing snapshot
2023-03-07 04:41:26,015 INFO  leader.FollowerInfo (FollowerInfoImpl.java:setAttemptedToInstallSnapshot(126)) - Follower s11@group-A82F1EDBF13F->s14 acknowledged installing snapshot
2023-03-07 04:41:26,016 INFO  logging.LoggingHandler (AbstractInternalLogger.java:log(148)) - [id: 0xe59a881d, L:/0.0.0.0:34365] READ: [id: 0xb75488da, L:/10.1.0.7:34365 - R:/10.1.0.7:43266]
2023-03-07 04:41:26,016 INFO  logging.LoggingHandler (AbstractInternalLogger.java:log(148)) - [id: 0xe59a881d, L:/0.0.0.0:34365] READ COMPLETE
2023-03-07 04:41:26,017 INFO  leader.FollowerInfo (FollowerInfoImpl.java:setAttemptedToInstallSnapshot(126)) - Follower s11@group-A82F1EDBF13F->s0 acknowledged installing snapshot
2023-03-07 04:41:26,017 INFO  leader.FollowerInfo (FollowerInfoImpl.java:setAttemptedToInstallSnapshot(126)) - Follower s11@group-A82F1EDBF13F->s1 acknowledged installing snapshot
2023-03-07 04:41:26,017 INFO  leader.FollowerInfo (FollowerInfoImpl.java:setAttemptedToInstallSnapshot(126)) - Follower s11@group-A82F1EDBF13F->s2 acknowledged installing snapshot
2023-03-07 04:41:26,017 INFO  logging.LoggingHandler (AbstractInternalLogger.java:log(148)) - [id: 0x8e7d1ea5, L:/0.0.0.0:34621] READ: [id: 0x4f3008c8, L:/10.1.0.7:34621 - R:/10.1.0.7:46052]
2023-03-07 04:41:26,017 INFO  logging.LoggingHandler (AbstractInternalLogger.java:log(148)) - [id: 0x8e7d1ea5, L:/0.0.0.0:34621] READ COMPLETE
2023-03-07 04:41:26,018 INFO  server.RaftServer$Division (ServerState.java:setLeader(260)) - s9@group-A82F1EDBF13F: change Leader from null to s11 at term 1 for appendEntries, leader elected after 45ms
2023-03-07 04:41:26,018 INFO  impl.RoleInfo (RoleInfo.java:updateAndGet(139)) - s9: start s9@group-A82F1EDBF13F-FollowerState
2023-03-07 04:41:26,018 INFO  logging.LoggingHandler (AbstractInternalLogger.java:log(148)) - [id: 0x923fd090, L:/0.0.0.0:40769] READ: [id: 0xdcab1f62, L:/10.1.0.7:40769 - R:/10.1.0.7:45936]
2023-03-07 04:41:26,018 INFO  logging.LoggingHandler (AbstractInternalLogger.java:log(148)) - [id: 0x923fd090, L:/0.0.0.0:40769] READ COMPLETE
2023-03-07 04:41:26,040 INFO  logging.LoggingHandler (AbstractInternalLogger.java:log(148)) - [id: 0x07ea810c, L:/0.0.0.0:43243] READ: [id: 0x5d7fa325, L:/10.1.0.7:43243 - R:/10.1.0.7:35454]
2023-03-07 04:41:26,040 INFO  logging.LoggingHandler (AbstractInternalLogger.java:log(148)) - [id: 0x07ea810c, L:/0.0.0.0:43243] READ COMPLETE
2023-03-07 04:41:26,040 INFO  logging.LoggingHandler (AbstractInternalLogger.java:log(148)) - [id: 0xdc2b15a4, L:/0.0.0.0:41557] READ: [id: 0xa2f359d3, L:/10.1.0.7:41557 - R:/10.1.0.7:42368]
2023-03-07 04:41:26,040 INFO  logging.LoggingHandler (AbstractInternalLogger.java:log(148)) - [id: 0xdc2b15a4, L:/0.0.0.0:41557] READ COMPLETE
2023-03-07 04:41:26,043 INFO  logging.LoggingHandler (AbstractInternalLogger.java:log(148)) - [id: 0x331f7887, L:/0.0.0.0:43509] READ: [id: 0x679fed01, L:/10.1.0.7:43509 - R:/10.1.0.7:37752]
2023-03-07 04:41:26,043 INFO  logging.LoggingHandler (AbstractInternalLogger.java:log(148)) - [id: 0x331f7887, L:/0.0.0.0:43509] READ COMPLETE
2023-03-07 04:41:26,045 DEBUG server.RaftServer$Division (RaftServerImpl.java:logAppendEntries(1429)) - s8@group-A82F1EDBF13F: receive appendEntries(s11, 1, null, 120, false, commits:[s11:c120, s13:c120, s12:c120, s3:c-1, s4:c-1, s5:c-1, s10:c-1, s6:c-1, s7:c-1, s8:c-1, s9:c-1, s14:c-1, s0:c-1, s1:c-1, s2:c-1], cId:7396, entries: [(t:1, i:0), CONFIGURATIONENTRY(current:id: "s11"
address: "0.0.0.0:44621"
clientAddress: "0.0.0.0:44621"
adminAddress: "0.0.0.0:44621"
startupRole: FOLLOWER
,id: "s13"
address: "0.0.0.0:33759"
clientAddress: "0.0.0.0:33759"
adminAddress: "0.0.0.0:33759"
startupRole: FOLLOWER
,id: "s12"
address: "0.0.0.0:43391"
clientAddress: "0.0.0.0:43391"
adminAddress: "0.0.0.0:43391"
startupRole: FOLLOWER
, old:), (t:1, i:1), STATEMACHINELOGENTRY, 5125@client-A5D49D9BF856, (t:1, i:2), METADATAENTRY(c:1), (t:1, i:3), STATEMACHINELOGENTRY, 5130@client-A5D49D9BF856, (t:1, i:4), METADATAENTRY(c:3), (t:1, i:5), STATEMACHINELOGENTRY, 5135@client-A5D49D9BF856, (t:1, i:6), METADATAENTRY(c:5), (t:1, i:7), STATEMACHINELOGENTRY, 5140@client-A5D49D9BF856, (t:1, i:8), METADATAENTRY(c:7), (t:1, i:9), STATEMACHINELOGENTRY, 5145@client-A5D49D9BF856, (t:1, i:10), METADATAENTRY(c:9), (t:1, i:11), STATEMACHINELOGENTRY, 5150@client-A5D49D9BF856, (t:1, i:12), METADATAENTRY(c:11), (t:1, i:13), STATEMACHINELOGENTRY, 5155@client-A5D49D9BF856, (t:1, i:14), METADATAENTRY(c:13), (t:1, i:15), STATEMACHINELOGENTRY, 5160@client-A5D49D9BF856, (t:1, i:16), METADATAENTRY(c:15), (t:1, i:17), STATEMACHINELOGENTRY, 5165@client-A5D49D9BF856, (t:1, i:18), METADATAENTRY(c:17), (t:1, i:19), STATEMACHINELOGENTRY, 5170@client-A5D49D9BF856, (t:1, i:20), METADATAENTRY(c:19), (t:1, i:21), STATEMACHINELOGENTRY, 5175@client-A5D49D9BF856, (t:1, i:22), METADATAENTRY(c:21), (t:1, i:23), STATEMACHINELOGENTRY, 5179@client-A5D49D9BF856, (t:1, i:24), METADATAENTRY(c:23), (t:1, i:25), STATEMACHINELOGENTRY, 5184@client-A5D49D9BF856, (t:1, i:26), METADATAENTRY(c:25), (t:1, i:27), STATEMACHINELOGENTRY, 5190@client-A5D49D9BF856, (t:1, i:28), METADATAENTRY(c:27), (t:1, i:29), STATEMACHINELOGENTRY, 5195@client-A5D49D9BF856, (t:1, i:30), METADATAENTRY(c:29), (t:1, i:31), STATEMACHINELOGENTRY, 5200@client-A5D49D9BF856, (t:1, i:32), METADATAENTRY(c:31), (t:1, i:33), STATEMACHINELOGENTRY, 5205@client-A5D49D9BF856, (t:1, i:34), METADATAENTRY(c:33), (t:1, i:35), STATEMACHINELOGENTRY, 5210@client-A5D49D9BF856, (t:1, i:36), METADATAENTRY(c:35), (t:1, i:37), STATEMACHINELOGENTRY, 5215@client-A5D49D9BF856, (t:1, i:38), METADATAENTRY(c:37), (t:1, i:39), STATEMACHINELOGENTRY, 5220@client-A5D49D9BF856, (t:1, i:40), METADATAENTRY(c:39), (t:1, i:41), STATEMACHINELOGENTRY, 5225@client-A5D49D9BF856, (t:1, i:42), METADATAENTRY(c:41), (t:1, i:43), STATEMACHINELOGENTRY, 5230@client-A5D49D9BF856, (t:1, i:44), METADATAENTRY(c:43), (t:1, i:45), STATEMACHINELOGENTRY, 5235@client-A5D49D9BF856, (t:1, i:46), METADATAENTRY(c:45), (t:1, i:47), STATEMACHINELOGENTRY, 5240@client-A5D49D9BF856, (t:1, i:48), METADATAENTRY(c:47), (t:1, i:49), STATEMACHINELOGENTRY, 5245@client-A5D49D9BF856, (t:1, i:50), METADATAENTRY(c:49), (t:1, i:51), STATEMACHINELOGENTRY, 5250@client-A5D49D9BF856, (t:1, i:52), METADATAENTRY(c:51), (t:1, i:53), STATEMACHINELOGENTRY, 5255@client-A5D49D9BF856, (t:1, i:54), METADATAENTRY(c:53), (t:1, i:55), STATEMACHINELOGENTRY, 5260@client-A5D49D9BF856, (t:1, i:56), METADATAENTRY(c:55), (t:1, i:57), STATEMACHINELOGENTRY, 5265@client-A5D49D9BF856, (t:1, i:58), METADATAENTRY(c:57), (t:1, i:59), STATEMACHINELOGENTRY, 5270@client-A5D49D9BF856, (t:1, i:60), METADATAENTRY(c:59), (t:1, i:61), STATEMACHINELOGENTRY, 5279@client-A5D49D9BF856, (t:1, i:62), METADATAENTRY(c:61), (t:1, i:63), STATEMACHINELOGENTRY, 5284@client-A5D49D9BF856, (t:1, i:64), METADATAENTRY(c:63), (t:1, i:65), STATEMACHINELOGENTRY, 5289@client-A5D49D9BF856, (t:1, i:66), METADATAENTRY(c:65), (t:1, i:67), STATEMACHINELOGENTRY, 5294@client-A5D49D9BF856, (t:1, i:68), METADATAENTRY(c:67), (t:1, i:69), STATEMACHINELOGENTRY, 5299@client-A5D49D9BF856, (t:1, i:70), METADATAENTRY(c:69), (t:1, i:71), STATEMACHINELOGENTRY, 5304@client-A5D49D9BF856, (t:1, i:72), METADATAENTRY(c:71), (t:1, i:73), STATEMACHINELOGENTRY, 5309@client-A5D49D9BF856, (t:1, i:74), METADATAENTRY(c:73), (t:1, i:75), STATEMACHINELOGENTRY, 5313@client-A5D49D9BF856, (t:1, i:76), METADATAENTRY(c:75), (t:1, i:77), STATEMACHINELOGENTRY, 5318@client-A5D49D9BF856, (t:1, i:78), METADATAENTRY(c:77), (t:1, i:79), STATEMACHINELOGENTRY, 5323@client-A5D49D9BF856, (t:1, i:80), METADATAENTRY(c:79), (t:1, i:81), STATEMACHINELOGENTRY, 5328@client-A5D49D9BF856, (t:1, i:82), METADATAENTRY(c:81), (t:1, i:83), STATEMACHINELOGENTRY, 5332@client-A5D49D9BF856, (t:1, i:84), METADATAENTRY(c:83), (t:1, i:85), STATEMACHINELOGENTRY, 5337@client-A5D49D9BF856, (t:1, i:86), METADATAENTRY(c:85), (t:1, i:87), STATEMACHINELOGENTRY, 5341@client-A5D49D9BF856, (t:1, i:88), METADATAENTRY(c:87), (t:1, i:89), STATEMACHINELOGENTRY, 5345@client-A5D49D9BF856, (t:1, i:90), METADATAENTRY(c:89), (t:1, i:91), STATEMACHINELOGENTRY, 5350@client-A5D49D9BF856, (t:1, i:92), METADATAENTRY(c:91), (t:1, i:93), STATEMACHINELOGENTRY, 5354@client-A5D49D9BF856, (t:1, i:94), METADATAENTRY(c:93), (t:1, i:95), STATEMACHINELOGENTRY, 5359@client-A5D49D9BF856, (t:1, i:96), METADATAENTRY(c:95), (t:1, i:97), STATEMACHINELOGENTRY, 5363@client-A5D49D9BF856, (t:1, i:98), METADATAENTRY(c:97), (t:1, i:99), STATEMACHINELOGENTRY, 5368@client-A5D49D9BF856, (t:1, i:100), METADATAENTRY(c:99), (t:1, i:101), STATEMACHINELOGENTRY, 5372@client-A5D49D9BF856, (t:1, i:102), METADATAENTRY(c:101), (t:1, i:103), STATEMACHINELOGENTRY, 5376@client-A5D49D9BF856, (t:1, i:104), METADATAENTRY(c:103), (t:1, i:105), STATEMACHINELOGENTRY, 5381@client-A5D49D9BF856, (t:1, i:106), METADATAENTRY(c:105), (t:1, i:107), STATEMACHINELOGENTRY, 5385@client-A5D49D9BF856, (t:1, i:108), METADATAENTRY(c:107), (t:1, i:109), STATEMACHINELOGENTRY, 5390@client-A5D49D9BF856, (t:1, i:110), METADATAENTRY(c:109), (t:1, i:111), STATEMACHINELOGENTRY, 5394@client-A5D49D9BF856, (t:1, i:112), METADATAENTRY(c:111), (t:1, i:113), STATEMACHINELOGENTRY, 5398@client-A5D49D9BF856, (t:1, i:114), METADATAENTRY(c:113), (t:1, i:115), STATEMACHINELOGENTRY, 5403@client-A5D49D9BF856, (t:1, i:116), METADATAENTRY(c:115), (t:1, i:117), STATEMACHINELOGENTRY, 5407@client-A5D49D9BF856, (t:1, i:118), METADATAENTRY(c:117), (t:1, i:119), STATEMACHINELOGENTRY, 5411@client-A5D49D9BF856, (t:1, i:120), METADATAENTRY(c:119)]
2023-03-07 04:41:26,046 INFO  server.RaftServer$Division (ServerState.java:setRaftConf(378)) - s8@group-A82F1EDBF13F: set configuration 0: peers:[s11|rpc:0.0.0.0:44621|dataStream:|priority:0|startupRole:FOLLOWER, s13|rpc:0.0.0.0:33759|dataStream:|priority:0|startupRole:FOLLOWER, s12|rpc:0.0.0.0:43391|dataStream:|priority:0|startupRole:FOLLOWER]|listeners:[], old=null
2023-03-07 04:41:26,046 INFO  segmented.SegmentedRaftLogWorker (SegmentedRaftLogWorker.java:startLogSegment(426)) - s8@group-A82F1EDBF13F-SegmentedRaftLogWorker: Starting segment from index:0
2023-03-07 04:41:26,047 INFO  server.RaftServer$Division (ServerState.java:setLeader(260)) - s2@group-A82F1EDBF13F: change Leader from null to s11 at term 1 for appendEntries, leader elected after 245ms
2023-03-07 04:41:26,047 INFO  impl.RoleInfo (RoleInfo.java:updateAndGet(139)) - s2: start s2@group-A82F1EDBF13F-FollowerState
2023-03-07 04:41:26,048 DEBUG server.RaftServer$Division (RaftServerImpl.java:logAppendEntries(1429)) - s10@group-A82F1EDBF13F: receive appendEntries(s11, 1, null, 120, false, commits:[s11:c120, s13:c120, s12:c120, s3:c-1, s4:c-1, s5:c-1, s10:c-1, s6:c-1, s7:c-1, s8:c-1, s9:c-1, s14:c-1, s0:c-1, s1:c-1, s2:c-1], cId:7397, entries: [(t:1, i:0), CONFIGURATIONENTRY(current:id: "s11"
address: "0.0.0.0:44621"
clientAddress: "0.0.0.0:44621"
adminAddress: "0.0.0.0:44621"
startupRole: FOLLOWER
,id: "s13"
address: "0.0.0.0:33759"
clientAddress: "0.0.0.0:33759"
adminAddress: "0.0.0.0:33759"
startupRole: FOLLOWER
,id: "s12"
address: "0.0.0.0:43391"
clientAddress: "0.0.0.0:43391"
adminAddress: "0.0.0.0:43391"
startupRole: FOLLOWER
, old:), (t:1, i:1), STATEMACHINELOGENTRY, 5125@client-A5D49D9BF856, (t:1, i:2), METADATAENTRY(c:1), (t:1, i:3), STATEMACHINELOGENTRY, 5130@client-A5D49D9BF856, (t:1, i:4), METADATAENTRY(c:3), (t:1, i:5), STATEMACHINELOGENTRY, 5135@client-A5D49D9BF856, (t:1, i:6), METADATAENTRY(c:5), (t:1, i:7), STATEMACHINELOGENTRY, 5140@client-A5D49D9BF856, (t:1, i:8), METADATAENTRY(c:7), (t:1, i:9), STATEMACHINELOGENTRY, 5145@client-A5D49D9BF856, (t:1, i:10), METADATAENTRY(c:9), (t:1, i:11), STATEMACHINELOGENTRY, 5150@client-A5D49D9BF856, (t:1, i:12), METADATAENTRY(c:11), (t:1, i:13), STATEMACHINELOGENTRY, 5155@client-A5D49D9BF856, (t:1, i:14), METADATAENTRY(c:13), (t:1, i:15), STATEMACHINELOGENTRY, 5160@client-A5D49D9BF856, (t:1, i:16), METADATAENTRY(c:15), (t:1, i:17), STATEMACHINELOGENTRY, 5165@client-A5D49D9BF856, (t:1, i:18), METADATAENTRY(c:17), (t:1, i:19), STATEMACHINELOGENTRY, 5170@client-A5D49D9BF856, (t:1, i:20), METADATAENTRY(c:19), (t:1, i:21), STATEMACHINELOGENTRY, 5175@client-A5D49D9BF856, (t:1, i:22), METADATAENTRY(c:21), (t:1, i:23), STATEMACHINELOGENTRY, 5179@client-A5D49D9BF856, (t:1, i:24), METADATAENTRY(c:23), (t:1, i:25), STATEMACHINELOGENTRY, 5184@client-A5D49D9BF856, (t:1, i:26), METADATAENTRY(c:25), (t:1, i:27), STATEMACHINELOGENTRY, 5190@client-A5D49D9BF856, (t:1, i:28), METADATAENTRY(c:27), (t:1, i:29), STATEMACHINELOGENTRY, 5195@client-A5D49D9BF856, (t:1, i:30), METADATAENTRY(c:29), (t:1, i:31), STATEMACHINELOGENTRY, 5200@client-A5D49D9BF856, (t:1, i:32), METADATAENTRY(c:31), (t:1, i:33), STATEMACHINELOGENTRY, 5205@client-A5D49D9BF856, (t:1, i:34), METADATAENTRY(c:33), (t:1, i:35), STATEMACHINELOGENTRY, 5210@client-A5D49D9BF856, (t:1, i:36), METADATAENTRY(c:35), (t:1, i:37), STATEMACHINELOGENTRY, 5215@client-A5D49D9BF856, (t:1, i:38), METADATAENTRY(c:37), (t:1, i:39), STATEMACHINELOGENTRY, 5220@client-A5D49D9BF856, (t:1, i:40), METADATAENTRY(c:39), (t:1, i:41), STATEMACHINELOGENTRY, 5225@client-A5D49D9BF856, (t:1, i:42), METADATAENTRY(c:41), (t:1, i:43), STATEMACHINELOGENTRY, 5230@client-A5D49D9BF856, (t:1, i:44), METADATAENTRY(c:43), (t:1, i:45), STATEMACHINELOGENTRY, 5235@client-A5D49D9BF856, (t:1, i:46), METADATAENTRY(c:45), (t:1, i:47), STATEMACHINELOGENTRY, 5240@client-A5D49D9BF856, (t:1, i:48), METADATAENTRY(c:47), (t:1, i:49), STATEMACHINELOGENTRY, 5245@client-A5D49D9BF856, (t:1, i:50), METADATAENTRY(c:49), (t:1, i:51), STATEMACHINELOGENTRY, 5250@client-A5D49D9BF856, (t:1, i:52), METADATAENTRY(c:51), (t:1, i:53), STATEMACHINELOGENTRY, 5255@client-A5D49D9BF856, (t:1, i:54), METADATAENTRY(c:53), (t:1, i:55), STATEMACHINELOGENTRY, 5260@client-A5D49D9BF856, (t:1, i:56), METADATAENTRY(c:55), (t:1, i:57), STATEMACHINELOGENTRY, 5265@client-A5D49D9BF856, (t:1, i:58), METADATAENTRY(c:57), (t:1, i:59), STATEMACHINELOGENTRY, 5270@client-A5D49D9BF856, (t:1, i:60), METADATAENTRY(c:59), (t:1, i:61), STATEMACHINELOGENTRY, 5279@client-A5D49D9BF856, (t:1, i:62), METADATAENTRY(c:61), (t:1, i:63), STATEMACHINELOGENTRY, 5284@client-A5D49D9BF856, (t:1, i:64), METADATAENTRY(c:63), (t:1, i:65), STATEMACHINELOGENTRY, 5289@client-A5D49D9BF856, (t:1, i:66), METADATAENTRY(c:65), (t:1, i:67), STATEMACHINELOGENTRY, 5294@client-A5D49D9BF856, (t:1, i:68), METADATAENTRY(c:67), (t:1, i:69), STATEMACHINELOGENTRY, 5299@client-A5D49D9BF856, (t:1, i:70), METADATAENTRY(c:69), (t:1, i:71), STATEMACHINELOGENTRY, 5304@client-A5D49D9BF856, (t:1, i:72), METADATAENTRY(c:71), (t:1, i:73), STATEMACHINELOGENTRY, 5309@client-A5D49D9BF856, (t:1, i:74), METADATAENTRY(c:73), (t:1, i:75), STATEMACHINELOGENTRY, 5313@client-A5D49D9BF856, (t:1, i:76), METADATAENTRY(c:75), (t:1, i:77), STATEMACHINELOGENTRY, 5318@client-A5D49D9BF856, (t:1, i:78), METADATAENTRY(c:77), (t:1, i:79), STATEMACHINELOGENTRY, 5323@client-A5D49D9BF856, (t:1, i:80), METADATAENTRY(c:79), (t:1, i:81), STATEMACHINELOGENTRY, 5328@client-A5D49D9BF856, (t:1, i:82), METADATAENTRY(c:81), (t:1, i:83), STATEMACHINELOGENTRY, 5332@client-A5D49D9BF856, (t:1, i:84), METADATAENTRY(c:83), (t:1, i:85), STATEMACHINELOGENTRY, 5337@client-A5D49D9BF856, (t:1, i:86), METADATAENTRY(c:85), (t:1, i:87), STATEMACHINELOGENTRY, 5341@client-A5D49D9BF856, (t:1, i:88), METADATAENTRY(c:87), (t:1, i:89), STATEMACHINELOGENTRY, 5345@client-A5D49D9BF856, (t:1, i:90), METADATAENTRY(c:89), (t:1, i:91), STATEMACHINELOGENTRY, 5350@client-A5D49D9BF856, (t:1, i:92), METADATAENTRY(c:91), (t:1, i:93), STATEMACHINELOGENTRY, 5354@client-A5D49D9BF856, (t:1, i:94), METADATAENTRY(c:93), (t:1, i:95), STATEMACHINELOGENTRY, 5359@client-A5D49D9BF856, (t:1, i:96), METADATAENTRY(c:95), (t:1, i:97), STATEMACHINELOGENTRY, 5363@client-A5D49D9BF856, (t:1, i:98), METADATAENTRY(c:97), (t:1, i:99), STATEMACHINELOGENTRY, 5368@client-A5D49D9BF856, (t:1, i:100), METADATAENTRY(c:99), (t:1, i:101), STATEMACHINELOGENTRY, 5372@client-A5D49D9BF856, (t:1, i:102), METADATAENTRY(c:101), (t:1, i:103), STATEMACHINELOGENTRY, 5376@client-A5D49D9BF856, (t:1, i:104), METADATAENTRY(c:103), (t:1, i:105), STATEMACHINELOGENTRY, 5381@client-A5D49D9BF856, (t:1, i:106), METADATAENTRY(c:105), (t:1, i:107), STATEMACHINELOGENTRY, 5385@client-A5D49D9BF856, (t:1, i:108), METADATAENTRY(c:107), (t:1, i:109), STATEMACHINELOGENTRY, 5390@client-A5D49D9BF856, (t:1, i:110), METADATAENTRY(c:109), (t:1, i:111), STATEMACHINELOGENTRY, 5394@client-A5D49D9BF856, (t:1, i:112), METADATAENTRY(c:111), (t:1, i:113), STATEMACHINELOGENTRY, 5398@client-A5D49D9BF856, (t:1, i:114), METADATAENTRY(c:113), (t:1, i:115), STATEMACHINELOGENTRY, 5403@client-A5D49D9BF856, (t:1, i:116), METADATAENTRY(c:115), (t:1, i:117), STATEMACHINELOGENTRY, 5407@client-A5D49D9BF856, (t:1, i:118), METADATAENTRY(c:117), (t:1, i:119), STATEMACHINELOGENTRY, 5411@client-A5D49D9BF856, (t:1, i:120), METADATAENTRY(c:119)]
2023-03-07 04:41:26,048 INFO  server.RaftServer$Division (ServerState.java:setRaftConf(378)) - s10@group-A82F1EDBF13F: set configuration 0: peers:[s11|rpc:0.0.0.0:44621|dataStream:|priority:0|startupRole:FOLLOWER, s13|rpc:0.0.0.0:33759|dataStream:|priority:0|startupRole:FOLLOWER, s12|rpc:0.0.0.0:43391|dataStream:|priority:0|startupRole:FOLLOWER]|listeners:[], old=null
2023-03-07 04:41:26,048 INFO  segmented.SegmentedRaftLogWorker (SegmentedRaftLogWorker.java:startLogSegment(426)) - s10@group-A82F1EDBF13F-SegmentedRaftLogWorker: Starting segment from index:0
2023-03-07 04:41:26,056 DEBUG server.RaftServer$Division (RaftServerImpl.java:logAppendEntries(1429)) - s9@group-A82F1EDBF13F: receive appendEntries(s11, 1, null, 120, false, commits:[s11:c120, s13:c120, s12:c120, s3:c-1, s4:c-1, s5:c-1, s10:c-1, s6:c-1, s7:c-1, s8:c-1, s9:c-1, s14:c-1, s0:c-1, s1:c-1, s2:c-1], cId:7398, entries: [(t:1, i:0), CONFIGURATIONENTRY(current:id: "s11"
address: "0.0.0.0:44621"
clientAddress: "0.0.0.0:44621"
adminAddress: "0.0.0.0:44621"
startupRole: FOLLOWER
,id: "s13"
address: "0.0.0.0:33759"
clientAddress: "0.0.0.0:33759"
adminAddress: "0.0.0.0:33759"
startupRole: FOLLOWER
,id: "s12"
address: "0.0.0.0:43391"
clientAddress: "0.0.0.0:43391"
adminAddress: "0.0.0.0:43391"
startupRole: FOLLOWER
, old:), (t:1, i:1), STATEMACHINELOGENTRY, 5125@client-A5D49D9BF856, (t:1, i:2), METADATAENTRY(c:1), (t:1, i:3), STATEMACHINELOGENTRY, 5130@client-A5D49D9BF856, (t:1, i:4), METADATAENTRY(c:3), (t:1, i:5), STATEMACHINELOGENTRY, 5135@client-A5D49D9BF856, (t:1, i:6), METADATAENTRY(c:5), (t:1, i:7), STATEMACHINELOGENTRY, 5140@client-A5D49D9BF856, (t:1, i:8), METADATAENTRY(c:7), (t:1, i:9), STATEMACHINELOGENTRY, 5145@client-A5D49D9BF856, (t:1, i:10), METADATAENTRY(c:9), (t:1, i:11), STATEMACHINELOGENTRY, 5150@client-A5D49D9BF856, (t:1, i:12), METADATAENTRY(c:11), (t:1, i:13), STATEMACHINELOGENTRY, 5155@client-A5D49D9BF856, (t:1, i:14), METADATAENTRY(c:13), (t:1, i:15), STATEMACHINELOGENTRY, 5160@client-A5D49D9BF856, (t:1, i:16), METADATAENTRY(c:15), (t:1, i:17), STATEMACHINELOGENTRY, 5165@client-A5D49D9BF856, (t:1, i:18), METADATAENTRY(c:17), (t:1, i:19), STATEMACHINELOGENTRY, 5170@client-A5D49D9BF856, (t:1, i:20), METADATAENTRY(c:19), (t:1, i:21), STATEMACHINELOGENTRY, 5175@client-A5D49D9BF856, (t:1, i:22), METADATAENTRY(c:21), (t:1, i:23), STATEMACHINELOGENTRY, 5179@client-A5D49D9BF856, (t:1, i:24), METADATAENTRY(c:23), (t:1, i:25), STATEMACHINELOGENTRY, 5184@client-A5D49D9BF856, (t:1, i:26), METADATAENTRY(c:25), (t:1, i:27), STATEMACHINELOGENTRY, 5190@client-A5D49D9BF856, (t:1, i:28), METADATAENTRY(c:27), (t:1, i:29), STATEMACHINELOGENTRY, 5195@client-A5D49D9BF856, (t:1, i:30), METADATAENTRY(c:29), (t:1, i:31), STATEMACHINELOGENTRY, 5200@client-A5D49D9BF856, (t:1, i:32), METADATAENTRY(c:31), (t:1, i:33), STATEMACHINELOGENTRY, 5205@client-A5D49D9BF856, (t:1, i:34), METADATAENTRY(c:33), (t:1, i:35), STATEMACHINELOGENTRY, 5210@client-A5D49D9BF856, (t:1, i:36), METADATAENTRY(c:35), (t:1, i:37), STATEMACHINELOGENTRY, 5215@client-A5D49D9BF856, (t:1, i:38), METADATAENTRY(c:37), (t:1, i:39), STATEMACHINELOGENTRY, 5220@client-A5D49D9BF856, (t:1, i:40), METADATAENTRY(c:39), (t:1, i:41), STATEMACHINELOGENTRY, 5225@client-A5D49D9BF856, (t:1, i:42), METADATAENTRY(c:41), (t:1, i:43), STATEMACHINELOGENTRY, 5230@client-A5D49D9BF856, (t:1, i:44), METADATAENTRY(c:43), (t:1, i:45), STATEMACHINELOGENTRY, 5235@client-A5D49D9BF856, (t:1, i:46), METADATAENTRY(c:45), (t:1, i:47), STATEMACHINELOGENTRY, 5240@client-A5D49D9BF856, (t:1, i:48), METADATAENTRY(c:47), (t:1, i:49), STATEMACHINELOGENTRY, 5245@client-A5D49D9BF856, (t:1, i:50), METADATAENTRY(c:49), (t:1, i:51), STATEMACHINELOGENTRY, 5250@client-A5D49D9BF856, (t:1, i:52), METADATAENTRY(c:51), (t:1, i:53), STATEMACHINELOGENTRY, 5255@client-A5D49D9BF856, (t:1, i:54), METADATAENTRY(c:53), (t:1, i:55), STATEMACHINELOGENTRY, 5260@client-A5D49D9BF856, (t:1, i:56), METADATAENTRY(c:55), (t:1, i:57), STATEMACHINELOGENTRY, 5265@client-A5D49D9BF856, (t:1, i:58), METADATAENTRY(c:57), (t:1, i:59), STATEMACHINELOGENTRY, 5270@client-A5D49D9BF856, (t:1, i:60), METADATAENTRY(c:59), (t:1, i:61), STATEMACHINELOGENTRY, 5279@client-A5D49D9BF856, (t:1, i:62), METADATAENTRY(c:61), (t:1, i:63), STATEMACHINELOGENTRY, 5284@client-A5D49D9BF856, (t:1, i:64), METADATAENTRY(c:63), (t:1, i:65), STATEMACHINELOGENTRY, 5289@client-A5D49D9BF856, (t:1, i:66), METADATAENTRY(c:65), (t:1, i:67), STATEMACHINELOGENTRY, 5294@client-A5D49D9BF856, (t:1, i:68), METADATAENTRY(c:67), (t:1, i:69), STATEMACHINELOGENTRY, 5299@client-A5D49D9BF856, (t:1, i:70), METADATAENTRY(c:69), (t:1, i:71), STATEMACHINELOGENTRY, 5304@client-A5D49D9BF856, (t:1, i:72), METADATAENTRY(c:71), (t:1, i:73), STATEMACHINELOGENTRY, 5309@client-A5D49D9BF856, (t:1, i:74), METADATAENTRY(c:73), (t:1, i:75), STATEMACHINELOGENTRY, 5313@client-A5D49D9BF856, (t:1, i:76), METADATAENTRY(c:75), (t:1, i:77), STATEMACHINELOGENTRY, 5318@client-A5D49D9BF856, (t:1, i:78), METADATAENTRY(c:77), (t:1, i:79), STATEMACHINELOGENTRY, 5323@client-A5D49D9BF856, (t:1, i:80), METADATAENTRY(c:79), (t:1, i:81), STATEMACHINELOGENTRY, 5328@client-A5D49D9BF856, (t:1, i:82), METADATAENTRY(c:81), (t:1, i:83), STATEMACHINELOGENTRY, 5332@client-A5D49D9BF856, (t:1, i:84), METADATAENTRY(c:83), (t:1, i:85), STATEMACHINELOGENTRY, 5337@client-A5D49D9BF856, (t:1, i:86), METADATAENTRY(c:85), (t:1, i:87), STATEMACHINELOGENTRY, 5341@client-A5D49D9BF856, (t:1, i:88), METADATAENTRY(c:87), (t:1, i:89), STATEMACHINELOGENTRY, 5345@client-A5D49D9BF856, (t:1, i:90), METADATAENTRY(c:89), (t:1, i:91), STATEMACHINELOGENTRY, 5350@client-A5D49D9BF856, (t:1, i:92), METADATAENTRY(c:91), (t:1, i:93), STATEMACHINELOGENTRY, 5354@client-A5D49D9BF856, (t:1, i:94), METADATAENTRY(c:93), (t:1, i:95), STATEMACHINELOGENTRY, 5359@client-A5D49D9BF856, (t:1, i:96), METADATAENTRY(c:95), (t:1, i:97), STATEMACHINELOGENTRY, 5363@client-A5D49D9BF856, (t:1, i:98), METADATAENTRY(c:97), (t:1, i:99), STATEMACHINELOGENTRY, 5368@client-A5D49D9BF856, (t:1, i:100), METADATAENTRY(c:99), (t:1, i:101), STATEMACHINELOGENTRY, 5372@client-A5D49D9BF856, (t:1, i:102), METADATAENTRY(c:101), (t:1, i:103), STATEMACHINELOGENTRY, 5376@client-A5D49D9BF856, (t:1, i:104), METADATAENTRY(c:103), (t:1, i:105), STATEMACHINELOGENTRY, 5381@client-A5D49D9BF856, (t:1, i:106), METADATAENTRY(c:105), (t:1, i:107), STATEMACHINELOGENTRY, 5385@client-A5D49D9BF856, (t:1, i:108), METADATAENTRY(c:107), (t:1, i:109), STATEMACHINELOGENTRY, 5390@client-A5D49D9BF856, (t:1, i:110), METADATAENTRY(c:109), (t:1, i:111), STATEMACHINELOGENTRY, 5394@client-A5D49D9BF856, (t:1, i:112), METADATAENTRY(c:111), (t:1, i:113), STATEMACHINELOGENTRY, 5398@client-A5D49D9BF856, (t:1, i:114), METADATAENTRY(c:113), (t:1, i:115), STATEMACHINELOGENTRY, 5403@client-A5D49D9BF856, (t:1, i:116), METADATAENTRY(c:115), (t:1, i:117), STATEMACHINELOGENTRY, 5407@client-A5D49D9BF856, (t:1, i:118), METADATAENTRY(c:117), (t:1, i:119), STATEMACHINELOGENTRY, 5411@client-A5D49D9BF856, (t:1, i:120), METADATAENTRY(c:119)]
2023-03-07 04:41:26,056 INFO  server.RaftServer$Division (ServerState.java:setRaftConf(378)) - s9@group-A82F1EDBF13F: set configuration 0: peers:[s11|rpc:0.0.0.0:44621|dataStream:|priority:0|startupRole:FOLLOWER, s13|rpc:0.0.0.0:33759|dataStream:|priority:0|startupRole:FOLLOWER, s12|rpc:0.0.0.0:43391|dataStream:|priority:0|startupRole:FOLLOWER]|listeners:[], old=null
2023-03-07 04:41:26,056 INFO  segmented.SegmentedRaftLogWorker (SegmentedRaftLogWorker.java:startLogSegment(426)) - s9@group-A82F1EDBF13F-SegmentedRaftLogWorker: Starting segment from index:0
2023-03-07 04:41:26,059 DEBUG server.RaftServer$Division (RaftServerImpl.java:logAppendEntries(1429)) - s5@group-A82F1EDBF13F: receive appendEntries(s11, 1, null, 120, false, commits:[s11:c120, s13:c120, s12:c120, s3:c-1, s4:c-1, s5:c-1, s10:c-1, s6:c-1, s7:c-1, s8:c-1, s9:c-1, s14:c-1, s0:c-1, s1:c-1, s2:c-1], cId:7399, entries: [(t:1, i:0), CONFIGURATIONENTRY(current:id: "s11"
address: "0.0.0.0:44621"
clientAddress: "0.0.0.0:44621"
adminAddress: "0.0.0.0:44621"
startupRole: FOLLOWER
,id: "s13"
address: "0.0.0.0:33759"
clientAddress: "0.0.0.0:33759"
adminAddress: "0.0.0.0:33759"
startupRole: FOLLOWER
,id: "s12"
address: "0.0.0.0:43391"
clientAddress: "0.0.0.0:43391"
adminAddress: "0.0.0.0:43391"
startupRole: FOLLOWER
, old:), (t:1, i:1), STATEMACHINELOGENTRY, 5125@client-A5D49D9BF856, (t:1, i:2), METADATAENTRY(c:1), (t:1, i:3), STATEMACHINELOGENTRY, 5130@client-A5D49D9BF856, (t:1, i:4), METADATAENTRY(c:3), (t:1, i:5), STATEMACHINELOGENTRY, 5135@client-A5D49D9BF856, (t:1, i:6), METADATAENTRY(c:5), (t:1, i:7), STATEMACHINELOGENTRY, 5140@client-A5D49D9BF856, (t:1, i:8), METADATAENTRY(c:7), (t:1, i:9), STATEMACHINELOGENTRY, 5145@client-A5D49D9BF856, (t:1, i:10), METADATAENTRY(c:9), (t:1, i:11), STATEMACHINELOGENTRY, 5150@client-A5D49D9BF856, (t:1, i:12), METADATAENTRY(c:11), (t:1, i:13), STATEMACHINELOGENTRY, 5155@client-A5D49D9BF856, (t:1, i:14), METADATAENTRY(c:13), (t:1, i:15), STATEMACHINELOGENTRY, 5160@client-A5D49D9BF856, (t:1, i:16), METADATAENTRY(c:15), (t:1, i:17), STATEMACHINELOGENTRY, 5165@client-A5D49D9BF856, (t:1, i:18), METADATAENTRY(c:17), (t:1, i:19), STATEMACHINELOGENTRY, 5170@client-A5D49D9BF856, (t:1, i:20), METADATAENTRY(c:19), (t:1, i:21), STATEMACHINELOGENTRY, 5175@client-A5D49D9BF856, (t:1, i:22), METADATAENTRY(c:21), (t:1, i:23), STATEMACHINELOGENTRY, 5179@client-A5D49D9BF856, (t:1, i:24), METADATAENTRY(c:23), (t:1, i:25), STATEMACHINELOGENTRY, 5184@client-A5D49D9BF856, (t:1, i:26), METADATAENTRY(c:25), (t:1, i:27), STATEMACHINELOGENTRY, 5190@client-A5D49D9BF856, (t:1, i:28), METADATAENTRY(c:27), (t:1, i:29), STATEMACHINELOGENTRY, 5195@client-A5D49D9BF856, (t:1, i:30), METADATAENTRY(c:29), (t:1, i:31), STATEMACHINELOGENTRY, 5200@client-A5D49D9BF856, (t:1, i:32), METADATAENTRY(c:31), (t:1, i:33), STATEMACHINELOGENTRY, 5205@client-A5D49D9BF856, (t:1, i:34), METADATAENTRY(c:33), (t:1, i:35), STATEMACHINELOGENTRY, 5210@client-A5D49D9BF856, (t:1, i:36), METADATAENTRY(c:35), (t:1, i:37), STATEMACHINELOGENTRY, 5215@client-A5D49D9BF856, (t:1, i:38), METADATAENTRY(c:37), (t:1, i:39), STATEMACHINELOGENTRY, 5220@client-A5D49D9BF856, (t:1, i:40), METADATAENTRY(c:39), (t:1, i:41), STATEMACHINELOGENTRY, 5225@client-A5D49D9BF856, (t:1, i:42), METADATAENTRY(c:41), (t:1, i:43), STATEMACHINELOGENTRY, 5230@client-A5D49D9BF856, (t:1, i:44), METADATAENTRY(c:43), (t:1, i:45), STATEMACHINELOGENTRY, 5235@client-A5D49D9BF856, (t:1, i:46), METADATAENTRY(c:45), (t:1, i:47), STATEMACHINELOGENTRY, 5240@client-A5D49D9BF856, (t:1, i:48), METADATAENTRY(c:47), (t:1, i:49), STATEMACHINELOGENTRY, 5245@client-A5D49D9BF856, (t:1, i:50), METADATAENTRY(c:49), (t:1, i:51), STATEMACHINELOGENTRY, 5250@client-A5D49D9BF856, (t:1, i:52), METADATAENTRY(c:51), (t:1, i:53), STATEMACHINELOGENTRY, 5255@client-A5D49D9BF856, (t:1, i:54), METADATAENTRY(c:53), (t:1, i:55), STATEMACHINELOGENTRY, 5260@client-A5D49D9BF856, (t:1, i:56), METADATAENTRY(c:55), (t:1, i:57), STATEMACHINELOGENTRY, 5265@client-A5D49D9BF856, (t:1, i:58), METADATAENTRY(c:57), (t:1, i:59), STATEMACHINELOGENTRY, 5270@client-A5D49D9BF856, (t:1, i:60), METADATAENTRY(c:59), (t:1, i:61), STATEMACHINELOGENTRY, 5279@client-A5D49D9BF856, (t:1, i:62), METADATAENTRY(c:61), (t:1, i:63), STATEMACHINELOGENTRY, 5284@client-A5D49D9BF856, (t:1, i:64), METADATAENTRY(c:63), (t:1, i:65), STATEMACHINELOGENTRY, 5289@client-A5D49D9BF856, (t:1, i:66), METADATAENTRY(c:65), (t:1, i:67), STATEMACHINELOGENTRY, 5294@client-A5D49D9BF856, (t:1, i:68), METADATAENTRY(c:67), (t:1, i:69), STATEMACHINELOGENTRY, 5299@client-A5D49D9BF856, (t:1, i:70), METADATAENTRY(c:69), (t:1, i:71), STATEMACHINELOGENTRY, 5304@client-A5D49D9BF856, (t:1, i:72), METADATAENTRY(c:71), (t:1, i:73), STATEMACHINELOGENTRY, 5309@client-A5D49D9BF856, (t:1, i:74), METADATAENTRY(c:73), (t:1, i:75), STATEMACHINELOGENTRY, 5313@client-A5D49D9BF856, (t:1, i:76), METADATAENTRY(c:75), (t:1, i:77), STATEMACHINELOGENTRY, 5318@client-A5D49D9BF856, (t:1, i:78), METADATAENTRY(c:77), (t:1, i:79), STATEMACHINELOGENTRY, 5323@client-A5D49D9BF856, (t:1, i:80), METADATAENTRY(c:79), (t:1, i:81), STATEMACHINELOGENTRY, 5328@client-A5D49D9BF856, (t:1, i:82), METADATAENTRY(c:81), (t:1, i:83), STATEMACHINELOGENTRY, 5332@client-A5D49D9BF856, (t:1, i:84), METADATAENTRY(c:83), (t:1, i:85), STATEMACHINELOGENTRY, 5337@client-A5D49D9BF856, (t:1, i:86), METADATAENTRY(c:85), (t:1, i:87), STATEMACHINELOGENTRY, 5341@client-A5D49D9BF856, (t:1, i:88), METADATAENTRY(c:87), (t:1, i:89), STATEMACHINELOGENTRY, 5345@client-A5D49D9BF856, (t:1, i:90), METADATAENTRY(c:89), (t:1, i:91), STATEMACHINELOGENTRY, 5350@client-A5D49D9BF856, (t:1, i:92), METADATAENTRY(c:91), (t:1, i:93), STATEMACHINELOGENTRY, 5354@client-A5D49D9BF856, (t:1, i:94), METADATAENTRY(c:93), (t:1, i:95), STATEMACHINELOGENTRY, 5359@client-A5D49D9BF856, (t:1, i:96), METADATAENTRY(c:95), (t:1, i:97), STATEMACHINELOGENTRY, 5363@client-A5D49D9BF856, (t:1, i:98), METADATAENTRY(c:97), (t:1, i:99), STATEMACHINELOGENTRY, 5368@client-A5D49D9BF856, (t:1, i:100), METADATAENTRY(c:99), (t:1, i:101), STATEMACHINELOGENTRY, 5372@client-A5D49D9BF856, (t:1, i:102), METADATAENTRY(c:101), (t:1, i:103), STATEMACHINELOGENTRY, 5376@client-A5D49D9BF856, (t:1, i:104), METADATAENTRY(c:103), (t:1, i:105), STATEMACHINELOGENTRY, 5381@client-A5D49D9BF856, (t:1, i:106), METADATAENTRY(c:105), (t:1, i:107), STATEMACHINELOGENTRY, 5385@client-A5D49D9BF856, (t:1, i:108), METADATAENTRY(c:107), (t:1, i:109), STATEMACHINELOGENTRY, 5390@client-A5D49D9BF856, (t:1, i:110), METADATAENTRY(c:109), (t:1, i:111), STATEMACHINELOGENTRY, 5394@client-A5D49D9BF856, (t:1, i:112), METADATAENTRY(c:111), (t:1, i:113), STATEMACHINELOGENTRY, 5398@client-A5D49D9BF856, (t:1, i:114), METADATAENTRY(c:113), (t:1, i:115), STATEMACHINELOGENTRY, 5403@client-A5D49D9BF856, (t:1, i:116), METADATAENTRY(c:115), (t:1, i:117), STATEMACHINELOGENTRY, 5407@client-A5D49D9BF856, (t:1, i:118), METADATAENTRY(c:117), (t:1, i:119), STATEMACHINELOGENTRY, 5411@client-A5D49D9BF856, (t:1, i:120), METADATAENTRY(c:119)]
2023-03-07 04:41:26,059 INFO  server.RaftServer$Division (ServerState.java:setRaftConf(378)) - s5@group-A82F1EDBF13F: set configuration 0: peers:[s11|rpc:0.0.0.0:44621|dataStream:|priority:0|startupRole:FOLLOWER, s13|rpc:0.0.0.0:33759|dataStream:|priority:0|startupRole:FOLLOWER, s12|rpc:0.0.0.0:43391|dataStream:|priority:0|startupRole:FOLLOWER]|listeners:[], old=null
2023-03-07 04:41:26,059 INFO  segmented.SegmentedRaftLogWorker (SegmentedRaftLogWorker.java:startLogSegment(426)) - s5@group-A82F1EDBF13F-SegmentedRaftLogWorker: Starting segment from index:0
2023-03-07 04:41:26,059 INFO  server.RaftServer$Division (ServerState.java:setLeader(260)) - s3@group-A82F1EDBF13F: change Leader from null to s11 at term 1 for appendEntries, leader elected after 314ms
2023-03-07 04:41:26,060 INFO  impl.RoleInfo (RoleInfo.java:updateAndGet(139)) - s3: start s3@group-A82F1EDBF13F-FollowerState
2023-03-07 04:41:26,060 INFO  server.RaftServer$Division (ServerState.java:setLeader(260)) - s1@group-A82F1EDBF13F: change Leader from null to s11 at term 1 for appendEntries, leader elected after 329ms
2023-03-07 04:41:26,060 INFO  impl.RoleInfo (RoleInfo.java:updateAndGet(139)) - s1: start s1@group-A82F1EDBF13F-FollowerState
2023-03-07 04:41:26,060 INFO  server.RaftServer$Division (ServerState.java:setLeader(260)) - s6@group-A82F1EDBF13F: change Leader from null to s11 at term 1 for appendEntries, leader elected after 201ms
2023-03-07 04:41:26,060 INFO  impl.RoleInfo (RoleInfo.java:updateAndGet(139)) - s6: start s6@group-A82F1EDBF13F-FollowerState
2023-03-07 04:41:26,060 INFO  server.RaftServer$Division (ServerState.java:setLeader(260)) - s14@group-A82F1EDBF13F: change Leader from null to s11 at term 1 for appendEntries, leader elected after 291ms
2023-03-07 04:41:26,060 INFO  impl.RoleInfo (RoleInfo.java:updateAndGet(139)) - s14: start s14@group-A82F1EDBF13F-FollowerState
2023-03-07 04:41:26,062 INFO  segmented.SegmentedRaftLogWorker (SegmentedRaftLogWorker.java:execute(630)) - s8@group-A82F1EDBF13F-SegmentedRaftLogWorker: created new log segment /home/runner/work/ratis/ratis/ratis-examples/target/test/data/fa33b8e4/MiniRaftClusterWithNettye7083e71/s8/b7243742-f885-4ba8-ad2e-a82f1edbf13f/current/log_inprogress_0
2023-03-07 04:41:26,070 DEBUG server.RaftServer$Division (RaftServerImpl.java:logAppendEntries(1429)) - s8@group-A82F1EDBF13F: succeeded to handle AppendEntries. Reply: s11<-s8#7396:OK-t1,SUCCESS,nextIndex=121,followerCommit=120,matchIndex=120
2023-03-07 04:41:26,075 INFO  segmented.SegmentedRaftLogWorker (SegmentedRaftLogWorker.java:execute(630)) - s10@group-A82F1EDBF13F-SegmentedRaftLogWorker: created new log segment /home/runner/work/ratis/ratis/ratis-examples/target/test/data/fa33b8e4/MiniRaftClusterWithNettye7083e71/s10/b7243742-f885-4ba8-ad2e-a82f1edbf13f/current/log_inprogress_0
2023-03-07 04:41:26,076 INFO  segmented.SegmentedRaftLogWorker (SegmentedRaftLogWorker.java:execute(630)) - s9@group-A82F1EDBF13F-SegmentedRaftLogWorker: created new log segment /home/runner/work/ratis/ratis/ratis-examples/target/test/data/fa33b8e4/MiniRaftClusterWithNettye7083e71/s9/b7243742-f885-4ba8-ad2e-a82f1edbf13f/current/log_inprogress_0
2023-03-07 04:41:26,077 DEBUG server.RaftServer$Division (RaftServerImpl.java:logAppendEntries(1429)) - s3@group-A82F1EDBF13F: receive appendEntries(s11, 1, null, 120, false, commits:[s11:c120, s13:c120, s12:c120, s3:c-1, s4:c-1, s5:c-1, s10:c-1, s6:c-1, s7:c-1, s8:c120, s9:c-1, s14:c-1, s0:c-1, s1:c-1, s2:c-1], cId:7400, entries: [(t:1, i:0), CONFIGURATIONENTRY(current:id: "s11"
address: "0.0.0.0:44621"
clientAddress: "0.0.0.0:44621"
adminAddress: "0.0.0.0:44621"
startupRole: FOLLOWER
,id: "s13"
address: "0.0.0.0:33759"
clientAddress: "0.0.0.0:33759"
adminAddress: "0.0.0.0:33759"
startupRole: FOLLOWER
,id: "s12"
address: "0.0.0.0:43391"
clientAddress: "0.0.0.0:43391"
adminAddress: "0.0.0.0:43391"
startupRole: FOLLOWER
, old:), (t:1, i:1), STATEMACHINELOGENTRY, 5125@client-A5D49D9BF856, (t:1, i:2), METADATAENTRY(c:1), (t:1, i:3), STATEMACHINELOGENTRY, 5130@client-A5D49D9BF856, (t:1, i:4), METADATAENTRY(c:3), (t:1, i:5), STATEMACHINELOGENTRY, 5135@client-A5D49D9BF856, (t:1, i:6), METADATAENTRY(c:5), (t:1, i:7), STATEMACHINELOGENTRY, 5140@client-A5D49D9BF856, (t:1, i:8), METADATAENTRY(c:7), (t:1, i:9), STATEMACHINELOGENTRY, 5145@client-A5D49D9BF856, (t:1, i:10), METADATAENTRY(c:9), (t:1, i:11), STATEMACHINELOGENTRY, 5150@client-A5D49D9BF856, (t:1, i:12), METADATAENTRY(c:11), (t:1, i:13), STATEMACHINELOGENTRY, 5155@client-A5D49D9BF856, (t:1, i:14), METADATAENTRY(c:13), (t:1, i:15), STATEMACHINELOGENTRY, 5160@client-A5D49D9BF856, (t:1, i:16), METADATAENTRY(c:15), (t:1, i:17), STATEMACHINELOGENTRY, 5165@client-A5D49D9BF856, (t:1, i:18), METADATAENTRY(c:17), (t:1, i:19), STATEMACHINELOGENTRY, 5170@client-A5D49D9BF856, (t:1, i:20), METADATAENTRY(c:19), (t:1, i:21), STATEMACHINELOGENTRY, 5175@client-A5D49D9BF856, (t:1, i:22), METADATAENTRY(c:21), (t:1, i:23), STATEMACHINELOGENTRY, 5179@client-A5D49D9BF856, (t:1, i:24), METADATAENTRY(c:23), (t:1, i:25), STATEMACHINELOGENTRY, 5184@client-A5D49D9BF856, (t:1, i:26), METADATAENTRY(c:25), (t:1, i:27), STATEMACHINELOGENTRY, 5190@client-A5D49D9BF856, (t:1, i:28), METADATAENTRY(c:27), (t:1, i:29), STATEMACHINELOGENTRY, 5195@client-A5D49D9BF856, (t:1, i:30), METADATAENTRY(c:29), (t:1, i:31), STATEMACHINELOGENTRY, 5200@client-A5D49D9BF856, (t:1, i:32), METADATAENTRY(c:31), (t:1, i:33), STATEMACHINELOGENTRY, 5205@client-A5D49D9BF856, (t:1, i:34), METADATAENTRY(c:33), (t:1, i:35), STATEMACHINELOGENTRY, 5210@client-A5D49D9BF856, (t:1, i:36), METADATAENTRY(c:35), (t:1, i:37), STATEMACHINELOGENTRY, 5215@client-A5D49D9BF856, (t:1, i:38), METADATAENTRY(c:37), (t:1, i:39), STATEMACHINELOGENTRY, 5220@client-A5D49D9BF856, (t:1, i:40), METADATAENTRY(c:39), (t:1, i:41), STATEMACHINELOGENTRY, 5225@client-A5D49D9BF856, (t:1, i:42), METADATAENTRY(c:41), (t:1, i:43), STATEMACHINELOGENTRY, 5230@client-A5D49D9BF856, (t:1, i:44), METADATAENTRY(c:43), (t:1, i:45), STATEMACHINELOGENTRY, 5235@client-A5D49D9BF856, (t:1, i:46), METADATAENTRY(c:45), (t:1, i:47), STATEMACHINELOGENTRY, 5240@client-A5D49D9BF856, (t:1, i:48), METADATAENTRY(c:47), (t:1, i:49), STATEMACHINELOGENTRY, 5245@client-A5D49D9BF856, (t:1, i:50), METADATAENTRY(c:49), (t:1, i:51), STATEMACHINELOGENTRY, 5250@client-A5D49D9BF856, (t:1, i:52), METADATAENTRY(c:51), (t:1, i:53), STATEMACHINELOGENTRY, 5255@client-A5D49D9BF856, (t:1, i:54), METADATAENTRY(c:53), (t:1, i:55), STATEMACHINELOGENTRY, 5260@client-A5D49D9BF856, (t:1, i:56), METADATAENTRY(c:55), (t:1, i:57), STATEMACHINELOGENTRY, 5265@client-A5D49D9BF856, (t:1, i:58), METADATAENTRY(c:57), (t:1, i:59), STATEMACHINELOGENTRY, 5270@client-A5D49D9BF856, (t:1, i:60), METADATAENTRY(c:59), (t:1, i:61), STATEMACHINELOGENTRY, 5279@client-A5D49D9BF856, (t:1, i:62), METADATAENTRY(c:61), (t:1, i:63), STATEMACHINELOGENTRY, 5284@client-A5D49D9BF856, (t:1, i:64), METADATAENTRY(c:63), (t:1, i:65), STATEMACHINELOGENTRY, 5289@client-A5D49D9BF856, (t:1, i:66), METADATAENTRY(c:65), (t:1, i:67), STATEMACHINELOGENTRY, 5294@client-A5D49D9BF856, (t:1, i:68), METADATAENTRY(c:67), (t:1, i:69), STATEMACHINELOGENTRY, 5299@client-A5D49D9BF856, (t:1, i:70), METADATAENTRY(c:69), (t:1, i:71), STATEMACHINELOGENTRY, 5304@client-A5D49D9BF856, (t:1, i:72), METADATAENTRY(c:71), (t:1, i:73), STATEMACHINELOGENTRY, 5309@client-A5D49D9BF856, (t:1, i:74), METADATAENTRY(c:73), (t:1, i:75), STATEMACHINELOGENTRY, 5313@client-A5D49D9BF856, (t:1, i:76), METADATAENTRY(c:75), (t:1, i:77), STATEMACHINELOGENTRY, 5318@client-A5D49D9BF856, (t:1, i:78), METADATAENTRY(c:77), (t:1, i:79), STATEMACHINELOGENTRY, 5323@client-A5D49D9BF856, (t:1, i:80), METADATAENTRY(c:79), (t:1, i:81), STATEMACHINELOGENTRY, 5328@client-A5D49D9BF856, (t:1, i:82), METADATAENTRY(c:81), (t:1, i:83), STATEMACHINELOGENTRY, 5332@client-A5D49D9BF856, (t:1, i:84), METADATAENTRY(c:83), (t:1, i:85), STATEMACHINELOGENTRY, 5337@client-A5D49D9BF856, (t:1, i:86), METADATAENTRY(c:85), (t:1, i:87), STATEMACHINELOGENTRY, 5341@client-A5D49D9BF856, (t:1, i:88), METADATAENTRY(c:87), (t:1, i:89), STATEMACHINELOGENTRY, 5345@client-A5D49D9BF856, (t:1, i:90), METADATAENTRY(c:89), (t:1, i:91), STATEMACHINELOGENTRY, 5350@client-A5D49D9BF856, (t:1, i:92), METADATAENTRY(c:91), (t:1, i:93), STATEMACHINELOGENTRY, 5354@client-A5D49D9BF856, (t:1, i:94), METADATAENTRY(c:93), (t:1, i:95), STATEMACHINELOGENTRY, 5359@client-A5D49D9BF856, (t:1, i:96), METADATAENTRY(c:95), (t:1, i:97), STATEMACHINELOGENTRY, 5363@client-A5D49D9BF856, (t:1, i:98), METADATAENTRY(c:97), (t:1, i:99), STATEMACHINELOGENTRY, 5368@client-A5D49D9BF856, (t:1, i:100), METADATAENTRY(c:99), (t:1, i:101), STATEMACHINELOGENTRY, 5372@client-A5D49D9BF856, (t:1, i:102), METADATAENTRY(c:101), (t:1, i:103), STATEMACHINELOGENTRY, 5376@client-A5D49D9BF856, (t:1, i:104), METADATAENTRY(c:103), (t:1, i:105), STATEMACHINELOGENTRY, 5381@client-A5D49D9BF856, (t:1, i:106), METADATAENTRY(c:105), (t:1, i:107), STATEMACHINELOGENTRY, 5385@client-A5D49D9BF856, (t:1, i:108), METADATAENTRY(c:107), (t:1, i:109), STATEMACHINELOGENTRY, 5390@client-A5D49D9BF856, (t:1, i:110), METADATAENTRY(c:109), (t:1, i:111), STATEMACHINELOGENTRY, 5394@client-A5D49D9BF856, (t:1, i:112), METADATAENTRY(c:111), (t:1, i:113), STATEMACHINELOGENTRY, 5398@client-A5D49D9BF856, (t:1, i:114), METADATAENTRY(c:113), (t:1, i:115), STATEMACHINELOGENTRY, 5403@client-A5D49D9BF856, (t:1, i:116), METADATAENTRY(c:115), (t:1, i:117), STATEMACHINELOGENTRY, 5407@client-A5D49D9BF856, (t:1, i:118), METADATAENTRY(c:117), (t:1, i:119), STATEMACHINELOGENTRY, 5411@client-A5D49D9BF856, (t:1, i:120), METADATAENTRY(c:119)]
2023-03-07 04:41:26,077 INFO  server.RaftServer$Division (ServerState.java:setRaftConf(378)) - s3@group-A82F1EDBF13F: set configuration 0: peers:[s11|rpc:0.0.0.0:44621|dataStream:|priority:0|startupRole:FOLLOWER, s13|rpc:0.0.0.0:33759|dataStream:|priority:0|startupRole:FOLLOWER, s12|rpc:0.0.0.0:43391|dataStream:|priority:0|startupRole:FOLLOWER]|listeners:[], old=null
2023-03-07 04:41:26,077 INFO  segmented.SegmentedRaftLogWorker (SegmentedRaftLogWorker.java:startLogSegment(426)) - s3@group-A82F1EDBF13F-SegmentedRaftLogWorker: Starting segment from index:0
2023-03-07 04:41:26,077 INFO  logging.LoggingHandler (AbstractInternalLogger.java:log(148)) - [id: 0x93522211, L:/0.0.0.0:34427] READ: [id: 0xcf2e215a, L:/10.1.0.7:34427 - R:/10.1.0.7:51702]
2023-03-07 04:41:26,077 INFO  logging.LoggingHandler (AbstractInternalLogger.java:log(148)) - [id: 0x93522211, L:/0.0.0.0:34427] READ COMPLETE
2023-03-07 04:41:26,077 INFO  logging.LoggingHandler (AbstractInternalLogger.java:log(148)) - [id: 0x5212874d, L:/0.0.0.0:45573] READ: [id: 0x512ff49c, L:/10.1.0.7:45573 - R:/10.1.0.7:52510]
2023-03-07 04:41:26,077 INFO  logging.LoggingHandler (AbstractInternalLogger.java:log(148)) - [id: 0x5212874d, L:/0.0.0.0:45573] READ COMPLETE
2023-03-07 04:41:26,077 INFO  logging.LoggingHandler (AbstractInternalLogger.java:log(148)) - [id: 0x836ca548, L:/0.0.0.0:36409] READ: [id: 0x5f349c5a, L:/10.1.0.7:36409 - R:/10.1.0.7:36048]
2023-03-07 04:41:26,078 INFO  logging.LoggingHandler (AbstractInternalLogger.java:log(148)) - [id: 0x836ca548, L:/0.0.0.0:36409] READ COMPLETE
2023-03-07 04:41:26,079 INFO  segmented.SegmentedRaftLogWorker (SegmentedRaftLogWorker.java:execute(630)) - s5@group-A82F1EDBF13F-SegmentedRaftLogWorker: created new log segment /home/runner/work/ratis/ratis/ratis-examples/target/test/data/fa33b8e4/MiniRaftClusterWithNettye7083e71/s5/b7243742-f885-4ba8-ad2e-a82f1edbf13f/current/log_inprogress_0
2023-03-07 04:41:26,079 INFO  server.RaftServer$Division (ServerState.java:setLeader(260)) - s7@group-A82F1EDBF13F: change Leader from null to s11 at term 1 for appendEntries, leader elected after 194ms
2023-03-07 04:41:26,079 INFO  impl.RoleInfo (RoleInfo.java:updateAndGet(139)) - s7: start s7@group-A82F1EDBF13F-FollowerState
2023-03-07 04:41:26,081 INFO  server.RaftServer$Division (ServerState.java:setLeader(260)) - s0@group-A82F1EDBF13F: change Leader from null to s11 at term 1 for appendEntries, leader elected after 380ms
2023-03-07 04:41:26,081 INFO  impl.RoleInfo (RoleInfo.java:updateAndGet(139)) - s0: start s0@group-A82F1EDBF13F-FollowerState
2023-03-07 04:41:26,081 INFO  server.RaftServer$Division (ServerState.java:setLeader(260)) - s4@group-A82F1EDBF13F: change Leader from null to s11 at term 1 for appendEntries, leader elected after 265ms
2023-03-07 04:41:26,081 INFO  impl.RoleInfo (RoleInfo.java:updateAndGet(139)) - s4: start s4@group-A82F1EDBF13F-FollowerState
2023-03-07 04:41:26,083 DEBUG server.RaftServer$Division (RaftServerImpl.java:logAppendEntries(1429)) - s9@group-A82F1EDBF13F: succeeded to handle AppendEntries. Reply: s11<-s9#7398:OK-t1,SUCCESS,nextIndex=121,followerCommit=120,matchIndex=120
2023-03-07 04:41:26,084 DEBUG server.RaftServer$Division (RaftServerImpl.java:logAppendEntries(1429)) - s10@group-A82F1EDBF13F: succeeded to handle AppendEntries. Reply: s11<-s10#7397:OK-t1,SUCCESS,nextIndex=121,followerCommit=120,matchIndex=120
2023-03-07 04:41:26,085 DEBUG server.RaftServer$Division (RaftServerImpl.java:logAppendEntries(1429)) - s5@group-A82F1EDBF13F: succeeded to handle AppendEntries. Reply: s11<-s5#7399:OK-t1,SUCCESS,nextIndex=121,followerCommit=120,matchIndex=120
2023-03-07 04:41:26,086 DEBUG server.RaftServer$Division (RaftServerImpl.java:logAppendEntries(1429)) - s14@group-A82F1EDBF13F: receive appendEntries(s11, 1, null, 120, false, commits:[s11:c120, s13:c120, s12:c120, s3:c-1, s4:c-1, s5:c120, s10:c120, s6:c-1, s7:c-1, s8:c120, s9:c120, s14:c-1, s0:c-1, s1:c-1, s2:c-1], cId:7401, entries: [(t:1, i:0), CONFIGURATIONENTRY(current:id: "s11"
address: "0.0.0.0:44621"
clientAddress: "0.0.0.0:44621"
adminAddress: "0.0.0.0:44621"
startupRole: FOLLOWER
,id: "s13"
address: "0.0.0.0:33759"
clientAddress: "0.0.0.0:33759"
adminAddress: "0.0.0.0:33759"
startupRole: FOLLOWER
,id: "s12"
address: "0.0.0.0:43391"
clientAddress: "0.0.0.0:43391"
adminAddress: "0.0.0.0:43391"
startupRole: FOLLOWER
, old:), (t:1, i:1), STATEMACHINELOGENTRY, 5125@client-A5D49D9BF856, (t:1, i:2), METADATAENTRY(c:1), (t:1, i:3), STATEMACHINELOGENTRY, 5130@client-A5D49D9BF856, (t:1, i:4), METADATAENTRY(c:3), (t:1, i:5), STATEMACHINELOGENTRY, 5135@client-A5D49D9BF856, (t:1, i:6), METADATAENTRY(c:5), (t:1, i:7), STATEMACHINELOGENTRY, 5140@client-A5D49D9BF856, (t:1, i:8), METADATAENTRY(c:7), (t:1, i:9), STATEMACHINELOGENTRY, 5145@client-A5D49D9BF856, (t:1, i:10), METADATAENTRY(c:9), (t:1, i:11), STATEMACHINELOGENTRY, 5150@client-A5D49D9BF856, (t:1, i:12), METADATAENTRY(c:11), (t:1, i:13), STATEMACHINELOGENTRY, 5155@client-A5D49D9BF856, (t:1, i:14), METADATAENTRY(c:13), (t:1, i:15), STATEMACHINELOGENTRY, 5160@client-A5D49D9BF856, (t:1, i:16), METADATAENTRY(c:15), (t:1, i:17), STATEMACHINELOGENTRY, 5165@client-A5D49D9BF856, (t:1, i:18), METADATAENTRY(c:17), (t:1, i:19), STATEMACHINELOGENTRY, 5170@client-A5D49D9BF856, (t:1, i:20), METADATAENTRY(c:19), (t:1, i:21), STATEMACHINELOGENTRY, 5175@client-A5D49D9BF856, (t:1, i:22), METADATAENTRY(c:21), (t:1, i:23), STATEMACHINELOGENTRY, 5179@client-A5D49D9BF856, (t:1, i:24), METADATAENTRY(c:23), (t:1, i:25), STATEMACHINELOGENTRY, 5184@client-A5D49D9BF856, (t:1, i:26), METADATAENTRY(c:25), (t:1, i:27), STATEMACHINELOGENTRY, 5190@client-A5D49D9BF856, (t:1, i:28), METADATAENTRY(c:27), (t:1, i:29), STATEMACHINELOGENTRY, 5195@client-A5D49D9BF856, (t:1, i:30), METADATAENTRY(c:29), (t:1, i:31), STATEMACHINELOGENTRY, 5200@client-A5D49D9BF856, (t:1, i:32), METADATAENTRY(c:31), (t:1, i:33), STATEMACHINELOGENTRY, 5205@client-A5D49D9BF856, (t:1, i:34), METADATAENTRY(c:33), (t:1, i:35), STATEMACHINELOGENTRY, 5210@client-A5D49D9BF856, (t:1, i:36), METADATAENTRY(c:35), (t:1, i:37), STATEMACHINELOGENTRY, 5215@client-A5D49D9BF856, (t:1, i:38), METADATAENTRY(c:37), (t:1, i:39), STATEMACHINELOGENTRY, 5220@client-A5D49D9BF856, (t:1, i:40), METADATAENTRY(c:39), (t:1, i:41), STATEMACHINELOGENTRY, 5225@client-A5D49D9BF856, (t:1, i:42), METADATAENTRY(c:41), (t:1, i:43), STATEMACHINELOGENTRY, 5230@client-A5D49D9BF856, (t:1, i:44), METADATAENTRY(c:43), (t:1, i:45), STATEMACHINELOGENTRY, 5235@client-A5D49D9BF856, (t:1, i:46), METADATAENTRY(c:45), (t:1, i:47), STATEMACHINELOGENTRY, 5240@client-A5D49D9BF856, (t:1, i:48), METADATAENTRY(c:47), (t:1, i:49), STATEMACHINELOGENTRY, 5245@client-A5D49D9BF856, (t:1, i:50), METADATAENTRY(c:49), (t:1, i:51), STATEMACHINELOGENTRY, 5250@client-A5D49D9BF856, (t:1, i:52), METADATAENTRY(c:51), (t:1, i:53), STATEMACHINELOGENTRY, 5255@client-A5D49D9BF856, (t:1, i:54), METADATAENTRY(c:53), (t:1, i:55), STATEMACHINELOGENTRY, 5260@client-A5D49D9BF856, (t:1, i:56), METADATAENTRY(c:55), (t:1, i:57), STATEMACHINELOGENTRY, 5265@client-A5D49D9BF856, (t:1, i:58), METADATAENTRY(c:57), (t:1, i:59), STATEMACHINELOGENTRY, 5270@client-A5D49D9BF856, (t:1, i:60), METADATAENTRY(c:59), (t:1, i:61), STATEMACHINELOGENTRY, 5279@client-A5D49D9BF856, (t:1, i:62), METADATAENTRY(c:61), (t:1, i:63), STATEMACHINELOGENTRY, 5284@client-A5D49D9BF856, (t:1, i:64), METADATAENTRY(c:63), (t:1, i:65), STATEMACHINELOGENTRY, 5289@client-A5D49D9BF856, (t:1, i:66), METADATAENTRY(c:65), (t:1, i:67), STATEMACHINELOGENTRY, 5294@client-A5D49D9BF856, (t:1, i:68), METADATAENTRY(c:67), (t:1, i:69), STATEMACHINELOGENTRY, 5299@client-A5D49D9BF856, (t:1, i:70), METADATAENTRY(c:69), (t:1, i:71), STATEMACHINELOGENTRY, 5304@client-A5D49D9BF856, (t:1, i:72), METADATAENTRY(c:71), (t:1, i:73), STATEMACHINELOGENTRY, 5309@client-A5D49D9BF856, (t:1, i:74), METADATAENTRY(c:73), (t:1, i:75), STATEMACHINELOGENTRY, 5313@client-A5D49D9BF856, (t:1, i:76), METADATAENTRY(c:75), (t:1, i:77), STATEMACHINELOGENTRY, 5318@client-A5D49D9BF856, (t:1, i:78), METADATAENTRY(c:77), (t:1, i:79), STATEMACHINELOGENTRY, 5323@client-A5D49D9BF856, (t:1, i:80), METADATAENTRY(c:79), (t:1, i:81), STATEMACHINELOGENTRY, 5328@client-A5D49D9BF856, (t:1, i:82), METADATAENTRY(c:81), (t:1, i:83), STATEMACHINELOGENTRY, 5332@client-A5D49D9BF856, (t:1, i:84), METADATAENTRY(c:83), (t:1, i:85), STATEMACHINELOGENTRY, 5337@client-A5D49D9BF856, (t:1, i:86), METADATAENTRY(c:85), (t:1, i:87), STATEMACHINELOGENTRY, 5341@client-A5D49D9BF856, (t:1, i:88), METADATAENTRY(c:87), (t:1, i:89), STATEMACHINELOGENTRY, 5345@client-A5D49D9BF856, (t:1, i:90), METADATAENTRY(c:89), (t:1, i:91), STATEMACHINELOGENTRY, 5350@client-A5D49D9BF856, (t:1, i:92), METADATAENTRY(c:91), (t:1, i:93), STATEMACHINELOGENTRY, 5354@client-A5D49D9BF856, (t:1, i:94), METADATAENTRY(c:93), (t:1, i:95), STATEMACHINELOGENTRY, 5359@client-A5D49D9BF856, (t:1, i:96), METADATAENTRY(c:95), (t:1, i:97), STATEMACHINELOGENTRY, 5363@client-A5D49D9BF856, (t:1, i:98), METADATAENTRY(c:97), (t:1, i:99), STATEMACHINELOGENTRY, 5368@client-A5D49D9BF856, (t:1, i:100), METADATAENTRY(c:99), (t:1, i:101), STATEMACHINELOGENTRY, 5372@client-A5D49D9BF856, (t:1, i:102), METADATAENTRY(c:101), (t:1, i:103), STATEMACHINELOGENTRY, 5376@client-A5D49D9BF856, (t:1, i:104), METADATAENTRY(c:103), (t:1, i:105), STATEMACHINELOGENTRY, 5381@client-A5D49D9BF856, (t:1, i:106), METADATAENTRY(c:105), (t:1, i:107), STATEMACHINELOGENTRY, 5385@client-A5D49D9BF856, (t:1, i:108), METADATAENTRY(c:107), (t:1, i:109), STATEMACHINELOGENTRY, 5390@client-A5D49D9BF856, (t:1, i:110), METADATAENTRY(c:109), (t:1, i:111), STATEMACHINELOGENTRY, 5394@client-A5D49D9BF856, (t:1, i:112), METADATAENTRY(c:111), (t:1, i:113), STATEMACHINELOGENTRY, 5398@client-A5D49D9BF856, (t:1, i:114), METADATAENTRY(c:113), (t:1, i:115), STATEMACHINELOGENTRY, 5403@client-A5D49D9BF856, (t:1, i:116), METADATAENTRY(c:115), (t:1, i:117), STATEMACHINELOGENTRY, 5407@client-A5D49D9BF856, (t:1, i:118), METADATAENTRY(c:117), (t:1, i:119), STATEMACHINELOGENTRY, 5411@client-A5D49D9BF856, (t:1, i:120), METADATAENTRY(c:119)]
2023-03-07 04:41:26,087 INFO  server.RaftServer$Division (ServerState.java:setRaftConf(378)) - s14@group-A82F1EDBF13F: set configuration 0: peers:[s11|rpc:0.0.0.0:44621|dataStream:|priority:0|startupRole:FOLLOWER, s13|rpc:0.0.0.0:33759|dataStream:|priority:0|startupRole:FOLLOWER, s12|rpc:0.0.0.0:43391|dataStream:|priority:0|startupRole:FOLLOWER]|listeners:[], old=null
2023-03-07 04:41:26,087 INFO  segmented.SegmentedRaftLogWorker (SegmentedRaftLogWorker.java:startLogSegment(426)) - s14@group-A82F1EDBF13F-SegmentedRaftLogWorker: Starting segment from index:0
2023-03-07 04:41:26,101 DEBUG server.RaftServer$Division (RaftServerImpl.java:logAppendEntries(1429)) - s4@group-A82F1EDBF13F: receive appendEntries(s11, 1, null, 120, false, commits:[s11:c120, s13:c120, s12:c120, s3:c-1, s4:c-1, s5:c120, s10:c120, s6:c-1, s7:c-1, s8:c120, s9:c120, s14:c-1, s0:c-1, s1:c-1, s2:c-1], cId:7402, entries: [(t:1, i:0), CONFIGURATIONENTRY(current:id: "s11"
address: "0.0.0.0:44621"
clientAddress: "0.0.0.0:44621"
adminAddress: "0.0.0.0:44621"
startupRole: FOLLOWER
,id: "s13"
address: "0.0.0.0:33759"
clientAddress: "0.0.0.0:33759"
adminAddress: "0.0.0.0:33759"
startupRole: FOLLOWER
,id: "s12"
address: "0.0.0.0:43391"
clientAddress: "0.0.0.0:43391"
adminAddress: "0.0.0.0:43391"
startupRole: FOLLOWER
, old:), (t:1, i:1), STATEMACHINELOGENTRY, 5125@client-A5D49D9BF856, (t:1, i:2), METADATAENTRY(c:1), (t:1, i:3), STATEMACHINELOGENTRY, 5130@client-A5D49D9BF856, (t:1, i:4), METADATAENTRY(c:3), (t:1, i:5), STATEMACHINELOGENTRY, 5135@client-A5D49D9BF856, (t:1, i:6), METADATAENTRY(c:5), (t:1, i:7), STATEMACHINELOGENTRY, 5140@client-A5D49D9BF856, (t:1, i:8), METADATAENTRY(c:7), (t:1, i:9), STATEMACHINELOGENTRY, 5145@client-A5D49D9BF856, (t:1, i:10), METADATAENTRY(c:9), (t:1, i:11), STATEMACHINELOGENTRY, 5150@client-A5D49D9BF856, (t:1, i:12), METADATAENTRY(c:11), (t:1, i:13), STATEMACHINELOGENTRY, 5155@client-A5D49D9BF856, (t:1, i:14), METADATAENTRY(c:13), (t:1, i:15), STATEMACHINELOGENTRY, 5160@client-A5D49D9BF856, (t:1, i:16), METADATAENTRY(c:15), (t:1, i:17), STATEMACHINELOGENTRY, 5165@client-A5D49D9BF856, (t:1, i:18), METADATAENTRY(c:17), (t:1, i:19), STATEMACHINELOGENTRY, 5170@client-A5D49D9BF856, (t:1, i:20), METADATAENTRY(c:19), (t:1, i:21), STATEMACHINELOGENTRY, 5175@client-A5D49D9BF856, (t:1, i:22), METADATAENTRY(c:21), (t:1, i:23), STATEMACHINELOGENTRY, 5179@client-A5D49D9BF856, (t:1, i:24), METADATAENTRY(c:23), (t:1, i:25), STATEMACHINELOGENTRY, 5184@client-A5D49D9BF856, (t:1, i:26), METADATAENTRY(c:25), (t:1, i:27), STATEMACHINELOGENTRY, 5190@client-A5D49D9BF856, (t:1, i:28), METADATAENTRY(c:27), (t:1, i:29), STATEMACHINELOGENTRY, 5195@client-A5D49D9BF856, (t:1, i:30), METADATAENTRY(c:29), (t:1, i:31), STATEMACHINELOGENTRY, 5200@client-A5D49D9BF856, (t:1, i:32), METADATAENTRY(c:31), (t:1, i:33), STATEMACHINELOGENTRY, 5205@client-A5D49D9BF856, (t:1, i:34), METADATAENTRY(c:33), (t:1, i:35), STATEMACHINELOGENTRY, 5210@client-A5D49D9BF856, (t:1, i:36), METADATAENTRY(c:35), (t:1, i:37), STATEMACHINELOGENTRY, 5215@client-A5D49D9BF856, (t:1, i:38), METADATAENTRY(c:37), (t:1, i:39), STATEMACHINELOGENTRY, 5220@client-A5D49D9BF856, (t:1, i:40), METADATAENTRY(c:39), (t:1, i:41), STATEMACHINELOGENTRY, 5225@client-A5D49D9BF856, (t:1, i:42), METADATAENTRY(c:41), (t:1, i:43), STATEMACHINELOGENTRY, 5230@client-A5D49D9BF856, (t:1, i:44), METADATAENTRY(c:43), (t:1, i:45), STATEMACHINELOGENTRY, 5235@client-A5D49D9BF856, (t:1, i:46), METADATAENTRY(c:45), (t:1, i:47), STATEMACHINELOGENTRY, 5240@client-A5D49D9BF856, (t:1, i:48), METADATAENTRY(c:47), (t:1, i:49), STATEMACHINELOGENTRY, 5245@client-A5D49D9BF856, (t:1, i:50), METADATAENTRY(c:49), (t:1, i:51), STATEMACHINELOGENTRY, 5250@client-A5D49D9BF856, (t:1, i:52), METADATAENTRY(c:51), (t:1, i:53), STATEMACHINELOGENTRY, 5255@client-A5D49D9BF856, (t:1, i:54), METADATAENTRY(c:53), (t:1, i:55), STATEMACHINELOGENTRY, 5260@client-A5D49D9BF856, (t:1, i:56), METADATAENTRY(c:55), (t:1, i:57), STATEMACHINELOGENTRY, 5265@client-A5D49D9BF856, (t:1, i:58), METADATAENTRY(c:57), (t:1, i:59), STATEMACHINELOGENTRY, 5270@client-A5D49D9BF856, (t:1, i:60), METADATAENTRY(c:59), (t:1, i:61), STATEMACHINELOGENTRY, 5279@client-A5D49D9BF856, (t:1, i:62), METADATAENTRY(c:61), (t:1, i:63), STATEMACHINELOGENTRY, 5284@client-A5D49D9BF856, (t:1, i:64), METADATAENTRY(c:63), (t:1, i:65), STATEMACHINELOGENTRY, 5289@client-A5D49D9BF856, (t:1, i:66), METADATAENTRY(c:65), (t:1, i:67), STATEMACHINELOGENTRY, 5294@client-A5D49D9BF856, (t:1, i:68), METADATAENTRY(c:67), (t:1, i:69), STATEMACHINELOGENTRY, 5299@client-A5D49D9BF856, (t:1, i:70), METADATAENTRY(c:69), (t:1, i:71), STATEMACHINELOGENTRY, 5304@client-A5D49D9BF856, (t:1, i:72), METADATAENTRY(c:71), (t:1, i:73), STATEMACHINELOGENTRY, 5309@client-A5D49D9BF856, (t:1, i:74), METADATAENTRY(c:73), (t:1, i:75), STATEMACHINELOGENTRY, 5313@client-A5D49D9BF856, (t:1, i:76), METADATAENTRY(c:75), (t:1, i:77), STATEMACHINELOGENTRY, 5318@client-A5D49D9BF856, (t:1, i:78), METADATAENTRY(c:77), (t:1, i:79), STATEMACHINELOGENTRY, 5323@client-A5D49D9BF856, (t:1, i:80), METADATAENTRY(c:79), (t:1, i:81), STATEMACHINELOGENTRY, 5328@client-A5D49D9BF856, (t:1, i:82), METADATAENTRY(c:81), (t:1, i:83), STATEMACHINELOGENTRY, 5332@client-A5D49D9BF856, (t:1, i:84), METADATAENTRY(c:83), (t:1, i:85), STATEMACHINELOGENTRY, 5337@client-A5D49D9BF856, (t:1, i:86), METADATAENTRY(c:85), (t:1, i:87), STATEMACHINELOGENTRY, 5341@client-A5D49D9BF856, (t:1, i:88), METADATAENTRY(c:87), (t:1, i:89), STATEMACHINELOGENTRY, 5345@client-A5D49D9BF856, (t:1, i:90), METADATAENTRY(c:89), (t:1, i:91), STATEMACHINELOGENTRY, 5350@client-A5D49D9BF856, (t:1, i:92), METADATAENTRY(c:91), (t:1, i:93), STATEMACHINELOGENTRY, 5354@client-A5D49D9BF856, (t:1, i:94), METADATAENTRY(c:93), (t:1, i:95), STATEMACHINELOGENTRY, 5359@client-A5D49D9BF856, (t:1, i:96), METADATAENTRY(c:95), (t:1, i:97), STATEMACHINELOGENTRY, 5363@client-A5D49D9BF856, (t:1, i:98), METADATAENTRY(c:97), (t:1, i:99), STATEMACHINELOGENTRY, 5368@client-A5D49D9BF856, (t:1, i:100), METADATAENTRY(c:99), (t:1, i:101), STATEMACHINELOGENTRY, 5372@client-A5D49D9BF856, (t:1, i:102), METADATAENTRY(c:101), (t:1, i:103), STATEMACHINELOGENTRY, 5376@client-A5D49D9BF856, (t:1, i:104), METADATAENTRY(c:103), (t:1, i:105), STATEMACHINELOGENTRY, 5381@client-A5D49D9BF856, (t:1, i:106), METADATAENTRY(c:105), (t:1, i:107), STATEMACHINELOGENTRY, 5385@client-A5D49D9BF856, (t:1, i:108), METADATAENTRY(c:107), (t:1, i:109), STATEMACHINELOGENTRY, 5390@client-A5D49D9BF856, (t:1, i:110), METADATAENTRY(c:109), (t:1, i:111), STATEMACHINELOGENTRY, 5394@client-A5D49D9BF856, (t:1, i:112), METADATAENTRY(c:111), (t:1, i:113), STATEMACHINELOGENTRY, 5398@client-A5D49D9BF856, (t:1, i:114), METADATAENTRY(c:113), (t:1, i:115), STATEMACHINELOGENTRY, 5403@client-A5D49D9BF856, (t:1, i:116), METADATAENTRY(c:115), (t:1, i:117), STATEMACHINELOGENTRY, 5407@client-A5D49D9BF856, (t:1, i:118), METADATAENTRY(c:117), (t:1, i:119), STATEMACHINELOGENTRY, 5411@client-A5D49D9BF856, (t:1, i:120), METADATAENTRY(c:119)]
2023-03-07 04:41:26,101 INFO  server.RaftServer$Division (ServerState.java:setRaftConf(378)) - s4@group-A82F1EDBF13F: set configuration 0: peers:[s11|rpc:0.0.0.0:44621|dataStream:|priority:0|startupRole:FOLLOWER, s13|rpc:0.0.0.0:33759|dataStream:|priority:0|startupRole:FOLLOWER, s12|rpc:0.0.0.0:43391|dataStream:|priority:0|startupRole:FOLLOWER]|listeners:[], old=null
2023-03-07 04:41:26,101 INFO  segmented.SegmentedRaftLogWorker (SegmentedRaftLogWorker.java:startLogSegment(426)) - s4@group-A82F1EDBF13F-SegmentedRaftLogWorker: Starting segment from index:0
2023-03-07 04:41:26,102 DEBUG server.RaftServer$Division (RaftServerImpl.java:logAppendEntries(1429)) - s0@group-A82F1EDBF13F: receive appendEntries(s11, 1, null, 120, false, commits:[s11:c120, s13:c120, s12:c120, s3:c-1, s4:c-1, s5:c120, s10:c120, s6:c-1, s7:c-1, s8:c120, s9:c120, s14:c-1, s0:c-1, s1:c-1, s2:c-1], cId:7403, entries: [(t:1, i:0), CONFIGURATIONENTRY(current:id: "s11"
address: "0.0.0.0:44621"
clientAddress: "0.0.0.0:44621"
adminAddress: "0.0.0.0:44621"
startupRole: FOLLOWER
,id: "s13"
address: "0.0.0.0:33759"
clientAddress: "0.0.0.0:33759"
adminAddress: "0.0.0.0:33759"
startupRole: FOLLOWER
,id: "s12"
address: "0.0.0.0:43391"
clientAddress: "0.0.0.0:43391"
adminAddress: "0.0.0.0:43391"
startupRole: FOLLOWER
, old:), (t:1, i:1), STATEMACHINELOGENTRY, 5125@client-A5D49D9BF856, (t:1, i:2), METADATAENTRY(c:1), (t:1, i:3), STATEMACHINELOGENTRY, 5130@client-A5D49D9BF856, (t:1, i:4), METADATAENTRY(c:3), (t:1, i:5), STATEMACHINELOGENTRY, 5135@client-A5D49D9BF856, (t:1, i:6), METADATAENTRY(c:5), (t:1, i:7), STATEMACHINELOGENTRY, 5140@client-A5D49D9BF856, (t:1, i:8), METADATAENTRY(c:7), (t:1, i:9), STATEMACHINELOGENTRY, 5145@client-A5D49D9BF856, (t:1, i:10), METADATAENTRY(c:9), (t:1, i:11), STATEMACHINELOGENTRY, 5150@client-A5D49D9BF856, (t:1, i:12), METADATAENTRY(c:11), (t:1, i:13), STATEMACHINELOGENTRY, 5155@client-A5D49D9BF856, (t:1, i:14), METADATAENTRY(c:13), (t:1, i:15), STATEMACHINELOGENTRY, 5160@client-A5D49D9BF856, (t:1, i:16), METADATAENTRY(c:15), (t:1, i:17), STATEMACHINELOGENTRY, 5165@client-A5D49D9BF856, (t:1, i:18), METADATAENTRY(c:17), (t:1, i:19), STATEMACHINELOGENTRY, 5170@client-A5D49D9BF856, (t:1, i:20), METADATAENTRY(c:19), (t:1, i:21), STATEMACHINELOGENTRY, 5175@client-A5D49D9BF856, (t:1, i:22), METADATAENTRY(c:21), (t:1, i:23), STATEMACHINELOGENTRY, 5179@client-A5D49D9BF856, (t:1, i:24), METADATAENTRY(c:23), (t:1, i:25), STATEMACHINELOGENTRY, 5184@client-A5D49D9BF856, (t:1, i:26), METADATAENTRY(c:25), (t:1, i:27), STATEMACHINELOGENTRY, 5190@client-A5D49D9BF856, (t:1, i:28), METADATAENTRY(c:27), (t:1, i:29), STATEMACHINELOGENTRY, 5195@client-A5D49D9BF856, (t:1, i:30), METADATAENTRY(c:29), (t:1, i:31), STATEMACHINELOGENTRY, 5200@client-A5D49D9BF856, (t:1, i:32), METADATAENTRY(c:31), (t:1, i:33), STATEMACHINELOGENTRY, 5205@client-A5D49D9BF856, (t:1, i:34), METADATAENTRY(c:33), (t:1, i:35), STATEMACHINELOGENTRY, 5210@client-A5D49D9BF856, (t:1, i:36), METADATAENTRY(c:35), (t:1, i:37), STATEMACHINELOGENTRY, 5215@client-A5D49D9BF856, (t:1, i:38), METADATAENTRY(c:37), (t:1, i:39), STATEMACHINELOGENTRY, 5220@client-A5D49D9BF856, (t:1, i:40), METADATAENTRY(c:39), (t:1, i:41), STATEMACHINELOGENTRY, 5225@client-A5D49D9BF856, (t:1, i:42), METADATAENTRY(c:41), (t:1, i:43), STATEMACHINELOGENTRY, 5230@client-A5D49D9BF856, (t:1, i:44), METADATAENTRY(c:43), (t:1, i:45), STATEMACHINELOGENTRY, 5235@client-A5D49D9BF856, (t:1, i:46), METADATAENTRY(c:45), (t:1, i:47), STATEMACHINELOGENTRY, 5240@client-A5D49D9BF856, (t:1, i:48), METADATAENTRY(c:47), (t:1, i:49), STATEMACHINELOGENTRY, 5245@client-A5D49D9BF856, (t:1, i:50), METADATAENTRY(c:49), (t:1, i:51), STATEMACHINELOGENTRY, 5250@client-A5D49D9BF856, (t:1, i:52), METADATAENTRY(c:51), (t:1, i:53), STATEMACHINELOGENTRY, 5255@client-A5D49D9BF856, (t:1, i:54), METADATAENTRY(c:53), (t:1, i:55), STATEMACHINELOGENTRY, 5260@client-A5D49D9BF856, (t:1, i:56), METADATAENTRY(c:55), (t:1, i:57), STATEMACHINELOGENTRY, 5265@client-A5D49D9BF856, (t:1, i:58), METADATAENTRY(c:57), (t:1, i:59), STATEMACHINELOGENTRY, 5270@client-A5D49D9BF856, (t:1, i:60), METADATAENTRY(c:59), (t:1, i:61), STATEMACHINELOGENTRY, 5279@client-A5D49D9BF856, (t:1, i:62), METADATAENTRY(c:61), (t:1, i:63), STATEMACHINELOGENTRY, 5284@client-A5D49D9BF856, (t:1, i:64), METADATAENTRY(c:63), (t:1, i:65), STATEMACHINELOGENTRY, 5289@client-A5D49D9BF856, (t:1, i:66), METADATAENTRY(c:65), (t:1, i:67), STATEMACHINELOGENTRY, 5294@client-A5D49D9BF856, (t:1, i:68), METADATAENTRY(c:67), (t:1, i:69), STATEMACHINELOGENTRY, 5299@client-A5D49D9BF856, (t:1, i:70), METADATAENTRY(c:69), (t:1, i:71), STATEMACHINELOGENTRY, 5304@client-A5D49D9BF856, (t:1, i:72), METADATAENTRY(c:71), (t:1, i:73), STATEMACHINELOGENTRY, 5309@client-A5D49D9BF856, (t:1, i:74), METADATAENTRY(c:73), (t:1, i:75), STATEMACHINELOGENTRY, 5313@client-A5D49D9BF856, (t:1, i:76), METADATAENTRY(c:75), (t:1, i:77), STATEMACHINELOGENTRY, 5318@client-A5D49D9BF856, (t:1, i:78), METADATAENTRY(c:77), (t:1, i:79), STATEMACHINELOGENTRY, 5323@client-A5D49D9BF856, (t:1, i:80), METADATAENTRY(c:79), (t:1, i:81), STATEMACHINELOGENTRY, 5328@client-A5D49D9BF856, (t:1, i:82), METADATAENTRY(c:81), (t:1, i:83), STATEMACHINELOGENTRY, 5332@client-A5D49D9BF856, (t:1, i:84), METADATAENTRY(c:83), (t:1, i:85), STATEMACHINELOGENTRY, 5337@client-A5D49D9BF856, (t:1, i:86), METADATAENTRY(c:85), (t:1, i:87), STATEMACHINELOGENTRY, 5341@client-A5D49D9BF856, (t:1, i:88), METADATAENTRY(c:87), (t:1, i:89), STATEMACHINELOGENTRY, 5345@client-A5D49D9BF856, (t:1, i:90), METADATAENTRY(c:89), (t:1, i:91), STATEMACHINELOGENTRY, 5350@client-A5D49D9BF856, (t:1, i:92), METADATAENTRY(c:91), (t:1, i:93), STATEMACHINELOGENTRY, 5354@client-A5D49D9BF856, (t:1, i:94), METADATAENTRY(c:93), (t:1, i:95), STATEMACHINELOGENTRY, 5359@client-A5D49D9BF856, (t:1, i:96), METADATAENTRY(c:95), (t:1, i:97), STATEMACHINELOGENTRY, 5363@client-A5D49D9BF856, (t:1, i:98), METADATAENTRY(c:97), (t:1, i:99), STATEMACHINELOGENTRY, 5368@client-A5D49D9BF856, (t:1, i:100), METADATAENTRY(c:99), (t:1, i:101), STATEMACHINELOGENTRY, 5372@client-A5D49D9BF856, (t:1, i:102), METADATAENTRY(c:101), (t:1, i:103), STATEMACHINELOGENTRY, 5376@client-A5D49D9BF856, (t:1, i:104), METADATAENTRY(c:103), (t:1, i:105), STATEMACHINELOGENTRY, 5381@client-A5D49D9BF856, (t:1, i:106), METADATAENTRY(c:105), (t:1, i:107), STATEMACHINELOGENTRY, 5385@client-A5D49D9BF856, (t:1, i:108), METADATAENTRY(c:107), (t:1, i:109), STATEMACHINELOGENTRY, 5390@client-A5D49D9BF856, (t:1, i:110), METADATAENTRY(c:109), (t:1, i:111), STATEMACHINELOGENTRY, 5394@client-A5D49D9BF856, (t:1, i:112), METADATAENTRY(c:111), (t:1, i:113), STATEMACHINELOGENTRY, 5398@client-A5D49D9BF856, (t:1, i:114), METADATAENTRY(c:113), (t:1, i:115), STATEMACHINELOGENTRY, 5403@client-A5D49D9BF856, (t:1, i:116), METADATAENTRY(c:115), (t:1, i:117), STATEMACHINELOGENTRY, 5407@client-A5D49D9BF856, (t:1, i:118), METADATAENTRY(c:117), (t:1, i:119), STATEMACHINELOGENTRY, 5411@client-A5D49D9BF856, (t:1, i:120), METADATAENTRY(c:119)]
2023-03-07 04:41:26,102 INFO  server.RaftServer$Division (ServerState.java:setRaftConf(378)) - s0@group-A82F1EDBF13F: set configuration 0: peers:[s11|rpc:0.0.0.0:44621|dataStream:|priority:0|startupRole:FOLLOWER, s13|rpc:0.0.0.0:33759|dataStream:|priority:0|startupRole:FOLLOWER, s12|rpc:0.0.0.0:43391|dataStream:|priority:0|startupRole:FOLLOWER]|listeners:[], old=null
2023-03-07 04:41:26,102 INFO  segmented.SegmentedRaftLogWorker (SegmentedRaftLogWorker.java:startLogSegment(426)) - s0@group-A82F1EDBF13F-SegmentedRaftLogWorker: Starting segment from index:0
2023-03-07 04:41:26,113 INFO  segmented.SegmentedRaftLogWorker (SegmentedRaftLogWorker.java:execute(630)) - s0@group-A82F1EDBF13F-SegmentedRaftLogWorker: created new log segment /home/runner/work/ratis/ratis/ratis-examples/target/test/data/fa33b8e4/MiniRaftClusterWithNettye7083e71/s0/b7243742-f885-4ba8-ad2e-a82f1edbf13f/current/log_inprogress_0
2023-03-07 04:41:26,114 DEBUG server.RaftServer$Division (RaftServerImpl.java:logAppendEntries(1429)) - s6@group-A82F1EDBF13F: receive appendEntries(s11, 1, null, 120, false, commits:[s11:c120, s13:c120, s12:c120, s3:c-1, s4:c-1, s5:c120, s10:c120, s6:c-1, s7:c-1, s8:c120, s9:c120, s14:c-1, s0:c-1, s1:c-1, s2:c-1], cId:7405, entries: [(t:1, i:0), CONFIGURATIONENTRY(current:id: "s11"
address: "0.0.0.0:44621"
clientAddress: "0.0.0.0:44621"
adminAddress: "0.0.0.0:44621"
startupRole: FOLLOWER
,id: "s13"
address: "0.0.0.0:33759"
clientAddress: "0.0.0.0:33759"
adminAddress: "0.0.0.0:33759"
startupRole: FOLLOWER
,id: "s12"
address: "0.0.0.0:43391"
clientAddress: "0.0.0.0:43391"
adminAddress: "0.0.0.0:43391"
startupRole: FOLLOWER
, old:), (t:1, i:1), STATEMACHINELOGENTRY, 5125@client-A5D49D9BF856, (t:1, i:2), METADATAENTRY(c:1), (t:1, i:3), STATEMACHINELOGENTRY, 5130@client-A5D49D9BF856, (t:1, i:4), METADATAENTRY(c:3), (t:1, i:5), STATEMACHINELOGENTRY, 5135@client-A5D49D9BF856, (t:1, i:6), METADATAENTRY(c:5), (t:1, i:7), STATEMACHINELOGENTRY, 5140@client-A5D49D9BF856, (t:1, i:8), METADATAENTRY(c:7), (t:1, i:9), STATEMACHINELOGENTRY, 5145@client-A5D49D9BF856, (t:1, i:10), METADATAENTRY(c:9), (t:1, i:11), STATEMACHINELOGENTRY, 5150@client-A5D49D9BF856, (t:1, i:12), METADATAENTRY(c:11), (t:1, i:13), STATEMACHINELOGENTRY, 5155@client-A5D49D9BF856, (t:1, i:14), METADATAENTRY(c:13), (t:1, i:15), STATEMACHINELOGENTRY, 5160@client-A5D49D9BF856, (t:1, i:16), METADATAENTRY(c:15), (t:1, i:17), STATEMACHINELOGENTRY, 5165@client-A5D49D9BF856, (t:1, i:18), METADATAENTRY(c:17), (t:1, i:19), STATEMACHINELOGENTRY, 5170@client-A5D49D9BF856, (t:1, i:20), METADATAENTRY(c:19), (t:1, i:21), STATEMACHINELOGENTRY, 5175@client-A5D49D9BF856, (t:1, i:22), METADATAENTRY(c:21), (t:1, i:23), STATEMACHINELOGENTRY, 5179@client-A5D49D9BF856, (t:1, i:24), METADATAENTRY(c:23), (t:1, i:25), STATEMACHINELOGENTRY, 5184@client-A5D49D9BF856, (t:1, i:26), METADATAENTRY(c:25), (t:1, i:27), STATEMACHINELOGENTRY, 5190@client-A5D49D9BF856, (t:1, i:28), METADATAENTRY(c:27), (t:1, i:29), STATEMACHINELOGENTRY, 5195@client-A5D49D9BF856, (t:1, i:30), METADATAENTRY(c:29), (t:1, i:31), STATEMACHINELOGENTRY, 5200@client-A5D49D9BF856, (t:1, i:32), METADATAENTRY(c:31), (t:1, i:33), STATEMACHINELOGENTRY, 5205@client-A5D49D9BF856, (t:1, i:34), METADATAENTRY(c:33), (t:1, i:35), STATEMACHINELOGENTRY, 5210@client-A5D49D9BF856, (t:1, i:36), METADATAENTRY(c:35), (t:1, i:37), STATEMACHINELOGENTRY, 5215@client-A5D49D9BF856, (t:1, i:38), METADATAENTRY(c:37), (t:1, i:39), STATEMACHINELOGENTRY, 5220@client-A5D49D9BF856, (t:1, i:40), METADATAENTRY(c:39), (t:1, i:41), STATEMACHINELOGENTRY, 5225@client-A5D49D9BF856, (t:1, i:42), METADATAENTRY(c:41), (t:1, i:43), STATEMACHINELOGENTRY, 5230@client-A5D49D9BF856, (t:1, i:44), METADATAENTRY(c:43), (t:1, i:45), STATEMACHINELOGENTRY, 5235@client-A5D49D9BF856, (t:1, i:46), METADATAENTRY(c:45), (t:1, i:47), STATEMACHINELOGENTRY, 5240@client-A5D49D9BF856, (t:1, i:48), METADATAENTRY(c:47), (t:1, i:49), STATEMACHINELOGENTRY, 5245@client-A5D49D9BF856, (t:1, i:50), METADATAENTRY(c:49), (t:1, i:51), STATEMACHINELOGENTRY, 5250@client-A5D49D9BF856, (t:1, i:52), METADATAENTRY(c:51), (t:1, i:53), STATEMACHINELOGENTRY, 5255@client-A5D49D9BF856, (t:1, i:54), METADATAENTRY(c:53), (t:1, i:55), STATEMACHINELOGENTRY, 5260@client-A5D49D9BF856, (t:1, i:56), METADATAENTRY(c:55), (t:1, i:57), STATEMACHINELOGENTRY, 5265@client-A5D49D9BF856, (t:1, i:58), METADATAENTRY(c:57), (t:1, i:59), STATEMACHINELOGENTRY, 5270@client-A5D49D9BF856, (t:1, i:60), METADATAENTRY(c:59), (t:1, i:61), STATEMACHINELOGENTRY, 5279@client-A5D49D9BF856, (t:1, i:62), METADATAENTRY(c:61), (t:1, i:63), STATEMACHINELOGENTRY, 5284@client-A5D49D9BF856, (t:1, i:64), METADATAENTRY(c:63), (t:1, i:65), STATEMACHINELOGENTRY, 5289@client-A5D49D9BF856, (t:1, i:66), METADATAENTRY(c:65), (t:1, i:67), STATEMACHINELOGENTRY, 5294@client-A5D49D9BF856, (t:1, i:68), METADATAENTRY(c:67), (t:1, i:69), STATEMACHINELOGENTRY, 5299@client-A5D49D9BF856, (t:1, i:70), METADATAENTRY(c:69), (t:1, i:71), STATEMACHINELOGENTRY, 5304@client-A5D49D9BF856, (t:1, i:72), METADATAENTRY(c:71), (t:1, i:73), STATEMACHINELOGENTRY, 5309@client-A5D49D9BF856, (t:1, i:74), METADATAENTRY(c:73), (t:1, i:75), STATEMACHINELOGENTRY, 5313@client-A5D49D9BF856, (t:1, i:76), METADATAENTRY(c:75), (t:1, i:77), STATEMACHINELOGENTRY, 5318@client-A5D49D9BF856, (t:1, i:78), METADATAENTRY(c:77), (t:1, i:79), STATEMACHINELOGENTRY, 5323@client-A5D49D9BF856, (t:1, i:80), METADATAENTRY(c:79), (t:1, i:81), STATEMACHINELOGENTRY, 5328@client-A5D49D9BF856, (t:1, i:82), METADATAENTRY(c:81), (t:1, i:83), STATEMACHINELOGENTRY, 5332@client-A5D49D9BF856, (t:1, i:84), METADATAENTRY(c:83), (t:1, i:85), STATEMACHINELOGENTRY, 5337@client-A5D49D9BF856, (t:1, i:86), METADATAENTRY(c:85), (t:1, i:87), STATEMACHINELOGENTRY, 5341@client-A5D49D9BF856, (t:1, i:88), METADATAENTRY(c:87), (t:1, i:89), STATEMACHINELOGENTRY, 5345@client-A5D49D9BF856, (t:1, i:90), METADATAENTRY(c:89), (t:1, i:91), STATEMACHINELOGENTRY, 5350@client-A5D49D9BF856, (t:1, i:92), METADATAENTRY(c:91), (t:1, i:93), STATEMACHINELOGENTRY, 5354@client-A5D49D9BF856, (t:1, i:94), METADATAENTRY(c:93), (t:1, i:95), STATEMACHINELOGENTRY, 5359@client-A5D49D9BF856, (t:1, i:96), METADATAENTRY(c:95), (t:1, i:97), STATEMACHINELOGENTRY, 5363@client-A5D49D9BF856, (t:1, i:98), METADATAENTRY(c:97), (t:1, i:99), STATEMACHINELOGENTRY, 5368@client-A5D49D9BF856, (t:1, i:100), METADATAENTRY(c:99), (t:1, i:101), STATEMACHINELOGENTRY, 5372@client-A5D49D9BF856, (t:1, i:102), METADATAENTRY(c:101), (t:1, i:103), STATEMACHINELOGENTRY, 5376@client-A5D49D9BF856, (t:1, i:104), METADATAENTRY(c:103), (t:1, i:105), STATEMACHINELOGENTRY, 5381@client-A5D49D9BF856, (t:1, i:106), METADATAENTRY(c:105), (t:1, i:107), STATEMACHINELOGENTRY, 5385@client-A5D49D9BF856, (t:1, i:108), METADATAENTRY(c:107), (t:1, i:109), STATEMACHINELOGENTRY, 5390@client-A5D49D9BF856, (t:1, i:110), METADATAENTRY(c:109), (t:1, i:111), STATEMACHINELOGENTRY, 5394@client-A5D49D9BF856, (t:1, i:112), METADATAENTRY(c:111), (t:1, i:113), STATEMACHINELOGENTRY, 5398@client-A5D49D9BF856, (t:1, i:114), METADATAENTRY(c:113), (t:1, i:115), STATEMACHINELOGENTRY, 5403@client-A5D49D9BF856, (t:1, i:116), METADATAENTRY(c:115), (t:1, i:117), STATEMACHINELOGENTRY, 5407@client-A5D49D9BF856, (t:1, i:118), METADATAENTRY(c:117), (t:1, i:119), STATEMACHINELOGENTRY, 5411@client-A5D49D9BF856, (t:1, i:120), METADATAENTRY(c:119)]
2023-03-07 04:41:26,114 INFO  server.RaftServer$Division (ServerState.java:setRaftConf(378)) - s6@group-A82F1EDBF13F: set configuration 0: peers:[s11|rpc:0.0.0.0:44621|dataStream:|priority:0|startupRole:FOLLOWER, s13|rpc:0.0.0.0:33759|dataStream:|priority:0|startupRole:FOLLOWER, s12|rpc:0.0.0.0:43391|dataStream:|priority:0|startupRole:FOLLOWER]|listeners:[], old=null
2023-03-07 04:41:26,114 INFO  segmented.SegmentedRaftLogWorker (SegmentedRaftLogWorker.java:startLogSegment(426)) - s6@group-A82F1EDBF13F-SegmentedRaftLogWorker: Starting segment from index:0
2023-03-07 04:41:26,118 DEBUG server.RaftServer$Division (RaftServerImpl.java:logAppendEntries(1429)) - s0@group-A82F1EDBF13F: succeeded to handle AppendEntries. Reply: s11<-s0#7403:OK-t1,SUCCESS,nextIndex=121,followerCommit=120,matchIndex=120
2023-03-07 04:41:26,120 DEBUG server.RaftServer$Division (RaftServerImpl.java:logAppendEntries(1429)) - s7@group-A82F1EDBF13F: receive appendEntries(s11, 1, null, 120, false, commits:[s11:c120, s13:c120, s12:c120, s3:c-1, s4:c-1, s5:c120, s10:c120, s6:c-1, s7:c-1, s8:c120, s9:c120, s14:c-1, s0:c-1, s1:c-1, s2:c-1], cId:7404, entries: [(t:1, i:0), CONFIGURATIONENTRY(current:id: "s11"
address: "0.0.0.0:44621"
clientAddress: "0.0.0.0:44621"
adminAddress: "0.0.0.0:44621"
startupRole: FOLLOWER
,id: "s13"
address: "0.0.0.0:33759"
clientAddress: "0.0.0.0:33759"
adminAddress: "0.0.0.0:33759"
startupRole: FOLLOWER
,id: "s12"
address: "0.0.0.0:43391"
clientAddress: "0.0.0.0:43391"
adminAddress: "0.0.0.0:43391"
startupRole: FOLLOWER
, old:), (t:1, i:1), STATEMACHINELOGENTRY, 5125@client-A5D49D9BF856, (t:1, i:2), METADATAENTRY(c:1), (t:1, i:3), STATEMACHINELOGENTRY, 5130@client-A5D49D9BF856, (t:1, i:4), METADATAENTRY(c:3), (t:1, i:5), STATEMACHINELOGENTRY, 5135@client-A5D49D9BF856, (t:1, i:6), METADATAENTRY(c:5), (t:1, i:7), STATEMACHINELOGENTRY, 5140@client-A5D49D9BF856, (t:1, i:8), METADATAENTRY(c:7), (t:1, i:9), STATEMACHINELOGENTRY, 5145@client-A5D49D9BF856, (t:1, i:10), METADATAENTRY(c:9), (t:1, i:11), STATEMACHINELOGENTRY, 5150@client-A5D49D9BF856, (t:1, i:12), METADATAENTRY(c:11), (t:1, i:13), STATEMACHINELOGENTRY, 5155@client-A5D49D9BF856, (t:1, i:14), METADATAENTRY(c:13), (t:1, i:15), STATEMACHINELOGENTRY, 5160@client-A5D49D9BF856, (t:1, i:16), METADATAENTRY(c:15), (t:1, i:17), STATEMACHINELOGENTRY, 5165@client-A5D49D9BF856, (t:1, i:18), METADATAENTRY(c:17), (t:1, i:19), STATEMACHINELOGENTRY, 5170@client-A5D49D9BF856, (t:1, i:20), METADATAENTRY(c:19), (t:1, i:21), STATEMACHINELOGENTRY, 5175@client-A5D49D9BF856, (t:1, i:22), METADATAENTRY(c:21), (t:1, i:23), STATEMACHINELOGENTRY, 5179@client-A5D49D9BF856, (t:1, i:24), METADATAENTRY(c:23), (t:1, i:25), STATEMACHINELOGENTRY, 5184@client-A5D49D9BF856, (t:1, i:26), METADATAENTRY(c:25), (t:1, i:27), STATEMACHINELOGENTRY, 5190@client-A5D49D9BF856, (t:1, i:28), METADATAENTRY(c:27), (t:1, i:29), STATEMACHINELOGENTRY, 5195@client-A5D49D9BF856, (t:1, i:30), METADATAENTRY(c:29), (t:1, i:31), STATEMACHINELOGENTRY, 5200@client-A5D49D9BF856, (t:1, i:32), METADATAENTRY(c:31), (t:1, i:33), STATEMACHINELOGENTRY, 5205@client-A5D49D9BF856, (t:1, i:34), METADATAENTRY(c:33), (t:1, i:35), STATEMACHINELOGENTRY, 5210@client-A5D49D9BF856, (t:1, i:36), METADATAENTRY(c:35), (t:1, i:37), STATEMACHINELOGENTRY, 5215@client-A5D49D9BF856, (t:1, i:38), METADATAENTRY(c:37), (t:1, i:39), STATEMACHINELOGENTRY, 5220@client-A5D49D9BF856, (t:1, i:40), METADATAENTRY(c:39), (t:1, i:41), STATEMACHINELOGENTRY, 5225@client-A5D49D9BF856, (t:1, i:42), METADATAENTRY(c:41), (t:1, i:43), STATEMACHINELOGENTRY, 5230@client-A5D49D9BF856, (t:1, i:44), METADATAENTRY(c:43), (t:1, i:45), STATEMACHINELOGENTRY, 5235@client-A5D49D9BF856, (t:1, i:46), METADATAENTRY(c:45), (t:1, i:47), STATEMACHINELOGENTRY, 5240@client-A5D49D9BF856, (t:1, i:48), METADATAENTRY(c:47), (t:1, i:49), STATEMACHINELOGENTRY, 5245@client-A5D49D9BF856, (t:1, i:50), METADATAENTRY(c:49), (t:1, i:51), STATEMACHINELOGENTRY, 5250@client-A5D49D9BF856, (t:1, i:52), METADATAENTRY(c:51), (t:1, i:53), STATEMACHINELOGENTRY, 5255@client-A5D49D9BF856, (t:1, i:54), METADATAENTRY(c:53), (t:1, i:55), STATEMACHINELOGENTRY, 5260@client-A5D49D9BF856, (t:1, i:56), METADATAENTRY(c:55), (t:1, i:57), STATEMACHINELOGENTRY, 5265@client-A5D49D9BF856, (t:1, i:58), METADATAENTRY(c:57), (t:1, i:59), STATEMACHINELOGENTRY, 5270@client-A5D49D9BF856, (t:1, i:60), METADATAENTRY(c:59), (t:1, i:61), STATEMACHINELOGENTRY, 5279@client-A5D49D9BF856, (t:1, i:62), METADATAENTRY(c:61), (t:1, i:63), STATEMACHINELOGENTRY, 5284@client-A5D49D9BF856, (t:1, i:64), METADATAENTRY(c:63), (t:1, i:65), STATEMACHINELOGENTRY, 5289@client-A5D49D9BF856, (t:1, i:66), METADATAENTRY(c:65), (t:1, i:67), STATEMACHINELOGENTRY, 5294@client-A5D49D9BF856, (t:1, i:68), METADATAENTRY(c:67), (t:1, i:69), STATEMACHINELOGENTRY, 5299@client-A5D49D9BF856, (t:1, i:70), METADATAENTRY(c:69), (t:1, i:71), STATEMACHINELOGENTRY, 5304@client-A5D49D9BF856, (t:1, i:72), METADATAENTRY(c:71), (t:1, i:73), STATEMACHINELOGENTRY, 5309@client-A5D49D9BF856, (t:1, i:74), METADATAENTRY(c:73), (t:1, i:75), STATEMACHINELOGENTRY, 5313@client-A5D49D9BF856, (t:1, i:76), METADATAENTRY(c:75), (t:1, i:77), STATEMACHINELOGENTRY, 5318@client-A5D49D9BF856, (t:1, i:78), METADATAENTRY(c:77), (t:1, i:79), STATEMACHINELOGENTRY, 5323@client-A5D49D9BF856, (t:1, i:80), METADATAENTRY(c:79), (t:1, i:81), STATEMACHINELOGENTRY, 5328@client-A5D49D9BF856, (t:1, i:82), METADATAENTRY(c:81), (t:1, i:83), STATEMACHINELOGENTRY, 5332@client-A5D49D9BF856, (t:1, i:84), METADATAENTRY(c:83), (t:1, i:85), STATEMACHINELOGENTRY, 5337@client-A5D49D9BF856, (t:1, i:86), METADATAENTRY(c:85), (t:1, i:87), STATEMACHINELOGENTRY, 5341@client-A5D49D9BF856, (t:1, i:88), METADATAENTRY(c:87), (t:1, i:89), STATEMACHINELOGENTRY, 5345@client-A5D49D9BF856, (t:1, i:90), METADATAENTRY(c:89), (t:1, i:91), STATEMACHINELOGENTRY, 5350@client-A5D49D9BF856, (t:1, i:92), METADATAENTRY(c:91), (t:1, i:93), STATEMACHINELOGENTRY, 5354@client-A5D49D9BF856, (t:1, i:94), METADATAENTRY(c:93), (t:1, i:95), STATEMACHINELOGENTRY, 5359@client-A5D49D9BF856, (t:1, i:96), METADATAENTRY(c:95), (t:1, i:97), STATEMACHINELOGENTRY, 5363@client-A5D49D9BF856, (t:1, i:98), METADATAENTRY(c:97), (t:1, i:99), STATEMACHINELOGENTRY, 5368@client-A5D49D9BF856, (t:1, i:100), METADATAENTRY(c:99), (t:1, i:101), STATEMACHINELOGENTRY, 5372@client-A5D49D9BF856, (t:1, i:102), METADATAENTRY(c:101), (t:1, i:103), STATEMACHINELOGENTRY, 5376@client-A5D49D9BF856, (t:1, i:104), METADATAENTRY(c:103), (t:1, i:105), STATEMACHINELOGENTRY, 5381@client-A5D49D9BF856, (t:1, i:106), METADATAENTRY(c:105), (t:1, i:107), STATEMACHINELOGENTRY, 5385@client-A5D49D9BF856, (t:1, i:108), METADATAENTRY(c:107), (t:1, i:109), STATEMACHINELOGENTRY, 5390@client-A5D49D9BF856, (t:1, i:110), METADATAENTRY(c:109), (t:1, i:111), STATEMACHINELOGENTRY, 5394@client-A5D49D9BF856, (t:1, i:112), METADATAENTRY(c:111), (t:1, i:113), STATEMACHINELOGENTRY, 5398@client-A5D49D9BF856, (t:1, i:114), METADATAENTRY(c:113), (t:1, i:115), STATEMACHINELOGENTRY, 5403@client-A5D49D9BF856, (t:1, i:116), METADATAENTRY(c:115), (t:1, i:117), STATEMACHINELOGENTRY, 5407@client-A5D49D9BF856, (t:1, i:118), METADATAENTRY(c:117), (t:1, i:119), STATEMACHINELOGENTRY, 5411@client-A5D49D9BF856, (t:1, i:120), METADATAENTRY(c:119)]
2023-03-07 04:41:26,120 INFO  server.RaftServer$Division (ServerState.java:setRaftConf(378)) - s7@group-A82F1EDBF13F: set configuration 0: peers:[s11|rpc:0.0.0.0:44621|dataStream:|priority:0|startupRole:FOLLOWER, s13|rpc:0.0.0.0:33759|dataStream:|priority:0|startupRole:FOLLOWER, s12|rpc:0.0.0.0:43391|dataStream:|priority:0|startupRole:FOLLOWER]|listeners:[], old=null
2023-03-07 04:41:26,120 INFO  segmented.SegmentedRaftLogWorker (SegmentedRaftLogWorker.java:startLogSegment(426)) - s7@group-A82F1EDBF13F-SegmentedRaftLogWorker: Starting segment from index:0
2023-03-07 04:41:26,133 INFO  segmented.SegmentedRaftLogWorker (SegmentedRaftLogWorker.java:execute(630)) - s3@group-A82F1EDBF13F-SegmentedRaftLogWorker: created new log segment /home/runner/work/ratis/ratis/ratis-examples/target/test/data/fa33b8e4/MiniRaftClusterWithNettye7083e71/s3/b7243742-f885-4ba8-ad2e-a82f1edbf13f/current/log_inprogress_0
2023-03-07 04:41:26,133 DEBUG server.RaftServer$Division (RaftServerImpl.java:logAppendEntries(1429)) - s2@group-A82F1EDBF13F: receive appendEntries(s11, 1, null, 120, false, commits:[s11:c120, s13:c120, s12:c120, s3:c-1, s4:c-1, s5:c120, s10:c120, s6:c-1, s7:c-1, s8:c120, s9:c120, s14:c-1, s0:c120, s1:c-1, s2:c-1], cId:7406, entries: [(t:1, i:0), CONFIGURATIONENTRY(current:id: "s11"
address: "0.0.0.0:44621"
clientAddress: "0.0.0.0:44621"
adminAddress: "0.0.0.0:44621"
startupRole: FOLLOWER
,id: "s13"
address: "0.0.0.0:33759"
clientAddress: "0.0.0.0:33759"
adminAddress: "0.0.0.0:33759"
startupRole: FOLLOWER
,id: "s12"
address: "0.0.0.0:43391"
clientAddress: "0.0.0.0:43391"
adminAddress: "0.0.0.0:43391"
startupRole: FOLLOWER
, old:), (t:1, i:1), STATEMACHINELOGENTRY, 5125@client-A5D49D9BF856, (t:1, i:2), METADATAENTRY(c:1), (t:1, i:3), STATEMACHINELOGENTRY, 5130@client-A5D49D9BF856, (t:1, i:4), METADATAENTRY(c:3), (t:1, i:5), STATEMACHINELOGENTRY, 5135@client-A5D49D9BF856, (t:1, i:6), METADATAENTRY(c:5), (t:1, i:7), STATEMACHINELOGENTRY, 5140@client-A5D49D9BF856, (t:1, i:8), METADATAENTRY(c:7), (t:1, i:9), STATEMACHINELOGENTRY, 5145@client-A5D49D9BF856, (t:1, i:10), METADATAENTRY(c:9), (t:1, i:11), STATEMACHINELOGENTRY, 5150@client-A5D49D9BF856, (t:1, i:12), METADATAENTRY(c:11), (t:1, i:13), STATEMACHINELOGENTRY, 5155@client-A5D49D9BF856, (t:1, i:14), METADATAENTRY(c:13), (t:1, i:15), STATEMACHINELOGENTRY, 5160@client-A5D49D9BF856, (t:1, i:16), METADATAENTRY(c:15), (t:1, i:17), STATEMACHINELOGENTRY, 5165@client-A5D49D9BF856, (t:1, i:18), METADATAENTRY(c:17), (t:1, i:19), STATEMACHINELOGENTRY, 5170@client-A5D49D9BF856, (t:1, i:20), METADATAENTRY(c:19), (t:1, i:21), STATEMACHINELOGENTRY, 5175@client-A5D49D9BF856, (t:1, i:22), METADATAENTRY(c:21), (t:1, i:23), STATEMACHINELOGENTRY, 5179@client-A5D49D9BF856, (t:1, i:24), METADATAENTRY(c:23), (t:1, i:25), STATEMACHINELOGENTRY, 5184@client-A5D49D9BF856, (t:1, i:26), METADATAENTRY(c:25), (t:1, i:27), STATEMACHINELOGENTRY, 5190@client-A5D49D9BF856, (t:1, i:28), METADATAENTRY(c:27), (t:1, i:29), STATEMACHINELOGENTRY, 5195@client-A5D49D9BF856, (t:1, i:30), METADATAENTRY(c:29), (t:1, i:31), STATEMACHINELOGENTRY, 5200@client-A5D49D9BF856, (t:1, i:32), METADATAENTRY(c:31), (t:1, i:33), STATEMACHINELOGENTRY, 5205@client-A5D49D9BF856, (t:1, i:34), METADATAENTRY(c:33), (t:1, i:35), STATEMACHINELOGENTRY, 5210@client-A5D49D9BF856, (t:1, i:36), METADATAENTRY(c:35), (t:1, i:37), STATEMACHINELOGENTRY, 5215@client-A5D49D9BF856, (t:1, i:38), METADATAENTRY(c:37), (t:1, i:39), STATEMACHINELOGENTRY, 5220@client-A5D49D9BF856, (t:1, i:40), METADATAENTRY(c:39), (t:1, i:41), STATEMACHINELOGENTRY, 5225@client-A5D49D9BF856, (t:1, i:42), METADATAENTRY(c:41), (t:1, i:43), STATEMACHINELOGENTRY, 5230@client-A5D49D9BF856, (t:1, i:44), METADATAENTRY(c:43), (t:1, i:45), STATEMACHINELOGENTRY, 5235@client-A5D49D9BF856, (t:1, i:46), METADATAENTRY(c:45), (t:1, i:47), STATEMACHINELOGENTRY, 5240@client-A5D49D9BF856, (t:1, i:48), METADATAENTRY(c:47), (t:1, i:49), STATEMACHINELOGENTRY, 5245@client-A5D49D9BF856, (t:1, i:50), METADATAENTRY(c:49), (t:1, i:51), STATEMACHINELOGENTRY, 5250@client-A5D49D9BF856, (t:1, i:52), METADATAENTRY(c:51), (t:1, i:53), STATEMACHINELOGENTRY, 5255@client-A5D49D9BF856, (t:1, i:54), METADATAENTRY(c:53), (t:1, i:55), STATEMACHINELOGENTRY, 5260@client-A5D49D9BF856, (t:1, i:56), METADATAENTRY(c:55), (t:1, i:57), STATEMACHINELOGENTRY, 5265@client-A5D49D9BF856, (t:1, i:58), METADATAENTRY(c:57), (t:1, i:59), STATEMACHINELOGENTRY, 5270@client-A5D49D9BF856, (t:1, i:60), METADATAENTRY(c:59), (t:1, i:61), STATEMACHINELOGENTRY, 5279@client-A5D49D9BF856, (t:1, i:62), METADATAENTRY(c:61), (t:1, i:63), STATEMACHINELOGENTRY, 5284@client-A5D49D9BF856, (t:1, i:64), METADATAENTRY(c:63), (t:1, i:65), STATEMACHINELOGENTRY, 5289@client-A5D49D9BF856, (t:1, i:66), METADATAENTRY(c:65), (t:1, i:67), STATEMACHINELOGENTRY, 5294@client-A5D49D9BF856, (t:1, i:68), METADATAENTRY(c:67), (t:1, i:69), STATEMACHINELOGENTRY, 5299@client-A5D49D9BF856, (t:1, i:70), METADATAENTRY(c:69), (t:1, i:71), STATEMACHINELOGENTRY, 5304@client-A5D49D9BF856, (t:1, i:72), METADATAENTRY(c:71), (t:1, i:73), STATEMACHINELOGENTRY, 5309@client-A5D49D9BF856, (t:1, i:74), METADATAENTRY(c:73), (t:1, i:75), STATEMACHINELOGENTRY, 5313@client-A5D49D9BF856, (t:1, i:76), METADATAENTRY(c:75), (t:1, i:77), STATEMACHINELOGENTRY, 5318@client-A5D49D9BF856, (t:1, i:78), METADATAENTRY(c:77), (t:1, i:79), STATEMACHINELOGENTRY, 5323@client-A5D49D9BF856, (t:1, i:80), METADATAENTRY(c:79), (t:1, i:81), STATEMACHINELOGENTRY, 5328@client-A5D49D9BF856, (t:1, i:82), METADATAENTRY(c:81), (t:1, i:83), STATEMACHINELOGENTRY, 5332@client-A5D49D9BF856, (t:1, i:84), METADATAENTRY(c:83), (t:1, i:85), STATEMACHINELOGENTRY, 5337@client-A5D49D9BF856, (t:1, i:86), METADATAENTRY(c:85), (t:1, i:87), STATEMACHINELOGENTRY, 5341@client-A5D49D9BF856, (t:1, i:88), METADATAENTRY(c:87), (t:1, i:89), STATEMACHINELOGENTRY, 5345@client-A5D49D9BF856, (t:1, i:90), METADATAENTRY(c:89), (t:1, i:91), STATEMACHINELOGENTRY, 5350@client-A5D49D9BF856, (t:1, i:92), METADATAENTRY(c:91), (t:1, i:93), STATEMACHINELOGENTRY, 5354@client-A5D49D9BF856, (t:1, i:94), METADATAENTRY(c:93), (t:1, i:95), STATEMACHINELOGENTRY, 5359@client-A5D49D9BF856, (t:1, i:96), METADATAENTRY(c:95), (t:1, i:97), STATEMACHINELOGENTRY, 5363@client-A5D49D9BF856, (t:1, i:98), METADATAENTRY(c:97), (t:1, i:99), STATEMACHINELOGENTRY, 5368@client-A5D49D9BF856, (t:1, i:100), METADATAENTRY(c:99), (t:1, i:101), STATEMACHINELOGENTRY, 5372@client-A5D49D9BF856, (t:1, i:102), METADATAENTRY(c:101), (t:1, i:103), STATEMACHINELOGENTRY, 5376@client-A5D49D9BF856, (t:1, i:104), METADATAENTRY(c:103), (t:1, i:105), STATEMACHINELOGENTRY, 5381@client-A5D49D9BF856, (t:1, i:106), METADATAENTRY(c:105), (t:1, i:107), STATEMACHINELOGENTRY, 5385@client-A5D49D9BF856, (t:1, i:108), METADATAENTRY(c:107), (t:1, i:109), STATEMACHINELOGENTRY, 5390@client-A5D49D9BF856, (t:1, i:110), METADATAENTRY(c:109), (t:1, i:111), STATEMACHINELOGENTRY, 5394@client-A5D49D9BF856, (t:1, i:112), METADATAENTRY(c:111), (t:1, i:113), STATEMACHINELOGENTRY, 5398@client-A5D49D9BF856, (t:1, i:114), METADATAENTRY(c:113), (t:1, i:115), STATEMACHINELOGENTRY, 5403@client-A5D49D9BF856, (t:1, i:116), METADATAENTRY(c:115), (t:1, i:117), STATEMACHINELOGENTRY, 5407@client-A5D49D9BF856, (t:1, i:118), METADATAENTRY(c:117), (t:1, i:119), STATEMACHINELOGENTRY, 5411@client-A5D49D9BF856, (t:1, i:120), METADATAENTRY(c:119)]
2023-03-07 04:41:26,133 INFO  server.RaftServer$Division (ServerState.java:setRaftConf(378)) - s2@group-A82F1EDBF13F: set configuration 0: peers:[s11|rpc:0.0.0.0:44621|dataStream:|priority:0|startupRole:FOLLOWER, s13|rpc:0.0.0.0:33759|dataStream:|priority:0|startupRole:FOLLOWER, s12|rpc:0.0.0.0:43391|dataStream:|priority:0|startupRole:FOLLOWER]|listeners:[], old=null
2023-03-07 04:41:26,133 INFO  segmented.SegmentedRaftLogWorker (SegmentedRaftLogWorker.java:startLogSegment(426)) - s2@group-A82F1EDBF13F-SegmentedRaftLogWorker: Starting segment from index:0
2023-03-07 04:41:26,134 DEBUG server.RaftServer$Division (RaftServerImpl.java:logAppendEntries(1429)) - s1@group-A82F1EDBF13F: receive appendEntries(s11, 1, null, 120, false, commits:[s11:c120, s13:c120, s12:c120, s3:c-1, s4:c-1, s5:c120, s10:c120, s6:c-1, s7:c-1, s8:c120, s9:c120, s14:c-1, s0:c120, s1:c-1, s2:c-1], cId:7407, entries: [(t:1, i:0), CONFIGURATIONENTRY(current:id: "s11"
address: "0.0.0.0:44621"
clientAddress: "0.0.0.0:44621"
adminAddress: "0.0.0.0:44621"
startupRole: FOLLOWER
,id: "s13"
address: "0.0.0.0:33759"
clientAddress: "0.0.0.0:33759"
adminAddress: "0.0.0.0:33759"
startupRole: FOLLOWER
,id: "s12"
address: "0.0.0.0:43391"
clientAddress: "0.0.0.0:43391"
adminAddress: "0.0.0.0:43391"
startupRole: FOLLOWER
, old:), (t:1, i:1), STATEMACHINELOGENTRY, 5125@client-A5D49D9BF856, (t:1, i:2), METADATAENTRY(c:1), (t:1, i:3), STATEMACHINELOGENTRY, 5130@client-A5D49D9BF856, (t:1, i:4), METADATAENTRY(c:3), (t:1, i:5), STATEMACHINELOGENTRY, 5135@client-A5D49D9BF856, (t:1, i:6), METADATAENTRY(c:5), (t:1, i:7), STATEMACHINELOGENTRY, 5140@client-A5D49D9BF856, (t:1, i:8), METADATAENTRY(c:7), (t:1, i:9), STATEMACHINELOGENTRY, 5145@client-A5D49D9BF856, (t:1, i:10), METADATAENTRY(c:9), (t:1, i:11), STATEMACHINELOGENTRY, 5150@client-A5D49D9BF856, (t:1, i:12), METADATAENTRY(c:11), (t:1, i:13), STATEMACHINELOGENTRY, 5155@client-A5D49D9BF856, (t:1, i:14), METADATAENTRY(c:13), (t:1, i:15), STATEMACHINELOGENTRY, 5160@client-A5D49D9BF856, (t:1, i:16), METADATAENTRY(c:15), (t:1, i:17), STATEMACHINELOGENTRY, 5165@client-A5D49D9BF856, (t:1, i:18), METADATAENTRY(c:17), (t:1, i:19), STATEMACHINELOGENTRY, 5170@client-A5D49D9BF856, (t:1, i:20), METADATAENTRY(c:19), (t:1, i:21), STATEMACHINELOGENTRY, 5175@client-A5D49D9BF856, (t:1, i:22), METADATAENTRY(c:21), (t:1, i:23), STATEMACHINELOGENTRY, 5179@client-A5D49D9BF856, (t:1, i:24), METADATAENTRY(c:23), (t:1, i:25), STATEMACHINELOGENTRY, 5184@client-A5D49D9BF856, (t:1, i:26), METADATAENTRY(c:25), (t:1, i:27), STATEMACHINELOGENTRY, 5190@client-A5D49D9BF856, (t:1, i:28), METADATAENTRY(c:27), (t:1, i:29), STATEMACHINELOGENTRY, 5195@client-A5D49D9BF856, (t:1, i:30), METADATAENTRY(c:29), (t:1, i:31), STATEMACHINELOGENTRY, 5200@client-A5D49D9BF856, (t:1, i:32), METADATAENTRY(c:31), (t:1, i:33), STATEMACHINELOGENTRY, 5205@client-A5D49D9BF856, (t:1, i:34), METADATAENTRY(c:33), (t:1, i:35), STATEMACHINELOGENTRY, 5210@client-A5D49D9BF856, (t:1, i:36), METADATAENTRY(c:35), (t:1, i:37), STATEMACHINELOGENTRY, 5215@client-A5D49D9BF856, (t:1, i:38), METADATAENTRY(c:37), (t:1, i:39), STATEMACHINELOGENTRY, 5220@client-A5D49D9BF856, (t:1, i:40), METADATAENTRY(c:39), (t:1, i:41), STATEMACHINELOGENTRY, 5225@client-A5D49D9BF856, (t:1, i:42), METADATAENTRY(c:41), (t:1, i:43), STATEMACHINELOGENTRY, 5230@client-A5D49D9BF856, (t:1, i:44), METADATAENTRY(c:43), (t:1, i:45), STATEMACHINELOGENTRY, 5235@client-A5D49D9BF856, (t:1, i:46), METADATAENTRY(c:45), (t:1, i:47), STATEMACHINELOGENTRY, 5240@client-A5D49D9BF856, (t:1, i:48), METADATAENTRY(c:47), (t:1, i:49), STATEMACHINELOGENTRY, 5245@client-A5D49D9BF856, (t:1, i:50), METADATAENTRY(c:49), (t:1, i:51), STATEMACHINELOGENTRY, 5250@client-A5D49D9BF856, (t:1, i:52), METADATAENTRY(c:51), (t:1, i:53), STATEMACHINELOGENTRY, 5255@client-A5D49D9BF856, (t:1, i:54), METADATAENTRY(c:53), (t:1, i:55), STATEMACHINELOGENTRY, 5260@client-A5D49D9BF856, (t:1, i:56), METADATAENTRY(c:55), (t:1, i:57), STATEMACHINELOGENTRY, 5265@client-A5D49D9BF856, (t:1, i:58), METADATAENTRY(c:57), (t:1, i:59), STATEMACHINELOGENTRY, 5270@client-A5D49D9BF856, (t:1, i:60), METADATAENTRY(c:59), (t:1, i:61), STATEMACHINELOGENTRY, 5279@client-A5D49D9BF856, (t:1, i:62), METADATAENTRY(c:61), (t:1, i:63), STATEMACHINELOGENTRY, 5284@client-A5D49D9BF856, (t:1, i:64), METADATAENTRY(c:63), (t:1, i:65), STATEMACHINELOGENTRY, 5289@client-A5D49D9BF856, (t:1, i:66), METADATAENTRY(c:65), (t:1, i:67), STATEMACHINELOGENTRY, 5294@client-A5D49D9BF856, (t:1, i:68), METADATAENTRY(c:67), (t:1, i:69), STATEMACHINELOGENTRY, 5299@client-A5D49D9BF856, (t:1, i:70), METADATAENTRY(c:69), (t:1, i:71), STATEMACHINELOGENTRY, 5304@client-A5D49D9BF856, (t:1, i:72), METADATAENTRY(c:71), (t:1, i:73), STATEMACHINELOGENTRY, 5309@client-A5D49D9BF856, (t:1, i:74), METADATAENTRY(c:73), (t:1, i:75), STATEMACHINELOGENTRY, 5313@client-A5D49D9BF856, (t:1, i:76), METADATAENTRY(c:75), (t:1, i:77), STATEMACHINELOGENTRY, 5318@client-A5D49D9BF856, (t:1, i:78), METADATAENTRY(c:77), (t:1, i:79), STATEMACHINELOGENTRY, 5323@client-A5D49D9BF856, (t:1, i:80), METADATAENTRY(c:79), (t:1, i:81), STATEMACHINELOGENTRY, 5328@client-A5D49D9BF856, (t:1, i:82), METADATAENTRY(c:81), (t:1, i:83), STATEMACHINELOGENTRY, 5332@client-A5D49D9BF856, (t:1, i:84), METADATAENTRY(c:83), (t:1, i:85), STATEMACHINELOGENTRY, 5337@client-A5D49D9BF856, (t:1, i:86), METADATAENTRY(c:85), (t:1, i:87), STATEMACHINELOGENTRY, 5341@client-A5D49D9BF856, (t:1, i:88), METADATAENTRY(c:87), (t:1, i:89), STATEMACHINELOGENTRY, 5345@client-A5D49D9BF856, (t:1, i:90), METADATAENTRY(c:89), (t:1, i:91), STATEMACHINELOGENTRY, 5350@client-A5D49D9BF856, (t:1, i:92), METADATAENTRY(c:91), (t:1, i:93), STATEMACHINELOGENTRY, 5354@client-A5D49D9BF856, (t:1, i:94), METADATAENTRY(c:93), (t:1, i:95), STATEMACHINELOGENTRY, 5359@client-A5D49D9BF856, (t:1, i:96), METADATAENTRY(c:95), (t:1, i:97), STATEMACHINELOGENTRY, 5363@client-A5D49D9BF856, (t:1, i:98), METADATAENTRY(c:97), (t:1, i:99), STATEMACHINELOGENTRY, 5368@client-A5D49D9BF856, (t:1, i:100), METADATAENTRY(c:99), (t:1, i:101), STATEMACHINELOGENTRY, 5372@client-A5D49D9BF856, (t:1, i:102), METADATAENTRY(c:101), (t:1, i:103), STATEMACHINELOGENTRY, 5376@client-A5D49D9BF856, (t:1, i:104), METADATAENTRY(c:103), (t:1, i:105), STATEMACHINELOGENTRY, 5381@client-A5D49D9BF856, (t:1, i:106), METADATAENTRY(c:105), (t:1, i:107), STATEMACHINELOGENTRY, 5385@client-A5D49D9BF856, (t:1, i:108), METADATAENTRY(c:107), (t:1, i:109), STATEMACHINELOGENTRY, 5390@client-A5D49D9BF856, (t:1, i:110), METADATAENTRY(c:109), (t:1, i:111), STATEMACHINELOGENTRY, 5394@client-A5D49D9BF856, (t:1, i:112), METADATAENTRY(c:111), (t:1, i:113), STATEMACHINELOGENTRY, 5398@client-A5D49D9BF856, (t:1, i:114), METADATAENTRY(c:113), (t:1, i:115), STATEMACHINELOGENTRY, 5403@client-A5D49D9BF856, (t:1, i:116), METADATAENTRY(c:115), (t:1, i:117), STATEMACHINELOGENTRY, 5407@client-A5D49D9BF856, (t:1, i:118), METADATAENTRY(c:117), (t:1, i:119), STATEMACHINELOGENTRY, 5411@client-A5D49D9BF856, (t:1, i:120), METADATAENTRY(c:119)]
2023-03-07 04:41:26,134 INFO  server.RaftServer$Division (ServerState.java:setRaftConf(378)) - s1@group-A82F1EDBF13F: set configuration 0: peers:[s11|rpc:0.0.0.0:44621|dataStream:|priority:0|startupRole:FOLLOWER, s13|rpc:0.0.0.0:33759|dataStream:|priority:0|startupRole:FOLLOWER, s12|rpc:0.0.0.0:43391|dataStream:|priority:0|startupRole:FOLLOWER]|listeners:[], old=null
2023-03-07 04:41:26,134 INFO  segmented.SegmentedRaftLogWorker (SegmentedRaftLogWorker.java:startLogSegment(426)) - s1@group-A82F1EDBF13F-SegmentedRaftLogWorker: Starting segment from index:0
2023-03-07 04:41:26,136 DEBUG server.RaftServer$Division (RaftServerImpl.java:logAppendEntries(1429)) - s3@group-A82F1EDBF13F: succeeded to handle AppendEntries. Reply: s11<-s3#7400:OK-t1,SUCCESS,nextIndex=121,followerCommit=120,matchIndex=120
2023-03-07 04:41:26,136 INFO  segmented.SegmentedRaftLogWorker (SegmentedRaftLogWorker.java:execute(630)) - s14@group-A82F1EDBF13F-SegmentedRaftLogWorker: created new log segment /home/runner/work/ratis/ratis/ratis-examples/target/test/data/fa33b8e4/MiniRaftClusterWithNettye7083e71/s14/b7243742-f885-4ba8-ad2e-a82f1edbf13f/current/log_inprogress_0
2023-03-07 04:41:26,136 INFO  server.RaftServer$Division (ServerState.java:setRaftConf(378)) - s11@group-A82F1EDBF13F: set configuration 121: peers:[s3|rpc:0.0.0.0:43243|dataStream:|priority:0|startupRole:FOLLOWER, s4|rpc:0.0.0.0:34427|dataStream:|priority:0|startupRole:FOLLOWER, s5|rpc:0.0.0.0:35843|dataStream:|priority:0|startupRole:FOLLOWER, s6|rpc:0.0.0.0:43509|dataStream:|priority:0|startupRole:FOLLOWER, s7|rpc:0.0.0.0:36409|dataStream:|priority:0|startupRole:FOLLOWER, s8|rpc:0.0.0.0:41505|dataStream:|priority:0|startupRole:FOLLOWER, s9|rpc:0.0.0.0:34365|dataStream:|priority:0|startupRole:FOLLOWER, s11|rpc:0.0.0.0:44621|dataStream:|priority:0|startupRole:FOLLOWER, s10|rpc:0.0.0.0:43353|dataStream:|priority:0|startupRole:FOLLOWER, s13|rpc:0.0.0.0:33759|dataStream:|priority:0|startupRole:FOLLOWER, s12|rpc:0.0.0.0:43391|dataStream:|priority:0|startupRole:FOLLOWER, s14|rpc:0.0.0.0:41557|dataStream:|priority:0|startupRole:FOLLOWER, s0|rpc:0.0.0.0:45573|dataStream:|priority:0|startupRole:FOLLOWER, s1|rpc:0.0.0.0:34621|dataStream:|priority:0|startupRole:FOLLOWER, s2|rpc:0.0.0.0:40769|dataStream:|priority:0|startupRole:FOLLOWER]|listeners:[], old=peers:[s11|rpc:0.0.0.0:44621|dataStream:|priority:0|startupRole:FOLLOWER, s13|rpc:0.0.0.0:33759|dataStream:|priority:0|startupRole:FOLLOWER, s12|rpc:0.0.0.0:43391|dataStream:|priority:0|startupRole:FOLLOWER]|listeners:[]
2023-03-07 04:41:26,136 INFO  segmented.SegmentedRaftLogWorker (SegmentedRaftLogWorker.java:execute(630)) - s4@group-A82F1EDBF13F-SegmentedRaftLogWorker: created new log segment /home/runner/work/ratis/ratis/ratis-examples/target/test/data/fa33b8e4/MiniRaftClusterWithNettye7083e71/s4/b7243742-f885-4ba8-ad2e-a82f1edbf13f/current/log_inprogress_0
2023-03-07 04:41:26,137 DEBUG server.RaftServer$Division (RaftServerImpl.java:logAppendEntries(1429)) - s0@group-A82F1EDBF13F: receive appendEntries(s11, 1, (t:1, i:120), 120, true, commits:[s11:c120, s13:c120, s12:c120, s3:c120, s4:c-1, s5:c120, s10:c120, s6:c-1, s7:c-1, s8:c120, s9:c120, s14:c-1, s0:c120, s1:c-1, s2:c-1], cId:7408, entries: [(t:1, i:121), CONFIGURATIONENTRY(current:id: "s3"
address: "0.0.0.0:43243"
clientAddress: "0.0.0.0:43243"
adminAddress: "0.0.0.0:43243"
startupRole: FOLLOWER
,id: "s4"
address: "0.0.0.0:34427"
clientAddress: "0.0.0.0:34427"
adminAddress: "0.0.0.0:34427"
startupRole: FOLLOWER
,id: "s5"
address: "0.0.0.0:35843"
clientAddress: "0.0.0.0:35843"
adminAddress: "0.0.0.0:35843"
startupRole: FOLLOWER
,id: "s6"
address: "0.0.0.0:43509"
clientAddress: "0.0.0.0:43509"
adminAddress: "0.0.0.0:43509"
startupRole: FOLLOWER
,id: "s7"
address: "0.0.0.0:36409"
clientAddress: "0.0.0.0:36409"
adminAddress: "0.0.0.0:36409"
startupRole: FOLLOWER
,id: "s8"
address: "0.0.0.0:41505"
clientAddress: "0.0.0.0:41505"
adminAddress: "0.0.0.0:41505"
startupRole: FOLLOWER
,id: "s9"
address: "0.0.0.0:34365"
clientAddress: "0.0.0.0:34365"
adminAddress: "0.0.0.0:34365"
startupRole: FOLLOWER
,id: "s11"
address: "0.0.0.0:44621"
clientAddress: "0.0.0.0:44621"
adminAddress: "0.0.0.0:44621"
startupRole: FOLLOWER
,id: "s10"
address: "0.0.0.0:43353"
clientAddress: "0.0.0.0:43353"
adminAddress: "0.0.0.0:43353"
startupRole: FOLLOWER
,id: "s13"
address: "0.0.0.0:33759"
clientAddress: "0.0.0.0:33759"
adminAddress: "0.0.0.0:33759"
startupRole: FOLLOWER
,id: "s12"
address: "0.0.0.0:43391"
clientAddress: "0.0.0.0:43391"
adminAddress: "0.0.0.0:43391"
startupRole: FOLLOWER
,id: "s14"
address: "0.0.0.0:41557"
clientAddress: "0.0.0.0:41557"
adminAddress: "0.0.0.0:41557"
startupRole: FOLLOWER
,id: "s0"
address: "0.0.0.0:45573"
clientAddress: "0.0.0.0:45573"
adminAddress: "0.0.0.0:45573"
startupRole: FOLLOWER
,id: "s1"
address: "0.0.0.0:34621"
clientAddress: "0.0.0.0:34621"
adminAddress: "0.0.0.0:34621"
startupRole: FOLLOWER
,id: "s2"
address: "0.0.0.0:40769"
clientAddress: "0.0.0.0:40769"
adminAddress: "0.0.0.0:40769"
startupRole: FOLLOWER
, old:id: "s11"
address: "0.0.0.0:44621"
clientAddress: "0.0.0.0:44621"
adminAddress: "0.0.0.0:44621"
startupRole: FOLLOWER
,id: "s13"
address: "0.0.0.0:33759"
clientAddress: "0.0.0.0:33759"
adminAddress: "0.0.0.0:33759"
startupRole: FOLLOWER
,id: "s12"
address: "0.0.0.0:43391"
clientAddress: "0.0.0.0:43391"
adminAddress: "0.0.0.0:43391"
startupRole: FOLLOWER
)]
2023-03-07 04:41:26,137 INFO  server.RaftServer$Division (ServerState.java:setRaftConf(378)) - s0@group-A82F1EDBF13F: set configuration 121: peers:[s3|rpc:0.0.0.0:43243|dataStream:|priority:0|startupRole:FOLLOWER, s4|rpc:0.0.0.0:34427|dataStream:|priority:0|startupRole:FOLLOWER, s5|rpc:0.0.0.0:35843|dataStream:|priority:0|startupRole:FOLLOWER, s6|rpc:0.0.0.0:43509|dataStream:|priority:0|startupRole:FOLLOWER, s7|rpc:0.0.0.0:36409|dataStream:|priority:0|startupRole:FOLLOWER, s8|rpc:0.0.0.0:41505|dataStream:|priority:0|startupRole:FOLLOWER, s9|rpc:0.0.0.0:34365|dataStream:|priority:0|startupRole:FOLLOWER, s11|rpc:0.0.0.0:44621|dataStream:|priority:0|startupRole:FOLLOWER, s10|rpc:0.0.0.0:43353|dataStream:|priority:0|startupRole:FOLLOWER, s13|rpc:0.0.0.0:33759|dataStream:|priority:0|startupRole:FOLLOWER, s12|rpc:0.0.0.0:43391|dataStream:|priority:0|startupRole:FOLLOWER, s14|rpc:0.0.0.0:41557|dataStream:|priority:0|startupRole:FOLLOWER, s0|rpc:0.0.0.0:45573|dataStream:|priority:0|startupRole:FOLLOWER, s1|rpc:0.0.0.0:34621|dataStream:|priority:0|startupRole:FOLLOWER, s2|rpc:0.0.0.0:40769|dataStream:|priority:0|startupRole:FOLLOWER]|listeners:[], old=peers:[s11|rpc:0.0.0.0:44621|dataStream:|priority:0|startupRole:FOLLOWER, s13|rpc:0.0.0.0:33759|dataStream:|priority:0|startupRole:FOLLOWER, s12|rpc:0.0.0.0:43391|dataStream:|priority:0|startupRole:FOLLOWER]|listeners:[]
2023-03-07 04:41:26,138 DEBUG server.RaftServer$Division (RaftServerImpl.java:logAppendEntries(1429)) - s4@group-A82F1EDBF13F: succeeded to handle AppendEntries. Reply: s11<-s4#7402:OK-t1,SUCCESS,nextIndex=121,followerCommit=120,matchIndex=120
2023-03-07 04:41:26,138 DEBUG server.RaftServer$Division (RaftServerImpl.java:logAppendEntries(1429)) - s14@group-A82F1EDBF13F: succeeded to handle AppendEntries. Reply: s11<-s14#7401:OK-t1,SUCCESS,nextIndex=121,followerCommit=120,matchIndex=120
2023-03-07 04:41:26,140 DEBUG server.RaftServer$Division (RaftServerImpl.java:logAppendEntries(1429)) - s10@group-A82F1EDBF13F: receive appendEntries(s11, 1, (t:1, i:120), 120, true, commits:[s11:c120, s13:c120, s12:c120, s3:c120, s4:c-1, s5:c120, s10:c120, s6:c-1, s7:c-1, s8:c120, s9:c120, s14:c-1, s0:c120, s1:c-1, s2:c-1], cId:7409, entries: [(t:1, i:121), CONFIGURATIONENTRY(current:id: "s3"
address: "0.0.0.0:43243"
clientAddress: "0.0.0.0:43243"
adminAddress: "0.0.0.0:43243"
startupRole: FOLLOWER
,id: "s4"
address: "0.0.0.0:34427"
clientAddress: "0.0.0.0:34427"
adminAddress: "0.0.0.0:34427"
startupRole: FOLLOWER
,id: "s5"
address: "0.0.0.0:35843"
clientAddress: "0.0.0.0:35843"
adminAddress: "0.0.0.0:35843"
startupRole: FOLLOWER
,id: "s6"
address: "0.0.0.0:43509"
clientAddress: "0.0.0.0:43509"
adminAddress: "0.0.0.0:43509"
startupRole: FOLLOWER
,id: "s7"
address: "0.0.0.0:36409"
clientAddress: "0.0.0.0:36409"
adminAddress: "0.0.0.0:36409"
startupRole: FOLLOWER
,id: "s8"
address: "0.0.0.0:41505"
clientAddress: "0.0.0.0:41505"
adminAddress: "0.0.0.0:41505"
startupRole: FOLLOWER
,id: "s9"
address: "0.0.0.0:34365"
clientAddress: "0.0.0.0:34365"
adminAddress: "0.0.0.0:34365"
startupRole: FOLLOWER
,id: "s11"
address: "0.0.0.0:44621"
clientAddress: "0.0.0.0:44621"
adminAddress: "0.0.0.0:44621"
startupRole: FOLLOWER
,id: "s10"
address: "0.0.0.0:43353"
clientAddress: "0.0.0.0:43353"
adminAddress: "0.0.0.0:43353"
startupRole: FOLLOWER
,id: "s13"
address: "0.0.0.0:33759"
clientAddress: "0.0.0.0:33759"
adminAddress: "0.0.0.0:33759"
startupRole: FOLLOWER
,id: "s12"
address: "0.0.0.0:43391"
clientAddress: "0.0.0.0:43391"
adminAddress: "0.0.0.0:43391"
startupRole: FOLLOWER
,id: "s14"
address: "0.0.0.0:41557"
clientAddress: "0.0.0.0:41557"
adminAddress: "0.0.0.0:41557"
startupRole: FOLLOWER
,id: "s0"
address: "0.0.0.0:45573"
clientAddress: "0.0.0.0:45573"
adminAddress: "0.0.0.0:45573"
startupRole: FOLLOWER
,id: "s1"
address: "0.0.0.0:34621"
clientAddress: "0.0.0.0:34621"
adminAddress: "0.0.0.0:34621"
startupRole: FOLLOWER
,id: "s2"
address: "0.0.0.0:40769"
clientAddress: "0.0.0.0:40769"
adminAddress: "0.0.0.0:40769"
startupRole: FOLLOWER
, old:id: "s11"
address: "0.0.0.0:44621"
clientAddress: "0.0.0.0:44621"
adminAddress: "0.0.0.0:44621"
startupRole: FOLLOWER
,id: "s13"
address: "0.0.0.0:33759"
clientAddress: "0.0.0.0:33759"
adminAddress: "0.0.0.0:33759"
startupRole: FOLLOWER
,id: "s12"
address: "0.0.0.0:43391"
clientAddress: "0.0.0.0:43391"
adminAddress: "0.0.0.0:43391"
startupRole: FOLLOWER
)]
2023-03-07 04:41:26,140 INFO  server.RaftServer$Division (ServerState.java:setRaftConf(378)) - s10@group-A82F1EDBF13F: set configuration 121: peers:[s3|rpc:0.0.0.0:43243|dataStream:|priority:0|startupRole:FOLLOWER, s4|rpc:0.0.0.0:34427|dataStream:|priority:0|startupRole:FOLLOWER, s5|rpc:0.0.0.0:35843|dataStream:|priority:0|startupRole:FOLLOWER, s6|rpc:0.0.0.0:43509|dataStream:|priority:0|startupRole:FOLLOWER, s7|rpc:0.0.0.0:36409|dataStream:|priority:0|startupRole:FOLLOWER, s8|rpc:0.0.0.0:41505|dataStream:|priority:0|startupRole:FOLLOWER, s9|rpc:0.0.0.0:34365|dataStream:|priority:0|startupRole:FOLLOWER, s11|rpc:0.0.0.0:44621|dataStream:|priority:0|startupRole:FOLLOWER, s10|rpc:0.0.0.0:43353|dataStream:|priority:0|startupRole:FOLLOWER, s13|rpc:0.0.0.0:33759|dataStream:|priority:0|startupRole:FOLLOWER, s12|rpc:0.0.0.0:43391|dataStream:|priority:0|startupRole:FOLLOWER, s14|rpc:0.0.0.0:41557|dataStream:|priority:0|startupRole:FOLLOWER, s0|rpc:0.0.0.0:45573|dataStream:|priority:0|startupRole:FOLLOWER, s1|rpc:0.0.0.0:34621|dataStream:|priority:0|startupRole:FOLLOWER, s2|rpc:0.0.0.0:40769|dataStream:|priority:0|startupRole:FOLLOWER]|listeners:[], old=peers:[s11|rpc:0.0.0.0:44621|dataStream:|priority:0|startupRole:FOLLOWER, s13|rpc:0.0.0.0:33759|dataStream:|priority:0|startupRole:FOLLOWER, s12|rpc:0.0.0.0:43391|dataStream:|priority:0|startupRole:FOLLOWER]|listeners:[]
2023-03-07 04:41:26,141 DEBUG server.RaftServer$Division (RaftServerImpl.java:logAppendEntries(1429)) - s9@group-A82F1EDBF13F: receive appendEntries(s11, 1, (t:1, i:120), 120, true, commits:[s11:c120, s13:c120, s12:c120, s3:c120, s4:c-1, s5:c120, s10:c120, s6:c-1, s7:c-1, s8:c120, s9:c120, s14:c-1, s0:c120, s1:c-1, s2:c-1], cId:7412, entries: [(t:1, i:121), CONFIGURATIONENTRY(current:id: "s3"
address: "0.0.0.0:43243"
clientAddress: "0.0.0.0:43243"
adminAddress: "0.0.0.0:43243"
startupRole: FOLLOWER
,id: "s4"
address: "0.0.0.0:34427"
clientAddress: "0.0.0.0:34427"
adminAddress: "0.0.0.0:34427"
startupRole: FOLLOWER
,id: "s5"
address: "0.0.0.0:35843"
clientAddress: "0.0.0.0:35843"
adminAddress: "0.0.0.0:35843"
startupRole: FOLLOWER
,id: "s6"
address: "0.0.0.0:43509"
clientAddress: "0.0.0.0:43509"
adminAddress: "0.0.0.0:43509"
startupRole: FOLLOWER
,id: "s7"
address: "0.0.0.0:36409"
clientAddress: "0.0.0.0:36409"
adminAddress: "0.0.0.0:36409"
startupRole: FOLLOWER
,id: "s8"
address: "0.0.0.0:41505"
clientAddress: "0.0.0.0:41505"
adminAddress: "0.0.0.0:41505"
startupRole: FOLLOWER
,id: "s9"
address: "0.0.0.0:34365"
clientAddress: "0.0.0.0:34365"
adminAddress: "0.0.0.0:34365"
startupRole: FOLLOWER
,id: "s11"
address: "0.0.0.0:44621"
clientAddress: "0.0.0.0:44621"
adminAddress: "0.0.0.0:44621"
startupRole: FOLLOWER
,id: "s10"
address: "0.0.0.0:43353"
clientAddress: "0.0.0.0:43353"
adminAddress: "0.0.0.0:43353"
startupRole: FOLLOWER
,id: "s13"
address: "0.0.0.0:33759"
clientAddress: "0.0.0.0:33759"
adminAddress: "0.0.0.0:33759"
startupRole: FOLLOWER
,id: "s12"
address: "0.0.0.0:43391"
clientAddress: "0.0.0.0:43391"
adminAddress: "0.0.0.0:43391"
startupRole: FOLLOWER
,id: "s14"
address: "0.0.0.0:41557"
clientAddress: "0.0.0.0:41557"
adminAddress: "0.0.0.0:41557"
startupRole: FOLLOWER
,id: "s0"
address: "0.0.0.0:45573"
clientAddress: "0.0.0.0:45573"
adminAddress: "0.0.0.0:45573"
startupRole: FOLLOWER
,id: "s1"
address: "0.0.0.0:34621"
clientAddress: "0.0.0.0:34621"
adminAddress: "0.0.0.0:34621"
startupRole: FOLLOWER
,id: "s2"
address: "0.0.0.0:40769"
clientAddress: "0.0.0.0:40769"
adminAddress: "0.0.0.0:40769"
startupRole: FOLLOWER
, old:id: "s11"
address: "0.0.0.0:44621"
clientAddress: "0.0.0.0:44621"
adminAddress: "0.0.0.0:44621"
startupRole: FOLLOWER
,id: "s13"
address: "0.0.0.0:33759"
clientAddress: "0.0.0.0:33759"
adminAddress: "0.0.0.0:33759"
startupRole: FOLLOWER
,id: "s12"
address: "0.0.0.0:43391"
clientAddress: "0.0.0.0:43391"
adminAddress: "0.0.0.0:43391"
startupRole: FOLLOWER
)]
2023-03-07 04:41:26,141 INFO  server.RaftServer$Division (ServerState.java:setRaftConf(378)) - s9@group-A82F1EDBF13F: set configuration 121: peers:[s3|rpc:0.0.0.0:43243|dataStream:|priority:0|startupRole:FOLLOWER, s4|rpc:0.0.0.0:34427|dataStream:|priority:0|startupRole:FOLLOWER, s5|rpc:0.0.0.0:35843|dataStream:|priority:0|startupRole:FOLLOWER, s6|rpc:0.0.0.0:43509|dataStream:|priority:0|startupRole:FOLLOWER, s7|rpc:0.0.0.0:36409|dataStream:|priority:0|startupRole:FOLLOWER, s8|rpc:0.0.0.0:41505|dataStream:|priority:0|startupRole:FOLLOWER, s9|rpc:0.0.0.0:34365|dataStream:|priority:0|startupRole:FOLLOWER, s11|rpc:0.0.0.0:44621|dataStream:|priority:0|startupRole:FOLLOWER, s10|rpc:0.0.0.0:43353|dataStream:|priority:0|startupRole:FOLLOWER, s13|rpc:0.0.0.0:33759|dataStream:|priority:0|startupRole:FOLLOWER, s12|rpc:0.0.0.0:43391|dataStream:|priority:0|startupRole:FOLLOWER, s14|rpc:0.0.0.0:41557|dataStream:|priority:0|startupRole:FOLLOWER, s0|rpc:0.0.0.0:45573|dataStream:|priority:0|startupRole:FOLLOWER, s1|rpc:0.0.0.0:34621|dataStream:|priority:0|startupRole:FOLLOWER, s2|rpc:0.0.0.0:40769|dataStream:|priority:0|startupRole:FOLLOWER]|listeners:[], old=peers:[s11|rpc:0.0.0.0:44621|dataStream:|priority:0|startupRole:FOLLOWER, s13|rpc:0.0.0.0:33759|dataStream:|priority:0|startupRole:FOLLOWER, s12|rpc:0.0.0.0:43391|dataStream:|priority:0|startupRole:FOLLOWER]|listeners:[]
2023-03-07 04:41:26,141 DEBUG server.RaftServer$Division (RaftServerImpl.java:logAppendEntries(1429)) - s12@group-A82F1EDBF13F: receive appendEntries(s11, 1, (t:1, i:120), 120, true, commits:[s11:c120, s13:c120, s12:c120, s3:c120, s4:c-1, s5:c120, s10:c120, s6:c-1, s7:c-1, s8:c120, s9:c120, s14:c-1, s0:c120, s1:c-1, s2:c-1], cId:7413, entries: [(t:1, i:121), CONFIGURATIONENTRY(current:id: "s3"
address: "0.0.0.0:43243"
clientAddress: "0.0.0.0:43243"
adminAddress: "0.0.0.0:43243"
startupRole: FOLLOWER
,id: "s4"
address: "0.0.0.0:34427"
clientAddress: "0.0.0.0:34427"
adminAddress: "0.0.0.0:34427"
startupRole: FOLLOWER
,id: "s5"
address: "0.0.0.0:35843"
clientAddress: "0.0.0.0:35843"
adminAddress: "0.0.0.0:35843"
startupRole: FOLLOWER
,id: "s6"
address: "0.0.0.0:43509"
clientAddress: "0.0.0.0:43509"
adminAddress: "0.0.0.0:43509"
startupRole: FOLLOWER
,id: "s7"
address: "0.0.0.0:36409"
clientAddress: "0.0.0.0:36409"
adminAddress: "0.0.0.0:36409"
startupRole: FOLLOWER
,id: "s8"
address: "0.0.0.0:41505"
clientAddress: "0.0.0.0:41505"
adminAddress: "0.0.0.0:41505"
startupRole: FOLLOWER
,id: "s9"
address: "0.0.0.0:34365"
clientAddress: "0.0.0.0:34365"
adminAddress: "0.0.0.0:34365"
startupRole: FOLLOWER
,id: "s11"
address: "0.0.0.0:44621"
clientAddress: "0.0.0.0:44621"
adminAddress: "0.0.0.0:44621"
startupRole: FOLLOWER
,id: "s10"
address: "0.0.0.0:43353"
clientAddress: "0.0.0.0:43353"
adminAddress: "0.0.0.0:43353"
startupRole: FOLLOWER
,id: "s13"
address: "0.0.0.0:33759"
clientAddress: "0.0.0.0:33759"
adminAddress: "0.0.0.0:33759"
startupRole: FOLLOWER
,id: "s12"
address: "0.0.0.0:43391"
clientAddress: "0.0.0.0:43391"
adminAddress: "0.0.0.0:43391"
startupRole: FOLLOWER
,id: "s14"
address: "0.0.0.0:41557"
clientAddress: "0.0.0.0:41557"
adminAddress: "0.0.0.0:41557"
startupRole: FOLLOWER
,id: "s0"
address: "0.0.0.0:45573"
clientAddress: "0.0.0.0:45573"
adminAddress: "0.0.0.0:45573"
startupRole: FOLLOWER
,id: "s1"
address: "0.0.0.0:34621"
clientAddress: "0.0.0.0:34621"
adminAddress: "0.0.0.0:34621"
startupRole: FOLLOWER
,id: "s2"
address: "0.0.0.0:40769"
clientAddress: "0.0.0.0:40769"
adminAddress: "0.0.0.0:40769"
startupRole: FOLLOWER
, old:id: "s11"
address: "0.0.0.0:44621"
clientAddress: "0.0.0.0:44621"
adminAddress: "0.0.0.0:44621"
startupRole: FOLLOWER
,id: "s13"
address: "0.0.0.0:33759"
clientAddress: "0.0.0.0:33759"
adminAddress: "0.0.0.0:33759"
startupRole: FOLLOWER
,id: "s12"
address: "0.0.0.0:43391"
clientAddress: "0.0.0.0:43391"
adminAddress: "0.0.0.0:43391"
startupRole: FOLLOWER
)]
2023-03-07 04:41:26,141 INFO  server.RaftServer$Division (ServerState.java:setRaftConf(378)) - s12@group-A82F1EDBF13F: set configuration 121: peers:[s3|rpc:0.0.0.0:43243|dataStream:|priority:0|startupRole:FOLLOWER, s4|rpc:0.0.0.0:34427|dataStream:|priority:0|startupRole:FOLLOWER, s5|rpc:0.0.0.0:35843|dataStream:|priority:0|startupRole:FOLLOWER, s6|rpc:0.0.0.0:43509|dataStream:|priority:0|startupRole:FOLLOWER, s7|rpc:0.0.0.0:36409|dataStream:|priority:0|startupRole:FOLLOWER, s8|rpc:0.0.0.0:41505|dataStream:|priority:0|startupRole:FOLLOWER, s9|rpc:0.0.0.0:34365|dataStream:|priority:0|startupRole:FOLLOWER, s11|rpc:0.0.0.0:44621|dataStream:|priority:0|startupRole:FOLLOWER, s10|rpc:0.0.0.0:43353|dataStream:|priority:0|startupRole:FOLLOWER, s13|rpc:0.0.0.0:33759|dataStream:|priority:0|startupRole:FOLLOWER, s12|rpc:0.0.0.0:43391|dataStream:|priority:0|startupRole:FOLLOWER, s14|rpc:0.0.0.0:41557|dataStream:|priority:0|startupRole:FOLLOWER, s0|rpc:0.0.0.0:45573|dataStream:|priority:0|startupRole:FOLLOWER, s1|rpc:0.0.0.0:34621|dataStream:|priority:0|startupRole:FOLLOWER, s2|rpc:0.0.0.0:40769|dataStream:|priority:0|startupRole:FOLLOWER]|listeners:[], old=peers:[s11|rpc:0.0.0.0:44621|dataStream:|priority:0|startupRole:FOLLOWER, s13|rpc:0.0.0.0:33759|dataStream:|priority:0|startupRole:FOLLOWER, s12|rpc:0.0.0.0:43391|dataStream:|priority:0|startupRole:FOLLOWER]|listeners:[]
2023-03-07 04:41:26,142 DEBUG server.RaftServer$Division (RaftServerImpl.java:logAppendEntries(1429)) - s10@group-A82F1EDBF13F: succeeded to handle AppendEntries. Reply: s11<-s10#7409:OK-t1,SUCCESS,nextIndex=122,followerCommit=120,matchIndex=121
2023-03-07 04:41:26,142 DEBUG server.RaftServer$Division (RaftServerImpl.java:logAppendEntries(1429)) - s12@group-A82F1EDBF13F: succeeded to handle AppendEntries. Reply: s11<-s12#7413:OK-t1,SUCCESS,nextIndex=122,followerCommit=120,matchIndex=121
2023-03-07 04:41:26,142 DEBUG server.RaftServer$Division (RaftServerImpl.java:logAppendEntries(1429)) - s9@group-A82F1EDBF13F: succeeded to handle AppendEntries. Reply: s11<-s9#7412:OK-t1,SUCCESS,nextIndex=122,followerCommit=120,matchIndex=121
2023-03-07 04:41:26,143 DEBUG server.RaftServer$Division (RaftServerImpl.java:logAppendEntries(1429)) - s8@group-A82F1EDBF13F: receive appendEntries(s11, 1, (t:1, i:120), 120, true, commits:[s11:c120, s13:c120, s12:c120, s3:c120, s4:c-1, s5:c120, s10:c120, s6:c-1, s7:c-1, s8:c120, s9:c120, s14:c-1, s0:c120, s1:c-1, s2:c-1], cId:7410, entries: [(t:1, i:121), CONFIGURATIONENTRY(current:id: "s3"
address: "0.0.0.0:43243"
clientAddress: "0.0.0.0:43243"
adminAddress: "0.0.0.0:43243"
startupRole: FOLLOWER
,id: "s4"
address: "0.0.0.0:34427"
clientAddress: "0.0.0.0:34427"
adminAddress: "0.0.0.0:34427"
startupRole: FOLLOWER
,id: "s5"
address: "0.0.0.0:35843"
clientAddress: "0.0.0.0:35843"
adminAddress: "0.0.0.0:35843"
startupRole: FOLLOWER
,id: "s6"
address: "0.0.0.0:43509"
clientAddress: "0.0.0.0:43509"
adminAddress: "0.0.0.0:43509"
startupRole: FOLLOWER
,id: "s7"
address: "0.0.0.0:36409"
clientAddress: "0.0.0.0:36409"
adminAddress: "0.0.0.0:36409"
startupRole: FOLLOWER
,id: "s8"
address: "0.0.0.0:41505"
clientAddress: "0.0.0.0:41505"
adminAddress: "0.0.0.0:41505"
startupRole: FOLLOWER
,id: "s9"
address: "0.0.0.0:34365"
clientAddress: "0.0.0.0:34365"
adminAddress: "0.0.0.0:34365"
startupRole: FOLLOWER
,id: "s11"
address: "0.0.0.0:44621"
clientAddress: "0.0.0.0:44621"
adminAddress: "0.0.0.0:44621"
startupRole: FOLLOWER
,id: "s10"
address: "0.0.0.0:43353"
clientAddress: "0.0.0.0:43353"
adminAddress: "0.0.0.0:43353"
startupRole: FOLLOWER
,id: "s13"
address: "0.0.0.0:33759"
clientAddress: "0.0.0.0:33759"
adminAddress: "0.0.0.0:33759"
startupRole: FOLLOWER
,id: "s12"
address: "0.0.0.0:43391"
clientAddress: "0.0.0.0:43391"
adminAddress: "0.0.0.0:43391"
startupRole: FOLLOWER
,id: "s14"
address: "0.0.0.0:41557"
clientAddress: "0.0.0.0:41557"
adminAddress: "0.0.0.0:41557"
startupRole: FOLLOWER
,id: "s0"
address: "0.0.0.0:45573"
clientAddress: "0.0.0.0:45573"
adminAddress: "0.0.0.0:45573"
startupRole: FOLLOWER
,id: "s1"
address: "0.0.0.0:34621"
clientAddress: "0.0.0.0:34621"
adminAddress: "0.0.0.0:34621"
startupRole: FOLLOWER
,id: "s2"
address: "0.0.0.0:40769"
clientAddress: "0.0.0.0:40769"
adminAddress: "0.0.0.0:40769"
startupRole: FOLLOWER
, old:id: "s11"
address: "0.0.0.0:44621"
clientAddress: "0.0.0.0:44621"
adminAddress: "0.0.0.0:44621"
startupRole: FOLLOWER
,id: "s13"
address: "0.0.0.0:33759"
clientAddress: "0.0.0.0:33759"
adminAddress: "0.0.0.0:33759"
startupRole: FOLLOWER
,id: "s12"
address: "0.0.0.0:43391"
clientAddress: "0.0.0.0:43391"
adminAddress: "0.0.0.0:43391"
startupRole: FOLLOWER
)]
2023-03-07 04:41:26,143 INFO  server.RaftServer$Division (ServerState.java:setRaftConf(378)) - s8@group-A82F1EDBF13F: set configuration 121: peers:[s3|rpc:0.0.0.0:43243|dataStream:|priority:0|startupRole:FOLLOWER, s4|rpc:0.0.0.0:34427|dataStream:|priority:0|startupRole:FOLLOWER, s5|rpc:0.0.0.0:35843|dataStream:|priority:0|startupRole:FOLLOWER, s6|rpc:0.0.0.0:43509|dataStream:|priority:0|startupRole:FOLLOWER, s7|rpc:0.0.0.0:36409|dataStream:|priority:0|startupRole:FOLLOWER, s8|rpc:0.0.0.0:41505|dataStream:|priority:0|startupRole:FOLLOWER, s9|rpc:0.0.0.0:34365|dataStream:|priority:0|startupRole:FOLLOWER, s11|rpc:0.0.0.0:44621|dataStream:|priority:0|startupRole:FOLLOWER, s10|rpc:0.0.0.0:43353|dataStream:|priority:0|startupRole:FOLLOWER, s13|rpc:0.0.0.0:33759|dataStream:|priority:0|startupRole:FOLLOWER, s12|rpc:0.0.0.0:43391|dataStream:|priority:0|startupRole:FOLLOWER, s14|rpc:0.0.0.0:41557|dataStream:|priority:0|startupRole:FOLLOWER, s0|rpc:0.0.0.0:45573|dataStream:|priority:0|startupRole:FOLLOWER, s1|rpc:0.0.0.0:34621|dataStream:|priority:0|startupRole:FOLLOWER, s2|rpc:0.0.0.0:40769|dataStream:|priority:0|startupRole:FOLLOWER]|listeners:[], old=peers:[s11|rpc:0.0.0.0:44621|dataStream:|priority:0|startupRole:FOLLOWER, s13|rpc:0.0.0.0:33759|dataStream:|priority:0|startupRole:FOLLOWER, s12|rpc:0.0.0.0:43391|dataStream:|priority:0|startupRole:FOLLOWER]|listeners:[]
2023-03-07 04:41:26,143 DEBUG server.RaftServer$Division (RaftServerImpl.java:logAppendEntries(1429)) - s5@group-A82F1EDBF13F: receive appendEntries(s11, 1, (t:1, i:120), 120, true, commits:[s11:c120, s13:c120, s12:c120, s3:c120, s4:c-1, s5:c120, s10:c120, s6:c-1, s7:c-1, s8:c120, s9:c120, s14:c-1, s0:c120, s1:c-1, s2:c-1], cId:7411, entries: [(t:1, i:121), CONFIGURATIONENTRY(current:id: "s3"
address: "0.0.0.0:43243"
clientAddress: "0.0.0.0:43243"
adminAddress: "0.0.0.0:43243"
startupRole: FOLLOWER
,id: "s4"
address: "0.0.0.0:34427"
clientAddress: "0.0.0.0:34427"
adminAddress: "0.0.0.0:34427"
startupRole: FOLLOWER
,id: "s5"
address: "0.0.0.0:35843"
clientAddress: "0.0.0.0:35843"
adminAddress: "0.0.0.0:35843"
startupRole: FOLLOWER
,id: "s6"
address: "0.0.0.0:43509"
clientAddress: "0.0.0.0:43509"
adminAddress: "0.0.0.0:43509"
startupRole: FOLLOWER
,id: "s7"
address: "0.0.0.0:36409"
clientAddress: "0.0.0.0:36409"
adminAddress: "0.0.0.0:36409"
startupRole: FOLLOWER
,id: "s8"
address: "0.0.0.0:41505"
clientAddress: "0.0.0.0:41505"
adminAddress: "0.0.0.0:41505"
startupRole: FOLLOWER
,id: "s9"
address: "0.0.0.0:34365"
clientAddress: "0.0.0.0:34365"
adminAddress: "0.0.0.0:34365"
startupRole: FOLLOWER
,id: "s11"
address: "0.0.0.0:44621"
clientAddress: "0.0.0.0:44621"
adminAddress: "0.0.0.0:44621"
startupRole: FOLLOWER
,id: "s10"
address: "0.0.0.0:43353"
clientAddress: "0.0.0.0:43353"
adminAddress: "0.0.0.0:43353"
startupRole: FOLLOWER
,id: "s13"
address: "0.0.0.0:33759"
clientAddress: "0.0.0.0:33759"
adminAddress: "0.0.0.0:33759"
startupRole: FOLLOWER
,id: "s12"
address: "0.0.0.0:43391"
clientAddress: "0.0.0.0:43391"
adminAddress: "0.0.0.0:43391"
startupRole: FOLLOWER
,id: "s14"
address: "0.0.0.0:41557"
clientAddress: "0.0.0.0:41557"
adminAddress: "0.0.0.0:41557"
startupRole: FOLLOWER
,id: "s0"
address: "0.0.0.0:45573"
clientAddress: "0.0.0.0:45573"
adminAddress: "0.0.0.0:45573"
startupRole: FOLLOWER
,id: "s1"
address: "0.0.0.0:34621"
clientAddress: "0.0.0.0:34621"
adminAddress: "0.0.0.0:34621"
startupRole: FOLLOWER
,id: "s2"
address: "0.0.0.0:40769"
clientAddress: "0.0.0.0:40769"
adminAddress: "0.0.0.0:40769"
startupRole: FOLLOWER
, old:id: "s11"
address: "0.0.0.0:44621"
clientAddress: "0.0.0.0:44621"
adminAddress: "0.0.0.0:44621"
startupRole: FOLLOWER
,id: "s13"
address: "0.0.0.0:33759"
clientAddress: "0.0.0.0:33759"
adminAddress: "0.0.0.0:33759"
startupRole: FOLLOWER
,id: "s12"
address: "0.0.0.0:43391"
clientAddress: "0.0.0.0:43391"
adminAddress: "0.0.0.0:43391"
startupRole: FOLLOWER
)]
2023-03-07 04:41:26,143 INFO  server.RaftServer$Division (ServerState.java:setRaftConf(378)) - s5@group-A82F1EDBF13F: set configuration 121: peers:[s3|rpc:0.0.0.0:43243|dataStream:|priority:0|startupRole:FOLLOWER, s4|rpc:0.0.0.0:34427|dataStream:|priority:0|startupRole:FOLLOWER, s5|rpc:0.0.0.0:35843|dataStream:|priority:0|startupRole:FOLLOWER, s6|rpc:0.0.0.0:43509|dataStream:|priority:0|startupRole:FOLLOWER, s7|rpc:0.0.0.0:36409|dataStream:|priority:0|startupRole:FOLLOWER, s8|rpc:0.0.0.0:41505|dataStream:|priority:0|startupRole:FOLLOWER, s9|rpc:0.0.0.0:34365|dataStream:|priority:0|startupRole:FOLLOWER, s11|rpc:0.0.0.0:44621|dataStream:|priority:0|startupRole:FOLLOWER, s10|rpc:0.0.0.0:43353|dataStream:|priority:0|startupRole:FOLLOWER, s13|rpc:0.0.0.0:33759|dataStream:|priority:0|startupRole:FOLLOWER, s12|rpc:0.0.0.0:43391|dataStream:|priority:0|startupRole:FOLLOWER, s14|rpc:0.0.0.0:41557|dataStream:|priority:0|startupRole:FOLLOWER, s0|rpc:0.0.0.0:45573|dataStream:|priority:0|startupRole:FOLLOWER, s1|rpc:0.0.0.0:34621|dataStream:|priority:0|startupRole:FOLLOWER, s2|rpc:0.0.0.0:40769|dataStream:|priority:0|startupRole:FOLLOWER]|listeners:[], old=peers:[s11|rpc:0.0.0.0:44621|dataStream:|priority:0|startupRole:FOLLOWER, s13|rpc:0.0.0.0:33759|dataStream:|priority:0|startupRole:FOLLOWER, s12|rpc:0.0.0.0:43391|dataStream:|priority:0|startupRole:FOLLOWER]|listeners:[]
2023-03-07 04:41:26,144 DEBUG server.RaftServer$Division (RaftServerImpl.java:logAppendEntries(1429)) - s13@group-A82F1EDBF13F: receive appendEntries(s11, 1, (t:1, i:120), 120, true, commits:[s11:c120, s13:c120, s12:c120, s3:c120, s4:c-1, s5:c120, s10:c120, s6:c-1, s7:c-1, s8:c120, s9:c120, s14:c-1, s0:c120, s1:c-1, s2:c-1], cId:7414, entries: [(t:1, i:121), CONFIGURATIONENTRY(current:id: "s3"
address: "0.0.0.0:43243"
clientAddress: "0.0.0.0:43243"
adminAddress: "0.0.0.0:43243"
startupRole: FOLLOWER
,id: "s4"
address: "0.0.0.0:34427"
clientAddress: "0.0.0.0:34427"
adminAddress: "0.0.0.0:34427"
startupRole: FOLLOWER
,id: "s5"
address: "0.0.0.0:35843"
clientAddress: "0.0.0.0:35843"
adminAddress: "0.0.0.0:35843"
startupRole: FOLLOWER
,id: "s6"
address: "0.0.0.0:43509"
clientAddress: "0.0.0.0:43509"
adminAddress: "0.0.0.0:43509"
startupRole: FOLLOWER
,id: "s7"
address: "0.0.0.0:36409"
clientAddress: "0.0.0.0:36409"
adminAddress: "0.0.0.0:36409"
startupRole: FOLLOWER
,id: "s8"
address: "0.0.0.0:41505"
clientAddress: "0.0.0.0:41505"
adminAddress: "0.0.0.0:41505"
startupRole: FOLLOWER
,id: "s9"
address: "0.0.0.0:34365"
clientAddress: "0.0.0.0:34365"
adminAddress: "0.0.0.0:34365"
startupRole: FOLLOWER
,id: "s11"
address: "0.0.0.0:44621"
clientAddress: "0.0.0.0:44621"
adminAddress: "0.0.0.0:44621"
startupRole: FOLLOWER
,id: "s10"
address: "0.0.0.0:43353"
clientAddress: "0.0.0.0:43353"
adminAddress: "0.0.0.0:43353"
startupRole: FOLLOWER
,id: "s13"
address: "0.0.0.0:33759"
clientAddress: "0.0.0.0:33759"
adminAddress: "0.0.0.0:33759"
startupRole: FOLLOWER
,id: "s12"
address: "0.0.0.0:43391"
clientAddress: "0.0.0.0:43391"
adminAddress: "0.0.0.0:43391"
startupRole: FOLLOWER
,id: "s14"
address: "0.0.0.0:41557"
clientAddress: "0.0.0.0:41557"
adminAddress: "0.0.0.0:41557"
startupRole: FOLLOWER
,id: "s0"
address: "0.0.0.0:45573"
clientAddress: "0.0.0.0:45573"
adminAddress: "0.0.0.0:45573"
startupRole: FOLLOWER
,id: "s1"
address: "0.0.0.0:34621"
clientAddress: "0.0.0.0:34621"
adminAddress: "0.0.0.0:34621"
startupRole: FOLLOWER
,id: "s2"
address: "0.0.0.0:40769"
clientAddress: "0.0.0.0:40769"
adminAddress: "0.0.0.0:40769"
startupRole: FOLLOWER
, old:id: "s11"
address: "0.0.0.0:44621"
clientAddress: "0.0.0.0:44621"
adminAddress: "0.0.0.0:44621"
startupRole: FOLLOWER
,id: "s13"
address: "0.0.0.0:33759"
clientAddress: "0.0.0.0:33759"
adminAddress: "0.0.0.0:33759"
startupRole: FOLLOWER
,id: "s12"
address: "0.0.0.0:43391"
clientAddress: "0.0.0.0:43391"
adminAddress: "0.0.0.0:43391"
startupRole: FOLLOWER
)]
2023-03-07 04:41:26,144 INFO  server.RaftServer$Division (ServerState.java:setRaftConf(378)) - s13@group-A82F1EDBF13F: set configuration 121: peers:[s3|rpc:0.0.0.0:43243|dataStream:|priority:0|startupRole:FOLLOWER, s4|rpc:0.0.0.0:34427|dataStream:|priority:0|startupRole:FOLLOWER, s5|rpc:0.0.0.0:35843|dataStream:|priority:0|startupRole:FOLLOWER, s6|rpc:0.0.0.0:43509|dataStream:|priority:0|startupRole:FOLLOWER, s7|rpc:0.0.0.0:36409|dataStream:|priority:0|startupRole:FOLLOWER, s8|rpc:0.0.0.0:41505|dataStream:|priority:0|startupRole:FOLLOWER, s9|rpc:0.0.0.0:34365|dataStream:|priority:0|startupRole:FOLLOWER, s11|rpc:0.0.0.0:44621|dataStream:|priority:0|startupRole:FOLLOWER, s10|rpc:0.0.0.0:43353|dataStream:|priority:0|startupRole:FOLLOWER, s13|rpc:0.0.0.0:33759|dataStream:|priority:0|startupRole:FOLLOWER, s12|rpc:0.0.0.0:43391|dataStream:|priority:0|startupRole:FOLLOWER, s14|rpc:0.0.0.0:41557|dataStream:|priority:0|startupRole:FOLLOWER, s0|rpc:0.0.0.0:45573|dataStream:|priority:0|startupRole:FOLLOWER, s1|rpc:0.0.0.0:34621|dataStream:|priority:0|startupRole:FOLLOWER, s2|rpc:0.0.0.0:40769|dataStream:|priority:0|startupRole:FOLLOWER]|listeners:[], old=peers:[s11|rpc:0.0.0.0:44621|dataStream:|priority:0|startupRole:FOLLOWER, s13|rpc:0.0.0.0:33759|dataStream:|priority:0|startupRole:FOLLOWER, s12|rpc:0.0.0.0:43391|dataStream:|priority:0|startupRole:FOLLOWER]|listeners:[]
2023-03-07 04:41:26,144 DEBUG server.RaftServer$Division (RaftServerImpl.java:logAppendEntries(1429)) - s8@group-A82F1EDBF13F: succeeded to handle AppendEntries. Reply: s11<-s8#7410:OK-t1,SUCCESS,nextIndex=122,followerCommit=120,matchIndex=121
2023-03-07 04:41:26,148 DEBUG server.RaftServer$Division (RaftServerImpl.java:logAppendEntries(1429)) - s13@group-A82F1EDBF13F: succeeded to handle AppendEntries. Reply: s11<-s13#7414:OK-t1,SUCCESS,nextIndex=122,followerCommit=120,matchIndex=121
2023-03-07 04:41:26,148 DEBUG server.RaftServer$Division (RaftServerImpl.java:logAppendEntries(1429)) - s4@group-A82F1EDBF13F: receive appendEntries(s11, 1, (t:1, i:120), 120, true, commits:[s11:c120, s13:c120, s12:c120, s3:c120, s4:c120, s5:c120, s10:c120, s6:c-1, s7:c-1, s8:c120, s9:c120, s14:c-1, s0:c120, s1:c-1, s2:c-1], cId:7416, entries: [(t:1, i:121), CONFIGURATIONENTRY(current:id: "s3"
address: "0.0.0.0:43243"
clientAddress: "0.0.0.0:43243"
adminAddress: "0.0.0.0:43243"
startupRole: FOLLOWER
,id: "s4"
address: "0.0.0.0:34427"
clientAddress: "0.0.0.0:34427"
adminAddress: "0.0.0.0:34427"
startupRole: FOLLOWER
,id: "s5"
address: "0.0.0.0:35843"
clientAddress: "0.0.0.0:35843"
adminAddress: "0.0.0.0:35843"
startupRole: FOLLOWER
,id: "s6"
address: "0.0.0.0:43509"
clientAddress: "0.0.0.0:43509"
adminAddress: "0.0.0.0:43509"
startupRole: FOLLOWER
,id: "s7"
address: "0.0.0.0:36409"
clientAddress: "0.0.0.0:36409"
adminAddress: "0.0.0.0:36409"
startupRole: FOLLOWER
,id: "s8"
address: "0.0.0.0:41505"
clientAddress: "0.0.0.0:41505"
adminAddress: "0.0.0.0:41505"
startupRole: FOLLOWER
,id: "s9"
address: "0.0.0.0:34365"
clientAddress: "0.0.0.0:34365"
adminAddress: "0.0.0.0:34365"
startupRole: FOLLOWER
,id: "s11"
address: "0.0.0.0:44621"
clientAddress: "0.0.0.0:44621"
adminAddress: "0.0.0.0:44621"
startupRole: FOLLOWER
,id: "s10"
address: "0.0.0.0:43353"
clientAddress: "0.0.0.0:43353"
adminAddress: "0.0.0.0:43353"
startupRole: FOLLOWER
,id: "s13"
address: "0.0.0.0:33759"
clientAddress: "0.0.0.0:33759"
adminAddress: "0.0.0.0:33759"
startupRole: FOLLOWER
,id: "s12"
address: "0.0.0.0:43391"
clientAddress: "0.0.0.0:43391"
adminAddress: "0.0.0.0:43391"
startupRole: FOLLOWER
,id: "s14"
address: "0.0.0.0:41557"
clientAddress: "0.0.0.0:41557"
adminAddress: "0.0.0.0:41557"
startupRole: FOLLOWER
,id: "s0"
address: "0.0.0.0:45573"
clientAddress: "0.0.0.0:45573"
adminAddress: "0.0.0.0:45573"
startupRole: FOLLOWER
,id: "s1"
address: "0.0.0.0:34621"
clientAddress: "0.0.0.0:34621"
adminAddress: "0.0.0.0:34621"
startupRole: FOLLOWER
,id: "s2"
address: "0.0.0.0:40769"
clientAddress: "0.0.0.0:40769"
adminAddress: "0.0.0.0:40769"
startupRole: FOLLOWER
, old:id: "s11"
address: "0.0.0.0:44621"
clientAddress: "0.0.0.0:44621"
adminAddress: "0.0.0.0:44621"
startupRole: FOLLOWER
,id: "s13"
address: "0.0.0.0:33759"
clientAddress: "0.0.0.0:33759"
adminAddress: "0.0.0.0:33759"
startupRole: FOLLOWER
,id: "s12"
address: "0.0.0.0:43391"
clientAddress: "0.0.0.0:43391"
adminAddress: "0.0.0.0:43391"
startupRole: FOLLOWER
)]
2023-03-07 04:41:26,148 DEBUG server.RaftServer$Division (RaftServerImpl.java:logAppendEntries(1429)) - s3@group-A82F1EDBF13F: receive appendEntries(s11, 1, (t:1, i:120), 120, true, commits:[s11:c120, s13:c120, s12:c120, s3:c120, s4:c-1, s5:c120, s10:c120, s6:c-1, s7:c-1, s8:c120, s9:c120, s14:c-1, s0:c120, s1:c-1, s2:c-1], cId:7415, entries: [(t:1, i:121), CONFIGURATIONENTRY(current:id: "s3"
address: "0.0.0.0:43243"
clientAddress: "0.0.0.0:43243"
adminAddress: "0.0.0.0:43243"
startupRole: FOLLOWER
,id: "s4"
address: "0.0.0.0:34427"
clientAddress: "0.0.0.0:34427"
adminAddress: "0.0.0.0:34427"
startupRole: FOLLOWER
,id: "s5"
address: "0.0.0.0:35843"
clientAddress: "0.0.0.0:35843"
adminAddress: "0.0.0.0:35843"
startupRole: FOLLOWER
,id: "s6"
address: "0.0.0.0:43509"
clientAddress: "0.0.0.0:43509"
adminAddress: "0.0.0.0:43509"
startupRole: FOLLOWER
,id: "s7"
address: "0.0.0.0:36409"
clientAddress: "0.0.0.0:36409"
adminAddress: "0.0.0.0:36409"
startupRole: FOLLOWER
,id: "s8"
address: "0.0.0.0:41505"
clientAddress: "0.0.0.0:41505"
adminAddress: "0.0.0.0:41505"
startupRole: FOLLOWER
,id: "s9"
address: "0.0.0.0:34365"
clientAddress: "0.0.0.0:34365"
adminAddress: "0.0.0.0:34365"
startupRole: FOLLOWER
,id: "s11"
address: "0.0.0.0:44621"
clientAddress: "0.0.0.0:44621"
adminAddress: "0.0.0.0:44621"
startupRole: FOLLOWER
,id: "s10"
address: "0.0.0.0:43353"
clientAddress: "0.0.0.0:43353"
adminAddress: "0.0.0.0:43353"
startupRole: FOLLOWER
,id: "s13"
address: "0.0.0.0:33759"
clientAddress: "0.0.0.0:33759"
adminAddress: "0.0.0.0:33759"
startupRole: FOLLOWER
,id: "s12"
address: "0.0.0.0:43391"
clientAddress: "0.0.0.0:43391"
adminAddress: "0.0.0.0:43391"
startupRole: FOLLOWER
,id: "s14"
address: "0.0.0.0:41557"
clientAddress: "0.0.0.0:41557"
adminAddress: "0.0.0.0:41557"
startupRole: FOLLOWER
,id: "s0"
address: "0.0.0.0:45573"
clientAddress: "0.0.0.0:45573"
adminAddress: "0.0.0.0:45573"
startupRole: FOLLOWER
,id: "s1"
address: "0.0.0.0:34621"
clientAddress: "0.0.0.0:34621"
adminAddress: "0.0.0.0:34621"
startupRole: FOLLOWER
,id: "s2"
address: "0.0.0.0:40769"
clientAddress: "0.0.0.0:40769"
adminAddress: "0.0.0.0:40769"
startupRole: FOLLOWER
, old:id: "s11"
address: "0.0.0.0:44621"
clientAddress: "0.0.0.0:44621"
adminAddress: "0.0.0.0:44621"
startupRole: FOLLOWER
,id: "s13"
address: "0.0.0.0:33759"
clientAddress: "0.0.0.0:33759"
adminAddress: "0.0.0.0:33759"
startupRole: FOLLOWER
,id: "s12"
address: "0.0.0.0:43391"
clientAddress: "0.0.0.0:43391"
adminAddress: "0.0.0.0:43391"
startupRole: FOLLOWER
)]
2023-03-07 04:41:26,149 INFO  server.RaftServer$Division (ServerState.java:setRaftConf(378)) - s3@group-A82F1EDBF13F: set configuration 121: peers:[s3|rpc:0.0.0.0:43243|dataStream:|priority:0|startupRole:FOLLOWER, s4|rpc:0.0.0.0:34427|dataStream:|priority:0|startupRole:FOLLOWER, s5|rpc:0.0.0.0:35843|dataStream:|priority:0|startupRole:FOLLOWER, s6|rpc:0.0.0.0:43509|dataStream:|priority:0|startupRole:FOLLOWER, s7|rpc:0.0.0.0:36409|dataStream:|priority:0|startupRole:FOLLOWER, s8|rpc:0.0.0.0:41505|dataStream:|priority:0|startupRole:FOLLOWER, s9|rpc:0.0.0.0:34365|dataStream:|priority:0|startupRole:FOLLOWER, s11|rpc:0.0.0.0:44621|dataStream:|priority:0|startupRole:FOLLOWER, s10|rpc:0.0.0.0:43353|dataStream:|priority:0|startupRole:FOLLOWER, s13|rpc:0.0.0.0:33759|dataStream:|priority:0|startupRole:FOLLOWER, s12|rpc:0.0.0.0:43391|dataStream:|priority:0|startupRole:FOLLOWER, s14|rpc:0.0.0.0:41557|dataStream:|priority:0|startupRole:FOLLOWER, s0|rpc:0.0.0.0:45573|dataStream:|priority:0|startupRole:FOLLOWER, s1|rpc:0.0.0.0:34621|dataStream:|priority:0|startupRole:FOLLOWER, s2|rpc:0.0.0.0:40769|dataStream:|priority:0|startupRole:FOLLOWER]|listeners:[], old=peers:[s11|rpc:0.0.0.0:44621|dataStream:|priority:0|startupRole:FOLLOWER, s13|rpc:0.0.0.0:33759|dataStream:|priority:0|startupRole:FOLLOWER, s12|rpc:0.0.0.0:43391|dataStream:|priority:0|startupRole:FOLLOWER]|listeners:[]
2023-03-07 04:41:26,149 DEBUG server.RaftServer$Division (RaftServerImpl.java:logAppendEntries(1429)) - s14@group-A82F1EDBF13F: receive appendEntries(s11, 1, (t:1, i:120), 120, true, commits:[s11:c120, s13:c120, s12:c120, s3:c120, s4:c120, s5:c120, s10:c120, s6:c-1, s7:c-1, s8:c120, s9:c120, s14:c120, s0:c120, s1:c-1, s2:c-1], cId:7417, entries: [(t:1, i:121), CONFIGURATIONENTRY(current:id: "s3"
address: "0.0.0.0:43243"
clientAddress: "0.0.0.0:43243"
adminAddress: "0.0.0.0:43243"
startupRole: FOLLOWER
,id: "s4"
address: "0.0.0.0:34427"
clientAddress: "0.0.0.0:34427"
adminAddress: "0.0.0.0:34427"
startupRole: FOLLOWER
,id: "s5"
address: "0.0.0.0:35843"
clientAddress: "0.0.0.0:35843"
adminAddress: "0.0.0.0:35843"
startupRole: FOLLOWER
,id: "s6"
address: "0.0.0.0:43509"
clientAddress: "0.0.0.0:43509"
adminAddress: "0.0.0.0:43509"
startupRole: FOLLOWER
,id: "s7"
address: "0.0.0.0:36409"
clientAddress: "0.0.0.0:36409"
adminAddress: "0.0.0.0:36409"
startupRole: FOLLOWER
,id: "s8"
address: "0.0.0.0:41505"
clientAddress: "0.0.0.0:41505"
adminAddress: "0.0.0.0:41505"
startupRole: FOLLOWER
,id: "s9"
address: "0.0.0.0:34365"
clientAddress: "0.0.0.0:34365"
adminAddress: "0.0.0.0:34365"
startupRole: FOLLOWER
,id: "s11"
address: "0.0.0.0:44621"
clientAddress: "0.0.0.0:44621"
adminAddress: "0.0.0.0:44621"
startupRole: FOLLOWER
,id: "s10"
address: "0.0.0.0:43353"
clientAddress: "0.0.0.0:43353"
adminAddress: "0.0.0.0:43353"
startupRole: FOLLOWER
,id: "s13"
address: "0.0.0.0:33759"
clientAddress: "0.0.0.0:33759"
adminAddress: "0.0.0.0:33759"
startupRole: FOLLOWER
,id: "s12"
address: "0.0.0.0:43391"
clientAddress: "0.0.0.0:43391"
adminAddress: "0.0.0.0:43391"
startupRole: FOLLOWER
,id: "s14"
address: "0.0.0.0:41557"
clientAddress: "0.0.0.0:41557"
adminAddress: "0.0.0.0:41557"
startupRole: FOLLOWER
,id: "s0"
address: "0.0.0.0:45573"
clientAddress: "0.0.0.0:45573"
adminAddress: "0.0.0.0:45573"
startupRole: FOLLOWER
,id: "s1"
address: "0.0.0.0:34621"
clientAddress: "0.0.0.0:34621"
adminAddress: "0.0.0.0:34621"
startupRole: FOLLOWER
,id: "s2"
address: "0.0.0.0:40769"
clientAddress: "0.0.0.0:40769"
adminAddress: "0.0.0.0:40769"
startupRole: FOLLOWER
, old:id: "s11"
address: "0.0.0.0:44621"
clientAddress: "0.0.0.0:44621"
adminAddress: "0.0.0.0:44621"
startupRole: FOLLOWER
,id: "s13"
address: "0.0.0.0:33759"
clientAddress: "0.0.0.0:33759"
adminAddress: "0.0.0.0:33759"
startupRole: FOLLOWER
,id: "s12"
address: "0.0.0.0:43391"
clientAddress: "0.0.0.0:43391"
adminAddress: "0.0.0.0:43391"
startupRole: FOLLOWER
)]
2023-03-07 04:41:26,150 INFO  server.RaftServer$Division (ServerState.java:setRaftConf(378)) - s14@group-A82F1EDBF13F: set configuration 121: peers:[s3|rpc:0.0.0.0:43243|dataStream:|priority:0|startupRole:FOLLOWER, s4|rpc:0.0.0.0:34427|dataStream:|priority:0|startupRole:FOLLOWER, s5|rpc:0.0.0.0:35843|dataStream:|priority:0|startupRole:FOLLOWER, s6|rpc:0.0.0.0:43509|dataStream:|priority:0|startupRole:FOLLOWER, s7|rpc:0.0.0.0:36409|dataStream:|priority:0|startupRole:FOLLOWER, s8|rpc:0.0.0.0:41505|dataStream:|priority:0|startupRole:FOLLOWER, s9|rpc:0.0.0.0:34365|dataStream:|priority:0|startupRole:FOLLOWER, s11|rpc:0.0.0.0:44621|dataStream:|priority:0|startupRole:FOLLOWER, s10|rpc:0.0.0.0:43353|dataStream:|priority:0|startupRole:FOLLOWER, s13|rpc:0.0.0.0:33759|dataStream:|priority:0|startupRole:FOLLOWER, s12|rpc:0.0.0.0:43391|dataStream:|priority:0|startupRole:FOLLOWER, s14|rpc:0.0.0.0:41557|dataStream:|priority:0|startupRole:FOLLOWER, s0|rpc:0.0.0.0:45573|dataStream:|priority:0|startupRole:FOLLOWER, s1|rpc:0.0.0.0:34621|dataStream:|priority:0|startupRole:FOLLOWER, s2|rpc:0.0.0.0:40769|dataStream:|priority:0|startupRole:FOLLOWER]|listeners:[], old=peers:[s11|rpc:0.0.0.0:44621|dataStream:|priority:0|startupRole:FOLLOWER, s13|rpc:0.0.0.0:33759|dataStream:|priority:0|startupRole:FOLLOWER, s12|rpc:0.0.0.0:43391|dataStream:|priority:0|startupRole:FOLLOWER]|listeners:[]
2023-03-07 04:41:26,150 DEBUG server.RaftServer$Division (RaftServerImpl.java:logAppendEntries(1429)) - s3@group-A82F1EDBF13F: succeeded to handle AppendEntries. Reply: s11<-s3#7415:OK-t1,SUCCESS,nextIndex=122,followerCommit=120,matchIndex=121
2023-03-07 04:41:26,150 DEBUG server.RaftServer$Division (RaftServerImpl.java:logAppendEntries(1429)) - s14@group-A82F1EDBF13F: succeeded to handle AppendEntries. Reply: s11<-s14#7417:OK-t1,SUCCESS,nextIndex=122,followerCommit=120,matchIndex=121
2023-03-07 04:41:26,152 DEBUG server.RaftServer$Division (RaftServerImpl.java:logAppendEntries(1429)) - s5@group-A82F1EDBF13F: succeeded to handle AppendEntries. Reply: s11<-s5#7411:OK-t1,SUCCESS,nextIndex=122,followerCommit=120,matchIndex=121
2023-03-07 04:41:26,148 INFO  server.RaftServer$Division (ServerState.java:setRaftConf(378)) - s4@group-A82F1EDBF13F: set configuration 121: peers:[s3|rpc:0.0.0.0:43243|dataStream:|priority:0|startupRole:FOLLOWER, s4|rpc:0.0.0.0:34427|dataStream:|priority:0|startupRole:FOLLOWER, s5|rpc:0.0.0.0:35843|dataStream:|priority:0|startupRole:FOLLOWER, s6|rpc:0.0.0.0:43509|dataStream:|priority:0|startupRole:FOLLOWER, s7|rpc:0.0.0.0:36409|dataStream:|priority:0|startupRole:FOLLOWER, s8|rpc:0.0.0.0:41505|dataStream:|priority:0|startupRole:FOLLOWER, s9|rpc:0.0.0.0:34365|dataStream:|priority:0|startupRole:FOLLOWER, s11|rpc:0.0.0.0:44621|dataStream:|priority:0|startupRole:FOLLOWER, s10|rpc:0.0.0.0:43353|dataStream:|priority:0|startupRole:FOLLOWER, s13|rpc:0.0.0.0:33759|dataStream:|priority:0|startupRole:FOLLOWER, s12|rpc:0.0.0.0:43391|dataStream:|priority:0|startupRole:FOLLOWER, s14|rpc:0.0.0.0:41557|dataStream:|priority:0|startupRole:FOLLOWER, s0|rpc:0.0.0.0:45573|dataStream:|priority:0|startupRole:FOLLOWER, s1|rpc:0.0.0.0:34621|dataStream:|priority:0|startupRole:FOLLOWER, s2|rpc:0.0.0.0:40769|dataStream:|priority:0|startupRole:FOLLOWER]|listeners:[], old=peers:[s11|rpc:0.0.0.0:44621|dataStream:|priority:0|startupRole:FOLLOWER, s13|rpc:0.0.0.0:33759|dataStream:|priority:0|startupRole:FOLLOWER, s12|rpc:0.0.0.0:43391|dataStream:|priority:0|startupRole:FOLLOWER]|listeners:[]
2023-03-07 04:41:26,156 DEBUG server.RaftServer$Division (RaftServerImpl.java:logAppendEntries(1429)) - s4@group-A82F1EDBF13F: succeeded to handle AppendEntries. Reply: s11<-s4#7416:OK-t1,SUCCESS,nextIndex=122,followerCommit=120,matchIndex=121
2023-03-07 04:41:26,157 INFO  server.RaftServer$Division (ServerState.java:setRaftConf(378)) - s11@group-A82F1EDBF13F: set configuration 123: peers:[s3|rpc:0.0.0.0:43243|dataStream:|priority:0|startupRole:FOLLOWER, s4|rpc:0.0.0.0:34427|dataStream:|priority:0|startupRole:FOLLOWER, s5|rpc:0.0.0.0:35843|dataStream:|priority:0|startupRole:FOLLOWER, s6|rpc:0.0.0.0:43509|dataStream:|priority:0|startupRole:FOLLOWER, s7|rpc:0.0.0.0:36409|dataStream:|priority:0|startupRole:FOLLOWER, s8|rpc:0.0.0.0:41505|dataStream:|priority:0|startupRole:FOLLOWER, s9|rpc:0.0.0.0:34365|dataStream:|priority:0|startupRole:FOLLOWER, s11|rpc:0.0.0.0:44621|dataStream:|priority:0|startupRole:FOLLOWER, s10|rpc:0.0.0.0:43353|dataStream:|priority:0|startupRole:FOLLOWER, s13|rpc:0.0.0.0:33759|dataStream:|priority:0|startupRole:FOLLOWER, s12|rpc:0.0.0.0:43391|dataStream:|priority:0|startupRole:FOLLOWER, s14|rpc:0.0.0.0:41557|dataStream:|priority:0|startupRole:FOLLOWER, s0|rpc:0.0.0.0:45573|dataStream:|priority:0|startupRole:FOLLOWER, s1|rpc:0.0.0.0:34621|dataStream:|priority:0|startupRole:FOLLOWER, s2|rpc:0.0.0.0:40769|dataStream:|priority:0|startupRole:FOLLOWER]|listeners:[], old=null
2023-03-07 04:41:26,157 DEBUG server.RaftServer$Division (RaftServerImpl.java:logAppendEntries(1429)) - s14@group-A82F1EDBF13F: receive appendEntries(s11, 1, (t:1, i:121), 121, true, commits:[s11:c121, s13:c120, s12:c120, s3:c120, s4:c120, s5:c120, s10:c120, s6:c-1, s7:c-1, s8:c120, s9:c120, s14:c120, s0:c120, s1:c-1, s2:c-1], cId:7418, entries: [(t:1, i:122), METADATAENTRY(c:121), (t:1, i:123), CONFIGURATIONENTRY(current:id: "s3"
address: "0.0.0.0:43243"
clientAddress: "0.0.0.0:43243"
adminAddress: "0.0.0.0:43243"
startupRole: FOLLOWER
,id: "s4"
address: "0.0.0.0:34427"
clientAddress: "0.0.0.0:34427"
adminAddress: "0.0.0.0:34427"
startupRole: FOLLOWER
,id: "s5"
address: "0.0.0.0:35843"
clientAddress: "0.0.0.0:35843"
adminAddress: "0.0.0.0:35843"
startupRole: FOLLOWER
,id: "s6"
address: "0.0.0.0:43509"
clientAddress: "0.0.0.0:43509"
adminAddress: "0.0.0.0:43509"
startupRole: FOLLOWER
,id: "s7"
address: "0.0.0.0:36409"
clientAddress: "0.0.0.0:36409"
adminAddress: "0.0.0.0:36409"
startupRole: FOLLOWER
,id: "s8"
address: "0.0.0.0:41505"
clientAddress: "0.0.0.0:41505"
adminAddress: "0.0.0.0:41505"
startupRole: FOLLOWER
,id: "s9"
address: "0.0.0.0:34365"
clientAddress: "0.0.0.0:34365"
adminAddress: "0.0.0.0:34365"
startupRole: FOLLOWER
,id: "s11"
address: "0.0.0.0:44621"
clientAddress: "0.0.0.0:44621"
adminAddress: "0.0.0.0:44621"
startupRole: FOLLOWER
,id: "s10"
address: "0.0.0.0:43353"
clientAddress: "0.0.0.0:43353"
adminAddress: "0.0.0.0:43353"
startupRole: FOLLOWER
,id: "s13"
address: "0.0.0.0:33759"
clientAddress: "0.0.0.0:33759"
adminAddress: "0.0.0.0:33759"
startupRole: FOLLOWER
,id: "s12"
address: "0.0.0.0:43391"
clientAddress: "0.0.0.0:43391"
adminAddress: "0.0.0.0:43391"
startupRole: FOLLOWER
,id: "s14"
address: "0.0.0.0:41557"
clientAddress: "0.0.0.0:41557"
adminAddress: "0.0.0.0:41557"
startupRole: FOLLOWER
,id: "s0"
address: "0.0.0.0:45573"
clientAddress: "0.0.0.0:45573"
adminAddress: "0.0.0.0:45573"
startupRole: FOLLOWER
,id: "s1"
address: "0.0.0.0:34621"
clientAddress: "0.0.0.0:34621"
adminAddress: "0.0.0.0:34621"
startupRole: FOLLOWER
,id: "s2"
address: "0.0.0.0:40769"
clientAddress: "0.0.0.0:40769"
adminAddress: "0.0.0.0:40769"
startupRole: FOLLOWER
, old:)]
2023-03-07 04:41:26,168 INFO  server.RaftServer$Division (ServerState.java:setRaftConf(378)) - s14@group-A82F1EDBF13F: set configuration 123: peers:[s3|rpc:0.0.0.0:43243|dataStream:|priority:0|startupRole:FOLLOWER, s4|rpc:0.0.0.0:34427|dataStream:|priority:0|startupRole:FOLLOWER, s5|rpc:0.0.0.0:35843|dataStream:|priority:0|startupRole:FOLLOWER, s6|rpc:0.0.0.0:43509|dataStream:|priority:0|startupRole:FOLLOWER, s7|rpc:0.0.0.0:36409|dataStream:|priority:0|startupRole:FOLLOWER, s8|rpc:0.0.0.0:41505|dataStream:|priority:0|startupRole:FOLLOWER, s9|rpc:0.0.0.0:34365|dataStream:|priority:0|startupRole:FOLLOWER, s11|rpc:0.0.0.0:44621|dataStream:|priority:0|startupRole:FOLLOWER, s10|rpc:0.0.0.0:43353|dataStream:|priority:0|startupRole:FOLLOWER, s13|rpc:0.0.0.0:33759|dataStream:|priority:0|startupRole:FOLLOWER, s12|rpc:0.0.0.0:43391|dataStream:|priority:0|startupRole:FOLLOWER, s14|rpc:0.0.0.0:41557|dataStream:|priority:0|startupRole:FOLLOWER, s0|rpc:0.0.0.0:45573|dataStream:|priority:0|startupRole:FOLLOWER, s1|rpc:0.0.0.0:34621|dataStream:|priority:0|startupRole:FOLLOWER, s2|rpc:0.0.0.0:40769|dataStream:|priority:0|startupRole:FOLLOWER]|listeners:[], old=null
2023-03-07 04:41:26,168 DEBUG server.RaftServer$Division (RaftServerImpl.java:logAppendEntries(1429)) - s4@group-A82F1EDBF13F: receive appendEntries(s11, 1, (t:1, i:121), 121, true, commits:[s11:c121, s13:c120, s12:c120, s3:c120, s4:c120, s5:c120, s10:c120, s6:c-1, s7:c-1, s8:c120, s9:c120, s14:c120, s0:c120, s1:c-1, s2:c-1], cId:7424, entries: [(t:1, i:122), METADATAENTRY(c:121), (t:1, i:123), CONFIGURATIONENTRY(current:id: "s3"
address: "0.0.0.0:43243"
clientAddress: "0.0.0.0:43243"
adminAddress: "0.0.0.0:43243"
startupRole: FOLLOWER
,id: "s4"
address: "0.0.0.0:34427"
clientAddress: "0.0.0.0:34427"
adminAddress: "0.0.0.0:34427"
startupRole: FOLLOWER
,id: "s5"
address: "0.0.0.0:35843"
clientAddress: "0.0.0.0:35843"
adminAddress: "0.0.0.0:35843"
startupRole: FOLLOWER
,id: "s6"
address: "0.0.0.0:43509"
clientAddress: "0.0.0.0:43509"
adminAddress: "0.0.0.0:43509"
startupRole: FOLLOWER
,id: "s7"
address: "0.0.0.0:36409"
clientAddress: "0.0.0.0:36409"
adminAddress: "0.0.0.0:36409"
startupRole: FOLLOWER
,id: "s8"
address: "0.0.0.0:41505"
clientAddress: "0.0.0.0:41505"
adminAddress: "0.0.0.0:41505"
startupRole: FOLLOWER
,id: "s9"
address: "0.0.0.0:34365"
clientAddress: "0.0.0.0:34365"
adminAddress: "0.0.0.0:34365"
startupRole: FOLLOWER
,id: "s11"
address: "0.0.0.0:44621"
clientAddress: "0.0.0.0:44621"
adminAddress: "0.0.0.0:44621"
startupRole: FOLLOWER
,id: "s10"
address: "0.0.0.0:43353"
clientAddress: "0.0.0.0:43353"
adminAddress: "0.0.0.0:43353"
startupRole: FOLLOWER
,id: "s13"
address: "0.0.0.0:33759"
clientAddress: "0.0.0.0:33759"
adminAddress: "0.0.0.0:33759"
startupRole: FOLLOWER
,id: "s12"
address: "0.0.0.0:43391"
clientAddress: "0.0.0.0:43391"
adminAddress: "0.0.0.0:43391"
startupRole: FOLLOWER
,id: "s14"
address: "0.0.0.0:41557"
clientAddress: "0.0.0.0:41557"
adminAddress: "0.0.0.0:41557"
startupRole: FOLLOWER
,id: "s0"
address: "0.0.0.0:45573"
clientAddress: "0.0.0.0:45573"
adminAddress: "0.0.0.0:45573"
startupRole: FOLLOWER
,id: "s1"
address: "0.0.0.0:34621"
clientAddress: "0.0.0.0:34621"
adminAddress: "0.0.0.0:34621"
startupRole: FOLLOWER
,id: "s2"
address: "0.0.0.0:40769"
clientAddress: "0.0.0.0:40769"
adminAddress: "0.0.0.0:40769"
startupRole: FOLLOWER
, old:)]
2023-03-07 04:41:26,169 INFO  server.RaftServer$Division (ServerState.java:setRaftConf(378)) - s4@group-A82F1EDBF13F: set configuration 123: peers:[s3|rpc:0.0.0.0:43243|dataStream:|priority:0|startupRole:FOLLOWER, s4|rpc:0.0.0.0:34427|dataStream:|priority:0|startupRole:FOLLOWER, s5|rpc:0.0.0.0:35843|dataStream:|priority:0|startupRole:FOLLOWER, s6|rpc:0.0.0.0:43509|dataStream:|priority:0|startupRole:FOLLOWER, s7|rpc:0.0.0.0:36409|dataStream:|priority:0|startupRole:FOLLOWER, s8|rpc:0.0.0.0:41505|dataStream:|priority:0|startupRole:FOLLOWER, s9|rpc:0.0.0.0:34365|dataStream:|priority:0|startupRole:FOLLOWER, s11|rpc:0.0.0.0:44621|dataStream:|priority:0|startupRole:FOLLOWER, s10|rpc:0.0.0.0:43353|dataStream:|priority:0|startupRole:FOLLOWER, s13|rpc:0.0.0.0:33759|dataStream:|priority:0|startupRole:FOLLOWER, s12|rpc:0.0.0.0:43391|dataStream:|priority:0|startupRole:FOLLOWER, s14|rpc:0.0.0.0:41557|dataStream:|priority:0|startupRole:FOLLOWER, s0|rpc:0.0.0.0:45573|dataStream:|priority:0|startupRole:FOLLOWER, s1|rpc:0.0.0.0:34621|dataStream:|priority:0|startupRole:FOLLOWER, s2|rpc:0.0.0.0:40769|dataStream:|priority:0|startupRole:FOLLOWER]|listeners:[], old=null
2023-03-07 04:41:26,169 DEBUG server.RaftServer$Division (RaftServerImpl.java:logAppendEntries(1429)) - s14@group-A82F1EDBF13F: succeeded to handle AppendEntries. Reply: s11<-s14#7418:OK-t1,SUCCESS,nextIndex=124,followerCommit=121,matchIndex=123
2023-03-07 04:41:26,169 DEBUG server.RaftServer$Division (RaftServerImpl.java:logAppendEntries(1429)) - s4@group-A82F1EDBF13F: succeeded to handle AppendEntries. Reply: s11<-s4#7424:OK-t1,SUCCESS,nextIndex=124,followerCommit=121,matchIndex=123
2023-03-07 04:41:26,167 INFO  segmented.SegmentedRaftLogWorker (SegmentedRaftLogWorker.java:execute(630)) - s2@group-A82F1EDBF13F-SegmentedRaftLogWorker: created new log segment /home/runner/work/ratis/ratis/ratis-examples/target/test/data/fa33b8e4/MiniRaftClusterWithNettye7083e71/s2/b7243742-f885-4ba8-ad2e-a82f1edbf13f/current/log_inprogress_0
2023-03-07 04:41:26,171 DEBUG server.RaftServer$Division (RaftServerImpl.java:logAppendEntries(1429)) - s2@group-A82F1EDBF13F: succeeded to handle AppendEntries. Reply: s11<-s2#7406:OK-t1,SUCCESS,nextIndex=121,followerCommit=120,matchIndex=120
2023-03-07 04:41:26,172 INFO  segmented.SegmentedRaftLogWorker (SegmentedRaftLogWorker.java:execute(630)) - s6@group-A82F1EDBF13F-SegmentedRaftLogWorker: created new log segment /home/runner/work/ratis/ratis/ratis-examples/target/test/data/fa33b8e4/MiniRaftClusterWithNettye7083e71/s6/b7243742-f885-4ba8-ad2e-a82f1edbf13f/current/log_inprogress_0
2023-03-07 04:41:26,173 DEBUG server.RaftServer$Division (RaftServerImpl.java:logAppendEntries(1429)) - s2@group-A82F1EDBF13F: receive appendEntries(s11, 1, (t:1, i:120), 121, true, commits:[s11:c121, s13:c120, s12:c120, s3:c120, s4:c121, s5:c120, s10:c120, s6:c-1, s7:c-1, s8:c120, s9:c120, s14:c121, s0:c120, s1:c-1, s2:c120], cId:7425, entries: [(t:1, i:121), CONFIGURATIONENTRY(current:id: "s3"
address: "0.0.0.0:43243"
clientAddress: "0.0.0.0:43243"
adminAddress: "0.0.0.0:43243"
startupRole: FOLLOWER
,id: "s4"
address: "0.0.0.0:34427"
clientAddress: "0.0.0.0:34427"
adminAddress: "0.0.0.0:34427"
startupRole: FOLLOWER
,id: "s5"
address: "0.0.0.0:35843"
clientAddress: "0.0.0.0:35843"
adminAddress: "0.0.0.0:35843"
startupRole: FOLLOWER
,id: "s6"
address: "0.0.0.0:43509"
clientAddress: "0.0.0.0:43509"
adminAddress: "0.0.0.0:43509"
startupRole: FOLLOWER
,id: "s7"
address: "0.0.0.0:36409"
clientAddress: "0.0.0.0:36409"
adminAddress: "0.0.0.0:36409"
startupRole: FOLLOWER
,id: "s8"
address: "0.0.0.0:41505"
clientAddress: "0.0.0.0:41505"
adminAddress: "0.0.0.0:41505"
startupRole: FOLLOWER
,id: "s9"
address: "0.0.0.0:34365"
clientAddress: "0.0.0.0:34365"
adminAddress: "0.0.0.0:34365"
startupRole: FOLLOWER
,id: "s11"
address: "0.0.0.0:44621"
clientAddress: "0.0.0.0:44621"
adminAddress: "0.0.0.0:44621"
startupRole: FOLLOWER
,id: "s10"
address: "0.0.0.0:43353"
clientAddress: "0.0.0.0:43353"
adminAddress: "0.0.0.0:43353"
startupRole: FOLLOWER
,id: "s13"
address: "0.0.0.0:33759"
clientAddress: "0.0.0.0:33759"
adminAddress: "0.0.0.0:33759"
startupRole: FOLLOWER
,id: "s12"
address: "0.0.0.0:43391"
clientAddress: "0.0.0.0:43391"
adminAddress: "0.0.0.0:43391"
startupRole: FOLLOWER
,id: "s14"
address: "0.0.0.0:41557"
clientAddress: "0.0.0.0:41557"
adminAddress: "0.0.0.0:41557"
startupRole: FOLLOWER
,id: "s0"
address: "0.0.0.0:45573"
clientAddress: "0.0.0.0:45573"
adminAddress: "0.0.0.0:45573"
startupRole: FOLLOWER
,id: "s1"
address: "0.0.0.0:34621"
clientAddress: "0.0.0.0:34621"
adminAddress: "0.0.0.0:34621"
startupRole: FOLLOWER
,id: "s2"
address: "0.0.0.0:40769"
clientAddress: "0.0.0.0:40769"
adminAddress: "0.0.0.0:40769"
startupRole: FOLLOWER
, old:id: "s11"
address: "0.0.0.0:44621"
clientAddress: "0.0.0.0:44621"
adminAddress: "0.0.0.0:44621"
startupRole: FOLLOWER
,id: "s13"
address: "0.0.0.0:33759"
clientAddress: "0.0.0.0:33759"
adminAddress: "0.0.0.0:33759"
startupRole: FOLLOWER
,id: "s12"
address: "0.0.0.0:43391"
clientAddress: "0.0.0.0:43391"
adminAddress: "0.0.0.0:43391"
startupRole: FOLLOWER
), (t:1, i:122), METADATAENTRY(c:121), (t:1, i:123), CONFIGURATIONENTRY(current:id: "s3"
address: "0.0.0.0:43243"
clientAddress: "0.0.0.0:43243"
adminAddress: "0.0.0.0:43243"
startupRole: FOLLOWER
,id: "s4"
address: "0.0.0.0:34427"
clientAddress: "0.0.0.0:34427"
adminAddress: "0.0.0.0:34427"
startupRole: FOLLOWER
,id: "s5"
address: "0.0.0.0:35843"
clientAddress: "0.0.0.0:35843"
adminAddress: "0.0.0.0:35843"
startupRole: FOLLOWER
,id: "s6"
address: "0.0.0.0:43509"
clientAddress: "0.0.0.0:43509"
adminAddress: "0.0.0.0:43509"
startupRole: FOLLOWER
,id: "s7"
address: "0.0.0.0:36409"
clientAddress: "0.0.0.0:36409"
adminAddress: "0.0.0.0:36409"
startupRole: FOLLOWER
,id: "s8"
address: "0.0.0.0:41505"
clientAddress: "0.0.0.0:41505"
adminAddress: "0.0.0.0:41505"
startupRole: FOLLOWER
,id: "s9"
address: "0.0.0.0:34365"
clientAddress: "0.0.0.0:34365"
adminAddress: "0.0.0.0:34365"
startupRole: FOLLOWER
,id: "s11"
address: "0.0.0.0:44621"
clientAddress: "0.0.0.0:44621"
adminAddress: "0.0.0.0:44621"
startupRole: FOLLOWER
,id: "s10"
address: "0.0.0.0:43353"
clientAddress: "0.0.0.0:43353"
adminAddress: "0.0.0.0:43353"
startupRole: FOLLOWER
,id: "s13"
address: "0.0.0.0:33759"
clientAddress: "0.0.0.0:33759"
adminAddress: "0.0.0.0:33759"
startupRole: FOLLOWER
,id: "s12"
address: "0.0.0.0:43391"
clientAddress: "0.0.0.0:43391"
adminAddress: "0.0.0.0:43391"
startupRole: FOLLOWER
,id: "s14"
address: "0.0.0.0:41557"
clientAddress: "0.0.0.0:41557"
adminAddress: "0.0.0.0:41557"
startupRole: FOLLOWER
,id: "s0"
address: "0.0.0.0:45573"
clientAddress: "0.0.0.0:45573"
adminAddress: "0.0.0.0:45573"
startupRole: FOLLOWER
,id: "s1"
address: "0.0.0.0:34621"
clientAddress: "0.0.0.0:34621"
adminAddress: "0.0.0.0:34621"
startupRole: FOLLOWER
,id: "s2"
address: "0.0.0.0:40769"
clientAddress: "0.0.0.0:40769"
adminAddress: "0.0.0.0:40769"
startupRole: FOLLOWER
, old:)]
2023-03-07 04:41:26,173 INFO  server.RaftServer$Division (ServerState.java:setRaftConf(378)) - s2@group-A82F1EDBF13F: set configuration 121: peers:[s3|rpc:0.0.0.0:43243|dataStream:|priority:0|startupRole:FOLLOWER, s4|rpc:0.0.0.0:34427|dataStream:|priority:0|startupRole:FOLLOWER, s5|rpc:0.0.0.0:35843|dataStream:|priority:0|startupRole:FOLLOWER, s6|rpc:0.0.0.0:43509|dataStream:|priority:0|startupRole:FOLLOWER, s7|rpc:0.0.0.0:36409|dataStream:|priority:0|startupRole:FOLLOWER, s8|rpc:0.0.0.0:41505|dataStream:|priority:0|startupRole:FOLLOWER, s9|rpc:0.0.0.0:34365|dataStream:|priority:0|startupRole:FOLLOWER, s11|rpc:0.0.0.0:44621|dataStream:|priority:0|startupRole:FOLLOWER, s10|rpc:0.0.0.0:43353|dataStream:|priority:0|startupRole:FOLLOWER, s13|rpc:0.0.0.0:33759|dataStream:|priority:0|startupRole:FOLLOWER, s12|rpc:0.0.0.0:43391|dataStream:|priority:0|startupRole:FOLLOWER, s14|rpc:0.0.0.0:41557|dataStream:|priority:0|startupRole:FOLLOWER, s0|rpc:0.0.0.0:45573|dataStream:|priority:0|startupRole:FOLLOWER, s1|rpc:0.0.0.0:34621|dataStream:|priority:0|startupRole:FOLLOWER, s2|rpc:0.0.0.0:40769|dataStream:|priority:0|startupRole:FOLLOWER]|listeners:[], old=peers:[s11|rpc:0.0.0.0:44621|dataStream:|priority:0|startupRole:FOLLOWER, s13|rpc:0.0.0.0:33759|dataStream:|priority:0|startupRole:FOLLOWER, s12|rpc:0.0.0.0:43391|dataStream:|priority:0|startupRole:FOLLOWER]|listeners:[]
2023-03-07 04:41:26,173 INFO  server.RaftServer$Division (ServerState.java:setRaftConf(378)) - s2@group-A82F1EDBF13F: set configuration 123: peers:[s3|rpc:0.0.0.0:43243|dataStream:|priority:0|startupRole:FOLLOWER, s4|rpc:0.0.0.0:34427|dataStream:|priority:0|startupRole:FOLLOWER, s5|rpc:0.0.0.0:35843|dataStream:|priority:0|startupRole:FOLLOWER, s6|rpc:0.0.0.0:43509|dataStream:|priority:0|startupRole:FOLLOWER, s7|rpc:0.0.0.0:36409|dataStream:|priority:0|startupRole:FOLLOWER, s8|rpc:0.0.0.0:41505|dataStream:|priority:0|startupRole:FOLLOWER, s9|rpc:0.0.0.0:34365|dataStream:|priority:0|startupRole:FOLLOWER, s11|rpc:0.0.0.0:44621|dataStream:|priority:0|startupRole:FOLLOWER, s10|rpc:0.0.0.0:43353|dataStream:|priority:0|startupRole:FOLLOWER, s13|rpc:0.0.0.0:33759|dataStream:|priority:0|startupRole:FOLLOWER, s12|rpc:0.0.0.0:43391|dataStream:|priority:0|startupRole:FOLLOWER, s14|rpc:0.0.0.0:41557|dataStream:|priority:0|startupRole:FOLLOWER, s0|rpc:0.0.0.0:45573|dataStream:|priority:0|startupRole:FOLLOWER, s1|rpc:0.0.0.0:34621|dataStream:|priority:0|startupRole:FOLLOWER, s2|rpc:0.0.0.0:40769|dataStream:|priority:0|startupRole:FOLLOWER]|listeners:[], old=null
2023-03-07 04:41:26,176 DEBUG server.RaftServer$Division (RaftServerImpl.java:logAppendEntries(1429)) - s13@group-A82F1EDBF13F: receive appendEntries(s11, 1, (t:1, i:121), 121, true, commits:[s11:c121, s13:c120, s12:c120, s3:c120, s4:c120, s5:c120, s10:c120, s6:c-1, s7:c-1, s8:c120, s9:c120, s14:c120, s0:c120, s1:c-1, s2:c-1], cId:7420, entries: [(t:1, i:122), METADATAENTRY(c:121), (t:1, i:123), CONFIGURATIONENTRY(current:id: "s3"
address: "0.0.0.0:43243"
clientAddress: "0.0.0.0:43243"
adminAddress: "0.0.0.0:43243"
startupRole: FOLLOWER
,id: "s4"
address: "0.0.0.0:34427"
clientAddress: "0.0.0.0:34427"
adminAddress: "0.0.0.0:34427"
startupRole: FOLLOWER
,id: "s5"
address: "0.0.0.0:35843"
clientAddress: "0.0.0.0:35843"
adminAddress: "0.0.0.0:35843"
startupRole: FOLLOWER
,id: "s6"
address: "0.0.0.0:43509"
clientAddress: "0.0.0.0:43509"
adminAddress: "0.0.0.0:43509"
startupRole: FOLLOWER
,id: "s7"
address: "0.0.0.0:36409"
clientAddress: "0.0.0.0:36409"
adminAddress: "0.0.0.0:36409"
startupRole: FOLLOWER
,id: "s8"
address: "0.0.0.0:41505"
clientAddress: "0.0.0.0:41505"
adminAddress: "0.0.0.0:41505"
startupRole: FOLLOWER
,id: "s9"
address: "0.0.0.0:34365"
clientAddress: "0.0.0.0:34365"
adminAddress: "0.0.0.0:34365"
startupRole: FOLLOWER
,id: "s11"
address: "0.0.0.0:44621"
clientAddress: "0.0.0.0:44621"
adminAddress: "0.0.0.0:44621"
startupRole: FOLLOWER
,id: "s10"
address: "0.0.0.0:43353"
clientAddress: "0.0.0.0:43353"
adminAddress: "0.0.0.0:43353"
startupRole: FOLLOWER
,id: "s13"
address: "0.0.0.0:33759"
clientAddress: "0.0.0.0:33759"
adminAddress: "0.0.0.0:33759"
startupRole: FOLLOWER
,id: "s12"
address: "0.0.0.0:43391"
clientAddress: "0.0.0.0:43391"
adminAddress: "0.0.0.0:43391"
startupRole: FOLLOWER
,id: "s14"
address: "0.0.0.0:41557"
clientAddress: "0.0.0.0:41557"
adminAddress: "0.0.0.0:41557"
startupRole: FOLLOWER
,id: "s0"
address: "0.0.0.0:45573"
clientAddress: "0.0.0.0:45573"
adminAddress: "0.0.0.0:45573"
startupRole: FOLLOWER
,id: "s1"
address: "0.0.0.0:34621"
clientAddress: "0.0.0.0:34621"
adminAddress: "0.0.0.0:34621"
startupRole: FOLLOWER
,id: "s2"
address: "0.0.0.0:40769"
clientAddress: "0.0.0.0:40769"
adminAddress: "0.0.0.0:40769"
startupRole: FOLLOWER
, old:)]
2023-03-07 04:41:26,176 INFO  server.RaftServer$Division (ServerState.java:setRaftConf(378)) - s13@group-A82F1EDBF13F: set configuration 123: peers:[s3|rpc:0.0.0.0:43243|dataStream:|priority:0|startupRole:FOLLOWER, s4|rpc:0.0.0.0:34427|dataStream:|priority:0|startupRole:FOLLOWER, s5|rpc:0.0.0.0:35843|dataStream:|priority:0|startupRole:FOLLOWER, s6|rpc:0.0.0.0:43509|dataStream:|priority:0|startupRole:FOLLOWER, s7|rpc:0.0.0.0:36409|dataStream:|priority:0|startupRole:FOLLOWER, s8|rpc:0.0.0.0:41505|dataStream:|priority:0|startupRole:FOLLOWER, s9|rpc:0.0.0.0:34365|dataStream:|priority:0|startupRole:FOLLOWER, s11|rpc:0.0.0.0:44621|dataStream:|priority:0|startupRole:FOLLOWER, s10|rpc:0.0.0.0:43353|dataStream:|priority:0|startupRole:FOLLOWER, s13|rpc:0.0.0.0:33759|dataStream:|priority:0|startupRole:FOLLOWER, s12|rpc:0.0.0.0:43391|dataStream:|priority:0|startupRole:FOLLOWER, s14|rpc:0.0.0.0:41557|dataStream:|priority:0|startupRole:FOLLOWER, s0|rpc:0.0.0.0:45573|dataStream:|priority:0|startupRole:FOLLOWER, s1|rpc:0.0.0.0:34621|dataStream:|priority:0|startupRole:FOLLOWER, s2|rpc:0.0.0.0:40769|dataStream:|priority:0|startupRole:FOLLOWER]|listeners:[], old=null
2023-03-07 04:41:26,176 DEBUG server.RaftServer$Division (RaftServerImpl.java:logAppendEntries(1429)) - s6@group-A82F1EDBF13F: succeeded to handle AppendEntries. Reply: s11<-s6#7405:OK-t1,SUCCESS,nextIndex=121,followerCommit=120,matchIndex=120
2023-03-07 04:41:26,176 DEBUG server.RaftServer$Division (RaftServerImpl.java:logAppendEntries(1429)) - s12@group-A82F1EDBF13F: receive appendEntries(s11, 1, (t:1, i:121), 121, true, commits:[s11:c121, s13:c120, s12:c120, s3:c120, s4:c120, s5:c120, s10:c120, s6:c-1, s7:c-1, s8:c120, s9:c120, s14:c120, s0:c120, s1:c-1, s2:c-1], cId:7419, entries: [(t:1, i:122), METADATAENTRY(c:121), (t:1, i:123), CONFIGURATIONENTRY(current:id: "s3"
address: "0.0.0.0:43243"
clientAddress: "0.0.0.0:43243"
adminAddress: "0.0.0.0:43243"
startupRole: FOLLOWER
,id: "s4"
address: "0.0.0.0:34427"
clientAddress: "0.0.0.0:34427"
adminAddress: "0.0.0.0:34427"
startupRole: FOLLOWER
,id: "s5"
address: "0.0.0.0:35843"
clientAddress: "0.0.0.0:35843"
adminAddress: "0.0.0.0:35843"
startupRole: FOLLOWER
,id: "s6"
address: "0.0.0.0:43509"
clientAddress: "0.0.0.0:43509"
adminAddress: "0.0.0.0:43509"
startupRole: FOLLOWER
,id: "s7"
address: "0.0.0.0:36409"
clientAddress: "0.0.0.0:36409"
adminAddress: "0.0.0.0:36409"
startupRole: FOLLOWER
,id: "s8"
address: "0.0.0.0:41505"
clientAddress: "0.0.0.0:41505"
adminAddress: "0.0.0.0:41505"
startupRole: FOLLOWER
,id: "s9"
address: "0.0.0.0:34365"
clientAddress: "0.0.0.0:34365"
adminAddress: "0.0.0.0:34365"
startupRole: FOLLOWER
,id: "s11"
address: "0.0.0.0:44621"
clientAddress: "0.0.0.0:44621"
adminAddress: "0.0.0.0:44621"
startupRole: FOLLOWER
,id: "s10"
address: "0.0.0.0:43353"
clientAddress: "0.0.0.0:43353"
adminAddress: "0.0.0.0:43353"
startupRole: FOLLOWER
,id: "s13"
address: "0.0.0.0:33759"
clientAddress: "0.0.0.0:33759"
adminAddress: "0.0.0.0:33759"
startupRole: FOLLOWER
,id: "s12"
address: "0.0.0.0:43391"
clientAddress: "0.0.0.0:43391"
adminAddress: "0.0.0.0:43391"
startupRole: FOLLOWER
,id: "s14"
address: "0.0.0.0:41557"
clientAddress: "0.0.0.0:41557"
adminAddress: "0.0.0.0:41557"
startupRole: FOLLOWER
,id: "s0"
address: "0.0.0.0:45573"
clientAddress: "0.0.0.0:45573"
adminAddress: "0.0.0.0:45573"
startupRole: FOLLOWER
,id: "s1"
address: "0.0.0.0:34621"
clientAddress: "0.0.0.0:34621"
adminAddress: "0.0.0.0:34621"
startupRole: FOLLOWER
,id: "s2"
address: "0.0.0.0:40769"
clientAddress: "0.0.0.0:40769"
adminAddress: "0.0.0.0:40769"
startupRole: FOLLOWER
, old:)]
2023-03-07 04:41:26,176 INFO  server.RaftServer$Division (ServerState.java:setRaftConf(378)) - s12@group-A82F1EDBF13F: set configuration 123: peers:[s3|rpc:0.0.0.0:43243|dataStream:|priority:0|startupRole:FOLLOWER, s4|rpc:0.0.0.0:34427|dataStream:|priority:0|startupRole:FOLLOWER, s5|rpc:0.0.0.0:35843|dataStream:|priority:0|startupRole:FOLLOWER, s6|rpc:0.0.0.0:43509|dataStream:|priority:0|startupRole:FOLLOWER, s7|rpc:0.0.0.0:36409|dataStream:|priority:0|startupRole:FOLLOWER, s8|rpc:0.0.0.0:41505|dataStream:|priority:0|startupRole:FOLLOWER, s9|rpc:0.0.0.0:34365|dataStream:|priority:0|startupRole:FOLLOWER, s11|rpc:0.0.0.0:44621|dataStream:|priority:0|startupRole:FOLLOWER, s10|rpc:0.0.0.0:43353|dataStream:|priority:0|startupRole:FOLLOWER, s13|rpc:0.0.0.0:33759|dataStream:|priority:0|startupRole:FOLLOWER, s12|rpc:0.0.0.0:43391|dataStream:|priority:0|startupRole:FOLLOWER, s14|rpc:0.0.0.0:41557|dataStream:|priority:0|startupRole:FOLLOWER, s0|rpc:0.0.0.0:45573|dataStream:|priority:0|startupRole:FOLLOWER, s1|rpc:0.0.0.0:34621|dataStream:|priority:0|startupRole:FOLLOWER, s2|rpc:0.0.0.0:40769|dataStream:|priority:0|startupRole:FOLLOWER]|listeners:[], old=null
2023-03-07 04:41:26,177 DEBUG server.RaftServer$Division (RaftServerImpl.java:logAppendEntries(1429)) - s9@group-A82F1EDBF13F: receive appendEntries(s11, 1, (t:1, i:121), 121, true, commits:[s11:c121, s13:c120, s12:c120, s3:c120, s4:c120, s5:c120, s10:c120, s6:c-1, s7:c-1, s8:c120, s9:c120, s14:c120, s0:c120, s1:c-1, s2:c-1], cId:7421, entries: [(t:1, i:122), METADATAENTRY(c:121), (t:1, i:123), CONFIGURATIONENTRY(current:id: "s3"
address: "0.0.0.0:43243"
clientAddress: "0.0.0.0:43243"
adminAddress: "0.0.0.0:43243"
startupRole: FOLLOWER
,id: "s4"
address: "0.0.0.0:34427"
clientAddress: "0.0.0.0:34427"
adminAddress: "0.0.0.0:34427"
startupRole: FOLLOWER
,id: "s5"
address: "0.0.0.0:35843"
clientAddress: "0.0.0.0:35843"
adminAddress: "0.0.0.0:35843"
startupRole: FOLLOWER
,id: "s6"
address: "0.0.0.0:43509"
clientAddress: "0.0.0.0:43509"
adminAddress: "0.0.0.0:43509"
startupRole: FOLLOWER
,id: "s7"
address: "0.0.0.0:36409"
clientAddress: "0.0.0.0:36409"
adminAddress: "0.0.0.0:36409"
startupRole: FOLLOWER
,id: "s8"
address: "0.0.0.0:41505"
clientAddress: "0.0.0.0:41505"
adminAddress: "0.0.0.0:41505"
startupRole: FOLLOWER
,id: "s9"
address: "0.0.0.0:34365"
clientAddress: "0.0.0.0:34365"
adminAddress: "0.0.0.0:34365"
startupRole: FOLLOWER
,id: "s11"
address: "0.0.0.0:44621"
clientAddress: "0.0.0.0:44621"
adminAddress: "0.0.0.0:44621"
startupRole: FOLLOWER
,id: "s10"
address: "0.0.0.0:43353"
clientAddress: "0.0.0.0:43353"
adminAddress: "0.0.0.0:43353"
startupRole: FOLLOWER
,id: "s13"
address: "0.0.0.0:33759"
clientAddress: "0.0.0.0:33759"
adminAddress: "0.0.0.0:33759"
startupRole: FOLLOWER
,id: "s12"
address: "0.0.0.0:43391"
clientAddress: "0.0.0.0:43391"
adminAddress: "0.0.0.0:43391"
startupRole: FOLLOWER
,id: "s14"
address: "0.0.0.0:41557"
clientAddress: "0.0.0.0:41557"
adminAddress: "0.0.0.0:41557"
startupRole: FOLLOWER
,id: "s0"
address: "0.0.0.0:45573"
clientAddress: "0.0.0.0:45573"
adminAddress: "0.0.0.0:45573"
startupRole: FOLLOWER
,id: "s1"
address: "0.0.0.0:34621"
clientAddress: "0.0.0.0:34621"
adminAddress: "0.0.0.0:34621"
startupRole: FOLLOWER
,id: "s2"
address: "0.0.0.0:40769"
clientAddress: "0.0.0.0:40769"
adminAddress: "0.0.0.0:40769"
startupRole: FOLLOWER
, old:)]
2023-03-07 04:41:26,177 INFO  server.RaftServer$Division (ServerState.java:setRaftConf(378)) - s9@group-A82F1EDBF13F: set configuration 123: peers:[s3|rpc:0.0.0.0:43243|dataStream:|priority:0|startupRole:FOLLOWER, s4|rpc:0.0.0.0:34427|dataStream:|priority:0|startupRole:FOLLOWER, s5|rpc:0.0.0.0:35843|dataStream:|priority:0|startupRole:FOLLOWER, s6|rpc:0.0.0.0:43509|dataStream:|priority:0|startupRole:FOLLOWER, s7|rpc:0.0.0.0:36409|dataStream:|priority:0|startupRole:FOLLOWER, s8|rpc:0.0.0.0:41505|dataStream:|priority:0|startupRole:FOLLOWER, s9|rpc:0.0.0.0:34365|dataStream:|priority:0|startupRole:FOLLOWER, s11|rpc:0.0.0.0:44621|dataStream:|priority:0|startupRole:FOLLOWER, s10|rpc:0.0.0.0:43353|dataStream:|priority:0|startupRole:FOLLOWER, s13|rpc:0.0.0.0:33759|dataStream:|priority:0|startupRole:FOLLOWER, s12|rpc:0.0.0.0:43391|dataStream:|priority:0|startupRole:FOLLOWER, s14|rpc:0.0.0.0:41557|dataStream:|priority:0|startupRole:FOLLOWER, s0|rpc:0.0.0.0:45573|dataStream:|priority:0|startupRole:FOLLOWER, s1|rpc:0.0.0.0:34621|dataStream:|priority:0|startupRole:FOLLOWER, s2|rpc:0.0.0.0:40769|dataStream:|priority:0|startupRole:FOLLOWER]|listeners:[], old=null
2023-03-07 04:41:26,178 DEBUG server.RaftServer$Division (RaftServerImpl.java:logAppendEntries(1429)) - s5@group-A82F1EDBF13F: receive appendEntries(s11, 1, (t:1, i:121), 121, true, commits:[s11:c121, s13:c120, s12:c120, s3:c120, s4:c120, s5:c120, s10:c120, s6:c-1, s7:c-1, s8:c120, s9:c120, s14:c120, s0:c120, s1:c-1, s2:c-1], cId:7422, entries: [(t:1, i:122), METADATAENTRY(c:121), (t:1, i:123), CONFIGURATIONENTRY(current:id: "s3"
address: "0.0.0.0:43243"
clientAddress: "0.0.0.0:43243"
adminAddress: "0.0.0.0:43243"
startupRole: FOLLOWER
,id: "s4"
address: "0.0.0.0:34427"
clientAddress: "0.0.0.0:34427"
adminAddress: "0.0.0.0:34427"
startupRole: FOLLOWER
,id: "s5"
address: "0.0.0.0:35843"
clientAddress: "0.0.0.0:35843"
adminAddress: "0.0.0.0:35843"
startupRole: FOLLOWER
,id: "s6"
address: "0.0.0.0:43509"
clientAddress: "0.0.0.0:43509"
adminAddress: "0.0.0.0:43509"
startupRole: FOLLOWER
,id: "s7"
address: "0.0.0.0:36409"
clientAddress: "0.0.0.0:36409"
adminAddress: "0.0.0.0:36409"
startupRole: FOLLOWER
,id: "s8"
address: "0.0.0.0:41505"
clientAddress: "0.0.0.0:41505"
adminAddress: "0.0.0.0:41505"
startupRole: FOLLOWER
,id: "s9"
address: "0.0.0.0:34365"
clientAddress: "0.0.0.0:34365"
adminAddress: "0.0.0.0:34365"
startupRole: FOLLOWER
,id: "s11"
address: "0.0.0.0:44621"
clientAddress: "0.0.0.0:44621"
adminAddress: "0.0.0.0:44621"
startupRole: FOLLOWER
,id: "s10"
address: "0.0.0.0:43353"
clientAddress: "0.0.0.0:43353"
adminAddress: "0.0.0.0:43353"
startupRole: FOLLOWER
,id: "s13"
address: "0.0.0.0:33759"
clientAddress: "0.0.0.0:33759"
adminAddress: "0.0.0.0:33759"
startupRole: FOLLOWER
,id: "s12"
address: "0.0.0.0:43391"
clientAddress: "0.0.0.0:43391"
adminAddress: "0.0.0.0:43391"
startupRole: FOLLOWER
,id: "s14"
address: "0.0.0.0:41557"
clientAddress: "0.0.0.0:41557"
adminAddress: "0.0.0.0:41557"
startupRole: FOLLOWER
,id: "s0"
address: "0.0.0.0:45573"
clientAddress: "0.0.0.0:45573"
adminAddress: "0.0.0.0:45573"
startupRole: FOLLOWER
,id: "s1"
address: "0.0.0.0:34621"
clientAddress: "0.0.0.0:34621"
adminAddress: "0.0.0.0:34621"
startupRole: FOLLOWER
,id: "s2"
address: "0.0.0.0:40769"
clientAddress: "0.0.0.0:40769"
adminAddress: "0.0.0.0:40769"
startupRole: FOLLOWER
, old:)]
2023-03-07 04:41:26,178 INFO  server.RaftServer$Division (ServerState.java:setRaftConf(378)) - s5@group-A82F1EDBF13F: set configuration 123: peers:[s3|rpc:0.0.0.0:43243|dataStream:|priority:0|startupRole:FOLLOWER, s4|rpc:0.0.0.0:34427|dataStream:|priority:0|startupRole:FOLLOWER, s5|rpc:0.0.0.0:35843|dataStream:|priority:0|startupRole:FOLLOWER, s6|rpc:0.0.0.0:43509|dataStream:|priority:0|startupRole:FOLLOWER, s7|rpc:0.0.0.0:36409|dataStream:|priority:0|startupRole:FOLLOWER, s8|rpc:0.0.0.0:41505|dataStream:|priority:0|startupRole:FOLLOWER, s9|rpc:0.0.0.0:34365|dataStream:|priority:0|startupRole:FOLLOWER, s11|rpc:0.0.0.0:44621|dataStream:|priority:0|startupRole:FOLLOWER, s10|rpc:0.0.0.0:43353|dataStream:|priority:0|startupRole:FOLLOWER, s13|rpc:0.0.0.0:33759|dataStream:|priority:0|startupRole:FOLLOWER, s12|rpc:0.0.0.0:43391|dataStream:|priority:0|startupRole:FOLLOWER, s14|rpc:0.0.0.0:41557|dataStream:|priority:0|startupRole:FOLLOWER, s0|rpc:0.0.0.0:45573|dataStream:|priority:0|startupRole:FOLLOWER, s1|rpc:0.0.0.0:34621|dataStream:|priority:0|startupRole:FOLLOWER, s2|rpc:0.0.0.0:40769|dataStream:|priority:0|startupRole:FOLLOWER]|listeners:[], old=null
2023-03-07 04:41:26,179 DEBUG server.RaftServer$Division (RaftServerImpl.java:logAppendEntries(1429)) - s8@group-A82F1EDBF13F: receive appendEntries(s11, 1, (t:1, i:121), 121, true, commits:[s11:c121, s13:c120, s12:c120, s3:c120, s4:c120, s5:c120, s10:c120, s6:c-1, s7:c-1, s8:c120, s9:c120, s14:c120, s0:c120, s1:c-1, s2:c-1], cId:7423, entries: [(t:1, i:122), METADATAENTRY(c:121), (t:1, i:123), CONFIGURATIONENTRY(current:id: "s3"
address: "0.0.0.0:43243"
clientAddress: "0.0.0.0:43243"
adminAddress: "0.0.0.0:43243"
startupRole: FOLLOWER
,id: "s4"
address: "0.0.0.0:34427"
clientAddress: "0.0.0.0:34427"
adminAddress: "0.0.0.0:34427"
startupRole: FOLLOWER
,id: "s5"
address: "0.0.0.0:35843"
clientAddress: "0.0.0.0:35843"
adminAddress: "0.0.0.0:35843"
startupRole: FOLLOWER
,id: "s6"
address: "0.0.0.0:43509"
clientAddress: "0.0.0.0:43509"
adminAddress: "0.0.0.0:43509"
startupRole: FOLLOWER
,id: "s7"
address: "0.0.0.0:36409"
clientAddress: "0.0.0.0:36409"
adminAddress: "0.0.0.0:36409"
startupRole: FOLLOWER
,id: "s8"
address: "0.0.0.0:41505"
clientAddress: "0.0.0.0:41505"
adminAddress: "0.0.0.0:41505"
startupRole: FOLLOWER
,id: "s9"
address: "0.0.0.0:34365"
clientAddress: "0.0.0.0:34365"
adminAddress: "0.0.0.0:34365"
startupRole: FOLLOWER
,id: "s11"
address: "0.0.0.0:44621"
clientAddress: "0.0.0.0:44621"
adminAddress: "0.0.0.0:44621"
startupRole: FOLLOWER
,id: "s10"
address: "0.0.0.0:43353"
clientAddress: "0.0.0.0:43353"
adminAddress: "0.0.0.0:43353"
startupRole: FOLLOWER
,id: "s13"
address: "0.0.0.0:33759"
clientAddress: "0.0.0.0:33759"
adminAddress: "0.0.0.0:33759"
startupRole: FOLLOWER
,id: "s12"
address: "0.0.0.0:43391"
clientAddress: "0.0.0.0:43391"
adminAddress: "0.0.0.0:43391"
startupRole: FOLLOWER
,id: "s14"
address: "0.0.0.0:41557"
clientAddress: "0.0.0.0:41557"
adminAddress: "0.0.0.0:41557"
startupRole: FOLLOWER
,id: "s0"
address: "0.0.0.0:45573"
clientAddress: "0.0.0.0:45573"
adminAddress: "0.0.0.0:45573"
startupRole: FOLLOWER
,id: "s1"
address: "0.0.0.0:34621"
clientAddress: "0.0.0.0:34621"
adminAddress: "0.0.0.0:34621"
startupRole: FOLLOWER
,id: "s2"
address: "0.0.0.0:40769"
clientAddress: "0.0.0.0:40769"
adminAddress: "0.0.0.0:40769"
startupRole: FOLLOWER
, old:)]
2023-03-07 04:41:26,179 INFO  server.RaftServer$Division (ServerState.java:setRaftConf(378)) - s8@group-A82F1EDBF13F: set configuration 123: peers:[s3|rpc:0.0.0.0:43243|dataStream:|priority:0|startupRole:FOLLOWER, s4|rpc:0.0.0.0:34427|dataStream:|priority:0|startupRole:FOLLOWER, s5|rpc:0.0.0.0:35843|dataStream:|priority:0|startupRole:FOLLOWER, s6|rpc:0.0.0.0:43509|dataStream:|priority:0|startupRole:FOLLOWER, s7|rpc:0.0.0.0:36409|dataStream:|priority:0|startupRole:FOLLOWER, s8|rpc:0.0.0.0:41505|dataStream:|priority:0|startupRole:FOLLOWER, s9|rpc:0.0.0.0:34365|dataStream:|priority:0|startupRole:FOLLOWER, s11|rpc:0.0.0.0:44621|dataStream:|priority:0|startupRole:FOLLOWER, s10|rpc:0.0.0.0:43353|dataStream:|priority:0|startupRole:FOLLOWER, s13|rpc:0.0.0.0:33759|dataStream:|priority:0|startupRole:FOLLOWER, s12|rpc:0.0.0.0:43391|dataStream:|priority:0|startupRole:FOLLOWER, s14|rpc:0.0.0.0:41557|dataStream:|priority:0|startupRole:FOLLOWER, s0|rpc:0.0.0.0:45573|dataStream:|priority:0|startupRole:FOLLOWER, s1|rpc:0.0.0.0:34621|dataStream:|priority:0|startupRole:FOLLOWER, s2|rpc:0.0.0.0:40769|dataStream:|priority:0|startupRole:FOLLOWER]|listeners:[], old=null
2023-03-07 04:41:26,179 DEBUG server.RaftServer$Division (RaftServerImpl.java:logAppendEntries(1429)) - s3@group-A82F1EDBF13F: receive appendEntries(s11, 1, (t:1, i:121), 121, true, commits:[s11:c121, s13:c120, s12:c120, s3:c120, s4:c121, s5:c120, s10:c120, s6:c-1, s7:c-1, s8:c120, s9:c120, s14:c121, s0:c120, s1:c-1, s2:c120], cId:7426, entries: [(t:1, i:122), METADATAENTRY(c:121), (t:1, i:123), CONFIGURATIONENTRY(current:id: "s3"
address: "0.0.0.0:43243"
clientAddress: "0.0.0.0:43243"
adminAddress: "0.0.0.0:43243"
startupRole: FOLLOWER
,id: "s4"
address: "0.0.0.0:34427"
clientAddress: "0.0.0.0:34427"
adminAddress: "0.0.0.0:34427"
startupRole: FOLLOWER
,id: "s5"
address: "0.0.0.0:35843"
clientAddress: "0.0.0.0:35843"
adminAddress: "0.0.0.0:35843"
startupRole: FOLLOWER
,id: "s6"
address: "0.0.0.0:43509"
clientAddress: "0.0.0.0:43509"
adminAddress: "0.0.0.0:43509"
startupRole: FOLLOWER
,id: "s7"
address: "0.0.0.0:36409"
clientAddress: "0.0.0.0:36409"
adminAddress: "0.0.0.0:36409"
startupRole: FOLLOWER
,id: "s8"
address: "0.0.0.0:41505"
clientAddress: "0.0.0.0:41505"
adminAddress: "0.0.0.0:41505"
startupRole: FOLLOWER
,id: "s9"
address: "0.0.0.0:34365"
clientAddress: "0.0.0.0:34365"
adminAddress: "0.0.0.0:34365"
startupRole: FOLLOWER
,id: "s11"
address: "0.0.0.0:44621"
clientAddress: "0.0.0.0:44621"
adminAddress: "0.0.0.0:44621"
startupRole: FOLLOWER
,id: "s10"
address: "0.0.0.0:43353"
clientAddress: "0.0.0.0:43353"
adminAddress: "0.0.0.0:43353"
startupRole: FOLLOWER
,id: "s13"
address: "0.0.0.0:33759"
clientAddress: "0.0.0.0:33759"
adminAddress: "0.0.0.0:33759"
startupRole: FOLLOWER
,id: "s12"
address: "0.0.0.0:43391"
clientAddress: "0.0.0.0:43391"
adminAddress: "0.0.0.0:43391"
startupRole: FOLLOWER
,id: "s14"
address: "0.0.0.0:41557"
clientAddress: "0.0.0.0:41557"
adminAddress: "0.0.0.0:41557"
startupRole: FOLLOWER
,id: "s0"
address: "0.0.0.0:45573"
clientAddress: "0.0.0.0:45573"
adminAddress: "0.0.0.0:45573"
startupRole: FOLLOWER
,id: "s1"
address: "0.0.0.0:34621"
clientAddress: "0.0.0.0:34621"
adminAddress: "0.0.0.0:34621"
startupRole: FOLLOWER
,id: "s2"
address: "0.0.0.0:40769"
clientAddress: "0.0.0.0:40769"
adminAddress: "0.0.0.0:40769"
startupRole: FOLLOWER
, old:)]
2023-03-07 04:41:26,180 INFO  server.RaftServer$Division (ServerState.java:setRaftConf(378)) - s3@group-A82F1EDBF13F: set configuration 123: peers:[s3|rpc:0.0.0.0:43243|dataStream:|priority:0|startupRole:FOLLOWER, s4|rpc:0.0.0.0:34427|dataStream:|priority:0|startupRole:FOLLOWER, s5|rpc:0.0.0.0:35843|dataStream:|priority:0|startupRole:FOLLOWER, s6|rpc:0.0.0.0:43509|dataStream:|priority:0|startupRole:FOLLOWER, s7|rpc:0.0.0.0:36409|dataStream:|priority:0|startupRole:FOLLOWER, s8|rpc:0.0.0.0:41505|dataStream:|priority:0|startupRole:FOLLOWER, s9|rpc:0.0.0.0:34365|dataStream:|priority:0|startupRole:FOLLOWER, s11|rpc:0.0.0.0:44621|dataStream:|priority:0|startupRole:FOLLOWER, s10|rpc:0.0.0.0:43353|dataStream:|priority:0|startupRole:FOLLOWER, s13|rpc:0.0.0.0:33759|dataStream:|priority:0|startupRole:FOLLOWER, s12|rpc:0.0.0.0:43391|dataStream:|priority:0|startupRole:FOLLOWER, s14|rpc:0.0.0.0:41557|dataStream:|priority:0|startupRole:FOLLOWER, s0|rpc:0.0.0.0:45573|dataStream:|priority:0|startupRole:FOLLOWER, s1|rpc:0.0.0.0:34621|dataStream:|priority:0|startupRole:FOLLOWER, s2|rpc:0.0.0.0:40769|dataStream:|priority:0|startupRole:FOLLOWER]|listeners:[], old=null
2023-03-07 04:41:26,180 DEBUG server.RaftServer$Division (RaftServerImpl.java:logAppendEntries(1429)) - s2@group-A82F1EDBF13F: succeeded to handle AppendEntries. Reply: s11<-s2#7425:OK-t1,SUCCESS,nextIndex=124,followerCommit=121,matchIndex=123
2023-03-07 04:41:26,180 DEBUG server.RaftServer$Division (RaftServerImpl.java:logAppendEntries(1429)) - s10@group-A82F1EDBF13F: receive appendEntries(s11, 1, (t:1, i:121), 121, true, commits:[s11:c121, s13:c120, s12:c120, s3:c120, s4:c121, s5:c120, s10:c120, s6:c-1, s7:c-1, s8:c120, s9:c120, s14:c121, s0:c120, s1:c-1, s2:c120], cId:7427, entries: [(t:1, i:122), METADATAENTRY(c:121), (t:1, i:123), CONFIGURATIONENTRY(current:id: "s3"
address: "0.0.0.0:43243"
clientAddress: "0.0.0.0:43243"
adminAddress: "0.0.0.0:43243"
startupRole: FOLLOWER
,id: "s4"
address: "0.0.0.0:34427"
clientAddress: "0.0.0.0:34427"
adminAddress: "0.0.0.0:34427"
startupRole: FOLLOWER
,id: "s5"
address: "0.0.0.0:35843"
clientAddress: "0.0.0.0:35843"
adminAddress: "0.0.0.0:35843"
startupRole: FOLLOWER
,id: "s6"
address: "0.0.0.0:43509"
clientAddress: "0.0.0.0:43509"
adminAddress: "0.0.0.0:43509"
startupRole: FOLLOWER
,id: "s7"
address: "0.0.0.0:36409"
clientAddress: "0.0.0.0:36409"
adminAddress: "0.0.0.0:36409"
startupRole: FOLLOWER
,id: "s8"
address: "0.0.0.0:41505"
clientAddress: "0.0.0.0:41505"
adminAddress: "0.0.0.0:41505"
startupRole: FOLLOWER
,id: "s9"
address: "0.0.0.0:34365"
clientAddress: "0.0.0.0:34365"
adminAddress: "0.0.0.0:34365"
startupRole: FOLLOWER
,id: "s11"
address: "0.0.0.0:44621"
clientAddress: "0.0.0.0:44621"
adminAddress: "0.0.0.0:44621"
startupRole: FOLLOWER
,id: "s10"
address: "0.0.0.0:43353"
clientAddress: "0.0.0.0:43353"
adminAddress: "0.0.0.0:43353"
startupRole: FOLLOWER
,id: "s13"
address: "0.0.0.0:33759"
clientAddress: "0.0.0.0:33759"
adminAddress: "0.0.0.0:33759"
startupRole: FOLLOWER
,id: "s12"
address: "0.0.0.0:43391"
clientAddress: "0.0.0.0:43391"
adminAddress: "0.0.0.0:43391"
startupRole: FOLLOWER
,id: "s14"
address: "0.0.0.0:41557"
clientAddress: "0.0.0.0:41557"
adminAddress: "0.0.0.0:41557"
startupRole: FOLLOWER
,id: "s0"
address: "0.0.0.0:45573"
clientAddress: "0.0.0.0:45573"
adminAddress: "0.0.0.0:45573"
startupRole: FOLLOWER
,id: "s1"
address: "0.0.0.0:34621"
clientAddress: "0.0.0.0:34621"
adminAddress: "0.0.0.0:34621"
startupRole: FOLLOWER
,id: "s2"
address: "0.0.0.0:40769"
clientAddress: "0.0.0.0:40769"
adminAddress: "0.0.0.0:40769"
startupRole: FOLLOWER
, old:)]
2023-03-07 04:41:26,180 INFO  server.RaftServer$Division (ServerState.java:setRaftConf(378)) - s10@group-A82F1EDBF13F: set configuration 123: peers:[s3|rpc:0.0.0.0:43243|dataStream:|priority:0|startupRole:FOLLOWER, s4|rpc:0.0.0.0:34427|dataStream:|priority:0|startupRole:FOLLOWER, s5|rpc:0.0.0.0:35843|dataStream:|priority:0|startupRole:FOLLOWER, s6|rpc:0.0.0.0:43509|dataStream:|priority:0|startupRole:FOLLOWER, s7|rpc:0.0.0.0:36409|dataStream:|priority:0|startupRole:FOLLOWER, s8|rpc:0.0.0.0:41505|dataStream:|priority:0|startupRole:FOLLOWER, s9|rpc:0.0.0.0:34365|dataStream:|priority:0|startupRole:FOLLOWER, s11|rpc:0.0.0.0:44621|dataStream:|priority:0|startupRole:FOLLOWER, s10|rpc:0.0.0.0:43353|dataStream:|priority:0|startupRole:FOLLOWER, s13|rpc:0.0.0.0:33759|dataStream:|priority:0|startupRole:FOLLOWER, s12|rpc:0.0.0.0:43391|dataStream:|priority:0|startupRole:FOLLOWER, s14|rpc:0.0.0.0:41557|dataStream:|priority:0|startupRole:FOLLOWER, s0|rpc:0.0.0.0:45573|dataStream:|priority:0|startupRole:FOLLOWER, s1|rpc:0.0.0.0:34621|dataStream:|priority:0|startupRole:FOLLOWER, s2|rpc:0.0.0.0:40769|dataStream:|priority:0|startupRole:FOLLOWER]|listeners:[], old=null
2023-03-07 04:41:26,181 DEBUG server.RaftServer$Division (RaftServerImpl.java:logAppendEntries(1429)) - s6@group-A82F1EDBF13F: receive appendEntries(s11, 1, (t:1, i:120), 121, true, commits:[s11:c121, s13:c120, s12:c120, s3:c120, s4:c121, s5:c120, s10:c120, s6:c120, s7:c-1, s8:c120, s9:c120, s14:c121, s0:c120, s1:c-1, s2:c120], cId:7428, entries: [(t:1, i:121), CONFIGURATIONENTRY(current:id: "s3"
address: "0.0.0.0:43243"
clientAddress: "0.0.0.0:43243"
adminAddress: "0.0.0.0:43243"
startupRole: FOLLOWER
,id: "s4"
address: "0.0.0.0:34427"
clientAddress: "0.0.0.0:34427"
adminAddress: "0.0.0.0:34427"
startupRole: FOLLOWER
,id: "s5"
address: "0.0.0.0:35843"
clientAddress: "0.0.0.0:35843"
adminAddress: "0.0.0.0:35843"
startupRole: FOLLOWER
,id: "s6"
address: "0.0.0.0:43509"
clientAddress: "0.0.0.0:43509"
adminAddress: "0.0.0.0:43509"
startupRole: FOLLOWER
,id: "s7"
address: "0.0.0.0:36409"
clientAddress: "0.0.0.0:36409"
adminAddress: "0.0.0.0:36409"
startupRole: FOLLOWER
,id: "s8"
address: "0.0.0.0:41505"
clientAddress: "0.0.0.0:41505"
adminAddress: "0.0.0.0:41505"
startupRole: FOLLOWER
,id: "s9"
address: "0.0.0.0:34365"
clientAddress: "0.0.0.0:34365"
adminAddress: "0.0.0.0:34365"
startupRole: FOLLOWER
,id: "s11"
address: "0.0.0.0:44621"
clientAddress: "0.0.0.0:44621"
adminAddress: "0.0.0.0:44621"
startupRole: FOLLOWER
,id: "s10"
address: "0.0.0.0:43353"
clientAddress: "0.0.0.0:43353"
adminAddress: "0.0.0.0:43353"
startupRole: FOLLOWER
,id: "s13"
address: "0.0.0.0:33759"
clientAddress: "0.0.0.0:33759"
adminAddress: "0.0.0.0:33759"
startupRole: FOLLOWER
,id: "s12"
address: "0.0.0.0:43391"
clientAddress: "0.0.0.0:43391"
adminAddress: "0.0.0.0:43391"
startupRole: FOLLOWER
,id: "s14"
address: "0.0.0.0:41557"
clientAddress: "0.0.0.0:41557"
adminAddress: "0.0.0.0:41557"
startupRole: FOLLOWER
,id: "s0"
address: "0.0.0.0:45573"
clientAddress: "0.0.0.0:45573"
adminAddress: "0.0.0.0:45573"
startupRole: FOLLOWER
,id: "s1"
address: "0.0.0.0:34621"
clientAddress: "0.0.0.0:34621"
adminAddress: "0.0.0.0:34621"
startupRole: FOLLOWER
,id: "s2"
address: "0.0.0.0:40769"
clientAddress: "0.0.0.0:40769"
adminAddress: "0.0.0.0:40769"
startupRole: FOLLOWER
, old:id: "s11"
address: "0.0.0.0:44621"
clientAddress: "0.0.0.0:44621"
adminAddress: "0.0.0.0:44621"
startupRole: FOLLOWER
,id: "s13"
address: "0.0.0.0:33759"
clientAddress: "0.0.0.0:33759"
adminAddress: "0.0.0.0:33759"
startupRole: FOLLOWER
,id: "s12"
address: "0.0.0.0:43391"
clientAddress: "0.0.0.0:43391"
adminAddress: "0.0.0.0:43391"
startupRole: FOLLOWER
), (t:1, i:122), METADATAENTRY(c:121), (t:1, i:123), CONFIGURATIONENTRY(current:id: "s3"
address: "0.0.0.0:43243"
clientAddress: "0.0.0.0:43243"
adminAddress: "0.0.0.0:43243"
startupRole: FOLLOWER
,id: "s4"
address: "0.0.0.0:34427"
clientAddress: "0.0.0.0:34427"
adminAddress: "0.0.0.0:34427"
startupRole: FOLLOWER
,id: "s5"
address: "0.0.0.0:35843"
clientAddress: "0.0.0.0:35843"
adminAddress: "0.0.0.0:35843"
startupRole: FOLLOWER
,id: "s6"
address: "0.0.0.0:43509"
clientAddress: "0.0.0.0:43509"
adminAddress: "0.0.0.0:43509"
startupRole: FOLLOWER
,id: "s7"
address: "0.0.0.0:36409"
clientAddress: "0.0.0.0:36409"
adminAddress: "0.0.0.0:36409"
startupRole: FOLLOWER
,id: "s8"
address: "0.0.0.0:41505"
clientAddress: "0.0.0.0:41505"
adminAddress: "0.0.0.0:41505"
startupRole: FOLLOWER
,id: "s9"
address: "0.0.0.0:34365"
clientAddress: "0.0.0.0:34365"
adminAddress: "0.0.0.0:34365"
startupRole: FOLLOWER
,id: "s11"
address: "0.0.0.0:44621"
clientAddress: "0.0.0.0:44621"
adminAddress: "0.0.0.0:44621"
startupRole: FOLLOWER
,id: "s10"
address: "0.0.0.0:43353"
clientAddress: "0.0.0.0:43353"
adminAddress: "0.0.0.0:43353"
startupRole: FOLLOWER
,id: "s13"
address: "0.0.0.0:33759"
clientAddress: "0.0.0.0:33759"
adminAddress: "0.0.0.0:33759"
startupRole: FOLLOWER
,id: "s12"
address: "0.0.0.0:43391"
clientAddress: "0.0.0.0:43391"
adminAddress: "0.0.0.0:43391"
startupRole: FOLLOWER
,id: "s14"
address: "0.0.0.0:41557"
clientAddress: "0.0.0.0:41557"
adminAddress: "0.0.0.0:41557"
startupRole: FOLLOWER
,id: "s0"
address: "0.0.0.0:45573"
clientAddress: "0.0.0.0:45573"
adminAddress: "0.0.0.0:45573"
startupRole: FOLLOWER
,id: "s1"
address: "0.0.0.0:34621"
clientAddress: "0.0.0.0:34621"
adminAddress: "0.0.0.0:34621"
startupRole: FOLLOWER
,id: "s2"
address: "0.0.0.0:40769"
clientAddress: "0.0.0.0:40769"
adminAddress: "0.0.0.0:40769"
startupRole: FOLLOWER
, old:)]
2023-03-07 04:41:26,181 INFO  server.RaftServer$Division (ServerState.java:setRaftConf(378)) - s6@group-A82F1EDBF13F: set configuration 121: peers:[s3|rpc:0.0.0.0:43243|dataStream:|priority:0|startupRole:FOLLOWER, s4|rpc:0.0.0.0:34427|dataStream:|priority:0|startupRole:FOLLOWER, s5|rpc:0.0.0.0:35843|dataStream:|priority:0|startupRole:FOLLOWER, s6|rpc:0.0.0.0:43509|dataStream:|priority:0|startupRole:FOLLOWER, s7|rpc:0.0.0.0:36409|dataStream:|priority:0|startupRole:FOLLOWER, s8|rpc:0.0.0.0:41505|dataStream:|priority:0|startupRole:FOLLOWER, s9|rpc:0.0.0.0:34365|dataStream:|priority:0|startupRole:FOLLOWER, s11|rpc:0.0.0.0:44621|dataStream:|priority:0|startupRole:FOLLOWER, s10|rpc:0.0.0.0:43353|dataStream:|priority:0|startupRole:FOLLOWER, s13|rpc:0.0.0.0:33759|dataStream:|priority:0|startupRole:FOLLOWER, s12|rpc:0.0.0.0:43391|dataStream:|priority:0|startupRole:FOLLOWER, s14|rpc:0.0.0.0:41557|dataStream:|priority:0|startupRole:FOLLOWER, s0|rpc:0.0.0.0:45573|dataStream:|priority:0|startupRole:FOLLOWER, s1|rpc:0.0.0.0:34621|dataStream:|priority:0|startupRole:FOLLOWER, s2|rpc:0.0.0.0:40769|dataStream:|priority:0|startupRole:FOLLOWER]|listeners:[], old=peers:[s11|rpc:0.0.0.0:44621|dataStream:|priority:0|startupRole:FOLLOWER, s13|rpc:0.0.0.0:33759|dataStream:|priority:0|startupRole:FOLLOWER, s12|rpc:0.0.0.0:43391|dataStream:|priority:0|startupRole:FOLLOWER]|listeners:[]
2023-03-07 04:41:26,181 INFO  server.RaftServer$Division (ServerState.java:setRaftConf(378)) - s6@group-A82F1EDBF13F: set configuration 123: peers:[s3|rpc:0.0.0.0:43243|dataStream:|priority:0|startupRole:FOLLOWER, s4|rpc:0.0.0.0:34427|dataStream:|priority:0|startupRole:FOLLOWER, s5|rpc:0.0.0.0:35843|dataStream:|priority:0|startupRole:FOLLOWER, s6|rpc:0.0.0.0:43509|dataStream:|priority:0|startupRole:FOLLOWER, s7|rpc:0.0.0.0:36409|dataStream:|priority:0|startupRole:FOLLOWER, s8|rpc:0.0.0.0:41505|dataStream:|priority:0|startupRole:FOLLOWER, s9|rpc:0.0.0.0:34365|dataStream:|priority:0|startupRole:FOLLOWER, s11|rpc:0.0.0.0:44621|dataStream:|priority:0|startupRole:FOLLOWER, s10|rpc:0.0.0.0:43353|dataStream:|priority:0|startupRole:FOLLOWER, s13|rpc:0.0.0.0:33759|dataStream:|priority:0|startupRole:FOLLOWER, s12|rpc:0.0.0.0:43391|dataStream:|priority:0|startupRole:FOLLOWER, s14|rpc:0.0.0.0:41557|dataStream:|priority:0|startupRole:FOLLOWER, s0|rpc:0.0.0.0:45573|dataStream:|priority:0|startupRole:FOLLOWER, s1|rpc:0.0.0.0:34621|dataStream:|priority:0|startupRole:FOLLOWER, s2|rpc:0.0.0.0:40769|dataStream:|priority:0|startupRole:FOLLOWER]|listeners:[], old=null
2023-03-07 04:41:26,182 DEBUG server.RaftServer$Division (RaftServerImpl.java:logAppendEntries(1429)) - s0@group-A82F1EDBF13F: succeeded to handle AppendEntries. Reply: s11<-s0#7408:OK-t1,SUCCESS,nextIndex=122,followerCommit=120,matchIndex=121
2023-03-07 04:41:26,182 DEBUG server.RaftServer$Division (RaftServerImpl.java:logAppendEntries(1429)) - s3@group-A82F1EDBF13F: succeeded to handle AppendEntries. Reply: s11<-s3#7426:OK-t1,SUCCESS,nextIndex=124,followerCommit=121,matchIndex=123
2023-03-07 04:41:26,182 DEBUG server.RaftServer$Division (RaftServerImpl.java:logAppendEntries(1429)) - s10@group-A82F1EDBF13F: succeeded to handle AppendEntries. Reply: s11<-s10#7427:OK-t1,SUCCESS,nextIndex=124,followerCommit=121,matchIndex=123
2023-03-07 04:41:26,182 DEBUG server.RaftServer$Division (RaftServerImpl.java:logAppendEntries(1429)) - s5@group-A82F1EDBF13F: succeeded to handle AppendEntries. Reply: s11<-s5#7422:OK-t1,SUCCESS,nextIndex=124,followerCommit=121,matchIndex=123
2023-03-07 04:41:26,182 DEBUG server.RaftServer$Division (RaftServerImpl.java:logAppendEntries(1429)) - s8@group-A82F1EDBF13F: succeeded to handle AppendEntries. Reply: s11<-s8#7423:OK-t1,SUCCESS,nextIndex=124,followerCommit=121,matchIndex=123
2023-03-07 04:41:26,182 DEBUG server.RaftServer$Division (RaftServerImpl.java:logAppendEntries(1429)) - s9@group-A82F1EDBF13F: succeeded to handle AppendEntries. Reply: s11<-s9#7421:OK-t1,SUCCESS,nextIndex=124,followerCommit=121,matchIndex=123
2023-03-07 04:41:26,183 DEBUG server.RaftServer$Division (RaftServerImpl.java:logAppendEntries(1429)) - s12@group-A82F1EDBF13F: succeeded to handle AppendEntries. Reply: s11<-s12#7419:OK-t1,SUCCESS,nextIndex=124,followerCommit=121,matchIndex=123
2023-03-07 04:41:26,183 DEBUG server.RaftServer$Division (RaftServerImpl.java:logAppendEntries(1429)) - s13@group-A82F1EDBF13F: succeeded to handle AppendEntries. Reply: s11<-s13#7420:OK-t1,SUCCESS,nextIndex=124,followerCommit=121,matchIndex=123
2023-03-07 04:41:26,183 DEBUG server.RaftServer$Division (RaftServerImpl.java:logAppendEntries(1429)) - s0@group-A82F1EDBF13F: receive appendEntries(s11, 1, (t:1, i:121), 121, true, commits:[s11:c121, s13:c120, s12:c120, s3:c120, s4:c121, s5:c120, s10:c120, s6:c120, s7:c-1, s8:c120, s9:c120, s14:c121, s0:c120, s1:c-1, s2:c121], cId:7429, entries: [(t:1, i:122), METADATAENTRY(c:121), (t:1, i:123), CONFIGURATIONENTRY(current:id: "s3"
address: "0.0.0.0:43243"
clientAddress: "0.0.0.0:43243"
adminAddress: "0.0.0.0:43243"
startupRole: FOLLOWER
,id: "s4"
address: "0.0.0.0:34427"
clientAddress: "0.0.0.0:34427"
adminAddress: "0.0.0.0:34427"
startupRole: FOLLOWER
,id: "s5"
address: "0.0.0.0:35843"
clientAddress: "0.0.0.0:35843"
adminAddress: "0.0.0.0:35843"
startupRole: FOLLOWER
,id: "s6"
address: "0.0.0.0:43509"
clientAddress: "0.0.0.0:43509"
adminAddress: "0.0.0.0:43509"
startupRole: FOLLOWER
,id: "s7"
address: "0.0.0.0:36409"
clientAddress: "0.0.0.0:36409"
adminAddress: "0.0.0.0:36409"
startupRole: FOLLOWER
,id: "s8"
address: "0.0.0.0:41505"
clientAddress: "0.0.0.0:41505"
adminAddress: "0.0.0.0:41505"
startupRole: FOLLOWER
,id: "s9"
address: "0.0.0.0:34365"
clientAddress: "0.0.0.0:34365"
adminAddress: "0.0.0.0:34365"
startupRole: FOLLOWER
,id: "s11"
address: "0.0.0.0:44621"
clientAddress: "0.0.0.0:44621"
adminAddress: "0.0.0.0:44621"
startupRole: FOLLOWER
,id: "s10"
address: "0.0.0.0:43353"
clientAddress: "0.0.0.0:43353"
adminAddress: "0.0.0.0:43353"
startupRole: FOLLOWER
,id: "s13"
address: "0.0.0.0:33759"
clientAddress: "0.0.0.0:33759"
adminAddress: "0.0.0.0:33759"
startupRole: FOLLOWER
,id: "s12"
address: "0.0.0.0:43391"
clientAddress: "0.0.0.0:43391"
adminAddress: "0.0.0.0:43391"
startupRole: FOLLOWER
,id: "s14"
address: "0.0.0.0:41557"
clientAddress: "0.0.0.0:41557"
adminAddress: "0.0.0.0:41557"
startupRole: FOLLOWER
,id: "s0"
address: "0.0.0.0:45573"
clientAddress: "0.0.0.0:45573"
adminAddress: "0.0.0.0:45573"
startupRole: FOLLOWER
,id: "s1"
address: "0.0.0.0:34621"
clientAddress: "0.0.0.0:34621"
adminAddress: "0.0.0.0:34621"
startupRole: FOLLOWER
,id: "s2"
address: "0.0.0.0:40769"
clientAddress: "0.0.0.0:40769"
adminAddress: "0.0.0.0:40769"
startupRole: FOLLOWER
, old:)]
2023-03-07 04:41:26,184 INFO  server.RaftServer$Division (ServerState.java:setRaftConf(378)) - s0@group-A82F1EDBF13F: set configuration 123: peers:[s3|rpc:0.0.0.0:43243|dataStream:|priority:0|startupRole:FOLLOWER, s4|rpc:0.0.0.0:34427|dataStream:|priority:0|startupRole:FOLLOWER, s5|rpc:0.0.0.0:35843|dataStream:|priority:0|startupRole:FOLLOWER, s6|rpc:0.0.0.0:43509|dataStream:|priority:0|startupRole:FOLLOWER, s7|rpc:0.0.0.0:36409|dataStream:|priority:0|startupRole:FOLLOWER, s8|rpc:0.0.0.0:41505|dataStream:|priority:0|startupRole:FOLLOWER, s9|rpc:0.0.0.0:34365|dataStream:|priority:0|startupRole:FOLLOWER, s11|rpc:0.0.0.0:44621|dataStream:|priority:0|startupRole:FOLLOWER, s10|rpc:0.0.0.0:43353|dataStream:|priority:0|startupRole:FOLLOWER, s13|rpc:0.0.0.0:33759|dataStream:|priority:0|startupRole:FOLLOWER, s12|rpc:0.0.0.0:43391|dataStream:|priority:0|startupRole:FOLLOWER, s14|rpc:0.0.0.0:41557|dataStream:|priority:0|startupRole:FOLLOWER, s0|rpc:0.0.0.0:45573|dataStream:|priority:0|startupRole:FOLLOWER, s1|rpc:0.0.0.0:34621|dataStream:|priority:0|startupRole:FOLLOWER, s2|rpc:0.0.0.0:40769|dataStream:|priority:0|startupRole:FOLLOWER]|listeners:[], old=null
2023-03-07 04:41:26,184 INFO  segmented.SegmentedRaftLogWorker (SegmentedRaftLogWorker.java:execute(630)) - s1@group-A82F1EDBF13F-SegmentedRaftLogWorker: created new log segment /home/runner/work/ratis/ratis/ratis-examples/target/test/data/fa33b8e4/MiniRaftClusterWithNettye7083e71/s1/b7243742-f885-4ba8-ad2e-a82f1edbf13f/current/log_inprogress_0
2023-03-07 04:41:26,185 DEBUG server.RaftServer$Division (RaftServerImpl.java:logAppendEntries(1429)) - s0@group-A82F1EDBF13F: succeeded to handle AppendEntries. Reply: s11<-s0#7429:OK-t1,SUCCESS,nextIndex=124,followerCommit=121,matchIndex=123
2023-03-07 04:41:26,186 DEBUG server.RaftServer$Division (RaftServerImpl.java:logAppendEntries(1429)) - s4@group-A82F1EDBF13F: receive appendEntries(s11, 1, (t:1, i:123), 123, true, commits:[s11:c123, s13:c120, s12:c121, s3:c120, s4:c121, s5:c121, s10:c121, s6:c120, s7:c-1, s8:c120, s9:c121, s14:c121, s0:c120, s1:c-1, s2:c121], cId:7434, entries: [(t:1, i:124), METADATAENTRY(c:123)]
2023-03-07 04:41:26,186 DEBUG server.RaftServer$Division (RaftServerImpl.java:logAppendEntries(1429)) - s2@group-A82F1EDBF13F: receive appendEntries(s11, 1, (t:1, i:123), 123, true, commits:[s11:c123, s13:c120, s12:c121, s3:c120, s4:c121, s5:c121, s10:c121, s6:c120, s7:c-1, s8:c120, s9:c121, s14:c121, s0:c120, s1:c-1, s2:c121], cId:7436, entries: [(t:1, i:124), METADATAENTRY(c:123)]
2023-03-07 04:41:26,186 DEBUG server.RaftServer$Division (RaftServerImpl.java:logAppendEntries(1429)) - s5@group-A82F1EDBF13F: receive appendEntries(s11, 1, (t:1, i:123), 123, true, commits:[s11:c123, s13:c120, s12:c121, s3:c120, s4:c121, s5:c121, s10:c121, s6:c120, s7:c-1, s8:c120, s9:c121, s14:c121, s0:c120, s1:c-1, s2:c121], cId:7431, entries: [(t:1, i:124), METADATAENTRY(c:123)]
2023-03-07 04:41:26,187 DEBUG server.RaftServer$Division (RaftServerImpl.java:logAppendEntries(1429)) - s14@group-A82F1EDBF13F: receive appendEntries(s11, 1, (t:1, i:123), 123, true, commits:[s11:c123, s13:c120, s12:c121, s3:c120, s4:c121, s5:c121, s10:c121, s6:c120, s7:c-1, s8:c120, s9:c121, s14:c121, s0:c120, s1:c-1, s2:c121], cId:7433, entries: [(t:1, i:124), METADATAENTRY(c:123)]
2023-03-07 04:41:26,187 DEBUG server.RaftServer$Division (RaftServerImpl.java:logAppendEntries(1429)) - s12@group-A82F1EDBF13F: receive appendEntries(s11, 1, (t:1, i:123), 123, true, commits:[s11:c123, s13:c120, s12:c121, s3:c120, s4:c121, s5:c121, s10:c121, s6:c120, s7:c-1, s8:c120, s9:c121, s14:c121, s0:c120, s1:c-1, s2:c121], cId:7430, entries: [(t:1, i:124), METADATAENTRY(c:123)]
2023-03-07 04:41:26,187 DEBUG server.RaftServer$Division (RaftServerImpl.java:logAppendEntries(1429)) - s5@group-A82F1EDBF13F: succeeded to handle AppendEntries. Reply: s11<-s5#7431:OK-t1,SUCCESS,nextIndex=125,followerCommit=123,matchIndex=124
2023-03-07 04:41:26,187 DEBUG server.RaftServer$Division (RaftServerImpl.java:logAppendEntries(1429)) - s12@group-A82F1EDBF13F: succeeded to handle AppendEntries. Reply: s11<-s12#7430:OK-t1,SUCCESS,nextIndex=125,followerCommit=123,matchIndex=124
2023-03-07 04:41:26,187 DEBUG server.RaftServer$Division (RaftServerImpl.java:logAppendEntries(1429)) - s4@group-A82F1EDBF13F: succeeded to handle AppendEntries. Reply: s11<-s4#7434:OK-t1,SUCCESS,nextIndex=125,followerCommit=123,matchIndex=124
2023-03-07 04:41:26,187 DEBUG server.RaftServer$Division (RaftServerImpl.java:logAppendEntries(1429)) - s10@group-A82F1EDBF13F: receive appendEntries(s11, 1, (t:1, i:123), 123, true, commits:[s11:c123, s13:c120, s12:c121, s3:c120, s4:c121, s5:c121, s10:c121, s6:c120, s7:c-1, s8:c120, s9:c121, s14:c121, s0:c120, s1:c-1, s2:c121], cId:7435, entries: [(t:1, i:124), METADATAENTRY(c:123)]
2023-03-07 04:41:26,188 DEBUG server.RaftServer$Division (RaftServerImpl.java:logAppendEntries(1429)) - s2@group-A82F1EDBF13F: succeeded to handle AppendEntries. Reply: s11<-s2#7436:OK-t1,SUCCESS,nextIndex=125,followerCommit=123,matchIndex=124
2023-03-07 04:41:26,188 DEBUG server.RaftServer$Division (RaftServerImpl.java:logAppendEntries(1429)) - s8@group-A82F1EDBF13F: receive appendEntries(s11, 1, (t:1, i:123), 123, true, commits:[s11:c123, s13:c120, s12:c121, s3:c120, s4:c121, s5:c121, s10:c121, s6:c120, s7:c-1, s8:c121, s9:c121, s14:c121, s0:c120, s1:c-1, s2:c121], cId:7437, entries: [(t:1, i:124), METADATAENTRY(c:123)]
2023-03-07 04:41:26,188 DEBUG server.RaftServer$Division (RaftServerImpl.java:logAppendEntries(1429)) - s10@group-A82F1EDBF13F: succeeded to handle AppendEntries. Reply: s11<-s10#7435:OK-t1,SUCCESS,nextIndex=125,followerCommit=123,matchIndex=124
2023-03-07 04:41:26,188 DEBUG server.RaftServer$Division (RaftServerImpl.java:logAppendEntries(1429)) - s8@group-A82F1EDBF13F: succeeded to handle AppendEntries. Reply: s11<-s8#7437:OK-t1,SUCCESS,nextIndex=125,followerCommit=123,matchIndex=124
2023-03-07 04:41:26,189 DEBUG server.RaftServer$Division (RaftServerImpl.java:logAppendEntries(1429)) - s13@group-A82F1EDBF13F: receive appendEntries(s11, 1, (t:1, i:123), 123, true, commits:[s11:c123, s13:c121, s12:c121, s3:c120, s4:c123, s5:c121, s10:c121, s6:c120, s7:c-1, s8:c121, s9:c121, s14:c121, s0:c120, s1:c-1, s2:c123], cId:7438, entries: [(t:1, i:124), METADATAENTRY(c:123)]
2023-03-07 04:41:26,189 DEBUG server.RaftServer$Division (RaftServerImpl.java:logAppendEntries(1429)) - s0@group-A82F1EDBF13F: receive appendEntries(s11, 1, (t:1, i:123), 123, true, commits:[s11:c123, s13:c121, s12:c121, s3:c120, s4:c123, s5:c121, s10:c121, s6:c120, s7:c-1, s8:c121, s9:c121, s14:c121, s0:c121, s1:c-1, s2:c123], cId:7439, entries: [(t:1, i:124), METADATAENTRY(c:123)]
2023-03-07 04:41:26,189 DEBUG server.RaftServer$Division (RaftServerImpl.java:logAppendEntries(1429)) - s3@group-A82F1EDBF13F: receive appendEntries(s11, 1, (t:1, i:123), 123, true, commits:[s11:c123, s13:c121, s12:c121, s3:c121, s4:c123, s5:c121, s10:c121, s6:c120, s7:c-1, s8:c121, s9:c121, s14:c121, s0:c121, s1:c-1, s2:c123], cId:7440, entries: [(t:1, i:124), METADATAENTRY(c:123)]
2023-03-07 04:41:26,187 DEBUG server.RaftServer$Division (RaftServerImpl.java:logAppendEntries(1429)) - s9@group-A82F1EDBF13F: receive appendEntries(s11, 1, (t:1, i:123), 123, true, commits:[s11:c123, s13:c120, s12:c121, s3:c120, s4:c121, s5:c121, s10:c121, s6:c120, s7:c-1, s8:c120, s9:c121, s14:c121, s0:c120, s1:c-1, s2:c121], cId:7432, entries: [(t:1, i:124), METADATAENTRY(c:123)]
2023-03-07 04:41:26,187 DEBUG server.RaftServer$Division (RaftServerImpl.java:logAppendEntries(1429)) - s14@group-A82F1EDBF13F: succeeded to handle AppendEntries. Reply: s11<-s14#7433:OK-t1,SUCCESS,nextIndex=125,followerCommit=123,matchIndex=124
2023-03-07 04:41:26,189 DEBUG server.RaftServer$Division (RaftServerImpl.java:logAppendEntries(1429)) - s13@group-A82F1EDBF13F: succeeded to handle AppendEntries. Reply: s11<-s13#7438:OK-t1,SUCCESS,nextIndex=125,followerCommit=123,matchIndex=124
2023-03-07 04:41:26,189 DEBUG server.RaftServer$Division (RaftServerImpl.java:logAppendEntries(1429)) - s9@group-A82F1EDBF13F: succeeded to handle AppendEntries. Reply: s11<-s9#7432:OK-t1,SUCCESS,nextIndex=125,followerCommit=123,matchIndex=124
2023-03-07 04:41:26,189 DEBUG server.RaftServer$Division (RaftServerImpl.java:logAppendEntries(1429)) - s3@group-A82F1EDBF13F: succeeded to handle AppendEntries. Reply: s11<-s3#7440:OK-t1,SUCCESS,nextIndex=125,followerCommit=123,matchIndex=124
2023-03-07 04:41:26,190 DEBUG server.RaftServer$Division (RaftServerImpl.java:logAppendEntries(1429)) - s0@group-A82F1EDBF13F: succeeded to handle AppendEntries. Reply: s11<-s0#7439:OK-t1,SUCCESS,nextIndex=125,followerCommit=123,matchIndex=124
2023-03-07 04:41:26,191 DEBUG server.RaftServer$Division (RaftServerImpl.java:logAppendEntries(1429)) - s1@group-A82F1EDBF13F: succeeded to handle AppendEntries. Reply: s11<-s1#7407:OK-t1,SUCCESS,nextIndex=121,followerCommit=120,matchIndex=120
2023-03-07 04:41:26,192 DEBUG server.RaftServer$Division (RaftServerImpl.java:logAppendEntries(1429)) - s1@group-A82F1EDBF13F: receive appendEntries(s11, 1, (t:1, i:120), 124, true, commits:[s11:c124, s13:c123, s12:c123, s3:c123, s4:c123, s5:c123, s10:c123, s6:c120, s7:c-1, s8:c123, s9:c123, s14:c123, s0:c123, s1:c120, s2:c123], cId:7441, entries: [(t:1, i:121), CONFIGURATIONENTRY(current:id: "s3"
address: "0.0.0.0:43243"
clientAddress: "0.0.0.0:43243"
adminAddress: "0.0.0.0:43243"
startupRole: FOLLOWER
,id: "s4"
address: "0.0.0.0:34427"
clientAddress: "0.0.0.0:34427"
adminAddress: "0.0.0.0:34427"
startupRole: FOLLOWER
,id: "s5"
address: "0.0.0.0:35843"
clientAddress: "0.0.0.0:35843"
adminAddress: "0.0.0.0:35843"
startupRole: FOLLOWER
,id: "s6"
address: "0.0.0.0:43509"
clientAddress: "0.0.0.0:43509"
adminAddress: "0.0.0.0:43509"
startupRole: FOLLOWER
,id: "s7"
address: "0.0.0.0:36409"
clientAddress: "0.0.0.0:36409"
adminAddress: "0.0.0.0:36409"
startupRole: FOLLOWER
,id: "s8"
address: "0.0.0.0:41505"
clientAddress: "0.0.0.0:41505"
adminAddress: "0.0.0.0:41505"
startupRole: FOLLOWER
,id: "s9"
address: "0.0.0.0:34365"
clientAddress: "0.0.0.0:34365"
adminAddress: "0.0.0.0:34365"
startupRole: FOLLOWER
,id: "s11"
address: "0.0.0.0:44621"
clientAddress: "0.0.0.0:44621"
adminAddress: "0.0.0.0:44621"
startupRole: FOLLOWER
,id: "s10"
address: "0.0.0.0:43353"
clientAddress: "0.0.0.0:43353"
adminAddress: "0.0.0.0:43353"
startupRole: FOLLOWER
,id: "s13"
address: "0.0.0.0:33759"
clientAddress: "0.0.0.0:33759"
adminAddress: "0.0.0.0:33759"
startupRole: FOLLOWER
,id: "s12"
address: "0.0.0.0:43391"
clientAddress: "0.0.0.0:43391"
adminAddress: "0.0.0.0:43391"
startupRole: FOLLOWER
,id: "s14"
address: "0.0.0.0:41557"
clientAddress: "0.0.0.0:41557"
adminAddress: "0.0.0.0:41557"
startupRole: FOLLOWER
,id: "s0"
address: "0.0.0.0:45573"
clientAddress: "0.0.0.0:45573"
adminAddress: "0.0.0.0:45573"
startupRole: FOLLOWER
,id: "s1"
address: "0.0.0.0:34621"
clientAddress: "0.0.0.0:34621"
adminAddress: "0.0.0.0:34621"
startupRole: FOLLOWER
,id: "s2"
address: "0.0.0.0:40769"
clientAddress: "0.0.0.0:40769"
adminAddress: "0.0.0.0:40769"
startupRole: FOLLOWER
, old:id: "s11"
address: "0.0.0.0:44621"
clientAddress: "0.0.0.0:44621"
adminAddress: "0.0.0.0:44621"
startupRole: FOLLOWER
,id: "s13"
address: "0.0.0.0:33759"
clientAddress: "0.0.0.0:33759"
adminAddress: "0.0.0.0:33759"
startupRole: FOLLOWER
,id: "s12"
address: "0.0.0.0:43391"
clientAddress: "0.0.0.0:43391"
adminAddress: "0.0.0.0:43391"
startupRole: FOLLOWER
), (t:1, i:122), METADATAENTRY(c:121), (t:1, i:123), CONFIGURATIONENTRY(current:id: "s3"
address: "0.0.0.0:43243"
clientAddress: "0.0.0.0:43243"
adminAddress: "0.0.0.0:43243"
startupRole: FOLLOWER
,id: "s4"
address: "0.0.0.0:34427"
clientAddress: "0.0.0.0:34427"
adminAddress: "0.0.0.0:34427"
startupRole: FOLLOWER
,id: "s5"
address: "0.0.0.0:35843"
clientAddress: "0.0.0.0:35843"
adminAddress: "0.0.0.0:35843"
startupRole: FOLLOWER
,id: "s6"
address: "0.0.0.0:43509"
clientAddress: "0.0.0.0:43509"
adminAddress: "0.0.0.0:43509"
startupRole: FOLLOWER
,id: "s7"
address: "0.0.0.0:36409"
clientAddress: "0.0.0.0:36409"
adminAddress: "0.0.0.0:36409"
startupRole: FOLLOWER
,id: "s8"
address: "0.0.0.0:41505"
clientAddress: "0.0.0.0:41505"
adminAddress: "0.0.0.0:41505"
startupRole: FOLLOWER
,id: "s9"
address: "0.0.0.0:34365"
clientAddress: "0.0.0.0:34365"
adminAddress: "0.0.0.0:34365"
startupRole: FOLLOWER
,id: "s11"
address: "0.0.0.0:44621"
clientAddress: "0.0.0.0:44621"
adminAddress: "0.0.0.0:44621"
startupRole: FOLLOWER
,id: "s10"
address: "0.0.0.0:43353"
clientAddress: "0.0.0.0:43353"
adminAddress: "0.0.0.0:43353"
startupRole: FOLLOWER
,id: "s13"
address: "0.0.0.0:33759"
clientAddress: "0.0.0.0:33759"
adminAddress: "0.0.0.0:33759"
startupRole: FOLLOWER
,id: "s12"
address: "0.0.0.0:43391"
clientAddress: "0.0.0.0:43391"
adminAddress: "0.0.0.0:43391"
startupRole: FOLLOWER
,id: "s14"
address: "0.0.0.0:41557"
clientAddress: "0.0.0.0:41557"
adminAddress: "0.0.0.0:41557"
startupRole: FOLLOWER
,id: "s0"
address: "0.0.0.0:45573"
clientAddress: "0.0.0.0:45573"
adminAddress: "0.0.0.0:45573"
startupRole: FOLLOWER
,id: "s1"
address: "0.0.0.0:34621"
clientAddress: "0.0.0.0:34621"
adminAddress: "0.0.0.0:34621"
startupRole: FOLLOWER
,id: "s2"
address: "0.0.0.0:40769"
clientAddress: "0.0.0.0:40769"
adminAddress: "0.0.0.0:40769"
startupRole: FOLLOWER
, old:), (t:1, i:124), METADATAENTRY(c:123)]
2023-03-07 04:41:26,193 INFO  server.RaftServer$Division (ServerState.java:setRaftConf(378)) - s1@group-A82F1EDBF13F: set configuration 121: peers:[s3|rpc:0.0.0.0:43243|dataStream:|priority:0|startupRole:FOLLOWER, s4|rpc:0.0.0.0:34427|dataStream:|priority:0|startupRole:FOLLOWER, s5|rpc:0.0.0.0:35843|dataStream:|priority:0|startupRole:FOLLOWER, s6|rpc:0.0.0.0:43509|dataStream:|priority:0|startupRole:FOLLOWER, s7|rpc:0.0.0.0:36409|dataStream:|priority:0|startupRole:FOLLOWER, s8|rpc:0.0.0.0:41505|dataStream:|priority:0|startupRole:FOLLOWER, s9|rpc:0.0.0.0:34365|dataStream:|priority:0|startupRole:FOLLOWER, s11|rpc:0.0.0.0:44621|dataStream:|priority:0|startupRole:FOLLOWER, s10|rpc:0.0.0.0:43353|dataStream:|priority:0|startupRole:FOLLOWER, s13|rpc:0.0.0.0:33759|dataStream:|priority:0|startupRole:FOLLOWER, s12|rpc:0.0.0.0:43391|dataStream:|priority:0|startupRole:FOLLOWER, s14|rpc:0.0.0.0:41557|dataStream:|priority:0|startupRole:FOLLOWER, s0|rpc:0.0.0.0:45573|dataStream:|priority:0|startupRole:FOLLOWER, s1|rpc:0.0.0.0:34621|dataStream:|priority:0|startupRole:FOLLOWER, s2|rpc:0.0.0.0:40769|dataStream:|priority:0|startupRole:FOLLOWER]|listeners:[], old=peers:[s11|rpc:0.0.0.0:44621|dataStream:|priority:0|startupRole:FOLLOWER, s13|rpc:0.0.0.0:33759|dataStream:|priority:0|startupRole:FOLLOWER, s12|rpc:0.0.0.0:43391|dataStream:|priority:0|startupRole:FOLLOWER]|listeners:[]
2023-03-07 04:41:26,193 INFO  server.RaftServer$Division (ServerState.java:setRaftConf(378)) - s1@group-A82F1EDBF13F: set configuration 123: peers:[s3|rpc:0.0.0.0:43243|dataStream:|priority:0|startupRole:FOLLOWER, s4|rpc:0.0.0.0:34427|dataStream:|priority:0|startupRole:FOLLOWER, s5|rpc:0.0.0.0:35843|dataStream:|priority:0|startupRole:FOLLOWER, s6|rpc:0.0.0.0:43509|dataStream:|priority:0|startupRole:FOLLOWER, s7|rpc:0.0.0.0:36409|dataStream:|priority:0|startupRole:FOLLOWER, s8|rpc:0.0.0.0:41505|dataStream:|priority:0|startupRole:FOLLOWER, s9|rpc:0.0.0.0:34365|dataStream:|priority:0|startupRole:FOLLOWER, s11|rpc:0.0.0.0:44621|dataStream:|priority:0|startupRole:FOLLOWER, s10|rpc:0.0.0.0:43353|dataStream:|priority:0|startupRole:FOLLOWER, s13|rpc:0.0.0.0:33759|dataStream:|priority:0|startupRole:FOLLOWER, s12|rpc:0.0.0.0:43391|dataStream:|priority:0|startupRole:FOLLOWER, s14|rpc:0.0.0.0:41557|dataStream:|priority:0|startupRole:FOLLOWER, s0|rpc:0.0.0.0:45573|dataStream:|priority:0|startupRole:FOLLOWER, s1|rpc:0.0.0.0:34621|dataStream:|priority:0|startupRole:FOLLOWER, s2|rpc:0.0.0.0:40769|dataStream:|priority:0|startupRole:FOLLOWER]|listeners:[], old=null
2023-03-07 04:41:26,193 DEBUG server.RaftServer$Division (RaftServerImpl.java:logAppendEntries(1429)) - s6@group-A82F1EDBF13F: succeeded to handle AppendEntries. Reply: s11<-s6#7428:OK-t1,SUCCESS,nextIndex=124,followerCommit=121,matchIndex=123
2023-03-07 04:41:26,194 DEBUG server.RaftServer$Division (RaftServerImpl.java:logAppendEntries(1429)) - s1@group-A82F1EDBF13F: succeeded to handle AppendEntries. Reply: s11<-s1#7441:OK-t1,SUCCESS,nextIndex=125,followerCommit=124,matchIndex=124
2023-03-07 04:41:26,194 DEBUG server.RaftServer$Division (RaftServerImpl.java:logAppendEntries(1429)) - s6@group-A82F1EDBF13F: receive appendEntries(s11, 1, (t:1, i:123), 124, true, commits:[s11:c124, s13:c123, s12:c123, s3:c123, s4:c123, s5:c123, s10:c123, s6:c121, s7:c-1, s8:c123, s9:c123, s14:c123, s0:c123, s1:c120, s2:c123], cId:7442, entries: [(t:1, i:124), METADATAENTRY(c:123)]
2023-03-07 04:41:26,194 INFO  segmented.SegmentedRaftLogWorker (SegmentedRaftLogWorker.java:execute(630)) - s7@group-A82F1EDBF13F-SegmentedRaftLogWorker: created new log segment /home/runner/work/ratis/ratis/ratis-examples/target/test/data/fa33b8e4/MiniRaftClusterWithNettye7083e71/s7/b7243742-f885-4ba8-ad2e-a82f1edbf13f/current/log_inprogress_0
2023-03-07 04:41:26,194 DEBUG server.RaftServer$Division (RaftServerImpl.java:logAppendEntries(1429)) - s6@group-A82F1EDBF13F: succeeded to handle AppendEntries. Reply: s11<-s6#7442:OK-t1,SUCCESS,nextIndex=125,followerCommit=124,matchIndex=124
2023-03-07 04:41:26,196 DEBUG server.RaftServer$Division (RaftServerImpl.java:logAppendEntries(1429)) - s7@group-A82F1EDBF13F: succeeded to handle AppendEntries. Reply: s11<-s7#7404:OK-t1,SUCCESS,nextIndex=121,followerCommit=120,matchIndex=120
2023-03-07 04:41:26,197 DEBUG server.RaftServer$Division (RaftServerImpl.java:logAppendEntries(1429)) - s7@group-A82F1EDBF13F: receive appendEntries(s11, 1, (t:1, i:120), 124, true, commits:[s11:c124, s13:c123, s12:c123, s3:c123, s4:c123, s5:c123, s10:c123, s6:c124, s7:c120, s8:c123, s9:c123, s14:c123, s0:c123, s1:c124, s2:c123], cId:7443, entries: [(t:1, i:121), CONFIGURATIONENTRY(current:id: "s3"
address: "0.0.0.0:43243"
clientAddress: "0.0.0.0:43243"
adminAddress: "0.0.0.0:43243"
startupRole: FOLLOWER
,id: "s4"
address: "0.0.0.0:34427"
clientAddress: "0.0.0.0:34427"
adminAddress: "0.0.0.0:34427"
startupRole: FOLLOWER
,id: "s5"
address: "0.0.0.0:35843"
clientAddress: "0.0.0.0:35843"
adminAddress: "0.0.0.0:35843"
startupRole: FOLLOWER
,id: "s6"
address: "0.0.0.0:43509"
clientAddress: "0.0.0.0:43509"
adminAddress: "0.0.0.0:43509"
startupRole: FOLLOWER
,id: "s7"
address: "0.0.0.0:36409"
clientAddress: "0.0.0.0:36409"
adminAddress: "0.0.0.0:36409"
startupRole: FOLLOWER
,id: "s8"
address: "0.0.0.0:41505"
clientAddress: "0.0.0.0:41505"
adminAddress: "0.0.0.0:41505"
startupRole: FOLLOWER
,id: "s9"
address: "0.0.0.0:34365"
clientAddress: "0.0.0.0:34365"
adminAddress: "0.0.0.0:34365"
startupRole: FOLLOWER
,id: "s11"
address: "0.0.0.0:44621"
clientAddress: "0.0.0.0:44621"
adminAddress: "0.0.0.0:44621"
startupRole: FOLLOWER
,id: "s10"
address: "0.0.0.0:43353"
clientAddress: "0.0.0.0:43353"
adminAddress: "0.0.0.0:43353"
startupRole: FOLLOWER
,id: "s13"
address: "0.0.0.0:33759"
clientAddress: "0.0.0.0:33759"
adminAddress: "0.0.0.0:33759"
startupRole: FOLLOWER
,id: "s12"
address: "0.0.0.0:43391"
clientAddress: "0.0.0.0:43391"
adminAddress: "0.0.0.0:43391"
startupRole: FOLLOWER
,id: "s14"
address: "0.0.0.0:41557"
clientAddress: "0.0.0.0:41557"
adminAddress: "0.0.0.0:41557"
startupRole: FOLLOWER
,id: "s0"
address: "0.0.0.0:45573"
clientAddress: "0.0.0.0:45573"
adminAddress: "0.0.0.0:45573"
startupRole: FOLLOWER
,id: "s1"
address: "0.0.0.0:34621"
clientAddress: "0.0.0.0:34621"
adminAddress: "0.0.0.0:34621"
startupRole: FOLLOWER
,id: "s2"
address: "0.0.0.0:40769"
clientAddress: "0.0.0.0:40769"
adminAddress: "0.0.0.0:40769"
startupRole: FOLLOWER
, old:id: "s11"
address: "0.0.0.0:44621"
clientAddress: "0.0.0.0:44621"
adminAddress: "0.0.0.0:44621"
startupRole: FOLLOWER
,id: "s13"
address: "0.0.0.0:33759"
clientAddress: "0.0.0.0:33759"
adminAddress: "0.0.0.0:33759"
startupRole: FOLLOWER
,id: "s12"
address: "0.0.0.0:43391"
clientAddress: "0.0.0.0:43391"
adminAddress: "0.0.0.0:43391"
startupRole: FOLLOWER
), (t:1, i:122), METADATAENTRY(c:121), (t:1, i:123), CONFIGURATIONENTRY(current:id: "s3"
address: "0.0.0.0:43243"
clientAddress: "0.0.0.0:43243"
adminAddress: "0.0.0.0:43243"
startupRole: FOLLOWER
,id: "s4"
address: "0.0.0.0:34427"
clientAddress: "0.0.0.0:34427"
adminAddress: "0.0.0.0:34427"
startupRole: FOLLOWER
,id: "s5"
address: "0.0.0.0:35843"
clientAddress: "0.0.0.0:35843"
adminAddress: "0.0.0.0:35843"
startupRole: FOLLOWER
,id: "s6"
address: "0.0.0.0:43509"
clientAddress: "0.0.0.0:43509"
adminAddress: "0.0.0.0:43509"
startupRole: FOLLOWER
,id: "s7"
address: "0.0.0.0:36409"
clientAddress: "0.0.0.0:36409"
adminAddress: "0.0.0.0:36409"
startupRole: FOLLOWER
,id: "s8"
address: "0.0.0.0:41505"
clientAddress: "0.0.0.0:41505"
adminAddress: "0.0.0.0:41505"
startupRole: FOLLOWER
,id: "s9"
address: "0.0.0.0:34365"
clientAddress: "0.0.0.0:34365"
adminAddress: "0.0.0.0:34365"
startupRole: FOLLOWER
,id: "s11"
address: "0.0.0.0:44621"
clientAddress: "0.0.0.0:44621"
adminAddress: "0.0.0.0:44621"
startupRole: FOLLOWER
,id: "s10"
address: "0.0.0.0:43353"
clientAddress: "0.0.0.0:43353"
adminAddress: "0.0.0.0:43353"
startupRole: FOLLOWER
,id: "s13"
address: "0.0.0.0:33759"
clientAddress: "0.0.0.0:33759"
adminAddress: "0.0.0.0:33759"
startupRole: FOLLOWER
,id: "s12"
address: "0.0.0.0:43391"
clientAddress: "0.0.0.0:43391"
adminAddress: "0.0.0.0:43391"
startupRole: FOLLOWER
,id: "s14"
address: "0.0.0.0:41557"
clientAddress: "0.0.0.0:41557"
adminAddress: "0.0.0.0:41557"
startupRole: FOLLOWER
,id: "s0"
address: "0.0.0.0:45573"
clientAddress: "0.0.0.0:45573"
adminAddress: "0.0.0.0:45573"
startupRole: FOLLOWER
,id: "s1"
address: "0.0.0.0:34621"
clientAddress: "0.0.0.0:34621"
adminAddress: "0.0.0.0:34621"
startupRole: FOLLOWER
,id: "s2"
address: "0.0.0.0:40769"
clientAddress: "0.0.0.0:40769"
adminAddress: "0.0.0.0:40769"
startupRole: FOLLOWER
, old:), (t:1, i:124), METADATAENTRY(c:123)]
2023-03-07 04:41:26,197 INFO  server.RaftServer$Division (ServerState.java:setRaftConf(378)) - s7@group-A82F1EDBF13F: set configuration 121: peers:[s3|rpc:0.0.0.0:43243|dataStream:|priority:0|startupRole:FOLLOWER, s4|rpc:0.0.0.0:34427|dataStream:|priority:0|startupRole:FOLLOWER, s5|rpc:0.0.0.0:35843|dataStream:|priority:0|startupRole:FOLLOWER, s6|rpc:0.0.0.0:43509|dataStream:|priority:0|startupRole:FOLLOWER, s7|rpc:0.0.0.0:36409|dataStream:|priority:0|startupRole:FOLLOWER, s8|rpc:0.0.0.0:41505|dataStream:|priority:0|startupRole:FOLLOWER, s9|rpc:0.0.0.0:34365|dataStream:|priority:0|startupRole:FOLLOWER, s11|rpc:0.0.0.0:44621|dataStream:|priority:0|startupRole:FOLLOWER, s10|rpc:0.0.0.0:43353|dataStream:|priority:0|startupRole:FOLLOWER, s13|rpc:0.0.0.0:33759|dataStream:|priority:0|startupRole:FOLLOWER, s12|rpc:0.0.0.0:43391|dataStream:|priority:0|startupRole:FOLLOWER, s14|rpc:0.0.0.0:41557|dataStream:|priority:0|startupRole:FOLLOWER, s0|rpc:0.0.0.0:45573|dataStream:|priority:0|startupRole:FOLLOWER, s1|rpc:0.0.0.0:34621|dataStream:|priority:0|startupRole:FOLLOWER, s2|rpc:0.0.0.0:40769|dataStream:|priority:0|startupRole:FOLLOWER]|listeners:[], old=peers:[s11|rpc:0.0.0.0:44621|dataStream:|priority:0|startupRole:FOLLOWER, s13|rpc:0.0.0.0:33759|dataStream:|priority:0|startupRole:FOLLOWER, s12|rpc:0.0.0.0:43391|dataStream:|priority:0|startupRole:FOLLOWER]|listeners:[]
2023-03-07 04:41:26,197 INFO  server.RaftServer$Division (ServerState.java:setRaftConf(378)) - s7@group-A82F1EDBF13F: set configuration 123: peers:[s3|rpc:0.0.0.0:43243|dataStream:|priority:0|startupRole:FOLLOWER, s4|rpc:0.0.0.0:34427|dataStream:|priority:0|startupRole:FOLLOWER, s5|rpc:0.0.0.0:35843|dataStream:|priority:0|startupRole:FOLLOWER, s6|rpc:0.0.0.0:43509|dataStream:|priority:0|startupRole:FOLLOWER, s7|rpc:0.0.0.0:36409|dataStream:|priority:0|startupRole:FOLLOWER, s8|rpc:0.0.0.0:41505|dataStream:|priority:0|startupRole:FOLLOWER, s9|rpc:0.0.0.0:34365|dataStream:|priority:0|startupRole:FOLLOWER, s11|rpc:0.0.0.0:44621|dataStream:|priority:0|startupRole:FOLLOWER, s10|rpc:0.0.0.0:43353|dataStream:|priority:0|startupRole:FOLLOWER, s13|rpc:0.0.0.0:33759|dataStream:|priority:0|startupRole:FOLLOWER, s12|rpc:0.0.0.0:43391|dataStream:|priority:0|startupRole:FOLLOWER, s14|rpc:0.0.0.0:41557|dataStream:|priority:0|startupRole:FOLLOWER, s0|rpc:0.0.0.0:45573|dataStream:|priority:0|startupRole:FOLLOWER, s1|rpc:0.0.0.0:34621|dataStream:|priority:0|startupRole:FOLLOWER, s2|rpc:0.0.0.0:40769|dataStream:|priority:0|startupRole:FOLLOWER]|listeners:[], old=null
2023-03-07 04:41:26,198 DEBUG server.RaftServer$Division (RaftServerImpl.java:logAppendEntries(1429)) - s7@group-A82F1EDBF13F: succeeded to handle AppendEntries. Reply: s11<-s7#7443:OK-t1,SUCCESS,nextIndex=125,followerCommit=124,matchIndex=124
2023-03-07 04:41:26,208 INFO  server.RaftServerConfigKeys (ConfUtils.java:logGet(46)) - raft.server.rpc.timeout.max = 600ms (custom)
2023-03-07 04:41:26,208 INFO  ratis.RaftTestUtil (RaftTestUtil.java:waitForLeader(100)) - printing ALL groups
  s3:  RUNNING [
   FOLLOWER s3@group-FAA53D5BC7BE:t0, leader=null, voted=, raftlog=Memoized:s3@group-FAA53D5BC7BE-SegmentedRaftLog:OPENED:c-1, conf=-1: peers:[]|listeners:[], old=null STARTING
   FOLLOWER s3@group-A82F1EDBF13F:t1, leader=s11, voted=null, raftlog=Memoized:s3@group-A82F1EDBF13F-SegmentedRaftLog:OPENED:c123, conf=123: peers:[s3|rpc:0.0.0.0:43243|dataStream:|priority:0|startupRole:FOLLOWER, s4|rpc:0.0.0.0:34427|dataStream:|priority:0|startupRole:FOLLOWER, s5|rpc:0.0.0.0:35843|dataStream:|priority:0|startupRole:FOLLOWER, s6|rpc:0.0.0.0:43509|dataStream:|priority:0|startupRole:FOLLOWER, s7|rpc:0.0.0.0:36409|dataStream:|priority:0|startupRole:FOLLOWER, s8|rpc:0.0.0.0:41505|dataStream:|priority:0|startupRole:FOLLOWER, s9|rpc:0.0.0.0:34365|dataStream:|priority:0|startupRole:FOLLOWER, s11|rpc:0.0.0.0:44621|dataStream:|priority:0|startupRole:FOLLOWER, s10|rpc:0.0.0.0:43353|dataStream:|priority:0|startupRole:FOLLOWER, s13|rpc:0.0.0.0:33759|dataStream:|priority:0|startupRole:FOLLOWER, s12|rpc:0.0.0.0:43391|dataStream:|priority:0|startupRole:FOLLOWER, s14|rpc:0.0.0.0:41557|dataStream:|priority:0|startupRole:FOLLOWER, s0|rpc:0.0.0.0:45573|dataStream:|priority:0|startupRole:FOLLOWER, s1|rpc:0.0.0.0:34621|dataStream:|priority:0|startupRole:FOLLOWER, s2|rpc:0.0.0.0:40769|dataStream:|priority:0|startupRole:FOLLOWER]|listeners:[], old=null RUNNING] size=2
  s4:  RUNNING [
   FOLLOWER s4@group-FAA53D5BC7BE:t0, leader=null, voted=, raftlog=Memoized:s4@group-FAA53D5BC7BE-SegmentedRaftLog:OPENED:c-1, conf=-1: peers:[]|listeners:[], old=null STARTING
   FOLLOWER s4@group-A82F1EDBF13F:t1, leader=s11, voted=null, raftlog=Memoized:s4@group-A82F1EDBF13F-SegmentedRaftLog:OPENED:c123, conf=123: peers:[s3|rpc:0.0.0.0:43243|dataStream:|priority:0|startupRole:FOLLOWER, s4|rpc:0.0.0.0:34427|dataStream:|priority:0|startupRole:FOLLOWER, s5|rpc:0.0.0.0:35843|dataStream:|priority:0|startupRole:FOLLOWER, s6|rpc:0.0.0.0:43509|dataStream:|priority:0|startupRole:FOLLOWER, s7|rpc:0.0.0.0:36409|dataStream:|priority:0|startupRole:FOLLOWER, s8|rpc:0.0.0.0:41505|dataStream:|priority:0|startupRole:FOLLOWER, s9|rpc:0.0.0.0:34365|dataStream:|priority:0|startupRole:FOLLOWER, s11|rpc:0.0.0.0:44621|dataStream:|priority:0|startupRole:FOLLOWER, s10|rpc:0.0.0.0:43353|dataStream:|priority:0|startupRole:FOLLOWER, s13|rpc:0.0.0.0:33759|dataStream:|priority:0|startupRole:FOLLOWER, s12|rpc:0.0.0.0:43391|dataStream:|priority:0|startupRole:FOLLOWER, s14|rpc:0.0.0.0:41557|dataStream:|priority:0|startupRole:FOLLOWER, s0|rpc:0.0.0.0:45573|dataStream:|priority:0|startupRole:FOLLOWER, s1|rpc:0.0.0.0:34621|dataStream:|priority:0|startupRole:FOLLOWER, s2|rpc:0.0.0.0:40769|dataStream:|priority:0|startupRole:FOLLOWER]|listeners:[], old=null RUNNING] size=2
  s5:  RUNNING [
   FOLLOWER s5@group-FAA53D5BC7BE:t0, leader=null, voted=, raftlog=Memoized:s5@group-FAA53D5BC7BE-SegmentedRaftLog:OPENED:c-1, conf=-1: peers:[]|listeners:[], old=null STARTING
   FOLLOWER s5@group-A82F1EDBF13F:t1, leader=s11, voted=null, raftlog=Memoized:s5@group-A82F1EDBF13F-SegmentedRaftLog:OPENED:c123, conf=123: peers:[s3|rpc:0.0.0.0:43243|dataStream:|priority:0|startupRole:FOLLOWER, s4|rpc:0.0.0.0:34427|dataStream:|priority:0|startupRole:FOLLOWER, s5|rpc:0.0.0.0:35843|dataStream:|priority:0|startupRole:FOLLOWER, s6|rpc:0.0.0.0:43509|dataStream:|priority:0|startupRole:FOLLOWER, s7|rpc:0.0.0.0:36409|dataStream:|priority:0|startupRole:FOLLOWER, s8|rpc:0.0.0.0:41505|dataStream:|priority:0|startupRole:FOLLOWER, s9|rpc:0.0.0.0:34365|dataStream:|priority:0|startupRole:FOLLOWER, s11|rpc:0.0.0.0:44621|dataStream:|priority:0|startupRole:FOLLOWER, s10|rpc:0.0.0.0:43353|dataStream:|priority:0|startupRole:FOLLOWER, s13|rpc:0.0.0.0:33759|dataStream:|priority:0|startupRole:FOLLOWER, s12|rpc:0.0.0.0:43391|dataStream:|priority:0|startupRole:FOLLOWER, s14|rpc:0.0.0.0:41557|dataStream:|priority:0|startupRole:FOLLOWER, s0|rpc:0.0.0.0:45573|dataStream:|priority:0|startupRole:FOLLOWER, s1|rpc:0.0.0.0:34621|dataStream:|priority:0|startupRole:FOLLOWER, s2|rpc:0.0.0.0:40769|dataStream:|priority:0|startupRole:FOLLOWER]|listeners:[], old=null RUNNING] size=2
  s6:  RUNNING [
   FOLLOWER s6@group-FAA53D5BC7BE:t0, leader=null, voted=, raftlog=Memoized:s6@group-FAA53D5BC7BE-SegmentedRaftLog:OPENED:c-1, conf=-1: peers:[]|listeners:[], old=null STARTING
   FOLLOWER s6@group-A82F1EDBF13F:t1, leader=s11, voted=null, raftlog=Memoized:s6@group-A82F1EDBF13F-SegmentedRaftLog:OPENED:c124, conf=123: peers:[s3|rpc:0.0.0.0:43243|dataStream:|priority:0|startupRole:FOLLOWER, s4|rpc:0.0.0.0:34427|dataStream:|priority:0|startupRole:FOLLOWER, s5|rpc:0.0.0.0:35843|dataStream:|priority:0|startupRole:FOLLOWER, s6|rpc:0.0.0.0:43509|dataStream:|priority:0|startupRole:FOLLOWER, s7|rpc:0.0.0.0:36409|dataStream:|priority:0|startupRole:FOLLOWER, s8|rpc:0.0.0.0:41505|dataStream:|priority:0|startupRole:FOLLOWER, s9|rpc:0.0.0.0:34365|dataStream:|priority:0|startupRole:FOLLOWER, s11|rpc:0.0.0.0:44621|dataStream:|priority:0|startupRole:FOLLOWER, s10|rpc:0.0.0.0:43353|dataStream:|priority:0|startupRole:FOLLOWER, s13|rpc:0.0.0.0:33759|dataStream:|priority:0|startupRole:FOLLOWER, s12|rpc:0.0.0.0:43391|dataStream:|priority:0|startupRole:FOLLOWER, s14|rpc:0.0.0.0:41557|dataStream:|priority:0|startupRole:FOLLOWER, s0|rpc:0.0.0.0:45573|dataStream:|priority:0|startupRole:FOLLOWER, s1|rpc:0.0.0.0:34621|dataStream:|priority:0|startupRole:FOLLOWER, s2|rpc:0.0.0.0:40769|dataStream:|priority:0|startupRole:FOLLOWER]|listeners:[], old=null RUNNING] size=2
  s7:  RUNNING [
   FOLLOWER s7@group-FAA53D5BC7BE:t0, leader=null, voted=, raftlog=Memoized:s7@group-FAA53D5BC7BE-SegmentedRaftLog:OPENED:c-1, conf=-1: peers:[]|listeners:[], old=null STARTING
   FOLLOWER s7@group-A82F1EDBF13F:t1, leader=s11, voted=null, raftlog=Memoized:s7@group-A82F1EDBF13F-SegmentedRaftLog:OPENED:c124, conf=123: peers:[s3|rpc:0.0.0.0:43243|dataStream:|priority:0|startupRole:FOLLOWER, s4|rpc:0.0.0.0:34427|dataStream:|priority:0|startupRole:FOLLOWER, s5|rpc:0.0.0.0:35843|dataStream:|priority:0|startupRole:FOLLOWER, s6|rpc:0.0.0.0:43509|dataStream:|priority:0|startupRole:FOLLOWER, s7|rpc:0.0.0.0:36409|dataStream:|priority:0|startupRole:FOLLOWER, s8|rpc:0.0.0.0:41505|dataStream:|priority:0|startupRole:FOLLOWER, s9|rpc:0.0.0.0:34365|dataStream:|priority:0|startupRole:FOLLOWER, s11|rpc:0.0.0.0:44621|dataStream:|priority:0|startupRole:FOLLOWER, s10|rpc:0.0.0.0:43353|dataStream:|priority:0|startupRole:FOLLOWER, s13|rpc:0.0.0.0:33759|dataStream:|priority:0|startupRole:FOLLOWER, s12|rpc:0.0.0.0:43391|dataStream:|priority:0|startupRole:FOLLOWER, s14|rpc:0.0.0.0:41557|dataStream:|priority:0|startupRole:FOLLOWER, s0|rpc:0.0.0.0:45573|dataStream:|priority:0|startupRole:FOLLOWER, s1|rpc:0.0.0.0:34621|dataStream:|priority:0|startupRole:FOLLOWER, s2|rpc:0.0.0.0:40769|dataStream:|priority:0|startupRole:FOLLOWER]|listeners:[], old=null RUNNING] size=2
  s8:  RUNNING [
   FOLLOWER s8@group-FAA53D5BC7BE:t0, leader=null, voted=, raftlog=Memoized:s8@group-FAA53D5BC7BE-SegmentedRaftLog:OPENED:c-1, conf=-1: peers:[]|listeners:[], old=null STARTING
   FOLLOWER s8@group-A82F1EDBF13F:t1, leader=s11, voted=null, raftlog=Memoized:s8@group-A82F1EDBF13F-SegmentedRaftLog:OPENED:c123, conf=123: peers:[s3|rpc:0.0.0.0:43243|dataStream:|priority:0|startupRole:FOLLOWER, s4|rpc:0.0.0.0:34427|dataStream:|priority:0|startupRole:FOLLOWER, s5|rpc:0.0.0.0:35843|dataStream:|priority:0|startupRole:FOLLOWER, s6|rpc:0.0.0.0:43509|dataStream:|priority:0|startupRole:FOLLOWER, s7|rpc:0.0.0.0:36409|dataStream:|priority:0|startupRole:FOLLOWER, s8|rpc:0.0.0.0:41505|dataStream:|priority:0|startupRole:FOLLOWER, s9|rpc:0.0.0.0:34365|dataStream:|priority:0|startupRole:FOLLOWER, s11|rpc:0.0.0.0:44621|dataStream:|priority:0|startupRole:FOLLOWER, s10|rpc:0.0.0.0:43353|dataStream:|priority:0|startupRole:FOLLOWER, s13|rpc:0.0.0.0:33759|dataStream:|priority:0|startupRole:FOLLOWER, s12|rpc:0.0.0.0:43391|dataStream:|priority:0|startupRole:FOLLOWER, s14|rpc:0.0.0.0:41557|dataStream:|priority:0|startupRole:FOLLOWER, s0|rpc:0.0.0.0:45573|dataStream:|priority:0|startupRole:FOLLOWER, s1|rpc:0.0.0.0:34621|dataStream:|priority:0|startupRole:FOLLOWER, s2|rpc:0.0.0.0:40769|dataStream:|priority:0|startupRole:FOLLOWER]|listeners:[], old=null RUNNING] size=2
  s9:  RUNNING [
   FOLLOWER s9@group-FAA53D5BC7BE:t0, leader=null, voted=, raftlog=Memoized:s9@group-FAA53D5BC7BE-SegmentedRaftLog:OPENED:c-1, conf=-1: peers:[]|listeners:[], old=null STARTING
   FOLLOWER s9@group-A82F1EDBF13F:t1, leader=s11, voted=null, raftlog=Memoized:s9@group-A82F1EDBF13F-SegmentedRaftLog:OPENED:c123, conf=123: peers:[s3|rpc:0.0.0.0:43243|dataStream:|priority:0|startupRole:FOLLOWER, s4|rpc:0.0.0.0:34427|dataStream:|priority:0|startupRole:FOLLOWER, s5|rpc:0.0.0.0:35843|dataStream:|priority:0|startupRole:FOLLOWER, s6|rpc:0.0.0.0:43509|dataStream:|priority:0|startupRole:FOLLOWER, s7|rpc:0.0.0.0:36409|dataStream:|priority:0|startupRole:FOLLOWER, s8|rpc:0.0.0.0:41505|dataStream:|priority:0|startupRole:FOLLOWER, s9|rpc:0.0.0.0:34365|dataStream:|priority:0|startupRole:FOLLOWER, s11|rpc:0.0.0.0:44621|dataStream:|priority:0|startupRole:FOLLOWER, s10|rpc:0.0.0.0:43353|dataStream:|priority:0|startupRole:FOLLOWER, s13|rpc:0.0.0.0:33759|dataStream:|priority:0|startupRole:FOLLOWER, s12|rpc:0.0.0.0:43391|dataStream:|priority:0|startupRole:FOLLOWER, s14|rpc:0.0.0.0:41557|dataStream:|priority:0|startupRole:FOLLOWER, s0|rpc:0.0.0.0:45573|dataStream:|priority:0|startupRole:FOLLOWER, s1|rpc:0.0.0.0:34621|dataStream:|priority:0|startupRole:FOLLOWER, s2|rpc:0.0.0.0:40769|dataStream:|priority:0|startupRole:FOLLOWER]|listeners:[], old=null RUNNING] size=2
  s11:  RUNNING [
   FOLLOWER s11@group-FAA53D5BC7BE:t0, leader=null, voted=, raftlog=Memoized:s11@group-FAA53D5BC7BE-SegmentedRaftLog:OPENED:c-1, conf=-1: peers:[]|listeners:[], old=null STARTING
     LEADER s11@group-A82F1EDBF13F:t1, leader=s11, voted=s11, raftlog=Memoized:s11@group-A82F1EDBF13F-SegmentedRaftLog:OPENED:c124, conf=123: peers:[s3|rpc:0.0.0.0:43243|dataStream:|priority:0|startupRole:FOLLOWER, s4|rpc:0.0.0.0:34427|dataStream:|priority:0|startupRole:FOLLOWER, s5|rpc:0.0.0.0:35843|dataStream:|priority:0|startupRole:FOLLOWER, s6|rpc:0.0.0.0:43509|dataStream:|priority:0|startupRole:FOLLOWER, s7|rpc:0.0.0.0:36409|dataStream:|priority:0|startupRole:FOLLOWER, s8|rpc:0.0.0.0:41505|dataStream:|priority:0|startupRole:FOLLOWER, s9|rpc:0.0.0.0:34365|dataStream:|priority:0|startupRole:FOLLOWER, s11|rpc:0.0.0.0:44621|dataStream:|priority:0|startupRole:FOLLOWER, s10|rpc:0.0.0.0:43353|dataStream:|priority:0|startupRole:FOLLOWER, s13|rpc:0.0.0.0:33759|dataStream:|priority:0|startupRole:FOLLOWER, s12|rpc:0.0.0.0:43391|dataStream:|priority:0|startupRole:FOLLOWER, s14|rpc:0.0.0.0:41557|dataStream:|priority:0|startupRole:FOLLOWER, s0|rpc:0.0.0.0:45573|dataStream:|priority:0|startupRole:FOLLOWER, s1|rpc:0.0.0.0:34621|dataStream:|priority:0|startupRole:FOLLOWER, s2|rpc:0.0.0.0:40769|dataStream:|priority:0|startupRole:FOLLOWER]|listeners:[], old=null RUNNING] size=2
  s10:  RUNNING [
   FOLLOWER s10@group-FAA53D5BC7BE:t0, leader=null, voted=, raftlog=Memoized:s10@group-FAA53D5BC7BE-SegmentedRaftLog:OPENED:c-1, conf=-1: peers:[]|listeners:[], old=null STARTING
   FOLLOWER s10@group-A82F1EDBF13F:t1, leader=s11, voted=null, raftlog=Memoized:s10@group-A82F1EDBF13F-SegmentedRaftLog:OPENED:c123, conf=123: peers:[s3|rpc:0.0.0.0:43243|dataStream:|priority:0|startupRole:FOLLOWER, s4|rpc:0.0.0.0:34427|dataStream:|priority:0|startupRole:FOLLOWER, s5|rpc:0.0.0.0:35843|dataStream:|priority:0|startupRole:FOLLOWER, s6|rpc:0.0.0.0:43509|dataStream:|priority:0|startupRole:FOLLOWER, s7|rpc:0.0.0.0:36409|dataStream:|priority:0|startupRole:FOLLOWER, s8|rpc:0.0.0.0:41505|dataStream:|priority:0|startupRole:FOLLOWER, s9|rpc:0.0.0.0:34365|dataStream:|priority:0|startupRole:FOLLOWER, s11|rpc:0.0.0.0:44621|dataStream:|priority:0|startupRole:FOLLOWER, s10|rpc:0.0.0.0:43353|dataStream:|priority:0|startupRole:FOLLOWER, s13|rpc:0.0.0.0:33759|dataStream:|priority:0|startupRole:FOLLOWER, s12|rpc:0.0.0.0:43391|dataStream:|priority:0|startupRole:FOLLOWER, s14|rpc:0.0.0.0:41557|dataStream:|priority:0|startupRole:FOLLOWER, s0|rpc:0.0.0.0:45573|dataStream:|priority:0|startupRole:FOLLOWER, s1|rpc:0.0.0.0:34621|dataStream:|priority:0|startupRole:FOLLOWER, s2|rpc:0.0.0.0:40769|dataStream:|priority:0|startupRole:FOLLOWER]|listeners:[], old=null RUNNING] size=2
  s13:  RUNNING [
   FOLLOWER s13@group-FAA53D5BC7BE:t0, leader=null, voted=, raftlog=Memoized:s13@group-FAA53D5BC7BE-SegmentedRaftLog:OPENED:c-1, conf=-1: peers:[]|listeners:[], old=null STARTING
   FOLLOWER s13@group-A82F1EDBF13F:t1, leader=s11, voted=s11, raftlog=Memoized:s13@group-A82F1EDBF13F-SegmentedRaftLog:OPENED:c123, conf=123: peers:[s3|rpc:0.0.0.0:43243|dataStream:|priority:0|startupRole:FOLLOWER, s4|rpc:0.0.0.0:34427|dataStream:|priority:0|startupRole:FOLLOWER, s5|rpc:0.0.0.0:35843|dataStream:|priority:0|startupRole:FOLLOWER, s6|rpc:0.0.0.0:43509|dataStream:|priority:0|startupRole:FOLLOWER, s7|rpc:0.0.0.0:36409|dataStream:|priority:0|startupRole:FOLLOWER, s8|rpc:0.0.0.0:41505|dataStream:|priority:0|startupRole:FOLLOWER, s9|rpc:0.0.0.0:34365|dataStream:|priority:0|startupRole:FOLLOWER, s11|rpc:0.0.0.0:44621|dataStream:|priority:0|startupRole:FOLLOWER, s10|rpc:0.0.0.0:43353|dataStream:|priority:0|startupRole:FOLLOWER, s13|rpc:0.0.0.0:33759|dataStream:|priority:0|startupRole:FOLLOWER, s12|rpc:0.0.0.0:43391|dataStream:|priority:0|startupRole:FOLLOWER, s14|rpc:0.0.0.0:41557|dataStream:|priority:0|startupRole:FOLLOWER, s0|rpc:0.0.0.0:45573|dataStream:|priority:0|startupRole:FOLLOWER, s1|rpc:0.0.0.0:34621|dataStream:|priority:0|startupRole:FOLLOWER, s2|rpc:0.0.0.0:40769|dataStream:|priority:0|startupRole:FOLLOWER]|listeners:[], old=null RUNNING] size=2
  s12:  RUNNING [
   FOLLOWER s12@group-FAA53D5BC7BE:t0, leader=null, voted=, raftlog=Memoized:s12@group-FAA53D5BC7BE-SegmentedRaftLog:OPENED:c-1, conf=-1: peers:[]|listeners:[], old=null STARTING
   FOLLOWER s12@group-A82F1EDBF13F:t1, leader=s11, voted=s11, raftlog=Memoized:s12@group-A82F1EDBF13F-SegmentedRaftLog:OPENED:c123, conf=123: peers:[s3|rpc:0.0.0.0:43243|dataStream:|priority:0|startupRole:FOLLOWER, s4|rpc:0.0.0.0:34427|dataStream:|priority:0|startupRole:FOLLOWER, s5|rpc:0.0.0.0:35843|dataStream:|priority:0|startupRole:FOLLOWER, s6|rpc:0.0.0.0:43509|dataStream:|priority:0|startupRole:FOLLOWER, s7|rpc:0.0.0.0:36409|dataStream:|priority:0|startupRole:FOLLOWER, s8|rpc:0.0.0.0:41505|dataStream:|priority:0|startupRole:FOLLOWER, s9|rpc:0.0.0.0:34365|dataStream:|priority:0|startupRole:FOLLOWER, s11|rpc:0.0.0.0:44621|dataStream:|priority:0|startupRole:FOLLOWER, s10|rpc:0.0.0.0:43353|dataStream:|priority:0|startupRole:FOLLOWER, s13|rpc:0.0.0.0:33759|dataStream:|priority:0|startupRole:FOLLOWER, s12|rpc:0.0.0.0:43391|dataStream:|priority:0|startupRole:FOLLOWER, s14|rpc:0.0.0.0:41557|dataStream:|priority:0|startupRole:FOLLOWER, s0|rpc:0.0.0.0:45573|dataStream:|priority:0|startupRole:FOLLOWER, s1|rpc:0.0.0.0:34621|dataStream:|priority:0|startupRole:FOLLOWER, s2|rpc:0.0.0.0:40769|dataStream:|priority:0|startupRole:FOLLOWER]|listeners:[], old=null RUNNING] size=2
  s14:  RUNNING [
   FOLLOWER s14@group-FAA53D5BC7BE:t0, leader=null, voted=, raftlog=Memoized:s14@group-FAA53D5BC7BE-SegmentedRaftLog:OPENED:c-1, conf=-1: peers:[]|listeners:[], old=null STARTING
   FOLLOWER s14@group-A82F1EDBF13F:t1, leader=s11, voted=null, raftlog=Memoized:s14@group-A82F1EDBF13F-SegmentedRaftLog:OPENED:c123, conf=123: peers:[s3|rpc:0.0.0.0:43243|dataStream:|priority:0|startupRole:FOLLOWER, s4|rpc:0.0.0.0:34427|dataStream:|priority:0|startupRole:FOLLOWER, s5|rpc:0.0.0.0:35843|dataStream:|priority:0|startupRole:FOLLOWER, s6|rpc:0.0.0.0:43509|dataStream:|priority:0|startupRole:FOLLOWER, s7|rpc:0.0.0.0:36409|dataStream:|priority:0|startupRole:FOLLOWER, s8|rpc:0.0.0.0:41505|dataStream:|priority:0|startupRole:FOLLOWER, s9|rpc:0.0.0.0:34365|dataStream:|priority:0|startupRole:FOLLOWER, s11|rpc:0.0.0.0:44621|dataStream:|priority:0|startupRole:FOLLOWER, s10|rpc:0.0.0.0:43353|dataStream:|priority:0|startupRole:FOLLOWER, s13|rpc:0.0.0.0:33759|dataStream:|priority:0|startupRole:FOLLOWER, s12|rpc:0.0.0.0:43391|dataStream:|priority:0|startupRole:FOLLOWER, s14|rpc:0.0.0.0:41557|dataStream:|priority:0|startupRole:FOLLOWER, s0|rpc:0.0.0.0:45573|dataStream:|priority:0|startupRole:FOLLOWER, s1|rpc:0.0.0.0:34621|dataStream:|priority:0|startupRole:FOLLOWER, s2|rpc:0.0.0.0:40769|dataStream:|priority:0|startupRole:FOLLOWER]|listeners:[], old=null RUNNING] size=2
  s0:  RUNNING [
   FOLLOWER s0@group-FAA53D5BC7BE:t0, leader=null, voted=, raftlog=Memoized:s0@group-FAA53D5BC7BE-SegmentedRaftLog:OPENED:c-1, conf=-1: peers:[]|listeners:[], old=null STARTING
   FOLLOWER s0@group-A82F1EDBF13F:t1, leader=s11, voted=null, raftlog=Memoized:s0@group-A82F1EDBF13F-SegmentedRaftLog:OPENED:c123, conf=123: peers:[s3|rpc:0.0.0.0:43243|dataStream:|priority:0|startupRole:FOLLOWER, s4|rpc:0.0.0.0:34427|dataStream:|priority:0|startupRole:FOLLOWER, s5|rpc:0.0.0.0:35843|dataStream:|priority:0|startupRole:FOLLOWER, s6|rpc:0.0.0.0:43509|dataStream:|priority:0|startupRole:FOLLOWER, s7|rpc:0.0.0.0:36409|dataStream:|priority:0|startupRole:FOLLOWER, s8|rpc:0.0.0.0:41505|dataStream:|priority:0|startupRole:FOLLOWER, s9|rpc:0.0.0.0:34365|dataStream:|priority:0|startupRole:FOLLOWER, s11|rpc:0.0.0.0:44621|dataStream:|priority:0|startupRole:FOLLOWER, s10|rpc:0.0.0.0:43353|dataStream:|priority:0|startupRole:FOLLOWER, s13|rpc:0.0.0.0:33759|dataStream:|priority:0|startupRole:FOLLOWER, s12|rpc:0.0.0.0:43391|dataStream:|priority:0|startupRole:FOLLOWER, s14|rpc:0.0.0.0:41557|dataStream:|priority:0|startupRole:FOLLOWER, s0|rpc:0.0.0.0:45573|dataStream:|priority:0|startupRole:FOLLOWER, s1|rpc:0.0.0.0:34621|dataStream:|priority:0|startupRole:FOLLOWER, s2|rpc:0.0.0.0:40769|dataStream:|priority:0|startupRole:FOLLOWER]|listeners:[], old=null RUNNING] size=2
  s1:  RUNNING [
   FOLLOWER s1@group-FAA53D5BC7BE:t0, leader=null, voted=, raftlog=Memoized:s1@group-FAA53D5BC7BE-SegmentedRaftLog:OPENED:c-1, conf=-1: peers:[]|listeners:[], old=null STARTING
   FOLLOWER s1@group-A82F1EDBF13F:t1, leader=s11, voted=null, raftlog=Memoized:s1@group-A82F1EDBF13F-SegmentedRaftLog:OPENED:c124, conf=123: peers:[s3|rpc:0.0.0.0:43243|dataStream:|priority:0|startupRole:FOLLOWER, s4|rpc:0.0.0.0:34427|dataStream:|priority:0|startupRole:FOLLOWER, s5|rpc:0.0.0.0:35843|dataStream:|priority:0|startupRole:FOLLOWER, s6|rpc:0.0.0.0:43509|dataStream:|priority:0|startupRole:FOLLOWER, s7|rpc:0.0.0.0:36409|dataStream:|priority:0|startupRole:FOLLOWER, s8|rpc:0.0.0.0:41505|dataStream:|priority:0|startupRole:FOLLOWER, s9|rpc:0.0.0.0:34365|dataStream:|priority:0|startupRole:FOLLOWER, s11|rpc:0.0.0.0:44621|dataStream:|priority:0|startupRole:FOLLOWER, s10|rpc:0.0.0.0:43353|dataStream:|priority:0|startupRole:FOLLOWER, s13|rpc:0.0.0.0:33759|dataStream:|priority:0|startupRole:FOLLOWER, s12|rpc:0.0.0.0:43391|dataStream:|priority:0|startupRole:FOLLOWER, s14|rpc:0.0.0.0:41557|dataStream:|priority:0|startupRole:FOLLOWER, s0|rpc:0.0.0.0:45573|dataStream:|priority:0|startupRole:FOLLOWER, s1|rpc:0.0.0.0:34621|dataStream:|priority:0|startupRole:FOLLOWER, s2|rpc:0.0.0.0:40769|dataStream:|priority:0|startupRole:FOLLOWER]|listeners:[], old=null RUNNING] size=2
  s2:  RUNNING [
   FOLLOWER s2@group-FAA53D5BC7BE:t0, leader=null, voted=, raftlog=Memoized:s2@group-FAA53D5BC7BE-SegmentedRaftLog:OPENED:c-1, conf=-1: peers:[]|listeners:[], old=null STARTING
   FOLLOWER s2@group-A82F1EDBF13F:t1, leader=s11, voted=null, raftlog=Memoized:s2@group-A82F1EDBF13F-SegmentedRaftLog:OPENED:c123, conf=123: peers:[s3|rpc:0.0.0.0:43243|dataStream:|priority:0|startupRole:FOLLOWER, s4|rpc:0.0.0.0:34427|dataStream:|priority:0|startupRole:FOLLOWER, s5|rpc:0.0.0.0:35843|dataStream:|priority:0|startupRole:FOLLOWER, s6|rpc:0.0.0.0:43509|dataStream:|priority:0|startupRole:FOLLOWER, s7|rpc:0.0.0.0:36409|dataStream:|priority:0|startupRole:FOLLOWER, s8|rpc:0.0.0.0:41505|dataStream:|priority:0|startupRole:FOLLOWER, s9|rpc:0.0.0.0:34365|dataStream:|priority:0|startupRole:FOLLOWER, s11|rpc:0.0.0.0:44621|dataStream:|priority:0|startupRole:FOLLOWER, s10|rpc:0.0.0.0:43353|dataStream:|priority:0|startupRole:FOLLOWER, s13|rpc:0.0.0.0:33759|dataStream:|priority:0|startupRole:FOLLOWER, s12|rpc:0.0.0.0:43391|dataStream:|priority:0|startupRole:FOLLOWER, s14|rpc:0.0.0.0:41557|dataStream:|priority:0|startupRole:FOLLOWER, s0|rpc:0.0.0.0:45573|dataStream:|priority:0|startupRole:FOLLOWER, s1|rpc:0.0.0.0:34621|dataStream:|priority:0|startupRole:FOLLOWER, s2|rpc:0.0.0.0:40769|dataStream:|priority:0|startupRole:FOLLOWER]|listeners:[], old=null RUNNING] size=2
2023-03-07 04:41:26,209 INFO  ratis.RaftTestUtil (RaftTestUtil.java:waitForLeader(119)) - printing ALL groups
  s3:  RUNNING [
   FOLLOWER s3@group-FAA53D5BC7BE:t0, leader=null, voted=, raftlog=Memoized:s3@group-FAA53D5BC7BE-SegmentedRaftLog:OPENED:c-1, conf=-1: peers:[]|listeners:[], old=null STARTING
   FOLLOWER s3@group-A82F1EDBF13F:t1, leader=s11, voted=null, raftlog=Memoized:s3@group-A82F1EDBF13F-SegmentedRaftLog:OPENED:c123, conf=123: peers:[s3|rpc:0.0.0.0:43243|dataStream:|priority:0|startupRole:FOLLOWER, s4|rpc:0.0.0.0:34427|dataStream:|priority:0|startupRole:FOLLOWER, s5|rpc:0.0.0.0:35843|dataStream:|priority:0|startupRole:FOLLOWER, s6|rpc:0.0.0.0:43509|dataStream:|priority:0|startupRole:FOLLOWER, s7|rpc:0.0.0.0:36409|dataStream:|priority:0|startupRole:FOLLOWER, s8|rpc:0.0.0.0:41505|dataStream:|priority:0|startupRole:FOLLOWER, s9|rpc:0.0.0.0:34365|dataStream:|priority:0|startupRole:FOLLOWER, s11|rpc:0.0.0.0:44621|dataStream:|priority:0|startupRole:FOLLOWER, s10|rpc:0.0.0.0:43353|dataStream:|priority:0|startupRole:FOLLOWER, s13|rpc:0.0.0.0:33759|dataStream:|priority:0|startupRole:FOLLOWER, s12|rpc:0.0.0.0:43391|dataStream:|priority:0|startupRole:FOLLOWER, s14|rpc:0.0.0.0:41557|dataStream:|priority:0|startupRole:FOLLOWER, s0|rpc:0.0.0.0:45573|dataStream:|priority:0|startupRole:FOLLOWER, s1|rpc:0.0.0.0:34621|dataStream:|priority:0|startupRole:FOLLOWER, s2|rpc:0.0.0.0:40769|dataStream:|priority:0|startupRole:FOLLOWER]|listeners:[], old=null RUNNING] size=2
  s4:  RUNNING [
   FOLLOWER s4@group-FAA53D5BC7BE:t0, leader=null, voted=, raftlog=Memoized:s4@group-FAA53D5BC7BE-SegmentedRaftLog:OPENED:c-1, conf=-1: peers:[]|listeners:[], old=null STARTING
   FOLLOWER s4@group-A82F1EDBF13F:t1, leader=s11, voted=null, raftlog=Memoized:s4@group-A82F1EDBF13F-SegmentedRaftLog:OPENED:c123, conf=123: peers:[s3|rpc:0.0.0.0:43243|dataStream:|priority:0|startupRole:FOLLOWER, s4|rpc:0.0.0.0:34427|dataStream:|priority:0|startupRole:FOLLOWER, s5|rpc:0.0.0.0:35843|dataStream:|priority:0|startupRole:FOLLOWER, s6|rpc:0.0.0.0:43509|dataStream:|priority:0|startupRole:FOLLOWER, s7|rpc:0.0.0.0:36409|dataStream:|priority:0|startupRole:FOLLOWER, s8|rpc:0.0.0.0:41505|dataStream:|priority:0|startupRole:FOLLOWER, s9|rpc:0.0.0.0:34365|dataStream:|priority:0|startupRole:FOLLOWER, s11|rpc:0.0.0.0:44621|dataStream:|priority:0|startupRole:FOLLOWER, s10|rpc:0.0.0.0:43353|dataStream:|priority:0|startupRole:FOLLOWER, s13|rpc:0.0.0.0:33759|dataStream:|priority:0|startupRole:FOLLOWER, s12|rpc:0.0.0.0:43391|dataStream:|priority:0|startupRole:FOLLOWER, s14|rpc:0.0.0.0:41557|dataStream:|priority:0|startupRole:FOLLOWER, s0|rpc:0.0.0.0:45573|dataStream:|priority:0|startupRole:FOLLOWER, s1|rpc:0.0.0.0:34621|dataStream:|priority:0|startupRole:FOLLOWER, s2|rpc:0.0.0.0:40769|dataStream:|priority:0|startupRole:FOLLOWER]|listeners:[], old=null RUNNING] size=2
  s5:  RUNNING [
   FOLLOWER s5@group-FAA53D5BC7BE:t0, leader=null, voted=, raftlog=Memoized:s5@group-FAA53D5BC7BE-SegmentedRaftLog:OPENED:c-1, conf=-1: peers:[]|listeners:[], old=null STARTING
   FOLLOWER s5@group-A82F1EDBF13F:t1, leader=s11, voted=null, raftlog=Memoized:s5@group-A82F1EDBF13F-SegmentedRaftLog:OPENED:c123, conf=123: peers:[s3|rpc:0.0.0.0:43243|dataStream:|priority:0|startupRole:FOLLOWER, s4|rpc:0.0.0.0:34427|dataStream:|priority:0|startupRole:FOLLOWER, s5|rpc:0.0.0.0:35843|dataStream:|priority:0|startupRole:FOLLOWER, s6|rpc:0.0.0.0:43509|dataStream:|priority:0|startupRole:FOLLOWER, s7|rpc:0.0.0.0:36409|dataStream:|priority:0|startupRole:FOLLOWER, s8|rpc:0.0.0.0:41505|dataStream:|priority:0|startupRole:FOLLOWER, s9|rpc:0.0.0.0:34365|dataStream:|priority:0|startupRole:FOLLOWER, s11|rpc:0.0.0.0:44621|dataStream:|priority:0|startupRole:FOLLOWER, s10|rpc:0.0.0.0:43353|dataStream:|priority:0|startupRole:FOLLOWER, s13|rpc:0.0.0.0:33759|dataStream:|priority:0|startupRole:FOLLOWER, s12|rpc:0.0.0.0:43391|dataStream:|priority:0|startupRole:FOLLOWER, s14|rpc:0.0.0.0:41557|dataStream:|priority:0|startupRole:FOLLOWER, s0|rpc:0.0.0.0:45573|dataStream:|priority:0|startupRole:FOLLOWER, s1|rpc:0.0.0.0:34621|dataStream:|priority:0|startupRole:FOLLOWER, s2|rpc:0.0.0.0:40769|dataStream:|priority:0|startupRole:FOLLOWER]|listeners:[], old=null RUNNING] size=2
  s6:  RUNNING [
   FOLLOWER s6@group-FAA53D5BC7BE:t0, leader=null, voted=, raftlog=Memoized:s6@group-FAA53D5BC7BE-SegmentedRaftLog:OPENED:c-1, conf=-1: peers:[]|listeners:[], old=null STARTING
   FOLLOWER s6@group-A82F1EDBF13F:t1, leader=s11, voted=null, raftlog=Memoized:s6@group-A82F1EDBF13F-SegmentedRaftLog:OPENED:c124, conf=123: peers:[s3|rpc:0.0.0.0:43243|dataStream:|priority:0|startupRole:FOLLOWER, s4|rpc:0.0.0.0:34427|dataStream:|priority:0|startupRole:FOLLOWER, s5|rpc:0.0.0.0:35843|dataStream:|priority:0|startupRole:FOLLOWER, s6|rpc:0.0.0.0:43509|dataStream:|priority:0|startupRole:FOLLOWER, s7|rpc:0.0.0.0:36409|dataStream:|priority:0|startupRole:FOLLOWER, s8|rpc:0.0.0.0:41505|dataStream:|priority:0|startupRole:FOLLOWER, s9|rpc:0.0.0.0:34365|dataStream:|priority:0|startupRole:FOLLOWER, s11|rpc:0.0.0.0:44621|dataStream:|priority:0|startupRole:FOLLOWER, s10|rpc:0.0.0.0:43353|dataStream:|priority:0|startupRole:FOLLOWER, s13|rpc:0.0.0.0:33759|dataStream:|priority:0|startupRole:FOLLOWER, s12|rpc:0.0.0.0:43391|dataStream:|priority:0|startupRole:FOLLOWER, s14|rpc:0.0.0.0:41557|dataStream:|priority:0|startupRole:FOLLOWER, s0|rpc:0.0.0.0:45573|dataStream:|priority:0|startupRole:FOLLOWER, s1|rpc:0.0.0.0:34621|dataStream:|priority:0|startupRole:FOLLOWER, s2|rpc:0.0.0.0:40769|dataStream:|priority:0|startupRole:FOLLOWER]|listeners:[], old=null RUNNING] size=2
  s7:  RUNNING [
   FOLLOWER s7@group-FAA53D5BC7BE:t0, leader=null, voted=, raftlog=Memoized:s7@group-FAA53D5BC7BE-SegmentedRaftLog:OPENED:c-1, conf=-1: peers:[]|listeners:[], old=null STARTING
   FOLLOWER s7@group-A82F1EDBF13F:t1, leader=s11, voted=null, raftlog=Memoized:s7@group-A82F1EDBF13F-SegmentedRaftLog:OPENED:c124, conf=123: peers:[s3|rpc:0.0.0.0:43243|dataStream:|priority:0|startupRole:FOLLOWER, s4|rpc:0.0.0.0:34427|dataStream:|priority:0|startupRole:FOLLOWER, s5|rpc:0.0.0.0:35843|dataStream:|priority:0|startupRole:FOLLOWER, s6|rpc:0.0.0.0:43509|dataStream:|priority:0|startupRole:FOLLOWER, s7|rpc:0.0.0.0:36409|dataStream:|priority:0|startupRole:FOLLOWER, s8|rpc:0.0.0.0:41505|dataStream:|priority:0|startupRole:FOLLOWER, s9|rpc:0.0.0.0:34365|dataStream:|priority:0|startupRole:FOLLOWER, s11|rpc:0.0.0.0:44621|dataStream:|priority:0|startupRole:FOLLOWER, s10|rpc:0.0.0.0:43353|dataStream:|priority:0|startupRole:FOLLOWER, s13|rpc:0.0.0.0:33759|dataStream:|priority:0|startupRole:FOLLOWER, s12|rpc:0.0.0.0:43391|dataStream:|priority:0|startupRole:FOLLOWER, s14|rpc:0.0.0.0:41557|dataStream:|priority:0|startupRole:FOLLOWER, s0|rpc:0.0.0.0:45573|dataStream:|priority:0|startupRole:FOLLOWER, s1|rpc:0.0.0.0:34621|dataStream:|priority:0|startupRole:FOLLOWER, s2|rpc:0.0.0.0:40769|dataStream:|priority:0|startupRole:FOLLOWER]|listeners:[], old=null RUNNING] size=2
  s8:  RUNNING [
   FOLLOWER s8@group-FAA53D5BC7BE:t0, leader=null, voted=, raftlog=Memoized:s8@group-FAA53D5BC7BE-SegmentedRaftLog:OPENED:c-1, conf=-1: peers:[]|listeners:[], old=null STARTING
   FOLLOWER s8@group-A82F1EDBF13F:t1, leader=s11, voted=null, raftlog=Memoized:s8@group-A82F1EDBF13F-SegmentedRaftLog:OPENED:c123, conf=123: peers:[s3|rpc:0.0.0.0:43243|dataStream:|priority:0|startupRole:FOLLOWER, s4|rpc:0.0.0.0:34427|dataStream:|priority:0|startupRole:FOLLOWER, s5|rpc:0.0.0.0:35843|dataStream:|priority:0|startupRole:FOLLOWER, s6|rpc:0.0.0.0:43509|dataStream:|priority:0|startupRole:FOLLOWER, s7|rpc:0.0.0.0:36409|dataStream:|priority:0|startupRole:FOLLOWER, s8|rpc:0.0.0.0:41505|dataStream:|priority:0|startupRole:FOLLOWER, s9|rpc:0.0.0.0:34365|dataStream:|priority:0|startupRole:FOLLOWER, s11|rpc:0.0.0.0:44621|dataStream:|priority:0|startupRole:FOLLOWER, s10|rpc:0.0.0.0:43353|dataStream:|priority:0|startupRole:FOLLOWER, s13|rpc:0.0.0.0:33759|dataStream:|priority:0|startupRole:FOLLOWER, s12|rpc:0.0.0.0:43391|dataStream:|priority:0|startupRole:FOLLOWER, s14|rpc:0.0.0.0:41557|dataStream:|priority:0|startupRole:FOLLOWER, s0|rpc:0.0.0.0:45573|dataStream:|priority:0|startupRole:FOLLOWER, s1|rpc:0.0.0.0:34621|dataStream:|priority:0|startupRole:FOLLOWER, s2|rpc:0.0.0.0:40769|dataStream:|priority:0|startupRole:FOLLOWER]|listeners:[], old=null RUNNING] size=2
  s9:  RUNNING [
   FOLLOWER s9@group-FAA53D5BC7BE:t0, leader=null, voted=, raftlog=Memoized:s9@group-FAA53D5BC7BE-SegmentedRaftLog:OPENED:c-1, conf=-1: peers:[]|listeners:[], old=null STARTING
   FOLLOWER s9@group-A82F1EDBF13F:t1, leader=s11, voted=null, raftlog=Memoized:s9@group-A82F1EDBF13F-SegmentedRaftLog:OPENED:c123, conf=123: peers:[s3|rpc:0.0.0.0:43243|dataStream:|priority:0|startupRole:FOLLOWER, s4|rpc:0.0.0.0:34427|dataStream:|priority:0|startupRole:FOLLOWER, s5|rpc:0.0.0.0:35843|dataStream:|priority:0|startupRole:FOLLOWER, s6|rpc:0.0.0.0:43509|dataStream:|priority:0|startupRole:FOLLOWER, s7|rpc:0.0.0.0:36409|dataStream:|priority:0|startupRole:FOLLOWER, s8|rpc:0.0.0.0:41505|dataStream:|priority:0|startupRole:FOLLOWER, s9|rpc:0.0.0.0:34365|dataStream:|priority:0|startupRole:FOLLOWER, s11|rpc:0.0.0.0:44621|dataStream:|priority:0|startupRole:FOLLOWER, s10|rpc:0.0.0.0:43353|dataStream:|priority:0|startupRole:FOLLOWER, s13|rpc:0.0.0.0:33759|dataStream:|priority:0|startupRole:FOLLOWER, s12|rpc:0.0.0.0:43391|dataStream:|priority:0|startupRole:FOLLOWER, s14|rpc:0.0.0.0:41557|dataStream:|priority:0|startupRole:FOLLOWER, s0|rpc:0.0.0.0:45573|dataStream:|priority:0|startupRole:FOLLOWER, s1|rpc:0.0.0.0:34621|dataStream:|priority:0|startupRole:FOLLOWER, s2|rpc:0.0.0.0:40769|dataStream:|priority:0|startupRole:FOLLOWER]|listeners:[], old=null RUNNING] size=2
  s11:  RUNNING [
   FOLLOWER s11@group-FAA53D5BC7BE:t0, leader=null, voted=, raftlog=Memoized:s11@group-FAA53D5BC7BE-SegmentedRaftLog:OPENED:c-1, conf=-1: peers:[]|listeners:[], old=null STARTING
     LEADER s11@group-A82F1EDBF13F:t1, leader=s11, voted=s11, raftlog=Memoized:s11@group-A82F1EDBF13F-SegmentedRaftLog:OPENED:c124, conf=123: peers:[s3|rpc:0.0.0.0:43243|dataStream:|priority:0|startupRole:FOLLOWER, s4|rpc:0.0.0.0:34427|dataStream:|priority:0|startupRole:FOLLOWER, s5|rpc:0.0.0.0:35843|dataStream:|priority:0|startupRole:FOLLOWER, s6|rpc:0.0.0.0:43509|dataStream:|priority:0|startupRole:FOLLOWER, s7|rpc:0.0.0.0:36409|dataStream:|priority:0|startupRole:FOLLOWER, s8|rpc:0.0.0.0:41505|dataStream:|priority:0|startupRole:FOLLOWER, s9|rpc:0.0.0.0:34365|dataStream:|priority:0|startupRole:FOLLOWER, s11|rpc:0.0.0.0:44621|dataStream:|priority:0|startupRole:FOLLOWER, s10|rpc:0.0.0.0:43353|dataStream:|priority:0|startupRole:FOLLOWER, s13|rpc:0.0.0.0:33759|dataStream:|priority:0|startupRole:FOLLOWER, s12|rpc:0.0.0.0:43391|dataStream:|priority:0|startupRole:FOLLOWER, s14|rpc:0.0.0.0:41557|dataStream:|priority:0|startupRole:FOLLOWER, s0|rpc:0.0.0.0:45573|dataStream:|priority:0|startupRole:FOLLOWER, s1|rpc:0.0.0.0:34621|dataStream:|priority:0|startupRole:FOLLOWER, s2|rpc:0.0.0.0:40769|dataStream:|priority:0|startupRole:FOLLOWER]|listeners:[], old=null RUNNING] size=2
  s10:  RUNNING [
   FOLLOWER s10@group-FAA53D5BC7BE:t0, leader=null, voted=, raftlog=Memoized:s10@group-FAA53D5BC7BE-SegmentedRaftLog:OPENED:c-1, conf=-1: peers:[]|listeners:[], old=null STARTING
   FOLLOWER s10@group-A82F1EDBF13F:t1, leader=s11, voted=null, raftlog=Memoized:s10@group-A82F1EDBF13F-SegmentedRaftLog:OPENED:c123, conf=123: peers:[s3|rpc:0.0.0.0:43243|dataStream:|priority:0|startupRole:FOLLOWER, s4|rpc:0.0.0.0:34427|dataStream:|priority:0|startupRole:FOLLOWER, s5|rpc:0.0.0.0:35843|dataStream:|priority:0|startupRole:FOLLOWER, s6|rpc:0.0.0.0:43509|dataStream:|priority:0|startupRole:FOLLOWER, s7|rpc:0.0.0.0:36409|dataStream:|priority:0|startupRole:FOLLOWER, s8|rpc:0.0.0.0:41505|dataStream:|priority:0|startupRole:FOLLOWER, s9|rpc:0.0.0.0:34365|dataStream:|priority:0|startupRole:FOLLOWER, s11|rpc:0.0.0.0:44621|dataStream:|priority:0|startupRole:FOLLOWER, s10|rpc:0.0.0.0:43353|dataStream:|priority:0|startupRole:FOLLOWER, s13|rpc:0.0.0.0:33759|dataStream:|priority:0|startupRole:FOLLOWER, s12|rpc:0.0.0.0:43391|dataStream:|priority:0|startupRole:FOLLOWER, s14|rpc:0.0.0.0:41557|dataStream:|priority:0|startupRole:FOLLOWER, s0|rpc:0.0.0.0:45573|dataStream:|priority:0|startupRole:FOLLOWER, s1|rpc:0.0.0.0:34621|dataStream:|priority:0|startupRole:FOLLOWER, s2|rpc:0.0.0.0:40769|dataStream:|priority:0|startupRole:FOLLOWER]|listeners:[], old=null RUNNING] size=2
  s13:  RUNNING [
   FOLLOWER s13@group-FAA53D5BC7BE:t0, leader=null, voted=, raftlog=Memoized:s13@group-FAA53D5BC7BE-SegmentedRaftLog:OPENED:c-1, conf=-1: peers:[]|listeners:[], old=null STARTING
   FOLLOWER s13@group-A82F1EDBF13F:t1, leader=s11, voted=s11, raftlog=Memoized:s13@group-A82F1EDBF13F-SegmentedRaftLog:OPENED:c123, conf=123: peers:[s3|rpc:0.0.0.0:43243|dataStream:|priority:0|startupRole:FOLLOWER, s4|rpc:0.0.0.0:34427|dataStream:|priority:0|startupRole:FOLLOWER, s5|rpc:0.0.0.0:35843|dataStream:|priority:0|startupRole:FOLLOWER, s6|rpc:0.0.0.0:43509|dataStream:|priority:0|startupRole:FOLLOWER, s7|rpc:0.0.0.0:36409|dataStream:|priority:0|startupRole:FOLLOWER, s8|rpc:0.0.0.0:41505|dataStream:|priority:0|startupRole:FOLLOWER, s9|rpc:0.0.0.0:34365|dataStream:|priority:0|startupRole:FOLLOWER, s11|rpc:0.0.0.0:44621|dataStream:|priority:0|startupRole:FOLLOWER, s10|rpc:0.0.0.0:43353|dataStream:|priority:0|startupRole:FOLLOWER, s13|rpc:0.0.0.0:33759|dataStream:|priority:0|startupRole:FOLLOWER, s12|rpc:0.0.0.0:43391|dataStream:|priority:0|startupRole:FOLLOWER, s14|rpc:0.0.0.0:41557|dataStream:|priority:0|startupRole:FOLLOWER, s0|rpc:0.0.0.0:45573|dataStream:|priority:0|startupRole:FOLLOWER, s1|rpc:0.0.0.0:34621|dataStream:|priority:0|startupRole:FOLLOWER, s2|rpc:0.0.0.0:40769|dataStream:|priority:0|startupRole:FOLLOWER]|listeners:[], old=null RUNNING] size=2
  s12:  RUNNING [
   FOLLOWER s12@group-FAA53D5BC7BE:t0, leader=null, voted=, raftlog=Memoized:s12@group-FAA53D5BC7BE-SegmentedRaftLog:OPENED:c-1, conf=-1: peers:[]|listeners:[], old=null STARTING
   FOLLOWER s12@group-A82F1EDBF13F:t1, leader=s11, voted=s11, raftlog=Memoized:s12@group-A82F1EDBF13F-SegmentedRaftLog:OPENED:c123, conf=123: peers:[s3|rpc:0.0.0.0:43243|dataStream:|priority:0|startupRole:FOLLOWER, s4|rpc:0.0.0.0:34427|dataStream:|priority:0|startupRole:FOLLOWER, s5|rpc:0.0.0.0:35843|dataStream:|priority:0|startupRole:FOLLOWER, s6|rpc:0.0.0.0:43509|dataStream:|priority:0|startupRole:FOLLOWER, s7|rpc:0.0.0.0:36409|dataStream:|priority:0|startupRole:FOLLOWER, s8|rpc:0.0.0.0:41505|dataStream:|priority:0|startupRole:FOLLOWER, s9|rpc:0.0.0.0:34365|dataStream:|priority:0|startupRole:FOLLOWER, s11|rpc:0.0.0.0:44621|dataStream:|priority:0|startupRole:FOLLOWER, s10|rpc:0.0.0.0:43353|dataStream:|priority:0|startupRole:FOLLOWER, s13|rpc:0.0.0.0:33759|dataStream:|priority:0|startupRole:FOLLOWER, s12|rpc:0.0.0.0:43391|dataStream:|priority:0|startupRole:FOLLOWER, s14|rpc:0.0.0.0:41557|dataStream:|priority:0|startupRole:FOLLOWER, s0|rpc:0.0.0.0:45573|dataStream:|priority:0|startupRole:FOLLOWER, s1|rpc:0.0.0.0:34621|dataStream:|priority:0|startupRole:FOLLOWER, s2|rpc:0.0.0.0:40769|dataStream:|priority:0|startupRole:FOLLOWER]|listeners:[], old=null RUNNING] size=2
  s14:  RUNNING [
   FOLLOWER s14@group-FAA53D5BC7BE:t0, leader=null, voted=, raftlog=Memoized:s14@group-FAA53D5BC7BE-SegmentedRaftLog:OPENED:c-1, conf=-1: peers:[]|listeners:[], old=null STARTING
   FOLLOWER s14@group-A82F1EDBF13F:t1, leader=s11, voted=null, raftlog=Memoized:s14@group-A82F1EDBF13F-SegmentedRaftLog:OPENED:c123, conf=123: peers:[s3|rpc:0.0.0.0:43243|dataStream:|priority:0|startupRole:FOLLOWER, s4|rpc:0.0.0.0:34427|dataStream:|priority:0|startupRole:FOLLOWER, s5|rpc:0.0.0.0:35843|dataStream:|priority:0|startupRole:FOLLOWER, s6|rpc:0.0.0.0:43509|dataStream:|priority:0|startupRole:FOLLOWER, s7|rpc:0.0.0.0:36409|dataStream:|priority:0|startupRole:FOLLOWER, s8|rpc:0.0.0.0:41505|dataStream:|priority:0|startupRole:FOLLOWER, s9|rpc:0.0.0.0:34365|dataStream:|priority:0|startupRole:FOLLOWER, s11|rpc:0.0.0.0:44621|dataStream:|priority:0|startupRole:FOLLOWER, s10|rpc:0.0.0.0:43353|dataStream:|priority:0|startupRole:FOLLOWER, s13|rpc:0.0.0.0:33759|dataStream:|priority:0|startupRole:FOLLOWER, s12|rpc:0.0.0.0:43391|dataStream:|priority:0|startupRole:FOLLOWER, s14|rpc:0.0.0.0:41557|dataStream:|priority:0|startupRole:FOLLOWER, s0|rpc:0.0.0.0:45573|dataStream:|priority:0|startupRole:FOLLOWER, s1|rpc:0.0.0.0:34621|dataStream:|priority:0|startupRole:FOLLOWER, s2|rpc:0.0.0.0:40769|dataStream:|priority:0|startupRole:FOLLOWER]|listeners:[], old=null RUNNING] size=2
  s0:  RUNNING [
   FOLLOWER s0@group-FAA53D5BC7BE:t0, leader=null, voted=, raftlog=Memoized:s0@group-FAA53D5BC7BE-SegmentedRaftLog:OPENED:c-1, conf=-1: peers:[]|listeners:[], old=null STARTING
   FOLLOWER s0@group-A82F1EDBF13F:t1, leader=s11, voted=null, raftlog=Memoized:s0@group-A82F1EDBF13F-SegmentedRaftLog:OPENED:c123, conf=123: peers:[s3|rpc:0.0.0.0:43243|dataStream:|priority:0|startupRole:FOLLOWER, s4|rpc:0.0.0.0:34427|dataStream:|priority:0|startupRole:FOLLOWER, s5|rpc:0.0.0.0:35843|dataStream:|priority:0|startupRole:FOLLOWER, s6|rpc:0.0.0.0:43509|dataStream:|priority:0|startupRole:FOLLOWER, s7|rpc:0.0.0.0:36409|dataStream:|priority:0|startupRole:FOLLOWER, s8|rpc:0.0.0.0:41505|dataStream:|priority:0|startupRole:FOLLOWER, s9|rpc:0.0.0.0:34365|dataStream:|priority:0|startupRole:FOLLOWER, s11|rpc:0.0.0.0:44621|dataStream:|priority:0|startupRole:FOLLOWER, s10|rpc:0.0.0.0:43353|dataStream:|priority:0|startupRole:FOLLOWER, s13|rpc:0.0.0.0:33759|dataStream:|priority:0|startupRole:FOLLOWER, s12|rpc:0.0.0.0:43391|dataStream:|priority:0|startupRole:FOLLOWER, s14|rpc:0.0.0.0:41557|dataStream:|priority:0|startupRole:FOLLOWER, s0|rpc:0.0.0.0:45573|dataStream:|priority:0|startupRole:FOLLOWER, s1|rpc:0.0.0.0:34621|dataStream:|priority:0|startupRole:FOLLOWER, s2|rpc:0.0.0.0:40769|dataStream:|priority:0|startupRole:FOLLOWER]|listeners:[], old=null RUNNING] size=2
  s1:  RUNNING [
   FOLLOWER s1@group-FAA53D5BC7BE:t0, leader=null, voted=, raftlog=Memoized:s1@group-FAA53D5BC7BE-SegmentedRaftLog:OPENED:c-1, conf=-1: peers:[]|listeners:[], old=null STARTING
   FOLLOWER s1@group-A82F1EDBF13F:t1, leader=s11, voted=null, raftlog=Memoized:s1@group-A82F1EDBF13F-SegmentedRaftLog:OPENED:c124, conf=123: peers:[s3|rpc:0.0.0.0:43243|dataStream:|priority:0|startupRole:FOLLOWER, s4|rpc:0.0.0.0:34427|dataStream:|priority:0|startupRole:FOLLOWER, s5|rpc:0.0.0.0:35843|dataStream:|priority:0|startupRole:FOLLOWER, s6|rpc:0.0.0.0:43509|dataStream:|priority:0|startupRole:FOLLOWER, s7|rpc:0.0.0.0:36409|dataStream:|priority:0|startupRole:FOLLOWER, s8|rpc:0.0.0.0:41505|dataStream:|priority:0|startupRole:FOLLOWER, s9|rpc:0.0.0.0:34365|dataStream:|priority:0|startupRole:FOLLOWER, s11|rpc:0.0.0.0:44621|dataStream:|priority:0|startupRole:FOLLOWER, s10|rpc:0.0.0.0:43353|dataStream:|priority:0|startupRole:FOLLOWER, s13|rpc:0.0.0.0:33759|dataStream:|priority:0|startupRole:FOLLOWER, s12|rpc:0.0.0.0:43391|dataStream:|priority:0|startupRole:FOLLOWER, s14|rpc:0.0.0.0:41557|dataStream:|priority:0|startupRole:FOLLOWER, s0|rpc:0.0.0.0:45573|dataStream:|priority:0|startupRole:FOLLOWER, s1|rpc:0.0.0.0:34621|dataStream:|priority:0|startupRole:FOLLOWER, s2|rpc:0.0.0.0:40769|dataStream:|priority:0|startupRole:FOLLOWER]|listeners:[], old=null RUNNING] size=2
  s2:  RUNNING [
   FOLLOWER s2@group-FAA53D5BC7BE:t0, leader=null, voted=, raftlog=Memoized:s2@group-FAA53D5BC7BE-SegmentedRaftLog:OPENED:c-1, conf=-1: peers:[]|listeners:[], old=null STARTING
   FOLLOWER s2@group-A82F1EDBF13F:t1, leader=s11, voted=null, raftlog=Memoized:s2@group-A82F1EDBF13F-SegmentedRaftLog:OPENED:c123, conf=123: peers:[s3|rpc:0.0.0.0:43243|dataStream:|priority:0|startupRole:FOLLOWER, s4|rpc:0.0.0.0:34427|dataStream:|priority:0|startupRole:FOLLOWER, s5|rpc:0.0.0.0:35843|dataStream:|priority:0|startupRole:FOLLOWER, s6|rpc:0.0.0.0:43509|dataStream:|priority:0|startupRole:FOLLOWER, s7|rpc:0.0.0.0:36409|dataStream:|priority:0|startupRole:FOLLOWER, s8|rpc:0.0.0.0:41505|dataStream:|priority:0|startupRole:FOLLOWER, s9|rpc:0.0.0.0:34365|dataStream:|priority:0|startupRole:FOLLOWER, s11|rpc:0.0.0.0:44621|dataStream:|priority:0|startupRole:FOLLOWER, s10|rpc:0.0.0.0:43353|dataStream:|priority:0|startupRole:FOLLOWER, s13|rpc:0.0.0.0:33759|dataStream:|priority:0|startupRole:FOLLOWER, s12|rpc:0.0.0.0:43391|dataStream:|priority:0|startupRole:FOLLOWER, s14|rpc:0.0.0.0:41557|dataStream:|priority:0|startupRole:FOLLOWER, s0|rpc:0.0.0.0:45573|dataStream:|priority:0|startupRole:FOLLOWER, s1|rpc:0.0.0.0:34621|dataStream:|priority:0|startupRole:FOLLOWER, s2|rpc:0.0.0.0:40769|dataStream:|priority:0|startupRole:FOLLOWER]|listeners:[], old=null RUNNING] size=2
2023-03-07 04:41:26,212 INFO  logging.LoggingHandler (AbstractInternalLogger.java:log(148)) - [id: 0x522bdfaf, L:/0.0.0.0:44621] READ: [id: 0xf629bf7f, L:/10.1.0.7:44621 - R:/10.1.0.7:46564]
2023-03-07 04:41:26,216 INFO  logging.LoggingHandler (AbstractInternalLogger.java:log(148)) - [id: 0x522bdfaf, L:/0.0.0.0:44621] READ COMPLETE
2023-03-07 04:41:26,216 DEBUG server.RaftServer$Division (RaftServerImpl.java:submitClientRequestAsync(832)) - s11@group-A82F1EDBF13F: receive client request(RaftClientRequest:client-8BEEC01311DE->s11@group-A82F1EDBF13F, cid=7444, seq=0, RW, Message:010161024059c0000000...(size=12))
2023-03-07 04:41:26,217 DEBUG server.RaftServer$Division (LeaderStateImpl.java:addPendingRequest(474)) - s11@group-A82F1EDBF13F-LeaderStateImpl: addPendingRequest at RaftClientRequest:client-8BEEC01311DE->s11@group-A82F1EDBF13F, cid=7444, seq=0, RW, Message:010161024059c0000000...(size=12), entry=(t:1, i:125), STATEMACHINELOGENTRY, 7444@client-8BEEC01311DE
2023-03-07 04:41:26,218 DEBUG server.RaftServer$Division (RaftServerImpl.java:logAppendEntries(1429)) - s4@group-A82F1EDBF13F: receive appendEntries(s11, 1, (t:1, i:124), 124, true, commits:[s11:c124, s13:c123, s12:c123, s3:c123, s4:c123, s5:c123, s10:c123, s6:c124, s7:c124, s8:c123, s9:c123, s14:c123, s0:c123, s1:c124, s2:c123], cId:7447, entries: [(t:1, i:125), STATEMACHINELOGENTRY, 7444@client-8BEEC01311DE]
2023-03-07 04:41:26,218 DEBUG server.RaftServer$Division (RaftServerImpl.java:logAppendEntries(1429)) - s13@group-A82F1EDBF13F: receive appendEntries(s11, 1, (t:1, i:124), 124, true, commits:[s11:c124, s13:c123, s12:c123, s3:c123, s4:c123, s5:c123, s10:c123, s6:c124, s7:c124, s8:c123, s9:c123, s14:c123, s0:c123, s1:c124, s2:c123], cId:7446, entries: [(t:1, i:125), STATEMACHINELOGENTRY, 7444@client-8BEEC01311DE]
2023-03-07 04:41:26,218 DEBUG server.RaftServer$Division (RaftServerImpl.java:logAppendEntries(1429)) - s3@group-A82F1EDBF13F: receive appendEntries(s11, 1, (t:1, i:124), 124, true, commits:[s11:c124, s13:c123, s12:c123, s3:c123, s4:c123, s5:c123, s10:c123, s6:c124, s7:c124, s8:c123, s9:c123, s14:c123, s0:c123, s1:c124, s2:c123], cId:7448, entries: [(t:1, i:125), STATEMACHINELOGENTRY, 7444@client-8BEEC01311DE]
2023-03-07 04:41:26,219 DEBUG server.RaftServer$Division (RaftServerImpl.java:logAppendEntries(1429)) - s6@group-A82F1EDBF13F: receive appendEntries(s11, 1, (t:1, i:124), 124, true, commits:[s11:c124, s13:c123, s12:c123, s3:c123, s4:c123, s5:c123, s10:c123, s6:c124, s7:c124, s8:c123, s9:c123, s14:c123, s0:c123, s1:c124, s2:c123], cId:7449, entries: [(t:1, i:125), STATEMACHINELOGENTRY, 7444@client-8BEEC01311DE]
2023-03-07 04:41:26,219 DEBUG server.RaftServer$Division (RaftServerImpl.java:logAppendEntries(1429)) - s5@group-A82F1EDBF13F: receive appendEntries(s11, 1, (t:1, i:124), 124, true, commits:[s11:c124, s13:c123, s12:c123, s3:c123, s4:c123, s5:c123, s10:c123, s6:c124, s7:c124, s8:c123, s9:c123, s14:c123, s0:c123, s1:c124, s2:c123], cId:7450, entries: [(t:1, i:125), STATEMACHINELOGENTRY, 7444@client-8BEEC01311DE]
2023-03-07 04:41:26,219 DEBUG server.RaftServer$Division (RaftServerImpl.java:logAppendEntries(1429)) - s4@group-A82F1EDBF13F: succeeded to handle AppendEntries. Reply: s11<-s4#7447:OK-t1,SUCCESS,nextIndex=126,followerCommit=124,matchIndex=125
2023-03-07 04:41:26,219 DEBUG server.RaftServer$Division (RaftServerImpl.java:logAppendEntries(1429)) - s13@group-A82F1EDBF13F: succeeded to handle AppendEntries. Reply: s11<-s13#7446:OK-t1,SUCCESS,nextIndex=126,followerCommit=124,matchIndex=125
2023-03-07 04:41:26,219 DEBUG server.RaftServer$Division (RaftServerImpl.java:logAppendEntries(1429)) - s3@group-A82F1EDBF13F: succeeded to handle AppendEntries. Reply: s11<-s3#7448:OK-t1,SUCCESS,nextIndex=126,followerCommit=124,matchIndex=125
2023-03-07 04:41:26,219 DEBUG server.RaftServer$Division (RaftServerImpl.java:logAppendEntries(1429)) - s6@group-A82F1EDBF13F: succeeded to handle AppendEntries. Reply: s11<-s6#7449:OK-t1,SUCCESS,nextIndex=126,followerCommit=124,matchIndex=125
2023-03-07 04:41:26,219 DEBUG server.RaftServer$Division (RaftServerImpl.java:logAppendEntries(1429)) - s5@group-A82F1EDBF13F: succeeded to handle AppendEntries. Reply: s11<-s5#7450:OK-t1,SUCCESS,nextIndex=126,followerCommit=124,matchIndex=125
2023-03-07 04:41:26,219 DEBUG server.RaftServer$Division (RaftServerImpl.java:logAppendEntries(1429)) - s10@group-A82F1EDBF13F: receive appendEntries(s11, 1, (t:1, i:124), 124, true, commits:[s11:c124, s13:c123, s12:c123, s3:c123, s4:c123, s5:c123, s10:c123, s6:c124, s7:c124, s8:c123, s9:c123, s14:c123, s0:c123, s1:c124, s2:c123], cId:7451, entries: [(t:1, i:125), STATEMACHINELOGENTRY, 7444@client-8BEEC01311DE]
2023-03-07 04:41:26,218 DEBUG server.RaftServer$Division (RaftServerImpl.java:logAppendEntries(1429)) - s12@group-A82F1EDBF13F: receive appendEntries(s11, 1, (t:1, i:124), 124, true, commits:[s11:c124, s13:c123, s12:c123, s3:c123, s4:c123, s5:c123, s10:c123, s6:c124, s7:c124, s8:c123, s9:c123, s14:c123, s0:c123, s1:c124, s2:c123], cId:7445, entries: [(t:1, i:125), STATEMACHINELOGENTRY, 7444@client-8BEEC01311DE]
2023-03-07 04:41:26,220 DEBUG server.RaftServer$Division (RaftServerImpl.java:logAppendEntries(1429)) - s10@group-A82F1EDBF13F: succeeded to handle AppendEntries. Reply: s11<-s10#7451:OK-t1,SUCCESS,nextIndex=126,followerCommit=124,matchIndex=125
2023-03-07 04:41:26,220 DEBUG server.RaftServer$Division (RaftServerImpl.java:logAppendEntries(1429)) - s7@group-A82F1EDBF13F: receive appendEntries(s11, 1, (t:1, i:124), 124, true, commits:[s11:c124, s13:c123, s12:c123, s3:c123, s4:c124, s5:c123, s10:c123, s6:c124, s7:c124, s8:c123, s9:c123, s14:c123, s0:c123, s1:c124, s2:c123], cId:7452, entries: [(t:1, i:125), STATEMACHINELOGENTRY, 7444@client-8BEEC01311DE]
2023-03-07 04:41:26,220 DEBUG server.RaftServer$Division (RaftServerImpl.java:logAppendEntries(1429)) - s0@group-A82F1EDBF13F: receive appendEntries(s11, 1, (t:1, i:124), 124, true, commits:[s11:c124, s13:c123, s12:c123, s3:c123, s4:c124, s5:c123, s10:c123, s6:c124, s7:c124, s8:c123, s9:c123, s14:c123, s0:c123, s1:c124, s2:c123], cId:7456, entries: [(t:1, i:125), STATEMACHINELOGENTRY, 7444@client-8BEEC01311DE]
2023-03-07 04:41:26,220 DEBUG server.RaftServer$Division (RaftServerImpl.java:logAppendEntries(1429)) - s14@group-A82F1EDBF13F: receive appendEntries(s11, 1, (t:1, i:124), 124, true, commits:[s11:c124, s13:c123, s12:c123, s3:c123, s4:c124, s5:c123, s10:c123, s6:c124, s7:c124, s8:c123, s9:c123, s14:c123, s0:c123, s1:c124, s2:c123], cId:7455, entries: [(t:1, i:125), STATEMACHINELOGENTRY, 7444@client-8BEEC01311DE]
2023-03-07 04:41:26,220 DEBUG server.RaftServer$Division (RaftServerImpl.java:logAppendEntries(1429)) - s8@group-A82F1EDBF13F: receive appendEntries(s11, 1, (t:1, i:124), 124, true, commits:[s11:c124, s13:c123, s12:c123, s3:c123, s4:c124, s5:c123, s10:c123, s6:c124, s7:c124, s8:c123, s9:c123, s14:c123, s0:c123, s1:c124, s2:c123], cId:7453, entries: [(t:1, i:125), STATEMACHINELOGENTRY, 7444@client-8BEEC01311DE]
2023-03-07 04:41:26,221 DEBUG server.RaftServer$Division (RaftServerImpl.java:logAppendEntries(1429)) - s1@group-A82F1EDBF13F: receive appendEntries(s11, 1, (t:1, i:124), 124, true, commits:[s11:c124, s13:c123, s12:c123, s3:c123, s4:c124, s5:c123, s10:c123, s6:c124, s7:c124, s8:c123, s9:c123, s14:c123, s0:c123, s1:c124, s2:c123], cId:7457, entries: [(t:1, i:125), STATEMACHINELOGENTRY, 7444@client-8BEEC01311DE]
2023-03-07 04:41:26,221 DEBUG server.RaftServer$Division (RaftServerImpl.java:logAppendEntries(1429)) - s12@group-A82F1EDBF13F: succeeded to handle AppendEntries. Reply: s11<-s12#7445:OK-t1,SUCCESS,nextIndex=126,followerCommit=124,matchIndex=125
2023-03-07 04:41:26,221 DEBUG server.RaftServer$Division (RaftServerImpl.java:logAppendEntries(1429)) - s9@group-A82F1EDBF13F: receive appendEntries(s11, 1, (t:1, i:124), 124, true, commits:[s11:c124, s13:c123, s12:c123, s3:c123, s4:c124, s5:c123, s10:c123, s6:c124, s7:c124, s8:c123, s9:c123, s14:c123, s0:c123, s1:c124, s2:c123], cId:7454, entries: [(t:1, i:125), STATEMACHINELOGENTRY, 7444@client-8BEEC01311DE]
2023-03-07 04:41:26,221 DEBUG server.RaftServer$Division (RaftServerImpl.java:logAppendEntries(1429)) - s2@group-A82F1EDBF13F: receive appendEntries(s11, 1, (t:1, i:124), 124, true, commits:[s11:c124, s13:c123, s12:c123, s3:c123, s4:c124, s5:c123, s10:c123, s6:c124, s7:c124, s8:c123, s9:c123, s14:c123, s0:c123, s1:c124, s2:c123], cId:7458, entries: [(t:1, i:125), STATEMACHINELOGENTRY, 7444@client-8BEEC01311DE]
2023-03-07 04:41:26,221 DEBUG server.RaftServer$Division (RaftServerImpl.java:logAppendEntries(1429)) - s8@group-A82F1EDBF13F: succeeded to handle AppendEntries. Reply: s11<-s8#7453:OK-t1,SUCCESS,nextIndex=126,followerCommit=124,matchIndex=125
2023-03-07 04:41:26,221 DEBUG server.RaftServer$Division (RaftServerImpl.java:logAppendEntries(1429)) - s14@group-A82F1EDBF13F: succeeded to handle AppendEntries. Reply: s11<-s14#7455:OK-t1,SUCCESS,nextIndex=126,followerCommit=124,matchIndex=125
2023-03-07 04:41:26,221 DEBUG server.RaftServer$Division (RaftServerImpl.java:logAppendEntries(1429)) - s0@group-A82F1EDBF13F: succeeded to handle AppendEntries. Reply: s11<-s0#7456:OK-t1,SUCCESS,nextIndex=126,followerCommit=124,matchIndex=125
2023-03-07 04:41:26,222 DEBUG server.RaftServer$Division (RaftServerImpl.java:logAppendEntries(1429)) - s9@group-A82F1EDBF13F: succeeded to handle AppendEntries. Reply: s11<-s9#7454:OK-t1,SUCCESS,nextIndex=126,followerCommit=124,matchIndex=125
2023-03-07 04:41:26,222 DEBUG server.RaftServer$Division (RaftServerImpl.java:logAppendEntries(1429)) - s2@group-A82F1EDBF13F: succeeded to handle AppendEntries. Reply: s11<-s2#7458:OK-t1,SUCCESS,nextIndex=126,followerCommit=124,matchIndex=125
2023-03-07 04:41:26,222 DEBUG server.RaftServer$Division (RaftServerImpl.java:logAppendEntries(1429)) - s7@group-A82F1EDBF13F: succeeded to handle AppendEntries. Reply: s11<-s7#7452:OK-t1,SUCCESS,nextIndex=126,followerCommit=124,matchIndex=125
2023-03-07 04:41:26,222 DEBUG server.RaftServer$Division (RaftServerImpl.java:logAppendEntries(1429)) - s1@group-A82F1EDBF13F: succeeded to handle AppendEntries. Reply: s11<-s1#7457:OK-t1,SUCCESS,nextIndex=126,followerCommit=124,matchIndex=125
2023-03-07 04:41:26,223 INFO  statemachine.StateMachine (ArithmeticStateMachine.java:applyTransaction(182)) - LEADER:s11-125: a = 103 = 103
2023-03-07 04:41:26,223 DEBUG server.RaftServer$Division (RaftServerImpl.java:logAppendEntries(1429)) - s7@group-A82F1EDBF13F: receive appendEntries(s11, 1, (t:1, i:125), 125, true, commits:[s11:c125, s13:c124, s12:c124, s3:c124, s4:c124, s5:c124, s10:c124, s6:c124, s7:c124, s8:c124, s9:c124, s14:c124, s0:c124, s1:c124, s2:c124], cId:7466, entries: [(t:1, i:126), METADATAENTRY(c:125)]
2023-03-07 04:41:26,224 DEBUG server.RaftServer$Division (RaftServerImpl.java:logAppendEntries(1429)) - s0@group-A82F1EDBF13F: receive appendEntries(s11, 1, (t:1, i:125), 125, true, commits:[s11:c125, s13:c124, s12:c124, s3:c124, s4:c124, s5:c124, s10:c124, s6:c124, s7:c124, s8:c124, s9:c124, s14:c124, s0:c124, s1:c124, s2:c124], cId:7468, entries: [(t:1, i:126), METADATAENTRY(c:125)]
2023-03-07 04:41:26,224 DEBUG server.RaftServer$Division (RaftServerImpl.java:logAppendEntries(1429)) - s3@group-A82F1EDBF13F: receive appendEntries(s11, 1, (t:1, i:125), 125, true, commits:[s11:c125, s13:c124, s12:c124, s3:c124, s4:c124, s5:c124, s10:c124, s6:c124, s7:c124, s8:c124, s9:c124, s14:c124, s0:c124, s1:c124, s2:c124], cId:7469, entries: [(t:1, i:126), METADATAENTRY(c:125)]
2023-03-07 04:41:26,225 DEBUG server.RaftServer$Division (RaftServerImpl.java:logAppendEntries(1429)) - s9@group-A82F1EDBF13F: receive appendEntries(s11, 1, (t:1, i:125), 125, true, commits:[s11:c125, s13:c124, s12:c124, s3:c124, s4:c124, s5:c124, s10:c124, s6:c124, s7:c124, s8:c124, s9:c124, s14:c124, s0:c124, s1:c124, s2:c124], cId:7463, entries: [(t:1, i:126), METADATAENTRY(c:125)]
2023-03-07 04:41:26,225 DEBUG server.RaftServer$Division (RaftServerImpl.java:logAppendEntries(1429)) - s2@group-A82F1EDBF13F: receive appendEntries(s11, 1, (t:1, i:125), 125, true, commits:[s11:c125, s13:c124, s12:c124, s3:c124, s4:c124, s5:c124, s10:c124, s6:c124, s7:c124, s8:c124, s9:c124, s14:c124, s0:c124, s1:c124, s2:c124], cId:7467, entries: [(t:1, i:126), METADATAENTRY(c:125)]
2023-03-07 04:41:26,225 DEBUG server.RaftServer$Division (RaftServerImpl.java:logAppendEntries(1429)) - s7@group-A82F1EDBF13F: succeeded to handle AppendEntries. Reply: s11<-s7#7466:OK-t1,SUCCESS,nextIndex=127,followerCommit=125,matchIndex=126
2023-03-07 04:41:26,225 DEBUG server.RaftServer$Division (RaftServerImpl.java:logAppendEntries(1429)) - s12@group-A82F1EDBF13F: receive appendEntries(s11, 1, (t:1, i:125), 125, true, commits:[s11:c125, s13:c124, s12:c124, s3:c124, s4:c124, s5:c124, s10:c124, s6:c124, s7:c124, s8:c124, s9:c124, s14:c124, s0:c124, s1:c124, s2:c124], cId:7472, entries: [(t:1, i:126), METADATAENTRY(c:125)]
2023-03-07 04:41:26,225 DEBUG server.RaftServer$Division (RaftServerImpl.java:logAppendEntries(1429)) - s6@group-A82F1EDBF13F: receive appendEntries(s11, 1, (t:1, i:125), 125, true, commits:[s11:c125, s13:c124, s12:c124, s3:c124, s4:c124, s5:c124, s10:c124, s6:c124, s7:c124, s8:c124, s9:c124, s14:c124, s0:c124, s1:c124, s2:c124], cId:7470, entries: [(t:1, i:126), METADATAENTRY(c:125)]
2023-03-07 04:41:26,224 DEBUG server.RaftServer$Division (RaftServerImpl.java:logAppendEntries(1429)) - s10@group-A82F1EDBF13F: receive appendEntries(s11, 1, (t:1, i:125), 125, true, commits:[s11:c125, s13:c124, s12:c124, s3:c124, s4:c124, s5:c124, s10:c124, s6:c124, s7:c124, s8:c124, s9:c124, s14:c124, s0:c124, s1:c124, s2:c124], cId:7460, entries: [(t:1, i:126), METADATAENTRY(c:125)]
2023-03-07 04:41:26,225 DEBUG server.RaftServer$Division (RaftServerImpl.java:logAppendEntries(1429)) - s0@group-A82F1EDBF13F: succeeded to handle AppendEntries. Reply: s11<-s0#7468:OK-t1,SUCCESS,nextIndex=127,followerCommit=125,matchIndex=126
2023-03-07 04:41:26,226 DEBUG server.RaftServer$Division (RaftServerImpl.java:logAppendEntries(1429)) - s2@group-A82F1EDBF13F: succeeded to handle AppendEntries. Reply: s11<-s2#7467:OK-t1,SUCCESS,nextIndex=127,followerCommit=125,matchIndex=126
2023-03-07 04:41:26,226 DEBUG server.RaftServer$Division (RaftServerImpl.java:logAppendEntries(1429)) - s3@group-A82F1EDBF13F: succeeded to handle AppendEntries. Reply: s11<-s3#7469:OK-t1,SUCCESS,nextIndex=127,followerCommit=125,matchIndex=126
2023-03-07 04:41:26,226 DEBUG server.RaftServer$Division (RaftServerImpl.java:logAppendEntries(1429)) - s6@group-A82F1EDBF13F: succeeded to handle AppendEntries. Reply: s11<-s6#7470:OK-t1,SUCCESS,nextIndex=127,followerCommit=125,matchIndex=126
2023-03-07 04:41:26,226 DEBUG server.RaftServer$Division (RaftServerImpl.java:logAppendEntries(1429)) - s10@group-A82F1EDBF13F: succeeded to handle AppendEntries. Reply: s11<-s10#7460:OK-t1,SUCCESS,nextIndex=127,followerCommit=125,matchIndex=126
2023-03-07 04:41:26,224 DEBUG server.RaftServer$Division (RaftServerImpl.java:logAppendEntries(1429)) - s4@group-A82F1EDBF13F: receive appendEntries(s11, 1, (t:1, i:125), 125, true, commits:[s11:c125, s13:c124, s12:c124, s3:c124, s4:c124, s5:c124, s10:c124, s6:c124, s7:c124, s8:c124, s9:c124, s14:c124, s0:c124, s1:c124, s2:c124], cId:7471, entries: [(t:1, i:126), METADATAENTRY(c:125)]
2023-03-07 04:41:26,224 DEBUG server.RaftServer$Division (RaftServerImpl.java:logAppendEntries(1429)) - s5@group-A82F1EDBF13F: receive appendEntries(s11, 1, (t:1, i:125), 125, true, commits:[s11:c125, s13:c124, s12:c124, s3:c124, s4:c124, s5:c124, s10:c124, s6:c124, s7:c124, s8:c124, s9:c124, s14:c124, s0:c124, s1:c124, s2:c124], cId:7462, entries: [(t:1, i:126), METADATAENTRY(c:125)]
2023-03-07 04:41:26,224 DEBUG server.RaftServer$Division (RaftServerImpl.java:logAppendEntries(1429)) - s1@group-A82F1EDBF13F: receive appendEntries(s11, 1, (t:1, i:125), 125, true, commits:[s11:c125, s13:c124, s12:c124, s3:c124, s4:c124, s5:c124, s10:c124, s6:c124, s7:c124, s8:c124, s9:c124, s14:c124, s0:c124, s1:c124, s2:c124], cId:7461, entries: [(t:1, i:126), METADATAENTRY(c:125)]
2023-03-07 04:41:26,224 DEBUG server.RaftServer$Division (RaftServerImpl.java:logAppendEntries(1429)) - s8@group-A82F1EDBF13F: receive appendEntries(s11, 1, (t:1, i:125), 125, true, commits:[s11:c125, s13:c124, s12:c124, s3:c124, s4:c124, s5:c124, s10:c124, s6:c124, s7:c124, s8:c124, s9:c124, s14:c124, s0:c124, s1:c124, s2:c124], cId:7464, entries: [(t:1, i:126), METADATAENTRY(c:125)]
2023-03-07 04:41:26,224 DEBUG server.RaftServer$Division (RaftServerImpl.java:logAppendEntries(1429)) - s13@group-A82F1EDBF13F: receive appendEntries(s11, 1, (t:1, i:125), 125, true, commits:[s11:c125, s13:c124, s12:c124, s3:c124, s4:c124, s5:c124, s10:c124, s6:c124, s7:c124, s8:c124, s9:c124, s14:c124, s0:c124, s1:c124, s2:c124], cId:7459, entries: [(t:1, i:126), METADATAENTRY(c:125)]
2023-03-07 04:41:26,224 DEBUG server.RaftServer$Division (RaftServerImpl.java:logAppendEntries(1429)) - s14@group-A82F1EDBF13F: receive appendEntries(s11, 1, (t:1, i:125), 125, true, commits:[s11:c125, s13:c124, s12:c124, s3:c124, s4:c124, s5:c124, s10:c124, s6:c124, s7:c124, s8:c124, s9:c124, s14:c124, s0:c124, s1:c124, s2:c124], cId:7465, entries: [(t:1, i:126), METADATAENTRY(c:125)]
2023-03-07 04:41:26,227 DEBUG server.RaftServer$Division (RaftServerImpl.java:logAppendEntries(1429)) - s5@group-A82F1EDBF13F: succeeded to handle AppendEntries. Reply: s11<-s5#7462:OK-t1,SUCCESS,nextIndex=127,followerCommit=125,matchIndex=126
2023-03-07 04:41:26,226 DEBUG server.RaftServer$Division (RaftServerImpl.java:logAppendEntries(1429)) - s9@group-A82F1EDBF13F: succeeded to handle AppendEntries. Reply: s11<-s9#7463:OK-t1,SUCCESS,nextIndex=127,followerCommit=125,matchIndex=126
2023-03-07 04:41:26,226 DEBUG server.RaftServer$Division (RaftServerImpl.java:logAppendEntries(1429)) - s12@group-A82F1EDBF13F: succeeded to handle AppendEntries. Reply: s11<-s12#7472:OK-t1,SUCCESS,nextIndex=127,followerCommit=125,matchIndex=126
2023-03-07 04:41:26,227 DEBUG server.RaftServer$Division (RaftServerImpl.java:logAppendEntries(1429)) - s4@group-A82F1EDBF13F: succeeded to handle AppendEntries. Reply: s11<-s4#7471:OK-t1,SUCCESS,nextIndex=127,followerCommit=125,matchIndex=126
2023-03-07 04:41:26,227 DEBUG server.RaftServer$Division (RaftServerImpl.java:logAppendEntries(1429)) - s13@group-A82F1EDBF13F: succeeded to handle AppendEntries. Reply: s11<-s13#7459:OK-t1,SUCCESS,nextIndex=127,followerCommit=125,matchIndex=126
2023-03-07 04:41:26,227 DEBUG server.RaftServer$Division (RaftServerImpl.java:logAppendEntries(1429)) - s1@group-A82F1EDBF13F: succeeded to handle AppendEntries. Reply: s11<-s1#7461:OK-t1,SUCCESS,nextIndex=127,followerCommit=125,matchIndex=126
2023-03-07 04:41:26,228 DEBUG server.RaftServer$Division (RaftServerImpl.java:logAppendEntries(1429)) - s8@group-A82F1EDBF13F: succeeded to handle AppendEntries. Reply: s11<-s8#7464:OK-t1,SUCCESS,nextIndex=127,followerCommit=125,matchIndex=126
2023-03-07 04:41:26,228 DEBUG server.RaftServer$Division (RaftServerImpl.java:logAppendEntries(1429)) - s14@group-A82F1EDBF13F: succeeded to handle AppendEntries. Reply: s11<-s14#7465:OK-t1,SUCCESS,nextIndex=127,followerCommit=125,matchIndex=126
2023-03-07 04:41:26,230 DEBUG server.RaftServer$Division (RaftServerImpl.java:submitClientRequestAsync(832)) - s11@group-A82F1EDBF13F: receive client request(RaftClientRequest:client-8BEEC01311DE->s11@group-A82F1EDBF13F, cid=7473, seq=0, RW, Message:0101620240b4b8000000...(size=12))
2023-03-07 04:41:26,230 DEBUG server.RaftServer$Division (LeaderStateImpl.java:addPendingRequest(474)) - s11@group-A82F1EDBF13F-LeaderStateImpl: addPendingRequest at RaftClientRequest:client-8BEEC01311DE->s11@group-A82F1EDBF13F, cid=7473, seq=0, RW, Message:0101620240b4b8000000...(size=12), entry=(t:1, i:127), STATEMACHINELOGENTRY, 7473@client-8BEEC01311DE
2023-03-07 04:41:26,230 DEBUG server.RaftServer$Division (RaftServerImpl.java:logAppendEntries(1429)) - s13@group-A82F1EDBF13F: receive appendEntries(s11, 1, (t:1, i:126), 126, true, commits:[s11:c126, s13:c125, s12:c125, s3:c125, s4:c125, s5:c125, s10:c125, s6:c125, s7:c125, s8:c125, s9:c125, s14:c125, s0:c125, s1:c125, s2:c125], cId:7474, entries: [(t:1, i:127), STATEMACHINELOGENTRY, 7473@client-8BEEC01311DE]
2023-03-07 04:41:26,231 DEBUG server.RaftServer$Division (RaftServerImpl.java:logAppendEntries(1429)) - s12@group-A82F1EDBF13F: receive appendEntries(s11, 1, (t:1, i:126), 126, true, commits:[s11:c126, s13:c125, s12:c125, s3:c125, s4:c125, s5:c125, s10:c125, s6:c125, s7:c125, s8:c125, s9:c125, s14:c125, s0:c125, s1:c125, s2:c125], cId:7475, entries: [(t:1, i:127), STATEMACHINELOGENTRY, 7473@client-8BEEC01311DE]
2023-03-07 04:41:26,231 DEBUG server.RaftServer$Division (RaftServerImpl.java:logAppendEntries(1429)) - s3@group-A82F1EDBF13F: receive appendEntries(s11, 1, (t:1, i:126), 126, true, commits:[s11:c126, s13:c125, s12:c125, s3:c125, s4:c125, s5:c125, s10:c125, s6:c125, s7:c125, s8:c125, s9:c125, s14:c125, s0:c125, s1:c125, s2:c125], cId:7476, entries: [(t:1, i:127), STATEMACHINELOGENTRY, 7473@client-8BEEC01311DE]
2023-03-07 04:41:26,231 DEBUG server.RaftServer$Division (RaftServerImpl.java:logAppendEntries(1429)) - s13@group-A82F1EDBF13F: succeeded to handle AppendEntries. Reply: s11<-s13#7474:OK-t1,SUCCESS,nextIndex=128,followerCommit=126,matchIndex=127
2023-03-07 04:41:26,231 DEBUG server.RaftServer$Division (RaftServerImpl.java:logAppendEntries(1429)) - s4@group-A82F1EDBF13F: receive appendEntries(s11, 1, (t:1, i:126), 126, true, commits:[s11:c126, s13:c125, s12:c125, s3:c125, s4:c125, s5:c125, s10:c125, s6:c125, s7:c125, s8:c125, s9:c125, s14:c125, s0:c125, s1:c125, s2:c125], cId:7477, entries: [(t:1, i:127), STATEMACHINELOGENTRY, 7473@client-8BEEC01311DE]
2023-03-07 04:41:26,231 DEBUG server.RaftServer$Division (RaftServerImpl.java:logAppendEntries(1429)) - s5@group-A82F1EDBF13F: receive appendEntries(s11, 1, (t:1, i:126), 126, true, commits:[s11:c126, s13:c125, s12:c125, s3:c125, s4:c125, s5:c125, s10:c125, s6:c125, s7:c125, s8:c125, s9:c125, s14:c125, s0:c125, s1:c125, s2:c125], cId:7478, entries: [(t:1, i:127), STATEMACHINELOGENTRY, 7473@client-8BEEC01311DE]
2023-03-07 04:41:26,231 DEBUG server.RaftServer$Division (RaftServerImpl.java:logAppendEntries(1429)) - s12@group-A82F1EDBF13F: succeeded to handle AppendEntries. Reply: s11<-s12#7475:OK-t1,SUCCESS,nextIndex=128,followerCommit=126,matchIndex=127
2023-03-07 04:41:26,231 DEBUG server.RaftServer$Division (RaftServerImpl.java:logAppendEntries(1429)) - s3@group-A82F1EDBF13F: succeeded to handle AppendEntries. Reply: s11<-s3#7476:OK-t1,SUCCESS,nextIndex=128,followerCommit=126,matchIndex=127
2023-03-07 04:41:26,232 DEBUG server.RaftServer$Division (RaftServerImpl.java:logAppendEntries(1429)) - s7@group-A82F1EDBF13F: receive appendEntries(s11, 1, (t:1, i:126), 126, true, commits:[s11:c126, s13:c125, s12:c126, s3:c125, s4:c125, s5:c125, s10:c125, s6:c125, s7:c125, s8:c125, s9:c125, s14:c125, s0:c125, s1:c125, s2:c125], cId:7481, entries: [(t:1, i:127), STATEMACHINELOGENTRY, 7473@client-8BEEC01311DE]
2023-03-07 04:41:26,232 DEBUG server.RaftServer$Division (RaftServerImpl.java:logAppendEntries(1429)) - s0@group-A82F1EDBF13F: receive appendEntries(s11, 1, (t:1, i:126), 126, true, commits:[s11:c126, s13:c125, s12:c126, s3:c125, s4:c125, s5:c125, s10:c125, s6:c125, s7:c125, s8:c125, s9:c125, s14:c125, s0:c125, s1:c125, s2:c125], cId:7485, entries: [(t:1, i:127), STATEMACHINELOGENTRY, 7473@client-8BEEC01311DE]
2023-03-07 04:41:26,233 DEBUG server.RaftServer$Division (RaftServerImpl.java:logAppendEntries(1429)) - s6@group-A82F1EDBF13F: receive appendEntries(s11, 1, (t:1, i:126), 126, true, commits:[s11:c126, s13:c125, s12:c126, s3:c125, s4:c125, s5:c125, s10:c125, s6:c125, s7:c125, s8:c125, s9:c125, s14:c125, s0:c125, s1:c125, s2:c125], cId:7480, entries: [(t:1, i:127), STATEMACHINELOGENTRY, 7473@client-8BEEC01311DE]
2023-03-07 04:41:26,233 DEBUG server.RaftServer$Division (RaftServerImpl.java:logAppendEntries(1429)) - s14@group-A82F1EDBF13F: receive appendEntries(s11, 1, (t:1, i:126), 126, true, commits:[s11:c126, s13:c125, s12:c126, s3:c125, s4:c125, s5:c125, s10:c125, s6:c125, s7:c125, s8:c125, s9:c125, s14:c125, s0:c125, s1:c125, s2:c125], cId:7484, entries: [(t:1, i:127), STATEMACHINELOGENTRY, 7473@client-8BEEC01311DE]
2023-03-07 04:41:26,233 DEBUG server.RaftServer$Division (RaftServerImpl.java:logAppendEntries(1429)) - s0@group-A82F1EDBF13F: succeeded to handle AppendEntries. Reply: s11<-s0#7485:OK-t1,SUCCESS,nextIndex=128,followerCommit=126,matchIndex=127
2023-03-07 04:41:26,233 DEBUG server.RaftServer$Division (RaftServerImpl.java:logAppendEntries(1429)) - s6@group-A82F1EDBF13F: succeeded to handle AppendEntries. Reply: s11<-s6#7480:OK-t1,SUCCESS,nextIndex=128,followerCommit=126,matchIndex=127
2023-03-07 04:41:26,233 DEBUG server.RaftServer$Division (RaftServerImpl.java:logAppendEntries(1429)) - s5@group-A82F1EDBF13F: succeeded to handle AppendEntries. Reply: s11<-s5#7478:OK-t1,SUCCESS,nextIndex=128,followerCommit=126,matchIndex=127
2023-03-07 04:41:26,233 DEBUG server.RaftServer$Division (RaftServerImpl.java:logAppendEntries(1429)) - s7@group-A82F1EDBF13F: succeeded to handle AppendEntries. Reply: s11<-s7#7481:OK-t1,SUCCESS,nextIndex=128,followerCommit=126,matchIndex=127
2023-03-07 04:41:26,233 DEBUG server.RaftServer$Division (RaftServerImpl.java:logAppendEntries(1429)) - s4@group-A82F1EDBF13F: succeeded to handle AppendEntries. Reply: s11<-s4#7477:OK-t1,SUCCESS,nextIndex=128,followerCommit=126,matchIndex=127
2023-03-07 04:41:26,233 DEBUG server.RaftServer$Division (RaftServerImpl.java:logAppendEntries(1429)) - s14@group-A82F1EDBF13F: succeeded to handle AppendEntries. Reply: s11<-s14#7484:OK-t1,SUCCESS,nextIndex=128,followerCommit=126,matchIndex=127
2023-03-07 04:41:26,234 DEBUG server.RaftServer$Division (RaftServerImpl.java:logAppendEntries(1429)) - s1@group-A82F1EDBF13F: receive appendEntries(s11, 1, (t:1, i:126), 126, true, commits:[s11:c126, s13:c125, s12:c126, s3:c125, s4:c125, s5:c125, s10:c125, s6:c125, s7:c125, s8:c125, s9:c125, s14:c125, s0:c125, s1:c125, s2:c125], cId:7486, entries: [(t:1, i:127), STATEMACHINELOGENTRY, 7473@client-8BEEC01311DE]
2023-03-07 04:41:26,234 DEBUG server.RaftServer$Division (RaftServerImpl.java:logAppendEntries(1429)) - s9@group-A82F1EDBF13F: receive appendEntries(s11, 1, (t:1, i:126), 126, true, commits:[s11:c126, s13:c125, s12:c126, s3:c125, s4:c125, s5:c125, s10:c125, s6:c125, s7:c125, s8:c125, s9:c125, s14:c125, s0:c125, s1:c125, s2:c125], cId:7483, entries: [(t:1, i:127), STATEMACHINELOGENTRY, 7473@client-8BEEC01311DE]
2023-03-07 04:41:26,234 DEBUG server.RaftServer$Division (RaftServerImpl.java:logAppendEntries(1429)) - s8@group-A82F1EDBF13F: receive appendEntries(s11, 1, (t:1, i:126), 126, true, commits:[s11:c126, s13:c125, s12:c126, s3:c125, s4:c125, s5:c125, s10:c125, s6:c125, s7:c125, s8:c125, s9:c125, s14:c125, s0:c125, s1:c125, s2:c125], cId:7482, entries: [(t:1, i:127), STATEMACHINELOGENTRY, 7473@client-8BEEC01311DE]
2023-03-07 04:41:26,234 DEBUG server.RaftServer$Division (RaftServerImpl.java:logAppendEntries(1429)) - s2@group-A82F1EDBF13F: receive appendEntries(s11, 1, (t:1, i:126), 126, true, commits:[s11:c126, s13:c125, s12:c126, s3:c125, s4:c125, s5:c125, s10:c125, s6:c125, s7:c125, s8:c125, s9:c125, s14:c125, s0:c125, s1:c125, s2:c125], cId:7487, entries: [(t:1, i:127), STATEMACHINELOGENTRY, 7473@client-8BEEC01311DE]
2023-03-07 04:41:26,234 DEBUG server.RaftServer$Division (RaftServerImpl.java:logAppendEntries(1429)) - s10@group-A82F1EDBF13F: receive appendEntries(s11, 1, (t:1, i:126), 126, true, commits:[s11:c126, s13:c125, s12:c126, s3:c125, s4:c125, s5:c125, s10:c125, s6:c125, s7:c125, s8:c125, s9:c125, s14:c125, s0:c125, s1:c125, s2:c125], cId:7479, entries: [(t:1, i:127), STATEMACHINELOGENTRY, 7473@client-8BEEC01311DE]
2023-03-07 04:41:26,234 DEBUG server.RaftServer$Division (RaftServerImpl.java:logAppendEntries(1429)) - s1@group-A82F1EDBF13F: succeeded to handle AppendEntries. Reply: s11<-s1#7486:OK-t1,SUCCESS,nextIndex=128,followerCommit=126,matchIndex=127
2023-03-07 04:41:26,234 DEBUG server.RaftServer$Division (RaftServerImpl.java:logAppendEntries(1429)) - s8@group-A82F1EDBF13F: succeeded to handle AppendEntries. Reply: s11<-s8#7482:OK-t1,SUCCESS,nextIndex=128,followerCommit=126,matchIndex=127
2023-03-07 04:41:26,234 DEBUG server.RaftServer$Division (RaftServerImpl.java:logAppendEntries(1429)) - s2@group-A82F1EDBF13F: succeeded to handle AppendEntries. Reply: s11<-s2#7487:OK-t1,SUCCESS,nextIndex=128,followerCommit=126,matchIndex=127
2023-03-07 04:41:26,234 DEBUG server.RaftServer$Division (RaftServerImpl.java:logAppendEntries(1429)) - s10@group-A82F1EDBF13F: succeeded to handle AppendEntries. Reply: s11<-s10#7479:OK-t1,SUCCESS,nextIndex=128,followerCommit=126,matchIndex=127
2023-03-07 04:41:26,234 DEBUG server.RaftServer$Division (RaftServerImpl.java:logAppendEntries(1429)) - s9@group-A82F1EDBF13F: succeeded to handle AppendEntries. Reply: s11<-s9#7483:OK-t1,SUCCESS,nextIndex=128,followerCommit=126,matchIndex=127
2023-03-07 04:41:26,242 INFO  statemachine.StateMachine (ArithmeticStateMachine.java:applyTransaction(182)) - LEADER:s11-127: b = 5304 = 5304
2023-03-07 04:41:26,243 DEBUG server.RaftServer$Division (RaftServerImpl.java:logAppendEntries(1429)) - s9@group-A82F1EDBF13F: receive appendEntries(s11, 1, (t:1, i:127), 127, true, commits:[s11:c127, s13:c126, s12:c126, s3:c126, s4:c126, s5:c126, s10:c126, s6:c126, s7:c126, s8:c126, s9:c126, s14:c126, s0:c126, s1:c126, s2:c126], cId:7492, entries: [(t:1, i:128), METADATAENTRY(c:127)]
2023-03-07 04:41:26,243 DEBUG server.RaftServer$Division (RaftServerImpl.java:logAppendEntries(1429)) - s3@group-A82F1EDBF13F: receive appendEntries(s11, 1, (t:1, i:127), 127, true, commits:[s11:c127, s13:c126, s12:c126, s3:c126, s4:c126, s5:c126, s10:c126, s6:c126, s7:c126, s8:c126, s9:c126, s14:c126, s0:c126, s1:c126, s2:c126], cId:7498, entries: [(t:1, i:128), METADATAENTRY(c:127)]
2023-03-07 04:41:26,243 DEBUG server.RaftServer$Division (RaftServerImpl.java:logAppendEntries(1429)) - s6@group-A82F1EDBF13F: receive appendEntries(s11, 1, (t:1, i:127), 127, true, commits:[s11:c127, s13:c126, s12:c126, s3:c126, s4:c126, s5:c126, s10:c126, s6:c126, s7:c126, s8:c126, s9:c126, s14:c126, s0:c126, s1:c126, s2:c126], cId:7496, entries: [(t:1, i:128), METADATAENTRY(c:127)]
2023-03-07 04:41:26,243 DEBUG server.RaftServer$Division (RaftServerImpl.java:logAppendEntries(1429)) - s12@group-A82F1EDBF13F: receive appendEntries(s11, 1, (t:1, i:127), 127, true, commits:[s11:c127, s13:c126, s12:c126, s3:c126, s4:c126, s5:c126, s10:c126, s6:c126, s7:c126, s8:c126, s9:c126, s14:c126, s0:c126, s1:c126, s2:c126], cId:7500, entries: [(t:1, i:128), METADATAENTRY(c:127)]
2023-03-07 04:41:26,243 DEBUG server.RaftServer$Division (RaftServerImpl.java:logAppendEntries(1429)) - s9@group-A82F1EDBF13F: succeeded to handle AppendEntries. Reply: s11<-s9#7492:OK-t1,SUCCESS,nextIndex=129,followerCommit=127,matchIndex=128
2023-03-07 04:41:26,243 DEBUG server.RaftServer$Division (RaftServerImpl.java:logAppendEntries(1429)) - s10@group-A82F1EDBF13F: receive appendEntries(s11, 1, (t:1, i:127), 127, true, commits:[s11:c127, s13:c126, s12:c126, s3:c126, s4:c126, s5:c126, s10:c126, s6:c126, s7:c126, s8:c126, s9:c126, s14:c126, s0:c126, s1:c126, s2:c126], cId:7501, entries: [(t:1, i:128), METADATAENTRY(c:127)]
2023-03-07 04:41:26,243 DEBUG server.RaftServer$Division (RaftServerImpl.java:logAppendEntries(1429)) - s6@group-A82F1EDBF13F: succeeded to handle AppendEntries. Reply: s11<-s6#7496:OK-t1,SUCCESS,nextIndex=129,followerCommit=127,matchIndex=128
2023-03-07 04:41:26,244 DEBUG server.RaftServer$Division (RaftServerImpl.java:logAppendEntries(1429)) - s3@group-A82F1EDBF13F: succeeded to handle AppendEntries. Reply: s11<-s3#7498:OK-t1,SUCCESS,nextIndex=129,followerCommit=127,matchIndex=128
2023-03-07 04:41:26,244 DEBUG server.RaftServer$Division (RaftServerImpl.java:logAppendEntries(1429)) - s1@group-A82F1EDBF13F: receive appendEntries(s11, 1, (t:1, i:127), 127, true, commits:[s11:c127, s13:c126, s12:c126, s3:c126, s4:c126, s5:c126, s10:c126, s6:c126, s7:c126, s8:c126, s9:c126, s14:c126, s0:c126, s1:c126, s2:c126], cId:7488, entries: [(t:1, i:128), METADATAENTRY(c:127)]
2023-03-07 04:41:26,244 DEBUG server.RaftServer$Division (RaftServerImpl.java:logAppendEntries(1429)) - s8@group-A82F1EDBF13F: receive appendEntries(s11, 1, (t:1, i:127), 127, true, commits:[s11:c127, s13:c126, s12:c126, s3:c126, s4:c126, s5:c126, s10:c126, s6:c126, s7:c126, s8:c126, s9:c126, s14:c126, s0:c126, s1:c126, s2:c126], cId:7491, entries: [(t:1, i:128), METADATAENTRY(c:127)]
2023-03-07 04:41:26,244 DEBUG server.RaftServer$Division (RaftServerImpl.java:logAppendEntries(1429)) - s13@group-A82F1EDBF13F: receive appendEntries(s11, 1, (t:1, i:127), 127, true, commits:[s11:c127, s13:c126, s12:c126, s3:c126, s4:c126, s5:c126, s10:c126, s6:c126, s7:c126, s8:c126, s9:c126, s14:c126, s0:c126, s1:c126, s2:c126], cId:7497, entries: [(t:1, i:128), METADATAENTRY(c:127)]
2023-03-07 04:41:26,244 DEBUG server.RaftServer$Division (RaftServerImpl.java:logAppendEntries(1429)) - s12@group-A82F1EDBF13F: succeeded to handle AppendEntries. Reply: s11<-s12#7500:OK-t1,SUCCESS,nextIndex=129,followerCommit=127,matchIndex=128
2023-03-07 04:41:26,244 DEBUG server.RaftServer$Division (RaftServerImpl.java:logAppendEntries(1429)) - s10@group-A82F1EDBF13F: succeeded to handle AppendEntries. Reply: s11<-s10#7501:OK-t1,SUCCESS,nextIndex=129,followerCommit=127,matchIndex=128
2023-03-07 04:41:26,244 DEBUG server.RaftServer$Division (RaftServerImpl.java:logAppendEntries(1429)) - s5@group-A82F1EDBF13F: receive appendEntries(s11, 1, (t:1, i:127), 127, true, commits:[s11:c127, s13:c126, s12:c126, s3:c126, s4:c126, s5:c126, s10:c126, s6:c126, s7:c126, s8:c126, s9:c126, s14:c126, s0:c126, s1:c126, s2:c126], cId:7495, entries: [(t:1, i:128), METADATAENTRY(c:127)]
2023-03-07 04:41:26,245 DEBUG server.RaftServer$Division (RaftServerImpl.java:logAppendEntries(1429)) - s4@group-A82F1EDBF13F: receive appendEntries(s11, 1, (t:1, i:127), 127, true, commits:[s11:c127, s13:c126, s12:c126, s3:c126, s4:c126, s5:c126, s10:c126, s6:c126, s7:c126, s8:c126, s9:c126, s14:c126, s0:c126, s1:c126, s2:c126], cId:7493, entries: [(t:1, i:128), METADATAENTRY(c:127)]
2023-03-07 04:41:26,268 DEBUG server.RaftServer$Division (RaftServerImpl.java:logAppendEntries(1429)) - s14@group-A82F1EDBF13F: receive appendEntries(s11, 1, (t:1, i:127), 127, true, commits:[s11:c127, s13:c126, s12:c126, s3:c126, s4:c126, s5:c126, s10:c126, s6:c126, s7:c126, s8:c126, s9:c126, s14:c126, s0:c126, s1:c126, s2:c126], cId:7489, entries: [(t:1, i:128), METADATAENTRY(c:127)]
2023-03-07 04:41:26,269 DEBUG server.RaftServer$Division (RaftServerImpl.java:logAppendEntries(1429)) - s0@group-A82F1EDBF13F: receive appendEntries(s11, 1, (t:1, i:127), 127, true, commits:[s11:c127, s13:c126, s12:c126, s3:c126, s4:c126, s5:c126, s10:c126, s6:c126, s7:c126, s8:c126, s9:c126, s14:c126, s0:c126, s1:c126, s2:c126], cId:7490, entries: [(t:1, i:128), METADATAENTRY(c:127)]
2023-03-07 04:41:26,269 DEBUG server.RaftServer$Division (RaftServerImpl.java:logAppendEntries(1429)) - s1@group-A82F1EDBF13F: succeeded to handle AppendEntries. Reply: s11<-s1#7488:OK-t1,SUCCESS,nextIndex=129,followerCommit=127,matchIndex=128
2023-03-07 04:41:26,269 DEBUG server.RaftServer$Division (RaftServerImpl.java:logAppendEntries(1429)) - s5@group-A82F1EDBF13F: succeeded to handle AppendEntries. Reply: s11<-s5#7495:OK-t1,SUCCESS,nextIndex=129,followerCommit=127,matchIndex=128
2023-03-07 04:41:26,269 DEBUG server.RaftServer$Division (RaftServerImpl.java:logAppendEntries(1429)) - s13@group-A82F1EDBF13F: succeeded to handle AppendEntries. Reply: s11<-s13#7497:OK-t1,SUCCESS,nextIndex=129,followerCommit=127,matchIndex=128
2023-03-07 04:41:26,269 DEBUG server.RaftServer$Division (RaftServerImpl.java:logAppendEntries(1429)) - s2@group-A82F1EDBF13F: receive appendEntries(s11, 1, (t:1, i:127), 127, true, commits:[s11:c127, s13:c126, s12:c126, s3:c126, s4:c126, s5:c126, s10:c126, s6:c126, s7:c126, s8:c126, s9:c126, s14:c126, s0:c126, s1:c126, s2:c126], cId:7494, entries: [(t:1, i:128), METADATAENTRY(c:127)]
2023-03-07 04:41:26,259 DEBUG server.RaftServer$Division (RaftServerImpl.java:logAppendEntries(1429)) - s8@group-A82F1EDBF13F: succeeded to handle AppendEntries. Reply: s11<-s8#7491:OK-t1,SUCCESS,nextIndex=129,followerCommit=127,matchIndex=128
2023-03-07 04:41:26,270 DEBUG server.RaftServer$Division (RaftServerImpl.java:logAppendEntries(1429)) - s7@group-A82F1EDBF13F: receive appendEntries(s11, 1, (t:1, i:127), 127, true, commits:[s11:c127, s13:c126, s12:c126, s3:c126, s4:c126, s5:c126, s10:c126, s6:c126, s7:c126, s8:c126, s9:c126, s14:c126, s0:c126, s1:c126, s2:c126], cId:7499, entries: [(t:1, i:128), METADATAENTRY(c:127)]
2023-03-07 04:41:26,270 DEBUG server.RaftServer$Division (RaftServerImpl.java:logAppendEntries(1429)) - s0@group-A82F1EDBF13F: succeeded to handle AppendEntries. Reply: s11<-s0#7490:OK-t1,SUCCESS,nextIndex=129,followerCommit=127,matchIndex=128
2023-03-07 04:41:26,270 DEBUG server.RaftServer$Division (RaftServerImpl.java:logAppendEntries(1429)) - s2@group-A82F1EDBF13F: succeeded to handle AppendEntries. Reply: s11<-s2#7494:OK-t1,SUCCESS,nextIndex=129,followerCommit=127,matchIndex=128
2023-03-07 04:41:26,270 DEBUG server.RaftServer$Division (RaftServerImpl.java:logAppendEntries(1429)) - s14@group-A82F1EDBF13F: succeeded to handle AppendEntries. Reply: s11<-s14#7489:OK-t1,SUCCESS,nextIndex=129,followerCommit=127,matchIndex=128
2023-03-07 04:41:26,270 DEBUG server.RaftServer$Division (RaftServerImpl.java:logAppendEntries(1429)) - s4@group-A82F1EDBF13F: succeeded to handle AppendEntries. Reply: s11<-s4#7493:OK-t1,SUCCESS,nextIndex=129,followerCommit=127,matchIndex=128
2023-03-07 04:41:26,270 DEBUG server.RaftServer$Division (RaftServerImpl.java:logAppendEntries(1429)) - s7@group-A82F1EDBF13F: succeeded to handle AppendEntries. Reply: s11<-s7#7499:OK-t1,SUCCESS,nextIndex=129,followerCommit=127,matchIndex=128
2023-03-07 04:41:26,271 DEBUG server.RaftServer$Division (RaftServerImpl.java:submitClientRequestAsync(832)) - s11@group-A82F1EDBF13F: receive client request(RaftClientRequest:client-8BEEC01311DE->s11@group-A82F1EDBF13F, cid=7502, seq=0, RW, Message:01016304010300040201...(size=17))
2023-03-07 04:41:26,271 DEBUG server.RaftServer$Division (LeaderStateImpl.java:addPendingRequest(474)) - s11@group-A82F1EDBF13F-LeaderStateImpl: addPendingRequest at RaftClientRequest:client-8BEEC01311DE->s11@group-A82F1EDBF13F, cid=7502, seq=0, RW, Message:01016304010300040201...(size=17), entry=(t:1, i:129), STATEMACHINELOGENTRY, 7502@client-8BEEC01311DE
2023-03-07 04:41:26,272 DEBUG server.RaftServer$Division (RaftServerImpl.java:logAppendEntries(1429)) - s12@group-A82F1EDBF13F: receive appendEntries(s11, 1, (t:1, i:128), 128, true, commits:[s11:c128, s13:c127, s12:c127, s3:c127, s4:c127, s5:c127, s10:c127, s6:c127, s7:c127, s8:c127, s9:c127, s14:c126, s0:c126, s1:c127, s2:c127], cId:7504, entries: [(t:1, i:129), STATEMACHINELOGENTRY, 7502@client-8BEEC01311DE]
2023-03-07 04:41:26,272 DEBUG server.RaftServer$Division (RaftServerImpl.java:logAppendEntries(1429)) - s4@group-A82F1EDBF13F: receive appendEntries(s11, 1, (t:1, i:128), 128, true, commits:[s11:c128, s13:c127, s12:c127, s3:c127, s4:c127, s5:c127, s10:c127, s6:c127, s7:c127, s8:c127, s9:c127, s14:c126, s0:c126, s1:c127, s2:c127], cId:7509, entries: [(t:1, i:129), STATEMACHINELOGENTRY, 7502@client-8BEEC01311DE]
2023-03-07 04:41:26,272 DEBUG server.RaftServer$Division (RaftServerImpl.java:logAppendEntries(1429)) - s2@group-A82F1EDBF13F: receive appendEntries(s11, 1, (t:1, i:128), 128, true, commits:[s11:c128, s13:c127, s12:c127, s3:c127, s4:c127, s5:c127, s10:c127, s6:c127, s7:c127, s8:c127, s9:c127, s14:c126, s0:c126, s1:c127, s2:c127], cId:7506, entries: [(t:1, i:129), STATEMACHINELOGENTRY, 7502@client-8BEEC01311DE]
2023-03-07 04:41:26,272 DEBUG server.RaftServer$Division (RaftServerImpl.java:logAppendEntries(1429)) - s7@group-A82F1EDBF13F: receive appendEntries(s11, 1, (t:1, i:128), 128, true, commits:[s11:c128, s13:c127, s12:c127, s3:c127, s4:c127, s5:c127, s10:c127, s6:c127, s7:c127, s8:c127, s9:c127, s14:c126, s0:c126, s1:c127, s2:c127], cId:7510, entries: [(t:1, i:129), STATEMACHINELOGENTRY, 7502@client-8BEEC01311DE]
2023-03-07 04:41:26,273 DEBUG server.RaftServer$Division (RaftServerImpl.java:logAppendEntries(1429)) - s9@group-A82F1EDBF13F: receive appendEntries(s11, 1, (t:1, i:128), 128, true, commits:[s11:c128, s13:c127, s12:c127, s3:c127, s4:c127, s5:c127, s10:c127, s6:c127, s7:c127, s8:c127, s9:c127, s14:c126, s0:c126, s1:c127, s2:c127], cId:7512, entries: [(t:1, i:129), STATEMACHINELOGENTRY, 7502@client-8BEEC01311DE]
2023-03-07 04:41:26,273 DEBUG server.RaftServer$Division (RaftServerImpl.java:logAppendEntries(1429)) - s10@group-A82F1EDBF13F: receive appendEntries(s11, 1, (t:1, i:128), 128, true, commits:[s11:c128, s13:c127, s12:c127, s3:c127, s4:c127, s5:c127, s10:c127, s6:c127, s7:c127, s8:c127, s9:c127, s14:c126, s0:c126, s1:c127, s2:c127], cId:7513, entries: [(t:1, i:129), STATEMACHINELOGENTRY, 7502@client-8BEEC01311DE]
2023-03-07 04:41:26,273 DEBUG server.RaftServer$Division (RaftServerImpl.java:logAppendEntries(1429)) - s12@group-A82F1EDBF13F: succeeded to handle AppendEntries. Reply: s11<-s12#7504:OK-t1,SUCCESS,nextIndex=130,followerCommit=128,matchIndex=129
2023-03-07 04:41:26,273 DEBUG server.RaftServer$Division (RaftServerImpl.java:logAppendEntries(1429)) - s2@group-A82F1EDBF13F: succeeded to handle AppendEntries. Reply: s11<-s2#7506:OK-t1,SUCCESS,nextIndex=130,followerCommit=128,matchIndex=129
2023-03-07 04:41:26,273 DEBUG server.RaftServer$Division (RaftServerImpl.java:logAppendEntries(1429)) - s4@group-A82F1EDBF13F: succeeded to handle AppendEntries. Reply: s11<-s4#7509:OK-t1,SUCCESS,nextIndex=130,followerCommit=128,matchIndex=129
2023-03-07 04:41:26,273 DEBUG server.RaftServer$Division (RaftServerImpl.java:logAppendEntries(1429)) - s3@group-A82F1EDBF13F: receive appendEntries(s11, 1, (t:1, i:128), 128, true, commits:[s11:c128, s13:c127, s12:c127, s3:c127, s4:c127, s5:c127, s10:c127, s6:c127, s7:c127, s8:c127, s9:c127, s14:c126, s0:c126, s1:c127, s2:c127], cId:7503, entries: [(t:1, i:129), STATEMACHINELOGENTRY, 7502@client-8BEEC01311DE]
2023-03-07 04:41:26,273 DEBUG server.RaftServer$Division (RaftServerImpl.java:logAppendEntries(1429)) - s6@group-A82F1EDBF13F: receive appendEntries(s11, 1, (t:1, i:128), 128, true, commits:[s11:c128, s13:c127, s12:c127, s3:c127, s4:c127, s5:c127, s10:c127, s6:c127, s7:c127, s8:c127, s9:c127, s14:c126, s0:c126, s1:c127, s2:c127], cId:7508, entries: [(t:1, i:129), STATEMACHINELOGENTRY, 7502@client-8BEEC01311DE]
2023-03-07 04:41:26,273 DEBUG server.RaftServer$Division (RaftServerImpl.java:logAppendEntries(1429)) - s0@group-A82F1EDBF13F: receive appendEntries(s11, 1, (t:1, i:128), 128, true, commits:[s11:c128, s13:c127, s12:c127, s3:c127, s4:c127, s5:c127, s10:c127, s6:c127, s7:c127, s8:c127, s9:c127, s14:c126, s0:c127, s1:c127, s2:c127], cId:7515, entries: [(t:1, i:129), STATEMACHINELOGENTRY, 7502@client-8BEEC01311DE]
2023-03-07 04:41:26,274 DEBUG server.RaftServer$Division (RaftServerImpl.java:logAppendEntries(1429)) - s13@group-A82F1EDBF13F: receive appendEntries(s11, 1, (t:1, i:128), 128, true, commits:[s11:c128, s13:c127, s12:c127, s3:c127, s4:c127, s5:c127, s10:c127, s6:c127, s7:c127, s8:c127, s9:c127, s14:c126, s0:c126, s1:c127, s2:c127], cId:7511, entries: [(t:1, i:129), STATEMACHINELOGENTRY, 7502@client-8BEEC01311DE]
2023-03-07 04:41:26,274 DEBUG server.RaftServer$Division (RaftServerImpl.java:logAppendEntries(1429)) - s5@group-A82F1EDBF13F: receive appendEntries(s11, 1, (t:1, i:128), 128, true, commits:[s11:c128, s13:c127, s12:c127, s3:c127, s4:c127, s5:c127, s10:c127, s6:c127, s7:c127, s8:c127, s9:c127, s14:c126, s0:c126, s1:c127, s2:c127], cId:7505, entries: [(t:1, i:129), STATEMACHINELOGENTRY, 7502@client-8BEEC01311DE]
2023-03-07 04:41:26,274 DEBUG server.RaftServer$Division (RaftServerImpl.java:logAppendEntries(1429)) - s10@group-A82F1EDBF13F: succeeded to handle AppendEntries. Reply: s11<-s10#7513:OK-t1,SUCCESS,nextIndex=130,followerCommit=128,matchIndex=129
2023-03-07 04:41:26,274 DEBUG server.RaftServer$Division (RaftServerImpl.java:logAppendEntries(1429)) - s9@group-A82F1EDBF13F: succeeded to handle AppendEntries. Reply: s11<-s9#7512:OK-t1,SUCCESS,nextIndex=130,followerCommit=128,matchIndex=129
2023-03-07 04:41:26,274 DEBUG server.RaftServer$Division (RaftServerImpl.java:logAppendEntries(1429)) - s3@group-A82F1EDBF13F: succeeded to handle AppendEntries. Reply: s11<-s3#7503:OK-t1,SUCCESS,nextIndex=130,followerCommit=128,matchIndex=129
2023-03-07 04:41:26,274 DEBUG server.RaftServer$Division (RaftServerImpl.java:logAppendEntries(1429)) - s8@group-A82F1EDBF13F: receive appendEntries(s11, 1, (t:1, i:128), 128, true, commits:[s11:c128, s13:c127, s12:c127, s3:c127, s4:c127, s5:c127, s10:c127, s6:c127, s7:c127, s8:c127, s9:c127, s14:c126, s0:c126, s1:c127, s2:c127], cId:7507, entries: [(t:1, i:129), STATEMACHINELOGENTRY, 7502@client-8BEEC01311DE]
2023-03-07 04:41:26,275 DEBUG server.RaftServer$Division (RaftServerImpl.java:logAppendEntries(1429)) - s6@group-A82F1EDBF13F: succeeded to handle AppendEntries. Reply: s11<-s6#7508:OK-t1,SUCCESS,nextIndex=130,followerCommit=128,matchIndex=129
2023-03-07 04:41:26,275 DEBUG server.RaftServer$Division (RaftServerImpl.java:logAppendEntries(1429)) - s13@group-A82F1EDBF13F: succeeded to handle AppendEntries. Reply: s11<-s13#7511:OK-t1,SUCCESS,nextIndex=130,followerCommit=128,matchIndex=129
2023-03-07 04:41:26,275 DEBUG server.RaftServer$Division (RaftServerImpl.java:logAppendEntries(1429)) - s1@group-A82F1EDBF13F: receive appendEntries(s11, 1, (t:1, i:128), 128, true, commits:[s11:c128, s13:c127, s12:c127, s3:c127, s4:c127, s5:c127, s10:c127, s6:c127, s7:c127, s8:c127, s9:c127, s14:c126, s0:c126, s1:c127, s2:c127], cId:7514, entries: [(t:1, i:129), STATEMACHINELOGENTRY, 7502@client-8BEEC01311DE]
2023-03-07 04:41:26,275 DEBUG server.RaftServer$Division (RaftServerImpl.java:logAppendEntries(1429)) - s5@group-A82F1EDBF13F: succeeded to handle AppendEntries. Reply: s11<-s5#7505:OK-t1,SUCCESS,nextIndex=130,followerCommit=128,matchIndex=129
2023-03-07 04:41:26,275 DEBUG server.RaftServer$Division (RaftServerImpl.java:logAppendEntries(1429)) - s0@group-A82F1EDBF13F: succeeded to handle AppendEntries. Reply: s11<-s0#7515:OK-t1,SUCCESS,nextIndex=130,followerCommit=128,matchIndex=129
2023-03-07 04:41:26,275 DEBUG server.RaftServer$Division (RaftServerImpl.java:logAppendEntries(1429)) - s7@group-A82F1EDBF13F: succeeded to handle AppendEntries. Reply: s11<-s7#7510:OK-t1,SUCCESS,nextIndex=130,followerCommit=128,matchIndex=129
2023-03-07 04:41:26,275 DEBUG server.RaftServer$Division (RaftServerImpl.java:logAppendEntries(1429)) - s8@group-A82F1EDBF13F: succeeded to handle AppendEntries. Reply: s11<-s8#7507:OK-t1,SUCCESS,nextIndex=130,followerCommit=128,matchIndex=129
2023-03-07 04:41:26,276 INFO  statemachine.StateMachine (ArithmeticStateMachine.java:applyTransaction(182)) - LEADER:s11-129: c = √(a^2 + b^2) = 5305
2023-03-07 04:41:26,276 DEBUG server.RaftServer$Division (RaftServerImpl.java:logAppendEntries(1429)) - s1@group-A82F1EDBF13F: succeeded to handle AppendEntries. Reply: s11<-s1#7514:OK-t1,SUCCESS,nextIndex=130,followerCommit=128,matchIndex=129
2023-03-07 04:41:26,277 DEBUG server.RaftServer$Division (RaftServerImpl.java:logAppendEntries(1429)) - s6@group-A82F1EDBF13F: receive appendEntries(s11, 1, (t:1, i:129), 129, true, commits:[s11:c129, s13:c128, s12:c128, s3:c128, s4:c127, s5:c128, s10:c128, s6:c128, s7:c128, s8:c128, s9:c127, s14:c126, s0:c127, s1:c127, s2:c128], cId:7519, entries: [(t:1, i:130), METADATAENTRY(c:129)]
2023-03-07 04:41:26,277 DEBUG server.RaftServer$Division (RaftServerImpl.java:logAppendEntries(1429)) - s12@group-A82F1EDBF13F: receive appendEntries(s11, 1, (t:1, i:129), 129, true, commits:[s11:c129, s13:c128, s12:c128, s3:c128, s4:c127, s5:c128, s10:c128, s6:c128, s7:c128, s8:c128, s9:c127, s14:c126, s0:c127, s1:c127, s2:c128], cId:7522, entries: [(t:1, i:130), METADATAENTRY(c:129)]
2023-03-07 04:41:26,276 DEBUG server.RaftServer$Division (RaftServerImpl.java:logAppendEntries(1429)) - s3@group-A82F1EDBF13F: receive appendEntries(s11, 1, (t:1, i:129), 129, true, commits:[s11:c129, s13:c128, s12:c128, s3:c128, s4:c127, s5:c128, s10:c128, s6:c128, s7:c127, s8:c128, s9:c127, s14:c126, s0:c127, s1:c127, s2:c128], cId:7517, entries: [(t:1, i:130), METADATAENTRY(c:129)]
2023-03-07 04:41:26,277 DEBUG server.RaftServer$Division (RaftServerImpl.java:logAppendEntries(1429)) - s7@group-A82F1EDBF13F: receive appendEntries(s11, 1, (t:1, i:129), 129, true, commits:[s11:c129, s13:c128, s12:c128, s3:c128, s4:c127, s5:c128, s10:c128, s6:c128, s7:c128, s8:c128, s9:c127, s14:c126, s0:c127, s1:c127, s2:c128], cId:7518, entries: [(t:1, i:130), METADATAENTRY(c:129)]
2023-03-07 04:41:26,277 DEBUG server.RaftServer$Division (RaftServerImpl.java:logAppendEntries(1429)) - s5@group-A82F1EDBF13F: receive appendEntries(s11, 1, (t:1, i:129), 129, true, commits:[s11:c129, s13:c128, s12:c128, s3:c128, s4:c127, s5:c128, s10:c128, s6:c128, s7:c128, s8:c128, s9:c127, s14:c126, s0:c127, s1:c127, s2:c128], cId:7520, entries: [(t:1, i:130), METADATAENTRY(c:129)]
2023-03-07 04:41:26,277 DEBUG server.RaftServer$Division (RaftServerImpl.java:logAppendEntries(1429)) - s2@group-A82F1EDBF13F: receive appendEntries(s11, 1, (t:1, i:129), 129, true, commits:[s11:c129, s13:c128, s12:c128, s3:c128, s4:c127, s5:c128, s10:c128, s6:c128, s7:c127, s8:c128, s9:c127, s14:c126, s0:c127, s1:c127, s2:c128], cId:7516, entries: [(t:1, i:130), METADATAENTRY(c:129)]
2023-03-07 04:41:26,278 DEBUG server.RaftServer$Division (RaftServerImpl.java:logAppendEntries(1429)) - s13@group-A82F1EDBF13F: receive appendEntries(s11, 1, (t:1, i:129), 129, true, commits:[s11:c129, s13:c128, s12:c128, s3:c128, s4:c127, s5:c128, s10:c128, s6:c128, s7:c128, s8:c128, s9:c127, s14:c126, s0:c127, s1:c127, s2:c128], cId:7521, entries: [(t:1, i:130), METADATAENTRY(c:129)]
2023-03-07 04:41:26,278 DEBUG server.RaftServer$Division (RaftServerImpl.java:logAppendEntries(1429)) - s3@group-A82F1EDBF13F: succeeded to handle AppendEntries. Reply: s11<-s3#7517:OK-t1,SUCCESS,nextIndex=131,followerCommit=129,matchIndex=130
2023-03-07 04:41:26,278 DEBUG server.RaftServer$Division (RaftServerImpl.java:logAppendEntries(1429)) - s12@group-A82F1EDBF13F: succeeded to handle AppendEntries. Reply: s11<-s12#7522:OK-t1,SUCCESS,nextIndex=131,followerCommit=129,matchIndex=130
2023-03-07 04:41:26,278 DEBUG server.RaftServer$Division (RaftServerImpl.java:logAppendEntries(1429)) - s6@group-A82F1EDBF13F: succeeded to handle AppendEntries. Reply: s11<-s6#7519:OK-t1,SUCCESS,nextIndex=131,followerCommit=129,matchIndex=130
2023-03-07 04:41:26,278 DEBUG server.RaftServer$Division (RaftServerImpl.java:logAppendEntries(1429)) - s5@group-A82F1EDBF13F: succeeded to handle AppendEntries. Reply: s11<-s5#7520:OK-t1,SUCCESS,nextIndex=131,followerCommit=129,matchIndex=130
2023-03-07 04:41:26,278 DEBUG server.RaftServer$Division (RaftServerImpl.java:logAppendEntries(1429)) - s7@group-A82F1EDBF13F: succeeded to handle AppendEntries. Reply: s11<-s7#7518:OK-t1,SUCCESS,nextIndex=131,followerCommit=129,matchIndex=130
2023-03-07 04:41:26,278 DEBUG server.RaftServer$Division (RaftServerImpl.java:logAppendEntries(1429)) - s8@group-A82F1EDBF13F: receive appendEntries(s11, 1, (t:1, i:129), 129, true, commits:[s11:c129, s13:c128, s12:c128, s3:c128, s4:c127, s5:c128, s10:c128, s6:c128, s7:c128, s8:c128, s9:c128, s14:c126, s0:c127, s1:c128, s2:c128], cId:7525, entries: [(t:1, i:130), METADATAENTRY(c:129)]
2023-03-07 04:41:26,278 DEBUG server.RaftServer$Division (RaftServerImpl.java:logAppendEntries(1429)) - s1@group-A82F1EDBF13F: receive appendEntries(s11, 1, (t:1, i:129), 129, true, commits:[s11:c129, s13:c128, s12:c128, s3:c128, s4:c127, s5:c128, s10:c128, s6:c128, s7:c128, s8:c128, s9:c128, s14:c126, s0:c127, s1:c128, s2:c128], cId:7524, entries: [(t:1, i:130), METADATAENTRY(c:129)]
2023-03-07 04:41:26,278 DEBUG server.RaftServer$Division (RaftServerImpl.java:logAppendEntries(1429)) - s2@group-A82F1EDBF13F: succeeded to handle AppendEntries. Reply: s11<-s2#7516:OK-t1,SUCCESS,nextIndex=131,followerCommit=129,matchIndex=130
2023-03-07 04:41:26,279 DEBUG server.RaftServer$Division (RaftServerImpl.java:logAppendEntries(1429)) - s4@group-A82F1EDBF13F: receive appendEntries(s11, 1, (t:1, i:129), 129, true, commits:[s11:c129, s13:c128, s12:c128, s3:c128, s4:c128, s5:c128, s10:c128, s6:c128, s7:c128, s8:c128, s9:c128, s14:c126, s0:c127, s1:c128, s2:c128], cId:7527, entries: [(t:1, i:130), METADATAENTRY(c:129)]
2023-03-07 04:41:26,279 DEBUG server.RaftServer$Division (RaftServerImpl.java:logAppendEntries(1429)) - s1@group-A82F1EDBF13F: succeeded to handle AppendEntries. Reply: s11<-s1#7524:OK-t1,SUCCESS,nextIndex=131,followerCommit=129,matchIndex=130
2023-03-07 04:41:26,279 DEBUG server.RaftServer$Division (RaftServerImpl.java:logAppendEntries(1429)) - s13@group-A82F1EDBF13F: succeeded to handle AppendEntries. Reply: s11<-s13#7521:OK-t1,SUCCESS,nextIndex=131,followerCommit=129,matchIndex=130
2023-03-07 04:41:26,279 DEBUG server.RaftServer$Division (RaftServerImpl.java:logAppendEntries(1429)) - s8@group-A82F1EDBF13F: succeeded to handle AppendEntries. Reply: s11<-s8#7525:OK-t1,SUCCESS,nextIndex=131,followerCommit=129,matchIndex=130
2023-03-07 04:41:26,279 DEBUG server.RaftServer$Division (RaftServerImpl.java:logAppendEntries(1429)) - s4@group-A82F1EDBF13F: succeeded to handle AppendEntries. Reply: s11<-s4#7527:OK-t1,SUCCESS,nextIndex=131,followerCommit=129,matchIndex=130
2023-03-07 04:41:26,280 DEBUG server.RaftServer$Division (RaftServerImpl.java:logAppendEntries(1429)) - s9@group-A82F1EDBF13F: receive appendEntries(s11, 1, (t:1, i:129), 129, true, commits:[s11:c129, s13:c128, s12:c128, s3:c128, s4:c127, s5:c128, s10:c128, s6:c128, s7:c128, s8:c128, s9:c128, s14:c126, s0:c127, s1:c127, s2:c128], cId:7523, entries: [(t:1, i:130), METADATAENTRY(c:129)]
2023-03-07 04:41:26,280 DEBUG server.RaftServer$Division (RaftServerImpl.java:logAppendEntries(1429)) - s9@group-A82F1EDBF13F: succeeded to handle AppendEntries. Reply: s11<-s9#7523:OK-t1,SUCCESS,nextIndex=131,followerCommit=129,matchIndex=130
2023-03-07 04:41:26,281 DEBUG server.RaftServer$Division (RaftServerImpl.java:logAppendEntries(1429)) - s14@group-A82F1EDBF13F: receive appendEntries(s11, 1, (t:1, i:128), 130, true, commits:[s11:c130, s13:c129, s12:c129, s3:c129, s4:c128, s5:c129, s10:c128, s6:c129, s7:c129, s8:c128, s9:c128, s14:c127, s0:c127, s1:c129, s2:c129], cId:7528, entries: [(t:1, i:129), STATEMACHINELOGENTRY, 7502@client-8BEEC01311DE, (t:1, i:130), METADATAENTRY(c:129)]
2023-03-07 04:41:26,281 DEBUG server.RaftServer$Division (RaftServerImpl.java:logAppendEntries(1429)) - s0@group-A82F1EDBF13F: receive appendEntries(s11, 1, (t:1, i:129), 130, true, commits:[s11:c130, s13:c129, s12:c129, s3:c129, s4:c128, s5:c129, s10:c128, s6:c129, s7:c129, s8:c129, s9:c128, s14:c127, s0:c128, s1:c129, s2:c129], cId:7529, entries: [(t:1, i:130), METADATAENTRY(c:129)]
2023-03-07 04:41:26,281 DEBUG server.RaftServer$Division (RaftServerImpl.java:logAppendEntries(1429)) - s14@group-A82F1EDBF13F: succeeded to handle AppendEntries. Reply: s11<-s14#7528:OK-t1,SUCCESS,nextIndex=131,followerCommit=130,matchIndex=130
2023-03-07 04:41:26,282 DEBUG server.RaftServer$Division (RaftServerImpl.java:logAppendEntries(1429)) - s0@group-A82F1EDBF13F: succeeded to handle AppendEntries. Reply: s11<-s0#7529:OK-t1,SUCCESS,nextIndex=131,followerCommit=130,matchIndex=130
2023-03-07 04:41:26,282 DEBUG server.RaftServer$Division (RaftServerImpl.java:logAppendEntries(1429)) - s10@group-A82F1EDBF13F: receive appendEntries(s11, 1, (t:1, i:129), 129, true, commits:[s11:c129, s13:c128, s12:c128, s3:c128, s4:c127, s5:c128, s10:c128, s6:c128, s7:c128, s8:c128, s9:c128, s14:c126, s0:c127, s1:c128, s2:c128], cId:7526, entries: [(t:1, i:130), METADATAENTRY(c:129)]
2023-03-07 04:41:26,282 DEBUG server.RaftServer$Division (RaftServerImpl.java:submitClientRequestAsync(832)) - s11@group-A82F1EDBF13F: receive client request(RaftClientRequest:client-8BEEC01311DE->s11@group-A82F1EDBF13F, cid=7530, seq=0, RW, Message:01016100)
2023-03-07 04:41:26,282 DEBUG server.RaftServer$Division (LeaderStateImpl.java:addPendingRequest(474)) - s11@group-A82F1EDBF13F-LeaderStateImpl: addPendingRequest at RaftClientRequest:client-8BEEC01311DE->s11@group-A82F1EDBF13F, cid=7530, seq=0, RW, Message:01016100, entry=(t:1, i:131), STATEMACHINELOGENTRY, 7530@client-8BEEC01311DE
2023-03-07 04:41:26,283 DEBUG server.RaftServer$Division (RaftServerImpl.java:logAppendEntries(1429)) - s10@group-A82F1EDBF13F: succeeded to handle AppendEntries. Reply: s11<-s10#7526:OK-t1,SUCCESS,nextIndex=131,followerCommit=129,matchIndex=130
2023-03-07 04:41:26,283 DEBUG server.RaftServer$Division (RaftServerImpl.java:logAppendEntries(1429)) - s5@group-A82F1EDBF13F: receive appendEntries(s11, 1, (t:1, i:130), 130, true, commits:[s11:c130, s13:c129, s12:c129, s3:c129, s4:c129, s5:c129, s10:c128, s6:c129, s7:c129, s8:c129, s9:c129, s14:c130, s0:c128, s1:c129, s2:c129], cId:7533, entries: [(t:1, i:131), STATEMACHINELOGENTRY, 7530@client-8BEEC01311DE]
2023-03-07 04:41:26,283 DEBUG server.RaftServer$Division (RaftServerImpl.java:logAppendEntries(1429)) - s3@group-A82F1EDBF13F: receive appendEntries(s11, 1, (t:1, i:130), 130, true, commits:[s11:c130, s13:c129, s12:c129, s3:c129, s4:c129, s5:c129, s10:c128, s6:c129, s7:c129, s8:c129, s9:c129, s14:c130, s0:c128, s1:c129, s2:c129], cId:7534, entries: [(t:1, i:131), STATEMACHINELOGENTRY, 7530@client-8BEEC01311DE]
2023-03-07 04:41:26,283 DEBUG server.RaftServer$Division (RaftServerImpl.java:logAppendEntries(1429)) - s13@group-A82F1EDBF13F: receive appendEntries(s11, 1, (t:1, i:130), 130, true, commits:[s11:c130, s13:c129, s12:c129, s3:c129, s4:c129, s5:c129, s10:c128, s6:c129, s7:c129, s8:c129, s9:c129, s14:c130, s0:c128, s1:c129, s2:c129], cId:7539, entries: [(t:1, i:131), STATEMACHINELOGENTRY, 7530@client-8BEEC01311DE]
2023-03-07 04:41:26,283 DEBUG server.RaftServer$Division (RaftServerImpl.java:logAppendEntries(1429)) - s6@group-A82F1EDBF13F: receive appendEntries(s11, 1, (t:1, i:130), 130, true, commits:[s11:c130, s13:c129, s12:c129, s3:c129, s4:c129, s5:c129, s10:c128, s6:c129, s7:c129, s8:c129, s9:c129, s14:c130, s0:c128, s1:c129, s2:c129], cId:7532, entries: [(t:1, i:131), STATEMACHINELOGENTRY, 7530@client-8BEEC01311DE]
2023-03-07 04:41:26,284 DEBUG server.RaftServer$Division (RaftServerImpl.java:logAppendEntries(1429)) - s5@group-A82F1EDBF13F: succeeded to handle AppendEntries. Reply: s11<-s5#7533:OK-t1,SUCCESS,nextIndex=132,followerCommit=130,matchIndex=131
2023-03-07 04:41:26,284 DEBUG server.RaftServer$Division (RaftServerImpl.java:logAppendEntries(1429)) - s3@group-A82F1EDBF13F: succeeded to handle AppendEntries. Reply: s11<-s3#7534:OK-t1,SUCCESS,nextIndex=132,followerCommit=130,matchIndex=131
2023-03-07 04:41:26,284 DEBUG server.RaftServer$Division (RaftServerImpl.java:logAppendEntries(1429)) - s6@group-A82F1EDBF13F: succeeded to handle AppendEntries. Reply: s11<-s6#7532:OK-t1,SUCCESS,nextIndex=132,followerCommit=130,matchIndex=131
2023-03-07 04:41:26,284 DEBUG server.RaftServer$Division (RaftServerImpl.java:logAppendEntries(1429)) - s1@group-A82F1EDBF13F: receive appendEntries(s11, 1, (t:1, i:130), 130, true, commits:[s11:c130, s13:c129, s12:c129, s3:c129, s4:c129, s5:c129, s10:c128, s6:c129, s7:c129, s8:c129, s9:c129, s14:c130, s0:c128, s1:c129, s2:c129], cId:7541, entries: [(t:1, i:131), STATEMACHINELOGENTRY, 7530@client-8BEEC01311DE]
2023-03-07 04:41:26,284 DEBUG server.RaftServer$Division (RaftServerImpl.java:logAppendEntries(1429)) - s8@group-A82F1EDBF13F: receive appendEntries(s11, 1, (t:1, i:130), 130, true, commits:[s11:c130, s13:c129, s12:c129, s3:c129, s4:c129, s5:c129, s10:c128, s6:c129, s7:c129, s8:c129, s9:c129, s14:c130, s0:c128, s1:c129, s2:c129], cId:7535, entries: [(t:1, i:131), STATEMACHINELOGENTRY, 7530@client-8BEEC01311DE]
2023-03-07 04:41:26,284 DEBUG server.RaftServer$Division (RaftServerImpl.java:logAppendEntries(1429)) - s1@group-A82F1EDBF13F: succeeded to handle AppendEntries. Reply: s11<-s1#7541:OK-t1,SUCCESS,nextIndex=132,followerCommit=130,matchIndex=131
2023-03-07 04:41:26,284 DEBUG server.RaftServer$Division (RaftServerImpl.java:logAppendEntries(1429)) - s13@group-A82F1EDBF13F: succeeded to handle AppendEntries. Reply: s11<-s13#7539:OK-t1,SUCCESS,nextIndex=132,followerCommit=130,matchIndex=131
2023-03-07 04:41:26,285 DEBUG server.RaftServer$Division (RaftServerImpl.java:logAppendEntries(1429)) - s8@group-A82F1EDBF13F: succeeded to handle AppendEntries. Reply: s11<-s8#7535:OK-t1,SUCCESS,nextIndex=132,followerCommit=130,matchIndex=131
2023-03-07 04:41:26,285 DEBUG server.RaftServer$Division (RaftServerImpl.java:logAppendEntries(1429)) - s7@group-A82F1EDBF13F: receive appendEntries(s11, 1, (t:1, i:130), 130, true, commits:[s11:c130, s13:c129, s12:c129, s3:c129, s4:c129, s5:c129, s10:c128, s6:c129, s7:c129, s8:c129, s9:c129, s14:c130, s0:c128, s1:c129, s2:c129], cId:7540, entries: [(t:1, i:131), STATEMACHINELOGENTRY, 7530@client-8BEEC01311DE]
2023-03-07 04:41:26,285 DEBUG server.RaftServer$Division (RaftServerImpl.java:logAppendEntries(1429)) - s4@group-A82F1EDBF13F: receive appendEntries(s11, 1, (t:1, i:130), 130, true, commits:[s11:c130, s13:c129, s12:c129, s3:c129, s4:c129, s5:c129, s10:c128, s6:c129, s7:c129, s8:c129, s9:c129, s14:c130, s0:c128, s1:c129, s2:c129], cId:7538, entries: [(t:1, i:131), STATEMACHINELOGENTRY, 7530@client-8BEEC01311DE]
2023-03-07 04:41:26,285 DEBUG server.RaftServer$Division (RaftServerImpl.java:logAppendEntries(1429)) - s2@group-A82F1EDBF13F: receive appendEntries(s11, 1, (t:1, i:130), 130, true, commits:[s11:c130, s13:c129, s12:c129, s3:c129, s4:c129, s5:c129, s10:c128, s6:c129, s7:c129, s8:c129, s9:c129, s14:c130, s0:c128, s1:c129, s2:c129], cId:7536, entries: [(t:1, i:131), STATEMACHINELOGENTRY, 7530@client-8BEEC01311DE]
2023-03-07 04:41:26,286 DEBUG server.RaftServer$Division (RaftServerImpl.java:logAppendEntries(1429)) - s7@group-A82F1EDBF13F: succeeded to handle AppendEntries. Reply: s11<-s7#7540:OK-t1,SUCCESS,nextIndex=132,followerCommit=130,matchIndex=131
2023-03-07 04:41:26,286 DEBUG server.RaftServer$Division (RaftServerImpl.java:logAppendEntries(1429)) - s4@group-A82F1EDBF13F: succeeded to handle AppendEntries. Reply: s11<-s4#7538:OK-t1,SUCCESS,nextIndex=132,followerCommit=130,matchIndex=131
2023-03-07 04:41:26,286 DEBUG server.RaftServer$Division (RaftServerImpl.java:logAppendEntries(1429)) - s12@group-A82F1EDBF13F: receive appendEntries(s11, 1, (t:1, i:130), 130, true, commits:[s11:c130, s13:c129, s12:c129, s3:c129, s4:c129, s5:c129, s10:c128, s6:c129, s7:c129, s8:c129, s9:c129, s14:c130, s0:c128, s1:c129, s2:c129], cId:7542, entries: [(t:1, i:131), STATEMACHINELOGENTRY, 7530@client-8BEEC01311DE]
2023-03-07 04:41:26,286 DEBUG server.RaftServer$Division (RaftServerImpl.java:logAppendEntries(1429)) - s9@group-A82F1EDBF13F: receive appendEntries(s11, 1, (t:1, i:130), 130, true, commits:[s11:c130, s13:c129, s12:c129, s3:c129, s4:c129, s5:c129, s10:c128, s6:c129, s7:c129, s8:c129, s9:c129, s14:c130, s0:c128, s1:c129, s2:c129], cId:7537, entries: [(t:1, i:131), STATEMACHINELOGENTRY, 7530@client-8BEEC01311DE]
2023-03-07 04:41:26,286 DEBUG server.RaftServer$Division (RaftServerImpl.java:logAppendEntries(1429)) - s2@group-A82F1EDBF13F: succeeded to handle AppendEntries. Reply: s11<-s2#7536:OK-t1,SUCCESS,nextIndex=132,followerCommit=130,matchIndex=131
2023-03-07 04:41:26,286 DEBUG server.RaftServer$Division (RaftServerImpl.java:logAppendEntries(1429)) - s9@group-A82F1EDBF13F: succeeded to handle AppendEntries. Reply: s11<-s9#7537:OK-t1,SUCCESS,nextIndex=132,followerCommit=130,matchIndex=131
2023-03-07 04:41:26,286 DEBUG server.RaftServer$Division (RaftServerImpl.java:logAppendEntries(1429)) - s12@group-A82F1EDBF13F: succeeded to handle AppendEntries. Reply: s11<-s12#7542:OK-t1,SUCCESS,nextIndex=132,followerCommit=130,matchIndex=131
2023-03-07 04:41:26,287 INFO  statemachine.StateMachine (ArithmeticStateMachine.java:applyTransaction(182)) - LEADER:s11-131: a = null = null
2023-03-07 04:41:26,287 DEBUG server.RaftServer$Division (RaftServerImpl.java:logAppendEntries(1429)) - s5@group-A82F1EDBF13F: receive appendEntries(s11, 1, (t:1, i:131), 131, true, commits:[s11:c131, s13:c130, s12:c129, s3:c130, s4:c129, s5:c130, s10:c129, s6:c130, s7:c130, s8:c130, s9:c129, s14:c130, s0:c128, s1:c130, s2:c129], cId:7544, entries: [(t:1, i:132), METADATAENTRY(c:131)]
2023-03-07 04:41:26,287 DEBUG server.RaftServer$Division (RaftServerImpl.java:logAppendEntries(1429)) - s6@group-A82F1EDBF13F: receive appendEntries(s11, 1, (t:1, i:131), 131, true, commits:[s11:c131, s13:c130, s12:c129, s3:c130, s4:c129, s5:c130, s10:c129, s6:c130, s7:c130, s8:c130, s9:c129, s14:c130, s0:c128, s1:c130, s2:c129], cId:7546, entries: [(t:1, i:132), METADATAENTRY(c:131)]
2023-03-07 04:41:26,287 DEBUG server.RaftServer$Division (RaftServerImpl.java:logAppendEntries(1429)) - s3@group-A82F1EDBF13F: receive appendEntries(s11, 1, (t:1, i:131), 131, true, commits:[s11:c131, s13:c130, s12:c129, s3:c130, s4:c129, s5:c130, s10:c129, s6:c130, s7:c130, s8:c130, s9:c129, s14:c130, s0:c128, s1:c130, s2:c129], cId:7547, entries: [(t:1, i:132), METADATAENTRY(c:131)]
2023-03-07 04:41:26,288 DEBUG server.RaftServer$Division (RaftServerImpl.java:logAppendEntries(1429)) - s7@group-A82F1EDBF13F: receive appendEntries(s11, 1, (t:1, i:131), 131, true, commits:[s11:c131, s13:c130, s12:c129, s3:c130, s4:c129, s5:c130, s10:c129, s6:c130, s7:c130, s8:c130, s9:c129, s14:c130, s0:c128, s1:c130, s2:c129], cId:7548, entries: [(t:1, i:132), METADATAENTRY(c:131)]
2023-03-07 04:41:26,288 DEBUG server.RaftServer$Division (RaftServerImpl.java:logAppendEntries(1429)) - s5@group-A82F1EDBF13F: succeeded to handle AppendEntries. Reply: s11<-s5#7544:OK-t1,SUCCESS,nextIndex=133,followerCommit=131,matchIndex=132
2023-03-07 04:41:26,288 DEBUG server.RaftServer$Division (RaftServerImpl.java:logAppendEntries(1429)) - s6@group-A82F1EDBF13F: succeeded to handle AppendEntries. Reply: s11<-s6#7546:OK-t1,SUCCESS,nextIndex=133,followerCommit=131,matchIndex=132
2023-03-07 04:41:26,288 DEBUG server.RaftServer$Division (RaftServerImpl.java:submitClientRequestAsync(832)) - s11@group-A82F1EDBF13F: receive client request(RaftClientRequest:client-8BEEC01311DE->s11@group-A82F1EDBF13F, cid=7551, seq=0, RW, Message:01016200)
2023-03-07 04:41:26,288 DEBUG server.RaftServer$Division (RaftServerImpl.java:logAppendEntries(1429)) - s8@group-A82F1EDBF13F: receive appendEntries(s11, 1, (t:1, i:131), 131, true, commits:[s11:c131, s13:c130, s12:c129, s3:c130, s4:c129, s5:c130, s10:c129, s6:c130, s7:c130, s8:c130, s9:c129, s14:c130, s0:c128, s1:c130, s2:c129], cId:7545, entries: [(t:1, i:132), METADATAENTRY(c:131)]
2023-03-07 04:41:26,288 DEBUG server.RaftServer$Division (RaftServerImpl.java:logAppendEntries(1429)) - s13@group-A82F1EDBF13F: receive appendEntries(s11, 1, (t:1, i:131), 131, true, commits:[s11:c131, s13:c130, s12:c129, s3:c130, s4:c129, s5:c130, s10:c129, s6:c130, s7:c130, s8:c130, s9:c129, s14:c130, s0:c128, s1:c130, s2:c129], cId:7549, entries: [(t:1, i:132), METADATAENTRY(c:131)]
2023-03-07 04:41:26,288 DEBUG server.RaftServer$Division (RaftServerImpl.java:logAppendEntries(1429)) - s3@group-A82F1EDBF13F: succeeded to handle AppendEntries. Reply: s11<-s3#7547:OK-t1,SUCCESS,nextIndex=133,followerCommit=131,matchIndex=132
2023-03-07 04:41:26,288 DEBUG server.RaftServer$Division (RaftServerImpl.java:logAppendEntries(1429)) - s14@group-A82F1EDBF13F: receive appendEntries(s11, 1, (t:1, i:130), 130, true, commits:[s11:c130, s13:c129, s12:c129, s3:c129, s4:c129, s5:c129, s10:c128, s6:c129, s7:c129, s8:c129, s9:c129, s14:c130, s0:c128, s1:c129, s2:c129], cId:7531, entries: [(t:1, i:131), STATEMACHINELOGENTRY, 7530@client-8BEEC01311DE]
2023-03-07 04:41:26,289 DEBUG server.RaftServer$Division (RaftServerImpl.java:logAppendEntries(1429)) - s13@group-A82F1EDBF13F: succeeded to handle AppendEntries. Reply: s11<-s13#7549:OK-t1,SUCCESS,nextIndex=133,followerCommit=131,matchIndex=132
2023-03-07 04:41:26,289 DEBUG server.RaftServer$Division (RaftServerImpl.java:logAppendEntries(1429)) - s8@group-A82F1EDBF13F: succeeded to handle AppendEntries. Reply: s11<-s8#7545:OK-t1,SUCCESS,nextIndex=133,followerCommit=131,matchIndex=132
2023-03-07 04:41:26,289 DEBUG server.RaftServer$Division (RaftServerImpl.java:logAppendEntries(1429)) - s3@group-A82F1EDBF13F: receive appendEntries(s11, 1, (t:1, i:132), 131, true, commits:[s11:c131, s13:c130, s12:c129, s3:c131, s4:c129, s5:c130, s10:c129, s6:c130, s7:c130, s8:c130, s9:c129, s14:c130, s0:c130, s1:c130, s2:c129], cId:7552, entries: [(t:1, i:133), STATEMACHINELOGENTRY, 7551@client-8BEEC01311DE]
2023-03-07 04:41:26,289 DEBUG server.RaftServer$Division (RaftServerImpl.java:logAppendEntries(1429)) - s14@group-A82F1EDBF13F: succeeded to handle AppendEntries. Reply: s11<-s14#7531:OK-t1,SUCCESS,nextIndex=132,followerCommit=130,matchIndex=131
2023-03-07 04:41:26,289 DEBUG server.RaftServer$Division (RaftServerImpl.java:logAppendEntries(1429)) - s5@group-A82F1EDBF13F: receive appendEntries(s11, 1, (t:1, i:132), 131, true, commits:[s11:c131, s13:c130, s12:c129, s3:c131, s4:c129, s5:c131, s10:c129, s6:c130, s7:c130, s8:c130, s9:c129, s14:c130, s0:c130, s1:c130, s2:c129], cId:7553, entries: [(t:1, i:133), STATEMACHINELOGENTRY, 7551@client-8BEEC01311DE]
2023-03-07 04:41:26,290 DEBUG server.RaftServer$Division (RaftServerImpl.java:logAppendEntries(1429)) - s10@group-A82F1EDBF13F: receive appendEntries(s11, 1, (t:1, i:130), 130, true, commits:[s11:c130, s13:c130, s12:c129, s3:c130, s4:c129, s5:c130, s10:c129, s6:c130, s7:c129, s8:c129, s9:c129, s14:c130, s0:c128, s1:c130, s2:c129], cId:7543, entries: [(t:1, i:131), STATEMACHINELOGENTRY, 7530@client-8BEEC01311DE]
2023-03-07 04:41:26,290 DEBUG server.RaftServer$Division (RaftServerImpl.java:logAppendEntries(1429)) - s1@group-A82F1EDBF13F: receive appendEntries(s11, 1, (t:1, i:131), 131, true, commits:[s11:c131, s13:c130, s12:c129, s3:c131, s4:c129, s5:c131, s10:c129, s6:c131, s7:c130, s8:c130, s9:c129, s14:c130, s0:c130, s1:c130, s2:c129], cId:7555, entries: [(t:1, i:132), METADATAENTRY(c:131), (t:1, i:133), STATEMACHINELOGENTRY, 7551@client-8BEEC01311DE]
2023-03-07 04:41:26,290 DEBUG server.RaftServer$Division (RaftServerImpl.java:logAppendEntries(1429)) - s3@group-A82F1EDBF13F: succeeded to handle AppendEntries. Reply: s11<-s3#7552:OK-t1,SUCCESS,nextIndex=134,followerCommit=131,matchIndex=133
2023-03-07 04:41:26,290 DEBUG server.RaftServer$Division (RaftServerImpl.java:logAppendEntries(1429)) - s13@group-A82F1EDBF13F: receive appendEntries(s11, 1, (t:1, i:132), 131, true, commits:[s11:c131, s13:c131, s12:c129, s3:c131, s4:c129, s5:c131, s10:c129, s6:c131, s7:c130, s8:c130, s9:c129, s14:c130, s0:c130, s1:c130, s2:c129], cId:7556, entries: [(t:1, i:133), STATEMACHINELOGENTRY, 7551@client-8BEEC01311DE]
2023-03-07 04:41:26,290 DEBUG server.RaftServer$Division (RaftServerImpl.java:logAppendEntries(1429)) - s10@group-A82F1EDBF13F: succeeded to handle AppendEntries. Reply: s11<-s10#7543:OK-t1,SUCCESS,nextIndex=132,followerCommit=130,matchIndex=131
2023-03-07 04:41:26,290 DEBUG server.RaftServer$Division (RaftServerImpl.java:logAppendEntries(1429)) - s0@group-A82F1EDBF13F: receive appendEntries(s11, 1, (t:1, i:130), 131, true, commits:[s11:c131, s13:c130, s12:c129, s3:c130, s4:c129, s5:c130, s10:c129, s6:c130, s7:c130, s8:c130, s9:c129, s14:c130, s0:c130, s1:c130, s2:c129], cId:7550, entries: [(t:1, i:131), STATEMACHINELOGENTRY, 7530@client-8BEEC01311DE, (t:1, i:132), METADATAENTRY(c:131)]
2023-03-07 04:41:26,288 DEBUG server.RaftServer$Division (LeaderStateImpl.java:addPendingRequest(474)) - s11@group-A82F1EDBF13F-LeaderStateImpl: addPendingRequest at RaftClientRequest:client-8BEEC01311DE->s11@group-A82F1EDBF13F, cid=7551, seq=0, RW, Message:01016200, entry=(t:1, i:133), STATEMACHINELOGENTRY, 7551@client-8BEEC01311DE
2023-03-07 04:41:26,290 DEBUG server.RaftServer$Division (RaftServerImpl.java:logAppendEntries(1429)) - s5@group-A82F1EDBF13F: succeeded to handle AppendEntries. Reply: s11<-s5#7553:OK-t1,SUCCESS,nextIndex=134,followerCommit=131,matchIndex=133
2023-03-07 04:41:26,288 DEBUG server.RaftServer$Division (RaftServerImpl.java:logAppendEntries(1429)) - s7@group-A82F1EDBF13F: succeeded to handle AppendEntries. Reply: s11<-s7#7548:OK-t1,SUCCESS,nextIndex=133,followerCommit=131,matchIndex=132
2023-03-07 04:41:26,291 DEBUG server.RaftServer$Division (RaftServerImpl.java:logAppendEntries(1429)) - s1@group-A82F1EDBF13F: succeeded to handle AppendEntries. Reply: s11<-s1#7555:OK-t1,SUCCESS,nextIndex=134,followerCommit=131,matchIndex=133
2023-03-07 04:41:26,291 DEBUG server.RaftServer$Division (RaftServerImpl.java:logAppendEntries(1429)) - s13@group-A82F1EDBF13F: succeeded to handle AppendEntries. Reply: s11<-s13#7556:OK-t1,SUCCESS,nextIndex=134,followerCommit=131,matchIndex=133
2023-03-07 04:41:26,291 DEBUG server.RaftServer$Division (RaftServerImpl.java:logAppendEntries(1429)) - s0@group-A82F1EDBF13F: succeeded to handle AppendEntries. Reply: s11<-s0#7550:OK-t1,SUCCESS,nextIndex=133,followerCommit=131,matchIndex=132
2023-03-07 04:41:26,291 DEBUG server.RaftServer$Division (RaftServerImpl.java:logAppendEntries(1429)) - s6@group-A82F1EDBF13F: receive appendEntries(s11, 1, (t:1, i:132), 131, true, commits:[s11:c131, s13:c130, s12:c129, s3:c131, s4:c129, s5:c131, s10:c129, s6:c131, s7:c130, s8:c130, s9:c129, s14:c130, s0:c130, s1:c130, s2:c129], cId:7554, entries: [(t:1, i:133), STATEMACHINELOGENTRY, 7551@client-8BEEC01311DE]
2023-03-07 04:41:26,291 DEBUG server.RaftServer$Division (RaftServerImpl.java:logAppendEntries(1429)) - s2@group-A82F1EDBF13F: receive appendEntries(s11, 1, (t:1, i:131), 131, true, commits:[s11:c131, s13:c131, s12:c129, s3:c131, s4:c129, s5:c131, s10:c129, s6:c131, s7:c130, s8:c130, s9:c129, s14:c130, s0:c130, s1:c130, s2:c130], cId:7557, entries: [(t:1, i:132), METADATAENTRY(c:131), (t:1, i:133), STATEMACHINELOGENTRY, 7551@client-8BEEC01311DE]
2023-03-07 04:41:26,292 DEBUG server.RaftServer$Division (RaftServerImpl.java:logAppendEntries(1429)) - s6@group-A82F1EDBF13F: succeeded to handle AppendEntries. Reply: s11<-s6#7554:OK-t1,SUCCESS,nextIndex=134,followerCommit=131,matchIndex=133
2023-03-07 04:41:26,292 DEBUG server.RaftServer$Division (RaftServerImpl.java:logAppendEntries(1429)) - s9@group-A82F1EDBF13F: receive appendEntries(s11, 1, (t:1, i:131), 131, true, commits:[s11:c131, s13:c131, s12:c129, s3:c131, s4:c129, s5:c131, s10:c129, s6:c131, s7:c130, s8:c130, s9:c130, s14:c130, s0:c130, s1:c130, s2:c130], cId:7558, entries: [(t:1, i:132), METADATAENTRY(c:131), (t:1, i:133), STATEMACHINELOGENTRY, 7551@client-8BEEC01311DE]
2023-03-07 04:41:26,292 DEBUG server.RaftServer$Division (RaftServerImpl.java:logAppendEntries(1429)) - s12@group-A82F1EDBF13F: receive appendEntries(s11, 1, (t:1, i:131), 131, true, commits:[s11:c131, s13:c131, s12:c130, s3:c131, s4:c129, s5:c131, s10:c129, s6:c131, s7:c130, s8:c130, s9:c130, s14:c130, s0:c130, s1:c130, s2:c130], cId:7559, entries: [(t:1, i:132), METADATAENTRY(c:131), (t:1, i:133), STATEMACHINELOGENTRY, 7551@client-8BEEC01311DE]
2023-03-07 04:41:26,292 DEBUG server.RaftServer$Division (RaftServerImpl.java:logAppendEntries(1429)) - s2@group-A82F1EDBF13F: succeeded to handle AppendEntries. Reply: s11<-s2#7557:OK-t1,SUCCESS,nextIndex=134,followerCommit=131,matchIndex=133
2023-03-07 04:41:26,292 DEBUG server.RaftServer$Division (RaftServerImpl.java:logAppendEntries(1429)) - s4@group-A82F1EDBF13F: receive appendEntries(s11, 1, (t:1, i:131), 131, true, commits:[s11:c131, s13:c131, s12:c130, s3:c131, s4:c130, s5:c131, s10:c129, s6:c131, s7:c130, s8:c130, s9:c130, s14:c130, s0:c130, s1:c130, s2:c130], cId:7560, entries: [(t:1, i:132), METADATAENTRY(c:131), (t:1, i:133), STATEMACHINELOGENTRY, 7551@client-8BEEC01311DE]
2023-03-07 04:41:26,293 DEBUG server.RaftServer$Division (RaftServerImpl.java:logAppendEntries(1429)) - s9@group-A82F1EDBF13F: succeeded to handle AppendEntries. Reply: s11<-s9#7558:OK-t1,SUCCESS,nextIndex=134,followerCommit=131,matchIndex=133
2023-03-07 04:41:26,293 DEBUG server.RaftServer$Division (RaftServerImpl.java:logAppendEntries(1429)) - s12@group-A82F1EDBF13F: succeeded to handle AppendEntries. Reply: s11<-s12#7559:OK-t1,SUCCESS,nextIndex=134,followerCommit=131,matchIndex=133
2023-03-07 04:41:26,293 DEBUG server.RaftServer$Division (RaftServerImpl.java:logAppendEntries(1429)) - s4@group-A82F1EDBF13F: succeeded to handle AppendEntries. Reply: s11<-s4#7560:OK-t1,SUCCESS,nextIndex=134,followerCommit=131,matchIndex=133
2023-03-07 04:41:26,293 DEBUG server.RaftServer$Division (RaftServerImpl.java:logAppendEntries(1429)) - s14@group-A82F1EDBF13F: receive appendEntries(s11, 1, (t:1, i:131), 131, true, commits:[s11:c131, s13:c131, s12:c130, s3:c131, s4:c130, s5:c131, s10:c130, s6:c131, s7:c131, s8:c131, s9:c130, s14:c130, s0:c130, s1:c131, s2:c130], cId:7564, entries: [(t:1, i:132), METADATAENTRY(c:131), (t:1, i:133), STATEMACHINELOGENTRY, 7551@client-8BEEC01311DE]
2023-03-07 04:41:26,294 DEBUG server.RaftServer$Division (RaftServerImpl.java:logAppendEntries(1429)) - s7@group-A82F1EDBF13F: receive appendEntries(s11, 1, (t:1, i:132), 131, true, commits:[s11:c131, s13:c131, s12:c130, s3:c131, s4:c130, s5:c131, s10:c130, s6:c131, s7:c131, s8:c130, s9:c130, s14:c130, s0:c130, s1:c131, s2:c130], cId:7562, entries: [(t:1, i:133), STATEMACHINELOGENTRY, 7551@client-8BEEC01311DE]
2023-03-07 04:41:26,294 DEBUG server.RaftServer$Division (RaftServerImpl.java:logAppendEntries(1429)) - s14@group-A82F1EDBF13F: succeeded to handle AppendEntries. Reply: s11<-s14#7564:OK-t1,SUCCESS,nextIndex=134,followerCommit=131,matchIndex=133
2023-03-07 04:41:26,294 DEBUG server.RaftServer$Division (RaftServerImpl.java:logAppendEntries(1429)) - s8@group-A82F1EDBF13F: receive appendEntries(s11, 1, (t:1, i:132), 131, true, commits:[s11:c131, s13:c131, s12:c130, s3:c131, s4:c130, s5:c131, s10:c130, s6:c131, s7:c131, s8:c131, s9:c130, s14:c130, s0:c130, s1:c131, s2:c130], cId:7563, entries: [(t:1, i:133), STATEMACHINELOGENTRY, 7551@client-8BEEC01311DE]
2023-03-07 04:41:26,295 DEBUG server.RaftServer$Division (RaftServerImpl.java:logAppendEntries(1429)) - s10@group-A82F1EDBF13F: receive appendEntries(s11, 1, (t:1, i:131), 131, true, commits:[s11:c131, s13:c131, s12:c130, s3:c131, s4:c130, s5:c131, s10:c130, s6:c131, s7:c130, s8:c130, s9:c130, s14:c130, s0:c130, s1:c131, s2:c130], cId:7561, entries: [(t:1, i:132), METADATAENTRY(c:131), (t:1, i:133), STATEMACHINELOGENTRY, 7551@client-8BEEC01311DE]
2023-03-07 04:41:26,295 INFO  statemachine.StateMachine (ArithmeticStateMachine.java:applyTransaction(182)) - LEADER:s11-133: b = null = null
2023-03-07 04:41:26,295 DEBUG server.RaftServer$Division (RaftServerImpl.java:logAppendEntries(1429)) - s8@group-A82F1EDBF13F: succeeded to handle AppendEntries. Reply: s11<-s8#7563:OK-t1,SUCCESS,nextIndex=134,followerCommit=131,matchIndex=133
2023-03-07 04:41:26,295 DEBUG server.RaftServer$Division (RaftServerImpl.java:logAppendEntries(1429)) - s7@group-A82F1EDBF13F: succeeded to handle AppendEntries. Reply: s11<-s7#7562:OK-t1,SUCCESS,nextIndex=134,followerCommit=131,matchIndex=133
2023-03-07 04:41:26,295 DEBUG server.RaftServer$Division (RaftServerImpl.java:logAppendEntries(1429)) - s1@group-A82F1EDBF13F: receive appendEntries(s11, 1, (t:1, i:133), 133, true, commits:[s11:c133, s13:c131, s12:c130, s3:c131, s4:c130, s5:c131, s10:c130, s6:c131, s7:c131, s8:c131, s9:c131, s14:c130, s0:c131, s1:c131, s2:c131], cId:7566, entries: [(t:1, i:134), METADATAENTRY(c:133)]
2023-03-07 04:41:26,295 DEBUG server.RaftServer$Division (RaftServerImpl.java:logAppendEntries(1429)) - s10@group-A82F1EDBF13F: succeeded to handle AppendEntries. Reply: s11<-s10#7561:OK-t1,SUCCESS,nextIndex=134,followerCommit=131,matchIndex=133
2023-03-07 04:41:26,296 DEBUG server.RaftServer$Division (RaftServerImpl.java:logAppendEntries(1429)) - s1@group-A82F1EDBF13F: succeeded to handle AppendEntries. Reply: s11<-s1#7566:OK-t1,SUCCESS,nextIndex=135,followerCommit=133,matchIndex=134
2023-03-07 04:41:26,296 DEBUG server.RaftServer$Division (RaftServerImpl.java:logAppendEntries(1429)) - s5@group-A82F1EDBF13F: receive appendEntries(s11, 1, (t:1, i:133), 133, true, commits:[s11:c133, s13:c131, s12:c130, s3:c131, s4:c130, s5:c131, s10:c130, s6:c131, s7:c131, s8:c131, s9:c131, s14:c130, s0:c131, s1:c131, s2:c131], cId:7568, entries: [(t:1, i:134), METADATAENTRY(c:133)]
2023-03-07 04:41:26,296 DEBUG server.RaftServer$Division (RaftServerImpl.java:submitClientRequestAsync(832)) - s11@group-A82F1EDBF13F: receive client request(RaftClientRequest:client-8BEEC01311DE->s11@group-A82F1EDBF13F, cid=7567, seq=0, RW, Message:01016300)
2023-03-07 04:41:26,296 DEBUG server.RaftServer$Division (LeaderStateImpl.java:addPendingRequest(474)) - s11@group-A82F1EDBF13F-LeaderStateImpl: addPendingRequest at RaftClientRequest:client-8BEEC01311DE->s11@group-A82F1EDBF13F, cid=7567, seq=0, RW, Message:01016300, entry=(t:1, i:135), STATEMACHINELOGENTRY, 7567@client-8BEEC01311DE
2023-03-07 04:41:26,296 DEBUG server.RaftServer$Division (RaftServerImpl.java:logAppendEntries(1429)) - s0@group-A82F1EDBF13F: receive appendEntries(s11, 1, (t:1, i:132), 132, true, commits:[s11:c132, s13:c131, s12:c130, s3:c131, s4:c130, s5:c131, s10:c130, s6:c131, s7:c131, s8:c131, s9:c130, s14:c130, s0:c131, s1:c131, s2:c130], cId:7565, entries: [(t:1, i:133), STATEMACHINELOGENTRY, 7551@client-8BEEC01311DE]
2023-03-07 04:41:26,296 DEBUG server.RaftServer$Division (RaftServerImpl.java:logAppendEntries(1429)) - s13@group-A82F1EDBF13F: receive appendEntries(s11, 1, (t:1, i:133), 133, true, commits:[s11:c133, s13:c131, s12:c131, s3:c131, s4:c130, s5:c131, s10:c130, s6:c131, s7:c131, s8:c131, s9:c131, s14:c130, s0:c131, s1:c131, s2:c131], cId:7572, entries: [(t:1, i:134), METADATAENTRY(c:133)]
2023-03-07 04:41:26,297 DEBUG server.RaftServer$Division (RaftServerImpl.java:logAppendEntries(1429)) - s5@group-A82F1EDBF13F: succeeded to handle AppendEntries. Reply: s11<-s5#7568:OK-t1,SUCCESS,nextIndex=135,followerCommit=133,matchIndex=134
2023-03-07 04:41:26,297 DEBUG server.RaftServer$Division (RaftServerImpl.java:logAppendEntries(1429)) - s3@group-A82F1EDBF13F: receive appendEntries(s11, 1, (t:1, i:133), 133, true, commits:[s11:c133, s13:c131, s12:c130, s3:c131, s4:c130, s5:c131, s10:c130, s6:c131, s7:c131, s8:c131, s9:c131, s14:c130, s0:c131, s1:c131, s2:c131], cId:7569, entries: [(t:1, i:134), METADATAENTRY(c:133)]
2023-03-07 04:41:26,297 DEBUG server.RaftServer$Division (RaftServerImpl.java:logAppendEntries(1429)) - s2@group-A82F1EDBF13F: receive appendEntries(s11, 1, (t:1, i:133), 133, true, commits:[s11:c133, s13:c131, s12:c130, s3:c131, s4:c130, s5:c131, s10:c130, s6:c131, s7:c131, s8:c131, s9:c131, s14:c130, s0:c131, s1:c131, s2:c131], cId:7570, entries: [(t:1, i:134), METADATAENTRY(c:133)]
2023-03-07 04:41:26,297 DEBUG server.RaftServer$Division (RaftServerImpl.java:logAppendEntries(1429)) - s7@group-A82F1EDBF13F: receive appendEntries(s11, 1, (t:1, i:133), 133, true, commits:[s11:c133, s13:c131, s12:c131, s3:c131, s4:c131, s5:c131, s10:c130, s6:c131, s7:c131, s8:c131, s9:c131, s14:c130, s0:c131, s1:c131, s2:c131], cId:7574, entries: [(t:1, i:134), METADATAENTRY(c:133), (t:1, i:135), STATEMACHINELOGENTRY, 7567@client-8BEEC01311DE]
2023-03-07 04:41:26,297 DEBUG server.RaftServer$Division (RaftServerImpl.java:logAppendEntries(1429)) - s12@group-A82F1EDBF13F: receive appendEntries(s11, 1, (t:1, i:133), 133, true, commits:[s11:c133, s13:c131, s12:c131, s3:c131, s4:c130, s5:c131, s10:c130, s6:c131, s7:c131, s8:c131, s9:c131, s14:c130, s0:c131, s1:c131, s2:c131], cId:7571, entries: [(t:1, i:134), METADATAENTRY(c:133)]
2023-03-07 04:41:26,297 DEBUG server.RaftServer$Division (RaftServerImpl.java:logAppendEntries(1429)) - s4@group-A82F1EDBF13F: receive appendEntries(s11, 1, (t:1, i:133), 133, true, commits:[s11:c133, s13:c131, s12:c131, s3:c131, s4:c131, s5:c131, s10:c130, s6:c131, s7:c131, s8:c131, s9:c131, s14:c130, s0:c131, s1:c131, s2:c131], cId:7573, entries: [(t:1, i:134), METADATAENTRY(c:133)]
2023-03-07 04:41:26,298 DEBUG server.RaftServer$Division (RaftServerImpl.java:logAppendEntries(1429)) - s12@group-A82F1EDBF13F: succeeded to handle AppendEntries. Reply: s11<-s12#7571:OK-t1,SUCCESS,nextIndex=135,followerCommit=133,matchIndex=134
2023-03-07 04:41:26,298 DEBUG server.RaftServer$Division (RaftServerImpl.java:logAppendEntries(1429)) - s0@group-A82F1EDBF13F: succeeded to handle AppendEntries. Reply: s11<-s0#7565:OK-t1,SUCCESS,nextIndex=134,followerCommit=132,matchIndex=133
2023-03-07 04:41:26,298 DEBUG server.RaftServer$Division (RaftServerImpl.java:logAppendEntries(1429)) - s2@group-A82F1EDBF13F: succeeded to handle AppendEntries. Reply: s11<-s2#7570:OK-t1,SUCCESS,nextIndex=135,followerCommit=133,matchIndex=134
2023-03-07 04:41:26,298 DEBUG server.RaftServer$Division (RaftServerImpl.java:logAppendEntries(1429)) - s3@group-A82F1EDBF13F: succeeded to handle AppendEntries. Reply: s11<-s3#7569:OK-t1,SUCCESS,nextIndex=135,followerCommit=133,matchIndex=134
2023-03-07 04:41:26,298 DEBUG server.RaftServer$Division (RaftServerImpl.java:logAppendEntries(1429)) - s13@group-A82F1EDBF13F: succeeded to handle AppendEntries. Reply: s11<-s13#7572:OK-t1,SUCCESS,nextIndex=135,followerCommit=133,matchIndex=134
2023-03-07 04:41:26,298 DEBUG server.RaftServer$Division (RaftServerImpl.java:logAppendEntries(1429)) - s7@group-A82F1EDBF13F: succeeded to handle AppendEntries. Reply: s11<-s7#7574:OK-t1,SUCCESS,nextIndex=136,followerCommit=133,matchIndex=135
2023-03-07 04:41:26,298 DEBUG server.RaftServer$Division (RaftServerImpl.java:logAppendEntries(1429)) - s4@group-A82F1EDBF13F: succeeded to handle AppendEntries. Reply: s11<-s4#7573:OK-t1,SUCCESS,nextIndex=135,followerCommit=133,matchIndex=134
2023-03-07 04:41:26,298 DEBUG server.RaftServer$Division (RaftServerImpl.java:logAppendEntries(1429)) - s1@group-A82F1EDBF13F: receive appendEntries(s11, 1, (t:1, i:134), 133, true, commits:[s11:c133, s13:c131, s12:c131, s3:c131, s4:c131, s5:c131, s10:c130, s6:c131, s7:c131, s8:c131, s9:c131, s14:c130, s0:c131, s1:c133, s2:c131], cId:7575, entries: [(t:1, i:135), STATEMACHINELOGENTRY, 7567@client-8BEEC01311DE]
2023-03-07 04:41:26,298 DEBUG server.RaftServer$Division (RaftServerImpl.java:logAppendEntries(1429)) - s3@group-A82F1EDBF13F: receive appendEntries(s11, 1, (t:1, i:134), 133, true, commits:[s11:c133, s13:c131, s12:c131, s3:c133, s4:c131, s5:c131, s10:c131, s6:c131, s7:c131, s8:c131, s9:c131, s14:c130, s0:c131, s1:c133, s2:c131], cId:7578, entries: [(t:1, i:135), STATEMACHINELOGENTRY, 7567@client-8BEEC01311DE]
2023-03-07 04:41:26,299 DEBUG server.RaftServer$Division (RaftServerImpl.java:logAppendEntries(1429)) - s1@group-A82F1EDBF13F: succeeded to handle AppendEntries. Reply: s11<-s1#7575:OK-t1,SUCCESS,nextIndex=136,followerCommit=133,matchIndex=135
2023-03-07 04:41:26,299 DEBUG server.RaftServer$Division (RaftServerImpl.java:logAppendEntries(1429)) - s3@group-A82F1EDBF13F: succeeded to handle AppendEntries. Reply: s11<-s3#7578:OK-t1,SUCCESS,nextIndex=136,followerCommit=133,matchIndex=135
2023-03-07 04:41:26,299 DEBUG server.RaftServer$Division (RaftServerImpl.java:logAppendEntries(1429)) - s13@group-A82F1EDBF13F: receive appendEntries(s11, 1, (t:1, i:134), 133, true, commits:[s11:c133, s13:c133, s12:c131, s3:c133, s4:c131, s5:c131, s10:c131, s6:c131, s7:c131, s8:c131, s9:c131, s14:c130, s0:c131, s1:c133, s2:c131], cId:7579, entries: [(t:1, i:135), STATEMACHINELOGENTRY, 7567@client-8BEEC01311DE]
2023-03-07 04:41:26,299 DEBUG server.RaftServer$Division (RaftServerImpl.java:logAppendEntries(1429)) - s6@group-A82F1EDBF13F: receive appendEntries(s11, 1, (t:1, i:133), 133, true, commits:[s11:c133, s13:c131, s12:c131, s3:c131, s4:c131, s5:c131, s10:c131, s6:c131, s7:c131, s8:c131, s9:c131, s14:c130, s0:c131, s1:c133, s2:c131], cId:7577, entries: [(t:1, i:134), METADATAENTRY(c:133), (t:1, i:135), STATEMACHINELOGENTRY, 7567@client-8BEEC01311DE]
2023-03-07 04:41:26,299 DEBUG server.RaftServer$Division (RaftServerImpl.java:logAppendEntries(1429)) - s13@group-A82F1EDBF13F: succeeded to handle AppendEntries. Reply: s11<-s13#7579:OK-t1,SUCCESS,nextIndex=136,followerCommit=133,matchIndex=135
2023-03-07 04:41:26,299 DEBUG server.RaftServer$Division (RaftServerImpl.java:logAppendEntries(1429)) - s5@group-A82F1EDBF13F: receive appendEntries(s11, 1, (t:1, i:134), 133, true, commits:[s11:c133, s13:c133, s12:c131, s3:c133, s4:c131, s5:c133, s10:c131, s6:c131, s7:c131, s8:c131, s9:c131, s14:c130, s0:c131, s1:c133, s2:c131], cId:7580, entries: [(t:1, i:135), STATEMACHINELOGENTRY, 7567@client-8BEEC01311DE]
2023-03-07 04:41:26,299 DEBUG server.RaftServer$Division (RaftServerImpl.java:logAppendEntries(1429)) - s6@group-A82F1EDBF13F: succeeded to handle AppendEntries. Reply: s11<-s6#7577:OK-t1,SUCCESS,nextIndex=136,followerCommit=133,matchIndex=135
2023-03-07 04:41:26,300 DEBUG server.RaftServer$Division (RaftServerImpl.java:logAppendEntries(1429)) - s14@group-A82F1EDBF13F: receive appendEntries(s11, 1, (t:1, i:133), 133, true, commits:[s11:c133, s13:c133, s12:c131, s3:c133, s4:c131, s5:c133, s10:c131, s6:c131, s7:c131, s8:c131, s9:c131, s14:c131, s0:c131, s1:c133, s2:c131], cId:7582, entries: [(t:1, i:134), METADATAENTRY(c:133), (t:1, i:135), STATEMACHINELOGENTRY, 7567@client-8BEEC01311DE]
2023-03-07 04:41:26,300 DEBUG server.RaftServer$Division (RaftServerImpl.java:logAppendEntries(1429)) - s8@group-A82F1EDBF13F: receive appendEntries(s11, 1, (t:1, i:133), 133, true, commits:[s11:c133, s13:c133, s12:c131, s3:c133, s4:c131, s5:c133, s10:c131, s6:c131, s7:c131, s8:c131, s9:c131, s14:c131, s0:c131, s1:c133, s2:c131], cId:7583, entries: [(t:1, i:134), METADATAENTRY(c:133), (t:1, i:135), STATEMACHINELOGENTRY, 7567@client-8BEEC01311DE]
2023-03-07 04:41:26,300 DEBUG server.RaftServer$Division (RaftServerImpl.java:logAppendEntries(1429)) - s5@group-A82F1EDBF13F: succeeded to handle AppendEntries. Reply: s11<-s5#7580:OK-t1,SUCCESS,nextIndex=136,followerCommit=133,matchIndex=135
2023-03-07 04:41:26,301 DEBUG server.RaftServer$Division (RaftServerImpl.java:logAppendEntries(1429)) - s14@group-A82F1EDBF13F: succeeded to handle AppendEntries. Reply: s11<-s14#7582:OK-t1,SUCCESS,nextIndex=136,followerCommit=133,matchIndex=135
2023-03-07 04:41:26,301 DEBUG server.RaftServer$Division (RaftServerImpl.java:logAppendEntries(1429)) - s9@group-A82F1EDBF13F: receive appendEntries(s11, 1, (t:1, i:133), 133, true, commits:[s11:c133, s13:c133, s12:c131, s3:c133, s4:c131, s5:c133, s10:c131, s6:c131, s7:c131, s8:c131, s9:c131, s14:c130, s0:c131, s1:c133, s2:c131], cId:7581, entries: [(t:1, i:134), METADATAENTRY(c:133), (t:1, i:135), STATEMACHINELOGENTRY, 7567@client-8BEEC01311DE]
2023-03-07 04:41:26,301 DEBUG server.RaftServer$Division (RaftServerImpl.java:logAppendEntries(1429)) - s10@group-A82F1EDBF13F: receive appendEntries(s11, 1, (t:1, i:133), 133, true, commits:[s11:c133, s13:c131, s12:c131, s3:c131, s4:c131, s5:c131, s10:c131, s6:c131, s7:c131, s8:c131, s9:c131, s14:c130, s0:c131, s1:c133, s2:c131], cId:7576, entries: [(t:1, i:134), METADATAENTRY(c:133), (t:1, i:135), STATEMACHINELOGENTRY, 7567@client-8BEEC01311DE]
2023-03-07 04:41:26,301 DEBUG server.RaftServer$Division (RaftServerImpl.java:logAppendEntries(1429)) - s8@group-A82F1EDBF13F: succeeded to handle AppendEntries. Reply: s11<-s8#7583:OK-t1,SUCCESS,nextIndex=136,followerCommit=133,matchIndex=135
2023-03-07 04:41:26,302 INFO  statemachine.StateMachine (ArithmeticStateMachine.java:applyTransaction(182)) - LEADER:s11-135: c = null = null
2023-03-07 04:41:26,302 DEBUG server.RaftServer$Division (RaftServerImpl.java:logAppendEntries(1429)) - s10@group-A82F1EDBF13F: succeeded to handle AppendEntries. Reply: s11<-s10#7576:OK-t1,SUCCESS,nextIndex=136,followerCommit=133,matchIndex=135
2023-03-07 04:41:26,302 DEBUG server.RaftServer$Division (RaftServerImpl.java:logAppendEntries(1429)) - s3@group-A82F1EDBF13F: receive appendEntries(s11, 1, (t:1, i:135), 135, true, commits:[s11:c135, s13:c133, s12:c133, s3:c133, s4:c133, s5:c133, s10:c131, s6:c133, s7:c133, s8:c133, s9:c131, s14:c131, s0:c132, s1:c133, s2:c133], cId:7591, entries: [(t:1, i:136), METADATAENTRY(c:135)]
2023-03-07 04:41:26,303 DEBUG server.RaftServer$Division (RaftServerImpl.java:logAppendEntries(1429)) - s13@group-A82F1EDBF13F: receive appendEntries(s11, 1, (t:1, i:135), 135, true, commits:[s11:c135, s13:c133, s12:c133, s3:c133, s4:c131, s5:c133, s10:c131, s6:c133, s7:c133, s8:c133, s9:c131, s14:c131, s0:c132, s1:c133, s2:c133], cId:7589, entries: [(t:1, i:136), METADATAENTRY(c:135)]
2023-03-07 04:41:26,303 DEBUG server.RaftServer$Division (RaftServerImpl.java:logAppendEntries(1429)) - s5@group-A82F1EDBF13F: receive appendEntries(s11, 1, (t:1, i:135), 135, true, commits:[s11:c135, s13:c133, s12:c133, s3:c133, s4:c131, s5:c133, s10:c131, s6:c133, s7:c133, s8:c133, s9:c131, s14:c131, s0:c132, s1:c133, s2:c133], cId:7588, entries: [(t:1, i:136), METADATAENTRY(c:135)]
2023-03-07 04:41:26,303 DEBUG server.RaftServer$Division (RaftServerImpl.java:submitClientRequestAsync(832)) - s11@group-A82F1EDBF13F: receive client request(RaftClientRequest:client-8BEEC01311DE->s11@group-A82F1EDBF13F, cid=7590, seq=0, RW, Message:01016102405a40000000...(size=12))
2023-03-07 04:41:26,303 DEBUG server.RaftServer$Division (LeaderStateImpl.java:addPendingRequest(474)) - s11@group-A82F1EDBF13F-LeaderStateImpl: addPendingRequest at RaftClientRequest:client-8BEEC01311DE->s11@group-A82F1EDBF13F, cid=7590, seq=0, RW, Message:01016102405a40000000...(size=12), entry=(t:1, i:137), STATEMACHINELOGENTRY, 7590@client-8BEEC01311DE
2023-03-07 04:41:26,303 DEBUG server.RaftServer$Division (RaftServerImpl.java:logAppendEntries(1429)) - s1@group-A82F1EDBF13F: receive appendEntries(s11, 1, (t:1, i:135), 135, true, commits:[s11:c135, s13:c133, s12:c133, s3:c133, s4:c131, s5:c133, s10:c131, s6:c133, s7:c133, s8:c133, s9:c131, s14:c131, s0:c132, s1:c133, s2:c133], cId:7587, entries: [(t:1, i:136), METADATAENTRY(c:135)]
2023-03-07 04:41:26,303 DEBUG server.RaftServer$Division (RaftServerImpl.java:logAppendEntries(1429)) - s6@group-A82F1EDBF13F: receive appendEntries(s11, 1, (t:1, i:135), 135, true, commits:[s11:c135, s13:c133, s12:c133, s3:c133, s4:c133, s5:c133, s10:c131, s6:c133, s7:c133, s8:c133, s9:c131, s14:c131, s0:c132, s1:c133, s2:c133], cId:7592, entries: [(t:1, i:136), METADATAENTRY(c:135)]
2023-03-07 04:41:26,303 DEBUG server.RaftServer$Division (RaftServerImpl.java:logAppendEntries(1429)) - s13@group-A82F1EDBF13F: succeeded to handle AppendEntries. Reply: s11<-s13#7589:OK-t1,SUCCESS,nextIndex=137,followerCommit=135,matchIndex=136
2023-03-07 04:41:26,303 DEBUG server.RaftServer$Division (RaftServerImpl.java:logAppendEntries(1429)) - s9@group-A82F1EDBF13F: succeeded to handle AppendEntries. Reply: s11<-s9#7581:OK-t1,SUCCESS,nextIndex=136,followerCommit=133,matchIndex=135
2023-03-07 04:41:26,303 DEBUG server.RaftServer$Division (RaftServerImpl.java:logAppendEntries(1429)) - s5@group-A82F1EDBF13F: succeeded to handle AppendEntries. Reply: s11<-s5#7588:OK-t1,SUCCESS,nextIndex=137,followerCommit=135,matchIndex=136
2023-03-07 04:41:26,304 DEBUG server.RaftServer$Division (RaftServerImpl.java:logAppendEntries(1429)) - s3@group-A82F1EDBF13F: succeeded to handle AppendEntries. Reply: s11<-s3#7591:OK-t1,SUCCESS,nextIndex=137,followerCommit=135,matchIndex=136
2023-03-07 04:41:26,304 DEBUG server.RaftServer$Division (RaftServerImpl.java:logAppendEntries(1429)) - s1@group-A82F1EDBF13F: succeeded to handle AppendEntries. Reply: s11<-s1#7587:OK-t1,SUCCESS,nextIndex=137,followerCommit=135,matchIndex=136
2023-03-07 04:41:26,304 DEBUG server.RaftServer$Division (RaftServerImpl.java:logAppendEntries(1429)) - s6@group-A82F1EDBF13F: succeeded to handle AppendEntries. Reply: s11<-s6#7592:OK-t1,SUCCESS,nextIndex=137,followerCommit=135,matchIndex=136
2023-03-07 04:41:26,304 DEBUG server.RaftServer$Division (RaftServerImpl.java:logAppendEntries(1429)) - s5@group-A82F1EDBF13F: receive appendEntries(s11, 1, (t:1, i:136), 135, true, commits:[s11:c135, s13:c133, s12:c133, s3:c133, s4:c133, s5:c135, s10:c131, s6:c133, s7:c133, s8:c133, s9:c131, s14:c131, s0:c132, s1:c133, s2:c133], cId:7596, entries: [(t:1, i:137), STATEMACHINELOGENTRY, 7590@client-8BEEC01311DE]
2023-03-07 04:41:26,304 DEBUG server.RaftServer$Division (RaftServerImpl.java:logAppendEntries(1429)) - s13@group-A82F1EDBF13F: receive appendEntries(s11, 1, (t:1, i:136), 135, true, commits:[s11:c135, s13:c135, s12:c133, s3:c135, s4:c133, s5:c135, s10:c131, s6:c133, s7:c133, s8:c133, s9:c131, s14:c131, s0:c132, s1:c133, s2:c133], cId:7598, entries: [(t:1, i:137), STATEMACHINELOGENTRY, 7590@client-8BEEC01311DE]
2023-03-07 04:41:26,304 DEBUG server.RaftServer$Division (RaftServerImpl.java:logAppendEntries(1429)) - s3@group-A82F1EDBF13F: receive appendEntries(s11, 1, (t:1, i:136), 135, true, commits:[s11:c135, s13:c135, s12:c133, s3:c135, s4:c133, s5:c135, s10:c131, s6:c133, s7:c133, s8:c133, s9:c131, s14:c131, s0:c132, s1:c133, s2:c133], cId:7597, entries: [(t:1, i:137), STATEMACHINELOGENTRY, 7590@client-8BEEC01311DE]
2023-03-07 04:41:26,305 DEBUG server.RaftServer$Division (RaftServerImpl.java:logAppendEntries(1429)) - s8@group-A82F1EDBF13F: receive appendEntries(s11, 1, (t:1, i:135), 135, true, commits:[s11:c135, s13:c133, s12:c133, s3:c133, s4:c133, s5:c133, s10:c131, s6:c133, s7:c133, s8:c133, s9:c131, s14:c131, s0:c132, s1:c133, s2:c133], cId:7594, entries: [(t:1, i:136), METADATAENTRY(c:135)]
2023-03-07 04:41:26,305 DEBUG server.RaftServer$Division (RaftServerImpl.java:logAppendEntries(1429)) - s5@group-A82F1EDBF13F: succeeded to handle AppendEntries. Reply: s11<-s5#7596:OK-t1,SUCCESS,nextIndex=138,followerCommit=135,matchIndex=137
2023-03-07 04:41:26,305 DEBUG server.RaftServer$Division (RaftServerImpl.java:logAppendEntries(1429)) - s13@group-A82F1EDBF13F: succeeded to handle AppendEntries. Reply: s11<-s13#7598:OK-t1,SUCCESS,nextIndex=138,followerCommit=135,matchIndex=137
2023-03-07 04:41:26,305 DEBUG server.RaftServer$Division (RaftServerImpl.java:logAppendEntries(1429)) - s8@group-A82F1EDBF13F: succeeded to handle AppendEntries. Reply: s11<-s8#7594:OK-t1,SUCCESS,nextIndex=137,followerCommit=135,matchIndex=136
2023-03-07 04:41:26,305 DEBUG server.RaftServer$Division (RaftServerImpl.java:logAppendEntries(1429)) - s3@group-A82F1EDBF13F: succeeded to handle AppendEntries. Reply: s11<-s3#7597:OK-t1,SUCCESS,nextIndex=138,followerCommit=135,matchIndex=137
2023-03-07 04:41:26,305 DEBUG server.RaftServer$Division (RaftServerImpl.java:logAppendEntries(1429)) - s0@group-A82F1EDBF13F: receive appendEntries(s11, 1, (t:1, i:133), 133, true, commits:[s11:c133, s13:c133, s12:c131, s3:c133, s4:c131, s5:c133, s10:c131, s6:c133, s7:c131, s8:c131, s9:c131, s14:c131, s0:c132, s1:c133, s2:c131], cId:7584, entries: [(t:1, i:134), METADATAENTRY(c:133), (t:1, i:135), STATEMACHINELOGENTRY, 7567@client-8BEEC01311DE]
2023-03-07 04:41:26,305 DEBUG server.RaftServer$Division (RaftServerImpl.java:logAppendEntries(1429)) - s6@group-A82F1EDBF13F: receive appendEntries(s11, 1, (t:1, i:136), 135, true, commits:[s11:c135, s13:c135, s12:c133, s3:c135, s4:c133, s5:c135, s10:c131, s6:c135, s7:c133, s8:c133, s9:c131, s14:c131, s0:c132, s1:c133, s2:c133], cId:7599, entries: [(t:1, i:137), STATEMACHINELOGENTRY, 7590@client-8BEEC01311DE]
2023-03-07 04:41:26,306 DEBUG server.RaftServer$Division (RaftServerImpl.java:logAppendEntries(1429)) - s0@group-A82F1EDBF13F: succeeded to handle AppendEntries. Reply: s11<-s0#7584:OK-t1,SUCCESS,nextIndex=136,followerCommit=133,matchIndex=135
2023-03-07 04:41:26,306 DEBUG server.RaftServer$Division (RaftServerImpl.java:logAppendEntries(1429)) - s6@group-A82F1EDBF13F: succeeded to handle AppendEntries. Reply: s11<-s6#7599:OK-t1,SUCCESS,nextIndex=138,followerCommit=135,matchIndex=137
2023-03-07 04:41:26,306 DEBUG server.RaftServer$Division (RaftServerImpl.java:logAppendEntries(1429)) - s8@group-A82F1EDBF13F: receive appendEntries(s11, 1, (t:1, i:136), 135, true, commits:[s11:c135, s13:c135, s12:c133, s3:c135, s4:c133, s5:c135, s10:c131, s6:c135, s7:c133, s8:c135, s9:c131, s14:c131, s0:c132, s1:c135, s2:c133], cId:7601, entries: [(t:1, i:137), STATEMACHINELOGENTRY, 7590@client-8BEEC01311DE]
2023-03-07 04:41:26,306 DEBUG server.RaftServer$Division (RaftServerImpl.java:logAppendEntries(1429)) - s1@group-A82F1EDBF13F: receive appendEntries(s11, 1, (t:1, i:136), 135, true, commits:[s11:c135, s13:c135, s12:c133, s3:c135, s4:c133, s5:c135, s10:c131, s6:c135, s7:c133, s8:c133, s9:c131, s14:c131, s0:c132, s1:c135, s2:c133], cId:7600, entries: [(t:1, i:137), STATEMACHINELOGENTRY, 7590@client-8BEEC01311DE]
2023-03-07 04:41:26,306 DEBUG server.RaftServer$Division (RaftServerImpl.java:logAppendEntries(1429)) - s8@group-A82F1EDBF13F: succeeded to handle AppendEntries. Reply: s11<-s8#7601:OK-t1,SUCCESS,nextIndex=138,followerCommit=135,matchIndex=137
2023-03-07 04:41:26,306 DEBUG server.RaftServer$Division (RaftServerImpl.java:logAppendEntries(1429)) - s1@group-A82F1EDBF13F: succeeded to handle AppendEntries. Reply: s11<-s1#7600:OK-t1,SUCCESS,nextIndex=138,followerCommit=135,matchIndex=137
2023-03-07 04:41:26,307 DEBUG server.RaftServer$Division (RaftServerImpl.java:logAppendEntries(1429)) - s7@group-A82F1EDBF13F: receive appendEntries(s11, 1, (t:1, i:135), 135, true, commits:[s11:c135, s13:c133, s12:c133, s3:c133, s4:c133, s5:c133, s10:c131, s6:c133, s7:c133, s8:c133, s9:c131, s14:c131, s0:c132, s1:c133, s2:c133], cId:7595, entries: [(t:1, i:136), METADATAENTRY(c:135), (t:1, i:137), STATEMACHINELOGENTRY, 7590@client-8BEEC01311DE]
2023-03-07 04:41:26,307 DEBUG server.RaftServer$Division (RaftServerImpl.java:logAppendEntries(1429)) - s4@group-A82F1EDBF13F: receive appendEntries(s11, 1, (t:1, i:134), 135, true, commits:[s11:c135, s13:c133, s12:c133, s3:c133, s4:c133, s5:c133, s10:c131, s6:c133, s7:c133, s8:c133, s9:c131, s14:c131, s0:c132, s1:c133, s2:c133], cId:7593, entries: [(t:1, i:135), STATEMACHINELOGENTRY, 7567@client-8BEEC01311DE, (t:1, i:136), METADATAENTRY(c:135)]
2023-03-07 04:41:26,307 DEBUG server.RaftServer$Division (RaftServerImpl.java:logAppendEntries(1429)) - s7@group-A82F1EDBF13F: succeeded to handle AppendEntries. Reply: s11<-s7#7595:OK-t1,SUCCESS,nextIndex=138,followerCommit=135,matchIndex=137
2023-03-07 04:41:26,308 DEBUG server.RaftServer$Division (RaftServerImpl.java:logAppendEntries(1429)) - s9@group-A82F1EDBF13F: receive appendEntries(s11, 1, (t:1, i:135), 135, true, commits:[s11:c135, s13:c135, s12:c133, s3:c135, s4:c133, s5:c135, s10:c131, s6:c135, s7:c133, s8:c135, s9:c133, s14:c131, s0:c132, s1:c135, s2:c133], cId:7602, entries: [(t:1, i:136), METADATAENTRY(c:135), (t:1, i:137), STATEMACHINELOGENTRY, 7590@client-8BEEC01311DE]
2023-03-07 04:41:26,308 DEBUG server.RaftServer$Division (RaftServerImpl.java:logAppendEntries(1429)) - s2@group-A82F1EDBF13F: receive appendEntries(s11, 1, (t:1, i:134), 133, true, commits:[s11:c133, s13:c133, s12:c131, s3:c133, s4:c131, s5:c133, s10:c131, s6:c133, s7:c133, s8:c131, s9:c131, s14:c131, s0:c132, s1:c133, s2:c133], cId:7585, entries: [(t:1, i:135), STATEMACHINELOGENTRY, 7567@client-8BEEC01311DE]
2023-03-07 04:41:26,308 DEBUG server.RaftServer$Division (RaftServerImpl.java:logAppendEntries(1429)) - s4@group-A82F1EDBF13F: succeeded to handle AppendEntries. Reply: s11<-s4#7593:OK-t1,SUCCESS,nextIndex=137,followerCommit=135,matchIndex=136
2023-03-07 04:41:26,308 DEBUG server.RaftServer$Division (RaftServerImpl.java:logAppendEntries(1429)) - s12@group-A82F1EDBF13F: receive appendEntries(s11, 1, (t:1, i:134), 133, true, commits:[s11:c133, s13:c133, s12:c133, s3:c133, s4:c131, s5:c133, s10:c131, s6:c133, s7:c133, s8:c131, s9:c131, s14:c131, s0:c132, s1:c133, s2:c133], cId:7586, entries: [(t:1, i:135), STATEMACHINELOGENTRY, 7567@client-8BEEC01311DE]
2023-03-07 04:41:26,309 DEBUG server.RaftServer$Division (RaftServerImpl.java:logAppendEntries(1429)) - s14@group-A82F1EDBF13F: receive appendEntries(s11, 1, (t:1, i:135), 135, true, commits:[s11:c135, s13:c135, s12:c133, s3:c135, s4:c133, s5:c135, s10:c133, s6:c135, s7:c133, s8:c135, s9:c133, s14:c133, s0:c132, s1:c135, s2:c133], cId:7604, entries: [(t:1, i:136), METADATAENTRY(c:135), (t:1, i:137), STATEMACHINELOGENTRY, 7590@client-8BEEC01311DE]
2023-03-07 04:41:26,309 DEBUG server.RaftServer$Division (RaftServerImpl.java:logAppendEntries(1429)) - s9@group-A82F1EDBF13F: succeeded to handle AppendEntries. Reply: s11<-s9#7602:OK-t1,SUCCESS,nextIndex=138,followerCommit=135,matchIndex=137
2023-03-07 04:41:26,309 DEBUG server.RaftServer$Division (RaftServerImpl.java:logAppendEntries(1429)) - s12@group-A82F1EDBF13F: succeeded to handle AppendEntries. Reply: s11<-s12#7586:OK-t1,SUCCESS,nextIndex=136,followerCommit=133,matchIndex=135
2023-03-07 04:41:26,309 DEBUG server.RaftServer$Division (RaftServerImpl.java:logAppendEntries(1429)) - s2@group-A82F1EDBF13F: succeeded to handle AppendEntries. Reply: s11<-s2#7585:OK-t1,SUCCESS,nextIndex=136,followerCommit=133,matchIndex=135
2023-03-07 04:41:26,309 INFO  statemachine.StateMachine (ArithmeticStateMachine.java:applyTransaction(182)) - LEADER:s11-137: a = 105 = 105
2023-03-07 04:41:26,309 DEBUG server.RaftServer$Division (RaftServerImpl.java:logAppendEntries(1429)) - s14@group-A82F1EDBF13F: succeeded to handle AppendEntries. Reply: s11<-s14#7604:OK-t1,SUCCESS,nextIndex=138,followerCommit=135,matchIndex=137
2023-03-07 04:41:26,309 DEBUG server.RaftServer$Division (RaftServerImpl.java:logAppendEntries(1429)) - s5@group-A82F1EDBF13F: receive appendEntries(s11, 1, (t:1, i:137), 137, true, commits:[s11:c137, s13:c135, s12:c133, s3:c135, s4:c133, s5:c135, s10:c133, s6:c135, s7:c135, s8:c135, s9:c133, s14:c133, s0:c133, s1:c135, s2:c133], cId:7607, entries: [(t:1, i:138), METADATAENTRY(c:137)]
2023-03-07 04:41:26,310 DEBUG server.RaftServer$Division (RaftServerImpl.java:logAppendEntries(1429)) - s3@group-A82F1EDBF13F: receive appendEntries(s11, 1, (t:1, i:137), 137, true, commits:[s11:c137, s13:c135, s12:c133, s3:c135, s4:c133, s5:c135, s10:c133, s6:c135, s7:c135, s8:c135, s9:c133, s14:c133, s0:c133, s1:c135, s2:c133], cId:7608, entries: [(t:1, i:138), METADATAENTRY(c:137)]
2023-03-07 04:41:26,310 DEBUG server.RaftServer$Division (RaftServerImpl.java:logAppendEntries(1429)) - s13@group-A82F1EDBF13F: receive appendEntries(s11, 1, (t:1, i:137), 137, true, commits:[s11:c137, s13:c135, s12:c133, s3:c135, s4:c133, s5:c135, s10:c133, s6:c135, s7:c135, s8:c135, s9:c133, s14:c133, s0:c133, s1:c135, s2:c133], cId:7609, entries: [(t:1, i:138), METADATAENTRY(c:137)]
2023-03-07 04:41:26,310 DEBUG server.RaftServer$Division (RaftServerImpl.java:logAppendEntries(1429)) - s5@group-A82F1EDBF13F: succeeded to handle AppendEntries. Reply: s11<-s5#7607:OK-t1,SUCCESS,nextIndex=139,followerCommit=137,matchIndex=138
2023-03-07 04:41:26,310 DEBUG server.RaftServer$Division (RaftServerImpl.java:submitClientRequestAsync(832)) - s11@group-A82F1EDBF13F: receive client request(RaftClientRequest:client-8BEEC01311DE->s11@group-A82F1EDBF13F, cid=7610, seq=0, RW, Message:0101620240b588000000...(size=12))
2023-03-07 04:41:26,310 DEBUG server.RaftServer$Division (LeaderStateImpl.java:addPendingRequest(474)) - s11@group-A82F1EDBF13F-LeaderStateImpl: addPendingRequest at RaftClientRequest:client-8BEEC01311DE->s11@group-A82F1EDBF13F, cid=7610, seq=0, RW, Message:0101620240b588000000...(size=12), entry=(t:1, i:139), STATEMACHINELOGENTRY, 7610@client-8BEEC01311DE
2023-03-07 04:41:26,310 DEBUG server.RaftServer$Division (RaftServerImpl.java:logAppendEntries(1429)) - s13@group-A82F1EDBF13F: succeeded to handle AppendEntries. Reply: s11<-s13#7609:OK-t1,SUCCESS,nextIndex=139,followerCommit=137,matchIndex=138
2023-03-07 04:41:26,311 DEBUG server.RaftServer$Division (RaftServerImpl.java:logAppendEntries(1429)) - s1@group-A82F1EDBF13F: receive appendEntries(s11, 1, (t:1, i:137), 137, true, commits:[s11:c137, s13:c135, s12:c133, s3:c135, s4:c133, s5:c135, s10:c133, s6:c135, s7:c135, s8:c135, s9:c133, s14:c133, s0:c133, s1:c135, s2:c133], cId:7611, entries: [(t:1, i:138), METADATAENTRY(c:137)]
2023-03-07 04:41:26,311 DEBUG server.RaftServer$Division (RaftServerImpl.java:logAppendEntries(1429)) - s8@group-A82F1EDBF13F: receive appendEntries(s11, 1, (t:1, i:137), 137, true, commits:[s11:c137, s13:c135, s12:c133, s3:c135, s4:c133, s5:c135, s10:c133, s6:c135, s7:c135, s8:c135, s9:c133, s14:c133, s0:c133, s1:c135, s2:c133], cId:7606, entries: [(t:1, i:138), METADATAENTRY(c:137)]
2023-03-07 04:41:26,311 DEBUG server.RaftServer$Division (RaftServerImpl.java:logAppendEntries(1429)) - s1@group-A82F1EDBF13F: succeeded to handle AppendEntries. Reply: s11<-s1#7611:OK-t1,SUCCESS,nextIndex=139,followerCommit=137,matchIndex=138
2023-03-07 04:41:26,310 DEBUG server.RaftServer$Division (RaftServerImpl.java:logAppendEntries(1429)) - s6@group-A82F1EDBF13F: receive appendEntries(s11, 1, (t:1, i:137), 137, true, commits:[s11:c137, s13:c135, s12:c133, s3:c135, s4:c133, s5:c135, s10:c133, s6:c135, s7:c135, s8:c135, s9:c133, s14:c133, s0:c133, s1:c135, s2:c133], cId:7612, entries: [(t:1, i:138), METADATAENTRY(c:137)]
2023-03-07 04:41:26,311 DEBUG server.RaftServer$Division (RaftServerImpl.java:logAppendEntries(1429)) - s13@group-A82F1EDBF13F: receive appendEntries(s11, 1, (t:1, i:138), 137, true, commits:[s11:c137, s13:c137, s12:c133, s3:c135, s4:c133, s5:c137, s10:c133, s6:c135, s7:c135, s8:c135, s9:c133, s14:c133, s0:c133, s1:c135, s2:c133], cId:7615, entries: [(t:1, i:139), STATEMACHINELOGENTRY, 7610@client-8BEEC01311DE]
2023-03-07 04:41:26,311 DEBUG server.RaftServer$Division (RaftServerImpl.java:logAppendEntries(1429)) - s5@group-A82F1EDBF13F: receive appendEntries(s11, 1, (t:1, i:138), 137, true, commits:[s11:c137, s13:c135, s12:c133, s3:c135, s4:c133, s5:c137, s10:c133, s6:c135, s7:c135, s8:c135, s9:c133, s14:c133, s0:c133, s1:c135, s2:c133], cId:7613, entries: [(t:1, i:139), STATEMACHINELOGENTRY, 7610@client-8BEEC01311DE]
2023-03-07 04:41:26,312 DEBUG server.RaftServer$Division (RaftServerImpl.java:logAppendEntries(1429)) - s6@group-A82F1EDBF13F: succeeded to handle AppendEntries. Reply: s11<-s6#7612:OK-t1,SUCCESS,nextIndex=139,followerCommit=137,matchIndex=138
2023-03-07 04:41:26,310 DEBUG server.RaftServer$Division (RaftServerImpl.java:logAppendEntries(1429)) - s3@group-A82F1EDBF13F: succeeded to handle AppendEntries. Reply: s11<-s3#7608:OK-t1,SUCCESS,nextIndex=139,followerCommit=137,matchIndex=138
2023-03-07 04:41:26,312 DEBUG server.RaftServer$Division (RaftServerImpl.java:logAppendEntries(1429)) - s8@group-A82F1EDBF13F: succeeded to handle AppendEntries. Reply: s11<-s8#7606:OK-t1,SUCCESS,nextIndex=139,followerCommit=137,matchIndex=138
2023-03-07 04:41:26,312 DEBUG server.RaftServer$Division (RaftServerImpl.java:logAppendEntries(1429)) - s0@group-A82F1EDBF13F: receive appendEntries(s11, 1, (t:1, i:135), 135, true, commits:[s11:c135, s13:c135, s12:c133, s3:c135, s4:c133, s5:c135, s10:c133, s6:c135, s7:c133, s8:c135, s9:c133, s14:c133, s0:c133, s1:c135, s2:c133], cId:7605, entries: [(t:1, i:136), METADATAENTRY(c:135), (t:1, i:137), STATEMACHINELOGENTRY, 7590@client-8BEEC01311DE]
2023-03-07 04:41:26,312 DEBUG server.RaftServer$Division (RaftServerImpl.java:logAppendEntries(1429)) - s5@group-A82F1EDBF13F: succeeded to handle AppendEntries. Reply: s11<-s5#7613:OK-t1,SUCCESS,nextIndex=140,followerCommit=137,matchIndex=139
2023-03-07 04:41:26,312 DEBUG server.RaftServer$Division (RaftServerImpl.java:logAppendEntries(1429)) - s13@group-A82F1EDBF13F: succeeded to handle AppendEntries. Reply: s11<-s13#7615:OK-t1,SUCCESS,nextIndex=140,followerCommit=137,matchIndex=139
2023-03-07 04:41:26,312 DEBUG server.RaftServer$Division (RaftServerImpl.java:logAppendEntries(1429)) - s8@group-A82F1EDBF13F: receive appendEntries(s11, 1, (t:1, i:138), 137, true, commits:[s11:c137, s13:c137, s12:c133, s3:c135, s4:c135, s5:c137, s10:c133, s6:c135, s7:c135, s8:c137, s9:c133, s14:c133, s0:c133, s1:c137, s2:c133], cId:7618, entries: [(t:1, i:139), STATEMACHINELOGENTRY, 7610@client-8BEEC01311DE]
2023-03-07 04:41:26,312 DEBUG server.RaftServer$Division (RaftServerImpl.java:logAppendEntries(1429)) - s3@group-A82F1EDBF13F: receive appendEntries(s11, 1, (t:1, i:138), 137, true, commits:[s11:c137, s13:c137, s12:c133, s3:c137, s4:c135, s5:c137, s10:c133, s6:c135, s7:c135, s8:c137, s9:c133, s14:c133, s0:c133, s1:c137, s2:c133], cId:7619, entries: [(t:1, i:139), STATEMACHINELOGENTRY, 7610@client-8BEEC01311DE]
2023-03-07 04:41:26,313 DEBUG server.RaftServer$Division (RaftServerImpl.java:logAppendEntries(1429)) - s0@group-A82F1EDBF13F: succeeded to handle AppendEntries. Reply: s11<-s0#7605:OK-t1,SUCCESS,nextIndex=138,followerCommit=135,matchIndex=137
2023-03-07 04:41:26,313 DEBUG server.RaftServer$Division (RaftServerImpl.java:logAppendEntries(1429)) - s8@group-A82F1EDBF13F: succeeded to handle AppendEntries. Reply: s11<-s8#7618:OK-t1,SUCCESS,nextIndex=140,followerCommit=137,matchIndex=139
2023-03-07 04:41:26,313 DEBUG server.RaftServer$Division (RaftServerImpl.java:logAppendEntries(1429)) - s6@group-A82F1EDBF13F: receive appendEntries(s11, 1, (t:1, i:138), 137, true, commits:[s11:c137, s13:c137, s12:c133, s3:c137, s4:c135, s5:c137, s10:c133, s6:c137, s7:c135, s8:c137, s9:c133, s14:c133, s0:c133, s1:c137, s2:c133], cId:7620, entries: [(t:1, i:139), STATEMACHINELOGENTRY, 7610@client-8BEEC01311DE]
2023-03-07 04:41:26,313 DEBUG server.RaftServer$Division (RaftServerImpl.java:logAppendEntries(1429)) - s3@group-A82F1EDBF13F: succeeded to handle AppendEntries. Reply: s11<-s3#7619:OK-t1,SUCCESS,nextIndex=140,followerCommit=137,matchIndex=139
2023-03-07 04:41:26,313 DEBUG server.RaftServer$Division (RaftServerImpl.java:logAppendEntries(1429)) - s1@group-A82F1EDBF13F: receive appendEntries(s11, 1, (t:1, i:138), 137, true, commits:[s11:c137, s13:c137, s12:c133, s3:c135, s4:c135, s5:c137, s10:c133, s6:c135, s7:c135, s8:c135, s9:c133, s14:c133, s0:c133, s1:c137, s2:c133], cId:7616, entries: [(t:1, i:139), STATEMACHINELOGENTRY, 7610@client-8BEEC01311DE]
2023-03-07 04:41:26,314 DEBUG server.RaftServer$Division (RaftServerImpl.java:logAppendEntries(1429)) - s6@group-A82F1EDBF13F: succeeded to handle AppendEntries. Reply: s11<-s6#7620:OK-t1,SUCCESS,nextIndex=140,followerCommit=137,matchIndex=139
2023-03-07 04:41:26,314 DEBUG server.RaftServer$Division (RaftServerImpl.java:logAppendEntries(1429)) - s1@group-A82F1EDBF13F: succeeded to handle AppendEntries. Reply: s11<-s1#7616:OK-t1,SUCCESS,nextIndex=140,followerCommit=137,matchIndex=139
2023-03-07 04:41:26,313 DEBUG server.RaftServer$Division (RaftServerImpl.java:logAppendEntries(1429)) - s7@group-A82F1EDBF13F: receive appendEntries(s11, 1, (t:1, i:137), 137, true, commits:[s11:c137, s13:c135, s12:c133, s3:c135, s4:c133, s5:c137, s10:c133, s6:c135, s7:c135, s8:c135, s9:c133, s14:c133, s0:c133, s1:c135, s2:c133], cId:7614, entries: [(t:1, i:138), METADATAENTRY(c:137), (t:1, i:139), STATEMACHINELOGENTRY, 7610@client-8BEEC01311DE]
2023-03-07 04:41:26,314 DEBUG server.RaftServer$Division (RaftServerImpl.java:logAppendEntries(1429)) - s10@group-A82F1EDBF13F: receive appendEntries(s11, 1, (t:1, i:135), 135, true, commits:[s11:c135, s13:c135, s12:c133, s3:c135, s4:c133, s5:c135, s10:c133, s6:c135, s7:c133, s8:c135, s9:c133, s14:c131, s0:c132, s1:c135, s2:c133], cId:7603, entries: [(t:1, i:136), METADATAENTRY(c:135), (t:1, i:137), STATEMACHINELOGENTRY, 7590@client-8BEEC01311DE]
2023-03-07 04:41:26,315 DEBUG server.RaftServer$Division (RaftServerImpl.java:logAppendEntries(1429)) - s10@group-A82F1EDBF13F: succeeded to handle AppendEntries. Reply: s11<-s10#7603:OK-t1,SUCCESS,nextIndex=138,followerCommit=135,matchIndex=137
2023-03-07 04:41:26,315 DEBUG server.RaftServer$Division (RaftServerImpl.java:logAppendEntries(1429)) - s7@group-A82F1EDBF13F: succeeded to handle AppendEntries. Reply: s11<-s7#7614:OK-t1,SUCCESS,nextIndex=140,followerCommit=137,matchIndex=139
2023-03-07 04:41:26,315 DEBUG server.RaftServer$Division (RaftServerImpl.java:logAppendEntries(1429)) - s4@group-A82F1EDBF13F: receive appendEntries(s11, 1, (t:1, i:136), 137, true, commits:[s11:c137, s13:c137, s12:c133, s3:c135, s4:c135, s5:c137, s10:c133, s6:c135, s7:c135, s8:c135, s9:c133, s14:c133, s0:c133, s1:c137, s2:c133], cId:7617, entries: [(t:1, i:137), STATEMACHINELOGENTRY, 7590@client-8BEEC01311DE, (t:1, i:138), METADATAENTRY(c:137), (t:1, i:139), STATEMACHINELOGENTRY, 7610@client-8BEEC01311DE]
2023-03-07 04:41:26,316 DEBUG server.RaftServer$Division (RaftServerImpl.java:logAppendEntries(1429)) - s4@group-A82F1EDBF13F: succeeded to handle AppendEntries. Reply: s11<-s4#7617:OK-t1,SUCCESS,nextIndex=140,followerCommit=137,matchIndex=139
2023-03-07 04:41:26,316 INFO  statemachine.StateMachine (ArithmeticStateMachine.java:applyTransaction(182)) - LEADER:s11-139: b = 5512 = 5512
2023-03-07 04:41:26,316 DEBUG server.RaftServer$Division (RaftServerImpl.java:logAppendEntries(1429)) - s8@group-A82F1EDBF13F: receive appendEntries(s11, 1, (t:1, i:139), 139, true, commits:[s11:c139, s13:c137, s12:c133, s3:c137, s4:c135, s5:c137, s10:c133, s6:c137, s7:c137, s8:c137, s9:c135, s14:c133, s0:c133, s1:c137, s2:c133], cId:7624, entries: [(t:1, i:140), METADATAENTRY(c:139)]
2023-03-07 04:41:26,316 DEBUG server.RaftServer$Division (RaftServerImpl.java:logAppendEntries(1429)) - s5@group-A82F1EDBF13F: receive appendEntries(s11, 1, (t:1, i:139), 139, true, commits:[s11:c139, s13:c137, s12:c133, s3:c137, s4:c135, s5:c137, s10:c133, s6:c137, s7:c137, s8:c137, s9:c135, s14:c133, s0:c133, s1:c137, s2:c133], cId:7626, entries: [(t:1, i:140), METADATAENTRY(c:139)]
2023-03-07 04:41:26,317 DEBUG server.RaftServer$Division (RaftServerImpl.java:logAppendEntries(1429)) - s3@group-A82F1EDBF13F: receive appendEntries(s11, 1, (t:1, i:139), 139, true, commits:[s11:c139, s13:c137, s12:c133, s3:c137, s4:c135, s5:c137, s10:c133, s6:c137, s7:c137, s8:c137, s9:c135, s14:c133, s0:c133, s1:c137, s2:c133], cId:7627, entries: [(t:1, i:140), METADATAENTRY(c:139)]
2023-03-07 04:41:26,317 DEBUG server.RaftServer$Division (RaftServerImpl.java:submitClientRequestAsync(832)) - s11@group-A82F1EDBF13F: receive client request(RaftClientRequest:client-8BEEC01311DE->s11@group-A82F1EDBF13F, cid=7630, seq=0, RW, Message:01016304010300040201...(size=17))
2023-03-07 04:41:26,317 DEBUG server.RaftServer$Division (LeaderStateImpl.java:addPendingRequest(474)) - s11@group-A82F1EDBF13F-LeaderStateImpl: addPendingRequest at RaftClientRequest:client-8BEEC01311DE->s11@group-A82F1EDBF13F, cid=7630, seq=0, RW, Message:01016304010300040201...(size=17), entry=(t:1, i:141), STATEMACHINELOGENTRY, 7630@client-8BEEC01311DE
2023-03-07 04:41:26,317 DEBUG server.RaftServer$Division (RaftServerImpl.java:logAppendEntries(1429)) - s9@group-A82F1EDBF13F: receive appendEntries(s11, 1, (t:1, i:137), 137, true, commits:[s11:c137, s13:c137, s12:c133, s3:c137, s4:c135, s5:c137, s10:c133, s6:c137, s7:c135, s8:c137, s9:c135, s14:c133, s0:c133, s1:c137, s2:c133], cId:7621, entries: [(t:1, i:138), METADATAENTRY(c:137), (t:1, i:139), STATEMACHINELOGENTRY, 7610@client-8BEEC01311DE]
2023-03-07 04:41:26,317 DEBUG server.RaftServer$Division (RaftServerImpl.java:logAppendEntries(1429)) - s2@group-A82F1EDBF13F: receive appendEntries(s11, 1, (t:1, i:135), 137, true, commits:[s11:c137, s13:c137, s12:c133, s3:c137, s4:c135, s5:c137, s10:c133, s6:c137, s7:c135, s8:c137, s9:c135, s14:c133, s0:c133, s1:c137, s2:c133], cId:7622, entries: [(t:1, i:136), METADATAENTRY(c:135), (t:1, i:137), STATEMACHINELOGENTRY, 7590@client-8BEEC01311DE, (t:1, i:138), METADATAENTRY(c:137), (t:1, i:139), STATEMACHINELOGENTRY, 7610@client-8BEEC01311DE]
2023-03-07 04:41:26,318 DEBUG server.RaftServer$Division (RaftServerImpl.java:logAppendEntries(1429)) - s12@group-A82F1EDBF13F: receive appendEntries(s11, 1, (t:1, i:135), 137, true, commits:[s11:c137, s13:c137, s12:c133, s3:c137, s4:c135, s5:c137, s10:c133, s6:c137, s7:c135, s8:c137, s9:c135, s14:c133, s0:c133, s1:c137, s2:c133], cId:7623, entries: [(t:1, i:136), METADATAENTRY(c:135), (t:1, i:137), STATEMACHINELOGENTRY, 7590@client-8BEEC01311DE, (t:1, i:138), METADATAENTRY(c:137), (t:1, i:139), STATEMACHINELOGENTRY, 7610@client-8BEEC01311DE]
2023-03-07 04:41:26,318 DEBUG server.RaftServer$Division (RaftServerImpl.java:logAppendEntries(1429)) - s14@group-A82F1EDBF13F: receive appendEntries(s11, 1, (t:1, i:137), 139, true, commits:[s11:c139, s13:c137, s12:c133, s3:c137, s4:c135, s5:c137, s10:c133, s6:c137, s7:c137, s8:c137, s9:c135, s14:c135, s0:c133, s1:c137, s2:c133], cId:7629, entries: [(t:1, i:138), METADATAENTRY(c:137), (t:1, i:139), STATEMACHINELOGENTRY, 7610@client-8BEEC01311DE, (t:1, i:140), METADATAENTRY(c:139)]
2023-03-07 04:41:26,318 DEBUG server.RaftServer$Division (RaftServerImpl.java:logAppendEntries(1429)) - s3@group-A82F1EDBF13F: succeeded to handle AppendEntries. Reply: s11<-s3#7627:OK-t1,SUCCESS,nextIndex=141,followerCommit=139,matchIndex=140
2023-03-07 04:41:26,318 DEBUG server.RaftServer$Division (RaftServerImpl.java:logAppendEntries(1429)) - s8@group-A82F1EDBF13F: succeeded to handle AppendEntries. Reply: s11<-s8#7624:OK-t1,SUCCESS,nextIndex=141,followerCommit=139,matchIndex=140
2023-03-07 04:41:26,318 DEBUG server.RaftServer$Division (RaftServerImpl.java:logAppendEntries(1429)) - s6@group-A82F1EDBF13F: receive appendEntries(s11, 1, (t:1, i:139), 139, true, commits:[s11:c139, s13:c137, s12:c133, s3:c137, s4:c135, s5:c137, s10:c135, s6:c137, s7:c137, s8:c137, s9:c135, s14:c135, s0:c135, s1:c137, s2:c133], cId:7633, entries: [(t:1, i:140), METADATAENTRY(c:139), (t:1, i:141), STATEMACHINELOGENTRY, 7630@client-8BEEC01311DE]
2023-03-07 04:41:26,318 DEBUG server.RaftServer$Division (RaftServerImpl.java:logAppendEntries(1429)) - s12@group-A82F1EDBF13F: succeeded to handle AppendEntries. Reply: s11<-s12#7623:OK-t1,SUCCESS,nextIndex=140,followerCommit=137,matchIndex=139
2023-03-07 04:41:26,319 DEBUG server.RaftServer$Division (RaftServerImpl.java:logAppendEntries(1429)) - s14@group-A82F1EDBF13F: succeeded to handle AppendEntries. Reply: s11<-s14#7629:OK-t1,SUCCESS,nextIndex=141,followerCommit=139,matchIndex=140
2023-03-07 04:41:26,319 DEBUG server.RaftServer$Division (RaftServerImpl.java:logAppendEntries(1429)) - s2@group-A82F1EDBF13F: succeeded to handle AppendEntries. Reply: s11<-s2#7622:OK-t1,SUCCESS,nextIndex=140,followerCommit=137,matchIndex=139
2023-03-07 04:41:26,319 DEBUG server.RaftServer$Division (RaftServerImpl.java:logAppendEntries(1429)) - s0@group-A82F1EDBF13F: receive appendEntries(s11, 1, (t:1, i:137), 139, true, commits:[s11:c139, s13:c137, s12:c133, s3:c137, s4:c135, s5:c137, s10:c135, s6:c137, s7:c137, s8:c137, s9:c135, s14:c135, s0:c135, s1:c137, s2:c133], cId:7632, entries: [(t:1, i:138), METADATAENTRY(c:137), (t:1, i:139), STATEMACHINELOGENTRY, 7610@client-8BEEC01311DE, (t:1, i:140), METADATAENTRY(c:139), (t:1, i:141), STATEMACHINELOGENTRY, 7630@client-8BEEC01311DE]
2023-03-07 04:41:26,319 DEBUG server.RaftServer$Division (RaftServerImpl.java:logAppendEntries(1429)) - s5@group-A82F1EDBF13F: succeeded to handle AppendEntries. Reply: s11<-s5#7626:OK-t1,SUCCESS,nextIndex=141,followerCommit=139,matchIndex=140
2023-03-07 04:41:26,319 DEBUG server.RaftServer$Division (RaftServerImpl.java:logAppendEntries(1429)) - s8@group-A82F1EDBF13F: receive appendEntries(s11, 1, (t:1, i:140), 139, true, commits:[s11:c139, s13:c137, s12:c133, s3:c137, s4:c135, s5:c137, s10:c135, s6:c137, s7:c137, s8:c139, s9:c135, s14:c135, s0:c135, s1:c137, s2:c133], cId:7634, entries: [(t:1, i:141), STATEMACHINELOGENTRY, 7630@client-8BEEC01311DE]
2023-03-07 04:41:26,319 DEBUG server.RaftServer$Division (RaftServerImpl.java:logAppendEntries(1429)) - s6@group-A82F1EDBF13F: succeeded to handle AppendEntries. Reply: s11<-s6#7633:OK-t1,SUCCESS,nextIndex=142,followerCommit=139,matchIndex=141
2023-03-07 04:41:26,320 DEBUG server.RaftServer$Division (RaftServerImpl.java:logAppendEntries(1429)) - s5@group-A82F1EDBF13F: receive appendEntries(s11, 1, (t:1, i:140), 139, true, commits:[s11:c139, s13:c137, s12:c133, s3:c137, s4:c135, s5:c139, s10:c135, s6:c137, s7:c137, s8:c139, s9:c135, s14:c135, s0:c135, s1:c137, s2:c133], cId:7636, entries: [(t:1, i:141), STATEMACHINELOGENTRY, 7630@client-8BEEC01311DE]
2023-03-07 04:41:26,320 DEBUG server.RaftServer$Division (RaftServerImpl.java:logAppendEntries(1429)) - s7@group-A82F1EDBF13F: receive appendEntries(s11, 1, (t:1, i:139), 139, true, commits:[s11:c139, s13:c137, s12:c133, s3:c137, s4:c135, s5:c139, s10:c135, s6:c137, s7:c137, s8:c139, s9:c135, s14:c135, s0:c135, s1:c137, s2:c133], cId:7635, entries: [(t:1, i:140), METADATAENTRY(c:139), (t:1, i:141), STATEMACHINELOGENTRY, 7630@client-8BEEC01311DE]
2023-03-07 04:41:26,320 DEBUG server.RaftServer$Division (RaftServerImpl.java:logAppendEntries(1429)) - s8@group-A82F1EDBF13F: succeeded to handle AppendEntries. Reply: s11<-s8#7634:OK-t1,SUCCESS,nextIndex=142,followerCommit=139,matchIndex=141
2023-03-07 04:41:26,320 DEBUG server.RaftServer$Division (RaftServerImpl.java:logAppendEntries(1429)) - s0@group-A82F1EDBF13F: succeeded to handle AppendEntries. Reply: s11<-s0#7632:OK-t1,SUCCESS,nextIndex=142,followerCommit=139,matchIndex=141
2023-03-07 04:41:26,320 DEBUG server.RaftServer$Division (RaftServerImpl.java:logAppendEntries(1429)) - s3@group-A82F1EDBF13F: receive appendEntries(s11, 1, (t:1, i:140), 139, true, commits:[s11:c139, s13:c137, s12:c133, s3:c139, s4:c135, s5:c139, s10:c135, s6:c137, s7:c137, s8:c139, s9:c135, s14:c135, s0:c135, s1:c137, s2:c133], cId:7637, entries: [(t:1, i:141), STATEMACHINELOGENTRY, 7630@client-8BEEC01311DE]
2023-03-07 04:41:26,318 DEBUG server.RaftServer$Division (RaftServerImpl.java:logAppendEntries(1429)) - s1@group-A82F1EDBF13F: receive appendEntries(s11, 1, (t:1, i:139), 139, true, commits:[s11:c139, s13:c137, s12:c133, s3:c137, s4:c135, s5:c137, s10:c133, s6:c137, s7:c137, s8:c137, s9:c135, s14:c133, s0:c133, s1:c137, s2:c133], cId:7625, entries: [(t:1, i:140), METADATAENTRY(c:139)]
2023-03-07 04:41:26,319 DEBUG server.RaftServer$Division (RaftServerImpl.java:logAppendEntries(1429)) - s9@group-A82F1EDBF13F: succeeded to handle AppendEntries. Reply: s11<-s9#7621:OK-t1,SUCCESS,nextIndex=140,followerCommit=137,matchIndex=139
2023-03-07 04:41:26,318 DEBUG server.RaftServer$Division (RaftServerImpl.java:logAppendEntries(1429)) - s13@group-A82F1EDBF13F: receive appendEntries(s11, 1, (t:1, i:139), 139, true, commits:[s11:c139, s13:c137, s12:c133, s3:c137, s4:c135, s5:c137, s10:c133, s6:c137, s7:c137, s8:c137, s9:c135, s14:c133, s0:c133, s1:c137, s2:c133], cId:7628, entries: [(t:1, i:140), METADATAENTRY(c:139)]
2023-03-07 04:41:26,321 DEBUG server.RaftServer$Division (RaftServerImpl.java:logAppendEntries(1429)) - s5@group-A82F1EDBF13F: succeeded to handle AppendEntries. Reply: s11<-s5#7636:OK-t1,SUCCESS,nextIndex=142,followerCommit=139,matchIndex=141
2023-03-07 04:41:26,321 DEBUG server.RaftServer$Division (RaftServerImpl.java:logAppendEntries(1429)) - s7@group-A82F1EDBF13F: succeeded to handle AppendEntries. Reply: s11<-s7#7635:OK-t1,SUCCESS,nextIndex=142,followerCommit=139,matchIndex=141
2023-03-07 04:41:26,321 DEBUG server.RaftServer$Division (RaftServerImpl.java:logAppendEntries(1429)) - s3@group-A82F1EDBF13F: succeeded to handle AppendEntries. Reply: s11<-s3#7637:OK-t1,SUCCESS,nextIndex=142,followerCommit=139,matchIndex=141
2023-03-07 04:41:26,321 DEBUG server.RaftServer$Division (RaftServerImpl.java:logAppendEntries(1429)) - s4@group-A82F1EDBF13F: receive appendEntries(s11, 1, (t:1, i:139), 139, true, commits:[s11:c139, s13:c137, s12:c133, s3:c139, s4:c137, s5:c139, s10:c135, s6:c139, s7:c137, s8:c139, s9:c135, s14:c135, s0:c135, s1:c137, s2:c133], cId:7638, entries: [(t:1, i:140), METADATAENTRY(c:139), (t:1, i:141), STATEMACHINELOGENTRY, 7630@client-8BEEC01311DE]
2023-03-07 04:41:26,322 DEBUG server.RaftServer$Division (RaftServerImpl.java:logAppendEntries(1429)) - s10@group-A82F1EDBF13F: receive appendEntries(s11, 1, (t:1, i:137), 139, true, commits:[s11:c139, s13:c137, s12:c133, s3:c137, s4:c135, s5:c137, s10:c135, s6:c137, s7:c137, s8:c137, s9:c135, s14:c135, s0:c133, s1:c137, s2:c133], cId:7631, entries: [(t:1, i:138), METADATAENTRY(c:137), (t:1, i:139), STATEMACHINELOGENTRY, 7610@client-8BEEC01311DE, (t:1, i:140), METADATAENTRY(c:139), (t:1, i:141), STATEMACHINELOGENTRY, 7630@client-8BEEC01311DE]
2023-03-07 04:41:26,322 DEBUG server.RaftServer$Division (RaftServerImpl.java:logAppendEntries(1429)) - s9@group-A82F1EDBF13F: receive appendEntries(s11, 1, (t:1, i:139), 139, true, commits:[s11:c139, s13:c137, s12:c133, s3:c139, s4:c137, s5:c139, s10:c135, s6:c139, s7:c139, s8:c139, s9:c137, s14:c135, s0:c135, s1:c137, s2:c133], cId:7639, entries: [(t:1, i:140), METADATAENTRY(c:139), (t:1, i:141), STATEMACHINELOGENTRY, 7630@client-8BEEC01311DE]
2023-03-07 04:41:26,322 DEBUG server.RaftServer$Division (RaftServerImpl.java:logAppendEntries(1429)) - s13@group-A82F1EDBF13F: succeeded to handle AppendEntries. Reply: s11<-s13#7628:OK-t1,SUCCESS,nextIndex=141,followerCommit=139,matchIndex=140
2023-03-07 04:41:26,322 DEBUG server.RaftServer$Division (RaftServerImpl.java:logAppendEntries(1429)) - s9@group-A82F1EDBF13F: succeeded to handle AppendEntries. Reply: s11<-s9#7639:OK-t1,SUCCESS,nextIndex=142,followerCommit=139,matchIndex=141
2023-03-07 04:41:26,323 DEBUG server.RaftServer$Division (RaftServerImpl.java:logAppendEntries(1429)) - s1@group-A82F1EDBF13F: succeeded to handle AppendEntries. Reply: s11<-s1#7625:OK-t1,SUCCESS,nextIndex=141,followerCommit=139,matchIndex=140
2023-03-07 04:41:26,323 DEBUG server.RaftServer$Division (RaftServerImpl.java:logAppendEntries(1429)) - s10@group-A82F1EDBF13F: succeeded to handle AppendEntries. Reply: s11<-s10#7631:OK-t1,SUCCESS,nextIndex=142,followerCommit=139,matchIndex=141
2023-03-07 04:41:26,323 DEBUG server.RaftServer$Division (RaftServerImpl.java:logAppendEntries(1429)) - s4@group-A82F1EDBF13F: succeeded to handle AppendEntries. Reply: s11<-s4#7638:OK-t1,SUCCESS,nextIndex=142,followerCommit=139,matchIndex=141
2023-03-07 04:41:26,323 DEBUG server.RaftServer$Division (RaftServerImpl.java:logAppendEntries(1429)) - s13@group-A82F1EDBF13F: receive appendEntries(s11, 1, (t:1, i:140), 139, true, commits:[s11:c139, s13:c139, s12:c137, s3:c139, s4:c137, s5:c139, s10:c135, s6:c139, s7:c139, s8:c139, s9:c137, s14:c135, s0:c135, s1:c137, s2:c137], cId:7642, entries: [(t:1, i:141), STATEMACHINELOGENTRY, 7630@client-8BEEC01311DE]
2023-03-07 04:41:26,324 DEBUG server.RaftServer$Division (RaftServerImpl.java:logAppendEntries(1429)) - s13@group-A82F1EDBF13F: succeeded to handle AppendEntries. Reply: s11<-s13#7642:OK-t1,SUCCESS,nextIndex=142,followerCommit=139,matchIndex=141
2023-03-07 04:41:26,324 DEBUG server.RaftServer$Division (RaftServerImpl.java:logAppendEntries(1429)) - s1@group-A82F1EDBF13F: receive appendEntries(s11, 1, (t:1, i:140), 139, true, commits:[s11:c139, s13:c139, s12:c137, s3:c139, s4:c137, s5:c139, s10:c135, s6:c139, s7:c139, s8:c139, s9:c137, s14:c135, s0:c135, s1:c139, s2:c137], cId:7643, entries: [(t:1, i:141), STATEMACHINELOGENTRY, 7630@client-8BEEC01311DE]
2023-03-07 04:41:26,324 DEBUG server.RaftServer$Division (RaftServerImpl.java:logAppendEntries(1429)) - s8@group-A82F1EDBF13F: receive appendEntries(s11, 1, (t:1, i:141), 141, true, commits:[s11:c141, s13:c139, s12:c137, s3:c139, s4:c139, s5:c139, s10:c139, s6:c139, s7:c139, s8:c139, s9:c139, s14:c135, s0:c135, s1:c139, s2:c137], cId:7646, entries: [(t:1, i:142), METADATAENTRY(c:141)]
2023-03-07 04:41:26,324 DEBUG server.RaftServer$Division (RaftServerImpl.java:logAppendEntries(1429)) - s5@group-A82F1EDBF13F: receive appendEntries(s11, 1, (t:1, i:141), 141, true, commits:[s11:c141, s13:c139, s12:c137, s3:c139, s4:c139, s5:c139, s10:c139, s6:c139, s7:c139, s8:c139, s9:c139, s14:c135, s0:c135, s1:c139, s2:c137], cId:7644, entries: [(t:1, i:142), METADATAENTRY(c:141)]
2023-03-07 04:41:26,325 DEBUG server.RaftServer$Division (RaftServerImpl.java:logAppendEntries(1429)) - s1@group-A82F1EDBF13F: succeeded to handle AppendEntries. Reply: s11<-s1#7643:OK-t1,SUCCESS,nextIndex=142,followerCommit=139,matchIndex=141
2023-03-07 04:41:26,325 DEBUG server.RaftServer$Division (RaftServerImpl.java:logAppendEntries(1429)) - s3@group-A82F1EDBF13F: receive appendEntries(s11, 1, (t:1, i:141), 141, true, commits:[s11:c141, s13:c139, s12:c137, s3:c139, s4:c139, s5:c139, s10:c139, s6:c139, s7:c139, s8:c139, s9:c139, s14:c135, s0:c135, s1:c139, s2:c137], cId:7649, entries: [(t:1, i:142), METADATAENTRY(c:141)]
2023-03-07 04:41:26,325 INFO  statemachine.StateMachine (ArithmeticStateMachine.java:applyTransaction(182)) - LEADER:s11-141: c = √(a^2 + b^2) = 5513
2023-03-07 04:41:26,325 DEBUG server.RaftServer$Division (RaftServerImpl.java:logAppendEntries(1429)) - s8@group-A82F1EDBF13F: succeeded to handle AppendEntries. Reply: s11<-s8#7646:OK-t1,SUCCESS,nextIndex=143,followerCommit=141,matchIndex=142
2023-03-07 04:41:26,325 DEBUG server.RaftServer$Division (RaftServerImpl.java:logAppendEntries(1429)) - s5@group-A82F1EDBF13F: succeeded to handle AppendEntries. Reply: s11<-s5#7644:OK-t1,SUCCESS,nextIndex=143,followerCommit=141,matchIndex=142
2023-03-07 04:41:26,325 DEBUG server.RaftServer$Division (RaftServerImpl.java:submitClientRequestAsync(832)) - s11@group-A82F1EDBF13F: receive client request(RaftClientRequest:client-8BEEC01311DE->s11@group-A82F1EDBF13F, cid=7651, seq=0, RW, Message:01016100)
2023-03-07 04:41:26,325 DEBUG server.RaftServer$Division (LeaderStateImpl.java:addPendingRequest(474)) - s11@group-A82F1EDBF13F-LeaderStateImpl: addPendingRequest at RaftClientRequest:client-8BEEC01311DE->s11@group-A82F1EDBF13F, cid=7651, seq=0, RW, Message:01016100, entry=(t:1, i:143), STATEMACHINELOGENTRY, 7651@client-8BEEC01311DE
2023-03-07 04:41:26,325 DEBUG server.RaftServer$Division (RaftServerImpl.java:logAppendEntries(1429)) - s6@group-A82F1EDBF13F: receive appendEntries(s11, 1, (t:1, i:141), 141, true, commits:[s11:c141, s13:c139, s12:c137, s3:c139, s4:c139, s5:c139, s10:c139, s6:c139, s7:c139, s8:c139, s9:c139, s14:c135, s0:c135, s1:c139, s2:c137], cId:7647, entries: [(t:1, i:142), METADATAENTRY(c:141)]
2023-03-07 04:41:26,326 DEBUG server.RaftServer$Division (RaftServerImpl.java:logAppendEntries(1429)) - s13@group-A82F1EDBF13F: receive appendEntries(s11, 1, (t:1, i:141), 141, true, commits:[s11:c141, s13:c139, s12:c137, s3:c139, s4:c139, s5:c139, s10:c139, s6:c139, s7:c139, s8:c139, s9:c139, s14:c135, s0:c135, s1:c139, s2:c137], cId:7652, entries: [(t:1, i:142), METADATAENTRY(c:141)]
2023-03-07 04:41:26,326 DEBUG server.RaftServer$Division (RaftServerImpl.java:logAppendEntries(1429)) - s8@group-A82F1EDBF13F: receive appendEntries(s11, 1, (t:1, i:142), 141, true, commits:[s11:c141, s13:c139, s12:c137, s3:c139, s4:c139, s5:c141, s10:c139, s6:c139, s7:c139, s8:c141, s9:c139, s14:c135, s0:c135, s1:c139, s2:c137], cId:7653, entries: [(t:1, i:143), STATEMACHINELOGENTRY, 7651@client-8BEEC01311DE]
2023-03-07 04:41:26,326 DEBUG server.RaftServer$Division (RaftServerImpl.java:logAppendEntries(1429)) - s7@group-A82F1EDBF13F: receive appendEntries(s11, 1, (t:1, i:141), 141, true, commits:[s11:c141, s13:c139, s12:c137, s3:c139, s4:c139, s5:c139, s10:c139, s6:c139, s7:c139, s8:c139, s9:c139, s14:c135, s0:c135, s1:c139, s2:c137], cId:7645, entries: [(t:1, i:142), METADATAENTRY(c:141)]
2023-03-07 04:41:26,326 DEBUG server.RaftServer$Division (RaftServerImpl.java:logAppendEntries(1429)) - s3@group-A82F1EDBF13F: succeeded to handle AppendEntries. Reply: s11<-s3#7649:OK-t1,SUCCESS,nextIndex=143,followerCommit=141,matchIndex=142
2023-03-07 04:41:26,326 DEBUG server.RaftServer$Division (RaftServerImpl.java:logAppendEntries(1429)) - s5@group-A82F1EDBF13F: receive appendEntries(s11, 1, (t:1, i:142), 141, true, commits:[s11:c141, s13:c139, s12:c137, s3:c139, s4:c139, s5:c141, s10:c139, s6:c139, s7:c139, s8:c141, s9:c139, s14:c135, s0:c135, s1:c139, s2:c137], cId:7654, entries: [(t:1, i:143), STATEMACHINELOGENTRY, 7651@client-8BEEC01311DE]
2023-03-07 04:41:26,327 DEBUG server.RaftServer$Division (RaftServerImpl.java:logAppendEntries(1429)) - s4@group-A82F1EDBF13F: receive appendEntries(s11, 1, (t:1, i:141), 141, true, commits:[s11:c141, s13:c139, s12:c137, s3:c139, s4:c139, s5:c139, s10:c139, s6:c139, s7:c139, s8:c139, s9:c139, s14:c135, s0:c135, s1:c139, s2:c137], cId:7648, entries: [(t:1, i:142), METADATAENTRY(c:141)]
2023-03-07 04:41:26,327 DEBUG server.RaftServer$Division (RaftServerImpl.java:logAppendEntries(1429)) - s14@group-A82F1EDBF13F: receive appendEntries(s11, 1, (t:1, i:140), 141, true, commits:[s11:c141, s13:c139, s12:c137, s3:c139, s4:c139, s5:c141, s10:c139, s6:c139, s7:c139, s8:c141, s9:c139, s14:c139, s0:c135, s1:c139, s2:c137], cId:7656, entries: [(t:1, i:141), STATEMACHINELOGENTRY, 7630@client-8BEEC01311DE, (t:1, i:142), METADATAENTRY(c:141), (t:1, i:143), STATEMACHINELOGENTRY, 7651@client-8BEEC01311DE]
2023-03-07 04:41:26,327 DEBUG server.RaftServer$Division (RaftServerImpl.java:logAppendEntries(1429)) - s8@group-A82F1EDBF13F: succeeded to handle AppendEntries. Reply: s11<-s8#7653:OK-t1,SUCCESS,nextIndex=144,followerCommit=141,matchIndex=143
2023-03-07 04:41:26,327 DEBUG server.RaftServer$Division (RaftServerImpl.java:logAppendEntries(1429)) - s3@group-A82F1EDBF13F: receive appendEntries(s11, 1, (t:1, i:142), 141, true, commits:[s11:c141, s13:c139, s12:c137, s3:c141, s4:c139, s5:c141, s10:c139, s6:c139, s7:c139, s8:c141, s9:c139, s14:c139, s0:c139, s1:c139, s2:c137], cId:7658, entries: [(t:1, i:143), STATEMACHINELOGENTRY, 7651@client-8BEEC01311DE]
2023-03-07 04:41:26,327 DEBUG server.RaftServer$Division (RaftServerImpl.java:logAppendEntries(1429)) - s5@group-A82F1EDBF13F: succeeded to handle AppendEntries. Reply: s11<-s5#7654:OK-t1,SUCCESS,nextIndex=144,followerCommit=141,matchIndex=143
2023-03-07 04:41:26,327 DEBUG server.RaftServer$Division (RaftServerImpl.java:logAppendEntries(1429)) - s13@group-A82F1EDBF13F: succeeded to handle AppendEntries. Reply: s11<-s13#7652:OK-t1,SUCCESS,nextIndex=143,followerCommit=141,matchIndex=142
2023-03-07 04:41:26,327 DEBUG server.RaftServer$Division (RaftServerImpl.java:logAppendEntries(1429)) - s7@group-A82F1EDBF13F: succeeded to handle AppendEntries. Reply: s11<-s7#7645:OK-t1,SUCCESS,nextIndex=143,followerCommit=141,matchIndex=142
2023-03-07 04:41:26,327 DEBUG server.RaftServer$Division (RaftServerImpl.java:logAppendEntries(1429)) - s6@group-A82F1EDBF13F: succeeded to handle AppendEntries. Reply: s11<-s6#7647:OK-t1,SUCCESS,nextIndex=143,followerCommit=141,matchIndex=142
2023-03-07 04:41:26,328 DEBUG server.RaftServer$Division (RaftServerImpl.java:logAppendEntries(1429)) - s0@group-A82F1EDBF13F: receive appendEntries(s11, 1, (t:1, i:141), 141, true, commits:[s11:c141, s13:c139, s12:c137, s3:c139, s4:c139, s5:c141, s10:c139, s6:c139, s7:c139, s8:c141, s9:c139, s14:c139, s0:c139, s1:c139, s2:c137], cId:7657, entries: [(t:1, i:142), METADATAENTRY(c:141), (t:1, i:143), STATEMACHINELOGENTRY, 7651@client-8BEEC01311DE]
2023-03-07 04:41:26,328 DEBUG server.RaftServer$Division (RaftServerImpl.java:logAppendEntries(1429)) - s7@group-A82F1EDBF13F: receive appendEntries(s11, 1, (t:1, i:142), 141, true, commits:[s11:c141, s13:c139, s12:c137, s3:c141, s4:c139, s5:c141, s10:c139, s6:c139, s7:c141, s8:c141, s9:c139, s14:c139, s0:c139, s1:c139, s2:c137], cId:7659, entries: [(t:1, i:143), STATEMACHINELOGENTRY, 7651@client-8BEEC01311DE]
2023-03-07 04:41:26,328 DEBUG server.RaftServer$Division (RaftServerImpl.java:logAppendEntries(1429)) - s13@group-A82F1EDBF13F: receive appendEntries(s11, 1, (t:1, i:142), 141, true, commits:[s11:c141, s13:c141, s12:c137, s3:c141, s4:c139, s5:c141, s10:c139, s6:c141, s7:c141, s8:c141, s9:c139, s14:c139, s0:c139, s1:c139, s2:c137], cId:7661, entries: [(t:1, i:143), STATEMACHINELOGENTRY, 7651@client-8BEEC01311DE]
2023-03-07 04:41:26,328 DEBUG server.RaftServer$Division (RaftServerImpl.java:logAppendEntries(1429)) - s6@group-A82F1EDBF13F: receive appendEntries(s11, 1, (t:1, i:142), 141, true, commits:[s11:c141, s13:c141, s12:c137, s3:c141, s4:c139, s5:c141, s10:c139, s6:c141, s7:c141, s8:c141, s9:c139, s14:c139, s0:c139, s1:c139, s2:c137], cId:7660, entries: [(t:1, i:143), STATEMACHINELOGENTRY, 7651@client-8BEEC01311DE]
2023-03-07 04:41:26,329 DEBUG server.RaftServer$Division (RaftServerImpl.java:logAppendEntries(1429)) - s14@group-A82F1EDBF13F: succeeded to handle AppendEntries. Reply: s11<-s14#7656:OK-t1,SUCCESS,nextIndex=144,followerCommit=141,matchIndex=143
2023-03-07 04:41:26,329 DEBUG server.RaftServer$Division (RaftServerImpl.java:logAppendEntries(1429)) - s0@group-A82F1EDBF13F: succeeded to handle AppendEntries. Reply: s11<-s0#7657:OK-t1,SUCCESS,nextIndex=144,followerCommit=141,matchIndex=143
2023-03-07 04:41:26,329 DEBUG server.RaftServer$Division (RaftServerImpl.java:logAppendEntries(1429)) - s4@group-A82F1EDBF13F: succeeded to handle AppendEntries. Reply: s11<-s4#7648:OK-t1,SUCCESS,nextIndex=143,followerCommit=141,matchIndex=142
2023-03-07 04:41:26,329 DEBUG server.RaftServer$Division (RaftServerImpl.java:logAppendEntries(1429)) - s13@group-A82F1EDBF13F: succeeded to handle AppendEntries. Reply: s11<-s13#7661:OK-t1,SUCCESS,nextIndex=144,followerCommit=141,matchIndex=143
2023-03-07 04:41:26,329 DEBUG server.RaftServer$Division (RaftServerImpl.java:logAppendEntries(1429)) - s7@group-A82F1EDBF13F: succeeded to handle AppendEntries. Reply: s11<-s7#7659:OK-t1,SUCCESS,nextIndex=144,followerCommit=141,matchIndex=143
2023-03-07 04:41:26,329 DEBUG server.RaftServer$Division (RaftServerImpl.java:logAppendEntries(1429)) - s3@group-A82F1EDBF13F: succeeded to handle AppendEntries. Reply: s11<-s3#7658:OK-t1,SUCCESS,nextIndex=144,followerCommit=141,matchIndex=143
2023-03-07 04:41:26,329 DEBUG server.RaftServer$Division (RaftServerImpl.java:logAppendEntries(1429)) - s10@group-A82F1EDBF13F: receive appendEntries(s11, 1, (t:1, i:141), 141, true, commits:[s11:c141, s13:c139, s12:c137, s3:c139, s4:c139, s5:c139, s10:c139, s6:c139, s7:c139, s8:c139, s9:c139, s14:c135, s0:c135, s1:c139, s2:c137], cId:7650, entries: [(t:1, i:142), METADATAENTRY(c:141)]
2023-03-07 04:41:26,330 DEBUG server.RaftServer$Division (RaftServerImpl.java:logAppendEntries(1429)) - s12@group-A82F1EDBF13F: receive appendEntries(s11, 1, (t:1, i:139), 139, true, commits:[s11:c139, s13:c137, s12:c137, s3:c139, s4:c137, s5:c139, s10:c135, s6:c139, s7:c139, s8:c139, s9:c137, s14:c135, s0:c135, s1:c137, s2:c133], cId:7640, entries: [(t:1, i:140), METADATAENTRY(c:139), (t:1, i:141), STATEMACHINELOGENTRY, 7630@client-8BEEC01311DE]
2023-03-07 04:41:26,330 DEBUG server.RaftServer$Division (RaftServerImpl.java:logAppendEntries(1429)) - s2@group-A82F1EDBF13F: receive appendEntries(s11, 1, (t:1, i:139), 139, true, commits:[s11:c139, s13:c137, s12:c137, s3:c139, s4:c137, s5:c139, s10:c135, s6:c139, s7:c139, s8:c139, s9:c137, s14:c135, s0:c135, s1:c137, s2:c137], cId:7641, entries: [(t:1, i:140), METADATAENTRY(c:139), (t:1, i:141), STATEMACHINELOGENTRY, 7630@client-8BEEC01311DE]
2023-03-07 04:41:26,330 DEBUG server.RaftServer$Division (RaftServerImpl.java:logAppendEntries(1429)) - s6@group-A82F1EDBF13F: succeeded to handle AppendEntries. Reply: s11<-s6#7660:OK-t1,SUCCESS,nextIndex=144,followerCommit=141,matchIndex=143
2023-03-07 04:41:26,330 DEBUG server.RaftServer$Division (RaftServerImpl.java:logAppendEntries(1429)) - s10@group-A82F1EDBF13F: succeeded to handle AppendEntries. Reply: s11<-s10#7650:OK-t1,SUCCESS,nextIndex=143,followerCommit=141,matchIndex=142
2023-03-07 04:41:26,330 DEBUG server.RaftServer$Division (RaftServerImpl.java:logAppendEntries(1429)) - s12@group-A82F1EDBF13F: succeeded to handle AppendEntries. Reply: s11<-s12#7640:OK-t1,SUCCESS,nextIndex=142,followerCommit=139,matchIndex=141
2023-03-07 04:41:26,330 DEBUG server.RaftServer$Division (RaftServerImpl.java:logAppendEntries(1429)) - s2@group-A82F1EDBF13F: succeeded to handle AppendEntries. Reply: s11<-s2#7641:OK-t1,SUCCESS,nextIndex=142,followerCommit=139,matchIndex=141
2023-03-07 04:41:26,330 DEBUG server.RaftServer$Division (RaftServerImpl.java:logAppendEntries(1429)) - s9@group-A82F1EDBF13F: receive appendEntries(s11, 1, (t:1, i:141), 141, true, commits:[s11:c141, s13:c139, s12:c137, s3:c139, s4:c139, s5:c141, s10:c139, s6:c139, s7:c139, s8:c141, s9:c139, s14:c135, s0:c135, s1:c139, s2:c137], cId:7655, entries: [(t:1, i:142), METADATAENTRY(c:141), (t:1, i:143), STATEMACHINELOGENTRY, 7651@client-8BEEC01311DE]
2023-03-07 04:41:26,331 INFO  statemachine.StateMachine (ArithmeticStateMachine.java:applyTransaction(182)) - LEADER:s11-143: a = null = null
2023-03-07 04:41:26,331 DEBUG server.RaftServer$Division (RaftServerImpl.java:logAppendEntries(1429)) - s1@group-A82F1EDBF13F: receive appendEntries(s11, 1, (t:1, i:141), 142, true, commits:[s11:c142, s13:c141, s12:c137, s3:c141, s4:c141, s5:c141, s10:c139, s6:c141, s7:c141, s8:c141, s9:c139, s14:c139, s0:c139, s1:c139, s2:c137], cId:7663, entries: [(t:1, i:142), METADATAENTRY(c:141), (t:1, i:143), STATEMACHINELOGENTRY, 7651@client-8BEEC01311DE]
2023-03-07 04:41:26,332 DEBUG server.RaftServer$Division (RaftServerImpl.java:submitClientRequestAsync(832)) - s11@group-A82F1EDBF13F: receive client request(RaftClientRequest:client-8BEEC01311DE->s11@group-A82F1EDBF13F, cid=7673, seq=0, RW, Message:01016200)
2023-03-07 04:41:26,332 DEBUG server.RaftServer$Division (LeaderStateImpl.java:addPendingRequest(474)) - s11@group-A82F1EDBF13F-LeaderStateImpl: addPendingRequest at RaftClientRequest:client-8BEEC01311DE->s11@group-A82F1EDBF13F, cid=7673, seq=0, RW, Message:01016200, entry=(t:1, i:145), STATEMACHINELOGENTRY, 7673@client-8BEEC01311DE
2023-03-07 04:41:26,332 DEBUG server.RaftServer$Division (RaftServerImpl.java:logAppendEntries(1429)) - s10@group-A82F1EDBF13F: receive appendEntries(s11, 1, (t:1, i:142), 142, true, commits:[s11:c142, s13:c141, s12:c137, s3:c141, s4:c141, s5:c141, s10:c141, s6:c141, s7:c141, s8:c141, s9:c139, s14:c141, s0:c139, s1:c139, s2:c137], cId:7664, entries: [(t:1, i:143), STATEMACHINELOGENTRY, 7651@client-8BEEC01311DE]
2023-03-07 04:41:26,332 DEBUG server.RaftServer$Division (RaftServerImpl.java:logAppendEntries(1429)) - s3@group-A82F1EDBF13F: receive appendEntries(s11, 1, (t:1, i:143), 143, true, commits:[s11:c143, s13:c141, s12:c137, s3:c141, s4:c141, s5:c141, s10:c141, s6:c141, s7:c141, s8:c141, s9:c139, s14:c141, s0:c141, s1:c139, s2:c137], cId:7666, entries: [(t:1, i:144), METADATAENTRY(c:143)]
2023-03-07 04:41:26,332 DEBUG server.RaftServer$Division (RaftServerImpl.java:logAppendEntries(1429)) - s5@group-A82F1EDBF13F: receive appendEntries(s11, 1, (t:1, i:143), 143, true, commits:[s11:c143, s13:c141, s12:c137, s3:c141, s4:c141, s5:c141, s10:c141, s6:c141, s7:c141, s8:c141, s9:c139, s14:c141, s0:c141, s1:c139, s2:c137], cId:7665, entries: [(t:1, i:144), METADATAENTRY(c:143)]
2023-03-07 04:41:26,333 DEBUG server.RaftServer$Division (RaftServerImpl.java:logAppendEntries(1429)) - s7@group-A82F1EDBF13F: receive appendEntries(s11, 1, (t:1, i:143), 143, true, commits:[s11:c143, s13:c141, s12:c137, s3:c141, s4:c141, s5:c141, s10:c141, s6:c141, s7:c141, s8:c141, s9:c139, s14:c141, s0:c141, s1:c139, s2:c137], cId:7667, entries: [(t:1, i:144), METADATAENTRY(c:143)]
2023-03-07 04:41:26,333 DEBUG server.RaftServer$Division (RaftServerImpl.java:logAppendEntries(1429)) - s8@group-A82F1EDBF13F: receive appendEntries(s11, 1, (t:1, i:143), 143, true, commits:[s11:c143, s13:c141, s12:c137, s3:c141, s4:c141, s5:c141, s10:c141, s6:c141, s7:c141, s8:c141, s9:c139, s14:c141, s0:c141, s1:c139, s2:c137], cId:7670, entries: [(t:1, i:144), METADATAENTRY(c:143)]
2023-03-07 04:41:26,333 DEBUG server.RaftServer$Division (RaftServerImpl.java:logAppendEntries(1429)) - s9@group-A82F1EDBF13F: succeeded to handle AppendEntries. Reply: s11<-s9#7655:OK-t1,SUCCESS,nextIndex=144,followerCommit=141,matchIndex=143
2023-03-07 04:41:26,333 DEBUG server.RaftServer$Division (RaftServerImpl.java:logAppendEntries(1429)) - s3@group-A82F1EDBF13F: succeeded to handle AppendEntries. Reply: s11<-s3#7666:OK-t1,SUCCESS,nextIndex=145,followerCommit=143,matchIndex=144
2023-03-07 04:41:26,333 DEBUG server.RaftServer$Division (RaftServerImpl.java:logAppendEntries(1429)) - s13@group-A82F1EDBF13F: receive appendEntries(s11, 1, (t:1, i:143), 143, true, commits:[s11:c143, s13:c141, s12:c137, s3:c141, s4:c141, s5:c141, s10:c141, s6:c141, s7:c141, s8:c141, s9:c139, s14:c141, s0:c141, s1:c139, s2:c137], cId:7672, entries: [(t:1, i:144), METADATAENTRY(c:143)]
2023-03-07 04:41:26,333 DEBUG server.RaftServer$Division (RaftServerImpl.java:logAppendEntries(1429)) - s10@group-A82F1EDBF13F: succeeded to handle AppendEntries. Reply: s11<-s10#7664:OK-t1,SUCCESS,nextIndex=144,followerCommit=142,matchIndex=143
2023-03-07 04:41:26,333 DEBUG server.RaftServer$Division (RaftServerImpl.java:logAppendEntries(1429)) - s4@group-A82F1EDBF13F: receive appendEntries(s11, 1, (t:1, i:142), 141, true, commits:[s11:c141, s13:c141, s12:c137, s3:c141, s4:c141, s5:c141, s10:c139, s6:c141, s7:c141, s8:c141, s9:c139, s14:c139, s0:c139, s1:c139, s2:c137], cId:7662, entries: [(t:1, i:143), STATEMACHINELOGENTRY, 7651@client-8BEEC01311DE]
2023-03-07 04:41:26,333 DEBUG server.RaftServer$Division (RaftServerImpl.java:logAppendEntries(1429)) - s6@group-A82F1EDBF13F: receive appendEntries(s11, 1, (t:1, i:143), 143, true, commits:[s11:c143, s13:c141, s12:c137, s3:c141, s4:c141, s5:c141, s10:c141, s6:c141, s7:c141, s8:c141, s9:c139, s14:c141, s0:c141, s1:c139, s2:c137], cId:7668, entries: [(t:1, i:144), METADATAENTRY(c:143)]
2023-03-07 04:41:26,334 DEBUG server.RaftServer$Division (RaftServerImpl.java:logAppendEntries(1429)) - s3@group-A82F1EDBF13F: receive appendEntries(s11, 1, (t:1, i:144), 143, true, commits:[s11:c143, s13:c141, s12:c139, s3:c143, s4:c141, s5:c141, s10:c141, s6:c141, s7:c141, s8:c141, s9:c139, s14:c141, s0:c141, s1:c139, s2:c139], cId:7676, entries: [(t:1, i:145), STATEMACHINELOGENTRY, 7673@client-8BEEC01311DE]
2023-03-07 04:41:26,334 DEBUG server.RaftServer$Division (RaftServerImpl.java:logAppendEntries(1429)) - s8@group-A82F1EDBF13F: succeeded to handle AppendEntries. Reply: s11<-s8#7670:OK-t1,SUCCESS,nextIndex=145,followerCommit=143,matchIndex=144
2023-03-07 04:41:26,334 DEBUG server.RaftServer$Division (RaftServerImpl.java:logAppendEntries(1429)) - s5@group-A82F1EDBF13F: succeeded to handle AppendEntries. Reply: s11<-s5#7665:OK-t1,SUCCESS,nextIndex=145,followerCommit=143,matchIndex=144
2023-03-07 04:41:26,334 DEBUG server.RaftServer$Division (RaftServerImpl.java:logAppendEntries(1429)) - s4@group-A82F1EDBF13F: succeeded to handle AppendEntries. Reply: s11<-s4#7662:OK-t1,SUCCESS,nextIndex=144,followerCommit=141,matchIndex=143
2023-03-07 04:41:26,334 DEBUG server.RaftServer$Division (RaftServerImpl.java:logAppendEntries(1429)) - s13@group-A82F1EDBF13F: succeeded to handle AppendEntries. Reply: s11<-s13#7672:OK-t1,SUCCESS,nextIndex=145,followerCommit=143,matchIndex=144
2023-03-07 04:41:26,334 DEBUG server.RaftServer$Division (RaftServerImpl.java:logAppendEntries(1429)) - s6@group-A82F1EDBF13F: succeeded to handle AppendEntries. Reply: s11<-s6#7668:OK-t1,SUCCESS,nextIndex=145,followerCommit=143,matchIndex=144
2023-03-07 04:41:26,334 DEBUG server.RaftServer$Division (RaftServerImpl.java:logAppendEntries(1429)) - s7@group-A82F1EDBF13F: succeeded to handle AppendEntries. Reply: s11<-s7#7667:OK-t1,SUCCESS,nextIndex=145,followerCommit=143,matchIndex=144
2023-03-07 04:41:26,334 DEBUG server.RaftServer$Division (RaftServerImpl.java:logAppendEntries(1429)) - s3@group-A82F1EDBF13F: succeeded to handle AppendEntries. Reply: s11<-s3#7676:OK-t1,SUCCESS,nextIndex=146,followerCommit=143,matchIndex=145
2023-03-07 04:41:26,335 DEBUG server.RaftServer$Division (RaftServerImpl.java:logAppendEntries(1429)) - s0@group-A82F1EDBF13F: receive appendEntries(s11, 1, (t:1, i:143), 143, true, commits:[s11:c143, s13:c141, s12:c137, s3:c141, s4:c141, s5:c141, s10:c141, s6:c141, s7:c141, s8:c141, s9:c139, s14:c141, s0:c141, s1:c139, s2:c137], cId:7669, entries: [(t:1, i:144), METADATAENTRY(c:143)]
2023-03-07 04:41:26,335 DEBUG server.RaftServer$Division (RaftServerImpl.java:logAppendEntries(1429)) - s14@group-A82F1EDBF13F: receive appendEntries(s11, 1, (t:1, i:143), 143, true, commits:[s11:c143, s13:c141, s12:c137, s3:c141, s4:c141, s5:c141, s10:c141, s6:c141, s7:c141, s8:c141, s9:c139, s14:c141, s0:c141, s1:c139, s2:c137], cId:7671, entries: [(t:1, i:144), METADATAENTRY(c:143)]
2023-03-07 04:41:26,335 DEBUG server.RaftServer$Division (RaftServerImpl.java:logAppendEntries(1429)) - s8@group-A82F1EDBF13F: receive appendEntries(s11, 1, (t:1, i:144), 143, true, commits:[s11:c143, s13:c141, s12:c139, s3:c143, s4:c141, s5:c141, s10:c141, s6:c141, s7:c141, s8:c143, s9:c139, s14:c141, s0:c141, s1:c139, s2:c139], cId:7677, entries: [(t:1, i:145), STATEMACHINELOGENTRY, 7673@client-8BEEC01311DE]
2023-03-07 04:41:26,335 DEBUG server.RaftServer$Division (RaftServerImpl.java:logAppendEntries(1429)) - s7@group-A82F1EDBF13F: receive appendEntries(s11, 1, (t:1, i:144), 143, true, commits:[s11:c143, s13:c141, s12:c139, s3:c143, s4:c141, s5:c141, s10:c141, s6:c143, s7:c143, s8:c143, s9:c139, s14:c141, s0:c141, s1:c139, s2:c139], cId:7680, entries: [(t:1, i:145), STATEMACHINELOGENTRY, 7673@client-8BEEC01311DE]
2023-03-07 04:41:26,335 DEBUG server.RaftServer$Division (RaftServerImpl.java:logAppendEntries(1429)) - s5@group-A82F1EDBF13F: receive appendEntries(s11, 1, (t:1, i:144), 143, true, commits:[s11:c143, s13:c141, s12:c139, s3:c143, s4:c141, s5:c143, s10:c141, s6:c143, s7:c143, s8:c143, s9:c139, s14:c141, s0:c141, s1:c139, s2:c139], cId:7681, entries: [(t:1, i:145), STATEMACHINELOGENTRY, 7673@client-8BEEC01311DE]
2023-03-07 04:41:26,336 DEBUG server.RaftServer$Division (RaftServerImpl.java:logAppendEntries(1429)) - s4@group-A82F1EDBF13F: receive appendEntries(s11, 1, (t:1, i:143), 143, true, commits:[s11:c143, s13:c141, s12:c139, s3:c143, s4:c141, s5:c141, s10:c141, s6:c143, s7:c141, s8:c143, s9:c139, s14:c141, s0:c141, s1:c139, s2:c139], cId:7679, entries: [(t:1, i:144), METADATAENTRY(c:143), (t:1, i:145), STATEMACHINELOGENTRY, 7673@client-8BEEC01311DE]
2023-03-07 04:41:26,336 DEBUG server.RaftServer$Division (RaftServerImpl.java:logAppendEntries(1429)) - s8@group-A82F1EDBF13F: succeeded to handle AppendEntries. Reply: s11<-s8#7677:OK-t1,SUCCESS,nextIndex=146,followerCommit=143,matchIndex=145
2023-03-07 04:41:26,336 DEBUG server.RaftServer$Division (RaftServerImpl.java:logAppendEntries(1429)) - s0@group-A82F1EDBF13F: succeeded to handle AppendEntries. Reply: s11<-s0#7669:OK-t1,SUCCESS,nextIndex=145,followerCommit=143,matchIndex=144
2023-03-07 04:41:26,336 DEBUG server.RaftServer$Division (RaftServerImpl.java:logAppendEntries(1429)) - s13@group-A82F1EDBF13F: receive appendEntries(s11, 1, (t:1, i:144), 143, true, commits:[s11:c143, s13:c143, s12:c139, s3:c143, s4:c141, s5:c143, s10:c141, s6:c143, s7:c143, s8:c143, s9:c139, s14:c141, s0:c141, s1:c139, s2:c139], cId:7682, entries: [(t:1, i:145), STATEMACHINELOGENTRY, 7673@client-8BEEC01311DE]
2023-03-07 04:41:26,336 DEBUG server.RaftServer$Division (RaftServerImpl.java:logAppendEntries(1429)) - s5@group-A82F1EDBF13F: succeeded to handle AppendEntries. Reply: s11<-s5#7681:OK-t1,SUCCESS,nextIndex=146,followerCommit=143,matchIndex=145
2023-03-07 04:41:26,336 DEBUG server.RaftServer$Division (RaftServerImpl.java:logAppendEntries(1429)) - s7@group-A82F1EDBF13F: succeeded to handle AppendEntries. Reply: s11<-s7#7680:OK-t1,SUCCESS,nextIndex=146,followerCommit=143,matchIndex=145
2023-03-07 04:41:26,336 DEBUG server.RaftServer$Division (RaftServerImpl.java:logAppendEntries(1429)) - s13@group-A82F1EDBF13F: succeeded to handle AppendEntries. Reply: s11<-s13#7682:OK-t1,SUCCESS,nextIndex=146,followerCommit=143,matchIndex=145
2023-03-07 04:41:26,336 DEBUG server.RaftServer$Division (RaftServerImpl.java:logAppendEntries(1429)) - s4@group-A82F1EDBF13F: succeeded to handle AppendEntries. Reply: s11<-s4#7679:OK-t1,SUCCESS,nextIndex=146,followerCommit=143,matchIndex=145
2023-03-07 04:41:26,337 DEBUG server.RaftServer$Division (RaftServerImpl.java:logAppendEntries(1429)) - s6@group-A82F1EDBF13F: receive appendEntries(s11, 1, (t:1, i:144), 143, true, commits:[s11:c143, s13:c141, s12:c139, s3:c143, s4:c141, s5:c141, s10:c141, s6:c143, s7:c141, s8:c143, s9:c139, s14:c141, s0:c141, s1:c139, s2:c139], cId:7678, entries: [(t:1, i:145), STATEMACHINELOGENTRY, 7673@client-8BEEC01311DE]
2023-03-07 04:41:26,337 DEBUG server.RaftServer$Division (RaftServerImpl.java:logAppendEntries(1429)) - s12@group-A82F1EDBF13F: receive appendEntries(s11, 1, (t:1, i:141), 143, true, commits:[s11:c143, s13:c141, s12:c139, s3:c141, s4:c141, s5:c141, s10:c141, s6:c141, s7:c141, s8:c141, s9:c139, s14:c141, s0:c141, s1:c139, s2:c137], cId:7674, entries: [(t:1, i:142), METADATAENTRY(c:141), (t:1, i:143), STATEMACHINELOGENTRY, 7651@client-8BEEC01311DE, (t:1, i:144), METADATAENTRY(c:143), (t:1, i:145), STATEMACHINELOGENTRY, 7673@client-8BEEC01311DE]
2023-03-07 04:41:26,338 DEBUG server.RaftServer$Division (RaftServerImpl.java:logAppendEntries(1429)) - s9@group-A82F1EDBF13F: receive appendEntries(s11, 1, (t:1, i:143), 144, true, commits:[s11:c144, s13:c143, s12:c139, s3:c143, s4:c143, s5:c143, s10:c141, s6:c143, s7:c143, s8:c143, s9:c141, s14:c141, s0:c141, s1:c139, s2:c139], cId:7683, entries: [(t:1, i:144), METADATAENTRY(c:143), (t:1, i:145), STATEMACHINELOGENTRY, 7673@client-8BEEC01311DE]
2023-03-07 04:41:26,338 DEBUG server.RaftServer$Division (RaftServerImpl.java:logAppendEntries(1429)) - s2@group-A82F1EDBF13F: receive appendEntries(s11, 1, (t:1, i:141), 143, true, commits:[s11:c143, s13:c141, s12:c139, s3:c141, s4:c141, s5:c141, s10:c141, s6:c141, s7:c141, s8:c141, s9:c139, s14:c141, s0:c141, s1:c139, s2:c139], cId:7675, entries: [(t:1, i:142), METADATAENTRY(c:141), (t:1, i:143), STATEMACHINELOGENTRY, 7651@client-8BEEC01311DE, (t:1, i:144), METADATAENTRY(c:143), (t:1, i:145), STATEMACHINELOGENTRY, 7673@client-8BEEC01311DE]
2023-03-07 04:41:26,338 DEBUG server.RaftServer$Division (RaftServerImpl.java:logAppendEntries(1429)) - s10@group-A82F1EDBF13F: receive appendEntries(s11, 1, (t:1, i:143), 144, true, commits:[s11:c144, s13:c143, s12:c139, s3:c143, s4:c143, s5:c143, s10:c142, s6:c143, s7:c143, s8:c143, s9:c141, s14:c141, s0:c141, s1:c139, s2:c139], cId:7684, entries: [(t:1, i:144), METADATAENTRY(c:143), (t:1, i:145), STATEMACHINELOGENTRY, 7673@client-8BEEC01311DE]
2023-03-07 04:41:26,339 DEBUG server.RaftServer$Division (RaftServerImpl.java:logAppendEntries(1429)) - s6@group-A82F1EDBF13F: succeeded to handle AppendEntries. Reply: s11<-s6#7678:OK-t1,SUCCESS,nextIndex=146,followerCommit=143,matchIndex=145
2023-03-07 04:41:26,339 DEBUG server.RaftServer$Division (RaftServerImpl.java:logAppendEntries(1429)) - s9@group-A82F1EDBF13F: succeeded to handle AppendEntries. Reply: s11<-s9#7683:OK-t1,SUCCESS,nextIndex=146,followerCommit=144,matchIndex=145
2023-03-07 04:41:26,339 DEBUG server.RaftServer$Division (RaftServerImpl.java:logAppendEntries(1429)) - s2@group-A82F1EDBF13F: succeeded to handle AppendEntries. Reply: s11<-s2#7675:OK-t1,SUCCESS,nextIndex=146,followerCommit=143,matchIndex=145
2023-03-07 04:41:26,339 DEBUG server.RaftServer$Division (RaftServerImpl.java:logAppendEntries(1429)) - s14@group-A82F1EDBF13F: succeeded to handle AppendEntries. Reply: s11<-s14#7671:OK-t1,SUCCESS,nextIndex=145,followerCommit=143,matchIndex=144
2023-03-07 04:41:26,339 DEBUG server.RaftServer$Division (RaftServerImpl.java:logAppendEntries(1429)) - s1@group-A82F1EDBF13F: succeeded to handle AppendEntries. Reply: s11<-s1#7663:OK-t1,SUCCESS,nextIndex=144,followerCommit=142,matchIndex=143
2023-03-07 04:41:26,339 DEBUG server.RaftServer$Division (RaftServerImpl.java:logAppendEntries(1429)) - s12@group-A82F1EDBF13F: succeeded to handle AppendEntries. Reply: s11<-s12#7674:OK-t1,SUCCESS,nextIndex=146,followerCommit=143,matchIndex=145
2023-03-07 04:41:26,339 DEBUG server.RaftServer$Division (RaftServerImpl.java:logAppendEntries(1429)) - s10@group-A82F1EDBF13F: succeeded to handle AppendEntries. Reply: s11<-s10#7684:OK-t1,SUCCESS,nextIndex=146,followerCommit=144,matchIndex=145
2023-03-07 04:41:26,339 INFO  statemachine.StateMachine (ArithmeticStateMachine.java:applyTransaction(182)) - LEADER:s11-145: b = null = null
2023-03-07 04:41:26,340 DEBUG server.RaftServer$Division (RaftServerImpl.java:logAppendEntries(1429)) - s8@group-A82F1EDBF13F: receive appendEntries(s11, 1, (t:1, i:145), 145, true, commits:[s11:c145, s13:c143, s12:c139, s3:c143, s4:c143, s5:c143, s10:c142, s6:c143, s7:c143, s8:c143, s9:c141, s14:c143, s0:c143, s1:c139, s2:c139], cId:7687, entries: [(t:1, i:146), METADATAENTRY(c:145)]
2023-03-07 04:41:26,340 DEBUG server.RaftServer$Division (RaftServerImpl.java:logAppendEntries(1429)) - s3@group-A82F1EDBF13F: receive appendEntries(s11, 1, (t:1, i:145), 145, true, commits:[s11:c145, s13:c143, s12:c139, s3:c143, s4:c143, s5:c143, s10:c142, s6:c143, s7:c143, s8:c143, s9:c141, s14:c143, s0:c143, s1:c139, s2:c139], cId:7693, entries: [(t:1, i:146), METADATAENTRY(c:145)]
2023-03-07 04:41:26,340 DEBUG server.RaftServer$Division (RaftServerImpl.java:logAppendEntries(1429)) - s13@group-A82F1EDBF13F: receive appendEntries(s11, 1, (t:1, i:145), 145, true, commits:[s11:c145, s13:c143, s12:c139, s3:c143, s4:c143, s5:c143, s10:c142, s6:c143, s7:c143, s8:c143, s9:c141, s14:c143, s0:c143, s1:c139, s2:c139], cId:7688, entries: [(t:1, i:146), METADATAENTRY(c:145)]
2023-03-07 04:41:26,340 DEBUG server.RaftServer$Division (RaftServerImpl.java:logAppendEntries(1429)) - s8@group-A82F1EDBF13F: succeeded to handle AppendEntries. Reply: s11<-s8#7687:OK-t1,SUCCESS,nextIndex=147,followerCommit=145,matchIndex=146
2023-03-07 04:41:26,340 DEBUG server.RaftServer$Division (RaftServerImpl.java:submitClientRequestAsync(832)) - s11@group-A82F1EDBF13F: receive client request(RaftClientRequest:client-8BEEC01311DE->s11@group-A82F1EDBF13F, cid=7692, seq=0, RW, Message:01016300)
2023-03-07 04:41:26,340 DEBUG server.RaftServer$Division (LeaderStateImpl.java:addPendingRequest(474)) - s11@group-A82F1EDBF13F-LeaderStateImpl: addPendingRequest at RaftClientRequest:client-8BEEC01311DE->s11@group-A82F1EDBF13F, cid=7692, seq=0, RW, Message:01016300, entry=(t:1, i:147), STATEMACHINELOGENTRY, 7692@client-8BEEC01311DE
2023-03-07 04:41:26,341 DEBUG server.RaftServer$Division (RaftServerImpl.java:logAppendEntries(1429)) - s6@group-A82F1EDBF13F: receive appendEntries(s11, 1, (t:1, i:145), 145, true, commits:[s11:c145, s13:c143, s12:c139, s3:c143, s4:c143, s5:c143, s10:c142, s6:c143, s7:c143, s8:c143, s9:c141, s14:c143, s0:c143, s1:c139, s2:c139], cId:7691, entries: [(t:1, i:146), METADATAENTRY(c:145)]
2023-03-07 04:41:26,341 DEBUG server.RaftServer$Division (RaftServerImpl.java:logAppendEntries(1429)) - s7@group-A82F1EDBF13F: receive appendEntries(s11, 1, (t:1, i:145), 145, true, commits:[s11:c145, s13:c143, s12:c139, s3:c143, s4:c143, s5:c143, s10:c142, s6:c143, s7:c143, s8:c143, s9:c141, s14:c143, s0:c143, s1:c139, s2:c139], cId:7689, entries: [(t:1, i:146), METADATAENTRY(c:145)]
2023-03-07 04:41:26,341 DEBUG server.RaftServer$Division (RaftServerImpl.java:logAppendEntries(1429)) - s6@group-A82F1EDBF13F: succeeded to handle AppendEntries. Reply: s11<-s6#7691:OK-t1,SUCCESS,nextIndex=147,followerCommit=145,matchIndex=146
2023-03-07 04:41:26,341 DEBUG server.RaftServer$Division (RaftServerImpl.java:logAppendEntries(1429)) - s13@group-A82F1EDBF13F: succeeded to handle AppendEntries. Reply: s11<-s13#7688:OK-t1,SUCCESS,nextIndex=147,followerCommit=145,matchIndex=146
2023-03-07 04:41:26,341 DEBUG server.RaftServer$Division (RaftServerImpl.java:logAppendEntries(1429)) - s3@group-A82F1EDBF13F: succeeded to handle AppendEntries. Reply: s11<-s3#7693:OK-t1,SUCCESS,nextIndex=147,followerCommit=145,matchIndex=146
2023-03-07 04:41:26,341 DEBUG server.RaftServer$Division (RaftServerImpl.java:logAppendEntries(1429)) - s8@group-A82F1EDBF13F: receive appendEntries(s11, 1, (t:1, i:146), 145, true, commits:[s11:c145, s13:c143, s12:c139, s3:c143, s4:c143, s5:c143, s10:c142, s6:c143, s7:c143, s8:c145, s9:c141, s14:c143, s0:c143, s1:c139, s2:c139], cId:7694, entries: [(t:1, i:147), STATEMACHINELOGENTRY, 7692@client-8BEEC01311DE]
2023-03-07 04:41:26,341 DEBUG server.RaftServer$Division (RaftServerImpl.java:logAppendEntries(1429)) - s5@group-A82F1EDBF13F: receive appendEntries(s11, 1, (t:1, i:145), 145, true, commits:[s11:c145, s13:c143, s12:c139, s3:c143, s4:c143, s5:c143, s10:c142, s6:c143, s7:c143, s8:c145, s9:c141, s14:c143, s0:c143, s1:c139, s2:c139], cId:7695, entries: [(t:1, i:146), METADATAENTRY(c:145), (t:1, i:147), STATEMACHINELOGENTRY, 7692@client-8BEEC01311DE]
2023-03-07 04:41:26,342 DEBUG server.RaftServer$Division (RaftServerImpl.java:logAppendEntries(1429)) - s3@group-A82F1EDBF13F: receive appendEntries(s11, 1, (t:1, i:146), 145, true, commits:[s11:c145, s13:c143, s12:c139, s3:c145, s4:c143, s5:c143, s10:c142, s6:c143, s7:c143, s8:c145, s9:c141, s14:c143, s0:c143, s1:c139, s2:c139], cId:7696, entries: [(t:1, i:147), STATEMACHINELOGENTRY, 7692@client-8BEEC01311DE]
2023-03-07 04:41:26,342 DEBUG server.RaftServer$Division (RaftServerImpl.java:logAppendEntries(1429)) - s14@group-A82F1EDBF13F: receive appendEntries(s11, 1, (t:1, i:144), 145, true, commits:[s11:c145, s13:c143, s12:c139, s3:c143, s4:c143, s5:c143, s10:c142, s6:c143, s7:c143, s8:c143, s9:c141, s14:c143, s0:c143, s1:c139, s2:c139], cId:7686, entries: [(t:1, i:145), STATEMACHINELOGENTRY, 7673@client-8BEEC01311DE, (t:1, i:146), METADATAENTRY(c:145)]
2023-03-07 04:41:26,342 DEBUG server.RaftServer$Division (RaftServerImpl.java:logAppendEntries(1429)) - s4@group-A82F1EDBF13F: receive appendEntries(s11, 1, (t:1, i:145), 145, true, commits:[s11:c145, s13:c143, s12:c139, s3:c143, s4:c143, s5:c143, s10:c142, s6:c143, s7:c143, s8:c143, s9:c141, s14:c143, s0:c143, s1:c139, s2:c139], cId:7690, entries: [(t:1, i:146), METADATAENTRY(c:145)]
2023-03-07 04:41:26,342 DEBUG server.RaftServer$Division (RaftServerImpl.java:logAppendEntries(1429)) - s13@group-A82F1EDBF13F: receive appendEntries(s11, 1, (t:1, i:146), 145, true, commits:[s11:c145, s13:c145, s12:c139, s3:c145, s4:c143, s5:c143, s10:c142, s6:c143, s7:c143, s8:c145, s9:c141, s14:c143, s0:c143, s1:c142, s2:c139], cId:7698, entries: [(t:1, i:147), STATEMACHINELOGENTRY, 7692@client-8BEEC01311DE]
2023-03-07 04:41:26,343 DEBUG server.RaftServer$Division (RaftServerImpl.java:logAppendEntries(1429)) - s7@group-A82F1EDBF13F: succeeded to handle AppendEntries. Reply: s11<-s7#7689:OK-t1,SUCCESS,nextIndex=147,followerCommit=145,matchIndex=146
2023-03-07 04:41:26,343 DEBUG server.RaftServer$Division (RaftServerImpl.java:logAppendEntries(1429)) - s8@group-A82F1EDBF13F: succeeded to handle AppendEntries. Reply: s11<-s8#7694:OK-t1,SUCCESS,nextIndex=148,followerCommit=145,matchIndex=147
2023-03-07 04:41:26,343 DEBUG server.RaftServer$Division (RaftServerImpl.java:logAppendEntries(1429)) - s5@group-A82F1EDBF13F: succeeded to handle AppendEntries. Reply: s11<-s5#7695:OK-t1,SUCCESS,nextIndex=148,followerCommit=145,matchIndex=147
2023-03-07 04:41:26,343 DEBUG server.RaftServer$Division (RaftServerImpl.java:logAppendEntries(1429)) - s13@group-A82F1EDBF13F: succeeded to handle AppendEntries. Reply: s11<-s13#7698:OK-t1,SUCCESS,nextIndex=148,followerCommit=145,matchIndex=147
2023-03-07 04:41:26,343 DEBUG server.RaftServer$Division (RaftServerImpl.java:logAppendEntries(1429)) - s7@group-A82F1EDBF13F: receive appendEntries(s11, 1, (t:1, i:146), 145, true, commits:[s11:c145, s13:c145, s12:c139, s3:c145, s4:c143, s5:c143, s10:c142, s6:c145, s7:c145, s8:c145, s9:c141, s14:c143, s0:c143, s1:c142, s2:c139], cId:7700, entries: [(t:1, i:147), STATEMACHINELOGENTRY, 7692@client-8BEEC01311DE]
2023-03-07 04:41:26,343 DEBUG server.RaftServer$Division (RaftServerImpl.java:logAppendEntries(1429)) - s3@group-A82F1EDBF13F: succeeded to handle AppendEntries. Reply: s11<-s3#7696:OK-t1,SUCCESS,nextIndex=148,followerCommit=145,matchIndex=147
2023-03-07 04:41:26,343 DEBUG server.RaftServer$Division (RaftServerImpl.java:logAppendEntries(1429)) - s14@group-A82F1EDBF13F: succeeded to handle AppendEntries. Reply: s11<-s14#7686:OK-t1,SUCCESS,nextIndex=147,followerCommit=145,matchIndex=146
2023-03-07 04:41:26,343 DEBUG server.RaftServer$Division (RaftServerImpl.java:logAppendEntries(1429)) - s4@group-A82F1EDBF13F: succeeded to handle AppendEntries. Reply: s11<-s4#7690:OK-t1,SUCCESS,nextIndex=147,followerCommit=145,matchIndex=146
2023-03-07 04:41:26,344 DEBUG server.RaftServer$Division (RaftServerImpl.java:logAppendEntries(1429)) - s1@group-A82F1EDBF13F: receive appendEntries(s11, 1, (t:1, i:143), 145, true, commits:[s11:c145, s13:c145, s12:c139, s3:c145, s4:c143, s5:c143, s10:c142, s6:c143, s7:c143, s8:c145, s9:c141, s14:c143, s0:c143, s1:c142, s2:c139], cId:7697, entries: [(t:1, i:144), METADATAENTRY(c:143), (t:1, i:145), STATEMACHINELOGENTRY, 7673@client-8BEEC01311DE, (t:1, i:146), METADATAENTRY(c:145), (t:1, i:147), STATEMACHINELOGENTRY, 7692@client-8BEEC01311DE]
2023-03-07 04:41:26,344 DEBUG server.RaftServer$Division (RaftServerImpl.java:logAppendEntries(1429)) - s4@group-A82F1EDBF13F: receive appendEntries(s11, 1, (t:1, i:146), 145, true, commits:[s11:c145, s13:c145, s12:c139, s3:c145, s4:c145, s5:c145, s10:c142, s6:c145, s7:c145, s8:c145, s9:c141, s14:c143, s0:c143, s1:c142, s2:c139], cId:7701, entries: [(t:1, i:147), STATEMACHINELOGENTRY, 7692@client-8BEEC01311DE]
2023-03-07 04:41:26,344 DEBUG server.RaftServer$Division (RaftServerImpl.java:logAppendEntries(1429)) - s6@group-A82F1EDBF13F: receive appendEntries(s11, 1, (t:1, i:146), 145, true, commits:[s11:c145, s13:c145, s12:c139, s3:c145, s4:c143, s5:c143, s10:c142, s6:c145, s7:c143, s8:c145, s9:c141, s14:c143, s0:c143, s1:c142, s2:c139], cId:7699, entries: [(t:1, i:147), STATEMACHINELOGENTRY, 7692@client-8BEEC01311DE]
2023-03-07 04:41:26,344 DEBUG server.RaftServer$Division (RaftServerImpl.java:logAppendEntries(1429)) - s7@group-A82F1EDBF13F: succeeded to handle AppendEntries. Reply: s11<-s7#7700:OK-t1,SUCCESS,nextIndex=148,followerCommit=145,matchIndex=147
2023-03-07 04:41:26,344 DEBUG server.RaftServer$Division (RaftServerImpl.java:logAppendEntries(1429)) - s1@group-A82F1EDBF13F: succeeded to handle AppendEntries. Reply: s11<-s1#7697:OK-t1,SUCCESS,nextIndex=148,followerCommit=145,matchIndex=147
2023-03-07 04:41:26,344 DEBUG server.RaftServer$Division (RaftServerImpl.java:logAppendEntries(1429)) - s4@group-A82F1EDBF13F: succeeded to handle AppendEntries. Reply: s11<-s4#7701:OK-t1,SUCCESS,nextIndex=148,followerCommit=145,matchIndex=147
2023-03-07 04:41:26,345 DEBUG server.RaftServer$Division (RaftServerImpl.java:logAppendEntries(1429)) - s0@group-A82F1EDBF13F: receive appendEntries(s11, 1, (t:1, i:144), 144, true, commits:[s11:c144, s13:c143, s12:c139, s3:c143, s4:c143, s5:c143, s10:c142, s6:c143, s7:c143, s8:c143, s9:c141, s14:c141, s0:c143, s1:c139, s2:c139], cId:7685, entries: [(t:1, i:145), STATEMACHINELOGENTRY, 7673@client-8BEEC01311DE]
2023-03-07 04:41:26,345 DEBUG server.RaftServer$Division (RaftServerImpl.java:logAppendEntries(1429)) - s6@group-A82F1EDBF13F: succeeded to handle AppendEntries. Reply: s11<-s6#7699:OK-t1,SUCCESS,nextIndex=148,followerCommit=145,matchIndex=147
2023-03-07 04:41:26,345 DEBUG server.RaftServer$Division (RaftServerImpl.java:logAppendEntries(1429)) - s0@group-A82F1EDBF13F: succeeded to handle AppendEntries. Reply: s11<-s0#7685:OK-t1,SUCCESS,nextIndex=146,followerCommit=144,matchIndex=145
2023-03-07 04:41:26,346 INFO  statemachine.StateMachine (ArithmeticStateMachine.java:applyTransaction(182)) - LEADER:s11-147: c = null = null
2023-03-07 04:41:26,346 DEBUG server.RaftServer$Division (RaftServerImpl.java:logAppendEntries(1429)) - s9@group-A82F1EDBF13F: receive appendEntries(s11, 1, (t:1, i:145), 146, true, commits:[s11:c146, s13:c145, s12:c139, s3:c145, s4:c145, s5:c145, s10:c142, s6:c145, s7:c145, s8:c145, s9:c144, s14:c145, s0:c143, s1:c142, s2:c139], cId:7703, entries: [(t:1, i:146), METADATAENTRY(c:145), (t:1, i:147), STATEMACHINELOGENTRY, 7692@client-8BEEC01311DE]
2023-03-07 04:41:26,346 DEBUG server.RaftServer$Division (RaftServerImpl.java:submitClientRequestAsync(832)) - s11@group-A82F1EDBF13F: receive client request(RaftClientRequest:client-8BEEC01311DE->s11@group-A82F1EDBF13F, cid=7706, seq=0, RW, Message:01016102405ac0000000...(size=12))
2023-03-07 04:41:26,346 DEBUG server.RaftServer$Division (RaftServerImpl.java:logAppendEntries(1429)) - s0@group-A82F1EDBF13F: receive appendEntries(s11, 1, (t:1, i:145), 146, true, commits:[s11:c146, s13:c145, s12:c139, s3:c145, s4:c145, s5:c145, s10:c142, s6:c145, s7:c145, s8:c145, s9:c144, s14:c145, s0:c144, s1:c142, s2:c143], cId:7705, entries: [(t:1, i:146), METADATAENTRY(c:145), (t:1, i:147), STATEMACHINELOGENTRY, 7692@client-8BEEC01311DE]
2023-03-07 04:41:26,347 DEBUG server.RaftServer$Division (RaftServerImpl.java:logAppendEntries(1429)) - s9@group-A82F1EDBF13F: succeeded to handle AppendEntries. Reply: s11<-s9#7703:OK-t1,SUCCESS,nextIndex=148,followerCommit=146,matchIndex=147
2023-03-07 04:41:26,347 DEBUG server.RaftServer$Division (LeaderStateImpl.java:addPendingRequest(474)) - s11@group-A82F1EDBF13F-LeaderStateImpl: addPendingRequest at RaftClientRequest:client-8BEEC01311DE->s11@group-A82F1EDBF13F, cid=7706, seq=0, RW, Message:01016102405ac0000000...(size=12), entry=(t:1, i:149), STATEMACHINELOGENTRY, 7706@client-8BEEC01311DE
2023-03-07 04:41:26,356 DEBUG server.RaftServer$Division (RaftServerImpl.java:logAppendEntries(1429)) - s8@group-A82F1EDBF13F: receive appendEntries(s11, 1, (t:1, i:147), 147, true, commits:[s11:c147, s13:c145, s12:c143, s3:c145, s4:c145, s5:c145, s10:c144, s6:c145, s7:c145, s8:c145, s9:c144, s14:c145, s0:c144, s1:c145, s2:c143], cId:7707, entries: [(t:1, i:148), METADATAENTRY(c:147), (t:1, i:149), STATEMACHINELOGENTRY, 7706@client-8BEEC01311DE]
2023-03-07 04:41:26,356 DEBUG server.RaftServer$Division (RaftServerImpl.java:logAppendEntries(1429)) - s14@group-A82F1EDBF13F: receive appendEntries(s11, 1, (t:1, i:146), 146, true, commits:[s11:c146, s13:c145, s12:c139, s3:c145, s4:c145, s5:c145, s10:c142, s6:c145, s7:c145, s8:c145, s9:c141, s14:c145, s0:c143, s1:c142, s2:c139], cId:7702, entries: [(t:1, i:147), STATEMACHINELOGENTRY, 7692@client-8BEEC01311DE]
2023-03-07 04:41:26,356 DEBUG server.RaftServer$Division (RaftServerImpl.java:logAppendEntries(1429)) - s2@group-A82F1EDBF13F: receive appendEntries(s11, 1, (t:1, i:145), 146, true, commits:[s11:c146, s13:c145, s12:c139, s3:c145, s4:c145, s5:c145, s10:c142, s6:c145, s7:c145, s8:c145, s9:c144, s14:c145, s0:c144, s1:c142, s2:c143], cId:7704, entries: [(t:1, i:146), METADATAENTRY(c:145), (t:1, i:147), STATEMACHINELOGENTRY, 7692@client-8BEEC01311DE]
2023-03-07 04:41:26,356 DEBUG server.RaftServer$Division (RaftServerImpl.java:logAppendEntries(1429)) - s8@group-A82F1EDBF13F: succeeded to handle AppendEntries. Reply: s11<-s8#7707:OK-t1,SUCCESS,nextIndex=150,followerCommit=147,matchIndex=149
2023-03-07 04:41:26,357 DEBUG server.RaftServer$Division (RaftServerImpl.java:logAppendEntries(1429)) - s2@group-A82F1EDBF13F: succeeded to handle AppendEntries. Reply: s11<-s2#7704:OK-t1,SUCCESS,nextIndex=148,followerCommit=146,matchIndex=147
2023-03-07 04:41:26,357 DEBUG server.RaftServer$Division (RaftServerImpl.java:logAppendEntries(1429)) - s14@group-A82F1EDBF13F: succeeded to handle AppendEntries. Reply: s11<-s14#7702:OK-t1,SUCCESS,nextIndex=148,followerCommit=146,matchIndex=147
2023-03-07 04:41:26,357 DEBUG server.RaftServer$Division (RaftServerImpl.java:logAppendEntries(1429)) - s3@group-A82F1EDBF13F: receive appendEntries(s11, 1, (t:1, i:147), 147, true, commits:[s11:c147, s13:c145, s12:c143, s3:c145, s4:c145, s5:c145, s10:c144, s6:c145, s7:c145, s8:c145, s9:c144, s14:c145, s0:c144, s1:c145, s2:c143], cId:7709, entries: [(t:1, i:148), METADATAENTRY(c:147), (t:1, i:149), STATEMACHINELOGENTRY, 7706@client-8BEEC01311DE]
2023-03-07 04:41:26,357 DEBUG server.RaftServer$Division (RaftServerImpl.java:logAppendEntries(1429)) - s5@group-A82F1EDBF13F: receive appendEntries(s11, 1, (t:1, i:147), 147, true, commits:[s11:c147, s13:c145, s12:c143, s3:c145, s4:c145, s5:c145, s10:c144, s6:c145, s7:c145, s8:c145, s9:c144, s14:c145, s0:c144, s1:c145, s2:c143], cId:7710, entries: [(t:1, i:148), METADATAENTRY(c:147), (t:1, i:149), STATEMACHINELOGENTRY, 7706@client-8BEEC01311DE]
2023-03-07 04:41:26,357 DEBUG server.RaftServer$Division (RaftServerImpl.java:logAppendEntries(1429)) - s4@group-A82F1EDBF13F: receive appendEntries(s11, 1, (t:1, i:147), 147, true, commits:[s11:c147, s13:c145, s12:c143, s3:c145, s4:c145, s5:c145, s10:c144, s6:c145, s7:c145, s8:c145, s9:c144, s14:c145, s0:c144, s1:c145, s2:c143], cId:7711, entries: [(t:1, i:148), METADATAENTRY(c:147), (t:1, i:149), STATEMACHINELOGENTRY, 7706@client-8BEEC01311DE]
2023-03-07 04:41:26,357 DEBUG server.RaftServer$Division (RaftServerImpl.java:logAppendEntries(1429)) - s0@group-A82F1EDBF13F: succeeded to handle AppendEntries. Reply: s11<-s0#7705:OK-t1,SUCCESS,nextIndex=148,followerCommit=146,matchIndex=147
2023-03-07 04:41:26,357 DEBUG server.RaftServer$Division (RaftServerImpl.java:logAppendEntries(1429)) - s7@group-A82F1EDBF13F: receive appendEntries(s11, 1, (t:1, i:147), 147, true, commits:[s11:c147, s13:c145, s12:c143, s3:c145, s4:c145, s5:c145, s10:c144, s6:c145, s7:c145, s8:c145, s9:c144, s14:c145, s0:c144, s1:c145, s2:c143], cId:7708, entries: [(t:1, i:148), METADATAENTRY(c:147), (t:1, i:149), STATEMACHINELOGENTRY, 7706@client-8BEEC01311DE]
2023-03-07 04:41:26,357 DEBUG server.RaftServer$Division (RaftServerImpl.java:logAppendEntries(1429)) - s5@group-A82F1EDBF13F: succeeded to handle AppendEntries. Reply: s11<-s5#7710:OK-t1,SUCCESS,nextIndex=150,followerCommit=147,matchIndex=149
2023-03-07 04:41:26,358 DEBUG server.RaftServer$Division (RaftServerImpl.java:logAppendEntries(1429)) - s4@group-A82F1EDBF13F: succeeded to handle AppendEntries. Reply: s11<-s4#7711:OK-t1,SUCCESS,nextIndex=150,followerCommit=147,matchIndex=149
2023-03-07 04:41:26,358 DEBUG server.RaftServer$Division (RaftServerImpl.java:logAppendEntries(1429)) - s7@group-A82F1EDBF13F: succeeded to handle AppendEntries. Reply: s11<-s7#7708:OK-t1,SUCCESS,nextIndex=150,followerCommit=147,matchIndex=149
2023-03-07 04:41:26,358 DEBUG server.RaftServer$Division (RaftServerImpl.java:logAppendEntries(1429)) - s3@group-A82F1EDBF13F: succeeded to handle AppendEntries. Reply: s11<-s3#7709:OK-t1,SUCCESS,nextIndex=150,followerCommit=147,matchIndex=149
2023-03-07 04:41:26,358 DEBUG server.RaftServer$Division (RaftServerImpl.java:logAppendEntries(1429)) - s13@group-A82F1EDBF13F: receive appendEntries(s11, 1, (t:1, i:147), 147, true, commits:[s11:c147, s13:c145, s12:c143, s3:c145, s4:c145, s5:c145, s10:c144, s6:c145, s7:c145, s8:c145, s9:c144, s14:c145, s0:c144, s1:c145, s2:c143], cId:7713, entries: [(t:1, i:148), METADATAENTRY(c:147), (t:1, i:149), STATEMACHINELOGENTRY, 7706@client-8BEEC01311DE]
2023-03-07 04:41:26,358 DEBUG server.RaftServer$Division (RaftServerImpl.java:logAppendEntries(1429)) - s6@group-A82F1EDBF13F: receive appendEntries(s11, 1, (t:1, i:147), 147, true, commits:[s11:c147, s13:c145, s12:c143, s3:c145, s4:c145, s5:c145, s10:c144, s6:c145, s7:c145, s8:c145, s9:c144, s14:c145, s0:c144, s1:c145, s2:c143], cId:7712, entries: [(t:1, i:148), METADATAENTRY(c:147), (t:1, i:149), STATEMACHINELOGENTRY, 7706@client-8BEEC01311DE]
2023-03-07 04:41:26,359 DEBUG server.RaftServer$Division (RaftServerImpl.java:logAppendEntries(1429)) - s1@group-A82F1EDBF13F: receive appendEntries(s11, 1, (t:1, i:147), 147, true, commits:[s11:c147, s13:c145, s12:c143, s3:c145, s4:c145, s5:c145, s10:c144, s6:c145, s7:c145, s8:c145, s9:c144, s14:c145, s0:c144, s1:c145, s2:c143], cId:7716, entries: [(t:1, i:148), METADATAENTRY(c:147), (t:1, i:149), STATEMACHINELOGENTRY, 7706@client-8BEEC01311DE]
2023-03-07 04:41:26,359 DEBUG server.RaftServer$Division (RaftServerImpl.java:logAppendEntries(1429)) - s13@group-A82F1EDBF13F: succeeded to handle AppendEntries. Reply: s11<-s13#7713:OK-t1,SUCCESS,nextIndex=150,followerCommit=147,matchIndex=149
2023-03-07 04:41:26,359 DEBUG server.RaftServer$Division (RaftServerImpl.java:logAppendEntries(1429)) - s6@group-A82F1EDBF13F: succeeded to handle AppendEntries. Reply: s11<-s6#7712:OK-t1,SUCCESS,nextIndex=150,followerCommit=147,matchIndex=149
2023-03-07 04:41:26,359 DEBUG server.RaftServer$Division (RaftServerImpl.java:logAppendEntries(1429)) - s1@group-A82F1EDBF13F: succeeded to handle AppendEntries. Reply: s11<-s1#7716:OK-t1,SUCCESS,nextIndex=150,followerCommit=147,matchIndex=149
2023-03-07 04:41:26,360 INFO  statemachine.StateMachine (ArithmeticStateMachine.java:applyTransaction(182)) - LEADER:s11-149: a = 107 = 107
2023-03-07 04:41:26,360 DEBUG server.RaftServer$Division (RaftServerImpl.java:logAppendEntries(1429)) - s14@group-A82F1EDBF13F: receive appendEntries(s11, 1, (t:1, i:147), 147, true, commits:[s11:c147, s13:c147, s12:c143, s3:c147, s4:c147, s5:c147, s10:c144, s6:c147, s7:c147, s8:c147, s9:c144, s14:c146, s0:c146, s1:c145, s2:c143], cId:7718, entries: [(t:1, i:148), METADATAENTRY(c:147), (t:1, i:149), STATEMACHINELOGENTRY, 7706@client-8BEEC01311DE]
2023-03-07 04:41:26,362 DEBUG server.RaftServer$Division (RaftServerImpl.java:logAppendEntries(1429)) - s9@group-A82F1EDBF13F: receive appendEntries(s11, 1, (t:1, i:147), 149, true, commits:[s11:c149, s13:c147, s12:c143, s3:c147, s4:c147, s5:c147, s10:c144, s6:c147, s7:c147, s8:c147, s9:c146, s14:c146, s0:c146, s1:c147, s2:c143], cId:7728, entries: [(t:1, i:148), METADATAENTRY(c:147), (t:1, i:149), STATEMACHINELOGENTRY, 7706@client-8BEEC01311DE, (t:1, i:150), METADATAENTRY(c:149)]
2023-03-07 04:41:26,362 DEBUG server.RaftServer$Division (RaftServerImpl.java:logAppendEntries(1429)) - s10@group-A82F1EDBF13F: receive appendEntries(s11, 1, (t:1, i:145), 147, true, commits:[s11:c147, s13:c145, s12:c143, s3:c145, s4:c145, s5:c145, s10:c144, s6:c145, s7:c145, s8:c145, s9:c144, s14:c145, s0:c144, s1:c145, s2:c143], cId:7715, entries: [(t:1, i:146), METADATAENTRY(c:145), (t:1, i:147), STATEMACHINELOGENTRY, 7692@client-8BEEC01311DE, (t:1, i:148), METADATAENTRY(c:147), (t:1, i:149), STATEMACHINELOGENTRY, 7706@client-8BEEC01311DE]
2023-03-07 04:41:26,362 DEBUG server.RaftServer$Division (RaftServerImpl.java:logAppendEntries(1429)) - s12@group-A82F1EDBF13F: receive appendEntries(s11, 1, (t:1, i:145), 147, true, commits:[s11:c147, s13:c145, s12:c143, s3:c145, s4:c145, s5:c145, s10:c144, s6:c145, s7:c145, s8:c145, s9:c144, s14:c145, s0:c144, s1:c145, s2:c143], cId:7714, entries: [(t:1, i:146), METADATAENTRY(c:145), (t:1, i:147), STATEMACHINELOGENTRY, 7692@client-8BEEC01311DE, (t:1, i:148), METADATAENTRY(c:147), (t:1, i:149), STATEMACHINELOGENTRY, 7706@client-8BEEC01311DE]
2023-03-07 04:41:26,362 DEBUG server.RaftServer$Division (RaftServerImpl.java:logAppendEntries(1429)) - s9@group-A82F1EDBF13F: succeeded to handle AppendEntries. Reply: s11<-s9#7728:OK-t1,SUCCESS,nextIndex=151,followerCommit=149,matchIndex=150
2023-03-07 04:41:26,362 DEBUG server.RaftServer$Division (RaftServerImpl.java:logAppendEntries(1429)) - s10@group-A82F1EDBF13F: succeeded to handle AppendEntries. Reply: s11<-s10#7715:OK-t1,SUCCESS,nextIndex=150,followerCommit=147,matchIndex=149
2023-03-07 04:41:26,361 DEBUG server.RaftServer$Division (RaftServerImpl.java:logAppendEntries(1429)) - s6@group-A82F1EDBF13F: receive appendEntries(s11, 1, (t:1, i:149), 149, true, commits:[s11:c149, s13:c147, s12:c143, s3:c147, s4:c147, s5:c147, s10:c144, s6:c147, s7:c147, s8:c147, s9:c144, s14:c146, s0:c146, s1:c147, s2:c143], cId:7719, entries: [(t:1, i:150), METADATAENTRY(c:149)]
2023-03-07 04:41:26,361 DEBUG server.RaftServer$Division (RaftServerImpl.java:submitClientRequestAsync(832)) - s11@group-A82F1EDBF13F: receive client request(RaftClientRequest:client-8BEEC01311DE->s11@group-A82F1EDBF13F, cid=7720, seq=0, RW, Message:0101620240b65c000000...(size=12))
2023-03-07 04:41:26,362 DEBUG server.RaftServer$Division (LeaderStateImpl.java:addPendingRequest(474)) - s11@group-A82F1EDBF13F-LeaderStateImpl: addPendingRequest at RaftClientRequest:client-8BEEC01311DE->s11@group-A82F1EDBF13F, cid=7720, seq=0, RW, Message:0101620240b65c000000...(size=12), entry=(t:1, i:151), STATEMACHINELOGENTRY, 7720@client-8BEEC01311DE
2023-03-07 04:41:26,361 DEBUG server.RaftServer$Division (RaftServerImpl.java:logAppendEntries(1429)) - s1@group-A82F1EDBF13F: receive appendEntries(s11, 1, (t:1, i:149), 149, true, commits:[s11:c149, s13:c147, s12:c143, s3:c147, s4:c147, s5:c147, s10:c144, s6:c147, s7:c147, s8:c147, s9:c144, s14:c146, s0:c146, s1:c147, s2:c143], cId:7727, entries: [(t:1, i:150), METADATAENTRY(c:149)]
2023-03-07 04:41:26,361 DEBUG server.RaftServer$Division (RaftServerImpl.java:logAppendEntries(1429)) - s7@group-A82F1EDBF13F: receive appendEntries(s11, 1, (t:1, i:149), 149, true, commits:[s11:c149, s13:c147, s12:c143, s3:c147, s4:c147, s5:c147, s10:c144, s6:c147, s7:c147, s8:c147, s9:c144, s14:c146, s0:c146, s1:c147, s2:c143], cId:7722, entries: [(t:1, i:150), METADATAENTRY(c:149)]
2023-03-07 04:41:26,363 DEBUG server.RaftServer$Division (RaftServerImpl.java:logAppendEntries(1429)) - s6@group-A82F1EDBF13F: succeeded to handle AppendEntries. Reply: s11<-s6#7719:OK-t1,SUCCESS,nextIndex=151,followerCommit=149,matchIndex=150
2023-03-07 04:41:26,361 DEBUG server.RaftServer$Division (RaftServerImpl.java:logAppendEntries(1429)) - s13@group-A82F1EDBF13F: receive appendEntries(s11, 1, (t:1, i:149), 149, true, commits:[s11:c149, s13:c147, s12:c143, s3:c147, s4:c147, s5:c147, s10:c144, s6:c147, s7:c147, s8:c147, s9:c144, s14:c146, s0:c146, s1:c147, s2:c143], cId:7726, entries: [(t:1, i:150), METADATAENTRY(c:149)]
2023-03-07 04:41:26,361 DEBUG server.RaftServer$Division (RaftServerImpl.java:logAppendEntries(1429)) - s5@group-A82F1EDBF13F: receive appendEntries(s11, 1, (t:1, i:149), 149, true, commits:[s11:c149, s13:c147, s12:c143, s3:c147, s4:c147, s5:c147, s10:c144, s6:c147, s7:c147, s8:c147, s9:c144, s14:c146, s0:c146, s1:c147, s2:c143], cId:7725, entries: [(t:1, i:150), METADATAENTRY(c:149)]
2023-03-07 04:41:26,361 DEBUG server.RaftServer$Division (RaftServerImpl.java:logAppendEntries(1429)) - s4@group-A82F1EDBF13F: receive appendEntries(s11, 1, (t:1, i:149), 149, true, commits:[s11:c149, s13:c147, s12:c143, s3:c147, s4:c147, s5:c147, s10:c144, s6:c147, s7:c147, s8:c147, s9:c144, s14:c146, s0:c146, s1:c147, s2:c143], cId:7721, entries: [(t:1, i:150), METADATAENTRY(c:149)]
2023-03-07 04:41:26,363 DEBUG server.RaftServer$Division (RaftServerImpl.java:logAppendEntries(1429)) - s1@group-A82F1EDBF13F: succeeded to handle AppendEntries. Reply: s11<-s1#7727:OK-t1,SUCCESS,nextIndex=151,followerCommit=149,matchIndex=150
2023-03-07 04:41:26,363 DEBUG server.RaftServer$Division (RaftServerImpl.java:logAppendEntries(1429)) - s5@group-A82F1EDBF13F: succeeded to handle AppendEntries. Reply: s11<-s5#7725:OK-t1,SUCCESS,nextIndex=151,followerCommit=149,matchIndex=150
2023-03-07 04:41:26,363 DEBUG server.RaftServer$Division (RaftServerImpl.java:logAppendEntries(1429)) - s13@group-A82F1EDBF13F: succeeded to handle AppendEntries. Reply: s11<-s13#7726:OK-t1,SUCCESS,nextIndex=151,followerCommit=149,matchIndex=150
2023-03-07 04:41:26,361 DEBUG server.RaftServer$Division (RaftServerImpl.java:logAppendEntries(1429)) - s8@group-A82F1EDBF13F: receive appendEntries(s11, 1, (t:1, i:149), 149, true, commits:[s11:c149, s13:c147, s12:c143, s3:c147, s4:c147, s5:c147, s10:c144, s6:c147, s7:c147, s8:c147, s9:c144, s14:c146, s0:c146, s1:c147, s2:c143], cId:7723, entries: [(t:1, i:150), METADATAENTRY(c:149)]
2023-03-07 04:41:26,364 DEBUG server.RaftServer$Division (RaftServerImpl.java:logAppendEntries(1429)) - s7@group-A82F1EDBF13F: succeeded to handle AppendEntries. Reply: s11<-s7#7722:OK-t1,SUCCESS,nextIndex=151,followerCommit=149,matchIndex=150
2023-03-07 04:41:26,364 DEBUG server.RaftServer$Division (RaftServerImpl.java:logAppendEntries(1429)) - s4@group-A82F1EDBF13F: succeeded to handle AppendEntries. Reply: s11<-s4#7721:OK-t1,SUCCESS,nextIndex=151,followerCommit=149,matchIndex=150
2023-03-07 04:41:26,364 DEBUG server.RaftServer$Division (RaftServerImpl.java:logAppendEntries(1429)) - s8@group-A82F1EDBF13F: succeeded to handle AppendEntries. Reply: s11<-s8#7723:OK-t1,SUCCESS,nextIndex=151,followerCommit=149,matchIndex=150
2023-03-07 04:41:26,364 DEBUG server.RaftServer$Division (RaftServerImpl.java:logAppendEntries(1429)) - s7@group-A82F1EDBF13F: receive appendEntries(s11, 1, (t:1, i:150), 149, true, commits:[s11:c149, s13:c147, s12:c143, s3:c147, s4:c147, s5:c147, s10:c144, s6:c147, s7:c149, s8:c147, s9:c149, s14:c146, s0:c146, s1:c149, s2:c143], cId:7731, entries: [(t:1, i:151), STATEMACHINELOGENTRY, 7720@client-8BEEC01311DE]
2023-03-07 04:41:26,365 DEBUG server.RaftServer$Division (RaftServerImpl.java:logAppendEntries(1429)) - s7@group-A82F1EDBF13F: succeeded to handle AppendEntries. Reply: s11<-s7#7731:OK-t1,SUCCESS,nextIndex=152,followerCommit=149,matchIndex=151
2023-03-07 04:41:26,361 DEBUG server.RaftServer$Division (RaftServerImpl.java:logAppendEntries(1429)) - s3@group-A82F1EDBF13F: receive appendEntries(s11, 1, (t:1, i:149), 149, true, commits:[s11:c149, s13:c147, s12:c143, s3:c147, s4:c147, s5:c147, s10:c144, s6:c147, s7:c147, s8:c147, s9:c144, s14:c146, s0:c146, s1:c147, s2:c143], cId:7724, entries: [(t:1, i:150), METADATAENTRY(c:149)]
2023-03-07 04:41:26,365 DEBUG server.RaftServer$Division (RaftServerImpl.java:logAppendEntries(1429)) - s9@group-A82F1EDBF13F: receive appendEntries(s11, 1, (t:1, i:150), 149, true, commits:[s11:c149, s13:c147, s12:c143, s3:c147, s4:c147, s5:c147, s10:c144, s6:c147, s7:c147, s8:c147, s9:c149, s14:c146, s0:c146, s1:c147, s2:c143], cId:7729, entries: [(t:1, i:151), STATEMACHINELOGENTRY, 7720@client-8BEEC01311DE]
2023-03-07 04:41:26,365 DEBUG server.RaftServer$Division (RaftServerImpl.java:logAppendEntries(1429)) - s4@group-A82F1EDBF13F: receive appendEntries(s11, 1, (t:1, i:150), 149, true, commits:[s11:c149, s13:c147, s12:c143, s3:c147, s4:c149, s5:c147, s10:c144, s6:c147, s7:c149, s8:c147, s9:c149, s14:c146, s0:c146, s1:c149, s2:c143], cId:7732, entries: [(t:1, i:151), STATEMACHINELOGENTRY, 7720@client-8BEEC01311DE]
2023-03-07 04:41:26,365 DEBUG server.RaftServer$Division (RaftServerImpl.java:logAppendEntries(1429)) - s5@group-A82F1EDBF13F: receive appendEntries(s11, 1, (t:1, i:150), 149, true, commits:[s11:c149, s13:c147, s12:c143, s3:c147, s4:c149, s5:c149, s10:c144, s6:c147, s7:c149, s8:c147, s9:c149, s14:c146, s0:c146, s1:c149, s2:c146], cId:7734, entries: [(t:1, i:151), STATEMACHINELOGENTRY, 7720@client-8BEEC01311DE]
2023-03-07 04:41:26,365 DEBUG server.RaftServer$Division (RaftServerImpl.java:logAppendEntries(1429)) - s1@group-A82F1EDBF13F: receive appendEntries(s11, 1, (t:1, i:150), 149, true, commits:[s11:c149, s13:c147, s12:c143, s3:c147, s4:c147, s5:c147, s10:c144, s6:c147, s7:c147, s8:c147, s9:c149, s14:c146, s0:c146, s1:c149, s2:c143], cId:7730, entries: [(t:1, i:151), STATEMACHINELOGENTRY, 7720@client-8BEEC01311DE]
2023-03-07 04:41:26,366 DEBUG server.RaftServer$Division (RaftServerImpl.java:logAppendEntries(1429)) - s8@group-A82F1EDBF13F: receive appendEntries(s11, 1, (t:1, i:150), 149, true, commits:[s11:c149, s13:c149, s12:c143, s3:c147, s4:c149, s5:c149, s10:c147, s6:c147, s7:c149, s8:c149, s9:c149, s14:c146, s0:c146, s1:c149, s2:c146], cId:7736, entries: [(t:1, i:151), STATEMACHINELOGENTRY, 7720@client-8BEEC01311DE]
2023-03-07 04:41:26,366 DEBUG server.RaftServer$Division (RaftServerImpl.java:logAppendEntries(1429)) - s13@group-A82F1EDBF13F: receive appendEntries(s11, 1, (t:1, i:150), 149, true, commits:[s11:c149, s13:c149, s12:c143, s3:c147, s4:c149, s5:c149, s10:c144, s6:c147, s7:c149, s8:c147, s9:c149, s14:c146, s0:c146, s1:c149, s2:c146], cId:7735, entries: [(t:1, i:151), STATEMACHINELOGENTRY, 7720@client-8BEEC01311DE]
2023-03-07 04:41:26,360 DEBUG server.RaftServer$Division (RaftServerImpl.java:logAppendEntries(1429)) - s0@group-A82F1EDBF13F: receive appendEntries(s11, 1, (t:1, i:147), 147, true, commits:[s11:c147, s13:c147, s12:c143, s3:c147, s4:c147, s5:c147, s10:c144, s6:c147, s7:c147, s8:c147, s9:c144, s14:c145, s0:c146, s1:c145, s2:c143], cId:7717, entries: [(t:1, i:148), METADATAENTRY(c:147), (t:1, i:149), STATEMACHINELOGENTRY, 7706@client-8BEEC01311DE]
2023-03-07 04:41:26,362 DEBUG server.RaftServer$Division (RaftServerImpl.java:logAppendEntries(1429)) - s12@group-A82F1EDBF13F: succeeded to handle AppendEntries. Reply: s11<-s12#7714:OK-t1,SUCCESS,nextIndex=150,followerCommit=147,matchIndex=149
2023-03-07 04:41:26,366 DEBUG server.RaftServer$Division (RaftServerImpl.java:logAppendEntries(1429)) - s6@group-A82F1EDBF13F: receive appendEntries(s11, 1, (t:1, i:150), 149, true, commits:[s11:c149, s13:c149, s12:c143, s3:c147, s4:c149, s5:c149, s10:c147, s6:c149, s7:c149, s8:c149, s9:c149, s14:c146, s0:c146, s1:c149, s2:c146], cId:7738, entries: [(t:1, i:151), STATEMACHINELOGENTRY, 7720@client-8BEEC01311DE]
2023-03-07 04:41:26,367 DEBUG server.RaftServer$Division (RaftServerImpl.java:logAppendEntries(1429)) - s2@group-A82F1EDBF13F: receive appendEntries(s11, 1, (t:1, i:147), 149, true, commits:[s11:c149, s13:c147, s12:c143, s3:c147, s4:c149, s5:c147, s10:c144, s6:c147, s7:c149, s8:c147, s9:c149, s14:c146, s0:c146, s1:c149, s2:c146], cId:7733, entries: [(t:1, i:148), METADATAENTRY(c:147), (t:1, i:149), STATEMACHINELOGENTRY, 7706@client-8BEEC01311DE, (t:1, i:150), METADATAENTRY(c:149), (t:1, i:151), STATEMACHINELOGENTRY, 7720@client-8BEEC01311DE]
2023-03-07 04:41:26,367 DEBUG server.RaftServer$Division (RaftServerImpl.java:logAppendEntries(1429)) - s9@group-A82F1EDBF13F: succeeded to handle AppendEntries. Reply: s11<-s9#7729:OK-t1,SUCCESS,nextIndex=152,followerCommit=149,matchIndex=151
2023-03-07 04:41:26,367 DEBUG server.RaftServer$Division (RaftServerImpl.java:logAppendEntries(1429)) - s8@group-A82F1EDBF13F: succeeded to handle AppendEntries. Reply: s11<-s8#7736:OK-t1,SUCCESS,nextIndex=152,followerCommit=149,matchIndex=151
2023-03-07 04:41:26,367 DEBUG server.RaftServer$Division (RaftServerImpl.java:logAppendEntries(1429)) - s5@group-A82F1EDBF13F: succeeded to handle AppendEntries. Reply: s11<-s5#7734:OK-t1,SUCCESS,nextIndex=152,followerCommit=149,matchIndex=151
2023-03-07 04:41:26,367 DEBUG server.RaftServer$Division (RaftServerImpl.java:logAppendEntries(1429)) - s14@group-A82F1EDBF13F: succeeded to handle AppendEntries. Reply: s11<-s14#7718:OK-t1,SUCCESS,nextIndex=150,followerCommit=147,matchIndex=149
2023-03-07 04:41:26,367 DEBUG server.RaftServer$Division (RaftServerImpl.java:logAppendEntries(1429)) - s1@group-A82F1EDBF13F: succeeded to handle AppendEntries. Reply: s11<-s1#7730:OK-t1,SUCCESS,nextIndex=152,followerCommit=149,matchIndex=151
2023-03-07 04:41:26,367 DEBUG server.RaftServer$Division (RaftServerImpl.java:logAppendEntries(1429)) - s13@group-A82F1EDBF13F: succeeded to handle AppendEntries. Reply: s11<-s13#7735:OK-t1,SUCCESS,nextIndex=152,followerCommit=149,matchIndex=151
2023-03-07 04:41:26,367 DEBUG server.RaftServer$Division (RaftServerImpl.java:logAppendEntries(1429)) - s4@group-A82F1EDBF13F: succeeded to handle AppendEntries. Reply: s11<-s4#7732:OK-t1,SUCCESS,nextIndex=152,followerCommit=149,matchIndex=151
2023-03-07 04:41:26,367 DEBUG server.RaftServer$Division (RaftServerImpl.java:logAppendEntries(1429)) - s3@group-A82F1EDBF13F: succeeded to handle AppendEntries. Reply: s11<-s3#7724:OK-t1,SUCCESS,nextIndex=151,followerCommit=149,matchIndex=150
2023-03-07 04:41:26,368 DEBUG server.RaftServer$Division (RaftServerImpl.java:logAppendEntries(1429)) - s10@group-A82F1EDBF13F: receive appendEntries(s11, 1, (t:1, i:149), 149, true, commits:[s11:c149, s13:c149, s12:c143, s3:c147, s4:c149, s5:c149, s10:c147, s6:c149, s7:c149, s8:c149, s9:c149, s14:c146, s0:c146, s1:c149, s2:c146], cId:7737, entries: [(t:1, i:150), METADATAENTRY(c:149), (t:1, i:151), STATEMACHINELOGENTRY, 7720@client-8BEEC01311DE]
2023-03-07 04:41:26,368 DEBUG server.RaftServer$Division (RaftServerImpl.java:logAppendEntries(1429)) - s3@group-A82F1EDBF13F: receive appendEntries(s11, 1, (t:1, i:150), 150, true, commits:[s11:c150, s13:c149, s12:c143, s3:c149, s4:c149, s5:c149, s10:c147, s6:c149, s7:c149, s8:c149, s9:c149, s14:c146, s0:c146, s1:c149, s2:c146], cId:7739, entries: [(t:1, i:151), STATEMACHINELOGENTRY, 7720@client-8BEEC01311DE]
2023-03-07 04:41:26,368 DEBUG server.RaftServer$Division (RaftServerImpl.java:logAppendEntries(1429)) - s2@group-A82F1EDBF13F: succeeded to handle AppendEntries. Reply: s11<-s2#7733:OK-t1,SUCCESS,nextIndex=152,followerCommit=149,matchIndex=151
2023-03-07 04:41:26,368 DEBUG server.RaftServer$Division (RaftServerImpl.java:logAppendEntries(1429)) - s0@group-A82F1EDBF13F: succeeded to handle AppendEntries. Reply: s11<-s0#7717:OK-t1,SUCCESS,nextIndex=150,followerCommit=147,matchIndex=149
2023-03-07 04:41:26,369 DEBUG server.RaftServer$Division (RaftServerImpl.java:logAppendEntries(1429)) - s14@group-A82F1EDBF13F: receive appendEntries(s11, 1, (t:1, i:149), 150, true, commits:[s11:c150, s13:c149, s12:c143, s3:c149, s4:c149, s5:c149, s10:c147, s6:c149, s7:c149, s8:c149, s9:c149, s14:c147, s0:c146, s1:c149, s2:c146], cId:7740, entries: [(t:1, i:150), METADATAENTRY(c:149), (t:1, i:151), STATEMACHINELOGENTRY, 7720@client-8BEEC01311DE]
2023-03-07 04:41:26,369 DEBUG server.RaftServer$Division (RaftServerImpl.java:logAppendEntries(1429)) - s10@group-A82F1EDBF13F: succeeded to handle AppendEntries. Reply: s11<-s10#7737:OK-t1,SUCCESS,nextIndex=152,followerCommit=149,matchIndex=151
2023-03-07 04:41:26,369 DEBUG server.RaftServer$Division (RaftServerImpl.java:logAppendEntries(1429)) - s3@group-A82F1EDBF13F: succeeded to handle AppendEntries. Reply: s11<-s3#7739:OK-t1,SUCCESS,nextIndex=152,followerCommit=150,matchIndex=151
2023-03-07 04:41:26,369 INFO  statemachine.StateMachine (ArithmeticStateMachine.java:applyTransaction(182)) - LEADER:s11-151: b = 5724 = 5724
2023-03-07 04:41:26,370 DEBUG server.RaftServer$Division (RaftServerImpl.java:logAppendEntries(1429)) - s7@group-A82F1EDBF13F: receive appendEntries(s11, 1, (t:1, i:151), 151, true, commits:[s11:c151, s13:c149, s12:c143, s3:c149, s4:c149, s5:c149, s10:c147, s6:c149, s7:c149, s8:c149, s9:c149, s14:c147, s0:c147, s1:c149, s2:c149], cId:7745, entries: [(t:1, i:152), METADATAENTRY(c:151)]
2023-03-07 04:41:26,370 DEBUG server.RaftServer$Division (RaftServerImpl.java:logAppendEntries(1429)) - s4@group-A82F1EDBF13F: receive appendEntries(s11, 1, (t:1, i:151), 151, true, commits:[s11:c151, s13:c149, s12:c143, s3:c149, s4:c149, s5:c149, s10:c147, s6:c149, s7:c149, s8:c149, s9:c149, s14:c147, s0:c147, s1:c149, s2:c149], cId:7746, entries: [(t:1, i:152), METADATAENTRY(c:151)]
2023-03-07 04:41:26,370 DEBUG server.RaftServer$Division (RaftServerImpl.java:logAppendEntries(1429)) - s2@group-A82F1EDBF13F: receive appendEntries(s11, 1, (t:1, i:151), 151, true, commits:[s11:c151, s13:c149, s12:c143, s3:c149, s4:c149, s5:c149, s10:c147, s6:c149, s7:c149, s8:c149, s9:c149, s14:c147, s0:c147, s1:c149, s2:c149], cId:7742, entries: [(t:1, i:152), METADATAENTRY(c:151)]
2023-03-07 04:41:26,370 DEBUG server.RaftServer$Division (RaftServerImpl.java:logAppendEntries(1429)) - s7@group-A82F1EDBF13F: succeeded to handle AppendEntries. Reply: s11<-s7#7745:OK-t1,SUCCESS,nextIndex=153,followerCommit=151,matchIndex=152
2023-03-07 04:41:26,371 DEBUG server.RaftServer$Division (RaftServerImpl.java:logAppendEntries(1429)) - s9@group-A82F1EDBF13F: receive appendEntries(s11, 1, (t:1, i:151), 151, true, commits:[s11:c151, s13:c149, s12:c143, s3:c149, s4:c149, s5:c149, s10:c147, s6:c149, s7:c149, s8:c149, s9:c149, s14:c147, s0:c147, s1:c149, s2:c149], cId:7748, entries: [(t:1, i:152), METADATAENTRY(c:151)]
2023-03-07 04:41:26,371 DEBUG server.RaftServer$Division (RaftServerImpl.java:logAppendEntries(1429)) - s3@group-A82F1EDBF13F: receive appendEntries(s11, 1, (t:1, i:151), 151, true, commits:[s11:c151, s13:c149, s12:c147, s3:c150, s4:c149, s5:c149, s10:c149, s6:c149, s7:c149, s8:c149, s9:c149, s14:c147, s0:c147, s1:c149, s2:c149], cId:7753, entries: [(t:1, i:152), METADATAENTRY(c:151)]
2023-03-07 04:41:26,371 DEBUG server.RaftServer$Division (RaftServerImpl.java:logAppendEntries(1429)) - s2@group-A82F1EDBF13F: succeeded to handle AppendEntries. Reply: s11<-s2#7742:OK-t1,SUCCESS,nextIndex=153,followerCommit=151,matchIndex=152
2023-03-07 04:41:26,371 DEBUG server.RaftServer$Division (RaftServerImpl.java:submitClientRequestAsync(832)) - s11@group-A82F1EDBF13F: receive client request(RaftClientRequest:client-8BEEC01311DE->s11@group-A82F1EDBF13F, cid=7752, seq=0, RW, Message:01016304010300040201...(size=17))
2023-03-07 04:41:26,371 DEBUG server.RaftServer$Division (RaftServerImpl.java:logAppendEntries(1429)) - s1@group-A82F1EDBF13F: receive appendEntries(s11, 1, (t:1, i:151), 151, true, commits:[s11:c151, s13:c149, s12:c143, s3:c149, s4:c149, s5:c149, s10:c147, s6:c149, s7:c149, s8:c149, s9:c149, s14:c147, s0:c147, s1:c149, s2:c149], cId:7749, entries: [(t:1, i:152), METADATAENTRY(c:151)]
2023-03-07 04:41:26,371 DEBUG server.RaftServer$Division (LeaderStateImpl.java:addPendingRequest(474)) - s11@group-A82F1EDBF13F-LeaderStateImpl: addPendingRequest at RaftClientRequest:client-8BEEC01311DE->s11@group-A82F1EDBF13F, cid=7752, seq=0, RW, Message:01016304010300040201...(size=17), entry=(t:1, i:153), STATEMACHINELOGENTRY, 7752@client-8BEEC01311DE
2023-03-07 04:41:26,371 DEBUG server.RaftServer$Division (RaftServerImpl.java:logAppendEntries(1429)) - s9@group-A82F1EDBF13F: succeeded to handle AppendEntries. Reply: s11<-s9#7748:OK-t1,SUCCESS,nextIndex=153,followerCommit=151,matchIndex=152
2023-03-07 04:41:26,371 DEBUG server.RaftServer$Division (RaftServerImpl.java:logAppendEntries(1429)) - s7@group-A82F1EDBF13F: receive appendEntries(s11, 1, (t:1, i:152), 151, true, commits:[s11:c151, s13:c149, s12:c147, s3:c150, s4:c149, s5:c149, s10:c149, s6:c149, s7:c151, s8:c149, s9:c149, s14:c147, s0:c147, s1:c149, s2:c149], cId:7754, entries: [(t:1, i:153), STATEMACHINELOGENTRY, 7752@client-8BEEC01311DE]
2023-03-07 04:41:26,372 DEBUG server.RaftServer$Division (RaftServerImpl.java:logAppendEntries(1429)) - s4@group-A82F1EDBF13F: succeeded to handle AppendEntries. Reply: s11<-s4#7746:OK-t1,SUCCESS,nextIndex=153,followerCommit=151,matchIndex=152
2023-03-07 04:41:26,372 DEBUG server.RaftServer$Division (RaftServerImpl.java:logAppendEntries(1429)) - s12@group-A82F1EDBF13F: receive appendEntries(s11, 1, (t:1, i:149), 151, true, commits:[s11:c151, s13:c149, s12:c147, s3:c149, s4:c149, s5:c149, s10:c149, s6:c149, s7:c149, s8:c149, s9:c149, s14:c147, s0:c147, s1:c149, s2:c149], cId:7751, entries: [(t:1, i:150), METADATAENTRY(c:149), (t:1, i:151), STATEMACHINELOGENTRY, 7720@client-8BEEC01311DE, (t:1, i:152), METADATAENTRY(c:151)]
2023-03-07 04:41:26,372 DEBUG server.RaftServer$Division (RaftServerImpl.java:logAppendEntries(1429)) - s3@group-A82F1EDBF13F: succeeded to handle AppendEntries. Reply: s11<-s3#7753:OK-t1,SUCCESS,nextIndex=153,followerCommit=151,matchIndex=152
2023-03-07 04:41:26,372 DEBUG server.RaftServer$Division (RaftServerImpl.java:logAppendEntries(1429)) - s7@group-A82F1EDBF13F: succeeded to handle AppendEntries. Reply: s11<-s7#7754:OK-t1,SUCCESS,nextIndex=154,followerCommit=151,matchIndex=153
2023-03-07 04:41:26,372 DEBUG server.RaftServer$Division (RaftServerImpl.java:logAppendEntries(1429)) - s9@group-A82F1EDBF13F: receive appendEntries(s11, 1, (t:1, i:152), 151, true, commits:[s11:c151, s13:c149, s12:c147, s3:c150, s4:c149, s5:c149, s10:c149, s6:c149, s7:c151, s8:c149, s9:c151, s14:c147, s0:c147, s1:c149, s2:c149], cId:7755, entries: [(t:1, i:153), STATEMACHINELOGENTRY, 7752@client-8BEEC01311DE]
2023-03-07 04:41:26,372 DEBUG server.RaftServer$Division (RaftServerImpl.java:logAppendEntries(1429)) - s12@group-A82F1EDBF13F: succeeded to handle AppendEntries. Reply: s11<-s12#7751:OK-t1,SUCCESS,nextIndex=153,followerCommit=151,matchIndex=152
2023-03-07 04:41:26,372 DEBUG server.RaftServer$Division (RaftServerImpl.java:logAppendEntries(1429)) - s2@group-A82F1EDBF13F: receive appendEntries(s11, 1, (t:1, i:152), 151, true, commits:[s11:c151, s13:c149, s12:c147, s3:c150, s4:c149, s5:c149, s10:c149, s6:c149, s7:c151, s8:c149, s9:c151, s14:c147, s0:c147, s1:c149, s2:c151], cId:7756, entries: [(t:1, i:153), STATEMACHINELOGENTRY, 7752@client-8BEEC01311DE]
2023-03-07 04:41:26,373 DEBUG server.RaftServer$Division (RaftServerImpl.java:logAppendEntries(1429)) - s9@group-A82F1EDBF13F: succeeded to handle AppendEntries. Reply: s11<-s9#7755:OK-t1,SUCCESS,nextIndex=154,followerCommit=151,matchIndex=153
2023-03-07 04:41:26,373 DEBUG server.RaftServer$Division (RaftServerImpl.java:logAppendEntries(1429)) - s8@group-A82F1EDBF13F: receive appendEntries(s11, 1, (t:1, i:151), 151, true, commits:[s11:c151, s13:c149, s12:c143, s3:c149, s4:c149, s5:c149, s10:c147, s6:c149, s7:c149, s8:c149, s9:c149, s14:c147, s0:c147, s1:c149, s2:c149], cId:7747, entries: [(t:1, i:152), METADATAENTRY(c:151)]
2023-03-07 04:41:26,373 DEBUG server.RaftServer$Division (RaftServerImpl.java:logAppendEntries(1429)) - s3@group-A82F1EDBF13F: receive appendEntries(s11, 1, (t:1, i:152), 151, true, commits:[s11:c151, s13:c149, s12:c147, s3:c151, s4:c151, s5:c149, s10:c149, s6:c149, s7:c151, s8:c149, s9:c151, s14:c147, s0:c147, s1:c149, s2:c151], cId:7758, entries: [(t:1, i:153), STATEMACHINELOGENTRY, 7752@client-8BEEC01311DE]
2023-03-07 04:41:26,373 DEBUG server.RaftServer$Division (RaftServerImpl.java:logAppendEntries(1429)) - s5@group-A82F1EDBF13F: receive appendEntries(s11, 1, (t:1, i:151), 151, true, commits:[s11:c151, s13:c149, s12:c143, s3:c149, s4:c149, s5:c149, s10:c147, s6:c149, s7:c149, s8:c149, s9:c149, s14:c147, s0:c147, s1:c149, s2:c149], cId:7743, entries: [(t:1, i:152), METADATAENTRY(c:151)]
2023-03-07 04:41:26,373 DEBUG server.RaftServer$Division (RaftServerImpl.java:logAppendEntries(1429)) - s10@group-A82F1EDBF13F: receive appendEntries(s11, 1, (t:1, i:151), 151, true, commits:[s11:c151, s13:c149, s12:c143, s3:c149, s4:c149, s5:c149, s10:c149, s6:c149, s7:c149, s8:c149, s9:c149, s14:c147, s0:c147, s1:c149, s2:c149], cId:7750, entries: [(t:1, i:152), METADATAENTRY(c:151)]
2023-03-07 04:41:26,373 DEBUG server.RaftServer$Division (RaftServerImpl.java:logAppendEntries(1429)) - s4@group-A82F1EDBF13F: receive appendEntries(s11, 1, (t:1, i:152), 151, true, commits:[s11:c151, s13:c149, s12:c147, s3:c150, s4:c151, s5:c149, s10:c149, s6:c149, s7:c151, s8:c149, s9:c151, s14:c147, s0:c147, s1:c149, s2:c151], cId:7757, entries: [(t:1, i:153), STATEMACHINELOGENTRY, 7752@client-8BEEC01311DE]
2023-03-07 04:41:26,373 DEBUG server.RaftServer$Division (RaftServerImpl.java:logAppendEntries(1429)) - s13@group-A82F1EDBF13F: receive appendEntries(s11, 1, (t:1, i:151), 151, true, commits:[s11:c151, s13:c149, s12:c143, s3:c149, s4:c149, s5:c149, s10:c147, s6:c149, s7:c149, s8:c149, s9:c149, s14:c147, s0:c147, s1:c149, s2:c149], cId:7744, entries: [(t:1, i:152), METADATAENTRY(c:151)]
2023-03-07 04:41:26,374 DEBUG server.RaftServer$Division (RaftServerImpl.java:logAppendEntries(1429)) - s1@group-A82F1EDBF13F: succeeded to handle AppendEntries. Reply: s11<-s1#7749:OK-t1,SUCCESS,nextIndex=153,followerCommit=151,matchIndex=152
2023-03-07 04:41:26,374 DEBUG server.RaftServer$Division (RaftServerImpl.java:logAppendEntries(1429)) - s2@group-A82F1EDBF13F: succeeded to handle AppendEntries. Reply: s11<-s2#7756:OK-t1,SUCCESS,nextIndex=154,followerCommit=151,matchIndex=153
2023-03-07 04:41:26,374 DEBUG server.RaftServer$Division (RaftServerImpl.java:logAppendEntries(1429)) - s8@group-A82F1EDBF13F: succeeded to handle AppendEntries. Reply: s11<-s8#7747:OK-t1,SUCCESS,nextIndex=153,followerCommit=151,matchIndex=152
2023-03-07 04:41:26,374 DEBUG server.RaftServer$Division (RaftServerImpl.java:logAppendEntries(1429)) - s5@group-A82F1EDBF13F: succeeded to handle AppendEntries. Reply: s11<-s5#7743:OK-t1,SUCCESS,nextIndex=153,followerCommit=151,matchIndex=152
2023-03-07 04:41:26,374 DEBUG server.RaftServer$Division (RaftServerImpl.java:logAppendEntries(1429)) - s10@group-A82F1EDBF13F: succeeded to handle AppendEntries. Reply: s11<-s10#7750:OK-t1,SUCCESS,nextIndex=153,followerCommit=151,matchIndex=152
2023-03-07 04:41:26,374 DEBUG server.RaftServer$Division (RaftServerImpl.java:logAppendEntries(1429)) - s13@group-A82F1EDBF13F: succeeded to handle AppendEntries. Reply: s11<-s13#7744:OK-t1,SUCCESS,nextIndex=153,followerCommit=151,matchIndex=152
2023-03-07 04:41:26,374 DEBUG server.RaftServer$Division (RaftServerImpl.java:logAppendEntries(1429)) - s1@group-A82F1EDBF13F: receive appendEntries(s11, 1, (t:1, i:152), 151, true, commits:[s11:c151, s13:c149, s12:c147, s3:c151, s4:c151, s5:c149, s10:c149, s6:c149, s7:c151, s8:c149, s9:c151, s14:c147, s0:c147, s1:c151, s2:c151], cId:7759, entries: [(t:1, i:153), STATEMACHINELOGENTRY, 7752@client-8BEEC01311DE]
2023-03-07 04:41:26,374 DEBUG server.RaftServer$Division (RaftServerImpl.java:logAppendEntries(1429)) - s3@group-A82F1EDBF13F: succeeded to handle AppendEntries. Reply: s11<-s3#7758:OK-t1,SUCCESS,nextIndex=154,followerCommit=151,matchIndex=153
2023-03-07 04:41:26,374 DEBUG server.RaftServer$Division (RaftServerImpl.java:logAppendEntries(1429)) - s4@group-A82F1EDBF13F: succeeded to handle AppendEntries. Reply: s11<-s4#7757:OK-t1,SUCCESS,nextIndex=154,followerCommit=151,matchIndex=153
2023-03-07 04:41:26,374 DEBUG server.RaftServer$Division (RaftServerImpl.java:logAppendEntries(1429)) - s0@group-A82F1EDBF13F: receive appendEntries(s11, 1, (t:1, i:149), 150, true, commits:[s11:c150, s13:c149, s12:c143, s3:c149, s4:c149, s5:c149, s10:c147, s6:c149, s7:c149, s8:c149, s9:c149, s14:c147, s0:c147, s1:c149, s2:c146], cId:7741, entries: [(t:1, i:150), METADATAENTRY(c:149), (t:1, i:151), STATEMACHINELOGENTRY, 7720@client-8BEEC01311DE]
2023-03-07 04:41:26,375 DEBUG server.RaftServer$Division (RaftServerImpl.java:logAppendEntries(1429)) - s8@group-A82F1EDBF13F: receive appendEntries(s11, 1, (t:1, i:152), 151, true, commits:[s11:c151, s13:c151, s12:c147, s3:c151, s4:c151, s5:c149, s10:c149, s6:c149, s7:c151, s8:c151, s9:c151, s14:c147, s0:c147, s1:c151, s2:c151], cId:7760, entries: [(t:1, i:153), STATEMACHINELOGENTRY, 7752@client-8BEEC01311DE]
2023-03-07 04:41:26,375 DEBUG server.RaftServer$Division (RaftServerImpl.java:logAppendEntries(1429)) - s5@group-A82F1EDBF13F: receive appendEntries(s11, 1, (t:1, i:152), 151, true, commits:[s11:c151, s13:c151, s12:c147, s3:c151, s4:c151, s5:c151, s10:c149, s6:c149, s7:c151, s8:c151, s9:c151, s14:c147, s0:c147, s1:c151, s2:c151], cId:7762, entries: [(t:1, i:153), STATEMACHINELOGENTRY, 7752@client-8BEEC01311DE]
2023-03-07 04:41:26,375 DEBUG server.RaftServer$Division (RaftServerImpl.java:logAppendEntries(1429)) - s13@group-A82F1EDBF13F: receive appendEntries(s11, 1, (t:1, i:152), 151, true, commits:[s11:c151, s13:c151, s12:c147, s3:c151, s4:c151, s5:c149, s10:c149, s6:c149, s7:c151, s8:c151, s9:c151, s14:c147, s0:c147, s1:c151, s2:c151], cId:7761, entries: [(t:1, i:153), STATEMACHINELOGENTRY, 7752@client-8BEEC01311DE]
2023-03-07 04:41:26,375 DEBUG server.RaftServer$Division (RaftServerImpl.java:logAppendEntries(1429)) - s1@group-A82F1EDBF13F: succeeded to handle AppendEntries. Reply: s11<-s1#7759:OK-t1,SUCCESS,nextIndex=154,followerCommit=151,matchIndex=153
2023-03-07 04:41:26,376 DEBUG server.RaftServer$Division (RaftServerImpl.java:logAppendEntries(1429)) - s5@group-A82F1EDBF13F: succeeded to handle AppendEntries. Reply: s11<-s5#7762:OK-t1,SUCCESS,nextIndex=154,followerCommit=151,matchIndex=153
2023-03-07 04:41:26,376 DEBUG server.RaftServer$Division (RaftServerImpl.java:logAppendEntries(1429)) - s0@group-A82F1EDBF13F: succeeded to handle AppendEntries. Reply: s11<-s0#7741:OK-t1,SUCCESS,nextIndex=152,followerCommit=150,matchIndex=151
2023-03-07 04:41:26,376 DEBUG server.RaftServer$Division (RaftServerImpl.java:logAppendEntries(1429)) - s13@group-A82F1EDBF13F: succeeded to handle AppendEntries. Reply: s11<-s13#7761:OK-t1,SUCCESS,nextIndex=154,followerCommit=151,matchIndex=153
2023-03-07 04:41:26,376 INFO  statemachine.StateMachine (ArithmeticStateMachine.java:applyTransaction(182)) - LEADER:s11-153: c = √(a^2 + b^2) = 5725
2023-03-07 04:41:26,375 DEBUG server.RaftServer$Division (RaftServerImpl.java:logAppendEntries(1429)) - s6@group-A82F1EDBF13F: succeeded to handle AppendEntries. Reply: s11<-s6#7738:OK-t1,SUCCESS,nextIndex=152,followerCommit=149,matchIndex=151
2023-03-07 04:41:26,375 DEBUG server.RaftServer$Division (RaftServerImpl.java:logAppendEntries(1429)) - s8@group-A82F1EDBF13F: succeeded to handle AppendEntries. Reply: s11<-s8#7760:OK-t1,SUCCESS,nextIndex=154,followerCommit=151,matchIndex=153
2023-03-07 04:41:26,377 DEBUG server.RaftServer$Division (RaftServerImpl.java:submitClientRequestAsync(832)) - s11@group-A82F1EDBF13F: receive client request(RaftClientRequest:client-8BEEC01311DE->s11@group-A82F1EDBF13F, cid=7763, seq=0, RW, Message:01016100)
2023-03-07 04:41:26,377 DEBUG server.RaftServer$Division (RaftServerImpl.java:logAppendEntries(1429)) - s5@group-A82F1EDBF13F: receive appendEntries(s11, 1, (t:1, i:153), 153, true, commits:[s11:c153, s13:c151, s12:c147, s3:c151, s4:c151, s5:c151, s10:c149, s6:c149, s7:c151, s8:c151, s9:c151, s14:c147, s0:c147, s1:c151, s2:c151], cId:7770, entries: [(t:1, i:154), METADATAENTRY(c:153)]
2023-03-07 04:41:26,377 DEBUG server.RaftServer$Division (RaftServerImpl.java:logAppendEntries(1429)) - s3@group-A82F1EDBF13F: receive appendEntries(s11, 1, (t:1, i:153), 153, true, commits:[s11:c153, s13:c151, s12:c147, s3:c151, s4:c151, s5:c151, s10:c149, s6:c149, s7:c151, s8:c151, s9:c151, s14:c147, s0:c147, s1:c151, s2:c151], cId:7765, entries: [(t:1, i:154), METADATAENTRY(c:153)]
2023-03-07 04:41:26,377 DEBUG server.RaftServer$Division (RaftServerImpl.java:logAppendEntries(1429)) - s4@group-A82F1EDBF13F: receive appendEntries(s11, 1, (t:1, i:153), 153, true, commits:[s11:c153, s13:c151, s12:c147, s3:c151, s4:c151, s5:c151, s10:c149, s6:c149, s7:c151, s8:c151, s9:c151, s14:c147, s0:c147, s1:c151, s2:c151], cId:7766, entries: [(t:1, i:154), METADATAENTRY(c:153)]
2023-03-07 04:41:26,377 DEBUG server.RaftServer$Division (RaftServerImpl.java:logAppendEntries(1429)) - s5@group-A82F1EDBF13F: succeeded to handle AppendEntries. Reply: s11<-s5#7770:OK-t1,SUCCESS,nextIndex=155,followerCommit=153,matchIndex=154
2023-03-07 04:41:26,378 DEBUG server.RaftServer$Division (RaftServerImpl.java:logAppendEntries(1429)) - s7@group-A82F1EDBF13F: receive appendEntries(s11, 1, (t:1, i:153), 153, true, commits:[s11:c153, s13:c151, s12:c147, s3:c151, s4:c151, s5:c151, s10:c149, s6:c149, s7:c151, s8:c151, s9:c151, s14:c147, s0:c147, s1:c151, s2:c151], cId:7767, entries: [(t:1, i:154), METADATAENTRY(c:153)]
2023-03-07 04:41:26,378 DEBUG server.RaftServer$Division (RaftServerImpl.java:logAppendEntries(1429)) - s3@group-A82F1EDBF13F: succeeded to handle AppendEntries. Reply: s11<-s3#7765:OK-t1,SUCCESS,nextIndex=155,followerCommit=153,matchIndex=154
2023-03-07 04:41:26,378 DEBUG server.RaftServer$Division (RaftServerImpl.java:logAppendEntries(1429)) - s4@group-A82F1EDBF13F: succeeded to handle AppendEntries. Reply: s11<-s4#7766:OK-t1,SUCCESS,nextIndex=155,followerCommit=153,matchIndex=154
2023-03-07 04:41:26,378 DEBUG server.RaftServer$Division (RaftServerImpl.java:logAppendEntries(1429)) - s13@group-A82F1EDBF13F: receive appendEntries(s11, 1, (t:1, i:153), 153, true, commits:[s11:c153, s13:c151, s12:c147, s3:c151, s4:c151, s5:c151, s10:c149, s6:c149, s7:c151, s8:c151, s9:c151, s14:c147, s0:c147, s1:c151, s2:c151], cId:7764, entries: [(t:1, i:154), METADATAENTRY(c:153)]
2023-03-07 04:41:26,378 DEBUG server.RaftServer$Division (RaftServerImpl.java:logAppendEntries(1429)) - s7@group-A82F1EDBF13F: succeeded to handle AppendEntries. Reply: s11<-s7#7767:OK-t1,SUCCESS,nextIndex=155,followerCommit=153,matchIndex=154
2023-03-07 04:41:26,378 DEBUG server.RaftServer$Division (RaftServerImpl.java:logAppendEntries(1429)) - s1@group-A82F1EDBF13F: receive appendEntries(s11, 1, (t:1, i:153), 153, true, commits:[s11:c153, s13:c151, s12:c147, s3:c151, s4:c151, s5:c151, s10:c149, s6:c149, s7:c151, s8:c151, s9:c151, s14:c147, s0:c147, s1:c151, s2:c151], cId:7769, entries: [(t:1, i:154), METADATAENTRY(c:153)]
2023-03-07 04:41:26,378 DEBUG server.RaftServer$Division (RaftServerImpl.java:logAppendEntries(1429)) - s14@group-A82F1EDBF13F: succeeded to handle AppendEntries. Reply: s11<-s14#7740:OK-t1,SUCCESS,nextIndex=152,followerCommit=150,matchIndex=151
2023-03-07 04:41:26,379 DEBUG server.RaftServer$Division (RaftServerImpl.java:logAppendEntries(1429)) - s13@group-A82F1EDBF13F: succeeded to handle AppendEntries. Reply: s11<-s13#7764:OK-t1,SUCCESS,nextIndex=155,followerCommit=153,matchIndex=154
2023-03-07 04:41:26,379 DEBUG server.RaftServer$Division (RaftServerImpl.java:logAppendEntries(1429)) - s1@group-A82F1EDBF13F: succeeded to handle AppendEntries. Reply: s11<-s1#7769:OK-t1,SUCCESS,nextIndex=155,followerCommit=153,matchIndex=154
2023-03-07 04:41:26,379 DEBUG server.RaftServer$Division (RaftServerImpl.java:logAppendEntries(1429)) - s9@group-A82F1EDBF13F: receive appendEntries(s11, 1, (t:1, i:153), 153, true, commits:[s11:c153, s13:c151, s12:c147, s3:c151, s4:c151, s5:c151, s10:c149, s6:c149, s7:c151, s8:c151, s9:c151, s14:c147, s0:c147, s1:c151, s2:c151], cId:7768, entries: [(t:1, i:154), METADATAENTRY(c:153)]
2023-03-07 04:41:26,378 DEBUG server.RaftServer$Division (LeaderStateImpl.java:addPendingRequest(474)) - s11@group-A82F1EDBF13F-LeaderStateImpl: addPendingRequest at RaftClientRequest:client-8BEEC01311DE->s11@group-A82F1EDBF13F, cid=7763, seq=0, RW, Message:01016100, entry=(t:1, i:155), STATEMACHINELOGENTRY, 7763@client-8BEEC01311DE
2023-03-07 04:41:26,380 DEBUG server.RaftServer$Division (RaftServerImpl.java:logAppendEntries(1429)) - s9@group-A82F1EDBF13F: succeeded to handle AppendEntries. Reply: s11<-s9#7768:OK-t1,SUCCESS,nextIndex=155,followerCommit=153,matchIndex=154
2023-03-07 04:41:26,380 DEBUG server.RaftServer$Division (RaftServerImpl.java:logAppendEntries(1429)) - s4@group-A82F1EDBF13F: receive appendEntries(s11, 1, (t:1, i:154), 153, true, commits:[s11:c153, s13:c153, s12:c151, s3:c153, s4:c153, s5:c153, s10:c151, s6:c149, s7:c153, s8:c151, s9:c151, s14:c150, s0:c150, s1:c153, s2:c151], cId:7773, entries: [(t:1, i:155), STATEMACHINELOGENTRY, 7763@client-8BEEC01311DE]
2023-03-07 04:41:26,380 DEBUG server.RaftServer$Division (RaftServerImpl.java:logAppendEntries(1429)) - s4@group-A82F1EDBF13F: succeeded to handle AppendEntries. Reply: s11<-s4#7773:OK-t1,SUCCESS,nextIndex=156,followerCommit=153,matchIndex=155
2023-03-07 04:41:26,380 DEBUG server.RaftServer$Division (RaftServerImpl.java:logAppendEntries(1429)) - s7@group-A82F1EDBF13F: receive appendEntries(s11, 1, (t:1, i:154), 153, true, commits:[s11:c153, s13:c153, s12:c151, s3:c153, s4:c153, s5:c153, s10:c151, s6:c149, s7:c153, s8:c151, s9:c151, s14:c150, s0:c150, s1:c153, s2:c151], cId:7774, entries: [(t:1, i:155), STATEMACHINELOGENTRY, 7763@client-8BEEC01311DE]
2023-03-07 04:41:26,381 DEBUG server.RaftServer$Division (RaftServerImpl.java:logAppendEntries(1429)) - s7@group-A82F1EDBF13F: succeeded to handle AppendEntries. Reply: s11<-s7#7774:OK-t1,SUCCESS,nextIndex=156,followerCommit=153,matchIndex=155
2023-03-07 04:41:26,381 DEBUG server.RaftServer$Division (RaftServerImpl.java:logAppendEntries(1429)) - s3@group-A82F1EDBF13F: receive appendEntries(s11, 1, (t:1, i:154), 153, true, commits:[s11:c153, s13:c153, s12:c151, s3:c153, s4:c153, s5:c153, s10:c151, s6:c149, s7:c153, s8:c151, s9:c153, s14:c150, s0:c150, s1:c153, s2:c151], cId:7775, entries: [(t:1, i:155), STATEMACHINELOGENTRY, 7763@client-8BEEC01311DE]
2023-03-07 04:41:26,381 DEBUG server.RaftServer$Division (RaftServerImpl.java:logAppendEntries(1429)) - s8@group-A82F1EDBF13F: receive appendEntries(s11, 1, (t:1, i:153), 153, true, commits:[s11:c153, s13:c153, s12:c151, s3:c153, s4:c153, s5:c153, s10:c151, s6:c149, s7:c153, s8:c151, s9:c153, s14:c150, s0:c150, s1:c153, s2:c151], cId:7772, entries: [(t:1, i:154), METADATAENTRY(c:153), (t:1, i:155), STATEMACHINELOGENTRY, 7763@client-8BEEC01311DE]
2023-03-07 04:41:26,382 DEBUG server.RaftServer$Division (RaftServerImpl.java:logAppendEntries(1429)) - s3@group-A82F1EDBF13F: succeeded to handle AppendEntries. Reply: s11<-s3#7775:OK-t1,SUCCESS,nextIndex=156,followerCommit=153,matchIndex=155
2023-03-07 04:41:26,382 DEBUG server.RaftServer$Division (RaftServerImpl.java:logAppendEntries(1429)) - s5@group-A82F1EDBF13F: receive appendEntries(s11, 1, (t:1, i:154), 153, true, commits:[s11:c153, s13:c153, s12:c151, s3:c153, s4:c153, s5:c153, s10:c151, s6:c149, s7:c153, s8:c151, s9:c153, s14:c150, s0:c150, s1:c153, s2:c151], cId:7776, entries: [(t:1, i:155), STATEMACHINELOGENTRY, 7763@client-8BEEC01311DE]
2023-03-07 04:41:26,382 DEBUG server.RaftServer$Division (RaftServerImpl.java:logAppendEntries(1429)) - s1@group-A82F1EDBF13F: receive appendEntries(s11, 1, (t:1, i:154), 154, true, commits:[s11:c154, s13:c153, s12:c151, s3:c153, s4:c153, s5:c153, s10:c151, s6:c149, s7:c153, s8:c151, s9:c153, s14:c150, s0:c150, s1:c153, s2:c151], cId:7783, entries: [(t:1, i:155), STATEMACHINELOGENTRY, 7763@client-8BEEC01311DE]
2023-03-07 04:41:26,382 DEBUG server.RaftServer$Division (RaftServerImpl.java:logAppendEntries(1429)) - s13@group-A82F1EDBF13F: receive appendEntries(s11, 1, (t:1, i:154), 154, true, commits:[s11:c154, s13:c153, s12:c151, s3:c153, s4:c153, s5:c153, s10:c151, s6:c149, s7:c153, s8:c151, s9:c153, s14:c150, s0:c150, s1:c153, s2:c151], cId:7778, entries: [(t:1, i:155), STATEMACHINELOGENTRY, 7763@client-8BEEC01311DE]
2023-03-07 04:41:26,383 DEBUG server.RaftServer$Division (RaftServerImpl.java:logAppendEntries(1429)) - s8@group-A82F1EDBF13F: succeeded to handle AppendEntries. Reply: s11<-s8#7772:OK-t1,SUCCESS,nextIndex=156,followerCommit=153,matchIndex=155
2023-03-07 04:41:26,383 DEBUG server.RaftServer$Division (RaftServerImpl.java:logAppendEntries(1429)) - s1@group-A82F1EDBF13F: succeeded to handle AppendEntries. Reply: s11<-s1#7783:OK-t1,SUCCESS,nextIndex=156,followerCommit=154,matchIndex=155
2023-03-07 04:41:26,383 DEBUG server.RaftServer$Division (RaftServerImpl.java:logAppendEntries(1429)) - s5@group-A82F1EDBF13F: succeeded to handle AppendEntries. Reply: s11<-s5#7776:OK-t1,SUCCESS,nextIndex=156,followerCommit=153,matchIndex=155
2023-03-07 04:41:26,383 DEBUG server.RaftServer$Division (RaftServerImpl.java:logAppendEntries(1429)) - s13@group-A82F1EDBF13F: succeeded to handle AppendEntries. Reply: s11<-s13#7778:OK-t1,SUCCESS,nextIndex=156,followerCommit=154,matchIndex=155
2023-03-07 04:41:26,383 INFO  statemachine.StateMachine (ArithmeticStateMachine.java:applyTransaction(182)) - LEADER:s11-155: a = null = null
2023-03-07 04:41:26,384 DEBUG server.RaftServer$Division (RaftServerImpl.java:logAppendEntries(1429)) - s7@group-A82F1EDBF13F: receive appendEntries(s11, 1, (t:1, i:155), 155, true, commits:[s11:c155, s13:c154, s12:c151, s3:c153, s4:c153, s5:c153, s10:c151, s6:c149, s7:c153, s8:c153, s9:c153, s14:c150, s0:c150, s1:c154, s2:c151], cId:7786, entries: [(t:1, i:156), METADATAENTRY(c:155)]
2023-03-07 04:41:26,384 DEBUG server.RaftServer$Division (RaftServerImpl.java:logAppendEntries(1429)) - s4@group-A82F1EDBF13F: receive appendEntries(s11, 1, (t:1, i:155), 155, true, commits:[s11:c155, s13:c154, s12:c151, s3:c153, s4:c153, s5:c153, s10:c151, s6:c149, s7:c153, s8:c153, s9:c153, s14:c150, s0:c150, s1:c154, s2:c151], cId:7787, entries: [(t:1, i:156), METADATAENTRY(c:155)]
2023-03-07 04:41:26,384 DEBUG server.RaftServer$Division (RaftServerImpl.java:logAppendEntries(1429)) - s8@group-A82F1EDBF13F: receive appendEntries(s11, 1, (t:1, i:155), 155, true, commits:[s11:c155, s13:c154, s12:c151, s3:c153, s4:c153, s5:c153, s10:c151, s6:c149, s7:c153, s8:c153, s9:c153, s14:c150, s0:c150, s1:c154, s2:c151], cId:7789, entries: [(t:1, i:156), METADATAENTRY(c:155)]
2023-03-07 04:41:26,384 DEBUG server.RaftServer$Division (RaftServerImpl.java:logAppendEntries(1429)) - s3@group-A82F1EDBF13F: receive appendEntries(s11, 1, (t:1, i:155), 155, true, commits:[s11:c155, s13:c154, s12:c151, s3:c153, s4:c153, s5:c153, s10:c151, s6:c149, s7:c153, s8:c153, s9:c153, s14:c150, s0:c150, s1:c154, s2:c151], cId:7791, entries: [(t:1, i:156), METADATAENTRY(c:155)]
2023-03-07 04:41:26,384 DEBUG server.RaftServer$Division (RaftServerImpl.java:logAppendEntries(1429)) - s5@group-A82F1EDBF13F: receive appendEntries(s11, 1, (t:1, i:155), 155, true, commits:[s11:c155, s13:c154, s12:c151, s3:c153, s4:c153, s5:c153, s10:c151, s6:c149, s7:c153, s8:c153, s9:c153, s14:c150, s0:c150, s1:c154, s2:c151], cId:7785, entries: [(t:1, i:156), METADATAENTRY(c:155)]
2023-03-07 04:41:26,385 DEBUG server.RaftServer$Division (RaftServerImpl.java:submitClientRequestAsync(832)) - s11@group-A82F1EDBF13F: receive client request(RaftClientRequest:client-8BEEC01311DE->s11@group-A82F1EDBF13F, cid=7792, seq=0, RW, Message:01016200)
2023-03-07 04:41:26,385 DEBUG server.RaftServer$Division (RaftServerImpl.java:logAppendEntries(1429)) - s5@group-A82F1EDBF13F: succeeded to handle AppendEntries. Reply: s11<-s5#7785:OK-t1,SUCCESS,nextIndex=157,followerCommit=155,matchIndex=156
2023-03-07 04:41:26,385 DEBUG server.RaftServer$Division (RaftServerImpl.java:logAppendEntries(1429)) - s7@group-A82F1EDBF13F: succeeded to handle AppendEntries. Reply: s11<-s7#7786:OK-t1,SUCCESS,nextIndex=157,followerCommit=155,matchIndex=156
2023-03-07 04:41:26,385 DEBUG server.RaftServer$Division (RaftServerImpl.java:logAppendEntries(1429)) - s4@group-A82F1EDBF13F: succeeded to handle AppendEntries. Reply: s11<-s4#7787:OK-t1,SUCCESS,nextIndex=157,followerCommit=155,matchIndex=156
2023-03-07 04:41:26,385 DEBUG server.RaftServer$Division (RaftServerImpl.java:logAppendEntries(1429)) - s3@group-A82F1EDBF13F: succeeded to handle AppendEntries. Reply: s11<-s3#7791:OK-t1,SUCCESS,nextIndex=157,followerCommit=155,matchIndex=156
2023-03-07 04:41:26,385 DEBUG server.RaftServer$Division (RaftServerImpl.java:logAppendEntries(1429)) - s13@group-A82F1EDBF13F: receive appendEntries(s11, 1, (t:1, i:155), 155, true, commits:[s11:c155, s13:c154, s12:c151, s3:c153, s4:c153, s5:c153, s10:c151, s6:c149, s7:c153, s8:c153, s9:c153, s14:c150, s0:c150, s1:c154, s2:c151], cId:7788, entries: [(t:1, i:156), METADATAENTRY(c:155)]
2023-03-07 04:41:26,385 DEBUG server.RaftServer$Division (RaftServerImpl.java:logAppendEntries(1429)) - s3@group-A82F1EDBF13F: receive appendEntries(s11, 1, (t:1, i:156), 155, true, commits:[s11:c155, s13:c154, s12:c151, s3:c155, s4:c153, s5:c153, s10:c151, s6:c149, s7:c153, s8:c153, s9:c153, s14:c150, s0:c150, s1:c154, s2:c151], cId:7793, entries: [(t:1, i:157), STATEMACHINELOGENTRY, 7792@client-8BEEC01311DE]
2023-03-07 04:41:26,386 DEBUG server.RaftServer$Division (RaftServerImpl.java:logAppendEntries(1429)) - s2@group-A82F1EDBF13F: receive appendEntries(s11, 1, (t:1, i:153), 154, true, commits:[s11:c154, s13:c153, s12:c151, s3:c153, s4:c153, s5:c153, s10:c151, s6:c149, s7:c153, s8:c151, s9:c153, s14:c150, s0:c150, s1:c153, s2:c151], cId:7782, entries: [(t:1, i:154), METADATAENTRY(c:153), (t:1, i:155), STATEMACHINELOGENTRY, 7763@client-8BEEC01311DE]
2023-03-07 04:41:26,386 DEBUG server.RaftServer$Division (RaftServerImpl.java:logAppendEntries(1429)) - s13@group-A82F1EDBF13F: succeeded to handle AppendEntries. Reply: s11<-s13#7788:OK-t1,SUCCESS,nextIndex=157,followerCommit=155,matchIndex=156
2023-03-07 04:41:26,386 DEBUG server.RaftServer$Division (RaftServerImpl.java:logAppendEntries(1429)) - s4@group-A82F1EDBF13F: receive appendEntries(s11, 1, (t:1, i:156), 155, true, commits:[s11:c155, s13:c154, s12:c151, s3:c155, s4:c155, s5:c155, s10:c151, s6:c149, s7:c153, s8:c153, s9:c153, s14:c150, s0:c150, s1:c154, s2:c151], cId:7795, entries: [(t:1, i:157), STATEMACHINELOGENTRY, 7792@client-8BEEC01311DE]
2023-03-07 04:41:26,386 DEBUG server.RaftServer$Division (RaftServerImpl.java:logAppendEntries(1429)) - s7@group-A82F1EDBF13F: receive appendEntries(s11, 1, (t:1, i:156), 155, true, commits:[s11:c155, s13:c154, s12:c151, s3:c155, s4:c155, s5:c155, s10:c151, s6:c149, s7:c155, s8:c153, s9:c153, s14:c150, s0:c150, s1:c154, s2:c151], cId:7796, entries: [(t:1, i:157), STATEMACHINELOGENTRY, 7792@client-8BEEC01311DE]
2023-03-07 04:41:26,386 DEBUG server.RaftServer$Division (RaftServerImpl.java:logAppendEntries(1429)) - s3@group-A82F1EDBF13F: succeeded to handle AppendEntries. Reply: s11<-s3#7793:OK-t1,SUCCESS,nextIndex=158,followerCommit=155,matchIndex=157
2023-03-07 04:41:26,386 DEBUG server.RaftServer$Division (RaftServerImpl.java:logAppendEntries(1429)) - s4@group-A82F1EDBF13F: succeeded to handle AppendEntries. Reply: s11<-s4#7795:OK-t1,SUCCESS,nextIndex=158,followerCommit=155,matchIndex=157
2023-03-07 04:41:26,386 DEBUG server.RaftServer$Division (RaftServerImpl.java:logAppendEntries(1429)) - s10@group-A82F1EDBF13F: receive appendEntries(s11, 1, (t:1, i:152), 154, true, commits:[s11:c154, s13:c153, s12:c151, s3:c153, s4:c153, s5:c153, s10:c151, s6:c149, s7:c153, s8:c151, s9:c153, s14:c150, s0:c150, s1:c153, s2:c151], cId:7780, entries: [(t:1, i:153), STATEMACHINELOGENTRY, 7752@client-8BEEC01311DE, (t:1, i:154), METADATAENTRY(c:153), (t:1, i:155), STATEMACHINELOGENTRY, 7763@client-8BEEC01311DE]
2023-03-07 04:41:26,385 DEBUG server.RaftServer$Division (RaftServerImpl.java:logAppendEntries(1429)) - s8@group-A82F1EDBF13F: succeeded to handle AppendEntries. Reply: s11<-s8#7789:OK-t1,SUCCESS,nextIndex=157,followerCommit=155,matchIndex=156
2023-03-07 04:41:26,386 DEBUG server.RaftServer$Division (RaftServerImpl.java:logAppendEntries(1429)) - s2@group-A82F1EDBF13F: succeeded to handle AppendEntries. Reply: s11<-s2#7782:OK-t1,SUCCESS,nextIndex=156,followerCommit=154,matchIndex=155
2023-03-07 04:41:26,387 DEBUG server.RaftServer$Division (RaftServerImpl.java:logAppendEntries(1429)) - s1@group-A82F1EDBF13F: receive appendEntries(s11, 1, (t:1, i:155), 155, true, commits:[s11:c155, s13:c154, s12:c151, s3:c153, s4:c153, s5:c153, s10:c151, s6:c149, s7:c153, s8:c153, s9:c153, s14:c150, s0:c150, s1:c154, s2:c151], cId:7790, entries: [(t:1, i:156), METADATAENTRY(c:155)]
2023-03-07 04:41:26,386 DEBUG server.RaftServer$Division (RaftServerImpl.java:logAppendEntries(1429)) - s5@group-A82F1EDBF13F: receive appendEntries(s11, 1, (t:1, i:156), 155, true, commits:[s11:c155, s13:c154, s12:c151, s3:c155, s4:c153, s5:c155, s10:c151, s6:c149, s7:c153, s8:c153, s9:c153, s14:c150, s0:c150, s1:c154, s2:c151], cId:7794, entries: [(t:1, i:157), STATEMACHINELOGENTRY, 7792@client-8BEEC01311DE]
2023-03-07 04:41:26,387 DEBUG server.RaftServer$Division (RaftServerImpl.java:logAppendEntries(1429)) - s8@group-A82F1EDBF13F: receive appendEntries(s11, 1, (t:1, i:156), 155, true, commits:[s11:c155, s13:c155, s12:c151, s3:c155, s4:c155, s5:c155, s10:c151, s6:c149, s7:c155, s8:c155, s9:c153, s14:c150, s0:c150, s1:c154, s2:c151], cId:7798, entries: [(t:1, i:157), STATEMACHINELOGENTRY, 7792@client-8BEEC01311DE]
2023-03-07 04:41:26,387 DEBUG server.RaftServer$Division (RaftServerImpl.java:logAppendEntries(1429)) - s7@group-A82F1EDBF13F: succeeded to handle AppendEntries. Reply: s11<-s7#7796:OK-t1,SUCCESS,nextIndex=158,followerCommit=155,matchIndex=157
2023-03-07 04:41:26,387 DEBUG server.RaftServer$Division (RaftServerImpl.java:logAppendEntries(1429)) - s5@group-A82F1EDBF13F: succeeded to handle AppendEntries. Reply: s11<-s5#7794:OK-t1,SUCCESS,nextIndex=158,followerCommit=155,matchIndex=157
2023-03-07 04:41:26,388 DEBUG server.RaftServer$Division (RaftServerImpl.java:logAppendEntries(1429)) - s13@group-A82F1EDBF13F: receive appendEntries(s11, 1, (t:1, i:156), 155, true, commits:[s11:c155, s13:c155, s12:c151, s3:c155, s4:c155, s5:c155, s10:c151, s6:c149, s7:c155, s8:c153, s9:c153, s14:c150, s0:c150, s1:c154, s2:c151], cId:7797, entries: [(t:1, i:157), STATEMACHINELOGENTRY, 7792@client-8BEEC01311DE]
2023-03-07 04:41:26,385 DEBUG server.RaftServer$Division (RaftServerImpl.java:logAppendEntries(1429)) - s14@group-A82F1EDBF13F: receive appendEntries(s11, 1, (t:1, i:151), 154, true, commits:[s11:c154, s13:c153, s12:c151, s3:c153, s4:c153, s5:c153, s10:c151, s6:c149, s7:c153, s8:c151, s9:c153, s14:c150, s0:c150, s1:c153, s2:c151], cId:7779, entries: [(t:1, i:152), METADATAENTRY(c:151), (t:1, i:153), STATEMACHINELOGENTRY, 7752@client-8BEEC01311DE, (t:1, i:154), METADATAENTRY(c:153), (t:1, i:155), STATEMACHINELOGENTRY, 7763@client-8BEEC01311DE]
2023-03-07 04:41:26,385 DEBUG server.RaftServer$Division (RaftServerImpl.java:logAppendEntries(1429)) - s6@group-A82F1EDBF13F: receive appendEntries(s11, 1, (t:1, i:151), 154, true, commits:[s11:c154, s13:c153, s12:c151, s3:c153, s4:c153, s5:c153, s10:c151, s6:c149, s7:c153, s8:c151, s9:c153, s14:c150, s0:c150, s1:c153, s2:c151], cId:7771, entries: [(t:1, i:152), METADATAENTRY(c:151), (t:1, i:153), STATEMACHINELOGENTRY, 7752@client-8BEEC01311DE, (t:1, i:154), METADATAENTRY(c:153), (t:1, i:155), STATEMACHINELOGENTRY, 7763@client-8BEEC01311DE]
2023-03-07 04:41:26,385 DEBUG server.RaftServer$Division (RaftServerImpl.java:logAppendEntries(1429)) - s0@group-A82F1EDBF13F: receive appendEntries(s11, 1, (t:1, i:151), 154, true, commits:[s11:c154, s13:c153, s12:c151, s3:c153, s4:c153, s5:c153, s10:c151, s6:c149, s7:c153, s8:c151, s9:c153, s14:c150, s0:c150, s1:c153, s2:c151], cId:7777, entries: [(t:1, i:152), METADATAENTRY(c:151), (t:1, i:153), STATEMACHINELOGENTRY, 7752@client-8BEEC01311DE, (t:1, i:154), METADATAENTRY(c:153), (t:1, i:155), STATEMACHINELOGENTRY, 7763@client-8BEEC01311DE]
2023-03-07 04:41:26,385 DEBUG server.RaftServer$Division (LeaderStateImpl.java:addPendingRequest(474)) - s11@group-A82F1EDBF13F-LeaderStateImpl: addPendingRequest at RaftClientRequest:client-8BEEC01311DE->s11@group-A82F1EDBF13F, cid=7792, seq=0, RW, Message:01016200, entry=(t:1, i:157), STATEMACHINELOGENTRY, 7792@client-8BEEC01311DE
2023-03-07 04:41:26,389 DEBUG server.RaftServer$Division (RaftServerImpl.java:logAppendEntries(1429)) - s14@group-A82F1EDBF13F: succeeded to handle AppendEntries. Reply: s11<-s14#7779:OK-t1,SUCCESS,nextIndex=156,followerCommit=154,matchIndex=155
2023-03-07 04:41:26,388 DEBUG server.RaftServer$Division (RaftServerImpl.java:logAppendEntries(1429)) - s8@group-A82F1EDBF13F: succeeded to handle AppendEntries. Reply: s11<-s8#7798:OK-t1,SUCCESS,nextIndex=158,followerCommit=155,matchIndex=157
2023-03-07 04:41:26,387 DEBUG server.RaftServer$Division (RaftServerImpl.java:logAppendEntries(1429)) - s1@group-A82F1EDBF13F: succeeded to handle AppendEntries. Reply: s11<-s1#7790:OK-t1,SUCCESS,nextIndex=157,followerCommit=155,matchIndex=156
2023-03-07 04:41:26,387 DEBUG server.RaftServer$Division (RaftServerImpl.java:logAppendEntries(1429)) - s10@group-A82F1EDBF13F: succeeded to handle AppendEntries. Reply: s11<-s10#7780:OK-t1,SUCCESS,nextIndex=156,followerCommit=154,matchIndex=155
2023-03-07 04:41:26,389 DEBUG server.RaftServer$Division (RaftServerImpl.java:logAppendEntries(1429)) - s6@group-A82F1EDBF13F: succeeded to handle AppendEntries. Reply: s11<-s6#7771:OK-t1,SUCCESS,nextIndex=156,followerCommit=154,matchIndex=155
2023-03-07 04:41:26,389 DEBUG server.RaftServer$Division (RaftServerImpl.java:logAppendEntries(1429)) - s1@group-A82F1EDBF13F: receive appendEntries(s11, 1, (t:1, i:156), 155, true, commits:[s11:c155, s13:c155, s12:c151, s3:c155, s4:c155, s5:c155, s10:c151, s6:c149, s7:c155, s8:c155, s9:c153, s14:c154, s0:c150, s1:c155, s2:c151], cId:7799, entries: [(t:1, i:157), STATEMACHINELOGENTRY, 7792@client-8BEEC01311DE]
2023-03-07 04:41:26,389 DEBUG server.RaftServer$Division (RaftServerImpl.java:logAppendEntries(1429)) - s13@group-A82F1EDBF13F: succeeded to handle AppendEntries. Reply: s11<-s13#7797:OK-t1,SUCCESS,nextIndex=158,followerCommit=155,matchIndex=157
2023-03-07 04:41:26,390 DEBUG server.RaftServer$Division (RaftServerImpl.java:logAppendEntries(1429)) - s14@group-A82F1EDBF13F: receive appendEntries(s11, 1, (t:1, i:155), 155, true, commits:[s11:c155, s13:c155, s12:c151, s3:c155, s4:c155, s5:c155, s10:c151, s6:c149, s7:c155, s8:c155, s9:c153, s14:c154, s0:c150, s1:c155, s2:c151], cId:7800, entries: [(t:1, i:156), METADATAENTRY(c:155), (t:1, i:157), STATEMACHINELOGENTRY, 7792@client-8BEEC01311DE]
2023-03-07 04:41:26,390 DEBUG server.RaftServer$Division (RaftServerImpl.java:logAppendEntries(1429)) - s6@group-A82F1EDBF13F: receive appendEntries(s11, 1, (t:1, i:155), 156, true, commits:[s11:c156, s13:c155, s12:c151, s3:c155, s4:c155, s5:c155, s10:c151, s6:c154, s7:c155, s8:c155, s9:c153, s14:c154, s0:c150, s1:c155, s2:c151], cId:7801, entries: [(t:1, i:156), METADATAENTRY(c:155), (t:1, i:157), STATEMACHINELOGENTRY, 7792@client-8BEEC01311DE]
2023-03-07 04:41:26,390 DEBUG server.RaftServer$Division (RaftServerImpl.java:logAppendEntries(1429)) - s0@group-A82F1EDBF13F: succeeded to handle AppendEntries. Reply: s11<-s0#7777:OK-t1,SUCCESS,nextIndex=156,followerCommit=154,matchIndex=155
2023-03-07 04:41:26,390 DEBUG server.RaftServer$Division (RaftServerImpl.java:logAppendEntries(1429)) - s1@group-A82F1EDBF13F: succeeded to handle AppendEntries. Reply: s11<-s1#7799:OK-t1,SUCCESS,nextIndex=158,followerCommit=155,matchIndex=157
2023-03-07 04:41:26,391 INFO  statemachine.StateMachine (ArithmeticStateMachine.java:applyTransaction(182)) - LEADER:s11-157: b = null = null
2023-03-07 04:41:26,391 DEBUG server.RaftServer$Division (RaftServerImpl.java:logAppendEntries(1429)) - s3@group-A82F1EDBF13F: receive appendEntries(s11, 1, (t:1, i:157), 157, true, commits:[s11:c157, s13:c155, s12:c151, s3:c155, s4:c155, s5:c155, s10:c151, s6:c154, s7:c155, s8:c155, s9:c153, s14:c154, s0:c150, s1:c155, s2:c151], cId:7803, entries: [(t:1, i:158), METADATAENTRY(c:157)]
2023-03-07 04:41:26,391 DEBUG server.RaftServer$Division (RaftServerImpl.java:logAppendEntries(1429)) - s4@group-A82F1EDBF13F: receive appendEntries(s11, 1, (t:1, i:157), 157, true, commits:[s11:c157, s13:c155, s12:c151, s3:c155, s4:c155, s5:c155, s10:c151, s6:c154, s7:c155, s8:c155, s9:c153, s14:c154, s0:c150, s1:c155, s2:c151], cId:7804, entries: [(t:1, i:158), METADATAENTRY(c:157)]
2023-03-07 04:41:26,391 DEBUG server.RaftServer$Division (RaftServerImpl.java:logAppendEntries(1429)) - s9@group-A82F1EDBF13F: receive appendEntries(s11, 1, (t:1, i:154), 154, true, commits:[s11:c154, s13:c153, s12:c151, s3:c153, s4:c153, s5:c153, s10:c151, s6:c149, s7:c153, s8:c151, s9:c153, s14:c150, s0:c150, s1:c153, s2:c151], cId:7784, entries: [(t:1, i:155), STATEMACHINELOGENTRY, 7763@client-8BEEC01311DE]
2023-03-07 04:41:26,391 DEBUG server.RaftServer$Division (RaftServerImpl.java:logAppendEntries(1429)) - s12@group-A82F1EDBF13F: receive appendEntries(s11, 1, (t:1, i:152), 154, true, commits:[s11:c154, s13:c153, s12:c151, s3:c153, s4:c153, s5:c153, s10:c151, s6:c149, s7:c153, s8:c151, s9:c153, s14:c150, s0:c150, s1:c153, s2:c151], cId:7781, entries: [(t:1, i:153), STATEMACHINELOGENTRY, 7752@client-8BEEC01311DE, (t:1, i:154), METADATAENTRY(c:153), (t:1, i:155), STATEMACHINELOGENTRY, 7763@client-8BEEC01311DE]
2023-03-07 04:41:26,392 DEBUG server.RaftServer$Division (RaftServerImpl.java:logAppendEntries(1429)) - s7@group-A82F1EDBF13F: receive appendEntries(s11, 1, (t:1, i:157), 157, true, commits:[s11:c157, s13:c155, s12:c151, s3:c155, s4:c155, s5:c155, s10:c151, s6:c154, s7:c155, s8:c155, s9:c153, s14:c154, s0:c150, s1:c155, s2:c151], cId:7806, entries: [(t:1, i:158), METADATAENTRY(c:157)]
2023-03-07 04:41:26,392 DEBUG server.RaftServer$Division (RaftServerImpl.java:logAppendEntries(1429)) - s9@group-A82F1EDBF13F: succeeded to handle AppendEntries. Reply: s11<-s9#7784:OK-t1,SUCCESS,nextIndex=156,followerCommit=154,matchIndex=155
2023-03-07 04:41:26,392 DEBUG server.RaftServer$Division (RaftServerImpl.java:logAppendEntries(1429)) - s3@group-A82F1EDBF13F: succeeded to handle AppendEntries. Reply: s11<-s3#7803:OK-t1,SUCCESS,nextIndex=159,followerCommit=157,matchIndex=158
2023-03-07 04:41:26,392 DEBUG server.RaftServer$Division (RaftServerImpl.java:logAppendEntries(1429)) - s8@group-A82F1EDBF13F: receive appendEntries(s11, 1, (t:1, i:157), 157, true, commits:[s11:c157, s13:c155, s12:c151, s3:c155, s4:c155, s5:c155, s10:c151, s6:c154, s7:c155, s8:c155, s9:c153, s14:c154, s0:c150, s1:c155, s2:c151], cId:7807, entries: [(t:1, i:158), METADATAENTRY(c:157)]
2023-03-07 04:41:26,392 DEBUG server.RaftServer$Division (RaftServerImpl.java:submitClientRequestAsync(832)) - s11@group-A82F1EDBF13F: receive client request(RaftClientRequest:client-8BEEC01311DE->s11@group-A82F1EDBF13F, cid=7808, seq=0, RW, Message:01016300)
2023-03-07 04:41:26,393 DEBUG server.RaftServer$Division (LeaderStateImpl.java:addPendingRequest(474)) - s11@group-A82F1EDBF13F-LeaderStateImpl: addPendingRequest at RaftClientRequest:client-8BEEC01311DE->s11@group-A82F1EDBF13F, cid=7808, seq=0, RW, Message:01016300, entry=(t:1, i:159), STATEMACHINELOGENTRY, 7808@client-8BEEC01311DE
2023-03-07 04:41:26,392 DEBUG server.RaftServer$Division (RaftServerImpl.java:logAppendEntries(1429)) - s7@group-A82F1EDBF13F: succeeded to handle AppendEntries. Reply: s11<-s7#7806:OK-t1,SUCCESS,nextIndex=159,followerCommit=157,matchIndex=158
2023-03-07 04:41:26,392 DEBUG server.RaftServer$Division (RaftServerImpl.java:logAppendEntries(1429)) - s6@group-A82F1EDBF13F: succeeded to handle AppendEntries. Reply: s11<-s6#7801:OK-t1,SUCCESS,nextIndex=158,followerCommit=156,matchIndex=157
2023-03-07 04:41:26,392 DEBUG server.RaftServer$Division (RaftServerImpl.java:logAppendEntries(1429)) - s12@group-A82F1EDBF13F: succeeded to handle AppendEntries. Reply: s11<-s12#7781:OK-t1,SUCCESS,nextIndex=156,followerCommit=154,matchIndex=155
2023-03-07 04:41:26,392 DEBUG server.RaftServer$Division (RaftServerImpl.java:logAppendEntries(1429)) - s1@group-A82F1EDBF13F: receive appendEntries(s11, 1, (t:1, i:157), 157, true, commits:[s11:c157, s13:c155, s12:c151, s3:c155, s4:c155, s5:c155, s10:c151, s6:c154, s7:c155, s8:c155, s9:c153, s14:c154, s0:c150, s1:c155, s2:c151], cId:7809, entries: [(t:1, i:158), METADATAENTRY(c:157)]
2023-03-07 04:41:26,393 DEBUG server.RaftServer$Division (RaftServerImpl.java:logAppendEntries(1429)) - s3@group-A82F1EDBF13F: receive appendEntries(s11, 1, (t:1, i:158), 157, true, commits:[s11:c157, s13:c155, s12:c151, s3:c157, s4:c155, s5:c155, s10:c151, s6:c154, s7:c155, s8:c155, s9:c153, s14:c154, s0:c154, s1:c155, s2:c154], cId:7812, entries: [(t:1, i:159), STATEMACHINELOGENTRY, 7808@client-8BEEC01311DE]
2023-03-07 04:41:26,393 DEBUG server.RaftServer$Division (RaftServerImpl.java:logAppendEntries(1429)) - s8@group-A82F1EDBF13F: succeeded to handle AppendEntries. Reply: s11<-s8#7807:OK-t1,SUCCESS,nextIndex=159,followerCommit=157,matchIndex=158
2023-03-07 04:41:26,393 DEBUG server.RaftServer$Division (RaftServerImpl.java:logAppendEntries(1429)) - s5@group-A82F1EDBF13F: receive appendEntries(s11, 1, (t:1, i:157), 157, true, commits:[s11:c157, s13:c155, s12:c151, s3:c155, s4:c155, s5:c155, s10:c151, s6:c154, s7:c155, s8:c155, s9:c153, s14:c154, s0:c150, s1:c155, s2:c151], cId:7805, entries: [(t:1, i:158), METADATAENTRY(c:157)]
2023-03-07 04:41:26,392 DEBUG server.RaftServer$Division (RaftServerImpl.java:logAppendEntries(1429)) - s4@group-A82F1EDBF13F: succeeded to handle AppendEntries. Reply: s11<-s4#7804:OK-t1,SUCCESS,nextIndex=159,followerCommit=157,matchIndex=158
2023-03-07 04:41:26,393 DEBUG server.RaftServer$Division (RaftServerImpl.java:logAppendEntries(1429)) - s1@group-A82F1EDBF13F: succeeded to handle AppendEntries. Reply: s11<-s1#7809:OK-t1,SUCCESS,nextIndex=159,followerCommit=157,matchIndex=158
2023-03-07 04:41:26,394 DEBUG server.RaftServer$Division (RaftServerImpl.java:logAppendEntries(1429)) - s5@group-A82F1EDBF13F: succeeded to handle AppendEntries. Reply: s11<-s5#7805:OK-t1,SUCCESS,nextIndex=159,followerCommit=157,matchIndex=158
2023-03-07 04:41:26,394 DEBUG server.RaftServer$Division (RaftServerImpl.java:logAppendEntries(1429)) - s1@group-A82F1EDBF13F: receive appendEntries(s11, 1, (t:1, i:158), 157, true, commits:[s11:c157, s13:c155, s12:c151, s3:c157, s4:c155, s5:c155, s10:c151, s6:c154, s7:c157, s8:c155, s9:c153, s14:c154, s0:c154, s1:c157, s2:c154], cId:7814, entries: [(t:1, i:159), STATEMACHINELOGENTRY, 7808@client-8BEEC01311DE]
2023-03-07 04:41:26,394 DEBUG server.RaftServer$Division (RaftServerImpl.java:logAppendEntries(1429)) - s7@group-A82F1EDBF13F: receive appendEntries(s11, 1, (t:1, i:158), 157, true, commits:[s11:c157, s13:c155, s12:c151, s3:c157, s4:c155, s5:c155, s10:c151, s6:c154, s7:c157, s8:c155, s9:c153, s14:c154, s0:c154, s1:c155, s2:c154], cId:7813, entries: [(t:1, i:159), STATEMACHINELOGENTRY, 7808@client-8BEEC01311DE]
2023-03-07 04:41:26,394 DEBUG server.RaftServer$Division (RaftServerImpl.java:logAppendEntries(1429)) - s0@group-A82F1EDBF13F: receive appendEntries(s11, 1, (t:1, i:155), 157, true, commits:[s11:c157, s13:c155, s12:c151, s3:c155, s4:c155, s5:c155, s10:c151, s6:c154, s7:c155, s8:c155, s9:c153, s14:c154, s0:c154, s1:c155, s2:c154], cId:7811, entries: [(t:1, i:156), METADATAENTRY(c:155), (t:1, i:157), STATEMACHINELOGENTRY, 7792@client-8BEEC01311DE, (t:1, i:158), METADATAENTRY(c:157)]
2023-03-07 04:41:26,394 DEBUG server.RaftServer$Division (RaftServerImpl.java:logAppendEntries(1429)) - s7@group-A82F1EDBF13F: succeeded to handle AppendEntries. Reply: s11<-s7#7813:OK-t1,SUCCESS,nextIndex=160,followerCommit=157,matchIndex=159
2023-03-07 04:41:26,394 DEBUG server.RaftServer$Division (RaftServerImpl.java:logAppendEntries(1429)) - s1@group-A82F1EDBF13F: succeeded to handle AppendEntries. Reply: s11<-s1#7814:OK-t1,SUCCESS,nextIndex=160,followerCommit=157,matchIndex=159
2023-03-07 04:41:26,394 DEBUG server.RaftServer$Division (RaftServerImpl.java:logAppendEntries(1429)) - s4@group-A82F1EDBF13F: receive appendEntries(s11, 1, (t:1, i:158), 157, true, commits:[s11:c157, s13:c155, s12:c151, s3:c157, s4:c157, s5:c155, s10:c151, s6:c154, s7:c157, s8:c155, s9:c153, s14:c154, s0:c154, s1:c157, s2:c154], cId:7815, entries: [(t:1, i:159), STATEMACHINELOGENTRY, 7808@client-8BEEC01311DE]
2023-03-07 04:41:26,395 DEBUG server.RaftServer$Division (RaftServerImpl.java:logAppendEntries(1429)) - s13@group-A82F1EDBF13F: receive appendEntries(s11, 1, (t:1, i:157), 157, true, commits:[s11:c157, s13:c155, s12:c151, s3:c155, s4:c155, s5:c155, s10:c151, s6:c154, s7:c155, s8:c155, s9:c153, s14:c154, s0:c150, s1:c155, s2:c151], cId:7802, entries: [(t:1, i:158), METADATAENTRY(c:157)]
2023-03-07 04:41:26,392 DEBUG server.RaftServer$Division (RaftServerImpl.java:logAppendEntries(1429)) - s14@group-A82F1EDBF13F: succeeded to handle AppendEntries. Reply: s11<-s14#7800:OK-t1,SUCCESS,nextIndex=158,followerCommit=155,matchIndex=157
2023-03-07 04:41:26,395 DEBUG server.RaftServer$Division (RaftServerImpl.java:logAppendEntries(1429)) - s5@group-A82F1EDBF13F: receive appendEntries(s11, 1, (t:1, i:158), 157, true, commits:[s11:c157, s13:c155, s12:c151, s3:c157, s4:c157, s5:c157, s10:c151, s6:c154, s7:c157, s8:c155, s9:c153, s14:c154, s0:c154, s1:c157, s2:c154], cId:7816, entries: [(t:1, i:159), STATEMACHINELOGENTRY, 7808@client-8BEEC01311DE]
2023-03-07 04:41:26,395 DEBUG server.RaftServer$Division (RaftServerImpl.java:logAppendEntries(1429)) - s8@group-A82F1EDBF13F: receive appendEntries(s11, 1, (t:1, i:158), 157, true, commits:[s11:c157, s13:c155, s12:c151, s3:c157, s4:c157, s5:c157, s10:c151, s6:c156, s7:c157, s8:c157, s9:c153, s14:c154, s0:c154, s1:c157, s2:c154], cId:7818, entries: [(t:1, i:159), STATEMACHINELOGENTRY, 7808@client-8BEEC01311DE]
2023-03-07 04:41:26,396 DEBUG server.RaftServer$Division (RaftServerImpl.java:logAppendEntries(1429)) - s14@group-A82F1EDBF13F: receive appendEntries(s11, 1, (t:1, i:157), 157, true, commits:[s11:c157, s13:c155, s12:c151, s3:c157, s4:c157, s5:c157, s10:c151, s6:c156, s7:c157, s8:c157, s9:c153, s14:c155, s0:c154, s1:c157, s2:c154], cId:7819, entries: [(t:1, i:158), METADATAENTRY(c:157), (t:1, i:159), STATEMACHINELOGENTRY, 7808@client-8BEEC01311DE]
2023-03-07 04:41:26,396 DEBUG server.RaftServer$Division (RaftServerImpl.java:logAppendEntries(1429)) - s0@group-A82F1EDBF13F: succeeded to handle AppendEntries. Reply: s11<-s0#7811:OK-t1,SUCCESS,nextIndex=159,followerCommit=157,matchIndex=158
2023-03-07 04:41:26,396 DEBUG server.RaftServer$Division (RaftServerImpl.java:logAppendEntries(1429)) - s8@group-A82F1EDBF13F: succeeded to handle AppendEntries. Reply: s11<-s8#7818:OK-t1,SUCCESS,nextIndex=160,followerCommit=157,matchIndex=159
2023-03-07 04:41:26,396 DEBUG server.RaftServer$Division (RaftServerImpl.java:logAppendEntries(1429)) - s5@group-A82F1EDBF13F: succeeded to handle AppendEntries. Reply: s11<-s5#7816:OK-t1,SUCCESS,nextIndex=160,followerCommit=157,matchIndex=159
2023-03-07 04:41:26,396 DEBUG server.RaftServer$Division (RaftServerImpl.java:logAppendEntries(1429)) - s4@group-A82F1EDBF13F: succeeded to handle AppendEntries. Reply: s11<-s4#7815:OK-t1,SUCCESS,nextIndex=160,followerCommit=157,matchIndex=159
2023-03-07 04:41:26,396 DEBUG server.RaftServer$Division (RaftServerImpl.java:logAppendEntries(1429)) - s14@group-A82F1EDBF13F: succeeded to handle AppendEntries. Reply: s11<-s14#7819:OK-t1,SUCCESS,nextIndex=160,followerCommit=157,matchIndex=159
2023-03-07 04:41:26,395 DEBUG server.RaftServer$Division (RaftServerImpl.java:logAppendEntries(1429)) - s6@group-A82F1EDBF13F: receive appendEntries(s11, 1, (t:1, i:157), 157, true, commits:[s11:c157, s13:c155, s12:c151, s3:c157, s4:c157, s5:c157, s10:c151, s6:c156, s7:c157, s8:c155, s9:c153, s14:c154, s0:c154, s1:c157, s2:c154], cId:7817, entries: [(t:1, i:158), METADATAENTRY(c:157), (t:1, i:159), STATEMACHINELOGENTRY, 7808@client-8BEEC01311DE]
2023-03-07 04:41:26,394 DEBUG server.RaftServer$Division (RaftServerImpl.java:logAppendEntries(1429)) - s3@group-A82F1EDBF13F: succeeded to handle AppendEntries. Reply: s11<-s3#7812:OK-t1,SUCCESS,nextIndex=160,followerCommit=157,matchIndex=159
2023-03-07 04:41:26,397 DEBUG server.RaftServer$Division (RaftServerImpl.java:logAppendEntries(1429)) - s13@group-A82F1EDBF13F: succeeded to handle AppendEntries. Reply: s11<-s13#7802:OK-t1,SUCCESS,nextIndex=159,followerCommit=157,matchIndex=158
2023-03-07 04:41:26,397 DEBUG server.RaftServer$Division (RaftServerImpl.java:logAppendEntries(1429)) - s0@group-A82F1EDBF13F: receive appendEntries(s11, 1, (t:1, i:158), 157, true, commits:[s11:c157, s13:c155, s12:c151, s3:c157, s4:c157, s5:c157, s10:c151, s6:c156, s7:c157, s8:c157, s9:c153, s14:c155, s0:c157, s1:c157, s2:c154], cId:7820, entries: [(t:1, i:159), STATEMACHINELOGENTRY, 7808@client-8BEEC01311DE]
2023-03-07 04:41:26,397 DEBUG server.RaftServer$Division (RaftServerImpl.java:logAppendEntries(1429)) - s2@group-A82F1EDBF13F: receive appendEntries(s11, 1, (t:1, i:155), 157, true, commits:[s11:c157, s13:c155, s12:c151, s3:c155, s4:c155, s5:c155, s10:c151, s6:c154, s7:c155, s8:c155, s9:c153, s14:c154, s0:c150, s1:c155, s2:c154], cId:7810, entries: [(t:1, i:156), METADATAENTRY(c:155), (t:1, i:157), STATEMACHINELOGENTRY, 7792@client-8BEEC01311DE, (t:1, i:158), METADATAENTRY(c:157)]
2023-03-07 04:41:26,398 DEBUG server.RaftServer$Division (RaftServerImpl.java:logAppendEntries(1429)) - s0@group-A82F1EDBF13F: succeeded to handle AppendEntries. Reply: s11<-s0#7820:OK-t1,SUCCESS,nextIndex=160,followerCommit=157,matchIndex=159
2023-03-07 04:41:26,398 DEBUG server.RaftServer$Division (RaftServerImpl.java:logAppendEntries(1429)) - s13@group-A82F1EDBF13F: receive appendEntries(s11, 1, (t:1, i:158), 158, true, commits:[s11:c158, s13:c157, s12:c151, s3:c157, s4:c157, s5:c157, s10:c154, s6:c156, s7:c157, s8:c157, s9:c153, s14:c155, s0:c157, s1:c157, s2:c154], cId:7821, entries: [(t:1, i:159), STATEMACHINELOGENTRY, 7808@client-8BEEC01311DE]
2023-03-07 04:41:26,398 INFO  statemachine.StateMachine (ArithmeticStateMachine.java:applyTransaction(182)) - LEADER:s11-159: c = null = null
2023-03-07 04:41:26,398 DEBUG server.RaftServer$Division (RaftServerImpl.java:logAppendEntries(1429)) - s10@group-A82F1EDBF13F: receive appendEntries(s11, 1, (t:1, i:155), 158, true, commits:[s11:c158, s13:c157, s12:c151, s3:c157, s4:c157, s5:c157, s10:c154, s6:c156, s7:c157, s8:c157, s9:c153, s14:c155, s0:c157, s1:c157, s2:c154], cId:7822, entries: [(t:1, i:156), METADATAENTRY(c:155), (t:1, i:157), STATEMACHINELOGENTRY, 7792@client-8BEEC01311DE, (t:1, i:158), METADATAENTRY(c:157), (t:1, i:159), STATEMACHINELOGENTRY, 7808@client-8BEEC01311DE]
2023-03-07 04:41:26,399 DEBUG server.RaftServer$Division (RaftServerImpl.java:logAppendEntries(1429)) - s2@group-A82F1EDBF13F: succeeded to handle AppendEntries. Reply: s11<-s2#7810:OK-t1,SUCCESS,nextIndex=159,followerCommit=157,matchIndex=158
2023-03-07 04:41:26,399 DEBUG server.RaftServer$Division (RaftServerImpl.java:logAppendEntries(1429)) - s3@group-A82F1EDBF13F: receive appendEntries(s11, 1, (t:1, i:159), 159, true, commits:[s11:c159, s13:c157, s12:c151, s3:c157, s4:c157, s5:c157, s10:c154, s6:c156, s7:c157, s8:c157, s9:c153, s14:c155, s0:c157, s1:c157, s2:c154], cId:7823, entries: [(t:1, i:160), METADATAENTRY(c:159)]
2023-03-07 04:41:26,399 DEBUG server.RaftServer$Division (RaftServerImpl.java:logAppendEntries(1429)) - s13@group-A82F1EDBF13F: succeeded to handle AppendEntries. Reply: s11<-s13#7821:OK-t1,SUCCESS,nextIndex=160,followerCommit=158,matchIndex=159
2023-03-07 04:41:26,399 DEBUG server.RaftServer$Division (RaftServerImpl.java:logAppendEntries(1429)) - s10@group-A82F1EDBF13F: succeeded to handle AppendEntries. Reply: s11<-s10#7822:OK-t1,SUCCESS,nextIndex=160,followerCommit=158,matchIndex=159
2023-03-07 04:41:26,399 DEBUG server.RaftServer$Division (RaftServerImpl.java:logAppendEntries(1429)) - s1@group-A82F1EDBF13F: receive appendEntries(s11, 1, (t:1, i:159), 159, true, commits:[s11:c159, s13:c157, s12:c151, s3:c157, s4:c157, s5:c157, s10:c154, s6:c156, s7:c157, s8:c157, s9:c153, s14:c157, s0:c157, s1:c157, s2:c154], cId:7828, entries: [(t:1, i:160), METADATAENTRY(c:159)]
2023-03-07 04:41:26,399 DEBUG server.RaftServer$Division (RaftServerImpl.java:logAppendEntries(1429)) - s6@group-A82F1EDBF13F: succeeded to handle AppendEntries. Reply: s11<-s6#7817:OK-t1,SUCCESS,nextIndex=160,followerCommit=157,matchIndex=159
2023-03-07 04:41:26,400 DEBUG server.RaftServer$Division (RaftServerImpl.java:logAppendEntries(1429)) - s4@group-A82F1EDBF13F: receive appendEntries(s11, 1, (t:1, i:159), 159, true, commits:[s11:c159, s13:c157, s12:c151, s3:c157, s4:c157, s5:c157, s10:c154, s6:c156, s7:c157, s8:c157, s9:c153, s14:c155, s0:c157, s1:c157, s2:c154], cId:7824, entries: [(t:1, i:160), METADATAENTRY(c:159)]
2023-03-07 04:41:26,400 DEBUG server.RaftServer$Division (RaftServerImpl.java:logAppendEntries(1429)) - s7@group-A82F1EDBF13F: receive appendEntries(s11, 1, (t:1, i:159), 159, true, commits:[s11:c159, s13:c157, s12:c151, s3:c157, s4:c157, s5:c157, s10:c154, s6:c156, s7:c157, s8:c157, s9:c153, s14:c155, s0:c157, s1:c157, s2:c154], cId:7826, entries: [(t:1, i:160), METADATAENTRY(c:159)]
2023-03-07 04:41:26,400 DEBUG server.RaftServer$Division (RaftServerImpl.java:logAppendEntries(1429)) - s5@group-A82F1EDBF13F: receive appendEntries(s11, 1, (t:1, i:159), 159, true, commits:[s11:c159, s13:c157, s12:c151, s3:c157, s4:c157, s5:c157, s10:c154, s6:c156, s7:c157, s8:c157, s9:c153, s14:c155, s0:c157, s1:c157, s2:c154], cId:7825, entries: [(t:1, i:160), METADATAENTRY(c:159)]
2023-03-07 04:41:26,400 DEBUG server.RaftServer$Division (RaftServerImpl.java:submitClientRequestAsync(832)) - s11@group-A82F1EDBF13F: receive client request(RaftClientRequest:client-8BEEC01311DE->s11@group-A82F1EDBF13F, cid=7830, seq=0, RW, Message:01016102405b40000000...(size=12))
2023-03-07 04:41:26,400 DEBUG server.RaftServer$Division (LeaderStateImpl.java:addPendingRequest(474)) - s11@group-A82F1EDBF13F-LeaderStateImpl: addPendingRequest at RaftClientRequest:client-8BEEC01311DE->s11@group-A82F1EDBF13F, cid=7830, seq=0, RW, Message:01016102405b40000000...(size=12), entry=(t:1, i:161), STATEMACHINELOGENTRY, 7830@client-8BEEC01311DE
2023-03-07 04:41:26,400 DEBUG server.RaftServer$Division (RaftServerImpl.java:logAppendEntries(1429)) - s0@group-A82F1EDBF13F: receive appendEntries(s11, 1, (t:1, i:159), 159, true, commits:[s11:c159, s13:c157, s12:c151, s3:c157, s4:c157, s5:c157, s10:c154, s6:c156, s7:c157, s8:c157, s9:c153, s14:c157, s0:c157, s1:c157, s2:c154], cId:7831, entries: [(t:1, i:160), METADATAENTRY(c:159)]
2023-03-07 04:41:26,401 DEBUG server.RaftServer$Division (RaftServerImpl.java:logAppendEntries(1429)) - s7@group-A82F1EDBF13F: succeeded to handle AppendEntries. Reply: s11<-s7#7826:OK-t1,SUCCESS,nextIndex=161,followerCommit=159,matchIndex=160
2023-03-07 04:41:26,401 DEBUG server.RaftServer$Division (RaftServerImpl.java:logAppendEntries(1429)) - s4@group-A82F1EDBF13F: succeeded to handle AppendEntries. Reply: s11<-s4#7824:OK-t1,SUCCESS,nextIndex=161,followerCommit=159,matchIndex=160
2023-03-07 04:41:26,401 DEBUG server.RaftServer$Division (RaftServerImpl.java:logAppendEntries(1429)) - s5@group-A82F1EDBF13F: succeeded to handle AppendEntries. Reply: s11<-s5#7825:OK-t1,SUCCESS,nextIndex=161,followerCommit=159,matchIndex=160
2023-03-07 04:41:26,401 DEBUG server.RaftServer$Division (RaftServerImpl.java:logAppendEntries(1429)) - s0@group-A82F1EDBF13F: succeeded to handle AppendEntries. Reply: s11<-s0#7831:OK-t1,SUCCESS,nextIndex=161,followerCommit=159,matchIndex=160
2023-03-07 04:41:26,401 DEBUG server.RaftServer$Division (RaftServerImpl.java:logAppendEntries(1429)) - s7@group-A82F1EDBF13F: receive appendEntries(s11, 1, (t:1, i:160), 159, true, commits:[s11:c159, s13:c157, s12:c151, s3:c157, s4:c157, s5:c157, s10:c154, s6:c157, s7:c159, s8:c157, s9:c153, s14:c157, s0:c157, s1:c157, s2:c154], cId:7833, entries: [(t:1, i:161), STATEMACHINELOGENTRY, 7830@client-8BEEC01311DE]
2023-03-07 04:41:26,401 DEBUG server.RaftServer$Division (RaftServerImpl.java:logAppendEntries(1429)) - s6@group-A82F1EDBF13F: receive appendEntries(s11, 1, (t:1, i:159), 159, true, commits:[s11:c159, s13:c157, s12:c151, s3:c157, s4:c157, s5:c157, s10:c154, s6:c157, s7:c157, s8:c157, s9:c153, s14:c157, s0:c157, s1:c157, s2:c154], cId:7832, entries: [(t:1, i:160), METADATAENTRY(c:159), (t:1, i:161), STATEMACHINELOGENTRY, 7830@client-8BEEC01311DE]
2023-03-07 04:41:26,400 DEBUG server.RaftServer$Division (RaftServerImpl.java:logAppendEntries(1429)) - s1@group-A82F1EDBF13F: succeeded to handle AppendEntries. Reply: s11<-s1#7828:OK-t1,SUCCESS,nextIndex=161,followerCommit=159,matchIndex=160
2023-03-07 04:41:26,402 DEBUG server.RaftServer$Division (RaftServerImpl.java:logAppendEntries(1429)) - s7@group-A82F1EDBF13F: succeeded to handle AppendEntries. Reply: s11<-s7#7833:OK-t1,SUCCESS,nextIndex=162,followerCommit=159,matchIndex=161
2023-03-07 04:41:26,402 DEBUG server.RaftServer$Division (RaftServerImpl.java:logAppendEntries(1429)) - s14@group-A82F1EDBF13F: receive appendEntries(s11, 1, (t:1, i:159), 159, true, commits:[s11:c159, s13:c157, s12:c151, s3:c157, s4:c157, s5:c157, s10:c154, s6:c156, s7:c157, s8:c157, s9:c153, s14:c157, s0:c157, s1:c157, s2:c154], cId:7829, entries: [(t:1, i:160), METADATAENTRY(c:159)]
2023-03-07 04:41:26,402 DEBUG server.RaftServer$Division (RaftServerImpl.java:logAppendEntries(1429)) - s4@group-A82F1EDBF13F: receive appendEntries(s11, 1, (t:1, i:160), 159, true, commits:[s11:c159, s13:c157, s12:c151, s3:c157, s4:c159, s5:c159, s10:c154, s6:c157, s7:c159, s8:c157, s9:c153, s14:c157, s0:c157, s1:c157, s2:c154], cId:7835, entries: [(t:1, i:161), STATEMACHINELOGENTRY, 7830@client-8BEEC01311DE]
2023-03-07 04:41:26,402 DEBUG server.RaftServer$Division (RaftServerImpl.java:logAppendEntries(1429)) - s14@group-A82F1EDBF13F: succeeded to handle AppendEntries. Reply: s11<-s14#7829:OK-t1,SUCCESS,nextIndex=161,followerCommit=159,matchIndex=160
2023-03-07 04:41:26,402 DEBUG server.RaftServer$Division (RaftServerImpl.java:logAppendEntries(1429)) - s6@group-A82F1EDBF13F: succeeded to handle AppendEntries. Reply: s11<-s6#7832:OK-t1,SUCCESS,nextIndex=162,followerCommit=159,matchIndex=161
2023-03-07 04:41:26,402 DEBUG server.RaftServer$Division (RaftServerImpl.java:logAppendEntries(1429)) - s1@group-A82F1EDBF13F: receive appendEntries(s11, 1, (t:1, i:160), 159, true, commits:[s11:c159, s13:c157, s12:c151, s3:c157, s4:c159, s5:c159, s10:c154, s6:c157, s7:c159, s8:c157, s9:c153, s14:c157, s0:c157, s1:c159, s2:c157], cId:7837, entries: [(t:1, i:161), STATEMACHINELOGENTRY, 7830@client-8BEEC01311DE]
2023-03-07 04:41:26,401 DEBUG server.RaftServer$Division (RaftServerImpl.java:logAppendEntries(1429)) - s8@group-A82F1EDBF13F: receive appendEntries(s11, 1, (t:1, i:159), 159, true, commits:[s11:c159, s13:c157, s12:c151, s3:c157, s4:c157, s5:c157, s10:c154, s6:c156, s7:c157, s8:c157, s9:c153, s14:c155, s0:c157, s1:c157, s2:c154], cId:7827, entries: [(t:1, i:160), METADATAENTRY(c:159)]
2023-03-07 04:41:26,400 DEBUG server.RaftServer$Division (RaftServerImpl.java:logAppendEntries(1429)) - s3@group-A82F1EDBF13F: succeeded to handle AppendEntries. Reply: s11<-s3#7823:OK-t1,SUCCESS,nextIndex=161,followerCommit=159,matchIndex=160
2023-03-07 04:41:26,402 DEBUG server.RaftServer$Division (RaftServerImpl.java:logAppendEntries(1429)) - s4@group-A82F1EDBF13F: succeeded to handle AppendEntries. Reply: s11<-s4#7835:OK-t1,SUCCESS,nextIndex=162,followerCommit=159,matchIndex=161
2023-03-07 04:41:26,403 DEBUG server.RaftServer$Division (RaftServerImpl.java:logAppendEntries(1429)) - s1@group-A82F1EDBF13F: succeeded to handle AppendEntries. Reply: s11<-s1#7837:OK-t1,SUCCESS,nextIndex=162,followerCommit=159,matchIndex=161
2023-03-07 04:41:26,403 DEBUG server.RaftServer$Division (RaftServerImpl.java:logAppendEntries(1429)) - s3@group-A82F1EDBF13F: receive appendEntries(s11, 1, (t:1, i:160), 159, true, commits:[s11:c159, s13:c157, s12:c151, s3:c159, s4:c159, s5:c159, s10:c158, s6:c157, s7:c159, s8:c157, s9:c154, s14:c157, s0:c157, s1:c159, s2:c157], cId:7840, entries: [(t:1, i:161), STATEMACHINELOGENTRY, 7830@client-8BEEC01311DE]
2023-03-07 04:41:26,403 DEBUG server.RaftServer$Division (RaftServerImpl.java:logAppendEntries(1429)) - s2@group-A82F1EDBF13F: receive appendEntries(s11, 1, (t:1, i:158), 159, true, commits:[s11:c159, s13:c157, s12:c151, s3:c157, s4:c159, s5:c159, s10:c154, s6:c157, s7:c159, s8:c157, s9:c153, s14:c157, s0:c157, s1:c157, s2:c157], cId:7836, entries: [(t:1, i:159), STATEMACHINELOGENTRY, 7808@client-8BEEC01311DE, (t:1, i:160), METADATAENTRY(c:159), (t:1, i:161), STATEMACHINELOGENTRY, 7830@client-8BEEC01311DE]
2023-03-07 04:41:26,403 DEBUG server.RaftServer$Division (RaftServerImpl.java:logAppendEntries(1429)) - s8@group-A82F1EDBF13F: succeeded to handle AppendEntries. Reply: s11<-s8#7827:OK-t1,SUCCESS,nextIndex=161,followerCommit=159,matchIndex=160
2023-03-07 04:41:26,403 DEBUG server.RaftServer$Division (RaftServerImpl.java:logAppendEntries(1429)) - s2@group-A82F1EDBF13F: succeeded to handle AppendEntries. Reply: s11<-s2#7836:OK-t1,SUCCESS,nextIndex=162,followerCommit=159,matchIndex=161
2023-03-07 04:41:26,404 DEBUG server.RaftServer$Division (RaftServerImpl.java:logAppendEntries(1429)) - s3@group-A82F1EDBF13F: succeeded to handle AppendEntries. Reply: s11<-s3#7840:OK-t1,SUCCESS,nextIndex=162,followerCommit=159,matchIndex=161
2023-03-07 04:41:26,404 DEBUG server.RaftServer$Division (RaftServerImpl.java:logAppendEntries(1429)) - s10@group-A82F1EDBF13F: receive appendEntries(s11, 1, (t:1, i:159), 159, true, commits:[s11:c159, s13:c157, s12:c151, s3:c157, s4:c159, s5:c159, s10:c158, s6:c157, s7:c159, s8:c157, s9:c153, s14:c157, s0:c157, s1:c159, s2:c157], cId:7838, entries: [(t:1, i:160), METADATAENTRY(c:159), (t:1, i:161), STATEMACHINELOGENTRY, 7830@client-8BEEC01311DE]
2023-03-07 04:41:26,404 DEBUG server.RaftServer$Division (RaftServerImpl.java:logAppendEntries(1429)) - s8@group-A82F1EDBF13F: receive appendEntries(s11, 1, (t:1, i:160), 159, true, commits:[s11:c159, s13:c157, s12:c154, s3:c159, s4:c159, s5:c159, s10:c158, s6:c157, s7:c159, s8:c159, s9:c154, s14:c157, s0:c157, s1:c159, s2:c157], cId:7842, entries: [(t:1, i:161), STATEMACHINELOGENTRY, 7830@client-8BEEC01311DE]
2023-03-07 04:41:26,404 DEBUG server.RaftServer$Division (RaftServerImpl.java:logAppendEntries(1429)) - s9@group-A82F1EDBF13F: receive appendEntries(s11, 1, (t:1, i:155), 159, true, commits:[s11:c159, s13:c157, s12:c151, s3:c157, s4:c159, s5:c159, s10:c158, s6:c157, s7:c159, s8:c157, s9:c154, s14:c157, s0:c157, s1:c159, s2:c157], cId:7839, entries: [(t:1, i:156), METADATAENTRY(c:155), (t:1, i:157), STATEMACHINELOGENTRY, 7792@client-8BEEC01311DE, (t:1, i:158), METADATAENTRY(c:157), (t:1, i:159), STATEMACHINELOGENTRY, 7808@client-8BEEC01311DE, (t:1, i:160), METADATAENTRY(c:159), (t:1, i:161), STATEMACHINELOGENTRY, 7830@client-8BEEC01311DE]
2023-03-07 04:41:26,404 DEBUG server.RaftServer$Division (RaftServerImpl.java:logAppendEntries(1429)) - s8@group-A82F1EDBF13F: succeeded to handle AppendEntries. Reply: s11<-s8#7842:OK-t1,SUCCESS,nextIndex=162,followerCommit=159,matchIndex=161
2023-03-07 04:41:26,404 DEBUG server.RaftServer$Division (RaftServerImpl.java:logAppendEntries(1429)) - s10@group-A82F1EDBF13F: succeeded to handle AppendEntries. Reply: s11<-s10#7838:OK-t1,SUCCESS,nextIndex=162,followerCommit=159,matchIndex=161
2023-03-07 04:41:26,405 DEBUG server.RaftServer$Division (RaftServerImpl.java:logAppendEntries(1429)) - s12@group-A82F1EDBF13F: receive appendEntries(s11, 1, (t:1, i:155), 159, true, commits:[s11:c159, s13:c157, s12:c154, s3:c159, s4:c159, s5:c159, s10:c158, s6:c157, s7:c159, s8:c157, s9:c154, s14:c157, s0:c157, s1:c159, s2:c157], cId:7841, entries: [(t:1, i:156), METADATAENTRY(c:155), (t:1, i:157), STATEMACHINELOGENTRY, 7792@client-8BEEC01311DE, (t:1, i:158), METADATAENTRY(c:157), (t:1, i:159), STATEMACHINELOGENTRY, 7808@client-8BEEC01311DE, (t:1, i:160), METADATAENTRY(c:159), (t:1, i:161), STATEMACHINELOGENTRY, 7830@client-8BEEC01311DE]
2023-03-07 04:41:26,405 DEBUG server.RaftServer$Division (RaftServerImpl.java:logAppendEntries(1429)) - s9@group-A82F1EDBF13F: succeeded to handle AppendEntries. Reply: s11<-s9#7839:OK-t1,SUCCESS,nextIndex=162,followerCommit=159,matchIndex=161
2023-03-07 04:41:26,405 DEBUG server.RaftServer$Division (RaftServerImpl.java:logAppendEntries(1429)) - s12@group-A82F1EDBF13F: succeeded to handle AppendEntries. Reply: s11<-s12#7841:OK-t1,SUCCESS,nextIndex=162,followerCommit=159,matchIndex=161
2023-03-07 04:41:26,405 DEBUG server.RaftServer$Division (RaftServerImpl.java:logAppendEntries(1429)) - s5@group-A82F1EDBF13F: receive appendEntries(s11, 1, (t:1, i:160), 159, true, commits:[s11:c159, s13:c157, s12:c151, s3:c157, s4:c157, s5:c159, s10:c154, s6:c157, s7:c159, s8:c157, s9:c153, s14:c157, s0:c157, s1:c157, s2:c154], cId:7834, entries: [(t:1, i:161), STATEMACHINELOGENTRY, 7830@client-8BEEC01311DE]
2023-03-07 04:41:26,406 DEBUG server.RaftServer$Division (RaftServerImpl.java:logAppendEntries(1429)) - s5@group-A82F1EDBF13F: succeeded to handle AppendEntries. Reply: s11<-s5#7834:OK-t1,SUCCESS,nextIndex=162,followerCommit=159,matchIndex=161
2023-03-07 04:41:26,406 DEBUG server.RaftServer$Division (RaftServerImpl.java:logAppendEntries(1429)) - s13@group-A82F1EDBF13F: receive appendEntries(s11, 1, (t:1, i:159), 160, true, commits:[s11:c160, s13:c158, s12:c154, s3:c159, s4:c159, s5:c159, s10:c158, s6:c157, s7:c159, s8:c159, s9:c154, s14:c159, s0:c157, s1:c159, s2:c159], cId:7843, entries: [(t:1, i:160), METADATAENTRY(c:159), (t:1, i:161), STATEMACHINELOGENTRY, 7830@client-8BEEC01311DE]
2023-03-07 04:41:26,406 INFO  statemachine.StateMachine (ArithmeticStateMachine.java:applyTransaction(182)) - LEADER:s11-161: a = 109 = 109
2023-03-07 04:41:26,407 DEBUG server.RaftServer$Division (RaftServerImpl.java:logAppendEntries(1429)) - s13@group-A82F1EDBF13F: succeeded to handle AppendEntries. Reply: s11<-s13#7843:OK-t1,SUCCESS,nextIndex=162,followerCommit=160,matchIndex=161
2023-03-07 04:41:26,407 DEBUG server.RaftServer$Division (RaftServerImpl.java:submitClientRequestAsync(832)) - s11@group-A82F1EDBF13F: receive client request(RaftClientRequest:client-8BEEC01311DE->s11@group-A82F1EDBF13F, cid=7846, seq=0, RW, Message:0101620240b734000000...(size=12))
2023-03-07 04:41:26,407 DEBUG server.RaftServer$Division (RaftServerImpl.java:logAppendEntries(1429)) - s14@group-A82F1EDBF13F: receive appendEntries(s11, 1, (t:1, i:160), 160, true, commits:[s11:c160, s13:c158, s12:c154, s3:c159, s4:c159, s5:c159, s10:c158, s6:c157, s7:c159, s8:c159, s9:c154, s14:c159, s0:c159, s1:c159, s2:c159], cId:7844, entries: [(t:1, i:161), STATEMACHINELOGENTRY, 7830@client-8BEEC01311DE]
2023-03-07 04:41:26,407 DEBUG server.RaftServer$Division (RaftServerImpl.java:logAppendEntries(1429)) - s0@group-A82F1EDBF13F: receive appendEntries(s11, 1, (t:1, i:160), 160, true, commits:[s11:c160, s13:c158, s12:c154, s3:c159, s4:c159, s5:c159, s10:c158, s6:c157, s7:c159, s8:c159, s9:c154, s14:c159, s0:c159, s1:c159, s2:c159], cId:7845, entries: [(t:1, i:161), STATEMACHINELOGENTRY, 7830@client-8BEEC01311DE]
2023-03-07 04:41:26,407 DEBUG server.RaftServer$Division (LeaderStateImpl.java:addPendingRequest(474)) - s11@group-A82F1EDBF13F-LeaderStateImpl: addPendingRequest at RaftClientRequest:client-8BEEC01311DE->s11@group-A82F1EDBF13F, cid=7846, seq=0, RW, Message:0101620240b734000000...(size=12), entry=(t:1, i:163), STATEMACHINELOGENTRY, 7846@client-8BEEC01311DE
2023-03-07 04:41:26,408 DEBUG server.RaftServer$Division (RaftServerImpl.java:logAppendEntries(1429)) - s4@group-A82F1EDBF13F: receive appendEntries(s11, 1, (t:1, i:161), 161, true, commits:[s11:c161, s13:c158, s12:c154, s3:c159, s4:c159, s5:c159, s10:c158, s6:c159, s7:c159, s8:c159, s9:c154, s14:c159, s0:c159, s1:c159, s2:c159], cId:7847, entries: [(t:1, i:162), METADATAENTRY(c:161), (t:1, i:163), STATEMACHINELOGENTRY, 7846@client-8BEEC01311DE]
2023-03-07 04:41:26,408 DEBUG server.RaftServer$Division (RaftServerImpl.java:logAppendEntries(1429)) - s0@group-A82F1EDBF13F: succeeded to handle AppendEntries. Reply: s11<-s0#7845:OK-t1,SUCCESS,nextIndex=162,followerCommit=160,matchIndex=161
2023-03-07 04:41:26,408 DEBUG server.RaftServer$Division (RaftServerImpl.java:logAppendEntries(1429)) - s14@group-A82F1EDBF13F: succeeded to handle AppendEntries. Reply: s11<-s14#7844:OK-t1,SUCCESS,nextIndex=162,followerCommit=160,matchIndex=161
2023-03-07 04:41:26,408 DEBUG server.RaftServer$Division (RaftServerImpl.java:logAppendEntries(1429)) - s3@group-A82F1EDBF13F: receive appendEntries(s11, 1, (t:1, i:161), 161, true, commits:[s11:c161, s13:c158, s12:c154, s3:c159, s4:c159, s5:c159, s10:c158, s6:c159, s7:c159, s8:c159, s9:c154, s14:c159, s0:c159, s1:c159, s2:c159], cId:7851, entries: [(t:1, i:162), METADATAENTRY(c:161), (t:1, i:163), STATEMACHINELOGENTRY, 7846@client-8BEEC01311DE]
2023-03-07 04:41:26,408 DEBUG server.RaftServer$Division (RaftServerImpl.java:logAppendEntries(1429)) - s4@group-A82F1EDBF13F: succeeded to handle AppendEntries. Reply: s11<-s4#7847:OK-t1,SUCCESS,nextIndex=164,followerCommit=161,matchIndex=163
2023-03-07 04:41:26,408 DEBUG server.RaftServer$Division (RaftServerImpl.java:logAppendEntries(1429)) - s7@group-A82F1EDBF13F: receive appendEntries(s11, 1, (t:1, i:161), 161, true, commits:[s11:c161, s13:c158, s12:c154, s3:c159, s4:c159, s5:c159, s10:c158, s6:c159, s7:c159, s8:c159, s9:c154, s14:c159, s0:c159, s1:c159, s2:c159], cId:7849, entries: [(t:1, i:162), METADATAENTRY(c:161), (t:1, i:163), STATEMACHINELOGENTRY, 7846@client-8BEEC01311DE]
2023-03-07 04:41:26,408 DEBUG server.RaftServer$Division (RaftServerImpl.java:logAppendEntries(1429)) - s14@group-A82F1EDBF13F: receive appendEntries(s11, 1, (t:1, i:161), 161, true, commits:[s11:c161, s13:c158, s12:c154, s3:c159, s4:c159, s5:c159, s10:c158, s6:c159, s7:c159, s8:c159, s9:c154, s14:c160, s0:c159, s1:c159, s2:c159], cId:7855, entries: [(t:1, i:162), METADATAENTRY(c:161), (t:1, i:163), STATEMACHINELOGENTRY, 7846@client-8BEEC01311DE]
2023-03-07 04:41:26,409 DEBUG server.RaftServer$Division (RaftServerImpl.java:logAppendEntries(1429)) - s7@group-A82F1EDBF13F: succeeded to handle AppendEntries. Reply: s11<-s7#7849:OK-t1,SUCCESS,nextIndex=164,followerCommit=161,matchIndex=163
2023-03-07 04:41:26,409 DEBUG server.RaftServer$Division (RaftServerImpl.java:logAppendEntries(1429)) - s3@group-A82F1EDBF13F: succeeded to handle AppendEntries. Reply: s11<-s3#7851:OK-t1,SUCCESS,nextIndex=164,followerCommit=161,matchIndex=163
2023-03-07 04:41:26,409 DEBUG server.RaftServer$Division (RaftServerImpl.java:logAppendEntries(1429)) - s1@group-A82F1EDBF13F: receive appendEntries(s11, 1, (t:1, i:161), 161, true, commits:[s11:c161, s13:c158, s12:c154, s3:c159, s4:c159, s5:c159, s10:c158, s6:c159, s7:c159, s8:c159, s9:c154, s14:c159, s0:c159, s1:c159, s2:c159], cId:7848, entries: [(t:1, i:162), METADATAENTRY(c:161), (t:1, i:163), STATEMACHINELOGENTRY, 7846@client-8BEEC01311DE]
2023-03-07 04:41:26,409 DEBUG server.RaftServer$Division (RaftServerImpl.java:logAppendEntries(1429)) - s8@group-A82F1EDBF13F: receive appendEntries(s11, 1, (t:1, i:161), 161, true, commits:[s11:c161, s13:c158, s12:c154, s3:c159, s4:c159, s5:c159, s10:c158, s6:c159, s7:c159, s8:c159, s9:c154, s14:c159, s0:c159, s1:c159, s2:c159], cId:7850, entries: [(t:1, i:162), METADATAENTRY(c:161), (t:1, i:163), STATEMACHINELOGENTRY, 7846@client-8BEEC01311DE]
2023-03-07 04:41:26,409 DEBUG server.RaftServer$Division (RaftServerImpl.java:logAppendEntries(1429)) - s6@group-A82F1EDBF13F: receive appendEntries(s11, 1, (t:1, i:161), 161, true, commits:[s11:c161, s13:c158, s12:c154, s3:c159, s4:c159, s5:c159, s10:c158, s6:c159, s7:c159, s8:c159, s9:c154, s14:c159, s0:c159, s1:c159, s2:c159], cId:7852, entries: [(t:1, i:162), METADATAENTRY(c:161), (t:1, i:163), STATEMACHINELOGENTRY, 7846@client-8BEEC01311DE]
2023-03-07 04:41:26,409 DEBUG server.RaftServer$Division (RaftServerImpl.java:logAppendEntries(1429)) - s1@group-A82F1EDBF13F: succeeded to handle AppendEntries. Reply: s11<-s1#7848:OK-t1,SUCCESS,nextIndex=164,followerCommit=161,matchIndex=163
2023-03-07 04:41:26,410 DEBUG server.RaftServer$Division (RaftServerImpl.java:logAppendEntries(1429)) - s14@group-A82F1EDBF13F: succeeded to handle AppendEntries. Reply: s11<-s14#7855:OK-t1,SUCCESS,nextIndex=164,followerCommit=161,matchIndex=163
2023-03-07 04:41:26,410 DEBUG server.RaftServer$Division (RaftServerImpl.java:logAppendEntries(1429)) - s8@group-A82F1EDBF13F: succeeded to handle AppendEntries. Reply: s11<-s8#7850:OK-t1,SUCCESS,nextIndex=164,followerCommit=161,matchIndex=163
2023-03-07 04:41:26,410 DEBUG server.RaftServer$Division (RaftServerImpl.java:logAppendEntries(1429)) - s6@group-A82F1EDBF13F: succeeded to handle AppendEntries. Reply: s11<-s6#7852:OK-t1,SUCCESS,nextIndex=164,followerCommit=161,matchIndex=163
2023-03-07 04:41:26,410 DEBUG server.RaftServer$Division (RaftServerImpl.java:logAppendEntries(1429)) - s0@group-A82F1EDBF13F: receive appendEntries(s11, 1, (t:1, i:161), 161, true, commits:[s11:c161, s13:c158, s12:c154, s3:c161, s4:c161, s5:c159, s10:c158, s6:c159, s7:c161, s8:c159, s9:c154, s14:c160, s0:c160, s1:c159, s2:c159], cId:7856, entries: [(t:1, i:162), METADATAENTRY(c:161), (t:1, i:163), STATEMACHINELOGENTRY, 7846@client-8BEEC01311DE]
2023-03-07 04:41:26,410 DEBUG server.RaftServer$Division (RaftServerImpl.java:logAppendEntries(1429)) - s5@group-A82F1EDBF13F: receive appendEntries(s11, 1, (t:1, i:161), 161, true, commits:[s11:c161, s13:c158, s12:c154, s3:c159, s4:c159, s5:c159, s10:c158, s6:c159, s7:c159, s8:c159, s9:c154, s14:c159, s0:c159, s1:c159, s2:c159], cId:7854, entries: [(t:1, i:162), METADATAENTRY(c:161), (t:1, i:163), STATEMACHINELOGENTRY, 7846@client-8BEEC01311DE]
2023-03-07 04:41:26,411 DEBUG server.RaftServer$Division (RaftServerImpl.java:logAppendEntries(1429)) - s0@group-A82F1EDBF13F: succeeded to handle AppendEntries. Reply: s11<-s0#7856:OK-t1,SUCCESS,nextIndex=164,followerCommit=161,matchIndex=163
2023-03-07 04:41:26,411 DEBUG server.RaftServer$Division (RaftServerImpl.java:logAppendEntries(1429)) - s13@group-A82F1EDBF13F: receive appendEntries(s11, 1, (t:1, i:161), 161, true, commits:[s11:c161, s13:c160, s12:c154, s3:c161, s4:c161, s5:c159, s10:c158, s6:c159, s7:c161, s8:c161, s9:c154, s14:c160, s0:c160, s1:c161, s2:c159], cId:7857, entries: [(t:1, i:162), METADATAENTRY(c:161), (t:1, i:163), STATEMACHINELOGENTRY, 7846@client-8BEEC01311DE]
2023-03-07 04:41:26,411 DEBUG server.RaftServer$Division (RaftServerImpl.java:logAppendEntries(1429)) - s5@group-A82F1EDBF13F: succeeded to handle AppendEntries. Reply: s11<-s5#7854:OK-t1,SUCCESS,nextIndex=164,followerCommit=161,matchIndex=163
2023-03-07 04:41:26,412 DEBUG server.RaftServer$Division (RaftServerImpl.java:logAppendEntries(1429)) - s13@group-A82F1EDBF13F: succeeded to handle AppendEntries. Reply: s11<-s13#7857:OK-t1,SUCCESS,nextIndex=164,followerCommit=161,matchIndex=163
2023-03-07 04:41:26,412 DEBUG server.RaftServer$Division (RaftServerImpl.java:logAppendEntries(1429)) - s1@group-A82F1EDBF13F: receive appendEntries(s11, 1, (t:1, i:163), 163, true, commits:[s11:c163, s13:c160, s12:c159, s3:c161, s4:c161, s5:c161, s10:c159, s6:c159, s7:c161, s8:c161, s9:c159, s14:c160, s0:c161, s1:c161, s2:c159], cId:7864, entries: [(t:1, i:164), METADATAENTRY(c:163)]
2023-03-07 04:41:26,412 DEBUG server.RaftServer$Division (RaftServerImpl.java:logAppendEntries(1429)) - s4@group-A82F1EDBF13F: receive appendEntries(s11, 1, (t:1, i:163), 163, true, commits:[s11:c163, s13:c160, s12:c159, s3:c161, s4:c161, s5:c161, s10:c159, s6:c159, s7:c161, s8:c161, s9:c159, s14:c160, s0:c161, s1:c161, s2:c159], cId:7865, entries: [(t:1, i:164), METADATAENTRY(c:163)]
2023-03-07 04:41:26,412 INFO  statemachine.StateMachine (ArithmeticStateMachine.java:applyTransaction(182)) - LEADER:s11-163: b = 5940 = 5940
2023-03-07 04:41:26,412 DEBUG server.RaftServer$Division (RaftServerImpl.java:logAppendEntries(1429)) - s7@group-A82F1EDBF13F: receive appendEntries(s11, 1, (t:1, i:163), 163, true, commits:[s11:c163, s13:c160, s12:c159, s3:c161, s4:c161, s5:c161, s10:c159, s6:c159, s7:c161, s8:c161, s9:c159, s14:c160, s0:c161, s1:c161, s2:c159], cId:7861, entries: [(t:1, i:164), METADATAENTRY(c:163)]
2023-03-07 04:41:26,412 DEBUG server.RaftServer$Division (RaftServerImpl.java:logAppendEntries(1429)) - s1@group-A82F1EDBF13F: succeeded to handle AppendEntries. Reply: s11<-s1#7864:OK-t1,SUCCESS,nextIndex=165,followerCommit=163,matchIndex=164
2023-03-07 04:41:26,413 DEBUG server.RaftServer$Division (RaftServerImpl.java:logAppendEntries(1429)) - s2@group-A82F1EDBF13F: receive appendEntries(s11, 1, (t:1, i:161), 161, true, commits:[s11:c161, s13:c158, s12:c154, s3:c159, s4:c159, s5:c159, s10:c158, s6:c159, s7:c159, s8:c159, s9:c154, s14:c159, s0:c159, s1:c159, s2:c159], cId:7853, entries: [(t:1, i:162), METADATAENTRY(c:161), (t:1, i:163), STATEMACHINELOGENTRY, 7846@client-8BEEC01311DE]
2023-03-07 04:41:26,413 DEBUG server.RaftServer$Division (RaftServerImpl.java:logAppendEntries(1429)) - s3@group-A82F1EDBF13F: receive appendEntries(s11, 1, (t:1, i:163), 163, true, commits:[s11:c163, s13:c160, s12:c159, s3:c161, s4:c161, s5:c161, s10:c159, s6:c159, s7:c161, s8:c161, s9:c159, s14:c160, s0:c161, s1:c161, s2:c159], cId:7866, entries: [(t:1, i:164), METADATAENTRY(c:163)]
2023-03-07 04:41:26,413 DEBUG server.RaftServer$Division (RaftServerImpl.java:logAppendEntries(1429)) - s4@group-A82F1EDBF13F: succeeded to handle AppendEntries. Reply: s11<-s4#7865:OK-t1,SUCCESS,nextIndex=165,followerCommit=163,matchIndex=164
2023-03-07 04:41:26,413 DEBUG server.RaftServer$Division (RaftServerImpl.java:logAppendEntries(1429)) - s2@group-A82F1EDBF13F: succeeded to handle AppendEntries. Reply: s11<-s2#7853:OK-t1,SUCCESS,nextIndex=164,followerCommit=161,matchIndex=163
2023-03-07 04:41:26,413 DEBUG server.RaftServer$Division (RaftServerImpl.java:logAppendEntries(1429)) - s7@group-A82F1EDBF13F: succeeded to handle AppendEntries. Reply: s11<-s7#7861:OK-t1,SUCCESS,nextIndex=165,followerCommit=163,matchIndex=164
2023-03-07 04:41:26,413 DEBUG server.RaftServer$Division (RaftServerImpl.java:logAppendEntries(1429)) - s3@group-A82F1EDBF13F: succeeded to handle AppendEntries. Reply: s11<-s3#7866:OK-t1,SUCCESS,nextIndex=165,followerCommit=163,matchIndex=164
2023-03-07 04:41:26,414 DEBUG server.RaftServer$Division (RaftServerImpl.java:submitClientRequestAsync(832)) - s11@group-A82F1EDBF13F: receive client request(RaftClientRequest:client-8BEEC01311DE->s11@group-A82F1EDBF13F, cid=7868, seq=0, RW, Message:01016304010300040201...(size=17))
2023-03-07 04:41:26,414 DEBUG server.RaftServer$Division (LeaderStateImpl.java:addPendingRequest(474)) - s11@group-A82F1EDBF13F-LeaderStateImpl: addPendingRequest at RaftClientRequest:client-8BEEC01311DE->s11@group-A82F1EDBF13F, cid=7868, seq=0, RW, Message:01016304010300040201...(size=17), entry=(t:1, i:165), STATEMACHINELOGENTRY, 7868@client-8BEEC01311DE
2023-03-07 04:41:26,414 DEBUG server.RaftServer$Division (RaftServerImpl.java:logAppendEntries(1429)) - s1@group-A82F1EDBF13F: receive appendEntries(s11, 1, (t:1, i:164), 163, true, commits:[s11:c163, s13:c160, s12:c159, s3:c163, s4:c163, s5:c161, s10:c159, s6:c159, s7:c163, s8:c161, s9:c159, s14:c160, s0:c161, s1:c163, s2:c159], cId:7872, entries: [(t:1, i:165), STATEMACHINELOGENTRY, 7868@client-8BEEC01311DE]
2023-03-07 04:41:26,414 DEBUG server.RaftServer$Division (RaftServerImpl.java:logAppendEntries(1429)) - s4@group-A82F1EDBF13F: receive appendEntries(s11, 1, (t:1, i:164), 163, true, commits:[s11:c163, s13:c160, s12:c159, s3:c163, s4:c163, s5:c161, s10:c159, s6:c159, s7:c163, s8:c161, s9:c159, s14:c160, s0:c161, s1:c163, s2:c159], cId:7870, entries: [(t:1, i:165), STATEMACHINELOGENTRY, 7868@client-8BEEC01311DE]
2023-03-07 04:41:26,414 DEBUG server.RaftServer$Division (RaftServerImpl.java:logAppendEntries(1429)) - s7@group-A82F1EDBF13F: receive appendEntries(s11, 1, (t:1, i:164), 163, true, commits:[s11:c163, s13:c160, s12:c159, s3:c163, s4:c163, s5:c161, s10:c159, s6:c159, s7:c163, s8:c161, s9:c159, s14:c160, s0:c161, s1:c163, s2:c159], cId:7871, entries: [(t:1, i:165), STATEMACHINELOGENTRY, 7868@client-8BEEC01311DE]
2023-03-07 04:41:26,415 DEBUG server.RaftServer$Division (RaftServerImpl.java:logAppendEntries(1429)) - s1@group-A82F1EDBF13F: succeeded to handle AppendEntries. Reply: s11<-s1#7872:OK-t1,SUCCESS,nextIndex=166,followerCommit=163,matchIndex=165
2023-03-07 04:41:26,415 DEBUG server.RaftServer$Division (RaftServerImpl.java:logAppendEntries(1429)) - s3@group-A82F1EDBF13F: receive appendEntries(s11, 1, (t:1, i:164), 163, true, commits:[s11:c163, s13:c160, s12:c159, s3:c163, s4:c163, s5:c161, s10:c159, s6:c159, s7:c163, s8:c161, s9:c159, s14:c160, s0:c161, s1:c163, s2:c159], cId:7869, entries: [(t:1, i:165), STATEMACHINELOGENTRY, 7868@client-8BEEC01311DE]
2023-03-07 04:41:26,415 DEBUG server.RaftServer$Division (RaftServerImpl.java:logAppendEntries(1429)) - s4@group-A82F1EDBF13F: succeeded to handle AppendEntries. Reply: s11<-s4#7870:OK-t1,SUCCESS,nextIndex=166,followerCommit=163,matchIndex=165
2023-03-07 04:41:26,415 DEBUG server.RaftServer$Division (RaftServerImpl.java:logAppendEntries(1429)) - s8@group-A82F1EDBF13F: receive appendEntries(s11, 1, (t:1, i:163), 163, true, commits:[s11:c163, s13:c160, s12:c159, s3:c161, s4:c161, s5:c161, s10:c159, s6:c159, s7:c161, s8:c161, s9:c159, s14:c160, s0:c161, s1:c161, s2:c159], cId:7862, entries: [(t:1, i:164), METADATAENTRY(c:163)]
2023-03-07 04:41:26,415 DEBUG server.RaftServer$Division (RaftServerImpl.java:logAppendEntries(1429)) - s7@group-A82F1EDBF13F: succeeded to handle AppendEntries. Reply: s11<-s7#7871:OK-t1,SUCCESS,nextIndex=166,followerCommit=163,matchIndex=165
2023-03-07 04:41:26,415 DEBUG server.RaftServer$Division (RaftServerImpl.java:logAppendEntries(1429)) - s3@group-A82F1EDBF13F: succeeded to handle AppendEntries. Reply: s11<-s3#7869:OK-t1,SUCCESS,nextIndex=166,followerCommit=163,matchIndex=165
2023-03-07 04:41:26,415 DEBUG server.RaftServer$Division (RaftServerImpl.java:logAppendEntries(1429)) - s8@group-A82F1EDBF13F: succeeded to handle AppendEntries. Reply: s11<-s8#7862:OK-t1,SUCCESS,nextIndex=165,followerCommit=163,matchIndex=164
2023-03-07 04:41:26,416 DEBUG server.RaftServer$Division (RaftServerImpl.java:logAppendEntries(1429)) - s8@group-A82F1EDBF13F: receive appendEntries(s11, 1, (t:1, i:164), 163, true, commits:[s11:c163, s13:c160, s12:c159, s3:c163, s4:c163, s5:c161, s10:c159, s6:c159, s7:c163, s8:c163, s9:c159, s14:c160, s0:c161, s1:c163, s2:c159], cId:7873, entries: [(t:1, i:165), STATEMACHINELOGENTRY, 7868@client-8BEEC01311DE]
2023-03-07 04:41:26,416 DEBUG server.RaftServer$Division (RaftServerImpl.java:logAppendEntries(1429)) - s0@group-A82F1EDBF13F: receive appendEntries(s11, 1, (t:1, i:163), 163, true, commits:[s11:c163, s13:c160, s12:c159, s3:c161, s4:c161, s5:c161, s10:c159, s6:c159, s7:c161, s8:c161, s9:c159, s14:c160, s0:c161, s1:c161, s2:c159], cId:7863, entries: [(t:1, i:164), METADATAENTRY(c:163)]
2023-03-07 04:41:26,416 DEBUG server.RaftServer$Division (RaftServerImpl.java:logAppendEntries(1429)) - s5@group-A82F1EDBF13F: receive appendEntries(s11, 1, (t:1, i:163), 163, true, commits:[s11:c163, s13:c160, s12:c159, s3:c161, s4:c161, s5:c161, s10:c159, s6:c159, s7:c161, s8:c161, s9:c159, s14:c160, s0:c161, s1:c161, s2:c159], cId:7867, entries: [(t:1, i:164), METADATAENTRY(c:163)]
2023-03-07 04:41:26,416 DEBUG server.RaftServer$Division (RaftServerImpl.java:logAppendEntries(1429)) - s8@group-A82F1EDBF13F: succeeded to handle AppendEntries. Reply: s11<-s8#7873:OK-t1,SUCCESS,nextIndex=166,followerCommit=163,matchIndex=165
2023-03-07 04:41:26,417 DEBUG server.RaftServer$Division (RaftServerImpl.java:logAppendEntries(1429)) - s5@group-A82F1EDBF13F: succeeded to handle AppendEntries. Reply: s11<-s5#7867:OK-t1,SUCCESS,nextIndex=165,followerCommit=163,matchIndex=164
2023-03-07 04:41:26,417 DEBUG server.RaftServer$Division (RaftServerImpl.java:logAppendEntries(1429)) - s0@group-A82F1EDBF13F: succeeded to handle AppendEntries. Reply: s11<-s0#7863:OK-t1,SUCCESS,nextIndex=165,followerCommit=163,matchIndex=164
2023-03-07 04:41:26,417 DEBUG server.RaftServer$Division (RaftServerImpl.java:logAppendEntries(1429)) - s5@group-A82F1EDBF13F: receive appendEntries(s11, 1, (t:1, i:164), 163, true, commits:[s11:c163, s13:c160, s12:c159, s3:c163, s4:c163, s5:c163, s10:c159, s6:c161, s7:c163, s8:c163, s9:c159, s14:c160, s0:c161, s1:c163, s2:c159], cId:7875, entries: [(t:1, i:165), STATEMACHINELOGENTRY, 7868@client-8BEEC01311DE]
2023-03-07 04:41:26,417 DEBUG server.RaftServer$Division (RaftServerImpl.java:logAppendEntries(1429)) - s9@group-A82F1EDBF13F: receive appendEntries(s11, 1, (t:1, i:161), 161, true, commits:[s11:c161, s13:c160, s12:c154, s3:c161, s4:c161, s5:c159, s10:c158, s6:c159, s7:c161, s8:c161, s9:c159, s14:c160, s0:c160, s1:c161, s2:c159], cId:7858, entries: [(t:1, i:162), METADATAENTRY(c:161), (t:1, i:163), STATEMACHINELOGENTRY, 7846@client-8BEEC01311DE]
2023-03-07 04:41:26,417 DEBUG server.RaftServer$Division (RaftServerImpl.java:logAppendEntries(1429)) - s0@group-A82F1EDBF13F: receive appendEntries(s11, 1, (t:1, i:164), 163, true, commits:[s11:c163, s13:c160, s12:c159, s3:c163, s4:c163, s5:c163, s10:c159, s6:c161, s7:c163, s8:c163, s9:c159, s14:c160, s0:c163, s1:c163, s2:c159], cId:7876, entries: [(t:1, i:165), STATEMACHINELOGENTRY, 7868@client-8BEEC01311DE]
2023-03-07 04:41:26,418 DEBUG server.RaftServer$Division (RaftServerImpl.java:logAppendEntries(1429)) - s5@group-A82F1EDBF13F: succeeded to handle AppendEntries. Reply: s11<-s5#7875:OK-t1,SUCCESS,nextIndex=166,followerCommit=163,matchIndex=165
2023-03-07 04:41:26,418 DEBUG server.RaftServer$Division (RaftServerImpl.java:logAppendEntries(1429)) - s6@group-A82F1EDBF13F: receive appendEntries(s11, 1, (t:1, i:163), 163, true, commits:[s11:c163, s13:c160, s12:c159, s3:c163, s4:c163, s5:c161, s10:c159, s6:c161, s7:c163, s8:c163, s9:c159, s14:c160, s0:c161, s1:c163, s2:c159], cId:7874, entries: [(t:1, i:164), METADATAENTRY(c:163), (t:1, i:165), STATEMACHINELOGENTRY, 7868@client-8BEEC01311DE]
2023-03-07 04:41:26,418 DEBUG server.RaftServer$Division (RaftServerImpl.java:logAppendEntries(1429)) - s9@group-A82F1EDBF13F: succeeded to handle AppendEntries. Reply: s11<-s9#7858:OK-t1,SUCCESS,nextIndex=164,followerCommit=161,matchIndex=163
2023-03-07 04:41:26,418 DEBUG server.RaftServer$Division (RaftServerImpl.java:logAppendEntries(1429)) - s0@group-A82F1EDBF13F: succeeded to handle AppendEntries. Reply: s11<-s0#7876:OK-t1,SUCCESS,nextIndex=166,followerCommit=163,matchIndex=165
2023-03-07 04:41:26,418 INFO  statemachine.StateMachine (ArithmeticStateMachine.java:applyTransaction(182)) - LEADER:s11-165: c = √(a^2 + b^2) = 5941
2023-03-07 04:41:26,419 DEBUG server.RaftServer$Division (RaftServerImpl.java:logAppendEntries(1429)) - s10@group-A82F1EDBF13F: receive appendEntries(s11, 1, (t:1, i:161), 161, true, commits:[s11:c161, s13:c160, s12:c154, s3:c161, s4:c161, s5:c159, s10:c159, s6:c159, s7:c161, s8:c161, s9:c159, s14:c160, s0:c160, s1:c161, s2:c159], cId:7859, entries: [(t:1, i:162), METADATAENTRY(c:161), (t:1, i:163), STATEMACHINELOGENTRY, 7846@client-8BEEC01311DE]
2023-03-07 04:41:26,419 DEBUG server.RaftServer$Division (RaftServerImpl.java:logAppendEntries(1429)) - s3@group-A82F1EDBF13F: receive appendEntries(s11, 1, (t:1, i:165), 165, true, commits:[s11:c165, s13:c160, s12:c159, s3:c163, s4:c163, s5:c163, s10:c159, s6:c161, s7:c163, s8:c163, s9:c159, s14:c160, s0:c163, s1:c163, s2:c159], cId:7883, entries: [(t:1, i:166), METADATAENTRY(c:165)]
2023-03-07 04:41:26,419 DEBUG server.RaftServer$Division (RaftServerImpl.java:logAppendEntries(1429)) - s7@group-A82F1EDBF13F: receive appendEntries(s11, 1, (t:1, i:165), 165, true, commits:[s11:c165, s13:c160, s12:c159, s3:c163, s4:c163, s5:c163, s10:c159, s6:c161, s7:c163, s8:c163, s9:c159, s14:c160, s0:c163, s1:c163, s2:c159], cId:7881, entries: [(t:1, i:166), METADATAENTRY(c:165)]
2023-03-07 04:41:26,419 DEBUG server.RaftServer$Division (RaftServerImpl.java:logAppendEntries(1429)) - s1@group-A82F1EDBF13F: receive appendEntries(s11, 1, (t:1, i:165), 165, true, commits:[s11:c165, s13:c160, s12:c159, s3:c163, s4:c163, s5:c163, s10:c159, s6:c161, s7:c163, s8:c163, s9:c159, s14:c160, s0:c163, s1:c163, s2:c159], cId:7877, entries: [(t:1, i:166), METADATAENTRY(c:165)]
2023-03-07 04:41:26,419 DEBUG server.RaftServer$Division (RaftServerImpl.java:logAppendEntries(1429)) - s4@group-A82F1EDBF13F: receive appendEntries(s11, 1, (t:1, i:165), 165, true, commits:[s11:c165, s13:c160, s12:c159, s3:c163, s4:c163, s5:c163, s10:c159, s6:c161, s7:c163, s8:c163, s9:c159, s14:c160, s0:c163, s1:c163, s2:c159], cId:7879, entries: [(t:1, i:166), METADATAENTRY(c:165)]
2023-03-07 04:41:26,419 DEBUG server.RaftServer$Division (RaftServerImpl.java:logAppendEntries(1429)) - s6@group-A82F1EDBF13F: succeeded to handle AppendEntries. Reply: s11<-s6#7874:OK-t1,SUCCESS,nextIndex=166,followerCommit=163,matchIndex=165
2023-03-07 04:41:26,419 DEBUG server.RaftServer$Division (RaftServerImpl.java:logAppendEntries(1429)) - s1@group-A82F1EDBF13F: succeeded to handle AppendEntries. Reply: s11<-s1#7877:OK-t1,SUCCESS,nextIndex=167,followerCommit=165,matchIndex=166
2023-03-07 04:41:26,419 DEBUG server.RaftServer$Division (RaftServerImpl.java:submitClientRequestAsync(832)) - s11@group-A82F1EDBF13F: receive client request(RaftClientRequest:client-8BEEC01311DE->s11@group-A82F1EDBF13F, cid=7884, seq=0, RW, Message:01016100)
2023-03-07 04:41:26,420 DEBUG server.RaftServer$Division (LeaderStateImpl.java:addPendingRequest(474)) - s11@group-A82F1EDBF13F-LeaderStateImpl: addPendingRequest at RaftClientRequest:client-8BEEC01311DE->s11@group-A82F1EDBF13F, cid=7884, seq=0, RW, Message:01016100, entry=(t:1, i:167), STATEMACHINELOGENTRY, 7884@client-8BEEC01311DE
2023-03-07 04:41:26,420 DEBUG server.RaftServer$Division (RaftServerImpl.java:logAppendEntries(1429)) - s10@group-A82F1EDBF13F: succeeded to handle AppendEntries. Reply: s11<-s10#7859:OK-t1,SUCCESS,nextIndex=164,followerCommit=161,matchIndex=163
2023-03-07 04:41:26,420 DEBUG server.RaftServer$Division (RaftServerImpl.java:logAppendEntries(1429)) - s4@group-A82F1EDBF13F: succeeded to handle AppendEntries. Reply: s11<-s4#7879:OK-t1,SUCCESS,nextIndex=167,followerCommit=165,matchIndex=166
2023-03-07 04:41:26,420 DEBUG server.RaftServer$Division (RaftServerImpl.java:logAppendEntries(1429)) - s3@group-A82F1EDBF13F: succeeded to handle AppendEntries. Reply: s11<-s3#7883:OK-t1,SUCCESS,nextIndex=167,followerCommit=165,matchIndex=166
2023-03-07 04:41:26,420 DEBUG server.RaftServer$Division (RaftServerImpl.java:logAppendEntries(1429)) - s7@group-A82F1EDBF13F: succeeded to handle AppendEntries. Reply: s11<-s7#7881:OK-t1,SUCCESS,nextIndex=167,followerCommit=165,matchIndex=166
2023-03-07 04:41:26,420 DEBUG server.RaftServer$Division (RaftServerImpl.java:logAppendEntries(1429)) - s3@group-A82F1EDBF13F: receive appendEntries(s11, 1, (t:1, i:166), 165, true, commits:[s11:c165, s13:c160, s12:c159, s3:c165, s4:c163, s5:c163, s10:c159, s6:c161, s7:c163, s8:c163, s9:c159, s14:c160, s0:c163, s1:c163, s2:c159], cId:7885, entries: [(t:1, i:167), STATEMACHINELOGENTRY, 7884@client-8BEEC01311DE]
2023-03-07 04:41:26,420 DEBUG server.RaftServer$Division (RaftServerImpl.java:logAppendEntries(1429)) - s1@group-A82F1EDBF13F: receive appendEntries(s11, 1, (t:1, i:166), 165, true, commits:[s11:c165, s13:c161, s12:c159, s3:c165, s4:c163, s5:c163, s10:c159, s6:c161, s7:c163, s8:c163, s9:c159, s14:c160, s0:c163, s1:c165, s2:c159], cId:7887, entries: [(t:1, i:167), STATEMACHINELOGENTRY, 7884@client-8BEEC01311DE]
2023-03-07 04:41:26,421 DEBUG server.RaftServer$Division (RaftServerImpl.java:logAppendEntries(1429)) - s4@group-A82F1EDBF13F: receive appendEntries(s11, 1, (t:1, i:166), 165, true, commits:[s11:c165, s13:c161, s12:c159, s3:c165, s4:c165, s5:c163, s10:c159, s6:c161, s7:c163, s8:c163, s9:c159, s14:c160, s0:c163, s1:c165, s2:c159], cId:7888, entries: [(t:1, i:167), STATEMACHINELOGENTRY, 7884@client-8BEEC01311DE]
2023-03-07 04:41:26,421 DEBUG server.RaftServer$Division (RaftServerImpl.java:logAppendEntries(1429)) - s1@group-A82F1EDBF13F: succeeded to handle AppendEntries. Reply: s11<-s1#7887:OK-t1,SUCCESS,nextIndex=168,followerCommit=165,matchIndex=167
2023-03-07 04:41:26,421 DEBUG server.RaftServer$Division (RaftServerImpl.java:logAppendEntries(1429)) - s3@group-A82F1EDBF13F: succeeded to handle AppendEntries. Reply: s11<-s3#7885:OK-t1,SUCCESS,nextIndex=168,followerCommit=165,matchIndex=167
2023-03-07 04:41:26,421 DEBUG server.RaftServer$Division (RaftServerImpl.java:logAppendEntries(1429)) - s12@group-A82F1EDBF13F: receive appendEntries(s11, 1, (t:1, i:161), 161, true, commits:[s11:c161, s13:c160, s12:c159, s3:c161, s4:c161, s5:c159, s10:c159, s6:c159, s7:c161, s8:c161, s9:c159, s14:c160, s0:c160, s1:c161, s2:c159], cId:7860, entries: [(t:1, i:162), METADATAENTRY(c:161), (t:1, i:163), STATEMACHINELOGENTRY, 7846@client-8BEEC01311DE]
2023-03-07 04:41:26,421 DEBUG server.RaftServer$Division (RaftServerImpl.java:logAppendEntries(1429)) - s8@group-A82F1EDBF13F: receive appendEntries(s11, 1, (t:1, i:165), 165, true, commits:[s11:c165, s13:c160, s12:c159, s3:c163, s4:c163, s5:c163, s10:c159, s6:c161, s7:c163, s8:c163, s9:c159, s14:c160, s0:c163, s1:c163, s2:c159], cId:7882, entries: [(t:1, i:166), METADATAENTRY(c:165)]
2023-03-07 04:41:26,422 DEBUG server.RaftServer$Division (RaftServerImpl.java:logAppendEntries(1429)) - s4@group-A82F1EDBF13F: succeeded to handle AppendEntries. Reply: s11<-s4#7888:OK-t1,SUCCESS,nextIndex=168,followerCommit=165,matchIndex=167
2023-03-07 04:41:26,422 DEBUG server.RaftServer$Division (RaftServerImpl.java:logAppendEntries(1429)) - s9@group-A82F1EDBF13F: receive appendEntries(s11, 1, (t:1, i:163), 165, true, commits:[s11:c165, s13:c161, s12:c159, s3:c165, s4:c165, s5:c163, s10:c159, s6:c161, s7:c165, s8:c163, s9:c161, s14:c160, s0:c163, s1:c165, s2:c159], cId:7890, entries: [(t:1, i:164), METADATAENTRY(c:163), (t:1, i:165), STATEMACHINELOGENTRY, 7868@client-8BEEC01311DE, (t:1, i:166), METADATAENTRY(c:165), (t:1, i:167), STATEMACHINELOGENTRY, 7884@client-8BEEC01311DE]
2023-03-07 04:41:26,422 DEBUG server.RaftServer$Division (RaftServerImpl.java:logAppendEntries(1429)) - s12@group-A82F1EDBF13F: succeeded to handle AppendEntries. Reply: s11<-s12#7860:OK-t1,SUCCESS,nextIndex=164,followerCommit=161,matchIndex=163
2023-03-07 04:41:26,422 DEBUG server.RaftServer$Division (RaftServerImpl.java:logAppendEntries(1429)) - s0@group-A82F1EDBF13F: receive appendEntries(s11, 1, (t:1, i:165), 165, true, commits:[s11:c165, s13:c160, s12:c159, s3:c163, s4:c163, s5:c163, s10:c159, s6:c161, s7:c163, s8:c163, s9:c159, s14:c160, s0:c163, s1:c163, s2:c159], cId:7880, entries: [(t:1, i:166), METADATAENTRY(c:165)]
2023-03-07 04:41:26,422 DEBUG server.RaftServer$Division (RaftServerImpl.java:logAppendEntries(1429)) - s5@group-A82F1EDBF13F: receive appendEntries(s11, 1, (t:1, i:165), 165, true, commits:[s11:c165, s13:c160, s12:c159, s3:c163, s4:c163, s5:c163, s10:c159, s6:c161, s7:c163, s8:c163, s9:c159, s14:c160, s0:c163, s1:c163, s2:c159], cId:7878, entries: [(t:1, i:166), METADATAENTRY(c:165)]
2023-03-07 04:41:26,422 DEBUG server.RaftServer$Division (RaftServerImpl.java:logAppendEntries(1429)) - s8@group-A82F1EDBF13F: succeeded to handle AppendEntries. Reply: s11<-s8#7882:OK-t1,SUCCESS,nextIndex=167,followerCommit=165,matchIndex=166
2023-03-07 04:41:26,423 DEBUG server.RaftServer$Division (RaftServerImpl.java:logAppendEntries(1429)) - s9@group-A82F1EDBF13F: succeeded to handle AppendEntries. Reply: s11<-s9#7890:OK-t1,SUCCESS,nextIndex=168,followerCommit=165,matchIndex=167
2023-03-07 04:41:26,423 DEBUG server.RaftServer$Division (RaftServerImpl.java:logAppendEntries(1429)) - s8@group-A82F1EDBF13F: receive appendEntries(s11, 1, (t:1, i:166), 165, true, commits:[s11:c165, s13:c161, s12:c159, s3:c165, s4:c165, s5:c163, s10:c161, s6:c163, s7:c165, s8:c165, s9:c161, s14:c161, s0:c163, s1:c165, s2:c161], cId:7895, entries: [(t:1, i:167), STATEMACHINELOGENTRY, 7884@client-8BEEC01311DE]
2023-03-07 04:41:26,423 DEBUG server.RaftServer$Division (RaftServerImpl.java:logAppendEntries(1429)) - s0@group-A82F1EDBF13F: succeeded to handle AppendEntries. Reply: s11<-s0#7880:OK-t1,SUCCESS,nextIndex=167,followerCommit=165,matchIndex=166
2023-03-07 04:41:26,423 DEBUG server.RaftServer$Division (RaftServerImpl.java:logAppendEntries(1429)) - s6@group-A82F1EDBF13F: receive appendEntries(s11, 1, (t:1, i:165), 165, true, commits:[s11:c165, s13:c161, s12:c159, s3:c165, s4:c165, s5:c163, s10:c161, s6:c163, s7:c165, s8:c163, s9:c161, s14:c161, s0:c163, s1:c165, s2:c161], cId:7894, entries: [(t:1, i:166), METADATAENTRY(c:165), (t:1, i:167), STATEMACHINELOGENTRY, 7884@client-8BEEC01311DE]
2023-03-07 04:41:26,423 DEBUG server.RaftServer$Division (RaftServerImpl.java:logAppendEntries(1429)) - s0@group-A82F1EDBF13F: receive appendEntries(s11, 1, (t:1, i:166), 165, true, commits:[s11:c165, s13:c161, s12:c159, s3:c165, s4:c165, s5:c163, s10:c161, s6:c163, s7:c165, s8:c165, s9:c161, s14:c161, s0:c165, s1:c165, s2:c161], cId:7896, entries: [(t:1, i:167), STATEMACHINELOGENTRY, 7884@client-8BEEC01311DE]
2023-03-07 04:41:26,423 DEBUG server.RaftServer$Division (RaftServerImpl.java:logAppendEntries(1429)) - s8@group-A82F1EDBF13F: succeeded to handle AppendEntries. Reply: s11<-s8#7895:OK-t1,SUCCESS,nextIndex=168,followerCommit=165,matchIndex=167
2023-03-07 04:41:26,424 DEBUG server.RaftServer$Division (RaftServerImpl.java:logAppendEntries(1429)) - s5@group-A82F1EDBF13F: succeeded to handle AppendEntries. Reply: s11<-s5#7878:OK-t1,SUCCESS,nextIndex=167,followerCommit=165,matchIndex=166
2023-03-07 04:41:26,424 DEBUG server.RaftServer$Division (RaftServerImpl.java:logAppendEntries(1429)) - s0@group-A82F1EDBF13F: succeeded to handle AppendEntries. Reply: s11<-s0#7896:OK-t1,SUCCESS,nextIndex=168,followerCommit=165,matchIndex=167
2023-03-07 04:41:26,424 DEBUG server.RaftServer$Division (RaftServerImpl.java:logAppendEntries(1429)) - s5@group-A82F1EDBF13F: receive appendEntries(s11, 1, (t:1, i:166), 166, true, commits:[s11:c166, s13:c161, s12:c159, s3:c165, s4:c165, s5:c165, s10:c161, s6:c163, s7:c165, s8:c165, s9:c161, s14:c161, s0:c165, s1:c165, s2:c161], cId:7897, entries: [(t:1, i:167), STATEMACHINELOGENTRY, 7884@client-8BEEC01311DE]
2023-03-07 04:41:26,424 DEBUG server.RaftServer$Division (RaftServerImpl.java:logAppendEntries(1429)) - s5@group-A82F1EDBF13F: succeeded to handle AppendEntries. Reply: s11<-s5#7897:OK-t1,SUCCESS,nextIndex=168,followerCommit=166,matchIndex=167
2023-03-07 04:41:26,425 DEBUG server.RaftServer$Division (RaftServerImpl.java:logAppendEntries(1429)) - s10@group-A82F1EDBF13F: receive appendEntries(s11, 1, (t:1, i:163), 165, true, commits:[s11:c165, s13:c161, s12:c159, s3:c165, s4:c165, s5:c163, s10:c161, s6:c161, s7:c165, s8:c163, s9:c161, s14:c160, s0:c163, s1:c165, s2:c159], cId:7891, entries: [(t:1, i:164), METADATAENTRY(c:163), (t:1, i:165), STATEMACHINELOGENTRY, 7868@client-8BEEC01311DE, (t:1, i:166), METADATAENTRY(c:165), (t:1, i:167), STATEMACHINELOGENTRY, 7884@client-8BEEC01311DE]
2023-03-07 04:41:26,425 DEBUG server.RaftServer$Division (RaftServerImpl.java:logAppendEntries(1429)) - s2@group-A82F1EDBF13F: receive appendEntries(s11, 1, (t:1, i:163), 165, true, commits:[s11:c165, s13:c161, s12:c159, s3:c165, s4:c165, s5:c163, s10:c161, s6:c161, s7:c165, s8:c163, s9:c161, s14:c160, s0:c163, s1:c165, s2:c161], cId:7892, entries: [(t:1, i:164), METADATAENTRY(c:163), (t:1, i:165), STATEMACHINELOGENTRY, 7868@client-8BEEC01311DE, (t:1, i:166), METADATAENTRY(c:165), (t:1, i:167), STATEMACHINELOGENTRY, 7884@client-8BEEC01311DE]
2023-03-07 04:41:26,425 DEBUG server.RaftServer$Division (RaftServerImpl.java:logAppendEntries(1429)) - s10@group-A82F1EDBF13F: succeeded to handle AppendEntries. Reply: s11<-s10#7891:OK-t1,SUCCESS,nextIndex=168,followerCommit=165,matchIndex=167
2023-03-07 04:41:26,425 INFO  statemachine.StateMachine (ArithmeticStateMachine.java:applyTransaction(182)) - LEADER:s11-167: a = null = null
2023-03-07 04:41:26,425 DEBUG server.RaftServer$Division (RaftServerImpl.java:logAppendEntries(1429)) - s2@group-A82F1EDBF13F: succeeded to handle AppendEntries. Reply: s11<-s2#7892:OK-t1,SUCCESS,nextIndex=168,followerCommit=165,matchIndex=167
2023-03-07 04:41:26,426 DEBUG server.RaftServer$Division (RaftServerImpl.java:logAppendEntries(1429)) - s4@group-A82F1EDBF13F: receive appendEntries(s11, 1, (t:1, i:167), 167, true, commits:[s11:c167, s13:c161, s12:c159, s3:c165, s4:c165, s5:c166, s10:c161, s6:c163, s7:c165, s8:c165, s9:c165, s14:c161, s0:c165, s1:c165, s2:c161], cId:7902, entries: [(t:1, i:168), METADATAENTRY(c:167)]
2023-03-07 04:41:26,426 DEBUG server.RaftServer$Division (RaftServerImpl.java:logAppendEntries(1429)) - s3@group-A82F1EDBF13F: receive appendEntries(s11, 1, (t:1, i:167), 167, true, commits:[s11:c167, s13:c161, s12:c159, s3:c165, s4:c165, s5:c166, s10:c161, s6:c163, s7:c165, s8:c165, s9:c165, s14:c161, s0:c165, s1:c165, s2:c161], cId:7904, entries: [(t:1, i:168), METADATAENTRY(c:167)]
2023-03-07 04:41:26,426 DEBUG server.RaftServer$Division (RaftServerImpl.java:logAppendEntries(1429)) - s1@group-A82F1EDBF13F: receive appendEntries(s11, 1, (t:1, i:167), 167, true, commits:[s11:c167, s13:c161, s12:c159, s3:c165, s4:c165, s5:c166, s10:c161, s6:c163, s7:c165, s8:c165, s9:c165, s14:c161, s0:c165, s1:c165, s2:c161], cId:7900, entries: [(t:1, i:168), METADATAENTRY(c:167)]
2023-03-07 04:41:26,426 DEBUG server.RaftServer$Division (RaftServerImpl.java:submitClientRequestAsync(832)) - s11@group-A82F1EDBF13F: receive client request(RaftClientRequest:client-8BEEC01311DE->s11@group-A82F1EDBF13F, cid=7905, seq=0, RW, Message:01016200)
2023-03-07 04:41:26,426 DEBUG server.RaftServer$Division (RaftServerImpl.java:logAppendEntries(1429)) - s5@group-A82F1EDBF13F: receive appendEntries(s11, 1, (t:1, i:167), 167, true, commits:[s11:c167, s13:c161, s12:c159, s3:c165, s4:c165, s5:c166, s10:c161, s6:c163, s7:c165, s8:c165, s9:c165, s14:c161, s0:c165, s1:c165, s2:c161], cId:7901, entries: [(t:1, i:168), METADATAENTRY(c:167)]
2023-03-07 04:41:26,427 DEBUG server.RaftServer$Division (RaftServerImpl.java:logAppendEntries(1429)) - s8@group-A82F1EDBF13F: receive appendEntries(s11, 1, (t:1, i:167), 167, true, commits:[s11:c167, s13:c161, s12:c159, s3:c165, s4:c165, s5:c166, s10:c161, s6:c163, s7:c165, s8:c165, s9:c165, s14:c161, s0:c165, s1:c165, s2:c161], cId:7903, entries: [(t:1, i:168), METADATAENTRY(c:167)]
2023-03-07 04:41:26,427 DEBUG server.RaftServer$Division (RaftServerImpl.java:logAppendEntries(1429)) - s1@group-A82F1EDBF13F: succeeded to handle AppendEntries. Reply: s11<-s1#7900:OK-t1,SUCCESS,nextIndex=169,followerCommit=167,matchIndex=168
2023-03-07 04:41:26,427 DEBUG server.RaftServer$Division (RaftServerImpl.java:logAppendEntries(1429)) - s4@group-A82F1EDBF13F: succeeded to handle AppendEntries. Reply: s11<-s4#7902:OK-t1,SUCCESS,nextIndex=169,followerCommit=167,matchIndex=168
2023-03-07 04:41:26,426 DEBUG server.RaftServer$Division (RaftServerImpl.java:logAppendEntries(1429)) - s3@group-A82F1EDBF13F: succeeded to handle AppendEntries. Reply: s11<-s3#7904:OK-t1,SUCCESS,nextIndex=169,followerCommit=167,matchIndex=168
2023-03-07 04:41:26,427 DEBUG server.RaftServer$Division (RaftServerImpl.java:logAppendEntries(1429)) - s9@group-A82F1EDBF13F: receive appendEntries(s11, 1, (t:1, i:167), 167, true, commits:[s11:c167, s13:c161, s12:c159, s3:c165, s4:c165, s5:c166, s10:c161, s6:c163, s7:c165, s8:c165, s9:c165, s14:c161, s0:c165, s1:c165, s2:c161], cId:7899, entries: [(t:1, i:168), METADATAENTRY(c:167)]
2023-03-07 04:41:26,427 DEBUG server.RaftServer$Division (RaftServerImpl.java:logAppendEntries(1429)) - s5@group-A82F1EDBF13F: succeeded to handle AppendEntries. Reply: s11<-s5#7901:OK-t1,SUCCESS,nextIndex=169,followerCommit=167,matchIndex=168
2023-03-07 04:41:26,427 DEBUG server.RaftServer$Division (RaftServerImpl.java:logAppendEntries(1429)) - s3@group-A82F1EDBF13F: receive appendEntries(s11, 1, (t:1, i:168), 167, true, commits:[s11:c167, s13:c161, s12:c161, s3:c167, s4:c165, s5:c166, s10:c161, s6:c163, s7:c165, s8:c165, s9:c165, s14:c161, s0:c165, s1:c165, s2:c161], cId:7907, entries: [(t:1, i:169), STATEMACHINELOGENTRY, 7905@client-8BEEC01311DE]
2023-03-07 04:41:26,426 DEBUG server.RaftServer$Division (LeaderStateImpl.java:addPendingRequest(474)) - s11@group-A82F1EDBF13F-LeaderStateImpl: addPendingRequest at RaftClientRequest:client-8BEEC01311DE->s11@group-A82F1EDBF13F, cid=7905, seq=0, RW, Message:01016200, entry=(t:1, i:169), STATEMACHINELOGENTRY, 7905@client-8BEEC01311DE
2023-03-07 04:41:26,428 DEBUG server.RaftServer$Division (RaftServerImpl.java:logAppendEntries(1429)) - s9@group-A82F1EDBF13F: succeeded to handle AppendEntries. Reply: s11<-s9#7899:OK-t1,SUCCESS,nextIndex=169,followerCommit=167,matchIndex=168
2023-03-07 04:41:26,427 DEBUG server.RaftServer$Division (RaftServerImpl.java:logAppendEntries(1429)) - s4@group-A82F1EDBF13F: receive appendEntries(s11, 1, (t:1, i:168), 167, true, commits:[s11:c167, s13:c161, s12:c161, s3:c167, s4:c167, s5:c166, s10:c161, s6:c163, s7:c165, s8:c165, s9:c165, s14:c161, s0:c165, s1:c165, s2:c161], cId:7908, entries: [(t:1, i:169), STATEMACHINELOGENTRY, 7905@client-8BEEC01311DE]
2023-03-07 04:41:26,428 DEBUG server.RaftServer$Division (RaftServerImpl.java:logAppendEntries(1429)) - s3@group-A82F1EDBF13F: succeeded to handle AppendEntries. Reply: s11<-s3#7907:OK-t1,SUCCESS,nextIndex=170,followerCommit=167,matchIndex=169
2023-03-07 04:41:26,428 DEBUG server.RaftServer$Division (RaftServerImpl.java:logAppendEntries(1429)) - s4@group-A82F1EDBF13F: succeeded to handle AppendEntries. Reply: s11<-s4#7908:OK-t1,SUCCESS,nextIndex=170,followerCommit=167,matchIndex=169
2023-03-07 04:41:26,428 DEBUG server.RaftServer$Division (RaftServerImpl.java:logAppendEntries(1429)) - s5@group-A82F1EDBF13F: receive appendEntries(s11, 1, (t:1, i:168), 167, true, commits:[s11:c167, s13:c161, s12:c161, s3:c167, s4:c167, s5:c167, s10:c161, s6:c163, s7:c165, s8:c165, s9:c165, s14:c161, s0:c165, s1:c165, s2:c161], cId:7909, entries: [(t:1, i:169), STATEMACHINELOGENTRY, 7905@client-8BEEC01311DE]
2023-03-07 04:41:26,428 DEBUG server.RaftServer$Division (RaftServerImpl.java:logAppendEntries(1429)) - s5@group-A82F1EDBF13F: succeeded to handle AppendEntries. Reply: s11<-s5#7909:OK-t1,SUCCESS,nextIndex=170,followerCommit=167,matchIndex=169
2023-03-07 04:41:26,428 DEBUG server.RaftServer$Division (RaftServerImpl.java:logAppendEntries(1429)) - s12@group-A82F1EDBF13F: receive appendEntries(s11, 1, (t:1, i:163), 167, true, commits:[s11:c167, s13:c161, s12:c161, s3:c167, s4:c165, s5:c166, s10:c161, s6:c163, s7:c165, s8:c165, s9:c165, s14:c161, s0:c165, s1:c165, s2:c161], cId:7906, entries: [(t:1, i:164), METADATAENTRY(c:163), (t:1, i:165), STATEMACHINELOGENTRY, 7868@client-8BEEC01311DE, (t:1, i:166), METADATAENTRY(c:165), (t:1, i:167), STATEMACHINELOGENTRY, 7884@client-8BEEC01311DE, (t:1, i:168), METADATAENTRY(c:167), (t:1, i:169), STATEMACHINELOGENTRY, 7905@client-8BEEC01311DE]
2023-03-07 04:41:26,428 DEBUG server.RaftServer$Division (RaftServerImpl.java:logAppendEntries(1429)) - s6@group-A82F1EDBF13F: succeeded to handle AppendEntries. Reply: s11<-s6#7894:OK-t1,SUCCESS,nextIndex=168,followerCommit=165,matchIndex=167
2023-03-07 04:41:26,429 DEBUG server.RaftServer$Division (RaftServerImpl.java:logAppendEntries(1429)) - s1@group-A82F1EDBF13F: receive appendEntries(s11, 1, (t:1, i:168), 167, true, commits:[s11:c167, s13:c161, s12:c161, s3:c167, s4:c167, s5:c167, s10:c161, s6:c163, s7:c165, s8:c165, s9:c165, s14:c161, s0:c165, s1:c167, s2:c161], cId:7910, entries: [(t:1, i:169), STATEMACHINELOGENTRY, 7905@client-8BEEC01311DE]
2023-03-07 04:41:26,429 DEBUG server.RaftServer$Division (RaftServerImpl.java:logAppendEntries(1429)) - s1@group-A82F1EDBF13F: succeeded to handle AppendEntries. Reply: s11<-s1#7910:OK-t1,SUCCESS,nextIndex=170,followerCommit=167,matchIndex=169
2023-03-07 04:41:26,429 DEBUG server.RaftServer$Division (RaftServerImpl.java:logAppendEntries(1429)) - s8@group-A82F1EDBF13F: succeeded to handle AppendEntries. Reply: s11<-s8#7903:OK-t1,SUCCESS,nextIndex=169,followerCommit=167,matchIndex=168
2023-03-07 04:41:26,429 DEBUG server.RaftServer$Division (RaftServerImpl.java:logAppendEntries(1429)) - s12@group-A82F1EDBF13F: succeeded to handle AppendEntries. Reply: s11<-s12#7906:OK-t1,SUCCESS,nextIndex=170,followerCommit=167,matchIndex=169
2023-03-07 04:41:26,430 DEBUG server.RaftServer$Division (RaftServerImpl.java:logAppendEntries(1429)) - s8@group-A82F1EDBF13F: receive appendEntries(s11, 1, (t:1, i:168), 167, true, commits:[s11:c167, s13:c161, s12:c161, s3:c167, s4:c167, s5:c167, s10:c165, s6:c163, s7:c165, s8:c167, s9:c167, s14:c161, s0:c165, s1:c167, s2:c161], cId:7913, entries: [(t:1, i:169), STATEMACHINELOGENTRY, 7905@client-8BEEC01311DE]
2023-03-07 04:41:26,430 DEBUG server.RaftServer$Division (RaftServerImpl.java:logAppendEntries(1429)) - s9@group-A82F1EDBF13F: receive appendEntries(s11, 1, (t:1, i:168), 167, true, commits:[s11:c167, s13:c161, s12:c161, s3:c167, s4:c167, s5:c167, s10:c161, s6:c163, s7:c165, s8:c165, s9:c167, s14:c161, s0:c165, s1:c167, s2:c161], cId:7911, entries: [(t:1, i:169), STATEMACHINELOGENTRY, 7905@client-8BEEC01311DE]
2023-03-07 04:41:26,430 DEBUG server.RaftServer$Division (RaftServerImpl.java:logAppendEntries(1429)) - s0@group-A82F1EDBF13F: receive appendEntries(s11, 1, (t:1, i:167), 167, true, commits:[s11:c167, s13:c161, s12:c159, s3:c165, s4:c165, s5:c166, s10:c161, s6:c163, s7:c165, s8:c165, s9:c165, s14:c161, s0:c165, s1:c165, s2:c161], cId:7898, entries: [(t:1, i:168), METADATAENTRY(c:167)]
2023-03-07 04:41:26,430 DEBUG server.RaftServer$Division (RaftServerImpl.java:logAppendEntries(1429)) - s8@group-A82F1EDBF13F: succeeded to handle AppendEntries. Reply: s11<-s8#7913:OK-t1,SUCCESS,nextIndex=170,followerCommit=167,matchIndex=169
2023-03-07 04:41:26,431 DEBUG server.RaftServer$Division (RaftServerImpl.java:logAppendEntries(1429)) - s10@group-A82F1EDBF13F: receive appendEntries(s11, 1, (t:1, i:167), 167, true, commits:[s11:c167, s13:c161, s12:c161, s3:c167, s4:c167, s5:c167, s10:c165, s6:c163, s7:c165, s8:c165, s9:c167, s14:c161, s0:c165, s1:c167, s2:c161], cId:7912, entries: [(t:1, i:168), METADATAENTRY(c:167), (t:1, i:169), STATEMACHINELOGENTRY, 7905@client-8BEEC01311DE]
2023-03-07 04:41:26,431 DEBUG server.RaftServer$Division (RaftServerImpl.java:logAppendEntries(1429)) - s2@group-A82F1EDBF13F: receive appendEntries(s11, 1, (t:1, i:167), 167, true, commits:[s11:c167, s13:c161, s12:c161, s3:c167, s4:c167, s5:c167, s10:c165, s6:c163, s7:c165, s8:c167, s9:c167, s14:c161, s0:c165, s1:c167, s2:c165], cId:7914, entries: [(t:1, i:168), METADATAENTRY(c:167), (t:1, i:169), STATEMACHINELOGENTRY, 7905@client-8BEEC01311DE]
2023-03-07 04:41:26,431 DEBUG server.RaftServer$Division (RaftServerImpl.java:logAppendEntries(1429)) - s9@group-A82F1EDBF13F: succeeded to handle AppendEntries. Reply: s11<-s9#7911:OK-t1,SUCCESS,nextIndex=170,followerCommit=167,matchIndex=169
2023-03-07 04:41:26,431 DEBUG server.RaftServer$Division (RaftServerImpl.java:logAppendEntries(1429)) - s0@group-A82F1EDBF13F: succeeded to handle AppendEntries. Reply: s11<-s0#7898:OK-t1,SUCCESS,nextIndex=169,followerCommit=167,matchIndex=168
2023-03-07 04:41:26,431 DEBUG server.RaftServer$Division (RaftServerImpl.java:logAppendEntries(1429)) - s10@group-A82F1EDBF13F: succeeded to handle AppendEntries. Reply: s11<-s10#7912:OK-t1,SUCCESS,nextIndex=170,followerCommit=167,matchIndex=169
2023-03-07 04:41:26,431 DEBUG server.RaftServer$Division (RaftServerImpl.java:logAppendEntries(1429)) - s0@group-A82F1EDBF13F: receive appendEntries(s11, 1, (t:1, i:168), 167, true, commits:[s11:c167, s13:c161, s12:c161, s3:c167, s4:c167, s5:c167, s10:c165, s6:c165, s7:c165, s8:c167, s9:c167, s14:c161, s0:c167, s1:c167, s2:c165], cId:7916, entries: [(t:1, i:169), STATEMACHINELOGENTRY, 7905@client-8BEEC01311DE]
2023-03-07 04:41:26,430 DEBUG server.RaftServer$Division (RaftServerImpl.java:logAppendEntries(1429)) - s6@group-A82F1EDBF13F: receive appendEntries(s11, 1, (t:1, i:167), 167, true, commits:[s11:c167, s13:c161, s12:c161, s3:c167, s4:c167, s5:c167, s10:c165, s6:c165, s7:c165, s8:c167, s9:c167, s14:c161, s0:c165, s1:c167, s2:c165], cId:7915, entries: [(t:1, i:168), METADATAENTRY(c:167), (t:1, i:169), STATEMACHINELOGENTRY, 7905@client-8BEEC01311DE]
2023-03-07 04:41:26,431 DEBUG server.RaftServer$Division (RaftServerImpl.java:logAppendEntries(1429)) - s2@group-A82F1EDBF13F: succeeded to handle AppendEntries. Reply: s11<-s2#7914:OK-t1,SUCCESS,nextIndex=170,followerCommit=167,matchIndex=169
2023-03-07 04:41:26,439 DEBUG server.RaftServer$Division (RaftServerImpl.java:logAppendEntries(1429)) - s14@group-A82F1EDBF13F: receive appendEntries(s11, 1, (t:1, i:163), 165, true, commits:[s11:c165, s13:c161, s12:c159, s3:c165, s4:c165, s5:c163, s10:c161, s6:c161, s7:c165, s8:c163, s9:c161, s14:c161, s0:c163, s1:c165, s2:c161], cId:7893, entries: [(t:1, i:164), METADATAENTRY(c:163), (t:1, i:165), STATEMACHINELOGENTRY, 7868@client-8BEEC01311DE, (t:1, i:166), METADATAENTRY(c:165), (t:1, i:167), STATEMACHINELOGENTRY, 7884@client-8BEEC01311DE]
2023-03-07 04:41:26,440 DEBUG server.RaftServer$Division (RaftServerImpl.java:logAppendEntries(1429)) - s13@group-A82F1EDBF13F: receive appendEntries(s11, 1, (t:1, i:163), 165, true, commits:[s11:c165, s13:c161, s12:c159, s3:c165, s4:c163, s5:c163, s10:c159, s6:c161, s7:c163, s8:c163, s9:c159, s14:c160, s0:c163, s1:c163, s2:c159], cId:7886, entries: [(t:1, i:164), METADATAENTRY(c:163), (t:1, i:165), STATEMACHINELOGENTRY, 7868@client-8BEEC01311DE, (t:1, i:166), METADATAENTRY(c:165), (t:1, i:167), STATEMACHINELOGENTRY, 7884@client-8BEEC01311DE]
2023-03-07 04:41:26,440 DEBUG server.RaftServer$Division (RaftServerImpl.java:logAppendEntries(1429)) - s7@group-A82F1EDBF13F: receive appendEntries(s11, 1, (t:1, i:166), 165, true, commits:[s11:c165, s13:c161, s12:c159, s3:c165, s4:c165, s5:c167, s10:c165, s6:c165, s7:c165, s8:c167, s9:c167, s14:c161, s0:c167, s1:c167, s2:c165], cId:7889, entries: [(t:1, i:167), STATEMACHINELOGENTRY, 7884@client-8BEEC01311DE]
2023-03-07 04:41:26,440 DEBUG server.RaftServer$Division (RaftServerImpl.java:logAppendEntries(1429)) - s7@group-A82F1EDBF13F: succeeded to handle AppendEntries. Reply: s11<-s7#7889:OK-t1,SUCCESS,nextIndex=168,followerCommit=165,matchIndex=167
2023-03-07 04:41:26,440 DEBUG server.RaftServer$Division (RaftServerImpl.java:logAppendEntries(1429)) - s7@group-A82F1EDBF13F: receive appendEntries(s11, 1, (t:1, i:167), 168, true, commits:[s11:c168, s13:c161, s12:c161, s3:c167, s4:c167, s5:c167, s10:c165, s6:c165, s7:c165, s8:c167, s9:c167, s14:c161, s0:c167, s1:c167, s2:c165], cId:7917, entries: [(t:1, i:168), METADATAENTRY(c:167), (t:1, i:169), STATEMACHINELOGENTRY, 7905@client-8BEEC01311DE]
2023-03-07 04:41:26,441 DEBUG server.RaftServer$Division (RaftServerImpl.java:logAppendEntries(1429)) - s13@group-A82F1EDBF13F: succeeded to handle AppendEntries. Reply: s11<-s13#7886:OK-t1,SUCCESS,nextIndex=168,followerCommit=165,matchIndex=167
2023-03-07 04:41:26,441 DEBUG server.RaftServer$Division (RaftServerImpl.java:logAppendEntries(1429)) - s14@group-A82F1EDBF13F: succeeded to handle AppendEntries. Reply: s11<-s14#7893:OK-t1,SUCCESS,nextIndex=168,followerCommit=165,matchIndex=167
2023-03-07 04:41:26,441 DEBUG server.RaftServer$Division (RaftServerImpl.java:logAppendEntries(1429)) - s6@group-A82F1EDBF13F: succeeded to handle AppendEntries. Reply: s11<-s6#7915:OK-t1,SUCCESS,nextIndex=170,followerCommit=167,matchIndex=169
2023-03-07 04:41:26,441 DEBUG server.RaftServer$Division (RaftServerImpl.java:logAppendEntries(1429)) - s7@group-A82F1EDBF13F: succeeded to handle AppendEntries. Reply: s11<-s7#7917:OK-t1,SUCCESS,nextIndex=170,followerCommit=168,matchIndex=169
2023-03-07 04:41:26,441 INFO  statemachine.StateMachine (ArithmeticStateMachine.java:applyTransaction(182)) - LEADER:s11-169: b = null = null
2023-03-07 04:41:26,442 DEBUG server.RaftServer$Division (RaftServerImpl.java:logAppendEntries(1429)) - s0@group-A82F1EDBF13F: succeeded to handle AppendEntries. Reply: s11<-s0#7916:OK-t1,SUCCESS,nextIndex=170,followerCommit=167,matchIndex=169
2023-03-07 04:41:26,442 DEBUG server.RaftServer$Division (RaftServerImpl.java:submitClientRequestAsync(832)) - s11@group-A82F1EDBF13F: receive client request(RaftClientRequest:client-8BEEC01311DE->s11@group-A82F1EDBF13F, cid=7921, seq=0, RW, Message:01016300)
2023-03-07 04:41:26,442 DEBUG server.RaftServer$Division (RaftServerImpl.java:logAppendEntries(1429)) - s1@group-A82F1EDBF13F: receive appendEntries(s11, 1, (t:1, i:169), 169, true, commits:[s11:c169, s13:c165, s12:c161, s3:c167, s4:c167, s5:c167, s10:c165, s6:c167, s7:c168, s8:c167, s9:c167, s14:c165, s0:c167, s1:c167, s2:c165], cId:7925, entries: [(t:1, i:170), METADATAENTRY(c:169)]
2023-03-07 04:41:26,443 DEBUG server.RaftServer$Division (RaftServerImpl.java:logAppendEntries(1429)) - s3@group-A82F1EDBF13F: receive appendEntries(s11, 1, (t:1, i:169), 169, true, commits:[s11:c169, s13:c165, s12:c161, s3:c167, s4:c167, s5:c167, s10:c165, s6:c167, s7:c168, s8:c167, s9:c167, s14:c165, s0:c167, s1:c167, s2:c165], cId:7922, entries: [(t:1, i:170), METADATAENTRY(c:169)]
2023-03-07 04:41:26,443 DEBUG server.RaftServer$Division (RaftServerImpl.java:logAppendEntries(1429)) - s4@group-A82F1EDBF13F: receive appendEntries(s11, 1, (t:1, i:169), 169, true, commits:[s11:c169, s13:c165, s12:c161, s3:c167, s4:c167, s5:c167, s10:c165, s6:c167, s7:c168, s8:c167, s9:c167, s14:c165, s0:c167, s1:c167, s2:c165], cId:7924, entries: [(t:1, i:170), METADATAENTRY(c:169)]
2023-03-07 04:41:26,443 DEBUG server.RaftServer$Division (RaftServerImpl.java:logAppendEntries(1429)) - s1@group-A82F1EDBF13F: succeeded to handle AppendEntries. Reply: s11<-s1#7925:OK-t1,SUCCESS,nextIndex=171,followerCommit=169,matchIndex=170
2023-03-07 04:41:26,443 DEBUG server.RaftServer$Division (RaftServerImpl.java:logAppendEntries(1429)) - s3@group-A82F1EDBF13F: succeeded to handle AppendEntries. Reply: s11<-s3#7922:OK-t1,SUCCESS,nextIndex=171,followerCommit=169,matchIndex=170
2023-03-07 04:41:26,443 DEBUG server.RaftServer$Division (RaftServerImpl.java:logAppendEntries(1429)) - s7@group-A82F1EDBF13F: receive appendEntries(s11, 1, (t:1, i:169), 169, true, commits:[s11:c169, s13:c165, s12:c161, s3:c167, s4:c167, s5:c167, s10:c165, s6:c167, s7:c168, s8:c167, s9:c167, s14:c165, s0:c167, s1:c167, s2:c165], cId:7918, entries: [(t:1, i:170), METADATAENTRY(c:169)]
2023-03-07 04:41:26,443 DEBUG server.RaftServer$Division (RaftServerImpl.java:logAppendEntries(1429)) - s4@group-A82F1EDBF13F: succeeded to handle AppendEntries. Reply: s11<-s4#7924:OK-t1,SUCCESS,nextIndex=171,followerCommit=169,matchIndex=170
2023-03-07 04:41:26,443 DEBUG server.RaftServer$Division (RaftServerImpl.java:logAppendEntries(1429)) - s6@group-A82F1EDBF13F: receive appendEntries(s11, 1, (t:1, i:169), 169, true, commits:[s11:c169, s13:c165, s12:c161, s3:c167, s4:c167, s5:c167, s10:c165, s6:c167, s7:c168, s8:c167, s9:c167, s14:c165, s0:c167, s1:c167, s2:c165], cId:7923, entries: [(t:1, i:170), METADATAENTRY(c:169)]
2023-03-07 04:41:26,443 DEBUG server.RaftServer$Division (RaftServerImpl.java:logAppendEntries(1429)) - s7@group-A82F1EDBF13F: succeeded to handle AppendEntries. Reply: s11<-s7#7918:OK-t1,SUCCESS,nextIndex=171,followerCommit=169,matchIndex=170
2023-03-07 04:41:26,443 DEBUG server.RaftServer$Division (LeaderStateImpl.java:addPendingRequest(474)) - s11@group-A82F1EDBF13F-LeaderStateImpl: addPendingRequest at RaftClientRequest:client-8BEEC01311DE->s11@group-A82F1EDBF13F, cid=7921, seq=0, RW, Message:01016300, entry=(t:1, i:171), STATEMACHINELOGENTRY, 7921@client-8BEEC01311DE
2023-03-07 04:41:26,444 DEBUG server.RaftServer$Division (RaftServerImpl.java:logAppendEntries(1429)) - s8@group-A82F1EDBF13F: receive appendEntries(s11, 1, (t:1, i:169), 169, true, commits:[s11:c169, s13:c165, s12:c161, s3:c167, s4:c167, s5:c167, s10:c165, s6:c167, s7:c168, s8:c167, s9:c167, s14:c165, s0:c167, s1:c167, s2:c165], cId:7920, entries: [(t:1, i:170), METADATAENTRY(c:169)]
2023-03-07 04:41:26,444 DEBUG server.RaftServer$Division (RaftServerImpl.java:logAppendEntries(1429)) - s1@group-A82F1EDBF13F: receive appendEntries(s11, 1, (t:1, i:170), 169, true, commits:[s11:c169, s13:c165, s12:c161, s3:c169, s4:c169, s5:c167, s10:c165, s6:c167, s7:c169, s8:c167, s9:c167, s14:c165, s0:c167, s1:c169, s2:c165], cId:7930, entries: [(t:1, i:171), STATEMACHINELOGENTRY, 7921@client-8BEEC01311DE]
2023-03-07 04:41:26,444 DEBUG server.RaftServer$Division (RaftServerImpl.java:logAppendEntries(1429)) - s3@group-A82F1EDBF13F: receive appendEntries(s11, 1, (t:1, i:170), 169, true, commits:[s11:c169, s13:c165, s12:c161, s3:c169, s4:c169, s5:c167, s10:c165, s6:c167, s7:c169, s8:c167, s9:c167, s14:c165, s0:c167, s1:c169, s2:c165], cId:7929, entries: [(t:1, i:171), STATEMACHINELOGENTRY, 7921@client-8BEEC01311DE]
2023-03-07 04:41:26,444 DEBUG server.RaftServer$Division (RaftServerImpl.java:logAppendEntries(1429)) - s4@group-A82F1EDBF13F: receive appendEntries(s11, 1, (t:1, i:170), 169, true, commits:[s11:c169, s13:c165, s12:c161, s3:c169, s4:c169, s5:c167, s10:c165, s6:c167, s7:c169, s8:c167, s9:c167, s14:c165, s0:c167, s1:c169, s2:c165], cId:7928, entries: [(t:1, i:171), STATEMACHINELOGENTRY, 7921@client-8BEEC01311DE]
2023-03-07 04:41:26,444 DEBUG server.RaftServer$Division (RaftServerImpl.java:logAppendEntries(1429)) - s8@group-A82F1EDBF13F: succeeded to handle AppendEntries. Reply: s11<-s8#7920:OK-t1,SUCCESS,nextIndex=171,followerCommit=169,matchIndex=170
2023-03-07 04:41:26,445 DEBUG server.RaftServer$Division (RaftServerImpl.java:logAppendEntries(1429)) - s7@group-A82F1EDBF13F: receive appendEntries(s11, 1, (t:1, i:170), 169, true, commits:[s11:c169, s13:c165, s12:c161, s3:c169, s4:c169, s5:c167, s10:c165, s6:c167, s7:c169, s8:c167, s9:c167, s14:c165, s0:c167, s1:c169, s2:c165], cId:7931, entries: [(t:1, i:171), STATEMACHINELOGENTRY, 7921@client-8BEEC01311DE]
2023-03-07 04:41:26,445 DEBUG server.RaftServer$Division (RaftServerImpl.java:logAppendEntries(1429)) - s1@group-A82F1EDBF13F: succeeded to handle AppendEntries. Reply: s11<-s1#7930:OK-t1,SUCCESS,nextIndex=172,followerCommit=169,matchIndex=171
2023-03-07 04:41:26,445 DEBUG server.RaftServer$Division (RaftServerImpl.java:logAppendEntries(1429)) - s4@group-A82F1EDBF13F: succeeded to handle AppendEntries. Reply: s11<-s4#7928:OK-t1,SUCCESS,nextIndex=172,followerCommit=169,matchIndex=171
2023-03-07 04:41:26,445 DEBUG server.RaftServer$Division (RaftServerImpl.java:logAppendEntries(1429)) - s3@group-A82F1EDBF13F: succeeded to handle AppendEntries. Reply: s11<-s3#7929:OK-t1,SUCCESS,nextIndex=172,followerCommit=169,matchIndex=171
2023-03-07 04:41:26,445 DEBUG server.RaftServer$Division (RaftServerImpl.java:logAppendEntries(1429)) - s7@group-A82F1EDBF13F: succeeded to handle AppendEntries. Reply: s11<-s7#7931:OK-t1,SUCCESS,nextIndex=172,followerCommit=169,matchIndex=171
2023-03-07 04:41:26,445 DEBUG server.RaftServer$Division (RaftServerImpl.java:logAppendEntries(1429)) - s5@group-A82F1EDBF13F: receive appendEntries(s11, 1, (t:1, i:169), 169, true, commits:[s11:c169, s13:c165, s12:c161, s3:c167, s4:c167, s5:c167, s10:c165, s6:c167, s7:c168, s8:c167, s9:c167, s14:c165, s0:c167, s1:c167, s2:c165], cId:7919, entries: [(t:1, i:170), METADATAENTRY(c:169)]
2023-03-07 04:41:26,446 DEBUG server.RaftServer$Division (RaftServerImpl.java:logAppendEntries(1429)) - s0@group-A82F1EDBF13F: receive appendEntries(s11, 1, (t:1, i:169), 169, true, commits:[s11:c169, s13:c165, s12:c161, s3:c169, s4:c169, s5:c167, s10:c165, s6:c167, s7:c169, s8:c167, s9:c167, s14:c165, s0:c167, s1:c169, s2:c165], cId:7932, entries: [(t:1, i:170), METADATAENTRY(c:169), (t:1, i:171), STATEMACHINELOGENTRY, 7921@client-8BEEC01311DE]
2023-03-07 04:41:26,446 DEBUG server.RaftServer$Division (RaftServerImpl.java:logAppendEntries(1429)) - s13@group-A82F1EDBF13F: receive appendEntries(s11, 1, (t:1, i:167), 169, true, commits:[s11:c169, s13:c165, s12:c161, s3:c169, s4:c169, s5:c167, s10:c165, s6:c167, s7:c169, s8:c167, s9:c167, s14:c165, s0:c167, s1:c169, s2:c165], cId:7927, entries: [(t:1, i:168), METADATAENTRY(c:167), (t:1, i:169), STATEMACHINELOGENTRY, 7905@client-8BEEC01311DE, (t:1, i:170), METADATAENTRY(c:169), (t:1, i:171), STATEMACHINELOGENTRY, 7921@client-8BEEC01311DE]
2023-03-07 04:41:26,446 DEBUG server.RaftServer$Division (RaftServerImpl.java:logAppendEntries(1429)) - s8@group-A82F1EDBF13F: receive appendEntries(s11, 1, (t:1, i:170), 169, true, commits:[s11:c169, s13:c165, s12:c161, s3:c169, s4:c169, s5:c167, s10:c165, s6:c167, s7:c169, s8:c169, s9:c167, s14:c165, s0:c167, s1:c169, s2:c165], cId:7933, entries: [(t:1, i:171), STATEMACHINELOGENTRY, 7921@client-8BEEC01311DE]
2023-03-07 04:41:26,445 DEBUG server.RaftServer$Division (RaftServerImpl.java:logAppendEntries(1429)) - s6@group-A82F1EDBF13F: succeeded to handle AppendEntries. Reply: s11<-s6#7923:OK-t1,SUCCESS,nextIndex=171,followerCommit=169,matchIndex=170
2023-03-07 04:41:26,446 DEBUG server.RaftServer$Division (RaftServerImpl.java:logAppendEntries(1429)) - s5@group-A82F1EDBF13F: succeeded to handle AppendEntries. Reply: s11<-s5#7919:OK-t1,SUCCESS,nextIndex=171,followerCommit=169,matchIndex=170
2023-03-07 04:41:26,446 DEBUG server.RaftServer$Division (RaftServerImpl.java:logAppendEntries(1429)) - s8@group-A82F1EDBF13F: succeeded to handle AppendEntries. Reply: s11<-s8#7933:OK-t1,SUCCESS,nextIndex=172,followerCommit=169,matchIndex=171
2023-03-07 04:41:26,446 DEBUG server.RaftServer$Division (RaftServerImpl.java:logAppendEntries(1429)) - s0@group-A82F1EDBF13F: succeeded to handle AppendEntries. Reply: s11<-s0#7932:OK-t1,SUCCESS,nextIndex=172,followerCommit=169,matchIndex=171
2023-03-07 04:41:26,446 DEBUG server.RaftServer$Division (RaftServerImpl.java:logAppendEntries(1429)) - s14@group-A82F1EDBF13F: receive appendEntries(s11, 1, (t:1, i:167), 169, true, commits:[s11:c169, s13:c165, s12:c161, s3:c169, s4:c169, s5:c167, s10:c165, s6:c167, s7:c169, s8:c167, s9:c167, s14:c165, s0:c167, s1:c169, s2:c165], cId:7926, entries: [(t:1, i:168), METADATAENTRY(c:167), (t:1, i:169), STATEMACHINELOGENTRY, 7905@client-8BEEC01311DE, (t:1, i:170), METADATAENTRY(c:169), (t:1, i:171), STATEMACHINELOGENTRY, 7921@client-8BEEC01311DE]
2023-03-07 04:41:26,447 DEBUG server.RaftServer$Division (RaftServerImpl.java:logAppendEntries(1429)) - s6@group-A82F1EDBF13F: receive appendEntries(s11, 1, (t:1, i:170), 170, true, commits:[s11:c170, s13:c165, s12:c161, s3:c169, s4:c169, s5:c167, s10:c165, s6:c169, s7:c169, s8:c169, s9:c167, s14:c165, s0:c169, s1:c169, s2:c165], cId:7934, entries: [(t:1, i:171), STATEMACHINELOGENTRY, 7921@client-8BEEC01311DE]
2023-03-07 04:41:26,447 DEBUG server.RaftServer$Division (RaftServerImpl.java:logAppendEntries(1429)) - s5@group-A82F1EDBF13F: receive appendEntries(s11, 1, (t:1, i:170), 170, true, commits:[s11:c170, s13:c165, s12:c161, s3:c169, s4:c169, s5:c169, s10:c165, s6:c169, s7:c169, s8:c169, s9:c167, s14:c165, s0:c169, s1:c169, s2:c165], cId:7935, entries: [(t:1, i:171), STATEMACHINELOGENTRY, 7921@client-8BEEC01311DE]
2023-03-07 04:41:26,448 DEBUG server.RaftServer$Division (RaftServerImpl.java:logAppendEntries(1429)) - s14@group-A82F1EDBF13F: succeeded to handle AppendEntries. Reply: s11<-s14#7926:OK-t1,SUCCESS,nextIndex=172,followerCommit=169,matchIndex=171
2023-03-07 04:41:26,448 DEBUG server.RaftServer$Division (RaftServerImpl.java:logAppendEntries(1429)) - s6@group-A82F1EDBF13F: succeeded to handle AppendEntries. Reply: s11<-s6#7934:OK-t1,SUCCESS,nextIndex=172,followerCommit=170,matchIndex=171
2023-03-07 04:41:26,448 INFO  statemachine.StateMachine (ArithmeticStateMachine.java:applyTransaction(182)) - LEADER:s11-171: c = null = null
2023-03-07 04:41:26,449 DEBUG server.RaftServer$Division (RaftServerImpl.java:logAppendEntries(1429)) - s5@group-A82F1EDBF13F: succeeded to handle AppendEntries. Reply: s11<-s5#7935:OK-t1,SUCCESS,nextIndex=172,followerCommit=170,matchIndex=171
2023-03-07 04:41:26,449 DEBUG server.RaftServer$Division (RaftServerImpl.java:logAppendEntries(1429)) - s3@group-A82F1EDBF13F: receive appendEntries(s11, 1, (t:1, i:171), 171, true, commits:[s11:c171, s13:c165, s12:c161, s3:c169, s4:c169, s5:c169, s10:c165, s6:c170, s7:c169, s8:c169, s9:c167, s14:c169, s0:c169, s1:c169, s2:c165], cId:7940, entries: [(t:1, i:172), METADATAENTRY(c:171)]
2023-03-07 04:41:26,449 DEBUG server.RaftServer$Division (RaftServerImpl.java:logAppendEntries(1429)) - s6@group-A82F1EDBF13F: receive appendEntries(s11, 1, (t:1, i:171), 171, true, commits:[s11:c171, s13:c165, s12:c161, s3:c169, s4:c169, s5:c169, s10:c165, s6:c170, s7:c169, s8:c169, s9:c167, s14:c169, s0:c169, s1:c169, s2:c165], cId:7936, entries: [(t:1, i:172), METADATAENTRY(c:171)]
2023-03-07 04:41:26,451 DEBUG server.RaftServer$Division (RaftServerImpl.java:logAppendEntries(1429)) - s9@group-A82F1EDBF13F: receive appendEntries(s11, 1, (t:1, i:169), 171, true, commits:[s11:c171, s13:c165, s12:c161, s3:c169, s4:c169, s5:c169, s10:c165, s6:c170, s7:c169, s8:c169, s9:c167, s14:c169, s0:c169, s1:c169, s2:c165], cId:7944, entries: [(t:1, i:170), METADATAENTRY(c:169), (t:1, i:171), STATEMACHINELOGENTRY, 7921@client-8BEEC01311DE, (t:1, i:172), METADATAENTRY(c:171)]
2023-03-07 04:41:26,451 DEBUG server.RaftServer$Division (RaftServerImpl.java:logAppendEntries(1429)) - s5@group-A82F1EDBF13F: receive appendEntries(s11, 1, (t:1, i:171), 171, true, commits:[s11:c171, s13:c165, s12:c161, s3:c169, s4:c169, s5:c170, s10:c167, s6:c170, s7:c169, s8:c169, s9:c167, s14:c169, s0:c169, s1:c169, s2:c165], cId:7947, entries: [(t:1, i:172), METADATAENTRY(c:171)]
2023-03-07 04:41:26,452 DEBUG server.RaftServer$Division (RaftServerImpl.java:logAppendEntries(1429)) - s9@group-A82F1EDBF13F: succeeded to handle AppendEntries. Reply: s11<-s9#7944:OK-t1,SUCCESS,nextIndex=173,followerCommit=171,matchIndex=172
2023-03-07 04:41:26,452 DEBUG server.RaftServer$Division (RaftServerImpl.java:logAppendEntries(1429)) - s10@group-A82F1EDBF13F: receive appendEntries(s11, 1, (t:1, i:169), 171, true, commits:[s11:c171, s13:c165, s12:c161, s3:c169, s4:c169, s5:c169, s10:c167, s6:c170, s7:c169, s8:c169, s9:c167, s14:c169, s0:c169, s1:c169, s2:c165], cId:7946, entries: [(t:1, i:170), METADATAENTRY(c:169), (t:1, i:171), STATEMACHINELOGENTRY, 7921@client-8BEEC01311DE, (t:1, i:172), METADATAENTRY(c:171)]
2023-03-07 04:41:26,452 DEBUG server.RaftServer$Division (RaftServerImpl.java:logAppendEntries(1429)) - s6@group-A82F1EDBF13F: succeeded to handle AppendEntries. Reply: s11<-s6#7936:OK-t1,SUCCESS,nextIndex=173,followerCommit=171,matchIndex=172
2023-03-07 04:41:26,453 DEBUG server.RaftServer$Division (RaftServerImpl.java:logAppendEntries(1429)) - s10@group-A82F1EDBF13F: succeeded to handle AppendEntries. Reply: s11<-s10#7946:OK-t1,SUCCESS,nextIndex=173,followerCommit=171,matchIndex=172
2023-03-07 04:41:26,451 DEBUG server.RaftServer$Division (RaftServerImpl.java:logAppendEntries(1429)) - s13@group-A82F1EDBF13F: succeeded to handle AppendEntries. Reply: s11<-s13#7927:OK-t1,SUCCESS,nextIndex=172,followerCommit=169,matchIndex=171
2023-03-07 04:41:26,450 DEBUG server.RaftServer$Division (RaftServerImpl.java:logAppendEntries(1429)) - s14@group-A82F1EDBF13F: receive appendEntries(s11, 1, (t:1, i:171), 171, true, commits:[s11:c171, s13:c165, s12:c161, s3:c169, s4:c169, s5:c169, s10:c165, s6:c170, s7:c169, s8:c169, s9:c167, s14:c169, s0:c169, s1:c169, s2:c165], cId:7939, entries: [(t:1, i:172), METADATAENTRY(c:171)]
2023-03-07 04:41:26,453 DEBUG server.RaftServer$Division (RaftServerImpl.java:logAppendEntries(1429)) - s5@group-A82F1EDBF13F: succeeded to handle AppendEntries. Reply: s11<-s5#7947:OK-t1,SUCCESS,nextIndex=173,followerCommit=171,matchIndex=172
2023-03-07 04:41:26,450 DEBUG server.RaftServer$Division (RaftServerImpl.java:logAppendEntries(1429)) - s0@group-A82F1EDBF13F: receive appendEntries(s11, 1, (t:1, i:171), 171, true, commits:[s11:c171, s13:c165, s12:c161, s3:c169, s4:c169, s5:c169, s10:c165, s6:c170, s7:c169, s8:c169, s9:c167, s14:c169, s0:c169, s1:c169, s2:c165], cId:7938, entries: [(t:1, i:172), METADATAENTRY(c:171)]
2023-03-07 04:41:26,450 DEBUG server.RaftServer$Division (RaftServerImpl.java:logAppendEntries(1429)) - s8@group-A82F1EDBF13F: receive appendEntries(s11, 1, (t:1, i:171), 171, true, commits:[s11:c171, s13:c165, s12:c161, s3:c169, s4:c169, s5:c169, s10:c165, s6:c170, s7:c169, s8:c169, s9:c167, s14:c169, s0:c169, s1:c169, s2:c165], cId:7941, entries: [(t:1, i:172), METADATAENTRY(c:171)]
2023-03-07 04:41:26,450 DEBUG server.RaftServer$Division (RaftServerImpl.java:submitClientRequestAsync(832)) - s11@group-A82F1EDBF13F: receive client request(RaftClientRequest:client-8BEEC01311DE->s11@group-A82F1EDBF13F, cid=7945, seq=0, RW, Message:01016102405bc0000000...(size=12))
2023-03-07 04:41:26,454 DEBUG server.RaftServer$Division (RaftServerImpl.java:logAppendEntries(1429)) - s14@group-A82F1EDBF13F: succeeded to handle AppendEntries. Reply: s11<-s14#7939:OK-t1,SUCCESS,nextIndex=173,followerCommit=171,matchIndex=172
2023-03-07 04:41:26,450 DEBUG server.RaftServer$Division (RaftServerImpl.java:logAppendEntries(1429)) - s3@group-A82F1EDBF13F: succeeded to handle AppendEntries. Reply: s11<-s3#7940:OK-t1,SUCCESS,nextIndex=173,followerCommit=171,matchIndex=172
2023-03-07 04:41:26,450 DEBUG server.RaftServer$Division (RaftServerImpl.java:logAppendEntries(1429)) - s1@group-A82F1EDBF13F: receive appendEntries(s11, 1, (t:1, i:171), 171, true, commits:[s11:c171, s13:c165, s12:c161, s3:c169, s4:c169, s5:c169, s10:c165, s6:c170, s7:c169, s8:c169, s9:c167, s14:c169, s0:c169, s1:c169, s2:c165], cId:7937, entries: [(t:1, i:172), METADATAENTRY(c:171)]
2023-03-07 04:41:26,450 DEBUG server.RaftServer$Division (RaftServerImpl.java:logAppendEntries(1429)) - s7@group-A82F1EDBF13F: receive appendEntries(s11, 1, (t:1, i:171), 171, true, commits:[s11:c171, s13:c165, s12:c161, s3:c169, s4:c169, s5:c169, s10:c165, s6:c170, s7:c169, s8:c169, s9:c167, s14:c169, s0:c169, s1:c169, s2:c165], cId:7943, entries: [(t:1, i:172), METADATAENTRY(c:171)]
2023-03-07 04:41:26,449 DEBUG server.RaftServer$Division (RaftServerImpl.java:logAppendEntries(1429)) - s4@group-A82F1EDBF13F: receive appendEntries(s11, 1, (t:1, i:171), 171, true, commits:[s11:c171, s13:c165, s12:c161, s3:c169, s4:c169, s5:c169, s10:c165, s6:c170, s7:c169, s8:c169, s9:c167, s14:c169, s0:c169, s1:c169, s2:c165], cId:7942, entries: [(t:1, i:172), METADATAENTRY(c:171)]
2023-03-07 04:41:26,454 DEBUG server.RaftServer$Division (RaftServerImpl.java:logAppendEntries(1429)) - s1@group-A82F1EDBF13F: succeeded to handle AppendEntries. Reply: s11<-s1#7937:OK-t1,SUCCESS,nextIndex=173,followerCommit=171,matchIndex=172
2023-03-07 04:41:26,454 DEBUG server.RaftServer$Division (RaftServerImpl.java:logAppendEntries(1429)) - s0@group-A82F1EDBF13F: succeeded to handle AppendEntries. Reply: s11<-s0#7938:OK-t1,SUCCESS,nextIndex=173,followerCommit=171,matchIndex=172
2023-03-07 04:41:26,454 DEBUG server.RaftServer$Division (RaftServerImpl.java:logAppendEntries(1429)) - s3@group-A82F1EDBF13F: receive appendEntries(s11, 1, (t:1, i:172), 171, true, commits:[s11:c171, s13:c169, s12:c167, s3:c171, s4:c169, s5:c171, s10:c171, s6:c171, s7:c169, s8:c169, s9:c171, s14:c169, s0:c169, s1:c169, s2:c167], cId:7951, entries: [(t:1, i:173), STATEMACHINELOGENTRY, 7945@client-8BEEC01311DE]
2023-03-07 04:41:26,455 DEBUG server.RaftServer$Division (RaftServerImpl.java:logAppendEntries(1429)) - s4@group-A82F1EDBF13F: succeeded to handle AppendEntries. Reply: s11<-s4#7942:OK-t1,SUCCESS,nextIndex=173,followerCommit=171,matchIndex=172
2023-03-07 04:41:26,455 DEBUG server.RaftServer$Division (RaftServerImpl.java:logAppendEntries(1429)) - s7@group-A82F1EDBF13F: succeeded to handle AppendEntries. Reply: s11<-s7#7943:OK-t1,SUCCESS,nextIndex=173,followerCommit=171,matchIndex=172
2023-03-07 04:41:26,455 DEBUG server.RaftServer$Division (RaftServerImpl.java:logAppendEntries(1429)) - s8@group-A82F1EDBF13F: succeeded to handle AppendEntries. Reply: s11<-s8#7941:OK-t1,SUCCESS,nextIndex=173,followerCommit=171,matchIndex=172
2023-03-07 04:41:26,454 DEBUG server.RaftServer$Division (LeaderStateImpl.java:addPendingRequest(474)) - s11@group-A82F1EDBF13F-LeaderStateImpl: addPendingRequest at RaftClientRequest:client-8BEEC01311DE->s11@group-A82F1EDBF13F, cid=7945, seq=0, RW, Message:01016102405bc0000000...(size=12), entry=(t:1, i:173), STATEMACHINELOGENTRY, 7945@client-8BEEC01311DE
2023-03-07 04:41:26,455 DEBUG server.RaftServer$Division (RaftServerImpl.java:logAppendEntries(1429)) - s1@group-A82F1EDBF13F: receive appendEntries(s11, 1, (t:1, i:172), 171, true, commits:[s11:c171, s13:c169, s12:c167, s3:c171, s4:c169, s5:c171, s10:c171, s6:c171, s7:c169, s8:c169, s9:c171, s14:c171, s0:c169, s1:c171, s2:c167], cId:7957, entries: [(t:1, i:173), STATEMACHINELOGENTRY, 7945@client-8BEEC01311DE]
2023-03-07 04:41:26,455 DEBUG server.RaftServer$Division (RaftServerImpl.java:logAppendEntries(1429)) - s7@group-A82F1EDBF13F: receive appendEntries(s11, 1, (t:1, i:172), 171, true, commits:[s11:c171, s13:c169, s12:c167, s3:c171, s4:c171, s5:c171, s10:c171, s6:c171, s7:c171, s8:c169, s9:c171, s14:c171, s0:c169, s1:c171, s2:c167], cId:7959, entries: [(t:1, i:173), STATEMACHINELOGENTRY, 7945@client-8BEEC01311DE]
2023-03-07 04:41:26,455 DEBUG server.RaftServer$Division (RaftServerImpl.java:logAppendEntries(1429)) - s3@group-A82F1EDBF13F: succeeded to handle AppendEntries. Reply: s11<-s3#7951:OK-t1,SUCCESS,nextIndex=174,followerCommit=171,matchIndex=173
2023-03-07 04:41:26,456 DEBUG server.RaftServer$Division (RaftServerImpl.java:logAppendEntries(1429)) - s1@group-A82F1EDBF13F: succeeded to handle AppendEntries. Reply: s11<-s1#7957:OK-t1,SUCCESS,nextIndex=174,followerCommit=171,matchIndex=173
2023-03-07 04:41:26,456 DEBUG server.RaftServer$Division (RaftServerImpl.java:logAppendEntries(1429)) - s7@group-A82F1EDBF13F: succeeded to handle AppendEntries. Reply: s11<-s7#7959:OK-t1,SUCCESS,nextIndex=174,followerCommit=171,matchIndex=173
2023-03-07 04:41:26,456 DEBUG server.RaftServer$Division (RaftServerImpl.java:logAppendEntries(1429)) - s8@group-A82F1EDBF13F: receive appendEntries(s11, 1, (t:1, i:172), 172, true, commits:[s11:c172, s13:c169, s12:c167, s3:c171, s4:c171, s5:c171, s10:c171, s6:c171, s7:c171, s8:c171, s9:c171, s14:c171, s0:c169, s1:c171, s2:c167], cId:7960, entries: [(t:1, i:173), STATEMACHINELOGENTRY, 7945@client-8BEEC01311DE]
2023-03-07 04:41:26,456 DEBUG server.RaftServer$Division (RaftServerImpl.java:logAppendEntries(1429)) - s0@group-A82F1EDBF13F: receive appendEntries(s11, 1, (t:1, i:172), 172, true, commits:[s11:c172, s13:c169, s12:c167, s3:c171, s4:c171, s5:c171, s10:c171, s6:c171, s7:c171, s8:c171, s9:c171, s14:c171, s0:c171, s1:c171, s2:c167], cId:7961, entries: [(t:1, i:173), STATEMACHINELOGENTRY, 7945@client-8BEEC01311DE]
2023-03-07 04:41:26,456 DEBUG server.RaftServer$Division (RaftServerImpl.java:logAppendEntries(1429)) - s14@group-A82F1EDBF13F: receive appendEntries(s11, 1, (t:1, i:172), 171, true, commits:[s11:c171, s13:c169, s12:c167, s3:c171, s4:c169, s5:c171, s10:c171, s6:c171, s7:c169, s8:c169, s9:c171, s14:c171, s0:c169, s1:c169, s2:c167], cId:7955, entries: [(t:1, i:173), STATEMACHINELOGENTRY, 7945@client-8BEEC01311DE]
2023-03-07 04:41:26,453 DEBUG server.RaftServer$Division (RaftServerImpl.java:logAppendEntries(1429)) - s13@group-A82F1EDBF13F: receive appendEntries(s11, 1, (t:1, i:171), 171, true, commits:[s11:c171, s13:c169, s12:c167, s3:c169, s4:c169, s5:c170, s10:c167, s6:c171, s7:c169, s8:c169, s9:c171, s14:c169, s0:c169, s1:c169, s2:c165], cId:7949, entries: [(t:1, i:172), METADATAENTRY(c:171)]
2023-03-07 04:41:26,453 DEBUG server.RaftServer$Division (RaftServerImpl.java:logAppendEntries(1429)) - s12@group-A82F1EDBF13F: receive appendEntries(s11, 1, (t:1, i:169), 171, true, commits:[s11:c171, s13:c165, s12:c167, s3:c169, s4:c169, s5:c170, s10:c167, s6:c170, s7:c169, s8:c169, s9:c167, s14:c169, s0:c169, s1:c169, s2:c165], cId:7948, entries: [(t:1, i:170), METADATAENTRY(c:169), (t:1, i:171), STATEMACHINELOGENTRY, 7921@client-8BEEC01311DE, (t:1, i:172), METADATAENTRY(c:171)]
2023-03-07 04:41:26,456 DEBUG server.RaftServer$Division (RaftServerImpl.java:logAppendEntries(1429)) - s0@group-A82F1EDBF13F: succeeded to handle AppendEntries. Reply: s11<-s0#7961:OK-t1,SUCCESS,nextIndex=174,followerCommit=172,matchIndex=173
2023-03-07 04:41:26,456 DEBUG server.RaftServer$Division (RaftServerImpl.java:logAppendEntries(1429)) - s8@group-A82F1EDBF13F: succeeded to handle AppendEntries. Reply: s11<-s8#7960:OK-t1,SUCCESS,nextIndex=174,followerCommit=172,matchIndex=173
2023-03-07 04:41:26,455 DEBUG server.RaftServer$Division (RaftServerImpl.java:logAppendEntries(1429)) - s4@group-A82F1EDBF13F: receive appendEntries(s11, 1, (t:1, i:172), 171, true, commits:[s11:c171, s13:c169, s12:c167, s3:c171, s4:c171, s5:c171, s10:c171, s6:c171, s7:c169, s8:c169, s9:c171, s14:c171, s0:c169, s1:c171, s2:c167], cId:7958, entries: [(t:1, i:173), STATEMACHINELOGENTRY, 7945@client-8BEEC01311DE]
2023-03-07 04:41:26,457 DEBUG server.RaftServer$Division (RaftServerImpl.java:logAppendEntries(1429)) - s12@group-A82F1EDBF13F: succeeded to handle AppendEntries. Reply: s11<-s12#7948:OK-t1,SUCCESS,nextIndex=173,followerCommit=171,matchIndex=172
2023-03-07 04:41:26,457 DEBUG server.RaftServer$Division (RaftServerImpl.java:logAppendEntries(1429)) - s14@group-A82F1EDBF13F: succeeded to handle AppendEntries. Reply: s11<-s14#7955:OK-t1,SUCCESS,nextIndex=174,followerCommit=171,matchIndex=173
2023-03-07 04:41:26,457 DEBUG server.RaftServer$Division (RaftServerImpl.java:logAppendEntries(1429)) - s4@group-A82F1EDBF13F: succeeded to handle AppendEntries. Reply: s11<-s4#7958:OK-t1,SUCCESS,nextIndex=174,followerCommit=171,matchIndex=173
2023-03-07 04:41:26,457 DEBUG server.RaftServer$Division (RaftServerImpl.java:logAppendEntries(1429)) - s6@group-A82F1EDBF13F: receive appendEntries(s11, 1, (t:1, i:172), 171, true, commits:[s11:c171, s13:c169, s12:c167, s3:c171, s4:c169, s5:c171, s10:c171, s6:c171, s7:c169, s8:c169, s9:c171, s14:c169, s0:c169, s1:c169, s2:c167], cId:7952, entries: [(t:1, i:173), STATEMACHINELOGENTRY, 7945@client-8BEEC01311DE]
2023-03-07 04:41:26,457 INFO  statemachine.StateMachine (ArithmeticStateMachine.java:applyTransaction(182)) - LEADER:s11-173: a = 111 = 111
2023-03-07 04:41:26,458 DEBUG server.RaftServer$Division (RaftServerImpl.java:logAppendEntries(1429)) - s5@group-A82F1EDBF13F: receive appendEntries(s11, 1, (t:1, i:172), 171, true, commits:[s11:c171, s13:c169, s12:c167, s3:c171, s4:c169, s5:c171, s10:c171, s6:c171, s7:c169, s8:c169, s9:c171, s14:c171, s0:c169, s1:c169, s2:c167], cId:7956, entries: [(t:1, i:173), STATEMACHINELOGENTRY, 7945@client-8BEEC01311DE]
2023-03-07 04:41:26,458 DEBUG server.RaftServer$Division (RaftServerImpl.java:submitClientRequestAsync(832)) - s11@group-A82F1EDBF13F: receive client request(RaftClientRequest:client-8BEEC01311DE->s11@group-A82F1EDBF13F, cid=7962, seq=0, RW, Message:0101620240b810000000...(size=12))
2023-03-07 04:41:26,458 DEBUG server.RaftServer$Division (RaftServerImpl.java:logAppendEntries(1429)) - s2@group-A82F1EDBF13F: receive appendEntries(s11, 1, (t:1, i:169), 171, true, commits:[s11:c171, s13:c169, s12:c167, s3:c169, s4:c169, s5:c170, s10:c171, s6:c171, s7:c169, s8:c169, s9:c171, s14:c169, s0:c169, s1:c169, s2:c167], cId:7950, entries: [(t:1, i:170), METADATAENTRY(c:169), (t:1, i:171), STATEMACHINELOGENTRY, 7921@client-8BEEC01311DE, (t:1, i:172), METADATAENTRY(c:171)]
2023-03-07 04:41:26,458 DEBUG server.RaftServer$Division (RaftServerImpl.java:logAppendEntries(1429)) - s10@group-A82F1EDBF13F: receive appendEntries(s11, 1, (t:1, i:172), 171, true, commits:[s11:c171, s13:c169, s12:c167, s3:c171, s4:c169, s5:c171, s10:c171, s6:c171, s7:c169, s8:c169, s9:c171, s14:c169, s0:c169, s1:c169, s2:c167], cId:7953, entries: [(t:1, i:173), STATEMACHINELOGENTRY, 7945@client-8BEEC01311DE]
2023-03-07 04:41:26,458 DEBUG server.RaftServer$Division (RaftServerImpl.java:logAppendEntries(1429)) - s13@group-A82F1EDBF13F: succeeded to handle AppendEntries. Reply: s11<-s13#7949:OK-t1,SUCCESS,nextIndex=173,followerCommit=171,matchIndex=172
2023-03-07 04:41:26,458 DEBUG server.RaftServer$Division (LeaderStateImpl.java:addPendingRequest(474)) - s11@group-A82F1EDBF13F-LeaderStateImpl: addPendingRequest at RaftClientRequest:client-8BEEC01311DE->s11@group-A82F1EDBF13F, cid=7962, seq=0, RW, Message:0101620240b810000000...(size=12), entry=(t:1, i:175), STATEMACHINELOGENTRY, 7962@client-8BEEC01311DE
2023-03-07 04:41:26,459 DEBUG server.RaftServer$Division (RaftServerImpl.java:logAppendEntries(1429)) - s6@group-A82F1EDBF13F: succeeded to handle AppendEntries. Reply: s11<-s6#7952:OK-t1,SUCCESS,nextIndex=174,followerCommit=171,matchIndex=173
2023-03-07 04:41:26,459 DEBUG server.RaftServer$Division (RaftServerImpl.java:logAppendEntries(1429)) - s9@group-A82F1EDBF13F: receive appendEntries(s11, 1, (t:1, i:172), 171, true, commits:[s11:c171, s13:c169, s12:c167, s3:c171, s4:c169, s5:c171, s10:c171, s6:c171, s7:c169, s8:c169, s9:c171, s14:c169, s0:c169, s1:c169, s2:c167], cId:7954, entries: [(t:1, i:173), STATEMACHINELOGENTRY, 7945@client-8BEEC01311DE]
2023-03-07 04:41:26,459 DEBUG server.RaftServer$Division (RaftServerImpl.java:logAppendEntries(1429)) - s3@group-A82F1EDBF13F: receive appendEntries(s11, 1, (t:1, i:173), 173, true, commits:[s11:c173, s13:c169, s12:c167, s3:c171, s4:c171, s5:c171, s10:c171, s6:c171, s7:c171, s8:c172, s9:c171, s14:c171, s0:c172, s1:c171, s2:c167], cId:7966, entries: [(t:1, i:174), METADATAENTRY(c:173), (t:1, i:175), STATEMACHINELOGENTRY, 7962@client-8BEEC01311DE]
2023-03-07 04:41:26,459 DEBUG server.RaftServer$Division (RaftServerImpl.java:logAppendEntries(1429)) - s5@group-A82F1EDBF13F: succeeded to handle AppendEntries. Reply: s11<-s5#7956:OK-t1,SUCCESS,nextIndex=174,followerCommit=171,matchIndex=173
2023-03-07 04:41:26,460 DEBUG server.RaftServer$Division (RaftServerImpl.java:logAppendEntries(1429)) - s7@group-A82F1EDBF13F: receive appendEntries(s11, 1, (t:1, i:173), 173, true, commits:[s11:c173, s13:c169, s12:c171, s3:c171, s4:c171, s5:c171, s10:c171, s6:c171, s7:c171, s8:c172, s9:c171, s14:c171, s0:c172, s1:c171, s2:c167], cId:7968, entries: [(t:1, i:174), METADATAENTRY(c:173), (t:1, i:175), STATEMACHINELOGENTRY, 7962@client-8BEEC01311DE]
2023-03-07 04:41:26,460 DEBUG server.RaftServer$Division (RaftServerImpl.java:logAppendEntries(1429)) - s6@group-A82F1EDBF13F: receive appendEntries(s11, 1, (t:1, i:173), 173, true, commits:[s11:c173, s13:c169, s12:c171, s3:c171, s4:c171, s5:c171, s10:c171, s6:c171, s7:c171, s8:c172, s9:c171, s14:c171, s0:c172, s1:c171, s2:c167], cId:7970, entries: [(t:1, i:174), METADATAENTRY(c:173), (t:1, i:175), STATEMACHINELOGENTRY, 7962@client-8BEEC01311DE]
2023-03-07 04:41:26,460 DEBUG server.RaftServer$Division (RaftServerImpl.java:logAppendEntries(1429)) - s12@group-A82F1EDBF13F: receive appendEntries(s11, 1, (t:1, i:172), 173, true, commits:[s11:c173, s13:c169, s12:c171, s3:c171, s4:c171, s5:c171, s10:c171, s6:c171, s7:c171, s8:c172, s9:c171, s14:c171, s0:c172, s1:c171, s2:c167], cId:7971, entries: [(t:1, i:173), STATEMACHINELOGENTRY, 7945@client-8BEEC01311DE, (t:1, i:174), METADATAENTRY(c:173), (t:1, i:175), STATEMACHINELOGENTRY, 7962@client-8BEEC01311DE]
2023-03-07 04:41:26,460 DEBUG server.RaftServer$Division (RaftServerImpl.java:logAppendEntries(1429)) - s8@group-A82F1EDBF13F: receive appendEntries(s11, 1, (t:1, i:173), 173, true, commits:[s11:c173, s13:c169, s12:c171, s3:c171, s4:c171, s5:c171, s10:c171, s6:c171, s7:c171, s8:c172, s9:c171, s14:c171, s0:c172, s1:c171, s2:c167], cId:7969, entries: [(t:1, i:174), METADATAENTRY(c:173), (t:1, i:175), STATEMACHINELOGENTRY, 7962@client-8BEEC01311DE]
2023-03-07 04:41:26,460 DEBUG server.RaftServer$Division (RaftServerImpl.java:logAppendEntries(1429)) - s0@group-A82F1EDBF13F: receive appendEntries(s11, 1, (t:1, i:173), 173, true, commits:[s11:c173, s13:c169, s12:c167, s3:c171, s4:c171, s5:c171, s10:c171, s6:c171, s7:c171, s8:c172, s9:c171, s14:c171, s0:c172, s1:c171, s2:c167], cId:7964, entries: [(t:1, i:174), METADATAENTRY(c:173), (t:1, i:175), STATEMACHINELOGENTRY, 7962@client-8BEEC01311DE]
2023-03-07 04:41:26,461 DEBUG server.RaftServer$Division (RaftServerImpl.java:logAppendEntries(1429)) - s3@group-A82F1EDBF13F: succeeded to handle AppendEntries. Reply: s11<-s3#7966:OK-t1,SUCCESS,nextIndex=176,followerCommit=173,matchIndex=175
2023-03-07 04:41:26,459 DEBUG server.RaftServer$Division (RaftServerImpl.java:logAppendEntries(1429)) - s1@group-A82F1EDBF13F: receive appendEntries(s11, 1, (t:1, i:173), 173, true, commits:[s11:c173, s13:c169, s12:c167, s3:c171, s4:c171, s5:c171, s10:c171, s6:c171, s7:c171, s8:c172, s9:c171, s14:c171, s0:c172, s1:c171, s2:c167], cId:7967, entries: [(t:1, i:174), METADATAENTRY(c:173), (t:1, i:175), STATEMACHINELOGENTRY, 7962@client-8BEEC01311DE]
2023-03-07 04:41:26,459 DEBUG server.RaftServer$Division (RaftServerImpl.java:logAppendEntries(1429)) - s4@group-A82F1EDBF13F: receive appendEntries(s11, 1, (t:1, i:173), 173, true, commits:[s11:c173, s13:c169, s12:c167, s3:c171, s4:c171, s5:c171, s10:c171, s6:c171, s7:c171, s8:c172, s9:c171, s14:c171, s0:c172, s1:c171, s2:c167], cId:7963, entries: [(t:1, i:174), METADATAENTRY(c:173), (t:1, i:175), STATEMACHINELOGENTRY, 7962@client-8BEEC01311DE]
2023-03-07 04:41:26,459 DEBUG server.RaftServer$Division (RaftServerImpl.java:logAppendEntries(1429)) - s9@group-A82F1EDBF13F: succeeded to handle AppendEntries. Reply: s11<-s9#7954:OK-t1,SUCCESS,nextIndex=174,followerCommit=171,matchIndex=173
2023-03-07 04:41:26,459 DEBUG server.RaftServer$Division (RaftServerImpl.java:logAppendEntries(1429)) - s2@group-A82F1EDBF13F: succeeded to handle AppendEntries. Reply: s11<-s2#7950:OK-t1,SUCCESS,nextIndex=173,followerCommit=171,matchIndex=172
2023-03-07 04:41:26,459 DEBUG server.RaftServer$Division (RaftServerImpl.java:logAppendEntries(1429)) - s10@group-A82F1EDBF13F: succeeded to handle AppendEntries. Reply: s11<-s10#7953:OK-t1,SUCCESS,nextIndex=174,followerCommit=171,matchIndex=173
2023-03-07 04:41:26,461 DEBUG server.RaftServer$Division (RaftServerImpl.java:logAppendEntries(1429)) - s14@group-A82F1EDBF13F: receive appendEntries(s11, 1, (t:1, i:173), 173, true, commits:[s11:c173, s13:c169, s12:c167, s3:c171, s4:c171, s5:c171, s10:c171, s6:c171, s7:c171, s8:c172, s9:c171, s14:c171, s0:c172, s1:c171, s2:c167], cId:7965, entries: [(t:1, i:174), METADATAENTRY(c:173), (t:1, i:175), STATEMACHINELOGENTRY, 7962@client-8BEEC01311DE]
2023-03-07 04:41:26,461 DEBUG server.RaftServer$Division (RaftServerImpl.java:logAppendEntries(1429)) - s12@group-A82F1EDBF13F: succeeded to handle AppendEntries. Reply: s11<-s12#7971:OK-t1,SUCCESS,nextIndex=176,followerCommit=173,matchIndex=175
2023-03-07 04:41:26,461 DEBUG server.RaftServer$Division (RaftServerImpl.java:logAppendEntries(1429)) - s0@group-A82F1EDBF13F: succeeded to handle AppendEntries. Reply: s11<-s0#7964:OK-t1,SUCCESS,nextIndex=176,followerCommit=173,matchIndex=175
2023-03-07 04:41:26,461 DEBUG server.RaftServer$Division (RaftServerImpl.java:logAppendEntries(1429)) - s1@group-A82F1EDBF13F: succeeded to handle AppendEntries. Reply: s11<-s1#7967:OK-t1,SUCCESS,nextIndex=176,followerCommit=173,matchIndex=175
2023-03-07 04:41:26,461 DEBUG server.RaftServer$Division (RaftServerImpl.java:logAppendEntries(1429)) - s8@group-A82F1EDBF13F: succeeded to handle AppendEntries. Reply: s11<-s8#7969:OK-t1,SUCCESS,nextIndex=176,followerCommit=173,matchIndex=175
2023-03-07 04:41:26,462 DEBUG server.RaftServer$Division (RaftServerImpl.java:logAppendEntries(1429)) - s14@group-A82F1EDBF13F: succeeded to handle AppendEntries. Reply: s11<-s14#7965:OK-t1,SUCCESS,nextIndex=176,followerCommit=173,matchIndex=175
2023-03-07 04:41:26,462 DEBUG server.RaftServer$Division (RaftServerImpl.java:logAppendEntries(1429)) - s13@group-A82F1EDBF13F: receive appendEntries(s11, 1, (t:1, i:172), 173, true, commits:[s11:c173, s13:c171, s12:c171, s3:c173, s4:c171, s5:c171, s10:c171, s6:c171, s7:c171, s8:c172, s9:c171, s14:c171, s0:c173, s1:c171, s2:c167], cId:7973, entries: [(t:1, i:173), STATEMACHINELOGENTRY, 7945@client-8BEEC01311DE, (t:1, i:174), METADATAENTRY(c:173), (t:1, i:175), STATEMACHINELOGENTRY, 7962@client-8BEEC01311DE]
2023-03-07 04:41:26,462 DEBUG server.RaftServer$Division (RaftServerImpl.java:logAppendEntries(1429)) - s4@group-A82F1EDBF13F: succeeded to handle AppendEntries. Reply: s11<-s4#7963:OK-t1,SUCCESS,nextIndex=176,followerCommit=173,matchIndex=175
2023-03-07 04:41:26,462 DEBUG server.RaftServer$Division (RaftServerImpl.java:logAppendEntries(1429)) - s7@group-A82F1EDBF13F: succeeded to handle AppendEntries. Reply: s11<-s7#7968:OK-t1,SUCCESS,nextIndex=176,followerCommit=173,matchIndex=175
2023-03-07 04:41:26,463 DEBUG server.RaftServer$Division (RaftServerImpl.java:logAppendEntries(1429)) - s13@group-A82F1EDBF13F: succeeded to handle AppendEntries. Reply: s11<-s13#7973:OK-t1,SUCCESS,nextIndex=176,followerCommit=173,matchIndex=175
2023-03-07 04:41:26,463 INFO  statemachine.StateMachine (ArithmeticStateMachine.java:applyTransaction(182)) - LEADER:s11-175: b = 6160 = 6160
2023-03-07 04:41:26,463 DEBUG server.RaftServer$Division (RaftServerImpl.java:logAppendEntries(1429)) - s10@group-A82F1EDBF13F: receive appendEntries(s11, 1, (t:1, i:173), 173, true, commits:[s11:c173, s13:c171, s12:c171, s3:c173, s4:c171, s5:c171, s10:c171, s6:c171, s7:c173, s8:c172, s9:c171, s14:c173, s0:c173, s1:c171, s2:c167], cId:7974, entries: [(t:1, i:174), METADATAENTRY(c:173), (t:1, i:175), STATEMACHINELOGENTRY, 7962@client-8BEEC01311DE]
2023-03-07 04:41:26,463 DEBUG server.RaftServer$Division (RaftServerImpl.java:submitClientRequestAsync(832)) - s11@group-A82F1EDBF13F: receive client request(RaftClientRequest:client-8BEEC01311DE->s11@group-A82F1EDBF13F, cid=7980, seq=0, RW, Message:01016304010300040201...(size=17))
2023-03-07 04:41:26,463 DEBUG server.RaftServer$Division (RaftServerImpl.java:logAppendEntries(1429)) - s5@group-A82F1EDBF13F: receive appendEntries(s11, 1, (t:1, i:173), 173, true, commits:[s11:c173, s13:c169, s12:c171, s3:c171, s4:c171, s5:c171, s10:c171, s6:c171, s7:c171, s8:c172, s9:c171, s14:c171, s0:c172, s1:c171, s2:c167], cId:7972, entries: [(t:1, i:174), METADATAENTRY(c:173), (t:1, i:175), STATEMACHINELOGENTRY, 7962@client-8BEEC01311DE]
2023-03-07 04:41:26,464 DEBUG server.RaftServer$Division (RaftServerImpl.java:logAppendEntries(1429)) - s6@group-A82F1EDBF13F: succeeded to handle AppendEntries. Reply: s11<-s6#7970:OK-t1,SUCCESS,nextIndex=176,followerCommit=173,matchIndex=175
2023-03-07 04:41:26,464 DEBUG server.RaftServer$Division (RaftServerImpl.java:logAppendEntries(1429)) - s12@group-A82F1EDBF13F: receive appendEntries(s11, 1, (t:1, i:175), 175, true, commits:[s11:c175, s13:c171, s12:c173, s3:c173, s4:c173, s5:c171, s10:c171, s6:c171, s7:c173, s8:c173, s9:c171, s14:c173, s0:c173, s1:c173, s2:c171], cId:7979, entries: [(t:1, i:176), METADATAENTRY(c:175)]
2023-03-07 04:41:26,464 DEBUG server.RaftServer$Division (RaftServerImpl.java:logAppendEntries(1429)) - s10@group-A82F1EDBF13F: succeeded to handle AppendEntries. Reply: s11<-s10#7974:OK-t1,SUCCESS,nextIndex=176,followerCommit=173,matchIndex=175
2023-03-07 04:41:26,464 DEBUG server.RaftServer$Division (RaftServerImpl.java:logAppendEntries(1429)) - s3@group-A82F1EDBF13F: receive appendEntries(s11, 1, (t:1, i:175), 175, true, commits:[s11:c175, s13:c171, s12:c173, s3:c173, s4:c173, s5:c171, s10:c171, s6:c171, s7:c173, s8:c173, s9:c171, s14:c173, s0:c173, s1:c173, s2:c171], cId:7983, entries: [(t:1, i:176), METADATAENTRY(c:175), (t:1, i:177), STATEMACHINELOGENTRY, 7980@client-8BEEC01311DE]
2023-03-07 04:41:26,464 DEBUG server.RaftServer$Division (RaftServerImpl.java:logAppendEntries(1429)) - s9@group-A82F1EDBF13F: receive appendEntries(s11, 1, (t:1, i:173), 175, true, commits:[s11:c175, s13:c171, s12:c173, s3:c173, s4:c173, s5:c171, s10:c171, s6:c171, s7:c173, s8:c173, s9:c171, s14:c173, s0:c173, s1:c173, s2:c171], cId:7985, entries: [(t:1, i:174), METADATAENTRY(c:173), (t:1, i:175), STATEMACHINELOGENTRY, 7962@client-8BEEC01311DE, (t:1, i:176), METADATAENTRY(c:175), (t:1, i:177), STATEMACHINELOGENTRY, 7980@client-8BEEC01311DE]
2023-03-07 04:41:26,465 DEBUG server.RaftServer$Division (RaftServerImpl.java:logAppendEntries(1429)) - s12@group-A82F1EDBF13F: succeeded to handle AppendEntries. Reply: s11<-s12#7979:OK-t1,SUCCESS,nextIndex=177,followerCommit=175,matchIndex=176
2023-03-07 04:41:26,465 DEBUG server.RaftServer$Division (RaftServerImpl.java:logAppendEntries(1429)) - s7@group-A82F1EDBF13F: receive appendEntries(s11, 1, (t:1, i:175), 175, true, commits:[s11:c175, s13:c171, s12:c173, s3:c173, s4:c173, s5:c171, s10:c171, s6:c171, s7:c173, s8:c173, s9:c171, s14:c173, s0:c173, s1:c173, s2:c171], cId:7984, entries: [(t:1, i:176), METADATAENTRY(c:175), (t:1, i:177), STATEMACHINELOGENTRY, 7980@client-8BEEC01311DE]
2023-03-07 04:41:26,465 DEBUG server.RaftServer$Division (RaftServerImpl.java:logAppendEntries(1429)) - s1@group-A82F1EDBF13F: receive appendEntries(s11, 1, (t:1, i:175), 175, true, commits:[s11:c175, s13:c171, s12:c173, s3:c173, s4:c173, s5:c171, s10:c171, s6:c171, s7:c173, s8:c173, s9:c171, s14:c173, s0:c173, s1:c173, s2:c171], cId:7982, entries: [(t:1, i:176), METADATAENTRY(c:175), (t:1, i:177), STATEMACHINELOGENTRY, 7980@client-8BEEC01311DE]
2023-03-07 04:41:26,464 DEBUG server.RaftServer$Division (RaftServerImpl.java:logAppendEntries(1429)) - s4@group-A82F1EDBF13F: receive appendEntries(s11, 1, (t:1, i:175), 175, true, commits:[s11:c175, s13:c171, s12:c173, s3:c173, s4:c173, s5:c171, s10:c171, s6:c171, s7:c173, s8:c173, s9:c171, s14:c173, s0:c173, s1:c173, s2:c171], cId:7978, entries: [(t:1, i:176), METADATAENTRY(c:175)]
2023-03-07 04:41:26,465 DEBUG server.RaftServer$Division (RaftServerImpl.java:logAppendEntries(1429)) - s0@group-A82F1EDBF13F: receive appendEntries(s11, 1, (t:1, i:175), 175, true, commits:[s11:c175, s13:c171, s12:c173, s3:c173, s4:c173, s5:c171, s10:c171, s6:c171, s7:c173, s8:c173, s9:c171, s14:c173, s0:c173, s1:c173, s2:c171], cId:7976, entries: [(t:1, i:176), METADATAENTRY(c:175)]
2023-03-07 04:41:26,464 DEBUG server.RaftServer$Division (RaftServerImpl.java:logAppendEntries(1429)) - s2@group-A82F1EDBF13F: receive appendEntries(s11, 1, (t:1, i:172), 173, true, commits:[s11:c173, s13:c171, s12:c173, s3:c173, s4:c173, s5:c171, s10:c171, s6:c171, s7:c173, s8:c173, s9:c171, s14:c173, s0:c173, s1:c173, s2:c171], cId:7975, entries: [(t:1, i:173), STATEMACHINELOGENTRY, 7945@client-8BEEC01311DE, (t:1, i:174), METADATAENTRY(c:173), (t:1, i:175), STATEMACHINELOGENTRY, 7962@client-8BEEC01311DE]
2023-03-07 04:41:26,465 DEBUG server.RaftServer$Division (RaftServerImpl.java:logAppendEntries(1429)) - s8@group-A82F1EDBF13F: receive appendEntries(s11, 1, (t:1, i:175), 175, true, commits:[s11:c175, s13:c171, s12:c173, s3:c173, s4:c173, s5:c171, s10:c171, s6:c171, s7:c173, s8:c173, s9:c171, s14:c173, s0:c173, s1:c173, s2:c171], cId:7977, entries: [(t:1, i:176), METADATAENTRY(c:175)]
2023-03-07 04:41:26,463 DEBUG server.RaftServer$Division (LeaderStateImpl.java:addPendingRequest(474)) - s11@group-A82F1EDBF13F-LeaderStateImpl: addPendingRequest at RaftClientRequest:client-8BEEC01311DE->s11@group-A82F1EDBF13F, cid=7980, seq=0, RW, Message:01016304010300040201...(size=17), entry=(t:1, i:177), STATEMACHINELOGENTRY, 7980@client-8BEEC01311DE
2023-03-07 04:41:26,465 DEBUG server.RaftServer$Division (RaftServerImpl.java:logAppendEntries(1429)) - s9@group-A82F1EDBF13F: succeeded to handle AppendEntries. Reply: s11<-s9#7985:OK-t1,SUCCESS,nextIndex=178,followerCommit=175,matchIndex=177
2023-03-07 04:41:26,466 DEBUG server.RaftServer$Division (RaftServerImpl.java:logAppendEntries(1429)) - s2@group-A82F1EDBF13F: succeeded to handle AppendEntries. Reply: s11<-s2#7975:OK-t1,SUCCESS,nextIndex=176,followerCommit=173,matchIndex=175
2023-03-07 04:41:26,466 DEBUG server.RaftServer$Division (RaftServerImpl.java:logAppendEntries(1429)) - s8@group-A82F1EDBF13F: succeeded to handle AppendEntries. Reply: s11<-s8#7977:OK-t1,SUCCESS,nextIndex=177,followerCommit=175,matchIndex=176
2023-03-07 04:41:26,466 DEBUG server.RaftServer$Division (RaftServerImpl.java:logAppendEntries(1429)) - s14@group-A82F1EDBF13F: receive appendEntries(s11, 1, (t:1, i:175), 175, true, commits:[s11:c175, s13:c171, s12:c173, s3:c173, s4:c173, s5:c171, s10:c171, s6:c171, s7:c173, s8:c173, s9:c171, s14:c173, s0:c173, s1:c173, s2:c171], cId:7981, entries: [(t:1, i:176), METADATAENTRY(c:175), (t:1, i:177), STATEMACHINELOGENTRY, 7980@client-8BEEC01311DE]
2023-03-07 04:41:26,466 DEBUG server.RaftServer$Division (RaftServerImpl.java:logAppendEntries(1429)) - s3@group-A82F1EDBF13F: succeeded to handle AppendEntries. Reply: s11<-s3#7983:OK-t1,SUCCESS,nextIndex=178,followerCommit=175,matchIndex=177
2023-03-07 04:41:26,466 DEBUG server.RaftServer$Division (RaftServerImpl.java:logAppendEntries(1429)) - s7@group-A82F1EDBF13F: succeeded to handle AppendEntries. Reply: s11<-s7#7984:OK-t1,SUCCESS,nextIndex=178,followerCommit=175,matchIndex=177
2023-03-07 04:41:26,466 DEBUG server.RaftServer$Division (RaftServerImpl.java:logAppendEntries(1429)) - s4@group-A82F1EDBF13F: succeeded to handle AppendEntries. Reply: s11<-s4#7978:OK-t1,SUCCESS,nextIndex=177,followerCommit=175,matchIndex=176
2023-03-07 04:41:26,466 DEBUG server.RaftServer$Division (RaftServerImpl.java:logAppendEntries(1429)) - s6@group-A82F1EDBF13F: receive appendEntries(s11, 1, (t:1, i:175), 175, true, commits:[s11:c175, s13:c171, s12:c173, s3:c173, s4:c173, s5:c171, s10:c171, s6:c173, s7:c173, s8:c173, s9:c171, s14:c173, s0:c173, s1:c173, s2:c171], cId:7986, entries: [(t:1, i:176), METADATAENTRY(c:175), (t:1, i:177), STATEMACHINELOGENTRY, 7980@client-8BEEC01311DE]
2023-03-07 04:41:26,466 DEBUG server.RaftServer$Division (RaftServerImpl.java:logAppendEntries(1429)) - s8@group-A82F1EDBF13F: receive appendEntries(s11, 1, (t:1, i:176), 175, true, commits:[s11:c175, s13:c171, s12:c173, s3:c173, s4:c175, s5:c171, s10:c171, s6:c173, s7:c173, s8:c175, s9:c171, s14:c173, s0:c173, s1:c173, s2:c171], cId:7988, entries: [(t:1, i:177), STATEMACHINELOGENTRY, 7980@client-8BEEC01311DE]
2023-03-07 04:41:26,467 DEBUG server.RaftServer$Division (RaftServerImpl.java:logAppendEntries(1429)) - s4@group-A82F1EDBF13F: receive appendEntries(s11, 1, (t:1, i:176), 175, true, commits:[s11:c175, s13:c171, s12:c173, s3:c173, s4:c175, s5:c171, s10:c171, s6:c173, s7:c173, s8:c173, s9:c171, s14:c173, s0:c173, s1:c173, s2:c171], cId:7987, entries: [(t:1, i:177), STATEMACHINELOGENTRY, 7980@client-8BEEC01311DE]
2023-03-07 04:41:26,467 DEBUG server.RaftServer$Division (RaftServerImpl.java:logAppendEntries(1429)) - s1@group-A82F1EDBF13F: succeeded to handle AppendEntries. Reply: s11<-s1#7982:OK-t1,SUCCESS,nextIndex=178,followerCommit=175,matchIndex=177
2023-03-07 04:41:26,467 DEBUG server.RaftServer$Division (RaftServerImpl.java:logAppendEntries(1429)) - s0@group-A82F1EDBF13F: succeeded to handle AppendEntries. Reply: s11<-s0#7976:OK-t1,SUCCESS,nextIndex=177,followerCommit=175,matchIndex=176
2023-03-07 04:41:26,467 DEBUG server.RaftServer$Division (RaftServerImpl.java:logAppendEntries(1429)) - s0@group-A82F1EDBF13F: receive appendEntries(s11, 1, (t:1, i:176), 175, true, commits:[s11:c175, s13:c171, s12:c173, s3:c175, s4:c175, s5:c171, s10:c171, s6:c173, s7:c175, s8:c175, s9:c171, s14:c173, s0:c175, s1:c173, s2:c171], cId:7989, entries: [(t:1, i:177), STATEMACHINELOGENTRY, 7980@client-8BEEC01311DE]
2023-03-07 04:41:26,468 DEBUG server.RaftServer$Division (RaftServerImpl.java:logAppendEntries(1429)) - s8@group-A82F1EDBF13F: succeeded to handle AppendEntries. Reply: s11<-s8#7988:OK-t1,SUCCESS,nextIndex=178,followerCommit=175,matchIndex=177
2023-03-07 04:41:26,468 DEBUG server.RaftServer$Division (RaftServerImpl.java:logAppendEntries(1429)) - s14@group-A82F1EDBF13F: succeeded to handle AppendEntries. Reply: s11<-s14#7981:OK-t1,SUCCESS,nextIndex=178,followerCommit=175,matchIndex=177
2023-03-07 04:41:26,468 DEBUG server.RaftServer$Division (RaftServerImpl.java:logAppendEntries(1429)) - s5@group-A82F1EDBF13F: succeeded to handle AppendEntries. Reply: s11<-s5#7972:OK-t1,SUCCESS,nextIndex=176,followerCommit=173,matchIndex=175
2023-03-07 04:41:26,468 DEBUG server.RaftServer$Division (RaftServerImpl.java:logAppendEntries(1429)) - s0@group-A82F1EDBF13F: succeeded to handle AppendEntries. Reply: s11<-s0#7989:OK-t1,SUCCESS,nextIndex=178,followerCommit=175,matchIndex=177
2023-03-07 04:41:26,468 DEBUG server.RaftServer$Division (RaftServerImpl.java:logAppendEntries(1429)) - s4@group-A82F1EDBF13F: succeeded to handle AppendEntries. Reply: s11<-s4#7987:OK-t1,SUCCESS,nextIndex=178,followerCommit=175,matchIndex=177
2023-03-07 04:41:26,469 DEBUG server.RaftServer$Division (RaftServerImpl.java:logAppendEntries(1429)) - s5@group-A82F1EDBF13F: receive appendEntries(s11, 1, (t:1, i:175), 176, true, commits:[s11:c176, s13:c173, s12:c175, s3:c175, s4:c175, s5:c173, s10:c173, s6:c173, s7:c175, s8:c175, s9:c171, s14:c173, s0:c175, s1:c175, s2:c173], cId:7994, entries: [(t:1, i:176), METADATAENTRY(c:175), (t:1, i:177), STATEMACHINELOGENTRY, 7980@client-8BEEC01311DE]
2023-03-07 04:41:26,468 DEBUG server.RaftServer$Division (RaftServerImpl.java:logAppendEntries(1429)) - s13@group-A82F1EDBF13F: receive appendEntries(s11, 1, (t:1, i:175), 176, true, commits:[s11:c176, s13:c173, s12:c175, s3:c175, s4:c175, s5:c171, s10:c173, s6:c173, s7:c175, s8:c175, s9:c171, s14:c173, s0:c175, s1:c175, s2:c171], cId:7992, entries: [(t:1, i:176), METADATAENTRY(c:175), (t:1, i:177), STATEMACHINELOGENTRY, 7980@client-8BEEC01311DE]
2023-03-07 04:41:26,470 DEBUG server.RaftServer$Division (RaftServerImpl.java:logAppendEntries(1429)) - s8@group-A82F1EDBF13F: receive appendEntries(s11, 1, (t:1, i:177), 177, true, commits:[s11:c177, s13:c173, s12:c175, s3:c175, s4:c175, s5:c173, s10:c173, s6:c173, s7:c175, s8:c175, s9:c175, s14:c175, s0:c175, s1:c175, s2:c173], cId:7998, entries: [(t:1, i:178), METADATAENTRY(c:177)]
2023-03-07 04:41:26,470 DEBUG server.RaftServer$Division (RaftServerImpl.java:logAppendEntries(1429)) - s1@group-A82F1EDBF13F: receive appendEntries(s11, 1, (t:1, i:177), 177, true, commits:[s11:c177, s13:c173, s12:c175, s3:c175, s4:c175, s5:c173, s10:c173, s6:c173, s7:c175, s8:c175, s9:c175, s14:c175, s0:c175, s1:c175, s2:c173], cId:8000, entries: [(t:1, i:178), METADATAENTRY(c:177)]
2023-03-07 04:41:26,470 DEBUG server.RaftServer$Division (RaftServerImpl.java:logAppendEntries(1429)) - s14@group-A82F1EDBF13F: receive appendEntries(s11, 1, (t:1, i:177), 177, true, commits:[s11:c177, s13:c173, s12:c175, s3:c175, s4:c175, s5:c173, s10:c173, s6:c173, s7:c175, s8:c175, s9:c175, s14:c175, s0:c175, s1:c175, s2:c173], cId:7995, entries: [(t:1, i:178), METADATAENTRY(c:177)]
2023-03-07 04:41:26,470 DEBUG server.RaftServer$Division (RaftServerImpl.java:logAppendEntries(1429)) - s0@group-A82F1EDBF13F: receive appendEntries(s11, 1, (t:1, i:177), 177, true, commits:[s11:c177, s13:c173, s12:c175, s3:c175, s4:c175, s5:c173, s10:c173, s6:c173, s7:c175, s8:c175, s9:c175, s14:c175, s0:c175, s1:c175, s2:c173], cId:7996, entries: [(t:1, i:178), METADATAENTRY(c:177)]
2023-03-07 04:41:26,470 DEBUG server.RaftServer$Division (RaftServerImpl.java:logAppendEntries(1429)) - s4@group-A82F1EDBF13F: receive appendEntries(s11, 1, (t:1, i:177), 177, true, commits:[s11:c177, s13:c173, s12:c175, s3:c175, s4:c175, s5:c173, s10:c173, s6:c173, s7:c175, s8:c175, s9:c175, s14:c175, s0:c175, s1:c175, s2:c173], cId:7999, entries: [(t:1, i:178), METADATAENTRY(c:177)]
2023-03-07 04:41:26,470 DEBUG server.RaftServer$Division (RaftServerImpl.java:logAppendEntries(1429)) - s7@group-A82F1EDBF13F: receive appendEntries(s11, 1, (t:1, i:177), 177, true, commits:[s11:c177, s13:c173, s12:c175, s3:c175, s4:c175, s5:c173, s10:c173, s6:c173, s7:c175, s8:c175, s9:c175, s14:c175, s0:c175, s1:c175, s2:c173], cId:8002, entries: [(t:1, i:178), METADATAENTRY(c:177)]
2023-03-07 04:41:26,470 DEBUG server.RaftServer$Division (RaftServerImpl.java:logAppendEntries(1429)) - s3@group-A82F1EDBF13F: receive appendEntries(s11, 1, (t:1, i:177), 177, true, commits:[s11:c177, s13:c173, s12:c175, s3:c175, s4:c175, s5:c173, s10:c173, s6:c173, s7:c175, s8:c175, s9:c175, s14:c175, s0:c175, s1:c175, s2:c173], cId:8001, entries: [(t:1, i:178), METADATAENTRY(c:177)]
2023-03-07 04:41:26,469 DEBUG server.RaftServer$Division (RaftServerImpl.java:logAppendEntries(1429)) - s10@group-A82F1EDBF13F: receive appendEntries(s11, 1, (t:1, i:175), 175, true, commits:[s11:c175, s13:c171, s12:c173, s3:c175, s4:c175, s5:c171, s10:c173, s6:c173, s7:c175, s8:c175, s9:c171, s14:c173, s0:c175, s1:c175, s2:c171], cId:7990, entries: [(t:1, i:176), METADATAENTRY(c:175), (t:1, i:177), STATEMACHINELOGENTRY, 7980@client-8BEEC01311DE]
2023-03-07 04:41:26,469 DEBUG server.RaftServer$Division (RaftServerImpl.java:logAppendEntries(1429)) - s6@group-A82F1EDBF13F: succeeded to handle AppendEntries. Reply: s11<-s6#7986:OK-t1,SUCCESS,nextIndex=178,followerCommit=175,matchIndex=177
2023-03-07 04:41:26,469 INFO  statemachine.StateMachine (ArithmeticStateMachine.java:applyTransaction(182)) - LEADER:s11-177: c = √(a^2 + b^2) = 6161
2023-03-07 04:41:26,471 DEBUG server.RaftServer$Division (RaftServerImpl.java:logAppendEntries(1429)) - s14@group-A82F1EDBF13F: succeeded to handle AppendEntries. Reply: s11<-s14#7995:OK-t1,SUCCESS,nextIndex=179,followerCommit=177,matchIndex=178
2023-03-07 04:41:26,471 DEBUG server.RaftServer$Division (RaftServerImpl.java:logAppendEntries(1429)) - s1@group-A82F1EDBF13F: succeeded to handle AppendEntries. Reply: s11<-s1#8000:OK-t1,SUCCESS,nextIndex=179,followerCommit=177,matchIndex=178
2023-03-07 04:41:26,471 DEBUG server.RaftServer$Division (RaftServerImpl.java:logAppendEntries(1429)) - s8@group-A82F1EDBF13F: succeeded to handle AppendEntries. Reply: s11<-s8#7998:OK-t1,SUCCESS,nextIndex=179,followerCommit=177,matchIndex=178
2023-03-07 04:41:26,472 DEBUG server.RaftServer$Division (RaftServerImpl.java:logAppendEntries(1429)) - s12@group-A82F1EDBF13F: receive appendEntries(s11, 1, (t:1, i:176), 176, true, commits:[s11:c176, s13:c171, s12:c175, s3:c175, s4:c175, s5:c171, s10:c173, s6:c173, s7:c175, s8:c175, s9:c171, s14:c173, s0:c175, s1:c175, s2:c171], cId:7991, entries: [(t:1, i:177), STATEMACHINELOGENTRY, 7980@client-8BEEC01311DE]
2023-03-07 04:41:26,472 DEBUG server.RaftServer$Division (RaftServerImpl.java:submitClientRequestAsync(832)) - s11@group-A82F1EDBF13F: receive client request(RaftClientRequest:client-8BEEC01311DE->s11@group-A82F1EDBF13F, cid=8004, seq=0, RW, Message:01016100)
2023-03-07 04:41:26,472 DEBUG server.RaftServer$Division (RaftServerImpl.java:logAppendEntries(1429)) - s0@group-A82F1EDBF13F: succeeded to handle AppendEntries. Reply: s11<-s0#7996:OK-t1,SUCCESS,nextIndex=179,followerCommit=177,matchIndex=178
2023-03-07 04:41:26,472 DEBUG server.RaftServer$Division (LeaderStateImpl.java:addPendingRequest(474)) - s11@group-A82F1EDBF13F-LeaderStateImpl: addPendingRequest at RaftClientRequest:client-8BEEC01311DE->s11@group-A82F1EDBF13F, cid=8004, seq=0, RW, Message:01016100, entry=(t:1, i:179), STATEMACHINELOGENTRY, 8004@client-8BEEC01311DE
2023-03-07 04:41:26,472 DEBUG server.RaftServer$Division (RaftServerImpl.java:logAppendEntries(1429)) - s10@group-A82F1EDBF13F: succeeded to handle AppendEntries. Reply: s11<-s10#7990:OK-t1,SUCCESS,nextIndex=178,followerCommit=175,matchIndex=177
2023-03-07 04:41:26,472 DEBUG server.RaftServer$Division (RaftServerImpl.java:logAppendEntries(1429)) - s12@group-A82F1EDBF13F: succeeded to handle AppendEntries. Reply: s11<-s12#7991:OK-t1,SUCCESS,nextIndex=178,followerCommit=176,matchIndex=177
2023-03-07 04:41:26,473 DEBUG server.RaftServer$Division (RaftServerImpl.java:logAppendEntries(1429)) - s13@group-A82F1EDBF13F: succeeded to handle AppendEntries. Reply: s11<-s13#7992:OK-t1,SUCCESS,nextIndex=178,followerCommit=176,matchIndex=177
2023-03-07 04:41:26,473 DEBUG server.RaftServer$Division (RaftServerImpl.java:logAppendEntries(1429)) - s4@group-A82F1EDBF13F: succeeded to handle AppendEntries. Reply: s11<-s4#7999:OK-t1,SUCCESS,nextIndex=179,followerCommit=177,matchIndex=178
2023-03-07 04:41:26,473 DEBUG server.RaftServer$Division (RaftServerImpl.java:logAppendEntries(1429)) - s3@group-A82F1EDBF13F: succeeded to handle AppendEntries. Reply: s11<-s3#8001:OK-t1,SUCCESS,nextIndex=179,followerCommit=177,matchIndex=178
2023-03-07 04:41:26,473 DEBUG server.RaftServer$Division (RaftServerImpl.java:logAppendEntries(1429)) - s7@group-A82F1EDBF13F: succeeded to handle AppendEntries. Reply: s11<-s7#8002:OK-t1,SUCCESS,nextIndex=179,followerCommit=177,matchIndex=178
2023-03-07 04:41:26,473 DEBUG server.RaftServer$Division (RaftServerImpl.java:logAppendEntries(1429)) - s14@group-A82F1EDBF13F: receive appendEntries(s11, 1, (t:1, i:178), 177, true, commits:[s11:c177, s13:c173, s12:c175, s3:c175, s4:c175, s5:c173, s10:c173, s6:c175, s7:c175, s8:c175, s9:c175, s14:c177, s0:c175, s1:c175, s2:c173], cId:8005, entries: [(t:1, i:179), STATEMACHINELOGENTRY, 8004@client-8BEEC01311DE]
2023-03-07 04:41:26,473 DEBUG server.RaftServer$Division (RaftServerImpl.java:logAppendEntries(1429)) - s14@group-A82F1EDBF13F: succeeded to handle AppendEntries. Reply: s11<-s14#8005:OK-t1,SUCCESS,nextIndex=180,followerCommit=177,matchIndex=179
2023-03-07 04:41:26,473 DEBUG server.RaftServer$Division (RaftServerImpl.java:logAppendEntries(1429)) - s0@group-A82F1EDBF13F: receive appendEntries(s11, 1, (t:1, i:178), 177, true, commits:[s11:c177, s13:c173, s12:c175, s3:c175, s4:c175, s5:c173, s10:c173, s6:c175, s7:c175, s8:c175, s9:c175, s14:c177, s0:c177, s1:c175, s2:c173], cId:8006, entries: [(t:1, i:179), STATEMACHINELOGENTRY, 8004@client-8BEEC01311DE]
2023-03-07 04:41:26,474 DEBUG server.RaftServer$Division (RaftServerImpl.java:logAppendEntries(1429)) - s7@group-A82F1EDBF13F: receive appendEntries(s11, 1, (t:1, i:178), 177, true, commits:[s11:c177, s13:c173, s12:c175, s3:c177, s4:c175, s5:c173, s10:c173, s6:c175, s7:c177, s8:c175, s9:c175, s14:c177, s0:c177, s1:c175, s2:c173], cId:8008, entries: [(t:1, i:179), STATEMACHINELOGENTRY, 8004@client-8BEEC01311DE]
2023-03-07 04:41:26,473 DEBUG server.RaftServer$Division (RaftServerImpl.java:logAppendEntries(1429)) - s3@group-A82F1EDBF13F: receive appendEntries(s11, 1, (t:1, i:178), 177, true, commits:[s11:c177, s13:c173, s12:c175, s3:c177, s4:c175, s5:c173, s10:c173, s6:c175, s7:c175, s8:c175, s9:c175, s14:c177, s0:c177, s1:c175, s2:c173], cId:8007, entries: [(t:1, i:179), STATEMACHINELOGENTRY, 8004@client-8BEEC01311DE]
2023-03-07 04:41:26,474 DEBUG server.RaftServer$Division (RaftServerImpl.java:logAppendEntries(1429)) - s0@group-A82F1EDBF13F: succeeded to handle AppendEntries. Reply: s11<-s0#8006:OK-t1,SUCCESS,nextIndex=180,followerCommit=177,matchIndex=179
2023-03-07 04:41:26,474 DEBUG server.RaftServer$Division (RaftServerImpl.java:logAppendEntries(1429)) - s2@group-A82F1EDBF13F: receive appendEntries(s11, 1, (t:1, i:175), 176, true, commits:[s11:c176, s13:c173, s12:c175, s3:c175, s4:c175, s5:c171, s10:c173, s6:c173, s7:c175, s8:c175, s9:c171, s14:c173, s0:c175, s1:c175, s2:c173], cId:7993, entries: [(t:1, i:176), METADATAENTRY(c:175), (t:1, i:177), STATEMACHINELOGENTRY, 7980@client-8BEEC01311DE]
2023-03-07 04:41:26,474 DEBUG server.RaftServer$Division (RaftServerImpl.java:logAppendEntries(1429)) - s9@group-A82F1EDBF13F: receive appendEntries(s11, 1, (t:1, i:177), 177, true, commits:[s11:c177, s13:c173, s12:c175, s3:c175, s4:c175, s5:c173, s10:c173, s6:c173, s7:c175, s8:c175, s9:c175, s14:c175, s0:c175, s1:c175, s2:c173], cId:7997, entries: [(t:1, i:178), METADATAENTRY(c:177)]
2023-03-07 04:41:26,475 DEBUG server.RaftServer$Division (RaftServerImpl.java:logAppendEntries(1429)) - s2@group-A82F1EDBF13F: succeeded to handle AppendEntries. Reply: s11<-s2#7993:OK-t1,SUCCESS,nextIndex=178,followerCommit=176,matchIndex=177
2023-03-07 04:41:26,475 DEBUG server.RaftServer$Division (RaftServerImpl.java:logAppendEntries(1429)) - s3@group-A82F1EDBF13F: succeeded to handle AppendEntries. Reply: s11<-s3#8007:OK-t1,SUCCESS,nextIndex=180,followerCommit=177,matchIndex=179
2023-03-07 04:41:26,475 DEBUG server.RaftServer$Division (RaftServerImpl.java:logAppendEntries(1429)) - s1@group-A82F1EDBF13F: receive appendEntries(s11, 1, (t:1, i:178), 177, true, commits:[s11:c177, s13:c176, s12:c175, s3:c177, s4:c175, s5:c173, s10:c173, s6:c175, s7:c177, s8:c175, s9:c175, s14:c177, s0:c177, s1:c177, s2:c173], cId:8009, entries: [(t:1, i:179), STATEMACHINELOGENTRY, 8004@client-8BEEC01311DE]
2023-03-07 04:41:26,475 DEBUG server.RaftServer$Division (RaftServerImpl.java:logAppendEntries(1429)) - s7@group-A82F1EDBF13F: succeeded to handle AppendEntries. Reply: s11<-s7#8008:OK-t1,SUCCESS,nextIndex=180,followerCommit=177,matchIndex=179
2023-03-07 04:41:26,475 DEBUG server.RaftServer$Division (RaftServerImpl.java:logAppendEntries(1429)) - s8@group-A82F1EDBF13F: receive appendEntries(s11, 1, (t:1, i:178), 177, true, commits:[s11:c177, s13:c176, s12:c175, s3:c177, s4:c175, s5:c173, s10:c173, s6:c175, s7:c177, s8:c177, s9:c175, s14:c177, s0:c177, s1:c177, s2:c173], cId:8011, entries: [(t:1, i:179), STATEMACHINELOGENTRY, 8004@client-8BEEC01311DE]
2023-03-07 04:41:26,475 DEBUG server.RaftServer$Division (RaftServerImpl.java:logAppendEntries(1429)) - s13@group-A82F1EDBF13F: receive appendEntries(s11, 1, (t:1, i:177), 177, true, commits:[s11:c177, s13:c176, s12:c175, s3:c177, s4:c175, s5:c173, s10:c173, s6:c175, s7:c177, s8:c175, s9:c175, s14:c177, s0:c177, s1:c177, s2:c173], cId:8010, entries: [(t:1, i:178), METADATAENTRY(c:177), (t:1, i:179), STATEMACHINELOGENTRY, 8004@client-8BEEC01311DE]
2023-03-07 04:41:26,475 DEBUG server.RaftServer$Division (RaftServerImpl.java:logAppendEntries(1429)) - s4@group-A82F1EDBF13F: receive appendEntries(s11, 1, (t:1, i:178), 177, true, commits:[s11:c177, s13:c176, s12:c175, s3:c177, s4:c177, s5:c173, s10:c173, s6:c175, s7:c177, s8:c177, s9:c175, s14:c177, s0:c177, s1:c177, s2:c173], cId:8012, entries: [(t:1, i:179), STATEMACHINELOGENTRY, 8004@client-8BEEC01311DE]
2023-03-07 04:41:26,475 DEBUG server.RaftServer$Division (RaftServerImpl.java:logAppendEntries(1429)) - s5@group-A82F1EDBF13F: succeeded to handle AppendEntries. Reply: s11<-s5#7994:OK-t1,SUCCESS,nextIndex=178,followerCommit=176,matchIndex=177
2023-03-07 04:41:26,476 DEBUG server.RaftServer$Division (RaftServerImpl.java:logAppendEntries(1429)) - s6@group-A82F1EDBF13F: receive appendEntries(s11, 1, (t:1, i:177), 177, true, commits:[s11:c177, s13:c173, s12:c175, s3:c175, s4:c175, s5:c173, s10:c173, s6:c175, s7:c175, s8:c175, s9:c175, s14:c175, s0:c175, s1:c175, s2:c173], cId:8003, entries: [(t:1, i:178), METADATAENTRY(c:177)]
2023-03-07 04:41:26,476 DEBUG server.RaftServer$Division (RaftServerImpl.java:logAppendEntries(1429)) - s4@group-A82F1EDBF13F: succeeded to handle AppendEntries. Reply: s11<-s4#8012:OK-t1,SUCCESS,nextIndex=180,followerCommit=177,matchIndex=179
2023-03-07 04:41:26,476 DEBUG server.RaftServer$Division (RaftServerImpl.java:logAppendEntries(1429)) - s8@group-A82F1EDBF13F: succeeded to handle AppendEntries. Reply: s11<-s8#8011:OK-t1,SUCCESS,nextIndex=180,followerCommit=177,matchIndex=179
2023-03-07 04:41:26,476 DEBUG server.RaftServer$Division (RaftServerImpl.java:logAppendEntries(1429)) - s1@group-A82F1EDBF13F: succeeded to handle AppendEntries. Reply: s11<-s1#8009:OK-t1,SUCCESS,nextIndex=180,followerCommit=177,matchIndex=179
2023-03-07 04:41:26,476 DEBUG server.RaftServer$Division (RaftServerImpl.java:logAppendEntries(1429)) - s9@group-A82F1EDBF13F: succeeded to handle AppendEntries. Reply: s11<-s9#7997:OK-t1,SUCCESS,nextIndex=179,followerCommit=177,matchIndex=178
2023-03-07 04:41:26,477 DEBUG server.RaftServer$Division (RaftServerImpl.java:logAppendEntries(1429)) - s13@group-A82F1EDBF13F: succeeded to handle AppendEntries. Reply: s11<-s13#8010:OK-t1,SUCCESS,nextIndex=180,followerCommit=177,matchIndex=179
2023-03-07 04:41:26,477 INFO  statemachine.StateMachine (ArithmeticStateMachine.java:applyTransaction(182)) - LEADER:s11-179: a = null = null
2023-03-07 04:41:26,477 DEBUG server.RaftServer$Division (RaftServerImpl.java:logAppendEntries(1429)) - s5@group-A82F1EDBF13F: receive appendEntries(s11, 1, (t:1, i:177), 178, true, commits:[s11:c178, s13:c176, s12:c175, s3:c177, s4:c177, s5:c176, s10:c175, s6:c175, s7:c177, s8:c177, s9:c175, s14:c177, s0:c177, s1:c177, s2:c173], cId:8014, entries: [(t:1, i:178), METADATAENTRY(c:177), (t:1, i:179), STATEMACHINELOGENTRY, 8004@client-8BEEC01311DE]
2023-03-07 04:41:26,478 DEBUG server.RaftServer$Division (RaftServerImpl.java:logAppendEntries(1429)) - s10@group-A82F1EDBF13F: receive appendEntries(s11, 1, (t:1, i:177), 178, true, commits:[s11:c178, s13:c176, s12:c175, s3:c177, s4:c177, s5:c173, s10:c175, s6:c175, s7:c177, s8:c177, s9:c175, s14:c177, s0:c177, s1:c177, s2:c173], cId:8013, entries: [(t:1, i:178), METADATAENTRY(c:177), (t:1, i:179), STATEMACHINELOGENTRY, 8004@client-8BEEC01311DE]
2023-03-07 04:41:26,478 DEBUG server.RaftServer$Division (RaftServerImpl.java:logAppendEntries(1429)) - s0@group-A82F1EDBF13F: receive appendEntries(s11, 1, (t:1, i:179), 179, true, commits:[s11:c179, s13:c177, s12:c176, s3:c177, s4:c177, s5:c176, s10:c175, s6:c175, s7:c177, s8:c177, s9:c175, s14:c177, s0:c177, s1:c177, s2:c176], cId:8018, entries: [(t:1, i:180), METADATAENTRY(c:179)]
2023-03-07 04:41:26,478 DEBUG server.RaftServer$Division (RaftServerImpl.java:logAppendEntries(1429)) - s10@group-A82F1EDBF13F: succeeded to handle AppendEntries. Reply: s11<-s10#8013:OK-t1,SUCCESS,nextIndex=180,followerCommit=178,matchIndex=179
2023-03-07 04:41:26,478 DEBUG server.RaftServer$Division (RaftServerImpl.java:logAppendEntries(1429)) - s7@group-A82F1EDBF13F: receive appendEntries(s11, 1, (t:1, i:179), 179, true, commits:[s11:c179, s13:c177, s12:c176, s3:c177, s4:c177, s5:c176, s10:c175, s6:c175, s7:c177, s8:c177, s9:c175, s14:c177, s0:c177, s1:c177, s2:c176], cId:8025, entries: [(t:1, i:180), METADATAENTRY(c:179)]
2023-03-07 04:41:26,478 DEBUG server.RaftServer$Division (RaftServerImpl.java:logAppendEntries(1429)) - s4@group-A82F1EDBF13F: receive appendEntries(s11, 1, (t:1, i:179), 179, true, commits:[s11:c179, s13:c177, s12:c176, s3:c177, s4:c177, s5:c176, s10:c175, s6:c175, s7:c177, s8:c177, s9:c175, s14:c177, s0:c177, s1:c177, s2:c176], cId:8020, entries: [(t:1, i:180), METADATAENTRY(c:179)]
2023-03-07 04:41:26,478 DEBUG server.RaftServer$Division (RaftServerImpl.java:submitClientRequestAsync(832)) - s11@group-A82F1EDBF13F: receive client request(RaftClientRequest:client-8BEEC01311DE->s11@group-A82F1EDBF13F, cid=8019, seq=0, RW, Message:01016200)
2023-03-07 04:41:26,478 DEBUG server.RaftServer$Division (RaftServerImpl.java:logAppendEntries(1429)) - s3@group-A82F1EDBF13F: receive appendEntries(s11, 1, (t:1, i:179), 179, true, commits:[s11:c179, s13:c177, s12:c176, s3:c177, s4:c177, s5:c176, s10:c175, s6:c175, s7:c177, s8:c177, s9:c175, s14:c177, s0:c177, s1:c177, s2:c176], cId:8021, entries: [(t:1, i:180), METADATAENTRY(c:179)]
2023-03-07 04:41:26,478 DEBUG server.RaftServer$Division (LeaderStateImpl.java:addPendingRequest(474)) - s11@group-A82F1EDBF13F-LeaderStateImpl: addPendingRequest at RaftClientRequest:client-8BEEC01311DE->s11@group-A82F1EDBF13F, cid=8019, seq=0, RW, Message:01016200, entry=(t:1, i:181), STATEMACHINELOGENTRY, 8019@client-8BEEC01311DE
2023-03-07 04:41:26,478 DEBUG server.RaftServer$Division (RaftServerImpl.java:logAppendEntries(1429)) - s7@group-A82F1EDBF13F: succeeded to handle AppendEntries. Reply: s11<-s7#8025:OK-t1,SUCCESS,nextIndex=181,followerCommit=179,matchIndex=180
2023-03-07 04:41:26,479 DEBUG server.RaftServer$Division (RaftServerImpl.java:logAppendEntries(1429)) - s1@group-A82F1EDBF13F: receive appendEntries(s11, 1, (t:1, i:179), 179, true, commits:[s11:c179, s13:c177, s12:c176, s3:c177, s4:c177, s5:c176, s10:c175, s6:c175, s7:c177, s8:c177, s9:c175, s14:c177, s0:c177, s1:c177, s2:c176], cId:8017, entries: [(t:1, i:180), METADATAENTRY(c:179)]
2023-03-07 04:41:26,479 DEBUG server.RaftServer$Division (RaftServerImpl.java:logAppendEntries(1429)) - s7@group-A82F1EDBF13F: receive appendEntries(s11, 1, (t:1, i:180), 179, true, commits:[s11:c179, s13:c177, s12:c176, s3:c177, s4:c177, s5:c176, s10:c175, s6:c175, s7:c179, s8:c177, s9:c175, s14:c177, s0:c177, s1:c177, s2:c176], cId:8026, entries: [(t:1, i:181), STATEMACHINELOGENTRY, 8019@client-8BEEC01311DE]
2023-03-07 04:41:26,479 DEBUG server.RaftServer$Division (RaftServerImpl.java:logAppendEntries(1429)) - s8@group-A82F1EDBF13F: receive appendEntries(s11, 1, (t:1, i:179), 179, true, commits:[s11:c179, s13:c177, s12:c176, s3:c177, s4:c177, s5:c176, s10:c175, s6:c175, s7:c177, s8:c177, s9:c175, s14:c177, s0:c177, s1:c177, s2:c176], cId:8016, entries: [(t:1, i:180), METADATAENTRY(c:179)]
2023-03-07 04:41:26,479 DEBUG server.RaftServer$Division (RaftServerImpl.java:logAppendEntries(1429)) - s1@group-A82F1EDBF13F: succeeded to handle AppendEntries. Reply: s11<-s1#8017:OK-t1,SUCCESS,nextIndex=181,followerCommit=179,matchIndex=180
2023-03-07 04:41:26,479 DEBUG server.RaftServer$Division (RaftServerImpl.java:logAppendEntries(1429)) - s4@group-A82F1EDBF13F: succeeded to handle AppendEntries. Reply: s11<-s4#8020:OK-t1,SUCCESS,nextIndex=181,followerCommit=179,matchIndex=180
2023-03-07 04:41:26,479 DEBUG server.RaftServer$Division (RaftServerImpl.java:logAppendEntries(1429)) - s3@group-A82F1EDBF13F: succeeded to handle AppendEntries. Reply: s11<-s3#8021:OK-t1,SUCCESS,nextIndex=181,followerCommit=179,matchIndex=180
2023-03-07 04:41:26,479 DEBUG server.RaftServer$Division (RaftServerImpl.java:logAppendEntries(1429)) - s7@group-A82F1EDBF13F: succeeded to handle AppendEntries. Reply: s11<-s7#8026:OK-t1,SUCCESS,nextIndex=182,followerCommit=179,matchIndex=181
2023-03-07 04:41:26,479 DEBUG server.RaftServer$Division (RaftServerImpl.java:logAppendEntries(1429)) - s14@group-A82F1EDBF13F: receive appendEntries(s11, 1, (t:1, i:179), 179, true, commits:[s11:c179, s13:c177, s12:c176, s3:c177, s4:c177, s5:c176, s10:c175, s6:c175, s7:c177, s8:c177, s9:c175, s14:c177, s0:c177, s1:c177, s2:c176], cId:8024, entries: [(t:1, i:180), METADATAENTRY(c:179)]
2023-03-07 04:41:26,480 DEBUG server.RaftServer$Division (RaftServerImpl.java:logAppendEntries(1429)) - s3@group-A82F1EDBF13F: receive appendEntries(s11, 1, (t:1, i:180), 179, true, commits:[s11:c179, s13:c177, s12:c176, s3:c179, s4:c177, s5:c176, s10:c175, s6:c175, s7:c179, s8:c177, s9:c175, s14:c177, s0:c177, s1:c177, s2:c176], cId:8027, entries: [(t:1, i:181), STATEMACHINELOGENTRY, 8019@client-8BEEC01311DE]
2023-03-07 04:41:26,480 DEBUG server.RaftServer$Division (RaftServerImpl.java:logAppendEntries(1429)) - s13@group-A82F1EDBF13F: receive appendEntries(s11, 1, (t:1, i:179), 179, true, commits:[s11:c179, s13:c177, s12:c176, s3:c177, s4:c177, s5:c176, s10:c175, s6:c175, s7:c177, s8:c177, s9:c175, s14:c177, s0:c177, s1:c177, s2:c176], cId:8022, entries: [(t:1, i:180), METADATAENTRY(c:179)]
2023-03-07 04:41:26,480 DEBUG server.RaftServer$Division (RaftServerImpl.java:logAppendEntries(1429)) - s1@group-A82F1EDBF13F: receive appendEntries(s11, 1, (t:1, i:180), 179, true, commits:[s11:c179, s13:c177, s12:c176, s3:c179, s4:c177, s5:c176, s10:c175, s6:c175, s7:c179, s8:c177, s9:c175, s14:c177, s0:c177, s1:c179, s2:c176], cId:8028, entries: [(t:1, i:181), STATEMACHINELOGENTRY, 8019@client-8BEEC01311DE]
2023-03-07 04:41:26,480 DEBUG server.RaftServer$Division (RaftServerImpl.java:logAppendEntries(1429)) - s3@group-A82F1EDBF13F: succeeded to handle AppendEntries. Reply: s11<-s3#8027:OK-t1,SUCCESS,nextIndex=182,followerCommit=179,matchIndex=181
2023-03-07 04:41:26,480 DEBUG server.RaftServer$Division (RaftServerImpl.java:logAppendEntries(1429)) - s4@group-A82F1EDBF13F: receive appendEntries(s11, 1, (t:1, i:180), 179, true, commits:[s11:c179, s13:c177, s12:c176, s3:c179, s4:c179, s5:c176, s10:c175, s6:c175, s7:c179, s8:c177, s9:c175, s14:c177, s0:c177, s1:c179, s2:c176], cId:8029, entries: [(t:1, i:181), STATEMACHINELOGENTRY, 8019@client-8BEEC01311DE]
2023-03-07 04:41:26,480 DEBUG server.RaftServer$Division (RaftServerImpl.java:logAppendEntries(1429)) - s0@group-A82F1EDBF13F: succeeded to handle AppendEntries. Reply: s11<-s0#8018:OK-t1,SUCCESS,nextIndex=181,followerCommit=179,matchIndex=180
2023-03-07 04:41:26,480 DEBUG server.RaftServer$Division (RaftServerImpl.java:logAppendEntries(1429)) - s14@group-A82F1EDBF13F: succeeded to handle AppendEntries. Reply: s11<-s14#8024:OK-t1,SUCCESS,nextIndex=181,followerCommit=179,matchIndex=180
2023-03-07 04:41:26,480 DEBUG server.RaftServer$Division (RaftServerImpl.java:logAppendEntries(1429)) - s8@group-A82F1EDBF13F: succeeded to handle AppendEntries. Reply: s11<-s8#8016:OK-t1,SUCCESS,nextIndex=181,followerCommit=179,matchIndex=180
2023-03-07 04:41:26,481 DEBUG server.RaftServer$Division (RaftServerImpl.java:logAppendEntries(1429)) - s6@group-A82F1EDBF13F: succeeded to handle AppendEntries. Reply: s11<-s6#8003:OK-t1,SUCCESS,nextIndex=179,followerCommit=177,matchIndex=178
2023-03-07 04:41:26,481 DEBUG server.RaftServer$Division (RaftServerImpl.java:logAppendEntries(1429)) - s13@group-A82F1EDBF13F: succeeded to handle AppendEntries. Reply: s11<-s13#8022:OK-t1,SUCCESS,nextIndex=181,followerCommit=179,matchIndex=180
2023-03-07 04:41:26,481 DEBUG server.RaftServer$Division (RaftServerImpl.java:logAppendEntries(1429)) - s4@group-A82F1EDBF13F: succeeded to handle AppendEntries. Reply: s11<-s4#8029:OK-t1,SUCCESS,nextIndex=182,followerCommit=179,matchIndex=181
2023-03-07 04:41:26,481 DEBUG server.RaftServer$Division (RaftServerImpl.java:logAppendEntries(1429)) - s1@group-A82F1EDBF13F: succeeded to handle AppendEntries. Reply: s11<-s1#8028:OK-t1,SUCCESS,nextIndex=182,followerCommit=179,matchIndex=181
2023-03-07 04:41:26,481 DEBUG server.RaftServer$Division (RaftServerImpl.java:logAppendEntries(1429)) - s12@group-A82F1EDBF13F: receive appendEntries(s11, 1, (t:1, i:177), 178, true, commits:[s11:c178, s13:c176, s12:c176, s3:c177, s4:c177, s5:c176, s10:c175, s6:c175, s7:c177, s8:c177, s9:c175, s14:c177, s0:c177, s1:c177, s2:c173], cId:8015, entries: [(t:1, i:178), METADATAENTRY(c:177), (t:1, i:179), STATEMACHINELOGENTRY, 8004@client-8BEEC01311DE]
2023-03-07 04:41:26,482 DEBUG server.RaftServer$Division (RaftServerImpl.java:logAppendEntries(1429)) - s14@group-A82F1EDBF13F: receive appendEntries(s11, 1, (t:1, i:180), 179, true, commits:[s11:c179, s13:c177, s12:c176, s3:c179, s4:c179, s5:c176, s10:c175, s6:c175, s7:c179, s8:c179, s9:c175, s14:c179, s0:c177, s1:c179, s2:c176], cId:8031, entries: [(t:1, i:181), STATEMACHINELOGENTRY, 8019@client-8BEEC01311DE]
2023-03-07 04:41:26,482 DEBUG server.RaftServer$Division (RaftServerImpl.java:logAppendEntries(1429)) - s0@group-A82F1EDBF13F: receive appendEntries(s11, 1, (t:1, i:180), 179, true, commits:[s11:c179, s13:c177, s12:c176, s3:c179, s4:c179, s5:c176, s10:c175, s6:c175, s7:c179, s8:c179, s9:c175, s14:c179, s0:c179, s1:c179, s2:c176], cId:8032, entries: [(t:1, i:181), STATEMACHINELOGENTRY, 8019@client-8BEEC01311DE]
2023-03-07 04:41:26,482 DEBUG server.RaftServer$Division (RaftServerImpl.java:logAppendEntries(1429)) - s8@group-A82F1EDBF13F: receive appendEntries(s11, 1, (t:1, i:180), 179, true, commits:[s11:c179, s13:c177, s12:c176, s3:c179, s4:c179, s5:c176, s10:c175, s6:c175, s7:c179, s8:c179, s9:c175, s14:c177, s0:c177, s1:c179, s2:c176], cId:8030, entries: [(t:1, i:181), STATEMACHINELOGENTRY, 8019@client-8BEEC01311DE]
2023-03-07 04:41:26,482 DEBUG server.RaftServer$Division (RaftServerImpl.java:logAppendEntries(1429)) - s12@group-A82F1EDBF13F: succeeded to handle AppendEntries. Reply: s11<-s12#8015:OK-t1,SUCCESS,nextIndex=180,followerCommit=178,matchIndex=179
2023-03-07 04:41:26,482 DEBUG server.RaftServer$Division (RaftServerImpl.java:logAppendEntries(1429)) - s14@group-A82F1EDBF13F: succeeded to handle AppendEntries. Reply: s11<-s14#8031:OK-t1,SUCCESS,nextIndex=182,followerCommit=179,matchIndex=181
2023-03-07 04:41:26,482 DEBUG server.RaftServer$Division (RaftServerImpl.java:logAppendEntries(1429)) - s6@group-A82F1EDBF13F: receive appendEntries(s11, 1, (t:1, i:178), 180, true, commits:[s11:c180, s13:c179, s12:c176, s3:c179, s4:c179, s5:c176, s10:c175, s6:c177, s7:c179, s8:c179, s9:c175, s14:c179, s0:c179, s1:c179, s2:c176], cId:8034, entries: [(t:1, i:179), STATEMACHINELOGENTRY, 8004@client-8BEEC01311DE, (t:1, i:180), METADATAENTRY(c:179), (t:1, i:181), STATEMACHINELOGENTRY, 8019@client-8BEEC01311DE]
2023-03-07 04:41:26,483 DEBUG server.RaftServer$Division (RaftServerImpl.java:logAppendEntries(1429)) - s13@group-A82F1EDBF13F: receive appendEntries(s11, 1, (t:1, i:180), 180, true, commits:[s11:c180, s13:c179, s12:c176, s3:c179, s4:c179, s5:c176, s10:c175, s6:c175, s7:c179, s8:c179, s9:c175, s14:c179, s0:c179, s1:c179, s2:c176], cId:8033, entries: [(t:1, i:181), STATEMACHINELOGENTRY, 8019@client-8BEEC01311DE]
2023-03-07 04:41:26,483 DEBUG server.RaftServer$Division (RaftServerImpl.java:logAppendEntries(1429)) - s0@group-A82F1EDBF13F: succeeded to handle AppendEntries. Reply: s11<-s0#8032:OK-t1,SUCCESS,nextIndex=182,followerCommit=179,matchIndex=181
2023-03-07 04:41:26,483 DEBUG server.RaftServer$Division (RaftServerImpl.java:logAppendEntries(1429)) - s8@group-A82F1EDBF13F: succeeded to handle AppendEntries. Reply: s11<-s8#8030:OK-t1,SUCCESS,nextIndex=182,followerCommit=179,matchIndex=181
2023-03-07 04:41:26,483 DEBUG server.RaftServer$Division (RaftServerImpl.java:logAppendEntries(1429)) - s2@group-A82F1EDBF13F: receive appendEntries(s11, 1, (t:1, i:177), 179, true, commits:[s11:c179, s13:c177, s12:c176, s3:c177, s4:c177, s5:c176, s10:c175, s6:c175, s7:c177, s8:c177, s9:c175, s14:c177, s0:c177, s1:c177, s2:c176], cId:8023, entries: [(t:1, i:178), METADATAENTRY(c:177), (t:1, i:179), STATEMACHINELOGENTRY, 8004@client-8BEEC01311DE, (t:1, i:180), METADATAENTRY(c:179)]
2023-03-07 04:41:26,483 DEBUG server.RaftServer$Division (RaftServerImpl.java:logAppendEntries(1429)) - s5@group-A82F1EDBF13F: succeeded to handle AppendEntries. Reply: s11<-s5#8014:OK-t1,SUCCESS,nextIndex=180,followerCommit=178,matchIndex=179
2023-03-07 04:41:26,483 INFO  statemachine.StateMachine (ArithmeticStateMachine.java:applyTransaction(182)) - LEADER:s11-181: b = null = null
2023-03-07 04:41:26,484 DEBUG server.RaftServer$Division (RaftServerImpl.java:logAppendEntries(1429)) - s6@group-A82F1EDBF13F: succeeded to handle AppendEntries. Reply: s11<-s6#8034:OK-t1,SUCCESS,nextIndex=182,followerCommit=180,matchIndex=181
2023-03-07 04:41:26,484 DEBUG server.RaftServer$Division (RaftServerImpl.java:logAppendEntries(1429)) - s2@group-A82F1EDBF13F: succeeded to handle AppendEntries. Reply: s11<-s2#8023:OK-t1,SUCCESS,nextIndex=181,followerCommit=179,matchIndex=180
2023-03-07 04:41:26,484 DEBUG server.RaftServer$Division (RaftServerImpl.java:logAppendEntries(1429)) - s0@group-A82F1EDBF13F: receive appendEntries(s11, 1, (t:1, i:181), 181, true, commits:[s11:c181, s13:c179, s12:c176, s3:c179, s4:c179, s5:c176, s10:c178, s6:c177, s7:c179, s8:c179, s9:c175, s14:c179, s0:c179, s1:c179, s2:c176], cId:8041, entries: [(t:1, i:182), METADATAENTRY(c:181)]
2023-03-07 04:41:26,484 DEBUG server.RaftServer$Division (RaftServerImpl.java:logAppendEntries(1429)) - s14@group-A82F1EDBF13F: receive appendEntries(s11, 1, (t:1, i:181), 181, true, commits:[s11:c181, s13:c179, s12:c176, s3:c179, s4:c179, s5:c176, s10:c178, s6:c177, s7:c179, s8:c179, s9:c175, s14:c179, s0:c179, s1:c179, s2:c176], cId:8039, entries: [(t:1, i:182), METADATAENTRY(c:181)]
2023-03-07 04:41:26,484 DEBUG server.RaftServer$Division (RaftServerImpl.java:logAppendEntries(1429)) - s7@group-A82F1EDBF13F: receive appendEntries(s11, 1, (t:1, i:181), 181, true, commits:[s11:c181, s13:c179, s12:c176, s3:c179, s4:c179, s5:c176, s10:c178, s6:c177, s7:c179, s8:c179, s9:c175, s14:c179, s0:c179, s1:c179, s2:c176], cId:8036, entries: [(t:1, i:182), METADATAENTRY(c:181)]
2023-03-07 04:41:26,484 DEBUG server.RaftServer$Division (RaftServerImpl.java:logAppendEntries(1429)) - s3@group-A82F1EDBF13F: receive appendEntries(s11, 1, (t:1, i:181), 181, true, commits:[s11:c181, s13:c179, s12:c176, s3:c179, s4:c179, s5:c176, s10:c178, s6:c177, s7:c179, s8:c179, s9:c175, s14:c179, s0:c179, s1:c179, s2:c176], cId:8040, entries: [(t:1, i:182), METADATAENTRY(c:181)]
2023-03-07 04:41:26,484 DEBUG server.RaftServer$Division (RaftServerImpl.java:logAppendEntries(1429)) - s0@group-A82F1EDBF13F: succeeded to handle AppendEntries. Reply: s11<-s0#8041:OK-t1,SUCCESS,nextIndex=183,followerCommit=181,matchIndex=182
2023-03-07 04:41:26,485 DEBUG server.RaftServer$Division (RaftServerImpl.java:submitClientRequestAsync(832)) - s11@group-A82F1EDBF13F: receive client request(RaftClientRequest:client-8BEEC01311DE->s11@group-A82F1EDBF13F, cid=8043, seq=0, RW, Message:01016300)
2023-03-07 04:41:26,485 DEBUG server.RaftServer$Division (RaftServerImpl.java:logAppendEntries(1429)) - s3@group-A82F1EDBF13F: succeeded to handle AppendEntries. Reply: s11<-s3#8040:OK-t1,SUCCESS,nextIndex=183,followerCommit=181,matchIndex=182
2023-03-07 04:41:26,485 DEBUG server.RaftServer$Division (RaftServerImpl.java:logAppendEntries(1429)) - s7@group-A82F1EDBF13F: succeeded to handle AppendEntries. Reply: s11<-s7#8036:OK-t1,SUCCESS,nextIndex=183,followerCommit=181,matchIndex=182
2023-03-07 04:41:26,485 DEBUG server.RaftServer$Division (RaftServerImpl.java:logAppendEntries(1429)) - s0@group-A82F1EDBF13F: receive appendEntries(s11, 1, (t:1, i:182), 181, true, commits:[s11:c181, s13:c179, s12:c176, s3:c179, s4:c179, s5:c176, s10:c178, s6:c177, s7:c179, s8:c179, s9:c175, s14:c179, s0:c181, s1:c179, s2:c176], cId:8044, entries: [(t:1, i:183), STATEMACHINELOGENTRY, 8043@client-8BEEC01311DE]
2023-03-07 04:41:26,485 DEBUG server.RaftServer$Division (RaftServerImpl.java:logAppendEntries(1429)) - s1@group-A82F1EDBF13F: receive appendEntries(s11, 1, (t:1, i:181), 181, true, commits:[s11:c181, s13:c179, s12:c176, s3:c179, s4:c179, s5:c176, s10:c178, s6:c177, s7:c179, s8:c179, s9:c175, s14:c179, s0:c179, s1:c179, s2:c176], cId:8037, entries: [(t:1, i:182), METADATAENTRY(c:181)]
2023-03-07 04:41:26,485 DEBUG server.RaftServer$Division (RaftServerImpl.java:logAppendEntries(1429)) - s7@group-A82F1EDBF13F: receive appendEntries(s11, 1, (t:1, i:182), 181, true, commits:[s11:c181, s13:c179, s12:c176, s3:c181, s4:c179, s5:c176, s10:c178, s6:c177, s7:c181, s8:c179, s9:c175, s14:c179, s0:c181, s1:c179, s2:c176], cId:8046, entries: [(t:1, i:183), STATEMACHINELOGENTRY, 8043@client-8BEEC01311DE]
2023-03-07 04:41:26,486 DEBUG server.RaftServer$Division (RaftServerImpl.java:logAppendEntries(1429)) - s3@group-A82F1EDBF13F: receive appendEntries(s11, 1, (t:1, i:182), 181, true, commits:[s11:c181, s13:c179, s12:c176, s3:c181, s4:c179, s5:c176, s10:c178, s6:c177, s7:c179, s8:c179, s9:c175, s14:c179, s0:c181, s1:c179, s2:c176], cId:8045, entries: [(t:1, i:183), STATEMACHINELOGENTRY, 8043@client-8BEEC01311DE]
2023-03-07 04:41:26,485 DEBUG server.RaftServer$Division (LeaderStateImpl.java:addPendingRequest(474)) - s11@group-A82F1EDBF13F-LeaderStateImpl: addPendingRequest at RaftClientRequest:client-8BEEC01311DE->s11@group-A82F1EDBF13F, cid=8043, seq=0, RW, Message:01016300, entry=(t:1, i:183), STATEMACHINELOGENTRY, 8043@client-8BEEC01311DE
2023-03-07 04:41:26,486 DEBUG server.RaftServer$Division (RaftServerImpl.java:logAppendEntries(1429)) - s8@group-A82F1EDBF13F: receive appendEntries(s11, 1, (t:1, i:181), 181, true, commits:[s11:c181, s13:c179, s12:c176, s3:c179, s4:c179, s5:c176, s10:c178, s6:c177, s7:c179, s8:c179, s9:c175, s14:c179, s0:c179, s1:c179, s2:c176], cId:8042, entries: [(t:1, i:182), METADATAENTRY(c:181)]
2023-03-07 04:41:26,486 DEBUG server.RaftServer$Division (RaftServerImpl.java:logAppendEntries(1429)) - s7@group-A82F1EDBF13F: succeeded to handle AppendEntries. Reply: s11<-s7#8046:OK-t1,SUCCESS,nextIndex=184,followerCommit=181,matchIndex=183
2023-03-07 04:41:26,486 DEBUG server.RaftServer$Division (RaftServerImpl.java:logAppendEntries(1429)) - s3@group-A82F1EDBF13F: succeeded to handle AppendEntries. Reply: s11<-s3#8045:OK-t1,SUCCESS,nextIndex=184,followerCommit=181,matchIndex=183
2023-03-07 04:41:26,486 DEBUG server.RaftServer$Division (RaftServerImpl.java:logAppendEntries(1429)) - s14@group-A82F1EDBF13F: succeeded to handle AppendEntries. Reply: s11<-s14#8039:OK-t1,SUCCESS,nextIndex=183,followerCommit=181,matchIndex=182
2023-03-07 04:41:26,486 DEBUG server.RaftServer$Division (RaftServerImpl.java:logAppendEntries(1429)) - s13@group-A82F1EDBF13F: succeeded to handle AppendEntries. Reply: s11<-s13#8033:OK-t1,SUCCESS,nextIndex=182,followerCommit=180,matchIndex=181
2023-03-07 04:41:26,487 DEBUG server.RaftServer$Division (RaftServerImpl.java:logAppendEntries(1429)) - s10@group-A82F1EDBF13F: receive appendEntries(s11, 1, (t:1, i:179), 180, true, commits:[s11:c180, s13:c179, s12:c176, s3:c179, s4:c179, s5:c176, s10:c178, s6:c177, s7:c179, s8:c179, s9:c175, s14:c179, s0:c179, s1:c179, s2:c176], cId:8035, entries: [(t:1, i:180), METADATAENTRY(c:179), (t:1, i:181), STATEMACHINELOGENTRY, 8019@client-8BEEC01311DE]
2023-03-07 04:41:26,486 DEBUG server.RaftServer$Division (RaftServerImpl.java:logAppendEntries(1429)) - s1@group-A82F1EDBF13F: succeeded to handle AppendEntries. Reply: s11<-s1#8037:OK-t1,SUCCESS,nextIndex=183,followerCommit=181,matchIndex=182
2023-03-07 04:41:26,487 DEBUG server.RaftServer$Division (RaftServerImpl.java:logAppendEntries(1429)) - s8@group-A82F1EDBF13F: succeeded to handle AppendEntries. Reply: s11<-s8#8042:OK-t1,SUCCESS,nextIndex=183,followerCommit=181,matchIndex=182
2023-03-07 04:41:26,486 DEBUG server.RaftServer$Division (RaftServerImpl.java:logAppendEntries(1429)) - s4@group-A82F1EDBF13F: receive appendEntries(s11, 1, (t:1, i:181), 181, true, commits:[s11:c181, s13:c179, s12:c176, s3:c179, s4:c179, s5:c176, s10:c178, s6:c177, s7:c179, s8:c179, s9:c175, s14:c179, s0:c179, s1:c179, s2:c176], cId:8038, entries: [(t:1, i:182), METADATAENTRY(c:181)]
2023-03-07 04:41:26,487 DEBUG server.RaftServer$Division (RaftServerImpl.java:logAppendEntries(1429)) - s10@group-A82F1EDBF13F: succeeded to handle AppendEntries. Reply: s11<-s10#8035:OK-t1,SUCCESS,nextIndex=182,followerCommit=180,matchIndex=181
2023-03-07 04:41:26,486 DEBUG server.RaftServer$Division (RaftServerImpl.java:logAppendEntries(1429)) - s0@group-A82F1EDBF13F: succeeded to handle AppendEntries. Reply: s11<-s0#8044:OK-t1,SUCCESS,nextIndex=184,followerCommit=181,matchIndex=183
2023-03-07 04:41:26,488 DEBUG server.RaftServer$Division (RaftServerImpl.java:logAppendEntries(1429)) - s4@group-A82F1EDBF13F: succeeded to handle AppendEntries. Reply: s11<-s4#8038:OK-t1,SUCCESS,nextIndex=183,followerCommit=181,matchIndex=182
2023-03-07 04:41:26,488 DEBUG server.RaftServer$Division (RaftServerImpl.java:logAppendEntries(1429)) - s14@group-A82F1EDBF13F: receive appendEntries(s11, 1, (t:1, i:182), 181, true, commits:[s11:c181, s13:c179, s12:c178, s3:c181, s4:c179, s5:c176, s10:c178, s6:c177, s7:c181, s8:c179, s9:c177, s14:c181, s0:c181, s1:c179, s2:c176], cId:8049, entries: [(t:1, i:183), STATEMACHINELOGENTRY, 8043@client-8BEEC01311DE]
2023-03-07 04:41:26,488 DEBUG server.RaftServer$Division (RaftServerImpl.java:logAppendEntries(1429)) - s1@group-A82F1EDBF13F: receive appendEntries(s11, 1, (t:1, i:182), 181, true, commits:[s11:c181, s13:c180, s12:c178, s3:c181, s4:c179, s5:c178, s10:c178, s6:c177, s7:c181, s8:c179, s9:c177, s14:c181, s0:c181, s1:c181, s2:c176], cId:8052, entries: [(t:1, i:183), STATEMACHINELOGENTRY, 8043@client-8BEEC01311DE]
2023-03-07 04:41:26,488 DEBUG server.RaftServer$Division (RaftServerImpl.java:logAppendEntries(1429)) - s8@group-A82F1EDBF13F: receive appendEntries(s11, 1, (t:1, i:182), 181, true, commits:[s11:c181, s13:c180, s12:c178, s3:c181, s4:c179, s5:c178, s10:c178, s6:c177, s7:c181, s8:c181, s9:c177, s14:c181, s0:c181, s1:c181, s2:c176], cId:8053, entries: [(t:1, i:183), STATEMACHINELOGENTRY, 8043@client-8BEEC01311DE]
2023-03-07 04:41:26,488 DEBUG server.RaftServer$Division (RaftServerImpl.java:logAppendEntries(1429)) - s4@group-A82F1EDBF13F: receive appendEntries(s11, 1, (t:1, i:182), 181, true, commits:[s11:c181, s13:c180, s12:c178, s3:c181, s4:c181, s5:c178, s10:c178, s6:c177, s7:c181, s8:c181, s9:c177, s14:c181, s0:c181, s1:c181, s2:c176], cId:8054, entries: [(t:1, i:183), STATEMACHINELOGENTRY, 8043@client-8BEEC01311DE]
2023-03-07 04:41:26,489 DEBUG server.RaftServer$Division (RaftServerImpl.java:logAppendEntries(1429)) - s1@group-A82F1EDBF13F: succeeded to handle AppendEntries. Reply: s11<-s1#8052:OK-t1,SUCCESS,nextIndex=184,followerCommit=181,matchIndex=183
2023-03-07 04:41:26,489 DEBUG server.RaftServer$Division (RaftServerImpl.java:logAppendEntries(1429)) - s14@group-A82F1EDBF13F: succeeded to handle AppendEntries. Reply: s11<-s14#8049:OK-t1,SUCCESS,nextIndex=184,followerCommit=181,matchIndex=183
2023-03-07 04:41:26,489 DEBUG server.RaftServer$Division (RaftServerImpl.java:logAppendEntries(1429)) - s8@group-A82F1EDBF13F: succeeded to handle AppendEntries. Reply: s11<-s8#8053:OK-t1,SUCCESS,nextIndex=184,followerCommit=181,matchIndex=183
2023-03-07 04:41:26,489 DEBUG server.RaftServer$Division (RaftServerImpl.java:logAppendEntries(1429)) - s4@group-A82F1EDBF13F: succeeded to handle AppendEntries. Reply: s11<-s4#8054:OK-t1,SUCCESS,nextIndex=184,followerCommit=181,matchIndex=183
2023-03-07 04:41:26,489 DEBUG server.RaftServer$Division (RaftServerImpl.java:logAppendEntries(1429)) - s5@group-A82F1EDBF13F: receive appendEntries(s11, 1, (t:1, i:179), 181, true, commits:[s11:c181, s13:c180, s12:c178, s3:c181, s4:c179, s5:c178, s10:c178, s6:c177, s7:c181, s8:c179, s9:c177, s14:c181, s0:c181, s1:c179, s2:c176], cId:8051, entries: [(t:1, i:180), METADATAENTRY(c:179), (t:1, i:181), STATEMACHINELOGENTRY, 8019@client-8BEEC01311DE, (t:1, i:182), METADATAENTRY(c:181), (t:1, i:183), STATEMACHINELOGENTRY, 8043@client-8BEEC01311DE]
2023-03-07 04:41:26,489 INFO  statemachine.StateMachine (ArithmeticStateMachine.java:applyTransaction(182)) - LEADER:s11-183: c = null = null
2023-03-07 04:41:26,489 DEBUG server.RaftServer$Division (RaftServerImpl.java:logAppendEntries(1429)) - s12@group-A82F1EDBF13F: receive appendEntries(s11, 1, (t:1, i:179), 181, true, commits:[s11:c181, s13:c179, s12:c178, s3:c181, s4:c179, s5:c176, s10:c178, s6:c177, s7:c181, s8:c179, s9:c175, s14:c179, s0:c181, s1:c179, s2:c176], cId:8047, entries: [(t:1, i:180), METADATAENTRY(c:179), (t:1, i:181), STATEMACHINELOGENTRY, 8019@client-8BEEC01311DE, (t:1, i:182), METADATAENTRY(c:181), (t:1, i:183), STATEMACHINELOGENTRY, 8043@client-8BEEC01311DE]
2023-03-07 04:41:26,490 DEBUG server.RaftServer$Division (RaftServerImpl.java:logAppendEntries(1429)) - s3@group-A82F1EDBF13F: receive appendEntries(s11, 1, (t:1, i:183), 183, true, commits:[s11:c183, s13:c180, s12:c178, s3:c181, s4:c181, s5:c178, s10:c178, s6:c180, s7:c181, s8:c181, s9:c177, s14:c181, s0:c181, s1:c181, s2:c176], cId:8060, entries: [(t:1, i:184), METADATAENTRY(c:183)]
2023-03-07 04:41:26,490 DEBUG server.RaftServer$Division (RaftServerImpl.java:submitClientRequestAsync(832)) - s11@group-A82F1EDBF13F: receive client request(RaftClientRequest:client-8BEEC01311DE->s11@group-A82F1EDBF13F, cid=8063, seq=0, RW, Message:01016102405c40000000...(size=12))
2023-03-07 04:41:26,490 DEBUG server.RaftServer$Division (LeaderStateImpl.java:addPendingRequest(474)) - s11@group-A82F1EDBF13F-LeaderStateImpl: addPendingRequest at RaftClientRequest:client-8BEEC01311DE->s11@group-A82F1EDBF13F, cid=8063, seq=0, RW, Message:01016102405c40000000...(size=12), entry=(t:1, i:185), STATEMACHINELOGENTRY, 8063@client-8BEEC01311DE
2023-03-07 04:41:26,490 DEBUG server.RaftServer$Division (RaftServerImpl.java:logAppendEntries(1429)) - s12@group-A82F1EDBF13F: succeeded to handle AppendEntries. Reply: s11<-s12#8047:OK-t1,SUCCESS,nextIndex=184,followerCommit=181,matchIndex=183
2023-03-07 04:41:26,490 DEBUG server.RaftServer$Division (RaftServerImpl.java:logAppendEntries(1429)) - s3@group-A82F1EDBF13F: succeeded to handle AppendEntries. Reply: s11<-s3#8060:OK-t1,SUCCESS,nextIndex=185,followerCommit=183,matchIndex=184
2023-03-07 04:41:26,490 DEBUG server.RaftServer$Division (RaftServerImpl.java:logAppendEntries(1429)) - s7@group-A82F1EDBF13F: receive appendEntries(s11, 1, (t:1, i:183), 183, true, commits:[s11:c183, s13:c180, s12:c178, s3:c181, s4:c181, s5:c178, s10:c178, s6:c180, s7:c181, s8:c181, s9:c177, s14:c181, s0:c181, s1:c181, s2:c176], cId:8057, entries: [(t:1, i:184), METADATAENTRY(c:183)]
2023-03-07 04:41:26,490 DEBUG server.RaftServer$Division (RaftServerImpl.java:logAppendEntries(1429)) - s4@group-A82F1EDBF13F: receive appendEntries(s11, 1, (t:1, i:183), 183, true, commits:[s11:c183, s13:c180, s12:c178, s3:c181, s4:c181, s5:c178, s10:c178, s6:c180, s7:c181, s8:c181, s9:c177, s14:c181, s0:c181, s1:c181, s2:c176], cId:8061, entries: [(t:1, i:184), METADATAENTRY(c:183)]
2023-03-07 04:41:26,491 DEBUG server.RaftServer$Division (RaftServerImpl.java:logAppendEntries(1429)) - s7@group-A82F1EDBF13F: succeeded to handle AppendEntries. Reply: s11<-s7#8057:OK-t1,SUCCESS,nextIndex=185,followerCommit=183,matchIndex=184
2023-03-07 04:41:26,491 DEBUG server.RaftServer$Division (RaftServerImpl.java:logAppendEntries(1429)) - s8@group-A82F1EDBF13F: receive appendEntries(s11, 1, (t:1, i:183), 183, true, commits:[s11:c183, s13:c180, s12:c178, s3:c181, s4:c181, s5:c178, s10:c178, s6:c180, s7:c181, s8:c181, s9:c177, s14:c181, s0:c181, s1:c181, s2:c176], cId:8058, entries: [(t:1, i:184), METADATAENTRY(c:183)]
2023-03-07 04:41:26,490 DEBUG server.RaftServer$Division (RaftServerImpl.java:logAppendEntries(1429)) - s1@group-A82F1EDBF13F: receive appendEntries(s11, 1, (t:1, i:183), 183, true, commits:[s11:c183, s13:c180, s12:c178, s3:c181, s4:c181, s5:c178, s10:c178, s6:c180, s7:c181, s8:c181, s9:c177, s14:c181, s0:c181, s1:c181, s2:c176], cId:8059, entries: [(t:1, i:184), METADATAENTRY(c:183)]
2023-03-07 04:41:26,491 DEBUG server.RaftServer$Division (RaftServerImpl.java:logAppendEntries(1429)) - s7@group-A82F1EDBF13F: receive appendEntries(s11, 1, (t:1, i:184), 183, true, commits:[s11:c183, s13:c180, s12:c178, s3:c183, s4:c181, s5:c178, s10:c178, s6:c180, s7:c183, s8:c181, s9:c177, s14:c181, s0:c181, s1:c181, s2:c176], cId:8065, entries: [(t:1, i:185), STATEMACHINELOGENTRY, 8063@client-8BEEC01311DE]
2023-03-07 04:41:26,491 DEBUG server.RaftServer$Division (RaftServerImpl.java:logAppendEntries(1429)) - s0@group-A82F1EDBF13F: receive appendEntries(s11, 1, (t:1, i:183), 183, true, commits:[s11:c183, s13:c180, s12:c178, s3:c181, s4:c181, s5:c178, s10:c178, s6:c180, s7:c181, s8:c181, s9:c177, s14:c181, s0:c181, s1:c181, s2:c176], cId:8056, entries: [(t:1, i:184), METADATAENTRY(c:183)]
2023-03-07 04:41:26,491 DEBUG server.RaftServer$Division (RaftServerImpl.java:logAppendEntries(1429)) - s3@group-A82F1EDBF13F: receive appendEntries(s11, 1, (t:1, i:184), 183, true, commits:[s11:c183, s13:c180, s12:c178, s3:c183, s4:c181, s5:c178, s10:c178, s6:c180, s7:c181, s8:c181, s9:c177, s14:c181, s0:c181, s1:c181, s2:c176], cId:8064, entries: [(t:1, i:185), STATEMACHINELOGENTRY, 8063@client-8BEEC01311DE]
2023-03-07 04:41:26,491 DEBUG server.RaftServer$Division (RaftServerImpl.java:logAppendEntries(1429)) - s14@group-A82F1EDBF13F: receive appendEntries(s11, 1, (t:1, i:183), 183, true, commits:[s11:c183, s13:c180, s12:c178, s3:c181, s4:c181, s5:c178, s10:c178, s6:c180, s7:c181, s8:c181, s9:c177, s14:c181, s0:c181, s1:c181, s2:c176], cId:8062, entries: [(t:1, i:184), METADATAENTRY(c:183)]
2023-03-07 04:41:26,491 DEBUG server.RaftServer$Division (RaftServerImpl.java:logAppendEntries(1429)) - s6@group-A82F1EDBF13F: receive appendEntries(s11, 1, (t:1, i:181), 182, true, commits:[s11:c182, s13:c180, s12:c178, s3:c181, s4:c181, s5:c178, s10:c178, s6:c180, s7:c181, s8:c181, s9:c177, s14:c181, s0:c181, s1:c181, s2:c176], cId:8055, entries: [(t:1, i:182), METADATAENTRY(c:181), (t:1, i:183), STATEMACHINELOGENTRY, 8043@client-8BEEC01311DE]
2023-03-07 04:41:26,492 DEBUG server.RaftServer$Division (RaftServerImpl.java:logAppendEntries(1429)) - s13@group-A82F1EDBF13F: receive appendEntries(s11, 1, (t:1, i:181), 181, true, commits:[s11:c181, s13:c180, s12:c178, s3:c181, s4:c179, s5:c176, s10:c178, s6:c177, s7:c181, s8:c179, s9:c177, s14:c181, s0:c181, s1:c179, s2:c176], cId:8050, entries: [(t:1, i:182), METADATAENTRY(c:181), (t:1, i:183), STATEMACHINELOGENTRY, 8043@client-8BEEC01311DE]
2023-03-07 04:41:26,492 DEBUG server.RaftServer$Division (RaftServerImpl.java:logAppendEntries(1429)) - s7@group-A82F1EDBF13F: succeeded to handle AppendEntries. Reply: s11<-s7#8065:OK-t1,SUCCESS,nextIndex=186,followerCommit=183,matchIndex=185
2023-03-07 04:41:26,492 DEBUG server.RaftServer$Division (RaftServerImpl.java:logAppendEntries(1429)) - s3@group-A82F1EDBF13F: succeeded to handle AppendEntries. Reply: s11<-s3#8064:OK-t1,SUCCESS,nextIndex=186,followerCommit=183,matchIndex=185
2023-03-07 04:41:26,492 DEBUG server.RaftServer$Division (RaftServerImpl.java:logAppendEntries(1429)) - s6@group-A82F1EDBF13F: succeeded to handle AppendEntries. Reply: s11<-s6#8055:OK-t1,SUCCESS,nextIndex=184,followerCommit=182,matchIndex=183
2023-03-07 04:41:26,492 DEBUG server.RaftServer$Division (RaftServerImpl.java:logAppendEntries(1429)) - s0@group-A82F1EDBF13F: succeeded to handle AppendEntries. Reply: s11<-s0#8056:OK-t1,SUCCESS,nextIndex=185,followerCommit=183,matchIndex=184
2023-03-07 04:41:26,492 DEBUG server.RaftServer$Division (RaftServerImpl.java:logAppendEntries(1429)) - s1@group-A82F1EDBF13F: succeeded to handle AppendEntries. Reply: s11<-s1#8059:OK-t1,SUCCESS,nextIndex=185,followerCommit=183,matchIndex=184
2023-03-07 04:41:26,492 DEBUG server.RaftServer$Division (RaftServerImpl.java:logAppendEntries(1429)) - s8@group-A82F1EDBF13F: succeeded to handle AppendEntries. Reply: s11<-s8#8058:OK-t1,SUCCESS,nextIndex=185,followerCommit=183,matchIndex=184
2023-03-07 04:41:26,492 DEBUG server.RaftServer$Division (RaftServerImpl.java:logAppendEntries(1429)) - s14@group-A82F1EDBF13F: succeeded to handle AppendEntries. Reply: s11<-s14#8062:OK-t1,SUCCESS,nextIndex=185,followerCommit=183,matchIndex=184
2023-03-07 04:41:26,492 DEBUG server.RaftServer$Division (RaftServerImpl.java:logAppendEntries(1429)) - s4@group-A82F1EDBF13F: succeeded to handle AppendEntries. Reply: s11<-s4#8061:OK-t1,SUCCESS,nextIndex=185,followerCommit=183,matchIndex=184
2023-03-07 04:41:26,496 DEBUG server.RaftServer$Division (RaftServerImpl.java:logAppendEntries(1429)) - s9@group-A82F1EDBF13F: receive appendEntries(s11, 1, (t:1, i:178), 181, true, commits:[s11:c181, s13:c179, s12:c178, s3:c181, s4:c179, s5:c176, s10:c178, s6:c177, s7:c181, s8:c179, s9:c177, s14:c179, s0:c181, s1:c179, s2:c176], cId:8048, entries: [(t:1, i:179), STATEMACHINELOGENTRY, 8004@client-8BEEC01311DE, (t:1, i:180), METADATAENTRY(c:179), (t:1, i:181), STATEMACHINELOGENTRY, 8019@client-8BEEC01311DE, (t:1, i:182), METADATAENTRY(c:181), (t:1, i:183), STATEMACHINELOGENTRY, 8043@client-8BEEC01311DE]
2023-03-07 04:41:26,496 DEBUG server.RaftServer$Division (RaftServerImpl.java:logAppendEntries(1429)) - s4@group-A82F1EDBF13F: receive appendEntries(s11, 1, (t:1, i:184), 183, true, commits:[s11:c183, s13:c180, s12:c178, s3:c183, s4:c183, s5:c178, s10:c178, s6:c180, s7:c183, s8:c181, s9:c177, s14:c181, s0:c181, s1:c181, s2:c176], cId:8066, entries: [(t:1, i:185), STATEMACHINELOGENTRY, 8063@client-8BEEC01311DE]
2023-03-07 04:41:26,497 DEBUG server.RaftServer$Division (RaftServerImpl.java:logAppendEntries(1429)) - s9@group-A82F1EDBF13F: succeeded to handle AppendEntries. Reply: s11<-s9#8048:OK-t1,SUCCESS,nextIndex=184,followerCommit=181,matchIndex=183
2023-03-07 04:41:26,497 DEBUG server.RaftServer$Division (RaftServerImpl.java:logAppendEntries(1429)) - s4@group-A82F1EDBF13F: succeeded to handle AppendEntries. Reply: s11<-s4#8066:OK-t1,SUCCESS,nextIndex=186,followerCommit=183,matchIndex=185
2023-03-07 04:41:26,497 DEBUG server.RaftServer$Division (RaftServerImpl.java:logAppendEntries(1429)) - s1@group-A82F1EDBF13F: receive appendEntries(s11, 1, (t:1, i:184), 183, true, commits:[s11:c183, s13:c180, s12:c178, s3:c183, s4:c183, s5:c178, s10:c178, s6:c180, s7:c183, s8:c181, s9:c177, s14:c181, s0:c181, s1:c183, s2:c176], cId:8067, entries: [(t:1, i:185), STATEMACHINELOGENTRY, 8063@client-8BEEC01311DE]
2023-03-07 04:41:26,497 DEBUG server.RaftServer$Division (RaftServerImpl.java:logAppendEntries(1429)) - s1@group-A82F1EDBF13F: succeeded to handle AppendEntries. Reply: s11<-s1#8067:OK-t1,SUCCESS,nextIndex=186,followerCommit=183,matchIndex=185
2023-03-07 04:41:26,498 DEBUG server.RaftServer$Division (RaftServerImpl.java:logAppendEntries(1429)) - s8@group-A82F1EDBF13F: receive appendEntries(s11, 1, (t:1, i:184), 183, true, commits:[s11:c183, s13:c180, s12:c178, s3:c183, s4:c183, s5:c178, s10:c178, s6:c180, s7:c183, s8:c183, s9:c177, s14:c181, s0:c181, s1:c183, s2:c176], cId:8068, entries: [(t:1, i:185), STATEMACHINELOGENTRY, 8063@client-8BEEC01311DE]
2023-03-07 04:41:26,498 DEBUG server.RaftServer$Division (RaftServerImpl.java:logAppendEntries(1429)) - s6@group-A82F1EDBF13F: receive appendEntries(s11, 1, (t:1, i:183), 184, true, commits:[s11:c184, s13:c180, s12:c178, s3:c183, s4:c183, s5:c178, s10:c178, s6:c182, s7:c183, s8:c183, s9:c177, s14:c183, s0:c183, s1:c183, s2:c176], cId:8071, entries: [(t:1, i:184), METADATAENTRY(c:183), (t:1, i:185), STATEMACHINELOGENTRY, 8063@client-8BEEC01311DE]
2023-03-07 04:41:26,498 DEBUG server.RaftServer$Division (RaftServerImpl.java:logAppendEntries(1429)) - s8@group-A82F1EDBF13F: succeeded to handle AppendEntries. Reply: s11<-s8#8068:OK-t1,SUCCESS,nextIndex=186,followerCommit=183,matchIndex=185
2023-03-07 04:41:26,498 DEBUG server.RaftServer$Division (RaftServerImpl.java:logAppendEntries(1429)) - s0@group-A82F1EDBF13F: receive appendEntries(s11, 1, (t:1, i:184), 183, true, commits:[s11:c183, s13:c180, s12:c178, s3:c183, s4:c183, s5:c178, s10:c178, s6:c180, s7:c183, s8:c183, s9:c177, s14:c183, s0:c183, s1:c183, s2:c176], cId:8070, entries: [(t:1, i:185), STATEMACHINELOGENTRY, 8063@client-8BEEC01311DE]
2023-03-07 04:41:26,498 DEBUG server.RaftServer$Division (RaftServerImpl.java:logAppendEntries(1429)) - s6@group-A82F1EDBF13F: succeeded to handle AppendEntries. Reply: s11<-s6#8071:OK-t1,SUCCESS,nextIndex=186,followerCommit=184,matchIndex=185
2023-03-07 04:41:26,499 DEBUG server.RaftServer$Division (RaftServerImpl.java:logAppendEntries(1429)) - s14@group-A82F1EDBF13F: receive appendEntries(s11, 1, (t:1, i:184), 183, true, commits:[s11:c183, s13:c180, s12:c178, s3:c183, s4:c183, s5:c178, s10:c178, s6:c180, s7:c183, s8:c183, s9:c177, s14:c183, s0:c181, s1:c183, s2:c176], cId:8069, entries: [(t:1, i:185), STATEMACHINELOGENTRY, 8063@client-8BEEC01311DE]
2023-03-07 04:41:26,499 DEBUG server.RaftServer$Division (RaftServerImpl.java:logAppendEntries(1429)) - s0@group-A82F1EDBF13F: succeeded to handle AppendEntries. Reply: s11<-s0#8070:OK-t1,SUCCESS,nextIndex=186,followerCommit=183,matchIndex=185
2023-03-07 04:41:26,499 INFO  statemachine.StateMachine (ArithmeticStateMachine.java:applyTransaction(182)) - LEADER:s11-185: a = 113 = 113
2023-03-07 04:41:26,500 DEBUG server.RaftServer$Division (RaftServerImpl.java:logAppendEntries(1429)) - s3@group-A82F1EDBF13F: receive appendEntries(s11, 1, (t:1, i:185), 185, true, commits:[s11:c185, s13:c180, s12:c181, s3:c183, s4:c183, s5:c178, s10:c180, s6:c184, s7:c183, s8:c183, s9:c181, s14:c183, s0:c183, s1:c183, s2:c179], cId:8073, entries: [(t:1, i:186), METADATAENTRY(c:185)]
2023-03-07 04:41:26,500 DEBUG server.RaftServer$Division (RaftServerImpl.java:logAppendEntries(1429)) - s1@group-A82F1EDBF13F: receive appendEntries(s11, 1, (t:1, i:185), 185, true, commits:[s11:c185, s13:c180, s12:c181, s3:c183, s4:c183, s5:c178, s10:c180, s6:c184, s7:c183, s8:c183, s9:c181, s14:c183, s0:c183, s1:c183, s2:c179], cId:8078, entries: [(t:1, i:186), METADATAENTRY(c:185)]
2023-03-07 04:41:26,500 DEBUG server.RaftServer$Division (RaftServerImpl.java:logAppendEntries(1429)) - s14@group-A82F1EDBF13F: succeeded to handle AppendEntries. Reply: s11<-s14#8069:OK-t1,SUCCESS,nextIndex=186,followerCommit=183,matchIndex=185
2023-03-07 04:41:26,500 DEBUG server.RaftServer$Division (RaftServerImpl.java:submitClientRequestAsync(832)) - s11@group-A82F1EDBF13F: receive client request(RaftClientRequest:client-8BEEC01311DE->s11@group-A82F1EDBF13F, cid=8072, seq=0, RW, Message:0101620240b8f0000000...(size=12))
2023-03-07 04:41:26,500 DEBUG server.RaftServer$Division (RaftServerImpl.java:logAppendEntries(1429)) - s5@group-A82F1EDBF13F: succeeded to handle AppendEntries. Reply: s11<-s5#8051:OK-t1,SUCCESS,nextIndex=184,followerCommit=181,matchIndex=183
2023-03-07 04:41:26,500 DEBUG server.RaftServer$Division (RaftServerImpl.java:logAppendEntries(1429)) - s3@group-A82F1EDBF13F: succeeded to handle AppendEntries. Reply: s11<-s3#8073:OK-t1,SUCCESS,nextIndex=187,followerCommit=185,matchIndex=186
2023-03-07 04:41:26,500 DEBUG server.RaftServer$Division (RaftServerImpl.java:logAppendEntries(1429)) - s1@group-A82F1EDBF13F: succeeded to handle AppendEntries. Reply: s11<-s1#8078:OK-t1,SUCCESS,nextIndex=187,followerCommit=185,matchIndex=186
2023-03-07 04:41:26,501 DEBUG server.RaftServer$Division (RaftServerImpl.java:logAppendEntries(1429)) - s7@group-A82F1EDBF13F: receive appendEntries(s11, 1, (t:1, i:185), 185, true, commits:[s11:c185, s13:c180, s12:c181, s3:c183, s4:c183, s5:c178, s10:c180, s6:c184, s7:c183, s8:c183, s9:c181, s14:c183, s0:c183, s1:c183, s2:c179], cId:8076, entries: [(t:1, i:186), METADATAENTRY(c:185)]
2023-03-07 04:41:26,501 DEBUG server.RaftServer$Division (RaftServerImpl.java:logAppendEntries(1429)) - s0@group-A82F1EDBF13F: receive appendEntries(s11, 1, (t:1, i:185), 185, true, commits:[s11:c185, s13:c180, s12:c181, s3:c183, s4:c183, s5:c178, s10:c180, s6:c184, s7:c183, s8:c183, s9:c181, s14:c183, s0:c183, s1:c183, s2:c179], cId:8079, entries: [(t:1, i:186), METADATAENTRY(c:185)]
2023-03-07 04:41:26,500 DEBUG server.RaftServer$Division (RaftServerImpl.java:logAppendEntries(1429)) - s4@group-A82F1EDBF13F: receive appendEntries(s11, 1, (t:1, i:185), 185, true, commits:[s11:c185, s13:c180, s12:c181, s3:c183, s4:c183, s5:c178, s10:c180, s6:c184, s7:c183, s8:c183, s9:c181, s14:c183, s0:c183, s1:c183, s2:c179], cId:8074, entries: [(t:1, i:186), METADATAENTRY(c:185)]
2023-03-07 04:41:26,501 DEBUG server.RaftServer$Division (RaftServerImpl.java:logAppendEntries(1429)) - s8@group-A82F1EDBF13F: receive appendEntries(s11, 1, (t:1, i:185), 185, true, commits:[s11:c185, s13:c180, s12:c181, s3:c183, s4:c183, s5:c178, s10:c180, s6:c184, s7:c183, s8:c183, s9:c181, s14:c183, s0:c183, s1:c183, s2:c179], cId:8077, entries: [(t:1, i:186), METADATAENTRY(c:185)]
2023-03-07 04:41:26,500 DEBUG server.RaftServer$Division (RaftServerImpl.java:logAppendEntries(1429)) - s13@group-A82F1EDBF13F: succeeded to handle AppendEntries. Reply: s11<-s13#8050:OK-t1,SUCCESS,nextIndex=184,followerCommit=181,matchIndex=183
2023-03-07 04:41:26,501 DEBUG server.RaftServer$Division (LeaderStateImpl.java:addPendingRequest(474)) - s11@group-A82F1EDBF13F-LeaderStateImpl: addPendingRequest at RaftClientRequest:client-8BEEC01311DE->s11@group-A82F1EDBF13F, cid=8072, seq=0, RW, Message:0101620240b8f0000000...(size=12), entry=(t:1, i:187), STATEMACHINELOGENTRY, 8072@client-8BEEC01311DE
2023-03-07 04:41:26,501 DEBUG server.RaftServer$Division (RaftServerImpl.java:logAppendEntries(1429)) - s12@group-A82F1EDBF13F: receive appendEntries(s11, 1, (t:1, i:183), 185, true, commits:[s11:c185, s13:c180, s12:c181, s3:c183, s4:c183, s5:c178, s10:c180, s6:c184, s7:c183, s8:c183, s9:c181, s14:c183, s0:c183, s1:c183, s2:c179], cId:8081, entries: [(t:1, i:184), METADATAENTRY(c:183), (t:1, i:185), STATEMACHINELOGENTRY, 8063@client-8BEEC01311DE, (t:1, i:186), METADATAENTRY(c:185)]
2023-03-07 04:41:26,502 DEBUG server.RaftServer$Division (RaftServerImpl.java:logAppendEntries(1429)) - s1@group-A82F1EDBF13F: receive appendEntries(s11, 1, (t:1, i:186), 185, true, commits:[s11:c185, s13:c180, s12:c181, s3:c185, s4:c183, s5:c178, s10:c180, s6:c184, s7:c183, s8:c183, s9:c181, s14:c183, s0:c183, s1:c185, s2:c179], cId:8084, entries: [(t:1, i:187), STATEMACHINELOGENTRY, 8072@client-8BEEC01311DE]
2023-03-07 04:41:26,502 DEBUG server.RaftServer$Division (RaftServerImpl.java:logAppendEntries(1429)) - s6@group-A82F1EDBF13F: receive appendEntries(s11, 1, (t:1, i:185), 185, true, commits:[s11:c185, s13:c180, s12:c181, s3:c183, s4:c183, s5:c178, s10:c180, s6:c184, s7:c183, s8:c183, s9:c181, s14:c183, s0:c183, s1:c183, s2:c179], cId:8075, entries: [(t:1, i:186), METADATAENTRY(c:185)]
2023-03-07 04:41:26,502 DEBUG server.RaftServer$Division (RaftServerImpl.java:logAppendEntries(1429)) - s7@group-A82F1EDBF13F: succeeded to handle AppendEntries. Reply: s11<-s7#8076:OK-t1,SUCCESS,nextIndex=187,followerCommit=185,matchIndex=186
2023-03-07 04:41:26,502 DEBUG server.RaftServer$Division (RaftServerImpl.java:logAppendEntries(1429)) - s8@group-A82F1EDBF13F: succeeded to handle AppendEntries. Reply: s11<-s8#8077:OK-t1,SUCCESS,nextIndex=187,followerCommit=185,matchIndex=186
2023-03-07 04:41:26,502 DEBUG server.RaftServer$Division (RaftServerImpl.java:logAppendEntries(1429)) - s0@group-A82F1EDBF13F: succeeded to handle AppendEntries. Reply: s11<-s0#8079:OK-t1,SUCCESS,nextIndex=187,followerCommit=185,matchIndex=186
2023-03-07 04:41:26,502 DEBUG server.RaftServer$Division (RaftServerImpl.java:logAppendEntries(1429)) - s4@group-A82F1EDBF13F: succeeded to handle AppendEntries. Reply: s11<-s4#8074:OK-t1,SUCCESS,nextIndex=187,followerCommit=185,matchIndex=186
2023-03-07 04:41:26,502 DEBUG server.RaftServer$Division (RaftServerImpl.java:logAppendEntries(1429)) - s12@group-A82F1EDBF13F: succeeded to handle AppendEntries. Reply: s11<-s12#8081:OK-t1,SUCCESS,nextIndex=187,followerCommit=185,matchIndex=186
2023-03-07 04:41:26,503 DEBUG server.RaftServer$Division (RaftServerImpl.java:logAppendEntries(1429)) - s3@group-A82F1EDBF13F: receive appendEntries(s11, 1, (t:1, i:186), 185, true, commits:[s11:c185, s13:c180, s12:c181, s3:c185, s4:c183, s5:c178, s10:c180, s6:c184, s7:c183, s8:c183, s9:c181, s14:c183, s0:c183, s1:c185, s2:c179], cId:8085, entries: [(t:1, i:187), STATEMACHINELOGENTRY, 8072@client-8BEEC01311DE]
2023-03-07 04:41:26,503 DEBUG server.RaftServer$Division (RaftServerImpl.java:logAppendEntries(1429)) - s7@group-A82F1EDBF13F: receive appendEntries(s11, 1, (t:1, i:186), 185, true, commits:[s11:c185, s13:c180, s12:c181, s3:c185, s4:c183, s5:c181, s10:c180, s6:c184, s7:c185, s8:c183, s9:c181, s14:c183, s0:c183, s1:c185, s2:c179], cId:8088, entries: [(t:1, i:187), STATEMACHINELOGENTRY, 8072@client-8BEEC01311DE]
2023-03-07 04:41:26,503 DEBUG server.RaftServer$Division (RaftServerImpl.java:logAppendEntries(1429)) - s1@group-A82F1EDBF13F: succeeded to handle AppendEntries. Reply: s11<-s1#8084:OK-t1,SUCCESS,nextIndex=188,followerCommit=185,matchIndex=187
2023-03-07 04:41:26,503 DEBUG server.RaftServer$Division (RaftServerImpl.java:logAppendEntries(1429)) - s4@group-A82F1EDBF13F: receive appendEntries(s11, 1, (t:1, i:186), 185, true, commits:[s11:c185, s13:c180, s12:c181, s3:c185, s4:c185, s5:c181, s10:c180, s6:c184, s7:c185, s8:c183, s9:c181, s14:c183, s0:c183, s1:c185, s2:c179], cId:8089, entries: [(t:1, i:187), STATEMACHINELOGENTRY, 8072@client-8BEEC01311DE]
2023-03-07 04:41:26,503 DEBUG server.RaftServer$Division (RaftServerImpl.java:logAppendEntries(1429)) - s14@group-A82F1EDBF13F: receive appendEntries(s11, 1, (t:1, i:185), 185, true, commits:[s11:c185, s13:c180, s12:c181, s3:c185, s4:c183, s5:c178, s10:c180, s6:c184, s7:c183, s8:c183, s9:c181, s14:c183, s0:c183, s1:c185, s2:c179], cId:8086, entries: [(t:1, i:186), METADATAENTRY(c:185), (t:1, i:187), STATEMACHINELOGENTRY, 8072@client-8BEEC01311DE]
2023-03-07 04:41:26,504 DEBUG server.RaftServer$Division (RaftServerImpl.java:logAppendEntries(1429)) - s6@group-A82F1EDBF13F: succeeded to handle AppendEntries. Reply: s11<-s6#8075:OK-t1,SUCCESS,nextIndex=187,followerCommit=185,matchIndex=186
2023-03-07 04:41:26,504 DEBUG server.RaftServer$Division (RaftServerImpl.java:logAppendEntries(1429)) - s10@group-A82F1EDBF13F: receive appendEntries(s11, 1, (t:1, i:181), 185, true, commits:[s11:c185, s13:c180, s12:c181, s3:c185, s4:c183, s5:c178, s10:c180, s6:c184, s7:c183, s8:c183, s9:c181, s14:c183, s0:c183, s1:c185, s2:c179], cId:8080, entries: [(t:1, i:182), METADATAENTRY(c:181), (t:1, i:183), STATEMACHINELOGENTRY, 8043@client-8BEEC01311DE, (t:1, i:184), METADATAENTRY(c:183), (t:1, i:185), STATEMACHINELOGENTRY, 8063@client-8BEEC01311DE, (t:1, i:186), METADATAENTRY(c:185)]
2023-03-07 04:41:26,504 DEBUG server.RaftServer$Division (RaftServerImpl.java:logAppendEntries(1429)) - s0@group-A82F1EDBF13F: receive appendEntries(s11, 1, (t:1, i:186), 185, true, commits:[s11:c185, s13:c181, s12:c181, s3:c185, s4:c185, s5:c181, s10:c180, s6:c184, s7:c185, s8:c185, s9:c181, s14:c183, s0:c185, s1:c185, s2:c179], cId:8092, entries: [(t:1, i:187), STATEMACHINELOGENTRY, 8072@client-8BEEC01311DE]
2023-03-07 04:41:26,504 DEBUG server.RaftServer$Division (RaftServerImpl.java:logAppendEntries(1429)) - s9@group-A82F1EDBF13F: receive appendEntries(s11, 1, (t:1, i:183), 185, true, commits:[s11:c185, s13:c180, s12:c181, s3:c183, s4:c183, s5:c178, s10:c180, s6:c184, s7:c183, s8:c183, s9:c181, s14:c183, s0:c183, s1:c183, s2:c179], cId:8083, entries: [(t:1, i:184), METADATAENTRY(c:183), (t:1, i:185), STATEMACHINELOGENTRY, 8063@client-8BEEC01311DE, (t:1, i:186), METADATAENTRY(c:185)]
2023-03-07 04:41:26,504 DEBUG server.RaftServer$Division (RaftServerImpl.java:logAppendEntries(1429)) - s4@group-A82F1EDBF13F: succeeded to handle AppendEntries. Reply: s11<-s4#8089:OK-t1,SUCCESS,nextIndex=188,followerCommit=185,matchIndex=187
2023-03-07 04:41:26,503 DEBUG server.RaftServer$Division (RaftServerImpl.java:logAppendEntries(1429)) - s8@group-A82F1EDBF13F: receive appendEntries(s11, 1, (t:1, i:186), 185, true, commits:[s11:c185, s13:c180, s12:c181, s3:c185, s4:c185, s5:c181, s10:c180, s6:c184, s7:c185, s8:c185, s9:c181, s14:c183, s0:c183, s1:c185, s2:c179], cId:8090, entries: [(t:1, i:187), STATEMACHINELOGENTRY, 8072@client-8BEEC01311DE]
2023-03-07 04:41:26,505 DEBUG server.RaftServer$Division (RaftServerImpl.java:logAppendEntries(1429)) - s9@group-A82F1EDBF13F: succeeded to handle AppendEntries. Reply: s11<-s9#8083:OK-t1,SUCCESS,nextIndex=187,followerCommit=185,matchIndex=186
2023-03-07 04:41:26,505 DEBUG server.RaftServer$Division (RaftServerImpl.java:logAppendEntries(1429)) - s6@group-A82F1EDBF13F: receive appendEntries(s11, 1, (t:1, i:186), 185, true, commits:[s11:c185, s13:c181, s12:c181, s3:c185, s4:c185, s5:c181, s10:c180, s6:c185, s7:c185, s8:c185, s9:c181, s14:c183, s0:c185, s1:c185, s2:c179], cId:8093, entries: [(t:1, i:187), STATEMACHINELOGENTRY, 8072@client-8BEEC01311DE]
2023-03-07 04:41:26,505 DEBUG server.RaftServer$Division (RaftServerImpl.java:logAppendEntries(1429)) - s0@group-A82F1EDBF13F: succeeded to handle AppendEntries. Reply: s11<-s0#8092:OK-t1,SUCCESS,nextIndex=188,followerCommit=185,matchIndex=187
2023-03-07 04:41:26,505 DEBUG server.RaftServer$Division (RaftServerImpl.java:logAppendEntries(1429)) - s8@group-A82F1EDBF13F: succeeded to handle AppendEntries. Reply: s11<-s8#8090:OK-t1,SUCCESS,nextIndex=188,followerCommit=185,matchIndex=187
2023-03-07 04:41:26,503 DEBUG server.RaftServer$Division (RaftServerImpl.java:logAppendEntries(1429)) - s5@group-A82F1EDBF13F: receive appendEntries(s11, 1, (t:1, i:183), 185, true, commits:[s11:c185, s13:c180, s12:c181, s3:c185, s4:c183, s5:c181, s10:c180, s6:c184, s7:c183, s8:c183, s9:c181, s14:c183, s0:c183, s1:c185, s2:c179], cId:8087, entries: [(t:1, i:184), METADATAENTRY(c:183), (t:1, i:185), STATEMACHINELOGENTRY, 8063@client-8BEEC01311DE, (t:1, i:186), METADATAENTRY(c:185), (t:1, i:187), STATEMACHINELOGENTRY, 8072@client-8BEEC01311DE]
2023-03-07 04:41:26,503 DEBUG server.RaftServer$Division (RaftServerImpl.java:logAppendEntries(1429)) - s7@group-A82F1EDBF13F: succeeded to handle AppendEntries. Reply: s11<-s7#8088:OK-t1,SUCCESS,nextIndex=188,followerCommit=185,matchIndex=187
2023-03-07 04:41:26,503 DEBUG server.RaftServer$Division (RaftServerImpl.java:logAppendEntries(1429)) - s3@group-A82F1EDBF13F: succeeded to handle AppendEntries. Reply: s11<-s3#8085:OK-t1,SUCCESS,nextIndex=188,followerCommit=185,matchIndex=187
2023-03-07 04:41:26,505 DEBUG server.RaftServer$Division (RaftServerImpl.java:logAppendEntries(1429)) - s2@group-A82F1EDBF13F: receive appendEntries(s11, 1, (t:1, i:180), 185, true, commits:[s11:c185, s13:c180, s12:c181, s3:c185, s4:c183, s5:c178, s10:c180, s6:c184, s7:c183, s8:c183, s9:c181, s14:c183, s0:c183, s1:c185, s2:c179], cId:8082, entries: [(t:1, i:181), STATEMACHINELOGENTRY, 8019@client-8BEEC01311DE, (t:1, i:182), METADATAENTRY(c:181), (t:1, i:183), STATEMACHINELOGENTRY, 8043@client-8BEEC01311DE, (t:1, i:184), METADATAENTRY(c:183), (t:1, i:185), STATEMACHINELOGENTRY, 8063@client-8BEEC01311DE, (t:1, i:186), METADATAENTRY(c:185)]
2023-03-07 04:41:26,506 DEBUG server.RaftServer$Division (RaftServerImpl.java:logAppendEntries(1429)) - s6@group-A82F1EDBF13F: succeeded to handle AppendEntries. Reply: s11<-s6#8093:OK-t1,SUCCESS,nextIndex=188,followerCommit=185,matchIndex=187
2023-03-07 04:41:26,505 DEBUG server.RaftServer$Division (RaftServerImpl.java:logAppendEntries(1429)) - s13@group-A82F1EDBF13F: receive appendEntries(s11, 1, (t:1, i:183), 185, true, commits:[s11:c185, s13:c181, s12:c181, s3:c185, s4:c185, s5:c181, s10:c180, s6:c184, s7:c185, s8:c185, s9:c181, s14:c183, s0:c183, s1:c185, s2:c179], cId:8091, entries: [(t:1, i:184), METADATAENTRY(c:183), (t:1, i:185), STATEMACHINELOGENTRY, 8063@client-8BEEC01311DE, (t:1, i:186), METADATAENTRY(c:185), (t:1, i:187), STATEMACHINELOGENTRY, 8072@client-8BEEC01311DE]
2023-03-07 04:41:26,504 DEBUG server.RaftServer$Division (RaftServerImpl.java:logAppendEntries(1429)) - s10@group-A82F1EDBF13F: succeeded to handle AppendEntries. Reply: s11<-s10#8080:OK-t1,SUCCESS,nextIndex=187,followerCommit=185,matchIndex=186
2023-03-07 04:41:26,506 INFO  statemachine.StateMachine (ArithmeticStateMachine.java:applyTransaction(182)) - LEADER:s11-187: b = 6384 = 6384
2023-03-07 04:41:26,506 DEBUG server.RaftServer$Division (RaftServerImpl.java:logAppendEntries(1429)) - s2@group-A82F1EDBF13F: succeeded to handle AppendEntries. Reply: s11<-s2#8082:OK-t1,SUCCESS,nextIndex=187,followerCommit=185,matchIndex=186
2023-03-07 04:41:26,507 DEBUG server.RaftServer$Division (RaftServerImpl.java:logAppendEntries(1429)) - s14@group-A82F1EDBF13F: succeeded to handle AppendEntries. Reply: s11<-s14#8086:OK-t1,SUCCESS,nextIndex=188,followerCommit=185,matchIndex=187
2023-03-07 04:41:26,507 DEBUG server.RaftServer$Division (RaftServerImpl.java:logAppendEntries(1429)) - s13@group-A82F1EDBF13F: succeeded to handle AppendEntries. Reply: s11<-s13#8091:OK-t1,SUCCESS,nextIndex=188,followerCommit=185,matchIndex=187
2023-03-07 04:41:26,507 DEBUG server.RaftServer$Division (RaftServerImpl.java:logAppendEntries(1429)) - s4@group-A82F1EDBF13F: receive appendEntries(s11, 1, (t:1, i:187), 187, true, commits:[s11:c187, s13:c181, s12:c185, s3:c185, s4:c185, s5:c181, s10:c185, s6:c185, s7:c185, s8:c185, s9:c185, s14:c183, s0:c185, s1:c185, s2:c179], cId:8096, entries: [(t:1, i:188), METADATAENTRY(c:187)]
2023-03-07 04:41:26,507 DEBUG server.RaftServer$Division (RaftServerImpl.java:logAppendEntries(1429)) - s5@group-A82F1EDBF13F: succeeded to handle AppendEntries. Reply: s11<-s5#8087:OK-t1,SUCCESS,nextIndex=188,followerCommit=185,matchIndex=187
2023-03-07 04:41:26,507 DEBUG server.RaftServer$Division (RaftServerImpl.java:logAppendEntries(1429)) - s3@group-A82F1EDBF13F: receive appendEntries(s11, 1, (t:1, i:187), 187, true, commits:[s11:c187, s13:c181, s12:c185, s3:c185, s4:c185, s5:c181, s10:c185, s6:c185, s7:c185, s8:c185, s9:c185, s14:c183, s0:c185, s1:c185, s2:c179], cId:8095, entries: [(t:1, i:188), METADATAENTRY(c:187)]
2023-03-07 04:41:26,508 DEBUG server.RaftServer$Division (RaftServerImpl.java:logAppendEntries(1429)) - s1@group-A82F1EDBF13F: receive appendEntries(s11, 1, (t:1, i:187), 187, true, commits:[s11:c187, s13:c181, s12:c185, s3:c185, s4:c185, s5:c181, s10:c185, s6:c185, s7:c185, s8:c185, s9:c185, s14:c183, s0:c185, s1:c185, s2:c179], cId:8099, entries: [(t:1, i:188), METADATAENTRY(c:187)]
2023-03-07 04:41:26,508 DEBUG server.RaftServer$Division (RaftServerImpl.java:logAppendEntries(1429)) - s3@group-A82F1EDBF13F: succeeded to handle AppendEntries. Reply: s11<-s3#8095:OK-t1,SUCCESS,nextIndex=189,followerCommit=187,matchIndex=188
2023-03-07 04:41:26,508 DEBUG server.RaftServer$Division (RaftServerImpl.java:logAppendEntries(1429)) - s7@group-A82F1EDBF13F: receive appendEntries(s11, 1, (t:1, i:187), 187, true, commits:[s11:c187, s13:c181, s12:c185, s3:c185, s4:c185, s5:c181, s10:c185, s6:c185, s7:c185, s8:c185, s9:c185, s14:c183, s0:c185, s1:c185, s2:c179], cId:8097, entries: [(t:1, i:188), METADATAENTRY(c:187)]
2023-03-07 04:41:26,508 DEBUG server.RaftServer$Division (RaftServerImpl.java:logAppendEntries(1429)) - s4@group-A82F1EDBF13F: succeeded to handle AppendEntries. Reply: s11<-s4#8096:OK-t1,SUCCESS,nextIndex=189,followerCommit=187,matchIndex=188
2023-03-07 04:41:26,508 DEBUG server.RaftServer$Division (RaftServerImpl.java:submitClientRequestAsync(832)) - s11@group-A82F1EDBF13F: receive client request(RaftClientRequest:client-8BEEC01311DE->s11@group-A82F1EDBF13F, cid=8094, seq=0, RW, Message:01016304010300040201...(size=17))
2023-03-07 04:41:26,508 DEBUG server.RaftServer$Division (LeaderStateImpl.java:addPendingRequest(474)) - s11@group-A82F1EDBF13F-LeaderStateImpl: addPendingRequest at RaftClientRequest:client-8BEEC01311DE->s11@group-A82F1EDBF13F, cid=8094, seq=0, RW, Message:01016304010300040201...(size=17), entry=(t:1, i:189), STATEMACHINELOGENTRY, 8094@client-8BEEC01311DE
2023-03-07 04:41:26,508 DEBUG server.RaftServer$Division (RaftServerImpl.java:logAppendEntries(1429)) - s1@group-A82F1EDBF13F: succeeded to handle AppendEntries. Reply: s11<-s1#8099:OK-t1,SUCCESS,nextIndex=189,followerCommit=187,matchIndex=188
2023-03-07 04:41:26,508 DEBUG server.RaftServer$Division (RaftServerImpl.java:logAppendEntries(1429)) - s7@group-A82F1EDBF13F: succeeded to handle AppendEntries. Reply: s11<-s7#8097:OK-t1,SUCCESS,nextIndex=189,followerCommit=187,matchIndex=188
2023-03-07 04:41:26,509 DEBUG server.RaftServer$Division (RaftServerImpl.java:logAppendEntries(1429)) - s3@group-A82F1EDBF13F: receive appendEntries(s11, 1, (t:1, i:188), 187, true, commits:[s11:c187, s13:c181, s12:c185, s3:c187, s4:c185, s5:c181, s10:c185, s6:c185, s7:c185, s8:c185, s9:c185, s14:c183, s0:c185, s1:c185, s2:c179], cId:8105, entries: [(t:1, i:189), STATEMACHINELOGENTRY, 8094@client-8BEEC01311DE]
2023-03-07 04:41:26,509 DEBUG server.RaftServer$Division (RaftServerImpl.java:logAppendEntries(1429)) - s7@group-A82F1EDBF13F: receive appendEntries(s11, 1, (t:1, i:188), 187, true, commits:[s11:c187, s13:c181, s12:c185, s3:c187, s4:c185, s5:c181, s10:c185, s6:c185, s7:c187, s8:c185, s9:c185, s14:c183, s0:c185, s1:c185, s2:c179], cId:8106, entries: [(t:1, i:189), STATEMACHINELOGENTRY, 8094@client-8BEEC01311DE]
2023-03-07 04:41:26,509 DEBUG server.RaftServer$Division (RaftServerImpl.java:logAppendEntries(1429)) - s0@group-A82F1EDBF13F: receive appendEntries(s11, 1, (t:1, i:187), 187, true, commits:[s11:c187, s13:c181, s12:c185, s3:c185, s4:c185, s5:c181, s10:c185, s6:c185, s7:c185, s8:c185, s9:c185, s14:c183, s0:c185, s1:c185, s2:c179], cId:8098, entries: [(t:1, i:188), METADATAENTRY(c:187)]
2023-03-07 04:41:26,509 DEBUG server.RaftServer$Division (RaftServerImpl.java:logAppendEntries(1429)) - s3@group-A82F1EDBF13F: succeeded to handle AppendEntries. Reply: s11<-s3#8105:OK-t1,SUCCESS,nextIndex=190,followerCommit=187,matchIndex=189
2023-03-07 04:41:26,509 DEBUG server.RaftServer$Division (RaftServerImpl.java:logAppendEntries(1429)) - s7@group-A82F1EDBF13F: succeeded to handle AppendEntries. Reply: s11<-s7#8106:OK-t1,SUCCESS,nextIndex=190,followerCommit=187,matchIndex=189
2023-03-07 04:41:26,509 DEBUG server.RaftServer$Division (RaftServerImpl.java:logAppendEntries(1429)) - s1@group-A82F1EDBF13F: receive appendEntries(s11, 1, (t:1, i:188), 187, true, commits:[s11:c187, s13:c181, s12:c185, s3:c187, s4:c185, s5:c181, s10:c185, s6:c185, s7:c187, s8:c185, s9:c185, s14:c185, s0:c185, s1:c187, s2:c179], cId:8108, entries: [(t:1, i:189), STATEMACHINELOGENTRY, 8094@client-8BEEC01311DE]
2023-03-07 04:41:26,509 DEBUG server.RaftServer$Division (RaftServerImpl.java:logAppendEntries(1429)) - s4@group-A82F1EDBF13F: receive appendEntries(s11, 1, (t:1, i:188), 187, true, commits:[s11:c187, s13:c181, s12:c185, s3:c187, s4:c187, s5:c181, s10:c185, s6:c185, s7:c187, s8:c185, s9:c185, s14:c185, s0:c185, s1:c187, s2:c179], cId:8109, entries: [(t:1, i:189), STATEMACHINELOGENTRY, 8094@client-8BEEC01311DE]
2023-03-07 04:41:26,510 DEBUG server.RaftServer$Division (RaftServerImpl.java:logAppendEntries(1429)) - s1@group-A82F1EDBF13F: succeeded to handle AppendEntries. Reply: s11<-s1#8108:OK-t1,SUCCESS,nextIndex=190,followerCommit=187,matchIndex=189
2023-03-07 04:41:26,510 DEBUG server.RaftServer$Division (RaftServerImpl.java:logAppendEntries(1429)) - s4@group-A82F1EDBF13F: succeeded to handle AppendEntries. Reply: s11<-s4#8109:OK-t1,SUCCESS,nextIndex=190,followerCommit=187,matchIndex=189
2023-03-07 04:41:26,510 DEBUG server.RaftServer$Division (RaftServerImpl.java:logAppendEntries(1429)) - s0@group-A82F1EDBF13F: succeeded to handle AppendEntries. Reply: s11<-s0#8098:OK-t1,SUCCESS,nextIndex=189,followerCommit=187,matchIndex=188
2023-03-07 04:41:26,510 DEBUG server.RaftServer$Division (RaftServerImpl.java:logAppendEntries(1429)) - s14@group-A82F1EDBF13F: receive appendEntries(s11, 1, (t:1, i:187), 187, true, commits:[s11:c187, s13:c181, s12:c185, s3:c187, s4:c185, s5:c181, s10:c185, s6:c185, s7:c187, s8:c185, s9:c185, s14:c185, s0:c185, s1:c185, s2:c179], cId:8107, entries: [(t:1, i:188), METADATAENTRY(c:187), (t:1, i:189), STATEMACHINELOGENTRY, 8094@client-8BEEC01311DE]
2023-03-07 04:41:26,510 DEBUG server.RaftServer$Division (RaftServerImpl.java:logAppendEntries(1429)) - s0@group-A82F1EDBF13F: receive appendEntries(s11, 1, (t:1, i:188), 187, true, commits:[s11:c187, s13:c181, s12:c185, s3:c187, s4:c187, s5:c181, s10:c185, s6:c185, s7:c187, s8:c185, s9:c185, s14:c185, s0:c187, s1:c187, s2:c179], cId:8110, entries: [(t:1, i:189), STATEMACHINELOGENTRY, 8094@client-8BEEC01311DE]
2023-03-07 04:41:26,510 DEBUG server.RaftServer$Division (RaftServerImpl.java:logAppendEntries(1429)) - s8@group-A82F1EDBF13F: receive appendEntries(s11, 1, (t:1, i:187), 187, true, commits:[s11:c187, s13:c181, s12:c185, s3:c185, s4:c185, s5:c181, s10:c185, s6:c185, s7:c185, s8:c185, s9:c185, s14:c183, s0:c185, s1:c185, s2:c179], cId:8100, entries: [(t:1, i:188), METADATAENTRY(c:187)]
2023-03-07 04:41:26,511 DEBUG server.RaftServer$Division (RaftServerImpl.java:logAppendEntries(1429)) - s8@group-A82F1EDBF13F: succeeded to handle AppendEntries. Reply: s11<-s8#8100:OK-t1,SUCCESS,nextIndex=189,followerCommit=187,matchIndex=188
2023-03-07 04:41:26,511 DEBUG server.RaftServer$Division (RaftServerImpl.java:logAppendEntries(1429)) - s0@group-A82F1EDBF13F: succeeded to handle AppendEntries. Reply: s11<-s0#8110:OK-t1,SUCCESS,nextIndex=190,followerCommit=187,matchIndex=189
2023-03-07 04:41:26,511 DEBUG server.RaftServer$Division (RaftServerImpl.java:logAppendEntries(1429)) - s13@group-A82F1EDBF13F: receive appendEntries(s11, 1, (t:1, i:187), 187, true, commits:[s11:c187, s13:c185, s12:c185, s3:c187, s4:c187, s5:c185, s10:c185, s6:c185, s7:c187, s8:c185, s9:c185, s14:c185, s0:c187, s1:c187, s2:c185], cId:8113, entries: [(t:1, i:188), METADATAENTRY(c:187), (t:1, i:189), STATEMACHINELOGENTRY, 8094@client-8BEEC01311DE]
2023-03-07 04:41:26,511 DEBUG server.RaftServer$Division (RaftServerImpl.java:logAppendEntries(1429)) - s5@group-A82F1EDBF13F: receive appendEntries(s11, 1, (t:1, i:187), 187, true, commits:[s11:c187, s13:c181, s12:c185, s3:c187, s4:c187, s5:c185, s10:c185, s6:c185, s7:c187, s8:c185, s9:c185, s14:c185, s0:c187, s1:c187, s2:c185], cId:8112, entries: [(t:1, i:188), METADATAENTRY(c:187), (t:1, i:189), STATEMACHINELOGENTRY, 8094@client-8BEEC01311DE]
2023-03-07 04:41:26,511 DEBUG server.RaftServer$Division (RaftServerImpl.java:logAppendEntries(1429)) - s8@group-A82F1EDBF13F: receive appendEntries(s11, 1, (t:1, i:188), 187, true, commits:[s11:c187, s13:c185, s12:c185, s3:c187, s4:c187, s5:c185, s10:c185, s6:c185, s7:c187, s8:c187, s9:c185, s14:c185, s0:c187, s1:c187, s2:c185], cId:8114, entries: [(t:1, i:189), STATEMACHINELOGENTRY, 8094@client-8BEEC01311DE]
2023-03-07 04:41:26,512 DEBUG server.RaftServer$Division (RaftServerImpl.java:logAppendEntries(1429)) - s6@group-A82F1EDBF13F: receive appendEntries(s11, 1, (t:1, i:187), 187, true, commits:[s11:c187, s13:c181, s12:c185, s3:c185, s4:c185, s5:c181, s10:c185, s6:c185, s7:c185, s8:c185, s9:c185, s14:c183, s0:c185, s1:c185, s2:c179], cId:8101, entries: [(t:1, i:188), METADATAENTRY(c:187)]
2023-03-07 04:41:26,512 DEBUG server.RaftServer$Division (RaftServerImpl.java:logAppendEntries(1429)) - s12@group-A82F1EDBF13F: receive appendEntries(s11, 1, (t:1, i:186), 187, true, commits:[s11:c187, s13:c181, s12:c185, s3:c185, s4:c185, s5:c181, s10:c185, s6:c185, s7:c185, s8:c185, s9:c185, s14:c183, s0:c185, s1:c185, s2:c179], cId:8102, entries: [(t:1, i:187), STATEMACHINELOGENTRY, 8072@client-8BEEC01311DE, (t:1, i:188), METADATAENTRY(c:187)]
2023-03-07 04:41:26,512 DEBUG server.RaftServer$Division (RaftServerImpl.java:logAppendEntries(1429)) - s8@group-A82F1EDBF13F: succeeded to handle AppendEntries. Reply: s11<-s8#8114:OK-t1,SUCCESS,nextIndex=190,followerCommit=187,matchIndex=189
2023-03-07 04:41:26,512 DEBUG server.RaftServer$Division (RaftServerImpl.java:logAppendEntries(1429)) - s6@group-A82F1EDBF13F: succeeded to handle AppendEntries. Reply: s11<-s6#8101:OK-t1,SUCCESS,nextIndex=189,followerCommit=187,matchIndex=188
2023-03-07 04:41:26,512 DEBUG server.RaftServer$Division (RaftServerImpl.java:logAppendEntries(1429)) - s9@group-A82F1EDBF13F: receive appendEntries(s11, 1, (t:1, i:186), 187, true, commits:[s11:c187, s13:c181, s12:c185, s3:c185, s4:c185, s5:c181, s10:c185, s6:c185, s7:c185, s8:c185, s9:c185, s14:c183, s0:c185, s1:c185, s2:c179], cId:8103, entries: [(t:1, i:187), STATEMACHINELOGENTRY, 8072@client-8BEEC01311DE, (t:1, i:188), METADATAENTRY(c:187)]
2023-03-07 04:41:26,512 DEBUG server.RaftServer$Division (RaftServerImpl.java:logAppendEntries(1429)) - s12@group-A82F1EDBF13F: succeeded to handle AppendEntries. Reply: s11<-s12#8102:OK-t1,SUCCESS,nextIndex=189,followerCommit=187,matchIndex=188
2023-03-07 04:41:26,513 DEBUG server.RaftServer$Division (RaftServerImpl.java:logAppendEntries(1429)) - s9@group-A82F1EDBF13F: succeeded to handle AppendEntries. Reply: s11<-s9#8103:OK-t1,SUCCESS,nextIndex=189,followerCommit=187,matchIndex=188
2023-03-07 04:41:26,513 DEBUG server.RaftServer$Division (RaftServerImpl.java:logAppendEntries(1429)) - s10@group-A82F1EDBF13F: receive appendEntries(s11, 1, (t:1, i:186), 187, true, commits:[s11:c187, s13:c181, s12:c185, s3:c185, s4:c185, s5:c181, s10:c185, s6:c185, s7:c185, s8:c185, s9:c185, s14:c183, s0:c185, s1:c185, s2:c179], cId:8104, entries: [(t:1, i:187), STATEMACHINELOGENTRY, 8072@client-8BEEC01311DE, (t:1, i:188), METADATAENTRY(c:187)]
2023-03-07 04:41:26,513 DEBUG server.RaftServer$Division (RaftServerImpl.java:logAppendEntries(1429)) - s6@group-A82F1EDBF13F: receive appendEntries(s11, 1, (t:1, i:188), 187, true, commits:[s11:c187, s13:c185, s12:c185, s3:c187, s4:c187, s5:c185, s10:c185, s6:c187, s7:c187, s8:c187, s9:c185, s14:c185, s0:c187, s1:c187, s2:c185], cId:8115, entries: [(t:1, i:189), STATEMACHINELOGENTRY, 8094@client-8BEEC01311DE]
2023-03-07 04:41:26,513 DEBUG server.RaftServer$Division (RaftServerImpl.java:logAppendEntries(1429)) - s10@group-A82F1EDBF13F: succeeded to handle AppendEntries. Reply: s11<-s10#8104:OK-t1,SUCCESS,nextIndex=189,followerCommit=187,matchIndex=188
2023-03-07 04:41:26,513 DEBUG server.RaftServer$Division (RaftServerImpl.java:logAppendEntries(1429)) - s14@group-A82F1EDBF13F: succeeded to handle AppendEntries. Reply: s11<-s14#8107:OK-t1,SUCCESS,nextIndex=190,followerCommit=187,matchIndex=189
2023-03-07 04:41:26,514 DEBUG server.RaftServer$Division (RaftServerImpl.java:logAppendEntries(1429)) - s6@group-A82F1EDBF13F: succeeded to handle AppendEntries. Reply: s11<-s6#8115:OK-t1,SUCCESS,nextIndex=190,followerCommit=187,matchIndex=189
2023-03-07 04:41:26,513 DEBUG server.RaftServer$Division (RaftServerImpl.java:logAppendEntries(1429)) - s2@group-A82F1EDBF13F: receive appendEntries(s11, 1, (t:1, i:186), 187, true, commits:[s11:c187, s13:c181, s12:c185, s3:c187, s4:c187, s5:c185, s10:c185, s6:c185, s7:c187, s8:c185, s9:c185, s14:c185, s0:c187, s1:c187, s2:c185], cId:8111, entries: [(t:1, i:187), STATEMACHINELOGENTRY, 8072@client-8BEEC01311DE, (t:1, i:188), METADATAENTRY(c:187), (t:1, i:189), STATEMACHINELOGENTRY, 8094@client-8BEEC01311DE]
2023-03-07 04:41:26,514 INFO  statemachine.StateMachine (ArithmeticStateMachine.java:applyTransaction(182)) - LEADER:s11-189: c = √(a^2 + b^2) = 6385
2023-03-07 04:41:26,514 DEBUG server.RaftServer$Division (RaftServerImpl.java:logAppendEntries(1429)) - s2@group-A82F1EDBF13F: succeeded to handle AppendEntries. Reply: s11<-s2#8111:OK-t1,SUCCESS,nextIndex=190,followerCommit=187,matchIndex=189
2023-03-07 04:41:26,514 DEBUG server.RaftServer$Division (RaftServerImpl.java:logAppendEntries(1429)) - s3@group-A82F1EDBF13F: receive appendEntries(s11, 1, (t:1, i:189), 189, true, commits:[s11:c189, s13:c185, s12:c187, s3:c187, s4:c187, s5:c185, s10:c185, s6:c187, s7:c187, s8:c187, s9:c185, s14:c185, s0:c187, s1:c187, s2:c185], cId:8117, entries: [(t:1, i:190), METADATAENTRY(c:189)]
2023-03-07 04:41:26,515 DEBUG server.RaftServer$Division (RaftServerImpl.java:logAppendEntries(1429)) - s4@group-A82F1EDBF13F: receive appendEntries(s11, 1, (t:1, i:189), 189, true, commits:[s11:c189, s13:c185, s12:c187, s3:c187, s4:c187, s5:c185, s10:c185, s6:c187, s7:c187, s8:c187, s9:c185, s14:c185, s0:c187, s1:c187, s2:c185], cId:8118, entries: [(t:1, i:190), METADATAENTRY(c:189)]
2023-03-07 04:41:26,515 DEBUG server.RaftServer$Division (RaftServerImpl.java:logAppendEntries(1429)) - s1@group-A82F1EDBF13F: receive appendEntries(s11, 1, (t:1, i:189), 189, true, commits:[s11:c189, s13:c185, s12:c187, s3:c187, s4:c187, s5:c185, s10:c185, s6:c187, s7:c187, s8:c187, s9:c185, s14:c187, s0:c187, s1:c187, s2:c185], cId:8123, entries: [(t:1, i:190), METADATAENTRY(c:189)]
2023-03-07 04:41:26,515 DEBUG server.RaftServer$Division (RaftServerImpl.java:logAppendEntries(1429)) - s7@group-A82F1EDBF13F: receive appendEntries(s11, 1, (t:1, i:189), 189, true, commits:[s11:c189, s13:c185, s12:c187, s3:c187, s4:c187, s5:c185, s10:c185, s6:c187, s7:c187, s8:c187, s9:c185, s14:c185, s0:c187, s1:c187, s2:c185], cId:8119, entries: [(t:1, i:190), METADATAENTRY(c:189)]
2023-03-07 04:41:26,515 DEBUG server.RaftServer$Division (RaftServerImpl.java:logAppendEntries(1429)) - s3@group-A82F1EDBF13F: succeeded to handle AppendEntries. Reply: s11<-s3#8117:OK-t1,SUCCESS,nextIndex=191,followerCommit=189,matchIndex=190
2023-03-07 04:41:26,515 DEBUG server.RaftServer$Division (RaftServerImpl.java:submitClientRequestAsync(832)) - s11@group-A82F1EDBF13F: receive client request(RaftClientRequest:client-8BEEC01311DE->s11@group-A82F1EDBF13F, cid=8124, seq=0, RW, Message:01016100)
2023-03-07 04:41:26,515 DEBUG server.RaftServer$Division (RaftServerImpl.java:logAppendEntries(1429)) - s7@group-A82F1EDBF13F: succeeded to handle AppendEntries. Reply: s11<-s7#8119:OK-t1,SUCCESS,nextIndex=191,followerCommit=189,matchIndex=190
2023-03-07 04:41:26,515 DEBUG server.RaftServer$Division (RaftServerImpl.java:logAppendEntries(1429)) - s1@group-A82F1EDBF13F: succeeded to handle AppendEntries. Reply: s11<-s1#8123:OK-t1,SUCCESS,nextIndex=191,followerCommit=189,matchIndex=190
2023-03-07 04:41:26,522 DEBUG server.RaftServer$Division (RaftServerImpl.java:logAppendEntries(1429)) - s4@group-A82F1EDBF13F: succeeded to handle AppendEntries. Reply: s11<-s4#8118:OK-t1,SUCCESS,nextIndex=191,followerCommit=189,matchIndex=190
2023-03-07 04:41:26,522 DEBUG server.RaftServer$Division (RaftServerImpl.java:logAppendEntries(1429)) - s3@group-A82F1EDBF13F: receive appendEntries(s11, 1, (t:1, i:190), 189, true, commits:[s11:c189, s13:c185, s12:c187, s3:c189, s4:c187, s5:c185, s10:c185, s6:c187, s7:c187, s8:c187, s9:c185, s14:c187, s0:c187, s1:c187, s2:c185], cId:8126, entries: [(t:1, i:191), STATEMACHINELOGENTRY, 8124@client-8BEEC01311DE]
2023-03-07 04:41:26,522 DEBUG server.RaftServer$Division (RaftServerImpl.java:logAppendEntries(1429)) - s5@group-A82F1EDBF13F: succeeded to handle AppendEntries. Reply: s11<-s5#8112:OK-t1,SUCCESS,nextIndex=190,followerCommit=187,matchIndex=189
2023-03-07 04:41:26,522 DEBUG server.RaftServer$Division (RaftServerImpl.java:logAppendEntries(1429)) - s7@group-A82F1EDBF13F: receive appendEntries(s11, 1, (t:1, i:190), 189, true, commits:[s11:c189, s13:c185, s12:c187, s3:c189, s4:c187, s5:c185, s10:c185, s6:c187, s7:c189, s8:c187, s9:c185, s14:c187, s0:c187, s1:c187, s2:c185], cId:8127, entries: [(t:1, i:191), STATEMACHINELOGENTRY, 8124@client-8BEEC01311DE]
2023-03-07 04:41:26,522 DEBUG server.RaftServer$Division (RaftServerImpl.java:logAppendEntries(1429)) - s1@group-A82F1EDBF13F: receive appendEntries(s11, 1, (t:1, i:190), 189, true, commits:[s11:c189, s13:c185, s12:c187, s3:c189, s4:c187, s5:c185, s10:c185, s6:c187, s7:c189, s8:c187, s9:c185, s14:c187, s0:c187, s1:c189, s2:c185], cId:8128, entries: [(t:1, i:191), STATEMACHINELOGENTRY, 8124@client-8BEEC01311DE]
2023-03-07 04:41:26,521 DEBUG server.RaftServer$Division (RaftServerImpl.java:logAppendEntries(1429)) - s0@group-A82F1EDBF13F: receive appendEntries(s11, 1, (t:1, i:189), 189, true, commits:[s11:c189, s13:c185, s12:c187, s3:c187, s4:c187, s5:c185, s10:c185, s6:c187, s7:c187, s8:c187, s9:c185, s14:c185, s0:c187, s1:c187, s2:c185], cId:8121, entries: [(t:1, i:190), METADATAENTRY(c:189)]
2023-03-07 04:41:26,523 DEBUG server.RaftServer$Division (RaftServerImpl.java:logAppendEntries(1429)) - s4@group-A82F1EDBF13F: receive appendEntries(s11, 1, (t:1, i:190), 189, true, commits:[s11:c189, s13:c185, s12:c187, s3:c189, s4:c189, s5:c185, s10:c185, s6:c187, s7:c189, s8:c187, s9:c185, s14:c187, s0:c187, s1:c189, s2:c185], cId:8129, entries: [(t:1, i:191), STATEMACHINELOGENTRY, 8124@client-8BEEC01311DE]
2023-03-07 04:41:26,523 DEBUG server.RaftServer$Division (LeaderStateImpl.java:addPendingRequest(474)) - s11@group-A82F1EDBF13F-LeaderStateImpl: addPendingRequest at RaftClientRequest:client-8BEEC01311DE->s11@group-A82F1EDBF13F, cid=8124, seq=0, RW, Message:01016100, entry=(t:1, i:191), STATEMACHINELOGENTRY, 8124@client-8BEEC01311DE
2023-03-07 04:41:26,521 DEBUG server.RaftServer$Division (RaftServerImpl.java:logAppendEntries(1429)) - s8@group-A82F1EDBF13F: receive appendEntries(s11, 1, (t:1, i:189), 189, true, commits:[s11:c189, s13:c185, s12:c187, s3:c187, s4:c187, s5:c185, s10:c185, s6:c187, s7:c187, s8:c187, s9:c185, s14:c185, s0:c187, s1:c187, s2:c185], cId:8120, entries: [(t:1, i:190), METADATAENTRY(c:189)]
2023-03-07 04:41:26,523 DEBUG server.RaftServer$Division (RaftServerImpl.java:logAppendEntries(1429)) - s4@group-A82F1EDBF13F: succeeded to handle AppendEntries. Reply: s11<-s4#8129:OK-t1,SUCCESS,nextIndex=192,followerCommit=189,matchIndex=191
2023-03-07 04:41:26,521 DEBUG server.RaftServer$Division (RaftServerImpl.java:logAppendEntries(1429)) - s6@group-A82F1EDBF13F: receive appendEntries(s11, 1, (t:1, i:189), 189, true, commits:[s11:c189, s13:c185, s12:c187, s3:c187, s4:c187, s5:c185, s10:c185, s6:c187, s7:c187, s8:c187, s9:c185, s14:c187, s0:c187, s1:c187, s2:c185], cId:8125, entries: [(t:1, i:190), METADATAENTRY(c:189)]
2023-03-07 04:41:26,523 DEBUG server.RaftServer$Division (RaftServerImpl.java:logAppendEntries(1429)) - s5@group-A82F1EDBF13F: receive appendEntries(s11, 1, (t:1, i:189), 189, true, commits:[s11:c189, s13:c185, s12:c187, s3:c189, s4:c189, s5:c187, s10:c185, s6:c187, s7:c189, s8:c187, s9:c185, s14:c187, s0:c187, s1:c189, s2:c185], cId:8130, entries: [(t:1, i:190), METADATAENTRY(c:189), (t:1, i:191), STATEMACHINELOGENTRY, 8124@client-8BEEC01311DE]
2023-03-07 04:41:26,523 DEBUG server.RaftServer$Division (RaftServerImpl.java:logAppendEntries(1429)) - s0@group-A82F1EDBF13F: succeeded to handle AppendEntries. Reply: s11<-s0#8121:OK-t1,SUCCESS,nextIndex=191,followerCommit=189,matchIndex=190
2023-03-07 04:41:26,523 DEBUG server.RaftServer$Division (RaftServerImpl.java:logAppendEntries(1429)) - s7@group-A82F1EDBF13F: succeeded to handle AppendEntries. Reply: s11<-s7#8127:OK-t1,SUCCESS,nextIndex=192,followerCommit=189,matchIndex=191
2023-03-07 04:41:26,523 DEBUG server.RaftServer$Division (RaftServerImpl.java:logAppendEntries(1429)) - s1@group-A82F1EDBF13F: succeeded to handle AppendEntries. Reply: s11<-s1#8128:OK-t1,SUCCESS,nextIndex=192,followerCommit=189,matchIndex=191
2023-03-07 04:41:26,523 DEBUG server.RaftServer$Division (RaftServerImpl.java:logAppendEntries(1429)) - s3@group-A82F1EDBF13F: succeeded to handle AppendEntries. Reply: s11<-s3#8126:OK-t1,SUCCESS,nextIndex=192,followerCommit=189,matchIndex=191
2023-03-07 04:41:26,524 DEBUG server.RaftServer$Division (RaftServerImpl.java:logAppendEntries(1429)) - s6@group-A82F1EDBF13F: succeeded to handle AppendEntries. Reply: s11<-s6#8125:OK-t1,SUCCESS,nextIndex=191,followerCommit=189,matchIndex=190
2023-03-07 04:41:26,524 DEBUG server.RaftServer$Division (RaftServerImpl.java:logAppendEntries(1429)) - s8@group-A82F1EDBF13F: succeeded to handle AppendEntries. Reply: s11<-s8#8120:OK-t1,SUCCESS,nextIndex=191,followerCommit=189,matchIndex=190
2023-03-07 04:41:26,524 DEBUG server.RaftServer$Division (RaftServerImpl.java:logAppendEntries(1429)) - s8@group-A82F1EDBF13F: receive appendEntries(s11, 1, (t:1, i:190), 189, true, commits:[s11:c189, s13:c185, s12:c187, s3:c189, s4:c189, s5:c187, s10:c185, s6:c187, s7:c189, s8:c189, s9:c185, s14:c187, s0:c189, s1:c189, s2:c185], cId:8132, entries: [(t:1, i:191), STATEMACHINELOGENTRY, 8124@client-8BEEC01311DE]
2023-03-07 04:41:26,525 DEBUG server.RaftServer$Division (RaftServerImpl.java:logAppendEntries(1429)) - s8@group-A82F1EDBF13F: succeeded to handle AppendEntries. Reply: s11<-s8#8132:OK-t1,SUCCESS,nextIndex=192,followerCommit=189,matchIndex=191
2023-03-07 04:41:26,525 DEBUG server.RaftServer$Division (RaftServerImpl.java:logAppendEntries(1429)) - s5@group-A82F1EDBF13F: succeeded to handle AppendEntries. Reply: s11<-s5#8130:OK-t1,SUCCESS,nextIndex=192,followerCommit=189,matchIndex=191
2023-03-07 04:41:26,525 DEBUG server.RaftServer$Division (RaftServerImpl.java:logAppendEntries(1429)) - s0@group-A82F1EDBF13F: receive appendEntries(s11, 1, (t:1, i:190), 189, true, commits:[s11:c189, s13:c185, s12:c187, s3:c189, s4:c189, s5:c187, s10:c185, s6:c187, s7:c189, s8:c187, s9:c185, s14:c187, s0:c189, s1:c189, s2:c185], cId:8131, entries: [(t:1, i:191), STATEMACHINELOGENTRY, 8124@client-8BEEC01311DE]
2023-03-07 04:41:26,525 DEBUG server.RaftServer$Division (RaftServerImpl.java:logAppendEntries(1429)) - s9@group-A82F1EDBF13F: receive appendEntries(s11, 1, (t:1, i:188), 190, true, commits:[s11:c190, s13:c185, s12:c187, s3:c189, s4:c189, s5:c187, s10:c185, s6:c189, s7:c189, s8:c189, s9:c187, s14:c187, s0:c189, s1:c189, s2:c185], cId:8134, entries: [(t:1, i:189), STATEMACHINELOGENTRY, 8094@client-8BEEC01311DE, (t:1, i:190), METADATAENTRY(c:189), (t:1, i:191), STATEMACHINELOGENTRY, 8124@client-8BEEC01311DE]
2023-03-07 04:41:26,526 DEBUG server.RaftServer$Division (RaftServerImpl.java:logAppendEntries(1429)) - s10@group-A82F1EDBF13F: receive appendEntries(s11, 1, (t:1, i:188), 190, true, commits:[s11:c190, s13:c185, s12:c187, s3:c189, s4:c189, s5:c187, s10:c187, s6:c189, s7:c189, s8:c189, s9:c187, s14:c187, s0:c189, s1:c189, s2:c185], cId:8135, entries: [(t:1, i:189), STATEMACHINELOGENTRY, 8094@client-8BEEC01311DE, (t:1, i:190), METADATAENTRY(c:189), (t:1, i:191), STATEMACHINELOGENTRY, 8124@client-8BEEC01311DE]
2023-03-07 04:41:26,525 DEBUG server.RaftServer$Division (RaftServerImpl.java:logAppendEntries(1429)) - s6@group-A82F1EDBF13F: receive appendEntries(s11, 1, (t:1, i:190), 189, true, commits:[s11:c189, s13:c185, s12:c187, s3:c189, s4:c189, s5:c187, s10:c185, s6:c189, s7:c189, s8:c189, s9:c185, s14:c187, s0:c189, s1:c189, s2:c185], cId:8133, entries: [(t:1, i:191), STATEMACHINELOGENTRY, 8124@client-8BEEC01311DE]
2023-03-07 04:41:26,526 DEBUG server.RaftServer$Division (RaftServerImpl.java:logAppendEntries(1429)) - s13@group-A82F1EDBF13F: succeeded to handle AppendEntries. Reply: s11<-s13#8113:OK-t1,SUCCESS,nextIndex=190,followerCommit=187,matchIndex=189
2023-03-07 04:41:26,525 DEBUG server.RaftServer$Division (RaftServerImpl.java:logAppendEntries(1429)) - s12@group-A82F1EDBF13F: receive appendEntries(s11, 1, (t:1, i:188), 188, true, commits:[s11:c188, s13:c185, s12:c187, s3:c187, s4:c187, s5:c185, s10:c185, s6:c187, s7:c187, s8:c187, s9:c185, s14:c185, s0:c187, s1:c187, s2:c185], cId:8116, entries: [(t:1, i:189), STATEMACHINELOGENTRY, 8094@client-8BEEC01311DE]
2023-03-07 04:41:26,526 DEBUG server.RaftServer$Division (RaftServerImpl.java:logAppendEntries(1429)) - s10@group-A82F1EDBF13F: succeeded to handle AppendEntries. Reply: s11<-s10#8135:OK-t1,SUCCESS,nextIndex=192,followerCommit=190,matchIndex=191
2023-03-07 04:41:26,525 DEBUG server.RaftServer$Division (RaftServerImpl.java:logAppendEntries(1429)) - s14@group-A82F1EDBF13F: receive appendEntries(s11, 1, (t:1, i:189), 189, true, commits:[s11:c189, s13:c185, s12:c187, s3:c187, s4:c187, s5:c185, s10:c185, s6:c187, s7:c187, s8:c187, s9:c185, s14:c187, s0:c187, s1:c187, s2:c185], cId:8122, entries: [(t:1, i:190), METADATAENTRY(c:189)]
2023-03-07 04:41:26,527 DEBUG server.RaftServer$Division (RaftServerImpl.java:logAppendEntries(1429)) - s6@group-A82F1EDBF13F: succeeded to handle AppendEntries. Reply: s11<-s6#8133:OK-t1,SUCCESS,nextIndex=192,followerCommit=189,matchIndex=191
2023-03-07 04:41:26,527 DEBUG server.RaftServer$Division (RaftServerImpl.java:logAppendEntries(1429)) - s12@group-A82F1EDBF13F: succeeded to handle AppendEntries. Reply: s11<-s12#8116:OK-t1,SUCCESS,nextIndex=190,followerCommit=188,matchIndex=189
2023-03-07 04:41:26,527 DEBUG server.RaftServer$Division (RaftServerImpl.java:logAppendEntries(1429)) - s9@group-A82F1EDBF13F: succeeded to handle AppendEntries. Reply: s11<-s9#8134:OK-t1,SUCCESS,nextIndex=192,followerCommit=190,matchIndex=191
2023-03-07 04:41:26,527 DEBUG server.RaftServer$Division (RaftServerImpl.java:logAppendEntries(1429)) - s13@group-A82F1EDBF13F: receive appendEntries(s11, 1, (t:1, i:189), 190, true, commits:[s11:c190, s13:c187, s12:c187, s3:c189, s4:c189, s5:c189, s10:c187, s6:c189, s7:c189, s8:c189, s9:c187, s14:c187, s0:c189, s1:c189, s2:c187], cId:8137, entries: [(t:1, i:190), METADATAENTRY(c:189), (t:1, i:191), STATEMACHINELOGENTRY, 8124@client-8BEEC01311DE]
2023-03-07 04:41:26,528 DEBUG server.RaftServer$Division (RaftServerImpl.java:logAppendEntries(1429)) - s6@group-A82F1EDBF13F: receive appendEntries(s11, 1, (t:1, i:191), 191, true, commits:[s11:c191, s13:c187, s12:c187, s3:c189, s4:c189, s5:c189, s10:c187, s6:c189, s7:c189, s8:c189, s9:c187, s14:c187, s0:c189, s1:c189, s2:c187], cId:8144, entries: [(t:1, i:192), METADATAENTRY(c:191)]
2023-03-07 04:41:26,528 DEBUG server.RaftServer$Division (RaftServerImpl.java:logAppendEntries(1429)) - s9@group-A82F1EDBF13F: receive appendEntries(s11, 1, (t:1, i:191), 191, true, commits:[s11:c191, s13:c187, s12:c188, s3:c189, s4:c189, s5:c189, s10:c190, s6:c189, s7:c189, s8:c189, s9:c190, s14:c187, s0:c189, s1:c189, s2:c187], cId:8147, entries: [(t:1, i:192), METADATAENTRY(c:191)]
2023-03-07 04:41:26,529 DEBUG server.RaftServer$Division (RaftServerImpl.java:logAppendEntries(1429)) - s13@group-A82F1EDBF13F: succeeded to handle AppendEntries. Reply: s11<-s13#8137:OK-t1,SUCCESS,nextIndex=192,followerCommit=190,matchIndex=191
2023-03-07 04:41:26,529 DEBUG server.RaftServer$Division (RaftServerImpl.java:logAppendEntries(1429)) - s6@group-A82F1EDBF13F: succeeded to handle AppendEntries. Reply: s11<-s6#8144:OK-t1,SUCCESS,nextIndex=193,followerCommit=191,matchIndex=192
2023-03-07 04:41:26,529 DEBUG server.RaftServer$Division (RaftServerImpl.java:logAppendEntries(1429)) - s9@group-A82F1EDBF13F: succeeded to handle AppendEntries. Reply: s11<-s9#8147:OK-t1,SUCCESS,nextIndex=193,followerCommit=191,matchIndex=192
2023-03-07 04:41:26,528 DEBUG server.RaftServer$Division (RaftServerImpl.java:logAppendEntries(1429)) - s5@group-A82F1EDBF13F: receive appendEntries(s11, 1, (t:1, i:191), 191, true, commits:[s11:c191, s13:c187, s12:c187, s3:c189, s4:c189, s5:c189, s10:c187, s6:c189, s7:c189, s8:c189, s9:c187, s14:c187, s0:c189, s1:c189, s2:c187], cId:8138, entries: [(t:1, i:192), METADATAENTRY(c:191)]
2023-03-07 04:41:26,528 DEBUG server.RaftServer$Division (RaftServerImpl.java:logAppendEntries(1429)) - s1@group-A82F1EDBF13F: receive appendEntries(s11, 1, (t:1, i:191), 191, true, commits:[s11:c191, s13:c187, s12:c187, s3:c189, s4:c189, s5:c189, s10:c187, s6:c189, s7:c189, s8:c189, s9:c187, s14:c187, s0:c189, s1:c189, s2:c187], cId:8140, entries: [(t:1, i:192), METADATAENTRY(c:191)]
2023-03-07 04:41:26,528 DEBUG server.RaftServer$Division (RaftServerImpl.java:logAppendEntries(1429)) - s8@group-A82F1EDBF13F: receive appendEntries(s11, 1, (t:1, i:191), 191, true, commits:[s11:c191, s13:c187, s12:c187, s3:c189, s4:c189, s5:c189, s10:c187, s6:c189, s7:c189, s8:c189, s9:c187, s14:c187, s0:c189, s1:c189, s2:c187], cId:8139, entries: [(t:1, i:192), METADATAENTRY(c:191)]
2023-03-07 04:41:26,529 DEBUG server.RaftServer$Division (RaftServerImpl.java:logAppendEntries(1429)) - s1@group-A82F1EDBF13F: succeeded to handle AppendEntries. Reply: s11<-s1#8140:OK-t1,SUCCESS,nextIndex=193,followerCommit=191,matchIndex=192
2023-03-07 04:41:26,528 DEBUG server.RaftServer$Division (RaftServerImpl.java:logAppendEntries(1429)) - s12@group-A82F1EDBF13F: receive appendEntries(s11, 1, (t:1, i:189), 191, true, commits:[s11:c191, s13:c187, s12:c188, s3:c189, s4:c189, s5:c189, s10:c190, s6:c189, s7:c189, s8:c189, s9:c187, s14:c187, s0:c189, s1:c189, s2:c187], cId:8146, entries: [(t:1, i:190), METADATAENTRY(c:189), (t:1, i:191), STATEMACHINELOGENTRY, 8124@client-8BEEC01311DE, (t:1, i:192), METADATAENTRY(c:191)]
2023-03-07 04:41:26,528 DEBUG server.RaftServer$Division (RaftServerImpl.java:logAppendEntries(1429)) - s10@group-A82F1EDBF13F: receive appendEntries(s11, 1, (t:1, i:191), 191, true, commits:[s11:c191, s13:c187, s12:c187, s3:c189, s4:c189, s5:c189, s10:c190, s6:c189, s7:c189, s8:c189, s9:c187, s14:c187, s0:c189, s1:c189, s2:c187], cId:8145, entries: [(t:1, i:192), METADATAENTRY(c:191)]
2023-03-07 04:41:26,528 DEBUG server.RaftServer$Division (RaftServerImpl.java:logAppendEntries(1429)) - s0@group-A82F1EDBF13F: succeeded to handle AppendEntries. Reply: s11<-s0#8131:OK-t1,SUCCESS,nextIndex=192,followerCommit=189,matchIndex=191
2023-03-07 04:41:26,530 DEBUG server.RaftServer$Division (RaftServerImpl.java:logAppendEntries(1429)) - s8@group-A82F1EDBF13F: succeeded to handle AppendEntries. Reply: s11<-s8#8139:OK-t1,SUCCESS,nextIndex=193,followerCommit=191,matchIndex=192
2023-03-07 04:41:26,528 DEBUG server.RaftServer$Division (RaftServerImpl.java:logAppendEntries(1429)) - s4@group-A82F1EDBF13F: receive appendEntries(s11, 1, (t:1, i:191), 191, true, commits:[s11:c191, s13:c187, s12:c187, s3:c189, s4:c189, s5:c189, s10:c187, s6:c189, s7:c189, s8:c189, s9:c187, s14:c187, s0:c189, s1:c189, s2:c187], cId:8142, entries: [(t:1, i:192), METADATAENTRY(c:191)]
2023-03-07 04:41:26,528 DEBUG server.RaftServer$Division (RaftServerImpl.java:logAppendEntries(1429)) - s7@group-A82F1EDBF13F: receive appendEntries(s11, 1, (t:1, i:191), 191, true, commits:[s11:c191, s13:c187, s12:c187, s3:c189, s4:c189, s5:c189, s10:c187, s6:c189, s7:c189, s8:c189, s9:c187, s14:c187, s0:c189, s1:c189, s2:c187], cId:8141, entries: [(t:1, i:192), METADATAENTRY(c:191)]
2023-03-07 04:41:26,530 DEBUG server.RaftServer$Division (RaftServerImpl.java:logAppendEntries(1429)) - s5@group-A82F1EDBF13F: succeeded to handle AppendEntries. Reply: s11<-s5#8138:OK-t1,SUCCESS,nextIndex=193,followerCommit=191,matchIndex=192
2023-03-07 04:41:26,528 DEBUG server.RaftServer$Division (RaftServerImpl.java:logAppendEntries(1429)) - s3@group-A82F1EDBF13F: receive appendEntries(s11, 1, (t:1, i:191), 191, true, commits:[s11:c191, s13:c187, s12:c187, s3:c189, s4:c189, s5:c189, s10:c187, s6:c189, s7:c189, s8:c189, s9:c187, s14:c187, s0:c189, s1:c189, s2:c187], cId:8143, entries: [(t:1, i:192), METADATAENTRY(c:191)]
2023-03-07 04:41:26,527 DEBUG server.RaftServer$Division (RaftServerImpl.java:logAppendEntries(1429)) - s2@group-A82F1EDBF13F: receive appendEntries(s11, 1, (t:1, i:189), 190, true, commits:[s11:c190, s13:c185, s12:c187, s3:c189, s4:c189, s5:c187, s10:c187, s6:c189, s7:c189, s8:c189, s9:c187, s14:c187, s0:c189, s1:c189, s2:c187], cId:8136, entries: [(t:1, i:190), METADATAENTRY(c:189), (t:1, i:191), STATEMACHINELOGENTRY, 8124@client-8BEEC01311DE]
2023-03-07 04:41:26,531 DEBUG server.RaftServer$Division (RaftServerImpl.java:logAppendEntries(1429)) - s0@group-A82F1EDBF13F: receive appendEntries(s11, 1, (t:1, i:191), 191, true, commits:[s11:c191, s13:c190, s12:c188, s3:c189, s4:c189, s5:c189, s10:c190, s6:c191, s7:c189, s8:c191, s9:c191, s14:c187, s0:c189, s1:c191, s2:c187], cId:8149, entries: [(t:1, i:192), METADATAENTRY(c:191)]
2023-03-07 04:41:26,531 DEBUG server.RaftServer$Division (RaftServerImpl.java:logAppendEntries(1429)) - s7@group-A82F1EDBF13F: succeeded to handle AppendEntries. Reply: s11<-s7#8141:OK-t1,SUCCESS,nextIndex=193,followerCommit=191,matchIndex=192
2023-03-07 04:41:26,531 DEBUG server.RaftServer$Division (RaftServerImpl.java:logAppendEntries(1429)) - s4@group-A82F1EDBF13F: succeeded to handle AppendEntries. Reply: s11<-s4#8142:OK-t1,SUCCESS,nextIndex=193,followerCommit=191,matchIndex=192
2023-03-07 04:41:26,527 DEBUG server.RaftServer$Division (RaftServerImpl.java:logAppendEntries(1429)) - s14@group-A82F1EDBF13F: succeeded to handle AppendEntries. Reply: s11<-s14#8122:OK-t1,SUCCESS,nextIndex=191,followerCommit=189,matchIndex=190
2023-03-07 04:41:26,527 INFO  statemachine.StateMachine (ArithmeticStateMachine.java:applyTransaction(182)) - LEADER:s11-191: a = null = null
2023-03-07 04:41:26,531 DEBUG server.RaftServer$Division (RaftServerImpl.java:logAppendEntries(1429)) - s12@group-A82F1EDBF13F: succeeded to handle AppendEntries. Reply: s11<-s12#8146:OK-t1,SUCCESS,nextIndex=193,followerCommit=191,matchIndex=192
2023-03-07 04:41:26,531 DEBUG server.RaftServer$Division (RaftServerImpl.java:logAppendEntries(1429)) - s10@group-A82F1EDBF13F: succeeded to handle AppendEntries. Reply: s11<-s10#8145:OK-t1,SUCCESS,nextIndex=193,followerCommit=191,matchIndex=192
2023-03-07 04:41:26,531 DEBUG server.RaftServer$Division (RaftServerImpl.java:logAppendEntries(1429)) - s2@group-A82F1EDBF13F: succeeded to handle AppendEntries. Reply: s11<-s2#8136:OK-t1,SUCCESS,nextIndex=192,followerCommit=190,matchIndex=191
2023-03-07 04:41:26,532 DEBUG server.RaftServer$Division (RaftServerImpl.java:submitClientRequestAsync(832)) - s11@group-A82F1EDBF13F: receive client request(RaftClientRequest:client-8BEEC01311DE->s11@group-A82F1EDBF13F, cid=8150, seq=0, RW, Message:01016200)
2023-03-07 04:41:26,532 DEBUG server.RaftServer$Division (RaftServerImpl.java:logAppendEntries(1429)) - s14@group-A82F1EDBF13F: receive appendEntries(s11, 1, (t:1, i:190), 191, true, commits:[s11:c191, s13:c190, s12:c188, s3:c189, s4:c189, s5:c191, s10:c190, s6:c191, s7:c191, s8:c191, s9:c191, s14:c189, s0:c189, s1:c191, s2:c187], cId:8151, entries: [(t:1, i:191), STATEMACHINELOGENTRY, 8124@client-8BEEC01311DE, (t:1, i:192), METADATAENTRY(c:191)]
2023-03-07 04:41:26,533 DEBUG server.RaftServer$Division (RaftServerImpl.java:logAppendEntries(1429)) - s2@group-A82F1EDBF13F: receive appendEntries(s11, 1, (t:1, i:191), 192, true, commits:[s11:c192, s13:c190, s12:c191, s3:c189, s4:c191, s5:c191, s10:c190, s6:c191, s7:c191, s8:c191, s9:c191, s14:c189, s0:c189, s1:c191, s2:c190], cId:8153, entries: [(t:1, i:192), METADATAENTRY(c:191), (t:1, i:193), STATEMACHINELOGENTRY, 8150@client-8BEEC01311DE]
2023-03-07 04:41:26,533 DEBUG server.RaftServer$Division (RaftServerImpl.java:logAppendEntries(1429)) - s4@group-A82F1EDBF13F: receive appendEntries(s11, 1, (t:1, i:192), 192, true, commits:[s11:c192, s13:c190, s12:c191, s3:c189, s4:c191, s5:c191, s10:c190, s6:c191, s7:c191, s8:c191, s9:c191, s14:c189, s0:c189, s1:c191, s2:c187], cId:8152, entries: [(t:1, i:193), STATEMACHINELOGENTRY, 8150@client-8BEEC01311DE]
2023-03-07 04:41:26,533 DEBUG server.RaftServer$Division (RaftServerImpl.java:logAppendEntries(1429)) - s7@group-A82F1EDBF13F: receive appendEntries(s11, 1, (t:1, i:192), 192, true, commits:[s11:c192, s13:c190, s12:c191, s3:c189, s4:c191, s5:c191, s10:c190, s6:c191, s7:c191, s8:c191, s9:c191, s14:c189, s0:c189, s1:c191, s2:c190], cId:8159, entries: [(t:1, i:193), STATEMACHINELOGENTRY, 8150@client-8BEEC01311DE]
2023-03-07 04:41:26,533 DEBUG server.RaftServer$Division (RaftServerImpl.java:logAppendEntries(1429)) - s12@group-A82F1EDBF13F: receive appendEntries(s11, 1, (t:1, i:192), 192, true, commits:[s11:c192, s13:c190, s12:c191, s3:c189, s4:c191, s5:c191, s10:c190, s6:c191, s7:c191, s8:c191, s9:c191, s14:c189, s0:c189, s1:c191, s2:c190], cId:8154, entries: [(t:1, i:193), STATEMACHINELOGENTRY, 8150@client-8BEEC01311DE]
2023-03-07 04:41:26,533 DEBUG server.RaftServer$Division (RaftServerImpl.java:logAppendEntries(1429)) - s8@group-A82F1EDBF13F: receive appendEntries(s11, 1, (t:1, i:192), 192, true, commits:[s11:c192, s13:c190, s12:c191, s3:c189, s4:c191, s5:c191, s10:c190, s6:c191, s7:c191, s8:c191, s9:c191, s14:c189, s0:c189, s1:c191, s2:c190], cId:8157, entries: [(t:1, i:193), STATEMACHINELOGENTRY, 8150@client-8BEEC01311DE]
2023-03-07 04:41:26,533 DEBUG server.RaftServer$Division (RaftServerImpl.java:logAppendEntries(1429)) - s6@group-A82F1EDBF13F: receive appendEntries(s11, 1, (t:1, i:192), 192, true, commits:[s11:c192, s13:c190, s12:c191, s3:c189, s4:c191, s5:c191, s10:c190, s6:c191, s7:c191, s8:c191, s9:c191, s14:c189, s0:c189, s1:c191, s2:c190], cId:8160, entries: [(t:1, i:193), STATEMACHINELOGENTRY, 8150@client-8BEEC01311DE]
2023-03-07 04:41:26,534 DEBUG server.RaftServer$Division (RaftServerImpl.java:logAppendEntries(1429)) - s1@group-A82F1EDBF13F: receive appendEntries(s11, 1, (t:1, i:192), 192, true, commits:[s11:c192, s13:c190, s12:c191, s3:c189, s4:c191, s5:c191, s10:c190, s6:c191, s7:c191, s8:c191, s9:c191, s14:c189, s0:c189, s1:c191, s2:c190], cId:8158, entries: [(t:1, i:193), STATEMACHINELOGENTRY, 8150@client-8BEEC01311DE]
2023-03-07 04:41:26,534 DEBUG server.RaftServer$Division (RaftServerImpl.java:logAppendEntries(1429)) - s0@group-A82F1EDBF13F: succeeded to handle AppendEntries. Reply: s11<-s0#8149:OK-t1,SUCCESS,nextIndex=193,followerCommit=191,matchIndex=192
2023-03-07 04:41:26,534 DEBUG server.RaftServer$Division (RaftServerImpl.java:logAppendEntries(1429)) - s12@group-A82F1EDBF13F: succeeded to handle AppendEntries. Reply: s11<-s12#8154:OK-t1,SUCCESS,nextIndex=194,followerCommit=192,matchIndex=193
2023-03-07 04:41:26,534 DEBUG server.RaftServer$Division (RaftServerImpl.java:logAppendEntries(1429)) - s6@group-A82F1EDBF13F: succeeded to handle AppendEntries. Reply: s11<-s6#8160:OK-t1,SUCCESS,nextIndex=194,followerCommit=192,matchIndex=193
2023-03-07 04:41:26,534 DEBUG server.RaftServer$Division (RaftServerImpl.java:logAppendEntries(1429)) - s4@group-A82F1EDBF13F: succeeded to handle AppendEntries. Reply: s11<-s4#8152:OK-t1,SUCCESS,nextIndex=194,followerCommit=192,matchIndex=193
2023-03-07 04:41:26,534 DEBUG server.RaftServer$Division (RaftServerImpl.java:logAppendEntries(1429)) - s7@group-A82F1EDBF13F: succeeded to handle AppendEntries. Reply: s11<-s7#8159:OK-t1,SUCCESS,nextIndex=194,followerCommit=192,matchIndex=193
2023-03-07 04:41:26,534 DEBUG server.RaftServer$Division (RaftServerImpl.java:logAppendEntries(1429)) - s8@group-A82F1EDBF13F: succeeded to handle AppendEntries. Reply: s11<-s8#8157:OK-t1,SUCCESS,nextIndex=194,followerCommit=192,matchIndex=193
2023-03-07 04:41:26,534 DEBUG server.RaftServer$Division (RaftServerImpl.java:logAppendEntries(1429)) - s2@group-A82F1EDBF13F: succeeded to handle AppendEntries. Reply: s11<-s2#8153:OK-t1,SUCCESS,nextIndex=194,followerCommit=192,matchIndex=193
2023-03-07 04:41:26,534 DEBUG server.RaftServer$Division (RaftServerImpl.java:logAppendEntries(1429)) - s1@group-A82F1EDBF13F: succeeded to handle AppendEntries. Reply: s11<-s1#8158:OK-t1,SUCCESS,nextIndex=194,followerCommit=192,matchIndex=193
2023-03-07 04:41:26,529 DEBUG server.RaftServer$Division (RaftServerImpl.java:logAppendEntries(1429)) - s13@group-A82F1EDBF13F: receive appendEntries(s11, 1, (t:1, i:191), 191, true, commits:[s11:c191, s13:c190, s12:c188, s3:c189, s4:c189, s5:c189, s10:c190, s6:c189, s7:c189, s8:c189, s9:c190, s14:c187, s0:c189, s1:c189, s2:c187], cId:8148, entries: [(t:1, i:192), METADATAENTRY(c:191)]
2023-03-07 04:41:26,535 DEBUG server.RaftServer$Division (RaftServerImpl.java:logAppendEntries(1429)) - s0@group-A82F1EDBF13F: receive appendEntries(s11, 1, (t:1, i:192), 192, true, commits:[s11:c192, s13:c190, s12:c191, s3:c189, s4:c191, s5:c191, s10:c190, s6:c191, s7:c191, s8:c191, s9:c191, s14:c189, s0:c191, s1:c191, s2:c190], cId:8161, entries: [(t:1, i:193), STATEMACHINELOGENTRY, 8150@client-8BEEC01311DE]
2023-03-07 04:41:26,535 DEBUG server.RaftServer$Division (RaftServerImpl.java:logAppendEntries(1429)) - s10@group-A82F1EDBF13F: receive appendEntries(s11, 1, (t:1, i:192), 192, true, commits:[s11:c192, s13:c190, s12:c191, s3:c189, s4:c192, s5:c191, s10:c191, s6:c192, s7:c192, s8:c192, s9:c191, s14:c189, s0:c191, s1:c192, s2:c190], cId:8162, entries: [(t:1, i:193), STATEMACHINELOGENTRY, 8150@client-8BEEC01311DE]
2023-03-07 04:41:26,534 DEBUG server.RaftServer$Division (RaftServerImpl.java:logAppendEntries(1429)) - s5@group-A82F1EDBF13F: receive appendEntries(s11, 1, (t:1, i:192), 192, true, commits:[s11:c192, s13:c190, s12:c191, s3:c189, s4:c191, s5:c191, s10:c190, s6:c191, s7:c191, s8:c191, s9:c191, s14:c189, s0:c189, s1:c191, s2:c190], cId:8155, entries: [(t:1, i:193), STATEMACHINELOGENTRY, 8150@client-8BEEC01311DE]
2023-03-07 04:41:26,535 DEBUG server.RaftServer$Division (RaftServerImpl.java:logAppendEntries(1429)) - s13@group-A82F1EDBF13F: succeeded to handle AppendEntries. Reply: s11<-s13#8148:OK-t1,SUCCESS,nextIndex=193,followerCommit=191,matchIndex=192
2023-03-07 04:41:26,533 DEBUG server.RaftServer$Division (RaftServerImpl.java:logAppendEntries(1429)) - s9@group-A82F1EDBF13F: receive appendEntries(s11, 1, (t:1, i:192), 192, true, commits:[s11:c192, s13:c190, s12:c191, s3:c189, s4:c191, s5:c191, s10:c190, s6:c191, s7:c191, s8:c191, s9:c191, s14:c189, s0:c189, s1:c191, s2:c190], cId:8156, entries: [(t:1, i:193), STATEMACHINELOGENTRY, 8150@client-8BEEC01311DE]
2023-03-07 04:41:26,533 DEBUG server.RaftServer$Division (RaftServerImpl.java:logAppendEntries(1429)) - s14@group-A82F1EDBF13F: succeeded to handle AppendEntries. Reply: s11<-s14#8151:OK-t1,SUCCESS,nextIndex=193,followerCommit=191,matchIndex=192
2023-03-07 04:41:26,535 DEBUG server.RaftServer$Division (RaftServerImpl.java:logAppendEntries(1429)) - s10@group-A82F1EDBF13F: succeeded to handle AppendEntries. Reply: s11<-s10#8162:OK-t1,SUCCESS,nextIndex=194,followerCommit=192,matchIndex=193
2023-03-07 04:41:26,532 DEBUG server.RaftServer$Division (LeaderStateImpl.java:addPendingRequest(474)) - s11@group-A82F1EDBF13F-LeaderStateImpl: addPendingRequest at RaftClientRequest:client-8BEEC01311DE->s11@group-A82F1EDBF13F, cid=8150, seq=0, RW, Message:01016200, entry=(t:1, i:193), STATEMACHINELOGENTRY, 8150@client-8BEEC01311DE
2023-03-07 04:41:26,531 DEBUG server.RaftServer$Division (RaftServerImpl.java:logAppendEntries(1429)) - s3@group-A82F1EDBF13F: succeeded to handle AppendEntries. Reply: s11<-s3#8143:OK-t1,SUCCESS,nextIndex=193,followerCommit=191,matchIndex=192
2023-03-07 04:41:26,536 INFO  statemachine.StateMachine (ArithmeticStateMachine.java:applyTransaction(182)) - LEADER:s11-193: b = null = null
2023-03-07 04:41:26,536 DEBUG server.RaftServer$Division (RaftServerImpl.java:logAppendEntries(1429)) - s9@group-A82F1EDBF13F: succeeded to handle AppendEntries. Reply: s11<-s9#8156:OK-t1,SUCCESS,nextIndex=194,followerCommit=192,matchIndex=193
2023-03-07 04:41:26,536 DEBUG server.RaftServer$Division (RaftServerImpl.java:logAppendEntries(1429)) - s3@group-A82F1EDBF13F: receive appendEntries(s11, 1, (t:1, i:192), 193, true, commits:[s11:c193, s13:c190, s12:c192, s3:c191, s4:c192, s5:c191, s10:c191, s6:c192, s7:c192, s8:c192, s9:c191, s14:c191, s0:c191, s1:c192, s2:c192], cId:8166, entries: [(t:1, i:193), STATEMACHINELOGENTRY, 8150@client-8BEEC01311DE, (t:1, i:194), METADATAENTRY(c:193)]
2023-03-07 04:41:26,536 DEBUG server.RaftServer$Division (RaftServerImpl.java:submitClientRequestAsync(832)) - s11@group-A82F1EDBF13F: receive client request(RaftClientRequest:client-8BEEC01311DE->s11@group-A82F1EDBF13F, cid=8172, seq=0, RW, Message:01016300)
2023-03-07 04:41:26,536 DEBUG server.RaftServer$Division (LeaderStateImpl.java:addPendingRequest(474)) - s11@group-A82F1EDBF13F-LeaderStateImpl: addPendingRequest at RaftClientRequest:client-8BEEC01311DE->s11@group-A82F1EDBF13F, cid=8172, seq=0, RW, Message:01016300, entry=(t:1, i:195), STATEMACHINELOGENTRY, 8172@client-8BEEC01311DE
2023-03-07 04:41:26,536 DEBUG server.RaftServer$Division (RaftServerImpl.java:logAppendEntries(1429)) - s3@group-A82F1EDBF13F: succeeded to handle AppendEntries. Reply: s11<-s3#8166:OK-t1,SUCCESS,nextIndex=195,followerCommit=193,matchIndex=194
2023-03-07 04:41:26,537 DEBUG server.RaftServer$Division (RaftServerImpl.java:logAppendEntries(1429)) - s7@group-A82F1EDBF13F: receive appendEntries(s11, 1, (t:1, i:193), 193, true, commits:[s11:c193, s13:c190, s12:c192, s3:c191, s4:c192, s5:c191, s10:c191, s6:c192, s7:c192, s8:c192, s9:c191, s14:c191, s0:c191, s1:c192, s2:c192], cId:8169, entries: [(t:1, i:194), METADATAENTRY(c:193)]
2023-03-07 04:41:26,537 DEBUG server.RaftServer$Division (RaftServerImpl.java:logAppendEntries(1429)) - s12@group-A82F1EDBF13F: receive appendEntries(s11, 1, (t:1, i:193), 193, true, commits:[s11:c193, s13:c190, s12:c192, s3:c189, s4:c192, s5:c191, s10:c191, s6:c192, s7:c192, s8:c192, s9:c191, s14:c191, s0:c191, s1:c192, s2:c192], cId:8164, entries: [(t:1, i:194), METADATAENTRY(c:193)]
2023-03-07 04:41:26,537 DEBUG server.RaftServer$Division (RaftServerImpl.java:logAppendEntries(1429)) - s4@group-A82F1EDBF13F: receive appendEntries(s11, 1, (t:1, i:193), 193, true, commits:[s11:c193, s13:c190, s12:c192, s3:c191, s4:c192, s5:c191, s10:c191, s6:c192, s7:c192, s8:c192, s9:c191, s14:c191, s0:c191, s1:c192, s2:c192], cId:8170, entries: [(t:1, i:194), METADATAENTRY(c:193)]
2023-03-07 04:41:26,537 DEBUG server.RaftServer$Division (RaftServerImpl.java:logAppendEntries(1429)) - s3@group-A82F1EDBF13F: receive appendEntries(s11, 1, (t:1, i:194), 193, true, commits:[s11:c193, s13:c190, s12:c192, s3:c193, s4:c192, s5:c191, s10:c191, s6:c192, s7:c192, s8:c192, s9:c192, s14:c191, s0:c191, s1:c192, s2:c192], cId:8174, entries: [(t:1, i:195), STATEMACHINELOGENTRY, 8172@client-8BEEC01311DE]
2023-03-07 04:41:26,537 DEBUG server.RaftServer$Division (RaftServerImpl.java:logAppendEntries(1429)) - s12@group-A82F1EDBF13F: succeeded to handle AppendEntries. Reply: s11<-s12#8164:OK-t1,SUCCESS,nextIndex=195,followerCommit=193,matchIndex=194
2023-03-07 04:41:26,537 DEBUG server.RaftServer$Division (RaftServerImpl.java:logAppendEntries(1429)) - s7@group-A82F1EDBF13F: succeeded to handle AppendEntries. Reply: s11<-s7#8169:OK-t1,SUCCESS,nextIndex=195,followerCommit=193,matchIndex=194
2023-03-07 04:41:26,538 DEBUG server.RaftServer$Division (RaftServerImpl.java:logAppendEntries(1429)) - s8@group-A82F1EDBF13F: receive appendEntries(s11, 1, (t:1, i:193), 193, true, commits:[s11:c193, s13:c190, s12:c192, s3:c191, s4:c192, s5:c191, s10:c191, s6:c192, s7:c192, s8:c192, s9:c191, s14:c191, s0:c191, s1:c192, s2:c192], cId:8168, entries: [(t:1, i:194), METADATAENTRY(c:193)]
2023-03-07 04:41:26,538 DEBUG server.RaftServer$Division (RaftServerImpl.java:logAppendEntries(1429)) - s7@group-A82F1EDBF13F: receive appendEntries(s11, 1, (t:1, i:194), 193, true, commits:[s11:c193, s13:c190, s12:c192, s3:c193, s4:c192, s5:c191, s10:c191, s6:c192, s7:c193, s8:c192, s9:c192, s14:c191, s0:c191, s1:c192, s2:c192], cId:8175, entries: [(t:1, i:195), STATEMACHINELOGENTRY, 8172@client-8BEEC01311DE]
2023-03-07 04:41:26,538 DEBUG server.RaftServer$Division (RaftServerImpl.java:logAppendEntries(1429)) - s1@group-A82F1EDBF13F: receive appendEntries(s11, 1, (t:1, i:193), 193, true, commits:[s11:c193, s13:c190, s12:c192, s3:c191, s4:c192, s5:c191, s10:c191, s6:c192, s7:c192, s8:c192, s9:c191, s14:c191, s0:c191, s1:c192, s2:c192], cId:8167, entries: [(t:1, i:194), METADATAENTRY(c:193)]
2023-03-07 04:41:26,538 DEBUG server.RaftServer$Division (RaftServerImpl.java:logAppendEntries(1429)) - s6@group-A82F1EDBF13F: receive appendEntries(s11, 1, (t:1, i:193), 193, true, commits:[s11:c193, s13:c190, s12:c192, s3:c191, s4:c192, s5:c191, s10:c191, s6:c192, s7:c192, s8:c192, s9:c191, s14:c191, s0:c191, s1:c192, s2:c192], cId:8171, entries: [(t:1, i:194), METADATAENTRY(c:193)]
2023-03-07 04:41:26,537 DEBUG server.RaftServer$Division (RaftServerImpl.java:logAppendEntries(1429)) - s14@group-A82F1EDBF13F: receive appendEntries(s11, 1, (t:1, i:192), 192, true, commits:[s11:c192, s13:c190, s12:c192, s3:c189, s4:c192, s5:c191, s10:c191, s6:c192, s7:c192, s8:c192, s9:c191, s14:c191, s0:c191, s1:c192, s2:c192], cId:8163, entries: [(t:1, i:193), STATEMACHINELOGENTRY, 8150@client-8BEEC01311DE]
2023-03-07 04:41:26,538 DEBUG server.RaftServer$Division (RaftServerImpl.java:logAppendEntries(1429)) - s4@group-A82F1EDBF13F: succeeded to handle AppendEntries. Reply: s11<-s4#8170:OK-t1,SUCCESS,nextIndex=195,followerCommit=193,matchIndex=194
2023-03-07 04:41:26,538 DEBUG server.RaftServer$Division (RaftServerImpl.java:logAppendEntries(1429)) - s2@group-A82F1EDBF13F: receive appendEntries(s11, 1, (t:1, i:193), 193, true, commits:[s11:c193, s13:c190, s12:c192, s3:c189, s4:c192, s5:c191, s10:c191, s6:c192, s7:c192, s8:c192, s9:c191, s14:c191, s0:c191, s1:c192, s2:c192], cId:8165, entries: [(t:1, i:194), METADATAENTRY(c:193)]
2023-03-07 04:41:26,539 DEBUG server.RaftServer$Division (RaftServerImpl.java:logAppendEntries(1429)) - s9@group-A82F1EDBF13F: receive appendEntries(s11, 1, (t:1, i:193), 193, true, commits:[s11:c193, s13:c190, s12:c192, s3:c191, s4:c192, s5:c191, s10:c191, s6:c192, s7:c192, s8:c192, s9:c192, s14:c191, s0:c191, s1:c192, s2:c192], cId:8173, entries: [(t:1, i:194), METADATAENTRY(c:193), (t:1, i:195), STATEMACHINELOGENTRY, 8172@client-8BEEC01311DE]
2023-03-07 04:41:26,539 DEBUG server.RaftServer$Division (RaftServerImpl.java:logAppendEntries(1429)) - s4@group-A82F1EDBF13F: receive appendEntries(s11, 1, (t:1, i:194), 193, true, commits:[s11:c193, s13:c191, s12:c192, s3:c193, s4:c193, s5:c191, s10:c191, s6:c192, s7:c193, s8:c192, s9:c192, s14:c191, s0:c191, s1:c192, s2:c192], cId:8177, entries: [(t:1, i:195), STATEMACHINELOGENTRY, 8172@client-8BEEC01311DE]
2023-03-07 04:41:26,539 DEBUG server.RaftServer$Division (RaftServerImpl.java:logAppendEntries(1429)) - s6@group-A82F1EDBF13F: succeeded to handle AppendEntries. Reply: s11<-s6#8171:OK-t1,SUCCESS,nextIndex=195,followerCommit=193,matchIndex=194
2023-03-07 04:41:26,539 DEBUG server.RaftServer$Division (RaftServerImpl.java:logAppendEntries(1429)) - s5@group-A82F1EDBF13F: succeeded to handle AppendEntries. Reply: s11<-s5#8155:OK-t1,SUCCESS,nextIndex=194,followerCommit=192,matchIndex=193
2023-03-07 04:41:26,539 DEBUG server.RaftServer$Division (RaftServerImpl.java:logAppendEntries(1429)) - s14@group-A82F1EDBF13F: succeeded to handle AppendEntries. Reply: s11<-s14#8163:OK-t1,SUCCESS,nextIndex=194,followerCommit=192,matchIndex=193
2023-03-07 04:41:26,539 DEBUG server.RaftServer$Division (RaftServerImpl.java:logAppendEntries(1429)) - s8@group-A82F1EDBF13F: succeeded to handle AppendEntries. Reply: s11<-s8#8168:OK-t1,SUCCESS,nextIndex=195,followerCommit=193,matchIndex=194
2023-03-07 04:41:26,539 DEBUG server.RaftServer$Division (RaftServerImpl.java:logAppendEntries(1429)) - s1@group-A82F1EDBF13F: succeeded to handle AppendEntries. Reply: s11<-s1#8167:OK-t1,SUCCESS,nextIndex=195,followerCommit=193,matchIndex=194
2023-03-07 04:41:26,539 DEBUG server.RaftServer$Division (RaftServerImpl.java:logAppendEntries(1429)) - s2@group-A82F1EDBF13F: succeeded to handle AppendEntries. Reply: s11<-s2#8165:OK-t1,SUCCESS,nextIndex=195,followerCommit=193,matchIndex=194
2023-03-07 04:41:26,539 DEBUG server.RaftServer$Division (RaftServerImpl.java:logAppendEntries(1429)) - s7@group-A82F1EDBF13F: succeeded to handle AppendEntries. Reply: s11<-s7#8175:OK-t1,SUCCESS,nextIndex=196,followerCommit=193,matchIndex=195
2023-03-07 04:41:26,539 DEBUG server.RaftServer$Division (RaftServerImpl.java:logAppendEntries(1429)) - s3@group-A82F1EDBF13F: succeeded to handle AppendEntries. Reply: s11<-s3#8174:OK-t1,SUCCESS,nextIndex=196,followerCommit=193,matchIndex=195
2023-03-07 04:41:26,540 DEBUG server.RaftServer$Division (RaftServerImpl.java:logAppendEntries(1429)) - s2@group-A82F1EDBF13F: receive appendEntries(s11, 1, (t:1, i:194), 193, true, commits:[s11:c193, s13:c191, s12:c192, s3:c193, s4:c193, s5:c192, s10:c192, s6:c192, s7:c193, s8:c193, s9:c192, s14:c192, s0:c191, s1:c192, s2:c193], cId:8182, entries: [(t:1, i:195), STATEMACHINELOGENTRY, 8172@client-8BEEC01311DE]
2023-03-07 04:41:26,540 DEBUG server.RaftServer$Division (RaftServerImpl.java:logAppendEntries(1429)) - s8@group-A82F1EDBF13F: receive appendEntries(s11, 1, (t:1, i:194), 193, true, commits:[s11:c193, s13:c191, s12:c192, s3:c193, s4:c193, s5:c192, s10:c191, s6:c192, s7:c193, s8:c193, s9:c192, s14:c191, s0:c191, s1:c192, s2:c192], cId:8179, entries: [(t:1, i:195), STATEMACHINELOGENTRY, 8172@client-8BEEC01311DE]
2023-03-07 04:41:26,540 DEBUG server.RaftServer$Division (RaftServerImpl.java:logAppendEntries(1429)) - s14@group-A82F1EDBF13F: receive appendEntries(s11, 1, (t:1, i:193), 193, true, commits:[s11:c193, s13:c191, s12:c192, s3:c193, s4:c193, s5:c192, s10:c191, s6:c192, s7:c193, s8:c193, s9:c192, s14:c192, s0:c191, s1:c192, s2:c192], cId:8180, entries: [(t:1, i:194), METADATAENTRY(c:193), (t:1, i:195), STATEMACHINELOGENTRY, 8172@client-8BEEC01311DE]
2023-03-07 04:41:26,540 DEBUG server.RaftServer$Division (RaftServerImpl.java:logAppendEntries(1429)) - s1@group-A82F1EDBF13F: receive appendEntries(s11, 1, (t:1, i:194), 194, true, commits:[s11:c194, s13:c191, s12:c193, s3:c193, s4:c193, s5:c192, s10:c192, s6:c193, s7:c193, s8:c193, s9:c192, s14:c192, s0:c191, s1:c193, s2:c193], cId:8185, entries: [(t:1, i:195), STATEMACHINELOGENTRY, 8172@client-8BEEC01311DE]
2023-03-07 04:41:26,541 DEBUG server.RaftServer$Division (RaftServerImpl.java:logAppendEntries(1429)) - s5@group-A82F1EDBF13F: receive appendEntries(s11, 1, (t:1, i:193), 193, true, commits:[s11:c193, s13:c191, s12:c192, s3:c193, s4:c193, s5:c192, s10:c191, s6:c192, s7:c193, s8:c192, s9:c192, s14:c191, s0:c191, s1:c192, s2:c192], cId:8178, entries: [(t:1, i:194), METADATAENTRY(c:193), (t:1, i:195), STATEMACHINELOGENTRY, 8172@client-8BEEC01311DE]
2023-03-07 04:41:26,541 DEBUG server.RaftServer$Division (RaftServerImpl.java:logAppendEntries(1429)) - s2@group-A82F1EDBF13F: succeeded to handle AppendEntries. Reply: s11<-s2#8182:OK-t1,SUCCESS,nextIndex=196,followerCommit=193,matchIndex=195
2023-03-07 04:41:26,541 DEBUG server.RaftServer$Division (RaftServerImpl.java:logAppendEntries(1429)) - s13@group-A82F1EDBF13F: receive appendEntries(s11, 1, (t:1, i:192), 193, true, commits:[s11:c193, s13:c191, s12:c192, s3:c193, s4:c192, s5:c191, s10:c191, s6:c192, s7:c193, s8:c192, s9:c192, s14:c191, s0:c191, s1:c192, s2:c192], cId:8176, entries: [(t:1, i:193), STATEMACHINELOGENTRY, 8150@client-8BEEC01311DE, (t:1, i:194), METADATAENTRY(c:193), (t:1, i:195), STATEMACHINELOGENTRY, 8172@client-8BEEC01311DE]
2023-03-07 04:41:26,541 DEBUG server.RaftServer$Division (RaftServerImpl.java:logAppendEntries(1429)) - s5@group-A82F1EDBF13F: succeeded to handle AppendEntries. Reply: s11<-s5#8178:OK-t1,SUCCESS,nextIndex=196,followerCommit=193,matchIndex=195
2023-03-07 04:41:26,541 DEBUG server.RaftServer$Division (RaftServerImpl.java:logAppendEntries(1429)) - s1@group-A82F1EDBF13F: succeeded to handle AppendEntries. Reply: s11<-s1#8185:OK-t1,SUCCESS,nextIndex=196,followerCommit=194,matchIndex=195
2023-03-07 04:41:26,541 DEBUG server.RaftServer$Division (RaftServerImpl.java:logAppendEntries(1429)) - s14@group-A82F1EDBF13F: succeeded to handle AppendEntries. Reply: s11<-s14#8180:OK-t1,SUCCESS,nextIndex=196,followerCommit=193,matchIndex=195
2023-03-07 04:41:26,541 DEBUG server.RaftServer$Division (RaftServerImpl.java:logAppendEntries(1429)) - s8@group-A82F1EDBF13F: succeeded to handle AppendEntries. Reply: s11<-s8#8179:OK-t1,SUCCESS,nextIndex=196,followerCommit=193,matchIndex=195
2023-03-07 04:41:26,541 DEBUG server.RaftServer$Division (RaftServerImpl.java:logAppendEntries(1429)) - s4@group-A82F1EDBF13F: succeeded to handle AppendEntries. Reply: s11<-s4#8177:OK-t1,SUCCESS,nextIndex=196,followerCommit=193,matchIndex=195
2023-03-07 04:41:26,541 DEBUG server.RaftServer$Division (RaftServerImpl.java:logAppendEntries(1429)) - s0@group-A82F1EDBF13F: succeeded to handle AppendEntries. Reply: s11<-s0#8161:OK-t1,SUCCESS,nextIndex=194,followerCommit=192,matchIndex=193
2023-03-07 04:41:26,541 DEBUG server.RaftServer$Division (RaftServerImpl.java:logAppendEntries(1429)) - s9@group-A82F1EDBF13F: succeeded to handle AppendEntries. Reply: s11<-s9#8173:OK-t1,SUCCESS,nextIndex=196,followerCommit=193,matchIndex=195
2023-03-07 04:41:26,541 DEBUG server.RaftServer$Division (RaftServerImpl.java:logAppendEntries(1429)) - s10@group-A82F1EDBF13F: receive appendEntries(s11, 1, (t:1, i:193), 193, true, commits:[s11:c193, s13:c191, s12:c192, s3:c193, s4:c193, s5:c192, s10:c192, s6:c192, s7:c193, s8:c193, s9:c192, s14:c192, s0:c191, s1:c192, s2:c192], cId:8181, entries: [(t:1, i:194), METADATAENTRY(c:193), (t:1, i:195), STATEMACHINELOGENTRY, 8172@client-8BEEC01311DE]
2023-03-07 04:41:26,542 DEBUG server.RaftServer$Division (RaftServerImpl.java:logAppendEntries(1429)) - s6@group-A82F1EDBF13F: receive appendEntries(s11, 1, (t:1, i:194), 193, true, commits:[s11:c193, s13:c191, s12:c193, s3:c193, s4:c193, s5:c192, s10:c192, s6:c193, s7:c193, s8:c193, s9:c192, s14:c192, s0:c191, s1:c192, s2:c193], cId:8184, entries: [(t:1, i:195), STATEMACHINELOGENTRY, 8172@client-8BEEC01311DE]
2023-03-07 04:41:26,543 DEBUG server.RaftServer$Division (RaftServerImpl.java:logAppendEntries(1429)) - s14@group-A82F1EDBF13F: receive appendEntries(s11, 1, (t:1, i:195), 195, true, commits:[s11:c195, s13:c191, s12:c193, s3:c193, s4:c193, s5:c192, s10:c192, s6:c193, s7:c193, s8:c193, s9:c193, s14:c193, s0:c191, s1:c194, s2:c193], cId:8187, entries: [(t:1, i:196), METADATAENTRY(c:195)]
2023-03-07 04:41:26,543 DEBUG server.RaftServer$Division (RaftServerImpl.java:logAppendEntries(1429)) - s1@group-A82F1EDBF13F: receive appendEntries(s11, 1, (t:1, i:195), 195, true, commits:[s11:c195, s13:c191, s12:c193, s3:c193, s4:c193, s5:c192, s10:c192, s6:c193, s7:c193, s8:c193, s9:c193, s14:c193, s0:c191, s1:c194, s2:c193], cId:8191, entries: [(t:1, i:196), METADATAENTRY(c:195)]
2023-03-07 04:41:26,543 DEBUG server.RaftServer$Division (RaftServerImpl.java:logAppendEntries(1429)) - s8@group-A82F1EDBF13F: receive appendEntries(s11, 1, (t:1, i:195), 195, true, commits:[s11:c195, s13:c191, s12:c193, s3:c193, s4:c193, s5:c192, s10:c192, s6:c193, s7:c193, s8:c193, s9:c193, s14:c193, s0:c191, s1:c194, s2:c193], cId:8190, entries: [(t:1, i:196), METADATAENTRY(c:195)]
2023-03-07 04:41:26,543 DEBUG server.RaftServer$Division (RaftServerImpl.java:logAppendEntries(1429)) - s4@group-A82F1EDBF13F: receive appendEntries(s11, 1, (t:1, i:195), 195, true, commits:[s11:c195, s13:c191, s12:c193, s3:c193, s4:c193, s5:c192, s10:c192, s6:c193, s7:c193, s8:c193, s9:c193, s14:c193, s0:c191, s1:c194, s2:c193], cId:8192, entries: [(t:1, i:196), METADATAENTRY(c:195)]
2023-03-07 04:41:26,543 DEBUG server.RaftServer$Division (RaftServerImpl.java:logAppendEntries(1429)) - s9@group-A82F1EDBF13F: receive appendEntries(s11, 1, (t:1, i:195), 195, true, commits:[s11:c195, s13:c191, s12:c193, s3:c193, s4:c193, s5:c192, s10:c192, s6:c193, s7:c193, s8:c193, s9:c193, s14:c193, s0:c191, s1:c194, s2:c193], cId:8188, entries: [(t:1, i:196), METADATAENTRY(c:195)]
2023-03-07 04:41:26,542 DEBUG server.RaftServer$Division (RaftServerImpl.java:logAppendEntries(1429)) - s7@group-A82F1EDBF13F: receive appendEntries(s11, 1, (t:1, i:195), 195, true, commits:[s11:c195, s13:c191, s12:c193, s3:c193, s4:c193, s5:c192, s10:c192, s6:c193, s7:c193, s8:c193, s9:c193, s14:c193, s0:c191, s1:c194, s2:c193], cId:8193, entries: [(t:1, i:196), METADATAENTRY(c:195)]
2023-03-07 04:41:26,542 DEBUG server.RaftServer$Division (RaftServerImpl.java:logAppendEntries(1429)) - s2@group-A82F1EDBF13F: receive appendEntries(s11, 1, (t:1, i:195), 195, true, commits:[s11:c195, s13:c191, s12:c193, s3:c193, s4:c193, s5:c192, s10:c192, s6:c193, s7:c193, s8:c193, s9:c193, s14:c193, s0:c191, s1:c194, s2:c193], cId:8186, entries: [(t:1, i:196), METADATAENTRY(c:195)]
2023-03-07 04:41:26,544 DEBUG server.RaftServer$Division (RaftServerImpl.java:logAppendEntries(1429)) - s0@group-A82F1EDBF13F: receive appendEntries(s11, 1, (t:1, i:193), 195, true, commits:[s11:c195, s13:c191, s12:c193, s3:c193, s4:c193, s5:c193, s10:c192, s6:c193, s7:c193, s8:c193, s9:c193, s14:c193, s0:c192, s1:c194, s2:c193], cId:8195, entries: [(t:1, i:194), METADATAENTRY(c:193), (t:1, i:195), STATEMACHINELOGENTRY, 8172@client-8BEEC01311DE, (t:1, i:196), METADATAENTRY(c:195)]
2023-03-07 04:41:26,544 DEBUG server.RaftServer$Division (RaftServerImpl.java:logAppendEntries(1429)) - s14@group-A82F1EDBF13F: succeeded to handle AppendEntries. Reply: s11<-s14#8187:OK-t1,SUCCESS,nextIndex=197,followerCommit=195,matchIndex=196
2023-03-07 04:41:26,544 DEBUG server.RaftServer$Division (RaftServerImpl.java:logAppendEntries(1429)) - s2@group-A82F1EDBF13F: succeeded to handle AppendEntries. Reply: s11<-s2#8186:OK-t1,SUCCESS,nextIndex=197,followerCommit=195,matchIndex=196
2023-03-07 04:41:26,544 DEBUG server.RaftServer$Division (RaftServerImpl.java:logAppendEntries(1429)) - s0@group-A82F1EDBF13F: succeeded to handle AppendEntries. Reply: s11<-s0#8195:OK-t1,SUCCESS,nextIndex=197,followerCommit=195,matchIndex=196
2023-03-07 04:41:26,545 DEBUG server.RaftServer$Division (RaftServerImpl.java:logAppendEntries(1429)) - s13@group-A82F1EDBF13F: succeeded to handle AppendEntries. Reply: s11<-s13#8176:OK-t1,SUCCESS,nextIndex=196,followerCommit=193,matchIndex=195
2023-03-07 04:41:26,542 DEBUG server.RaftServer$Division (RaftServerImpl.java:logAppendEntries(1429)) - s3@group-A82F1EDBF13F: receive appendEntries(s11, 1, (t:1, i:195), 195, true, commits:[s11:c195, s13:c191, s12:c193, s3:c193, s4:c193, s5:c192, s10:c192, s6:c193, s7:c193, s8:c193, s9:c193, s14:c193, s0:c191, s1:c194, s2:c193], cId:8189, entries: [(t:1, i:196), METADATAENTRY(c:195)]
2023-03-07 04:41:26,542 DEBUG server.RaftServer$Division (RaftServerImpl.java:logAppendEntries(1429)) - s10@group-A82F1EDBF13F: succeeded to handle AppendEntries. Reply: s11<-s10#8181:OK-t1,SUCCESS,nextIndex=196,followerCommit=193,matchIndex=195
2023-03-07 04:41:26,542 INFO  statemachine.StateMachine (ArithmeticStateMachine.java:applyTransaction(182)) - LEADER:s11-195: c = null = null
2023-03-07 04:41:26,542 DEBUG server.RaftServer$Division (RaftServerImpl.java:logAppendEntries(1429)) - s12@group-A82F1EDBF13F: receive appendEntries(s11, 1, (t:1, i:194), 193, true, commits:[s11:c193, s13:c191, s12:c193, s3:c193, s4:c193, s5:c192, s10:c192, s6:c192, s7:c193, s8:c193, s9:c192, s14:c192, s0:c191, s1:c192, s2:c193], cId:8183, entries: [(t:1, i:195), STATEMACHINELOGENTRY, 8172@client-8BEEC01311DE]
2023-03-07 04:41:26,544 DEBUG server.RaftServer$Division (RaftServerImpl.java:logAppendEntries(1429)) - s7@group-A82F1EDBF13F: succeeded to handle AppendEntries. Reply: s11<-s7#8193:OK-t1,SUCCESS,nextIndex=197,followerCommit=195,matchIndex=196
2023-03-07 04:41:26,544 DEBUG server.RaftServer$Division (RaftServerImpl.java:logAppendEntries(1429)) - s9@group-A82F1EDBF13F: succeeded to handle AppendEntries. Reply: s11<-s9#8188:OK-t1,SUCCESS,nextIndex=197,followerCommit=195,matchIndex=196
2023-03-07 04:41:26,544 DEBUG server.RaftServer$Division (RaftServerImpl.java:logAppendEntries(1429)) - s8@group-A82F1EDBF13F: succeeded to handle AppendEntries. Reply: s11<-s8#8190:OK-t1,SUCCESS,nextIndex=197,followerCommit=195,matchIndex=196
2023-03-07 04:41:26,544 DEBUG server.RaftServer$Division (RaftServerImpl.java:logAppendEntries(1429)) - s1@group-A82F1EDBF13F: succeeded to handle AppendEntries. Reply: s11<-s1#8191:OK-t1,SUCCESS,nextIndex=197,followerCommit=195,matchIndex=196
2023-03-07 04:41:26,544 DEBUG server.RaftServer$Division (RaftServerImpl.java:logAppendEntries(1429)) - s6@group-A82F1EDBF13F: succeeded to handle AppendEntries. Reply: s11<-s6#8184:OK-t1,SUCCESS,nextIndex=196,followerCommit=193,matchIndex=195
2023-03-07 04:41:26,545 DEBUG server.RaftServer$Division (RaftServerImpl.java:submitClientRequestAsync(832)) - s11@group-A82F1EDBF13F: receive client request(RaftClientRequest:client-8BEEC01311DE->s11@group-A82F1EDBF13F, cid=8197, seq=0, RW, Message:01016102405cc0000000...(size=12))
2023-03-07 04:41:26,546 DEBUG server.RaftServer$Division (LeaderStateImpl.java:addPendingRequest(474)) - s11@group-A82F1EDBF13F-LeaderStateImpl: addPendingRequest at RaftClientRequest:client-8BEEC01311DE->s11@group-A82F1EDBF13F, cid=8197, seq=0, RW, Message:01016102405cc0000000...(size=12), entry=(t:1, i:197), STATEMACHINELOGENTRY, 8197@client-8BEEC01311DE
2023-03-07 04:41:26,544 DEBUG server.RaftServer$Division (RaftServerImpl.java:logAppendEntries(1429)) - s4@group-A82F1EDBF13F: succeeded to handle AppendEntries. Reply: s11<-s4#8192:OK-t1,SUCCESS,nextIndex=197,followerCommit=195,matchIndex=196
2023-03-07 04:41:26,546 DEBUG server.RaftServer$Division (RaftServerImpl.java:logAppendEntries(1429)) - s10@group-A82F1EDBF13F: receive appendEntries(s11, 1, (t:1, i:195), 195, true, commits:[s11:c195, s13:c193, s12:c193, s3:c193, s4:c193, s5:c193, s10:c193, s6:c193, s7:c193, s8:c193, s9:c193, s14:c195, s0:c195, s1:c194, s2:c193], cId:8198, entries: [(t:1, i:196), METADATAENTRY(c:195), (t:1, i:197), STATEMACHINELOGENTRY, 8197@client-8BEEC01311DE]
2023-03-07 04:41:26,546 DEBUG server.RaftServer$Division (RaftServerImpl.java:logAppendEntries(1429)) - s2@group-A82F1EDBF13F: receive appendEntries(s11, 1, (t:1, i:196), 195, true, commits:[s11:c195, s13:c193, s12:c193, s3:c193, s4:c193, s5:c193, s10:c193, s6:c193, s7:c193, s8:c193, s9:c193, s14:c195, s0:c195, s1:c194, s2:c195], cId:8199, entries: [(t:1, i:197), STATEMACHINELOGENTRY, 8197@client-8BEEC01311DE]
2023-03-07 04:41:26,547 DEBUG server.RaftServer$Division (RaftServerImpl.java:logAppendEntries(1429)) - s10@group-A82F1EDBF13F: succeeded to handle AppendEntries. Reply: s11<-s10#8198:OK-t1,SUCCESS,nextIndex=198,followerCommit=195,matchIndex=197
2023-03-07 04:41:26,547 DEBUG server.RaftServer$Division (RaftServerImpl.java:logAppendEntries(1429)) - s2@group-A82F1EDBF13F: succeeded to handle AppendEntries. Reply: s11<-s2#8199:OK-t1,SUCCESS,nextIndex=198,followerCommit=195,matchIndex=197
2023-03-07 04:41:26,548 DEBUG server.RaftServer$Division (RaftServerImpl.java:logAppendEntries(1429)) - s4@group-A82F1EDBF13F: receive appendEntries(s11, 1, (t:1, i:196), 195, true, commits:[s11:c195, s13:c193, s12:c193, s3:c193, s4:c195, s5:c193, s10:c193, s6:c193, s7:c193, s8:c193, s9:c193, s14:c195, s0:c195, s1:c194, s2:c195], cId:8202, entries: [(t:1, i:197), STATEMACHINELOGENTRY, 8197@client-8BEEC01311DE]
2023-03-07 04:41:26,548 DEBUG server.RaftServer$Division (RaftServerImpl.java:logAppendEntries(1429)) - s7@group-A82F1EDBF13F: receive appendEntries(s11, 1, (t:1, i:196), 195, true, commits:[s11:c195, s13:c193, s12:c193, s3:c193, s4:c195, s5:c193, s10:c193, s6:c193, s7:c195, s8:c193, s9:c193, s14:c195, s0:c195, s1:c194, s2:c195], cId:8203, entries: [(t:1, i:197), STATEMACHINELOGENTRY, 8197@client-8BEEC01311DE]
2023-03-07 04:41:26,548 DEBUG server.RaftServer$Division (RaftServerImpl.java:logAppendEntries(1429)) - s9@group-A82F1EDBF13F: receive appendEntries(s11, 1, (t:1, i:196), 195, true, commits:[s11:c195, s13:c193, s12:c193, s3:c193, s4:c195, s5:c193, s10:c193, s6:c193, s7:c195, s8:c193, s9:c195, s14:c195, s0:c195, s1:c194, s2:c195], cId:8204, entries: [(t:1, i:197), STATEMACHINELOGENTRY, 8197@client-8BEEC01311DE]
2023-03-07 04:41:26,549 DEBUG server.RaftServer$Division (RaftServerImpl.java:logAppendEntries(1429)) - s8@group-A82F1EDBF13F: receive appendEntries(s11, 1, (t:1, i:196), 196, true, commits:[s11:c196, s13:c193, s12:c193, s3:c193, s4:c195, s5:c193, s10:c195, s6:c193, s7:c195, s8:c195, s9:c195, s14:c195, s0:c195, s1:c194, s2:c195], cId:8205, entries: [(t:1, i:197), STATEMACHINELOGENTRY, 8197@client-8BEEC01311DE]
2023-03-07 04:41:26,543 DEBUG server.RaftServer$Division (RaftServerImpl.java:logAppendEntries(1429)) - s5@group-A82F1EDBF13F: receive appendEntries(s11, 1, (t:1, i:195), 195, true, commits:[s11:c195, s13:c191, s12:c193, s3:c193, s4:c193, s5:c193, s10:c192, s6:c193, s7:c193, s8:c193, s9:c193, s14:c193, s0:c191, s1:c194, s2:c193], cId:8194, entries: [(t:1, i:196), METADATAENTRY(c:195)]
2023-03-07 04:41:26,549 DEBUG server.RaftServer$Division (RaftServerImpl.java:logAppendEntries(1429)) - s9@group-A82F1EDBF13F: succeeded to handle AppendEntries. Reply: s11<-s9#8204:OK-t1,SUCCESS,nextIndex=198,followerCommit=195,matchIndex=197
2023-03-07 04:41:26,549 DEBUG server.RaftServer$Division (RaftServerImpl.java:logAppendEntries(1429)) - s1@group-A82F1EDBF13F: receive appendEntries(s11, 1, (t:1, i:196), 196, true, commits:[s11:c196, s13:c193, s12:c193, s3:c193, s4:c195, s5:c193, s10:c195, s6:c193, s7:c195, s8:c195, s9:c195, s14:c195, s0:c195, s1:c195, s2:c195], cId:8206, entries: [(t:1, i:197), STATEMACHINELOGENTRY, 8197@client-8BEEC01311DE]
2023-03-07 04:41:26,549 DEBUG server.RaftServer$Division (RaftServerImpl.java:logAppendEntries(1429)) - s7@group-A82F1EDBF13F: succeeded to handle AppendEntries. Reply: s11<-s7#8203:OK-t1,SUCCESS,nextIndex=198,followerCommit=195,matchIndex=197
2023-03-07 04:41:26,549 DEBUG server.RaftServer$Division (RaftServerImpl.java:logAppendEntries(1429)) - s4@group-A82F1EDBF13F: succeeded to handle AppendEntries. Reply: s11<-s4#8202:OK-t1,SUCCESS,nextIndex=198,followerCommit=195,matchIndex=197
2023-03-07 04:41:26,549 DEBUG server.RaftServer$Division (RaftServerImpl.java:logAppendEntries(1429)) - s1@group-A82F1EDBF13F: succeeded to handle AppendEntries. Reply: s11<-s1#8206:OK-t1,SUCCESS,nextIndex=198,followerCommit=196,matchIndex=197
2023-03-07 04:41:26,549 DEBUG server.RaftServer$Division (RaftServerImpl.java:logAppendEntries(1429)) - s8@group-A82F1EDBF13F: succeeded to handle AppendEntries. Reply: s11<-s8#8205:OK-t1,SUCCESS,nextIndex=198,followerCommit=196,matchIndex=197
2023-03-07 04:41:26,550 INFO  statemachine.StateMachine (ArithmeticStateMachine.java:applyTransaction(182)) - LEADER:s11-197: a = 115 = 115
2023-03-07 04:41:26,550 DEBUG server.RaftServer$Division (RaftServerImpl.java:logAppendEntries(1429)) - s6@group-A82F1EDBF13F: receive appendEntries(s11, 1, (t:1, i:195), 196, true, commits:[s11:c196, s13:c193, s12:c193, s3:c193, s4:c195, s5:c193, s10:c195, s6:c193, s7:c195, s8:c195, s9:c195, s14:c195, s0:c195, s1:c195, s2:c195], cId:8207, entries: [(t:1, i:196), METADATAENTRY(c:195), (t:1, i:197), STATEMACHINELOGENTRY, 8197@client-8BEEC01311DE]
2023-03-07 04:41:26,550 DEBUG server.RaftServer$Division (RaftServerImpl.java:logAppendEntries(1429)) - s5@group-A82F1EDBF13F: succeeded to handle AppendEntries. Reply: s11<-s5#8194:OK-t1,SUCCESS,nextIndex=197,followerCommit=195,matchIndex=196
2023-03-07 04:41:26,550 DEBUG server.RaftServer$Division (RaftServerImpl.java:logAppendEntries(1429)) - s6@group-A82F1EDBF13F: succeeded to handle AppendEntries. Reply: s11<-s6#8207:OK-t1,SUCCESS,nextIndex=198,followerCommit=196,matchIndex=197
2023-03-07 04:41:26,551 DEBUG server.RaftServer$Division (RaftServerImpl.java:submitClientRequestAsync(832)) - s11@group-A82F1EDBF13F: receive client request(RaftClientRequest:client-8BEEC01311DE->s11@group-A82F1EDBF13F, cid=8208, seq=0, RW, Message:0101620240b9d4000000...(size=12))
2023-03-07 04:41:26,551 DEBUG server.RaftServer$Division (RaftServerImpl.java:logAppendEntries(1429)) - s2@group-A82F1EDBF13F: receive appendEntries(s11, 1, (t:1, i:197), 197, true, commits:[s11:c197, s13:c193, s12:c193, s3:c193, s4:c195, s5:c193, s10:c195, s6:c193, s7:c195, s8:c196, s9:c195, s14:c195, s0:c195, s1:c196, s2:c195], cId:8209, entries: [(t:1, i:198), METADATAENTRY(c:197)]
2023-03-07 04:41:26,551 DEBUG server.RaftServer$Division (RaftServerImpl.java:logAppendEntries(1429)) - s4@group-A82F1EDBF13F: receive appendEntries(s11, 1, (t:1, i:197), 197, true, commits:[s11:c197, s13:c193, s12:c193, s3:c193, s4:c195, s5:c193, s10:c195, s6:c193, s7:c195, s8:c196, s9:c195, s14:c195, s0:c195, s1:c196, s2:c195], cId:8215, entries: [(t:1, i:198), METADATAENTRY(c:197)]
2023-03-07 04:41:26,551 DEBUG server.RaftServer$Division (RaftServerImpl.java:logAppendEntries(1429)) - s10@group-A82F1EDBF13F: receive appendEntries(s11, 1, (t:1, i:197), 197, true, commits:[s11:c197, s13:c193, s12:c193, s3:c193, s4:c195, s5:c193, s10:c195, s6:c193, s7:c195, s8:c196, s9:c195, s14:c195, s0:c195, s1:c196, s2:c195], cId:8210, entries: [(t:1, i:198), METADATAENTRY(c:197)]
2023-03-07 04:41:26,551 DEBUG server.RaftServer$Division (RaftServerImpl.java:logAppendEntries(1429)) - s1@group-A82F1EDBF13F: receive appendEntries(s11, 1, (t:1, i:197), 197, true, commits:[s11:c197, s13:c193, s12:c193, s3:c193, s4:c195, s5:c193, s10:c195, s6:c193, s7:c195, s8:c196, s9:c195, s14:c195, s0:c195, s1:c196, s2:c195], cId:8212, entries: [(t:1, i:198), METADATAENTRY(c:197)]
2023-03-07 04:41:26,551 DEBUG server.RaftServer$Division (RaftServerImpl.java:logAppendEntries(1429)) - s7@group-A82F1EDBF13F: receive appendEntries(s11, 1, (t:1, i:197), 197, true, commits:[s11:c197, s13:c193, s12:c193, s3:c193, s4:c195, s5:c193, s10:c195, s6:c193, s7:c195, s8:c196, s9:c195, s14:c195, s0:c195, s1:c196, s2:c195], cId:8214, entries: [(t:1, i:198), METADATAENTRY(c:197)]
2023-03-07 04:41:26,549 DEBUG server.RaftServer$Division (RaftServerImpl.java:logAppendEntries(1429)) - s14@group-A82F1EDBF13F: receive appendEntries(s11, 1, (t:1, i:196), 195, true, commits:[s11:c195, s13:c193, s12:c193, s3:c193, s4:c193, s5:c193, s10:c193, s6:c193, s7:c193, s8:c193, s9:c193, s14:c195, s0:c195, s1:c194, s2:c195], cId:8201, entries: [(t:1, i:197), STATEMACHINELOGENTRY, 8197@client-8BEEC01311DE]
2023-03-07 04:41:26,545 DEBUG server.RaftServer$Division (RaftServerImpl.java:logAppendEntries(1429)) - s12@group-A82F1EDBF13F: succeeded to handle AppendEntries. Reply: s11<-s12#8183:OK-t1,SUCCESS,nextIndex=196,followerCommit=193,matchIndex=195
2023-03-07 04:41:26,552 DEBUG server.RaftServer$Division (RaftServerImpl.java:logAppendEntries(1429)) - s10@group-A82F1EDBF13F: succeeded to handle AppendEntries. Reply: s11<-s10#8210:OK-t1,SUCCESS,nextIndex=199,followerCommit=197,matchIndex=198
2023-03-07 04:41:26,552 DEBUG server.RaftServer$Division (RaftServerImpl.java:logAppendEntries(1429)) - s2@group-A82F1EDBF13F: succeeded to handle AppendEntries. Reply: s11<-s2#8209:OK-t1,SUCCESS,nextIndex=199,followerCommit=197,matchIndex=198
2023-03-07 04:41:26,552 DEBUG server.RaftServer$Division (RaftServerImpl.java:logAppendEntries(1429)) - s1@group-A82F1EDBF13F: succeeded to handle AppendEntries. Reply: s11<-s1#8212:OK-t1,SUCCESS,nextIndex=199,followerCommit=197,matchIndex=198
2023-03-07 04:41:26,545 DEBUG server.RaftServer$Division (RaftServerImpl.java:logAppendEntries(1429)) - s3@group-A82F1EDBF13F: succeeded to handle AppendEntries. Reply: s11<-s3#8189:OK-t1,SUCCESS,nextIndex=197,followerCommit=195,matchIndex=196
2023-03-07 04:41:26,552 DEBUG server.RaftServer$Division (RaftServerImpl.java:logAppendEntries(1429)) - s4@group-A82F1EDBF13F: succeeded to handle AppendEntries. Reply: s11<-s4#8215:OK-t1,SUCCESS,nextIndex=199,followerCommit=197,matchIndex=198
2023-03-07 04:41:26,552 DEBUG server.RaftServer$Division (RaftServerImpl.java:logAppendEntries(1429)) - s7@group-A82F1EDBF13F: succeeded to handle AppendEntries. Reply: s11<-s7#8214:OK-t1,SUCCESS,nextIndex=199,followerCommit=197,matchIndex=198
2023-03-07 04:41:26,552 DEBUG server.RaftServer$Division (RaftServerImpl.java:logAppendEntries(1429)) - s14@group-A82F1EDBF13F: succeeded to handle AppendEntries. Reply: s11<-s14#8201:OK-t1,SUCCESS,nextIndex=198,followerCommit=195,matchIndex=197
2023-03-07 04:41:26,551 DEBUG server.RaftServer$Division (RaftServerImpl.java:logAppendEntries(1429)) - s8@group-A82F1EDBF13F: receive appendEntries(s11, 1, (t:1, i:197), 197, true, commits:[s11:c197, s13:c193, s12:c193, s3:c193, s4:c195, s5:c193, s10:c195, s6:c193, s7:c195, s8:c196, s9:c195, s14:c195, s0:c195, s1:c196, s2:c195], cId:8213, entries: [(t:1, i:198), METADATAENTRY(c:197)]
2023-03-07 04:41:26,551 DEBUG server.RaftServer$Division (LeaderStateImpl.java:addPendingRequest(474)) - s11@group-A82F1EDBF13F-LeaderStateImpl: addPendingRequest at RaftClientRequest:client-8BEEC01311DE->s11@group-A82F1EDBF13F, cid=8208, seq=0, RW, Message:0101620240b9d4000000...(size=12), entry=(t:1, i:199), STATEMACHINELOGENTRY, 8208@client-8BEEC01311DE
2023-03-07 04:41:26,552 DEBUG server.RaftServer$Division (RaftServerImpl.java:logAppendEntries(1429)) - s4@group-A82F1EDBF13F: receive appendEntries(s11, 1, (t:1, i:198), 197, true, commits:[s11:c197, s13:c193, s12:c193, s3:c193, s4:c197, s5:c195, s10:c195, s6:c193, s7:c195, s8:c196, s9:c195, s14:c195, s0:c195, s1:c196, s2:c195], cId:8217, entries: [(t:1, i:199), STATEMACHINELOGENTRY, 8208@client-8BEEC01311DE]
2023-03-07 04:41:26,553 DEBUG server.RaftServer$Division (RaftServerImpl.java:logAppendEntries(1429)) - s8@group-A82F1EDBF13F: succeeded to handle AppendEntries. Reply: s11<-s8#8213:OK-t1,SUCCESS,nextIndex=199,followerCommit=197,matchIndex=198
2023-03-07 04:41:26,553 DEBUG server.RaftServer$Division (RaftServerImpl.java:logAppendEntries(1429)) - s4@group-A82F1EDBF13F: succeeded to handle AppendEntries. Reply: s11<-s4#8217:OK-t1,SUCCESS,nextIndex=200,followerCommit=197,matchIndex=199
2023-03-07 04:41:26,553 DEBUG server.RaftServer$Division (RaftServerImpl.java:logAppendEntries(1429)) - s9@group-A82F1EDBF13F: receive appendEntries(s11, 1, (t:1, i:197), 197, true, commits:[s11:c197, s13:c193, s12:c193, s3:c193, s4:c195, s5:c193, s10:c195, s6:c193, s7:c195, s8:c196, s9:c195, s14:c195, s0:c195, s1:c196, s2:c195], cId:8211, entries: [(t:1, i:198), METADATAENTRY(c:197)]
2023-03-07 04:41:26,553 DEBUG server.RaftServer$Division (RaftServerImpl.java:logAppendEntries(1429)) - s3@group-A82F1EDBF13F: receive appendEntries(s11, 1, (t:1, i:196), 197, true, commits:[s11:c197, s13:c193, s12:c193, s3:c195, s4:c197, s5:c195, s10:c195, s6:c193, s7:c195, s8:c196, s9:c195, s14:c195, s0:c195, s1:c197, s2:c195], cId:8219, entries: [(t:1, i:197), STATEMACHINELOGENTRY, 8197@client-8BEEC01311DE, (t:1, i:198), METADATAENTRY(c:197), (t:1, i:199), STATEMACHINELOGENTRY, 8208@client-8BEEC01311DE]
2023-03-07 04:41:26,553 DEBUG server.RaftServer$Division (RaftServerImpl.java:logAppendEntries(1429)) - s12@group-A82F1EDBF13F: receive appendEntries(s11, 1, (t:1, i:195), 197, true, commits:[s11:c197, s13:c193, s12:c193, s3:c195, s4:c197, s5:c195, s10:c195, s6:c193, s7:c195, s8:c196, s9:c195, s14:c195, s0:c195, s1:c197, s2:c195], cId:8220, entries: [(t:1, i:196), METADATAENTRY(c:195), (t:1, i:197), STATEMACHINELOGENTRY, 8197@client-8BEEC01311DE, (t:1, i:198), METADATAENTRY(c:197), (t:1, i:199), STATEMACHINELOGENTRY, 8208@client-8BEEC01311DE]
2023-03-07 04:41:26,554 DEBUG server.RaftServer$Division (RaftServerImpl.java:logAppendEntries(1429)) - s7@group-A82F1EDBF13F: receive appendEntries(s11, 1, (t:1, i:198), 197, true, commits:[s11:c197, s13:c193, s12:c193, s3:c195, s4:c197, s5:c195, s10:c197, s6:c193, s7:c197, s8:c196, s9:c195, s14:c195, s0:c195, s1:c197, s2:c197], cId:8223, entries: [(t:1, i:199), STATEMACHINELOGENTRY, 8208@client-8BEEC01311DE]
2023-03-07 04:41:26,554 DEBUG server.RaftServer$Division (RaftServerImpl.java:logAppendEntries(1429)) - s10@group-A82F1EDBF13F: receive appendEntries(s11, 1, (t:1, i:198), 197, true, commits:[s11:c197, s13:c193, s12:c193, s3:c195, s4:c197, s5:c195, s10:c197, s6:c193, s7:c195, s8:c196, s9:c195, s14:c195, s0:c195, s1:c197, s2:c195], cId:8221, entries: [(t:1, i:199), STATEMACHINELOGENTRY, 8208@client-8BEEC01311DE]
2023-03-07 04:41:26,554 DEBUG server.RaftServer$Division (RaftServerImpl.java:logAppendEntries(1429)) - s3@group-A82F1EDBF13F: succeeded to handle AppendEntries. Reply: s11<-s3#8219:OK-t1,SUCCESS,nextIndex=200,followerCommit=197,matchIndex=199
2023-03-07 04:41:26,554 DEBUG server.RaftServer$Division (RaftServerImpl.java:logAppendEntries(1429)) - s5@group-A82F1EDBF13F: receive appendEntries(s11, 1, (t:1, i:196), 197, true, commits:[s11:c197, s13:c193, s12:c193, s3:c193, s4:c195, s5:c195, s10:c195, s6:c193, s7:c195, s8:c196, s9:c195, s14:c195, s0:c195, s1:c196, s2:c195], cId:8216, entries: [(t:1, i:197), STATEMACHINELOGENTRY, 8197@client-8BEEC01311DE, (t:1, i:198), METADATAENTRY(c:197), (t:1, i:199), STATEMACHINELOGENTRY, 8208@client-8BEEC01311DE]
2023-03-07 04:41:26,554 DEBUG server.RaftServer$Division (RaftServerImpl.java:logAppendEntries(1429)) - s8@group-A82F1EDBF13F: receive appendEntries(s11, 1, (t:1, i:198), 197, true, commits:[s11:c197, s13:c193, s12:c193, s3:c195, s4:c197, s5:c195, s10:c197, s6:c193, s7:c197, s8:c197, s9:c195, s14:c195, s0:c195, s1:c197, s2:c197], cId:8224, entries: [(t:1, i:199), STATEMACHINELOGENTRY, 8208@client-8BEEC01311DE]
2023-03-07 04:41:26,554 DEBUG server.RaftServer$Division (RaftServerImpl.java:logAppendEntries(1429)) - s1@group-A82F1EDBF13F: receive appendEntries(s11, 1, (t:1, i:198), 197, true, commits:[s11:c197, s13:c193, s12:c193, s3:c193, s4:c197, s5:c195, s10:c195, s6:c193, s7:c195, s8:c196, s9:c195, s14:c195, s0:c195, s1:c197, s2:c195], cId:8218, entries: [(t:1, i:199), STATEMACHINELOGENTRY, 8208@client-8BEEC01311DE]
2023-03-07 04:41:26,554 DEBUG server.RaftServer$Division (RaftServerImpl.java:logAppendEntries(1429)) - s12@group-A82F1EDBF13F: succeeded to handle AppendEntries. Reply: s11<-s12#8220:OK-t1,SUCCESS,nextIndex=200,followerCommit=197,matchIndex=199
2023-03-07 04:41:26,554 DEBUG server.RaftServer$Division (RaftServerImpl.java:logAppendEntries(1429)) - s9@group-A82F1EDBF13F: succeeded to handle AppendEntries. Reply: s11<-s9#8211:OK-t1,SUCCESS,nextIndex=199,followerCommit=197,matchIndex=198
2023-03-07 04:41:26,554 DEBUG server.RaftServer$Division (RaftServerImpl.java:logAppendEntries(1429)) - s7@group-A82F1EDBF13F: succeeded to handle AppendEntries. Reply: s11<-s7#8223:OK-t1,SUCCESS,nextIndex=200,followerCommit=197,matchIndex=199
2023-03-07 04:41:26,555 DEBUG server.RaftServer$Division (RaftServerImpl.java:logAppendEntries(1429)) - s6@group-A82F1EDBF13F: receive appendEntries(s11, 1, (t:1, i:197), 197, true, commits:[s11:c197, s13:c193, s12:c193, s3:c195, s4:c197, s5:c195, s10:c197, s6:c196, s7:c197, s8:c197, s9:c195, s14:c195, s0:c195, s1:c197, s2:c197], cId:8226, entries: [(t:1, i:198), METADATAENTRY(c:197), (t:1, i:199), STATEMACHINELOGENTRY, 8208@client-8BEEC01311DE]
2023-03-07 04:41:26,555 DEBUG server.RaftServer$Division (RaftServerImpl.java:logAppendEntries(1429)) - s14@group-A82F1EDBF13F: receive appendEntries(s11, 1, (t:1, i:197), 197, true, commits:[s11:c197, s13:c193, s12:c193, s3:c195, s4:c197, s5:c195, s10:c197, s6:c193, s7:c197, s8:c197, s9:c195, s14:c195, s0:c195, s1:c197, s2:c197], cId:8225, entries: [(t:1, i:198), METADATAENTRY(c:197), (t:1, i:199), STATEMACHINELOGENTRY, 8208@client-8BEEC01311DE]
2023-03-07 04:41:26,555 DEBUG server.RaftServer$Division (RaftServerImpl.java:logAppendEntries(1429)) - s2@group-A82F1EDBF13F: receive appendEntries(s11, 1, (t:1, i:198), 197, true, commits:[s11:c197, s13:c193, s12:c193, s3:c195, s4:c197, s5:c195, s10:c197, s6:c193, s7:c195, s8:c196, s9:c195, s14:c195, s0:c195, s1:c197, s2:c197], cId:8222, entries: [(t:1, i:199), STATEMACHINELOGENTRY, 8208@client-8BEEC01311DE]
2023-03-07 04:41:26,555 DEBUG server.RaftServer$Division (RaftServerImpl.java:logAppendEntries(1429)) - s13@group-A82F1EDBF13F: receive appendEntries(s11, 1, (t:1, i:195), 195, true, commits:[s11:c195, s13:c193, s12:c193, s3:c193, s4:c193, s5:c193, s10:c192, s6:c193, s7:c193, s8:c193, s9:c193, s14:c195, s0:c195, s1:c194, s2:c193], cId:8196, entries: [(t:1, i:196), METADATAENTRY(c:195)]
2023-03-07 04:41:26,555 DEBUG server.RaftServer$Division (RaftServerImpl.java:logAppendEntries(1429)) - s6@group-A82F1EDBF13F: succeeded to handle AppendEntries. Reply: s11<-s6#8226:OK-t1,SUCCESS,nextIndex=200,followerCommit=197,matchIndex=199
2023-03-07 04:41:26,556 DEBUG server.RaftServer$Division (RaftServerImpl.java:logAppendEntries(1429)) - s10@group-A82F1EDBF13F: succeeded to handle AppendEntries. Reply: s11<-s10#8221:OK-t1,SUCCESS,nextIndex=200,followerCommit=197,matchIndex=199
2023-03-07 04:41:26,556 DEBUG server.RaftServer$Division (RaftServerImpl.java:logAppendEntries(1429)) - s14@group-A82F1EDBF13F: succeeded to handle AppendEntries. Reply: s11<-s14#8225:OK-t1,SUCCESS,nextIndex=200,followerCommit=197,matchIndex=199
2023-03-07 04:41:26,556 DEBUG server.RaftServer$Division (RaftServerImpl.java:logAppendEntries(1429)) - s0@group-A82F1EDBF13F: receive appendEntries(s11, 1, (t:1, i:196), 195, true, commits:[s11:c195, s13:c193, s12:c193, s3:c193, s4:c193, s5:c193, s10:c193, s6:c193, s7:c193, s8:c193, s9:c193, s14:c195, s0:c195, s1:c194, s2:c195], cId:8200, entries: [(t:1, i:197), STATEMACHINELOGENTRY, 8197@client-8BEEC01311DE]
2023-03-07 04:41:26,556 DEBUG server.RaftServer$Division (RaftServerImpl.java:logAppendEntries(1429)) - s5@group-A82F1EDBF13F: succeeded to handle AppendEntries. Reply: s11<-s5#8216:OK-t1,SUCCESS,nextIndex=200,followerCommit=197,matchIndex=199
2023-03-07 04:41:26,556 DEBUG server.RaftServer$Division (RaftServerImpl.java:logAppendEntries(1429)) - s1@group-A82F1EDBF13F: succeeded to handle AppendEntries. Reply: s11<-s1#8218:OK-t1,SUCCESS,nextIndex=200,followerCommit=197,matchIndex=199
2023-03-07 04:41:26,556 DEBUG server.RaftServer$Division (RaftServerImpl.java:logAppendEntries(1429)) - s2@group-A82F1EDBF13F: succeeded to handle AppendEntries. Reply: s11<-s2#8222:OK-t1,SUCCESS,nextIndex=200,followerCommit=197,matchIndex=199
2023-03-07 04:41:26,556 DEBUG server.RaftServer$Division (RaftServerImpl.java:logAppendEntries(1429)) - s8@group-A82F1EDBF13F: succeeded to handle AppendEntries. Reply: s11<-s8#8224:OK-t1,SUCCESS,nextIndex=200,followerCommit=197,matchIndex=199
2023-03-07 04:41:26,556 INFO  statemachine.StateMachine (ArithmeticStateMachine.java:applyTransaction(182)) - LEADER:s11-199: b = 6612 = 6612
2023-03-07 04:41:26,557 DEBUG server.RaftServer$Division (RaftServerImpl.java:logAppendEntries(1429)) - s3@group-A82F1EDBF13F: receive appendEntries(s11, 1, (t:1, i:199), 199, true, commits:[s11:c199, s13:c193, s12:c197, s3:c197, s4:c197, s5:c197, s10:c197, s6:c197, s7:c197, s8:c197, s9:c195, s14:c197, s0:c195, s1:c197, s2:c197], cId:8229, entries: [(t:1, i:200), METADATAENTRY(c:199)]
2023-03-07 04:41:26,557 DEBUG server.RaftServer$Division (RaftServerImpl.java:submitClientRequestAsync(832)) - s11@group-A82F1EDBF13F: receive client request(RaftClientRequest:client-8BEEC01311DE->s11@group-A82F1EDBF13F, cid=8236, seq=0, RW, Message:01016304010300040201...(size=17))
2023-03-07 04:41:26,557 DEBUG server.RaftServer$Division (LeaderStateImpl.java:addPendingRequest(474)) - s11@group-A82F1EDBF13F-LeaderStateImpl: addPendingRequest at RaftClientRequest:client-8BEEC01311DE->s11@group-A82F1EDBF13F, cid=8236, seq=0, RW, Message:01016304010300040201...(size=17), entry=(t:1, i:201), STATEMACHINELOGENTRY, 8236@client-8BEEC01311DE
2023-03-07 04:41:26,557 DEBUG server.RaftServer$Division (RaftServerImpl.java:logAppendEntries(1429)) - s12@group-A82F1EDBF13F: receive appendEntries(s11, 1, (t:1, i:199), 199, true, commits:[s11:c199, s13:c193, s12:c197, s3:c197, s4:c197, s5:c197, s10:c197, s6:c197, s7:c197, s8:c197, s9:c195, s14:c197, s0:c195, s1:c197, s2:c197], cId:8227, entries: [(t:1, i:200), METADATAENTRY(c:199)]
2023-03-07 04:41:26,557 DEBUG server.RaftServer$Division (RaftServerImpl.java:logAppendEntries(1429)) - s3@group-A82F1EDBF13F: succeeded to handle AppendEntries. Reply: s11<-s3#8229:OK-t1,SUCCESS,nextIndex=201,followerCommit=199,matchIndex=200
2023-03-07 04:41:26,557 DEBUG server.RaftServer$Division (RaftServerImpl.java:logAppendEntries(1429)) - s4@group-A82F1EDBF13F: receive appendEntries(s11, 1, (t:1, i:199), 199, true, commits:[s11:c199, s13:c193, s12:c197, s3:c197, s4:c197, s5:c197, s10:c197, s6:c197, s7:c197, s8:c197, s9:c195, s14:c197, s0:c195, s1:c197, s2:c197], cId:8235, entries: [(t:1, i:200), METADATAENTRY(c:199)]
2023-03-07 04:41:26,557 DEBUG server.RaftServer$Division (RaftServerImpl.java:logAppendEntries(1429)) - s12@group-A82F1EDBF13F: succeeded to handle AppendEntries. Reply: s11<-s12#8227:OK-t1,SUCCESS,nextIndex=201,followerCommit=199,matchIndex=200
2023-03-07 04:41:26,558 DEBUG server.RaftServer$Division (RaftServerImpl.java:logAppendEntries(1429)) - s4@group-A82F1EDBF13F: succeeded to handle AppendEntries. Reply: s11<-s4#8235:OK-t1,SUCCESS,nextIndex=201,followerCommit=199,matchIndex=200
2023-03-07 04:41:26,558 DEBUG server.RaftServer$Division (RaftServerImpl.java:logAppendEntries(1429)) - s1@group-A82F1EDBF13F: receive appendEntries(s11, 1, (t:1, i:199), 199, true, commits:[s11:c199, s13:c193, s12:c197, s3:c197, s4:c197, s5:c197, s10:c197, s6:c197, s7:c197, s8:c197, s9:c195, s14:c197, s0:c195, s1:c197, s2:c197], cId:8232, entries: [(t:1, i:200), METADATAENTRY(c:199)]
2023-03-07 04:41:26,558 DEBUG server.RaftServer$Division (RaftServerImpl.java:logAppendEntries(1429)) - s8@group-A82F1EDBF13F: receive appendEntries(s11, 1, (t:1, i:199), 199, true, commits:[s11:c199, s13:c193, s12:c197, s3:c197, s4:c197, s5:c197, s10:c197, s6:c197, s7:c197, s8:c197, s9:c195, s14:c197, s0:c195, s1:c197, s2:c197], cId:8233, entries: [(t:1, i:200), METADATAENTRY(c:199)]
2023-03-07 04:41:26,558 DEBUG server.RaftServer$Division (RaftServerImpl.java:logAppendEntries(1429)) - s3@group-A82F1EDBF13F: receive appendEntries(s11, 1, (t:1, i:200), 199, true, commits:[s11:c199, s13:c193, s12:c197, s3:c199, s4:c197, s5:c197, s10:c197, s6:c197, s7:c197, s8:c197, s9:c197, s14:c197, s0:c195, s1:c197, s2:c197], cId:8240, entries: [(t:1, i:201), STATEMACHINELOGENTRY, 8236@client-8BEEC01311DE]
2023-03-07 04:41:26,558 DEBUG server.RaftServer$Division (RaftServerImpl.java:logAppendEntries(1429)) - s1@group-A82F1EDBF13F: succeeded to handle AppendEntries. Reply: s11<-s1#8232:OK-t1,SUCCESS,nextIndex=201,followerCommit=199,matchIndex=200
2023-03-07 04:41:26,558 DEBUG server.RaftServer$Division (RaftServerImpl.java:logAppendEntries(1429)) - s4@group-A82F1EDBF13F: receive appendEntries(s11, 1, (t:1, i:200), 199, true, commits:[s11:c199, s13:c193, s12:c197, s3:c199, s4:c199, s5:c197, s10:c197, s6:c197, s7:c197, s8:c197, s9:c197, s14:c197, s0:c195, s1:c197, s2:c197], cId:8241, entries: [(t:1, i:201), STATEMACHINELOGENTRY, 8236@client-8BEEC01311DE]
2023-03-07 04:41:26,558 DEBUG server.RaftServer$Division (RaftServerImpl.java:logAppendEntries(1429)) - s8@group-A82F1EDBF13F: succeeded to handle AppendEntries. Reply: s11<-s8#8233:OK-t1,SUCCESS,nextIndex=201,followerCommit=199,matchIndex=200
2023-03-07 04:41:26,559 DEBUG server.RaftServer$Division (RaftServerImpl.java:logAppendEntries(1429)) - s3@group-A82F1EDBF13F: succeeded to handle AppendEntries. Reply: s11<-s3#8240:OK-t1,SUCCESS,nextIndex=202,followerCommit=199,matchIndex=201
2023-03-07 04:41:26,558 DEBUG server.RaftServer$Division (RaftServerImpl.java:logAppendEntries(1429)) - s7@group-A82F1EDBF13F: receive appendEntries(s11, 1, (t:1, i:199), 199, true, commits:[s11:c199, s13:c193, s12:c197, s3:c197, s4:c197, s5:c197, s10:c197, s6:c197, s7:c197, s8:c197, s9:c195, s14:c197, s0:c195, s1:c197, s2:c197], cId:8234, entries: [(t:1, i:200), METADATAENTRY(c:199)]
2023-03-07 04:41:26,559 DEBUG server.RaftServer$Division (RaftServerImpl.java:logAppendEntries(1429)) - s4@group-A82F1EDBF13F: succeeded to handle AppendEntries. Reply: s11<-s4#8241:OK-t1,SUCCESS,nextIndex=202,followerCommit=199,matchIndex=201
2023-03-07 04:41:26,559 DEBUG server.RaftServer$Division (RaftServerImpl.java:logAppendEntries(1429)) - s10@group-A82F1EDBF13F: receive appendEntries(s11, 1, (t:1, i:199), 199, true, commits:[s11:c199, s13:c193, s12:c197, s3:c197, s4:c197, s5:c197, s10:c197, s6:c197, s7:c197, s8:c197, s9:c197, s14:c197, s0:c195, s1:c197, s2:c197], cId:8238, entries: [(t:1, i:200), METADATAENTRY(c:199), (t:1, i:201), STATEMACHINELOGENTRY, 8236@client-8BEEC01311DE]
2023-03-07 04:41:26,559 DEBUG server.RaftServer$Division (RaftServerImpl.java:logAppendEntries(1429)) - s7@group-A82F1EDBF13F: succeeded to handle AppendEntries. Reply: s11<-s7#8234:OK-t1,SUCCESS,nextIndex=201,followerCommit=199,matchIndex=200
2023-03-07 04:41:26,559 DEBUG server.RaftServer$Division (RaftServerImpl.java:logAppendEntries(1429)) - s8@group-A82F1EDBF13F: receive appendEntries(s11, 1, (t:1, i:200), 199, true, commits:[s11:c199, s13:c193, s12:c197, s3:c199, s4:c199, s5:c197, s10:c197, s6:c197, s7:c197, s8:c199, s9:c197, s14:c197, s0:c195, s1:c199, s2:c197], cId:8243, entries: [(t:1, i:201), STATEMACHINELOGENTRY, 8236@client-8BEEC01311DE]
2023-03-07 04:41:26,559 DEBUG server.RaftServer$Division (RaftServerImpl.java:logAppendEntries(1429)) - s1@group-A82F1EDBF13F: receive appendEntries(s11, 1, (t:1, i:200), 199, true, commits:[s11:c199, s13:c193, s12:c197, s3:c199, s4:c199, s5:c197, s10:c197, s6:c197, s7:c197, s8:c197, s9:c197, s14:c197, s0:c195, s1:c199, s2:c197], cId:8242, entries: [(t:1, i:201), STATEMACHINELOGENTRY, 8236@client-8BEEC01311DE]
2023-03-07 04:41:26,560 DEBUG server.RaftServer$Division (RaftServerImpl.java:logAppendEntries(1429)) - s7@group-A82F1EDBF13F: receive appendEntries(s11, 1, (t:1, i:200), 199, true, commits:[s11:c199, s13:c193, s12:c197, s3:c199, s4:c199, s5:c197, s10:c197, s6:c197, s7:c199, s8:c199, s9:c197, s14:c197, s0:c195, s1:c199, s2:c197], cId:8244, entries: [(t:1, i:201), STATEMACHINELOGENTRY, 8236@client-8BEEC01311DE]
2023-03-07 04:41:26,560 DEBUG server.RaftServer$Division (RaftServerImpl.java:logAppendEntries(1429)) - s10@group-A82F1EDBF13F: succeeded to handle AppendEntries. Reply: s11<-s10#8238:OK-t1,SUCCESS,nextIndex=202,followerCommit=199,matchIndex=201
2023-03-07 04:41:26,560 DEBUG server.RaftServer$Division (RaftServerImpl.java:logAppendEntries(1429)) - s14@group-A82F1EDBF13F: receive appendEntries(s11, 1, (t:1, i:199), 199, true, commits:[s11:c199, s13:c193, s12:c197, s3:c197, s4:c197, s5:c197, s10:c197, s6:c197, s7:c197, s8:c197, s9:c195, s14:c197, s0:c195, s1:c197, s2:c197], cId:8230, entries: [(t:1, i:200), METADATAENTRY(c:199)]
2023-03-07 04:41:26,560 DEBUG server.RaftServer$Division (RaftServerImpl.java:logAppendEntries(1429)) - s5@group-A82F1EDBF13F: receive appendEntries(s11, 1, (t:1, i:199), 199, true, commits:[s11:c199, s13:c193, s12:c197, s3:c197, s4:c197, s5:c197, s10:c197, s6:c197, s7:c197, s8:c197, s9:c195, s14:c197, s0:c195, s1:c197, s2:c197], cId:8228, entries: [(t:1, i:200), METADATAENTRY(c:199)]
2023-03-07 04:41:26,560 DEBUG server.RaftServer$Division (RaftServerImpl.java:logAppendEntries(1429)) - s9@group-A82F1EDBF13F: receive appendEntries(s11, 1, (t:1, i:198), 199, true, commits:[s11:c199, s13:c193, s12:c197, s3:c197, s4:c197, s5:c197, s10:c197, s6:c197, s7:c197, s8:c197, s9:c197, s14:c197, s0:c195, s1:c197, s2:c197], cId:8237, entries: [(t:1, i:199), STATEMACHINELOGENTRY, 8208@client-8BEEC01311DE, (t:1, i:200), METADATAENTRY(c:199), (t:1, i:201), STATEMACHINELOGENTRY, 8236@client-8BEEC01311DE]
2023-03-07 04:41:26,560 DEBUG server.RaftServer$Division (RaftServerImpl.java:logAppendEntries(1429)) - s6@group-A82F1EDBF13F: receive appendEntries(s11, 1, (t:1, i:199), 199, true, commits:[s11:c199, s13:c193, s12:c197, s3:c197, s4:c197, s5:c197, s10:c197, s6:c197, s7:c197, s8:c197, s9:c195, s14:c197, s0:c195, s1:c197, s2:c197], cId:8231, entries: [(t:1, i:200), METADATAENTRY(c:199)]
2023-03-07 04:41:26,560 DEBUG server.RaftServer$Division (RaftServerImpl.java:logAppendEntries(1429)) - s8@group-A82F1EDBF13F: succeeded to handle AppendEntries. Reply: s11<-s8#8243:OK-t1,SUCCESS,nextIndex=202,followerCommit=199,matchIndex=201
2023-03-07 04:41:26,560 DEBUG server.RaftServer$Division (RaftServerImpl.java:logAppendEntries(1429)) - s1@group-A82F1EDBF13F: succeeded to handle AppendEntries. Reply: s11<-s1#8242:OK-t1,SUCCESS,nextIndex=202,followerCommit=199,matchIndex=201
2023-03-07 04:41:26,560 DEBUG server.RaftServer$Division (RaftServerImpl.java:logAppendEntries(1429)) - s7@group-A82F1EDBF13F: succeeded to handle AppendEntries. Reply: s11<-s7#8244:OK-t1,SUCCESS,nextIndex=202,followerCommit=199,matchIndex=201
2023-03-07 04:41:26,561 DEBUG server.RaftServer$Division (RaftServerImpl.java:logAppendEntries(1429)) - s0@group-A82F1EDBF13F: succeeded to handle AppendEntries. Reply: s11<-s0#8200:OK-t1,SUCCESS,nextIndex=198,followerCommit=195,matchIndex=197
2023-03-07 04:41:26,561 DEBUG server.RaftServer$Division (RaftServerImpl.java:logAppendEntries(1429)) - s13@group-A82F1EDBF13F: succeeded to handle AppendEntries. Reply: s11<-s13#8196:OK-t1,SUCCESS,nextIndex=197,followerCommit=195,matchIndex=196
2023-03-07 04:41:26,561 DEBUG server.RaftServer$Division (RaftServerImpl.java:logAppendEntries(1429)) - s5@group-A82F1EDBF13F: succeeded to handle AppendEntries. Reply: s11<-s5#8228:OK-t1,SUCCESS,nextIndex=201,followerCommit=199,matchIndex=200
2023-03-07 04:41:26,561 DEBUG server.RaftServer$Division (RaftServerImpl.java:logAppendEntries(1429)) - s14@group-A82F1EDBF13F: succeeded to handle AppendEntries. Reply: s11<-s14#8230:OK-t1,SUCCESS,nextIndex=201,followerCommit=199,matchIndex=200
2023-03-07 04:41:26,561 DEBUG server.RaftServer$Division (RaftServerImpl.java:logAppendEntries(1429)) - s9@group-A82F1EDBF13F: succeeded to handle AppendEntries. Reply: s11<-s9#8237:OK-t1,SUCCESS,nextIndex=202,followerCommit=199,matchIndex=201
2023-03-07 04:41:26,561 DEBUG server.RaftServer$Division (RaftServerImpl.java:logAppendEntries(1429)) - s6@group-A82F1EDBF13F: succeeded to handle AppendEntries. Reply: s11<-s6#8231:OK-t1,SUCCESS,nextIndex=201,followerCommit=199,matchIndex=200
2023-03-07 04:41:26,561 DEBUG server.RaftServer$Division (RaftServerImpl.java:logAppendEntries(1429)) - s2@group-A82F1EDBF13F: receive appendEntries(s11, 1, (t:1, i:199), 199, true, commits:[s11:c199, s13:c193, s12:c197, s3:c197, s4:c197, s5:c197, s10:c197, s6:c197, s7:c197, s8:c197, s9:c197, s14:c197, s0:c195, s1:c197, s2:c197], cId:8239, entries: [(t:1, i:200), METADATAENTRY(c:199), (t:1, i:201), STATEMACHINELOGENTRY, 8236@client-8BEEC01311DE]
2023-03-07 04:41:26,562 DEBUG server.RaftServer$Division (RaftServerImpl.java:logAppendEntries(1429)) - s12@group-A82F1EDBF13F: receive appendEntries(s11, 1, (t:1, i:200), 199, true, commits:[s11:c199, s13:c193, s12:c199, s3:c199, s4:c199, s5:c199, s10:c197, s6:c197, s7:c199, s8:c199, s9:c197, s14:c199, s0:c195, s1:c199, s2:c197], cId:8247, entries: [(t:1, i:201), STATEMACHINELOGENTRY, 8236@client-8BEEC01311DE]
2023-03-07 04:41:26,562 INFO  statemachine.StateMachine (ArithmeticStateMachine.java:applyTransaction(182)) - LEADER:s11-201: c = √(a^2 + b^2) = 6613
2023-03-07 04:41:26,562 DEBUG server.RaftServer$Division (RaftServerImpl.java:logAppendEntries(1429)) - s3@group-A82F1EDBF13F: receive appendEntries(s11, 1, (t:1, i:201), 201, true, commits:[s11:c201, s13:c193, s12:c199, s3:c199, s4:c199, s5:c199, s10:c199, s6:c197, s7:c199, s8:c199, s9:c199, s14:c199, s0:c195, s1:c199, s2:c197], cId:8250, entries: [(t:1, i:202), METADATAENTRY(c:201)]
2023-03-07 04:41:26,562 DEBUG server.RaftServer$Division (RaftServerImpl.java:submitClientRequestAsync(832)) - s11@group-A82F1EDBF13F: receive client request(RaftClientRequest:client-8BEEC01311DE->s11@group-A82F1EDBF13F, cid=8255, seq=0, RW, Message:01016100)
2023-03-07 04:41:26,562 DEBUG server.RaftServer$Division (RaftServerImpl.java:logAppendEntries(1429)) - s2@group-A82F1EDBF13F: succeeded to handle AppendEntries. Reply: s11<-s2#8239:OK-t1,SUCCESS,nextIndex=202,followerCommit=199,matchIndex=201
2023-03-07 04:41:26,562 DEBUG server.RaftServer$Division (LeaderStateImpl.java:addPendingRequest(474)) - s11@group-A82F1EDBF13F-LeaderStateImpl: addPendingRequest at RaftClientRequest:client-8BEEC01311DE->s11@group-A82F1EDBF13F, cid=8255, seq=0, RW, Message:01016100, entry=(t:1, i:203), STATEMACHINELOGENTRY, 8255@client-8BEEC01311DE
2023-03-07 04:41:26,562 DEBUG server.RaftServer$Division (RaftServerImpl.java:logAppendEntries(1429)) - s12@group-A82F1EDBF13F: succeeded to handle AppendEntries. Reply: s11<-s12#8247:OK-t1,SUCCESS,nextIndex=202,followerCommit=199,matchIndex=201
2023-03-07 04:41:26,562 DEBUG server.RaftServer$Division (RaftServerImpl.java:logAppendEntries(1429)) - s4@group-A82F1EDBF13F: receive appendEntries(s11, 1, (t:1, i:201), 201, true, commits:[s11:c201, s13:c193, s12:c199, s3:c199, s4:c199, s5:c199, s10:c199, s6:c197, s7:c199, s8:c199, s9:c199, s14:c199, s0:c195, s1:c199, s2:c197], cId:8254, entries: [(t:1, i:202), METADATAENTRY(c:201)]
2023-03-07 04:41:26,563 DEBUG server.RaftServer$Division (RaftServerImpl.java:logAppendEntries(1429)) - s3@group-A82F1EDBF13F: succeeded to handle AppendEntries. Reply: s11<-s3#8250:OK-t1,SUCCESS,nextIndex=203,followerCommit=201,matchIndex=202
2023-03-07 04:41:26,563 DEBUG server.RaftServer$Division (RaftServerImpl.java:logAppendEntries(1429)) - s8@group-A82F1EDBF13F: receive appendEntries(s11, 1, (t:1, i:201), 201, true, commits:[s11:c201, s13:c193, s12:c199, s3:c199, s4:c199, s5:c199, s10:c199, s6:c197, s7:c199, s8:c199, s9:c199, s14:c199, s0:c195, s1:c199, s2:c197], cId:8252, entries: [(t:1, i:202), METADATAENTRY(c:201)]
2023-03-07 04:41:26,563 DEBUG server.RaftServer$Division (RaftServerImpl.java:logAppendEntries(1429)) - s1@group-A82F1EDBF13F: receive appendEntries(s11, 1, (t:1, i:201), 201, true, commits:[s11:c201, s13:c193, s12:c199, s3:c199, s4:c199, s5:c199, s10:c199, s6:c197, s7:c199, s8:c199, s9:c199, s14:c199, s0:c195, s1:c199, s2:c197], cId:8251, entries: [(t:1, i:202), METADATAENTRY(c:201)]
2023-03-07 04:41:26,563 DEBUG server.RaftServer$Division (RaftServerImpl.java:logAppendEntries(1429)) - s7@group-A82F1EDBF13F: receive appendEntries(s11, 1, (t:1, i:201), 201, true, commits:[s11:c201, s13:c193, s12:c199, s3:c199, s4:c199, s5:c199, s10:c199, s6:c197, s7:c199, s8:c199, s9:c199, s14:c199, s0:c195, s1:c199, s2:c197], cId:8253, entries: [(t:1, i:202), METADATAENTRY(c:201)]
2023-03-07 04:41:26,563 DEBUG server.RaftServer$Division (RaftServerImpl.java:logAppendEntries(1429)) - s14@group-A82F1EDBF13F: receive appendEntries(s11, 1, (t:1, i:200), 199, true, commits:[s11:c199, s13:c193, s12:c197, s3:c199, s4:c199, s5:c199, s10:c197, s6:c197, s7:c199, s8:c199, s9:c197, s14:c199, s0:c195, s1:c199, s2:c197], cId:8246, entries: [(t:1, i:201), STATEMACHINELOGENTRY, 8236@client-8BEEC01311DE]
2023-03-07 04:41:26,564 DEBUG server.RaftServer$Division (RaftServerImpl.java:logAppendEntries(1429)) - s4@group-A82F1EDBF13F: succeeded to handle AppendEntries. Reply: s11<-s4#8254:OK-t1,SUCCESS,nextIndex=203,followerCommit=201,matchIndex=202
2023-03-07 04:41:26,564 DEBUG server.RaftServer$Division (RaftServerImpl.java:logAppendEntries(1429)) - s10@group-A82F1EDBF13F: receive appendEntries(s11, 1, (t:1, i:201), 201, true, commits:[s11:c201, s13:c193, s12:c199, s3:c199, s4:c199, s5:c199, s10:c199, s6:c197, s7:c199, s8:c199, s9:c199, s14:c199, s0:c195, s1:c199, s2:c197], cId:8248, entries: [(t:1, i:202), METADATAENTRY(c:201)]
2023-03-07 04:41:26,564 DEBUG server.RaftServer$Division (RaftServerImpl.java:logAppendEntries(1429)) - s9@group-A82F1EDBF13F: receive appendEntries(s11, 1, (t:1, i:201), 201, true, commits:[s11:c201, s13:c193, s12:c199, s3:c199, s4:c199, s5:c199, s10:c199, s6:c197, s7:c199, s8:c199, s9:c199, s14:c199, s0:c195, s1:c199, s2:c197], cId:8249, entries: [(t:1, i:202), METADATAENTRY(c:201)]
2023-03-07 04:41:26,564 DEBUG server.RaftServer$Division (RaftServerImpl.java:logAppendEntries(1429)) - s6@group-A82F1EDBF13F: receive appendEntries(s11, 1, (t:1, i:200), 201, true, commits:[s11:c201, s13:c193, s12:c199, s3:c201, s4:c199, s5:c199, s10:c199, s6:c199, s7:c199, s8:c199, s9:c199, s14:c199, s0:c195, s1:c199, s2:c197], cId:8257, entries: [(t:1, i:201), STATEMACHINELOGENTRY, 8236@client-8BEEC01311DE, (t:1, i:202), METADATAENTRY(c:201), (t:1, i:203), STATEMACHINELOGENTRY, 8255@client-8BEEC01311DE]
2023-03-07 04:41:26,565 DEBUG server.RaftServer$Division (RaftServerImpl.java:logAppendEntries(1429)) - s10@group-A82F1EDBF13F: succeeded to handle AppendEntries. Reply: s11<-s10#8248:OK-t1,SUCCESS,nextIndex=203,followerCommit=201,matchIndex=202
2023-03-07 04:41:26,564 DEBUG server.RaftServer$Division (RaftServerImpl.java:logAppendEntries(1429)) - s5@group-A82F1EDBF13F: receive appendEntries(s11, 1, (t:1, i:200), 199, true, commits:[s11:c199, s13:c193, s12:c197, s3:c199, s4:c199, s5:c199, s10:c197, s6:c197, s7:c199, s8:c199, s9:c197, s14:c197, s0:c195, s1:c199, s2:c197], cId:8245, entries: [(t:1, i:201), STATEMACHINELOGENTRY, 8236@client-8BEEC01311DE]
2023-03-07 04:41:26,564 DEBUG server.RaftServer$Division (RaftServerImpl.java:logAppendEntries(1429)) - s7@group-A82F1EDBF13F: succeeded to handle AppendEntries. Reply: s11<-s7#8253:OK-t1,SUCCESS,nextIndex=203,followerCommit=201,matchIndex=202
2023-03-07 04:41:26,564 DEBUG server.RaftServer$Division (RaftServerImpl.java:logAppendEntries(1429)) - s8@group-A82F1EDBF13F: succeeded to handle AppendEntries. Reply: s11<-s8#8252:OK-t1,SUCCESS,nextIndex=203,followerCommit=201,matchIndex=202
2023-03-07 04:41:26,564 DEBUG server.RaftServer$Division (RaftServerImpl.java:logAppendEntries(1429)) - s1@group-A82F1EDBF13F: succeeded to handle AppendEntries. Reply: s11<-s1#8251:OK-t1,SUCCESS,nextIndex=203,followerCommit=201,matchIndex=202
2023-03-07 04:41:26,563 DEBUG server.RaftServer$Division (RaftServerImpl.java:logAppendEntries(1429)) - s3@group-A82F1EDBF13F: receive appendEntries(s11, 1, (t:1, i:202), 201, true, commits:[s11:c201, s13:c193, s12:c199, s3:c201, s4:c199, s5:c199, s10:c199, s6:c197, s7:c199, s8:c199, s9:c199, s14:c199, s0:c195, s1:c199, s2:c197], cId:8256, entries: [(t:1, i:203), STATEMACHINELOGENTRY, 8255@client-8BEEC01311DE]
2023-03-07 04:41:26,565 DEBUG server.RaftServer$Division (RaftServerImpl.java:logAppendEntries(1429)) - s9@group-A82F1EDBF13F: succeeded to handle AppendEntries. Reply: s11<-s9#8249:OK-t1,SUCCESS,nextIndex=203,followerCommit=201,matchIndex=202
2023-03-07 04:41:26,565 DEBUG server.RaftServer$Division (RaftServerImpl.java:logAppendEntries(1429)) - s8@group-A82F1EDBF13F: receive appendEntries(s11, 1, (t:1, i:202), 201, true, commits:[s11:c201, s13:c195, s12:c199, s3:c201, s4:c201, s5:c199, s10:c199, s6:c199, s7:c201, s8:c201, s9:c199, s14:c199, s0:c195, s1:c199, s2:c199], cId:8263, entries: [(t:1, i:203), STATEMACHINELOGENTRY, 8255@client-8BEEC01311DE]
2023-03-07 04:41:26,565 DEBUG server.RaftServer$Division (RaftServerImpl.java:logAppendEntries(1429)) - s12@group-A82F1EDBF13F: receive appendEntries(s11, 1, (t:1, i:201), 201, true, commits:[s11:c201, s13:c195, s12:c199, s3:c201, s4:c199, s5:c199, s10:c199, s6:c199, s7:c199, s8:c199, s9:c199, s14:c199, s0:c195, s1:c199, s2:c197], cId:8259, entries: [(t:1, i:202), METADATAENTRY(c:201), (t:1, i:203), STATEMACHINELOGENTRY, 8255@client-8BEEC01311DE]
2023-03-07 04:41:26,566 DEBUG server.RaftServer$Division (RaftServerImpl.java:logAppendEntries(1429)) - s14@group-A82F1EDBF13F: succeeded to handle AppendEntries. Reply: s11<-s14#8246:OK-t1,SUCCESS,nextIndex=202,followerCommit=199,matchIndex=201
2023-03-07 04:41:26,566 DEBUG server.RaftServer$Division (RaftServerImpl.java:logAppendEntries(1429)) - s7@group-A82F1EDBF13F: receive appendEntries(s11, 1, (t:1, i:202), 201, true, commits:[s11:c201, s13:c195, s12:c199, s3:c201, s4:c201, s5:c199, s10:c199, s6:c199, s7:c201, s8:c199, s9:c199, s14:c199, s0:c195, s1:c199, s2:c199], cId:8262, entries: [(t:1, i:203), STATEMACHINELOGENTRY, 8255@client-8BEEC01311DE]
2023-03-07 04:41:26,566 DEBUG server.RaftServer$Division (RaftServerImpl.java:logAppendEntries(1429)) - s6@group-A82F1EDBF13F: succeeded to handle AppendEntries. Reply: s11<-s6#8257:OK-t1,SUCCESS,nextIndex=204,followerCommit=201,matchIndex=203
2023-03-07 04:41:26,566 DEBUG server.RaftServer$Division (RaftServerImpl.java:logAppendEntries(1429)) - s3@group-A82F1EDBF13F: succeeded to handle AppendEntries. Reply: s11<-s3#8256:OK-t1,SUCCESS,nextIndex=204,followerCommit=201,matchIndex=203
2023-03-07 04:41:26,566 DEBUG server.RaftServer$Division (RaftServerImpl.java:logAppendEntries(1429)) - s1@group-A82F1EDBF13F: receive appendEntries(s11, 1, (t:1, i:202), 201, true, commits:[s11:c201, s13:c195, s12:c199, s3:c201, s4:c201, s5:c199, s10:c199, s6:c199, s7:c201, s8:c201, s9:c199, s14:c199, s0:c195, s1:c201, s2:c199], cId:8264, entries: [(t:1, i:203), STATEMACHINELOGENTRY, 8255@client-8BEEC01311DE]
2023-03-07 04:41:26,565 DEBUG server.RaftServer$Division (RaftServerImpl.java:logAppendEntries(1429)) - s13@group-A82F1EDBF13F: receive appendEntries(s11, 1, (t:1, i:196), 201, true, commits:[s11:c201, s13:c195, s12:c199, s3:c201, s4:c199, s5:c199, s10:c199, s6:c199, s7:c199, s8:c199, s9:c199, s14:c199, s0:c195, s1:c199, s2:c197], cId:8258, entries: [(t:1, i:197), STATEMACHINELOGENTRY, 8197@client-8BEEC01311DE, (t:1, i:198), METADATAENTRY(c:197), (t:1, i:199), STATEMACHINELOGENTRY, 8208@client-8BEEC01311DE, (t:1, i:200), METADATAENTRY(c:199), (t:1, i:201), STATEMACHINELOGENTRY, 8236@client-8BEEC01311DE, (t:1, i:202), METADATAENTRY(c:201), (t:1, i:203), STATEMACHINELOGENTRY, 8255@client-8BEEC01311DE]
2023-03-07 04:41:26,566 DEBUG server.RaftServer$Division (RaftServerImpl.java:logAppendEntries(1429)) - s12@group-A82F1EDBF13F: succeeded to handle AppendEntries. Reply: s11<-s12#8259:OK-t1,SUCCESS,nextIndex=204,followerCommit=201,matchIndex=203
2023-03-07 04:41:26,566 DEBUG server.RaftServer$Division (RaftServerImpl.java:logAppendEntries(1429)) - s8@group-A82F1EDBF13F: succeeded to handle AppendEntries. Reply: s11<-s8#8263:OK-t1,SUCCESS,nextIndex=204,followerCommit=201,matchIndex=203
2023-03-07 04:41:26,566 DEBUG server.RaftServer$Division (RaftServerImpl.java:logAppendEntries(1429)) - s7@group-A82F1EDBF13F: succeeded to handle AppendEntries. Reply: s11<-s7#8262:OK-t1,SUCCESS,nextIndex=204,followerCommit=201,matchIndex=203
2023-03-07 04:41:26,564 DEBUG server.RaftServer$Division (RaftServerImpl.java:logAppendEntries(1429)) - s4@group-A82F1EDBF13F: receive appendEntries(s11, 1, (t:1, i:202), 201, true, commits:[s11:c201, s13:c195, s12:c199, s3:c201, s4:c201, s5:c199, s10:c199, s6:c199, s7:c199, s8:c199, s9:c199, s14:c199, s0:c195, s1:c199, s2:c199], cId:8261, entries: [(t:1, i:203), STATEMACHINELOGENTRY, 8255@client-8BEEC01311DE]
2023-03-07 04:41:26,566 DEBUG server.RaftServer$Division (RaftServerImpl.java:logAppendEntries(1429)) - s5@group-A82F1EDBF13F: succeeded to handle AppendEntries. Reply: s11<-s5#8245:OK-t1,SUCCESS,nextIndex=202,followerCommit=199,matchIndex=201
2023-03-07 04:41:26,567 DEBUG server.RaftServer$Division (RaftServerImpl.java:logAppendEntries(1429)) - s1@group-A82F1EDBF13F: succeeded to handle AppendEntries. Reply: s11<-s1#8264:OK-t1,SUCCESS,nextIndex=204,followerCommit=201,matchIndex=203
2023-03-07 04:41:26,567 DEBUG server.RaftServer$Division (RaftServerImpl.java:logAppendEntries(1429)) - s4@group-A82F1EDBF13F: succeeded to handle AppendEntries. Reply: s11<-s4#8261:OK-t1,SUCCESS,nextIndex=204,followerCommit=201,matchIndex=203
2023-03-07 04:41:26,567 DEBUG server.RaftServer$Division (RaftServerImpl.java:logAppendEntries(1429)) - s2@group-A82F1EDBF13F: receive appendEntries(s11, 1, (t:1, i:201), 201, true, commits:[s11:c201, s13:c195, s12:c199, s3:c201, s4:c199, s5:c199, s10:c199, s6:c199, s7:c199, s8:c199, s9:c199, s14:c199, s0:c195, s1:c199, s2:c199], cId:8260, entries: [(t:1, i:202), METADATAENTRY(c:201), (t:1, i:203), STATEMACHINELOGENTRY, 8255@client-8BEEC01311DE]
2023-03-07 04:41:26,567 DEBUG server.RaftServer$Division (RaftServerImpl.java:logAppendEntries(1429)) - s0@group-A82F1EDBF13F: receive appendEntries(s11, 1, (t:1, i:197), 202, true, commits:[s11:c202, s13:c195, s12:c199, s3:c201, s4:c201, s5:c199, s10:c201, s6:c199, s7:c201, s8:c201, s9:c201, s14:c199, s0:c195, s1:c201, s2:c199], cId:8268, entries: [(t:1, i:198), METADATAENTRY(c:197), (t:1, i:199), STATEMACHINELOGENTRY, 8208@client-8BEEC01311DE, (t:1, i:200), METADATAENTRY(c:199), (t:1, i:201), STATEMACHINELOGENTRY, 8236@client-8BEEC01311DE, (t:1, i:202), METADATAENTRY(c:201), (t:1, i:203), STATEMACHINELOGENTRY, 8255@client-8BEEC01311DE]
2023-03-07 04:41:26,568 DEBUG server.RaftServer$Division (RaftServerImpl.java:logAppendEntries(1429)) - s5@group-A82F1EDBF13F: receive appendEntries(s11, 1, (t:1, i:201), 202, true, commits:[s11:c202, s13:c195, s12:c199, s3:c201, s4:c201, s5:c199, s10:c201, s6:c199, s7:c201, s8:c201, s9:c201, s14:c199, s0:c195, s1:c201, s2:c199], cId:8269, entries: [(t:1, i:202), METADATAENTRY(c:201), (t:1, i:203), STATEMACHINELOGENTRY, 8255@client-8BEEC01311DE]
2023-03-07 04:41:26,568 DEBUG server.RaftServer$Division (RaftServerImpl.java:logAppendEntries(1429)) - s10@group-A82F1EDBF13F: receive appendEntries(s11, 1, (t:1, i:202), 201, true, commits:[s11:c201, s13:c195, s12:c199, s3:c201, s4:c201, s5:c199, s10:c201, s6:c199, s7:c201, s8:c201, s9:c199, s14:c199, s0:c195, s1:c201, s2:c199], cId:8265, entries: [(t:1, i:203), STATEMACHINELOGENTRY, 8255@client-8BEEC01311DE]
2023-03-07 04:41:26,567 DEBUG server.RaftServer$Division (RaftServerImpl.java:logAppendEntries(1429)) - s14@group-A82F1EDBF13F: receive appendEntries(s11, 1, (t:1, i:201), 202, true, commits:[s11:c202, s13:c195, s12:c199, s3:c201, s4:c201, s5:c199, s10:c201, s6:c199, s7:c201, s8:c201, s9:c201, s14:c199, s0:c195, s1:c201, s2:c199], cId:8267, entries: [(t:1, i:202), METADATAENTRY(c:201), (t:1, i:203), STATEMACHINELOGENTRY, 8255@client-8BEEC01311DE]
2023-03-07 04:41:26,569 DEBUG server.RaftServer$Division (RaftServerImpl.java:logAppendEntries(1429)) - s2@group-A82F1EDBF13F: succeeded to handle AppendEntries. Reply: s11<-s2#8260:OK-t1,SUCCESS,nextIndex=204,followerCommit=201,matchIndex=203
2023-03-07 04:41:26,569 DEBUG server.RaftServer$Division (RaftServerImpl.java:logAppendEntries(1429)) - s13@group-A82F1EDBF13F: succeeded to handle AppendEntries. Reply: s11<-s13#8258:OK-t1,SUCCESS,nextIndex=204,followerCommit=201,matchIndex=203
2023-03-07 04:41:26,569 DEBUG server.RaftServer$Division (RaftServerImpl.java:logAppendEntries(1429)) - s5@group-A82F1EDBF13F: succeeded to handle AppendEntries. Reply: s11<-s5#8269:OK-t1,SUCCESS,nextIndex=204,followerCommit=202,matchIndex=203
2023-03-07 04:41:26,569 DEBUG server.RaftServer$Division (RaftServerImpl.java:logAppendEntries(1429)) - s14@group-A82F1EDBF13F: succeeded to handle AppendEntries. Reply: s11<-s14#8267:OK-t1,SUCCESS,nextIndex=204,followerCommit=202,matchIndex=203
2023-03-07 04:41:26,569 DEBUG server.RaftServer$Division (RaftServerImpl.java:logAppendEntries(1429)) - s10@group-A82F1EDBF13F: succeeded to handle AppendEntries. Reply: s11<-s10#8265:OK-t1,SUCCESS,nextIndex=204,followerCommit=201,matchIndex=203
2023-03-07 04:41:26,569 DEBUG server.RaftServer$Division (RaftServerImpl.java:logAppendEntries(1429)) - s0@group-A82F1EDBF13F: succeeded to handle AppendEntries. Reply: s11<-s0#8268:OK-t1,SUCCESS,nextIndex=204,followerCommit=202,matchIndex=203
2023-03-07 04:41:26,569 INFO  statemachine.StateMachine (ArithmeticStateMachine.java:applyTransaction(182)) - LEADER:s11-203: a = null = null
2023-03-07 04:41:26,570 DEBUG server.RaftServer$Division (RaftServerImpl.java:logAppendEntries(1429)) - s3@group-A82F1EDBF13F: receive appendEntries(s11, 1, (t:1, i:203), 203, true, commits:[s11:c203, s13:c201, s12:c199, s3:c201, s4:c201, s5:c199, s10:c201, s6:c201, s7:c201, s8:c201, s9:c201, s14:c199, s0:c195, s1:c201, s2:c199], cId:8272, entries: [(t:1, i:204), METADATAENTRY(c:203)]
2023-03-07 04:41:26,570 DEBUG server.RaftServer$Division (RaftServerImpl.java:logAppendEntries(1429)) - s3@group-A82F1EDBF13F: succeeded to handle AppendEntries. Reply: s11<-s3#8272:OK-t1,SUCCESS,nextIndex=205,followerCommit=203,matchIndex=204
2023-03-07 04:41:26,570 DEBUG server.RaftServer$Division (RaftServerImpl.java:submitClientRequestAsync(832)) - s11@group-A82F1EDBF13F: receive client request(RaftClientRequest:client-8BEEC01311DE->s11@group-A82F1EDBF13F, cid=8277, seq=0, RW, Message:01016200)
2023-03-07 04:41:26,570 DEBUG server.RaftServer$Division (LeaderStateImpl.java:addPendingRequest(474)) - s11@group-A82F1EDBF13F-LeaderStateImpl: addPendingRequest at RaftClientRequest:client-8BEEC01311DE->s11@group-A82F1EDBF13F, cid=8277, seq=0, RW, Message:01016200, entry=(t:1, i:205), STATEMACHINELOGENTRY, 8277@client-8BEEC01311DE
2023-03-07 04:41:26,571 DEBUG server.RaftServer$Division (RaftServerImpl.java:logAppendEntries(1429)) - s9@group-A82F1EDBF13F: receive appendEntries(s11, 1, (t:1, i:202), 201, true, commits:[s11:c201, s13:c195, s12:c199, s3:c201, s4:c201, s5:c199, s10:c201, s6:c199, s7:c201, s8:c201, s9:c201, s14:c199, s0:c195, s1:c201, s2:c199], cId:8266, entries: [(t:1, i:203), STATEMACHINELOGENTRY, 8255@client-8BEEC01311DE]
2023-03-07 04:41:26,571 DEBUG server.RaftServer$Division (RaftServerImpl.java:logAppendEntries(1429)) - s4@group-A82F1EDBF13F: receive appendEntries(s11, 1, (t:1, i:203), 203, true, commits:[s11:c203, s13:c201, s12:c199, s3:c201, s4:c201, s5:c199, s10:c201, s6:c201, s7:c201, s8:c201, s9:c201, s14:c199, s0:c195, s1:c201, s2:c199], cId:8276, entries: [(t:1, i:204), METADATAENTRY(c:203)]
2023-03-07 04:41:26,571 DEBUG server.RaftServer$Division (RaftServerImpl.java:logAppendEntries(1429)) - s9@group-A82F1EDBF13F: succeeded to handle AppendEntries. Reply: s11<-s9#8266:OK-t1,SUCCESS,nextIndex=204,followerCommit=201,matchIndex=203
2023-03-07 04:41:26,571 DEBUG server.RaftServer$Division (RaftServerImpl.java:logAppendEntries(1429)) - s1@group-A82F1EDBF13F: receive appendEntries(s11, 1, (t:1, i:203), 203, true, commits:[s11:c203, s13:c201, s12:c199, s3:c201, s4:c201, s5:c199, s10:c201, s6:c201, s7:c201, s8:c201, s9:c201, s14:c199, s0:c195, s1:c201, s2:c199], cId:8273, entries: [(t:1, i:204), METADATAENTRY(c:203)]
2023-03-07 04:41:26,571 DEBUG server.RaftServer$Division (RaftServerImpl.java:logAppendEntries(1429)) - s7@group-A82F1EDBF13F: receive appendEntries(s11, 1, (t:1, i:203), 203, true, commits:[s11:c203, s13:c201, s12:c199, s3:c201, s4:c201, s5:c199, s10:c201, s6:c201, s7:c201, s8:c201, s9:c201, s14:c199, s0:c195, s1:c201, s2:c199], cId:8275, entries: [(t:1, i:204), METADATAENTRY(c:203)]
2023-03-07 04:41:26,571 DEBUG server.RaftServer$Division (RaftServerImpl.java:logAppendEntries(1429)) - s3@group-A82F1EDBF13F: receive appendEntries(s11, 1, (t:1, i:204), 203, true, commits:[s11:c203, s13:c201, s12:c201, s3:c203, s4:c201, s5:c199, s10:c201, s6:c201, s7:c201, s8:c201, s9:c201, s14:c199, s0:c195, s1:c201, s2:c201], cId:8281, entries: [(t:1, i:205), STATEMACHINELOGENTRY, 8277@client-8BEEC01311DE]
2023-03-07 04:41:26,571 DEBUG server.RaftServer$Division (RaftServerImpl.java:logAppendEntries(1429)) - s8@group-A82F1EDBF13F: receive appendEntries(s11, 1, (t:1, i:203), 203, true, commits:[s11:c203, s13:c201, s12:c199, s3:c201, s4:c201, s5:c199, s10:c201, s6:c201, s7:c201, s8:c201, s9:c201, s14:c199, s0:c195, s1:c201, s2:c199], cId:8274, entries: [(t:1, i:204), METADATAENTRY(c:203)]
2023-03-07 04:41:26,571 DEBUG server.RaftServer$Division (RaftServerImpl.java:logAppendEntries(1429)) - s13@group-A82F1EDBF13F: receive appendEntries(s11, 1, (t:1, i:203), 203, true, commits:[s11:c203, s13:c201, s12:c199, s3:c201, s4:c201, s5:c199, s10:c201, s6:c201, s7:c201, s8:c201, s9:c201, s14:c199, s0:c195, s1:c201, s2:c199], cId:8270, entries: [(t:1, i:204), METADATAENTRY(c:203)]
2023-03-07 04:41:26,573 DEBUG server.RaftServer$Division (RaftServerImpl.java:logAppendEntries(1429)) - s5@group-A82F1EDBF13F: receive appendEntries(s11, 1, (t:1, i:203), 203, true, commits:[s11:c203, s13:c201, s12:c201, s3:c203, s4:c201, s5:c202, s10:c201, s6:c201, s7:c201, s8:c201, s9:c201, s14:c202, s0:c202, s1:c201, s2:c201], cId:8285, entries: [(t:1, i:204), METADATAENTRY(c:203), (t:1, i:205), STATEMACHINELOGENTRY, 8277@client-8BEEC01311DE]
2023-03-07 04:41:26,572 DEBUG server.RaftServer$Division (RaftServerImpl.java:logAppendEntries(1429)) - s6@group-A82F1EDBF13F: receive appendEntries(s11, 1, (t:1, i:203), 203, true, commits:[s11:c203, s13:c201, s12:c199, s3:c201, s4:c201, s5:c199, s10:c201, s6:c201, s7:c201, s8:c201, s9:c201, s14:c199, s0:c195, s1:c201, s2:c199], cId:8271, entries: [(t:1, i:204), METADATAENTRY(c:203)]
2023-03-07 04:41:26,572 DEBUG server.RaftServer$Division (RaftServerImpl.java:logAppendEntries(1429)) - s0@group-A82F1EDBF13F: receive appendEntries(s11, 1, (t:1, i:203), 203, true, commits:[s11:c203, s13:c201, s12:c201, s3:c203, s4:c201, s5:c199, s10:c201, s6:c201, s7:c201, s8:c201, s9:c201, s14:c202, s0:c202, s1:c201, s2:c201], cId:8284, entries: [(t:1, i:204), METADATAENTRY(c:203), (t:1, i:205), STATEMACHINELOGENTRY, 8277@client-8BEEC01311DE]
2023-03-07 04:41:26,572 DEBUG server.RaftServer$Division (RaftServerImpl.java:logAppendEntries(1429)) - s14@group-A82F1EDBF13F: receive appendEntries(s11, 1, (t:1, i:203), 203, true, commits:[s11:c203, s13:c201, s12:c201, s3:c203, s4:c201, s5:c199, s10:c201, s6:c201, s7:c201, s8:c201, s9:c201, s14:c202, s0:c195, s1:c201, s2:c201], cId:8282, entries: [(t:1, i:204), METADATAENTRY(c:203), (t:1, i:205), STATEMACHINELOGENTRY, 8277@client-8BEEC01311DE]
2023-03-07 04:41:26,573 DEBUG server.RaftServer$Division (RaftServerImpl.java:logAppendEntries(1429)) - s13@group-A82F1EDBF13F: succeeded to handle AppendEntries. Reply: s11<-s13#8270:OK-t1,SUCCESS,nextIndex=205,followerCommit=203,matchIndex=204
2023-03-07 04:41:26,573 DEBUG server.RaftServer$Division (RaftServerImpl.java:logAppendEntries(1429)) - s0@group-A82F1EDBF13F: succeeded to handle AppendEntries. Reply: s11<-s0#8284:OK-t1,SUCCESS,nextIndex=206,followerCommit=203,matchIndex=205
2023-03-07 04:41:26,573 DEBUG server.RaftServer$Division (RaftServerImpl.java:logAppendEntries(1429)) - s6@group-A82F1EDBF13F: succeeded to handle AppendEntries. Reply: s11<-s6#8271:OK-t1,SUCCESS,nextIndex=205,followerCommit=203,matchIndex=204
2023-03-07 04:41:26,573 DEBUG server.RaftServer$Division (RaftServerImpl.java:logAppendEntries(1429)) - s5@group-A82F1EDBF13F: succeeded to handle AppendEntries. Reply: s11<-s5#8285:OK-t1,SUCCESS,nextIndex=206,followerCommit=203,matchIndex=205
2023-03-07 04:41:26,574 DEBUG server.RaftServer$Division (RaftServerImpl.java:logAppendEntries(1429)) - s13@group-A82F1EDBF13F: receive appendEntries(s11, 1, (t:1, i:204), 203, true, commits:[s11:c203, s13:c203, s12:c201, s3:c203, s4:c201, s5:c202, s10:c201, s6:c201, s7:c201, s8:c201, s9:c201, s14:c202, s0:c202, s1:c201, s2:c201], cId:8286, entries: [(t:1, i:205), STATEMACHINELOGENTRY, 8277@client-8BEEC01311DE]
2023-03-07 04:41:26,575 DEBUG server.RaftServer$Division (RaftServerImpl.java:logAppendEntries(1429)) - s13@group-A82F1EDBF13F: succeeded to handle AppendEntries. Reply: s11<-s13#8286:OK-t1,SUCCESS,nextIndex=206,followerCommit=203,matchIndex=205
2023-03-07 04:41:26,572 DEBUG server.RaftServer$Division (RaftServerImpl.java:logAppendEntries(1429)) - s12@group-A82F1EDBF13F: receive appendEntries(s11, 1, (t:1, i:203), 203, true, commits:[s11:c203, s13:c201, s12:c201, s3:c201, s4:c201, s5:c199, s10:c201, s6:c201, s7:c201, s8:c201, s9:c201, s14:c199, s0:c195, s1:c201, s2:c199], cId:8279, entries: [(t:1, i:204), METADATAENTRY(c:203)]
2023-03-07 04:41:26,572 DEBUG server.RaftServer$Division (RaftServerImpl.java:logAppendEntries(1429)) - s10@group-A82F1EDBF13F: receive appendEntries(s11, 1, (t:1, i:203), 203, true, commits:[s11:c203, s13:c201, s12:c199, s3:c201, s4:c201, s5:c199, s10:c201, s6:c201, s7:c201, s8:c201, s9:c201, s14:c199, s0:c195, s1:c201, s2:c199], cId:8278, entries: [(t:1, i:204), METADATAENTRY(c:203)]
2023-03-07 04:41:26,574 DEBUG server.RaftServer$Division (RaftServerImpl.java:logAppendEntries(1429)) - s4@group-A82F1EDBF13F: succeeded to handle AppendEntries. Reply: s11<-s4#8276:OK-t1,SUCCESS,nextIndex=205,followerCommit=203,matchIndex=204
2023-03-07 04:41:26,574 DEBUG server.RaftServer$Division (RaftServerImpl.java:logAppendEntries(1429)) - s7@group-A82F1EDBF13F: succeeded to handle AppendEntries. Reply: s11<-s7#8275:OK-t1,SUCCESS,nextIndex=205,followerCommit=203,matchIndex=204
2023-03-07 04:41:26,574 DEBUG server.RaftServer$Division (RaftServerImpl.java:logAppendEntries(1429)) - s3@group-A82F1EDBF13F: succeeded to handle AppendEntries. Reply: s11<-s3#8281:OK-t1,SUCCESS,nextIndex=206,followerCommit=203,matchIndex=205
2023-03-07 04:41:26,576 DEBUG server.RaftServer$Division (RaftServerImpl.java:logAppendEntries(1429)) - s12@group-A82F1EDBF13F: succeeded to handle AppendEntries. Reply: s11<-s12#8279:OK-t1,SUCCESS,nextIndex=205,followerCommit=203,matchIndex=204
2023-03-07 04:41:26,574 DEBUG server.RaftServer$Division (RaftServerImpl.java:logAppendEntries(1429)) - s1@group-A82F1EDBF13F: succeeded to handle AppendEntries. Reply: s11<-s1#8273:OK-t1,SUCCESS,nextIndex=205,followerCommit=203,matchIndex=204
2023-03-07 04:41:26,574 DEBUG server.RaftServer$Division (RaftServerImpl.java:logAppendEntries(1429)) - s14@group-A82F1EDBF13F: succeeded to handle AppendEntries. Reply: s11<-s14#8282:OK-t1,SUCCESS,nextIndex=206,followerCommit=203,matchIndex=205
2023-03-07 04:41:26,574 DEBUG server.RaftServer$Division (RaftServerImpl.java:logAppendEntries(1429)) - s8@group-A82F1EDBF13F: succeeded to handle AppendEntries. Reply: s11<-s8#8274:OK-t1,SUCCESS,nextIndex=205,followerCommit=203,matchIndex=204
2023-03-07 04:41:26,576 DEBUG server.RaftServer$Division (RaftServerImpl.java:logAppendEntries(1429)) - s4@group-A82F1EDBF13F: receive appendEntries(s11, 1, (t:1, i:204), 203, true, commits:[s11:c203, s13:c203, s12:c201, s3:c203, s4:c203, s5:c203, s10:c201, s6:c203, s7:c201, s8:c201, s9:c201, s14:c202, s0:c203, s1:c201, s2:c201], cId:8288, entries: [(t:1, i:205), STATEMACHINELOGENTRY, 8277@client-8BEEC01311DE]
2023-03-07 04:41:26,576 DEBUG server.RaftServer$Division (RaftServerImpl.java:logAppendEntries(1429)) - s10@group-A82F1EDBF13F: succeeded to handle AppendEntries. Reply: s11<-s10#8278:OK-t1,SUCCESS,nextIndex=205,followerCommit=203,matchIndex=204
2023-03-07 04:41:26,577 DEBUG server.RaftServer$Division (RaftServerImpl.java:logAppendEntries(1429)) - s2@group-A82F1EDBF13F: receive appendEntries(s11, 1, (t:1, i:203), 203, true, commits:[s11:c203, s13:c201, s12:c201, s3:c201, s4:c201, s5:c199, s10:c201, s6:c201, s7:c201, s8:c201, s9:c201, s14:c199, s0:c195, s1:c201, s2:c201], cId:8280, entries: [(t:1, i:204), METADATAENTRY(c:203)]
2023-03-07 04:41:26,577 DEBUG server.RaftServer$Division (RaftServerImpl.java:logAppendEntries(1429)) - s7@group-A82F1EDBF13F: receive appendEntries(s11, 1, (t:1, i:204), 203, true, commits:[s11:c203, s13:c203, s12:c201, s3:c203, s4:c203, s5:c203, s10:c201, s6:c203, s7:c203, s8:c201, s9:c201, s14:c202, s0:c203, s1:c201, s2:c201], cId:8289, entries: [(t:1, i:205), STATEMACHINELOGENTRY, 8277@client-8BEEC01311DE]
2023-03-07 04:41:26,577 DEBUG server.RaftServer$Division (RaftServerImpl.java:logAppendEntries(1429)) - s2@group-A82F1EDBF13F: succeeded to handle AppendEntries. Reply: s11<-s2#8280:OK-t1,SUCCESS,nextIndex=205,followerCommit=203,matchIndex=204
2023-03-07 04:41:26,577 DEBUG server.RaftServer$Division (RaftServerImpl.java:logAppendEntries(1429)) - s4@group-A82F1EDBF13F: succeeded to handle AppendEntries. Reply: s11<-s4#8288:OK-t1,SUCCESS,nextIndex=206,followerCommit=203,matchIndex=205
2023-03-07 04:41:26,577 DEBUG server.RaftServer$Division (RaftServerImpl.java:logAppendEntries(1429)) - s7@group-A82F1EDBF13F: succeeded to handle AppendEntries. Reply: s11<-s7#8289:OK-t1,SUCCESS,nextIndex=206,followerCommit=203,matchIndex=205
2023-03-07 04:41:26,578 DEBUG server.RaftServer$Division (RaftServerImpl.java:logAppendEntries(1429)) - s9@group-A82F1EDBF13F: receive appendEntries(s11, 1, (t:1, i:203), 203, true, commits:[s11:c203, s13:c201, s12:c201, s3:c203, s4:c201, s5:c199, s10:c201, s6:c201, s7:c201, s8:c201, s9:c201, s14:c202, s0:c195, s1:c201, s2:c201], cId:8283, entries: [(t:1, i:204), METADATAENTRY(c:203), (t:1, i:205), STATEMACHINELOGENTRY, 8277@client-8BEEC01311DE]
2023-03-07 04:41:26,578 DEBUG server.RaftServer$Division (RaftServerImpl.java:logAppendEntries(1429)) - s8@group-A82F1EDBF13F: receive appendEntries(s11, 1, (t:1, i:204), 204, true, commits:[s11:c204, s13:c203, s12:c201, s3:c203, s4:c203, s5:c203, s10:c201, s6:c203, s7:c203, s8:c203, s9:c201, s14:c202, s0:c203, s1:c201, s2:c201], cId:8290, entries: [(t:1, i:205), STATEMACHINELOGENTRY, 8277@client-8BEEC01311DE]
2023-03-07 04:41:26,578 DEBUG server.RaftServer$Division (RaftServerImpl.java:logAppendEntries(1429)) - s12@group-A82F1EDBF13F: receive appendEntries(s11, 1, (t:1, i:204), 204, true, commits:[s11:c204, s13:c203, s12:c203, s3:c203, s4:c203, s5:c203, s10:c201, s6:c203, s7:c203, s8:c203, s9:c201, s14:c202, s0:c203, s1:c203, s2:c201], cId:8292, entries: [(t:1, i:205), STATEMACHINELOGENTRY, 8277@client-8BEEC01311DE]
2023-03-07 04:41:26,578 DEBUG server.RaftServer$Division (RaftServerImpl.java:logAppendEntries(1429)) - s6@group-A82F1EDBF13F: receive appendEntries(s11, 1, (t:1, i:204), 203, true, commits:[s11:c203, s13:c203, s12:c201, s3:c203, s4:c201, s5:c203, s10:c201, s6:c203, s7:c201, s8:c201, s9:c201, s14:c202, s0:c203, s1:c201, s2:c201], cId:8287, entries: [(t:1, i:205), STATEMACHINELOGENTRY, 8277@client-8BEEC01311DE]
2023-03-07 04:41:26,579 DEBUG server.RaftServer$Division (RaftServerImpl.java:logAppendEntries(1429)) - s12@group-A82F1EDBF13F: succeeded to handle AppendEntries. Reply: s11<-s12#8292:OK-t1,SUCCESS,nextIndex=206,followerCommit=204,matchIndex=205
2023-03-07 04:41:26,578 DEBUG server.RaftServer$Division (RaftServerImpl.java:logAppendEntries(1429)) - s1@group-A82F1EDBF13F: receive appendEntries(s11, 1, (t:1, i:204), 204, true, commits:[s11:c204, s13:c203, s12:c201, s3:c203, s4:c203, s5:c203, s10:c201, s6:c203, s7:c203, s8:c203, s9:c201, s14:c202, s0:c203, s1:c203, s2:c201], cId:8291, entries: [(t:1, i:205), STATEMACHINELOGENTRY, 8277@client-8BEEC01311DE]
2023-03-07 04:41:26,579 DEBUG server.RaftServer$Division (RaftServerImpl.java:logAppendEntries(1429)) - s8@group-A82F1EDBF13F: succeeded to handle AppendEntries. Reply: s11<-s8#8290:OK-t1,SUCCESS,nextIndex=206,followerCommit=204,matchIndex=205
2023-03-07 04:41:26,579 INFO  statemachine.StateMachine (ArithmeticStateMachine.java:applyTransaction(182)) - LEADER:s11-205: b = null = null
2023-03-07 04:41:26,579 DEBUG server.RaftServer$Division (RaftServerImpl.java:logAppendEntries(1429)) - s6@group-A82F1EDBF13F: succeeded to handle AppendEntries. Reply: s11<-s6#8287:OK-t1,SUCCESS,nextIndex=206,followerCommit=203,matchIndex=205
2023-03-07 04:41:26,579 DEBUG server.RaftServer$Division (RaftServerImpl.java:logAppendEntries(1429)) - s9@group-A82F1EDBF13F: succeeded to handle AppendEntries. Reply: s11<-s9#8283:OK-t1,SUCCESS,nextIndex=206,followerCommit=203,matchIndex=205
2023-03-07 04:41:26,579 DEBUG server.RaftServer$Division (RaftServerImpl.java:logAppendEntries(1429)) - s1@group-A82F1EDBF13F: succeeded to handle AppendEntries. Reply: s11<-s1#8291:OK-t1,SUCCESS,nextIndex=206,followerCommit=204,matchIndex=205
2023-03-07 04:41:26,580 DEBUG server.RaftServer$Division (RaftServerImpl.java:logAppendEntries(1429)) - s3@group-A82F1EDBF13F: receive appendEntries(s11, 1, (t:1, i:205), 205, true, commits:[s11:c205, s13:c203, s12:c203, s3:c203, s4:c203, s5:c203, s10:c203, s6:c203, s7:c203, s8:c203, s9:c201, s14:c203, s0:c203, s1:c203, s2:c203], cId:8299, entries: [(t:1, i:206), METADATAENTRY(c:205)]
2023-03-07 04:41:26,580 DEBUG server.RaftServer$Division (RaftServerImpl.java:logAppendEntries(1429)) - s2@group-A82F1EDBF13F: receive appendEntries(s11, 1, (t:1, i:204), 204, true, commits:[s11:c204, s13:c203, s12:c203, s3:c203, s4:c203, s5:c203, s10:c201, s6:c203, s7:c203, s8:c203, s9:c201, s14:c202, s0:c203, s1:c203, s2:c203], cId:8293, entries: [(t:1, i:205), STATEMACHINELOGENTRY, 8277@client-8BEEC01311DE]
2023-03-07 04:41:26,580 DEBUG server.RaftServer$Division (RaftServerImpl.java:submitClientRequestAsync(832)) - s11@group-A82F1EDBF13F: receive client request(RaftClientRequest:client-8BEEC01311DE->s11@group-A82F1EDBF13F, cid=8302, seq=0, RW, Message:01016300)
2023-03-07 04:41:26,580 DEBUG server.RaftServer$Division (LeaderStateImpl.java:addPendingRequest(474)) - s11@group-A82F1EDBF13F-LeaderStateImpl: addPendingRequest at RaftClientRequest:client-8BEEC01311DE->s11@group-A82F1EDBF13F, cid=8302, seq=0, RW, Message:01016300, entry=(t:1, i:207), STATEMACHINELOGENTRY, 8302@client-8BEEC01311DE
2023-03-07 04:41:26,580 DEBUG server.RaftServer$Division (RaftServerImpl.java:logAppendEntries(1429)) - s10@group-A82F1EDBF13F: receive appendEntries(s11, 1, (t:1, i:204), 204, true, commits:[s11:c204, s13:c203, s12:c203, s3:c203, s4:c203, s5:c203, s10:c203, s6:c203, s7:c203, s8:c203, s9:c201, s14:c202, s0:c203, s1:c203, s2:c203], cId:8294, entries: [(t:1, i:205), STATEMACHINELOGENTRY, 8277@client-8BEEC01311DE]
2023-03-07 04:41:26,580 DEBUG server.RaftServer$Division (RaftServerImpl.java:logAppendEntries(1429)) - s4@group-A82F1EDBF13F: receive appendEntries(s11, 1, (t:1, i:205), 205, true, commits:[s11:c205, s13:c203, s12:c203, s3:c203, s4:c203, s5:c203, s10:c203, s6:c203, s7:c203, s8:c203, s9:c201, s14:c203, s0:c203, s1:c203, s2:c203], cId:8301, entries: [(t:1, i:206), METADATAENTRY(c:205)]
2023-03-07 04:41:26,580 DEBUG server.RaftServer$Division (RaftServerImpl.java:logAppendEntries(1429)) - s7@group-A82F1EDBF13F: receive appendEntries(s11, 1, (t:1, i:205), 205, true, commits:[s11:c205, s13:c203, s12:c203, s3:c203, s4:c203, s5:c203, s10:c203, s6:c203, s7:c203, s8:c203, s9:c201, s14:c203, s0:c203, s1:c203, s2:c203], cId:8300, entries: [(t:1, i:206), METADATAENTRY(c:205)]
2023-03-07 04:41:26,581 DEBUG server.RaftServer$Division (RaftServerImpl.java:logAppendEntries(1429)) - s2@group-A82F1EDBF13F: succeeded to handle AppendEntries. Reply: s11<-s2#8293:OK-t1,SUCCESS,nextIndex=206,followerCommit=204,matchIndex=205
2023-03-07 04:41:26,581 DEBUG server.RaftServer$Division (RaftServerImpl.java:logAppendEntries(1429)) - s3@group-A82F1EDBF13F: succeeded to handle AppendEntries. Reply: s11<-s3#8299:OK-t1,SUCCESS,nextIndex=207,followerCommit=205,matchIndex=206
2023-03-07 04:41:26,581 DEBUG server.RaftServer$Division (RaftServerImpl.java:logAppendEntries(1429)) - s10@group-A82F1EDBF13F: succeeded to handle AppendEntries. Reply: s11<-s10#8294:OK-t1,SUCCESS,nextIndex=206,followerCommit=204,matchIndex=205
2023-03-07 04:41:26,581 DEBUG server.RaftServer$Division (RaftServerImpl.java:logAppendEntries(1429)) - s4@group-A82F1EDBF13F: succeeded to handle AppendEntries. Reply: s11<-s4#8301:OK-t1,SUCCESS,nextIndex=207,followerCommit=205,matchIndex=206
2023-03-07 04:41:26,581 DEBUG server.RaftServer$Division (RaftServerImpl.java:logAppendEntries(1429)) - s4@group-A82F1EDBF13F: receive appendEntries(s11, 1, (t:1, i:206), 205, true, commits:[s11:c205, s13:c203, s12:c203, s3:c205, s4:c205, s5:c203, s10:c203, s6:c203, s7:c203, s8:c204, s9:c201, s14:c203, s0:c203, s1:c203, s2:c203], cId:8305, entries: [(t:1, i:207), STATEMACHINELOGENTRY, 8302@client-8BEEC01311DE]
2023-03-07 04:41:26,581 DEBUG server.RaftServer$Division (RaftServerImpl.java:logAppendEntries(1429)) - s7@group-A82F1EDBF13F: succeeded to handle AppendEntries. Reply: s11<-s7#8300:OK-t1,SUCCESS,nextIndex=207,followerCommit=205,matchIndex=206
2023-03-07 04:41:26,581 DEBUG server.RaftServer$Division (RaftServerImpl.java:logAppendEntries(1429)) - s3@group-A82F1EDBF13F: receive appendEntries(s11, 1, (t:1, i:206), 205, true, commits:[s11:c205, s13:c203, s12:c203, s3:c205, s4:c203, s5:c203, s10:c203, s6:c203, s7:c203, s8:c204, s9:c201, s14:c203, s0:c203, s1:c203, s2:c203], cId:8304, entries: [(t:1, i:207), STATEMACHINELOGENTRY, 8302@client-8BEEC01311DE]
2023-03-07 04:41:26,582 DEBUG server.RaftServer$Division (RaftServerImpl.java:logAppendEntries(1429)) - s3@group-A82F1EDBF13F: succeeded to handle AppendEntries. Reply: s11<-s3#8304:OK-t1,SUCCESS,nextIndex=208,followerCommit=205,matchIndex=207
2023-03-07 04:41:26,582 DEBUG server.RaftServer$Division (RaftServerImpl.java:logAppendEntries(1429)) - s4@group-A82F1EDBF13F: succeeded to handle AppendEntries. Reply: s11<-s4#8305:OK-t1,SUCCESS,nextIndex=208,followerCommit=205,matchIndex=207
2023-03-07 04:41:26,582 DEBUG server.RaftServer$Division (RaftServerImpl.java:logAppendEntries(1429)) - s8@group-A82F1EDBF13F: receive appendEntries(s11, 1, (t:1, i:205), 205, true, commits:[s11:c205, s13:c203, s12:c203, s3:c203, s4:c203, s5:c203, s10:c203, s6:c203, s7:c203, s8:c204, s9:c201, s14:c203, s0:c203, s1:c203, s2:c203], cId:8303, entries: [(t:1, i:206), METADATAENTRY(c:205), (t:1, i:207), STATEMACHINELOGENTRY, 8302@client-8BEEC01311DE]
2023-03-07 04:41:26,583 DEBUG server.RaftServer$Division (RaftServerImpl.java:logAppendEntries(1429)) - s7@group-A82F1EDBF13F: receive appendEntries(s11, 1, (t:1, i:206), 205, true, commits:[s11:c205, s13:c203, s12:c204, s3:c205, s4:c205, s5:c203, s10:c204, s6:c203, s7:c205, s8:c204, s9:c203, s14:c203, s0:c203, s1:c204, s2:c204], cId:8311, entries: [(t:1, i:207), STATEMACHINELOGENTRY, 8302@client-8BEEC01311DE]
2023-03-07 04:41:26,583 DEBUG server.RaftServer$Division (RaftServerImpl.java:logAppendEntries(1429)) - s1@group-A82F1EDBF13F: receive appendEntries(s11, 1, (t:1, i:205), 205, true, commits:[s11:c205, s13:c203, s12:c204, s3:c205, s4:c205, s5:c203, s10:c204, s6:c203, s7:c203, s8:c204, s9:c203, s14:c203, s0:c203, s1:c204, s2:c204], cId:8310, entries: [(t:1, i:206), METADATAENTRY(c:205), (t:1, i:207), STATEMACHINELOGENTRY, 8302@client-8BEEC01311DE]
2023-03-07 04:41:26,583 DEBUG server.RaftServer$Division (RaftServerImpl.java:logAppendEntries(1429)) - s14@group-A82F1EDBF13F: receive appendEntries(s11, 1, (t:1, i:205), 205, true, commits:[s11:c205, s13:c203, s12:c203, s3:c203, s4:c203, s5:c203, s10:c203, s6:c203, s7:c203, s8:c203, s9:c201, s14:c203, s0:c203, s1:c203, s2:c203], cId:8298, entries: [(t:1, i:206), METADATAENTRY(c:205)]
2023-03-07 04:41:26,583 DEBUG server.RaftServer$Division (RaftServerImpl.java:logAppendEntries(1429)) - s0@group-A82F1EDBF13F: receive appendEntries(s11, 1, (t:1, i:205), 205, true, commits:[s11:c205, s13:c203, s12:c203, s3:c203, s4:c203, s5:c203, s10:c203, s6:c203, s7:c203, s8:c203, s9:c201, s14:c203, s0:c203, s1:c203, s2:c203], cId:8295, entries: [(t:1, i:206), METADATAENTRY(c:205)]
2023-03-07 04:41:26,583 DEBUG server.RaftServer$Division (RaftServerImpl.java:logAppendEntries(1429)) - s12@group-A82F1EDBF13F: receive appendEntries(s11, 1, (t:1, i:205), 205, true, commits:[s11:c205, s13:c203, s12:c204, s3:c205, s4:c205, s5:c203, s10:c203, s6:c203, s7:c203, s8:c204, s9:c201, s14:c203, s0:c203, s1:c203, s2:c203], cId:8306, entries: [(t:1, i:206), METADATAENTRY(c:205), (t:1, i:207), STATEMACHINELOGENTRY, 8302@client-8BEEC01311DE]
2023-03-07 04:41:26,583 DEBUG server.RaftServer$Division (RaftServerImpl.java:logAppendEntries(1429)) - s5@group-A82F1EDBF13F: receive appendEntries(s11, 1, (t:1, i:205), 205, true, commits:[s11:c205, s13:c203, s12:c203, s3:c203, s4:c203, s5:c203, s10:c203, s6:c203, s7:c203, s8:c203, s9:c201, s14:c203, s0:c203, s1:c203, s2:c203], cId:8297, entries: [(t:1, i:206), METADATAENTRY(c:205)]
2023-03-07 04:41:26,583 DEBUG server.RaftServer$Division (RaftServerImpl.java:logAppendEntries(1429)) - s13@group-A82F1EDBF13F: receive appendEntries(s11, 1, (t:1, i:205), 205, true, commits:[s11:c205, s13:c203, s12:c203, s3:c203, s4:c203, s5:c203, s10:c203, s6:c203, s7:c203, s8:c203, s9:c201, s14:c203, s0:c203, s1:c203, s2:c203], cId:8296, entries: [(t:1, i:206), METADATAENTRY(c:205)]
2023-03-07 04:41:26,583 DEBUG server.RaftServer$Division (RaftServerImpl.java:logAppendEntries(1429)) - s5@group-A82F1EDBF13F: succeeded to handle AppendEntries. Reply: s11<-s5#8297:OK-t1,SUCCESS,nextIndex=207,followerCommit=205,matchIndex=206
2023-03-07 04:41:26,583 DEBUG server.RaftServer$Division (RaftServerImpl.java:logAppendEntries(1429)) - s0@group-A82F1EDBF13F: succeeded to handle AppendEntries. Reply: s11<-s0#8295:OK-t1,SUCCESS,nextIndex=207,followerCommit=205,matchIndex=206
2023-03-07 04:41:26,584 DEBUG server.RaftServer$Division (RaftServerImpl.java:logAppendEntries(1429)) - s14@group-A82F1EDBF13F: succeeded to handle AppendEntries. Reply: s11<-s14#8298:OK-t1,SUCCESS,nextIndex=207,followerCommit=205,matchIndex=206
2023-03-07 04:41:26,584 DEBUG server.RaftServer$Division (RaftServerImpl.java:logAppendEntries(1429)) - s8@group-A82F1EDBF13F: succeeded to handle AppendEntries. Reply: s11<-s8#8303:OK-t1,SUCCESS,nextIndex=208,followerCommit=205,matchIndex=207
2023-03-07 04:41:26,584 DEBUG server.RaftServer$Division (RaftServerImpl.java:logAppendEntries(1429)) - s7@group-A82F1EDBF13F: succeeded to handle AppendEntries. Reply: s11<-s7#8311:OK-t1,SUCCESS,nextIndex=208,followerCommit=205,matchIndex=207
2023-03-07 04:41:26,584 DEBUG server.RaftServer$Division (RaftServerImpl.java:logAppendEntries(1429)) - s12@group-A82F1EDBF13F: succeeded to handle AppendEntries. Reply: s11<-s12#8306:OK-t1,SUCCESS,nextIndex=208,followerCommit=205,matchIndex=207
2023-03-07 04:41:26,584 DEBUG server.RaftServer$Division (RaftServerImpl.java:logAppendEntries(1429)) - s9@group-A82F1EDBF13F: receive appendEntries(s11, 1, (t:1, i:205), 205, true, commits:[s11:c205, s13:c203, s12:c204, s3:c205, s4:c205, s5:c203, s10:c203, s6:c203, s7:c203, s8:c204, s9:c203, s14:c203, s0:c203, s1:c203, s2:c203], cId:8307, entries: [(t:1, i:206), METADATAENTRY(c:205), (t:1, i:207), STATEMACHINELOGENTRY, 8302@client-8BEEC01311DE]
2023-03-07 04:41:26,584 DEBUG server.RaftServer$Division (RaftServerImpl.java:logAppendEntries(1429)) - s2@group-A82F1EDBF13F: receive appendEntries(s11, 1, (t:1, i:205), 205, true, commits:[s11:c205, s13:c203, s12:c204, s3:c205, s4:c205, s5:c203, s10:c203, s6:c203, s7:c203, s8:c204, s9:c203, s14:c203, s0:c203, s1:c203, s2:c204], cId:8308, entries: [(t:1, i:206), METADATAENTRY(c:205), (t:1, i:207), STATEMACHINELOGENTRY, 8302@client-8BEEC01311DE]
2023-03-07 04:41:26,584 DEBUG server.RaftServer$Division (RaftServerImpl.java:logAppendEntries(1429)) - s6@group-A82F1EDBF13F: receive appendEntries(s11, 1, (t:1, i:205), 205, true, commits:[s11:c205, s13:c203, s12:c204, s3:c205, s4:c205, s5:c203, s10:c204, s6:c203, s7:c205, s8:c204, s9:c203, s14:c203, s0:c203, s1:c204, s2:c204], cId:8312, entries: [(t:1, i:206), METADATAENTRY(c:205), (t:1, i:207), STATEMACHINELOGENTRY, 8302@client-8BEEC01311DE]
2023-03-07 04:41:26,585 DEBUG server.RaftServer$Division (RaftServerImpl.java:logAppendEntries(1429)) - s9@group-A82F1EDBF13F: succeeded to handle AppendEntries. Reply: s11<-s9#8307:OK-t1,SUCCESS,nextIndex=208,followerCommit=205,matchIndex=207
2023-03-07 04:41:26,585 DEBUG server.RaftServer$Division (RaftServerImpl.java:logAppendEntries(1429)) - s2@group-A82F1EDBF13F: succeeded to handle AppendEntries. Reply: s11<-s2#8308:OK-t1,SUCCESS,nextIndex=208,followerCommit=205,matchIndex=207
2023-03-07 04:41:26,585 DEBUG server.RaftServer$Division (RaftServerImpl.java:logAppendEntries(1429)) - s1@group-A82F1EDBF13F: succeeded to handle AppendEntries. Reply: s11<-s1#8310:OK-t1,SUCCESS,nextIndex=208,followerCommit=205,matchIndex=207
2023-03-07 04:41:26,585 DEBUG server.RaftServer$Division (RaftServerImpl.java:logAppendEntries(1429)) - s6@group-A82F1EDBF13F: succeeded to handle AppendEntries. Reply: s11<-s6#8312:OK-t1,SUCCESS,nextIndex=208,followerCommit=205,matchIndex=207
2023-03-07 04:41:26,585 DEBUG server.RaftServer$Division (RaftServerImpl.java:logAppendEntries(1429)) - s10@group-A82F1EDBF13F: receive appendEntries(s11, 1, (t:1, i:205), 205, true, commits:[s11:c205, s13:c203, s12:c204, s3:c205, s4:c205, s5:c203, s10:c204, s6:c203, s7:c203, s8:c204, s9:c203, s14:c203, s0:c203, s1:c203, s2:c204], cId:8309, entries: [(t:1, i:206), METADATAENTRY(c:205), (t:1, i:207), STATEMACHINELOGENTRY, 8302@client-8BEEC01311DE]
2023-03-07 04:41:26,585 DEBUG server.RaftServer$Division (RaftServerImpl.java:logAppendEntries(1429)) - s14@group-A82F1EDBF13F: receive appendEntries(s11, 1, (t:1, i:206), 205, true, commits:[s11:c205, s13:c203, s12:c204, s3:c205, s4:c205, s5:c203, s10:c204, s6:c203, s7:c205, s8:c204, s9:c203, s14:c205, s0:c203, s1:c204, s2:c204], cId:8313, entries: [(t:1, i:207), STATEMACHINELOGENTRY, 8302@client-8BEEC01311DE]
2023-03-07 04:41:26,585 DEBUG server.RaftServer$Division (RaftServerImpl.java:logAppendEntries(1429)) - s0@group-A82F1EDBF13F: receive appendEntries(s11, 1, (t:1, i:206), 205, true, commits:[s11:c205, s13:c203, s12:c204, s3:c205, s4:c205, s5:c203, s10:c204, s6:c203, s7:c205, s8:c205, s9:c203, s14:c205, s0:c205, s1:c204, s2:c204], cId:8314, entries: [(t:1, i:207), STATEMACHINELOGENTRY, 8302@client-8BEEC01311DE]
2023-03-07 04:41:26,587 DEBUG server.RaftServer$Division (RaftServerImpl.java:logAppendEntries(1429)) - s8@group-A82F1EDBF13F: receive appendEntries(s11, 1, (t:1, i:207), 207, true, commits:[s11:c207, s13:c203, s12:c205, s3:c205, s4:c205, s5:c203, s10:c204, s6:c203, s7:c205, s8:c205, s9:c205, s14:c205, s0:c205, s1:c205, s2:c205], cId:8319, entries: [(t:1, i:208), METADATAENTRY(c:207)]
2023-03-07 04:41:26,587 DEBUG server.RaftServer$Division (RaftServerImpl.java:logAppendEntries(1429)) - s6@group-A82F1EDBF13F: receive appendEntries(s11, 1, (t:1, i:207), 207, true, commits:[s11:c207, s13:c203, s12:c205, s3:c205, s4:c205, s5:c205, s10:c204, s6:c205, s7:c205, s8:c205, s9:c205, s14:c205, s0:c205, s1:c205, s2:c205], cId:8324, entries: [(t:1, i:208), METADATAENTRY(c:207)]
2023-03-07 04:41:26,587 DEBUG server.RaftServer$Division (RaftServerImpl.java:logAppendEntries(1429)) - s5@group-A82F1EDBF13F: receive appendEntries(s11, 1, (t:1, i:206), 207, true, commits:[s11:c207, s13:c203, s12:c205, s3:c205, s4:c205, s5:c205, s10:c204, s6:c203, s7:c205, s8:c205, s9:c205, s14:c205, s0:c205, s1:c205, s2:c205], cId:8323, entries: [(t:1, i:207), STATEMACHINELOGENTRY, 8302@client-8BEEC01311DE, (t:1, i:208), METADATAENTRY(c:207)]
2023-03-07 04:41:26,587 DEBUG server.RaftServer$Division (RaftServerImpl.java:logAppendEntries(1429)) - s7@group-A82F1EDBF13F: receive appendEntries(s11, 1, (t:1, i:207), 207, true, commits:[s11:c207, s13:c203, s12:c205, s3:c205, s4:c205, s5:c203, s10:c204, s6:c203, s7:c205, s8:c205, s9:c205, s14:c205, s0:c205, s1:c205, s2:c205], cId:8321, entries: [(t:1, i:208), METADATAENTRY(c:207)]
2023-03-07 04:41:26,587 DEBUG server.RaftServer$Division (RaftServerImpl.java:logAppendEntries(1429)) - s4@group-A82F1EDBF13F: receive appendEntries(s11, 1, (t:1, i:207), 207, true, commits:[s11:c207, s13:c203, s12:c205, s3:c205, s4:c205, s5:c203, s10:c204, s6:c203, s7:c205, s8:c205, s9:c205, s14:c205, s0:c205, s1:c205, s2:c205], cId:8322, entries: [(t:1, i:208), METADATAENTRY(c:207)]
2023-03-07 04:41:26,586 DEBUG server.RaftServer$Division (RaftServerImpl.java:logAppendEntries(1429)) - s3@group-A82F1EDBF13F: receive appendEntries(s11, 1, (t:1, i:207), 207, true, commits:[s11:c207, s13:c203, s12:c205, s3:c205, s4:c205, s5:c203, s10:c204, s6:c203, s7:c205, s8:c205, s9:c205, s14:c205, s0:c205, s1:c205, s2:c205], cId:8320, entries: [(t:1, i:208), METADATAENTRY(c:207)]
2023-03-07 04:41:26,586 DEBUG server.RaftServer$Division (RaftServerImpl.java:logAppendEntries(1429)) - s10@group-A82F1EDBF13F: succeeded to handle AppendEntries. Reply: s11<-s10#8309:OK-t1,SUCCESS,nextIndex=208,followerCommit=205,matchIndex=207
2023-03-07 04:41:26,586 INFO  statemachine.StateMachine (ArithmeticStateMachine.java:applyTransaction(182)) - LEADER:s11-207: c = null = null
2023-03-07 04:41:26,588 DEBUG server.RaftServer$Division (RaftServerImpl.java:logAppendEntries(1429)) - s13@group-A82F1EDBF13F: succeeded to handle AppendEntries. Reply: s11<-s13#8296:OK-t1,SUCCESS,nextIndex=207,followerCommit=205,matchIndex=206
2023-03-07 04:41:26,586 DEBUG server.RaftServer$Division (RaftServerImpl.java:logAppendEntries(1429)) - s14@group-A82F1EDBF13F: succeeded to handle AppendEntries. Reply: s11<-s14#8313:OK-t1,SUCCESS,nextIndex=208,followerCommit=205,matchIndex=207
2023-03-07 04:41:26,588 DEBUG server.RaftServer$Division (RaftServerImpl.java:logAppendEntries(1429)) - s6@group-A82F1EDBF13F: succeeded to handle AppendEntries. Reply: s11<-s6#8324:OK-t1,SUCCESS,nextIndex=209,followerCommit=207,matchIndex=208
2023-03-07 04:41:26,588 DEBUG server.RaftServer$Division (RaftServerImpl.java:logAppendEntries(1429)) - s7@group-A82F1EDBF13F: succeeded to handle AppendEntries. Reply: s11<-s7#8321:OK-t1,SUCCESS,nextIndex=209,followerCommit=207,matchIndex=208
2023-03-07 04:41:26,588 DEBUG server.RaftServer$Division (RaftServerImpl.java:logAppendEntries(1429)) - s8@group-A82F1EDBF13F: succeeded to handle AppendEntries. Reply: s11<-s8#8319:OK-t1,SUCCESS,nextIndex=209,followerCommit=207,matchIndex=208
2023-03-07 04:41:26,588 DEBUG server.RaftServer$Division (RaftServerImpl.java:logAppendEntries(1429)) - s0@group-A82F1EDBF13F: succeeded to handle AppendEntries. Reply: s11<-s0#8314:OK-t1,SUCCESS,nextIndex=208,followerCommit=205,matchIndex=207
2023-03-07 04:41:26,588 DEBUG server.RaftServer$Division (RaftServerImpl.java:logAppendEntries(1429)) - s5@group-A82F1EDBF13F: succeeded to handle AppendEntries. Reply: s11<-s5#8323:OK-t1,SUCCESS,nextIndex=209,followerCommit=207,matchIndex=208
2023-03-07 04:41:26,588 DEBUG server.RaftServer$Division (RaftServerImpl.java:logAppendEntries(1429)) - s3@group-A82F1EDBF13F: succeeded to handle AppendEntries. Reply: s11<-s3#8320:OK-t1,SUCCESS,nextIndex=209,followerCommit=207,matchIndex=208
2023-03-07 04:41:26,589 DEBUG server.RaftServer$Division (RaftServerImpl.java:logAppendEntries(1429)) - s4@group-A82F1EDBF13F: succeeded to handle AppendEntries. Reply: s11<-s4#8322:OK-t1,SUCCESS,nextIndex=209,followerCommit=207,matchIndex=208
2023-03-07 04:41:26,587 DEBUG server.RaftServer$Division (RaftServerImpl.java:logAppendEntries(1429)) - s1@group-A82F1EDBF13F: receive appendEntries(s11, 1, (t:1, i:207), 207, true, commits:[s11:c207, s13:c203, s12:c205, s3:c205, s4:c205, s5:c203, s10:c204, s6:c203, s7:c205, s8:c205, s9:c205, s14:c205, s0:c205, s1:c205, s2:c205], cId:8318, entries: [(t:1, i:208), METADATAENTRY(c:207)]
2023-03-07 04:41:26,589 DEBUG server.RaftServer$Division (RaftServerImpl.java:logAppendEntries(1429)) - s1@group-A82F1EDBF13F: succeeded to handle AppendEntries. Reply: s11<-s1#8318:OK-t1,SUCCESS,nextIndex=209,followerCommit=207,matchIndex=208
2023-03-07 04:41:26,589 DEBUG server.RaftServer$Division (RaftServerImpl.java:submitClientRequestAsync(832)) - s11@group-A82F1EDBF13F: receive client request(RaftClientRequest:client-8BEEC01311DE->s11@group-A82F1EDBF13F, cid=8325, seq=0, RW, Message:01016102405d40000000...(size=12))
2023-03-07 04:41:26,590 DEBUG server.RaftServer$Division (LeaderStateImpl.java:addPendingRequest(474)) - s11@group-A82F1EDBF13F-LeaderStateImpl: addPendingRequest at RaftClientRequest:client-8BEEC01311DE->s11@group-A82F1EDBF13F, cid=8325, seq=0, RW, Message:01016102405d40000000...(size=12), entry=(t:1, i:209), STATEMACHINELOGENTRY, 8325@client-8BEEC01311DE
2023-03-07 04:41:26,590 DEBUG server.RaftServer$Division (RaftServerImpl.java:logAppendEntries(1429)) - s3@group-A82F1EDBF13F: receive appendEntries(s11, 1, (t:1, i:208), 207, true, commits:[s11:c207, s13:c205, s12:c205, s3:c207, s4:c207, s5:c205, s10:c204, s6:c205, s7:c207, s8:c207, s9:c205, s14:c205, s0:c205, s1:c207, s2:c205], cId:8328, entries: [(t:1, i:209), STATEMACHINELOGENTRY, 8325@client-8BEEC01311DE]
2023-03-07 04:41:26,590 DEBUG server.RaftServer$Division (RaftServerImpl.java:logAppendEntries(1429)) - s4@group-A82F1EDBF13F: receive appendEntries(s11, 1, (t:1, i:208), 207, true, commits:[s11:c207, s13:c205, s12:c205, s3:c207, s4:c207, s5:c205, s10:c204, s6:c205, s7:c207, s8:c207, s9:c205, s14:c205, s0:c205, s1:c207, s2:c205], cId:8333, entries: [(t:1, i:209), STATEMACHINELOGENTRY, 8325@client-8BEEC01311DE]
2023-03-07 04:41:26,590 DEBUG server.RaftServer$Division (RaftServerImpl.java:logAppendEntries(1429)) - s8@group-A82F1EDBF13F: receive appendEntries(s11, 1, (t:1, i:208), 207, true, commits:[s11:c207, s13:c205, s12:c205, s3:c207, s4:c207, s5:c205, s10:c204, s6:c205, s7:c207, s8:c207, s9:c205, s14:c205, s0:c205, s1:c207, s2:c205], cId:8331, entries: [(t:1, i:209), STATEMACHINELOGENTRY, 8325@client-8BEEC01311DE]
2023-03-07 04:41:26,590 DEBUG server.RaftServer$Division (RaftServerImpl.java:logAppendEntries(1429)) - s7@group-A82F1EDBF13F: receive appendEntries(s11, 1, (t:1, i:208), 207, true, commits:[s11:c207, s13:c205, s12:c205, s3:c207, s4:c207, s5:c205, s10:c204, s6:c205, s7:c207, s8:c207, s9:c205, s14:c205, s0:c205, s1:c207, s2:c205], cId:8332, entries: [(t:1, i:209), STATEMACHINELOGENTRY, 8325@client-8BEEC01311DE]
2023-03-07 04:41:26,590 DEBUG server.RaftServer$Division (RaftServerImpl.java:logAppendEntries(1429)) - s1@group-A82F1EDBF13F: receive appendEntries(s11, 1, (t:1, i:208), 207, true, commits:[s11:c207, s13:c205, s12:c205, s3:c207, s4:c207, s5:c205, s10:c204, s6:c205, s7:c207, s8:c207, s9:c205, s14:c205, s0:c205, s1:c207, s2:c205], cId:8329, entries: [(t:1, i:209), STATEMACHINELOGENTRY, 8325@client-8BEEC01311DE]
2023-03-07 04:41:26,591 DEBUG server.RaftServer$Division (RaftServerImpl.java:logAppendEntries(1429)) - s14@group-A82F1EDBF13F: receive appendEntries(s11, 1, (t:1, i:207), 207, true, commits:[s11:c207, s13:c205, s12:c205, s3:c207, s4:c207, s5:c205, s10:c204, s6:c205, s7:c207, s8:c207, s9:c205, s14:c205, s0:c205, s1:c207, s2:c205], cId:8330, entries: [(t:1, i:208), METADATAENTRY(c:207), (t:1, i:209), STATEMACHINELOGENTRY, 8325@client-8BEEC01311DE]
2023-03-07 04:41:26,591 DEBUG server.RaftServer$Division (RaftServerImpl.java:logAppendEntries(1429)) - s3@group-A82F1EDBF13F: succeeded to handle AppendEntries. Reply: s11<-s3#8328:OK-t1,SUCCESS,nextIndex=210,followerCommit=207,matchIndex=209
2023-03-07 04:41:26,591 DEBUG server.RaftServer$Division (RaftServerImpl.java:logAppendEntries(1429)) - s4@group-A82F1EDBF13F: succeeded to handle AppendEntries. Reply: s11<-s4#8333:OK-t1,SUCCESS,nextIndex=210,followerCommit=207,matchIndex=209
2023-03-07 04:41:26,591 DEBUG server.RaftServer$Division (RaftServerImpl.java:logAppendEntries(1429)) - s12@group-A82F1EDBF13F: receive appendEntries(s11, 1, (t:1, i:207), 207, true, commits:[s11:c207, s13:c203, s12:c205, s3:c205, s4:c205, s5:c203, s10:c204, s6:c203, s7:c205, s8:c205, s9:c205, s14:c205, s0:c205, s1:c205, s2:c205], cId:8315, entries: [(t:1, i:208), METADATAENTRY(c:207)]
2023-03-07 04:41:26,591 DEBUG server.RaftServer$Division (RaftServerImpl.java:logAppendEntries(1429)) - s14@group-A82F1EDBF13F: succeeded to handle AppendEntries. Reply: s11<-s14#8330:OK-t1,SUCCESS,nextIndex=210,followerCommit=207,matchIndex=209
2023-03-07 04:41:26,591 DEBUG server.RaftServer$Division (RaftServerImpl.java:logAppendEntries(1429)) - s1@group-A82F1EDBF13F: succeeded to handle AppendEntries. Reply: s11<-s1#8329:OK-t1,SUCCESS,nextIndex=210,followerCommit=207,matchIndex=209
2023-03-07 04:41:26,591 DEBUG server.RaftServer$Division (RaftServerImpl.java:logAppendEntries(1429)) - s8@group-A82F1EDBF13F: succeeded to handle AppendEntries. Reply: s11<-s8#8331:OK-t1,SUCCESS,nextIndex=210,followerCommit=207,matchIndex=209
2023-03-07 04:41:26,591 DEBUG server.RaftServer$Division (RaftServerImpl.java:logAppendEntries(1429)) - s7@group-A82F1EDBF13F: succeeded to handle AppendEntries. Reply: s11<-s7#8332:OK-t1,SUCCESS,nextIndex=210,followerCommit=207,matchIndex=209
2023-03-07 04:41:26,591 DEBUG server.RaftServer$Division (RaftServerImpl.java:logAppendEntries(1429)) - s13@group-A82F1EDBF13F: receive appendEntries(s11, 1, (t:1, i:206), 207, true, commits:[s11:c207, s13:c205, s12:c205, s3:c207, s4:c207, s5:c205, s10:c204, s6:c205, s7:c207, s8:c207, s9:c205, s14:c205, s0:c205, s1:c205, s2:c205], cId:8326, entries: [(t:1, i:207), STATEMACHINELOGENTRY, 8302@client-8BEEC01311DE, (t:1, i:208), METADATAENTRY(c:207)]
2023-03-07 04:41:26,592 DEBUG server.RaftServer$Division (RaftServerImpl.java:logAppendEntries(1429)) - s12@group-A82F1EDBF13F: succeeded to handle AppendEntries. Reply: s11<-s12#8315:OK-t1,SUCCESS,nextIndex=209,followerCommit=207,matchIndex=208
2023-03-07 04:41:26,592 DEBUG server.RaftServer$Division (RaftServerImpl.java:logAppendEntries(1429)) - s2@group-A82F1EDBF13F: receive appendEntries(s11, 1, (t:1, i:207), 207, true, commits:[s11:c207, s13:c203, s12:c205, s3:c205, s4:c205, s5:c203, s10:c204, s6:c203, s7:c205, s8:c205, s9:c205, s14:c205, s0:c205, s1:c205, s2:c205], cId:8317, entries: [(t:1, i:208), METADATAENTRY(c:207)]
2023-03-07 04:41:26,592 DEBUG server.RaftServer$Division (RaftServerImpl.java:logAppendEntries(1429)) - s0@group-A82F1EDBF13F: receive appendEntries(s11, 1, (t:1, i:207), 207, true, commits:[s11:c207, s13:c205, s12:c205, s3:c207, s4:c207, s5:c205, s10:c204, s6:c205, s7:c207, s8:c207, s9:c205, s14:c205, s0:c205, s1:c205, s2:c205], cId:8327, entries: [(t:1, i:208), METADATAENTRY(c:207)]
2023-03-07 04:41:26,592 DEBUG server.RaftServer$Division (RaftServerImpl.java:logAppendEntries(1429)) - s9@group-A82F1EDBF13F: receive appendEntries(s11, 1, (t:1, i:207), 207, true, commits:[s11:c207, s13:c203, s12:c205, s3:c205, s4:c205, s5:c203, s10:c204, s6:c203, s7:c205, s8:c205, s9:c205, s14:c205, s0:c205, s1:c205, s2:c205], cId:8316, entries: [(t:1, i:208), METADATAENTRY(c:207)]
2023-03-07 04:41:26,593 DEBUG server.RaftServer$Division (RaftServerImpl.java:logAppendEntries(1429)) - s2@group-A82F1EDBF13F: succeeded to handle AppendEntries. Reply: s11<-s2#8317:OK-t1,SUCCESS,nextIndex=209,followerCommit=207,matchIndex=208
2023-03-07 04:41:26,604 DEBUG server.RaftServer$Division (RaftServerImpl.java:logAppendEntries(1429)) - s0@group-A82F1EDBF13F: succeeded to handle AppendEntries. Reply: s11<-s0#8327:OK-t1,SUCCESS,nextIndex=209,followerCommit=207,matchIndex=208
2023-03-07 04:41:26,604 DEBUG server.RaftServer$Division (RaftServerImpl.java:logAppendEntries(1429)) - s10@group-A82F1EDBF13F: receive appendEntries(s11, 1, (t:1, i:207), 208, true, commits:[s11:c208, s13:c205, s12:c205, s3:c207, s4:c207, s5:c207, s10:c205, s6:c207, s7:c207, s8:c207, s9:c205, s14:c205, s0:c205, s1:c207, s2:c205], cId:8336, entries: [(t:1, i:208), METADATAENTRY(c:207), (t:1, i:209), STATEMACHINELOGENTRY, 8325@client-8BEEC01311DE]
2023-03-07 04:41:26,605 DEBUG server.RaftServer$Division (RaftServerImpl.java:logAppendEntries(1429)) - s5@group-A82F1EDBF13F: receive appendEntries(s11, 1, (t:1, i:208), 207, true, commits:[s11:c207, s13:c205, s12:c205, s3:c207, s4:c207, s5:c207, s10:c204, s6:c205, s7:c207, s8:c207, s9:c205, s14:c205, s0:c205, s1:c207, s2:c205], cId:8334, entries: [(t:1, i:209), STATEMACHINELOGENTRY, 8325@client-8BEEC01311DE]
2023-03-07 04:41:26,605 DEBUG server.RaftServer$Division (RaftServerImpl.java:logAppendEntries(1429)) - s6@group-A82F1EDBF13F: receive appendEntries(s11, 1, (t:1, i:208), 207, true, commits:[s11:c207, s13:c205, s12:c205, s3:c207, s4:c207, s5:c207, s10:c204, s6:c207, s7:c207, s8:c207, s9:c205, s14:c205, s0:c205, s1:c207, s2:c205], cId:8335, entries: [(t:1, i:209), STATEMACHINELOGENTRY, 8325@client-8BEEC01311DE]
2023-03-07 04:41:26,605 DEBUG server.RaftServer$Division (RaftServerImpl.java:logAppendEntries(1429)) - s12@group-A82F1EDBF13F: receive appendEntries(s11, 1, (t:1, i:208), 208, true, commits:[s11:c208, s13:c205, s12:c207, s3:c207, s4:c207, s5:c207, s10:c205, s6:c207, s7:c207, s8:c207, s9:c205, s14:c205, s0:c205, s1:c207, s2:c205], cId:8337, entries: [(t:1, i:209), STATEMACHINELOGENTRY, 8325@client-8BEEC01311DE]
2023-03-07 04:41:26,605 DEBUG server.RaftServer$Division (RaftServerImpl.java:logAppendEntries(1429)) - s0@group-A82F1EDBF13F: receive appendEntries(s11, 1, (t:1, i:208), 208, true, commits:[s11:c208, s13:c205, s12:c207, s3:c207, s4:c207, s5:c207, s10:c205, s6:c207, s7:c207, s8:c207, s9:c205, s14:c207, s0:c207, s1:c207, s2:c205], cId:8338, entries: [(t:1, i:209), STATEMACHINELOGENTRY, 8325@client-8BEEC01311DE]
2023-03-07 04:41:26,605 DEBUG server.RaftServer$Division (RaftServerImpl.java:logAppendEntries(1429)) - s12@group-A82F1EDBF13F: succeeded to handle AppendEntries. Reply: s11<-s12#8337:OK-t1,SUCCESS,nextIndex=210,followerCommit=208,matchIndex=209
2023-03-07 04:41:26,605 DEBUG server.RaftServer$Division (RaftServerImpl.java:logAppendEntries(1429)) - s5@group-A82F1EDBF13F: succeeded to handle AppendEntries. Reply: s11<-s5#8334:OK-t1,SUCCESS,nextIndex=210,followerCommit=207,matchIndex=209
2023-03-07 04:41:26,606 DEBUG server.RaftServer$Division (RaftServerImpl.java:logAppendEntries(1429)) - s10@group-A82F1EDBF13F: succeeded to handle AppendEntries. Reply: s11<-s10#8336:OK-t1,SUCCESS,nextIndex=210,followerCommit=208,matchIndex=209
2023-03-07 04:41:26,606 DEBUG server.RaftServer$Division (RaftServerImpl.java:logAppendEntries(1429)) - s6@group-A82F1EDBF13F: succeeded to handle AppendEntries. Reply: s11<-s6#8335:OK-t1,SUCCESS,nextIndex=210,followerCommit=207,matchIndex=209
2023-03-07 04:41:26,606 DEBUG server.RaftServer$Division (RaftServerImpl.java:logAppendEntries(1429)) - s9@group-A82F1EDBF13F: succeeded to handle AppendEntries. Reply: s11<-s9#8316:OK-t1,SUCCESS,nextIndex=209,followerCommit=207,matchIndex=208
2023-03-07 04:41:26,606 DEBUG server.RaftServer$Division (RaftServerImpl.java:logAppendEntries(1429)) - s0@group-A82F1EDBF13F: succeeded to handle AppendEntries. Reply: s11<-s0#8338:OK-t1,SUCCESS,nextIndex=210,followerCommit=208,matchIndex=209
2023-03-07 04:41:26,606 INFO  statemachine.StateMachine (ArithmeticStateMachine.java:applyTransaction(182)) - LEADER:s11-209: a = 117 = 117
2023-03-07 04:41:26,606 DEBUG server.RaftServer$Division (RaftServerImpl.java:logAppendEntries(1429)) - s14@group-A82F1EDBF13F: receive appendEntries(s11, 1, (t:1, i:209), 209, true, commits:[s11:c209, s13:c205, s12:c207, s3:c207, s4:c207, s5:c207, s10:c205, s6:c207, s7:c207, s8:c207, s9:c205, s14:c207, s0:c207, s1:c207, s2:c207], cId:8344, entries: [(t:1, i:210), METADATAENTRY(c:209)]
2023-03-07 04:41:26,605 DEBUG server.RaftServer$Division (RaftServerImpl.java:logAppendEntries(1429)) - s13@group-A82F1EDBF13F: succeeded to handle AppendEntries. Reply: s11<-s13#8326:OK-t1,SUCCESS,nextIndex=209,followerCommit=207,matchIndex=208
2023-03-07 04:41:26,607 DEBUG server.RaftServer$Division (RaftServerImpl.java:logAppendEntries(1429)) - s14@group-A82F1EDBF13F: succeeded to handle AppendEntries. Reply: s11<-s14#8344:OK-t1,SUCCESS,nextIndex=211,followerCommit=209,matchIndex=210
2023-03-07 04:41:26,606 DEBUG server.RaftServer$Division (RaftServerImpl.java:logAppendEntries(1429)) - s3@group-A82F1EDBF13F: receive appendEntries(s11, 1, (t:1, i:209), 209, true, commits:[s11:c209, s13:c205, s12:c207, s3:c207, s4:c207, s5:c207, s10:c205, s6:c207, s7:c207, s8:c207, s9:c205, s14:c207, s0:c207, s1:c207, s2:c207], cId:8340, entries: [(t:1, i:210), METADATAENTRY(c:209)]
2023-03-07 04:41:26,607 DEBUG server.RaftServer$Division (RaftServerImpl.java:logAppendEntries(1429)) - s0@group-A82F1EDBF13F: receive appendEntries(s11, 1, (t:1, i:209), 209, true, commits:[s11:c209, s13:c205, s12:c207, s3:c207, s4:c207, s5:c207, s10:c205, s6:c207, s7:c207, s8:c207, s9:c205, s14:c207, s0:c208, s1:c207, s2:c207], cId:8346, entries: [(t:1, i:210), METADATAENTRY(c:209)]
2023-03-07 04:41:26,607 DEBUG server.RaftServer$Division (RaftServerImpl.java:logAppendEntries(1429)) - s4@group-A82F1EDBF13F: receive appendEntries(s11, 1, (t:1, i:209), 209, true, commits:[s11:c209, s13:c205, s12:c207, s3:c207, s4:c207, s5:c207, s10:c205, s6:c207, s7:c207, s8:c207, s9:c205, s14:c207, s0:c207, s1:c207, s2:c207], cId:8341, entries: [(t:1, i:210), METADATAENTRY(c:209)]
2023-03-07 04:41:26,608 DEBUG server.RaftServer$Division (RaftServerImpl.java:logAppendEntries(1429)) - s8@group-A82F1EDBF13F: receive appendEntries(s11, 1, (t:1, i:209), 209, true, commits:[s11:c209, s13:c205, s12:c207, s3:c207, s4:c207, s5:c207, s10:c205, s6:c207, s7:c207, s8:c207, s9:c205, s14:c207, s0:c207, s1:c207, s2:c207], cId:8343, entries: [(t:1, i:210), METADATAENTRY(c:209)]
2023-03-07 04:41:26,608 DEBUG server.RaftServer$Division (RaftServerImpl.java:logAppendEntries(1429)) - s3@group-A82F1EDBF13F: succeeded to handle AppendEntries. Reply: s11<-s3#8340:OK-t1,SUCCESS,nextIndex=211,followerCommit=209,matchIndex=210
2023-03-07 04:41:26,608 DEBUG server.RaftServer$Division (RaftServerImpl.java:logAppendEntries(1429)) - s4@group-A82F1EDBF13F: succeeded to handle AppendEntries. Reply: s11<-s4#8341:OK-t1,SUCCESS,nextIndex=211,followerCommit=209,matchIndex=210
2023-03-07 04:41:26,608 DEBUG server.RaftServer$Division (RaftServerImpl.java:logAppendEntries(1429)) - s6@group-A82F1EDBF13F: receive appendEntries(s11, 1, (t:1, i:209), 209, true, commits:[s11:c209, s13:c205, s12:c208, s3:c207, s4:c207, s5:c207, s10:c205, s6:c207, s7:c207, s8:c207, s9:c205, s14:c207, s0:c208, s1:c207, s2:c207], cId:8349, entries: [(t:1, i:210), METADATAENTRY(c:209)]
2023-03-07 04:41:26,608 DEBUG server.RaftServer$Division (RaftServerImpl.java:logAppendEntries(1429)) - s0@group-A82F1EDBF13F: succeeded to handle AppendEntries. Reply: s11<-s0#8346:OK-t1,SUCCESS,nextIndex=211,followerCommit=209,matchIndex=210
2023-03-07 04:41:26,608 DEBUG server.RaftServer$Division (RaftServerImpl.java:logAppendEntries(1429)) - s5@group-A82F1EDBF13F: receive appendEntries(s11, 1, (t:1, i:209), 209, true, commits:[s11:c209, s13:c205, s12:c207, s3:c207, s4:c207, s5:c207, s10:c205, s6:c207, s7:c207, s8:c207, s9:c205, s14:c207, s0:c208, s1:c207, s2:c207], cId:8347, entries: [(t:1, i:210), METADATAENTRY(c:209)]
2023-03-07 04:41:26,608 DEBUG server.RaftServer$Division (RaftServerImpl.java:submitClientRequestAsync(832)) - s11@group-A82F1EDBF13F: receive client request(RaftClientRequest:client-8BEEC01311DE->s11@group-A82F1EDBF13F, cid=8350, seq=0, RW, Message:0101620240babc000000...(size=12))
2023-03-07 04:41:26,609 DEBUG server.RaftServer$Division (LeaderStateImpl.java:addPendingRequest(474)) - s11@group-A82F1EDBF13F-LeaderStateImpl: addPendingRequest at RaftClientRequest:client-8BEEC01311DE->s11@group-A82F1EDBF13F, cid=8350, seq=0, RW, Message:0101620240babc000000...(size=12), entry=(t:1, i:211), STATEMACHINELOGENTRY, 8350@client-8BEEC01311DE
2023-03-07 04:41:26,608 DEBUG server.RaftServer$Division (RaftServerImpl.java:logAppendEntries(1429)) - s1@group-A82F1EDBF13F: receive appendEntries(s11, 1, (t:1, i:209), 209, true, commits:[s11:c209, s13:c205, s12:c207, s3:c207, s4:c207, s5:c207, s10:c205, s6:c207, s7:c207, s8:c207, s9:c205, s14:c207, s0:c207, s1:c207, s2:c207], cId:8345, entries: [(t:1, i:210), METADATAENTRY(c:209)]
2023-03-07 04:41:26,609 DEBUG server.RaftServer$Division (RaftServerImpl.java:logAppendEntries(1429)) - s6@group-A82F1EDBF13F: succeeded to handle AppendEntries. Reply: s11<-s6#8349:OK-t1,SUCCESS,nextIndex=211,followerCommit=209,matchIndex=210
2023-03-07 04:41:26,609 DEBUG server.RaftServer$Division (RaftServerImpl.java:logAppendEntries(1429)) - s5@group-A82F1EDBF13F: succeeded to handle AppendEntries. Reply: s11<-s5#8347:OK-t1,SUCCESS,nextIndex=211,followerCommit=209,matchIndex=210
2023-03-07 04:41:26,608 DEBUG server.RaftServer$Division (RaftServerImpl.java:logAppendEntries(1429)) - s13@group-A82F1EDBF13F: receive appendEntries(s11, 1, (t:1, i:208), 209, true, commits:[s11:c209, s13:c207, s12:c208, s3:c207, s4:c207, s5:c207, s10:c205, s6:c207, s7:c207, s8:c207, s9:c205, s14:c207, s0:c208, s1:c207, s2:c207], cId:8351, entries: [(t:1, i:209), STATEMACHINELOGENTRY, 8325@client-8BEEC01311DE, (t:1, i:210), METADATAENTRY(c:209)]
2023-03-07 04:41:26,609 DEBUG server.RaftServer$Division (RaftServerImpl.java:logAppendEntries(1429)) - s1@group-A82F1EDBF13F: succeeded to handle AppendEntries. Reply: s11<-s1#8345:OK-t1,SUCCESS,nextIndex=211,followerCommit=209,matchIndex=210
2023-03-07 04:41:26,608 DEBUG server.RaftServer$Division (RaftServerImpl.java:logAppendEntries(1429)) - s8@group-A82F1EDBF13F: succeeded to handle AppendEntries. Reply: s11<-s8#8343:OK-t1,SUCCESS,nextIndex=211,followerCommit=209,matchIndex=210
2023-03-07 04:41:26,609 DEBUG server.RaftServer$Division (RaftServerImpl.java:logAppendEntries(1429)) - s4@group-A82F1EDBF13F: receive appendEntries(s11, 1, (t:1, i:210), 209, true, commits:[s11:c209, s13:c207, s12:c208, s3:c209, s4:c209, s5:c207, s10:c205, s6:c207, s7:c207, s8:c207, s9:c205, s14:c207, s0:c209, s1:c207, s2:c207], cId:8353, entries: [(t:1, i:211), STATEMACHINELOGENTRY, 8350@client-8BEEC01311DE]
2023-03-07 04:41:26,610 DEBUG server.RaftServer$Division (RaftServerImpl.java:logAppendEntries(1429)) - s13@group-A82F1EDBF13F: succeeded to handle AppendEntries. Reply: s11<-s13#8351:OK-t1,SUCCESS,nextIndex=211,followerCommit=209,matchIndex=210
2023-03-07 04:41:26,610 DEBUG server.RaftServer$Division (RaftServerImpl.java:logAppendEntries(1429)) - s4@group-A82F1EDBF13F: succeeded to handle AppendEntries. Reply: s11<-s4#8353:OK-t1,SUCCESS,nextIndex=212,followerCommit=209,matchIndex=211
2023-03-07 04:41:26,610 DEBUG server.RaftServer$Division (RaftServerImpl.java:logAppendEntries(1429)) - s3@group-A82F1EDBF13F: receive appendEntries(s11, 1, (t:1, i:210), 209, true, commits:[s11:c209, s13:c207, s12:c208, s3:c209, s4:c209, s5:c207, s10:c205, s6:c207, s7:c207, s8:c207, s9:c205, s14:c207, s0:c209, s1:c207, s2:c207], cId:8354, entries: [(t:1, i:211), STATEMACHINELOGENTRY, 8350@client-8BEEC01311DE]
2023-03-07 04:41:26,610 DEBUG server.RaftServer$Division (RaftServerImpl.java:logAppendEntries(1429)) - s0@group-A82F1EDBF13F: receive appendEntries(s11, 1, (t:1, i:210), 209, true, commits:[s11:c209, s13:c207, s12:c208, s3:c209, s4:c209, s5:c207, s10:c205, s6:c207, s7:c207, s8:c207, s9:c205, s14:c207, s0:c209, s1:c207, s2:c207], cId:8352, entries: [(t:1, i:211), STATEMACHINELOGENTRY, 8350@client-8BEEC01311DE]
2023-03-07 04:41:26,610 DEBUG server.RaftServer$Division (RaftServerImpl.java:logAppendEntries(1429)) - s14@group-A82F1EDBF13F: receive appendEntries(s11, 1, (t:1, i:210), 209, true, commits:[s11:c209, s13:c207, s12:c208, s3:c209, s4:c209, s5:c209, s10:c205, s6:c207, s7:c207, s8:c209, s9:c205, s14:c209, s0:c209, s1:c207, s2:c207], cId:8357, entries: [(t:1, i:211), STATEMACHINELOGENTRY, 8350@client-8BEEC01311DE]
2023-03-07 04:41:26,610 DEBUG server.RaftServer$Division (RaftServerImpl.java:logAppendEntries(1429)) - s3@group-A82F1EDBF13F: succeeded to handle AppendEntries. Reply: s11<-s3#8354:OK-t1,SUCCESS,nextIndex=212,followerCommit=209,matchIndex=211
2023-03-07 04:41:26,610 DEBUG server.RaftServer$Division (RaftServerImpl.java:logAppendEntries(1429)) - s0@group-A82F1EDBF13F: succeeded to handle AppendEntries. Reply: s11<-s0#8352:OK-t1,SUCCESS,nextIndex=212,followerCommit=209,matchIndex=211
2023-03-07 04:41:26,610 DEBUG server.RaftServer$Division (RaftServerImpl.java:logAppendEntries(1429)) - s7@group-A82F1EDBF13F: receive appendEntries(s11, 1, (t:1, i:209), 209, true, commits:[s11:c209, s13:c205, s12:c207, s3:c207, s4:c207, s5:c207, s10:c205, s6:c207, s7:c207, s8:c207, s9:c205, s14:c207, s0:c207, s1:c207, s2:c207], cId:8342, entries: [(t:1, i:210), METADATAENTRY(c:209)]
2023-03-07 04:41:26,610 DEBUG server.RaftServer$Division (RaftServerImpl.java:logAppendEntries(1429)) - s6@group-A82F1EDBF13F: receive appendEntries(s11, 1, (t:1, i:210), 209, true, commits:[s11:c209, s13:c207, s12:c208, s3:c209, s4:c209, s5:c209, s10:c205, s6:c209, s7:c207, s8:c209, s9:c205, s14:c209, s0:c209, s1:c207, s2:c207], cId:8358, entries: [(t:1, i:211), STATEMACHINELOGENTRY, 8350@client-8BEEC01311DE]
2023-03-07 04:41:26,611 DEBUG server.RaftServer$Division (RaftServerImpl.java:logAppendEntries(1429)) - s7@group-A82F1EDBF13F: succeeded to handle AppendEntries. Reply: s11<-s7#8342:OK-t1,SUCCESS,nextIndex=211,followerCommit=209,matchIndex=210
2023-03-07 04:41:26,611 DEBUG server.RaftServer$Division (RaftServerImpl.java:logAppendEntries(1429)) - s14@group-A82F1EDBF13F: succeeded to handle AppendEntries. Reply: s11<-s14#8357:OK-t1,SUCCESS,nextIndex=212,followerCommit=209,matchIndex=211
2023-03-07 04:41:26,611 DEBUG server.RaftServer$Division (RaftServerImpl.java:logAppendEntries(1429)) - s5@group-A82F1EDBF13F: receive appendEntries(s11, 1, (t:1, i:210), 209, true, commits:[s11:c209, s13:c207, s12:c208, s3:c209, s4:c209, s5:c209, s10:c205, s6:c207, s7:c207, s8:c209, s9:c205, s14:c207, s0:c209, s1:c207, s2:c207], cId:8356, entries: [(t:1, i:211), STATEMACHINELOGENTRY, 8350@client-8BEEC01311DE]
2023-03-07 04:41:26,611 DEBUG server.RaftServer$Division (RaftServerImpl.java:logAppendEntries(1429)) - s8@group-A82F1EDBF13F: receive appendEntries(s11, 1, (t:1, i:210), 209, true, commits:[s11:c209, s13:c207, s12:c208, s3:c209, s4:c209, s5:c207, s10:c205, s6:c207, s7:c207, s8:c209, s9:c205, s14:c207, s0:c209, s1:c207, s2:c207], cId:8355, entries: [(t:1, i:211), STATEMACHINELOGENTRY, 8350@client-8BEEC01311DE]
2023-03-07 04:41:26,611 DEBUG server.RaftServer$Division (RaftServerImpl.java:logAppendEntries(1429)) - s2@group-A82F1EDBF13F: receive appendEntries(s11, 1, (t:1, i:208), 208, true, commits:[s11:c208, s13:c205, s12:c207, s3:c207, s4:c207, s5:c207, s10:c205, s6:c207, s7:c207, s8:c207, s9:c205, s14:c207, s0:c207, s1:c207, s2:c207], cId:8339, entries: [(t:1, i:209), STATEMACHINELOGENTRY, 8325@client-8BEEC01311DE]
2023-03-07 04:41:26,611 DEBUG server.RaftServer$Division (RaftServerImpl.java:logAppendEntries(1429)) - s6@group-A82F1EDBF13F: succeeded to handle AppendEntries. Reply: s11<-s6#8358:OK-t1,SUCCESS,nextIndex=212,followerCommit=209,matchIndex=211
2023-03-07 04:41:26,611 DEBUG server.RaftServer$Division (RaftServerImpl.java:logAppendEntries(1429)) - s5@group-A82F1EDBF13F: succeeded to handle AppendEntries. Reply: s11<-s5#8356:OK-t1,SUCCESS,nextIndex=212,followerCommit=209,matchIndex=211
2023-03-07 04:41:26,612 DEBUG server.RaftServer$Division (RaftServerImpl.java:logAppendEntries(1429)) - s2@group-A82F1EDBF13F: succeeded to handle AppendEntries. Reply: s11<-s2#8339:OK-t1,SUCCESS,nextIndex=210,followerCommit=208,matchIndex=209
2023-03-07 04:41:26,612 DEBUG server.RaftServer$Division (RaftServerImpl.java:logAppendEntries(1429)) - s8@group-A82F1EDBF13F: succeeded to handle AppendEntries. Reply: s11<-s8#8355:OK-t1,SUCCESS,nextIndex=212,followerCommit=209,matchIndex=211
2023-03-07 04:41:26,612 DEBUG server.RaftServer$Division (RaftServerImpl.java:logAppendEntries(1429)) - s13@group-A82F1EDBF13F: receive appendEntries(s11, 1, (t:1, i:210), 210, true, commits:[s11:c210, s13:c209, s12:c208, s3:c209, s4:c209, s5:c209, s10:c205, s6:c209, s7:c207, s8:c209, s9:c205, s14:c209, s0:c209, s1:c207, s2:c207], cId:8359, entries: [(t:1, i:211), STATEMACHINELOGENTRY, 8350@client-8BEEC01311DE]
2023-03-07 04:41:26,612 DEBUG server.RaftServer$Division (RaftServerImpl.java:logAppendEntries(1429)) - s13@group-A82F1EDBF13F: succeeded to handle AppendEntries. Reply: s11<-s13#8359:OK-t1,SUCCESS,nextIndex=212,followerCommit=210,matchIndex=211
2023-03-07 04:41:26,612 INFO  statemachine.StateMachine (ArithmeticStateMachine.java:applyTransaction(182)) - LEADER:s11-211: b = 6844 = 6844
2023-03-07 04:41:26,612 DEBUG server.RaftServer$Division (RaftServerImpl.java:logAppendEntries(1429)) - s3@group-A82F1EDBF13F: receive appendEntries(s11, 1, (t:1, i:211), 211, true, commits:[s11:c211, s13:c209, s12:c208, s3:c209, s4:c209, s5:c209, s10:c208, s6:c209, s7:c209, s8:c209, s9:c207, s14:c209, s0:c209, s1:c207, s2:c207], cId:8369, entries: [(t:1, i:212), METADATAENTRY(c:211)]
2023-03-07 04:41:26,613 DEBUG server.RaftServer$Division (RaftServerImpl.java:logAppendEntries(1429)) - s6@group-A82F1EDBF13F: receive appendEntries(s11, 1, (t:1, i:211), 211, true, commits:[s11:c211, s13:c209, s12:c208, s3:c209, s4:c209, s5:c209, s10:c208, s6:c209, s7:c209, s8:c209, s9:c207, s14:c209, s0:c209, s1:c207, s2:c207], cId:8364, entries: [(t:1, i:212), METADATAENTRY(c:211)]
2023-03-07 04:41:26,613 DEBUG server.RaftServer$Division (RaftServerImpl.java:logAppendEntries(1429)) - s5@group-A82F1EDBF13F: receive appendEntries(s11, 1, (t:1, i:211), 211, true, commits:[s11:c211, s13:c209, s12:c208, s3:c209, s4:c209, s5:c209, s10:c208, s6:c209, s7:c209, s8:c209, s9:c207, s14:c209, s0:c209, s1:c207, s2:c207], cId:8367, entries: [(t:1, i:212), METADATAENTRY(c:211)]
2023-03-07 04:41:26,613 DEBUG server.RaftServer$Division (RaftServerImpl.java:logAppendEntries(1429)) - s8@group-A82F1EDBF13F: receive appendEntries(s11, 1, (t:1, i:211), 211, true, commits:[s11:c211, s13:c209, s12:c208, s3:c209, s4:c209, s5:c209, s10:c208, s6:c209, s7:c209, s8:c209, s9:c207, s14:c209, s0:c209, s1:c207, s2:c207], cId:8366, entries: [(t:1, i:212), METADATAENTRY(c:211)]
2023-03-07 04:41:26,613 DEBUG server.RaftServer$Division (RaftServerImpl.java:logAppendEntries(1429)) - s3@group-A82F1EDBF13F: succeeded to handle AppendEntries. Reply: s11<-s3#8369:OK-t1,SUCCESS,nextIndex=213,followerCommit=211,matchIndex=212
2023-03-07 04:41:26,613 DEBUG server.RaftServer$Division (RaftServerImpl.java:logAppendEntries(1429)) - s14@group-A82F1EDBF13F: receive appendEntries(s11, 1, (t:1, i:211), 211, true, commits:[s11:c211, s13:c209, s12:c208, s3:c209, s4:c209, s5:c209, s10:c208, s6:c209, s7:c209, s8:c209, s9:c207, s14:c209, s0:c209, s1:c207, s2:c207], cId:8363, entries: [(t:1, i:212), METADATAENTRY(c:211)]
2023-03-07 04:41:26,613 DEBUG server.RaftServer$Division (RaftServerImpl.java:logAppendEntries(1429)) - s6@group-A82F1EDBF13F: succeeded to handle AppendEntries. Reply: s11<-s6#8364:OK-t1,SUCCESS,nextIndex=213,followerCommit=211,matchIndex=212
2023-03-07 04:41:26,613 DEBUG server.RaftServer$Division (RaftServerImpl.java:logAppendEntries(1429)) - s8@group-A82F1EDBF13F: succeeded to handle AppendEntries. Reply: s11<-s8#8366:OK-t1,SUCCESS,nextIndex=213,followerCommit=211,matchIndex=212
2023-03-07 04:41:26,613 DEBUG server.RaftServer$Division (RaftServerImpl.java:logAppendEntries(1429)) - s5@group-A82F1EDBF13F: succeeded to handle AppendEntries. Reply: s11<-s5#8367:OK-t1,SUCCESS,nextIndex=213,followerCommit=211,matchIndex=212
2023-03-07 04:41:26,614 DEBUG server.RaftServer$Division (RaftServerImpl.java:logAppendEntries(1429)) - s0@group-A82F1EDBF13F: receive appendEntries(s11, 1, (t:1, i:211), 211, true, commits:[s11:c211, s13:c209, s12:c208, s3:c209, s4:c209, s5:c209, s10:c208, s6:c209, s7:c209, s8:c209, s9:c207, s14:c209, s0:c209, s1:c207, s2:c207], cId:8368, entries: [(t:1, i:212), METADATAENTRY(c:211)]
2023-03-07 04:41:26,614 DEBUG server.RaftServer$Division (RaftServerImpl.java:logAppendEntries(1429)) - s7@group-A82F1EDBF13F: receive appendEntries(s11, 1, (t:1, i:210), 210, true, commits:[s11:c210, s13:c209, s12:c208, s3:c209, s4:c209, s5:c209, s10:c208, s6:c209, s7:c209, s8:c209, s9:c207, s14:c209, s0:c209, s1:c207, s2:c207], cId:8362, entries: [(t:1, i:211), STATEMACHINELOGENTRY, 8350@client-8BEEC01311DE]
2023-03-07 04:41:26,614 DEBUG server.RaftServer$Division (RaftServerImpl.java:logAppendEntries(1429)) - s13@group-A82F1EDBF13F: receive appendEntries(s11, 1, (t:1, i:211), 211, true, commits:[s11:c211, s13:c210, s12:c208, s3:c209, s4:c209, s5:c209, s10:c208, s6:c209, s7:c209, s8:c209, s9:c207, s14:c209, s0:c209, s1:c207, s2:c207], cId:8370, entries: [(t:1, i:212), METADATAENTRY(c:211)]
2023-03-07 04:41:26,614 DEBUG server.RaftServer$Division (RaftServerImpl.java:logAppendEntries(1429)) - s7@group-A82F1EDBF13F: succeeded to handle AppendEntries. Reply: s11<-s7#8362:OK-t1,SUCCESS,nextIndex=212,followerCommit=210,matchIndex=211
2023-03-07 04:41:26,614 DEBUG server.RaftServer$Division (RaftServerImpl.java:logAppendEntries(1429)) - s14@group-A82F1EDBF13F: succeeded to handle AppendEntries. Reply: s11<-s14#8363:OK-t1,SUCCESS,nextIndex=213,followerCommit=211,matchIndex=212
2023-03-07 04:41:26,614 DEBUG server.RaftServer$Division (RaftServerImpl.java:logAppendEntries(1429)) - s1@group-A82F1EDBF13F: receive appendEntries(s11, 1, (t:1, i:210), 211, true, commits:[s11:c211, s13:c210, s12:c208, s3:c209, s4:c209, s5:c211, s10:c208, s6:c209, s7:c209, s8:c211, s9:c207, s14:c209, s0:c209, s1:c209, s2:c207], cId:8372, entries: [(t:1, i:211), STATEMACHINELOGENTRY, 8350@client-8BEEC01311DE, (t:1, i:212), METADATAENTRY(c:211)]
2023-03-07 04:41:26,614 DEBUG server.RaftServer$Division (RaftServerImpl.java:logAppendEntries(1429)) - s0@group-A82F1EDBF13F: succeeded to handle AppendEntries. Reply: s11<-s0#8368:OK-t1,SUCCESS,nextIndex=213,followerCommit=211,matchIndex=212
2023-03-07 04:41:26,615 DEBUG server.RaftServer$Division (RaftServerImpl.java:logAppendEntries(1429)) - s13@group-A82F1EDBF13F: succeeded to handle AppendEntries. Reply: s11<-s13#8370:OK-t1,SUCCESS,nextIndex=213,followerCommit=211,matchIndex=212
2023-03-07 04:41:26,615 DEBUG server.RaftServer$Division (RaftServerImpl.java:logAppendEntries(1429)) - s1@group-A82F1EDBF13F: succeeded to handle AppendEntries. Reply: s11<-s1#8372:OK-t1,SUCCESS,nextIndex=213,followerCommit=211,matchIndex=212
2023-03-07 04:41:26,614 DEBUG server.RaftServer$Division (RaftServerImpl.java:submitClientRequestAsync(832)) - s11@group-A82F1EDBF13F: receive client request(RaftClientRequest:client-8BEEC01311DE->s11@group-A82F1EDBF13F, cid=8371, seq=0, RW, Message:01016304010300040201...(size=17))
2023-03-07 04:41:26,614 DEBUG server.RaftServer$Division (RaftServerImpl.java:logAppendEntries(1429)) - s4@group-A82F1EDBF13F: receive appendEntries(s11, 1, (t:1, i:211), 211, true, commits:[s11:c211, s13:c209, s12:c208, s3:c209, s4:c209, s5:c209, s10:c208, s6:c209, s7:c209, s8:c209, s9:c207, s14:c209, s0:c209, s1:c207, s2:c207], cId:8365, entries: [(t:1, i:212), METADATAENTRY(c:211)]
2023-03-07 04:41:26,615 DEBUG server.RaftServer$Division (RaftServerImpl.java:logAppendEntries(1429)) - s4@group-A82F1EDBF13F: succeeded to handle AppendEntries. Reply: s11<-s4#8365:OK-t1,SUCCESS,nextIndex=213,followerCommit=211,matchIndex=212
2023-03-07 04:41:26,616 DEBUG server.RaftServer$Division (RaftServerImpl.java:logAppendEntries(1429)) - s14@group-A82F1EDBF13F: receive appendEntries(s11, 1, (t:1, i:212), 211, true, commits:[s11:c211, s13:c211, s12:c208, s3:c211, s4:c209, s5:c211, s10:c208, s6:c211, s7:c210, s8:c211, s9:c207, s14:c211, s0:c211, s1:c211, s2:c207], cId:8377, entries: [(t:1, i:213), STATEMACHINELOGENTRY, 8371@client-8BEEC01311DE]
2023-03-07 04:41:26,616 DEBUG server.RaftServer$Division (RaftServerImpl.java:logAppendEntries(1429)) - s5@group-A82F1EDBF13F: receive appendEntries(s11, 1, (t:1, i:212), 211, true, commits:[s11:c211, s13:c211, s12:c208, s3:c211, s4:c209, s5:c211, s10:c208, s6:c211, s7:c210, s8:c211, s9:c207, s14:c211, s0:c211, s1:c211, s2:c207], cId:8378, entries: [(t:1, i:213), STATEMACHINELOGENTRY, 8371@client-8BEEC01311DE]
2023-03-07 04:41:26,616 DEBUG server.RaftServer$Division (RaftServerImpl.java:logAppendEntries(1429)) - s3@group-A82F1EDBF13F: receive appendEntries(s11, 1, (t:1, i:212), 211, true, commits:[s11:c211, s13:c211, s12:c208, s3:c211, s4:c209, s5:c211, s10:c208, s6:c211, s7:c210, s8:c211, s9:c207, s14:c211, s0:c211, s1:c211, s2:c207], cId:8375, entries: [(t:1, i:213), STATEMACHINELOGENTRY, 8371@client-8BEEC01311DE]
2023-03-07 04:41:26,616 DEBUG server.RaftServer$Division (RaftServerImpl.java:logAppendEntries(1429)) - s8@group-A82F1EDBF13F: receive appendEntries(s11, 1, (t:1, i:212), 211, true, commits:[s11:c211, s13:c211, s12:c208, s3:c211, s4:c209, s5:c211, s10:c208, s6:c211, s7:c210, s8:c211, s9:c207, s14:c211, s0:c211, s1:c211, s2:c207], cId:8380, entries: [(t:1, i:213), STATEMACHINELOGENTRY, 8371@client-8BEEC01311DE]
2023-03-07 04:41:26,616 DEBUG server.RaftServer$Division (RaftServerImpl.java:logAppendEntries(1429)) - s0@group-A82F1EDBF13F: receive appendEntries(s11, 1, (t:1, i:212), 211, true, commits:[s11:c211, s13:c211, s12:c208, s3:c211, s4:c209, s5:c211, s10:c208, s6:c211, s7:c210, s8:c211, s9:c207, s14:c211, s0:c211, s1:c211, s2:c207], cId:8379, entries: [(t:1, i:213), STATEMACHINELOGENTRY, 8371@client-8BEEC01311DE]
2023-03-07 04:41:26,616 DEBUG server.RaftServer$Division (RaftServerImpl.java:logAppendEntries(1429)) - s13@group-A82F1EDBF13F: receive appendEntries(s11, 1, (t:1, i:212), 211, true, commits:[s11:c211, s13:c211, s12:c208, s3:c211, s4:c209, s5:c211, s10:c208, s6:c211, s7:c210, s8:c211, s9:c207, s14:c211, s0:c211, s1:c211, s2:c207], cId:8381, entries: [(t:1, i:213), STATEMACHINELOGENTRY, 8371@client-8BEEC01311DE]
2023-03-07 04:41:26,617 DEBUG server.RaftServer$Division (RaftServerImpl.java:logAppendEntries(1429)) - s4@group-A82F1EDBF13F: receive appendEntries(s11, 1, (t:1, i:212), 211, true, commits:[s11:c211, s13:c211, s12:c208, s3:c211, s4:c211, s5:c211, s10:c208, s6:c211, s7:c210, s8:c211, s9:c207, s14:c211, s0:c211, s1:c211, s2:c207], cId:8382, entries: [(t:1, i:213), STATEMACHINELOGENTRY, 8371@client-8BEEC01311DE]
2023-03-07 04:41:26,617 DEBUG server.RaftServer$Division (RaftServerImpl.java:logAppendEntries(1429)) - s3@group-A82F1EDBF13F: succeeded to handle AppendEntries. Reply: s11<-s3#8375:OK-t1,SUCCESS,nextIndex=214,followerCommit=211,matchIndex=213
2023-03-07 04:41:26,617 DEBUG server.RaftServer$Division (RaftServerImpl.java:logAppendEntries(1429)) - s8@group-A82F1EDBF13F: succeeded to handle AppendEntries. Reply: s11<-s8#8380:OK-t1,SUCCESS,nextIndex=214,followerCommit=211,matchIndex=213
2023-03-07 04:41:26,617 DEBUG server.RaftServer$Division (RaftServerImpl.java:logAppendEntries(1429)) - s5@group-A82F1EDBF13F: succeeded to handle AppendEntries. Reply: s11<-s5#8378:OK-t1,SUCCESS,nextIndex=214,followerCommit=211,matchIndex=213
2023-03-07 04:41:26,617 DEBUG server.RaftServer$Division (RaftServerImpl.java:logAppendEntries(1429)) - s4@group-A82F1EDBF13F: succeeded to handle AppendEntries. Reply: s11<-s4#8382:OK-t1,SUCCESS,nextIndex=214,followerCommit=211,matchIndex=213
2023-03-07 04:41:26,617 DEBUG server.RaftServer$Division (RaftServerImpl.java:logAppendEntries(1429)) - s0@group-A82F1EDBF13F: succeeded to handle AppendEntries. Reply: s11<-s0#8379:OK-t1,SUCCESS,nextIndex=214,followerCommit=211,matchIndex=213
2023-03-07 04:41:26,617 DEBUG server.RaftServer$Division (RaftServerImpl.java:logAppendEntries(1429)) - s7@group-A82F1EDBF13F: receive appendEntries(s11, 1, (t:1, i:211), 211, true, commits:[s11:c211, s13:c211, s12:c208, s3:c211, s4:c209, s5:c211, s10:c208, s6:c211, s7:c210, s8:c211, s9:c207, s14:c211, s0:c211, s1:c211, s2:c207], cId:8374, entries: [(t:1, i:212), METADATAENTRY(c:211), (t:1, i:213), STATEMACHINELOGENTRY, 8371@client-8BEEC01311DE]
2023-03-07 04:41:26,617 DEBUG server.RaftServer$Division (RaftServerImpl.java:logAppendEntries(1429)) - s1@group-A82F1EDBF13F: receive appendEntries(s11, 1, (t:1, i:212), 211, true, commits:[s11:c211, s13:c211, s12:c208, s3:c211, s4:c209, s5:c211, s10:c208, s6:c211, s7:c209, s8:c211, s9:c207, s14:c211, s0:c211, s1:c211, s2:c207], cId:8373, entries: [(t:1, i:213), STATEMACHINELOGENTRY, 8371@client-8BEEC01311DE]
2023-03-07 04:41:26,615 DEBUG server.RaftServer$Division (LeaderStateImpl.java:addPendingRequest(474)) - s11@group-A82F1EDBF13F-LeaderStateImpl: addPendingRequest at RaftClientRequest:client-8BEEC01311DE->s11@group-A82F1EDBF13F, cid=8371, seq=0, RW, Message:01016304010300040201...(size=17), entry=(t:1, i:213), STATEMACHINELOGENTRY, 8371@client-8BEEC01311DE
2023-03-07 04:41:26,617 DEBUG server.RaftServer$Division (RaftServerImpl.java:logAppendEntries(1429)) - s13@group-A82F1EDBF13F: succeeded to handle AppendEntries. Reply: s11<-s13#8381:OK-t1,SUCCESS,nextIndex=214,followerCommit=211,matchIndex=213
2023-03-07 04:41:26,618 DEBUG server.RaftServer$Division (RaftServerImpl.java:logAppendEntries(1429)) - s1@group-A82F1EDBF13F: succeeded to handle AppendEntries. Reply: s11<-s1#8373:OK-t1,SUCCESS,nextIndex=214,followerCommit=211,matchIndex=213
2023-03-07 04:41:26,616 DEBUG server.RaftServer$Division (RaftServerImpl.java:logAppendEntries(1429)) - s14@group-A82F1EDBF13F: succeeded to handle AppendEntries. Reply: s11<-s14#8377:OK-t1,SUCCESS,nextIndex=214,followerCommit=211,matchIndex=213
2023-03-07 04:41:26,616 DEBUG server.RaftServer$Division (RaftServerImpl.java:logAppendEntries(1429)) - s6@group-A82F1EDBF13F: receive appendEntries(s11, 1, (t:1, i:212), 211, true, commits:[s11:c211, s13:c211, s12:c208, s3:c211, s4:c209, s5:c211, s10:c208, s6:c211, s7:c210, s8:c211, s9:c207, s14:c211, s0:c211, s1:c211, s2:c207], cId:8376, entries: [(t:1, i:213), STATEMACHINELOGENTRY, 8371@client-8BEEC01311DE]
2023-03-07 04:41:26,618 DEBUG server.RaftServer$Division (RaftServerImpl.java:logAppendEntries(1429)) - s7@group-A82F1EDBF13F: succeeded to handle AppendEntries. Reply: s11<-s7#8374:OK-t1,SUCCESS,nextIndex=214,followerCommit=211,matchIndex=213
2023-03-07 04:41:26,618 INFO  statemachine.StateMachine (ArithmeticStateMachine.java:applyTransaction(182)) - LEADER:s11-213: c = √(a^2 + b^2) = 6845
2023-03-07 04:41:26,618 DEBUG server.RaftServer$Division (RaftServerImpl.java:logAppendEntries(1429)) - s6@group-A82F1EDBF13F: succeeded to handle AppendEntries. Reply: s11<-s6#8376:OK-t1,SUCCESS,nextIndex=214,followerCommit=211,matchIndex=213
2023-03-07 04:41:26,618 DEBUG server.RaftServer$Division (RaftServerImpl.java:logAppendEntries(1429)) - s7@group-A82F1EDBF13F: receive appendEntries(s11, 1, (t:1, i:213), 213, true, commits:[s11:c213, s13:c211, s12:c208, s3:c211, s4:c211, s5:c211, s10:c208, s6:c211, s7:c211, s8:c211, s9:c207, s14:c211, s0:c211, s1:c211, s2:c207], cId:8383, entries: [(t:1, i:214), METADATAENTRY(c:213)]
2023-03-07 04:41:26,619 DEBUG server.RaftServer$Division (RaftServerImpl.java:logAppendEntries(1429)) - s0@group-A82F1EDBF13F: receive appendEntries(s11, 1, (t:1, i:213), 213, true, commits:[s11:c213, s13:c211, s12:c208, s3:c211, s4:c211, s5:c211, s10:c208, s6:c211, s7:c211, s8:c211, s9:c207, s14:c211, s0:c211, s1:c211, s2:c207], cId:8389, entries: [(t:1, i:214), METADATAENTRY(c:213)]
2023-03-07 04:41:26,619 DEBUG server.RaftServer$Division (RaftServerImpl.java:logAppendEntries(1429)) - s14@group-A82F1EDBF13F: receive appendEntries(s11, 1, (t:1, i:213), 213, true, commits:[s11:c213, s13:c211, s12:c208, s3:c211, s4:c211, s5:c211, s10:c208, s6:c211, s7:c211, s8:c211, s9:c207, s14:c211, s0:c211, s1:c211, s2:c207], cId:8388, entries: [(t:1, i:214), METADATAENTRY(c:213)]
2023-03-07 04:41:26,619 DEBUG server.RaftServer$Division (RaftServerImpl.java:logAppendEntries(1429)) - s7@group-A82F1EDBF13F: succeeded to handle AppendEntries. Reply: s11<-s7#8383:OK-t1,SUCCESS,nextIndex=215,followerCommit=213,matchIndex=214
2023-03-07 04:41:26,619 DEBUG server.RaftServer$Division (RaftServerImpl.java:logAppendEntries(1429)) - s4@group-A82F1EDBF13F: receive appendEntries(s11, 1, (t:1, i:213), 213, true, commits:[s11:c213, s13:c211, s12:c208, s3:c211, s4:c211, s5:c211, s10:c208, s6:c211, s7:c211, s8:c211, s9:c207, s14:c211, s0:c211, s1:c211, s2:c207], cId:8385, entries: [(t:1, i:214), METADATAENTRY(c:213)]
2023-03-07 04:41:26,619 DEBUG server.RaftServer$Division (RaftServerImpl.java:logAppendEntries(1429)) - s14@group-A82F1EDBF13F: succeeded to handle AppendEntries. Reply: s11<-s14#8388:OK-t1,SUCCESS,nextIndex=215,followerCommit=213,matchIndex=214
2023-03-07 04:41:26,619 DEBUG server.RaftServer$Division (RaftServerImpl.java:logAppendEntries(1429)) - s6@group-A82F1EDBF13F: receive appendEntries(s11, 1, (t:1, i:213), 213, true, commits:[s11:c213, s13:c211, s12:c208, s3:c211, s4:c211, s5:c211, s10:c208, s6:c211, s7:c211, s8:c211, s9:c207, s14:c211, s0:c211, s1:c211, s2:c207], cId:8392, entries: [(t:1, i:214), METADATAENTRY(c:213)]
2023-03-07 04:41:26,619 DEBUG server.RaftServer$Division (RaftServerImpl.java:logAppendEntries(1429)) - s0@group-A82F1EDBF13F: succeeded to handle AppendEntries. Reply: s11<-s0#8389:OK-t1,SUCCESS,nextIndex=215,followerCommit=213,matchIndex=214
2023-03-07 04:41:26,619 DEBUG server.RaftServer$Division (RaftServerImpl.java:logAppendEntries(1429)) - s3@group-A82F1EDBF13F: receive appendEntries(s11, 1, (t:1, i:213), 213, true, commits:[s11:c213, s13:c211, s12:c208, s3:c211, s4:c211, s5:c211, s10:c208, s6:c211, s7:c211, s8:c211, s9:c207, s14:c211, s0:c211, s1:c211, s2:c207], cId:8384, entries: [(t:1, i:214), METADATAENTRY(c:213)]
2023-03-07 04:41:26,619 DEBUG server.RaftServer$Division (RaftServerImpl.java:logAppendEntries(1429)) - s12@group-A82F1EDBF13F: receive appendEntries(s11, 1, (t:1, i:209), 209, true, commits:[s11:c209, s13:c205, s12:c208, s3:c207, s4:c207, s5:c207, s10:c205, s6:c207, s7:c207, s8:c207, s9:c205, s14:c207, s0:c208, s1:c207, s2:c207], cId:8348, entries: [(t:1, i:210), METADATAENTRY(c:209)]
2023-03-07 04:41:26,620 DEBUG server.RaftServer$Division (RaftServerImpl.java:logAppendEntries(1429)) - s5@group-A82F1EDBF13F: receive appendEntries(s11, 1, (t:1, i:213), 213, true, commits:[s11:c213, s13:c211, s12:c208, s3:c211, s4:c211, s5:c211, s10:c208, s6:c211, s7:c211, s8:c211, s9:c207, s14:c211, s0:c211, s1:c211, s2:c207], cId:8386, entries: [(t:1, i:214), METADATAENTRY(c:213)]
2023-03-07 04:41:26,620 DEBUG server.RaftServer$Division (RaftServerImpl.java:logAppendEntries(1429)) - s12@group-A82F1EDBF13F: succeeded to handle AppendEntries. Reply: s11<-s12#8348:OK-t1,SUCCESS,nextIndex=211,followerCommit=209,matchIndex=210
2023-03-07 04:41:26,620 DEBUG server.RaftServer$Division (RaftServerImpl.java:logAppendEntries(1429)) - s4@group-A82F1EDBF13F: succeeded to handle AppendEntries. Reply: s11<-s4#8385:OK-t1,SUCCESS,nextIndex=215,followerCommit=213,matchIndex=214
2023-03-07 04:41:26,620 DEBUG server.RaftServer$Division (RaftServerImpl.java:logAppendEntries(1429)) - s6@group-A82F1EDBF13F: succeeded to handle AppendEntries. Reply: s11<-s6#8392:OK-t1,SUCCESS,nextIndex=215,followerCommit=213,matchIndex=214
2023-03-07 04:41:26,620 DEBUG server.RaftServer$Division (RaftServerImpl.java:logAppendEntries(1429)) - s8@group-A82F1EDBF13F: receive appendEntries(s11, 1, (t:1, i:213), 213, true, commits:[s11:c213, s13:c211, s12:c208, s3:c211, s4:c211, s5:c211, s10:c208, s6:c211, s7:c211, s8:c211, s9:c207, s14:c211, s0:c211, s1:c211, s2:c207], cId:8387, entries: [(t:1, i:214), METADATAENTRY(c:213)]
2023-03-07 04:41:26,620 DEBUG server.RaftServer$Division (RaftServerImpl.java:logAppendEntries(1429)) - s5@group-A82F1EDBF13F: succeeded to handle AppendEntries. Reply: s11<-s5#8386:OK-t1,SUCCESS,nextIndex=215,followerCommit=213,matchIndex=214
2023-03-07 04:41:26,620 DEBUG server.RaftServer$Division (RaftServerImpl.java:logAppendEntries(1429)) - s1@group-A82F1EDBF13F: receive appendEntries(s11, 1, (t:1, i:213), 213, true, commits:[s11:c213, s13:c211, s12:c208, s3:c211, s4:c211, s5:c211, s10:c208, s6:c211, s7:c211, s8:c211, s9:c207, s14:c211, s0:c211, s1:c211, s2:c207], cId:8390, entries: [(t:1, i:214), METADATAENTRY(c:213)]
2023-03-07 04:41:26,621 DEBUG server.RaftServer$Division (RaftServerImpl.java:logAppendEntries(1429)) - s1@group-A82F1EDBF13F: succeeded to handle AppendEntries. Reply: s11<-s1#8390:OK-t1,SUCCESS,nextIndex=215,followerCommit=213,matchIndex=214
2023-03-07 04:41:26,621 DEBUG server.RaftServer$Division (RaftServerImpl.java:logAppendEntries(1429)) - s8@group-A82F1EDBF13F: succeeded to handle AppendEntries. Reply: s11<-s8#8387:OK-t1,SUCCESS,nextIndex=215,followerCommit=213,matchIndex=214
2023-03-07 04:41:26,621 DEBUG server.RaftServer$Division (RaftServerImpl.java:logAppendEntries(1429)) - s9@group-A82F1EDBF13F: receive appendEntries(s11, 1, (t:1, i:208), 210, true, commits:[s11:c210, s13:c209, s12:c208, s3:c209, s4:c209, s5:c209, s10:c205, s6:c209, s7:c207, s8:c209, s9:c207, s14:c209, s0:c209, s1:c207, s2:c207], cId:8360, entries: [(t:1, i:209), STATEMACHINELOGENTRY, 8325@client-8BEEC01311DE, (t:1, i:210), METADATAENTRY(c:209), (t:1, i:211), STATEMACHINELOGENTRY, 8350@client-8BEEC01311DE]
2023-03-07 04:41:26,622 DEBUG server.RaftServer$Division (RaftServerImpl.java:logAppendEntries(1429)) - s10@group-A82F1EDBF13F: receive appendEntries(s11, 1, (t:1, i:209), 210, true, commits:[s11:c210, s13:c209, s12:c208, s3:c209, s4:c209, s5:c209, s10:c208, s6:c209, s7:c207, s8:c209, s9:c207, s14:c209, s0:c209, s1:c207, s2:c207], cId:8361, entries: [(t:1, i:210), METADATAENTRY(c:209), (t:1, i:211), STATEMACHINELOGENTRY, 8350@client-8BEEC01311DE]
2023-03-07 04:41:26,622 DEBUG server.RaftServer$Division (RaftServerImpl.java:logAppendEntries(1429)) - s2@group-A82F1EDBF13F: receive appendEntries(s11, 1, (t:1, i:209), 214, true, commits:[s11:c214, s13:c211, s12:c208, s3:c211, s4:c213, s5:c213, s10:c208, s6:c213, s7:c211, s8:c213, s9:c207, s14:c213, s0:c213, s1:c213, s2:c208], cId:8393, entries: [(t:1, i:210), METADATAENTRY(c:209), (t:1, i:211), STATEMACHINELOGENTRY, 8350@client-8BEEC01311DE, (t:1, i:212), METADATAENTRY(c:211), (t:1, i:213), STATEMACHINELOGENTRY, 8371@client-8BEEC01311DE, (t:1, i:214), METADATAENTRY(c:213)]
2023-03-07 04:41:26,620 DEBUG server.RaftServer$Division (RaftServerImpl.java:logAppendEntries(1429)) - s13@group-A82F1EDBF13F: receive appendEntries(s11, 1, (t:1, i:213), 213, true, commits:[s11:c213, s13:c211, s12:c208, s3:c211, s4:c211, s5:c211, s10:c208, s6:c211, s7:c211, s8:c211, s9:c207, s14:c211, s0:c211, s1:c211, s2:c207], cId:8391, entries: [(t:1, i:214), METADATAENTRY(c:213)]
2023-03-07 04:41:26,622 DEBUG server.RaftServer$Division (RaftServerImpl.java:logAppendEntries(1429)) - s9@group-A82F1EDBF13F: succeeded to handle AppendEntries. Reply: s11<-s9#8360:OK-t1,SUCCESS,nextIndex=212,followerCommit=210,matchIndex=211
2023-03-07 04:41:26,622 DEBUG server.RaftServer$Division (RaftServerImpl.java:logAppendEntries(1429)) - s10@group-A82F1EDBF13F: succeeded to handle AppendEntries. Reply: s11<-s10#8361:OK-t1,SUCCESS,nextIndex=212,followerCommit=210,matchIndex=211
2023-03-07 04:41:26,622 DEBUG server.RaftServer$Division (RaftServerImpl.java:logAppendEntries(1429)) - s2@group-A82F1EDBF13F: succeeded to handle AppendEntries. Reply: s11<-s2#8393:OK-t1,SUCCESS,nextIndex=215,followerCommit=214,matchIndex=214
2023-03-07 04:41:26,623 DEBUG server.RaftServer$Division (RaftServerImpl.java:logAppendEntries(1429)) - s3@group-A82F1EDBF13F: succeeded to handle AppendEntries. Reply: s11<-s3#8384:OK-t1,SUCCESS,nextIndex=215,followerCommit=213,matchIndex=214
2023-03-07 04:41:26,623 DEBUG server.RaftServer$Division (RaftServerImpl.java:logAppendEntries(1429)) - s13@group-A82F1EDBF13F: succeeded to handle AppendEntries. Reply: s11<-s13#8391:OK-t1,SUCCESS,nextIndex=215,followerCommit=213,matchIndex=214
2023-03-07 04:41:26,623 DEBUG server.RaftServer$Division (RaftServerImpl.java:submitClientRequestAsync(832)) - s11@group-A82F1EDBF13F: receive client request(RaftClientRequest:client-8BEEC01311DE->s11@group-A82F1EDBF13F, cid=8395, seq=0, RW, Message:01016100)
2023-03-07 04:41:26,623 DEBUG server.RaftServer$Division (LeaderStateImpl.java:addPendingRequest(474)) - s11@group-A82F1EDBF13F-LeaderStateImpl: addPendingRequest at RaftClientRequest:client-8BEEC01311DE->s11@group-A82F1EDBF13F, cid=8395, seq=0, RW, Message:01016100, entry=(t:1, i:215), STATEMACHINELOGENTRY, 8395@client-8BEEC01311DE
2023-03-07 04:41:26,623 DEBUG server.RaftServer$Division (RaftServerImpl.java:logAppendEntries(1429)) - s12@group-A82F1EDBF13F: receive appendEntries(s11, 1, (t:1, i:210), 214, true, commits:[s11:c214, s13:c211, s12:c209, s3:c211, s4:c213, s5:c213, s10:c208, s6:c213, s7:c211, s8:c213, s9:c207, s14:c213, s0:c213, s1:c213, s2:c208], cId:8394, entries: [(t:1, i:211), STATEMACHINELOGENTRY, 8350@client-8BEEC01311DE, (t:1, i:212), METADATAENTRY(c:211), (t:1, i:213), STATEMACHINELOGENTRY, 8371@client-8BEEC01311DE, (t:1, i:214), METADATAENTRY(c:213)]
2023-03-07 04:41:26,624 DEBUG server.RaftServer$Division (RaftServerImpl.java:logAppendEntries(1429)) - s4@group-A82F1EDBF13F: receive appendEntries(s11, 1, (t:1, i:214), 214, true, commits:[s11:c214, s13:c213, s12:c209, s3:c213, s4:c213, s5:c213, s10:c208, s6:c213, s7:c213, s8:c213, s9:c207, s14:c213, s0:c213, s1:c213, s2:c208], cId:8403, entries: [(t:1, i:215), STATEMACHINELOGENTRY, 8395@client-8BEEC01311DE]
2023-03-07 04:41:26,624 DEBUG server.RaftServer$Division (RaftServerImpl.java:logAppendEntries(1429)) - s0@group-A82F1EDBF13F: receive appendEntries(s11, 1, (t:1, i:214), 214, true, commits:[s11:c214, s13:c213, s12:c209, s3:c213, s4:c213, s5:c213, s10:c208, s6:c213, s7:c213, s8:c213, s9:c207, s14:c213, s0:c213, s1:c213, s2:c208], cId:8401, entries: [(t:1, i:215), STATEMACHINELOGENTRY, 8395@client-8BEEC01311DE]
2023-03-07 04:41:26,624 DEBUG server.RaftServer$Division (RaftServerImpl.java:logAppendEntries(1429)) - s12@group-A82F1EDBF13F: succeeded to handle AppendEntries. Reply: s11<-s12#8394:OK-t1,SUCCESS,nextIndex=215,followerCommit=214,matchIndex=214
2023-03-07 04:41:26,624 DEBUG server.RaftServer$Division (RaftServerImpl.java:logAppendEntries(1429)) - s6@group-A82F1EDBF13F: receive appendEntries(s11, 1, (t:1, i:214), 214, true, commits:[s11:c214, s13:c213, s12:c209, s3:c213, s4:c213, s5:c213, s10:c208, s6:c213, s7:c213, s8:c213, s9:c207, s14:c213, s0:c213, s1:c213, s2:c208], cId:8398, entries: [(t:1, i:215), STATEMACHINELOGENTRY, 8395@client-8BEEC01311DE]
2023-03-07 04:41:26,624 DEBUG server.RaftServer$Division (RaftServerImpl.java:logAppendEntries(1429)) - s14@group-A82F1EDBF13F: receive appendEntries(s11, 1, (t:1, i:214), 214, true, commits:[s11:c214, s13:c213, s12:c209, s3:c213, s4:c213, s5:c213, s10:c208, s6:c213, s7:c213, s8:c213, s9:c207, s14:c213, s0:c213, s1:c213, s2:c208], cId:8396, entries: [(t:1, i:215), STATEMACHINELOGENTRY, 8395@client-8BEEC01311DE]
2023-03-07 04:41:26,624 DEBUG server.RaftServer$Division (RaftServerImpl.java:logAppendEntries(1429)) - s8@group-A82F1EDBF13F: receive appendEntries(s11, 1, (t:1, i:214), 214, true, commits:[s11:c214, s13:c213, s12:c209, s3:c213, s4:c213, s5:c213, s10:c208, s6:c213, s7:c213, s8:c213, s9:c207, s14:c213, s0:c213, s1:c213, s2:c208], cId:8399, entries: [(t:1, i:215), STATEMACHINELOGENTRY, 8395@client-8BEEC01311DE]
2023-03-07 04:41:26,625 DEBUG server.RaftServer$Division (RaftServerImpl.java:logAppendEntries(1429)) - s4@group-A82F1EDBF13F: succeeded to handle AppendEntries. Reply: s11<-s4#8403:OK-t1,SUCCESS,nextIndex=216,followerCommit=214,matchIndex=215
2023-03-07 04:41:26,625 DEBUG server.RaftServer$Division (RaftServerImpl.java:logAppendEntries(1429)) - s0@group-A82F1EDBF13F: succeeded to handle AppendEntries. Reply: s11<-s0#8401:OK-t1,SUCCESS,nextIndex=216,followerCommit=214,matchIndex=215
2023-03-07 04:41:26,625 DEBUG server.RaftServer$Division (RaftServerImpl.java:logAppendEntries(1429)) - s1@group-A82F1EDBF13F: receive appendEntries(s11, 1, (t:1, i:214), 214, true, commits:[s11:c214, s13:c213, s12:c209, s3:c213, s4:c213, s5:c213, s10:c208, s6:c213, s7:c213, s8:c213, s9:c207, s14:c213, s0:c213, s1:c213, s2:c208], cId:8402, entries: [(t:1, i:215), STATEMACHINELOGENTRY, 8395@client-8BEEC01311DE]
2023-03-07 04:41:26,625 DEBUG server.RaftServer$Division (RaftServerImpl.java:logAppendEntries(1429)) - s5@group-A82F1EDBF13F: receive appendEntries(s11, 1, (t:1, i:214), 214, true, commits:[s11:c214, s13:c213, s12:c209, s3:c213, s4:c213, s5:c213, s10:c208, s6:c213, s7:c213, s8:c213, s9:c207, s14:c213, s0:c213, s1:c213, s2:c208], cId:8397, entries: [(t:1, i:215), STATEMACHINELOGENTRY, 8395@client-8BEEC01311DE]
2023-03-07 04:41:26,625 DEBUG server.RaftServer$Division (RaftServerImpl.java:logAppendEntries(1429)) - s14@group-A82F1EDBF13F: succeeded to handle AppendEntries. Reply: s11<-s14#8396:OK-t1,SUCCESS,nextIndex=216,followerCommit=214,matchIndex=215
2023-03-07 04:41:26,625 DEBUG server.RaftServer$Division (RaftServerImpl.java:logAppendEntries(1429)) - s6@group-A82F1EDBF13F: succeeded to handle AppendEntries. Reply: s11<-s6#8398:OK-t1,SUCCESS,nextIndex=216,followerCommit=214,matchIndex=215
2023-03-07 04:41:26,625 DEBUG server.RaftServer$Division (RaftServerImpl.java:logAppendEntries(1429)) - s8@group-A82F1EDBF13F: succeeded to handle AppendEntries. Reply: s11<-s8#8399:OK-t1,SUCCESS,nextIndex=216,followerCommit=214,matchIndex=215
2023-03-07 04:41:26,625 DEBUG server.RaftServer$Division (RaftServerImpl.java:logAppendEntries(1429)) - s5@group-A82F1EDBF13F: succeeded to handle AppendEntries. Reply: s11<-s5#8397:OK-t1,SUCCESS,nextIndex=216,followerCommit=214,matchIndex=215
2023-03-07 04:41:26,625 DEBUG server.RaftServer$Division (RaftServerImpl.java:logAppendEntries(1429)) - s7@group-A82F1EDBF13F: receive appendEntries(s11, 1, (t:1, i:214), 214, true, commits:[s11:c214, s13:c213, s12:c209, s3:c213, s4:c213, s5:c213, s10:c208, s6:c213, s7:c213, s8:c213, s9:c207, s14:c213, s0:c213, s1:c213, s2:c208], cId:8400, entries: [(t:1, i:215), STATEMACHINELOGENTRY, 8395@client-8BEEC01311DE]
2023-03-07 04:41:26,626 DEBUG server.RaftServer$Division (RaftServerImpl.java:logAppendEntries(1429)) - s7@group-A82F1EDBF13F: succeeded to handle AppendEntries. Reply: s11<-s7#8400:OK-t1,SUCCESS,nextIndex=216,followerCommit=214,matchIndex=215
2023-03-07 04:41:26,626 DEBUG server.RaftServer$Division (RaftServerImpl.java:logAppendEntries(1429)) - s2@group-A82F1EDBF13F: receive appendEntries(s11, 1, (t:1, i:214), 214, true, commits:[s11:c214, s13:c213, s12:c209, s3:c213, s4:c213, s5:c213, s10:c210, s6:c213, s7:c213, s8:c213, s9:c210, s14:c214, s0:c214, s1:c213, s2:c214], cId:8408, entries: [(t:1, i:215), STATEMACHINELOGENTRY, 8395@client-8BEEC01311DE]
2023-03-07 04:41:26,626 DEBUG server.RaftServer$Division (RaftServerImpl.java:logAppendEntries(1429)) - s10@group-A82F1EDBF13F: receive appendEntries(s11, 1, (t:1, i:211), 214, true, commits:[s11:c214, s13:c213, s12:c209, s3:c213, s4:c213, s5:c213, s10:c210, s6:c213, s7:c213, s8:c213, s9:c210, s14:c214, s0:c214, s1:c213, s2:c208], cId:8407, entries: [(t:1, i:212), METADATAENTRY(c:211), (t:1, i:213), STATEMACHINELOGENTRY, 8371@client-8BEEC01311DE, (t:1, i:214), METADATAENTRY(c:213), (t:1, i:215), STATEMACHINELOGENTRY, 8395@client-8BEEC01311DE]
2023-03-07 04:41:26,627 DEBUG server.RaftServer$Division (RaftServerImpl.java:logAppendEntries(1429)) - s12@group-A82F1EDBF13F: receive appendEntries(s11, 1, (t:1, i:214), 214, true, commits:[s11:c214, s13:c213, s12:c214, s3:c213, s4:c213, s5:c213, s10:c210, s6:c213, s7:c213, s8:c213, s9:c210, s14:c214, s0:c214, s1:c213, s2:c214], cId:8409, entries: [(t:1, i:215), STATEMACHINELOGENTRY, 8395@client-8BEEC01311DE]
2023-03-07 04:41:26,625 DEBUG server.RaftServer$Division (RaftServerImpl.java:logAppendEntries(1429)) - s3@group-A82F1EDBF13F: receive appendEntries(s11, 1, (t:1, i:214), 214, true, commits:[s11:c214, s13:c213, s12:c209, s3:c213, s4:c213, s5:c213, s10:c208, s6:c213, s7:c213, s8:c213, s9:c207, s14:c213, s0:c213, s1:c213, s2:c208], cId:8404, entries: [(t:1, i:215), STATEMACHINELOGENTRY, 8395@client-8BEEC01311DE]
2023-03-07 04:41:26,627 DEBUG server.RaftServer$Division (RaftServerImpl.java:logAppendEntries(1429)) - s2@group-A82F1EDBF13F: succeeded to handle AppendEntries. Reply: s11<-s2#8408:OK-t1,SUCCESS,nextIndex=216,followerCommit=214,matchIndex=215
2023-03-07 04:41:26,626 DEBUG server.RaftServer$Division (RaftServerImpl.java:logAppendEntries(1429)) - s9@group-A82F1EDBF13F: receive appendEntries(s11, 1, (t:1, i:211), 214, true, commits:[s11:c214, s13:c213, s12:c209, s3:c213, s4:c213, s5:c213, s10:c208, s6:c213, s7:c213, s8:c213, s9:c210, s14:c214, s0:c214, s1:c213, s2:c208], cId:8406, entries: [(t:1, i:212), METADATAENTRY(c:211), (t:1, i:213), STATEMACHINELOGENTRY, 8371@client-8BEEC01311DE, (t:1, i:214), METADATAENTRY(c:213), (t:1, i:215), STATEMACHINELOGENTRY, 8395@client-8BEEC01311DE]
2023-03-07 04:41:26,627 DEBUG server.RaftServer$Division (RaftServerImpl.java:logAppendEntries(1429)) - s10@group-A82F1EDBF13F: succeeded to handle AppendEntries. Reply: s11<-s10#8407:OK-t1,SUCCESS,nextIndex=216,followerCommit=214,matchIndex=215
2023-03-07 04:41:26,627 DEBUG server.RaftServer$Division (RaftServerImpl.java:logAppendEntries(1429)) - s9@group-A82F1EDBF13F: succeeded to handle AppendEntries. Reply: s11<-s9#8406:OK-t1,SUCCESS,nextIndex=216,followerCommit=214,matchIndex=215
2023-03-07 04:41:26,627 DEBUG server.RaftServer$Division (RaftServerImpl.java:logAppendEntries(1429)) - s12@group-A82F1EDBF13F: succeeded to handle AppendEntries. Reply: s11<-s12#8409:OK-t1,SUCCESS,nextIndex=216,followerCommit=214,matchIndex=215
2023-03-07 04:41:26,625 DEBUG server.RaftServer$Division (RaftServerImpl.java:logAppendEntries(1429)) - s1@group-A82F1EDBF13F: succeeded to handle AppendEntries. Reply: s11<-s1#8402:OK-t1,SUCCESS,nextIndex=216,followerCommit=214,matchIndex=215
2023-03-07 04:41:26,627 DEBUG server.RaftServer$Division (RaftServerImpl.java:logAppendEntries(1429)) - s3@group-A82F1EDBF13F: succeeded to handle AppendEntries. Reply: s11<-s3#8404:OK-t1,SUCCESS,nextIndex=216,followerCommit=214,matchIndex=215
2023-03-07 04:41:26,628 INFO  statemachine.StateMachine (ArithmeticStateMachine.java:applyTransaction(182)) - LEADER:s11-215: a = null = null
2023-03-07 04:41:26,628 DEBUG server.RaftServer$Division (RaftServerImpl.java:logAppendEntries(1429)) - s6@group-A82F1EDBF13F: receive appendEntries(s11, 1, (t:1, i:215), 215, true, commits:[s11:c215, s13:c213, s12:c214, s3:c213, s4:c214, s5:c214, s10:c210, s6:c214, s7:c214, s8:c214, s9:c210, s14:c214, s0:c214, s1:c213, s2:c214], cId:8412, entries: [(t:1, i:216), METADATAENTRY(c:215)]
2023-03-07 04:41:26,628 DEBUG server.RaftServer$Division (RaftServerImpl.java:logAppendEntries(1429)) - s14@group-A82F1EDBF13F: receive appendEntries(s11, 1, (t:1, i:215), 215, true, commits:[s11:c215, s13:c213, s12:c214, s3:c213, s4:c214, s5:c214, s10:c210, s6:c214, s7:c214, s8:c214, s9:c210, s14:c214, s0:c214, s1:c213, s2:c214], cId:8416, entries: [(t:1, i:216), METADATAENTRY(c:215)]
2023-03-07 04:41:26,628 DEBUG server.RaftServer$Division (RaftServerImpl.java:logAppendEntries(1429)) - s0@group-A82F1EDBF13F: receive appendEntries(s11, 1, (t:1, i:215), 215, true, commits:[s11:c215, s13:c213, s12:c214, s3:c213, s4:c214, s5:c214, s10:c210, s6:c214, s7:c214, s8:c214, s9:c210, s14:c214, s0:c214, s1:c213, s2:c214], cId:8415, entries: [(t:1, i:216), METADATAENTRY(c:215)]
2023-03-07 04:41:26,628 DEBUG server.RaftServer$Division (RaftServerImpl.java:logAppendEntries(1429)) - s4@group-A82F1EDBF13F: receive appendEntries(s11, 1, (t:1, i:215), 215, true, commits:[s11:c215, s13:c213, s12:c214, s3:c213, s4:c214, s5:c214, s10:c210, s6:c214, s7:c214, s8:c214, s9:c210, s14:c214, s0:c214, s1:c213, s2:c214], cId:8411, entries: [(t:1, i:216), METADATAENTRY(c:215)]
2023-03-07 04:41:26,628 DEBUG server.RaftServer$Division (RaftServerImpl.java:submitClientRequestAsync(832)) - s11@group-A82F1EDBF13F: receive client request(RaftClientRequest:client-8BEEC01311DE->s11@group-A82F1EDBF13F, cid=8417, seq=0, RW, Message:01016200)
2023-03-07 04:41:26,629 DEBUG server.RaftServer$Division (LeaderStateImpl.java:addPendingRequest(474)) - s11@group-A82F1EDBF13F-LeaderStateImpl: addPendingRequest at RaftClientRequest:client-8BEEC01311DE->s11@group-A82F1EDBF13F, cid=8417, seq=0, RW, Message:01016200, entry=(t:1, i:217), STATEMACHINELOGENTRY, 8417@client-8BEEC01311DE
2023-03-07 04:41:26,629 DEBUG server.RaftServer$Division (RaftServerImpl.java:logAppendEntries(1429)) - s6@group-A82F1EDBF13F: succeeded to handle AppendEntries. Reply: s11<-s6#8412:OK-t1,SUCCESS,nextIndex=217,followerCommit=215,matchIndex=216
2023-03-07 04:41:26,629 DEBUG server.RaftServer$Division (RaftServerImpl.java:logAppendEntries(1429)) - s0@group-A82F1EDBF13F: succeeded to handle AppendEntries. Reply: s11<-s0#8415:OK-t1,SUCCESS,nextIndex=217,followerCommit=215,matchIndex=216
2023-03-07 04:41:26,629 DEBUG server.RaftServer$Division (RaftServerImpl.java:logAppendEntries(1429)) - s14@group-A82F1EDBF13F: succeeded to handle AppendEntries. Reply: s11<-s14#8416:OK-t1,SUCCESS,nextIndex=217,followerCommit=215,matchIndex=216
2023-03-07 04:41:26,629 DEBUG server.RaftServer$Division (RaftServerImpl.java:logAppendEntries(1429)) - s5@group-A82F1EDBF13F: receive appendEntries(s11, 1, (t:1, i:215), 215, true, commits:[s11:c215, s13:c213, s12:c214, s3:c213, s4:c214, s5:c214, s10:c210, s6:c214, s7:c214, s8:c214, s9:c210, s14:c214, s0:c214, s1:c213, s2:c214], cId:8410, entries: [(t:1, i:216), METADATAENTRY(c:215)]
2023-03-07 04:41:26,629 DEBUG server.RaftServer$Division (RaftServerImpl.java:logAppendEntries(1429)) - s8@group-A82F1EDBF13F: receive appendEntries(s11, 1, (t:1, i:215), 215, true, commits:[s11:c215, s13:c213, s12:c214, s3:c213, s4:c214, s5:c214, s10:c210, s6:c214, s7:c214, s8:c214, s9:c210, s14:c214, s0:c214, s1:c213, s2:c214], cId:8414, entries: [(t:1, i:216), METADATAENTRY(c:215)]
2023-03-07 04:41:26,629 DEBUG server.RaftServer$Division (RaftServerImpl.java:logAppendEntries(1429)) - s3@group-A82F1EDBF13F: receive appendEntries(s11, 1, (t:1, i:215), 215, true, commits:[s11:c215, s13:c213, s12:c214, s3:c214, s4:c214, s5:c214, s10:c210, s6:c214, s7:c214, s8:c214, s9:c210, s14:c214, s0:c214, s1:c213, s2:c214], cId:8418, entries: [(t:1, i:216), METADATAENTRY(c:215)]
2023-03-07 04:41:26,630 DEBUG server.RaftServer$Division (RaftServerImpl.java:logAppendEntries(1429)) - s5@group-A82F1EDBF13F: succeeded to handle AppendEntries. Reply: s11<-s5#8410:OK-t1,SUCCESS,nextIndex=217,followerCommit=215,matchIndex=216
2023-03-07 04:41:26,630 DEBUG server.RaftServer$Division (RaftServerImpl.java:logAppendEntries(1429)) - s8@group-A82F1EDBF13F: succeeded to handle AppendEntries. Reply: s11<-s8#8414:OK-t1,SUCCESS,nextIndex=217,followerCommit=215,matchIndex=216
2023-03-07 04:41:26,630 DEBUG server.RaftServer$Division (RaftServerImpl.java:logAppendEntries(1429)) - s4@group-A82F1EDBF13F: succeeded to handle AppendEntries. Reply: s11<-s4#8411:OK-t1,SUCCESS,nextIndex=217,followerCommit=215,matchIndex=216
2023-03-07 04:41:26,630 DEBUG server.RaftServer$Division (RaftServerImpl.java:logAppendEntries(1429)) - s13@group-A82F1EDBF13F: receive appendEntries(s11, 1, (t:1, i:214), 214, true, commits:[s11:c214, s13:c213, s12:c209, s3:c213, s4:c213, s5:c213, s10:c208, s6:c213, s7:c213, s8:c213, s9:c207, s14:c213, s0:c213, s1:c213, s2:c208], cId:8405, entries: [(t:1, i:215), STATEMACHINELOGENTRY, 8395@client-8BEEC01311DE]
2023-03-07 04:41:26,631 DEBUG server.RaftServer$Division (RaftServerImpl.java:logAppendEntries(1429)) - s3@group-A82F1EDBF13F: succeeded to handle AppendEntries. Reply: s11<-s3#8418:OK-t1,SUCCESS,nextIndex=217,followerCommit=215,matchIndex=216
2023-03-07 04:41:26,631 DEBUG server.RaftServer$Division (RaftServerImpl.java:logAppendEntries(1429)) - s0@group-A82F1EDBF13F: receive appendEntries(s11, 1, (t:1, i:216), 215, true, commits:[s11:c215, s13:c213, s12:c214, s3:c214, s4:c214, s5:c214, s10:c210, s6:c214, s7:c214, s8:c214, s9:c210, s14:c215, s0:c215, s1:c214, s2:c214], cId:8421, entries: [(t:1, i:217), STATEMACHINELOGENTRY, 8417@client-8BEEC01311DE]
2023-03-07 04:41:26,631 DEBUG server.RaftServer$Division (RaftServerImpl.java:logAppendEntries(1429)) - s14@group-A82F1EDBF13F: receive appendEntries(s11, 1, (t:1, i:216), 215, true, commits:[s11:c215, s13:c213, s12:c214, s3:c214, s4:c214, s5:c214, s10:c210, s6:c214, s7:c214, s8:c214, s9:c210, s14:c215, s0:c214, s1:c214, s2:c214], cId:8420, entries: [(t:1, i:217), STATEMACHINELOGENTRY, 8417@client-8BEEC01311DE]
2023-03-07 04:41:26,631 DEBUG server.RaftServer$Division (RaftServerImpl.java:logAppendEntries(1429)) - s6@group-A82F1EDBF13F: receive appendEntries(s11, 1, (t:1, i:216), 215, true, commits:[s11:c215, s13:c213, s12:c214, s3:c214, s4:c214, s5:c215, s10:c210, s6:c215, s7:c214, s8:c215, s9:c210, s14:c215, s0:c215, s1:c214, s2:c214], cId:8424, entries: [(t:1, i:217), STATEMACHINELOGENTRY, 8417@client-8BEEC01311DE]
2023-03-07 04:41:26,631 DEBUG server.RaftServer$Division (RaftServerImpl.java:logAppendEntries(1429)) - s4@group-A82F1EDBF13F: receive appendEntries(s11, 1, (t:1, i:216), 215, true, commits:[s11:c215, s13:c213, s12:c214, s3:c214, s4:c215, s5:c215, s10:c210, s6:c215, s7:c214, s8:c215, s9:c210, s14:c215, s0:c215, s1:c214, s2:c214], cId:8425, entries: [(t:1, i:217), STATEMACHINELOGENTRY, 8417@client-8BEEC01311DE]
2023-03-07 04:41:26,631 DEBUG server.RaftServer$Division (RaftServerImpl.java:logAppendEntries(1429)) - s0@group-A82F1EDBF13F: succeeded to handle AppendEntries. Reply: s11<-s0#8421:OK-t1,SUCCESS,nextIndex=218,followerCommit=215,matchIndex=217
2023-03-07 04:41:26,631 DEBUG server.RaftServer$Division (RaftServerImpl.java:logAppendEntries(1429)) - s14@group-A82F1EDBF13F: succeeded to handle AppendEntries. Reply: s11<-s14#8420:OK-t1,SUCCESS,nextIndex=218,followerCommit=215,matchIndex=217
2023-03-07 04:41:26,632 DEBUG server.RaftServer$Division (RaftServerImpl.java:logAppendEntries(1429)) - s6@group-A82F1EDBF13F: succeeded to handle AppendEntries. Reply: s11<-s6#8424:OK-t1,SUCCESS,nextIndex=218,followerCommit=215,matchIndex=217
2023-03-07 04:41:26,632 DEBUG server.RaftServer$Division (RaftServerImpl.java:logAppendEntries(1429)) - s4@group-A82F1EDBF13F: succeeded to handle AppendEntries. Reply: s11<-s4#8425:OK-t1,SUCCESS,nextIndex=218,followerCommit=215,matchIndex=217
2023-03-07 04:41:26,632 DEBUG server.RaftServer$Division (RaftServerImpl.java:logAppendEntries(1429)) - s8@group-A82F1EDBF13F: receive appendEntries(s11, 1, (t:1, i:216), 215, true, commits:[s11:c215, s13:c213, s12:c214, s3:c214, s4:c214, s5:c214, s10:c210, s6:c214, s7:c214, s8:c215, s9:c210, s14:c215, s0:c215, s1:c214, s2:c214], cId:8422, entries: [(t:1, i:217), STATEMACHINELOGENTRY, 8417@client-8BEEC01311DE]
2023-03-07 04:41:26,632 DEBUG server.RaftServer$Division (RaftServerImpl.java:logAppendEntries(1429)) - s5@group-A82F1EDBF13F: receive appendEntries(s11, 1, (t:1, i:216), 215, true, commits:[s11:c215, s13:c213, s12:c214, s3:c214, s4:c214, s5:c215, s10:c210, s6:c214, s7:c214, s8:c215, s9:c210, s14:c215, s0:c215, s1:c214, s2:c214], cId:8423, entries: [(t:1, i:217), STATEMACHINELOGENTRY, 8417@client-8BEEC01311DE]
2023-03-07 04:41:26,632 DEBUG server.RaftServer$Division (RaftServerImpl.java:logAppendEntries(1429)) - s8@group-A82F1EDBF13F: succeeded to handle AppendEntries. Reply: s11<-s8#8422:OK-t1,SUCCESS,nextIndex=218,followerCommit=215,matchIndex=217
2023-03-07 04:41:26,632 DEBUG server.RaftServer$Division (RaftServerImpl.java:logAppendEntries(1429)) - s2@group-A82F1EDBF13F: receive appendEntries(s11, 1, (t:1, i:215), 215, true, commits:[s11:c215, s13:c213, s12:c214, s3:c214, s4:c215, s5:c215, s10:c210, s6:c215, s7:c214, s8:c215, s9:c210, s14:c215, s0:c215, s1:c214, s2:c214], cId:8426, entries: [(t:1, i:216), METADATAENTRY(c:215), (t:1, i:217), STATEMACHINELOGENTRY, 8417@client-8BEEC01311DE]
2023-03-07 04:41:26,632 DEBUG server.RaftServer$Division (RaftServerImpl.java:logAppendEntries(1429)) - s5@group-A82F1EDBF13F: succeeded to handle AppendEntries. Reply: s11<-s5#8423:OK-t1,SUCCESS,nextIndex=218,followerCommit=215,matchIndex=217
2023-03-07 04:41:26,632 DEBUG server.RaftServer$Division (RaftServerImpl.java:logAppendEntries(1429)) - s2@group-A82F1EDBF13F: succeeded to handle AppendEntries. Reply: s11<-s2#8426:OK-t1,SUCCESS,nextIndex=218,followerCommit=215,matchIndex=217
2023-03-07 04:41:26,633 DEBUG server.RaftServer$Division (RaftServerImpl.java:logAppendEntries(1429)) - s3@group-A82F1EDBF13F: receive appendEntries(s11, 1, (t:1, i:216), 215, true, commits:[s11:c215, s13:c213, s12:c214, s3:c215, s4:c215, s5:c215, s10:c214, s6:c215, s7:c214, s8:c215, s9:c214, s14:c215, s0:c215, s1:c214, s2:c214], cId:8430, entries: [(t:1, i:217), STATEMACHINELOGENTRY, 8417@client-8BEEC01311DE]
2023-03-07 04:41:26,633 DEBUG server.RaftServer$Division (RaftServerImpl.java:logAppendEntries(1429)) - s12@group-A82F1EDBF13F: receive appendEntries(s11, 1, (t:1, i:215), 215, true, commits:[s11:c215, s13:c213, s12:c214, s3:c214, s4:c215, s5:c215, s10:c214, s6:c215, s7:c214, s8:c215, s9:c210, s14:c215, s0:c215, s1:c214, s2:c214], cId:8428, entries: [(t:1, i:216), METADATAENTRY(c:215), (t:1, i:217), STATEMACHINELOGENTRY, 8417@client-8BEEC01311DE]
2023-03-07 04:41:26,633 DEBUG server.RaftServer$Division (RaftServerImpl.java:logAppendEntries(1429)) - s10@group-A82F1EDBF13F: receive appendEntries(s11, 1, (t:1, i:215), 215, true, commits:[s11:c215, s13:c213, s12:c214, s3:c214, s4:c215, s5:c215, s10:c214, s6:c215, s7:c214, s8:c215, s9:c210, s14:c215, s0:c215, s1:c214, s2:c214], cId:8427, entries: [(t:1, i:216), METADATAENTRY(c:215), (t:1, i:217), STATEMACHINELOGENTRY, 8417@client-8BEEC01311DE]
2023-03-07 04:41:26,633 DEBUG server.RaftServer$Division (RaftServerImpl.java:logAppendEntries(1429)) - s9@group-A82F1EDBF13F: receive appendEntries(s11, 1, (t:1, i:215), 215, true, commits:[s11:c215, s13:c213, s12:c214, s3:c214, s4:c215, s5:c215, s10:c214, s6:c215, s7:c214, s8:c215, s9:c214, s14:c215, s0:c215, s1:c214, s2:c214], cId:8429, entries: [(t:1, i:216), METADATAENTRY(c:215), (t:1, i:217), STATEMACHINELOGENTRY, 8417@client-8BEEC01311DE]
2023-03-07 04:41:26,633 DEBUG server.RaftServer$Division (RaftServerImpl.java:logAppendEntries(1429)) - s12@group-A82F1EDBF13F: succeeded to handle AppendEntries. Reply: s11<-s12#8428:OK-t1,SUCCESS,nextIndex=218,followerCommit=215,matchIndex=217
2023-03-07 04:41:26,634 DEBUG server.RaftServer$Division (RaftServerImpl.java:logAppendEntries(1429)) - s3@group-A82F1EDBF13F: succeeded to handle AppendEntries. Reply: s11<-s3#8430:OK-t1,SUCCESS,nextIndex=218,followerCommit=215,matchIndex=217
2023-03-07 04:41:26,629 DEBUG server.RaftServer$Division (RaftServerImpl.java:logAppendEntries(1429)) - s7@group-A82F1EDBF13F: receive appendEntries(s11, 1, (t:1, i:215), 215, true, commits:[s11:c215, s13:c213, s12:c214, s3:c213, s4:c214, s5:c214, s10:c210, s6:c214, s7:c214, s8:c214, s9:c210, s14:c214, s0:c214, s1:c213, s2:c214], cId:8413, entries: [(t:1, i:216), METADATAENTRY(c:215)]
2023-03-07 04:41:26,634 INFO  statemachine.StateMachine (ArithmeticStateMachine.java:applyTransaction(182)) - LEADER:s11-217: b = null = null
2023-03-07 04:41:26,633 DEBUG server.RaftServer$Division (RaftServerImpl.java:logAppendEntries(1429)) - s10@group-A82F1EDBF13F: succeeded to handle AppendEntries. Reply: s11<-s10#8427:OK-t1,SUCCESS,nextIndex=218,followerCommit=215,matchIndex=217
2023-03-07 04:41:26,634 DEBUG server.RaftServer$Division (RaftServerImpl.java:logAppendEntries(1429)) - s4@group-A82F1EDBF13F: receive appendEntries(s11, 1, (t:1, i:217), 217, true, commits:[s11:c217, s13:c213, s12:c214, s3:c215, s4:c215, s5:c215, s10:c214, s6:c215, s7:c214, s8:c215, s9:c214, s14:c215, s0:c215, s1:c214, s2:c215], cId:8436, entries: [(t:1, i:218), METADATAENTRY(c:217)]
2023-03-07 04:41:26,634 DEBUG server.RaftServer$Division (RaftServerImpl.java:logAppendEntries(1429)) - s8@group-A82F1EDBF13F: receive appendEntries(s11, 1, (t:1, i:217), 217, true, commits:[s11:c217, s13:c213, s12:c214, s3:c215, s4:c215, s5:c215, s10:c214, s6:c215, s7:c214, s8:c215, s9:c214, s14:c215, s0:c215, s1:c214, s2:c215], cId:8434, entries: [(t:1, i:218), METADATAENTRY(c:217)]
2023-03-07 04:41:26,634 DEBUG server.RaftServer$Division (RaftServerImpl.java:logAppendEntries(1429)) - s5@group-A82F1EDBF13F: receive appendEntries(s11, 1, (t:1, i:217), 217, true, commits:[s11:c217, s13:c213, s12:c214, s3:c215, s4:c215, s5:c215, s10:c214, s6:c215, s7:c214, s8:c215, s9:c214, s14:c215, s0:c215, s1:c214, s2:c215], cId:8432, entries: [(t:1, i:218), METADATAENTRY(c:217)]
2023-03-07 04:41:26,635 DEBUG server.RaftServer$Division (RaftServerImpl.java:logAppendEntries(1429)) - s0@group-A82F1EDBF13F: receive appendEntries(s11, 1, (t:1, i:217), 217, true, commits:[s11:c217, s13:c213, s12:c214, s3:c215, s4:c215, s5:c215, s10:c214, s6:c215, s7:c214, s8:c215, s9:c214, s14:c215, s0:c215, s1:c214, s2:c215], cId:8437, entries: [(t:1, i:218), METADATAENTRY(c:217)]
2023-03-07 04:41:26,635 DEBUG server.RaftServer$Division (RaftServerImpl.java:logAppendEntries(1429)) - s6@group-A82F1EDBF13F: receive appendEntries(s11, 1, (t:1, i:217), 217, true, commits:[s11:c217, s13:c213, s12:c214, s3:c215, s4:c215, s5:c215, s10:c214, s6:c215, s7:c214, s8:c215, s9:c214, s14:c215, s0:c215, s1:c214, s2:c215], cId:8433, entries: [(t:1, i:218), METADATAENTRY(c:217)]
2023-03-07 04:41:26,635 DEBUG server.RaftServer$Division (RaftServerImpl.java:logAppendEntries(1429)) - s7@group-A82F1EDBF13F: succeeded to handle AppendEntries. Reply: s11<-s7#8413:OK-t1,SUCCESS,nextIndex=217,followerCommit=215,matchIndex=216
2023-03-07 04:41:26,635 DEBUG server.RaftServer$Division (RaftServerImpl.java:logAppendEntries(1429)) - s9@group-A82F1EDBF13F: succeeded to handle AppendEntries. Reply: s11<-s9#8429:OK-t1,SUCCESS,nextIndex=218,followerCommit=215,matchIndex=217
2023-03-07 04:41:26,635 DEBUG server.RaftServer$Division (RaftServerImpl.java:logAppendEntries(1429)) - s3@group-A82F1EDBF13F: receive appendEntries(s11, 1, (t:1, i:217), 217, true, commits:[s11:c217, s13:c213, s12:c214, s3:c215, s4:c215, s5:c215, s10:c214, s6:c215, s7:c214, s8:c215, s9:c214, s14:c215, s0:c215, s1:c214, s2:c215], cId:8435, entries: [(t:1, i:218), METADATAENTRY(c:217)]
2023-03-07 04:41:26,635 DEBUG server.RaftServer$Division (RaftServerImpl.java:logAppendEntries(1429)) - s0@group-A82F1EDBF13F: succeeded to handle AppendEntries. Reply: s11<-s0#8437:OK-t1,SUCCESS,nextIndex=219,followerCommit=217,matchIndex=218
2023-03-07 04:41:26,635 DEBUG server.RaftServer$Division (RaftServerImpl.java:logAppendEntries(1429)) - s4@group-A82F1EDBF13F: succeeded to handle AppendEntries. Reply: s11<-s4#8436:OK-t1,SUCCESS,nextIndex=219,followerCommit=217,matchIndex=218
2023-03-07 04:41:26,635 DEBUG server.RaftServer$Division (RaftServerImpl.java:logAppendEntries(1429)) - s8@group-A82F1EDBF13F: succeeded to handle AppendEntries. Reply: s11<-s8#8434:OK-t1,SUCCESS,nextIndex=219,followerCommit=217,matchIndex=218
2023-03-07 04:41:26,635 DEBUG server.RaftServer$Division (RaftServerImpl.java:logAppendEntries(1429)) - s5@group-A82F1EDBF13F: succeeded to handle AppendEntries. Reply: s11<-s5#8432:OK-t1,SUCCESS,nextIndex=219,followerCommit=217,matchIndex=218
2023-03-07 04:41:26,636 DEBUG server.RaftServer$Division (RaftServerImpl.java:submitClientRequestAsync(832)) - s11@group-A82F1EDBF13F: receive client request(RaftClientRequest:client-8BEEC01311DE->s11@group-A82F1EDBF13F, cid=8439, seq=0, RW, Message:01016300)
2023-03-07 04:41:26,631 DEBUG server.RaftServer$Division (RaftServerImpl.java:logAppendEntries(1429)) - s1@group-A82F1EDBF13F: receive appendEntries(s11, 1, (t:1, i:215), 215, true, commits:[s11:c215, s13:c213, s12:c214, s3:c214, s4:c214, s5:c214, s10:c210, s6:c214, s7:c214, s8:c214, s9:c210, s14:c214, s0:c214, s1:c214, s2:c214], cId:8419, entries: [(t:1, i:216), METADATAENTRY(c:215), (t:1, i:217), STATEMACHINELOGENTRY, 8417@client-8BEEC01311DE]
2023-03-07 04:41:26,631 DEBUG server.RaftServer$Division (RaftServerImpl.java:logAppendEntries(1429)) - s13@group-A82F1EDBF13F: succeeded to handle AppendEntries. Reply: s11<-s13#8405:OK-t1,SUCCESS,nextIndex=216,followerCommit=214,matchIndex=215
2023-03-07 04:41:26,636 DEBUG server.RaftServer$Division (RaftServerImpl.java:logAppendEntries(1429)) - s6@group-A82F1EDBF13F: succeeded to handle AppendEntries. Reply: s11<-s6#8433:OK-t1,SUCCESS,nextIndex=219,followerCommit=217,matchIndex=218
2023-03-07 04:41:26,636 DEBUG server.RaftServer$Division (RaftServerImpl.java:logAppendEntries(1429)) - s3@group-A82F1EDBF13F: succeeded to handle AppendEntries. Reply: s11<-s3#8435:OK-t1,SUCCESS,nextIndex=219,followerCommit=217,matchIndex=218
2023-03-07 04:41:26,636 DEBUG server.RaftServer$Division (LeaderStateImpl.java:addPendingRequest(474)) - s11@group-A82F1EDBF13F-LeaderStateImpl: addPendingRequest at RaftClientRequest:client-8BEEC01311DE->s11@group-A82F1EDBF13F, cid=8439, seq=0, RW, Message:01016300, entry=(t:1, i:219), STATEMACHINELOGENTRY, 8439@client-8BEEC01311DE
2023-03-07 04:41:26,635 DEBUG server.RaftServer$Division (RaftServerImpl.java:logAppendEntries(1429)) - s14@group-A82F1EDBF13F: receive appendEntries(s11, 1, (t:1, i:217), 217, true, commits:[s11:c217, s13:c213, s12:c214, s3:c215, s4:c215, s5:c215, s10:c214, s6:c215, s7:c214, s8:c215, s9:c214, s14:c215, s0:c215, s1:c214, s2:c215], cId:8438, entries: [(t:1, i:218), METADATAENTRY(c:217)]
2023-03-07 04:41:26,637 DEBUG server.RaftServer$Division (RaftServerImpl.java:logAppendEntries(1429)) - s13@group-A82F1EDBF13F: receive appendEntries(s11, 1, (t:1, i:215), 217, true, commits:[s11:c217, s13:c214, s12:c214, s3:c215, s4:c215, s5:c217, s10:c214, s6:c215, s7:c214, s8:c217, s9:c214, s14:c215, s0:c215, s1:c214, s2:c215], cId:8440, entries: [(t:1, i:216), METADATAENTRY(c:215), (t:1, i:217), STATEMACHINELOGENTRY, 8417@client-8BEEC01311DE, (t:1, i:218), METADATAENTRY(c:217), (t:1, i:219), STATEMACHINELOGENTRY, 8439@client-8BEEC01311DE]
2023-03-07 04:41:26,637 DEBUG server.RaftServer$Division (RaftServerImpl.java:logAppendEntries(1429)) - s14@group-A82F1EDBF13F: succeeded to handle AppendEntries. Reply: s11<-s14#8438:OK-t1,SUCCESS,nextIndex=219,followerCommit=217,matchIndex=218
2023-03-07 04:41:26,637 DEBUG server.RaftServer$Division (RaftServerImpl.java:logAppendEntries(1429)) - s1@group-A82F1EDBF13F: succeeded to handle AppendEntries. Reply: s11<-s1#8419:OK-t1,SUCCESS,nextIndex=218,followerCommit=215,matchIndex=217
2023-03-07 04:41:26,637 DEBUG server.RaftServer$Division (RaftServerImpl.java:logAppendEntries(1429)) - s4@group-A82F1EDBF13F: receive appendEntries(s11, 1, (t:1, i:218), 217, true, commits:[s11:c217, s13:c214, s12:c214, s3:c215, s4:c217, s5:c217, s10:c214, s6:c215, s7:c214, s8:c217, s9:c214, s14:c215, s0:c217, s1:c214, s2:c215], cId:8444, entries: [(t:1, i:219), STATEMACHINELOGENTRY, 8439@client-8BEEC01311DE]
2023-03-07 04:41:26,637 DEBUG server.RaftServer$Division (RaftServerImpl.java:logAppendEntries(1429)) - s0@group-A82F1EDBF13F: receive appendEntries(s11, 1, (t:1, i:218), 217, true, commits:[s11:c217, s13:c214, s12:c214, s3:c215, s4:c215, s5:c217, s10:c214, s6:c215, s7:c214, s8:c217, s9:c214, s14:c215, s0:c217, s1:c214, s2:c215], cId:8443, entries: [(t:1, i:219), STATEMACHINELOGENTRY, 8439@client-8BEEC01311DE]
2023-03-07 04:41:26,637 DEBUG server.RaftServer$Division (RaftServerImpl.java:logAppendEntries(1429)) - s8@group-A82F1EDBF13F: receive appendEntries(s11, 1, (t:1, i:218), 217, true, commits:[s11:c217, s13:c214, s12:c214, s3:c215, s4:c215, s5:c217, s10:c214, s6:c215, s7:c214, s8:c217, s9:c214, s14:c215, s0:c215, s1:c214, s2:c215], cId:8442, entries: [(t:1, i:219), STATEMACHINELOGENTRY, 8439@client-8BEEC01311DE]
2023-03-07 04:41:26,637 DEBUG server.RaftServer$Division (RaftServerImpl.java:logAppendEntries(1429)) - s5@group-A82F1EDBF13F: receive appendEntries(s11, 1, (t:1, i:218), 217, true, commits:[s11:c217, s13:c214, s12:c214, s3:c215, s4:c215, s5:c217, s10:c214, s6:c215, s7:c214, s8:c217, s9:c214, s14:c215, s0:c215, s1:c214, s2:c215], cId:8441, entries: [(t:1, i:219), STATEMACHINELOGENTRY, 8439@client-8BEEC01311DE]
2023-03-07 04:41:26,637 DEBUG server.RaftServer$Division (RaftServerImpl.java:logAppendEntries(1429)) - s13@group-A82F1EDBF13F: succeeded to handle AppendEntries. Reply: s11<-s13#8440:OK-t1,SUCCESS,nextIndex=220,followerCommit=217,matchIndex=219
2023-03-07 04:41:26,637 DEBUG server.RaftServer$Division (RaftServerImpl.java:logAppendEntries(1429)) - s4@group-A82F1EDBF13F: succeeded to handle AppendEntries. Reply: s11<-s4#8444:OK-t1,SUCCESS,nextIndex=220,followerCommit=217,matchIndex=219
2023-03-07 04:41:26,638 DEBUG server.RaftServer$Division (RaftServerImpl.java:logAppendEntries(1429)) - s2@group-A82F1EDBF13F: receive appendEntries(s11, 1, (t:1, i:217), 217, true, commits:[s11:c217, s13:c213, s12:c214, s3:c215, s4:c215, s5:c215, s10:c214, s6:c215, s7:c214, s8:c215, s9:c214, s14:c215, s0:c215, s1:c214, s2:c215], cId:8431, entries: [(t:1, i:218), METADATAENTRY(c:217)]
2023-03-07 04:41:26,638 DEBUG server.RaftServer$Division (RaftServerImpl.java:logAppendEntries(1429)) - s6@group-A82F1EDBF13F: receive appendEntries(s11, 1, (t:1, i:218), 217, true, commits:[s11:c217, s13:c214, s12:c214, s3:c215, s4:c217, s5:c217, s10:c214, s6:c217, s7:c214, s8:c217, s9:c214, s14:c215, s0:c217, s1:c214, s2:c215], cId:8445, entries: [(t:1, i:219), STATEMACHINELOGENTRY, 8439@client-8BEEC01311DE]
2023-03-07 04:41:26,638 DEBUG server.RaftServer$Division (RaftServerImpl.java:logAppendEntries(1429)) - s2@group-A82F1EDBF13F: succeeded to handle AppendEntries. Reply: s11<-s2#8431:OK-t1,SUCCESS,nextIndex=219,followerCommit=217,matchIndex=218
2023-03-07 04:41:26,638 DEBUG server.RaftServer$Division (RaftServerImpl.java:logAppendEntries(1429)) - s8@group-A82F1EDBF13F: succeeded to handle AppendEntries. Reply: s11<-s8#8442:OK-t1,SUCCESS,nextIndex=220,followerCommit=217,matchIndex=219
2023-03-07 04:41:26,638 DEBUG server.RaftServer$Division (RaftServerImpl.java:logAppendEntries(1429)) - s0@group-A82F1EDBF13F: succeeded to handle AppendEntries. Reply: s11<-s0#8443:OK-t1,SUCCESS,nextIndex=220,followerCommit=217,matchIndex=219
2023-03-07 04:41:26,638 DEBUG server.RaftServer$Division (RaftServerImpl.java:logAppendEntries(1429)) - s5@group-A82F1EDBF13F: succeeded to handle AppendEntries. Reply: s11<-s5#8441:OK-t1,SUCCESS,nextIndex=220,followerCommit=217,matchIndex=219
2023-03-07 04:41:26,639 DEBUG server.RaftServer$Division (RaftServerImpl.java:logAppendEntries(1429)) - s14@group-A82F1EDBF13F: receive appendEntries(s11, 1, (t:1, i:218), 217, true, commits:[s11:c217, s13:c214, s12:c215, s3:c215, s4:c217, s5:c217, s10:c215, s6:c217, s7:c215, s8:c217, s9:c215, s14:c217, s0:c217, s1:c214, s2:c215], cId:8450, entries: [(t:1, i:219), STATEMACHINELOGENTRY, 8439@client-8BEEC01311DE]
2023-03-07 04:41:26,639 DEBUG server.RaftServer$Division (RaftServerImpl.java:logAppendEntries(1429)) - s6@group-A82F1EDBF13F: succeeded to handle AppendEntries. Reply: s11<-s6#8445:OK-t1,SUCCESS,nextIndex=220,followerCommit=217,matchIndex=219
2023-03-07 04:41:26,639 DEBUG server.RaftServer$Division (RaftServerImpl.java:logAppendEntries(1429)) - s14@group-A82F1EDBF13F: succeeded to handle AppendEntries. Reply: s11<-s14#8450:OK-t1,SUCCESS,nextIndex=220,followerCommit=217,matchIndex=219
2023-03-07 04:41:26,639 DEBUG server.RaftServer$Division (RaftServerImpl.java:logAppendEntries(1429)) - s7@group-A82F1EDBF13F: receive appendEntries(s11, 1, (t:1, i:216), 217, true, commits:[s11:c217, s13:c214, s12:c215, s3:c215, s4:c217, s5:c217, s10:c215, s6:c217, s7:c215, s8:c217, s9:c214, s14:c215, s0:c217, s1:c214, s2:c215], cId:8448, entries: [(t:1, i:217), STATEMACHINELOGENTRY, 8417@client-8BEEC01311DE, (t:1, i:218), METADATAENTRY(c:217), (t:1, i:219), STATEMACHINELOGENTRY, 8439@client-8BEEC01311DE]
2023-03-07 04:41:26,639 DEBUG server.RaftServer$Division (RaftServerImpl.java:logAppendEntries(1429)) - s3@group-A82F1EDBF13F: receive appendEntries(s11, 1, (t:1, i:218), 218, true, commits:[s11:c218, s13:c217, s12:c215, s3:c217, s4:c217, s5:c217, s10:c215, s6:c217, s7:c215, s8:c217, s9:c215, s14:c217, s0:c217, s1:c214, s2:c215], cId:8451, entries: [(t:1, i:219), STATEMACHINELOGENTRY, 8439@client-8BEEC01311DE]
2023-03-07 04:41:26,639 DEBUG server.RaftServer$Division (RaftServerImpl.java:logAppendEntries(1429)) - s7@group-A82F1EDBF13F: succeeded to handle AppendEntries. Reply: s11<-s7#8448:OK-t1,SUCCESS,nextIndex=220,followerCommit=217,matchIndex=219
2023-03-07 04:41:26,640 DEBUG server.RaftServer$Division (RaftServerImpl.java:logAppendEntries(1429)) - s1@group-A82F1EDBF13F: receive appendEntries(s11, 1, (t:1, i:217), 218, true, commits:[s11:c218, s13:c217, s12:c215, s3:c217, s4:c217, s5:c217, s10:c215, s6:c217, s7:c215, s8:c217, s9:c215, s14:c217, s0:c217, s1:c215, s2:c215], cId:8452, entries: [(t:1, i:218), METADATAENTRY(c:217), (t:1, i:219), STATEMACHINELOGENTRY, 8439@client-8BEEC01311DE]
2023-03-07 04:41:26,640 DEBUG server.RaftServer$Division (RaftServerImpl.java:logAppendEntries(1429)) - s12@group-A82F1EDBF13F: receive appendEntries(s11, 1, (t:1, i:217), 217, true, commits:[s11:c217, s13:c214, s12:c215, s3:c215, s4:c217, s5:c217, s10:c214, s6:c217, s7:c214, s8:c217, s9:c214, s14:c215, s0:c217, s1:c214, s2:c215], cId:8446, entries: [(t:1, i:218), METADATAENTRY(c:217), (t:1, i:219), STATEMACHINELOGENTRY, 8439@client-8BEEC01311DE]
2023-03-07 04:41:26,640 DEBUG server.RaftServer$Division (RaftServerImpl.java:logAppendEntries(1429)) - s3@group-A82F1EDBF13F: succeeded to handle AppendEntries. Reply: s11<-s3#8451:OK-t1,SUCCESS,nextIndex=220,followerCommit=218,matchIndex=219
2023-03-07 04:41:26,640 INFO  statemachine.StateMachine (ArithmeticStateMachine.java:applyTransaction(182)) - LEADER:s11-219: c = null = null
2023-03-07 04:41:26,640 DEBUG server.RaftServer$Division (RaftServerImpl.java:logAppendEntries(1429)) - s12@group-A82F1EDBF13F: succeeded to handle AppendEntries. Reply: s11<-s12#8446:OK-t1,SUCCESS,nextIndex=220,followerCommit=217,matchIndex=219
2023-03-07 04:41:26,640 DEBUG server.RaftServer$Division (RaftServerImpl.java:logAppendEntries(1429)) - s1@group-A82F1EDBF13F: succeeded to handle AppendEntries. Reply: s11<-s1#8452:OK-t1,SUCCESS,nextIndex=220,followerCommit=218,matchIndex=219
2023-03-07 04:41:26,641 DEBUG server.RaftServer$Division (RaftServerImpl.java:logAppendEntries(1429)) - s13@group-A82F1EDBF13F: receive appendEntries(s11, 1, (t:1, i:219), 219, true, commits:[s11:c219, s13:c217, s12:c215, s3:c217, s4:c217, s5:c217, s10:c215, s6:c217, s7:c217, s8:c217, s9:c215, s14:c217, s0:c217, s1:c215, s2:c215], cId:8454, entries: [(t:1, i:220), METADATAENTRY(c:219)]
2023-03-07 04:41:26,641 DEBUG server.RaftServer$Division (RaftServerImpl.java:logAppendEntries(1429)) - s8@group-A82F1EDBF13F: receive appendEntries(s11, 1, (t:1, i:219), 219, true, commits:[s11:c219, s13:c217, s12:c215, s3:c217, s4:c217, s5:c217, s10:c215, s6:c217, s7:c217, s8:c217, s9:c215, s14:c217, s0:c217, s1:c215, s2:c215], cId:8456, entries: [(t:1, i:220), METADATAENTRY(c:219)]
2023-03-07 04:41:26,641 DEBUG server.RaftServer$Division (RaftServerImpl.java:logAppendEntries(1429)) - s5@group-A82F1EDBF13F: receive appendEntries(s11, 1, (t:1, i:219), 219, true, commits:[s11:c219, s13:c217, s12:c215, s3:c217, s4:c217, s5:c217, s10:c215, s6:c217, s7:c217, s8:c217, s9:c215, s14:c217, s0:c217, s1:c215, s2:c215], cId:8457, entries: [(t:1, i:220), METADATAENTRY(c:219)]
2023-03-07 04:41:26,641 DEBUG server.RaftServer$Division (RaftServerImpl.java:logAppendEntries(1429)) - s6@group-A82F1EDBF13F: receive appendEntries(s11, 1, (t:1, i:219), 219, true, commits:[s11:c219, s13:c217, s12:c215, s3:c217, s4:c217, s5:c217, s10:c215, s6:c217, s7:c217, s8:c217, s9:c215, s14:c217, s0:c217, s1:c215, s2:c215], cId:8460, entries: [(t:1, i:220), METADATAENTRY(c:219)]
2023-03-07 04:41:26,641 DEBUG server.RaftServer$Division (RaftServerImpl.java:logAppendEntries(1429)) - s13@group-A82F1EDBF13F: succeeded to handle AppendEntries. Reply: s11<-s13#8454:OK-t1,SUCCESS,nextIndex=221,followerCommit=219,matchIndex=220
2023-03-07 04:41:26,641 DEBUG server.RaftServer$Division (RaftServerImpl.java:logAppendEntries(1429)) - s5@group-A82F1EDBF13F: succeeded to handle AppendEntries. Reply: s11<-s5#8457:OK-t1,SUCCESS,nextIndex=221,followerCommit=219,matchIndex=220
2023-03-07 04:41:26,641 DEBUG server.RaftServer$Division (RaftServerImpl.java:logAppendEntries(1429)) - s8@group-A82F1EDBF13F: succeeded to handle AppendEntries. Reply: s11<-s8#8456:OK-t1,SUCCESS,nextIndex=221,followerCommit=219,matchIndex=220
2023-03-07 04:41:26,641 DEBUG server.RaftServer$Division (RaftServerImpl.java:logAppendEntries(1429)) - s14@group-A82F1EDBF13F: receive appendEntries(s11, 1, (t:1, i:219), 219, true, commits:[s11:c219, s13:c217, s12:c215, s3:c217, s4:c217, s5:c217, s10:c215, s6:c217, s7:c217, s8:c217, s9:c215, s14:c217, s0:c217, s1:c215, s2:c215], cId:8459, entries: [(t:1, i:220), METADATAENTRY(c:219)]
2023-03-07 04:41:26,642 DEBUG server.RaftServer$Division (RaftServerImpl.java:logAppendEntries(1429)) - s6@group-A82F1EDBF13F: succeeded to handle AppendEntries. Reply: s11<-s6#8460:OK-t1,SUCCESS,nextIndex=221,followerCommit=219,matchIndex=220
2023-03-07 04:41:26,642 DEBUG server.RaftServer$Division (RaftServerImpl.java:submitClientRequestAsync(832)) - s11@group-A82F1EDBF13F: receive client request(RaftClientRequest:client-8BEEC01311DE->s11@group-A82F1EDBF13F, cid=8461, seq=0, RW, Message:01016102405dc0000000...(size=12))
2023-03-07 04:41:26,642 DEBUG server.RaftServer$Division (LeaderStateImpl.java:addPendingRequest(474)) - s11@group-A82F1EDBF13F-LeaderStateImpl: addPendingRequest at RaftClientRequest:client-8BEEC01311DE->s11@group-A82F1EDBF13F, cid=8461, seq=0, RW, Message:01016102405dc0000000...(size=12), entry=(t:1, i:221), STATEMACHINELOGENTRY, 8461@client-8BEEC01311DE
2023-03-07 04:41:26,642 DEBUG server.RaftServer$Division (RaftServerImpl.java:logAppendEntries(1429)) - s3@group-A82F1EDBF13F: receive appendEntries(s11, 1, (t:1, i:219), 219, true, commits:[s11:c219, s13:c219, s12:c215, s3:c218, s4:c217, s5:c219, s10:c215, s6:c217, s7:c217, s8:c217, s9:c215, s14:c217, s0:c217, s1:c215, s2:c215], cId:8462, entries: [(t:1, i:220), METADATAENTRY(c:219)]
2023-03-07 04:41:26,642 DEBUG server.RaftServer$Division (RaftServerImpl.java:logAppendEntries(1429)) - s14@group-A82F1EDBF13F: succeeded to handle AppendEntries. Reply: s11<-s14#8459:OK-t1,SUCCESS,nextIndex=221,followerCommit=219,matchIndex=220
2023-03-07 04:41:26,642 DEBUG server.RaftServer$Division (RaftServerImpl.java:logAppendEntries(1429)) - s10@group-A82F1EDBF13F: receive appendEntries(s11, 1, (t:1, i:217), 217, true, commits:[s11:c217, s13:c214, s12:c215, s3:c215, s4:c217, s5:c217, s10:c215, s6:c217, s7:c214, s8:c217, s9:c214, s14:c215, s0:c217, s1:c214, s2:c215], cId:8447, entries: [(t:1, i:218), METADATAENTRY(c:217), (t:1, i:219), STATEMACHINELOGENTRY, 8439@client-8BEEC01311DE]
2023-03-07 04:41:26,643 DEBUG server.RaftServer$Division (RaftServerImpl.java:logAppendEntries(1429)) - s5@group-A82F1EDBF13F: receive appendEntries(s11, 1, (t:1, i:220), 219, true, commits:[s11:c219, s13:c219, s12:c215, s3:c218, s4:c217, s5:c219, s10:c215, s6:c217, s7:c217, s8:c219, s9:c215, s14:c217, s0:c217, s1:c215, s2:c215], cId:8465, entries: [(t:1, i:221), STATEMACHINELOGENTRY, 8461@client-8BEEC01311DE]
2023-03-07 04:41:26,643 DEBUG server.RaftServer$Division (RaftServerImpl.java:logAppendEntries(1429)) - s10@group-A82F1EDBF13F: succeeded to handle AppendEntries. Reply: s11<-s10#8447:OK-t1,SUCCESS,nextIndex=220,followerCommit=217,matchIndex=219
2023-03-07 04:41:26,643 DEBUG server.RaftServer$Division (RaftServerImpl.java:logAppendEntries(1429)) - s3@group-A82F1EDBF13F: succeeded to handle AppendEntries. Reply: s11<-s3#8462:OK-t1,SUCCESS,nextIndex=221,followerCommit=219,matchIndex=220
2023-03-07 04:41:26,643 DEBUG server.RaftServer$Division (RaftServerImpl.java:logAppendEntries(1429)) - s9@group-A82F1EDBF13F: receive appendEntries(s11, 1, (t:1, i:217), 217, true, commits:[s11:c217, s13:c214, s12:c215, s3:c215, s4:c217, s5:c217, s10:c215, s6:c217, s7:c215, s8:c217, s9:c215, s14:c215, s0:c217, s1:c214, s2:c215], cId:8449, entries: [(t:1, i:218), METADATAENTRY(c:217), (t:1, i:219), STATEMACHINELOGENTRY, 8439@client-8BEEC01311DE]
2023-03-07 04:41:26,643 DEBUG server.RaftServer$Division (RaftServerImpl.java:logAppendEntries(1429)) - s12@group-A82F1EDBF13F: receive appendEntries(s11, 1, (t:1, i:219), 219, true, commits:[s11:c219, s13:c219, s12:c217, s3:c218, s4:c217, s5:c219, s10:c215, s6:c217, s7:c217, s8:c219, s9:c215, s14:c217, s0:c217, s1:c215, s2:c215], cId:8466, entries: [(t:1, i:220), METADATAENTRY(c:219), (t:1, i:221), STATEMACHINELOGENTRY, 8461@client-8BEEC01311DE]
2023-03-07 04:41:26,643 DEBUG server.RaftServer$Division (RaftServerImpl.java:logAppendEntries(1429)) - s5@group-A82F1EDBF13F: succeeded to handle AppendEntries. Reply: s11<-s5#8465:OK-t1,SUCCESS,nextIndex=222,followerCommit=219,matchIndex=221
2023-03-07 04:41:26,643 DEBUG server.RaftServer$Division (RaftServerImpl.java:logAppendEntries(1429)) - s13@group-A82F1EDBF13F: receive appendEntries(s11, 1, (t:1, i:220), 219, true, commits:[s11:c219, s13:c219, s12:c215, s3:c218, s4:c217, s5:c219, s10:c215, s6:c217, s7:c217, s8:c219, s9:c215, s14:c217, s0:c217, s1:c215, s2:c215], cId:8463, entries: [(t:1, i:221), STATEMACHINELOGENTRY, 8461@client-8BEEC01311DE]
2023-03-07 04:41:26,644 DEBUG server.RaftServer$Division (RaftServerImpl.java:logAppendEntries(1429)) - s2@group-A82F1EDBF13F: receive appendEntries(s11, 1, (t:1, i:218), 219, true, commits:[s11:c219, s13:c219, s12:c217, s3:c218, s4:c217, s5:c219, s10:c215, s6:c217, s7:c217, s8:c219, s9:c215, s14:c217, s0:c217, s1:c215, s2:c217], cId:8467, entries: [(t:1, i:219), STATEMACHINELOGENTRY, 8439@client-8BEEC01311DE, (t:1, i:220), METADATAENTRY(c:219), (t:1, i:221), STATEMACHINELOGENTRY, 8461@client-8BEEC01311DE]
2023-03-07 04:41:26,644 DEBUG server.RaftServer$Division (RaftServerImpl.java:logAppendEntries(1429)) - s12@group-A82F1EDBF13F: succeeded to handle AppendEntries. Reply: s11<-s12#8466:OK-t1,SUCCESS,nextIndex=222,followerCommit=219,matchIndex=221
2023-03-07 04:41:26,644 DEBUG server.RaftServer$Division (RaftServerImpl.java:logAppendEntries(1429)) - s6@group-A82F1EDBF13F: receive appendEntries(s11, 1, (t:1, i:220), 219, true, commits:[s11:c219, s13:c219, s12:c217, s3:c218, s4:c217, s5:c219, s10:c215, s6:c219, s7:c217, s8:c219, s9:c215, s14:c217, s0:c217, s1:c215, s2:c217], cId:8468, entries: [(t:1, i:221), STATEMACHINELOGENTRY, 8461@client-8BEEC01311DE]
2023-03-07 04:41:26,644 DEBUG server.RaftServer$Division (RaftServerImpl.java:logAppendEntries(1429)) - s9@group-A82F1EDBF13F: succeeded to handle AppendEntries. Reply: s11<-s9#8449:OK-t1,SUCCESS,nextIndex=220,followerCommit=217,matchIndex=219
2023-03-07 04:41:26,644 DEBUG server.RaftServer$Division (RaftServerImpl.java:logAppendEntries(1429)) - s2@group-A82F1EDBF13F: succeeded to handle AppendEntries. Reply: s11<-s2#8467:OK-t1,SUCCESS,nextIndex=222,followerCommit=219,matchIndex=221
2023-03-07 04:41:26,644 DEBUG server.RaftServer$Division (RaftServerImpl.java:logAppendEntries(1429)) - s13@group-A82F1EDBF13F: succeeded to handle AppendEntries. Reply: s11<-s13#8463:OK-t1,SUCCESS,nextIndex=222,followerCommit=219,matchIndex=221
2023-03-07 04:41:26,644 DEBUG server.RaftServer$Division (RaftServerImpl.java:logAppendEntries(1429)) - s8@group-A82F1EDBF13F: receive appendEntries(s11, 1, (t:1, i:220), 219, true, commits:[s11:c219, s13:c219, s12:c215, s3:c218, s4:c217, s5:c219, s10:c215, s6:c217, s7:c217, s8:c219, s9:c215, s14:c217, s0:c217, s1:c215, s2:c215], cId:8464, entries: [(t:1, i:221), STATEMACHINELOGENTRY, 8461@client-8BEEC01311DE]
2023-03-07 04:41:26,644 DEBUG server.RaftServer$Division (RaftServerImpl.java:logAppendEntries(1429)) - s6@group-A82F1EDBF13F: succeeded to handle AppendEntries. Reply: s11<-s6#8468:OK-t1,SUCCESS,nextIndex=222,followerCommit=219,matchIndex=221
2023-03-07 04:41:26,645 DEBUG server.RaftServer$Division (RaftServerImpl.java:logAppendEntries(1429)) - s3@group-A82F1EDBF13F: receive appendEntries(s11, 1, (t:1, i:220), 219, true, commits:[s11:c219, s13:c219, s12:c217, s3:c219, s4:c217, s5:c219, s10:c215, s6:c219, s7:c217, s8:c219, s9:c215, s14:c217, s0:c217, s1:c215, s2:c217], cId:8469, entries: [(t:1, i:221), STATEMACHINELOGENTRY, 8461@client-8BEEC01311DE]
2023-03-07 04:41:26,646 DEBUG server.RaftServer$Division (RaftServerImpl.java:logAppendEntries(1429)) - s8@group-A82F1EDBF13F: succeeded to handle AppendEntries. Reply: s11<-s8#8464:OK-t1,SUCCESS,nextIndex=222,followerCommit=219,matchIndex=221
2023-03-07 04:41:26,646 DEBUG server.RaftServer$Division (RaftServerImpl.java:logAppendEntries(1429)) - s3@group-A82F1EDBF13F: succeeded to handle AppendEntries. Reply: s11<-s3#8469:OK-t1,SUCCESS,nextIndex=222,followerCommit=219,matchIndex=221
2023-03-07 04:41:26,646 DEBUG server.RaftServer$Division (RaftServerImpl.java:logAppendEntries(1429)) - s0@group-A82F1EDBF13F: receive appendEntries(s11, 1, (t:1, i:219), 219, true, commits:[s11:c219, s13:c217, s12:c215, s3:c217, s4:c217, s5:c217, s10:c215, s6:c217, s7:c217, s8:c217, s9:c215, s14:c217, s0:c217, s1:c215, s2:c215], cId:8458, entries: [(t:1, i:220), METADATAENTRY(c:219)]
2023-03-07 04:41:26,646 DEBUG server.RaftServer$Division (RaftServerImpl.java:logAppendEntries(1429)) - s4@group-A82F1EDBF13F: receive appendEntries(s11, 1, (t:1, i:219), 219, true, commits:[s11:c219, s13:c217, s12:c215, s3:c217, s4:c217, s5:c217, s10:c215, s6:c217, s7:c217, s8:c217, s9:c215, s14:c217, s0:c217, s1:c215, s2:c215], cId:8455, entries: [(t:1, i:220), METADATAENTRY(c:219)]
2023-03-07 04:41:26,646 DEBUG server.RaftServer$Division (RaftServerImpl.java:logAppendEntries(1429)) - s0@group-A82F1EDBF13F: succeeded to handle AppendEntries. Reply: s11<-s0#8458:OK-t1,SUCCESS,nextIndex=221,followerCommit=219,matchIndex=220
2023-03-07 04:41:26,646 DEBUG server.RaftServer$Division (RaftServerImpl.java:logAppendEntries(1429)) - s1@group-A82F1EDBF13F: receive appendEntries(s11, 1, (t:1, i:219), 220, true, commits:[s11:c220, s13:c219, s12:c219, s3:c219, s4:c217, s5:c219, s10:c217, s6:c219, s7:c217, s8:c219, s9:c217, s14:c219, s0:c217, s1:c218, s2:c219], cId:8473, entries: [(t:1, i:220), METADATAENTRY(c:219), (t:1, i:221), STATEMACHINELOGENTRY, 8461@client-8BEEC01311DE]
2023-03-07 04:41:26,647 DEBUG server.RaftServer$Division (RaftServerImpl.java:logAppendEntries(1429)) - s4@group-A82F1EDBF13F: succeeded to handle AppendEntries. Reply: s11<-s4#8455:OK-t1,SUCCESS,nextIndex=221,followerCommit=219,matchIndex=220
2023-03-07 04:41:26,647 DEBUG server.RaftServer$Division (RaftServerImpl.java:logAppendEntries(1429)) - s14@group-A82F1EDBF13F: receive appendEntries(s11, 1, (t:1, i:220), 220, true, commits:[s11:c220, s13:c219, s12:c219, s3:c219, s4:c217, s5:c219, s10:c217, s6:c219, s7:c217, s8:c219, s9:c217, s14:c219, s0:c217, s1:c215, s2:c219], cId:8472, entries: [(t:1, i:221), STATEMACHINELOGENTRY, 8461@client-8BEEC01311DE]
2023-03-07 04:41:26,647 INFO  statemachine.StateMachine (ArithmeticStateMachine.java:applyTransaction(182)) - LEADER:s11-221: a = 119 = 119
2023-03-07 04:41:26,647 DEBUG server.RaftServer$Division (RaftServerImpl.java:logAppendEntries(1429)) - s7@group-A82F1EDBF13F: receive appendEntries(s11, 1, (t:1, i:219), 219, true, commits:[s11:c219, s13:c217, s12:c215, s3:c217, s4:c217, s5:c217, s10:c215, s6:c217, s7:c217, s8:c217, s9:c215, s14:c217, s0:c217, s1:c215, s2:c215], cId:8453, entries: [(t:1, i:220), METADATAENTRY(c:219)]
2023-03-07 04:41:26,648 DEBUG server.RaftServer$Division (RaftServerImpl.java:logAppendEntries(1429)) - s4@group-A82F1EDBF13F: receive appendEntries(s11, 1, (t:1, i:220), 221, true, commits:[s11:c221, s13:c219, s12:c219, s3:c219, s4:c219, s5:c219, s10:c217, s6:c219, s7:c217, s8:c219, s9:c217, s14:c219, s0:c219, s1:c218, s2:c219], cId:8482, entries: [(t:1, i:221), STATEMACHINELOGENTRY, 8461@client-8BEEC01311DE, (t:1, i:222), METADATAENTRY(c:221)]
2023-03-07 04:41:26,648 DEBUG server.RaftServer$Division (RaftServerImpl.java:logAppendEntries(1429)) - s0@group-A82F1EDBF13F: receive appendEntries(s11, 1, (t:1, i:220), 221, true, commits:[s11:c221, s13:c219, s12:c219, s3:c219, s4:c219, s5:c219, s10:c217, s6:c219, s7:c217, s8:c219, s9:c217, s14:c219, s0:c219, s1:c218, s2:c219], cId:8481, entries: [(t:1, i:221), STATEMACHINELOGENTRY, 8461@client-8BEEC01311DE, (t:1, i:222), METADATAENTRY(c:221)]
2023-03-07 04:41:26,649 DEBUG server.RaftServer$Division (RaftServerImpl.java:logAppendEntries(1429)) - s2@group-A82F1EDBF13F: receive appendEntries(s11, 1, (t:1, i:221), 221, true, commits:[s11:c221, s13:c219, s12:c219, s3:c219, s4:c219, s5:c219, s10:c217, s6:c219, s7:c217, s8:c219, s9:c217, s14:c219, s0:c219, s1:c218, s2:c219], cId:8476, entries: [(t:1, i:222), METADATAENTRY(c:221)]
2023-03-07 04:41:26,649 DEBUG server.RaftServer$Division (RaftServerImpl.java:logAppendEntries(1429)) - s7@group-A82F1EDBF13F: succeeded to handle AppendEntries. Reply: s11<-s7#8453:OK-t1,SUCCESS,nextIndex=221,followerCommit=219,matchIndex=220
2023-03-07 04:41:26,649 DEBUG server.RaftServer$Division (RaftServerImpl.java:logAppendEntries(1429)) - s2@group-A82F1EDBF13F: succeeded to handle AppendEntries. Reply: s11<-s2#8476:OK-t1,SUCCESS,nextIndex=223,followerCommit=221,matchIndex=222
2023-03-07 04:41:26,649 DEBUG server.RaftServer$Division (RaftServerImpl.java:logAppendEntries(1429)) - s0@group-A82F1EDBF13F: succeeded to handle AppendEntries. Reply: s11<-s0#8481:OK-t1,SUCCESS,nextIndex=223,followerCommit=221,matchIndex=222
2023-03-07 04:41:26,649 DEBUG server.RaftServer$Division (RaftServerImpl.java:logAppendEntries(1429)) - s4@group-A82F1EDBF13F: succeeded to handle AppendEntries. Reply: s11<-s4#8482:OK-t1,SUCCESS,nextIndex=223,followerCommit=221,matchIndex=222
2023-03-07 04:41:26,648 DEBUG server.RaftServer$Division (RaftServerImpl.java:logAppendEntries(1429)) - s12@group-A82F1EDBF13F: receive appendEntries(s11, 1, (t:1, i:221), 221, true, commits:[s11:c221, s13:c219, s12:c219, s3:c219, s4:c219, s5:c219, s10:c217, s6:c219, s7:c217, s8:c219, s9:c217, s14:c219, s0:c219, s1:c218, s2:c219], cId:8474, entries: [(t:1, i:222), METADATAENTRY(c:221)]
2023-03-07 04:41:26,648 DEBUG server.RaftServer$Division (RaftServerImpl.java:logAppendEntries(1429)) - s9@group-A82F1EDBF13F: receive appendEntries(s11, 1, (t:1, i:219), 219, true, commits:[s11:c219, s13:c219, s12:c217, s3:c219, s4:c217, s5:c219, s10:c217, s6:c219, s7:c217, s8:c219, s9:c217, s14:c217, s0:c217, s1:c215, s2:c217], cId:8471, entries: [(t:1, i:220), METADATAENTRY(c:219), (t:1, i:221), STATEMACHINELOGENTRY, 8461@client-8BEEC01311DE]
2023-03-07 04:41:26,648 DEBUG server.RaftServer$Division (RaftServerImpl.java:logAppendEntries(1429)) - s3@group-A82F1EDBF13F: receive appendEntries(s11, 1, (t:1, i:221), 221, true, commits:[s11:c221, s13:c219, s12:c219, s3:c219, s4:c219, s5:c219, s10:c217, s6:c219, s7:c217, s8:c219, s9:c217, s14:c219, s0:c219, s1:c218, s2:c219], cId:8480, entries: [(t:1, i:222), METADATAENTRY(c:221)]
2023-03-07 04:41:26,648 DEBUG server.RaftServer$Division (RaftServerImpl.java:logAppendEntries(1429)) - s10@group-A82F1EDBF13F: receive appendEntries(s11, 1, (t:1, i:219), 219, true, commits:[s11:c219, s13:c219, s12:c217, s3:c219, s4:c217, s5:c219, s10:c217, s6:c219, s7:c217, s8:c219, s9:c215, s14:c217, s0:c217, s1:c215, s2:c217], cId:8470, entries: [(t:1, i:220), METADATAENTRY(c:219), (t:1, i:221), STATEMACHINELOGENTRY, 8461@client-8BEEC01311DE]
2023-03-07 04:41:26,648 DEBUG server.RaftServer$Division (RaftServerImpl.java:logAppendEntries(1429)) - s6@group-A82F1EDBF13F: receive appendEntries(s11, 1, (t:1, i:221), 221, true, commits:[s11:c221, s13:c219, s12:c219, s3:c219, s4:c219, s5:c219, s10:c217, s6:c219, s7:c217, s8:c219, s9:c217, s14:c219, s0:c219, s1:c218, s2:c219], cId:8479, entries: [(t:1, i:222), METADATAENTRY(c:221)]
2023-03-07 04:41:26,648 DEBUG server.RaftServer$Division (RaftServerImpl.java:submitClientRequestAsync(832)) - s11@group-A82F1EDBF13F: receive client request(RaftClientRequest:client-8BEEC01311DE->s11@group-A82F1EDBF13F, cid=8483, seq=0, RW, Message:0101620240bba8000000...(size=12))
2023-03-07 04:41:26,648 DEBUG server.RaftServer$Division (RaftServerImpl.java:logAppendEntries(1429)) - s14@group-A82F1EDBF13F: succeeded to handle AppendEntries. Reply: s11<-s14#8472:OK-t1,SUCCESS,nextIndex=222,followerCommit=220,matchIndex=221
2023-03-07 04:41:26,650 DEBUG server.RaftServer$Division (LeaderStateImpl.java:addPendingRequest(474)) - s11@group-A82F1EDBF13F-LeaderStateImpl: addPendingRequest at RaftClientRequest:client-8BEEC01311DE->s11@group-A82F1EDBF13F, cid=8483, seq=0, RW, Message:0101620240bba8000000...(size=12), entry=(t:1, i:223), STATEMACHINELOGENTRY, 8483@client-8BEEC01311DE
2023-03-07 04:41:26,648 DEBUG server.RaftServer$Division (RaftServerImpl.java:logAppendEntries(1429)) - s1@group-A82F1EDBF13F: succeeded to handle AppendEntries. Reply: s11<-s1#8473:OK-t1,SUCCESS,nextIndex=222,followerCommit=220,matchIndex=221
2023-03-07 04:41:26,650 DEBUG server.RaftServer$Division (RaftServerImpl.java:logAppendEntries(1429)) - s6@group-A82F1EDBF13F: succeeded to handle AppendEntries. Reply: s11<-s6#8479:OK-t1,SUCCESS,nextIndex=223,followerCommit=221,matchIndex=222
2023-03-07 04:41:26,648 DEBUG server.RaftServer$Division (RaftServerImpl.java:logAppendEntries(1429)) - s8@group-A82F1EDBF13F: receive appendEntries(s11, 1, (t:1, i:221), 221, true, commits:[s11:c221, s13:c219, s12:c219, s3:c219, s4:c219, s5:c219, s10:c217, s6:c219, s7:c217, s8:c219, s9:c217, s14:c219, s0:c219, s1:c218, s2:c219], cId:8475, entries: [(t:1, i:222), METADATAENTRY(c:221)]
2023-03-07 04:41:26,650 DEBUG server.RaftServer$Division (RaftServerImpl.java:logAppendEntries(1429)) - s3@group-A82F1EDBF13F: succeeded to handle AppendEntries. Reply: s11<-s3#8480:OK-t1,SUCCESS,nextIndex=223,followerCommit=221,matchIndex=222
2023-03-07 04:41:26,648 DEBUG server.RaftServer$Division (RaftServerImpl.java:logAppendEntries(1429)) - s5@group-A82F1EDBF13F: receive appendEntries(s11, 1, (t:1, i:221), 221, true, commits:[s11:c221, s13:c219, s12:c219, s3:c219, s4:c219, s5:c219, s10:c217, s6:c219, s7:c217, s8:c219, s9:c217, s14:c219, s0:c219, s1:c218, s2:c219], cId:8478, entries: [(t:1, i:222), METADATAENTRY(c:221)]
2023-03-07 04:41:26,648 DEBUG server.RaftServer$Division (RaftServerImpl.java:logAppendEntries(1429)) - s13@group-A82F1EDBF13F: receive appendEntries(s11, 1, (t:1, i:221), 221, true, commits:[s11:c221, s13:c219, s12:c219, s3:c219, s4:c219, s5:c219, s10:c217, s6:c219, s7:c217, s8:c219, s9:c217, s14:c219, s0:c219, s1:c218, s2:c219], cId:8477, entries: [(t:1, i:222), METADATAENTRY(c:221)]
2023-03-07 04:41:26,651 DEBUG server.RaftServer$Division (RaftServerImpl.java:logAppendEntries(1429)) - s8@group-A82F1EDBF13F: succeeded to handle AppendEntries. Reply: s11<-s8#8475:OK-t1,SUCCESS,nextIndex=223,followerCommit=221,matchIndex=222
2023-03-07 04:41:26,650 DEBUG server.RaftServer$Division (RaftServerImpl.java:logAppendEntries(1429)) - s9@group-A82F1EDBF13F: succeeded to handle AppendEntries. Reply: s11<-s9#8471:OK-t1,SUCCESS,nextIndex=222,followerCommit=219,matchIndex=221
2023-03-07 04:41:26,650 DEBUG server.RaftServer$Division (RaftServerImpl.java:logAppendEntries(1429)) - s12@group-A82F1EDBF13F: succeeded to handle AppendEntries. Reply: s11<-s12#8474:OK-t1,SUCCESS,nextIndex=223,followerCommit=221,matchIndex=222
2023-03-07 04:41:26,650 DEBUG server.RaftServer$Division (RaftServerImpl.java:logAppendEntries(1429)) - s10@group-A82F1EDBF13F: succeeded to handle AppendEntries. Reply: s11<-s10#8470:OK-t1,SUCCESS,nextIndex=222,followerCommit=219,matchIndex=221
2023-03-07 04:41:26,651 DEBUG server.RaftServer$Division (RaftServerImpl.java:logAppendEntries(1429)) - s5@group-A82F1EDBF13F: succeeded to handle AppendEntries. Reply: s11<-s5#8478:OK-t1,SUCCESS,nextIndex=223,followerCommit=221,matchIndex=222
2023-03-07 04:41:26,651 DEBUG server.RaftServer$Division (RaftServerImpl.java:logAppendEntries(1429)) - s13@group-A82F1EDBF13F: succeeded to handle AppendEntries. Reply: s11<-s13#8477:OK-t1,SUCCESS,nextIndex=223,followerCommit=221,matchIndex=222
2023-03-07 04:41:26,651 DEBUG server.RaftServer$Division (RaftServerImpl.java:logAppendEntries(1429)) - s2@group-A82F1EDBF13F: receive appendEntries(s11, 1, (t:1, i:222), 221, true, commits:[s11:c221, s13:c219, s12:c219, s3:c219, s4:c221, s5:c219, s10:c217, s6:c219, s7:c219, s8:c219, s9:c217, s14:c219, s0:c221, s1:c220, s2:c221], cId:8488, entries: [(t:1, i:223), STATEMACHINELOGENTRY, 8483@client-8BEEC01311DE]
2023-03-07 04:41:26,652 DEBUG server.RaftServer$Division (RaftServerImpl.java:logAppendEntries(1429)) - s5@group-A82F1EDBF13F: receive appendEntries(s11, 1, (t:1, i:222), 221, true, commits:[s11:c221, s13:c219, s12:c219, s3:c219, s4:c221, s5:c221, s10:c217, s6:c219, s7:c219, s8:c219, s9:c217, s14:c219, s0:c221, s1:c220, s2:c221], cId:8489, entries: [(t:1, i:223), STATEMACHINELOGENTRY, 8483@client-8BEEC01311DE]
2023-03-07 04:41:26,652 DEBUG server.RaftServer$Division (RaftServerImpl.java:logAppendEntries(1429)) - s8@group-A82F1EDBF13F: receive appendEntries(s11, 1, (t:1, i:222), 221, true, commits:[s11:c221, s13:c219, s12:c219, s3:c219, s4:c221, s5:c221, s10:c217, s6:c219, s7:c219, s8:c221, s9:c217, s14:c219, s0:c221, s1:c220, s2:c221], cId:8490, entries: [(t:1, i:223), STATEMACHINELOGENTRY, 8483@client-8BEEC01311DE]
2023-03-07 04:41:26,652 DEBUG server.RaftServer$Division (RaftServerImpl.java:logAppendEntries(1429)) - s13@group-A82F1EDBF13F: receive appendEntries(s11, 1, (t:1, i:222), 221, true, commits:[s11:c221, s13:c221, s12:c219, s3:c219, s4:c221, s5:c221, s10:c217, s6:c221, s7:c219, s8:c221, s9:c217, s14:c219, s0:c221, s1:c220, s2:c221], cId:8492, entries: [(t:1, i:223), STATEMACHINELOGENTRY, 8483@client-8BEEC01311DE]
2023-03-07 04:41:26,652 DEBUG server.RaftServer$Division (RaftServerImpl.java:logAppendEntries(1429)) - s6@group-A82F1EDBF13F: receive appendEntries(s11, 1, (t:1, i:222), 221, true, commits:[s11:c221, s13:c219, s12:c219, s3:c219, s4:c221, s5:c221, s10:c217, s6:c221, s7:c219, s8:c221, s9:c217, s14:c219, s0:c221, s1:c220, s2:c221], cId:8491, entries: [(t:1, i:223), STATEMACHINELOGENTRY, 8483@client-8BEEC01311DE]
2023-03-07 04:41:26,652 DEBUG server.RaftServer$Division (RaftServerImpl.java:logAppendEntries(1429)) - s1@group-A82F1EDBF13F: receive appendEntries(s11, 1, (t:1, i:221), 221, true, commits:[s11:c221, s13:c219, s12:c219, s3:c219, s4:c221, s5:c219, s10:c217, s6:c219, s7:c219, s8:c219, s9:c217, s14:c219, s0:c221, s1:c220, s2:c219], cId:8485, entries: [(t:1, i:222), METADATAENTRY(c:221), (t:1, i:223), STATEMACHINELOGENTRY, 8483@client-8BEEC01311DE]
2023-03-07 04:41:26,653 DEBUG server.RaftServer$Division (RaftServerImpl.java:logAppendEntries(1429)) - s9@group-A82F1EDBF13F: receive appendEntries(s11, 1, (t:1, i:221), 221, true, commits:[s11:c221, s13:c221, s12:c221, s3:c219, s4:c221, s5:c221, s10:c217, s6:c221, s7:c219, s8:c221, s9:c219, s14:c219, s0:c221, s1:c220, s2:c221], cId:8493, entries: [(t:1, i:222), METADATAENTRY(c:221), (t:1, i:223), STATEMACHINELOGENTRY, 8483@client-8BEEC01311DE]
2023-03-07 04:41:26,653 DEBUG server.RaftServer$Division (RaftServerImpl.java:logAppendEntries(1429)) - s3@group-A82F1EDBF13F: receive appendEntries(s11, 1, (t:1, i:222), 221, true, commits:[s11:c221, s13:c221, s12:c221, s3:c221, s4:c221, s5:c221, s10:c219, s6:c221, s7:c219, s8:c221, s9:c219, s14:c219, s0:c221, s1:c220, s2:c221], cId:8496, entries: [(t:1, i:223), STATEMACHINELOGENTRY, 8483@client-8BEEC01311DE]
2023-03-07 04:41:26,653 DEBUG server.RaftServer$Division (RaftServerImpl.java:logAppendEntries(1429)) - s2@group-A82F1EDBF13F: succeeded to handle AppendEntries. Reply: s11<-s2#8488:OK-t1,SUCCESS,nextIndex=224,followerCommit=221,matchIndex=223
2023-03-07 04:41:26,653 DEBUG server.RaftServer$Division (RaftServerImpl.java:logAppendEntries(1429)) - s8@group-A82F1EDBF13F: succeeded to handle AppendEntries. Reply: s11<-s8#8490:OK-t1,SUCCESS,nextIndex=224,followerCommit=221,matchIndex=223
2023-03-07 04:41:26,653 DEBUG server.RaftServer$Division (RaftServerImpl.java:logAppendEntries(1429)) - s13@group-A82F1EDBF13F: succeeded to handle AppendEntries. Reply: s11<-s13#8492:OK-t1,SUCCESS,nextIndex=224,followerCommit=221,matchIndex=223
2023-03-07 04:41:26,653 DEBUG server.RaftServer$Division (RaftServerImpl.java:logAppendEntries(1429)) - s4@group-A82F1EDBF13F: receive appendEntries(s11, 1, (t:1, i:222), 221, true, commits:[s11:c221, s13:c219, s12:c219, s3:c219, s4:c221, s5:c219, s10:c217, s6:c219, s7:c219, s8:c219, s9:c217, s14:c219, s0:c221, s1:c220, s2:c219], cId:8486, entries: [(t:1, i:223), STATEMACHINELOGENTRY, 8483@client-8BEEC01311DE]
2023-03-07 04:41:26,653 DEBUG server.RaftServer$Division (RaftServerImpl.java:logAppendEntries(1429)) - s5@group-A82F1EDBF13F: succeeded to handle AppendEntries. Reply: s11<-s5#8489:OK-t1,SUCCESS,nextIndex=224,followerCommit=221,matchIndex=223
2023-03-07 04:41:26,653 DEBUG server.RaftServer$Division (RaftServerImpl.java:logAppendEntries(1429)) - s6@group-A82F1EDBF13F: succeeded to handle AppendEntries. Reply: s11<-s6#8491:OK-t1,SUCCESS,nextIndex=224,followerCommit=221,matchIndex=223
2023-03-07 04:41:26,653 DEBUG server.RaftServer$Division (RaftServerImpl.java:logAppendEntries(1429)) - s10@group-A82F1EDBF13F: receive appendEntries(s11, 1, (t:1, i:221), 221, true, commits:[s11:c221, s13:c221, s12:c221, s3:c219, s4:c221, s5:c221, s10:c219, s6:c221, s7:c219, s8:c221, s9:c219, s14:c219, s0:c221, s1:c220, s2:c221], cId:8495, entries: [(t:1, i:222), METADATAENTRY(c:221), (t:1, i:223), STATEMACHINELOGENTRY, 8483@client-8BEEC01311DE]
2023-03-07 04:41:26,654 DEBUG server.RaftServer$Division (RaftServerImpl.java:logAppendEntries(1429)) - s1@group-A82F1EDBF13F: succeeded to handle AppendEntries. Reply: s11<-s1#8485:OK-t1,SUCCESS,nextIndex=224,followerCommit=221,matchIndex=223
2023-03-07 04:41:26,654 DEBUG server.RaftServer$Division (RaftServerImpl.java:logAppendEntries(1429)) - s4@group-A82F1EDBF13F: succeeded to handle AppendEntries. Reply: s11<-s4#8486:OK-t1,SUCCESS,nextIndex=224,followerCommit=221,matchIndex=223
2023-03-07 04:41:26,654 DEBUG server.RaftServer$Division (RaftServerImpl.java:logAppendEntries(1429)) - s9@group-A82F1EDBF13F: succeeded to handle AppendEntries. Reply: s11<-s9#8493:OK-t1,SUCCESS,nextIndex=224,followerCommit=221,matchIndex=223
2023-03-07 04:41:26,654 DEBUG server.RaftServer$Division (RaftServerImpl.java:logAppendEntries(1429)) - s10@group-A82F1EDBF13F: succeeded to handle AppendEntries. Reply: s11<-s10#8495:OK-t1,SUCCESS,nextIndex=224,followerCommit=221,matchIndex=223
2023-03-07 04:41:26,654 DEBUG server.RaftServer$Division (RaftServerImpl.java:logAppendEntries(1429)) - s3@group-A82F1EDBF13F: succeeded to handle AppendEntries. Reply: s11<-s3#8496:OK-t1,SUCCESS,nextIndex=224,followerCommit=221,matchIndex=223
2023-03-07 04:41:26,654 DEBUG server.RaftServer$Division (RaftServerImpl.java:logAppendEntries(1429)) - s0@group-A82F1EDBF13F: receive appendEntries(s11, 1, (t:1, i:222), 221, true, commits:[s11:c221, s13:c219, s12:c219, s3:c219, s4:c221, s5:c219, s10:c217, s6:c219, s7:c219, s8:c219, s9:c217, s14:c219, s0:c221, s1:c220, s2:c219], cId:8487, entries: [(t:1, i:223), STATEMACHINELOGENTRY, 8483@client-8BEEC01311DE]
2023-03-07 04:41:26,655 INFO  statemachine.StateMachine (ArithmeticStateMachine.java:applyTransaction(182)) - LEADER:s11-223: b = 7080 = 7080
2023-03-07 04:41:26,655 DEBUG server.RaftServer$Division (RaftServerImpl.java:logAppendEntries(1429)) - s6@group-A82F1EDBF13F: receive appendEntries(s11, 1, (t:1, i:223), 223, true, commits:[s11:c223, s13:c221, s12:c221, s3:c221, s4:c221, s5:c221, s10:c219, s6:c221, s7:c219, s8:c221, s9:c219, s14:c220, s0:c221, s1:c221, s2:c221], cId:8501, entries: [(t:1, i:224), METADATAENTRY(c:223)]
2023-03-07 04:41:26,655 DEBUG server.RaftServer$Division (RaftServerImpl.java:logAppendEntries(1429)) - s0@group-A82F1EDBF13F: succeeded to handle AppendEntries. Reply: s11<-s0#8487:OK-t1,SUCCESS,nextIndex=224,followerCommit=221,matchIndex=223
2023-03-07 04:41:26,655 DEBUG server.RaftServer$Division (RaftServerImpl.java:logAppendEntries(1429)) - s14@group-A82F1EDBF13F: receive appendEntries(s11, 1, (t:1, i:221), 221, true, commits:[s11:c221, s13:c221, s12:c221, s3:c221, s4:c221, s5:c221, s10:c219, s6:c221, s7:c219, s8:c221, s9:c219, s14:c220, s0:c221, s1:c220, s2:c221], cId:8497, entries: [(t:1, i:222), METADATAENTRY(c:221), (t:1, i:223), STATEMACHINELOGENTRY, 8483@client-8BEEC01311DE]
2023-03-07 04:41:26,656 DEBUG server.RaftServer$Division (RaftServerImpl.java:logAppendEntries(1429)) - s8@group-A82F1EDBF13F: receive appendEntries(s11, 1, (t:1, i:223), 223, true, commits:[s11:c223, s13:c221, s12:c221, s3:c221, s4:c221, s5:c221, s10:c219, s6:c221, s7:c219, s8:c221, s9:c219, s14:c220, s0:c221, s1:c221, s2:c221], cId:8502, entries: [(t:1, i:224), METADATAENTRY(c:223)]
2023-03-07 04:41:26,656 DEBUG server.RaftServer$Division (RaftServerImpl.java:logAppendEntries(1429)) - s5@group-A82F1EDBF13F: receive appendEntries(s11, 1, (t:1, i:223), 223, true, commits:[s11:c223, s13:c221, s12:c221, s3:c221, s4:c221, s5:c221, s10:c219, s6:c221, s7:c219, s8:c221, s9:c219, s14:c220, s0:c221, s1:c221, s2:c221], cId:8500, entries: [(t:1, i:224), METADATAENTRY(c:223)]
2023-03-07 04:41:26,656 DEBUG server.RaftServer$Division (RaftServerImpl.java:logAppendEntries(1429)) - s13@group-A82F1EDBF13F: receive appendEntries(s11, 1, (t:1, i:223), 223, true, commits:[s11:c223, s13:c221, s12:c221, s3:c221, s4:c221, s5:c221, s10:c219, s6:c221, s7:c219, s8:c221, s9:c219, s14:c220, s0:c221, s1:c221, s2:c221], cId:8499, entries: [(t:1, i:224), METADATAENTRY(c:223)]
2023-03-07 04:41:26,656 DEBUG server.RaftServer$Division (RaftServerImpl.java:logAppendEntries(1429)) - s4@group-A82F1EDBF13F: receive appendEntries(s11, 1, (t:1, i:223), 223, true, commits:[s11:c223, s13:c221, s12:c221, s3:c221, s4:c221, s5:c221, s10:c219, s6:c221, s7:c219, s8:c221, s9:c219, s14:c220, s0:c221, s1:c221, s2:c221], cId:8503, entries: [(t:1, i:224), METADATAENTRY(c:223)]
2023-03-07 04:41:26,656 DEBUG server.RaftServer$Division (RaftServerImpl.java:logAppendEntries(1429)) - s1@group-A82F1EDBF13F: receive appendEntries(s11, 1, (t:1, i:223), 223, true, commits:[s11:c223, s13:c221, s12:c221, s3:c221, s4:c221, s5:c221, s10:c219, s6:c221, s7:c219, s8:c221, s9:c219, s14:c220, s0:c221, s1:c221, s2:c221], cId:8498, entries: [(t:1, i:224), METADATAENTRY(c:223)]
2023-03-07 04:41:26,657 DEBUG server.RaftServer$Division (RaftServerImpl.java:logAppendEntries(1429)) - s12@group-A82F1EDBF13F: receive appendEntries(s11, 1, (t:1, i:222), 221, true, commits:[s11:c221, s13:c221, s12:c221, s3:c219, s4:c221, s5:c221, s10:c219, s6:c221, s7:c219, s8:c221, s9:c219, s14:c219, s0:c221, s1:c220, s2:c221], cId:8494, entries: [(t:1, i:223), STATEMACHINELOGENTRY, 8483@client-8BEEC01311DE]
2023-03-07 04:41:26,657 DEBUG server.RaftServer$Division (RaftServerImpl.java:logAppendEntries(1429)) - s0@group-A82F1EDBF13F: receive appendEntries(s11, 1, (t:1, i:223), 223, true, commits:[s11:c223, s13:c221, s12:c221, s3:c221, s4:c221, s5:c221, s10:c219, s6:c221, s7:c219, s8:c221, s9:c219, s14:c220, s0:c221, s1:c221, s2:c221], cId:8505, entries: [(t:1, i:224), METADATAENTRY(c:223)]
2023-03-07 04:41:26,657 DEBUG server.RaftServer$Division (RaftServerImpl.java:logAppendEntries(1429)) - s3@group-A82F1EDBF13F: receive appendEntries(s11, 1, (t:1, i:223), 223, true, commits:[s11:c223, s13:c221, s12:c221, s3:c221, s4:c221, s5:c221, s10:c219, s6:c221, s7:c219, s8:c221, s9:c219, s14:c220, s0:c221, s1:c221, s2:c221], cId:8504, entries: [(t:1, i:224), METADATAENTRY(c:223)]
2023-03-07 04:41:26,657 DEBUG server.RaftServer$Division (RaftServerImpl.java:logAppendEntries(1429)) - s4@group-A82F1EDBF13F: succeeded to handle AppendEntries. Reply: s11<-s4#8503:OK-t1,SUCCESS,nextIndex=225,followerCommit=223,matchIndex=224
2023-03-07 04:41:26,657 DEBUG server.RaftServer$Division (RaftServerImpl.java:logAppendEntries(1429)) - s14@group-A82F1EDBF13F: succeeded to handle AppendEntries. Reply: s11<-s14#8497:OK-t1,SUCCESS,nextIndex=224,followerCommit=221,matchIndex=223
2023-03-07 04:41:26,657 DEBUG server.RaftServer$Division (RaftServerImpl.java:logAppendEntries(1429)) - s12@group-A82F1EDBF13F: succeeded to handle AppendEntries. Reply: s11<-s12#8494:OK-t1,SUCCESS,nextIndex=224,followerCommit=221,matchIndex=223
2023-03-07 04:41:26,657 DEBUG server.RaftServer$Division (RaftServerImpl.java:logAppendEntries(1429)) - s1@group-A82F1EDBF13F: succeeded to handle AppendEntries. Reply: s11<-s1#8498:OK-t1,SUCCESS,nextIndex=225,followerCommit=223,matchIndex=224
2023-03-07 04:41:26,657 DEBUG server.RaftServer$Division (RaftServerImpl.java:logAppendEntries(1429)) - s5@group-A82F1EDBF13F: succeeded to handle AppendEntries. Reply: s11<-s5#8500:OK-t1,SUCCESS,nextIndex=225,followerCommit=223,matchIndex=224
2023-03-07 04:41:26,657 DEBUG server.RaftServer$Division (RaftServerImpl.java:logAppendEntries(1429)) - s0@group-A82F1EDBF13F: succeeded to handle AppendEntries. Reply: s11<-s0#8505:OK-t1,SUCCESS,nextIndex=225,followerCommit=223,matchIndex=224
2023-03-07 04:41:26,657 DEBUG server.RaftServer$Division (RaftServerImpl.java:logAppendEntries(1429)) - s3@group-A82F1EDBF13F: succeeded to handle AppendEntries. Reply: s11<-s3#8504:OK-t1,SUCCESS,nextIndex=225,followerCommit=223,matchIndex=224
2023-03-07 04:41:26,658 DEBUG server.RaftServer$Division (RaftServerImpl.java:logAppendEntries(1429)) - s12@group-A82F1EDBF13F: receive appendEntries(s11, 1, (t:1, i:223), 223, true, commits:[s11:c223, s13:c221, s12:c221, s3:c221, s4:c223, s5:c223, s10:c221, s6:c221, s7:c219, s8:c221, s9:c221, s14:c221, s0:c221, s1:c221, s2:c221], cId:8508, entries: [(t:1, i:224), METADATAENTRY(c:223)]
2023-03-07 04:41:26,658 DEBUG server.RaftServer$Division (RaftServerImpl.java:logAppendEntries(1429)) - s10@group-A82F1EDBF13F: receive appendEntries(s11, 1, (t:1, i:223), 223, true, commits:[s11:c223, s13:c221, s12:c221, s3:c221, s4:c223, s5:c223, s10:c221, s6:c221, s7:c219, s8:c221, s9:c219, s14:c221, s0:c221, s1:c221, s2:c221], cId:8507, entries: [(t:1, i:224), METADATAENTRY(c:223)]
2023-03-07 04:41:26,658 DEBUG server.RaftServer$Division (RaftServerImpl.java:logAppendEntries(1429)) - s12@group-A82F1EDBF13F: succeeded to handle AppendEntries. Reply: s11<-s12#8508:OK-t1,SUCCESS,nextIndex=225,followerCommit=223,matchIndex=224
2023-03-07 04:41:26,658 DEBUG server.RaftServer$Division (RaftServerImpl.java:logAppendEntries(1429)) - s10@group-A82F1EDBF13F: succeeded to handle AppendEntries. Reply: s11<-s10#8507:OK-t1,SUCCESS,nextIndex=225,followerCommit=223,matchIndex=224
2023-03-07 04:41:26,658 DEBUG server.RaftServer$Division (RaftServerImpl.java:logAppendEntries(1429)) - s14@group-A82F1EDBF13F: receive appendEntries(s11, 1, (t:1, i:223), 223, true, commits:[s11:c223, s13:c221, s12:c221, s3:c221, s4:c223, s5:c223, s10:c219, s6:c221, s7:c219, s8:c221, s9:c219, s14:c221, s0:c221, s1:c221, s2:c221], cId:8506, entries: [(t:1, i:224), METADATAENTRY(c:223)]
2023-03-07 04:41:26,650 DEBUG server.RaftServer$Division (RaftServerImpl.java:logAppendEntries(1429)) - s7@group-A82F1EDBF13F: receive appendEntries(s11, 1, (t:1, i:220), 221, true, commits:[s11:c221, s13:c219, s12:c219, s3:c219, s4:c219, s5:c219, s10:c217, s6:c219, s7:c219, s8:c219, s9:c217, s14:c219, s0:c219, s1:c218, s2:c219], cId:8484, entries: [(t:1, i:221), STATEMACHINELOGENTRY, 8461@client-8BEEC01311DE, (t:1, i:222), METADATAENTRY(c:221)]
2023-03-07 04:41:26,657 DEBUG server.RaftServer$Division (RaftServerImpl.java:logAppendEntries(1429)) - s13@group-A82F1EDBF13F: succeeded to handle AppendEntries. Reply: s11<-s13#8499:OK-t1,SUCCESS,nextIndex=225,followerCommit=223,matchIndex=224
2023-03-07 04:41:26,656 DEBUG server.RaftServer$Division (RaftServerImpl.java:logAppendEntries(1429)) - s8@group-A82F1EDBF13F: succeeded to handle AppendEntries. Reply: s11<-s8#8502:OK-t1,SUCCESS,nextIndex=225,followerCommit=223,matchIndex=224
2023-03-07 04:41:26,656 DEBUG server.RaftServer$Division (RaftServerImpl.java:logAppendEntries(1429)) - s6@group-A82F1EDBF13F: succeeded to handle AppendEntries. Reply: s11<-s6#8501:OK-t1,SUCCESS,nextIndex=225,followerCommit=223,matchIndex=224
2023-03-07 04:41:26,659 DEBUG server.RaftServer$Division (RaftServerImpl.java:logAppendEntries(1429)) - s14@group-A82F1EDBF13F: succeeded to handle AppendEntries. Reply: s11<-s14#8506:OK-t1,SUCCESS,nextIndex=225,followerCommit=223,matchIndex=224
2023-03-07 04:41:26,659 DEBUG server.RaftServer$Division (RaftServerImpl.java:logAppendEntries(1429)) - s7@group-A82F1EDBF13F: succeeded to handle AppendEntries. Reply: s11<-s7#8484:OK-t1,SUCCESS,nextIndex=223,followerCommit=221,matchIndex=222
2023-03-07 04:41:26,659 DEBUG server.RaftServer$Division (RaftServerImpl.java:logAppendEntries(1429)) - s9@group-A82F1EDBF13F: receive appendEntries(s11, 1, (t:1, i:223), 223, true, commits:[s11:c223, s13:c221, s12:c221, s3:c221, s4:c223, s5:c223, s10:c221, s6:c221, s7:c219, s8:c221, s9:c221, s14:c221, s0:c221, s1:c221, s2:c221], cId:8509, entries: [(t:1, i:224), METADATAENTRY(c:223)]
2023-03-07 04:41:26,659 DEBUG server.RaftServer$Division (RaftServerImpl.java:submitClientRequestAsync(832)) - s11@group-A82F1EDBF13F: receive client request(RaftClientRequest:client-8BEEC01311DE->s11@group-A82F1EDBF13F, cid=8511, seq=0, RW, Message:01016304010300040201...(size=17))
2023-03-07 04:41:26,660 DEBUG server.RaftServer$Division (LeaderStateImpl.java:addPendingRequest(474)) - s11@group-A82F1EDBF13F-LeaderStateImpl: addPendingRequest at RaftClientRequest:client-8BEEC01311DE->s11@group-A82F1EDBF13F, cid=8511, seq=0, RW, Message:01016304010300040201...(size=17), entry=(t:1, i:225), STATEMACHINELOGENTRY, 8511@client-8BEEC01311DE
2023-03-07 04:41:26,660 DEBUG server.RaftServer$Division (RaftServerImpl.java:logAppendEntries(1429)) - s9@group-A82F1EDBF13F: succeeded to handle AppendEntries. Reply: s11<-s9#8509:OK-t1,SUCCESS,nextIndex=225,followerCommit=223,matchIndex=224
2023-03-07 04:41:26,660 DEBUG server.RaftServer$Division (RaftServerImpl.java:logAppendEntries(1429)) - s2@group-A82F1EDBF13F: receive appendEntries(s11, 1, (t:1, i:223), 223, true, commits:[s11:c223, s13:c221, s12:c221, s3:c221, s4:c223, s5:c223, s10:c221, s6:c221, s7:c219, s8:c221, s9:c221, s14:c221, s0:c221, s1:c221, s2:c221], cId:8510, entries: [(t:1, i:224), METADATAENTRY(c:223)]
2023-03-07 04:41:26,660 DEBUG server.RaftServer$Division (RaftServerImpl.java:logAppendEntries(1429)) - s3@group-A82F1EDBF13F: receive appendEntries(s11, 1, (t:1, i:224), 224, true, commits:[s11:c224, s13:c223, s12:c221, s3:c223, s4:c223, s5:c223, s10:c221, s6:c223, s7:c219, s8:c223, s9:c221, s14:c223, s0:c223, s1:c223, s2:c221], cId:8513, entries: [(t:1, i:225), STATEMACHINELOGENTRY, 8511@client-8BEEC01311DE]
2023-03-07 04:41:26,660 DEBUG server.RaftServer$Division (RaftServerImpl.java:logAppendEntries(1429)) - s13@group-A82F1EDBF13F: receive appendEntries(s11, 1, (t:1, i:224), 224, true, commits:[s11:c224, s13:c223, s12:c221, s3:c223, s4:c223, s5:c223, s10:c221, s6:c223, s7:c219, s8:c223, s9:c221, s14:c223, s0:c223, s1:c223, s2:c221], cId:8512, entries: [(t:1, i:225), STATEMACHINELOGENTRY, 8511@client-8BEEC01311DE]
2023-03-07 04:41:26,660 DEBUG server.RaftServer$Division (RaftServerImpl.java:logAppendEntries(1429)) - s2@group-A82F1EDBF13F: succeeded to handle AppendEntries. Reply: s11<-s2#8510:OK-t1,SUCCESS,nextIndex=225,followerCommit=223,matchIndex=224
2023-03-07 04:41:26,660 DEBUG server.RaftServer$Division (RaftServerImpl.java:logAppendEntries(1429)) - s4@group-A82F1EDBF13F: receive appendEntries(s11, 1, (t:1, i:224), 224, true, commits:[s11:c224, s13:c223, s12:c221, s3:c223, s4:c223, s5:c223, s10:c221, s6:c223, s7:c219, s8:c223, s9:c221, s14:c223, s0:c223, s1:c223, s2:c221], cId:8514, entries: [(t:1, i:225), STATEMACHINELOGENTRY, 8511@client-8BEEC01311DE]
2023-03-07 04:41:26,661 DEBUG server.RaftServer$Division (RaftServerImpl.java:logAppendEntries(1429)) - s13@group-A82F1EDBF13F: succeeded to handle AppendEntries. Reply: s11<-s13#8512:OK-t1,SUCCESS,nextIndex=226,followerCommit=224,matchIndex=225
2023-03-07 04:41:26,661 DEBUG server.RaftServer$Division (RaftServerImpl.java:logAppendEntries(1429)) - s3@group-A82F1EDBF13F: succeeded to handle AppendEntries. Reply: s11<-s3#8513:OK-t1,SUCCESS,nextIndex=226,followerCommit=224,matchIndex=225
2023-03-07 04:41:26,661 DEBUG server.RaftServer$Division (RaftServerImpl.java:logAppendEntries(1429)) - s4@group-A82F1EDBF13F: succeeded to handle AppendEntries. Reply: s11<-s4#8514:OK-t1,SUCCESS,nextIndex=226,followerCommit=224,matchIndex=225
2023-03-07 04:41:26,661 DEBUG server.RaftServer$Division (RaftServerImpl.java:logAppendEntries(1429)) - s5@group-A82F1EDBF13F: receive appendEntries(s11, 1, (t:1, i:224), 224, true, commits:[s11:c224, s13:c223, s12:c221, s3:c223, s4:c223, s5:c223, s10:c221, s6:c223, s7:c219, s8:c223, s9:c221, s14:c223, s0:c223, s1:c223, s2:c221], cId:8515, entries: [(t:1, i:225), STATEMACHINELOGENTRY, 8511@client-8BEEC01311DE]
2023-03-07 04:41:26,661 DEBUG server.RaftServer$Division (RaftServerImpl.java:logAppendEntries(1429)) - s5@group-A82F1EDBF13F: succeeded to handle AppendEntries. Reply: s11<-s5#8515:OK-t1,SUCCESS,nextIndex=226,followerCommit=224,matchIndex=225
2023-03-07 04:41:26,662 DEBUG server.RaftServer$Division (RaftServerImpl.java:logAppendEntries(1429)) - s10@group-A82F1EDBF13F: receive appendEntries(s11, 1, (t:1, i:224), 224, true, commits:[s11:c224, s13:c223, s12:c223, s3:c223, s4:c224, s5:c223, s10:c223, s6:c223, s7:c219, s8:c223, s9:c221, s14:c223, s0:c223, s1:c223, s2:c221], cId:8522, entries: [(t:1, i:225), STATEMACHINELOGENTRY, 8511@client-8BEEC01311DE]
2023-03-07 04:41:26,662 DEBUG server.RaftServer$Division (RaftServerImpl.java:logAppendEntries(1429)) - s12@group-A82F1EDBF13F: receive appendEntries(s11, 1, (t:1, i:224), 224, true, commits:[s11:c224, s13:c223, s12:c223, s3:c223, s4:c224, s5:c223, s10:c223, s6:c223, s7:c219, s8:c223, s9:c221, s14:c223, s0:c223, s1:c223, s2:c221], cId:8521, entries: [(t:1, i:225), STATEMACHINELOGENTRY, 8511@client-8BEEC01311DE]
2023-03-07 04:41:26,662 DEBUG server.RaftServer$Division (RaftServerImpl.java:logAppendEntries(1429)) - s6@group-A82F1EDBF13F: receive appendEntries(s11, 1, (t:1, i:224), 224, true, commits:[s11:c224, s13:c223, s12:c221, s3:c223, s4:c224, s5:c223, s10:c221, s6:c223, s7:c219, s8:c223, s9:c221, s14:c223, s0:c223, s1:c223, s2:c221], cId:8519, entries: [(t:1, i:225), STATEMACHINELOGENTRY, 8511@client-8BEEC01311DE]
2023-03-07 04:41:26,662 DEBUG server.RaftServer$Division (RaftServerImpl.java:logAppendEntries(1429)) - s12@group-A82F1EDBF13F: succeeded to handle AppendEntries. Reply: s11<-s12#8521:OK-t1,SUCCESS,nextIndex=226,followerCommit=224,matchIndex=225
2023-03-07 04:41:26,662 DEBUG server.RaftServer$Division (RaftServerImpl.java:logAppendEntries(1429)) - s10@group-A82F1EDBF13F: succeeded to handle AppendEntries. Reply: s11<-s10#8522:OK-t1,SUCCESS,nextIndex=226,followerCommit=224,matchIndex=225
2023-03-07 04:41:26,662 DEBUG server.RaftServer$Division (RaftServerImpl.java:logAppendEntries(1429)) - s14@group-A82F1EDBF13F: receive appendEntries(s11, 1, (t:1, i:224), 224, true, commits:[s11:c224, s13:c223, s12:c221, s3:c223, s4:c224, s5:c223, s10:c221, s6:c223, s7:c219, s8:c223, s9:c221, s14:c223, s0:c223, s1:c223, s2:c221], cId:8517, entries: [(t:1, i:225), STATEMACHINELOGENTRY, 8511@client-8BEEC01311DE]
2023-03-07 04:41:26,662 DEBUG server.RaftServer$Division (RaftServerImpl.java:logAppendEntries(1429)) - s0@group-A82F1EDBF13F: receive appendEntries(s11, 1, (t:1, i:224), 224, true, commits:[s11:c224, s13:c223, s12:c221, s3:c223, s4:c224, s5:c223, s10:c221, s6:c223, s7:c219, s8:c223, s9:c221, s14:c223, s0:c223, s1:c223, s2:c221], cId:8520, entries: [(t:1, i:225), STATEMACHINELOGENTRY, 8511@client-8BEEC01311DE]
2023-03-07 04:41:26,662 DEBUG server.RaftServer$Division (RaftServerImpl.java:logAppendEntries(1429)) - s6@group-A82F1EDBF13F: succeeded to handle AppendEntries. Reply: s11<-s6#8519:OK-t1,SUCCESS,nextIndex=226,followerCommit=224,matchIndex=225
2023-03-07 04:41:26,663 DEBUG server.RaftServer$Division (RaftServerImpl.java:logAppendEntries(1429)) - s14@group-A82F1EDBF13F: succeeded to handle AppendEntries. Reply: s11<-s14#8517:OK-t1,SUCCESS,nextIndex=226,followerCommit=224,matchIndex=225
2023-03-07 04:41:26,663 DEBUG server.RaftServer$Division (RaftServerImpl.java:logAppendEntries(1429)) - s0@group-A82F1EDBF13F: succeeded to handle AppendEntries. Reply: s11<-s0#8520:OK-t1,SUCCESS,nextIndex=226,followerCommit=224,matchIndex=225
2023-03-07 04:41:26,663 DEBUG server.RaftServer$Division (RaftServerImpl.java:logAppendEntries(1429)) - s8@group-A82F1EDBF13F: receive appendEntries(s11, 1, (t:1, i:224), 224, true, commits:[s11:c224, s13:c223, s12:c221, s3:c223, s4:c224, s5:c223, s10:c221, s6:c223, s7:c219, s8:c223, s9:c221, s14:c223, s0:c223, s1:c223, s2:c221], cId:8518, entries: [(t:1, i:225), STATEMACHINELOGENTRY, 8511@client-8BEEC01311DE]
2023-03-07 04:41:26,663 DEBUG server.RaftServer$Division (RaftServerImpl.java:logAppendEntries(1429)) - s1@group-A82F1EDBF13F: receive appendEntries(s11, 1, (t:1, i:224), 224, true, commits:[s11:c224, s13:c223, s12:c221, s3:c223, s4:c224, s5:c223, s10:c221, s6:c223, s7:c219, s8:c223, s9:c221, s14:c223, s0:c223, s1:c223, s2:c221], cId:8516, entries: [(t:1, i:225), STATEMACHINELOGENTRY, 8511@client-8BEEC01311DE]
2023-03-07 04:41:26,663 DEBUG server.RaftServer$Division (RaftServerImpl.java:logAppendEntries(1429)) - s8@group-A82F1EDBF13F: succeeded to handle AppendEntries. Reply: s11<-s8#8518:OK-t1,SUCCESS,nextIndex=226,followerCommit=224,matchIndex=225
2023-03-07 04:41:26,663 DEBUG server.RaftServer$Division (RaftServerImpl.java:logAppendEntries(1429)) - s9@group-A82F1EDBF13F: receive appendEntries(s11, 1, (t:1, i:224), 224, true, commits:[s11:c224, s13:c223, s12:c223, s3:c223, s4:c224, s5:c223, s10:c223, s6:c223, s7:c219, s8:c223, s9:c223, s14:c223, s0:c223, s1:c223, s2:c221], cId:8523, entries: [(t:1, i:225), STATEMACHINELOGENTRY, 8511@client-8BEEC01311DE]
2023-03-07 04:41:26,664 DEBUG server.RaftServer$Division (RaftServerImpl.java:logAppendEntries(1429)) - s1@group-A82F1EDBF13F: succeeded to handle AppendEntries. Reply: s11<-s1#8516:OK-t1,SUCCESS,nextIndex=226,followerCommit=224,matchIndex=225
2023-03-07 04:41:26,664 DEBUG server.RaftServer$Division (RaftServerImpl.java:logAppendEntries(1429)) - s9@group-A82F1EDBF13F: succeeded to handle AppendEntries. Reply: s11<-s9#8523:OK-t1,SUCCESS,nextIndex=226,followerCommit=224,matchIndex=225
2023-03-07 04:41:26,664 DEBUG server.RaftServer$Division (RaftServerImpl.java:logAppendEntries(1429)) - s2@group-A82F1EDBF13F: receive appendEntries(s11, 1, (t:1, i:224), 224, true, commits:[s11:c224, s13:c223, s12:c223, s3:c223, s4:c224, s5:c223, s10:c223, s6:c223, s7:c219, s8:c223, s9:c223, s14:c223, s0:c223, s1:c223, s2:c223], cId:8524, entries: [(t:1, i:225), STATEMACHINELOGENTRY, 8511@client-8BEEC01311DE]
2023-03-07 04:41:26,664 INFO  statemachine.StateMachine (ArithmeticStateMachine.java:applyTransaction(182)) - LEADER:s11-225: c = √(a^2 + b^2) = 7081
2023-03-07 04:41:26,664 DEBUG server.RaftServer$Division (RaftServerImpl.java:logAppendEntries(1429)) - s2@group-A82F1EDBF13F: succeeded to handle AppendEntries. Reply: s11<-s2#8524:OK-t1,SUCCESS,nextIndex=226,followerCommit=224,matchIndex=225
2023-03-07 04:41:26,665 DEBUG server.RaftServer$Division (RaftServerImpl.java:logAppendEntries(1429)) - s12@group-A82F1EDBF13F: receive appendEntries(s11, 1, (t:1, i:225), 225, true, commits:[s11:c225, s13:c224, s12:c224, s3:c224, s4:c224, s5:c224, s10:c224, s6:c224, s7:c219, s8:c224, s9:c224, s14:c224, s0:c224, s1:c224, s2:c223], cId:8535, entries: [(t:1, i:226), METADATAENTRY(c:225)]
2023-03-07 04:41:26,665 DEBUG server.RaftServer$Division (RaftServerImpl.java:logAppendEntries(1429)) - s9@group-A82F1EDBF13F: receive appendEntries(s11, 1, (t:1, i:225), 225, true, commits:[s11:c225, s13:c224, s12:c224, s3:c224, s4:c224, s5:c224, s10:c223, s6:c224, s7:c219, s8:c224, s9:c224, s14:c224, s0:c224, s1:c224, s2:c223], cId:8534, entries: [(t:1, i:226), METADATAENTRY(c:225)]
2023-03-07 04:41:26,665 DEBUG server.RaftServer$Division (RaftServerImpl.java:logAppendEntries(1429)) - s14@group-A82F1EDBF13F: receive appendEntries(s11, 1, (t:1, i:225), 225, true, commits:[s11:c225, s13:c224, s12:c223, s3:c224, s4:c224, s5:c224, s10:c223, s6:c224, s7:c219, s8:c224, s9:c223, s14:c224, s0:c224, s1:c224, s2:c223], cId:8526, entries: [(t:1, i:226), METADATAENTRY(c:225)]
2023-03-07 04:41:26,665 DEBUG server.RaftServer$Division (RaftServerImpl.java:logAppendEntries(1429)) - s4@group-A82F1EDBF13F: receive appendEntries(s11, 1, (t:1, i:225), 225, true, commits:[s11:c225, s13:c224, s12:c223, s3:c224, s4:c224, s5:c224, s10:c223, s6:c224, s7:c219, s8:c224, s9:c223, s14:c224, s0:c224, s1:c224, s2:c223], cId:8532, entries: [(t:1, i:226), METADATAENTRY(c:225)]
2023-03-07 04:41:26,665 DEBUG server.RaftServer$Division (RaftServerImpl.java:logAppendEntries(1429)) - s0@group-A82F1EDBF13F: receive appendEntries(s11, 1, (t:1, i:225), 225, true, commits:[s11:c225, s13:c224, s12:c223, s3:c224, s4:c224, s5:c224, s10:c223, s6:c224, s7:c219, s8:c224, s9:c223, s14:c224, s0:c224, s1:c224, s2:c223], cId:8531, entries: [(t:1, i:226), METADATAENTRY(c:225)]
2023-03-07 04:41:26,665 DEBUG server.RaftServer$Division (RaftServerImpl.java:logAppendEntries(1429)) - s6@group-A82F1EDBF13F: receive appendEntries(s11, 1, (t:1, i:225), 225, true, commits:[s11:c225, s13:c224, s12:c223, s3:c224, s4:c224, s5:c224, s10:c223, s6:c224, s7:c219, s8:c224, s9:c223, s14:c224, s0:c224, s1:c224, s2:c223], cId:8529, entries: [(t:1, i:226), METADATAENTRY(c:225)]
2023-03-07 04:41:26,665 DEBUG server.RaftServer$Division (RaftServerImpl.java:logAppendEntries(1429)) - s3@group-A82F1EDBF13F: receive appendEntries(s11, 1, (t:1, i:225), 225, true, commits:[s11:c225, s13:c224, s12:c223, s3:c224, s4:c224, s5:c224, s10:c223, s6:c224, s7:c219, s8:c224, s9:c223, s14:c224, s0:c224, s1:c224, s2:c223], cId:8533, entries: [(t:1, i:226), METADATAENTRY(c:225)]
2023-03-07 04:41:26,666 DEBUG server.RaftServer$Division (RaftServerImpl.java:logAppendEntries(1429)) - s10@group-A82F1EDBF13F: receive appendEntries(s11, 1, (t:1, i:225), 225, true, commits:[s11:c225, s13:c224, s12:c224, s3:c224, s4:c224, s5:c224, s10:c224, s6:c224, s7:c219, s8:c224, s9:c224, s14:c224, s0:c224, s1:c224, s2:c223], cId:8536, entries: [(t:1, i:226), METADATAENTRY(c:225)]
2023-03-07 04:41:26,666 DEBUG server.RaftServer$Division (RaftServerImpl.java:logAppendEntries(1429)) - s1@group-A82F1EDBF13F: receive appendEntries(s11, 1, (t:1, i:225), 225, true, commits:[s11:c225, s13:c224, s12:c223, s3:c224, s4:c224, s5:c224, s10:c223, s6:c224, s7:c219, s8:c224, s9:c223, s14:c224, s0:c224, s1:c224, s2:c223], cId:8525, entries: [(t:1, i:226), METADATAENTRY(c:225)]
2023-03-07 04:41:26,666 DEBUG server.RaftServer$Division (RaftServerImpl.java:logAppendEntries(1429)) - s13@group-A82F1EDBF13F: receive appendEntries(s11, 1, (t:1, i:225), 225, true, commits:[s11:c225, s13:c224, s12:c223, s3:c224, s4:c224, s5:c224, s10:c223, s6:c224, s7:c219, s8:c224, s9:c223, s14:c224, s0:c224, s1:c224, s2:c223], cId:8527, entries: [(t:1, i:226), METADATAENTRY(c:225)]
2023-03-07 04:41:26,666 DEBUG server.RaftServer$Division (RaftServerImpl.java:logAppendEntries(1429)) - s5@group-A82F1EDBF13F: receive appendEntries(s11, 1, (t:1, i:225), 225, true, commits:[s11:c225, s13:c224, s12:c223, s3:c224, s4:c224, s5:c224, s10:c223, s6:c224, s7:c219, s8:c224, s9:c223, s14:c224, s0:c224, s1:c224, s2:c223], cId:8530, entries: [(t:1, i:226), METADATAENTRY(c:225)]
2023-03-07 04:41:26,666 DEBUG server.RaftServer$Division (RaftServerImpl.java:logAppendEntries(1429)) - s8@group-A82F1EDBF13F: receive appendEntries(s11, 1, (t:1, i:225), 225, true, commits:[s11:c225, s13:c224, s12:c223, s3:c224, s4:c224, s5:c224, s10:c223, s6:c224, s7:c219, s8:c224, s9:c223, s14:c224, s0:c224, s1:c224, s2:c223], cId:8528, entries: [(t:1, i:226), METADATAENTRY(c:225)]
2023-03-07 04:41:26,667 DEBUG server.RaftServer$Division (RaftServerImpl.java:logAppendEntries(1429)) - s9@group-A82F1EDBF13F: succeeded to handle AppendEntries. Reply: s11<-s9#8534:OK-t1,SUCCESS,nextIndex=227,followerCommit=225,matchIndex=226
2023-03-07 04:41:26,667 DEBUG server.RaftServer$Division (RaftServerImpl.java:logAppendEntries(1429)) - s4@group-A82F1EDBF13F: succeeded to handle AppendEntries. Reply: s11<-s4#8532:OK-t1,SUCCESS,nextIndex=227,followerCommit=225,matchIndex=226
2023-03-07 04:41:26,667 DEBUG server.RaftServer$Division (RaftServerImpl.java:logAppendEntries(1429)) - s0@group-A82F1EDBF13F: succeeded to handle AppendEntries. Reply: s11<-s0#8531:OK-t1,SUCCESS,nextIndex=227,followerCommit=225,matchIndex=226
2023-03-07 04:41:26,667 DEBUG server.RaftServer$Division (RaftServerImpl.java:logAppendEntries(1429)) - s10@group-A82F1EDBF13F: succeeded to handle AppendEntries. Reply: s11<-s10#8536:OK-t1,SUCCESS,nextIndex=227,followerCommit=225,matchIndex=226
2023-03-07 04:41:26,667 DEBUG server.RaftServer$Division (RaftServerImpl.java:logAppendEntries(1429)) - s1@group-A82F1EDBF13F: succeeded to handle AppendEntries. Reply: s11<-s1#8525:OK-t1,SUCCESS,nextIndex=227,followerCommit=225,matchIndex=226
2023-03-07 04:41:26,667 DEBUG server.RaftServer$Division (RaftServerImpl.java:logAppendEntries(1429)) - s6@group-A82F1EDBF13F: succeeded to handle AppendEntries. Reply: s11<-s6#8529:OK-t1,SUCCESS,nextIndex=227,followerCommit=225,matchIndex=226
2023-03-07 04:41:26,667 DEBUG server.RaftServer$Division (RaftServerImpl.java:logAppendEntries(1429)) - s12@group-A82F1EDBF13F: succeeded to handle AppendEntries. Reply: s11<-s12#8535:OK-t1,SUCCESS,nextIndex=227,followerCommit=225,matchIndex=226
2023-03-07 04:41:26,667 DEBUG server.RaftServer$Division (RaftServerImpl.java:logAppendEntries(1429)) - s3@group-A82F1EDBF13F: succeeded to handle AppendEntries. Reply: s11<-s3#8533:OK-t1,SUCCESS,nextIndex=227,followerCommit=225,matchIndex=226
2023-03-07 04:41:26,667 DEBUG server.RaftServer$Division (RaftServerImpl.java:logAppendEntries(1429)) - s8@group-A82F1EDBF13F: succeeded to handle AppendEntries. Reply: s11<-s8#8528:OK-t1,SUCCESS,nextIndex=227,followerCommit=225,matchIndex=226
2023-03-07 04:41:26,667 DEBUG server.RaftServer$Division (RaftServerImpl.java:logAppendEntries(1429)) - s5@group-A82F1EDBF13F: succeeded to handle AppendEntries. Reply: s11<-s5#8530:OK-t1,SUCCESS,nextIndex=227,followerCommit=225,matchIndex=226
2023-03-07 04:41:26,667 DEBUG server.RaftServer$Division (RaftServerImpl.java:logAppendEntries(1429)) - s13@group-A82F1EDBF13F: succeeded to handle AppendEntries. Reply: s11<-s13#8527:OK-t1,SUCCESS,nextIndex=227,followerCommit=225,matchIndex=226
2023-03-07 04:41:26,667 DEBUG server.RaftServer$Division (RaftServerImpl.java:logAppendEntries(1429)) - s14@group-A82F1EDBF13F: succeeded to handle AppendEntries. Reply: s11<-s14#8526:OK-t1,SUCCESS,nextIndex=227,followerCommit=225,matchIndex=226
2023-03-07 04:41:26,668 DEBUG server.RaftServer$Division (RaftServerImpl.java:submitClientRequestAsync(832)) - s11@group-A82F1EDBF13F: receive client request(RaftClientRequest:client-8BEEC01311DE->s11@group-A82F1EDBF13F, cid=8539, seq=0, RW, Message:01016100)
2023-03-07 04:41:26,668 DEBUG server.RaftServer$Division (LeaderStateImpl.java:addPendingRequest(474)) - s11@group-A82F1EDBF13F-LeaderStateImpl: addPendingRequest at RaftClientRequest:client-8BEEC01311DE->s11@group-A82F1EDBF13F, cid=8539, seq=0, RW, Message:01016100, entry=(t:1, i:227), STATEMACHINELOGENTRY, 8539@client-8BEEC01311DE
2023-03-07 04:41:26,669 DEBUG server.RaftServer$Division (RaftServerImpl.java:logAppendEntries(1429)) - s13@group-A82F1EDBF13F: receive appendEntries(s11, 1, (t:1, i:226), 226, true, commits:[s11:c226, s13:c225, s12:c224, s3:c225, s4:c225, s5:c225, s10:c224, s6:c225, s7:c221, s8:c225, s9:c224, s14:c225, s0:c225, s1:c225, s2:c224], cId:8540, entries: [(t:1, i:227), STATEMACHINELOGENTRY, 8539@client-8BEEC01311DE]
2023-03-07 04:41:26,669 DEBUG server.RaftServer$Division (RaftServerImpl.java:logAppendEntries(1429)) - s13@group-A82F1EDBF13F: succeeded to handle AppendEntries. Reply: s11<-s13#8540:OK-t1,SUCCESS,nextIndex=228,followerCommit=226,matchIndex=227
2023-03-07 04:41:26,669 DEBUG server.RaftServer$Division (RaftServerImpl.java:logAppendEntries(1429)) - s2@group-A82F1EDBF13F: receive appendEntries(s11, 1, (t:1, i:225), 225, true, commits:[s11:c225, s13:c224, s12:c224, s3:c224, s4:c224, s5:c224, s10:c224, s6:c224, s7:c219, s8:c224, s9:c224, s14:c224, s0:c224, s1:c224, s2:c224], cId:8537, entries: [(t:1, i:226), METADATAENTRY(c:225)]
2023-03-07 04:41:26,669 DEBUG server.RaftServer$Division (RaftServerImpl.java:logAppendEntries(1429)) - s0@group-A82F1EDBF13F: receive appendEntries(s11, 1, (t:1, i:226), 226, true, commits:[s11:c226, s13:c225, s12:c224, s3:c225, s4:c225, s5:c225, s10:c224, s6:c225, s7:c221, s8:c225, s9:c225, s14:c225, s0:c225, s1:c225, s2:c224], cId:8548, entries: [(t:1, i:227), STATEMACHINELOGENTRY, 8539@client-8BEEC01311DE]
2023-03-07 04:41:26,670 DEBUG server.RaftServer$Division (RaftServerImpl.java:logAppendEntries(1429)) - s4@group-A82F1EDBF13F: receive appendEntries(s11, 1, (t:1, i:226), 226, true, commits:[s11:c226, s13:c225, s12:c224, s3:c225, s4:c225, s5:c225, s10:c224, s6:c225, s7:c221, s8:c225, s9:c225, s14:c225, s0:c225, s1:c225, s2:c224], cId:8547, entries: [(t:1, i:227), STATEMACHINELOGENTRY, 8539@client-8BEEC01311DE]
2023-03-07 04:41:26,670 DEBUG server.RaftServer$Division (RaftServerImpl.java:logAppendEntries(1429)) - s2@group-A82F1EDBF13F: succeeded to handle AppendEntries. Reply: s11<-s2#8537:OK-t1,SUCCESS,nextIndex=227,followerCommit=225,matchIndex=226
2023-03-07 04:41:26,670 DEBUG server.RaftServer$Division (RaftServerImpl.java:logAppendEntries(1429)) - s6@group-A82F1EDBF13F: receive appendEntries(s11, 1, (t:1, i:226), 226, true, commits:[s11:c226, s13:c225, s12:c224, s3:c225, s4:c225, s5:c225, s10:c224, s6:c225, s7:c221, s8:c225, s9:c225, s14:c225, s0:c225, s1:c225, s2:c224], cId:8545, entries: [(t:1, i:227), STATEMACHINELOGENTRY, 8539@client-8BEEC01311DE]
2023-03-07 04:41:26,670 DEBUG server.RaftServer$Division (RaftServerImpl.java:logAppendEntries(1429)) - s4@group-A82F1EDBF13F: succeeded to handle AppendEntries. Reply: s11<-s4#8547:OK-t1,SUCCESS,nextIndex=228,followerCommit=226,matchIndex=227
2023-03-07 04:41:26,670 DEBUG server.RaftServer$Division (RaftServerImpl.java:logAppendEntries(1429)) - s0@group-A82F1EDBF13F: succeeded to handle AppendEntries. Reply: s11<-s0#8548:OK-t1,SUCCESS,nextIndex=228,followerCommit=226,matchIndex=227
2023-03-07 04:41:26,670 DEBUG server.RaftServer$Division (RaftServerImpl.java:logAppendEntries(1429)) - s14@group-A82F1EDBF13F: receive appendEntries(s11, 1, (t:1, i:226), 226, true, commits:[s11:c226, s13:c225, s12:c224, s3:c225, s4:c225, s5:c225, s10:c224, s6:c225, s7:c221, s8:c225, s9:c225, s14:c225, s0:c225, s1:c225, s2:c224], cId:8543, entries: [(t:1, i:227), STATEMACHINELOGENTRY, 8539@client-8BEEC01311DE]
2023-03-07 04:41:26,670 DEBUG server.RaftServer$Division (RaftServerImpl.java:logAppendEntries(1429)) - s3@group-A82F1EDBF13F: receive appendEntries(s11, 1, (t:1, i:226), 226, true, commits:[s11:c226, s13:c225, s12:c224, s3:c225, s4:c225, s5:c225, s10:c224, s6:c225, s7:c221, s8:c225, s9:c225, s14:c225, s0:c225, s1:c225, s2:c224], cId:8549, entries: [(t:1, i:227), STATEMACHINELOGENTRY, 8539@client-8BEEC01311DE]
2023-03-07 04:41:26,670 DEBUG server.RaftServer$Division (RaftServerImpl.java:logAppendEntries(1429)) - s6@group-A82F1EDBF13F: succeeded to handle AppendEntries. Reply: s11<-s6#8545:OK-t1,SUCCESS,nextIndex=228,followerCommit=226,matchIndex=227
2023-03-07 04:41:26,671 DEBUG server.RaftServer$Division (RaftServerImpl.java:logAppendEntries(1429)) - s1@group-A82F1EDBF13F: receive appendEntries(s11, 1, (t:1, i:226), 226, true, commits:[s11:c226, s13:c225, s12:c224, s3:c225, s4:c225, s5:c225, s10:c224, s6:c225, s7:c221, s8:c225, s9:c225, s14:c225, s0:c225, s1:c225, s2:c224], cId:8542, entries: [(t:1, i:227), STATEMACHINELOGENTRY, 8539@client-8BEEC01311DE]
2023-03-07 04:41:26,671 DEBUG server.RaftServer$Division (RaftServerImpl.java:logAppendEntries(1429)) - s3@group-A82F1EDBF13F: succeeded to handle AppendEntries. Reply: s11<-s3#8549:OK-t1,SUCCESS,nextIndex=228,followerCommit=226,matchIndex=227
2023-03-07 04:41:26,671 DEBUG server.RaftServer$Division (RaftServerImpl.java:logAppendEntries(1429)) - s14@group-A82F1EDBF13F: succeeded to handle AppendEntries. Reply: s11<-s14#8543:OK-t1,SUCCESS,nextIndex=228,followerCommit=226,matchIndex=227
2023-03-07 04:41:26,671 DEBUG server.RaftServer$Division (RaftServerImpl.java:logAppendEntries(1429)) - s9@group-A82F1EDBF13F: receive appendEntries(s11, 1, (t:1, i:226), 226, true, commits:[s11:c226, s13:c225, s12:c224, s3:c225, s4:c225, s5:c225, s10:c224, s6:c225, s7:c221, s8:c225, s9:c225, s14:c225, s0:c225, s1:c225, s2:c224], cId:8541, entries: [(t:1, i:227), STATEMACHINELOGENTRY, 8539@client-8BEEC01311DE]
2023-03-07 04:41:26,671 DEBUG server.RaftServer$Division (RaftServerImpl.java:logAppendEntries(1429)) - s1@group-A82F1EDBF13F: succeeded to handle AppendEntries. Reply: s11<-s1#8542:OK-t1,SUCCESS,nextIndex=228,followerCommit=226,matchIndex=227
2023-03-07 04:41:26,671 DEBUG server.RaftServer$Division (RaftServerImpl.java:logAppendEntries(1429)) - s10@group-A82F1EDBF13F: receive appendEntries(s11, 1, (t:1, i:226), 226, true, commits:[s11:c226, s13:c225, s12:c224, s3:c225, s4:c225, s5:c225, s10:c225, s6:c225, s7:c221, s8:c225, s9:c225, s14:c225, s0:c225, s1:c225, s2:c224], cId:8550, entries: [(t:1, i:227), STATEMACHINELOGENTRY, 8539@client-8BEEC01311DE]
2023-03-07 04:41:26,672 DEBUG server.RaftServer$Division (RaftServerImpl.java:logAppendEntries(1429)) - s9@group-A82F1EDBF13F: succeeded to handle AppendEntries. Reply: s11<-s9#8541:OK-t1,SUCCESS,nextIndex=228,followerCommit=226,matchIndex=227
2023-03-07 04:41:26,672 DEBUG server.RaftServer$Division (RaftServerImpl.java:logAppendEntries(1429)) - s10@group-A82F1EDBF13F: succeeded to handle AppendEntries. Reply: s11<-s10#8550:OK-t1,SUCCESS,nextIndex=228,followerCommit=226,matchIndex=227
2023-03-07 04:41:26,672 DEBUG server.RaftServer$Division (RaftServerImpl.java:logAppendEntries(1429)) - s8@group-A82F1EDBF13F: receive appendEntries(s11, 1, (t:1, i:226), 226, true, commits:[s11:c226, s13:c225, s12:c224, s3:c225, s4:c225, s5:c225, s10:c224, s6:c225, s7:c221, s8:c225, s9:c225, s14:c225, s0:c225, s1:c225, s2:c224], cId:8544, entries: [(t:1, i:227), STATEMACHINELOGENTRY, 8539@client-8BEEC01311DE]
2023-03-07 04:41:26,688 DEBUG server.RaftServer$Division (RaftServerImpl.java:logAppendEntries(1429)) - s2@group-A82F1EDBF13F: receive appendEntries(s11, 1, (t:1, i:226), 226, true, commits:[s11:c226, s13:c225, s12:c225, s3:c226, s4:c226, s5:c225, s10:c225, s6:c226, s7:c221, s8:c225, s9:c225, s14:c226, s0:c226, s1:c225, s2:c225], cId:8552, entries: [(t:1, i:227), STATEMACHINELOGENTRY, 8539@client-8BEEC01311DE]
2023-03-07 04:41:26,689 DEBUG server.RaftServer$Division (RaftServerImpl.java:logAppendEntries(1429)) - s2@group-A82F1EDBF13F: succeeded to handle AppendEntries. Reply: s11<-s2#8552:OK-t1,SUCCESS,nextIndex=228,followerCommit=226,matchIndex=227
2023-03-07 04:41:26,689 INFO  statemachine.StateMachine (ArithmeticStateMachine.java:applyTransaction(182)) - LEADER:s11-227: a = null = null
2023-03-07 04:41:26,689 DEBUG server.RaftServer$Division (RaftServerImpl.java:logAppendEntries(1429)) - s1@group-A82F1EDBF13F: receive appendEntries(s11, 1, (t:1, i:227), 227, true, commits:[s11:c227, s13:c226, s12:c225, s3:c226, s4:c226, s5:c225, s10:c226, s6:c226, s7:c221, s8:c225, s9:c226, s14:c226, s0:c226, s1:c226, s2:c225], cId:8553, entries: [(t:1, i:228), METADATAENTRY(c:227)]
2023-03-07 04:41:26,689 DEBUG server.RaftServer$Division (RaftServerImpl.java:logAppendEntries(1429)) - s0@group-A82F1EDBF13F: receive appendEntries(s11, 1, (t:1, i:227), 227, true, commits:[s11:c227, s13:c226, s12:c225, s3:c226, s4:c226, s5:c225, s10:c226, s6:c226, s7:c221, s8:c225, s9:c226, s14:c226, s0:c226, s1:c226, s2:c225], cId:8554, entries: [(t:1, i:228), METADATAENTRY(c:227)]
2023-03-07 04:41:26,690 DEBUG server.RaftServer$Division (RaftServerImpl.java:logAppendEntries(1429)) - s6@group-A82F1EDBF13F: receive appendEntries(s11, 1, (t:1, i:227), 227, true, commits:[s11:c227, s13:c226, s12:c225, s3:c226, s4:c226, s5:c225, s10:c226, s6:c226, s7:c221, s8:c225, s9:c226, s14:c226, s0:c226, s1:c226, s2:c225], cId:8555, entries: [(t:1, i:228), METADATAENTRY(c:227)]
2023-03-07 04:41:26,690 DEBUG server.RaftServer$Division (RaftServerImpl.java:logAppendEntries(1429)) - s1@group-A82F1EDBF13F: succeeded to handle AppendEntries. Reply: s11<-s1#8553:OK-t1,SUCCESS,nextIndex=229,followerCommit=227,matchIndex=228
2023-03-07 04:41:26,690 DEBUG server.RaftServer$Division (RaftServerImpl.java:logAppendEntries(1429)) - s0@group-A82F1EDBF13F: succeeded to handle AppendEntries. Reply: s11<-s0#8554:OK-t1,SUCCESS,nextIndex=229,followerCommit=227,matchIndex=228
2023-03-07 04:41:26,690 DEBUG server.RaftServer$Division (RaftServerImpl.java:logAppendEntries(1429)) - s6@group-A82F1EDBF13F: succeeded to handle AppendEntries. Reply: s11<-s6#8555:OK-t1,SUCCESS,nextIndex=229,followerCommit=227,matchIndex=228
2023-03-07 04:41:26,691 DEBUG server.RaftServer$Division (RaftServerImpl.java:logAppendEntries(1429)) - s2@group-A82F1EDBF13F: receive appendEntries(s11, 1, (t:1, i:227), 227, true, commits:[s11:c227, s13:c226, s12:c225, s3:c226, s4:c226, s5:c225, s10:c226, s6:c226, s7:c221, s8:c225, s9:c226, s14:c226, s0:c226, s1:c226, s2:c226], cId:8559, entries: [(t:1, i:228), METADATAENTRY(c:227)]
2023-03-07 04:41:26,691 DEBUG server.RaftServer$Division (RaftServerImpl.java:logAppendEntries(1429)) - s3@group-A82F1EDBF13F: receive appendEntries(s11, 1, (t:1, i:227), 227, true, commits:[s11:c227, s13:c226, s12:c225, s3:c226, s4:c226, s5:c225, s10:c226, s6:c226, s7:c221, s8:c225, s9:c226, s14:c226, s0:c226, s1:c226, s2:c225], cId:8556, entries: [(t:1, i:228), METADATAENTRY(c:227)]
2023-03-07 04:41:26,691 DEBUG server.RaftServer$Division (RaftServerImpl.java:logAppendEntries(1429)) - s14@group-A82F1EDBF13F: receive appendEntries(s11, 1, (t:1, i:227), 227, true, commits:[s11:c227, s13:c226, s12:c225, s3:c226, s4:c226, s5:c225, s10:c226, s6:c226, s7:c221, s8:c225, s9:c226, s14:c226, s0:c226, s1:c226, s2:c225], cId:8557, entries: [(t:1, i:228), METADATAENTRY(c:227)]
2023-03-07 04:41:26,691 DEBUG server.RaftServer$Division (RaftServerImpl.java:logAppendEntries(1429)) - s10@group-A82F1EDBF13F: receive appendEntries(s11, 1, (t:1, i:227), 227, true, commits:[s11:c227, s13:c226, s12:c225, s3:c226, s4:c226, s5:c225, s10:c226, s6:c226, s7:c221, s8:c225, s9:c226, s14:c226, s0:c226, s1:c226, s2:c226], cId:8562, entries: [(t:1, i:228), METADATAENTRY(c:227)]
2023-03-07 04:41:26,691 DEBUG server.RaftServer$Division (RaftServerImpl.java:logAppendEntries(1429)) - s4@group-A82F1EDBF13F: receive appendEntries(s11, 1, (t:1, i:227), 227, true, commits:[s11:c227, s13:c226, s12:c225, s3:c226, s4:c226, s5:c225, s10:c226, s6:c226, s7:c221, s8:c225, s9:c226, s14:c226, s0:c226, s1:c226, s2:c226], cId:8560, entries: [(t:1, i:228), METADATAENTRY(c:227)]
2023-03-07 04:41:26,691 DEBUG server.RaftServer$Division (RaftServerImpl.java:logAppendEntries(1429)) - s14@group-A82F1EDBF13F: succeeded to handle AppendEntries. Reply: s11<-s14#8557:OK-t1,SUCCESS,nextIndex=229,followerCommit=227,matchIndex=228
2023-03-07 04:41:26,691 DEBUG server.RaftServer$Division (RaftServerImpl.java:logAppendEntries(1429)) - s3@group-A82F1EDBF13F: succeeded to handle AppendEntries. Reply: s11<-s3#8556:OK-t1,SUCCESS,nextIndex=229,followerCommit=227,matchIndex=228
2023-03-07 04:41:26,691 DEBUG server.RaftServer$Division (RaftServerImpl.java:logAppendEntries(1429)) - s10@group-A82F1EDBF13F: succeeded to handle AppendEntries. Reply: s11<-s10#8562:OK-t1,SUCCESS,nextIndex=229,followerCommit=227,matchIndex=228
2023-03-07 04:41:26,691 DEBUG server.RaftServer$Division (RaftServerImpl.java:logAppendEntries(1429)) - s2@group-A82F1EDBF13F: succeeded to handle AppendEntries. Reply: s11<-s2#8559:OK-t1,SUCCESS,nextIndex=229,followerCommit=227,matchIndex=228
2023-03-07 04:41:26,691 DEBUG server.RaftServer$Division (RaftServerImpl.java:logAppendEntries(1429)) - s9@group-A82F1EDBF13F: receive appendEntries(s11, 1, (t:1, i:227), 227, true, commits:[s11:c227, s13:c226, s12:c225, s3:c226, s4:c226, s5:c225, s10:c226, s6:c226, s7:c221, s8:c225, s9:c226, s14:c226, s0:c226, s1:c226, s2:c226], cId:8561, entries: [(t:1, i:228), METADATAENTRY(c:227)]
2023-03-07 04:41:26,692 DEBUG server.RaftServer$Division (RaftServerImpl.java:logAppendEntries(1429)) - s13@group-A82F1EDBF13F: receive appendEntries(s11, 1, (t:1, i:227), 227, true, commits:[s11:c227, s13:c226, s12:c225, s3:c226, s4:c226, s5:c225, s10:c226, s6:c226, s7:c221, s8:c225, s9:c226, s14:c226, s0:c226, s1:c226, s2:c225], cId:8558, entries: [(t:1, i:228), METADATAENTRY(c:227)]
2023-03-07 04:41:26,692 DEBUG server.RaftServer$Division (RaftServerImpl.java:logAppendEntries(1429)) - s13@group-A82F1EDBF13F: succeeded to handle AppendEntries. Reply: s11<-s13#8558:OK-t1,SUCCESS,nextIndex=229,followerCommit=227,matchIndex=228
2023-03-07 04:41:26,692 DEBUG server.RaftServer$Division (RaftServerImpl.java:logAppendEntries(1429)) - s4@group-A82F1EDBF13F: succeeded to handle AppendEntries. Reply: s11<-s4#8560:OK-t1,SUCCESS,nextIndex=229,followerCommit=227,matchIndex=228
2023-03-07 04:41:26,692 DEBUG server.RaftServer$Division (RaftServerImpl.java:logAppendEntries(1429)) - s9@group-A82F1EDBF13F: succeeded to handle AppendEntries. Reply: s11<-s9#8561:OK-t1,SUCCESS,nextIndex=229,followerCommit=227,matchIndex=228
2023-03-07 04:41:26,693 DEBUG server.RaftServer$Division (RaftServerImpl.java:logAppendEntries(1429)) - s7@group-A82F1EDBF13F: receive appendEntries(s11, 1, (t:1, i:222), 225, true, commits:[s11:c225, s13:c224, s12:c224, s3:c224, s4:c224, s5:c224, s10:c224, s6:c224, s7:c221, s8:c224, s9:c224, s14:c224, s0:c224, s1:c224, s2:c224], cId:8538, entries: [(t:1, i:223), STATEMACHINELOGENTRY, 8483@client-8BEEC01311DE, (t:1, i:224), METADATAENTRY(c:223), (t:1, i:225), STATEMACHINELOGENTRY, 8511@client-8BEEC01311DE, (t:1, i:226), METADATAENTRY(c:225)]
2023-03-07 04:41:26,693 DEBUG server.RaftServer$Division (RaftServerImpl.java:logAppendEntries(1429)) - s5@group-A82F1EDBF13F: receive appendEntries(s11, 1, (t:1, i:226), 226, true, commits:[s11:c226, s13:c225, s12:c224, s3:c225, s4:c225, s5:c225, s10:c224, s6:c225, s7:c221, s8:c225, s9:c225, s14:c225, s0:c225, s1:c225, s2:c224], cId:8546, entries: [(t:1, i:227), STATEMACHINELOGENTRY, 8539@client-8BEEC01311DE]
2023-03-07 04:41:26,693 DEBUG server.RaftServer$Division (RaftServerImpl.java:logAppendEntries(1429)) - s12@group-A82F1EDBF13F: receive appendEntries(s11, 1, (t:1, i:226), 226, true, commits:[s11:c226, s13:c225, s12:c225, s3:c226, s4:c226, s5:c225, s10:c225, s6:c226, s7:c221, s8:c225, s9:c225, s14:c226, s0:c226, s1:c225, s2:c224], cId:8551, entries: [(t:1, i:227), STATEMACHINELOGENTRY, 8539@client-8BEEC01311DE]
2023-03-07 04:41:26,694 DEBUG server.RaftServer$Division (RaftServerImpl.java:logAppendEntries(1429)) - s5@group-A82F1EDBF13F: succeeded to handle AppendEntries. Reply: s11<-s5#8546:OK-t1,SUCCESS,nextIndex=228,followerCommit=226,matchIndex=227
2023-03-07 04:41:26,694 DEBUG server.RaftServer$Division (RaftServerImpl.java:logAppendEntries(1429)) - s12@group-A82F1EDBF13F: succeeded to handle AppendEntries. Reply: s11<-s12#8551:OK-t1,SUCCESS,nextIndex=228,followerCommit=226,matchIndex=227
2023-03-07 04:41:26,694 DEBUG server.RaftServer$Division (RaftServerImpl.java:logAppendEntries(1429)) - s8@group-A82F1EDBF13F: succeeded to handle AppendEntries. Reply: s11<-s8#8544:OK-t1,SUCCESS,nextIndex=228,followerCommit=226,matchIndex=227
2023-03-07 04:41:26,695 DEBUG server.RaftServer$Division (RaftServerImpl.java:logAppendEntries(1429)) - s8@group-A82F1EDBF13F: receive appendEntries(s11, 1, (t:1, i:227), 228, true, commits:[s11:c228, s13:c227, s12:c225, s3:c227, s4:c227, s5:c225, s10:c227, s6:c227, s7:c221, s8:c226, s9:c227, s14:c227, s0:c227, s1:c227, s2:c227], cId:8564, entries: [(t:1, i:228), METADATAENTRY(c:227)]
2023-03-07 04:41:26,695 DEBUG server.RaftServer$Division (RaftServerImpl.java:submitClientRequestAsync(832)) - s11@group-A82F1EDBF13F: receive client request(RaftClientRequest:client-8BEEC01311DE->s11@group-A82F1EDBF13F, cid=8563, seq=0, RW, Message:01016200)
2023-03-07 04:41:26,695 DEBUG server.RaftServer$Division (RaftServerImpl.java:logAppendEntries(1429)) - s5@group-A82F1EDBF13F: receive appendEntries(s11, 1, (t:1, i:227), 228, true, commits:[s11:c228, s13:c227, s12:c226, s3:c227, s4:c227, s5:c226, s10:c227, s6:c227, s7:c221, s8:c226, s9:c227, s14:c227, s0:c227, s1:c227, s2:c227], cId:8566, entries: [(t:1, i:228), METADATAENTRY(c:227)]
2023-03-07 04:41:26,695 DEBUG server.RaftServer$Division (LeaderStateImpl.java:addPendingRequest(474)) - s11@group-A82F1EDBF13F-LeaderStateImpl: addPendingRequest at RaftClientRequest:client-8BEEC01311DE->s11@group-A82F1EDBF13F, cid=8563, seq=0, RW, Message:01016200, entry=(t:1, i:229), STATEMACHINELOGENTRY, 8563@client-8BEEC01311DE
2023-03-07 04:41:26,695 DEBUG server.RaftServer$Division (RaftServerImpl.java:logAppendEntries(1429)) - s8@group-A82F1EDBF13F: succeeded to handle AppendEntries. Reply: s11<-s8#8564:OK-t1,SUCCESS,nextIndex=229,followerCommit=228,matchIndex=228
2023-03-07 04:41:26,695 DEBUG server.RaftServer$Division (RaftServerImpl.java:logAppendEntries(1429)) - s7@group-A82F1EDBF13F: succeeded to handle AppendEntries. Reply: s11<-s7#8538:OK-t1,SUCCESS,nextIndex=227,followerCommit=225,matchIndex=226
2023-03-07 04:41:26,696 DEBUG server.RaftServer$Division (RaftServerImpl.java:logAppendEntries(1429)) - s5@group-A82F1EDBF13F: succeeded to handle AppendEntries. Reply: s11<-s5#8566:OK-t1,SUCCESS,nextIndex=229,followerCommit=228,matchIndex=228
2023-03-07 04:41:26,696 DEBUG server.RaftServer$Division (RaftServerImpl.java:logAppendEntries(1429)) - s3@group-A82F1EDBF13F: receive appendEntries(s11, 1, (t:1, i:228), 228, true, commits:[s11:c228, s13:c227, s12:c226, s3:c227, s4:c227, s5:c226, s10:c227, s6:c227, s7:c221, s8:c226, s9:c227, s14:c227, s0:c227, s1:c227, s2:c227], cId:8567, entries: [(t:1, i:229), STATEMACHINELOGENTRY, 8563@client-8BEEC01311DE]
2023-03-07 04:41:26,696 DEBUG server.RaftServer$Division (RaftServerImpl.java:logAppendEntries(1429)) - s14@group-A82F1EDBF13F: receive appendEntries(s11, 1, (t:1, i:228), 228, true, commits:[s11:c228, s13:c227, s12:c226, s3:c227, s4:c227, s5:c226, s10:c227, s6:c227, s7:c221, s8:c226, s9:c227, s14:c227, s0:c227, s1:c227, s2:c227], cId:8568, entries: [(t:1, i:229), STATEMACHINELOGENTRY, 8563@client-8BEEC01311DE]
2023-03-07 04:41:26,696 DEBUG server.RaftServer$Division (RaftServerImpl.java:logAppendEntries(1429)) - s0@group-A82F1EDBF13F: receive appendEntries(s11, 1, (t:1, i:228), 228, true, commits:[s11:c228, s13:c227, s12:c226, s3:c227, s4:c227, s5:c226, s10:c227, s6:c227, s7:c221, s8:c226, s9:c227, s14:c227, s0:c227, s1:c227, s2:c227], cId:8572, entries: [(t:1, i:229), STATEMACHINELOGENTRY, 8563@client-8BEEC01311DE]
2023-03-07 04:41:26,696 DEBUG server.RaftServer$Division (RaftServerImpl.java:logAppendEntries(1429)) - s9@group-A82F1EDBF13F: receive appendEntries(s11, 1, (t:1, i:228), 228, true, commits:[s11:c228, s13:c227, s12:c226, s3:c227, s4:c227, s5:c226, s10:c227, s6:c227, s7:c221, s8:c226, s9:c227, s14:c227, s0:c227, s1:c227, s2:c227], cId:8573, entries: [(t:1, i:229), STATEMACHINELOGENTRY, 8563@client-8BEEC01311DE]
2023-03-07 04:41:26,696 DEBUG server.RaftServer$Division (RaftServerImpl.java:logAppendEntries(1429)) - s6@group-A82F1EDBF13F: receive appendEntries(s11, 1, (t:1, i:228), 228, true, commits:[s11:c228, s13:c227, s12:c226, s3:c227, s4:c227, s5:c226, s10:c227, s6:c227, s7:c221, s8:c226, s9:c227, s14:c227, s0:c227, s1:c227, s2:c227], cId:8574, entries: [(t:1, i:229), STATEMACHINELOGENTRY, 8563@client-8BEEC01311DE]
2023-03-07 04:41:26,696 DEBUG server.RaftServer$Division (RaftServerImpl.java:logAppendEntries(1429)) - s10@group-A82F1EDBF13F: receive appendEntries(s11, 1, (t:1, i:228), 228, true, commits:[s11:c228, s13:c227, s12:c226, s3:c227, s4:c227, s5:c226, s10:c227, s6:c227, s7:c221, s8:c226, s9:c227, s14:c227, s0:c227, s1:c227, s2:c227], cId:8570, entries: [(t:1, i:229), STATEMACHINELOGENTRY, 8563@client-8BEEC01311DE]
2023-03-07 04:41:26,696 DEBUG server.RaftServer$Division (RaftServerImpl.java:logAppendEntries(1429)) - s12@group-A82F1EDBF13F: receive appendEntries(s11, 1, (t:1, i:227), 228, true, commits:[s11:c228, s13:c227, s12:c226, s3:c227, s4:c227, s5:c226, s10:c227, s6:c227, s7:c221, s8:c226, s9:c227, s14:c227, s0:c227, s1:c227, s2:c227], cId:8565, entries: [(t:1, i:228), METADATAENTRY(c:227)]
2023-03-07 04:41:26,697 DEBUG server.RaftServer$Division (RaftServerImpl.java:logAppendEntries(1429)) - s0@group-A82F1EDBF13F: succeeded to handle AppendEntries. Reply: s11<-s0#8572:OK-t1,SUCCESS,nextIndex=230,followerCommit=228,matchIndex=229
2023-03-07 04:41:26,697 DEBUG server.RaftServer$Division (RaftServerImpl.java:logAppendEntries(1429)) - s6@group-A82F1EDBF13F: succeeded to handle AppendEntries. Reply: s11<-s6#8574:OK-t1,SUCCESS,nextIndex=230,followerCommit=228,matchIndex=229
2023-03-07 04:41:26,697 DEBUG server.RaftServer$Division (RaftServerImpl.java:logAppendEntries(1429)) - s14@group-A82F1EDBF13F: succeeded to handle AppendEntries. Reply: s11<-s14#8568:OK-t1,SUCCESS,nextIndex=230,followerCommit=228,matchIndex=229
2023-03-07 04:41:26,697 DEBUG server.RaftServer$Division (RaftServerImpl.java:logAppendEntries(1429)) - s10@group-A82F1EDBF13F: succeeded to handle AppendEntries. Reply: s11<-s10#8570:OK-t1,SUCCESS,nextIndex=230,followerCommit=228,matchIndex=229
2023-03-07 04:41:26,697 DEBUG server.RaftServer$Division (RaftServerImpl.java:logAppendEntries(1429)) - s9@group-A82F1EDBF13F: succeeded to handle AppendEntries. Reply: s11<-s9#8573:OK-t1,SUCCESS,nextIndex=230,followerCommit=228,matchIndex=229
2023-03-07 04:41:26,697 DEBUG server.RaftServer$Division (RaftServerImpl.java:logAppendEntries(1429)) - s3@group-A82F1EDBF13F: succeeded to handle AppendEntries. Reply: s11<-s3#8567:OK-t1,SUCCESS,nextIndex=230,followerCommit=228,matchIndex=229
2023-03-07 04:41:26,697 DEBUG server.RaftServer$Division (RaftServerImpl.java:logAppendEntries(1429)) - s13@group-A82F1EDBF13F: receive appendEntries(s11, 1, (t:1, i:228), 228, true, commits:[s11:c228, s13:c227, s12:c226, s3:c227, s4:c227, s5:c226, s10:c227, s6:c227, s7:c221, s8:c226, s9:c227, s14:c227, s0:c227, s1:c227, s2:c227], cId:8569, entries: [(t:1, i:229), STATEMACHINELOGENTRY, 8563@client-8BEEC01311DE]
2023-03-07 04:41:26,697 DEBUG server.RaftServer$Division (RaftServerImpl.java:logAppendEntries(1429)) - s1@group-A82F1EDBF13F: receive appendEntries(s11, 1, (t:1, i:228), 228, true, commits:[s11:c228, s13:c227, s12:c226, s3:c227, s4:c227, s5:c226, s10:c227, s6:c227, s7:c221, s8:c226, s9:c227, s14:c227, s0:c227, s1:c227, s2:c227], cId:8575, entries: [(t:1, i:229), STATEMACHINELOGENTRY, 8563@client-8BEEC01311DE]
2023-03-07 04:41:26,697 DEBUG server.RaftServer$Division (RaftServerImpl.java:logAppendEntries(1429)) - s2@group-A82F1EDBF13F: receive appendEntries(s11, 1, (t:1, i:228), 228, true, commits:[s11:c228, s13:c227, s12:c226, s3:c227, s4:c227, s5:c226, s10:c227, s6:c227, s7:c221, s8:c226, s9:c227, s14:c227, s0:c227, s1:c227, s2:c227], cId:8576, entries: [(t:1, i:229), STATEMACHINELOGENTRY, 8563@client-8BEEC01311DE]
2023-03-07 04:41:26,696 DEBUG server.RaftServer$Division (RaftServerImpl.java:logAppendEntries(1429)) - s4@group-A82F1EDBF13F: receive appendEntries(s11, 1, (t:1, i:228), 228, true, commits:[s11:c228, s13:c227, s12:c226, s3:c227, s4:c227, s5:c226, s10:c227, s6:c227, s7:c221, s8:c226, s9:c227, s14:c227, s0:c227, s1:c227, s2:c227], cId:8571, entries: [(t:1, i:229), STATEMACHINELOGENTRY, 8563@client-8BEEC01311DE]
2023-03-07 04:41:26,697 DEBUG server.RaftServer$Division (RaftServerImpl.java:logAppendEntries(1429)) - s12@group-A82F1EDBF13F: succeeded to handle AppendEntries. Reply: s11<-s12#8565:OK-t1,SUCCESS,nextIndex=229,followerCommit=228,matchIndex=228
2023-03-07 04:41:26,698 DEBUG server.RaftServer$Division (RaftServerImpl.java:logAppendEntries(1429)) - s4@group-A82F1EDBF13F: succeeded to handle AppendEntries. Reply: s11<-s4#8571:OK-t1,SUCCESS,nextIndex=230,followerCommit=228,matchIndex=229
2023-03-07 04:41:26,698 DEBUG server.RaftServer$Division (RaftServerImpl.java:logAppendEntries(1429)) - s13@group-A82F1EDBF13F: succeeded to handle AppendEntries. Reply: s11<-s13#8569:OK-t1,SUCCESS,nextIndex=230,followerCommit=228,matchIndex=229
2023-03-07 04:41:26,698 DEBUG server.RaftServer$Division (RaftServerImpl.java:logAppendEntries(1429)) - s1@group-A82F1EDBF13F: succeeded to handle AppendEntries. Reply: s11<-s1#8575:OK-t1,SUCCESS,nextIndex=230,followerCommit=228,matchIndex=229
2023-03-07 04:41:26,698 DEBUG server.RaftServer$Division (RaftServerImpl.java:logAppendEntries(1429)) - s2@group-A82F1EDBF13F: succeeded to handle AppendEntries. Reply: s11<-s2#8576:OK-t1,SUCCESS,nextIndex=230,followerCommit=228,matchIndex=229
2023-03-07 04:41:26,698 INFO  statemachine.StateMachine (ArithmeticStateMachine.java:applyTransaction(182)) - LEADER:s11-229: b = null = null
2023-03-07 04:41:26,699 DEBUG server.RaftServer$Division (RaftServerImpl.java:logAppendEntries(1429)) - s2@group-A82F1EDBF13F: receive appendEntries(s11, 1, (t:1, i:229), 229, true, commits:[s11:c229, s13:c227, s12:c228, s3:c228, s4:c228, s5:c226, s10:c228, s6:c228, s7:c221, s8:c228, s9:c228, s14:c228, s0:c228, s1:c227, s2:c228], cId:8581, entries: [(t:1, i:230), METADATAENTRY(c:229)]
2023-03-07 04:41:26,699 DEBUG server.RaftServer$Division (RaftServerImpl.java:logAppendEntries(1429)) - s0@group-A82F1EDBF13F: receive appendEntries(s11, 1, (t:1, i:229), 229, true, commits:[s11:c229, s13:c227, s12:c228, s3:c228, s4:c228, s5:c226, s10:c228, s6:c228, s7:c221, s8:c228, s9:c228, s14:c228, s0:c228, s1:c227, s2:c228], cId:8585, entries: [(t:1, i:230), METADATAENTRY(c:229)]
2023-03-07 04:41:26,699 DEBUG server.RaftServer$Division (RaftServerImpl.java:logAppendEntries(1429)) - s6@group-A82F1EDBF13F: receive appendEntries(s11, 1, (t:1, i:229), 229, true, commits:[s11:c229, s13:c227, s12:c228, s3:c228, s4:c228, s5:c226, s10:c228, s6:c228, s7:c221, s8:c228, s9:c228, s14:c228, s0:c228, s1:c227, s2:c228], cId:8583, entries: [(t:1, i:230), METADATAENTRY(c:229)]
2023-03-07 04:41:26,699 DEBUG server.RaftServer$Division (RaftServerImpl.java:logAppendEntries(1429)) - s3@group-A82F1EDBF13F: receive appendEntries(s11, 1, (t:1, i:229), 229, true, commits:[s11:c229, s13:c227, s12:c228, s3:c228, s4:c228, s5:c226, s10:c228, s6:c228, s7:c221, s8:c228, s9:c228, s14:c228, s0:c228, s1:c227, s2:c228], cId:8586, entries: [(t:1, i:230), METADATAENTRY(c:229)]
2023-03-07 04:41:26,699 DEBUG server.RaftServer$Division (RaftServerImpl.java:logAppendEntries(1429)) - s2@group-A82F1EDBF13F: succeeded to handle AppendEntries. Reply: s11<-s2#8581:OK-t1,SUCCESS,nextIndex=231,followerCommit=229,matchIndex=230
2023-03-07 04:41:26,700 DEBUG server.RaftServer$Division (RaftServerImpl.java:logAppendEntries(1429)) - s12@group-A82F1EDBF13F: receive appendEntries(s11, 1, (t:1, i:228), 228, true, commits:[s11:c228, s13:c227, s12:c228, s3:c227, s4:c227, s5:c226, s10:c227, s6:c228, s7:c221, s8:c228, s9:c227, s14:c228, s0:c228, s1:c227, s2:c227], cId:8578, entries: [(t:1, i:229), STATEMACHINELOGENTRY, 8563@client-8BEEC01311DE]
2023-03-07 04:41:26,700 DEBUG server.RaftServer$Division (RaftServerImpl.java:logAppendEntries(1429)) - s6@group-A82F1EDBF13F: succeeded to handle AppendEntries. Reply: s11<-s6#8583:OK-t1,SUCCESS,nextIndex=231,followerCommit=229,matchIndex=230
2023-03-07 04:41:26,700 DEBUG server.RaftServer$Division (RaftServerImpl.java:logAppendEntries(1429)) - s9@group-A82F1EDBF13F: receive appendEntries(s11, 1, (t:1, i:229), 229, true, commits:[s11:c229, s13:c227, s12:c228, s3:c228, s4:c228, s5:c226, s10:c228, s6:c228, s7:c221, s8:c228, s9:c228, s14:c228, s0:c228, s1:c227, s2:c228], cId:8582, entries: [(t:1, i:230), METADATAENTRY(c:229)]
2023-03-07 04:41:26,700 DEBUG server.RaftServer$Division (RaftServerImpl.java:logAppendEntries(1429)) - s4@group-A82F1EDBF13F: receive appendEntries(s11, 1, (t:1, i:229), 229, true, commits:[s11:c229, s13:c227, s12:c228, s3:c228, s4:c228, s5:c226, s10:c228, s6:c228, s7:c221, s8:c228, s9:c228, s14:c228, s0:c228, s1:c227, s2:c228], cId:8580, entries: [(t:1, i:230), METADATAENTRY(c:229)]
2023-03-07 04:41:26,700 DEBUG server.RaftServer$Division (RaftServerImpl.java:logAppendEntries(1429)) - s14@group-A82F1EDBF13F: receive appendEntries(s11, 1, (t:1, i:229), 229, true, commits:[s11:c229, s13:c227, s12:c228, s3:c228, s4:c228, s5:c226, s10:c228, s6:c228, s7:c221, s8:c228, s9:c228, s14:c228, s0:c228, s1:c227, s2:c228], cId:8584, entries: [(t:1, i:230), METADATAENTRY(c:229)]
2023-03-07 04:41:26,700 DEBUG server.RaftServer$Division (RaftServerImpl.java:logAppendEntries(1429)) - s10@group-A82F1EDBF13F: receive appendEntries(s11, 1, (t:1, i:229), 229, true, commits:[s11:c229, s13:c227, s12:c228, s3:c228, s4:c228, s5:c226, s10:c228, s6:c228, s7:c221, s8:c228, s9:c228, s14:c228, s0:c228, s1:c227, s2:c228], cId:8579, entries: [(t:1, i:230), METADATAENTRY(c:229)]
2023-03-07 04:41:26,700 DEBUG server.RaftServer$Division (RaftServerImpl.java:logAppendEntries(1429)) - s3@group-A82F1EDBF13F: succeeded to handle AppendEntries. Reply: s11<-s3#8586:OK-t1,SUCCESS,nextIndex=231,followerCommit=229,matchIndex=230
2023-03-07 04:41:26,700 DEBUG server.RaftServer$Division (RaftServerImpl.java:logAppendEntries(1429)) - s0@group-A82F1EDBF13F: succeeded to handle AppendEntries. Reply: s11<-s0#8585:OK-t1,SUCCESS,nextIndex=231,followerCommit=229,matchIndex=230
2023-03-07 04:41:26,700 DEBUG server.RaftServer$Division (RaftServerImpl.java:logAppendEntries(1429)) - s12@group-A82F1EDBF13F: succeeded to handle AppendEntries. Reply: s11<-s12#8578:OK-t1,SUCCESS,nextIndex=230,followerCommit=228,matchIndex=229
2023-03-07 04:41:26,701 DEBUG server.RaftServer$Division (RaftServerImpl.java:logAppendEntries(1429)) - s14@group-A82F1EDBF13F: succeeded to handle AppendEntries. Reply: s11<-s14#8584:OK-t1,SUCCESS,nextIndex=231,followerCommit=229,matchIndex=230
2023-03-07 04:41:26,701 DEBUG server.RaftServer$Division (RaftServerImpl.java:logAppendEntries(1429)) - s9@group-A82F1EDBF13F: succeeded to handle AppendEntries. Reply: s11<-s9#8582:OK-t1,SUCCESS,nextIndex=231,followerCommit=229,matchIndex=230
2023-03-07 04:41:26,701 DEBUG server.RaftServer$Division (RaftServerImpl.java:logAppendEntries(1429)) - s10@group-A82F1EDBF13F: succeeded to handle AppendEntries. Reply: s11<-s10#8579:OK-t1,SUCCESS,nextIndex=231,followerCommit=229,matchIndex=230
2023-03-07 04:41:26,701 DEBUG server.RaftServer$Division (RaftServerImpl.java:logAppendEntries(1429)) - s4@group-A82F1EDBF13F: succeeded to handle AppendEntries. Reply: s11<-s4#8580:OK-t1,SUCCESS,nextIndex=231,followerCommit=229,matchIndex=230
2023-03-07 04:41:26,701 DEBUG server.RaftServer$Division (RaftServerImpl.java:logAppendEntries(1429)) - s8@group-A82F1EDBF13F: receive appendEntries(s11, 1, (t:1, i:228), 228, true, commits:[s11:c228, s13:c227, s12:c226, s3:c227, s4:c227, s5:c226, s10:c227, s6:c227, s7:c221, s8:c228, s9:c227, s14:c227, s0:c227, s1:c227, s2:c227], cId:8577, entries: [(t:1, i:229), STATEMACHINELOGENTRY, 8563@client-8BEEC01311DE]
2023-03-07 04:41:26,701 DEBUG server.RaftServer$Division (RaftServerImpl.java:logAppendEntries(1429)) - s7@group-A82F1EDBF13F: receive appendEntries(s11, 1, (t:1, i:226), 229, true, commits:[s11:c229, s13:c227, s12:c228, s3:c228, s4:c228, s5:c226, s10:c228, s6:c228, s7:c225, s8:c228, s9:c228, s14:c228, s0:c228, s1:c227, s2:c228], cId:8587, entries: [(t:1, i:227), STATEMACHINELOGENTRY, 8539@client-8BEEC01311DE, (t:1, i:228), METADATAENTRY(c:227), (t:1, i:229), STATEMACHINELOGENTRY, 8563@client-8BEEC01311DE, (t:1, i:230), METADATAENTRY(c:229)]
2023-03-07 04:41:26,701 DEBUG server.RaftServer$Division (RaftServerImpl.java:logAppendEntries(1429)) - s8@group-A82F1EDBF13F: succeeded to handle AppendEntries. Reply: s11<-s8#8577:OK-t1,SUCCESS,nextIndex=230,followerCommit=228,matchIndex=229
2023-03-07 04:41:26,702 DEBUG server.RaftServer$Division (RaftServerImpl.java:logAppendEntries(1429)) - s5@group-A82F1EDBF13F: receive appendEntries(s11, 1, (t:1, i:228), 229, true, commits:[s11:c229, s13:c227, s12:c228, s3:c228, s4:c228, s5:c228, s10:c228, s6:c229, s7:c225, s8:c228, s9:c228, s14:c229, s0:c228, s1:c227, s2:c229], cId:8588, entries: [(t:1, i:229), STATEMACHINELOGENTRY, 8563@client-8BEEC01311DE, (t:1, i:230), METADATAENTRY(c:229)]
2023-03-07 04:41:26,702 DEBUG server.RaftServer$Division (RaftServerImpl.java:logAppendEntries(1429)) - s1@group-A82F1EDBF13F: receive appendEntries(s11, 1, (t:1, i:229), 229, true, commits:[s11:c229, s13:c228, s12:c228, s3:c228, s4:c228, s5:c228, s10:c228, s6:c229, s7:c225, s8:c228, s9:c228, s14:c229, s0:c228, s1:c228, s2:c229], cId:8590, entries: [(t:1, i:230), METADATAENTRY(c:229)]
2023-03-07 04:41:26,702 DEBUG server.RaftServer$Division (RaftServerImpl.java:logAppendEntries(1429)) - s7@group-A82F1EDBF13F: succeeded to handle AppendEntries. Reply: s11<-s7#8587:OK-t1,SUCCESS,nextIndex=231,followerCommit=229,matchIndex=230
2023-03-07 04:41:26,702 DEBUG server.RaftServer$Division (RaftServerImpl.java:logAppendEntries(1429)) - s1@group-A82F1EDBF13F: succeeded to handle AppendEntries. Reply: s11<-s1#8590:OK-t1,SUCCESS,nextIndex=231,followerCommit=229,matchIndex=230
2023-03-07 04:41:26,702 DEBUG server.RaftServer$Division (RaftServerImpl.java:logAppendEntries(1429)) - s5@group-A82F1EDBF13F: succeeded to handle AppendEntries. Reply: s11<-s5#8588:OK-t1,SUCCESS,nextIndex=231,followerCommit=229,matchIndex=230
2023-03-07 04:41:26,702 DEBUG server.RaftServer$Division (RaftServerImpl.java:logAppendEntries(1429)) - s13@group-A82F1EDBF13F: receive appendEntries(s11, 1, (t:1, i:229), 229, true, commits:[s11:c229, s13:c228, s12:c228, s3:c228, s4:c228, s5:c228, s10:c228, s6:c229, s7:c225, s8:c228, s9:c228, s14:c229, s0:c228, s1:c227, s2:c229], cId:8589, entries: [(t:1, i:230), METADATAENTRY(c:229)]
2023-03-07 04:41:26,703 DEBUG server.RaftServer$Division (RaftServerImpl.java:logAppendEntries(1429)) - s12@group-A82F1EDBF13F: receive appendEntries(s11, 1, (t:1, i:229), 229, true, commits:[s11:c229, s13:c228, s12:c228, s3:c229, s4:c229, s5:c228, s10:c229, s6:c229, s7:c225, s8:c228, s9:c229, s14:c229, s0:c229, s1:c228, s2:c229], cId:8592, entries: [(t:1, i:230), METADATAENTRY(c:229)]
2023-03-07 04:41:26,703 DEBUG server.RaftServer$Division (RaftServerImpl.java:logAppendEntries(1429)) - s13@group-A82F1EDBF13F: succeeded to handle AppendEntries. Reply: s11<-s13#8589:OK-t1,SUCCESS,nextIndex=231,followerCommit=229,matchIndex=230
2023-03-07 04:41:26,703 DEBUG server.RaftServer$Division (RaftServerImpl.java:logAppendEntries(1429)) - s12@group-A82F1EDBF13F: succeeded to handle AppendEntries. Reply: s11<-s12#8592:OK-t1,SUCCESS,nextIndex=231,followerCommit=229,matchIndex=230
2023-03-07 04:41:26,703 DEBUG server.RaftServer$Division (RaftServerImpl.java:logAppendEntries(1429)) - s8@group-A82F1EDBF13F: receive appendEntries(s11, 1, (t:1, i:229), 229, true, commits:[s11:c229, s13:c228, s12:c228, s3:c229, s4:c229, s5:c228, s10:c228, s6:c229, s7:c225, s8:c228, s9:c228, s14:c229, s0:c229, s1:c228, s2:c229], cId:8591, entries: [(t:1, i:230), METADATAENTRY(c:229)]
2023-03-07 04:41:26,704 DEBUG server.RaftServer$Division (RaftServerImpl.java:logAppendEntries(1429)) - s8@group-A82F1EDBF13F: succeeded to handle AppendEntries. Reply: s11<-s8#8591:OK-t1,SUCCESS,nextIndex=231,followerCommit=229,matchIndex=230
2023-03-07 04:41:26,704 DEBUG server.RaftServer$Division (RaftServerImpl.java:submitClientRequestAsync(832)) - s11@group-A82F1EDBF13F: receive client request(RaftClientRequest:client-8BEEC01311DE->s11@group-A82F1EDBF13F, cid=8593, seq=0, RW, Message:01016300)
2023-03-07 04:41:26,704 DEBUG server.RaftServer$Division (LeaderStateImpl.java:addPendingRequest(474)) - s11@group-A82F1EDBF13F-LeaderStateImpl: addPendingRequest at RaftClientRequest:client-8BEEC01311DE->s11@group-A82F1EDBF13F, cid=8593, seq=0, RW, Message:01016300, entry=(t:1, i:231), STATEMACHINELOGENTRY, 8593@client-8BEEC01311DE
2023-03-07 04:41:26,705 DEBUG server.RaftServer$Division (RaftServerImpl.java:logAppendEntries(1429)) - s2@group-A82F1EDBF13F: receive appendEntries(s11, 1, (t:1, i:230), 230, true, commits:[s11:c230, s13:c229, s12:c229, s3:c229, s4:c229, s5:c229, s10:c229, s6:c229, s7:c229, s8:c229, s9:c229, s14:c229, s0:c229, s1:c229, s2:c229], cId:8605, entries: [(t:1, i:231), STATEMACHINELOGENTRY, 8593@client-8BEEC01311DE]
2023-03-07 04:41:26,705 DEBUG server.RaftServer$Division (RaftServerImpl.java:logAppendEntries(1429)) - s9@group-A82F1EDBF13F: receive appendEntries(s11, 1, (t:1, i:230), 230, true, commits:[s11:c230, s13:c229, s12:c229, s3:c229, s4:c229, s5:c229, s10:c229, s6:c229, s7:c229, s8:c229, s9:c229, s14:c229, s0:c229, s1:c229, s2:c229], cId:8602, entries: [(t:1, i:231), STATEMACHINELOGENTRY, 8593@client-8BEEC01311DE]
2023-03-07 04:41:26,706 DEBUG server.RaftServer$Division (RaftServerImpl.java:logAppendEntries(1429)) - s6@group-A82F1EDBF13F: receive appendEntries(s11, 1, (t:1, i:230), 230, true, commits:[s11:c230, s13:c229, s12:c229, s3:c229, s4:c229, s5:c229, s10:c229, s6:c229, s7:c229, s8:c229, s9:c229, s14:c229, s0:c229, s1:c229, s2:c229], cId:8606, entries: [(t:1, i:231), STATEMACHINELOGENTRY, 8593@client-8BEEC01311DE]
2023-03-07 04:41:26,706 DEBUG server.RaftServer$Division (RaftServerImpl.java:logAppendEntries(1429)) - s10@group-A82F1EDBF13F: receive appendEntries(s11, 1, (t:1, i:230), 230, true, commits:[s11:c230, s13:c229, s12:c229, s3:c229, s4:c229, s5:c229, s10:c229, s6:c229, s7:c229, s8:c229, s9:c229, s14:c229, s0:c229, s1:c229, s2:c229], cId:8598, entries: [(t:1, i:231), STATEMACHINELOGENTRY, 8593@client-8BEEC01311DE]
2023-03-07 04:41:26,706 DEBUG server.RaftServer$Division (RaftServerImpl.java:logAppendEntries(1429)) - s2@group-A82F1EDBF13F: succeeded to handle AppendEntries. Reply: s11<-s2#8605:OK-t1,SUCCESS,nextIndex=232,followerCommit=230,matchIndex=231
2023-03-07 04:41:26,706 DEBUG server.RaftServer$Division (RaftServerImpl.java:logAppendEntries(1429)) - s4@group-A82F1EDBF13F: receive appendEntries(s11, 1, (t:1, i:230), 230, true, commits:[s11:c230, s13:c229, s12:c229, s3:c229, s4:c229, s5:c229, s10:c229, s6:c229, s7:c229, s8:c229, s9:c229, s14:c229, s0:c229, s1:c229, s2:c229], cId:8604, entries: [(t:1, i:231), STATEMACHINELOGENTRY, 8593@client-8BEEC01311DE]
2023-03-07 04:41:26,706 DEBUG server.RaftServer$Division (RaftServerImpl.java:logAppendEntries(1429)) - s3@group-A82F1EDBF13F: receive appendEntries(s11, 1, (t:1, i:230), 230, true, commits:[s11:c230, s13:c229, s12:c229, s3:c229, s4:c229, s5:c229, s10:c229, s6:c229, s7:c229, s8:c229, s9:c229, s14:c229, s0:c229, s1:c229, s2:c229], cId:8595, entries: [(t:1, i:231), STATEMACHINELOGENTRY, 8593@client-8BEEC01311DE]
2023-03-07 04:41:26,706 DEBUG server.RaftServer$Division (RaftServerImpl.java:logAppendEntries(1429)) - s14@group-A82F1EDBF13F: receive appendEntries(s11, 1, (t:1, i:230), 230, true, commits:[s11:c230, s13:c229, s12:c229, s3:c229, s4:c229, s5:c229, s10:c229, s6:c229, s7:c229, s8:c229, s9:c229, s14:c229, s0:c229, s1:c229, s2:c229], cId:8594, entries: [(t:1, i:231), STATEMACHINELOGENTRY, 8593@client-8BEEC01311DE]
2023-03-07 04:41:26,706 DEBUG server.RaftServer$Division (RaftServerImpl.java:logAppendEntries(1429)) - s0@group-A82F1EDBF13F: receive appendEntries(s11, 1, (t:1, i:230), 230, true, commits:[s11:c230, s13:c229, s12:c229, s3:c229, s4:c229, s5:c229, s10:c229, s6:c229, s7:c229, s8:c229, s9:c229, s14:c229, s0:c229, s1:c229, s2:c229], cId:8607, entries: [(t:1, i:231), STATEMACHINELOGENTRY, 8593@client-8BEEC01311DE]
2023-03-07 04:41:26,706 DEBUG server.RaftServer$Division (RaftServerImpl.java:logAppendEntries(1429)) - s7@group-A82F1EDBF13F: receive appendEntries(s11, 1, (t:1, i:230), 230, true, commits:[s11:c230, s13:c229, s12:c229, s3:c229, s4:c229, s5:c229, s10:c229, s6:c229, s7:c229, s8:c229, s9:c229, s14:c229, s0:c229, s1:c229, s2:c229], cId:8599, entries: [(t:1, i:231), STATEMACHINELOGENTRY, 8593@client-8BEEC01311DE]
2023-03-07 04:41:26,706 DEBUG server.RaftServer$Division (RaftServerImpl.java:logAppendEntries(1429)) - s14@group-A82F1EDBF13F: succeeded to handle AppendEntries. Reply: s11<-s14#8594:OK-t1,SUCCESS,nextIndex=232,followerCommit=230,matchIndex=231
2023-03-07 04:41:26,706 DEBUG server.RaftServer$Division (RaftServerImpl.java:logAppendEntries(1429)) - s10@group-A82F1EDBF13F: succeeded to handle AppendEntries. Reply: s11<-s10#8598:OK-t1,SUCCESS,nextIndex=232,followerCommit=230,matchIndex=231
2023-03-07 04:41:26,707 DEBUG server.RaftServer$Division (RaftServerImpl.java:logAppendEntries(1429)) - s0@group-A82F1EDBF13F: succeeded to handle AppendEntries. Reply: s11<-s0#8607:OK-t1,SUCCESS,nextIndex=232,followerCommit=230,matchIndex=231
2023-03-07 04:41:26,707 DEBUG server.RaftServer$Division (RaftServerImpl.java:logAppendEntries(1429)) - s9@group-A82F1EDBF13F: succeeded to handle AppendEntries. Reply: s11<-s9#8602:OK-t1,SUCCESS,nextIndex=232,followerCommit=230,matchIndex=231
2023-03-07 04:41:26,707 DEBUG server.RaftServer$Division (RaftServerImpl.java:logAppendEntries(1429)) - s3@group-A82F1EDBF13F: succeeded to handle AppendEntries. Reply: s11<-s3#8595:OK-t1,SUCCESS,nextIndex=232,followerCommit=230,matchIndex=231
2023-03-07 04:41:26,707 DEBUG server.RaftServer$Division (RaftServerImpl.java:logAppendEntries(1429)) - s4@group-A82F1EDBF13F: succeeded to handle AppendEntries. Reply: s11<-s4#8604:OK-t1,SUCCESS,nextIndex=232,followerCommit=230,matchIndex=231
2023-03-07 04:41:26,706 DEBUG server.RaftServer$Division (RaftServerImpl.java:logAppendEntries(1429)) - s6@group-A82F1EDBF13F: succeeded to handle AppendEntries. Reply: s11<-s6#8606:OK-t1,SUCCESS,nextIndex=232,followerCommit=230,matchIndex=231
2023-03-07 04:41:26,707 DEBUG server.RaftServer$Division (RaftServerImpl.java:logAppendEntries(1429)) - s7@group-A82F1EDBF13F: succeeded to handle AppendEntries. Reply: s11<-s7#8599:OK-t1,SUCCESS,nextIndex=232,followerCommit=230,matchIndex=231
2023-03-07 04:41:26,707 INFO  statemachine.StateMachine (ArithmeticStateMachine.java:applyTransaction(182)) - LEADER:s11-231: c = null = null
2023-03-07 04:41:26,708 DEBUG server.RaftServer$Division (RaftServerImpl.java:logAppendEntries(1429)) - s7@group-A82F1EDBF13F: receive appendEntries(s11, 1, (t:1, i:231), 231, true, commits:[s11:c231, s13:c229, s12:c229, s3:c230, s4:c230, s5:c229, s10:c230, s6:c230, s7:c230, s8:c229, s9:c229, s14:c230, s0:c230, s1:c229, s2:c230], cId:8608, entries: [(t:1, i:232), METADATAENTRY(c:231)]
2023-03-07 04:41:26,708 DEBUG server.RaftServer$Division (RaftServerImpl.java:logAppendEntries(1429)) - s3@group-A82F1EDBF13F: receive appendEntries(s11, 1, (t:1, i:231), 231, true, commits:[s11:c231, s13:c229, s12:c229, s3:c230, s4:c230, s5:c229, s10:c230, s6:c230, s7:c230, s8:c229, s9:c229, s14:c230, s0:c230, s1:c229, s2:c230], cId:8614, entries: [(t:1, i:232), METADATAENTRY(c:231)]
2023-03-07 04:41:26,708 DEBUG server.RaftServer$Division (RaftServerImpl.java:logAppendEntries(1429)) - s0@group-A82F1EDBF13F: receive appendEntries(s11, 1, (t:1, i:231), 231, true, commits:[s11:c231, s13:c229, s12:c229, s3:c230, s4:c230, s5:c229, s10:c230, s6:c230, s7:c230, s8:c229, s9:c229, s14:c230, s0:c230, s1:c229, s2:c230], cId:8610, entries: [(t:1, i:232), METADATAENTRY(c:231)]
2023-03-07 04:41:26,708 DEBUG server.RaftServer$Division (RaftServerImpl.java:logAppendEntries(1429)) - s7@group-A82F1EDBF13F: succeeded to handle AppendEntries. Reply: s11<-s7#8608:OK-t1,SUCCESS,nextIndex=233,followerCommit=231,matchIndex=232
2023-03-07 04:41:26,708 DEBUG server.RaftServer$Division (RaftServerImpl.java:logAppendEntries(1429)) - s4@group-A82F1EDBF13F: receive appendEntries(s11, 1, (t:1, i:231), 231, true, commits:[s11:c231, s13:c229, s12:c229, s3:c230, s4:c230, s5:c229, s10:c230, s6:c230, s7:c230, s8:c229, s9:c229, s14:c230, s0:c230, s1:c229, s2:c230], cId:8612, entries: [(t:1, i:232), METADATAENTRY(c:231)]
2023-03-07 04:41:26,708 DEBUG server.RaftServer$Division (RaftServerImpl.java:logAppendEntries(1429)) - s3@group-A82F1EDBF13F: succeeded to handle AppendEntries. Reply: s11<-s3#8614:OK-t1,SUCCESS,nextIndex=233,followerCommit=231,matchIndex=232
2023-03-07 04:41:26,709 DEBUG server.RaftServer$Division (RaftServerImpl.java:logAppendEntries(1429)) - s4@group-A82F1EDBF13F: succeeded to handle AppendEntries. Reply: s11<-s4#8612:OK-t1,SUCCESS,nextIndex=233,followerCommit=231,matchIndex=232
2023-03-07 04:41:26,709 DEBUG server.RaftServer$Division (RaftServerImpl.java:logAppendEntries(1429)) - s0@group-A82F1EDBF13F: succeeded to handle AppendEntries. Reply: s11<-s0#8610:OK-t1,SUCCESS,nextIndex=233,followerCommit=231,matchIndex=232
2023-03-07 04:41:26,709 DEBUG server.RaftServer$Division (RaftServerImpl.java:logAppendEntries(1429)) - s14@group-A82F1EDBF13F: receive appendEntries(s11, 1, (t:1, i:231), 231, true, commits:[s11:c231, s13:c229, s12:c229, s3:c230, s4:c230, s5:c229, s10:c230, s6:c230, s7:c230, s8:c229, s9:c229, s14:c230, s0:c230, s1:c229, s2:c230], cId:8615, entries: [(t:1, i:232), METADATAENTRY(c:231)]
2023-03-07 04:41:26,709 DEBUG server.RaftServer$Division (RaftServerImpl.java:logAppendEntries(1429)) - s5@group-A82F1EDBF13F: receive appendEntries(s11, 1, (t:1, i:230), 230, true, commits:[s11:c230, s13:c229, s12:c229, s3:c229, s4:c229, s5:c229, s10:c229, s6:c229, s7:c229, s8:c229, s9:c229, s14:c229, s0:c229, s1:c229, s2:c229], cId:8596, entries: [(t:1, i:231), STATEMACHINELOGENTRY, 8593@client-8BEEC01311DE]
2023-03-07 04:41:26,709 DEBUG server.RaftServer$Division (RaftServerImpl.java:logAppendEntries(1429)) - s13@group-A82F1EDBF13F: receive appendEntries(s11, 1, (t:1, i:230), 230, true, commits:[s11:c230, s13:c229, s12:c229, s3:c229, s4:c229, s5:c229, s10:c229, s6:c229, s7:c229, s8:c229, s9:c229, s14:c229, s0:c229, s1:c229, s2:c229], cId:8597, entries: [(t:1, i:231), STATEMACHINELOGENTRY, 8593@client-8BEEC01311DE]
2023-03-07 04:41:26,709 DEBUG server.RaftServer$Division (RaftServerImpl.java:logAppendEntries(1429)) - s12@group-A82F1EDBF13F: receive appendEntries(s11, 1, (t:1, i:230), 230, true, commits:[s11:c230, s13:c229, s12:c229, s3:c229, s4:c229, s5:c229, s10:c229, s6:c229, s7:c229, s8:c229, s9:c229, s14:c229, s0:c229, s1:c229, s2:c229], cId:8600, entries: [(t:1, i:231), STATEMACHINELOGENTRY, 8593@client-8BEEC01311DE]
2023-03-07 04:41:26,709 DEBUG server.RaftServer$Division (RaftServerImpl.java:logAppendEntries(1429)) - s14@group-A82F1EDBF13F: succeeded to handle AppendEntries. Reply: s11<-s14#8615:OK-t1,SUCCESS,nextIndex=233,followerCommit=231,matchIndex=232
2023-03-07 04:41:26,709 DEBUG server.RaftServer$Division (RaftServerImpl.java:logAppendEntries(1429)) - s8@group-A82F1EDBF13F: receive appendEntries(s11, 1, (t:1, i:230), 230, true, commits:[s11:c230, s13:c229, s12:c229, s3:c229, s4:c229, s5:c229, s10:c229, s6:c229, s7:c229, s8:c229, s9:c229, s14:c229, s0:c229, s1:c229, s2:c229], cId:8603, entries: [(t:1, i:231), STATEMACHINELOGENTRY, 8593@client-8BEEC01311DE]
2023-03-07 04:41:26,708 DEBUG server.RaftServer$Division (RaftServerImpl.java:logAppendEntries(1429)) - s6@group-A82F1EDBF13F: receive appendEntries(s11, 1, (t:1, i:231), 231, true, commits:[s11:c231, s13:c229, s12:c229, s3:c230, s4:c230, s5:c229, s10:c230, s6:c230, s7:c230, s8:c229, s9:c229, s14:c230, s0:c230, s1:c229, s2:c230], cId:8613, entries: [(t:1, i:232), METADATAENTRY(c:231)]
2023-03-07 04:41:26,709 DEBUG server.RaftServer$Division (RaftServerImpl.java:logAppendEntries(1429)) - s1@group-A82F1EDBF13F: receive appendEntries(s11, 1, (t:1, i:230), 230, true, commits:[s11:c230, s13:c229, s12:c229, s3:c229, s4:c229, s5:c229, s10:c229, s6:c229, s7:c229, s8:c229, s9:c229, s14:c229, s0:c229, s1:c229, s2:c229], cId:8601, entries: [(t:1, i:231), STATEMACHINELOGENTRY, 8593@client-8BEEC01311DE]
2023-03-07 04:41:26,710 DEBUG server.RaftServer$Division (RaftServerImpl.java:logAppendEntries(1429)) - s5@group-A82F1EDBF13F: succeeded to handle AppendEntries. Reply: s11<-s5#8596:OK-t1,SUCCESS,nextIndex=232,followerCommit=230,matchIndex=231
2023-03-07 04:41:26,710 DEBUG server.RaftServer$Division (RaftServerImpl.java:logAppendEntries(1429)) - s13@group-A82F1EDBF13F: succeeded to handle AppendEntries. Reply: s11<-s13#8597:OK-t1,SUCCESS,nextIndex=232,followerCommit=230,matchIndex=231
2023-03-07 04:41:26,710 DEBUG server.RaftServer$Division (RaftServerImpl.java:logAppendEntries(1429)) - s12@group-A82F1EDBF13F: succeeded to handle AppendEntries. Reply: s11<-s12#8600:OK-t1,SUCCESS,nextIndex=232,followerCommit=230,matchIndex=231
2023-03-07 04:41:26,710 DEBUG server.RaftServer$Division (RaftServerImpl.java:logAppendEntries(1429)) - s1@group-A82F1EDBF13F: succeeded to handle AppendEntries. Reply: s11<-s1#8601:OK-t1,SUCCESS,nextIndex=232,followerCommit=230,matchIndex=231
2023-03-07 04:41:26,710 DEBUG server.RaftServer$Division (RaftServerImpl.java:logAppendEntries(1429)) - s8@group-A82F1EDBF13F: succeeded to handle AppendEntries. Reply: s11<-s8#8603:OK-t1,SUCCESS,nextIndex=232,followerCommit=230,matchIndex=231
2023-03-07 04:41:26,710 DEBUG server.RaftServer$Division (RaftServerImpl.java:logAppendEntries(1429)) - s6@group-A82F1EDBF13F: succeeded to handle AppendEntries. Reply: s11<-s6#8613:OK-t1,SUCCESS,nextIndex=233,followerCommit=231,matchIndex=232
2023-03-07 04:41:26,711 DEBUG server.RaftServer$Division (RaftServerImpl.java:logAppendEntries(1429)) - s2@group-A82F1EDBF13F: receive appendEntries(s11, 1, (t:1, i:231), 231, true, commits:[s11:c231, s13:c229, s12:c229, s3:c230, s4:c230, s5:c229, s10:c230, s6:c230, s7:c230, s8:c229, s9:c229, s14:c230, s0:c230, s1:c229, s2:c230], cId:8611, entries: [(t:1, i:232), METADATAENTRY(c:231)]
2023-03-07 04:41:26,711 DEBUG server.RaftServer$Division (RaftServerImpl.java:logAppendEntries(1429)) - s10@group-A82F1EDBF13F: receive appendEntries(s11, 1, (t:1, i:231), 231, true, commits:[s11:c231, s13:c229, s12:c229, s3:c230, s4:c230, s5:c229, s10:c230, s6:c230, s7:c230, s8:c229, s9:c229, s14:c230, s0:c230, s1:c229, s2:c230], cId:8609, entries: [(t:1, i:232), METADATAENTRY(c:231)]
2023-03-07 04:41:26,711 DEBUG server.RaftServer$Division (RaftServerImpl.java:logAppendEntries(1429)) - s9@group-A82F1EDBF13F: receive appendEntries(s11, 1, (t:1, i:231), 231, true, commits:[s11:c231, s13:c229, s12:c229, s3:c231, s4:c231, s5:c230, s10:c230, s6:c230, s7:c231, s8:c229, s9:c230, s14:c230, s0:c231, s1:c230, s2:c230], cId:8618, entries: [(t:1, i:232), METADATAENTRY(c:231)]
2023-03-07 04:41:26,711 DEBUG server.RaftServer$Division (RaftServerImpl.java:logAppendEntries(1429)) - s2@group-A82F1EDBF13F: succeeded to handle AppendEntries. Reply: s11<-s2#8611:OK-t1,SUCCESS,nextIndex=233,followerCommit=231,matchIndex=232
2023-03-07 04:41:26,711 DEBUG server.RaftServer$Division (RaftServerImpl.java:logAppendEntries(1429)) - s10@group-A82F1EDBF13F: succeeded to handle AppendEntries. Reply: s11<-s10#8609:OK-t1,SUCCESS,nextIndex=233,followerCommit=231,matchIndex=232
2023-03-07 04:41:26,711 DEBUG server.RaftServer$Division (RaftServerImpl.java:logAppendEntries(1429)) - s9@group-A82F1EDBF13F: succeeded to handle AppendEntries. Reply: s11<-s9#8618:OK-t1,SUCCESS,nextIndex=233,followerCommit=231,matchIndex=232
2023-03-07 04:41:26,711 DEBUG server.RaftServer$Division (RaftServerImpl.java:logAppendEntries(1429)) - s5@group-A82F1EDBF13F: receive appendEntries(s11, 1, (t:1, i:231), 231, true, commits:[s11:c231, s13:c229, s12:c229, s3:c231, s4:c231, s5:c230, s10:c230, s6:c230, s7:c230, s8:c229, s9:c229, s14:c230, s0:c231, s1:c230, s2:c230], cId:8617, entries: [(t:1, i:232), METADATAENTRY(c:231)]
2023-03-07 04:41:26,712 DEBUG server.RaftServer$Division (RaftServerImpl.java:logAppendEntries(1429)) - s1@group-A82F1EDBF13F: receive appendEntries(s11, 1, (t:1, i:231), 231, true, commits:[s11:c231, s13:c229, s12:c229, s3:c231, s4:c231, s5:c229, s10:c230, s6:c230, s7:c230, s8:c229, s9:c229, s14:c230, s0:c231, s1:c230, s2:c230], cId:8616, entries: [(t:1, i:232), METADATAENTRY(c:231)]
2023-03-07 04:41:26,712 DEBUG server.RaftServer$Division (RaftServerImpl.java:logAppendEntries(1429)) - s1@group-A82F1EDBF13F: succeeded to handle AppendEntries. Reply: s11<-s1#8616:OK-t1,SUCCESS,nextIndex=233,followerCommit=231,matchIndex=232
2023-03-07 04:41:26,712 DEBUG server.RaftServer$Division (RaftServerImpl.java:logAppendEntries(1429)) - s12@group-A82F1EDBF13F: receive appendEntries(s11, 1, (t:1, i:231), 231, true, commits:[s11:c231, s13:c229, s12:c230, s3:c231, s4:c231, s5:c230, s10:c230, s6:c230, s7:c231, s8:c229, s9:c230, s14:c230, s0:c231, s1:c230, s2:c230], cId:8619, entries: [(t:1, i:232), METADATAENTRY(c:231)]
2023-03-07 04:41:26,713 DEBUG server.RaftServer$Division (RaftServerImpl.java:logAppendEntries(1429)) - s13@group-A82F1EDBF13F: receive appendEntries(s11, 1, (t:1, i:231), 231, true, commits:[s11:c231, s13:c230, s12:c230, s3:c231, s4:c231, s5:c230, s10:c230, s6:c230, s7:c231, s8:c229, s9:c230, s14:c231, s0:c231, s1:c230, s2:c230], cId:8620, entries: [(t:1, i:232), METADATAENTRY(c:231)]
2023-03-07 04:41:26,713 DEBUG server.RaftServer$Division (RaftServerImpl.java:logAppendEntries(1429)) - s8@group-A82F1EDBF13F: receive appendEntries(s11, 1, (t:1, i:231), 231, true, commits:[s11:c231, s13:c230, s12:c230, s3:c231, s4:c231, s5:c230, s10:c230, s6:c230, s7:c231, s8:c230, s9:c230, s14:c231, s0:c231, s1:c230, s2:c230], cId:8621, entries: [(t:1, i:232), METADATAENTRY(c:231)]
2023-03-07 04:41:26,713 DEBUG server.RaftServer$Division (RaftServerImpl.java:submitClientRequestAsync(832)) - s11@group-A82F1EDBF13F: receive client request(RaftClientRequest:client-8BEEC01311DE->s11@group-A82F1EDBF13F, cid=8622, seq=0, RW, Message:01016102405e40000000...(size=12))
2023-03-07 04:41:26,713 DEBUG server.RaftServer$Division (RaftServerImpl.java:logAppendEntries(1429)) - s8@group-A82F1EDBF13F: succeeded to handle AppendEntries. Reply: s11<-s8#8621:OK-t1,SUCCESS,nextIndex=233,followerCommit=231,matchIndex=232
2023-03-07 04:41:26,714 DEBUG server.RaftServer$Division (LeaderStateImpl.java:addPendingRequest(474)) - s11@group-A82F1EDBF13F-LeaderStateImpl: addPendingRequest at RaftClientRequest:client-8BEEC01311DE->s11@group-A82F1EDBF13F, cid=8622, seq=0, RW, Message:01016102405e40000000...(size=12), entry=(t:1, i:233), STATEMACHINELOGENTRY, 8622@client-8BEEC01311DE
2023-03-07 04:41:26,713 DEBUG server.RaftServer$Division (RaftServerImpl.java:logAppendEntries(1429)) - s13@group-A82F1EDBF13F: succeeded to handle AppendEntries. Reply: s11<-s13#8620:OK-t1,SUCCESS,nextIndex=233,followerCommit=231,matchIndex=232
2023-03-07 04:41:26,714 DEBUG server.RaftServer$Division (RaftServerImpl.java:logAppendEntries(1429)) - s5@group-A82F1EDBF13F: succeeded to handle AppendEntries. Reply: s11<-s5#8617:OK-t1,SUCCESS,nextIndex=233,followerCommit=231,matchIndex=232
2023-03-07 04:41:26,714 DEBUG server.RaftServer$Division (RaftServerImpl.java:logAppendEntries(1429)) - s12@group-A82F1EDBF13F: succeeded to handle AppendEntries. Reply: s11<-s12#8619:OK-t1,SUCCESS,nextIndex=233,followerCommit=231,matchIndex=232
2023-03-07 04:41:26,714 DEBUG server.RaftServer$Division (RaftServerImpl.java:logAppendEntries(1429)) - s4@group-A82F1EDBF13F: receive appendEntries(s11, 1, (t:1, i:232), 232, true, commits:[s11:c232, s13:c230, s12:c230, s3:c231, s4:c231, s5:c230, s10:c231, s6:c231, s7:c231, s8:c230, s9:c231, s14:c231, s0:c231, s1:c231, s2:c231], cId:8630, entries: [(t:1, i:233), STATEMACHINELOGENTRY, 8622@client-8BEEC01311DE]
2023-03-07 04:41:26,714 DEBUG server.RaftServer$Division (RaftServerImpl.java:logAppendEntries(1429)) - s3@group-A82F1EDBF13F: receive appendEntries(s11, 1, (t:1, i:232), 232, true, commits:[s11:c232, s13:c230, s12:c230, s3:c231, s4:c231, s5:c230, s10:c231, s6:c231, s7:c231, s8:c230, s9:c231, s14:c231, s0:c231, s1:c231, s2:c231], cId:8632, entries: [(t:1, i:233), STATEMACHINELOGENTRY, 8622@client-8BEEC01311DE]
2023-03-07 04:41:26,715 DEBUG server.RaftServer$Division (RaftServerImpl.java:logAppendEntries(1429)) - s7@group-A82F1EDBF13F: receive appendEntries(s11, 1, (t:1, i:232), 232, true, commits:[s11:c232, s13:c230, s12:c230, s3:c231, s4:c231, s5:c230, s10:c231, s6:c231, s7:c231, s8:c230, s9:c231, s14:c231, s0:c231, s1:c231, s2:c231], cId:8625, entries: [(t:1, i:233), STATEMACHINELOGENTRY, 8622@client-8BEEC01311DE]
2023-03-07 04:41:26,715 DEBUG server.RaftServer$Division (RaftServerImpl.java:logAppendEntries(1429)) - s0@group-A82F1EDBF13F: receive appendEntries(s11, 1, (t:1, i:232), 232, true, commits:[s11:c232, s13:c230, s12:c230, s3:c231, s4:c231, s5:c230, s10:c231, s6:c231, s7:c231, s8:c230, s9:c231, s14:c231, s0:c231, s1:c231, s2:c231], cId:8628, entries: [(t:1, i:233), STATEMACHINELOGENTRY, 8622@client-8BEEC01311DE]
2023-03-07 04:41:26,715 DEBUG server.RaftServer$Division (RaftServerImpl.java:logAppendEntries(1429)) - s10@group-A82F1EDBF13F: receive appendEntries(s11, 1, (t:1, i:232), 232, true, commits:[s11:c232, s13:c230, s12:c230, s3:c231, s4:c231, s5:c230, s10:c231, s6:c231, s7:c231, s8:c230, s9:c231, s14:c231, s0:c231, s1:c231, s2:c231], cId:8627, entries: [(t:1, i:233), STATEMACHINELOGENTRY, 8622@client-8BEEC01311DE]
2023-03-07 04:41:26,715 DEBUG server.RaftServer$Division (RaftServerImpl.java:logAppendEntries(1429)) - s0@group-A82F1EDBF13F: succeeded to handle AppendEntries. Reply: s11<-s0#8628:OK-t1,SUCCESS,nextIndex=234,followerCommit=232,matchIndex=233
2023-03-07 04:41:26,715 DEBUG server.RaftServer$Division (RaftServerImpl.java:logAppendEntries(1429)) - s4@group-A82F1EDBF13F: succeeded to handle AppendEntries. Reply: s11<-s4#8630:OK-t1,SUCCESS,nextIndex=234,followerCommit=232,matchIndex=233
2023-03-07 04:41:26,715 DEBUG server.RaftServer$Division (RaftServerImpl.java:logAppendEntries(1429)) - s3@group-A82F1EDBF13F: succeeded to handle AppendEntries. Reply: s11<-s3#8632:OK-t1,SUCCESS,nextIndex=234,followerCommit=232,matchIndex=233
2023-03-07 04:41:26,715 DEBUG server.RaftServer$Division (RaftServerImpl.java:logAppendEntries(1429)) - s7@group-A82F1EDBF13F: succeeded to handle AppendEntries. Reply: s11<-s7#8625:OK-t1,SUCCESS,nextIndex=234,followerCommit=232,matchIndex=233
2023-03-07 04:41:26,715 DEBUG server.RaftServer$Division (RaftServerImpl.java:logAppendEntries(1429)) - s9@group-A82F1EDBF13F: receive appendEntries(s11, 1, (t:1, i:232), 232, true, commits:[s11:c232, s13:c230, s12:c230, s3:c231, s4:c231, s5:c230, s10:c231, s6:c231, s7:c231, s8:c230, s9:c231, s14:c231, s0:c231, s1:c231, s2:c231], cId:8624, entries: [(t:1, i:233), STATEMACHINELOGENTRY, 8622@client-8BEEC01311DE]
2023-03-07 04:41:26,715 DEBUG server.RaftServer$Division (RaftServerImpl.java:logAppendEntries(1429)) - s10@group-A82F1EDBF13F: succeeded to handle AppendEntries. Reply: s11<-s10#8627:OK-t1,SUCCESS,nextIndex=234,followerCommit=232,matchIndex=233
2023-03-07 04:41:26,715 DEBUG server.RaftServer$Division (RaftServerImpl.java:logAppendEntries(1429)) - s14@group-A82F1EDBF13F: receive appendEntries(s11, 1, (t:1, i:232), 232, true, commits:[s11:c232, s13:c230, s12:c230, s3:c231, s4:c231, s5:c230, s10:c231, s6:c231, s7:c231, s8:c230, s9:c231, s14:c231, s0:c231, s1:c231, s2:c231], cId:8631, entries: [(t:1, i:233), STATEMACHINELOGENTRY, 8622@client-8BEEC01311DE]
2023-03-07 04:41:26,716 DEBUG server.RaftServer$Division (RaftServerImpl.java:logAppendEntries(1429)) - s14@group-A82F1EDBF13F: succeeded to handle AppendEntries. Reply: s11<-s14#8631:OK-t1,SUCCESS,nextIndex=234,followerCommit=232,matchIndex=233
2023-03-07 04:41:26,716 DEBUG server.RaftServer$Division (RaftServerImpl.java:logAppendEntries(1429)) - s1@group-A82F1EDBF13F: receive appendEntries(s11, 1, (t:1, i:232), 232, true, commits:[s11:c232, s13:c230, s12:c230, s3:c231, s4:c231, s5:c230, s10:c231, s6:c231, s7:c231, s8:c230, s9:c231, s14:c231, s0:c231, s1:c231, s2:c231], cId:8623, entries: [(t:1, i:233), STATEMACHINELOGENTRY, 8622@client-8BEEC01311DE]
2023-03-07 04:41:26,716 DEBUG server.RaftServer$Division (RaftServerImpl.java:logAppendEntries(1429)) - s9@group-A82F1EDBF13F: succeeded to handle AppendEntries. Reply: s11<-s9#8624:OK-t1,SUCCESS,nextIndex=234,followerCommit=232,matchIndex=233
2023-03-07 04:41:26,716 DEBUG server.RaftServer$Division (RaftServerImpl.java:logAppendEntries(1429)) - s6@group-A82F1EDBF13F: receive appendEntries(s11, 1, (t:1, i:232), 232, true, commits:[s11:c232, s13:c230, s12:c230, s3:c231, s4:c231, s5:c230, s10:c231, s6:c231, s7:c231, s8:c230, s9:c231, s14:c231, s0:c231, s1:c231, s2:c231], cId:8629, entries: [(t:1, i:233), STATEMACHINELOGENTRY, 8622@client-8BEEC01311DE]
2023-03-07 04:41:26,716 DEBUG server.RaftServer$Division (RaftServerImpl.java:logAppendEntries(1429)) - s5@group-A82F1EDBF13F: receive appendEntries(s11, 1, (t:1, i:232), 232, true, commits:[s11:c232, s13:c230, s12:c230, s3:c232, s4:c232, s5:c231, s10:c231, s6:c231, s7:c231, s8:c230, s9:c231, s14:c231, s0:c232, s1:c231, s2:c231], cId:8633, entries: [(t:1, i:233), STATEMACHINELOGENTRY, 8622@client-8BEEC01311DE]
2023-03-07 04:41:26,716 DEBUG server.RaftServer$Division (RaftServerImpl.java:logAppendEntries(1429)) - s1@group-A82F1EDBF13F: succeeded to handle AppendEntries. Reply: s11<-s1#8623:OK-t1,SUCCESS,nextIndex=234,followerCommit=232,matchIndex=233
2023-03-07 04:41:26,716 DEBUG server.RaftServer$Division (RaftServerImpl.java:logAppendEntries(1429)) - s6@group-A82F1EDBF13F: succeeded to handle AppendEntries. Reply: s11<-s6#8629:OK-t1,SUCCESS,nextIndex=234,followerCommit=232,matchIndex=233
2023-03-07 04:41:26,716 DEBUG server.RaftServer$Division (RaftServerImpl.java:logAppendEntries(1429)) - s8@group-A82F1EDBF13F: receive appendEntries(s11, 1, (t:1, i:232), 232, true, commits:[s11:c232, s13:c231, s12:c230, s3:c232, s4:c232, s5:c231, s10:c231, s6:c231, s7:c231, s8:c231, s9:c231, s14:c231, s0:c232, s1:c231, s2:c231], cId:8635, entries: [(t:1, i:233), STATEMACHINELOGENTRY, 8622@client-8BEEC01311DE]
2023-03-07 04:41:26,717 DEBUG server.RaftServer$Division (RaftServerImpl.java:logAppendEntries(1429)) - s5@group-A82F1EDBF13F: succeeded to handle AppendEntries. Reply: s11<-s5#8633:OK-t1,SUCCESS,nextIndex=234,followerCommit=232,matchIndex=233
2023-03-07 04:41:26,717 DEBUG server.RaftServer$Division (RaftServerImpl.java:logAppendEntries(1429)) - s13@group-A82F1EDBF13F: receive appendEntries(s11, 1, (t:1, i:232), 232, true, commits:[s11:c232, s13:c231, s12:c230, s3:c232, s4:c232, s5:c231, s10:c231, s6:c231, s7:c231, s8:c230, s9:c231, s14:c231, s0:c232, s1:c231, s2:c231], cId:8634, entries: [(t:1, i:233), STATEMACHINELOGENTRY, 8622@client-8BEEC01311DE]
2023-03-07 04:41:26,717 DEBUG server.RaftServer$Division (RaftServerImpl.java:logAppendEntries(1429)) - s8@group-A82F1EDBF13F: succeeded to handle AppendEntries. Reply: s11<-s8#8635:OK-t1,SUCCESS,nextIndex=234,followerCommit=232,matchIndex=233
2023-03-07 04:41:26,717 DEBUG server.RaftServer$Division (RaftServerImpl.java:logAppendEntries(1429)) - s13@group-A82F1EDBF13F: succeeded to handle AppendEntries. Reply: s11<-s13#8634:OK-t1,SUCCESS,nextIndex=234,followerCommit=232,matchIndex=233
2023-03-07 04:41:26,717 INFO  statemachine.StateMachine (ArithmeticStateMachine.java:applyTransaction(182)) - LEADER:s11-233: a = 121 = 121
2023-03-07 04:41:26,718 DEBUG server.RaftServer$Division (RaftServerImpl.java:logAppendEntries(1429)) - s0@group-A82F1EDBF13F: receive appendEntries(s11, 1, (t:1, i:233), 233, true, commits:[s11:c233, s13:c231, s12:c230, s3:c232, s4:c232, s5:c232, s10:c231, s6:c232, s7:c232, s8:c231, s9:c231, s14:c231, s0:c232, s1:c232, s2:c231], cId:8640, entries: [(t:1, i:234), METADATAENTRY(c:233)]
2023-03-07 04:41:26,718 DEBUG server.RaftServer$Division (RaftServerImpl.java:logAppendEntries(1429)) - s7@group-A82F1EDBF13F: receive appendEntries(s11, 1, (t:1, i:233), 233, true, commits:[s11:c233, s13:c231, s12:c230, s3:c232, s4:c232, s5:c232, s10:c231, s6:c232, s7:c232, s8:c231, s9:c231, s14:c231, s0:c232, s1:c232, s2:c231], cId:8636, entries: [(t:1, i:234), METADATAENTRY(c:233)]
2023-03-07 04:41:26,718 DEBUG server.RaftServer$Division (RaftServerImpl.java:logAppendEntries(1429)) - s3@group-A82F1EDBF13F: receive appendEntries(s11, 1, (t:1, i:233), 233, true, commits:[s11:c233, s13:c231, s12:c230, s3:c232, s4:c232, s5:c232, s10:c231, s6:c232, s7:c232, s8:c231, s9:c231, s14:c231, s0:c232, s1:c232, s2:c231], cId:8642, entries: [(t:1, i:234), METADATAENTRY(c:233)]
2023-03-07 04:41:26,718 DEBUG server.RaftServer$Division (RaftServerImpl.java:logAppendEntries(1429)) - s4@group-A82F1EDBF13F: receive appendEntries(s11, 1, (t:1, i:233), 233, true, commits:[s11:c233, s13:c231, s12:c230, s3:c232, s4:c232, s5:c232, s10:c231, s6:c232, s7:c232, s8:c231, s9:c231, s14:c231, s0:c232, s1:c232, s2:c231], cId:8641, entries: [(t:1, i:234), METADATAENTRY(c:233)]
2023-03-07 04:41:26,718 DEBUG server.RaftServer$Division (RaftServerImpl.java:logAppendEntries(1429)) - s2@group-A82F1EDBF13F: receive appendEntries(s11, 1, (t:1, i:232), 232, true, commits:[s11:c232, s13:c230, s12:c230, s3:c231, s4:c231, s5:c230, s10:c231, s6:c231, s7:c231, s8:c230, s9:c231, s14:c231, s0:c231, s1:c231, s2:c231], cId:8626, entries: [(t:1, i:233), STATEMACHINELOGENTRY, 8622@client-8BEEC01311DE]
2023-03-07 04:41:26,718 DEBUG server.RaftServer$Division (RaftServerImpl.java:logAppendEntries(1429)) - s6@group-A82F1EDBF13F: receive appendEntries(s11, 1, (t:1, i:233), 233, true, commits:[s11:c233, s13:c231, s12:c230, s3:c232, s4:c232, s5:c232, s10:c231, s6:c232, s7:c232, s8:c231, s9:c231, s14:c231, s0:c232, s1:c232, s2:c231], cId:8638, entries: [(t:1, i:234), METADATAENTRY(c:233)]
2023-03-07 04:41:26,718 DEBUG server.RaftServer$Division (RaftServerImpl.java:logAppendEntries(1429)) - s14@group-A82F1EDBF13F: receive appendEntries(s11, 1, (t:1, i:233), 233, true, commits:[s11:c233, s13:c231, s12:c230, s3:c232, s4:c232, s5:c232, s10:c231, s6:c232, s7:c232, s8:c231, s9:c231, s14:c232, s0:c232, s1:c232, s2:c231], cId:8643, entries: [(t:1, i:234), METADATAENTRY(c:233)]
2023-03-07 04:41:26,719 DEBUG server.RaftServer$Division (RaftServerImpl.java:logAppendEntries(1429)) - s3@group-A82F1EDBF13F: succeeded to handle AppendEntries. Reply: s11<-s3#8642:OK-t1,SUCCESS,nextIndex=235,followerCommit=233,matchIndex=234
2023-03-07 04:41:26,719 DEBUG server.RaftServer$Division (RaftServerImpl.java:logAppendEntries(1429)) - s5@group-A82F1EDBF13F: receive appendEntries(s11, 1, (t:1, i:233), 233, true, commits:[s11:c233, s13:c231, s12:c230, s3:c232, s4:c232, s5:c232, s10:c231, s6:c232, s7:c232, s8:c231, s9:c231, s14:c231, s0:c232, s1:c232, s2:c231], cId:8639, entries: [(t:1, i:234), METADATAENTRY(c:233)]
2023-03-07 04:41:26,719 DEBUG server.RaftServer$Division (RaftServerImpl.java:logAppendEntries(1429)) - s7@group-A82F1EDBF13F: succeeded to handle AppendEntries. Reply: s11<-s7#8636:OK-t1,SUCCESS,nextIndex=235,followerCommit=233,matchIndex=234
2023-03-07 04:41:26,719 DEBUG server.RaftServer$Division (RaftServerImpl.java:logAppendEntries(1429)) - s0@group-A82F1EDBF13F: succeeded to handle AppendEntries. Reply: s11<-s0#8640:OK-t1,SUCCESS,nextIndex=235,followerCommit=233,matchIndex=234
2023-03-07 04:41:26,719 DEBUG server.RaftServer$Division (RaftServerImpl.java:logAppendEntries(1429)) - s4@group-A82F1EDBF13F: succeeded to handle AppendEntries. Reply: s11<-s4#8641:OK-t1,SUCCESS,nextIndex=235,followerCommit=233,matchIndex=234
2023-03-07 04:41:26,719 DEBUG server.RaftServer$Division (RaftServerImpl.java:logAppendEntries(1429)) - s6@group-A82F1EDBF13F: succeeded to handle AppendEntries. Reply: s11<-s6#8638:OK-t1,SUCCESS,nextIndex=235,followerCommit=233,matchIndex=234
2023-03-07 04:41:26,719 DEBUG server.RaftServer$Division (RaftServerImpl.java:logAppendEntries(1429)) - s14@group-A82F1EDBF13F: succeeded to handle AppendEntries. Reply: s11<-s14#8643:OK-t1,SUCCESS,nextIndex=235,followerCommit=233,matchIndex=234
2023-03-07 04:41:26,719 DEBUG server.RaftServer$Division (RaftServerImpl.java:logAppendEntries(1429)) - s2@group-A82F1EDBF13F: succeeded to handle AppendEntries. Reply: s11<-s2#8626:OK-t1,SUCCESS,nextIndex=234,followerCommit=232,matchIndex=233
2023-03-07 04:41:26,719 DEBUG server.RaftServer$Division (RaftServerImpl.java:logAppendEntries(1429)) - s1@group-A82F1EDBF13F: receive appendEntries(s11, 1, (t:1, i:233), 233, true, commits:[s11:c233, s13:c231, s12:c230, s3:c232, s4:c232, s5:c232, s10:c231, s6:c232, s7:c232, s8:c231, s9:c231, s14:c231, s0:c232, s1:c232, s2:c231], cId:8637, entries: [(t:1, i:234), METADATAENTRY(c:233)]
2023-03-07 04:41:26,719 DEBUG server.RaftServer$Division (RaftServerImpl.java:logAppendEntries(1429)) - s5@group-A82F1EDBF13F: succeeded to handle AppendEntries. Reply: s11<-s5#8639:OK-t1,SUCCESS,nextIndex=235,followerCommit=233,matchIndex=234
2023-03-07 04:41:26,720 DEBUG server.RaftServer$Division (RaftServerImpl.java:logAppendEntries(1429)) - s8@group-A82F1EDBF13F: receive appendEntries(s11, 1, (t:1, i:233), 233, true, commits:[s11:c233, s13:c232, s12:c230, s3:c233, s4:c232, s5:c232, s10:c231, s6:c232, s7:c232, s8:c232, s9:c231, s14:c232, s0:c232, s1:c232, s2:c231], cId:8645, entries: [(t:1, i:234), METADATAENTRY(c:233)]
2023-03-07 04:41:26,720 DEBUG server.RaftServer$Division (RaftServerImpl.java:logAppendEntries(1429)) - s1@group-A82F1EDBF13F: succeeded to handle AppendEntries. Reply: s11<-s1#8637:OK-t1,SUCCESS,nextIndex=235,followerCommit=233,matchIndex=234
2023-03-07 04:41:26,720 DEBUG server.RaftServer$Division (RaftServerImpl.java:logAppendEntries(1429)) - s13@group-A82F1EDBF13F: receive appendEntries(s11, 1, (t:1, i:233), 233, true, commits:[s11:c233, s13:c232, s12:c230, s3:c233, s4:c232, s5:c232, s10:c231, s6:c232, s7:c232, s8:c231, s9:c231, s14:c232, s0:c232, s1:c232, s2:c231], cId:8644, entries: [(t:1, i:234), METADATAENTRY(c:233)]
2023-03-07 04:41:26,720 DEBUG server.RaftServer$Division (RaftServerImpl.java:submitClientRequestAsync(832)) - s11@group-A82F1EDBF13F: receive client request(RaftClientRequest:client-8BEEC01311DE->s11@group-A82F1EDBF13F, cid=8646, seq=0, RW, Message:0101620240bc98000000...(size=12))
2023-03-07 04:41:26,720 DEBUG server.RaftServer$Division (LeaderStateImpl.java:addPendingRequest(474)) - s11@group-A82F1EDBF13F-LeaderStateImpl: addPendingRequest at RaftClientRequest:client-8BEEC01311DE->s11@group-A82F1EDBF13F, cid=8646, seq=0, RW, Message:0101620240bc98000000...(size=12), entry=(t:1, i:235), STATEMACHINELOGENTRY, 8646@client-8BEEC01311DE
2023-03-07 04:41:26,721 DEBUG server.RaftServer$Division (RaftServerImpl.java:logAppendEntries(1429)) - s13@group-A82F1EDBF13F: succeeded to handle AppendEntries. Reply: s11<-s13#8644:OK-t1,SUCCESS,nextIndex=235,followerCommit=233,matchIndex=234
2023-03-07 04:41:26,721 DEBUG server.RaftServer$Division (RaftServerImpl.java:logAppendEntries(1429)) - s8@group-A82F1EDBF13F: succeeded to handle AppendEntries. Reply: s11<-s8#8645:OK-t1,SUCCESS,nextIndex=235,followerCommit=233,matchIndex=234
2023-03-07 04:41:26,721 DEBUG server.RaftServer$Division (RaftServerImpl.java:logAppendEntries(1429)) - s7@group-A82F1EDBF13F: receive appendEntries(s11, 1, (t:1, i:234), 234, true, commits:[s11:c234, s13:c232, s12:c230, s3:c233, s4:c233, s5:c233, s10:c231, s6:c233, s7:c233, s8:c232, s9:c231, s14:c232, s0:c233, s1:c233, s2:c231], cId:8648, entries: [(t:1, i:235), STATEMACHINELOGENTRY, 8646@client-8BEEC01311DE]
2023-03-07 04:41:26,721 DEBUG server.RaftServer$Division (RaftServerImpl.java:logAppendEntries(1429)) - s3@group-A82F1EDBF13F: receive appendEntries(s11, 1, (t:1, i:234), 234, true, commits:[s11:c234, s13:c232, s12:c230, s3:c233, s4:c233, s5:c233, s10:c231, s6:c233, s7:c233, s8:c232, s9:c231, s14:c232, s0:c233, s1:c233, s2:c231], cId:8653, entries: [(t:1, i:235), STATEMACHINELOGENTRY, 8646@client-8BEEC01311DE]
2023-03-07 04:41:26,721 DEBUG server.RaftServer$Division (RaftServerImpl.java:logAppendEntries(1429)) - s0@group-A82F1EDBF13F: receive appendEntries(s11, 1, (t:1, i:234), 234, true, commits:[s11:c234, s13:c232, s12:c230, s3:c233, s4:c233, s5:c233, s10:c231, s6:c233, s7:c233, s8:c232, s9:c231, s14:c232, s0:c233, s1:c233, s2:c231], cId:8652, entries: [(t:1, i:235), STATEMACHINELOGENTRY, 8646@client-8BEEC01311DE]
2023-03-07 04:41:26,721 DEBUG server.RaftServer$Division (RaftServerImpl.java:logAppendEntries(1429)) - s7@group-A82F1EDBF13F: succeeded to handle AppendEntries. Reply: s11<-s7#8648:OK-t1,SUCCESS,nextIndex=236,followerCommit=234,matchIndex=235
2023-03-07 04:41:26,721 DEBUG server.RaftServer$Division (RaftServerImpl.java:logAppendEntries(1429)) - s4@group-A82F1EDBF13F: receive appendEntries(s11, 1, (t:1, i:234), 234, true, commits:[s11:c234, s13:c232, s12:c230, s3:c233, s4:c233, s5:c233, s10:c231, s6:c233, s7:c233, s8:c232, s9:c231, s14:c232, s0:c233, s1:c233, s2:c231], cId:8650, entries: [(t:1, i:235), STATEMACHINELOGENTRY, 8646@client-8BEEC01311DE]
2023-03-07 04:41:26,722 DEBUG server.RaftServer$Division (RaftServerImpl.java:logAppendEntries(1429)) - s14@group-A82F1EDBF13F: receive appendEntries(s11, 1, (t:1, i:234), 234, true, commits:[s11:c234, s13:c232, s12:c230, s3:c233, s4:c233, s5:c233, s10:c231, s6:c233, s7:c233, s8:c232, s9:c231, s14:c233, s0:c233, s1:c233, s2:c231], cId:8654, entries: [(t:1, i:235), STATEMACHINELOGENTRY, 8646@client-8BEEC01311DE]
2023-03-07 04:41:26,722 DEBUG server.RaftServer$Division (RaftServerImpl.java:logAppendEntries(1429)) - s6@group-A82F1EDBF13F: receive appendEntries(s11, 1, (t:1, i:234), 234, true, commits:[s11:c234, s13:c232, s12:c230, s3:c233, s4:c233, s5:c233, s10:c231, s6:c233, s7:c233, s8:c232, s9:c231, s14:c232, s0:c233, s1:c233, s2:c231], cId:8651, entries: [(t:1, i:235), STATEMACHINELOGENTRY, 8646@client-8BEEC01311DE]
2023-03-07 04:41:26,722 DEBUG server.RaftServer$Division (RaftServerImpl.java:logAppendEntries(1429)) - s0@group-A82F1EDBF13F: succeeded to handle AppendEntries. Reply: s11<-s0#8652:OK-t1,SUCCESS,nextIndex=236,followerCommit=234,matchIndex=235
2023-03-07 04:41:26,722 DEBUG server.RaftServer$Division (RaftServerImpl.java:logAppendEntries(1429)) - s3@group-A82F1EDBF13F: succeeded to handle AppendEntries. Reply: s11<-s3#8653:OK-t1,SUCCESS,nextIndex=236,followerCommit=234,matchIndex=235
2023-03-07 04:41:26,722 DEBUG server.RaftServer$Division (RaftServerImpl.java:logAppendEntries(1429)) - s4@group-A82F1EDBF13F: succeeded to handle AppendEntries. Reply: s11<-s4#8650:OK-t1,SUCCESS,nextIndex=236,followerCommit=234,matchIndex=235
2023-03-07 04:41:26,722 DEBUG server.RaftServer$Division (RaftServerImpl.java:logAppendEntries(1429)) - s14@group-A82F1EDBF13F: succeeded to handle AppendEntries. Reply: s11<-s14#8654:OK-t1,SUCCESS,nextIndex=236,followerCommit=234,matchIndex=235
2023-03-07 04:41:26,722 DEBUG server.RaftServer$Division (RaftServerImpl.java:logAppendEntries(1429)) - s6@group-A82F1EDBF13F: succeeded to handle AppendEntries. Reply: s11<-s6#8651:OK-t1,SUCCESS,nextIndex=236,followerCommit=234,matchIndex=235
2023-03-07 04:41:26,723 DEBUG server.RaftServer$Division (RaftServerImpl.java:logAppendEntries(1429)) - s10@group-A82F1EDBF13F: receive appendEntries(s11, 1, (t:1, i:233), 234, true, commits:[s11:c234, s13:c232, s12:c230, s3:c234, s4:c233, s5:c233, s10:c232, s6:c233, s7:c234, s8:c232, s9:c231, s14:c233, s0:c234, s1:c233, s2:c231], cId:8655, entries: [(t:1, i:234), METADATAENTRY(c:233), (t:1, i:235), STATEMACHINELOGENTRY, 8646@client-8BEEC01311DE]
2023-03-07 04:41:26,723 DEBUG server.RaftServer$Division (RaftServerImpl.java:logAppendEntries(1429)) - s12@group-A82F1EDBF13F: receive appendEntries(s11, 1, (t:1, i:232), 234, true, commits:[s11:c234, s13:c232, s12:c231, s3:c234, s4:c233, s5:c233, s10:c232, s6:c233, s7:c234, s8:c232, s9:c232, s14:c233, s0:c234, s1:c233, s2:c231], cId:8657, entries: [(t:1, i:233), STATEMACHINELOGENTRY, 8622@client-8BEEC01311DE, (t:1, i:234), METADATAENTRY(c:233), (t:1, i:235), STATEMACHINELOGENTRY, 8646@client-8BEEC01311DE]
2023-03-07 04:41:26,723 DEBUG server.RaftServer$Division (RaftServerImpl.java:logAppendEntries(1429)) - s9@group-A82F1EDBF13F: receive appendEntries(s11, 1, (t:1, i:233), 234, true, commits:[s11:c234, s13:c232, s12:c230, s3:c234, s4:c233, s5:c233, s10:c232, s6:c233, s7:c234, s8:c232, s9:c232, s14:c233, s0:c234, s1:c233, s2:c231], cId:8656, entries: [(t:1, i:234), METADATAENTRY(c:233), (t:1, i:235), STATEMACHINELOGENTRY, 8646@client-8BEEC01311DE]
2023-03-07 04:41:26,723 DEBUG server.RaftServer$Division (RaftServerImpl.java:logAppendEntries(1429)) - s2@group-A82F1EDBF13F: receive appendEntries(s11, 1, (t:1, i:233), 234, true, commits:[s11:c234, s13:c232, s12:c231, s3:c234, s4:c233, s5:c233, s10:c232, s6:c233, s7:c234, s8:c232, s9:c232, s14:c233, s0:c234, s1:c233, s2:c232], cId:8658, entries: [(t:1, i:234), METADATAENTRY(c:233), (t:1, i:235), STATEMACHINELOGENTRY, 8646@client-8BEEC01311DE]
2023-03-07 04:41:26,723 DEBUG server.RaftServer$Division (RaftServerImpl.java:logAppendEntries(1429)) - s5@group-A82F1EDBF13F: receive appendEntries(s11, 1, (t:1, i:234), 234, true, commits:[s11:c234, s13:c232, s12:c230, s3:c233, s4:c233, s5:c233, s10:c231, s6:c233, s7:c233, s8:c232, s9:c231, s14:c232, s0:c233, s1:c233, s2:c231], cId:8649, entries: [(t:1, i:235), STATEMACHINELOGENTRY, 8646@client-8BEEC01311DE]
2023-03-07 04:41:26,724 DEBUG server.RaftServer$Division (RaftServerImpl.java:logAppendEntries(1429)) - s1@group-A82F1EDBF13F: receive appendEntries(s11, 1, (t:1, i:234), 234, true, commits:[s11:c234, s13:c232, s12:c230, s3:c233, s4:c233, s5:c233, s10:c231, s6:c233, s7:c233, s8:c232, s9:c231, s14:c232, s0:c233, s1:c233, s2:c231], cId:8647, entries: [(t:1, i:235), STATEMACHINELOGENTRY, 8646@client-8BEEC01311DE]
2023-03-07 04:41:26,724 DEBUG server.RaftServer$Division (RaftServerImpl.java:logAppendEntries(1429)) - s2@group-A82F1EDBF13F: succeeded to handle AppendEntries. Reply: s11<-s2#8658:OK-t1,SUCCESS,nextIndex=236,followerCommit=234,matchIndex=235
2023-03-07 04:41:26,724 DEBUG server.RaftServer$Division (RaftServerImpl.java:logAppendEntries(1429)) - s9@group-A82F1EDBF13F: succeeded to handle AppendEntries. Reply: s11<-s9#8656:OK-t1,SUCCESS,nextIndex=236,followerCommit=234,matchIndex=235
2023-03-07 04:41:26,724 DEBUG server.RaftServer$Division (RaftServerImpl.java:logAppendEntries(1429)) - s10@group-A82F1EDBF13F: succeeded to handle AppendEntries. Reply: s11<-s10#8655:OK-t1,SUCCESS,nextIndex=236,followerCommit=234,matchIndex=235
2023-03-07 04:41:26,724 DEBUG server.RaftServer$Division (RaftServerImpl.java:logAppendEntries(1429)) - s12@group-A82F1EDBF13F: succeeded to handle AppendEntries. Reply: s11<-s12#8657:OK-t1,SUCCESS,nextIndex=236,followerCommit=234,matchIndex=235
2023-03-07 04:41:26,724 DEBUG server.RaftServer$Division (RaftServerImpl.java:logAppendEntries(1429)) - s5@group-A82F1EDBF13F: succeeded to handle AppendEntries. Reply: s11<-s5#8649:OK-t1,SUCCESS,nextIndex=236,followerCommit=234,matchIndex=235
2023-03-07 04:41:26,724 DEBUG server.RaftServer$Division (RaftServerImpl.java:logAppendEntries(1429)) - s1@group-A82F1EDBF13F: succeeded to handle AppendEntries. Reply: s11<-s1#8647:OK-t1,SUCCESS,nextIndex=236,followerCommit=234,matchIndex=235
2023-03-07 04:41:26,724 INFO  statemachine.StateMachine (ArithmeticStateMachine.java:applyTransaction(182)) - LEADER:s11-235: b = 7320 = 7320
2023-03-07 04:41:26,725 DEBUG server.RaftServer$Division (RaftServerImpl.java:logAppendEntries(1429)) - s7@group-A82F1EDBF13F: receive appendEntries(s11, 1, (t:1, i:235), 235, true, commits:[s11:c235, s13:c233, s12:c234, s3:c234, s4:c234, s5:c233, s10:c234, s6:c233, s7:c234, s8:c233, s9:c234, s14:c234, s0:c234, s1:c233, s2:c234], cId:8664, entries: [(t:1, i:236), METADATAENTRY(c:235)]
2023-03-07 04:41:26,725 DEBUG server.RaftServer$Division (RaftServerImpl.java:logAppendEntries(1429)) - s9@group-A82F1EDBF13F: receive appendEntries(s11, 1, (t:1, i:235), 235, true, commits:[s11:c235, s13:c233, s12:c234, s3:c234, s4:c234, s5:c233, s10:c234, s6:c233, s7:c234, s8:c233, s9:c234, s14:c234, s0:c234, s1:c233, s2:c234], cId:8662, entries: [(t:1, i:236), METADATAENTRY(c:235)]
2023-03-07 04:41:26,725 DEBUG server.RaftServer$Division (RaftServerImpl.java:logAppendEntries(1429)) - s12@group-A82F1EDBF13F: receive appendEntries(s11, 1, (t:1, i:235), 235, true, commits:[s11:c235, s13:c233, s12:c234, s3:c234, s4:c234, s5:c233, s10:c234, s6:c233, s7:c234, s8:c233, s9:c234, s14:c234, s0:c234, s1:c233, s2:c234], cId:8661, entries: [(t:1, i:236), METADATAENTRY(c:235)]
2023-03-07 04:41:26,725 DEBUG server.RaftServer$Division (RaftServerImpl.java:logAppendEntries(1429)) - s14@group-A82F1EDBF13F: receive appendEntries(s11, 1, (t:1, i:235), 235, true, commits:[s11:c235, s13:c233, s12:c234, s3:c234, s4:c234, s5:c233, s10:c234, s6:c233, s7:c234, s8:c233, s9:c234, s14:c234, s0:c234, s1:c233, s2:c234], cId:8666, entries: [(t:1, i:236), METADATAENTRY(c:235)]
2023-03-07 04:41:26,725 DEBUG server.RaftServer$Division (RaftServerImpl.java:logAppendEntries(1429)) - s3@group-A82F1EDBF13F: receive appendEntries(s11, 1, (t:1, i:235), 235, true, commits:[s11:c235, s13:c233, s12:c234, s3:c234, s4:c234, s5:c233, s10:c234, s6:c233, s7:c234, s8:c233, s9:c234, s14:c234, s0:c234, s1:c233, s2:c234], cId:8669, entries: [(t:1, i:236), METADATAENTRY(c:235)]
2023-03-07 04:41:26,725 DEBUG server.RaftServer$Division (RaftServerImpl.java:logAppendEntries(1429)) - s0@group-A82F1EDBF13F: receive appendEntries(s11, 1, (t:1, i:235), 235, true, commits:[s11:c235, s13:c233, s12:c234, s3:c234, s4:c234, s5:c233, s10:c234, s6:c233, s7:c234, s8:c233, s9:c234, s14:c234, s0:c234, s1:c233, s2:c234], cId:8668, entries: [(t:1, i:236), METADATAENTRY(c:235)]
2023-03-07 04:41:26,726 DEBUG server.RaftServer$Division (RaftServerImpl.java:logAppendEntries(1429)) - s2@group-A82F1EDBF13F: receive appendEntries(s11, 1, (t:1, i:235), 235, true, commits:[s11:c235, s13:c233, s12:c234, s3:c234, s4:c234, s5:c233, s10:c234, s6:c233, s7:c234, s8:c233, s9:c234, s14:c234, s0:c234, s1:c233, s2:c234], cId:8663, entries: [(t:1, i:236), METADATAENTRY(c:235)]
2023-03-07 04:41:26,726 DEBUG server.RaftServer$Division (RaftServerImpl.java:logAppendEntries(1429)) - s10@group-A82F1EDBF13F: receive appendEntries(s11, 1, (t:1, i:235), 235, true, commits:[s11:c235, s13:c233, s12:c234, s3:c234, s4:c234, s5:c233, s10:c234, s6:c233, s7:c234, s8:c233, s9:c234, s14:c234, s0:c234, s1:c233, s2:c234], cId:8665, entries: [(t:1, i:236), METADATAENTRY(c:235)]
2023-03-07 04:41:26,726 DEBUG server.RaftServer$Division (RaftServerImpl.java:logAppendEntries(1429)) - s4@group-A82F1EDBF13F: receive appendEntries(s11, 1, (t:1, i:235), 235, true, commits:[s11:c235, s13:c233, s12:c234, s3:c234, s4:c234, s5:c233, s10:c234, s6:c233, s7:c234, s8:c233, s9:c234, s14:c234, s0:c234, s1:c233, s2:c234], cId:8667, entries: [(t:1, i:236), METADATAENTRY(c:235)]
2023-03-07 04:41:26,726 DEBUG server.RaftServer$Division (RaftServerImpl.java:logAppendEntries(1429)) - s8@group-A82F1EDBF13F: receive appendEntries(s11, 1, (t:1, i:234), 234, true, commits:[s11:c234, s13:c232, s12:c231, s3:c234, s4:c234, s5:c233, s10:c232, s6:c233, s7:c234, s8:c233, s9:c232, s14:c234, s0:c234, s1:c233, s2:c232], cId:8659, entries: [(t:1, i:235), STATEMACHINELOGENTRY, 8646@client-8BEEC01311DE]
2023-03-07 04:41:26,726 DEBUG server.RaftServer$Division (RaftServerImpl.java:logAppendEntries(1429)) - s6@group-A82F1EDBF13F: receive appendEntries(s11, 1, (t:1, i:235), 235, true, commits:[s11:c235, s13:c233, s12:c234, s3:c234, s4:c234, s5:c233, s10:c234, s6:c234, s7:c234, s8:c233, s9:c234, s14:c234, s0:c234, s1:c233, s2:c234], cId:8670, entries: [(t:1, i:236), METADATAENTRY(c:235)]
2023-03-07 04:41:26,727 DEBUG server.RaftServer$Division (RaftServerImpl.java:logAppendEntries(1429)) - s13@group-A82F1EDBF13F: receive appendEntries(s11, 1, (t:1, i:234), 234, true, commits:[s11:c234, s13:c233, s12:c231, s3:c234, s4:c234, s5:c233, s10:c232, s6:c233, s7:c234, s8:c233, s9:c232, s14:c234, s0:c234, s1:c233, s2:c232], cId:8660, entries: [(t:1, i:235), STATEMACHINELOGENTRY, 8646@client-8BEEC01311DE]
2023-03-07 04:41:26,727 DEBUG server.RaftServer$Division (RaftServerImpl.java:logAppendEntries(1429)) - s1@group-A82F1EDBF13F: receive appendEntries(s11, 1, (t:1, i:235), 235, true, commits:[s11:c235, s13:c233, s12:c234, s3:c234, s4:c234, s5:c234, s10:c234, s6:c234, s7:c234, s8:c233, s9:c234, s14:c234, s0:c234, s1:c234, s2:c234], cId:8672, entries: [(t:1, i:236), METADATAENTRY(c:235)]
2023-03-07 04:41:26,727 DEBUG server.RaftServer$Division (RaftServerImpl.java:logAppendEntries(1429)) - s7@group-A82F1EDBF13F: succeeded to handle AppendEntries. Reply: s11<-s7#8664:OK-t1,SUCCESS,nextIndex=237,followerCommit=235,matchIndex=236
2023-03-07 04:41:26,727 DEBUG server.RaftServer$Division (RaftServerImpl.java:logAppendEntries(1429)) - s9@group-A82F1EDBF13F: succeeded to handle AppendEntries. Reply: s11<-s9#8662:OK-t1,SUCCESS,nextIndex=237,followerCommit=235,matchIndex=236
2023-03-07 04:41:26,727 DEBUG server.RaftServer$Division (RaftServerImpl.java:logAppendEntries(1429)) - s10@group-A82F1EDBF13F: succeeded to handle AppendEntries. Reply: s11<-s10#8665:OK-t1,SUCCESS,nextIndex=237,followerCommit=235,matchIndex=236
2023-03-07 04:41:26,727 DEBUG server.RaftServer$Division (RaftServerImpl.java:logAppendEntries(1429)) - s12@group-A82F1EDBF13F: succeeded to handle AppendEntries. Reply: s11<-s12#8661:OK-t1,SUCCESS,nextIndex=237,followerCommit=235,matchIndex=236
2023-03-07 04:41:26,727 DEBUG server.RaftServer$Division (RaftServerImpl.java:logAppendEntries(1429)) - s0@group-A82F1EDBF13F: succeeded to handle AppendEntries. Reply: s11<-s0#8668:OK-t1,SUCCESS,nextIndex=237,followerCommit=235,matchIndex=236
2023-03-07 04:41:26,727 DEBUG server.RaftServer$Division (RaftServerImpl.java:logAppendEntries(1429)) - s4@group-A82F1EDBF13F: succeeded to handle AppendEntries. Reply: s11<-s4#8667:OK-t1,SUCCESS,nextIndex=237,followerCommit=235,matchIndex=236
2023-03-07 04:41:26,727 DEBUG server.RaftServer$Division (RaftServerImpl.java:logAppendEntries(1429)) - s8@group-A82F1EDBF13F: succeeded to handle AppendEntries. Reply: s11<-s8#8659:OK-t1,SUCCESS,nextIndex=236,followerCommit=234,matchIndex=235
2023-03-07 04:41:26,727 DEBUG server.RaftServer$Division (RaftServerImpl.java:logAppendEntries(1429)) - s6@group-A82F1EDBF13F: succeeded to handle AppendEntries. Reply: s11<-s6#8670:OK-t1,SUCCESS,nextIndex=237,followerCommit=235,matchIndex=236
2023-03-07 04:41:26,727 DEBUG server.RaftServer$Division (RaftServerImpl.java:logAppendEntries(1429)) - s1@group-A82F1EDBF13F: succeeded to handle AppendEntries. Reply: s11<-s1#8672:OK-t1,SUCCESS,nextIndex=237,followerCommit=235,matchIndex=236
2023-03-07 04:41:26,727 DEBUG server.RaftServer$Division (RaftServerImpl.java:logAppendEntries(1429)) - s14@group-A82F1EDBF13F: succeeded to handle AppendEntries. Reply: s11<-s14#8666:OK-t1,SUCCESS,nextIndex=237,followerCommit=235,matchIndex=236
2023-03-07 04:41:26,727 DEBUG server.RaftServer$Division (RaftServerImpl.java:logAppendEntries(1429)) - s13@group-A82F1EDBF13F: succeeded to handle AppendEntries. Reply: s11<-s13#8660:OK-t1,SUCCESS,nextIndex=236,followerCommit=234,matchIndex=235
2023-03-07 04:41:26,728 DEBUG server.RaftServer$Division (RaftServerImpl.java:logAppendEntries(1429)) - s2@group-A82F1EDBF13F: succeeded to handle AppendEntries. Reply: s11<-s2#8663:OK-t1,SUCCESS,nextIndex=237,followerCommit=235,matchIndex=236
2023-03-07 04:41:26,727 DEBUG server.RaftServer$Division (RaftServerImpl.java:logAppendEntries(1429)) - s5@group-A82F1EDBF13F: receive appendEntries(s11, 1, (t:1, i:235), 235, true, commits:[s11:c235, s13:c233, s12:c234, s3:c234, s4:c234, s5:c234, s10:c234, s6:c234, s7:c234, s8:c233, s9:c234, s14:c234, s0:c234, s1:c233, s2:c234], cId:8671, entries: [(t:1, i:236), METADATAENTRY(c:235)]
2023-03-07 04:41:26,728 DEBUG server.RaftServer$Division (RaftServerImpl.java:submitClientRequestAsync(832)) - s11@group-A82F1EDBF13F: receive client request(RaftClientRequest:client-8BEEC01311DE->s11@group-A82F1EDBF13F, cid=8673, seq=0, RW, Message:01016304010300040201...(size=17))
2023-03-07 04:41:26,728 DEBUG server.RaftServer$Division (LeaderStateImpl.java:addPendingRequest(474)) - s11@group-A82F1EDBF13F-LeaderStateImpl: addPendingRequest at RaftClientRequest:client-8BEEC01311DE->s11@group-A82F1EDBF13F, cid=8673, seq=0, RW, Message:01016304010300040201...(size=17), entry=(t:1, i:237), STATEMACHINELOGENTRY, 8673@client-8BEEC01311DE
2023-03-07 04:41:26,727 DEBUG server.RaftServer$Division (RaftServerImpl.java:logAppendEntries(1429)) - s3@group-A82F1EDBF13F: succeeded to handle AppendEntries. Reply: s11<-s3#8669:OK-t1,SUCCESS,nextIndex=237,followerCommit=235,matchIndex=236
2023-03-07 04:41:26,729 DEBUG server.RaftServer$Division (RaftServerImpl.java:logAppendEntries(1429)) - s5@group-A82F1EDBF13F: succeeded to handle AppendEntries. Reply: s11<-s5#8671:OK-t1,SUCCESS,nextIndex=237,followerCommit=235,matchIndex=236
2023-03-07 04:41:26,729 DEBUG server.RaftServer$Division (RaftServerImpl.java:logAppendEntries(1429)) - s2@group-A82F1EDBF13F: receive appendEntries(s11, 1, (t:1, i:236), 235, true, commits:[s11:c235, s13:c233, s12:c234, s3:c234, s4:c235, s5:c234, s10:c234, s6:c235, s7:c234, s8:c233, s9:c235, s14:c234, s0:c235, s1:c235, s2:c235], cId:8679, entries: [(t:1, i:237), STATEMACHINELOGENTRY, 8673@client-8BEEC01311DE]
2023-03-07 04:41:26,729 DEBUG server.RaftServer$Division (RaftServerImpl.java:logAppendEntries(1429)) - s9@group-A82F1EDBF13F: receive appendEntries(s11, 1, (t:1, i:236), 235, true, commits:[s11:c235, s13:c233, s12:c234, s3:c234, s4:c235, s5:c234, s10:c234, s6:c235, s7:c234, s8:c233, s9:c235, s14:c234, s0:c235, s1:c235, s2:c234], cId:8678, entries: [(t:1, i:237), STATEMACHINELOGENTRY, 8673@client-8BEEC01311DE]
2023-03-07 04:41:26,729 DEBUG server.RaftServer$Division (RaftServerImpl.java:logAppendEntries(1429)) - s7@group-A82F1EDBF13F: receive appendEntries(s11, 1, (t:1, i:236), 236, true, commits:[s11:c236, s13:c233, s12:c235, s3:c234, s4:c235, s5:c234, s10:c235, s6:c235, s7:c235, s8:c233, s9:c235, s14:c234, s0:c235, s1:c235, s2:c235], cId:8682, entries: [(t:1, i:237), STATEMACHINELOGENTRY, 8673@client-8BEEC01311DE]
2023-03-07 04:41:26,729 DEBUG server.RaftServer$Division (RaftServerImpl.java:logAppendEntries(1429)) - s12@group-A82F1EDBF13F: receive appendEntries(s11, 1, (t:1, i:236), 235, true, commits:[s11:c235, s13:c233, s12:c235, s3:c234, s4:c235, s5:c234, s10:c234, s6:c235, s7:c234, s8:c233, s9:c235, s14:c234, s0:c235, s1:c235, s2:c235], cId:8680, entries: [(t:1, i:237), STATEMACHINELOGENTRY, 8673@client-8BEEC01311DE]
2023-03-07 04:41:26,730 DEBUG server.RaftServer$Division (RaftServerImpl.java:logAppendEntries(1429)) - s9@group-A82F1EDBF13F: succeeded to handle AppendEntries. Reply: s11<-s9#8678:OK-t1,SUCCESS,nextIndex=238,followerCommit=235,matchIndex=237
2023-03-07 04:41:26,730 DEBUG server.RaftServer$Division (RaftServerImpl.java:logAppendEntries(1429)) - s7@group-A82F1EDBF13F: succeeded to handle AppendEntries. Reply: s11<-s7#8682:OK-t1,SUCCESS,nextIndex=238,followerCommit=236,matchIndex=237
2023-03-07 04:41:26,730 DEBUG server.RaftServer$Division (RaftServerImpl.java:logAppendEntries(1429)) - s12@group-A82F1EDBF13F: succeeded to handle AppendEntries. Reply: s11<-s12#8680:OK-t1,SUCCESS,nextIndex=238,followerCommit=235,matchIndex=237
2023-03-07 04:41:26,730 DEBUG server.RaftServer$Division (RaftServerImpl.java:logAppendEntries(1429)) - s2@group-A82F1EDBF13F: succeeded to handle AppendEntries. Reply: s11<-s2#8679:OK-t1,SUCCESS,nextIndex=238,followerCommit=235,matchIndex=237
2023-03-07 04:41:26,730 DEBUG server.RaftServer$Division (RaftServerImpl.java:logAppendEntries(1429)) - s0@group-A82F1EDBF13F: receive appendEntries(s11, 1, (t:1, i:236), 235, true, commits:[s11:c235, s13:c233, s12:c234, s3:c234, s4:c235, s5:c234, s10:c234, s6:c235, s7:c234, s8:c233, s9:c234, s14:c234, s0:c235, s1:c235, s2:c234], cId:8677, entries: [(t:1, i:237), STATEMACHINELOGENTRY, 8673@client-8BEEC01311DE]
2023-03-07 04:41:26,730 DEBUG server.RaftServer$Division (RaftServerImpl.java:logAppendEntries(1429)) - s14@group-A82F1EDBF13F: receive appendEntries(s11, 1, (t:1, i:236), 236, true, commits:[s11:c236, s13:c233, s12:c235, s3:c234, s4:c235, s5:c234, s10:c235, s6:c235, s7:c235, s8:c233, s9:c235, s14:c235, s0:c235, s1:c235, s2:c235], cId:8683, entries: [(t:1, i:237), STATEMACHINELOGENTRY, 8673@client-8BEEC01311DE]
2023-03-07 04:41:26,730 DEBUG server.RaftServer$Division (RaftServerImpl.java:logAppendEntries(1429)) - s3@group-A82F1EDBF13F: receive appendEntries(s11, 1, (t:1, i:236), 236, true, commits:[s11:c236, s13:c233, s12:c235, s3:c235, s4:c235, s5:c234, s10:c235, s6:c235, s7:c235, s8:c233, s9:c235, s14:c235, s0:c235, s1:c235, s2:c235], cId:8684, entries: [(t:1, i:237), STATEMACHINELOGENTRY, 8673@client-8BEEC01311DE]
2023-03-07 04:41:26,730 DEBUG server.RaftServer$Division (RaftServerImpl.java:logAppendEntries(1429)) - s4@group-A82F1EDBF13F: receive appendEntries(s11, 1, (t:1, i:236), 235, true, commits:[s11:c235, s13:c233, s12:c234, s3:c234, s4:c235, s5:c234, s10:c234, s6:c235, s7:c234, s8:c233, s9:c234, s14:c234, s0:c235, s1:c235, s2:c234], cId:8675, entries: [(t:1, i:237), STATEMACHINELOGENTRY, 8673@client-8BEEC01311DE]
2023-03-07 04:41:26,730 DEBUG server.RaftServer$Division (RaftServerImpl.java:logAppendEntries(1429)) - s14@group-A82F1EDBF13F: succeeded to handle AppendEntries. Reply: s11<-s14#8683:OK-t1,SUCCESS,nextIndex=238,followerCommit=236,matchIndex=237
2023-03-07 04:41:26,730 DEBUG server.RaftServer$Division (RaftServerImpl.java:logAppendEntries(1429)) - s0@group-A82F1EDBF13F: succeeded to handle AppendEntries. Reply: s11<-s0#8677:OK-t1,SUCCESS,nextIndex=238,followerCommit=235,matchIndex=237
2023-03-07 04:41:26,730 DEBUG server.RaftServer$Division (RaftServerImpl.java:logAppendEntries(1429)) - s3@group-A82F1EDBF13F: succeeded to handle AppendEntries. Reply: s11<-s3#8684:OK-t1,SUCCESS,nextIndex=238,followerCommit=236,matchIndex=237
2023-03-07 04:41:26,731 DEBUG server.RaftServer$Division (RaftServerImpl.java:logAppendEntries(1429)) - s10@group-A82F1EDBF13F: receive appendEntries(s11, 1, (t:1, i:236), 235, true, commits:[s11:c235, s13:c233, s12:c235, s3:c234, s4:c235, s5:c234, s10:c235, s6:c235, s7:c234, s8:c233, s9:c235, s14:c234, s0:c235, s1:c235, s2:c235], cId:8681, entries: [(t:1, i:237), STATEMACHINELOGENTRY, 8673@client-8BEEC01311DE]
2023-03-07 04:41:26,731 DEBUG server.RaftServer$Division (RaftServerImpl.java:logAppendEntries(1429)) - s4@group-A82F1EDBF13F: succeeded to handle AppendEntries. Reply: s11<-s4#8675:OK-t1,SUCCESS,nextIndex=238,followerCommit=235,matchIndex=237
2023-03-07 04:41:26,731 INFO  statemachine.StateMachine (ArithmeticStateMachine.java:applyTransaction(182)) - LEADER:s11-237: c = √(a^2 + b^2) = 7321
2023-03-07 04:41:26,731 DEBUG server.RaftServer$Division (RaftServerImpl.java:logAppendEntries(1429)) - s10@group-A82F1EDBF13F: succeeded to handle AppendEntries. Reply: s11<-s10#8681:OK-t1,SUCCESS,nextIndex=238,followerCommit=235,matchIndex=237
2023-03-07 04:41:26,731 DEBUG server.RaftServer$Division (RaftServerImpl.java:logAppendEntries(1429)) - s3@group-A82F1EDBF13F: receive appendEntries(s11, 1, (t:1, i:237), 237, true, commits:[s11:c237, s13:c233, s12:c235, s3:c236, s4:c235, s5:c234, s10:c235, s6:c235, s7:c236, s8:c233, s9:c235, s14:c236, s0:c235, s1:c235, s2:c235], cId:8691, entries: [(t:1, i:238), METADATAENTRY(c:237)]
2023-03-07 04:41:26,732 DEBUG server.RaftServer$Division (RaftServerImpl.java:logAppendEntries(1429)) - s7@group-A82F1EDBF13F: receive appendEntries(s11, 1, (t:1, i:237), 237, true, commits:[s11:c237, s13:c233, s12:c235, s3:c236, s4:c235, s5:c234, s10:c235, s6:c235, s7:c236, s8:c233, s9:c235, s14:c236, s0:c235, s1:c235, s2:c235], cId:8690, entries: [(t:1, i:238), METADATAENTRY(c:237)]
2023-03-07 04:41:26,732 DEBUG server.RaftServer$Division (RaftServerImpl.java:logAppendEntries(1429)) - s8@group-A82F1EDBF13F: receive appendEntries(s11, 1, (t:1, i:235), 237, true, commits:[s11:c237, s13:c233, s12:c235, s3:c236, s4:c235, s5:c234, s10:c235, s6:c235, s7:c236, s8:c234, s9:c235, s14:c236, s0:c235, s1:c235, s2:c235], cId:8692, entries: [(t:1, i:236), METADATAENTRY(c:235), (t:1, i:237), STATEMACHINELOGENTRY, 8673@client-8BEEC01311DE, (t:1, i:238), METADATAENTRY(c:237)]
2023-03-07 04:41:26,732 DEBUG server.RaftServer$Division (RaftServerImpl.java:logAppendEntries(1429)) - s1@group-A82F1EDBF13F: receive appendEntries(s11, 1, (t:1, i:236), 235, true, commits:[s11:c235, s13:c233, s12:c234, s3:c234, s4:c235, s5:c234, s10:c234, s6:c235, s7:c234, s8:c233, s9:c234, s14:c234, s0:c235, s1:c235, s2:c234], cId:8674, entries: [(t:1, i:237), STATEMACHINELOGENTRY, 8673@client-8BEEC01311DE]
2023-03-07 04:41:26,732 DEBUG server.RaftServer$Division (RaftServerImpl.java:logAppendEntries(1429)) - s14@group-A82F1EDBF13F: receive appendEntries(s11, 1, (t:1, i:237), 237, true, commits:[s11:c237, s13:c233, s12:c235, s3:c236, s4:c235, s5:c234, s10:c235, s6:c235, s7:c236, s8:c233, s9:c235, s14:c236, s0:c235, s1:c235, s2:c235], cId:8689, entries: [(t:1, i:238), METADATAENTRY(c:237)]
2023-03-07 04:41:26,732 DEBUG server.RaftServer$Division (RaftServerImpl.java:logAppendEntries(1429)) - s4@group-A82F1EDBF13F: receive appendEntries(s11, 1, (t:1, i:237), 237, true, commits:[s11:c237, s13:c234, s12:c235, s3:c236, s4:c235, s5:c235, s10:c235, s6:c235, s7:c236, s8:c234, s9:c235, s14:c236, s0:c235, s1:c235, s2:c235], cId:8695, entries: [(t:1, i:238), METADATAENTRY(c:237)]
2023-03-07 04:41:26,733 DEBUG server.RaftServer$Division (RaftServerImpl.java:logAppendEntries(1429)) - s1@group-A82F1EDBF13F: succeeded to handle AppendEntries. Reply: s11<-s1#8674:OK-t1,SUCCESS,nextIndex=238,followerCommit=235,matchIndex=237
2023-03-07 04:41:26,732 DEBUG server.RaftServer$Division (RaftServerImpl.java:logAppendEntries(1429)) - s6@group-A82F1EDBF13F: receive appendEntries(s11, 1, (t:1, i:236), 235, true, commits:[s11:c235, s13:c233, s12:c234, s3:c234, s4:c235, s5:c234, s10:c234, s6:c235, s7:c234, s8:c233, s9:c234, s14:c234, s0:c235, s1:c235, s2:c234], cId:8676, entries: [(t:1, i:237), STATEMACHINELOGENTRY, 8673@client-8BEEC01311DE]
2023-03-07 04:41:26,733 DEBUG server.RaftServer$Division (RaftServerImpl.java:logAppendEntries(1429)) - s7@group-A82F1EDBF13F: succeeded to handle AppendEntries. Reply: s11<-s7#8690:OK-t1,SUCCESS,nextIndex=239,followerCommit=237,matchIndex=238
2023-03-07 04:41:26,733 DEBUG server.RaftServer$Division (RaftServerImpl.java:logAppendEntries(1429)) - s14@group-A82F1EDBF13F: succeeded to handle AppendEntries. Reply: s11<-s14#8689:OK-t1,SUCCESS,nextIndex=239,followerCommit=237,matchIndex=238
2023-03-07 04:41:26,733 DEBUG server.RaftServer$Division (RaftServerImpl.java:logAppendEntries(1429)) - s5@group-A82F1EDBF13F: receive appendEntries(s11, 1, (t:1, i:236), 237, true, commits:[s11:c237, s13:c234, s12:c235, s3:c236, s4:c235, s5:c235, s10:c235, s6:c235, s7:c236, s8:c234, s9:c235, s14:c236, s0:c235, s1:c235, s2:c235], cId:8694, entries: [(t:1, i:237), STATEMACHINELOGENTRY, 8673@client-8BEEC01311DE, (t:1, i:238), METADATAENTRY(c:237)]
2023-03-07 04:41:26,732 DEBUG server.RaftServer$Division (RaftServerImpl.java:logAppendEntries(1429)) - s0@group-A82F1EDBF13F: receive appendEntries(s11, 1, (t:1, i:237), 237, true, commits:[s11:c237, s13:c233, s12:c235, s3:c236, s4:c235, s5:c234, s10:c235, s6:c235, s7:c236, s8:c233, s9:c235, s14:c236, s0:c235, s1:c235, s2:c235], cId:8688, entries: [(t:1, i:238), METADATAENTRY(c:237)]
2023-03-07 04:41:26,733 DEBUG server.RaftServer$Division (RaftServerImpl.java:logAppendEntries(1429)) - s3@group-A82F1EDBF13F: succeeded to handle AppendEntries. Reply: s11<-s3#8691:OK-t1,SUCCESS,nextIndex=239,followerCommit=237,matchIndex=238
2023-03-07 04:41:26,734 DEBUG server.RaftServer$Division (RaftServerImpl.java:logAppendEntries(1429)) - s6@group-A82F1EDBF13F: succeeded to handle AppendEntries. Reply: s11<-s6#8676:OK-t1,SUCCESS,nextIndex=238,followerCommit=235,matchIndex=237
2023-03-07 04:41:26,734 DEBUG server.RaftServer$Division (RaftServerImpl.java:logAppendEntries(1429)) - s0@group-A82F1EDBF13F: succeeded to handle AppendEntries. Reply: s11<-s0#8688:OK-t1,SUCCESS,nextIndex=239,followerCommit=237,matchIndex=238
2023-03-07 04:41:26,734 DEBUG server.RaftServer$Division (RaftServerImpl.java:logAppendEntries(1429)) - s4@group-A82F1EDBF13F: succeeded to handle AppendEntries. Reply: s11<-s4#8695:OK-t1,SUCCESS,nextIndex=239,followerCommit=237,matchIndex=238
2023-03-07 04:41:26,734 DEBUG server.RaftServer$Division (RaftServerImpl.java:logAppendEntries(1429)) - s5@group-A82F1EDBF13F: succeeded to handle AppendEntries. Reply: s11<-s5#8694:OK-t1,SUCCESS,nextIndex=239,followerCommit=237,matchIndex=238
2023-03-07 04:41:26,733 DEBUG server.RaftServer$Division (RaftServerImpl.java:logAppendEntries(1429)) - s13@group-A82F1EDBF13F: receive appendEntries(s11, 1, (t:1, i:235), 237, true, commits:[s11:c237, s13:c234, s12:c235, s3:c236, s4:c235, s5:c234, s10:c235, s6:c235, s7:c236, s8:c234, s9:c235, s14:c236, s0:c235, s1:c235, s2:c235], cId:8693, entries: [(t:1, i:236), METADATAENTRY(c:235), (t:1, i:237), STATEMACHINELOGENTRY, 8673@client-8BEEC01311DE, (t:1, i:238), METADATAENTRY(c:237)]
2023-03-07 04:41:26,733 DEBUG server.RaftServer$Division (RaftServerImpl.java:logAppendEntries(1429)) - s8@group-A82F1EDBF13F: succeeded to handle AppendEntries. Reply: s11<-s8#8692:OK-t1,SUCCESS,nextIndex=239,followerCommit=237,matchIndex=238
2023-03-07 04:41:26,734 DEBUG server.RaftServer$Division (RaftServerImpl.java:logAppendEntries(1429)) - s6@group-A82F1EDBF13F: receive appendEntries(s11, 1, (t:1, i:237), 237, true, commits:[s11:c237, s13:c234, s12:c235, s3:c237, s4:c235, s5:c235, s10:c235, s6:c235, s7:c236, s8:c234, s9:c235, s14:c236, s0:c235, s1:c235, s2:c235], cId:8698, entries: [(t:1, i:238), METADATAENTRY(c:237)]
2023-03-07 04:41:26,734 DEBUG server.RaftServer$Division (RaftServerImpl.java:logAppendEntries(1429)) - s13@group-A82F1EDBF13F: succeeded to handle AppendEntries. Reply: s11<-s13#8693:OK-t1,SUCCESS,nextIndex=239,followerCommit=237,matchIndex=238
2023-03-07 04:41:26,734 DEBUG server.RaftServer$Division (RaftServerImpl.java:logAppendEntries(1429)) - s1@group-A82F1EDBF13F: receive appendEntries(s11, 1, (t:1, i:237), 237, true, commits:[s11:c237, s13:c234, s12:c235, s3:c236, s4:c235, s5:c235, s10:c235, s6:c235, s7:c236, s8:c234, s9:c235, s14:c236, s0:c235, s1:c235, s2:c235], cId:8697, entries: [(t:1, i:238), METADATAENTRY(c:237)]
2023-03-07 04:41:26,735 DEBUG server.RaftServer$Division (RaftServerImpl.java:logAppendEntries(1429)) - s6@group-A82F1EDBF13F: succeeded to handle AppendEntries. Reply: s11<-s6#8698:OK-t1,SUCCESS,nextIndex=239,followerCommit=237,matchIndex=238
2023-03-07 04:41:26,735 DEBUG server.RaftServer$Division (RaftServerImpl.java:logAppendEntries(1429)) - s9@group-A82F1EDBF13F: receive appendEntries(s11, 1, (t:1, i:237), 237, true, commits:[s11:c237, s13:c233, s12:c235, s3:c236, s4:c235, s5:c234, s10:c235, s6:c235, s7:c236, s8:c233, s9:c235, s14:c236, s0:c235, s1:c235, s2:c235], cId:8687, entries: [(t:1, i:238), METADATAENTRY(c:237)]
2023-03-07 04:41:26,735 DEBUG server.RaftServer$Division (RaftServerImpl.java:logAppendEntries(1429)) - s2@group-A82F1EDBF13F: receive appendEntries(s11, 1, (t:1, i:237), 237, true, commits:[s11:c237, s13:c233, s12:c235, s3:c236, s4:c235, s5:c234, s10:c235, s6:c235, s7:c236, s8:c233, s9:c235, s14:c236, s0:c235, s1:c235, s2:c235], cId:8685, entries: [(t:1, i:238), METADATAENTRY(c:237)]
2023-03-07 04:41:26,735 DEBUG server.RaftServer$Division (RaftServerImpl.java:logAppendEntries(1429)) - s10@group-A82F1EDBF13F: receive appendEntries(s11, 1, (t:1, i:237), 237, true, commits:[s11:c237, s13:c234, s12:c235, s3:c236, s4:c235, s5:c235, s10:c235, s6:c235, s7:c236, s8:c234, s9:c235, s14:c236, s0:c235, s1:c235, s2:c235], cId:8696, entries: [(t:1, i:238), METADATAENTRY(c:237)]
2023-03-07 04:41:26,735 DEBUG server.RaftServer$Division (RaftServerImpl.java:logAppendEntries(1429)) - s12@group-A82F1EDBF13F: receive appendEntries(s11, 1, (t:1, i:237), 237, true, commits:[s11:c237, s13:c233, s12:c235, s3:c236, s4:c235, s5:c234, s10:c235, s6:c235, s7:c236, s8:c233, s9:c235, s14:c236, s0:c235, s1:c235, s2:c235], cId:8686, entries: [(t:1, i:238), METADATAENTRY(c:237)]
2023-03-07 04:41:26,735 DEBUG server.RaftServer$Division (RaftServerImpl.java:logAppendEntries(1429)) - s1@group-A82F1EDBF13F: succeeded to handle AppendEntries. Reply: s11<-s1#8697:OK-t1,SUCCESS,nextIndex=239,followerCommit=237,matchIndex=238
2023-03-07 04:41:26,735 DEBUG server.RaftServer$Division (RaftServerImpl.java:logAppendEntries(1429)) - s2@group-A82F1EDBF13F: succeeded to handle AppendEntries. Reply: s11<-s2#8685:OK-t1,SUCCESS,nextIndex=239,followerCommit=237,matchIndex=238
2023-03-07 04:41:26,736 DEBUG server.RaftServer$Division (RaftServerImpl.java:logAppendEntries(1429)) - s10@group-A82F1EDBF13F: succeeded to handle AppendEntries. Reply: s11<-s10#8696:OK-t1,SUCCESS,nextIndex=239,followerCommit=237,matchIndex=238
2023-03-07 04:41:26,736 DEBUG server.RaftServer$Division (RaftServerImpl.java:logAppendEntries(1429)) - s12@group-A82F1EDBF13F: succeeded to handle AppendEntries. Reply: s11<-s12#8686:OK-t1,SUCCESS,nextIndex=239,followerCommit=237,matchIndex=238
2023-03-07 04:41:26,736 DEBUG server.RaftServer$Division (RaftServerImpl.java:logAppendEntries(1429)) - s9@group-A82F1EDBF13F: succeeded to handle AppendEntries. Reply: s11<-s9#8687:OK-t1,SUCCESS,nextIndex=239,followerCommit=237,matchIndex=238
2023-03-07 04:41:26,737 DEBUG server.RaftServer$Division (RaftServerImpl.java:submitClientRequestAsync(832)) - s11@group-A82F1EDBF13F: receive client request(RaftClientRequest:client-8BEEC01311DE->s11@group-A82F1EDBF13F, cid=8699, seq=0, RW, Message:01016100)
2023-03-07 04:41:26,737 DEBUG server.RaftServer$Division (LeaderStateImpl.java:addPendingRequest(474)) - s11@group-A82F1EDBF13F-LeaderStateImpl: addPendingRequest at RaftClientRequest:client-8BEEC01311DE->s11@group-A82F1EDBF13F, cid=8699, seq=0, RW, Message:01016100, entry=(t:1, i:239), STATEMACHINELOGENTRY, 8699@client-8BEEC01311DE
2023-03-07 04:41:26,737 DEBUG server.RaftServer$Division (RaftServerImpl.java:logAppendEntries(1429)) - s13@group-A82F1EDBF13F: receive appendEntries(s11, 1, (t:1, i:238), 238, true, commits:[s11:c238, s13:c237, s12:c237, s3:c237, s4:c237, s5:c237, s10:c237, s6:c237, s7:c237, s8:c237, s9:c237, s14:c237, s0:c237, s1:c235, s2:c237], cId:8700, entries: [(t:1, i:239), STATEMACHINELOGENTRY, 8699@client-8BEEC01311DE]
2023-03-07 04:41:26,738 DEBUG server.RaftServer$Division (RaftServerImpl.java:logAppendEntries(1429)) - s7@group-A82F1EDBF13F: receive appendEntries(s11, 1, (t:1, i:238), 238, true, commits:[s11:c238, s13:c237, s12:c237, s3:c237, s4:c237, s5:c237, s10:c237, s6:c237, s7:c237, s8:c237, s9:c237, s14:c237, s0:c237, s1:c237, s2:c237], cId:8713, entries: [(t:1, i:239), STATEMACHINELOGENTRY, 8699@client-8BEEC01311DE]
2023-03-07 04:41:26,738 DEBUG server.RaftServer$Division (RaftServerImpl.java:logAppendEntries(1429)) - s3@group-A82F1EDBF13F: receive appendEntries(s11, 1, (t:1, i:238), 238, true, commits:[s11:c238, s13:c237, s12:c237, s3:c237, s4:c237, s5:c237, s10:c237, s6:c237, s7:c237, s8:c237, s9:c237, s14:c237, s0:c237, s1:c237, s2:c237], cId:8704, entries: [(t:1, i:239), STATEMACHINELOGENTRY, 8699@client-8BEEC01311DE]
2023-03-07 04:41:26,738 DEBUG server.RaftServer$Division (RaftServerImpl.java:logAppendEntries(1429)) - s4@group-A82F1EDBF13F: receive appendEntries(s11, 1, (t:1, i:238), 238, true, commits:[s11:c238, s13:c237, s12:c237, s3:c237, s4:c237, s5:c237, s10:c237, s6:c237, s7:c237, s8:c237, s9:c237, s14:c237, s0:c237, s1:c237, s2:c237], cId:8707, entries: [(t:1, i:239), STATEMACHINELOGENTRY, 8699@client-8BEEC01311DE]
2023-03-07 04:41:26,738 DEBUG server.RaftServer$Division (RaftServerImpl.java:logAppendEntries(1429)) - s13@group-A82F1EDBF13F: succeeded to handle AppendEntries. Reply: s11<-s13#8700:OK-t1,SUCCESS,nextIndex=240,followerCommit=238,matchIndex=239
2023-03-07 04:41:26,738 DEBUG server.RaftServer$Division (RaftServerImpl.java:logAppendEntries(1429)) - s0@group-A82F1EDBF13F: receive appendEntries(s11, 1, (t:1, i:238), 238, true, commits:[s11:c238, s13:c237, s12:c237, s3:c237, s4:c237, s5:c237, s10:c237, s6:c237, s7:c237, s8:c237, s9:c237, s14:c237, s0:c237, s1:c237, s2:c237], cId:8708, entries: [(t:1, i:239), STATEMACHINELOGENTRY, 8699@client-8BEEC01311DE]
2023-03-07 04:41:26,738 DEBUG server.RaftServer$Division (RaftServerImpl.java:logAppendEntries(1429)) - s4@group-A82F1EDBF13F: succeeded to handle AppendEntries. Reply: s11<-s4#8707:OK-t1,SUCCESS,nextIndex=240,followerCommit=238,matchIndex=239
2023-03-07 04:41:26,738 DEBUG server.RaftServer$Division (RaftServerImpl.java:logAppendEntries(1429)) - s6@group-A82F1EDBF13F: receive appendEntries(s11, 1, (t:1, i:238), 238, true, commits:[s11:c238, s13:c237, s12:c237, s3:c237, s4:c237, s5:c237, s10:c237, s6:c237, s7:c237, s8:c237, s9:c237, s14:c237, s0:c237, s1:c237, s2:c237], cId:8706, entries: [(t:1, i:239), STATEMACHINELOGENTRY, 8699@client-8BEEC01311DE]
2023-03-07 04:41:26,738 DEBUG server.RaftServer$Division (RaftServerImpl.java:logAppendEntries(1429)) - s14@group-A82F1EDBF13F: receive appendEntries(s11, 1, (t:1, i:238), 238, true, commits:[s11:c238, s13:c237, s12:c237, s3:c237, s4:c237, s5:c237, s10:c237, s6:c237, s7:c237, s8:c237, s9:c237, s14:c237, s0:c237, s1:c237, s2:c237], cId:8709, entries: [(t:1, i:239), STATEMACHINELOGENTRY, 8699@client-8BEEC01311DE]
2023-03-07 04:41:26,738 DEBUG server.RaftServer$Division (RaftServerImpl.java:logAppendEntries(1429)) - s3@group-A82F1EDBF13F: succeeded to handle AppendEntries. Reply: s11<-s3#8704:OK-t1,SUCCESS,nextIndex=240,followerCommit=238,matchIndex=239
2023-03-07 04:41:26,739 DEBUG server.RaftServer$Division (RaftServerImpl.java:logAppendEntries(1429)) - s5@group-A82F1EDBF13F: receive appendEntries(s11, 1, (t:1, i:238), 238, true, commits:[s11:c238, s13:c237, s12:c237, s3:c237, s4:c237, s5:c237, s10:c237, s6:c237, s7:c237, s8:c237, s9:c237, s14:c237, s0:c237, s1:c237, s2:c237], cId:8712, entries: [(t:1, i:239), STATEMACHINELOGENTRY, 8699@client-8BEEC01311DE]
2023-03-07 04:41:26,739 DEBUG server.RaftServer$Division (RaftServerImpl.java:logAppendEntries(1429)) - s0@group-A82F1EDBF13F: succeeded to handle AppendEntries. Reply: s11<-s0#8708:OK-t1,SUCCESS,nextIndex=240,followerCommit=238,matchIndex=239
2023-03-07 04:41:26,739 DEBUG server.RaftServer$Division (RaftServerImpl.java:logAppendEntries(1429)) - s6@group-A82F1EDBF13F: succeeded to handle AppendEntries. Reply: s11<-s6#8706:OK-t1,SUCCESS,nextIndex=240,followerCommit=238,matchIndex=239
2023-03-07 04:41:26,739 DEBUG server.RaftServer$Division (RaftServerImpl.java:logAppendEntries(1429)) - s7@group-A82F1EDBF13F: succeeded to handle AppendEntries. Reply: s11<-s7#8713:OK-t1,SUCCESS,nextIndex=240,followerCommit=238,matchIndex=239
2023-03-07 04:41:26,739 DEBUG server.RaftServer$Division (RaftServerImpl.java:logAppendEntries(1429)) - s8@group-A82F1EDBF13F: receive appendEntries(s11, 1, (t:1, i:238), 238, true, commits:[s11:c238, s13:c237, s12:c237, s3:c237, s4:c237, s5:c237, s10:c237, s6:c237, s7:c237, s8:c237, s9:c237, s14:c237, s0:c237, s1:c237, s2:c237], cId:8705, entries: [(t:1, i:239), STATEMACHINELOGENTRY, 8699@client-8BEEC01311DE]
2023-03-07 04:41:26,739 DEBUG server.RaftServer$Division (RaftServerImpl.java:logAppendEntries(1429)) - s5@group-A82F1EDBF13F: succeeded to handle AppendEntries. Reply: s11<-s5#8712:OK-t1,SUCCESS,nextIndex=240,followerCommit=238,matchIndex=239
2023-03-07 04:41:26,739 DEBUG server.RaftServer$Division (RaftServerImpl.java:logAppendEntries(1429)) - s14@group-A82F1EDBF13F: succeeded to handle AppendEntries. Reply: s11<-s14#8709:OK-t1,SUCCESS,nextIndex=240,followerCommit=238,matchIndex=239
2023-03-07 04:41:26,739 DEBUG server.RaftServer$Division (RaftServerImpl.java:logAppendEntries(1429)) - s1@group-A82F1EDBF13F: receive appendEntries(s11, 1, (t:1, i:238), 238, true, commits:[s11:c238, s13:c237, s12:c237, s3:c237, s4:c237, s5:c237, s10:c237, s6:c237, s7:c237, s8:c237, s9:c237, s14:c237, s0:c237, s1:c237, s2:c237], cId:8701, entries: [(t:1, i:239), STATEMACHINELOGENTRY, 8699@client-8BEEC01311DE]
2023-03-07 04:41:26,740 DEBUG server.RaftServer$Division (RaftServerImpl.java:logAppendEntries(1429)) - s9@group-A82F1EDBF13F: receive appendEntries(s11, 1, (t:1, i:238), 238, true, commits:[s11:c238, s13:c237, s12:c237, s3:c237, s4:c237, s5:c237, s10:c237, s6:c237, s7:c237, s8:c237, s9:c237, s14:c237, s0:c237, s1:c237, s2:c237], cId:8702, entries: [(t:1, i:239), STATEMACHINELOGENTRY, 8699@client-8BEEC01311DE]
2023-03-07 04:41:26,740 DEBUG server.RaftServer$Division (RaftServerImpl.java:logAppendEntries(1429)) - s8@group-A82F1EDBF13F: succeeded to handle AppendEntries. Reply: s11<-s8#8705:OK-t1,SUCCESS,nextIndex=240,followerCommit=238,matchIndex=239
2023-03-07 04:41:26,740 DEBUG server.RaftServer$Division (RaftServerImpl.java:logAppendEntries(1429)) - s1@group-A82F1EDBF13F: succeeded to handle AppendEntries. Reply: s11<-s1#8701:OK-t1,SUCCESS,nextIndex=240,followerCommit=238,matchIndex=239
2023-03-07 04:41:26,740 DEBUG server.RaftServer$Division (RaftServerImpl.java:logAppendEntries(1429)) - s2@group-A82F1EDBF13F: receive appendEntries(s11, 1, (t:1, i:238), 238, true, commits:[s11:c238, s13:c237, s12:c237, s3:c237, s4:c237, s5:c237, s10:c237, s6:c237, s7:c237, s8:c237, s9:c237, s14:c237, s0:c237, s1:c237, s2:c237], cId:8703, entries: [(t:1, i:239), STATEMACHINELOGENTRY, 8699@client-8BEEC01311DE]
2023-03-07 04:41:26,740 DEBUG server.RaftServer$Division (RaftServerImpl.java:logAppendEntries(1429)) - s2@group-A82F1EDBF13F: succeeded to handle AppendEntries. Reply: s11<-s2#8703:OK-t1,SUCCESS,nextIndex=240,followerCommit=238,matchIndex=239
2023-03-07 04:41:26,740 DEBUG server.RaftServer$Division (RaftServerImpl.java:logAppendEntries(1429)) - s12@group-A82F1EDBF13F: receive appendEntries(s11, 1, (t:1, i:238), 238, true, commits:[s11:c238, s13:c237, s12:c237, s3:c237, s4:c237, s5:c237, s10:c237, s6:c237, s7:c237, s8:c237, s9:c237, s14:c237, s0:c237, s1:c237, s2:c237], cId:8710, entries: [(t:1, i:239), STATEMACHINELOGENTRY, 8699@client-8BEEC01311DE]
2023-03-07 04:41:26,740 DEBUG server.RaftServer$Division (RaftServerImpl.java:logAppendEntries(1429)) - s9@group-A82F1EDBF13F: succeeded to handle AppendEntries. Reply: s11<-s9#8702:OK-t1,SUCCESS,nextIndex=240,followerCommit=238,matchIndex=239
2023-03-07 04:41:26,740 DEBUG server.RaftServer$Division (RaftServerImpl.java:logAppendEntries(1429)) - s12@group-A82F1EDBF13F: succeeded to handle AppendEntries. Reply: s11<-s12#8710:OK-t1,SUCCESS,nextIndex=240,followerCommit=238,matchIndex=239
2023-03-07 04:41:26,741 DEBUG server.RaftServer$Division (RaftServerImpl.java:logAppendEntries(1429)) - s10@group-A82F1EDBF13F: receive appendEntries(s11, 1, (t:1, i:238), 238, true, commits:[s11:c238, s13:c237, s12:c237, s3:c237, s4:c237, s5:c237, s10:c237, s6:c237, s7:c237, s8:c237, s9:c237, s14:c237, s0:c237, s1:c237, s2:c237], cId:8711, entries: [(t:1, i:239), STATEMACHINELOGENTRY, 8699@client-8BEEC01311DE]
2023-03-07 04:41:26,741 DEBUG server.RaftServer$Division (RaftServerImpl.java:logAppendEntries(1429)) - s10@group-A82F1EDBF13F: succeeded to handle AppendEntries. Reply: s11<-s10#8711:OK-t1,SUCCESS,nextIndex=240,followerCommit=238,matchIndex=239
2023-03-07 04:41:26,741 INFO  statemachine.StateMachine (ArithmeticStateMachine.java:applyTransaction(182)) - LEADER:s11-239: a = null = null
2023-03-07 04:41:26,742 DEBUG server.RaftServer$Division (RaftServerImpl.java:submitClientRequestAsync(832)) - s11@group-A82F1EDBF13F: receive client request(RaftClientRequest:client-8BEEC01311DE->s11@group-A82F1EDBF13F, cid=8719, seq=0, RW, Message:01016200)
2023-03-07 04:41:26,742 DEBUG server.RaftServer$Division (RaftServerImpl.java:logAppendEntries(1429)) - s7@group-A82F1EDBF13F: receive appendEntries(s11, 1, (t:1, i:239), 239, true, commits:[s11:c239, s13:c238, s12:c238, s3:c238, s4:c238, s5:c238, s10:c238, s6:c238, s7:c238, s8:c238, s9:c238, s14:c238, s0:c238, s1:c238, s2:c238], cId:8715, entries: [(t:1, i:240), METADATAENTRY(c:239)]
2023-03-07 04:41:26,743 DEBUG server.RaftServer$Division (RaftServerImpl.java:logAppendEntries(1429)) - s1@group-A82F1EDBF13F: receive appendEntries(s11, 1, (t:1, i:239), 239, true, commits:[s11:c239, s13:c238, s12:c238, s3:c238, s4:c238, s5:c238, s10:c238, s6:c238, s7:c238, s8:c238, s9:c238, s14:c238, s0:c238, s1:c238, s2:c238], cId:8718, entries: [(t:1, i:240), METADATAENTRY(c:239)]
2023-03-07 04:41:26,743 DEBUG server.RaftServer$Division (RaftServerImpl.java:logAppendEntries(1429)) - s5@group-A82F1EDBF13F: receive appendEntries(s11, 1, (t:1, i:239), 239, true, commits:[s11:c239, s13:c238, s12:c238, s3:c238, s4:c238, s5:c238, s10:c238, s6:c238, s7:c238, s8:c238, s9:c238, s14:c238, s0:c238, s1:c238, s2:c238], cId:8726, entries: [(t:1, i:240), METADATAENTRY(c:239)]
2023-03-07 04:41:26,743 DEBUG server.RaftServer$Division (RaftServerImpl.java:logAppendEntries(1429)) - s8@group-A82F1EDBF13F: receive appendEntries(s11, 1, (t:1, i:239), 239, true, commits:[s11:c239, s13:c238, s12:c238, s3:c238, s4:c238, s5:c238, s10:c238, s6:c238, s7:c238, s8:c238, s9:c238, s14:c238, s0:c238, s1:c238, s2:c238], cId:8721, entries: [(t:1, i:240), METADATAENTRY(c:239)]
2023-03-07 04:41:26,744 DEBUG server.RaftServer$Division (RaftServerImpl.java:logAppendEntries(1429)) - s1@group-A82F1EDBF13F: succeeded to handle AppendEntries. Reply: s11<-s1#8718:OK-t1,SUCCESS,nextIndex=241,followerCommit=239,matchIndex=240
2023-03-07 04:41:26,743 DEBUG server.RaftServer$Division (RaftServerImpl.java:logAppendEntries(1429)) - s13@group-A82F1EDBF13F: receive appendEntries(s11, 1, (t:1, i:239), 239, true, commits:[s11:c239, s13:c238, s12:c238, s3:c238, s4:c238, s5:c238, s10:c238, s6:c238, s7:c238, s8:c238, s9:c238, s14:c238, s0:c238, s1:c238, s2:c238], cId:8723, entries: [(t:1, i:240), METADATAENTRY(c:239)]
2023-03-07 04:41:26,744 DEBUG server.RaftServer$Division (RaftServerImpl.java:logAppendEntries(1429)) - s8@group-A82F1EDBF13F: succeeded to handle AppendEntries. Reply: s11<-s8#8721:OK-t1,SUCCESS,nextIndex=241,followerCommit=239,matchIndex=240
2023-03-07 04:41:26,744 DEBUG server.RaftServer$Division (RaftServerImpl.java:logAppendEntries(1429)) - s5@group-A82F1EDBF13F: succeeded to handle AppendEntries. Reply: s11<-s5#8726:OK-t1,SUCCESS,nextIndex=241,followerCommit=239,matchIndex=240
2023-03-07 04:41:26,743 DEBUG server.RaftServer$Division (RaftServerImpl.java:logAppendEntries(1429)) - s6@group-A82F1EDBF13F: receive appendEntries(s11, 1, (t:1, i:239), 239, true, commits:[s11:c239, s13:c238, s12:c238, s3:c238, s4:c238, s5:c238, s10:c238, s6:c238, s7:c238, s8:c238, s9:c238, s14:c238, s0:c238, s1:c238, s2:c238], cId:8717, entries: [(t:1, i:240), METADATAENTRY(c:239)]
2023-03-07 04:41:26,744 DEBUG server.RaftServer$Division (RaftServerImpl.java:logAppendEntries(1429)) - s13@group-A82F1EDBF13F: succeeded to handle AppendEntries. Reply: s11<-s13#8723:OK-t1,SUCCESS,nextIndex=241,followerCommit=239,matchIndex=240
2023-03-07 04:41:26,743 DEBUG server.RaftServer$Division (RaftServerImpl.java:logAppendEntries(1429)) - s4@group-A82F1EDBF13F: receive appendEntries(s11, 1, (t:1, i:239), 239, true, commits:[s11:c239, s13:c238, s12:c238, s3:c238, s4:c238, s5:c238, s10:c238, s6:c238, s7:c238, s8:c238, s9:c238, s14:c238, s0:c238, s1:c238, s2:c238], cId:8728, entries: [(t:1, i:240), METADATAENTRY(c:239)]
2023-03-07 04:41:26,743 DEBUG server.RaftServer$Division (RaftServerImpl.java:logAppendEntries(1429)) - s12@group-A82F1EDBF13F: receive appendEntries(s11, 1, (t:1, i:239), 239, true, commits:[s11:c239, s13:c238, s12:c238, s3:c238, s4:c238, s5:c238, s10:c238, s6:c238, s7:c238, s8:c238, s9:c238, s14:c238, s0:c238, s1:c238, s2:c238], cId:8725, entries: [(t:1, i:240), METADATAENTRY(c:239)]
2023-03-07 04:41:26,743 DEBUG server.RaftServer$Division (RaftServerImpl.java:logAppendEntries(1429)) - s0@group-A82F1EDBF13F: receive appendEntries(s11, 1, (t:1, i:239), 239, true, commits:[s11:c239, s13:c238, s12:c238, s3:c238, s4:c238, s5:c238, s10:c238, s6:c238, s7:c238, s8:c238, s9:c238, s14:c238, s0:c238, s1:c238, s2:c238], cId:8720, entries: [(t:1, i:240), METADATAENTRY(c:239)]
2023-03-07 04:41:26,743 DEBUG server.RaftServer$Division (RaftServerImpl.java:logAppendEntries(1429)) - s3@group-A82F1EDBF13F: receive appendEntries(s11, 1, (t:1, i:239), 239, true, commits:[s11:c239, s13:c238, s12:c238, s3:c238, s4:c238, s5:c238, s10:c238, s6:c238, s7:c238, s8:c238, s9:c238, s14:c238, s0:c238, s1:c238, s2:c238], cId:8727, entries: [(t:1, i:240), METADATAENTRY(c:239)]
2023-03-07 04:41:26,743 DEBUG server.RaftServer$Division (RaftServerImpl.java:logAppendEntries(1429)) - s9@group-A82F1EDBF13F: receive appendEntries(s11, 1, (t:1, i:239), 239, true, commits:[s11:c239, s13:c238, s12:c238, s3:c238, s4:c238, s5:c238, s10:c238, s6:c238, s7:c238, s8:c238, s9:c238, s14:c238, s0:c238, s1:c238, s2:c238], cId:8714, entries: [(t:1, i:240), METADATAENTRY(c:239)]
2023-03-07 04:41:26,743 DEBUG server.RaftServer$Division (RaftServerImpl.java:logAppendEntries(1429)) - s14@group-A82F1EDBF13F: receive appendEntries(s11, 1, (t:1, i:239), 239, true, commits:[s11:c239, s13:c238, s12:c238, s3:c238, s4:c238, s5:c238, s10:c238, s6:c238, s7:c238, s8:c238, s9:c238, s14:c238, s0:c238, s1:c238, s2:c238], cId:8722, entries: [(t:1, i:240), METADATAENTRY(c:239)]
2023-03-07 04:41:26,743 DEBUG server.RaftServer$Division (RaftServerImpl.java:logAppendEntries(1429)) - s10@group-A82F1EDBF13F: receive appendEntries(s11, 1, (t:1, i:239), 239, true, commits:[s11:c239, s13:c238, s12:c238, s3:c238, s4:c238, s5:c238, s10:c238, s6:c238, s7:c238, s8:c238, s9:c238, s14:c238, s0:c238, s1:c238, s2:c238], cId:8724, entries: [(t:1, i:240), METADATAENTRY(c:239)]
2023-03-07 04:41:26,743 DEBUG server.RaftServer$Division (RaftServerImpl.java:logAppendEntries(1429)) - s2@group-A82F1EDBF13F: receive appendEntries(s11, 1, (t:1, i:239), 239, true, commits:[s11:c239, s13:c238, s12:c238, s3:c238, s4:c238, s5:c238, s10:c238, s6:c238, s7:c238, s8:c238, s9:c238, s14:c238, s0:c238, s1:c238, s2:c238], cId:8716, entries: [(t:1, i:240), METADATAENTRY(c:239)]
2023-03-07 04:41:26,744 DEBUG server.RaftServer$Division (RaftServerImpl.java:logAppendEntries(1429)) - s7@group-A82F1EDBF13F: succeeded to handle AppendEntries. Reply: s11<-s7#8715:OK-t1,SUCCESS,nextIndex=241,followerCommit=239,matchIndex=240
2023-03-07 04:41:26,745 DEBUG server.RaftServer$Division (LeaderStateImpl.java:addPendingRequest(474)) - s11@group-A82F1EDBF13F-LeaderStateImpl: addPendingRequest at RaftClientRequest:client-8BEEC01311DE->s11@group-A82F1EDBF13F, cid=8719, seq=0, RW, Message:01016200, entry=(t:1, i:241), STATEMACHINELOGENTRY, 8719@client-8BEEC01311DE
2023-03-07 04:41:26,746 DEBUG server.RaftServer$Division (RaftServerImpl.java:logAppendEntries(1429)) - s4@group-A82F1EDBF13F: succeeded to handle AppendEntries. Reply: s11<-s4#8728:OK-t1,SUCCESS,nextIndex=241,followerCommit=239,matchIndex=240
2023-03-07 04:41:26,746 DEBUG server.RaftServer$Division (RaftServerImpl.java:logAppendEntries(1429)) - s0@group-A82F1EDBF13F: succeeded to handle AppendEntries. Reply: s11<-s0#8720:OK-t1,SUCCESS,nextIndex=241,followerCommit=239,matchIndex=240
2023-03-07 04:41:26,746 DEBUG server.RaftServer$Division (RaftServerImpl.java:logAppendEntries(1429)) - s12@group-A82F1EDBF13F: succeeded to handle AppendEntries. Reply: s11<-s12#8725:OK-t1,SUCCESS,nextIndex=241,followerCommit=239,matchIndex=240
2023-03-07 04:41:26,746 DEBUG server.RaftServer$Division (RaftServerImpl.java:logAppendEntries(1429)) - s3@group-A82F1EDBF13F: succeeded to handle AppendEntries. Reply: s11<-s3#8727:OK-t1,SUCCESS,nextIndex=241,followerCommit=239,matchIndex=240
2023-03-07 04:41:26,746 DEBUG server.RaftServer$Division (RaftServerImpl.java:logAppendEntries(1429)) - s14@group-A82F1EDBF13F: succeeded to handle AppendEntries. Reply: s11<-s14#8722:OK-t1,SUCCESS,nextIndex=241,followerCommit=239,matchIndex=240
2023-03-07 04:41:26,746 DEBUG server.RaftServer$Division (RaftServerImpl.java:logAppendEntries(1429)) - s13@group-A82F1EDBF13F: receive appendEntries(s11, 1, (t:1, i:240), 239, true, commits:[s11:c239, s13:c239, s12:c238, s3:c238, s4:c238, s5:c239, s10:c238, s6:c238, s7:c238, s8:c239, s9:c238, s14:c238, s0:c238, s1:c239, s2:c238], cId:8729, entries: [(t:1, i:241), STATEMACHINELOGENTRY, 8719@client-8BEEC01311DE]
2023-03-07 04:41:26,746 DEBUG server.RaftServer$Division (RaftServerImpl.java:logAppendEntries(1429)) - s2@group-A82F1EDBF13F: succeeded to handle AppendEntries. Reply: s11<-s2#8716:OK-t1,SUCCESS,nextIndex=241,followerCommit=239,matchIndex=240
2023-03-07 04:41:26,746 DEBUG server.RaftServer$Division (RaftServerImpl.java:logAppendEntries(1429)) - s9@group-A82F1EDBF13F: succeeded to handle AppendEntries. Reply: s11<-s9#8714:OK-t1,SUCCESS,nextIndex=241,followerCommit=239,matchIndex=240
2023-03-07 04:41:26,746 DEBUG server.RaftServer$Division (RaftServerImpl.java:logAppendEntries(1429)) - s6@group-A82F1EDBF13F: succeeded to handle AppendEntries. Reply: s11<-s6#8717:OK-t1,SUCCESS,nextIndex=241,followerCommit=239,matchIndex=240
2023-03-07 04:41:26,746 DEBUG server.RaftServer$Division (RaftServerImpl.java:logAppendEntries(1429)) - s10@group-A82F1EDBF13F: succeeded to handle AppendEntries. Reply: s11<-s10#8724:OK-t1,SUCCESS,nextIndex=241,followerCommit=239,matchIndex=240
2023-03-07 04:41:26,746 DEBUG server.RaftServer$Division (RaftServerImpl.java:logAppendEntries(1429)) - s13@group-A82F1EDBF13F: succeeded to handle AppendEntries. Reply: s11<-s13#8729:OK-t1,SUCCESS,nextIndex=242,followerCommit=239,matchIndex=241
2023-03-07 04:41:26,747 DEBUG server.RaftServer$Division (RaftServerImpl.java:logAppendEntries(1429)) - s0@group-A82F1EDBF13F: receive appendEntries(s11, 1, (t:1, i:240), 239, true, commits:[s11:c239, s13:c239, s12:c238, s3:c238, s4:c239, s5:c239, s10:c238, s6:c239, s7:c238, s8:c239, s9:c238, s14:c238, s0:c239, s1:c239, s2:c238], cId:8734, entries: [(t:1, i:241), STATEMACHINELOGENTRY, 8719@client-8BEEC01311DE]
2023-03-07 04:41:26,747 DEBUG server.RaftServer$Division (RaftServerImpl.java:logAppendEntries(1429)) - s14@group-A82F1EDBF13F: receive appendEntries(s11, 1, (t:1, i:240), 239, true, commits:[s11:c239, s13:c239, s12:c238, s3:c238, s4:c239, s5:c239, s10:c238, s6:c239, s7:c238, s8:c239, s9:c238, s14:c239, s0:c239, s1:c239, s2:c238], cId:8736, entries: [(t:1, i:241), STATEMACHINELOGENTRY, 8719@client-8BEEC01311DE]
2023-03-07 04:41:26,747 DEBUG server.RaftServer$Division (RaftServerImpl.java:logAppendEntries(1429)) - s0@group-A82F1EDBF13F: succeeded to handle AppendEntries. Reply: s11<-s0#8734:OK-t1,SUCCESS,nextIndex=242,followerCommit=239,matchIndex=241
2023-03-07 04:41:26,747 DEBUG server.RaftServer$Division (RaftServerImpl.java:logAppendEntries(1429)) - s3@group-A82F1EDBF13F: receive appendEntries(s11, 1, (t:1, i:240), 239, true, commits:[s11:c239, s13:c239, s12:c238, s3:c239, s4:c239, s5:c239, s10:c238, s6:c239, s7:c238, s8:c239, s9:c238, s14:c239, s0:c239, s1:c239, s2:c238], cId:8737, entries: [(t:1, i:241), STATEMACHINELOGENTRY, 8719@client-8BEEC01311DE]
2023-03-07 04:41:26,747 DEBUG server.RaftServer$Division (RaftServerImpl.java:logAppendEntries(1429)) - s6@group-A82F1EDBF13F: receive appendEntries(s11, 1, (t:1, i:240), 239, true, commits:[s11:c239, s13:c239, s12:c238, s3:c238, s4:c239, s5:c239, s10:c238, s6:c239, s7:c238, s8:c239, s9:c238, s14:c238, s0:c239, s1:c239, s2:c238], cId:8735, entries: [(t:1, i:241), STATEMACHINELOGENTRY, 8719@client-8BEEC01311DE]
2023-03-07 04:41:26,747 DEBUG server.RaftServer$Division (RaftServerImpl.java:logAppendEntries(1429)) - s14@group-A82F1EDBF13F: succeeded to handle AppendEntries. Reply: s11<-s14#8736:OK-t1,SUCCESS,nextIndex=242,followerCommit=239,matchIndex=241
2023-03-07 04:41:26,747 DEBUG server.RaftServer$Division (RaftServerImpl.java:logAppendEntries(1429)) - s4@group-A82F1EDBF13F: receive appendEntries(s11, 1, (t:1, i:240), 239, true, commits:[s11:c239, s13:c239, s12:c238, s3:c238, s4:c239, s5:c239, s10:c238, s6:c238, s7:c238, s8:c239, s9:c238, s14:c238, s0:c238, s1:c239, s2:c238], cId:8733, entries: [(t:1, i:241), STATEMACHINELOGENTRY, 8719@client-8BEEC01311DE]
2023-03-07 04:41:26,748 DEBUG server.RaftServer$Division (RaftServerImpl.java:logAppendEntries(1429)) - s3@group-A82F1EDBF13F: succeeded to handle AppendEntries. Reply: s11<-s3#8737:OK-t1,SUCCESS,nextIndex=242,followerCommit=239,matchIndex=241
2023-03-07 04:41:26,748 DEBUG server.RaftServer$Division (RaftServerImpl.java:logAppendEntries(1429)) - s8@group-A82F1EDBF13F: receive appendEntries(s11, 1, (t:1, i:240), 239, true, commits:[s11:c239, s13:c239, s12:c238, s3:c238, s4:c238, s5:c239, s10:c238, s6:c238, s7:c238, s8:c239, s9:c238, s14:c238, s0:c238, s1:c239, s2:c238], cId:8732, entries: [(t:1, i:241), STATEMACHINELOGENTRY, 8719@client-8BEEC01311DE]
2023-03-07 04:41:26,748 DEBUG server.RaftServer$Division (RaftServerImpl.java:logAppendEntries(1429)) - s4@group-A82F1EDBF13F: succeeded to handle AppendEntries. Reply: s11<-s4#8733:OK-t1,SUCCESS,nextIndex=242,followerCommit=239,matchIndex=241
2023-03-07 04:41:26,748 DEBUG server.RaftServer$Division (RaftServerImpl.java:logAppendEntries(1429)) - s6@group-A82F1EDBF13F: succeeded to handle AppendEntries. Reply: s11<-s6#8735:OK-t1,SUCCESS,nextIndex=242,followerCommit=239,matchIndex=241
2023-03-07 04:41:26,748 DEBUG server.RaftServer$Division (RaftServerImpl.java:logAppendEntries(1429)) - s12@group-A82F1EDBF13F: receive appendEntries(s11, 1, (t:1, i:240), 239, true, commits:[s11:c239, s13:c239, s12:c239, s3:c239, s4:c239, s5:c239, s10:c238, s6:c239, s7:c238, s8:c239, s9:c238, s14:c239, s0:c239, s1:c239, s2:c238], cId:8738, entries: [(t:1, i:241), STATEMACHINELOGENTRY, 8719@client-8BEEC01311DE]
2023-03-07 04:41:26,749 DEBUG server.RaftServer$Division (RaftServerImpl.java:logAppendEntries(1429)) - s2@group-A82F1EDBF13F: receive appendEntries(s11, 1, (t:1, i:240), 239, true, commits:[s11:c239, s13:c239, s12:c239, s3:c239, s4:c239, s5:c239, s10:c239, s6:c239, s7:c238, s8:c239, s9:c239, s14:c239, s0:c239, s1:c239, s2:c239], cId:8741, entries: [(t:1, i:241), STATEMACHINELOGENTRY, 8719@client-8BEEC01311DE]
2023-03-07 04:41:26,749 DEBUG server.RaftServer$Division (RaftServerImpl.java:logAppendEntries(1429)) - s9@group-A82F1EDBF13F: receive appendEntries(s11, 1, (t:1, i:240), 239, true, commits:[s11:c239, s13:c239, s12:c239, s3:c239, s4:c239, s5:c239, s10:c239, s6:c239, s7:c238, s8:c239, s9:c239, s14:c239, s0:c239, s1:c239, s2:c238], cId:8740, entries: [(t:1, i:241), STATEMACHINELOGENTRY, 8719@client-8BEEC01311DE]
2023-03-07 04:41:26,749 DEBUG server.RaftServer$Division (RaftServerImpl.java:logAppendEntries(1429)) - s8@group-A82F1EDBF13F: succeeded to handle AppendEntries. Reply: s11<-s8#8732:OK-t1,SUCCESS,nextIndex=242,followerCommit=239,matchIndex=241
2023-03-07 04:41:26,749 DEBUG server.RaftServer$Division (RaftServerImpl.java:logAppendEntries(1429)) - s12@group-A82F1EDBF13F: succeeded to handle AppendEntries. Reply: s11<-s12#8738:OK-t1,SUCCESS,nextIndex=242,followerCommit=239,matchIndex=241
2023-03-07 04:41:26,749 DEBUG server.RaftServer$Division (RaftServerImpl.java:logAppendEntries(1429)) - s5@group-A82F1EDBF13F: receive appendEntries(s11, 1, (t:1, i:240), 239, true, commits:[s11:c239, s13:c239, s12:c238, s3:c238, s4:c238, s5:c239, s10:c238, s6:c238, s7:c238, s8:c239, s9:c238, s14:c238, s0:c238, s1:c239, s2:c238], cId:8731, entries: [(t:1, i:241), STATEMACHINELOGENTRY, 8719@client-8BEEC01311DE]
2023-03-07 04:41:26,749 DEBUG server.RaftServer$Division (RaftServerImpl.java:logAppendEntries(1429)) - s7@group-A82F1EDBF13F: receive appendEntries(s11, 1, (t:1, i:240), 239, true, commits:[s11:c239, s13:c239, s12:c239, s3:c239, s4:c239, s5:c239, s10:c239, s6:c239, s7:c239, s8:c239, s9:c239, s14:c239, s0:c239, s1:c239, s2:c239], cId:8742, entries: [(t:1, i:241), STATEMACHINELOGENTRY, 8719@client-8BEEC01311DE]
2023-03-07 04:41:26,750 INFO  statemachine.StateMachine (ArithmeticStateMachine.java:applyTransaction(182)) - LEADER:s11-241: b = null = null
2023-03-07 04:41:26,750 DEBUG server.RaftServer$Division (RaftServerImpl.java:logAppendEntries(1429)) - s7@group-A82F1EDBF13F: succeeded to handle AppendEntries. Reply: s11<-s7#8742:OK-t1,SUCCESS,nextIndex=242,followerCommit=239,matchIndex=241
2023-03-07 04:41:26,750 DEBUG server.RaftServer$Division (RaftServerImpl.java:logAppendEntries(1429)) - s0@group-A82F1EDBF13F: receive appendEntries(s11, 1, (t:1, i:241), 241, true, commits:[s11:c241, s13:c239, s12:c239, s3:c239, s4:c239, s5:c239, s10:c239, s6:c239, s7:c239, s8:c239, s9:c239, s14:c239, s0:c239, s1:c239, s2:c239], cId:8744, entries: [(t:1, i:242), METADATAENTRY(c:241)]
2023-03-07 04:41:26,750 DEBUG server.RaftServer$Division (RaftServerImpl.java:logAppendEntries(1429)) - s7@group-A82F1EDBF13F: receive appendEntries(s11, 1, (t:1, i:241), 241, true, commits:[s11:c241, s13:c239, s12:c239, s3:c239, s4:c239, s5:c239, s10:c239, s6:c239, s7:c239, s8:c239, s9:c239, s14:c239, s0:c239, s1:c239, s2:c239], cId:8750, entries: [(t:1, i:242), METADATAENTRY(c:241)]
2023-03-07 04:41:26,751 DEBUG server.RaftServer$Division (RaftServerImpl.java:logAppendEntries(1429)) - s4@group-A82F1EDBF13F: receive appendEntries(s11, 1, (t:1, i:241), 241, true, commits:[s11:c241, s13:c239, s12:c239, s3:c239, s4:c239, s5:c239, s10:c239, s6:c239, s7:c239, s8:c239, s9:c239, s14:c239, s0:c239, s1:c239, s2:c239], cId:8749, entries: [(t:1, i:242), METADATAENTRY(c:241)]
2023-03-07 04:41:26,751 DEBUG server.RaftServer$Division (RaftServerImpl.java:logAppendEntries(1429)) - s14@group-A82F1EDBF13F: receive appendEntries(s11, 1, (t:1, i:241), 241, true, commits:[s11:c241, s13:c239, s12:c239, s3:c239, s4:c239, s5:c239, s10:c239, s6:c239, s7:c239, s8:c239, s9:c239, s14:c239, s0:c239, s1:c239, s2:c239], cId:8745, entries: [(t:1, i:242), METADATAENTRY(c:241)]
2023-03-07 04:41:26,751 DEBUG server.RaftServer$Division (RaftServerImpl.java:logAppendEntries(1429)) - s13@group-A82F1EDBF13F: receive appendEntries(s11, 1, (t:1, i:241), 241, true, commits:[s11:c241, s13:c239, s12:c239, s3:c239, s4:c239, s5:c239, s10:c239, s6:c239, s7:c239, s8:c239, s9:c239, s14:c239, s0:c239, s1:c239, s2:c239], cId:8743, entries: [(t:1, i:242), METADATAENTRY(c:241)]
2023-03-07 04:41:26,748 DEBUG server.RaftServer$Division (RaftServerImpl.java:logAppendEntries(1429)) - s1@group-A82F1EDBF13F: receive appendEntries(s11, 1, (t:1, i:240), 239, true, commits:[s11:c239, s13:c239, s12:c238, s3:c238, s4:c238, s5:c239, s10:c238, s6:c238, s7:c238, s8:c239, s9:c238, s14:c238, s0:c238, s1:c239, s2:c238], cId:8730, entries: [(t:1, i:241), STATEMACHINELOGENTRY, 8719@client-8BEEC01311DE]
2023-03-07 04:41:26,751 DEBUG server.RaftServer$Division (RaftServerImpl.java:submitClientRequestAsync(832)) - s11@group-A82F1EDBF13F: receive client request(RaftClientRequest:client-8BEEC01311DE->s11@group-A82F1EDBF13F, cid=8752, seq=0, RW, Message:01016300)
2023-03-07 04:41:26,752 DEBUG server.RaftServer$Division (LeaderStateImpl.java:addPendingRequest(474)) - s11@group-A82F1EDBF13F-LeaderStateImpl: addPendingRequest at RaftClientRequest:client-8BEEC01311DE->s11@group-A82F1EDBF13F, cid=8752, seq=0, RW, Message:01016300, entry=(t:1, i:243), STATEMACHINELOGENTRY, 8752@client-8BEEC01311DE
2023-03-07 04:41:26,751 DEBUG server.RaftServer$Division (RaftServerImpl.java:logAppendEntries(1429)) - s6@group-A82F1EDBF13F: receive appendEntries(s11, 1, (t:1, i:241), 241, true, commits:[s11:c241, s13:c239, s12:c239, s3:c239, s4:c239, s5:c239, s10:c239, s6:c239, s7:c239, s8:c239, s9:c239, s14:c239, s0:c239, s1:c239, s2:c239], cId:8751, entries: [(t:1, i:242), METADATAENTRY(c:241)]
2023-03-07 04:41:26,751 DEBUG server.RaftServer$Division (RaftServerImpl.java:logAppendEntries(1429)) - s3@group-A82F1EDBF13F: receive appendEntries(s11, 1, (t:1, i:241), 241, true, commits:[s11:c241, s13:c239, s12:c239, s3:c239, s4:c239, s5:c239, s10:c239, s6:c239, s7:c239, s8:c239, s9:c239, s14:c239, s0:c239, s1:c239, s2:c239], cId:8748, entries: [(t:1, i:242), METADATAENTRY(c:241)]
2023-03-07 04:41:26,752 DEBUG server.RaftServer$Division (RaftServerImpl.java:logAppendEntries(1429)) - s1@group-A82F1EDBF13F: succeeded to handle AppendEntries. Reply: s11<-s1#8730:OK-t1,SUCCESS,nextIndex=242,followerCommit=239,matchIndex=241
2023-03-07 04:41:26,752 DEBUG server.RaftServer$Division (RaftServerImpl.java:logAppendEntries(1429)) - s6@group-A82F1EDBF13F: succeeded to handle AppendEntries. Reply: s11<-s6#8751:OK-t1,SUCCESS,nextIndex=243,followerCommit=241,matchIndex=242
2023-03-07 04:41:26,751 DEBUG server.RaftServer$Division (RaftServerImpl.java:logAppendEntries(1429)) - s12@group-A82F1EDBF13F: receive appendEntries(s11, 1, (t:1, i:241), 241, true, commits:[s11:c241, s13:c239, s12:c239, s3:c239, s4:c239, s5:c239, s10:c239, s6:c239, s7:c239, s8:c239, s9:c239, s14:c239, s0:c239, s1:c239, s2:c239], cId:8747, entries: [(t:1, i:242), METADATAENTRY(c:241)]
2023-03-07 04:41:26,749 DEBUG server.RaftServer$Division (RaftServerImpl.java:logAppendEntries(1429)) - s9@group-A82F1EDBF13F: succeeded to handle AppendEntries. Reply: s11<-s9#8740:OK-t1,SUCCESS,nextIndex=242,followerCommit=239,matchIndex=241
2023-03-07 04:41:26,749 DEBUG server.RaftServer$Division (RaftServerImpl.java:logAppendEntries(1429)) - s5@group-A82F1EDBF13F: succeeded to handle AppendEntries. Reply: s11<-s5#8731:OK-t1,SUCCESS,nextIndex=242,followerCommit=239,matchIndex=241
2023-03-07 04:41:26,749 DEBUG server.RaftServer$Division (RaftServerImpl.java:logAppendEntries(1429)) - s2@group-A82F1EDBF13F: succeeded to handle AppendEntries. Reply: s11<-s2#8741:OK-t1,SUCCESS,nextIndex=242,followerCommit=239,matchIndex=241
2023-03-07 04:41:26,749 DEBUG server.RaftServer$Division (RaftServerImpl.java:logAppendEntries(1429)) - s10@group-A82F1EDBF13F: receive appendEntries(s11, 1, (t:1, i:240), 239, true, commits:[s11:c239, s13:c239, s12:c239, s3:c239, s4:c239, s5:c239, s10:c239, s6:c239, s7:c238, s8:c239, s9:c238, s14:c239, s0:c239, s1:c239, s2:c238], cId:8739, entries: [(t:1, i:241), STATEMACHINELOGENTRY, 8719@client-8BEEC01311DE]
2023-03-07 04:41:26,752 DEBUG server.RaftServer$Division (RaftServerImpl.java:logAppendEntries(1429)) - s13@group-A82F1EDBF13F: succeeded to handle AppendEntries. Reply: s11<-s13#8743:OK-t1,SUCCESS,nextIndex=243,followerCommit=241,matchIndex=242
2023-03-07 04:41:26,752 DEBUG server.RaftServer$Division (RaftServerImpl.java:logAppendEntries(1429)) - s8@group-A82F1EDBF13F: receive appendEntries(s11, 1, (t:1, i:241), 241, true, commits:[s11:c241, s13:c239, s12:c239, s3:c239, s4:c239, s5:c239, s10:c239, s6:c239, s7:c239, s8:c239, s9:c239, s14:c239, s0:c239, s1:c239, s2:c239], cId:8746, entries: [(t:1, i:242), METADATAENTRY(c:241)]
2023-03-07 04:41:26,752 DEBUG server.RaftServer$Division (RaftServerImpl.java:logAppendEntries(1429)) - s4@group-A82F1EDBF13F: succeeded to handle AppendEntries. Reply: s11<-s4#8749:OK-t1,SUCCESS,nextIndex=243,followerCommit=241,matchIndex=242
2023-03-07 04:41:26,752 DEBUG server.RaftServer$Division (RaftServerImpl.java:logAppendEntries(1429)) - s7@group-A82F1EDBF13F: succeeded to handle AppendEntries. Reply: s11<-s7#8750:OK-t1,SUCCESS,nextIndex=243,followerCommit=241,matchIndex=242
2023-03-07 04:41:26,752 DEBUG server.RaftServer$Division (RaftServerImpl.java:logAppendEntries(1429)) - s14@group-A82F1EDBF13F: succeeded to handle AppendEntries. Reply: s11<-s14#8745:OK-t1,SUCCESS,nextIndex=243,followerCommit=241,matchIndex=242
2023-03-07 04:41:26,753 DEBUG server.RaftServer$Division (RaftServerImpl.java:logAppendEntries(1429)) - s10@group-A82F1EDBF13F: succeeded to handle AppendEntries. Reply: s11<-s10#8739:OK-t1,SUCCESS,nextIndex=242,followerCommit=239,matchIndex=241
2023-03-07 04:41:26,753 DEBUG server.RaftServer$Division (RaftServerImpl.java:logAppendEntries(1429)) - s12@group-A82F1EDBF13F: succeeded to handle AppendEntries. Reply: s11<-s12#8747:OK-t1,SUCCESS,nextIndex=243,followerCommit=241,matchIndex=242
2023-03-07 04:41:26,752 DEBUG server.RaftServer$Division (RaftServerImpl.java:logAppendEntries(1429)) - s0@group-A82F1EDBF13F: succeeded to handle AppendEntries. Reply: s11<-s0#8744:OK-t1,SUCCESS,nextIndex=243,followerCommit=241,matchIndex=242
2023-03-07 04:41:26,753 DEBUG server.RaftServer$Division (RaftServerImpl.java:logAppendEntries(1429)) - s3@group-A82F1EDBF13F: succeeded to handle AppendEntries. Reply: s11<-s3#8748:OK-t1,SUCCESS,nextIndex=243,followerCommit=241,matchIndex=242
2023-03-07 04:41:26,754 DEBUG server.RaftServer$Division (RaftServerImpl.java:logAppendEntries(1429)) - s9@group-A82F1EDBF13F: receive appendEntries(s11, 1, (t:1, i:241), 241, true, commits:[s11:c241, s13:c239, s12:c239, s3:c239, s4:c239, s5:c239, s10:c239, s6:c239, s7:c239, s8:c239, s9:c239, s14:c239, s0:c239, s1:c239, s2:c239], cId:8753, entries: [(t:1, i:242), METADATAENTRY(c:241), (t:1, i:243), STATEMACHINELOGENTRY, 8752@client-8BEEC01311DE]
2023-03-07 04:41:26,754 DEBUG server.RaftServer$Division (RaftServerImpl.java:logAppendEntries(1429)) - s2@group-A82F1EDBF13F: receive appendEntries(s11, 1, (t:1, i:241), 241, true, commits:[s11:c241, s13:c239, s12:c239, s3:c239, s4:c239, s5:c239, s10:c239, s6:c239, s7:c239, s8:c239, s9:c239, s14:c239, s0:c239, s1:c239, s2:c239], cId:8754, entries: [(t:1, i:242), METADATAENTRY(c:241), (t:1, i:243), STATEMACHINELOGENTRY, 8752@client-8BEEC01311DE]
2023-03-07 04:41:26,754 DEBUG server.RaftServer$Division (RaftServerImpl.java:logAppendEntries(1429)) - s10@group-A82F1EDBF13F: receive appendEntries(s11, 1, (t:1, i:241), 241, true, commits:[s11:c241, s13:c239, s12:c239, s3:c239, s4:c241, s5:c239, s10:c239, s6:c239, s7:c239, s8:c239, s9:c239, s14:c239, s0:c241, s1:c239, s2:c239], cId:8756, entries: [(t:1, i:242), METADATAENTRY(c:241), (t:1, i:243), STATEMACHINELOGENTRY, 8752@client-8BEEC01311DE]
2023-03-07 04:41:26,754 DEBUG server.RaftServer$Division (RaftServerImpl.java:logAppendEntries(1429)) - s8@group-A82F1EDBF13F: succeeded to handle AppendEntries. Reply: s11<-s8#8746:OK-t1,SUCCESS,nextIndex=243,followerCommit=241,matchIndex=242
2023-03-07 04:41:26,754 DEBUG server.RaftServer$Division (RaftServerImpl.java:logAppendEntries(1429)) - s4@group-A82F1EDBF13F: receive appendEntries(s11, 1, (t:1, i:242), 241, true, commits:[s11:c241, s13:c239, s12:c239, s3:c239, s4:c241, s5:c239, s10:c239, s6:c239, s7:c239, s8:c239, s9:c239, s14:c239, s0:c239, s1:c239, s2:c239], cId:8755, entries: [(t:1, i:243), STATEMACHINELOGENTRY, 8752@client-8BEEC01311DE]
2023-03-07 04:41:26,754 DEBUG server.RaftServer$Division (RaftServerImpl.java:logAppendEntries(1429)) - s12@group-A82F1EDBF13F: receive appendEntries(s11, 1, (t:1, i:242), 241, true, commits:[s11:c241, s13:c239, s12:c241, s3:c239, s4:c241, s5:c239, s10:c239, s6:c239, s7:c239, s8:c239, s9:c239, s14:c239, s0:c241, s1:c239, s2:c239], cId:8758, entries: [(t:1, i:243), STATEMACHINELOGENTRY, 8752@client-8BEEC01311DE]
2023-03-07 04:41:26,754 DEBUG server.RaftServer$Division (RaftServerImpl.java:logAppendEntries(1429)) - s9@group-A82F1EDBF13F: succeeded to handle AppendEntries. Reply: s11<-s9#8753:OK-t1,SUCCESS,nextIndex=244,followerCommit=241,matchIndex=243
2023-03-07 04:41:26,755 DEBUG server.RaftServer$Division (RaftServerImpl.java:logAppendEntries(1429)) - s14@group-A82F1EDBF13F: receive appendEntries(s11, 1, (t:1, i:242), 241, true, commits:[s11:c241, s13:c239, s12:c241, s3:c241, s4:c241, s5:c239, s10:c239, s6:c239, s7:c241, s8:c239, s9:c239, s14:c241, s0:c241, s1:c239, s2:c239], cId:8760, entries: [(t:1, i:243), STATEMACHINELOGENTRY, 8752@client-8BEEC01311DE]
2023-03-07 04:41:26,755 DEBUG server.RaftServer$Division (RaftServerImpl.java:logAppendEntries(1429)) - s2@group-A82F1EDBF13F: succeeded to handle AppendEntries. Reply: s11<-s2#8754:OK-t1,SUCCESS,nextIndex=244,followerCommit=241,matchIndex=243
2023-03-07 04:41:26,755 DEBUG server.RaftServer$Division (RaftServerImpl.java:logAppendEntries(1429)) - s12@group-A82F1EDBF13F: succeeded to handle AppendEntries. Reply: s11<-s12#8758:OK-t1,SUCCESS,nextIndex=244,followerCommit=241,matchIndex=243
2023-03-07 04:41:26,755 DEBUG server.RaftServer$Division (RaftServerImpl.java:logAppendEntries(1429)) - s7@group-A82F1EDBF13F: receive appendEntries(s11, 1, (t:1, i:242), 241, true, commits:[s11:c241, s13:c239, s12:c241, s3:c239, s4:c241, s5:c239, s10:c239, s6:c239, s7:c241, s8:c239, s9:c239, s14:c239, s0:c241, s1:c239, s2:c239], cId:8759, entries: [(t:1, i:243), STATEMACHINELOGENTRY, 8752@client-8BEEC01311DE]
2023-03-07 04:41:26,755 DEBUG server.RaftServer$Division (RaftServerImpl.java:logAppendEntries(1429)) - s4@group-A82F1EDBF13F: succeeded to handle AppendEntries. Reply: s11<-s4#8755:OK-t1,SUCCESS,nextIndex=244,followerCommit=241,matchIndex=243
2023-03-07 04:41:26,755 DEBUG server.RaftServer$Division (RaftServerImpl.java:logAppendEntries(1429)) - s3@group-A82F1EDBF13F: receive appendEntries(s11, 1, (t:1, i:242), 241, true, commits:[s11:c241, s13:c239, s12:c241, s3:c241, s4:c241, s5:c239, s10:c239, s6:c239, s7:c241, s8:c239, s9:c239, s14:c241, s0:c241, s1:c239, s2:c239], cId:8761, entries: [(t:1, i:243), STATEMACHINELOGENTRY, 8752@client-8BEEC01311DE]
2023-03-07 04:41:26,755 DEBUG server.RaftServer$Division (RaftServerImpl.java:logAppendEntries(1429)) - s0@group-A82F1EDBF13F: receive appendEntries(s11, 1, (t:1, i:242), 241, true, commits:[s11:c241, s13:c239, s12:c239, s3:c239, s4:c241, s5:c239, s10:c239, s6:c239, s7:c239, s8:c239, s9:c239, s14:c239, s0:c241, s1:c239, s2:c239], cId:8757, entries: [(t:1, i:243), STATEMACHINELOGENTRY, 8752@client-8BEEC01311DE]
2023-03-07 04:41:26,756 DEBUG server.RaftServer$Division (RaftServerImpl.java:logAppendEntries(1429)) - s10@group-A82F1EDBF13F: succeeded to handle AppendEntries. Reply: s11<-s10#8756:OK-t1,SUCCESS,nextIndex=244,followerCommit=241,matchIndex=243
2023-03-07 04:41:26,756 DEBUG server.RaftServer$Division (RaftServerImpl.java:logAppendEntries(1429)) - s14@group-A82F1EDBF13F: succeeded to handle AppendEntries. Reply: s11<-s14#8760:OK-t1,SUCCESS,nextIndex=244,followerCommit=241,matchIndex=243
2023-03-07 04:41:26,756 DEBUG server.RaftServer$Division (RaftServerImpl.java:logAppendEntries(1429)) - s7@group-A82F1EDBF13F: succeeded to handle AppendEntries. Reply: s11<-s7#8759:OK-t1,SUCCESS,nextIndex=244,followerCommit=241,matchIndex=243
2023-03-07 04:41:26,756 DEBUG server.RaftServer$Division (RaftServerImpl.java:logAppendEntries(1429)) - s3@group-A82F1EDBF13F: succeeded to handle AppendEntries. Reply: s11<-s3#8761:OK-t1,SUCCESS,nextIndex=244,followerCommit=241,matchIndex=243
2023-03-07 04:41:26,756 DEBUG server.RaftServer$Division (RaftServerImpl.java:logAppendEntries(1429)) - s6@group-A82F1EDBF13F: receive appendEntries(s11, 1, (t:1, i:242), 242, true, commits:[s11:c242, s13:c241, s12:c241, s3:c241, s4:c241, s5:c239, s10:c239, s6:c241, s7:c241, s8:c239, s9:c241, s14:c241, s0:c241, s1:c239, s2:c241], cId:8764, entries: [(t:1, i:243), STATEMACHINELOGENTRY, 8752@client-8BEEC01311DE]
2023-03-07 04:41:26,757 INFO  statemachine.StateMachine (ArithmeticStateMachine.java:applyTransaction(182)) - LEADER:s11-243: c = null = null
2023-03-07 04:41:26,757 DEBUG server.RaftServer$Division (RaftServerImpl.java:logAppendEntries(1429)) - s6@group-A82F1EDBF13F: succeeded to handle AppendEntries. Reply: s11<-s6#8764:OK-t1,SUCCESS,nextIndex=244,followerCommit=242,matchIndex=243
2023-03-07 04:41:26,757 DEBUG server.RaftServer$Division (RaftServerImpl.java:logAppendEntries(1429)) - s5@group-A82F1EDBF13F: receive appendEntries(s11, 1, (t:1, i:241), 242, true, commits:[s11:c242, s13:c241, s12:c241, s3:c241, s4:c241, s5:c239, s10:c239, s6:c239, s7:c241, s8:c239, s9:c241, s14:c241, s0:c241, s1:c239, s2:c241], cId:8762, entries: [(t:1, i:242), METADATAENTRY(c:241), (t:1, i:243), STATEMACHINELOGENTRY, 8752@client-8BEEC01311DE]
2023-03-07 04:41:26,757 DEBUG server.RaftServer$Division (RaftServerImpl.java:logAppendEntries(1429)) - s13@group-A82F1EDBF13F: receive appendEntries(s11, 1, (t:1, i:242), 242, true, commits:[s11:c242, s13:c241, s12:c241, s3:c241, s4:c241, s5:c239, s10:c239, s6:c239, s7:c241, s8:c239, s9:c241, s14:c241, s0:c241, s1:c239, s2:c241], cId:8763, entries: [(t:1, i:243), STATEMACHINELOGENTRY, 8752@client-8BEEC01311DE]
2023-03-07 04:41:26,757 DEBUG server.RaftServer$Division (RaftServerImpl.java:logAppendEntries(1429)) - s4@group-A82F1EDBF13F: receive appendEntries(s11, 1, (t:1, i:243), 243, true, commits:[s11:c243, s13:c241, s12:c241, s3:c241, s4:c241, s5:c239, s10:c241, s6:c241, s7:c241, s8:c241, s9:c241, s14:c241, s0:c241, s1:c239, s2:c241], cId:8772, entries: [(t:1, i:244), METADATAENTRY(c:243)]
2023-03-07 04:41:26,757 DEBUG server.RaftServer$Division (RaftServerImpl.java:logAppendEntries(1429)) - s0@group-A82F1EDBF13F: succeeded to handle AppendEntries. Reply: s11<-s0#8757:OK-t1,SUCCESS,nextIndex=244,followerCommit=241,matchIndex=243
2023-03-07 04:41:26,757 DEBUG server.RaftServer$Division (RaftServerImpl.java:logAppendEntries(1429)) - s7@group-A82F1EDBF13F: receive appendEntries(s11, 1, (t:1, i:243), 243, true, commits:[s11:c243, s13:c241, s12:c241, s3:c241, s4:c241, s5:c239, s10:c241, s6:c241, s7:c241, s8:c241, s9:c241, s14:c241, s0:c241, s1:c239, s2:c241], cId:8768, entries: [(t:1, i:244), METADATAENTRY(c:243)]
2023-03-07 04:41:26,758 DEBUG server.RaftServer$Division (RaftServerImpl.java:logAppendEntries(1429)) - s10@group-A82F1EDBF13F: receive appendEntries(s11, 1, (t:1, i:243), 243, true, commits:[s11:c243, s13:c241, s12:c241, s3:c241, s4:c241, s5:c239, s10:c241, s6:c241, s7:c241, s8:c241, s9:c241, s14:c241, s0:c241, s1:c239, s2:c241], cId:8767, entries: [(t:1, i:244), METADATAENTRY(c:243)]
2023-03-07 04:41:26,758 DEBUG server.RaftServer$Division (RaftServerImpl.java:logAppendEntries(1429)) - s2@group-A82F1EDBF13F: receive appendEntries(s11, 1, (t:1, i:243), 243, true, commits:[s11:c243, s13:c241, s12:c241, s3:c241, s4:c241, s5:c239, s10:c241, s6:c241, s7:c241, s8:c241, s9:c241, s14:c241, s0:c241, s1:c239, s2:c241], cId:8773, entries: [(t:1, i:244), METADATAENTRY(c:243)]
2023-03-07 04:41:26,758 DEBUG server.RaftServer$Division (RaftServerImpl.java:logAppendEntries(1429)) - s3@group-A82F1EDBF13F: receive appendEntries(s11, 1, (t:1, i:243), 243, true, commits:[s11:c243, s13:c241, s12:c241, s3:c241, s4:c241, s5:c239, s10:c241, s6:c241, s7:c241, s8:c241, s9:c241, s14:c241, s0:c241, s1:c239, s2:c241], cId:8770, entries: [(t:1, i:244), METADATAENTRY(c:243)]
2023-03-07 04:41:26,758 DEBUG server.RaftServer$Division (RaftServerImpl.java:logAppendEntries(1429)) - s9@group-A82F1EDBF13F: receive appendEntries(s11, 1, (t:1, i:243), 243, true, commits:[s11:c243, s13:c241, s12:c241, s3:c241, s4:c241, s5:c239, s10:c241, s6:c241, s7:c241, s8:c241, s9:c241, s14:c241, s0:c241, s1:c239, s2:c241], cId:8771, entries: [(t:1, i:244), METADATAENTRY(c:243)]
2023-03-07 04:41:26,758 DEBUG server.RaftServer$Division (RaftServerImpl.java:logAppendEntries(1429)) - s14@group-A82F1EDBF13F: receive appendEntries(s11, 1, (t:1, i:243), 243, true, commits:[s11:c243, s13:c241, s12:c241, s3:c241, s4:c241, s5:c239, s10:c241, s6:c241, s7:c241, s8:c241, s9:c241, s14:c241, s0:c241, s1:c239, s2:c241], cId:8766, entries: [(t:1, i:244), METADATAENTRY(c:243)]
2023-03-07 04:41:26,758 DEBUG server.RaftServer$Division (RaftServerImpl.java:logAppendEntries(1429)) - s12@group-A82F1EDBF13F: receive appendEntries(s11, 1, (t:1, i:243), 243, true, commits:[s11:c243, s13:c241, s12:c241, s3:c241, s4:c241, s5:c239, s10:c241, s6:c241, s7:c241, s8:c241, s9:c241, s14:c241, s0:c241, s1:c239, s2:c241], cId:8769, entries: [(t:1, i:244), METADATAENTRY(c:243)]
2023-03-07 04:41:26,766 DEBUG server.RaftServer$Division (RaftServerImpl.java:logAppendEntries(1429)) - s5@group-A82F1EDBF13F: succeeded to handle AppendEntries. Reply: s11<-s5#8762:OK-t1,SUCCESS,nextIndex=244,followerCommit=242,matchIndex=243
2023-03-07 04:41:26,766 DEBUG server.RaftServer$Division (RaftServerImpl.java:logAppendEntries(1429)) - s0@group-A82F1EDBF13F: receive appendEntries(s11, 1, (t:1, i:243), 243, true, commits:[s11:c243, s13:c241, s12:c241, s3:c241, s4:c241, s5:c239, s10:c241, s6:c241, s7:c241, s8:c241, s9:c241, s14:c241, s0:c241, s1:c239, s2:c241], cId:8774, entries: [(t:1, i:244), METADATAENTRY(c:243)]
2023-03-07 04:41:26,767 DEBUG server.RaftServer$Division (RaftServerImpl.java:logAppendEntries(1429)) - s8@group-A82F1EDBF13F: receive appendEntries(s11, 1, (t:1, i:242), 242, true, commits:[s11:c242, s13:c241, s12:c241, s3:c241, s4:c241, s5:c239, s10:c241, s6:c241, s7:c241, s8:c241, s9:c241, s14:c241, s0:c241, s1:c239, s2:c241], cId:8765, entries: [(t:1, i:243), STATEMACHINELOGENTRY, 8752@client-8BEEC01311DE]
2023-03-07 04:41:26,767 DEBUG server.RaftServer$Division (RaftServerImpl.java:logAppendEntries(1429)) - s0@group-A82F1EDBF13F: succeeded to handle AppendEntries. Reply: s11<-s0#8774:OK-t1,SUCCESS,nextIndex=245,followerCommit=243,matchIndex=244
2023-03-07 04:41:26,767 DEBUG server.RaftServer$Division (RaftServerImpl.java:logAppendEntries(1429)) - s5@group-A82F1EDBF13F: receive appendEntries(s11, 1, (t:1, i:243), 243, true, commits:[s11:c243, s13:c241, s12:c241, s3:c241, s4:c241, s5:c242, s10:c241, s6:c241, s7:c241, s8:c241, s9:c241, s14:c241, s0:c241, s1:c239, s2:c241], cId:8775, entries: [(t:1, i:244), METADATAENTRY(c:243)]
2023-03-07 04:41:26,767 DEBUG server.RaftServer$Division (RaftServerImpl.java:logAppendEntries(1429)) - s1@group-A82F1EDBF13F: receive appendEntries(s11, 1, (t:1, i:241), 243, true, commits:[s11:c243, s13:c241, s12:c241, s3:c241, s4:c241, s5:c242, s10:c241, s6:c241, s7:c241, s8:c241, s9:c241, s14:c241, s0:c241, s1:c239, s2:c241], cId:8776, entries: [(t:1, i:242), METADATAENTRY(c:241), (t:1, i:243), STATEMACHINELOGENTRY, 8752@client-8BEEC01311DE, (t:1, i:244), METADATAENTRY(c:243)]
2023-03-07 04:41:26,768 DEBUG server.RaftServer$Division (RaftServerImpl.java:logAppendEntries(1429)) - s8@group-A82F1EDBF13F: succeeded to handle AppendEntries. Reply: s11<-s8#8765:OK-t1,SUCCESS,nextIndex=244,followerCommit=242,matchIndex=243
2023-03-07 04:41:26,768 DEBUG server.RaftServer$Division (RaftServerImpl.java:logAppendEntries(1429)) - s1@group-A82F1EDBF13F: succeeded to handle AppendEntries. Reply: s11<-s1#8776:OK-t1,SUCCESS,nextIndex=245,followerCommit=243,matchIndex=244
2023-03-07 04:41:26,768 DEBUG server.RaftServer$Division (RaftServerImpl.java:logAppendEntries(1429)) - s5@group-A82F1EDBF13F: succeeded to handle AppendEntries. Reply: s11<-s5#8775:OK-t1,SUCCESS,nextIndex=245,followerCommit=243,matchIndex=244
2023-03-07 04:41:26,769 DEBUG server.RaftServer$Division (RaftServerImpl.java:logAppendEntries(1429)) - s8@group-A82F1EDBF13F: receive appendEntries(s11, 1, (t:1, i:243), 243, true, commits:[s11:c243, s13:c241, s12:c241, s3:c241, s4:c241, s5:c243, s10:c241, s6:c241, s7:c241, s8:c242, s9:c241, s14:c241, s0:c243, s1:c239, s2:c241], cId:8777, entries: [(t:1, i:244), METADATAENTRY(c:243)]
2023-03-07 04:41:26,769 DEBUG server.RaftServer$Division (RaftServerImpl.java:logAppendEntries(1429)) - s8@group-A82F1EDBF13F: succeeded to handle AppendEntries. Reply: s11<-s8#8777:OK-t1,SUCCESS,nextIndex=245,followerCommit=243,matchIndex=244
2023-03-07 04:41:26,788 DEBUG server.RaftServer$Division (RaftServerImpl.java:logAppendEntries(1429)) - s7@group-A82F1EDBF13F: succeeded to handle AppendEntries. Reply: s11<-s7#8768:OK-t1,SUCCESS,nextIndex=245,followerCommit=243,matchIndex=244
2023-03-07 04:41:26,789 DEBUG server.RaftServer$Division (RaftServerImpl.java:logAppendEntries(1429)) - s3@group-A82F1EDBF13F: succeeded to handle AppendEntries. Reply: s11<-s3#8770:OK-t1,SUCCESS,nextIndex=245,followerCommit=243,matchIndex=244
2023-03-07 04:41:26,789 DEBUG server.RaftServer$Division (RaftServerImpl.java:logAppendEntries(1429)) - s2@group-A82F1EDBF13F: succeeded to handle AppendEntries. Reply: s11<-s2#8773:OK-t1,SUCCESS,nextIndex=245,followerCommit=243,matchIndex=244
2023-03-07 04:41:26,789 DEBUG server.RaftServer$Division (RaftServerImpl.java:logAppendEntries(1429)) - s4@group-A82F1EDBF13F: succeeded to handle AppendEntries. Reply: s11<-s4#8772:OK-t1,SUCCESS,nextIndex=245,followerCommit=243,matchIndex=244
2023-03-07 04:41:26,789 DEBUG server.RaftServer$Division (RaftServerImpl.java:logAppendEntries(1429)) - s9@group-A82F1EDBF13F: succeeded to handle AppendEntries. Reply: s11<-s9#8771:OK-t1,SUCCESS,nextIndex=245,followerCommit=243,matchIndex=244
2023-03-07 04:41:26,789 DEBUG server.RaftServer$Division (RaftServerImpl.java:logAppendEntries(1429)) - s10@group-A82F1EDBF13F: succeeded to handle AppendEntries. Reply: s11<-s10#8767:OK-t1,SUCCESS,nextIndex=245,followerCommit=243,matchIndex=244
2023-03-07 04:41:26,789 DEBUG server.RaftServer$Division (RaftServerImpl.java:logAppendEntries(1429)) - s13@group-A82F1EDBF13F: succeeded to handle AppendEntries. Reply: s11<-s13#8763:OK-t1,SUCCESS,nextIndex=244,followerCommit=242,matchIndex=243
2023-03-07 04:41:26,790 DEBUG server.RaftServer$Division (RaftServerImpl.java:logAppendEntries(1429)) - s12@group-A82F1EDBF13F: succeeded to handle AppendEntries. Reply: s11<-s12#8769:OK-t1,SUCCESS,nextIndex=245,followerCommit=243,matchIndex=244
2023-03-07 04:41:26,791 DEBUG server.RaftServer$Division (RaftServerImpl.java:logAppendEntries(1429)) - s6@group-A82F1EDBF13F: receive appendEntries(s11, 1, (t:1, i:243), 243, true, commits:[s11:c243, s13:c242, s12:c241, s3:c243, s4:c241, s5:c243, s10:c243, s6:c242, s7:c243, s8:c243, s9:c243, s14:c241, s0:c243, s1:c243, s2:c243], cId:8779, entries: [(t:1, i:244), METADATAENTRY(c:243)]
2023-03-07 04:41:26,789 DEBUG server.RaftServer$Division (RaftServerImpl.java:logAppendEntries(1429)) - s14@group-A82F1EDBF13F: succeeded to handle AppendEntries. Reply: s11<-s14#8766:OK-t1,SUCCESS,nextIndex=245,followerCommit=243,matchIndex=244
2023-03-07 04:41:26,791 DEBUG server.RaftServer$Division (RaftServerImpl.java:logAppendEntries(1429)) - s13@group-A82F1EDBF13F: receive appendEntries(s11, 1, (t:1, i:243), 243, true, commits:[s11:c243, s13:c242, s12:c241, s3:c241, s4:c241, s5:c243, s10:c241, s6:c241, s7:c243, s8:c243, s9:c241, s14:c241, s0:c243, s1:c243, s2:c241], cId:8778, entries: [(t:1, i:244), METADATAENTRY(c:243)]
2023-03-07 04:41:26,791 DEBUG server.RaftServer$Division (RaftServerImpl.java:logAppendEntries(1429)) - s6@group-A82F1EDBF13F: succeeded to handle AppendEntries. Reply: s11<-s6#8779:OK-t1,SUCCESS,nextIndex=245,followerCommit=243,matchIndex=244
2023-03-07 04:41:26,792 DEBUG server.RaftServer$Division (RaftServerImpl.java:logAppendEntries(1429)) - s13@group-A82F1EDBF13F: succeeded to handle AppendEntries. Reply: s11<-s13#8778:OK-t1,SUCCESS,nextIndex=245,followerCommit=243,matchIndex=244
2023-03-07 04:41:26,813 INFO  impl.GroupManagementBaseTest (GroupManagementBaseTest.java:runMultiGroupTest(337)) - update groups: printing ALL groups
  s3:  RUNNING [
   FOLLOWER s3@group-FAA53D5BC7BE:t0, leader=null, voted=, raftlog=Memoized:s3@group-FAA53D5BC7BE-SegmentedRaftLog:OPENED:c-1, conf=-1: peers:[]|listeners:[], old=null STARTING
   FOLLOWER s3@group-A82F1EDBF13F:t1, leader=s11, voted=null, raftlog=Memoized:s3@group-A82F1EDBF13F-SegmentedRaftLog:OPENED:c243, conf=123: peers:[s3|rpc:0.0.0.0:43243|dataStream:|priority:0|startupRole:FOLLOWER, s4|rpc:0.0.0.0:34427|dataStream:|priority:0|startupRole:FOLLOWER, s5|rpc:0.0.0.0:35843|dataStream:|priority:0|startupRole:FOLLOWER, s6|rpc:0.0.0.0:43509|dataStream:|priority:0|startupRole:FOLLOWER, s7|rpc:0.0.0.0:36409|dataStream:|priority:0|startupRole:FOLLOWER, s8|rpc:0.0.0.0:41505|dataStream:|priority:0|startupRole:FOLLOWER, s9|rpc:0.0.0.0:34365|dataStream:|priority:0|startupRole:FOLLOWER, s11|rpc:0.0.0.0:44621|dataStream:|priority:0|startupRole:FOLLOWER, s10|rpc:0.0.0.0:43353|dataStream:|priority:0|startupRole:FOLLOWER, s13|rpc:0.0.0.0:33759|dataStream:|priority:0|startupRole:FOLLOWER, s12|rpc:0.0.0.0:43391|dataStream:|priority:0|startupRole:FOLLOWER, s14|rpc:0.0.0.0:41557|dataStream:|priority:0|startupRole:FOLLOWER, s0|rpc:0.0.0.0:45573|dataStream:|priority:0|startupRole:FOLLOWER, s1|rpc:0.0.0.0:34621|dataStream:|priority:0|startupRole:FOLLOWER, s2|rpc:0.0.0.0:40769|dataStream:|priority:0|startupRole:FOLLOWER]|listeners:[], old=null RUNNING] size=2
  s4:  RUNNING [
   FOLLOWER s4@group-FAA53D5BC7BE:t0, leader=null, voted=, raftlog=Memoized:s4@group-FAA53D5BC7BE-SegmentedRaftLog:OPENED:c-1, conf=-1: peers:[]|listeners:[], old=null STARTING
   FOLLOWER s4@group-A82F1EDBF13F:t1, leader=s11, voted=null, raftlog=Memoized:s4@group-A82F1EDBF13F-SegmentedRaftLog:OPENED:c243, conf=123: peers:[s3|rpc:0.0.0.0:43243|dataStream:|priority:0|startupRole:FOLLOWER, s4|rpc:0.0.0.0:34427|dataStream:|priority:0|startupRole:FOLLOWER, s5|rpc:0.0.0.0:35843|dataStream:|priority:0|startupRole:FOLLOWER, s6|rpc:0.0.0.0:43509|dataStream:|priority:0|startupRole:FOLLOWER, s7|rpc:0.0.0.0:36409|dataStream:|priority:0|startupRole:FOLLOWER, s8|rpc:0.0.0.0:41505|dataStream:|priority:0|startupRole:FOLLOWER, s9|rpc:0.0.0.0:34365|dataStream:|priority:0|startupRole:FOLLOWER, s11|rpc:0.0.0.0:44621|dataStream:|priority:0|startupRole:FOLLOWER, s10|rpc:0.0.0.0:43353|dataStream:|priority:0|startupRole:FOLLOWER, s13|rpc:0.0.0.0:33759|dataStream:|priority:0|startupRole:FOLLOWER, s12|rpc:0.0.0.0:43391|dataStream:|priority:0|startupRole:FOLLOWER, s14|rpc:0.0.0.0:41557|dataStream:|priority:0|startupRole:FOLLOWER, s0|rpc:0.0.0.0:45573|dataStream:|priority:0|startupRole:FOLLOWER, s1|rpc:0.0.0.0:34621|dataStream:|priority:0|startupRole:FOLLOWER, s2|rpc:0.0.0.0:40769|dataStream:|priority:0|startupRole:FOLLOWER]|listeners:[], old=null RUNNING] size=2
  s5:  RUNNING [
   FOLLOWER s5@group-FAA53D5BC7BE:t0, leader=null, voted=, raftlog=Memoized:s5@group-FAA53D5BC7BE-SegmentedRaftLog:OPENED:c-1, conf=-1: peers:[]|listeners:[], old=null STARTING
   FOLLOWER s5@group-A82F1EDBF13F:t1, leader=s11, voted=null, raftlog=Memoized:s5@group-A82F1EDBF13F-SegmentedRaftLog:OPENED:c243, conf=123: peers:[s3|rpc:0.0.0.0:43243|dataStream:|priority:0|startupRole:FOLLOWER, s4|rpc:0.0.0.0:34427|dataStream:|priority:0|startupRole:FOLLOWER, s5|rpc:0.0.0.0:35843|dataStream:|priority:0|startupRole:FOLLOWER, s6|rpc:0.0.0.0:43509|dataStream:|priority:0|startupRole:FOLLOWER, s7|rpc:0.0.0.0:36409|dataStream:|priority:0|startupRole:FOLLOWER, s8|rpc:0.0.0.0:41505|dataStream:|priority:0|startupRole:FOLLOWER, s9|rpc:0.0.0.0:34365|dataStream:|priority:0|startupRole:FOLLOWER, s11|rpc:0.0.0.0:44621|dataStream:|priority:0|startupRole:FOLLOWER, s10|rpc:0.0.0.0:43353|dataStream:|priority:0|startupRole:FOLLOWER, s13|rpc:0.0.0.0:33759|dataStream:|priority:0|startupRole:FOLLOWER, s12|rpc:0.0.0.0:43391|dataStream:|priority:0|startupRole:FOLLOWER, s14|rpc:0.0.0.0:41557|dataStream:|priority:0|startupRole:FOLLOWER, s0|rpc:0.0.0.0:45573|dataStream:|priority:0|startupRole:FOLLOWER, s1|rpc:0.0.0.0:34621|dataStream:|priority:0|startupRole:FOLLOWER, s2|rpc:0.0.0.0:40769|dataStream:|priority:0|startupRole:FOLLOWER]|listeners:[], old=null RUNNING] size=2
  s6:  RUNNING [
   FOLLOWER s6@group-FAA53D5BC7BE:t0, leader=null, voted=, raftlog=Memoized:s6@group-FAA53D5BC7BE-SegmentedRaftLog:OPENED:c-1, conf=-1: peers:[]|listeners:[], old=null STARTING
   FOLLOWER s6@group-A82F1EDBF13F:t1, leader=s11, voted=null, raftlog=Memoized:s6@group-A82F1EDBF13F-SegmentedRaftLog:OPENED:c243, conf=123: peers:[s3|rpc:0.0.0.0:43243|dataStream:|priority:0|startupRole:FOLLOWER, s4|rpc:0.0.0.0:34427|dataStream:|priority:0|startupRole:FOLLOWER, s5|rpc:0.0.0.0:35843|dataStream:|priority:0|startupRole:FOLLOWER, s6|rpc:0.0.0.0:43509|dataStream:|priority:0|startupRole:FOLLOWER, s7|rpc:0.0.0.0:36409|dataStream:|priority:0|startupRole:FOLLOWER, s8|rpc:0.0.0.0:41505|dataStream:|priority:0|startupRole:FOLLOWER, s9|rpc:0.0.0.0:34365|dataStream:|priority:0|startupRole:FOLLOWER, s11|rpc:0.0.0.0:44621|dataStream:|priority:0|startupRole:FOLLOWER, s10|rpc:0.0.0.0:43353|dataStream:|priority:0|startupRole:FOLLOWER, s13|rpc:0.0.0.0:33759|dataStream:|priority:0|startupRole:FOLLOWER, s12|rpc:0.0.0.0:43391|dataStream:|priority:0|startupRole:FOLLOWER, s14|rpc:0.0.0.0:41557|dataStream:|priority:0|startupRole:FOLLOWER, s0|rpc:0.0.0.0:45573|dataStream:|priority:0|startupRole:FOLLOWER, s1|rpc:0.0.0.0:34621|dataStream:|priority:0|startupRole:FOLLOWER, s2|rpc:0.0.0.0:40769|dataStream:|priority:0|startupRole:FOLLOWER]|listeners:[], old=null RUNNING] size=2
  s7:  RUNNING [
   FOLLOWER s7@group-FAA53D5BC7BE:t0, leader=null, voted=, raftlog=Memoized:s7@group-FAA53D5BC7BE-SegmentedRaftLog:OPENED:c-1, conf=-1: peers:[]|listeners:[], old=null STARTING
   FOLLOWER s7@group-A82F1EDBF13F:t1, leader=s11, voted=null, raftlog=Memoized:s7@group-A82F1EDBF13F-SegmentedRaftLog:OPENED:c243, conf=123: peers:[s3|rpc:0.0.0.0:43243|dataStream:|priority:0|startupRole:FOLLOWER, s4|rpc:0.0.0.0:34427|dataStream:|priority:0|startupRole:FOLLOWER, s5|rpc:0.0.0.0:35843|dataStream:|priority:0|startupRole:FOLLOWER, s6|rpc:0.0.0.0:43509|dataStream:|priority:0|startupRole:FOLLOWER, s7|rpc:0.0.0.0:36409|dataStream:|priority:0|startupRole:FOLLOWER, s8|rpc:0.0.0.0:41505|dataStream:|priority:0|startupRole:FOLLOWER, s9|rpc:0.0.0.0:34365|dataStream:|priority:0|startupRole:FOLLOWER, s11|rpc:0.0.0.0:44621|dataStream:|priority:0|startupRole:FOLLOWER, s10|rpc:0.0.0.0:43353|dataStream:|priority:0|startupRole:FOLLOWER, s13|rpc:0.0.0.0:33759|dataStream:|priority:0|startupRole:FOLLOWER, s12|rpc:0.0.0.0:43391|dataStream:|priority:0|startupRole:FOLLOWER, s14|rpc:0.0.0.0:41557|dataStream:|priority:0|startupRole:FOLLOWER, s0|rpc:0.0.0.0:45573|dataStream:|priority:0|startupRole:FOLLOWER, s1|rpc:0.0.0.0:34621|dataStream:|priority:0|startupRole:FOLLOWER, s2|rpc:0.0.0.0:40769|dataStream:|priority:0|startupRole:FOLLOWER]|listeners:[], old=null RUNNING] size=2
  s8:  RUNNING [
   FOLLOWER s8@group-FAA53D5BC7BE:t0, leader=null, voted=, raftlog=Memoized:s8@group-FAA53D5BC7BE-SegmentedRaftLog:OPENED:c-1, conf=-1: peers:[]|listeners:[], old=null STARTING
   FOLLOWER s8@group-A82F1EDBF13F:t1, leader=s11, voted=null, raftlog=Memoized:s8@group-A82F1EDBF13F-SegmentedRaftLog:OPENED:c243, conf=123: peers:[s3|rpc:0.0.0.0:43243|dataStream:|priority:0|startupRole:FOLLOWER, s4|rpc:0.0.0.0:34427|dataStream:|priority:0|startupRole:FOLLOWER, s5|rpc:0.0.0.0:35843|dataStream:|priority:0|startupRole:FOLLOWER, s6|rpc:0.0.0.0:43509|dataStream:|priority:0|startupRole:FOLLOWER, s7|rpc:0.0.0.0:36409|dataStream:|priority:0|startupRole:FOLLOWER, s8|rpc:0.0.0.0:41505|dataStream:|priority:0|startupRole:FOLLOWER, s9|rpc:0.0.0.0:34365|dataStream:|priority:0|startupRole:FOLLOWER, s11|rpc:0.0.0.0:44621|dataStream:|priority:0|startupRole:FOLLOWER, s10|rpc:0.0.0.0:43353|dataStream:|priority:0|startupRole:FOLLOWER, s13|rpc:0.0.0.0:33759|dataStream:|priority:0|startupRole:FOLLOWER, s12|rpc:0.0.0.0:43391|dataStream:|priority:0|startupRole:FOLLOWER, s14|rpc:0.0.0.0:41557|dataStream:|priority:0|startupRole:FOLLOWER, s0|rpc:0.0.0.0:45573|dataStream:|priority:0|startupRole:FOLLOWER, s1|rpc:0.0.0.0:34621|dataStream:|priority:0|startupRole:FOLLOWER, s2|rpc:0.0.0.0:40769|dataStream:|priority:0|startupRole:FOLLOWER]|listeners:[], old=null RUNNING] size=2
  s9:  RUNNING [
   FOLLOWER s9@group-FAA53D5BC7BE:t0, leader=null, voted=, raftlog=Memoized:s9@group-FAA53D5BC7BE-SegmentedRaftLog:OPENED:c-1, conf=-1: peers:[]|listeners:[], old=null STARTING
   FOLLOWER s9@group-A82F1EDBF13F:t1, leader=s11, voted=null, raftlog=Memoized:s9@group-A82F1EDBF13F-SegmentedRaftLog:OPENED:c243, conf=123: peers:[s3|rpc:0.0.0.0:43243|dataStream:|priority:0|startupRole:FOLLOWER, s4|rpc:0.0.0.0:34427|dataStream:|priority:0|startupRole:FOLLOWER, s5|rpc:0.0.0.0:35843|dataStream:|priority:0|startupRole:FOLLOWER, s6|rpc:0.0.0.0:43509|dataStream:|priority:0|startupRole:FOLLOWER, s7|rpc:0.0.0.0:36409|dataStream:|priority:0|startupRole:FOLLOWER, s8|rpc:0.0.0.0:41505|dataStream:|priority:0|startupRole:FOLLOWER, s9|rpc:0.0.0.0:34365|dataStream:|priority:0|startupRole:FOLLOWER, s11|rpc:0.0.0.0:44621|dataStream:|priority:0|startupRole:FOLLOWER, s10|rpc:0.0.0.0:43353|dataStream:|priority:0|startupRole:FOLLOWER, s13|rpc:0.0.0.0:33759|dataStream:|priority:0|startupRole:FOLLOWER, s12|rpc:0.0.0.0:43391|dataStream:|priority:0|startupRole:FOLLOWER, s14|rpc:0.0.0.0:41557|dataStream:|priority:0|startupRole:FOLLOWER, s0|rpc:0.0.0.0:45573|dataStream:|priority:0|startupRole:FOLLOWER, s1|rpc:0.0.0.0:34621|dataStream:|priority:0|startupRole:FOLLOWER, s2|rpc:0.0.0.0:40769|dataStream:|priority:0|startupRole:FOLLOWER]|listeners:[], old=null RUNNING] size=2
  s11:  RUNNING [
   FOLLOWER s11@group-FAA53D5BC7BE:t0, leader=null, voted=, raftlog=Memoized:s11@group-FAA53D5BC7BE-SegmentedRaftLog:OPENED:c-1, conf=-1: peers:[]|listeners:[], old=null STARTING
     LEADER s11@group-A82F1EDBF13F:t1, leader=s11, voted=s11, raftlog=Memoized:s11@group-A82F1EDBF13F-SegmentedRaftLog:OPENED:c244, conf=123: peers:[s3|rpc:0.0.0.0:43243|dataStream:|priority:0|startupRole:FOLLOWER, s4|rpc:0.0.0.0:34427|dataStream:|priority:0|startupRole:FOLLOWER, s5|rpc:0.0.0.0:35843|dataStream:|priority:0|startupRole:FOLLOWER, s6|rpc:0.0.0.0:43509|dataStream:|priority:0|startupRole:FOLLOWER, s7|rpc:0.0.0.0:36409|dataStream:|priority:0|startupRole:FOLLOWER, s8|rpc:0.0.0.0:41505|dataStream:|priority:0|startupRole:FOLLOWER, s9|rpc:0.0.0.0:34365|dataStream:|priority:0|startupRole:FOLLOWER, s11|rpc:0.0.0.0:44621|dataStream:|priority:0|startupRole:FOLLOWER, s10|rpc:0.0.0.0:43353|dataStream:|priority:0|startupRole:FOLLOWER, s13|rpc:0.0.0.0:33759|dataStream:|priority:0|startupRole:FOLLOWER, s12|rpc:0.0.0.0:43391|dataStream:|priority:0|startupRole:FOLLOWER, s14|rpc:0.0.0.0:41557|dataStream:|priority:0|startupRole:FOLLOWER, s0|rpc:0.0.0.0:45573|dataStream:|priority:0|startupRole:FOLLOWER, s1|rpc:0.0.0.0:34621|dataStream:|priority:0|startupRole:FOLLOWER, s2|rpc:0.0.0.0:40769|dataStream:|priority:0|startupRole:FOLLOWER]|listeners:[], old=null RUNNING] size=2
  s10:  RUNNING [
   FOLLOWER s10@group-FAA53D5BC7BE:t0, leader=null, voted=, raftlog=Memoized:s10@group-FAA53D5BC7BE-SegmentedRaftLog:OPENED:c-1, conf=-1: peers:[]|listeners:[], old=null STARTING
   FOLLOWER s10@group-A82F1EDBF13F:t1, leader=s11, voted=null, raftlog=Memoized:s10@group-A82F1EDBF13F-SegmentedRaftLog:OPENED:c243, conf=123: peers:[s3|rpc:0.0.0.0:43243|dataStream:|priority:0|startupRole:FOLLOWER, s4|rpc:0.0.0.0:34427|dataStream:|priority:0|startupRole:FOLLOWER, s5|rpc:0.0.0.0:35843|dataStream:|priority:0|startupRole:FOLLOWER, s6|rpc:0.0.0.0:43509|dataStream:|priority:0|startupRole:FOLLOWER, s7|rpc:0.0.0.0:36409|dataStream:|priority:0|startupRole:FOLLOWER, s8|rpc:0.0.0.0:41505|dataStream:|priority:0|startupRole:FOLLOWER, s9|rpc:0.0.0.0:34365|dataStream:|priority:0|startupRole:FOLLOWER, s11|rpc:0.0.0.0:44621|dataStream:|priority:0|startupRole:FOLLOWER, s10|rpc:0.0.0.0:43353|dataStream:|priority:0|startupRole:FOLLOWER, s13|rpc:0.0.0.0:33759|dataStream:|priority:0|startupRole:FOLLOWER, s12|rpc:0.0.0.0:43391|dataStream:|priority:0|startupRole:FOLLOWER, s14|rpc:0.0.0.0:41557|dataStream:|priority:0|startupRole:FOLLOWER, s0|rpc:0.0.0.0:45573|dataStream:|priority:0|startupRole:FOLLOWER, s1|rpc:0.0.0.0:34621|dataStream:|priority:0|startupRole:FOLLOWER, s2|rpc:0.0.0.0:40769|dataStream:|priority:0|startupRole:FOLLOWER]|listeners:[], old=null RUNNING] size=2
  s13:  RUNNING [
   FOLLOWER s13@group-FAA53D5BC7BE:t0, leader=null, voted=, raftlog=Memoized:s13@group-FAA53D5BC7BE-SegmentedRaftLog:OPENED:c-1, conf=-1: peers:[]|listeners:[], old=null STARTING
   FOLLOWER s13@group-A82F1EDBF13F:t1, leader=s11, voted=s11, raftlog=Memoized:s13@group-A82F1EDBF13F-SegmentedRaftLog:OPENED:c243, conf=123: peers:[s3|rpc:0.0.0.0:43243|dataStream:|priority:0|startupRole:FOLLOWER, s4|rpc:0.0.0.0:34427|dataStream:|priority:0|startupRole:FOLLOWER, s5|rpc:0.0.0.0:35843|dataStream:|priority:0|startupRole:FOLLOWER, s6|rpc:0.0.0.0:43509|dataStream:|priority:0|startupRole:FOLLOWER, s7|rpc:0.0.0.0:36409|dataStream:|priority:0|startupRole:FOLLOWER, s8|rpc:0.0.0.0:41505|dataStream:|priority:0|startupRole:FOLLOWER, s9|rpc:0.0.0.0:34365|dataStream:|priority:0|startupRole:FOLLOWER, s11|rpc:0.0.0.0:44621|dataStream:|priority:0|startupRole:FOLLOWER, s10|rpc:0.0.0.0:43353|dataStream:|priority:0|startupRole:FOLLOWER, s13|rpc:0.0.0.0:33759|dataStream:|priority:0|startupRole:FOLLOWER, s12|rpc:0.0.0.0:43391|dataStream:|priority:0|startupRole:FOLLOWER, s14|rpc:0.0.0.0:41557|dataStream:|priority:0|startupRole:FOLLOWER, s0|rpc:0.0.0.0:45573|dataStream:|priority:0|startupRole:FOLLOWER, s1|rpc:0.0.0.0:34621|dataStream:|priority:0|startupRole:FOLLOWER, s2|rpc:0.0.0.0:40769|dataStream:|priority:0|startupRole:FOLLOWER]|listeners:[], old=null RUNNING] size=2
  s12:  RUNNING [
   FOLLOWER s12@group-FAA53D5BC7BE:t0, leader=null, voted=, raftlog=Memoized:s12@group-FAA53D5BC7BE-SegmentedRaftLog:OPENED:c-1, conf=-1: peers:[]|listeners:[], old=null STARTING
   FOLLOWER s12@group-A82F1EDBF13F:t1, leader=s11, voted=s11, raftlog=Memoized:s12@group-A82F1EDBF13F-SegmentedRaftLog:OPENED:c243, conf=123: peers:[s3|rpc:0.0.0.0:43243|dataStream:|priority:0|startupRole:FOLLOWER, s4|rpc:0.0.0.0:34427|dataStream:|priority:0|startupRole:FOLLOWER, s5|rpc:0.0.0.0:35843|dataStream:|priority:0|startupRole:FOLLOWER, s6|rpc:0.0.0.0:43509|dataStream:|priority:0|startupRole:FOLLOWER, s7|rpc:0.0.0.0:36409|dataStream:|priority:0|startupRole:FOLLOWER, s8|rpc:0.0.0.0:41505|dataStream:|priority:0|startupRole:FOLLOWER, s9|rpc:0.0.0.0:34365|dataStream:|priority:0|startupRole:FOLLOWER, s11|rpc:0.0.0.0:44621|dataStream:|priority:0|startupRole:FOLLOWER, s10|rpc:0.0.0.0:43353|dataStream:|priority:0|startupRole:FOLLOWER, s13|rpc:0.0.0.0:33759|dataStream:|priority:0|startupRole:FOLLOWER, s12|rpc:0.0.0.0:43391|dataStream:|priority:0|startupRole:FOLLOWER, s14|rpc:0.0.0.0:41557|dataStream:|priority:0|startupRole:FOLLOWER, s0|rpc:0.0.0.0:45573|dataStream:|priority:0|startupRole:FOLLOWER, s1|rpc:0.0.0.0:34621|dataStream:|priority:0|startupRole:FOLLOWER, s2|rpc:0.0.0.0:40769|dataStream:|priority:0|startupRole:FOLLOWER]|listeners:[], old=null RUNNING] size=2
  s14:  RUNNING [
   FOLLOWER s14@group-FAA53D5BC7BE:t0, leader=null, voted=, raftlog=Memoized:s14@group-FAA53D5BC7BE-SegmentedRaftLog:OPENED:c-1, conf=-1: peers:[]|listeners:[], old=null STARTING
   FOLLOWER s14@group-A82F1EDBF13F:t1, leader=s11, voted=null, raftlog=Memoized:s14@group-A82F1EDBF13F-SegmentedRaftLog:OPENED:c243, conf=123: peers:[s3|rpc:0.0.0.0:43243|dataStream:|priority:0|startupRole:FOLLOWER, s4|rpc:0.0.0.0:34427|dataStream:|priority:0|startupRole:FOLLOWER, s5|rpc:0.0.0.0:35843|dataStream:|priority:0|startupRole:FOLLOWER, s6|rpc:0.0.0.0:43509|dataStream:|priority:0|startupRole:FOLLOWER, s7|rpc:0.0.0.0:36409|dataStream:|priority:0|startupRole:FOLLOWER, s8|rpc:0.0.0.0:41505|dataStream:|priority:0|startupRole:FOLLOWER, s9|rpc:0.0.0.0:34365|dataStream:|priority:0|startupRole:FOLLOWER, s11|rpc:0.0.0.0:44621|dataStream:|priority:0|startupRole:FOLLOWER, s10|rpc:0.0.0.0:43353|dataStream:|priority:0|startupRole:FOLLOWER, s13|rpc:0.0.0.0:33759|dataStream:|priority:0|startupRole:FOLLOWER, s12|rpc:0.0.0.0:43391|dataStream:|priority:0|startupRole:FOLLOWER, s14|rpc:0.0.0.0:41557|dataStream:|priority:0|startupRole:FOLLOWER, s0|rpc:0.0.0.0:45573|dataStream:|priority:0|startupRole:FOLLOWER, s1|rpc:0.0.0.0:34621|dataStream:|priority:0|startupRole:FOLLOWER, s2|rpc:0.0.0.0:40769|dataStream:|priority:0|startupRole:FOLLOWER]|listeners:[], old=null RUNNING] size=2
  s0:  RUNNING [
   FOLLOWER s0@group-FAA53D5BC7BE:t0, leader=null, voted=, raftlog=Memoized:s0@group-FAA53D5BC7BE-SegmentedRaftLog:OPENED:c-1, conf=-1: peers:[]|listeners:[], old=null STARTING
   FOLLOWER s0@group-A82F1EDBF13F:t1, leader=s11, voted=null, raftlog=Memoized:s0@group-A82F1EDBF13F-SegmentedRaftLog:OPENED:c243, conf=123: peers:[s3|rpc:0.0.0.0:43243|dataStream:|priority:0|startupRole:FOLLOWER, s4|rpc:0.0.0.0:34427|dataStream:|priority:0|startupRole:FOLLOWER, s5|rpc:0.0.0.0:35843|dataStream:|priority:0|startupRole:FOLLOWER, s6|rpc:0.0.0.0:43509|dataStream:|priority:0|startupRole:FOLLOWER, s7|rpc:0.0.0.0:36409|dataStream:|priority:0|startupRole:FOLLOWER, s8|rpc:0.0.0.0:41505|dataStream:|priority:0|startupRole:FOLLOWER, s9|rpc:0.0.0.0:34365|dataStream:|priority:0|startupRole:FOLLOWER, s11|rpc:0.0.0.0:44621|dataStream:|priority:0|startupRole:FOLLOWER, s10|rpc:0.0.0.0:43353|dataStream:|priority:0|startupRole:FOLLOWER, s13|rpc:0.0.0.0:33759|dataStream:|priority:0|startupRole:FOLLOWER, s12|rpc:0.0.0.0:43391|dataStream:|priority:0|startupRole:FOLLOWER, s14|rpc:0.0.0.0:41557|dataStream:|priority:0|startupRole:FOLLOWER, s0|rpc:0.0.0.0:45573|dataStream:|priority:0|startupRole:FOLLOWER, s1|rpc:0.0.0.0:34621|dataStream:|priority:0|startupRole:FOLLOWER, s2|rpc:0.0.0.0:40769|dataStream:|priority:0|startupRole:FOLLOWER]|listeners:[], old=null RUNNING] size=2
  s1:  RUNNING [
   FOLLOWER s1@group-FAA53D5BC7BE:t0, leader=null, voted=, raftlog=Memoized:s1@group-FAA53D5BC7BE-SegmentedRaftLog:OPENED:c-1, conf=-1: peers:[]|listeners:[], old=null STARTING
   FOLLOWER s1@group-A82F1EDBF13F:t1, leader=s11, voted=null, raftlog=Memoized:s1@group-A82F1EDBF13F-SegmentedRaftLog:OPENED:c243, conf=123: peers:[s3|rpc:0.0.0.0:43243|dataStream:|priority:0|startupRole:FOLLOWER, s4|rpc:0.0.0.0:34427|dataStream:|priority:0|startupRole:FOLLOWER, s5|rpc:0.0.0.0:35843|dataStream:|priority:0|startupRole:FOLLOWER, s6|rpc:0.0.0.0:43509|dataStream:|priority:0|startupRole:FOLLOWER, s7|rpc:0.0.0.0:36409|dataStream:|priority:0|startupRole:FOLLOWER, s8|rpc:0.0.0.0:41505|dataStream:|priority:0|startupRole:FOLLOWER, s9|rpc:0.0.0.0:34365|dataStream:|priority:0|startupRole:FOLLOWER, s11|rpc:0.0.0.0:44621|dataStream:|priority:0|startupRole:FOLLOWER, s10|rpc:0.0.0.0:43353|dataStream:|priority:0|startupRole:FOLLOWER, s13|rpc:0.0.0.0:33759|dataStream:|priority:0|startupRole:FOLLOWER, s12|rpc:0.0.0.0:43391|dataStream:|priority:0|startupRole:FOLLOWER, s14|rpc:0.0.0.0:41557|dataStream:|priority:0|startupRole:FOLLOWER, s0|rpc:0.0.0.0:45573|dataStream:|priority:0|startupRole:FOLLOWER, s1|rpc:0.0.0.0:34621|dataStream:|priority:0|startupRole:FOLLOWER, s2|rpc:0.0.0.0:40769|dataStream:|priority:0|startupRole:FOLLOWER]|listeners:[], old=null RUNNING] size=2
  s2:  RUNNING [
   FOLLOWER s2@group-FAA53D5BC7BE:t0, leader=null, voted=, raftlog=Memoized:s2@group-FAA53D5BC7BE-SegmentedRaftLog:OPENED:c-1, conf=-1: peers:[]|listeners:[], old=null STARTING
   FOLLOWER s2@group-A82F1EDBF13F:t1, leader=s11, voted=null, raftlog=Memoized:s2@group-A82F1EDBF13F-SegmentedRaftLog:OPENED:c243, conf=123: peers:[s3|rpc:0.0.0.0:43243|dataStream:|priority:0|startupRole:FOLLOWER, s4|rpc:0.0.0.0:34427|dataStream:|priority:0|startupRole:FOLLOWER, s5|rpc:0.0.0.0:35843|dataStream:|priority:0|startupRole:FOLLOWER, s6|rpc:0.0.0.0:43509|dataStream:|priority:0|startupRole:FOLLOWER, s7|rpc:0.0.0.0:36409|dataStream:|priority:0|startupRole:FOLLOWER, s8|rpc:0.0.0.0:41505|dataStream:|priority:0|startupRole:FOLLOWER, s9|rpc:0.0.0.0:34365|dataStream:|priority:0|startupRole:FOLLOWER, s11|rpc:0.0.0.0:44621|dataStream:|priority:0|startupRole:FOLLOWER, s10|rpc:0.0.0.0:43353|dataStream:|priority:0|startupRole:FOLLOWER, s13|rpc:0.0.0.0:33759|dataStream:|priority:0|startupRole:FOLLOWER, s12|rpc:0.0.0.0:43391|dataStream:|priority:0|startupRole:FOLLOWER, s14|rpc:0.0.0.0:41557|dataStream:|priority:0|startupRole:FOLLOWER, s0|rpc:0.0.0.0:45573|dataStream:|priority:0|startupRole:FOLLOWER, s1|rpc:0.0.0.0:34621|dataStream:|priority:0|startupRole:FOLLOWER, s2|rpc:0.0.0.0:40769|dataStream:|priority:0|startupRole:FOLLOWER]|listeners:[], old=null RUNNING] size=2
| MiniRaftClusterWithNetty[3, 6, 9, 12, 15]chosen=1 | update groups | 387 |
2023-03-07 04:41:26,814 INFO  impl.MiniRaftCluster (MiniRaftCluster.java:shutdown(831)) - ************************************************************** 
2023-03-07 04:41:26,814 INFO  impl.MiniRaftCluster (MiniRaftCluster.java:shutdown(832)) - *** 
2023-03-07 04:41:26,814 INFO  impl.MiniRaftCluster (MiniRaftCluster.java:shutdown(833)) - ***     Stopping MiniRaftClusterWithNetty
2023-03-07 04:41:26,814 INFO  impl.MiniRaftCluster (MiniRaftCluster.java:shutdown(834)) - *** 
2023-03-07 04:41:26,814 INFO  impl.MiniRaftCluster (MiniRaftCluster.java:shutdown(835)) - ************************************************************** 
2023-03-07 04:41:26,815 INFO  impl.MiniRaftCluster (MiniRaftCluster.java:shutdown(836)) - printing ALL groups
  s3:  RUNNING [
   FOLLOWER s3@group-FAA53D5BC7BE:t0, leader=null, voted=, raftlog=Memoized:s3@group-FAA53D5BC7BE-SegmentedRaftLog:OPENED:c-1, conf=-1: peers:[]|listeners:[], old=null STARTING
   FOLLOWER s3@group-A82F1EDBF13F:t1, leader=s11, voted=null, raftlog=Memoized:s3@group-A82F1EDBF13F-SegmentedRaftLog:OPENED:c243, conf=123: peers:[s3|rpc:0.0.0.0:43243|dataStream:|priority:0|startupRole:FOLLOWER, s4|rpc:0.0.0.0:34427|dataStream:|priority:0|startupRole:FOLLOWER, s5|rpc:0.0.0.0:35843|dataStream:|priority:0|startupRole:FOLLOWER, s6|rpc:0.0.0.0:43509|dataStream:|priority:0|startupRole:FOLLOWER, s7|rpc:0.0.0.0:36409|dataStream:|priority:0|startupRole:FOLLOWER, s8|rpc:0.0.0.0:41505|dataStream:|priority:0|startupRole:FOLLOWER, s9|rpc:0.0.0.0:34365|dataStream:|priority:0|startupRole:FOLLOWER, s11|rpc:0.0.0.0:44621|dataStream:|priority:0|startupRole:FOLLOWER, s10|rpc:0.0.0.0:43353|dataStream:|priority:0|startupRole:FOLLOWER, s13|rpc:0.0.0.0:33759|dataStream:|priority:0|startupRole:FOLLOWER, s12|rpc:0.0.0.0:43391|dataStream:|priority:0|startupRole:FOLLOWER, s14|rpc:0.0.0.0:41557|dataStream:|priority:0|startupRole:FOLLOWER, s0|rpc:0.0.0.0:45573|dataStream:|priority:0|startupRole:FOLLOWER, s1|rpc:0.0.0.0:34621|dataStream:|priority:0|startupRole:FOLLOWER, s2|rpc:0.0.0.0:40769|dataStream:|priority:0|startupRole:FOLLOWER]|listeners:[], old=null RUNNING] size=2
  s4:  RUNNING [
   FOLLOWER s4@group-FAA53D5BC7BE:t0, leader=null, voted=, raftlog=Memoized:s4@group-FAA53D5BC7BE-SegmentedRaftLog:OPENED:c-1, conf=-1: peers:[]|listeners:[], old=null STARTING
   FOLLOWER s4@group-A82F1EDBF13F:t1, leader=s11, voted=null, raftlog=Memoized:s4@group-A82F1EDBF13F-SegmentedRaftLog:OPENED:c243, conf=123: peers:[s3|rpc:0.0.0.0:43243|dataStream:|priority:0|startupRole:FOLLOWER, s4|rpc:0.0.0.0:34427|dataStream:|priority:0|startupRole:FOLLOWER, s5|rpc:0.0.0.0:35843|dataStream:|priority:0|startupRole:FOLLOWER, s6|rpc:0.0.0.0:43509|dataStream:|priority:0|startupRole:FOLLOWER, s7|rpc:0.0.0.0:36409|dataStream:|priority:0|startupRole:FOLLOWER, s8|rpc:0.0.0.0:41505|dataStream:|priority:0|startupRole:FOLLOWER, s9|rpc:0.0.0.0:34365|dataStream:|priority:0|startupRole:FOLLOWER, s11|rpc:0.0.0.0:44621|dataStream:|priority:0|startupRole:FOLLOWER, s10|rpc:0.0.0.0:43353|dataStream:|priority:0|startupRole:FOLLOWER, s13|rpc:0.0.0.0:33759|dataStream:|priority:0|startupRole:FOLLOWER, s12|rpc:0.0.0.0:43391|dataStream:|priority:0|startupRole:FOLLOWER, s14|rpc:0.0.0.0:41557|dataStream:|priority:0|startupRole:FOLLOWER, s0|rpc:0.0.0.0:45573|dataStream:|priority:0|startupRole:FOLLOWER, s1|rpc:0.0.0.0:34621|dataStream:|priority:0|startupRole:FOLLOWER, s2|rpc:0.0.0.0:40769|dataStream:|priority:0|startupRole:FOLLOWER]|listeners:[], old=null RUNNING] size=2
  s5:  RUNNING [
   FOLLOWER s5@group-FAA53D5BC7BE:t0, leader=null, voted=, raftlog=Memoized:s5@group-FAA53D5BC7BE-SegmentedRaftLog:OPENED:c-1, conf=-1: peers:[]|listeners:[], old=null STARTING
   FOLLOWER s5@group-A82F1EDBF13F:t1, leader=s11, voted=null, raftlog=Memoized:s5@group-A82F1EDBF13F-SegmentedRaftLog:OPENED:c243, conf=123: peers:[s3|rpc:0.0.0.0:43243|dataStream:|priority:0|startupRole:FOLLOWER, s4|rpc:0.0.0.0:34427|dataStream:|priority:0|startupRole:FOLLOWER, s5|rpc:0.0.0.0:35843|dataStream:|priority:0|startupRole:FOLLOWER, s6|rpc:0.0.0.0:43509|dataStream:|priority:0|startupRole:FOLLOWER, s7|rpc:0.0.0.0:36409|dataStream:|priority:0|startupRole:FOLLOWER, s8|rpc:0.0.0.0:41505|dataStream:|priority:0|startupRole:FOLLOWER, s9|rpc:0.0.0.0:34365|dataStream:|priority:0|startupRole:FOLLOWER, s11|rpc:0.0.0.0:44621|dataStream:|priority:0|startupRole:FOLLOWER, s10|rpc:0.0.0.0:43353|dataStream:|priority:0|startupRole:FOLLOWER, s13|rpc:0.0.0.0:33759|dataStream:|priority:0|startupRole:FOLLOWER, s12|rpc:0.0.0.0:43391|dataStream:|priority:0|startupRole:FOLLOWER, s14|rpc:0.0.0.0:41557|dataStream:|priority:0|startupRole:FOLLOWER, s0|rpc:0.0.0.0:45573|dataStream:|priority:0|startupRole:FOLLOWER, s1|rpc:0.0.0.0:34621|dataStream:|priority:0|startupRole:FOLLOWER, s2|rpc:0.0.0.0:40769|dataStream:|priority:0|startupRole:FOLLOWER]|listeners:[], old=null RUNNING] size=2
  s6:  RUNNING [
   FOLLOWER s6@group-FAA53D5BC7BE:t0, leader=null, voted=, raftlog=Memoized:s6@group-FAA53D5BC7BE-SegmentedRaftLog:OPENED:c-1, conf=-1: peers:[]|listeners:[], old=null STARTING
   FOLLOWER s6@group-A82F1EDBF13F:t1, leader=s11, voted=null, raftlog=Memoized:s6@group-A82F1EDBF13F-SegmentedRaftLog:OPENED:c243, conf=123: peers:[s3|rpc:0.0.0.0:43243|dataStream:|priority:0|startupRole:FOLLOWER, s4|rpc:0.0.0.0:34427|dataStream:|priority:0|startupRole:FOLLOWER, s5|rpc:0.0.0.0:35843|dataStream:|priority:0|startupRole:FOLLOWER, s6|rpc:0.0.0.0:43509|dataStream:|priority:0|startupRole:FOLLOWER, s7|rpc:0.0.0.0:36409|dataStream:|priority:0|startupRole:FOLLOWER, s8|rpc:0.0.0.0:41505|dataStream:|priority:0|startupRole:FOLLOWER, s9|rpc:0.0.0.0:34365|dataStream:|priority:0|startupRole:FOLLOWER, s11|rpc:0.0.0.0:44621|dataStream:|priority:0|startupRole:FOLLOWER, s10|rpc:0.0.0.0:43353|dataStream:|priority:0|startupRole:FOLLOWER, s13|rpc:0.0.0.0:33759|dataStream:|priority:0|startupRole:FOLLOWER, s12|rpc:0.0.0.0:43391|dataStream:|priority:0|startupRole:FOLLOWER, s14|rpc:0.0.0.0:41557|dataStream:|priority:0|startupRole:FOLLOWER, s0|rpc:0.0.0.0:45573|dataStream:|priority:0|startupRole:FOLLOWER, s1|rpc:0.0.0.0:34621|dataStream:|priority:0|startupRole:FOLLOWER, s2|rpc:0.0.0.0:40769|dataStream:|priority:0|startupRole:FOLLOWER]|listeners:[], old=null RUNNING] size=2
  s7:  RUNNING [
   FOLLOWER s7@group-FAA53D5BC7BE:t0, leader=null, voted=, raftlog=Memoized:s7@group-FAA53D5BC7BE-SegmentedRaftLog:OPENED:c-1, conf=-1: peers:[]|listeners:[], old=null STARTING
   FOLLOWER s7@group-A82F1EDBF13F:t1, leader=s11, voted=null, raftlog=Memoized:s7@group-A82F1EDBF13F-SegmentedRaftLog:OPENED:c243, conf=123: peers:[s3|rpc:0.0.0.0:43243|dataStream:|priority:0|startupRole:FOLLOWER, s4|rpc:0.0.0.0:34427|dataStream:|priority:0|startupRole:FOLLOWER, s5|rpc:0.0.0.0:35843|dataStream:|priority:0|startupRole:FOLLOWER, s6|rpc:0.0.0.0:43509|dataStream:|priority:0|startupRole:FOLLOWER, s7|rpc:0.0.0.0:36409|dataStream:|priority:0|startupRole:FOLLOWER, s8|rpc:0.0.0.0:41505|dataStream:|priority:0|startupRole:FOLLOWER, s9|rpc:0.0.0.0:34365|dataStream:|priority:0|startupRole:FOLLOWER, s11|rpc:0.0.0.0:44621|dataStream:|priority:0|startupRole:FOLLOWER, s10|rpc:0.0.0.0:43353|dataStream:|priority:0|startupRole:FOLLOWER, s13|rpc:0.0.0.0:33759|dataStream:|priority:0|startupRole:FOLLOWER, s12|rpc:0.0.0.0:43391|dataStream:|priority:0|startupRole:FOLLOWER, s14|rpc:0.0.0.0:41557|dataStream:|priority:0|startupRole:FOLLOWER, s0|rpc:0.0.0.0:45573|dataStream:|priority:0|startupRole:FOLLOWER, s1|rpc:0.0.0.0:34621|dataStream:|priority:0|startupRole:FOLLOWER, s2|rpc:0.0.0.0:40769|dataStream:|priority:0|startupRole:FOLLOWER]|listeners:[], old=null RUNNING] size=2
  s8:  RUNNING [
   FOLLOWER s8@group-FAA53D5BC7BE:t0, leader=null, voted=, raftlog=Memoized:s8@group-FAA53D5BC7BE-SegmentedRaftLog:OPENED:c-1, conf=-1: peers:[]|listeners:[], old=null STARTING
   FOLLOWER s8@group-A82F1EDBF13F:t1, leader=s11, voted=null, raftlog=Memoized:s8@group-A82F1EDBF13F-SegmentedRaftLog:OPENED:c243, conf=123: peers:[s3|rpc:0.0.0.0:43243|dataStream:|priority:0|startupRole:FOLLOWER, s4|rpc:0.0.0.0:34427|dataStream:|priority:0|startupRole:FOLLOWER, s5|rpc:0.0.0.0:35843|dataStream:|priority:0|startupRole:FOLLOWER, s6|rpc:0.0.0.0:43509|dataStream:|priority:0|startupRole:FOLLOWER, s7|rpc:0.0.0.0:36409|dataStream:|priority:0|startupRole:FOLLOWER, s8|rpc:0.0.0.0:41505|dataStream:|priority:0|startupRole:FOLLOWER, s9|rpc:0.0.0.0:34365|dataStream:|priority:0|startupRole:FOLLOWER, s11|rpc:0.0.0.0:44621|dataStream:|priority:0|startupRole:FOLLOWER, s10|rpc:0.0.0.0:43353|dataStream:|priority:0|startupRole:FOLLOWER, s13|rpc:0.0.0.0:33759|dataStream:|priority:0|startupRole:FOLLOWER, s12|rpc:0.0.0.0:43391|dataStream:|priority:0|startupRole:FOLLOWER, s14|rpc:0.0.0.0:41557|dataStream:|priority:0|startupRole:FOLLOWER, s0|rpc:0.0.0.0:45573|dataStream:|priority:0|startupRole:FOLLOWER, s1|rpc:0.0.0.0:34621|dataStream:|priority:0|startupRole:FOLLOWER, s2|rpc:0.0.0.0:40769|dataStream:|priority:0|startupRole:FOLLOWER]|listeners:[], old=null RUNNING] size=2
  s9:  RUNNING [
   FOLLOWER s9@group-FAA53D5BC7BE:t0, leader=null, voted=, raftlog=Memoized:s9@group-FAA53D5BC7BE-SegmentedRaftLog:OPENED:c-1, conf=-1: peers:[]|listeners:[], old=null STARTING
   FOLLOWER s9@group-A82F1EDBF13F:t1, leader=s11, voted=null, raftlog=Memoized:s9@group-A82F1EDBF13F-SegmentedRaftLog:OPENED:c243, conf=123: peers:[s3|rpc:0.0.0.0:43243|dataStream:|priority:0|startupRole:FOLLOWER, s4|rpc:0.0.0.0:34427|dataStream:|priority:0|startupRole:FOLLOWER, s5|rpc:0.0.0.0:35843|dataStream:|priority:0|startupRole:FOLLOWER, s6|rpc:0.0.0.0:43509|dataStream:|priority:0|startupRole:FOLLOWER, s7|rpc:0.0.0.0:36409|dataStream:|priority:0|startupRole:FOLLOWER, s8|rpc:0.0.0.0:41505|dataStream:|priority:0|startupRole:FOLLOWER, s9|rpc:0.0.0.0:34365|dataStream:|priority:0|startupRole:FOLLOWER, s11|rpc:0.0.0.0:44621|dataStream:|priority:0|startupRole:FOLLOWER, s10|rpc:0.0.0.0:43353|dataStream:|priority:0|startupRole:FOLLOWER, s13|rpc:0.0.0.0:33759|dataStream:|priority:0|startupRole:FOLLOWER, s12|rpc:0.0.0.0:43391|dataStream:|priority:0|startupRole:FOLLOWER, s14|rpc:0.0.0.0:41557|dataStream:|priority:0|startupRole:FOLLOWER, s0|rpc:0.0.0.0:45573|dataStream:|priority:0|startupRole:FOLLOWER, s1|rpc:0.0.0.0:34621|dataStream:|priority:0|startupRole:FOLLOWER, s2|rpc:0.0.0.0:40769|dataStream:|priority:0|startupRole:FOLLOWER]|listeners:[], old=null RUNNING] size=2
  s11:  RUNNING [
   FOLLOWER s11@group-FAA53D5BC7BE:t0, leader=null, voted=, raftlog=Memoized:s11@group-FAA53D5BC7BE-SegmentedRaftLog:OPENED:c-1, conf=-1: peers:[]|listeners:[], old=null STARTING
     LEADER s11@group-A82F1EDBF13F:t1, leader=s11, voted=s11, raftlog=Memoized:s11@group-A82F1EDBF13F-SegmentedRaftLog:OPENED:c244, conf=123: peers:[s3|rpc:0.0.0.0:43243|dataStream:|priority:0|startupRole:FOLLOWER, s4|rpc:0.0.0.0:34427|dataStream:|priority:0|startupRole:FOLLOWER, s5|rpc:0.0.0.0:35843|dataStream:|priority:0|startupRole:FOLLOWER, s6|rpc:0.0.0.0:43509|dataStream:|priority:0|startupRole:FOLLOWER, s7|rpc:0.0.0.0:36409|dataStream:|priority:0|startupRole:FOLLOWER, s8|rpc:0.0.0.0:41505|dataStream:|priority:0|startupRole:FOLLOWER, s9|rpc:0.0.0.0:34365|dataStream:|priority:0|startupRole:FOLLOWER, s11|rpc:0.0.0.0:44621|dataStream:|priority:0|startupRole:FOLLOWER, s10|rpc:0.0.0.0:43353|dataStream:|priority:0|startupRole:FOLLOWER, s13|rpc:0.0.0.0:33759|dataStream:|priority:0|startupRole:FOLLOWER, s12|rpc:0.0.0.0:43391|dataStream:|priority:0|startupRole:FOLLOWER, s14|rpc:0.0.0.0:41557|dataStream:|priority:0|startupRole:FOLLOWER, s0|rpc:0.0.0.0:45573|dataStream:|priority:0|startupRole:FOLLOWER, s1|rpc:0.0.0.0:34621|dataStream:|priority:0|startupRole:FOLLOWER, s2|rpc:0.0.0.0:40769|dataStream:|priority:0|startupRole:FOLLOWER]|listeners:[], old=null RUNNING] size=2
  s10:  RUNNING [
   FOLLOWER s10@group-FAA53D5BC7BE:t0, leader=null, voted=, raftlog=Memoized:s10@group-FAA53D5BC7BE-SegmentedRaftLog:OPENED:c-1, conf=-1: peers:[]|listeners:[], old=null STARTING
   FOLLOWER s10@group-A82F1EDBF13F:t1, leader=s11, voted=null, raftlog=Memoized:s10@group-A82F1EDBF13F-SegmentedRaftLog:OPENED:c243, conf=123: peers:[s3|rpc:0.0.0.0:43243|dataStream:|priority:0|startupRole:FOLLOWER, s4|rpc:0.0.0.0:34427|dataStream:|priority:0|startupRole:FOLLOWER, s5|rpc:0.0.0.0:35843|dataStream:|priority:0|startupRole:FOLLOWER, s6|rpc:0.0.0.0:43509|dataStream:|priority:0|startupRole:FOLLOWER, s7|rpc:0.0.0.0:36409|dataStream:|priority:0|startupRole:FOLLOWER, s8|rpc:0.0.0.0:41505|dataStream:|priority:0|startupRole:FOLLOWER, s9|rpc:0.0.0.0:34365|dataStream:|priority:0|startupRole:FOLLOWER, s11|rpc:0.0.0.0:44621|dataStream:|priority:0|startupRole:FOLLOWER, s10|rpc:0.0.0.0:43353|dataStream:|priority:0|startupRole:FOLLOWER, s13|rpc:0.0.0.0:33759|dataStream:|priority:0|startupRole:FOLLOWER, s12|rpc:0.0.0.0:43391|dataStream:|priority:0|startupRole:FOLLOWER, s14|rpc:0.0.0.0:41557|dataStream:|priority:0|startupRole:FOLLOWER, s0|rpc:0.0.0.0:45573|dataStream:|priority:0|startupRole:FOLLOWER, s1|rpc:0.0.0.0:34621|dataStream:|priority:0|startupRole:FOLLOWER, s2|rpc:0.0.0.0:40769|dataStream:|priority:0|startupRole:FOLLOWER]|listeners:[], old=null RUNNING] size=2
  s13:  RUNNING [
   FOLLOWER s13@group-FAA53D5BC7BE:t0, leader=null, voted=, raftlog=Memoized:s13@group-FAA53D5BC7BE-SegmentedRaftLog:OPENED:c-1, conf=-1: peers:[]|listeners:[], old=null STARTING
   FOLLOWER s13@group-A82F1EDBF13F:t1, leader=s11, voted=s11, raftlog=Memoized:s13@group-A82F1EDBF13F-SegmentedRaftLog:OPENED:c243, conf=123: peers:[s3|rpc:0.0.0.0:43243|dataStream:|priority:0|startupRole:FOLLOWER, s4|rpc:0.0.0.0:34427|dataStream:|priority:0|startupRole:FOLLOWER, s5|rpc:0.0.0.0:35843|dataStream:|priority:0|startupRole:FOLLOWER, s6|rpc:0.0.0.0:43509|dataStream:|priority:0|startupRole:FOLLOWER, s7|rpc:0.0.0.0:36409|dataStream:|priority:0|startupRole:FOLLOWER, s8|rpc:0.0.0.0:41505|dataStream:|priority:0|startupRole:FOLLOWER, s9|rpc:0.0.0.0:34365|dataStream:|priority:0|startupRole:FOLLOWER, s11|rpc:0.0.0.0:44621|dataStream:|priority:0|startupRole:FOLLOWER, s10|rpc:0.0.0.0:43353|dataStream:|priority:0|startupRole:FOLLOWER, s13|rpc:0.0.0.0:33759|dataStream:|priority:0|startupRole:FOLLOWER, s12|rpc:0.0.0.0:43391|dataStream:|priority:0|startupRole:FOLLOWER, s14|rpc:0.0.0.0:41557|dataStream:|priority:0|startupRole:FOLLOWER, s0|rpc:0.0.0.0:45573|dataStream:|priority:0|startupRole:FOLLOWER, s1|rpc:0.0.0.0:34621|dataStream:|priority:0|startupRole:FOLLOWER, s2|rpc:0.0.0.0:40769|dataStream:|priority:0|startupRole:FOLLOWER]|listeners:[], old=null RUNNING] size=2
  s12:  RUNNING [
   FOLLOWER s12@group-FAA53D5BC7BE:t0, leader=null, voted=, raftlog=Memoized:s12@group-FAA53D5BC7BE-SegmentedRaftLog:OPENED:c-1, conf=-1: peers:[]|listeners:[], old=null STARTING
   FOLLOWER s12@group-A82F1EDBF13F:t1, leader=s11, voted=s11, raftlog=Memoized:s12@group-A82F1EDBF13F-SegmentedRaftLog:OPENED:c243, conf=123: peers:[s3|rpc:0.0.0.0:43243|dataStream:|priority:0|startupRole:FOLLOWER, s4|rpc:0.0.0.0:34427|dataStream:|priority:0|startupRole:FOLLOWER, s5|rpc:0.0.0.0:35843|dataStream:|priority:0|startupRole:FOLLOWER, s6|rpc:0.0.0.0:43509|dataStream:|priority:0|startupRole:FOLLOWER, s7|rpc:0.0.0.0:36409|dataStream:|priority:0|startupRole:FOLLOWER, s8|rpc:0.0.0.0:41505|dataStream:|priority:0|startupRole:FOLLOWER, s9|rpc:0.0.0.0:34365|dataStream:|priority:0|startupRole:FOLLOWER, s11|rpc:0.0.0.0:44621|dataStream:|priority:0|startupRole:FOLLOWER, s10|rpc:0.0.0.0:43353|dataStream:|priority:0|startupRole:FOLLOWER, s13|rpc:0.0.0.0:33759|dataStream:|priority:0|startupRole:FOLLOWER, s12|rpc:0.0.0.0:43391|dataStream:|priority:0|startupRole:FOLLOWER, s14|rpc:0.0.0.0:41557|dataStream:|priority:0|startupRole:FOLLOWER, s0|rpc:0.0.0.0:45573|dataStream:|priority:0|startupRole:FOLLOWER, s1|rpc:0.0.0.0:34621|dataStream:|priority:0|startupRole:FOLLOWER, s2|rpc:0.0.0.0:40769|dataStream:|priority:0|startupRole:FOLLOWER]|listeners:[], old=null RUNNING] size=2
  s14:  RUNNING [
   FOLLOWER s14@group-FAA53D5BC7BE:t0, leader=null, voted=, raftlog=Memoized:s14@group-FAA53D5BC7BE-SegmentedRaftLog:OPENED:c-1, conf=-1: peers:[]|listeners:[], old=null STARTING
   FOLLOWER s14@group-A82F1EDBF13F:t1, leader=s11, voted=null, raftlog=Memoized:s14@group-A82F1EDBF13F-SegmentedRaftLog:OPENED:c243, conf=123: peers:[s3|rpc:0.0.0.0:43243|dataStream:|priority:0|startupRole:FOLLOWER, s4|rpc:0.0.0.0:34427|dataStream:|priority:0|startupRole:FOLLOWER, s5|rpc:0.0.0.0:35843|dataStream:|priority:0|startupRole:FOLLOWER, s6|rpc:0.0.0.0:43509|dataStream:|priority:0|startupRole:FOLLOWER, s7|rpc:0.0.0.0:36409|dataStream:|priority:0|startupRole:FOLLOWER, s8|rpc:0.0.0.0:41505|dataStream:|priority:0|startupRole:FOLLOWER, s9|rpc:0.0.0.0:34365|dataStream:|priority:0|startupRole:FOLLOWER, s11|rpc:0.0.0.0:44621|dataStream:|priority:0|startupRole:FOLLOWER, s10|rpc:0.0.0.0:43353|dataStream:|priority:0|startupRole:FOLLOWER, s13|rpc:0.0.0.0:33759|dataStream:|priority:0|startupRole:FOLLOWER, s12|rpc:0.0.0.0:43391|dataStream:|priority:0|startupRole:FOLLOWER, s14|rpc:0.0.0.0:41557|dataStream:|priority:0|startupRole:FOLLOWER, s0|rpc:0.0.0.0:45573|dataStream:|priority:0|startupRole:FOLLOWER, s1|rpc:0.0.0.0:34621|dataStream:|priority:0|startupRole:FOLLOWER, s2|rpc:0.0.0.0:40769|dataStream:|priority:0|startupRole:FOLLOWER]|listeners:[], old=null RUNNING] size=2
  s0:  RUNNING [
   FOLLOWER s0@group-FAA53D5BC7BE:t0, leader=null, voted=, raftlog=Memoized:s0@group-FAA53D5BC7BE-SegmentedRaftLog:OPENED:c-1, conf=-1: peers:[]|listeners:[], old=null STARTING
   FOLLOWER s0@group-A82F1EDBF13F:t1, leader=s11, voted=null, raftlog=Memoized:s0@group-A82F1EDBF13F-SegmentedRaftLog:OPENED:c243, conf=123: peers:[s3|rpc:0.0.0.0:43243|dataStream:|priority:0|startupRole:FOLLOWER, s4|rpc:0.0.0.0:34427|dataStream:|priority:0|startupRole:FOLLOWER, s5|rpc:0.0.0.0:35843|dataStream:|priority:0|startupRole:FOLLOWER, s6|rpc:0.0.0.0:43509|dataStream:|priority:0|startupRole:FOLLOWER, s7|rpc:0.0.0.0:36409|dataStream:|priority:0|startupRole:FOLLOWER, s8|rpc:0.0.0.0:41505|dataStream:|priority:0|startupRole:FOLLOWER, s9|rpc:0.0.0.0:34365|dataStream:|priority:0|startupRole:FOLLOWER, s11|rpc:0.0.0.0:44621|dataStream:|priority:0|startupRole:FOLLOWER, s10|rpc:0.0.0.0:43353|dataStream:|priority:0|startupRole:FOLLOWER, s13|rpc:0.0.0.0:33759|dataStream:|priority:0|startupRole:FOLLOWER, s12|rpc:0.0.0.0:43391|dataStream:|priority:0|startupRole:FOLLOWER, s14|rpc:0.0.0.0:41557|dataStream:|priority:0|startupRole:FOLLOWER, s0|rpc:0.0.0.0:45573|dataStream:|priority:0|startupRole:FOLLOWER, s1|rpc:0.0.0.0:34621|dataStream:|priority:0|startupRole:FOLLOWER, s2|rpc:0.0.0.0:40769|dataStream:|priority:0|startupRole:FOLLOWER]|listeners:[], old=null RUNNING] size=2
  s1:  RUNNING [
   FOLLOWER s1@group-FAA53D5BC7BE:t0, leader=null, voted=, raftlog=Memoized:s1@group-FAA53D5BC7BE-SegmentedRaftLog:OPENED:c-1, conf=-1: peers:[]|listeners:[], old=null STARTING
   FOLLOWER s1@group-A82F1EDBF13F:t1, leader=s11, voted=null, raftlog=Memoized:s1@group-A82F1EDBF13F-SegmentedRaftLog:OPENED:c243, conf=123: peers:[s3|rpc:0.0.0.0:43243|dataStream:|priority:0|startupRole:FOLLOWER, s4|rpc:0.0.0.0:34427|dataStream:|priority:0|startupRole:FOLLOWER, s5|rpc:0.0.0.0:35843|dataStream:|priority:0|startupRole:FOLLOWER, s6|rpc:0.0.0.0:43509|dataStream:|priority:0|startupRole:FOLLOWER, s7|rpc:0.0.0.0:36409|dataStream:|priority:0|startupRole:FOLLOWER, s8|rpc:0.0.0.0:41505|dataStream:|priority:0|startupRole:FOLLOWER, s9|rpc:0.0.0.0:34365|dataStream:|priority:0|startupRole:FOLLOWER, s11|rpc:0.0.0.0:44621|dataStream:|priority:0|startupRole:FOLLOWER, s10|rpc:0.0.0.0:43353|dataStream:|priority:0|startupRole:FOLLOWER, s13|rpc:0.0.0.0:33759|dataStream:|priority:0|startupRole:FOLLOWER, s12|rpc:0.0.0.0:43391|dataStream:|priority:0|startupRole:FOLLOWER, s14|rpc:0.0.0.0:41557|dataStream:|priority:0|startupRole:FOLLOWER, s0|rpc:0.0.0.0:45573|dataStream:|priority:0|startupRole:FOLLOWER, s1|rpc:0.0.0.0:34621|dataStream:|priority:0|startupRole:FOLLOWER, s2|rpc:0.0.0.0:40769|dataStream:|priority:0|startupRole:FOLLOWER]|listeners:[], old=null RUNNING] size=2
  s2:  RUNNING [
   FOLLOWER s2@group-FAA53D5BC7BE:t0, leader=null, voted=, raftlog=Memoized:s2@group-FAA53D5BC7BE-SegmentedRaftLog:OPENED:c-1, conf=-1: peers:[]|listeners:[], old=null STARTING
   FOLLOWER s2@group-A82F1EDBF13F:t1, leader=s11, voted=null, raftlog=Memoized:s2@group-A82F1EDBF13F-SegmentedRaftLog:OPENED:c243, conf=123: peers:[s3|rpc:0.0.0.0:43243|dataStream:|priority:0|startupRole:FOLLOWER, s4|rpc:0.0.0.0:34427|dataStream:|priority:0|startupRole:FOLLOWER, s5|rpc:0.0.0.0:35843|dataStream:|priority:0|startupRole:FOLLOWER, s6|rpc:0.0.0.0:43509|dataStream:|priority:0|startupRole:FOLLOWER, s7|rpc:0.0.0.0:36409|dataStream:|priority:0|startupRole:FOLLOWER, s8|rpc:0.0.0.0:41505|dataStream:|priority:0|startupRole:FOLLOWER, s9|rpc:0.0.0.0:34365|dataStream:|priority:0|startupRole:FOLLOWER, s11|rpc:0.0.0.0:44621|dataStream:|priority:0|startupRole:FOLLOWER, s10|rpc:0.0.0.0:43353|dataStream:|priority:0|startupRole:FOLLOWER, s13|rpc:0.0.0.0:33759|dataStream:|priority:0|startupRole:FOLLOWER, s12|rpc:0.0.0.0:43391|dataStream:|priority:0|startupRole:FOLLOWER, s14|rpc:0.0.0.0:41557|dataStream:|priority:0|startupRole:FOLLOWER, s0|rpc:0.0.0.0:45573|dataStream:|priority:0|startupRole:FOLLOWER, s1|rpc:0.0.0.0:34621|dataStream:|priority:0|startupRole:FOLLOWER, s2|rpc:0.0.0.0:40769|dataStream:|priority:0|startupRole:FOLLOWER]|listeners:[], old=null RUNNING] size=2
2023-03-07 04:41:26,820 INFO  server.RaftServer (RaftServerProxy.java:lambda$close$7(417)) - s3: close
2023-03-07 04:41:26,820 INFO  server.RaftServer$Division (RaftServerImpl.java:lambda$close$4(466)) - s3@group-FAA53D5BC7BE: shutdown
2023-03-07 04:41:26,820 INFO  util.JmxRegister (JmxRegister.java:unregister(73)) - Successfully un-registered JMX Bean with object name Ratis:service=RaftServer,group=group-FAA53D5BC7BE,id=s3
2023-03-07 04:41:26,821 INFO  impl.StateMachineUpdater (StateMachineUpdater.java:stopAndJoin(154)) - s3@group-FAA53D5BC7BE-StateMachineUpdater: set stopIndex = -1
2023-03-07 04:41:26,821 INFO  server.RaftServer$Division (ServerState.java:close(414)) - s3@group-FAA53D5BC7BE: applyIndex: -1
2023-03-07 04:41:26,824 INFO  server.RaftServer (RaftServerProxy.java:lambda$close$7(417)) - s4: close
2023-03-07 04:41:26,824 INFO  server.RaftServer$Division (RaftServerImpl.java:lambda$close$4(466)) - s4@group-FAA53D5BC7BE: shutdown
2023-03-07 04:41:26,824 INFO  util.JmxRegister (JmxRegister.java:unregister(73)) - Successfully un-registered JMX Bean with object name Ratis:service=RaftServer,group=group-FAA53D5BC7BE,id=s4
2023-03-07 04:41:26,824 INFO  impl.StateMachineUpdater (StateMachineUpdater.java:stopAndJoin(154)) - s4@group-FAA53D5BC7BE-StateMachineUpdater: set stopIndex = -1
2023-03-07 04:41:26,824 INFO  server.RaftServer$Division (ServerState.java:close(414)) - s4@group-FAA53D5BC7BE: applyIndex: -1
2023-03-07 04:41:26,832 INFO  server.RaftServer (RaftServerProxy.java:lambda$close$7(417)) - s5: close
2023-03-07 04:41:26,832 INFO  server.RaftServer$Division (RaftServerImpl.java:lambda$close$4(466)) - s5@group-FAA53D5BC7BE: shutdown
2023-03-07 04:41:26,832 INFO  util.JmxRegister (JmxRegister.java:unregister(73)) - Successfully un-registered JMX Bean with object name Ratis:service=RaftServer,group=group-FAA53D5BC7BE,id=s5
2023-03-07 04:41:26,832 INFO  impl.StateMachineUpdater (StateMachineUpdater.java:stopAndJoin(154)) - s5@group-FAA53D5BC7BE-StateMachineUpdater: set stopIndex = -1
2023-03-07 04:41:26,832 INFO  server.RaftServer$Division (ServerState.java:close(414)) - s5@group-FAA53D5BC7BE: applyIndex: -1
2023-03-07 04:41:26,840 INFO  server.RaftServer (RaftServerProxy.java:lambda$close$7(417)) - s7: close
2023-03-07 04:41:26,840 INFO  server.RaftServer$Division (RaftServerImpl.java:lambda$close$4(466)) - s7@group-FAA53D5BC7BE: shutdown
2023-03-07 04:41:26,840 INFO  server.RaftServer (RaftServerProxy.java:lambda$close$7(417)) - s6: close
2023-03-07 04:41:26,840 INFO  util.JmxRegister (JmxRegister.java:unregister(73)) - Successfully un-registered JMX Bean with object name Ratis:service=RaftServer,group=group-FAA53D5BC7BE,id=s7
2023-03-07 04:41:26,840 INFO  server.RaftServer$Division (RaftServerImpl.java:lambda$close$4(466)) - s6@group-FAA53D5BC7BE: shutdown
2023-03-07 04:41:26,840 INFO  util.JmxRegister (JmxRegister.java:unregister(73)) - Successfully un-registered JMX Bean with object name Ratis:service=RaftServer,group=group-FAA53D5BC7BE,id=s6
2023-03-07 04:41:26,840 INFO  impl.StateMachineUpdater (StateMachineUpdater.java:stopAndJoin(154)) - s6@group-FAA53D5BC7BE-StateMachineUpdater: set stopIndex = -1
2023-03-07 04:41:26,840 INFO  server.RaftServer$Division (ServerState.java:close(414)) - s6@group-FAA53D5BC7BE: applyIndex: -1
2023-03-07 04:41:26,840 INFO  impl.StateMachineUpdater (StateMachineUpdater.java:stopAndJoin(154)) - s7@group-FAA53D5BC7BE-StateMachineUpdater: set stopIndex = -1
2023-03-07 04:41:26,840 INFO  server.RaftServer$Division (ServerState.java:close(414)) - s7@group-FAA53D5BC7BE: applyIndex: -1
2023-03-07 04:41:26,842 INFO  segmented.SegmentedRaftLogWorker (SegmentedRaftLogWorker.java:close(242)) - s7@group-FAA53D5BC7BE-SegmentedRaftLogWorker close()
2023-03-07 04:41:26,844 INFO  server.RaftServer (RaftServerProxy.java:lambda$close$7(417)) - s8: close
2023-03-07 04:41:26,844 INFO  server.RaftServer$Division (RaftServerImpl.java:lambda$close$4(466)) - s8@group-FAA53D5BC7BE: shutdown
2023-03-07 04:41:26,844 INFO  util.JmxRegister (JmxRegister.java:unregister(73)) - Successfully un-registered JMX Bean with object name Ratis:service=RaftServer,group=group-FAA53D5BC7BE,id=s8
2023-03-07 04:41:26,844 INFO  impl.StateMachineUpdater (StateMachineUpdater.java:stopAndJoin(154)) - s8@group-FAA53D5BC7BE-StateMachineUpdater: set stopIndex = -1
2023-03-07 04:41:26,845 INFO  server.RaftServer$Division (ServerState.java:close(414)) - s8@group-FAA53D5BC7BE: applyIndex: -1
2023-03-07 04:41:26,846 INFO  server.RaftServer (RaftServerProxy.java:lambda$close$7(417)) - s9: close
2023-03-07 04:41:26,846 INFO  server.RaftServer$Division (RaftServerImpl.java:lambda$close$4(466)) - s9@group-FAA53D5BC7BE: shutdown
2023-03-07 04:41:26,846 INFO  util.JmxRegister (JmxRegister.java:unregister(73)) - Successfully un-registered JMX Bean with object name Ratis:service=RaftServer,group=group-FAA53D5BC7BE,id=s9
2023-03-07 04:41:26,846 INFO  impl.StateMachineUpdater (StateMachineUpdater.java:stopAndJoin(154)) - s9@group-FAA53D5BC7BE-StateMachineUpdater: set stopIndex = -1
2023-03-07 04:41:26,846 INFO  server.RaftServer$Division (ServerState.java:close(414)) - s9@group-FAA53D5BC7BE: applyIndex: -1
2023-03-07 04:41:26,855 INFO  logging.LoggingHandler (AbstractInternalLogger.java:log(148)) - [id: 0x07ea810c, L:/0.0.0.0:43243] CLOSE
2023-03-07 04:41:26,855 INFO  logging.LoggingHandler (AbstractInternalLogger.java:log(148)) - [id: 0x07ea810c, L:/0.0.0.0:43243] INACTIVE
2023-03-07 04:41:26,855 INFO  logging.LoggingHandler (AbstractInternalLogger.java:log(148)) - [id: 0x07ea810c, L:/0.0.0.0:43243] UNREGISTERED
2023-03-07 04:41:26,855 INFO  server.RaftServer$Division (RaftServerImpl.java:lambda$close$4(466)) - s3@group-A82F1EDBF13F: shutdown
2023-03-07 04:41:26,856 INFO  util.JmxRegister (JmxRegister.java:unregister(73)) - Successfully un-registered JMX Bean with object name Ratis:service=RaftServer,group=group-A82F1EDBF13F,id=s3
2023-03-07 04:41:26,856 INFO  impl.RoleInfo (RoleInfo.java:shutdownFollowerState(110)) - s3: shutdown s3@group-A82F1EDBF13F-FollowerState
2023-03-07 04:41:26,856 INFO  impl.StateMachineUpdater (StateMachineUpdater.java:stopAndJoin(154)) - s3@group-A82F1EDBF13F-StateMachineUpdater: set stopIndex = 243
2023-03-07 04:41:26,856 INFO  impl.FollowerState (FollowerState.java:run(152)) - s3@group-A82F1EDBF13F-FollowerState was interrupted
2023-03-07 04:41:26,861 INFO  logging.LoggingHandler (AbstractInternalLogger.java:log(148)) - [id: 0xe59a881d, L:/0.0.0.0:34365] CLOSE
2023-03-07 04:41:26,861 INFO  logging.LoggingHandler (AbstractInternalLogger.java:log(148)) - [id: 0xe59a881d, L:/0.0.0.0:34365] INACTIVE
2023-03-07 04:41:26,861 INFO  logging.LoggingHandler (AbstractInternalLogger.java:log(148)) - [id: 0xe59a881d, L:/0.0.0.0:34365] UNREGISTERED
2023-03-07 04:41:26,862 INFO  logging.LoggingHandler (AbstractInternalLogger.java:log(148)) - [id: 0xe229bbe1, L:/0.0.0.0:41505] CLOSE
2023-03-07 04:41:26,862 INFO  logging.LoggingHandler (AbstractInternalLogger.java:log(148)) - [id: 0xe229bbe1, L:/0.0.0.0:41505] INACTIVE
2023-03-07 04:41:26,862 INFO  logging.LoggingHandler (AbstractInternalLogger.java:log(148)) - [id: 0xe229bbe1, L:/0.0.0.0:41505] UNREGISTERED
2023-03-07 04:41:26,862 INFO  server.RaftServer$Division (RaftServerImpl.java:lambda$close$4(466)) - s8@group-A82F1EDBF13F: shutdown
2023-03-07 04:41:26,862 INFO  util.JmxRegister (JmxRegister.java:unregister(73)) - Successfully un-registered JMX Bean with object name Ratis:service=RaftServer,group=group-A82F1EDBF13F,id=s8
2023-03-07 04:41:26,862 INFO  impl.RoleInfo (RoleInfo.java:shutdownFollowerState(110)) - s8: shutdown s8@group-A82F1EDBF13F-FollowerState
2023-03-07 04:41:26,862 INFO  impl.FollowerState (FollowerState.java:run(152)) - s8@group-A82F1EDBF13F-FollowerState was interrupted
2023-03-07 04:41:26,862 INFO  server.RaftServer$Division (RaftServerImpl.java:lambda$close$4(466)) - s7@group-A82F1EDBF13F: shutdown
2023-03-07 04:41:26,862 INFO  logging.LoggingHandler (AbstractInternalLogger.java:log(148)) - [id: 0x836ca548, L:/0.0.0.0:36409] CLOSE
2023-03-07 04:41:26,862 INFO  util.JmxRegister (JmxRegister.java:unregister(73)) - Successfully un-registered JMX Bean with object name Ratis:service=RaftServer,group=group-A82F1EDBF13F,id=s7
2023-03-07 04:41:26,863 INFO  impl.StateMachineUpdater (StateMachineUpdater.java:stopAndJoin(154)) - s8@group-A82F1EDBF13F-StateMachineUpdater: set stopIndex = 243
2023-03-07 04:41:26,863 INFO  server.RaftServer$Division (ServerState.java:close(414)) - s8@group-A82F1EDBF13F: applyIndex: -1
2023-03-07 04:41:26,863 INFO  logging.LoggingHandler (AbstractInternalLogger.java:log(148)) - [id: 0x836ca548, L:/0.0.0.0:36409] INACTIVE
2023-03-07 04:41:26,863 INFO  logging.LoggingHandler (AbstractInternalLogger.java:log(148)) - [id: 0x836ca548, L:/0.0.0.0:36409] UNREGISTERED
2023-03-07 04:41:26,863 INFO  impl.RoleInfo (RoleInfo.java:shutdownFollowerState(110)) - s7: shutdown s7@group-A82F1EDBF13F-FollowerState
2023-03-07 04:41:26,863 INFO  impl.FollowerState (FollowerState.java:run(152)) - s7@group-A82F1EDBF13F-FollowerState was interrupted
2023-03-07 04:41:26,863 INFO  server.RaftServer$Division (RaftServerImpl.java:lambda$close$4(466)) - s9@group-A82F1EDBF13F: shutdown
2023-03-07 04:41:26,863 INFO  util.JmxRegister (JmxRegister.java:unregister(73)) - Successfully un-registered JMX Bean with object name Ratis:service=RaftServer,group=group-A82F1EDBF13F,id=s9
2023-03-07 04:41:26,863 INFO  impl.RoleInfo (RoleInfo.java:shutdownFollowerState(110)) - s9: shutdown s9@group-A82F1EDBF13F-FollowerState
2023-03-07 04:41:26,863 INFO  impl.FollowerState (FollowerState.java:run(152)) - s9@group-A82F1EDBF13F-FollowerState was interrupted
2023-03-07 04:41:26,863 INFO  server.RaftServer (RaftServerProxy.java:lambda$close$7(417)) - s11: close
2023-03-07 04:41:26,863 INFO  impl.StateMachineUpdater (StateMachineUpdater.java:stopAndJoin(154)) - s9@group-A82F1EDBF13F-StateMachineUpdater: set stopIndex = 243
2023-03-07 04:41:26,863 INFO  server.RaftServer$Division (RaftServerImpl.java:lambda$close$4(466)) - s11@group-FAA53D5BC7BE: shutdown
2023-03-07 04:41:26,863 INFO  util.JmxRegister (JmxRegister.java:unregister(73)) - Successfully un-registered JMX Bean with object name Ratis:service=RaftServer,group=group-FAA53D5BC7BE,id=s11
2023-03-07 04:41:26,863 INFO  server.RaftServer$Division (RaftServerImpl.java:lambda$close$4(466)) - s6@group-A82F1EDBF13F: shutdown
2023-03-07 04:41:26,863 INFO  util.JmxRegister (JmxRegister.java:unregister(73)) - Successfully un-registered JMX Bean with object name Ratis:service=RaftServer,group=group-A82F1EDBF13F,id=s6
2023-03-07 04:41:26,863 INFO  impl.RoleInfo (RoleInfo.java:shutdownFollowerState(110)) - s6: shutdown s6@group-A82F1EDBF13F-FollowerState
2023-03-07 04:41:26,864 INFO  impl.FollowerState (FollowerState.java:run(152)) - s6@group-A82F1EDBF13F-FollowerState was interrupted
2023-03-07 04:41:26,864 INFO  impl.StateMachineUpdater (StateMachineUpdater.java:stopAndJoin(154)) - s6@group-A82F1EDBF13F-StateMachineUpdater: set stopIndex = 243
2023-03-07 04:41:26,864 INFO  logging.LoggingHandler (AbstractInternalLogger.java:log(148)) - [id: 0xaf09a42a, L:/0.0.0.0:35843] CLOSE
2023-03-07 04:41:26,864 INFO  server.RaftServer$Division (ServerState.java:close(414)) - s6@group-A82F1EDBF13F: applyIndex: -1
2023-03-07 04:41:26,863 INFO  logging.LoggingHandler (AbstractInternalLogger.java:log(148)) - [id: 0x331f7887, L:/0.0.0.0:43509] CLOSE
2023-03-07 04:41:26,864 INFO  server.RaftServer$Division (RaftServerImpl.java:lambda$close$4(466)) - s5@group-A82F1EDBF13F: shutdown
2023-03-07 04:41:26,864 INFO  util.JmxRegister (JmxRegister.java:unregister(73)) - Successfully un-registered JMX Bean with object name Ratis:service=RaftServer,group=group-A82F1EDBF13F,id=s5
2023-03-07 04:41:26,864 INFO  impl.RoleInfo (RoleInfo.java:shutdownFollowerState(110)) - s5: shutdown s5@group-A82F1EDBF13F-FollowerState
2023-03-07 04:41:26,864 INFO  impl.FollowerState (FollowerState.java:run(152)) - s5@group-A82F1EDBF13F-FollowerState was interrupted
2023-03-07 04:41:26,864 INFO  impl.StateMachineUpdater (StateMachineUpdater.java:stopAndJoin(154)) - s5@group-A82F1EDBF13F-StateMachineUpdater: set stopIndex = 243
2023-03-07 04:41:26,865 INFO  server.RaftServer$Division (ServerState.java:close(414)) - s5@group-A82F1EDBF13F: applyIndex: -1
2023-03-07 04:41:26,864 INFO  logging.LoggingHandler (AbstractInternalLogger.java:log(148)) - [id: 0xaf09a42a, L:/0.0.0.0:35843] INACTIVE
2023-03-07 04:41:26,865 INFO  logging.LoggingHandler (AbstractInternalLogger.java:log(148)) - [id: 0xaf09a42a, L:/0.0.0.0:35843] UNREGISTERED
2023-03-07 04:41:26,863 INFO  impl.StateMachineUpdater (StateMachineUpdater.java:stopAndJoin(154)) - s11@group-FAA53D5BC7BE-StateMachineUpdater: set stopIndex = -1
2023-03-07 04:41:26,865 INFO  server.RaftServer$Division (ServerState.java:close(414)) - s11@group-FAA53D5BC7BE: applyIndex: -1
2023-03-07 04:41:26,864 INFO  logging.LoggingHandler (AbstractInternalLogger.java:log(148)) - [id: 0x331f7887, L:/0.0.0.0:43509] INACTIVE
2023-03-07 04:41:26,865 INFO  logging.LoggingHandler (AbstractInternalLogger.java:log(148)) - [id: 0x331f7887, L:/0.0.0.0:43509] UNREGISTERED
2023-03-07 04:41:26,865 INFO  server.RaftServer$Division (ServerState.java:close(414)) - s9@group-A82F1EDBF13F: applyIndex: -1
2023-03-07 04:41:26,866 INFO  impl.StateMachineUpdater (StateMachineUpdater.java:stopAndJoin(154)) - s7@group-A82F1EDBF13F-StateMachineUpdater: set stopIndex = 243
2023-03-07 04:41:26,866 INFO  server.RaftServer$Division (ServerState.java:close(414)) - s7@group-A82F1EDBF13F: applyIndex: -1
2023-03-07 04:41:26,866 INFO  logging.LoggingHandler (AbstractInternalLogger.java:log(148)) - [id: 0x93522211, L:/0.0.0.0:34427] CLOSE
2023-03-07 04:41:26,866 INFO  logging.LoggingHandler (AbstractInternalLogger.java:log(148)) - [id: 0x93522211, L:/0.0.0.0:34427] INACTIVE
2023-03-07 04:41:26,866 INFO  logging.LoggingHandler (AbstractInternalLogger.java:log(148)) - [id: 0x93522211, L:/0.0.0.0:34427] UNREGISTERED
2023-03-07 04:41:26,866 INFO  server.RaftServer$Division (RaftServerImpl.java:lambda$close$4(466)) - s4@group-A82F1EDBF13F: shutdown
2023-03-07 04:41:26,866 INFO  util.JmxRegister (JmxRegister.java:unregister(73)) - Successfully un-registered JMX Bean with object name Ratis:service=RaftServer,group=group-A82F1EDBF13F,id=s4
2023-03-07 04:41:26,866 INFO  impl.RoleInfo (RoleInfo.java:shutdownFollowerState(110)) - s4: shutdown s4@group-A82F1EDBF13F-FollowerState
2023-03-07 04:41:26,866 INFO  impl.StateMachineUpdater (StateMachineUpdater.java:stopAndJoin(154)) - s4@group-A82F1EDBF13F-StateMachineUpdater: set stopIndex = 243
2023-03-07 04:41:26,866 INFO  impl.FollowerState (FollowerState.java:run(152)) - s4@group-A82F1EDBF13F-FollowerState was interrupted
2023-03-07 04:41:26,868 INFO  server.RaftServer$Division (ServerState.java:close(414)) - s4@group-A82F1EDBF13F: applyIndex: -1
2023-03-07 04:41:26,868 INFO  segmented.SegmentedRaftLogWorker (SegmentedRaftLogWorker.java:close(242)) - s8@group-FAA53D5BC7BE-SegmentedRaftLogWorker close()
2023-03-07 04:41:26,868 INFO  logging.LoggingHandler (AbstractInternalLogger.java:log(148)) - [id: 0x522bdfaf, L:/0.0.0.0:44621] CLOSE
2023-03-07 04:41:26,868 INFO  logging.LoggingHandler (AbstractInternalLogger.java:log(148)) - [id: 0x522bdfaf, L:/0.0.0.0:44621] INACTIVE
2023-03-07 04:41:26,868 INFO  logging.LoggingHandler (AbstractInternalLogger.java:log(148)) - [id: 0x522bdfaf, L:/0.0.0.0:44621] UNREGISTERED
2023-03-07 04:41:26,869 INFO  server.RaftServer$Division (RaftServerImpl.java:lambda$close$4(466)) - s11@group-A82F1EDBF13F: shutdown
2023-03-07 04:41:26,870 INFO  util.JmxRegister (JmxRegister.java:unregister(73)) - Successfully un-registered JMX Bean with object name Ratis:service=RaftServer,group=group-A82F1EDBF13F,id=s11
2023-03-07 04:41:26,870 INFO  impl.RoleInfo (RoleInfo.java:shutdownLeaderState(93)) - s11: shutdown s11@group-A82F1EDBF13F-LeaderStateImpl
2023-03-07 04:41:26,870 INFO  leader.LogAppenderDaemon (LogAppenderDaemon.java:run(83)) - s11@group-A82F1EDBF13F->s13-LogAppenderDefault-LogAppenderDaemon was interrupted: java.lang.InterruptedException
2023-03-07 04:41:26,870 INFO  leader.LogAppenderDaemon (LogAppenderDaemon.java:run(83)) - s11@group-A82F1EDBF13F->s0-LogAppenderDefault-LogAppenderDaemon was interrupted: java.lang.InterruptedException
2023-03-07 04:41:26,870 INFO  leader.LogAppenderDaemon (LogAppenderDaemon.java:run(83)) - s11@group-A82F1EDBF13F->s12-LogAppenderDefault-LogAppenderDaemon was interrupted: java.lang.InterruptedException
2023-03-07 04:41:26,870 INFO  leader.LogAppenderDaemon (LogAppenderDaemon.java:run(83)) - s11@group-A82F1EDBF13F->s3-LogAppenderDefault-LogAppenderDaemon was interrupted: java.lang.InterruptedException
2023-03-07 04:41:26,870 INFO  leader.LogAppenderDaemon (LogAppenderDaemon.java:run(83)) - s11@group-A82F1EDBF13F->s4-LogAppenderDefault-LogAppenderDaemon was interrupted: java.lang.InterruptedException
2023-03-07 04:41:26,870 INFO  leader.LogAppenderDaemon (LogAppenderDaemon.java:run(83)) - s11@group-A82F1EDBF13F->s5-LogAppenderDefault-LogAppenderDaemon was interrupted: java.lang.InterruptedException
2023-03-07 04:41:26,870 INFO  leader.LogAppenderDaemon (LogAppenderDaemon.java:run(83)) - s11@group-A82F1EDBF13F->s10-LogAppenderDefault-LogAppenderDaemon was interrupted: java.lang.InterruptedException
2023-03-07 04:41:26,870 INFO  leader.LogAppenderDaemon (LogAppenderDaemon.java:run(83)) - s11@group-A82F1EDBF13F->s6-LogAppenderDefault-LogAppenderDaemon was interrupted: java.lang.InterruptedException
2023-03-07 04:41:26,870 INFO  leader.LogAppenderDaemon (LogAppenderDaemon.java:run(83)) - s11@group-A82F1EDBF13F->s1-LogAppenderDefault-LogAppenderDaemon was interrupted: java.lang.InterruptedException
2023-03-07 04:41:26,870 INFO  leader.LogAppenderDaemon (LogAppenderDaemon.java:run(83)) - s11@group-A82F1EDBF13F->s7-LogAppenderDefault-LogAppenderDaemon was interrupted: java.lang.InterruptedException
2023-03-07 04:41:26,871 INFO  leader.LogAppenderDaemon (LogAppenderDaemon.java:run(83)) - s11@group-A82F1EDBF13F->s8-LogAppenderDefault-LogAppenderDaemon was interrupted: java.lang.InterruptedException
2023-03-07 04:41:26,871 INFO  leader.LogAppenderDaemon (LogAppenderDaemon.java:run(83)) - s11@group-A82F1EDBF13F->s2-LogAppenderDefault-LogAppenderDaemon was interrupted: java.lang.InterruptedException
2023-03-07 04:41:26,871 INFO  leader.LogAppenderDaemon (LogAppenderDaemon.java:run(83)) - s11@group-A82F1EDBF13F->s14-LogAppenderDefault-LogAppenderDaemon was interrupted: java.lang.InterruptedException
2023-03-07 04:41:26,871 INFO  leader.LogAppenderDaemon (LogAppenderDaemon.java:run(83)) - s11@group-A82F1EDBF13F->s9-LogAppenderDefault-LogAppenderDaemon was interrupted: java.lang.InterruptedException
2023-03-07 04:41:26,871 INFO  segmented.SegmentedRaftLogWorker (SegmentedRaftLogWorker.java:close(242)) - s9@group-FAA53D5BC7BE-SegmentedRaftLogWorker close()
2023-03-07 04:41:26,871 INFO  impl.PendingRequests (PendingRequests.java:sendNotLeaderResponses(282)) - s11@group-A82F1EDBF13F-PendingRequests: sendNotLeaderResponses
2023-03-07 04:41:26,872 INFO  impl.StateMachineUpdater (StateMachineUpdater.java:stopAndJoin(154)) - s11@group-A82F1EDBF13F-StateMachineUpdater: set stopIndex = 244
2023-03-07 04:41:26,872 INFO  server.RaftServer$Division (ServerState.java:close(414)) - s11@group-A82F1EDBF13F: applyIndex: -1
2023-03-07 04:41:26,873 INFO  server.RaftServer (RaftServerProxy.java:lambda$close$7(417)) - s10: close
2023-03-07 04:41:26,873 INFO  server.RaftServer$Division (RaftServerImpl.java:lambda$close$4(466)) - s10@group-FAA53D5BC7BE: shutdown
2023-03-07 04:41:26,873 INFO  util.JmxRegister (JmxRegister.java:unregister(73)) - Successfully un-registered JMX Bean with object name Ratis:service=RaftServer,group=group-FAA53D5BC7BE,id=s10
2023-03-07 04:41:26,873 INFO  impl.StateMachineUpdater (StateMachineUpdater.java:stopAndJoin(154)) - s10@group-FAA53D5BC7BE-StateMachineUpdater: set stopIndex = -1
2023-03-07 04:41:26,874 INFO  server.RaftServer (RaftServerProxy.java:lambda$close$7(417)) - s0: close
2023-03-07 04:41:26,874 INFO  server.RaftServer (RaftServerProxy.java:lambda$close$7(417)) - s1: close
2023-03-07 04:41:26,874 INFO  server.RaftServer$Division (RaftServerImpl.java:lambda$close$4(466)) - s1@group-FAA53D5BC7BE: shutdown
2023-03-07 04:41:26,874 INFO  util.JmxRegister (JmxRegister.java:unregister(73)) - Successfully un-registered JMX Bean with object name Ratis:service=RaftServer,group=group-FAA53D5BC7BE,id=s1
2023-03-07 04:41:26,874 INFO  impl.StateMachineUpdater (StateMachineUpdater.java:stopAndJoin(154)) - s1@group-FAA53D5BC7BE-StateMachineUpdater: set stopIndex = -1
2023-03-07 04:41:26,875 INFO  server.RaftServer (RaftServerProxy.java:lambda$close$7(417)) - s12: close
2023-03-07 04:41:26,875 INFO  server.RaftServer$Division (ServerState.java:close(414)) - s10@group-FAA53D5BC7BE: applyIndex: -1
2023-03-07 04:41:26,876 INFO  server.RaftServer$Division (RaftServerImpl.java:lambda$close$4(466)) - s0@group-FAA53D5BC7BE: shutdown
2023-03-07 04:41:26,876 INFO  server.RaftServer$Division (RaftServerImpl.java:lambda$close$4(466)) - s12@group-FAA53D5BC7BE: shutdown
2023-03-07 04:41:26,876 INFO  util.JmxRegister (JmxRegister.java:unregister(73)) - Successfully un-registered JMX Bean with object name Ratis:service=RaftServer,group=group-FAA53D5BC7BE,id=s12
2023-03-07 04:41:26,876 INFO  impl.StateMachineUpdater (StateMachineUpdater.java:stopAndJoin(154)) - s12@group-FAA53D5BC7BE-StateMachineUpdater: set stopIndex = -1
2023-03-07 04:41:26,876 INFO  server.RaftServer$Division (ServerState.java:close(414)) - s1@group-FAA53D5BC7BE: applyIndex: -1
2023-03-07 04:41:26,876 INFO  server.RaftServer (RaftServerProxy.java:lambda$close$7(417)) - s14: close
2023-03-07 04:41:26,876 INFO  server.RaftServer$Division (ServerState.java:close(414)) - s12@group-FAA53D5BC7BE: applyIndex: -1
2023-03-07 04:41:26,876 INFO  server.RaftServer (RaftServerProxy.java:lambda$close$7(417)) - s13: close
2023-03-07 04:41:26,876 INFO  server.RaftServer$Division (RaftServerImpl.java:lambda$close$4(466)) - s14@group-FAA53D5BC7BE: shutdown
2023-03-07 04:41:26,876 INFO  util.JmxRegister (JmxRegister.java:unregister(73)) - Successfully un-registered JMX Bean with object name Ratis:service=RaftServer,group=group-FAA53D5BC7BE,id=s14
2023-03-07 04:41:26,876 INFO  impl.StateMachineUpdater (StateMachineUpdater.java:stopAndJoin(154)) - s14@group-FAA53D5BC7BE-StateMachineUpdater: set stopIndex = -1
2023-03-07 04:41:26,877 INFO  server.RaftServer$Division (RaftServerImpl.java:lambda$close$4(466)) - s13@group-FAA53D5BC7BE: shutdown
2023-03-07 04:41:26,877 INFO  util.JmxRegister (JmxRegister.java:unregister(73)) - Successfully un-registered JMX Bean with object name Ratis:service=RaftServer,group=group-FAA53D5BC7BE,id=s13
2023-03-07 04:41:26,877 INFO  impl.StateMachineUpdater (StateMachineUpdater.java:stopAndJoin(154)) - s13@group-FAA53D5BC7BE-StateMachineUpdater: set stopIndex = -1
2023-03-07 04:41:26,876 INFO  util.JmxRegister (JmxRegister.java:unregister(73)) - Successfully un-registered JMX Bean with object name Ratis:service=RaftServer,group=group-FAA53D5BC7BE,id=s0
2023-03-07 04:41:26,877 INFO  impl.StateMachineUpdater (StateMachineUpdater.java:stopAndJoin(154)) - s0@group-FAA53D5BC7BE-StateMachineUpdater: set stopIndex = -1
2023-03-07 04:41:26,877 INFO  server.RaftServer$Division (ServerState.java:close(414)) - s0@group-FAA53D5BC7BE: applyIndex: -1
2023-03-07 04:41:26,877 INFO  server.RaftServer$Division (ServerState.java:close(414)) - s13@group-FAA53D5BC7BE: applyIndex: -1
2023-03-07 04:41:26,877 INFO  server.RaftServer$Division (ServerState.java:close(414)) - s14@group-FAA53D5BC7BE: applyIndex: -1
2023-03-07 04:41:26,877 INFO  server.RaftServer (RaftServerProxy.java:lambda$close$7(417)) - s2: close
2023-03-07 04:41:26,877 INFO  server.RaftServer$Division (RaftServerImpl.java:lambda$close$4(466)) - s2@group-FAA53D5BC7BE: shutdown
2023-03-07 04:41:26,877 INFO  util.JmxRegister (JmxRegister.java:unregister(73)) - Successfully un-registered JMX Bean with object name Ratis:service=RaftServer,group=group-FAA53D5BC7BE,id=s2
2023-03-07 04:41:26,877 INFO  impl.StateMachineUpdater (StateMachineUpdater.java:stopAndJoin(154)) - s2@group-FAA53D5BC7BE-StateMachineUpdater: set stopIndex = -1
2023-03-07 04:41:26,877 INFO  server.RaftServer$Division (ServerState.java:close(414)) - s2@group-FAA53D5BC7BE: applyIndex: -1
2023-03-07 04:41:26,880 INFO  server.RaftServer$Division (ServerState.java:close(414)) - s3@group-A82F1EDBF13F: applyIndex: -1
2023-03-07 04:41:26,886 INFO  logging.LoggingHandler (AbstractInternalLogger.java:log(148)) - [id: 0x923fd090, L:/0.0.0.0:40769] CLOSE
2023-03-07 04:41:26,886 INFO  logging.LoggingHandler (AbstractInternalLogger.java:log(148)) - [id: 0x923fd090, L:/0.0.0.0:40769] INACTIVE
2023-03-07 04:41:26,886 INFO  logging.LoggingHandler (AbstractInternalLogger.java:log(148)) - [id: 0x923fd090, L:/0.0.0.0:40769] UNREGISTERED
2023-03-07 04:41:26,886 INFO  segmented.SegmentedRaftLogWorker (SegmentedRaftLogWorker.java:close(242)) - s11@group-FAA53D5BC7BE-SegmentedRaftLogWorker close()
2023-03-07 04:41:26,886 INFO  logging.LoggingHandler (AbstractInternalLogger.java:log(148)) - [id: 0x4c5a6d7c, L:/0.0.0.0:33759] CLOSE
2023-03-07 04:41:26,886 INFO  logging.LoggingHandler (AbstractInternalLogger.java:log(148)) - [id: 0x4c5a6d7c, L:/0.0.0.0:33759] INACTIVE
2023-03-07 04:41:26,886 INFO  logging.LoggingHandler (AbstractInternalLogger.java:log(148)) - [id: 0x4c5a6d7c, L:/0.0.0.0:33759] UNREGISTERED
2023-03-07 04:41:26,887 INFO  server.RaftServer$Division (RaftServerImpl.java:lambda$close$4(466)) - s13@group-A82F1EDBF13F: shutdown
2023-03-07 04:41:26,887 INFO  util.JmxRegister (JmxRegister.java:unregister(73)) - Successfully un-registered JMX Bean with object name Ratis:service=RaftServer,group=group-A82F1EDBF13F,id=s13
2023-03-07 04:41:26,887 INFO  impl.RoleInfo (RoleInfo.java:shutdownFollowerState(110)) - s13: shutdown s13@group-A82F1EDBF13F-FollowerState
2023-03-07 04:41:26,887 INFO  impl.FollowerState (FollowerState.java:run(152)) - s13@group-A82F1EDBF13F-FollowerState was interrupted
2023-03-07 04:41:26,887 INFO  server.RaftServer$Division (RaftServerImpl.java:lambda$close$4(466)) - s2@group-A82F1EDBF13F: shutdown
2023-03-07 04:41:26,888 INFO  logging.LoggingHandler (AbstractInternalLogger.java:log(148)) - [id: 0x09e3f7d5, L:/0.0.0.0:43353] CLOSE
2023-03-07 04:41:26,888 INFO  logging.LoggingHandler (AbstractInternalLogger.java:log(148)) - [id: 0x97e3a53c, L:/0.0.0.0:43391] CLOSE
2023-03-07 04:41:26,888 INFO  logging.LoggingHandler (AbstractInternalLogger.java:log(148)) - [id: 0x97e3a53c, L:/0.0.0.0:43391] INACTIVE
2023-03-07 04:41:26,888 INFO  logging.LoggingHandler (AbstractInternalLogger.java:log(148)) - [id: 0x97e3a53c, L:/0.0.0.0:43391] UNREGISTERED
2023-03-07 04:41:26,888 INFO  server.RaftServer$Division (RaftServerImpl.java:lambda$close$4(466)) - s10@group-A82F1EDBF13F: shutdown
2023-03-07 04:41:26,888 INFO  util.JmxRegister (JmxRegister.java:unregister(73)) - Successfully un-registered JMX Bean with object name Ratis:service=RaftServer,group=group-A82F1EDBF13F,id=s10
2023-03-07 04:41:26,888 INFO  impl.RoleInfo (RoleInfo.java:shutdownFollowerState(110)) - s10: shutdown s10@group-A82F1EDBF13F-FollowerState
2023-03-07 04:41:26,888 INFO  impl.StateMachineUpdater (StateMachineUpdater.java:stopAndJoin(154)) - s10@group-A82F1EDBF13F-StateMachineUpdater: set stopIndex = 243
2023-03-07 04:41:26,888 INFO  server.RaftServer$Division (RaftServerImpl.java:lambda$close$4(466)) - s14@group-A82F1EDBF13F: shutdown
2023-03-07 04:41:26,889 INFO  util.JmxRegister (JmxRegister.java:unregister(73)) - Successfully un-registered JMX Bean with object name Ratis:service=RaftServer,group=group-A82F1EDBF13F,id=s14
2023-03-07 04:41:26,889 INFO  impl.RoleInfo (RoleInfo.java:shutdownFollowerState(110)) - s14: shutdown s14@group-A82F1EDBF13F-FollowerState
2023-03-07 04:41:26,889 INFO  impl.StateMachineUpdater (StateMachineUpdater.java:stopAndJoin(154)) - s14@group-A82F1EDBF13F-StateMachineUpdater: set stopIndex = 243
2023-03-07 04:41:26,889 INFO  impl.FollowerState (FollowerState.java:run(152)) - s10@group-A82F1EDBF13F-FollowerState was interrupted
2023-03-07 04:41:26,889 INFO  impl.FollowerState (FollowerState.java:run(152)) - s14@group-A82F1EDBF13F-FollowerState was interrupted
2023-03-07 04:41:26,889 INFO  server.RaftServer$Division (ServerState.java:close(414)) - s14@group-A82F1EDBF13F: applyIndex: -1
2023-03-07 04:41:26,889 INFO  server.RaftServer$Division (ServerState.java:close(414)) - s10@group-A82F1EDBF13F: applyIndex: -1
2023-03-07 04:41:26,889 INFO  server.RaftServer$Division (RaftServerImpl.java:lambda$close$4(466)) - s12@group-A82F1EDBF13F: shutdown
2023-03-07 04:41:26,888 INFO  logging.LoggingHandler (AbstractInternalLogger.java:log(148)) - [id: 0xdc2b15a4, L:/0.0.0.0:41557] CLOSE
2023-03-07 04:41:26,887 INFO  impl.StateMachineUpdater (StateMachineUpdater.java:stopAndJoin(154)) - s13@group-A82F1EDBF13F-StateMachineUpdater: set stopIndex = 243
2023-03-07 04:41:26,889 INFO  server.RaftServer$Division (ServerState.java:close(414)) - s13@group-A82F1EDBF13F: applyIndex: -1
2023-03-07 04:41:26,889 INFO  util.JmxRegister (JmxRegister.java:unregister(73)) - Successfully un-registered JMX Bean with object name Ratis:service=RaftServer,group=group-A82F1EDBF13F,id=s12
2023-03-07 04:41:26,889 INFO  impl.RoleInfo (RoleInfo.java:shutdownFollowerState(110)) - s12: shutdown s12@group-A82F1EDBF13F-FollowerState
2023-03-07 04:41:26,889 INFO  impl.FollowerState (FollowerState.java:run(152)) - s12@group-A82F1EDBF13F-FollowerState was interrupted
2023-03-07 04:41:26,890 INFO  impl.StateMachineUpdater (StateMachineUpdater.java:stopAndJoin(154)) - s12@group-A82F1EDBF13F-StateMachineUpdater: set stopIndex = 243
2023-03-07 04:41:26,890 INFO  server.RaftServer$Division (ServerState.java:close(414)) - s12@group-A82F1EDBF13F: applyIndex: -1
2023-03-07 04:41:26,888 INFO  logging.LoggingHandler (AbstractInternalLogger.java:log(148)) - [id: 0x09e3f7d5, L:/0.0.0.0:43353] INACTIVE
2023-03-07 04:41:26,890 INFO  logging.LoggingHandler (AbstractInternalLogger.java:log(148)) - [id: 0x09e3f7d5, L:/0.0.0.0:43353] UNREGISTERED
2023-03-07 04:41:26,889 INFO  logging.LoggingHandler (AbstractInternalLogger.java:log(148)) - [id: 0xdc2b15a4, L:/0.0.0.0:41557] INACTIVE
2023-03-07 04:41:26,890 INFO  logging.LoggingHandler (AbstractInternalLogger.java:log(148)) - [id: 0xdc2b15a4, L:/0.0.0.0:41557] UNREGISTERED
2023-03-07 04:41:26,891 INFO  util.JmxRegister (JmxRegister.java:unregister(73)) - Successfully un-registered JMX Bean with object name Ratis:service=RaftServer,group=group-A82F1EDBF13F,id=s2
2023-03-07 04:41:26,891 INFO  impl.RoleInfo (RoleInfo.java:shutdownFollowerState(110)) - s2: shutdown s2@group-A82F1EDBF13F-FollowerState
2023-03-07 04:41:26,891 INFO  impl.FollowerState (FollowerState.java:run(152)) - s2@group-A82F1EDBF13F-FollowerState was interrupted
2023-03-07 04:41:26,891 INFO  impl.StateMachineUpdater (StateMachineUpdater.java:stopAndJoin(154)) - s2@group-A82F1EDBF13F-StateMachineUpdater: set stopIndex = 243
2023-03-07 04:41:26,891 INFO  server.RaftServer$Division (ServerState.java:close(414)) - s2@group-A82F1EDBF13F: applyIndex: -1
2023-03-07 04:41:26,892 INFO  logging.LoggingHandler (AbstractInternalLogger.java:log(148)) - [id: 0x8e7d1ea5, L:/0.0.0.0:34621] CLOSE
2023-03-07 04:41:26,892 INFO  server.RaftServer$Division (RaftServerImpl.java:lambda$close$4(466)) - s1@group-A82F1EDBF13F: shutdown
2023-03-07 04:41:26,892 INFO  util.JmxRegister (JmxRegister.java:unregister(73)) - Successfully un-registered JMX Bean with object name Ratis:service=RaftServer,group=group-A82F1EDBF13F,id=s1
2023-03-07 04:41:26,892 INFO  impl.RoleInfo (RoleInfo.java:shutdownFollowerState(110)) - s1: shutdown s1@group-A82F1EDBF13F-FollowerState
2023-03-07 04:41:26,892 INFO  logging.LoggingHandler (AbstractInternalLogger.java:log(148)) - [id: 0x8e7d1ea5, L:/0.0.0.0:34621] INACTIVE
2023-03-07 04:41:26,892 INFO  impl.StateMachineUpdater (StateMachineUpdater.java:stopAndJoin(154)) - s1@group-A82F1EDBF13F-StateMachineUpdater: set stopIndex = 243
2023-03-07 04:41:26,892 INFO  impl.FollowerState (FollowerState.java:run(152)) - s1@group-A82F1EDBF13F-FollowerState was interrupted
2023-03-07 04:41:26,892 INFO  logging.LoggingHandler (AbstractInternalLogger.java:log(148)) - [id: 0x5212874d, L:/0.0.0.0:45573] CLOSE
2023-03-07 04:41:26,892 INFO  logging.LoggingHandler (AbstractInternalLogger.java:log(148)) - [id: 0x5212874d, L:/0.0.0.0:45573] INACTIVE
2023-03-07 04:41:26,892 INFO  logging.LoggingHandler (AbstractInternalLogger.java:log(148)) - [id: 0x5212874d, L:/0.0.0.0:45573] UNREGISTERED
2023-03-07 04:41:26,892 INFO  logging.LoggingHandler (AbstractInternalLogger.java:log(148)) - [id: 0x8e7d1ea5, L:/0.0.0.0:34621] UNREGISTERED
2023-03-07 04:41:26,893 INFO  server.RaftServer$Division (ServerState.java:close(414)) - s1@group-A82F1EDBF13F: applyIndex: -1
2023-03-07 04:41:26,893 INFO  server.RaftServer$Division (RaftServerImpl.java:lambda$close$4(466)) - s0@group-A82F1EDBF13F: shutdown
2023-03-07 04:41:26,893 INFO  util.JmxRegister (JmxRegister.java:unregister(73)) - Successfully un-registered JMX Bean with object name Ratis:service=RaftServer,group=group-A82F1EDBF13F,id=s0
2023-03-07 04:41:26,893 INFO  impl.RoleInfo (RoleInfo.java:shutdownFollowerState(110)) - s0: shutdown s0@group-A82F1EDBF13F-FollowerState
2023-03-07 04:41:26,893 INFO  impl.FollowerState (FollowerState.java:run(152)) - s0@group-A82F1EDBF13F-FollowerState was interrupted
2023-03-07 04:41:26,893 INFO  impl.StateMachineUpdater (StateMachineUpdater.java:stopAndJoin(154)) - s0@group-A82F1EDBF13F-StateMachineUpdater: set stopIndex = 243
2023-03-07 04:41:26,893 INFO  server.RaftServer$Division (ServerState.java:close(414)) - s0@group-A82F1EDBF13F: applyIndex: -1
2023-03-07 04:41:26,905 INFO  segmented.SegmentedRaftLogWorker (SegmentedRaftLogWorker.java:close(242)) - s10@group-FAA53D5BC7BE-SegmentedRaftLogWorker close()
2023-03-07 04:41:26,943 INFO  segmented.SegmentedRaftLogWorker (SegmentedRaftLogWorker.java:close(242)) - s13@group-FAA53D5BC7BE-SegmentedRaftLogWorker close()
2023-03-07 04:41:26,969 INFO  segmented.SegmentedRaftLogWorker (SegmentedRaftLogWorker.java:close(242)) - s12@group-FAA53D5BC7BE-SegmentedRaftLogWorker close()
2023-03-07 04:41:27,011 INFO  segmented.SegmentedRaftLogWorker (SegmentedRaftLogWorker.java:close(242)) - s14@group-FAA53D5BC7BE-SegmentedRaftLogWorker close()
2023-03-07 04:41:27,039 INFO  segmented.SegmentedRaftLogWorker (SegmentedRaftLogWorker.java:close(242)) - s1@group-FAA53D5BC7BE-SegmentedRaftLogWorker close()
2023-03-07 04:41:27,076 INFO  segmented.SegmentedRaftLogWorker (SegmentedRaftLogWorker.java:close(242)) - s0@group-FAA53D5BC7BE-SegmentedRaftLogWorker close()
2023-03-07 04:41:27,079 INFO  segmented.SegmentedRaftLogWorker (SegmentedRaftLogWorker.java:close(242)) - s2@group-FAA53D5BC7BE-SegmentedRaftLogWorker close()
2023-03-07 04:41:27,768 INFO  segmented.SegmentedRaftLogWorker (SegmentedRaftLogWorker.java:close(242)) - s0@group-A82F1EDBF13F-SegmentedRaftLogWorker close()
2023-03-07 04:41:27,769 INFO  util.JvmPauseMonitor (JvmPauseMonitor.java:run(109)) - JvmPauseMonitor-s0: Stopped
2023-03-07 04:41:27,769 INFO  segmented.SegmentedRaftLogWorker (SegmentedRaftLogWorker.java:close(242)) - s1@group-A82F1EDBF13F-SegmentedRaftLogWorker close()
2023-03-07 04:41:27,771 INFO  segmented.SegmentedRaftLogWorker (SegmentedRaftLogWorker.java:close(242)) - s8@group-A82F1EDBF13F-SegmentedRaftLogWorker close()
2023-03-07 04:41:27,771 INFO  segmented.SegmentedRaftLogWorker (SegmentedRaftLogWorker.java:close(242)) - s5@group-A82F1EDBF13F-SegmentedRaftLogWorker close()
2023-03-07 04:41:27,772 INFO  util.JvmPauseMonitor (JvmPauseMonitor.java:run(109)) - JvmPauseMonitor-s1: Stopped
2023-03-07 04:41:27,773 INFO  util.JvmPauseMonitor (JvmPauseMonitor.java:run(109)) - JvmPauseMonitor-s8: Stopped
2023-03-07 04:41:27,789 INFO  segmented.SegmentedRaftLogWorker (SegmentedRaftLogWorker.java:close(242)) - s3@group-A82F1EDBF13F-SegmentedRaftLogWorker close()
2023-03-07 04:41:27,789 INFO  segmented.SegmentedRaftLogWorker (SegmentedRaftLogWorker.java:close(242)) - s2@group-A82F1EDBF13F-SegmentedRaftLogWorker close()
2023-03-07 04:41:27,790 INFO  segmented.SegmentedRaftLogWorker (SegmentedRaftLogWorker.java:close(242)) - s14@group-A82F1EDBF13F-SegmentedRaftLogWorker close()
2023-03-07 04:41:27,790 INFO  segmented.SegmentedRaftLogWorker (SegmentedRaftLogWorker.java:close(242)) - s9@group-A82F1EDBF13F-SegmentedRaftLogWorker close()
2023-03-07 04:41:27,791 INFO  segmented.SegmentedRaftLogWorker (SegmentedRaftLogWorker.java:close(242)) - s12@group-A82F1EDBF13F-SegmentedRaftLogWorker close()
2023-03-07 04:41:27,791 INFO  segmented.SegmentedRaftLogWorker (SegmentedRaftLogWorker.java:close(242)) - s7@group-A82F1EDBF13F-SegmentedRaftLogWorker close()
2023-03-07 04:41:27,791 INFO  segmented.SegmentedRaftLogWorker (SegmentedRaftLogWorker.java:close(242)) - s3@group-FAA53D5BC7BE-SegmentedRaftLogWorker close()
2023-03-07 04:41:27,795 INFO  segmented.SegmentedRaftLogWorker (SegmentedRaftLogWorker.java:close(242)) - s11@group-A82F1EDBF13F-SegmentedRaftLogWorker close()
2023-03-07 04:41:27,795 INFO  segmented.SegmentedRaftLogWorker (SegmentedRaftLogWorker.java:close(242)) - s13@group-A82F1EDBF13F-SegmentedRaftLogWorker close()
2023-03-07 04:41:27,796 INFO  segmented.SegmentedRaftLogWorker (SegmentedRaftLogWorker.java:close(242)) - s6@group-A82F1EDBF13F-SegmentedRaftLogWorker close()
2023-03-07 04:41:27,796 INFO  util.JvmPauseMonitor (JvmPauseMonitor.java:run(109)) - JvmPauseMonitor-s2: Stopped
2023-03-07 04:41:27,797 INFO  segmented.SegmentedRaftLogWorker (SegmentedRaftLogWorker.java:close(242)) - s10@group-A82F1EDBF13F-SegmentedRaftLogWorker close()
2023-03-07 04:41:27,797 INFO  util.JvmPauseMonitor (JvmPauseMonitor.java:run(109)) - JvmPauseMonitor-s13: Stopped
2023-03-07 04:41:27,797 INFO  util.JvmPauseMonitor (JvmPauseMonitor.java:run(109)) - JvmPauseMonitor-s12: Stopped
2023-03-07 04:41:27,797 INFO  segmented.SegmentedRaftLogWorker (SegmentedRaftLogWorker.java:close(242)) - s4@group-A82F1EDBF13F-SegmentedRaftLogWorker close()
2023-03-07 04:41:27,798 INFO  util.JvmPauseMonitor (JvmPauseMonitor.java:run(109)) - JvmPauseMonitor-s11: Stopped
2023-03-07 04:41:27,798 INFO  util.JvmPauseMonitor (JvmPauseMonitor.java:run(109)) - JvmPauseMonitor-s7: Stopped
2023-03-07 04:41:27,798 INFO  util.JvmPauseMonitor (JvmPauseMonitor.java:run(109)) - JvmPauseMonitor-s9: Stopped
2023-03-07 04:41:27,798 INFO  util.JvmPauseMonitor (JvmPauseMonitor.java:run(109)) - JvmPauseMonitor-s14: Stopped
2023-03-07 04:41:27,798 INFO  util.JvmPauseMonitor (JvmPauseMonitor.java:run(109)) - JvmPauseMonitor-s3: Stopped
2023-03-07 04:41:27,799 INFO  util.JvmPauseMonitor (JvmPauseMonitor.java:run(109)) - JvmPauseMonitor-s10: Stopped
2023-03-07 04:41:27,813 INFO  segmented.SegmentedRaftLogWorker (SegmentedRaftLogWorker.java:close(242)) - s4@group-FAA53D5BC7BE-SegmentedRaftLogWorker close()
2023-03-07 04:41:27,814 INFO  util.JvmPauseMonitor (JvmPauseMonitor.java:run(109)) - JvmPauseMonitor-s4: Stopped
2023-03-07 04:41:27,823 INFO  segmented.SegmentedRaftLogWorker (SegmentedRaftLogWorker.java:close(242)) - s5@group-FAA53D5BC7BE-SegmentedRaftLogWorker close()
2023-03-07 04:41:27,824 INFO  util.JvmPauseMonitor (JvmPauseMonitor.java:run(109)) - JvmPauseMonitor-s5: Stopped
2023-03-07 04:41:27,834 INFO  segmented.SegmentedRaftLogWorker (SegmentedRaftLogWorker.java:close(242)) - s6@group-FAA53D5BC7BE-SegmentedRaftLogWorker close()
2023-03-07 04:41:27,834 INFO  util.JvmPauseMonitor (JvmPauseMonitor.java:run(109)) - JvmPauseMonitor-s6: Stopped
]]></system-out>
  </testcase>
  <testcase name="testMultiRaftGroup[2]" classname="org.apache.ratis.TestMultiRaftGroup" time="21.152">
    <failure message="Unexpected exit." type="java.lang.AssertionError">java.lang.AssertionError: Unexpected exit.
	at org.apache.ratis.util.ExitUtils.assertNotTerminated(ExitUtils.java:109)
	at org.apache.ratis.BaseTest.assertNoFailures(BaseTest.java:89)
	at java.base/jdk.internal.reflect.NativeMethodAccessorImpl.invoke0(Native Method)
	at java.base/jdk.internal.reflect.NativeMethodAccessorImpl.invoke(NativeMethodAccessorImpl.java:62)
	at java.base/jdk.internal.reflect.DelegatingMethodAccessorImpl.invoke(DelegatingMethodAccessorImpl.java:43)
	at java.base/java.lang.reflect.Method.invoke(Method.java:566)
	at org.junit.runners.model.FrameworkMethod$1.runReflectiveCall(FrameworkMethod.java:59)
	at org.junit.internal.runners.model.ReflectiveCallable.run(ReflectiveCallable.java:12)
	at org.junit.runners.model.FrameworkMethod.invokeExplosively(FrameworkMethod.java:56)
	at org.junit.internal.runners.statements.RunAfters.invokeMethod(RunAfters.java:46)
	at org.junit.internal.runners.statements.RunAfters.evaluate(RunAfters.java:33)
	at org.junit.internal.runners.statements.FailOnTimeout$CallableStatement.call(FailOnTimeout.java:299)
	at org.junit.internal.runners.statements.FailOnTimeout$CallableStatement.call(FailOnTimeout.java:293)
	at java.base/java.util.concurrent.FutureTask.run(FutureTask.java:264)
	at java.base/java.lang.Thread.run(Thread.java:829)
Caused by: org.apache.ratis.util.ExitUtils$ExitException: Failed to start Grpc server
	at org.apache.ratis.util.ExitUtils.terminate(ExitUtils.java:141)
	at org.apache.ratis.util.ExitUtils.terminate(ExitUtils.java:151)
	at org.apache.ratis.grpc.server.GrpcService.startImpl(GrpcService.java:300)
	at org.apache.ratis.util.LifeCycle.startAndTransition(LifeCycle.java:270)
	at org.apache.ratis.server.RaftServerRpcWithProxy.start(RaftServerRpcWithProxy.java:72)
	at org.apache.ratis.server.impl.RaftServerProxy.startImpl(RaftServerProxy.java:402)
	at org.apache.ratis.util.LifeCycle.startAndTransition(LifeCycle.java:270)
	at org.apache.ratis.server.impl.RaftServerProxy.start(RaftServerProxy.java:395)
	at org.apache.ratis.server.impl.MiniRaftCluster.startServers(MiniRaftCluster.java:499)
	at org.apache.ratis.server.impl.MiniRaftCluster.start(MiniRaftCluster.java:346)
	at org.apache.ratis.server.impl.GroupManagementBaseTest.runMultiGroupTest(GroupManagementBaseTest.java:263)
	at org.apache.ratis.TestMultiRaftGroup.runTestMultiRaftGroup(TestMultiRaftGroup.java:73)
	at org.apache.ratis.TestMultiRaftGroup.runTestMultiRaftGroup(TestMultiRaftGroup.java:59)
	at org.apache.ratis.TestMultiRaftGroup.testMultiRaftGroup(TestMultiRaftGroup.java:55)
	at java.base/jdk.internal.reflect.NativeMethodAccessorImpl.invoke0(Native Method)
	at java.base/jdk.internal.reflect.NativeMethodAccessorImpl.invoke(NativeMethodAccessorImpl.java:62)
	at java.base/jdk.internal.reflect.DelegatingMethodAccessorImpl.invoke(DelegatingMethodAccessorImpl.java:43)
	at java.base/java.lang.reflect.Method.invoke(Method.java:566)
	at org.junit.runners.model.FrameworkMethod$1.runReflectiveCall(FrameworkMethod.java:59)
	at org.junit.internal.runners.model.ReflectiveCallable.run(ReflectiveCallable.java:12)
	at org.junit.runners.model.FrameworkMethod.invokeExplosively(FrameworkMethod.java:56)
	at org.junit.internal.runners.statements.InvokeMethod.evaluate(InvokeMethod.java:17)
	at org.junit.internal.runners.statements.RunAfters.evaluate(RunAfters.java:27)
	... 4 more
Caused by: java.io.IOException: Failed to bind to address 0.0.0.0/0.0.0.0:37997
	at org.apache.ratis.thirdparty.io.grpc.netty.NettyServer.start(NettyServer.java:328)
	at org.apache.ratis.thirdparty.io.grpc.internal.ServerImpl.start(ServerImpl.java:183)
	at org.apache.ratis.thirdparty.io.grpc.internal.ServerImpl.start(ServerImpl.java:92)
	at org.apache.ratis.grpc.server.GrpcService.startImpl(GrpcService.java:298)
	... 24 more
Caused by: org.apache.ratis.thirdparty.io.netty.channel.unix.Errors$NativeIoException: bind(..) failed: Address already in use
</failure>
  </testcase>
</testsuite>