<?xml version="1.0" encoding="UTF-8"?>
<testsuite xmlns:xsi="http://www.w3.org/2001/XMLSchema-instance" xsi:noNamespaceSchemaLocation="https://maven.apache.org/surefire/maven-surefire-plugin/xsd/surefire-test-report.xsd" name="org.apache.ratis.grpc.TestLeaderElectionWithGrpc" time="65.924" tests="20" errors="0" skipped="0" failures="1">
  <properties>
    <property name="awt.toolkit" value="sun.awt.X11.XToolkit"/>
    <property name="java.specification.version" value="11"/>
    <property name="sun.cpu.isalist" value=""/>
    <property name="sun.jnu.encoding" value="UTF-8"/>
    <property name="java.class.path" value="/home/runner/work/ratis/ratis/ratis-test/target/test-classes:/home/runner/work/ratis/ratis/ratis-test/target/classes:/home/runner/work/ratis/ratis/ratis-common/target/classes:/home/runner/.m2/repository/org/apache/ratis/ratis-thirdparty-misc/1.0.2/ratis-thirdparty-misc-1.0.2.jar:/home/runner/work/ratis/ratis/ratis-proto/target/ratis-proto-3.0.0-SNAPSHOT.jar:/home/runner/work/ratis/ratis/ratis-common/target/test-classes:/home/runner/work/ratis/ratis/ratis-client/target/classes:/home/runner/work/ratis/ratis/ratis-server/target/classes:/home/runner/work/ratis/ratis/ratis-server-api/target/classes:/home/runner/work/ratis/ratis/ratis-metrics-api/target/classes:/home/runner/work/ratis/ratis/ratis-server/target/test-classes:/home/runner/work/ratis/ratis/ratis-metrics-default/target/classes:/home/runner/work/ratis/ratis/ratis-netty/target/classes:/home/runner/work/ratis/ratis/ratis-netty/target/test-classes:/home/runner/work/ratis/ratis/ratis-grpc/target/classes:/home/runner/work/ratis/ratis/ratis-grpc/target/test-classes:/home/runner/.m2/repository/org/slf4j/slf4j-api/1.7.29/slf4j-api-1.7.29.jar:/home/runner/.m2/repository/org/slf4j/slf4j-log4j12/1.7.29/slf4j-log4j12-1.7.29.jar:/home/runner/.m2/repository/log4j/log4j/1.2.17/log4j-1.2.17.jar:/home/runner/.m2/repository/junit/junit/4.13.2/junit-4.13.2.jar:/home/runner/.m2/repository/org/hamcrest/hamcrest-core/1.3/hamcrest-core-1.3.jar:/home/runner/.m2/repository/org/mockito/mockito-core/4.3.1/mockito-core-4.3.1.jar:/home/runner/.m2/repository/net/bytebuddy/byte-buddy/1.12.7/byte-buddy-1.12.7.jar:/home/runner/.m2/repository/net/bytebuddy/byte-buddy-agent/1.12.7/byte-buddy-agent-1.12.7.jar:/home/runner/.m2/repository/org/objenesis/objenesis/3.2/objenesis-3.2.jar:/home/runner/work/ratis/ratis/ratis-shell/target/classes:/home/runner/.m2/repository/commons-cli/commons-cli/1.5.0/commons-cli-1.5.0.jar:/home/runner/.m2/repository/org/slf4j/slf4j-simple/1.7.29/slf4j-simple-1.7.29.jar:/home/runner/.m2/repository/org/reflections/reflections/0.10.2/reflections-0.10.2.jar:/home/runner/.m2/repository/org/javassist/javassist/3.28.0-GA/javassist-3.28.0-GA.jar:/home/runner/.m2/repository/com/google/code/findbugs/jsr305/3.0.2/jsr305-3.0.2.jar:"/>
    <property name="java.vm.vendor" value="Eclipse Adoptium"/>
    <property name="sun.arch.data.model" value="64"/>
    <property name="java.vendor.url" value="https://adoptium.net/"/>
    <property name="user.timezone" value=""/>
    <property name="java.vm.specification.version" value="11"/>
    <property name="os.name" value="Linux"/>
    <property name="sun.java.launcher" value="SUN_STANDARD"/>
    <property name="sun.boot.library.path" value="/usr/lib/jvm/temurin-11-jdk-amd64/lib"/>
    <property name="sun.java.command" value="/home/runner/work/ratis/ratis/ratis-test/target/surefire/surefirebooter10814819153285715728.jar /home/runner/work/ratis/ratis/ratis-test/target/surefire 2022-11-01T02-04-20_535-jvmRun1 surefire15343104456087650129tmp surefire_2810915860667971106275tmp"/>
    <property name="jdk.debug" value="release"/>
    <property name="surefire.test.class.path" value="/home/runner/work/ratis/ratis/ratis-test/target/test-classes:/home/runner/work/ratis/ratis/ratis-test/target/classes:/home/runner/work/ratis/ratis/ratis-common/target/classes:/home/runner/.m2/repository/org/apache/ratis/ratis-thirdparty-misc/1.0.2/ratis-thirdparty-misc-1.0.2.jar:/home/runner/work/ratis/ratis/ratis-proto/target/ratis-proto-3.0.0-SNAPSHOT.jar:/home/runner/work/ratis/ratis/ratis-common/target/test-classes:/home/runner/work/ratis/ratis/ratis-client/target/classes:/home/runner/work/ratis/ratis/ratis-server/target/classes:/home/runner/work/ratis/ratis/ratis-server-api/target/classes:/home/runner/work/ratis/ratis/ratis-metrics-api/target/classes:/home/runner/work/ratis/ratis/ratis-server/target/test-classes:/home/runner/work/ratis/ratis/ratis-metrics-default/target/classes:/home/runner/work/ratis/ratis/ratis-netty/target/classes:/home/runner/work/ratis/ratis/ratis-netty/target/test-classes:/home/runner/work/ratis/ratis/ratis-grpc/target/classes:/home/runner/work/ratis/ratis/ratis-grpc/target/test-classes:/home/runner/.m2/repository/org/slf4j/slf4j-api/1.7.29/slf4j-api-1.7.29.jar:/home/runner/.m2/repository/org/slf4j/slf4j-log4j12/1.7.29/slf4j-log4j12-1.7.29.jar:/home/runner/.m2/repository/log4j/log4j/1.2.17/log4j-1.2.17.jar:/home/runner/.m2/repository/junit/junit/4.13.2/junit-4.13.2.jar:/home/runner/.m2/repository/org/hamcrest/hamcrest-core/1.3/hamcrest-core-1.3.jar:/home/runner/.m2/repository/org/mockito/mockito-core/4.3.1/mockito-core-4.3.1.jar:/home/runner/.m2/repository/net/bytebuddy/byte-buddy/1.12.7/byte-buddy-1.12.7.jar:/home/runner/.m2/repository/net/bytebuddy/byte-buddy-agent/1.12.7/byte-buddy-agent-1.12.7.jar:/home/runner/.m2/repository/org/objenesis/objenesis/3.2/objenesis-3.2.jar:/home/runner/work/ratis/ratis/ratis-shell/target/classes:/home/runner/.m2/repository/commons-cli/commons-cli/1.5.0/commons-cli-1.5.0.jar:/home/runner/.m2/repository/org/slf4j/slf4j-simple/1.7.29/slf4j-simple-1.7.29.jar:/home/runner/.m2/repository/org/reflections/reflections/0.10.2/reflections-0.10.2.jar:/home/runner/.m2/repository/org/javassist/javassist/3.28.0-GA/javassist-3.28.0-GA.jar:/home/runner/.m2/repository/com/google/code/findbugs/jsr305/3.0.2/jsr305-3.0.2.jar:"/>
    <property name="sun.cpu.endian" value="little"/>
    <property name="user.home" value="/home/runner"/>
    <property name="user.language" value="en"/>
    <property name="java.specification.vendor" value="Oracle Corporation"/>
    <property name="java.version.date" value="2022-08-12"/>
    <property name="java.home" value="/usr/lib/jvm/temurin-11-jdk-amd64"/>
    <property name="file.separator" value="/"/>
    <property name="basedir" value="/home/runner/work/ratis/ratis/ratis-test"/>
    <property name="java.vm.compressedOopsMode" value="32-bit"/>
    <property name="line.separator" value="&#10;"/>
    <property name="java.specification.name" value="Java Platform API Specification"/>
    <property name="java.vm.specification.vendor" value="Oracle Corporation"/>
    <property name="java.awt.graphicsenv" value="sun.awt.X11GraphicsEnvironment"/>
    <property name="surefire.real.class.path" value="/home/runner/work/ratis/ratis/ratis-test/target/surefire/surefirebooter10814819153285715728.jar"/>
    <property name="sun.management.compiler" value="HotSpot 64-Bit Tiered Compilers"/>
    <property name="java.runtime.version" value="11.0.16.1+1"/>
    <property name="user.name" value="runner"/>
    <property name="java.net.preferIPv4Stack" value="true"/>
    <property name="path.separator" value=":"/>
    <property name="os.version" value="5.15.0-1022-azure"/>
    <property name="java.runtime.name" value="OpenJDK Runtime Environment"/>
    <property name="file.encoding" value="UTF-8"/>
    <property name="java.vm.name" value="OpenJDK 64-Bit Server VM"/>
    <property name="java.vendor.version" value="Temurin-11.0.16.1+1"/>
    <property name="localRepository" value="/home/runner/.m2/repository"/>
    <property name="java.vendor.url.bug" value="https://github.com/adoptium/adoptium-support/issues"/>
    <property name="java.io.tmpdir" value="/tmp"/>
    <property name="java.version" value="11.0.16.1"/>
    <property name="user.dir" value="/home/runner/work/ratis/ratis/ratis-test"/>
    <property name="os.arch" value="amd64"/>
    <property name="ratis.tmp.dir" value="/home/runner/work/ratis/ratis/ratis-test/target/tmp"/>
    <property name="java.vm.specification.name" value="Java Virtual Machine Specification"/>
    <property name="java.awt.printerjob" value="sun.print.PSPrinterJob"/>
    <property name="ratis.log.dir" value="/home/runner/work/ratis/ratis/ratis-test/target/log"/>
    <property name="sun.os.patch.level" value="unknown"/>
    <property name="java.library.path" value="/usr/java/packages/lib:/usr/lib64:/lib64:/lib:/usr/lib"/>
    <property name="java.vm.info" value="mixed mode"/>
    <property name="java.vendor" value="Eclipse Adoptium"/>
    <property name="java.vm.version" value="11.0.16.1+1"/>
    <property name="sun.io.unicode.encoding" value="UnicodeLittle"/>
    <property name="java.class.version" value="55.0"/>
  </properties>
  <testcase name="testEnforceLeader" classname="org.apache.ratis.grpc.TestLeaderElectionWithGrpc" time="23.168">
    <failure message="expected:&lt;s[1]&gt; but was:&lt;s[4]&gt;" type="org.junit.ComparisonFailure"><![CDATA[org.junit.ComparisonFailure: expected:<s[1]> but was:<s[4]>
	at org.junit.Assert.assertEquals(Assert.java:117)
	at org.junit.Assert.assertEquals(Assert.java:146)
	at org.apache.ratis.server.impl.LeaderElectionTests.enforceLeader(LeaderElectionTests.java:298)
	at org.apache.ratis.server.impl.LeaderElectionTests.testEnforceLeader(LeaderElectionTests.java:284)
	at org.apache.ratis.grpc.TestLeaderElectionWithGrpc.testEnforceLeader(TestLeaderElectionWithGrpc.java:31)
	at java.base/jdk.internal.reflect.NativeMethodAccessorImpl.invoke0(Native Method)
	at java.base/jdk.internal.reflect.NativeMethodAccessorImpl.invoke(NativeMethodAccessorImpl.java:62)
	at java.base/jdk.internal.reflect.DelegatingMethodAccessorImpl.invoke(DelegatingMethodAccessorImpl.java:43)
	at java.base/java.lang.reflect.Method.invoke(Method.java:566)
	at org.junit.runners.model.FrameworkMethod$1.runReflectiveCall(FrameworkMethod.java:59)
	at org.junit.internal.runners.model.ReflectiveCallable.run(ReflectiveCallable.java:12)
	at org.junit.runners.model.FrameworkMethod.invokeExplosively(FrameworkMethod.java:56)
	at org.junit.internal.runners.statements.InvokeMethod.evaluate(InvokeMethod.java:17)
	at org.junit.internal.runners.statements.RunAfters.evaluate(RunAfters.java:27)
	at org.junit.internal.runners.statements.FailOnTimeout$CallableStatement.call(FailOnTimeout.java:299)
	at org.junit.internal.runners.statements.FailOnTimeout$CallableStatement.call(FailOnTimeout.java:293)
	at java.base/java.util.concurrent.FutureTask.run(FutureTask.java:264)
	at java.base/java.lang.Thread.run(Thread.java:829)
]]></failure>
    <system-out><![CDATA[2022-11-01 02:15:08,771 [main] INFO  util.LogUtils (Slf4jUtils.java:setLogLevel(33)) - Set org.apache.ratis.conf.ConfUtils log level to WARN
2022-11-01 02:15:08,778 [main] INFO  util.LogUtils (Slf4jUtils.java:setLogLevel(33)) - Set org.apache.ratis.util.FileUtils log level to TRACE
2022-11-01 02:15:08,781 [main] INFO  util.LogUtils (Slf4jUtils.java:setLogLevel(33)) - Set org.apache.ratis.server.RaftServer$Division log level to DEBUG
2022-11-01 02:15:08,781 [main] INFO  util.LogUtils (Slf4jUtils.java:setLogLevel(33)) - Set org.apache.ratis.client.RaftClient log level to DEBUG
2022-11-01 02:15:08,785 [Time-limited test] INFO  grpc.TestLeaderElectionWithGrpc (LeaderElectionTests.java:testEnforceLeader(272)) - Running testEnforceLeader
2022-11-01 02:15:08,856 [Time-limited test] INFO  impl.MiniRaftCluster (MiniRaftCluster.java:<init>(306)) - new MiniRaftClusterWithGrpc with group-29DD907A7165:[s3|rpc:localhost:46863|admin:localhost:41281|client:localhost:41041|dataStream:localhost:44363|priority:0|startupRole:FOLLOWER, s4|rpc:localhost:36775|admin:localhost:35477|client:localhost:46475|dataStream:localhost:42557|priority:0|startupRole:FOLLOWER, s0|rpc:localhost:33119|admin:localhost:42011|client:localhost:45597|dataStream:localhost:34507|priority:0|startupRole:FOLLOWER, s1|rpc:localhost:43051|admin:localhost:41551|client:localhost:45233|dataStream:localhost:41779|priority:0|startupRole:FOLLOWER, s2|rpc:localhost:41201|admin:localhost:41487|client:localhost:41547|dataStream:localhost:43565|priority:0|startupRole:FOLLOWER]
2022-11-01 02:15:08,857 [Time-limited test] INFO  impl.MiniRaftCluster (MiniRaftCluster.java:start(339)) - .............................................................. 
2022-11-01 02:15:08,857 [Time-limited test] INFO  impl.MiniRaftCluster (MiniRaftCluster.java:start(340)) - ... 
2022-11-01 02:15:08,857 [Time-limited test] INFO  impl.MiniRaftCluster (MiniRaftCluster.java:start(341)) - ...     Starting MiniRaftClusterWithGrpc
2022-11-01 02:15:08,857 [Time-limited test] INFO  impl.MiniRaftCluster (MiniRaftCluster.java:start(342)) - ... 
2022-11-01 02:15:08,858 [Time-limited test] INFO  impl.MiniRaftCluster (MiniRaftCluster.java:start(343)) - .............................................................. 
2022-11-01 02:15:08,858 [Time-limited test] INFO  impl.MiniRaftCluster (MiniRaftCluster.java:initServers(318)) - servers = {}
2022-11-01 02:15:08,861 [Time-limited test] INFO  impl.MiniRaftCluster (MiniRaftCluster.java:newRaftServer(382)) - newRaftServer: s3, group-29DD907A7165:[s3|rpc:localhost:46863|admin:localhost:41281|client:localhost:41041|dataStream:localhost:44363|priority:0|startupRole:FOLLOWER, s4|rpc:localhost:36775|admin:localhost:35477|client:localhost:46475|dataStream:localhost:42557|priority:0|startupRole:FOLLOWER, s0|rpc:localhost:33119|admin:localhost:42011|client:localhost:45597|dataStream:localhost:34507|priority:0|startupRole:FOLLOWER, s1|rpc:localhost:43051|admin:localhost:41551|client:localhost:45233|dataStream:localhost:41779|priority:0|startupRole:FOLLOWER, s2|rpc:localhost:41201|admin:localhost:41487|client:localhost:41547|dataStream:localhost:43565|priority:0|startupRole:FOLLOWER], format? true
2022-11-01 02:15:08,862 [Time-limited test] TRACE util.FileUtils (FileUtils.java:deleteFully(170)) - deleteFully target/test/data/19a9d697/MiniRaftClusterWithGrpc3f893bf6/s3
2022-11-01 02:15:08,863 [Time-limited test] TRACE util.FileUtils (FileUtils.java:deleteFully(186)) - deleteFully: target/test/data/19a9d697/MiniRaftClusterWithGrpc3f893bf6/s3 does not exist.
2022-11-01 02:15:08,863 [Time-limited test] INFO  impl.MiniRaftCluster (MiniRaftCluster.java:newRaftServer(387)) - Formatted directory target/test/data/19a9d697/MiniRaftClusterWithGrpc3f893bf6/s3
2022-11-01 02:15:08,886 [Time-limited test] INFO  server.RaftServer (ConfUtils.java:logGet(46)) - raft.rpc.type = GRPC (default)
2022-11-01 02:15:08,961 [Time-limited test] INFO  grpc.GrpcConfigKeys (ConfUtils.java:logFallback(53)) - raft.grpc.admin.host = null (fallback to raft.grpc.server.host)
2022-11-01 02:15:08,963 [Time-limited test] INFO  grpc.GrpcConfigKeys (ConfUtils.java:logGet(46)) - raft.grpc.admin.port = 41281 (custom)
2022-11-01 02:15:08,964 [Time-limited test] INFO  grpc.GrpcConfigKeys (ConfUtils.java:logFallback(53)) - raft.grpc.client.host = null (fallback to raft.grpc.server.host)
2022-11-01 02:15:08,965 [Time-limited test] INFO  grpc.GrpcConfigKeys (ConfUtils.java:logGet(46)) - raft.grpc.client.port = 41041 (custom)
2022-11-01 02:15:08,965 [Time-limited test] INFO  grpc.GrpcConfigKeys (ConfUtils.java:logGet(46)) - raft.grpc.server.host = null (default)
2022-11-01 02:15:08,965 [Time-limited test] INFO  grpc.GrpcConfigKeys (ConfUtils.java:logGet(46)) - raft.grpc.server.port = 46863 (custom)
2022-11-01 02:15:08,966 [Time-limited test] INFO  server.GrpcService (ConfUtils.java:logGet(46)) - raft.grpc.message.size.max = 64MB (=67108864) (default)
2022-11-01 02:15:08,969 [Time-limited test] INFO  server.RaftServerConfigKeys (ConfUtils.java:logGet(46)) - raft.server.log.appender.buffer.byte-limit = 4MB (=4194304) (default)
2022-11-01 02:15:08,970 [Time-limited test] INFO  server.GrpcService (ConfUtils.java:logGet(46)) - raft.grpc.flow.control.window = 1MB (=1048576) (default)
2022-11-01 02:15:08,974 [Time-limited test] INFO  server.RaftServerConfigKeys (ConfUtils.java:logGet(46)) - raft.server.rpc.request.timeout = 3000ms (default)
2022-11-01 02:15:08,993 [Time-limited test] INFO  grpc.GrpcConfigKeys (ConfUtils.java:logGet(46)) - raft.grpc.server.heartbeat.channel = true (default)
2022-11-01 02:15:08,997 [Time-limited test] INFO  grpc.GrpcConfigKeys (ConfUtils.java:logGet(46)) - raft.grpc.server.async.request.thread.pool.cached = true (default)
2022-11-01 02:15:08,998 [Time-limited test] INFO  grpc.GrpcConfigKeys (ConfUtils.java:logGet(46)) - raft.grpc.server.async.request.thread.pool.size = 32 (default)
2022-11-01 02:15:09,229 [Time-limited test] INFO  impl.DataStreamServerImpl (ConfUtils.java:logGet(46)) - raft.datastream.type = DISABLED (default)
2022-11-01 02:15:09,232 [Time-limited test] INFO  server.RaftServerConfigKeys (ConfUtils.java:logGet(46)) - raft.server.threadpool.proxy.cached = true (default)
2022-11-01 02:15:09,232 [Time-limited test] INFO  server.RaftServerConfigKeys (ConfUtils.java:logGet(46)) - raft.server.threadpool.proxy.size = 0 (default)
2022-11-01 02:15:09,233 [Time-limited test] INFO  server.RaftServerConfigKeys (ConfUtils.java:logGet(46)) - raft.server.rpc.slowness.timeout = 60s (default)
2022-11-01 02:15:09,234 [Time-limited test] INFO  server.RaftServerConfigKeys (ConfUtils.java:logGet(46)) - raft.server.leaderelection.leader.step-down.wait-time = 10s (default)
2022-11-01 02:15:09,237 [Time-limited test] INFO  server.RaftServerConfigKeys (ConfUtils.java:logGet(46)) - raft.server.storage.dir = [/home/runner/work/ratis/ratis/ratis-test/target/test/data/19a9d697/MiniRaftClusterWithGrpc3f893bf6/s3] (custom)
2022-11-01 02:15:09,249 [Time-limited test] INFO  server.RaftServer (RaftServerProxy.java:addNew(99)) - s3: addNew group-29DD907A7165:[s3|rpc:localhost:46863|admin:localhost:41281|client:localhost:41041|dataStream:localhost:44363|priority:0|startupRole:FOLLOWER, s4|rpc:localhost:36775|admin:localhost:35477|client:localhost:46475|dataStream:localhost:42557|priority:0|startupRole:FOLLOWER, s0|rpc:localhost:33119|admin:localhost:42011|client:localhost:45597|dataStream:localhost:34507|priority:0|startupRole:FOLLOWER, s1|rpc:localhost:43051|admin:localhost:41551|client:localhost:45233|dataStream:localhost:41779|priority:0|startupRole:FOLLOWER, s2|rpc:localhost:41201|admin:localhost:41487|client:localhost:41547|dataStream:localhost:43565|priority:0|startupRole:FOLLOWER] returns group-29DD907A7165:java.util.concurrent.CompletableFuture@39eb3f43[Not completed]
2022-11-01 02:15:09,250 [Time-limited test] INFO  impl.MiniRaftCluster (MiniRaftCluster.java:newRaftServer(382)) - newRaftServer: s4, group-29DD907A7165:[s3|rpc:localhost:46863|admin:localhost:41281|client:localhost:41041|dataStream:localhost:44363|priority:0|startupRole:FOLLOWER, s4|rpc:localhost:36775|admin:localhost:35477|client:localhost:46475|dataStream:localhost:42557|priority:0|startupRole:FOLLOWER, s0|rpc:localhost:33119|admin:localhost:42011|client:localhost:45597|dataStream:localhost:34507|priority:0|startupRole:FOLLOWER, s1|rpc:localhost:43051|admin:localhost:41551|client:localhost:45233|dataStream:localhost:41779|priority:0|startupRole:FOLLOWER, s2|rpc:localhost:41201|admin:localhost:41487|client:localhost:41547|dataStream:localhost:43565|priority:0|startupRole:FOLLOWER], format? true
2022-11-01 02:15:09,250 [Time-limited test] TRACE util.FileUtils (FileUtils.java:deleteFully(170)) - deleteFully target/test/data/19a9d697/MiniRaftClusterWithGrpc3f893bf6/s4
2022-11-01 02:15:09,250 [Time-limited test] TRACE util.FileUtils (FileUtils.java:deleteFully(186)) - deleteFully: target/test/data/19a9d697/MiniRaftClusterWithGrpc3f893bf6/s4 does not exist.
2022-11-01 02:15:09,250 [Time-limited test] INFO  impl.MiniRaftCluster (MiniRaftCluster.java:newRaftServer(387)) - Formatted directory target/test/data/19a9d697/MiniRaftClusterWithGrpc3f893bf6/s4
2022-11-01 02:15:09,251 [Time-limited test] INFO  server.RaftServer (ConfUtils.java:logGet(46)) - raft.rpc.type = GRPC (default)
2022-11-01 02:15:09,251 [Time-limited test] INFO  grpc.GrpcConfigKeys (ConfUtils.java:logFallback(53)) - raft.grpc.admin.host = null (fallback to raft.grpc.server.host)
2022-11-01 02:15:09,251 [Time-limited test] INFO  grpc.GrpcConfigKeys (ConfUtils.java:logGet(46)) - raft.grpc.admin.port = 35477 (custom)
2022-11-01 02:15:09,252 [Time-limited test] INFO  grpc.GrpcConfigKeys (ConfUtils.java:logFallback(53)) - raft.grpc.client.host = null (fallback to raft.grpc.server.host)
2022-11-01 02:15:09,252 [Time-limited test] INFO  grpc.GrpcConfigKeys (ConfUtils.java:logGet(46)) - raft.grpc.client.port = 46475 (custom)
2022-11-01 02:15:09,252 [Time-limited test] INFO  grpc.GrpcConfigKeys (ConfUtils.java:logGet(46)) - raft.grpc.server.host = null (default)
2022-11-01 02:15:09,253 [Time-limited test] INFO  grpc.GrpcConfigKeys (ConfUtils.java:logGet(46)) - raft.grpc.server.port = 36775 (custom)
2022-11-01 02:15:09,253 [Time-limited test] INFO  server.GrpcService (ConfUtils.java:logGet(46)) - raft.grpc.message.size.max = 64MB (=67108864) (default)
2022-11-01 02:15:09,253 [Time-limited test] INFO  server.RaftServerConfigKeys (ConfUtils.java:logGet(46)) - raft.server.log.appender.buffer.byte-limit = 4MB (=4194304) (default)
2022-11-01 02:15:09,253 [Time-limited test] INFO  server.GrpcService (ConfUtils.java:logGet(46)) - raft.grpc.flow.control.window = 1MB (=1048576) (default)
2022-11-01 02:15:09,254 [Time-limited test] INFO  server.RaftServerConfigKeys (ConfUtils.java:logGet(46)) - raft.server.rpc.request.timeout = 3000ms (default)
2022-11-01 02:15:09,254 [Time-limited test] INFO  grpc.GrpcConfigKeys (ConfUtils.java:logGet(46)) - raft.grpc.server.heartbeat.channel = true (default)
2022-11-01 02:15:09,260 [Time-limited test] INFO  grpc.GrpcConfigKeys (ConfUtils.java:logGet(46)) - raft.grpc.server.async.request.thread.pool.cached = true (default)
2022-11-01 02:15:09,261 [Time-limited test] INFO  grpc.GrpcConfigKeys (ConfUtils.java:logGet(46)) - raft.grpc.server.async.request.thread.pool.size = 32 (default)
2022-11-01 02:15:09,263 [Time-limited test] INFO  impl.DataStreamServerImpl (ConfUtils.java:logGet(46)) - raft.datastream.type = DISABLED (default)
2022-11-01 02:15:09,263 [Time-limited test] INFO  server.RaftServerConfigKeys (ConfUtils.java:logGet(46)) - raft.server.threadpool.proxy.cached = true (default)
2022-11-01 02:15:09,264 [Time-limited test] INFO  server.RaftServerConfigKeys (ConfUtils.java:logGet(46)) - raft.server.threadpool.proxy.size = 0 (default)
2022-11-01 02:15:09,264 [Time-limited test] INFO  server.RaftServerConfigKeys (ConfUtils.java:logGet(46)) - raft.server.rpc.slowness.timeout = 60s (default)
2022-11-01 02:15:09,264 [Time-limited test] INFO  server.RaftServerConfigKeys (ConfUtils.java:logGet(46)) - raft.server.leaderelection.leader.step-down.wait-time = 10s (default)
2022-11-01 02:15:09,265 [Time-limited test] INFO  server.RaftServerConfigKeys (ConfUtils.java:logGet(46)) - raft.server.storage.dir = [/home/runner/work/ratis/ratis/ratis-test/target/test/data/19a9d697/MiniRaftClusterWithGrpc3f893bf6/s4] (custom)
2022-11-01 02:15:09,274 [pool-1-thread-1] INFO  server.RaftServer$Division (RaftServerImpl.java:<init>(198)) - s3: new RaftServerImpl for group-29DD907A7165:[s3|rpc:localhost:46863|admin:localhost:41281|client:localhost:41041|dataStream:localhost:44363|priority:0|startupRole:FOLLOWER, s4|rpc:localhost:36775|admin:localhost:35477|client:localhost:46475|dataStream:localhost:42557|priority:0|startupRole:FOLLOWER, s0|rpc:localhost:33119|admin:localhost:42011|client:localhost:45597|dataStream:localhost:34507|priority:0|startupRole:FOLLOWER, s1|rpc:localhost:43051|admin:localhost:41551|client:localhost:45233|dataStream:localhost:41779|priority:0|startupRole:FOLLOWER, s2|rpc:localhost:41201|admin:localhost:41487|client:localhost:41547|dataStream:localhost:43565|priority:0|startupRole:FOLLOWER] with BaseStateMachine:uninitialized
2022-11-01 02:15:09,280 [Time-limited test] INFO  server.RaftServer (RaftServerProxy.java:addNew(99)) - s4: addNew group-29DD907A7165:[s3|rpc:localhost:46863|admin:localhost:41281|client:localhost:41041|dataStream:localhost:44363|priority:0|startupRole:FOLLOWER, s4|rpc:localhost:36775|admin:localhost:35477|client:localhost:46475|dataStream:localhost:42557|priority:0|startupRole:FOLLOWER, s0|rpc:localhost:33119|admin:localhost:42011|client:localhost:45597|dataStream:localhost:34507|priority:0|startupRole:FOLLOWER, s1|rpc:localhost:43051|admin:localhost:41551|client:localhost:45233|dataStream:localhost:41779|priority:0|startupRole:FOLLOWER, s2|rpc:localhost:41201|admin:localhost:41487|client:localhost:41547|dataStream:localhost:43565|priority:0|startupRole:FOLLOWER] returns group-29DD907A7165:java.util.concurrent.CompletableFuture@4e7b1e3a[Not completed]
2022-11-01 02:15:09,280 [Time-limited test] INFO  impl.MiniRaftCluster (MiniRaftCluster.java:newRaftServer(382)) - newRaftServer: s0, group-29DD907A7165:[s3|rpc:localhost:46863|admin:localhost:41281|client:localhost:41041|dataStream:localhost:44363|priority:0|startupRole:FOLLOWER, s4|rpc:localhost:36775|admin:localhost:35477|client:localhost:46475|dataStream:localhost:42557|priority:0|startupRole:FOLLOWER, s0|rpc:localhost:33119|admin:localhost:42011|client:localhost:45597|dataStream:localhost:34507|priority:0|startupRole:FOLLOWER, s1|rpc:localhost:43051|admin:localhost:41551|client:localhost:45233|dataStream:localhost:41779|priority:0|startupRole:FOLLOWER, s2|rpc:localhost:41201|admin:localhost:41487|client:localhost:41547|dataStream:localhost:43565|priority:0|startupRole:FOLLOWER], format? true
2022-11-01 02:15:09,280 [Time-limited test] TRACE util.FileUtils (FileUtils.java:deleteFully(170)) - deleteFully target/test/data/19a9d697/MiniRaftClusterWithGrpc3f893bf6/s0
2022-11-01 02:15:09,281 [Time-limited test] TRACE util.FileUtils (FileUtils.java:deleteFully(186)) - deleteFully: target/test/data/19a9d697/MiniRaftClusterWithGrpc3f893bf6/s0 does not exist.
2022-11-01 02:15:09,281 [Time-limited test] INFO  impl.MiniRaftCluster (MiniRaftCluster.java:newRaftServer(387)) - Formatted directory target/test/data/19a9d697/MiniRaftClusterWithGrpc3f893bf6/s0
2022-11-01 02:15:09,281 [Time-limited test] INFO  server.RaftServer (ConfUtils.java:logGet(46)) - raft.rpc.type = GRPC (default)
2022-11-01 02:15:09,282 [Time-limited test] INFO  grpc.GrpcConfigKeys (ConfUtils.java:logFallback(53)) - raft.grpc.admin.host = null (fallback to raft.grpc.server.host)
2022-11-01 02:15:09,282 [Time-limited test] INFO  grpc.GrpcConfigKeys (ConfUtils.java:logGet(46)) - raft.grpc.admin.port = 42011 (custom)
2022-11-01 02:15:09,282 [Time-limited test] INFO  grpc.GrpcConfigKeys (ConfUtils.java:logFallback(53)) - raft.grpc.client.host = null (fallback to raft.grpc.server.host)
2022-11-01 02:15:09,282 [Time-limited test] INFO  grpc.GrpcConfigKeys (ConfUtils.java:logGet(46)) - raft.grpc.client.port = 45597 (custom)
2022-11-01 02:15:09,283 [Time-limited test] INFO  grpc.GrpcConfigKeys (ConfUtils.java:logGet(46)) - raft.grpc.server.host = null (default)
2022-11-01 02:15:09,283 [Time-limited test] INFO  grpc.GrpcConfigKeys (ConfUtils.java:logGet(46)) - raft.grpc.server.port = 33119 (custom)
2022-11-01 02:15:09,283 [Time-limited test] INFO  server.GrpcService (ConfUtils.java:logGet(46)) - raft.grpc.message.size.max = 64MB (=67108864) (default)
2022-11-01 02:15:09,283 [Time-limited test] INFO  server.RaftServerConfigKeys (ConfUtils.java:logGet(46)) - raft.server.log.appender.buffer.byte-limit = 4MB (=4194304) (default)
2022-11-01 02:15:09,283 [Time-limited test] INFO  server.GrpcService (ConfUtils.java:logGet(46)) - raft.grpc.flow.control.window = 1MB (=1048576) (default)
2022-11-01 02:15:09,284 [Time-limited test] INFO  server.RaftServerConfigKeys (ConfUtils.java:logGet(46)) - raft.server.rpc.request.timeout = 3000ms (default)
2022-11-01 02:15:09,284 [Time-limited test] INFO  grpc.GrpcConfigKeys (ConfUtils.java:logGet(46)) - raft.grpc.server.heartbeat.channel = true (default)
2022-11-01 02:15:09,284 [Time-limited test] INFO  grpc.GrpcConfigKeys (ConfUtils.java:logGet(46)) - raft.grpc.server.async.request.thread.pool.cached = true (default)
2022-11-01 02:15:09,289 [pool-1-thread-1] INFO  server.RaftServerConfigKeys (ConfUtils.java:logGet(46)) - raft.server.rpc.timeout.min = 150ms (default)
2022-11-01 02:15:09,290 [pool-1-thread-1] INFO  server.RaftServerConfigKeys (ConfUtils.java:logGet(46)) - raft.server.rpc.timeout.max = 300ms (default)
2022-11-01 02:15:09,290 [pool-1-thread-1] INFO  server.RaftServerConfigKeys (ConfUtils.java:logGet(46)) - raft.server.rpc.sleep.time = 25ms (default)
2022-11-01 02:15:09,290 [pool-1-thread-1] INFO  server.RaftServerConfigKeys (ConfUtils.java:logGet(46)) - raft.server.rpc.slowness.timeout = 60s (default)
2022-11-01 02:15:09,290 [pool-1-thread-1] INFO  server.RaftServerConfigKeys (ConfUtils.java:logGet(46)) - raft.server.leaderelection.leader.step-down.wait-time = 10s (default)
2022-11-01 02:15:09,291 [pool-1-thread-1] INFO  server.RaftServerConfigKeys (ConfUtils.java:logGet(46)) - raft.server.sleep.deviation.threshold = 300ms (default)
2022-11-01 02:15:09,298 [Time-limited test] INFO  grpc.GrpcConfigKeys (ConfUtils.java:logGet(46)) - raft.grpc.server.async.request.thread.pool.size = 32 (default)
2022-11-01 02:15:09,301 [Time-limited test] INFO  impl.DataStreamServerImpl (ConfUtils.java:logGet(46)) - raft.datastream.type = DISABLED (default)
2022-11-01 02:15:09,301 [Time-limited test] INFO  server.RaftServerConfigKeys (ConfUtils.java:logGet(46)) - raft.server.threadpool.proxy.cached = true (default)
2022-11-01 02:15:09,302 [Time-limited test] INFO  server.RaftServerConfigKeys (ConfUtils.java:logGet(46)) - raft.server.threadpool.proxy.size = 0 (default)
2022-11-01 02:15:09,302 [Time-limited test] INFO  server.RaftServerConfigKeys (ConfUtils.java:logGet(46)) - raft.server.rpc.slowness.timeout = 60s (default)
2022-11-01 02:15:09,302 [Time-limited test] INFO  server.RaftServerConfigKeys (ConfUtils.java:logGet(46)) - raft.server.leaderelection.leader.step-down.wait-time = 10s (default)
2022-11-01 02:15:09,303 [pool-1-thread-1] INFO  server.RaftServer$Division (ServerState.java:<init>(113)) - s3@group-29DD907A7165: ConfigurationManager, init=-1: peers:[s3|rpc:localhost:46863|admin:localhost:41281|client:localhost:41041|dataStream:localhost:44363|priority:0|startupRole:FOLLOWER, s4|rpc:localhost:36775|admin:localhost:35477|client:localhost:46475|dataStream:localhost:42557|priority:0|startupRole:FOLLOWER, s0|rpc:localhost:33119|admin:localhost:42011|client:localhost:45597|dataStream:localhost:34507|priority:0|startupRole:FOLLOWER, s1|rpc:localhost:43051|admin:localhost:41551|client:localhost:45233|dataStream:localhost:41779|priority:0|startupRole:FOLLOWER, s2|rpc:localhost:41201|admin:localhost:41487|client:localhost:41547|dataStream:localhost:43565|priority:0|startupRole:FOLLOWER]|listeners:[], old=null, confs=<EMPTY_MAP>
2022-11-01 02:15:09,298 [pool-2-thread-1] INFO  server.RaftServer$Division (RaftServerImpl.java:<init>(198)) - s4: new RaftServerImpl for group-29DD907A7165:[s3|rpc:localhost:46863|admin:localhost:41281|client:localhost:41041|dataStream:localhost:44363|priority:0|startupRole:FOLLOWER, s4|rpc:localhost:36775|admin:localhost:35477|client:localhost:46475|dataStream:localhost:42557|priority:0|startupRole:FOLLOWER, s0|rpc:localhost:33119|admin:localhost:42011|client:localhost:45597|dataStream:localhost:34507|priority:0|startupRole:FOLLOWER, s1|rpc:localhost:43051|admin:localhost:41551|client:localhost:45233|dataStream:localhost:41779|priority:0|startupRole:FOLLOWER, s2|rpc:localhost:41201|admin:localhost:41487|client:localhost:41547|dataStream:localhost:43565|priority:0|startupRole:FOLLOWER] with BaseStateMachine:uninitialized
2022-11-01 02:15:09,305 [pool-2-thread-1] INFO  server.RaftServerConfigKeys (ConfUtils.java:logGet(46)) - raft.server.rpc.timeout.min = 150ms (default)
2022-11-01 02:15:09,305 [pool-2-thread-1] INFO  server.RaftServerConfigKeys (ConfUtils.java:logGet(46)) - raft.server.rpc.timeout.max = 300ms (default)
2022-11-01 02:15:09,306 [pool-2-thread-1] INFO  server.RaftServerConfigKeys (ConfUtils.java:logGet(46)) - raft.server.rpc.sleep.time = 25ms (default)
2022-11-01 02:15:09,307 [pool-2-thread-1] INFO  server.RaftServerConfigKeys (ConfUtils.java:logGet(46)) - raft.server.rpc.slowness.timeout = 60s (default)
2022-11-01 02:15:09,308 [pool-2-thread-1] INFO  server.RaftServerConfigKeys (ConfUtils.java:logGet(46)) - raft.server.leaderelection.leader.step-down.wait-time = 10s (default)
2022-11-01 02:15:09,310 [pool-2-thread-1] INFO  server.RaftServerConfigKeys (ConfUtils.java:logGet(46)) - raft.server.sleep.deviation.threshold = 300ms (default)
2022-11-01 02:15:09,311 [pool-2-thread-1] INFO  server.RaftServer$Division (ServerState.java:<init>(113)) - s4@group-29DD907A7165: ConfigurationManager, init=-1: peers:[s3|rpc:localhost:46863|admin:localhost:41281|client:localhost:41041|dataStream:localhost:44363|priority:0|startupRole:FOLLOWER, s4|rpc:localhost:36775|admin:localhost:35477|client:localhost:46475|dataStream:localhost:42557|priority:0|startupRole:FOLLOWER, s0|rpc:localhost:33119|admin:localhost:42011|client:localhost:45597|dataStream:localhost:34507|priority:0|startupRole:FOLLOWER, s1|rpc:localhost:43051|admin:localhost:41551|client:localhost:45233|dataStream:localhost:41779|priority:0|startupRole:FOLLOWER, s2|rpc:localhost:41201|admin:localhost:41487|client:localhost:41547|dataStream:localhost:43565|priority:0|startupRole:FOLLOWER]|listeners:[], old=null, confs=<EMPTY_MAP>
2022-11-01 02:15:09,311 [Time-limited test] INFO  server.RaftServerConfigKeys (ConfUtils.java:logGet(46)) - raft.server.storage.dir = [/home/runner/work/ratis/ratis/ratis-test/target/test/data/19a9d697/MiniRaftClusterWithGrpc3f893bf6/s0] (custom)
2022-11-01 02:15:09,319 [pool-1-thread-1] INFO  server.RaftServerConfigKeys (ConfUtils.java:logGet(46)) - raft.server.notification.no-leader.timeout = 60s (default)
2022-11-01 02:15:09,322 [Time-limited test] INFO  server.RaftServer (RaftServerProxy.java:addNew(99)) - s0: addNew group-29DD907A7165:[s3|rpc:localhost:46863|admin:localhost:41281|client:localhost:41041|dataStream:localhost:44363|priority:0|startupRole:FOLLOWER, s4|rpc:localhost:36775|admin:localhost:35477|client:localhost:46475|dataStream:localhost:42557|priority:0|startupRole:FOLLOWER, s0|rpc:localhost:33119|admin:localhost:42011|client:localhost:45597|dataStream:localhost:34507|priority:0|startupRole:FOLLOWER, s1|rpc:localhost:43051|admin:localhost:41551|client:localhost:45233|dataStream:localhost:41779|priority:0|startupRole:FOLLOWER, s2|rpc:localhost:41201|admin:localhost:41487|client:localhost:41547|dataStream:localhost:43565|priority:0|startupRole:FOLLOWER] returns group-29DD907A7165:java.util.concurrent.CompletableFuture@29b80d7[Not completed]
2022-11-01 02:15:09,324 [Time-limited test] INFO  impl.MiniRaftCluster (MiniRaftCluster.java:newRaftServer(382)) - newRaftServer: s1, group-29DD907A7165:[s3|rpc:localhost:46863|admin:localhost:41281|client:localhost:41041|dataStream:localhost:44363|priority:0|startupRole:FOLLOWER, s4|rpc:localhost:36775|admin:localhost:35477|client:localhost:46475|dataStream:localhost:42557|priority:0|startupRole:FOLLOWER, s0|rpc:localhost:33119|admin:localhost:42011|client:localhost:45597|dataStream:localhost:34507|priority:0|startupRole:FOLLOWER, s1|rpc:localhost:43051|admin:localhost:41551|client:localhost:45233|dataStream:localhost:41779|priority:0|startupRole:FOLLOWER, s2|rpc:localhost:41201|admin:localhost:41487|client:localhost:41547|dataStream:localhost:43565|priority:0|startupRole:FOLLOWER], format? true
2022-11-01 02:15:09,324 [Time-limited test] TRACE util.FileUtils (FileUtils.java:deleteFully(170)) - deleteFully target/test/data/19a9d697/MiniRaftClusterWithGrpc3f893bf6/s1
2022-11-01 02:15:09,324 [Time-limited test] TRACE util.FileUtils (FileUtils.java:deleteFully(186)) - deleteFully: target/test/data/19a9d697/MiniRaftClusterWithGrpc3f893bf6/s1 does not exist.
2022-11-01 02:15:09,325 [Time-limited test] INFO  impl.MiniRaftCluster (MiniRaftCluster.java:newRaftServer(387)) - Formatted directory target/test/data/19a9d697/MiniRaftClusterWithGrpc3f893bf6/s1
2022-11-01 02:15:09,325 [Time-limited test] INFO  server.RaftServer (ConfUtils.java:logGet(46)) - raft.rpc.type = GRPC (default)
2022-11-01 02:15:09,326 [Time-limited test] INFO  grpc.GrpcConfigKeys (ConfUtils.java:logFallback(53)) - raft.grpc.admin.host = null (fallback to raft.grpc.server.host)
2022-11-01 02:15:09,328 [Time-limited test] INFO  grpc.GrpcConfigKeys (ConfUtils.java:logGet(46)) - raft.grpc.admin.port = 41551 (custom)
2022-11-01 02:15:09,328 [Time-limited test] INFO  grpc.GrpcConfigKeys (ConfUtils.java:logFallback(53)) - raft.grpc.client.host = null (fallback to raft.grpc.server.host)
2022-11-01 02:15:09,329 [Time-limited test] INFO  grpc.GrpcConfigKeys (ConfUtils.java:logGet(46)) - raft.grpc.client.port = 45233 (custom)
2022-11-01 02:15:09,329 [Time-limited test] INFO  grpc.GrpcConfigKeys (ConfUtils.java:logGet(46)) - raft.grpc.server.host = null (default)
2022-11-01 02:15:09,329 [Time-limited test] INFO  grpc.GrpcConfigKeys (ConfUtils.java:logGet(46)) - raft.grpc.server.port = 43051 (custom)
2022-11-01 02:15:09,329 [Time-limited test] INFO  server.GrpcService (ConfUtils.java:logGet(46)) - raft.grpc.message.size.max = 64MB (=67108864) (default)
2022-11-01 02:15:09,329 [Time-limited test] INFO  server.RaftServerConfigKeys (ConfUtils.java:logGet(46)) - raft.server.log.appender.buffer.byte-limit = 4MB (=4194304) (default)
2022-11-01 02:15:09,330 [Time-limited test] INFO  server.GrpcService (ConfUtils.java:logGet(46)) - raft.grpc.flow.control.window = 1MB (=1048576) (default)
2022-11-01 02:15:09,330 [Time-limited test] INFO  server.RaftServerConfigKeys (ConfUtils.java:logGet(46)) - raft.server.rpc.request.timeout = 3000ms (default)
2022-11-01 02:15:09,322 [pool-2-thread-1] INFO  server.RaftServerConfigKeys (ConfUtils.java:logGet(46)) - raft.server.notification.no-leader.timeout = 60s (default)
2022-11-01 02:15:09,337 [pool-1-thread-1] INFO  server.RaftServerConfigKeys (ConfUtils.java:logGet(46)) - raft.server.read.timeout = 10s (default)
2022-11-01 02:15:09,325 [pool-3-thread-1] INFO  server.RaftServer$Division (RaftServerImpl.java:<init>(198)) - s0: new RaftServerImpl for group-29DD907A7165:[s3|rpc:localhost:46863|admin:localhost:41281|client:localhost:41041|dataStream:localhost:44363|priority:0|startupRole:FOLLOWER, s4|rpc:localhost:36775|admin:localhost:35477|client:localhost:46475|dataStream:localhost:42557|priority:0|startupRole:FOLLOWER, s0|rpc:localhost:33119|admin:localhost:42011|client:localhost:45597|dataStream:localhost:34507|priority:0|startupRole:FOLLOWER, s1|rpc:localhost:43051|admin:localhost:41551|client:localhost:45233|dataStream:localhost:41779|priority:0|startupRole:FOLLOWER, s2|rpc:localhost:41201|admin:localhost:41487|client:localhost:41547|dataStream:localhost:43565|priority:0|startupRole:FOLLOWER] with BaseStateMachine:uninitialized
2022-11-01 02:15:09,347 [pool-2-thread-1] INFO  server.RaftServerConfigKeys (ConfUtils.java:logGet(46)) - raft.server.read.timeout = 10s (default)
2022-11-01 02:15:09,348 [pool-3-thread-1] INFO  server.RaftServerConfigKeys (ConfUtils.java:logGet(46)) - raft.server.rpc.timeout.min = 150ms (default)
2022-11-01 02:15:09,354 [pool-3-thread-1] INFO  server.RaftServerConfigKeys (ConfUtils.java:logGet(46)) - raft.server.rpc.timeout.max = 300ms (default)
2022-11-01 02:15:09,354 [pool-3-thread-1] INFO  server.RaftServerConfigKeys (ConfUtils.java:logGet(46)) - raft.server.rpc.sleep.time = 25ms (default)
2022-11-01 02:15:09,354 [pool-3-thread-1] INFO  server.RaftServerConfigKeys (ConfUtils.java:logGet(46)) - raft.server.rpc.slowness.timeout = 60s (default)
2022-11-01 02:15:09,354 [pool-3-thread-1] INFO  server.RaftServerConfigKeys (ConfUtils.java:logGet(46)) - raft.server.leaderelection.leader.step-down.wait-time = 10s (default)
2022-11-01 02:15:09,354 [pool-3-thread-1] INFO  server.RaftServerConfigKeys (ConfUtils.java:logGet(46)) - raft.server.sleep.deviation.threshold = 300ms (default)
2022-11-01 02:15:09,354 [pool-3-thread-1] INFO  server.RaftServer$Division (ServerState.java:<init>(113)) - s0@group-29DD907A7165: ConfigurationManager, init=-1: peers:[s3|rpc:localhost:46863|admin:localhost:41281|client:localhost:41041|dataStream:localhost:44363|priority:0|startupRole:FOLLOWER, s4|rpc:localhost:36775|admin:localhost:35477|client:localhost:46475|dataStream:localhost:42557|priority:0|startupRole:FOLLOWER, s0|rpc:localhost:33119|admin:localhost:42011|client:localhost:45597|dataStream:localhost:34507|priority:0|startupRole:FOLLOWER, s1|rpc:localhost:43051|admin:localhost:41551|client:localhost:45233|dataStream:localhost:41779|priority:0|startupRole:FOLLOWER, s2|rpc:localhost:41201|admin:localhost:41487|client:localhost:41547|dataStream:localhost:43565|priority:0|startupRole:FOLLOWER]|listeners:[], old=null, confs=<EMPTY_MAP>
2022-11-01 02:15:09,355 [pool-3-thread-1] INFO  server.RaftServerConfigKeys (ConfUtils.java:logGet(46)) - raft.server.notification.no-leader.timeout = 60s (default)
2022-11-01 02:15:09,355 [pool-3-thread-1] INFO  server.RaftServerConfigKeys (ConfUtils.java:logGet(46)) - raft.server.read.timeout = 10s (default)
2022-11-01 02:15:09,355 [pool-3-thread-1] INFO  server.RaftServerConfigKeys (ConfUtils.java:logGet(46)) - raft.server.retrycache.expirytime = 60s (default)
2022-11-01 02:15:09,355 [pool-3-thread-1] INFO  server.RaftServerConfigKeys (ConfUtils.java:logGet(46)) - raft.server.retrycache.statistics.expirytime = 100μs (default)
2022-11-01 02:15:09,353 [pool-1-thread-1] INFO  server.RaftServerConfigKeys (ConfUtils.java:logGet(46)) - raft.server.retrycache.expirytime = 60s (default)
2022-11-01 02:15:09,353 [pool-2-thread-1] INFO  server.RaftServerConfigKeys (ConfUtils.java:logGet(46)) - raft.server.retrycache.expirytime = 60s (default)
2022-11-01 02:15:09,359 [pool-2-thread-1] INFO  server.RaftServerConfigKeys (ConfUtils.java:logGet(46)) - raft.server.retrycache.statistics.expirytime = 100μs (default)
2022-11-01 02:15:09,350 [Time-limited test] INFO  grpc.GrpcConfigKeys (ConfUtils.java:logGet(46)) - raft.grpc.server.heartbeat.channel = true (default)
2022-11-01 02:15:09,359 [Time-limited test] INFO  grpc.GrpcConfigKeys (ConfUtils.java:logGet(46)) - raft.grpc.server.async.request.thread.pool.cached = true (default)
2022-11-01 02:15:09,359 [Time-limited test] INFO  grpc.GrpcConfigKeys (ConfUtils.java:logGet(46)) - raft.grpc.server.async.request.thread.pool.size = 32 (default)
2022-11-01 02:15:09,362 [Time-limited test] INFO  impl.DataStreamServerImpl (ConfUtils.java:logGet(46)) - raft.datastream.type = DISABLED (default)
2022-11-01 02:15:09,362 [Time-limited test] INFO  server.RaftServerConfigKeys (ConfUtils.java:logGet(46)) - raft.server.threadpool.proxy.cached = true (default)
2022-11-01 02:15:09,362 [Time-limited test] INFO  server.RaftServerConfigKeys (ConfUtils.java:logGet(46)) - raft.server.threadpool.proxy.size = 0 (default)
2022-11-01 02:15:09,362 [Time-limited test] INFO  server.RaftServerConfigKeys (ConfUtils.java:logGet(46)) - raft.server.rpc.slowness.timeout = 60s (default)
2022-11-01 02:15:09,363 [Time-limited test] INFO  server.RaftServerConfigKeys (ConfUtils.java:logGet(46)) - raft.server.leaderelection.leader.step-down.wait-time = 10s (default)
2022-11-01 02:15:09,363 [Time-limited test] INFO  server.RaftServerConfigKeys (ConfUtils.java:logGet(46)) - raft.server.storage.dir = [/home/runner/work/ratis/ratis/ratis-test/target/test/data/19a9d697/MiniRaftClusterWithGrpc3f893bf6/s1] (custom)
2022-11-01 02:15:09,363 [pool-1-thread-1] INFO  server.RaftServerConfigKeys (ConfUtils.java:logGet(46)) - raft.server.retrycache.statistics.expirytime = 100μs (default)
2022-11-01 02:15:09,374 [Time-limited test] INFO  server.RaftServer (RaftServerProxy.java:addNew(99)) - s1: addNew group-29DD907A7165:[s3|rpc:localhost:46863|admin:localhost:41281|client:localhost:41041|dataStream:localhost:44363|priority:0|startupRole:FOLLOWER, s4|rpc:localhost:36775|admin:localhost:35477|client:localhost:46475|dataStream:localhost:42557|priority:0|startupRole:FOLLOWER, s0|rpc:localhost:33119|admin:localhost:42011|client:localhost:45597|dataStream:localhost:34507|priority:0|startupRole:FOLLOWER, s1|rpc:localhost:43051|admin:localhost:41551|client:localhost:45233|dataStream:localhost:41779|priority:0|startupRole:FOLLOWER, s2|rpc:localhost:41201|admin:localhost:41487|client:localhost:41547|dataStream:localhost:43565|priority:0|startupRole:FOLLOWER] returns group-29DD907A7165:java.util.concurrent.CompletableFuture@28efa132[Not completed]
2022-11-01 02:15:09,374 [Time-limited test] INFO  impl.MiniRaftCluster (MiniRaftCluster.java:newRaftServer(382)) - newRaftServer: s2, group-29DD907A7165:[s3|rpc:localhost:46863|admin:localhost:41281|client:localhost:41041|dataStream:localhost:44363|priority:0|startupRole:FOLLOWER, s4|rpc:localhost:36775|admin:localhost:35477|client:localhost:46475|dataStream:localhost:42557|priority:0|startupRole:FOLLOWER, s0|rpc:localhost:33119|admin:localhost:42011|client:localhost:45597|dataStream:localhost:34507|priority:0|startupRole:FOLLOWER, s1|rpc:localhost:43051|admin:localhost:41551|client:localhost:45233|dataStream:localhost:41779|priority:0|startupRole:FOLLOWER, s2|rpc:localhost:41201|admin:localhost:41487|client:localhost:41547|dataStream:localhost:43565|priority:0|startupRole:FOLLOWER], format? true
2022-11-01 02:15:09,374 [Time-limited test] TRACE util.FileUtils (FileUtils.java:deleteFully(170)) - deleteFully target/test/data/19a9d697/MiniRaftClusterWithGrpc3f893bf6/s2
2022-11-01 02:15:09,375 [Time-limited test] TRACE util.FileUtils (FileUtils.java:deleteFully(186)) - deleteFully: target/test/data/19a9d697/MiniRaftClusterWithGrpc3f893bf6/s2 does not exist.
2022-11-01 02:15:09,375 [Time-limited test] INFO  impl.MiniRaftCluster (MiniRaftCluster.java:newRaftServer(387)) - Formatted directory target/test/data/19a9d697/MiniRaftClusterWithGrpc3f893bf6/s2
2022-11-01 02:15:09,375 [Time-limited test] INFO  server.RaftServer (ConfUtils.java:logGet(46)) - raft.rpc.type = GRPC (default)
2022-11-01 02:15:09,375 [Time-limited test] INFO  grpc.GrpcConfigKeys (ConfUtils.java:logFallback(53)) - raft.grpc.admin.host = null (fallback to raft.grpc.server.host)
2022-11-01 02:15:09,376 [Time-limited test] INFO  grpc.GrpcConfigKeys (ConfUtils.java:logGet(46)) - raft.grpc.admin.port = 41487 (custom)
2022-11-01 02:15:09,376 [Time-limited test] INFO  grpc.GrpcConfigKeys (ConfUtils.java:logFallback(53)) - raft.grpc.client.host = null (fallback to raft.grpc.server.host)
2022-11-01 02:15:09,376 [Time-limited test] INFO  grpc.GrpcConfigKeys (ConfUtils.java:logGet(46)) - raft.grpc.client.port = 41547 (custom)
2022-11-01 02:15:09,376 [Time-limited test] INFO  grpc.GrpcConfigKeys (ConfUtils.java:logGet(46)) - raft.grpc.server.host = null (default)
2022-11-01 02:15:09,376 [Time-limited test] INFO  grpc.GrpcConfigKeys (ConfUtils.java:logGet(46)) - raft.grpc.server.port = 41201 (custom)
2022-11-01 02:15:09,376 [Time-limited test] INFO  server.GrpcService (ConfUtils.java:logGet(46)) - raft.grpc.message.size.max = 64MB (=67108864) (default)
2022-11-01 02:15:09,377 [Time-limited test] INFO  server.RaftServerConfigKeys (ConfUtils.java:logGet(46)) - raft.server.log.appender.buffer.byte-limit = 4MB (=4194304) (default)
2022-11-01 02:15:09,377 [Time-limited test] INFO  server.GrpcService (ConfUtils.java:logGet(46)) - raft.grpc.flow.control.window = 1MB (=1048576) (default)
2022-11-01 02:15:09,377 [Time-limited test] INFO  server.RaftServerConfigKeys (ConfUtils.java:logGet(46)) - raft.server.rpc.request.timeout = 3000ms (default)
2022-11-01 02:15:09,377 [Time-limited test] INFO  grpc.GrpcConfigKeys (ConfUtils.java:logGet(46)) - raft.grpc.server.heartbeat.channel = true (default)
2022-11-01 02:15:09,378 [Time-limited test] INFO  grpc.GrpcConfigKeys (ConfUtils.java:logGet(46)) - raft.grpc.server.async.request.thread.pool.cached = true (default)
2022-11-01 02:15:09,378 [Time-limited test] INFO  grpc.GrpcConfigKeys (ConfUtils.java:logGet(46)) - raft.grpc.server.async.request.thread.pool.size = 32 (default)
2022-11-01 02:15:09,380 [Time-limited test] INFO  impl.DataStreamServerImpl (ConfUtils.java:logGet(46)) - raft.datastream.type = DISABLED (default)
2022-11-01 02:15:09,380 [Time-limited test] INFO  server.RaftServerConfigKeys (ConfUtils.java:logGet(46)) - raft.server.threadpool.proxy.cached = true (default)
2022-11-01 02:15:09,381 [Time-limited test] INFO  server.RaftServerConfigKeys (ConfUtils.java:logGet(46)) - raft.server.threadpool.proxy.size = 0 (default)
2022-11-01 02:15:09,381 [Time-limited test] INFO  server.RaftServerConfigKeys (ConfUtils.java:logGet(46)) - raft.server.rpc.slowness.timeout = 60s (default)
2022-11-01 02:15:09,381 [Time-limited test] INFO  server.RaftServerConfigKeys (ConfUtils.java:logGet(46)) - raft.server.leaderelection.leader.step-down.wait-time = 10s (default)
2022-11-01 02:15:09,381 [Time-limited test] INFO  server.RaftServerConfigKeys (ConfUtils.java:logGet(46)) - raft.server.storage.dir = [/home/runner/work/ratis/ratis/ratis-test/target/test/data/19a9d697/MiniRaftClusterWithGrpc3f893bf6/s2] (custom)
2022-11-01 02:15:09,380 [pool-4-thread-1] INFO  server.RaftServer$Division (RaftServerImpl.java:<init>(198)) - s1: new RaftServerImpl for group-29DD907A7165:[s3|rpc:localhost:46863|admin:localhost:41281|client:localhost:41041|dataStream:localhost:44363|priority:0|startupRole:FOLLOWER, s4|rpc:localhost:36775|admin:localhost:35477|client:localhost:46475|dataStream:localhost:42557|priority:0|startupRole:FOLLOWER, s0|rpc:localhost:33119|admin:localhost:42011|client:localhost:45597|dataStream:localhost:34507|priority:0|startupRole:FOLLOWER, s1|rpc:localhost:43051|admin:localhost:41551|client:localhost:45233|dataStream:localhost:41779|priority:0|startupRole:FOLLOWER, s2|rpc:localhost:41201|admin:localhost:41487|client:localhost:41547|dataStream:localhost:43565|priority:0|startupRole:FOLLOWER] with BaseStateMachine:uninitialized
2022-11-01 02:15:09,385 [pool-4-thread-1] INFO  server.RaftServerConfigKeys (ConfUtils.java:logGet(46)) - raft.server.rpc.timeout.min = 150ms (default)
2022-11-01 02:15:09,385 [pool-4-thread-1] INFO  server.RaftServerConfigKeys (ConfUtils.java:logGet(46)) - raft.server.rpc.timeout.max = 300ms (default)
2022-11-01 02:15:09,386 [pool-4-thread-1] INFO  server.RaftServerConfigKeys (ConfUtils.java:logGet(46)) - raft.server.rpc.sleep.time = 25ms (default)
2022-11-01 02:15:09,386 [pool-4-thread-1] INFO  server.RaftServerConfigKeys (ConfUtils.java:logGet(46)) - raft.server.rpc.slowness.timeout = 60s (default)
2022-11-01 02:15:09,386 [pool-4-thread-1] INFO  server.RaftServerConfigKeys (ConfUtils.java:logGet(46)) - raft.server.leaderelection.leader.step-down.wait-time = 10s (default)
2022-11-01 02:15:09,386 [pool-4-thread-1] INFO  server.RaftServerConfigKeys (ConfUtils.java:logGet(46)) - raft.server.sleep.deviation.threshold = 300ms (default)
2022-11-01 02:15:09,386 [pool-4-thread-1] INFO  server.RaftServer$Division (ServerState.java:<init>(113)) - s1@group-29DD907A7165: ConfigurationManager, init=-1: peers:[s3|rpc:localhost:46863|admin:localhost:41281|client:localhost:41041|dataStream:localhost:44363|priority:0|startupRole:FOLLOWER, s4|rpc:localhost:36775|admin:localhost:35477|client:localhost:46475|dataStream:localhost:42557|priority:0|startupRole:FOLLOWER, s0|rpc:localhost:33119|admin:localhost:42011|client:localhost:45597|dataStream:localhost:34507|priority:0|startupRole:FOLLOWER, s1|rpc:localhost:43051|admin:localhost:41551|client:localhost:45233|dataStream:localhost:41779|priority:0|startupRole:FOLLOWER, s2|rpc:localhost:41201|admin:localhost:41487|client:localhost:41547|dataStream:localhost:43565|priority:0|startupRole:FOLLOWER]|listeners:[], old=null, confs=<EMPTY_MAP>
2022-11-01 02:15:09,386 [pool-4-thread-1] INFO  server.RaftServerConfigKeys (ConfUtils.java:logGet(46)) - raft.server.notification.no-leader.timeout = 60s (default)
2022-11-01 02:15:09,386 [pool-4-thread-1] INFO  server.RaftServerConfigKeys (ConfUtils.java:logGet(46)) - raft.server.read.timeout = 10s (default)
2022-11-01 02:15:09,387 [pool-4-thread-1] INFO  server.RaftServerConfigKeys (ConfUtils.java:logGet(46)) - raft.server.retrycache.expirytime = 60s (default)
2022-11-01 02:15:09,387 [pool-4-thread-1] INFO  server.RaftServerConfigKeys (ConfUtils.java:logGet(46)) - raft.server.retrycache.statistics.expirytime = 100μs (default)
2022-11-01 02:15:09,394 [Time-limited test] INFO  server.RaftServer (RaftServerProxy.java:addNew(99)) - s2: addNew group-29DD907A7165:[s3|rpc:localhost:46863|admin:localhost:41281|client:localhost:41041|dataStream:localhost:44363|priority:0|startupRole:FOLLOWER, s4|rpc:localhost:36775|admin:localhost:35477|client:localhost:46475|dataStream:localhost:42557|priority:0|startupRole:FOLLOWER, s0|rpc:localhost:33119|admin:localhost:42011|client:localhost:45597|dataStream:localhost:34507|priority:0|startupRole:FOLLOWER, s1|rpc:localhost:43051|admin:localhost:41551|client:localhost:45233|dataStream:localhost:41779|priority:0|startupRole:FOLLOWER, s2|rpc:localhost:41201|admin:localhost:41487|client:localhost:41547|dataStream:localhost:43565|priority:0|startupRole:FOLLOWER] returns group-29DD907A7165:java.util.concurrent.CompletableFuture@500ed5fe[Not completed]
2022-11-01 02:15:09,398 [pool-5-thread-1] INFO  server.RaftServer$Division (RaftServerImpl.java:<init>(198)) - s2: new RaftServerImpl for group-29DD907A7165:[s3|rpc:localhost:46863|admin:localhost:41281|client:localhost:41041|dataStream:localhost:44363|priority:0|startupRole:FOLLOWER, s4|rpc:localhost:36775|admin:localhost:35477|client:localhost:46475|dataStream:localhost:42557|priority:0|startupRole:FOLLOWER, s0|rpc:localhost:33119|admin:localhost:42011|client:localhost:45597|dataStream:localhost:34507|priority:0|startupRole:FOLLOWER, s1|rpc:localhost:43051|admin:localhost:41551|client:localhost:45233|dataStream:localhost:41779|priority:0|startupRole:FOLLOWER, s2|rpc:localhost:41201|admin:localhost:41487|client:localhost:41547|dataStream:localhost:43565|priority:0|startupRole:FOLLOWER] with BaseStateMachine:uninitialized
2022-11-01 02:15:09,398 [pool-5-thread-1] INFO  server.RaftServerConfigKeys (ConfUtils.java:logGet(46)) - raft.server.rpc.timeout.min = 150ms (default)
2022-11-01 02:15:09,398 [pool-5-thread-1] INFO  server.RaftServerConfigKeys (ConfUtils.java:logGet(46)) - raft.server.rpc.timeout.max = 300ms (default)
2022-11-01 02:15:09,399 [pool-5-thread-1] INFO  server.RaftServerConfigKeys (ConfUtils.java:logGet(46)) - raft.server.rpc.sleep.time = 25ms (default)
2022-11-01 02:15:09,399 [pool-5-thread-1] INFO  server.RaftServerConfigKeys (ConfUtils.java:logGet(46)) - raft.server.rpc.slowness.timeout = 60s (default)
2022-11-01 02:15:09,399 [pool-5-thread-1] INFO  server.RaftServerConfigKeys (ConfUtils.java:logGet(46)) - raft.server.leaderelection.leader.step-down.wait-time = 10s (default)
2022-11-01 02:15:09,399 [pool-5-thread-1] INFO  server.RaftServerConfigKeys (ConfUtils.java:logGet(46)) - raft.server.sleep.deviation.threshold = 300ms (default)
2022-11-01 02:15:09,400 [pool-5-thread-1] INFO  server.RaftServer$Division (ServerState.java:<init>(113)) - s2@group-29DD907A7165: ConfigurationManager, init=-1: peers:[s3|rpc:localhost:46863|admin:localhost:41281|client:localhost:41041|dataStream:localhost:44363|priority:0|startupRole:FOLLOWER, s4|rpc:localhost:36775|admin:localhost:35477|client:localhost:46475|dataStream:localhost:42557|priority:0|startupRole:FOLLOWER, s0|rpc:localhost:33119|admin:localhost:42011|client:localhost:45597|dataStream:localhost:34507|priority:0|startupRole:FOLLOWER, s1|rpc:localhost:43051|admin:localhost:41551|client:localhost:45233|dataStream:localhost:41779|priority:0|startupRole:FOLLOWER, s2|rpc:localhost:41201|admin:localhost:41487|client:localhost:41547|dataStream:localhost:43565|priority:0|startupRole:FOLLOWER]|listeners:[], old=null, confs=<EMPTY_MAP>
2022-11-01 02:15:09,400 [pool-5-thread-1] INFO  server.RaftServerConfigKeys (ConfUtils.java:logGet(46)) - raft.server.notification.no-leader.timeout = 60s (default)
2022-11-01 02:15:09,400 [pool-5-thread-1] INFO  server.RaftServerConfigKeys (ConfUtils.java:logGet(46)) - raft.server.read.timeout = 10s (default)
2022-11-01 02:15:09,403 [pool-1-thread-1] INFO  server.RaftServerConfigKeys (ConfUtils.java:logGet(46)) - raft.server.read.option = DEFAULT (default)
2022-11-01 02:15:09,404 [pool-5-thread-1] INFO  server.RaftServerConfigKeys (ConfUtils.java:logGet(46)) - raft.server.retrycache.expirytime = 60s (default)
2022-11-01 02:15:09,404 [pool-5-thread-1] INFO  server.RaftServerConfigKeys (ConfUtils.java:logGet(46)) - raft.server.retrycache.statistics.expirytime = 100μs (default)
2022-11-01 02:15:09,403 [pool-2-thread-1] INFO  server.RaftServerConfigKeys (ConfUtils.java:logGet(46)) - raft.server.read.option = DEFAULT (default)
2022-11-01 02:15:09,402 [pool-3-thread-1] INFO  server.RaftServerConfigKeys (ConfUtils.java:logGet(46)) - raft.server.read.option = DEFAULT (default)
2022-11-01 02:15:09,402 [pool-4-thread-1] INFO  server.RaftServerConfigKeys (ConfUtils.java:logGet(46)) - raft.server.read.option = DEFAULT (default)
2022-11-01 02:15:09,406 [pool-5-thread-1] INFO  server.RaftServerConfigKeys (ConfUtils.java:logGet(46)) - raft.server.read.option = DEFAULT (default)
2022-11-01 02:15:09,414 [pool-1-thread-1] INFO  metrics.MetricRegistries (MetricRegistriesLoader.java:load(64)) - Loaded MetricRegistries class org.apache.ratis.metrics.impl.MetricRegistriesImpl
2022-11-01 02:15:09,626 [pool-4-thread-1] INFO  server.RaftServerConfigKeys (ConfUtils.java:logGet(46)) - raft.server.log.appender.install.snapshot.enabled = true (default)
2022-11-01 02:15:09,627 [pool-4-thread-1] INFO  server.RaftServerConfigKeys (ConfUtils.java:logGet(46)) - raft.server.threadpool.server.cached = true (default)
2022-11-01 02:15:09,627 [pool-4-thread-1] INFO  server.RaftServerConfigKeys (ConfUtils.java:logGet(46)) - raft.server.threadpool.server.size = 0 (default)
2022-11-01 02:15:09,628 [pool-4-thread-1] INFO  server.RaftServerConfigKeys (ConfUtils.java:logGet(46)) - raft.server.threadpool.client.cached = true (default)
2022-11-01 02:15:09,628 [pool-4-thread-1] INFO  server.RaftServerConfigKeys (ConfUtils.java:logGet(46)) - raft.server.threadpool.client.size = 0 (default)
2022-11-01 02:15:09,632 [pool-3-thread-1] INFO  server.RaftServerConfigKeys (ConfUtils.java:logGet(46)) - raft.server.log.appender.install.snapshot.enabled = true (default)
2022-11-01 02:15:09,632 [pool-1-thread-1] INFO  server.RaftServerConfigKeys (ConfUtils.java:logGet(46)) - raft.server.log.appender.install.snapshot.enabled = true (default)
2022-11-01 02:15:09,633 [pool-3-thread-1] INFO  server.RaftServerConfigKeys (ConfUtils.java:logGet(46)) - raft.server.threadpool.server.cached = true (default)
2022-11-01 02:15:09,633 [pool-1-thread-1] INFO  server.RaftServerConfigKeys (ConfUtils.java:logGet(46)) - raft.server.threadpool.server.cached = true (default)
2022-11-01 02:15:09,633 [pool-3-thread-1] INFO  server.RaftServerConfigKeys (ConfUtils.java:logGet(46)) - raft.server.threadpool.server.size = 0 (default)
2022-11-01 02:15:09,633 [pool-3-thread-1] INFO  server.RaftServerConfigKeys (ConfUtils.java:logGet(46)) - raft.server.threadpool.client.cached = true (default)
2022-11-01 02:15:09,633 [pool-1-thread-1] INFO  server.RaftServerConfigKeys (ConfUtils.java:logGet(46)) - raft.server.threadpool.server.size = 0 (default)
2022-11-01 02:15:09,633 [pool-2-thread-1] INFO  server.RaftServerConfigKeys (ConfUtils.java:logGet(46)) - raft.server.log.appender.install.snapshot.enabled = true (default)
2022-11-01 02:15:09,633 [pool-2-thread-1] INFO  server.RaftServerConfigKeys (ConfUtils.java:logGet(46)) - raft.server.threadpool.server.cached = true (default)
2022-11-01 02:15:09,634 [pool-2-thread-1] INFO  server.RaftServerConfigKeys (ConfUtils.java:logGet(46)) - raft.server.threadpool.server.size = 0 (default)
2022-11-01 02:15:09,634 [pool-2-thread-1] INFO  server.RaftServerConfigKeys (ConfUtils.java:logGet(46)) - raft.server.threadpool.client.cached = true (default)
2022-11-01 02:15:09,634 [pool-2-thread-1] INFO  server.RaftServerConfigKeys (ConfUtils.java:logGet(46)) - raft.server.threadpool.client.size = 0 (default)
2022-11-01 02:15:09,633 [pool-3-thread-1] INFO  server.RaftServerConfigKeys (ConfUtils.java:logGet(46)) - raft.server.threadpool.client.size = 0 (default)
2022-11-01 02:15:09,633 [pool-1-thread-1] INFO  server.RaftServerConfigKeys (ConfUtils.java:logGet(46)) - raft.server.threadpool.client.cached = true (default)
2022-11-01 02:15:09,634 [pool-1-thread-1] INFO  server.RaftServerConfigKeys (ConfUtils.java:logGet(46)) - raft.server.threadpool.client.size = 0 (default)
2022-11-01 02:15:09,636 [s3-impl-thread1] INFO  server.RaftServerConfigKeys (ConfUtils.java:logGet(46)) - raft.server.storage.free-space.min = 0MB (=0) (default)
2022-11-01 02:15:09,636 [pool-5-thread-1] INFO  server.RaftServerConfigKeys (ConfUtils.java:logGet(46)) - raft.server.log.appender.install.snapshot.enabled = true (default)
2022-11-01 02:15:09,637 [s3-impl-thread1] INFO  server.RaftServerConfigKeys (ConfUtils.java:logGet(46)) - raft.server.log.corruption.policy = EXCEPTION (default)
2022-11-01 02:15:09,639 [s3-impl-thread1] INFO  server.RaftServerConfigKeys (ConfUtils.java:logGet(46)) - raft.server.storage.dir = [/home/runner/work/ratis/ratis/ratis-test/target/test/data/19a9d697/MiniRaftClusterWithGrpc3f893bf6/s3] (custom)
2022-11-01 02:15:09,648 [pool-5-thread-1] INFO  server.RaftServerConfigKeys (ConfUtils.java:logGet(46)) - raft.server.threadpool.server.cached = true (default)
2022-11-01 02:15:09,649 [pool-5-thread-1] INFO  server.RaftServerConfigKeys (ConfUtils.java:logGet(46)) - raft.server.threadpool.server.size = 0 (default)
2022-11-01 02:15:09,649 [pool-5-thread-1] INFO  server.RaftServerConfigKeys (ConfUtils.java:logGet(46)) - raft.server.threadpool.client.cached = true (default)
2022-11-01 02:15:09,649 [pool-5-thread-1] INFO  server.RaftServerConfigKeys (ConfUtils.java:logGet(46)) - raft.server.threadpool.client.size = 0 (default)
2022-11-01 02:15:09,651 [s3-impl-thread1] INFO  storage.RaftStorageDirectory (RaftStorageDirectoryImpl.java:analyzeStorage(138)) - The storage directory /home/runner/work/ratis/ratis/ratis-test/target/test/data/19a9d697/MiniRaftClusterWithGrpc3f893bf6/s3/c6497b79-67e1-4192-b4ee-29dd907a7165 does not exist. Creating ...
2022-11-01 02:15:09,653 [s3-impl-thread1] TRACE util.FileUtils (LogUtils.java:runAndLog(49)) - Successfully ran Files.createDirectories /home/runner/work/ratis/ratis/ratis-test/target/test/data/19a9d697/MiniRaftClusterWithGrpc3f893bf6/s3/c6497b79-67e1-4192-b4ee-29dd907a7165
2022-11-01 02:15:09,658 [s3-impl-thread1] INFO  storage.RaftStorageDirectory (RaftStorageDirectoryImpl.java:tryLock(232)) - Lock on /home/runner/work/ratis/ratis/ratis-test/target/test/data/19a9d697/MiniRaftClusterWithGrpc3f893bf6/s3/c6497b79-67e1-4192-b4ee-29dd907a7165/in_use.lock acquired by nodename 16462@fv-az220-163
2022-11-01 02:15:09,658 [s3-impl-thread1] TRACE util.FileUtils (LogUtils.java:runAndLog(49)) - Successfully ran Files.createDirectories /home/runner/work/ratis/ratis/ratis-test/target/test/data/19a9d697/MiniRaftClusterWithGrpc3f893bf6/s3/c6497b79-67e1-4192-b4ee-29dd907a7165/current
2022-11-01 02:15:09,658 [s3-impl-thread1] TRACE util.FileUtils (LogUtils.java:runAndLog(49)) - Successfully ran Files.createDirectories /home/runner/work/ratis/ratis/ratis-test/target/test/data/19a9d697/MiniRaftClusterWithGrpc3f893bf6/s3/c6497b79-67e1-4192-b4ee-29dd907a7165/sm
2022-11-01 02:15:09,671 [s3-impl-thread1] INFO  storage.RaftStorage (RaftStorageImpl.java:format(96)) - Storage directory /home/runner/work/ratis/ratis/ratis-test/target/test/data/19a9d697/MiniRaftClusterWithGrpc3f893bf6/s3/c6497b79-67e1-4192-b4ee-29dd907a7165 has been successfully formatted.
2022-11-01 02:15:09,674 [s3-impl-thread1] INFO  server.RaftServerConfigKeys (ConfUtils.java:logGet(46)) - raft.server.log.use.memory = false (default)
2022-11-01 02:15:09,681 [s3-impl-thread1] INFO  server.RaftServerConfigKeys (ConfUtils.java:logGet(46)) - raft.server.log.purge.gap = 1024 (default)
2022-11-01 02:15:09,682 [s3-impl-thread1] INFO  server.RaftServerConfigKeys (ConfUtils.java:logGet(46)) - raft.server.log.appender.buffer.byte-limit = 4MB (=4194304) (default)
2022-11-01 02:15:09,683 [s3-impl-thread1] INFO  server.RaftServerConfigKeys (ConfUtils.java:logGet(46)) - raft.server.log.statemachine.data.read.timeout = 1000ms (default)
2022-11-01 02:15:09,685 [s3-impl-thread1] INFO  server.RaftServerConfigKeys (ConfUtils.java:logGet(46)) - raft.server.log.purge.preservation.log.num = 0 (default)
2022-11-01 02:15:09,691 [s3-impl-thread1] INFO  server.RaftServerConfigKeys (ConfUtils.java:logGet(46)) - raft.server.log.segment.size.max = 8MB (=8388608) (default)
2022-11-01 02:15:09,697 [s3-impl-thread1] INFO  server.RaftServerConfigKeys (ConfUtils.java:logGet(46)) - raft.server.log.segment.cache.num.max = 6 (default)
2022-11-01 02:15:09,697 [s3-impl-thread1] INFO  server.RaftServerConfigKeys (ConfUtils.java:logGet(46)) - raft.server.log.segment.cache.size.max = 200MB (=209715200) (default)
2022-11-01 02:15:09,701 [s3-impl-thread1] INFO  segmented.SegmentedRaftLogWorker (SegmentedRaftLogWorker.java:<init>(184)) - new s3@group-29DD907A7165-SegmentedRaftLogWorker for RaftStorageImpl:Storage Directory /home/runner/work/ratis/ratis/ratis-test/target/test/data/19a9d697/MiniRaftClusterWithGrpc3f893bf6/s3/c6497b79-67e1-4192-b4ee-29dd907a7165
2022-11-01 02:15:09,701 [s3-impl-thread1] INFO  server.RaftServerConfigKeys (ConfUtils.java:logGet(46)) - raft.server.log.queue.byte-limit = 64MB (=67108864) (default)
2022-11-01 02:15:09,702 [s3-impl-thread1] INFO  server.RaftServerConfigKeys (ConfUtils.java:logGet(46)) - raft.server.log.queue.element-limit = 4096 (default)
2022-11-01 02:15:09,703 [s3-impl-thread1] INFO  server.RaftServerConfigKeys (ConfUtils.java:logGet(46)) - raft.server.log.segment.size.max = 8MB (=8388608) (default)
2022-11-01 02:15:09,704 [s3-impl-thread1] INFO  server.RaftServerConfigKeys (ConfUtils.java:logGet(46)) - raft.server.log.preallocated.size = 4MB (=4194304) (default)
2022-11-01 02:15:09,704 [s3-impl-thread1] INFO  server.RaftServerConfigKeys (ConfUtils.java:logGet(46)) - raft.server.log.force.sync.num = 128 (default)
2022-11-01 02:15:09,705 [s3-impl-thread1] INFO  server.RaftServerConfigKeys (ConfUtils.java:logGet(46)) - raft.server.log.statemachine.data.sync = true (default)
2022-11-01 02:15:09,705 [s3-impl-thread1] INFO  server.RaftServerConfigKeys (ConfUtils.java:logGet(46)) - raft.server.log.statemachine.data.sync.timeout = 10s (default)
2022-11-01 02:15:09,706 [s3-impl-thread1] INFO  server.RaftServerConfigKeys (ConfUtils.java:logGet(46)) - raft.server.log.statemachine.data.sync.timeout.retry = -1 (default)
2022-11-01 02:15:09,709 [s3-impl-thread1] INFO  server.RaftServerConfigKeys (ConfUtils.java:logGet(46)) - raft.server.log.write.buffer.size = 64KB (=65536) (default)
2022-11-01 02:15:09,709 [s3-impl-thread1] INFO  server.RaftServerConfigKeys (ConfUtils.java:logGet(46)) - raft.server.log.appender.buffer.byte-limit = 4MB (=4194304) (default)
2022-11-01 02:15:09,710 [s3-impl-thread1] INFO  server.RaftServerConfigKeys (ConfUtils.java:logGet(46)) - raft.server.log.unsafe-flush.enabled = false (default)
2022-11-01 02:15:09,710 [s3-impl-thread1] INFO  server.RaftServerConfigKeys (ConfUtils.java:logGet(46)) - raft.server.log.async-flush.enabled = false (default)
2022-11-01 02:15:09,710 [s3-impl-thread1] INFO  server.RaftServerConfigKeys (ConfUtils.java:logGet(46)) - raft.server.log.statemachine.data.caching.enabled = false (default)
2022-11-01 02:15:09,718 [s3-impl-thread1] INFO  segmented.SegmentedRaftLogWorker (SegmentedRaftLogWorker.java:lambda$new$0(134)) - s3@group-29DD907A7165-SegmentedRaftLogWorker: flushIndex: setUnconditionally 0 -> -1
2022-11-01 02:15:09,718 [s3-impl-thread1] INFO  segmented.SegmentedRaftLogWorker (SegmentedRaftLogWorker.java:lambda$new$0(134)) - s3@group-29DD907A7165-SegmentedRaftLogWorker: safeCacheEvictIndex: setUnconditionally 0 -> -1
2022-11-01 02:15:09,720 [s3-impl-thread1] INFO  server.RaftServer$Division (RaftServerImpl.java:start(338)) - s3@group-29DD907A7165: start as a follower, conf=-1: peers:[s3|rpc:localhost:46863|admin:localhost:41281|client:localhost:41041|dataStream:localhost:44363|priority:0|startupRole:FOLLOWER, s4|rpc:localhost:36775|admin:localhost:35477|client:localhost:46475|dataStream:localhost:42557|priority:0|startupRole:FOLLOWER, s0|rpc:localhost:33119|admin:localhost:42011|client:localhost:45597|dataStream:localhost:34507|priority:0|startupRole:FOLLOWER, s1|rpc:localhost:43051|admin:localhost:41551|client:localhost:45233|dataStream:localhost:41779|priority:0|startupRole:FOLLOWER, s2|rpc:localhost:41201|admin:localhost:41487|client:localhost:41547|dataStream:localhost:43565|priority:0|startupRole:FOLLOWER]|listeners:[], old=null
2022-11-01 02:15:09,720 [s3-impl-thread1] INFO  server.RaftServer$Division (RaftServerImpl.java:setRole(325)) - s3@group-29DD907A7165: changes role from      null to FOLLOWER at term 0 for startAsFollower
2022-11-01 02:15:09,722 [s3-impl-thread1] INFO  impl.RoleInfo (RoleInfo.java:updateAndGet(139)) - s3: start s3@group-29DD907A7165-FollowerState
2022-11-01 02:15:09,728 [s3-impl-thread1] INFO  util.JmxRegister (JmxRegister.java:tryRegister(44)) - Successfully registered JMX Bean with object name Ratis:service=RaftServer,group=group-29DD907A7165,id=s3
2022-11-01 02:15:09,731 [s3-impl-thread1] INFO  server.RaftServerConfigKeys (ConfUtils.java:logGet(46)) - raft.server.snapshot.auto.trigger.enabled = false (default)
2022-11-01 02:15:09,731 [s3-impl-thread1] INFO  server.RaftServerConfigKeys (ConfUtils.java:logGet(46)) - raft.server.snapshot.retention.file.num = -1 (default)
2022-11-01 02:15:09,732 [s3-impl-thread1] INFO  server.RaftServerConfigKeys (ConfUtils.java:logGet(46)) - raft.server.log.purge.upto.snapshot.index = false (default)
2022-11-01 02:15:09,738 [s3@group-29DD907A7165-FollowerState] INFO  server.RaftServerConfigKeys (ConfUtils.java:logFallback(53)) - raft.server.rpc.first-election.timeout.min = 150ms (fallback to raft.server.rpc.timeout.min)
2022-11-01 02:15:09,741 [s3@group-29DD907A7165-FollowerState] INFO  server.RaftServerConfigKeys (ConfUtils.java:logFallback(53)) - raft.server.rpc.first-election.timeout.max = 300ms (fallback to raft.server.rpc.timeout.max)
2022-11-01 02:15:09,741 [Time-limited test] INFO  server.RaftServer (RaftServerProxy.java:startImpl(396)) - s3: start RPC server
2022-11-01 02:15:09,790 [Time-limited test] INFO  server.GrpcService (GrpcService.java:startImpl(310)) - s3: GrpcService started, listening on 41041
2022-11-01 02:15:09,792 [Time-limited test] INFO  server.GrpcService (GrpcService.java:startImpl(310)) - s3: GrpcService started, listening on 46863
2022-11-01 02:15:09,793 [Time-limited test] INFO  server.GrpcService (GrpcService.java:startImpl(310)) - s3: GrpcService started, listening on 41281
2022-11-01 02:15:09,795 [s4-impl-thread1] INFO  server.RaftServerConfigKeys (ConfUtils.java:logGet(46)) - raft.server.storage.free-space.min = 0MB (=0) (default)
2022-11-01 02:15:09,796 [s4-impl-thread1] INFO  server.RaftServerConfigKeys (ConfUtils.java:logGet(46)) - raft.server.log.corruption.policy = EXCEPTION (default)
2022-11-01 02:15:09,796 [s4-impl-thread1] INFO  server.RaftServerConfigKeys (ConfUtils.java:logGet(46)) - raft.server.storage.dir = [/home/runner/work/ratis/ratis/ratis-test/target/test/data/19a9d697/MiniRaftClusterWithGrpc3f893bf6/s4] (custom)
2022-11-01 02:15:09,796 [s4-impl-thread1] INFO  storage.RaftStorageDirectory (RaftStorageDirectoryImpl.java:analyzeStorage(138)) - The storage directory /home/runner/work/ratis/ratis/ratis-test/target/test/data/19a9d697/MiniRaftClusterWithGrpc3f893bf6/s4/c6497b79-67e1-4192-b4ee-29dd907a7165 does not exist. Creating ...
2022-11-01 02:15:09,800 [s4-impl-thread1] TRACE util.FileUtils (LogUtils.java:runAndLog(49)) - Successfully ran Files.createDirectories /home/runner/work/ratis/ratis/ratis-test/target/test/data/19a9d697/MiniRaftClusterWithGrpc3f893bf6/s4/c6497b79-67e1-4192-b4ee-29dd907a7165
2022-11-01 02:15:09,800 [JvmPauseMonitor0] INFO  util.JvmPauseMonitor (JvmPauseMonitor.java:run(105)) - JvmPauseMonitor-s3: Started
2022-11-01 02:15:09,802 [s4-impl-thread1] INFO  storage.RaftStorageDirectory (RaftStorageDirectoryImpl.java:tryLock(232)) - Lock on /home/runner/work/ratis/ratis/ratis-test/target/test/data/19a9d697/MiniRaftClusterWithGrpc3f893bf6/s4/c6497b79-67e1-4192-b4ee-29dd907a7165/in_use.lock acquired by nodename 16462@fv-az220-163
2022-11-01 02:15:09,805 [s4-impl-thread1] TRACE util.FileUtils (LogUtils.java:runAndLog(49)) - Successfully ran Files.createDirectories /home/runner/work/ratis/ratis/ratis-test/target/test/data/19a9d697/MiniRaftClusterWithGrpc3f893bf6/s4/c6497b79-67e1-4192-b4ee-29dd907a7165/current
2022-11-01 02:15:09,805 [s4-impl-thread1] TRACE util.FileUtils (LogUtils.java:runAndLog(49)) - Successfully ran Files.createDirectories /home/runner/work/ratis/ratis/ratis-test/target/test/data/19a9d697/MiniRaftClusterWithGrpc3f893bf6/s4/c6497b79-67e1-4192-b4ee-29dd907a7165/sm
2022-11-01 02:15:09,807 [s4-impl-thread1] INFO  storage.RaftStorage (RaftStorageImpl.java:format(96)) - Storage directory /home/runner/work/ratis/ratis/ratis-test/target/test/data/19a9d697/MiniRaftClusterWithGrpc3f893bf6/s4/c6497b79-67e1-4192-b4ee-29dd907a7165 has been successfully formatted.
2022-11-01 02:15:09,809 [s4-impl-thread1] INFO  server.RaftServerConfigKeys (ConfUtils.java:logGet(46)) - raft.server.log.use.memory = false (default)
2022-11-01 02:15:09,809 [s4-impl-thread1] INFO  server.RaftServerConfigKeys (ConfUtils.java:logGet(46)) - raft.server.log.purge.gap = 1024 (default)
2022-11-01 02:15:09,809 [s4-impl-thread1] INFO  server.RaftServerConfigKeys (ConfUtils.java:logGet(46)) - raft.server.log.appender.buffer.byte-limit = 4MB (=4194304) (default)
2022-11-01 02:15:09,809 [s4-impl-thread1] INFO  server.RaftServerConfigKeys (ConfUtils.java:logGet(46)) - raft.server.log.statemachine.data.read.timeout = 1000ms (default)
2022-11-01 02:15:09,809 [s4-impl-thread1] INFO  server.RaftServerConfigKeys (ConfUtils.java:logGet(46)) - raft.server.log.purge.preservation.log.num = 0 (default)
2022-11-01 02:15:09,816 [s4-impl-thread1] INFO  server.RaftServerConfigKeys (ConfUtils.java:logGet(46)) - raft.server.log.segment.size.max = 8MB (=8388608) (default)
2022-11-01 02:15:09,817 [s4-impl-thread1] INFO  server.RaftServerConfigKeys (ConfUtils.java:logGet(46)) - raft.server.log.segment.cache.num.max = 6 (default)
2022-11-01 02:15:09,817 [s4-impl-thread1] INFO  server.RaftServerConfigKeys (ConfUtils.java:logGet(46)) - raft.server.log.segment.cache.size.max = 200MB (=209715200) (default)
2022-11-01 02:15:09,818 [s4-impl-thread1] INFO  segmented.SegmentedRaftLogWorker (SegmentedRaftLogWorker.java:<init>(184)) - new s4@group-29DD907A7165-SegmentedRaftLogWorker for RaftStorageImpl:Storage Directory /home/runner/work/ratis/ratis/ratis-test/target/test/data/19a9d697/MiniRaftClusterWithGrpc3f893bf6/s4/c6497b79-67e1-4192-b4ee-29dd907a7165
2022-11-01 02:15:09,818 [s4-impl-thread1] INFO  server.RaftServerConfigKeys (ConfUtils.java:logGet(46)) - raft.server.log.queue.byte-limit = 64MB (=67108864) (default)
2022-11-01 02:15:09,818 [s4-impl-thread1] INFO  server.RaftServerConfigKeys (ConfUtils.java:logGet(46)) - raft.server.log.queue.element-limit = 4096 (default)
2022-11-01 02:15:09,818 [s4-impl-thread1] INFO  server.RaftServerConfigKeys (ConfUtils.java:logGet(46)) - raft.server.log.segment.size.max = 8MB (=8388608) (default)
2022-11-01 02:15:09,818 [s4-impl-thread1] INFO  server.RaftServerConfigKeys (ConfUtils.java:logGet(46)) - raft.server.log.preallocated.size = 4MB (=4194304) (default)
2022-11-01 02:15:09,819 [s4-impl-thread1] INFO  server.RaftServerConfigKeys (ConfUtils.java:logGet(46)) - raft.server.log.force.sync.num = 128 (default)
2022-11-01 02:15:09,819 [s4-impl-thread1] INFO  server.RaftServerConfigKeys (ConfUtils.java:logGet(46)) - raft.server.log.statemachine.data.sync = true (default)
2022-11-01 02:15:09,819 [s4-impl-thread1] INFO  server.RaftServerConfigKeys (ConfUtils.java:logGet(46)) - raft.server.log.statemachine.data.sync.timeout = 10s (default)
2022-11-01 02:15:09,819 [s4-impl-thread1] INFO  server.RaftServerConfigKeys (ConfUtils.java:logGet(46)) - raft.server.log.statemachine.data.sync.timeout.retry = -1 (default)
2022-11-01 02:15:09,824 [s4-impl-thread1] INFO  server.RaftServerConfigKeys (ConfUtils.java:logGet(46)) - raft.server.log.write.buffer.size = 64KB (=65536) (default)
2022-11-01 02:15:09,825 [s4-impl-thread1] INFO  server.RaftServerConfigKeys (ConfUtils.java:logGet(46)) - raft.server.log.appender.buffer.byte-limit = 4MB (=4194304) (default)
2022-11-01 02:15:09,825 [s4-impl-thread1] INFO  server.RaftServerConfigKeys (ConfUtils.java:logGet(46)) - raft.server.log.unsafe-flush.enabled = false (default)
2022-11-01 02:15:09,825 [s4-impl-thread1] INFO  server.RaftServerConfigKeys (ConfUtils.java:logGet(46)) - raft.server.log.async-flush.enabled = false (default)
2022-11-01 02:15:09,825 [s4-impl-thread1] INFO  server.RaftServerConfigKeys (ConfUtils.java:logGet(46)) - raft.server.log.statemachine.data.caching.enabled = false (default)
2022-11-01 02:15:09,826 [s4-impl-thread1] INFO  segmented.SegmentedRaftLogWorker (SegmentedRaftLogWorker.java:lambda$new$0(134)) - s4@group-29DD907A7165-SegmentedRaftLogWorker: flushIndex: setUnconditionally 0 -> -1
2022-11-01 02:15:09,826 [s4-impl-thread1] INFO  segmented.SegmentedRaftLogWorker (SegmentedRaftLogWorker.java:lambda$new$0(134)) - s4@group-29DD907A7165-SegmentedRaftLogWorker: safeCacheEvictIndex: setUnconditionally 0 -> -1
2022-11-01 02:15:09,826 [s4-impl-thread1] INFO  server.RaftServer$Division (RaftServerImpl.java:start(338)) - s4@group-29DD907A7165: start as a follower, conf=-1: peers:[s3|rpc:localhost:46863|admin:localhost:41281|client:localhost:41041|dataStream:localhost:44363|priority:0|startupRole:FOLLOWER, s4|rpc:localhost:36775|admin:localhost:35477|client:localhost:46475|dataStream:localhost:42557|priority:0|startupRole:FOLLOWER, s0|rpc:localhost:33119|admin:localhost:42011|client:localhost:45597|dataStream:localhost:34507|priority:0|startupRole:FOLLOWER, s1|rpc:localhost:43051|admin:localhost:41551|client:localhost:45233|dataStream:localhost:41779|priority:0|startupRole:FOLLOWER, s2|rpc:localhost:41201|admin:localhost:41487|client:localhost:41547|dataStream:localhost:43565|priority:0|startupRole:FOLLOWER]|listeners:[], old=null
2022-11-01 02:15:09,826 [s4-impl-thread1] INFO  server.RaftServer$Division (RaftServerImpl.java:setRole(325)) - s4@group-29DD907A7165: changes role from      null to FOLLOWER at term 0 for startAsFollower
2022-11-01 02:15:09,827 [s4-impl-thread1] INFO  impl.RoleInfo (RoleInfo.java:updateAndGet(139)) - s4: start s4@group-29DD907A7165-FollowerState
2022-11-01 02:15:09,830 [s4-impl-thread1] INFO  util.JmxRegister (JmxRegister.java:tryRegister(44)) - Successfully registered JMX Bean with object name Ratis:service=RaftServer,group=group-29DD907A7165,id=s4
2022-11-01 02:15:09,830 [s4@group-29DD907A7165-FollowerState] INFO  server.RaftServerConfigKeys (ConfUtils.java:logFallback(53)) - raft.server.rpc.first-election.timeout.min = 150ms (fallback to raft.server.rpc.timeout.min)
2022-11-01 02:15:09,830 [s4-impl-thread1] INFO  server.RaftServerConfigKeys (ConfUtils.java:logGet(46)) - raft.server.snapshot.auto.trigger.enabled = false (default)
2022-11-01 02:15:09,834 [s4-impl-thread1] INFO  server.RaftServerConfigKeys (ConfUtils.java:logGet(46)) - raft.server.snapshot.retention.file.num = -1 (default)
2022-11-01 02:15:09,834 [s4-impl-thread1] INFO  server.RaftServerConfigKeys (ConfUtils.java:logGet(46)) - raft.server.log.purge.upto.snapshot.index = false (default)
2022-11-01 02:15:09,834 [s4@group-29DD907A7165-FollowerState] INFO  server.RaftServerConfigKeys (ConfUtils.java:logFallback(53)) - raft.server.rpc.first-election.timeout.max = 300ms (fallback to raft.server.rpc.timeout.max)
2022-11-01 02:15:09,836 [Time-limited test] INFO  server.RaftServer (RaftServerProxy.java:startImpl(396)) - s4: start RPC server
2022-11-01 02:15:09,841 [Time-limited test] INFO  server.GrpcService (GrpcService.java:startImpl(310)) - s4: GrpcService started, listening on 46475
2022-11-01 02:15:09,843 [Time-limited test] INFO  server.GrpcService (GrpcService.java:startImpl(310)) - s4: GrpcService started, listening on 36775
2022-11-01 02:15:09,846 [Time-limited test] INFO  server.GrpcService (GrpcService.java:startImpl(310)) - s4: GrpcService started, listening on 35477
2022-11-01 02:15:09,849 [s0-impl-thread1] INFO  server.RaftServerConfigKeys (ConfUtils.java:logGet(46)) - raft.server.storage.free-space.min = 0MB (=0) (default)
2022-11-01 02:15:09,849 [s0-impl-thread1] INFO  server.RaftServerConfigKeys (ConfUtils.java:logGet(46)) - raft.server.log.corruption.policy = EXCEPTION (default)
2022-11-01 02:15:09,849 [s0-impl-thread1] INFO  server.RaftServerConfigKeys (ConfUtils.java:logGet(46)) - raft.server.storage.dir = [/home/runner/work/ratis/ratis/ratis-test/target/test/data/19a9d697/MiniRaftClusterWithGrpc3f893bf6/s0] (custom)
2022-11-01 02:15:09,849 [s0-impl-thread1] INFO  storage.RaftStorageDirectory (RaftStorageDirectoryImpl.java:analyzeStorage(138)) - The storage directory /home/runner/work/ratis/ratis/ratis-test/target/test/data/19a9d697/MiniRaftClusterWithGrpc3f893bf6/s0/c6497b79-67e1-4192-b4ee-29dd907a7165 does not exist. Creating ...
2022-11-01 02:15:09,850 [s0-impl-thread1] TRACE util.FileUtils (LogUtils.java:runAndLog(49)) - Successfully ran Files.createDirectories /home/runner/work/ratis/ratis/ratis-test/target/test/data/19a9d697/MiniRaftClusterWithGrpc3f893bf6/s0/c6497b79-67e1-4192-b4ee-29dd907a7165
2022-11-01 02:15:09,851 [JvmPauseMonitor1] INFO  util.JvmPauseMonitor (JvmPauseMonitor.java:run(105)) - JvmPauseMonitor-s4: Started
2022-11-01 02:15:09,852 [s0-impl-thread1] INFO  storage.RaftStorageDirectory (RaftStorageDirectoryImpl.java:tryLock(232)) - Lock on /home/runner/work/ratis/ratis/ratis-test/target/test/data/19a9d697/MiniRaftClusterWithGrpc3f893bf6/s0/c6497b79-67e1-4192-b4ee-29dd907a7165/in_use.lock acquired by nodename 16462@fv-az220-163
2022-11-01 02:15:09,852 [s0-impl-thread1] TRACE util.FileUtils (LogUtils.java:runAndLog(49)) - Successfully ran Files.createDirectories /home/runner/work/ratis/ratis/ratis-test/target/test/data/19a9d697/MiniRaftClusterWithGrpc3f893bf6/s0/c6497b79-67e1-4192-b4ee-29dd907a7165/current
2022-11-01 02:15:09,852 [s0-impl-thread1] TRACE util.FileUtils (LogUtils.java:runAndLog(49)) - Successfully ran Files.createDirectories /home/runner/work/ratis/ratis/ratis-test/target/test/data/19a9d697/MiniRaftClusterWithGrpc3f893bf6/s0/c6497b79-67e1-4192-b4ee-29dd907a7165/sm
2022-11-01 02:15:09,855 [s0-impl-thread1] INFO  storage.RaftStorage (RaftStorageImpl.java:format(96)) - Storage directory /home/runner/work/ratis/ratis/ratis-test/target/test/data/19a9d697/MiniRaftClusterWithGrpc3f893bf6/s0/c6497b79-67e1-4192-b4ee-29dd907a7165 has been successfully formatted.
2022-11-01 02:15:09,855 [s0-impl-thread1] INFO  server.RaftServerConfigKeys (ConfUtils.java:logGet(46)) - raft.server.log.use.memory = false (default)
2022-11-01 02:15:09,856 [s0-impl-thread1] INFO  server.RaftServerConfigKeys (ConfUtils.java:logGet(46)) - raft.server.log.purge.gap = 1024 (default)
2022-11-01 02:15:09,856 [s0-impl-thread1] INFO  server.RaftServerConfigKeys (ConfUtils.java:logGet(46)) - raft.server.log.appender.buffer.byte-limit = 4MB (=4194304) (default)
2022-11-01 02:15:09,857 [s0-impl-thread1] INFO  server.RaftServerConfigKeys (ConfUtils.java:logGet(46)) - raft.server.log.statemachine.data.read.timeout = 1000ms (default)
2022-11-01 02:15:09,857 [s0-impl-thread1] INFO  server.RaftServerConfigKeys (ConfUtils.java:logGet(46)) - raft.server.log.purge.preservation.log.num = 0 (default)
2022-11-01 02:15:09,860 [s0-impl-thread1] INFO  server.RaftServerConfigKeys (ConfUtils.java:logGet(46)) - raft.server.log.segment.size.max = 8MB (=8388608) (default)
2022-11-01 02:15:09,865 [s0-impl-thread1] INFO  server.RaftServerConfigKeys (ConfUtils.java:logGet(46)) - raft.server.log.segment.cache.num.max = 6 (default)
2022-11-01 02:15:09,865 [s0-impl-thread1] INFO  server.RaftServerConfigKeys (ConfUtils.java:logGet(46)) - raft.server.log.segment.cache.size.max = 200MB (=209715200) (default)
2022-11-01 02:15:09,865 [s0-impl-thread1] INFO  segmented.SegmentedRaftLogWorker (SegmentedRaftLogWorker.java:<init>(184)) - new s0@group-29DD907A7165-SegmentedRaftLogWorker for RaftStorageImpl:Storage Directory /home/runner/work/ratis/ratis/ratis-test/target/test/data/19a9d697/MiniRaftClusterWithGrpc3f893bf6/s0/c6497b79-67e1-4192-b4ee-29dd907a7165
2022-11-01 02:15:09,865 [s0-impl-thread1] INFO  server.RaftServerConfigKeys (ConfUtils.java:logGet(46)) - raft.server.log.queue.byte-limit = 64MB (=67108864) (default)
2022-11-01 02:15:09,866 [s0-impl-thread1] INFO  server.RaftServerConfigKeys (ConfUtils.java:logGet(46)) - raft.server.log.queue.element-limit = 4096 (default)
2022-11-01 02:15:09,866 [s0-impl-thread1] INFO  server.RaftServerConfigKeys (ConfUtils.java:logGet(46)) - raft.server.log.segment.size.max = 8MB (=8388608) (default)
2022-11-01 02:15:09,866 [s0-impl-thread1] INFO  server.RaftServerConfigKeys (ConfUtils.java:logGet(46)) - raft.server.log.preallocated.size = 4MB (=4194304) (default)
2022-11-01 02:15:09,866 [s0-impl-thread1] INFO  server.RaftServerConfigKeys (ConfUtils.java:logGet(46)) - raft.server.log.force.sync.num = 128 (default)
2022-11-01 02:15:09,866 [s0-impl-thread1] INFO  server.RaftServerConfigKeys (ConfUtils.java:logGet(46)) - raft.server.log.statemachine.data.sync = true (default)
2022-11-01 02:15:09,871 [s0-impl-thread1] INFO  server.RaftServerConfigKeys (ConfUtils.java:logGet(46)) - raft.server.log.statemachine.data.sync.timeout = 10s (default)
2022-11-01 02:15:09,871 [s0-impl-thread1] INFO  server.RaftServerConfigKeys (ConfUtils.java:logGet(46)) - raft.server.log.statemachine.data.sync.timeout.retry = -1 (default)
2022-11-01 02:15:09,872 [s0-impl-thread1] INFO  server.RaftServerConfigKeys (ConfUtils.java:logGet(46)) - raft.server.log.write.buffer.size = 64KB (=65536) (default)
2022-11-01 02:15:09,872 [s0-impl-thread1] INFO  server.RaftServerConfigKeys (ConfUtils.java:logGet(46)) - raft.server.log.appender.buffer.byte-limit = 4MB (=4194304) (default)
2022-11-01 02:15:09,872 [s0-impl-thread1] INFO  server.RaftServerConfigKeys (ConfUtils.java:logGet(46)) - raft.server.log.unsafe-flush.enabled = false (default)
2022-11-01 02:15:09,872 [s0-impl-thread1] INFO  server.RaftServerConfigKeys (ConfUtils.java:logGet(46)) - raft.server.log.async-flush.enabled = false (default)
2022-11-01 02:15:09,873 [s0-impl-thread1] INFO  server.RaftServerConfigKeys (ConfUtils.java:logGet(46)) - raft.server.log.statemachine.data.caching.enabled = false (default)
2022-11-01 02:15:09,873 [s0-impl-thread1] INFO  segmented.SegmentedRaftLogWorker (SegmentedRaftLogWorker.java:lambda$new$0(134)) - s0@group-29DD907A7165-SegmentedRaftLogWorker: flushIndex: setUnconditionally 0 -> -1
2022-11-01 02:15:09,873 [s0-impl-thread1] INFO  segmented.SegmentedRaftLogWorker (SegmentedRaftLogWorker.java:lambda$new$0(134)) - s0@group-29DD907A7165-SegmentedRaftLogWorker: safeCacheEvictIndex: setUnconditionally 0 -> -1
2022-11-01 02:15:09,876 [s0-impl-thread1] INFO  server.RaftServer$Division (RaftServerImpl.java:start(338)) - s0@group-29DD907A7165: start as a follower, conf=-1: peers:[s3|rpc:localhost:46863|admin:localhost:41281|client:localhost:41041|dataStream:localhost:44363|priority:0|startupRole:FOLLOWER, s4|rpc:localhost:36775|admin:localhost:35477|client:localhost:46475|dataStream:localhost:42557|priority:0|startupRole:FOLLOWER, s0|rpc:localhost:33119|admin:localhost:42011|client:localhost:45597|dataStream:localhost:34507|priority:0|startupRole:FOLLOWER, s1|rpc:localhost:43051|admin:localhost:41551|client:localhost:45233|dataStream:localhost:41779|priority:0|startupRole:FOLLOWER, s2|rpc:localhost:41201|admin:localhost:41487|client:localhost:41547|dataStream:localhost:43565|priority:0|startupRole:FOLLOWER]|listeners:[], old=null
2022-11-01 02:15:09,877 [s0-impl-thread1] INFO  server.RaftServer$Division (RaftServerImpl.java:setRole(325)) - s0@group-29DD907A7165: changes role from      null to FOLLOWER at term 0 for startAsFollower
2022-11-01 02:15:09,877 [s0-impl-thread1] INFO  impl.RoleInfo (RoleInfo.java:updateAndGet(139)) - s0: start s0@group-29DD907A7165-FollowerState
2022-11-01 02:15:09,881 [s0-impl-thread1] INFO  util.JmxRegister (JmxRegister.java:tryRegister(44)) - Successfully registered JMX Bean with object name Ratis:service=RaftServer,group=group-29DD907A7165,id=s0
2022-11-01 02:15:09,881 [s0-impl-thread1] INFO  server.RaftServerConfigKeys (ConfUtils.java:logGet(46)) - raft.server.snapshot.auto.trigger.enabled = false (default)
2022-11-01 02:15:09,881 [s0-impl-thread1] INFO  server.RaftServerConfigKeys (ConfUtils.java:logGet(46)) - raft.server.snapshot.retention.file.num = -1 (default)
2022-11-01 02:15:09,881 [s0-impl-thread1] INFO  server.RaftServerConfigKeys (ConfUtils.java:logGet(46)) - raft.server.log.purge.upto.snapshot.index = false (default)
2022-11-01 02:15:09,883 [s0@group-29DD907A7165-FollowerState] INFO  server.RaftServerConfigKeys (ConfUtils.java:logFallback(53)) - raft.server.rpc.first-election.timeout.min = 150ms (fallback to raft.server.rpc.timeout.min)
2022-11-01 02:15:09,886 [s0@group-29DD907A7165-FollowerState] INFO  server.RaftServerConfigKeys (ConfUtils.java:logFallback(53)) - raft.server.rpc.first-election.timeout.max = 300ms (fallback to raft.server.rpc.timeout.max)
2022-11-01 02:15:09,887 [Time-limited test] INFO  server.RaftServer (RaftServerProxy.java:startImpl(396)) - s0: start RPC server
2022-11-01 02:15:09,891 [Time-limited test] INFO  server.GrpcService (GrpcService.java:startImpl(310)) - s0: GrpcService started, listening on 45597
2022-11-01 02:15:09,892 [Time-limited test] INFO  server.GrpcService (GrpcService.java:startImpl(310)) - s0: GrpcService started, listening on 33119
2022-11-01 02:15:09,893 [Time-limited test] INFO  server.GrpcService (GrpcService.java:startImpl(310)) - s0: GrpcService started, listening on 42011
2022-11-01 02:15:09,894 [s1-impl-thread1] INFO  server.RaftServerConfigKeys (ConfUtils.java:logGet(46)) - raft.server.storage.free-space.min = 0MB (=0) (default)
2022-11-01 02:15:09,894 [s1-impl-thread1] INFO  server.RaftServerConfigKeys (ConfUtils.java:logGet(46)) - raft.server.log.corruption.policy = EXCEPTION (default)
2022-11-01 02:15:09,894 [s1-impl-thread1] INFO  server.RaftServerConfigKeys (ConfUtils.java:logGet(46)) - raft.server.storage.dir = [/home/runner/work/ratis/ratis/ratis-test/target/test/data/19a9d697/MiniRaftClusterWithGrpc3f893bf6/s1] (custom)
2022-11-01 02:15:09,894 [s1-impl-thread1] INFO  storage.RaftStorageDirectory (RaftStorageDirectoryImpl.java:analyzeStorage(138)) - The storage directory /home/runner/work/ratis/ratis/ratis-test/target/test/data/19a9d697/MiniRaftClusterWithGrpc3f893bf6/s1/c6497b79-67e1-4192-b4ee-29dd907a7165 does not exist. Creating ...
2022-11-01 02:15:09,895 [s1-impl-thread1] TRACE util.FileUtils (LogUtils.java:runAndLog(49)) - Successfully ran Files.createDirectories /home/runner/work/ratis/ratis/ratis-test/target/test/data/19a9d697/MiniRaftClusterWithGrpc3f893bf6/s1/c6497b79-67e1-4192-b4ee-29dd907a7165
2022-11-01 02:15:09,896 [JvmPauseMonitor2] INFO  util.JvmPauseMonitor (JvmPauseMonitor.java:run(105)) - JvmPauseMonitor-s0: Started
2022-11-01 02:15:09,897 [s1-impl-thread1] INFO  storage.RaftStorageDirectory (RaftStorageDirectoryImpl.java:tryLock(232)) - Lock on /home/runner/work/ratis/ratis/ratis-test/target/test/data/19a9d697/MiniRaftClusterWithGrpc3f893bf6/s1/c6497b79-67e1-4192-b4ee-29dd907a7165/in_use.lock acquired by nodename 16462@fv-az220-163
2022-11-01 02:15:09,897 [s1-impl-thread1] TRACE util.FileUtils (LogUtils.java:runAndLog(49)) - Successfully ran Files.createDirectories /home/runner/work/ratis/ratis/ratis-test/target/test/data/19a9d697/MiniRaftClusterWithGrpc3f893bf6/s1/c6497b79-67e1-4192-b4ee-29dd907a7165/current
2022-11-01 02:15:09,898 [s1-impl-thread1] TRACE util.FileUtils (LogUtils.java:runAndLog(49)) - Successfully ran Files.createDirectories /home/runner/work/ratis/ratis/ratis-test/target/test/data/19a9d697/MiniRaftClusterWithGrpc3f893bf6/s1/c6497b79-67e1-4192-b4ee-29dd907a7165/sm
2022-11-01 02:15:09,899 [s1-impl-thread1] INFO  storage.RaftStorage (RaftStorageImpl.java:format(96)) - Storage directory /home/runner/work/ratis/ratis/ratis-test/target/test/data/19a9d697/MiniRaftClusterWithGrpc3f893bf6/s1/c6497b79-67e1-4192-b4ee-29dd907a7165 has been successfully formatted.
2022-11-01 02:15:09,900 [s1-impl-thread1] INFO  server.RaftServerConfigKeys (ConfUtils.java:logGet(46)) - raft.server.log.use.memory = false (default)
2022-11-01 02:15:09,900 [s1-impl-thread1] INFO  server.RaftServerConfigKeys (ConfUtils.java:logGet(46)) - raft.server.log.purge.gap = 1024 (default)
2022-11-01 02:15:09,900 [s1-impl-thread1] INFO  server.RaftServerConfigKeys (ConfUtils.java:logGet(46)) - raft.server.log.appender.buffer.byte-limit = 4MB (=4194304) (default)
2022-11-01 02:15:09,900 [s1-impl-thread1] INFO  server.RaftServerConfigKeys (ConfUtils.java:logGet(46)) - raft.server.log.statemachine.data.read.timeout = 1000ms (default)
2022-11-01 02:15:09,900 [s1-impl-thread1] INFO  server.RaftServerConfigKeys (ConfUtils.java:logGet(46)) - raft.server.log.purge.preservation.log.num = 0 (default)
2022-11-01 02:15:09,902 [s1-impl-thread1] INFO  server.RaftServerConfigKeys (ConfUtils.java:logGet(46)) - raft.server.log.segment.size.max = 8MB (=8388608) (default)
2022-11-01 02:15:09,903 [s1-impl-thread1] INFO  server.RaftServerConfigKeys (ConfUtils.java:logGet(46)) - raft.server.log.segment.cache.num.max = 6 (default)
2022-11-01 02:15:09,903 [s1-impl-thread1] INFO  server.RaftServerConfigKeys (ConfUtils.java:logGet(46)) - raft.server.log.segment.cache.size.max = 200MB (=209715200) (default)
2022-11-01 02:15:09,903 [s1-impl-thread1] INFO  segmented.SegmentedRaftLogWorker (SegmentedRaftLogWorker.java:<init>(184)) - new s1@group-29DD907A7165-SegmentedRaftLogWorker for RaftStorageImpl:Storage Directory /home/runner/work/ratis/ratis/ratis-test/target/test/data/19a9d697/MiniRaftClusterWithGrpc3f893bf6/s1/c6497b79-67e1-4192-b4ee-29dd907a7165
2022-11-01 02:15:09,903 [s1-impl-thread1] INFO  server.RaftServerConfigKeys (ConfUtils.java:logGet(46)) - raft.server.log.queue.byte-limit = 64MB (=67108864) (default)
2022-11-01 02:15:09,903 [s1-impl-thread1] INFO  server.RaftServerConfigKeys (ConfUtils.java:logGet(46)) - raft.server.log.queue.element-limit = 4096 (default)
2022-11-01 02:15:09,903 [s1-impl-thread1] INFO  server.RaftServerConfigKeys (ConfUtils.java:logGet(46)) - raft.server.log.segment.size.max = 8MB (=8388608) (default)
2022-11-01 02:15:09,903 [s1-impl-thread1] INFO  server.RaftServerConfigKeys (ConfUtils.java:logGet(46)) - raft.server.log.preallocated.size = 4MB (=4194304) (default)
2022-11-01 02:15:09,903 [s1-impl-thread1] INFO  server.RaftServerConfigKeys (ConfUtils.java:logGet(46)) - raft.server.log.force.sync.num = 128 (default)
2022-11-01 02:15:09,903 [s1-impl-thread1] INFO  server.RaftServerConfigKeys (ConfUtils.java:logGet(46)) - raft.server.log.statemachine.data.sync = true (default)
2022-11-01 02:15:09,903 [s1-impl-thread1] INFO  server.RaftServerConfigKeys (ConfUtils.java:logGet(46)) - raft.server.log.statemachine.data.sync.timeout = 10s (default)
2022-11-01 02:15:09,904 [s1-impl-thread1] INFO  server.RaftServerConfigKeys (ConfUtils.java:logGet(46)) - raft.server.log.statemachine.data.sync.timeout.retry = -1 (default)
2022-11-01 02:15:09,904 [s1-impl-thread1] INFO  server.RaftServerConfigKeys (ConfUtils.java:logGet(46)) - raft.server.log.write.buffer.size = 64KB (=65536) (default)
2022-11-01 02:15:09,904 [s1-impl-thread1] INFO  server.RaftServerConfigKeys (ConfUtils.java:logGet(46)) - raft.server.log.appender.buffer.byte-limit = 4MB (=4194304) (default)
2022-11-01 02:15:09,904 [s1-impl-thread1] INFO  server.RaftServerConfigKeys (ConfUtils.java:logGet(46)) - raft.server.log.unsafe-flush.enabled = false (default)
2022-11-01 02:15:09,904 [s1-impl-thread1] INFO  server.RaftServerConfigKeys (ConfUtils.java:logGet(46)) - raft.server.log.async-flush.enabled = false (default)
2022-11-01 02:15:09,905 [s1-impl-thread1] INFO  server.RaftServerConfigKeys (ConfUtils.java:logGet(46)) - raft.server.log.statemachine.data.caching.enabled = false (default)
2022-11-01 02:15:09,905 [s1-impl-thread1] INFO  segmented.SegmentedRaftLogWorker (SegmentedRaftLogWorker.java:lambda$new$0(134)) - s1@group-29DD907A7165-SegmentedRaftLogWorker: flushIndex: setUnconditionally 0 -> -1
2022-11-01 02:15:09,905 [s1-impl-thread1] INFO  segmented.SegmentedRaftLogWorker (SegmentedRaftLogWorker.java:lambda$new$0(134)) - s1@group-29DD907A7165-SegmentedRaftLogWorker: safeCacheEvictIndex: setUnconditionally 0 -> -1
2022-11-01 02:15:09,906 [s1-impl-thread1] INFO  server.RaftServer$Division (RaftServerImpl.java:start(338)) - s1@group-29DD907A7165: start as a follower, conf=-1: peers:[s3|rpc:localhost:46863|admin:localhost:41281|client:localhost:41041|dataStream:localhost:44363|priority:0|startupRole:FOLLOWER, s4|rpc:localhost:36775|admin:localhost:35477|client:localhost:46475|dataStream:localhost:42557|priority:0|startupRole:FOLLOWER, s0|rpc:localhost:33119|admin:localhost:42011|client:localhost:45597|dataStream:localhost:34507|priority:0|startupRole:FOLLOWER, s1|rpc:localhost:43051|admin:localhost:41551|client:localhost:45233|dataStream:localhost:41779|priority:0|startupRole:FOLLOWER, s2|rpc:localhost:41201|admin:localhost:41487|client:localhost:41547|dataStream:localhost:43565|priority:0|startupRole:FOLLOWER]|listeners:[], old=null
2022-11-01 02:15:09,906 [s1-impl-thread1] INFO  server.RaftServer$Division (RaftServerImpl.java:setRole(325)) - s1@group-29DD907A7165: changes role from      null to FOLLOWER at term 0 for startAsFollower
2022-11-01 02:15:09,906 [s1-impl-thread1] INFO  impl.RoleInfo (RoleInfo.java:updateAndGet(139)) - s1: start s1@group-29DD907A7165-FollowerState
2022-11-01 02:15:09,906 [s1-impl-thread1] INFO  util.JmxRegister (JmxRegister.java:tryRegister(44)) - Successfully registered JMX Bean with object name Ratis:service=RaftServer,group=group-29DD907A7165,id=s1
2022-11-01 02:15:09,906 [s1-impl-thread1] INFO  server.RaftServerConfigKeys (ConfUtils.java:logGet(46)) - raft.server.snapshot.auto.trigger.enabled = false (default)
2022-11-01 02:15:09,907 [s1-impl-thread1] INFO  server.RaftServerConfigKeys (ConfUtils.java:logGet(46)) - raft.server.snapshot.retention.file.num = -1 (default)
2022-11-01 02:15:09,907 [s1-impl-thread1] INFO  server.RaftServerConfigKeys (ConfUtils.java:logGet(46)) - raft.server.log.purge.upto.snapshot.index = false (default)
2022-11-01 02:15:09,907 [s1@group-29DD907A7165-FollowerState] INFO  server.RaftServerConfigKeys (ConfUtils.java:logFallback(53)) - raft.server.rpc.first-election.timeout.min = 150ms (fallback to raft.server.rpc.timeout.min)
2022-11-01 02:15:09,913 [Time-limited test] INFO  server.RaftServer (RaftServerProxy.java:startImpl(396)) - s1: start RPC server
2022-11-01 02:15:09,915 [Time-limited test] INFO  server.GrpcService (GrpcService.java:startImpl(310)) - s1: GrpcService started, listening on 45233
2022-11-01 02:15:09,918 [s1@group-29DD907A7165-FollowerState] INFO  server.RaftServerConfigKeys (ConfUtils.java:logFallback(53)) - raft.server.rpc.first-election.timeout.max = 300ms (fallback to raft.server.rpc.timeout.max)
2022-11-01 02:15:09,924 [Time-limited test] INFO  server.GrpcService (GrpcService.java:startImpl(310)) - s1: GrpcService started, listening on 43051
2022-11-01 02:15:09,926 [Time-limited test] INFO  server.GrpcService (GrpcService.java:startImpl(310)) - s1: GrpcService started, listening on 41551
2022-11-01 02:15:09,928 [s2-impl-thread1] INFO  server.RaftServerConfigKeys (ConfUtils.java:logGet(46)) - raft.server.storage.free-space.min = 0MB (=0) (default)
2022-11-01 02:15:09,928 [s2-impl-thread1] INFO  server.RaftServerConfigKeys (ConfUtils.java:logGet(46)) - raft.server.log.corruption.policy = EXCEPTION (default)
2022-11-01 02:15:09,928 [s2-impl-thread1] INFO  server.RaftServerConfigKeys (ConfUtils.java:logGet(46)) - raft.server.storage.dir = [/home/runner/work/ratis/ratis/ratis-test/target/test/data/19a9d697/MiniRaftClusterWithGrpc3f893bf6/s2] (custom)
2022-11-01 02:15:09,929 [s2-impl-thread1] INFO  storage.RaftStorageDirectory (RaftStorageDirectoryImpl.java:analyzeStorage(138)) - The storage directory /home/runner/work/ratis/ratis/ratis-test/target/test/data/19a9d697/MiniRaftClusterWithGrpc3f893bf6/s2/c6497b79-67e1-4192-b4ee-29dd907a7165 does not exist. Creating ...
2022-11-01 02:15:09,929 [s2-impl-thread1] TRACE util.FileUtils (LogUtils.java:runAndLog(49)) - Successfully ran Files.createDirectories /home/runner/work/ratis/ratis/ratis-test/target/test/data/19a9d697/MiniRaftClusterWithGrpc3f893bf6/s2/c6497b79-67e1-4192-b4ee-29dd907a7165
2022-11-01 02:15:09,931 [s2-impl-thread1] INFO  storage.RaftStorageDirectory (RaftStorageDirectoryImpl.java:tryLock(232)) - Lock on /home/runner/work/ratis/ratis/ratis-test/target/test/data/19a9d697/MiniRaftClusterWithGrpc3f893bf6/s2/c6497b79-67e1-4192-b4ee-29dd907a7165/in_use.lock acquired by nodename 16462@fv-az220-163
2022-11-01 02:15:09,931 [s2-impl-thread1] TRACE util.FileUtils (LogUtils.java:runAndLog(49)) - Successfully ran Files.createDirectories /home/runner/work/ratis/ratis/ratis-test/target/test/data/19a9d697/MiniRaftClusterWithGrpc3f893bf6/s2/c6497b79-67e1-4192-b4ee-29dd907a7165/current
2022-11-01 02:15:09,931 [s2-impl-thread1] TRACE util.FileUtils (LogUtils.java:runAndLog(49)) - Successfully ran Files.createDirectories /home/runner/work/ratis/ratis/ratis-test/target/test/data/19a9d697/MiniRaftClusterWithGrpc3f893bf6/s2/c6497b79-67e1-4192-b4ee-29dd907a7165/sm
2022-11-01 02:15:09,931 [JvmPauseMonitor3] INFO  util.JvmPauseMonitor (JvmPauseMonitor.java:run(105)) - JvmPauseMonitor-s1: Started
2022-11-01 02:15:09,932 [s2-impl-thread1] INFO  storage.RaftStorage (RaftStorageImpl.java:format(96)) - Storage directory /home/runner/work/ratis/ratis/ratis-test/target/test/data/19a9d697/MiniRaftClusterWithGrpc3f893bf6/s2/c6497b79-67e1-4192-b4ee-29dd907a7165 has been successfully formatted.
2022-11-01 02:15:09,933 [s2-impl-thread1] INFO  server.RaftServerConfigKeys (ConfUtils.java:logGet(46)) - raft.server.log.use.memory = false (default)
2022-11-01 02:15:09,933 [s2-impl-thread1] INFO  server.RaftServerConfigKeys (ConfUtils.java:logGet(46)) - raft.server.log.purge.gap = 1024 (default)
2022-11-01 02:15:09,933 [s2-impl-thread1] INFO  server.RaftServerConfigKeys (ConfUtils.java:logGet(46)) - raft.server.log.appender.buffer.byte-limit = 4MB (=4194304) (default)
2022-11-01 02:15:09,933 [s2-impl-thread1] INFO  server.RaftServerConfigKeys (ConfUtils.java:logGet(46)) - raft.server.log.statemachine.data.read.timeout = 1000ms (default)
2022-11-01 02:15:09,933 [s2-impl-thread1] INFO  server.RaftServerConfigKeys (ConfUtils.java:logGet(46)) - raft.server.log.purge.preservation.log.num = 0 (default)
2022-11-01 02:15:09,935 [s2-impl-thread1] INFO  server.RaftServerConfigKeys (ConfUtils.java:logGet(46)) - raft.server.log.segment.size.max = 8MB (=8388608) (default)
2022-11-01 02:15:09,936 [s2-impl-thread1] INFO  server.RaftServerConfigKeys (ConfUtils.java:logGet(46)) - raft.server.log.segment.cache.num.max = 6 (default)
2022-11-01 02:15:09,936 [s2-impl-thread1] INFO  server.RaftServerConfigKeys (ConfUtils.java:logGet(46)) - raft.server.log.segment.cache.size.max = 200MB (=209715200) (default)
2022-11-01 02:15:09,936 [s2-impl-thread1] INFO  segmented.SegmentedRaftLogWorker (SegmentedRaftLogWorker.java:<init>(184)) - new s2@group-29DD907A7165-SegmentedRaftLogWorker for RaftStorageImpl:Storage Directory /home/runner/work/ratis/ratis/ratis-test/target/test/data/19a9d697/MiniRaftClusterWithGrpc3f893bf6/s2/c6497b79-67e1-4192-b4ee-29dd907a7165
2022-11-01 02:15:09,936 [s2-impl-thread1] INFO  server.RaftServerConfigKeys (ConfUtils.java:logGet(46)) - raft.server.log.queue.byte-limit = 64MB (=67108864) (default)
2022-11-01 02:15:09,936 [s2-impl-thread1] INFO  server.RaftServerConfigKeys (ConfUtils.java:logGet(46)) - raft.server.log.queue.element-limit = 4096 (default)
2022-11-01 02:15:09,936 [s2-impl-thread1] INFO  server.RaftServerConfigKeys (ConfUtils.java:logGet(46)) - raft.server.log.segment.size.max = 8MB (=8388608) (default)
2022-11-01 02:15:09,937 [s2-impl-thread1] INFO  server.RaftServerConfigKeys (ConfUtils.java:logGet(46)) - raft.server.log.preallocated.size = 4MB (=4194304) (default)
2022-11-01 02:15:09,937 [s2-impl-thread1] INFO  server.RaftServerConfigKeys (ConfUtils.java:logGet(46)) - raft.server.log.force.sync.num = 128 (default)
2022-11-01 02:15:09,937 [s2-impl-thread1] INFO  server.RaftServerConfigKeys (ConfUtils.java:logGet(46)) - raft.server.log.statemachine.data.sync = true (default)
2022-11-01 02:15:09,937 [s2-impl-thread1] INFO  server.RaftServerConfigKeys (ConfUtils.java:logGet(46)) - raft.server.log.statemachine.data.sync.timeout = 10s (default)
2022-11-01 02:15:09,937 [s2-impl-thread1] INFO  server.RaftServerConfigKeys (ConfUtils.java:logGet(46)) - raft.server.log.statemachine.data.sync.timeout.retry = -1 (default)
2022-11-01 02:15:09,937 [s2-impl-thread1] INFO  server.RaftServerConfigKeys (ConfUtils.java:logGet(46)) - raft.server.log.write.buffer.size = 64KB (=65536) (default)
2022-11-01 02:15:09,938 [s2-impl-thread1] INFO  server.RaftServerConfigKeys (ConfUtils.java:logGet(46)) - raft.server.log.appender.buffer.byte-limit = 4MB (=4194304) (default)
2022-11-01 02:15:09,938 [s2-impl-thread1] INFO  server.RaftServerConfigKeys (ConfUtils.java:logGet(46)) - raft.server.log.unsafe-flush.enabled = false (default)
2022-11-01 02:15:09,938 [s2-impl-thread1] INFO  server.RaftServerConfigKeys (ConfUtils.java:logGet(46)) - raft.server.log.async-flush.enabled = false (default)
2022-11-01 02:15:09,938 [s2-impl-thread1] INFO  server.RaftServerConfigKeys (ConfUtils.java:logGet(46)) - raft.server.log.statemachine.data.caching.enabled = false (default)
2022-11-01 02:15:09,938 [s2-impl-thread1] INFO  segmented.SegmentedRaftLogWorker (SegmentedRaftLogWorker.java:lambda$new$0(134)) - s2@group-29DD907A7165-SegmentedRaftLogWorker: flushIndex: setUnconditionally 0 -> -1
2022-11-01 02:15:09,938 [s2-impl-thread1] INFO  segmented.SegmentedRaftLogWorker (SegmentedRaftLogWorker.java:lambda$new$0(134)) - s2@group-29DD907A7165-SegmentedRaftLogWorker: safeCacheEvictIndex: setUnconditionally 0 -> -1
2022-11-01 02:15:09,939 [s2-impl-thread1] INFO  server.RaftServer$Division (RaftServerImpl.java:start(338)) - s2@group-29DD907A7165: start as a follower, conf=-1: peers:[s3|rpc:localhost:46863|admin:localhost:41281|client:localhost:41041|dataStream:localhost:44363|priority:0|startupRole:FOLLOWER, s4|rpc:localhost:36775|admin:localhost:35477|client:localhost:46475|dataStream:localhost:42557|priority:0|startupRole:FOLLOWER, s0|rpc:localhost:33119|admin:localhost:42011|client:localhost:45597|dataStream:localhost:34507|priority:0|startupRole:FOLLOWER, s1|rpc:localhost:43051|admin:localhost:41551|client:localhost:45233|dataStream:localhost:41779|priority:0|startupRole:FOLLOWER, s2|rpc:localhost:41201|admin:localhost:41487|client:localhost:41547|dataStream:localhost:43565|priority:0|startupRole:FOLLOWER]|listeners:[], old=null
2022-11-01 02:15:09,939 [s2-impl-thread1] INFO  server.RaftServer$Division (RaftServerImpl.java:setRole(325)) - s2@group-29DD907A7165: changes role from      null to FOLLOWER at term 0 for startAsFollower
2022-11-01 02:15:09,939 [s2-impl-thread1] INFO  impl.RoleInfo (RoleInfo.java:updateAndGet(139)) - s2: start s2@group-29DD907A7165-FollowerState
2022-11-01 02:15:09,939 [s2-impl-thread1] INFO  util.JmxRegister (JmxRegister.java:tryRegister(44)) - Successfully registered JMX Bean with object name Ratis:service=RaftServer,group=group-29DD907A7165,id=s2
2022-11-01 02:15:09,940 [s2-impl-thread1] INFO  server.RaftServerConfigKeys (ConfUtils.java:logGet(46)) - raft.server.snapshot.auto.trigger.enabled = false (default)
2022-11-01 02:15:09,940 [s2-impl-thread1] INFO  server.RaftServerConfigKeys (ConfUtils.java:logGet(46)) - raft.server.snapshot.retention.file.num = -1 (default)
2022-11-01 02:15:09,940 [s2-impl-thread1] INFO  server.RaftServerConfigKeys (ConfUtils.java:logGet(46)) - raft.server.log.purge.upto.snapshot.index = false (default)
2022-11-01 02:15:09,941 [s2@group-29DD907A7165-FollowerState] INFO  server.RaftServerConfigKeys (ConfUtils.java:logFallback(53)) - raft.server.rpc.first-election.timeout.min = 150ms (fallback to raft.server.rpc.timeout.min)
2022-11-01 02:15:09,941 [s2@group-29DD907A7165-FollowerState] INFO  server.RaftServerConfigKeys (ConfUtils.java:logFallback(53)) - raft.server.rpc.first-election.timeout.max = 300ms (fallback to raft.server.rpc.timeout.max)
2022-11-01 02:15:09,947 [Time-limited test] INFO  server.RaftServer (RaftServerProxy.java:startImpl(396)) - s2: start RPC server
2022-11-01 02:15:09,949 [Time-limited test] INFO  server.GrpcService (GrpcService.java:startImpl(310)) - s2: GrpcService started, listening on 41547
2022-11-01 02:15:09,950 [Time-limited test] INFO  server.GrpcService (GrpcService.java:startImpl(310)) - s2: GrpcService started, listening on 41201
2022-11-01 02:15:09,951 [Time-limited test] INFO  server.GrpcService (GrpcService.java:startImpl(310)) - s2: GrpcService started, listening on 41487
2022-11-01 02:15:09,955 [Time-limited test] INFO  server.RaftServerConfigKeys (ConfUtils.java:logGet(46)) - raft.server.rpc.timeout.max = 300ms (default)
2022-11-01 02:15:09,966 [JvmPauseMonitor4] INFO  util.JvmPauseMonitor (JvmPauseMonitor.java:run(105)) - JvmPauseMonitor-s2: Started
2022-11-01 02:15:09,970 [Time-limited test] INFO  ratis.RaftTestUtil (RaftTestUtil.java:waitForLeader(100)) - printing ALL groups
  s3:  RUNNING  FOLLOWER s3@group-29DD907A7165:t0, leader=null, voted=, raftlog=Memoized:s3@group-29DD907A7165-SegmentedRaftLog:OPENED:c-1, conf=-1: peers:[s3|rpc:localhost:46863|admin:localhost:41281|client:localhost:41041|dataStream:localhost:44363|priority:0|startupRole:FOLLOWER, s4|rpc:localhost:36775|admin:localhost:35477|client:localhost:46475|dataStream:localhost:42557|priority:0|startupRole:FOLLOWER, s0|rpc:localhost:33119|admin:localhost:42011|client:localhost:45597|dataStream:localhost:34507|priority:0|startupRole:FOLLOWER, s1|rpc:localhost:43051|admin:localhost:41551|client:localhost:45233|dataStream:localhost:41779|priority:0|startupRole:FOLLOWER, s2|rpc:localhost:41201|admin:localhost:41487|client:localhost:41547|dataStream:localhost:43565|priority:0|startupRole:FOLLOWER]|listeners:[], old=null RUNNING
  s4:  RUNNING  FOLLOWER s4@group-29DD907A7165:t0, leader=null, voted=, raftlog=Memoized:s4@group-29DD907A7165-SegmentedRaftLog:OPENED:c-1, conf=-1: peers:[s3|rpc:localhost:46863|admin:localhost:41281|client:localhost:41041|dataStream:localhost:44363|priority:0|startupRole:FOLLOWER, s4|rpc:localhost:36775|admin:localhost:35477|client:localhost:46475|dataStream:localhost:42557|priority:0|startupRole:FOLLOWER, s0|rpc:localhost:33119|admin:localhost:42011|client:localhost:45597|dataStream:localhost:34507|priority:0|startupRole:FOLLOWER, s1|rpc:localhost:43051|admin:localhost:41551|client:localhost:45233|dataStream:localhost:41779|priority:0|startupRole:FOLLOWER, s2|rpc:localhost:41201|admin:localhost:41487|client:localhost:41547|dataStream:localhost:43565|priority:0|startupRole:FOLLOWER]|listeners:[], old=null RUNNING
  s0:  RUNNING  FOLLOWER s0@group-29DD907A7165:t0, leader=null, voted=, raftlog=Memoized:s0@group-29DD907A7165-SegmentedRaftLog:OPENED:c-1, conf=-1: peers:[s3|rpc:localhost:46863|admin:localhost:41281|client:localhost:41041|dataStream:localhost:44363|priority:0|startupRole:FOLLOWER, s4|rpc:localhost:36775|admin:localhost:35477|client:localhost:46475|dataStream:localhost:42557|priority:0|startupRole:FOLLOWER, s0|rpc:localhost:33119|admin:localhost:42011|client:localhost:45597|dataStream:localhost:34507|priority:0|startupRole:FOLLOWER, s1|rpc:localhost:43051|admin:localhost:41551|client:localhost:45233|dataStream:localhost:41779|priority:0|startupRole:FOLLOWER, s2|rpc:localhost:41201|admin:localhost:41487|client:localhost:41547|dataStream:localhost:43565|priority:0|startupRole:FOLLOWER]|listeners:[], old=null RUNNING
  s1:  RUNNING  FOLLOWER s1@group-29DD907A7165:t0, leader=null, voted=, raftlog=Memoized:s1@group-29DD907A7165-SegmentedRaftLog:OPENED:c-1, conf=-1: peers:[s3|rpc:localhost:46863|admin:localhost:41281|client:localhost:41041|dataStream:localhost:44363|priority:0|startupRole:FOLLOWER, s4|rpc:localhost:36775|admin:localhost:35477|client:localhost:46475|dataStream:localhost:42557|priority:0|startupRole:FOLLOWER, s0|rpc:localhost:33119|admin:localhost:42011|client:localhost:45597|dataStream:localhost:34507|priority:0|startupRole:FOLLOWER, s1|rpc:localhost:43051|admin:localhost:41551|client:localhost:45233|dataStream:localhost:41779|priority:0|startupRole:FOLLOWER, s2|rpc:localhost:41201|admin:localhost:41487|client:localhost:41547|dataStream:localhost:43565|priority:0|startupRole:FOLLOWER]|listeners:[], old=null RUNNING
  s2:  RUNNING  FOLLOWER s2@group-29DD907A7165:t0, leader=null, voted=, raftlog=Memoized:s2@group-29DD907A7165-SegmentedRaftLog:OPENED:c-1, conf=-1: peers:[s3|rpc:localhost:46863|admin:localhost:41281|client:localhost:41041|dataStream:localhost:44363|priority:0|startupRole:FOLLOWER, s4|rpc:localhost:36775|admin:localhost:35477|client:localhost:46475|dataStream:localhost:42557|priority:0|startupRole:FOLLOWER, s0|rpc:localhost:33119|admin:localhost:42011|client:localhost:45597|dataStream:localhost:34507|priority:0|startupRole:FOLLOWER, s1|rpc:localhost:43051|admin:localhost:41551|client:localhost:45233|dataStream:localhost:41779|priority:0|startupRole:FOLLOWER, s2|rpc:localhost:41201|admin:localhost:41487|client:localhost:41547|dataStream:localhost:43565|priority:0|startupRole:FOLLOWER]|listeners:[], old=null RUNNING
2022-11-01 02:15:09,974 [s3@group-29DD907A7165-FollowerState] INFO  impl.FollowerState (FollowerState.java:run(143)) - s3@group-29DD907A7165-FollowerState: change to CANDIDATE, lastRpcElapsedTime:252235555ns, electionTimeout:232ms
2022-11-01 02:15:09,974 [s3@group-29DD907A7165-FollowerState] INFO  impl.RoleInfo (RoleInfo.java:shutdownFollowerState(110)) - s3: shutdown s3@group-29DD907A7165-FollowerState
2022-11-01 02:15:09,974 [s3@group-29DD907A7165-FollowerState] INFO  server.RaftServer$Division (RaftServerImpl.java:setRole(325)) - s3@group-29DD907A7165: changes role from  FOLLOWER to CANDIDATE at term 0 for changeToCandidate
2022-11-01 02:15:09,977 [s3@group-29DD907A7165-FollowerState] INFO  server.RaftServerConfigKeys (ConfUtils.java:logGet(46)) - raft.server.leaderelection.pre-vote = true (default)
2022-11-01 02:15:09,977 [s3@group-29DD907A7165-FollowerState] INFO  impl.RoleInfo (RoleInfo.java:updateAndGet(139)) - s3: start s3@group-29DD907A7165-LeaderElection1
2022-11-01 02:15:09,982 [Time-limited test] WARN  ratis.RaftTestUtil (JavaUtils.java:attempt(217)) - FAILED "waitForLeader-null-(expectLeader? true)", attempt #1/100: java.lang.IllegalStateException: No leader yet : printing ALL groups
  s3:  RUNNING  FOLLOWER s3@group-29DD907A7165:t0, leader=null, voted=, raftlog=Memoized:s3@group-29DD907A7165-SegmentedRaftLog:OPENED:c-1, conf=-1: peers:[s3|rpc:localhost:46863|admin:localhost:41281|client:localhost:41041|dataStream:localhost:44363|priority:0|startupRole:FOLLOWER, s4|rpc:localhost:36775|admin:localhost:35477|client:localhost:46475|dataStream:localhost:42557|priority:0|startupRole:FOLLOWER, s0|rpc:localhost:33119|admin:localhost:42011|client:localhost:45597|dataStream:localhost:34507|priority:0|startupRole:FOLLOWER, s1|rpc:localhost:43051|admin:localhost:41551|client:localhost:45233|dataStream:localhost:41779|priority:0|startupRole:FOLLOWER, s2|rpc:localhost:41201|admin:localhost:41487|client:localhost:41547|dataStream:localhost:43565|priority:0|startupRole:FOLLOWER]|listeners:[], old=null RUNNING
  s4:  RUNNING  FOLLOWER s4@group-29DD907A7165:t0, leader=null, voted=, raftlog=Memoized:s4@group-29DD907A7165-SegmentedRaftLog:OPENED:c-1, conf=-1: peers:[s3|rpc:localhost:46863|admin:localhost:41281|client:localhost:41041|dataStream:localhost:44363|priority:0|startupRole:FOLLOWER, s4|rpc:localhost:36775|admin:localhost:35477|client:localhost:46475|dataStream:localhost:42557|priority:0|startupRole:FOLLOWER, s0|rpc:localhost:33119|admin:localhost:42011|client:localhost:45597|dataStream:localhost:34507|priority:0|startupRole:FOLLOWER, s1|rpc:localhost:43051|admin:localhost:41551|client:localhost:45233|dataStream:localhost:41779|priority:0|startupRole:FOLLOWER, s2|rpc:localhost:41201|admin:localhost:41487|client:localhost:41547|dataStream:localhost:43565|priority:0|startupRole:FOLLOWER]|listeners:[], old=null RUNNING
  s0:  RUNNING  FOLLOWER s0@group-29DD907A7165:t0, leader=null, voted=, raftlog=Memoized:s0@group-29DD907A7165-SegmentedRaftLog:OPENED:c-1, conf=-1: peers:[s3|rpc:localhost:46863|admin:localhost:41281|client:localhost:41041|dataStream:localhost:44363|priority:0|startupRole:FOLLOWER, s4|rpc:localhost:36775|admin:localhost:35477|client:localhost:46475|dataStream:localhost:42557|priority:0|startupRole:FOLLOWER, s0|rpc:localhost:33119|admin:localhost:42011|client:localhost:45597|dataStream:localhost:34507|priority:0|startupRole:FOLLOWER, s1|rpc:localhost:43051|admin:localhost:41551|client:localhost:45233|dataStream:localhost:41779|priority:0|startupRole:FOLLOWER, s2|rpc:localhost:41201|admin:localhost:41487|client:localhost:41547|dataStream:localhost:43565|priority:0|startupRole:FOLLOWER]|listeners:[], old=null RUNNING
  s1:  RUNNING  FOLLOWER s1@group-29DD907A7165:t0, leader=null, voted=, raftlog=Memoized:s1@group-29DD907A7165-SegmentedRaftLog:OPENED:c-1, conf=-1: peers:[s3|rpc:localhost:46863|admin:localhost:41281|client:localhost:41041|dataStream:localhost:44363|priority:0|startupRole:FOLLOWER, s4|rpc:localhost:36775|admin:localhost:35477|client:localhost:46475|dataStream:localhost:42557|priority:0|startupRole:FOLLOWER, s0|rpc:localhost:33119|admin:localhost:42011|client:localhost:45597|dataStream:localhost:34507|priority:0|startupRole:FOLLOWER, s1|rpc:localhost:43051|admin:localhost:41551|client:localhost:45233|dataStream:localhost:41779|priority:0|startupRole:FOLLOWER, s2|rpc:localhost:41201|admin:localhost:41487|client:localhost:41547|dataStream:localhost:43565|priority:0|startupRole:FOLLOWER]|listeners:[], old=null RUNNING
  s2:  RUNNING  FOLLOWER s2@group-29DD907A7165:t0, leader=null, voted=, raftlog=Memoized:s2@group-29DD907A7165-SegmentedRaftLog:OPENED:c-1, conf=-1: peers:[s3|rpc:localhost:46863|admin:localhost:41281|client:localhost:41041|dataStream:localhost:44363|priority:0|startupRole:FOLLOWER, s4|rpc:localhost:36775|admin:localhost:35477|client:localhost:46475|dataStream:localhost:42557|priority:0|startupRole:FOLLOWER, s0|rpc:localhost:33119|admin:localhost:42011|client:localhost:45597|dataStream:localhost:34507|priority:0|startupRole:FOLLOWER, s1|rpc:localhost:43051|admin:localhost:41551|client:localhost:45233|dataStream:localhost:41779|priority:0|startupRole:FOLLOWER, s2|rpc:localhost:41201|admin:localhost:41487|client:localhost:41547|dataStream:localhost:43565|priority:0|startupRole:FOLLOWER]|listeners:[], old=null RUNNING, sleep 450ms and then retry.
java.lang.IllegalStateException: No leader yet : printing ALL groups
  s3:  RUNNING  FOLLOWER s3@group-29DD907A7165:t0, leader=null, voted=, raftlog=Memoized:s3@group-29DD907A7165-SegmentedRaftLog:OPENED:c-1, conf=-1: peers:[s3|rpc:localhost:46863|admin:localhost:41281|client:localhost:41041|dataStream:localhost:44363|priority:0|startupRole:FOLLOWER, s4|rpc:localhost:36775|admin:localhost:35477|client:localhost:46475|dataStream:localhost:42557|priority:0|startupRole:FOLLOWER, s0|rpc:localhost:33119|admin:localhost:42011|client:localhost:45597|dataStream:localhost:34507|priority:0|startupRole:FOLLOWER, s1|rpc:localhost:43051|admin:localhost:41551|client:localhost:45233|dataStream:localhost:41779|priority:0|startupRole:FOLLOWER, s2|rpc:localhost:41201|admin:localhost:41487|client:localhost:41547|dataStream:localhost:43565|priority:0|startupRole:FOLLOWER]|listeners:[], old=null RUNNING
  s4:  RUNNING  FOLLOWER s4@group-29DD907A7165:t0, leader=null, voted=, raftlog=Memoized:s4@group-29DD907A7165-SegmentedRaftLog:OPENED:c-1, conf=-1: peers:[s3|rpc:localhost:46863|admin:localhost:41281|client:localhost:41041|dataStream:localhost:44363|priority:0|startupRole:FOLLOWER, s4|rpc:localhost:36775|admin:localhost:35477|client:localhost:46475|dataStream:localhost:42557|priority:0|startupRole:FOLLOWER, s0|rpc:localhost:33119|admin:localhost:42011|client:localhost:45597|dataStream:localhost:34507|priority:0|startupRole:FOLLOWER, s1|rpc:localhost:43051|admin:localhost:41551|client:localhost:45233|dataStream:localhost:41779|priority:0|startupRole:FOLLOWER, s2|rpc:localhost:41201|admin:localhost:41487|client:localhost:41547|dataStream:localhost:43565|priority:0|startupRole:FOLLOWER]|listeners:[], old=null RUNNING
  s0:  RUNNING  FOLLOWER s0@group-29DD907A7165:t0, leader=null, voted=, raftlog=Memoized:s0@group-29DD907A7165-SegmentedRaftLog:OPENED:c-1, conf=-1: peers:[s3|rpc:localhost:46863|admin:localhost:41281|client:localhost:41041|dataStream:localhost:44363|priority:0|startupRole:FOLLOWER, s4|rpc:localhost:36775|admin:localhost:35477|client:localhost:46475|dataStream:localhost:42557|priority:0|startupRole:FOLLOWER, s0|rpc:localhost:33119|admin:localhost:42011|client:localhost:45597|dataStream:localhost:34507|priority:0|startupRole:FOLLOWER, s1|rpc:localhost:43051|admin:localhost:41551|client:localhost:45233|dataStream:localhost:41779|priority:0|startupRole:FOLLOWER, s2|rpc:localhost:41201|admin:localhost:41487|client:localhost:41547|dataStream:localhost:43565|priority:0|startupRole:FOLLOWER]|listeners:[], old=null RUNNING
  s1:  RUNNING  FOLLOWER s1@group-29DD907A7165:t0, leader=null, voted=, raftlog=Memoized:s1@group-29DD907A7165-SegmentedRaftLog:OPENED:c-1, conf=-1: peers:[s3|rpc:localhost:46863|admin:localhost:41281|client:localhost:41041|dataStream:localhost:44363|priority:0|startupRole:FOLLOWER, s4|rpc:localhost:36775|admin:localhost:35477|client:localhost:46475|dataStream:localhost:42557|priority:0|startupRole:FOLLOWER, s0|rpc:localhost:33119|admin:localhost:42011|client:localhost:45597|dataStream:localhost:34507|priority:0|startupRole:FOLLOWER, s1|rpc:localhost:43051|admin:localhost:41551|client:localhost:45233|dataStream:localhost:41779|priority:0|startupRole:FOLLOWER, s2|rpc:localhost:41201|admin:localhost:41487|client:localhost:41547|dataStream:localhost:43565|priority:0|startupRole:FOLLOWER]|listeners:[], old=null RUNNING
  s2:  RUNNING  FOLLOWER s2@group-29DD907A7165:t0, leader=null, voted=, raftlog=Memoized:s2@group-29DD907A7165-SegmentedRaftLog:OPENED:c-1, conf=-1: peers:[s3|rpc:localhost:46863|admin:localhost:41281|client:localhost:41041|dataStream:localhost:44363|priority:0|startupRole:FOLLOWER, s4|rpc:localhost:36775|admin:localhost:35477|client:localhost:46475|dataStream:localhost:42557|priority:0|startupRole:FOLLOWER, s0|rpc:localhost:33119|admin:localhost:42011|client:localhost:45597|dataStream:localhost:34507|priority:0|startupRole:FOLLOWER, s1|rpc:localhost:43051|admin:localhost:41551|client:localhost:45233|dataStream:localhost:41779|priority:0|startupRole:FOLLOWER, s2|rpc:localhost:41201|admin:localhost:41487|client:localhost:41547|dataStream:localhost:43565|priority:0|startupRole:FOLLOWER]|listeners:[], old=null RUNNING
	at org.apache.ratis.server.impl.MiniRaftCluster.newIllegalStateExceptionForNoLeaders(MiniRaftCluster.java:581)
	at org.apache.ratis.RaftTestUtil.lambda$waitForLeader$1(RaftTestUtil.java:104)
	at org.apache.ratis.server.impl.MiniRaftCluster.getLeader(MiniRaftCluster.java:615)
	at org.apache.ratis.server.impl.MiniRaftCluster.getLeader(MiniRaftCluster.java:608)
	at org.apache.ratis.RaftTestUtil.lambda$waitForLeader$3(RaftTestUtil.java:112)
	at org.apache.ratis.util.JavaUtils.attempt(JavaUtils.java:211)
	at org.apache.ratis.util.JavaUtils.attemptRepeatedly(JavaUtils.java:197)
	at org.apache.ratis.RaftTestUtil.waitForLeader(RaftTestUtil.java:111)
	at org.apache.ratis.RaftTestUtil.waitForLeader(RaftTestUtil.java:92)
	at org.apache.ratis.RaftTestUtil.waitForLeader(RaftTestUtil.java:87)
	at org.apache.ratis.server.impl.LeaderElectionTests.testEnforceLeader(LeaderElectionTests.java:277)
	at org.apache.ratis.grpc.TestLeaderElectionWithGrpc.testEnforceLeader(TestLeaderElectionWithGrpc.java:31)
	at java.base/jdk.internal.reflect.NativeMethodAccessorImpl.invoke0(Native Method)
	at java.base/jdk.internal.reflect.NativeMethodAccessorImpl.invoke(NativeMethodAccessorImpl.java:62)
	at java.base/jdk.internal.reflect.DelegatingMethodAccessorImpl.invoke(DelegatingMethodAccessorImpl.java:43)
	at java.base/java.lang.reflect.Method.invoke(Method.java:566)
	at org.junit.runners.model.FrameworkMethod$1.runReflectiveCall(FrameworkMethod.java:59)
	at org.junit.internal.runners.model.ReflectiveCallable.run(ReflectiveCallable.java:12)
	at org.junit.runners.model.FrameworkMethod.invokeExplosively(FrameworkMethod.java:56)
	at org.junit.internal.runners.statements.InvokeMethod.evaluate(InvokeMethod.java:17)
	at org.junit.internal.runners.statements.RunAfters.evaluate(RunAfters.java:27)
	at org.junit.internal.runners.statements.FailOnTimeout$CallableStatement.call(FailOnTimeout.java:299)
	at org.junit.internal.runners.statements.FailOnTimeout$CallableStatement.call(FailOnTimeout.java:293)
	at java.base/java.util.concurrent.FutureTask.run(FutureTask.java:264)
	at java.base/java.lang.Thread.run(Thread.java:829)
2022-11-01 02:15:09,993 [s3@group-29DD907A7165-LeaderElection1] INFO  impl.LeaderElection (LeaderElection.java:askForVotes(309)) - s3@group-29DD907A7165-LeaderElection1 PRE_VOTE round 0: submit vote requests at term 0 for -1: peers:[s3|rpc:localhost:46863|admin:localhost:41281|client:localhost:41041|dataStream:localhost:44363|priority:0|startupRole:FOLLOWER, s4|rpc:localhost:36775|admin:localhost:35477|client:localhost:46475|dataStream:localhost:42557|priority:0|startupRole:FOLLOWER, s0|rpc:localhost:33119|admin:localhost:42011|client:localhost:45597|dataStream:localhost:34507|priority:0|startupRole:FOLLOWER, s1|rpc:localhost:43051|admin:localhost:41551|client:localhost:45233|dataStream:localhost:41779|priority:0|startupRole:FOLLOWER, s2|rpc:localhost:41201|admin:localhost:41487|client:localhost:41547|dataStream:localhost:43565|priority:0|startupRole:FOLLOWER]|listeners:[], old=null
2022-11-01 02:15:10,013 [s3@group-29DD907A7165-LeaderElection1] INFO  server.RaftServerConfigKeys (ConfUtils.java:logFallback(53)) - raft.server.rpc.first-election.timeout.min = 150ms (fallback to raft.server.rpc.timeout.min)
2022-11-01 02:15:10,014 [s3@group-29DD907A7165-LeaderElection1] INFO  server.RaftServerConfigKeys (ConfUtils.java:logFallback(53)) - raft.server.rpc.first-election.timeout.max = 300ms (fallback to raft.server.rpc.timeout.max)
2022-11-01 02:15:10,016 [s3@group-29DD907A7165-LeaderElection1-1] INFO  server.GrpcServerProtocolClient (GrpcServerProtocolClient.java:<init>(63)) - Build channel for s4
2022-11-01 02:15:10,016 [s4@group-29DD907A7165-FollowerState] INFO  impl.FollowerState (FollowerState.java:run(143)) - s4@group-29DD907A7165-FollowerState: change to CANDIDATE, lastRpcElapsedTime:189948897ns, electionTimeout:180ms
2022-11-01 02:15:10,017 [s4@group-29DD907A7165-FollowerState] INFO  impl.RoleInfo (RoleInfo.java:shutdownFollowerState(110)) - s4: shutdown s4@group-29DD907A7165-FollowerState
2022-11-01 02:15:10,017 [s4@group-29DD907A7165-FollowerState] INFO  server.RaftServer$Division (RaftServerImpl.java:setRole(325)) - s4@group-29DD907A7165: changes role from  FOLLOWER to CANDIDATE at term 0 for changeToCandidate
2022-11-01 02:15:10,018 [s4@group-29DD907A7165-FollowerState] INFO  server.RaftServerConfigKeys (ConfUtils.java:logGet(46)) - raft.server.leaderelection.pre-vote = true (default)
2022-11-01 02:15:10,018 [s4@group-29DD907A7165-FollowerState] INFO  impl.RoleInfo (RoleInfo.java:updateAndGet(139)) - s4: start s4@group-29DD907A7165-LeaderElection2
2022-11-01 02:15:10,021 [s3@group-29DD907A7165-LeaderElection1-3] INFO  server.GrpcServerProtocolClient (GrpcServerProtocolClient.java:<init>(63)) - Build channel for s1
2022-11-01 02:15:10,021 [s3@group-29DD907A7165-LeaderElection1-2] INFO  server.GrpcServerProtocolClient (GrpcServerProtocolClient.java:<init>(63)) - Build channel for s0
2022-11-01 02:15:10,024 [s3@group-29DD907A7165-LeaderElection1-4] INFO  server.GrpcServerProtocolClient (GrpcServerProtocolClient.java:<init>(63)) - Build channel for s2
2022-11-01 02:15:10,025 [s4@group-29DD907A7165-LeaderElection2] INFO  impl.LeaderElection (LeaderElection.java:askForVotes(309)) - s4@group-29DD907A7165-LeaderElection2 PRE_VOTE round 0: submit vote requests at term 0 for -1: peers:[s3|rpc:localhost:46863|admin:localhost:41281|client:localhost:41041|dataStream:localhost:44363|priority:0|startupRole:FOLLOWER, s4|rpc:localhost:36775|admin:localhost:35477|client:localhost:46475|dataStream:localhost:42557|priority:0|startupRole:FOLLOWER, s0|rpc:localhost:33119|admin:localhost:42011|client:localhost:45597|dataStream:localhost:34507|priority:0|startupRole:FOLLOWER, s1|rpc:localhost:43051|admin:localhost:41551|client:localhost:45233|dataStream:localhost:41779|priority:0|startupRole:FOLLOWER, s2|rpc:localhost:41201|admin:localhost:41487|client:localhost:41547|dataStream:localhost:43565|priority:0|startupRole:FOLLOWER]|listeners:[], old=null
2022-11-01 02:15:10,049 [s4@group-29DD907A7165-LeaderElection2-2] INFO  server.GrpcServerProtocolClient (GrpcServerProtocolClient.java:<init>(63)) - Build channel for s0
2022-11-01 02:15:10,049 [s4@group-29DD907A7165-LeaderElection2-3] INFO  server.GrpcServerProtocolClient (GrpcServerProtocolClient.java:<init>(63)) - Build channel for s1
2022-11-01 02:15:10,051 [s4@group-29DD907A7165-LeaderElection2] INFO  server.RaftServerConfigKeys (ConfUtils.java:logFallback(53)) - raft.server.rpc.first-election.timeout.min = 150ms (fallback to raft.server.rpc.timeout.min)
2022-11-01 02:15:10,052 [s4@group-29DD907A7165-LeaderElection2] INFO  server.RaftServerConfigKeys (ConfUtils.java:logFallback(53)) - raft.server.rpc.first-election.timeout.max = 300ms (fallback to raft.server.rpc.timeout.max)
2022-11-01 02:15:10,053 [s4@group-29DD907A7165-LeaderElection2-1] INFO  server.GrpcServerProtocolClient (GrpcServerProtocolClient.java:<init>(63)) - Build channel for s3
2022-11-01 02:15:10,065 [s4@group-29DD907A7165-LeaderElection2-4] INFO  server.GrpcServerProtocolClient (GrpcServerProtocolClient.java:<init>(63)) - Build channel for s2
2022-11-01 02:15:10,070 [s1@group-29DD907A7165-FollowerState] INFO  impl.FollowerState (FollowerState.java:run(143)) - s1@group-29DD907A7165-FollowerState: change to CANDIDATE, lastRpcElapsedTime:164661311ns, electionTimeout:150ms
2022-11-01 02:15:10,071 [s1@group-29DD907A7165-FollowerState] INFO  impl.RoleInfo (RoleInfo.java:shutdownFollowerState(110)) - s1: shutdown s1@group-29DD907A7165-FollowerState
2022-11-01 02:15:10,071 [s1@group-29DD907A7165-FollowerState] INFO  server.RaftServer$Division (RaftServerImpl.java:setRole(325)) - s1@group-29DD907A7165: changes role from  FOLLOWER to CANDIDATE at term 0 for changeToCandidate
2022-11-01 02:15:10,071 [s1@group-29DD907A7165-FollowerState] INFO  server.RaftServerConfigKeys (ConfUtils.java:logGet(46)) - raft.server.leaderelection.pre-vote = true (default)
2022-11-01 02:15:10,071 [s1@group-29DD907A7165-FollowerState] INFO  impl.RoleInfo (RoleInfo.java:updateAndGet(139)) - s1: start s1@group-29DD907A7165-LeaderElection3
2022-11-01 02:15:10,076 [s0@group-29DD907A7165-FollowerState] INFO  impl.FollowerState (FollowerState.java:run(143)) - s0@group-29DD907A7165-FollowerState: change to CANDIDATE, lastRpcElapsedTime:199436067ns, electionTimeout:190ms
2022-11-01 02:15:10,076 [s0@group-29DD907A7165-FollowerState] INFO  impl.RoleInfo (RoleInfo.java:shutdownFollowerState(110)) - s0: shutdown s0@group-29DD907A7165-FollowerState
2022-11-01 02:15:10,076 [s0@group-29DD907A7165-FollowerState] INFO  server.RaftServer$Division (RaftServerImpl.java:setRole(325)) - s0@group-29DD907A7165: changes role from  FOLLOWER to CANDIDATE at term 0 for changeToCandidate
2022-11-01 02:15:10,079 [s0@group-29DD907A7165-FollowerState] INFO  server.RaftServerConfigKeys (ConfUtils.java:logGet(46)) - raft.server.leaderelection.pre-vote = true (default)
2022-11-01 02:15:10,079 [s0@group-29DD907A7165-FollowerState] INFO  impl.RoleInfo (RoleInfo.java:updateAndGet(139)) - s0: start s0@group-29DD907A7165-LeaderElection4
2022-11-01 02:15:10,093 [s1@group-29DD907A7165-LeaderElection3] INFO  impl.LeaderElection (LeaderElection.java:askForVotes(309)) - s1@group-29DD907A7165-LeaderElection3 PRE_VOTE round 0: submit vote requests at term 0 for -1: peers:[s3|rpc:localhost:46863|admin:localhost:41281|client:localhost:41041|dataStream:localhost:44363|priority:0|startupRole:FOLLOWER, s4|rpc:localhost:36775|admin:localhost:35477|client:localhost:46475|dataStream:localhost:42557|priority:0|startupRole:FOLLOWER, s0|rpc:localhost:33119|admin:localhost:42011|client:localhost:45597|dataStream:localhost:34507|priority:0|startupRole:FOLLOWER, s1|rpc:localhost:43051|admin:localhost:41551|client:localhost:45233|dataStream:localhost:41779|priority:0|startupRole:FOLLOWER, s2|rpc:localhost:41201|admin:localhost:41487|client:localhost:41547|dataStream:localhost:43565|priority:0|startupRole:FOLLOWER]|listeners:[], old=null
2022-11-01 02:15:10,095 [s0@group-29DD907A7165-LeaderElection4] INFO  impl.LeaderElection (LeaderElection.java:askForVotes(309)) - s0@group-29DD907A7165-LeaderElection4 PRE_VOTE round 0: submit vote requests at term 0 for -1: peers:[s3|rpc:localhost:46863|admin:localhost:41281|client:localhost:41041|dataStream:localhost:44363|priority:0|startupRole:FOLLOWER, s4|rpc:localhost:36775|admin:localhost:35477|client:localhost:46475|dataStream:localhost:42557|priority:0|startupRole:FOLLOWER, s0|rpc:localhost:33119|admin:localhost:42011|client:localhost:45597|dataStream:localhost:34507|priority:0|startupRole:FOLLOWER, s1|rpc:localhost:43051|admin:localhost:41551|client:localhost:45233|dataStream:localhost:41779|priority:0|startupRole:FOLLOWER, s2|rpc:localhost:41201|admin:localhost:41487|client:localhost:41547|dataStream:localhost:43565|priority:0|startupRole:FOLLOWER]|listeners:[], old=null
2022-11-01 02:15:10,101 [s1@group-29DD907A7165-LeaderElection3-1] INFO  server.GrpcServerProtocolClient (GrpcServerProtocolClient.java:<init>(63)) - Build channel for s3
2022-11-01 02:15:10,108 [s1@group-29DD907A7165-LeaderElection3-2] INFO  server.GrpcServerProtocolClient (GrpcServerProtocolClient.java:<init>(63)) - Build channel for s4
2022-11-01 02:15:10,108 [s0@group-29DD907A7165-LeaderElection4] INFO  server.RaftServerConfigKeys (ConfUtils.java:logFallback(53)) - raft.server.rpc.first-election.timeout.min = 150ms (fallback to raft.server.rpc.timeout.min)
2022-11-01 02:15:10,114 [s0@group-29DD907A7165-LeaderElection4] INFO  server.RaftServerConfigKeys (ConfUtils.java:logFallback(53)) - raft.server.rpc.first-election.timeout.max = 300ms (fallback to raft.server.rpc.timeout.max)
2022-11-01 02:15:10,107 [s0@group-29DD907A7165-LeaderElection4-3] INFO  server.GrpcServerProtocolClient (GrpcServerProtocolClient.java:<init>(63)) - Build channel for s1
2022-11-01 02:15:10,107 [s0@group-29DD907A7165-LeaderElection4-2] INFO  server.GrpcServerProtocolClient (GrpcServerProtocolClient.java:<init>(63)) - Build channel for s4
2022-11-01 02:15:10,101 [s2@group-29DD907A7165-FollowerState] INFO  impl.FollowerState (FollowerState.java:run(143)) - s2@group-29DD907A7165-FollowerState: change to CANDIDATE, lastRpcElapsedTime:162190294ns, electionTimeout:160ms
2022-11-01 02:15:10,118 [s2@group-29DD907A7165-FollowerState] INFO  impl.RoleInfo (RoleInfo.java:shutdownFollowerState(110)) - s2: shutdown s2@group-29DD907A7165-FollowerState
2022-11-01 02:15:10,119 [s2@group-29DD907A7165-FollowerState] INFO  server.RaftServer$Division (RaftServerImpl.java:setRole(325)) - s2@group-29DD907A7165: changes role from  FOLLOWER to CANDIDATE at term 0 for changeToCandidate
2022-11-01 02:15:10,111 [s1@group-29DD907A7165-LeaderElection3-4] INFO  server.GrpcServerProtocolClient (GrpcServerProtocolClient.java:<init>(63)) - Build channel for s2
2022-11-01 02:15:10,109 [s1@group-29DD907A7165-LeaderElection3] INFO  server.RaftServerConfigKeys (ConfUtils.java:logFallback(53)) - raft.server.rpc.first-election.timeout.min = 150ms (fallback to raft.server.rpc.timeout.min)
2022-11-01 02:15:10,125 [s1@group-29DD907A7165-LeaderElection3] INFO  server.RaftServerConfigKeys (ConfUtils.java:logFallback(53)) - raft.server.rpc.first-election.timeout.max = 300ms (fallback to raft.server.rpc.timeout.max)
2022-11-01 02:15:10,109 [s1@group-29DD907A7165-LeaderElection3-3] INFO  server.GrpcServerProtocolClient (GrpcServerProtocolClient.java:<init>(63)) - Build channel for s0
2022-11-01 02:15:10,109 [s0@group-29DD907A7165-LeaderElection4-4] INFO  server.GrpcServerProtocolClient (GrpcServerProtocolClient.java:<init>(63)) - Build channel for s2
2022-11-01 02:15:10,108 [s0@group-29DD907A7165-LeaderElection4-1] INFO  server.GrpcServerProtocolClient (GrpcServerProtocolClient.java:<init>(63)) - Build channel for s3
2022-11-01 02:15:10,119 [s2@group-29DD907A7165-FollowerState] INFO  server.RaftServerConfigKeys (ConfUtils.java:logGet(46)) - raft.server.leaderelection.pre-vote = true (default)
2022-11-01 02:15:10,126 [s2@group-29DD907A7165-FollowerState] INFO  impl.RoleInfo (RoleInfo.java:updateAndGet(139)) - s2: start s2@group-29DD907A7165-LeaderElection5
2022-11-01 02:15:10,141 [s2@group-29DD907A7165-LeaderElection5] INFO  impl.LeaderElection (LeaderElection.java:askForVotes(309)) - s2@group-29DD907A7165-LeaderElection5 PRE_VOTE round 0: submit vote requests at term 0 for -1: peers:[s3|rpc:localhost:46863|admin:localhost:41281|client:localhost:41041|dataStream:localhost:44363|priority:0|startupRole:FOLLOWER, s4|rpc:localhost:36775|admin:localhost:35477|client:localhost:46475|dataStream:localhost:42557|priority:0|startupRole:FOLLOWER, s0|rpc:localhost:33119|admin:localhost:42011|client:localhost:45597|dataStream:localhost:34507|priority:0|startupRole:FOLLOWER, s1|rpc:localhost:43051|admin:localhost:41551|client:localhost:45233|dataStream:localhost:41779|priority:0|startupRole:FOLLOWER, s2|rpc:localhost:41201|admin:localhost:41487|client:localhost:41547|dataStream:localhost:43565|priority:0|startupRole:FOLLOWER]|listeners:[], old=null
2022-11-01 02:15:10,146 [s2@group-29DD907A7165-LeaderElection5-1] INFO  server.GrpcServerProtocolClient (GrpcServerProtocolClient.java:<init>(63)) - Build channel for s3
2022-11-01 02:15:10,153 [s2@group-29DD907A7165-LeaderElection5-2] INFO  server.GrpcServerProtocolClient (GrpcServerProtocolClient.java:<init>(63)) - Build channel for s4
2022-11-01 02:15:10,156 [s2@group-29DD907A7165-LeaderElection5-3] INFO  server.GrpcServerProtocolClient (GrpcServerProtocolClient.java:<init>(63)) - Build channel for s0
2022-11-01 02:15:10,155 [s2@group-29DD907A7165-LeaderElection5-4] INFO  server.GrpcServerProtocolClient (GrpcServerProtocolClient.java:<init>(63)) - Build channel for s1
2022-11-01 02:15:10,154 [s2@group-29DD907A7165-LeaderElection5] INFO  server.RaftServerConfigKeys (ConfUtils.java:logFallback(53)) - raft.server.rpc.first-election.timeout.min = 150ms (fallback to raft.server.rpc.timeout.min)
2022-11-01 02:15:10,159 [s2@group-29DD907A7165-LeaderElection5] INFO  server.RaftServerConfigKeys (ConfUtils.java:logFallback(53)) - raft.server.rpc.first-election.timeout.max = 300ms (fallback to raft.server.rpc.timeout.max)
2022-11-01 02:15:10,228 [s4@group-29DD907A7165-LeaderElection2] INFO  impl.LeaderElection (LeaderElection.java:logAndReturn(89)) - s4@group-29DD907A7165-LeaderElection2: PRE_VOTE TIMEOUT received 0 response(s) and 0 exception(s):
2022-11-01 02:15:10,228 [s4@group-29DD907A7165-LeaderElection2] INFO  impl.LeaderElection (LeaderElection.java:askForVotes(311)) - s4@group-29DD907A7165-LeaderElection2 PRE_VOTE round 0: result TIMEOUT
2022-11-01 02:15:10,229 [s4@group-29DD907A7165-LeaderElection2] INFO  impl.LeaderElection (LeaderElection.java:askForVotes(309)) - s4@group-29DD907A7165-LeaderElection2 PRE_VOTE round 1: submit vote requests at term 0 for -1: peers:[s3|rpc:localhost:46863|admin:localhost:41281|client:localhost:41041|dataStream:localhost:44363|priority:0|startupRole:FOLLOWER, s4|rpc:localhost:36775|admin:localhost:35477|client:localhost:46475|dataStream:localhost:42557|priority:0|startupRole:FOLLOWER, s0|rpc:localhost:33119|admin:localhost:42011|client:localhost:45597|dataStream:localhost:34507|priority:0|startupRole:FOLLOWER, s1|rpc:localhost:43051|admin:localhost:41551|client:localhost:45233|dataStream:localhost:41779|priority:0|startupRole:FOLLOWER, s2|rpc:localhost:41201|admin:localhost:41487|client:localhost:41547|dataStream:localhost:43565|priority:0|startupRole:FOLLOWER]|listeners:[], old=null
2022-11-01 02:15:10,271 [s4@group-29DD907A7165-LeaderElection2] INFO  server.RaftServerConfigKeys (ConfUtils.java:logFallback(53)) - raft.server.rpc.first-election.timeout.min = 150ms (fallback to raft.server.rpc.timeout.min)
2022-11-01 02:15:10,272 [s4@group-29DD907A7165-LeaderElection2] INFO  server.RaftServerConfigKeys (ConfUtils.java:logFallback(53)) - raft.server.rpc.first-election.timeout.max = 300ms (fallback to raft.server.rpc.timeout.max)
2022-11-01 02:15:10,312 [s3@group-29DD907A7165-LeaderElection1] INFO  impl.LeaderElection (LeaderElection.java:logAndReturn(89)) - s3@group-29DD907A7165-LeaderElection1: PRE_VOTE TIMEOUT received 0 response(s) and 0 exception(s):
2022-11-01 02:15:10,314 [s3@group-29DD907A7165-LeaderElection1] INFO  impl.LeaderElection (LeaderElection.java:askForVotes(311)) - s3@group-29DD907A7165-LeaderElection1 PRE_VOTE round 0: result TIMEOUT
2022-11-01 02:15:10,315 [s3@group-29DD907A7165-LeaderElection1] INFO  impl.LeaderElection (LeaderElection.java:askForVotes(309)) - s3@group-29DD907A7165-LeaderElection1 PRE_VOTE round 1: submit vote requests at term 0 for -1: peers:[s3|rpc:localhost:46863|admin:localhost:41281|client:localhost:41041|dataStream:localhost:44363|priority:0|startupRole:FOLLOWER, s4|rpc:localhost:36775|admin:localhost:35477|client:localhost:46475|dataStream:localhost:42557|priority:0|startupRole:FOLLOWER, s0|rpc:localhost:33119|admin:localhost:42011|client:localhost:45597|dataStream:localhost:34507|priority:0|startupRole:FOLLOWER, s1|rpc:localhost:43051|admin:localhost:41551|client:localhost:45233|dataStream:localhost:41779|priority:0|startupRole:FOLLOWER, s2|rpc:localhost:41201|admin:localhost:41487|client:localhost:41547|dataStream:localhost:43565|priority:0|startupRole:FOLLOWER]|listeners:[], old=null
2022-11-01 02:15:10,325 [s0@group-29DD907A7165-LeaderElection4] INFO  impl.LeaderElection (LeaderElection.java:logAndReturn(89)) - s0@group-29DD907A7165-LeaderElection4: PRE_VOTE TIMEOUT received 0 response(s) and 0 exception(s):
2022-11-01 02:15:10,325 [s0@group-29DD907A7165-LeaderElection4] INFO  impl.LeaderElection (LeaderElection.java:askForVotes(311)) - s0@group-29DD907A7165-LeaderElection4 PRE_VOTE round 0: result TIMEOUT
2022-11-01 02:15:10,325 [s0@group-29DD907A7165-LeaderElection4] INFO  impl.LeaderElection (LeaderElection.java:askForVotes(309)) - s0@group-29DD907A7165-LeaderElection4 PRE_VOTE round 1: submit vote requests at term 0 for -1: peers:[s3|rpc:localhost:46863|admin:localhost:41281|client:localhost:41041|dataStream:localhost:44363|priority:0|startupRole:FOLLOWER, s4|rpc:localhost:36775|admin:localhost:35477|client:localhost:46475|dataStream:localhost:42557|priority:0|startupRole:FOLLOWER, s0|rpc:localhost:33119|admin:localhost:42011|client:localhost:45597|dataStream:localhost:34507|priority:0|startupRole:FOLLOWER, s1|rpc:localhost:43051|admin:localhost:41551|client:localhost:45233|dataStream:localhost:41779|priority:0|startupRole:FOLLOWER, s2|rpc:localhost:41201|admin:localhost:41487|client:localhost:41547|dataStream:localhost:43565|priority:0|startupRole:FOLLOWER]|listeners:[], old=null
2022-11-01 02:15:10,326 [s3@group-29DD907A7165-LeaderElection1] INFO  server.RaftServerConfigKeys (ConfUtils.java:logFallback(53)) - raft.server.rpc.first-election.timeout.min = 150ms (fallback to raft.server.rpc.timeout.min)
2022-11-01 02:15:10,333 [s3@group-29DD907A7165-LeaderElection1] INFO  server.RaftServerConfigKeys (ConfUtils.java:logFallback(53)) - raft.server.rpc.first-election.timeout.max = 300ms (fallback to raft.server.rpc.timeout.max)
2022-11-01 02:15:10,328 [s0@group-29DD907A7165-LeaderElection4] INFO  server.RaftServerConfigKeys (ConfUtils.java:logFallback(53)) - raft.server.rpc.first-election.timeout.min = 150ms (fallback to raft.server.rpc.timeout.min)
2022-11-01 02:15:10,338 [s0@group-29DD907A7165-LeaderElection4] INFO  server.RaftServerConfigKeys (ConfUtils.java:logFallback(53)) - raft.server.rpc.first-election.timeout.max = 300ms (fallback to raft.server.rpc.timeout.max)
2022-11-01 02:15:10,354 [s1@group-29DD907A7165-LeaderElection3] INFO  impl.LeaderElection (LeaderElection.java:logAndReturn(89)) - s1@group-29DD907A7165-LeaderElection3: PRE_VOTE TIMEOUT received 0 response(s) and 0 exception(s):
2022-11-01 02:15:10,354 [s1@group-29DD907A7165-LeaderElection3] INFO  impl.LeaderElection (LeaderElection.java:askForVotes(311)) - s1@group-29DD907A7165-LeaderElection3 PRE_VOTE round 0: result TIMEOUT
2022-11-01 02:15:10,354 [s1@group-29DD907A7165-LeaderElection3] INFO  impl.LeaderElection (LeaderElection.java:askForVotes(309)) - s1@group-29DD907A7165-LeaderElection3 PRE_VOTE round 1: submit vote requests at term 0 for -1: peers:[s3|rpc:localhost:46863|admin:localhost:41281|client:localhost:41041|dataStream:localhost:44363|priority:0|startupRole:FOLLOWER, s4|rpc:localhost:36775|admin:localhost:35477|client:localhost:46475|dataStream:localhost:42557|priority:0|startupRole:FOLLOWER, s0|rpc:localhost:33119|admin:localhost:42011|client:localhost:45597|dataStream:localhost:34507|priority:0|startupRole:FOLLOWER, s1|rpc:localhost:43051|admin:localhost:41551|client:localhost:45233|dataStream:localhost:41779|priority:0|startupRole:FOLLOWER, s2|rpc:localhost:41201|admin:localhost:41487|client:localhost:41547|dataStream:localhost:43565|priority:0|startupRole:FOLLOWER]|listeners:[], old=null
2022-11-01 02:15:10,357 [s1@group-29DD907A7165-LeaderElection3] INFO  server.RaftServerConfigKeys (ConfUtils.java:logFallback(53)) - raft.server.rpc.first-election.timeout.min = 150ms (fallback to raft.server.rpc.timeout.min)
2022-11-01 02:15:10,357 [s1@group-29DD907A7165-LeaderElection3] INFO  server.RaftServerConfigKeys (ConfUtils.java:logFallback(53)) - raft.server.rpc.first-election.timeout.max = 300ms (fallback to raft.server.rpc.timeout.max)
2022-11-01 02:15:10,369 [s2@group-29DD907A7165-LeaderElection5] INFO  impl.LeaderElection (LeaderElection.java:logAndReturn(89)) - s2@group-29DD907A7165-LeaderElection5: PRE_VOTE TIMEOUT received 0 response(s) and 0 exception(s):
2022-11-01 02:15:10,372 [s2@group-29DD907A7165-LeaderElection5] INFO  impl.LeaderElection (LeaderElection.java:askForVotes(311)) - s2@group-29DD907A7165-LeaderElection5 PRE_VOTE round 0: result TIMEOUT
2022-11-01 02:15:10,373 [s2@group-29DD907A7165-LeaderElection5] INFO  impl.LeaderElection (LeaderElection.java:askForVotes(309)) - s2@group-29DD907A7165-LeaderElection5 PRE_VOTE round 1: submit vote requests at term 0 for -1: peers:[s3|rpc:localhost:46863|admin:localhost:41281|client:localhost:41041|dataStream:localhost:44363|priority:0|startupRole:FOLLOWER, s4|rpc:localhost:36775|admin:localhost:35477|client:localhost:46475|dataStream:localhost:42557|priority:0|startupRole:FOLLOWER, s0|rpc:localhost:33119|admin:localhost:42011|client:localhost:45597|dataStream:localhost:34507|priority:0|startupRole:FOLLOWER, s1|rpc:localhost:43051|admin:localhost:41551|client:localhost:45233|dataStream:localhost:41779|priority:0|startupRole:FOLLOWER, s2|rpc:localhost:41201|admin:localhost:41487|client:localhost:41547|dataStream:localhost:43565|priority:0|startupRole:FOLLOWER]|listeners:[], old=null
2022-11-01 02:15:10,390 [s2@group-29DD907A7165-LeaderElection5] INFO  server.RaftServerConfigKeys (ConfUtils.java:logFallback(53)) - raft.server.rpc.first-election.timeout.min = 150ms (fallback to raft.server.rpc.timeout.min)
2022-11-01 02:15:10,391 [s2@group-29DD907A7165-LeaderElection5] INFO  server.RaftServerConfigKeys (ConfUtils.java:logFallback(53)) - raft.server.rpc.first-election.timeout.max = 300ms (fallback to raft.server.rpc.timeout.max)
2022-11-01 02:15:10,444 [Time-limited test] WARN  ratis.RaftTestUtil (JavaUtils.java:attempt(217)) - FAILED "waitForLeader-null-(expectLeader? true)", attempt #2/100: java.lang.IllegalStateException: No leader yet : printing ALL groups
  s3:  RUNNING CANDIDATE s3@group-29DD907A7165:t0, leader=null, voted=, raftlog=Memoized:s3@group-29DD907A7165-SegmentedRaftLog:OPENED:c-1, conf=-1: peers:[s3|rpc:localhost:46863|admin:localhost:41281|client:localhost:41041|dataStream:localhost:44363|priority:0|startupRole:FOLLOWER, s4|rpc:localhost:36775|admin:localhost:35477|client:localhost:46475|dataStream:localhost:42557|priority:0|startupRole:FOLLOWER, s0|rpc:localhost:33119|admin:localhost:42011|client:localhost:45597|dataStream:localhost:34507|priority:0|startupRole:FOLLOWER, s1|rpc:localhost:43051|admin:localhost:41551|client:localhost:45233|dataStream:localhost:41779|priority:0|startupRole:FOLLOWER, s2|rpc:localhost:41201|admin:localhost:41487|client:localhost:41547|dataStream:localhost:43565|priority:0|startupRole:FOLLOWER]|listeners:[], old=null RUNNING
  s4:  RUNNING CANDIDATE s4@group-29DD907A7165:t0, leader=null, voted=, raftlog=Memoized:s4@group-29DD907A7165-SegmentedRaftLog:OPENED:c-1, conf=-1: peers:[s3|rpc:localhost:46863|admin:localhost:41281|client:localhost:41041|dataStream:localhost:44363|priority:0|startupRole:FOLLOWER, s4|rpc:localhost:36775|admin:localhost:35477|client:localhost:46475|dataStream:localhost:42557|priority:0|startupRole:FOLLOWER, s0|rpc:localhost:33119|admin:localhost:42011|client:localhost:45597|dataStream:localhost:34507|priority:0|startupRole:FOLLOWER, s1|rpc:localhost:43051|admin:localhost:41551|client:localhost:45233|dataStream:localhost:41779|priority:0|startupRole:FOLLOWER, s2|rpc:localhost:41201|admin:localhost:41487|client:localhost:41547|dataStream:localhost:43565|priority:0|startupRole:FOLLOWER]|listeners:[], old=null RUNNING
  s0:  RUNNING CANDIDATE s0@group-29DD907A7165:t0, leader=null, voted=, raftlog=Memoized:s0@group-29DD907A7165-SegmentedRaftLog:OPENED:c-1, conf=-1: peers:[s3|rpc:localhost:46863|admin:localhost:41281|client:localhost:41041|dataStream:localhost:44363|priority:0|startupRole:FOLLOWER, s4|rpc:localhost:36775|admin:localhost:35477|client:localhost:46475|dataStream:localhost:42557|priority:0|startupRole:FOLLOWER, s0|rpc:localhost:33119|admin:localhost:42011|client:localhost:45597|dataStream:localhost:34507|priority:0|startupRole:FOLLOWER, s1|rpc:localhost:43051|admin:localhost:41551|client:localhost:45233|dataStream:localhost:41779|priority:0|startupRole:FOLLOWER, s2|rpc:localhost:41201|admin:localhost:41487|client:localhost:41547|dataStream:localhost:43565|priority:0|startupRole:FOLLOWER]|listeners:[], old=null RUNNING
  s1:  RUNNING CANDIDATE s1@group-29DD907A7165:t0, leader=null, voted=, raftlog=Memoized:s1@group-29DD907A7165-SegmentedRaftLog:OPENED:c-1, conf=-1: peers:[s3|rpc:localhost:46863|admin:localhost:41281|client:localhost:41041|dataStream:localhost:44363|priority:0|startupRole:FOLLOWER, s4|rpc:localhost:36775|admin:localhost:35477|client:localhost:46475|dataStream:localhost:42557|priority:0|startupRole:FOLLOWER, s0|rpc:localhost:33119|admin:localhost:42011|client:localhost:45597|dataStream:localhost:34507|priority:0|startupRole:FOLLOWER, s1|rpc:localhost:43051|admin:localhost:41551|client:localhost:45233|dataStream:localhost:41779|priority:0|startupRole:FOLLOWER, s2|rpc:localhost:41201|admin:localhost:41487|client:localhost:41547|dataStream:localhost:43565|priority:0|startupRole:FOLLOWER]|listeners:[], old=null RUNNING
  s2:  RUNNING CANDIDATE s2@group-29DD907A7165:t0, leader=null, voted=, raftlog=Memoized:s2@group-29DD907A7165-SegmentedRaftLog:OPENED:c-1, conf=-1: peers:[s3|rpc:localhost:46863|admin:localhost:41281|client:localhost:41041|dataStream:localhost:44363|priority:0|startupRole:FOLLOWER, s4|rpc:localhost:36775|admin:localhost:35477|client:localhost:46475|dataStream:localhost:42557|priority:0|startupRole:FOLLOWER, s0|rpc:localhost:33119|admin:localhost:42011|client:localhost:45597|dataStream:localhost:34507|priority:0|startupRole:FOLLOWER, s1|rpc:localhost:43051|admin:localhost:41551|client:localhost:45233|dataStream:localhost:41779|priority:0|startupRole:FOLLOWER, s2|rpc:localhost:41201|admin:localhost:41487|client:localhost:41547|dataStream:localhost:43565|priority:0|startupRole:FOLLOWER]|listeners:[], old=null RUNNING, sleep 450ms and then retry.
java.lang.IllegalStateException: No leader yet : printing ALL groups
  s3:  RUNNING CANDIDATE s3@group-29DD907A7165:t0, leader=null, voted=, raftlog=Memoized:s3@group-29DD907A7165-SegmentedRaftLog:OPENED:c-1, conf=-1: peers:[s3|rpc:localhost:46863|admin:localhost:41281|client:localhost:41041|dataStream:localhost:44363|priority:0|startupRole:FOLLOWER, s4|rpc:localhost:36775|admin:localhost:35477|client:localhost:46475|dataStream:localhost:42557|priority:0|startupRole:FOLLOWER, s0|rpc:localhost:33119|admin:localhost:42011|client:localhost:45597|dataStream:localhost:34507|priority:0|startupRole:FOLLOWER, s1|rpc:localhost:43051|admin:localhost:41551|client:localhost:45233|dataStream:localhost:41779|priority:0|startupRole:FOLLOWER, s2|rpc:localhost:41201|admin:localhost:41487|client:localhost:41547|dataStream:localhost:43565|priority:0|startupRole:FOLLOWER]|listeners:[], old=null RUNNING
  s4:  RUNNING CANDIDATE s4@group-29DD907A7165:t0, leader=null, voted=, raftlog=Memoized:s4@group-29DD907A7165-SegmentedRaftLog:OPENED:c-1, conf=-1: peers:[s3|rpc:localhost:46863|admin:localhost:41281|client:localhost:41041|dataStream:localhost:44363|priority:0|startupRole:FOLLOWER, s4|rpc:localhost:36775|admin:localhost:35477|client:localhost:46475|dataStream:localhost:42557|priority:0|startupRole:FOLLOWER, s0|rpc:localhost:33119|admin:localhost:42011|client:localhost:45597|dataStream:localhost:34507|priority:0|startupRole:FOLLOWER, s1|rpc:localhost:43051|admin:localhost:41551|client:localhost:45233|dataStream:localhost:41779|priority:0|startupRole:FOLLOWER, s2|rpc:localhost:41201|admin:localhost:41487|client:localhost:41547|dataStream:localhost:43565|priority:0|startupRole:FOLLOWER]|listeners:[], old=null RUNNING
  s0:  RUNNING CANDIDATE s0@group-29DD907A7165:t0, leader=null, voted=, raftlog=Memoized:s0@group-29DD907A7165-SegmentedRaftLog:OPENED:c-1, conf=-1: peers:[s3|rpc:localhost:46863|admin:localhost:41281|client:localhost:41041|dataStream:localhost:44363|priority:0|startupRole:FOLLOWER, s4|rpc:localhost:36775|admin:localhost:35477|client:localhost:46475|dataStream:localhost:42557|priority:0|startupRole:FOLLOWER, s0|rpc:localhost:33119|admin:localhost:42011|client:localhost:45597|dataStream:localhost:34507|priority:0|startupRole:FOLLOWER, s1|rpc:localhost:43051|admin:localhost:41551|client:localhost:45233|dataStream:localhost:41779|priority:0|startupRole:FOLLOWER, s2|rpc:localhost:41201|admin:localhost:41487|client:localhost:41547|dataStream:localhost:43565|priority:0|startupRole:FOLLOWER]|listeners:[], old=null RUNNING
  s1:  RUNNING CANDIDATE s1@group-29DD907A7165:t0, leader=null, voted=, raftlog=Memoized:s1@group-29DD907A7165-SegmentedRaftLog:OPENED:c-1, conf=-1: peers:[s3|rpc:localhost:46863|admin:localhost:41281|client:localhost:41041|dataStream:localhost:44363|priority:0|startupRole:FOLLOWER, s4|rpc:localhost:36775|admin:localhost:35477|client:localhost:46475|dataStream:localhost:42557|priority:0|startupRole:FOLLOWER, s0|rpc:localhost:33119|admin:localhost:42011|client:localhost:45597|dataStream:localhost:34507|priority:0|startupRole:FOLLOWER, s1|rpc:localhost:43051|admin:localhost:41551|client:localhost:45233|dataStream:localhost:41779|priority:0|startupRole:FOLLOWER, s2|rpc:localhost:41201|admin:localhost:41487|client:localhost:41547|dataStream:localhost:43565|priority:0|startupRole:FOLLOWER]|listeners:[], old=null RUNNING
  s2:  RUNNING CANDIDATE s2@group-29DD907A7165:t0, leader=null, voted=, raftlog=Memoized:s2@group-29DD907A7165-SegmentedRaftLog:OPENED:c-1, conf=-1: peers:[s3|rpc:localhost:46863|admin:localhost:41281|client:localhost:41041|dataStream:localhost:44363|priority:0|startupRole:FOLLOWER, s4|rpc:localhost:36775|admin:localhost:35477|client:localhost:46475|dataStream:localhost:42557|priority:0|startupRole:FOLLOWER, s0|rpc:localhost:33119|admin:localhost:42011|client:localhost:45597|dataStream:localhost:34507|priority:0|startupRole:FOLLOWER, s1|rpc:localhost:43051|admin:localhost:41551|client:localhost:45233|dataStream:localhost:41779|priority:0|startupRole:FOLLOWER, s2|rpc:localhost:41201|admin:localhost:41487|client:localhost:41547|dataStream:localhost:43565|priority:0|startupRole:FOLLOWER]|listeners:[], old=null RUNNING
	at org.apache.ratis.server.impl.MiniRaftCluster.newIllegalStateExceptionForNoLeaders(MiniRaftCluster.java:581)
	at org.apache.ratis.RaftTestUtil.lambda$waitForLeader$1(RaftTestUtil.java:104)
	at org.apache.ratis.server.impl.MiniRaftCluster.getLeader(MiniRaftCluster.java:615)
	at org.apache.ratis.server.impl.MiniRaftCluster.getLeader(MiniRaftCluster.java:608)
	at org.apache.ratis.RaftTestUtil.lambda$waitForLeader$3(RaftTestUtil.java:112)
	at org.apache.ratis.util.JavaUtils.attempt(JavaUtils.java:211)
	at org.apache.ratis.util.JavaUtils.attemptRepeatedly(JavaUtils.java:197)
	at org.apache.ratis.RaftTestUtil.waitForLeader(RaftTestUtil.java:111)
	at org.apache.ratis.RaftTestUtil.waitForLeader(RaftTestUtil.java:92)
	at org.apache.ratis.RaftTestUtil.waitForLeader(RaftTestUtil.java:87)
	at org.apache.ratis.server.impl.LeaderElectionTests.testEnforceLeader(LeaderElectionTests.java:277)
	at org.apache.ratis.grpc.TestLeaderElectionWithGrpc.testEnforceLeader(TestLeaderElectionWithGrpc.java:31)
	at java.base/jdk.internal.reflect.NativeMethodAccessorImpl.invoke0(Native Method)
	at java.base/jdk.internal.reflect.NativeMethodAccessorImpl.invoke(NativeMethodAccessorImpl.java:62)
	at java.base/jdk.internal.reflect.DelegatingMethodAccessorImpl.invoke(DelegatingMethodAccessorImpl.java:43)
	at java.base/java.lang.reflect.Method.invoke(Method.java:566)
	at org.junit.runners.model.FrameworkMethod$1.runReflectiveCall(FrameworkMethod.java:59)
	at org.junit.internal.runners.model.ReflectiveCallable.run(ReflectiveCallable.java:12)
	at org.junit.runners.model.FrameworkMethod.invokeExplosively(FrameworkMethod.java:56)
	at org.junit.internal.runners.statements.InvokeMethod.evaluate(InvokeMethod.java:17)
	at org.junit.internal.runners.statements.RunAfters.evaluate(RunAfters.java:27)
	at org.junit.internal.runners.statements.FailOnTimeout$CallableStatement.call(FailOnTimeout.java:299)
	at org.junit.internal.runners.statements.FailOnTimeout$CallableStatement.call(FailOnTimeout.java:293)
	at java.base/java.util.concurrent.FutureTask.run(FutureTask.java:264)
	at java.base/java.lang.Thread.run(Thread.java:829)
2022-11-01 02:15:10,499 [s0@group-29DD907A7165-LeaderElection4] INFO  impl.LeaderElection (LeaderElection.java:logAndReturn(89)) - s0@group-29DD907A7165-LeaderElection4: PRE_VOTE TIMEOUT received 0 response(s) and 0 exception(s):
2022-11-01 02:15:10,500 [s0@group-29DD907A7165-LeaderElection4] INFO  impl.LeaderElection (LeaderElection.java:askForVotes(311)) - s0@group-29DD907A7165-LeaderElection4 PRE_VOTE round 1: result TIMEOUT
2022-11-01 02:15:10,500 [s0@group-29DD907A7165-LeaderElection4] INFO  impl.LeaderElection (LeaderElection.java:askForVotes(309)) - s0@group-29DD907A7165-LeaderElection4 PRE_VOTE round 2: submit vote requests at term 0 for -1: peers:[s3|rpc:localhost:46863|admin:localhost:41281|client:localhost:41041|dataStream:localhost:44363|priority:0|startupRole:FOLLOWER, s4|rpc:localhost:36775|admin:localhost:35477|client:localhost:46475|dataStream:localhost:42557|priority:0|startupRole:FOLLOWER, s0|rpc:localhost:33119|admin:localhost:42011|client:localhost:45597|dataStream:localhost:34507|priority:0|startupRole:FOLLOWER, s1|rpc:localhost:43051|admin:localhost:41551|client:localhost:45233|dataStream:localhost:41779|priority:0|startupRole:FOLLOWER, s2|rpc:localhost:41201|admin:localhost:41487|client:localhost:41547|dataStream:localhost:43565|priority:0|startupRole:FOLLOWER]|listeners:[], old=null
2022-11-01 02:15:10,506 [s3@group-29DD907A7165-LeaderElection1] INFO  impl.LeaderElection (LeaderElection.java:logAndReturn(89)) - s3@group-29DD907A7165-LeaderElection1: PRE_VOTE TIMEOUT received 0 response(s) and 0 exception(s):
2022-11-01 02:15:10,519 [s3@group-29DD907A7165-LeaderElection1] INFO  impl.LeaderElection (LeaderElection.java:askForVotes(311)) - s3@group-29DD907A7165-LeaderElection1 PRE_VOTE round 1: result TIMEOUT
2022-11-01 02:15:10,519 [s3@group-29DD907A7165-LeaderElection1] INFO  impl.LeaderElection (LeaderElection.java:askForVotes(309)) - s3@group-29DD907A7165-LeaderElection1 PRE_VOTE round 2: submit vote requests at term 0 for -1: peers:[s3|rpc:localhost:46863|admin:localhost:41281|client:localhost:41041|dataStream:localhost:44363|priority:0|startupRole:FOLLOWER, s4|rpc:localhost:36775|admin:localhost:35477|client:localhost:46475|dataStream:localhost:42557|priority:0|startupRole:FOLLOWER, s0|rpc:localhost:33119|admin:localhost:42011|client:localhost:45597|dataStream:localhost:34507|priority:0|startupRole:FOLLOWER, s1|rpc:localhost:43051|admin:localhost:41551|client:localhost:45233|dataStream:localhost:41779|priority:0|startupRole:FOLLOWER, s2|rpc:localhost:41201|admin:localhost:41487|client:localhost:41547|dataStream:localhost:43565|priority:0|startupRole:FOLLOWER]|listeners:[], old=null
2022-11-01 02:15:10,512 [s0@group-29DD907A7165-LeaderElection4] INFO  server.RaftServerConfigKeys (ConfUtils.java:logFallback(53)) - raft.server.rpc.first-election.timeout.min = 150ms (fallback to raft.server.rpc.timeout.min)
2022-11-01 02:15:10,532 [s0@group-29DD907A7165-LeaderElection4] INFO  server.RaftServerConfigKeys (ConfUtils.java:logFallback(53)) - raft.server.rpc.first-election.timeout.max = 300ms (fallback to raft.server.rpc.timeout.max)
2022-11-01 02:15:10,521 [s3@group-29DD907A7165-LeaderElection1] INFO  server.RaftServerConfigKeys (ConfUtils.java:logFallback(53)) - raft.server.rpc.first-election.timeout.min = 150ms (fallback to raft.server.rpc.timeout.min)
2022-11-01 02:15:10,536 [s3@group-29DD907A7165-LeaderElection1] INFO  server.RaftServerConfigKeys (ConfUtils.java:logFallback(53)) - raft.server.rpc.first-election.timeout.max = 300ms (fallback to raft.server.rpc.timeout.max)
2022-11-01 02:15:10,559 [s4@group-29DD907A7165-LeaderElection2] INFO  impl.LeaderElection (LeaderElection.java:logAndReturn(89)) - s4@group-29DD907A7165-LeaderElection2: PRE_VOTE TIMEOUT received 0 response(s) and 0 exception(s):
2022-11-01 02:15:10,560 [s4@group-29DD907A7165-LeaderElection2] INFO  impl.LeaderElection (LeaderElection.java:askForVotes(311)) - s4@group-29DD907A7165-LeaderElection2 PRE_VOTE round 1: result TIMEOUT
2022-11-01 02:15:10,560 [s4@group-29DD907A7165-LeaderElection2] INFO  impl.LeaderElection (LeaderElection.java:askForVotes(309)) - s4@group-29DD907A7165-LeaderElection2 PRE_VOTE round 2: submit vote requests at term 0 for -1: peers:[s3|rpc:localhost:46863|admin:localhost:41281|client:localhost:41041|dataStream:localhost:44363|priority:0|startupRole:FOLLOWER, s4|rpc:localhost:36775|admin:localhost:35477|client:localhost:46475|dataStream:localhost:42557|priority:0|startupRole:FOLLOWER, s0|rpc:localhost:33119|admin:localhost:42011|client:localhost:45597|dataStream:localhost:34507|priority:0|startupRole:FOLLOWER, s1|rpc:localhost:43051|admin:localhost:41551|client:localhost:45233|dataStream:localhost:41779|priority:0|startupRole:FOLLOWER, s2|rpc:localhost:41201|admin:localhost:41487|client:localhost:41547|dataStream:localhost:43565|priority:0|startupRole:FOLLOWER]|listeners:[], old=null
2022-11-01 02:15:10,565 [s4@group-29DD907A7165-LeaderElection2] INFO  server.RaftServerConfigKeys (ConfUtils.java:logFallback(53)) - raft.server.rpc.first-election.timeout.min = 150ms (fallback to raft.server.rpc.timeout.min)
2022-11-01 02:15:10,565 [s4@group-29DD907A7165-LeaderElection2] INFO  server.RaftServerConfigKeys (ConfUtils.java:logFallback(53)) - raft.server.rpc.first-election.timeout.max = 300ms (fallback to raft.server.rpc.timeout.max)
2022-11-01 02:15:10,611 [s1@group-29DD907A7165-LeaderElection3] INFO  impl.LeaderElection (LeaderElection.java:logAndReturn(89)) - s1@group-29DD907A7165-LeaderElection3: PRE_VOTE TIMEOUT received 0 response(s) and 0 exception(s):
2022-11-01 02:15:10,625 [s1@group-29DD907A7165-LeaderElection3] INFO  impl.LeaderElection (LeaderElection.java:askForVotes(311)) - s1@group-29DD907A7165-LeaderElection3 PRE_VOTE round 1: result TIMEOUT
2022-11-01 02:15:10,625 [s1@group-29DD907A7165-LeaderElection3] INFO  impl.LeaderElection (LeaderElection.java:askForVotes(309)) - s1@group-29DD907A7165-LeaderElection3 PRE_VOTE round 2: submit vote requests at term 0 for -1: peers:[s3|rpc:localhost:46863|admin:localhost:41281|client:localhost:41041|dataStream:localhost:44363|priority:0|startupRole:FOLLOWER, s4|rpc:localhost:36775|admin:localhost:35477|client:localhost:46475|dataStream:localhost:42557|priority:0|startupRole:FOLLOWER, s0|rpc:localhost:33119|admin:localhost:42011|client:localhost:45597|dataStream:localhost:34507|priority:0|startupRole:FOLLOWER, s1|rpc:localhost:43051|admin:localhost:41551|client:localhost:45233|dataStream:localhost:41779|priority:0|startupRole:FOLLOWER, s2|rpc:localhost:41201|admin:localhost:41487|client:localhost:41547|dataStream:localhost:43565|priority:0|startupRole:FOLLOWER]|listeners:[], old=null
2022-11-01 02:15:10,615 [s2@group-29DD907A7165-LeaderElection5] INFO  impl.LeaderElection (LeaderElection.java:logAndReturn(89)) - s2@group-29DD907A7165-LeaderElection5: PRE_VOTE TIMEOUT received 0 response(s) and 0 exception(s):
2022-11-01 02:15:10,626 [s2@group-29DD907A7165-LeaderElection5] INFO  impl.LeaderElection (LeaderElection.java:askForVotes(311)) - s2@group-29DD907A7165-LeaderElection5 PRE_VOTE round 1: result TIMEOUT
2022-11-01 02:15:10,626 [s2@group-29DD907A7165-LeaderElection5] INFO  impl.LeaderElection (LeaderElection.java:askForVotes(309)) - s2@group-29DD907A7165-LeaderElection5 PRE_VOTE round 2: submit vote requests at term 0 for -1: peers:[s3|rpc:localhost:46863|admin:localhost:41281|client:localhost:41041|dataStream:localhost:44363|priority:0|startupRole:FOLLOWER, s4|rpc:localhost:36775|admin:localhost:35477|client:localhost:46475|dataStream:localhost:42557|priority:0|startupRole:FOLLOWER, s0|rpc:localhost:33119|admin:localhost:42011|client:localhost:45597|dataStream:localhost:34507|priority:0|startupRole:FOLLOWER, s1|rpc:localhost:43051|admin:localhost:41551|client:localhost:45233|dataStream:localhost:41779|priority:0|startupRole:FOLLOWER, s2|rpc:localhost:41201|admin:localhost:41487|client:localhost:41547|dataStream:localhost:43565|priority:0|startupRole:FOLLOWER]|listeners:[], old=null
2022-11-01 02:15:10,637 [s2@group-29DD907A7165-LeaderElection5] INFO  server.RaftServerConfigKeys (ConfUtils.java:logFallback(53)) - raft.server.rpc.first-election.timeout.min = 150ms (fallback to raft.server.rpc.timeout.min)
2022-11-01 02:15:10,637 [s2@group-29DD907A7165-LeaderElection5] INFO  server.RaftServerConfigKeys (ConfUtils.java:logFallback(53)) - raft.server.rpc.first-election.timeout.max = 300ms (fallback to raft.server.rpc.timeout.max)
2022-11-01 02:15:10,639 [s1@group-29DD907A7165-LeaderElection3] INFO  server.RaftServerConfigKeys (ConfUtils.java:logFallback(53)) - raft.server.rpc.first-election.timeout.min = 150ms (fallback to raft.server.rpc.timeout.min)
2022-11-01 02:15:10,641 [s1@group-29DD907A7165-LeaderElection3] INFO  server.RaftServerConfigKeys (ConfUtils.java:logFallback(53)) - raft.server.rpc.first-election.timeout.max = 300ms (fallback to raft.server.rpc.timeout.max)
2022-11-01 02:15:10,644 [grpc-default-executor-12] INFO  server.RaftServer$Division (RaftServerImpl.java:requestVote(1291)) - s1@group-29DD907A7165: receive requestVote(PRE_VOTE, s3, group-29DD907A7165, 0, (t:0, i:0))
2022-11-01 02:15:10,644 [grpc-default-executor-20] INFO  server.RaftServer$Division (RaftServerImpl.java:requestVote(1291)) - s1@group-29DD907A7165: receive requestVote(PRE_VOTE, s3, group-29DD907A7165, 0, (t:0, i:0))
2022-11-01 02:15:10,645 [grpc-default-executor-11] INFO  server.RaftServer$Division (RaftServerImpl.java:requestVote(1291)) - s4@group-29DD907A7165: receive requestVote(PRE_VOTE, s3, group-29DD907A7165, 0, (t:0, i:0))
2022-11-01 02:15:10,645 [grpc-default-executor-14] INFO  server.RaftServer$Division (RaftServerImpl.java:requestVote(1291)) - s4@group-29DD907A7165: receive requestVote(PRE_VOTE, s0, group-29DD907A7165, 0, (t:0, i:0))
2022-11-01 02:15:10,645 [grpc-default-executor-22] INFO  server.RaftServer$Division (RaftServerImpl.java:requestVote(1291)) - s1@group-29DD907A7165: receive requestVote(PRE_VOTE, s3, group-29DD907A7165, 0, (t:0, i:0))
2022-11-01 02:15:10,645 [grpc-default-executor-9] INFO  server.RaftServer$Division (RaftServerImpl.java:requestVote(1291)) - s4@group-29DD907A7165: receive requestVote(PRE_VOTE, s3, group-29DD907A7165, 0, (t:0, i:0))
2022-11-01 02:15:10,646 [grpc-default-executor-8] INFO  server.RaftServer$Division (RaftServerImpl.java:requestVote(1291)) - s4@group-29DD907A7165: receive requestVote(PRE_VOTE, s3, group-29DD907A7165, 0, (t:0, i:0))
2022-11-01 02:15:10,646 [grpc-default-executor-21] INFO  server.RaftServer$Division (RaftServerImpl.java:requestVote(1291)) - s0@group-29DD907A7165: receive requestVote(PRE_VOTE, s2, group-29DD907A7165, 0, (t:0, i:0))
2022-11-01 02:15:10,653 [grpc-default-executor-19] INFO  server.RaftServer$Division (RaftServerImpl.java:requestVote(1291)) - s4@group-29DD907A7165: receive requestVote(PRE_VOTE, s0, group-29DD907A7165, 0, (t:0, i:0))
2022-11-01 02:15:10,644 [grpc-default-executor-17] INFO  server.RaftServer$Division (RaftServerImpl.java:requestVote(1291)) - s4@group-29DD907A7165: receive requestVote(PRE_VOTE, s0, group-29DD907A7165, 0, (t:0, i:0))
2022-11-01 02:15:10,653 [grpc-default-executor-1] INFO  server.RaftServer$Division (RaftServerImpl.java:requestVote(1291)) - s2@group-29DD907A7165: receive requestVote(PRE_VOTE, s0, group-29DD907A7165, 0, (t:0, i:0))
2022-11-01 02:15:10,655 [grpc-default-executor-1] INFO  impl.VoteContext (VoteContext.java:log(49)) - s2@group-29DD907A7165-CANDIDATE: accept PRE_VOTE from s0: our priority 0 <= candidate's priority 0
2022-11-01 02:15:10,660 [grpc-default-executor-1] INFO  server.RaftServer$Division (RaftServerImpl.java:requestVote(1324)) - s2@group-29DD907A7165 replies to PRE_VOTE vote request: s0<-s2#0:OK-t0. Peer's state: s2@group-29DD907A7165:t0, leader=null, voted=, raftlog=Memoized:s2@group-29DD907A7165-SegmentedRaftLog:OPENED:c-1, conf=-1: peers:[s3|rpc:localhost:46863|admin:localhost:41281|client:localhost:41041|dataStream:localhost:44363|priority:0|startupRole:FOLLOWER, s4|rpc:localhost:36775|admin:localhost:35477|client:localhost:46475|dataStream:localhost:42557|priority:0|startupRole:FOLLOWER, s0|rpc:localhost:33119|admin:localhost:42011|client:localhost:45597|dataStream:localhost:34507|priority:0|startupRole:FOLLOWER, s1|rpc:localhost:43051|admin:localhost:41551|client:localhost:45233|dataStream:localhost:41779|priority:0|startupRole:FOLLOWER, s2|rpc:localhost:41201|admin:localhost:41487|client:localhost:41547|dataStream:localhost:43565|priority:0|startupRole:FOLLOWER]|listeners:[], old=null
2022-11-01 02:15:10,667 [grpc-default-executor-0] INFO  server.RaftServer$Division (RaftServerImpl.java:requestVote(1291)) - s1@group-29DD907A7165: receive requestVote(PRE_VOTE, s0, group-29DD907A7165, 0, (t:0, i:0))
2022-11-01 02:15:10,665 [grpc-default-executor-16] INFO  server.RaftServer$Division (RaftServerImpl.java:requestVote(1291)) - s2@group-29DD907A7165: receive requestVote(PRE_VOTE, s3, group-29DD907A7165, 0, (t:0, i:0))
2022-11-01 02:15:10,686 [grpc-default-executor-16] INFO  impl.VoteContext (VoteContext.java:log(49)) - s2@group-29DD907A7165-CANDIDATE: accept PRE_VOTE from s3: our priority 0 <= candidate's priority 0
2022-11-01 02:15:10,665 [s0@group-29DD907A7165-LeaderElection4] INFO  impl.LeaderElection (LeaderElection.java:logAndReturn(89)) - s0@group-29DD907A7165-LeaderElection4: PRE_VOTE TIMEOUT received 0 response(s) and 0 exception(s):
2022-11-01 02:15:10,686 [grpc-default-executor-16] INFO  server.RaftServer$Division (RaftServerImpl.java:requestVote(1324)) - s2@group-29DD907A7165 replies to PRE_VOTE vote request: s3<-s2#0:OK-t0. Peer's state: s2@group-29DD907A7165:t0, leader=null, voted=, raftlog=Memoized:s2@group-29DD907A7165-SegmentedRaftLog:OPENED:c-1, conf=-1: peers:[s3|rpc:localhost:46863|admin:localhost:41281|client:localhost:41041|dataStream:localhost:44363|priority:0|startupRole:FOLLOWER, s4|rpc:localhost:36775|admin:localhost:35477|client:localhost:46475|dataStream:localhost:42557|priority:0|startupRole:FOLLOWER, s0|rpc:localhost:33119|admin:localhost:42011|client:localhost:45597|dataStream:localhost:34507|priority:0|startupRole:FOLLOWER, s1|rpc:localhost:43051|admin:localhost:41551|client:localhost:45233|dataStream:localhost:41779|priority:0|startupRole:FOLLOWER, s2|rpc:localhost:41201|admin:localhost:41487|client:localhost:41547|dataStream:localhost:43565|priority:0|startupRole:FOLLOWER]|listeners:[], old=null
2022-11-01 02:15:10,665 [grpc-default-executor-5] INFO  server.RaftServer$Division (RaftServerImpl.java:requestVote(1291)) - s0@group-29DD907A7165: receive requestVote(PRE_VOTE, s1, group-29DD907A7165, 0, (t:0, i:0))
2022-11-01 02:15:10,665 [grpc-default-executor-6] INFO  server.RaftServer$Division (RaftServerImpl.java:requestVote(1291)) - s0@group-29DD907A7165: receive requestVote(PRE_VOTE, s4, group-29DD907A7165, 0, (t:0, i:0))
2022-11-01 02:15:10,664 [grpc-default-executor-4] INFO  server.RaftServer$Division (RaftServerImpl.java:requestVote(1291)) - s0@group-29DD907A7165: receive requestVote(PRE_VOTE, s4, group-29DD907A7165, 0, (t:0, i:0))
2022-11-01 02:15:10,664 [grpc-default-executor-15] INFO  server.RaftServer$Division (RaftServerImpl.java:requestVote(1291)) - s0@group-29DD907A7165: receive requestVote(PRE_VOTE, s4, group-29DD907A7165, 0, (t:0, i:0))
2022-11-01 02:15:10,664 [grpc-default-executor-3] INFO  server.RaftServer$Division (RaftServerImpl.java:requestVote(1291)) - s1@group-29DD907A7165: receive requestVote(PRE_VOTE, s2, group-29DD907A7165, 0, (t:0, i:0))
2022-11-01 02:15:10,664 [grpc-default-executor-18] INFO  server.RaftServer$Division (RaftServerImpl.java:requestVote(1291)) - s1@group-29DD907A7165: receive requestVote(PRE_VOTE, s2, group-29DD907A7165, 0, (t:0, i:0))
2022-11-01 02:15:10,663 [grpc-default-executor-7] INFO  server.RaftServer$Division (RaftServerImpl.java:requestVote(1291)) - s3@group-29DD907A7165: receive requestVote(PRE_VOTE, s2, group-29DD907A7165, 0, (t:0, i:0))
2022-11-01 02:15:10,705 [grpc-default-executor-7] INFO  impl.VoteContext (VoteContext.java:log(49)) - s3@group-29DD907A7165-CANDIDATE: accept PRE_VOTE from s2: our priority 0 <= candidate's priority 0
2022-11-01 02:15:10,705 [grpc-default-executor-7] INFO  server.RaftServer$Division (RaftServerImpl.java:requestVote(1324)) - s3@group-29DD907A7165 replies to PRE_VOTE vote request: s2<-s3#0:OK-t0. Peer's state: s3@group-29DD907A7165:t0, leader=null, voted=, raftlog=Memoized:s3@group-29DD907A7165-SegmentedRaftLog:OPENED:c-1, conf=-1: peers:[s3|rpc:localhost:46863|admin:localhost:41281|client:localhost:41041|dataStream:localhost:44363|priority:0|startupRole:FOLLOWER, s4|rpc:localhost:36775|admin:localhost:35477|client:localhost:46475|dataStream:localhost:42557|priority:0|startupRole:FOLLOWER, s0|rpc:localhost:33119|admin:localhost:42011|client:localhost:45597|dataStream:localhost:34507|priority:0|startupRole:FOLLOWER, s1|rpc:localhost:43051|admin:localhost:41551|client:localhost:45233|dataStream:localhost:41779|priority:0|startupRole:FOLLOWER, s2|rpc:localhost:41201|admin:localhost:41487|client:localhost:41547|dataStream:localhost:43565|priority:0|startupRole:FOLLOWER]|listeners:[], old=null
2022-11-01 02:15:10,663 [grpc-default-executor-13] INFO  server.RaftServer$Division (RaftServerImpl.java:requestVote(1291)) - s0@group-29DD907A7165: receive requestVote(PRE_VOTE, s2, group-29DD907A7165, 0, (t:0, i:0))
2022-11-01 02:15:10,662 [grpc-default-executor-2] INFO  server.RaftServer$Division (RaftServerImpl.java:requestVote(1291)) - s2@group-29DD907A7165: receive requestVote(PRE_VOTE, s0, group-29DD907A7165, 0, (t:0, i:0))
2022-11-01 02:15:10,706 [grpc-default-executor-2] INFO  impl.VoteContext (VoteContext.java:log(49)) - s2@group-29DD907A7165-CANDIDATE: accept PRE_VOTE from s0: our priority 0 <= candidate's priority 0
2022-11-01 02:15:10,706 [grpc-default-executor-2] INFO  server.RaftServer$Division (RaftServerImpl.java:requestVote(1324)) - s2@group-29DD907A7165 replies to PRE_VOTE vote request: s0<-s2#0:OK-t0. Peer's state: s2@group-29DD907A7165:t0, leader=null, voted=, raftlog=Memoized:s2@group-29DD907A7165-SegmentedRaftLog:OPENED:c-1, conf=-1: peers:[s3|rpc:localhost:46863|admin:localhost:41281|client:localhost:41041|dataStream:localhost:44363|priority:0|startupRole:FOLLOWER, s4|rpc:localhost:36775|admin:localhost:35477|client:localhost:46475|dataStream:localhost:42557|priority:0|startupRole:FOLLOWER, s0|rpc:localhost:33119|admin:localhost:42011|client:localhost:45597|dataStream:localhost:34507|priority:0|startupRole:FOLLOWER, s1|rpc:localhost:43051|admin:localhost:41551|client:localhost:45233|dataStream:localhost:41779|priority:0|startupRole:FOLLOWER, s2|rpc:localhost:41201|admin:localhost:41487|client:localhost:41547|dataStream:localhost:43565|priority:0|startupRole:FOLLOWER]|listeners:[], old=null
2022-11-01 02:15:10,661 [grpc-default-executor-10] INFO  server.RaftServer$Division (RaftServerImpl.java:requestVote(1291)) - s2@group-29DD907A7165: receive requestVote(PRE_VOTE, s0, group-29DD907A7165, 0, (t:0, i:0))
2022-11-01 02:15:10,707 [grpc-default-executor-10] INFO  impl.VoteContext (VoteContext.java:log(49)) - s2@group-29DD907A7165-CANDIDATE: accept PRE_VOTE from s0: our priority 0 <= candidate's priority 0
2022-11-01 02:15:10,707 [grpc-default-executor-10] INFO  server.RaftServer$Division (RaftServerImpl.java:requestVote(1324)) - s2@group-29DD907A7165 replies to PRE_VOTE vote request: s0<-s2#0:OK-t0. Peer's state: s2@group-29DD907A7165:t0, leader=null, voted=, raftlog=Memoized:s2@group-29DD907A7165-SegmentedRaftLog:OPENED:c-1, conf=-1: peers:[s3|rpc:localhost:46863|admin:localhost:41281|client:localhost:41041|dataStream:localhost:44363|priority:0|startupRole:FOLLOWER, s4|rpc:localhost:36775|admin:localhost:35477|client:localhost:46475|dataStream:localhost:42557|priority:0|startupRole:FOLLOWER, s0|rpc:localhost:33119|admin:localhost:42011|client:localhost:45597|dataStream:localhost:34507|priority:0|startupRole:FOLLOWER, s1|rpc:localhost:43051|admin:localhost:41551|client:localhost:45233|dataStream:localhost:41779|priority:0|startupRole:FOLLOWER, s2|rpc:localhost:41201|admin:localhost:41487|client:localhost:41547|dataStream:localhost:43565|priority:0|startupRole:FOLLOWER]|listeners:[], old=null
2022-11-01 02:15:10,696 [grpc-default-executor-34] INFO  server.RaftServer$Division (RaftServerImpl.java:requestVote(1291)) - s4@group-29DD907A7165: receive requestVote(PRE_VOTE, s2, group-29DD907A7165, 0, (t:0, i:0))
2022-11-01 02:15:10,695 [grpc-default-executor-33] INFO  server.RaftServer$Division (RaftServerImpl.java:requestVote(1291)) - s3@group-29DD907A7165: receive requestVote(PRE_VOTE, s1, group-29DD907A7165, 0, (t:0, i:0))
2022-11-01 02:15:10,709 [grpc-default-executor-33] INFO  impl.VoteContext (VoteContext.java:log(49)) - s3@group-29DD907A7165-CANDIDATE: accept PRE_VOTE from s1: our priority 0 <= candidate's priority 0
2022-11-01 02:15:10,709 [grpc-default-executor-33] INFO  server.RaftServer$Division (RaftServerImpl.java:requestVote(1324)) - s3@group-29DD907A7165 replies to PRE_VOTE vote request: s1<-s3#0:OK-t0. Peer's state: s3@group-29DD907A7165:t0, leader=null, voted=, raftlog=Memoized:s3@group-29DD907A7165-SegmentedRaftLog:OPENED:c-1, conf=-1: peers:[s3|rpc:localhost:46863|admin:localhost:41281|client:localhost:41041|dataStream:localhost:44363|priority:0|startupRole:FOLLOWER, s4|rpc:localhost:36775|admin:localhost:35477|client:localhost:46475|dataStream:localhost:42557|priority:0|startupRole:FOLLOWER, s0|rpc:localhost:33119|admin:localhost:42011|client:localhost:45597|dataStream:localhost:34507|priority:0|startupRole:FOLLOWER, s1|rpc:localhost:43051|admin:localhost:41551|client:localhost:45233|dataStream:localhost:41779|priority:0|startupRole:FOLLOWER, s2|rpc:localhost:41201|admin:localhost:41487|client:localhost:41547|dataStream:localhost:43565|priority:0|startupRole:FOLLOWER]|listeners:[], old=null
2022-11-01 02:15:10,692 [grpc-default-executor-32] INFO  server.RaftServer$Division (RaftServerImpl.java:requestVote(1291)) - s2@group-29DD907A7165: receive requestVote(PRE_VOTE, s3, group-29DD907A7165, 0, (t:0, i:0))
2022-11-01 02:15:10,710 [grpc-default-executor-10] INFO  server.RaftServer$Division (RaftServerImpl.java:requestVote(1291)) - s3@group-29DD907A7165: receive requestVote(PRE_VOTE, s0, group-29DD907A7165, 0, (t:0, i:0))
2022-11-01 02:15:10,691 [grpc-default-executor-16] INFO  server.RaftServer$Division (RaftServerImpl.java:requestVote(1291)) - s3@group-29DD907A7165: receive requestVote(PRE_VOTE, s1, group-29DD907A7165, 0, (t:0, i:0))
2022-11-01 02:15:10,734 [grpc-default-executor-46] INFO  server.RaftServer$Division (RaftServerImpl.java:requestVote(1291)) - s0@group-29DD907A7165: receive requestVote(PRE_VOTE, s3, group-29DD907A7165, 0, (t:0, i:0))
2022-11-01 02:15:10,688 [grpc-default-executor-24] INFO  server.RaftServer$Division (RaftServerImpl.java:requestVote(1291)) - s2@group-29DD907A7165: receive requestVote(PRE_VOTE, s3, group-29DD907A7165, 0, (t:0, i:0))
2022-11-01 02:15:10,686 [s0@group-29DD907A7165-LeaderElection4] INFO  impl.LeaderElection (LeaderElection.java:askForVotes(311)) - s0@group-29DD907A7165-LeaderElection4 PRE_VOTE round 2: result TIMEOUT
2022-11-01 02:15:10,660 [grpc-default-executor-8] INFO  impl.VoteContext (VoteContext.java:log(49)) - s4@group-29DD907A7165-CANDIDATE: accept PRE_VOTE from s3: our priority 0 <= candidate's priority 0
2022-11-01 02:15:10,734 [grpc-default-executor-44] INFO  server.RaftServer$Division (RaftServerImpl.java:requestVote(1291)) - s0@group-29DD907A7165: receive requestVote(PRE_VOTE, s3, group-29DD907A7165, 0, (t:0, i:0))
2022-11-01 02:15:10,660 [grpc-default-executor-22] INFO  impl.VoteContext (VoteContext.java:log(49)) - s1@group-29DD907A7165-CANDIDATE: accept PRE_VOTE from s3: our priority 0 <= candidate's priority 0
2022-11-01 02:15:10,734 [grpc-default-executor-22] INFO  server.RaftServer$Division (RaftServerImpl.java:requestVote(1324)) - s1@group-29DD907A7165 replies to PRE_VOTE vote request: s3<-s1#0:OK-t0. Peer's state: s1@group-29DD907A7165:t0, leader=null, voted=, raftlog=Memoized:s1@group-29DD907A7165-SegmentedRaftLog:OPENED:c-1, conf=-1: peers:[s3|rpc:localhost:46863|admin:localhost:41281|client:localhost:41041|dataStream:localhost:44363|priority:0|startupRole:FOLLOWER, s4|rpc:localhost:36775|admin:localhost:35477|client:localhost:46475|dataStream:localhost:42557|priority:0|startupRole:FOLLOWER, s0|rpc:localhost:33119|admin:localhost:42011|client:localhost:45597|dataStream:localhost:34507|priority:0|startupRole:FOLLOWER, s1|rpc:localhost:43051|admin:localhost:41551|client:localhost:45233|dataStream:localhost:41779|priority:0|startupRole:FOLLOWER, s2|rpc:localhost:41201|admin:localhost:41487|client:localhost:41547|dataStream:localhost:43565|priority:0|startupRole:FOLLOWER]|listeners:[], old=null
2022-11-01 02:15:10,656 [grpc-default-executor-21] INFO  impl.VoteContext (VoteContext.java:log(49)) - s0@group-29DD907A7165-CANDIDATE: accept PRE_VOTE from s2: our priority 0 <= candidate's priority 0
2022-11-01 02:15:10,735 [grpc-default-executor-21] INFO  server.RaftServer$Division (RaftServerImpl.java:requestVote(1324)) - s0@group-29DD907A7165 replies to PRE_VOTE vote request: s2<-s0#0:OK-t0. Peer's state: s0@group-29DD907A7165:t0, leader=null, voted=, raftlog=Memoized:s0@group-29DD907A7165-SegmentedRaftLog:OPENED:c-1, conf=-1: peers:[s3|rpc:localhost:46863|admin:localhost:41281|client:localhost:41041|dataStream:localhost:44363|priority:0|startupRole:FOLLOWER, s4|rpc:localhost:36775|admin:localhost:35477|client:localhost:46475|dataStream:localhost:42557|priority:0|startupRole:FOLLOWER, s0|rpc:localhost:33119|admin:localhost:42011|client:localhost:45597|dataStream:localhost:34507|priority:0|startupRole:FOLLOWER, s1|rpc:localhost:43051|admin:localhost:41551|client:localhost:45233|dataStream:localhost:41779|priority:0|startupRole:FOLLOWER, s2|rpc:localhost:41201|admin:localhost:41487|client:localhost:41547|dataStream:localhost:43565|priority:0|startupRole:FOLLOWER]|listeners:[], old=null
2022-11-01 02:15:10,736 [grpc-default-executor-42] INFO  server.RaftServer$Division (RaftServerImpl.java:requestVote(1291)) - s1@group-29DD907A7165: receive requestVote(PRE_VOTE, s4, group-29DD907A7165, 0, (t:0, i:0))
2022-11-01 02:15:10,685 [grpc-default-executor-30] INFO  server.RaftServer$Division (RaftServerImpl.java:requestVote(1291)) - s2@group-29DD907A7165: receive requestVote(PRE_VOTE, s1, group-29DD907A7165, 0, (t:0, i:0))
2022-11-01 02:15:10,684 [grpc-default-executor-29] INFO  server.RaftServer$Division (RaftServerImpl.java:requestVote(1291)) - s2@group-29DD907A7165: receive requestVote(PRE_VOTE, s1, group-29DD907A7165, 0, (t:0, i:0))
2022-11-01 02:15:10,682 [grpc-default-executor-28] INFO  server.RaftServer$Division (RaftServerImpl.java:requestVote(1291)) - s2@group-29DD907A7165: receive requestVote(PRE_VOTE, s4, group-29DD907A7165, 0, (t:0, i:0))
2022-11-01 02:15:10,681 [grpc-default-executor-27] INFO  server.RaftServer$Division (RaftServerImpl.java:requestVote(1291)) - s2@group-29DD907A7165: receive requestVote(PRE_VOTE, s4, group-29DD907A7165, 0, (t:0, i:0))
2022-11-01 02:15:10,679 [grpc-default-executor-26] INFO  server.RaftServer$Division (RaftServerImpl.java:requestVote(1291)) - s1@group-29DD907A7165: receive requestVote(PRE_VOTE, s0, group-29DD907A7165, 0, (t:0, i:0))
2022-11-01 02:15:10,677 [grpc-default-executor-25] INFO  server.RaftServer$Division (RaftServerImpl.java:requestVote(1291)) - s0@group-29DD907A7165: receive requestVote(PRE_VOTE, s1, group-29DD907A7165, 0, (t:0, i:0))
2022-11-01 02:15:10,673 [grpc-default-executor-1] INFO  server.RaftServer$Division (RaftServerImpl.java:requestVote(1291)) - s1@group-29DD907A7165: receive requestVote(PRE_VOTE, s0, group-29DD907A7165, 0, (t:0, i:0))
2022-11-01 02:15:10,673 [grpc-default-executor-23] INFO  server.RaftServer$Division (RaftServerImpl.java:requestVote(1291)) - s3@group-29DD907A7165: receive requestVote(PRE_VOTE, s2, group-29DD907A7165, 0, (t:0, i:0))
2022-11-01 02:15:10,736 [grpc-default-executor-10] INFO  impl.VoteContext (VoteContext.java:log(49)) - s3@group-29DD907A7165-CANDIDATE: accept PRE_VOTE from s0: our priority 0 <= candidate's priority 0
2022-11-01 02:15:10,755 [grpc-default-executor-10] INFO  server.RaftServer$Division (RaftServerImpl.java:requestVote(1324)) - s3@group-29DD907A7165 replies to PRE_VOTE vote request: s0<-s3#0:OK-t0. Peer's state: s3@group-29DD907A7165:t0, leader=null, voted=, raftlog=Memoized:s3@group-29DD907A7165-SegmentedRaftLog:OPENED:c-1, conf=-1: peers:[s3|rpc:localhost:46863|admin:localhost:41281|client:localhost:41041|dataStream:localhost:44363|priority:0|startupRole:FOLLOWER, s4|rpc:localhost:36775|admin:localhost:35477|client:localhost:46475|dataStream:localhost:42557|priority:0|startupRole:FOLLOWER, s0|rpc:localhost:33119|admin:localhost:42011|client:localhost:45597|dataStream:localhost:34507|priority:0|startupRole:FOLLOWER, s1|rpc:localhost:43051|admin:localhost:41551|client:localhost:45233|dataStream:localhost:41779|priority:0|startupRole:FOLLOWER, s2|rpc:localhost:41201|admin:localhost:41487|client:localhost:41547|dataStream:localhost:43565|priority:0|startupRole:FOLLOWER]|listeners:[], old=null
2022-11-01 02:15:10,736 [grpc-default-executor-39] INFO  server.RaftServer$Division (RaftServerImpl.java:requestVote(1291)) - s3@group-29DD907A7165: receive requestVote(PRE_VOTE, s4, group-29DD907A7165, 0, (t:0, i:0))
2022-11-01 02:15:10,736 [grpc-default-executor-47] INFO  server.RaftServer$Division (RaftServerImpl.java:requestVote(1291)) - s0@group-29DD907A7165: receive requestVote(PRE_VOTE, s3, group-29DD907A7165, 0, (t:0, i:0))
2022-11-01 02:15:10,756 [grpc-default-executor-39] INFO  impl.VoteContext (VoteContext.java:log(49)) - s3@group-29DD907A7165-CANDIDATE: accept PRE_VOTE from s4: our priority 0 <= candidate's priority 0
2022-11-01 02:15:10,736 [grpc-default-executor-44] INFO  impl.VoteContext (VoteContext.java:log(49)) - s0@group-29DD907A7165-CANDIDATE: accept PRE_VOTE from s3: our priority 0 <= candidate's priority 0
2022-11-01 02:15:10,756 [grpc-default-executor-39] INFO  server.RaftServer$Division (RaftServerImpl.java:requestVote(1324)) - s3@group-29DD907A7165 replies to PRE_VOTE vote request: s4<-s3#0:OK-t0. Peer's state: s3@group-29DD907A7165:t0, leader=null, voted=, raftlog=Memoized:s3@group-29DD907A7165-SegmentedRaftLog:OPENED:c-1, conf=-1: peers:[s3|rpc:localhost:46863|admin:localhost:41281|client:localhost:41041|dataStream:localhost:44363|priority:0|startupRole:FOLLOWER, s4|rpc:localhost:36775|admin:localhost:35477|client:localhost:46475|dataStream:localhost:42557|priority:0|startupRole:FOLLOWER, s0|rpc:localhost:33119|admin:localhost:42011|client:localhost:45597|dataStream:localhost:34507|priority:0|startupRole:FOLLOWER, s1|rpc:localhost:43051|admin:localhost:41551|client:localhost:45233|dataStream:localhost:41779|priority:0|startupRole:FOLLOWER, s2|rpc:localhost:41201|admin:localhost:41487|client:localhost:41547|dataStream:localhost:43565|priority:0|startupRole:FOLLOWER]|listeners:[], old=null
2022-11-01 02:15:10,756 [grpc-default-executor-44] INFO  server.RaftServer$Division (RaftServerImpl.java:requestVote(1324)) - s0@group-29DD907A7165 replies to PRE_VOTE vote request: s3<-s0#0:OK-t0. Peer's state: s0@group-29DD907A7165:t0, leader=null, voted=, raftlog=Memoized:s0@group-29DD907A7165-SegmentedRaftLog:OPENED:c-1, conf=-1: peers:[s3|rpc:localhost:46863|admin:localhost:41281|client:localhost:41041|dataStream:localhost:44363|priority:0|startupRole:FOLLOWER, s4|rpc:localhost:36775|admin:localhost:35477|client:localhost:46475|dataStream:localhost:42557|priority:0|startupRole:FOLLOWER, s0|rpc:localhost:33119|admin:localhost:42011|client:localhost:45597|dataStream:localhost:34507|priority:0|startupRole:FOLLOWER, s1|rpc:localhost:43051|admin:localhost:41551|client:localhost:45233|dataStream:localhost:41779|priority:0|startupRole:FOLLOWER, s2|rpc:localhost:41201|admin:localhost:41487|client:localhost:41547|dataStream:localhost:43565|priority:0|startupRole:FOLLOWER]|listeners:[], old=null
2022-11-01 02:15:10,736 [grpc-default-executor-37] INFO  server.RaftServer$Division (RaftServerImpl.java:requestVote(1291)) - s3@group-29DD907A7165: receive requestVote(PRE_VOTE, s4, group-29DD907A7165, 0, (t:0, i:0))
2022-11-01 02:15:10,736 [grpc-default-executor-40] INFO  server.RaftServer$Division (RaftServerImpl.java:requestVote(1291)) - s3@group-29DD907A7165: receive requestVote(PRE_VOTE, s4, group-29DD907A7165, 0, (t:0, i:0))
2022-11-01 02:15:10,736 [grpc-default-executor-18] INFO  impl.VoteContext (VoteContext.java:log(49)) - s1@group-29DD907A7165-CANDIDATE: accept PRE_VOTE from s2: our priority 0 <= candidate's priority 0
2022-11-01 02:15:10,736 [grpc-default-executor-41] INFO  server.RaftServer$Division (RaftServerImpl.java:requestVote(1291)) - s1@group-29DD907A7165: receive requestVote(PRE_VOTE, s4, group-29DD907A7165, 0, (t:0, i:0))
2022-11-01 02:15:10,734 [grpc-default-executor-43] INFO  server.RaftServer$Division (RaftServerImpl.java:requestVote(1291)) - s1@group-29DD907A7165: receive requestVote(PRE_VOTE, s4, group-29DD907A7165, 0, (t:0, i:0))
2022-11-01 02:15:10,734 [grpc-default-executor-8] INFO  server.RaftServer$Division (RaftServerImpl.java:requestVote(1324)) - s4@group-29DD907A7165 replies to PRE_VOTE vote request: s3<-s4#0:OK-t0. Peer's state: s4@group-29DD907A7165:t0, leader=null, voted=, raftlog=Memoized:s4@group-29DD907A7165-SegmentedRaftLog:OPENED:c-1, conf=-1: peers:[s3|rpc:localhost:46863|admin:localhost:41281|client:localhost:41041|dataStream:localhost:44363|priority:0|startupRole:FOLLOWER, s4|rpc:localhost:36775|admin:localhost:35477|client:localhost:46475|dataStream:localhost:42557|priority:0|startupRole:FOLLOWER, s0|rpc:localhost:33119|admin:localhost:42011|client:localhost:45597|dataStream:localhost:34507|priority:0|startupRole:FOLLOWER, s1|rpc:localhost:43051|admin:localhost:41551|client:localhost:45233|dataStream:localhost:41779|priority:0|startupRole:FOLLOWER, s2|rpc:localhost:41201|admin:localhost:41487|client:localhost:41547|dataStream:localhost:43565|priority:0|startupRole:FOLLOWER]|listeners:[], old=null
2022-11-01 02:15:10,757 [grpc-default-executor-34] INFO  impl.VoteContext (VoteContext.java:log(49)) - s4@group-29DD907A7165-CANDIDATE: accept PRE_VOTE from s2: our priority 0 <= candidate's priority 0
2022-11-01 02:15:10,758 [grpc-default-executor-34] INFO  server.RaftServer$Division (RaftServerImpl.java:requestVote(1324)) - s4@group-29DD907A7165 replies to PRE_VOTE vote request: s2<-s4#0:OK-t0. Peer's state: s4@group-29DD907A7165:t0, leader=null, voted=, raftlog=Memoized:s4@group-29DD907A7165-SegmentedRaftLog:OPENED:c-1, conf=-1: peers:[s3|rpc:localhost:46863|admin:localhost:41281|client:localhost:41041|dataStream:localhost:44363|priority:0|startupRole:FOLLOWER, s4|rpc:localhost:36775|admin:localhost:35477|client:localhost:46475|dataStream:localhost:42557|priority:0|startupRole:FOLLOWER, s0|rpc:localhost:33119|admin:localhost:42011|client:localhost:45597|dataStream:localhost:34507|priority:0|startupRole:FOLLOWER, s1|rpc:localhost:43051|admin:localhost:41551|client:localhost:45233|dataStream:localhost:41779|priority:0|startupRole:FOLLOWER, s2|rpc:localhost:41201|admin:localhost:41487|client:localhost:41547|dataStream:localhost:43565|priority:0|startupRole:FOLLOWER]|listeners:[], old=null
2022-11-01 02:15:10,711 [grpc-default-executor-2] INFO  server.RaftServer$Division (RaftServerImpl.java:requestVote(1291)) - s3@group-29DD907A7165: receive requestVote(PRE_VOTE, s0, group-29DD907A7165, 0, (t:0, i:0))
2022-11-01 02:15:10,758 [grpc-default-executor-19] INFO  impl.VoteContext (VoteContext.java:log(49)) - s4@group-29DD907A7165-CANDIDATE: accept PRE_VOTE from s0: our priority 0 <= candidate's priority 0
2022-11-01 02:15:10,760 [grpc-default-executor-19] INFO  server.RaftServer$Division (RaftServerImpl.java:requestVote(1324)) - s4@group-29DD907A7165 replies to PRE_VOTE vote request: s0<-s4#0:OK-t0. Peer's state: s4@group-29DD907A7165:t0, leader=null, voted=, raftlog=Memoized:s4@group-29DD907A7165-SegmentedRaftLog:OPENED:c-1, conf=-1: peers:[s3|rpc:localhost:46863|admin:localhost:41281|client:localhost:41041|dataStream:localhost:44363|priority:0|startupRole:FOLLOWER, s4|rpc:localhost:36775|admin:localhost:35477|client:localhost:46475|dataStream:localhost:42557|priority:0|startupRole:FOLLOWER, s0|rpc:localhost:33119|admin:localhost:42011|client:localhost:45597|dataStream:localhost:34507|priority:0|startupRole:FOLLOWER, s1|rpc:localhost:43051|admin:localhost:41551|client:localhost:45233|dataStream:localhost:41779|priority:0|startupRole:FOLLOWER, s2|rpc:localhost:41201|admin:localhost:41487|client:localhost:41547|dataStream:localhost:43565|priority:0|startupRole:FOLLOWER]|listeners:[], old=null
2022-11-01 02:15:10,711 [grpc-default-executor-31] INFO  server.RaftServer$Division (RaftServerImpl.java:requestVote(1291)) - s2@group-29DD907A7165: receive requestVote(PRE_VOTE, s4, group-29DD907A7165, 0, (t:0, i:0))
2022-11-01 02:15:10,760 [grpc-default-executor-17] INFO  impl.VoteContext (VoteContext.java:log(49)) - s4@group-29DD907A7165-CANDIDATE: accept PRE_VOTE from s0: our priority 0 <= candidate's priority 0
2022-11-01 02:15:10,760 [grpc-default-executor-17] INFO  server.RaftServer$Division (RaftServerImpl.java:requestVote(1324)) - s4@group-29DD907A7165 replies to PRE_VOTE vote request: s0<-s4#0:OK-t0. Peer's state: s4@group-29DD907A7165:t0, leader=null, voted=, raftlog=Memoized:s4@group-29DD907A7165-SegmentedRaftLog:OPENED:c-1, conf=-1: peers:[s3|rpc:localhost:46863|admin:localhost:41281|client:localhost:41041|dataStream:localhost:44363|priority:0|startupRole:FOLLOWER, s4|rpc:localhost:36775|admin:localhost:35477|client:localhost:46475|dataStream:localhost:42557|priority:0|startupRole:FOLLOWER, s0|rpc:localhost:33119|admin:localhost:42011|client:localhost:45597|dataStream:localhost:34507|priority:0|startupRole:FOLLOWER, s1|rpc:localhost:43051|admin:localhost:41551|client:localhost:45233|dataStream:localhost:41779|priority:0|startupRole:FOLLOWER, s2|rpc:localhost:41201|admin:localhost:41487|client:localhost:41547|dataStream:localhost:43565|priority:0|startupRole:FOLLOWER]|listeners:[], old=null
2022-11-01 02:15:10,711 [grpc-default-executor-7] INFO  server.RaftServer$Division (RaftServerImpl.java:requestVote(1291)) - s3@group-29DD907A7165: receive requestVote(PRE_VOTE, s0, group-29DD907A7165, 0, (t:0, i:0))
2022-11-01 02:15:10,711 [grpc-default-executor-33] INFO  server.RaftServer$Division (RaftServerImpl.java:requestVote(1291)) - s4@group-29DD907A7165: receive requestVote(PRE_VOTE, s1, group-29DD907A7165, 0, (t:0, i:0))
2022-11-01 02:15:10,711 [grpc-default-executor-36] INFO  server.RaftServer$Division (RaftServerImpl.java:requestVote(1291)) - s4@group-29DD907A7165: receive requestVote(PRE_VOTE, s1, group-29DD907A7165, 0, (t:0, i:0))
2022-11-01 02:15:10,710 [grpc-default-executor-35] INFO  server.RaftServer$Division (RaftServerImpl.java:requestVote(1291)) - s4@group-29DD907A7165: receive requestVote(PRE_VOTE, s2, group-29DD907A7165, 0, (t:0, i:0))
2022-11-01 02:15:10,710 [grpc-default-executor-32] INFO  impl.VoteContext (VoteContext.java:log(49)) - s2@group-29DD907A7165-CANDIDATE: accept PRE_VOTE from s3: our priority 0 <= candidate's priority 0
2022-11-01 02:15:10,761 [grpc-default-executor-32] INFO  server.RaftServer$Division (RaftServerImpl.java:requestVote(1324)) - s2@group-29DD907A7165 replies to PRE_VOTE vote request: s3<-s2#0:OK-t0. Peer's state: s2@group-29DD907A7165:t0, leader=null, voted=, raftlog=Memoized:s2@group-29DD907A7165-SegmentedRaftLog:OPENED:c-1, conf=-1: peers:[s3|rpc:localhost:46863|admin:localhost:41281|client:localhost:41041|dataStream:localhost:44363|priority:0|startupRole:FOLLOWER, s4|rpc:localhost:36775|admin:localhost:35477|client:localhost:46475|dataStream:localhost:42557|priority:0|startupRole:FOLLOWER, s0|rpc:localhost:33119|admin:localhost:42011|client:localhost:45597|dataStream:localhost:34507|priority:0|startupRole:FOLLOWER, s1|rpc:localhost:43051|admin:localhost:41551|client:localhost:45233|dataStream:localhost:41779|priority:0|startupRole:FOLLOWER, s2|rpc:localhost:41201|admin:localhost:41487|client:localhost:41547|dataStream:localhost:43565|priority:0|startupRole:FOLLOWER]|listeners:[], old=null
2022-11-01 02:15:10,761 [grpc-default-executor-11] INFO  impl.VoteContext (VoteContext.java:log(49)) - s4@group-29DD907A7165-CANDIDATE: accept PRE_VOTE from s3: our priority 0 <= candidate's priority 0
2022-11-01 02:15:10,762 [grpc-default-executor-11] INFO  server.RaftServer$Division (RaftServerImpl.java:requestVote(1324)) - s4@group-29DD907A7165 replies to PRE_VOTE vote request: s3<-s4#0:OK-t0. Peer's state: s4@group-29DD907A7165:t0, leader=null, voted=, raftlog=Memoized:s4@group-29DD907A7165-SegmentedRaftLog:OPENED:c-1, conf=-1: peers:[s3|rpc:localhost:46863|admin:localhost:41281|client:localhost:41041|dataStream:localhost:44363|priority:0|startupRole:FOLLOWER, s4|rpc:localhost:36775|admin:localhost:35477|client:localhost:46475|dataStream:localhost:42557|priority:0|startupRole:FOLLOWER, s0|rpc:localhost:33119|admin:localhost:42011|client:localhost:45597|dataStream:localhost:34507|priority:0|startupRole:FOLLOWER, s1|rpc:localhost:43051|admin:localhost:41551|client:localhost:45233|dataStream:localhost:41779|priority:0|startupRole:FOLLOWER, s2|rpc:localhost:41201|admin:localhost:41487|client:localhost:41547|dataStream:localhost:43565|priority:0|startupRole:FOLLOWER]|listeners:[], old=null
2022-11-01 02:15:10,762 [grpc-default-executor-14] INFO  impl.VoteContext (VoteContext.java:log(49)) - s4@group-29DD907A7165-CANDIDATE: accept PRE_VOTE from s0: our priority 0 <= candidate's priority 0
2022-11-01 02:15:10,762 [grpc-default-executor-14] INFO  server.RaftServer$Division (RaftServerImpl.java:requestVote(1324)) - s4@group-29DD907A7165 replies to PRE_VOTE vote request: s0<-s4#0:OK-t0. Peer's state: s4@group-29DD907A7165:t0, leader=null, voted=, raftlog=Memoized:s4@group-29DD907A7165-SegmentedRaftLog:OPENED:c-1, conf=-1: peers:[s3|rpc:localhost:46863|admin:localhost:41281|client:localhost:41041|dataStream:localhost:44363|priority:0|startupRole:FOLLOWER, s4|rpc:localhost:36775|admin:localhost:35477|client:localhost:46475|dataStream:localhost:42557|priority:0|startupRole:FOLLOWER, s0|rpc:localhost:33119|admin:localhost:42011|client:localhost:45597|dataStream:localhost:34507|priority:0|startupRole:FOLLOWER, s1|rpc:localhost:43051|admin:localhost:41551|client:localhost:45233|dataStream:localhost:41779|priority:0|startupRole:FOLLOWER, s2|rpc:localhost:41201|admin:localhost:41487|client:localhost:41547|dataStream:localhost:43565|priority:0|startupRole:FOLLOWER]|listeners:[], old=null
2022-11-01 02:15:10,763 [grpc-default-executor-9] INFO  impl.VoteContext (VoteContext.java:log(49)) - s4@group-29DD907A7165-CANDIDATE: accept PRE_VOTE from s3: our priority 0 <= candidate's priority 0
2022-11-01 02:15:10,763 [grpc-default-executor-9] INFO  server.RaftServer$Division (RaftServerImpl.java:requestVote(1324)) - s4@group-29DD907A7165 replies to PRE_VOTE vote request: s3<-s4#0:OK-t0. Peer's state: s4@group-29DD907A7165:t0, leader=null, voted=, raftlog=Memoized:s4@group-29DD907A7165-SegmentedRaftLog:OPENED:c-1, conf=-1: peers:[s3|rpc:localhost:46863|admin:localhost:41281|client:localhost:41041|dataStream:localhost:44363|priority:0|startupRole:FOLLOWER, s4|rpc:localhost:36775|admin:localhost:35477|client:localhost:46475|dataStream:localhost:42557|priority:0|startupRole:FOLLOWER, s0|rpc:localhost:33119|admin:localhost:42011|client:localhost:45597|dataStream:localhost:34507|priority:0|startupRole:FOLLOWER, s1|rpc:localhost:43051|admin:localhost:41551|client:localhost:45233|dataStream:localhost:41779|priority:0|startupRole:FOLLOWER, s2|rpc:localhost:41201|admin:localhost:41487|client:localhost:41547|dataStream:localhost:43565|priority:0|startupRole:FOLLOWER]|listeners:[], old=null
2022-11-01 02:15:10,763 [grpc-default-executor-35] INFO  impl.VoteContext (VoteContext.java:log(49)) - s4@group-29DD907A7165-CANDIDATE: accept PRE_VOTE from s2: our priority 0 <= candidate's priority 0
2022-11-01 02:15:10,763 [grpc-default-executor-35] INFO  server.RaftServer$Division (RaftServerImpl.java:requestVote(1324)) - s4@group-29DD907A7165 replies to PRE_VOTE vote request: s2<-s4#0:OK-t0. Peer's state: s4@group-29DD907A7165:t0, leader=null, voted=, raftlog=Memoized:s4@group-29DD907A7165-SegmentedRaftLog:OPENED:c-1, conf=-1: peers:[s3|rpc:localhost:46863|admin:localhost:41281|client:localhost:41041|dataStream:localhost:44363|priority:0|startupRole:FOLLOWER, s4|rpc:localhost:36775|admin:localhost:35477|client:localhost:46475|dataStream:localhost:42557|priority:0|startupRole:FOLLOWER, s0|rpc:localhost:33119|admin:localhost:42011|client:localhost:45597|dataStream:localhost:34507|priority:0|startupRole:FOLLOWER, s1|rpc:localhost:43051|admin:localhost:41551|client:localhost:45233|dataStream:localhost:41779|priority:0|startupRole:FOLLOWER, s2|rpc:localhost:41201|admin:localhost:41487|client:localhost:41547|dataStream:localhost:43565|priority:0|startupRole:FOLLOWER]|listeners:[], old=null
2022-11-01 02:15:10,763 [grpc-default-executor-36] INFO  impl.VoteContext (VoteContext.java:log(49)) - s4@group-29DD907A7165-CANDIDATE: accept PRE_VOTE from s1: our priority 0 <= candidate's priority 0
2022-11-01 02:15:10,764 [grpc-default-executor-36] INFO  server.RaftServer$Division (RaftServerImpl.java:requestVote(1324)) - s4@group-29DD907A7165 replies to PRE_VOTE vote request: s1<-s4#0:OK-t0. Peer's state: s4@group-29DD907A7165:t0, leader=null, voted=, raftlog=Memoized:s4@group-29DD907A7165-SegmentedRaftLog:OPENED:c-1, conf=-1: peers:[s3|rpc:localhost:46863|admin:localhost:41281|client:localhost:41041|dataStream:localhost:44363|priority:0|startupRole:FOLLOWER, s4|rpc:localhost:36775|admin:localhost:35477|client:localhost:46475|dataStream:localhost:42557|priority:0|startupRole:FOLLOWER, s0|rpc:localhost:33119|admin:localhost:42011|client:localhost:45597|dataStream:localhost:34507|priority:0|startupRole:FOLLOWER, s1|rpc:localhost:43051|admin:localhost:41551|client:localhost:45233|dataStream:localhost:41779|priority:0|startupRole:FOLLOWER, s2|rpc:localhost:41201|admin:localhost:41487|client:localhost:41547|dataStream:localhost:43565|priority:0|startupRole:FOLLOWER]|listeners:[], old=null
2022-11-01 02:15:10,757 [grpc-default-executor-18] INFO  server.RaftServer$Division (RaftServerImpl.java:requestVote(1324)) - s1@group-29DD907A7165 replies to PRE_VOTE vote request: s2<-s1#0:OK-t0. Peer's state: s1@group-29DD907A7165:t0, leader=null, voted=, raftlog=Memoized:s1@group-29DD907A7165-SegmentedRaftLog:OPENED:c-1, conf=-1: peers:[s3|rpc:localhost:46863|admin:localhost:41281|client:localhost:41041|dataStream:localhost:44363|priority:0|startupRole:FOLLOWER, s4|rpc:localhost:36775|admin:localhost:35477|client:localhost:46475|dataStream:localhost:42557|priority:0|startupRole:FOLLOWER, s0|rpc:localhost:33119|admin:localhost:42011|client:localhost:45597|dataStream:localhost:34507|priority:0|startupRole:FOLLOWER, s1|rpc:localhost:43051|admin:localhost:41551|client:localhost:45233|dataStream:localhost:41779|priority:0|startupRole:FOLLOWER, s2|rpc:localhost:41201|admin:localhost:41487|client:localhost:41547|dataStream:localhost:43565|priority:0|startupRole:FOLLOWER]|listeners:[], old=null
2022-11-01 02:15:10,764 [grpc-default-executor-33] INFO  impl.VoteContext (VoteContext.java:log(49)) - s4@group-29DD907A7165-CANDIDATE: accept PRE_VOTE from s1: our priority 0 <= candidate's priority 0
2022-11-01 02:15:10,764 [grpc-default-executor-33] INFO  server.RaftServer$Division (RaftServerImpl.java:requestVote(1324)) - s4@group-29DD907A7165 replies to PRE_VOTE vote request: s1<-s4#0:OK-t0. Peer's state: s4@group-29DD907A7165:t0, leader=null, voted=, raftlog=Memoized:s4@group-29DD907A7165-SegmentedRaftLog:OPENED:c-1, conf=-1: peers:[s3|rpc:localhost:46863|admin:localhost:41281|client:localhost:41041|dataStream:localhost:44363|priority:0|startupRole:FOLLOWER, s4|rpc:localhost:36775|admin:localhost:35477|client:localhost:46475|dataStream:localhost:42557|priority:0|startupRole:FOLLOWER, s0|rpc:localhost:33119|admin:localhost:42011|client:localhost:45597|dataStream:localhost:34507|priority:0|startupRole:FOLLOWER, s1|rpc:localhost:43051|admin:localhost:41551|client:localhost:45233|dataStream:localhost:41779|priority:0|startupRole:FOLLOWER, s2|rpc:localhost:41201|admin:localhost:41487|client:localhost:41547|dataStream:localhost:43565|priority:0|startupRole:FOLLOWER]|listeners:[], old=null
2022-11-01 02:15:10,757 [grpc-default-executor-37] INFO  impl.VoteContext (VoteContext.java:log(49)) - s3@group-29DD907A7165-CANDIDATE: accept PRE_VOTE from s4: our priority 0 <= candidate's priority 0
2022-11-01 02:15:10,764 [grpc-default-executor-37] INFO  server.RaftServer$Division (RaftServerImpl.java:requestVote(1324)) - s3@group-29DD907A7165 replies to PRE_VOTE vote request: s4<-s3#0:OK-t0. Peer's state: s3@group-29DD907A7165:t0, leader=null, voted=, raftlog=Memoized:s3@group-29DD907A7165-SegmentedRaftLog:OPENED:c-1, conf=-1: peers:[s3|rpc:localhost:46863|admin:localhost:41281|client:localhost:41041|dataStream:localhost:44363|priority:0|startupRole:FOLLOWER, s4|rpc:localhost:36775|admin:localhost:35477|client:localhost:46475|dataStream:localhost:42557|priority:0|startupRole:FOLLOWER, s0|rpc:localhost:33119|admin:localhost:42011|client:localhost:45597|dataStream:localhost:34507|priority:0|startupRole:FOLLOWER, s1|rpc:localhost:43051|admin:localhost:41551|client:localhost:45233|dataStream:localhost:41779|priority:0|startupRole:FOLLOWER, s2|rpc:localhost:41201|admin:localhost:41487|client:localhost:41547|dataStream:localhost:43565|priority:0|startupRole:FOLLOWER]|listeners:[], old=null
2022-11-01 02:15:10,756 [grpc-default-executor-46] INFO  impl.VoteContext (VoteContext.java:log(49)) - s0@group-29DD907A7165-CANDIDATE: accept PRE_VOTE from s3: our priority 0 <= candidate's priority 0
2022-11-01 02:15:10,765 [grpc-default-executor-46] INFO  server.RaftServer$Division (RaftServerImpl.java:requestVote(1324)) - s0@group-29DD907A7165 replies to PRE_VOTE vote request: s3<-s0#0:OK-t0. Peer's state: s0@group-29DD907A7165:t0, leader=null, voted=, raftlog=Memoized:s0@group-29DD907A7165-SegmentedRaftLog:OPENED:c-1, conf=-1: peers:[s3|rpc:localhost:46863|admin:localhost:41281|client:localhost:41041|dataStream:localhost:44363|priority:0|startupRole:FOLLOWER, s4|rpc:localhost:36775|admin:localhost:35477|client:localhost:46475|dataStream:localhost:42557|priority:0|startupRole:FOLLOWER, s0|rpc:localhost:33119|admin:localhost:42011|client:localhost:45597|dataStream:localhost:34507|priority:0|startupRole:FOLLOWER, s1|rpc:localhost:43051|admin:localhost:41551|client:localhost:45233|dataStream:localhost:41779|priority:0|startupRole:FOLLOWER, s2|rpc:localhost:41201|admin:localhost:41487|client:localhost:41547|dataStream:localhost:43565|priority:0|startupRole:FOLLOWER]|listeners:[], old=null
2022-11-01 02:15:10,765 [grpc-default-executor-23] INFO  impl.VoteContext (VoteContext.java:log(49)) - s3@group-29DD907A7165-CANDIDATE: accept PRE_VOTE from s2: our priority 0 <= candidate's priority 0
2022-11-01 02:15:10,765 [grpc-default-executor-23] INFO  server.RaftServer$Division (RaftServerImpl.java:requestVote(1324)) - s3@group-29DD907A7165 replies to PRE_VOTE vote request: s2<-s3#0:OK-t0. Peer's state: s3@group-29DD907A7165:t0, leader=null, voted=, raftlog=Memoized:s3@group-29DD907A7165-SegmentedRaftLog:OPENED:c-1, conf=-1: peers:[s3|rpc:localhost:46863|admin:localhost:41281|client:localhost:41041|dataStream:localhost:44363|priority:0|startupRole:FOLLOWER, s4|rpc:localhost:36775|admin:localhost:35477|client:localhost:46475|dataStream:localhost:42557|priority:0|startupRole:FOLLOWER, s0|rpc:localhost:33119|admin:localhost:42011|client:localhost:45597|dataStream:localhost:34507|priority:0|startupRole:FOLLOWER, s1|rpc:localhost:43051|admin:localhost:41551|client:localhost:45233|dataStream:localhost:41779|priority:0|startupRole:FOLLOWER, s2|rpc:localhost:41201|admin:localhost:41487|client:localhost:41547|dataStream:localhost:43565|priority:0|startupRole:FOLLOWER]|listeners:[], old=null
2022-11-01 02:15:10,756 [s4@group-29DD907A7165-LeaderElection2] INFO  impl.LeaderElection (LeaderElection.java:logAndReturn(89)) - s4@group-29DD907A7165-LeaderElection2: PRE_VOTE TIMEOUT received 0 response(s) and 0 exception(s):
2022-11-01 02:15:10,766 [s4@group-29DD907A7165-LeaderElection2] INFO  impl.LeaderElection (LeaderElection.java:askForVotes(311)) - s4@group-29DD907A7165-LeaderElection2 PRE_VOTE round 2: result TIMEOUT
2022-11-01 02:15:10,766 [s4@group-29DD907A7165-LeaderElection2] INFO  impl.LeaderElection (LeaderElection.java:askForVotes(309)) - s4@group-29DD907A7165-LeaderElection2 PRE_VOTE round 3: submit vote requests at term 0 for -1: peers:[s3|rpc:localhost:46863|admin:localhost:41281|client:localhost:41041|dataStream:localhost:44363|priority:0|startupRole:FOLLOWER, s4|rpc:localhost:36775|admin:localhost:35477|client:localhost:46475|dataStream:localhost:42557|priority:0|startupRole:FOLLOWER, s0|rpc:localhost:33119|admin:localhost:42011|client:localhost:45597|dataStream:localhost:34507|priority:0|startupRole:FOLLOWER, s1|rpc:localhost:43051|admin:localhost:41551|client:localhost:45233|dataStream:localhost:41779|priority:0|startupRole:FOLLOWER, s2|rpc:localhost:41201|admin:localhost:41487|client:localhost:41547|dataStream:localhost:43565|priority:0|startupRole:FOLLOWER]|listeners:[], old=null
2022-11-01 02:15:10,766 [grpc-default-executor-13] INFO  impl.VoteContext (VoteContext.java:log(49)) - s0@group-29DD907A7165-CANDIDATE: accept PRE_VOTE from s2: our priority 0 <= candidate's priority 0
2022-11-01 02:15:10,766 [grpc-default-executor-13] INFO  server.RaftServer$Division (RaftServerImpl.java:requestVote(1324)) - s0@group-29DD907A7165 replies to PRE_VOTE vote request: s2<-s0#0:OK-t0. Peer's state: s0@group-29DD907A7165:t0, leader=null, voted=, raftlog=Memoized:s0@group-29DD907A7165-SegmentedRaftLog:OPENED:c-1, conf=-1: peers:[s3|rpc:localhost:46863|admin:localhost:41281|client:localhost:41041|dataStream:localhost:44363|priority:0|startupRole:FOLLOWER, s4|rpc:localhost:36775|admin:localhost:35477|client:localhost:46475|dataStream:localhost:42557|priority:0|startupRole:FOLLOWER, s0|rpc:localhost:33119|admin:localhost:42011|client:localhost:45597|dataStream:localhost:34507|priority:0|startupRole:FOLLOWER, s1|rpc:localhost:43051|admin:localhost:41551|client:localhost:45233|dataStream:localhost:41779|priority:0|startupRole:FOLLOWER, s2|rpc:localhost:41201|admin:localhost:41487|client:localhost:41547|dataStream:localhost:43565|priority:0|startupRole:FOLLOWER]|listeners:[], old=null
2022-11-01 02:15:10,767 [grpc-default-executor-15] INFO  impl.VoteContext (VoteContext.java:log(49)) - s0@group-29DD907A7165-CANDIDATE: accept PRE_VOTE from s4: our priority 0 <= candidate's priority 0
2022-11-01 02:15:10,767 [grpc-default-executor-15] INFO  server.RaftServer$Division (RaftServerImpl.java:requestVote(1324)) - s0@group-29DD907A7165 replies to PRE_VOTE vote request: s4<-s0#0:OK-t0. Peer's state: s0@group-29DD907A7165:t0, leader=null, voted=, raftlog=Memoized:s0@group-29DD907A7165-SegmentedRaftLog:OPENED:c-1, conf=-1: peers:[s3|rpc:localhost:46863|admin:localhost:41281|client:localhost:41041|dataStream:localhost:44363|priority:0|startupRole:FOLLOWER, s4|rpc:localhost:36775|admin:localhost:35477|client:localhost:46475|dataStream:localhost:42557|priority:0|startupRole:FOLLOWER, s0|rpc:localhost:33119|admin:localhost:42011|client:localhost:45597|dataStream:localhost:34507|priority:0|startupRole:FOLLOWER, s1|rpc:localhost:43051|admin:localhost:41551|client:localhost:45233|dataStream:localhost:41779|priority:0|startupRole:FOLLOWER, s2|rpc:localhost:41201|admin:localhost:41487|client:localhost:41547|dataStream:localhost:43565|priority:0|startupRole:FOLLOWER]|listeners:[], old=null
2022-11-01 02:15:10,767 [grpc-default-executor-4] INFO  impl.VoteContext (VoteContext.java:log(49)) - s0@group-29DD907A7165-CANDIDATE: accept PRE_VOTE from s4: our priority 0 <= candidate's priority 0
2022-11-01 02:15:10,767 [grpc-default-executor-4] INFO  server.RaftServer$Division (RaftServerImpl.java:requestVote(1324)) - s0@group-29DD907A7165 replies to PRE_VOTE vote request: s4<-s0#0:OK-t0. Peer's state: s0@group-29DD907A7165:t0, leader=null, voted=, raftlog=Memoized:s0@group-29DD907A7165-SegmentedRaftLog:OPENED:c-1, conf=-1: peers:[s3|rpc:localhost:46863|admin:localhost:41281|client:localhost:41041|dataStream:localhost:44363|priority:0|startupRole:FOLLOWER, s4|rpc:localhost:36775|admin:localhost:35477|client:localhost:46475|dataStream:localhost:42557|priority:0|startupRole:FOLLOWER, s0|rpc:localhost:33119|admin:localhost:42011|client:localhost:45597|dataStream:localhost:34507|priority:0|startupRole:FOLLOWER, s1|rpc:localhost:43051|admin:localhost:41551|client:localhost:45233|dataStream:localhost:41779|priority:0|startupRole:FOLLOWER, s2|rpc:localhost:41201|admin:localhost:41487|client:localhost:41547|dataStream:localhost:43565|priority:0|startupRole:FOLLOWER]|listeners:[], old=null
2022-11-01 02:15:10,768 [grpc-default-executor-6] INFO  impl.VoteContext (VoteContext.java:log(49)) - s0@group-29DD907A7165-CANDIDATE: accept PRE_VOTE from s4: our priority 0 <= candidate's priority 0
2022-11-01 02:15:10,768 [grpc-default-executor-6] INFO  server.RaftServer$Division (RaftServerImpl.java:requestVote(1324)) - s0@group-29DD907A7165 replies to PRE_VOTE vote request: s4<-s0#0:OK-t0. Peer's state: s0@group-29DD907A7165:t0, leader=null, voted=, raftlog=Memoized:s0@group-29DD907A7165-SegmentedRaftLog:OPENED:c-1, conf=-1: peers:[s3|rpc:localhost:46863|admin:localhost:41281|client:localhost:41041|dataStream:localhost:44363|priority:0|startupRole:FOLLOWER, s4|rpc:localhost:36775|admin:localhost:35477|client:localhost:46475|dataStream:localhost:42557|priority:0|startupRole:FOLLOWER, s0|rpc:localhost:33119|admin:localhost:42011|client:localhost:45597|dataStream:localhost:34507|priority:0|startupRole:FOLLOWER, s1|rpc:localhost:43051|admin:localhost:41551|client:localhost:45233|dataStream:localhost:41779|priority:0|startupRole:FOLLOWER, s2|rpc:localhost:41201|admin:localhost:41487|client:localhost:41547|dataStream:localhost:43565|priority:0|startupRole:FOLLOWER]|listeners:[], old=null
2022-11-01 02:15:10,768 [grpc-default-executor-16] INFO  impl.VoteContext (VoteContext.java:log(49)) - s3@group-29DD907A7165-CANDIDATE: accept PRE_VOTE from s1: our priority 0 <= candidate's priority 0
2022-11-01 02:15:10,768 [grpc-default-executor-16] INFO  server.RaftServer$Division (RaftServerImpl.java:requestVote(1324)) - s3@group-29DD907A7165 replies to PRE_VOTE vote request: s1<-s3#0:OK-t0. Peer's state: s3@group-29DD907A7165:t0, leader=null, voted=, raftlog=Memoized:s3@group-29DD907A7165-SegmentedRaftLog:OPENED:c-1, conf=-1: peers:[s3|rpc:localhost:46863|admin:localhost:41281|client:localhost:41041|dataStream:localhost:44363|priority:0|startupRole:FOLLOWER, s4|rpc:localhost:36775|admin:localhost:35477|client:localhost:46475|dataStream:localhost:42557|priority:0|startupRole:FOLLOWER, s0|rpc:localhost:33119|admin:localhost:42011|client:localhost:45597|dataStream:localhost:34507|priority:0|startupRole:FOLLOWER, s1|rpc:localhost:43051|admin:localhost:41551|client:localhost:45233|dataStream:localhost:41779|priority:0|startupRole:FOLLOWER, s2|rpc:localhost:41201|admin:localhost:41487|client:localhost:41547|dataStream:localhost:43565|priority:0|startupRole:FOLLOWER]|listeners:[], old=null
2022-11-01 02:15:10,769 [grpc-default-executor-7] INFO  impl.VoteContext (VoteContext.java:log(49)) - s3@group-29DD907A7165-CANDIDATE: accept PRE_VOTE from s0: our priority 0 <= candidate's priority 0
2022-11-01 02:15:10,769 [grpc-default-executor-7] INFO  server.RaftServer$Division (RaftServerImpl.java:requestVote(1324)) - s3@group-29DD907A7165 replies to PRE_VOTE vote request: s0<-s3#0:OK-t0. Peer's state: s3@group-29DD907A7165:t0, leader=null, voted=, raftlog=Memoized:s3@group-29DD907A7165-SegmentedRaftLog:OPENED:c-1, conf=-1: peers:[s3|rpc:localhost:46863|admin:localhost:41281|client:localhost:41041|dataStream:localhost:44363|priority:0|startupRole:FOLLOWER, s4|rpc:localhost:36775|admin:localhost:35477|client:localhost:46475|dataStream:localhost:42557|priority:0|startupRole:FOLLOWER, s0|rpc:localhost:33119|admin:localhost:42011|client:localhost:45597|dataStream:localhost:34507|priority:0|startupRole:FOLLOWER, s1|rpc:localhost:43051|admin:localhost:41551|client:localhost:45233|dataStream:localhost:41779|priority:0|startupRole:FOLLOWER, s2|rpc:localhost:41201|admin:localhost:41487|client:localhost:41547|dataStream:localhost:43565|priority:0|startupRole:FOLLOWER]|listeners:[], old=null
2022-11-01 02:15:10,756 [s0@group-29DD907A7165-LeaderElection4] INFO  impl.LeaderElection (LeaderElection.java:askForVotes(309)) - s0@group-29DD907A7165-LeaderElection4 PRE_VOTE round 3: submit vote requests at term 0 for -1: peers:[s3|rpc:localhost:46863|admin:localhost:41281|client:localhost:41041|dataStream:localhost:44363|priority:0|startupRole:FOLLOWER, s4|rpc:localhost:36775|admin:localhost:35477|client:localhost:46475|dataStream:localhost:42557|priority:0|startupRole:FOLLOWER, s0|rpc:localhost:33119|admin:localhost:42011|client:localhost:45597|dataStream:localhost:34507|priority:0|startupRole:FOLLOWER, s1|rpc:localhost:43051|admin:localhost:41551|client:localhost:45233|dataStream:localhost:41779|priority:0|startupRole:FOLLOWER, s2|rpc:localhost:41201|admin:localhost:41487|client:localhost:41547|dataStream:localhost:43565|priority:0|startupRole:FOLLOWER]|listeners:[], old=null
2022-11-01 02:15:10,769 [grpc-default-executor-5] INFO  impl.VoteContext (VoteContext.java:log(49)) - s0@group-29DD907A7165-CANDIDATE: accept PRE_VOTE from s1: our priority 0 <= candidate's priority 0
2022-11-01 02:15:10,769 [grpc-default-executor-2] INFO  impl.VoteContext (VoteContext.java:log(49)) - s3@group-29DD907A7165-CANDIDATE: accept PRE_VOTE from s0: our priority 0 <= candidate's priority 0
2022-11-01 02:15:10,769 [grpc-default-executor-2] INFO  server.RaftServer$Division (RaftServerImpl.java:requestVote(1324)) - s3@group-29DD907A7165 replies to PRE_VOTE vote request: s0<-s3#0:OK-t0. Peer's state: s3@group-29DD907A7165:t0, leader=null, voted=, raftlog=Memoized:s3@group-29DD907A7165-SegmentedRaftLog:OPENED:c-1, conf=-1: peers:[s3|rpc:localhost:46863|admin:localhost:41281|client:localhost:41041|dataStream:localhost:44363|priority:0|startupRole:FOLLOWER, s4|rpc:localhost:36775|admin:localhost:35477|client:localhost:46475|dataStream:localhost:42557|priority:0|startupRole:FOLLOWER, s0|rpc:localhost:33119|admin:localhost:42011|client:localhost:45597|dataStream:localhost:34507|priority:0|startupRole:FOLLOWER, s1|rpc:localhost:43051|admin:localhost:41551|client:localhost:45233|dataStream:localhost:41779|priority:0|startupRole:FOLLOWER, s2|rpc:localhost:41201|admin:localhost:41487|client:localhost:41547|dataStream:localhost:43565|priority:0|startupRole:FOLLOWER]|listeners:[], old=null
2022-11-01 02:15:10,769 [grpc-default-executor-40] INFO  impl.VoteContext (VoteContext.java:log(49)) - s3@group-29DD907A7165-CANDIDATE: accept PRE_VOTE from s4: our priority 0 <= candidate's priority 0
2022-11-01 02:15:10,764 [grpc-default-executor-3] INFO  impl.VoteContext (VoteContext.java:log(49)) - s1@group-29DD907A7165-CANDIDATE: accept PRE_VOTE from s2: our priority 0 <= candidate's priority 0
2022-11-01 02:15:10,770 [grpc-default-executor-3] INFO  server.RaftServer$Division (RaftServerImpl.java:requestVote(1324)) - s1@group-29DD907A7165 replies to PRE_VOTE vote request: s2<-s1#0:OK-t0. Peer's state: s1@group-29DD907A7165:t0, leader=null, voted=, raftlog=Memoized:s1@group-29DD907A7165-SegmentedRaftLog:OPENED:c-1, conf=-1: peers:[s3|rpc:localhost:46863|admin:localhost:41281|client:localhost:41041|dataStream:localhost:44363|priority:0|startupRole:FOLLOWER, s4|rpc:localhost:36775|admin:localhost:35477|client:localhost:46475|dataStream:localhost:42557|priority:0|startupRole:FOLLOWER, s0|rpc:localhost:33119|admin:localhost:42011|client:localhost:45597|dataStream:localhost:34507|priority:0|startupRole:FOLLOWER, s1|rpc:localhost:43051|admin:localhost:41551|client:localhost:45233|dataStream:localhost:41779|priority:0|startupRole:FOLLOWER, s2|rpc:localhost:41201|admin:localhost:41487|client:localhost:41547|dataStream:localhost:43565|priority:0|startupRole:FOLLOWER]|listeners:[], old=null
2022-11-01 02:15:10,770 [grpc-default-executor-0] INFO  impl.VoteContext (VoteContext.java:log(49)) - s1@group-29DD907A7165-CANDIDATE: accept PRE_VOTE from s0: our priority 0 <= candidate's priority 0
2022-11-01 02:15:10,770 [grpc-default-executor-0] INFO  server.RaftServer$Division (RaftServerImpl.java:requestVote(1324)) - s1@group-29DD907A7165 replies to PRE_VOTE vote request: s0<-s1#0:OK-t0. Peer's state: s1@group-29DD907A7165:t0, leader=null, voted=, raftlog=Memoized:s1@group-29DD907A7165-SegmentedRaftLog:OPENED:c-1, conf=-1: peers:[s3|rpc:localhost:46863|admin:localhost:41281|client:localhost:41041|dataStream:localhost:44363|priority:0|startupRole:FOLLOWER, s4|rpc:localhost:36775|admin:localhost:35477|client:localhost:46475|dataStream:localhost:42557|priority:0|startupRole:FOLLOWER, s0|rpc:localhost:33119|admin:localhost:42011|client:localhost:45597|dataStream:localhost:34507|priority:0|startupRole:FOLLOWER, s1|rpc:localhost:43051|admin:localhost:41551|client:localhost:45233|dataStream:localhost:41779|priority:0|startupRole:FOLLOWER, s2|rpc:localhost:41201|admin:localhost:41487|client:localhost:41547|dataStream:localhost:43565|priority:0|startupRole:FOLLOWER]|listeners:[], old=null
2022-11-01 02:15:10,770 [grpc-default-executor-12] INFO  impl.VoteContext (VoteContext.java:log(49)) - s1@group-29DD907A7165-CANDIDATE: accept PRE_VOTE from s3: our priority 0 <= candidate's priority 0
2022-11-01 02:15:10,771 [grpc-default-executor-12] INFO  server.RaftServer$Division (RaftServerImpl.java:requestVote(1324)) - s1@group-29DD907A7165 replies to PRE_VOTE vote request: s3<-s1#0:OK-t0. Peer's state: s1@group-29DD907A7165:t0, leader=null, voted=, raftlog=Memoized:s1@group-29DD907A7165-SegmentedRaftLog:OPENED:c-1, conf=-1: peers:[s3|rpc:localhost:46863|admin:localhost:41281|client:localhost:41041|dataStream:localhost:44363|priority:0|startupRole:FOLLOWER, s4|rpc:localhost:36775|admin:localhost:35477|client:localhost:46475|dataStream:localhost:42557|priority:0|startupRole:FOLLOWER, s0|rpc:localhost:33119|admin:localhost:42011|client:localhost:45597|dataStream:localhost:34507|priority:0|startupRole:FOLLOWER, s1|rpc:localhost:43051|admin:localhost:41551|client:localhost:45233|dataStream:localhost:41779|priority:0|startupRole:FOLLOWER, s2|rpc:localhost:41201|admin:localhost:41487|client:localhost:41547|dataStream:localhost:43565|priority:0|startupRole:FOLLOWER]|listeners:[], old=null
2022-11-01 02:15:10,771 [grpc-default-executor-20] INFO  impl.VoteContext (VoteContext.java:log(49)) - s1@group-29DD907A7165-CANDIDATE: accept PRE_VOTE from s3: our priority 0 <= candidate's priority 0
2022-11-01 02:15:10,771 [grpc-default-executor-20] INFO  server.RaftServer$Division (RaftServerImpl.java:requestVote(1324)) - s1@group-29DD907A7165 replies to PRE_VOTE vote request: s3<-s1#0:OK-t0. Peer's state: s1@group-29DD907A7165:t0, leader=null, voted=, raftlog=Memoized:s1@group-29DD907A7165-SegmentedRaftLog:OPENED:c-1, conf=-1: peers:[s3|rpc:localhost:46863|admin:localhost:41281|client:localhost:41041|dataStream:localhost:44363|priority:0|startupRole:FOLLOWER, s4|rpc:localhost:36775|admin:localhost:35477|client:localhost:46475|dataStream:localhost:42557|priority:0|startupRole:FOLLOWER, s0|rpc:localhost:33119|admin:localhost:42011|client:localhost:45597|dataStream:localhost:34507|priority:0|startupRole:FOLLOWER, s1|rpc:localhost:43051|admin:localhost:41551|client:localhost:45233|dataStream:localhost:41779|priority:0|startupRole:FOLLOWER, s2|rpc:localhost:41201|admin:localhost:41487|client:localhost:41547|dataStream:localhost:43565|priority:0|startupRole:FOLLOWER]|listeners:[], old=null
2022-11-01 02:15:10,772 [grpc-default-executor-43] INFO  impl.VoteContext (VoteContext.java:log(49)) - s1@group-29DD907A7165-CANDIDATE: accept PRE_VOTE from s4: our priority 0 <= candidate's priority 0
2022-11-01 02:15:10,772 [grpc-default-executor-43] INFO  server.RaftServer$Division (RaftServerImpl.java:requestVote(1324)) - s1@group-29DD907A7165 replies to PRE_VOTE vote request: s4<-s1#0:OK-t0. Peer's state: s1@group-29DD907A7165:t0, leader=null, voted=, raftlog=Memoized:s1@group-29DD907A7165-SegmentedRaftLog:OPENED:c-1, conf=-1: peers:[s3|rpc:localhost:46863|admin:localhost:41281|client:localhost:41041|dataStream:localhost:44363|priority:0|startupRole:FOLLOWER, s4|rpc:localhost:36775|admin:localhost:35477|client:localhost:46475|dataStream:localhost:42557|priority:0|startupRole:FOLLOWER, s0|rpc:localhost:33119|admin:localhost:42011|client:localhost:45597|dataStream:localhost:34507|priority:0|startupRole:FOLLOWER, s1|rpc:localhost:43051|admin:localhost:41551|client:localhost:45233|dataStream:localhost:41779|priority:0|startupRole:FOLLOWER, s2|rpc:localhost:41201|admin:localhost:41487|client:localhost:41547|dataStream:localhost:43565|priority:0|startupRole:FOLLOWER]|listeners:[], old=null
2022-11-01 02:15:10,772 [grpc-default-executor-41] INFO  impl.VoteContext (VoteContext.java:log(49)) - s1@group-29DD907A7165-CANDIDATE: accept PRE_VOTE from s4: our priority 0 <= candidate's priority 0
2022-11-01 02:15:10,772 [grpc-default-executor-41] INFO  server.RaftServer$Division (RaftServerImpl.java:requestVote(1324)) - s1@group-29DD907A7165 replies to PRE_VOTE vote request: s4<-s1#0:OK-t0. Peer's state: s1@group-29DD907A7165:t0, leader=null, voted=, raftlog=Memoized:s1@group-29DD907A7165-SegmentedRaftLog:OPENED:c-1, conf=-1: peers:[s3|rpc:localhost:46863|admin:localhost:41281|client:localhost:41041|dataStream:localhost:44363|priority:0|startupRole:FOLLOWER, s4|rpc:localhost:36775|admin:localhost:35477|client:localhost:46475|dataStream:localhost:42557|priority:0|startupRole:FOLLOWER, s0|rpc:localhost:33119|admin:localhost:42011|client:localhost:45597|dataStream:localhost:34507|priority:0|startupRole:FOLLOWER, s1|rpc:localhost:43051|admin:localhost:41551|client:localhost:45233|dataStream:localhost:41779|priority:0|startupRole:FOLLOWER, s2|rpc:localhost:41201|admin:localhost:41487|client:localhost:41547|dataStream:localhost:43565|priority:0|startupRole:FOLLOWER]|listeners:[], old=null
2022-11-01 02:15:10,764 [grpc-default-executor-31] INFO  impl.VoteContext (VoteContext.java:log(49)) - s2@group-29DD907A7165-CANDIDATE: accept PRE_VOTE from s4: our priority 0 <= candidate's priority 0
2022-11-01 02:15:10,772 [grpc-default-executor-31] INFO  server.RaftServer$Division (RaftServerImpl.java:requestVote(1324)) - s2@group-29DD907A7165 replies to PRE_VOTE vote request: s4<-s2#0:OK-t0. Peer's state: s2@group-29DD907A7165:t0, leader=null, voted=, raftlog=Memoized:s2@group-29DD907A7165-SegmentedRaftLog:OPENED:c-1, conf=-1: peers:[s3|rpc:localhost:46863|admin:localhost:41281|client:localhost:41041|dataStream:localhost:44363|priority:0|startupRole:FOLLOWER, s4|rpc:localhost:36775|admin:localhost:35477|client:localhost:46475|dataStream:localhost:42557|priority:0|startupRole:FOLLOWER, s0|rpc:localhost:33119|admin:localhost:42011|client:localhost:45597|dataStream:localhost:34507|priority:0|startupRole:FOLLOWER, s1|rpc:localhost:43051|admin:localhost:41551|client:localhost:45233|dataStream:localhost:41779|priority:0|startupRole:FOLLOWER, s2|rpc:localhost:41201|admin:localhost:41487|client:localhost:41547|dataStream:localhost:43565|priority:0|startupRole:FOLLOWER]|listeners:[], old=null
2022-11-01 02:15:10,769 [grpc-default-executor-40] INFO  server.RaftServer$Division (RaftServerImpl.java:requestVote(1324)) - s3@group-29DD907A7165 replies to PRE_VOTE vote request: s4<-s3#0:OK-t0. Peer's state: s3@group-29DD907A7165:t0, leader=null, voted=, raftlog=Memoized:s3@group-29DD907A7165-SegmentedRaftLog:OPENED:c-1, conf=-1: peers:[s3|rpc:localhost:46863|admin:localhost:41281|client:localhost:41041|dataStream:localhost:44363|priority:0|startupRole:FOLLOWER, s4|rpc:localhost:36775|admin:localhost:35477|client:localhost:46475|dataStream:localhost:42557|priority:0|startupRole:FOLLOWER, s0|rpc:localhost:33119|admin:localhost:42011|client:localhost:45597|dataStream:localhost:34507|priority:0|startupRole:FOLLOWER, s1|rpc:localhost:43051|admin:localhost:41551|client:localhost:45233|dataStream:localhost:41779|priority:0|startupRole:FOLLOWER, s2|rpc:localhost:41201|admin:localhost:41487|client:localhost:41547|dataStream:localhost:43565|priority:0|startupRole:FOLLOWER]|listeners:[], old=null
2022-11-01 02:15:10,769 [grpc-default-executor-5] INFO  server.RaftServer$Division (RaftServerImpl.java:requestVote(1324)) - s0@group-29DD907A7165 replies to PRE_VOTE vote request: s1<-s0#0:OK-t0. Peer's state: s0@group-29DD907A7165:t0, leader=null, voted=, raftlog=Memoized:s0@group-29DD907A7165-SegmentedRaftLog:OPENED:c-1, conf=-1: peers:[s3|rpc:localhost:46863|admin:localhost:41281|client:localhost:41041|dataStream:localhost:44363|priority:0|startupRole:FOLLOWER, s4|rpc:localhost:36775|admin:localhost:35477|client:localhost:46475|dataStream:localhost:42557|priority:0|startupRole:FOLLOWER, s0|rpc:localhost:33119|admin:localhost:42011|client:localhost:45597|dataStream:localhost:34507|priority:0|startupRole:FOLLOWER, s1|rpc:localhost:43051|admin:localhost:41551|client:localhost:45233|dataStream:localhost:41779|priority:0|startupRole:FOLLOWER, s2|rpc:localhost:41201|admin:localhost:41487|client:localhost:41547|dataStream:localhost:43565|priority:0|startupRole:FOLLOWER]|listeners:[], old=null
2022-11-01 02:15:10,773 [grpc-default-executor-27] INFO  impl.VoteContext (VoteContext.java:log(49)) - s2@group-29DD907A7165-CANDIDATE: accept PRE_VOTE from s4: our priority 0 <= candidate's priority 0
2022-11-01 02:15:10,773 [grpc-default-executor-27] INFO  server.RaftServer$Division (RaftServerImpl.java:requestVote(1324)) - s2@group-29DD907A7165 replies to PRE_VOTE vote request: s4<-s2#0:OK-t0. Peer's state: s2@group-29DD907A7165:t0, leader=null, voted=, raftlog=Memoized:s2@group-29DD907A7165-SegmentedRaftLog:OPENED:c-1, conf=-1: peers:[s3|rpc:localhost:46863|admin:localhost:41281|client:localhost:41041|dataStream:localhost:44363|priority:0|startupRole:FOLLOWER, s4|rpc:localhost:36775|admin:localhost:35477|client:localhost:46475|dataStream:localhost:42557|priority:0|startupRole:FOLLOWER, s0|rpc:localhost:33119|admin:localhost:42011|client:localhost:45597|dataStream:localhost:34507|priority:0|startupRole:FOLLOWER, s1|rpc:localhost:43051|admin:localhost:41551|client:localhost:45233|dataStream:localhost:41779|priority:0|startupRole:FOLLOWER, s2|rpc:localhost:41201|admin:localhost:41487|client:localhost:41547|dataStream:localhost:43565|priority:0|startupRole:FOLLOWER]|listeners:[], old=null
2022-11-01 02:15:10,773 [grpc-default-executor-28] INFO  impl.VoteContext (VoteContext.java:log(49)) - s2@group-29DD907A7165-CANDIDATE: accept PRE_VOTE from s4: our priority 0 <= candidate's priority 0
2022-11-01 02:15:10,774 [grpc-default-executor-47] INFO  impl.VoteContext (VoteContext.java:log(49)) - s0@group-29DD907A7165-CANDIDATE: accept PRE_VOTE from s3: our priority 0 <= candidate's priority 0
2022-11-01 02:15:10,774 [grpc-default-executor-47] INFO  server.RaftServer$Division (RaftServerImpl.java:requestVote(1324)) - s0@group-29DD907A7165 replies to PRE_VOTE vote request: s3<-s0#0:OK-t0. Peer's state: s0@group-29DD907A7165:t0, leader=null, voted=, raftlog=Memoized:s0@group-29DD907A7165-SegmentedRaftLog:OPENED:c-1, conf=-1: peers:[s3|rpc:localhost:46863|admin:localhost:41281|client:localhost:41041|dataStream:localhost:44363|priority:0|startupRole:FOLLOWER, s4|rpc:localhost:36775|admin:localhost:35477|client:localhost:46475|dataStream:localhost:42557|priority:0|startupRole:FOLLOWER, s0|rpc:localhost:33119|admin:localhost:42011|client:localhost:45597|dataStream:localhost:34507|priority:0|startupRole:FOLLOWER, s1|rpc:localhost:43051|admin:localhost:41551|client:localhost:45233|dataStream:localhost:41779|priority:0|startupRole:FOLLOWER, s2|rpc:localhost:41201|admin:localhost:41487|client:localhost:41547|dataStream:localhost:43565|priority:0|startupRole:FOLLOWER]|listeners:[], old=null
2022-11-01 02:15:10,774 [s4@group-29DD907A7165-LeaderElection2] INFO  server.RaftServerConfigKeys (ConfUtils.java:logFallback(53)) - raft.server.rpc.first-election.timeout.min = 150ms (fallback to raft.server.rpc.timeout.min)
2022-11-01 02:15:10,774 [s4@group-29DD907A7165-LeaderElection2] INFO  server.RaftServerConfigKeys (ConfUtils.java:logFallback(53)) - raft.server.rpc.first-election.timeout.max = 300ms (fallback to raft.server.rpc.timeout.max)
2022-11-01 02:15:10,774 [grpc-default-executor-25] INFO  impl.VoteContext (VoteContext.java:log(49)) - s0@group-29DD907A7165-CANDIDATE: accept PRE_VOTE from s1: our priority 0 <= candidate's priority 0
2022-11-01 02:15:10,774 [grpc-default-executor-1] INFO  impl.VoteContext (VoteContext.java:log(49)) - s1@group-29DD907A7165-CANDIDATE: accept PRE_VOTE from s0: our priority 0 <= candidate's priority 0
2022-11-01 02:15:10,774 [grpc-default-executor-1] INFO  server.RaftServer$Division (RaftServerImpl.java:requestVote(1324)) - s1@group-29DD907A7165 replies to PRE_VOTE vote request: s0<-s1#0:OK-t0. Peer's state: s1@group-29DD907A7165:t0, leader=null, voted=, raftlog=Memoized:s1@group-29DD907A7165-SegmentedRaftLog:OPENED:c-1, conf=-1: peers:[s3|rpc:localhost:46863|admin:localhost:41281|client:localhost:41041|dataStream:localhost:44363|priority:0|startupRole:FOLLOWER, s4|rpc:localhost:36775|admin:localhost:35477|client:localhost:46475|dataStream:localhost:42557|priority:0|startupRole:FOLLOWER, s0|rpc:localhost:33119|admin:localhost:42011|client:localhost:45597|dataStream:localhost:34507|priority:0|startupRole:FOLLOWER, s1|rpc:localhost:43051|admin:localhost:41551|client:localhost:45233|dataStream:localhost:41779|priority:0|startupRole:FOLLOWER, s2|rpc:localhost:41201|admin:localhost:41487|client:localhost:41547|dataStream:localhost:43565|priority:0|startupRole:FOLLOWER]|listeners:[], old=null
2022-11-01 02:15:10,774 [grpc-default-executor-26] INFO  impl.VoteContext (VoteContext.java:log(49)) - s1@group-29DD907A7165-CANDIDATE: accept PRE_VOTE from s0: our priority 0 <= candidate's priority 0
2022-11-01 02:15:10,775 [grpc-default-executor-26] INFO  server.RaftServer$Division (RaftServerImpl.java:requestVote(1324)) - s1@group-29DD907A7165 replies to PRE_VOTE vote request: s0<-s1#0:OK-t0. Peer's state: s1@group-29DD907A7165:t0, leader=null, voted=, raftlog=Memoized:s1@group-29DD907A7165-SegmentedRaftLog:OPENED:c-1, conf=-1: peers:[s3|rpc:localhost:46863|admin:localhost:41281|client:localhost:41041|dataStream:localhost:44363|priority:0|startupRole:FOLLOWER, s4|rpc:localhost:36775|admin:localhost:35477|client:localhost:46475|dataStream:localhost:42557|priority:0|startupRole:FOLLOWER, s0|rpc:localhost:33119|admin:localhost:42011|client:localhost:45597|dataStream:localhost:34507|priority:0|startupRole:FOLLOWER, s1|rpc:localhost:43051|admin:localhost:41551|client:localhost:45233|dataStream:localhost:41779|priority:0|startupRole:FOLLOWER, s2|rpc:localhost:41201|admin:localhost:41487|client:localhost:41547|dataStream:localhost:43565|priority:0|startupRole:FOLLOWER]|listeners:[], old=null
2022-11-01 02:15:10,775 [grpc-default-executor-42] INFO  impl.VoteContext (VoteContext.java:log(49)) - s1@group-29DD907A7165-CANDIDATE: accept PRE_VOTE from s4: our priority 0 <= candidate's priority 0
2022-11-01 02:15:10,775 [grpc-default-executor-42] INFO  server.RaftServer$Division (RaftServerImpl.java:requestVote(1324)) - s1@group-29DD907A7165 replies to PRE_VOTE vote request: s4<-s1#0:OK-t0. Peer's state: s1@group-29DD907A7165:t0, leader=null, voted=, raftlog=Memoized:s1@group-29DD907A7165-SegmentedRaftLog:OPENED:c-1, conf=-1: peers:[s3|rpc:localhost:46863|admin:localhost:41281|client:localhost:41041|dataStream:localhost:44363|priority:0|startupRole:FOLLOWER, s4|rpc:localhost:36775|admin:localhost:35477|client:localhost:46475|dataStream:localhost:42557|priority:0|startupRole:FOLLOWER, s0|rpc:localhost:33119|admin:localhost:42011|client:localhost:45597|dataStream:localhost:34507|priority:0|startupRole:FOLLOWER, s1|rpc:localhost:43051|admin:localhost:41551|client:localhost:45233|dataStream:localhost:41779|priority:0|startupRole:FOLLOWER, s2|rpc:localhost:41201|admin:localhost:41487|client:localhost:41547|dataStream:localhost:43565|priority:0|startupRole:FOLLOWER]|listeners:[], old=null
2022-11-01 02:15:10,774 [grpc-default-executor-28] INFO  server.RaftServer$Division (RaftServerImpl.java:requestVote(1324)) - s2@group-29DD907A7165 replies to PRE_VOTE vote request: s4<-s2#0:OK-t0. Peer's state: s2@group-29DD907A7165:t0, leader=null, voted=, raftlog=Memoized:s2@group-29DD907A7165-SegmentedRaftLog:OPENED:c-1, conf=-1: peers:[s3|rpc:localhost:46863|admin:localhost:41281|client:localhost:41041|dataStream:localhost:44363|priority:0|startupRole:FOLLOWER, s4|rpc:localhost:36775|admin:localhost:35477|client:localhost:46475|dataStream:localhost:42557|priority:0|startupRole:FOLLOWER, s0|rpc:localhost:33119|admin:localhost:42011|client:localhost:45597|dataStream:localhost:34507|priority:0|startupRole:FOLLOWER, s1|rpc:localhost:43051|admin:localhost:41551|client:localhost:45233|dataStream:localhost:41779|priority:0|startupRole:FOLLOWER, s2|rpc:localhost:41201|admin:localhost:41487|client:localhost:41547|dataStream:localhost:43565|priority:0|startupRole:FOLLOWER]|listeners:[], old=null
2022-11-01 02:15:10,790 [grpc-default-executor-29] INFO  impl.VoteContext (VoteContext.java:log(49)) - s2@group-29DD907A7165-CANDIDATE: accept PRE_VOTE from s1: our priority 0 <= candidate's priority 0
2022-11-01 02:15:10,790 [grpc-default-executor-29] INFO  server.RaftServer$Division (RaftServerImpl.java:requestVote(1324)) - s2@group-29DD907A7165 replies to PRE_VOTE vote request: s1<-s2#0:OK-t0. Peer's state: s2@group-29DD907A7165:t0, leader=null, voted=, raftlog=Memoized:s2@group-29DD907A7165-SegmentedRaftLog:OPENED:c-1, conf=-1: peers:[s3|rpc:localhost:46863|admin:localhost:41281|client:localhost:41041|dataStream:localhost:44363|priority:0|startupRole:FOLLOWER, s4|rpc:localhost:36775|admin:localhost:35477|client:localhost:46475|dataStream:localhost:42557|priority:0|startupRole:FOLLOWER, s0|rpc:localhost:33119|admin:localhost:42011|client:localhost:45597|dataStream:localhost:34507|priority:0|startupRole:FOLLOWER, s1|rpc:localhost:43051|admin:localhost:41551|client:localhost:45233|dataStream:localhost:41779|priority:0|startupRole:FOLLOWER, s2|rpc:localhost:41201|admin:localhost:41487|client:localhost:41547|dataStream:localhost:43565|priority:0|startupRole:FOLLOWER]|listeners:[], old=null
2022-11-01 02:15:10,791 [grpc-default-executor-30] INFO  impl.VoteContext (VoteContext.java:log(49)) - s2@group-29DD907A7165-CANDIDATE: accept PRE_VOTE from s1: our priority 0 <= candidate's priority 0
2022-11-01 02:15:10,791 [grpc-default-executor-30] INFO  server.RaftServer$Division (RaftServerImpl.java:requestVote(1324)) - s2@group-29DD907A7165 replies to PRE_VOTE vote request: s1<-s2#0:OK-t0. Peer's state: s2@group-29DD907A7165:t0, leader=null, voted=, raftlog=Memoized:s2@group-29DD907A7165-SegmentedRaftLog:OPENED:c-1, conf=-1: peers:[s3|rpc:localhost:46863|admin:localhost:41281|client:localhost:41041|dataStream:localhost:44363|priority:0|startupRole:FOLLOWER, s4|rpc:localhost:36775|admin:localhost:35477|client:localhost:46475|dataStream:localhost:42557|priority:0|startupRole:FOLLOWER, s0|rpc:localhost:33119|admin:localhost:42011|client:localhost:45597|dataStream:localhost:34507|priority:0|startupRole:FOLLOWER, s1|rpc:localhost:43051|admin:localhost:41551|client:localhost:45233|dataStream:localhost:41779|priority:0|startupRole:FOLLOWER, s2|rpc:localhost:41201|admin:localhost:41487|client:localhost:41547|dataStream:localhost:43565|priority:0|startupRole:FOLLOWER]|listeners:[], old=null
2022-11-01 02:15:10,786 [s0@group-29DD907A7165-LeaderElection4] INFO  server.RaftServerConfigKeys (ConfUtils.java:logFallback(53)) - raft.server.rpc.first-election.timeout.min = 150ms (fallback to raft.server.rpc.timeout.min)
2022-11-01 02:15:10,792 [s0@group-29DD907A7165-LeaderElection4] INFO  server.RaftServerConfigKeys (ConfUtils.java:logFallback(53)) - raft.server.rpc.first-election.timeout.max = 300ms (fallback to raft.server.rpc.timeout.max)
2022-11-01 02:15:10,774 [grpc-default-executor-25] INFO  server.RaftServer$Division (RaftServerImpl.java:requestVote(1324)) - s0@group-29DD907A7165 replies to PRE_VOTE vote request: s1<-s0#0:OK-t0. Peer's state: s0@group-29DD907A7165:t0, leader=null, voted=, raftlog=Memoized:s0@group-29DD907A7165-SegmentedRaftLog:OPENED:c-1, conf=-1: peers:[s3|rpc:localhost:46863|admin:localhost:41281|client:localhost:41041|dataStream:localhost:44363|priority:0|startupRole:FOLLOWER, s4|rpc:localhost:36775|admin:localhost:35477|client:localhost:46475|dataStream:localhost:42557|priority:0|startupRole:FOLLOWER, s0|rpc:localhost:33119|admin:localhost:42011|client:localhost:45597|dataStream:localhost:34507|priority:0|startupRole:FOLLOWER, s1|rpc:localhost:43051|admin:localhost:41551|client:localhost:45233|dataStream:localhost:41779|priority:0|startupRole:FOLLOWER, s2|rpc:localhost:41201|admin:localhost:41487|client:localhost:41547|dataStream:localhost:43565|priority:0|startupRole:FOLLOWER]|listeners:[], old=null
2022-11-01 02:15:10,793 [grpc-default-executor-24] INFO  impl.VoteContext (VoteContext.java:log(49)) - s2@group-29DD907A7165-CANDIDATE: accept PRE_VOTE from s3: our priority 0 <= candidate's priority 0
2022-11-01 02:15:10,793 [grpc-default-executor-24] INFO  server.RaftServer$Division (RaftServerImpl.java:requestVote(1324)) - s2@group-29DD907A7165 replies to PRE_VOTE vote request: s3<-s2#0:OK-t0. Peer's state: s2@group-29DD907A7165:t0, leader=null, voted=, raftlog=Memoized:s2@group-29DD907A7165-SegmentedRaftLog:OPENED:c-1, conf=-1: peers:[s3|rpc:localhost:46863|admin:localhost:41281|client:localhost:41041|dataStream:localhost:44363|priority:0|startupRole:FOLLOWER, s4|rpc:localhost:36775|admin:localhost:35477|client:localhost:46475|dataStream:localhost:42557|priority:0|startupRole:FOLLOWER, s0|rpc:localhost:33119|admin:localhost:42011|client:localhost:45597|dataStream:localhost:34507|priority:0|startupRole:FOLLOWER, s1|rpc:localhost:43051|admin:localhost:41551|client:localhost:45233|dataStream:localhost:41779|priority:0|startupRole:FOLLOWER, s2|rpc:localhost:41201|admin:localhost:41487|client:localhost:41547|dataStream:localhost:43565|priority:0|startupRole:FOLLOWER]|listeners:[], old=null
2022-11-01 02:15:10,795 [grpc-default-executor-25] INFO  server.RaftServer$Division (RaftServerImpl.java:requestVote(1291)) - s3@group-29DD907A7165: receive requestVote(PRE_VOTE, s2, group-29DD907A7165, 0, (t:0, i:0))
2022-11-01 02:15:10,795 [grpc-default-executor-25] INFO  impl.VoteContext (VoteContext.java:log(49)) - s3@group-29DD907A7165-CANDIDATE: accept PRE_VOTE from s2: our priority 0 <= candidate's priority 0
2022-11-01 02:15:10,795 [grpc-default-executor-25] INFO  server.RaftServer$Division (RaftServerImpl.java:requestVote(1324)) - s3@group-29DD907A7165 replies to PRE_VOTE vote request: s2<-s3#0:OK-t0. Peer's state: s3@group-29DD907A7165:t0, leader=null, voted=, raftlog=Memoized:s3@group-29DD907A7165-SegmentedRaftLog:OPENED:c-1, conf=-1: peers:[s3|rpc:localhost:46863|admin:localhost:41281|client:localhost:41041|dataStream:localhost:44363|priority:0|startupRole:FOLLOWER, s4|rpc:localhost:36775|admin:localhost:35477|client:localhost:46475|dataStream:localhost:42557|priority:0|startupRole:FOLLOWER, s0|rpc:localhost:33119|admin:localhost:42011|client:localhost:45597|dataStream:localhost:34507|priority:0|startupRole:FOLLOWER, s1|rpc:localhost:43051|admin:localhost:41551|client:localhost:45233|dataStream:localhost:41779|priority:0|startupRole:FOLLOWER, s2|rpc:localhost:41201|admin:localhost:41487|client:localhost:41547|dataStream:localhost:43565|priority:0|startupRole:FOLLOWER]|listeners:[], old=null
2022-11-01 02:15:10,797 [s3@group-29DD907A7165-LeaderElection1] INFO  impl.LeaderElection (LeaderElection.java:logAndReturn(89)) - s3@group-29DD907A7165-LeaderElection1: PRE_VOTE TIMEOUT received 1 response(s) and 0 exception(s):
2022-11-01 02:15:10,797 [s3@group-29DD907A7165-LeaderElection1] INFO  impl.LeaderElection (LeaderElection.java:logAndReturn(93)) -   Response 0: s3<-s1#0:OK-t0
2022-11-01 02:15:10,797 [s3@group-29DD907A7165-LeaderElection1] INFO  impl.LeaderElection (LeaderElection.java:askForVotes(311)) - s3@group-29DD907A7165-LeaderElection1 PRE_VOTE round 2: result TIMEOUT
2022-11-01 02:15:10,797 [s3@group-29DD907A7165-LeaderElection1] INFO  impl.LeaderElection (LeaderElection.java:askForVotes(309)) - s3@group-29DD907A7165-LeaderElection1 PRE_VOTE round 3: submit vote requests at term 0 for -1: peers:[s3|rpc:localhost:46863|admin:localhost:41281|client:localhost:41041|dataStream:localhost:44363|priority:0|startupRole:FOLLOWER, s4|rpc:localhost:36775|admin:localhost:35477|client:localhost:46475|dataStream:localhost:42557|priority:0|startupRole:FOLLOWER, s0|rpc:localhost:33119|admin:localhost:42011|client:localhost:45597|dataStream:localhost:34507|priority:0|startupRole:FOLLOWER, s1|rpc:localhost:43051|admin:localhost:41551|client:localhost:45233|dataStream:localhost:41779|priority:0|startupRole:FOLLOWER, s2|rpc:localhost:41201|admin:localhost:41487|client:localhost:41547|dataStream:localhost:43565|priority:0|startupRole:FOLLOWER]|listeners:[], old=null
2022-11-01 02:15:10,804 [s3@group-29DD907A7165-LeaderElection1] INFO  server.RaftServerConfigKeys (ConfUtils.java:logFallback(53)) - raft.server.rpc.first-election.timeout.min = 150ms (fallback to raft.server.rpc.timeout.min)
2022-11-01 02:15:10,804 [s3@group-29DD907A7165-LeaderElection1] INFO  server.RaftServerConfigKeys (ConfUtils.java:logFallback(53)) - raft.server.rpc.first-election.timeout.max = 300ms (fallback to raft.server.rpc.timeout.max)
2022-11-01 02:15:10,817 [grpc-default-executor-24] INFO  server.RaftServer$Division (RaftServerImpl.java:requestVote(1291)) - s3@group-29DD907A7165: receive requestVote(PRE_VOTE, s1, group-29DD907A7165, 0, (t:0, i:0))
2022-11-01 02:15:10,818 [grpc-default-executor-24] INFO  impl.VoteContext (VoteContext.java:log(49)) - s3@group-29DD907A7165-CANDIDATE: accept PRE_VOTE from s1: our priority 0 <= candidate's priority 0
2022-11-01 02:15:10,818 [grpc-default-executor-24] INFO  server.RaftServer$Division (RaftServerImpl.java:requestVote(1324)) - s3@group-29DD907A7165 replies to PRE_VOTE vote request: s1<-s3#0:OK-t0. Peer's state: s3@group-29DD907A7165:t0, leader=null, voted=, raftlog=Memoized:s3@group-29DD907A7165-SegmentedRaftLog:OPENED:c-1, conf=-1: peers:[s3|rpc:localhost:46863|admin:localhost:41281|client:localhost:41041|dataStream:localhost:44363|priority:0|startupRole:FOLLOWER, s4|rpc:localhost:36775|admin:localhost:35477|client:localhost:46475|dataStream:localhost:42557|priority:0|startupRole:FOLLOWER, s0|rpc:localhost:33119|admin:localhost:42011|client:localhost:45597|dataStream:localhost:34507|priority:0|startupRole:FOLLOWER, s1|rpc:localhost:43051|admin:localhost:41551|client:localhost:45233|dataStream:localhost:41779|priority:0|startupRole:FOLLOWER, s2|rpc:localhost:41201|admin:localhost:41487|client:localhost:41547|dataStream:localhost:43565|priority:0|startupRole:FOLLOWER]|listeners:[], old=null
2022-11-01 02:15:10,824 [grpc-default-executor-24] INFO  server.RaftServer$Division (RaftServerImpl.java:requestVote(1291)) - s0@group-29DD907A7165: receive requestVote(PRE_VOTE, s2, group-29DD907A7165, 0, (t:0, i:0))
2022-11-01 02:15:10,824 [grpc-default-executor-24] INFO  impl.VoteContext (VoteContext.java:log(49)) - s0@group-29DD907A7165-CANDIDATE: accept PRE_VOTE from s2: our priority 0 <= candidate's priority 0
2022-11-01 02:15:10,824 [grpc-default-executor-24] INFO  server.RaftServer$Division (RaftServerImpl.java:requestVote(1324)) - s0@group-29DD907A7165 replies to PRE_VOTE vote request: s2<-s0#0:OK-t0. Peer's state: s0@group-29DD907A7165:t0, leader=null, voted=, raftlog=Memoized:s0@group-29DD907A7165-SegmentedRaftLog:OPENED:c-1, conf=-1: peers:[s3|rpc:localhost:46863|admin:localhost:41281|client:localhost:41041|dataStream:localhost:44363|priority:0|startupRole:FOLLOWER, s4|rpc:localhost:36775|admin:localhost:35477|client:localhost:46475|dataStream:localhost:42557|priority:0|startupRole:FOLLOWER, s0|rpc:localhost:33119|admin:localhost:42011|client:localhost:45597|dataStream:localhost:34507|priority:0|startupRole:FOLLOWER, s1|rpc:localhost:43051|admin:localhost:41551|client:localhost:45233|dataStream:localhost:41779|priority:0|startupRole:FOLLOWER, s2|rpc:localhost:41201|admin:localhost:41487|client:localhost:41547|dataStream:localhost:43565|priority:0|startupRole:FOLLOWER]|listeners:[], old=null
2022-11-01 02:15:10,833 [grpc-default-executor-42] INFO  server.RaftServer$Division (RaftServerImpl.java:requestVote(1291)) - s4@group-29DD907A7165: receive requestVote(PRE_VOTE, s1, group-29DD907A7165, 0, (t:0, i:0))
2022-11-01 02:15:10,834 [grpc-default-executor-42] INFO  impl.VoteContext (VoteContext.java:log(49)) - s4@group-29DD907A7165-CANDIDATE: accept PRE_VOTE from s1: our priority 0 <= candidate's priority 0
2022-11-01 02:15:10,834 [grpc-default-executor-42] INFO  server.RaftServer$Division (RaftServerImpl.java:requestVote(1324)) - s4@group-29DD907A7165 replies to PRE_VOTE vote request: s1<-s4#0:OK-t0. Peer's state: s4@group-29DD907A7165:t0, leader=null, voted=, raftlog=Memoized:s4@group-29DD907A7165-SegmentedRaftLog:OPENED:c-1, conf=-1: peers:[s3|rpc:localhost:46863|admin:localhost:41281|client:localhost:41041|dataStream:localhost:44363|priority:0|startupRole:FOLLOWER, s4|rpc:localhost:36775|admin:localhost:35477|client:localhost:46475|dataStream:localhost:42557|priority:0|startupRole:FOLLOWER, s0|rpc:localhost:33119|admin:localhost:42011|client:localhost:45597|dataStream:localhost:34507|priority:0|startupRole:FOLLOWER, s1|rpc:localhost:43051|admin:localhost:41551|client:localhost:45233|dataStream:localhost:41779|priority:0|startupRole:FOLLOWER, s2|rpc:localhost:41201|admin:localhost:41487|client:localhost:41547|dataStream:localhost:43565|priority:0|startupRole:FOLLOWER]|listeners:[], old=null
2022-11-01 02:15:10,838 [grpc-default-executor-42] INFO  server.RaftServer$Division (RaftServerImpl.java:requestVote(1291)) - s4@group-29DD907A7165: receive requestVote(PRE_VOTE, s2, group-29DD907A7165, 0, (t:0, i:0))
2022-11-01 02:15:10,838 [grpc-default-executor-42] INFO  impl.VoteContext (VoteContext.java:log(49)) - s4@group-29DD907A7165-CANDIDATE: accept PRE_VOTE from s2: our priority 0 <= candidate's priority 0
2022-11-01 02:15:10,838 [grpc-default-executor-42] INFO  server.RaftServer$Division (RaftServerImpl.java:requestVote(1324)) - s4@group-29DD907A7165 replies to PRE_VOTE vote request: s2<-s4#0:OK-t0. Peer's state: s4@group-29DD907A7165:t0, leader=null, voted=, raftlog=Memoized:s4@group-29DD907A7165-SegmentedRaftLog:OPENED:c-1, conf=-1: peers:[s3|rpc:localhost:46863|admin:localhost:41281|client:localhost:41041|dataStream:localhost:44363|priority:0|startupRole:FOLLOWER, s4|rpc:localhost:36775|admin:localhost:35477|client:localhost:46475|dataStream:localhost:42557|priority:0|startupRole:FOLLOWER, s0|rpc:localhost:33119|admin:localhost:42011|client:localhost:45597|dataStream:localhost:34507|priority:0|startupRole:FOLLOWER, s1|rpc:localhost:43051|admin:localhost:41551|client:localhost:45233|dataStream:localhost:41779|priority:0|startupRole:FOLLOWER, s2|rpc:localhost:41201|admin:localhost:41487|client:localhost:41547|dataStream:localhost:43565|priority:0|startupRole:FOLLOWER]|listeners:[], old=null
2022-11-01 02:15:10,841 [grpc-default-executor-42] INFO  server.RaftServer$Division (RaftServerImpl.java:requestVote(1291)) - s1@group-29DD907A7165: receive requestVote(PRE_VOTE, s2, group-29DD907A7165, 0, (t:0, i:0))
2022-11-01 02:15:10,842 [grpc-default-executor-42] INFO  impl.VoteContext (VoteContext.java:log(49)) - s1@group-29DD907A7165-CANDIDATE: accept PRE_VOTE from s2: our priority 0 <= candidate's priority 0
2022-11-01 02:15:10,842 [grpc-default-executor-42] INFO  server.RaftServer$Division (RaftServerImpl.java:requestVote(1324)) - s1@group-29DD907A7165 replies to PRE_VOTE vote request: s2<-s1#0:OK-t0. Peer's state: s1@group-29DD907A7165:t0, leader=null, voted=, raftlog=Memoized:s1@group-29DD907A7165-SegmentedRaftLog:OPENED:c-1, conf=-1: peers:[s3|rpc:localhost:46863|admin:localhost:41281|client:localhost:41041|dataStream:localhost:44363|priority:0|startupRole:FOLLOWER, s4|rpc:localhost:36775|admin:localhost:35477|client:localhost:46475|dataStream:localhost:42557|priority:0|startupRole:FOLLOWER, s0|rpc:localhost:33119|admin:localhost:42011|client:localhost:45597|dataStream:localhost:34507|priority:0|startupRole:FOLLOWER, s1|rpc:localhost:43051|admin:localhost:41551|client:localhost:45233|dataStream:localhost:41779|priority:0|startupRole:FOLLOWER, s2|rpc:localhost:41201|admin:localhost:41487|client:localhost:41547|dataStream:localhost:43565|priority:0|startupRole:FOLLOWER]|listeners:[], old=null
2022-11-01 02:15:10,843 [grpc-default-executor-42] INFO  server.RaftServer$Division (RaftServerImpl.java:requestVote(1291)) - s0@group-29DD907A7165: receive requestVote(PRE_VOTE, s1, group-29DD907A7165, 0, (t:0, i:0))
2022-11-01 02:15:10,843 [grpc-default-executor-42] INFO  impl.VoteContext (VoteContext.java:log(49)) - s0@group-29DD907A7165-CANDIDATE: accept PRE_VOTE from s1: our priority 0 <= candidate's priority 0
2022-11-01 02:15:10,843 [grpc-default-executor-24] INFO  server.RaftServer$Division (RaftServerImpl.java:requestVote(1291)) - s2@group-29DD907A7165: receive requestVote(PRE_VOTE, s1, group-29DD907A7165, 0, (t:0, i:0))
2022-11-01 02:15:10,844 [grpc-default-executor-42] INFO  server.RaftServer$Division (RaftServerImpl.java:requestVote(1324)) - s0@group-29DD907A7165 replies to PRE_VOTE vote request: s1<-s0#0:OK-t0. Peer's state: s0@group-29DD907A7165:t0, leader=null, voted=, raftlog=Memoized:s0@group-29DD907A7165-SegmentedRaftLog:OPENED:c-1, conf=-1: peers:[s3|rpc:localhost:46863|admin:localhost:41281|client:localhost:41041|dataStream:localhost:44363|priority:0|startupRole:FOLLOWER, s4|rpc:localhost:36775|admin:localhost:35477|client:localhost:46475|dataStream:localhost:42557|priority:0|startupRole:FOLLOWER, s0|rpc:localhost:33119|admin:localhost:42011|client:localhost:45597|dataStream:localhost:34507|priority:0|startupRole:FOLLOWER, s1|rpc:localhost:43051|admin:localhost:41551|client:localhost:45233|dataStream:localhost:41779|priority:0|startupRole:FOLLOWER, s2|rpc:localhost:41201|admin:localhost:41487|client:localhost:41547|dataStream:localhost:43565|priority:0|startupRole:FOLLOWER]|listeners:[], old=null
2022-11-01 02:15:10,844 [grpc-default-executor-24] INFO  impl.VoteContext (VoteContext.java:log(49)) - s2@group-29DD907A7165-CANDIDATE: accept PRE_VOTE from s1: our priority 0 <= candidate's priority 0
2022-11-01 02:15:10,844 [grpc-default-executor-24] INFO  server.RaftServer$Division (RaftServerImpl.java:requestVote(1324)) - s2@group-29DD907A7165 replies to PRE_VOTE vote request: s1<-s2#0:OK-t0. Peer's state: s2@group-29DD907A7165:t0, leader=null, voted=, raftlog=Memoized:s2@group-29DD907A7165-SegmentedRaftLog:OPENED:c-1, conf=-1: peers:[s3|rpc:localhost:46863|admin:localhost:41281|client:localhost:41041|dataStream:localhost:44363|priority:0|startupRole:FOLLOWER, s4|rpc:localhost:36775|admin:localhost:35477|client:localhost:46475|dataStream:localhost:42557|priority:0|startupRole:FOLLOWER, s0|rpc:localhost:33119|admin:localhost:42011|client:localhost:45597|dataStream:localhost:34507|priority:0|startupRole:FOLLOWER, s1|rpc:localhost:43051|admin:localhost:41551|client:localhost:45233|dataStream:localhost:41779|priority:0|startupRole:FOLLOWER, s2|rpc:localhost:41201|admin:localhost:41487|client:localhost:41547|dataStream:localhost:43565|priority:0|startupRole:FOLLOWER]|listeners:[], old=null
2022-11-01 02:15:10,890 [s2@group-29DD907A7165-LeaderElection5] INFO  impl.LeaderElection (LeaderElection.java:logAndReturn(89)) - s2@group-29DD907A7165-LeaderElection5: PRE_VOTE PASSED received 2 response(s) and 0 exception(s):
2022-11-01 02:15:10,890 [s2@group-29DD907A7165-LeaderElection5] INFO  impl.LeaderElection (LeaderElection.java:logAndReturn(93)) -   Response 0: s2<-s3#0:OK-t0
2022-11-01 02:15:10,890 [s2@group-29DD907A7165-LeaderElection5] INFO  impl.LeaderElection (LeaderElection.java:logAndReturn(93)) -   Response 1: s2<-s0#0:OK-t0
2022-11-01 02:15:10,890 [s2@group-29DD907A7165-LeaderElection5] INFO  impl.LeaderElection (LeaderElection.java:askForVotes(311)) - s2@group-29DD907A7165-LeaderElection5 PRE_VOTE round 2: result PASSED
2022-11-01 02:15:10,893 [s2@group-29DD907A7165-LeaderElection5] INFO  impl.LeaderElection (LeaderElection.java:askForVotes(309)) - s2@group-29DD907A7165-LeaderElection5 ELECTION round 0: submit vote requests at term 1 for -1: peers:[s3|rpc:localhost:46863|admin:localhost:41281|client:localhost:41041|dataStream:localhost:44363|priority:0|startupRole:FOLLOWER, s4|rpc:localhost:36775|admin:localhost:35477|client:localhost:46475|dataStream:localhost:42557|priority:0|startupRole:FOLLOWER, s0|rpc:localhost:33119|admin:localhost:42011|client:localhost:45597|dataStream:localhost:34507|priority:0|startupRole:FOLLOWER, s1|rpc:localhost:43051|admin:localhost:41551|client:localhost:45233|dataStream:localhost:41779|priority:0|startupRole:FOLLOWER, s2|rpc:localhost:41201|admin:localhost:41487|client:localhost:41547|dataStream:localhost:43565|priority:0|startupRole:FOLLOWER]|listeners:[], old=null
2022-11-01 02:15:10,897 [Time-limited test] WARN  ratis.RaftTestUtil (JavaUtils.java:attempt(217)) - FAILED "waitForLeader-null-(expectLeader? true)", attempt #3/100: java.lang.IllegalStateException: No leader yet : printing ALL groups
  s3:  RUNNING CANDIDATE s3@group-29DD907A7165:t0, leader=null, voted=, raftlog=Memoized:s3@group-29DD907A7165-SegmentedRaftLog:OPENED:c-1, conf=-1: peers:[s3|rpc:localhost:46863|admin:localhost:41281|client:localhost:41041|dataStream:localhost:44363|priority:0|startupRole:FOLLOWER, s4|rpc:localhost:36775|admin:localhost:35477|client:localhost:46475|dataStream:localhost:42557|priority:0|startupRole:FOLLOWER, s0|rpc:localhost:33119|admin:localhost:42011|client:localhost:45597|dataStream:localhost:34507|priority:0|startupRole:FOLLOWER, s1|rpc:localhost:43051|admin:localhost:41551|client:localhost:45233|dataStream:localhost:41779|priority:0|startupRole:FOLLOWER, s2|rpc:localhost:41201|admin:localhost:41487|client:localhost:41547|dataStream:localhost:43565|priority:0|startupRole:FOLLOWER]|listeners:[], old=null RUNNING
  s4:  RUNNING CANDIDATE s4@group-29DD907A7165:t0, leader=null, voted=, raftlog=Memoized:s4@group-29DD907A7165-SegmentedRaftLog:OPENED:c-1, conf=-1: peers:[s3|rpc:localhost:46863|admin:localhost:41281|client:localhost:41041|dataStream:localhost:44363|priority:0|startupRole:FOLLOWER, s4|rpc:localhost:36775|admin:localhost:35477|client:localhost:46475|dataStream:localhost:42557|priority:0|startupRole:FOLLOWER, s0|rpc:localhost:33119|admin:localhost:42011|client:localhost:45597|dataStream:localhost:34507|priority:0|startupRole:FOLLOWER, s1|rpc:localhost:43051|admin:localhost:41551|client:localhost:45233|dataStream:localhost:41779|priority:0|startupRole:FOLLOWER, s2|rpc:localhost:41201|admin:localhost:41487|client:localhost:41547|dataStream:localhost:43565|priority:0|startupRole:FOLLOWER]|listeners:[], old=null RUNNING
  s0:  RUNNING CANDIDATE s0@group-29DD907A7165:t0, leader=null, voted=, raftlog=Memoized:s0@group-29DD907A7165-SegmentedRaftLog:OPENED:c-1, conf=-1: peers:[s3|rpc:localhost:46863|admin:localhost:41281|client:localhost:41041|dataStream:localhost:44363|priority:0|startupRole:FOLLOWER, s4|rpc:localhost:36775|admin:localhost:35477|client:localhost:46475|dataStream:localhost:42557|priority:0|startupRole:FOLLOWER, s0|rpc:localhost:33119|admin:localhost:42011|client:localhost:45597|dataStream:localhost:34507|priority:0|startupRole:FOLLOWER, s1|rpc:localhost:43051|admin:localhost:41551|client:localhost:45233|dataStream:localhost:41779|priority:0|startupRole:FOLLOWER, s2|rpc:localhost:41201|admin:localhost:41487|client:localhost:41547|dataStream:localhost:43565|priority:0|startupRole:FOLLOWER]|listeners:[], old=null RUNNING
  s1:  RUNNING CANDIDATE s1@group-29DD907A7165:t0, leader=null, voted=, raftlog=Memoized:s1@group-29DD907A7165-SegmentedRaftLog:OPENED:c-1, conf=-1: peers:[s3|rpc:localhost:46863|admin:localhost:41281|client:localhost:41041|dataStream:localhost:44363|priority:0|startupRole:FOLLOWER, s4|rpc:localhost:36775|admin:localhost:35477|client:localhost:46475|dataStream:localhost:42557|priority:0|startupRole:FOLLOWER, s0|rpc:localhost:33119|admin:localhost:42011|client:localhost:45597|dataStream:localhost:34507|priority:0|startupRole:FOLLOWER, s1|rpc:localhost:43051|admin:localhost:41551|client:localhost:45233|dataStream:localhost:41779|priority:0|startupRole:FOLLOWER, s2|rpc:localhost:41201|admin:localhost:41487|client:localhost:41547|dataStream:localhost:43565|priority:0|startupRole:FOLLOWER]|listeners:[], old=null RUNNING
  s2:  RUNNING CANDIDATE s2@group-29DD907A7165:t1, leader=null, voted=s2, raftlog=Memoized:s2@group-29DD907A7165-SegmentedRaftLog:OPENED:c-1, conf=-1: peers:[s3|rpc:localhost:46863|admin:localhost:41281|client:localhost:41041|dataStream:localhost:44363|priority:0|startupRole:FOLLOWER, s4|rpc:localhost:36775|admin:localhost:35477|client:localhost:46475|dataStream:localhost:42557|priority:0|startupRole:FOLLOWER, s0|rpc:localhost:33119|admin:localhost:42011|client:localhost:45597|dataStream:localhost:34507|priority:0|startupRole:FOLLOWER, s1|rpc:localhost:43051|admin:localhost:41551|client:localhost:45233|dataStream:localhost:41779|priority:0|startupRole:FOLLOWER, s2|rpc:localhost:41201|admin:localhost:41487|client:localhost:41547|dataStream:localhost:43565|priority:0|startupRole:FOLLOWER]|listeners:[], old=null RUNNING, sleep 450ms and then retry.
java.lang.IllegalStateException: No leader yet : printing ALL groups
  s3:  RUNNING CANDIDATE s3@group-29DD907A7165:t0, leader=null, voted=, raftlog=Memoized:s3@group-29DD907A7165-SegmentedRaftLog:OPENED:c-1, conf=-1: peers:[s3|rpc:localhost:46863|admin:localhost:41281|client:localhost:41041|dataStream:localhost:44363|priority:0|startupRole:FOLLOWER, s4|rpc:localhost:36775|admin:localhost:35477|client:localhost:46475|dataStream:localhost:42557|priority:0|startupRole:FOLLOWER, s0|rpc:localhost:33119|admin:localhost:42011|client:localhost:45597|dataStream:localhost:34507|priority:0|startupRole:FOLLOWER, s1|rpc:localhost:43051|admin:localhost:41551|client:localhost:45233|dataStream:localhost:41779|priority:0|startupRole:FOLLOWER, s2|rpc:localhost:41201|admin:localhost:41487|client:localhost:41547|dataStream:localhost:43565|priority:0|startupRole:FOLLOWER]|listeners:[], old=null RUNNING
  s4:  RUNNING CANDIDATE s4@group-29DD907A7165:t0, leader=null, voted=, raftlog=Memoized:s4@group-29DD907A7165-SegmentedRaftLog:OPENED:c-1, conf=-1: peers:[s3|rpc:localhost:46863|admin:localhost:41281|client:localhost:41041|dataStream:localhost:44363|priority:0|startupRole:FOLLOWER, s4|rpc:localhost:36775|admin:localhost:35477|client:localhost:46475|dataStream:localhost:42557|priority:0|startupRole:FOLLOWER, s0|rpc:localhost:33119|admin:localhost:42011|client:localhost:45597|dataStream:localhost:34507|priority:0|startupRole:FOLLOWER, s1|rpc:localhost:43051|admin:localhost:41551|client:localhost:45233|dataStream:localhost:41779|priority:0|startupRole:FOLLOWER, s2|rpc:localhost:41201|admin:localhost:41487|client:localhost:41547|dataStream:localhost:43565|priority:0|startupRole:FOLLOWER]|listeners:[], old=null RUNNING
  s0:  RUNNING CANDIDATE s0@group-29DD907A7165:t0, leader=null, voted=, raftlog=Memoized:s0@group-29DD907A7165-SegmentedRaftLog:OPENED:c-1, conf=-1: peers:[s3|rpc:localhost:46863|admin:localhost:41281|client:localhost:41041|dataStream:localhost:44363|priority:0|startupRole:FOLLOWER, s4|rpc:localhost:36775|admin:localhost:35477|client:localhost:46475|dataStream:localhost:42557|priority:0|startupRole:FOLLOWER, s0|rpc:localhost:33119|admin:localhost:42011|client:localhost:45597|dataStream:localhost:34507|priority:0|startupRole:FOLLOWER, s1|rpc:localhost:43051|admin:localhost:41551|client:localhost:45233|dataStream:localhost:41779|priority:0|startupRole:FOLLOWER, s2|rpc:localhost:41201|admin:localhost:41487|client:localhost:41547|dataStream:localhost:43565|priority:0|startupRole:FOLLOWER]|listeners:[], old=null RUNNING
  s1:  RUNNING CANDIDATE s1@group-29DD907A7165:t0, leader=null, voted=, raftlog=Memoized:s1@group-29DD907A7165-SegmentedRaftLog:OPENED:c-1, conf=-1: peers:[s3|rpc:localhost:46863|admin:localhost:41281|client:localhost:41041|dataStream:localhost:44363|priority:0|startupRole:FOLLOWER, s4|rpc:localhost:36775|admin:localhost:35477|client:localhost:46475|dataStream:localhost:42557|priority:0|startupRole:FOLLOWER, s0|rpc:localhost:33119|admin:localhost:42011|client:localhost:45597|dataStream:localhost:34507|priority:0|startupRole:FOLLOWER, s1|rpc:localhost:43051|admin:localhost:41551|client:localhost:45233|dataStream:localhost:41779|priority:0|startupRole:FOLLOWER, s2|rpc:localhost:41201|admin:localhost:41487|client:localhost:41547|dataStream:localhost:43565|priority:0|startupRole:FOLLOWER]|listeners:[], old=null RUNNING
  s2:  RUNNING CANDIDATE s2@group-29DD907A7165:t1, leader=null, voted=s2, raftlog=Memoized:s2@group-29DD907A7165-SegmentedRaftLog:OPENED:c-1, conf=-1: peers:[s3|rpc:localhost:46863|admin:localhost:41281|client:localhost:41041|dataStream:localhost:44363|priority:0|startupRole:FOLLOWER, s4|rpc:localhost:36775|admin:localhost:35477|client:localhost:46475|dataStream:localhost:42557|priority:0|startupRole:FOLLOWER, s0|rpc:localhost:33119|admin:localhost:42011|client:localhost:45597|dataStream:localhost:34507|priority:0|startupRole:FOLLOWER, s1|rpc:localhost:43051|admin:localhost:41551|client:localhost:45233|dataStream:localhost:41779|priority:0|startupRole:FOLLOWER, s2|rpc:localhost:41201|admin:localhost:41487|client:localhost:41547|dataStream:localhost:43565|priority:0|startupRole:FOLLOWER]|listeners:[], old=null RUNNING
	at org.apache.ratis.server.impl.MiniRaftCluster.newIllegalStateExceptionForNoLeaders(MiniRaftCluster.java:581)
	at org.apache.ratis.RaftTestUtil.lambda$waitForLeader$1(RaftTestUtil.java:104)
	at org.apache.ratis.server.impl.MiniRaftCluster.getLeader(MiniRaftCluster.java:615)
	at org.apache.ratis.server.impl.MiniRaftCluster.getLeader(MiniRaftCluster.java:608)
	at org.apache.ratis.RaftTestUtil.lambda$waitForLeader$3(RaftTestUtil.java:112)
	at org.apache.ratis.util.JavaUtils.attempt(JavaUtils.java:211)
	at org.apache.ratis.util.JavaUtils.attemptRepeatedly(JavaUtils.java:197)
	at org.apache.ratis.RaftTestUtil.waitForLeader(RaftTestUtil.java:111)
	at org.apache.ratis.RaftTestUtil.waitForLeader(RaftTestUtil.java:92)
	at org.apache.ratis.RaftTestUtil.waitForLeader(RaftTestUtil.java:87)
	at org.apache.ratis.server.impl.LeaderElectionTests.testEnforceLeader(LeaderElectionTests.java:277)
	at org.apache.ratis.grpc.TestLeaderElectionWithGrpc.testEnforceLeader(TestLeaderElectionWithGrpc.java:31)
	at java.base/jdk.internal.reflect.NativeMethodAccessorImpl.invoke0(Native Method)
	at java.base/jdk.internal.reflect.NativeMethodAccessorImpl.invoke(NativeMethodAccessorImpl.java:62)
	at java.base/jdk.internal.reflect.DelegatingMethodAccessorImpl.invoke(DelegatingMethodAccessorImpl.java:43)
	at java.base/java.lang.reflect.Method.invoke(Method.java:566)
	at org.junit.runners.model.FrameworkMethod$1.runReflectiveCall(FrameworkMethod.java:59)
	at org.junit.internal.runners.model.ReflectiveCallable.run(ReflectiveCallable.java:12)
	at org.junit.runners.model.FrameworkMethod.invokeExplosively(FrameworkMethod.java:56)
	at org.junit.internal.runners.statements.InvokeMethod.evaluate(InvokeMethod.java:17)
	at org.junit.internal.runners.statements.RunAfters.evaluate(RunAfters.java:27)
	at org.junit.internal.runners.statements.FailOnTimeout$CallableStatement.call(FailOnTimeout.java:299)
	at org.junit.internal.runners.statements.FailOnTimeout$CallableStatement.call(FailOnTimeout.java:293)
	at java.base/java.util.concurrent.FutureTask.run(FutureTask.java:264)
	at java.base/java.lang.Thread.run(Thread.java:829)
2022-11-01 02:15:10,899 [s1@group-29DD907A7165-LeaderElection3] INFO  impl.LeaderElection (LeaderElection.java:logAndReturn(89)) - s1@group-29DD907A7165-LeaderElection3: PRE_VOTE PASSED received 2 response(s) and 0 exception(s):
2022-11-01 02:15:10,899 [s1@group-29DD907A7165-LeaderElection3] INFO  impl.LeaderElection (LeaderElection.java:logAndReturn(93)) -   Response 0: s1<-s3#0:OK-t0
2022-11-01 02:15:10,899 [s1@group-29DD907A7165-LeaderElection3] INFO  impl.LeaderElection (LeaderElection.java:logAndReturn(93)) -   Response 1: s1<-s4#0:OK-t0
2022-11-01 02:15:10,899 [s1@group-29DD907A7165-LeaderElection3] INFO  impl.LeaderElection (LeaderElection.java:askForVotes(311)) - s1@group-29DD907A7165-LeaderElection3 PRE_VOTE round 2: result PASSED
2022-11-01 02:15:10,899 [s2@group-29DD907A7165-LeaderElection5] INFO  server.RaftServerConfigKeys (ConfUtils.java:logFallback(53)) - raft.server.rpc.first-election.timeout.min = 150ms (fallback to raft.server.rpc.timeout.min)
2022-11-01 02:15:10,900 [s2@group-29DD907A7165-LeaderElection5] INFO  server.RaftServerConfigKeys (ConfUtils.java:logFallback(53)) - raft.server.rpc.first-election.timeout.max = 300ms (fallback to raft.server.rpc.timeout.max)
2022-11-01 02:15:10,902 [s1@group-29DD907A7165-LeaderElection3] INFO  impl.LeaderElection (LeaderElection.java:askForVotes(309)) - s1@group-29DD907A7165-LeaderElection3 ELECTION round 0: submit vote requests at term 1 for -1: peers:[s3|rpc:localhost:46863|admin:localhost:41281|client:localhost:41041|dataStream:localhost:44363|priority:0|startupRole:FOLLOWER, s4|rpc:localhost:36775|admin:localhost:35477|client:localhost:46475|dataStream:localhost:42557|priority:0|startupRole:FOLLOWER, s0|rpc:localhost:33119|admin:localhost:42011|client:localhost:45597|dataStream:localhost:34507|priority:0|startupRole:FOLLOWER, s1|rpc:localhost:43051|admin:localhost:41551|client:localhost:45233|dataStream:localhost:41779|priority:0|startupRole:FOLLOWER, s2|rpc:localhost:41201|admin:localhost:41487|client:localhost:41547|dataStream:localhost:43565|priority:0|startupRole:FOLLOWER]|listeners:[], old=null
2022-11-01 02:15:10,905 [s1@group-29DD907A7165-LeaderElection3] INFO  server.RaftServerConfigKeys (ConfUtils.java:logFallback(53)) - raft.server.rpc.first-election.timeout.min = 150ms (fallback to raft.server.rpc.timeout.min)
2022-11-01 02:15:10,905 [s1@group-29DD907A7165-LeaderElection3] INFO  server.RaftServerConfigKeys (ConfUtils.java:logFallback(53)) - raft.server.rpc.first-election.timeout.max = 300ms (fallback to raft.server.rpc.timeout.max)
2022-11-01 02:15:10,918 [grpc-default-executor-24] INFO  server.RaftServer$Division (RaftServerImpl.java:requestVote(1291)) - s1@group-29DD907A7165: receive requestVote(PRE_VOTE, s4, group-29DD907A7165, 0, (t:0, i:0))
2022-11-01 02:15:10,919 [grpc-default-executor-24] INFO  impl.VoteContext (VoteContext.java:log(49)) - s1@group-29DD907A7165-CANDIDATE: accept PRE_VOTE from s4: our priority 0 <= candidate's priority 0
2022-11-01 02:15:10,919 [grpc-default-executor-24] INFO  server.RaftServer$Division (RaftServerImpl.java:requestVote(1324)) - s1@group-29DD907A7165 replies to PRE_VOTE vote request: s4<-s1#0:OK-t1. Peer's state: s1@group-29DD907A7165:t1, leader=null, voted=s1, raftlog=Memoized:s1@group-29DD907A7165-SegmentedRaftLog:OPENED:c-1, conf=-1: peers:[s3|rpc:localhost:46863|admin:localhost:41281|client:localhost:41041|dataStream:localhost:44363|priority:0|startupRole:FOLLOWER, s4|rpc:localhost:36775|admin:localhost:35477|client:localhost:46475|dataStream:localhost:42557|priority:0|startupRole:FOLLOWER, s0|rpc:localhost:33119|admin:localhost:42011|client:localhost:45597|dataStream:localhost:34507|priority:0|startupRole:FOLLOWER, s1|rpc:localhost:43051|admin:localhost:41551|client:localhost:45233|dataStream:localhost:41779|priority:0|startupRole:FOLLOWER, s2|rpc:localhost:41201|admin:localhost:41487|client:localhost:41547|dataStream:localhost:43565|priority:0|startupRole:FOLLOWER]|listeners:[], old=null
2022-11-01 02:15:10,920 [grpc-default-executor-24] INFO  server.RaftServer$Division (RaftServerImpl.java:requestVote(1291)) - s3@group-29DD907A7165: receive requestVote(PRE_VOTE, s0, group-29DD907A7165, 0, (t:0, i:0))
2022-11-01 02:15:10,920 [grpc-default-executor-24] INFO  impl.VoteContext (VoteContext.java:log(49)) - s3@group-29DD907A7165-CANDIDATE: accept PRE_VOTE from s0: our priority 0 <= candidate's priority 0
2022-11-01 02:15:10,920 [grpc-default-executor-24] INFO  server.RaftServer$Division (RaftServerImpl.java:requestVote(1324)) - s3@group-29DD907A7165 replies to PRE_VOTE vote request: s0<-s3#0:OK-t0. Peer's state: s3@group-29DD907A7165:t0, leader=null, voted=, raftlog=Memoized:s3@group-29DD907A7165-SegmentedRaftLog:OPENED:c-1, conf=-1: peers:[s3|rpc:localhost:46863|admin:localhost:41281|client:localhost:41041|dataStream:localhost:44363|priority:0|startupRole:FOLLOWER, s4|rpc:localhost:36775|admin:localhost:35477|client:localhost:46475|dataStream:localhost:42557|priority:0|startupRole:FOLLOWER, s0|rpc:localhost:33119|admin:localhost:42011|client:localhost:45597|dataStream:localhost:34507|priority:0|startupRole:FOLLOWER, s1|rpc:localhost:43051|admin:localhost:41551|client:localhost:45233|dataStream:localhost:41779|priority:0|startupRole:FOLLOWER, s2|rpc:localhost:41201|admin:localhost:41487|client:localhost:41547|dataStream:localhost:43565|priority:0|startupRole:FOLLOWER]|listeners:[], old=null
2022-11-01 02:15:10,923 [grpc-default-executor-24] INFO  server.RaftServer$Division (RaftServerImpl.java:requestVote(1291)) - s3@group-29DD907A7165: receive requestVote(PRE_VOTE, s4, group-29DD907A7165, 0, (t:0, i:0))
2022-11-01 02:15:10,923 [grpc-default-executor-24] INFO  impl.VoteContext (VoteContext.java:log(49)) - s3@group-29DD907A7165-CANDIDATE: accept PRE_VOTE from s4: our priority 0 <= candidate's priority 0
2022-11-01 02:15:10,923 [grpc-default-executor-24] INFO  server.RaftServer$Division (RaftServerImpl.java:requestVote(1324)) - s3@group-29DD907A7165 replies to PRE_VOTE vote request: s4<-s3#0:OK-t0. Peer's state: s3@group-29DD907A7165:t0, leader=null, voted=, raftlog=Memoized:s3@group-29DD907A7165-SegmentedRaftLog:OPENED:c-1, conf=-1: peers:[s3|rpc:localhost:46863|admin:localhost:41281|client:localhost:41041|dataStream:localhost:44363|priority:0|startupRole:FOLLOWER, s4|rpc:localhost:36775|admin:localhost:35477|client:localhost:46475|dataStream:localhost:42557|priority:0|startupRole:FOLLOWER, s0|rpc:localhost:33119|admin:localhost:42011|client:localhost:45597|dataStream:localhost:34507|priority:0|startupRole:FOLLOWER, s1|rpc:localhost:43051|admin:localhost:41551|client:localhost:45233|dataStream:localhost:41779|priority:0|startupRole:FOLLOWER, s2|rpc:localhost:41201|admin:localhost:41487|client:localhost:41547|dataStream:localhost:43565|priority:0|startupRole:FOLLOWER]|listeners:[], old=null
2022-11-01 02:15:10,924 [grpc-default-executor-24] INFO  server.RaftServer$Division (RaftServerImpl.java:requestVote(1291)) - s0@group-29DD907A7165: receive requestVote(PRE_VOTE, s4, group-29DD907A7165, 0, (t:0, i:0))
2022-11-01 02:15:10,924 [grpc-default-executor-24] INFO  impl.VoteContext (VoteContext.java:log(49)) - s0@group-29DD907A7165-CANDIDATE: accept PRE_VOTE from s4: our priority 0 <= candidate's priority 0
2022-11-01 02:15:10,924 [grpc-default-executor-24] INFO  server.RaftServer$Division (RaftServerImpl.java:requestVote(1324)) - s0@group-29DD907A7165 replies to PRE_VOTE vote request: s4<-s0#0:OK-t0. Peer's state: s0@group-29DD907A7165:t0, leader=null, voted=, raftlog=Memoized:s0@group-29DD907A7165-SegmentedRaftLog:OPENED:c-1, conf=-1: peers:[s3|rpc:localhost:46863|admin:localhost:41281|client:localhost:41041|dataStream:localhost:44363|priority:0|startupRole:FOLLOWER, s4|rpc:localhost:36775|admin:localhost:35477|client:localhost:46475|dataStream:localhost:42557|priority:0|startupRole:FOLLOWER, s0|rpc:localhost:33119|admin:localhost:42011|client:localhost:45597|dataStream:localhost:34507|priority:0|startupRole:FOLLOWER, s1|rpc:localhost:43051|admin:localhost:41551|client:localhost:45233|dataStream:localhost:41779|priority:0|startupRole:FOLLOWER, s2|rpc:localhost:41201|admin:localhost:41487|client:localhost:41547|dataStream:localhost:43565|priority:0|startupRole:FOLLOWER]|listeners:[], old=null
2022-11-01 02:15:10,924 [grpc-default-executor-24] INFO  server.RaftServer$Division (RaftServerImpl.java:requestVote(1291)) - s0@group-29DD907A7165: receive requestVote(PRE_VOTE, s3, group-29DD907A7165, 0, (t:0, i:0))
2022-11-01 02:15:10,925 [grpc-default-executor-24] INFO  impl.VoteContext (VoteContext.java:log(49)) - s0@group-29DD907A7165-CANDIDATE: accept PRE_VOTE from s3: our priority 0 <= candidate's priority 0
2022-11-01 02:15:10,925 [grpc-default-executor-24] INFO  server.RaftServer$Division (RaftServerImpl.java:requestVote(1324)) - s0@group-29DD907A7165 replies to PRE_VOTE vote request: s3<-s0#0:OK-t0. Peer's state: s0@group-29DD907A7165:t0, leader=null, voted=, raftlog=Memoized:s0@group-29DD907A7165-SegmentedRaftLog:OPENED:c-1, conf=-1: peers:[s3|rpc:localhost:46863|admin:localhost:41281|client:localhost:41041|dataStream:localhost:44363|priority:0|startupRole:FOLLOWER, s4|rpc:localhost:36775|admin:localhost:35477|client:localhost:46475|dataStream:localhost:42557|priority:0|startupRole:FOLLOWER, s0|rpc:localhost:33119|admin:localhost:42011|client:localhost:45597|dataStream:localhost:34507|priority:0|startupRole:FOLLOWER, s1|rpc:localhost:43051|admin:localhost:41551|client:localhost:45233|dataStream:localhost:41779|priority:0|startupRole:FOLLOWER, s2|rpc:localhost:41201|admin:localhost:41487|client:localhost:41547|dataStream:localhost:43565|priority:0|startupRole:FOLLOWER]|listeners:[], old=null
2022-11-01 02:15:10,926 [grpc-default-executor-24] INFO  server.RaftServer$Division (RaftServerImpl.java:requestVote(1291)) - s2@group-29DD907A7165: receive requestVote(PRE_VOTE, s3, group-29DD907A7165, 0, (t:0, i:0))
2022-11-01 02:15:10,926 [grpc-default-executor-24] INFO  impl.VoteContext (VoteContext.java:log(49)) - s2@group-29DD907A7165-CANDIDATE: accept PRE_VOTE from s3: our priority 0 <= candidate's priority 0
2022-11-01 02:15:10,926 [grpc-default-executor-24] INFO  server.RaftServer$Division (RaftServerImpl.java:requestVote(1324)) - s2@group-29DD907A7165 replies to PRE_VOTE vote request: s3<-s2#0:OK-t1. Peer's state: s2@group-29DD907A7165:t1, leader=null, voted=s2, raftlog=Memoized:s2@group-29DD907A7165-SegmentedRaftLog:OPENED:c-1, conf=-1: peers:[s3|rpc:localhost:46863|admin:localhost:41281|client:localhost:41041|dataStream:localhost:44363|priority:0|startupRole:FOLLOWER, s4|rpc:localhost:36775|admin:localhost:35477|client:localhost:46475|dataStream:localhost:42557|priority:0|startupRole:FOLLOWER, s0|rpc:localhost:33119|admin:localhost:42011|client:localhost:45597|dataStream:localhost:34507|priority:0|startupRole:FOLLOWER, s1|rpc:localhost:43051|admin:localhost:41551|client:localhost:45233|dataStream:localhost:41779|priority:0|startupRole:FOLLOWER, s2|rpc:localhost:41201|admin:localhost:41487|client:localhost:41547|dataStream:localhost:43565|priority:0|startupRole:FOLLOWER]|listeners:[], old=null
2022-11-01 02:15:10,929 [s4@group-29DD907A7165-LeaderElection2] INFO  impl.LeaderElection (LeaderElection.java:logAndReturn(89)) - s4@group-29DD907A7165-LeaderElection2: PRE_VOTE TIMEOUT received 0 response(s) and 0 exception(s):
2022-11-01 02:15:10,929 [s4@group-29DD907A7165-LeaderElection2] INFO  impl.LeaderElection (LeaderElection.java:askForVotes(311)) - s4@group-29DD907A7165-LeaderElection2 PRE_VOTE round 3: result TIMEOUT
2022-11-01 02:15:10,929 [s4@group-29DD907A7165-LeaderElection2] INFO  impl.LeaderElection (LeaderElection.java:askForVotes(309)) - s4@group-29DD907A7165-LeaderElection2 PRE_VOTE round 4: submit vote requests at term 0 for -1: peers:[s3|rpc:localhost:46863|admin:localhost:41281|client:localhost:41041|dataStream:localhost:44363|priority:0|startupRole:FOLLOWER, s4|rpc:localhost:36775|admin:localhost:35477|client:localhost:46475|dataStream:localhost:42557|priority:0|startupRole:FOLLOWER, s0|rpc:localhost:33119|admin:localhost:42011|client:localhost:45597|dataStream:localhost:34507|priority:0|startupRole:FOLLOWER, s1|rpc:localhost:43051|admin:localhost:41551|client:localhost:45233|dataStream:localhost:41779|priority:0|startupRole:FOLLOWER, s2|rpc:localhost:41201|admin:localhost:41487|client:localhost:41547|dataStream:localhost:43565|priority:0|startupRole:FOLLOWER]|listeners:[], old=null
2022-11-01 02:15:10,940 [grpc-default-executor-24] INFO  server.RaftServer$Division (RaftServerImpl.java:requestVote(1291)) - s4@group-29DD907A7165: receive requestVote(ELECTION, s1, group-29DD907A7165, 1, (t:0, i:0))
2022-11-01 02:15:10,941 [grpc-default-executor-24] INFO  impl.VoteContext (VoteContext.java:log(49)) - s4@group-29DD907A7165-CANDIDATE: accept ELECTION from s1: our priority 0 <= candidate's priority 0
2022-11-01 02:15:10,942 [grpc-default-executor-24] INFO  server.RaftServer$Division (RaftServerImpl.java:setRole(325)) - s4@group-29DD907A7165: changes role from CANDIDATE to FOLLOWER at term 1 for candidate:s1
2022-11-01 02:15:10,942 [grpc-default-executor-24] INFO  impl.RoleInfo (RoleInfo.java:shutdownLeaderElection(130)) - s4: shutdown s4@group-29DD907A7165-LeaderElection2
2022-11-01 02:15:10,942 [grpc-default-executor-24] INFO  impl.RoleInfo (RoleInfo.java:updateAndGet(139)) - s4: start s4@group-29DD907A7165-FollowerState
2022-11-01 02:15:10,945 [grpc-default-executor-42] INFO  server.RaftServer$Division (RaftServerImpl.java:requestVote(1291)) - s3@group-29DD907A7165: receive requestVote(ELECTION, s1, group-29DD907A7165, 1, (t:0, i:0))
2022-11-01 02:15:10,946 [grpc-default-executor-42] INFO  impl.VoteContext (VoteContext.java:log(49)) - s3@group-29DD907A7165-CANDIDATE: accept ELECTION from s1: our priority 0 <= candidate's priority 0
2022-11-01 02:15:10,946 [grpc-default-executor-42] INFO  server.RaftServer$Division (RaftServerImpl.java:setRole(325)) - s3@group-29DD907A7165: changes role from CANDIDATE to FOLLOWER at term 1 for candidate:s1
2022-11-01 02:15:10,946 [grpc-default-executor-42] INFO  impl.RoleInfo (RoleInfo.java:shutdownLeaderElection(130)) - s3: shutdown s3@group-29DD907A7165-LeaderElection1
2022-11-01 02:15:10,946 [grpc-default-executor-42] INFO  impl.RoleInfo (RoleInfo.java:updateAndGet(139)) - s3: start s3@group-29DD907A7165-FollowerState
2022-11-01 02:15:10,946 [grpc-default-executor-30] INFO  server.RaftServer$Division (RaftServerImpl.java:requestVote(1291)) - s4@group-29DD907A7165: receive requestVote(ELECTION, s2, group-29DD907A7165, 1, (t:0, i:0))
2022-11-01 02:15:10,947 [grpc-default-executor-2] INFO  server.RaftServer$Division (RaftServerImpl.java:requestVote(1291)) - s1@group-29DD907A7165: receive requestVote(ELECTION, s2, group-29DD907A7165, 1, (t:0, i:0))
2022-11-01 02:15:10,947 [grpc-default-executor-2] INFO  impl.VoteContext (VoteContext.java:log(49)) - s1@group-29DD907A7165-CANDIDATE: reject ELECTION from s2: already has voted for s1 at current term 1
2022-11-01 02:15:10,947 [grpc-default-executor-2] INFO  server.RaftServer$Division (RaftServerImpl.java:requestVote(1324)) - s1@group-29DD907A7165 replies to ELECTION vote request: s2<-s1#0:FAIL-t1. Peer's state: s1@group-29DD907A7165:t1, leader=null, voted=s1, raftlog=Memoized:s1@group-29DD907A7165-SegmentedRaftLog:OPENED:c-1, conf=-1: peers:[s3|rpc:localhost:46863|admin:localhost:41281|client:localhost:41041|dataStream:localhost:44363|priority:0|startupRole:FOLLOWER, s4|rpc:localhost:36775|admin:localhost:35477|client:localhost:46475|dataStream:localhost:42557|priority:0|startupRole:FOLLOWER, s0|rpc:localhost:33119|admin:localhost:42011|client:localhost:45597|dataStream:localhost:34507|priority:0|startupRole:FOLLOWER, s1|rpc:localhost:43051|admin:localhost:41551|client:localhost:45233|dataStream:localhost:41779|priority:0|startupRole:FOLLOWER, s2|rpc:localhost:41201|admin:localhost:41487|client:localhost:41547|dataStream:localhost:43565|priority:0|startupRole:FOLLOWER]|listeners:[], old=null
2022-11-01 02:15:10,948 [grpc-default-executor-2] INFO  server.RaftServer$Division (RaftServerImpl.java:requestVote(1291)) - s1@group-29DD907A7165: receive requestVote(PRE_VOTE, s3, group-29DD907A7165, 0, (t:0, i:0))
2022-11-01 02:15:10,948 [grpc-default-executor-2] INFO  impl.VoteContext (VoteContext.java:log(49)) - s1@group-29DD907A7165-CANDIDATE: accept PRE_VOTE from s3: our priority 0 <= candidate's priority 0
2022-11-01 02:15:10,948 [grpc-default-executor-2] INFO  server.RaftServer$Division (RaftServerImpl.java:requestVote(1324)) - s1@group-29DD907A7165 replies to PRE_VOTE vote request: s3<-s1#0:OK-t1. Peer's state: s1@group-29DD907A7165:t1, leader=null, voted=s1, raftlog=Memoized:s1@group-29DD907A7165-SegmentedRaftLog:OPENED:c-1, conf=-1: peers:[s3|rpc:localhost:46863|admin:localhost:41281|client:localhost:41041|dataStream:localhost:44363|priority:0|startupRole:FOLLOWER, s4|rpc:localhost:36775|admin:localhost:35477|client:localhost:46475|dataStream:localhost:42557|priority:0|startupRole:FOLLOWER, s0|rpc:localhost:33119|admin:localhost:42011|client:localhost:45597|dataStream:localhost:34507|priority:0|startupRole:FOLLOWER, s1|rpc:localhost:43051|admin:localhost:41551|client:localhost:45233|dataStream:localhost:41779|priority:0|startupRole:FOLLOWER, s2|rpc:localhost:41201|admin:localhost:41487|client:localhost:41547|dataStream:localhost:43565|priority:0|startupRole:FOLLOWER]|listeners:[], old=null
2022-11-01 02:15:10,949 [grpc-default-executor-2] INFO  server.RaftServer$Division (RaftServerImpl.java:requestVote(1291)) - s1@group-29DD907A7165: receive requestVote(PRE_VOTE, s0, group-29DD907A7165, 0, (t:0, i:0))
2022-11-01 02:15:10,949 [grpc-default-executor-2] INFO  impl.VoteContext (VoteContext.java:log(49)) - s1@group-29DD907A7165-CANDIDATE: accept PRE_VOTE from s0: our priority 0 <= candidate's priority 0
2022-11-01 02:15:10,949 [grpc-default-executor-2] INFO  server.RaftServer$Division (RaftServerImpl.java:requestVote(1324)) - s1@group-29DD907A7165 replies to PRE_VOTE vote request: s0<-s1#0:OK-t1. Peer's state: s1@group-29DD907A7165:t1, leader=null, voted=s1, raftlog=Memoized:s1@group-29DD907A7165-SegmentedRaftLog:OPENED:c-1, conf=-1: peers:[s3|rpc:localhost:46863|admin:localhost:41281|client:localhost:41041|dataStream:localhost:44363|priority:0|startupRole:FOLLOWER, s4|rpc:localhost:36775|admin:localhost:35477|client:localhost:46475|dataStream:localhost:42557|priority:0|startupRole:FOLLOWER, s0|rpc:localhost:33119|admin:localhost:42011|client:localhost:45597|dataStream:localhost:34507|priority:0|startupRole:FOLLOWER, s1|rpc:localhost:43051|admin:localhost:41551|client:localhost:45233|dataStream:localhost:41779|priority:0|startupRole:FOLLOWER, s2|rpc:localhost:41201|admin:localhost:41487|client:localhost:41547|dataStream:localhost:43565|priority:0|startupRole:FOLLOWER]|listeners:[], old=null
2022-11-01 02:15:10,949 [grpc-default-executor-2] INFO  server.RaftServer$Division (RaftServerImpl.java:requestVote(1291)) - s2@group-29DD907A7165: receive requestVote(PRE_VOTE, s4, group-29DD907A7165, 0, (t:0, i:0))
2022-11-01 02:15:10,950 [grpc-default-executor-2] INFO  impl.VoteContext (VoteContext.java:log(49)) - s2@group-29DD907A7165-CANDIDATE: accept PRE_VOTE from s4: our priority 0 <= candidate's priority 0
2022-11-01 02:15:10,950 [grpc-default-executor-2] INFO  server.RaftServer$Division (RaftServerImpl.java:requestVote(1324)) - s2@group-29DD907A7165 replies to PRE_VOTE vote request: s4<-s2#0:OK-t1. Peer's state: s2@group-29DD907A7165:t1, leader=null, voted=s2, raftlog=Memoized:s2@group-29DD907A7165-SegmentedRaftLog:OPENED:c-1, conf=-1: peers:[s3|rpc:localhost:46863|admin:localhost:41281|client:localhost:41041|dataStream:localhost:44363|priority:0|startupRole:FOLLOWER, s4|rpc:localhost:36775|admin:localhost:35477|client:localhost:46475|dataStream:localhost:42557|priority:0|startupRole:FOLLOWER, s0|rpc:localhost:33119|admin:localhost:42011|client:localhost:45597|dataStream:localhost:34507|priority:0|startupRole:FOLLOWER, s1|rpc:localhost:43051|admin:localhost:41551|client:localhost:45233|dataStream:localhost:41779|priority:0|startupRole:FOLLOWER, s2|rpc:localhost:41201|admin:localhost:41487|client:localhost:41547|dataStream:localhost:43565|priority:0|startupRole:FOLLOWER]|listeners:[], old=null
2022-11-01 02:15:10,951 [grpc-default-executor-2] INFO  server.RaftServer$Division (RaftServerImpl.java:requestVote(1291)) - s2@group-29DD907A7165: receive requestVote(PRE_VOTE, s0, group-29DD907A7165, 0, (t:0, i:0))
2022-11-01 02:15:10,951 [grpc-default-executor-2] INFO  impl.VoteContext (VoteContext.java:log(49)) - s2@group-29DD907A7165-CANDIDATE: accept PRE_VOTE from s0: our priority 0 <= candidate's priority 0
2022-11-01 02:15:10,951 [grpc-default-executor-2] INFO  server.RaftServer$Division (RaftServerImpl.java:requestVote(1324)) - s2@group-29DD907A7165 replies to PRE_VOTE vote request: s0<-s2#0:OK-t1. Peer's state: s2@group-29DD907A7165:t1, leader=null, voted=s2, raftlog=Memoized:s2@group-29DD907A7165-SegmentedRaftLog:OPENED:c-1, conf=-1: peers:[s3|rpc:localhost:46863|admin:localhost:41281|client:localhost:41041|dataStream:localhost:44363|priority:0|startupRole:FOLLOWER, s4|rpc:localhost:36775|admin:localhost:35477|client:localhost:46475|dataStream:localhost:42557|priority:0|startupRole:FOLLOWER, s0|rpc:localhost:33119|admin:localhost:42011|client:localhost:45597|dataStream:localhost:34507|priority:0|startupRole:FOLLOWER, s1|rpc:localhost:43051|admin:localhost:41551|client:localhost:45233|dataStream:localhost:41779|priority:0|startupRole:FOLLOWER, s2|rpc:localhost:41201|admin:localhost:41487|client:localhost:41547|dataStream:localhost:43565|priority:0|startupRole:FOLLOWER]|listeners:[], old=null
2022-11-01 02:15:10,951 [grpc-default-executor-2] INFO  server.RaftServer$Division (RaftServerImpl.java:requestVote(1291)) - s4@group-29DD907A7165: receive requestVote(PRE_VOTE, s0, group-29DD907A7165, 0, (t:0, i:0))
2022-11-01 02:15:10,952 [grpc-default-executor-25] INFO  server.RaftServer$Division (RaftServerImpl.java:requestVote(1291)) - s3@group-29DD907A7165: receive requestVote(PRE_VOTE, s4, group-29DD907A7165, 0, (t:0, i:0))
2022-11-01 02:15:10,952 [grpc-default-executor-29] INFO  server.RaftServer$Division (RaftServerImpl.java:requestVote(1291)) - s4@group-29DD907A7165: receive requestVote(PRE_VOTE, s3, group-29DD907A7165, 0, (t:0, i:0))
2022-11-01 02:15:10,953 [s3@group-29DD907A7165-LeaderElection1] INFO  impl.LeaderElection (LeaderElection.java:logAndReturn(89)) - s3@group-29DD907A7165-LeaderElection1: PRE_VOTE DISCOVERED_A_NEW_TERM (term=1) received 1 response(s) and 0 exception(s):
2022-11-01 02:15:10,953 [s3@group-29DD907A7165-LeaderElection1] INFO  impl.LeaderElection (LeaderElection.java:logAndReturn(93)) -   Response 0: s3<-s1#0:OK-t1
2022-11-01 02:15:10,953 [s3@group-29DD907A7165-LeaderElection1] INFO  impl.LeaderElection (LeaderElection.java:askForVotes(311)) - s3@group-29DD907A7165-LeaderElection1 PRE_VOTE round 3: result DISCOVERED_A_NEW_TERM (term=1)
2022-11-01 02:15:10,954 [s0@group-29DD907A7165-LeaderElection4] INFO  impl.LeaderElection (LeaderElection.java:logAndReturn(89)) - s0@group-29DD907A7165-LeaderElection4: PRE_VOTE DISCOVERED_A_NEW_TERM (term=1) received 1 response(s) and 0 exception(s):
2022-11-01 02:15:10,955 [s0@group-29DD907A7165-LeaderElection4] INFO  impl.LeaderElection (LeaderElection.java:logAndReturn(93)) -   Response 0: s0<-s2#0:OK-t1
2022-11-01 02:15:10,955 [s0@group-29DD907A7165-LeaderElection4] INFO  impl.LeaderElection (LeaderElection.java:askForVotes(311)) - s0@group-29DD907A7165-LeaderElection4 PRE_VOTE round 3: result DISCOVERED_A_NEW_TERM (term=1)
2022-11-01 02:15:10,955 [s0@group-29DD907A7165-LeaderElection4] INFO  server.RaftServer$Division (RaftServerImpl.java:setRole(325)) - s0@group-29DD907A7165: changes role from CANDIDATE to FOLLOWER at term 1 for DISCOVERED_A_NEW_TERM (term=1)
2022-11-01 02:15:10,955 [s0@group-29DD907A7165-LeaderElection4] INFO  impl.RoleInfo (RoleInfo.java:shutdownLeaderElection(130)) - s0: shutdown s0@group-29DD907A7165-LeaderElection4
2022-11-01 02:15:10,955 [s0@group-29DD907A7165-LeaderElection4] INFO  impl.RoleInfo (RoleInfo.java:updateAndGet(139)) - s0: start s0@group-29DD907A7165-FollowerState
2022-11-01 02:15:10,958 [s3@group-29DD907A7165-FollowerState] INFO  server.RaftServerConfigKeys (ConfUtils.java:logFallback(53)) - raft.server.rpc.first-election.timeout.min = 150ms (fallback to raft.server.rpc.timeout.min)
2022-11-01 02:15:10,959 [s3@group-29DD907A7165-FollowerState] INFO  server.RaftServerConfigKeys (ConfUtils.java:logFallback(53)) - raft.server.rpc.first-election.timeout.max = 300ms (fallback to raft.server.rpc.timeout.max)
2022-11-01 02:15:10,962 [grpc-default-executor-42] INFO  server.RaftServer$Division (RaftServerImpl.java:requestVote(1324)) - s3@group-29DD907A7165 replies to ELECTION vote request: s1<-s3#0:OK-t1. Peer's state: s3@group-29DD907A7165:t1, leader=null, voted=s1, raftlog=Memoized:s3@group-29DD907A7165-SegmentedRaftLog:OPENED:c-1, conf=-1: peers:[s3|rpc:localhost:46863|admin:localhost:41281|client:localhost:41041|dataStream:localhost:44363|priority:0|startupRole:FOLLOWER, s4|rpc:localhost:36775|admin:localhost:35477|client:localhost:46475|dataStream:localhost:42557|priority:0|startupRole:FOLLOWER, s0|rpc:localhost:33119|admin:localhost:42011|client:localhost:45597|dataStream:localhost:34507|priority:0|startupRole:FOLLOWER, s1|rpc:localhost:43051|admin:localhost:41551|client:localhost:45233|dataStream:localhost:41779|priority:0|startupRole:FOLLOWER, s2|rpc:localhost:41201|admin:localhost:41487|client:localhost:41547|dataStream:localhost:43565|priority:0|startupRole:FOLLOWER]|listeners:[], old=null
2022-11-01 02:15:10,963 [grpc-default-executor-25] INFO  impl.VoteContext (VoteContext.java:log(49)) - s3@group-29DD907A7165-FOLLOWER: accept PRE_VOTE from s4: our priority 0 <= candidate's priority 0
2022-11-01 02:15:10,963 [grpc-default-executor-25] INFO  server.RaftServer$Division (RaftServerImpl.java:requestVote(1324)) - s3@group-29DD907A7165 replies to PRE_VOTE vote request: s4<-s3#0:OK-t1. Peer's state: s3@group-29DD907A7165:t1, leader=null, voted=s1, raftlog=Memoized:s3@group-29DD907A7165-SegmentedRaftLog:OPENED:c-1, conf=-1: peers:[s3|rpc:localhost:46863|admin:localhost:41281|client:localhost:41041|dataStream:localhost:44363|priority:0|startupRole:FOLLOWER, s4|rpc:localhost:36775|admin:localhost:35477|client:localhost:46475|dataStream:localhost:42557|priority:0|startupRole:FOLLOWER, s0|rpc:localhost:33119|admin:localhost:42011|client:localhost:45597|dataStream:localhost:34507|priority:0|startupRole:FOLLOWER, s1|rpc:localhost:43051|admin:localhost:41551|client:localhost:45233|dataStream:localhost:41779|priority:0|startupRole:FOLLOWER, s2|rpc:localhost:41201|admin:localhost:41487|client:localhost:41547|dataStream:localhost:43565|priority:0|startupRole:FOLLOWER]|listeners:[], old=null
2022-11-01 02:15:10,968 [s4@group-29DD907A7165-FollowerState] INFO  server.RaftServerConfigKeys (ConfUtils.java:logFallback(53)) - raft.server.rpc.first-election.timeout.min = 150ms (fallback to raft.server.rpc.timeout.min)
2022-11-01 02:15:10,968 [grpc-default-executor-42] INFO  server.RaftServer$Division (RaftServerImpl.java:requestVote(1291)) - s3@group-29DD907A7165: receive requestVote(ELECTION, s2, group-29DD907A7165, 1, (t:0, i:0))
2022-11-01 02:15:10,969 [grpc-default-executor-42] INFO  impl.VoteContext (VoteContext.java:log(49)) - s3@group-29DD907A7165-FOLLOWER: reject ELECTION from s2: already has voted for s1 at current term 1
2022-11-01 02:15:10,969 [grpc-default-executor-42] INFO  server.RaftServer$Division (RaftServerImpl.java:requestVote(1324)) - s3@group-29DD907A7165 replies to ELECTION vote request: s2<-s3#0:FAIL-t1. Peer's state: s3@group-29DD907A7165:t1, leader=null, voted=s1, raftlog=Memoized:s3@group-29DD907A7165-SegmentedRaftLog:OPENED:c-1, conf=-1: peers:[s3|rpc:localhost:46863|admin:localhost:41281|client:localhost:41041|dataStream:localhost:44363|priority:0|startupRole:FOLLOWER, s4|rpc:localhost:36775|admin:localhost:35477|client:localhost:46475|dataStream:localhost:42557|priority:0|startupRole:FOLLOWER, s0|rpc:localhost:33119|admin:localhost:42011|client:localhost:45597|dataStream:localhost:34507|priority:0|startupRole:FOLLOWER, s1|rpc:localhost:43051|admin:localhost:41551|client:localhost:45233|dataStream:localhost:41779|priority:0|startupRole:FOLLOWER, s2|rpc:localhost:41201|admin:localhost:41487|client:localhost:41547|dataStream:localhost:43565|priority:0|startupRole:FOLLOWER]|listeners:[], old=null
2022-11-01 02:15:10,969 [grpc-default-executor-24] INFO  server.RaftServer$Division (RaftServerImpl.java:requestVote(1324)) - s4@group-29DD907A7165 replies to ELECTION vote request: s1<-s4#0:OK-t1. Peer's state: s4@group-29DD907A7165:t1, leader=null, voted=s1, raftlog=Memoized:s4@group-29DD907A7165-SegmentedRaftLog:OPENED:c-1, conf=-1: peers:[s3|rpc:localhost:46863|admin:localhost:41281|client:localhost:41041|dataStream:localhost:44363|priority:0|startupRole:FOLLOWER, s4|rpc:localhost:36775|admin:localhost:35477|client:localhost:46475|dataStream:localhost:42557|priority:0|startupRole:FOLLOWER, s0|rpc:localhost:33119|admin:localhost:42011|client:localhost:45597|dataStream:localhost:34507|priority:0|startupRole:FOLLOWER, s1|rpc:localhost:43051|admin:localhost:41551|client:localhost:45233|dataStream:localhost:41779|priority:0|startupRole:FOLLOWER, s2|rpc:localhost:41201|admin:localhost:41487|client:localhost:41547|dataStream:localhost:43565|priority:0|startupRole:FOLLOWER]|listeners:[], old=null
2022-11-01 02:15:10,970 [grpc-default-executor-29] INFO  impl.VoteContext (VoteContext.java:log(49)) - s4@group-29DD907A7165-FOLLOWER: accept PRE_VOTE from s3: our priority 0 <= candidate's priority 0
2022-11-01 02:15:10,970 [grpc-default-executor-29] INFO  server.RaftServer$Division (RaftServerImpl.java:requestVote(1324)) - s4@group-29DD907A7165 replies to PRE_VOTE vote request: s3<-s4#0:OK-t1. Peer's state: s4@group-29DD907A7165:t1, leader=null, voted=s1, raftlog=Memoized:s4@group-29DD907A7165-SegmentedRaftLog:OPENED:c-1, conf=-1: peers:[s3|rpc:localhost:46863|admin:localhost:41281|client:localhost:41041|dataStream:localhost:44363|priority:0|startupRole:FOLLOWER, s4|rpc:localhost:36775|admin:localhost:35477|client:localhost:46475|dataStream:localhost:42557|priority:0|startupRole:FOLLOWER, s0|rpc:localhost:33119|admin:localhost:42011|client:localhost:45597|dataStream:localhost:34507|priority:0|startupRole:FOLLOWER, s1|rpc:localhost:43051|admin:localhost:41551|client:localhost:45233|dataStream:localhost:41779|priority:0|startupRole:FOLLOWER, s2|rpc:localhost:41201|admin:localhost:41487|client:localhost:41547|dataStream:localhost:43565|priority:0|startupRole:FOLLOWER]|listeners:[], old=null
2022-11-01 02:15:10,970 [grpc-default-executor-2] INFO  impl.VoteContext (VoteContext.java:log(49)) - s4@group-29DD907A7165-FOLLOWER: accept PRE_VOTE from s0: our priority 0 <= candidate's priority 0
2022-11-01 02:15:10,970 [grpc-default-executor-2] INFO  server.RaftServer$Division (RaftServerImpl.java:requestVote(1324)) - s4@group-29DD907A7165 replies to PRE_VOTE vote request: s0<-s4#0:OK-t1. Peer's state: s4@group-29DD907A7165:t1, leader=null, voted=s1, raftlog=Memoized:s4@group-29DD907A7165-SegmentedRaftLog:OPENED:c-1, conf=-1: peers:[s3|rpc:localhost:46863|admin:localhost:41281|client:localhost:41041|dataStream:localhost:44363|priority:0|startupRole:FOLLOWER, s4|rpc:localhost:36775|admin:localhost:35477|client:localhost:46475|dataStream:localhost:42557|priority:0|startupRole:FOLLOWER, s0|rpc:localhost:33119|admin:localhost:42011|client:localhost:45597|dataStream:localhost:34507|priority:0|startupRole:FOLLOWER, s1|rpc:localhost:43051|admin:localhost:41551|client:localhost:45233|dataStream:localhost:41779|priority:0|startupRole:FOLLOWER, s2|rpc:localhost:41201|admin:localhost:41487|client:localhost:41547|dataStream:localhost:43565|priority:0|startupRole:FOLLOWER]|listeners:[], old=null
2022-11-01 02:15:10,970 [grpc-default-executor-30] INFO  impl.VoteContext (VoteContext.java:log(49)) - s4@group-29DD907A7165-FOLLOWER: reject ELECTION from s2: already has voted for s1 at current term 1
2022-11-01 02:15:10,971 [grpc-default-executor-30] INFO  server.RaftServer$Division (RaftServerImpl.java:requestVote(1324)) - s4@group-29DD907A7165 replies to ELECTION vote request: s2<-s4#0:FAIL-t1. Peer's state: s4@group-29DD907A7165:t1, leader=null, voted=s1, raftlog=Memoized:s4@group-29DD907A7165-SegmentedRaftLog:OPENED:c-1, conf=-1: peers:[s3|rpc:localhost:46863|admin:localhost:41281|client:localhost:41041|dataStream:localhost:44363|priority:0|startupRole:FOLLOWER, s4|rpc:localhost:36775|admin:localhost:35477|client:localhost:46475|dataStream:localhost:42557|priority:0|startupRole:FOLLOWER, s0|rpc:localhost:33119|admin:localhost:42011|client:localhost:45597|dataStream:localhost:34507|priority:0|startupRole:FOLLOWER, s1|rpc:localhost:43051|admin:localhost:41551|client:localhost:45233|dataStream:localhost:41779|priority:0|startupRole:FOLLOWER, s2|rpc:localhost:41201|admin:localhost:41487|client:localhost:41547|dataStream:localhost:43565|priority:0|startupRole:FOLLOWER]|listeners:[], old=null
2022-11-01 02:15:10,971 [grpc-default-executor-30] INFO  server.RaftServer$Division (RaftServerImpl.java:requestVote(1291)) - s0@group-29DD907A7165: receive requestVote(ELECTION, s2, group-29DD907A7165, 1, (t:0, i:0))
2022-11-01 02:15:10,972 [grpc-default-executor-29] INFO  server.RaftServer$Division (RaftServerImpl.java:requestVote(1291)) - s0@group-29DD907A7165: receive requestVote(ELECTION, s1, group-29DD907A7165, 1, (t:0, i:0))
2022-11-01 02:15:10,972 [grpc-default-executor-2] INFO  server.RaftServer$Division (RaftServerImpl.java:requestVote(1291)) - s2@group-29DD907A7165: receive requestVote(ELECTION, s1, group-29DD907A7165, 1, (t:0, i:0))
2022-11-01 02:15:10,972 [s4@group-29DD907A7165-FollowerState] INFO  server.RaftServerConfigKeys (ConfUtils.java:logFallback(53)) - raft.server.rpc.first-election.timeout.max = 300ms (fallback to raft.server.rpc.timeout.max)
2022-11-01 02:15:10,972 [grpc-default-executor-2] INFO  impl.VoteContext (VoteContext.java:log(49)) - s2@group-29DD907A7165-CANDIDATE: reject ELECTION from s1: already has voted for s2 at current term 1
2022-11-01 02:15:10,972 [grpc-default-executor-2] INFO  server.RaftServer$Division (RaftServerImpl.java:requestVote(1324)) - s2@group-29DD907A7165 replies to ELECTION vote request: s1<-s2#0:FAIL-t1. Peer's state: s2@group-29DD907A7165:t1, leader=null, voted=s2, raftlog=Memoized:s2@group-29DD907A7165-SegmentedRaftLog:OPENED:c-1, conf=-1: peers:[s3|rpc:localhost:46863|admin:localhost:41281|client:localhost:41041|dataStream:localhost:44363|priority:0|startupRole:FOLLOWER, s4|rpc:localhost:36775|admin:localhost:35477|client:localhost:46475|dataStream:localhost:42557|priority:0|startupRole:FOLLOWER, s0|rpc:localhost:33119|admin:localhost:42011|client:localhost:45597|dataStream:localhost:34507|priority:0|startupRole:FOLLOWER, s1|rpc:localhost:43051|admin:localhost:41551|client:localhost:45233|dataStream:localhost:41779|priority:0|startupRole:FOLLOWER, s2|rpc:localhost:41201|admin:localhost:41487|client:localhost:41547|dataStream:localhost:43565|priority:0|startupRole:FOLLOWER]|listeners:[], old=null
2022-11-01 02:15:10,977 [s0@group-29DD907A7165-FollowerState] INFO  server.RaftServerConfigKeys (ConfUtils.java:logFallback(53)) - raft.server.rpc.first-election.timeout.min = 150ms (fallback to raft.server.rpc.timeout.min)
2022-11-01 02:15:10,977 [s0@group-29DD907A7165-FollowerState] INFO  server.RaftServerConfigKeys (ConfUtils.java:logFallback(53)) - raft.server.rpc.first-election.timeout.max = 300ms (fallback to raft.server.rpc.timeout.max)
2022-11-01 02:15:10,978 [s1@group-29DD907A7165-LeaderElection3] INFO  impl.LeaderElection (LeaderElection.java:logAndReturn(89)) - s1@group-29DD907A7165-LeaderElection3: ELECTION PASSED received 2 response(s) and 0 exception(s):
2022-11-01 02:15:10,978 [s1@group-29DD907A7165-LeaderElection3] INFO  impl.LeaderElection (LeaderElection.java:logAndReturn(93)) -   Response 0: s1<-s3#0:OK-t1
2022-11-01 02:15:10,978 [s1@group-29DD907A7165-LeaderElection3] INFO  impl.LeaderElection (LeaderElection.java:logAndReturn(93)) -   Response 1: s1<-s4#0:OK-t1
2022-11-01 02:15:10,978 [grpc-default-executor-29] INFO  impl.VoteContext (VoteContext.java:log(49)) - s0@group-29DD907A7165-FOLLOWER: accept ELECTION from s1: our priority 0 <= candidate's priority 0
2022-11-01 02:15:10,978 [grpc-default-executor-29] INFO  server.RaftServer$Division (RaftServerImpl.java:setRole(325)) - s0@group-29DD907A7165: changes role from  FOLLOWER to FOLLOWER at term 1 for candidate:s1
2022-11-01 02:15:10,978 [grpc-default-executor-29] INFO  impl.RoleInfo (RoleInfo.java:shutdownFollowerState(110)) - s0: shutdown s0@group-29DD907A7165-FollowerState
2022-11-01 02:15:10,978 [grpc-default-executor-29] INFO  impl.RoleInfo (RoleInfo.java:updateAndGet(139)) - s0: start s0@group-29DD907A7165-FollowerState
2022-11-01 02:15:10,978 [s2@group-29DD907A7165-LeaderElection5] INFO  impl.LeaderElection (LeaderElection.java:logAndReturn(89)) - s2@group-29DD907A7165-LeaderElection5: ELECTION REJECTED received 3 response(s) and 0 exception(s):
2022-11-01 02:15:10,978 [s2@group-29DD907A7165-LeaderElection5] INFO  impl.LeaderElection (LeaderElection.java:logAndReturn(93)) -   Response 0: s2<-s3#0:FAIL-t1
2022-11-01 02:15:10,979 [s2@group-29DD907A7165-LeaderElection5] INFO  impl.LeaderElection (LeaderElection.java:logAndReturn(93)) -   Response 1: s2<-s4#0:FAIL-t1
2022-11-01 02:15:10,979 [s2@group-29DD907A7165-LeaderElection5] INFO  impl.LeaderElection (LeaderElection.java:logAndReturn(93)) -   Response 2: s2<-s1#0:FAIL-t1
2022-11-01 02:15:10,978 [s1@group-29DD907A7165-LeaderElection3] INFO  impl.LeaderElection (LeaderElection.java:askForVotes(311)) - s1@group-29DD907A7165-LeaderElection3 ELECTION round 0: result PASSED
2022-11-01 02:15:10,979 [s1@group-29DD907A7165-LeaderElection3] INFO  impl.RoleInfo (RoleInfo.java:shutdownLeaderElection(130)) - s1: shutdown s1@group-29DD907A7165-LeaderElection3
2022-11-01 02:15:10,979 [s1@group-29DD907A7165-LeaderElection3] INFO  server.RaftServer$Division (RaftServerImpl.java:setRole(325)) - s1@group-29DD907A7165: changes role from CANDIDATE to LEADER at term 1 for changeToLeader
2022-11-01 02:15:10,979 [s0@group-29DD907A7165-FollowerState] INFO  impl.FollowerState (FollowerState.java:run(152)) - s0@group-29DD907A7165-FollowerState was interrupted
2022-11-01 02:15:10,979 [s1@group-29DD907A7165-LeaderElection3] INFO  server.RaftServer$Division (ServerState.java:setLeader(259)) - s1@group-29DD907A7165: change Leader from null to s1 at term 1 for becomeLeader, leader elected after 1592ms
2022-11-01 02:15:10,979 [s2@group-29DD907A7165-LeaderElection5] INFO  impl.LeaderElection (LeaderElection.java:askForVotes(311)) - s2@group-29DD907A7165-LeaderElection5 ELECTION round 0: result REJECTED
2022-11-01 02:15:10,980 [s2@group-29DD907A7165-LeaderElection5] INFO  server.RaftServer$Division (RaftServerImpl.java:setRole(325)) - s2@group-29DD907A7165: changes role from CANDIDATE to FOLLOWER at term 1 for REJECTED
2022-11-01 02:15:10,980 [s2@group-29DD907A7165-LeaderElection5] INFO  impl.RoleInfo (RoleInfo.java:shutdownLeaderElection(130)) - s2: shutdown s2@group-29DD907A7165-LeaderElection5
2022-11-01 02:15:10,980 [s2@group-29DD907A7165-LeaderElection5] INFO  impl.RoleInfo (RoleInfo.java:updateAndGet(139)) - s2: start s2@group-29DD907A7165-FollowerState
2022-11-01 02:15:10,985 [s1@group-29DD907A7165-LeaderElection3] INFO  server.RaftServerConfigKeys (ConfUtils.java:logGet(46)) - raft.server.staging.catchup.gap = 1000 (default)
2022-11-01 02:15:10,991 [grpc-default-executor-2] INFO  server.RaftServer$Division (RaftServerImpl.java:requestVote(1291)) - s0@group-29DD907A7165: receive requestVote(PRE_VOTE, s4, group-29DD907A7165, 0, (t:0, i:0))
2022-11-01 02:15:10,997 [s1@group-29DD907A7165-LeaderElection3] INFO  server.RaftServerConfigKeys (ConfUtils.java:logGet(46)) - raft.server.write.element-limit = 4096 (default)
2022-11-01 02:15:10,997 [grpc-default-executor-24] INFO  server.RaftServer$Division (RaftServerImpl.java:requestVote(1291)) - s1@group-29DD907A7165: receive requestVote(PRE_VOTE, s4, group-29DD907A7165, 0, (t:0, i:0))
2022-11-01 02:15:10,997 [s1@group-29DD907A7165-LeaderElection3] INFO  server.RaftServerConfigKeys (ConfUtils.java:logGet(46)) - raft.server.write.byte-limit = 64MB (=67108864) (default)
2022-11-01 02:15:11,001 [s1@group-29DD907A7165-LeaderElection3] INFO  server.RaftServerConfigKeys (ConfUtils.java:logGet(46)) - raft.server.watch.timeout = 10s (default)
2022-11-01 02:15:11,009 [s1@group-29DD907A7165-LeaderElection3] INFO  server.RaftServerConfigKeys (ConfUtils.java:logGet(46)) - raft.server.watch.timeout.denomination = 1s (default)
2022-11-01 02:15:11,012 [grpc-default-executor-42] INFO  server.RaftServer$Division (RaftServerImpl.java:requestVote(1291)) - s2@group-29DD907A7165: receive requestVote(PRE_VOTE, s4, group-29DD907A7165, 0, (t:0, i:0))
2022-11-01 02:15:11,012 [grpc-default-executor-42] INFO  impl.VoteContext (VoteContext.java:log(49)) - s2@group-29DD907A7165-FOLLOWER: accept PRE_VOTE from s4: our priority 0 <= candidate's priority 0
2022-11-01 02:15:11,012 [grpc-default-executor-42] INFO  server.RaftServer$Division (RaftServerImpl.java:requestVote(1324)) - s2@group-29DD907A7165 replies to PRE_VOTE vote request: s4<-s2#0:OK-t1. Peer's state: s2@group-29DD907A7165:t1, leader=null, voted=s2, raftlog=Memoized:s2@group-29DD907A7165-SegmentedRaftLog:OPENED:c-1, conf=-1: peers:[s3|rpc:localhost:46863|admin:localhost:41281|client:localhost:41041|dataStream:localhost:44363|priority:0|startupRole:FOLLOWER, s4|rpc:localhost:36775|admin:localhost:35477|client:localhost:46475|dataStream:localhost:42557|priority:0|startupRole:FOLLOWER, s0|rpc:localhost:33119|admin:localhost:42011|client:localhost:45597|dataStream:localhost:34507|priority:0|startupRole:FOLLOWER, s1|rpc:localhost:43051|admin:localhost:41551|client:localhost:45233|dataStream:localhost:41779|priority:0|startupRole:FOLLOWER, s2|rpc:localhost:41201|admin:localhost:41487|client:localhost:41547|dataStream:localhost:43565|priority:0|startupRole:FOLLOWER]|listeners:[], old=null
2022-11-01 02:15:11,002 [s4@group-29DD907A7165-LeaderElection2] INFO  server.RaftServerConfigKeys (ConfUtils.java:logFallback(53)) - raft.server.rpc.first-election.timeout.min = 150ms (fallback to raft.server.rpc.timeout.min)
2022-11-01 02:15:11,013 [s4@group-29DD907A7165-LeaderElection2] INFO  server.RaftServerConfigKeys (ConfUtils.java:logFallback(53)) - raft.server.rpc.first-election.timeout.max = 300ms (fallback to raft.server.rpc.timeout.max)
2022-11-01 02:15:11,014 [s4@group-29DD907A7165-LeaderElection2] INFO  impl.LeaderElection (LeaderElection.java:logAndReturn(89)) - s4@group-29DD907A7165-LeaderElection2: PRE_VOTE REJECTED received 0 response(s) and 0 exception(s):
2022-11-01 02:15:11,014 [s4@group-29DD907A7165-LeaderElection2] INFO  impl.LeaderElection (LeaderElection.java:askForVotes(311)) - s4@group-29DD907A7165-LeaderElection2 PRE_VOTE round 4: result REJECTED
2022-11-01 02:15:11,009 [s0@group-29DD907A7165-FollowerState] INFO  server.RaftServerConfigKeys (ConfUtils.java:logFallback(53)) - raft.server.rpc.first-election.timeout.min = 150ms (fallback to raft.server.rpc.timeout.min)
2022-11-01 02:15:11,009 [grpc-default-executor-29] INFO  server.RaftServer$Division (RaftServerImpl.java:requestVote(1324)) - s0@group-29DD907A7165 replies to ELECTION vote request: s1<-s0#0:OK-t1. Peer's state: s0@group-29DD907A7165:t1, leader=null, voted=s1, raftlog=Memoized:s0@group-29DD907A7165-SegmentedRaftLog:OPENED:c-1, conf=-1: peers:[s3|rpc:localhost:46863|admin:localhost:41281|client:localhost:41041|dataStream:localhost:44363|priority:0|startupRole:FOLLOWER, s4|rpc:localhost:36775|admin:localhost:35477|client:localhost:46475|dataStream:localhost:42557|priority:0|startupRole:FOLLOWER, s0|rpc:localhost:33119|admin:localhost:42011|client:localhost:45597|dataStream:localhost:34507|priority:0|startupRole:FOLLOWER, s1|rpc:localhost:43051|admin:localhost:41551|client:localhost:45233|dataStream:localhost:41779|priority:0|startupRole:FOLLOWER, s2|rpc:localhost:41201|admin:localhost:41487|client:localhost:41547|dataStream:localhost:43565|priority:0|startupRole:FOLLOWER]|listeners:[], old=null
2022-11-01 02:15:11,018 [grpc-default-executor-30] INFO  impl.VoteContext (VoteContext.java:log(49)) - s0@group-29DD907A7165-FOLLOWER: reject ELECTION from s2: already has voted for s1 at current term 1
2022-11-01 02:15:11,019 [grpc-default-executor-30] INFO  server.RaftServer$Division (RaftServerImpl.java:requestVote(1324)) - s0@group-29DD907A7165 replies to ELECTION vote request: s2<-s0#0:FAIL-t1. Peer's state: s0@group-29DD907A7165:t1, leader=null, voted=s1, raftlog=Memoized:s0@group-29DD907A7165-SegmentedRaftLog:OPENED:c-1, conf=-1: peers:[s3|rpc:localhost:46863|admin:localhost:41281|client:localhost:41041|dataStream:localhost:44363|priority:0|startupRole:FOLLOWER, s4|rpc:localhost:36775|admin:localhost:35477|client:localhost:46475|dataStream:localhost:42557|priority:0|startupRole:FOLLOWER, s0|rpc:localhost:33119|admin:localhost:42011|client:localhost:45597|dataStream:localhost:34507|priority:0|startupRole:FOLLOWER, s1|rpc:localhost:43051|admin:localhost:41551|client:localhost:45233|dataStream:localhost:41779|priority:0|startupRole:FOLLOWER, s2|rpc:localhost:41201|admin:localhost:41487|client:localhost:41547|dataStream:localhost:43565|priority:0|startupRole:FOLLOWER]|listeners:[], old=null
2022-11-01 02:15:11,019 [grpc-default-executor-2] INFO  impl.VoteContext (VoteContext.java:log(49)) - s0@group-29DD907A7165-FOLLOWER: accept PRE_VOTE from s4: our priority 0 <= candidate's priority 0
2022-11-01 02:15:11,019 [grpc-default-executor-2] INFO  server.RaftServer$Division (RaftServerImpl.java:requestVote(1324)) - s0@group-29DD907A7165 replies to PRE_VOTE vote request: s4<-s0#0:OK-t1. Peer's state: s0@group-29DD907A7165:t1, leader=null, voted=s1, raftlog=Memoized:s0@group-29DD907A7165-SegmentedRaftLog:OPENED:c-1, conf=-1: peers:[s3|rpc:localhost:46863|admin:localhost:41281|client:localhost:41041|dataStream:localhost:44363|priority:0|startupRole:FOLLOWER, s4|rpc:localhost:36775|admin:localhost:35477|client:localhost:46475|dataStream:localhost:42557|priority:0|startupRole:FOLLOWER, s0|rpc:localhost:33119|admin:localhost:42011|client:localhost:45597|dataStream:localhost:34507|priority:0|startupRole:FOLLOWER, s1|rpc:localhost:43051|admin:localhost:41551|client:localhost:45233|dataStream:localhost:41779|priority:0|startupRole:FOLLOWER, s2|rpc:localhost:41201|admin:localhost:41487|client:localhost:41547|dataStream:localhost:43565|priority:0|startupRole:FOLLOWER]|listeners:[], old=null
2022-11-01 02:15:11,003 [s2@group-29DD907A7165-FollowerState] INFO  server.RaftServerConfigKeys (ConfUtils.java:logFallback(53)) - raft.server.rpc.first-election.timeout.min = 150ms (fallback to raft.server.rpc.timeout.min)
2022-11-01 02:15:11,019 [s2@group-29DD907A7165-FollowerState] INFO  server.RaftServerConfigKeys (ConfUtils.java:logFallback(53)) - raft.server.rpc.first-election.timeout.max = 300ms (fallback to raft.server.rpc.timeout.max)
2022-11-01 02:15:11,018 [s1@group-29DD907A7165-LeaderElection3] INFO  server.RaftServerConfigKeys (ConfUtils.java:logGet(46)) - raft.server.watch.element-limit = 65536 (default)
2022-11-01 02:15:11,028 [s0@group-29DD907A7165-FollowerState] INFO  server.RaftServerConfigKeys (ConfUtils.java:logFallback(53)) - raft.server.rpc.first-election.timeout.max = 300ms (fallback to raft.server.rpc.timeout.max)
2022-11-01 02:15:11,034 [s1@group-29DD907A7165-LeaderElection3] INFO  server.RaftServerConfigKeys (ConfUtils.java:logGet(46)) - raft.server.write.element-limit = 4096 (default)
2022-11-01 02:15:11,036 [s1@group-29DD907A7165-LeaderElection3] INFO  server.RaftServerConfigKeys (ConfUtils.java:logGet(46)) - raft.server.write.follower.gap.ratio.max = -1.0 (default)
2022-11-01 02:15:11,047 [s1@group-29DD907A7165-LeaderElection3] INFO  server.RaftServerConfigKeys (ConfUtils.java:logGet(46)) - raft.server.log.appender.snapshot.chunk.size.max = 16MB (=16777216) (default)
2022-11-01 02:15:11,047 [s1@group-29DD907A7165-LeaderElection3] INFO  server.RaftServerConfigKeys (ConfUtils.java:logGet(46)) - raft.server.log.appender.buffer.byte-limit = 4MB (=4194304) (default)
2022-11-01 02:15:11,048 [s1@group-29DD907A7165-LeaderElection3] INFO  server.RaftServerConfigKeys (ConfUtils.java:logGet(46)) - raft.server.log.appender.buffer.element-limit = 0 (default)
2022-11-01 02:15:11,050 [s1@group-29DD907A7165-LeaderElection3] INFO  grpc.GrpcConfigKeys (ConfUtils.java:logGet(46)) - raft.grpc.server.leader.outstanding.appends.max = 128 (default)
2022-11-01 02:15:11,051 [s1@group-29DD907A7165-LeaderElection3] INFO  server.RaftServerConfigKeys (ConfUtils.java:logGet(46)) - raft.server.rpc.request.timeout = 3000ms (default)
2022-11-01 02:15:11,051 [s1@group-29DD907A7165-LeaderElection3] INFO  server.RaftServerConfigKeys (ConfUtils.java:logGet(46)) - raft.server.log.appender.install.snapshot.enabled = true (default)
2022-11-01 02:15:11,051 [s1@group-29DD907A7165-LeaderElection3] INFO  grpc.GrpcConfigKeys (ConfUtils.java:logGet(46)) - raft.grpc.server.heartbeat.channel = true (default)
2022-11-01 02:15:11,051 [s1@group-29DD907A7165-LeaderElection3] INFO  server.RaftServerConfigKeys (ConfUtils.java:logGet(46)) - raft.server.log.appender.wait-time.min = 10ms (default)
2022-11-01 02:15:11,054 [s1@group-29DD907A7165-LeaderElection3] INFO  server.RaftServerConfigKeys (ConfUtils.java:logGet(46)) - raft.server.log.appender.snapshot.chunk.size.max = 16MB (=16777216) (default)
2022-11-01 02:15:11,055 [s1@group-29DD907A7165-LeaderElection3] INFO  server.RaftServerConfigKeys (ConfUtils.java:logGet(46)) - raft.server.log.appender.buffer.byte-limit = 4MB (=4194304) (default)
2022-11-01 02:15:11,055 [s1@group-29DD907A7165-LeaderElection3] INFO  server.RaftServerConfigKeys (ConfUtils.java:logGet(46)) - raft.server.log.appender.buffer.element-limit = 0 (default)
2022-11-01 02:15:11,055 [s1@group-29DD907A7165-LeaderElection3] INFO  grpc.GrpcConfigKeys (ConfUtils.java:logGet(46)) - raft.grpc.server.leader.outstanding.appends.max = 128 (default)
2022-11-01 02:15:11,055 [s1@group-29DD907A7165-LeaderElection3] INFO  server.RaftServerConfigKeys (ConfUtils.java:logGet(46)) - raft.server.rpc.request.timeout = 3000ms (default)
2022-11-01 02:15:11,055 [s1@group-29DD907A7165-LeaderElection3] INFO  server.RaftServerConfigKeys (ConfUtils.java:logGet(46)) - raft.server.log.appender.install.snapshot.enabled = true (default)
2022-11-01 02:15:11,055 [s1@group-29DD907A7165-LeaderElection3] INFO  grpc.GrpcConfigKeys (ConfUtils.java:logGet(46)) - raft.grpc.server.heartbeat.channel = true (default)
2022-11-01 02:15:11,055 [s1@group-29DD907A7165-LeaderElection3] INFO  server.RaftServerConfigKeys (ConfUtils.java:logGet(46)) - raft.server.log.appender.wait-time.min = 10ms (default)
2022-11-01 02:15:11,056 [s1@group-29DD907A7165-LeaderElection3] INFO  server.RaftServerConfigKeys (ConfUtils.java:logGet(46)) - raft.server.log.appender.snapshot.chunk.size.max = 16MB (=16777216) (default)
2022-11-01 02:15:11,056 [s1@group-29DD907A7165-LeaderElection3] INFO  server.RaftServerConfigKeys (ConfUtils.java:logGet(46)) - raft.server.log.appender.buffer.byte-limit = 4MB (=4194304) (default)
2022-11-01 02:15:11,056 [s1@group-29DD907A7165-LeaderElection3] INFO  server.RaftServerConfigKeys (ConfUtils.java:logGet(46)) - raft.server.log.appender.buffer.element-limit = 0 (default)
2022-11-01 02:15:11,056 [s1@group-29DD907A7165-LeaderElection3] INFO  grpc.GrpcConfigKeys (ConfUtils.java:logGet(46)) - raft.grpc.server.leader.outstanding.appends.max = 128 (default)
2022-11-01 02:15:11,056 [s1@group-29DD907A7165-LeaderElection3] INFO  server.RaftServerConfigKeys (ConfUtils.java:logGet(46)) - raft.server.rpc.request.timeout = 3000ms (default)
2022-11-01 02:15:11,056 [s1@group-29DD907A7165-LeaderElection3] INFO  server.RaftServerConfigKeys (ConfUtils.java:logGet(46)) - raft.server.log.appender.install.snapshot.enabled = true (default)
2022-11-01 02:15:11,057 [s1@group-29DD907A7165-LeaderElection3] INFO  grpc.GrpcConfigKeys (ConfUtils.java:logGet(46)) - raft.grpc.server.heartbeat.channel = true (default)
2022-11-01 02:15:11,057 [s1@group-29DD907A7165-LeaderElection3] INFO  server.RaftServerConfigKeys (ConfUtils.java:logGet(46)) - raft.server.log.appender.wait-time.min = 10ms (default)
2022-11-01 02:15:11,057 [s1@group-29DD907A7165-LeaderElection3] INFO  server.RaftServerConfigKeys (ConfUtils.java:logGet(46)) - raft.server.log.appender.snapshot.chunk.size.max = 16MB (=16777216) (default)
2022-11-01 02:15:11,057 [s1@group-29DD907A7165-LeaderElection3] INFO  server.RaftServerConfigKeys (ConfUtils.java:logGet(46)) - raft.server.log.appender.buffer.byte-limit = 4MB (=4194304) (default)
2022-11-01 02:15:11,058 [s1@group-29DD907A7165-LeaderElection3] INFO  server.RaftServerConfigKeys (ConfUtils.java:logGet(46)) - raft.server.log.appender.buffer.element-limit = 0 (default)
2022-11-01 02:15:11,058 [s1@group-29DD907A7165-LeaderElection3] INFO  grpc.GrpcConfigKeys (ConfUtils.java:logGet(46)) - raft.grpc.server.leader.outstanding.appends.max = 128 (default)
2022-11-01 02:15:11,058 [s1@group-29DD907A7165-LeaderElection3] INFO  server.RaftServerConfigKeys (ConfUtils.java:logGet(46)) - raft.server.rpc.request.timeout = 3000ms (default)
2022-11-01 02:15:11,058 [s1@group-29DD907A7165-LeaderElection3] INFO  server.RaftServerConfigKeys (ConfUtils.java:logGet(46)) - raft.server.log.appender.install.snapshot.enabled = true (default)
2022-11-01 02:15:11,058 [s1@group-29DD907A7165-LeaderElection3] INFO  grpc.GrpcConfigKeys (ConfUtils.java:logGet(46)) - raft.grpc.server.heartbeat.channel = true (default)
2022-11-01 02:15:11,058 [s1@group-29DD907A7165-LeaderElection3] INFO  server.RaftServerConfigKeys (ConfUtils.java:logGet(46)) - raft.server.log.appender.wait-time.min = 10ms (default)
2022-11-01 02:15:11,060 [s1@group-29DD907A7165-LeaderElection3] INFO  impl.RoleInfo (RoleInfo.java:updateAndGet(139)) - s1: start s1@group-29DD907A7165-LeaderStateImpl
2022-11-01 02:15:11,078 [s1@group-29DD907A7165-LeaderElection3] INFO  segmented.SegmentedRaftLogWorker (SegmentedRaftLogWorker.java:startLogSegment(431)) - s1@group-29DD907A7165-SegmentedRaftLogWorker: Starting segment from index:0
2022-11-01 02:15:11,117 [s3@group-29DD907A7165-FollowerState] INFO  server.RaftServerConfigKeys (ConfUtils.java:logFallback(53)) - raft.server.rpc.first-election.timeout.min = 150ms (fallback to raft.server.rpc.timeout.min)
2022-11-01 02:15:11,117 [s3@group-29DD907A7165-FollowerState] INFO  server.RaftServerConfigKeys (ConfUtils.java:logFallback(53)) - raft.server.rpc.first-election.timeout.max = 300ms (fallback to raft.server.rpc.timeout.max)
2022-11-01 02:15:11,145 [s1@group-29DD907A7165-LeaderElection3] INFO  server.RaftServer$Division (ServerState.java:setRaftConf(376)) - s1@group-29DD907A7165: set configuration 0: peers:[s3|rpc:localhost:46863|admin:localhost:41281|client:localhost:41041|dataStream:localhost:44363|priority:0|startupRole:FOLLOWER, s4|rpc:localhost:36775|admin:localhost:35477|client:localhost:46475|dataStream:localhost:42557|priority:0|startupRole:FOLLOWER, s0|rpc:localhost:33119|admin:localhost:42011|client:localhost:45597|dataStream:localhost:34507|priority:0|startupRole:FOLLOWER, s1|rpc:localhost:43051|admin:localhost:41551|client:localhost:45233|dataStream:localhost:41779|priority:0|startupRole:FOLLOWER, s2|rpc:localhost:41201|admin:localhost:41487|client:localhost:41547|dataStream:localhost:43565|priority:0|startupRole:FOLLOWER]|listeners:[], old=null
2022-11-01 02:15:11,146 [grpc-default-executor-24] INFO  impl.VoteContext (VoteContext.java:log(49)) - s1@group-29DD907A7165-LEADER: reject PRE_VOTE from s4: this server is the leader and still has leadership
2022-11-01 02:15:11,146 [grpc-default-executor-24] INFO  server.RaftServer$Division (RaftServerImpl.java:requestVote(1324)) - s1@group-29DD907A7165 replies to PRE_VOTE vote request: s4<-s1#0:FAIL-t1. Peer's state: s1@group-29DD907A7165:t1, leader=s1, voted=s1, raftlog=Memoized:s1@group-29DD907A7165-SegmentedRaftLog:OPENED:c-1, conf=0: peers:[s3|rpc:localhost:46863|admin:localhost:41281|client:localhost:41041|dataStream:localhost:44363|priority:0|startupRole:FOLLOWER, s4|rpc:localhost:36775|admin:localhost:35477|client:localhost:46475|dataStream:localhost:42557|priority:0|startupRole:FOLLOWER, s0|rpc:localhost:33119|admin:localhost:42011|client:localhost:45597|dataStream:localhost:34507|priority:0|startupRole:FOLLOWER, s1|rpc:localhost:43051|admin:localhost:41551|client:localhost:45233|dataStream:localhost:41779|priority:0|startupRole:FOLLOWER, s2|rpc:localhost:41201|admin:localhost:41487|client:localhost:41547|dataStream:localhost:43565|priority:0|startupRole:FOLLOWER]|listeners:[], old=null
2022-11-01 02:15:11,173 [s1@group-29DD907A7165-SegmentedRaftLogWorker] INFO  segmented.SegmentedRaftLogWorker (SegmentedRaftLogWorker.java:execute(635)) - s1@group-29DD907A7165-SegmentedRaftLogWorker: created new log segment /home/runner/work/ratis/ratis/ratis-test/target/test/data/19a9d697/MiniRaftClusterWithGrpc3f893bf6/s1/c6497b79-67e1-4192-b4ee-29dd907a7165/current/log_inprogress_0
2022-11-01 02:15:11,193 [s4@group-29DD907A7165-FollowerState] INFO  impl.FollowerState (FollowerState.java:run(143)) - s4@group-29DD907A7165-FollowerState: change to CANDIDATE, lastRpcElapsedTime:223113441ns, electionTimeout:220ms
2022-11-01 02:15:11,193 [s4@group-29DD907A7165-FollowerState] INFO  impl.RoleInfo (RoleInfo.java:shutdownFollowerState(110)) - s4: shutdown s4@group-29DD907A7165-FollowerState
2022-11-01 02:15:11,194 [s4@group-29DD907A7165-FollowerState] INFO  server.RaftServer$Division (RaftServerImpl.java:setRole(325)) - s4@group-29DD907A7165: changes role from  FOLLOWER to CANDIDATE at term 1 for changeToCandidate
2022-11-01 02:15:11,194 [s4@group-29DD907A7165-FollowerState] INFO  server.RaftServerConfigKeys (ConfUtils.java:logGet(46)) - raft.server.leaderelection.pre-vote = true (default)
2022-11-01 02:15:11,194 [s4@group-29DD907A7165-FollowerState] INFO  impl.RoleInfo (RoleInfo.java:updateAndGet(139)) - s4: start s4@group-29DD907A7165-LeaderElection6
2022-11-01 02:15:11,205 [s4@group-29DD907A7165-LeaderElection6] INFO  impl.LeaderElection (LeaderElection.java:askForVotes(309)) - s4@group-29DD907A7165-LeaderElection6 PRE_VOTE round 0: submit vote requests at term 1 for -1: peers:[s3|rpc:localhost:46863|admin:localhost:41281|client:localhost:41041|dataStream:localhost:44363|priority:0|startupRole:FOLLOWER, s4|rpc:localhost:36775|admin:localhost:35477|client:localhost:46475|dataStream:localhost:42557|priority:0|startupRole:FOLLOWER, s0|rpc:localhost:33119|admin:localhost:42011|client:localhost:45597|dataStream:localhost:34507|priority:0|startupRole:FOLLOWER, s1|rpc:localhost:43051|admin:localhost:41551|client:localhost:45233|dataStream:localhost:41779|priority:0|startupRole:FOLLOWER, s2|rpc:localhost:41201|admin:localhost:41487|client:localhost:41547|dataStream:localhost:43565|priority:0|startupRole:FOLLOWER]|listeners:[], old=null
2022-11-01 02:15:11,216 [s4@group-29DD907A7165-LeaderElection6] INFO  server.RaftServerConfigKeys (ConfUtils.java:logFallback(53)) - raft.server.rpc.first-election.timeout.min = 150ms (fallback to raft.server.rpc.timeout.min)
2022-11-01 02:15:11,216 [s4@group-29DD907A7165-LeaderElection6] INFO  server.RaftServerConfigKeys (ConfUtils.java:logFallback(53)) - raft.server.rpc.first-election.timeout.max = 300ms (fallback to raft.server.rpc.timeout.max)
2022-11-01 02:15:11,228 [grpc-default-executor-25] INFO  server.RaftServer$Division (RaftServerImpl.java:requestVote(1291)) - s3@group-29DD907A7165: receive requestVote(PRE_VOTE, s4, group-29DD907A7165, 1, (t:0, i:0))
2022-11-01 02:15:11,228 [grpc-default-executor-25] INFO  impl.VoteContext (VoteContext.java:log(49)) - s3@group-29DD907A7165-FOLLOWER: accept PRE_VOTE from s4: our priority 0 <= candidate's priority 0
2022-11-01 02:15:11,229 [grpc-default-executor-25] INFO  server.RaftServer$Division (RaftServerImpl.java:requestVote(1324)) - s3@group-29DD907A7165 replies to PRE_VOTE vote request: s4<-s3#0:OK-t1. Peer's state: s3@group-29DD907A7165:t1, leader=null, voted=s1, raftlog=Memoized:s3@group-29DD907A7165-SegmentedRaftLog:OPENED:c-1, conf=-1: peers:[s3|rpc:localhost:46863|admin:localhost:41281|client:localhost:41041|dataStream:localhost:44363|priority:0|startupRole:FOLLOWER, s4|rpc:localhost:36775|admin:localhost:35477|client:localhost:46475|dataStream:localhost:42557|priority:0|startupRole:FOLLOWER, s0|rpc:localhost:33119|admin:localhost:42011|client:localhost:45597|dataStream:localhost:34507|priority:0|startupRole:FOLLOWER, s1|rpc:localhost:43051|admin:localhost:41551|client:localhost:45233|dataStream:localhost:41779|priority:0|startupRole:FOLLOWER, s2|rpc:localhost:41201|admin:localhost:41487|client:localhost:41547|dataStream:localhost:43565|priority:0|startupRole:FOLLOWER]|listeners:[], old=null
2022-11-01 02:15:11,239 [s2@group-29DD907A7165-FollowerState] INFO  impl.FollowerState (FollowerState.java:run(143)) - s2@group-29DD907A7165-FollowerState: change to CANDIDATE, lastRpcElapsedTime:226775268ns, electionTimeout:219ms
2022-11-01 02:15:11,239 [s2@group-29DD907A7165-FollowerState] INFO  impl.RoleInfo (RoleInfo.java:shutdownFollowerState(110)) - s2: shutdown s2@group-29DD907A7165-FollowerState
2022-11-01 02:15:11,239 [s2@group-29DD907A7165-FollowerState] INFO  server.RaftServer$Division (RaftServerImpl.java:setRole(325)) - s2@group-29DD907A7165: changes role from  FOLLOWER to CANDIDATE at term 1 for changeToCandidate
2022-11-01 02:15:11,239 [s2@group-29DD907A7165-FollowerState] INFO  server.RaftServerConfigKeys (ConfUtils.java:logGet(46)) - raft.server.leaderelection.pre-vote = true (default)
2022-11-01 02:15:11,239 [s2@group-29DD907A7165-FollowerState] INFO  impl.RoleInfo (RoleInfo.java:updateAndGet(139)) - s2: start s2@group-29DD907A7165-LeaderElection7
2022-11-01 02:15:11,250 [s2@group-29DD907A7165-LeaderElection7] INFO  impl.LeaderElection (LeaderElection.java:askForVotes(309)) - s2@group-29DD907A7165-LeaderElection7 PRE_VOTE round 0: submit vote requests at term 1 for -1: peers:[s3|rpc:localhost:46863|admin:localhost:41281|client:localhost:41041|dataStream:localhost:44363|priority:0|startupRole:FOLLOWER, s4|rpc:localhost:36775|admin:localhost:35477|client:localhost:46475|dataStream:localhost:42557|priority:0|startupRole:FOLLOWER, s0|rpc:localhost:33119|admin:localhost:42011|client:localhost:45597|dataStream:localhost:34507|priority:0|startupRole:FOLLOWER, s1|rpc:localhost:43051|admin:localhost:41551|client:localhost:45233|dataStream:localhost:41779|priority:0|startupRole:FOLLOWER, s2|rpc:localhost:41201|admin:localhost:41487|client:localhost:41547|dataStream:localhost:43565|priority:0|startupRole:FOLLOWER]|listeners:[], old=null
2022-11-01 02:15:11,253 [s2@group-29DD907A7165-LeaderElection7] INFO  server.RaftServerConfigKeys (ConfUtils.java:logFallback(53)) - raft.server.rpc.first-election.timeout.min = 150ms (fallback to raft.server.rpc.timeout.min)
2022-11-01 02:15:11,253 [s2@group-29DD907A7165-LeaderElection7] INFO  server.RaftServerConfigKeys (ConfUtils.java:logFallback(53)) - raft.server.rpc.first-election.timeout.max = 300ms (fallback to raft.server.rpc.timeout.max)
2022-11-01 02:15:11,255 [grpc-default-executor-25] INFO  server.RaftServer$Division (RaftServerImpl.java:requestVote(1291)) - s0@group-29DD907A7165: receive requestVote(PRE_VOTE, s4, group-29DD907A7165, 1, (t:0, i:0))
2022-11-01 02:15:11,256 [grpc-default-executor-25] INFO  impl.VoteContext (VoteContext.java:log(49)) - s0@group-29DD907A7165-FOLLOWER: accept PRE_VOTE from s4: our priority 0 <= candidate's priority 0
2022-11-01 02:15:11,256 [grpc-default-executor-25] INFO  server.RaftServer$Division (RaftServerImpl.java:requestVote(1324)) - s0@group-29DD907A7165 replies to PRE_VOTE vote request: s4<-s0#0:OK-t1. Peer's state: s0@group-29DD907A7165:t1, leader=null, voted=s1, raftlog=Memoized:s0@group-29DD907A7165-SegmentedRaftLog:OPENED:c-1, conf=-1: peers:[s3|rpc:localhost:46863|admin:localhost:41281|client:localhost:41041|dataStream:localhost:44363|priority:0|startupRole:FOLLOWER, s4|rpc:localhost:36775|admin:localhost:35477|client:localhost:46475|dataStream:localhost:42557|priority:0|startupRole:FOLLOWER, s0|rpc:localhost:33119|admin:localhost:42011|client:localhost:45597|dataStream:localhost:34507|priority:0|startupRole:FOLLOWER, s1|rpc:localhost:43051|admin:localhost:41551|client:localhost:45233|dataStream:localhost:41779|priority:0|startupRole:FOLLOWER, s2|rpc:localhost:41201|admin:localhost:41487|client:localhost:41547|dataStream:localhost:43565|priority:0|startupRole:FOLLOWER]|listeners:[], old=null
2022-11-01 02:15:11,257 [s4@group-29DD907A7165-LeaderElection6] INFO  impl.LeaderElection (LeaderElection.java:logAndReturn(89)) - s4@group-29DD907A7165-LeaderElection6: PRE_VOTE PASSED received 2 response(s) and 0 exception(s):
2022-11-01 02:15:11,257 [s4@group-29DD907A7165-LeaderElection6] INFO  impl.LeaderElection (LeaderElection.java:logAndReturn(93)) -   Response 0: s4<-s3#0:OK-t1
2022-11-01 02:15:11,257 [s4@group-29DD907A7165-LeaderElection6] INFO  impl.LeaderElection (LeaderElection.java:logAndReturn(93)) -   Response 1: s4<-s0#0:OK-t1
2022-11-01 02:15:11,257 [s4@group-29DD907A7165-LeaderElection6] INFO  impl.LeaderElection (LeaderElection.java:askForVotes(311)) - s4@group-29DD907A7165-LeaderElection6 PRE_VOTE round 0: result PASSED
2022-11-01 02:15:11,264 [s4@group-29DD907A7165-LeaderElection6] INFO  impl.LeaderElection (LeaderElection.java:askForVotes(309)) - s4@group-29DD907A7165-LeaderElection6 ELECTION round 0: submit vote requests at term 2 for -1: peers:[s3|rpc:localhost:46863|admin:localhost:41281|client:localhost:41041|dataStream:localhost:44363|priority:0|startupRole:FOLLOWER, s4|rpc:localhost:36775|admin:localhost:35477|client:localhost:46475|dataStream:localhost:42557|priority:0|startupRole:FOLLOWER, s0|rpc:localhost:33119|admin:localhost:42011|client:localhost:45597|dataStream:localhost:34507|priority:0|startupRole:FOLLOWER, s1|rpc:localhost:43051|admin:localhost:41551|client:localhost:45233|dataStream:localhost:41779|priority:0|startupRole:FOLLOWER, s2|rpc:localhost:41201|admin:localhost:41487|client:localhost:41547|dataStream:localhost:43565|priority:0|startupRole:FOLLOWER]|listeners:[], old=null
2022-11-01 02:15:11,265 [s3-server-thread2] INFO  server.RaftServer$Division (ServerState.java:setLeader(259)) - s3@group-29DD907A7165: change Leader from null to s1 at term 1 for appendEntries, leader elected after 1946ms
2022-11-01 02:15:11,268 [s4-server-thread2] DEBUG server.RaftServer$Division (RaftServerImpl.java:appendEntriesAsync(1481)) - s4@group-29DD907A7165: Not recognize s1 (term=1) as leader, state: s4@group-29DD907A7165:t2, leader=null, voted=s4, raftlog=Memoized:s4@group-29DD907A7165-SegmentedRaftLog:OPENED:c-1, conf=-1: peers:[s3|rpc:localhost:46863|admin:localhost:41281|client:localhost:41041|dataStream:localhost:44363|priority:0|startupRole:FOLLOWER, s4|rpc:localhost:36775|admin:localhost:35477|client:localhost:46475|dataStream:localhost:42557|priority:0|startupRole:FOLLOWER, s0|rpc:localhost:33119|admin:localhost:42011|client:localhost:45597|dataStream:localhost:34507|priority:0|startupRole:FOLLOWER, s1|rpc:localhost:43051|admin:localhost:41551|client:localhost:45233|dataStream:localhost:41779|priority:0|startupRole:FOLLOWER, s2|rpc:localhost:41201|admin:localhost:41487|client:localhost:41547|dataStream:localhost:43565|priority:0|startupRole:FOLLOWER]|listeners:[], old=null reply: s1<-s4#0:FAIL-t2,NOT_LEADER,nextIndex=0,followerCommit=-1,matchIndex=-1
2022-11-01 02:15:11,274 [s4-server-thread2] DEBUG server.RaftServer$Division (RaftServerImpl.java:appendEntriesAsync(1481)) - s4@group-29DD907A7165: Not recognize s1 (term=1) as leader, state: s4@group-29DD907A7165:t2, leader=null, voted=s4, raftlog=Memoized:s4@group-29DD907A7165-SegmentedRaftLog:OPENED:c-1, conf=-1: peers:[s3|rpc:localhost:46863|admin:localhost:41281|client:localhost:41041|dataStream:localhost:44363|priority:0|startupRole:FOLLOWER, s4|rpc:localhost:36775|admin:localhost:35477|client:localhost:46475|dataStream:localhost:42557|priority:0|startupRole:FOLLOWER, s0|rpc:localhost:33119|admin:localhost:42011|client:localhost:45597|dataStream:localhost:34507|priority:0|startupRole:FOLLOWER, s1|rpc:localhost:43051|admin:localhost:41551|client:localhost:45233|dataStream:localhost:41779|priority:0|startupRole:FOLLOWER, s2|rpc:localhost:41201|admin:localhost:41487|client:localhost:41547|dataStream:localhost:43565|priority:0|startupRole:FOLLOWER]|listeners:[], old=null reply: s1<-s4#2:FAIL-t2,NOT_LEADER,nextIndex=0,followerCommit=-1,matchIndex=-1
2022-11-01 02:15:11,276 [grpc-default-executor-25] INFO  server.RaftServer$Division (RaftServerImpl.java:requestVote(1291)) - s2@group-29DD907A7165: receive requestVote(PRE_VOTE, s4, group-29DD907A7165, 1, (t:0, i:0))
2022-11-01 02:15:11,276 [grpc-default-executor-25] INFO  impl.VoteContext (VoteContext.java:log(49)) - s2@group-29DD907A7165-CANDIDATE: accept PRE_VOTE from s4: our priority 0 <= candidate's priority 0
2022-11-01 02:15:11,276 [grpc-default-executor-25] INFO  server.RaftServer$Division (RaftServerImpl.java:requestVote(1324)) - s2@group-29DD907A7165 replies to PRE_VOTE vote request: s4<-s2#0:OK-t1. Peer's state: s2@group-29DD907A7165:t1, leader=null, voted=s2, raftlog=Memoized:s2@group-29DD907A7165-SegmentedRaftLog:OPENED:c-1, conf=-1: peers:[s3|rpc:localhost:46863|admin:localhost:41281|client:localhost:41041|dataStream:localhost:44363|priority:0|startupRole:FOLLOWER, s4|rpc:localhost:36775|admin:localhost:35477|client:localhost:46475|dataStream:localhost:42557|priority:0|startupRole:FOLLOWER, s0|rpc:localhost:33119|admin:localhost:42011|client:localhost:45597|dataStream:localhost:34507|priority:0|startupRole:FOLLOWER, s1|rpc:localhost:43051|admin:localhost:41551|client:localhost:45233|dataStream:localhost:41779|priority:0|startupRole:FOLLOWER, s2|rpc:localhost:41201|admin:localhost:41487|client:localhost:41547|dataStream:localhost:43565|priority:0|startupRole:FOLLOWER]|listeners:[], old=null
2022-11-01 02:15:11,280 [grpc-default-executor-27] INFO  server.RaftServer$Division (RaftServerImpl.java:requestVote(1291)) - s1@group-29DD907A7165: receive requestVote(PRE_VOTE, s4, group-29DD907A7165, 1, (t:0, i:0))
2022-11-01 02:15:11,280 [grpc-default-executor-25] INFO  server.RaftServer$Division (RaftServerImpl.java:requestVote(1291)) - s4@group-29DD907A7165: receive requestVote(PRE_VOTE, s2, group-29DD907A7165, 1, (t:0, i:0))
2022-11-01 02:15:11,280 [grpc-default-executor-25] INFO  impl.VoteContext (VoteContext.java:log(49)) - s4@group-29DD907A7165-CANDIDATE: accept PRE_VOTE from s2: our priority 0 <= candidate's priority 0
2022-11-01 02:15:11,280 [grpc-default-executor-25] INFO  server.RaftServer$Division (RaftServerImpl.java:requestVote(1324)) - s4@group-29DD907A7165 replies to PRE_VOTE vote request: s2<-s4#0:OK-t2. Peer's state: s4@group-29DD907A7165:t2, leader=null, voted=s4, raftlog=Memoized:s4@group-29DD907A7165-SegmentedRaftLog:OPENED:c-1, conf=-1: peers:[s3|rpc:localhost:46863|admin:localhost:41281|client:localhost:41041|dataStream:localhost:44363|priority:0|startupRole:FOLLOWER, s4|rpc:localhost:36775|admin:localhost:35477|client:localhost:46475|dataStream:localhost:42557|priority:0|startupRole:FOLLOWER, s0|rpc:localhost:33119|admin:localhost:42011|client:localhost:45597|dataStream:localhost:34507|priority:0|startupRole:FOLLOWER, s1|rpc:localhost:43051|admin:localhost:41551|client:localhost:45233|dataStream:localhost:41779|priority:0|startupRole:FOLLOWER, s2|rpc:localhost:41201|admin:localhost:41487|client:localhost:41547|dataStream:localhost:43565|priority:0|startupRole:FOLLOWER]|listeners:[], old=null
2022-11-01 02:15:11,281 [grpc-default-executor-25] INFO  server.RaftServer$Division (RaftServerImpl.java:requestVote(1291)) - s1@group-29DD907A7165: receive requestVote(PRE_VOTE, s2, group-29DD907A7165, 1, (t:0, i:0))
2022-11-01 02:15:11,282 [grpc-default-executor-27] WARN  server.RaftServer$Division (LeaderStateImpl.java:checkLeadership(1063)) - s1@group-29DD907A7165-LeaderStateImpl: Lost leadership on term: 1. Election timeout: 300ms. In charge for: 303ms. Conf: 0: peers:[s3|rpc:localhost:46863|admin:localhost:41281|client:localhost:41041|dataStream:localhost:44363|priority:0|startupRole:FOLLOWER, s4|rpc:localhost:36775|admin:localhost:35477|client:localhost:46475|dataStream:localhost:42557|priority:0|startupRole:FOLLOWER, s0|rpc:localhost:33119|admin:localhost:42011|client:localhost:45597|dataStream:localhost:34507|priority:0|startupRole:FOLLOWER, s1|rpc:localhost:43051|admin:localhost:41551|client:localhost:45233|dataStream:localhost:41779|priority:0|startupRole:FOLLOWER, s2|rpc:localhost:41201|admin:localhost:41487|client:localhost:41547|dataStream:localhost:43565|priority:0|startupRole:FOLLOWER]|listeners:[], old=null
2022-11-01 02:15:11,283 [grpc-default-executor-27] WARN  server.RaftServer$Division (LeaderStateImpl.java:lambda$checkLeadership$17(1067)) - Follower s1@group-29DD907A7165->s3(c-1,m0,n1, attendVote=true, lastRpcSendTime=10, lastRpcResponseTime=546)
2022-11-01 02:15:11,283 [grpc-default-executor-27] WARN  server.RaftServer$Division (LeaderStateImpl.java:lambda$checkLeadership$17(1067)) - Follower s1@group-29DD907A7165->s4(c-1,m0,n1, attendVote=true, lastRpcSendTime=3, lastRpcResponseTime=546)
2022-11-01 02:15:11,283 [grpc-default-executor-27] WARN  server.RaftServer$Division (LeaderStateImpl.java:lambda$checkLeadership$17(1067)) - Follower s1@group-29DD907A7165->s0(c-1,m0,n1, attendVote=true, lastRpcSendTime=18, lastRpcResponseTime=546)
2022-11-01 02:15:11,283 [grpc-default-executor-27] WARN  server.RaftServer$Division (LeaderStateImpl.java:lambda$checkLeadership$17(1067)) - Follower s1@group-29DD907A7165->s2(c-1,m0,n1, attendVote=true, lastRpcSendTime=2, lastRpcResponseTime=546)
2022-11-01 02:15:11,283 [grpc-default-executor-27] INFO  server.RaftServer$Division (RaftServerImpl.java:setRole(325)) - s1@group-29DD907A7165: changes role from    LEADER to FOLLOWER at term 1 for StepDownReason:LOST_MAJORITY_HEARTBEATS
2022-11-01 02:15:11,283 [grpc-default-executor-27] INFO  impl.RoleInfo (RoleInfo.java:shutdownLeaderState(93)) - s1: shutdown s1@group-29DD907A7165-LeaderStateImpl
2022-11-01 02:15:11,286 [s4@group-29DD907A7165-LeaderElection6] INFO  server.RaftServerConfigKeys (ConfUtils.java:logFallback(53)) - raft.server.rpc.first-election.timeout.min = 150ms (fallback to raft.server.rpc.timeout.min)
2022-11-01 02:15:11,286 [s4@group-29DD907A7165-LeaderElection6] INFO  server.RaftServerConfigKeys (ConfUtils.java:logFallback(53)) - raft.server.rpc.first-election.timeout.max = 300ms (fallback to raft.server.rpc.timeout.max)
2022-11-01 02:15:11,297 [grpc-default-executor-20] INFO  server.RaftServer$Division (RaftServerImpl.java:requestVote(1291)) - s3@group-29DD907A7165: receive requestVote(ELECTION, s4, group-29DD907A7165, 2, (t:0, i:0))
2022-11-01 02:15:11,297 [grpc-default-executor-20] INFO  impl.VoteContext (VoteContext.java:log(49)) - s3@group-29DD907A7165-FOLLOWER: accept ELECTION from s4: our priority 0 <= candidate's priority 0
2022-11-01 02:15:11,297 [grpc-default-executor-20] INFO  server.RaftServer$Division (ServerState.java:setLeader(259)) - s3@group-29DD907A7165: change Leader from s1 to null at term 2 for updateCurrentTerm
2022-11-01 02:15:11,298 [grpc-default-executor-20] INFO  server.RaftServer$Division (RaftServerImpl.java:setRole(325)) - s3@group-29DD907A7165: changes role from  FOLLOWER to FOLLOWER at term 2 for candidate:s4
2022-11-01 02:15:11,298 [grpc-default-executor-20] INFO  impl.RoleInfo (RoleInfo.java:shutdownFollowerState(110)) - s3: shutdown s3@group-29DD907A7165-FollowerState
2022-11-01 02:15:11,298 [grpc-default-executor-20] INFO  impl.RoleInfo (RoleInfo.java:updateAndGet(139)) - s3: start s3@group-29DD907A7165-FollowerState
2022-11-01 02:15:11,298 [s3@group-29DD907A7165-FollowerState] INFO  impl.FollowerState (FollowerState.java:run(152)) - s3@group-29DD907A7165-FollowerState was interrupted
2022-11-01 02:15:11,298 [grpc-default-executor-1] INFO  server.RaftServer$Division (RaftServerImpl.java:requestVote(1291)) - s0@group-29DD907A7165: receive requestVote(ELECTION, s4, group-29DD907A7165, 2, (t:0, i:0))
2022-11-01 02:15:11,298 [grpc-default-executor-1] INFO  impl.VoteContext (VoteContext.java:log(49)) - s0@group-29DD907A7165-FOLLOWER: accept ELECTION from s4: our priority 0 <= candidate's priority 0
2022-11-01 02:15:11,298 [grpc-default-executor-1] INFO  server.RaftServer$Division (RaftServerImpl.java:setRole(325)) - s0@group-29DD907A7165: changes role from  FOLLOWER to FOLLOWER at term 2 for candidate:s4
2022-11-01 02:15:11,298 [grpc-default-executor-1] INFO  impl.RoleInfo (RoleInfo.java:shutdownFollowerState(110)) - s0: shutdown s0@group-29DD907A7165-FollowerState
2022-11-01 02:15:11,299 [grpc-default-executor-1] INFO  impl.RoleInfo (RoleInfo.java:updateAndGet(139)) - s0: start s0@group-29DD907A7165-FollowerState
2022-11-01 02:15:11,299 [s0@group-29DD907A7165-FollowerState] INFO  impl.FollowerState (FollowerState.java:run(152)) - s0@group-29DD907A7165-FollowerState was interrupted
2022-11-01 02:15:11,305 [s2@group-29DD907A7165-LeaderElection7] INFO  impl.LeaderElection (LeaderElection.java:logAndReturn(89)) - s2@group-29DD907A7165-LeaderElection7: PRE_VOTE DISCOVERED_A_NEW_TERM (term=2) received 1 response(s) and 0 exception(s):
2022-11-01 02:15:11,305 [s2@group-29DD907A7165-LeaderElection7] INFO  impl.LeaderElection (LeaderElection.java:logAndReturn(93)) -   Response 0: s2<-s4#0:OK-t2
2022-11-01 02:15:11,305 [s2@group-29DD907A7165-LeaderElection7] INFO  impl.LeaderElection (LeaderElection.java:askForVotes(311)) - s2@group-29DD907A7165-LeaderElection7 PRE_VOTE round 0: result DISCOVERED_A_NEW_TERM (term=2)
2022-11-01 02:15:11,305 [s2@group-29DD907A7165-LeaderElection7] INFO  server.RaftServer$Division (RaftServerImpl.java:setRole(325)) - s2@group-29DD907A7165: changes role from CANDIDATE to FOLLOWER at term 2 for DISCOVERED_A_NEW_TERM (term=2)
2022-11-01 02:15:11,305 [s2@group-29DD907A7165-LeaderElection7] INFO  impl.RoleInfo (RoleInfo.java:shutdownLeaderElection(130)) - s2: shutdown s2@group-29DD907A7165-LeaderElection7
2022-11-01 02:15:11,305 [s2@group-29DD907A7165-LeaderElection7] INFO  impl.RoleInfo (RoleInfo.java:updateAndGet(139)) - s2: start s2@group-29DD907A7165-FollowerState
2022-11-01 02:15:11,306 [grpc-default-executor-20] INFO  server.RaftServer$Division (RaftServerImpl.java:requestVote(1324)) - s3@group-29DD907A7165 replies to ELECTION vote request: s4<-s3#0:OK-t2. Peer's state: s3@group-29DD907A7165:t2, leader=null, voted=s4, raftlog=Memoized:s3@group-29DD907A7165-SegmentedRaftLog:OPENED:c-1, conf=-1: peers:[s3|rpc:localhost:46863|admin:localhost:41281|client:localhost:41041|dataStream:localhost:44363|priority:0|startupRole:FOLLOWER, s4|rpc:localhost:36775|admin:localhost:35477|client:localhost:46475|dataStream:localhost:42557|priority:0|startupRole:FOLLOWER, s0|rpc:localhost:33119|admin:localhost:42011|client:localhost:45597|dataStream:localhost:34507|priority:0|startupRole:FOLLOWER, s1|rpc:localhost:43051|admin:localhost:41551|client:localhost:45233|dataStream:localhost:41779|priority:0|startupRole:FOLLOWER, s2|rpc:localhost:41201|admin:localhost:41487|client:localhost:41547|dataStream:localhost:43565|priority:0|startupRole:FOLLOWER]|listeners:[], old=null
2022-11-01 02:15:11,311 [s3-server-thread3] DEBUG server.RaftServer$Division (RaftServerImpl.java:appendEntriesAsync(1481)) - s3@group-29DD907A7165: Not recognize s1 (term=1) as leader, state: s3@group-29DD907A7165:t2, leader=null, voted=s4, raftlog=Memoized:s3@group-29DD907A7165-SegmentedRaftLog:OPENED:c-1, conf=-1: peers:[s3|rpc:localhost:46863|admin:localhost:41281|client:localhost:41041|dataStream:localhost:44363|priority:0|startupRole:FOLLOWER, s4|rpc:localhost:36775|admin:localhost:35477|client:localhost:46475|dataStream:localhost:42557|priority:0|startupRole:FOLLOWER, s0|rpc:localhost:33119|admin:localhost:42011|client:localhost:45597|dataStream:localhost:34507|priority:0|startupRole:FOLLOWER, s1|rpc:localhost:43051|admin:localhost:41551|client:localhost:45233|dataStream:localhost:41779|priority:0|startupRole:FOLLOWER, s2|rpc:localhost:41201|admin:localhost:41487|client:localhost:41547|dataStream:localhost:43565|priority:0|startupRole:FOLLOWER]|listeners:[], old=null reply: s1<-s3#4:FAIL-t2,NOT_LEADER,nextIndex=0,followerCommit=-1,matchIndex=-1
2022-11-01 02:15:11,313 [grpc-default-executor-40] INFO  server.RaftServer$Division (RaftServerImpl.java:requestVote(1291)) - s0@group-29DD907A7165: receive requestVote(PRE_VOTE, s2, group-29DD907A7165, 1, (t:0, i:0))
2022-11-01 02:15:11,313 [grpc-default-executor-31] INFO  server.RaftServer$Division (RaftServerImpl.java:requestVote(1291)) - s2@group-29DD907A7165: receive requestVote(ELECTION, s4, group-29DD907A7165, 2, (t:0, i:0))
2022-11-01 02:15:11,313 [grpc-default-executor-20] INFO  server.RaftServer$Division (RaftServerImpl.java:requestVote(1291)) - s3@group-29DD907A7165: receive requestVote(PRE_VOTE, s2, group-29DD907A7165, 1, (t:0, i:0))
2022-11-01 02:15:11,313 [grpc-default-executor-20] INFO  impl.VoteContext (VoteContext.java:log(49)) - s3@group-29DD907A7165-FOLLOWER: accept PRE_VOTE from s2: our priority 0 <= candidate's priority 0
2022-11-01 02:15:11,313 [grpc-default-executor-20] INFO  server.RaftServer$Division (RaftServerImpl.java:requestVote(1324)) - s3@group-29DD907A7165 replies to PRE_VOTE vote request: s2<-s3#0:OK-t2. Peer's state: s3@group-29DD907A7165:t2, leader=null, voted=s4, raftlog=Memoized:s3@group-29DD907A7165-SegmentedRaftLog:OPENED:c-1, conf=-1: peers:[s3|rpc:localhost:46863|admin:localhost:41281|client:localhost:41041|dataStream:localhost:44363|priority:0|startupRole:FOLLOWER, s4|rpc:localhost:36775|admin:localhost:35477|client:localhost:46475|dataStream:localhost:42557|priority:0|startupRole:FOLLOWER, s0|rpc:localhost:33119|admin:localhost:42011|client:localhost:45597|dataStream:localhost:34507|priority:0|startupRole:FOLLOWER, s1|rpc:localhost:43051|admin:localhost:41551|client:localhost:45233|dataStream:localhost:41779|priority:0|startupRole:FOLLOWER, s2|rpc:localhost:41201|admin:localhost:41487|client:localhost:41547|dataStream:localhost:43565|priority:0|startupRole:FOLLOWER]|listeners:[], old=null
2022-11-01 02:15:11,319 [s1@group-29DD907A7165->s3-GrpcLogAppender-LogAppenderDaemon] WARN  server.GrpcLogAppender (GrpcLogAppender.java:mayWait(199)) - s1@group-29DD907A7165->s3-GrpcLogAppender: Wait interrupted by java.lang.InterruptedException
2022-11-01 02:15:11,322 [grpc-default-executor-27] INFO  impl.PendingRequests (PendingRequests.java:sendNotLeaderResponses(282)) - s1@group-29DD907A7165-PendingRequests: sendNotLeaderResponses
2022-11-01 02:15:11,324 [grpc-default-executor-27] INFO  impl.RoleInfo (RoleInfo.java:updateAndGet(139)) - s1: start s1@group-29DD907A7165-FollowerState
2022-11-01 02:15:11,325 [s2@group-29DD907A7165-FollowerState] INFO  server.RaftServerConfigKeys (ConfUtils.java:logFallback(53)) - raft.server.rpc.first-election.timeout.min = 150ms (fallback to raft.server.rpc.timeout.min)
2022-11-01 02:15:11,325 [s2@group-29DD907A7165-FollowerState] INFO  server.RaftServerConfigKeys (ConfUtils.java:logFallback(53)) - raft.server.rpc.first-election.timeout.max = 300ms (fallback to raft.server.rpc.timeout.max)
2022-11-01 02:15:11,325 [grpc-default-executor-26] INFO  server.GrpcServerProtocolService (GrpcServerProtocolService.java:onCompleted(143)) - s3: Completed APPEND_ENTRIES, lastRequest: null
2022-11-01 02:15:11,324 [grpc-default-executor-5] INFO  server.RaftServer$Division (RaftServerImpl.java:requestVote(1291)) - s1@group-29DD907A7165: receive requestVote(ELECTION, s4, group-29DD907A7165, 2, (t:0, i:0))
2022-11-01 02:15:11,324 [grpc-default-executor-31] INFO  impl.VoteContext (VoteContext.java:log(49)) - s2@group-29DD907A7165-FOLLOWER: accept ELECTION from s4: our priority 0 <= candidate's priority 0
2022-11-01 02:15:11,326 [grpc-default-executor-31] INFO  server.RaftServer$Division (RaftServerImpl.java:setRole(325)) - s2@group-29DD907A7165: changes role from  FOLLOWER to FOLLOWER at term 2 for candidate:s4
2022-11-01 02:15:11,326 [grpc-default-executor-31] INFO  impl.RoleInfo (RoleInfo.java:shutdownFollowerState(110)) - s2: shutdown s2@group-29DD907A7165-FollowerState
2022-11-01 02:15:11,326 [grpc-default-executor-31] INFO  impl.RoleInfo (RoleInfo.java:updateAndGet(139)) - s2: start s2@group-29DD907A7165-FollowerState
2022-11-01 02:15:11,325 [s4-server-thread2] DEBUG server.RaftServer$Division (RaftServerImpl.java:appendEntriesAsync(1481)) - s4@group-29DD907A7165: Not recognize s1 (term=1) as leader, state: s4@group-29DD907A7165:t2, leader=null, voted=s4, raftlog=Memoized:s4@group-29DD907A7165-SegmentedRaftLog:OPENED:c-1, conf=-1: peers:[s3|rpc:localhost:46863|admin:localhost:41281|client:localhost:41041|dataStream:localhost:44363|priority:0|startupRole:FOLLOWER, s4|rpc:localhost:36775|admin:localhost:35477|client:localhost:46475|dataStream:localhost:42557|priority:0|startupRole:FOLLOWER, s0|rpc:localhost:33119|admin:localhost:42011|client:localhost:45597|dataStream:localhost:34507|priority:0|startupRole:FOLLOWER, s1|rpc:localhost:43051|admin:localhost:41551|client:localhost:45233|dataStream:localhost:41779|priority:0|startupRole:FOLLOWER, s2|rpc:localhost:41201|admin:localhost:41487|client:localhost:41547|dataStream:localhost:43565|priority:0|startupRole:FOLLOWER]|listeners:[], old=null reply: s1<-s4#3:FAIL-t2,NOT_LEADER,nextIndex=0,followerCommit=-1,matchIndex=-1
2022-11-01 02:15:11,326 [s2@group-29DD907A7165-FollowerState] INFO  impl.FollowerState (FollowerState.java:run(152)) - s2@group-29DD907A7165-FollowerState was interrupted
2022-11-01 02:15:11,328 [s4-server-thread2] DEBUG server.RaftServer$Division (RaftServerImpl.java:appendEntriesAsync(1481)) - s4@group-29DD907A7165: Not recognize s1 (term=1) as leader, state: s4@group-29DD907A7165:t2, leader=null, voted=s4, raftlog=Memoized:s4@group-29DD907A7165-SegmentedRaftLog:OPENED:c-1, conf=-1: peers:[s3|rpc:localhost:46863|admin:localhost:41281|client:localhost:41041|dataStream:localhost:44363|priority:0|startupRole:FOLLOWER, s4|rpc:localhost:36775|admin:localhost:35477|client:localhost:46475|dataStream:localhost:42557|priority:0|startupRole:FOLLOWER, s0|rpc:localhost:33119|admin:localhost:42011|client:localhost:45597|dataStream:localhost:34507|priority:0|startupRole:FOLLOWER, s1|rpc:localhost:43051|admin:localhost:41551|client:localhost:45233|dataStream:localhost:41779|priority:0|startupRole:FOLLOWER, s2|rpc:localhost:41201|admin:localhost:41487|client:localhost:41547|dataStream:localhost:43565|priority:0|startupRole:FOLLOWER]|listeners:[], old=null reply: s1<-s4#4:FAIL-t2,NOT_LEADER,nextIndex=0,followerCommit=-1,matchIndex=-1
2022-11-01 02:15:11,329 [s4-server-thread2] DEBUG server.RaftServer$Division (RaftServerImpl.java:appendEntriesAsync(1481)) - s4@group-29DD907A7165: Not recognize s1 (term=1) as leader, state: s4@group-29DD907A7165:t2, leader=null, voted=s4, raftlog=Memoized:s4@group-29DD907A7165-SegmentedRaftLog:OPENED:c-1, conf=-1: peers:[s3|rpc:localhost:46863|admin:localhost:41281|client:localhost:41041|dataStream:localhost:44363|priority:0|startupRole:FOLLOWER, s4|rpc:localhost:36775|admin:localhost:35477|client:localhost:46475|dataStream:localhost:42557|priority:0|startupRole:FOLLOWER, s0|rpc:localhost:33119|admin:localhost:42011|client:localhost:45597|dataStream:localhost:34507|priority:0|startupRole:FOLLOWER, s1|rpc:localhost:43051|admin:localhost:41551|client:localhost:45233|dataStream:localhost:41779|priority:0|startupRole:FOLLOWER, s2|rpc:localhost:41201|admin:localhost:41487|client:localhost:41547|dataStream:localhost:43565|priority:0|startupRole:FOLLOWER]|listeners:[], old=null reply: s1<-s4#5:FAIL-t2,NOT_LEADER,nextIndex=0,followerCommit=-1,matchIndex=-1
2022-11-01 02:15:11,341 [s0@group-29DD907A7165-FollowerState] INFO  server.RaftServerConfigKeys (ConfUtils.java:logFallback(53)) - raft.server.rpc.first-election.timeout.min = 150ms (fallback to raft.server.rpc.timeout.min)
2022-11-01 02:15:11,341 [s0@group-29DD907A7165-FollowerState] INFO  server.RaftServerConfigKeys (ConfUtils.java:logFallback(53)) - raft.server.rpc.first-election.timeout.max = 300ms (fallback to raft.server.rpc.timeout.max)
2022-11-01 02:15:11,343 [grpc-default-executor-1] INFO  server.RaftServer$Division (RaftServerImpl.java:requestVote(1324)) - s0@group-29DD907A7165 replies to ELECTION vote request: s4<-s0#0:OK-t2. Peer's state: s0@group-29DD907A7165:t2, leader=null, voted=s4, raftlog=Memoized:s0@group-29DD907A7165-SegmentedRaftLog:OPENED:c-1, conf=-1: peers:[s3|rpc:localhost:46863|admin:localhost:41281|client:localhost:41041|dataStream:localhost:44363|priority:0|startupRole:FOLLOWER, s4|rpc:localhost:36775|admin:localhost:35477|client:localhost:46475|dataStream:localhost:42557|priority:0|startupRole:FOLLOWER, s0|rpc:localhost:33119|admin:localhost:42011|client:localhost:45597|dataStream:localhost:34507|priority:0|startupRole:FOLLOWER, s1|rpc:localhost:43051|admin:localhost:41551|client:localhost:45233|dataStream:localhost:41779|priority:0|startupRole:FOLLOWER, s2|rpc:localhost:41201|admin:localhost:41487|client:localhost:41547|dataStream:localhost:43565|priority:0|startupRole:FOLLOWER]|listeners:[], old=null
2022-11-01 02:15:11,343 [grpc-default-executor-40] INFO  impl.VoteContext (VoteContext.java:log(49)) - s0@group-29DD907A7165-FOLLOWER: accept PRE_VOTE from s2: our priority 0 <= candidate's priority 0
2022-11-01 02:15:11,344 [grpc-default-executor-40] INFO  server.RaftServer$Division (RaftServerImpl.java:requestVote(1324)) - s0@group-29DD907A7165 replies to PRE_VOTE vote request: s2<-s0#0:OK-t2. Peer's state: s0@group-29DD907A7165:t2, leader=null, voted=s4, raftlog=Memoized:s0@group-29DD907A7165-SegmentedRaftLog:OPENED:c-1, conf=-1: peers:[s3|rpc:localhost:46863|admin:localhost:41281|client:localhost:41041|dataStream:localhost:44363|priority:0|startupRole:FOLLOWER, s4|rpc:localhost:36775|admin:localhost:35477|client:localhost:46475|dataStream:localhost:42557|priority:0|startupRole:FOLLOWER, s0|rpc:localhost:33119|admin:localhost:42011|client:localhost:45597|dataStream:localhost:34507|priority:0|startupRole:FOLLOWER, s1|rpc:localhost:43051|admin:localhost:41551|client:localhost:45233|dataStream:localhost:41779|priority:0|startupRole:FOLLOWER, s2|rpc:localhost:41201|admin:localhost:41487|client:localhost:41547|dataStream:localhost:43565|priority:0|startupRole:FOLLOWER]|listeners:[], old=null
2022-11-01 02:15:11,345 [s4@group-29DD907A7165-LeaderElection6] INFO  impl.LeaderElection (LeaderElection.java:logAndReturn(89)) - s4@group-29DD907A7165-LeaderElection6: ELECTION PASSED received 2 response(s) and 0 exception(s):
2022-11-01 02:15:11,345 [s4@group-29DD907A7165-LeaderElection6] INFO  impl.LeaderElection (LeaderElection.java:logAndReturn(93)) -   Response 0: s4<-s3#0:OK-t2
2022-11-01 02:15:11,345 [s4@group-29DD907A7165-LeaderElection6] INFO  impl.LeaderElection (LeaderElection.java:logAndReturn(93)) -   Response 1: s4<-s0#0:OK-t2
2022-11-01 02:15:11,345 [s4@group-29DD907A7165-LeaderElection6] INFO  impl.LeaderElection (LeaderElection.java:askForVotes(311)) - s4@group-29DD907A7165-LeaderElection6 ELECTION round 0: result PASSED
2022-11-01 02:15:11,345 [s4@group-29DD907A7165-LeaderElection6] INFO  impl.RoleInfo (RoleInfo.java:shutdownLeaderElection(130)) - s4: shutdown s4@group-29DD907A7165-LeaderElection6
2022-11-01 02:15:11,345 [s4@group-29DD907A7165-LeaderElection6] INFO  server.RaftServer$Division (RaftServerImpl.java:setRole(325)) - s4@group-29DD907A7165: changes role from CANDIDATE to LEADER at term 2 for changeToLeader
2022-11-01 02:15:11,345 [s4@group-29DD907A7165-LeaderElection6] INFO  server.RaftServer$Division (ServerState.java:setLeader(259)) - s4@group-29DD907A7165: change Leader from null to s4 at term 2 for becomeLeader, leader elected after 2023ms
2022-11-01 02:15:11,346 [s4@group-29DD907A7165-LeaderElection6] INFO  server.RaftServerConfigKeys (ConfUtils.java:logGet(46)) - raft.server.staging.catchup.gap = 1000 (default)
2022-11-01 02:15:11,346 [s4@group-29DD907A7165-LeaderElection6] INFO  server.RaftServerConfigKeys (ConfUtils.java:logGet(46)) - raft.server.write.element-limit = 4096 (default)
2022-11-01 02:15:11,346 [s4@group-29DD907A7165-LeaderElection6] INFO  server.RaftServerConfigKeys (ConfUtils.java:logGet(46)) - raft.server.write.byte-limit = 64MB (=67108864) (default)
2022-11-01 02:15:11,346 [s4@group-29DD907A7165-LeaderElection6] INFO  server.RaftServerConfigKeys (ConfUtils.java:logGet(46)) - raft.server.watch.timeout = 10s (default)
2022-11-01 02:15:11,346 [s4@group-29DD907A7165-LeaderElection6] INFO  server.RaftServerConfigKeys (ConfUtils.java:logGet(46)) - raft.server.watch.timeout.denomination = 1s (default)
2022-11-01 02:15:11,346 [s4@group-29DD907A7165-LeaderElection6] INFO  server.RaftServerConfigKeys (ConfUtils.java:logGet(46)) - raft.server.watch.element-limit = 65536 (default)
2022-11-01 02:15:11,347 [s4@group-29DD907A7165-LeaderElection6] INFO  server.RaftServerConfigKeys (ConfUtils.java:logGet(46)) - raft.server.write.element-limit = 4096 (default)
2022-11-01 02:15:11,347 [s4@group-29DD907A7165-LeaderElection6] INFO  server.RaftServerConfigKeys (ConfUtils.java:logGet(46)) - raft.server.write.follower.gap.ratio.max = -1.0 (default)
2022-11-01 02:15:11,347 [s4@group-29DD907A7165-LeaderElection6] INFO  server.RaftServerConfigKeys (ConfUtils.java:logGet(46)) - raft.server.log.appender.snapshot.chunk.size.max = 16MB (=16777216) (default)
2022-11-01 02:15:11,348 [s4@group-29DD907A7165-LeaderElection6] INFO  server.RaftServerConfigKeys (ConfUtils.java:logGet(46)) - raft.server.log.appender.buffer.byte-limit = 4MB (=4194304) (default)
2022-11-01 02:15:11,348 [s4@group-29DD907A7165-LeaderElection6] INFO  server.RaftServerConfigKeys (ConfUtils.java:logGet(46)) - raft.server.log.appender.buffer.element-limit = 0 (default)
2022-11-01 02:15:11,348 [s4@group-29DD907A7165-LeaderElection6] INFO  grpc.GrpcConfigKeys (ConfUtils.java:logGet(46)) - raft.grpc.server.leader.outstanding.appends.max = 128 (default)
2022-11-01 02:15:11,348 [s4@group-29DD907A7165-LeaderElection6] INFO  server.RaftServerConfigKeys (ConfUtils.java:logGet(46)) - raft.server.rpc.request.timeout = 3000ms (default)
2022-11-01 02:15:11,348 [s4@group-29DD907A7165-LeaderElection6] INFO  server.RaftServerConfigKeys (ConfUtils.java:logGet(46)) - raft.server.log.appender.install.snapshot.enabled = true (default)
2022-11-01 02:15:11,348 [s4@group-29DD907A7165-LeaderElection6] INFO  grpc.GrpcConfigKeys (ConfUtils.java:logGet(46)) - raft.grpc.server.heartbeat.channel = true (default)
2022-11-01 02:15:11,348 [s4@group-29DD907A7165-LeaderElection6] INFO  server.RaftServerConfigKeys (ConfUtils.java:logGet(46)) - raft.server.log.appender.wait-time.min = 10ms (default)
2022-11-01 02:15:11,325 [s1@group-29DD907A7165->s2-GrpcLogAppender-LogAppenderDaemon] WARN  server.GrpcLogAppender (GrpcLogAppender.java:mayWait(199)) - s1@group-29DD907A7165->s2-GrpcLogAppender: Wait interrupted by java.lang.InterruptedException
2022-11-01 02:15:11,354 [s2@group-29DD907A7165-FollowerState] INFO  server.RaftServerConfigKeys (ConfUtils.java:logFallback(53)) - raft.server.rpc.first-election.timeout.min = 150ms (fallback to raft.server.rpc.timeout.min)
2022-11-01 02:15:11,354 [s2@group-29DD907A7165-FollowerState] INFO  server.RaftServerConfigKeys (ConfUtils.java:logFallback(53)) - raft.server.rpc.first-election.timeout.max = 300ms (fallback to raft.server.rpc.timeout.max)
2022-11-01 02:15:11,320 [s1@group-29DD907A7165->s4-GrpcLogAppender-LogAppenderDaemon] WARN  server.GrpcLogAppender (GrpcLogAppender.java:mayWait(199)) - s1@group-29DD907A7165->s4-GrpcLogAppender: Wait interrupted by java.lang.InterruptedException
2022-11-01 02:15:11,320 [s1@group-29DD907A7165->s0-GrpcLogAppender-LogAppenderDaemon] WARN  server.GrpcLogAppender (GrpcLogAppender.java:mayWait(199)) - s1@group-29DD907A7165->s0-GrpcLogAppender: Wait interrupted by java.lang.InterruptedException
2022-11-01 02:15:11,356 [grpc-default-executor-27] INFO  impl.VoteContext (VoteContext.java:log(49)) - s1@group-29DD907A7165-FOLLOWER: reject PRE_VOTE from s4: this server is a follower and still has a valid leader s1
2022-11-01 02:15:11,356 [grpc-default-executor-27] INFO  server.RaftServer$Division (RaftServerImpl.java:requestVote(1324)) - s1@group-29DD907A7165 replies to PRE_VOTE vote request: s4<-s1#0:FAIL-t1. Peer's state: s1@group-29DD907A7165:t1, leader=s1, voted=s1, raftlog=Memoized:s1@group-29DD907A7165-SegmentedRaftLog:OPENED:c0, conf=0: peers:[s3|rpc:localhost:46863|admin:localhost:41281|client:localhost:41041|dataStream:localhost:44363|priority:0|startupRole:FOLLOWER, s4|rpc:localhost:36775|admin:localhost:35477|client:localhost:46475|dataStream:localhost:42557|priority:0|startupRole:FOLLOWER, s0|rpc:localhost:33119|admin:localhost:42011|client:localhost:45597|dataStream:localhost:34507|priority:0|startupRole:FOLLOWER, s1|rpc:localhost:43051|admin:localhost:41551|client:localhost:45233|dataStream:localhost:41779|priority:0|startupRole:FOLLOWER, s2|rpc:localhost:41201|admin:localhost:41487|client:localhost:41547|dataStream:localhost:43565|priority:0|startupRole:FOLLOWER]|listeners:[], old=null
2022-11-01 02:15:11,357 [grpc-default-executor-41] INFO  server.GrpcServerProtocolService (GrpcServerProtocolService.java:onCompleted(143)) - s4: Completed APPEND_ENTRIES, lastRequest: null
2022-11-01 02:15:11,358 [Time-limited test] WARN  ratis.RaftTestUtil (JavaUtils.java:attempt(217)) - FAILED "waitForLeader-null-(expectLeader? true)", attempt #4/100: java.lang.IllegalStateException: Leader: s4@group-29DD907A7165 not ready, sleep 450ms and then retry.
java.lang.IllegalStateException: Leader: s4@group-29DD907A7165 not ready
	at org.apache.ratis.RaftTestUtil.lambda$waitForLeader$3(RaftTestUtil.java:114)
	at org.apache.ratis.util.JavaUtils.attempt(JavaUtils.java:211)
	at org.apache.ratis.util.JavaUtils.attemptRepeatedly(JavaUtils.java:197)
	at org.apache.ratis.RaftTestUtil.waitForLeader(RaftTestUtil.java:111)
	at org.apache.ratis.RaftTestUtil.waitForLeader(RaftTestUtil.java:92)
	at org.apache.ratis.RaftTestUtil.waitForLeader(RaftTestUtil.java:87)
	at org.apache.ratis.server.impl.LeaderElectionTests.testEnforceLeader(LeaderElectionTests.java:277)
	at org.apache.ratis.grpc.TestLeaderElectionWithGrpc.testEnforceLeader(TestLeaderElectionWithGrpc.java:31)
	at java.base/jdk.internal.reflect.NativeMethodAccessorImpl.invoke0(Native Method)
	at java.base/jdk.internal.reflect.NativeMethodAccessorImpl.invoke(NativeMethodAccessorImpl.java:62)
	at java.base/jdk.internal.reflect.DelegatingMethodAccessorImpl.invoke(DelegatingMethodAccessorImpl.java:43)
	at java.base/java.lang.reflect.Method.invoke(Method.java:566)
	at org.junit.runners.model.FrameworkMethod$1.runReflectiveCall(FrameworkMethod.java:59)
	at org.junit.internal.runners.model.ReflectiveCallable.run(ReflectiveCallable.java:12)
	at org.junit.runners.model.FrameworkMethod.invokeExplosively(FrameworkMethod.java:56)
	at org.junit.internal.runners.statements.InvokeMethod.evaluate(InvokeMethod.java:17)
	at org.junit.internal.runners.statements.RunAfters.evaluate(RunAfters.java:27)
	at org.junit.internal.runners.statements.FailOnTimeout$CallableStatement.call(FailOnTimeout.java:299)
	at org.junit.internal.runners.statements.FailOnTimeout$CallableStatement.call(FailOnTimeout.java:293)
	at java.base/java.util.concurrent.FutureTask.run(FutureTask.java:264)
	at java.base/java.lang.Thread.run(Thread.java:829)
2022-11-01 02:15:11,358 [grpc-default-executor-5] INFO  impl.VoteContext (VoteContext.java:log(49)) - s1@group-29DD907A7165-FOLLOWER: reject ELECTION from s4: our last entry (t:1, i:0) > candidate's last entry (t:0, i:0)
2022-11-01 02:15:11,358 [grpc-default-executor-5] INFO  server.RaftServer$Division (ServerState.java:setLeader(259)) - s1@group-29DD907A7165: change Leader from s1 to null at term 2 for updateCurrentTerm
2022-11-01 02:15:11,358 [grpc-default-executor-5] INFO  server.RaftServer$Division (RaftServerImpl.java:setRole(325)) - s1@group-29DD907A7165: changes role from  FOLLOWER to FOLLOWER at term 2 for candidate:s4
2022-11-01 02:15:11,358 [grpc-default-executor-5] INFO  impl.RoleInfo (RoleInfo.java:shutdownFollowerState(110)) - s1: shutdown s1@group-29DD907A7165-FollowerState
2022-11-01 02:15:11,359 [grpc-default-executor-5] INFO  impl.RoleInfo (RoleInfo.java:updateAndGet(139)) - s1: start s1@group-29DD907A7165-FollowerState
2022-11-01 02:15:11,359 [grpc-default-executor-31] INFO  server.RaftServer$Division (RaftServerImpl.java:requestVote(1324)) - s2@group-29DD907A7165 replies to ELECTION vote request: s4<-s2#0:OK-t2. Peer's state: s2@group-29DD907A7165:t2, leader=null, voted=s4, raftlog=Memoized:s2@group-29DD907A7165-SegmentedRaftLog:OPENED:c-1, conf=-1: peers:[s3|rpc:localhost:46863|admin:localhost:41281|client:localhost:41041|dataStream:localhost:44363|priority:0|startupRole:FOLLOWER, s4|rpc:localhost:36775|admin:localhost:35477|client:localhost:46475|dataStream:localhost:42557|priority:0|startupRole:FOLLOWER, s0|rpc:localhost:33119|admin:localhost:42011|client:localhost:45597|dataStream:localhost:34507|priority:0|startupRole:FOLLOWER, s1|rpc:localhost:43051|admin:localhost:41551|client:localhost:45233|dataStream:localhost:41779|priority:0|startupRole:FOLLOWER, s2|rpc:localhost:41201|admin:localhost:41487|client:localhost:41547|dataStream:localhost:43565|priority:0|startupRole:FOLLOWER]|listeners:[], old=null
2022-11-01 02:15:11,359 [s2-server-thread2] DEBUG server.RaftServer$Division (RaftServerImpl.java:appendEntriesAsync(1481)) - s2@group-29DD907A7165: Not recognize s1 (term=1) as leader, state: s2@group-29DD907A7165:t2, leader=null, voted=s4, raftlog=Memoized:s2@group-29DD907A7165-SegmentedRaftLog:OPENED:c-1, conf=-1: peers:[s3|rpc:localhost:46863|admin:localhost:41281|client:localhost:41041|dataStream:localhost:44363|priority:0|startupRole:FOLLOWER, s4|rpc:localhost:36775|admin:localhost:35477|client:localhost:46475|dataStream:localhost:42557|priority:0|startupRole:FOLLOWER, s0|rpc:localhost:33119|admin:localhost:42011|client:localhost:45597|dataStream:localhost:34507|priority:0|startupRole:FOLLOWER, s1|rpc:localhost:43051|admin:localhost:41551|client:localhost:45233|dataStream:localhost:41779|priority:0|startupRole:FOLLOWER, s2|rpc:localhost:41201|admin:localhost:41487|client:localhost:41547|dataStream:localhost:43565|priority:0|startupRole:FOLLOWER]|listeners:[], old=null reply: s1<-s2#0:FAIL-t2,NOT_LEADER,nextIndex=0,followerCommit=-1,matchIndex=-1
2022-11-01 02:15:11,363 [s2-server-thread2] DEBUG server.RaftServer$Division (RaftServerImpl.java:appendEntriesAsync(1481)) - s2@group-29DD907A7165: Not recognize s1 (term=1) as leader, state: s2@group-29DD907A7165:t2, leader=null, voted=s4, raftlog=Memoized:s2@group-29DD907A7165-SegmentedRaftLog:OPENED:c-1, conf=-1: peers:[s3|rpc:localhost:46863|admin:localhost:41281|client:localhost:41041|dataStream:localhost:44363|priority:0|startupRole:FOLLOWER, s4|rpc:localhost:36775|admin:localhost:35477|client:localhost:46475|dataStream:localhost:42557|priority:0|startupRole:FOLLOWER, s0|rpc:localhost:33119|admin:localhost:42011|client:localhost:45597|dataStream:localhost:34507|priority:0|startupRole:FOLLOWER, s1|rpc:localhost:43051|admin:localhost:41551|client:localhost:45233|dataStream:localhost:41779|priority:0|startupRole:FOLLOWER, s2|rpc:localhost:41201|admin:localhost:41487|client:localhost:41547|dataStream:localhost:43565|priority:0|startupRole:FOLLOWER]|listeners:[], old=null reply: s1<-s2#2:FAIL-t2,NOT_LEADER,nextIndex=0,followerCommit=-1,matchIndex=-1
2022-11-01 02:15:11,364 [s1@group-29DD907A7165-FollowerState] INFO  impl.FollowerState (FollowerState.java:shouldRun(117)) - s1@group-29DD907A7165-FollowerState: Stopping now (isRunning? false, role = FOLLOWER)
2022-11-01 02:15:11,359 [s0-server-thread2] DEBUG server.RaftServer$Division (RaftServerImpl.java:appendEntriesAsync(1481)) - s0@group-29DD907A7165: Not recognize s1 (term=1) as leader, state: s0@group-29DD907A7165:t2, leader=null, voted=s4, raftlog=Memoized:s0@group-29DD907A7165-SegmentedRaftLog:OPENED:c-1, conf=-1: peers:[s3|rpc:localhost:46863|admin:localhost:41281|client:localhost:41041|dataStream:localhost:44363|priority:0|startupRole:FOLLOWER, s4|rpc:localhost:36775|admin:localhost:35477|client:localhost:46475|dataStream:localhost:42557|priority:0|startupRole:FOLLOWER, s0|rpc:localhost:33119|admin:localhost:42011|client:localhost:45597|dataStream:localhost:34507|priority:0|startupRole:FOLLOWER, s1|rpc:localhost:43051|admin:localhost:41551|client:localhost:45233|dataStream:localhost:41779|priority:0|startupRole:FOLLOWER, s2|rpc:localhost:41201|admin:localhost:41487|client:localhost:41547|dataStream:localhost:43565|priority:0|startupRole:FOLLOWER]|listeners:[], old=null reply: s1<-s0#0:FAIL-t2,NOT_LEADER,nextIndex=0,followerCommit=-1,matchIndex=-1
2022-11-01 02:15:11,369 [grpc-default-executor-5] INFO  server.RaftServer$Division (RaftServerImpl.java:requestVote(1324)) - s1@group-29DD907A7165 replies to ELECTION vote request: s4<-s1#0:FAIL-t2. Peer's state: s1@group-29DD907A7165:t2, leader=null, voted=null, raftlog=Memoized:s1@group-29DD907A7165-SegmentedRaftLog:OPENED:c0, conf=0: peers:[s3|rpc:localhost:46863|admin:localhost:41281|client:localhost:41041|dataStream:localhost:44363|priority:0|startupRole:FOLLOWER, s4|rpc:localhost:36775|admin:localhost:35477|client:localhost:46475|dataStream:localhost:42557|priority:0|startupRole:FOLLOWER, s0|rpc:localhost:33119|admin:localhost:42011|client:localhost:45597|dataStream:localhost:34507|priority:0|startupRole:FOLLOWER, s1|rpc:localhost:43051|admin:localhost:41551|client:localhost:45233|dataStream:localhost:41779|priority:0|startupRole:FOLLOWER, s2|rpc:localhost:41201|admin:localhost:41487|client:localhost:41547|dataStream:localhost:43565|priority:0|startupRole:FOLLOWER]|listeners:[], old=null
2022-11-01 02:15:11,373 [grpc-default-executor-25] INFO  impl.VoteContext (VoteContext.java:log(49)) - s1@group-29DD907A7165-FOLLOWER: reject PRE_VOTE from s2: our last entry (t:1, i:0) > candidate's last entry (t:0, i:0)
2022-11-01 02:15:11,373 [grpc-default-executor-25] INFO  server.RaftServer$Division (RaftServerImpl.java:requestVote(1324)) - s1@group-29DD907A7165 replies to PRE_VOTE vote request: s2<-s1#0:FAIL-t2. Peer's state: s1@group-29DD907A7165:t2, leader=null, voted=null, raftlog=Memoized:s1@group-29DD907A7165-SegmentedRaftLog:OPENED:c0, conf=0: peers:[s3|rpc:localhost:46863|admin:localhost:41281|client:localhost:41041|dataStream:localhost:44363|priority:0|startupRole:FOLLOWER, s4|rpc:localhost:36775|admin:localhost:35477|client:localhost:46475|dataStream:localhost:42557|priority:0|startupRole:FOLLOWER, s0|rpc:localhost:33119|admin:localhost:42011|client:localhost:45597|dataStream:localhost:34507|priority:0|startupRole:FOLLOWER, s1|rpc:localhost:43051|admin:localhost:41551|client:localhost:45233|dataStream:localhost:41779|priority:0|startupRole:FOLLOWER, s2|rpc:localhost:41201|admin:localhost:41487|client:localhost:41547|dataStream:localhost:43565|priority:0|startupRole:FOLLOWER]|listeners:[], old=null
2022-11-01 02:15:11,369 [s4@group-29DD907A7165-LeaderElection6] INFO  server.RaftServerConfigKeys (ConfUtils.java:logGet(46)) - raft.server.log.appender.snapshot.chunk.size.max = 16MB (=16777216) (default)
2022-11-01 02:15:11,374 [s4@group-29DD907A7165-LeaderElection6] INFO  server.RaftServerConfigKeys (ConfUtils.java:logGet(46)) - raft.server.log.appender.buffer.byte-limit = 4MB (=4194304) (default)
2022-11-01 02:15:11,374 [s4@group-29DD907A7165-LeaderElection6] INFO  server.RaftServerConfigKeys (ConfUtils.java:logGet(46)) - raft.server.log.appender.buffer.element-limit = 0 (default)
2022-11-01 02:15:11,374 [s4@group-29DD907A7165-LeaderElection6] INFO  grpc.GrpcConfigKeys (ConfUtils.java:logGet(46)) - raft.grpc.server.leader.outstanding.appends.max = 128 (default)
2022-11-01 02:15:11,374 [s4@group-29DD907A7165-LeaderElection6] INFO  server.RaftServerConfigKeys (ConfUtils.java:logGet(46)) - raft.server.rpc.request.timeout = 3000ms (default)
2022-11-01 02:15:11,374 [s4@group-29DD907A7165-LeaderElection6] INFO  server.RaftServerConfigKeys (ConfUtils.java:logGet(46)) - raft.server.log.appender.install.snapshot.enabled = true (default)
2022-11-01 02:15:11,374 [s4@group-29DD907A7165-LeaderElection6] INFO  grpc.GrpcConfigKeys (ConfUtils.java:logGet(46)) - raft.grpc.server.heartbeat.channel = true (default)
2022-11-01 02:15:11,374 [s4@group-29DD907A7165-LeaderElection6] INFO  server.RaftServerConfigKeys (ConfUtils.java:logGet(46)) - raft.server.log.appender.wait-time.min = 10ms (default)
2022-11-01 02:15:11,369 [s2-server-thread2] DEBUG server.RaftServer$Division (RaftServerImpl.java:appendEntriesAsync(1481)) - s2@group-29DD907A7165: Not recognize s1 (term=1) as leader, state: s2@group-29DD907A7165:t2, leader=null, voted=s4, raftlog=Memoized:s2@group-29DD907A7165-SegmentedRaftLog:OPENED:c-1, conf=-1: peers:[s3|rpc:localhost:46863|admin:localhost:41281|client:localhost:41041|dataStream:localhost:44363|priority:0|startupRole:FOLLOWER, s4|rpc:localhost:36775|admin:localhost:35477|client:localhost:46475|dataStream:localhost:42557|priority:0|startupRole:FOLLOWER, s0|rpc:localhost:33119|admin:localhost:42011|client:localhost:45597|dataStream:localhost:34507|priority:0|startupRole:FOLLOWER, s1|rpc:localhost:43051|admin:localhost:41551|client:localhost:45233|dataStream:localhost:41779|priority:0|startupRole:FOLLOWER, s2|rpc:localhost:41201|admin:localhost:41487|client:localhost:41547|dataStream:localhost:43565|priority:0|startupRole:FOLLOWER]|listeners:[], old=null reply: s1<-s2#3:FAIL-t2,NOT_LEADER,nextIndex=0,followerCommit=-1,matchIndex=-1
2022-11-01 02:15:11,368 [grpc-default-executor-30] INFO  server.GrpcLogAppender (GrpcLogAppender.java:onCompleted(413)) - s1@group-29DD907A7165->s3-AppendLogResponseHandler: follower responses appendEntries COMPLETED
2022-11-01 02:15:11,377 [grpc-default-executor-30] INFO  leader.FollowerInfo (FollowerInfoImpl.java:lambda$new$0(48)) - s1@group-29DD907A7165->s3: nextIndex: updateUnconditionally 1 -> 0
2022-11-01 02:15:11,378 [s4@group-29DD907A7165-LeaderElection6] INFO  server.RaftServerConfigKeys (ConfUtils.java:logGet(46)) - raft.server.log.appender.snapshot.chunk.size.max = 16MB (=16777216) (default)
2022-11-01 02:15:11,381 [s0-server-thread3] DEBUG server.RaftServer$Division (RaftServerImpl.java:appendEntriesAsync(1481)) - s0@group-29DD907A7165: Not recognize s1 (term=1) as leader, state: s0@group-29DD907A7165:t2, leader=null, voted=s4, raftlog=Memoized:s0@group-29DD907A7165-SegmentedRaftLog:OPENED:c-1, conf=-1: peers:[s3|rpc:localhost:46863|admin:localhost:41281|client:localhost:41041|dataStream:localhost:44363|priority:0|startupRole:FOLLOWER, s4|rpc:localhost:36775|admin:localhost:35477|client:localhost:46475|dataStream:localhost:42557|priority:0|startupRole:FOLLOWER, s0|rpc:localhost:33119|admin:localhost:42011|client:localhost:45597|dataStream:localhost:34507|priority:0|startupRole:FOLLOWER, s1|rpc:localhost:43051|admin:localhost:41551|client:localhost:45233|dataStream:localhost:41779|priority:0|startupRole:FOLLOWER, s2|rpc:localhost:41201|admin:localhost:41487|client:localhost:41547|dataStream:localhost:43565|priority:0|startupRole:FOLLOWER]|listeners:[], old=null reply: s1<-s0#2:FAIL-t2,NOT_LEADER,nextIndex=0,followerCommit=-1,matchIndex=-1
2022-11-01 02:15:11,384 [s4@group-29DD907A7165-LeaderElection6] INFO  server.RaftServerConfigKeys (ConfUtils.java:logGet(46)) - raft.server.log.appender.buffer.byte-limit = 4MB (=4194304) (default)
2022-11-01 02:15:11,385 [s4@group-29DD907A7165-LeaderElection6] INFO  server.RaftServerConfigKeys (ConfUtils.java:logGet(46)) - raft.server.log.appender.buffer.element-limit = 0 (default)
2022-11-01 02:15:11,385 [s4@group-29DD907A7165-LeaderElection6] INFO  grpc.GrpcConfigKeys (ConfUtils.java:logGet(46)) - raft.grpc.server.leader.outstanding.appends.max = 128 (default)
2022-11-01 02:15:11,385 [s4@group-29DD907A7165-LeaderElection6] INFO  server.RaftServerConfigKeys (ConfUtils.java:logGet(46)) - raft.server.rpc.request.timeout = 3000ms (default)
2022-11-01 02:15:11,385 [s4@group-29DD907A7165-LeaderElection6] INFO  server.RaftServerConfigKeys (ConfUtils.java:logGet(46)) - raft.server.log.appender.install.snapshot.enabled = true (default)
2022-11-01 02:15:11,385 [s4@group-29DD907A7165-LeaderElection6] INFO  grpc.GrpcConfigKeys (ConfUtils.java:logGet(46)) - raft.grpc.server.heartbeat.channel = true (default)
2022-11-01 02:15:11,385 [s4@group-29DD907A7165-LeaderElection6] INFO  server.RaftServerConfigKeys (ConfUtils.java:logGet(46)) - raft.server.log.appender.wait-time.min = 10ms (default)
2022-11-01 02:15:11,390 [s2-server-thread2] DEBUG server.RaftServer$Division (RaftServerImpl.java:appendEntriesAsync(1481)) - s2@group-29DD907A7165: Not recognize s1 (term=1) as leader, state: s2@group-29DD907A7165:t2, leader=null, voted=s4, raftlog=Memoized:s2@group-29DD907A7165-SegmentedRaftLog:OPENED:c-1, conf=-1: peers:[s3|rpc:localhost:46863|admin:localhost:41281|client:localhost:41041|dataStream:localhost:44363|priority:0|startupRole:FOLLOWER, s4|rpc:localhost:36775|admin:localhost:35477|client:localhost:46475|dataStream:localhost:42557|priority:0|startupRole:FOLLOWER, s0|rpc:localhost:33119|admin:localhost:42011|client:localhost:45597|dataStream:localhost:34507|priority:0|startupRole:FOLLOWER, s1|rpc:localhost:43051|admin:localhost:41551|client:localhost:45233|dataStream:localhost:41779|priority:0|startupRole:FOLLOWER, s2|rpc:localhost:41201|admin:localhost:41487|client:localhost:41547|dataStream:localhost:43565|priority:0|startupRole:FOLLOWER]|listeners:[], old=null reply: s1<-s2#4:FAIL-t2,NOT_LEADER,nextIndex=0,followerCommit=-1,matchIndex=-1
2022-11-01 02:15:11,391 [s0-server-thread3] DEBUG server.RaftServer$Division (RaftServerImpl.java:appendEntriesAsync(1481)) - s0@group-29DD907A7165: Not recognize s1 (term=1) as leader, state: s0@group-29DD907A7165:t2, leader=null, voted=s4, raftlog=Memoized:s0@group-29DD907A7165-SegmentedRaftLog:OPENED:c-1, conf=-1: peers:[s3|rpc:localhost:46863|admin:localhost:41281|client:localhost:41041|dataStream:localhost:44363|priority:0|startupRole:FOLLOWER, s4|rpc:localhost:36775|admin:localhost:35477|client:localhost:46475|dataStream:localhost:42557|priority:0|startupRole:FOLLOWER, s0|rpc:localhost:33119|admin:localhost:42011|client:localhost:45597|dataStream:localhost:34507|priority:0|startupRole:FOLLOWER, s1|rpc:localhost:43051|admin:localhost:41551|client:localhost:45233|dataStream:localhost:41779|priority:0|startupRole:FOLLOWER, s2|rpc:localhost:41201|admin:localhost:41487|client:localhost:41547|dataStream:localhost:43565|priority:0|startupRole:FOLLOWER]|listeners:[], old=null reply: s1<-s0#3:FAIL-t2,NOT_LEADER,nextIndex=0,followerCommit=-1,matchIndex=-1
2022-11-01 02:15:11,389 [grpc-default-executor-5] INFO  server.GrpcLogAppender (GrpcLogAppender.java:onCompleted(413)) - s1@group-29DD907A7165->s4-AppendLogResponseHandler: follower responses appendEntries COMPLETED
2022-11-01 02:15:11,392 [s4@group-29DD907A7165-LeaderElection6] INFO  server.RaftServerConfigKeys (ConfUtils.java:logGet(46)) - raft.server.log.appender.snapshot.chunk.size.max = 16MB (=16777216) (default)
2022-11-01 02:15:11,392 [s2-server-thread2] DEBUG server.RaftServer$Division (RaftServerImpl.java:appendEntriesAsync(1481)) - s2@group-29DD907A7165: Not recognize s1 (term=1) as leader, state: s2@group-29DD907A7165:t2, leader=null, voted=s4, raftlog=Memoized:s2@group-29DD907A7165-SegmentedRaftLog:OPENED:c-1, conf=-1: peers:[s3|rpc:localhost:46863|admin:localhost:41281|client:localhost:41041|dataStream:localhost:44363|priority:0|startupRole:FOLLOWER, s4|rpc:localhost:36775|admin:localhost:35477|client:localhost:46475|dataStream:localhost:42557|priority:0|startupRole:FOLLOWER, s0|rpc:localhost:33119|admin:localhost:42011|client:localhost:45597|dataStream:localhost:34507|priority:0|startupRole:FOLLOWER, s1|rpc:localhost:43051|admin:localhost:41551|client:localhost:45233|dataStream:localhost:41779|priority:0|startupRole:FOLLOWER, s2|rpc:localhost:41201|admin:localhost:41487|client:localhost:41547|dataStream:localhost:43565|priority:0|startupRole:FOLLOWER]|listeners:[], old=null reply: s1<-s2#5:FAIL-t2,NOT_LEADER,nextIndex=0,followerCommit=-1,matchIndex=-1
2022-11-01 02:15:11,392 [grpc-default-executor-41] INFO  server.GrpcServerProtocolService (GrpcServerProtocolService.java:onCompleted(143)) - s2: Completed APPEND_ENTRIES, lastRequest: null
2022-11-01 02:15:11,393 [grpc-default-executor-20] INFO  server.GrpcLogAppender (GrpcLogAppender.java:onCompleted(413)) - s1@group-29DD907A7165->s2-AppendLogResponseHandler: follower responses appendEntries COMPLETED
2022-11-01 02:15:11,392 [s4@group-29DD907A7165-LeaderElection6] INFO  server.RaftServerConfigKeys (ConfUtils.java:logGet(46)) - raft.server.log.appender.buffer.byte-limit = 4MB (=4194304) (default)
2022-11-01 02:15:11,394 [s4@group-29DD907A7165-LeaderElection6] INFO  server.RaftServerConfigKeys (ConfUtils.java:logGet(46)) - raft.server.log.appender.buffer.element-limit = 0 (default)
2022-11-01 02:15:11,394 [s4@group-29DD907A7165-LeaderElection6] INFO  grpc.GrpcConfigKeys (ConfUtils.java:logGet(46)) - raft.grpc.server.leader.outstanding.appends.max = 128 (default)
2022-11-01 02:15:11,394 [s4@group-29DD907A7165-LeaderElection6] INFO  server.RaftServerConfigKeys (ConfUtils.java:logGet(46)) - raft.server.rpc.request.timeout = 3000ms (default)
2022-11-01 02:15:11,394 [s4@group-29DD907A7165-LeaderElection6] INFO  server.RaftServerConfigKeys (ConfUtils.java:logGet(46)) - raft.server.log.appender.install.snapshot.enabled = true (default)
2022-11-01 02:15:11,394 [s4@group-29DD907A7165-LeaderElection6] INFO  grpc.GrpcConfigKeys (ConfUtils.java:logGet(46)) - raft.grpc.server.heartbeat.channel = true (default)
2022-11-01 02:15:11,394 [s4@group-29DD907A7165-LeaderElection6] INFO  server.RaftServerConfigKeys (ConfUtils.java:logGet(46)) - raft.server.log.appender.wait-time.min = 10ms (default)
2022-11-01 02:15:11,393 [grpc-default-executor-20] INFO  leader.FollowerInfo (FollowerInfoImpl.java:lambda$new$0(48)) - s1@group-29DD907A7165->s2: nextIndex: updateUnconditionally 1 -> 0
2022-11-01 02:15:11,391 [grpc-default-executor-5] INFO  leader.FollowerInfo (FollowerInfoImpl.java:lambda$new$0(48)) - s1@group-29DD907A7165->s4: nextIndex: updateUnconditionally 1 -> 0
2022-11-01 02:15:11,398 [s0-server-thread3] DEBUG server.RaftServer$Division (RaftServerImpl.java:appendEntriesAsync(1481)) - s0@group-29DD907A7165: Not recognize s1 (term=1) as leader, state: s0@group-29DD907A7165:t2, leader=null, voted=s4, raftlog=Memoized:s0@group-29DD907A7165-SegmentedRaftLog:OPENED:c-1, conf=-1: peers:[s3|rpc:localhost:46863|admin:localhost:41281|client:localhost:41041|dataStream:localhost:44363|priority:0|startupRole:FOLLOWER, s4|rpc:localhost:36775|admin:localhost:35477|client:localhost:46475|dataStream:localhost:42557|priority:0|startupRole:FOLLOWER, s0|rpc:localhost:33119|admin:localhost:42011|client:localhost:45597|dataStream:localhost:34507|priority:0|startupRole:FOLLOWER, s1|rpc:localhost:43051|admin:localhost:41551|client:localhost:45233|dataStream:localhost:41779|priority:0|startupRole:FOLLOWER, s2|rpc:localhost:41201|admin:localhost:41487|client:localhost:41547|dataStream:localhost:43565|priority:0|startupRole:FOLLOWER]|listeners:[], old=null reply: s1<-s0#4:FAIL-t2,NOT_LEADER,nextIndex=0,followerCommit=-1,matchIndex=-1
2022-11-01 02:15:11,399 [grpc-default-executor-5] INFO  server.GrpcServerProtocolService (GrpcServerProtocolService.java:onCompleted(143)) - s0: Completed APPEND_ENTRIES, lastRequest: null
2022-11-01 02:15:11,399 [s4@group-29DD907A7165-LeaderElection6] INFO  impl.RoleInfo (RoleInfo.java:updateAndGet(139)) - s4: start s4@group-29DD907A7165-LeaderStateImpl
2022-11-01 02:15:11,399 [s4@group-29DD907A7165-LeaderElection6] INFO  segmented.SegmentedRaftLogWorker (SegmentedRaftLogWorker.java:startLogSegment(431)) - s4@group-29DD907A7165-SegmentedRaftLogWorker: Starting segment from index:0
2022-11-01 02:15:11,401 [grpc-default-executor-20] INFO  server.GrpcLogAppender (GrpcLogAppender.java:onCompleted(413)) - s1@group-29DD907A7165->s0-AppendLogResponseHandler: follower responses appendEntries COMPLETED
2022-11-01 02:15:11,401 [grpc-default-executor-20] INFO  leader.FollowerInfo (FollowerInfoImpl.java:lambda$new$0(48)) - s1@group-29DD907A7165->s0: nextIndex: updateUnconditionally 1 -> 0
2022-11-01 02:15:11,417 [s4@group-29DD907A7165-LeaderElection6] INFO  server.RaftServer$Division (ServerState.java:setRaftConf(376)) - s4@group-29DD907A7165: set configuration 0: peers:[s3|rpc:localhost:46863|admin:localhost:41281|client:localhost:41041|dataStream:localhost:44363|priority:0|startupRole:FOLLOWER, s4|rpc:localhost:36775|admin:localhost:35477|client:localhost:46475|dataStream:localhost:42557|priority:0|startupRole:FOLLOWER, s0|rpc:localhost:33119|admin:localhost:42011|client:localhost:45597|dataStream:localhost:34507|priority:0|startupRole:FOLLOWER, s1|rpc:localhost:43051|admin:localhost:41551|client:localhost:45233|dataStream:localhost:41779|priority:0|startupRole:FOLLOWER, s2|rpc:localhost:41201|admin:localhost:41487|client:localhost:41547|dataStream:localhost:43565|priority:0|startupRole:FOLLOWER]|listeners:[], old=null
2022-11-01 02:15:11,419 [s4@group-29DD907A7165-SegmentedRaftLogWorker] INFO  segmented.SegmentedRaftLogWorker (SegmentedRaftLogWorker.java:execute(635)) - s4@group-29DD907A7165-SegmentedRaftLogWorker: created new log segment /home/runner/work/ratis/ratis/ratis-test/target/test/data/19a9d697/MiniRaftClusterWithGrpc3f893bf6/s4/c6497b79-67e1-4192-b4ee-29dd907a7165/current/log_inprogress_0
2022-11-01 02:15:11,429 [s0-server-thread3] INFO  server.RaftServer$Division (ServerState.java:setLeader(259)) - s0@group-29DD907A7165: change Leader from null to s4 at term 2 for appendEntries, leader elected after 2074ms
2022-11-01 02:15:11,442 [s4-server-thread1] DEBUG server.RaftServer$Division (RaftServerImpl.java:logAppendEntries(1418)) - s4@group-29DD907A7165: receive appendEntries(s1, 1, null, -1, true, commits:[s1:c-1, s3:c-1, s4:c-1, s0:c-1, s2:c-1], cId:1, entries: [(t:1, i:0), CONFIGURATIONENTRY(current:id: "s3"
address: "localhost:46863"
dataStreamAddress: "localhost:44363"
clientAddress: "localhost:41041"
adminAddress: "localhost:41281"
startupRole: FOLLOWER
,id: "s4"
address: "localhost:36775"
dataStreamAddress: "localhost:42557"
clientAddress: "localhost:46475"
adminAddress: "localhost:35477"
startupRole: FOLLOWER
,id: "s0"
address: "localhost:33119"
dataStreamAddress: "localhost:34507"
clientAddress: "localhost:45597"
adminAddress: "localhost:42011"
startupRole: FOLLOWER
,id: "s1"
address: "localhost:43051"
dataStreamAddress: "localhost:41779"
clientAddress: "localhost:45233"
adminAddress: "localhost:41551"
startupRole: FOLLOWER
,id: "s2"
address: "localhost:41201"
dataStreamAddress: "localhost:43565"
clientAddress: "localhost:41547"
adminAddress: "localhost:41487"
startupRole: FOLLOWER
, old:)]
2022-11-01 02:15:11,443 [s0-server-thread2] DEBUG server.RaftServer$Division (RaftServerImpl.java:logAppendEntries(1418)) - s0@group-29DD907A7165: receive appendEntries(s4, 2, null, -1, true, commits:[s4:c-1, s3:c-1, s0:c-1, s1:c-1, s2:c-1], cId:1, entries: [(t:2, i:0), CONFIGURATIONENTRY(current:id: "s3"
address: "localhost:46863"
dataStreamAddress: "localhost:44363"
clientAddress: "localhost:41041"
adminAddress: "localhost:41281"
startupRole: FOLLOWER
,id: "s4"
address: "localhost:36775"
dataStreamAddress: "localhost:42557"
clientAddress: "localhost:46475"
adminAddress: "localhost:35477"
startupRole: FOLLOWER
,id: "s0"
address: "localhost:33119"
dataStreamAddress: "localhost:34507"
clientAddress: "localhost:45597"
adminAddress: "localhost:42011"
startupRole: FOLLOWER
,id: "s1"
address: "localhost:43051"
dataStreamAddress: "localhost:41779"
clientAddress: "localhost:45233"
adminAddress: "localhost:41551"
startupRole: FOLLOWER
,id: "s2"
address: "localhost:41201"
dataStreamAddress: "localhost:43565"
clientAddress: "localhost:41547"
adminAddress: "localhost:41487"
startupRole: FOLLOWER
, old:)]
2022-11-01 02:15:11,445 [s3-server-thread5] DEBUG server.RaftServer$Division (RaftServerImpl.java:logAppendEntries(1418)) - s3@group-29DD907A7165: receive appendEntries(s4, 2, null, -1, true, commits:[s4:c-1, s3:c-1, s0:c-1, s1:c-1, s2:c-1], cId:1, entries: [(t:2, i:0), CONFIGURATIONENTRY(current:id: "s3"
address: "localhost:46863"
dataStreamAddress: "localhost:44363"
clientAddress: "localhost:41041"
adminAddress: "localhost:41281"
startupRole: FOLLOWER
,id: "s4"
address: "localhost:36775"
dataStreamAddress: "localhost:42557"
clientAddress: "localhost:46475"
adminAddress: "localhost:35477"
startupRole: FOLLOWER
,id: "s0"
address: "localhost:33119"
dataStreamAddress: "localhost:34507"
clientAddress: "localhost:45597"
adminAddress: "localhost:42011"
startupRole: FOLLOWER
,id: "s1"
address: "localhost:43051"
dataStreamAddress: "localhost:41779"
clientAddress: "localhost:45233"
adminAddress: "localhost:41551"
startupRole: FOLLOWER
,id: "s2"
address: "localhost:41201"
dataStreamAddress: "localhost:43565"
clientAddress: "localhost:41547"
adminAddress: "localhost:41487"
startupRole: FOLLOWER
, old:)]
2022-11-01 02:15:11,445 [s3-server-thread5] INFO  server.RaftServer$Division (ServerState.java:setLeader(259)) - s3@group-29DD907A7165: change Leader from null to s4 at term 2 for appendEntries, leader elected after 147ms
2022-11-01 02:15:11,446 [s2-server-thread1] DEBUG server.RaftServer$Division (RaftServerImpl.java:logAppendEntries(1418)) - s2@group-29DD907A7165: receive appendEntries(s1, 1, null, -1, true, commits:[s1:c-1, s3:c-1, s4:c-1, s0:c-1, s2:c-1], cId:1, entries: [(t:1, i:0), CONFIGURATIONENTRY(current:id: "s3"
address: "localhost:46863"
dataStreamAddress: "localhost:44363"
clientAddress: "localhost:41041"
adminAddress: "localhost:41281"
startupRole: FOLLOWER
,id: "s4"
address: "localhost:36775"
dataStreamAddress: "localhost:42557"
clientAddress: "localhost:46475"
adminAddress: "localhost:35477"
startupRole: FOLLOWER
,id: "s0"
address: "localhost:33119"
dataStreamAddress: "localhost:34507"
clientAddress: "localhost:45597"
adminAddress: "localhost:42011"
startupRole: FOLLOWER
,id: "s1"
address: "localhost:43051"
dataStreamAddress: "localhost:41779"
clientAddress: "localhost:45233"
adminAddress: "localhost:41551"
startupRole: FOLLOWER
,id: "s2"
address: "localhost:41201"
dataStreamAddress: "localhost:43565"
clientAddress: "localhost:41547"
adminAddress: "localhost:41487"
startupRole: FOLLOWER
, old:)]
2022-11-01 02:15:11,446 [s2-server-thread1] DEBUG server.RaftServer$Division (RaftServerImpl.java:appendEntriesAsync(1481)) - s2@group-29DD907A7165: Not recognize s1 (term=1) as leader, state: s2@group-29DD907A7165:t2, leader=null, voted=s4, raftlog=Memoized:s2@group-29DD907A7165-SegmentedRaftLog:OPENED:c-1, conf=-1: peers:[s3|rpc:localhost:46863|admin:localhost:41281|client:localhost:41041|dataStream:localhost:44363|priority:0|startupRole:FOLLOWER, s4|rpc:localhost:36775|admin:localhost:35477|client:localhost:46475|dataStream:localhost:42557|priority:0|startupRole:FOLLOWER, s0|rpc:localhost:33119|admin:localhost:42011|client:localhost:45597|dataStream:localhost:34507|priority:0|startupRole:FOLLOWER, s1|rpc:localhost:43051|admin:localhost:41551|client:localhost:45233|dataStream:localhost:41779|priority:0|startupRole:FOLLOWER, s2|rpc:localhost:41201|admin:localhost:41487|client:localhost:41547|dataStream:localhost:43565|priority:0|startupRole:FOLLOWER]|listeners:[], old=null reply: s1<-s2#1:FAIL-t2,NOT_LEADER,nextIndex=0,followerCommit=-1,matchIndex=-1
2022-11-01 02:15:11,447 [s3-server-thread1] DEBUG server.RaftServer$Division (RaftServerImpl.java:logAppendEntries(1418)) - s3@group-29DD907A7165: receive appendEntries(s1, 1, null, -1, true, commits:[s1:c-1, s3:c-1, s4:c-1, s0:c-1, s2:c-1], cId:1, entries: [(t:1, i:0), CONFIGURATIONENTRY(current:id: "s3"
address: "localhost:46863"
dataStreamAddress: "localhost:44363"
clientAddress: "localhost:41041"
adminAddress: "localhost:41281"
startupRole: FOLLOWER
,id: "s4"
address: "localhost:36775"
dataStreamAddress: "localhost:42557"
clientAddress: "localhost:46475"
adminAddress: "localhost:35477"
startupRole: FOLLOWER
,id: "s0"
address: "localhost:33119"
dataStreamAddress: "localhost:34507"
clientAddress: "localhost:45597"
adminAddress: "localhost:42011"
startupRole: FOLLOWER
,id: "s1"
address: "localhost:43051"
dataStreamAddress: "localhost:41779"
clientAddress: "localhost:45233"
adminAddress: "localhost:41551"
startupRole: FOLLOWER
,id: "s2"
address: "localhost:41201"
dataStreamAddress: "localhost:43565"
clientAddress: "localhost:41547"
adminAddress: "localhost:41487"
startupRole: FOLLOWER
, old:)]
2022-11-01 02:15:11,448 [s0-server-thread1] DEBUG server.RaftServer$Division (RaftServerImpl.java:logAppendEntries(1418)) - s0@group-29DD907A7165: receive appendEntries(s1, 1, null, 0, true, commits:[s1:c0, s3:c-1, s4:c-1, s0:c-1, s2:c-1], cId:1, entries: [(t:1, i:0), CONFIGURATIONENTRY(current:id: "s3"
address: "localhost:46863"
dataStreamAddress: "localhost:44363"
clientAddress: "localhost:41041"
adminAddress: "localhost:41281"
startupRole: FOLLOWER
,id: "s4"
address: "localhost:36775"
dataStreamAddress: "localhost:42557"
clientAddress: "localhost:46475"
adminAddress: "localhost:35477"
startupRole: FOLLOWER
,id: "s0"
address: "localhost:33119"
dataStreamAddress: "localhost:34507"
clientAddress: "localhost:45597"
adminAddress: "localhost:42011"
startupRole: FOLLOWER
,id: "s1"
address: "localhost:43051"
dataStreamAddress: "localhost:41779"
clientAddress: "localhost:45233"
adminAddress: "localhost:41551"
startupRole: FOLLOWER
,id: "s2"
address: "localhost:41201"
dataStreamAddress: "localhost:43565"
clientAddress: "localhost:41547"
adminAddress: "localhost:41487"
startupRole: FOLLOWER
, old:)]
2022-11-01 02:15:11,449 [grpc-default-executor-29] INFO  server.GrpcServerProtocolService (GrpcServerProtocolService.java:onCompleted(143)) - s2: Completed APPEND_ENTRIES, lastRequest: s1->s2#1-t1,previous=(t:0, i:0),leaderCommit=-1,initializing? true,entries: size=1, first=(t:1, i:0), CONFIGURATIONENTRY(current:id: "s3"
address: "localhost:46863"
dataStreamAddress: "localhost:44363"
clientAddress: "localhost:41041"
adminAddress: "localhost:41281"
startupRole: FOLLOWER
,id: "s4"
address: "localhost:36775"
dataStreamAddress: "localhost:42557"
clientAddress: "localhost:46475"
adminAddress: "localhost:35477"
startupRole: FOLLOWER
,id: "s0"
address: "localhost:33119"
dataStreamAddress: "localhost:34507"
clientAddress: "localhost:45597"
adminAddress: "localhost:42011"
startupRole: FOLLOWER
,id: "s1"
address: "localhost:43051"
dataStreamAddress: "localhost:41779"
clientAddress: "localhost:45233"
adminAddress: "localhost:41551"
startupRole: FOLLOWER
,id: "s2"
address: "localhost:41201"
dataStreamAddress: "localhost:43565"
clientAddress: "localhost:41547"
adminAddress: "localhost:41487"
startupRole: FOLLOWER
, old:)
2022-11-01 02:15:11,469 [s3-server-thread5] INFO  server.RaftServer$Division (ServerState.java:setRaftConf(376)) - s3@group-29DD907A7165: set configuration 0: peers:[s3|rpc:localhost:46863|admin:localhost:41281|client:localhost:41041|dataStream:localhost:44363|priority:0|startupRole:FOLLOWER, s4|rpc:localhost:36775|admin:localhost:35477|client:localhost:46475|dataStream:localhost:42557|priority:0|startupRole:FOLLOWER, s0|rpc:localhost:33119|admin:localhost:42011|client:localhost:45597|dataStream:localhost:34507|priority:0|startupRole:FOLLOWER, s1|rpc:localhost:43051|admin:localhost:41551|client:localhost:45233|dataStream:localhost:41779|priority:0|startupRole:FOLLOWER, s2|rpc:localhost:41201|admin:localhost:41487|client:localhost:41547|dataStream:localhost:43565|priority:0|startupRole:FOLLOWER]|listeners:[], old=null
2022-11-01 02:15:11,469 [s3-server-thread5] INFO  segmented.SegmentedRaftLogWorker (SegmentedRaftLogWorker.java:startLogSegment(431)) - s3@group-29DD907A7165-SegmentedRaftLogWorker: Starting segment from index:0
2022-11-01 02:15:11,473 [s0-server-thread2] INFO  server.RaftServer$Division (ServerState.java:setRaftConf(376)) - s0@group-29DD907A7165: set configuration 0: peers:[s3|rpc:localhost:46863|admin:localhost:41281|client:localhost:41041|dataStream:localhost:44363|priority:0|startupRole:FOLLOWER, s4|rpc:localhost:36775|admin:localhost:35477|client:localhost:46475|dataStream:localhost:42557|priority:0|startupRole:FOLLOWER, s0|rpc:localhost:33119|admin:localhost:42011|client:localhost:45597|dataStream:localhost:34507|priority:0|startupRole:FOLLOWER, s1|rpc:localhost:43051|admin:localhost:41551|client:localhost:45233|dataStream:localhost:41779|priority:0|startupRole:FOLLOWER, s2|rpc:localhost:41201|admin:localhost:41487|client:localhost:41547|dataStream:localhost:43565|priority:0|startupRole:FOLLOWER]|listeners:[], old=null
2022-11-01 02:15:11,474 [s3-server-thread1] DEBUG server.RaftServer$Division (RaftServerImpl.java:appendEntriesAsync(1481)) - s3@group-29DD907A7165: Not recognize s1 (term=1) as leader, state: s3@group-29DD907A7165:t2, leader=s4, voted=s4, raftlog=Memoized:s3@group-29DD907A7165-SegmentedRaftLog:OPENED:c-1, conf=0: peers:[s3|rpc:localhost:46863|admin:localhost:41281|client:localhost:41041|dataStream:localhost:44363|priority:0|startupRole:FOLLOWER, s4|rpc:localhost:36775|admin:localhost:35477|client:localhost:46475|dataStream:localhost:42557|priority:0|startupRole:FOLLOWER, s0|rpc:localhost:33119|admin:localhost:42011|client:localhost:45597|dataStream:localhost:34507|priority:0|startupRole:FOLLOWER, s1|rpc:localhost:43051|admin:localhost:41551|client:localhost:45233|dataStream:localhost:41779|priority:0|startupRole:FOLLOWER, s2|rpc:localhost:41201|admin:localhost:41487|client:localhost:41547|dataStream:localhost:43565|priority:0|startupRole:FOLLOWER]|listeners:[], old=null reply: s1<-s3#1:FAIL-t2,NOT_LEADER,nextIndex=1,followerCommit=-1,matchIndex=-1
2022-11-01 02:15:11,469 [grpc-default-executor-41] INFO  server.GrpcLogAppender (GrpcLogAppender.java:onCompleted(413)) - s1@group-29DD907A7165->s2-AppendLogResponseHandler: follower responses appendEntries COMPLETED
2022-11-01 02:15:11,475 [grpc-default-executor-41] INFO  leader.FollowerInfo (FollowerInfoImpl.java:lambda$new$0(48)) - s1@group-29DD907A7165->s2: nextIndex: updateUnconditionally 0 -> 0
2022-11-01 02:15:11,479 [grpc-default-executor-2] INFO  server.GrpcServerProtocolService (GrpcServerProtocolService.java:onCompleted(143)) - s3: Completed APPEND_ENTRIES, lastRequest: s1->s3#1-t1,previous=(t:0, i:0),leaderCommit=-1,initializing? true,entries: size=1, first=(t:1, i:0), CONFIGURATIONENTRY(current:id: "s3"
address: "localhost:46863"
dataStreamAddress: "localhost:44363"
clientAddress: "localhost:41041"
adminAddress: "localhost:41281"
startupRole: FOLLOWER
,id: "s4"
address: "localhost:36775"
dataStreamAddress: "localhost:42557"
clientAddress: "localhost:46475"
adminAddress: "localhost:35477"
startupRole: FOLLOWER
,id: "s0"
address: "localhost:33119"
dataStreamAddress: "localhost:34507"
clientAddress: "localhost:45597"
adminAddress: "localhost:42011"
startupRole: FOLLOWER
,id: "s1"
address: "localhost:43051"
dataStreamAddress: "localhost:41779"
clientAddress: "localhost:45233"
adminAddress: "localhost:41551"
startupRole: FOLLOWER
,id: "s2"
address: "localhost:41201"
dataStreamAddress: "localhost:43565"
clientAddress: "localhost:41547"
adminAddress: "localhost:41487"
startupRole: FOLLOWER
, old:)
2022-11-01 02:15:11,479 [s0-server-thread2] INFO  segmented.SegmentedRaftLogWorker (SegmentedRaftLogWorker.java:startLogSegment(431)) - s0@group-29DD907A7165-SegmentedRaftLogWorker: Starting segment from index:0
2022-11-01 02:15:11,480 [s0-server-thread1] DEBUG server.RaftServer$Division (RaftServerImpl.java:appendEntriesAsync(1481)) - s0@group-29DD907A7165: Not recognize s1 (term=1) as leader, state: s0@group-29DD907A7165:t2, leader=s4, voted=s4, raftlog=Memoized:s0@group-29DD907A7165-SegmentedRaftLog:OPENED:c-1, conf=0: peers:[s3|rpc:localhost:46863|admin:localhost:41281|client:localhost:41041|dataStream:localhost:44363|priority:0|startupRole:FOLLOWER, s4|rpc:localhost:36775|admin:localhost:35477|client:localhost:46475|dataStream:localhost:42557|priority:0|startupRole:FOLLOWER, s0|rpc:localhost:33119|admin:localhost:42011|client:localhost:45597|dataStream:localhost:34507|priority:0|startupRole:FOLLOWER, s1|rpc:localhost:43051|admin:localhost:41551|client:localhost:45233|dataStream:localhost:41779|priority:0|startupRole:FOLLOWER, s2|rpc:localhost:41201|admin:localhost:41487|client:localhost:41547|dataStream:localhost:43565|priority:0|startupRole:FOLLOWER]|listeners:[], old=null reply: s1<-s0#1:FAIL-t2,NOT_LEADER,nextIndex=1,followerCommit=-1,matchIndex=-1
2022-11-01 02:15:11,484 [grpc-default-executor-24] INFO  server.GrpcServerProtocolService (GrpcServerProtocolService.java:onCompleted(143)) - s0: Completed APPEND_ENTRIES, lastRequest: s1->s0#1-t1,previous=(t:0, i:0),leaderCommit=0,initializing? true,entries: size=1, first=(t:1, i:0), CONFIGURATIONENTRY(current:id: "s3"
address: "localhost:46863"
dataStreamAddress: "localhost:44363"
clientAddress: "localhost:41041"
adminAddress: "localhost:41281"
startupRole: FOLLOWER
,id: "s4"
address: "localhost:36775"
dataStreamAddress: "localhost:42557"
clientAddress: "localhost:46475"
adminAddress: "localhost:35477"
startupRole: FOLLOWER
,id: "s0"
address: "localhost:33119"
dataStreamAddress: "localhost:34507"
clientAddress: "localhost:45597"
adminAddress: "localhost:42011"
startupRole: FOLLOWER
,id: "s1"
address: "localhost:43051"
dataStreamAddress: "localhost:41779"
clientAddress: "localhost:45233"
adminAddress: "localhost:41551"
startupRole: FOLLOWER
,id: "s2"
address: "localhost:41201"
dataStreamAddress: "localhost:43565"
clientAddress: "localhost:41547"
adminAddress: "localhost:41487"
startupRole: FOLLOWER
, old:)
2022-11-01 02:15:11,485 [s2-server-thread1] DEBUG server.RaftServer$Division (RaftServerImpl.java:logAppendEntries(1418)) - s2@group-29DD907A7165: receive appendEntries(s4, 2, null, 0, true, commits:[s4:c0, s3:c-1, s0:c-1, s1:c-1, s2:c-1], cId:1, entries: [(t:2, i:0), CONFIGURATIONENTRY(current:id: "s3"
address: "localhost:46863"
dataStreamAddress: "localhost:44363"
clientAddress: "localhost:41041"
adminAddress: "localhost:41281"
startupRole: FOLLOWER
,id: "s4"
address: "localhost:36775"
dataStreamAddress: "localhost:42557"
clientAddress: "localhost:46475"
adminAddress: "localhost:35477"
startupRole: FOLLOWER
,id: "s0"
address: "localhost:33119"
dataStreamAddress: "localhost:34507"
clientAddress: "localhost:45597"
adminAddress: "localhost:42011"
startupRole: FOLLOWER
,id: "s1"
address: "localhost:43051"
dataStreamAddress: "localhost:41779"
clientAddress: "localhost:45233"
adminAddress: "localhost:41551"
startupRole: FOLLOWER
,id: "s2"
address: "localhost:41201"
dataStreamAddress: "localhost:43565"
clientAddress: "localhost:41547"
adminAddress: "localhost:41487"
startupRole: FOLLOWER
, old:)]
2022-11-01 02:15:11,487 [s2-server-thread1] INFO  server.RaftServer$Division (ServerState.java:setLeader(259)) - s2@group-29DD907A7165: change Leader from null to s4 at term 2 for appendEntries, leader elected after 2087ms
2022-11-01 02:15:11,488 [grpc-default-executor-24] INFO  server.GrpcLogAppender (GrpcLogAppender.java:onCompleted(413)) - s1@group-29DD907A7165->s3-AppendLogResponseHandler: follower responses appendEntries COMPLETED
2022-11-01 02:15:11,488 [grpc-default-executor-24] INFO  leader.FollowerInfo (FollowerInfoImpl.java:lambda$new$0(48)) - s1@group-29DD907A7165->s3: nextIndex: updateUnconditionally 0 -> 0
2022-11-01 02:15:11,492 [grpc-default-executor-24] INFO  server.GrpcLogAppender (GrpcLogAppender.java:onCompleted(413)) - s1@group-29DD907A7165->s0-AppendLogResponseHandler: follower responses appendEntries COMPLETED
2022-11-01 02:15:11,492 [grpc-default-executor-24] INFO  leader.FollowerInfo (FollowerInfoImpl.java:lambda$new$0(48)) - s1@group-29DD907A7165->s0: nextIndex: updateUnconditionally 0 -> 0
2022-11-01 02:15:11,493 [s2-server-thread1] INFO  server.RaftServer$Division (ServerState.java:setRaftConf(376)) - s2@group-29DD907A7165: set configuration 0: peers:[s3|rpc:localhost:46863|admin:localhost:41281|client:localhost:41041|dataStream:localhost:44363|priority:0|startupRole:FOLLOWER, s4|rpc:localhost:36775|admin:localhost:35477|client:localhost:46475|dataStream:localhost:42557|priority:0|startupRole:FOLLOWER, s0|rpc:localhost:33119|admin:localhost:42011|client:localhost:45597|dataStream:localhost:34507|priority:0|startupRole:FOLLOWER, s1|rpc:localhost:43051|admin:localhost:41551|client:localhost:45233|dataStream:localhost:41779|priority:0|startupRole:FOLLOWER, s2|rpc:localhost:41201|admin:localhost:41487|client:localhost:41547|dataStream:localhost:43565|priority:0|startupRole:FOLLOWER]|listeners:[], old=null
2022-11-01 02:15:11,493 [s2-server-thread1] INFO  segmented.SegmentedRaftLogWorker (SegmentedRaftLogWorker.java:startLogSegment(431)) - s2@group-29DD907A7165-SegmentedRaftLogWorker: Starting segment from index:0
2022-11-01 02:15:11,494 [s3@group-29DD907A7165-SegmentedRaftLogWorker] INFO  segmented.SegmentedRaftLogWorker (SegmentedRaftLogWorker.java:execute(635)) - s3@group-29DD907A7165-SegmentedRaftLogWorker: created new log segment /home/runner/work/ratis/ratis/ratis-test/target/test/data/19a9d697/MiniRaftClusterWithGrpc3f893bf6/s3/c6497b79-67e1-4192-b4ee-29dd907a7165/current/log_inprogress_0
2022-11-01 02:15:11,500 [s1-server-thread1] DEBUG server.RaftServer$Division (RaftServerImpl.java:logAppendEntries(1418)) - s1@group-29DD907A7165: receive appendEntries(s4, 2, null, -1, true, commits:[s4:c-1, s3:c-1, s0:c-1, s1:c-1, s2:c-1], cId:1, entries: [(t:2, i:0), CONFIGURATIONENTRY(current:id: "s3"
address: "localhost:46863"
dataStreamAddress: "localhost:44363"
clientAddress: "localhost:41041"
adminAddress: "localhost:41281"
startupRole: FOLLOWER
,id: "s4"
address: "localhost:36775"
dataStreamAddress: "localhost:42557"
clientAddress: "localhost:46475"
adminAddress: "localhost:35477"
startupRole: FOLLOWER
,id: "s0"
address: "localhost:33119"
dataStreamAddress: "localhost:34507"
clientAddress: "localhost:45597"
adminAddress: "localhost:42011"
startupRole: FOLLOWER
,id: "s1"
address: "localhost:43051"
dataStreamAddress: "localhost:41779"
clientAddress: "localhost:45233"
adminAddress: "localhost:41551"
startupRole: FOLLOWER
,id: "s2"
address: "localhost:41201"
dataStreamAddress: "localhost:43565"
clientAddress: "localhost:41547"
adminAddress: "localhost:41487"
startupRole: FOLLOWER
, old:)]
2022-11-01 02:15:11,500 [s1-server-thread1] INFO  server.RaftServer$Division (ServerState.java:setLeader(259)) - s1@group-29DD907A7165: change Leader from null to s4 at term 2 for appendEntries, leader elected after 141ms
2022-11-01 02:15:11,500 [s1-server-thread1] INFO  server.RaftServer$Division (RaftServerImpl.java:checkInconsistentAppendEntries(1589)) - s1@group-29DD907A7165: Failed appendEntries as the first entry (index 0) already exists (snapshotIndex: -1, commitIndex: 0)
2022-11-01 02:15:11,500 [s1-server-thread1] INFO  server.RaftServer$Division (RaftServerImpl.java:checkInconsistentAppendEntries(1569)) - s1@group-29DD907A7165: inconsistency entries. Reply:s4<-s1#1:FAIL-t2,INCONSISTENCY,nextIndex=1,followerCommit=0,matchIndex=-1
2022-11-01 02:15:11,501 [s3-server-thread1] DEBUG server.RaftServer$Division (RaftServerImpl.java:logAppendEntries(1418)) - s3@group-29DD907A7165: succeeded to handle AppendEntries. Reply: s4<-s3#1:OK-t2,SUCCESS,nextIndex=1,followerCommit=-1,matchIndex=0
2022-11-01 02:15:11,501 [s4-server-thread1] DEBUG server.RaftServer$Division (RaftServerImpl.java:appendEntriesAsync(1481)) - s4@group-29DD907A7165: Not recognize s1 (term=1) as leader, state: s4@group-29DD907A7165:t2, leader=s4, voted=s4, raftlog=Memoized:s4@group-29DD907A7165-SegmentedRaftLog:OPENED:c0, conf=0: peers:[s3|rpc:localhost:46863|admin:localhost:41281|client:localhost:41041|dataStream:localhost:44363|priority:0|startupRole:FOLLOWER, s4|rpc:localhost:36775|admin:localhost:35477|client:localhost:46475|dataStream:localhost:42557|priority:0|startupRole:FOLLOWER, s0|rpc:localhost:33119|admin:localhost:42011|client:localhost:45597|dataStream:localhost:34507|priority:0|startupRole:FOLLOWER, s1|rpc:localhost:43051|admin:localhost:41551|client:localhost:45233|dataStream:localhost:41779|priority:0|startupRole:FOLLOWER, s2|rpc:localhost:41201|admin:localhost:41487|client:localhost:41547|dataStream:localhost:43565|priority:0|startupRole:FOLLOWER]|listeners:[], old=null reply: s1<-s4#1:FAIL-t2,NOT_LEADER,nextIndex=1,followerCommit=0,matchIndex=-1
2022-11-01 02:15:11,502 [s0@group-29DD907A7165-SegmentedRaftLogWorker] INFO  segmented.SegmentedRaftLogWorker (SegmentedRaftLogWorker.java:execute(635)) - s0@group-29DD907A7165-SegmentedRaftLogWorker: created new log segment /home/runner/work/ratis/ratis/ratis-test/target/test/data/19a9d697/MiniRaftClusterWithGrpc3f893bf6/s0/c6497b79-67e1-4192-b4ee-29dd907a7165/current/log_inprogress_0
2022-11-01 02:15:11,502 [grpc-default-executor-42] INFO  server.GrpcServerProtocolService (GrpcServerProtocolService.java:onCompleted(143)) - s4: Completed APPEND_ENTRIES, lastRequest: s1->s4#1-t1,previous=(t:0, i:0),leaderCommit=-1,initializing? true,entries: size=1, first=(t:1, i:0), CONFIGURATIONENTRY(current:id: "s3"
address: "localhost:46863"
dataStreamAddress: "localhost:44363"
clientAddress: "localhost:41041"
adminAddress: "localhost:41281"
startupRole: FOLLOWER
,id: "s4"
address: "localhost:36775"
dataStreamAddress: "localhost:42557"
clientAddress: "localhost:46475"
adminAddress: "localhost:35477"
startupRole: FOLLOWER
,id: "s0"
address: "localhost:33119"
dataStreamAddress: "localhost:34507"
clientAddress: "localhost:45597"
adminAddress: "localhost:42011"
startupRole: FOLLOWER
,id: "s1"
address: "localhost:43051"
dataStreamAddress: "localhost:41779"
clientAddress: "localhost:45233"
adminAddress: "localhost:41551"
startupRole: FOLLOWER
,id: "s2"
address: "localhost:41201"
dataStreamAddress: "localhost:43565"
clientAddress: "localhost:41547"
adminAddress: "localhost:41487"
startupRole: FOLLOWER
, old:)
2022-11-01 02:15:11,512 [s0-server-thread4] DEBUG server.RaftServer$Division (RaftServerImpl.java:logAppendEntries(1418)) - s0@group-29DD907A7165: succeeded to handle AppendEntries. Reply: s4<-s0#1:OK-t2,SUCCESS,nextIndex=1,followerCommit=-1,matchIndex=0
2022-11-01 02:15:11,518 [s2@group-29DD907A7165-SegmentedRaftLogWorker] INFO  segmented.SegmentedRaftLogWorker (SegmentedRaftLogWorker.java:execute(635)) - s2@group-29DD907A7165-SegmentedRaftLogWorker: created new log segment /home/runner/work/ratis/ratis/ratis-test/target/test/data/19a9d697/MiniRaftClusterWithGrpc3f893bf6/s2/c6497b79-67e1-4192-b4ee-29dd907a7165/current/log_inprogress_0
2022-11-01 02:15:11,520 [grpc-default-executor-20] INFO  server.GrpcLogAppender (GrpcLogAppender.java:onCompleted(413)) - s1@group-29DD907A7165->s4-AppendLogResponseHandler: follower responses appendEntries COMPLETED
2022-11-01 02:15:11,520 [grpc-default-executor-20] INFO  leader.FollowerInfo (FollowerInfoImpl.java:lambda$new$0(48)) - s1@group-29DD907A7165->s4: nextIndex: updateUnconditionally 0 -> 0
2022-11-01 02:15:11,522 [grpc-default-executor-29] INFO  leader.FollowerInfo (FollowerInfoImpl.java:lambda$new$0(48)) - s4@group-29DD907A7165->s1: nextIndex: updateUnconditionally 1 -> 1
2022-11-01 02:15:11,525 [s2-server-thread1] DEBUG server.RaftServer$Division (RaftServerImpl.java:logAppendEntries(1418)) - s2@group-29DD907A7165: succeeded to handle AppendEntries. Reply: s4<-s2#1:OK-t2,SUCCESS,nextIndex=1,followerCommit=0,matchIndex=0
2022-11-01 02:15:11,615 [s1-server-thread2] INFO  server.RaftServer$Division (RaftServerImpl.java:checkInconsistentAppendEntries(1599)) - s1@group-29DD907A7165: Failed appendEntries as previous log entry ((t:2, i:0)) is not found
2022-11-01 02:15:11,615 [s1-server-thread2] INFO  server.RaftServer$Division (RaftServerImpl.java:checkInconsistentAppendEntries(1569)) - s1@group-29DD907A7165: inconsistency entries. Reply:s4<-s1#5:FAIL-t2,INCONSISTENCY,nextIndex=0,followerCommit=0,matchIndex=-1
2022-11-01 02:15:11,617 [grpc-default-executor-27] INFO  leader.FollowerInfo (FollowerInfoImpl.java:lambda$new$0(48)) - s4@group-29DD907A7165->s1: nextIndex: updateUnconditionally 1 -> 0
2022-11-01 02:15:11,619 [s1-server-thread2] DEBUG server.RaftServer$Division (RaftServerImpl.java:logAppendEntries(1418)) - s1@group-29DD907A7165: receive appendEntries(s4, 2, null, 0, true, commits:[s4:c0, s3:c0, s0:c0, s1:c0, s2:c0], cId:6, entries: [(t:2, i:0), CONFIGURATIONENTRY(current:id: "s3"
address: "localhost:46863"
dataStreamAddress: "localhost:44363"
clientAddress: "localhost:41041"
adminAddress: "localhost:41281"
startupRole: FOLLOWER
,id: "s4"
address: "localhost:36775"
dataStreamAddress: "localhost:42557"
clientAddress: "localhost:46475"
adminAddress: "localhost:35477"
startupRole: FOLLOWER
,id: "s0"
address: "localhost:33119"
dataStreamAddress: "localhost:34507"
clientAddress: "localhost:45597"
adminAddress: "localhost:42011"
startupRole: FOLLOWER
,id: "s1"
address: "localhost:43051"
dataStreamAddress: "localhost:41779"
clientAddress: "localhost:45233"
adminAddress: "localhost:41551"
startupRole: FOLLOWER
,id: "s2"
address: "localhost:41201"
dataStreamAddress: "localhost:43565"
clientAddress: "localhost:41547"
adminAddress: "localhost:41487"
startupRole: FOLLOWER
, old:)]
2022-11-01 02:15:11,620 [s1-server-thread2] INFO  server.RaftServer$Division (RaftServerImpl.java:checkInconsistentAppendEntries(1589)) - s1@group-29DD907A7165: Failed appendEntries as the first entry (index 0) already exists (snapshotIndex: -1, commitIndex: 0)
2022-11-01 02:15:11,620 [s1-server-thread2] INFO  server.RaftServer$Division (RaftServerImpl.java:checkInconsistentAppendEntries(1569)) - s1@group-29DD907A7165: inconsistency entries. Reply:s4<-s1#6:FAIL-t2,INCONSISTENCY,nextIndex=1,followerCommit=0,matchIndex=-1
2022-11-01 02:15:11,621 [grpc-default-executor-27] INFO  leader.FollowerInfo (FollowerInfoImpl.java:lambda$new$0(48)) - s4@group-29DD907A7165->s1: nextIndex: updateUnconditionally 1 -> 1
2022-11-01 02:15:11,697 [s1-server-thread2] INFO  server.RaftServer$Division (RaftServerImpl.java:checkInconsistentAppendEntries(1599)) - s1@group-29DD907A7165: Failed appendEntries as previous log entry ((t:2, i:0)) is not found
2022-11-01 02:15:11,698 [s1-server-thread2] INFO  server.RaftServer$Division (RaftServerImpl.java:checkInconsistentAppendEntries(1569)) - s1@group-29DD907A7165: inconsistency entries. Reply:s4<-s1#7:FAIL-t2,INCONSISTENCY,nextIndex=0,followerCommit=0,matchIndex=-1
2022-11-01 02:15:11,698 [grpc-default-executor-29] INFO  leader.FollowerInfo (FollowerInfoImpl.java:lambda$new$0(48)) - s4@group-29DD907A7165->s1: nextIndex: updateUnconditionally 1 -> 0
2022-11-01 02:15:11,701 [s1-server-thread2] DEBUG server.RaftServer$Division (RaftServerImpl.java:logAppendEntries(1418)) - s1@group-29DD907A7165: receive appendEntries(s4, 2, null, 0, true, commits:[s4:c0, s3:c0, s0:c0, s1:c0, s2:c0], cId:8, entries: [(t:2, i:0), CONFIGURATIONENTRY(current:id: "s3"
address: "localhost:46863"
dataStreamAddress: "localhost:44363"
clientAddress: "localhost:41041"
adminAddress: "localhost:41281"
startupRole: FOLLOWER
,id: "s4"
address: "localhost:36775"
dataStreamAddress: "localhost:42557"
clientAddress: "localhost:46475"
adminAddress: "localhost:35477"
startupRole: FOLLOWER
,id: "s0"
address: "localhost:33119"
dataStreamAddress: "localhost:34507"
clientAddress: "localhost:45597"
adminAddress: "localhost:42011"
startupRole: FOLLOWER
,id: "s1"
address: "localhost:43051"
dataStreamAddress: "localhost:41779"
clientAddress: "localhost:45233"
adminAddress: "localhost:41551"
startupRole: FOLLOWER
,id: "s2"
address: "localhost:41201"
dataStreamAddress: "localhost:43565"
clientAddress: "localhost:41547"
adminAddress: "localhost:41487"
startupRole: FOLLOWER
, old:)]
2022-11-01 02:15:11,701 [s1-server-thread2] INFO  server.RaftServer$Division (RaftServerImpl.java:checkInconsistentAppendEntries(1589)) - s1@group-29DD907A7165: Failed appendEntries as the first entry (index 0) already exists (snapshotIndex: -1, commitIndex: 0)
2022-11-01 02:15:11,701 [s1-server-thread2] INFO  server.RaftServer$Division (RaftServerImpl.java:checkInconsistentAppendEntries(1569)) - s1@group-29DD907A7165: inconsistency entries. Reply:s4<-s1#8:FAIL-t2,INCONSISTENCY,nextIndex=1,followerCommit=0,matchIndex=-1
2022-11-01 02:15:11,702 [grpc-default-executor-29] INFO  leader.FollowerInfo (FollowerInfoImpl.java:lambda$new$0(48)) - s4@group-29DD907A7165->s1: nextIndex: updateUnconditionally 1 -> 1
2022-11-01 02:15:11,779 [s1-server-thread2] INFO  server.RaftServer$Division (RaftServerImpl.java:checkInconsistentAppendEntries(1599)) - s1@group-29DD907A7165: Failed appendEntries as previous log entry ((t:2, i:0)) is not found
2022-11-01 02:15:11,779 [s1-server-thread2] INFO  server.RaftServer$Division (RaftServerImpl.java:checkInconsistentAppendEntries(1569)) - s1@group-29DD907A7165: inconsistency entries. Reply:s4<-s1#9:FAIL-t2,INCONSISTENCY,nextIndex=0,followerCommit=0,matchIndex=-1
2022-11-01 02:15:11,780 [grpc-default-executor-27] INFO  leader.FollowerInfo (FollowerInfoImpl.java:lambda$new$0(48)) - s4@group-29DD907A7165->s1: nextIndex: updateUnconditionally 1 -> 0
2022-11-01 02:15:11,782 [s1-server-thread2] DEBUG server.RaftServer$Division (RaftServerImpl.java:logAppendEntries(1418)) - s1@group-29DD907A7165: receive appendEntries(s4, 2, null, 0, true, commits:[s4:c0, s3:c0, s0:c0, s1:c0, s2:c0], cId:10, entries: [(t:2, i:0), CONFIGURATIONENTRY(current:id: "s3"
address: "localhost:46863"
dataStreamAddress: "localhost:44363"
clientAddress: "localhost:41041"
adminAddress: "localhost:41281"
startupRole: FOLLOWER
,id: "s4"
address: "localhost:36775"
dataStreamAddress: "localhost:42557"
clientAddress: "localhost:46475"
adminAddress: "localhost:35477"
startupRole: FOLLOWER
,id: "s0"
address: "localhost:33119"
dataStreamAddress: "localhost:34507"
clientAddress: "localhost:45597"
adminAddress: "localhost:42011"
startupRole: FOLLOWER
,id: "s1"
address: "localhost:43051"
dataStreamAddress: "localhost:41779"
clientAddress: "localhost:45233"
adminAddress: "localhost:41551"
startupRole: FOLLOWER
,id: "s2"
address: "localhost:41201"
dataStreamAddress: "localhost:43565"
clientAddress: "localhost:41547"
adminAddress: "localhost:41487"
startupRole: FOLLOWER
, old:)]
2022-11-01 02:15:11,782 [s1-server-thread2] INFO  server.RaftServer$Division (RaftServerImpl.java:checkInconsistentAppendEntries(1589)) - s1@group-29DD907A7165: Failed appendEntries as the first entry (index 0) already exists (snapshotIndex: -1, commitIndex: 0)
2022-11-01 02:15:11,782 [s1-server-thread2] INFO  server.RaftServer$Division (RaftServerImpl.java:checkInconsistentAppendEntries(1569)) - s1@group-29DD907A7165: inconsistency entries. Reply:s4<-s1#10:FAIL-t2,INCONSISTENCY,nextIndex=1,followerCommit=0,matchIndex=-1
2022-11-01 02:15:11,783 [grpc-default-executor-27] INFO  leader.FollowerInfo (FollowerInfoImpl.java:lambda$new$0(48)) - s4@group-29DD907A7165->s1: nextIndex: updateUnconditionally 1 -> 1
2022-11-01 02:15:11,810 [Time-limited test] INFO  ratis.RaftTestUtil (RaftTestUtil.java:waitForLeader(119)) - printing ALL groups
  s3:  RUNNING  FOLLOWER s3@group-29DD907A7165:t2, leader=s4, voted=s4, raftlog=Memoized:s3@group-29DD907A7165-SegmentedRaftLog:OPENED:c0, conf=0: peers:[s3|rpc:localhost:46863|admin:localhost:41281|client:localhost:41041|dataStream:localhost:44363|priority:0|startupRole:FOLLOWER, s4|rpc:localhost:36775|admin:localhost:35477|client:localhost:46475|dataStream:localhost:42557|priority:0|startupRole:FOLLOWER, s0|rpc:localhost:33119|admin:localhost:42011|client:localhost:45597|dataStream:localhost:34507|priority:0|startupRole:FOLLOWER, s1|rpc:localhost:43051|admin:localhost:41551|client:localhost:45233|dataStream:localhost:41779|priority:0|startupRole:FOLLOWER, s2|rpc:localhost:41201|admin:localhost:41487|client:localhost:41547|dataStream:localhost:43565|priority:0|startupRole:FOLLOWER]|listeners:[], old=null RUNNING
  s4:  RUNNING    LEADER s4@group-29DD907A7165:t2, leader=s4, voted=s4, raftlog=Memoized:s4@group-29DD907A7165-SegmentedRaftLog:OPENED:c0, conf=0: peers:[s3|rpc:localhost:46863|admin:localhost:41281|client:localhost:41041|dataStream:localhost:44363|priority:0|startupRole:FOLLOWER, s4|rpc:localhost:36775|admin:localhost:35477|client:localhost:46475|dataStream:localhost:42557|priority:0|startupRole:FOLLOWER, s0|rpc:localhost:33119|admin:localhost:42011|client:localhost:45597|dataStream:localhost:34507|priority:0|startupRole:FOLLOWER, s1|rpc:localhost:43051|admin:localhost:41551|client:localhost:45233|dataStream:localhost:41779|priority:0|startupRole:FOLLOWER, s2|rpc:localhost:41201|admin:localhost:41487|client:localhost:41547|dataStream:localhost:43565|priority:0|startupRole:FOLLOWER]|listeners:[], old=null RUNNING
  s0:  RUNNING  FOLLOWER s0@group-29DD907A7165:t2, leader=s4, voted=s4, raftlog=Memoized:s0@group-29DD907A7165-SegmentedRaftLog:OPENED:c0, conf=0: peers:[s3|rpc:localhost:46863|admin:localhost:41281|client:localhost:41041|dataStream:localhost:44363|priority:0|startupRole:FOLLOWER, s4|rpc:localhost:36775|admin:localhost:35477|client:localhost:46475|dataStream:localhost:42557|priority:0|startupRole:FOLLOWER, s0|rpc:localhost:33119|admin:localhost:42011|client:localhost:45597|dataStream:localhost:34507|priority:0|startupRole:FOLLOWER, s1|rpc:localhost:43051|admin:localhost:41551|client:localhost:45233|dataStream:localhost:41779|priority:0|startupRole:FOLLOWER, s2|rpc:localhost:41201|admin:localhost:41487|client:localhost:41547|dataStream:localhost:43565|priority:0|startupRole:FOLLOWER]|listeners:[], old=null RUNNING
  s1:  RUNNING  FOLLOWER s1@group-29DD907A7165:t2, leader=s4, voted=null, raftlog=Memoized:s1@group-29DD907A7165-SegmentedRaftLog:OPENED:c0, conf=0: peers:[s3|rpc:localhost:46863|admin:localhost:41281|client:localhost:41041|dataStream:localhost:44363|priority:0|startupRole:FOLLOWER, s4|rpc:localhost:36775|admin:localhost:35477|client:localhost:46475|dataStream:localhost:42557|priority:0|startupRole:FOLLOWER, s0|rpc:localhost:33119|admin:localhost:42011|client:localhost:45597|dataStream:localhost:34507|priority:0|startupRole:FOLLOWER, s1|rpc:localhost:43051|admin:localhost:41551|client:localhost:45233|dataStream:localhost:41779|priority:0|startupRole:FOLLOWER, s2|rpc:localhost:41201|admin:localhost:41487|client:localhost:41547|dataStream:localhost:43565|priority:0|startupRole:FOLLOWER]|listeners:[], old=null RUNNING
  s2:  RUNNING  FOLLOWER s2@group-29DD907A7165:t2, leader=s4, voted=s4, raftlog=Memoized:s2@group-29DD907A7165-SegmentedRaftLog:OPENED:c0, conf=0: peers:[s3|rpc:localhost:46863|admin:localhost:41281|client:localhost:41041|dataStream:localhost:44363|priority:0|startupRole:FOLLOWER, s4|rpc:localhost:36775|admin:localhost:35477|client:localhost:46475|dataStream:localhost:42557|priority:0|startupRole:FOLLOWER, s0|rpc:localhost:33119|admin:localhost:42011|client:localhost:45597|dataStream:localhost:34507|priority:0|startupRole:FOLLOWER, s1|rpc:localhost:43051|admin:localhost:41551|client:localhost:45233|dataStream:localhost:41779|priority:0|startupRole:FOLLOWER, s2|rpc:localhost:41201|admin:localhost:41487|client:localhost:41547|dataStream:localhost:43565|priority:0|startupRole:FOLLOWER]|listeners:[], old=null RUNNING
2022-11-01 02:15:11,810 [Time-limited test] INFO  grpc.TestLeaderElectionWithGrpc (LeaderElectionTests.java:testEnforceLeader(278)) - firstLeader = s4
2022-11-01 02:15:11,811 [Time-limited test] INFO  grpc.TestLeaderElectionWithGrpc (LeaderElectionTests.java:testEnforceLeader(283)) - enforce leader to s1
2022-11-01 02:15:11,811 [Time-limited test] INFO  grpc.TestLeaderElectionWithGrpc (LeaderElectionTests.java:enforceLeader(289)) - printing ALL groups
  s3:  RUNNING  FOLLOWER s3@group-29DD907A7165:t2, leader=s4, voted=s4, raftlog=Memoized:s3@group-29DD907A7165-SegmentedRaftLog:OPENED:c0, conf=0: peers:[s3|rpc:localhost:46863|admin:localhost:41281|client:localhost:41041|dataStream:localhost:44363|priority:0|startupRole:FOLLOWER, s4|rpc:localhost:36775|admin:localhost:35477|client:localhost:46475|dataStream:localhost:42557|priority:0|startupRole:FOLLOWER, s0|rpc:localhost:33119|admin:localhost:42011|client:localhost:45597|dataStream:localhost:34507|priority:0|startupRole:FOLLOWER, s1|rpc:localhost:43051|admin:localhost:41551|client:localhost:45233|dataStream:localhost:41779|priority:0|startupRole:FOLLOWER, s2|rpc:localhost:41201|admin:localhost:41487|client:localhost:41547|dataStream:localhost:43565|priority:0|startupRole:FOLLOWER]|listeners:[], old=null RUNNING
  s4:  RUNNING    LEADER s4@group-29DD907A7165:t2, leader=s4, voted=s4, raftlog=Memoized:s4@group-29DD907A7165-SegmentedRaftLog:OPENED:c0, conf=0: peers:[s3|rpc:localhost:46863|admin:localhost:41281|client:localhost:41041|dataStream:localhost:44363|priority:0|startupRole:FOLLOWER, s4|rpc:localhost:36775|admin:localhost:35477|client:localhost:46475|dataStream:localhost:42557|priority:0|startupRole:FOLLOWER, s0|rpc:localhost:33119|admin:localhost:42011|client:localhost:45597|dataStream:localhost:34507|priority:0|startupRole:FOLLOWER, s1|rpc:localhost:43051|admin:localhost:41551|client:localhost:45233|dataStream:localhost:41779|priority:0|startupRole:FOLLOWER, s2|rpc:localhost:41201|admin:localhost:41487|client:localhost:41547|dataStream:localhost:43565|priority:0|startupRole:FOLLOWER]|listeners:[], old=null RUNNING
  s0:  RUNNING  FOLLOWER s0@group-29DD907A7165:t2, leader=s4, voted=s4, raftlog=Memoized:s0@group-29DD907A7165-SegmentedRaftLog:OPENED:c0, conf=0: peers:[s3|rpc:localhost:46863|admin:localhost:41281|client:localhost:41041|dataStream:localhost:44363|priority:0|startupRole:FOLLOWER, s4|rpc:localhost:36775|admin:localhost:35477|client:localhost:46475|dataStream:localhost:42557|priority:0|startupRole:FOLLOWER, s0|rpc:localhost:33119|admin:localhost:42011|client:localhost:45597|dataStream:localhost:34507|priority:0|startupRole:FOLLOWER, s1|rpc:localhost:43051|admin:localhost:41551|client:localhost:45233|dataStream:localhost:41779|priority:0|startupRole:FOLLOWER, s2|rpc:localhost:41201|admin:localhost:41487|client:localhost:41547|dataStream:localhost:43565|priority:0|startupRole:FOLLOWER]|listeners:[], old=null RUNNING
  s1:  RUNNING  FOLLOWER s1@group-29DD907A7165:t2, leader=s4, voted=null, raftlog=Memoized:s1@group-29DD907A7165-SegmentedRaftLog:OPENED:c0, conf=0: peers:[s3|rpc:localhost:46863|admin:localhost:41281|client:localhost:41041|dataStream:localhost:44363|priority:0|startupRole:FOLLOWER, s4|rpc:localhost:36775|admin:localhost:35477|client:localhost:46475|dataStream:localhost:42557|priority:0|startupRole:FOLLOWER, s0|rpc:localhost:33119|admin:localhost:42011|client:localhost:45597|dataStream:localhost:34507|priority:0|startupRole:FOLLOWER, s1|rpc:localhost:43051|admin:localhost:41551|client:localhost:45233|dataStream:localhost:41779|priority:0|startupRole:FOLLOWER, s2|rpc:localhost:41201|admin:localhost:41487|client:localhost:41547|dataStream:localhost:43565|priority:0|startupRole:FOLLOWER]|listeners:[], old=null RUNNING
  s2:  RUNNING  FOLLOWER s2@group-29DD907A7165:t2, leader=s4, voted=s4, raftlog=Memoized:s2@group-29DD907A7165-SegmentedRaftLog:OPENED:c0, conf=0: peers:[s3|rpc:localhost:46863|admin:localhost:41281|client:localhost:41041|dataStream:localhost:44363|priority:0|startupRole:FOLLOWER, s4|rpc:localhost:36775|admin:localhost:35477|client:localhost:46475|dataStream:localhost:42557|priority:0|startupRole:FOLLOWER, s0|rpc:localhost:33119|admin:localhost:42011|client:localhost:45597|dataStream:localhost:34507|priority:0|startupRole:FOLLOWER, s1|rpc:localhost:43051|admin:localhost:41551|client:localhost:45233|dataStream:localhost:41779|priority:0|startupRole:FOLLOWER, s2|rpc:localhost:41201|admin:localhost:41487|client:localhost:41547|dataStream:localhost:43565|priority:0|startupRole:FOLLOWER]|listeners:[], old=null RUNNING
2022-11-01 02:15:11,812 [Time-limited test] INFO  server.RaftServerConfigKeys (ConfUtils.java:logGet(46)) - raft.server.rpc.timeout.max = 300ms (default)
2022-11-01 02:15:11,857 [s4@group-29DD907A7165->s3-GrpcLogAppender-LogAppenderDaemon] INFO  util.CodeInjectionForTesting (DelayLocalExecutionInjection.java:execute(65)) - s4 delay 150 ms, args=[serverRequest {
  requestorId: "s4"
  replyId: "s3"
  raftGroupId {
    id: "\306I{yg\341A\222\264\356)\335\220zqe"
  }
  callId: 11
  slidingWindowEntry {
  }
}
leaderTerm: 2
previousLog {
  term: 2
}
initializing: true
commitInfos {
  server {
    id: "s4"
    address: "localhost:36775"
    dataStreamAddress: "localhost:42557"
    clientAddress: "localhost:46475"
    adminAddress: "localhost:35477"
    startupRole: FOLLOWER
  }
}
commitInfos {
  server {
    id: "s3"
    address: "localhost:46863"
    dataStreamAddress: "localhost:44363"
    clientAddress: "localhost:41041"
    adminAddress: "localhost:41281"
    startupRole: FOLLOWER
  }
}
commitInfos {
  server {
    id: "s0"
    address: "localhost:33119"
    dataStreamAddress: "localhost:34507"
    clientAddress: "localhost:45597"
    adminAddress: "localhost:42011"
    startupRole: FOLLOWER
  }
}
commitInfos {
  server {
    id: "s1"
    address: "localhost:43051"
    dataStreamAddress: "localhost:41779"
    clientAddress: "localhost:45233"
    adminAddress: "localhost:41551"
    startupRole: FOLLOWER
  }
}
commitInfos {
  server {
    id: "s2"
    address: "localhost:41201"
    dataStreamAddress: "localhost:43565"
    clientAddress: "localhost:41547"
    adminAddress: "localhost:41487"
    startupRole: FOLLOWER
  }
}
]
2022-11-01 02:15:11,859 [s4@group-29DD907A7165->s1-GrpcLogAppender-LogAppenderDaemon] INFO  util.CodeInjectionForTesting (DelayLocalExecutionInjection.java:execute(65)) - s4 delay 150 ms, args=[serverRequest {
  requestorId: "s4"
  replyId: "s1"
  raftGroupId {
    id: "\306I{yg\341A\222\264\356)\335\220zqe"
  }
  callId: 11
  slidingWindowEntry {
  }
}
leaderTerm: 2
previousLog {
  term: 2
}
initializing: true
commitInfos {
  server {
    id: "s4"
    address: "localhost:36775"
    dataStreamAddress: "localhost:42557"
    clientAddress: "localhost:46475"
    adminAddress: "localhost:35477"
    startupRole: FOLLOWER
  }
}
commitInfos {
  server {
    id: "s3"
    address: "localhost:46863"
    dataStreamAddress: "localhost:44363"
    clientAddress: "localhost:41041"
    adminAddress: "localhost:41281"
    startupRole: FOLLOWER
  }
}
commitInfos {
  server {
    id: "s0"
    address: "localhost:33119"
    dataStreamAddress: "localhost:34507"
    clientAddress: "localhost:45597"
    adminAddress: "localhost:42011"
    startupRole: FOLLOWER
  }
}
commitInfos {
  server {
    id: "s1"
    address: "localhost:43051"
    dataStreamAddress: "localhost:41779"
    clientAddress: "localhost:45233"
    adminAddress: "localhost:41551"
    startupRole: FOLLOWER
  }
}
commitInfos {
  server {
    id: "s2"
    address: "localhost:41201"
    dataStreamAddress: "localhost:43565"
    clientAddress: "localhost:41547"
    adminAddress: "localhost:41487"
    startupRole: FOLLOWER
  }
}
]
2022-11-01 02:15:11,862 [s4@group-29DD907A7165->s2-GrpcLogAppender-LogAppenderDaemon] INFO  util.CodeInjectionForTesting (DelayLocalExecutionInjection.java:execute(65)) - s4 delay 150 ms, args=[serverRequest {
  requestorId: "s4"
  replyId: "s2"
  raftGroupId {
    id: "\306I{yg\341A\222\264\356)\335\220zqe"
  }
  callId: 7
  slidingWindowEntry {
  }
}
leaderTerm: 2
previousLog {
  term: 2
}
initializing: true
commitInfos {
  server {
    id: "s4"
    address: "localhost:36775"
    dataStreamAddress: "localhost:42557"
    clientAddress: "localhost:46475"
    adminAddress: "localhost:35477"
    startupRole: FOLLOWER
  }
}
commitInfos {
  server {
    id: "s3"
    address: "localhost:46863"
    dataStreamAddress: "localhost:44363"
    clientAddress: "localhost:41041"
    adminAddress: "localhost:41281"
    startupRole: FOLLOWER
  }
}
commitInfos {
  server {
    id: "s0"
    address: "localhost:33119"
    dataStreamAddress: "localhost:34507"
    clientAddress: "localhost:45597"
    adminAddress: "localhost:42011"
    startupRole: FOLLOWER
  }
}
commitInfos {
  server {
    id: "s1"
    address: "localhost:43051"
    dataStreamAddress: "localhost:41779"
    clientAddress: "localhost:45233"
    adminAddress: "localhost:41551"
    startupRole: FOLLOWER
  }
}
commitInfos {
  server {
    id: "s2"
    address: "localhost:41201"
    dataStreamAddress: "localhost:43565"
    clientAddress: "localhost:41547"
    adminAddress: "localhost:41487"
    startupRole: FOLLOWER
  }
}
]
2022-11-01 02:15:11,862 [s4@group-29DD907A7165->s0-GrpcLogAppender-LogAppenderDaemon] INFO  util.CodeInjectionForTesting (DelayLocalExecutionInjection.java:execute(65)) - s4 delay 150 ms, args=[serverRequest {
  requestorId: "s4"
  replyId: "s0"
  raftGroupId {
    id: "\306I{yg\341A\222\264\356)\335\220zqe"
  }
  callId: 21
  slidingWindowEntry {
  }
}
leaderTerm: 2
previousLog {
  term: 2
}
initializing: true
commitInfos {
  server {
    id: "s4"
    address: "localhost:36775"
    dataStreamAddress: "localhost:42557"
    clientAddress: "localhost:46475"
    adminAddress: "localhost:35477"
    startupRole: FOLLOWER
  }
}
commitInfos {
  server {
    id: "s3"
    address: "localhost:46863"
    dataStreamAddress: "localhost:44363"
    clientAddress: "localhost:41041"
    adminAddress: "localhost:41281"
    startupRole: FOLLOWER
  }
}
commitInfos {
  server {
    id: "s0"
    address: "localhost:33119"
    dataStreamAddress: "localhost:34507"
    clientAddress: "localhost:45597"
    adminAddress: "localhost:42011"
    startupRole: FOLLOWER
  }
}
commitInfos {
  server {
    id: "s1"
    address: "localhost:43051"
    dataStreamAddress: "localhost:41779"
    clientAddress: "localhost:45233"
    adminAddress: "localhost:41551"
    startupRole: FOLLOWER
  }
}
commitInfos {
  server {
    id: "s2"
    address: "localhost:41201"
    dataStreamAddress: "localhost:43565"
    clientAddress: "localhost:41547"
    adminAddress: "localhost:41487"
    startupRole: FOLLOWER
  }
}
]
2022-11-01 02:15:12,012 [s1-server-thread2] INFO  util.CodeInjectionForTesting (BlockRequestHandlingInjection.java:execute(77)) - s1: Block request from s4
2022-11-01 02:15:12,051 [s4@group-29DD907A7165->s1-GrpcLogAppender-LogAppenderDaemon] INFO  util.CodeInjectionForTesting (DelayLocalExecutionInjection.java:execute(65)) - s4 delay 150 ms, args=[serverRequest {
  requestorId: "s4"
  replyId: "s1"
  raftGroupId {
    id: "\306I{yg\341A\222\264\356)\335\220zqe"
  }
  callId: 12
  slidingWindowEntry {
  }
}
leaderTerm: 2
previousLog {
  term: 2
}
initializing: true
commitInfos {
  server {
    id: "s4"
    address: "localhost:36775"
    dataStreamAddress: "localhost:42557"
    clientAddress: "localhost:46475"
    adminAddress: "localhost:35477"
    startupRole: FOLLOWER
  }
}
commitInfos {
  server {
    id: "s3"
    address: "localhost:46863"
    dataStreamAddress: "localhost:44363"
    clientAddress: "localhost:41041"
    adminAddress: "localhost:41281"
    startupRole: FOLLOWER
  }
}
commitInfos {
  server {
    id: "s0"
    address: "localhost:33119"
    dataStreamAddress: "localhost:34507"
    clientAddress: "localhost:45597"
    adminAddress: "localhost:42011"
    startupRole: FOLLOWER
  }
}
commitInfos {
  server {
    id: "s1"
    address: "localhost:43051"
    dataStreamAddress: "localhost:41779"
    clientAddress: "localhost:45233"
    adminAddress: "localhost:41551"
    startupRole: FOLLOWER
  }
}
commitInfos {
  server {
    id: "s2"
    address: "localhost:41201"
    dataStreamAddress: "localhost:43565"
    clientAddress: "localhost:41547"
    adminAddress: "localhost:41487"
    startupRole: FOLLOWER
  }
}
]
2022-11-01 02:15:12,076 [s1@group-29DD907A7165-FollowerState] INFO  impl.FollowerState (FollowerState.java:run(143)) - s1@group-29DD907A7165-FollowerState: change to CANDIDATE, lastRpcElapsedTime:293190457ns, electionTimeout:260ms
2022-11-01 02:15:12,076 [s1@group-29DD907A7165-FollowerState] INFO  impl.RoleInfo (RoleInfo.java:shutdownFollowerState(110)) - s1: shutdown s1@group-29DD907A7165-FollowerState
2022-11-01 02:15:12,076 [s1@group-29DD907A7165-FollowerState] INFO  server.RaftServer$Division (RaftServerImpl.java:setRole(325)) - s1@group-29DD907A7165: changes role from  FOLLOWER to CANDIDATE at term 2 for changeToCandidate
2022-11-01 02:15:12,076 [s1@group-29DD907A7165-FollowerState] INFO  server.RaftServerConfigKeys (ConfUtils.java:logGet(46)) - raft.server.leaderelection.pre-vote = true (default)
2022-11-01 02:15:12,076 [s1@group-29DD907A7165-FollowerState] INFO  impl.RoleInfo (RoleInfo.java:updateAndGet(139)) - s1: start s1@group-29DD907A7165-LeaderElection8
2022-11-01 02:15:12,082 [s1@group-29DD907A7165-LeaderElection8] INFO  server.RaftServer$Division (ServerState.java:setLeader(259)) - s1@group-29DD907A7165: change Leader from s4 to null at term 2 for PRE_VOTE
2022-11-01 02:15:12,082 [s1@group-29DD907A7165-LeaderElection8] INFO  impl.LeaderElection (LeaderElection.java:askForVotes(309)) - s1@group-29DD907A7165-LeaderElection8 PRE_VOTE round 0: submit vote requests at term 2 for 0: peers:[s3|rpc:localhost:46863|admin:localhost:41281|client:localhost:41041|dataStream:localhost:44363|priority:0|startupRole:FOLLOWER, s4|rpc:localhost:36775|admin:localhost:35477|client:localhost:46475|dataStream:localhost:42557|priority:0|startupRole:FOLLOWER, s0|rpc:localhost:33119|admin:localhost:42011|client:localhost:45597|dataStream:localhost:34507|priority:0|startupRole:FOLLOWER, s1|rpc:localhost:43051|admin:localhost:41551|client:localhost:45233|dataStream:localhost:41779|priority:0|startupRole:FOLLOWER, s2|rpc:localhost:41201|admin:localhost:41487|client:localhost:41547|dataStream:localhost:43565|priority:0|startupRole:FOLLOWER]|listeners:[], old=null
2022-11-01 02:15:12,087 [grpc-default-executor-29] INFO  server.RaftServer$Division (RaftServerImpl.java:requestVote(1291)) - s0@group-29DD907A7165: receive requestVote(PRE_VOTE, s1, group-29DD907A7165, 2, (t:1, i:0))
2022-11-01 02:15:12,087 [grpc-default-executor-29] INFO  impl.VoteContext (VoteContext.java:log(49)) - s0@group-29DD907A7165-FOLLOWER: reject PRE_VOTE from s1: this server is a follower and still has a valid leader s4
2022-11-01 02:15:12,087 [grpc-default-executor-29] INFO  server.RaftServer$Division (RaftServerImpl.java:requestVote(1324)) - s0@group-29DD907A7165 replies to PRE_VOTE vote request: s1<-s0#0:FAIL-t2. Peer's state: s0@group-29DD907A7165:t2, leader=s4, voted=s4, raftlog=Memoized:s0@group-29DD907A7165-SegmentedRaftLog:OPENED:c0, conf=0: peers:[s3|rpc:localhost:46863|admin:localhost:41281|client:localhost:41041|dataStream:localhost:44363|priority:0|startupRole:FOLLOWER, s4|rpc:localhost:36775|admin:localhost:35477|client:localhost:46475|dataStream:localhost:42557|priority:0|startupRole:FOLLOWER, s0|rpc:localhost:33119|admin:localhost:42011|client:localhost:45597|dataStream:localhost:34507|priority:0|startupRole:FOLLOWER, s1|rpc:localhost:43051|admin:localhost:41551|client:localhost:45233|dataStream:localhost:41779|priority:0|startupRole:FOLLOWER, s2|rpc:localhost:41201|admin:localhost:41487|client:localhost:41547|dataStream:localhost:43565|priority:0|startupRole:FOLLOWER]|listeners:[], old=null
2022-11-01 02:15:12,088 [grpc-default-executor-2] INFO  server.RaftServer$Division (RaftServerImpl.java:requestVote(1291)) - s3@group-29DD907A7165: receive requestVote(PRE_VOTE, s1, group-29DD907A7165, 2, (t:1, i:0))
2022-11-01 02:15:12,088 [grpc-default-executor-2] INFO  impl.VoteContext (VoteContext.java:log(49)) - s3@group-29DD907A7165-FOLLOWER: reject PRE_VOTE from s1: this server is a follower and still has a valid leader s4
2022-11-01 02:15:12,088 [grpc-default-executor-2] INFO  server.RaftServer$Division (RaftServerImpl.java:requestVote(1324)) - s3@group-29DD907A7165 replies to PRE_VOTE vote request: s1<-s3#0:FAIL-t2. Peer's state: s3@group-29DD907A7165:t2, leader=s4, voted=s4, raftlog=Memoized:s3@group-29DD907A7165-SegmentedRaftLog:OPENED:c0, conf=0: peers:[s3|rpc:localhost:46863|admin:localhost:41281|client:localhost:41041|dataStream:localhost:44363|priority:0|startupRole:FOLLOWER, s4|rpc:localhost:36775|admin:localhost:35477|client:localhost:46475|dataStream:localhost:42557|priority:0|startupRole:FOLLOWER, s0|rpc:localhost:33119|admin:localhost:42011|client:localhost:45597|dataStream:localhost:34507|priority:0|startupRole:FOLLOWER, s1|rpc:localhost:43051|admin:localhost:41551|client:localhost:45233|dataStream:localhost:41779|priority:0|startupRole:FOLLOWER, s2|rpc:localhost:41201|admin:localhost:41487|client:localhost:41547|dataStream:localhost:43565|priority:0|startupRole:FOLLOWER]|listeners:[], old=null
2022-11-01 02:15:12,087 [grpc-default-executor-20] INFO  server.RaftServer$Division (RaftServerImpl.java:requestVote(1291)) - s4@group-29DD907A7165: receive requestVote(PRE_VOTE, s1, group-29DD907A7165, 2, (t:1, i:0))
2022-11-01 02:15:12,088 [grpc-default-executor-20] INFO  impl.VoteContext (VoteContext.java:log(49)) - s4@group-29DD907A7165-LEADER: reject PRE_VOTE from s1: this server is the leader and still has leadership
2022-11-01 02:15:12,088 [grpc-default-executor-20] INFO  server.RaftServer$Division (RaftServerImpl.java:requestVote(1324)) - s4@group-29DD907A7165 replies to PRE_VOTE vote request: s1<-s4#0:FAIL-t2. Peer's state: s4@group-29DD907A7165:t2, leader=s4, voted=s4, raftlog=Memoized:s4@group-29DD907A7165-SegmentedRaftLog:OPENED:c0, conf=0: peers:[s3|rpc:localhost:46863|admin:localhost:41281|client:localhost:41041|dataStream:localhost:44363|priority:0|startupRole:FOLLOWER, s4|rpc:localhost:36775|admin:localhost:35477|client:localhost:46475|dataStream:localhost:42557|priority:0|startupRole:FOLLOWER, s0|rpc:localhost:33119|admin:localhost:42011|client:localhost:45597|dataStream:localhost:34507|priority:0|startupRole:FOLLOWER, s1|rpc:localhost:43051|admin:localhost:41551|client:localhost:45233|dataStream:localhost:41779|priority:0|startupRole:FOLLOWER, s2|rpc:localhost:41201|admin:localhost:41487|client:localhost:41547|dataStream:localhost:43565|priority:0|startupRole:FOLLOWER]|listeners:[], old=null
2022-11-01 02:15:12,091 [s4@group-29DD907A7165->s3-GrpcLogAppender-LogAppenderDaemon] INFO  util.CodeInjectionForTesting (DelayLocalExecutionInjection.java:execute(65)) - s4 delay 150 ms, args=[serverRequest {
  requestorId: "s4"
  replyId: "s3"
  raftGroupId {
    id: "\306I{yg\341A\222\264\356)\335\220zqe"
  }
  callId: 12
  slidingWindowEntry {
  }
}
leaderTerm: 2
previousLog {
  term: 2
}
initializing: true
commitInfos {
  server {
    id: "s4"
    address: "localhost:36775"
    dataStreamAddress: "localhost:42557"
    clientAddress: "localhost:46475"
    adminAddress: "localhost:35477"
    startupRole: FOLLOWER
  }
}
commitInfos {
  server {
    id: "s3"
    address: "localhost:46863"
    dataStreamAddress: "localhost:44363"
    clientAddress: "localhost:41041"
    adminAddress: "localhost:41281"
    startupRole: FOLLOWER
  }
}
commitInfos {
  server {
    id: "s0"
    address: "localhost:33119"
    dataStreamAddress: "localhost:34507"
    clientAddress: "localhost:45597"
    adminAddress: "localhost:42011"
    startupRole: FOLLOWER
  }
}
commitInfos {
  server {
    id: "s1"
    address: "localhost:43051"
    dataStreamAddress: "localhost:41779"
    clientAddress: "localhost:45233"
    adminAddress: "localhost:41551"
    startupRole: FOLLOWER
  }
}
commitInfos {
  server {
    id: "s2"
    address: "localhost:41201"
    dataStreamAddress: "localhost:43565"
    clientAddress: "localhost:41547"
    adminAddress: "localhost:41487"
    startupRole: FOLLOWER
  }
}
]
2022-11-01 02:15:12,091 [s4@group-29DD907A7165->s2-GrpcLogAppender-LogAppenderDaemon] INFO  util.CodeInjectionForTesting (DelayLocalExecutionInjection.java:execute(65)) - s4 delay 150 ms, args=[serverRequest {
  requestorId: "s4"
  replyId: "s2"
  raftGroupId {
    id: "\306I{yg\341A\222\264\356)\335\220zqe"
  }
  callId: 8
  slidingWindowEntry {
  }
}
leaderTerm: 2
previousLog {
  term: 2
}
initializing: true
commitInfos {
  server {
    id: "s4"
    address: "localhost:36775"
    dataStreamAddress: "localhost:42557"
    clientAddress: "localhost:46475"
    adminAddress: "localhost:35477"
    startupRole: FOLLOWER
  }
}
commitInfos {
  server {
    id: "s3"
    address: "localhost:46863"
    dataStreamAddress: "localhost:44363"
    clientAddress: "localhost:41041"
    adminAddress: "localhost:41281"
    startupRole: FOLLOWER
  }
}
commitInfos {
  server {
    id: "s0"
    address: "localhost:33119"
    dataStreamAddress: "localhost:34507"
    clientAddress: "localhost:45597"
    adminAddress: "localhost:42011"
    startupRole: FOLLOWER
  }
}
commitInfos {
  server {
    id: "s1"
    address: "localhost:43051"
    dataStreamAddress: "localhost:41779"
    clientAddress: "localhost:45233"
    adminAddress: "localhost:41551"
    startupRole: FOLLOWER
  }
}
commitInfos {
  server {
    id: "s2"
    address: "localhost:41201"
    dataStreamAddress: "localhost:43565"
    clientAddress: "localhost:41547"
    adminAddress: "localhost:41487"
    startupRole: FOLLOWER
  }
}
]
2022-11-01 02:15:12,092 [grpc-default-executor-29] INFO  server.RaftServer$Division (RaftServerImpl.java:requestVote(1291)) - s2@group-29DD907A7165: receive requestVote(PRE_VOTE, s1, group-29DD907A7165, 2, (t:1, i:0))
2022-11-01 02:15:12,092 [grpc-default-executor-29] INFO  impl.VoteContext (VoteContext.java:log(49)) - s2@group-29DD907A7165-FOLLOWER: reject PRE_VOTE from s1: this server is a follower and still has a valid leader s4
2022-11-01 02:15:12,092 [grpc-default-executor-29] INFO  server.RaftServer$Division (RaftServerImpl.java:requestVote(1324)) - s2@group-29DD907A7165 replies to PRE_VOTE vote request: s1<-s2#0:FAIL-t2. Peer's state: s2@group-29DD907A7165:t2, leader=s4, voted=s4, raftlog=Memoized:s2@group-29DD907A7165-SegmentedRaftLog:OPENED:c0, conf=0: peers:[s3|rpc:localhost:46863|admin:localhost:41281|client:localhost:41041|dataStream:localhost:44363|priority:0|startupRole:FOLLOWER, s4|rpc:localhost:36775|admin:localhost:35477|client:localhost:46475|dataStream:localhost:42557|priority:0|startupRole:FOLLOWER, s0|rpc:localhost:33119|admin:localhost:42011|client:localhost:45597|dataStream:localhost:34507|priority:0|startupRole:FOLLOWER, s1|rpc:localhost:43051|admin:localhost:41551|client:localhost:45233|dataStream:localhost:41779|priority:0|startupRole:FOLLOWER, s2|rpc:localhost:41201|admin:localhost:41487|client:localhost:41547|dataStream:localhost:43565|priority:0|startupRole:FOLLOWER]|listeners:[], old=null
2022-11-01 02:15:12,094 [s4@group-29DD907A7165->s0-GrpcLogAppender-LogAppenderDaemon] INFO  util.CodeInjectionForTesting (DelayLocalExecutionInjection.java:execute(65)) - s4 delay 150 ms, args=[serverRequest {
  requestorId: "s4"
  replyId: "s0"
  raftGroupId {
    id: "\306I{yg\341A\222\264\356)\335\220zqe"
  }
  callId: 22
  slidingWindowEntry {
  }
}
leaderTerm: 2
previousLog {
  term: 2
}
initializing: true
commitInfos {
  server {
    id: "s4"
    address: "localhost:36775"
    dataStreamAddress: "localhost:42557"
    clientAddress: "localhost:46475"
    adminAddress: "localhost:35477"
    startupRole: FOLLOWER
  }
}
commitInfos {
  server {
    id: "s3"
    address: "localhost:46863"
    dataStreamAddress: "localhost:44363"
    clientAddress: "localhost:41041"
    adminAddress: "localhost:41281"
    startupRole: FOLLOWER
  }
}
commitInfos {
  server {
    id: "s0"
    address: "localhost:33119"
    dataStreamAddress: "localhost:34507"
    clientAddress: "localhost:45597"
    adminAddress: "localhost:42011"
    startupRole: FOLLOWER
  }
}
commitInfos {
  server {
    id: "s1"
    address: "localhost:43051"
    dataStreamAddress: "localhost:41779"
    clientAddress: "localhost:45233"
    adminAddress: "localhost:41551"
    startupRole: FOLLOWER
  }
}
commitInfos {
  server {
    id: "s2"
    address: "localhost:41201"
    dataStreamAddress: "localhost:43565"
    clientAddress: "localhost:41547"
    adminAddress: "localhost:41487"
    startupRole: FOLLOWER
  }
}
]
2022-11-01 02:15:12,095 [s1@group-29DD907A7165-LeaderElection8] INFO  impl.LeaderElection (LeaderElection.java:logAndReturn(89)) - s1@group-29DD907A7165-LeaderElection8: PRE_VOTE REJECTED received 3 response(s) and 0 exception(s):
2022-11-01 02:15:12,095 [s1@group-29DD907A7165-LeaderElection8] INFO  impl.LeaderElection (LeaderElection.java:logAndReturn(93)) -   Response 0: s1<-s3#0:FAIL-t2
2022-11-01 02:15:12,095 [s1@group-29DD907A7165-LeaderElection8] INFO  impl.LeaderElection (LeaderElection.java:logAndReturn(93)) -   Response 1: s1<-s4#0:FAIL-t2
2022-11-01 02:15:12,095 [s1@group-29DD907A7165-LeaderElection8] INFO  impl.LeaderElection (LeaderElection.java:logAndReturn(93)) -   Response 2: s1<-s0#0:FAIL-t2
2022-11-01 02:15:12,095 [s1@group-29DD907A7165-LeaderElection8] INFO  impl.LeaderElection (LeaderElection.java:askForVotes(311)) - s1@group-29DD907A7165-LeaderElection8 PRE_VOTE round 0: result REJECTED
2022-11-01 02:15:12,095 [s1@group-29DD907A7165-LeaderElection8] INFO  server.RaftServer$Division (RaftServerImpl.java:setRole(325)) - s1@group-29DD907A7165: changes role from CANDIDATE to FOLLOWER at term 2 for REJECTED
2022-11-01 02:15:12,095 [s1@group-29DD907A7165-LeaderElection8] INFO  impl.RoleInfo (RoleInfo.java:shutdownLeaderElection(130)) - s1: shutdown s1@group-29DD907A7165-LeaderElection8
2022-11-01 02:15:12,095 [s1@group-29DD907A7165-LeaderElection8] INFO  impl.RoleInfo (RoleInfo.java:updateAndGet(139)) - s1: start s1@group-29DD907A7165-FollowerState
2022-11-01 02:15:12,169 [s3@group-29DD907A7165-FollowerState] INFO  impl.FollowerState (FollowerState.java:run(143)) - s3@group-29DD907A7165-FollowerState: change to CANDIDATE, lastRpcElapsedTime:157295320ns, electionTimeout:153ms
2022-11-01 02:15:12,169 [s3@group-29DD907A7165-FollowerState] INFO  impl.RoleInfo (RoleInfo.java:shutdownFollowerState(110)) - s3: shutdown s3@group-29DD907A7165-FollowerState
2022-11-01 02:15:12,169 [s3@group-29DD907A7165-FollowerState] INFO  server.RaftServer$Division (RaftServerImpl.java:setRole(325)) - s3@group-29DD907A7165: changes role from  FOLLOWER to CANDIDATE at term 2 for changeToCandidate
2022-11-01 02:15:12,170 [s3@group-29DD907A7165-FollowerState] INFO  server.RaftServerConfigKeys (ConfUtils.java:logGet(46)) - raft.server.leaderelection.pre-vote = true (default)
2022-11-01 02:15:12,170 [s3@group-29DD907A7165-FollowerState] INFO  impl.RoleInfo (RoleInfo.java:updateAndGet(139)) - s3: start s3@group-29DD907A7165-LeaderElection9
2022-11-01 02:15:12,173 [s3@group-29DD907A7165-LeaderElection9] INFO  server.RaftServer$Division (ServerState.java:setLeader(259)) - s3@group-29DD907A7165: change Leader from s4 to null at term 2 for PRE_VOTE
2022-11-01 02:15:12,173 [s3@group-29DD907A7165-LeaderElection9] INFO  impl.LeaderElection (LeaderElection.java:askForVotes(309)) - s3@group-29DD907A7165-LeaderElection9 PRE_VOTE round 0: submit vote requests at term 2 for 0: peers:[s3|rpc:localhost:46863|admin:localhost:41281|client:localhost:41041|dataStream:localhost:44363|priority:0|startupRole:FOLLOWER, s4|rpc:localhost:36775|admin:localhost:35477|client:localhost:46475|dataStream:localhost:42557|priority:0|startupRole:FOLLOWER, s0|rpc:localhost:33119|admin:localhost:42011|client:localhost:45597|dataStream:localhost:34507|priority:0|startupRole:FOLLOWER, s1|rpc:localhost:43051|admin:localhost:41551|client:localhost:45233|dataStream:localhost:41779|priority:0|startupRole:FOLLOWER, s2|rpc:localhost:41201|admin:localhost:41487|client:localhost:41547|dataStream:localhost:43565|priority:0|startupRole:FOLLOWER]|listeners:[], old=null
2022-11-01 02:15:12,177 [s3@group-29DD907A7165-LeaderElection9-1] INFO  util.CodeInjectionForTesting (DelayLocalExecutionInjection.java:execute(65)) - s3 delay 150 ms, args=[serverRequest {
  requestorId: "s3"
  replyId: "s4"
  raftGroupId {
    id: "\306I{yg\341A\222\264\356)\335\220zqe"
  }
  slidingWindowEntry {
  }
}
candidateTerm: 2
candidateLastEntry {
  term: 2
}
preVote: true
]
2022-11-01 02:15:12,178 [s3@group-29DD907A7165-LeaderElection9-4] INFO  util.CodeInjectionForTesting (DelayLocalExecutionInjection.java:execute(65)) - s3 delay 150 ms, args=[serverRequest {
  requestorId: "s3"
  replyId: "s2"
  raftGroupId {
    id: "\306I{yg\341A\222\264\356)\335\220zqe"
  }
  slidingWindowEntry {
  }
}
candidateTerm: 2
candidateLastEntry {
  term: 2
}
preVote: true
]
2022-11-01 02:15:12,178 [s3@group-29DD907A7165-LeaderElection9-2] INFO  util.CodeInjectionForTesting (DelayLocalExecutionInjection.java:execute(65)) - s3 delay 150 ms, args=[serverRequest {
  requestorId: "s3"
  replyId: "s0"
  raftGroupId {
    id: "\306I{yg\341A\222\264\356)\335\220zqe"
  }
  slidingWindowEntry {
  }
}
candidateTerm: 2
candidateLastEntry {
  term: 2
}
preVote: true
]
2022-11-01 02:15:12,178 [s3@group-29DD907A7165-LeaderElection9-3] INFO  util.CodeInjectionForTesting (DelayLocalExecutionInjection.java:execute(65)) - s3 delay 150 ms, args=[serverRequest {
  requestorId: "s3"
  replyId: "s1"
  raftGroupId {
    id: "\306I{yg\341A\222\264\356)\335\220zqe"
  }
  slidingWindowEntry {
  }
}
candidateTerm: 2
candidateLastEntry {
  term: 2
}
preVote: true
]
2022-11-01 02:15:12,196 [s2@group-29DD907A7165-FollowerState] INFO  impl.FollowerState (FollowerState.java:run(143)) - s2@group-29DD907A7165-FollowerState: change to CANDIDATE, lastRpcElapsedTime:182428592ns, electionTimeout:157ms
2022-11-01 02:15:12,196 [s2@group-29DD907A7165-FollowerState] INFO  impl.RoleInfo (RoleInfo.java:shutdownFollowerState(110)) - s2: shutdown s2@group-29DD907A7165-FollowerState
2022-11-01 02:15:12,196 [s2@group-29DD907A7165-FollowerState] INFO  server.RaftServer$Division (RaftServerImpl.java:setRole(325)) - s2@group-29DD907A7165: changes role from  FOLLOWER to CANDIDATE at term 2 for changeToCandidate
2022-11-01 02:15:12,196 [s2@group-29DD907A7165-FollowerState] INFO  server.RaftServerConfigKeys (ConfUtils.java:logGet(46)) - raft.server.leaderelection.pre-vote = true (default)
2022-11-01 02:15:12,197 [s2@group-29DD907A7165-FollowerState] INFO  impl.RoleInfo (RoleInfo.java:updateAndGet(139)) - s2: start s2@group-29DD907A7165-LeaderElection10
2022-11-01 02:15:12,197 [s2@group-29DD907A7165-LeaderElection10] INFO  server.RaftServer$Division (ServerState.java:setLeader(259)) - s2@group-29DD907A7165: change Leader from s4 to null at term 2 for PRE_VOTE
2022-11-01 02:15:12,197 [s2@group-29DD907A7165-LeaderElection10] INFO  impl.LeaderElection (LeaderElection.java:askForVotes(309)) - s2@group-29DD907A7165-LeaderElection10 PRE_VOTE round 0: submit vote requests at term 2 for 0: peers:[s3|rpc:localhost:46863|admin:localhost:41281|client:localhost:41041|dataStream:localhost:44363|priority:0|startupRole:FOLLOWER, s4|rpc:localhost:36775|admin:localhost:35477|client:localhost:46475|dataStream:localhost:42557|priority:0|startupRole:FOLLOWER, s0|rpc:localhost:33119|admin:localhost:42011|client:localhost:45597|dataStream:localhost:34507|priority:0|startupRole:FOLLOWER, s1|rpc:localhost:43051|admin:localhost:41551|client:localhost:45233|dataStream:localhost:41779|priority:0|startupRole:FOLLOWER, s2|rpc:localhost:41201|admin:localhost:41487|client:localhost:41547|dataStream:localhost:43565|priority:0|startupRole:FOLLOWER]|listeners:[], old=null
2022-11-01 02:15:12,198 [s2@group-29DD907A7165-LeaderElection10-1] INFO  util.CodeInjectionForTesting (DelayLocalExecutionInjection.java:execute(65)) - s2 delay 150 ms, args=[serverRequest {
  requestorId: "s2"
  replyId: "s3"
  raftGroupId {
    id: "\306I{yg\341A\222\264\356)\335\220zqe"
  }
  slidingWindowEntry {
  }
}
candidateTerm: 2
candidateLastEntry {
  term: 2
}
preVote: true
]
2022-11-01 02:15:12,199 [s2@group-29DD907A7165-LeaderElection10-3] INFO  util.CodeInjectionForTesting (DelayLocalExecutionInjection.java:execute(65)) - s2 delay 150 ms, args=[serverRequest {
  requestorId: "s2"
  replyId: "s0"
  raftGroupId {
    id: "\306I{yg\341A\222\264\356)\335\220zqe"
  }
  slidingWindowEntry {
  }
}
candidateTerm: 2
candidateLastEntry {
  term: 2
}
preVote: true
]
2022-11-01 02:15:12,199 [s2@group-29DD907A7165-LeaderElection10-2] INFO  util.CodeInjectionForTesting (DelayLocalExecutionInjection.java:execute(65)) - s2 delay 150 ms, args=[serverRequest {
  requestorId: "s2"
  replyId: "s4"
  raftGroupId {
    id: "\306I{yg\341A\222\264\356)\335\220zqe"
  }
  slidingWindowEntry {
  }
}
candidateTerm: 2
candidateLastEntry {
  term: 2
}
preVote: true
]
2022-11-01 02:15:12,204 [s2@group-29DD907A7165-LeaderElection10-4] INFO  util.CodeInjectionForTesting (DelayLocalExecutionInjection.java:execute(65)) - s2 delay 150 ms, args=[serverRequest {
  requestorId: "s2"
  replyId: "s1"
  raftGroupId {
    id: "\306I{yg\341A\222\264\356)\335\220zqe"
  }
  slidingWindowEntry {
  }
}
candidateTerm: 2
candidateLastEntry {
  term: 2
}
preVote: true
]
2022-11-01 02:15:12,240 [s4@group-29DD907A7165->s1-GrpcLogAppender-LogAppenderDaemon] INFO  util.CodeInjectionForTesting (DelayLocalExecutionInjection.java:execute(65)) - s4 delay 150 ms, args=[serverRequest {
  requestorId: "s4"
  replyId: "s1"
  raftGroupId {
    id: "\306I{yg\341A\222\264\356)\335\220zqe"
  }
  callId: 13
  slidingWindowEntry {
  }
}
leaderTerm: 2
previousLog {
  term: 2
}
initializing: true
commitInfos {
  server {
    id: "s4"
    address: "localhost:36775"
    dataStreamAddress: "localhost:42557"
    clientAddress: "localhost:46475"
    adminAddress: "localhost:35477"
    startupRole: FOLLOWER
  }
}
commitInfos {
  server {
    id: "s3"
    address: "localhost:46863"
    dataStreamAddress: "localhost:44363"
    clientAddress: "localhost:41041"
    adminAddress: "localhost:41281"
    startupRole: FOLLOWER
  }
}
commitInfos {
  server {
    id: "s0"
    address: "localhost:33119"
    dataStreamAddress: "localhost:34507"
    clientAddress: "localhost:45597"
    adminAddress: "localhost:42011"
    startupRole: FOLLOWER
  }
}
commitInfos {
  server {
    id: "s1"
    address: "localhost:43051"
    dataStreamAddress: "localhost:41779"
    clientAddress: "localhost:45233"
    adminAddress: "localhost:41551"
    startupRole: FOLLOWER
  }
}
commitInfos {
  server {
    id: "s2"
    address: "localhost:41201"
    dataStreamAddress: "localhost:43565"
    clientAddress: "localhost:41547"
    adminAddress: "localhost:41487"
    startupRole: FOLLOWER
  }
}
]
2022-11-01 02:15:12,242 [s3-server-thread5] INFO  server.RaftServer$Division (RaftServerImpl.java:setRole(325)) - s3@group-29DD907A7165: changes role from CANDIDATE to FOLLOWER at term 2 for appendEntries
2022-11-01 02:15:12,242 [s3-server-thread5] INFO  impl.RoleInfo (RoleInfo.java:shutdownLeaderElection(130)) - s3: shutdown s3@group-29DD907A7165-LeaderElection9
2022-11-01 02:15:12,242 [s3-server-thread5] INFO  impl.RoleInfo (RoleInfo.java:updateAndGet(139)) - s3: start s3@group-29DD907A7165-FollowerState
2022-11-01 02:15:12,243 [s2-server-thread2] INFO  server.RaftServer$Division (RaftServerImpl.java:setRole(325)) - s2@group-29DD907A7165: changes role from CANDIDATE to FOLLOWER at term 2 for appendEntries
2022-11-01 02:15:12,243 [s2-server-thread2] INFO  impl.RoleInfo (RoleInfo.java:shutdownLeaderElection(130)) - s2: shutdown s2@group-29DD907A7165-LeaderElection10
2022-11-01 02:15:12,243 [s2-server-thread2] INFO  impl.RoleInfo (RoleInfo.java:updateAndGet(139)) - s2: start s2@group-29DD907A7165-FollowerState
2022-11-01 02:15:12,243 [s3-server-thread5] INFO  server.RaftServer$Division (ServerState.java:setLeader(259)) - s3@group-29DD907A7165: change Leader from null to s4 at term 2 for appendEntries, leader elected after 70ms
2022-11-01 02:15:12,244 [s2-server-thread2] INFO  server.RaftServer$Division (ServerState.java:setLeader(259)) - s2@group-29DD907A7165: change Leader from null to s4 at term 2 for appendEntries, leader elected after 46ms
2022-11-01 02:15:12,320 [s4@group-29DD907A7165->s3-GrpcLogAppender-LogAppenderDaemon] INFO  util.CodeInjectionForTesting (DelayLocalExecutionInjection.java:execute(65)) - s4 delay 150 ms, args=[serverRequest {
  requestorId: "s4"
  replyId: "s3"
  raftGroupId {
    id: "\306I{yg\341A\222\264\356)\335\220zqe"
  }
  callId: 13
  slidingWindowEntry {
  }
}
leaderTerm: 2
previousLog {
  term: 2
}
initializing: true
commitInfos {
  server {
    id: "s4"
    address: "localhost:36775"
    dataStreamAddress: "localhost:42557"
    clientAddress: "localhost:46475"
    adminAddress: "localhost:35477"
    startupRole: FOLLOWER
  }
}
commitInfos {
  server {
    id: "s3"
    address: "localhost:46863"
    dataStreamAddress: "localhost:44363"
    clientAddress: "localhost:41041"
    adminAddress: "localhost:41281"
    startupRole: FOLLOWER
  }
}
commitInfos {
  server {
    id: "s0"
    address: "localhost:33119"
    dataStreamAddress: "localhost:34507"
    clientAddress: "localhost:45597"
    adminAddress: "localhost:42011"
    startupRole: FOLLOWER
  }
}
commitInfos {
  server {
    id: "s1"
    address: "localhost:43051"
    dataStreamAddress: "localhost:41779"
    clientAddress: "localhost:45233"
    adminAddress: "localhost:41551"
    startupRole: FOLLOWER
  }
}
commitInfos {
  server {
    id: "s2"
    address: "localhost:41201"
    dataStreamAddress: "localhost:43565"
    clientAddress: "localhost:41547"
    adminAddress: "localhost:41487"
    startupRole: FOLLOWER
  }
}
]
2022-11-01 02:15:12,322 [s4@group-29DD907A7165->s2-GrpcLogAppender-LogAppenderDaemon] INFO  util.CodeInjectionForTesting (DelayLocalExecutionInjection.java:execute(65)) - s4 delay 150 ms, args=[serverRequest {
  requestorId: "s4"
  replyId: "s2"
  raftGroupId {
    id: "\306I{yg\341A\222\264\356)\335\220zqe"
  }
  callId: 9
  slidingWindowEntry {
  }
}
leaderTerm: 2
previousLog {
  term: 2
}
initializing: true
commitInfos {
  server {
    id: "s4"
    address: "localhost:36775"
    dataStreamAddress: "localhost:42557"
    clientAddress: "localhost:46475"
    adminAddress: "localhost:35477"
    startupRole: FOLLOWER
  }
}
commitInfos {
  server {
    id: "s3"
    address: "localhost:46863"
    dataStreamAddress: "localhost:44363"
    clientAddress: "localhost:41041"
    adminAddress: "localhost:41281"
    startupRole: FOLLOWER
  }
}
commitInfos {
  server {
    id: "s0"
    address: "localhost:33119"
    dataStreamAddress: "localhost:34507"
    clientAddress: "localhost:45597"
    adminAddress: "localhost:42011"
    startupRole: FOLLOWER
  }
}
commitInfos {
  server {
    id: "s1"
    address: "localhost:43051"
    dataStreamAddress: "localhost:41779"
    clientAddress: "localhost:45233"
    adminAddress: "localhost:41551"
    startupRole: FOLLOWER
  }
}
commitInfos {
  server {
    id: "s2"
    address: "localhost:41201"
    dataStreamAddress: "localhost:43565"
    clientAddress: "localhost:41547"
    adminAddress: "localhost:41487"
    startupRole: FOLLOWER
  }
}
]
2022-11-01 02:15:12,322 [s4@group-29DD907A7165->s0-GrpcLogAppender-LogAppenderDaemon] INFO  util.CodeInjectionForTesting (DelayLocalExecutionInjection.java:execute(65)) - s4 delay 150 ms, args=[serverRequest {
  requestorId: "s4"
  replyId: "s0"
  raftGroupId {
    id: "\306I{yg\341A\222\264\356)\335\220zqe"
  }
  callId: 23
  slidingWindowEntry {
  }
}
leaderTerm: 2
previousLog {
  term: 2
}
initializing: true
commitInfos {
  server {
    id: "s4"
    address: "localhost:36775"
    dataStreamAddress: "localhost:42557"
    clientAddress: "localhost:46475"
    adminAddress: "localhost:35477"
    startupRole: FOLLOWER
  }
}
commitInfos {
  server {
    id: "s3"
    address: "localhost:46863"
    dataStreamAddress: "localhost:44363"
    clientAddress: "localhost:41041"
    adminAddress: "localhost:41281"
    startupRole: FOLLOWER
  }
}
commitInfos {
  server {
    id: "s0"
    address: "localhost:33119"
    dataStreamAddress: "localhost:34507"
    clientAddress: "localhost:45597"
    adminAddress: "localhost:42011"
    startupRole: FOLLOWER
  }
}
commitInfos {
  server {
    id: "s1"
    address: "localhost:43051"
    dataStreamAddress: "localhost:41779"
    clientAddress: "localhost:45233"
    adminAddress: "localhost:41551"
    startupRole: FOLLOWER
  }
}
commitInfos {
  server {
    id: "s2"
    address: "localhost:41201"
    dataStreamAddress: "localhost:43565"
    clientAddress: "localhost:41547"
    adminAddress: "localhost:41487"
    startupRole: FOLLOWER
  }
}
]
2022-11-01 02:15:12,331 [grpc-default-executor-29] INFO  server.RaftServer$Division (RaftServerImpl.java:requestVote(1291)) - s2@group-29DD907A7165: receive requestVote(PRE_VOTE, s3, group-29DD907A7165, 2, (t:2, i:0))
2022-11-01 02:15:12,331 [grpc-default-executor-29] INFO  impl.VoteContext (VoteContext.java:log(49)) - s2@group-29DD907A7165-FOLLOWER: reject PRE_VOTE from s3: this server is a follower and still has a valid leader s4
2022-11-01 02:15:12,331 [grpc-default-executor-29] INFO  server.RaftServer$Division (RaftServerImpl.java:requestVote(1324)) - s2@group-29DD907A7165 replies to PRE_VOTE vote request: s3<-s2#0:FAIL-t2. Peer's state: s2@group-29DD907A7165:t2, leader=s4, voted=s4, raftlog=Memoized:s2@group-29DD907A7165-SegmentedRaftLog:OPENED:c0, conf=0: peers:[s3|rpc:localhost:46863|admin:localhost:41281|client:localhost:41041|dataStream:localhost:44363|priority:0|startupRole:FOLLOWER, s4|rpc:localhost:36775|admin:localhost:35477|client:localhost:46475|dataStream:localhost:42557|priority:0|startupRole:FOLLOWER, s0|rpc:localhost:33119|admin:localhost:42011|client:localhost:45597|dataStream:localhost:34507|priority:0|startupRole:FOLLOWER, s1|rpc:localhost:43051|admin:localhost:41551|client:localhost:45233|dataStream:localhost:41779|priority:0|startupRole:FOLLOWER, s2|rpc:localhost:41201|admin:localhost:41487|client:localhost:41547|dataStream:localhost:43565|priority:0|startupRole:FOLLOWER]|listeners:[], old=null
2022-11-01 02:15:12,332 [grpc-default-executor-5] INFO  server.RaftServer$Division (RaftServerImpl.java:requestVote(1291)) - s4@group-29DD907A7165: receive requestVote(PRE_VOTE, s3, group-29DD907A7165, 2, (t:2, i:0))
2022-11-01 02:15:12,332 [grpc-default-executor-5] INFO  impl.VoteContext (VoteContext.java:log(49)) - s4@group-29DD907A7165-LEADER: reject PRE_VOTE from s3: this server is the leader and still has leadership
2022-11-01 02:15:12,332 [grpc-default-executor-5] INFO  server.RaftServer$Division (RaftServerImpl.java:requestVote(1324)) - s4@group-29DD907A7165 replies to PRE_VOTE vote request: s3<-s4#0:FAIL-t2. Peer's state: s4@group-29DD907A7165:t2, leader=s4, voted=s4, raftlog=Memoized:s4@group-29DD907A7165-SegmentedRaftLog:OPENED:c0, conf=0: peers:[s3|rpc:localhost:46863|admin:localhost:41281|client:localhost:41041|dataStream:localhost:44363|priority:0|startupRole:FOLLOWER, s4|rpc:localhost:36775|admin:localhost:35477|client:localhost:46475|dataStream:localhost:42557|priority:0|startupRole:FOLLOWER, s0|rpc:localhost:33119|admin:localhost:42011|client:localhost:45597|dataStream:localhost:34507|priority:0|startupRole:FOLLOWER, s1|rpc:localhost:43051|admin:localhost:41551|client:localhost:45233|dataStream:localhost:41779|priority:0|startupRole:FOLLOWER, s2|rpc:localhost:41201|admin:localhost:41487|client:localhost:41547|dataStream:localhost:43565|priority:0|startupRole:FOLLOWER]|listeners:[], old=null
2022-11-01 02:15:12,333 [grpc-default-executor-29] INFO  util.CodeInjectionForTesting (BlockRequestHandlingInjection.java:execute(77)) - s1: Block request from s3
2022-11-01 02:15:12,334 [s3@group-29DD907A7165-LeaderElection9] INFO  impl.LeaderElection (LeaderElection.java:logAndReturn(89)) - s3@group-29DD907A7165-LeaderElection9: PRE_VOTE REJECTED received 1 response(s) and 0 exception(s):
2022-11-01 02:15:12,334 [s3@group-29DD907A7165-LeaderElection9] INFO  impl.LeaderElection (LeaderElection.java:logAndReturn(93)) -   Response 0: s3<-s4#0:FAIL-t2
2022-11-01 02:15:12,334 [s3@group-29DD907A7165-LeaderElection9] INFO  impl.LeaderElection (LeaderElection.java:askForVotes(311)) - s3@group-29DD907A7165-LeaderElection9 PRE_VOTE round 0: result REJECTED
2022-11-01 02:15:12,336 [grpc-default-executor-5] INFO  server.RaftServer$Division (RaftServerImpl.java:requestVote(1291)) - s0@group-29DD907A7165: receive requestVote(PRE_VOTE, s3, group-29DD907A7165, 2, (t:2, i:0))
2022-11-01 02:15:12,336 [grpc-default-executor-5] INFO  impl.VoteContext (VoteContext.java:log(49)) - s0@group-29DD907A7165-FOLLOWER: reject PRE_VOTE from s3: this server is a follower and still has a valid leader s4
2022-11-01 02:15:12,336 [grpc-default-executor-5] INFO  server.RaftServer$Division (RaftServerImpl.java:requestVote(1324)) - s0@group-29DD907A7165 replies to PRE_VOTE vote request: s3<-s0#0:FAIL-t2. Peer's state: s0@group-29DD907A7165:t2, leader=s4, voted=s4, raftlog=Memoized:s0@group-29DD907A7165-SegmentedRaftLog:OPENED:c0, conf=0: peers:[s3|rpc:localhost:46863|admin:localhost:41281|client:localhost:41041|dataStream:localhost:44363|priority:0|startupRole:FOLLOWER, s4|rpc:localhost:36775|admin:localhost:35477|client:localhost:46475|dataStream:localhost:42557|priority:0|startupRole:FOLLOWER, s0|rpc:localhost:33119|admin:localhost:42011|client:localhost:45597|dataStream:localhost:34507|priority:0|startupRole:FOLLOWER, s1|rpc:localhost:43051|admin:localhost:41551|client:localhost:45233|dataStream:localhost:41779|priority:0|startupRole:FOLLOWER, s2|rpc:localhost:41201|admin:localhost:41487|client:localhost:41547|dataStream:localhost:43565|priority:0|startupRole:FOLLOWER]|listeners:[], old=null
2022-11-01 02:15:12,341 [s1@group-29DD907A7165-FollowerState] INFO  impl.FollowerState (FollowerState.java:run(143)) - s1@group-29DD907A7165-FollowerState: change to CANDIDATE, lastRpcElapsedTime:245598187ns, electionTimeout:238ms
2022-11-01 02:15:12,341 [s1@group-29DD907A7165-FollowerState] INFO  impl.RoleInfo (RoleInfo.java:shutdownFollowerState(110)) - s1: shutdown s1@group-29DD907A7165-FollowerState
2022-11-01 02:15:12,341 [s1@group-29DD907A7165-FollowerState] INFO  server.RaftServer$Division (RaftServerImpl.java:setRole(325)) - s1@group-29DD907A7165: changes role from  FOLLOWER to CANDIDATE at term 2 for changeToCandidate
2022-11-01 02:15:12,341 [s1@group-29DD907A7165-FollowerState] INFO  server.RaftServerConfigKeys (ConfUtils.java:logGet(46)) - raft.server.leaderelection.pre-vote = true (default)
2022-11-01 02:15:12,341 [s1@group-29DD907A7165-FollowerState] INFO  impl.RoleInfo (RoleInfo.java:updateAndGet(139)) - s1: start s1@group-29DD907A7165-LeaderElection11
2022-11-01 02:15:12,343 [s1@group-29DD907A7165-LeaderElection11] INFO  impl.LeaderElection (LeaderElection.java:askForVotes(309)) - s1@group-29DD907A7165-LeaderElection11 PRE_VOTE round 0: submit vote requests at term 2 for 0: peers:[s3|rpc:localhost:46863|admin:localhost:41281|client:localhost:41041|dataStream:localhost:44363|priority:0|startupRole:FOLLOWER, s4|rpc:localhost:36775|admin:localhost:35477|client:localhost:46475|dataStream:localhost:42557|priority:0|startupRole:FOLLOWER, s0|rpc:localhost:33119|admin:localhost:42011|client:localhost:45597|dataStream:localhost:34507|priority:0|startupRole:FOLLOWER, s1|rpc:localhost:43051|admin:localhost:41551|client:localhost:45233|dataStream:localhost:41779|priority:0|startupRole:FOLLOWER, s2|rpc:localhost:41201|admin:localhost:41487|client:localhost:41547|dataStream:localhost:43565|priority:0|startupRole:FOLLOWER]|listeners:[], old=null
2022-11-01 02:15:12,346 [grpc-default-executor-5] INFO  server.RaftServer$Division (RaftServerImpl.java:requestVote(1291)) - s3@group-29DD907A7165: receive requestVote(PRE_VOTE, s1, group-29DD907A7165, 2, (t:1, i:0))
2022-11-01 02:15:12,346 [grpc-default-executor-5] INFO  impl.VoteContext (VoteContext.java:log(49)) - s3@group-29DD907A7165-FOLLOWER: reject PRE_VOTE from s1: this server is a follower and still has a valid leader s4
2022-11-01 02:15:12,346 [grpc-default-executor-5] INFO  server.RaftServer$Division (RaftServerImpl.java:requestVote(1324)) - s3@group-29DD907A7165 replies to PRE_VOTE vote request: s1<-s3#0:FAIL-t2. Peer's state: s3@group-29DD907A7165:t2, leader=s4, voted=s4, raftlog=Memoized:s3@group-29DD907A7165-SegmentedRaftLog:OPENED:c0, conf=0: peers:[s3|rpc:localhost:46863|admin:localhost:41281|client:localhost:41041|dataStream:localhost:44363|priority:0|startupRole:FOLLOWER, s4|rpc:localhost:36775|admin:localhost:35477|client:localhost:46475|dataStream:localhost:42557|priority:0|startupRole:FOLLOWER, s0|rpc:localhost:33119|admin:localhost:42011|client:localhost:45597|dataStream:localhost:34507|priority:0|startupRole:FOLLOWER, s1|rpc:localhost:43051|admin:localhost:41551|client:localhost:45233|dataStream:localhost:41779|priority:0|startupRole:FOLLOWER, s2|rpc:localhost:41201|admin:localhost:41487|client:localhost:41547|dataStream:localhost:43565|priority:0|startupRole:FOLLOWER]|listeners:[], old=null
2022-11-01 02:15:12,350 [grpc-default-executor-2] INFO  server.RaftServer$Division (RaftServerImpl.java:requestVote(1291)) - s4@group-29DD907A7165: receive requestVote(PRE_VOTE, s1, group-29DD907A7165, 2, (t:1, i:0))
2022-11-01 02:15:12,351 [grpc-default-executor-2] INFO  impl.VoteContext (VoteContext.java:log(49)) - s4@group-29DD907A7165-LEADER: reject PRE_VOTE from s1: this server is the leader and still has leadership
2022-11-01 02:15:12,351 [grpc-default-executor-2] INFO  server.RaftServer$Division (RaftServerImpl.java:requestVote(1324)) - s4@group-29DD907A7165 replies to PRE_VOTE vote request: s1<-s4#0:FAIL-t2. Peer's state: s4@group-29DD907A7165:t2, leader=s4, voted=s4, raftlog=Memoized:s4@group-29DD907A7165-SegmentedRaftLog:OPENED:c0, conf=0: peers:[s3|rpc:localhost:46863|admin:localhost:41281|client:localhost:41041|dataStream:localhost:44363|priority:0|startupRole:FOLLOWER, s4|rpc:localhost:36775|admin:localhost:35477|client:localhost:46475|dataStream:localhost:42557|priority:0|startupRole:FOLLOWER, s0|rpc:localhost:33119|admin:localhost:42011|client:localhost:45597|dataStream:localhost:34507|priority:0|startupRole:FOLLOWER, s1|rpc:localhost:43051|admin:localhost:41551|client:localhost:45233|dataStream:localhost:41779|priority:0|startupRole:FOLLOWER, s2|rpc:localhost:41201|admin:localhost:41487|client:localhost:41547|dataStream:localhost:43565|priority:0|startupRole:FOLLOWER]|listeners:[], old=null
2022-11-01 02:15:12,351 [grpc-default-executor-2] INFO  server.RaftServer$Division (RaftServerImpl.java:requestVote(1291)) - s0@group-29DD907A7165: receive requestVote(PRE_VOTE, s2, group-29DD907A7165, 2, (t:2, i:0))
2022-11-01 02:15:12,352 [grpc-default-executor-2] INFO  impl.VoteContext (VoteContext.java:log(49)) - s0@group-29DD907A7165-FOLLOWER: reject PRE_VOTE from s2: this server is a follower and still has a valid leader s4
2022-11-01 02:15:12,352 [grpc-default-executor-2] INFO  server.RaftServer$Division (RaftServerImpl.java:requestVote(1324)) - s0@group-29DD907A7165 replies to PRE_VOTE vote request: s2<-s0#0:FAIL-t2. Peer's state: s0@group-29DD907A7165:t2, leader=s4, voted=s4, raftlog=Memoized:s0@group-29DD907A7165-SegmentedRaftLog:OPENED:c0, conf=0: peers:[s3|rpc:localhost:46863|admin:localhost:41281|client:localhost:41041|dataStream:localhost:44363|priority:0|startupRole:FOLLOWER, s4|rpc:localhost:36775|admin:localhost:35477|client:localhost:46475|dataStream:localhost:42557|priority:0|startupRole:FOLLOWER, s0|rpc:localhost:33119|admin:localhost:42011|client:localhost:45597|dataStream:localhost:34507|priority:0|startupRole:FOLLOWER, s1|rpc:localhost:43051|admin:localhost:41551|client:localhost:45233|dataStream:localhost:41779|priority:0|startupRole:FOLLOWER, s2|rpc:localhost:41201|admin:localhost:41487|client:localhost:41547|dataStream:localhost:43565|priority:0|startupRole:FOLLOWER]|listeners:[], old=null
2022-11-01 02:15:12,352 [grpc-default-executor-5] INFO  server.RaftServer$Division (RaftServerImpl.java:requestVote(1291)) - s3@group-29DD907A7165: receive requestVote(PRE_VOTE, s2, group-29DD907A7165, 2, (t:2, i:0))
2022-11-01 02:15:12,352 [grpc-default-executor-5] INFO  impl.VoteContext (VoteContext.java:log(49)) - s3@group-29DD907A7165-FOLLOWER: reject PRE_VOTE from s2: this server is a follower and still has a valid leader s4
2022-11-01 02:15:12,352 [grpc-default-executor-5] INFO  server.RaftServer$Division (RaftServerImpl.java:requestVote(1324)) - s3@group-29DD907A7165 replies to PRE_VOTE vote request: s2<-s3#0:FAIL-t2. Peer's state: s3@group-29DD907A7165:t2, leader=s4, voted=s4, raftlog=Memoized:s3@group-29DD907A7165-SegmentedRaftLog:OPENED:c0, conf=0: peers:[s3|rpc:localhost:46863|admin:localhost:41281|client:localhost:41041|dataStream:localhost:44363|priority:0|startupRole:FOLLOWER, s4|rpc:localhost:36775|admin:localhost:35477|client:localhost:46475|dataStream:localhost:42557|priority:0|startupRole:FOLLOWER, s0|rpc:localhost:33119|admin:localhost:42011|client:localhost:45597|dataStream:localhost:34507|priority:0|startupRole:FOLLOWER, s1|rpc:localhost:43051|admin:localhost:41551|client:localhost:45233|dataStream:localhost:41779|priority:0|startupRole:FOLLOWER, s2|rpc:localhost:41201|admin:localhost:41487|client:localhost:41547|dataStream:localhost:43565|priority:0|startupRole:FOLLOWER]|listeners:[], old=null
2022-11-01 02:15:12,356 [s2@group-29DD907A7165-LeaderElection10] INFO  impl.LeaderElection (LeaderElection.java:logAndReturn(89)) - s2@group-29DD907A7165-LeaderElection10: PRE_VOTE REJECTED received 1 response(s) and 0 exception(s):
2022-11-01 02:15:12,356 [s2@group-29DD907A7165-LeaderElection10] INFO  impl.LeaderElection (LeaderElection.java:logAndReturn(93)) -   Response 0: s2<-s0#0:FAIL-t2
2022-11-01 02:15:12,356 [s2@group-29DD907A7165-LeaderElection10] INFO  impl.LeaderElection (LeaderElection.java:askForVotes(311)) - s2@group-29DD907A7165-LeaderElection10 PRE_VOTE round 0: result REJECTED
2022-11-01 02:15:12,357 [grpc-default-executor-2] INFO  server.RaftServer$Division (RaftServerImpl.java:requestVote(1291)) - s4@group-29DD907A7165: receive requestVote(PRE_VOTE, s2, group-29DD907A7165, 2, (t:2, i:0))
2022-11-01 02:15:12,357 [grpc-default-executor-2] INFO  impl.VoteContext (VoteContext.java:log(49)) - s4@group-29DD907A7165-LEADER: reject PRE_VOTE from s2: this server is the leader and still has leadership
2022-11-01 02:15:12,357 [grpc-default-executor-2] INFO  server.RaftServer$Division (RaftServerImpl.java:requestVote(1324)) - s4@group-29DD907A7165 replies to PRE_VOTE vote request: s2<-s4#0:FAIL-t2. Peer's state: s4@group-29DD907A7165:t2, leader=s4, voted=s4, raftlog=Memoized:s4@group-29DD907A7165-SegmentedRaftLog:OPENED:c0, conf=0: peers:[s3|rpc:localhost:46863|admin:localhost:41281|client:localhost:41041|dataStream:localhost:44363|priority:0|startupRole:FOLLOWER, s4|rpc:localhost:36775|admin:localhost:35477|client:localhost:46475|dataStream:localhost:42557|priority:0|startupRole:FOLLOWER, s0|rpc:localhost:33119|admin:localhost:42011|client:localhost:45597|dataStream:localhost:34507|priority:0|startupRole:FOLLOWER, s1|rpc:localhost:43051|admin:localhost:41551|client:localhost:45233|dataStream:localhost:41779|priority:0|startupRole:FOLLOWER, s2|rpc:localhost:41201|admin:localhost:41487|client:localhost:41547|dataStream:localhost:43565|priority:0|startupRole:FOLLOWER]|listeners:[], old=null
2022-11-01 02:15:12,358 [grpc-default-executor-5] INFO  util.CodeInjectionForTesting (BlockRequestHandlingInjection.java:execute(77)) - s1: Block request from s2
2022-11-01 02:15:12,360 [grpc-default-executor-2] INFO  server.RaftServer$Division (RaftServerImpl.java:requestVote(1291)) - s0@group-29DD907A7165: receive requestVote(PRE_VOTE, s1, group-29DD907A7165, 2, (t:1, i:0))
2022-11-01 02:15:12,360 [grpc-default-executor-2] INFO  impl.VoteContext (VoteContext.java:log(49)) - s0@group-29DD907A7165-FOLLOWER: reject PRE_VOTE from s1: this server is a follower and still has a valid leader s4
2022-11-01 02:15:12,360 [grpc-default-executor-2] INFO  server.RaftServer$Division (RaftServerImpl.java:requestVote(1324)) - s0@group-29DD907A7165 replies to PRE_VOTE vote request: s1<-s0#0:FAIL-t2. Peer's state: s0@group-29DD907A7165:t2, leader=s4, voted=s4, raftlog=Memoized:s0@group-29DD907A7165-SegmentedRaftLog:OPENED:c0, conf=0: peers:[s3|rpc:localhost:46863|admin:localhost:41281|client:localhost:41041|dataStream:localhost:44363|priority:0|startupRole:FOLLOWER, s4|rpc:localhost:36775|admin:localhost:35477|client:localhost:46475|dataStream:localhost:42557|priority:0|startupRole:FOLLOWER, s0|rpc:localhost:33119|admin:localhost:42011|client:localhost:45597|dataStream:localhost:34507|priority:0|startupRole:FOLLOWER, s1|rpc:localhost:43051|admin:localhost:41551|client:localhost:45233|dataStream:localhost:41779|priority:0|startupRole:FOLLOWER, s2|rpc:localhost:41201|admin:localhost:41487|client:localhost:41547|dataStream:localhost:43565|priority:0|startupRole:FOLLOWER]|listeners:[], old=null
2022-11-01 02:15:12,361 [s1@group-29DD907A7165-LeaderElection11] INFO  impl.LeaderElection (LeaderElection.java:logAndReturn(89)) - s1@group-29DD907A7165-LeaderElection11: PRE_VOTE REJECTED received 3 response(s) and 0 exception(s):
2022-11-01 02:15:12,361 [s1@group-29DD907A7165-LeaderElection11] INFO  impl.LeaderElection (LeaderElection.java:logAndReturn(93)) -   Response 0: s1<-s3#0:FAIL-t2
2022-11-01 02:15:12,361 [s1@group-29DD907A7165-LeaderElection11] INFO  impl.LeaderElection (LeaderElection.java:logAndReturn(93)) -   Response 1: s1<-s4#0:FAIL-t2
2022-11-01 02:15:12,361 [s1@group-29DD907A7165-LeaderElection11] INFO  impl.LeaderElection (LeaderElection.java:logAndReturn(93)) -   Response 2: s1<-s0#0:FAIL-t2
2022-11-01 02:15:12,361 [s1@group-29DD907A7165-LeaderElection11] INFO  impl.LeaderElection (LeaderElection.java:askForVotes(311)) - s1@group-29DD907A7165-LeaderElection11 PRE_VOTE round 0: result REJECTED
2022-11-01 02:15:12,361 [s1@group-29DD907A7165-LeaderElection11] INFO  server.RaftServer$Division (RaftServerImpl.java:setRole(325)) - s1@group-29DD907A7165: changes role from CANDIDATE to FOLLOWER at term 2 for REJECTED
2022-11-01 02:15:12,361 [s1@group-29DD907A7165-LeaderElection11] INFO  impl.RoleInfo (RoleInfo.java:shutdownLeaderElection(130)) - s1: shutdown s1@group-29DD907A7165-LeaderElection11
2022-11-01 02:15:12,361 [s1@group-29DD907A7165-LeaderElection11] INFO  impl.RoleInfo (RoleInfo.java:updateAndGet(139)) - s1: start s1@group-29DD907A7165-FollowerState
2022-11-01 02:15:12,363 [grpc-default-executor-2] INFO  server.RaftServer$Division (RaftServerImpl.java:requestVote(1291)) - s2@group-29DD907A7165: receive requestVote(PRE_VOTE, s1, group-29DD907A7165, 2, (t:1, i:0))
2022-11-01 02:15:12,363 [grpc-default-executor-2] INFO  impl.VoteContext (VoteContext.java:log(49)) - s2@group-29DD907A7165-FOLLOWER: reject PRE_VOTE from s1: this server is a follower and still has a valid leader s4
2022-11-01 02:15:12,363 [grpc-default-executor-2] INFO  server.RaftServer$Division (RaftServerImpl.java:requestVote(1324)) - s2@group-29DD907A7165 replies to PRE_VOTE vote request: s1<-s2#0:FAIL-t2. Peer's state: s2@group-29DD907A7165:t2, leader=s4, voted=s4, raftlog=Memoized:s2@group-29DD907A7165-SegmentedRaftLog:OPENED:c0, conf=0: peers:[s3|rpc:localhost:46863|admin:localhost:41281|client:localhost:41041|dataStream:localhost:44363|priority:0|startupRole:FOLLOWER, s4|rpc:localhost:36775|admin:localhost:35477|client:localhost:46475|dataStream:localhost:42557|priority:0|startupRole:FOLLOWER, s0|rpc:localhost:33119|admin:localhost:42011|client:localhost:45597|dataStream:localhost:34507|priority:0|startupRole:FOLLOWER, s1|rpc:localhost:43051|admin:localhost:41551|client:localhost:45233|dataStream:localhost:41779|priority:0|startupRole:FOLLOWER, s2|rpc:localhost:41201|admin:localhost:41487|client:localhost:41547|dataStream:localhost:43565|priority:0|startupRole:FOLLOWER]|listeners:[], old=null
2022-11-01 02:15:12,399 [s3@group-29DD907A7165-FollowerState] INFO  impl.FollowerState (FollowerState.java:run(143)) - s3@group-29DD907A7165-FollowerState: change to CANDIDATE, lastRpcElapsedTime:156131873ns, electionTimeout:155ms
2022-11-01 02:15:12,400 [s3@group-29DD907A7165-FollowerState] INFO  impl.RoleInfo (RoleInfo.java:shutdownFollowerState(110)) - s3: shutdown s3@group-29DD907A7165-FollowerState
2022-11-01 02:15:12,400 [s3@group-29DD907A7165-FollowerState] INFO  server.RaftServer$Division (RaftServerImpl.java:setRole(325)) - s3@group-29DD907A7165: changes role from  FOLLOWER to CANDIDATE at term 2 for changeToCandidate
2022-11-01 02:15:12,400 [s3@group-29DD907A7165-FollowerState] INFO  server.RaftServerConfigKeys (ConfUtils.java:logGet(46)) - raft.server.leaderelection.pre-vote = true (default)
2022-11-01 02:15:12,400 [s3@group-29DD907A7165-FollowerState] INFO  impl.RoleInfo (RoleInfo.java:updateAndGet(139)) - s3: start s3@group-29DD907A7165-LeaderElection12
2022-11-01 02:15:12,401 [s3@group-29DD907A7165-LeaderElection12] INFO  server.RaftServer$Division (ServerState.java:setLeader(259)) - s3@group-29DD907A7165: change Leader from s4 to null at term 2 for PRE_VOTE
2022-11-01 02:15:12,401 [s3@group-29DD907A7165-LeaderElection12] INFO  impl.LeaderElection (LeaderElection.java:askForVotes(309)) - s3@group-29DD907A7165-LeaderElection12 PRE_VOTE round 0: submit vote requests at term 2 for 0: peers:[s3|rpc:localhost:46863|admin:localhost:41281|client:localhost:41041|dataStream:localhost:44363|priority:0|startupRole:FOLLOWER, s4|rpc:localhost:36775|admin:localhost:35477|client:localhost:46475|dataStream:localhost:42557|priority:0|startupRole:FOLLOWER, s0|rpc:localhost:33119|admin:localhost:42011|client:localhost:45597|dataStream:localhost:34507|priority:0|startupRole:FOLLOWER, s1|rpc:localhost:43051|admin:localhost:41551|client:localhost:45233|dataStream:localhost:41779|priority:0|startupRole:FOLLOWER, s2|rpc:localhost:41201|admin:localhost:41487|client:localhost:41547|dataStream:localhost:43565|priority:0|startupRole:FOLLOWER]|listeners:[], old=null
2022-11-01 02:15:12,402 [s3@group-29DD907A7165-LeaderElection12-1] INFO  util.CodeInjectionForTesting (DelayLocalExecutionInjection.java:execute(65)) - s3 delay 150 ms, args=[serverRequest {
  requestorId: "s3"
  replyId: "s4"
  raftGroupId {
    id: "\306I{yg\341A\222\264\356)\335\220zqe"
  }
  slidingWindowEntry {
  }
}
candidateTerm: 2
candidateLastEntry {
  term: 2
}
preVote: true
]
2022-11-01 02:15:12,402 [s3@group-29DD907A7165-LeaderElection12-2] INFO  util.CodeInjectionForTesting (DelayLocalExecutionInjection.java:execute(65)) - s3 delay 150 ms, args=[serverRequest {
  requestorId: "s3"
  replyId: "s0"
  raftGroupId {
    id: "\306I{yg\341A\222\264\356)\335\220zqe"
  }
  slidingWindowEntry {
  }
}
candidateTerm: 2
candidateLastEntry {
  term: 2
}
preVote: true
]
2022-11-01 02:15:12,402 [s3@group-29DD907A7165-LeaderElection12-3] INFO  util.CodeInjectionForTesting (DelayLocalExecutionInjection.java:execute(65)) - s3 delay 150 ms, args=[serverRequest {
  requestorId: "s3"
  replyId: "s1"
  raftGroupId {
    id: "\306I{yg\341A\222\264\356)\335\220zqe"
  }
  slidingWindowEntry {
  }
}
candidateTerm: 2
candidateLastEntry {
  term: 2
}
preVote: true
]
2022-11-01 02:15:12,403 [s3@group-29DD907A7165-LeaderElection12-4] INFO  util.CodeInjectionForTesting (DelayLocalExecutionInjection.java:execute(65)) - s3 delay 150 ms, args=[serverRequest {
  requestorId: "s3"
  replyId: "s2"
  raftGroupId {
    id: "\306I{yg\341A\222\264\356)\335\220zqe"
  }
  slidingWindowEntry {
  }
}
candidateTerm: 2
candidateLastEntry {
  term: 2
}
preVote: true
]
2022-11-01 02:15:12,430 [s4@group-29DD907A7165->s1-GrpcLogAppender-LogAppenderDaemon] INFO  util.CodeInjectionForTesting (DelayLocalExecutionInjection.java:execute(65)) - s4 delay 150 ms, args=[serverRequest {
  requestorId: "s4"
  replyId: "s1"
  raftGroupId {
    id: "\306I{yg\341A\222\264\356)\335\220zqe"
  }
  callId: 14
  slidingWindowEntry {
  }
}
leaderTerm: 2
previousLog {
  term: 2
}
initializing: true
commitInfos {
  server {
    id: "s4"
    address: "localhost:36775"
    dataStreamAddress: "localhost:42557"
    clientAddress: "localhost:46475"
    adminAddress: "localhost:35477"
    startupRole: FOLLOWER
  }
}
commitInfos {
  server {
    id: "s3"
    address: "localhost:46863"
    dataStreamAddress: "localhost:44363"
    clientAddress: "localhost:41041"
    adminAddress: "localhost:41281"
    startupRole: FOLLOWER
  }
}
commitInfos {
  server {
    id: "s0"
    address: "localhost:33119"
    dataStreamAddress: "localhost:34507"
    clientAddress: "localhost:45597"
    adminAddress: "localhost:42011"
    startupRole: FOLLOWER
  }
}
commitInfos {
  server {
    id: "s1"
    address: "localhost:43051"
    dataStreamAddress: "localhost:41779"
    clientAddress: "localhost:45233"
    adminAddress: "localhost:41551"
    startupRole: FOLLOWER
  }
}
commitInfos {
  server {
    id: "s2"
    address: "localhost:41201"
    dataStreamAddress: "localhost:43565"
    clientAddress: "localhost:41547"
    adminAddress: "localhost:41487"
    startupRole: FOLLOWER
  }
}
]
2022-11-01 02:15:12,431 [s2@group-29DD907A7165-FollowerState] INFO  impl.FollowerState (FollowerState.java:run(143)) - s2@group-29DD907A7165-FollowerState: change to CANDIDATE, lastRpcElapsedTime:186647082ns, electionTimeout:184ms
2022-11-01 02:15:12,431 [s2@group-29DD907A7165-FollowerState] INFO  impl.RoleInfo (RoleInfo.java:shutdownFollowerState(110)) - s2: shutdown s2@group-29DD907A7165-FollowerState
2022-11-01 02:15:12,431 [s2@group-29DD907A7165-FollowerState] INFO  server.RaftServer$Division (RaftServerImpl.java:setRole(325)) - s2@group-29DD907A7165: changes role from  FOLLOWER to CANDIDATE at term 2 for changeToCandidate
2022-11-01 02:15:12,431 [s2@group-29DD907A7165-FollowerState] INFO  server.RaftServerConfigKeys (ConfUtils.java:logGet(46)) - raft.server.leaderelection.pre-vote = true (default)
2022-11-01 02:15:12,432 [s2@group-29DD907A7165-FollowerState] INFO  impl.RoleInfo (RoleInfo.java:updateAndGet(139)) - s2: start s2@group-29DD907A7165-LeaderElection13
2022-11-01 02:15:12,432 [s2@group-29DD907A7165-LeaderElection13] INFO  server.RaftServer$Division (ServerState.java:setLeader(259)) - s2@group-29DD907A7165: change Leader from s4 to null at term 2 for PRE_VOTE
2022-11-01 02:15:12,432 [s2@group-29DD907A7165-LeaderElection13] INFO  impl.LeaderElection (LeaderElection.java:askForVotes(309)) - s2@group-29DD907A7165-LeaderElection13 PRE_VOTE round 0: submit vote requests at term 2 for 0: peers:[s3|rpc:localhost:46863|admin:localhost:41281|client:localhost:41041|dataStream:localhost:44363|priority:0|startupRole:FOLLOWER, s4|rpc:localhost:36775|admin:localhost:35477|client:localhost:46475|dataStream:localhost:42557|priority:0|startupRole:FOLLOWER, s0|rpc:localhost:33119|admin:localhost:42011|client:localhost:45597|dataStream:localhost:34507|priority:0|startupRole:FOLLOWER, s1|rpc:localhost:43051|admin:localhost:41551|client:localhost:45233|dataStream:localhost:41779|priority:0|startupRole:FOLLOWER, s2|rpc:localhost:41201|admin:localhost:41487|client:localhost:41547|dataStream:localhost:43565|priority:0|startupRole:FOLLOWER]|listeners:[], old=null
2022-11-01 02:15:12,433 [s2@group-29DD907A7165-LeaderElection13-1] INFO  util.CodeInjectionForTesting (DelayLocalExecutionInjection.java:execute(65)) - s2 delay 150 ms, args=[serverRequest {
  requestorId: "s2"
  replyId: "s3"
  raftGroupId {
    id: "\306I{yg\341A\222\264\356)\335\220zqe"
  }
  slidingWindowEntry {
  }
}
candidateTerm: 2
candidateLastEntry {
  term: 2
}
preVote: true
]
2022-11-01 02:15:12,434 [s2@group-29DD907A7165-LeaderElection13-2] INFO  util.CodeInjectionForTesting (DelayLocalExecutionInjection.java:execute(65)) - s2 delay 150 ms, args=[serverRequest {
  requestorId: "s2"
  replyId: "s4"
  raftGroupId {
    id: "\306I{yg\341A\222\264\356)\335\220zqe"
  }
  slidingWindowEntry {
  }
}
candidateTerm: 2
candidateLastEntry {
  term: 2
}
preVote: true
]
2022-11-01 02:15:12,435 [s2@group-29DD907A7165-LeaderElection13-3] INFO  util.CodeInjectionForTesting (DelayLocalExecutionInjection.java:execute(65)) - s2 delay 150 ms, args=[serverRequest {
  requestorId: "s2"
  replyId: "s0"
  raftGroupId {
    id: "\306I{yg\341A\222\264\356)\335\220zqe"
  }
  slidingWindowEntry {
  }
}
candidateTerm: 2
candidateLastEntry {
  term: 2
}
preVote: true
]
2022-11-01 02:15:12,437 [s2@group-29DD907A7165-LeaderElection13-4] INFO  util.CodeInjectionForTesting (DelayLocalExecutionInjection.java:execute(65)) - s2 delay 150 ms, args=[serverRequest {
  requestorId: "s2"
  replyId: "s1"
  raftGroupId {
    id: "\306I{yg\341A\222\264\356)\335\220zqe"
  }
  slidingWindowEntry {
  }
}
candidateTerm: 2
candidateLastEntry {
  term: 2
}
preVote: true
]
2022-11-01 02:15:12,472 [s3-server-thread1] INFO  server.RaftServer$Division (RaftServerImpl.java:setRole(325)) - s3@group-29DD907A7165: changes role from CANDIDATE to FOLLOWER at term 2 for appendEntries
2022-11-01 02:15:12,472 [s3-server-thread1] INFO  impl.RoleInfo (RoleInfo.java:shutdownLeaderElection(130)) - s3: shutdown s3@group-29DD907A7165-LeaderElection12
2022-11-01 02:15:12,472 [s3-server-thread1] INFO  impl.RoleInfo (RoleInfo.java:updateAndGet(139)) - s3: start s3@group-29DD907A7165-FollowerState
2022-11-01 02:15:12,472 [s3-server-thread1] INFO  server.RaftServer$Division (ServerState.java:setLeader(259)) - s3@group-29DD907A7165: change Leader from null to s4 at term 2 for appendEntries, leader elected after 71ms
2022-11-01 02:15:12,473 [s2-server-thread1] INFO  server.RaftServer$Division (RaftServerImpl.java:setRole(325)) - s2@group-29DD907A7165: changes role from CANDIDATE to FOLLOWER at term 2 for appendEntries
2022-11-01 02:15:12,473 [s2-server-thread1] INFO  impl.RoleInfo (RoleInfo.java:shutdownLeaderElection(130)) - s2: shutdown s2@group-29DD907A7165-LeaderElection13
2022-11-01 02:15:12,473 [s2-server-thread1] INFO  impl.RoleInfo (RoleInfo.java:updateAndGet(139)) - s2: start s2@group-29DD907A7165-FollowerState
2022-11-01 02:15:12,474 [s2-server-thread1] INFO  server.RaftServer$Division (ServerState.java:setLeader(259)) - s2@group-29DD907A7165: change Leader from null to s4 at term 2 for appendEntries, leader elected after 41ms
2022-11-01 02:15:12,551 [s4@group-29DD907A7165->s0-GrpcLogAppender-LogAppenderDaemon] INFO  util.CodeInjectionForTesting (DelayLocalExecutionInjection.java:execute(65)) - s4 delay 150 ms, args=[serverRequest {
  requestorId: "s4"
  replyId: "s0"
  raftGroupId {
    id: "\306I{yg\341A\222\264\356)\335\220zqe"
  }
  callId: 24
  slidingWindowEntry {
  }
}
leaderTerm: 2
previousLog {
  term: 2
}
initializing: true
commitInfos {
  server {
    id: "s4"
    address: "localhost:36775"
    dataStreamAddress: "localhost:42557"
    clientAddress: "localhost:46475"
    adminAddress: "localhost:35477"
    startupRole: FOLLOWER
  }
}
commitInfos {
  server {
    id: "s3"
    address: "localhost:46863"
    dataStreamAddress: "localhost:44363"
    clientAddress: "localhost:41041"
    adminAddress: "localhost:41281"
    startupRole: FOLLOWER
  }
}
commitInfos {
  server {
    id: "s0"
    address: "localhost:33119"
    dataStreamAddress: "localhost:34507"
    clientAddress: "localhost:45597"
    adminAddress: "localhost:42011"
    startupRole: FOLLOWER
  }
}
commitInfos {
  server {
    id: "s1"
    address: "localhost:43051"
    dataStreamAddress: "localhost:41779"
    clientAddress: "localhost:45233"
    adminAddress: "localhost:41551"
    startupRole: FOLLOWER
  }
}
commitInfos {
  server {
    id: "s2"
    address: "localhost:41201"
    dataStreamAddress: "localhost:43565"
    clientAddress: "localhost:41547"
    adminAddress: "localhost:41487"
    startupRole: FOLLOWER
  }
}
]
2022-11-01 02:15:12,551 [s4@group-29DD907A7165->s2-GrpcLogAppender-LogAppenderDaemon] INFO  util.CodeInjectionForTesting (DelayLocalExecutionInjection.java:execute(65)) - s4 delay 150 ms, args=[serverRequest {
  requestorId: "s4"
  replyId: "s2"
  raftGroupId {
    id: "\306I{yg\341A\222\264\356)\335\220zqe"
  }
  callId: 10
  slidingWindowEntry {
  }
}
leaderTerm: 2
previousLog {
  term: 2
}
initializing: true
commitInfos {
  server {
    id: "s4"
    address: "localhost:36775"
    dataStreamAddress: "localhost:42557"
    clientAddress: "localhost:46475"
    adminAddress: "localhost:35477"
    startupRole: FOLLOWER
  }
}
commitInfos {
  server {
    id: "s3"
    address: "localhost:46863"
    dataStreamAddress: "localhost:44363"
    clientAddress: "localhost:41041"
    adminAddress: "localhost:41281"
    startupRole: FOLLOWER
  }
}
commitInfos {
  server {
    id: "s0"
    address: "localhost:33119"
    dataStreamAddress: "localhost:34507"
    clientAddress: "localhost:45597"
    adminAddress: "localhost:42011"
    startupRole: FOLLOWER
  }
}
commitInfos {
  server {
    id: "s1"
    address: "localhost:43051"
    dataStreamAddress: "localhost:41779"
    clientAddress: "localhost:45233"
    adminAddress: "localhost:41551"
    startupRole: FOLLOWER
  }
}
commitInfos {
  server {
    id: "s2"
    address: "localhost:41201"
    dataStreamAddress: "localhost:43565"
    clientAddress: "localhost:41547"
    adminAddress: "localhost:41487"
    startupRole: FOLLOWER
  }
}
]
2022-11-01 02:15:12,553 [s4@group-29DD907A7165->s3-GrpcLogAppender-LogAppenderDaemon] INFO  util.CodeInjectionForTesting (DelayLocalExecutionInjection.java:execute(65)) - s4 delay 150 ms, args=[serverRequest {
  requestorId: "s4"
  replyId: "s3"
  raftGroupId {
    id: "\306I{yg\341A\222\264\356)\335\220zqe"
  }
  callId: 14
  slidingWindowEntry {
  }
}
leaderTerm: 2
previousLog {
  term: 2
}
initializing: true
commitInfos {
  server {
    id: "s4"
    address: "localhost:36775"
    dataStreamAddress: "localhost:42557"
    clientAddress: "localhost:46475"
    adminAddress: "localhost:35477"
    startupRole: FOLLOWER
  }
}
commitInfos {
  server {
    id: "s3"
    address: "localhost:46863"
    dataStreamAddress: "localhost:44363"
    clientAddress: "localhost:41041"
    adminAddress: "localhost:41281"
    startupRole: FOLLOWER
  }
}
commitInfos {
  server {
    id: "s0"
    address: "localhost:33119"
    dataStreamAddress: "localhost:34507"
    clientAddress: "localhost:45597"
    adminAddress: "localhost:42011"
    startupRole: FOLLOWER
  }
}
commitInfos {
  server {
    id: "s1"
    address: "localhost:43051"
    dataStreamAddress: "localhost:41779"
    clientAddress: "localhost:45233"
    adminAddress: "localhost:41551"
    startupRole: FOLLOWER
  }
}
commitInfos {
  server {
    id: "s2"
    address: "localhost:41201"
    dataStreamAddress: "localhost:43565"
    clientAddress: "localhost:41547"
    adminAddress: "localhost:41487"
    startupRole: FOLLOWER
  }
}
]
2022-11-01 02:15:12,558 [grpc-default-executor-2] INFO  server.RaftServer$Division (RaftServerImpl.java:requestVote(1291)) - s0@group-29DD907A7165: receive requestVote(PRE_VOTE, s3, group-29DD907A7165, 2, (t:2, i:0))
2022-11-01 02:15:12,558 [grpc-default-executor-2] INFO  impl.VoteContext (VoteContext.java:log(49)) - s0@group-29DD907A7165-FOLLOWER: reject PRE_VOTE from s3: this server is a follower and still has a valid leader s4
2022-11-01 02:15:12,558 [grpc-default-executor-2] INFO  server.RaftServer$Division (RaftServerImpl.java:requestVote(1324)) - s0@group-29DD907A7165 replies to PRE_VOTE vote request: s3<-s0#0:FAIL-t2. Peer's state: s0@group-29DD907A7165:t2, leader=s4, voted=s4, raftlog=Memoized:s0@group-29DD907A7165-SegmentedRaftLog:OPENED:c0, conf=0: peers:[s3|rpc:localhost:46863|admin:localhost:41281|client:localhost:41041|dataStream:localhost:44363|priority:0|startupRole:FOLLOWER, s4|rpc:localhost:36775|admin:localhost:35477|client:localhost:46475|dataStream:localhost:42557|priority:0|startupRole:FOLLOWER, s0|rpc:localhost:33119|admin:localhost:42011|client:localhost:45597|dataStream:localhost:34507|priority:0|startupRole:FOLLOWER, s1|rpc:localhost:43051|admin:localhost:41551|client:localhost:45233|dataStream:localhost:41779|priority:0|startupRole:FOLLOWER, s2|rpc:localhost:41201|admin:localhost:41487|client:localhost:41547|dataStream:localhost:43565|priority:0|startupRole:FOLLOWER]|listeners:[], old=null
2022-11-01 02:15:12,558 [grpc-default-executor-20] INFO  server.RaftServer$Division (RaftServerImpl.java:requestVote(1291)) - s2@group-29DD907A7165: receive requestVote(PRE_VOTE, s3, group-29DD907A7165, 2, (t:2, i:0))
2022-11-01 02:15:12,558 [grpc-default-executor-20] INFO  impl.VoteContext (VoteContext.java:log(49)) - s2@group-29DD907A7165-FOLLOWER: reject PRE_VOTE from s3: this server is a follower and still has a valid leader s4
2022-11-01 02:15:12,558 [grpc-default-executor-20] INFO  server.RaftServer$Division (RaftServerImpl.java:requestVote(1324)) - s2@group-29DD907A7165 replies to PRE_VOTE vote request: s3<-s2#0:FAIL-t2. Peer's state: s2@group-29DD907A7165:t2, leader=s4, voted=s4, raftlog=Memoized:s2@group-29DD907A7165-SegmentedRaftLog:OPENED:c0, conf=0: peers:[s3|rpc:localhost:46863|admin:localhost:41281|client:localhost:41041|dataStream:localhost:44363|priority:0|startupRole:FOLLOWER, s4|rpc:localhost:36775|admin:localhost:35477|client:localhost:46475|dataStream:localhost:42557|priority:0|startupRole:FOLLOWER, s0|rpc:localhost:33119|admin:localhost:42011|client:localhost:45597|dataStream:localhost:34507|priority:0|startupRole:FOLLOWER, s1|rpc:localhost:43051|admin:localhost:41551|client:localhost:45233|dataStream:localhost:41779|priority:0|startupRole:FOLLOWER, s2|rpc:localhost:41201|admin:localhost:41487|client:localhost:41547|dataStream:localhost:43565|priority:0|startupRole:FOLLOWER]|listeners:[], old=null
2022-11-01 02:15:12,558 [grpc-default-executor-24] INFO  server.RaftServer$Division (RaftServerImpl.java:requestVote(1291)) - s4@group-29DD907A7165: receive requestVote(PRE_VOTE, s3, group-29DD907A7165, 2, (t:2, i:0))
2022-11-01 02:15:12,559 [grpc-default-executor-24] INFO  impl.VoteContext (VoteContext.java:log(49)) - s4@group-29DD907A7165-LEADER: reject PRE_VOTE from s3: this server is the leader and still has leadership
2022-11-01 02:15:12,559 [grpc-default-executor-2] INFO  util.CodeInjectionForTesting (BlockRequestHandlingInjection.java:execute(77)) - s1: Block request from s3
2022-11-01 02:15:12,559 [grpc-default-executor-24] INFO  server.RaftServer$Division (RaftServerImpl.java:requestVote(1324)) - s4@group-29DD907A7165 replies to PRE_VOTE vote request: s3<-s4#0:FAIL-t2. Peer's state: s4@group-29DD907A7165:t2, leader=s4, voted=s4, raftlog=Memoized:s4@group-29DD907A7165-SegmentedRaftLog:OPENED:c0, conf=0: peers:[s3|rpc:localhost:46863|admin:localhost:41281|client:localhost:41041|dataStream:localhost:44363|priority:0|startupRole:FOLLOWER, s4|rpc:localhost:36775|admin:localhost:35477|client:localhost:46475|dataStream:localhost:42557|priority:0|startupRole:FOLLOWER, s0|rpc:localhost:33119|admin:localhost:42011|client:localhost:45597|dataStream:localhost:34507|priority:0|startupRole:FOLLOWER, s1|rpc:localhost:43051|admin:localhost:41551|client:localhost:45233|dataStream:localhost:41779|priority:0|startupRole:FOLLOWER, s2|rpc:localhost:41201|admin:localhost:41487|client:localhost:41547|dataStream:localhost:43565|priority:0|startupRole:FOLLOWER]|listeners:[], old=null
2022-11-01 02:15:12,560 [s3@group-29DD907A7165-LeaderElection12] INFO  impl.LeaderElection (LeaderElection.java:logAndReturn(89)) - s3@group-29DD907A7165-LeaderElection12: PRE_VOTE REJECTED received 1 response(s) and 0 exception(s):
2022-11-01 02:15:12,560 [s3@group-29DD907A7165-LeaderElection12] INFO  impl.LeaderElection (LeaderElection.java:logAndReturn(93)) -   Response 0: s3<-s4#0:FAIL-t2
2022-11-01 02:15:12,560 [s3@group-29DD907A7165-LeaderElection12] INFO  impl.LeaderElection (LeaderElection.java:askForVotes(311)) - s3@group-29DD907A7165-LeaderElection12 PRE_VOTE round 0: result REJECTED
2022-11-01 02:15:12,585 [grpc-default-executor-24] INFO  server.RaftServer$Division (RaftServerImpl.java:requestVote(1291)) - s3@group-29DD907A7165: receive requestVote(PRE_VOTE, s2, group-29DD907A7165, 2, (t:2, i:0))
2022-11-01 02:15:12,586 [grpc-default-executor-24] INFO  impl.VoteContext (VoteContext.java:log(49)) - s3@group-29DD907A7165-FOLLOWER: reject PRE_VOTE from s2: this server is a follower and still has a valid leader s4
2022-11-01 02:15:12,586 [grpc-default-executor-24] INFO  server.RaftServer$Division (RaftServerImpl.java:requestVote(1324)) - s3@group-29DD907A7165 replies to PRE_VOTE vote request: s2<-s3#0:FAIL-t2. Peer's state: s3@group-29DD907A7165:t2, leader=s4, voted=s4, raftlog=Memoized:s3@group-29DD907A7165-SegmentedRaftLog:OPENED:c0, conf=0: peers:[s3|rpc:localhost:46863|admin:localhost:41281|client:localhost:41041|dataStream:localhost:44363|priority:0|startupRole:FOLLOWER, s4|rpc:localhost:36775|admin:localhost:35477|client:localhost:46475|dataStream:localhost:42557|priority:0|startupRole:FOLLOWER, s0|rpc:localhost:33119|admin:localhost:42011|client:localhost:45597|dataStream:localhost:34507|priority:0|startupRole:FOLLOWER, s1|rpc:localhost:43051|admin:localhost:41551|client:localhost:45233|dataStream:localhost:41779|priority:0|startupRole:FOLLOWER, s2|rpc:localhost:41201|admin:localhost:41487|client:localhost:41547|dataStream:localhost:43565|priority:0|startupRole:FOLLOWER]|listeners:[], old=null
2022-11-01 02:15:12,588 [grpc-default-executor-20] INFO  server.RaftServer$Division (RaftServerImpl.java:requestVote(1291)) - s4@group-29DD907A7165: receive requestVote(PRE_VOTE, s2, group-29DD907A7165, 2, (t:2, i:0))
2022-11-01 02:15:12,588 [grpc-default-executor-20] INFO  impl.VoteContext (VoteContext.java:log(49)) - s4@group-29DD907A7165-LEADER: reject PRE_VOTE from s2: this server is the leader and still has leadership
2022-11-01 02:15:12,588 [grpc-default-executor-20] INFO  server.RaftServer$Division (RaftServerImpl.java:requestVote(1324)) - s4@group-29DD907A7165 replies to PRE_VOTE vote request: s2<-s4#0:FAIL-t2. Peer's state: s4@group-29DD907A7165:t2, leader=s4, voted=s4, raftlog=Memoized:s4@group-29DD907A7165-SegmentedRaftLog:OPENED:c0, conf=0: peers:[s3|rpc:localhost:46863|admin:localhost:41281|client:localhost:41041|dataStream:localhost:44363|priority:0|startupRole:FOLLOWER, s4|rpc:localhost:36775|admin:localhost:35477|client:localhost:46475|dataStream:localhost:42557|priority:0|startupRole:FOLLOWER, s0|rpc:localhost:33119|admin:localhost:42011|client:localhost:45597|dataStream:localhost:34507|priority:0|startupRole:FOLLOWER, s1|rpc:localhost:43051|admin:localhost:41551|client:localhost:45233|dataStream:localhost:41779|priority:0|startupRole:FOLLOWER, s2|rpc:localhost:41201|admin:localhost:41487|client:localhost:41547|dataStream:localhost:43565|priority:0|startupRole:FOLLOWER]|listeners:[], old=null
2022-11-01 02:15:12,589 [grpc-default-executor-24] INFO  server.RaftServer$Division (RaftServerImpl.java:requestVote(1291)) - s0@group-29DD907A7165: receive requestVote(PRE_VOTE, s2, group-29DD907A7165, 2, (t:2, i:0))
2022-11-01 02:15:12,589 [grpc-default-executor-24] INFO  impl.VoteContext (VoteContext.java:log(49)) - s0@group-29DD907A7165-FOLLOWER: reject PRE_VOTE from s2: this server is a follower and still has a valid leader s4
2022-11-01 02:15:12,589 [grpc-default-executor-24] INFO  server.RaftServer$Division (RaftServerImpl.java:requestVote(1324)) - s0@group-29DD907A7165 replies to PRE_VOTE vote request: s2<-s0#0:FAIL-t2. Peer's state: s0@group-29DD907A7165:t2, leader=s4, voted=s4, raftlog=Memoized:s0@group-29DD907A7165-SegmentedRaftLog:OPENED:c0, conf=0: peers:[s3|rpc:localhost:46863|admin:localhost:41281|client:localhost:41041|dataStream:localhost:44363|priority:0|startupRole:FOLLOWER, s4|rpc:localhost:36775|admin:localhost:35477|client:localhost:46475|dataStream:localhost:42557|priority:0|startupRole:FOLLOWER, s0|rpc:localhost:33119|admin:localhost:42011|client:localhost:45597|dataStream:localhost:34507|priority:0|startupRole:FOLLOWER, s1|rpc:localhost:43051|admin:localhost:41551|client:localhost:45233|dataStream:localhost:41779|priority:0|startupRole:FOLLOWER, s2|rpc:localhost:41201|admin:localhost:41487|client:localhost:41547|dataStream:localhost:43565|priority:0|startupRole:FOLLOWER]|listeners:[], old=null
2022-11-01 02:15:12,590 [s2@group-29DD907A7165-LeaderElection13] INFO  impl.LeaderElection (LeaderElection.java:logAndReturn(89)) - s2@group-29DD907A7165-LeaderElection13: PRE_VOTE REJECTED received 1 response(s) and 0 exception(s):
2022-11-01 02:15:12,590 [s2@group-29DD907A7165-LeaderElection13] INFO  impl.LeaderElection (LeaderElection.java:logAndReturn(93)) -   Response 0: s2<-s3#0:FAIL-t2
2022-11-01 02:15:12,590 [s2@group-29DD907A7165-LeaderElection13] INFO  impl.LeaderElection (LeaderElection.java:askForVotes(311)) - s2@group-29DD907A7165-LeaderElection13 PRE_VOTE round 0: result REJECTED
2022-11-01 02:15:12,591 [grpc-default-executor-24] INFO  util.CodeInjectionForTesting (BlockRequestHandlingInjection.java:execute(77)) - s1: Block request from s2
2022-11-01 02:15:12,620 [s4@group-29DD907A7165->s1-GrpcLogAppender-LogAppenderDaemon] INFO  util.CodeInjectionForTesting (DelayLocalExecutionInjection.java:execute(65)) - s4 delay 150 ms, args=[serverRequest {
  requestorId: "s4"
  replyId: "s1"
  raftGroupId {
    id: "\306I{yg\341A\222\264\356)\335\220zqe"
  }
  callId: 15
  slidingWindowEntry {
  }
}
leaderTerm: 2
previousLog {
  term: 2
}
initializing: true
commitInfos {
  server {
    id: "s4"
    address: "localhost:36775"
    dataStreamAddress: "localhost:42557"
    clientAddress: "localhost:46475"
    adminAddress: "localhost:35477"
    startupRole: FOLLOWER
  }
}
commitInfos {
  server {
    id: "s3"
    address: "localhost:46863"
    dataStreamAddress: "localhost:44363"
    clientAddress: "localhost:41041"
    adminAddress: "localhost:41281"
    startupRole: FOLLOWER
  }
}
commitInfos {
  server {
    id: "s0"
    address: "localhost:33119"
    dataStreamAddress: "localhost:34507"
    clientAddress: "localhost:45597"
    adminAddress: "localhost:42011"
    startupRole: FOLLOWER
  }
}
commitInfos {
  server {
    id: "s1"
    address: "localhost:43051"
    dataStreamAddress: "localhost:41779"
    clientAddress: "localhost:45233"
    adminAddress: "localhost:41551"
    startupRole: FOLLOWER
  }
}
commitInfos {
  server {
    id: "s2"
    address: "localhost:41201"
    dataStreamAddress: "localhost:43565"
    clientAddress: "localhost:41547"
    adminAddress: "localhost:41487"
    startupRole: FOLLOWER
  }
}
]
2022-11-01 02:15:12,639 [s3@group-29DD907A7165-FollowerState] INFO  impl.FollowerState (FollowerState.java:run(143)) - s3@group-29DD907A7165-FollowerState: change to CANDIDATE, lastRpcElapsedTime:165867140ns, electionTimeout:165ms
2022-11-01 02:15:12,639 [s3@group-29DD907A7165-FollowerState] INFO  impl.RoleInfo (RoleInfo.java:shutdownFollowerState(110)) - s3: shutdown s3@group-29DD907A7165-FollowerState
2022-11-01 02:15:12,639 [s3@group-29DD907A7165-FollowerState] INFO  server.RaftServer$Division (RaftServerImpl.java:setRole(325)) - s3@group-29DD907A7165: changes role from  FOLLOWER to CANDIDATE at term 2 for changeToCandidate
2022-11-01 02:15:12,639 [s3@group-29DD907A7165-FollowerState] INFO  server.RaftServerConfigKeys (ConfUtils.java:logGet(46)) - raft.server.leaderelection.pre-vote = true (default)
2022-11-01 02:15:12,639 [s3@group-29DD907A7165-FollowerState] INFO  impl.RoleInfo (RoleInfo.java:updateAndGet(139)) - s3: start s3@group-29DD907A7165-LeaderElection14
2022-11-01 02:15:12,640 [s3@group-29DD907A7165-LeaderElection14] INFO  server.RaftServer$Division (ServerState.java:setLeader(259)) - s3@group-29DD907A7165: change Leader from s4 to null at term 2 for PRE_VOTE
2022-11-01 02:15:12,640 [s3@group-29DD907A7165-LeaderElection14] INFO  impl.LeaderElection (LeaderElection.java:askForVotes(309)) - s3@group-29DD907A7165-LeaderElection14 PRE_VOTE round 0: submit vote requests at term 2 for 0: peers:[s3|rpc:localhost:46863|admin:localhost:41281|client:localhost:41041|dataStream:localhost:44363|priority:0|startupRole:FOLLOWER, s4|rpc:localhost:36775|admin:localhost:35477|client:localhost:46475|dataStream:localhost:42557|priority:0|startupRole:FOLLOWER, s0|rpc:localhost:33119|admin:localhost:42011|client:localhost:45597|dataStream:localhost:34507|priority:0|startupRole:FOLLOWER, s1|rpc:localhost:43051|admin:localhost:41551|client:localhost:45233|dataStream:localhost:41779|priority:0|startupRole:FOLLOWER, s2|rpc:localhost:41201|admin:localhost:41487|client:localhost:41547|dataStream:localhost:43565|priority:0|startupRole:FOLLOWER]|listeners:[], old=null
2022-11-01 02:15:12,641 [s3@group-29DD907A7165-LeaderElection14-2] INFO  util.CodeInjectionForTesting (DelayLocalExecutionInjection.java:execute(65)) - s3 delay 150 ms, args=[serverRequest {
  requestorId: "s3"
  replyId: "s0"
  raftGroupId {
    id: "\306I{yg\341A\222\264\356)\335\220zqe"
  }
  slidingWindowEntry {
  }
}
candidateTerm: 2
candidateLastEntry {
  term: 2
}
preVote: true
]
2022-11-01 02:15:12,641 [s3@group-29DD907A7165-LeaderElection14-1] INFO  util.CodeInjectionForTesting (DelayLocalExecutionInjection.java:execute(65)) - s3 delay 150 ms, args=[serverRequest {
  requestorId: "s3"
  replyId: "s4"
  raftGroupId {
    id: "\306I{yg\341A\222\264\356)\335\220zqe"
  }
  slidingWindowEntry {
  }
}
candidateTerm: 2
candidateLastEntry {
  term: 2
}
preVote: true
]
2022-11-01 02:15:12,642 [s3@group-29DD907A7165-LeaderElection14-4] INFO  util.CodeInjectionForTesting (DelayLocalExecutionInjection.java:execute(65)) - s3 delay 150 ms, args=[serverRequest {
  requestorId: "s3"
  replyId: "s2"
  raftGroupId {
    id: "\306I{yg\341A\222\264\356)\335\220zqe"
  }
  slidingWindowEntry {
  }
}
candidateTerm: 2
candidateLastEntry {
  term: 2
}
preVote: true
]
2022-11-01 02:15:12,642 [s3@group-29DD907A7165-LeaderElection14-3] INFO  util.CodeInjectionForTesting (DelayLocalExecutionInjection.java:execute(65)) - s3 delay 150 ms, args=[serverRequest {
  requestorId: "s3"
  replyId: "s1"
  raftGroupId {
    id: "\306I{yg\341A\222\264\356)\335\220zqe"
  }
  slidingWindowEntry {
  }
}
candidateTerm: 2
candidateLastEntry {
  term: 2
}
preVote: true
]
2022-11-01 02:15:12,655 [s1@group-29DD907A7165-FollowerState] INFO  impl.FollowerState (FollowerState.java:run(143)) - s1@group-29DD907A7165-FollowerState: change to CANDIDATE, lastRpcElapsedTime:293215214ns, electionTimeout:291ms
2022-11-01 02:15:12,655 [s1@group-29DD907A7165-FollowerState] INFO  impl.RoleInfo (RoleInfo.java:shutdownFollowerState(110)) - s1: shutdown s1@group-29DD907A7165-FollowerState
2022-11-01 02:15:12,655 [s1@group-29DD907A7165-FollowerState] INFO  server.RaftServer$Division (RaftServerImpl.java:setRole(325)) - s1@group-29DD907A7165: changes role from  FOLLOWER to CANDIDATE at term 2 for changeToCandidate
2022-11-01 02:15:12,655 [s1@group-29DD907A7165-FollowerState] INFO  server.RaftServerConfigKeys (ConfUtils.java:logGet(46)) - raft.server.leaderelection.pre-vote = true (default)
2022-11-01 02:15:12,655 [s1@group-29DD907A7165-FollowerState] INFO  impl.RoleInfo (RoleInfo.java:updateAndGet(139)) - s1: start s1@group-29DD907A7165-LeaderElection15
2022-11-01 02:15:12,657 [s1@group-29DD907A7165-LeaderElection15] INFO  impl.LeaderElection (LeaderElection.java:askForVotes(309)) - s1@group-29DD907A7165-LeaderElection15 PRE_VOTE round 0: submit vote requests at term 2 for 0: peers:[s3|rpc:localhost:46863|admin:localhost:41281|client:localhost:41041|dataStream:localhost:44363|priority:0|startupRole:FOLLOWER, s4|rpc:localhost:36775|admin:localhost:35477|client:localhost:46475|dataStream:localhost:42557|priority:0|startupRole:FOLLOWER, s0|rpc:localhost:33119|admin:localhost:42011|client:localhost:45597|dataStream:localhost:34507|priority:0|startupRole:FOLLOWER, s1|rpc:localhost:43051|admin:localhost:41551|client:localhost:45233|dataStream:localhost:41779|priority:0|startupRole:FOLLOWER, s2|rpc:localhost:41201|admin:localhost:41487|client:localhost:41547|dataStream:localhost:43565|priority:0|startupRole:FOLLOWER]|listeners:[], old=null
2022-11-01 02:15:12,663 [grpc-default-executor-42] INFO  server.RaftServer$Division (RaftServerImpl.java:requestVote(1291)) - s2@group-29DD907A7165: receive requestVote(PRE_VOTE, s1, group-29DD907A7165, 2, (t:1, i:0))
2022-11-01 02:15:12,663 [grpc-default-executor-42] INFO  impl.VoteContext (VoteContext.java:log(49)) - s2@group-29DD907A7165-FOLLOWER: reject PRE_VOTE from s1: our last entry (t:2, i:0) > candidate's last entry (t:1, i:0)
2022-11-01 02:15:12,663 [grpc-default-executor-42] INFO  server.RaftServer$Division (RaftServerImpl.java:requestVote(1324)) - s2@group-29DD907A7165 replies to PRE_VOTE vote request: s1<-s2#0:FAIL-t2. Peer's state: s2@group-29DD907A7165:t2, leader=s4, voted=s4, raftlog=Memoized:s2@group-29DD907A7165-SegmentedRaftLog:OPENED:c0, conf=0: peers:[s3|rpc:localhost:46863|admin:localhost:41281|client:localhost:41041|dataStream:localhost:44363|priority:0|startupRole:FOLLOWER, s4|rpc:localhost:36775|admin:localhost:35477|client:localhost:46475|dataStream:localhost:42557|priority:0|startupRole:FOLLOWER, s0|rpc:localhost:33119|admin:localhost:42011|client:localhost:45597|dataStream:localhost:34507|priority:0|startupRole:FOLLOWER, s1|rpc:localhost:43051|admin:localhost:41551|client:localhost:45233|dataStream:localhost:41779|priority:0|startupRole:FOLLOWER, s2|rpc:localhost:41201|admin:localhost:41487|client:localhost:41547|dataStream:localhost:43565|priority:0|startupRole:FOLLOWER]|listeners:[], old=null
2022-11-01 02:15:12,665 [grpc-default-executor-42] INFO  server.RaftServer$Division (RaftServerImpl.java:requestVote(1291)) - s3@group-29DD907A7165: receive requestVote(PRE_VOTE, s1, group-29DD907A7165, 2, (t:1, i:0))
2022-11-01 02:15:12,665 [grpc-default-executor-20] INFO  server.RaftServer$Division (RaftServerImpl.java:requestVote(1291)) - s0@group-29DD907A7165: receive requestVote(PRE_VOTE, s1, group-29DD907A7165, 2, (t:1, i:0))
2022-11-01 02:15:12,666 [grpc-default-executor-20] INFO  impl.VoteContext (VoteContext.java:log(49)) - s0@group-29DD907A7165-FOLLOWER: reject PRE_VOTE from s1: our last entry (t:2, i:0) > candidate's last entry (t:1, i:0)
2022-11-01 02:15:12,666 [grpc-default-executor-41] INFO  server.RaftServer$Division (RaftServerImpl.java:requestVote(1291)) - s4@group-29DD907A7165: receive requestVote(PRE_VOTE, s1, group-29DD907A7165, 2, (t:1, i:0))
2022-11-01 02:15:12,665 [grpc-default-executor-42] INFO  impl.VoteContext (VoteContext.java:log(49)) - s3@group-29DD907A7165-CANDIDATE: reject PRE_VOTE from s1: our last entry (t:2, i:0) > candidate's last entry (t:1, i:0)
2022-11-01 02:15:12,666 [grpc-default-executor-41] INFO  impl.VoteContext (VoteContext.java:log(49)) - s4@group-29DD907A7165-LEADER: reject PRE_VOTE from s1: this server is the leader and still has leadership
2022-11-01 02:15:12,666 [grpc-default-executor-20] INFO  server.RaftServer$Division (RaftServerImpl.java:requestVote(1324)) - s0@group-29DD907A7165 replies to PRE_VOTE vote request: s1<-s0#0:FAIL-t2. Peer's state: s0@group-29DD907A7165:t2, leader=s4, voted=s4, raftlog=Memoized:s0@group-29DD907A7165-SegmentedRaftLog:OPENED:c0, conf=0: peers:[s3|rpc:localhost:46863|admin:localhost:41281|client:localhost:41041|dataStream:localhost:44363|priority:0|startupRole:FOLLOWER, s4|rpc:localhost:36775|admin:localhost:35477|client:localhost:46475|dataStream:localhost:42557|priority:0|startupRole:FOLLOWER, s0|rpc:localhost:33119|admin:localhost:42011|client:localhost:45597|dataStream:localhost:34507|priority:0|startupRole:FOLLOWER, s1|rpc:localhost:43051|admin:localhost:41551|client:localhost:45233|dataStream:localhost:41779|priority:0|startupRole:FOLLOWER, s2|rpc:localhost:41201|admin:localhost:41487|client:localhost:41547|dataStream:localhost:43565|priority:0|startupRole:FOLLOWER]|listeners:[], old=null
2022-11-01 02:15:12,666 [grpc-default-executor-41] INFO  server.RaftServer$Division (RaftServerImpl.java:requestVote(1324)) - s4@group-29DD907A7165 replies to PRE_VOTE vote request: s1<-s4#0:FAIL-t2. Peer's state: s4@group-29DD907A7165:t2, leader=s4, voted=s4, raftlog=Memoized:s4@group-29DD907A7165-SegmentedRaftLog:OPENED:c0, conf=0: peers:[s3|rpc:localhost:46863|admin:localhost:41281|client:localhost:41041|dataStream:localhost:44363|priority:0|startupRole:FOLLOWER, s4|rpc:localhost:36775|admin:localhost:35477|client:localhost:46475|dataStream:localhost:42557|priority:0|startupRole:FOLLOWER, s0|rpc:localhost:33119|admin:localhost:42011|client:localhost:45597|dataStream:localhost:34507|priority:0|startupRole:FOLLOWER, s1|rpc:localhost:43051|admin:localhost:41551|client:localhost:45233|dataStream:localhost:41779|priority:0|startupRole:FOLLOWER, s2|rpc:localhost:41201|admin:localhost:41487|client:localhost:41547|dataStream:localhost:43565|priority:0|startupRole:FOLLOWER]|listeners:[], old=null
2022-11-01 02:15:12,666 [grpc-default-executor-42] INFO  server.RaftServer$Division (RaftServerImpl.java:requestVote(1324)) - s3@group-29DD907A7165 replies to PRE_VOTE vote request: s1<-s3#0:FAIL-t2. Peer's state: s3@group-29DD907A7165:t2, leader=null, voted=s4, raftlog=Memoized:s3@group-29DD907A7165-SegmentedRaftLog:OPENED:c0, conf=0: peers:[s3|rpc:localhost:46863|admin:localhost:41281|client:localhost:41041|dataStream:localhost:44363|priority:0|startupRole:FOLLOWER, s4|rpc:localhost:36775|admin:localhost:35477|client:localhost:46475|dataStream:localhost:42557|priority:0|startupRole:FOLLOWER, s0|rpc:localhost:33119|admin:localhost:42011|client:localhost:45597|dataStream:localhost:34507|priority:0|startupRole:FOLLOWER, s1|rpc:localhost:43051|admin:localhost:41551|client:localhost:45233|dataStream:localhost:41779|priority:0|startupRole:FOLLOWER, s2|rpc:localhost:41201|admin:localhost:41487|client:localhost:41547|dataStream:localhost:43565|priority:0|startupRole:FOLLOWER]|listeners:[], old=null
2022-11-01 02:15:12,669 [s1@group-29DD907A7165-LeaderElection15] INFO  impl.LeaderElection (LeaderElection.java:logAndReturn(89)) - s1@group-29DD907A7165-LeaderElection15: PRE_VOTE REJECTED received 3 response(s) and 0 exception(s):
2022-11-01 02:15:12,669 [s1@group-29DD907A7165-LeaderElection15] INFO  impl.LeaderElection (LeaderElection.java:logAndReturn(93)) -   Response 0: s1<-s3#0:FAIL-t2
2022-11-01 02:15:12,669 [s1@group-29DD907A7165-LeaderElection15] INFO  impl.LeaderElection (LeaderElection.java:logAndReturn(93)) -   Response 1: s1<-s0#0:FAIL-t2
2022-11-01 02:15:12,669 [s1@group-29DD907A7165-LeaderElection15] INFO  impl.LeaderElection (LeaderElection.java:logAndReturn(93)) -   Response 2: s1<-s2#0:FAIL-t2
2022-11-01 02:15:12,669 [s1@group-29DD907A7165-LeaderElection15] INFO  impl.LeaderElection (LeaderElection.java:askForVotes(311)) - s1@group-29DD907A7165-LeaderElection15 PRE_VOTE round 0: result REJECTED
2022-11-01 02:15:12,669 [s1@group-29DD907A7165-LeaderElection15] INFO  server.RaftServer$Division (RaftServerImpl.java:setRole(325)) - s1@group-29DD907A7165: changes role from CANDIDATE to FOLLOWER at term 2 for REJECTED
2022-11-01 02:15:12,669 [s1@group-29DD907A7165-LeaderElection15] INFO  impl.RoleInfo (RoleInfo.java:shutdownLeaderElection(130)) - s1: shutdown s1@group-29DD907A7165-LeaderElection15
2022-11-01 02:15:12,669 [s1@group-29DD907A7165-LeaderElection15] INFO  impl.RoleInfo (RoleInfo.java:updateAndGet(139)) - s1: start s1@group-29DD907A7165-FollowerState
2022-11-01 02:15:12,678 [s2@group-29DD907A7165-FollowerState] INFO  impl.FollowerState (FollowerState.java:run(143)) - s2@group-29DD907A7165-FollowerState: change to CANDIDATE, lastRpcElapsedTime:203466198ns, electionTimeout:203ms
2022-11-01 02:15:12,678 [s2@group-29DD907A7165-FollowerState] INFO  impl.RoleInfo (RoleInfo.java:shutdownFollowerState(110)) - s2: shutdown s2@group-29DD907A7165-FollowerState
2022-11-01 02:15:12,678 [s2@group-29DD907A7165-FollowerState] INFO  server.RaftServer$Division (RaftServerImpl.java:setRole(325)) - s2@group-29DD907A7165: changes role from  FOLLOWER to CANDIDATE at term 2 for changeToCandidate
2022-11-01 02:15:12,678 [s2@group-29DD907A7165-FollowerState] INFO  server.RaftServerConfigKeys (ConfUtils.java:logGet(46)) - raft.server.leaderelection.pre-vote = true (default)
2022-11-01 02:15:12,678 [s2@group-29DD907A7165-FollowerState] INFO  impl.RoleInfo (RoleInfo.java:updateAndGet(139)) - s2: start s2@group-29DD907A7165-LeaderElection16
2022-11-01 02:15:12,678 [s2@group-29DD907A7165-LeaderElection16] INFO  server.RaftServer$Division (ServerState.java:setLeader(259)) - s2@group-29DD907A7165: change Leader from s4 to null at term 2 for PRE_VOTE
2022-11-01 02:15:12,679 [s2@group-29DD907A7165-LeaderElection16] INFO  impl.LeaderElection (LeaderElection.java:askForVotes(309)) - s2@group-29DD907A7165-LeaderElection16 PRE_VOTE round 0: submit vote requests at term 2 for 0: peers:[s3|rpc:localhost:46863|admin:localhost:41281|client:localhost:41041|dataStream:localhost:44363|priority:0|startupRole:FOLLOWER, s4|rpc:localhost:36775|admin:localhost:35477|client:localhost:46475|dataStream:localhost:42557|priority:0|startupRole:FOLLOWER, s0|rpc:localhost:33119|admin:localhost:42011|client:localhost:45597|dataStream:localhost:34507|priority:0|startupRole:FOLLOWER, s1|rpc:localhost:43051|admin:localhost:41551|client:localhost:45233|dataStream:localhost:41779|priority:0|startupRole:FOLLOWER, s2|rpc:localhost:41201|admin:localhost:41487|client:localhost:41547|dataStream:localhost:43565|priority:0|startupRole:FOLLOWER]|listeners:[], old=null
2022-11-01 02:15:12,679 [s2@group-29DD907A7165-LeaderElection16-1] INFO  util.CodeInjectionForTesting (DelayLocalExecutionInjection.java:execute(65)) - s2 delay 150 ms, args=[serverRequest {
  requestorId: "s2"
  replyId: "s3"
  raftGroupId {
    id: "\306I{yg\341A\222\264\356)\335\220zqe"
  }
  slidingWindowEntry {
  }
}
candidateTerm: 2
candidateLastEntry {
  term: 2
}
preVote: true
]
2022-11-01 02:15:12,680 [s2@group-29DD907A7165-LeaderElection16-2] INFO  util.CodeInjectionForTesting (DelayLocalExecutionInjection.java:execute(65)) - s2 delay 150 ms, args=[serverRequest {
  requestorId: "s2"
  replyId: "s4"
  raftGroupId {
    id: "\306I{yg\341A\222\264\356)\335\220zqe"
  }
  slidingWindowEntry {
  }
}
candidateTerm: 2
candidateLastEntry {
  term: 2
}
preVote: true
]
2022-11-01 02:15:12,683 [s2@group-29DD907A7165-LeaderElection16-3] INFO  util.CodeInjectionForTesting (DelayLocalExecutionInjection.java:execute(65)) - s2 delay 150 ms, args=[serverRequest {
  requestorId: "s2"
  replyId: "s0"
  raftGroupId {
    id: "\306I{yg\341A\222\264\356)\335\220zqe"
  }
  slidingWindowEntry {
  }
}
candidateTerm: 2
candidateLastEntry {
  term: 2
}
preVote: true
]
2022-11-01 02:15:12,684 [s2@group-29DD907A7165-LeaderElection16-4] INFO  util.CodeInjectionForTesting (DelayLocalExecutionInjection.java:execute(65)) - s2 delay 150 ms, args=[serverRequest {
  requestorId: "s2"
  replyId: "s1"
  raftGroupId {
    id: "\306I{yg\341A\222\264\356)\335\220zqe"
  }
  slidingWindowEntry {
  }
}
candidateTerm: 2
candidateLastEntry {
  term: 2
}
preVote: true
]
2022-11-01 02:15:12,691 [s0@group-29DD907A7165-FollowerState] INFO  impl.FollowerState (FollowerState.java:run(143)) - s0@group-29DD907A7165-FollowerState: change to CANDIDATE, lastRpcElapsedTime:216982190ns, electionTimeout:210ms
2022-11-01 02:15:12,691 [s0@group-29DD907A7165-FollowerState] INFO  impl.RoleInfo (RoleInfo.java:shutdownFollowerState(110)) - s0: shutdown s0@group-29DD907A7165-FollowerState
2022-11-01 02:15:12,691 [s0@group-29DD907A7165-FollowerState] INFO  server.RaftServer$Division (RaftServerImpl.java:setRole(325)) - s0@group-29DD907A7165: changes role from  FOLLOWER to CANDIDATE at term 2 for changeToCandidate
2022-11-01 02:15:12,691 [s0@group-29DD907A7165-FollowerState] INFO  server.RaftServerConfigKeys (ConfUtils.java:logGet(46)) - raft.server.leaderelection.pre-vote = true (default)
2022-11-01 02:15:12,691 [s0@group-29DD907A7165-FollowerState] INFO  impl.RoleInfo (RoleInfo.java:updateAndGet(139)) - s0: start s0@group-29DD907A7165-LeaderElection17
2022-11-01 02:15:12,692 [s0@group-29DD907A7165-LeaderElection17] INFO  server.RaftServer$Division (ServerState.java:setLeader(259)) - s0@group-29DD907A7165: change Leader from s4 to null at term 2 for PRE_VOTE
2022-11-01 02:15:12,692 [s0@group-29DD907A7165-LeaderElection17] INFO  impl.LeaderElection (LeaderElection.java:askForVotes(309)) - s0@group-29DD907A7165-LeaderElection17 PRE_VOTE round 0: submit vote requests at term 2 for 0: peers:[s3|rpc:localhost:46863|admin:localhost:41281|client:localhost:41041|dataStream:localhost:44363|priority:0|startupRole:FOLLOWER, s4|rpc:localhost:36775|admin:localhost:35477|client:localhost:46475|dataStream:localhost:42557|priority:0|startupRole:FOLLOWER, s0|rpc:localhost:33119|admin:localhost:42011|client:localhost:45597|dataStream:localhost:34507|priority:0|startupRole:FOLLOWER, s1|rpc:localhost:43051|admin:localhost:41551|client:localhost:45233|dataStream:localhost:41779|priority:0|startupRole:FOLLOWER, s2|rpc:localhost:41201|admin:localhost:41487|client:localhost:41547|dataStream:localhost:43565|priority:0|startupRole:FOLLOWER]|listeners:[], old=null
2022-11-01 02:15:12,693 [s0@group-29DD907A7165-LeaderElection17-1] INFO  util.CodeInjectionForTesting (DelayLocalExecutionInjection.java:execute(65)) - s0 delay 150 ms, args=[serverRequest {
  requestorId: "s0"
  replyId: "s3"
  raftGroupId {
    id: "\306I{yg\341A\222\264\356)\335\220zqe"
  }
  slidingWindowEntry {
  }
}
candidateTerm: 2
candidateLastEntry {
  term: 2
}
preVote: true
]
2022-11-01 02:15:12,694 [s0@group-29DD907A7165-LeaderElection17-2] INFO  util.CodeInjectionForTesting (DelayLocalExecutionInjection.java:execute(65)) - s0 delay 150 ms, args=[serverRequest {
  requestorId: "s0"
  replyId: "s4"
  raftGroupId {
    id: "\306I{yg\341A\222\264\356)\335\220zqe"
  }
  slidingWindowEntry {
  }
}
candidateTerm: 2
candidateLastEntry {
  term: 2
}
preVote: true
]
2022-11-01 02:15:12,694 [s0@group-29DD907A7165-LeaderElection17-3] INFO  util.CodeInjectionForTesting (DelayLocalExecutionInjection.java:execute(65)) - s0 delay 150 ms, args=[serverRequest {
  requestorId: "s0"
  replyId: "s1"
  raftGroupId {
    id: "\306I{yg\341A\222\264\356)\335\220zqe"
  }
  slidingWindowEntry {
  }
}
candidateTerm: 2
candidateLastEntry {
  term: 2
}
preVote: true
]
2022-11-01 02:15:12,695 [s0@group-29DD907A7165-LeaderElection17-4] INFO  util.CodeInjectionForTesting (DelayLocalExecutionInjection.java:execute(65)) - s0 delay 150 ms, args=[serverRequest {
  requestorId: "s0"
  replyId: "s2"
  raftGroupId {
    id: "\306I{yg\341A\222\264\356)\335\220zqe"
  }
  slidingWindowEntry {
  }
}
candidateTerm: 2
candidateLastEntry {
  term: 2
}
preVote: true
]
2022-11-01 02:15:12,704 [s0-server-thread4] INFO  server.RaftServer$Division (RaftServerImpl.java:setRole(325)) - s0@group-29DD907A7165: changes role from CANDIDATE to FOLLOWER at term 2 for appendEntries
2022-11-01 02:15:12,704 [s0-server-thread4] INFO  impl.RoleInfo (RoleInfo.java:shutdownLeaderElection(130)) - s0: shutdown s0@group-29DD907A7165-LeaderElection17
2022-11-01 02:15:12,704 [s0-server-thread4] INFO  impl.RoleInfo (RoleInfo.java:updateAndGet(139)) - s0: start s0@group-29DD907A7165-FollowerState
2022-11-01 02:15:12,704 [s0-server-thread4] INFO  server.RaftServer$Division (ServerState.java:setLeader(259)) - s0@group-29DD907A7165: change Leader from null to s4 at term 2 for appendEntries, leader elected after 12ms
2022-11-01 02:15:12,708 [s3-server-thread5] INFO  server.RaftServer$Division (RaftServerImpl.java:setRole(325)) - s3@group-29DD907A7165: changes role from CANDIDATE to FOLLOWER at term 2 for appendEntries
2022-11-01 02:15:12,708 [s3-server-thread5] INFO  impl.RoleInfo (RoleInfo.java:shutdownLeaderElection(130)) - s3: shutdown s3@group-29DD907A7165-LeaderElection14
2022-11-01 02:15:12,708 [s3-server-thread5] INFO  impl.RoleInfo (RoleInfo.java:updateAndGet(139)) - s3: start s3@group-29DD907A7165-FollowerState
2022-11-01 02:15:12,708 [s3-server-thread5] INFO  server.RaftServer$Division (ServerState.java:setLeader(259)) - s3@group-29DD907A7165: change Leader from null to s4 at term 2 for appendEntries, leader elected after 68ms
2022-11-01 02:15:12,709 [s2-server-thread2] INFO  server.RaftServer$Division (RaftServerImpl.java:setRole(325)) - s2@group-29DD907A7165: changes role from CANDIDATE to FOLLOWER at term 2 for appendEntries
2022-11-01 02:15:12,709 [s2-server-thread2] INFO  impl.RoleInfo (RoleInfo.java:shutdownLeaderElection(130)) - s2: shutdown s2@group-29DD907A7165-LeaderElection16
2022-11-01 02:15:12,709 [s2-server-thread2] INFO  impl.RoleInfo (RoleInfo.java:updateAndGet(139)) - s2: start s2@group-29DD907A7165-FollowerState
2022-11-01 02:15:12,710 [s2-server-thread2] INFO  server.RaftServer$Division (ServerState.java:setLeader(259)) - s2@group-29DD907A7165: change Leader from null to s4 at term 2 for appendEntries, leader elected after 31ms
2022-11-01 02:15:12,714 [Time-limited test] INFO  server.RaftServerConfigKeys (ConfUtils.java:logGet(46)) - raft.server.rpc.timeout.max = 300ms (default)
2022-11-01 02:15:12,795 [grpc-default-executor-42] INFO  server.RaftServer$Division (RaftServerImpl.java:requestVote(1291)) - s2@group-29DD907A7165: receive requestVote(PRE_VOTE, s3, group-29DD907A7165, 2, (t:2, i:0))
2022-11-01 02:15:12,795 [grpc-default-executor-42] INFO  impl.VoteContext (VoteContext.java:log(49)) - s2@group-29DD907A7165-FOLLOWER: reject PRE_VOTE from s3: this server is a follower and still has a valid leader s4
2022-11-01 02:15:12,795 [grpc-default-executor-42] INFO  server.RaftServer$Division (RaftServerImpl.java:requestVote(1324)) - s2@group-29DD907A7165 replies to PRE_VOTE vote request: s3<-s2#0:FAIL-t2. Peer's state: s2@group-29DD907A7165:t2, leader=s4, voted=s4, raftlog=Memoized:s2@group-29DD907A7165-SegmentedRaftLog:OPENED:c0, conf=0: peers:[s3|rpc:localhost:46863|admin:localhost:41281|client:localhost:41041|dataStream:localhost:44363|priority:0|startupRole:FOLLOWER, s4|rpc:localhost:36775|admin:localhost:35477|client:localhost:46475|dataStream:localhost:42557|priority:0|startupRole:FOLLOWER, s0|rpc:localhost:33119|admin:localhost:42011|client:localhost:45597|dataStream:localhost:34507|priority:0|startupRole:FOLLOWER, s1|rpc:localhost:43051|admin:localhost:41551|client:localhost:45233|dataStream:localhost:41779|priority:0|startupRole:FOLLOWER, s2|rpc:localhost:41201|admin:localhost:41487|client:localhost:41547|dataStream:localhost:43565|priority:0|startupRole:FOLLOWER]|listeners:[], old=null
2022-11-01 02:15:12,796 [grpc-default-executor-41] INFO  server.RaftServer$Division (RaftServerImpl.java:requestVote(1291)) - s0@group-29DD907A7165: receive requestVote(PRE_VOTE, s3, group-29DD907A7165, 2, (t:2, i:0))
2022-11-01 02:15:12,796 [grpc-default-executor-41] INFO  impl.VoteContext (VoteContext.java:log(49)) - s0@group-29DD907A7165-FOLLOWER: reject PRE_VOTE from s3: this server is a follower and still has a valid leader s4
2022-11-01 02:15:12,796 [grpc-default-executor-41] INFO  server.RaftServer$Division (RaftServerImpl.java:requestVote(1324)) - s0@group-29DD907A7165 replies to PRE_VOTE vote request: s3<-s0#0:FAIL-t2. Peer's state: s0@group-29DD907A7165:t2, leader=s4, voted=s4, raftlog=Memoized:s0@group-29DD907A7165-SegmentedRaftLog:OPENED:c0, conf=0: peers:[s3|rpc:localhost:46863|admin:localhost:41281|client:localhost:41041|dataStream:localhost:44363|priority:0|startupRole:FOLLOWER, s4|rpc:localhost:36775|admin:localhost:35477|client:localhost:46475|dataStream:localhost:42557|priority:0|startupRole:FOLLOWER, s0|rpc:localhost:33119|admin:localhost:42011|client:localhost:45597|dataStream:localhost:34507|priority:0|startupRole:FOLLOWER, s1|rpc:localhost:43051|admin:localhost:41551|client:localhost:45233|dataStream:localhost:41779|priority:0|startupRole:FOLLOWER, s2|rpc:localhost:41201|admin:localhost:41487|client:localhost:41547|dataStream:localhost:43565|priority:0|startupRole:FOLLOWER]|listeners:[], old=null
2022-11-01 02:15:12,798 [s3@group-29DD907A7165-LeaderElection14] INFO  impl.LeaderElection (LeaderElection.java:logAndReturn(89)) - s3@group-29DD907A7165-LeaderElection14: PRE_VOTE REJECTED received 1 response(s) and 0 exception(s):
2022-11-01 02:15:12,798 [s3@group-29DD907A7165-LeaderElection14] INFO  impl.LeaderElection (LeaderElection.java:logAndReturn(93)) -   Response 0: s3<-s0#0:FAIL-t2
2022-11-01 02:15:12,798 [s3@group-29DD907A7165-LeaderElection14] INFO  impl.LeaderElection (LeaderElection.java:askForVotes(311)) - s3@group-29DD907A7165-LeaderElection14 PRE_VOTE round 0: result REJECTED
2022-11-01 02:15:12,798 [grpc-default-executor-41] INFO  server.RaftServer$Division (RaftServerImpl.java:requestVote(1291)) - s1@group-29DD907A7165: receive requestVote(PRE_VOTE, s3, group-29DD907A7165, 2, (t:2, i:0))
2022-11-01 02:15:12,799 [grpc-default-executor-42] INFO  server.RaftServer$Division (RaftServerImpl.java:requestVote(1291)) - s4@group-29DD907A7165: receive requestVote(PRE_VOTE, s3, group-29DD907A7165, 2, (t:2, i:0))
2022-11-01 02:15:12,799 [grpc-default-executor-41] INFO  impl.VoteContext (VoteContext.java:log(49)) - s1@group-29DD907A7165-FOLLOWER: accept PRE_VOTE from s3: our last entry (t:1, i:0) < candidate's last entry (t:2, i:0)
2022-11-01 02:15:12,799 [grpc-default-executor-41] INFO  server.RaftServer$Division (RaftServerImpl.java:requestVote(1324)) - s1@group-29DD907A7165 replies to PRE_VOTE vote request: s3<-s1#0:OK-t2. Peer's state: s1@group-29DD907A7165:t2, leader=null, voted=null, raftlog=Memoized:s1@group-29DD907A7165-SegmentedRaftLog:OPENED:c0, conf=0: peers:[s3|rpc:localhost:46863|admin:localhost:41281|client:localhost:41041|dataStream:localhost:44363|priority:0|startupRole:FOLLOWER, s4|rpc:localhost:36775|admin:localhost:35477|client:localhost:46475|dataStream:localhost:42557|priority:0|startupRole:FOLLOWER, s0|rpc:localhost:33119|admin:localhost:42011|client:localhost:45597|dataStream:localhost:34507|priority:0|startupRole:FOLLOWER, s1|rpc:localhost:43051|admin:localhost:41551|client:localhost:45233|dataStream:localhost:41779|priority:0|startupRole:FOLLOWER, s2|rpc:localhost:41201|admin:localhost:41487|client:localhost:41547|dataStream:localhost:43565|priority:0|startupRole:FOLLOWER]|listeners:[], old=null
2022-11-01 02:15:12,799 [grpc-default-executor-42] INFO  impl.VoteContext (VoteContext.java:log(49)) - s4@group-29DD907A7165-LEADER: reject PRE_VOTE from s3: this server is the leader and still has leadership
2022-11-01 02:15:12,799 [grpc-default-executor-42] INFO  server.RaftServer$Division (RaftServerImpl.java:requestVote(1324)) - s4@group-29DD907A7165 replies to PRE_VOTE vote request: s3<-s4#0:FAIL-t2. Peer's state: s4@group-29DD907A7165:t2, leader=s4, voted=s4, raftlog=Memoized:s4@group-29DD907A7165-SegmentedRaftLog:OPENED:c0, conf=0: peers:[s3|rpc:localhost:46863|admin:localhost:41281|client:localhost:41041|dataStream:localhost:44363|priority:0|startupRole:FOLLOWER, s4|rpc:localhost:36775|admin:localhost:35477|client:localhost:46475|dataStream:localhost:42557|priority:0|startupRole:FOLLOWER, s0|rpc:localhost:33119|admin:localhost:42011|client:localhost:45597|dataStream:localhost:34507|priority:0|startupRole:FOLLOWER, s1|rpc:localhost:43051|admin:localhost:41551|client:localhost:45233|dataStream:localhost:41779|priority:0|startupRole:FOLLOWER, s2|rpc:localhost:41201|admin:localhost:41487|client:localhost:41547|dataStream:localhost:43565|priority:0|startupRole:FOLLOWER]|listeners:[], old=null
2022-11-01 02:15:12,832 [grpc-default-executor-42] INFO  server.RaftServer$Division (RaftServerImpl.java:requestVote(1291)) - s3@group-29DD907A7165: receive requestVote(PRE_VOTE, s2, group-29DD907A7165, 2, (t:2, i:0))
2022-11-01 02:15:12,832 [grpc-default-executor-42] INFO  impl.VoteContext (VoteContext.java:log(49)) - s3@group-29DD907A7165-FOLLOWER: reject PRE_VOTE from s2: this server is a follower and still has a valid leader s4
2022-11-01 02:15:12,832 [grpc-default-executor-42] INFO  server.RaftServer$Division (RaftServerImpl.java:requestVote(1324)) - s3@group-29DD907A7165 replies to PRE_VOTE vote request: s2<-s3#0:FAIL-t2. Peer's state: s3@group-29DD907A7165:t2, leader=s4, voted=s4, raftlog=Memoized:s3@group-29DD907A7165-SegmentedRaftLog:OPENED:c0, conf=0: peers:[s3|rpc:localhost:46863|admin:localhost:41281|client:localhost:41041|dataStream:localhost:44363|priority:0|startupRole:FOLLOWER, s4|rpc:localhost:36775|admin:localhost:35477|client:localhost:46475|dataStream:localhost:42557|priority:0|startupRole:FOLLOWER, s0|rpc:localhost:33119|admin:localhost:42011|client:localhost:45597|dataStream:localhost:34507|priority:0|startupRole:FOLLOWER, s1|rpc:localhost:43051|admin:localhost:41551|client:localhost:45233|dataStream:localhost:41779|priority:0|startupRole:FOLLOWER, s2|rpc:localhost:41201|admin:localhost:41487|client:localhost:41547|dataStream:localhost:43565|priority:0|startupRole:FOLLOWER]|listeners:[], old=null
2022-11-01 02:15:12,833 [grpc-default-executor-42] INFO  server.RaftServer$Division (RaftServerImpl.java:requestVote(1291)) - s4@group-29DD907A7165: receive requestVote(PRE_VOTE, s2, group-29DD907A7165, 2, (t:2, i:0))
2022-11-01 02:15:12,833 [grpc-default-executor-42] INFO  impl.VoteContext (VoteContext.java:log(49)) - s4@group-29DD907A7165-LEADER: reject PRE_VOTE from s2: this server is the leader and still has leadership
2022-11-01 02:15:12,833 [grpc-default-executor-42] INFO  server.RaftServer$Division (RaftServerImpl.java:requestVote(1324)) - s4@group-29DD907A7165 replies to PRE_VOTE vote request: s2<-s4#0:FAIL-t2. Peer's state: s4@group-29DD907A7165:t2, leader=s4, voted=s4, raftlog=Memoized:s4@group-29DD907A7165-SegmentedRaftLog:OPENED:c0, conf=0: peers:[s3|rpc:localhost:46863|admin:localhost:41281|client:localhost:41041|dataStream:localhost:44363|priority:0|startupRole:FOLLOWER, s4|rpc:localhost:36775|admin:localhost:35477|client:localhost:46475|dataStream:localhost:42557|priority:0|startupRole:FOLLOWER, s0|rpc:localhost:33119|admin:localhost:42011|client:localhost:45597|dataStream:localhost:34507|priority:0|startupRole:FOLLOWER, s1|rpc:localhost:43051|admin:localhost:41551|client:localhost:45233|dataStream:localhost:41779|priority:0|startupRole:FOLLOWER, s2|rpc:localhost:41201|admin:localhost:41487|client:localhost:41547|dataStream:localhost:43565|priority:0|startupRole:FOLLOWER]|listeners:[], old=null
2022-11-01 02:15:12,834 [s2@group-29DD907A7165-LeaderElection16] INFO  impl.LeaderElection (LeaderElection.java:logAndReturn(89)) - s2@group-29DD907A7165-LeaderElection16: PRE_VOTE REJECTED received 1 response(s) and 0 exception(s):
2022-11-01 02:15:12,834 [s2@group-29DD907A7165-LeaderElection16] INFO  impl.LeaderElection (LeaderElection.java:logAndReturn(93)) -   Response 0: s2<-s3#0:FAIL-t2
2022-11-01 02:15:12,834 [s2@group-29DD907A7165-LeaderElection16] INFO  impl.LeaderElection (LeaderElection.java:askForVotes(311)) - s2@group-29DD907A7165-LeaderElection16 PRE_VOTE round 0: result REJECTED
2022-11-01 02:15:12,837 [grpc-default-executor-41] INFO  server.RaftServer$Division (RaftServerImpl.java:requestVote(1291)) - s0@group-29DD907A7165: receive requestVote(PRE_VOTE, s2, group-29DD907A7165, 2, (t:2, i:0))
2022-11-01 02:15:12,837 [grpc-default-executor-41] INFO  impl.VoteContext (VoteContext.java:log(49)) - s0@group-29DD907A7165-FOLLOWER: reject PRE_VOTE from s2: this server is a follower and still has a valid leader s4
2022-11-01 02:15:12,837 [grpc-default-executor-41] INFO  server.RaftServer$Division (RaftServerImpl.java:requestVote(1324)) - s0@group-29DD907A7165 replies to PRE_VOTE vote request: s2<-s0#0:FAIL-t2. Peer's state: s0@group-29DD907A7165:t2, leader=s4, voted=s4, raftlog=Memoized:s0@group-29DD907A7165-SegmentedRaftLog:OPENED:c0, conf=0: peers:[s3|rpc:localhost:46863|admin:localhost:41281|client:localhost:41041|dataStream:localhost:44363|priority:0|startupRole:FOLLOWER, s4|rpc:localhost:36775|admin:localhost:35477|client:localhost:46475|dataStream:localhost:42557|priority:0|startupRole:FOLLOWER, s0|rpc:localhost:33119|admin:localhost:42011|client:localhost:45597|dataStream:localhost:34507|priority:0|startupRole:FOLLOWER, s1|rpc:localhost:43051|admin:localhost:41551|client:localhost:45233|dataStream:localhost:41779|priority:0|startupRole:FOLLOWER, s2|rpc:localhost:41201|admin:localhost:41487|client:localhost:41547|dataStream:localhost:43565|priority:0|startupRole:FOLLOWER]|listeners:[], old=null
2022-11-01 02:15:12,839 [grpc-default-executor-41] INFO  server.RaftServer$Division (RaftServerImpl.java:requestVote(1291)) - s1@group-29DD907A7165: receive requestVote(PRE_VOTE, s2, group-29DD907A7165, 2, (t:2, i:0))
2022-11-01 02:15:12,839 [grpc-default-executor-41] INFO  impl.VoteContext (VoteContext.java:log(49)) - s1@group-29DD907A7165-FOLLOWER: accept PRE_VOTE from s2: our last entry (t:1, i:0) < candidate's last entry (t:2, i:0)
2022-11-01 02:15:12,839 [grpc-default-executor-41] INFO  server.RaftServer$Division (RaftServerImpl.java:requestVote(1324)) - s1@group-29DD907A7165 replies to PRE_VOTE vote request: s2<-s1#0:OK-t2. Peer's state: s1@group-29DD907A7165:t2, leader=null, voted=null, raftlog=Memoized:s1@group-29DD907A7165-SegmentedRaftLog:OPENED:c0, conf=0: peers:[s3|rpc:localhost:46863|admin:localhost:41281|client:localhost:41041|dataStream:localhost:44363|priority:0|startupRole:FOLLOWER, s4|rpc:localhost:36775|admin:localhost:35477|client:localhost:46475|dataStream:localhost:42557|priority:0|startupRole:FOLLOWER, s0|rpc:localhost:33119|admin:localhost:42011|client:localhost:45597|dataStream:localhost:34507|priority:0|startupRole:FOLLOWER, s1|rpc:localhost:43051|admin:localhost:41551|client:localhost:45233|dataStream:localhost:41779|priority:0|startupRole:FOLLOWER, s2|rpc:localhost:41201|admin:localhost:41487|client:localhost:41547|dataStream:localhost:43565|priority:0|startupRole:FOLLOWER]|listeners:[], old=null
2022-11-01 02:15:12,845 [grpc-default-executor-41] INFO  server.RaftServer$Division (RaftServerImpl.java:requestVote(1291)) - s3@group-29DD907A7165: receive requestVote(PRE_VOTE, s0, group-29DD907A7165, 2, (t:2, i:0))
2022-11-01 02:15:12,846 [grpc-default-executor-41] INFO  impl.VoteContext (VoteContext.java:log(49)) - s3@group-29DD907A7165-FOLLOWER: reject PRE_VOTE from s0: this server is a follower and still has a valid leader s4
2022-11-01 02:15:12,846 [grpc-default-executor-41] INFO  server.RaftServer$Division (RaftServerImpl.java:requestVote(1324)) - s3@group-29DD907A7165 replies to PRE_VOTE vote request: s0<-s3#0:FAIL-t2. Peer's state: s3@group-29DD907A7165:t2, leader=s4, voted=s4, raftlog=Memoized:s3@group-29DD907A7165-SegmentedRaftLog:OPENED:c0, conf=0: peers:[s3|rpc:localhost:46863|admin:localhost:41281|client:localhost:41041|dataStream:localhost:44363|priority:0|startupRole:FOLLOWER, s4|rpc:localhost:36775|admin:localhost:35477|client:localhost:46475|dataStream:localhost:42557|priority:0|startupRole:FOLLOWER, s0|rpc:localhost:33119|admin:localhost:42011|client:localhost:45597|dataStream:localhost:34507|priority:0|startupRole:FOLLOWER, s1|rpc:localhost:43051|admin:localhost:41551|client:localhost:45233|dataStream:localhost:41779|priority:0|startupRole:FOLLOWER, s2|rpc:localhost:41201|admin:localhost:41487|client:localhost:41547|dataStream:localhost:43565|priority:0|startupRole:FOLLOWER]|listeners:[], old=null
2022-11-01 02:15:12,847 [grpc-default-executor-20] INFO  server.RaftServer$Division (RaftServerImpl.java:requestVote(1291)) - s4@group-29DD907A7165: receive requestVote(PRE_VOTE, s0, group-29DD907A7165, 2, (t:2, i:0))
2022-11-01 02:15:12,847 [grpc-default-executor-20] INFO  impl.VoteContext (VoteContext.java:log(49)) - s4@group-29DD907A7165-LEADER: reject PRE_VOTE from s0: this server is the leader and still has leadership
2022-11-01 02:15:12,847 [grpc-default-executor-20] INFO  server.RaftServer$Division (RaftServerImpl.java:requestVote(1324)) - s4@group-29DD907A7165 replies to PRE_VOTE vote request: s0<-s4#0:FAIL-t2. Peer's state: s4@group-29DD907A7165:t2, leader=s4, voted=s4, raftlog=Memoized:s4@group-29DD907A7165-SegmentedRaftLog:OPENED:c0, conf=0: peers:[s3|rpc:localhost:46863|admin:localhost:41281|client:localhost:41041|dataStream:localhost:44363|priority:0|startupRole:FOLLOWER, s4|rpc:localhost:36775|admin:localhost:35477|client:localhost:46475|dataStream:localhost:42557|priority:0|startupRole:FOLLOWER, s0|rpc:localhost:33119|admin:localhost:42011|client:localhost:45597|dataStream:localhost:34507|priority:0|startupRole:FOLLOWER, s1|rpc:localhost:43051|admin:localhost:41551|client:localhost:45233|dataStream:localhost:41779|priority:0|startupRole:FOLLOWER, s2|rpc:localhost:41201|admin:localhost:41487|client:localhost:41547|dataStream:localhost:43565|priority:0|startupRole:FOLLOWER]|listeners:[], old=null
2022-11-01 02:15:12,848 [grpc-default-executor-42] INFO  server.RaftServer$Division (RaftServerImpl.java:requestVote(1291)) - s1@group-29DD907A7165: receive requestVote(PRE_VOTE, s0, group-29DD907A7165, 2, (t:2, i:0))
2022-11-01 02:15:12,848 [grpc-default-executor-42] INFO  impl.VoteContext (VoteContext.java:log(49)) - s1@group-29DD907A7165-FOLLOWER: accept PRE_VOTE from s0: our last entry (t:1, i:0) < candidate's last entry (t:2, i:0)
2022-11-01 02:15:12,848 [grpc-default-executor-42] INFO  server.RaftServer$Division (RaftServerImpl.java:requestVote(1324)) - s1@group-29DD907A7165 replies to PRE_VOTE vote request: s0<-s1#0:OK-t2. Peer's state: s1@group-29DD907A7165:t2, leader=null, voted=null, raftlog=Memoized:s1@group-29DD907A7165-SegmentedRaftLog:OPENED:c0, conf=0: peers:[s3|rpc:localhost:46863|admin:localhost:41281|client:localhost:41041|dataStream:localhost:44363|priority:0|startupRole:FOLLOWER, s4|rpc:localhost:36775|admin:localhost:35477|client:localhost:46475|dataStream:localhost:42557|priority:0|startupRole:FOLLOWER, s0|rpc:localhost:33119|admin:localhost:42011|client:localhost:45597|dataStream:localhost:34507|priority:0|startupRole:FOLLOWER, s1|rpc:localhost:43051|admin:localhost:41551|client:localhost:45233|dataStream:localhost:41779|priority:0|startupRole:FOLLOWER, s2|rpc:localhost:41201|admin:localhost:41487|client:localhost:41547|dataStream:localhost:43565|priority:0|startupRole:FOLLOWER]|listeners:[], old=null
2022-11-01 02:15:12,850 [s0@group-29DD907A7165-LeaderElection17] INFO  impl.LeaderElection (LeaderElection.java:logAndReturn(89)) - s0@group-29DD907A7165-LeaderElection17: PRE_VOTE REJECTED received 1 response(s) and 0 exception(s):
2022-11-01 02:15:12,850 [s0@group-29DD907A7165-LeaderElection17] INFO  impl.LeaderElection (LeaderElection.java:logAndReturn(93)) -   Response 0: s0<-s4#0:FAIL-t2
2022-11-01 02:15:12,850 [s0@group-29DD907A7165-LeaderElection17] INFO  impl.LeaderElection (LeaderElection.java:askForVotes(311)) - s0@group-29DD907A7165-LeaderElection17 PRE_VOTE round 0: result REJECTED
2022-11-01 02:15:12,851 [grpc-default-executor-20] INFO  server.RaftServer$Division (RaftServerImpl.java:requestVote(1291)) - s2@group-29DD907A7165: receive requestVote(PRE_VOTE, s0, group-29DD907A7165, 2, (t:2, i:0))
2022-11-01 02:15:12,851 [grpc-default-executor-20] INFO  impl.VoteContext (VoteContext.java:log(49)) - s2@group-29DD907A7165-FOLLOWER: reject PRE_VOTE from s0: this server is a follower and still has a valid leader s4
2022-11-01 02:15:12,851 [grpc-default-executor-20] INFO  server.RaftServer$Division (RaftServerImpl.java:requestVote(1324)) - s2@group-29DD907A7165 replies to PRE_VOTE vote request: s0<-s2#0:FAIL-t2. Peer's state: s2@group-29DD907A7165:t2, leader=s4, voted=s4, raftlog=Memoized:s2@group-29DD907A7165-SegmentedRaftLog:OPENED:c0, conf=0: peers:[s3|rpc:localhost:46863|admin:localhost:41281|client:localhost:41041|dataStream:localhost:44363|priority:0|startupRole:FOLLOWER, s4|rpc:localhost:36775|admin:localhost:35477|client:localhost:46475|dataStream:localhost:42557|priority:0|startupRole:FOLLOWER, s0|rpc:localhost:33119|admin:localhost:42011|client:localhost:45597|dataStream:localhost:34507|priority:0|startupRole:FOLLOWER, s1|rpc:localhost:43051|admin:localhost:41551|client:localhost:45233|dataStream:localhost:41779|priority:0|startupRole:FOLLOWER, s2|rpc:localhost:41201|admin:localhost:41487|client:localhost:41547|dataStream:localhost:43565|priority:0|startupRole:FOLLOWER]|listeners:[], old=null
2022-11-01 02:15:12,859 [grpc-default-executor-2] INFO  util.CodeInjectionForTesting (BlockRequestHandlingInjection.java:execute(84)) - s1: unBlock request from s3
2022-11-01 02:15:12,859 [grpc-default-executor-2] INFO  server.RaftServer$Division (RaftServerImpl.java:requestVote(1291)) - s1@group-29DD907A7165: receive requestVote(PRE_VOTE, s3, group-29DD907A7165, 2, (t:2, i:0))
2022-11-01 02:15:12,859 [grpc-default-executor-2] INFO  impl.VoteContext (VoteContext.java:log(49)) - s1@group-29DD907A7165-FOLLOWER: accept PRE_VOTE from s3: our last entry (t:1, i:0) < candidate's last entry (t:2, i:0)
2022-11-01 02:15:12,859 [grpc-default-executor-2] INFO  server.RaftServer$Division (RaftServerImpl.java:requestVote(1324)) - s1@group-29DD907A7165 replies to PRE_VOTE vote request: s3<-s1#0:OK-t2. Peer's state: s1@group-29DD907A7165:t2, leader=null, voted=null, raftlog=Memoized:s1@group-29DD907A7165-SegmentedRaftLog:OPENED:c0, conf=0: peers:[s3|rpc:localhost:46863|admin:localhost:41281|client:localhost:41041|dataStream:localhost:44363|priority:0|startupRole:FOLLOWER, s4|rpc:localhost:36775|admin:localhost:35477|client:localhost:46475|dataStream:localhost:42557|priority:0|startupRole:FOLLOWER, s0|rpc:localhost:33119|admin:localhost:42011|client:localhost:45597|dataStream:localhost:34507|priority:0|startupRole:FOLLOWER, s1|rpc:localhost:43051|admin:localhost:41551|client:localhost:45233|dataStream:localhost:41779|priority:0|startupRole:FOLLOWER, s2|rpc:localhost:41201|admin:localhost:41487|client:localhost:41547|dataStream:localhost:43565|priority:0|startupRole:FOLLOWER]|listeners:[], old=null
2022-11-01 02:15:12,891 [grpc-default-executor-24] INFO  util.CodeInjectionForTesting (BlockRequestHandlingInjection.java:execute(84)) - s1: unBlock request from s2
2022-11-01 02:15:12,891 [grpc-default-executor-24] INFO  server.RaftServer$Division (RaftServerImpl.java:requestVote(1291)) - s1@group-29DD907A7165: receive requestVote(PRE_VOTE, s2, group-29DD907A7165, 2, (t:2, i:0))
2022-11-01 02:15:12,891 [grpc-default-executor-24] INFO  impl.VoteContext (VoteContext.java:log(49)) - s1@group-29DD907A7165-FOLLOWER: accept PRE_VOTE from s2: our last entry (t:1, i:0) < candidate's last entry (t:2, i:0)
2022-11-01 02:15:12,892 [grpc-default-executor-24] INFO  server.RaftServer$Division (RaftServerImpl.java:requestVote(1324)) - s1@group-29DD907A7165 replies to PRE_VOTE vote request: s2<-s1#0:OK-t2. Peer's state: s1@group-29DD907A7165:t2, leader=null, voted=null, raftlog=Memoized:s1@group-29DD907A7165-SegmentedRaftLog:OPENED:c0, conf=0: peers:[s3|rpc:localhost:46863|admin:localhost:41281|client:localhost:41041|dataStream:localhost:44363|priority:0|startupRole:FOLLOWER, s4|rpc:localhost:36775|admin:localhost:35477|client:localhost:46475|dataStream:localhost:42557|priority:0|startupRole:FOLLOWER, s0|rpc:localhost:33119|admin:localhost:42011|client:localhost:45597|dataStream:localhost:34507|priority:0|startupRole:FOLLOWER, s1|rpc:localhost:43051|admin:localhost:41551|client:localhost:45233|dataStream:localhost:41779|priority:0|startupRole:FOLLOWER, s2|rpc:localhost:41201|admin:localhost:41487|client:localhost:41547|dataStream:localhost:43565|priority:0|startupRole:FOLLOWER]|listeners:[], old=null
2022-11-01 02:15:12,913 [s1-server-thread2] INFO  util.CodeInjectionForTesting (BlockRequestHandlingInjection.java:execute(84)) - s1: unBlock request from s4
2022-11-01 02:15:12,914 [s1-server-thread2] INFO  server.RaftServer$Division (ServerState.java:setLeader(259)) - s1@group-29DD907A7165: change Leader from null to s4 at term 2 for appendEntries, leader elected after 832ms
2022-11-01 02:15:12,914 [s1-server-thread2] INFO  server.RaftServer$Division (RaftServerImpl.java:checkInconsistentAppendEntries(1599)) - s1@group-29DD907A7165: Failed appendEntries as previous log entry ((t:2, i:0)) is not found
2022-11-01 02:15:12,914 [s1-server-thread2] INFO  server.RaftServer$Division (RaftServerImpl.java:checkInconsistentAppendEntries(1569)) - s1@group-29DD907A7165: inconsistency entries. Reply:s4<-s1#11:FAIL-t2,INCONSISTENCY,nextIndex=0,followerCommit=0,matchIndex=-1
2022-11-01 02:15:12,915 [grpc-default-executor-24] INFO  leader.FollowerInfo (FollowerInfoImpl.java:lambda$new$0(48)) - s4@group-29DD907A7165->s1: nextIndex: updateUnconditionally 1 -> 0
2022-11-01 02:15:12,916 [s1-server-thread2] INFO  server.RaftServer$Division (RaftServerImpl.java:checkInconsistentAppendEntries(1599)) - s1@group-29DD907A7165: Failed appendEntries as previous log entry ((t:2, i:0)) is not found
2022-11-01 02:15:12,916 [s1-server-thread2] INFO  server.RaftServer$Division (RaftServerImpl.java:checkInconsistentAppendEntries(1569)) - s1@group-29DD907A7165: inconsistency entries. Reply:s4<-s1#12:FAIL-t2,INCONSISTENCY,nextIndex=0,followerCommit=0,matchIndex=-1
2022-11-01 02:15:12,916 [s1-server-thread2] INFO  server.RaftServer$Division (RaftServerImpl.java:checkInconsistentAppendEntries(1599)) - s1@group-29DD907A7165: Failed appendEntries as previous log entry ((t:2, i:0)) is not found
2022-11-01 02:15:12,917 [s1-server-thread2] INFO  server.RaftServer$Division (RaftServerImpl.java:checkInconsistentAppendEntries(1569)) - s1@group-29DD907A7165: inconsistency entries. Reply:s4<-s1#13:FAIL-t2,INCONSISTENCY,nextIndex=0,followerCommit=0,matchIndex=-1
2022-11-01 02:15:12,917 [grpc-default-executor-24] INFO  leader.FollowerInfo (FollowerInfoImpl.java:lambda$new$0(48)) - s4@group-29DD907A7165->s1: nextIndex: updateUnconditionally 1 -> 0
2022-11-01 02:15:12,917 [s1-server-thread1] DEBUG server.RaftServer$Division (RaftServerImpl.java:logAppendEntries(1418)) - s1@group-29DD907A7165: receive appendEntries(s4, 2, null, 0, true, commits:[s4:c0, s3:c0, s0:c0, s1:c0, s2:c0], cId:19, entries: [(t:2, i:0), CONFIGURATIONENTRY(current:id: "s3"
address: "localhost:46863"
dataStreamAddress: "localhost:44363"
clientAddress: "localhost:41041"
adminAddress: "localhost:41281"
startupRole: FOLLOWER
,id: "s4"
address: "localhost:36775"
dataStreamAddress: "localhost:42557"
clientAddress: "localhost:46475"
adminAddress: "localhost:35477"
startupRole: FOLLOWER
,id: "s0"
address: "localhost:33119"
dataStreamAddress: "localhost:34507"
clientAddress: "localhost:45597"
adminAddress: "localhost:42011"
startupRole: FOLLOWER
,id: "s1"
address: "localhost:43051"
dataStreamAddress: "localhost:41779"
clientAddress: "localhost:45233"
adminAddress: "localhost:41551"
startupRole: FOLLOWER
,id: "s2"
address: "localhost:41201"
dataStreamAddress: "localhost:43565"
clientAddress: "localhost:41547"
adminAddress: "localhost:41487"
startupRole: FOLLOWER
, old:)]
2022-11-01 02:15:12,917 [s1-server-thread1] INFO  server.RaftServer$Division (RaftServerImpl.java:checkInconsistentAppendEntries(1589)) - s1@group-29DD907A7165: Failed appendEntries as the first entry (index 0) already exists (snapshotIndex: -1, commitIndex: 0)
2022-11-01 02:15:12,917 [s1-server-thread1] INFO  server.RaftServer$Division (RaftServerImpl.java:checkInconsistentAppendEntries(1569)) - s1@group-29DD907A7165: inconsistency entries. Reply:s4<-s1#19:FAIL-t2,INCONSISTENCY,nextIndex=1,followerCommit=0,matchIndex=-1
2022-11-01 02:15:12,918 [s1-server-thread1] INFO  server.RaftServer$Division (RaftServerImpl.java:checkInconsistentAppendEntries(1599)) - s1@group-29DD907A7165: Failed appendEntries as previous log entry ((t:2, i:0)) is not found
2022-11-01 02:15:12,918 [s1-server-thread1] INFO  server.RaftServer$Division (RaftServerImpl.java:checkInconsistentAppendEntries(1569)) - s1@group-29DD907A7165: inconsistency entries. Reply:s4<-s1#14:FAIL-t2,INCONSISTENCY,nextIndex=0,followerCommit=0,matchIndex=-1
2022-11-01 02:15:12,919 [grpc-default-executor-24] INFO  leader.FollowerInfo (FollowerInfoImpl.java:lambda$new$0(48)) - s4@group-29DD907A7165->s1: nextIndex: updateUnconditionally 1 -> 0
2022-11-01 02:15:12,919 [grpc-default-executor-27] INFO  leader.FollowerInfo (FollowerInfoImpl.java:lambda$new$0(48)) - s4@group-29DD907A7165->s1: nextIndex: updateUnconditionally 0 -> 1
2022-11-01 02:15:12,919 [s1-server-thread1] INFO  server.RaftServer$Division (RaftServerImpl.java:checkInconsistentAppendEntries(1599)) - s1@group-29DD907A7165: Failed appendEntries as previous log entry ((t:2, i:0)) is not found
2022-11-01 02:15:12,923 [grpc-default-executor-27] INFO  leader.FollowerInfo (FollowerInfoImpl.java:lambda$new$0(48)) - s4@group-29DD907A7165->s1: nextIndex: updateUnconditionally 1 -> 0
2022-11-01 02:15:12,924 [s1-server-thread2] DEBUG server.RaftServer$Division (RaftServerImpl.java:logAppendEntries(1418)) - s1@group-29DD907A7165: receive appendEntries(s4, 2, null, 0, true, commits:[s4:c0, s3:c0, s0:c0, s1:c0, s2:c0], cId:20, entries: [(t:2, i:0), CONFIGURATIONENTRY(current:id: "s3"
address: "localhost:46863"
dataStreamAddress: "localhost:44363"
clientAddress: "localhost:41041"
adminAddress: "localhost:41281"
startupRole: FOLLOWER
,id: "s4"
address: "localhost:36775"
dataStreamAddress: "localhost:42557"
clientAddress: "localhost:46475"
adminAddress: "localhost:35477"
startupRole: FOLLOWER
,id: "s0"
address: "localhost:33119"
dataStreamAddress: "localhost:34507"
clientAddress: "localhost:45597"
adminAddress: "localhost:42011"
startupRole: FOLLOWER
,id: "s1"
address: "localhost:43051"
dataStreamAddress: "localhost:41779"
clientAddress: "localhost:45233"
adminAddress: "localhost:41551"
startupRole: FOLLOWER
,id: "s2"
address: "localhost:41201"
dataStreamAddress: "localhost:43565"
clientAddress: "localhost:41547"
adminAddress: "localhost:41487"
startupRole: FOLLOWER
, old:)]
2022-11-01 02:15:12,925 [s1-server-thread1] INFO  server.RaftServer$Division (RaftServerImpl.java:checkInconsistentAppendEntries(1569)) - s1@group-29DD907A7165: inconsistency entries. Reply:s4<-s1#15:FAIL-t2,INCONSISTENCY,nextIndex=0,followerCommit=0,matchIndex=-1
2022-11-01 02:15:12,925 [s1-server-thread2] INFO  server.RaftServer$Division (RaftServerImpl.java:checkInconsistentAppendEntries(1589)) - s1@group-29DD907A7165: Failed appendEntries as the first entry (index 0) already exists (snapshotIndex: -1, commitIndex: 0)
2022-11-01 02:15:12,925 [s1-server-thread2] INFO  server.RaftServer$Division (RaftServerImpl.java:checkInconsistentAppendEntries(1569)) - s1@group-29DD907A7165: inconsistency entries. Reply:s4<-s1#20:FAIL-t2,INCONSISTENCY,nextIndex=1,followerCommit=0,matchIndex=-1
2022-11-01 02:15:12,926 [grpc-default-executor-27] INFO  leader.FollowerInfo (FollowerInfoImpl.java:lambda$new$0(48)) - s4@group-29DD907A7165->s1: nextIndex: updateUnconditionally 1 -> 1
2022-11-01 02:15:12,926 [grpc-default-executor-27] INFO  leader.FollowerInfo (FollowerInfoImpl.java:lambda$new$0(48)) - s4@group-29DD907A7165->s1: nextIndex: updateUnconditionally 1 -> 0
2022-11-01 02:15:12,927 [s1-server-thread2] INFO  server.RaftServer$Division (RaftServerImpl.java:checkInconsistentAppendEntries(1599)) - s1@group-29DD907A7165: Failed appendEntries as previous log entry ((t:2, i:0)) is not found
2022-11-01 02:15:12,927 [s1-server-thread2] INFO  server.RaftServer$Division (RaftServerImpl.java:checkInconsistentAppendEntries(1569)) - s1@group-29DD907A7165: inconsistency entries. Reply:s4<-s1#16:FAIL-t2,INCONSISTENCY,nextIndex=0,followerCommit=0,matchIndex=-1
2022-11-01 02:15:12,928 [grpc-default-executor-27] INFO  leader.FollowerInfo (FollowerInfoImpl.java:lambda$new$0(48)) - s4@group-29DD907A7165->s1: nextIndex: updateUnconditionally 1 -> 0
2022-11-01 02:15:12,928 [s1-server-thread2] INFO  server.RaftServer$Division (RaftServerImpl.java:checkInconsistentAppendEntries(1599)) - s1@group-29DD907A7165: Failed appendEntries as previous log entry ((t:2, i:0)) is not found
2022-11-01 02:15:12,928 [s1-server-thread2] INFO  server.RaftServer$Division (RaftServerImpl.java:checkInconsistentAppendEntries(1569)) - s1@group-29DD907A7165: inconsistency entries. Reply:s4<-s1#17:FAIL-t2,INCONSISTENCY,nextIndex=0,followerCommit=0,matchIndex=-1
2022-11-01 02:15:12,929 [grpc-default-executor-27] INFO  leader.FollowerInfo (FollowerInfoImpl.java:lambda$new$0(48)) - s4@group-29DD907A7165->s1: nextIndex: updateUnconditionally 1 -> 0
2022-11-01 02:15:12,930 [s1-server-thread3] DEBUG server.RaftServer$Division (RaftServerImpl.java:logAppendEntries(1418)) - s1@group-29DD907A7165: receive appendEntries(s4, 2, null, 0, true, commits:[s4:c0, s3:c0, s0:c0, s1:c0, s2:c0], cId:21, entries: [(t:2, i:0), CONFIGURATIONENTRY(current:id: "s3"
address: "localhost:46863"
dataStreamAddress: "localhost:44363"
clientAddress: "localhost:41041"
adminAddress: "localhost:41281"
startupRole: FOLLOWER
,id: "s4"
address: "localhost:36775"
dataStreamAddress: "localhost:42557"
clientAddress: "localhost:46475"
adminAddress: "localhost:35477"
startupRole: FOLLOWER
,id: "s0"
address: "localhost:33119"
dataStreamAddress: "localhost:34507"
clientAddress: "localhost:45597"
adminAddress: "localhost:42011"
startupRole: FOLLOWER
,id: "s1"
address: "localhost:43051"
dataStreamAddress: "localhost:41779"
clientAddress: "localhost:45233"
adminAddress: "localhost:41551"
startupRole: FOLLOWER
,id: "s2"
address: "localhost:41201"
dataStreamAddress: "localhost:43565"
clientAddress: "localhost:41547"
adminAddress: "localhost:41487"
startupRole: FOLLOWER
, old:)]
2022-11-01 02:15:12,930 [s1-server-thread3] INFO  server.RaftServer$Division (RaftServerImpl.java:checkInconsistentAppendEntries(1589)) - s1@group-29DD907A7165: Failed appendEntries as the first entry (index 0) already exists (snapshotIndex: -1, commitIndex: 0)
2022-11-01 02:15:12,930 [s1-server-thread3] INFO  server.RaftServer$Division (RaftServerImpl.java:checkInconsistentAppendEntries(1569)) - s1@group-29DD907A7165: inconsistency entries. Reply:s4<-s1#21:FAIL-t2,INCONSISTENCY,nextIndex=1,followerCommit=0,matchIndex=-1
2022-11-01 02:15:12,931 [s1-server-thread1] DEBUG server.RaftServer$Division (RaftServerImpl.java:logAppendEntries(1418)) - s1@group-29DD907A7165: receive appendEntries(s4, 2, null, 0, true, commits:[s4:c0, s3:c0, s0:c0, s1:c0, s2:c0], cId:22, entries: [(t:2, i:0), CONFIGURATIONENTRY(current:id: "s3"
address: "localhost:46863"
dataStreamAddress: "localhost:44363"
clientAddress: "localhost:41041"
adminAddress: "localhost:41281"
startupRole: FOLLOWER
,id: "s4"
address: "localhost:36775"
dataStreamAddress: "localhost:42557"
clientAddress: "localhost:46475"
adminAddress: "localhost:35477"
startupRole: FOLLOWER
,id: "s0"
address: "localhost:33119"
dataStreamAddress: "localhost:34507"
clientAddress: "localhost:45597"
adminAddress: "localhost:42011"
startupRole: FOLLOWER
,id: "s1"
address: "localhost:43051"
dataStreamAddress: "localhost:41779"
clientAddress: "localhost:45233"
adminAddress: "localhost:41551"
startupRole: FOLLOWER
,id: "s2"
address: "localhost:41201"
dataStreamAddress: "localhost:43565"
clientAddress: "localhost:41547"
adminAddress: "localhost:41487"
startupRole: FOLLOWER
, old:)]
2022-11-01 02:15:12,931 [s1-server-thread1] INFO  server.RaftServer$Division (RaftServerImpl.java:checkInconsistentAppendEntries(1589)) - s1@group-29DD907A7165: Failed appendEntries as the first entry (index 0) already exists (snapshotIndex: -1, commitIndex: 0)
2022-11-01 02:15:12,932 [s1-server-thread1] INFO  server.RaftServer$Division (RaftServerImpl.java:checkInconsistentAppendEntries(1569)) - s1@group-29DD907A7165: inconsistency entries. Reply:s4<-s1#22:FAIL-t2,INCONSISTENCY,nextIndex=1,followerCommit=0,matchIndex=-1
2022-11-01 02:15:12,932 [grpc-default-executor-27] INFO  leader.FollowerInfo (FollowerInfoImpl.java:lambda$new$0(48)) - s4@group-29DD907A7165->s1: nextIndex: updateUnconditionally 1 -> 1
2022-11-01 02:15:12,932 [grpc-default-executor-24] INFO  leader.FollowerInfo (FollowerInfoImpl.java:lambda$new$0(48)) - s4@group-29DD907A7165->s1: nextIndex: updateUnconditionally 1 -> 1
2022-11-01 02:15:12,933 [grpc-default-executor-29] INFO  util.CodeInjectionForTesting (BlockRequestHandlingInjection.java:execute(84)) - s1: unBlock request from s3
2022-11-01 02:15:12,934 [grpc-default-executor-29] INFO  server.RaftServer$Division (RaftServerImpl.java:requestVote(1291)) - s1@group-29DD907A7165: receive requestVote(PRE_VOTE, s3, group-29DD907A7165, 2, (t:2, i:0))
2022-11-01 02:15:12,934 [grpc-default-executor-29] INFO  impl.VoteContext (VoteContext.java:log(49)) - s1@group-29DD907A7165-FOLLOWER: reject PRE_VOTE from s3: this server is a follower and still has a valid leader s4
2022-11-01 02:15:12,934 [grpc-default-executor-29] INFO  server.RaftServer$Division (RaftServerImpl.java:requestVote(1324)) - s1@group-29DD907A7165 replies to PRE_VOTE vote request: s3<-s1#0:FAIL-t2. Peer's state: s1@group-29DD907A7165:t2, leader=s4, voted=null, raftlog=Memoized:s1@group-29DD907A7165-SegmentedRaftLog:OPENED:c0, conf=0: peers:[s3|rpc:localhost:46863|admin:localhost:41281|client:localhost:41041|dataStream:localhost:44363|priority:0|startupRole:FOLLOWER, s4|rpc:localhost:36775|admin:localhost:35477|client:localhost:46475|dataStream:localhost:42557|priority:0|startupRole:FOLLOWER, s0|rpc:localhost:33119|admin:localhost:42011|client:localhost:45597|dataStream:localhost:34507|priority:0|startupRole:FOLLOWER, s1|rpc:localhost:43051|admin:localhost:41551|client:localhost:45233|dataStream:localhost:41779|priority:0|startupRole:FOLLOWER, s2|rpc:localhost:41201|admin:localhost:41487|client:localhost:41547|dataStream:localhost:43565|priority:0|startupRole:FOLLOWER]|listeners:[], old=null
2022-11-01 02:15:12,936 [s1-server-thread3] DEBUG server.RaftServer$Division (RaftServerImpl.java:logAppendEntries(1418)) - s1@group-29DD907A7165: receive appendEntries(s4, 2, null, 0, true, commits:[s4:c0, s3:c0, s0:c0, s1:c0, s2:c0], cId:23, entries: [(t:2, i:0), CONFIGURATIONENTRY(current:id: "s3"
address: "localhost:46863"
dataStreamAddress: "localhost:44363"
clientAddress: "localhost:41041"
adminAddress: "localhost:41281"
startupRole: FOLLOWER
,id: "s4"
address: "localhost:36775"
dataStreamAddress: "localhost:42557"
clientAddress: "localhost:46475"
adminAddress: "localhost:35477"
startupRole: FOLLOWER
,id: "s0"
address: "localhost:33119"
dataStreamAddress: "localhost:34507"
clientAddress: "localhost:45597"
adminAddress: "localhost:42011"
startupRole: FOLLOWER
,id: "s1"
address: "localhost:43051"
dataStreamAddress: "localhost:41779"
clientAddress: "localhost:45233"
adminAddress: "localhost:41551"
startupRole: FOLLOWER
,id: "s2"
address: "localhost:41201"
dataStreamAddress: "localhost:43565"
clientAddress: "localhost:41547"
adminAddress: "localhost:41487"
startupRole: FOLLOWER
, old:)]
2022-11-01 02:15:12,936 [s1-server-thread3] INFO  server.RaftServer$Division (RaftServerImpl.java:checkInconsistentAppendEntries(1589)) - s1@group-29DD907A7165: Failed appendEntries as the first entry (index 0) already exists (snapshotIndex: -1, commitIndex: 0)
2022-11-01 02:15:12,936 [s1-server-thread3] INFO  server.RaftServer$Division (RaftServerImpl.java:checkInconsistentAppendEntries(1569)) - s1@group-29DD907A7165: inconsistency entries. Reply:s4<-s1#23:FAIL-t2,INCONSISTENCY,nextIndex=1,followerCommit=0,matchIndex=-1
2022-11-01 02:15:12,936 [s1-server-thread4] INFO  server.RaftServer$Division (RaftServerImpl.java:checkInconsistentAppendEntries(1599)) - s1@group-29DD907A7165: Failed appendEntries as previous log entry ((t:2, i:0)) is not found
2022-11-01 02:15:12,936 [s1-server-thread4] INFO  server.RaftServer$Division (RaftServerImpl.java:checkInconsistentAppendEntries(1569)) - s1@group-29DD907A7165: inconsistency entries. Reply:s4<-s1#18:FAIL-t2,INCONSISTENCY,nextIndex=0,followerCommit=0,matchIndex=-1
2022-11-01 02:15:12,937 [grpc-default-executor-29] INFO  leader.FollowerInfo (FollowerInfoImpl.java:lambda$new$0(48)) - s4@group-29DD907A7165->s1: nextIndex: updateUnconditionally 1 -> 1
2022-11-01 02:15:12,937 [grpc-default-executor-29] INFO  leader.FollowerInfo (FollowerInfoImpl.java:lambda$new$0(48)) - s4@group-29DD907A7165->s1: nextIndex: updateUnconditionally 1 -> 0
2022-11-01 02:15:12,938 [s1-server-thread3] DEBUG server.RaftServer$Division (RaftServerImpl.java:logAppendEntries(1418)) - s1@group-29DD907A7165: receive appendEntries(s4, 2, null, 0, true, commits:[s4:c0, s3:c0, s0:c0, s1:c0, s2:c0], cId:24, entries: [(t:2, i:0), CONFIGURATIONENTRY(current:id: "s3"
address: "localhost:46863"
dataStreamAddress: "localhost:44363"
clientAddress: "localhost:41041"
adminAddress: "localhost:41281"
startupRole: FOLLOWER
,id: "s4"
address: "localhost:36775"
dataStreamAddress: "localhost:42557"
clientAddress: "localhost:46475"
adminAddress: "localhost:35477"
startupRole: FOLLOWER
,id: "s0"
address: "localhost:33119"
dataStreamAddress: "localhost:34507"
clientAddress: "localhost:45597"
adminAddress: "localhost:42011"
startupRole: FOLLOWER
,id: "s1"
address: "localhost:43051"
dataStreamAddress: "localhost:41779"
clientAddress: "localhost:45233"
adminAddress: "localhost:41551"
startupRole: FOLLOWER
,id: "s2"
address: "localhost:41201"
dataStreamAddress: "localhost:43565"
clientAddress: "localhost:41547"
adminAddress: "localhost:41487"
startupRole: FOLLOWER
, old:)]
2022-11-01 02:15:12,938 [s1-server-thread3] INFO  server.RaftServer$Division (RaftServerImpl.java:checkInconsistentAppendEntries(1589)) - s1@group-29DD907A7165: Failed appendEntries as the first entry (index 0) already exists (snapshotIndex: -1, commitIndex: 0)
2022-11-01 02:15:12,938 [s1-server-thread3] INFO  server.RaftServer$Division (RaftServerImpl.java:checkInconsistentAppendEntries(1569)) - s1@group-29DD907A7165: inconsistency entries. Reply:s4<-s1#24:FAIL-t2,INCONSISTENCY,nextIndex=1,followerCommit=0,matchIndex=-1
2022-11-01 02:15:12,940 [s1-server-thread4] DEBUG server.RaftServer$Division (RaftServerImpl.java:logAppendEntries(1418)) - s1@group-29DD907A7165: receive appendEntries(s4, 2, null, 0, true, commits:[s4:c0, s3:c0, s0:c0, s1:c0, s2:c0], cId:25, entries: [(t:2, i:0), CONFIGURATIONENTRY(current:id: "s3"
address: "localhost:46863"
dataStreamAddress: "localhost:44363"
clientAddress: "localhost:41041"
adminAddress: "localhost:41281"
startupRole: FOLLOWER
,id: "s4"
address: "localhost:36775"
dataStreamAddress: "localhost:42557"
clientAddress: "localhost:46475"
adminAddress: "localhost:35477"
startupRole: FOLLOWER
,id: "s0"
address: "localhost:33119"
dataStreamAddress: "localhost:34507"
clientAddress: "localhost:45597"
adminAddress: "localhost:42011"
startupRole: FOLLOWER
,id: "s1"
address: "localhost:43051"
dataStreamAddress: "localhost:41779"
clientAddress: "localhost:45233"
adminAddress: "localhost:41551"
startupRole: FOLLOWER
,id: "s2"
address: "localhost:41201"
dataStreamAddress: "localhost:43565"
clientAddress: "localhost:41547"
adminAddress: "localhost:41487"
startupRole: FOLLOWER
, old:)]
2022-11-01 02:15:12,940 [s1-server-thread4] INFO  server.RaftServer$Division (RaftServerImpl.java:checkInconsistentAppendEntries(1589)) - s1@group-29DD907A7165: Failed appendEntries as the first entry (index 0) already exists (snapshotIndex: -1, commitIndex: 0)
2022-11-01 02:15:12,940 [s1-server-thread4] INFO  server.RaftServer$Division (RaftServerImpl.java:checkInconsistentAppendEntries(1569)) - s1@group-29DD907A7165: inconsistency entries. Reply:s4<-s1#25:FAIL-t2,INCONSISTENCY,nextIndex=1,followerCommit=0,matchIndex=-1
2022-11-01 02:15:12,941 [grpc-default-executor-24] INFO  leader.FollowerInfo (FollowerInfoImpl.java:lambda$new$0(48)) - s4@group-29DD907A7165->s1: nextIndex: updateUnconditionally 1 -> 1
2022-11-01 02:15:12,941 [grpc-default-executor-24] INFO  leader.FollowerInfo (FollowerInfoImpl.java:lambda$new$0(48)) - s4@group-29DD907A7165->s1: nextIndex: updateUnconditionally 1 -> 1
2022-11-01 02:15:12,958 [grpc-default-executor-5] INFO  util.CodeInjectionForTesting (BlockRequestHandlingInjection.java:execute(84)) - s1: unBlock request from s2
2022-11-01 02:15:12,958 [grpc-default-executor-5] INFO  server.RaftServer$Division (RaftServerImpl.java:requestVote(1291)) - s1@group-29DD907A7165: receive requestVote(PRE_VOTE, s2, group-29DD907A7165, 2, (t:2, i:0))
2022-11-01 02:15:12,958 [grpc-default-executor-5] INFO  impl.VoteContext (VoteContext.java:log(49)) - s1@group-29DD907A7165-FOLLOWER: reject PRE_VOTE from s2: this server is a follower and still has a valid leader s4
2022-11-01 02:15:12,959 [grpc-default-executor-5] INFO  server.RaftServer$Division (RaftServerImpl.java:requestVote(1324)) - s1@group-29DD907A7165 replies to PRE_VOTE vote request: s2<-s1#0:FAIL-t2. Peer's state: s1@group-29DD907A7165:t2, leader=s4, voted=null, raftlog=Memoized:s1@group-29DD907A7165-SegmentedRaftLog:OPENED:c0, conf=0: peers:[s3|rpc:localhost:46863|admin:localhost:41281|client:localhost:41041|dataStream:localhost:44363|priority:0|startupRole:FOLLOWER, s4|rpc:localhost:36775|admin:localhost:35477|client:localhost:46475|dataStream:localhost:42557|priority:0|startupRole:FOLLOWER, s0|rpc:localhost:33119|admin:localhost:42011|client:localhost:45597|dataStream:localhost:34507|priority:0|startupRole:FOLLOWER, s1|rpc:localhost:43051|admin:localhost:41551|client:localhost:45233|dataStream:localhost:41779|priority:0|startupRole:FOLLOWER, s2|rpc:localhost:41201|admin:localhost:41487|client:localhost:41547|dataStream:localhost:43565|priority:0|startupRole:FOLLOWER]|listeners:[], old=null
2022-11-01 02:15:13,018 [s1-server-thread4] INFO  server.RaftServer$Division (RaftServerImpl.java:checkInconsistentAppendEntries(1599)) - s1@group-29DD907A7165: Failed appendEntries as previous log entry ((t:2, i:0)) is not found
2022-11-01 02:15:13,019 [s1-server-thread4] INFO  server.RaftServer$Division (RaftServerImpl.java:checkInconsistentAppendEntries(1569)) - s1@group-29DD907A7165: inconsistency entries. Reply:s4<-s1#26:FAIL-t2,INCONSISTENCY,nextIndex=0,followerCommit=0,matchIndex=-1
2022-11-01 02:15:13,020 [grpc-default-executor-24] INFO  leader.FollowerInfo (FollowerInfoImpl.java:lambda$new$0(48)) - s4@group-29DD907A7165->s1: nextIndex: updateUnconditionally 1 -> 0
2022-11-01 02:15:13,021 [s1-server-thread4] DEBUG server.RaftServer$Division (RaftServerImpl.java:logAppendEntries(1418)) - s1@group-29DD907A7165: receive appendEntries(s4, 2, null, 0, true, commits:[s4:c0, s3:c0, s0:c0, s1:c0, s2:c0], cId:27, entries: [(t:2, i:0), CONFIGURATIONENTRY(current:id: "s3"
address: "localhost:46863"
dataStreamAddress: "localhost:44363"
clientAddress: "localhost:41041"
adminAddress: "localhost:41281"
startupRole: FOLLOWER
,id: "s4"
address: "localhost:36775"
dataStreamAddress: "localhost:42557"
clientAddress: "localhost:46475"
adminAddress: "localhost:35477"
startupRole: FOLLOWER
,id: "s0"
address: "localhost:33119"
dataStreamAddress: "localhost:34507"
clientAddress: "localhost:45597"
adminAddress: "localhost:42011"
startupRole: FOLLOWER
,id: "s1"
address: "localhost:43051"
dataStreamAddress: "localhost:41779"
clientAddress: "localhost:45233"
adminAddress: "localhost:41551"
startupRole: FOLLOWER
,id: "s2"
address: "localhost:41201"
dataStreamAddress: "localhost:43565"
clientAddress: "localhost:41547"
adminAddress: "localhost:41487"
startupRole: FOLLOWER
, old:)]
2022-11-01 02:15:13,021 [s1-server-thread4] INFO  server.RaftServer$Division (RaftServerImpl.java:checkInconsistentAppendEntries(1589)) - s1@group-29DD907A7165: Failed appendEntries as the first entry (index 0) already exists (snapshotIndex: -1, commitIndex: 0)
2022-11-01 02:15:13,021 [s1-server-thread4] INFO  server.RaftServer$Division (RaftServerImpl.java:checkInconsistentAppendEntries(1569)) - s1@group-29DD907A7165: inconsistency entries. Reply:s4<-s1#27:FAIL-t2,INCONSISTENCY,nextIndex=1,followerCommit=0,matchIndex=-1
2022-11-01 02:15:13,022 [grpc-default-executor-5] INFO  leader.FollowerInfo (FollowerInfoImpl.java:lambda$new$0(48)) - s4@group-29DD907A7165->s1: nextIndex: updateUnconditionally 1 -> 1
2022-11-01 02:15:13,098 [s1-server-thread4] INFO  server.RaftServer$Division (RaftServerImpl.java:checkInconsistentAppendEntries(1599)) - s1@group-29DD907A7165: Failed appendEntries as previous log entry ((t:2, i:0)) is not found
2022-11-01 02:15:13,098 [s1-server-thread4] INFO  server.RaftServer$Division (RaftServerImpl.java:checkInconsistentAppendEntries(1569)) - s1@group-29DD907A7165: inconsistency entries. Reply:s4<-s1#28:FAIL-t2,INCONSISTENCY,nextIndex=0,followerCommit=0,matchIndex=-1
2022-11-01 02:15:13,099 [grpc-default-executor-5] INFO  leader.FollowerInfo (FollowerInfoImpl.java:lambda$new$0(48)) - s4@group-29DD907A7165->s1: nextIndex: updateUnconditionally 1 -> 0
2022-11-01 02:15:13,101 [s1-server-thread4] DEBUG server.RaftServer$Division (RaftServerImpl.java:logAppendEntries(1418)) - s1@group-29DD907A7165: receive appendEntries(s4, 2, null, 0, true, commits:[s4:c0, s3:c0, s0:c0, s1:c0, s2:c0], cId:29, entries: [(t:2, i:0), CONFIGURATIONENTRY(current:id: "s3"
address: "localhost:46863"
dataStreamAddress: "localhost:44363"
clientAddress: "localhost:41041"
adminAddress: "localhost:41281"
startupRole: FOLLOWER
,id: "s4"
address: "localhost:36775"
dataStreamAddress: "localhost:42557"
clientAddress: "localhost:46475"
adminAddress: "localhost:35477"
startupRole: FOLLOWER
,id: "s0"
address: "localhost:33119"
dataStreamAddress: "localhost:34507"
clientAddress: "localhost:45597"
adminAddress: "localhost:42011"
startupRole: FOLLOWER
,id: "s1"
address: "localhost:43051"
dataStreamAddress: "localhost:41779"
clientAddress: "localhost:45233"
adminAddress: "localhost:41551"
startupRole: FOLLOWER
,id: "s2"
address: "localhost:41201"
dataStreamAddress: "localhost:43565"
clientAddress: "localhost:41547"
adminAddress: "localhost:41487"
startupRole: FOLLOWER
, old:)]
2022-11-01 02:15:13,102 [s1-server-thread4] INFO  server.RaftServer$Division (RaftServerImpl.java:checkInconsistentAppendEntries(1589)) - s1@group-29DD907A7165: Failed appendEntries as the first entry (index 0) already exists (snapshotIndex: -1, commitIndex: 0)
2022-11-01 02:15:13,102 [s1-server-thread4] INFO  server.RaftServer$Division (RaftServerImpl.java:checkInconsistentAppendEntries(1569)) - s1@group-29DD907A7165: inconsistency entries. Reply:s4<-s1#29:FAIL-t2,INCONSISTENCY,nextIndex=1,followerCommit=0,matchIndex=-1
2022-11-01 02:15:13,102 [grpc-default-executor-5] INFO  leader.FollowerInfo (FollowerInfoImpl.java:lambda$new$0(48)) - s4@group-29DD907A7165->s1: nextIndex: updateUnconditionally 1 -> 1
2022-11-01 02:15:13,178 [s1-server-thread4] INFO  server.RaftServer$Division (RaftServerImpl.java:checkInconsistentAppendEntries(1599)) - s1@group-29DD907A7165: Failed appendEntries as previous log entry ((t:2, i:0)) is not found
2022-11-01 02:15:13,179 [s1-server-thread4] INFO  server.RaftServer$Division (RaftServerImpl.java:checkInconsistentAppendEntries(1569)) - s1@group-29DD907A7165: inconsistency entries. Reply:s4<-s1#30:FAIL-t2,INCONSISTENCY,nextIndex=0,followerCommit=0,matchIndex=-1
2022-11-01 02:15:13,179 [grpc-default-executor-5] INFO  leader.FollowerInfo (FollowerInfoImpl.java:lambda$new$0(48)) - s4@group-29DD907A7165->s1: nextIndex: updateUnconditionally 1 -> 0
2022-11-01 02:15:13,181 [s1-server-thread4] DEBUG server.RaftServer$Division (RaftServerImpl.java:logAppendEntries(1418)) - s1@group-29DD907A7165: receive appendEntries(s4, 2, null, 0, true, commits:[s4:c0, s3:c0, s0:c0, s1:c0, s2:c0], cId:31, entries: [(t:2, i:0), CONFIGURATIONENTRY(current:id: "s3"
address: "localhost:46863"
dataStreamAddress: "localhost:44363"
clientAddress: "localhost:41041"
adminAddress: "localhost:41281"
startupRole: FOLLOWER
,id: "s4"
address: "localhost:36775"
dataStreamAddress: "localhost:42557"
clientAddress: "localhost:46475"
adminAddress: "localhost:35477"
startupRole: FOLLOWER
,id: "s0"
address: "localhost:33119"
dataStreamAddress: "localhost:34507"
clientAddress: "localhost:45597"
adminAddress: "localhost:42011"
startupRole: FOLLOWER
,id: "s1"
address: "localhost:43051"
dataStreamAddress: "localhost:41779"
clientAddress: "localhost:45233"
adminAddress: "localhost:41551"
startupRole: FOLLOWER
,id: "s2"
address: "localhost:41201"
dataStreamAddress: "localhost:43565"
clientAddress: "localhost:41547"
adminAddress: "localhost:41487"
startupRole: FOLLOWER
, old:)]
2022-11-01 02:15:13,181 [s1-server-thread4] INFO  server.RaftServer$Division (RaftServerImpl.java:checkInconsistentAppendEntries(1589)) - s1@group-29DD907A7165: Failed appendEntries as the first entry (index 0) already exists (snapshotIndex: -1, commitIndex: 0)
2022-11-01 02:15:13,181 [s1-server-thread4] INFO  server.RaftServer$Division (RaftServerImpl.java:checkInconsistentAppendEntries(1569)) - s1@group-29DD907A7165: inconsistency entries. Reply:s4<-s1#31:FAIL-t2,INCONSISTENCY,nextIndex=1,followerCommit=0,matchIndex=-1
2022-11-01 02:15:13,182 [grpc-default-executor-5] INFO  leader.FollowerInfo (FollowerInfoImpl.java:lambda$new$0(48)) - s4@group-29DD907A7165->s1: nextIndex: updateUnconditionally 1 -> 1
2022-11-01 02:15:13,258 [s1-server-thread4] INFO  server.RaftServer$Division (RaftServerImpl.java:checkInconsistentAppendEntries(1599)) - s1@group-29DD907A7165: Failed appendEntries as previous log entry ((t:2, i:0)) is not found
2022-11-01 02:15:13,258 [s1-server-thread4] INFO  server.RaftServer$Division (RaftServerImpl.java:checkInconsistentAppendEntries(1569)) - s1@group-29DD907A7165: inconsistency entries. Reply:s4<-s1#32:FAIL-t2,INCONSISTENCY,nextIndex=0,followerCommit=0,matchIndex=-1
2022-11-01 02:15:13,259 [grpc-default-executor-5] INFO  leader.FollowerInfo (FollowerInfoImpl.java:lambda$new$0(48)) - s4@group-29DD907A7165->s1: nextIndex: updateUnconditionally 1 -> 0
2022-11-01 02:15:13,260 [s1-server-thread4] DEBUG server.RaftServer$Division (RaftServerImpl.java:logAppendEntries(1418)) - s1@group-29DD907A7165: receive appendEntries(s4, 2, null, 0, true, commits:[s4:c0, s3:c0, s0:c0, s1:c0, s2:c0], cId:33, entries: [(t:2, i:0), CONFIGURATIONENTRY(current:id: "s3"
address: "localhost:46863"
dataStreamAddress: "localhost:44363"
clientAddress: "localhost:41041"
adminAddress: "localhost:41281"
startupRole: FOLLOWER
,id: "s4"
address: "localhost:36775"
dataStreamAddress: "localhost:42557"
clientAddress: "localhost:46475"
adminAddress: "localhost:35477"
startupRole: FOLLOWER
,id: "s0"
address: "localhost:33119"
dataStreamAddress: "localhost:34507"
clientAddress: "localhost:45597"
adminAddress: "localhost:42011"
startupRole: FOLLOWER
,id: "s1"
address: "localhost:43051"
dataStreamAddress: "localhost:41779"
clientAddress: "localhost:45233"
adminAddress: "localhost:41551"
startupRole: FOLLOWER
,id: "s2"
address: "localhost:41201"
dataStreamAddress: "localhost:43565"
clientAddress: "localhost:41547"
adminAddress: "localhost:41487"
startupRole: FOLLOWER
, old:)]
2022-11-01 02:15:13,260 [s1-server-thread4] INFO  server.RaftServer$Division (RaftServerImpl.java:checkInconsistentAppendEntries(1589)) - s1@group-29DD907A7165: Failed appendEntries as the first entry (index 0) already exists (snapshotIndex: -1, commitIndex: 0)
2022-11-01 02:15:13,260 [s1-server-thread4] INFO  server.RaftServer$Division (RaftServerImpl.java:checkInconsistentAppendEntries(1569)) - s1@group-29DD907A7165: inconsistency entries. Reply:s4<-s1#33:FAIL-t2,INCONSISTENCY,nextIndex=1,followerCommit=0,matchIndex=-1
2022-11-01 02:15:13,261 [grpc-default-executor-5] INFO  leader.FollowerInfo (FollowerInfoImpl.java:lambda$new$0(48)) - s4@group-29DD907A7165->s1: nextIndex: updateUnconditionally 1 -> 1
2022-11-01 02:15:13,338 [s1-server-thread4] INFO  server.RaftServer$Division (RaftServerImpl.java:checkInconsistentAppendEntries(1599)) - s1@group-29DD907A7165: Failed appendEntries as previous log entry ((t:2, i:0)) is not found
2022-11-01 02:15:13,338 [s1-server-thread4] INFO  server.RaftServer$Division (RaftServerImpl.java:checkInconsistentAppendEntries(1569)) - s1@group-29DD907A7165: inconsistency entries. Reply:s4<-s1#34:FAIL-t2,INCONSISTENCY,nextIndex=0,followerCommit=0,matchIndex=-1
2022-11-01 02:15:13,339 [grpc-default-executor-24] INFO  leader.FollowerInfo (FollowerInfoImpl.java:lambda$new$0(48)) - s4@group-29DD907A7165->s1: nextIndex: updateUnconditionally 1 -> 0
2022-11-01 02:15:13,340 [s1-server-thread4] DEBUG server.RaftServer$Division (RaftServerImpl.java:logAppendEntries(1418)) - s1@group-29DD907A7165: receive appendEntries(s4, 2, null, 0, true, commits:[s4:c0, s3:c0, s0:c0, s1:c0, s2:c0], cId:35, entries: [(t:2, i:0), CONFIGURATIONENTRY(current:id: "s3"
address: "localhost:46863"
dataStreamAddress: "localhost:44363"
clientAddress: "localhost:41041"
adminAddress: "localhost:41281"
startupRole: FOLLOWER
,id: "s4"
address: "localhost:36775"
dataStreamAddress: "localhost:42557"
clientAddress: "localhost:46475"
adminAddress: "localhost:35477"
startupRole: FOLLOWER
,id: "s0"
address: "localhost:33119"
dataStreamAddress: "localhost:34507"
clientAddress: "localhost:45597"
adminAddress: "localhost:42011"
startupRole: FOLLOWER
,id: "s1"
address: "localhost:43051"
dataStreamAddress: "localhost:41779"
clientAddress: "localhost:45233"
adminAddress: "localhost:41551"
startupRole: FOLLOWER
,id: "s2"
address: "localhost:41201"
dataStreamAddress: "localhost:43565"
clientAddress: "localhost:41547"
adminAddress: "localhost:41487"
startupRole: FOLLOWER
, old:)]
2022-11-01 02:15:13,340 [s1-server-thread4] INFO  server.RaftServer$Division (RaftServerImpl.java:checkInconsistentAppendEntries(1589)) - s1@group-29DD907A7165: Failed appendEntries as the first entry (index 0) already exists (snapshotIndex: -1, commitIndex: 0)
2022-11-01 02:15:13,340 [s1-server-thread4] INFO  server.RaftServer$Division (RaftServerImpl.java:checkInconsistentAppendEntries(1569)) - s1@group-29DD907A7165: inconsistency entries. Reply:s4<-s1#35:FAIL-t2,INCONSISTENCY,nextIndex=1,followerCommit=0,matchIndex=-1
2022-11-01 02:15:13,341 [grpc-default-executor-24] INFO  leader.FollowerInfo (FollowerInfoImpl.java:lambda$new$0(48)) - s4@group-29DD907A7165->s1: nextIndex: updateUnconditionally 1 -> 1
2022-11-01 02:15:13,417 [s1-server-thread4] INFO  server.RaftServer$Division (RaftServerImpl.java:checkInconsistentAppendEntries(1599)) - s1@group-29DD907A7165: Failed appendEntries as previous log entry ((t:2, i:0)) is not found
2022-11-01 02:15:13,418 [s1-server-thread4] INFO  server.RaftServer$Division (RaftServerImpl.java:checkInconsistentAppendEntries(1569)) - s1@group-29DD907A7165: inconsistency entries. Reply:s4<-s1#36:FAIL-t2,INCONSISTENCY,nextIndex=0,followerCommit=0,matchIndex=-1
2022-11-01 02:15:13,418 [grpc-default-executor-5] INFO  leader.FollowerInfo (FollowerInfoImpl.java:lambda$new$0(48)) - s4@group-29DD907A7165->s1: nextIndex: updateUnconditionally 1 -> 0
2022-11-01 02:15:13,420 [s1-server-thread4] DEBUG server.RaftServer$Division (RaftServerImpl.java:logAppendEntries(1418)) - s1@group-29DD907A7165: receive appendEntries(s4, 2, null, 0, true, commits:[s4:c0, s3:c0, s0:c0, s1:c0, s2:c0], cId:37, entries: [(t:2, i:0), CONFIGURATIONENTRY(current:id: "s3"
address: "localhost:46863"
dataStreamAddress: "localhost:44363"
clientAddress: "localhost:41041"
adminAddress: "localhost:41281"
startupRole: FOLLOWER
,id: "s4"
address: "localhost:36775"
dataStreamAddress: "localhost:42557"
clientAddress: "localhost:46475"
adminAddress: "localhost:35477"
startupRole: FOLLOWER
,id: "s0"
address: "localhost:33119"
dataStreamAddress: "localhost:34507"
clientAddress: "localhost:45597"
adminAddress: "localhost:42011"
startupRole: FOLLOWER
,id: "s1"
address: "localhost:43051"
dataStreamAddress: "localhost:41779"
clientAddress: "localhost:45233"
adminAddress: "localhost:41551"
startupRole: FOLLOWER
,id: "s2"
address: "localhost:41201"
dataStreamAddress: "localhost:43565"
clientAddress: "localhost:41547"
adminAddress: "localhost:41487"
startupRole: FOLLOWER
, old:)]
2022-11-01 02:15:13,420 [s1-server-thread4] INFO  server.RaftServer$Division (RaftServerImpl.java:checkInconsistentAppendEntries(1589)) - s1@group-29DD907A7165: Failed appendEntries as the first entry (index 0) already exists (snapshotIndex: -1, commitIndex: 0)
2022-11-01 02:15:13,420 [s1-server-thread4] INFO  server.RaftServer$Division (RaftServerImpl.java:checkInconsistentAppendEntries(1569)) - s1@group-29DD907A7165: inconsistency entries. Reply:s4<-s1#37:FAIL-t2,INCONSISTENCY,nextIndex=1,followerCommit=0,matchIndex=-1
2022-11-01 02:15:13,421 [grpc-default-executor-5] INFO  leader.FollowerInfo (FollowerInfoImpl.java:lambda$new$0(48)) - s4@group-29DD907A7165->s1: nextIndex: updateUnconditionally 1 -> 1
2022-11-01 02:15:13,497 [s1-server-thread4] INFO  server.RaftServer$Division (RaftServerImpl.java:checkInconsistentAppendEntries(1599)) - s1@group-29DD907A7165: Failed appendEntries as previous log entry ((t:2, i:0)) is not found
2022-11-01 02:15:13,498 [s1-server-thread4] INFO  server.RaftServer$Division (RaftServerImpl.java:checkInconsistentAppendEntries(1569)) - s1@group-29DD907A7165: inconsistency entries. Reply:s4<-s1#38:FAIL-t2,INCONSISTENCY,nextIndex=0,followerCommit=0,matchIndex=-1
2022-11-01 02:15:13,498 [grpc-default-executor-5] INFO  leader.FollowerInfo (FollowerInfoImpl.java:lambda$new$0(48)) - s4@group-29DD907A7165->s1: nextIndex: updateUnconditionally 1 -> 0
2022-11-01 02:15:13,500 [s1-server-thread4] DEBUG server.RaftServer$Division (RaftServerImpl.java:logAppendEntries(1418)) - s1@group-29DD907A7165: receive appendEntries(s4, 2, null, 0, true, commits:[s4:c0, s3:c0, s0:c0, s1:c0, s2:c0], cId:39, entries: [(t:2, i:0), CONFIGURATIONENTRY(current:id: "s3"
address: "localhost:46863"
dataStreamAddress: "localhost:44363"
clientAddress: "localhost:41041"
adminAddress: "localhost:41281"
startupRole: FOLLOWER
,id: "s4"
address: "localhost:36775"
dataStreamAddress: "localhost:42557"
clientAddress: "localhost:46475"
adminAddress: "localhost:35477"
startupRole: FOLLOWER
,id: "s0"
address: "localhost:33119"
dataStreamAddress: "localhost:34507"
clientAddress: "localhost:45597"
adminAddress: "localhost:42011"
startupRole: FOLLOWER
,id: "s1"
address: "localhost:43051"
dataStreamAddress: "localhost:41779"
clientAddress: "localhost:45233"
adminAddress: "localhost:41551"
startupRole: FOLLOWER
,id: "s2"
address: "localhost:41201"
dataStreamAddress: "localhost:43565"
clientAddress: "localhost:41547"
adminAddress: "localhost:41487"
startupRole: FOLLOWER
, old:)]
2022-11-01 02:15:13,500 [s1-server-thread4] INFO  server.RaftServer$Division (RaftServerImpl.java:checkInconsistentAppendEntries(1589)) - s1@group-29DD907A7165: Failed appendEntries as the first entry (index 0) already exists (snapshotIndex: -1, commitIndex: 0)
2022-11-01 02:15:13,500 [s1-server-thread4] INFO  server.RaftServer$Division (RaftServerImpl.java:checkInconsistentAppendEntries(1569)) - s1@group-29DD907A7165: inconsistency entries. Reply:s4<-s1#39:FAIL-t2,INCONSISTENCY,nextIndex=1,followerCommit=0,matchIndex=-1
2022-11-01 02:15:13,500 [grpc-default-executor-5] INFO  leader.FollowerInfo (FollowerInfoImpl.java:lambda$new$0(48)) - s4@group-29DD907A7165->s1: nextIndex: updateUnconditionally 1 -> 1
2022-11-01 02:15:13,577 [s1-server-thread4] INFO  server.RaftServer$Division (RaftServerImpl.java:checkInconsistentAppendEntries(1599)) - s1@group-29DD907A7165: Failed appendEntries as previous log entry ((t:2, i:0)) is not found
2022-11-01 02:15:13,577 [s1-server-thread4] INFO  server.RaftServer$Division (RaftServerImpl.java:checkInconsistentAppendEntries(1569)) - s1@group-29DD907A7165: inconsistency entries. Reply:s4<-s1#40:FAIL-t2,INCONSISTENCY,nextIndex=0,followerCommit=0,matchIndex=-1
2022-11-01 02:15:13,578 [grpc-default-executor-24] INFO  leader.FollowerInfo (FollowerInfoImpl.java:lambda$new$0(48)) - s4@group-29DD907A7165->s1: nextIndex: updateUnconditionally 1 -> 0
2022-11-01 02:15:13,579 [s1-server-thread4] DEBUG server.RaftServer$Division (RaftServerImpl.java:logAppendEntries(1418)) - s1@group-29DD907A7165: receive appendEntries(s4, 2, null, 0, true, commits:[s4:c0, s3:c0, s0:c0, s1:c0, s2:c0], cId:41, entries: [(t:2, i:0), CONFIGURATIONENTRY(current:id: "s3"
address: "localhost:46863"
dataStreamAddress: "localhost:44363"
clientAddress: "localhost:41041"
adminAddress: "localhost:41281"
startupRole: FOLLOWER
,id: "s4"
address: "localhost:36775"
dataStreamAddress: "localhost:42557"
clientAddress: "localhost:46475"
adminAddress: "localhost:35477"
startupRole: FOLLOWER
,id: "s0"
address: "localhost:33119"
dataStreamAddress: "localhost:34507"
clientAddress: "localhost:45597"
adminAddress: "localhost:42011"
startupRole: FOLLOWER
,id: "s1"
address: "localhost:43051"
dataStreamAddress: "localhost:41779"
clientAddress: "localhost:45233"
adminAddress: "localhost:41551"
startupRole: FOLLOWER
,id: "s2"
address: "localhost:41201"
dataStreamAddress: "localhost:43565"
clientAddress: "localhost:41547"
adminAddress: "localhost:41487"
startupRole: FOLLOWER
, old:)]
2022-11-01 02:15:13,579 [s1-server-thread4] INFO  server.RaftServer$Division (RaftServerImpl.java:checkInconsistentAppendEntries(1589)) - s1@group-29DD907A7165: Failed appendEntries as the first entry (index 0) already exists (snapshotIndex: -1, commitIndex: 0)
2022-11-01 02:15:13,580 [s1-server-thread4] INFO  server.RaftServer$Division (RaftServerImpl.java:checkInconsistentAppendEntries(1569)) - s1@group-29DD907A7165: inconsistency entries. Reply:s4<-s1#41:FAIL-t2,INCONSISTENCY,nextIndex=1,followerCommit=0,matchIndex=-1
2022-11-01 02:15:13,581 [grpc-default-executor-24] INFO  leader.FollowerInfo (FollowerInfoImpl.java:lambda$new$0(48)) - s4@group-29DD907A7165->s1: nextIndex: updateUnconditionally 1 -> 1
2022-11-01 02:15:13,615 [Time-limited test] INFO  grpc.TestLeaderElectionWithGrpc (LeaderElectionTests.java:enforceLeader(292)) - try enforcing leader to s1 but new leader is s4
2022-11-01 02:15:13,615 [Time-limited test] INFO  server.RaftServerConfigKeys (ConfUtils.java:logGet(46)) - raft.server.rpc.timeout.max = 300ms (default)
2022-11-01 02:15:13,646 [s4@group-29DD907A7165->s0-GrpcLogAppender-LogAppenderDaemon] INFO  util.CodeInjectionForTesting (DelayLocalExecutionInjection.java:execute(65)) - s4 delay 150 ms, args=[serverRequest {
  requestorId: "s4"
  replyId: "s0"
  raftGroupId {
    id: "\306I{yg\341A\222\264\356)\335\220zqe"
  }
  callId: 36
  slidingWindowEntry {
  }
}
leaderTerm: 2
previousLog {
  term: 2
}
initializing: true
commitInfos {
  server {
    id: "s4"
    address: "localhost:36775"
    dataStreamAddress: "localhost:42557"
    clientAddress: "localhost:46475"
    adminAddress: "localhost:35477"
    startupRole: FOLLOWER
  }
}
commitInfos {
  server {
    id: "s3"
    address: "localhost:46863"
    dataStreamAddress: "localhost:44363"
    clientAddress: "localhost:41041"
    adminAddress: "localhost:41281"
    startupRole: FOLLOWER
  }
}
commitInfos {
  server {
    id: "s0"
    address: "localhost:33119"
    dataStreamAddress: "localhost:34507"
    clientAddress: "localhost:45597"
    adminAddress: "localhost:42011"
    startupRole: FOLLOWER
  }
}
commitInfos {
  server {
    id: "s1"
    address: "localhost:43051"
    dataStreamAddress: "localhost:41779"
    clientAddress: "localhost:45233"
    adminAddress: "localhost:41551"
    startupRole: FOLLOWER
  }
}
commitInfos {
  server {
    id: "s2"
    address: "localhost:41201"
    dataStreamAddress: "localhost:43565"
    clientAddress: "localhost:41547"
    adminAddress: "localhost:41487"
    startupRole: FOLLOWER
  }
}
]
2022-11-01 02:15:13,646 [s4@group-29DD907A7165->s3-GrpcLogAppender-LogAppenderDaemon] INFO  util.CodeInjectionForTesting (DelayLocalExecutionInjection.java:execute(65)) - s4 delay 150 ms, args=[serverRequest {
  requestorId: "s4"
  replyId: "s3"
  raftGroupId {
    id: "\306I{yg\341A\222\264\356)\335\220zqe"
  }
  callId: 26
  slidingWindowEntry {
  }
}
leaderTerm: 2
previousLog {
  term: 2
}
initializing: true
commitInfos {
  server {
    id: "s4"
    address: "localhost:36775"
    dataStreamAddress: "localhost:42557"
    clientAddress: "localhost:46475"
    adminAddress: "localhost:35477"
    startupRole: FOLLOWER
  }
}
commitInfos {
  server {
    id: "s3"
    address: "localhost:46863"
    dataStreamAddress: "localhost:44363"
    clientAddress: "localhost:41041"
    adminAddress: "localhost:41281"
    startupRole: FOLLOWER
  }
}
commitInfos {
  server {
    id: "s0"
    address: "localhost:33119"
    dataStreamAddress: "localhost:34507"
    clientAddress: "localhost:45597"
    adminAddress: "localhost:42011"
    startupRole: FOLLOWER
  }
}
commitInfos {
  server {
    id: "s1"
    address: "localhost:43051"
    dataStreamAddress: "localhost:41779"
    clientAddress: "localhost:45233"
    adminAddress: "localhost:41551"
    startupRole: FOLLOWER
  }
}
commitInfos {
  server {
    id: "s2"
    address: "localhost:41201"
    dataStreamAddress: "localhost:43565"
    clientAddress: "localhost:41547"
    adminAddress: "localhost:41487"
    startupRole: FOLLOWER
  }
}
]
2022-11-01 02:15:13,647 [s4@group-29DD907A7165->s2-GrpcLogAppender-LogAppenderDaemon] INFO  util.CodeInjectionForTesting (DelayLocalExecutionInjection.java:execute(65)) - s4 delay 150 ms, args=[serverRequest {
  requestorId: "s4"
  replyId: "s2"
  raftGroupId {
    id: "\306I{yg\341A\222\264\356)\335\220zqe"
  }
  callId: 22
  slidingWindowEntry {
  }
}
leaderTerm: 2
previousLog {
  term: 2
}
initializing: true
commitInfos {
  server {
    id: "s4"
    address: "localhost:36775"
    dataStreamAddress: "localhost:42557"
    clientAddress: "localhost:46475"
    adminAddress: "localhost:35477"
    startupRole: FOLLOWER
  }
}
commitInfos {
  server {
    id: "s3"
    address: "localhost:46863"
    dataStreamAddress: "localhost:44363"
    clientAddress: "localhost:41041"
    adminAddress: "localhost:41281"
    startupRole: FOLLOWER
  }
}
commitInfos {
  server {
    id: "s0"
    address: "localhost:33119"
    dataStreamAddress: "localhost:34507"
    clientAddress: "localhost:45597"
    adminAddress: "localhost:42011"
    startupRole: FOLLOWER
  }
}
commitInfos {
  server {
    id: "s1"
    address: "localhost:43051"
    dataStreamAddress: "localhost:41779"
    clientAddress: "localhost:45233"
    adminAddress: "localhost:41551"
    startupRole: FOLLOWER
  }
}
commitInfos {
  server {
    id: "s2"
    address: "localhost:41201"
    dataStreamAddress: "localhost:43565"
    clientAddress: "localhost:41547"
    adminAddress: "localhost:41487"
    startupRole: FOLLOWER
  }
}
]
2022-11-01 02:15:13,656 [s4@group-29DD907A7165->s1-GrpcLogAppender-LogAppenderDaemon] INFO  util.CodeInjectionForTesting (DelayLocalExecutionInjection.java:execute(65)) - s4 delay 150 ms, args=[serverRequest {
  requestorId: "s4"
  replyId: "s1"
  raftGroupId {
    id: "\306I{yg\341A\222\264\356)\335\220zqe"
  }
  callId: 42
  slidingWindowEntry {
  }
}
leaderTerm: 2
previousLog {
  term: 2
}
initializing: true
commitInfos {
  server {
    id: "s4"
    address: "localhost:36775"
    dataStreamAddress: "localhost:42557"
    clientAddress: "localhost:46475"
    adminAddress: "localhost:35477"
    startupRole: FOLLOWER
  }
}
commitInfos {
  server {
    id: "s3"
    address: "localhost:46863"
    dataStreamAddress: "localhost:44363"
    clientAddress: "localhost:41041"
    adminAddress: "localhost:41281"
    startupRole: FOLLOWER
  }
}
commitInfos {
  server {
    id: "s0"
    address: "localhost:33119"
    dataStreamAddress: "localhost:34507"
    clientAddress: "localhost:45597"
    adminAddress: "localhost:42011"
    startupRole: FOLLOWER
  }
}
commitInfos {
  server {
    id: "s1"
    address: "localhost:43051"
    dataStreamAddress: "localhost:41779"
    clientAddress: "localhost:45233"
    adminAddress: "localhost:41551"
    startupRole: FOLLOWER
  }
}
commitInfos {
  server {
    id: "s2"
    address: "localhost:41201"
    dataStreamAddress: "localhost:43565"
    clientAddress: "localhost:41547"
    adminAddress: "localhost:41487"
    startupRole: FOLLOWER
  }
}
]
2022-11-01 02:15:13,808 [s1-server-thread4] INFO  util.CodeInjectionForTesting (BlockRequestHandlingInjection.java:execute(77)) - s1: Block request from s4
2022-11-01 02:15:13,845 [s4@group-29DD907A7165->s1-GrpcLogAppender-LogAppenderDaemon] INFO  util.CodeInjectionForTesting (DelayLocalExecutionInjection.java:execute(65)) - s4 delay 150 ms, args=[serverRequest {
  requestorId: "s4"
  replyId: "s1"
  raftGroupId {
    id: "\306I{yg\341A\222\264\356)\335\220zqe"
  }
  callId: 43
  slidingWindowEntry {
  }
}
leaderTerm: 2
previousLog {
  term: 2
}
initializing: true
commitInfos {
  server {
    id: "s4"
    address: "localhost:36775"
    dataStreamAddress: "localhost:42557"
    clientAddress: "localhost:46475"
    adminAddress: "localhost:35477"
    startupRole: FOLLOWER
  }
}
commitInfos {
  server {
    id: "s3"
    address: "localhost:46863"
    dataStreamAddress: "localhost:44363"
    clientAddress: "localhost:41041"
    adminAddress: "localhost:41281"
    startupRole: FOLLOWER
  }
}
commitInfos {
  server {
    id: "s0"
    address: "localhost:33119"
    dataStreamAddress: "localhost:34507"
    clientAddress: "localhost:45597"
    adminAddress: "localhost:42011"
    startupRole: FOLLOWER
  }
}
commitInfos {
  server {
    id: "s1"
    address: "localhost:43051"
    dataStreamAddress: "localhost:41779"
    clientAddress: "localhost:45233"
    adminAddress: "localhost:41551"
    startupRole: FOLLOWER
  }
}
commitInfos {
  server {
    id: "s2"
    address: "localhost:41201"
    dataStreamAddress: "localhost:43565"
    clientAddress: "localhost:41547"
    adminAddress: "localhost:41487"
    startupRole: FOLLOWER
  }
}
]
2022-11-01 02:15:13,876 [s4@group-29DD907A7165->s3-GrpcLogAppender-LogAppenderDaemon] INFO  util.CodeInjectionForTesting (DelayLocalExecutionInjection.java:execute(65)) - s4 delay 150 ms, args=[serverRequest {
  requestorId: "s4"
  replyId: "s3"
  raftGroupId {
    id: "\306I{yg\341A\222\264\356)\335\220zqe"
  }
  callId: 27
  slidingWindowEntry {
  }
}
leaderTerm: 2
previousLog {
  term: 2
}
initializing: true
commitInfos {
  server {
    id: "s4"
    address: "localhost:36775"
    dataStreamAddress: "localhost:42557"
    clientAddress: "localhost:46475"
    adminAddress: "localhost:35477"
    startupRole: FOLLOWER
  }
}
commitInfos {
  server {
    id: "s3"
    address: "localhost:46863"
    dataStreamAddress: "localhost:44363"
    clientAddress: "localhost:41041"
    adminAddress: "localhost:41281"
    startupRole: FOLLOWER
  }
}
commitInfos {
  server {
    id: "s0"
    address: "localhost:33119"
    dataStreamAddress: "localhost:34507"
    clientAddress: "localhost:45597"
    adminAddress: "localhost:42011"
    startupRole: FOLLOWER
  }
}
commitInfos {
  server {
    id: "s1"
    address: "localhost:43051"
    dataStreamAddress: "localhost:41779"
    clientAddress: "localhost:45233"
    adminAddress: "localhost:41551"
    startupRole: FOLLOWER
  }
}
commitInfos {
  server {
    id: "s2"
    address: "localhost:41201"
    dataStreamAddress: "localhost:43565"
    clientAddress: "localhost:41547"
    adminAddress: "localhost:41487"
    startupRole: FOLLOWER
  }
}
]
2022-11-01 02:15:13,876 [s4@group-29DD907A7165->s0-GrpcLogAppender-LogAppenderDaemon] INFO  util.CodeInjectionForTesting (DelayLocalExecutionInjection.java:execute(65)) - s4 delay 150 ms, args=[serverRequest {
  requestorId: "s4"
  replyId: "s0"
  raftGroupId {
    id: "\306I{yg\341A\222\264\356)\335\220zqe"
  }
  callId: 37
  slidingWindowEntry {
  }
}
leaderTerm: 2
previousLog {
  term: 2
}
initializing: true
commitInfos {
  server {
    id: "s4"
    address: "localhost:36775"
    dataStreamAddress: "localhost:42557"
    clientAddress: "localhost:46475"
    adminAddress: "localhost:35477"
    startupRole: FOLLOWER
  }
}
commitInfos {
  server {
    id: "s3"
    address: "localhost:46863"
    dataStreamAddress: "localhost:44363"
    clientAddress: "localhost:41041"
    adminAddress: "localhost:41281"
    startupRole: FOLLOWER
  }
}
commitInfos {
  server {
    id: "s0"
    address: "localhost:33119"
    dataStreamAddress: "localhost:34507"
    clientAddress: "localhost:45597"
    adminAddress: "localhost:42011"
    startupRole: FOLLOWER
  }
}
commitInfos {
  server {
    id: "s1"
    address: "localhost:43051"
    dataStreamAddress: "localhost:41779"
    clientAddress: "localhost:45233"
    adminAddress: "localhost:41551"
    startupRole: FOLLOWER
  }
}
commitInfos {
  server {
    id: "s2"
    address: "localhost:41201"
    dataStreamAddress: "localhost:43565"
    clientAddress: "localhost:41547"
    adminAddress: "localhost:41487"
    startupRole: FOLLOWER
  }
}
]
2022-11-01 02:15:13,877 [s4@group-29DD907A7165->s2-GrpcLogAppender-LogAppenderDaemon] INFO  util.CodeInjectionForTesting (DelayLocalExecutionInjection.java:execute(65)) - s4 delay 150 ms, args=[serverRequest {
  requestorId: "s4"
  replyId: "s2"
  raftGroupId {
    id: "\306I{yg\341A\222\264\356)\335\220zqe"
  }
  callId: 23
  slidingWindowEntry {
  }
}
leaderTerm: 2
previousLog {
  term: 2
}
initializing: true
commitInfos {
  server {
    id: "s4"
    address: "localhost:36775"
    dataStreamAddress: "localhost:42557"
    clientAddress: "localhost:46475"
    adminAddress: "localhost:35477"
    startupRole: FOLLOWER
  }
}
commitInfos {
  server {
    id: "s3"
    address: "localhost:46863"
    dataStreamAddress: "localhost:44363"
    clientAddress: "localhost:41041"
    adminAddress: "localhost:41281"
    startupRole: FOLLOWER
  }
}
commitInfos {
  server {
    id: "s0"
    address: "localhost:33119"
    dataStreamAddress: "localhost:34507"
    clientAddress: "localhost:45597"
    adminAddress: "localhost:42011"
    startupRole: FOLLOWER
  }
}
commitInfos {
  server {
    id: "s1"
    address: "localhost:43051"
    dataStreamAddress: "localhost:41779"
    clientAddress: "localhost:45233"
    adminAddress: "localhost:41551"
    startupRole: FOLLOWER
  }
}
commitInfos {
  server {
    id: "s2"
    address: "localhost:41201"
    dataStreamAddress: "localhost:43565"
    clientAddress: "localhost:41547"
    adminAddress: "localhost:41487"
    startupRole: FOLLOWER
  }
}
]
2022-11-01 02:15:13,996 [s1@group-29DD907A7165-FollowerState] INFO  impl.FollowerState (FollowerState.java:run(143)) - s1@group-29DD907A7165-FollowerState: change to CANDIDATE, lastRpcElapsedTime:415964357ns, electionTimeout:257ms
2022-11-01 02:15:13,996 [s1@group-29DD907A7165-FollowerState] INFO  impl.RoleInfo (RoleInfo.java:shutdownFollowerState(110)) - s1: shutdown s1@group-29DD907A7165-FollowerState
2022-11-01 02:15:13,996 [s1@group-29DD907A7165-FollowerState] INFO  server.RaftServer$Division (RaftServerImpl.java:setRole(325)) - s1@group-29DD907A7165: changes role from  FOLLOWER to CANDIDATE at term 2 for changeToCandidate
2022-11-01 02:15:13,996 [s1@group-29DD907A7165-FollowerState] INFO  server.RaftServerConfigKeys (ConfUtils.java:logGet(46)) - raft.server.leaderelection.pre-vote = true (default)
2022-11-01 02:15:13,996 [s1@group-29DD907A7165-FollowerState] INFO  impl.RoleInfo (RoleInfo.java:updateAndGet(139)) - s1: start s1@group-29DD907A7165-LeaderElection18
2022-11-01 02:15:13,998 [s1@group-29DD907A7165-LeaderElection18] INFO  server.RaftServer$Division (ServerState.java:setLeader(259)) - s1@group-29DD907A7165: change Leader from s4 to null at term 2 for PRE_VOTE
2022-11-01 02:15:13,999 [s1@group-29DD907A7165-LeaderElection18] INFO  impl.LeaderElection (LeaderElection.java:askForVotes(309)) - s1@group-29DD907A7165-LeaderElection18 PRE_VOTE round 0: submit vote requests at term 2 for 0: peers:[s3|rpc:localhost:46863|admin:localhost:41281|client:localhost:41041|dataStream:localhost:44363|priority:0|startupRole:FOLLOWER, s4|rpc:localhost:36775|admin:localhost:35477|client:localhost:46475|dataStream:localhost:42557|priority:0|startupRole:FOLLOWER, s0|rpc:localhost:33119|admin:localhost:42011|client:localhost:45597|dataStream:localhost:34507|priority:0|startupRole:FOLLOWER, s1|rpc:localhost:43051|admin:localhost:41551|client:localhost:45233|dataStream:localhost:41779|priority:0|startupRole:FOLLOWER, s2|rpc:localhost:41201|admin:localhost:41487|client:localhost:41547|dataStream:localhost:43565|priority:0|startupRole:FOLLOWER]|listeners:[], old=null
2022-11-01 02:15:14,001 [grpc-default-executor-29] INFO  server.RaftServer$Division (RaftServerImpl.java:requestVote(1291)) - s3@group-29DD907A7165: receive requestVote(PRE_VOTE, s1, group-29DD907A7165, 2, (t:1, i:0))
2022-11-01 02:15:14,002 [grpc-default-executor-29] INFO  impl.VoteContext (VoteContext.java:log(49)) - s3@group-29DD907A7165-FOLLOWER: reject PRE_VOTE from s1: our last entry (t:2, i:0) > candidate's last entry (t:1, i:0)
2022-11-01 02:15:14,002 [grpc-default-executor-29] INFO  server.RaftServer$Division (RaftServerImpl.java:requestVote(1324)) - s3@group-29DD907A7165 replies to PRE_VOTE vote request: s1<-s3#0:FAIL-t2. Peer's state: s3@group-29DD907A7165:t2, leader=s4, voted=s4, raftlog=Memoized:s3@group-29DD907A7165-SegmentedRaftLog:OPENED:c0, conf=0: peers:[s3|rpc:localhost:46863|admin:localhost:41281|client:localhost:41041|dataStream:localhost:44363|priority:0|startupRole:FOLLOWER, s4|rpc:localhost:36775|admin:localhost:35477|client:localhost:46475|dataStream:localhost:42557|priority:0|startupRole:FOLLOWER, s0|rpc:localhost:33119|admin:localhost:42011|client:localhost:45597|dataStream:localhost:34507|priority:0|startupRole:FOLLOWER, s1|rpc:localhost:43051|admin:localhost:41551|client:localhost:45233|dataStream:localhost:41779|priority:0|startupRole:FOLLOWER, s2|rpc:localhost:41201|admin:localhost:41487|client:localhost:41547|dataStream:localhost:43565|priority:0|startupRole:FOLLOWER]|listeners:[], old=null
2022-11-01 02:15:14,006 [grpc-default-executor-29] INFO  server.RaftServer$Division (RaftServerImpl.java:requestVote(1291)) - s4@group-29DD907A7165: receive requestVote(PRE_VOTE, s1, group-29DD907A7165, 2, (t:1, i:0))
2022-11-01 02:15:14,006 [grpc-default-executor-29] INFO  impl.VoteContext (VoteContext.java:log(49)) - s4@group-29DD907A7165-LEADER: reject PRE_VOTE from s1: this server is the leader and still has leadership
2022-11-01 02:15:14,006 [grpc-default-executor-29] INFO  server.RaftServer$Division (RaftServerImpl.java:requestVote(1324)) - s4@group-29DD907A7165 replies to PRE_VOTE vote request: s1<-s4#0:FAIL-t2. Peer's state: s4@group-29DD907A7165:t2, leader=s4, voted=s4, raftlog=Memoized:s4@group-29DD907A7165-SegmentedRaftLog:OPENED:c0, conf=0: peers:[s3|rpc:localhost:46863|admin:localhost:41281|client:localhost:41041|dataStream:localhost:44363|priority:0|startupRole:FOLLOWER, s4|rpc:localhost:36775|admin:localhost:35477|client:localhost:46475|dataStream:localhost:42557|priority:0|startupRole:FOLLOWER, s0|rpc:localhost:33119|admin:localhost:42011|client:localhost:45597|dataStream:localhost:34507|priority:0|startupRole:FOLLOWER, s1|rpc:localhost:43051|admin:localhost:41551|client:localhost:45233|dataStream:localhost:41779|priority:0|startupRole:FOLLOWER, s2|rpc:localhost:41201|admin:localhost:41487|client:localhost:41547|dataStream:localhost:43565|priority:0|startupRole:FOLLOWER]|listeners:[], old=null
2022-11-01 02:15:14,007 [s0@group-29DD907A7165-FollowerState] INFO  impl.FollowerState (FollowerState.java:run(143)) - s0@group-29DD907A7165-FollowerState: change to CANDIDATE, lastRpcElapsedTime:208737234ns, electionTimeout:157ms
2022-11-01 02:15:14,008 [s0@group-29DD907A7165-FollowerState] INFO  impl.RoleInfo (RoleInfo.java:shutdownFollowerState(110)) - s0: shutdown s0@group-29DD907A7165-FollowerState
2022-11-01 02:15:14,008 [s0@group-29DD907A7165-FollowerState] INFO  server.RaftServer$Division (RaftServerImpl.java:setRole(325)) - s0@group-29DD907A7165: changes role from  FOLLOWER to CANDIDATE at term 2 for changeToCandidate
2022-11-01 02:15:14,008 [s0@group-29DD907A7165-FollowerState] INFO  server.RaftServerConfigKeys (ConfUtils.java:logGet(46)) - raft.server.leaderelection.pre-vote = true (default)
2022-11-01 02:15:14,008 [s0@group-29DD907A7165-FollowerState] INFO  impl.RoleInfo (RoleInfo.java:updateAndGet(139)) - s0: start s0@group-29DD907A7165-LeaderElection19
2022-11-01 02:15:14,011 [grpc-default-executor-29] INFO  server.RaftServer$Division (RaftServerImpl.java:requestVote(1291)) - s0@group-29DD907A7165: receive requestVote(PRE_VOTE, s1, group-29DD907A7165, 2, (t:1, i:0))
2022-11-01 02:15:14,015 [grpc-default-executor-5] INFO  server.RaftServer$Division (RaftServerImpl.java:requestVote(1291)) - s2@group-29DD907A7165: receive requestVote(PRE_VOTE, s1, group-29DD907A7165, 2, (t:1, i:0))
2022-11-01 02:15:14,015 [grpc-default-executor-5] INFO  impl.VoteContext (VoteContext.java:log(49)) - s2@group-29DD907A7165-FOLLOWER: reject PRE_VOTE from s1: our last entry (t:2, i:0) > candidate's last entry (t:1, i:0)
2022-11-01 02:15:14,016 [grpc-default-executor-5] INFO  server.RaftServer$Division (RaftServerImpl.java:requestVote(1324)) - s2@group-29DD907A7165 replies to PRE_VOTE vote request: s1<-s2#0:FAIL-t2. Peer's state: s2@group-29DD907A7165:t2, leader=s4, voted=s4, raftlog=Memoized:s2@group-29DD907A7165-SegmentedRaftLog:OPENED:c0, conf=0: peers:[s3|rpc:localhost:46863|admin:localhost:41281|client:localhost:41041|dataStream:localhost:44363|priority:0|startupRole:FOLLOWER, s4|rpc:localhost:36775|admin:localhost:35477|client:localhost:46475|dataStream:localhost:42557|priority:0|startupRole:FOLLOWER, s0|rpc:localhost:33119|admin:localhost:42011|client:localhost:45597|dataStream:localhost:34507|priority:0|startupRole:FOLLOWER, s1|rpc:localhost:43051|admin:localhost:41551|client:localhost:45233|dataStream:localhost:41779|priority:0|startupRole:FOLLOWER, s2|rpc:localhost:41201|admin:localhost:41487|client:localhost:41547|dataStream:localhost:43565|priority:0|startupRole:FOLLOWER]|listeners:[], old=null
2022-11-01 02:15:14,015 [grpc-default-executor-29] INFO  impl.VoteContext (VoteContext.java:log(49)) - s0@group-29DD907A7165-CANDIDATE: reject PRE_VOTE from s1: our last entry (t:2, i:0) > candidate's last entry (t:1, i:0)
2022-11-01 02:15:14,017 [grpc-default-executor-29] INFO  server.RaftServer$Division (RaftServerImpl.java:requestVote(1324)) - s0@group-29DD907A7165 replies to PRE_VOTE vote request: s1<-s0#0:FAIL-t2. Peer's state: s0@group-29DD907A7165:t2, leader=s4, voted=s4, raftlog=Memoized:s0@group-29DD907A7165-SegmentedRaftLog:OPENED:c0, conf=0: peers:[s3|rpc:localhost:46863|admin:localhost:41281|client:localhost:41041|dataStream:localhost:44363|priority:0|startupRole:FOLLOWER, s4|rpc:localhost:36775|admin:localhost:35477|client:localhost:46475|dataStream:localhost:42557|priority:0|startupRole:FOLLOWER, s0|rpc:localhost:33119|admin:localhost:42011|client:localhost:45597|dataStream:localhost:34507|priority:0|startupRole:FOLLOWER, s1|rpc:localhost:43051|admin:localhost:41551|client:localhost:45233|dataStream:localhost:41779|priority:0|startupRole:FOLLOWER, s2|rpc:localhost:41201|admin:localhost:41487|client:localhost:41547|dataStream:localhost:43565|priority:0|startupRole:FOLLOWER]|listeners:[], old=null
2022-11-01 02:15:14,017 [s0@group-29DD907A7165-LeaderElection19] INFO  server.RaftServer$Division (ServerState.java:setLeader(259)) - s0@group-29DD907A7165: change Leader from s4 to null at term 2 for PRE_VOTE
2022-11-01 02:15:14,017 [s0@group-29DD907A7165-LeaderElection19] INFO  impl.LeaderElection (LeaderElection.java:askForVotes(309)) - s0@group-29DD907A7165-LeaderElection19 PRE_VOTE round 0: submit vote requests at term 2 for 0: peers:[s3|rpc:localhost:46863|admin:localhost:41281|client:localhost:41041|dataStream:localhost:44363|priority:0|startupRole:FOLLOWER, s4|rpc:localhost:36775|admin:localhost:35477|client:localhost:46475|dataStream:localhost:42557|priority:0|startupRole:FOLLOWER, s0|rpc:localhost:33119|admin:localhost:42011|client:localhost:45597|dataStream:localhost:34507|priority:0|startupRole:FOLLOWER, s1|rpc:localhost:43051|admin:localhost:41551|client:localhost:45233|dataStream:localhost:41779|priority:0|startupRole:FOLLOWER, s2|rpc:localhost:41201|admin:localhost:41487|client:localhost:41547|dataStream:localhost:43565|priority:0|startupRole:FOLLOWER]|listeners:[], old=null
2022-11-01 02:15:14,020 [s1@group-29DD907A7165-LeaderElection18] INFO  impl.LeaderElection (LeaderElection.java:logAndReturn(89)) - s1@group-29DD907A7165-LeaderElection18: PRE_VOTE REJECTED received 3 response(s) and 0 exception(s):
2022-11-01 02:15:14,020 [s1@group-29DD907A7165-LeaderElection18] INFO  impl.LeaderElection (LeaderElection.java:logAndReturn(93)) -   Response 0: s1<-s3#0:FAIL-t2
2022-11-01 02:15:14,021 [s1@group-29DD907A7165-LeaderElection18] INFO  impl.LeaderElection (LeaderElection.java:logAndReturn(93)) -   Response 1: s1<-s4#0:FAIL-t2
2022-11-01 02:15:14,021 [s1@group-29DD907A7165-LeaderElection18] INFO  impl.LeaderElection (LeaderElection.java:logAndReturn(93)) -   Response 2: s1<-s0#0:FAIL-t2
2022-11-01 02:15:14,021 [s1@group-29DD907A7165-LeaderElection18] INFO  impl.LeaderElection (LeaderElection.java:askForVotes(311)) - s1@group-29DD907A7165-LeaderElection18 PRE_VOTE round 0: result REJECTED
2022-11-01 02:15:14,021 [s1@group-29DD907A7165-LeaderElection18] INFO  server.RaftServer$Division (RaftServerImpl.java:setRole(325)) - s1@group-29DD907A7165: changes role from CANDIDATE to FOLLOWER at term 2 for REJECTED
2022-11-01 02:15:14,021 [s1@group-29DD907A7165-LeaderElection18] INFO  impl.RoleInfo (RoleInfo.java:shutdownLeaderElection(130)) - s1: shutdown s1@group-29DD907A7165-LeaderElection18
2022-11-01 02:15:14,021 [s1@group-29DD907A7165-LeaderElection18] INFO  impl.RoleInfo (RoleInfo.java:updateAndGet(139)) - s1: start s1@group-29DD907A7165-FollowerState
2022-11-01 02:15:14,023 [s0@group-29DD907A7165-LeaderElection19-1] INFO  util.CodeInjectionForTesting (DelayLocalExecutionInjection.java:execute(65)) - s0 delay 150 ms, args=[serverRequest {
  requestorId: "s0"
  replyId: "s3"
  raftGroupId {
    id: "\306I{yg\341A\222\264\356)\335\220zqe"
  }
  slidingWindowEntry {
  }
}
candidateTerm: 2
candidateLastEntry {
  term: 2
}
preVote: true
]
2022-11-01 02:15:14,023 [s0@group-29DD907A7165-LeaderElection19-2] INFO  util.CodeInjectionForTesting (DelayLocalExecutionInjection.java:execute(65)) - s0 delay 150 ms, args=[serverRequest {
  requestorId: "s0"
  replyId: "s4"
  raftGroupId {
    id: "\306I{yg\341A\222\264\356)\335\220zqe"
  }
  slidingWindowEntry {
  }
}
candidateTerm: 2
candidateLastEntry {
  term: 2
}
preVote: true
]
2022-11-01 02:15:14,024 [s0@group-29DD907A7165-LeaderElection19-3] INFO  util.CodeInjectionForTesting (DelayLocalExecutionInjection.java:execute(65)) - s0 delay 150 ms, args=[serverRequest {
  requestorId: "s0"
  replyId: "s1"
  raftGroupId {
    id: "\306I{yg\341A\222\264\356)\335\220zqe"
  }
  slidingWindowEntry {
  }
}
candidateTerm: 2
candidateLastEntry {
  term: 2
}
preVote: true
]
2022-11-01 02:15:14,024 [s0@group-29DD907A7165-LeaderElection19-4] INFO  util.CodeInjectionForTesting (DelayLocalExecutionInjection.java:execute(65)) - s0 delay 150 ms, args=[serverRequest {
  requestorId: "s0"
  replyId: "s2"
  raftGroupId {
    id: "\306I{yg\341A\222\264\356)\335\220zqe"
  }
  slidingWindowEntry {
  }
}
candidateTerm: 2
candidateLastEntry {
  term: 2
}
preVote: true
]
2022-11-01 02:15:14,028 [s0-server-thread1] INFO  server.RaftServer$Division (RaftServerImpl.java:setRole(325)) - s0@group-29DD907A7165: changes role from CANDIDATE to FOLLOWER at term 2 for appendEntries
2022-11-01 02:15:14,029 [s0-server-thread1] INFO  impl.RoleInfo (RoleInfo.java:shutdownLeaderElection(130)) - s0: shutdown s0@group-29DD907A7165-LeaderElection19
2022-11-01 02:15:14,029 [s0-server-thread1] INFO  impl.RoleInfo (RoleInfo.java:updateAndGet(139)) - s0: start s0@group-29DD907A7165-FollowerState
2022-11-01 02:15:14,031 [s0-server-thread1] INFO  server.RaftServer$Division (ServerState.java:setLeader(259)) - s0@group-29DD907A7165: change Leader from null to s4 at term 2 for appendEntries, leader elected after 13ms
2022-11-01 02:15:14,035 [s4@group-29DD907A7165->s1-GrpcLogAppender-LogAppenderDaemon] INFO  util.CodeInjectionForTesting (DelayLocalExecutionInjection.java:execute(65)) - s4 delay 150 ms, args=[serverRequest {
  requestorId: "s4"
  replyId: "s1"
  raftGroupId {
    id: "\306I{yg\341A\222\264\356)\335\220zqe"
  }
  callId: 44
  slidingWindowEntry {
  }
}
leaderTerm: 2
previousLog {
  term: 2
}
initializing: true
commitInfos {
  server {
    id: "s4"
    address: "localhost:36775"
    dataStreamAddress: "localhost:42557"
    clientAddress: "localhost:46475"
    adminAddress: "localhost:35477"
    startupRole: FOLLOWER
  }
}
commitInfos {
  server {
    id: "s3"
    address: "localhost:46863"
    dataStreamAddress: "localhost:44363"
    clientAddress: "localhost:41041"
    adminAddress: "localhost:41281"
    startupRole: FOLLOWER
  }
}
commitInfos {
  server {
    id: "s0"
    address: "localhost:33119"
    dataStreamAddress: "localhost:34507"
    clientAddress: "localhost:45597"
    adminAddress: "localhost:42011"
    startupRole: FOLLOWER
  }
}
commitInfos {
  server {
    id: "s1"
    address: "localhost:43051"
    dataStreamAddress: "localhost:41779"
    clientAddress: "localhost:45233"
    adminAddress: "localhost:41551"
    startupRole: FOLLOWER
  }
}
commitInfos {
  server {
    id: "s2"
    address: "localhost:41201"
    dataStreamAddress: "localhost:43565"
    clientAddress: "localhost:41547"
    adminAddress: "localhost:41487"
    startupRole: FOLLOWER
  }
}
]
2022-11-01 02:15:14,104 [s4@group-29DD907A7165->s3-GrpcLogAppender-LogAppenderDaemon] INFO  util.CodeInjectionForTesting (DelayLocalExecutionInjection.java:execute(65)) - s4 delay 150 ms, args=[serverRequest {
  requestorId: "s4"
  replyId: "s3"
  raftGroupId {
    id: "\306I{yg\341A\222\264\356)\335\220zqe"
  }
  callId: 28
  slidingWindowEntry {
  }
}
leaderTerm: 2
previousLog {
  term: 2
}
initializing: true
commitInfos {
  server {
    id: "s4"
    address: "localhost:36775"
    dataStreamAddress: "localhost:42557"
    clientAddress: "localhost:46475"
    adminAddress: "localhost:35477"
    startupRole: FOLLOWER
  }
}
commitInfos {
  server {
    id: "s3"
    address: "localhost:46863"
    dataStreamAddress: "localhost:44363"
    clientAddress: "localhost:41041"
    adminAddress: "localhost:41281"
    startupRole: FOLLOWER
  }
}
commitInfos {
  server {
    id: "s0"
    address: "localhost:33119"
    dataStreamAddress: "localhost:34507"
    clientAddress: "localhost:45597"
    adminAddress: "localhost:42011"
    startupRole: FOLLOWER
  }
}
commitInfos {
  server {
    id: "s1"
    address: "localhost:43051"
    dataStreamAddress: "localhost:41779"
    clientAddress: "localhost:45233"
    adminAddress: "localhost:41551"
    startupRole: FOLLOWER
  }
}
commitInfos {
  server {
    id: "s2"
    address: "localhost:41201"
    dataStreamAddress: "localhost:43565"
    clientAddress: "localhost:41547"
    adminAddress: "localhost:41487"
    startupRole: FOLLOWER
  }
}
]
2022-11-01 02:15:14,107 [s4@group-29DD907A7165->s2-GrpcLogAppender-LogAppenderDaemon] INFO  util.CodeInjectionForTesting (DelayLocalExecutionInjection.java:execute(65)) - s4 delay 150 ms, args=[serverRequest {
  requestorId: "s4"
  replyId: "s2"
  raftGroupId {
    id: "\306I{yg\341A\222\264\356)\335\220zqe"
  }
  callId: 24
  slidingWindowEntry {
  }
}
leaderTerm: 2
previousLog {
  term: 2
}
initializing: true
commitInfos {
  server {
    id: "s4"
    address: "localhost:36775"
    dataStreamAddress: "localhost:42557"
    clientAddress: "localhost:46475"
    adminAddress: "localhost:35477"
    startupRole: FOLLOWER
  }
}
commitInfos {
  server {
    id: "s3"
    address: "localhost:46863"
    dataStreamAddress: "localhost:44363"
    clientAddress: "localhost:41041"
    adminAddress: "localhost:41281"
    startupRole: FOLLOWER
  }
}
commitInfos {
  server {
    id: "s0"
    address: "localhost:33119"
    dataStreamAddress: "localhost:34507"
    clientAddress: "localhost:45597"
    adminAddress: "localhost:42011"
    startupRole: FOLLOWER
  }
}
commitInfos {
  server {
    id: "s1"
    address: "localhost:43051"
    dataStreamAddress: "localhost:41779"
    clientAddress: "localhost:45233"
    adminAddress: "localhost:41551"
    startupRole: FOLLOWER
  }
}
commitInfos {
  server {
    id: "s2"
    address: "localhost:41201"
    dataStreamAddress: "localhost:43565"
    clientAddress: "localhost:41547"
    adminAddress: "localhost:41487"
    startupRole: FOLLOWER
  }
}
]
2022-11-01 02:15:14,108 [s4@group-29DD907A7165->s0-GrpcLogAppender-LogAppenderDaemon] INFO  util.CodeInjectionForTesting (DelayLocalExecutionInjection.java:execute(65)) - s4 delay 150 ms, args=[serverRequest {
  requestorId: "s4"
  replyId: "s0"
  raftGroupId {
    id: "\306I{yg\341A\222\264\356)\335\220zqe"
  }
  callId: 38
  slidingWindowEntry {
  }
}
leaderTerm: 2
previousLog {
  term: 2
}
initializing: true
commitInfos {
  server {
    id: "s4"
    address: "localhost:36775"
    dataStreamAddress: "localhost:42557"
    clientAddress: "localhost:46475"
    adminAddress: "localhost:35477"
    startupRole: FOLLOWER
  }
}
commitInfos {
  server {
    id: "s3"
    address: "localhost:46863"
    dataStreamAddress: "localhost:44363"
    clientAddress: "localhost:41041"
    adminAddress: "localhost:41281"
    startupRole: FOLLOWER
  }
}
commitInfos {
  server {
    id: "s0"
    address: "localhost:33119"
    dataStreamAddress: "localhost:34507"
    clientAddress: "localhost:45597"
    adminAddress: "localhost:42011"
    startupRole: FOLLOWER
  }
}
commitInfos {
  server {
    id: "s1"
    address: "localhost:43051"
    dataStreamAddress: "localhost:41779"
    clientAddress: "localhost:45233"
    adminAddress: "localhost:41551"
    startupRole: FOLLOWER
  }
}
commitInfos {
  server {
    id: "s2"
    address: "localhost:41201"
    dataStreamAddress: "localhost:43565"
    clientAddress: "localhost:41547"
    adminAddress: "localhost:41487"
    startupRole: FOLLOWER
  }
}
]
2022-11-01 02:15:14,176 [grpc-default-executor-29] INFO  server.RaftServer$Division (RaftServerImpl.java:requestVote(1291)) - s4@group-29DD907A7165: receive requestVote(PRE_VOTE, s0, group-29DD907A7165, 2, (t:2, i:0))
2022-11-01 02:15:14,176 [grpc-default-executor-29] INFO  impl.VoteContext (VoteContext.java:log(49)) - s4@group-29DD907A7165-LEADER: reject PRE_VOTE from s0: this server is the leader and still has leadership
2022-11-01 02:15:14,176 [grpc-default-executor-29] INFO  server.RaftServer$Division (RaftServerImpl.java:requestVote(1324)) - s4@group-29DD907A7165 replies to PRE_VOTE vote request: s0<-s4#0:FAIL-t2. Peer's state: s4@group-29DD907A7165:t2, leader=s4, voted=s4, raftlog=Memoized:s4@group-29DD907A7165-SegmentedRaftLog:OPENED:c0, conf=0: peers:[s3|rpc:localhost:46863|admin:localhost:41281|client:localhost:41041|dataStream:localhost:44363|priority:0|startupRole:FOLLOWER, s4|rpc:localhost:36775|admin:localhost:35477|client:localhost:46475|dataStream:localhost:42557|priority:0|startupRole:FOLLOWER, s0|rpc:localhost:33119|admin:localhost:42011|client:localhost:45597|dataStream:localhost:34507|priority:0|startupRole:FOLLOWER, s1|rpc:localhost:43051|admin:localhost:41551|client:localhost:45233|dataStream:localhost:41779|priority:0|startupRole:FOLLOWER, s2|rpc:localhost:41201|admin:localhost:41487|client:localhost:41547|dataStream:localhost:43565|priority:0|startupRole:FOLLOWER]|listeners:[], old=null
2022-11-01 02:15:14,176 [grpc-default-executor-5] INFO  server.RaftServer$Division (RaftServerImpl.java:requestVote(1291)) - s3@group-29DD907A7165: receive requestVote(PRE_VOTE, s0, group-29DD907A7165, 2, (t:2, i:0))
2022-11-01 02:15:14,177 [grpc-default-executor-5] INFO  impl.VoteContext (VoteContext.java:log(49)) - s3@group-29DD907A7165-FOLLOWER: reject PRE_VOTE from s0: this server is a follower and still has a valid leader s4
2022-11-01 02:15:14,177 [grpc-default-executor-5] INFO  server.RaftServer$Division (RaftServerImpl.java:requestVote(1324)) - s3@group-29DD907A7165 replies to PRE_VOTE vote request: s0<-s3#0:FAIL-t2. Peer's state: s3@group-29DD907A7165:t2, leader=s4, voted=s4, raftlog=Memoized:s3@group-29DD907A7165-SegmentedRaftLog:OPENED:c0, conf=0: peers:[s3|rpc:localhost:46863|admin:localhost:41281|client:localhost:41041|dataStream:localhost:44363|priority:0|startupRole:FOLLOWER, s4|rpc:localhost:36775|admin:localhost:35477|client:localhost:46475|dataStream:localhost:42557|priority:0|startupRole:FOLLOWER, s0|rpc:localhost:33119|admin:localhost:42011|client:localhost:45597|dataStream:localhost:34507|priority:0|startupRole:FOLLOWER, s1|rpc:localhost:43051|admin:localhost:41551|client:localhost:45233|dataStream:localhost:41779|priority:0|startupRole:FOLLOWER, s2|rpc:localhost:41201|admin:localhost:41487|client:localhost:41547|dataStream:localhost:43565|priority:0|startupRole:FOLLOWER]|listeners:[], old=null
2022-11-01 02:15:14,176 [grpc-default-executor-2] INFO  util.CodeInjectionForTesting (BlockRequestHandlingInjection.java:execute(77)) - s1: Block request from s0
2022-11-01 02:15:14,178 [s0@group-29DD907A7165-LeaderElection19] INFO  impl.LeaderElection (LeaderElection.java:logAndReturn(89)) - s0@group-29DD907A7165-LeaderElection19: PRE_VOTE REJECTED received 1 response(s) and 0 exception(s):
2022-11-01 02:15:14,178 [s0@group-29DD907A7165-LeaderElection19] INFO  impl.LeaderElection (LeaderElection.java:logAndReturn(93)) -   Response 0: s0<-s4#0:FAIL-t2
2022-11-01 02:15:14,178 [s0@group-29DD907A7165-LeaderElection19] INFO  impl.LeaderElection (LeaderElection.java:askForVotes(311)) - s0@group-29DD907A7165-LeaderElection19 PRE_VOTE round 0: result REJECTED
2022-11-01 02:15:14,179 [grpc-default-executor-29] INFO  server.RaftServer$Division (RaftServerImpl.java:requestVote(1291)) - s2@group-29DD907A7165: receive requestVote(PRE_VOTE, s0, group-29DD907A7165, 2, (t:2, i:0))
2022-11-01 02:15:14,180 [grpc-default-executor-29] INFO  impl.VoteContext (VoteContext.java:log(49)) - s2@group-29DD907A7165-FOLLOWER: accept PRE_VOTE from s0: our priority 0 <= candidate's priority 0
2022-11-01 02:15:14,180 [grpc-default-executor-29] INFO  server.RaftServer$Division (RaftServerImpl.java:requestVote(1324)) - s2@group-29DD907A7165 replies to PRE_VOTE vote request: s0<-s2#0:OK-t2. Peer's state: s2@group-29DD907A7165:t2, leader=s4, voted=s4, raftlog=Memoized:s2@group-29DD907A7165-SegmentedRaftLog:OPENED:c0, conf=0: peers:[s3|rpc:localhost:46863|admin:localhost:41281|client:localhost:41041|dataStream:localhost:44363|priority:0|startupRole:FOLLOWER, s4|rpc:localhost:36775|admin:localhost:35477|client:localhost:46475|dataStream:localhost:42557|priority:0|startupRole:FOLLOWER, s0|rpc:localhost:33119|admin:localhost:42011|client:localhost:45597|dataStream:localhost:34507|priority:0|startupRole:FOLLOWER, s1|rpc:localhost:43051|admin:localhost:41551|client:localhost:45233|dataStream:localhost:41779|priority:0|startupRole:FOLLOWER, s2|rpc:localhost:41201|admin:localhost:41487|client:localhost:41547|dataStream:localhost:43565|priority:0|startupRole:FOLLOWER]|listeners:[], old=null
2022-11-01 02:15:14,224 [s4@group-29DD907A7165->s1-GrpcLogAppender-LogAppenderDaemon] INFO  util.CodeInjectionForTesting (DelayLocalExecutionInjection.java:execute(65)) - s4 delay 150 ms, args=[serverRequest {
  requestorId: "s4"
  replyId: "s1"
  raftGroupId {
    id: "\306I{yg\341A\222\264\356)\335\220zqe"
  }
  callId: 45
  slidingWindowEntry {
  }
}
leaderTerm: 2
previousLog {
  term: 2
}
initializing: true
commitInfos {
  server {
    id: "s4"
    address: "localhost:36775"
    dataStreamAddress: "localhost:42557"
    clientAddress: "localhost:46475"
    adminAddress: "localhost:35477"
    startupRole: FOLLOWER
  }
}
commitInfos {
  server {
    id: "s3"
    address: "localhost:46863"
    dataStreamAddress: "localhost:44363"
    clientAddress: "localhost:41041"
    adminAddress: "localhost:41281"
    startupRole: FOLLOWER
  }
}
commitInfos {
  server {
    id: "s0"
    address: "localhost:33119"
    dataStreamAddress: "localhost:34507"
    clientAddress: "localhost:45597"
    adminAddress: "localhost:42011"
    startupRole: FOLLOWER
  }
}
commitInfos {
  server {
    id: "s1"
    address: "localhost:43051"
    dataStreamAddress: "localhost:41779"
    clientAddress: "localhost:45233"
    adminAddress: "localhost:41551"
    startupRole: FOLLOWER
  }
}
commitInfos {
  server {
    id: "s2"
    address: "localhost:41201"
    dataStreamAddress: "localhost:43565"
    clientAddress: "localhost:41547"
    adminAddress: "localhost:41487"
    startupRole: FOLLOWER
  }
}
]
2022-11-01 02:15:14,237 [s1@group-29DD907A7165-FollowerState] INFO  impl.FollowerState (FollowerState.java:run(143)) - s1@group-29DD907A7165-FollowerState: change to CANDIDATE, lastRpcElapsedTime:215961584ns, electionTimeout:212ms
2022-11-01 02:15:14,237 [s1@group-29DD907A7165-FollowerState] INFO  impl.RoleInfo (RoleInfo.java:shutdownFollowerState(110)) - s1: shutdown s1@group-29DD907A7165-FollowerState
2022-11-01 02:15:14,237 [s1@group-29DD907A7165-FollowerState] INFO  server.RaftServer$Division (RaftServerImpl.java:setRole(325)) - s1@group-29DD907A7165: changes role from  FOLLOWER to CANDIDATE at term 2 for changeToCandidate
2022-11-01 02:15:14,237 [s1@group-29DD907A7165-FollowerState] INFO  server.RaftServerConfigKeys (ConfUtils.java:logGet(46)) - raft.server.leaderelection.pre-vote = true (default)
2022-11-01 02:15:14,237 [s1@group-29DD907A7165-FollowerState] INFO  impl.RoleInfo (RoleInfo.java:updateAndGet(139)) - s1: start s1@group-29DD907A7165-LeaderElection20
2022-11-01 02:15:14,238 [s1@group-29DD907A7165-LeaderElection20] INFO  impl.LeaderElection (LeaderElection.java:askForVotes(309)) - s1@group-29DD907A7165-LeaderElection20 PRE_VOTE round 0: submit vote requests at term 2 for 0: peers:[s3|rpc:localhost:46863|admin:localhost:41281|client:localhost:41041|dataStream:localhost:44363|priority:0|startupRole:FOLLOWER, s4|rpc:localhost:36775|admin:localhost:35477|client:localhost:46475|dataStream:localhost:42557|priority:0|startupRole:FOLLOWER, s0|rpc:localhost:33119|admin:localhost:42011|client:localhost:45597|dataStream:localhost:34507|priority:0|startupRole:FOLLOWER, s1|rpc:localhost:43051|admin:localhost:41551|client:localhost:45233|dataStream:localhost:41779|priority:0|startupRole:FOLLOWER, s2|rpc:localhost:41201|admin:localhost:41487|client:localhost:41547|dataStream:localhost:43565|priority:0|startupRole:FOLLOWER]|listeners:[], old=null
2022-11-01 02:15:14,241 [grpc-default-executor-5] INFO  server.RaftServer$Division (RaftServerImpl.java:requestVote(1291)) - s4@group-29DD907A7165: receive requestVote(PRE_VOTE, s1, group-29DD907A7165, 2, (t:1, i:0))
2022-11-01 02:15:14,241 [grpc-default-executor-5] INFO  impl.VoteContext (VoteContext.java:log(49)) - s4@group-29DD907A7165-LEADER: reject PRE_VOTE from s1: this server is the leader and still has leadership
2022-11-01 02:15:14,241 [grpc-default-executor-5] INFO  server.RaftServer$Division (RaftServerImpl.java:requestVote(1324)) - s4@group-29DD907A7165 replies to PRE_VOTE vote request: s1<-s4#0:FAIL-t2. Peer's state: s4@group-29DD907A7165:t2, leader=s4, voted=s4, raftlog=Memoized:s4@group-29DD907A7165-SegmentedRaftLog:OPENED:c0, conf=0: peers:[s3|rpc:localhost:46863|admin:localhost:41281|client:localhost:41041|dataStream:localhost:44363|priority:0|startupRole:FOLLOWER, s4|rpc:localhost:36775|admin:localhost:35477|client:localhost:46475|dataStream:localhost:42557|priority:0|startupRole:FOLLOWER, s0|rpc:localhost:33119|admin:localhost:42011|client:localhost:45597|dataStream:localhost:34507|priority:0|startupRole:FOLLOWER, s1|rpc:localhost:43051|admin:localhost:41551|client:localhost:45233|dataStream:localhost:41779|priority:0|startupRole:FOLLOWER, s2|rpc:localhost:41201|admin:localhost:41487|client:localhost:41547|dataStream:localhost:43565|priority:0|startupRole:FOLLOWER]|listeners:[], old=null
2022-11-01 02:15:14,242 [grpc-default-executor-5] INFO  server.RaftServer$Division (RaftServerImpl.java:requestVote(1291)) - s3@group-29DD907A7165: receive requestVote(PRE_VOTE, s1, group-29DD907A7165, 2, (t:1, i:0))
2022-11-01 02:15:14,242 [grpc-default-executor-5] INFO  impl.VoteContext (VoteContext.java:log(49)) - s3@group-29DD907A7165-FOLLOWER: reject PRE_VOTE from s1: our last entry (t:2, i:0) > candidate's last entry (t:1, i:0)
2022-11-01 02:15:14,242 [grpc-default-executor-5] INFO  server.RaftServer$Division (RaftServerImpl.java:requestVote(1324)) - s3@group-29DD907A7165 replies to PRE_VOTE vote request: s1<-s3#0:FAIL-t2. Peer's state: s3@group-29DD907A7165:t2, leader=s4, voted=s4, raftlog=Memoized:s3@group-29DD907A7165-SegmentedRaftLog:OPENED:c0, conf=0: peers:[s3|rpc:localhost:46863|admin:localhost:41281|client:localhost:41041|dataStream:localhost:44363|priority:0|startupRole:FOLLOWER, s4|rpc:localhost:36775|admin:localhost:35477|client:localhost:46475|dataStream:localhost:42557|priority:0|startupRole:FOLLOWER, s0|rpc:localhost:33119|admin:localhost:42011|client:localhost:45597|dataStream:localhost:34507|priority:0|startupRole:FOLLOWER, s1|rpc:localhost:43051|admin:localhost:41551|client:localhost:45233|dataStream:localhost:41779|priority:0|startupRole:FOLLOWER, s2|rpc:localhost:41201|admin:localhost:41487|client:localhost:41547|dataStream:localhost:43565|priority:0|startupRole:FOLLOWER]|listeners:[], old=null
2022-11-01 02:15:14,245 [grpc-default-executor-29] INFO  server.RaftServer$Division (RaftServerImpl.java:requestVote(1291)) - s2@group-29DD907A7165: receive requestVote(PRE_VOTE, s1, group-29DD907A7165, 2, (t:1, i:0))
2022-11-01 02:15:14,245 [grpc-default-executor-29] INFO  impl.VoteContext (VoteContext.java:log(49)) - s2@group-29DD907A7165-FOLLOWER: reject PRE_VOTE from s1: this server is a follower and still has a valid leader s4
2022-11-01 02:15:14,245 [grpc-default-executor-29] INFO  server.RaftServer$Division (RaftServerImpl.java:requestVote(1324)) - s2@group-29DD907A7165 replies to PRE_VOTE vote request: s1<-s2#0:FAIL-t2. Peer's state: s2@group-29DD907A7165:t2, leader=s4, voted=s4, raftlog=Memoized:s2@group-29DD907A7165-SegmentedRaftLog:OPENED:c0, conf=0: peers:[s3|rpc:localhost:46863|admin:localhost:41281|client:localhost:41041|dataStream:localhost:44363|priority:0|startupRole:FOLLOWER, s4|rpc:localhost:36775|admin:localhost:35477|client:localhost:46475|dataStream:localhost:42557|priority:0|startupRole:FOLLOWER, s0|rpc:localhost:33119|admin:localhost:42011|client:localhost:45597|dataStream:localhost:34507|priority:0|startupRole:FOLLOWER, s1|rpc:localhost:43051|admin:localhost:41551|client:localhost:45233|dataStream:localhost:41779|priority:0|startupRole:FOLLOWER, s2|rpc:localhost:41201|admin:localhost:41487|client:localhost:41547|dataStream:localhost:43565|priority:0|startupRole:FOLLOWER]|listeners:[], old=null
2022-11-01 02:15:14,245 [grpc-default-executor-5] INFO  server.RaftServer$Division (RaftServerImpl.java:requestVote(1291)) - s0@group-29DD907A7165: receive requestVote(PRE_VOTE, s1, group-29DD907A7165, 2, (t:1, i:0))
2022-11-01 02:15:14,245 [grpc-default-executor-5] INFO  impl.VoteContext (VoteContext.java:log(49)) - s0@group-29DD907A7165-FOLLOWER: reject PRE_VOTE from s1: our last entry (t:2, i:0) > candidate's last entry (t:1, i:0)
2022-11-01 02:15:14,246 [grpc-default-executor-5] INFO  server.RaftServer$Division (RaftServerImpl.java:requestVote(1324)) - s0@group-29DD907A7165 replies to PRE_VOTE vote request: s1<-s0#0:FAIL-t2. Peer's state: s0@group-29DD907A7165:t2, leader=s4, voted=s4, raftlog=Memoized:s0@group-29DD907A7165-SegmentedRaftLog:OPENED:c0, conf=0: peers:[s3|rpc:localhost:46863|admin:localhost:41281|client:localhost:41041|dataStream:localhost:44363|priority:0|startupRole:FOLLOWER, s4|rpc:localhost:36775|admin:localhost:35477|client:localhost:46475|dataStream:localhost:42557|priority:0|startupRole:FOLLOWER, s0|rpc:localhost:33119|admin:localhost:42011|client:localhost:45597|dataStream:localhost:34507|priority:0|startupRole:FOLLOWER, s1|rpc:localhost:43051|admin:localhost:41551|client:localhost:45233|dataStream:localhost:41779|priority:0|startupRole:FOLLOWER, s2|rpc:localhost:41201|admin:localhost:41487|client:localhost:41547|dataStream:localhost:43565|priority:0|startupRole:FOLLOWER]|listeners:[], old=null
2022-11-01 02:15:14,247 [s1@group-29DD907A7165-LeaderElection20] INFO  impl.LeaderElection (LeaderElection.java:logAndReturn(89)) - s1@group-29DD907A7165-LeaderElection20: PRE_VOTE REJECTED received 3 response(s) and 0 exception(s):
2022-11-01 02:15:14,248 [s1@group-29DD907A7165-LeaderElection20] INFO  impl.LeaderElection (LeaderElection.java:logAndReturn(93)) -   Response 0: s1<-s3#0:FAIL-t2
2022-11-01 02:15:14,248 [s1@group-29DD907A7165-LeaderElection20] INFO  impl.LeaderElection (LeaderElection.java:logAndReturn(93)) -   Response 1: s1<-s4#0:FAIL-t2
2022-11-01 02:15:14,248 [s1@group-29DD907A7165-LeaderElection20] INFO  impl.LeaderElection (LeaderElection.java:logAndReturn(93)) -   Response 2: s1<-s0#0:FAIL-t2
2022-11-01 02:15:14,248 [s1@group-29DD907A7165-LeaderElection20] INFO  impl.LeaderElection (LeaderElection.java:askForVotes(311)) - s1@group-29DD907A7165-LeaderElection20 PRE_VOTE round 0: result REJECTED
2022-11-01 02:15:14,248 [s1@group-29DD907A7165-LeaderElection20] INFO  server.RaftServer$Division (RaftServerImpl.java:setRole(325)) - s1@group-29DD907A7165: changes role from CANDIDATE to FOLLOWER at term 2 for REJECTED
2022-11-01 02:15:14,248 [s1@group-29DD907A7165-LeaderElection20] INFO  impl.RoleInfo (RoleInfo.java:shutdownLeaderElection(130)) - s1: shutdown s1@group-29DD907A7165-LeaderElection20
2022-11-01 02:15:14,248 [s1@group-29DD907A7165-LeaderElection20] INFO  impl.RoleInfo (RoleInfo.java:updateAndGet(139)) - s1: start s1@group-29DD907A7165-FollowerState
2022-11-01 02:15:14,332 [s4@group-29DD907A7165->s3-GrpcLogAppender-LogAppenderDaemon] INFO  util.CodeInjectionForTesting (DelayLocalExecutionInjection.java:execute(65)) - s4 delay 150 ms, args=[serverRequest {
  requestorId: "s4"
  replyId: "s3"
  raftGroupId {
    id: "\306I{yg\341A\222\264\356)\335\220zqe"
  }
  callId: 29
  slidingWindowEntry {
  }
}
leaderTerm: 2
previousLog {
  term: 2
}
initializing: true
commitInfos {
  server {
    id: "s4"
    address: "localhost:36775"
    dataStreamAddress: "localhost:42557"
    clientAddress: "localhost:46475"
    adminAddress: "localhost:35477"
    startupRole: FOLLOWER
  }
}
commitInfos {
  server {
    id: "s3"
    address: "localhost:46863"
    dataStreamAddress: "localhost:44363"
    clientAddress: "localhost:41041"
    adminAddress: "localhost:41281"
    startupRole: FOLLOWER
  }
}
commitInfos {
  server {
    id: "s0"
    address: "localhost:33119"
    dataStreamAddress: "localhost:34507"
    clientAddress: "localhost:45597"
    adminAddress: "localhost:42011"
    startupRole: FOLLOWER
  }
}
commitInfos {
  server {
    id: "s1"
    address: "localhost:43051"
    dataStreamAddress: "localhost:41779"
    clientAddress: "localhost:45233"
    adminAddress: "localhost:41551"
    startupRole: FOLLOWER
  }
}
commitInfos {
  server {
    id: "s2"
    address: "localhost:41201"
    dataStreamAddress: "localhost:43565"
    clientAddress: "localhost:41547"
    adminAddress: "localhost:41487"
    startupRole: FOLLOWER
  }
}
]
2022-11-01 02:15:14,334 [s4@group-29DD907A7165->s2-GrpcLogAppender-LogAppenderDaemon] INFO  util.CodeInjectionForTesting (DelayLocalExecutionInjection.java:execute(65)) - s4 delay 150 ms, args=[serverRequest {
  requestorId: "s4"
  replyId: "s2"
  raftGroupId {
    id: "\306I{yg\341A\222\264\356)\335\220zqe"
  }
  callId: 25
  slidingWindowEntry {
  }
}
leaderTerm: 2
previousLog {
  term: 2
}
initializing: true
commitInfos {
  server {
    id: "s4"
    address: "localhost:36775"
    dataStreamAddress: "localhost:42557"
    clientAddress: "localhost:46475"
    adminAddress: "localhost:35477"
    startupRole: FOLLOWER
  }
}
commitInfos {
  server {
    id: "s3"
    address: "localhost:46863"
    dataStreamAddress: "localhost:44363"
    clientAddress: "localhost:41041"
    adminAddress: "localhost:41281"
    startupRole: FOLLOWER
  }
}
commitInfos {
  server {
    id: "s0"
    address: "localhost:33119"
    dataStreamAddress: "localhost:34507"
    clientAddress: "localhost:45597"
    adminAddress: "localhost:42011"
    startupRole: FOLLOWER
  }
}
commitInfos {
  server {
    id: "s1"
    address: "localhost:43051"
    dataStreamAddress: "localhost:41779"
    clientAddress: "localhost:45233"
    adminAddress: "localhost:41551"
    startupRole: FOLLOWER
  }
}
commitInfos {
  server {
    id: "s2"
    address: "localhost:41201"
    dataStreamAddress: "localhost:43565"
    clientAddress: "localhost:41547"
    adminAddress: "localhost:41487"
    startupRole: FOLLOWER
  }
}
]
2022-11-01 02:15:14,335 [s4@group-29DD907A7165->s0-GrpcLogAppender-LogAppenderDaemon] INFO  util.CodeInjectionForTesting (DelayLocalExecutionInjection.java:execute(65)) - s4 delay 150 ms, args=[serverRequest {
  requestorId: "s4"
  replyId: "s0"
  raftGroupId {
    id: "\306I{yg\341A\222\264\356)\335\220zqe"
  }
  callId: 39
  slidingWindowEntry {
  }
}
leaderTerm: 2
previousLog {
  term: 2
}
initializing: true
commitInfos {
  server {
    id: "s4"
    address: "localhost:36775"
    dataStreamAddress: "localhost:42557"
    clientAddress: "localhost:46475"
    adminAddress: "localhost:35477"
    startupRole: FOLLOWER
  }
}
commitInfos {
  server {
    id: "s3"
    address: "localhost:46863"
    dataStreamAddress: "localhost:44363"
    clientAddress: "localhost:41041"
    adminAddress: "localhost:41281"
    startupRole: FOLLOWER
  }
}
commitInfos {
  server {
    id: "s0"
    address: "localhost:33119"
    dataStreamAddress: "localhost:34507"
    clientAddress: "localhost:45597"
    adminAddress: "localhost:42011"
    startupRole: FOLLOWER
  }
}
commitInfos {
  server {
    id: "s1"
    address: "localhost:43051"
    dataStreamAddress: "localhost:41779"
    clientAddress: "localhost:45233"
    adminAddress: "localhost:41551"
    startupRole: FOLLOWER
  }
}
commitInfos {
  server {
    id: "s2"
    address: "localhost:41201"
    dataStreamAddress: "localhost:43565"
    clientAddress: "localhost:41547"
    adminAddress: "localhost:41487"
    startupRole: FOLLOWER
  }
}
]
2022-11-01 02:15:14,413 [s4@group-29DD907A7165->s1-GrpcLogAppender-LogAppenderDaemon] INFO  util.CodeInjectionForTesting (DelayLocalExecutionInjection.java:execute(65)) - s4 delay 150 ms, args=[serverRequest {
  requestorId: "s4"
  replyId: "s1"
  raftGroupId {
    id: "\306I{yg\341A\222\264\356)\335\220zqe"
  }
  callId: 46
  slidingWindowEntry {
  }
}
leaderTerm: 2
previousLog {
  term: 2
}
initializing: true
commitInfos {
  server {
    id: "s4"
    address: "localhost:36775"
    dataStreamAddress: "localhost:42557"
    clientAddress: "localhost:46475"
    adminAddress: "localhost:35477"
    startupRole: FOLLOWER
  }
}
commitInfos {
  server {
    id: "s3"
    address: "localhost:46863"
    dataStreamAddress: "localhost:44363"
    clientAddress: "localhost:41041"
    adminAddress: "localhost:41281"
    startupRole: FOLLOWER
  }
}
commitInfos {
  server {
    id: "s0"
    address: "localhost:33119"
    dataStreamAddress: "localhost:34507"
    clientAddress: "localhost:45597"
    adminAddress: "localhost:42011"
    startupRole: FOLLOWER
  }
}
commitInfos {
  server {
    id: "s1"
    address: "localhost:43051"
    dataStreamAddress: "localhost:41779"
    clientAddress: "localhost:45233"
    adminAddress: "localhost:41551"
    startupRole: FOLLOWER
  }
}
commitInfos {
  server {
    id: "s2"
    address: "localhost:41201"
    dataStreamAddress: "localhost:43565"
    clientAddress: "localhost:41547"
    adminAddress: "localhost:41487"
    startupRole: FOLLOWER
  }
}
]
2022-11-01 02:15:14,501 [s1@group-29DD907A7165-FollowerState] INFO  impl.FollowerState (FollowerState.java:run(143)) - s1@group-29DD907A7165-FollowerState: change to CANDIDATE, lastRpcElapsedTime:253385540ns, electionTimeout:241ms
2022-11-01 02:15:14,501 [s1@group-29DD907A7165-FollowerState] INFO  impl.RoleInfo (RoleInfo.java:shutdownFollowerState(110)) - s1: shutdown s1@group-29DD907A7165-FollowerState
2022-11-01 02:15:14,502 [s1@group-29DD907A7165-FollowerState] INFO  server.RaftServer$Division (RaftServerImpl.java:setRole(325)) - s1@group-29DD907A7165: changes role from  FOLLOWER to CANDIDATE at term 2 for changeToCandidate
2022-11-01 02:15:14,502 [s1@group-29DD907A7165-FollowerState] INFO  server.RaftServerConfigKeys (ConfUtils.java:logGet(46)) - raft.server.leaderelection.pre-vote = true (default)
2022-11-01 02:15:14,502 [s1@group-29DD907A7165-FollowerState] INFO  impl.RoleInfo (RoleInfo.java:updateAndGet(139)) - s1: start s1@group-29DD907A7165-LeaderElection21
2022-11-01 02:15:14,503 [s1@group-29DD907A7165-LeaderElection21] INFO  impl.LeaderElection (LeaderElection.java:askForVotes(309)) - s1@group-29DD907A7165-LeaderElection21 PRE_VOTE round 0: submit vote requests at term 2 for 0: peers:[s3|rpc:localhost:46863|admin:localhost:41281|client:localhost:41041|dataStream:localhost:44363|priority:0|startupRole:FOLLOWER, s4|rpc:localhost:36775|admin:localhost:35477|client:localhost:46475|dataStream:localhost:42557|priority:0|startupRole:FOLLOWER, s0|rpc:localhost:33119|admin:localhost:42011|client:localhost:45597|dataStream:localhost:34507|priority:0|startupRole:FOLLOWER, s1|rpc:localhost:43051|admin:localhost:41551|client:localhost:45233|dataStream:localhost:41779|priority:0|startupRole:FOLLOWER, s2|rpc:localhost:41201|admin:localhost:41487|client:localhost:41547|dataStream:localhost:43565|priority:0|startupRole:FOLLOWER]|listeners:[], old=null
2022-11-01 02:15:14,506 [grpc-default-executor-29] INFO  server.RaftServer$Division (RaftServerImpl.java:requestVote(1291)) - s3@group-29DD907A7165: receive requestVote(PRE_VOTE, s1, group-29DD907A7165, 2, (t:1, i:0))
2022-11-01 02:15:14,506 [grpc-default-executor-29] INFO  impl.VoteContext (VoteContext.java:log(49)) - s3@group-29DD907A7165-FOLLOWER: reject PRE_VOTE from s1: this server is a follower and still has a valid leader s4
2022-11-01 02:15:14,506 [grpc-default-executor-29] INFO  server.RaftServer$Division (RaftServerImpl.java:requestVote(1324)) - s3@group-29DD907A7165 replies to PRE_VOTE vote request: s1<-s3#0:FAIL-t2. Peer's state: s3@group-29DD907A7165:t2, leader=s4, voted=s4, raftlog=Memoized:s3@group-29DD907A7165-SegmentedRaftLog:OPENED:c0, conf=0: peers:[s3|rpc:localhost:46863|admin:localhost:41281|client:localhost:41041|dataStream:localhost:44363|priority:0|startupRole:FOLLOWER, s4|rpc:localhost:36775|admin:localhost:35477|client:localhost:46475|dataStream:localhost:42557|priority:0|startupRole:FOLLOWER, s0|rpc:localhost:33119|admin:localhost:42011|client:localhost:45597|dataStream:localhost:34507|priority:0|startupRole:FOLLOWER, s1|rpc:localhost:43051|admin:localhost:41551|client:localhost:45233|dataStream:localhost:41779|priority:0|startupRole:FOLLOWER, s2|rpc:localhost:41201|admin:localhost:41487|client:localhost:41547|dataStream:localhost:43565|priority:0|startupRole:FOLLOWER]|listeners:[], old=null
2022-11-01 02:15:14,507 [grpc-default-executor-5] INFO  server.RaftServer$Division (RaftServerImpl.java:requestVote(1291)) - s4@group-29DD907A7165: receive requestVote(PRE_VOTE, s1, group-29DD907A7165, 2, (t:1, i:0))
2022-11-01 02:15:14,507 [grpc-default-executor-5] INFO  impl.VoteContext (VoteContext.java:log(49)) - s4@group-29DD907A7165-LEADER: reject PRE_VOTE from s1: this server is the leader and still has leadership
2022-11-01 02:15:14,507 [grpc-default-executor-5] INFO  server.RaftServer$Division (RaftServerImpl.java:requestVote(1324)) - s4@group-29DD907A7165 replies to PRE_VOTE vote request: s1<-s4#0:FAIL-t2. Peer's state: s4@group-29DD907A7165:t2, leader=s4, voted=s4, raftlog=Memoized:s4@group-29DD907A7165-SegmentedRaftLog:OPENED:c0, conf=0: peers:[s3|rpc:localhost:46863|admin:localhost:41281|client:localhost:41041|dataStream:localhost:44363|priority:0|startupRole:FOLLOWER, s4|rpc:localhost:36775|admin:localhost:35477|client:localhost:46475|dataStream:localhost:42557|priority:0|startupRole:FOLLOWER, s0|rpc:localhost:33119|admin:localhost:42011|client:localhost:45597|dataStream:localhost:34507|priority:0|startupRole:FOLLOWER, s1|rpc:localhost:43051|admin:localhost:41551|client:localhost:45233|dataStream:localhost:41779|priority:0|startupRole:FOLLOWER, s2|rpc:localhost:41201|admin:localhost:41487|client:localhost:41547|dataStream:localhost:43565|priority:0|startupRole:FOLLOWER]|listeners:[], old=null
2022-11-01 02:15:14,510 [grpc-default-executor-5] INFO  server.RaftServer$Division (RaftServerImpl.java:requestVote(1291)) - s0@group-29DD907A7165: receive requestVote(PRE_VOTE, s1, group-29DD907A7165, 2, (t:1, i:0))
2022-11-01 02:15:14,510 [grpc-default-executor-5] INFO  impl.VoteContext (VoteContext.java:log(49)) - s0@group-29DD907A7165-FOLLOWER: reject PRE_VOTE from s1: this server is a follower and still has a valid leader s4
2022-11-01 02:15:14,510 [grpc-default-executor-5] INFO  server.RaftServer$Division (RaftServerImpl.java:requestVote(1324)) - s0@group-29DD907A7165 replies to PRE_VOTE vote request: s1<-s0#0:FAIL-t2. Peer's state: s0@group-29DD907A7165:t2, leader=s4, voted=s4, raftlog=Memoized:s0@group-29DD907A7165-SegmentedRaftLog:OPENED:c0, conf=0: peers:[s3|rpc:localhost:46863|admin:localhost:41281|client:localhost:41041|dataStream:localhost:44363|priority:0|startupRole:FOLLOWER, s4|rpc:localhost:36775|admin:localhost:35477|client:localhost:46475|dataStream:localhost:42557|priority:0|startupRole:FOLLOWER, s0|rpc:localhost:33119|admin:localhost:42011|client:localhost:45597|dataStream:localhost:34507|priority:0|startupRole:FOLLOWER, s1|rpc:localhost:43051|admin:localhost:41551|client:localhost:45233|dataStream:localhost:41779|priority:0|startupRole:FOLLOWER, s2|rpc:localhost:41201|admin:localhost:41487|client:localhost:41547|dataStream:localhost:43565|priority:0|startupRole:FOLLOWER]|listeners:[], old=null
2022-11-01 02:15:14,512 [s1@group-29DD907A7165-LeaderElection21] INFO  impl.LeaderElection (LeaderElection.java:logAndReturn(89)) - s1@group-29DD907A7165-LeaderElection21: PRE_VOTE REJECTED received 3 response(s) and 0 exception(s):
2022-11-01 02:15:14,512 [s1@group-29DD907A7165-LeaderElection21] INFO  impl.LeaderElection (LeaderElection.java:logAndReturn(93)) -   Response 0: s1<-s3#0:FAIL-t2
2022-11-01 02:15:14,512 [s1@group-29DD907A7165-LeaderElection21] INFO  impl.LeaderElection (LeaderElection.java:logAndReturn(93)) -   Response 1: s1<-s4#0:FAIL-t2
2022-11-01 02:15:14,512 [s1@group-29DD907A7165-LeaderElection21] INFO  impl.LeaderElection (LeaderElection.java:logAndReturn(93)) -   Response 2: s1<-s0#0:FAIL-t2
2022-11-01 02:15:14,512 [s1@group-29DD907A7165-LeaderElection21] INFO  impl.LeaderElection (LeaderElection.java:askForVotes(311)) - s1@group-29DD907A7165-LeaderElection21 PRE_VOTE round 0: result REJECTED
2022-11-01 02:15:14,512 [s1@group-29DD907A7165-LeaderElection21] INFO  server.RaftServer$Division (RaftServerImpl.java:setRole(325)) - s1@group-29DD907A7165: changes role from CANDIDATE to FOLLOWER at term 2 for REJECTED
2022-11-01 02:15:14,512 [s1@group-29DD907A7165-LeaderElection21] INFO  impl.RoleInfo (RoleInfo.java:shutdownLeaderElection(130)) - s1: shutdown s1@group-29DD907A7165-LeaderElection21
2022-11-01 02:15:14,512 [s1@group-29DD907A7165-LeaderElection21] INFO  impl.RoleInfo (RoleInfo.java:updateAndGet(139)) - s1: start s1@group-29DD907A7165-FollowerState
2022-11-01 02:15:14,513 [grpc-default-executor-5] INFO  server.RaftServer$Division (RaftServerImpl.java:requestVote(1291)) - s2@group-29DD907A7165: receive requestVote(PRE_VOTE, s1, group-29DD907A7165, 2, (t:1, i:0))
2022-11-01 02:15:14,514 [grpc-default-executor-5] INFO  impl.VoteContext (VoteContext.java:log(49)) - s2@group-29DD907A7165-FOLLOWER: reject PRE_VOTE from s1: this server is a follower and still has a valid leader s4
2022-11-01 02:15:14,514 [grpc-default-executor-5] INFO  server.RaftServer$Division (RaftServerImpl.java:requestVote(1324)) - s2@group-29DD907A7165 replies to PRE_VOTE vote request: s1<-s2#0:FAIL-t2. Peer's state: s2@group-29DD907A7165:t2, leader=s4, voted=s4, raftlog=Memoized:s2@group-29DD907A7165-SegmentedRaftLog:OPENED:c0, conf=0: peers:[s3|rpc:localhost:46863|admin:localhost:41281|client:localhost:41041|dataStream:localhost:44363|priority:0|startupRole:FOLLOWER, s4|rpc:localhost:36775|admin:localhost:35477|client:localhost:46475|dataStream:localhost:42557|priority:0|startupRole:FOLLOWER, s0|rpc:localhost:33119|admin:localhost:42011|client:localhost:45597|dataStream:localhost:34507|priority:0|startupRole:FOLLOWER, s1|rpc:localhost:43051|admin:localhost:41551|client:localhost:45233|dataStream:localhost:41779|priority:0|startupRole:FOLLOWER, s2|rpc:localhost:41201|admin:localhost:41487|client:localhost:41547|dataStream:localhost:43565|priority:0|startupRole:FOLLOWER]|listeners:[], old=null
2022-11-01 02:15:14,516 [Time-limited test] INFO  server.RaftServerConfigKeys (ConfUtils.java:logGet(46)) - raft.server.rpc.timeout.max = 300ms (default)
2022-11-01 02:15:14,708 [s1-server-thread4] INFO  util.CodeInjectionForTesting (BlockRequestHandlingInjection.java:execute(84)) - s1: unBlock request from s4
2022-11-01 02:15:14,709 [s1-server-thread4] INFO  server.RaftServer$Division (ServerState.java:setLeader(259)) - s1@group-29DD907A7165: change Leader from null to s4 at term 2 for appendEntries, leader elected after 710ms
2022-11-01 02:15:14,709 [s1-server-thread4] INFO  server.RaftServer$Division (RaftServerImpl.java:checkInconsistentAppendEntries(1599)) - s1@group-29DD907A7165: Failed appendEntries as previous log entry ((t:2, i:0)) is not found
2022-11-01 02:15:14,709 [s1-server-thread4] INFO  server.RaftServer$Division (RaftServerImpl.java:checkInconsistentAppendEntries(1569)) - s1@group-29DD907A7165: inconsistency entries. Reply:s4<-s1#42:FAIL-t2,INCONSISTENCY,nextIndex=0,followerCommit=0,matchIndex=-1
2022-11-01 02:15:14,710 [s1-server-thread4] INFO  server.RaftServer$Division (RaftServerImpl.java:checkInconsistentAppendEntries(1599)) - s1@group-29DD907A7165: Failed appendEntries as previous log entry ((t:2, i:0)) is not found
2022-11-01 02:15:14,710 [grpc-default-executor-29] INFO  leader.FollowerInfo (FollowerInfoImpl.java:lambda$new$0(48)) - s4@group-29DD907A7165->s1: nextIndex: updateUnconditionally 1 -> 0
2022-11-01 02:15:14,710 [s1-server-thread4] INFO  server.RaftServer$Division (RaftServerImpl.java:checkInconsistentAppendEntries(1569)) - s1@group-29DD907A7165: inconsistency entries. Reply:s4<-s1#43:FAIL-t2,INCONSISTENCY,nextIndex=0,followerCommit=0,matchIndex=-1
2022-11-01 02:15:14,711 [s1-server-thread4] INFO  server.RaftServer$Division (RaftServerImpl.java:checkInconsistentAppendEntries(1599)) - s1@group-29DD907A7165: Failed appendEntries as previous log entry ((t:2, i:0)) is not found
2022-11-01 02:15:14,711 [s1-server-thread4] INFO  server.RaftServer$Division (RaftServerImpl.java:checkInconsistentAppendEntries(1569)) - s1@group-29DD907A7165: inconsistency entries. Reply:s4<-s1#44:FAIL-t2,INCONSISTENCY,nextIndex=0,followerCommit=0,matchIndex=-1
2022-11-01 02:15:14,711 [grpc-default-executor-29] INFO  leader.FollowerInfo (FollowerInfoImpl.java:lambda$new$0(48)) - s4@group-29DD907A7165->s1: nextIndex: updateUnconditionally 1 -> 0
2022-11-01 02:15:14,712 [s1-server-thread3] INFO  server.RaftServer$Division (RaftServerImpl.java:checkInconsistentAppendEntries(1599)) - s1@group-29DD907A7165: Failed appendEntries as previous log entry ((t:2, i:0)) is not found
2022-11-01 02:15:14,712 [s1-server-thread3] INFO  server.RaftServer$Division (RaftServerImpl.java:checkInconsistentAppendEntries(1569)) - s1@group-29DD907A7165: inconsistency entries. Reply:s4<-s1#45:FAIL-t2,INCONSISTENCY,nextIndex=0,followerCommit=0,matchIndex=-1
2022-11-01 02:15:14,713 [grpc-default-executor-24] INFO  leader.FollowerInfo (FollowerInfoImpl.java:lambda$new$0(48)) - s4@group-29DD907A7165->s1: nextIndex: updateUnconditionally 1 -> 0
2022-11-01 02:15:14,713 [s1-server-thread4] DEBUG server.RaftServer$Division (RaftServerImpl.java:logAppendEntries(1418)) - s1@group-29DD907A7165: receive appendEntries(s4, 2, null, 0, true, commits:[s4:c0, s3:c0, s0:c0, s1:c0, s2:c0], cId:50, entries: [(t:2, i:0), CONFIGURATIONENTRY(current:id: "s3"
address: "localhost:46863"
dataStreamAddress: "localhost:44363"
clientAddress: "localhost:41041"
adminAddress: "localhost:41281"
startupRole: FOLLOWER
,id: "s4"
address: "localhost:36775"
dataStreamAddress: "localhost:42557"
clientAddress: "localhost:46475"
adminAddress: "localhost:35477"
startupRole: FOLLOWER
,id: "s0"
address: "localhost:33119"
dataStreamAddress: "localhost:34507"
clientAddress: "localhost:45597"
adminAddress: "localhost:42011"
startupRole: FOLLOWER
,id: "s1"
address: "localhost:43051"
dataStreamAddress: "localhost:41779"
clientAddress: "localhost:45233"
adminAddress: "localhost:41551"
startupRole: FOLLOWER
,id: "s2"
address: "localhost:41201"
dataStreamAddress: "localhost:43565"
clientAddress: "localhost:41547"
adminAddress: "localhost:41487"
startupRole: FOLLOWER
, old:)]
2022-11-01 02:15:14,713 [s1-server-thread4] INFO  server.RaftServer$Division (RaftServerImpl.java:checkInconsistentAppendEntries(1589)) - s1@group-29DD907A7165: Failed appendEntries as the first entry (index 0) already exists (snapshotIndex: -1, commitIndex: 0)
2022-11-01 02:15:14,713 [s1-server-thread4] INFO  server.RaftServer$Division (RaftServerImpl.java:checkInconsistentAppendEntries(1569)) - s1@group-29DD907A7165: inconsistency entries. Reply:s4<-s1#50:FAIL-t2,INCONSISTENCY,nextIndex=1,followerCommit=0,matchIndex=-1
2022-11-01 02:15:14,714 [s1-server-thread3] INFO  server.RaftServer$Division (RaftServerImpl.java:checkInconsistentAppendEntries(1599)) - s1@group-29DD907A7165: Failed appendEntries as previous log entry ((t:2, i:0)) is not found
2022-11-01 02:15:14,714 [s1-server-thread3] INFO  server.RaftServer$Division (RaftServerImpl.java:checkInconsistentAppendEntries(1569)) - s1@group-29DD907A7165: inconsistency entries. Reply:s4<-s1#46:FAIL-t2,INCONSISTENCY,nextIndex=0,followerCommit=0,matchIndex=-1
2022-11-01 02:15:14,714 [grpc-default-executor-24] INFO  leader.FollowerInfo (FollowerInfoImpl.java:lambda$new$0(48)) - s4@group-29DD907A7165->s1: nextIndex: updateUnconditionally 1 -> 1
2022-11-01 02:15:14,714 [s1-server-thread4] DEBUG server.RaftServer$Division (RaftServerImpl.java:logAppendEntries(1418)) - s1@group-29DD907A7165: receive appendEntries(s4, 2, null, 0, true, commits:[s4:c0, s3:c0, s0:c0, s1:c0, s2:c0], cId:51, entries: [(t:2, i:0), CONFIGURATIONENTRY(current:id: "s3"
address: "localhost:46863"
dataStreamAddress: "localhost:44363"
clientAddress: "localhost:41041"
adminAddress: "localhost:41281"
startupRole: FOLLOWER
,id: "s4"
address: "localhost:36775"
dataStreamAddress: "localhost:42557"
clientAddress: "localhost:46475"
adminAddress: "localhost:35477"
startupRole: FOLLOWER
,id: "s0"
address: "localhost:33119"
dataStreamAddress: "localhost:34507"
clientAddress: "localhost:45597"
adminAddress: "localhost:42011"
startupRole: FOLLOWER
,id: "s1"
address: "localhost:43051"
dataStreamAddress: "localhost:41779"
clientAddress: "localhost:45233"
adminAddress: "localhost:41551"
startupRole: FOLLOWER
,id: "s2"
address: "localhost:41201"
dataStreamAddress: "localhost:43565"
clientAddress: "localhost:41547"
adminAddress: "localhost:41487"
startupRole: FOLLOWER
, old:)]
2022-11-01 02:15:14,715 [s1-server-thread4] INFO  server.RaftServer$Division (RaftServerImpl.java:checkInconsistentAppendEntries(1589)) - s1@group-29DD907A7165: Failed appendEntries as the first entry (index 0) already exists (snapshotIndex: -1, commitIndex: 0)
2022-11-01 02:15:14,715 [s1-server-thread4] INFO  server.RaftServer$Division (RaftServerImpl.java:checkInconsistentAppendEntries(1569)) - s1@group-29DD907A7165: inconsistency entries. Reply:s4<-s1#51:FAIL-t2,INCONSISTENCY,nextIndex=1,followerCommit=0,matchIndex=-1
2022-11-01 02:15:14,716 [grpc-default-executor-24] INFO  leader.FollowerInfo (FollowerInfoImpl.java:lambda$new$0(48)) - s4@group-29DD907A7165->s1: nextIndex: updateUnconditionally 1 -> 0
2022-11-01 02:15:14,717 [grpc-default-executor-24] INFO  leader.FollowerInfo (FollowerInfoImpl.java:lambda$new$0(48)) - s4@group-29DD907A7165->s1: nextIndex: updateUnconditionally 1 -> 0
2022-11-01 02:15:14,718 [s1-server-thread3] DEBUG server.RaftServer$Division (RaftServerImpl.java:logAppendEntries(1418)) - s1@group-29DD907A7165: receive appendEntries(s4, 2, null, 0, true, commits:[s4:c0, s3:c0, s0:c0, s1:c0, s2:c0], cId:52, entries: [(t:2, i:0), CONFIGURATIONENTRY(current:id: "s3"
address: "localhost:46863"
dataStreamAddress: "localhost:44363"
clientAddress: "localhost:41041"
adminAddress: "localhost:41281"
startupRole: FOLLOWER
,id: "s4"
address: "localhost:36775"
dataStreamAddress: "localhost:42557"
clientAddress: "localhost:46475"
adminAddress: "localhost:35477"
startupRole: FOLLOWER
,id: "s0"
address: "localhost:33119"
dataStreamAddress: "localhost:34507"
clientAddress: "localhost:45597"
adminAddress: "localhost:42011"
startupRole: FOLLOWER
,id: "s1"
address: "localhost:43051"
dataStreamAddress: "localhost:41779"
clientAddress: "localhost:45233"
adminAddress: "localhost:41551"
startupRole: FOLLOWER
,id: "s2"
address: "localhost:41201"
dataStreamAddress: "localhost:43565"
clientAddress: "localhost:41547"
adminAddress: "localhost:41487"
startupRole: FOLLOWER
, old:)]
2022-11-01 02:15:14,718 [s1-server-thread3] INFO  server.RaftServer$Division (RaftServerImpl.java:checkInconsistentAppendEntries(1589)) - s1@group-29DD907A7165: Failed appendEntries as the first entry (index 0) already exists (snapshotIndex: -1, commitIndex: 0)
2022-11-01 02:15:14,719 [s1-server-thread3] INFO  server.RaftServer$Division (RaftServerImpl.java:checkInconsistentAppendEntries(1569)) - s1@group-29DD907A7165: inconsistency entries. Reply:s4<-s1#52:FAIL-t2,INCONSISTENCY,nextIndex=1,followerCommit=0,matchIndex=-1
2022-11-01 02:15:14,719 [grpc-default-executor-27] INFO  leader.FollowerInfo (FollowerInfoImpl.java:lambda$new$0(48)) - s4@group-29DD907A7165->s1: nextIndex: updateUnconditionally 1 -> 1
2022-11-01 02:15:14,720 [s1-server-thread4] INFO  server.RaftServer$Division (RaftServerImpl.java:checkInconsistentAppendEntries(1599)) - s1@group-29DD907A7165: Failed appendEntries as previous log entry ((t:2, i:0)) is not found
2022-11-01 02:15:14,720 [s1-server-thread4] INFO  server.RaftServer$Division (RaftServerImpl.java:checkInconsistentAppendEntries(1569)) - s1@group-29DD907A7165: inconsistency entries. Reply:s4<-s1#47:FAIL-t2,INCONSISTENCY,nextIndex=0,followerCommit=0,matchIndex=-1
2022-11-01 02:15:14,720 [grpc-default-executor-5] INFO  leader.FollowerInfo (FollowerInfoImpl.java:lambda$new$0(48)) - s4@group-29DD907A7165->s1: nextIndex: updateUnconditionally 1 -> 1
2022-11-01 02:15:14,721 [s1-server-thread3] INFO  server.RaftServer$Division (RaftServerImpl.java:checkInconsistentAppendEntries(1599)) - s1@group-29DD907A7165: Failed appendEntries as previous log entry ((t:2, i:0)) is not found
2022-11-01 02:15:14,721 [s1-server-thread3] INFO  server.RaftServer$Division (RaftServerImpl.java:checkInconsistentAppendEntries(1569)) - s1@group-29DD907A7165: inconsistency entries. Reply:s4<-s1#48:FAIL-t2,INCONSISTENCY,nextIndex=0,followerCommit=0,matchIndex=-1
2022-11-01 02:15:14,722 [s1-server-thread4] DEBUG server.RaftServer$Division (RaftServerImpl.java:logAppendEntries(1418)) - s1@group-29DD907A7165: receive appendEntries(s4, 2, null, 0, true, commits:[s4:c0, s3:c0, s0:c0, s1:c0, s2:c0], cId:53, entries: [(t:2, i:0), CONFIGURATIONENTRY(current:id: "s3"
address: "localhost:46863"
dataStreamAddress: "localhost:44363"
clientAddress: "localhost:41041"
adminAddress: "localhost:41281"
startupRole: FOLLOWER
,id: "s4"
address: "localhost:36775"
dataStreamAddress: "localhost:42557"
clientAddress: "localhost:46475"
adminAddress: "localhost:35477"
startupRole: FOLLOWER
,id: "s0"
address: "localhost:33119"
dataStreamAddress: "localhost:34507"
clientAddress: "localhost:45597"
adminAddress: "localhost:42011"
startupRole: FOLLOWER
,id: "s1"
address: "localhost:43051"
dataStreamAddress: "localhost:41779"
clientAddress: "localhost:45233"
adminAddress: "localhost:41551"
startupRole: FOLLOWER
,id: "s2"
address: "localhost:41201"
dataStreamAddress: "localhost:43565"
clientAddress: "localhost:41547"
adminAddress: "localhost:41487"
startupRole: FOLLOWER
, old:)]
2022-11-01 02:15:14,722 [s1-server-thread3] INFO  server.RaftServer$Division (RaftServerImpl.java:checkInconsistentAppendEntries(1599)) - s1@group-29DD907A7165: Failed appendEntries as previous log entry ((t:2, i:0)) is not found
2022-11-01 02:15:14,722 [s1-server-thread3] INFO  server.RaftServer$Division (RaftServerImpl.java:checkInconsistentAppendEntries(1569)) - s1@group-29DD907A7165: inconsistency entries. Reply:s4<-s1#49:FAIL-t2,INCONSISTENCY,nextIndex=0,followerCommit=0,matchIndex=-1
2022-11-01 02:15:14,722 [s1-server-thread4] INFO  server.RaftServer$Division (RaftServerImpl.java:checkInconsistentAppendEntries(1589)) - s1@group-29DD907A7165: Failed appendEntries as the first entry (index 0) already exists (snapshotIndex: -1, commitIndex: 0)
2022-11-01 02:15:14,722 [s1-server-thread4] INFO  server.RaftServer$Division (RaftServerImpl.java:checkInconsistentAppendEntries(1569)) - s1@group-29DD907A7165: inconsistency entries. Reply:s4<-s1#53:FAIL-t2,INCONSISTENCY,nextIndex=1,followerCommit=0,matchIndex=-1
2022-11-01 02:15:14,723 [grpc-default-executor-29] INFO  leader.FollowerInfo (FollowerInfoImpl.java:lambda$new$0(48)) - s4@group-29DD907A7165->s1: nextIndex: updateUnconditionally 1 -> 0
2022-11-01 02:15:14,723 [grpc-default-executor-29] INFO  leader.FollowerInfo (FollowerInfoImpl.java:lambda$new$0(48)) - s4@group-29DD907A7165->s1: nextIndex: updateUnconditionally 1 -> 1
2022-11-01 02:15:14,724 [grpc-default-executor-29] INFO  leader.FollowerInfo (FollowerInfoImpl.java:lambda$new$0(48)) - s4@group-29DD907A7165->s1: nextIndex: updateUnconditionally 1 -> 0
2022-11-01 02:15:14,724 [grpc-default-executor-29] INFO  leader.FollowerInfo (FollowerInfoImpl.java:lambda$new$0(48)) - s4@group-29DD907A7165->s1: nextIndex: updateUnconditionally 1 -> 0
2022-11-01 02:15:14,724 [s1-server-thread4] DEBUG server.RaftServer$Division (RaftServerImpl.java:logAppendEntries(1418)) - s1@group-29DD907A7165: receive appendEntries(s4, 2, null, 0, true, commits:[s4:c0, s3:c0, s0:c0, s1:c0, s2:c0], cId:54, entries: [(t:2, i:0), CONFIGURATIONENTRY(current:id: "s3"
address: "localhost:46863"
dataStreamAddress: "localhost:44363"
clientAddress: "localhost:41041"
adminAddress: "localhost:41281"
startupRole: FOLLOWER
,id: "s4"
address: "localhost:36775"
dataStreamAddress: "localhost:42557"
clientAddress: "localhost:46475"
adminAddress: "localhost:35477"
startupRole: FOLLOWER
,id: "s0"
address: "localhost:33119"
dataStreamAddress: "localhost:34507"
clientAddress: "localhost:45597"
adminAddress: "localhost:42011"
startupRole: FOLLOWER
,id: "s1"
address: "localhost:43051"
dataStreamAddress: "localhost:41779"
clientAddress: "localhost:45233"
adminAddress: "localhost:41551"
startupRole: FOLLOWER
,id: "s2"
address: "localhost:41201"
dataStreamAddress: "localhost:43565"
clientAddress: "localhost:41547"
adminAddress: "localhost:41487"
startupRole: FOLLOWER
, old:)]
2022-11-01 02:15:14,725 [s1-server-thread4] INFO  server.RaftServer$Division (RaftServerImpl.java:checkInconsistentAppendEntries(1589)) - s1@group-29DD907A7165: Failed appendEntries as the first entry (index 0) already exists (snapshotIndex: -1, commitIndex: 0)
2022-11-01 02:15:14,725 [s1-server-thread4] INFO  server.RaftServer$Division (RaftServerImpl.java:checkInconsistentAppendEntries(1569)) - s1@group-29DD907A7165: inconsistency entries. Reply:s4<-s1#54:FAIL-t2,INCONSISTENCY,nextIndex=1,followerCommit=0,matchIndex=-1
2022-11-01 02:15:14,725 [s1-server-thread4] DEBUG server.RaftServer$Division (RaftServerImpl.java:logAppendEntries(1418)) - s1@group-29DD907A7165: receive appendEntries(s4, 2, null, 0, true, commits:[s4:c0, s3:c0, s0:c0, s1:c0, s2:c0], cId:55, entries: [(t:2, i:0), CONFIGURATIONENTRY(current:id: "s3"
address: "localhost:46863"
dataStreamAddress: "localhost:44363"
clientAddress: "localhost:41041"
adminAddress: "localhost:41281"
startupRole: FOLLOWER
,id: "s4"
address: "localhost:36775"
dataStreamAddress: "localhost:42557"
clientAddress: "localhost:46475"
adminAddress: "localhost:35477"
startupRole: FOLLOWER
,id: "s0"
address: "localhost:33119"
dataStreamAddress: "localhost:34507"
clientAddress: "localhost:45597"
adminAddress: "localhost:42011"
startupRole: FOLLOWER
,id: "s1"
address: "localhost:43051"
dataStreamAddress: "localhost:41779"
clientAddress: "localhost:45233"
adminAddress: "localhost:41551"
startupRole: FOLLOWER
,id: "s2"
address: "localhost:41201"
dataStreamAddress: "localhost:43565"
clientAddress: "localhost:41547"
adminAddress: "localhost:41487"
startupRole: FOLLOWER
, old:)]
2022-11-01 02:15:14,726 [s1-server-thread4] INFO  server.RaftServer$Division (RaftServerImpl.java:checkInconsistentAppendEntries(1589)) - s1@group-29DD907A7165: Failed appendEntries as the first entry (index 0) already exists (snapshotIndex: -1, commitIndex: 0)
2022-11-01 02:15:14,726 [s1-server-thread4] INFO  server.RaftServer$Division (RaftServerImpl.java:checkInconsistentAppendEntries(1569)) - s1@group-29DD907A7165: inconsistency entries. Reply:s4<-s1#55:FAIL-t2,INCONSISTENCY,nextIndex=1,followerCommit=0,matchIndex=-1
2022-11-01 02:15:14,726 [s1-server-thread3] DEBUG server.RaftServer$Division (RaftServerImpl.java:logAppendEntries(1418)) - s1@group-29DD907A7165: receive appendEntries(s4, 2, null, 0, true, commits:[s4:c0, s3:c0, s0:c0, s1:c0, s2:c0], cId:56, entries: [(t:2, i:0), CONFIGURATIONENTRY(current:id: "s3"
address: "localhost:46863"
dataStreamAddress: "localhost:44363"
clientAddress: "localhost:41041"
adminAddress: "localhost:41281"
startupRole: FOLLOWER
,id: "s4"
address: "localhost:36775"
dataStreamAddress: "localhost:42557"
clientAddress: "localhost:46475"
adminAddress: "localhost:35477"
startupRole: FOLLOWER
,id: "s0"
address: "localhost:33119"
dataStreamAddress: "localhost:34507"
clientAddress: "localhost:45597"
adminAddress: "localhost:42011"
startupRole: FOLLOWER
,id: "s1"
address: "localhost:43051"
dataStreamAddress: "localhost:41779"
clientAddress: "localhost:45233"
adminAddress: "localhost:41551"
startupRole: FOLLOWER
,id: "s2"
address: "localhost:41201"
dataStreamAddress: "localhost:43565"
clientAddress: "localhost:41547"
adminAddress: "localhost:41487"
startupRole: FOLLOWER
, old:)]
2022-11-01 02:15:14,726 [s1-server-thread3] INFO  server.RaftServer$Division (RaftServerImpl.java:checkInconsistentAppendEntries(1589)) - s1@group-29DD907A7165: Failed appendEntries as the first entry (index 0) already exists (snapshotIndex: -1, commitIndex: 0)
2022-11-01 02:15:14,727 [s1-server-thread3] INFO  server.RaftServer$Division (RaftServerImpl.java:checkInconsistentAppendEntries(1569)) - s1@group-29DD907A7165: inconsistency entries. Reply:s4<-s1#56:FAIL-t2,INCONSISTENCY,nextIndex=1,followerCommit=0,matchIndex=-1
2022-11-01 02:15:14,727 [s1-server-thread3] DEBUG server.RaftServer$Division (RaftServerImpl.java:logAppendEntries(1418)) - s1@group-29DD907A7165: receive appendEntries(s4, 2, null, 0, true, commits:[s4:c0, s3:c0, s0:c0, s1:c0, s2:c0], cId:57, entries: [(t:2, i:0), CONFIGURATIONENTRY(current:id: "s3"
address: "localhost:46863"
dataStreamAddress: "localhost:44363"
clientAddress: "localhost:41041"
adminAddress: "localhost:41281"
startupRole: FOLLOWER
,id: "s4"
address: "localhost:36775"
dataStreamAddress: "localhost:42557"
clientAddress: "localhost:46475"
adminAddress: "localhost:35477"
startupRole: FOLLOWER
,id: "s0"
address: "localhost:33119"
dataStreamAddress: "localhost:34507"
clientAddress: "localhost:45597"
adminAddress: "localhost:42011"
startupRole: FOLLOWER
,id: "s1"
address: "localhost:43051"
dataStreamAddress: "localhost:41779"
clientAddress: "localhost:45233"
adminAddress: "localhost:41551"
startupRole: FOLLOWER
,id: "s2"
address: "localhost:41201"
dataStreamAddress: "localhost:43565"
clientAddress: "localhost:41547"
adminAddress: "localhost:41487"
startupRole: FOLLOWER
, old:)]
2022-11-01 02:15:14,727 [s1-server-thread3] INFO  server.RaftServer$Division (RaftServerImpl.java:checkInconsistentAppendEntries(1589)) - s1@group-29DD907A7165: Failed appendEntries as the first entry (index 0) already exists (snapshotIndex: -1, commitIndex: 0)
2022-11-01 02:15:14,727 [s1-server-thread3] INFO  server.RaftServer$Division (RaftServerImpl.java:checkInconsistentAppendEntries(1569)) - s1@group-29DD907A7165: inconsistency entries. Reply:s4<-s1#57:FAIL-t2,INCONSISTENCY,nextIndex=1,followerCommit=0,matchIndex=-1
2022-11-01 02:15:14,728 [grpc-default-executor-5] INFO  leader.FollowerInfo (FollowerInfoImpl.java:lambda$new$0(48)) - s4@group-29DD907A7165->s1: nextIndex: updateUnconditionally 1 -> 1
2022-11-01 02:15:14,728 [grpc-default-executor-5] INFO  leader.FollowerInfo (FollowerInfoImpl.java:lambda$new$0(48)) - s4@group-29DD907A7165->s1: nextIndex: updateUnconditionally 1 -> 1
2022-11-01 02:15:14,729 [grpc-default-executor-5] INFO  leader.FollowerInfo (FollowerInfoImpl.java:lambda$new$0(48)) - s4@group-29DD907A7165->s1: nextIndex: updateUnconditionally 1 -> 1
2022-11-01 02:15:14,729 [grpc-default-executor-5] INFO  leader.FollowerInfo (FollowerInfoImpl.java:lambda$new$0(48)) - s4@group-29DD907A7165->s1: nextIndex: updateUnconditionally 1 -> 1
2022-11-01 02:15:14,777 [grpc-default-executor-2] INFO  util.CodeInjectionForTesting (BlockRequestHandlingInjection.java:execute(84)) - s1: unBlock request from s0
2022-11-01 02:15:14,778 [grpc-default-executor-2] INFO  server.RaftServer$Division (RaftServerImpl.java:requestVote(1291)) - s1@group-29DD907A7165: receive requestVote(PRE_VOTE, s0, group-29DD907A7165, 2, (t:2, i:0))
2022-11-01 02:15:14,778 [grpc-default-executor-2] INFO  impl.VoteContext (VoteContext.java:log(49)) - s1@group-29DD907A7165-FOLLOWER: reject PRE_VOTE from s0: this server is a follower and still has a valid leader s4
2022-11-01 02:15:14,778 [grpc-default-executor-2] INFO  server.RaftServer$Division (RaftServerImpl.java:requestVote(1324)) - s1@group-29DD907A7165 replies to PRE_VOTE vote request: s0<-s1#0:FAIL-t2. Peer's state: s1@group-29DD907A7165:t2, leader=s4, voted=null, raftlog=Memoized:s1@group-29DD907A7165-SegmentedRaftLog:OPENED:c0, conf=0: peers:[s3|rpc:localhost:46863|admin:localhost:41281|client:localhost:41041|dataStream:localhost:44363|priority:0|startupRole:FOLLOWER, s4|rpc:localhost:36775|admin:localhost:35477|client:localhost:46475|dataStream:localhost:42557|priority:0|startupRole:FOLLOWER, s0|rpc:localhost:33119|admin:localhost:42011|client:localhost:45597|dataStream:localhost:34507|priority:0|startupRole:FOLLOWER, s1|rpc:localhost:43051|admin:localhost:41551|client:localhost:45233|dataStream:localhost:41779|priority:0|startupRole:FOLLOWER, s2|rpc:localhost:41201|admin:localhost:41487|client:localhost:41547|dataStream:localhost:43565|priority:0|startupRole:FOLLOWER]|listeners:[], old=null
2022-11-01 02:15:14,805 [s1-server-thread4] INFO  server.RaftServer$Division (RaftServerImpl.java:checkInconsistentAppendEntries(1599)) - s1@group-29DD907A7165: Failed appendEntries as previous log entry ((t:2, i:0)) is not found
2022-11-01 02:15:14,805 [s1-server-thread4] INFO  server.RaftServer$Division (RaftServerImpl.java:checkInconsistentAppendEntries(1569)) - s1@group-29DD907A7165: inconsistency entries. Reply:s4<-s1#58:FAIL-t2,INCONSISTENCY,nextIndex=0,followerCommit=0,matchIndex=-1
2022-11-01 02:15:14,806 [grpc-default-executor-2] INFO  leader.FollowerInfo (FollowerInfoImpl.java:lambda$new$0(48)) - s4@group-29DD907A7165->s1: nextIndex: updateUnconditionally 1 -> 0
2022-11-01 02:15:14,807 [s1-server-thread4] DEBUG server.RaftServer$Division (RaftServerImpl.java:logAppendEntries(1418)) - s1@group-29DD907A7165: receive appendEntries(s4, 2, null, 0, true, commits:[s4:c0, s3:c0, s0:c0, s1:c0, s2:c0], cId:59, entries: [(t:2, i:0), CONFIGURATIONENTRY(current:id: "s3"
address: "localhost:46863"
dataStreamAddress: "localhost:44363"
clientAddress: "localhost:41041"
adminAddress: "localhost:41281"
startupRole: FOLLOWER
,id: "s4"
address: "localhost:36775"
dataStreamAddress: "localhost:42557"
clientAddress: "localhost:46475"
adminAddress: "localhost:35477"
startupRole: FOLLOWER
,id: "s0"
address: "localhost:33119"
dataStreamAddress: "localhost:34507"
clientAddress: "localhost:45597"
adminAddress: "localhost:42011"
startupRole: FOLLOWER
,id: "s1"
address: "localhost:43051"
dataStreamAddress: "localhost:41779"
clientAddress: "localhost:45233"
adminAddress: "localhost:41551"
startupRole: FOLLOWER
,id: "s2"
address: "localhost:41201"
dataStreamAddress: "localhost:43565"
clientAddress: "localhost:41547"
adminAddress: "localhost:41487"
startupRole: FOLLOWER
, old:)]
2022-11-01 02:15:14,807 [s1-server-thread4] INFO  server.RaftServer$Division (RaftServerImpl.java:checkInconsistentAppendEntries(1589)) - s1@group-29DD907A7165: Failed appendEntries as the first entry (index 0) already exists (snapshotIndex: -1, commitIndex: 0)
2022-11-01 02:15:14,807 [s1-server-thread4] INFO  server.RaftServer$Division (RaftServerImpl.java:checkInconsistentAppendEntries(1569)) - s1@group-29DD907A7165: inconsistency entries. Reply:s4<-s1#59:FAIL-t2,INCONSISTENCY,nextIndex=1,followerCommit=0,matchIndex=-1
2022-11-01 02:15:14,808 [grpc-default-executor-2] INFO  leader.FollowerInfo (FollowerInfoImpl.java:lambda$new$0(48)) - s4@group-29DD907A7165->s1: nextIndex: updateUnconditionally 1 -> 1
2022-11-01 02:15:14,884 [s1-server-thread4] INFO  server.RaftServer$Division (RaftServerImpl.java:checkInconsistentAppendEntries(1599)) - s1@group-29DD907A7165: Failed appendEntries as previous log entry ((t:2, i:0)) is not found
2022-11-01 02:15:14,884 [s1-server-thread4] INFO  server.RaftServer$Division (RaftServerImpl.java:checkInconsistentAppendEntries(1569)) - s1@group-29DD907A7165: inconsistency entries. Reply:s4<-s1#60:FAIL-t2,INCONSISTENCY,nextIndex=0,followerCommit=0,matchIndex=-1
2022-11-01 02:15:14,885 [grpc-default-executor-5] INFO  leader.FollowerInfo (FollowerInfoImpl.java:lambda$new$0(48)) - s4@group-29DD907A7165->s1: nextIndex: updateUnconditionally 1 -> 0
2022-11-01 02:15:14,886 [s1-server-thread4] DEBUG server.RaftServer$Division (RaftServerImpl.java:logAppendEntries(1418)) - s1@group-29DD907A7165: receive appendEntries(s4, 2, null, 0, true, commits:[s4:c0, s3:c0, s0:c0, s1:c0, s2:c0], cId:61, entries: [(t:2, i:0), CONFIGURATIONENTRY(current:id: "s3"
address: "localhost:46863"
dataStreamAddress: "localhost:44363"
clientAddress: "localhost:41041"
adminAddress: "localhost:41281"
startupRole: FOLLOWER
,id: "s4"
address: "localhost:36775"
dataStreamAddress: "localhost:42557"
clientAddress: "localhost:46475"
adminAddress: "localhost:35477"
startupRole: FOLLOWER
,id: "s0"
address: "localhost:33119"
dataStreamAddress: "localhost:34507"
clientAddress: "localhost:45597"
adminAddress: "localhost:42011"
startupRole: FOLLOWER
,id: "s1"
address: "localhost:43051"
dataStreamAddress: "localhost:41779"
clientAddress: "localhost:45233"
adminAddress: "localhost:41551"
startupRole: FOLLOWER
,id: "s2"
address: "localhost:41201"
dataStreamAddress: "localhost:43565"
clientAddress: "localhost:41547"
adminAddress: "localhost:41487"
startupRole: FOLLOWER
, old:)]
2022-11-01 02:15:14,886 [s1-server-thread4] INFO  server.RaftServer$Division (RaftServerImpl.java:checkInconsistentAppendEntries(1589)) - s1@group-29DD907A7165: Failed appendEntries as the first entry (index 0) already exists (snapshotIndex: -1, commitIndex: 0)
2022-11-01 02:15:14,886 [s1-server-thread4] INFO  server.RaftServer$Division (RaftServerImpl.java:checkInconsistentAppendEntries(1569)) - s1@group-29DD907A7165: inconsistency entries. Reply:s4<-s1#61:FAIL-t2,INCONSISTENCY,nextIndex=1,followerCommit=0,matchIndex=-1
2022-11-01 02:15:14,886 [grpc-default-executor-5] INFO  leader.FollowerInfo (FollowerInfoImpl.java:lambda$new$0(48)) - s4@group-29DD907A7165->s1: nextIndex: updateUnconditionally 1 -> 1
2022-11-01 02:15:14,963 [s1-server-thread4] INFO  server.RaftServer$Division (RaftServerImpl.java:checkInconsistentAppendEntries(1599)) - s1@group-29DD907A7165: Failed appendEntries as previous log entry ((t:2, i:0)) is not found
2022-11-01 02:15:14,963 [s1-server-thread4] INFO  server.RaftServer$Division (RaftServerImpl.java:checkInconsistentAppendEntries(1569)) - s1@group-29DD907A7165: inconsistency entries. Reply:s4<-s1#62:FAIL-t2,INCONSISTENCY,nextIndex=0,followerCommit=0,matchIndex=-1
2022-11-01 02:15:14,963 [grpc-default-executor-5] INFO  leader.FollowerInfo (FollowerInfoImpl.java:lambda$new$0(48)) - s4@group-29DD907A7165->s1: nextIndex: updateUnconditionally 1 -> 0
2022-11-01 02:15:14,964 [s1-server-thread4] DEBUG server.RaftServer$Division (RaftServerImpl.java:logAppendEntries(1418)) - s1@group-29DD907A7165: receive appendEntries(s4, 2, null, 0, true, commits:[s4:c0, s3:c0, s0:c0, s1:c0, s2:c0], cId:63, entries: [(t:2, i:0), CONFIGURATIONENTRY(current:id: "s3"
address: "localhost:46863"
dataStreamAddress: "localhost:44363"
clientAddress: "localhost:41041"
adminAddress: "localhost:41281"
startupRole: FOLLOWER
,id: "s4"
address: "localhost:36775"
dataStreamAddress: "localhost:42557"
clientAddress: "localhost:46475"
adminAddress: "localhost:35477"
startupRole: FOLLOWER
,id: "s0"
address: "localhost:33119"
dataStreamAddress: "localhost:34507"
clientAddress: "localhost:45597"
adminAddress: "localhost:42011"
startupRole: FOLLOWER
,id: "s1"
address: "localhost:43051"
dataStreamAddress: "localhost:41779"
clientAddress: "localhost:45233"
adminAddress: "localhost:41551"
startupRole: FOLLOWER
,id: "s2"
address: "localhost:41201"
dataStreamAddress: "localhost:43565"
clientAddress: "localhost:41547"
adminAddress: "localhost:41487"
startupRole: FOLLOWER
, old:)]
2022-11-01 02:15:14,965 [s1-server-thread4] INFO  server.RaftServer$Division (RaftServerImpl.java:checkInconsistentAppendEntries(1589)) - s1@group-29DD907A7165: Failed appendEntries as the first entry (index 0) already exists (snapshotIndex: -1, commitIndex: 0)
2022-11-01 02:15:14,965 [s1-server-thread4] INFO  server.RaftServer$Division (RaftServerImpl.java:checkInconsistentAppendEntries(1569)) - s1@group-29DD907A7165: inconsistency entries. Reply:s4<-s1#63:FAIL-t2,INCONSISTENCY,nextIndex=1,followerCommit=0,matchIndex=-1
2022-11-01 02:15:14,965 [grpc-default-executor-5] INFO  leader.FollowerInfo (FollowerInfoImpl.java:lambda$new$0(48)) - s4@group-29DD907A7165->s1: nextIndex: updateUnconditionally 1 -> 1
2022-11-01 02:15:15,042 [s1-server-thread4] INFO  server.RaftServer$Division (RaftServerImpl.java:checkInconsistentAppendEntries(1599)) - s1@group-29DD907A7165: Failed appendEntries as previous log entry ((t:2, i:0)) is not found
2022-11-01 02:15:15,042 [s1-server-thread4] INFO  server.RaftServer$Division (RaftServerImpl.java:checkInconsistentAppendEntries(1569)) - s1@group-29DD907A7165: inconsistency entries. Reply:s4<-s1#64:FAIL-t2,INCONSISTENCY,nextIndex=0,followerCommit=0,matchIndex=-1
2022-11-01 02:15:15,042 [grpc-default-executor-2] INFO  leader.FollowerInfo (FollowerInfoImpl.java:lambda$new$0(48)) - s4@group-29DD907A7165->s1: nextIndex: updateUnconditionally 1 -> 0
2022-11-01 02:15:15,044 [s1-server-thread4] DEBUG server.RaftServer$Division (RaftServerImpl.java:logAppendEntries(1418)) - s1@group-29DD907A7165: receive appendEntries(s4, 2, null, 0, true, commits:[s4:c0, s3:c0, s0:c0, s1:c0, s2:c0], cId:65, entries: [(t:2, i:0), CONFIGURATIONENTRY(current:id: "s3"
address: "localhost:46863"
dataStreamAddress: "localhost:44363"
clientAddress: "localhost:41041"
adminAddress: "localhost:41281"
startupRole: FOLLOWER
,id: "s4"
address: "localhost:36775"
dataStreamAddress: "localhost:42557"
clientAddress: "localhost:46475"
adminAddress: "localhost:35477"
startupRole: FOLLOWER
,id: "s0"
address: "localhost:33119"
dataStreamAddress: "localhost:34507"
clientAddress: "localhost:45597"
adminAddress: "localhost:42011"
startupRole: FOLLOWER
,id: "s1"
address: "localhost:43051"
dataStreamAddress: "localhost:41779"
clientAddress: "localhost:45233"
adminAddress: "localhost:41551"
startupRole: FOLLOWER
,id: "s2"
address: "localhost:41201"
dataStreamAddress: "localhost:43565"
clientAddress: "localhost:41547"
adminAddress: "localhost:41487"
startupRole: FOLLOWER
, old:)]
2022-11-01 02:15:15,044 [s1-server-thread4] INFO  server.RaftServer$Division (RaftServerImpl.java:checkInconsistentAppendEntries(1589)) - s1@group-29DD907A7165: Failed appendEntries as the first entry (index 0) already exists (snapshotIndex: -1, commitIndex: 0)
2022-11-01 02:15:15,044 [s1-server-thread4] INFO  server.RaftServer$Division (RaftServerImpl.java:checkInconsistentAppendEntries(1569)) - s1@group-29DD907A7165: inconsistency entries. Reply:s4<-s1#65:FAIL-t2,INCONSISTENCY,nextIndex=1,followerCommit=0,matchIndex=-1
2022-11-01 02:15:15,044 [grpc-default-executor-2] INFO  leader.FollowerInfo (FollowerInfoImpl.java:lambda$new$0(48)) - s4@group-29DD907A7165->s1: nextIndex: updateUnconditionally 1 -> 1
2022-11-01 02:15:15,121 [s1-server-thread4] INFO  server.RaftServer$Division (RaftServerImpl.java:checkInconsistentAppendEntries(1599)) - s1@group-29DD907A7165: Failed appendEntries as previous log entry ((t:2, i:0)) is not found
2022-11-01 02:15:15,121 [s1-server-thread4] INFO  server.RaftServer$Division (RaftServerImpl.java:checkInconsistentAppendEntries(1569)) - s1@group-29DD907A7165: inconsistency entries. Reply:s4<-s1#66:FAIL-t2,INCONSISTENCY,nextIndex=0,followerCommit=0,matchIndex=-1
2022-11-01 02:15:15,121 [grpc-default-executor-5] INFO  leader.FollowerInfo (FollowerInfoImpl.java:lambda$new$0(48)) - s4@group-29DD907A7165->s1: nextIndex: updateUnconditionally 1 -> 0
2022-11-01 02:15:15,122 [s1-server-thread4] DEBUG server.RaftServer$Division (RaftServerImpl.java:logAppendEntries(1418)) - s1@group-29DD907A7165: receive appendEntries(s4, 2, null, 0, true, commits:[s4:c0, s3:c0, s0:c0, s1:c0, s2:c0], cId:67, entries: [(t:2, i:0), CONFIGURATIONENTRY(current:id: "s3"
address: "localhost:46863"
dataStreamAddress: "localhost:44363"
clientAddress: "localhost:41041"
adminAddress: "localhost:41281"
startupRole: FOLLOWER
,id: "s4"
address: "localhost:36775"
dataStreamAddress: "localhost:42557"
clientAddress: "localhost:46475"
adminAddress: "localhost:35477"
startupRole: FOLLOWER
,id: "s0"
address: "localhost:33119"
dataStreamAddress: "localhost:34507"
clientAddress: "localhost:45597"
adminAddress: "localhost:42011"
startupRole: FOLLOWER
,id: "s1"
address: "localhost:43051"
dataStreamAddress: "localhost:41779"
clientAddress: "localhost:45233"
adminAddress: "localhost:41551"
startupRole: FOLLOWER
,id: "s2"
address: "localhost:41201"
dataStreamAddress: "localhost:43565"
clientAddress: "localhost:41547"
adminAddress: "localhost:41487"
startupRole: FOLLOWER
, old:)]
2022-11-01 02:15:15,122 [s1-server-thread4] INFO  server.RaftServer$Division (RaftServerImpl.java:checkInconsistentAppendEntries(1589)) - s1@group-29DD907A7165: Failed appendEntries as the first entry (index 0) already exists (snapshotIndex: -1, commitIndex: 0)
2022-11-01 02:15:15,123 [s1-server-thread4] INFO  server.RaftServer$Division (RaftServerImpl.java:checkInconsistentAppendEntries(1569)) - s1@group-29DD907A7165: inconsistency entries. Reply:s4<-s1#67:FAIL-t2,INCONSISTENCY,nextIndex=1,followerCommit=0,matchIndex=-1
2022-11-01 02:15:15,123 [grpc-default-executor-5] INFO  leader.FollowerInfo (FollowerInfoImpl.java:lambda$new$0(48)) - s4@group-29DD907A7165->s1: nextIndex: updateUnconditionally 1 -> 1
2022-11-01 02:15:15,199 [s1-server-thread4] INFO  server.RaftServer$Division (RaftServerImpl.java:checkInconsistentAppendEntries(1599)) - s1@group-29DD907A7165: Failed appendEntries as previous log entry ((t:2, i:0)) is not found
2022-11-01 02:15:15,200 [s1-server-thread4] INFO  server.RaftServer$Division (RaftServerImpl.java:checkInconsistentAppendEntries(1569)) - s1@group-29DD907A7165: inconsistency entries. Reply:s4<-s1#68:FAIL-t2,INCONSISTENCY,nextIndex=0,followerCommit=0,matchIndex=-1
2022-11-01 02:15:15,200 [grpc-default-executor-5] INFO  leader.FollowerInfo (FollowerInfoImpl.java:lambda$new$0(48)) - s4@group-29DD907A7165->s1: nextIndex: updateUnconditionally 1 -> 0
2022-11-01 02:15:15,202 [s1-server-thread4] DEBUG server.RaftServer$Division (RaftServerImpl.java:logAppendEntries(1418)) - s1@group-29DD907A7165: receive appendEntries(s4, 2, null, 0, true, commits:[s4:c0, s3:c0, s0:c0, s1:c0, s2:c0], cId:69, entries: [(t:2, i:0), CONFIGURATIONENTRY(current:id: "s3"
address: "localhost:46863"
dataStreamAddress: "localhost:44363"
clientAddress: "localhost:41041"
adminAddress: "localhost:41281"
startupRole: FOLLOWER
,id: "s4"
address: "localhost:36775"
dataStreamAddress: "localhost:42557"
clientAddress: "localhost:46475"
adminAddress: "localhost:35477"
startupRole: FOLLOWER
,id: "s0"
address: "localhost:33119"
dataStreamAddress: "localhost:34507"
clientAddress: "localhost:45597"
adminAddress: "localhost:42011"
startupRole: FOLLOWER
,id: "s1"
address: "localhost:43051"
dataStreamAddress: "localhost:41779"
clientAddress: "localhost:45233"
adminAddress: "localhost:41551"
startupRole: FOLLOWER
,id: "s2"
address: "localhost:41201"
dataStreamAddress: "localhost:43565"
clientAddress: "localhost:41547"
adminAddress: "localhost:41487"
startupRole: FOLLOWER
, old:)]
2022-11-01 02:15:15,202 [s1-server-thread4] INFO  server.RaftServer$Division (RaftServerImpl.java:checkInconsistentAppendEntries(1589)) - s1@group-29DD907A7165: Failed appendEntries as the first entry (index 0) already exists (snapshotIndex: -1, commitIndex: 0)
2022-11-01 02:15:15,202 [s1-server-thread4] INFO  server.RaftServer$Division (RaftServerImpl.java:checkInconsistentAppendEntries(1569)) - s1@group-29DD907A7165: inconsistency entries. Reply:s4<-s1#69:FAIL-t2,INCONSISTENCY,nextIndex=1,followerCommit=0,matchIndex=-1
2022-11-01 02:15:15,202 [grpc-default-executor-5] INFO  leader.FollowerInfo (FollowerInfoImpl.java:lambda$new$0(48)) - s4@group-29DD907A7165->s1: nextIndex: updateUnconditionally 1 -> 1
2022-11-01 02:15:15,279 [s1-server-thread4] INFO  server.RaftServer$Division (RaftServerImpl.java:checkInconsistentAppendEntries(1599)) - s1@group-29DD907A7165: Failed appendEntries as previous log entry ((t:2, i:0)) is not found
2022-11-01 02:15:15,279 [s1-server-thread4] INFO  server.RaftServer$Division (RaftServerImpl.java:checkInconsistentAppendEntries(1569)) - s1@group-29DD907A7165: inconsistency entries. Reply:s4<-s1#70:FAIL-t2,INCONSISTENCY,nextIndex=0,followerCommit=0,matchIndex=-1
2022-11-01 02:15:15,280 [grpc-default-executor-5] INFO  leader.FollowerInfo (FollowerInfoImpl.java:lambda$new$0(48)) - s4@group-29DD907A7165->s1: nextIndex: updateUnconditionally 1 -> 0
2022-11-01 02:15:15,281 [s1-server-thread4] DEBUG server.RaftServer$Division (RaftServerImpl.java:logAppendEntries(1418)) - s1@group-29DD907A7165: receive appendEntries(s4, 2, null, 0, true, commits:[s4:c0, s3:c0, s0:c0, s1:c0, s2:c0], cId:71, entries: [(t:2, i:0), CONFIGURATIONENTRY(current:id: "s3"
address: "localhost:46863"
dataStreamAddress: "localhost:44363"
clientAddress: "localhost:41041"
adminAddress: "localhost:41281"
startupRole: FOLLOWER
,id: "s4"
address: "localhost:36775"
dataStreamAddress: "localhost:42557"
clientAddress: "localhost:46475"
adminAddress: "localhost:35477"
startupRole: FOLLOWER
,id: "s0"
address: "localhost:33119"
dataStreamAddress: "localhost:34507"
clientAddress: "localhost:45597"
adminAddress: "localhost:42011"
startupRole: FOLLOWER
,id: "s1"
address: "localhost:43051"
dataStreamAddress: "localhost:41779"
clientAddress: "localhost:45233"
adminAddress: "localhost:41551"
startupRole: FOLLOWER
,id: "s2"
address: "localhost:41201"
dataStreamAddress: "localhost:43565"
clientAddress: "localhost:41547"
adminAddress: "localhost:41487"
startupRole: FOLLOWER
, old:)]
2022-11-01 02:15:15,281 [s1-server-thread4] INFO  server.RaftServer$Division (RaftServerImpl.java:checkInconsistentAppendEntries(1589)) - s1@group-29DD907A7165: Failed appendEntries as the first entry (index 0) already exists (snapshotIndex: -1, commitIndex: 0)
2022-11-01 02:15:15,281 [s1-server-thread4] INFO  server.RaftServer$Division (RaftServerImpl.java:checkInconsistentAppendEntries(1569)) - s1@group-29DD907A7165: inconsistency entries. Reply:s4<-s1#71:FAIL-t2,INCONSISTENCY,nextIndex=1,followerCommit=0,matchIndex=-1
2022-11-01 02:15:15,284 [grpc-default-executor-5] INFO  leader.FollowerInfo (FollowerInfoImpl.java:lambda$new$0(48)) - s4@group-29DD907A7165->s1: nextIndex: updateUnconditionally 1 -> 1
2022-11-01 02:15:15,360 [s1-server-thread4] INFO  server.RaftServer$Division (RaftServerImpl.java:checkInconsistentAppendEntries(1599)) - s1@group-29DD907A7165: Failed appendEntries as previous log entry ((t:2, i:0)) is not found
2022-11-01 02:15:15,360 [s1-server-thread4] INFO  server.RaftServer$Division (RaftServerImpl.java:checkInconsistentAppendEntries(1569)) - s1@group-29DD907A7165: inconsistency entries. Reply:s4<-s1#72:FAIL-t2,INCONSISTENCY,nextIndex=0,followerCommit=0,matchIndex=-1
2022-11-01 02:15:15,361 [grpc-default-executor-5] INFO  leader.FollowerInfo (FollowerInfoImpl.java:lambda$new$0(48)) - s4@group-29DD907A7165->s1: nextIndex: updateUnconditionally 1 -> 0
2022-11-01 02:15:15,362 [s1-server-thread4] DEBUG server.RaftServer$Division (RaftServerImpl.java:logAppendEntries(1418)) - s1@group-29DD907A7165: receive appendEntries(s4, 2, null, 0, true, commits:[s4:c0, s3:c0, s0:c0, s1:c0, s2:c0], cId:73, entries: [(t:2, i:0), CONFIGURATIONENTRY(current:id: "s3"
address: "localhost:46863"
dataStreamAddress: "localhost:44363"
clientAddress: "localhost:41041"
adminAddress: "localhost:41281"
startupRole: FOLLOWER
,id: "s4"
address: "localhost:36775"
dataStreamAddress: "localhost:42557"
clientAddress: "localhost:46475"
adminAddress: "localhost:35477"
startupRole: FOLLOWER
,id: "s0"
address: "localhost:33119"
dataStreamAddress: "localhost:34507"
clientAddress: "localhost:45597"
adminAddress: "localhost:42011"
startupRole: FOLLOWER
,id: "s1"
address: "localhost:43051"
dataStreamAddress: "localhost:41779"
clientAddress: "localhost:45233"
adminAddress: "localhost:41551"
startupRole: FOLLOWER
,id: "s2"
address: "localhost:41201"
dataStreamAddress: "localhost:43565"
clientAddress: "localhost:41547"
adminAddress: "localhost:41487"
startupRole: FOLLOWER
, old:)]
2022-11-01 02:15:15,362 [s1-server-thread4] INFO  server.RaftServer$Division (RaftServerImpl.java:checkInconsistentAppendEntries(1589)) - s1@group-29DD907A7165: Failed appendEntries as the first entry (index 0) already exists (snapshotIndex: -1, commitIndex: 0)
2022-11-01 02:15:15,362 [s1-server-thread4] INFO  server.RaftServer$Division (RaftServerImpl.java:checkInconsistentAppendEntries(1569)) - s1@group-29DD907A7165: inconsistency entries. Reply:s4<-s1#73:FAIL-t2,INCONSISTENCY,nextIndex=1,followerCommit=0,matchIndex=-1
2022-11-01 02:15:15,363 [grpc-default-executor-5] INFO  leader.FollowerInfo (FollowerInfoImpl.java:lambda$new$0(48)) - s4@group-29DD907A7165->s1: nextIndex: updateUnconditionally 1 -> 1
2022-11-01 02:15:15,416 [Time-limited test] INFO  grpc.TestLeaderElectionWithGrpc (LeaderElectionTests.java:enforceLeader(292)) - try enforcing leader to s1 but new leader is s4
2022-11-01 02:15:15,417 [Time-limited test] INFO  server.RaftServerConfigKeys (ConfUtils.java:logGet(46)) - raft.server.rpc.timeout.max = 300ms (default)
2022-11-01 02:15:15,421 [s4@group-29DD907A7165->s3-GrpcLogAppender-LogAppenderDaemon] INFO  util.CodeInjectionForTesting (DelayLocalExecutionInjection.java:execute(65)) - s4 delay 150 ms, args=[serverRequest {
  requestorId: "s4"
  replyId: "s3"
  raftGroupId {
    id: "\306I{yg\341A\222\264\356)\335\220zqe"
  }
  callId: 41
  slidingWindowEntry {
  }
}
leaderTerm: 2
previousLog {
  term: 2
}
initializing: true
commitInfos {
  server {
    id: "s4"
    address: "localhost:36775"
    dataStreamAddress: "localhost:42557"
    clientAddress: "localhost:46475"
    adminAddress: "localhost:35477"
    startupRole: FOLLOWER
  }
}
commitInfos {
  server {
    id: "s3"
    address: "localhost:46863"
    dataStreamAddress: "localhost:44363"
    clientAddress: "localhost:41041"
    adminAddress: "localhost:41281"
    startupRole: FOLLOWER
  }
}
commitInfos {
  server {
    id: "s0"
    address: "localhost:33119"
    dataStreamAddress: "localhost:34507"
    clientAddress: "localhost:45597"
    adminAddress: "localhost:42011"
    startupRole: FOLLOWER
  }
}
commitInfos {
  server {
    id: "s1"
    address: "localhost:43051"
    dataStreamAddress: "localhost:41779"
    clientAddress: "localhost:45233"
    adminAddress: "localhost:41551"
    startupRole: FOLLOWER
  }
}
commitInfos {
  server {
    id: "s2"
    address: "localhost:41201"
    dataStreamAddress: "localhost:43565"
    clientAddress: "localhost:41547"
    adminAddress: "localhost:41487"
    startupRole: FOLLOWER
  }
}
]
2022-11-01 02:15:15,421 [s4@group-29DD907A7165->s2-GrpcLogAppender-LogAppenderDaemon] INFO  util.CodeInjectionForTesting (DelayLocalExecutionInjection.java:execute(65)) - s4 delay 150 ms, args=[serverRequest {
  requestorId: "s4"
  replyId: "s2"
  raftGroupId {
    id: "\306I{yg\341A\222\264\356)\335\220zqe"
  }
  callId: 37
  slidingWindowEntry {
  }
}
leaderTerm: 2
previousLog {
  term: 2
}
initializing: true
commitInfos {
  server {
    id: "s4"
    address: "localhost:36775"
    dataStreamAddress: "localhost:42557"
    clientAddress: "localhost:46475"
    adminAddress: "localhost:35477"
    startupRole: FOLLOWER
  }
}
commitInfos {
  server {
    id: "s3"
    address: "localhost:46863"
    dataStreamAddress: "localhost:44363"
    clientAddress: "localhost:41041"
    adminAddress: "localhost:41281"
    startupRole: FOLLOWER
  }
}
commitInfos {
  server {
    id: "s0"
    address: "localhost:33119"
    dataStreamAddress: "localhost:34507"
    clientAddress: "localhost:45597"
    adminAddress: "localhost:42011"
    startupRole: FOLLOWER
  }
}
commitInfos {
  server {
    id: "s1"
    address: "localhost:43051"
    dataStreamAddress: "localhost:41779"
    clientAddress: "localhost:45233"
    adminAddress: "localhost:41551"
    startupRole: FOLLOWER
  }
}
commitInfos {
  server {
    id: "s2"
    address: "localhost:41201"
    dataStreamAddress: "localhost:43565"
    clientAddress: "localhost:41547"
    adminAddress: "localhost:41487"
    startupRole: FOLLOWER
  }
}
]
2022-11-01 02:15:15,423 [s4@group-29DD907A7165->s0-GrpcLogAppender-LogAppenderDaemon] INFO  util.CodeInjectionForTesting (DelayLocalExecutionInjection.java:execute(65)) - s4 delay 150 ms, args=[serverRequest {
  requestorId: "s4"
  replyId: "s0"
  raftGroupId {
    id: "\306I{yg\341A\222\264\356)\335\220zqe"
  }
  callId: 51
  slidingWindowEntry {
  }
}
leaderTerm: 2
previousLog {
  term: 2
}
initializing: true
commitInfos {
  server {
    id: "s4"
    address: "localhost:36775"
    dataStreamAddress: "localhost:42557"
    clientAddress: "localhost:46475"
    adminAddress: "localhost:35477"
    startupRole: FOLLOWER
  }
}
commitInfos {
  server {
    id: "s3"
    address: "localhost:46863"
    dataStreamAddress: "localhost:44363"
    clientAddress: "localhost:41041"
    adminAddress: "localhost:41281"
    startupRole: FOLLOWER
  }
}
commitInfos {
  server {
    id: "s0"
    address: "localhost:33119"
    dataStreamAddress: "localhost:34507"
    clientAddress: "localhost:45597"
    adminAddress: "localhost:42011"
    startupRole: FOLLOWER
  }
}
commitInfos {
  server {
    id: "s1"
    address: "localhost:43051"
    dataStreamAddress: "localhost:41779"
    clientAddress: "localhost:45233"
    adminAddress: "localhost:41551"
    startupRole: FOLLOWER
  }
}
commitInfos {
  server {
    id: "s2"
    address: "localhost:41201"
    dataStreamAddress: "localhost:43565"
    clientAddress: "localhost:41547"
    adminAddress: "localhost:41487"
    startupRole: FOLLOWER
  }
}
]
2022-11-01 02:15:15,439 [s4@group-29DD907A7165->s1-GrpcLogAppender-LogAppenderDaemon] INFO  util.CodeInjectionForTesting (DelayLocalExecutionInjection.java:execute(65)) - s4 delay 150 ms, args=[serverRequest {
  requestorId: "s4"
  replyId: "s1"
  raftGroupId {
    id: "\306I{yg\341A\222\264\356)\335\220zqe"
  }
  callId: 74
  slidingWindowEntry {
  }
}
leaderTerm: 2
previousLog {
  term: 2
}
initializing: true
commitInfos {
  server {
    id: "s4"
    address: "localhost:36775"
    dataStreamAddress: "localhost:42557"
    clientAddress: "localhost:46475"
    adminAddress: "localhost:35477"
    startupRole: FOLLOWER
  }
}
commitInfos {
  server {
    id: "s3"
    address: "localhost:46863"
    dataStreamAddress: "localhost:44363"
    clientAddress: "localhost:41041"
    adminAddress: "localhost:41281"
    startupRole: FOLLOWER
  }
}
commitInfos {
  server {
    id: "s0"
    address: "localhost:33119"
    dataStreamAddress: "localhost:34507"
    clientAddress: "localhost:45597"
    adminAddress: "localhost:42011"
    startupRole: FOLLOWER
  }
}
commitInfos {
  server {
    id: "s1"
    address: "localhost:43051"
    dataStreamAddress: "localhost:41779"
    clientAddress: "localhost:45233"
    adminAddress: "localhost:41551"
    startupRole: FOLLOWER
  }
}
commitInfos {
  server {
    id: "s2"
    address: "localhost:41201"
    dataStreamAddress: "localhost:43565"
    clientAddress: "localhost:41547"
    adminAddress: "localhost:41487"
    startupRole: FOLLOWER
  }
}
]
2022-11-01 02:15:15,554 [s1@group-29DD907A7165-FollowerState] INFO  impl.FollowerState (FollowerState.java:run(143)) - s1@group-29DD907A7165-FollowerState: change to CANDIDATE, lastRpcElapsedTime:191742617ns, electionTimeout:163ms
2022-11-01 02:15:15,554 [s1@group-29DD907A7165-FollowerState] INFO  impl.RoleInfo (RoleInfo.java:shutdownFollowerState(110)) - s1: shutdown s1@group-29DD907A7165-FollowerState
2022-11-01 02:15:15,554 [s1@group-29DD907A7165-FollowerState] INFO  server.RaftServer$Division (RaftServerImpl.java:setRole(325)) - s1@group-29DD907A7165: changes role from  FOLLOWER to CANDIDATE at term 2 for changeToCandidate
2022-11-01 02:15:15,555 [s1@group-29DD907A7165-FollowerState] INFO  server.RaftServerConfigKeys (ConfUtils.java:logGet(46)) - raft.server.leaderelection.pre-vote = true (default)
2022-11-01 02:15:15,555 [s1@group-29DD907A7165-FollowerState] INFO  impl.RoleInfo (RoleInfo.java:updateAndGet(139)) - s1: start s1@group-29DD907A7165-LeaderElection22
2022-11-01 02:15:15,555 [s1@group-29DD907A7165-LeaderElection22] INFO  server.RaftServer$Division (ServerState.java:setLeader(259)) - s1@group-29DD907A7165: change Leader from s4 to null at term 2 for PRE_VOTE
2022-11-01 02:15:15,556 [s1@group-29DD907A7165-LeaderElection22] INFO  impl.LeaderElection (LeaderElection.java:askForVotes(309)) - s1@group-29DD907A7165-LeaderElection22 PRE_VOTE round 0: submit vote requests at term 2 for 0: peers:[s3|rpc:localhost:46863|admin:localhost:41281|client:localhost:41041|dataStream:localhost:44363|priority:0|startupRole:FOLLOWER, s4|rpc:localhost:36775|admin:localhost:35477|client:localhost:46475|dataStream:localhost:42557|priority:0|startupRole:FOLLOWER, s0|rpc:localhost:33119|admin:localhost:42011|client:localhost:45597|dataStream:localhost:34507|priority:0|startupRole:FOLLOWER, s1|rpc:localhost:43051|admin:localhost:41551|client:localhost:45233|dataStream:localhost:41779|priority:0|startupRole:FOLLOWER, s2|rpc:localhost:41201|admin:localhost:41487|client:localhost:41547|dataStream:localhost:43565|priority:0|startupRole:FOLLOWER]|listeners:[], old=null
2022-11-01 02:15:15,559 [grpc-default-executor-5] INFO  server.RaftServer$Division (RaftServerImpl.java:requestVote(1291)) - s3@group-29DD907A7165: receive requestVote(PRE_VOTE, s1, group-29DD907A7165, 2, (t:1, i:0))
2022-11-01 02:15:15,560 [grpc-default-executor-5] INFO  impl.VoteContext (VoteContext.java:log(49)) - s3@group-29DD907A7165-FOLLOWER: reject PRE_VOTE from s1: our last entry (t:2, i:0) > candidate's last entry (t:1, i:0)
2022-11-01 02:15:15,560 [grpc-default-executor-5] INFO  server.RaftServer$Division (RaftServerImpl.java:requestVote(1324)) - s3@group-29DD907A7165 replies to PRE_VOTE vote request: s1<-s3#0:FAIL-t2. Peer's state: s3@group-29DD907A7165:t2, leader=s4, voted=s4, raftlog=Memoized:s3@group-29DD907A7165-SegmentedRaftLog:OPENED:c0, conf=0: peers:[s3|rpc:localhost:46863|admin:localhost:41281|client:localhost:41041|dataStream:localhost:44363|priority:0|startupRole:FOLLOWER, s4|rpc:localhost:36775|admin:localhost:35477|client:localhost:46475|dataStream:localhost:42557|priority:0|startupRole:FOLLOWER, s0|rpc:localhost:33119|admin:localhost:42011|client:localhost:45597|dataStream:localhost:34507|priority:0|startupRole:FOLLOWER, s1|rpc:localhost:43051|admin:localhost:41551|client:localhost:45233|dataStream:localhost:41779|priority:0|startupRole:FOLLOWER, s2|rpc:localhost:41201|admin:localhost:41487|client:localhost:41547|dataStream:localhost:43565|priority:0|startupRole:FOLLOWER]|listeners:[], old=null
2022-11-01 02:15:15,562 [grpc-default-executor-5] INFO  server.RaftServer$Division (RaftServerImpl.java:requestVote(1291)) - s4@group-29DD907A7165: receive requestVote(PRE_VOTE, s1, group-29DD907A7165, 2, (t:1, i:0))
2022-11-01 02:15:15,562 [grpc-default-executor-5] INFO  impl.VoteContext (VoteContext.java:log(49)) - s4@group-29DD907A7165-LEADER: reject PRE_VOTE from s1: this server is the leader and still has leadership
2022-11-01 02:15:15,562 [grpc-default-executor-5] INFO  server.RaftServer$Division (RaftServerImpl.java:requestVote(1324)) - s4@group-29DD907A7165 replies to PRE_VOTE vote request: s1<-s4#0:FAIL-t2. Peer's state: s4@group-29DD907A7165:t2, leader=s4, voted=s4, raftlog=Memoized:s4@group-29DD907A7165-SegmentedRaftLog:OPENED:c0, conf=0: peers:[s3|rpc:localhost:46863|admin:localhost:41281|client:localhost:41041|dataStream:localhost:44363|priority:0|startupRole:FOLLOWER, s4|rpc:localhost:36775|admin:localhost:35477|client:localhost:46475|dataStream:localhost:42557|priority:0|startupRole:FOLLOWER, s0|rpc:localhost:33119|admin:localhost:42011|client:localhost:45597|dataStream:localhost:34507|priority:0|startupRole:FOLLOWER, s1|rpc:localhost:43051|admin:localhost:41551|client:localhost:45233|dataStream:localhost:41779|priority:0|startupRole:FOLLOWER, s2|rpc:localhost:41201|admin:localhost:41487|client:localhost:41547|dataStream:localhost:43565|priority:0|startupRole:FOLLOWER]|listeners:[], old=null
2022-11-01 02:15:15,563 [grpc-default-executor-5] INFO  server.RaftServer$Division (RaftServerImpl.java:requestVote(1291)) - s0@group-29DD907A7165: receive requestVote(PRE_VOTE, s1, group-29DD907A7165, 2, (t:1, i:0))
2022-11-01 02:15:15,564 [grpc-default-executor-5] INFO  impl.VoteContext (VoteContext.java:log(49)) - s0@group-29DD907A7165-FOLLOWER: reject PRE_VOTE from s1: our last entry (t:2, i:0) > candidate's last entry (t:1, i:0)
2022-11-01 02:15:15,564 [grpc-default-executor-5] INFO  server.RaftServer$Division (RaftServerImpl.java:requestVote(1324)) - s0@group-29DD907A7165 replies to PRE_VOTE vote request: s1<-s0#0:FAIL-t2. Peer's state: s0@group-29DD907A7165:t2, leader=s4, voted=s4, raftlog=Memoized:s0@group-29DD907A7165-SegmentedRaftLog:OPENED:c0, conf=0: peers:[s3|rpc:localhost:46863|admin:localhost:41281|client:localhost:41041|dataStream:localhost:44363|priority:0|startupRole:FOLLOWER, s4|rpc:localhost:36775|admin:localhost:35477|client:localhost:46475|dataStream:localhost:42557|priority:0|startupRole:FOLLOWER, s0|rpc:localhost:33119|admin:localhost:42011|client:localhost:45597|dataStream:localhost:34507|priority:0|startupRole:FOLLOWER, s1|rpc:localhost:43051|admin:localhost:41551|client:localhost:45233|dataStream:localhost:41779|priority:0|startupRole:FOLLOWER, s2|rpc:localhost:41201|admin:localhost:41487|client:localhost:41547|dataStream:localhost:43565|priority:0|startupRole:FOLLOWER]|listeners:[], old=null
2022-11-01 02:15:15,568 [s1@group-29DD907A7165-LeaderElection22] INFO  impl.LeaderElection (LeaderElection.java:logAndReturn(89)) - s1@group-29DD907A7165-LeaderElection22: PRE_VOTE REJECTED received 3 response(s) and 0 exception(s):
2022-11-01 02:15:15,568 [s1@group-29DD907A7165-LeaderElection22] INFO  impl.LeaderElection (LeaderElection.java:logAndReturn(93)) -   Response 0: s1<-s3#0:FAIL-t2
2022-11-01 02:15:15,569 [s1@group-29DD907A7165-LeaderElection22] INFO  impl.LeaderElection (LeaderElection.java:logAndReturn(93)) -   Response 1: s1<-s4#0:FAIL-t2
2022-11-01 02:15:15,569 [s1@group-29DD907A7165-LeaderElection22] INFO  impl.LeaderElection (LeaderElection.java:logAndReturn(93)) -   Response 2: s1<-s0#0:FAIL-t2
2022-11-01 02:15:15,569 [s1@group-29DD907A7165-LeaderElection22] INFO  impl.LeaderElection (LeaderElection.java:askForVotes(311)) - s1@group-29DD907A7165-LeaderElection22 PRE_VOTE round 0: result REJECTED
2022-11-01 02:15:15,569 [s1@group-29DD907A7165-LeaderElection22] INFO  server.RaftServer$Division (RaftServerImpl.java:setRole(325)) - s1@group-29DD907A7165: changes role from CANDIDATE to FOLLOWER at term 2 for REJECTED
2022-11-01 02:15:15,569 [s1@group-29DD907A7165-LeaderElection22] INFO  impl.RoleInfo (RoleInfo.java:shutdownLeaderElection(130)) - s1: shutdown s1@group-29DD907A7165-LeaderElection22
2022-11-01 02:15:15,569 [s1@group-29DD907A7165-LeaderElection22] INFO  impl.RoleInfo (RoleInfo.java:updateAndGet(139)) - s1: start s1@group-29DD907A7165-FollowerState
2022-11-01 02:15:15,572 [grpc-default-executor-2] INFO  server.RaftServer$Division (RaftServerImpl.java:requestVote(1291)) - s2@group-29DD907A7165: receive requestVote(PRE_VOTE, s1, group-29DD907A7165, 2, (t:1, i:0))
2022-11-01 02:15:15,573 [grpc-default-executor-2] INFO  impl.VoteContext (VoteContext.java:log(49)) - s2@group-29DD907A7165-FOLLOWER: reject PRE_VOTE from s1: our last entry (t:2, i:0) > candidate's last entry (t:1, i:0)
2022-11-01 02:15:15,573 [grpc-default-executor-2] INFO  server.RaftServer$Division (RaftServerImpl.java:requestVote(1324)) - s2@group-29DD907A7165 replies to PRE_VOTE vote request: s1<-s2#0:FAIL-t2. Peer's state: s2@group-29DD907A7165:t2, leader=s4, voted=s4, raftlog=Memoized:s2@group-29DD907A7165-SegmentedRaftLog:OPENED:c0, conf=0: peers:[s3|rpc:localhost:46863|admin:localhost:41281|client:localhost:41041|dataStream:localhost:44363|priority:0|startupRole:FOLLOWER, s4|rpc:localhost:36775|admin:localhost:35477|client:localhost:46475|dataStream:localhost:42557|priority:0|startupRole:FOLLOWER, s0|rpc:localhost:33119|admin:localhost:42011|client:localhost:45597|dataStream:localhost:34507|priority:0|startupRole:FOLLOWER, s1|rpc:localhost:43051|admin:localhost:41551|client:localhost:45233|dataStream:localhost:41779|priority:0|startupRole:FOLLOWER, s2|rpc:localhost:41201|admin:localhost:41487|client:localhost:41547|dataStream:localhost:43565|priority:0|startupRole:FOLLOWER]|listeners:[], old=null
2022-11-01 02:15:15,590 [s1-server-thread4] INFO  util.CodeInjectionForTesting (BlockRequestHandlingInjection.java:execute(77)) - s1: Block request from s4
2022-11-01 02:15:15,627 [s4@group-29DD907A7165->s1-GrpcLogAppender-LogAppenderDaemon] INFO  util.CodeInjectionForTesting (DelayLocalExecutionInjection.java:execute(65)) - s4 delay 150 ms, args=[serverRequest {
  requestorId: "s4"
  replyId: "s1"
  raftGroupId {
    id: "\306I{yg\341A\222\264\356)\335\220zqe"
  }
  callId: 75
  slidingWindowEntry {
  }
}
leaderTerm: 2
previousLog {
  term: 2
}
initializing: true
commitInfos {
  server {
    id: "s4"
    address: "localhost:36775"
    dataStreamAddress: "localhost:42557"
    clientAddress: "localhost:46475"
    adminAddress: "localhost:35477"
    startupRole: FOLLOWER
  }
}
commitInfos {
  server {
    id: "s3"
    address: "localhost:46863"
    dataStreamAddress: "localhost:44363"
    clientAddress: "localhost:41041"
    adminAddress: "localhost:41281"
    startupRole: FOLLOWER
  }
}
commitInfos {
  server {
    id: "s0"
    address: "localhost:33119"
    dataStreamAddress: "localhost:34507"
    clientAddress: "localhost:45597"
    adminAddress: "localhost:42011"
    startupRole: FOLLOWER
  }
}
commitInfos {
  server {
    id: "s1"
    address: "localhost:43051"
    dataStreamAddress: "localhost:41779"
    clientAddress: "localhost:45233"
    adminAddress: "localhost:41551"
    startupRole: FOLLOWER
  }
}
commitInfos {
  server {
    id: "s2"
    address: "localhost:41201"
    dataStreamAddress: "localhost:43565"
    clientAddress: "localhost:41547"
    adminAddress: "localhost:41487"
    startupRole: FOLLOWER
  }
}
]
2022-11-01 02:15:15,652 [s4@group-29DD907A7165->s2-GrpcLogAppender-LogAppenderDaemon] INFO  util.CodeInjectionForTesting (DelayLocalExecutionInjection.java:execute(65)) - s4 delay 150 ms, args=[serverRequest {
  requestorId: "s4"
  replyId: "s2"
  raftGroupId {
    id: "\306I{yg\341A\222\264\356)\335\220zqe"
  }
  callId: 38
  slidingWindowEntry {
  }
}
leaderTerm: 2
previousLog {
  term: 2
}
initializing: true
commitInfos {
  server {
    id: "s4"
    address: "localhost:36775"
    dataStreamAddress: "localhost:42557"
    clientAddress: "localhost:46475"
    adminAddress: "localhost:35477"
    startupRole: FOLLOWER
  }
}
commitInfos {
  server {
    id: "s3"
    address: "localhost:46863"
    dataStreamAddress: "localhost:44363"
    clientAddress: "localhost:41041"
    adminAddress: "localhost:41281"
    startupRole: FOLLOWER
  }
}
commitInfos {
  server {
    id: "s0"
    address: "localhost:33119"
    dataStreamAddress: "localhost:34507"
    clientAddress: "localhost:45597"
    adminAddress: "localhost:42011"
    startupRole: FOLLOWER
  }
}
commitInfos {
  server {
    id: "s1"
    address: "localhost:43051"
    dataStreamAddress: "localhost:41779"
    clientAddress: "localhost:45233"
    adminAddress: "localhost:41551"
    startupRole: FOLLOWER
  }
}
commitInfos {
  server {
    id: "s2"
    address: "localhost:41201"
    dataStreamAddress: "localhost:43565"
    clientAddress: "localhost:41547"
    adminAddress: "localhost:41487"
    startupRole: FOLLOWER
  }
}
]
2022-11-01 02:15:15,652 [s4@group-29DD907A7165->s0-GrpcLogAppender-LogAppenderDaemon] INFO  util.CodeInjectionForTesting (DelayLocalExecutionInjection.java:execute(65)) - s4 delay 150 ms, args=[serverRequest {
  requestorId: "s4"
  replyId: "s0"
  raftGroupId {
    id: "\306I{yg\341A\222\264\356)\335\220zqe"
  }
  callId: 52
  slidingWindowEntry {
  }
}
leaderTerm: 2
previousLog {
  term: 2
}
initializing: true
commitInfos {
  server {
    id: "s4"
    address: "localhost:36775"
    dataStreamAddress: "localhost:42557"
    clientAddress: "localhost:46475"
    adminAddress: "localhost:35477"
    startupRole: FOLLOWER
  }
}
commitInfos {
  server {
    id: "s3"
    address: "localhost:46863"
    dataStreamAddress: "localhost:44363"
    clientAddress: "localhost:41041"
    adminAddress: "localhost:41281"
    startupRole: FOLLOWER
  }
}
commitInfos {
  server {
    id: "s0"
    address: "localhost:33119"
    dataStreamAddress: "localhost:34507"
    clientAddress: "localhost:45597"
    adminAddress: "localhost:42011"
    startupRole: FOLLOWER
  }
}
commitInfos {
  server {
    id: "s1"
    address: "localhost:43051"
    dataStreamAddress: "localhost:41779"
    clientAddress: "localhost:45233"
    adminAddress: "localhost:41551"
    startupRole: FOLLOWER
  }
}
commitInfos {
  server {
    id: "s2"
    address: "localhost:41201"
    dataStreamAddress: "localhost:43565"
    clientAddress: "localhost:41547"
    adminAddress: "localhost:41487"
    startupRole: FOLLOWER
  }
}
]
2022-11-01 02:15:15,652 [s4@group-29DD907A7165->s3-GrpcLogAppender-LogAppenderDaemon] INFO  util.CodeInjectionForTesting (DelayLocalExecutionInjection.java:execute(65)) - s4 delay 150 ms, args=[serverRequest {
  requestorId: "s4"
  replyId: "s3"
  raftGroupId {
    id: "\306I{yg\341A\222\264\356)\335\220zqe"
  }
  callId: 42
  slidingWindowEntry {
  }
}
leaderTerm: 2
previousLog {
  term: 2
}
initializing: true
commitInfos {
  server {
    id: "s4"
    address: "localhost:36775"
    dataStreamAddress: "localhost:42557"
    clientAddress: "localhost:46475"
    adminAddress: "localhost:35477"
    startupRole: FOLLOWER
  }
}
commitInfos {
  server {
    id: "s3"
    address: "localhost:46863"
    dataStreamAddress: "localhost:44363"
    clientAddress: "localhost:41041"
    adminAddress: "localhost:41281"
    startupRole: FOLLOWER
  }
}
commitInfos {
  server {
    id: "s0"
    address: "localhost:33119"
    dataStreamAddress: "localhost:34507"
    clientAddress: "localhost:45597"
    adminAddress: "localhost:42011"
    startupRole: FOLLOWER
  }
}
commitInfos {
  server {
    id: "s1"
    address: "localhost:43051"
    dataStreamAddress: "localhost:41779"
    clientAddress: "localhost:45233"
    adminAddress: "localhost:41551"
    startupRole: FOLLOWER
  }
}
commitInfos {
  server {
    id: "s2"
    address: "localhost:41201"
    dataStreamAddress: "localhost:43565"
    clientAddress: "localhost:41547"
    adminAddress: "localhost:41487"
    startupRole: FOLLOWER
  }
}
]
2022-11-01 02:15:15,740 [s2@group-29DD907A7165-FollowerState] INFO  impl.FollowerState (FollowerState.java:run(143)) - s2@group-29DD907A7165-FollowerState: change to CANDIDATE, lastRpcElapsedTime:165998740ns, electionTimeout:165ms
2022-11-01 02:15:15,740 [s2@group-29DD907A7165-FollowerState] INFO  impl.RoleInfo (RoleInfo.java:shutdownFollowerState(110)) - s2: shutdown s2@group-29DD907A7165-FollowerState
2022-11-01 02:15:15,740 [s2@group-29DD907A7165-FollowerState] INFO  server.RaftServer$Division (RaftServerImpl.java:setRole(325)) - s2@group-29DD907A7165: changes role from  FOLLOWER to CANDIDATE at term 2 for changeToCandidate
2022-11-01 02:15:15,740 [s2@group-29DD907A7165-FollowerState] INFO  server.RaftServerConfigKeys (ConfUtils.java:logGet(46)) - raft.server.leaderelection.pre-vote = true (default)
2022-11-01 02:15:15,740 [s2@group-29DD907A7165-FollowerState] INFO  impl.RoleInfo (RoleInfo.java:updateAndGet(139)) - s2: start s2@group-29DD907A7165-LeaderElection23
2022-11-01 02:15:15,741 [s2@group-29DD907A7165-LeaderElection23] INFO  server.RaftServer$Division (ServerState.java:setLeader(259)) - s2@group-29DD907A7165: change Leader from s4 to null at term 2 for PRE_VOTE
2022-11-01 02:15:15,741 [s2@group-29DD907A7165-LeaderElection23] INFO  impl.LeaderElection (LeaderElection.java:askForVotes(309)) - s2@group-29DD907A7165-LeaderElection23 PRE_VOTE round 0: submit vote requests at term 2 for 0: peers:[s3|rpc:localhost:46863|admin:localhost:41281|client:localhost:41041|dataStream:localhost:44363|priority:0|startupRole:FOLLOWER, s4|rpc:localhost:36775|admin:localhost:35477|client:localhost:46475|dataStream:localhost:42557|priority:0|startupRole:FOLLOWER, s0|rpc:localhost:33119|admin:localhost:42011|client:localhost:45597|dataStream:localhost:34507|priority:0|startupRole:FOLLOWER, s1|rpc:localhost:43051|admin:localhost:41551|client:localhost:45233|dataStream:localhost:41779|priority:0|startupRole:FOLLOWER, s2|rpc:localhost:41201|admin:localhost:41487|client:localhost:41547|dataStream:localhost:43565|priority:0|startupRole:FOLLOWER]|listeners:[], old=null
2022-11-01 02:15:15,742 [s2@group-29DD907A7165-LeaderElection23-1] INFO  util.CodeInjectionForTesting (DelayLocalExecutionInjection.java:execute(65)) - s2 delay 150 ms, args=[serverRequest {
  requestorId: "s2"
  replyId: "s3"
  raftGroupId {
    id: "\306I{yg\341A\222\264\356)\335\220zqe"
  }
  slidingWindowEntry {
  }
}
candidateTerm: 2
candidateLastEntry {
  term: 2
}
preVote: true
]
2022-11-01 02:15:15,742 [s2@group-29DD907A7165-LeaderElection23-2] INFO  util.CodeInjectionForTesting (DelayLocalExecutionInjection.java:execute(65)) - s2 delay 150 ms, args=[serverRequest {
  requestorId: "s2"
  replyId: "s4"
  raftGroupId {
    id: "\306I{yg\341A\222\264\356)\335\220zqe"
  }
  slidingWindowEntry {
  }
}
candidateTerm: 2
candidateLastEntry {
  term: 2
}
preVote: true
]
2022-11-01 02:15:15,743 [s2@group-29DD907A7165-LeaderElection23-3] INFO  util.CodeInjectionForTesting (DelayLocalExecutionInjection.java:execute(65)) - s2 delay 150 ms, args=[serverRequest {
  requestorId: "s2"
  replyId: "s0"
  raftGroupId {
    id: "\306I{yg\341A\222\264\356)\335\220zqe"
  }
  slidingWindowEntry {
  }
}
candidateTerm: 2
candidateLastEntry {
  term: 2
}
preVote: true
]
2022-11-01 02:15:15,743 [s2@group-29DD907A7165-LeaderElection23-4] INFO  util.CodeInjectionForTesting (DelayLocalExecutionInjection.java:execute(65)) - s2 delay 150 ms, args=[serverRequest {
  requestorId: "s2"
  replyId: "s1"
  raftGroupId {
    id: "\306I{yg\341A\222\264\356)\335\220zqe"
  }
  slidingWindowEntry {
  }
}
candidateTerm: 2
candidateLastEntry {
  term: 2
}
preVote: true
]
2022-11-01 02:15:15,803 [s2-server-thread2] INFO  server.RaftServer$Division (RaftServerImpl.java:setRole(325)) - s2@group-29DD907A7165: changes role from CANDIDATE to FOLLOWER at term 2 for appendEntries
2022-11-01 02:15:15,803 [s2-server-thread2] INFO  impl.RoleInfo (RoleInfo.java:shutdownLeaderElection(130)) - s2: shutdown s2@group-29DD907A7165-LeaderElection23
2022-11-01 02:15:15,803 [s2-server-thread2] INFO  impl.RoleInfo (RoleInfo.java:updateAndGet(139)) - s2: start s2@group-29DD907A7165-FollowerState
2022-11-01 02:15:15,804 [s2-server-thread2] INFO  server.RaftServer$Division (ServerState.java:setLeader(259)) - s2@group-29DD907A7165: change Leader from null to s4 at term 2 for appendEntries, leader elected after 63ms
2022-11-01 02:15:15,816 [s4@group-29DD907A7165->s1-GrpcLogAppender-LogAppenderDaemon] INFO  util.CodeInjectionForTesting (DelayLocalExecutionInjection.java:execute(65)) - s4 delay 150 ms, args=[serverRequest {
  requestorId: "s4"
  replyId: "s1"
  raftGroupId {
    id: "\306I{yg\341A\222\264\356)\335\220zqe"
  }
  callId: 76
  slidingWindowEntry {
  }
}
leaderTerm: 2
previousLog {
  term: 2
}
initializing: true
commitInfos {
  server {
    id: "s4"
    address: "localhost:36775"
    dataStreamAddress: "localhost:42557"
    clientAddress: "localhost:46475"
    adminAddress: "localhost:35477"
    startupRole: FOLLOWER
  }
}
commitInfos {
  server {
    id: "s3"
    address: "localhost:46863"
    dataStreamAddress: "localhost:44363"
    clientAddress: "localhost:41041"
    adminAddress: "localhost:41281"
    startupRole: FOLLOWER
  }
}
commitInfos {
  server {
    id: "s0"
    address: "localhost:33119"
    dataStreamAddress: "localhost:34507"
    clientAddress: "localhost:45597"
    adminAddress: "localhost:42011"
    startupRole: FOLLOWER
  }
}
commitInfos {
  server {
    id: "s1"
    address: "localhost:43051"
    dataStreamAddress: "localhost:41779"
    clientAddress: "localhost:45233"
    adminAddress: "localhost:41551"
    startupRole: FOLLOWER
  }
}
commitInfos {
  server {
    id: "s2"
    address: "localhost:41201"
    dataStreamAddress: "localhost:43565"
    clientAddress: "localhost:41547"
    adminAddress: "localhost:41487"
    startupRole: FOLLOWER
  }
}
]
2022-11-01 02:15:15,864 [s1@group-29DD907A7165-FollowerState] INFO  impl.FollowerState (FollowerState.java:run(143)) - s1@group-29DD907A7165-FollowerState: change to CANDIDATE, lastRpcElapsedTime:295167227ns, electionTimeout:292ms
2022-11-01 02:15:15,864 [s1@group-29DD907A7165-FollowerState] INFO  impl.RoleInfo (RoleInfo.java:shutdownFollowerState(110)) - s1: shutdown s1@group-29DD907A7165-FollowerState
2022-11-01 02:15:15,864 [s1@group-29DD907A7165-FollowerState] INFO  server.RaftServer$Division (RaftServerImpl.java:setRole(325)) - s1@group-29DD907A7165: changes role from  FOLLOWER to CANDIDATE at term 2 for changeToCandidate
2022-11-01 02:15:15,864 [s1@group-29DD907A7165-FollowerState] INFO  server.RaftServerConfigKeys (ConfUtils.java:logGet(46)) - raft.server.leaderelection.pre-vote = true (default)
2022-11-01 02:15:15,865 [s1@group-29DD907A7165-FollowerState] INFO  impl.RoleInfo (RoleInfo.java:updateAndGet(139)) - s1: start s1@group-29DD907A7165-LeaderElection24
2022-11-01 02:15:15,870 [s1@group-29DD907A7165-LeaderElection24] INFO  impl.LeaderElection (LeaderElection.java:askForVotes(309)) - s1@group-29DD907A7165-LeaderElection24 PRE_VOTE round 0: submit vote requests at term 2 for 0: peers:[s3|rpc:localhost:46863|admin:localhost:41281|client:localhost:41041|dataStream:localhost:44363|priority:0|startupRole:FOLLOWER, s4|rpc:localhost:36775|admin:localhost:35477|client:localhost:46475|dataStream:localhost:42557|priority:0|startupRole:FOLLOWER, s0|rpc:localhost:33119|admin:localhost:42011|client:localhost:45597|dataStream:localhost:34507|priority:0|startupRole:FOLLOWER, s1|rpc:localhost:43051|admin:localhost:41551|client:localhost:45233|dataStream:localhost:41779|priority:0|startupRole:FOLLOWER, s2|rpc:localhost:41201|admin:localhost:41487|client:localhost:41547|dataStream:localhost:43565|priority:0|startupRole:FOLLOWER]|listeners:[], old=null
2022-11-01 02:15:15,873 [grpc-default-executor-24] INFO  server.RaftServer$Division (RaftServerImpl.java:requestVote(1291)) - s4@group-29DD907A7165: receive requestVote(PRE_VOTE, s1, group-29DD907A7165, 2, (t:1, i:0))
2022-11-01 02:15:15,873 [grpc-default-executor-24] INFO  impl.VoteContext (VoteContext.java:log(49)) - s4@group-29DD907A7165-LEADER: reject PRE_VOTE from s1: this server is the leader and still has leadership
2022-11-01 02:15:15,873 [grpc-default-executor-24] INFO  server.RaftServer$Division (RaftServerImpl.java:requestVote(1324)) - s4@group-29DD907A7165 replies to PRE_VOTE vote request: s1<-s4#0:FAIL-t2. Peer's state: s4@group-29DD907A7165:t2, leader=s4, voted=s4, raftlog=Memoized:s4@group-29DD907A7165-SegmentedRaftLog:OPENED:c0, conf=0: peers:[s3|rpc:localhost:46863|admin:localhost:41281|client:localhost:41041|dataStream:localhost:44363|priority:0|startupRole:FOLLOWER, s4|rpc:localhost:36775|admin:localhost:35477|client:localhost:46475|dataStream:localhost:42557|priority:0|startupRole:FOLLOWER, s0|rpc:localhost:33119|admin:localhost:42011|client:localhost:45597|dataStream:localhost:34507|priority:0|startupRole:FOLLOWER, s1|rpc:localhost:43051|admin:localhost:41551|client:localhost:45233|dataStream:localhost:41779|priority:0|startupRole:FOLLOWER, s2|rpc:localhost:41201|admin:localhost:41487|client:localhost:41547|dataStream:localhost:43565|priority:0|startupRole:FOLLOWER]|listeners:[], old=null
2022-11-01 02:15:15,878 [grpc-default-executor-24] INFO  server.RaftServer$Division (RaftServerImpl.java:requestVote(1291)) - s0@group-29DD907A7165: receive requestVote(PRE_VOTE, s1, group-29DD907A7165, 2, (t:1, i:0))
2022-11-01 02:15:15,878 [grpc-default-executor-24] INFO  impl.VoteContext (VoteContext.java:log(49)) - s0@group-29DD907A7165-FOLLOWER: reject PRE_VOTE from s1: this server is a follower and still has a valid leader s4
2022-11-01 02:15:15,878 [grpc-default-executor-24] INFO  server.RaftServer$Division (RaftServerImpl.java:requestVote(1324)) - s0@group-29DD907A7165 replies to PRE_VOTE vote request: s1<-s0#0:FAIL-t2. Peer's state: s0@group-29DD907A7165:t2, leader=s4, voted=s4, raftlog=Memoized:s0@group-29DD907A7165-SegmentedRaftLog:OPENED:c0, conf=0: peers:[s3|rpc:localhost:46863|admin:localhost:41281|client:localhost:41041|dataStream:localhost:44363|priority:0|startupRole:FOLLOWER, s4|rpc:localhost:36775|admin:localhost:35477|client:localhost:46475|dataStream:localhost:42557|priority:0|startupRole:FOLLOWER, s0|rpc:localhost:33119|admin:localhost:42011|client:localhost:45597|dataStream:localhost:34507|priority:0|startupRole:FOLLOWER, s1|rpc:localhost:43051|admin:localhost:41551|client:localhost:45233|dataStream:localhost:41779|priority:0|startupRole:FOLLOWER, s2|rpc:localhost:41201|admin:localhost:41487|client:localhost:41547|dataStream:localhost:43565|priority:0|startupRole:FOLLOWER]|listeners:[], old=null
2022-11-01 02:15:15,878 [grpc-default-executor-5] INFO  server.RaftServer$Division (RaftServerImpl.java:requestVote(1291)) - s2@group-29DD907A7165: receive requestVote(PRE_VOTE, s1, group-29DD907A7165, 2, (t:1, i:0))
2022-11-01 02:15:15,878 [grpc-default-executor-5] INFO  impl.VoteContext (VoteContext.java:log(49)) - s2@group-29DD907A7165-FOLLOWER: reject PRE_VOTE from s1: this server is a follower and still has a valid leader s4
2022-11-01 02:15:15,878 [grpc-default-executor-5] INFO  server.RaftServer$Division (RaftServerImpl.java:requestVote(1324)) - s2@group-29DD907A7165 replies to PRE_VOTE vote request: s1<-s2#0:FAIL-t2. Peer's state: s2@group-29DD907A7165:t2, leader=s4, voted=s4, raftlog=Memoized:s2@group-29DD907A7165-SegmentedRaftLog:OPENED:c0, conf=0: peers:[s3|rpc:localhost:46863|admin:localhost:41281|client:localhost:41041|dataStream:localhost:44363|priority:0|startupRole:FOLLOWER, s4|rpc:localhost:36775|admin:localhost:35477|client:localhost:46475|dataStream:localhost:42557|priority:0|startupRole:FOLLOWER, s0|rpc:localhost:33119|admin:localhost:42011|client:localhost:45597|dataStream:localhost:34507|priority:0|startupRole:FOLLOWER, s1|rpc:localhost:43051|admin:localhost:41551|client:localhost:45233|dataStream:localhost:41779|priority:0|startupRole:FOLLOWER, s2|rpc:localhost:41201|admin:localhost:41487|client:localhost:41547|dataStream:localhost:43565|priority:0|startupRole:FOLLOWER]|listeners:[], old=null
2022-11-01 02:15:15,880 [grpc-default-executor-5] INFO  server.RaftServer$Division (RaftServerImpl.java:requestVote(1291)) - s3@group-29DD907A7165: receive requestVote(PRE_VOTE, s1, group-29DD907A7165, 2, (t:1, i:0))
2022-11-01 02:15:15,880 [grpc-default-executor-5] INFO  impl.VoteContext (VoteContext.java:log(49)) - s3@group-29DD907A7165-FOLLOWER: reject PRE_VOTE from s1: this server is a follower and still has a valid leader s4
2022-11-01 02:15:15,880 [grpc-default-executor-5] INFO  server.RaftServer$Division (RaftServerImpl.java:requestVote(1324)) - s3@group-29DD907A7165 replies to PRE_VOTE vote request: s1<-s3#0:FAIL-t2. Peer's state: s3@group-29DD907A7165:t2, leader=s4, voted=s4, raftlog=Memoized:s3@group-29DD907A7165-SegmentedRaftLog:OPENED:c0, conf=0: peers:[s3|rpc:localhost:46863|admin:localhost:41281|client:localhost:41041|dataStream:localhost:44363|priority:0|startupRole:FOLLOWER, s4|rpc:localhost:36775|admin:localhost:35477|client:localhost:46475|dataStream:localhost:42557|priority:0|startupRole:FOLLOWER, s0|rpc:localhost:33119|admin:localhost:42011|client:localhost:45597|dataStream:localhost:34507|priority:0|startupRole:FOLLOWER, s1|rpc:localhost:43051|admin:localhost:41551|client:localhost:45233|dataStream:localhost:41779|priority:0|startupRole:FOLLOWER, s2|rpc:localhost:41201|admin:localhost:41487|client:localhost:41547|dataStream:localhost:43565|priority:0|startupRole:FOLLOWER]|listeners:[], old=null
2022-11-01 02:15:15,882 [s1@group-29DD907A7165-LeaderElection24] INFO  impl.LeaderElection (LeaderElection.java:logAndReturn(89)) - s1@group-29DD907A7165-LeaderElection24: PRE_VOTE REJECTED received 3 response(s) and 0 exception(s):
2022-11-01 02:15:15,882 [s1@group-29DD907A7165-LeaderElection24] INFO  impl.LeaderElection (LeaderElection.java:logAndReturn(93)) -   Response 0: s1<-s4#0:FAIL-t2
2022-11-01 02:15:15,882 [s1@group-29DD907A7165-LeaderElection24] INFO  impl.LeaderElection (LeaderElection.java:logAndReturn(93)) -   Response 1: s1<-s0#0:FAIL-t2
2022-11-01 02:15:15,882 [s1@group-29DD907A7165-LeaderElection24] INFO  impl.LeaderElection (LeaderElection.java:logAndReturn(93)) -   Response 2: s1<-s2#0:FAIL-t2
2022-11-01 02:15:15,882 [s1@group-29DD907A7165-LeaderElection24] INFO  impl.LeaderElection (LeaderElection.java:askForVotes(311)) - s1@group-29DD907A7165-LeaderElection24 PRE_VOTE round 0: result REJECTED
2022-11-01 02:15:15,882 [s1@group-29DD907A7165-LeaderElection24] INFO  server.RaftServer$Division (RaftServerImpl.java:setRole(325)) - s1@group-29DD907A7165: changes role from CANDIDATE to FOLLOWER at term 2 for REJECTED
2022-11-01 02:15:15,882 [s1@group-29DD907A7165-LeaderElection24] INFO  impl.RoleInfo (RoleInfo.java:shutdownLeaderElection(130)) - s1: shutdown s1@group-29DD907A7165-LeaderElection24
2022-11-01 02:15:15,882 [s1@group-29DD907A7165-LeaderElection24] INFO  impl.RoleInfo (RoleInfo.java:updateAndGet(139)) - s1: start s1@group-29DD907A7165-FollowerState
2022-11-01 02:15:15,885 [s4@group-29DD907A7165->s3-GrpcLogAppender-LogAppenderDaemon] INFO  util.CodeInjectionForTesting (DelayLocalExecutionInjection.java:execute(65)) - s4 delay 150 ms, args=[serverRequest {
  requestorId: "s4"
  replyId: "s3"
  raftGroupId {
    id: "\306I{yg\341A\222\264\356)\335\220zqe"
  }
  callId: 43
  slidingWindowEntry {
  }
}
leaderTerm: 2
previousLog {
  term: 2
}
initializing: true
commitInfos {
  server {
    id: "s4"
    address: "localhost:36775"
    dataStreamAddress: "localhost:42557"
    clientAddress: "localhost:46475"
    adminAddress: "localhost:35477"
    startupRole: FOLLOWER
  }
}
commitInfos {
  server {
    id: "s3"
    address: "localhost:46863"
    dataStreamAddress: "localhost:44363"
    clientAddress: "localhost:41041"
    adminAddress: "localhost:41281"
    startupRole: FOLLOWER
  }
}
commitInfos {
  server {
    id: "s0"
    address: "localhost:33119"
    dataStreamAddress: "localhost:34507"
    clientAddress: "localhost:45597"
    adminAddress: "localhost:42011"
    startupRole: FOLLOWER
  }
}
commitInfos {
  server {
    id: "s1"
    address: "localhost:43051"
    dataStreamAddress: "localhost:41779"
    clientAddress: "localhost:45233"
    adminAddress: "localhost:41551"
    startupRole: FOLLOWER
  }
}
commitInfos {
  server {
    id: "s2"
    address: "localhost:41201"
    dataStreamAddress: "localhost:43565"
    clientAddress: "localhost:41547"
    adminAddress: "localhost:41487"
    startupRole: FOLLOWER
  }
}
]
2022-11-01 02:15:15,886 [s4@group-29DD907A7165->s0-GrpcLogAppender-LogAppenderDaemon] INFO  util.CodeInjectionForTesting (DelayLocalExecutionInjection.java:execute(65)) - s4 delay 150 ms, args=[serverRequest {
  requestorId: "s4"
  replyId: "s0"
  raftGroupId {
    id: "\306I{yg\341A\222\264\356)\335\220zqe"
  }
  callId: 53
  slidingWindowEntry {
  }
}
leaderTerm: 2
previousLog {
  term: 2
}
initializing: true
commitInfos {
  server {
    id: "s4"
    address: "localhost:36775"
    dataStreamAddress: "localhost:42557"
    clientAddress: "localhost:46475"
    adminAddress: "localhost:35477"
    startupRole: FOLLOWER
  }
}
commitInfos {
  server {
    id: "s3"
    address: "localhost:46863"
    dataStreamAddress: "localhost:44363"
    clientAddress: "localhost:41041"
    adminAddress: "localhost:41281"
    startupRole: FOLLOWER
  }
}
commitInfos {
  server {
    id: "s0"
    address: "localhost:33119"
    dataStreamAddress: "localhost:34507"
    clientAddress: "localhost:45597"
    adminAddress: "localhost:42011"
    startupRole: FOLLOWER
  }
}
commitInfos {
  server {
    id: "s1"
    address: "localhost:43051"
    dataStreamAddress: "localhost:41779"
    clientAddress: "localhost:45233"
    adminAddress: "localhost:41551"
    startupRole: FOLLOWER
  }
}
commitInfos {
  server {
    id: "s2"
    address: "localhost:41201"
    dataStreamAddress: "localhost:43565"
    clientAddress: "localhost:41547"
    adminAddress: "localhost:41487"
    startupRole: FOLLOWER
  }
}
]
2022-11-01 02:15:15,886 [s4@group-29DD907A7165->s2-GrpcLogAppender-LogAppenderDaemon] INFO  util.CodeInjectionForTesting (DelayLocalExecutionInjection.java:execute(65)) - s4 delay 150 ms, args=[serverRequest {
  requestorId: "s4"
  replyId: "s2"
  raftGroupId {
    id: "\306I{yg\341A\222\264\356)\335\220zqe"
  }
  callId: 39
  slidingWindowEntry {
  }
}
leaderTerm: 2
previousLog {
  term: 2
}
initializing: true
commitInfos {
  server {
    id: "s4"
    address: "localhost:36775"
    dataStreamAddress: "localhost:42557"
    clientAddress: "localhost:46475"
    adminAddress: "localhost:35477"
    startupRole: FOLLOWER
  }
}
commitInfos {
  server {
    id: "s3"
    address: "localhost:46863"
    dataStreamAddress: "localhost:44363"
    clientAddress: "localhost:41041"
    adminAddress: "localhost:41281"
    startupRole: FOLLOWER
  }
}
commitInfos {
  server {
    id: "s0"
    address: "localhost:33119"
    dataStreamAddress: "localhost:34507"
    clientAddress: "localhost:45597"
    adminAddress: "localhost:42011"
    startupRole: FOLLOWER
  }
}
commitInfos {
  server {
    id: "s1"
    address: "localhost:43051"
    dataStreamAddress: "localhost:41779"
    clientAddress: "localhost:45233"
    adminAddress: "localhost:41551"
    startupRole: FOLLOWER
  }
}
commitInfos {
  server {
    id: "s2"
    address: "localhost:41201"
    dataStreamAddress: "localhost:43565"
    clientAddress: "localhost:41547"
    adminAddress: "localhost:41487"
    startupRole: FOLLOWER
  }
}
]
2022-11-01 02:15:15,895 [grpc-default-executor-5] INFO  server.RaftServer$Division (RaftServerImpl.java:requestVote(1291)) - s4@group-29DD907A7165: receive requestVote(PRE_VOTE, s2, group-29DD907A7165, 2, (t:2, i:0))
2022-11-01 02:15:15,895 [grpc-default-executor-5] INFO  impl.VoteContext (VoteContext.java:log(49)) - s4@group-29DD907A7165-LEADER: reject PRE_VOTE from s2: this server is the leader and still has leadership
2022-11-01 02:15:15,895 [grpc-default-executor-5] INFO  server.RaftServer$Division (RaftServerImpl.java:requestVote(1324)) - s4@group-29DD907A7165 replies to PRE_VOTE vote request: s2<-s4#0:FAIL-t2. Peer's state: s4@group-29DD907A7165:t2, leader=s4, voted=s4, raftlog=Memoized:s4@group-29DD907A7165-SegmentedRaftLog:OPENED:c0, conf=0: peers:[s3|rpc:localhost:46863|admin:localhost:41281|client:localhost:41041|dataStream:localhost:44363|priority:0|startupRole:FOLLOWER, s4|rpc:localhost:36775|admin:localhost:35477|client:localhost:46475|dataStream:localhost:42557|priority:0|startupRole:FOLLOWER, s0|rpc:localhost:33119|admin:localhost:42011|client:localhost:45597|dataStream:localhost:34507|priority:0|startupRole:FOLLOWER, s1|rpc:localhost:43051|admin:localhost:41551|client:localhost:45233|dataStream:localhost:41779|priority:0|startupRole:FOLLOWER, s2|rpc:localhost:41201|admin:localhost:41487|client:localhost:41547|dataStream:localhost:43565|priority:0|startupRole:FOLLOWER]|listeners:[], old=null
2022-11-01 02:15:15,896 [s2@group-29DD907A7165-LeaderElection23] INFO  impl.LeaderElection (LeaderElection.java:logAndReturn(89)) - s2@group-29DD907A7165-LeaderElection23: PRE_VOTE REJECTED received 1 response(s) and 0 exception(s):
2022-11-01 02:15:15,896 [s2@group-29DD907A7165-LeaderElection23] INFO  impl.LeaderElection (LeaderElection.java:logAndReturn(93)) -   Response 0: s2<-s4#0:FAIL-t2
2022-11-01 02:15:15,896 [s2@group-29DD907A7165-LeaderElection23] INFO  impl.LeaderElection (LeaderElection.java:askForVotes(311)) - s2@group-29DD907A7165-LeaderElection23 PRE_VOTE round 0: result REJECTED
2022-11-01 02:15:15,897 [grpc-default-executor-5] INFO  server.RaftServer$Division (RaftServerImpl.java:requestVote(1291)) - s0@group-29DD907A7165: receive requestVote(PRE_VOTE, s2, group-29DD907A7165, 2, (t:2, i:0))
2022-11-01 02:15:15,897 [grpc-default-executor-5] INFO  impl.VoteContext (VoteContext.java:log(49)) - s0@group-29DD907A7165-FOLLOWER: reject PRE_VOTE from s2: this server is a follower and still has a valid leader s4
2022-11-01 02:15:15,897 [grpc-default-executor-24] INFO  server.RaftServer$Division (RaftServerImpl.java:requestVote(1291)) - s3@group-29DD907A7165: receive requestVote(PRE_VOTE, s2, group-29DD907A7165, 2, (t:2, i:0))
2022-11-01 02:15:15,897 [grpc-default-executor-5] INFO  server.RaftServer$Division (RaftServerImpl.java:requestVote(1324)) - s0@group-29DD907A7165 replies to PRE_VOTE vote request: s2<-s0#0:FAIL-t2. Peer's state: s0@group-29DD907A7165:t2, leader=s4, voted=s4, raftlog=Memoized:s0@group-29DD907A7165-SegmentedRaftLog:OPENED:c0, conf=0: peers:[s3|rpc:localhost:46863|admin:localhost:41281|client:localhost:41041|dataStream:localhost:44363|priority:0|startupRole:FOLLOWER, s4|rpc:localhost:36775|admin:localhost:35477|client:localhost:46475|dataStream:localhost:42557|priority:0|startupRole:FOLLOWER, s0|rpc:localhost:33119|admin:localhost:42011|client:localhost:45597|dataStream:localhost:34507|priority:0|startupRole:FOLLOWER, s1|rpc:localhost:43051|admin:localhost:41551|client:localhost:45233|dataStream:localhost:41779|priority:0|startupRole:FOLLOWER, s2|rpc:localhost:41201|admin:localhost:41487|client:localhost:41547|dataStream:localhost:43565|priority:0|startupRole:FOLLOWER]|listeners:[], old=null
2022-11-01 02:15:15,897 [grpc-default-executor-24] INFO  impl.VoteContext (VoteContext.java:log(49)) - s3@group-29DD907A7165-FOLLOWER: reject PRE_VOTE from s2: this server is a follower and still has a valid leader s4
2022-11-01 02:15:15,897 [grpc-default-executor-24] INFO  server.RaftServer$Division (RaftServerImpl.java:requestVote(1324)) - s3@group-29DD907A7165 replies to PRE_VOTE vote request: s2<-s3#0:FAIL-t2. Peer's state: s3@group-29DD907A7165:t2, leader=s4, voted=s4, raftlog=Memoized:s3@group-29DD907A7165-SegmentedRaftLog:OPENED:c0, conf=0: peers:[s3|rpc:localhost:46863|admin:localhost:41281|client:localhost:41041|dataStream:localhost:44363|priority:0|startupRole:FOLLOWER, s4|rpc:localhost:36775|admin:localhost:35477|client:localhost:46475|dataStream:localhost:42557|priority:0|startupRole:FOLLOWER, s0|rpc:localhost:33119|admin:localhost:42011|client:localhost:45597|dataStream:localhost:34507|priority:0|startupRole:FOLLOWER, s1|rpc:localhost:43051|admin:localhost:41551|client:localhost:45233|dataStream:localhost:41779|priority:0|startupRole:FOLLOWER, s2|rpc:localhost:41201|admin:localhost:41487|client:localhost:41547|dataStream:localhost:43565|priority:0|startupRole:FOLLOWER]|listeners:[], old=null
2022-11-01 02:15:15,898 [grpc-default-executor-5] INFO  util.CodeInjectionForTesting (BlockRequestHandlingInjection.java:execute(77)) - s1: Block request from s2
2022-11-01 02:15:15,966 [s2@group-29DD907A7165-FollowerState] INFO  impl.FollowerState (FollowerState.java:run(143)) - s2@group-29DD907A7165-FollowerState: change to CANDIDATE, lastRpcElapsedTime:161417008ns, electionTimeout:161ms
2022-11-01 02:15:15,966 [s2@group-29DD907A7165-FollowerState] INFO  impl.RoleInfo (RoleInfo.java:shutdownFollowerState(110)) - s2: shutdown s2@group-29DD907A7165-FollowerState
2022-11-01 02:15:15,966 [s2@group-29DD907A7165-FollowerState] INFO  server.RaftServer$Division (RaftServerImpl.java:setRole(325)) - s2@group-29DD907A7165: changes role from  FOLLOWER to CANDIDATE at term 2 for changeToCandidate
2022-11-01 02:15:15,966 [s2@group-29DD907A7165-FollowerState] INFO  server.RaftServerConfigKeys (ConfUtils.java:logGet(46)) - raft.server.leaderelection.pre-vote = true (default)
2022-11-01 02:15:15,966 [s2@group-29DD907A7165-FollowerState] INFO  impl.RoleInfo (RoleInfo.java:updateAndGet(139)) - s2: start s2@group-29DD907A7165-LeaderElection25
2022-11-01 02:15:15,968 [s2@group-29DD907A7165-LeaderElection25] INFO  server.RaftServer$Division (ServerState.java:setLeader(259)) - s2@group-29DD907A7165: change Leader from s4 to null at term 2 for PRE_VOTE
2022-11-01 02:15:15,968 [s2@group-29DD907A7165-LeaderElection25] INFO  impl.LeaderElection (LeaderElection.java:askForVotes(309)) - s2@group-29DD907A7165-LeaderElection25 PRE_VOTE round 0: submit vote requests at term 2 for 0: peers:[s3|rpc:localhost:46863|admin:localhost:41281|client:localhost:41041|dataStream:localhost:44363|priority:0|startupRole:FOLLOWER, s4|rpc:localhost:36775|admin:localhost:35477|client:localhost:46475|dataStream:localhost:42557|priority:0|startupRole:FOLLOWER, s0|rpc:localhost:33119|admin:localhost:42011|client:localhost:45597|dataStream:localhost:34507|priority:0|startupRole:FOLLOWER, s1|rpc:localhost:43051|admin:localhost:41551|client:localhost:45233|dataStream:localhost:41779|priority:0|startupRole:FOLLOWER, s2|rpc:localhost:41201|admin:localhost:41487|client:localhost:41547|dataStream:localhost:43565|priority:0|startupRole:FOLLOWER]|listeners:[], old=null
2022-11-01 02:15:15,969 [s2@group-29DD907A7165-LeaderElection25-1] INFO  util.CodeInjectionForTesting (DelayLocalExecutionInjection.java:execute(65)) - s2 delay 150 ms, args=[serverRequest {
  requestorId: "s2"
  replyId: "s3"
  raftGroupId {
    id: "\306I{yg\341A\222\264\356)\335\220zqe"
  }
  slidingWindowEntry {
  }
}
candidateTerm: 2
candidateLastEntry {
  term: 2
}
preVote: true
]
2022-11-01 02:15:15,969 [s2@group-29DD907A7165-LeaderElection25-2] INFO  util.CodeInjectionForTesting (DelayLocalExecutionInjection.java:execute(65)) - s2 delay 150 ms, args=[serverRequest {
  requestorId: "s2"
  replyId: "s4"
  raftGroupId {
    id: "\306I{yg\341A\222\264\356)\335\220zqe"
  }
  slidingWindowEntry {
  }
}
candidateTerm: 2
candidateLastEntry {
  term: 2
}
preVote: true
]
2022-11-01 02:15:15,970 [s2@group-29DD907A7165-LeaderElection25-3] INFO  util.CodeInjectionForTesting (DelayLocalExecutionInjection.java:execute(65)) - s2 delay 150 ms, args=[serverRequest {
  requestorId: "s2"
  replyId: "s0"
  raftGroupId {
    id: "\306I{yg\341A\222\264\356)\335\220zqe"
  }
  slidingWindowEntry {
  }
}
candidateTerm: 2
candidateLastEntry {
  term: 2
}
preVote: true
]
2022-11-01 02:15:15,970 [s2@group-29DD907A7165-LeaderElection25-4] INFO  util.CodeInjectionForTesting (DelayLocalExecutionInjection.java:execute(65)) - s2 delay 150 ms, args=[serverRequest {
  requestorId: "s2"
  replyId: "s1"
  raftGroupId {
    id: "\306I{yg\341A\222\264\356)\335\220zqe"
  }
  slidingWindowEntry {
  }
}
candidateTerm: 2
candidateLastEntry {
  term: 2
}
preVote: true
]
2022-11-01 02:15:16,005 [s4@group-29DD907A7165->s1-GrpcLogAppender-LogAppenderDaemon] INFO  util.CodeInjectionForTesting (DelayLocalExecutionInjection.java:execute(65)) - s4 delay 150 ms, args=[serverRequest {
  requestorId: "s4"
  replyId: "s1"
  raftGroupId {
    id: "\306I{yg\341A\222\264\356)\335\220zqe"
  }
  callId: 77
  slidingWindowEntry {
  }
}
leaderTerm: 2
previousLog {
  term: 2
}
initializing: true
commitInfos {
  server {
    id: "s4"
    address: "localhost:36775"
    dataStreamAddress: "localhost:42557"
    clientAddress: "localhost:46475"
    adminAddress: "localhost:35477"
    startupRole: FOLLOWER
  }
}
commitInfos {
  server {
    id: "s3"
    address: "localhost:46863"
    dataStreamAddress: "localhost:44363"
    clientAddress: "localhost:41041"
    adminAddress: "localhost:41281"
    startupRole: FOLLOWER
  }
}
commitInfos {
  server {
    id: "s0"
    address: "localhost:33119"
    dataStreamAddress: "localhost:34507"
    clientAddress: "localhost:45597"
    adminAddress: "localhost:42011"
    startupRole: FOLLOWER
  }
}
commitInfos {
  server {
    id: "s1"
    address: "localhost:43051"
    dataStreamAddress: "localhost:41779"
    clientAddress: "localhost:45233"
    adminAddress: "localhost:41551"
    startupRole: FOLLOWER
  }
}
commitInfos {
  server {
    id: "s2"
    address: "localhost:41201"
    dataStreamAddress: "localhost:43565"
    clientAddress: "localhost:41547"
    adminAddress: "localhost:41487"
    startupRole: FOLLOWER
  }
}
]
2022-11-01 02:15:16,037 [s2-server-thread1] INFO  server.RaftServer$Division (RaftServerImpl.java:setRole(325)) - s2@group-29DD907A7165: changes role from CANDIDATE to FOLLOWER at term 2 for appendEntries
2022-11-01 02:15:16,037 [s2-server-thread1] INFO  impl.RoleInfo (RoleInfo.java:shutdownLeaderElection(130)) - s2: shutdown s2@group-29DD907A7165-LeaderElection25
2022-11-01 02:15:16,037 [s2-server-thread1] INFO  impl.RoleInfo (RoleInfo.java:updateAndGet(139)) - s2: start s2@group-29DD907A7165-FollowerState
2022-11-01 02:15:16,038 [s2-server-thread1] INFO  server.RaftServer$Division (ServerState.java:setLeader(259)) - s2@group-29DD907A7165: change Leader from null to s4 at term 2 for appendEntries, leader elected after 69ms
2022-11-01 02:15:16,114 [s4@group-29DD907A7165->s0-GrpcLogAppender-LogAppenderDaemon] INFO  util.CodeInjectionForTesting (DelayLocalExecutionInjection.java:execute(65)) - s4 delay 150 ms, args=[serverRequest {
  requestorId: "s4"
  replyId: "s0"
  raftGroupId {
    id: "\306I{yg\341A\222\264\356)\335\220zqe"
  }
  callId: 54
  slidingWindowEntry {
  }
}
leaderTerm: 2
previousLog {
  term: 2
}
initializing: true
commitInfos {
  server {
    id: "s4"
    address: "localhost:36775"
    dataStreamAddress: "localhost:42557"
    clientAddress: "localhost:46475"
    adminAddress: "localhost:35477"
    startupRole: FOLLOWER
  }
}
commitInfos {
  server {
    id: "s3"
    address: "localhost:46863"
    dataStreamAddress: "localhost:44363"
    clientAddress: "localhost:41041"
    adminAddress: "localhost:41281"
    startupRole: FOLLOWER
  }
}
commitInfos {
  server {
    id: "s0"
    address: "localhost:33119"
    dataStreamAddress: "localhost:34507"
    clientAddress: "localhost:45597"
    adminAddress: "localhost:42011"
    startupRole: FOLLOWER
  }
}
commitInfos {
  server {
    id: "s1"
    address: "localhost:43051"
    dataStreamAddress: "localhost:41779"
    clientAddress: "localhost:45233"
    adminAddress: "localhost:41551"
    startupRole: FOLLOWER
  }
}
commitInfos {
  server {
    id: "s2"
    address: "localhost:41201"
    dataStreamAddress: "localhost:43565"
    clientAddress: "localhost:41547"
    adminAddress: "localhost:41487"
    startupRole: FOLLOWER
  }
}
]
2022-11-01 02:15:16,114 [s4@group-29DD907A7165->s3-GrpcLogAppender-LogAppenderDaemon] INFO  util.CodeInjectionForTesting (DelayLocalExecutionInjection.java:execute(65)) - s4 delay 150 ms, args=[serverRequest {
  requestorId: "s4"
  replyId: "s3"
  raftGroupId {
    id: "\306I{yg\341A\222\264\356)\335\220zqe"
  }
  callId: 44
  slidingWindowEntry {
  }
}
leaderTerm: 2
previousLog {
  term: 2
}
initializing: true
commitInfos {
  server {
    id: "s4"
    address: "localhost:36775"
    dataStreamAddress: "localhost:42557"
    clientAddress: "localhost:46475"
    adminAddress: "localhost:35477"
    startupRole: FOLLOWER
  }
}
commitInfos {
  server {
    id: "s3"
    address: "localhost:46863"
    dataStreamAddress: "localhost:44363"
    clientAddress: "localhost:41041"
    adminAddress: "localhost:41281"
    startupRole: FOLLOWER
  }
}
commitInfos {
  server {
    id: "s0"
    address: "localhost:33119"
    dataStreamAddress: "localhost:34507"
    clientAddress: "localhost:45597"
    adminAddress: "localhost:42011"
    startupRole: FOLLOWER
  }
}
commitInfos {
  server {
    id: "s1"
    address: "localhost:43051"
    dataStreamAddress: "localhost:41779"
    clientAddress: "localhost:45233"
    adminAddress: "localhost:41551"
    startupRole: FOLLOWER
  }
}
commitInfos {
  server {
    id: "s2"
    address: "localhost:41201"
    dataStreamAddress: "localhost:43565"
    clientAddress: "localhost:41547"
    adminAddress: "localhost:41487"
    startupRole: FOLLOWER
  }
}
]
2022-11-01 02:15:16,114 [s1@group-29DD907A7165-FollowerState] INFO  impl.FollowerState (FollowerState.java:run(143)) - s1@group-29DD907A7165-FollowerState: change to CANDIDATE, lastRpcElapsedTime:232133495ns, electionTimeout:231ms
2022-11-01 02:15:16,114 [s1@group-29DD907A7165-FollowerState] INFO  impl.RoleInfo (RoleInfo.java:shutdownFollowerState(110)) - s1: shutdown s1@group-29DD907A7165-FollowerState
2022-11-01 02:15:16,114 [s1@group-29DD907A7165-FollowerState] INFO  server.RaftServer$Division (RaftServerImpl.java:setRole(325)) - s1@group-29DD907A7165: changes role from  FOLLOWER to CANDIDATE at term 2 for changeToCandidate
2022-11-01 02:15:16,115 [s1@group-29DD907A7165-FollowerState] INFO  server.RaftServerConfigKeys (ConfUtils.java:logGet(46)) - raft.server.leaderelection.pre-vote = true (default)
2022-11-01 02:15:16,115 [s1@group-29DD907A7165-FollowerState] INFO  impl.RoleInfo (RoleInfo.java:updateAndGet(139)) - s1: start s1@group-29DD907A7165-LeaderElection26
2022-11-01 02:15:16,115 [s4@group-29DD907A7165->s2-GrpcLogAppender-LogAppenderDaemon] INFO  util.CodeInjectionForTesting (DelayLocalExecutionInjection.java:execute(65)) - s4 delay 150 ms, args=[serverRequest {
  requestorId: "s4"
  replyId: "s2"
  raftGroupId {
    id: "\306I{yg\341A\222\264\356)\335\220zqe"
  }
  callId: 40
  slidingWindowEntry {
  }
}
leaderTerm: 2
previousLog {
  term: 2
}
initializing: true
commitInfos {
  server {
    id: "s4"
    address: "localhost:36775"
    dataStreamAddress: "localhost:42557"
    clientAddress: "localhost:46475"
    adminAddress: "localhost:35477"
    startupRole: FOLLOWER
  }
}
commitInfos {
  server {
    id: "s3"
    address: "localhost:46863"
    dataStreamAddress: "localhost:44363"
    clientAddress: "localhost:41041"
    adminAddress: "localhost:41281"
    startupRole: FOLLOWER
  }
}
commitInfos {
  server {
    id: "s0"
    address: "localhost:33119"
    dataStreamAddress: "localhost:34507"
    clientAddress: "localhost:45597"
    adminAddress: "localhost:42011"
    startupRole: FOLLOWER
  }
}
commitInfos {
  server {
    id: "s1"
    address: "localhost:43051"
    dataStreamAddress: "localhost:41779"
    clientAddress: "localhost:45233"
    adminAddress: "localhost:41551"
    startupRole: FOLLOWER
  }
}
commitInfos {
  server {
    id: "s2"
    address: "localhost:41201"
    dataStreamAddress: "localhost:43565"
    clientAddress: "localhost:41547"
    adminAddress: "localhost:41487"
    startupRole: FOLLOWER
  }
}
]
2022-11-01 02:15:16,122 [s1@group-29DD907A7165-LeaderElection26] INFO  impl.LeaderElection (LeaderElection.java:askForVotes(309)) - s1@group-29DD907A7165-LeaderElection26 PRE_VOTE round 0: submit vote requests at term 2 for 0: peers:[s3|rpc:localhost:46863|admin:localhost:41281|client:localhost:41041|dataStream:localhost:44363|priority:0|startupRole:FOLLOWER, s4|rpc:localhost:36775|admin:localhost:35477|client:localhost:46475|dataStream:localhost:42557|priority:0|startupRole:FOLLOWER, s0|rpc:localhost:33119|admin:localhost:42011|client:localhost:45597|dataStream:localhost:34507|priority:0|startupRole:FOLLOWER, s1|rpc:localhost:43051|admin:localhost:41551|client:localhost:45233|dataStream:localhost:41779|priority:0|startupRole:FOLLOWER, s2|rpc:localhost:41201|admin:localhost:41487|client:localhost:41547|dataStream:localhost:43565|priority:0|startupRole:FOLLOWER]|listeners:[], old=null
2022-11-01 02:15:16,124 [grpc-default-executor-24] INFO  server.RaftServer$Division (RaftServerImpl.java:requestVote(1291)) - s0@group-29DD907A7165: receive requestVote(PRE_VOTE, s2, group-29DD907A7165, 2, (t:2, i:0))
2022-11-01 02:15:16,124 [grpc-default-executor-24] INFO  impl.VoteContext (VoteContext.java:log(49)) - s0@group-29DD907A7165-FOLLOWER: reject PRE_VOTE from s2: this server is a follower and still has a valid leader s4
2022-11-01 02:15:16,125 [grpc-default-executor-24] INFO  server.RaftServer$Division (RaftServerImpl.java:requestVote(1324)) - s0@group-29DD907A7165 replies to PRE_VOTE vote request: s2<-s0#0:FAIL-t2. Peer's state: s0@group-29DD907A7165:t2, leader=s4, voted=s4, raftlog=Memoized:s0@group-29DD907A7165-SegmentedRaftLog:OPENED:c0, conf=0: peers:[s3|rpc:localhost:46863|admin:localhost:41281|client:localhost:41041|dataStream:localhost:44363|priority:0|startupRole:FOLLOWER, s4|rpc:localhost:36775|admin:localhost:35477|client:localhost:46475|dataStream:localhost:42557|priority:0|startupRole:FOLLOWER, s0|rpc:localhost:33119|admin:localhost:42011|client:localhost:45597|dataStream:localhost:34507|priority:0|startupRole:FOLLOWER, s1|rpc:localhost:43051|admin:localhost:41551|client:localhost:45233|dataStream:localhost:41779|priority:0|startupRole:FOLLOWER, s2|rpc:localhost:41201|admin:localhost:41487|client:localhost:41547|dataStream:localhost:43565|priority:0|startupRole:FOLLOWER]|listeners:[], old=null
2022-11-01 02:15:16,125 [grpc-default-executor-20] INFO  server.RaftServer$Division (RaftServerImpl.java:requestVote(1291)) - s3@group-29DD907A7165: receive requestVote(PRE_VOTE, s2, group-29DD907A7165, 2, (t:2, i:0))
2022-11-01 02:15:16,125 [grpc-default-executor-20] INFO  impl.VoteContext (VoteContext.java:log(49)) - s3@group-29DD907A7165-FOLLOWER: reject PRE_VOTE from s2: this server is a follower and still has a valid leader s4
2022-11-01 02:15:16,125 [grpc-default-executor-29] INFO  server.RaftServer$Division (RaftServerImpl.java:requestVote(1291)) - s4@group-29DD907A7165: receive requestVote(PRE_VOTE, s2, group-29DD907A7165, 2, (t:2, i:0))
2022-11-01 02:15:16,125 [grpc-default-executor-29] INFO  impl.VoteContext (VoteContext.java:log(49)) - s4@group-29DD907A7165-LEADER: reject PRE_VOTE from s2: this server is the leader and still has leadership
2022-11-01 02:15:16,125 [grpc-default-executor-29] INFO  server.RaftServer$Division (RaftServerImpl.java:requestVote(1324)) - s4@group-29DD907A7165 replies to PRE_VOTE vote request: s2<-s4#0:FAIL-t2. Peer's state: s4@group-29DD907A7165:t2, leader=s4, voted=s4, raftlog=Memoized:s4@group-29DD907A7165-SegmentedRaftLog:OPENED:c0, conf=0: peers:[s3|rpc:localhost:46863|admin:localhost:41281|client:localhost:41041|dataStream:localhost:44363|priority:0|startupRole:FOLLOWER, s4|rpc:localhost:36775|admin:localhost:35477|client:localhost:46475|dataStream:localhost:42557|priority:0|startupRole:FOLLOWER, s0|rpc:localhost:33119|admin:localhost:42011|client:localhost:45597|dataStream:localhost:34507|priority:0|startupRole:FOLLOWER, s1|rpc:localhost:43051|admin:localhost:41551|client:localhost:45233|dataStream:localhost:41779|priority:0|startupRole:FOLLOWER, s2|rpc:localhost:41201|admin:localhost:41487|client:localhost:41547|dataStream:localhost:43565|priority:0|startupRole:FOLLOWER]|listeners:[], old=null
2022-11-01 02:15:16,125 [grpc-default-executor-20] INFO  server.RaftServer$Division (RaftServerImpl.java:requestVote(1324)) - s3@group-29DD907A7165 replies to PRE_VOTE vote request: s2<-s3#0:FAIL-t2. Peer's state: s3@group-29DD907A7165:t2, leader=s4, voted=s4, raftlog=Memoized:s3@group-29DD907A7165-SegmentedRaftLog:OPENED:c0, conf=0: peers:[s3|rpc:localhost:46863|admin:localhost:41281|client:localhost:41041|dataStream:localhost:44363|priority:0|startupRole:FOLLOWER, s4|rpc:localhost:36775|admin:localhost:35477|client:localhost:46475|dataStream:localhost:42557|priority:0|startupRole:FOLLOWER, s0|rpc:localhost:33119|admin:localhost:42011|client:localhost:45597|dataStream:localhost:34507|priority:0|startupRole:FOLLOWER, s1|rpc:localhost:43051|admin:localhost:41551|client:localhost:45233|dataStream:localhost:41779|priority:0|startupRole:FOLLOWER, s2|rpc:localhost:41201|admin:localhost:41487|client:localhost:41547|dataStream:localhost:43565|priority:0|startupRole:FOLLOWER]|listeners:[], old=null
2022-11-01 02:15:16,126 [s2@group-29DD907A7165-LeaderElection25] INFO  impl.LeaderElection (LeaderElection.java:logAndReturn(89)) - s2@group-29DD907A7165-LeaderElection25: PRE_VOTE REJECTED received 1 response(s) and 0 exception(s):
2022-11-01 02:15:16,126 [s2@group-29DD907A7165-LeaderElection25] INFO  impl.LeaderElection (LeaderElection.java:logAndReturn(93)) -   Response 0: s2<-s0#0:FAIL-t2
2022-11-01 02:15:16,126 [s2@group-29DD907A7165-LeaderElection25] INFO  impl.LeaderElection (LeaderElection.java:askForVotes(311)) - s2@group-29DD907A7165-LeaderElection25 PRE_VOTE round 0: result REJECTED
2022-11-01 02:15:16,126 [grpc-default-executor-20] INFO  util.CodeInjectionForTesting (BlockRequestHandlingInjection.java:execute(77)) - s1: Block request from s2
2022-11-01 02:15:16,129 [grpc-default-executor-24] INFO  server.RaftServer$Division (RaftServerImpl.java:requestVote(1291)) - s3@group-29DD907A7165: receive requestVote(PRE_VOTE, s1, group-29DD907A7165, 2, (t:1, i:0))
2022-11-01 02:15:16,129 [grpc-default-executor-24] INFO  impl.VoteContext (VoteContext.java:log(49)) - s3@group-29DD907A7165-FOLLOWER: reject PRE_VOTE from s1: this server is a follower and still has a valid leader s4
2022-11-01 02:15:16,129 [grpc-default-executor-24] INFO  server.RaftServer$Division (RaftServerImpl.java:requestVote(1324)) - s3@group-29DD907A7165 replies to PRE_VOTE vote request: s1<-s3#0:FAIL-t2. Peer's state: s3@group-29DD907A7165:t2, leader=s4, voted=s4, raftlog=Memoized:s3@group-29DD907A7165-SegmentedRaftLog:OPENED:c0, conf=0: peers:[s3|rpc:localhost:46863|admin:localhost:41281|client:localhost:41041|dataStream:localhost:44363|priority:0|startupRole:FOLLOWER, s4|rpc:localhost:36775|admin:localhost:35477|client:localhost:46475|dataStream:localhost:42557|priority:0|startupRole:FOLLOWER, s0|rpc:localhost:33119|admin:localhost:42011|client:localhost:45597|dataStream:localhost:34507|priority:0|startupRole:FOLLOWER, s1|rpc:localhost:43051|admin:localhost:41551|client:localhost:45233|dataStream:localhost:41779|priority:0|startupRole:FOLLOWER, s2|rpc:localhost:41201|admin:localhost:41487|client:localhost:41547|dataStream:localhost:43565|priority:0|startupRole:FOLLOWER]|listeners:[], old=null
2022-11-01 02:15:16,130 [grpc-default-executor-24] INFO  server.RaftServer$Division (RaftServerImpl.java:requestVote(1291)) - s4@group-29DD907A7165: receive requestVote(PRE_VOTE, s1, group-29DD907A7165, 2, (t:1, i:0))
2022-11-01 02:15:16,131 [grpc-default-executor-24] INFO  impl.VoteContext (VoteContext.java:log(49)) - s4@group-29DD907A7165-LEADER: reject PRE_VOTE from s1: this server is the leader and still has leadership
2022-11-01 02:15:16,131 [grpc-default-executor-24] INFO  server.RaftServer$Division (RaftServerImpl.java:requestVote(1324)) - s4@group-29DD907A7165 replies to PRE_VOTE vote request: s1<-s4#0:FAIL-t2. Peer's state: s4@group-29DD907A7165:t2, leader=s4, voted=s4, raftlog=Memoized:s4@group-29DD907A7165-SegmentedRaftLog:OPENED:c0, conf=0: peers:[s3|rpc:localhost:46863|admin:localhost:41281|client:localhost:41041|dataStream:localhost:44363|priority:0|startupRole:FOLLOWER, s4|rpc:localhost:36775|admin:localhost:35477|client:localhost:46475|dataStream:localhost:42557|priority:0|startupRole:FOLLOWER, s0|rpc:localhost:33119|admin:localhost:42011|client:localhost:45597|dataStream:localhost:34507|priority:0|startupRole:FOLLOWER, s1|rpc:localhost:43051|admin:localhost:41551|client:localhost:45233|dataStream:localhost:41779|priority:0|startupRole:FOLLOWER, s2|rpc:localhost:41201|admin:localhost:41487|client:localhost:41547|dataStream:localhost:43565|priority:0|startupRole:FOLLOWER]|listeners:[], old=null
2022-11-01 02:15:16,138 [grpc-default-executor-24] INFO  server.RaftServer$Division (RaftServerImpl.java:requestVote(1291)) - s0@group-29DD907A7165: receive requestVote(PRE_VOTE, s1, group-29DD907A7165, 2, (t:1, i:0))
2022-11-01 02:15:16,139 [grpc-default-executor-24] INFO  impl.VoteContext (VoteContext.java:log(49)) - s0@group-29DD907A7165-FOLLOWER: reject PRE_VOTE from s1: this server is a follower and still has a valid leader s4
2022-11-01 02:15:16,139 [grpc-default-executor-24] INFO  server.RaftServer$Division (RaftServerImpl.java:requestVote(1324)) - s0@group-29DD907A7165 replies to PRE_VOTE vote request: s1<-s0#0:FAIL-t2. Peer's state: s0@group-29DD907A7165:t2, leader=s4, voted=s4, raftlog=Memoized:s0@group-29DD907A7165-SegmentedRaftLog:OPENED:c0, conf=0: peers:[s3|rpc:localhost:46863|admin:localhost:41281|client:localhost:41041|dataStream:localhost:44363|priority:0|startupRole:FOLLOWER, s4|rpc:localhost:36775|admin:localhost:35477|client:localhost:46475|dataStream:localhost:42557|priority:0|startupRole:FOLLOWER, s0|rpc:localhost:33119|admin:localhost:42011|client:localhost:45597|dataStream:localhost:34507|priority:0|startupRole:FOLLOWER, s1|rpc:localhost:43051|admin:localhost:41551|client:localhost:45233|dataStream:localhost:41779|priority:0|startupRole:FOLLOWER, s2|rpc:localhost:41201|admin:localhost:41487|client:localhost:41547|dataStream:localhost:43565|priority:0|startupRole:FOLLOWER]|listeners:[], old=null
2022-11-01 02:15:16,140 [s1@group-29DD907A7165-LeaderElection26] INFO  impl.LeaderElection (LeaderElection.java:logAndReturn(89)) - s1@group-29DD907A7165-LeaderElection26: PRE_VOTE REJECTED received 3 response(s) and 0 exception(s):
2022-11-01 02:15:16,141 [s1@group-29DD907A7165-LeaderElection26] INFO  impl.LeaderElection (LeaderElection.java:logAndReturn(93)) -   Response 0: s1<-s3#0:FAIL-t2
2022-11-01 02:15:16,141 [s1@group-29DD907A7165-LeaderElection26] INFO  impl.LeaderElection (LeaderElection.java:logAndReturn(93)) -   Response 1: s1<-s4#0:FAIL-t2
2022-11-01 02:15:16,141 [s1@group-29DD907A7165-LeaderElection26] INFO  impl.LeaderElection (LeaderElection.java:logAndReturn(93)) -   Response 2: s1<-s0#0:FAIL-t2
2022-11-01 02:15:16,141 [s1@group-29DD907A7165-LeaderElection26] INFO  impl.LeaderElection (LeaderElection.java:askForVotes(311)) - s1@group-29DD907A7165-LeaderElection26 PRE_VOTE round 0: result REJECTED
2022-11-01 02:15:16,141 [s1@group-29DD907A7165-LeaderElection26] INFO  server.RaftServer$Division (RaftServerImpl.java:setRole(325)) - s1@group-29DD907A7165: changes role from CANDIDATE to FOLLOWER at term 2 for REJECTED
2022-11-01 02:15:16,141 [s1@group-29DD907A7165-LeaderElection26] INFO  impl.RoleInfo (RoleInfo.java:shutdownLeaderElection(130)) - s1: shutdown s1@group-29DD907A7165-LeaderElection26
2022-11-01 02:15:16,141 [s1@group-29DD907A7165-LeaderElection26] INFO  impl.RoleInfo (RoleInfo.java:updateAndGet(139)) - s1: start s1@group-29DD907A7165-FollowerState
2022-11-01 02:15:16,142 [grpc-default-executor-24] INFO  server.RaftServer$Division (RaftServerImpl.java:requestVote(1291)) - s2@group-29DD907A7165: receive requestVote(PRE_VOTE, s1, group-29DD907A7165, 2, (t:1, i:0))
2022-11-01 02:15:16,143 [grpc-default-executor-24] INFO  impl.VoteContext (VoteContext.java:log(49)) - s2@group-29DD907A7165-FOLLOWER: reject PRE_VOTE from s1: this server is a follower and still has a valid leader s4
2022-11-01 02:15:16,143 [grpc-default-executor-24] INFO  server.RaftServer$Division (RaftServerImpl.java:requestVote(1324)) - s2@group-29DD907A7165 replies to PRE_VOTE vote request: s1<-s2#0:FAIL-t2. Peer's state: s2@group-29DD907A7165:t2, leader=s4, voted=s4, raftlog=Memoized:s2@group-29DD907A7165-SegmentedRaftLog:OPENED:c0, conf=0: peers:[s3|rpc:localhost:46863|admin:localhost:41281|client:localhost:41041|dataStream:localhost:44363|priority:0|startupRole:FOLLOWER, s4|rpc:localhost:36775|admin:localhost:35477|client:localhost:46475|dataStream:localhost:42557|priority:0|startupRole:FOLLOWER, s0|rpc:localhost:33119|admin:localhost:42011|client:localhost:45597|dataStream:localhost:34507|priority:0|startupRole:FOLLOWER, s1|rpc:localhost:43051|admin:localhost:41551|client:localhost:45233|dataStream:localhost:41779|priority:0|startupRole:FOLLOWER, s2|rpc:localhost:41201|admin:localhost:41487|client:localhost:41547|dataStream:localhost:43565|priority:0|startupRole:FOLLOWER]|listeners:[], old=null
2022-11-01 02:15:16,193 [s4@group-29DD907A7165->s1-GrpcLogAppender-LogAppenderDaemon] INFO  util.CodeInjectionForTesting (DelayLocalExecutionInjection.java:execute(65)) - s4 delay 150 ms, args=[serverRequest {
  requestorId: "s4"
  replyId: "s1"
  raftGroupId {
    id: "\306I{yg\341A\222\264\356)\335\220zqe"
  }
  callId: 78
  slidingWindowEntry {
  }
}
leaderTerm: 2
previousLog {
  term: 2
}
initializing: true
commitInfos {
  server {
    id: "s4"
    address: "localhost:36775"
    dataStreamAddress: "localhost:42557"
    clientAddress: "localhost:46475"
    adminAddress: "localhost:35477"
    startupRole: FOLLOWER
  }
}
commitInfos {
  server {
    id: "s3"
    address: "localhost:46863"
    dataStreamAddress: "localhost:44363"
    clientAddress: "localhost:41041"
    adminAddress: "localhost:41281"
    startupRole: FOLLOWER
  }
}
commitInfos {
  server {
    id: "s0"
    address: "localhost:33119"
    dataStreamAddress: "localhost:34507"
    clientAddress: "localhost:45597"
    adminAddress: "localhost:42011"
    startupRole: FOLLOWER
  }
}
commitInfos {
  server {
    id: "s1"
    address: "localhost:43051"
    dataStreamAddress: "localhost:41779"
    clientAddress: "localhost:45233"
    adminAddress: "localhost:41551"
    startupRole: FOLLOWER
  }
}
commitInfos {
  server {
    id: "s2"
    address: "localhost:41201"
    dataStreamAddress: "localhost:43565"
    clientAddress: "localhost:41547"
    adminAddress: "localhost:41487"
    startupRole: FOLLOWER
  }
}
]
2022-11-01 02:15:16,317 [Time-limited test] INFO  server.RaftServerConfigKeys (ConfUtils.java:logGet(46)) - raft.server.rpc.timeout.max = 300ms (default)
2022-11-01 02:15:16,320 [s1@group-29DD907A7165-FollowerState] INFO  impl.FollowerState (FollowerState.java:run(143)) - s1@group-29DD907A7165-FollowerState: change to CANDIDATE, lastRpcElapsedTime:179106930ns, electionTimeout:174ms
2022-11-01 02:15:16,320 [s1@group-29DD907A7165-FollowerState] INFO  impl.RoleInfo (RoleInfo.java:shutdownFollowerState(110)) - s1: shutdown s1@group-29DD907A7165-FollowerState
2022-11-01 02:15:16,320 [s1@group-29DD907A7165-FollowerState] INFO  server.RaftServer$Division (RaftServerImpl.java:setRole(325)) - s1@group-29DD907A7165: changes role from  FOLLOWER to CANDIDATE at term 2 for changeToCandidate
2022-11-01 02:15:16,320 [s1@group-29DD907A7165-FollowerState] INFO  server.RaftServerConfigKeys (ConfUtils.java:logGet(46)) - raft.server.leaderelection.pre-vote = true (default)
2022-11-01 02:15:16,320 [s1@group-29DD907A7165-FollowerState] INFO  impl.RoleInfo (RoleInfo.java:updateAndGet(139)) - s1: start s1@group-29DD907A7165-LeaderElection27
2022-11-01 02:15:16,321 [s1@group-29DD907A7165-LeaderElection27] INFO  impl.LeaderElection (LeaderElection.java:askForVotes(309)) - s1@group-29DD907A7165-LeaderElection27 PRE_VOTE round 0: submit vote requests at term 2 for 0: peers:[s3|rpc:localhost:46863|admin:localhost:41281|client:localhost:41041|dataStream:localhost:44363|priority:0|startupRole:FOLLOWER, s4|rpc:localhost:36775|admin:localhost:35477|client:localhost:46475|dataStream:localhost:42557|priority:0|startupRole:FOLLOWER, s0|rpc:localhost:33119|admin:localhost:42011|client:localhost:45597|dataStream:localhost:34507|priority:0|startupRole:FOLLOWER, s1|rpc:localhost:43051|admin:localhost:41551|client:localhost:45233|dataStream:localhost:41779|priority:0|startupRole:FOLLOWER, s2|rpc:localhost:41201|admin:localhost:41487|client:localhost:41547|dataStream:localhost:43565|priority:0|startupRole:FOLLOWER]|listeners:[], old=null
2022-11-01 02:15:16,325 [grpc-default-executor-24] INFO  server.RaftServer$Division (RaftServerImpl.java:requestVote(1291)) - s3@group-29DD907A7165: receive requestVote(PRE_VOTE, s1, group-29DD907A7165, 2, (t:1, i:0))
2022-11-01 02:15:16,325 [grpc-default-executor-24] INFO  impl.VoteContext (VoteContext.java:log(49)) - s3@group-29DD907A7165-FOLLOWER: reject PRE_VOTE from s1: this server is a follower and still has a valid leader s4
2022-11-01 02:15:16,325 [grpc-default-executor-24] INFO  server.RaftServer$Division (RaftServerImpl.java:requestVote(1324)) - s3@group-29DD907A7165 replies to PRE_VOTE vote request: s1<-s3#0:FAIL-t2. Peer's state: s3@group-29DD907A7165:t2, leader=s4, voted=s4, raftlog=Memoized:s3@group-29DD907A7165-SegmentedRaftLog:OPENED:c0, conf=0: peers:[s3|rpc:localhost:46863|admin:localhost:41281|client:localhost:41041|dataStream:localhost:44363|priority:0|startupRole:FOLLOWER, s4|rpc:localhost:36775|admin:localhost:35477|client:localhost:46475|dataStream:localhost:42557|priority:0|startupRole:FOLLOWER, s0|rpc:localhost:33119|admin:localhost:42011|client:localhost:45597|dataStream:localhost:34507|priority:0|startupRole:FOLLOWER, s1|rpc:localhost:43051|admin:localhost:41551|client:localhost:45233|dataStream:localhost:41779|priority:0|startupRole:FOLLOWER, s2|rpc:localhost:41201|admin:localhost:41487|client:localhost:41547|dataStream:localhost:43565|priority:0|startupRole:FOLLOWER]|listeners:[], old=null
2022-11-01 02:15:16,327 [grpc-default-executor-29] INFO  server.RaftServer$Division (RaftServerImpl.java:requestVote(1291)) - s4@group-29DD907A7165: receive requestVote(PRE_VOTE, s1, group-29DD907A7165, 2, (t:1, i:0))
2022-11-01 02:15:16,327 [grpc-default-executor-29] INFO  impl.VoteContext (VoteContext.java:log(49)) - s4@group-29DD907A7165-LEADER: reject PRE_VOTE from s1: this server is the leader and still has leadership
2022-11-01 02:15:16,327 [grpc-default-executor-29] INFO  server.RaftServer$Division (RaftServerImpl.java:requestVote(1324)) - s4@group-29DD907A7165 replies to PRE_VOTE vote request: s1<-s4#0:FAIL-t2. Peer's state: s4@group-29DD907A7165:t2, leader=s4, voted=s4, raftlog=Memoized:s4@group-29DD907A7165-SegmentedRaftLog:OPENED:c0, conf=0: peers:[s3|rpc:localhost:46863|admin:localhost:41281|client:localhost:41041|dataStream:localhost:44363|priority:0|startupRole:FOLLOWER, s4|rpc:localhost:36775|admin:localhost:35477|client:localhost:46475|dataStream:localhost:42557|priority:0|startupRole:FOLLOWER, s0|rpc:localhost:33119|admin:localhost:42011|client:localhost:45597|dataStream:localhost:34507|priority:0|startupRole:FOLLOWER, s1|rpc:localhost:43051|admin:localhost:41551|client:localhost:45233|dataStream:localhost:41779|priority:0|startupRole:FOLLOWER, s2|rpc:localhost:41201|admin:localhost:41487|client:localhost:41547|dataStream:localhost:43565|priority:0|startupRole:FOLLOWER]|listeners:[], old=null
2022-11-01 02:15:16,328 [grpc-default-executor-24] INFO  server.RaftServer$Division (RaftServerImpl.java:requestVote(1291)) - s0@group-29DD907A7165: receive requestVote(PRE_VOTE, s1, group-29DD907A7165, 2, (t:1, i:0))
2022-11-01 02:15:16,329 [grpc-default-executor-24] INFO  impl.VoteContext (VoteContext.java:log(49)) - s0@group-29DD907A7165-FOLLOWER: reject PRE_VOTE from s1: this server is a follower and still has a valid leader s4
2022-11-01 02:15:16,329 [grpc-default-executor-24] INFO  server.RaftServer$Division (RaftServerImpl.java:requestVote(1324)) - s0@group-29DD907A7165 replies to PRE_VOTE vote request: s1<-s0#0:FAIL-t2. Peer's state: s0@group-29DD907A7165:t2, leader=s4, voted=s4, raftlog=Memoized:s0@group-29DD907A7165-SegmentedRaftLog:OPENED:c0, conf=0: peers:[s3|rpc:localhost:46863|admin:localhost:41281|client:localhost:41041|dataStream:localhost:44363|priority:0|startupRole:FOLLOWER, s4|rpc:localhost:36775|admin:localhost:35477|client:localhost:46475|dataStream:localhost:42557|priority:0|startupRole:FOLLOWER, s0|rpc:localhost:33119|admin:localhost:42011|client:localhost:45597|dataStream:localhost:34507|priority:0|startupRole:FOLLOWER, s1|rpc:localhost:43051|admin:localhost:41551|client:localhost:45233|dataStream:localhost:41779|priority:0|startupRole:FOLLOWER, s2|rpc:localhost:41201|admin:localhost:41487|client:localhost:41547|dataStream:localhost:43565|priority:0|startupRole:FOLLOWER]|listeners:[], old=null
2022-11-01 02:15:16,330 [s1@group-29DD907A7165-LeaderElection27] INFO  impl.LeaderElection (LeaderElection.java:logAndReturn(89)) - s1@group-29DD907A7165-LeaderElection27: PRE_VOTE REJECTED received 3 response(s) and 0 exception(s):
2022-11-01 02:15:16,330 [s1@group-29DD907A7165-LeaderElection27] INFO  impl.LeaderElection (LeaderElection.java:logAndReturn(93)) -   Response 0: s1<-s3#0:FAIL-t2
2022-11-01 02:15:16,330 [s1@group-29DD907A7165-LeaderElection27] INFO  impl.LeaderElection (LeaderElection.java:logAndReturn(93)) -   Response 1: s1<-s4#0:FAIL-t2
2022-11-01 02:15:16,330 [s1@group-29DD907A7165-LeaderElection27] INFO  impl.LeaderElection (LeaderElection.java:logAndReturn(93)) -   Response 2: s1<-s0#0:FAIL-t2
2022-11-01 02:15:16,331 [s1@group-29DD907A7165-LeaderElection27] INFO  impl.LeaderElection (LeaderElection.java:askForVotes(311)) - s1@group-29DD907A7165-LeaderElection27 PRE_VOTE round 0: result REJECTED
2022-11-01 02:15:16,331 [s1@group-29DD907A7165-LeaderElection27] INFO  server.RaftServer$Division (RaftServerImpl.java:setRole(325)) - s1@group-29DD907A7165: changes role from CANDIDATE to FOLLOWER at term 2 for REJECTED
2022-11-01 02:15:16,331 [s1@group-29DD907A7165-LeaderElection27] INFO  impl.RoleInfo (RoleInfo.java:shutdownLeaderElection(130)) - s1: shutdown s1@group-29DD907A7165-LeaderElection27
2022-11-01 02:15:16,331 [s1@group-29DD907A7165-LeaderElection27] INFO  impl.RoleInfo (RoleInfo.java:updateAndGet(139)) - s1: start s1@group-29DD907A7165-FollowerState
2022-11-01 02:15:16,332 [grpc-default-executor-24] INFO  server.RaftServer$Division (RaftServerImpl.java:requestVote(1291)) - s2@group-29DD907A7165: receive requestVote(PRE_VOTE, s1, group-29DD907A7165, 2, (t:1, i:0))
2022-11-01 02:15:16,332 [grpc-default-executor-24] INFO  impl.VoteContext (VoteContext.java:log(49)) - s2@group-29DD907A7165-FOLLOWER: reject PRE_VOTE from s1: this server is a follower and still has a valid leader s4
2022-11-01 02:15:16,333 [grpc-default-executor-24] INFO  server.RaftServer$Division (RaftServerImpl.java:requestVote(1324)) - s2@group-29DD907A7165 replies to PRE_VOTE vote request: s1<-s2#0:FAIL-t2. Peer's state: s2@group-29DD907A7165:t2, leader=s4, voted=s4, raftlog=Memoized:s2@group-29DD907A7165-SegmentedRaftLog:OPENED:c0, conf=0: peers:[s3|rpc:localhost:46863|admin:localhost:41281|client:localhost:41041|dataStream:localhost:44363|priority:0|startupRole:FOLLOWER, s4|rpc:localhost:36775|admin:localhost:35477|client:localhost:46475|dataStream:localhost:42557|priority:0|startupRole:FOLLOWER, s0|rpc:localhost:33119|admin:localhost:42011|client:localhost:45597|dataStream:localhost:34507|priority:0|startupRole:FOLLOWER, s1|rpc:localhost:43051|admin:localhost:41551|client:localhost:45233|dataStream:localhost:41779|priority:0|startupRole:FOLLOWER, s2|rpc:localhost:41201|admin:localhost:41487|client:localhost:41547|dataStream:localhost:43565|priority:0|startupRole:FOLLOWER]|listeners:[], old=null
2022-11-01 02:15:16,427 [grpc-default-executor-20] INFO  util.CodeInjectionForTesting (BlockRequestHandlingInjection.java:execute(84)) - s1: unBlock request from s2
2022-11-01 02:15:16,427 [grpc-default-executor-20] INFO  server.RaftServer$Division (RaftServerImpl.java:requestVote(1291)) - s1@group-29DD907A7165: receive requestVote(PRE_VOTE, s2, group-29DD907A7165, 2, (t:2, i:0))
2022-11-01 02:15:16,427 [grpc-default-executor-20] INFO  impl.VoteContext (VoteContext.java:log(49)) - s1@group-29DD907A7165-FOLLOWER: accept PRE_VOTE from s2: our last entry (t:1, i:0) < candidate's last entry (t:2, i:0)
2022-11-01 02:15:16,427 [grpc-default-executor-20] INFO  server.RaftServer$Division (RaftServerImpl.java:requestVote(1324)) - s1@group-29DD907A7165 replies to PRE_VOTE vote request: s2<-s1#0:OK-t2. Peer's state: s1@group-29DD907A7165:t2, leader=null, voted=null, raftlog=Memoized:s1@group-29DD907A7165-SegmentedRaftLog:OPENED:c0, conf=0: peers:[s3|rpc:localhost:46863|admin:localhost:41281|client:localhost:41041|dataStream:localhost:44363|priority:0|startupRole:FOLLOWER, s4|rpc:localhost:36775|admin:localhost:35477|client:localhost:46475|dataStream:localhost:42557|priority:0|startupRole:FOLLOWER, s0|rpc:localhost:33119|admin:localhost:42011|client:localhost:45597|dataStream:localhost:34507|priority:0|startupRole:FOLLOWER, s1|rpc:localhost:43051|admin:localhost:41551|client:localhost:45233|dataStream:localhost:41779|priority:0|startupRole:FOLLOWER, s2|rpc:localhost:41201|admin:localhost:41487|client:localhost:41547|dataStream:localhost:43565|priority:0|startupRole:FOLLOWER]|listeners:[], old=null
2022-11-01 02:15:16,492 [s1-server-thread4] INFO  util.CodeInjectionForTesting (BlockRequestHandlingInjection.java:execute(84)) - s1: unBlock request from s4
2022-11-01 02:15:16,493 [s1-server-thread4] INFO  server.RaftServer$Division (ServerState.java:setLeader(259)) - s1@group-29DD907A7165: change Leader from null to s4 at term 2 for appendEntries, leader elected after 937ms
2022-11-01 02:15:16,493 [s1-server-thread4] INFO  server.RaftServer$Division (RaftServerImpl.java:checkInconsistentAppendEntries(1599)) - s1@group-29DD907A7165: Failed appendEntries as previous log entry ((t:2, i:0)) is not found
2022-11-01 02:15:16,493 [s1-server-thread4] INFO  server.RaftServer$Division (RaftServerImpl.java:checkInconsistentAppendEntries(1569)) - s1@group-29DD907A7165: inconsistency entries. Reply:s4<-s1#74:FAIL-t2,INCONSISTENCY,nextIndex=0,followerCommit=0,matchIndex=-1
2022-11-01 02:15:16,494 [grpc-default-executor-20] INFO  leader.FollowerInfo (FollowerInfoImpl.java:lambda$new$0(48)) - s4@group-29DD907A7165->s1: nextIndex: updateUnconditionally 1 -> 0
2022-11-01 02:15:16,494 [s1-server-thread4] INFO  server.RaftServer$Division (RaftServerImpl.java:checkInconsistentAppendEntries(1599)) - s1@group-29DD907A7165: Failed appendEntries as previous log entry ((t:2, i:0)) is not found
2022-11-01 02:15:16,494 [s1-server-thread4] INFO  server.RaftServer$Division (RaftServerImpl.java:checkInconsistentAppendEntries(1569)) - s1@group-29DD907A7165: inconsistency entries. Reply:s4<-s1#75:FAIL-t2,INCONSISTENCY,nextIndex=0,followerCommit=0,matchIndex=-1
2022-11-01 02:15:16,495 [s1-server-thread4] INFO  server.RaftServer$Division (RaftServerImpl.java:checkInconsistentAppendEntries(1599)) - s1@group-29DD907A7165: Failed appendEntries as previous log entry ((t:2, i:0)) is not found
2022-11-01 02:15:16,495 [s1-server-thread4] INFO  server.RaftServer$Division (RaftServerImpl.java:checkInconsistentAppendEntries(1569)) - s1@group-29DD907A7165: inconsistency entries. Reply:s4<-s1#76:FAIL-t2,INCONSISTENCY,nextIndex=0,followerCommit=0,matchIndex=-1
2022-11-01 02:15:16,495 [grpc-default-executor-20] INFO  leader.FollowerInfo (FollowerInfoImpl.java:lambda$new$0(48)) - s4@group-29DD907A7165->s1: nextIndex: updateUnconditionally 1 -> 0
2022-11-01 02:15:16,496 [s1-server-thread3] INFO  server.RaftServer$Division (RaftServerImpl.java:checkInconsistentAppendEntries(1599)) - s1@group-29DD907A7165: Failed appendEntries as previous log entry ((t:2, i:0)) is not found
2022-11-01 02:15:16,496 [s1-server-thread3] INFO  server.RaftServer$Division (RaftServerImpl.java:checkInconsistentAppendEntries(1569)) - s1@group-29DD907A7165: inconsistency entries. Reply:s4<-s1#77:FAIL-t2,INCONSISTENCY,nextIndex=0,followerCommit=0,matchIndex=-1
2022-11-01 02:15:16,496 [s1-server-thread4] DEBUG server.RaftServer$Division (RaftServerImpl.java:logAppendEntries(1418)) - s1@group-29DD907A7165: receive appendEntries(s4, 2, null, 0, true, commits:[s4:c0, s3:c0, s0:c0, s1:c0, s2:c0], cId:82, entries: [(t:2, i:0), CONFIGURATIONENTRY(current:id: "s3"
address: "localhost:46863"
dataStreamAddress: "localhost:44363"
clientAddress: "localhost:41041"
adminAddress: "localhost:41281"
startupRole: FOLLOWER
,id: "s4"
address: "localhost:36775"
dataStreamAddress: "localhost:42557"
clientAddress: "localhost:46475"
adminAddress: "localhost:35477"
startupRole: FOLLOWER
,id: "s0"
address: "localhost:33119"
dataStreamAddress: "localhost:34507"
clientAddress: "localhost:45597"
adminAddress: "localhost:42011"
startupRole: FOLLOWER
,id: "s1"
address: "localhost:43051"
dataStreamAddress: "localhost:41779"
clientAddress: "localhost:45233"
adminAddress: "localhost:41551"
startupRole: FOLLOWER
,id: "s2"
address: "localhost:41201"
dataStreamAddress: "localhost:43565"
clientAddress: "localhost:41547"
adminAddress: "localhost:41487"
startupRole: FOLLOWER
, old:)]
2022-11-01 02:15:16,496 [s1-server-thread4] INFO  server.RaftServer$Division (RaftServerImpl.java:checkInconsistentAppendEntries(1589)) - s1@group-29DD907A7165: Failed appendEntries as the first entry (index 0) already exists (snapshotIndex: -1, commitIndex: 0)
2022-11-01 02:15:16,496 [s1-server-thread4] INFO  server.RaftServer$Division (RaftServerImpl.java:checkInconsistentAppendEntries(1569)) - s1@group-29DD907A7165: inconsistency entries. Reply:s4<-s1#82:FAIL-t2,INCONSISTENCY,nextIndex=1,followerCommit=0,matchIndex=-1
2022-11-01 02:15:16,497 [grpc-default-executor-29] INFO  leader.FollowerInfo (FollowerInfoImpl.java:lambda$new$0(48)) - s4@group-29DD907A7165->s1: nextIndex: updateUnconditionally 1 -> 0
2022-11-01 02:15:16,497 [grpc-default-executor-29] INFO  leader.FollowerInfo (FollowerInfoImpl.java:lambda$new$0(48)) - s4@group-29DD907A7165->s1: nextIndex: updateUnconditionally 1 -> 0
2022-11-01 02:15:16,498 [grpc-default-executor-5] INFO  util.CodeInjectionForTesting (BlockRequestHandlingInjection.java:execute(84)) - s1: unBlock request from s2
2022-11-01 02:15:16,498 [grpc-default-executor-5] INFO  server.RaftServer$Division (RaftServerImpl.java:requestVote(1291)) - s1@group-29DD907A7165: receive requestVote(PRE_VOTE, s2, group-29DD907A7165, 2, (t:2, i:0))
2022-11-01 02:15:16,498 [grpc-default-executor-5] INFO  impl.VoteContext (VoteContext.java:log(49)) - s1@group-29DD907A7165-FOLLOWER: reject PRE_VOTE from s2: this server is a follower and still has a valid leader s4
2022-11-01 02:15:16,498 [grpc-default-executor-5] INFO  server.RaftServer$Division (RaftServerImpl.java:requestVote(1324)) - s1@group-29DD907A7165 replies to PRE_VOTE vote request: s2<-s1#0:FAIL-t2. Peer's state: s1@group-29DD907A7165:t2, leader=s4, voted=null, raftlog=Memoized:s1@group-29DD907A7165-SegmentedRaftLog:OPENED:c0, conf=0: peers:[s3|rpc:localhost:46863|admin:localhost:41281|client:localhost:41041|dataStream:localhost:44363|priority:0|startupRole:FOLLOWER, s4|rpc:localhost:36775|admin:localhost:35477|client:localhost:46475|dataStream:localhost:42557|priority:0|startupRole:FOLLOWER, s0|rpc:localhost:33119|admin:localhost:42011|client:localhost:45597|dataStream:localhost:34507|priority:0|startupRole:FOLLOWER, s1|rpc:localhost:43051|admin:localhost:41551|client:localhost:45233|dataStream:localhost:41779|priority:0|startupRole:FOLLOWER, s2|rpc:localhost:41201|admin:localhost:41487|client:localhost:41547|dataStream:localhost:43565|priority:0|startupRole:FOLLOWER]|listeners:[], old=null
2022-11-01 02:15:16,500 [s1-server-thread3] DEBUG server.RaftServer$Division (RaftServerImpl.java:logAppendEntries(1418)) - s1@group-29DD907A7165: receive appendEntries(s4, 2, null, 0, true, commits:[s4:c0, s3:c0, s0:c0, s1:c0, s2:c0], cId:83, entries: [(t:2, i:0), CONFIGURATIONENTRY(current:id: "s3"
address: "localhost:46863"
dataStreamAddress: "localhost:44363"
clientAddress: "localhost:41041"
adminAddress: "localhost:41281"
startupRole: FOLLOWER
,id: "s4"
address: "localhost:36775"
dataStreamAddress: "localhost:42557"
clientAddress: "localhost:46475"
adminAddress: "localhost:35477"
startupRole: FOLLOWER
,id: "s0"
address: "localhost:33119"
dataStreamAddress: "localhost:34507"
clientAddress: "localhost:45597"
adminAddress: "localhost:42011"
startupRole: FOLLOWER
,id: "s1"
address: "localhost:43051"
dataStreamAddress: "localhost:41779"
clientAddress: "localhost:45233"
adminAddress: "localhost:41551"
startupRole: FOLLOWER
,id: "s2"
address: "localhost:41201"
dataStreamAddress: "localhost:43565"
clientAddress: "localhost:41547"
adminAddress: "localhost:41487"
startupRole: FOLLOWER
, old:)]
2022-11-01 02:15:16,501 [s1-server-thread3] INFO  server.RaftServer$Division (RaftServerImpl.java:checkInconsistentAppendEntries(1589)) - s1@group-29DD907A7165: Failed appendEntries as the first entry (index 0) already exists (snapshotIndex: -1, commitIndex: 0)
2022-11-01 02:15:16,501 [s1-server-thread3] INFO  server.RaftServer$Division (RaftServerImpl.java:checkInconsistentAppendEntries(1569)) - s1@group-29DD907A7165: inconsistency entries. Reply:s4<-s1#83:FAIL-t2,INCONSISTENCY,nextIndex=1,followerCommit=0,matchIndex=-1
2022-11-01 02:15:16,501 [s1-server-thread4] INFO  server.RaftServer$Division (RaftServerImpl.java:checkInconsistentAppendEntries(1599)) - s1@group-29DD907A7165: Failed appendEntries as previous log entry ((t:2, i:0)) is not found
2022-11-01 02:15:16,501 [s1-server-thread4] INFO  server.RaftServer$Division (RaftServerImpl.java:checkInconsistentAppendEntries(1569)) - s1@group-29DD907A7165: inconsistency entries. Reply:s4<-s1#78:FAIL-t2,INCONSISTENCY,nextIndex=0,followerCommit=0,matchIndex=-1
2022-11-01 02:15:16,502 [grpc-default-executor-5] INFO  leader.FollowerInfo (FollowerInfoImpl.java:lambda$new$0(48)) - s4@group-29DD907A7165->s1: nextIndex: updateUnconditionally 1 -> 1
2022-11-01 02:15:16,502 [s1-server-thread3] DEBUG server.RaftServer$Division (RaftServerImpl.java:logAppendEntries(1418)) - s1@group-29DD907A7165: receive appendEntries(s4, 2, null, 0, true, commits:[s4:c0, s3:c0, s0:c0, s1:c0, s2:c0], cId:84, entries: [(t:2, i:0), CONFIGURATIONENTRY(current:id: "s3"
address: "localhost:46863"
dataStreamAddress: "localhost:44363"
clientAddress: "localhost:41041"
adminAddress: "localhost:41281"
startupRole: FOLLOWER
,id: "s4"
address: "localhost:36775"
dataStreamAddress: "localhost:42557"
clientAddress: "localhost:46475"
adminAddress: "localhost:35477"
startupRole: FOLLOWER
,id: "s0"
address: "localhost:33119"
dataStreamAddress: "localhost:34507"
clientAddress: "localhost:45597"
adminAddress: "localhost:42011"
startupRole: FOLLOWER
,id: "s1"
address: "localhost:43051"
dataStreamAddress: "localhost:41779"
clientAddress: "localhost:45233"
adminAddress: "localhost:41551"
startupRole: FOLLOWER
,id: "s2"
address: "localhost:41201"
dataStreamAddress: "localhost:43565"
clientAddress: "localhost:41547"
adminAddress: "localhost:41487"
startupRole: FOLLOWER
, old:)]
2022-11-01 02:15:16,502 [s1-server-thread4] INFO  server.RaftServer$Division (RaftServerImpl.java:checkInconsistentAppendEntries(1599)) - s1@group-29DD907A7165: Failed appendEntries as previous log entry ((t:2, i:0)) is not found
2022-11-01 02:15:16,503 [s1-server-thread4] INFO  server.RaftServer$Division (RaftServerImpl.java:checkInconsistentAppendEntries(1569)) - s1@group-29DD907A7165: inconsistency entries. Reply:s4<-s1#79:FAIL-t2,INCONSISTENCY,nextIndex=0,followerCommit=0,matchIndex=-1
2022-11-01 02:15:16,503 [s1-server-thread3] INFO  server.RaftServer$Division (RaftServerImpl.java:checkInconsistentAppendEntries(1589)) - s1@group-29DD907A7165: Failed appendEntries as the first entry (index 0) already exists (snapshotIndex: -1, commitIndex: 0)
2022-11-01 02:15:16,503 [s1-server-thread3] INFO  server.RaftServer$Division (RaftServerImpl.java:checkInconsistentAppendEntries(1569)) - s1@group-29DD907A7165: inconsistency entries. Reply:s4<-s1#84:FAIL-t2,INCONSISTENCY,nextIndex=1,followerCommit=0,matchIndex=-1
2022-11-01 02:15:16,503 [s1-server-thread3] INFO  server.RaftServer$Division (RaftServerImpl.java:checkInconsistentAppendEntries(1599)) - s1@group-29DD907A7165: Failed appendEntries as previous log entry ((t:2, i:0)) is not found
2022-11-01 02:15:16,503 [s1-server-thread3] INFO  server.RaftServer$Division (RaftServerImpl.java:checkInconsistentAppendEntries(1569)) - s1@group-29DD907A7165: inconsistency entries. Reply:s4<-s1#80:FAIL-t2,INCONSISTENCY,nextIndex=0,followerCommit=0,matchIndex=-1
2022-11-01 02:15:16,504 [s1-server-thread3] DEBUG server.RaftServer$Division (RaftServerImpl.java:logAppendEntries(1418)) - s1@group-29DD907A7165: receive appendEntries(s4, 2, null, 0, true, commits:[s4:c0, s3:c0, s0:c0, s1:c0, s2:c0], cId:85, entries: [(t:2, i:0), CONFIGURATIONENTRY(current:id: "s3"
address: "localhost:46863"
dataStreamAddress: "localhost:44363"
clientAddress: "localhost:41041"
adminAddress: "localhost:41281"
startupRole: FOLLOWER
,id: "s4"
address: "localhost:36775"
dataStreamAddress: "localhost:42557"
clientAddress: "localhost:46475"
adminAddress: "localhost:35477"
startupRole: FOLLOWER
,id: "s0"
address: "localhost:33119"
dataStreamAddress: "localhost:34507"
clientAddress: "localhost:45597"
adminAddress: "localhost:42011"
startupRole: FOLLOWER
,id: "s1"
address: "localhost:43051"
dataStreamAddress: "localhost:41779"
clientAddress: "localhost:45233"
adminAddress: "localhost:41551"
startupRole: FOLLOWER
,id: "s2"
address: "localhost:41201"
dataStreamAddress: "localhost:43565"
clientAddress: "localhost:41547"
adminAddress: "localhost:41487"
startupRole: FOLLOWER
, old:)]
2022-11-01 02:15:16,504 [s1-server-thread4] INFO  server.RaftServer$Division (RaftServerImpl.java:checkInconsistentAppendEntries(1599)) - s1@group-29DD907A7165: Failed appendEntries as previous log entry ((t:2, i:0)) is not found
2022-11-01 02:15:16,504 [s1-server-thread4] INFO  server.RaftServer$Division (RaftServerImpl.java:checkInconsistentAppendEntries(1569)) - s1@group-29DD907A7165: inconsistency entries. Reply:s4<-s1#81:FAIL-t2,INCONSISTENCY,nextIndex=0,followerCommit=0,matchIndex=-1
2022-11-01 02:15:16,504 [s1-server-thread3] INFO  server.RaftServer$Division (RaftServerImpl.java:checkInconsistentAppendEntries(1589)) - s1@group-29DD907A7165: Failed appendEntries as the first entry (index 0) already exists (snapshotIndex: -1, commitIndex: 0)
2022-11-01 02:15:16,505 [s1-server-thread3] INFO  server.RaftServer$Division (RaftServerImpl.java:checkInconsistentAppendEntries(1569)) - s1@group-29DD907A7165: inconsistency entries. Reply:s4<-s1#85:FAIL-t2,INCONSISTENCY,nextIndex=1,followerCommit=0,matchIndex=-1
2022-11-01 02:15:16,505 [grpc-default-executor-5] INFO  leader.FollowerInfo (FollowerInfoImpl.java:lambda$new$0(48)) - s4@group-29DD907A7165->s1: nextIndex: updateUnconditionally 1 -> 1
2022-11-01 02:15:16,506 [grpc-default-executor-5] INFO  leader.FollowerInfo (FollowerInfoImpl.java:lambda$new$0(48)) - s4@group-29DD907A7165->s1: nextIndex: updateUnconditionally 1 -> 0
2022-11-01 02:15:16,506 [grpc-default-executor-5] INFO  leader.FollowerInfo (FollowerInfoImpl.java:lambda$new$0(48)) - s4@group-29DD907A7165->s1: nextIndex: updateUnconditionally 1 -> 1
2022-11-01 02:15:16,507 [grpc-default-executor-5] INFO  leader.FollowerInfo (FollowerInfoImpl.java:lambda$new$0(48)) - s4@group-29DD907A7165->s1: nextIndex: updateUnconditionally 1 -> 0
2022-11-01 02:15:16,507 [grpc-default-executor-5] INFO  leader.FollowerInfo (FollowerInfoImpl.java:lambda$new$0(48)) - s4@group-29DD907A7165->s1: nextIndex: updateUnconditionally 1 -> 1
2022-11-01 02:15:16,507 [grpc-default-executor-5] INFO  leader.FollowerInfo (FollowerInfoImpl.java:lambda$new$0(48)) - s4@group-29DD907A7165->s1: nextIndex: updateUnconditionally 1 -> 0
2022-11-01 02:15:16,508 [grpc-default-executor-5] INFO  leader.FollowerInfo (FollowerInfoImpl.java:lambda$new$0(48)) - s4@group-29DD907A7165->s1: nextIndex: updateUnconditionally 1 -> 0
2022-11-01 02:15:16,508 [s1-server-thread3] DEBUG server.RaftServer$Division (RaftServerImpl.java:logAppendEntries(1418)) - s1@group-29DD907A7165: receive appendEntries(s4, 2, null, 0, true, commits:[s4:c0, s3:c0, s0:c0, s1:c0, s2:c0], cId:86, entries: [(t:2, i:0), CONFIGURATIONENTRY(current:id: "s3"
address: "localhost:46863"
dataStreamAddress: "localhost:44363"
clientAddress: "localhost:41041"
adminAddress: "localhost:41281"
startupRole: FOLLOWER
,id: "s4"
address: "localhost:36775"
dataStreamAddress: "localhost:42557"
clientAddress: "localhost:46475"
adminAddress: "localhost:35477"
startupRole: FOLLOWER
,id: "s0"
address: "localhost:33119"
dataStreamAddress: "localhost:34507"
clientAddress: "localhost:45597"
adminAddress: "localhost:42011"
startupRole: FOLLOWER
,id: "s1"
address: "localhost:43051"
dataStreamAddress: "localhost:41779"
clientAddress: "localhost:45233"
adminAddress: "localhost:41551"
startupRole: FOLLOWER
,id: "s2"
address: "localhost:41201"
dataStreamAddress: "localhost:43565"
clientAddress: "localhost:41547"
adminAddress: "localhost:41487"
startupRole: FOLLOWER
, old:)]
2022-11-01 02:15:16,508 [s1-server-thread3] INFO  server.RaftServer$Division (RaftServerImpl.java:checkInconsistentAppendEntries(1589)) - s1@group-29DD907A7165: Failed appendEntries as the first entry (index 0) already exists (snapshotIndex: -1, commitIndex: 0)
2022-11-01 02:15:16,509 [s1-server-thread3] INFO  server.RaftServer$Division (RaftServerImpl.java:checkInconsistentAppendEntries(1569)) - s1@group-29DD907A7165: inconsistency entries. Reply:s4<-s1#86:FAIL-t2,INCONSISTENCY,nextIndex=1,followerCommit=0,matchIndex=-1
2022-11-01 02:15:16,509 [s1-server-thread3] DEBUG server.RaftServer$Division (RaftServerImpl.java:logAppendEntries(1418)) - s1@group-29DD907A7165: receive appendEntries(s4, 2, null, 0, true, commits:[s4:c0, s3:c0, s0:c0, s1:c0, s2:c0], cId:87, entries: [(t:2, i:0), CONFIGURATIONENTRY(current:id: "s3"
address: "localhost:46863"
dataStreamAddress: "localhost:44363"
clientAddress: "localhost:41041"
adminAddress: "localhost:41281"
startupRole: FOLLOWER
,id: "s4"
address: "localhost:36775"
dataStreamAddress: "localhost:42557"
clientAddress: "localhost:46475"
adminAddress: "localhost:35477"
startupRole: FOLLOWER
,id: "s0"
address: "localhost:33119"
dataStreamAddress: "localhost:34507"
clientAddress: "localhost:45597"
adminAddress: "localhost:42011"
startupRole: FOLLOWER
,id: "s1"
address: "localhost:43051"
dataStreamAddress: "localhost:41779"
clientAddress: "localhost:45233"
adminAddress: "localhost:41551"
startupRole: FOLLOWER
,id: "s2"
address: "localhost:41201"
dataStreamAddress: "localhost:43565"
clientAddress: "localhost:41547"
adminAddress: "localhost:41487"
startupRole: FOLLOWER
, old:)]
2022-11-01 02:15:16,509 [s1-server-thread3] INFO  server.RaftServer$Division (RaftServerImpl.java:checkInconsistentAppendEntries(1589)) - s1@group-29DD907A7165: Failed appendEntries as the first entry (index 0) already exists (snapshotIndex: -1, commitIndex: 0)
2022-11-01 02:15:16,510 [s1-server-thread3] INFO  server.RaftServer$Division (RaftServerImpl.java:checkInconsistentAppendEntries(1569)) - s1@group-29DD907A7165: inconsistency entries. Reply:s4<-s1#87:FAIL-t2,INCONSISTENCY,nextIndex=1,followerCommit=0,matchIndex=-1
2022-11-01 02:15:16,510 [grpc-default-executor-29] INFO  leader.FollowerInfo (FollowerInfoImpl.java:lambda$new$0(48)) - s4@group-29DD907A7165->s1: nextIndex: updateUnconditionally 1 -> 1
2022-11-01 02:15:16,510 [s1-server-thread3] DEBUG server.RaftServer$Division (RaftServerImpl.java:logAppendEntries(1418)) - s1@group-29DD907A7165: receive appendEntries(s4, 2, null, 0, true, commits:[s4:c0, s3:c0, s0:c0, s1:c0, s2:c0], cId:88, entries: [(t:2, i:0), CONFIGURATIONENTRY(current:id: "s3"
address: "localhost:46863"
dataStreamAddress: "localhost:44363"
clientAddress: "localhost:41041"
adminAddress: "localhost:41281"
startupRole: FOLLOWER
,id: "s4"
address: "localhost:36775"
dataStreamAddress: "localhost:42557"
clientAddress: "localhost:46475"
adminAddress: "localhost:35477"
startupRole: FOLLOWER
,id: "s0"
address: "localhost:33119"
dataStreamAddress: "localhost:34507"
clientAddress: "localhost:45597"
adminAddress: "localhost:42011"
startupRole: FOLLOWER
,id: "s1"
address: "localhost:43051"
dataStreamAddress: "localhost:41779"
clientAddress: "localhost:45233"
adminAddress: "localhost:41551"
startupRole: FOLLOWER
,id: "s2"
address: "localhost:41201"
dataStreamAddress: "localhost:43565"
clientAddress: "localhost:41547"
adminAddress: "localhost:41487"
startupRole: FOLLOWER
, old:)]
2022-11-01 02:15:16,511 [s1-server-thread3] INFO  server.RaftServer$Division (RaftServerImpl.java:checkInconsistentAppendEntries(1589)) - s1@group-29DD907A7165: Failed appendEntries as the first entry (index 0) already exists (snapshotIndex: -1, commitIndex: 0)
2022-11-01 02:15:16,511 [s1-server-thread3] INFO  server.RaftServer$Division (RaftServerImpl.java:checkInconsistentAppendEntries(1569)) - s1@group-29DD907A7165: inconsistency entries. Reply:s4<-s1#88:FAIL-t2,INCONSISTENCY,nextIndex=1,followerCommit=0,matchIndex=-1
2022-11-01 02:15:16,511 [grpc-default-executor-29] INFO  leader.FollowerInfo (FollowerInfoImpl.java:lambda$new$0(48)) - s4@group-29DD907A7165->s1: nextIndex: updateUnconditionally 1 -> 1
2022-11-01 02:15:16,512 [s1-server-thread3] DEBUG server.RaftServer$Division (RaftServerImpl.java:logAppendEntries(1418)) - s1@group-29DD907A7165: receive appendEntries(s4, 2, null, 0, true, commits:[s4:c0, s3:c0, s0:c0, s1:c0, s2:c0], cId:89, entries: [(t:2, i:0), CONFIGURATIONENTRY(current:id: "s3"
address: "localhost:46863"
dataStreamAddress: "localhost:44363"
clientAddress: "localhost:41041"
adminAddress: "localhost:41281"
startupRole: FOLLOWER
,id: "s4"
address: "localhost:36775"
dataStreamAddress: "localhost:42557"
clientAddress: "localhost:46475"
adminAddress: "localhost:35477"
startupRole: FOLLOWER
,id: "s0"
address: "localhost:33119"
dataStreamAddress: "localhost:34507"
clientAddress: "localhost:45597"
adminAddress: "localhost:42011"
startupRole: FOLLOWER
,id: "s1"
address: "localhost:43051"
dataStreamAddress: "localhost:41779"
clientAddress: "localhost:45233"
adminAddress: "localhost:41551"
startupRole: FOLLOWER
,id: "s2"
address: "localhost:41201"
dataStreamAddress: "localhost:43565"
clientAddress: "localhost:41547"
adminAddress: "localhost:41487"
startupRole: FOLLOWER
, old:)]
2022-11-01 02:15:16,512 [s1-server-thread3] INFO  server.RaftServer$Division (RaftServerImpl.java:checkInconsistentAppendEntries(1589)) - s1@group-29DD907A7165: Failed appendEntries as the first entry (index 0) already exists (snapshotIndex: -1, commitIndex: 0)
2022-11-01 02:15:16,512 [s1-server-thread3] INFO  server.RaftServer$Division (RaftServerImpl.java:checkInconsistentAppendEntries(1569)) - s1@group-29DD907A7165: inconsistency entries. Reply:s4<-s1#89:FAIL-t2,INCONSISTENCY,nextIndex=1,followerCommit=0,matchIndex=-1
2022-11-01 02:15:16,512 [grpc-default-executor-29] INFO  leader.FollowerInfo (FollowerInfoImpl.java:lambda$new$0(48)) - s4@group-29DD907A7165->s1: nextIndex: updateUnconditionally 1 -> 1
2022-11-01 02:15:16,513 [grpc-default-executor-29] INFO  leader.FollowerInfo (FollowerInfoImpl.java:lambda$new$0(48)) - s4@group-29DD907A7165->s1: nextIndex: updateUnconditionally 1 -> 1
2022-11-01 02:15:16,589 [s1-server-thread3] INFO  server.RaftServer$Division (RaftServerImpl.java:checkInconsistentAppendEntries(1599)) - s1@group-29DD907A7165: Failed appendEntries as previous log entry ((t:2, i:0)) is not found
2022-11-01 02:15:16,589 [s1-server-thread3] INFO  server.RaftServer$Division (RaftServerImpl.java:checkInconsistentAppendEntries(1569)) - s1@group-29DD907A7165: inconsistency entries. Reply:s4<-s1#90:FAIL-t2,INCONSISTENCY,nextIndex=0,followerCommit=0,matchIndex=-1
2022-11-01 02:15:16,589 [grpc-default-executor-29] INFO  leader.FollowerInfo (FollowerInfoImpl.java:lambda$new$0(48)) - s4@group-29DD907A7165->s1: nextIndex: updateUnconditionally 1 -> 0
2022-11-01 02:15:16,591 [s1-server-thread3] DEBUG server.RaftServer$Division (RaftServerImpl.java:logAppendEntries(1418)) - s1@group-29DD907A7165: receive appendEntries(s4, 2, null, 0, true, commits:[s4:c0, s3:c0, s0:c0, s1:c0, s2:c0], cId:91, entries: [(t:2, i:0), CONFIGURATIONENTRY(current:id: "s3"
address: "localhost:46863"
dataStreamAddress: "localhost:44363"
clientAddress: "localhost:41041"
adminAddress: "localhost:41281"
startupRole: FOLLOWER
,id: "s4"
address: "localhost:36775"
dataStreamAddress: "localhost:42557"
clientAddress: "localhost:46475"
adminAddress: "localhost:35477"
startupRole: FOLLOWER
,id: "s0"
address: "localhost:33119"
dataStreamAddress: "localhost:34507"
clientAddress: "localhost:45597"
adminAddress: "localhost:42011"
startupRole: FOLLOWER
,id: "s1"
address: "localhost:43051"
dataStreamAddress: "localhost:41779"
clientAddress: "localhost:45233"
adminAddress: "localhost:41551"
startupRole: FOLLOWER
,id: "s2"
address: "localhost:41201"
dataStreamAddress: "localhost:43565"
clientAddress: "localhost:41547"
adminAddress: "localhost:41487"
startupRole: FOLLOWER
, old:)]
2022-11-01 02:15:16,591 [s1-server-thread3] INFO  server.RaftServer$Division (RaftServerImpl.java:checkInconsistentAppendEntries(1589)) - s1@group-29DD907A7165: Failed appendEntries as the first entry (index 0) already exists (snapshotIndex: -1, commitIndex: 0)
2022-11-01 02:15:16,591 [s1-server-thread3] INFO  server.RaftServer$Division (RaftServerImpl.java:checkInconsistentAppendEntries(1569)) - s1@group-29DD907A7165: inconsistency entries. Reply:s4<-s1#91:FAIL-t2,INCONSISTENCY,nextIndex=1,followerCommit=0,matchIndex=-1
2022-11-01 02:15:16,591 [grpc-default-executor-29] INFO  leader.FollowerInfo (FollowerInfoImpl.java:lambda$new$0(48)) - s4@group-29DD907A7165->s1: nextIndex: updateUnconditionally 1 -> 1
2022-11-01 02:15:16,667 [s1-server-thread3] INFO  server.RaftServer$Division (RaftServerImpl.java:checkInconsistentAppendEntries(1599)) - s1@group-29DD907A7165: Failed appendEntries as previous log entry ((t:2, i:0)) is not found
2022-11-01 02:15:16,668 [s1-server-thread3] INFO  server.RaftServer$Division (RaftServerImpl.java:checkInconsistentAppendEntries(1569)) - s1@group-29DD907A7165: inconsistency entries. Reply:s4<-s1#92:FAIL-t2,INCONSISTENCY,nextIndex=0,followerCommit=0,matchIndex=-1
2022-11-01 02:15:16,668 [grpc-default-executor-2] INFO  leader.FollowerInfo (FollowerInfoImpl.java:lambda$new$0(48)) - s4@group-29DD907A7165->s1: nextIndex: updateUnconditionally 1 -> 0
2022-11-01 02:15:16,681 [s1-server-thread3] DEBUG server.RaftServer$Division (RaftServerImpl.java:logAppendEntries(1418)) - s1@group-29DD907A7165: receive appendEntries(s4, 2, null, 0, true, commits:[s4:c0, s3:c0, s0:c0, s1:c0, s2:c0], cId:93, entries: [(t:2, i:0), CONFIGURATIONENTRY(current:id: "s3"
address: "localhost:46863"
dataStreamAddress: "localhost:44363"
clientAddress: "localhost:41041"
adminAddress: "localhost:41281"
startupRole: FOLLOWER
,id: "s4"
address: "localhost:36775"
dataStreamAddress: "localhost:42557"
clientAddress: "localhost:46475"
adminAddress: "localhost:35477"
startupRole: FOLLOWER
,id: "s0"
address: "localhost:33119"
dataStreamAddress: "localhost:34507"
clientAddress: "localhost:45597"
adminAddress: "localhost:42011"
startupRole: FOLLOWER
,id: "s1"
address: "localhost:43051"
dataStreamAddress: "localhost:41779"
clientAddress: "localhost:45233"
adminAddress: "localhost:41551"
startupRole: FOLLOWER
,id: "s2"
address: "localhost:41201"
dataStreamAddress: "localhost:43565"
clientAddress: "localhost:41547"
adminAddress: "localhost:41487"
startupRole: FOLLOWER
, old:)]
2022-11-01 02:15:16,682 [s1-server-thread3] INFO  server.RaftServer$Division (RaftServerImpl.java:checkInconsistentAppendEntries(1589)) - s1@group-29DD907A7165: Failed appendEntries as the first entry (index 0) already exists (snapshotIndex: -1, commitIndex: 0)
2022-11-01 02:15:16,682 [s1-server-thread3] INFO  server.RaftServer$Division (RaftServerImpl.java:checkInconsistentAppendEntries(1569)) - s1@group-29DD907A7165: inconsistency entries. Reply:s4<-s1#93:FAIL-t2,INCONSISTENCY,nextIndex=1,followerCommit=0,matchIndex=-1
2022-11-01 02:15:16,683 [grpc-default-executor-2] INFO  leader.FollowerInfo (FollowerInfoImpl.java:lambda$new$0(48)) - s4@group-29DD907A7165->s1: nextIndex: updateUnconditionally 1 -> 1
2022-11-01 02:15:16,760 [s1-server-thread3] INFO  server.RaftServer$Division (RaftServerImpl.java:checkInconsistentAppendEntries(1599)) - s1@group-29DD907A7165: Failed appendEntries as previous log entry ((t:2, i:0)) is not found
2022-11-01 02:15:16,760 [s1-server-thread3] INFO  server.RaftServer$Division (RaftServerImpl.java:checkInconsistentAppendEntries(1569)) - s1@group-29DD907A7165: inconsistency entries. Reply:s4<-s1#94:FAIL-t2,INCONSISTENCY,nextIndex=0,followerCommit=0,matchIndex=-1
2022-11-01 02:15:16,761 [grpc-default-executor-29] INFO  leader.FollowerInfo (FollowerInfoImpl.java:lambda$new$0(48)) - s4@group-29DD907A7165->s1: nextIndex: updateUnconditionally 1 -> 0
2022-11-01 02:15:16,762 [s1-server-thread3] DEBUG server.RaftServer$Division (RaftServerImpl.java:logAppendEntries(1418)) - s1@group-29DD907A7165: receive appendEntries(s4, 2, null, 0, true, commits:[s4:c0, s3:c0, s0:c0, s1:c0, s2:c0], cId:95, entries: [(t:2, i:0), CONFIGURATIONENTRY(current:id: "s3"
address: "localhost:46863"
dataStreamAddress: "localhost:44363"
clientAddress: "localhost:41041"
adminAddress: "localhost:41281"
startupRole: FOLLOWER
,id: "s4"
address: "localhost:36775"
dataStreamAddress: "localhost:42557"
clientAddress: "localhost:46475"
adminAddress: "localhost:35477"
startupRole: FOLLOWER
,id: "s0"
address: "localhost:33119"
dataStreamAddress: "localhost:34507"
clientAddress: "localhost:45597"
adminAddress: "localhost:42011"
startupRole: FOLLOWER
,id: "s1"
address: "localhost:43051"
dataStreamAddress: "localhost:41779"
clientAddress: "localhost:45233"
adminAddress: "localhost:41551"
startupRole: FOLLOWER
,id: "s2"
address: "localhost:41201"
dataStreamAddress: "localhost:43565"
clientAddress: "localhost:41547"
adminAddress: "localhost:41487"
startupRole: FOLLOWER
, old:)]
2022-11-01 02:15:16,762 [s1-server-thread3] INFO  server.RaftServer$Division (RaftServerImpl.java:checkInconsistentAppendEntries(1589)) - s1@group-29DD907A7165: Failed appendEntries as the first entry (index 0) already exists (snapshotIndex: -1, commitIndex: 0)
2022-11-01 02:15:16,762 [s1-server-thread3] INFO  server.RaftServer$Division (RaftServerImpl.java:checkInconsistentAppendEntries(1569)) - s1@group-29DD907A7165: inconsistency entries. Reply:s4<-s1#95:FAIL-t2,INCONSISTENCY,nextIndex=1,followerCommit=0,matchIndex=-1
2022-11-01 02:15:16,762 [grpc-default-executor-29] INFO  leader.FollowerInfo (FollowerInfoImpl.java:lambda$new$0(48)) - s4@group-29DD907A7165->s1: nextIndex: updateUnconditionally 1 -> 1
2022-11-01 02:15:16,839 [s1-server-thread3] INFO  server.RaftServer$Division (RaftServerImpl.java:checkInconsistentAppendEntries(1599)) - s1@group-29DD907A7165: Failed appendEntries as previous log entry ((t:2, i:0)) is not found
2022-11-01 02:15:16,839 [s1-server-thread3] INFO  server.RaftServer$Division (RaftServerImpl.java:checkInconsistentAppendEntries(1569)) - s1@group-29DD907A7165: inconsistency entries. Reply:s4<-s1#96:FAIL-t2,INCONSISTENCY,nextIndex=0,followerCommit=0,matchIndex=-1
2022-11-01 02:15:16,840 [grpc-default-executor-5] INFO  leader.FollowerInfo (FollowerInfoImpl.java:lambda$new$0(48)) - s4@group-29DD907A7165->s1: nextIndex: updateUnconditionally 1 -> 0
2022-11-01 02:15:16,841 [s1-server-thread3] DEBUG server.RaftServer$Division (RaftServerImpl.java:logAppendEntries(1418)) - s1@group-29DD907A7165: receive appendEntries(s4, 2, null, 0, true, commits:[s4:c0, s3:c0, s0:c0, s1:c0, s2:c0], cId:97, entries: [(t:2, i:0), CONFIGURATIONENTRY(current:id: "s3"
address: "localhost:46863"
dataStreamAddress: "localhost:44363"
clientAddress: "localhost:41041"
adminAddress: "localhost:41281"
startupRole: FOLLOWER
,id: "s4"
address: "localhost:36775"
dataStreamAddress: "localhost:42557"
clientAddress: "localhost:46475"
adminAddress: "localhost:35477"
startupRole: FOLLOWER
,id: "s0"
address: "localhost:33119"
dataStreamAddress: "localhost:34507"
clientAddress: "localhost:45597"
adminAddress: "localhost:42011"
startupRole: FOLLOWER
,id: "s1"
address: "localhost:43051"
dataStreamAddress: "localhost:41779"
clientAddress: "localhost:45233"
adminAddress: "localhost:41551"
startupRole: FOLLOWER
,id: "s2"
address: "localhost:41201"
dataStreamAddress: "localhost:43565"
clientAddress: "localhost:41547"
adminAddress: "localhost:41487"
startupRole: FOLLOWER
, old:)]
2022-11-01 02:15:16,841 [s1-server-thread3] INFO  server.RaftServer$Division (RaftServerImpl.java:checkInconsistentAppendEntries(1589)) - s1@group-29DD907A7165: Failed appendEntries as the first entry (index 0) already exists (snapshotIndex: -1, commitIndex: 0)
2022-11-01 02:15:16,841 [s1-server-thread3] INFO  server.RaftServer$Division (RaftServerImpl.java:checkInconsistentAppendEntries(1569)) - s1@group-29DD907A7165: inconsistency entries. Reply:s4<-s1#97:FAIL-t2,INCONSISTENCY,nextIndex=1,followerCommit=0,matchIndex=-1
2022-11-01 02:15:16,842 [grpc-default-executor-5] INFO  leader.FollowerInfo (FollowerInfoImpl.java:lambda$new$0(48)) - s4@group-29DD907A7165->s1: nextIndex: updateUnconditionally 1 -> 1
2022-11-01 02:15:16,918 [s1-server-thread3] INFO  server.RaftServer$Division (RaftServerImpl.java:checkInconsistentAppendEntries(1599)) - s1@group-29DD907A7165: Failed appendEntries as previous log entry ((t:2, i:0)) is not found
2022-11-01 02:15:16,918 [s1-server-thread3] INFO  server.RaftServer$Division (RaftServerImpl.java:checkInconsistentAppendEntries(1569)) - s1@group-29DD907A7165: inconsistency entries. Reply:s4<-s1#98:FAIL-t2,INCONSISTENCY,nextIndex=0,followerCommit=0,matchIndex=-1
2022-11-01 02:15:16,919 [grpc-default-executor-2] INFO  leader.FollowerInfo (FollowerInfoImpl.java:lambda$new$0(48)) - s4@group-29DD907A7165->s1: nextIndex: updateUnconditionally 1 -> 0
2022-11-01 02:15:16,920 [s1-server-thread3] DEBUG server.RaftServer$Division (RaftServerImpl.java:logAppendEntries(1418)) - s1@group-29DD907A7165: receive appendEntries(s4, 2, null, 0, true, commits:[s4:c0, s3:c0, s0:c0, s1:c0, s2:c0], cId:99, entries: [(t:2, i:0), CONFIGURATIONENTRY(current:id: "s3"
address: "localhost:46863"
dataStreamAddress: "localhost:44363"
clientAddress: "localhost:41041"
adminAddress: "localhost:41281"
startupRole: FOLLOWER
,id: "s4"
address: "localhost:36775"
dataStreamAddress: "localhost:42557"
clientAddress: "localhost:46475"
adminAddress: "localhost:35477"
startupRole: FOLLOWER
,id: "s0"
address: "localhost:33119"
dataStreamAddress: "localhost:34507"
clientAddress: "localhost:45597"
adminAddress: "localhost:42011"
startupRole: FOLLOWER
,id: "s1"
address: "localhost:43051"
dataStreamAddress: "localhost:41779"
clientAddress: "localhost:45233"
adminAddress: "localhost:41551"
startupRole: FOLLOWER
,id: "s2"
address: "localhost:41201"
dataStreamAddress: "localhost:43565"
clientAddress: "localhost:41547"
adminAddress: "localhost:41487"
startupRole: FOLLOWER
, old:)]
2022-11-01 02:15:16,920 [s1-server-thread3] INFO  server.RaftServer$Division (RaftServerImpl.java:checkInconsistentAppendEntries(1589)) - s1@group-29DD907A7165: Failed appendEntries as the first entry (index 0) already exists (snapshotIndex: -1, commitIndex: 0)
2022-11-01 02:15:16,920 [s1-server-thread3] INFO  server.RaftServer$Division (RaftServerImpl.java:checkInconsistentAppendEntries(1569)) - s1@group-29DD907A7165: inconsistency entries. Reply:s4<-s1#99:FAIL-t2,INCONSISTENCY,nextIndex=1,followerCommit=0,matchIndex=-1
2022-11-01 02:15:16,921 [grpc-default-executor-2] INFO  leader.FollowerInfo (FollowerInfoImpl.java:lambda$new$0(48)) - s4@group-29DD907A7165->s1: nextIndex: updateUnconditionally 1 -> 1
2022-11-01 02:15:16,998 [s1-server-thread3] INFO  server.RaftServer$Division (RaftServerImpl.java:checkInconsistentAppendEntries(1599)) - s1@group-29DD907A7165: Failed appendEntries as previous log entry ((t:2, i:0)) is not found
2022-11-01 02:15:16,998 [s1-server-thread3] INFO  server.RaftServer$Division (RaftServerImpl.java:checkInconsistentAppendEntries(1569)) - s1@group-29DD907A7165: inconsistency entries. Reply:s4<-s1#100:FAIL-t2,INCONSISTENCY,nextIndex=0,followerCommit=0,matchIndex=-1
2022-11-01 02:15:17,000 [grpc-default-executor-2] INFO  leader.FollowerInfo (FollowerInfoImpl.java:lambda$new$0(48)) - s4@group-29DD907A7165->s1: nextIndex: updateUnconditionally 1 -> 0
2022-11-01 02:15:17,001 [s1-server-thread3] DEBUG server.RaftServer$Division (RaftServerImpl.java:logAppendEntries(1418)) - s1@group-29DD907A7165: receive appendEntries(s4, 2, null, 0, true, commits:[s4:c0, s3:c0, s0:c0, s1:c0, s2:c0], cId:101, entries: [(t:2, i:0), CONFIGURATIONENTRY(current:id: "s3"
address: "localhost:46863"
dataStreamAddress: "localhost:44363"
clientAddress: "localhost:41041"
adminAddress: "localhost:41281"
startupRole: FOLLOWER
,id: "s4"
address: "localhost:36775"
dataStreamAddress: "localhost:42557"
clientAddress: "localhost:46475"
adminAddress: "localhost:35477"
startupRole: FOLLOWER
,id: "s0"
address: "localhost:33119"
dataStreamAddress: "localhost:34507"
clientAddress: "localhost:45597"
adminAddress: "localhost:42011"
startupRole: FOLLOWER
,id: "s1"
address: "localhost:43051"
dataStreamAddress: "localhost:41779"
clientAddress: "localhost:45233"
adminAddress: "localhost:41551"
startupRole: FOLLOWER
,id: "s2"
address: "localhost:41201"
dataStreamAddress: "localhost:43565"
clientAddress: "localhost:41547"
adminAddress: "localhost:41487"
startupRole: FOLLOWER
, old:)]
2022-11-01 02:15:17,001 [s1-server-thread3] INFO  server.RaftServer$Division (RaftServerImpl.java:checkInconsistentAppendEntries(1589)) - s1@group-29DD907A7165: Failed appendEntries as the first entry (index 0) already exists (snapshotIndex: -1, commitIndex: 0)
2022-11-01 02:15:17,002 [s1-server-thread3] INFO  server.RaftServer$Division (RaftServerImpl.java:checkInconsistentAppendEntries(1569)) - s1@group-29DD907A7165: inconsistency entries. Reply:s4<-s1#101:FAIL-t2,INCONSISTENCY,nextIndex=1,followerCommit=0,matchIndex=-1
2022-11-01 02:15:17,002 [grpc-default-executor-2] INFO  leader.FollowerInfo (FollowerInfoImpl.java:lambda$new$0(48)) - s4@group-29DD907A7165->s1: nextIndex: updateUnconditionally 1 -> 1
2022-11-01 02:15:17,080 [s1-server-thread3] INFO  server.RaftServer$Division (RaftServerImpl.java:checkInconsistentAppendEntries(1599)) - s1@group-29DD907A7165: Failed appendEntries as previous log entry ((t:2, i:0)) is not found
2022-11-01 02:15:17,080 [s1-server-thread3] INFO  server.RaftServer$Division (RaftServerImpl.java:checkInconsistentAppendEntries(1569)) - s1@group-29DD907A7165: inconsistency entries. Reply:s4<-s1#102:FAIL-t2,INCONSISTENCY,nextIndex=0,followerCommit=0,matchIndex=-1
2022-11-01 02:15:17,081 [grpc-default-executor-2] INFO  leader.FollowerInfo (FollowerInfoImpl.java:lambda$new$0(48)) - s4@group-29DD907A7165->s1: nextIndex: updateUnconditionally 1 -> 0
2022-11-01 02:15:17,082 [s1-server-thread3] DEBUG server.RaftServer$Division (RaftServerImpl.java:logAppendEntries(1418)) - s1@group-29DD907A7165: receive appendEntries(s4, 2, null, 0, true, commits:[s4:c0, s3:c0, s0:c0, s1:c0, s2:c0], cId:103, entries: [(t:2, i:0), CONFIGURATIONENTRY(current:id: "s3"
address: "localhost:46863"
dataStreamAddress: "localhost:44363"
clientAddress: "localhost:41041"
adminAddress: "localhost:41281"
startupRole: FOLLOWER
,id: "s4"
address: "localhost:36775"
dataStreamAddress: "localhost:42557"
clientAddress: "localhost:46475"
adminAddress: "localhost:35477"
startupRole: FOLLOWER
,id: "s0"
address: "localhost:33119"
dataStreamAddress: "localhost:34507"
clientAddress: "localhost:45597"
adminAddress: "localhost:42011"
startupRole: FOLLOWER
,id: "s1"
address: "localhost:43051"
dataStreamAddress: "localhost:41779"
clientAddress: "localhost:45233"
adminAddress: "localhost:41551"
startupRole: FOLLOWER
,id: "s2"
address: "localhost:41201"
dataStreamAddress: "localhost:43565"
clientAddress: "localhost:41547"
adminAddress: "localhost:41487"
startupRole: FOLLOWER
, old:)]
2022-11-01 02:15:17,082 [s1-server-thread3] INFO  server.RaftServer$Division (RaftServerImpl.java:checkInconsistentAppendEntries(1589)) - s1@group-29DD907A7165: Failed appendEntries as the first entry (index 0) already exists (snapshotIndex: -1, commitIndex: 0)
2022-11-01 02:15:17,082 [s1-server-thread3] INFO  server.RaftServer$Division (RaftServerImpl.java:checkInconsistentAppendEntries(1569)) - s1@group-29DD907A7165: inconsistency entries. Reply:s4<-s1#103:FAIL-t2,INCONSISTENCY,nextIndex=1,followerCommit=0,matchIndex=-1
2022-11-01 02:15:17,083 [grpc-default-executor-2] INFO  leader.FollowerInfo (FollowerInfoImpl.java:lambda$new$0(48)) - s4@group-29DD907A7165->s1: nextIndex: updateUnconditionally 1 -> 1
2022-11-01 02:15:17,159 [s1-server-thread3] INFO  server.RaftServer$Division (RaftServerImpl.java:checkInconsistentAppendEntries(1599)) - s1@group-29DD907A7165: Failed appendEntries as previous log entry ((t:2, i:0)) is not found
2022-11-01 02:15:17,159 [s1-server-thread3] INFO  server.RaftServer$Division (RaftServerImpl.java:checkInconsistentAppendEntries(1569)) - s1@group-29DD907A7165: inconsistency entries. Reply:s4<-s1#104:FAIL-t2,INCONSISTENCY,nextIndex=0,followerCommit=0,matchIndex=-1
2022-11-01 02:15:17,160 [grpc-default-executor-2] INFO  leader.FollowerInfo (FollowerInfoImpl.java:lambda$new$0(48)) - s4@group-29DD907A7165->s1: nextIndex: updateUnconditionally 1 -> 0
2022-11-01 02:15:17,161 [s1-server-thread3] DEBUG server.RaftServer$Division (RaftServerImpl.java:logAppendEntries(1418)) - s1@group-29DD907A7165: receive appendEntries(s4, 2, null, 0, true, commits:[s4:c0, s3:c0, s0:c0, s1:c0, s2:c0], cId:105, entries: [(t:2, i:0), CONFIGURATIONENTRY(current:id: "s3"
address: "localhost:46863"
dataStreamAddress: "localhost:44363"
clientAddress: "localhost:41041"
adminAddress: "localhost:41281"
startupRole: FOLLOWER
,id: "s4"
address: "localhost:36775"
dataStreamAddress: "localhost:42557"
clientAddress: "localhost:46475"
adminAddress: "localhost:35477"
startupRole: FOLLOWER
,id: "s0"
address: "localhost:33119"
dataStreamAddress: "localhost:34507"
clientAddress: "localhost:45597"
adminAddress: "localhost:42011"
startupRole: FOLLOWER
,id: "s1"
address: "localhost:43051"
dataStreamAddress: "localhost:41779"
clientAddress: "localhost:45233"
adminAddress: "localhost:41551"
startupRole: FOLLOWER
,id: "s2"
address: "localhost:41201"
dataStreamAddress: "localhost:43565"
clientAddress: "localhost:41547"
adminAddress: "localhost:41487"
startupRole: FOLLOWER
, old:)]
2022-11-01 02:15:17,161 [s1-server-thread3] INFO  server.RaftServer$Division (RaftServerImpl.java:checkInconsistentAppendEntries(1589)) - s1@group-29DD907A7165: Failed appendEntries as the first entry (index 0) already exists (snapshotIndex: -1, commitIndex: 0)
2022-11-01 02:15:17,161 [s1-server-thread3] INFO  server.RaftServer$Division (RaftServerImpl.java:checkInconsistentAppendEntries(1569)) - s1@group-29DD907A7165: inconsistency entries. Reply:s4<-s1#105:FAIL-t2,INCONSISTENCY,nextIndex=1,followerCommit=0,matchIndex=-1
2022-11-01 02:15:17,162 [grpc-default-executor-2] INFO  leader.FollowerInfo (FollowerInfoImpl.java:lambda$new$0(48)) - s4@group-29DD907A7165->s1: nextIndex: updateUnconditionally 1 -> 1
2022-11-01 02:15:17,218 [Time-limited test] INFO  grpc.TestLeaderElectionWithGrpc (LeaderElectionTests.java:enforceLeader(292)) - try enforcing leader to s1 but new leader is s4
2022-11-01 02:15:17,218 [Time-limited test] INFO  server.RaftServerConfigKeys (ConfUtils.java:logGet(46)) - raft.server.rpc.timeout.max = 300ms (default)
2022-11-01 02:15:17,238 [s4@group-29DD907A7165->s1-GrpcLogAppender-LogAppenderDaemon] INFO  util.CodeInjectionForTesting (DelayLocalExecutionInjection.java:execute(65)) - s4 delay 150 ms, args=[serverRequest {
  requestorId: "s4"
  replyId: "s1"
  raftGroupId {
    id: "\306I{yg\341A\222\264\356)\335\220zqe"
  }
  callId: 106
  slidingWindowEntry {
  }
}
leaderTerm: 2
previousLog {
  term: 2
}
initializing: true
commitInfos {
  server {
    id: "s4"
    address: "localhost:36775"
    dataStreamAddress: "localhost:42557"
    clientAddress: "localhost:46475"
    adminAddress: "localhost:35477"
    startupRole: FOLLOWER
  }
}
commitInfos {
  server {
    id: "s3"
    address: "localhost:46863"
    dataStreamAddress: "localhost:44363"
    clientAddress: "localhost:41041"
    adminAddress: "localhost:41281"
    startupRole: FOLLOWER
  }
}
commitInfos {
  server {
    id: "s0"
    address: "localhost:33119"
    dataStreamAddress: "localhost:34507"
    clientAddress: "localhost:45597"
    adminAddress: "localhost:42011"
    startupRole: FOLLOWER
  }
}
commitInfos {
  server {
    id: "s1"
    address: "localhost:43051"
    dataStreamAddress: "localhost:41779"
    clientAddress: "localhost:45233"
    adminAddress: "localhost:41551"
    startupRole: FOLLOWER
  }
}
commitInfos {
  server {
    id: "s2"
    address: "localhost:41201"
    dataStreamAddress: "localhost:43565"
    clientAddress: "localhost:41547"
    adminAddress: "localhost:41487"
    startupRole: FOLLOWER
  }
}
]
2022-11-01 02:15:17,287 [s4@group-29DD907A7165->s2-GrpcLogAppender-LogAppenderDaemon] INFO  util.CodeInjectionForTesting (DelayLocalExecutionInjection.java:execute(65)) - s4 delay 150 ms, args=[serverRequest {
  requestorId: "s4"
  replyId: "s2"
  raftGroupId {
    id: "\306I{yg\341A\222\264\356)\335\220zqe"
  }
  callId: 53
  slidingWindowEntry {
  }
}
leaderTerm: 2
previousLog {
  term: 2
}
initializing: true
commitInfos {
  server {
    id: "s4"
    address: "localhost:36775"
    dataStreamAddress: "localhost:42557"
    clientAddress: "localhost:46475"
    adminAddress: "localhost:35477"
    startupRole: FOLLOWER
  }
}
commitInfos {
  server {
    id: "s3"
    address: "localhost:46863"
    dataStreamAddress: "localhost:44363"
    clientAddress: "localhost:41041"
    adminAddress: "localhost:41281"
    startupRole: FOLLOWER
  }
}
commitInfos {
  server {
    id: "s0"
    address: "localhost:33119"
    dataStreamAddress: "localhost:34507"
    clientAddress: "localhost:45597"
    adminAddress: "localhost:42011"
    startupRole: FOLLOWER
  }
}
commitInfos {
  server {
    id: "s1"
    address: "localhost:43051"
    dataStreamAddress: "localhost:41779"
    clientAddress: "localhost:45233"
    adminAddress: "localhost:41551"
    startupRole: FOLLOWER
  }
}
commitInfos {
  server {
    id: "s2"
    address: "localhost:41201"
    dataStreamAddress: "localhost:43565"
    clientAddress: "localhost:41547"
    adminAddress: "localhost:41487"
    startupRole: FOLLOWER
  }
}
]
2022-11-01 02:15:17,288 [s4@group-29DD907A7165->s0-GrpcLogAppender-LogAppenderDaemon] INFO  util.CodeInjectionForTesting (DelayLocalExecutionInjection.java:execute(65)) - s4 delay 150 ms, args=[serverRequest {
  requestorId: "s4"
  replyId: "s0"
  raftGroupId {
    id: "\306I{yg\341A\222\264\356)\335\220zqe"
  }
  callId: 67
  slidingWindowEntry {
  }
}
leaderTerm: 2
previousLog {
  term: 2
}
initializing: true
commitInfos {
  server {
    id: "s4"
    address: "localhost:36775"
    dataStreamAddress: "localhost:42557"
    clientAddress: "localhost:46475"
    adminAddress: "localhost:35477"
    startupRole: FOLLOWER
  }
}
commitInfos {
  server {
    id: "s3"
    address: "localhost:46863"
    dataStreamAddress: "localhost:44363"
    clientAddress: "localhost:41041"
    adminAddress: "localhost:41281"
    startupRole: FOLLOWER
  }
}
commitInfos {
  server {
    id: "s0"
    address: "localhost:33119"
    dataStreamAddress: "localhost:34507"
    clientAddress: "localhost:45597"
    adminAddress: "localhost:42011"
    startupRole: FOLLOWER
  }
}
commitInfos {
  server {
    id: "s1"
    address: "localhost:43051"
    dataStreamAddress: "localhost:41779"
    clientAddress: "localhost:45233"
    adminAddress: "localhost:41551"
    startupRole: FOLLOWER
  }
}
commitInfos {
  server {
    id: "s2"
    address: "localhost:41201"
    dataStreamAddress: "localhost:43565"
    clientAddress: "localhost:41547"
    adminAddress: "localhost:41487"
    startupRole: FOLLOWER
  }
}
]
2022-11-01 02:15:17,288 [s4@group-29DD907A7165->s3-GrpcLogAppender-LogAppenderDaemon] INFO  util.CodeInjectionForTesting (DelayLocalExecutionInjection.java:execute(65)) - s4 delay 150 ms, args=[serverRequest {
  requestorId: "s4"
  replyId: "s3"
  raftGroupId {
    id: "\306I{yg\341A\222\264\356)\335\220zqe"
  }
  callId: 57
  slidingWindowEntry {
  }
}
leaderTerm: 2
previousLog {
  term: 2
}
initializing: true
commitInfos {
  server {
    id: "s4"
    address: "localhost:36775"
    dataStreamAddress: "localhost:42557"
    clientAddress: "localhost:46475"
    adminAddress: "localhost:35477"
    startupRole: FOLLOWER
  }
}
commitInfos {
  server {
    id: "s3"
    address: "localhost:46863"
    dataStreamAddress: "localhost:44363"
    clientAddress: "localhost:41041"
    adminAddress: "localhost:41281"
    startupRole: FOLLOWER
  }
}
commitInfos {
  server {
    id: "s0"
    address: "localhost:33119"
    dataStreamAddress: "localhost:34507"
    clientAddress: "localhost:45597"
    adminAddress: "localhost:42011"
    startupRole: FOLLOWER
  }
}
commitInfos {
  server {
    id: "s1"
    address: "localhost:43051"
    dataStreamAddress: "localhost:41779"
    clientAddress: "localhost:45233"
    adminAddress: "localhost:41551"
    startupRole: FOLLOWER
  }
}
commitInfos {
  server {
    id: "s2"
    address: "localhost:41201"
    dataStreamAddress: "localhost:43565"
    clientAddress: "localhost:41547"
    adminAddress: "localhost:41487"
    startupRole: FOLLOWER
  }
}
]
2022-11-01 02:15:17,389 [s1-server-thread3] INFO  util.CodeInjectionForTesting (BlockRequestHandlingInjection.java:execute(77)) - s1: Block request from s4
2022-11-01 02:15:17,426 [s0@group-29DD907A7165-FollowerState] INFO  impl.FollowerState (FollowerState.java:run(143)) - s0@group-29DD907A7165-FollowerState: change to CANDIDATE, lastRpcElapsedTime:216295685ns, electionTimeout:159ms
2022-11-01 02:15:17,426 [s0@group-29DD907A7165-FollowerState] INFO  impl.RoleInfo (RoleInfo.java:shutdownFollowerState(110)) - s0: shutdown s0@group-29DD907A7165-FollowerState
2022-11-01 02:15:17,426 [s4@group-29DD907A7165->s1-GrpcLogAppender-LogAppenderDaemon] INFO  util.CodeInjectionForTesting (DelayLocalExecutionInjection.java:execute(65)) - s4 delay 150 ms, args=[serverRequest {
  requestorId: "s4"
  replyId: "s1"
  raftGroupId {
    id: "\306I{yg\341A\222\264\356)\335\220zqe"
  }
  callId: 107
  slidingWindowEntry {
  }
}
leaderTerm: 2
previousLog {
  term: 2
}
initializing: true
commitInfos {
  server {
    id: "s4"
    address: "localhost:36775"
    dataStreamAddress: "localhost:42557"
    clientAddress: "localhost:46475"
    adminAddress: "localhost:35477"
    startupRole: FOLLOWER
  }
}
commitInfos {
  server {
    id: "s3"
    address: "localhost:46863"
    dataStreamAddress: "localhost:44363"
    clientAddress: "localhost:41041"
    adminAddress: "localhost:41281"
    startupRole: FOLLOWER
  }
}
commitInfos {
  server {
    id: "s0"
    address: "localhost:33119"
    dataStreamAddress: "localhost:34507"
    clientAddress: "localhost:45597"
    adminAddress: "localhost:42011"
    startupRole: FOLLOWER
  }
}
commitInfos {
  server {
    id: "s1"
    address: "localhost:43051"
    dataStreamAddress: "localhost:41779"
    clientAddress: "localhost:45233"
    adminAddress: "localhost:41551"
    startupRole: FOLLOWER
  }
}
commitInfos {
  server {
    id: "s2"
    address: "localhost:41201"
    dataStreamAddress: "localhost:43565"
    clientAddress: "localhost:41547"
    adminAddress: "localhost:41487"
    startupRole: FOLLOWER
  }
}
]
2022-11-01 02:15:17,426 [s0@group-29DD907A7165-FollowerState] INFO  server.RaftServer$Division (RaftServerImpl.java:setRole(325)) - s0@group-29DD907A7165: changes role from  FOLLOWER to CANDIDATE at term 2 for changeToCandidate
2022-11-01 02:15:17,427 [s0@group-29DD907A7165-FollowerState] INFO  server.RaftServerConfigKeys (ConfUtils.java:logGet(46)) - raft.server.leaderelection.pre-vote = true (default)
2022-11-01 02:15:17,427 [s0@group-29DD907A7165-FollowerState] INFO  impl.RoleInfo (RoleInfo.java:updateAndGet(139)) - s0: start s0@group-29DD907A7165-LeaderElection28
2022-11-01 02:15:17,427 [s0@group-29DD907A7165-LeaderElection28] INFO  server.RaftServer$Division (ServerState.java:setLeader(259)) - s0@group-29DD907A7165: change Leader from s4 to null at term 2 for PRE_VOTE
2022-11-01 02:15:17,427 [s0@group-29DD907A7165-LeaderElection28] INFO  impl.LeaderElection (LeaderElection.java:askForVotes(309)) - s0@group-29DD907A7165-LeaderElection28 PRE_VOTE round 0: submit vote requests at term 2 for 0: peers:[s3|rpc:localhost:46863|admin:localhost:41281|client:localhost:41041|dataStream:localhost:44363|priority:0|startupRole:FOLLOWER, s4|rpc:localhost:36775|admin:localhost:35477|client:localhost:46475|dataStream:localhost:42557|priority:0|startupRole:FOLLOWER, s0|rpc:localhost:33119|admin:localhost:42011|client:localhost:45597|dataStream:localhost:34507|priority:0|startupRole:FOLLOWER, s1|rpc:localhost:43051|admin:localhost:41551|client:localhost:45233|dataStream:localhost:41779|priority:0|startupRole:FOLLOWER, s2|rpc:localhost:41201|admin:localhost:41487|client:localhost:41547|dataStream:localhost:43565|priority:0|startupRole:FOLLOWER]|listeners:[], old=null
2022-11-01 02:15:17,428 [s0@group-29DD907A7165-LeaderElection28-2] INFO  util.CodeInjectionForTesting (DelayLocalExecutionInjection.java:execute(65)) - s0 delay 150 ms, args=[serverRequest {
  requestorId: "s0"
  replyId: "s4"
  raftGroupId {
    id: "\306I{yg\341A\222\264\356)\335\220zqe"
  }
  slidingWindowEntry {
  }
}
candidateTerm: 2
candidateLastEntry {
  term: 2
}
preVote: true
]
2022-11-01 02:15:17,429 [s0@group-29DD907A7165-LeaderElection28-3] INFO  util.CodeInjectionForTesting (DelayLocalExecutionInjection.java:execute(65)) - s0 delay 150 ms, args=[serverRequest {
  requestorId: "s0"
  replyId: "s1"
  raftGroupId {
    id: "\306I{yg\341A\222\264\356)\335\220zqe"
  }
  slidingWindowEntry {
  }
}
candidateTerm: 2
candidateLastEntry {
  term: 2
}
preVote: true
]
2022-11-01 02:15:17,431 [s0@group-29DD907A7165-LeaderElection28-1] INFO  util.CodeInjectionForTesting (DelayLocalExecutionInjection.java:execute(65)) - s0 delay 150 ms, args=[serverRequest {
  requestorId: "s0"
  replyId: "s3"
  raftGroupId {
    id: "\306I{yg\341A\222\264\356)\335\220zqe"
  }
  slidingWindowEntry {
  }
}
candidateTerm: 2
candidateLastEntry {
  term: 2
}
preVote: true
]
2022-11-01 02:15:17,431 [s0@group-29DD907A7165-LeaderElection28-4] INFO  util.CodeInjectionForTesting (DelayLocalExecutionInjection.java:execute(65)) - s0 delay 150 ms, args=[serverRequest {
  requestorId: "s0"
  replyId: "s2"
  raftGroupId {
    id: "\306I{yg\341A\222\264\356)\335\220zqe"
  }
  slidingWindowEntry {
  }
}
candidateTerm: 2
candidateLastEntry {
  term: 2
}
preVote: true
]
2022-11-01 02:15:17,438 [s0-server-thread1] INFO  server.RaftServer$Division (RaftServerImpl.java:setRole(325)) - s0@group-29DD907A7165: changes role from CANDIDATE to FOLLOWER at term 2 for appendEntries
2022-11-01 02:15:17,438 [s0-server-thread1] INFO  impl.RoleInfo (RoleInfo.java:shutdownLeaderElection(130)) - s0: shutdown s0@group-29DD907A7165-LeaderElection28
2022-11-01 02:15:17,439 [s0-server-thread1] INFO  impl.RoleInfo (RoleInfo.java:updateAndGet(139)) - s0: start s0@group-29DD907A7165-FollowerState
2022-11-01 02:15:17,439 [s0-server-thread1] INFO  server.RaftServer$Division (ServerState.java:setLeader(259)) - s0@group-29DD907A7165: change Leader from null to s4 at term 2 for appendEntries, leader elected after 11ms
2022-11-01 02:15:17,478 [s1@group-29DD907A7165-FollowerState] INFO  impl.FollowerState (FollowerState.java:run(143)) - s1@group-29DD907A7165-FollowerState: change to CANDIDATE, lastRpcElapsedTime:316330873ns, electionTimeout:290ms
2022-11-01 02:15:17,478 [s1@group-29DD907A7165-FollowerState] INFO  impl.RoleInfo (RoleInfo.java:shutdownFollowerState(110)) - s1: shutdown s1@group-29DD907A7165-FollowerState
2022-11-01 02:15:17,478 [s1@group-29DD907A7165-FollowerState] INFO  server.RaftServer$Division (RaftServerImpl.java:setRole(325)) - s1@group-29DD907A7165: changes role from  FOLLOWER to CANDIDATE at term 2 for changeToCandidate
2022-11-01 02:15:17,478 [s1@group-29DD907A7165-FollowerState] INFO  server.RaftServerConfigKeys (ConfUtils.java:logGet(46)) - raft.server.leaderelection.pre-vote = true (default)
2022-11-01 02:15:17,478 [s1@group-29DD907A7165-FollowerState] INFO  impl.RoleInfo (RoleInfo.java:updateAndGet(139)) - s1: start s1@group-29DD907A7165-LeaderElection29
2022-11-01 02:15:17,480 [s1@group-29DD907A7165-LeaderElection29] INFO  server.RaftServer$Division (ServerState.java:setLeader(259)) - s1@group-29DD907A7165: change Leader from s4 to null at term 2 for PRE_VOTE
2022-11-01 02:15:17,480 [s1@group-29DD907A7165-LeaderElection29] INFO  impl.LeaderElection (LeaderElection.java:askForVotes(309)) - s1@group-29DD907A7165-LeaderElection29 PRE_VOTE round 0: submit vote requests at term 2 for 0: peers:[s3|rpc:localhost:46863|admin:localhost:41281|client:localhost:41041|dataStream:localhost:44363|priority:0|startupRole:FOLLOWER, s4|rpc:localhost:36775|admin:localhost:35477|client:localhost:46475|dataStream:localhost:42557|priority:0|startupRole:FOLLOWER, s0|rpc:localhost:33119|admin:localhost:42011|client:localhost:45597|dataStream:localhost:34507|priority:0|startupRole:FOLLOWER, s1|rpc:localhost:43051|admin:localhost:41551|client:localhost:45233|dataStream:localhost:41779|priority:0|startupRole:FOLLOWER, s2|rpc:localhost:41201|admin:localhost:41487|client:localhost:41547|dataStream:localhost:43565|priority:0|startupRole:FOLLOWER]|listeners:[], old=null
2022-11-01 02:15:17,485 [grpc-default-executor-29] INFO  server.RaftServer$Division (RaftServerImpl.java:requestVote(1291)) - s4@group-29DD907A7165: receive requestVote(PRE_VOTE, s1, group-29DD907A7165, 2, (t:1, i:0))
2022-11-01 02:15:17,485 [grpc-default-executor-29] INFO  impl.VoteContext (VoteContext.java:log(49)) - s4@group-29DD907A7165-LEADER: reject PRE_VOTE from s1: this server is the leader and still has leadership
2022-11-01 02:15:17,485 [grpc-default-executor-5] INFO  server.RaftServer$Division (RaftServerImpl.java:requestVote(1291)) - s3@group-29DD907A7165: receive requestVote(PRE_VOTE, s1, group-29DD907A7165, 2, (t:1, i:0))
2022-11-01 02:15:17,485 [grpc-default-executor-29] INFO  server.RaftServer$Division (RaftServerImpl.java:requestVote(1324)) - s4@group-29DD907A7165 replies to PRE_VOTE vote request: s1<-s4#0:FAIL-t2. Peer's state: s4@group-29DD907A7165:t2, leader=s4, voted=s4, raftlog=Memoized:s4@group-29DD907A7165-SegmentedRaftLog:OPENED:c0, conf=0: peers:[s3|rpc:localhost:46863|admin:localhost:41281|client:localhost:41041|dataStream:localhost:44363|priority:0|startupRole:FOLLOWER, s4|rpc:localhost:36775|admin:localhost:35477|client:localhost:46475|dataStream:localhost:42557|priority:0|startupRole:FOLLOWER, s0|rpc:localhost:33119|admin:localhost:42011|client:localhost:45597|dataStream:localhost:34507|priority:0|startupRole:FOLLOWER, s1|rpc:localhost:43051|admin:localhost:41551|client:localhost:45233|dataStream:localhost:41779|priority:0|startupRole:FOLLOWER, s2|rpc:localhost:41201|admin:localhost:41487|client:localhost:41547|dataStream:localhost:43565|priority:0|startupRole:FOLLOWER]|listeners:[], old=null
2022-11-01 02:15:17,485 [grpc-default-executor-5] INFO  impl.VoteContext (VoteContext.java:log(49)) - s3@group-29DD907A7165-FOLLOWER: reject PRE_VOTE from s1: this server is a follower and still has a valid leader s4
2022-11-01 02:15:17,485 [grpc-default-executor-5] INFO  server.RaftServer$Division (RaftServerImpl.java:requestVote(1324)) - s3@group-29DD907A7165 replies to PRE_VOTE vote request: s1<-s3#0:FAIL-t2. Peer's state: s3@group-29DD907A7165:t2, leader=s4, voted=s4, raftlog=Memoized:s3@group-29DD907A7165-SegmentedRaftLog:OPENED:c0, conf=0: peers:[s3|rpc:localhost:46863|admin:localhost:41281|client:localhost:41041|dataStream:localhost:44363|priority:0|startupRole:FOLLOWER, s4|rpc:localhost:36775|admin:localhost:35477|client:localhost:46475|dataStream:localhost:42557|priority:0|startupRole:FOLLOWER, s0|rpc:localhost:33119|admin:localhost:42011|client:localhost:45597|dataStream:localhost:34507|priority:0|startupRole:FOLLOWER, s1|rpc:localhost:43051|admin:localhost:41551|client:localhost:45233|dataStream:localhost:41779|priority:0|startupRole:FOLLOWER, s2|rpc:localhost:41201|admin:localhost:41487|client:localhost:41547|dataStream:localhost:43565|priority:0|startupRole:FOLLOWER]|listeners:[], old=null
2022-11-01 02:15:17,487 [grpc-default-executor-5] INFO  server.RaftServer$Division (RaftServerImpl.java:requestVote(1291)) - s0@group-29DD907A7165: receive requestVote(PRE_VOTE, s1, group-29DD907A7165, 2, (t:1, i:0))
2022-11-01 02:15:17,487 [grpc-default-executor-5] INFO  impl.VoteContext (VoteContext.java:log(49)) - s0@group-29DD907A7165-FOLLOWER: reject PRE_VOTE from s1: this server is a follower and still has a valid leader s4
2022-11-01 02:15:17,487 [grpc-default-executor-5] INFO  server.RaftServer$Division (RaftServerImpl.java:requestVote(1324)) - s0@group-29DD907A7165 replies to PRE_VOTE vote request: s1<-s0#0:FAIL-t2. Peer's state: s0@group-29DD907A7165:t2, leader=s4, voted=s4, raftlog=Memoized:s0@group-29DD907A7165-SegmentedRaftLog:OPENED:c0, conf=0: peers:[s3|rpc:localhost:46863|admin:localhost:41281|client:localhost:41041|dataStream:localhost:44363|priority:0|startupRole:FOLLOWER, s4|rpc:localhost:36775|admin:localhost:35477|client:localhost:46475|dataStream:localhost:42557|priority:0|startupRole:FOLLOWER, s0|rpc:localhost:33119|admin:localhost:42011|client:localhost:45597|dataStream:localhost:34507|priority:0|startupRole:FOLLOWER, s1|rpc:localhost:43051|admin:localhost:41551|client:localhost:45233|dataStream:localhost:41779|priority:0|startupRole:FOLLOWER, s2|rpc:localhost:41201|admin:localhost:41487|client:localhost:41547|dataStream:localhost:43565|priority:0|startupRole:FOLLOWER]|listeners:[], old=null
2022-11-01 02:15:17,487 [grpc-default-executor-29] INFO  server.RaftServer$Division (RaftServerImpl.java:requestVote(1291)) - s2@group-29DD907A7165: receive requestVote(PRE_VOTE, s1, group-29DD907A7165, 2, (t:1, i:0))
2022-11-01 02:15:17,487 [grpc-default-executor-29] INFO  impl.VoteContext (VoteContext.java:log(49)) - s2@group-29DD907A7165-FOLLOWER: reject PRE_VOTE from s1: this server is a follower and still has a valid leader s4
2022-11-01 02:15:17,487 [grpc-default-executor-29] INFO  server.RaftServer$Division (RaftServerImpl.java:requestVote(1324)) - s2@group-29DD907A7165 replies to PRE_VOTE vote request: s1<-s2#0:FAIL-t2. Peer's state: s2@group-29DD907A7165:t2, leader=s4, voted=s4, raftlog=Memoized:s2@group-29DD907A7165-SegmentedRaftLog:OPENED:c0, conf=0: peers:[s3|rpc:localhost:46863|admin:localhost:41281|client:localhost:41041|dataStream:localhost:44363|priority:0|startupRole:FOLLOWER, s4|rpc:localhost:36775|admin:localhost:35477|client:localhost:46475|dataStream:localhost:42557|priority:0|startupRole:FOLLOWER, s0|rpc:localhost:33119|admin:localhost:42011|client:localhost:45597|dataStream:localhost:34507|priority:0|startupRole:FOLLOWER, s1|rpc:localhost:43051|admin:localhost:41551|client:localhost:45233|dataStream:localhost:41779|priority:0|startupRole:FOLLOWER, s2|rpc:localhost:41201|admin:localhost:41487|client:localhost:41547|dataStream:localhost:43565|priority:0|startupRole:FOLLOWER]|listeners:[], old=null
2022-11-01 02:15:17,488 [s1@group-29DD907A7165-LeaderElection29] INFO  impl.LeaderElection (LeaderElection.java:logAndReturn(89)) - s1@group-29DD907A7165-LeaderElection29: PRE_VOTE REJECTED received 3 response(s) and 0 exception(s):
2022-11-01 02:15:17,488 [s1@group-29DD907A7165-LeaderElection29] INFO  impl.LeaderElection (LeaderElection.java:logAndReturn(93)) -   Response 0: s1<-s3#0:FAIL-t2
2022-11-01 02:15:17,488 [s1@group-29DD907A7165-LeaderElection29] INFO  impl.LeaderElection (LeaderElection.java:logAndReturn(93)) -   Response 1: s1<-s4#0:FAIL-t2
2022-11-01 02:15:17,488 [s1@group-29DD907A7165-LeaderElection29] INFO  impl.LeaderElection (LeaderElection.java:logAndReturn(93)) -   Response 2: s1<-s0#0:FAIL-t2
2022-11-01 02:15:17,489 [s1@group-29DD907A7165-LeaderElection29] INFO  impl.LeaderElection (LeaderElection.java:askForVotes(311)) - s1@group-29DD907A7165-LeaderElection29 PRE_VOTE round 0: result REJECTED
2022-11-01 02:15:17,489 [s1@group-29DD907A7165-LeaderElection29] INFO  server.RaftServer$Division (RaftServerImpl.java:setRole(325)) - s1@group-29DD907A7165: changes role from CANDIDATE to FOLLOWER at term 2 for REJECTED
2022-11-01 02:15:17,489 [s1@group-29DD907A7165-LeaderElection29] INFO  impl.RoleInfo (RoleInfo.java:shutdownLeaderElection(130)) - s1: shutdown s1@group-29DD907A7165-LeaderElection29
2022-11-01 02:15:17,489 [s1@group-29DD907A7165-LeaderElection29] INFO  impl.RoleInfo (RoleInfo.java:updateAndGet(139)) - s1: start s1@group-29DD907A7165-FollowerState
2022-11-01 02:15:17,515 [s4@group-29DD907A7165->s2-GrpcLogAppender-LogAppenderDaemon] INFO  util.CodeInjectionForTesting (DelayLocalExecutionInjection.java:execute(65)) - s4 delay 150 ms, args=[serverRequest {
  requestorId: "s4"
  replyId: "s2"
  raftGroupId {
    id: "\306I{yg\341A\222\264\356)\335\220zqe"
  }
  callId: 54
  slidingWindowEntry {
  }
}
leaderTerm: 2
previousLog {
  term: 2
}
initializing: true
commitInfos {
  server {
    id: "s4"
    address: "localhost:36775"
    dataStreamAddress: "localhost:42557"
    clientAddress: "localhost:46475"
    adminAddress: "localhost:35477"
    startupRole: FOLLOWER
  }
}
commitInfos {
  server {
    id: "s3"
    address: "localhost:46863"
    dataStreamAddress: "localhost:44363"
    clientAddress: "localhost:41041"
    adminAddress: "localhost:41281"
    startupRole: FOLLOWER
  }
}
commitInfos {
  server {
    id: "s0"
    address: "localhost:33119"
    dataStreamAddress: "localhost:34507"
    clientAddress: "localhost:45597"
    adminAddress: "localhost:42011"
    startupRole: FOLLOWER
  }
}
commitInfos {
  server {
    id: "s1"
    address: "localhost:43051"
    dataStreamAddress: "localhost:41779"
    clientAddress: "localhost:45233"
    adminAddress: "localhost:41551"
    startupRole: FOLLOWER
  }
}
commitInfos {
  server {
    id: "s2"
    address: "localhost:41201"
    dataStreamAddress: "localhost:43565"
    clientAddress: "localhost:41547"
    adminAddress: "localhost:41487"
    startupRole: FOLLOWER
  }
}
]
2022-11-01 02:15:17,516 [s4@group-29DD907A7165->s0-GrpcLogAppender-LogAppenderDaemon] INFO  util.CodeInjectionForTesting (DelayLocalExecutionInjection.java:execute(65)) - s4 delay 150 ms, args=[serverRequest {
  requestorId: "s4"
  replyId: "s0"
  raftGroupId {
    id: "\306I{yg\341A\222\264\356)\335\220zqe"
  }
  callId: 68
  slidingWindowEntry {
  }
}
leaderTerm: 2
previousLog {
  term: 2
}
initializing: true
commitInfos {
  server {
    id: "s4"
    address: "localhost:36775"
    dataStreamAddress: "localhost:42557"
    clientAddress: "localhost:46475"
    adminAddress: "localhost:35477"
    startupRole: FOLLOWER
  }
}
commitInfos {
  server {
    id: "s3"
    address: "localhost:46863"
    dataStreamAddress: "localhost:44363"
    clientAddress: "localhost:41041"
    adminAddress: "localhost:41281"
    startupRole: FOLLOWER
  }
}
commitInfos {
  server {
    id: "s0"
    address: "localhost:33119"
    dataStreamAddress: "localhost:34507"
    clientAddress: "localhost:45597"
    adminAddress: "localhost:42011"
    startupRole: FOLLOWER
  }
}
commitInfos {
  server {
    id: "s1"
    address: "localhost:43051"
    dataStreamAddress: "localhost:41779"
    clientAddress: "localhost:45233"
    adminAddress: "localhost:41551"
    startupRole: FOLLOWER
  }
}
commitInfos {
  server {
    id: "s2"
    address: "localhost:41201"
    dataStreamAddress: "localhost:43565"
    clientAddress: "localhost:41547"
    adminAddress: "localhost:41487"
    startupRole: FOLLOWER
  }
}
]
2022-11-01 02:15:17,516 [s4@group-29DD907A7165->s3-GrpcLogAppender-LogAppenderDaemon] INFO  util.CodeInjectionForTesting (DelayLocalExecutionInjection.java:execute(65)) - s4 delay 150 ms, args=[serverRequest {
  requestorId: "s4"
  replyId: "s3"
  raftGroupId {
    id: "\306I{yg\341A\222\264\356)\335\220zqe"
  }
  callId: 58
  slidingWindowEntry {
  }
}
leaderTerm: 2
previousLog {
  term: 2
}
initializing: true
commitInfos {
  server {
    id: "s4"
    address: "localhost:36775"
    dataStreamAddress: "localhost:42557"
    clientAddress: "localhost:46475"
    adminAddress: "localhost:35477"
    startupRole: FOLLOWER
  }
}
commitInfos {
  server {
    id: "s3"
    address: "localhost:46863"
    dataStreamAddress: "localhost:44363"
    clientAddress: "localhost:41041"
    adminAddress: "localhost:41281"
    startupRole: FOLLOWER
  }
}
commitInfos {
  server {
    id: "s0"
    address: "localhost:33119"
    dataStreamAddress: "localhost:34507"
    clientAddress: "localhost:45597"
    adminAddress: "localhost:42011"
    startupRole: FOLLOWER
  }
}
commitInfos {
  server {
    id: "s1"
    address: "localhost:43051"
    dataStreamAddress: "localhost:41779"
    clientAddress: "localhost:45233"
    adminAddress: "localhost:41551"
    startupRole: FOLLOWER
  }
}
commitInfos {
  server {
    id: "s2"
    address: "localhost:41201"
    dataStreamAddress: "localhost:43565"
    clientAddress: "localhost:41547"
    adminAddress: "localhost:41487"
    startupRole: FOLLOWER
  }
}
]
2022-11-01 02:15:17,580 [grpc-default-executor-5] INFO  util.CodeInjectionForTesting (BlockRequestHandlingInjection.java:execute(77)) - s1: Block request from s0
2022-11-01 02:15:17,580 [grpc-default-executor-29] INFO  server.RaftServer$Division (RaftServerImpl.java:requestVote(1291)) - s4@group-29DD907A7165: receive requestVote(PRE_VOTE, s0, group-29DD907A7165, 2, (t:2, i:0))
2022-11-01 02:15:17,580 [grpc-default-executor-29] INFO  impl.VoteContext (VoteContext.java:log(49)) - s4@group-29DD907A7165-LEADER: reject PRE_VOTE from s0: this server is the leader and still has leadership
2022-11-01 02:15:17,581 [grpc-default-executor-29] INFO  server.RaftServer$Division (RaftServerImpl.java:requestVote(1324)) - s4@group-29DD907A7165 replies to PRE_VOTE vote request: s0<-s4#0:FAIL-t2. Peer's state: s4@group-29DD907A7165:t2, leader=s4, voted=s4, raftlog=Memoized:s4@group-29DD907A7165-SegmentedRaftLog:OPENED:c0, conf=0: peers:[s3|rpc:localhost:46863|admin:localhost:41281|client:localhost:41041|dataStream:localhost:44363|priority:0|startupRole:FOLLOWER, s4|rpc:localhost:36775|admin:localhost:35477|client:localhost:46475|dataStream:localhost:42557|priority:0|startupRole:FOLLOWER, s0|rpc:localhost:33119|admin:localhost:42011|client:localhost:45597|dataStream:localhost:34507|priority:0|startupRole:FOLLOWER, s1|rpc:localhost:43051|admin:localhost:41551|client:localhost:45233|dataStream:localhost:41779|priority:0|startupRole:FOLLOWER, s2|rpc:localhost:41201|admin:localhost:41487|client:localhost:41547|dataStream:localhost:43565|priority:0|startupRole:FOLLOWER]|listeners:[], old=null
2022-11-01 02:15:17,582 [s0@group-29DD907A7165-LeaderElection28] INFO  impl.LeaderElection (LeaderElection.java:logAndReturn(89)) - s0@group-29DD907A7165-LeaderElection28: PRE_VOTE REJECTED received 1 response(s) and 0 exception(s):
2022-11-01 02:15:17,582 [s0@group-29DD907A7165-LeaderElection28] INFO  impl.LeaderElection (LeaderElection.java:logAndReturn(93)) -   Response 0: s0<-s4#0:FAIL-t2
2022-11-01 02:15:17,582 [s0@group-29DD907A7165-LeaderElection28] INFO  impl.LeaderElection (LeaderElection.java:askForVotes(311)) - s0@group-29DD907A7165-LeaderElection28 PRE_VOTE round 0: result REJECTED
2022-11-01 02:15:17,584 [grpc-default-executor-29] INFO  server.RaftServer$Division (RaftServerImpl.java:requestVote(1291)) - s3@group-29DD907A7165: receive requestVote(PRE_VOTE, s0, group-29DD907A7165, 2, (t:2, i:0))
2022-11-01 02:15:17,584 [grpc-default-executor-29] INFO  impl.VoteContext (VoteContext.java:log(49)) - s3@group-29DD907A7165-FOLLOWER: reject PRE_VOTE from s0: this server is a follower and still has a valid leader s4
2022-11-01 02:15:17,584 [grpc-default-executor-29] INFO  server.RaftServer$Division (RaftServerImpl.java:requestVote(1324)) - s3@group-29DD907A7165 replies to PRE_VOTE vote request: s0<-s3#0:FAIL-t2. Peer's state: s3@group-29DD907A7165:t2, leader=s4, voted=s4, raftlog=Memoized:s3@group-29DD907A7165-SegmentedRaftLog:OPENED:c0, conf=0: peers:[s3|rpc:localhost:46863|admin:localhost:41281|client:localhost:41041|dataStream:localhost:44363|priority:0|startupRole:FOLLOWER, s4|rpc:localhost:36775|admin:localhost:35477|client:localhost:46475|dataStream:localhost:42557|priority:0|startupRole:FOLLOWER, s0|rpc:localhost:33119|admin:localhost:42011|client:localhost:45597|dataStream:localhost:34507|priority:0|startupRole:FOLLOWER, s1|rpc:localhost:43051|admin:localhost:41551|client:localhost:45233|dataStream:localhost:41779|priority:0|startupRole:FOLLOWER, s2|rpc:localhost:41201|admin:localhost:41487|client:localhost:41547|dataStream:localhost:43565|priority:0|startupRole:FOLLOWER]|listeners:[], old=null
2022-11-01 02:15:17,585 [grpc-default-executor-29] INFO  server.RaftServer$Division (RaftServerImpl.java:requestVote(1291)) - s2@group-29DD907A7165: receive requestVote(PRE_VOTE, s0, group-29DD907A7165, 2, (t:2, i:0))
2022-11-01 02:15:17,585 [grpc-default-executor-29] INFO  impl.VoteContext (VoteContext.java:log(49)) - s2@group-29DD907A7165-FOLLOWER: reject PRE_VOTE from s0: this server is a follower and still has a valid leader s4
2022-11-01 02:15:17,585 [grpc-default-executor-29] INFO  server.RaftServer$Division (RaftServerImpl.java:requestVote(1324)) - s2@group-29DD907A7165 replies to PRE_VOTE vote request: s0<-s2#0:FAIL-t2. Peer's state: s2@group-29DD907A7165:t2, leader=s4, voted=s4, raftlog=Memoized:s2@group-29DD907A7165-SegmentedRaftLog:OPENED:c0, conf=0: peers:[s3|rpc:localhost:46863|admin:localhost:41281|client:localhost:41041|dataStream:localhost:44363|priority:0|startupRole:FOLLOWER, s4|rpc:localhost:36775|admin:localhost:35477|client:localhost:46475|dataStream:localhost:42557|priority:0|startupRole:FOLLOWER, s0|rpc:localhost:33119|admin:localhost:42011|client:localhost:45597|dataStream:localhost:34507|priority:0|startupRole:FOLLOWER, s1|rpc:localhost:43051|admin:localhost:41551|client:localhost:45233|dataStream:localhost:41779|priority:0|startupRole:FOLLOWER, s2|rpc:localhost:41201|admin:localhost:41487|client:localhost:41547|dataStream:localhost:43565|priority:0|startupRole:FOLLOWER]|listeners:[], old=null
2022-11-01 02:15:17,615 [s4@group-29DD907A7165->s1-GrpcLogAppender-LogAppenderDaemon] INFO  util.CodeInjectionForTesting (DelayLocalExecutionInjection.java:execute(65)) - s4 delay 150 ms, args=[serverRequest {
  requestorId: "s4"
  replyId: "s1"
  raftGroupId {
    id: "\306I{yg\341A\222\264\356)\335\220zqe"
  }
  callId: 108
  slidingWindowEntry {
  }
}
leaderTerm: 2
previousLog {
  term: 2
}
initializing: true
commitInfos {
  server {
    id: "s4"
    address: "localhost:36775"
    dataStreamAddress: "localhost:42557"
    clientAddress: "localhost:46475"
    adminAddress: "localhost:35477"
    startupRole: FOLLOWER
  }
}
commitInfos {
  server {
    id: "s3"
    address: "localhost:46863"
    dataStreamAddress: "localhost:44363"
    clientAddress: "localhost:41041"
    adminAddress: "localhost:41281"
    startupRole: FOLLOWER
  }
}
commitInfos {
  server {
    id: "s0"
    address: "localhost:33119"
    dataStreamAddress: "localhost:34507"
    clientAddress: "localhost:45597"
    adminAddress: "localhost:42011"
    startupRole: FOLLOWER
  }
}
commitInfos {
  server {
    id: "s1"
    address: "localhost:43051"
    dataStreamAddress: "localhost:41779"
    clientAddress: "localhost:45233"
    adminAddress: "localhost:41551"
    startupRole: FOLLOWER
  }
}
commitInfos {
  server {
    id: "s2"
    address: "localhost:41201"
    dataStreamAddress: "localhost:43565"
    clientAddress: "localhost:41547"
    adminAddress: "localhost:41487"
    startupRole: FOLLOWER
  }
}
]
2022-11-01 02:15:17,636 [s0@group-29DD907A7165-FollowerState] INFO  impl.FollowerState (FollowerState.java:run(143)) - s0@group-29DD907A7165-FollowerState: change to CANDIDATE, lastRpcElapsedTime:196999753ns, electionTimeout:196ms
2022-11-01 02:15:17,636 [s0@group-29DD907A7165-FollowerState] INFO  impl.RoleInfo (RoleInfo.java:shutdownFollowerState(110)) - s0: shutdown s0@group-29DD907A7165-FollowerState
2022-11-01 02:15:17,636 [s0@group-29DD907A7165-FollowerState] INFO  server.RaftServer$Division (RaftServerImpl.java:setRole(325)) - s0@group-29DD907A7165: changes role from  FOLLOWER to CANDIDATE at term 2 for changeToCandidate
2022-11-01 02:15:17,636 [s0@group-29DD907A7165-FollowerState] INFO  server.RaftServerConfigKeys (ConfUtils.java:logGet(46)) - raft.server.leaderelection.pre-vote = true (default)
2022-11-01 02:15:17,636 [s0@group-29DD907A7165-FollowerState] INFO  impl.RoleInfo (RoleInfo.java:updateAndGet(139)) - s0: start s0@group-29DD907A7165-LeaderElection30
2022-11-01 02:15:17,637 [s0@group-29DD907A7165-LeaderElection30] INFO  server.RaftServer$Division (ServerState.java:setLeader(259)) - s0@group-29DD907A7165: change Leader from s4 to null at term 2 for PRE_VOTE
2022-11-01 02:15:17,638 [s0@group-29DD907A7165-LeaderElection30] INFO  impl.LeaderElection (LeaderElection.java:askForVotes(309)) - s0@group-29DD907A7165-LeaderElection30 PRE_VOTE round 0: submit vote requests at term 2 for 0: peers:[s3|rpc:localhost:46863|admin:localhost:41281|client:localhost:41041|dataStream:localhost:44363|priority:0|startupRole:FOLLOWER, s4|rpc:localhost:36775|admin:localhost:35477|client:localhost:46475|dataStream:localhost:42557|priority:0|startupRole:FOLLOWER, s0|rpc:localhost:33119|admin:localhost:42011|client:localhost:45597|dataStream:localhost:34507|priority:0|startupRole:FOLLOWER, s1|rpc:localhost:43051|admin:localhost:41551|client:localhost:45233|dataStream:localhost:41779|priority:0|startupRole:FOLLOWER, s2|rpc:localhost:41201|admin:localhost:41487|client:localhost:41547|dataStream:localhost:43565|priority:0|startupRole:FOLLOWER]|listeners:[], old=null
2022-11-01 02:15:17,638 [s0@group-29DD907A7165-LeaderElection30-1] INFO  util.CodeInjectionForTesting (DelayLocalExecutionInjection.java:execute(65)) - s0 delay 150 ms, args=[serverRequest {
  requestorId: "s0"
  replyId: "s3"
  raftGroupId {
    id: "\306I{yg\341A\222\264\356)\335\220zqe"
  }
  slidingWindowEntry {
  }
}
candidateTerm: 2
candidateLastEntry {
  term: 2
}
preVote: true
]
2022-11-01 02:15:17,639 [s0@group-29DD907A7165-LeaderElection30-2] INFO  util.CodeInjectionForTesting (DelayLocalExecutionInjection.java:execute(65)) - s0 delay 150 ms, args=[serverRequest {
  requestorId: "s0"
  replyId: "s4"
  raftGroupId {
    id: "\306I{yg\341A\222\264\356)\335\220zqe"
  }
  slidingWindowEntry {
  }
}
candidateTerm: 2
candidateLastEntry {
  term: 2
}
preVote: true
]
2022-11-01 02:15:17,640 [s0@group-29DD907A7165-LeaderElection30-3] INFO  util.CodeInjectionForTesting (DelayLocalExecutionInjection.java:execute(65)) - s0 delay 150 ms, args=[serverRequest {
  requestorId: "s0"
  replyId: "s1"
  raftGroupId {
    id: "\306I{yg\341A\222\264\356)\335\220zqe"
  }
  slidingWindowEntry {
  }
}
candidateTerm: 2
candidateLastEntry {
  term: 2
}
preVote: true
]
2022-11-01 02:15:17,641 [s0@group-29DD907A7165-LeaderElection30-4] INFO  util.CodeInjectionForTesting (DelayLocalExecutionInjection.java:execute(65)) - s0 delay 150 ms, args=[serverRequest {
  requestorId: "s0"
  replyId: "s2"
  raftGroupId {
    id: "\306I{yg\341A\222\264\356)\335\220zqe"
  }
  slidingWindowEntry {
  }
}
candidateTerm: 2
candidateLastEntry {
  term: 2
}
preVote: true
]
2022-11-01 02:15:17,667 [s0-server-thread4] INFO  server.RaftServer$Division (RaftServerImpl.java:setRole(325)) - s0@group-29DD907A7165: changes role from CANDIDATE to FOLLOWER at term 2 for appendEntries
2022-11-01 02:15:17,667 [s0-server-thread4] INFO  impl.RoleInfo (RoleInfo.java:shutdownLeaderElection(130)) - s0: shutdown s0@group-29DD907A7165-LeaderElection30
2022-11-01 02:15:17,668 [s0-server-thread4] INFO  impl.RoleInfo (RoleInfo.java:updateAndGet(139)) - s0: start s0@group-29DD907A7165-FollowerState
2022-11-01 02:15:17,668 [s0-server-thread4] INFO  server.RaftServer$Division (ServerState.java:setLeader(259)) - s0@group-29DD907A7165: change Leader from null to s4 at term 2 for appendEntries, leader elected after 30ms
2022-11-01 02:15:17,743 [s4@group-29DD907A7165->s2-GrpcLogAppender-LogAppenderDaemon] INFO  util.CodeInjectionForTesting (DelayLocalExecutionInjection.java:execute(65)) - s4 delay 150 ms, args=[serverRequest {
  requestorId: "s4"
  replyId: "s2"
  raftGroupId {
    id: "\306I{yg\341A\222\264\356)\335\220zqe"
  }
  callId: 55
  slidingWindowEntry {
  }
}
leaderTerm: 2
previousLog {
  term: 2
}
initializing: true
commitInfos {
  server {
    id: "s4"
    address: "localhost:36775"
    dataStreamAddress: "localhost:42557"
    clientAddress: "localhost:46475"
    adminAddress: "localhost:35477"
    startupRole: FOLLOWER
  }
}
commitInfos {
  server {
    id: "s3"
    address: "localhost:46863"
    dataStreamAddress: "localhost:44363"
    clientAddress: "localhost:41041"
    adminAddress: "localhost:41281"
    startupRole: FOLLOWER
  }
}
commitInfos {
  server {
    id: "s0"
    address: "localhost:33119"
    dataStreamAddress: "localhost:34507"
    clientAddress: "localhost:45597"
    adminAddress: "localhost:42011"
    startupRole: FOLLOWER
  }
}
commitInfos {
  server {
    id: "s1"
    address: "localhost:43051"
    dataStreamAddress: "localhost:41779"
    clientAddress: "localhost:45233"
    adminAddress: "localhost:41551"
    startupRole: FOLLOWER
  }
}
commitInfos {
  server {
    id: "s2"
    address: "localhost:41201"
    dataStreamAddress: "localhost:43565"
    clientAddress: "localhost:41547"
    adminAddress: "localhost:41487"
    startupRole: FOLLOWER
  }
}
]
2022-11-01 02:15:17,744 [s4@group-29DD907A7165->s0-GrpcLogAppender-LogAppenderDaemon] INFO  util.CodeInjectionForTesting (DelayLocalExecutionInjection.java:execute(65)) - s4 delay 150 ms, args=[serverRequest {
  requestorId: "s4"
  replyId: "s0"
  raftGroupId {
    id: "\306I{yg\341A\222\264\356)\335\220zqe"
  }
  callId: 69
  slidingWindowEntry {
  }
}
leaderTerm: 2
previousLog {
  term: 2
}
initializing: true
commitInfos {
  server {
    id: "s4"
    address: "localhost:36775"
    dataStreamAddress: "localhost:42557"
    clientAddress: "localhost:46475"
    adminAddress: "localhost:35477"
    startupRole: FOLLOWER
  }
}
commitInfos {
  server {
    id: "s3"
    address: "localhost:46863"
    dataStreamAddress: "localhost:44363"
    clientAddress: "localhost:41041"
    adminAddress: "localhost:41281"
    startupRole: FOLLOWER
  }
}
commitInfos {
  server {
    id: "s0"
    address: "localhost:33119"
    dataStreamAddress: "localhost:34507"
    clientAddress: "localhost:45597"
    adminAddress: "localhost:42011"
    startupRole: FOLLOWER
  }
}
commitInfos {
  server {
    id: "s1"
    address: "localhost:43051"
    dataStreamAddress: "localhost:41779"
    clientAddress: "localhost:45233"
    adminAddress: "localhost:41551"
    startupRole: FOLLOWER
  }
}
commitInfos {
  server {
    id: "s2"
    address: "localhost:41201"
    dataStreamAddress: "localhost:43565"
    clientAddress: "localhost:41547"
    adminAddress: "localhost:41487"
    startupRole: FOLLOWER
  }
}
]
2022-11-01 02:15:17,745 [s4@group-29DD907A7165->s3-GrpcLogAppender-LogAppenderDaemon] INFO  util.CodeInjectionForTesting (DelayLocalExecutionInjection.java:execute(65)) - s4 delay 150 ms, args=[serverRequest {
  requestorId: "s4"
  replyId: "s3"
  raftGroupId {
    id: "\306I{yg\341A\222\264\356)\335\220zqe"
  }
  callId: 59
  slidingWindowEntry {
  }
}
leaderTerm: 2
previousLog {
  term: 2
}
initializing: true
commitInfos {
  server {
    id: "s4"
    address: "localhost:36775"
    dataStreamAddress: "localhost:42557"
    clientAddress: "localhost:46475"
    adminAddress: "localhost:35477"
    startupRole: FOLLOWER
  }
}
commitInfos {
  server {
    id: "s3"
    address: "localhost:46863"
    dataStreamAddress: "localhost:44363"
    clientAddress: "localhost:41041"
    adminAddress: "localhost:41281"
    startupRole: FOLLOWER
  }
}
commitInfos {
  server {
    id: "s0"
    address: "localhost:33119"
    dataStreamAddress: "localhost:34507"
    clientAddress: "localhost:45597"
    adminAddress: "localhost:42011"
    startupRole: FOLLOWER
  }
}
commitInfos {
  server {
    id: "s1"
    address: "localhost:43051"
    dataStreamAddress: "localhost:41779"
    clientAddress: "localhost:45233"
    adminAddress: "localhost:41551"
    startupRole: FOLLOWER
  }
}
commitInfos {
  server {
    id: "s2"
    address: "localhost:41201"
    dataStreamAddress: "localhost:43565"
    clientAddress: "localhost:41547"
    adminAddress: "localhost:41487"
    startupRole: FOLLOWER
  }
}
]
2022-11-01 02:15:17,759 [s1@group-29DD907A7165-FollowerState] INFO  impl.FollowerState (FollowerState.java:run(143)) - s1@group-29DD907A7165-FollowerState: change to CANDIDATE, lastRpcElapsedTime:270458458ns, electionTimeout:268ms
2022-11-01 02:15:17,759 [s1@group-29DD907A7165-FollowerState] INFO  impl.RoleInfo (RoleInfo.java:shutdownFollowerState(110)) - s1: shutdown s1@group-29DD907A7165-FollowerState
2022-11-01 02:15:17,759 [s1@group-29DD907A7165-FollowerState] INFO  server.RaftServer$Division (RaftServerImpl.java:setRole(325)) - s1@group-29DD907A7165: changes role from  FOLLOWER to CANDIDATE at term 2 for changeToCandidate
2022-11-01 02:15:17,760 [s1@group-29DD907A7165-FollowerState] INFO  server.RaftServerConfigKeys (ConfUtils.java:logGet(46)) - raft.server.leaderelection.pre-vote = true (default)
2022-11-01 02:15:17,760 [s1@group-29DD907A7165-FollowerState] INFO  impl.RoleInfo (RoleInfo.java:updateAndGet(139)) - s1: start s1@group-29DD907A7165-LeaderElection31
2022-11-01 02:15:17,765 [s1@group-29DD907A7165-LeaderElection31] INFO  impl.LeaderElection (LeaderElection.java:askForVotes(309)) - s1@group-29DD907A7165-LeaderElection31 PRE_VOTE round 0: submit vote requests at term 2 for 0: peers:[s3|rpc:localhost:46863|admin:localhost:41281|client:localhost:41041|dataStream:localhost:44363|priority:0|startupRole:FOLLOWER, s4|rpc:localhost:36775|admin:localhost:35477|client:localhost:46475|dataStream:localhost:42557|priority:0|startupRole:FOLLOWER, s0|rpc:localhost:33119|admin:localhost:42011|client:localhost:45597|dataStream:localhost:34507|priority:0|startupRole:FOLLOWER, s1|rpc:localhost:43051|admin:localhost:41551|client:localhost:45233|dataStream:localhost:41779|priority:0|startupRole:FOLLOWER, s2|rpc:localhost:41201|admin:localhost:41487|client:localhost:41547|dataStream:localhost:43565|priority:0|startupRole:FOLLOWER]|listeners:[], old=null
2022-11-01 02:15:17,769 [grpc-default-executor-29] INFO  server.RaftServer$Division (RaftServerImpl.java:requestVote(1291)) - s3@group-29DD907A7165: receive requestVote(PRE_VOTE, s1, group-29DD907A7165, 2, (t:1, i:0))
2022-11-01 02:15:17,769 [grpc-default-executor-29] INFO  impl.VoteContext (VoteContext.java:log(49)) - s3@group-29DD907A7165-FOLLOWER: reject PRE_VOTE from s1: this server is a follower and still has a valid leader s4
2022-11-01 02:15:17,769 [grpc-default-executor-29] INFO  server.RaftServer$Division (RaftServerImpl.java:requestVote(1324)) - s3@group-29DD907A7165 replies to PRE_VOTE vote request: s1<-s3#0:FAIL-t2. Peer's state: s3@group-29DD907A7165:t2, leader=s4, voted=s4, raftlog=Memoized:s3@group-29DD907A7165-SegmentedRaftLog:OPENED:c0, conf=0: peers:[s3|rpc:localhost:46863|admin:localhost:41281|client:localhost:41041|dataStream:localhost:44363|priority:0|startupRole:FOLLOWER, s4|rpc:localhost:36775|admin:localhost:35477|client:localhost:46475|dataStream:localhost:42557|priority:0|startupRole:FOLLOWER, s0|rpc:localhost:33119|admin:localhost:42011|client:localhost:45597|dataStream:localhost:34507|priority:0|startupRole:FOLLOWER, s1|rpc:localhost:43051|admin:localhost:41551|client:localhost:45233|dataStream:localhost:41779|priority:0|startupRole:FOLLOWER, s2|rpc:localhost:41201|admin:localhost:41487|client:localhost:41547|dataStream:localhost:43565|priority:0|startupRole:FOLLOWER]|listeners:[], old=null
2022-11-01 02:15:17,777 [grpc-default-executor-20] INFO  server.RaftServer$Division (RaftServerImpl.java:requestVote(1291)) - s4@group-29DD907A7165: receive requestVote(PRE_VOTE, s1, group-29DD907A7165, 2, (t:1, i:0))
2022-11-01 02:15:17,777 [grpc-default-executor-20] INFO  impl.VoteContext (VoteContext.java:log(49)) - s4@group-29DD907A7165-LEADER: reject PRE_VOTE from s1: this server is the leader and still has leadership
2022-11-01 02:15:17,777 [grpc-default-executor-29] INFO  server.RaftServer$Division (RaftServerImpl.java:requestVote(1291)) - s0@group-29DD907A7165: receive requestVote(PRE_VOTE, s1, group-29DD907A7165, 2, (t:1, i:0))
2022-11-01 02:15:17,777 [grpc-default-executor-20] INFO  server.RaftServer$Division (RaftServerImpl.java:requestVote(1324)) - s4@group-29DD907A7165 replies to PRE_VOTE vote request: s1<-s4#0:FAIL-t2. Peer's state: s4@group-29DD907A7165:t2, leader=s4, voted=s4, raftlog=Memoized:s4@group-29DD907A7165-SegmentedRaftLog:OPENED:c0, conf=0: peers:[s3|rpc:localhost:46863|admin:localhost:41281|client:localhost:41041|dataStream:localhost:44363|priority:0|startupRole:FOLLOWER, s4|rpc:localhost:36775|admin:localhost:35477|client:localhost:46475|dataStream:localhost:42557|priority:0|startupRole:FOLLOWER, s0|rpc:localhost:33119|admin:localhost:42011|client:localhost:45597|dataStream:localhost:34507|priority:0|startupRole:FOLLOWER, s1|rpc:localhost:43051|admin:localhost:41551|client:localhost:45233|dataStream:localhost:41779|priority:0|startupRole:FOLLOWER, s2|rpc:localhost:41201|admin:localhost:41487|client:localhost:41547|dataStream:localhost:43565|priority:0|startupRole:FOLLOWER]|listeners:[], old=null
2022-11-01 02:15:17,777 [grpc-default-executor-29] INFO  impl.VoteContext (VoteContext.java:log(49)) - s0@group-29DD907A7165-FOLLOWER: reject PRE_VOTE from s1: this server is a follower and still has a valid leader s4
2022-11-01 02:15:17,777 [grpc-default-executor-29] INFO  server.RaftServer$Division (RaftServerImpl.java:requestVote(1324)) - s0@group-29DD907A7165 replies to PRE_VOTE vote request: s1<-s0#0:FAIL-t2. Peer's state: s0@group-29DD907A7165:t2, leader=s4, voted=s4, raftlog=Memoized:s0@group-29DD907A7165-SegmentedRaftLog:OPENED:c0, conf=0: peers:[s3|rpc:localhost:46863|admin:localhost:41281|client:localhost:41041|dataStream:localhost:44363|priority:0|startupRole:FOLLOWER, s4|rpc:localhost:36775|admin:localhost:35477|client:localhost:46475|dataStream:localhost:42557|priority:0|startupRole:FOLLOWER, s0|rpc:localhost:33119|admin:localhost:42011|client:localhost:45597|dataStream:localhost:34507|priority:0|startupRole:FOLLOWER, s1|rpc:localhost:43051|admin:localhost:41551|client:localhost:45233|dataStream:localhost:41779|priority:0|startupRole:FOLLOWER, s2|rpc:localhost:41201|admin:localhost:41487|client:localhost:41547|dataStream:localhost:43565|priority:0|startupRole:FOLLOWER]|listeners:[], old=null
2022-11-01 02:15:17,779 [s1@group-29DD907A7165-LeaderElection31] INFO  impl.LeaderElection (LeaderElection.java:logAndReturn(89)) - s1@group-29DD907A7165-LeaderElection31: PRE_VOTE REJECTED received 3 response(s) and 0 exception(s):
2022-11-01 02:15:17,779 [s1@group-29DD907A7165-LeaderElection31] INFO  impl.LeaderElection (LeaderElection.java:logAndReturn(93)) -   Response 0: s1<-s3#0:FAIL-t2
2022-11-01 02:15:17,779 [s1@group-29DD907A7165-LeaderElection31] INFO  impl.LeaderElection (LeaderElection.java:logAndReturn(93)) -   Response 1: s1<-s4#0:FAIL-t2
2022-11-01 02:15:17,779 [s1@group-29DD907A7165-LeaderElection31] INFO  impl.LeaderElection (LeaderElection.java:logAndReturn(93)) -   Response 2: s1<-s0#0:FAIL-t2
2022-11-01 02:15:17,779 [s1@group-29DD907A7165-LeaderElection31] INFO  impl.LeaderElection (LeaderElection.java:askForVotes(311)) - s1@group-29DD907A7165-LeaderElection31 PRE_VOTE round 0: result REJECTED
2022-11-01 02:15:17,779 [grpc-default-executor-20] INFO  server.RaftServer$Division (RaftServerImpl.java:requestVote(1291)) - s2@group-29DD907A7165: receive requestVote(PRE_VOTE, s1, group-29DD907A7165, 2, (t:1, i:0))
2022-11-01 02:15:17,779 [grpc-default-executor-20] INFO  impl.VoteContext (VoteContext.java:log(49)) - s2@group-29DD907A7165-FOLLOWER: reject PRE_VOTE from s1: this server is a follower and still has a valid leader s4
2022-11-01 02:15:17,779 [grpc-default-executor-20] INFO  server.RaftServer$Division (RaftServerImpl.java:requestVote(1324)) - s2@group-29DD907A7165 replies to PRE_VOTE vote request: s1<-s2#0:FAIL-t2. Peer's state: s2@group-29DD907A7165:t2, leader=s4, voted=s4, raftlog=Memoized:s2@group-29DD907A7165-SegmentedRaftLog:OPENED:c0, conf=0: peers:[s3|rpc:localhost:46863|admin:localhost:41281|client:localhost:41041|dataStream:localhost:44363|priority:0|startupRole:FOLLOWER, s4|rpc:localhost:36775|admin:localhost:35477|client:localhost:46475|dataStream:localhost:42557|priority:0|startupRole:FOLLOWER, s0|rpc:localhost:33119|admin:localhost:42011|client:localhost:45597|dataStream:localhost:34507|priority:0|startupRole:FOLLOWER, s1|rpc:localhost:43051|admin:localhost:41551|client:localhost:45233|dataStream:localhost:41779|priority:0|startupRole:FOLLOWER, s2|rpc:localhost:41201|admin:localhost:41487|client:localhost:41547|dataStream:localhost:43565|priority:0|startupRole:FOLLOWER]|listeners:[], old=null
2022-11-01 02:15:17,779 [s1@group-29DD907A7165-LeaderElection31] INFO  server.RaftServer$Division (RaftServerImpl.java:setRole(325)) - s1@group-29DD907A7165: changes role from CANDIDATE to FOLLOWER at term 2 for REJECTED
2022-11-01 02:15:17,779 [s1@group-29DD907A7165-LeaderElection31] INFO  impl.RoleInfo (RoleInfo.java:shutdownLeaderElection(130)) - s1: shutdown s1@group-29DD907A7165-LeaderElection31
2022-11-01 02:15:17,779 [s1@group-29DD907A7165-LeaderElection31] INFO  impl.RoleInfo (RoleInfo.java:updateAndGet(139)) - s1: start s1@group-29DD907A7165-FollowerState
2022-11-01 02:15:17,791 [grpc-default-executor-29] INFO  server.RaftServer$Division (RaftServerImpl.java:requestVote(1291)) - s3@group-29DD907A7165: receive requestVote(PRE_VOTE, s0, group-29DD907A7165, 2, (t:2, i:0))
2022-11-01 02:15:17,792 [grpc-default-executor-29] INFO  impl.VoteContext (VoteContext.java:log(49)) - s3@group-29DD907A7165-FOLLOWER: reject PRE_VOTE from s0: this server is a follower and still has a valid leader s4
2022-11-01 02:15:17,792 [grpc-default-executor-29] INFO  server.RaftServer$Division (RaftServerImpl.java:requestVote(1324)) - s3@group-29DD907A7165 replies to PRE_VOTE vote request: s0<-s3#0:FAIL-t2. Peer's state: s3@group-29DD907A7165:t2, leader=s4, voted=s4, raftlog=Memoized:s3@group-29DD907A7165-SegmentedRaftLog:OPENED:c0, conf=0: peers:[s3|rpc:localhost:46863|admin:localhost:41281|client:localhost:41041|dataStream:localhost:44363|priority:0|startupRole:FOLLOWER, s4|rpc:localhost:36775|admin:localhost:35477|client:localhost:46475|dataStream:localhost:42557|priority:0|startupRole:FOLLOWER, s0|rpc:localhost:33119|admin:localhost:42011|client:localhost:45597|dataStream:localhost:34507|priority:0|startupRole:FOLLOWER, s1|rpc:localhost:43051|admin:localhost:41551|client:localhost:45233|dataStream:localhost:41779|priority:0|startupRole:FOLLOWER, s2|rpc:localhost:41201|admin:localhost:41487|client:localhost:41547|dataStream:localhost:43565|priority:0|startupRole:FOLLOWER]|listeners:[], old=null
2022-11-01 02:15:17,793 [s0@group-29DD907A7165-LeaderElection30] INFO  impl.LeaderElection (LeaderElection.java:logAndReturn(89)) - s0@group-29DD907A7165-LeaderElection30: PRE_VOTE REJECTED received 1 response(s) and 0 exception(s):
2022-11-01 02:15:17,794 [s0@group-29DD907A7165-LeaderElection30] INFO  impl.LeaderElection (LeaderElection.java:logAndReturn(93)) -   Response 0: s0<-s3#0:FAIL-t2
2022-11-01 02:15:17,794 [s0@group-29DD907A7165-LeaderElection30] INFO  impl.LeaderElection (LeaderElection.java:askForVotes(311)) - s0@group-29DD907A7165-LeaderElection30 PRE_VOTE round 0: result REJECTED
2022-11-01 02:15:17,794 [grpc-default-executor-29] INFO  server.RaftServer$Division (RaftServerImpl.java:requestVote(1291)) - s4@group-29DD907A7165: receive requestVote(PRE_VOTE, s0, group-29DD907A7165, 2, (t:2, i:0))
2022-11-01 02:15:17,794 [grpc-default-executor-29] INFO  impl.VoteContext (VoteContext.java:log(49)) - s4@group-29DD907A7165-LEADER: reject PRE_VOTE from s0: this server is the leader and still has leadership
2022-11-01 02:15:17,795 [grpc-default-executor-29] INFO  server.RaftServer$Division (RaftServerImpl.java:requestVote(1324)) - s4@group-29DD907A7165 replies to PRE_VOTE vote request: s0<-s4#0:FAIL-t2. Peer's state: s4@group-29DD907A7165:t2, leader=s4, voted=s4, raftlog=Memoized:s4@group-29DD907A7165-SegmentedRaftLog:OPENED:c0, conf=0: peers:[s3|rpc:localhost:46863|admin:localhost:41281|client:localhost:41041|dataStream:localhost:44363|priority:0|startupRole:FOLLOWER, s4|rpc:localhost:36775|admin:localhost:35477|client:localhost:46475|dataStream:localhost:42557|priority:0|startupRole:FOLLOWER, s0|rpc:localhost:33119|admin:localhost:42011|client:localhost:45597|dataStream:localhost:34507|priority:0|startupRole:FOLLOWER, s1|rpc:localhost:43051|admin:localhost:41551|client:localhost:45233|dataStream:localhost:41779|priority:0|startupRole:FOLLOWER, s2|rpc:localhost:41201|admin:localhost:41487|client:localhost:41547|dataStream:localhost:43565|priority:0|startupRole:FOLLOWER]|listeners:[], old=null
2022-11-01 02:15:17,795 [grpc-default-executor-29] INFO  server.RaftServer$Division (RaftServerImpl.java:requestVote(1291)) - s2@group-29DD907A7165: receive requestVote(PRE_VOTE, s0, group-29DD907A7165, 2, (t:2, i:0))
2022-11-01 02:15:17,795 [grpc-default-executor-29] INFO  impl.VoteContext (VoteContext.java:log(49)) - s2@group-29DD907A7165-FOLLOWER: reject PRE_VOTE from s0: this server is a follower and still has a valid leader s4
2022-11-01 02:15:17,795 [grpc-default-executor-29] INFO  server.RaftServer$Division (RaftServerImpl.java:requestVote(1324)) - s2@group-29DD907A7165 replies to PRE_VOTE vote request: s0<-s2#0:FAIL-t2. Peer's state: s2@group-29DD907A7165:t2, leader=s4, voted=s4, raftlog=Memoized:s2@group-29DD907A7165-SegmentedRaftLog:OPENED:c0, conf=0: peers:[s3|rpc:localhost:46863|admin:localhost:41281|client:localhost:41041|dataStream:localhost:44363|priority:0|startupRole:FOLLOWER, s4|rpc:localhost:36775|admin:localhost:35477|client:localhost:46475|dataStream:localhost:42557|priority:0|startupRole:FOLLOWER, s0|rpc:localhost:33119|admin:localhost:42011|client:localhost:45597|dataStream:localhost:34507|priority:0|startupRole:FOLLOWER, s1|rpc:localhost:43051|admin:localhost:41551|client:localhost:45233|dataStream:localhost:41779|priority:0|startupRole:FOLLOWER, s2|rpc:localhost:41201|admin:localhost:41487|client:localhost:41547|dataStream:localhost:43565|priority:0|startupRole:FOLLOWER]|listeners:[], old=null
2022-11-01 02:15:17,795 [grpc-default-executor-29] INFO  util.CodeInjectionForTesting (BlockRequestHandlingInjection.java:execute(77)) - s1: Block request from s0
2022-11-01 02:15:17,803 [s4@group-29DD907A7165->s1-GrpcLogAppender-LogAppenderDaemon] INFO  util.CodeInjectionForTesting (DelayLocalExecutionInjection.java:execute(65)) - s4 delay 150 ms, args=[serverRequest {
  requestorId: "s4"
  replyId: "s1"
  raftGroupId {
    id: "\306I{yg\341A\222\264\356)\335\220zqe"
  }
  callId: 109
  slidingWindowEntry {
  }
}
leaderTerm: 2
previousLog {
  term: 2
}
initializing: true
commitInfos {
  server {
    id: "s4"
    address: "localhost:36775"
    dataStreamAddress: "localhost:42557"
    clientAddress: "localhost:46475"
    adminAddress: "localhost:35477"
    startupRole: FOLLOWER
  }
}
commitInfos {
  server {
    id: "s3"
    address: "localhost:46863"
    dataStreamAddress: "localhost:44363"
    clientAddress: "localhost:41041"
    adminAddress: "localhost:41281"
    startupRole: FOLLOWER
  }
}
commitInfos {
  server {
    id: "s0"
    address: "localhost:33119"
    dataStreamAddress: "localhost:34507"
    clientAddress: "localhost:45597"
    adminAddress: "localhost:42011"
    startupRole: FOLLOWER
  }
}
commitInfos {
  server {
    id: "s1"
    address: "localhost:43051"
    dataStreamAddress: "localhost:41779"
    clientAddress: "localhost:45233"
    adminAddress: "localhost:41551"
    startupRole: FOLLOWER
  }
}
commitInfos {
  server {
    id: "s2"
    address: "localhost:41201"
    dataStreamAddress: "localhost:43565"
    clientAddress: "localhost:41547"
    adminAddress: "localhost:41487"
    startupRole: FOLLOWER
  }
}
]
2022-11-01 02:15:17,971 [s4@group-29DD907A7165->s2-GrpcLogAppender-LogAppenderDaemon] INFO  util.CodeInjectionForTesting (DelayLocalExecutionInjection.java:execute(65)) - s4 delay 150 ms, args=[serverRequest {
  requestorId: "s4"
  replyId: "s2"
  raftGroupId {
    id: "\306I{yg\341A\222\264\356)\335\220zqe"
  }
  callId: 56
  slidingWindowEntry {
  }
}
leaderTerm: 2
previousLog {
  term: 2
}
initializing: true
commitInfos {
  server {
    id: "s4"
    address: "localhost:36775"
    dataStreamAddress: "localhost:42557"
    clientAddress: "localhost:46475"
    adminAddress: "localhost:35477"
    startupRole: FOLLOWER
  }
}
commitInfos {
  server {
    id: "s3"
    address: "localhost:46863"
    dataStreamAddress: "localhost:44363"
    clientAddress: "localhost:41041"
    adminAddress: "localhost:41281"
    startupRole: FOLLOWER
  }
}
commitInfos {
  server {
    id: "s0"
    address: "localhost:33119"
    dataStreamAddress: "localhost:34507"
    clientAddress: "localhost:45597"
    adminAddress: "localhost:42011"
    startupRole: FOLLOWER
  }
}
commitInfos {
  server {
    id: "s1"
    address: "localhost:43051"
    dataStreamAddress: "localhost:41779"
    clientAddress: "localhost:45233"
    adminAddress: "localhost:41551"
    startupRole: FOLLOWER
  }
}
commitInfos {
  server {
    id: "s2"
    address: "localhost:41201"
    dataStreamAddress: "localhost:43565"
    clientAddress: "localhost:41547"
    adminAddress: "localhost:41487"
    startupRole: FOLLOWER
  }
}
]
2022-11-01 02:15:17,972 [s4@group-29DD907A7165->s3-GrpcLogAppender-LogAppenderDaemon] INFO  util.CodeInjectionForTesting (DelayLocalExecutionInjection.java:execute(65)) - s4 delay 150 ms, args=[serverRequest {
  requestorId: "s4"
  replyId: "s3"
  raftGroupId {
    id: "\306I{yg\341A\222\264\356)\335\220zqe"
  }
  callId: 60
  slidingWindowEntry {
  }
}
leaderTerm: 2
previousLog {
  term: 2
}
initializing: true
commitInfos {
  server {
    id: "s4"
    address: "localhost:36775"
    dataStreamAddress: "localhost:42557"
    clientAddress: "localhost:46475"
    adminAddress: "localhost:35477"
    startupRole: FOLLOWER
  }
}
commitInfos {
  server {
    id: "s3"
    address: "localhost:46863"
    dataStreamAddress: "localhost:44363"
    clientAddress: "localhost:41041"
    adminAddress: "localhost:41281"
    startupRole: FOLLOWER
  }
}
commitInfos {
  server {
    id: "s0"
    address: "localhost:33119"
    dataStreamAddress: "localhost:34507"
    clientAddress: "localhost:45597"
    adminAddress: "localhost:42011"
    startupRole: FOLLOWER
  }
}
commitInfos {
  server {
    id: "s1"
    address: "localhost:43051"
    dataStreamAddress: "localhost:41779"
    clientAddress: "localhost:45233"
    adminAddress: "localhost:41551"
    startupRole: FOLLOWER
  }
}
commitInfos {
  server {
    id: "s2"
    address: "localhost:41201"
    dataStreamAddress: "localhost:43565"
    clientAddress: "localhost:41547"
    adminAddress: "localhost:41487"
    startupRole: FOLLOWER
  }
}
]
2022-11-01 02:15:17,972 [s4@group-29DD907A7165->s0-GrpcLogAppender-LogAppenderDaemon] INFO  util.CodeInjectionForTesting (DelayLocalExecutionInjection.java:execute(65)) - s4 delay 150 ms, args=[serverRequest {
  requestorId: "s4"
  replyId: "s0"
  raftGroupId {
    id: "\306I{yg\341A\222\264\356)\335\220zqe"
  }
  callId: 70
  slidingWindowEntry {
  }
}
leaderTerm: 2
previousLog {
  term: 2
}
initializing: true
commitInfos {
  server {
    id: "s4"
    address: "localhost:36775"
    dataStreamAddress: "localhost:42557"
    clientAddress: "localhost:46475"
    adminAddress: "localhost:35477"
    startupRole: FOLLOWER
  }
}
commitInfos {
  server {
    id: "s3"
    address: "localhost:46863"
    dataStreamAddress: "localhost:44363"
    clientAddress: "localhost:41041"
    adminAddress: "localhost:41281"
    startupRole: FOLLOWER
  }
}
commitInfos {
  server {
    id: "s0"
    address: "localhost:33119"
    dataStreamAddress: "localhost:34507"
    clientAddress: "localhost:45597"
    adminAddress: "localhost:42011"
    startupRole: FOLLOWER
  }
}
commitInfos {
  server {
    id: "s1"
    address: "localhost:43051"
    dataStreamAddress: "localhost:41779"
    clientAddress: "localhost:45233"
    adminAddress: "localhost:41551"
    startupRole: FOLLOWER
  }
}
commitInfos {
  server {
    id: "s2"
    address: "localhost:41201"
    dataStreamAddress: "localhost:43565"
    clientAddress: "localhost:41547"
    adminAddress: "localhost:41487"
    startupRole: FOLLOWER
  }
}
]
2022-11-01 02:15:17,992 [s4@group-29DD907A7165->s1-GrpcLogAppender-LogAppenderDaemon] INFO  util.CodeInjectionForTesting (DelayLocalExecutionInjection.java:execute(65)) - s4 delay 150 ms, args=[serverRequest {
  requestorId: "s4"
  replyId: "s1"
  raftGroupId {
    id: "\306I{yg\341A\222\264\356)\335\220zqe"
  }
  callId: 110
  slidingWindowEntry {
  }
}
leaderTerm: 2
previousLog {
  term: 2
}
initializing: true
commitInfos {
  server {
    id: "s4"
    address: "localhost:36775"
    dataStreamAddress: "localhost:42557"
    clientAddress: "localhost:46475"
    adminAddress: "localhost:35477"
    startupRole: FOLLOWER
  }
}
commitInfos {
  server {
    id: "s3"
    address: "localhost:46863"
    dataStreamAddress: "localhost:44363"
    clientAddress: "localhost:41041"
    adminAddress: "localhost:41281"
    startupRole: FOLLOWER
  }
}
commitInfos {
  server {
    id: "s0"
    address: "localhost:33119"
    dataStreamAddress: "localhost:34507"
    clientAddress: "localhost:45597"
    adminAddress: "localhost:42011"
    startupRole: FOLLOWER
  }
}
commitInfos {
  server {
    id: "s1"
    address: "localhost:43051"
    dataStreamAddress: "localhost:41779"
    clientAddress: "localhost:45233"
    adminAddress: "localhost:41551"
    startupRole: FOLLOWER
  }
}
commitInfos {
  server {
    id: "s2"
    address: "localhost:41201"
    dataStreamAddress: "localhost:43565"
    clientAddress: "localhost:41547"
    adminAddress: "localhost:41487"
    startupRole: FOLLOWER
  }
}
]
2022-11-01 02:15:18,040 [s1@group-29DD907A7165-FollowerState] INFO  impl.FollowerState (FollowerState.java:run(143)) - s1@group-29DD907A7165-FollowerState: change to CANDIDATE, lastRpcElapsedTime:261020693ns, electionTimeout:259ms
2022-11-01 02:15:18,041 [s1@group-29DD907A7165-FollowerState] INFO  impl.RoleInfo (RoleInfo.java:shutdownFollowerState(110)) - s1: shutdown s1@group-29DD907A7165-FollowerState
2022-11-01 02:15:18,041 [s1@group-29DD907A7165-FollowerState] INFO  server.RaftServer$Division (RaftServerImpl.java:setRole(325)) - s1@group-29DD907A7165: changes role from  FOLLOWER to CANDIDATE at term 2 for changeToCandidate
2022-11-01 02:15:18,041 [s1@group-29DD907A7165-FollowerState] INFO  server.RaftServerConfigKeys (ConfUtils.java:logGet(46)) - raft.server.leaderelection.pre-vote = true (default)
2022-11-01 02:15:18,041 [s1@group-29DD907A7165-FollowerState] INFO  impl.RoleInfo (RoleInfo.java:updateAndGet(139)) - s1: start s1@group-29DD907A7165-LeaderElection32
2022-11-01 02:15:18,046 [s1@group-29DD907A7165-LeaderElection32] INFO  impl.LeaderElection (LeaderElection.java:askForVotes(309)) - s1@group-29DD907A7165-LeaderElection32 PRE_VOTE round 0: submit vote requests at term 2 for 0: peers:[s3|rpc:localhost:46863|admin:localhost:41281|client:localhost:41041|dataStream:localhost:44363|priority:0|startupRole:FOLLOWER, s4|rpc:localhost:36775|admin:localhost:35477|client:localhost:46475|dataStream:localhost:42557|priority:0|startupRole:FOLLOWER, s0|rpc:localhost:33119|admin:localhost:42011|client:localhost:45597|dataStream:localhost:34507|priority:0|startupRole:FOLLOWER, s1|rpc:localhost:43051|admin:localhost:41551|client:localhost:45233|dataStream:localhost:41779|priority:0|startupRole:FOLLOWER, s2|rpc:localhost:41201|admin:localhost:41487|client:localhost:41547|dataStream:localhost:43565|priority:0|startupRole:FOLLOWER]|listeners:[], old=null
2022-11-01 02:15:18,051 [grpc-default-executor-24] INFO  server.RaftServer$Division (RaftServerImpl.java:requestVote(1291)) - s3@group-29DD907A7165: receive requestVote(PRE_VOTE, s1, group-29DD907A7165, 2, (t:1, i:0))
2022-11-01 02:15:18,051 [grpc-default-executor-24] INFO  impl.VoteContext (VoteContext.java:log(49)) - s3@group-29DD907A7165-FOLLOWER: reject PRE_VOTE from s1: our last entry (t:2, i:0) > candidate's last entry (t:1, i:0)
2022-11-01 02:15:18,051 [grpc-default-executor-24] INFO  server.RaftServer$Division (RaftServerImpl.java:requestVote(1324)) - s3@group-29DD907A7165 replies to PRE_VOTE vote request: s1<-s3#0:FAIL-t2. Peer's state: s3@group-29DD907A7165:t2, leader=s4, voted=s4, raftlog=Memoized:s3@group-29DD907A7165-SegmentedRaftLog:OPENED:c0, conf=0: peers:[s3|rpc:localhost:46863|admin:localhost:41281|client:localhost:41041|dataStream:localhost:44363|priority:0|startupRole:FOLLOWER, s4|rpc:localhost:36775|admin:localhost:35477|client:localhost:46475|dataStream:localhost:42557|priority:0|startupRole:FOLLOWER, s0|rpc:localhost:33119|admin:localhost:42011|client:localhost:45597|dataStream:localhost:34507|priority:0|startupRole:FOLLOWER, s1|rpc:localhost:43051|admin:localhost:41551|client:localhost:45233|dataStream:localhost:41779|priority:0|startupRole:FOLLOWER, s2|rpc:localhost:41201|admin:localhost:41487|client:localhost:41547|dataStream:localhost:43565|priority:0|startupRole:FOLLOWER]|listeners:[], old=null
2022-11-01 02:15:18,054 [grpc-default-executor-24] INFO  server.RaftServer$Division (RaftServerImpl.java:requestVote(1291)) - s4@group-29DD907A7165: receive requestVote(PRE_VOTE, s1, group-29DD907A7165, 2, (t:1, i:0))
2022-11-01 02:15:18,054 [grpc-default-executor-24] INFO  impl.VoteContext (VoteContext.java:log(49)) - s4@group-29DD907A7165-LEADER: reject PRE_VOTE from s1: this server is the leader and still has leadership
2022-11-01 02:15:18,054 [grpc-default-executor-24] INFO  server.RaftServer$Division (RaftServerImpl.java:requestVote(1324)) - s4@group-29DD907A7165 replies to PRE_VOTE vote request: s1<-s4#0:FAIL-t2. Peer's state: s4@group-29DD907A7165:t2, leader=s4, voted=s4, raftlog=Memoized:s4@group-29DD907A7165-SegmentedRaftLog:OPENED:c0, conf=0: peers:[s3|rpc:localhost:46863|admin:localhost:41281|client:localhost:41041|dataStream:localhost:44363|priority:0|startupRole:FOLLOWER, s4|rpc:localhost:36775|admin:localhost:35477|client:localhost:46475|dataStream:localhost:42557|priority:0|startupRole:FOLLOWER, s0|rpc:localhost:33119|admin:localhost:42011|client:localhost:45597|dataStream:localhost:34507|priority:0|startupRole:FOLLOWER, s1|rpc:localhost:43051|admin:localhost:41551|client:localhost:45233|dataStream:localhost:41779|priority:0|startupRole:FOLLOWER, s2|rpc:localhost:41201|admin:localhost:41487|client:localhost:41547|dataStream:localhost:43565|priority:0|startupRole:FOLLOWER]|listeners:[], old=null
2022-11-01 02:15:18,057 [grpc-default-executor-24] INFO  server.RaftServer$Division (RaftServerImpl.java:requestVote(1291)) - s0@group-29DD907A7165: receive requestVote(PRE_VOTE, s1, group-29DD907A7165, 2, (t:1, i:0))
2022-11-01 02:15:18,057 [grpc-default-executor-24] INFO  impl.VoteContext (VoteContext.java:log(49)) - s0@group-29DD907A7165-FOLLOWER: reject PRE_VOTE from s1: our last entry (t:2, i:0) > candidate's last entry (t:1, i:0)
2022-11-01 02:15:18,057 [grpc-default-executor-24] INFO  server.RaftServer$Division (RaftServerImpl.java:requestVote(1324)) - s0@group-29DD907A7165 replies to PRE_VOTE vote request: s1<-s0#0:FAIL-t2. Peer's state: s0@group-29DD907A7165:t2, leader=s4, voted=s4, raftlog=Memoized:s0@group-29DD907A7165-SegmentedRaftLog:OPENED:c0, conf=0: peers:[s3|rpc:localhost:46863|admin:localhost:41281|client:localhost:41041|dataStream:localhost:44363|priority:0|startupRole:FOLLOWER, s4|rpc:localhost:36775|admin:localhost:35477|client:localhost:46475|dataStream:localhost:42557|priority:0|startupRole:FOLLOWER, s0|rpc:localhost:33119|admin:localhost:42011|client:localhost:45597|dataStream:localhost:34507|priority:0|startupRole:FOLLOWER, s1|rpc:localhost:43051|admin:localhost:41551|client:localhost:45233|dataStream:localhost:41779|priority:0|startupRole:FOLLOWER, s2|rpc:localhost:41201|admin:localhost:41487|client:localhost:41547|dataStream:localhost:43565|priority:0|startupRole:FOLLOWER]|listeners:[], old=null
2022-11-01 02:15:18,059 [s1@group-29DD907A7165-LeaderElection32] INFO  impl.LeaderElection (LeaderElection.java:logAndReturn(89)) - s1@group-29DD907A7165-LeaderElection32: PRE_VOTE REJECTED received 3 response(s) and 0 exception(s):
2022-11-01 02:15:18,059 [s1@group-29DD907A7165-LeaderElection32] INFO  impl.LeaderElection (LeaderElection.java:logAndReturn(93)) -   Response 0: s1<-s3#0:FAIL-t2
2022-11-01 02:15:18,059 [s1@group-29DD907A7165-LeaderElection32] INFO  impl.LeaderElection (LeaderElection.java:logAndReturn(93)) -   Response 1: s1<-s4#0:FAIL-t2
2022-11-01 02:15:18,059 [s1@group-29DD907A7165-LeaderElection32] INFO  impl.LeaderElection (LeaderElection.java:logAndReturn(93)) -   Response 2: s1<-s0#0:FAIL-t2
2022-11-01 02:15:18,059 [s1@group-29DD907A7165-LeaderElection32] INFO  impl.LeaderElection (LeaderElection.java:askForVotes(311)) - s1@group-29DD907A7165-LeaderElection32 PRE_VOTE round 0: result REJECTED
2022-11-01 02:15:18,059 [s1@group-29DD907A7165-LeaderElection32] INFO  server.RaftServer$Division (RaftServerImpl.java:setRole(325)) - s1@group-29DD907A7165: changes role from CANDIDATE to FOLLOWER at term 2 for REJECTED
2022-11-01 02:15:18,059 [s1@group-29DD907A7165-LeaderElection32] INFO  impl.RoleInfo (RoleInfo.java:shutdownLeaderElection(130)) - s1: shutdown s1@group-29DD907A7165-LeaderElection32
2022-11-01 02:15:18,059 [s1@group-29DD907A7165-LeaderElection32] INFO  impl.RoleInfo (RoleInfo.java:updateAndGet(139)) - s1: start s1@group-29DD907A7165-FollowerState
2022-11-01 02:15:18,063 [grpc-default-executor-24] INFO  server.RaftServer$Division (RaftServerImpl.java:requestVote(1291)) - s2@group-29DD907A7165: receive requestVote(PRE_VOTE, s1, group-29DD907A7165, 2, (t:1, i:0))
2022-11-01 02:15:18,063 [grpc-default-executor-24] INFO  impl.VoteContext (VoteContext.java:log(49)) - s2@group-29DD907A7165-FOLLOWER: reject PRE_VOTE from s1: our last entry (t:2, i:0) > candidate's last entry (t:1, i:0)
2022-11-01 02:15:18,063 [grpc-default-executor-24] INFO  server.RaftServer$Division (RaftServerImpl.java:requestVote(1324)) - s2@group-29DD907A7165 replies to PRE_VOTE vote request: s1<-s2#0:FAIL-t2. Peer's state: s2@group-29DD907A7165:t2, leader=s4, voted=s4, raftlog=Memoized:s2@group-29DD907A7165-SegmentedRaftLog:OPENED:c0, conf=0: peers:[s3|rpc:localhost:46863|admin:localhost:41281|client:localhost:41041|dataStream:localhost:44363|priority:0|startupRole:FOLLOWER, s4|rpc:localhost:36775|admin:localhost:35477|client:localhost:46475|dataStream:localhost:42557|priority:0|startupRole:FOLLOWER, s0|rpc:localhost:33119|admin:localhost:42011|client:localhost:45597|dataStream:localhost:34507|priority:0|startupRole:FOLLOWER, s1|rpc:localhost:43051|admin:localhost:41551|client:localhost:45233|dataStream:localhost:41779|priority:0|startupRole:FOLLOWER, s2|rpc:localhost:41201|admin:localhost:41487|client:localhost:41547|dataStream:localhost:43565|priority:0|startupRole:FOLLOWER]|listeners:[], old=null
2022-11-01 02:15:18,084 [s0@group-29DD907A7165-FollowerState] INFO  impl.FollowerState (FollowerState.java:run(143)) - s0@group-29DD907A7165-FollowerState: change to CANDIDATE, lastRpcElapsedTime:188539895ns, electionTimeout:157ms
2022-11-01 02:15:18,084 [s0@group-29DD907A7165-FollowerState] INFO  impl.RoleInfo (RoleInfo.java:shutdownFollowerState(110)) - s0: shutdown s0@group-29DD907A7165-FollowerState
2022-11-01 02:15:18,084 [s0@group-29DD907A7165-FollowerState] INFO  server.RaftServer$Division (RaftServerImpl.java:setRole(325)) - s0@group-29DD907A7165: changes role from  FOLLOWER to CANDIDATE at term 2 for changeToCandidate
2022-11-01 02:15:18,084 [s0@group-29DD907A7165-FollowerState] INFO  server.RaftServerConfigKeys (ConfUtils.java:logGet(46)) - raft.server.leaderelection.pre-vote = true (default)
2022-11-01 02:15:18,084 [s0@group-29DD907A7165-FollowerState] INFO  impl.RoleInfo (RoleInfo.java:updateAndGet(139)) - s0: start s0@group-29DD907A7165-LeaderElection33
2022-11-01 02:15:18,085 [s0@group-29DD907A7165-LeaderElection33] INFO  server.RaftServer$Division (ServerState.java:setLeader(259)) - s0@group-29DD907A7165: change Leader from s4 to null at term 2 for PRE_VOTE
2022-11-01 02:15:18,085 [s0@group-29DD907A7165-LeaderElection33] INFO  impl.LeaderElection (LeaderElection.java:askForVotes(309)) - s0@group-29DD907A7165-LeaderElection33 PRE_VOTE round 0: submit vote requests at term 2 for 0: peers:[s3|rpc:localhost:46863|admin:localhost:41281|client:localhost:41041|dataStream:localhost:44363|priority:0|startupRole:FOLLOWER, s4|rpc:localhost:36775|admin:localhost:35477|client:localhost:46475|dataStream:localhost:42557|priority:0|startupRole:FOLLOWER, s0|rpc:localhost:33119|admin:localhost:42011|client:localhost:45597|dataStream:localhost:34507|priority:0|startupRole:FOLLOWER, s1|rpc:localhost:43051|admin:localhost:41551|client:localhost:45233|dataStream:localhost:41779|priority:0|startupRole:FOLLOWER, s2|rpc:localhost:41201|admin:localhost:41487|client:localhost:41547|dataStream:localhost:43565|priority:0|startupRole:FOLLOWER]|listeners:[], old=null
2022-11-01 02:15:18,086 [s0@group-29DD907A7165-LeaderElection33-1] INFO  util.CodeInjectionForTesting (DelayLocalExecutionInjection.java:execute(65)) - s0 delay 150 ms, args=[serverRequest {
  requestorId: "s0"
  replyId: "s3"
  raftGroupId {
    id: "\306I{yg\341A\222\264\356)\335\220zqe"
  }
  slidingWindowEntry {
  }
}
candidateTerm: 2
candidateLastEntry {
  term: 2
}
preVote: true
]
2022-11-01 02:15:18,086 [s0@group-29DD907A7165-LeaderElection33-2] INFO  util.CodeInjectionForTesting (DelayLocalExecutionInjection.java:execute(65)) - s0 delay 150 ms, args=[serverRequest {
  requestorId: "s0"
  replyId: "s4"
  raftGroupId {
    id: "\306I{yg\341A\222\264\356)\335\220zqe"
  }
  slidingWindowEntry {
  }
}
candidateTerm: 2
candidateLastEntry {
  term: 2
}
preVote: true
]
2022-11-01 02:15:18,086 [s0@group-29DD907A7165-LeaderElection33-3] INFO  util.CodeInjectionForTesting (DelayLocalExecutionInjection.java:execute(65)) - s0 delay 150 ms, args=[serverRequest {
  requestorId: "s0"
  replyId: "s1"
  raftGroupId {
    id: "\306I{yg\341A\222\264\356)\335\220zqe"
  }
  slidingWindowEntry {
  }
}
candidateTerm: 2
candidateLastEntry {
  term: 2
}
preVote: true
]
2022-11-01 02:15:18,087 [s0@group-29DD907A7165-LeaderElection33-4] INFO  util.CodeInjectionForTesting (DelayLocalExecutionInjection.java:execute(65)) - s0 delay 150 ms, args=[serverRequest {
  requestorId: "s0"
  replyId: "s2"
  raftGroupId {
    id: "\306I{yg\341A\222\264\356)\335\220zqe"
  }
  slidingWindowEntry {
  }
}
candidateTerm: 2
candidateLastEntry {
  term: 2
}
preVote: true
]
2022-11-01 02:15:18,118 [Time-limited test] INFO  server.RaftServerConfigKeys (ConfUtils.java:logGet(46)) - raft.server.rpc.timeout.max = 300ms (default)
2022-11-01 02:15:18,125 [s0-server-thread4] INFO  server.RaftServer$Division (RaftServerImpl.java:setRole(325)) - s0@group-29DD907A7165: changes role from CANDIDATE to FOLLOWER at term 2 for appendEntries
2022-11-01 02:15:18,125 [s0-server-thread4] INFO  impl.RoleInfo (RoleInfo.java:shutdownLeaderElection(130)) - s0: shutdown s0@group-29DD907A7165-LeaderElection33
2022-11-01 02:15:18,125 [s0-server-thread4] INFO  impl.RoleInfo (RoleInfo.java:updateAndGet(139)) - s0: start s0@group-29DD907A7165-FollowerState
2022-11-01 02:15:18,126 [s0-server-thread4] INFO  server.RaftServer$Division (ServerState.java:setLeader(259)) - s0@group-29DD907A7165: change Leader from null to s4 at term 2 for appendEntries, leader elected after 40ms
2022-11-01 02:15:18,181 [grpc-default-executor-5] INFO  util.CodeInjectionForTesting (BlockRequestHandlingInjection.java:execute(84)) - s1: unBlock request from s0
2022-11-01 02:15:18,181 [grpc-default-executor-5] INFO  server.RaftServer$Division (RaftServerImpl.java:requestVote(1291)) - s1@group-29DD907A7165: receive requestVote(PRE_VOTE, s0, group-29DD907A7165, 2, (t:2, i:0))
2022-11-01 02:15:18,181 [grpc-default-executor-5] INFO  impl.VoteContext (VoteContext.java:log(49)) - s1@group-29DD907A7165-FOLLOWER: accept PRE_VOTE from s0: our last entry (t:1, i:0) < candidate's last entry (t:2, i:0)
2022-11-01 02:15:18,181 [grpc-default-executor-5] INFO  server.RaftServer$Division (RaftServerImpl.java:requestVote(1324)) - s1@group-29DD907A7165 replies to PRE_VOTE vote request: s0<-s1#0:OK-t2. Peer's state: s1@group-29DD907A7165:t2, leader=null, voted=null, raftlog=Memoized:s1@group-29DD907A7165-SegmentedRaftLog:OPENED:c0, conf=0: peers:[s3|rpc:localhost:46863|admin:localhost:41281|client:localhost:41041|dataStream:localhost:44363|priority:0|startupRole:FOLLOWER, s4|rpc:localhost:36775|admin:localhost:35477|client:localhost:46475|dataStream:localhost:42557|priority:0|startupRole:FOLLOWER, s0|rpc:localhost:33119|admin:localhost:42011|client:localhost:45597|dataStream:localhost:34507|priority:0|startupRole:FOLLOWER, s1|rpc:localhost:43051|admin:localhost:41551|client:localhost:45233|dataStream:localhost:41779|priority:0|startupRole:FOLLOWER, s2|rpc:localhost:41201|admin:localhost:41487|client:localhost:41547|dataStream:localhost:43565|priority:0|startupRole:FOLLOWER]|listeners:[], old=null
2022-11-01 02:15:18,240 [grpc-default-executor-24] INFO  server.RaftServer$Division (RaftServerImpl.java:requestVote(1291)) - s3@group-29DD907A7165: receive requestVote(PRE_VOTE, s0, group-29DD907A7165, 2, (t:2, i:0))
2022-11-01 02:15:18,240 [grpc-default-executor-24] INFO  impl.VoteContext (VoteContext.java:log(49)) - s3@group-29DD907A7165-FOLLOWER: reject PRE_VOTE from s0: this server is a follower and still has a valid leader s4
2022-11-01 02:15:18,241 [grpc-default-executor-24] INFO  server.RaftServer$Division (RaftServerImpl.java:requestVote(1324)) - s3@group-29DD907A7165 replies to PRE_VOTE vote request: s0<-s3#0:FAIL-t2. Peer's state: s3@group-29DD907A7165:t2, leader=s4, voted=s4, raftlog=Memoized:s3@group-29DD907A7165-SegmentedRaftLog:OPENED:c0, conf=0: peers:[s3|rpc:localhost:46863|admin:localhost:41281|client:localhost:41041|dataStream:localhost:44363|priority:0|startupRole:FOLLOWER, s4|rpc:localhost:36775|admin:localhost:35477|client:localhost:46475|dataStream:localhost:42557|priority:0|startupRole:FOLLOWER, s0|rpc:localhost:33119|admin:localhost:42011|client:localhost:45597|dataStream:localhost:34507|priority:0|startupRole:FOLLOWER, s1|rpc:localhost:43051|admin:localhost:41551|client:localhost:45233|dataStream:localhost:41779|priority:0|startupRole:FOLLOWER, s2|rpc:localhost:41201|admin:localhost:41487|client:localhost:41547|dataStream:localhost:43565|priority:0|startupRole:FOLLOWER]|listeners:[], old=null
2022-11-01 02:15:18,241 [grpc-default-executor-24] INFO  server.RaftServer$Division (RaftServerImpl.java:requestVote(1291)) - s4@group-29DD907A7165: receive requestVote(PRE_VOTE, s0, group-29DD907A7165, 2, (t:2, i:0))
2022-11-01 02:15:18,242 [grpc-default-executor-24] INFO  impl.VoteContext (VoteContext.java:log(49)) - s4@group-29DD907A7165-LEADER: reject PRE_VOTE from s0: this server is the leader and still has leadership
2022-11-01 02:15:18,242 [grpc-default-executor-24] INFO  server.RaftServer$Division (RaftServerImpl.java:requestVote(1324)) - s4@group-29DD907A7165 replies to PRE_VOTE vote request: s0<-s4#0:FAIL-t2. Peer's state: s4@group-29DD907A7165:t2, leader=s4, voted=s4, raftlog=Memoized:s4@group-29DD907A7165-SegmentedRaftLog:OPENED:c0, conf=0: peers:[s3|rpc:localhost:46863|admin:localhost:41281|client:localhost:41041|dataStream:localhost:44363|priority:0|startupRole:FOLLOWER, s4|rpc:localhost:36775|admin:localhost:35477|client:localhost:46475|dataStream:localhost:42557|priority:0|startupRole:FOLLOWER, s0|rpc:localhost:33119|admin:localhost:42011|client:localhost:45597|dataStream:localhost:34507|priority:0|startupRole:FOLLOWER, s1|rpc:localhost:43051|admin:localhost:41551|client:localhost:45233|dataStream:localhost:41779|priority:0|startupRole:FOLLOWER, s2|rpc:localhost:41201|admin:localhost:41487|client:localhost:41547|dataStream:localhost:43565|priority:0|startupRole:FOLLOWER]|listeners:[], old=null
2022-11-01 02:15:18,243 [grpc-default-executor-24] INFO  server.RaftServer$Division (RaftServerImpl.java:requestVote(1291)) - s2@group-29DD907A7165: receive requestVote(PRE_VOTE, s0, group-29DD907A7165, 2, (t:2, i:0))
2022-11-01 02:15:18,243 [grpc-default-executor-24] INFO  impl.VoteContext (VoteContext.java:log(49)) - s2@group-29DD907A7165-FOLLOWER: reject PRE_VOTE from s0: this server is a follower and still has a valid leader s4
2022-11-01 02:15:18,243 [grpc-default-executor-24] INFO  server.RaftServer$Division (RaftServerImpl.java:requestVote(1324)) - s2@group-29DD907A7165 replies to PRE_VOTE vote request: s0<-s2#0:FAIL-t2. Peer's state: s2@group-29DD907A7165:t2, leader=s4, voted=s4, raftlog=Memoized:s2@group-29DD907A7165-SegmentedRaftLog:OPENED:c0, conf=0: peers:[s3|rpc:localhost:46863|admin:localhost:41281|client:localhost:41041|dataStream:localhost:44363|priority:0|startupRole:FOLLOWER, s4|rpc:localhost:36775|admin:localhost:35477|client:localhost:46475|dataStream:localhost:42557|priority:0|startupRole:FOLLOWER, s0|rpc:localhost:33119|admin:localhost:42011|client:localhost:45597|dataStream:localhost:34507|priority:0|startupRole:FOLLOWER, s1|rpc:localhost:43051|admin:localhost:41551|client:localhost:45233|dataStream:localhost:41779|priority:0|startupRole:FOLLOWER, s2|rpc:localhost:41201|admin:localhost:41487|client:localhost:41547|dataStream:localhost:43565|priority:0|startupRole:FOLLOWER]|listeners:[], old=null
2022-11-01 02:15:18,244 [s0@group-29DD907A7165-LeaderElection33] INFO  impl.LeaderElection (LeaderElection.java:logAndReturn(89)) - s0@group-29DD907A7165-LeaderElection33: PRE_VOTE REJECTED received 1 response(s) and 0 exception(s):
2022-11-01 02:15:18,244 [s0@group-29DD907A7165-LeaderElection33] INFO  impl.LeaderElection (LeaderElection.java:logAndReturn(93)) -   Response 0: s0<-s4#0:FAIL-t2
2022-11-01 02:15:18,244 [s0@group-29DD907A7165-LeaderElection33] INFO  impl.LeaderElection (LeaderElection.java:askForVotes(311)) - s0@group-29DD907A7165-LeaderElection33 PRE_VOTE round 0: result REJECTED
2022-11-01 02:15:18,248 [grpc-default-executor-24] INFO  server.RaftServer$Division (RaftServerImpl.java:requestVote(1291)) - s1@group-29DD907A7165: receive requestVote(PRE_VOTE, s0, group-29DD907A7165, 2, (t:2, i:0))
2022-11-01 02:15:18,248 [grpc-default-executor-24] INFO  impl.VoteContext (VoteContext.java:log(49)) - s1@group-29DD907A7165-FOLLOWER: accept PRE_VOTE from s0: our last entry (t:1, i:0) < candidate's last entry (t:2, i:0)
2022-11-01 02:15:18,248 [grpc-default-executor-24] INFO  server.RaftServer$Division (RaftServerImpl.java:requestVote(1324)) - s1@group-29DD907A7165 replies to PRE_VOTE vote request: s0<-s1#0:OK-t2. Peer's state: s1@group-29DD907A7165:t2, leader=null, voted=null, raftlog=Memoized:s1@group-29DD907A7165-SegmentedRaftLog:OPENED:c0, conf=0: peers:[s3|rpc:localhost:46863|admin:localhost:41281|client:localhost:41041|dataStream:localhost:44363|priority:0|startupRole:FOLLOWER, s4|rpc:localhost:36775|admin:localhost:35477|client:localhost:46475|dataStream:localhost:42557|priority:0|startupRole:FOLLOWER, s0|rpc:localhost:33119|admin:localhost:42011|client:localhost:45597|dataStream:localhost:34507|priority:0|startupRole:FOLLOWER, s1|rpc:localhost:43051|admin:localhost:41551|client:localhost:45233|dataStream:localhost:41779|priority:0|startupRole:FOLLOWER, s2|rpc:localhost:41201|admin:localhost:41487|client:localhost:41547|dataStream:localhost:43565|priority:0|startupRole:FOLLOWER]|listeners:[], old=null
2022-11-01 02:15:18,290 [s1-server-thread3] INFO  util.CodeInjectionForTesting (BlockRequestHandlingInjection.java:execute(84)) - s1: unBlock request from s4
2022-11-01 02:15:18,290 [s1-server-thread3] INFO  server.RaftServer$Division (ServerState.java:setLeader(259)) - s1@group-29DD907A7165: change Leader from null to s4 at term 2 for appendEntries, leader elected after 809ms
2022-11-01 02:15:18,290 [s1-server-thread3] INFO  server.RaftServer$Division (RaftServerImpl.java:checkInconsistentAppendEntries(1599)) - s1@group-29DD907A7165: Failed appendEntries as previous log entry ((t:2, i:0)) is not found
2022-11-01 02:15:18,290 [s1-server-thread3] INFO  server.RaftServer$Division (RaftServerImpl.java:checkInconsistentAppendEntries(1569)) - s1@group-29DD907A7165: inconsistency entries. Reply:s4<-s1#106:FAIL-t2,INCONSISTENCY,nextIndex=0,followerCommit=0,matchIndex=-1
2022-11-01 02:15:18,291 [s1-server-thread3] INFO  server.RaftServer$Division (RaftServerImpl.java:checkInconsistentAppendEntries(1599)) - s1@group-29DD907A7165: Failed appendEntries as previous log entry ((t:2, i:0)) is not found
2022-11-01 02:15:18,291 [s1-server-thread3] INFO  server.RaftServer$Division (RaftServerImpl.java:checkInconsistentAppendEntries(1569)) - s1@group-29DD907A7165: inconsistency entries. Reply:s4<-s1#107:FAIL-t2,INCONSISTENCY,nextIndex=0,followerCommit=0,matchIndex=-1
2022-11-01 02:15:18,291 [s1-server-thread3] INFO  server.RaftServer$Division (RaftServerImpl.java:checkInconsistentAppendEntries(1599)) - s1@group-29DD907A7165: Failed appendEntries as previous log entry ((t:2, i:0)) is not found
2022-11-01 02:15:18,291 [s1-server-thread3] INFO  server.RaftServer$Division (RaftServerImpl.java:checkInconsistentAppendEntries(1569)) - s1@group-29DD907A7165: inconsistency entries. Reply:s4<-s1#108:FAIL-t2,INCONSISTENCY,nextIndex=0,followerCommit=0,matchIndex=-1
2022-11-01 02:15:18,291 [s1-server-thread3] INFO  server.RaftServer$Division (RaftServerImpl.java:checkInconsistentAppendEntries(1599)) - s1@group-29DD907A7165: Failed appendEntries as previous log entry ((t:2, i:0)) is not found
2022-11-01 02:15:18,292 [s1-server-thread3] INFO  server.RaftServer$Division (RaftServerImpl.java:checkInconsistentAppendEntries(1569)) - s1@group-29DD907A7165: inconsistency entries. Reply:s4<-s1#109:FAIL-t2,INCONSISTENCY,nextIndex=0,followerCommit=0,matchIndex=-1
2022-11-01 02:15:18,292 [s1-server-thread3] INFO  server.RaftServer$Division (RaftServerImpl.java:checkInconsistentAppendEntries(1599)) - s1@group-29DD907A7165: Failed appendEntries as previous log entry ((t:2, i:0)) is not found
2022-11-01 02:15:18,292 [s1-server-thread3] INFO  server.RaftServer$Division (RaftServerImpl.java:checkInconsistentAppendEntries(1569)) - s1@group-29DD907A7165: inconsistency entries. Reply:s4<-s1#110:FAIL-t2,INCONSISTENCY,nextIndex=0,followerCommit=0,matchIndex=-1
2022-11-01 02:15:18,293 [s1-server-thread3] INFO  server.RaftServer$Division (RaftServerImpl.java:checkInconsistentAppendEntries(1599)) - s1@group-29DD907A7165: Failed appendEntries as previous log entry ((t:2, i:0)) is not found
2022-11-01 02:15:18,293 [s1-server-thread3] INFO  server.RaftServer$Division (RaftServerImpl.java:checkInconsistentAppendEntries(1569)) - s1@group-29DD907A7165: inconsistency entries. Reply:s4<-s1#111:FAIL-t2,INCONSISTENCY,nextIndex=0,followerCommit=0,matchIndex=-1
2022-11-01 02:15:18,293 [s1-server-thread3] INFO  server.RaftServer$Division (RaftServerImpl.java:checkInconsistentAppendEntries(1599)) - s1@group-29DD907A7165: Failed appendEntries as previous log entry ((t:2, i:0)) is not found
2022-11-01 02:15:18,293 [s1-server-thread3] INFO  server.RaftServer$Division (RaftServerImpl.java:checkInconsistentAppendEntries(1569)) - s1@group-29DD907A7165: inconsistency entries. Reply:s4<-s1#112:FAIL-t2,INCONSISTENCY,nextIndex=0,followerCommit=0,matchIndex=-1
2022-11-01 02:15:18,294 [s1-server-thread3] INFO  server.RaftServer$Division (RaftServerImpl.java:checkInconsistentAppendEntries(1599)) - s1@group-29DD907A7165: Failed appendEntries as previous log entry ((t:2, i:0)) is not found
2022-11-01 02:15:18,294 [s1-server-thread3] INFO  server.RaftServer$Division (RaftServerImpl.java:checkInconsistentAppendEntries(1569)) - s1@group-29DD907A7165: inconsistency entries. Reply:s4<-s1#113:FAIL-t2,INCONSISTENCY,nextIndex=0,followerCommit=0,matchIndex=-1
2022-11-01 02:15:18,294 [grpc-default-executor-2] INFO  leader.FollowerInfo (FollowerInfoImpl.java:lambda$new$0(48)) - s4@group-29DD907A7165->s1: nextIndex: updateUnconditionally 1 -> 0
2022-11-01 02:15:18,295 [grpc-default-executor-2] INFO  leader.FollowerInfo (FollowerInfoImpl.java:lambda$new$0(48)) - s4@group-29DD907A7165->s1: nextIndex: updateUnconditionally 1 -> 0
2022-11-01 02:15:18,296 [s1-server-thread3] DEBUG server.RaftServer$Division (RaftServerImpl.java:logAppendEntries(1418)) - s1@group-29DD907A7165: receive appendEntries(s4, 2, null, 0, true, commits:[s4:c0, s3:c0, s0:c0, s1:c0, s2:c0], cId:114, entries: [(t:2, i:0), CONFIGURATIONENTRY(current:id: "s3"
address: "localhost:46863"
dataStreamAddress: "localhost:44363"
clientAddress: "localhost:41041"
adminAddress: "localhost:41281"
startupRole: FOLLOWER
,id: "s4"
address: "localhost:36775"
dataStreamAddress: "localhost:42557"
clientAddress: "localhost:46475"
adminAddress: "localhost:35477"
startupRole: FOLLOWER
,id: "s0"
address: "localhost:33119"
dataStreamAddress: "localhost:34507"
clientAddress: "localhost:45597"
adminAddress: "localhost:42011"
startupRole: FOLLOWER
,id: "s1"
address: "localhost:43051"
dataStreamAddress: "localhost:41779"
clientAddress: "localhost:45233"
adminAddress: "localhost:41551"
startupRole: FOLLOWER
,id: "s2"
address: "localhost:41201"
dataStreamAddress: "localhost:43565"
clientAddress: "localhost:41547"
adminAddress: "localhost:41487"
startupRole: FOLLOWER
, old:)]
2022-11-01 02:15:18,297 [s1-server-thread3] INFO  server.RaftServer$Division (RaftServerImpl.java:checkInconsistentAppendEntries(1589)) - s1@group-29DD907A7165: Failed appendEntries as the first entry (index 0) already exists (snapshotIndex: -1, commitIndex: 0)
2022-11-01 02:15:18,297 [s1-server-thread3] INFO  server.RaftServer$Division (RaftServerImpl.java:checkInconsistentAppendEntries(1569)) - s1@group-29DD907A7165: inconsistency entries. Reply:s4<-s1#114:FAIL-t2,INCONSISTENCY,nextIndex=1,followerCommit=0,matchIndex=-1
2022-11-01 02:15:18,297 [s1-server-thread3] DEBUG server.RaftServer$Division (RaftServerImpl.java:logAppendEntries(1418)) - s1@group-29DD907A7165: receive appendEntries(s4, 2, null, 0, true, commits:[s4:c0, s3:c0, s0:c0, s1:c0, s2:c0], cId:115, entries: [(t:2, i:0), CONFIGURATIONENTRY(current:id: "s3"
address: "localhost:46863"
dataStreamAddress: "localhost:44363"
clientAddress: "localhost:41041"
adminAddress: "localhost:41281"
startupRole: FOLLOWER
,id: "s4"
address: "localhost:36775"
dataStreamAddress: "localhost:42557"
clientAddress: "localhost:46475"
adminAddress: "localhost:35477"
startupRole: FOLLOWER
,id: "s0"
address: "localhost:33119"
dataStreamAddress: "localhost:34507"
clientAddress: "localhost:45597"
adminAddress: "localhost:42011"
startupRole: FOLLOWER
,id: "s1"
address: "localhost:43051"
dataStreamAddress: "localhost:41779"
clientAddress: "localhost:45233"
adminAddress: "localhost:41551"
startupRole: FOLLOWER
,id: "s2"
address: "localhost:41201"
dataStreamAddress: "localhost:43565"
clientAddress: "localhost:41547"
adminAddress: "localhost:41487"
startupRole: FOLLOWER
, old:)]
2022-11-01 02:15:18,298 [s1-server-thread3] INFO  server.RaftServer$Division (RaftServerImpl.java:checkInconsistentAppendEntries(1589)) - s1@group-29DD907A7165: Failed appendEntries as the first entry (index 0) already exists (snapshotIndex: -1, commitIndex: 0)
2022-11-01 02:15:18,298 [s1-server-thread3] INFO  server.RaftServer$Division (RaftServerImpl.java:checkInconsistentAppendEntries(1569)) - s1@group-29DD907A7165: inconsistency entries. Reply:s4<-s1#115:FAIL-t2,INCONSISTENCY,nextIndex=1,followerCommit=0,matchIndex=-1
2022-11-01 02:15:18,298 [grpc-default-executor-2] INFO  leader.FollowerInfo (FollowerInfoImpl.java:lambda$new$0(48)) - s4@group-29DD907A7165->s1: nextIndex: updateUnconditionally 1 -> 0
2022-11-01 02:15:18,298 [grpc-default-executor-2] INFO  leader.FollowerInfo (FollowerInfoImpl.java:lambda$new$0(48)) - s4@group-29DD907A7165->s1: nextIndex: updateUnconditionally 1 -> 0
2022-11-01 02:15:18,299 [s1-server-thread3] DEBUG server.RaftServer$Division (RaftServerImpl.java:logAppendEntries(1418)) - s1@group-29DD907A7165: receive appendEntries(s4, 2, null, 0, true, commits:[s4:c0, s3:c0, s0:c0, s1:c0, s2:c0], cId:116, entries: [(t:2, i:0), CONFIGURATIONENTRY(current:id: "s3"
address: "localhost:46863"
dataStreamAddress: "localhost:44363"
clientAddress: "localhost:41041"
adminAddress: "localhost:41281"
startupRole: FOLLOWER
,id: "s4"
address: "localhost:36775"
dataStreamAddress: "localhost:42557"
clientAddress: "localhost:46475"
adminAddress: "localhost:35477"
startupRole: FOLLOWER
,id: "s0"
address: "localhost:33119"
dataStreamAddress: "localhost:34507"
clientAddress: "localhost:45597"
adminAddress: "localhost:42011"
startupRole: FOLLOWER
,id: "s1"
address: "localhost:43051"
dataStreamAddress: "localhost:41779"
clientAddress: "localhost:45233"
adminAddress: "localhost:41551"
startupRole: FOLLOWER
,id: "s2"
address: "localhost:41201"
dataStreamAddress: "localhost:43565"
clientAddress: "localhost:41547"
adminAddress: "localhost:41487"
startupRole: FOLLOWER
, old:)]
2022-11-01 02:15:18,299 [s1-server-thread3] INFO  server.RaftServer$Division (RaftServerImpl.java:checkInconsistentAppendEntries(1589)) - s1@group-29DD907A7165: Failed appendEntries as the first entry (index 0) already exists (snapshotIndex: -1, commitIndex: 0)
2022-11-01 02:15:18,300 [s1-server-thread3] INFO  server.RaftServer$Division (RaftServerImpl.java:checkInconsistentAppendEntries(1569)) - s1@group-29DD907A7165: inconsistency entries. Reply:s4<-s1#116:FAIL-t2,INCONSISTENCY,nextIndex=1,followerCommit=0,matchIndex=-1
2022-11-01 02:15:18,300 [s1-server-thread3] DEBUG server.RaftServer$Division (RaftServerImpl.java:logAppendEntries(1418)) - s1@group-29DD907A7165: receive appendEntries(s4, 2, null, 0, true, commits:[s4:c0, s3:c0, s0:c0, s1:c0, s2:c0], cId:117, entries: [(t:2, i:0), CONFIGURATIONENTRY(current:id: "s3"
address: "localhost:46863"
dataStreamAddress: "localhost:44363"
clientAddress: "localhost:41041"
adminAddress: "localhost:41281"
startupRole: FOLLOWER
,id: "s4"
address: "localhost:36775"
dataStreamAddress: "localhost:42557"
clientAddress: "localhost:46475"
adminAddress: "localhost:35477"
startupRole: FOLLOWER
,id: "s0"
address: "localhost:33119"
dataStreamAddress: "localhost:34507"
clientAddress: "localhost:45597"
adminAddress: "localhost:42011"
startupRole: FOLLOWER
,id: "s1"
address: "localhost:43051"
dataStreamAddress: "localhost:41779"
clientAddress: "localhost:45233"
adminAddress: "localhost:41551"
startupRole: FOLLOWER
,id: "s2"
address: "localhost:41201"
dataStreamAddress: "localhost:43565"
clientAddress: "localhost:41547"
adminAddress: "localhost:41487"
startupRole: FOLLOWER
, old:)]
2022-11-01 02:15:18,300 [s1-server-thread3] INFO  server.RaftServer$Division (RaftServerImpl.java:checkInconsistentAppendEntries(1589)) - s1@group-29DD907A7165: Failed appendEntries as the first entry (index 0) already exists (snapshotIndex: -1, commitIndex: 0)
2022-11-01 02:15:18,300 [s1-server-thread3] INFO  server.RaftServer$Division (RaftServerImpl.java:checkInconsistentAppendEntries(1569)) - s1@group-29DD907A7165: inconsistency entries. Reply:s4<-s1#117:FAIL-t2,INCONSISTENCY,nextIndex=1,followerCommit=0,matchIndex=-1
2022-11-01 02:15:18,301 [grpc-default-executor-2] INFO  leader.FollowerInfo (FollowerInfoImpl.java:lambda$new$0(48)) - s4@group-29DD907A7165->s1: nextIndex: updateUnconditionally 1 -> 0
2022-11-01 02:15:18,301 [grpc-default-executor-2] INFO  leader.FollowerInfo (FollowerInfoImpl.java:lambda$new$0(48)) - s4@group-29DD907A7165->s1: nextIndex: updateUnconditionally 1 -> 0
2022-11-01 02:15:18,302 [s1-server-thread3] DEBUG server.RaftServer$Division (RaftServerImpl.java:logAppendEntries(1418)) - s1@group-29DD907A7165: receive appendEntries(s4, 2, null, 0, true, commits:[s4:c0, s3:c0, s0:c0, s1:c0, s2:c0], cId:118, entries: [(t:2, i:0), CONFIGURATIONENTRY(current:id: "s3"
address: "localhost:46863"
dataStreamAddress: "localhost:44363"
clientAddress: "localhost:41041"
adminAddress: "localhost:41281"
startupRole: FOLLOWER
,id: "s4"
address: "localhost:36775"
dataStreamAddress: "localhost:42557"
clientAddress: "localhost:46475"
adminAddress: "localhost:35477"
startupRole: FOLLOWER
,id: "s0"
address: "localhost:33119"
dataStreamAddress: "localhost:34507"
clientAddress: "localhost:45597"
adminAddress: "localhost:42011"
startupRole: FOLLOWER
,id: "s1"
address: "localhost:43051"
dataStreamAddress: "localhost:41779"
clientAddress: "localhost:45233"
adminAddress: "localhost:41551"
startupRole: FOLLOWER
,id: "s2"
address: "localhost:41201"
dataStreamAddress: "localhost:43565"
clientAddress: "localhost:41547"
adminAddress: "localhost:41487"
startupRole: FOLLOWER
, old:)]
2022-11-01 02:15:18,302 [s1-server-thread3] INFO  server.RaftServer$Division (RaftServerImpl.java:checkInconsistentAppendEntries(1589)) - s1@group-29DD907A7165: Failed appendEntries as the first entry (index 0) already exists (snapshotIndex: -1, commitIndex: 0)
2022-11-01 02:15:18,302 [s1-server-thread3] INFO  server.RaftServer$Division (RaftServerImpl.java:checkInconsistentAppendEntries(1569)) - s1@group-29DD907A7165: inconsistency entries. Reply:s4<-s1#118:FAIL-t2,INCONSISTENCY,nextIndex=1,followerCommit=0,matchIndex=-1
2022-11-01 02:15:18,303 [s1-server-thread3] DEBUG server.RaftServer$Division (RaftServerImpl.java:logAppendEntries(1418)) - s1@group-29DD907A7165: receive appendEntries(s4, 2, null, 0, true, commits:[s4:c0, s3:c0, s0:c0, s1:c0, s2:c0], cId:119, entries: [(t:2, i:0), CONFIGURATIONENTRY(current:id: "s3"
address: "localhost:46863"
dataStreamAddress: "localhost:44363"
clientAddress: "localhost:41041"
adminAddress: "localhost:41281"
startupRole: FOLLOWER
,id: "s4"
address: "localhost:36775"
dataStreamAddress: "localhost:42557"
clientAddress: "localhost:46475"
adminAddress: "localhost:35477"
startupRole: FOLLOWER
,id: "s0"
address: "localhost:33119"
dataStreamAddress: "localhost:34507"
clientAddress: "localhost:45597"
adminAddress: "localhost:42011"
startupRole: FOLLOWER
,id: "s1"
address: "localhost:43051"
dataStreamAddress: "localhost:41779"
clientAddress: "localhost:45233"
adminAddress: "localhost:41551"
startupRole: FOLLOWER
,id: "s2"
address: "localhost:41201"
dataStreamAddress: "localhost:43565"
clientAddress: "localhost:41547"
adminAddress: "localhost:41487"
startupRole: FOLLOWER
, old:)]
2022-11-01 02:15:18,303 [s1-server-thread3] INFO  server.RaftServer$Division (RaftServerImpl.java:checkInconsistentAppendEntries(1589)) - s1@group-29DD907A7165: Failed appendEntries as the first entry (index 0) already exists (snapshotIndex: -1, commitIndex: 0)
2022-11-01 02:15:18,303 [s1-server-thread3] INFO  server.RaftServer$Division (RaftServerImpl.java:checkInconsistentAppendEntries(1569)) - s1@group-29DD907A7165: inconsistency entries. Reply:s4<-s1#119:FAIL-t2,INCONSISTENCY,nextIndex=1,followerCommit=0,matchIndex=-1
2022-11-01 02:15:18,304 [grpc-default-executor-2] INFO  leader.FollowerInfo (FollowerInfoImpl.java:lambda$new$0(48)) - s4@group-29DD907A7165->s1: nextIndex: updateUnconditionally 1 -> 0
2022-11-01 02:15:18,304 [grpc-default-executor-2] INFO  leader.FollowerInfo (FollowerInfoImpl.java:lambda$new$0(48)) - s4@group-29DD907A7165->s1: nextIndex: updateUnconditionally 1 -> 0
2022-11-01 02:15:18,305 [s1-server-thread3] DEBUG server.RaftServer$Division (RaftServerImpl.java:logAppendEntries(1418)) - s1@group-29DD907A7165: receive appendEntries(s4, 2, null, 0, true, commits:[s4:c0, s3:c0, s0:c0, s1:c0, s2:c0], cId:120, entries: [(t:2, i:0), CONFIGURATIONENTRY(current:id: "s3"
address: "localhost:46863"
dataStreamAddress: "localhost:44363"
clientAddress: "localhost:41041"
adminAddress: "localhost:41281"
startupRole: FOLLOWER
,id: "s4"
address: "localhost:36775"
dataStreamAddress: "localhost:42557"
clientAddress: "localhost:46475"
adminAddress: "localhost:35477"
startupRole: FOLLOWER
,id: "s0"
address: "localhost:33119"
dataStreamAddress: "localhost:34507"
clientAddress: "localhost:45597"
adminAddress: "localhost:42011"
startupRole: FOLLOWER
,id: "s1"
address: "localhost:43051"
dataStreamAddress: "localhost:41779"
clientAddress: "localhost:45233"
adminAddress: "localhost:41551"
startupRole: FOLLOWER
,id: "s2"
address: "localhost:41201"
dataStreamAddress: "localhost:43565"
clientAddress: "localhost:41547"
adminAddress: "localhost:41487"
startupRole: FOLLOWER
, old:)]
2022-11-01 02:15:18,305 [s1-server-thread3] INFO  server.RaftServer$Division (RaftServerImpl.java:checkInconsistentAppendEntries(1589)) - s1@group-29DD907A7165: Failed appendEntries as the first entry (index 0) already exists (snapshotIndex: -1, commitIndex: 0)
2022-11-01 02:15:18,306 [s1-server-thread3] INFO  server.RaftServer$Division (RaftServerImpl.java:checkInconsistentAppendEntries(1569)) - s1@group-29DD907A7165: inconsistency entries. Reply:s4<-s1#120:FAIL-t2,INCONSISTENCY,nextIndex=1,followerCommit=0,matchIndex=-1
2022-11-01 02:15:18,306 [s1-server-thread3] DEBUG server.RaftServer$Division (RaftServerImpl.java:logAppendEntries(1418)) - s1@group-29DD907A7165: receive appendEntries(s4, 2, null, 0, true, commits:[s4:c0, s3:c0, s0:c0, s1:c0, s2:c0], cId:121, entries: [(t:2, i:0), CONFIGURATIONENTRY(current:id: "s3"
address: "localhost:46863"
dataStreamAddress: "localhost:44363"
clientAddress: "localhost:41041"
adminAddress: "localhost:41281"
startupRole: FOLLOWER
,id: "s4"
address: "localhost:36775"
dataStreamAddress: "localhost:42557"
clientAddress: "localhost:46475"
adminAddress: "localhost:35477"
startupRole: FOLLOWER
,id: "s0"
address: "localhost:33119"
dataStreamAddress: "localhost:34507"
clientAddress: "localhost:45597"
adminAddress: "localhost:42011"
startupRole: FOLLOWER
,id: "s1"
address: "localhost:43051"
dataStreamAddress: "localhost:41779"
clientAddress: "localhost:45233"
adminAddress: "localhost:41551"
startupRole: FOLLOWER
,id: "s2"
address: "localhost:41201"
dataStreamAddress: "localhost:43565"
clientAddress: "localhost:41547"
adminAddress: "localhost:41487"
startupRole: FOLLOWER
, old:)]
2022-11-01 02:15:18,307 [s1-server-thread3] INFO  server.RaftServer$Division (RaftServerImpl.java:checkInconsistentAppendEntries(1589)) - s1@group-29DD907A7165: Failed appendEntries as the first entry (index 0) already exists (snapshotIndex: -1, commitIndex: 0)
2022-11-01 02:15:18,307 [s1-server-thread3] INFO  server.RaftServer$Division (RaftServerImpl.java:checkInconsistentAppendEntries(1569)) - s1@group-29DD907A7165: inconsistency entries. Reply:s4<-s1#121:FAIL-t2,INCONSISTENCY,nextIndex=1,followerCommit=0,matchIndex=-1
2022-11-01 02:15:18,307 [grpc-default-executor-2] INFO  leader.FollowerInfo (FollowerInfoImpl.java:lambda$new$0(48)) - s4@group-29DD907A7165->s1: nextIndex: updateUnconditionally 1 -> 1
2022-11-01 02:15:18,308 [grpc-default-executor-2] INFO  leader.FollowerInfo (FollowerInfoImpl.java:lambda$new$0(48)) - s4@group-29DD907A7165->s1: nextIndex: updateUnconditionally 1 -> 1
2022-11-01 02:15:18,308 [grpc-default-executor-2] INFO  leader.FollowerInfo (FollowerInfoImpl.java:lambda$new$0(48)) - s4@group-29DD907A7165->s1: nextIndex: updateUnconditionally 1 -> 1
2022-11-01 02:15:18,309 [grpc-default-executor-2] INFO  leader.FollowerInfo (FollowerInfoImpl.java:lambda$new$0(48)) - s4@group-29DD907A7165->s1: nextIndex: updateUnconditionally 1 -> 1
2022-11-01 02:15:18,309 [grpc-default-executor-2] INFO  leader.FollowerInfo (FollowerInfoImpl.java:lambda$new$0(48)) - s4@group-29DD907A7165->s1: nextIndex: updateUnconditionally 1 -> 1
2022-11-01 02:15:18,309 [grpc-default-executor-2] INFO  leader.FollowerInfo (FollowerInfoImpl.java:lambda$new$0(48)) - s4@group-29DD907A7165->s1: nextIndex: updateUnconditionally 1 -> 1
2022-11-01 02:15:18,309 [grpc-default-executor-2] INFO  leader.FollowerInfo (FollowerInfoImpl.java:lambda$new$0(48)) - s4@group-29DD907A7165->s1: nextIndex: updateUnconditionally 1 -> 1
2022-11-01 02:15:18,310 [grpc-default-executor-2] INFO  leader.FollowerInfo (FollowerInfoImpl.java:lambda$new$0(48)) - s4@group-29DD907A7165->s1: nextIndex: updateUnconditionally 1 -> 1
2022-11-01 02:15:18,387 [s1-server-thread3] INFO  server.RaftServer$Division (RaftServerImpl.java:checkInconsistentAppendEntries(1599)) - s1@group-29DD907A7165: Failed appendEntries as previous log entry ((t:2, i:0)) is not found
2022-11-01 02:15:18,387 [s1-server-thread3] INFO  server.RaftServer$Division (RaftServerImpl.java:checkInconsistentAppendEntries(1569)) - s1@group-29DD907A7165: inconsistency entries. Reply:s4<-s1#122:FAIL-t2,INCONSISTENCY,nextIndex=0,followerCommit=0,matchIndex=-1
2022-11-01 02:15:18,387 [grpc-default-executor-2] INFO  leader.FollowerInfo (FollowerInfoImpl.java:lambda$new$0(48)) - s4@group-29DD907A7165->s1: nextIndex: updateUnconditionally 1 -> 0
2022-11-01 02:15:18,389 [s1-server-thread3] DEBUG server.RaftServer$Division (RaftServerImpl.java:logAppendEntries(1418)) - s1@group-29DD907A7165: receive appendEntries(s4, 2, null, 0, true, commits:[s4:c0, s3:c0, s0:c0, s1:c0, s2:c0], cId:123, entries: [(t:2, i:0), CONFIGURATIONENTRY(current:id: "s3"
address: "localhost:46863"
dataStreamAddress: "localhost:44363"
clientAddress: "localhost:41041"
adminAddress: "localhost:41281"
startupRole: FOLLOWER
,id: "s4"
address: "localhost:36775"
dataStreamAddress: "localhost:42557"
clientAddress: "localhost:46475"
adminAddress: "localhost:35477"
startupRole: FOLLOWER
,id: "s0"
address: "localhost:33119"
dataStreamAddress: "localhost:34507"
clientAddress: "localhost:45597"
adminAddress: "localhost:42011"
startupRole: FOLLOWER
,id: "s1"
address: "localhost:43051"
dataStreamAddress: "localhost:41779"
clientAddress: "localhost:45233"
adminAddress: "localhost:41551"
startupRole: FOLLOWER
,id: "s2"
address: "localhost:41201"
dataStreamAddress: "localhost:43565"
clientAddress: "localhost:41547"
adminAddress: "localhost:41487"
startupRole: FOLLOWER
, old:)]
2022-11-01 02:15:18,389 [s1-server-thread3] INFO  server.RaftServer$Division (RaftServerImpl.java:checkInconsistentAppendEntries(1589)) - s1@group-29DD907A7165: Failed appendEntries as the first entry (index 0) already exists (snapshotIndex: -1, commitIndex: 0)
2022-11-01 02:15:18,389 [s1-server-thread3] INFO  server.RaftServer$Division (RaftServerImpl.java:checkInconsistentAppendEntries(1569)) - s1@group-29DD907A7165: inconsistency entries. Reply:s4<-s1#123:FAIL-t2,INCONSISTENCY,nextIndex=1,followerCommit=0,matchIndex=-1
2022-11-01 02:15:18,389 [grpc-default-executor-2] INFO  leader.FollowerInfo (FollowerInfoImpl.java:lambda$new$0(48)) - s4@group-29DD907A7165->s1: nextIndex: updateUnconditionally 1 -> 1
2022-11-01 02:15:18,396 [grpc-default-executor-29] INFO  util.CodeInjectionForTesting (BlockRequestHandlingInjection.java:execute(84)) - s1: unBlock request from s0
2022-11-01 02:15:18,396 [grpc-default-executor-29] INFO  server.RaftServer$Division (RaftServerImpl.java:requestVote(1291)) - s1@group-29DD907A7165: receive requestVote(PRE_VOTE, s0, group-29DD907A7165, 2, (t:2, i:0))
2022-11-01 02:15:18,396 [grpc-default-executor-29] INFO  impl.VoteContext (VoteContext.java:log(49)) - s1@group-29DD907A7165-FOLLOWER: reject PRE_VOTE from s0: this server is a follower and still has a valid leader s4
2022-11-01 02:15:18,396 [grpc-default-executor-29] INFO  server.RaftServer$Division (RaftServerImpl.java:requestVote(1324)) - s1@group-29DD907A7165 replies to PRE_VOTE vote request: s0<-s1#0:FAIL-t2. Peer's state: s1@group-29DD907A7165:t2, leader=s4, voted=null, raftlog=Memoized:s1@group-29DD907A7165-SegmentedRaftLog:OPENED:c0, conf=0: peers:[s3|rpc:localhost:46863|admin:localhost:41281|client:localhost:41041|dataStream:localhost:44363|priority:0|startupRole:FOLLOWER, s4|rpc:localhost:36775|admin:localhost:35477|client:localhost:46475|dataStream:localhost:42557|priority:0|startupRole:FOLLOWER, s0|rpc:localhost:33119|admin:localhost:42011|client:localhost:45597|dataStream:localhost:34507|priority:0|startupRole:FOLLOWER, s1|rpc:localhost:43051|admin:localhost:41551|client:localhost:45233|dataStream:localhost:41779|priority:0|startupRole:FOLLOWER, s2|rpc:localhost:41201|admin:localhost:41487|client:localhost:41547|dataStream:localhost:43565|priority:0|startupRole:FOLLOWER]|listeners:[], old=null
2022-11-01 02:15:18,466 [s1-server-thread3] INFO  server.RaftServer$Division (RaftServerImpl.java:checkInconsistentAppendEntries(1599)) - s1@group-29DD907A7165: Failed appendEntries as previous log entry ((t:2, i:0)) is not found
2022-11-01 02:15:18,467 [s1-server-thread3] INFO  server.RaftServer$Division (RaftServerImpl.java:checkInconsistentAppendEntries(1569)) - s1@group-29DD907A7165: inconsistency entries. Reply:s4<-s1#124:FAIL-t2,INCONSISTENCY,nextIndex=0,followerCommit=0,matchIndex=-1
2022-11-01 02:15:18,467 [grpc-default-executor-29] INFO  leader.FollowerInfo (FollowerInfoImpl.java:lambda$new$0(48)) - s4@group-29DD907A7165->s1: nextIndex: updateUnconditionally 1 -> 0
2022-11-01 02:15:18,468 [s1-server-thread3] DEBUG server.RaftServer$Division (RaftServerImpl.java:logAppendEntries(1418)) - s1@group-29DD907A7165: receive appendEntries(s4, 2, null, 0, true, commits:[s4:c0, s3:c0, s0:c0, s1:c0, s2:c0], cId:125, entries: [(t:2, i:0), CONFIGURATIONENTRY(current:id: "s3"
address: "localhost:46863"
dataStreamAddress: "localhost:44363"
clientAddress: "localhost:41041"
adminAddress: "localhost:41281"
startupRole: FOLLOWER
,id: "s4"
address: "localhost:36775"
dataStreamAddress: "localhost:42557"
clientAddress: "localhost:46475"
adminAddress: "localhost:35477"
startupRole: FOLLOWER
,id: "s0"
address: "localhost:33119"
dataStreamAddress: "localhost:34507"
clientAddress: "localhost:45597"
adminAddress: "localhost:42011"
startupRole: FOLLOWER
,id: "s1"
address: "localhost:43051"
dataStreamAddress: "localhost:41779"
clientAddress: "localhost:45233"
adminAddress: "localhost:41551"
startupRole: FOLLOWER
,id: "s2"
address: "localhost:41201"
dataStreamAddress: "localhost:43565"
clientAddress: "localhost:41547"
adminAddress: "localhost:41487"
startupRole: FOLLOWER
, old:)]
2022-11-01 02:15:18,468 [s1-server-thread3] INFO  server.RaftServer$Division (RaftServerImpl.java:checkInconsistentAppendEntries(1589)) - s1@group-29DD907A7165: Failed appendEntries as the first entry (index 0) already exists (snapshotIndex: -1, commitIndex: 0)
2022-11-01 02:15:18,468 [s1-server-thread3] INFO  server.RaftServer$Division (RaftServerImpl.java:checkInconsistentAppendEntries(1569)) - s1@group-29DD907A7165: inconsistency entries. Reply:s4<-s1#125:FAIL-t2,INCONSISTENCY,nextIndex=1,followerCommit=0,matchIndex=-1
2022-11-01 02:15:18,469 [grpc-default-executor-29] INFO  leader.FollowerInfo (FollowerInfoImpl.java:lambda$new$0(48)) - s4@group-29DD907A7165->s1: nextIndex: updateUnconditionally 1 -> 1
2022-11-01 02:15:18,550 [s1-server-thread3] INFO  server.RaftServer$Division (RaftServerImpl.java:checkInconsistentAppendEntries(1599)) - s1@group-29DD907A7165: Failed appendEntries as previous log entry ((t:2, i:0)) is not found
2022-11-01 02:15:18,551 [s1-server-thread3] INFO  server.RaftServer$Division (RaftServerImpl.java:checkInconsistentAppendEntries(1569)) - s1@group-29DD907A7165: inconsistency entries. Reply:s4<-s1#126:FAIL-t2,INCONSISTENCY,nextIndex=0,followerCommit=0,matchIndex=-1
2022-11-01 02:15:18,551 [grpc-default-executor-2] INFO  leader.FollowerInfo (FollowerInfoImpl.java:lambda$new$0(48)) - s4@group-29DD907A7165->s1: nextIndex: updateUnconditionally 1 -> 0
2022-11-01 02:15:18,552 [s1-server-thread3] DEBUG server.RaftServer$Division (RaftServerImpl.java:logAppendEntries(1418)) - s1@group-29DD907A7165: receive appendEntries(s4, 2, null, 0, true, commits:[s4:c0, s3:c0, s0:c0, s1:c0, s2:c0], cId:127, entries: [(t:2, i:0), CONFIGURATIONENTRY(current:id: "s3"
address: "localhost:46863"
dataStreamAddress: "localhost:44363"
clientAddress: "localhost:41041"
adminAddress: "localhost:41281"
startupRole: FOLLOWER
,id: "s4"
address: "localhost:36775"
dataStreamAddress: "localhost:42557"
clientAddress: "localhost:46475"
adminAddress: "localhost:35477"
startupRole: FOLLOWER
,id: "s0"
address: "localhost:33119"
dataStreamAddress: "localhost:34507"
clientAddress: "localhost:45597"
adminAddress: "localhost:42011"
startupRole: FOLLOWER
,id: "s1"
address: "localhost:43051"
dataStreamAddress: "localhost:41779"
clientAddress: "localhost:45233"
adminAddress: "localhost:41551"
startupRole: FOLLOWER
,id: "s2"
address: "localhost:41201"
dataStreamAddress: "localhost:43565"
clientAddress: "localhost:41547"
adminAddress: "localhost:41487"
startupRole: FOLLOWER
, old:)]
2022-11-01 02:15:18,552 [s1-server-thread3] INFO  server.RaftServer$Division (RaftServerImpl.java:checkInconsistentAppendEntries(1589)) - s1@group-29DD907A7165: Failed appendEntries as the first entry (index 0) already exists (snapshotIndex: -1, commitIndex: 0)
2022-11-01 02:15:18,552 [s1-server-thread3] INFO  server.RaftServer$Division (RaftServerImpl.java:checkInconsistentAppendEntries(1569)) - s1@group-29DD907A7165: inconsistency entries. Reply:s4<-s1#127:FAIL-t2,INCONSISTENCY,nextIndex=1,followerCommit=0,matchIndex=-1
2022-11-01 02:15:18,553 [grpc-default-executor-2] INFO  leader.FollowerInfo (FollowerInfoImpl.java:lambda$new$0(48)) - s4@group-29DD907A7165->s1: nextIndex: updateUnconditionally 1 -> 1
2022-11-01 02:15:18,630 [s1-server-thread3] INFO  server.RaftServer$Division (RaftServerImpl.java:checkInconsistentAppendEntries(1599)) - s1@group-29DD907A7165: Failed appendEntries as previous log entry ((t:2, i:0)) is not found
2022-11-01 02:15:18,630 [s1-server-thread3] INFO  server.RaftServer$Division (RaftServerImpl.java:checkInconsistentAppendEntries(1569)) - s1@group-29DD907A7165: inconsistency entries. Reply:s4<-s1#128:FAIL-t2,INCONSISTENCY,nextIndex=0,followerCommit=0,matchIndex=-1
2022-11-01 02:15:18,631 [grpc-default-executor-2] INFO  leader.FollowerInfo (FollowerInfoImpl.java:lambda$new$0(48)) - s4@group-29DD907A7165->s1: nextIndex: updateUnconditionally 1 -> 0
2022-11-01 02:15:18,632 [s1-server-thread3] DEBUG server.RaftServer$Division (RaftServerImpl.java:logAppendEntries(1418)) - s1@group-29DD907A7165: receive appendEntries(s4, 2, null, 0, true, commits:[s4:c0, s3:c0, s0:c0, s1:c0, s2:c0], cId:129, entries: [(t:2, i:0), CONFIGURATIONENTRY(current:id: "s3"
address: "localhost:46863"
dataStreamAddress: "localhost:44363"
clientAddress: "localhost:41041"
adminAddress: "localhost:41281"
startupRole: FOLLOWER
,id: "s4"
address: "localhost:36775"
dataStreamAddress: "localhost:42557"
clientAddress: "localhost:46475"
adminAddress: "localhost:35477"
startupRole: FOLLOWER
,id: "s0"
address: "localhost:33119"
dataStreamAddress: "localhost:34507"
clientAddress: "localhost:45597"
adminAddress: "localhost:42011"
startupRole: FOLLOWER
,id: "s1"
address: "localhost:43051"
dataStreamAddress: "localhost:41779"
clientAddress: "localhost:45233"
adminAddress: "localhost:41551"
startupRole: FOLLOWER
,id: "s2"
address: "localhost:41201"
dataStreamAddress: "localhost:43565"
clientAddress: "localhost:41547"
adminAddress: "localhost:41487"
startupRole: FOLLOWER
, old:)]
2022-11-01 02:15:18,632 [s1-server-thread3] INFO  server.RaftServer$Division (RaftServerImpl.java:checkInconsistentAppendEntries(1589)) - s1@group-29DD907A7165: Failed appendEntries as the first entry (index 0) already exists (snapshotIndex: -1, commitIndex: 0)
2022-11-01 02:15:18,632 [s1-server-thread3] INFO  server.RaftServer$Division (RaftServerImpl.java:checkInconsistentAppendEntries(1569)) - s1@group-29DD907A7165: inconsistency entries. Reply:s4<-s1#129:FAIL-t2,INCONSISTENCY,nextIndex=1,followerCommit=0,matchIndex=-1
2022-11-01 02:15:18,632 [grpc-default-executor-2] INFO  leader.FollowerInfo (FollowerInfoImpl.java:lambda$new$0(48)) - s4@group-29DD907A7165->s1: nextIndex: updateUnconditionally 1 -> 1
2022-11-01 02:15:18,708 [s1-server-thread3] INFO  server.RaftServer$Division (RaftServerImpl.java:checkInconsistentAppendEntries(1599)) - s1@group-29DD907A7165: Failed appendEntries as previous log entry ((t:2, i:0)) is not found
2022-11-01 02:15:18,709 [s1-server-thread3] INFO  server.RaftServer$Division (RaftServerImpl.java:checkInconsistentAppendEntries(1569)) - s1@group-29DD907A7165: inconsistency entries. Reply:s4<-s1#130:FAIL-t2,INCONSISTENCY,nextIndex=0,followerCommit=0,matchIndex=-1
2022-11-01 02:15:18,709 [grpc-default-executor-29] INFO  leader.FollowerInfo (FollowerInfoImpl.java:lambda$new$0(48)) - s4@group-29DD907A7165->s1: nextIndex: updateUnconditionally 1 -> 0
2022-11-01 02:15:18,710 [s1-server-thread3] DEBUG server.RaftServer$Division (RaftServerImpl.java:logAppendEntries(1418)) - s1@group-29DD907A7165: receive appendEntries(s4, 2, null, 0, true, commits:[s4:c0, s3:c0, s0:c0, s1:c0, s2:c0], cId:131, entries: [(t:2, i:0), CONFIGURATIONENTRY(current:id: "s3"
address: "localhost:46863"
dataStreamAddress: "localhost:44363"
clientAddress: "localhost:41041"
adminAddress: "localhost:41281"
startupRole: FOLLOWER
,id: "s4"
address: "localhost:36775"
dataStreamAddress: "localhost:42557"
clientAddress: "localhost:46475"
adminAddress: "localhost:35477"
startupRole: FOLLOWER
,id: "s0"
address: "localhost:33119"
dataStreamAddress: "localhost:34507"
clientAddress: "localhost:45597"
adminAddress: "localhost:42011"
startupRole: FOLLOWER
,id: "s1"
address: "localhost:43051"
dataStreamAddress: "localhost:41779"
clientAddress: "localhost:45233"
adminAddress: "localhost:41551"
startupRole: FOLLOWER
,id: "s2"
address: "localhost:41201"
dataStreamAddress: "localhost:43565"
clientAddress: "localhost:41547"
adminAddress: "localhost:41487"
startupRole: FOLLOWER
, old:)]
2022-11-01 02:15:18,710 [s1-server-thread3] INFO  server.RaftServer$Division (RaftServerImpl.java:checkInconsistentAppendEntries(1589)) - s1@group-29DD907A7165: Failed appendEntries as the first entry (index 0) already exists (snapshotIndex: -1, commitIndex: 0)
2022-11-01 02:15:18,711 [s1-server-thread3] INFO  server.RaftServer$Division (RaftServerImpl.java:checkInconsistentAppendEntries(1569)) - s1@group-29DD907A7165: inconsistency entries. Reply:s4<-s1#131:FAIL-t2,INCONSISTENCY,nextIndex=1,followerCommit=0,matchIndex=-1
2022-11-01 02:15:18,711 [grpc-default-executor-29] INFO  leader.FollowerInfo (FollowerInfoImpl.java:lambda$new$0(48)) - s4@group-29DD907A7165->s1: nextIndex: updateUnconditionally 1 -> 1
2022-11-01 02:15:18,787 [s1-server-thread3] INFO  server.RaftServer$Division (RaftServerImpl.java:checkInconsistentAppendEntries(1599)) - s1@group-29DD907A7165: Failed appendEntries as previous log entry ((t:2, i:0)) is not found
2022-11-01 02:15:18,787 [s1-server-thread3] INFO  server.RaftServer$Division (RaftServerImpl.java:checkInconsistentAppendEntries(1569)) - s1@group-29DD907A7165: inconsistency entries. Reply:s4<-s1#132:FAIL-t2,INCONSISTENCY,nextIndex=0,followerCommit=0,matchIndex=-1
2022-11-01 02:15:18,788 [grpc-default-executor-2] INFO  leader.FollowerInfo (FollowerInfoImpl.java:lambda$new$0(48)) - s4@group-29DD907A7165->s1: nextIndex: updateUnconditionally 1 -> 0
2022-11-01 02:15:18,789 [s1-server-thread3] DEBUG server.RaftServer$Division (RaftServerImpl.java:logAppendEntries(1418)) - s1@group-29DD907A7165: receive appendEntries(s4, 2, null, 0, true, commits:[s4:c0, s3:c0, s0:c0, s1:c0, s2:c0], cId:133, entries: [(t:2, i:0), CONFIGURATIONENTRY(current:id: "s3"
address: "localhost:46863"
dataStreamAddress: "localhost:44363"
clientAddress: "localhost:41041"
adminAddress: "localhost:41281"
startupRole: FOLLOWER
,id: "s4"
address: "localhost:36775"
dataStreamAddress: "localhost:42557"
clientAddress: "localhost:46475"
adminAddress: "localhost:35477"
startupRole: FOLLOWER
,id: "s0"
address: "localhost:33119"
dataStreamAddress: "localhost:34507"
clientAddress: "localhost:45597"
adminAddress: "localhost:42011"
startupRole: FOLLOWER
,id: "s1"
address: "localhost:43051"
dataStreamAddress: "localhost:41779"
clientAddress: "localhost:45233"
adminAddress: "localhost:41551"
startupRole: FOLLOWER
,id: "s2"
address: "localhost:41201"
dataStreamAddress: "localhost:43565"
clientAddress: "localhost:41547"
adminAddress: "localhost:41487"
startupRole: FOLLOWER
, old:)]
2022-11-01 02:15:18,789 [s1-server-thread3] INFO  server.RaftServer$Division (RaftServerImpl.java:checkInconsistentAppendEntries(1589)) - s1@group-29DD907A7165: Failed appendEntries as the first entry (index 0) already exists (snapshotIndex: -1, commitIndex: 0)
2022-11-01 02:15:18,789 [s1-server-thread3] INFO  server.RaftServer$Division (RaftServerImpl.java:checkInconsistentAppendEntries(1569)) - s1@group-29DD907A7165: inconsistency entries. Reply:s4<-s1#133:FAIL-t2,INCONSISTENCY,nextIndex=1,followerCommit=0,matchIndex=-1
2022-11-01 02:15:18,789 [grpc-default-executor-2] INFO  leader.FollowerInfo (FollowerInfoImpl.java:lambda$new$0(48)) - s4@group-29DD907A7165->s1: nextIndex: updateUnconditionally 1 -> 1
2022-11-01 02:15:18,866 [s1-server-thread3] INFO  server.RaftServer$Division (RaftServerImpl.java:checkInconsistentAppendEntries(1599)) - s1@group-29DD907A7165: Failed appendEntries as previous log entry ((t:2, i:0)) is not found
2022-11-01 02:15:18,866 [s1-server-thread3] INFO  server.RaftServer$Division (RaftServerImpl.java:checkInconsistentAppendEntries(1569)) - s1@group-29DD907A7165: inconsistency entries. Reply:s4<-s1#134:FAIL-t2,INCONSISTENCY,nextIndex=0,followerCommit=0,matchIndex=-1
2022-11-01 02:15:18,867 [grpc-default-executor-2] INFO  leader.FollowerInfo (FollowerInfoImpl.java:lambda$new$0(48)) - s4@group-29DD907A7165->s1: nextIndex: updateUnconditionally 1 -> 0
2022-11-01 02:15:18,867 [s1-server-thread3] DEBUG server.RaftServer$Division (RaftServerImpl.java:logAppendEntries(1418)) - s1@group-29DD907A7165: receive appendEntries(s4, 2, null, 0, true, commits:[s4:c0, s3:c0, s0:c0, s1:c0, s2:c0], cId:135, entries: [(t:2, i:0), CONFIGURATIONENTRY(current:id: "s3"
address: "localhost:46863"
dataStreamAddress: "localhost:44363"
clientAddress: "localhost:41041"
adminAddress: "localhost:41281"
startupRole: FOLLOWER
,id: "s4"
address: "localhost:36775"
dataStreamAddress: "localhost:42557"
clientAddress: "localhost:46475"
adminAddress: "localhost:35477"
startupRole: FOLLOWER
,id: "s0"
address: "localhost:33119"
dataStreamAddress: "localhost:34507"
clientAddress: "localhost:45597"
adminAddress: "localhost:42011"
startupRole: FOLLOWER
,id: "s1"
address: "localhost:43051"
dataStreamAddress: "localhost:41779"
clientAddress: "localhost:45233"
adminAddress: "localhost:41551"
startupRole: FOLLOWER
,id: "s2"
address: "localhost:41201"
dataStreamAddress: "localhost:43565"
clientAddress: "localhost:41547"
adminAddress: "localhost:41487"
startupRole: FOLLOWER
, old:)]
2022-11-01 02:15:18,868 [s1-server-thread3] INFO  server.RaftServer$Division (RaftServerImpl.java:checkInconsistentAppendEntries(1589)) - s1@group-29DD907A7165: Failed appendEntries as the first entry (index 0) already exists (snapshotIndex: -1, commitIndex: 0)
2022-11-01 02:15:18,868 [s1-server-thread3] INFO  server.RaftServer$Division (RaftServerImpl.java:checkInconsistentAppendEntries(1569)) - s1@group-29DD907A7165: inconsistency entries. Reply:s4<-s1#135:FAIL-t2,INCONSISTENCY,nextIndex=1,followerCommit=0,matchIndex=-1
2022-11-01 02:15:18,868 [grpc-default-executor-2] INFO  leader.FollowerInfo (FollowerInfoImpl.java:lambda$new$0(48)) - s4@group-29DD907A7165->s1: nextIndex: updateUnconditionally 1 -> 1
2022-11-01 02:15:18,945 [s1-server-thread3] INFO  server.RaftServer$Division (RaftServerImpl.java:checkInconsistentAppendEntries(1599)) - s1@group-29DD907A7165: Failed appendEntries as previous log entry ((t:2, i:0)) is not found
2022-11-01 02:15:18,945 [s1-server-thread3] INFO  server.RaftServer$Division (RaftServerImpl.java:checkInconsistentAppendEntries(1569)) - s1@group-29DD907A7165: inconsistency entries. Reply:s4<-s1#136:FAIL-t2,INCONSISTENCY,nextIndex=0,followerCommit=0,matchIndex=-1
2022-11-01 02:15:18,945 [grpc-default-executor-2] INFO  leader.FollowerInfo (FollowerInfoImpl.java:lambda$new$0(48)) - s4@group-29DD907A7165->s1: nextIndex: updateUnconditionally 1 -> 0
2022-11-01 02:15:18,947 [s1-server-thread3] DEBUG server.RaftServer$Division (RaftServerImpl.java:logAppendEntries(1418)) - s1@group-29DD907A7165: receive appendEntries(s4, 2, null, 0, true, commits:[s4:c0, s3:c0, s0:c0, s1:c0, s2:c0], cId:137, entries: [(t:2, i:0), CONFIGURATIONENTRY(current:id: "s3"
address: "localhost:46863"
dataStreamAddress: "localhost:44363"
clientAddress: "localhost:41041"
adminAddress: "localhost:41281"
startupRole: FOLLOWER
,id: "s4"
address: "localhost:36775"
dataStreamAddress: "localhost:42557"
clientAddress: "localhost:46475"
adminAddress: "localhost:35477"
startupRole: FOLLOWER
,id: "s0"
address: "localhost:33119"
dataStreamAddress: "localhost:34507"
clientAddress: "localhost:45597"
adminAddress: "localhost:42011"
startupRole: FOLLOWER
,id: "s1"
address: "localhost:43051"
dataStreamAddress: "localhost:41779"
clientAddress: "localhost:45233"
adminAddress: "localhost:41551"
startupRole: FOLLOWER
,id: "s2"
address: "localhost:41201"
dataStreamAddress: "localhost:43565"
clientAddress: "localhost:41547"
adminAddress: "localhost:41487"
startupRole: FOLLOWER
, old:)]
2022-11-01 02:15:18,947 [s1-server-thread3] INFO  server.RaftServer$Division (RaftServerImpl.java:checkInconsistentAppendEntries(1589)) - s1@group-29DD907A7165: Failed appendEntries as the first entry (index 0) already exists (snapshotIndex: -1, commitIndex: 0)
2022-11-01 02:15:18,947 [s1-server-thread3] INFO  server.RaftServer$Division (RaftServerImpl.java:checkInconsistentAppendEntries(1569)) - s1@group-29DD907A7165: inconsistency entries. Reply:s4<-s1#137:FAIL-t2,INCONSISTENCY,nextIndex=1,followerCommit=0,matchIndex=-1
2022-11-01 02:15:18,947 [grpc-default-executor-2] INFO  leader.FollowerInfo (FollowerInfoImpl.java:lambda$new$0(48)) - s4@group-29DD907A7165->s1: nextIndex: updateUnconditionally 1 -> 1
2022-11-01 02:15:19,019 [Time-limited test] INFO  grpc.TestLeaderElectionWithGrpc (LeaderElectionTests.java:enforceLeader(292)) - try enforcing leader to s1 but new leader is s4
2022-11-01 02:15:19,019 [Time-limited test] INFO  server.RaftServerConfigKeys (ConfUtils.java:logGet(46)) - raft.server.rpc.timeout.max = 300ms (default)
2022-11-01 02:15:19,023 [s4@group-29DD907A7165->s1-GrpcLogAppender-LogAppenderDaemon] INFO  util.CodeInjectionForTesting (DelayLocalExecutionInjection.java:execute(65)) - s4 delay 150 ms, args=[serverRequest {
  requestorId: "s4"
  replyId: "s1"
  raftGroupId {
    id: "\306I{yg\341A\222\264\356)\335\220zqe"
  }
  callId: 138
  slidingWindowEntry {
  }
}
leaderTerm: 2
previousLog {
  term: 2
}
initializing: true
commitInfos {
  server {
    id: "s4"
    address: "localhost:36775"
    dataStreamAddress: "localhost:42557"
    clientAddress: "localhost:46475"
    adminAddress: "localhost:35477"
    startupRole: FOLLOWER
  }
}
commitInfos {
  server {
    id: "s3"
    address: "localhost:46863"
    dataStreamAddress: "localhost:44363"
    clientAddress: "localhost:41041"
    adminAddress: "localhost:41281"
    startupRole: FOLLOWER
  }
}
commitInfos {
  server {
    id: "s0"
    address: "localhost:33119"
    dataStreamAddress: "localhost:34507"
    clientAddress: "localhost:45597"
    adminAddress: "localhost:42011"
    startupRole: FOLLOWER
  }
}
commitInfos {
  server {
    id: "s1"
    address: "localhost:43051"
    dataStreamAddress: "localhost:41779"
    clientAddress: "localhost:45233"
    adminAddress: "localhost:41551"
    startupRole: FOLLOWER
  }
}
commitInfos {
  server {
    id: "s2"
    address: "localhost:41201"
    dataStreamAddress: "localhost:43565"
    clientAddress: "localhost:41547"
    adminAddress: "localhost:41487"
    startupRole: FOLLOWER
  }
}
]
2022-11-01 02:15:19,051 [s4@group-29DD907A7165->s2-GrpcLogAppender-LogAppenderDaemon] INFO  util.CodeInjectionForTesting (DelayLocalExecutionInjection.java:execute(65)) - s4 delay 150 ms, args=[serverRequest {
  requestorId: "s4"
  replyId: "s2"
  raftGroupId {
    id: "\306I{yg\341A\222\264\356)\335\220zqe"
  }
  callId: 68
  slidingWindowEntry {
  }
}
leaderTerm: 2
previousLog {
  term: 2
}
initializing: true
commitInfos {
  server {
    id: "s4"
    address: "localhost:36775"
    dataStreamAddress: "localhost:42557"
    clientAddress: "localhost:46475"
    adminAddress: "localhost:35477"
    startupRole: FOLLOWER
  }
}
commitInfos {
  server {
    id: "s3"
    address: "localhost:46863"
    dataStreamAddress: "localhost:44363"
    clientAddress: "localhost:41041"
    adminAddress: "localhost:41281"
    startupRole: FOLLOWER
  }
}
commitInfos {
  server {
    id: "s0"
    address: "localhost:33119"
    dataStreamAddress: "localhost:34507"
    clientAddress: "localhost:45597"
    adminAddress: "localhost:42011"
    startupRole: FOLLOWER
  }
}
commitInfos {
  server {
    id: "s1"
    address: "localhost:43051"
    dataStreamAddress: "localhost:41779"
    clientAddress: "localhost:45233"
    adminAddress: "localhost:41551"
    startupRole: FOLLOWER
  }
}
commitInfos {
  server {
    id: "s2"
    address: "localhost:41201"
    dataStreamAddress: "localhost:43565"
    clientAddress: "localhost:41547"
    adminAddress: "localhost:41487"
    startupRole: FOLLOWER
  }
}
]
2022-11-01 02:15:19,051 [s4@group-29DD907A7165->s3-GrpcLogAppender-LogAppenderDaemon] INFO  util.CodeInjectionForTesting (DelayLocalExecutionInjection.java:execute(65)) - s4 delay 150 ms, args=[serverRequest {
  requestorId: "s4"
  replyId: "s3"
  raftGroupId {
    id: "\306I{yg\341A\222\264\356)\335\220zqe"
  }
  callId: 72
  slidingWindowEntry {
  }
}
leaderTerm: 2
previousLog {
  term: 2
}
initializing: true
commitInfos {
  server {
    id: "s4"
    address: "localhost:36775"
    dataStreamAddress: "localhost:42557"
    clientAddress: "localhost:46475"
    adminAddress: "localhost:35477"
    startupRole: FOLLOWER
  }
}
commitInfos {
  server {
    id: "s3"
    address: "localhost:46863"
    dataStreamAddress: "localhost:44363"
    clientAddress: "localhost:41041"
    adminAddress: "localhost:41281"
    startupRole: FOLLOWER
  }
}
commitInfos {
  server {
    id: "s0"
    address: "localhost:33119"
    dataStreamAddress: "localhost:34507"
    clientAddress: "localhost:45597"
    adminAddress: "localhost:42011"
    startupRole: FOLLOWER
  }
}
commitInfos {
  server {
    id: "s1"
    address: "localhost:43051"
    dataStreamAddress: "localhost:41779"
    clientAddress: "localhost:45233"
    adminAddress: "localhost:41551"
    startupRole: FOLLOWER
  }
}
commitInfos {
  server {
    id: "s2"
    address: "localhost:41201"
    dataStreamAddress: "localhost:43565"
    clientAddress: "localhost:41547"
    adminAddress: "localhost:41487"
    startupRole: FOLLOWER
  }
}
]
2022-11-01 02:15:19,081 [s4@group-29DD907A7165->s0-GrpcLogAppender-LogAppenderDaemon] INFO  util.CodeInjectionForTesting (DelayLocalExecutionInjection.java:execute(65)) - s4 delay 150 ms, args=[serverRequest {
  requestorId: "s4"
  replyId: "s0"
  raftGroupId {
    id: "\306I{yg\341A\222\264\356)\335\220zqe"
  }
  callId: 82
  slidingWindowEntry {
  }
}
leaderTerm: 2
previousLog {
  term: 2
}
initializing: true
commitInfos {
  server {
    id: "s4"
    address: "localhost:36775"
    dataStreamAddress: "localhost:42557"
    clientAddress: "localhost:46475"
    adminAddress: "localhost:35477"
    startupRole: FOLLOWER
  }
}
commitInfos {
  server {
    id: "s3"
    address: "localhost:46863"
    dataStreamAddress: "localhost:44363"
    clientAddress: "localhost:41041"
    adminAddress: "localhost:41281"
    startupRole: FOLLOWER
  }
}
commitInfos {
  server {
    id: "s0"
    address: "localhost:33119"
    dataStreamAddress: "localhost:34507"
    clientAddress: "localhost:45597"
    adminAddress: "localhost:42011"
    startupRole: FOLLOWER
  }
}
commitInfos {
  server {
    id: "s1"
    address: "localhost:43051"
    dataStreamAddress: "localhost:41779"
    clientAddress: "localhost:45233"
    adminAddress: "localhost:41551"
    startupRole: FOLLOWER
  }
}
commitInfos {
  server {
    id: "s2"
    address: "localhost:41201"
    dataStreamAddress: "localhost:43565"
    clientAddress: "localhost:41547"
    adminAddress: "localhost:41487"
    startupRole: FOLLOWER
  }
}
]
2022-11-01 02:15:19,174 [s1-server-thread3] INFO  util.CodeInjectionForTesting (BlockRequestHandlingInjection.java:execute(77)) - s1: Block request from s4
2022-11-01 02:15:19,211 [s4@group-29DD907A7165->s1-GrpcLogAppender-LogAppenderDaemon] INFO  util.CodeInjectionForTesting (DelayLocalExecutionInjection.java:execute(65)) - s4 delay 150 ms, args=[serverRequest {
  requestorId: "s4"
  replyId: "s1"
  raftGroupId {
    id: "\306I{yg\341A\222\264\356)\335\220zqe"
  }
  callId: 139
  slidingWindowEntry {
  }
}
leaderTerm: 2
previousLog {
  term: 2
}
initializing: true
commitInfos {
  server {
    id: "s4"
    address: "localhost:36775"
    dataStreamAddress: "localhost:42557"
    clientAddress: "localhost:46475"
    adminAddress: "localhost:35477"
    startupRole: FOLLOWER
  }
}
commitInfos {
  server {
    id: "s3"
    address: "localhost:46863"
    dataStreamAddress: "localhost:44363"
    clientAddress: "localhost:41041"
    adminAddress: "localhost:41281"
    startupRole: FOLLOWER
  }
}
commitInfos {
  server {
    id: "s0"
    address: "localhost:33119"
    dataStreamAddress: "localhost:34507"
    clientAddress: "localhost:45597"
    adminAddress: "localhost:42011"
    startupRole: FOLLOWER
  }
}
commitInfos {
  server {
    id: "s1"
    address: "localhost:43051"
    dataStreamAddress: "localhost:41779"
    clientAddress: "localhost:45233"
    adminAddress: "localhost:41551"
    startupRole: FOLLOWER
  }
}
commitInfos {
  server {
    id: "s2"
    address: "localhost:41201"
    dataStreamAddress: "localhost:43565"
    clientAddress: "localhost:41547"
    adminAddress: "localhost:41487"
    startupRole: FOLLOWER
  }
}
]
2022-11-01 02:15:19,279 [s4@group-29DD907A7165->s3-GrpcLogAppender-LogAppenderDaemon] INFO  util.CodeInjectionForTesting (DelayLocalExecutionInjection.java:execute(65)) - s4 delay 150 ms, args=[serverRequest {
  requestorId: "s4"
  replyId: "s3"
  raftGroupId {
    id: "\306I{yg\341A\222\264\356)\335\220zqe"
  }
  callId: 73
  slidingWindowEntry {
  }
}
leaderTerm: 2
previousLog {
  term: 2
}
initializing: true
commitInfos {
  server {
    id: "s4"
    address: "localhost:36775"
    dataStreamAddress: "localhost:42557"
    clientAddress: "localhost:46475"
    adminAddress: "localhost:35477"
    startupRole: FOLLOWER
  }
}
commitInfos {
  server {
    id: "s3"
    address: "localhost:46863"
    dataStreamAddress: "localhost:44363"
    clientAddress: "localhost:41041"
    adminAddress: "localhost:41281"
    startupRole: FOLLOWER
  }
}
commitInfos {
  server {
    id: "s0"
    address: "localhost:33119"
    dataStreamAddress: "localhost:34507"
    clientAddress: "localhost:45597"
    adminAddress: "localhost:42011"
    startupRole: FOLLOWER
  }
}
commitInfos {
  server {
    id: "s1"
    address: "localhost:43051"
    dataStreamAddress: "localhost:41779"
    clientAddress: "localhost:45233"
    adminAddress: "localhost:41551"
    startupRole: FOLLOWER
  }
}
commitInfos {
  server {
    id: "s2"
    address: "localhost:41201"
    dataStreamAddress: "localhost:43565"
    clientAddress: "localhost:41547"
    adminAddress: "localhost:41487"
    startupRole: FOLLOWER
  }
}
]
2022-11-01 02:15:19,279 [s4@group-29DD907A7165->s2-GrpcLogAppender-LogAppenderDaemon] INFO  util.CodeInjectionForTesting (DelayLocalExecutionInjection.java:execute(65)) - s4 delay 150 ms, args=[serverRequest {
  requestorId: "s4"
  replyId: "s2"
  raftGroupId {
    id: "\306I{yg\341A\222\264\356)\335\220zqe"
  }
  callId: 69
  slidingWindowEntry {
  }
}
leaderTerm: 2
previousLog {
  term: 2
}
initializing: true
commitInfos {
  server {
    id: "s4"
    address: "localhost:36775"
    dataStreamAddress: "localhost:42557"
    clientAddress: "localhost:46475"
    adminAddress: "localhost:35477"
    startupRole: FOLLOWER
  }
}
commitInfos {
  server {
    id: "s3"
    address: "localhost:46863"
    dataStreamAddress: "localhost:44363"
    clientAddress: "localhost:41041"
    adminAddress: "localhost:41281"
    startupRole: FOLLOWER
  }
}
commitInfos {
  server {
    id: "s0"
    address: "localhost:33119"
    dataStreamAddress: "localhost:34507"
    clientAddress: "localhost:45597"
    adminAddress: "localhost:42011"
    startupRole: FOLLOWER
  }
}
commitInfos {
  server {
    id: "s1"
    address: "localhost:43051"
    dataStreamAddress: "localhost:41779"
    clientAddress: "localhost:45233"
    adminAddress: "localhost:41551"
    startupRole: FOLLOWER
  }
}
commitInfos {
  server {
    id: "s2"
    address: "localhost:41201"
    dataStreamAddress: "localhost:43565"
    clientAddress: "localhost:41547"
    adminAddress: "localhost:41487"
    startupRole: FOLLOWER
  }
}
]
2022-11-01 02:15:19,309 [s4@group-29DD907A7165->s0-GrpcLogAppender-LogAppenderDaemon] INFO  util.CodeInjectionForTesting (DelayLocalExecutionInjection.java:execute(65)) - s4 delay 150 ms, args=[serverRequest {
  requestorId: "s4"
  replyId: "s0"
  raftGroupId {
    id: "\306I{yg\341A\222\264\356)\335\220zqe"
  }
  callId: 83
  slidingWindowEntry {
  }
}
leaderTerm: 2
previousLog {
  term: 2
}
initializing: true
commitInfos {
  server {
    id: "s4"
    address: "localhost:36775"
    dataStreamAddress: "localhost:42557"
    clientAddress: "localhost:46475"
    adminAddress: "localhost:35477"
    startupRole: FOLLOWER
  }
}
commitInfos {
  server {
    id: "s3"
    address: "localhost:46863"
    dataStreamAddress: "localhost:44363"
    clientAddress: "localhost:41041"
    adminAddress: "localhost:41281"
    startupRole: FOLLOWER
  }
}
commitInfos {
  server {
    id: "s0"
    address: "localhost:33119"
    dataStreamAddress: "localhost:34507"
    clientAddress: "localhost:45597"
    adminAddress: "localhost:42011"
    startupRole: FOLLOWER
  }
}
commitInfos {
  server {
    id: "s1"
    address: "localhost:43051"
    dataStreamAddress: "localhost:41779"
    clientAddress: "localhost:45233"
    adminAddress: "localhost:41551"
    startupRole: FOLLOWER
  }
}
commitInfos {
  server {
    id: "s2"
    address: "localhost:41201"
    dataStreamAddress: "localhost:43565"
    clientAddress: "localhost:41547"
    adminAddress: "localhost:41487"
    startupRole: FOLLOWER
  }
}
]
2022-11-01 02:15:19,400 [s4@group-29DD907A7165->s1-GrpcLogAppender-LogAppenderDaemon] INFO  util.CodeInjectionForTesting (DelayLocalExecutionInjection.java:execute(65)) - s4 delay 150 ms, args=[serverRequest {
  requestorId: "s4"
  replyId: "s1"
  raftGroupId {
    id: "\306I{yg\341A\222\264\356)\335\220zqe"
  }
  callId: 140
  slidingWindowEntry {
  }
}
leaderTerm: 2
previousLog {
  term: 2
}
initializing: true
commitInfos {
  server {
    id: "s4"
    address: "localhost:36775"
    dataStreamAddress: "localhost:42557"
    clientAddress: "localhost:46475"
    adminAddress: "localhost:35477"
    startupRole: FOLLOWER
  }
}
commitInfos {
  server {
    id: "s3"
    address: "localhost:46863"
    dataStreamAddress: "localhost:44363"
    clientAddress: "localhost:41041"
    adminAddress: "localhost:41281"
    startupRole: FOLLOWER
  }
}
commitInfos {
  server {
    id: "s0"
    address: "localhost:33119"
    dataStreamAddress: "localhost:34507"
    clientAddress: "localhost:45597"
    adminAddress: "localhost:42011"
    startupRole: FOLLOWER
  }
}
commitInfos {
  server {
    id: "s1"
    address: "localhost:43051"
    dataStreamAddress: "localhost:41779"
    clientAddress: "localhost:45233"
    adminAddress: "localhost:41551"
    startupRole: FOLLOWER
  }
}
commitInfos {
  server {
    id: "s2"
    address: "localhost:41201"
    dataStreamAddress: "localhost:43565"
    clientAddress: "localhost:41547"
    adminAddress: "localhost:41487"
    startupRole: FOLLOWER
  }
}
]
2022-11-01 02:15:19,405 [s1@group-29DD907A7165-FollowerState] INFO  impl.FollowerState (FollowerState.java:run(143)) - s1@group-29DD907A7165-FollowerState: change to CANDIDATE, lastRpcElapsedTime:457853444ns, electionTimeout:233ms
2022-11-01 02:15:19,405 [s1@group-29DD907A7165-FollowerState] INFO  impl.RoleInfo (RoleInfo.java:shutdownFollowerState(110)) - s1: shutdown s1@group-29DD907A7165-FollowerState
2022-11-01 02:15:19,405 [s1@group-29DD907A7165-FollowerState] INFO  server.RaftServer$Division (RaftServerImpl.java:setRole(325)) - s1@group-29DD907A7165: changes role from  FOLLOWER to CANDIDATE at term 2 for changeToCandidate
2022-11-01 02:15:19,405 [s1@group-29DD907A7165-FollowerState] INFO  server.RaftServerConfigKeys (ConfUtils.java:logGet(46)) - raft.server.leaderelection.pre-vote = true (default)
2022-11-01 02:15:19,405 [s1@group-29DD907A7165-FollowerState] INFO  impl.RoleInfo (RoleInfo.java:updateAndGet(139)) - s1: start s1@group-29DD907A7165-LeaderElection34
2022-11-01 02:15:19,408 [s1@group-29DD907A7165-LeaderElection34] INFO  server.RaftServer$Division (ServerState.java:setLeader(259)) - s1@group-29DD907A7165: change Leader from s4 to null at term 2 for PRE_VOTE
2022-11-01 02:15:19,409 [s1@group-29DD907A7165-LeaderElection34] INFO  impl.LeaderElection (LeaderElection.java:askForVotes(309)) - s1@group-29DD907A7165-LeaderElection34 PRE_VOTE round 0: submit vote requests at term 2 for 0: peers:[s3|rpc:localhost:46863|admin:localhost:41281|client:localhost:41041|dataStream:localhost:44363|priority:0|startupRole:FOLLOWER, s4|rpc:localhost:36775|admin:localhost:35477|client:localhost:46475|dataStream:localhost:42557|priority:0|startupRole:FOLLOWER, s0|rpc:localhost:33119|admin:localhost:42011|client:localhost:45597|dataStream:localhost:34507|priority:0|startupRole:FOLLOWER, s1|rpc:localhost:43051|admin:localhost:41551|client:localhost:45233|dataStream:localhost:41779|priority:0|startupRole:FOLLOWER, s2|rpc:localhost:41201|admin:localhost:41487|client:localhost:41547|dataStream:localhost:43565|priority:0|startupRole:FOLLOWER]|listeners:[], old=null
2022-11-01 02:15:19,412 [grpc-default-executor-29] INFO  server.RaftServer$Division (RaftServerImpl.java:requestVote(1291)) - s3@group-29DD907A7165: receive requestVote(PRE_VOTE, s1, group-29DD907A7165, 2, (t:1, i:0))
2022-11-01 02:15:19,412 [grpc-default-executor-29] INFO  impl.VoteContext (VoteContext.java:log(49)) - s3@group-29DD907A7165-FOLLOWER: reject PRE_VOTE from s1: our last entry (t:2, i:0) > candidate's last entry (t:1, i:0)
2022-11-01 02:15:19,413 [grpc-default-executor-29] INFO  server.RaftServer$Division (RaftServerImpl.java:requestVote(1324)) - s3@group-29DD907A7165 replies to PRE_VOTE vote request: s1<-s3#0:FAIL-t2. Peer's state: s3@group-29DD907A7165:t2, leader=s4, voted=s4, raftlog=Memoized:s3@group-29DD907A7165-SegmentedRaftLog:OPENED:c0, conf=0: peers:[s3|rpc:localhost:46863|admin:localhost:41281|client:localhost:41041|dataStream:localhost:44363|priority:0|startupRole:FOLLOWER, s4|rpc:localhost:36775|admin:localhost:35477|client:localhost:46475|dataStream:localhost:42557|priority:0|startupRole:FOLLOWER, s0|rpc:localhost:33119|admin:localhost:42011|client:localhost:45597|dataStream:localhost:34507|priority:0|startupRole:FOLLOWER, s1|rpc:localhost:43051|admin:localhost:41551|client:localhost:45233|dataStream:localhost:41779|priority:0|startupRole:FOLLOWER, s2|rpc:localhost:41201|admin:localhost:41487|client:localhost:41547|dataStream:localhost:43565|priority:0|startupRole:FOLLOWER]|listeners:[], old=null
2022-11-01 02:15:19,413 [grpc-default-executor-5] INFO  server.RaftServer$Division (RaftServerImpl.java:requestVote(1291)) - s0@group-29DD907A7165: receive requestVote(PRE_VOTE, s1, group-29DD907A7165, 2, (t:1, i:0))
2022-11-01 02:15:19,413 [grpc-default-executor-5] INFO  impl.VoteContext (VoteContext.java:log(49)) - s0@group-29DD907A7165-FOLLOWER: reject PRE_VOTE from s1: our last entry (t:2, i:0) > candidate's last entry (t:1, i:0)
2022-11-01 02:15:19,413 [grpc-default-executor-5] INFO  server.RaftServer$Division (RaftServerImpl.java:requestVote(1324)) - s0@group-29DD907A7165 replies to PRE_VOTE vote request: s1<-s0#0:FAIL-t2. Peer's state: s0@group-29DD907A7165:t2, leader=s4, voted=s4, raftlog=Memoized:s0@group-29DD907A7165-SegmentedRaftLog:OPENED:c0, conf=0: peers:[s3|rpc:localhost:46863|admin:localhost:41281|client:localhost:41041|dataStream:localhost:44363|priority:0|startupRole:FOLLOWER, s4|rpc:localhost:36775|admin:localhost:35477|client:localhost:46475|dataStream:localhost:42557|priority:0|startupRole:FOLLOWER, s0|rpc:localhost:33119|admin:localhost:42011|client:localhost:45597|dataStream:localhost:34507|priority:0|startupRole:FOLLOWER, s1|rpc:localhost:43051|admin:localhost:41551|client:localhost:45233|dataStream:localhost:41779|priority:0|startupRole:FOLLOWER, s2|rpc:localhost:41201|admin:localhost:41487|client:localhost:41547|dataStream:localhost:43565|priority:0|startupRole:FOLLOWER]|listeners:[], old=null
2022-11-01 02:15:19,414 [grpc-default-executor-24] INFO  server.RaftServer$Division (RaftServerImpl.java:requestVote(1291)) - s4@group-29DD907A7165: receive requestVote(PRE_VOTE, s1, group-29DD907A7165, 2, (t:1, i:0))
2022-11-01 02:15:19,414 [grpc-default-executor-24] INFO  impl.VoteContext (VoteContext.java:log(49)) - s4@group-29DD907A7165-LEADER: reject PRE_VOTE from s1: this server is the leader and still has leadership
2022-11-01 02:15:19,414 [grpc-default-executor-24] INFO  server.RaftServer$Division (RaftServerImpl.java:requestVote(1324)) - s4@group-29DD907A7165 replies to PRE_VOTE vote request: s1<-s4#0:FAIL-t2. Peer's state: s4@group-29DD907A7165:t2, leader=s4, voted=s4, raftlog=Memoized:s4@group-29DD907A7165-SegmentedRaftLog:OPENED:c0, conf=0: peers:[s3|rpc:localhost:46863|admin:localhost:41281|client:localhost:41041|dataStream:localhost:44363|priority:0|startupRole:FOLLOWER, s4|rpc:localhost:36775|admin:localhost:35477|client:localhost:46475|dataStream:localhost:42557|priority:0|startupRole:FOLLOWER, s0|rpc:localhost:33119|admin:localhost:42011|client:localhost:45597|dataStream:localhost:34507|priority:0|startupRole:FOLLOWER, s1|rpc:localhost:43051|admin:localhost:41551|client:localhost:45233|dataStream:localhost:41779|priority:0|startupRole:FOLLOWER, s2|rpc:localhost:41201|admin:localhost:41487|client:localhost:41547|dataStream:localhost:43565|priority:0|startupRole:FOLLOWER]|listeners:[], old=null
2022-11-01 02:15:19,417 [s1@group-29DD907A7165-LeaderElection34] INFO  impl.LeaderElection (LeaderElection.java:logAndReturn(89)) - s1@group-29DD907A7165-LeaderElection34: PRE_VOTE REJECTED received 3 response(s) and 0 exception(s):
2022-11-01 02:15:19,417 [s1@group-29DD907A7165-LeaderElection34] INFO  impl.LeaderElection (LeaderElection.java:logAndReturn(93)) -   Response 0: s1<-s3#0:FAIL-t2
2022-11-01 02:15:19,418 [s1@group-29DD907A7165-LeaderElection34] INFO  impl.LeaderElection (LeaderElection.java:logAndReturn(93)) -   Response 1: s1<-s4#0:FAIL-t2
2022-11-01 02:15:19,418 [s1@group-29DD907A7165-LeaderElection34] INFO  impl.LeaderElection (LeaderElection.java:logAndReturn(93)) -   Response 2: s1<-s0#0:FAIL-t2
2022-11-01 02:15:19,418 [s1@group-29DD907A7165-LeaderElection34] INFO  impl.LeaderElection (LeaderElection.java:askForVotes(311)) - s1@group-29DD907A7165-LeaderElection34 PRE_VOTE round 0: result REJECTED
2022-11-01 02:15:19,418 [s1@group-29DD907A7165-LeaderElection34] INFO  server.RaftServer$Division (RaftServerImpl.java:setRole(325)) - s1@group-29DD907A7165: changes role from CANDIDATE to FOLLOWER at term 2 for REJECTED
2022-11-01 02:15:19,418 [s1@group-29DD907A7165-LeaderElection34] INFO  impl.RoleInfo (RoleInfo.java:shutdownLeaderElection(130)) - s1: shutdown s1@group-29DD907A7165-LeaderElection34
2022-11-01 02:15:19,418 [s1@group-29DD907A7165-LeaderElection34] INFO  impl.RoleInfo (RoleInfo.java:updateAndGet(139)) - s1: start s1@group-29DD907A7165-FollowerState
2022-11-01 02:15:19,420 [grpc-default-executor-24] INFO  server.RaftServer$Division (RaftServerImpl.java:requestVote(1291)) - s2@group-29DD907A7165: receive requestVote(PRE_VOTE, s1, group-29DD907A7165, 2, (t:1, i:0))
2022-11-01 02:15:19,420 [grpc-default-executor-24] INFO  impl.VoteContext (VoteContext.java:log(49)) - s2@group-29DD907A7165-FOLLOWER: reject PRE_VOTE from s1: our last entry (t:2, i:0) > candidate's last entry (t:1, i:0)
2022-11-01 02:15:19,421 [grpc-default-executor-24] INFO  server.RaftServer$Division (RaftServerImpl.java:requestVote(1324)) - s2@group-29DD907A7165 replies to PRE_VOTE vote request: s1<-s2#0:FAIL-t2. Peer's state: s2@group-29DD907A7165:t2, leader=s4, voted=s4, raftlog=Memoized:s2@group-29DD907A7165-SegmentedRaftLog:OPENED:c0, conf=0: peers:[s3|rpc:localhost:46863|admin:localhost:41281|client:localhost:41041|dataStream:localhost:44363|priority:0|startupRole:FOLLOWER, s4|rpc:localhost:36775|admin:localhost:35477|client:localhost:46475|dataStream:localhost:42557|priority:0|startupRole:FOLLOWER, s0|rpc:localhost:33119|admin:localhost:42011|client:localhost:45597|dataStream:localhost:34507|priority:0|startupRole:FOLLOWER, s1|rpc:localhost:43051|admin:localhost:41551|client:localhost:45233|dataStream:localhost:41779|priority:0|startupRole:FOLLOWER, s2|rpc:localhost:41201|admin:localhost:41487|client:localhost:41547|dataStream:localhost:43565|priority:0|startupRole:FOLLOWER]|listeners:[], old=null
2022-11-01 02:15:19,507 [s4@group-29DD907A7165->s2-GrpcLogAppender-LogAppenderDaemon] INFO  util.CodeInjectionForTesting (DelayLocalExecutionInjection.java:execute(65)) - s4 delay 150 ms, args=[serverRequest {
  requestorId: "s4"
  replyId: "s2"
  raftGroupId {
    id: "\306I{yg\341A\222\264\356)\335\220zqe"
  }
  callId: 70
  slidingWindowEntry {
  }
}
leaderTerm: 2
previousLog {
  term: 2
}
initializing: true
commitInfos {
  server {
    id: "s4"
    address: "localhost:36775"
    dataStreamAddress: "localhost:42557"
    clientAddress: "localhost:46475"
    adminAddress: "localhost:35477"
    startupRole: FOLLOWER
  }
}
commitInfos {
  server {
    id: "s3"
    address: "localhost:46863"
    dataStreamAddress: "localhost:44363"
    clientAddress: "localhost:41041"
    adminAddress: "localhost:41281"
    startupRole: FOLLOWER
  }
}
commitInfos {
  server {
    id: "s0"
    address: "localhost:33119"
    dataStreamAddress: "localhost:34507"
    clientAddress: "localhost:45597"
    adminAddress: "localhost:42011"
    startupRole: FOLLOWER
  }
}
commitInfos {
  server {
    id: "s1"
    address: "localhost:43051"
    dataStreamAddress: "localhost:41779"
    clientAddress: "localhost:45233"
    adminAddress: "localhost:41551"
    startupRole: FOLLOWER
  }
}
commitInfos {
  server {
    id: "s2"
    address: "localhost:41201"
    dataStreamAddress: "localhost:43565"
    clientAddress: "localhost:41547"
    adminAddress: "localhost:41487"
    startupRole: FOLLOWER
  }
}
]
2022-11-01 02:15:19,507 [s4@group-29DD907A7165->s3-GrpcLogAppender-LogAppenderDaemon] INFO  util.CodeInjectionForTesting (DelayLocalExecutionInjection.java:execute(65)) - s4 delay 150 ms, args=[serverRequest {
  requestorId: "s4"
  replyId: "s3"
  raftGroupId {
    id: "\306I{yg\341A\222\264\356)\335\220zqe"
  }
  callId: 74
  slidingWindowEntry {
  }
}
leaderTerm: 2
previousLog {
  term: 2
}
initializing: true
commitInfos {
  server {
    id: "s4"
    address: "localhost:36775"
    dataStreamAddress: "localhost:42557"
    clientAddress: "localhost:46475"
    adminAddress: "localhost:35477"
    startupRole: FOLLOWER
  }
}
commitInfos {
  server {
    id: "s3"
    address: "localhost:46863"
    dataStreamAddress: "localhost:44363"
    clientAddress: "localhost:41041"
    adminAddress: "localhost:41281"
    startupRole: FOLLOWER
  }
}
commitInfos {
  server {
    id: "s0"
    address: "localhost:33119"
    dataStreamAddress: "localhost:34507"
    clientAddress: "localhost:45597"
    adminAddress: "localhost:42011"
    startupRole: FOLLOWER
  }
}
commitInfos {
  server {
    id: "s1"
    address: "localhost:43051"
    dataStreamAddress: "localhost:41779"
    clientAddress: "localhost:45233"
    adminAddress: "localhost:41551"
    startupRole: FOLLOWER
  }
}
commitInfos {
  server {
    id: "s2"
    address: "localhost:41201"
    dataStreamAddress: "localhost:43565"
    clientAddress: "localhost:41547"
    adminAddress: "localhost:41487"
    startupRole: FOLLOWER
  }
}
]
2022-11-01 02:15:19,536 [s4@group-29DD907A7165->s0-GrpcLogAppender-LogAppenderDaemon] INFO  util.CodeInjectionForTesting (DelayLocalExecutionInjection.java:execute(65)) - s4 delay 150 ms, args=[serverRequest {
  requestorId: "s4"
  replyId: "s0"
  raftGroupId {
    id: "\306I{yg\341A\222\264\356)\335\220zqe"
  }
  callId: 84
  slidingWindowEntry {
  }
}
leaderTerm: 2
previousLog {
  term: 2
}
initializing: true
commitInfos {
  server {
    id: "s4"
    address: "localhost:36775"
    dataStreamAddress: "localhost:42557"
    clientAddress: "localhost:46475"
    adminAddress: "localhost:35477"
    startupRole: FOLLOWER
  }
}
commitInfos {
  server {
    id: "s3"
    address: "localhost:46863"
    dataStreamAddress: "localhost:44363"
    clientAddress: "localhost:41041"
    adminAddress: "localhost:41281"
    startupRole: FOLLOWER
  }
}
commitInfos {
  server {
    id: "s0"
    address: "localhost:33119"
    dataStreamAddress: "localhost:34507"
    clientAddress: "localhost:45597"
    adminAddress: "localhost:42011"
    startupRole: FOLLOWER
  }
}
commitInfos {
  server {
    id: "s1"
    address: "localhost:43051"
    dataStreamAddress: "localhost:41779"
    clientAddress: "localhost:45233"
    adminAddress: "localhost:41551"
    startupRole: FOLLOWER
  }
}
commitInfos {
  server {
    id: "s2"
    address: "localhost:41201"
    dataStreamAddress: "localhost:43565"
    clientAddress: "localhost:41547"
    adminAddress: "localhost:41487"
    startupRole: FOLLOWER
  }
}
]
2022-11-01 02:15:19,589 [s4@group-29DD907A7165->s1-GrpcLogAppender-LogAppenderDaemon] INFO  util.CodeInjectionForTesting (DelayLocalExecutionInjection.java:execute(65)) - s4 delay 150 ms, args=[serverRequest {
  requestorId: "s4"
  replyId: "s1"
  raftGroupId {
    id: "\306I{yg\341A\222\264\356)\335\220zqe"
  }
  callId: 141
  slidingWindowEntry {
  }
}
leaderTerm: 2
previousLog {
  term: 2
}
initializing: true
commitInfos {
  server {
    id: "s4"
    address: "localhost:36775"
    dataStreamAddress: "localhost:42557"
    clientAddress: "localhost:46475"
    adminAddress: "localhost:35477"
    startupRole: FOLLOWER
  }
}
commitInfos {
  server {
    id: "s3"
    address: "localhost:46863"
    dataStreamAddress: "localhost:44363"
    clientAddress: "localhost:41041"
    adminAddress: "localhost:41281"
    startupRole: FOLLOWER
  }
}
commitInfos {
  server {
    id: "s0"
    address: "localhost:33119"
    dataStreamAddress: "localhost:34507"
    clientAddress: "localhost:45597"
    adminAddress: "localhost:42011"
    startupRole: FOLLOWER
  }
}
commitInfos {
  server {
    id: "s1"
    address: "localhost:43051"
    dataStreamAddress: "localhost:41779"
    clientAddress: "localhost:45233"
    adminAddress: "localhost:41551"
    startupRole: FOLLOWER
  }
}
commitInfos {
  server {
    id: "s2"
    address: "localhost:41201"
    dataStreamAddress: "localhost:43565"
    clientAddress: "localhost:41547"
    adminAddress: "localhost:41487"
    startupRole: FOLLOWER
  }
}
]
2022-11-01 02:15:19,601 [s1@group-29DD907A7165-FollowerState] INFO  impl.FollowerState (FollowerState.java:run(143)) - s1@group-29DD907A7165-FollowerState: change to CANDIDATE, lastRpcElapsedTime:182676955ns, electionTimeout:181ms
2022-11-01 02:15:19,601 [s1@group-29DD907A7165-FollowerState] INFO  impl.RoleInfo (RoleInfo.java:shutdownFollowerState(110)) - s1: shutdown s1@group-29DD907A7165-FollowerState
2022-11-01 02:15:19,601 [s1@group-29DD907A7165-FollowerState] INFO  server.RaftServer$Division (RaftServerImpl.java:setRole(325)) - s1@group-29DD907A7165: changes role from  FOLLOWER to CANDIDATE at term 2 for changeToCandidate
2022-11-01 02:15:19,601 [s1@group-29DD907A7165-FollowerState] INFO  server.RaftServerConfigKeys (ConfUtils.java:logGet(46)) - raft.server.leaderelection.pre-vote = true (default)
2022-11-01 02:15:19,601 [s1@group-29DD907A7165-FollowerState] INFO  impl.RoleInfo (RoleInfo.java:updateAndGet(139)) - s1: start s1@group-29DD907A7165-LeaderElection35
2022-11-01 02:15:19,602 [s1@group-29DD907A7165-LeaderElection35] INFO  impl.LeaderElection (LeaderElection.java:askForVotes(309)) - s1@group-29DD907A7165-LeaderElection35 PRE_VOTE round 0: submit vote requests at term 2 for 0: peers:[s3|rpc:localhost:46863|admin:localhost:41281|client:localhost:41041|dataStream:localhost:44363|priority:0|startupRole:FOLLOWER, s4|rpc:localhost:36775|admin:localhost:35477|client:localhost:46475|dataStream:localhost:42557|priority:0|startupRole:FOLLOWER, s0|rpc:localhost:33119|admin:localhost:42011|client:localhost:45597|dataStream:localhost:34507|priority:0|startupRole:FOLLOWER, s1|rpc:localhost:43051|admin:localhost:41551|client:localhost:45233|dataStream:localhost:41779|priority:0|startupRole:FOLLOWER, s2|rpc:localhost:41201|admin:localhost:41487|client:localhost:41547|dataStream:localhost:43565|priority:0|startupRole:FOLLOWER]|listeners:[], old=null
2022-11-01 02:15:19,604 [grpc-default-executor-5] INFO  server.RaftServer$Division (RaftServerImpl.java:requestVote(1291)) - s3@group-29DD907A7165: receive requestVote(PRE_VOTE, s1, group-29DD907A7165, 2, (t:1, i:0))
2022-11-01 02:15:19,604 [grpc-default-executor-24] INFO  server.RaftServer$Division (RaftServerImpl.java:requestVote(1291)) - s4@group-29DD907A7165: receive requestVote(PRE_VOTE, s1, group-29DD907A7165, 2, (t:1, i:0))
2022-11-01 02:15:19,604 [grpc-default-executor-24] INFO  impl.VoteContext (VoteContext.java:log(49)) - s4@group-29DD907A7165-LEADER: reject PRE_VOTE from s1: this server is the leader and still has leadership
2022-11-01 02:15:19,605 [grpc-default-executor-24] INFO  server.RaftServer$Division (RaftServerImpl.java:requestVote(1324)) - s4@group-29DD907A7165 replies to PRE_VOTE vote request: s1<-s4#0:FAIL-t2. Peer's state: s4@group-29DD907A7165:t2, leader=s4, voted=s4, raftlog=Memoized:s4@group-29DD907A7165-SegmentedRaftLog:OPENED:c0, conf=0: peers:[s3|rpc:localhost:46863|admin:localhost:41281|client:localhost:41041|dataStream:localhost:44363|priority:0|startupRole:FOLLOWER, s4|rpc:localhost:36775|admin:localhost:35477|client:localhost:46475|dataStream:localhost:42557|priority:0|startupRole:FOLLOWER, s0|rpc:localhost:33119|admin:localhost:42011|client:localhost:45597|dataStream:localhost:34507|priority:0|startupRole:FOLLOWER, s1|rpc:localhost:43051|admin:localhost:41551|client:localhost:45233|dataStream:localhost:41779|priority:0|startupRole:FOLLOWER, s2|rpc:localhost:41201|admin:localhost:41487|client:localhost:41547|dataStream:localhost:43565|priority:0|startupRole:FOLLOWER]|listeners:[], old=null
2022-11-01 02:15:19,604 [grpc-default-executor-5] INFO  impl.VoteContext (VoteContext.java:log(49)) - s3@group-29DD907A7165-FOLLOWER: reject PRE_VOTE from s1: our last entry (t:2, i:0) > candidate's last entry (t:1, i:0)
2022-11-01 02:15:19,605 [grpc-default-executor-5] INFO  server.RaftServer$Division (RaftServerImpl.java:requestVote(1324)) - s3@group-29DD907A7165 replies to PRE_VOTE vote request: s1<-s3#0:FAIL-t2. Peer's state: s3@group-29DD907A7165:t2, leader=s4, voted=s4, raftlog=Memoized:s3@group-29DD907A7165-SegmentedRaftLog:OPENED:c0, conf=0: peers:[s3|rpc:localhost:46863|admin:localhost:41281|client:localhost:41041|dataStream:localhost:44363|priority:0|startupRole:FOLLOWER, s4|rpc:localhost:36775|admin:localhost:35477|client:localhost:46475|dataStream:localhost:42557|priority:0|startupRole:FOLLOWER, s0|rpc:localhost:33119|admin:localhost:42011|client:localhost:45597|dataStream:localhost:34507|priority:0|startupRole:FOLLOWER, s1|rpc:localhost:43051|admin:localhost:41551|client:localhost:45233|dataStream:localhost:41779|priority:0|startupRole:FOLLOWER, s2|rpc:localhost:41201|admin:localhost:41487|client:localhost:41547|dataStream:localhost:43565|priority:0|startupRole:FOLLOWER]|listeners:[], old=null
2022-11-01 02:15:19,607 [grpc-default-executor-5] INFO  server.RaftServer$Division (RaftServerImpl.java:requestVote(1291)) - s0@group-29DD907A7165: receive requestVote(PRE_VOTE, s1, group-29DD907A7165, 2, (t:1, i:0))
2022-11-01 02:15:19,607 [grpc-default-executor-5] INFO  impl.VoteContext (VoteContext.java:log(49)) - s0@group-29DD907A7165-FOLLOWER: reject PRE_VOTE from s1: this server is a follower and still has a valid leader s4
2022-11-01 02:15:19,607 [grpc-default-executor-5] INFO  server.RaftServer$Division (RaftServerImpl.java:requestVote(1324)) - s0@group-29DD907A7165 replies to PRE_VOTE vote request: s1<-s0#0:FAIL-t2. Peer's state: s0@group-29DD907A7165:t2, leader=s4, voted=s4, raftlog=Memoized:s0@group-29DD907A7165-SegmentedRaftLog:OPENED:c0, conf=0: peers:[s3|rpc:localhost:46863|admin:localhost:41281|client:localhost:41041|dataStream:localhost:44363|priority:0|startupRole:FOLLOWER, s4|rpc:localhost:36775|admin:localhost:35477|client:localhost:46475|dataStream:localhost:42557|priority:0|startupRole:FOLLOWER, s0|rpc:localhost:33119|admin:localhost:42011|client:localhost:45597|dataStream:localhost:34507|priority:0|startupRole:FOLLOWER, s1|rpc:localhost:43051|admin:localhost:41551|client:localhost:45233|dataStream:localhost:41779|priority:0|startupRole:FOLLOWER, s2|rpc:localhost:41201|admin:localhost:41487|client:localhost:41547|dataStream:localhost:43565|priority:0|startupRole:FOLLOWER]|listeners:[], old=null
2022-11-01 02:15:19,610 [s1@group-29DD907A7165-LeaderElection35] INFO  impl.LeaderElection (LeaderElection.java:logAndReturn(89)) - s1@group-29DD907A7165-LeaderElection35: PRE_VOTE REJECTED received 3 response(s) and 0 exception(s):
2022-11-01 02:15:19,610 [s1@group-29DD907A7165-LeaderElection35] INFO  impl.LeaderElection (LeaderElection.java:logAndReturn(93)) -   Response 0: s1<-s3#0:FAIL-t2
2022-11-01 02:15:19,610 [s1@group-29DD907A7165-LeaderElection35] INFO  impl.LeaderElection (LeaderElection.java:logAndReturn(93)) -   Response 1: s1<-s4#0:FAIL-t2
2022-11-01 02:15:19,610 [s1@group-29DD907A7165-LeaderElection35] INFO  impl.LeaderElection (LeaderElection.java:logAndReturn(93)) -   Response 2: s1<-s0#0:FAIL-t2
2022-11-01 02:15:19,611 [s1@group-29DD907A7165-LeaderElection35] INFO  impl.LeaderElection (LeaderElection.java:askForVotes(311)) - s1@group-29DD907A7165-LeaderElection35 PRE_VOTE round 0: result REJECTED
2022-11-01 02:15:19,611 [s1@group-29DD907A7165-LeaderElection35] INFO  server.RaftServer$Division (RaftServerImpl.java:setRole(325)) - s1@group-29DD907A7165: changes role from CANDIDATE to FOLLOWER at term 2 for REJECTED
2022-11-01 02:15:19,611 [s1@group-29DD907A7165-LeaderElection35] INFO  impl.RoleInfo (RoleInfo.java:shutdownLeaderElection(130)) - s1: shutdown s1@group-29DD907A7165-LeaderElection35
2022-11-01 02:15:19,611 [s1@group-29DD907A7165-LeaderElection35] INFO  impl.RoleInfo (RoleInfo.java:updateAndGet(139)) - s1: start s1@group-29DD907A7165-FollowerState
2022-11-01 02:15:19,613 [grpc-default-executor-24] INFO  server.RaftServer$Division (RaftServerImpl.java:requestVote(1291)) - s2@group-29DD907A7165: receive requestVote(PRE_VOTE, s1, group-29DD907A7165, 2, (t:1, i:0))
2022-11-01 02:15:19,613 [grpc-default-executor-24] INFO  impl.VoteContext (VoteContext.java:log(49)) - s2@group-29DD907A7165-FOLLOWER: reject PRE_VOTE from s1: our last entry (t:2, i:0) > candidate's last entry (t:1, i:0)
2022-11-01 02:15:19,614 [grpc-default-executor-24] INFO  server.RaftServer$Division (RaftServerImpl.java:requestVote(1324)) - s2@group-29DD907A7165 replies to PRE_VOTE vote request: s1<-s2#0:FAIL-t2. Peer's state: s2@group-29DD907A7165:t2, leader=s4, voted=s4, raftlog=Memoized:s2@group-29DD907A7165-SegmentedRaftLog:OPENED:c0, conf=0: peers:[s3|rpc:localhost:46863|admin:localhost:41281|client:localhost:41041|dataStream:localhost:44363|priority:0|startupRole:FOLLOWER, s4|rpc:localhost:36775|admin:localhost:35477|client:localhost:46475|dataStream:localhost:42557|priority:0|startupRole:FOLLOWER, s0|rpc:localhost:33119|admin:localhost:42011|client:localhost:45597|dataStream:localhost:34507|priority:0|startupRole:FOLLOWER, s1|rpc:localhost:43051|admin:localhost:41551|client:localhost:45233|dataStream:localhost:41779|priority:0|startupRole:FOLLOWER, s2|rpc:localhost:41201|admin:localhost:41487|client:localhost:41547|dataStream:localhost:43565|priority:0|startupRole:FOLLOWER]|listeners:[], old=null
2022-11-01 02:15:19,735 [s4@group-29DD907A7165->s2-GrpcLogAppender-LogAppenderDaemon] INFO  util.CodeInjectionForTesting (DelayLocalExecutionInjection.java:execute(65)) - s4 delay 150 ms, args=[serverRequest {
  requestorId: "s4"
  replyId: "s2"
  raftGroupId {
    id: "\306I{yg\341A\222\264\356)\335\220zqe"
  }
  callId: 71
  slidingWindowEntry {
  }
}
leaderTerm: 2
previousLog {
  term: 2
}
initializing: true
commitInfos {
  server {
    id: "s4"
    address: "localhost:36775"
    dataStreamAddress: "localhost:42557"
    clientAddress: "localhost:46475"
    adminAddress: "localhost:35477"
    startupRole: FOLLOWER
  }
}
commitInfos {
  server {
    id: "s3"
    address: "localhost:46863"
    dataStreamAddress: "localhost:44363"
    clientAddress: "localhost:41041"
    adminAddress: "localhost:41281"
    startupRole: FOLLOWER
  }
}
commitInfos {
  server {
    id: "s0"
    address: "localhost:33119"
    dataStreamAddress: "localhost:34507"
    clientAddress: "localhost:45597"
    adminAddress: "localhost:42011"
    startupRole: FOLLOWER
  }
}
commitInfos {
  server {
    id: "s1"
    address: "localhost:43051"
    dataStreamAddress: "localhost:41779"
    clientAddress: "localhost:45233"
    adminAddress: "localhost:41551"
    startupRole: FOLLOWER
  }
}
commitInfos {
  server {
    id: "s2"
    address: "localhost:41201"
    dataStreamAddress: "localhost:43565"
    clientAddress: "localhost:41547"
    adminAddress: "localhost:41487"
    startupRole: FOLLOWER
  }
}
]
2022-11-01 02:15:19,735 [s4@group-29DD907A7165->s3-GrpcLogAppender-LogAppenderDaemon] INFO  util.CodeInjectionForTesting (DelayLocalExecutionInjection.java:execute(65)) - s4 delay 150 ms, args=[serverRequest {
  requestorId: "s4"
  replyId: "s3"
  raftGroupId {
    id: "\306I{yg\341A\222\264\356)\335\220zqe"
  }
  callId: 75
  slidingWindowEntry {
  }
}
leaderTerm: 2
previousLog {
  term: 2
}
initializing: true
commitInfos {
  server {
    id: "s4"
    address: "localhost:36775"
    dataStreamAddress: "localhost:42557"
    clientAddress: "localhost:46475"
    adminAddress: "localhost:35477"
    startupRole: FOLLOWER
  }
}
commitInfos {
  server {
    id: "s3"
    address: "localhost:46863"
    dataStreamAddress: "localhost:44363"
    clientAddress: "localhost:41041"
    adminAddress: "localhost:41281"
    startupRole: FOLLOWER
  }
}
commitInfos {
  server {
    id: "s0"
    address: "localhost:33119"
    dataStreamAddress: "localhost:34507"
    clientAddress: "localhost:45597"
    adminAddress: "localhost:42011"
    startupRole: FOLLOWER
  }
}
commitInfos {
  server {
    id: "s1"
    address: "localhost:43051"
    dataStreamAddress: "localhost:41779"
    clientAddress: "localhost:45233"
    adminAddress: "localhost:41551"
    startupRole: FOLLOWER
  }
}
commitInfos {
  server {
    id: "s2"
    address: "localhost:41201"
    dataStreamAddress: "localhost:43565"
    clientAddress: "localhost:41547"
    adminAddress: "localhost:41487"
    startupRole: FOLLOWER
  }
}
]
2022-11-01 02:15:19,764 [s4@group-29DD907A7165->s0-GrpcLogAppender-LogAppenderDaemon] INFO  util.CodeInjectionForTesting (DelayLocalExecutionInjection.java:execute(65)) - s4 delay 150 ms, args=[serverRequest {
  requestorId: "s4"
  replyId: "s0"
  raftGroupId {
    id: "\306I{yg\341A\222\264\356)\335\220zqe"
  }
  callId: 85
  slidingWindowEntry {
  }
}
leaderTerm: 2
previousLog {
  term: 2
}
initializing: true
commitInfos {
  server {
    id: "s4"
    address: "localhost:36775"
    dataStreamAddress: "localhost:42557"
    clientAddress: "localhost:46475"
    adminAddress: "localhost:35477"
    startupRole: FOLLOWER
  }
}
commitInfos {
  server {
    id: "s3"
    address: "localhost:46863"
    dataStreamAddress: "localhost:44363"
    clientAddress: "localhost:41041"
    adminAddress: "localhost:41281"
    startupRole: FOLLOWER
  }
}
commitInfos {
  server {
    id: "s0"
    address: "localhost:33119"
    dataStreamAddress: "localhost:34507"
    clientAddress: "localhost:45597"
    adminAddress: "localhost:42011"
    startupRole: FOLLOWER
  }
}
commitInfos {
  server {
    id: "s1"
    address: "localhost:43051"
    dataStreamAddress: "localhost:41779"
    clientAddress: "localhost:45233"
    adminAddress: "localhost:41551"
    startupRole: FOLLOWER
  }
}
commitInfos {
  server {
    id: "s2"
    address: "localhost:41201"
    dataStreamAddress: "localhost:43565"
    clientAddress: "localhost:41547"
    adminAddress: "localhost:41487"
    startupRole: FOLLOWER
  }
}
]
2022-11-01 02:15:19,777 [s4@group-29DD907A7165->s1-GrpcLogAppender-LogAppenderDaemon] INFO  util.CodeInjectionForTesting (DelayLocalExecutionInjection.java:execute(65)) - s4 delay 150 ms, args=[serverRequest {
  requestorId: "s4"
  replyId: "s1"
  raftGroupId {
    id: "\306I{yg\341A\222\264\356)\335\220zqe"
  }
  callId: 142
  slidingWindowEntry {
  }
}
leaderTerm: 2
previousLog {
  term: 2
}
initializing: true
commitInfos {
  server {
    id: "s4"
    address: "localhost:36775"
    dataStreamAddress: "localhost:42557"
    clientAddress: "localhost:46475"
    adminAddress: "localhost:35477"
    startupRole: FOLLOWER
  }
}
commitInfos {
  server {
    id: "s3"
    address: "localhost:46863"
    dataStreamAddress: "localhost:44363"
    clientAddress: "localhost:41041"
    adminAddress: "localhost:41281"
    startupRole: FOLLOWER
  }
}
commitInfos {
  server {
    id: "s0"
    address: "localhost:33119"
    dataStreamAddress: "localhost:34507"
    clientAddress: "localhost:45597"
    adminAddress: "localhost:42011"
    startupRole: FOLLOWER
  }
}
commitInfos {
  server {
    id: "s1"
    address: "localhost:43051"
    dataStreamAddress: "localhost:41779"
    clientAddress: "localhost:45233"
    adminAddress: "localhost:41551"
    startupRole: FOLLOWER
  }
}
commitInfos {
  server {
    id: "s2"
    address: "localhost:41201"
    dataStreamAddress: "localhost:43565"
    clientAddress: "localhost:41547"
    adminAddress: "localhost:41487"
    startupRole: FOLLOWER
  }
}
]
2022-11-01 02:15:19,812 [s1@group-29DD907A7165-FollowerState] INFO  impl.FollowerState (FollowerState.java:run(143)) - s1@group-29DD907A7165-FollowerState: change to CANDIDATE, lastRpcElapsedTime:200756779ns, electionTimeout:200ms
2022-11-01 02:15:19,812 [s1@group-29DD907A7165-FollowerState] INFO  impl.RoleInfo (RoleInfo.java:shutdownFollowerState(110)) - s1: shutdown s1@group-29DD907A7165-FollowerState
2022-11-01 02:15:19,812 [s1@group-29DD907A7165-FollowerState] INFO  server.RaftServer$Division (RaftServerImpl.java:setRole(325)) - s1@group-29DD907A7165: changes role from  FOLLOWER to CANDIDATE at term 2 for changeToCandidate
2022-11-01 02:15:19,812 [s1@group-29DD907A7165-FollowerState] INFO  server.RaftServerConfigKeys (ConfUtils.java:logGet(46)) - raft.server.leaderelection.pre-vote = true (default)
2022-11-01 02:15:19,812 [s1@group-29DD907A7165-FollowerState] INFO  impl.RoleInfo (RoleInfo.java:updateAndGet(139)) - s1: start s1@group-29DD907A7165-LeaderElection36
2022-11-01 02:15:19,813 [s1@group-29DD907A7165-LeaderElection36] INFO  impl.LeaderElection (LeaderElection.java:askForVotes(309)) - s1@group-29DD907A7165-LeaderElection36 PRE_VOTE round 0: submit vote requests at term 2 for 0: peers:[s3|rpc:localhost:46863|admin:localhost:41281|client:localhost:41041|dataStream:localhost:44363|priority:0|startupRole:FOLLOWER, s4|rpc:localhost:36775|admin:localhost:35477|client:localhost:46475|dataStream:localhost:42557|priority:0|startupRole:FOLLOWER, s0|rpc:localhost:33119|admin:localhost:42011|client:localhost:45597|dataStream:localhost:34507|priority:0|startupRole:FOLLOWER, s1|rpc:localhost:43051|admin:localhost:41551|client:localhost:45233|dataStream:localhost:41779|priority:0|startupRole:FOLLOWER, s2|rpc:localhost:41201|admin:localhost:41487|client:localhost:41547|dataStream:localhost:43565|priority:0|startupRole:FOLLOWER]|listeners:[], old=null
2022-11-01 02:15:19,818 [grpc-default-executor-29] INFO  server.RaftServer$Division (RaftServerImpl.java:requestVote(1291)) - s0@group-29DD907A7165: receive requestVote(PRE_VOTE, s1, group-29DD907A7165, 2, (t:1, i:0))
2022-11-01 02:15:19,818 [grpc-default-executor-29] INFO  impl.VoteContext (VoteContext.java:log(49)) - s0@group-29DD907A7165-FOLLOWER: reject PRE_VOTE from s1: this server is a follower and still has a valid leader s4
2022-11-01 02:15:19,818 [grpc-default-executor-24] INFO  server.RaftServer$Division (RaftServerImpl.java:requestVote(1291)) - s4@group-29DD907A7165: receive requestVote(PRE_VOTE, s1, group-29DD907A7165, 2, (t:1, i:0))
2022-11-01 02:15:19,818 [grpc-default-executor-29] INFO  server.RaftServer$Division (RaftServerImpl.java:requestVote(1324)) - s0@group-29DD907A7165 replies to PRE_VOTE vote request: s1<-s0#0:FAIL-t2. Peer's state: s0@group-29DD907A7165:t2, leader=s4, voted=s4, raftlog=Memoized:s0@group-29DD907A7165-SegmentedRaftLog:OPENED:c0, conf=0: peers:[s3|rpc:localhost:46863|admin:localhost:41281|client:localhost:41041|dataStream:localhost:44363|priority:0|startupRole:FOLLOWER, s4|rpc:localhost:36775|admin:localhost:35477|client:localhost:46475|dataStream:localhost:42557|priority:0|startupRole:FOLLOWER, s0|rpc:localhost:33119|admin:localhost:42011|client:localhost:45597|dataStream:localhost:34507|priority:0|startupRole:FOLLOWER, s1|rpc:localhost:43051|admin:localhost:41551|client:localhost:45233|dataStream:localhost:41779|priority:0|startupRole:FOLLOWER, s2|rpc:localhost:41201|admin:localhost:41487|client:localhost:41547|dataStream:localhost:43565|priority:0|startupRole:FOLLOWER]|listeners:[], old=null
2022-11-01 02:15:19,819 [grpc-default-executor-20] INFO  server.RaftServer$Division (RaftServerImpl.java:requestVote(1291)) - s3@group-29DD907A7165: receive requestVote(PRE_VOTE, s1, group-29DD907A7165, 2, (t:1, i:0))
2022-11-01 02:15:19,819 [grpc-default-executor-24] INFO  impl.VoteContext (VoteContext.java:log(49)) - s4@group-29DD907A7165-LEADER: reject PRE_VOTE from s1: this server is the leader and still has leadership
2022-11-01 02:15:19,819 [grpc-default-executor-20] INFO  impl.VoteContext (VoteContext.java:log(49)) - s3@group-29DD907A7165-FOLLOWER: reject PRE_VOTE from s1: our last entry (t:2, i:0) > candidate's last entry (t:1, i:0)
2022-11-01 02:15:19,819 [grpc-default-executor-24] INFO  server.RaftServer$Division (RaftServerImpl.java:requestVote(1324)) - s4@group-29DD907A7165 replies to PRE_VOTE vote request: s1<-s4#0:FAIL-t2. Peer's state: s4@group-29DD907A7165:t2, leader=s4, voted=s4, raftlog=Memoized:s4@group-29DD907A7165-SegmentedRaftLog:OPENED:c0, conf=0: peers:[s3|rpc:localhost:46863|admin:localhost:41281|client:localhost:41041|dataStream:localhost:44363|priority:0|startupRole:FOLLOWER, s4|rpc:localhost:36775|admin:localhost:35477|client:localhost:46475|dataStream:localhost:42557|priority:0|startupRole:FOLLOWER, s0|rpc:localhost:33119|admin:localhost:42011|client:localhost:45597|dataStream:localhost:34507|priority:0|startupRole:FOLLOWER, s1|rpc:localhost:43051|admin:localhost:41551|client:localhost:45233|dataStream:localhost:41779|priority:0|startupRole:FOLLOWER, s2|rpc:localhost:41201|admin:localhost:41487|client:localhost:41547|dataStream:localhost:43565|priority:0|startupRole:FOLLOWER]|listeners:[], old=null
2022-11-01 02:15:19,819 [grpc-default-executor-20] INFO  server.RaftServer$Division (RaftServerImpl.java:requestVote(1324)) - s3@group-29DD907A7165 replies to PRE_VOTE vote request: s1<-s3#0:FAIL-t2. Peer's state: s3@group-29DD907A7165:t2, leader=s4, voted=s4, raftlog=Memoized:s3@group-29DD907A7165-SegmentedRaftLog:OPENED:c0, conf=0: peers:[s3|rpc:localhost:46863|admin:localhost:41281|client:localhost:41041|dataStream:localhost:44363|priority:0|startupRole:FOLLOWER, s4|rpc:localhost:36775|admin:localhost:35477|client:localhost:46475|dataStream:localhost:42557|priority:0|startupRole:FOLLOWER, s0|rpc:localhost:33119|admin:localhost:42011|client:localhost:45597|dataStream:localhost:34507|priority:0|startupRole:FOLLOWER, s1|rpc:localhost:43051|admin:localhost:41551|client:localhost:45233|dataStream:localhost:41779|priority:0|startupRole:FOLLOWER, s2|rpc:localhost:41201|admin:localhost:41487|client:localhost:41547|dataStream:localhost:43565|priority:0|startupRole:FOLLOWER]|listeners:[], old=null
2022-11-01 02:15:19,818 [grpc-default-executor-5] INFO  server.RaftServer$Division (RaftServerImpl.java:requestVote(1291)) - s2@group-29DD907A7165: receive requestVote(PRE_VOTE, s1, group-29DD907A7165, 2, (t:1, i:0))
2022-11-01 02:15:19,819 [grpc-default-executor-5] INFO  impl.VoteContext (VoteContext.java:log(49)) - s2@group-29DD907A7165-FOLLOWER: reject PRE_VOTE from s1: our last entry (t:2, i:0) > candidate's last entry (t:1, i:0)
2022-11-01 02:15:19,819 [grpc-default-executor-5] INFO  server.RaftServer$Division (RaftServerImpl.java:requestVote(1324)) - s2@group-29DD907A7165 replies to PRE_VOTE vote request: s1<-s2#0:FAIL-t2. Peer's state: s2@group-29DD907A7165:t2, leader=s4, voted=s4, raftlog=Memoized:s2@group-29DD907A7165-SegmentedRaftLog:OPENED:c0, conf=0: peers:[s3|rpc:localhost:46863|admin:localhost:41281|client:localhost:41041|dataStream:localhost:44363|priority:0|startupRole:FOLLOWER, s4|rpc:localhost:36775|admin:localhost:35477|client:localhost:46475|dataStream:localhost:42557|priority:0|startupRole:FOLLOWER, s0|rpc:localhost:33119|admin:localhost:42011|client:localhost:45597|dataStream:localhost:34507|priority:0|startupRole:FOLLOWER, s1|rpc:localhost:43051|admin:localhost:41551|client:localhost:45233|dataStream:localhost:41779|priority:0|startupRole:FOLLOWER, s2|rpc:localhost:41201|admin:localhost:41487|client:localhost:41547|dataStream:localhost:43565|priority:0|startupRole:FOLLOWER]|listeners:[], old=null
2022-11-01 02:15:19,821 [s1@group-29DD907A7165-LeaderElection36] INFO  impl.LeaderElection (LeaderElection.java:logAndReturn(89)) - s1@group-29DD907A7165-LeaderElection36: PRE_VOTE REJECTED received 3 response(s) and 0 exception(s):
2022-11-01 02:15:19,821 [s1@group-29DD907A7165-LeaderElection36] INFO  impl.LeaderElection (LeaderElection.java:logAndReturn(93)) -   Response 0: s1<-s4#0:FAIL-t2
2022-11-01 02:15:19,821 [s1@group-29DD907A7165-LeaderElection36] INFO  impl.LeaderElection (LeaderElection.java:logAndReturn(93)) -   Response 1: s1<-s0#0:FAIL-t2
2022-11-01 02:15:19,822 [s1@group-29DD907A7165-LeaderElection36] INFO  impl.LeaderElection (LeaderElection.java:logAndReturn(93)) -   Response 2: s1<-s2#0:FAIL-t2
2022-11-01 02:15:19,822 [s1@group-29DD907A7165-LeaderElection36] INFO  impl.LeaderElection (LeaderElection.java:askForVotes(311)) - s1@group-29DD907A7165-LeaderElection36 PRE_VOTE round 0: result REJECTED
2022-11-01 02:15:19,822 [s1@group-29DD907A7165-LeaderElection36] INFO  server.RaftServer$Division (RaftServerImpl.java:setRole(325)) - s1@group-29DD907A7165: changes role from CANDIDATE to FOLLOWER at term 2 for REJECTED
2022-11-01 02:15:19,822 [s1@group-29DD907A7165-LeaderElection36] INFO  impl.RoleInfo (RoleInfo.java:shutdownLeaderElection(130)) - s1: shutdown s1@group-29DD907A7165-LeaderElection36
2022-11-01 02:15:19,822 [s1@group-29DD907A7165-LeaderElection36] INFO  impl.RoleInfo (RoleInfo.java:updateAndGet(139)) - s1: start s1@group-29DD907A7165-FollowerState
2022-11-01 02:15:19,920 [Time-limited test] INFO  server.RaftServerConfigKeys (ConfUtils.java:logGet(46)) - raft.server.rpc.timeout.max = 300ms (default)
2022-11-01 02:15:19,954 [Timer-0] INFO  impl.MiniRaftCluster (MiniRaftCluster.java:lambda$start$6(349)) - TIMED-PRINT: printing ALL groups
  s3:  RUNNING  FOLLOWER s3@group-29DD907A7165:t2, leader=s4, voted=s4, raftlog=Memoized:s3@group-29DD907A7165-SegmentedRaftLog:OPENED:c0, conf=0: peers:[s3|rpc:localhost:46863|admin:localhost:41281|client:localhost:41041|dataStream:localhost:44363|priority:0|startupRole:FOLLOWER, s4|rpc:localhost:36775|admin:localhost:35477|client:localhost:46475|dataStream:localhost:42557|priority:0|startupRole:FOLLOWER, s0|rpc:localhost:33119|admin:localhost:42011|client:localhost:45597|dataStream:localhost:34507|priority:0|startupRole:FOLLOWER, s1|rpc:localhost:43051|admin:localhost:41551|client:localhost:45233|dataStream:localhost:41779|priority:0|startupRole:FOLLOWER, s2|rpc:localhost:41201|admin:localhost:41487|client:localhost:41547|dataStream:localhost:43565|priority:0|startupRole:FOLLOWER]|listeners:[], old=null RUNNING
  s4:  RUNNING    LEADER s4@group-29DD907A7165:t2, leader=s4, voted=s4, raftlog=Memoized:s4@group-29DD907A7165-SegmentedRaftLog:OPENED:c0, conf=0: peers:[s3|rpc:localhost:46863|admin:localhost:41281|client:localhost:41041|dataStream:localhost:44363|priority:0|startupRole:FOLLOWER, s4|rpc:localhost:36775|admin:localhost:35477|client:localhost:46475|dataStream:localhost:42557|priority:0|startupRole:FOLLOWER, s0|rpc:localhost:33119|admin:localhost:42011|client:localhost:45597|dataStream:localhost:34507|priority:0|startupRole:FOLLOWER, s1|rpc:localhost:43051|admin:localhost:41551|client:localhost:45233|dataStream:localhost:41779|priority:0|startupRole:FOLLOWER, s2|rpc:localhost:41201|admin:localhost:41487|client:localhost:41547|dataStream:localhost:43565|priority:0|startupRole:FOLLOWER]|listeners:[], old=null RUNNING
  s0:  RUNNING  FOLLOWER s0@group-29DD907A7165:t2, leader=s4, voted=s4, raftlog=Memoized:s0@group-29DD907A7165-SegmentedRaftLog:OPENED:c0, conf=0: peers:[s3|rpc:localhost:46863|admin:localhost:41281|client:localhost:41041|dataStream:localhost:44363|priority:0|startupRole:FOLLOWER, s4|rpc:localhost:36775|admin:localhost:35477|client:localhost:46475|dataStream:localhost:42557|priority:0|startupRole:FOLLOWER, s0|rpc:localhost:33119|admin:localhost:42011|client:localhost:45597|dataStream:localhost:34507|priority:0|startupRole:FOLLOWER, s1|rpc:localhost:43051|admin:localhost:41551|client:localhost:45233|dataStream:localhost:41779|priority:0|startupRole:FOLLOWER, s2|rpc:localhost:41201|admin:localhost:41487|client:localhost:41547|dataStream:localhost:43565|priority:0|startupRole:FOLLOWER]|listeners:[], old=null RUNNING
  s1:  RUNNING  FOLLOWER s1@group-29DD907A7165:t2, leader=null, voted=null, raftlog=Memoized:s1@group-29DD907A7165-SegmentedRaftLog:OPENED:c0, conf=0: peers:[s3|rpc:localhost:46863|admin:localhost:41281|client:localhost:41041|dataStream:localhost:44363|priority:0|startupRole:FOLLOWER, s4|rpc:localhost:36775|admin:localhost:35477|client:localhost:46475|dataStream:localhost:42557|priority:0|startupRole:FOLLOWER, s0|rpc:localhost:33119|admin:localhost:42011|client:localhost:45597|dataStream:localhost:34507|priority:0|startupRole:FOLLOWER, s1|rpc:localhost:43051|admin:localhost:41551|client:localhost:45233|dataStream:localhost:41779|priority:0|startupRole:FOLLOWER, s2|rpc:localhost:41201|admin:localhost:41487|client:localhost:41547|dataStream:localhost:43565|priority:0|startupRole:FOLLOWER]|listeners:[], old=null RUNNING
  s2:  RUNNING  FOLLOWER s2@group-29DD907A7165:t2, leader=s4, voted=s4, raftlog=Memoized:s2@group-29DD907A7165-SegmentedRaftLog:OPENED:c0, conf=0: peers:[s3|rpc:localhost:46863|admin:localhost:41281|client:localhost:41041|dataStream:localhost:44363|priority:0|startupRole:FOLLOWER, s4|rpc:localhost:36775|admin:localhost:35477|client:localhost:46475|dataStream:localhost:42557|priority:0|startupRole:FOLLOWER, s0|rpc:localhost:33119|admin:localhost:42011|client:localhost:45597|dataStream:localhost:34507|priority:0|startupRole:FOLLOWER, s1|rpc:localhost:43051|admin:localhost:41551|client:localhost:45233|dataStream:localhost:41779|priority:0|startupRole:FOLLOWER, s2|rpc:localhost:41201|admin:localhost:41487|client:localhost:41547|dataStream:localhost:43565|priority:0|startupRole:FOLLOWER]|listeners:[], old=null RUNNING
2022-11-01 02:15:20,057 [s1@group-29DD907A7165-FollowerState] INFO  impl.FollowerState (FollowerState.java:run(143)) - s1@group-29DD907A7165-FollowerState: change to CANDIDATE, lastRpcElapsedTime:235468718ns, electionTimeout:234ms
2022-11-01 02:15:20,058 [s1@group-29DD907A7165-FollowerState] INFO  impl.RoleInfo (RoleInfo.java:shutdownFollowerState(110)) - s1: shutdown s1@group-29DD907A7165-FollowerState
2022-11-01 02:15:20,058 [s1@group-29DD907A7165-FollowerState] INFO  server.RaftServer$Division (RaftServerImpl.java:setRole(325)) - s1@group-29DD907A7165: changes role from  FOLLOWER to CANDIDATE at term 2 for changeToCandidate
2022-11-01 02:15:20,058 [s1@group-29DD907A7165-FollowerState] INFO  server.RaftServerConfigKeys (ConfUtils.java:logGet(46)) - raft.server.leaderelection.pre-vote = true (default)
2022-11-01 02:15:20,058 [s1@group-29DD907A7165-FollowerState] INFO  impl.RoleInfo (RoleInfo.java:updateAndGet(139)) - s1: start s1@group-29DD907A7165-LeaderElection37
2022-11-01 02:15:20,060 [s1@group-29DD907A7165-LeaderElection37] INFO  impl.LeaderElection (LeaderElection.java:askForVotes(309)) - s1@group-29DD907A7165-LeaderElection37 PRE_VOTE round 0: submit vote requests at term 2 for 0: peers:[s3|rpc:localhost:46863|admin:localhost:41281|client:localhost:41041|dataStream:localhost:44363|priority:0|startupRole:FOLLOWER, s4|rpc:localhost:36775|admin:localhost:35477|client:localhost:46475|dataStream:localhost:42557|priority:0|startupRole:FOLLOWER, s0|rpc:localhost:33119|admin:localhost:42011|client:localhost:45597|dataStream:localhost:34507|priority:0|startupRole:FOLLOWER, s1|rpc:localhost:43051|admin:localhost:41551|client:localhost:45233|dataStream:localhost:41779|priority:0|startupRole:FOLLOWER, s2|rpc:localhost:41201|admin:localhost:41487|client:localhost:41547|dataStream:localhost:43565|priority:0|startupRole:FOLLOWER]|listeners:[], old=null
2022-11-01 02:15:20,062 [grpc-default-executor-20] INFO  server.RaftServer$Division (RaftServerImpl.java:requestVote(1291)) - s4@group-29DD907A7165: receive requestVote(PRE_VOTE, s1, group-29DD907A7165, 2, (t:1, i:0))
2022-11-01 02:15:20,062 [grpc-default-executor-20] INFO  impl.VoteContext (VoteContext.java:log(49)) - s4@group-29DD907A7165-LEADER: reject PRE_VOTE from s1: this server is the leader and still has leadership
2022-11-01 02:15:20,062 [grpc-default-executor-20] INFO  server.RaftServer$Division (RaftServerImpl.java:requestVote(1324)) - s4@group-29DD907A7165 replies to PRE_VOTE vote request: s1<-s4#0:FAIL-t2. Peer's state: s4@group-29DD907A7165:t2, leader=s4, voted=s4, raftlog=Memoized:s4@group-29DD907A7165-SegmentedRaftLog:OPENED:c0, conf=0: peers:[s3|rpc:localhost:46863|admin:localhost:41281|client:localhost:41041|dataStream:localhost:44363|priority:0|startupRole:FOLLOWER, s4|rpc:localhost:36775|admin:localhost:35477|client:localhost:46475|dataStream:localhost:42557|priority:0|startupRole:FOLLOWER, s0|rpc:localhost:33119|admin:localhost:42011|client:localhost:45597|dataStream:localhost:34507|priority:0|startupRole:FOLLOWER, s1|rpc:localhost:43051|admin:localhost:41551|client:localhost:45233|dataStream:localhost:41779|priority:0|startupRole:FOLLOWER, s2|rpc:localhost:41201|admin:localhost:41487|client:localhost:41547|dataStream:localhost:43565|priority:0|startupRole:FOLLOWER]|listeners:[], old=null
2022-11-01 02:15:20,064 [grpc-default-executor-20] INFO  server.RaftServer$Division (RaftServerImpl.java:requestVote(1291)) - s3@group-29DD907A7165: receive requestVote(PRE_VOTE, s1, group-29DD907A7165, 2, (t:1, i:0))
2022-11-01 02:15:20,064 [grpc-default-executor-20] INFO  impl.VoteContext (VoteContext.java:log(49)) - s3@group-29DD907A7165-FOLLOWER: reject PRE_VOTE from s1: this server is a follower and still has a valid leader s4
2022-11-01 02:15:20,064 [grpc-default-executor-20] INFO  server.RaftServer$Division (RaftServerImpl.java:requestVote(1324)) - s3@group-29DD907A7165 replies to PRE_VOTE vote request: s1<-s3#0:FAIL-t2. Peer's state: s3@group-29DD907A7165:t2, leader=s4, voted=s4, raftlog=Memoized:s3@group-29DD907A7165-SegmentedRaftLog:OPENED:c0, conf=0: peers:[s3|rpc:localhost:46863|admin:localhost:41281|client:localhost:41041|dataStream:localhost:44363|priority:0|startupRole:FOLLOWER, s4|rpc:localhost:36775|admin:localhost:35477|client:localhost:46475|dataStream:localhost:42557|priority:0|startupRole:FOLLOWER, s0|rpc:localhost:33119|admin:localhost:42011|client:localhost:45597|dataStream:localhost:34507|priority:0|startupRole:FOLLOWER, s1|rpc:localhost:43051|admin:localhost:41551|client:localhost:45233|dataStream:localhost:41779|priority:0|startupRole:FOLLOWER, s2|rpc:localhost:41201|admin:localhost:41487|client:localhost:41547|dataStream:localhost:43565|priority:0|startupRole:FOLLOWER]|listeners:[], old=null
2022-11-01 02:15:20,065 [grpc-default-executor-20] INFO  server.RaftServer$Division (RaftServerImpl.java:requestVote(1291)) - s0@group-29DD907A7165: receive requestVote(PRE_VOTE, s1, group-29DD907A7165, 2, (t:1, i:0))
2022-11-01 02:15:20,065 [grpc-default-executor-20] INFO  impl.VoteContext (VoteContext.java:log(49)) - s0@group-29DD907A7165-FOLLOWER: reject PRE_VOTE from s1: this server is a follower and still has a valid leader s4
2022-11-01 02:15:20,066 [grpc-default-executor-20] INFO  server.RaftServer$Division (RaftServerImpl.java:requestVote(1324)) - s0@group-29DD907A7165 replies to PRE_VOTE vote request: s1<-s0#0:FAIL-t2. Peer's state: s0@group-29DD907A7165:t2, leader=s4, voted=s4, raftlog=Memoized:s0@group-29DD907A7165-SegmentedRaftLog:OPENED:c0, conf=0: peers:[s3|rpc:localhost:46863|admin:localhost:41281|client:localhost:41041|dataStream:localhost:44363|priority:0|startupRole:FOLLOWER, s4|rpc:localhost:36775|admin:localhost:35477|client:localhost:46475|dataStream:localhost:42557|priority:0|startupRole:FOLLOWER, s0|rpc:localhost:33119|admin:localhost:42011|client:localhost:45597|dataStream:localhost:34507|priority:0|startupRole:FOLLOWER, s1|rpc:localhost:43051|admin:localhost:41551|client:localhost:45233|dataStream:localhost:41779|priority:0|startupRole:FOLLOWER, s2|rpc:localhost:41201|admin:localhost:41487|client:localhost:41547|dataStream:localhost:43565|priority:0|startupRole:FOLLOWER]|listeners:[], old=null
2022-11-01 02:15:20,066 [grpc-default-executor-5] INFO  server.RaftServer$Division (RaftServerImpl.java:requestVote(1291)) - s2@group-29DD907A7165: receive requestVote(PRE_VOTE, s1, group-29DD907A7165, 2, (t:1, i:0))
2022-11-01 02:15:20,066 [grpc-default-executor-5] INFO  impl.VoteContext (VoteContext.java:log(49)) - s2@group-29DD907A7165-FOLLOWER: reject PRE_VOTE from s1: this server is a follower and still has a valid leader s4
2022-11-01 02:15:20,066 [grpc-default-executor-5] INFO  server.RaftServer$Division (RaftServerImpl.java:requestVote(1324)) - s2@group-29DD907A7165 replies to PRE_VOTE vote request: s1<-s2#0:FAIL-t2. Peer's state: s2@group-29DD907A7165:t2, leader=s4, voted=s4, raftlog=Memoized:s2@group-29DD907A7165-SegmentedRaftLog:OPENED:c0, conf=0: peers:[s3|rpc:localhost:46863|admin:localhost:41281|client:localhost:41041|dataStream:localhost:44363|priority:0|startupRole:FOLLOWER, s4|rpc:localhost:36775|admin:localhost:35477|client:localhost:46475|dataStream:localhost:42557|priority:0|startupRole:FOLLOWER, s0|rpc:localhost:33119|admin:localhost:42011|client:localhost:45597|dataStream:localhost:34507|priority:0|startupRole:FOLLOWER, s1|rpc:localhost:43051|admin:localhost:41551|client:localhost:45233|dataStream:localhost:41779|priority:0|startupRole:FOLLOWER, s2|rpc:localhost:41201|admin:localhost:41487|client:localhost:41547|dataStream:localhost:43565|priority:0|startupRole:FOLLOWER]|listeners:[], old=null
2022-11-01 02:15:20,067 [s1@group-29DD907A7165-LeaderElection37] INFO  impl.LeaderElection (LeaderElection.java:logAndReturn(89)) - s1@group-29DD907A7165-LeaderElection37: PRE_VOTE REJECTED received 3 response(s) and 0 exception(s):
2022-11-01 02:15:20,067 [s1@group-29DD907A7165-LeaderElection37] INFO  impl.LeaderElection (LeaderElection.java:logAndReturn(93)) -   Response 0: s1<-s3#0:FAIL-t2
2022-11-01 02:15:20,067 [s1@group-29DD907A7165-LeaderElection37] INFO  impl.LeaderElection (LeaderElection.java:logAndReturn(93)) -   Response 1: s1<-s4#0:FAIL-t2
2022-11-01 02:15:20,067 [s1@group-29DD907A7165-LeaderElection37] INFO  impl.LeaderElection (LeaderElection.java:logAndReturn(93)) -   Response 2: s1<-s0#0:FAIL-t2
2022-11-01 02:15:20,067 [s1@group-29DD907A7165-LeaderElection37] INFO  impl.LeaderElection (LeaderElection.java:askForVotes(311)) - s1@group-29DD907A7165-LeaderElection37 PRE_VOTE round 0: result REJECTED
2022-11-01 02:15:20,067 [s1@group-29DD907A7165-LeaderElection37] INFO  server.RaftServer$Division (RaftServerImpl.java:setRole(325)) - s1@group-29DD907A7165: changes role from CANDIDATE to FOLLOWER at term 2 for REJECTED
2022-11-01 02:15:20,067 [s1@group-29DD907A7165-LeaderElection37] INFO  impl.RoleInfo (RoleInfo.java:shutdownLeaderElection(130)) - s1: shutdown s1@group-29DD907A7165-LeaderElection37
2022-11-01 02:15:20,067 [s1@group-29DD907A7165-LeaderElection37] INFO  impl.RoleInfo (RoleInfo.java:updateAndGet(139)) - s1: start s1@group-29DD907A7165-FollowerState
2022-11-01 02:15:20,075 [s1-server-thread3] INFO  util.CodeInjectionForTesting (BlockRequestHandlingInjection.java:execute(84)) - s1: unBlock request from s4
2022-11-01 02:15:20,075 [s1-server-thread3] INFO  server.RaftServer$Division (ServerState.java:setLeader(259)) - s1@group-29DD907A7165: change Leader from null to s4 at term 2 for appendEntries, leader elected after 666ms
2022-11-01 02:15:20,075 [s1-server-thread3] INFO  server.RaftServer$Division (RaftServerImpl.java:checkInconsistentAppendEntries(1599)) - s1@group-29DD907A7165: Failed appendEntries as previous log entry ((t:2, i:0)) is not found
2022-11-01 02:15:20,075 [s1-server-thread3] INFO  server.RaftServer$Division (RaftServerImpl.java:checkInconsistentAppendEntries(1569)) - s1@group-29DD907A7165: inconsistency entries. Reply:s4<-s1#138:FAIL-t2,INCONSISTENCY,nextIndex=0,followerCommit=0,matchIndex=-1
2022-11-01 02:15:20,076 [s1-server-thread3] INFO  server.RaftServer$Division (RaftServerImpl.java:checkInconsistentAppendEntries(1599)) - s1@group-29DD907A7165: Failed appendEntries as previous log entry ((t:2, i:0)) is not found
2022-11-01 02:15:20,076 [s1-server-thread3] INFO  server.RaftServer$Division (RaftServerImpl.java:checkInconsistentAppendEntries(1569)) - s1@group-29DD907A7165: inconsistency entries. Reply:s4<-s1#139:FAIL-t2,INCONSISTENCY,nextIndex=0,followerCommit=0,matchIndex=-1
2022-11-01 02:15:20,076 [s1-server-thread3] INFO  server.RaftServer$Division (RaftServerImpl.java:checkInconsistentAppendEntries(1599)) - s1@group-29DD907A7165: Failed appendEntries as previous log entry ((t:2, i:0)) is not found
2022-11-01 02:15:20,076 [s1-server-thread3] INFO  server.RaftServer$Division (RaftServerImpl.java:checkInconsistentAppendEntries(1569)) - s1@group-29DD907A7165: inconsistency entries. Reply:s4<-s1#140:FAIL-t2,INCONSISTENCY,nextIndex=0,followerCommit=0,matchIndex=-1
2022-11-01 02:15:20,077 [s1-server-thread3] INFO  server.RaftServer$Division (RaftServerImpl.java:checkInconsistentAppendEntries(1599)) - s1@group-29DD907A7165: Failed appendEntries as previous log entry ((t:2, i:0)) is not found
2022-11-01 02:15:20,077 [s1-server-thread3] INFO  server.RaftServer$Division (RaftServerImpl.java:checkInconsistentAppendEntries(1569)) - s1@group-29DD907A7165: inconsistency entries. Reply:s4<-s1#141:FAIL-t2,INCONSISTENCY,nextIndex=0,followerCommit=0,matchIndex=-1
2022-11-01 02:15:20,077 [grpc-default-executor-20] INFO  leader.FollowerInfo (FollowerInfoImpl.java:lambda$new$0(48)) - s4@group-29DD907A7165->s1: nextIndex: updateUnconditionally 1 -> 0
2022-11-01 02:15:20,078 [s1-server-thread3] INFO  server.RaftServer$Division (RaftServerImpl.java:checkInconsistentAppendEntries(1599)) - s1@group-29DD907A7165: Failed appendEntries as previous log entry ((t:2, i:0)) is not found
2022-11-01 02:15:20,078 [s1-server-thread3] INFO  server.RaftServer$Division (RaftServerImpl.java:checkInconsistentAppendEntries(1569)) - s1@group-29DD907A7165: inconsistency entries. Reply:s4<-s1#142:FAIL-t2,INCONSISTENCY,nextIndex=0,followerCommit=0,matchIndex=-1
2022-11-01 02:15:20,079 [s1-server-thread3] INFO  server.RaftServer$Division (RaftServerImpl.java:checkInconsistentAppendEntries(1599)) - s1@group-29DD907A7165: Failed appendEntries as previous log entry ((t:2, i:0)) is not found
2022-11-01 02:15:20,079 [s1-server-thread3] INFO  server.RaftServer$Division (RaftServerImpl.java:checkInconsistentAppendEntries(1569)) - s1@group-29DD907A7165: inconsistency entries. Reply:s4<-s1#143:FAIL-t2,INCONSISTENCY,nextIndex=0,followerCommit=0,matchIndex=-1
2022-11-01 02:15:20,079 [s1-server-thread3] INFO  server.RaftServer$Division (RaftServerImpl.java:checkInconsistentAppendEntries(1599)) - s1@group-29DD907A7165: Failed appendEntries as previous log entry ((t:2, i:0)) is not found
2022-11-01 02:15:20,079 [s1-server-thread3] INFO  server.RaftServer$Division (RaftServerImpl.java:checkInconsistentAppendEntries(1569)) - s1@group-29DD907A7165: inconsistency entries. Reply:s4<-s1#144:FAIL-t2,INCONSISTENCY,nextIndex=0,followerCommit=0,matchIndex=-1
2022-11-01 02:15:20,080 [s1-server-thread3] INFO  server.RaftServer$Division (RaftServerImpl.java:checkInconsistentAppendEntries(1599)) - s1@group-29DD907A7165: Failed appendEntries as previous log entry ((t:2, i:0)) is not found
2022-11-01 02:15:20,080 [s1-server-thread3] INFO  server.RaftServer$Division (RaftServerImpl.java:checkInconsistentAppendEntries(1569)) - s1@group-29DD907A7165: inconsistency entries. Reply:s4<-s1#145:FAIL-t2,INCONSISTENCY,nextIndex=0,followerCommit=0,matchIndex=-1
2022-11-01 02:15:20,080 [s1-server-thread3] DEBUG server.RaftServer$Division (RaftServerImpl.java:logAppendEntries(1418)) - s1@group-29DD907A7165: receive appendEntries(s4, 2, null, 0, true, commits:[s4:c0, s3:c0, s0:c0, s1:c0, s2:c0], cId:146, entries: [(t:2, i:0), CONFIGURATIONENTRY(current:id: "s3"
address: "localhost:46863"
dataStreamAddress: "localhost:44363"
clientAddress: "localhost:41041"
adminAddress: "localhost:41281"
startupRole: FOLLOWER
,id: "s4"
address: "localhost:36775"
dataStreamAddress: "localhost:42557"
clientAddress: "localhost:46475"
adminAddress: "localhost:35477"
startupRole: FOLLOWER
,id: "s0"
address: "localhost:33119"
dataStreamAddress: "localhost:34507"
clientAddress: "localhost:45597"
adminAddress: "localhost:42011"
startupRole: FOLLOWER
,id: "s1"
address: "localhost:43051"
dataStreamAddress: "localhost:41779"
clientAddress: "localhost:45233"
adminAddress: "localhost:41551"
startupRole: FOLLOWER
,id: "s2"
address: "localhost:41201"
dataStreamAddress: "localhost:43565"
clientAddress: "localhost:41547"
adminAddress: "localhost:41487"
startupRole: FOLLOWER
, old:)]
2022-11-01 02:15:20,081 [s1-server-thread3] INFO  server.RaftServer$Division (RaftServerImpl.java:checkInconsistentAppendEntries(1589)) - s1@group-29DD907A7165: Failed appendEntries as the first entry (index 0) already exists (snapshotIndex: -1, commitIndex: 0)
2022-11-01 02:15:20,081 [s1-server-thread3] INFO  server.RaftServer$Division (RaftServerImpl.java:checkInconsistentAppendEntries(1569)) - s1@group-29DD907A7165: inconsistency entries. Reply:s4<-s1#146:FAIL-t2,INCONSISTENCY,nextIndex=1,followerCommit=0,matchIndex=-1
2022-11-01 02:15:20,081 [grpc-default-executor-2] INFO  leader.FollowerInfo (FollowerInfoImpl.java:lambda$new$0(48)) - s4@group-29DD907A7165->s1: nextIndex: updateUnconditionally 1 -> 0
2022-11-01 02:15:20,082 [grpc-default-executor-2] INFO  leader.FollowerInfo (FollowerInfoImpl.java:lambda$new$0(48)) - s4@group-29DD907A7165->s1: nextIndex: updateUnconditionally 1 -> 1
2022-11-01 02:15:20,082 [grpc-default-executor-2] INFO  leader.FollowerInfo (FollowerInfoImpl.java:lambda$new$0(48)) - s4@group-29DD907A7165->s1: nextIndex: updateUnconditionally 1 -> 0
2022-11-01 02:15:20,083 [s1-server-thread3] DEBUG server.RaftServer$Division (RaftServerImpl.java:logAppendEntries(1418)) - s1@group-29DD907A7165: receive appendEntries(s4, 2, null, 0, true, commits:[s4:c0, s3:c0, s0:c0, s1:c0, s2:c0], cId:147, entries: [(t:2, i:0), CONFIGURATIONENTRY(current:id: "s3"
address: "localhost:46863"
dataStreamAddress: "localhost:44363"
clientAddress: "localhost:41041"
adminAddress: "localhost:41281"
startupRole: FOLLOWER
,id: "s4"
address: "localhost:36775"
dataStreamAddress: "localhost:42557"
clientAddress: "localhost:46475"
adminAddress: "localhost:35477"
startupRole: FOLLOWER
,id: "s0"
address: "localhost:33119"
dataStreamAddress: "localhost:34507"
clientAddress: "localhost:45597"
adminAddress: "localhost:42011"
startupRole: FOLLOWER
,id: "s1"
address: "localhost:43051"
dataStreamAddress: "localhost:41779"
clientAddress: "localhost:45233"
adminAddress: "localhost:41551"
startupRole: FOLLOWER
,id: "s2"
address: "localhost:41201"
dataStreamAddress: "localhost:43565"
clientAddress: "localhost:41547"
adminAddress: "localhost:41487"
startupRole: FOLLOWER
, old:)]
2022-11-01 02:15:20,083 [s1-server-thread3] INFO  server.RaftServer$Division (RaftServerImpl.java:checkInconsistentAppendEntries(1589)) - s1@group-29DD907A7165: Failed appendEntries as the first entry (index 0) already exists (snapshotIndex: -1, commitIndex: 0)
2022-11-01 02:15:20,083 [s1-server-thread3] INFO  server.RaftServer$Division (RaftServerImpl.java:checkInconsistentAppendEntries(1569)) - s1@group-29DD907A7165: inconsistency entries. Reply:s4<-s1#147:FAIL-t2,INCONSISTENCY,nextIndex=1,followerCommit=0,matchIndex=-1
2022-11-01 02:15:20,084 [s1-server-thread3] DEBUG server.RaftServer$Division (RaftServerImpl.java:logAppendEntries(1418)) - s1@group-29DD907A7165: receive appendEntries(s4, 2, null, 0, true, commits:[s4:c0, s3:c0, s0:c0, s1:c0, s2:c0], cId:148, entries: [(t:2, i:0), CONFIGURATIONENTRY(current:id: "s3"
address: "localhost:46863"
dataStreamAddress: "localhost:44363"
clientAddress: "localhost:41041"
adminAddress: "localhost:41281"
startupRole: FOLLOWER
,id: "s4"
address: "localhost:36775"
dataStreamAddress: "localhost:42557"
clientAddress: "localhost:46475"
adminAddress: "localhost:35477"
startupRole: FOLLOWER
,id: "s0"
address: "localhost:33119"
dataStreamAddress: "localhost:34507"
clientAddress: "localhost:45597"
adminAddress: "localhost:42011"
startupRole: FOLLOWER
,id: "s1"
address: "localhost:43051"
dataStreamAddress: "localhost:41779"
clientAddress: "localhost:45233"
adminAddress: "localhost:41551"
startupRole: FOLLOWER
,id: "s2"
address: "localhost:41201"
dataStreamAddress: "localhost:43565"
clientAddress: "localhost:41547"
adminAddress: "localhost:41487"
startupRole: FOLLOWER
, old:)]
2022-11-01 02:15:20,084 [s1-server-thread3] INFO  server.RaftServer$Division (RaftServerImpl.java:checkInconsistentAppendEntries(1589)) - s1@group-29DD907A7165: Failed appendEntries as the first entry (index 0) already exists (snapshotIndex: -1, commitIndex: 0)
2022-11-01 02:15:20,084 [s1-server-thread3] INFO  server.RaftServer$Division (RaftServerImpl.java:checkInconsistentAppendEntries(1569)) - s1@group-29DD907A7165: inconsistency entries. Reply:s4<-s1#148:FAIL-t2,INCONSISTENCY,nextIndex=1,followerCommit=0,matchIndex=-1
2022-11-01 02:15:20,085 [grpc-default-executor-20] INFO  leader.FollowerInfo (FollowerInfoImpl.java:lambda$new$0(48)) - s4@group-29DD907A7165->s1: nextIndex: updateUnconditionally 1 -> 1
2022-11-01 02:15:20,085 [grpc-default-executor-2] INFO  leader.FollowerInfo (FollowerInfoImpl.java:lambda$new$0(48)) - s4@group-29DD907A7165->s1: nextIndex: updateUnconditionally 1 -> 0
2022-11-01 02:15:20,086 [s1-server-thread3] DEBUG server.RaftServer$Division (RaftServerImpl.java:logAppendEntries(1418)) - s1@group-29DD907A7165: receive appendEntries(s4, 2, null, 0, true, commits:[s4:c0, s3:c0, s0:c0, s1:c0, s2:c0], cId:149, entries: [(t:2, i:0), CONFIGURATIONENTRY(current:id: "s3"
address: "localhost:46863"
dataStreamAddress: "localhost:44363"
clientAddress: "localhost:41041"
adminAddress: "localhost:41281"
startupRole: FOLLOWER
,id: "s4"
address: "localhost:36775"
dataStreamAddress: "localhost:42557"
clientAddress: "localhost:46475"
adminAddress: "localhost:35477"
startupRole: FOLLOWER
,id: "s0"
address: "localhost:33119"
dataStreamAddress: "localhost:34507"
clientAddress: "localhost:45597"
adminAddress: "localhost:42011"
startupRole: FOLLOWER
,id: "s1"
address: "localhost:43051"
dataStreamAddress: "localhost:41779"
clientAddress: "localhost:45233"
adminAddress: "localhost:41551"
startupRole: FOLLOWER
,id: "s2"
address: "localhost:41201"
dataStreamAddress: "localhost:43565"
clientAddress: "localhost:41547"
adminAddress: "localhost:41487"
startupRole: FOLLOWER
, old:)]
2022-11-01 02:15:20,086 [s1-server-thread3] INFO  server.RaftServer$Division (RaftServerImpl.java:checkInconsistentAppendEntries(1589)) - s1@group-29DD907A7165: Failed appendEntries as the first entry (index 0) already exists (snapshotIndex: -1, commitIndex: 0)
2022-11-01 02:15:20,086 [s1-server-thread3] INFO  server.RaftServer$Division (RaftServerImpl.java:checkInconsistentAppendEntries(1569)) - s1@group-29DD907A7165: inconsistency entries. Reply:s4<-s1#149:FAIL-t2,INCONSISTENCY,nextIndex=1,followerCommit=0,matchIndex=-1
2022-11-01 02:15:20,087 [grpc-default-executor-20] INFO  leader.FollowerInfo (FollowerInfoImpl.java:lambda$new$0(48)) - s4@group-29DD907A7165->s1: nextIndex: updateUnconditionally 1 -> 0
2022-11-01 02:15:20,087 [grpc-default-executor-2] INFO  leader.FollowerInfo (FollowerInfoImpl.java:lambda$new$0(48)) - s4@group-29DD907A7165->s1: nextIndex: updateUnconditionally 1 -> 1
2022-11-01 02:15:20,087 [s1-server-thread3] DEBUG server.RaftServer$Division (RaftServerImpl.java:logAppendEntries(1418)) - s1@group-29DD907A7165: receive appendEntries(s4, 2, null, 0, true, commits:[s4:c0, s3:c0, s0:c0, s1:c0, s2:c0], cId:150, entries: [(t:2, i:0), CONFIGURATIONENTRY(current:id: "s3"
address: "localhost:46863"
dataStreamAddress: "localhost:44363"
clientAddress: "localhost:41041"
adminAddress: "localhost:41281"
startupRole: FOLLOWER
,id: "s4"
address: "localhost:36775"
dataStreamAddress: "localhost:42557"
clientAddress: "localhost:46475"
adminAddress: "localhost:35477"
startupRole: FOLLOWER
,id: "s0"
address: "localhost:33119"
dataStreamAddress: "localhost:34507"
clientAddress: "localhost:45597"
adminAddress: "localhost:42011"
startupRole: FOLLOWER
,id: "s1"
address: "localhost:43051"
dataStreamAddress: "localhost:41779"
clientAddress: "localhost:45233"
adminAddress: "localhost:41551"
startupRole: FOLLOWER
,id: "s2"
address: "localhost:41201"
dataStreamAddress: "localhost:43565"
clientAddress: "localhost:41547"
adminAddress: "localhost:41487"
startupRole: FOLLOWER
, old:)]
2022-11-01 02:15:20,088 [s1-server-thread3] INFO  server.RaftServer$Division (RaftServerImpl.java:checkInconsistentAppendEntries(1589)) - s1@group-29DD907A7165: Failed appendEntries as the first entry (index 0) already exists (snapshotIndex: -1, commitIndex: 0)
2022-11-01 02:15:20,088 [s1-server-thread3] INFO  server.RaftServer$Division (RaftServerImpl.java:checkInconsistentAppendEntries(1569)) - s1@group-29DD907A7165: inconsistency entries. Reply:s4<-s1#150:FAIL-t2,INCONSISTENCY,nextIndex=1,followerCommit=0,matchIndex=-1
2022-11-01 02:15:20,088 [grpc-default-executor-20] INFO  leader.FollowerInfo (FollowerInfoImpl.java:lambda$new$0(48)) - s4@group-29DD907A7165->s1: nextIndex: updateUnconditionally 1 -> 1
2022-11-01 02:15:20,088 [grpc-default-executor-2] INFO  leader.FollowerInfo (FollowerInfoImpl.java:lambda$new$0(48)) - s4@group-29DD907A7165->s1: nextIndex: updateUnconditionally 1 -> 0
2022-11-01 02:15:20,089 [s1-server-thread3] DEBUG server.RaftServer$Division (RaftServerImpl.java:logAppendEntries(1418)) - s1@group-29DD907A7165: receive appendEntries(s4, 2, null, 0, true, commits:[s4:c0, s3:c0, s0:c0, s1:c0, s2:c0], cId:151, entries: [(t:2, i:0), CONFIGURATIONENTRY(current:id: "s3"
address: "localhost:46863"
dataStreamAddress: "localhost:44363"
clientAddress: "localhost:41041"
adminAddress: "localhost:41281"
startupRole: FOLLOWER
,id: "s4"
address: "localhost:36775"
dataStreamAddress: "localhost:42557"
clientAddress: "localhost:46475"
adminAddress: "localhost:35477"
startupRole: FOLLOWER
,id: "s0"
address: "localhost:33119"
dataStreamAddress: "localhost:34507"
clientAddress: "localhost:45597"
adminAddress: "localhost:42011"
startupRole: FOLLOWER
,id: "s1"
address: "localhost:43051"
dataStreamAddress: "localhost:41779"
clientAddress: "localhost:45233"
adminAddress: "localhost:41551"
startupRole: FOLLOWER
,id: "s2"
address: "localhost:41201"
dataStreamAddress: "localhost:43565"
clientAddress: "localhost:41547"
adminAddress: "localhost:41487"
startupRole: FOLLOWER
, old:)]
2022-11-01 02:15:20,089 [s1-server-thread3] INFO  server.RaftServer$Division (RaftServerImpl.java:checkInconsistentAppendEntries(1589)) - s1@group-29DD907A7165: Failed appendEntries as the first entry (index 0) already exists (snapshotIndex: -1, commitIndex: 0)
2022-11-01 02:15:20,089 [s1-server-thread3] INFO  server.RaftServer$Division (RaftServerImpl.java:checkInconsistentAppendEntries(1569)) - s1@group-29DD907A7165: inconsistency entries. Reply:s4<-s1#151:FAIL-t2,INCONSISTENCY,nextIndex=1,followerCommit=0,matchIndex=-1
2022-11-01 02:15:20,090 [grpc-default-executor-20] INFO  leader.FollowerInfo (FollowerInfoImpl.java:lambda$new$0(48)) - s4@group-29DD907A7165->s1: nextIndex: updateUnconditionally 1 -> 1
2022-11-01 02:15:20,090 [grpc-default-executor-5] INFO  leader.FollowerInfo (FollowerInfoImpl.java:lambda$new$0(48)) - s4@group-29DD907A7165->s1: nextIndex: updateUnconditionally 1 -> 0
2022-11-01 02:15:20,090 [grpc-default-executor-5] INFO  leader.FollowerInfo (FollowerInfoImpl.java:lambda$new$0(48)) - s4@group-29DD907A7165->s1: nextIndex: updateUnconditionally 1 -> 0
2022-11-01 02:15:20,091 [grpc-default-executor-2] INFO  leader.FollowerInfo (FollowerInfoImpl.java:lambda$new$0(48)) - s4@group-29DD907A7165->s1: nextIndex: updateUnconditionally 1 -> 1
2022-11-01 02:15:20,091 [s1-server-thread3] DEBUG server.RaftServer$Division (RaftServerImpl.java:logAppendEntries(1418)) - s1@group-29DD907A7165: receive appendEntries(s4, 2, null, 0, true, commits:[s4:c0, s3:c0, s0:c0, s1:c0, s2:c0], cId:152, entries: [(t:2, i:0), CONFIGURATIONENTRY(current:id: "s3"
address: "localhost:46863"
dataStreamAddress: "localhost:44363"
clientAddress: "localhost:41041"
adminAddress: "localhost:41281"
startupRole: FOLLOWER
,id: "s4"
address: "localhost:36775"
dataStreamAddress: "localhost:42557"
clientAddress: "localhost:46475"
adminAddress: "localhost:35477"
startupRole: FOLLOWER
,id: "s0"
address: "localhost:33119"
dataStreamAddress: "localhost:34507"
clientAddress: "localhost:45597"
adminAddress: "localhost:42011"
startupRole: FOLLOWER
,id: "s1"
address: "localhost:43051"
dataStreamAddress: "localhost:41779"
clientAddress: "localhost:45233"
adminAddress: "localhost:41551"
startupRole: FOLLOWER
,id: "s2"
address: "localhost:41201"
dataStreamAddress: "localhost:43565"
clientAddress: "localhost:41547"
adminAddress: "localhost:41487"
startupRole: FOLLOWER
, old:)]
2022-11-01 02:15:20,092 [s1-server-thread3] INFO  server.RaftServer$Division (RaftServerImpl.java:checkInconsistentAppendEntries(1589)) - s1@group-29DD907A7165: Failed appendEntries as the first entry (index 0) already exists (snapshotIndex: -1, commitIndex: 0)
2022-11-01 02:15:20,092 [s1-server-thread3] INFO  server.RaftServer$Division (RaftServerImpl.java:checkInconsistentAppendEntries(1569)) - s1@group-29DD907A7165: inconsistency entries. Reply:s4<-s1#152:FAIL-t2,INCONSISTENCY,nextIndex=1,followerCommit=0,matchIndex=-1
2022-11-01 02:15:20,092 [s1-server-thread3] DEBUG server.RaftServer$Division (RaftServerImpl.java:logAppendEntries(1418)) - s1@group-29DD907A7165: receive appendEntries(s4, 2, null, 0, true, commits:[s4:c0, s3:c0, s0:c0, s1:c0, s2:c0], cId:153, entries: [(t:2, i:0), CONFIGURATIONENTRY(current:id: "s3"
address: "localhost:46863"
dataStreamAddress: "localhost:44363"
clientAddress: "localhost:41041"
adminAddress: "localhost:41281"
startupRole: FOLLOWER
,id: "s4"
address: "localhost:36775"
dataStreamAddress: "localhost:42557"
clientAddress: "localhost:46475"
adminAddress: "localhost:35477"
startupRole: FOLLOWER
,id: "s0"
address: "localhost:33119"
dataStreamAddress: "localhost:34507"
clientAddress: "localhost:45597"
adminAddress: "localhost:42011"
startupRole: FOLLOWER
,id: "s1"
address: "localhost:43051"
dataStreamAddress: "localhost:41779"
clientAddress: "localhost:45233"
adminAddress: "localhost:41551"
startupRole: FOLLOWER
,id: "s2"
address: "localhost:41201"
dataStreamAddress: "localhost:43565"
clientAddress: "localhost:41547"
adminAddress: "localhost:41487"
startupRole: FOLLOWER
, old:)]
2022-11-01 02:15:20,093 [grpc-default-executor-5] INFO  leader.FollowerInfo (FollowerInfoImpl.java:lambda$new$0(48)) - s4@group-29DD907A7165->s1: nextIndex: updateUnconditionally 1 -> 1
2022-11-01 02:15:20,093 [s1-server-thread3] INFO  server.RaftServer$Division (RaftServerImpl.java:checkInconsistentAppendEntries(1589)) - s1@group-29DD907A7165: Failed appendEntries as the first entry (index 0) already exists (snapshotIndex: -1, commitIndex: 0)
2022-11-01 02:15:20,093 [s1-server-thread3] INFO  server.RaftServer$Division (RaftServerImpl.java:checkInconsistentAppendEntries(1569)) - s1@group-29DD907A7165: inconsistency entries. Reply:s4<-s1#153:FAIL-t2,INCONSISTENCY,nextIndex=1,followerCommit=0,matchIndex=-1
2022-11-01 02:15:20,094 [grpc-default-executor-2] INFO  leader.FollowerInfo (FollowerInfoImpl.java:lambda$new$0(48)) - s4@group-29DD907A7165->s1: nextIndex: updateUnconditionally 1 -> 1
2022-11-01 02:15:20,169 [s1-server-thread3] INFO  server.RaftServer$Division (RaftServerImpl.java:checkInconsistentAppendEntries(1599)) - s1@group-29DD907A7165: Failed appendEntries as previous log entry ((t:2, i:0)) is not found
2022-11-01 02:15:20,170 [s1-server-thread3] INFO  server.RaftServer$Division (RaftServerImpl.java:checkInconsistentAppendEntries(1569)) - s1@group-29DD907A7165: inconsistency entries. Reply:s4<-s1#154:FAIL-t2,INCONSISTENCY,nextIndex=0,followerCommit=0,matchIndex=-1
2022-11-01 02:15:20,170 [grpc-default-executor-2] INFO  leader.FollowerInfo (FollowerInfoImpl.java:lambda$new$0(48)) - s4@group-29DD907A7165->s1: nextIndex: updateUnconditionally 1 -> 0
2022-11-01 02:15:20,171 [s1-server-thread3] DEBUG server.RaftServer$Division (RaftServerImpl.java:logAppendEntries(1418)) - s1@group-29DD907A7165: receive appendEntries(s4, 2, null, 0, true, commits:[s4:c0, s3:c0, s0:c0, s1:c0, s2:c0], cId:155, entries: [(t:2, i:0), CONFIGURATIONENTRY(current:id: "s3"
address: "localhost:46863"
dataStreamAddress: "localhost:44363"
clientAddress: "localhost:41041"
adminAddress: "localhost:41281"
startupRole: FOLLOWER
,id: "s4"
address: "localhost:36775"
dataStreamAddress: "localhost:42557"
clientAddress: "localhost:46475"
adminAddress: "localhost:35477"
startupRole: FOLLOWER
,id: "s0"
address: "localhost:33119"
dataStreamAddress: "localhost:34507"
clientAddress: "localhost:45597"
adminAddress: "localhost:42011"
startupRole: FOLLOWER
,id: "s1"
address: "localhost:43051"
dataStreamAddress: "localhost:41779"
clientAddress: "localhost:45233"
adminAddress: "localhost:41551"
startupRole: FOLLOWER
,id: "s2"
address: "localhost:41201"
dataStreamAddress: "localhost:43565"
clientAddress: "localhost:41547"
adminAddress: "localhost:41487"
startupRole: FOLLOWER
, old:)]
2022-11-01 02:15:20,171 [s1-server-thread3] INFO  server.RaftServer$Division (RaftServerImpl.java:checkInconsistentAppendEntries(1589)) - s1@group-29DD907A7165: Failed appendEntries as the first entry (index 0) already exists (snapshotIndex: -1, commitIndex: 0)
2022-11-01 02:15:20,171 [s1-server-thread3] INFO  server.RaftServer$Division (RaftServerImpl.java:checkInconsistentAppendEntries(1569)) - s1@group-29DD907A7165: inconsistency entries. Reply:s4<-s1#155:FAIL-t2,INCONSISTENCY,nextIndex=1,followerCommit=0,matchIndex=-1
2022-11-01 02:15:20,172 [grpc-default-executor-2] INFO  leader.FollowerInfo (FollowerInfoImpl.java:lambda$new$0(48)) - s4@group-29DD907A7165->s1: nextIndex: updateUnconditionally 1 -> 1
2022-11-01 02:15:20,248 [s1-server-thread3] INFO  server.RaftServer$Division (RaftServerImpl.java:checkInconsistentAppendEntries(1599)) - s1@group-29DD907A7165: Failed appendEntries as previous log entry ((t:2, i:0)) is not found
2022-11-01 02:15:20,248 [s1-server-thread3] INFO  server.RaftServer$Division (RaftServerImpl.java:checkInconsistentAppendEntries(1569)) - s1@group-29DD907A7165: inconsistency entries. Reply:s4<-s1#156:FAIL-t2,INCONSISTENCY,nextIndex=0,followerCommit=0,matchIndex=-1
2022-11-01 02:15:20,249 [grpc-default-executor-5] INFO  leader.FollowerInfo (FollowerInfoImpl.java:lambda$new$0(48)) - s4@group-29DD907A7165->s1: nextIndex: updateUnconditionally 1 -> 0
2022-11-01 02:15:20,250 [s1-server-thread3] DEBUG server.RaftServer$Division (RaftServerImpl.java:logAppendEntries(1418)) - s1@group-29DD907A7165: receive appendEntries(s4, 2, null, 0, true, commits:[s4:c0, s3:c0, s0:c0, s1:c0, s2:c0], cId:157, entries: [(t:2, i:0), CONFIGURATIONENTRY(current:id: "s3"
address: "localhost:46863"
dataStreamAddress: "localhost:44363"
clientAddress: "localhost:41041"
adminAddress: "localhost:41281"
startupRole: FOLLOWER
,id: "s4"
address: "localhost:36775"
dataStreamAddress: "localhost:42557"
clientAddress: "localhost:46475"
adminAddress: "localhost:35477"
startupRole: FOLLOWER
,id: "s0"
address: "localhost:33119"
dataStreamAddress: "localhost:34507"
clientAddress: "localhost:45597"
adminAddress: "localhost:42011"
startupRole: FOLLOWER
,id: "s1"
address: "localhost:43051"
dataStreamAddress: "localhost:41779"
clientAddress: "localhost:45233"
adminAddress: "localhost:41551"
startupRole: FOLLOWER
,id: "s2"
address: "localhost:41201"
dataStreamAddress: "localhost:43565"
clientAddress: "localhost:41547"
adminAddress: "localhost:41487"
startupRole: FOLLOWER
, old:)]
2022-11-01 02:15:20,250 [s1-server-thread3] INFO  server.RaftServer$Division (RaftServerImpl.java:checkInconsistentAppendEntries(1589)) - s1@group-29DD907A7165: Failed appendEntries as the first entry (index 0) already exists (snapshotIndex: -1, commitIndex: 0)
2022-11-01 02:15:20,250 [s1-server-thread3] INFO  server.RaftServer$Division (RaftServerImpl.java:checkInconsistentAppendEntries(1569)) - s1@group-29DD907A7165: inconsistency entries. Reply:s4<-s1#157:FAIL-t2,INCONSISTENCY,nextIndex=1,followerCommit=0,matchIndex=-1
2022-11-01 02:15:20,251 [grpc-default-executor-5] INFO  leader.FollowerInfo (FollowerInfoImpl.java:lambda$new$0(48)) - s4@group-29DD907A7165->s1: nextIndex: updateUnconditionally 1 -> 1
2022-11-01 02:15:20,327 [s1-server-thread3] INFO  server.RaftServer$Division (RaftServerImpl.java:checkInconsistentAppendEntries(1599)) - s1@group-29DD907A7165: Failed appendEntries as previous log entry ((t:2, i:0)) is not found
2022-11-01 02:15:20,327 [s1-server-thread3] INFO  server.RaftServer$Division (RaftServerImpl.java:checkInconsistentAppendEntries(1569)) - s1@group-29DD907A7165: inconsistency entries. Reply:s4<-s1#158:FAIL-t2,INCONSISTENCY,nextIndex=0,followerCommit=0,matchIndex=-1
2022-11-01 02:15:20,327 [grpc-default-executor-5] INFO  leader.FollowerInfo (FollowerInfoImpl.java:lambda$new$0(48)) - s4@group-29DD907A7165->s1: nextIndex: updateUnconditionally 1 -> 0
2022-11-01 02:15:20,328 [s1-server-thread3] DEBUG server.RaftServer$Division (RaftServerImpl.java:logAppendEntries(1418)) - s1@group-29DD907A7165: receive appendEntries(s4, 2, null, 0, true, commits:[s4:c0, s3:c0, s0:c0, s1:c0, s2:c0], cId:159, entries: [(t:2, i:0), CONFIGURATIONENTRY(current:id: "s3"
address: "localhost:46863"
dataStreamAddress: "localhost:44363"
clientAddress: "localhost:41041"
adminAddress: "localhost:41281"
startupRole: FOLLOWER
,id: "s4"
address: "localhost:36775"
dataStreamAddress: "localhost:42557"
clientAddress: "localhost:46475"
adminAddress: "localhost:35477"
startupRole: FOLLOWER
,id: "s0"
address: "localhost:33119"
dataStreamAddress: "localhost:34507"
clientAddress: "localhost:45597"
adminAddress: "localhost:42011"
startupRole: FOLLOWER
,id: "s1"
address: "localhost:43051"
dataStreamAddress: "localhost:41779"
clientAddress: "localhost:45233"
adminAddress: "localhost:41551"
startupRole: FOLLOWER
,id: "s2"
address: "localhost:41201"
dataStreamAddress: "localhost:43565"
clientAddress: "localhost:41547"
adminAddress: "localhost:41487"
startupRole: FOLLOWER
, old:)]
2022-11-01 02:15:20,329 [s1-server-thread3] INFO  server.RaftServer$Division (RaftServerImpl.java:checkInconsistentAppendEntries(1589)) - s1@group-29DD907A7165: Failed appendEntries as the first entry (index 0) already exists (snapshotIndex: -1, commitIndex: 0)
2022-11-01 02:15:20,329 [s1-server-thread3] INFO  server.RaftServer$Division (RaftServerImpl.java:checkInconsistentAppendEntries(1569)) - s1@group-29DD907A7165: inconsistency entries. Reply:s4<-s1#159:FAIL-t2,INCONSISTENCY,nextIndex=1,followerCommit=0,matchIndex=-1
2022-11-01 02:15:20,329 [grpc-default-executor-5] INFO  leader.FollowerInfo (FollowerInfoImpl.java:lambda$new$0(48)) - s4@group-29DD907A7165->s1: nextIndex: updateUnconditionally 1 -> 1
2022-11-01 02:15:20,405 [s1-server-thread3] INFO  server.RaftServer$Division (RaftServerImpl.java:checkInconsistentAppendEntries(1599)) - s1@group-29DD907A7165: Failed appendEntries as previous log entry ((t:2, i:0)) is not found
2022-11-01 02:15:20,405 [s1-server-thread3] INFO  server.RaftServer$Division (RaftServerImpl.java:checkInconsistentAppendEntries(1569)) - s1@group-29DD907A7165: inconsistency entries. Reply:s4<-s1#160:FAIL-t2,INCONSISTENCY,nextIndex=0,followerCommit=0,matchIndex=-1
2022-11-01 02:15:20,406 [grpc-default-executor-2] INFO  leader.FollowerInfo (FollowerInfoImpl.java:lambda$new$0(48)) - s4@group-29DD907A7165->s1: nextIndex: updateUnconditionally 1 -> 0
2022-11-01 02:15:20,407 [s1-server-thread3] DEBUG server.RaftServer$Division (RaftServerImpl.java:logAppendEntries(1418)) - s1@group-29DD907A7165: receive appendEntries(s4, 2, null, 0, true, commits:[s4:c0, s3:c0, s0:c0, s1:c0, s2:c0], cId:161, entries: [(t:2, i:0), CONFIGURATIONENTRY(current:id: "s3"
address: "localhost:46863"
dataStreamAddress: "localhost:44363"
clientAddress: "localhost:41041"
adminAddress: "localhost:41281"
startupRole: FOLLOWER
,id: "s4"
address: "localhost:36775"
dataStreamAddress: "localhost:42557"
clientAddress: "localhost:46475"
adminAddress: "localhost:35477"
startupRole: FOLLOWER
,id: "s0"
address: "localhost:33119"
dataStreamAddress: "localhost:34507"
clientAddress: "localhost:45597"
adminAddress: "localhost:42011"
startupRole: FOLLOWER
,id: "s1"
address: "localhost:43051"
dataStreamAddress: "localhost:41779"
clientAddress: "localhost:45233"
adminAddress: "localhost:41551"
startupRole: FOLLOWER
,id: "s2"
address: "localhost:41201"
dataStreamAddress: "localhost:43565"
clientAddress: "localhost:41547"
adminAddress: "localhost:41487"
startupRole: FOLLOWER
, old:)]
2022-11-01 02:15:20,407 [s1-server-thread3] INFO  server.RaftServer$Division (RaftServerImpl.java:checkInconsistentAppendEntries(1589)) - s1@group-29DD907A7165: Failed appendEntries as the first entry (index 0) already exists (snapshotIndex: -1, commitIndex: 0)
2022-11-01 02:15:20,408 [s1-server-thread3] INFO  server.RaftServer$Division (RaftServerImpl.java:checkInconsistentAppendEntries(1569)) - s1@group-29DD907A7165: inconsistency entries. Reply:s4<-s1#161:FAIL-t2,INCONSISTENCY,nextIndex=1,followerCommit=0,matchIndex=-1
2022-11-01 02:15:20,408 [grpc-default-executor-2] INFO  leader.FollowerInfo (FollowerInfoImpl.java:lambda$new$0(48)) - s4@group-29DD907A7165->s1: nextIndex: updateUnconditionally 1 -> 1
2022-11-01 02:15:20,484 [s1-server-thread3] INFO  server.RaftServer$Division (RaftServerImpl.java:checkInconsistentAppendEntries(1599)) - s1@group-29DD907A7165: Failed appendEntries as previous log entry ((t:2, i:0)) is not found
2022-11-01 02:15:20,484 [s1-server-thread3] INFO  server.RaftServer$Division (RaftServerImpl.java:checkInconsistentAppendEntries(1569)) - s1@group-29DD907A7165: inconsistency entries. Reply:s4<-s1#162:FAIL-t2,INCONSISTENCY,nextIndex=0,followerCommit=0,matchIndex=-1
2022-11-01 02:15:20,485 [grpc-default-executor-2] INFO  leader.FollowerInfo (FollowerInfoImpl.java:lambda$new$0(48)) - s4@group-29DD907A7165->s1: nextIndex: updateUnconditionally 1 -> 0
2022-11-01 02:15:20,486 [s1-server-thread3] DEBUG server.RaftServer$Division (RaftServerImpl.java:logAppendEntries(1418)) - s1@group-29DD907A7165: receive appendEntries(s4, 2, null, 0, true, commits:[s4:c0, s3:c0, s0:c0, s1:c0, s2:c0], cId:163, entries: [(t:2, i:0), CONFIGURATIONENTRY(current:id: "s3"
address: "localhost:46863"
dataStreamAddress: "localhost:44363"
clientAddress: "localhost:41041"
adminAddress: "localhost:41281"
startupRole: FOLLOWER
,id: "s4"
address: "localhost:36775"
dataStreamAddress: "localhost:42557"
clientAddress: "localhost:46475"
adminAddress: "localhost:35477"
startupRole: FOLLOWER
,id: "s0"
address: "localhost:33119"
dataStreamAddress: "localhost:34507"
clientAddress: "localhost:45597"
adminAddress: "localhost:42011"
startupRole: FOLLOWER
,id: "s1"
address: "localhost:43051"
dataStreamAddress: "localhost:41779"
clientAddress: "localhost:45233"
adminAddress: "localhost:41551"
startupRole: FOLLOWER
,id: "s2"
address: "localhost:41201"
dataStreamAddress: "localhost:43565"
clientAddress: "localhost:41547"
adminAddress: "localhost:41487"
startupRole: FOLLOWER
, old:)]
2022-11-01 02:15:20,486 [s1-server-thread3] INFO  server.RaftServer$Division (RaftServerImpl.java:checkInconsistentAppendEntries(1589)) - s1@group-29DD907A7165: Failed appendEntries as the first entry (index 0) already exists (snapshotIndex: -1, commitIndex: 0)
2022-11-01 02:15:20,486 [s1-server-thread3] INFO  server.RaftServer$Division (RaftServerImpl.java:checkInconsistentAppendEntries(1569)) - s1@group-29DD907A7165: inconsistency entries. Reply:s4<-s1#163:FAIL-t2,INCONSISTENCY,nextIndex=1,followerCommit=0,matchIndex=-1
2022-11-01 02:15:20,486 [grpc-default-executor-2] INFO  leader.FollowerInfo (FollowerInfoImpl.java:lambda$new$0(48)) - s4@group-29DD907A7165->s1: nextIndex: updateUnconditionally 1 -> 1
2022-11-01 02:15:20,563 [s1-server-thread3] INFO  server.RaftServer$Division (RaftServerImpl.java:checkInconsistentAppendEntries(1599)) - s1@group-29DD907A7165: Failed appendEntries as previous log entry ((t:2, i:0)) is not found
2022-11-01 02:15:20,563 [s1-server-thread3] INFO  server.RaftServer$Division (RaftServerImpl.java:checkInconsistentAppendEntries(1569)) - s1@group-29DD907A7165: inconsistency entries. Reply:s4<-s1#164:FAIL-t2,INCONSISTENCY,nextIndex=0,followerCommit=0,matchIndex=-1
2022-11-01 02:15:20,564 [grpc-default-executor-2] INFO  leader.FollowerInfo (FollowerInfoImpl.java:lambda$new$0(48)) - s4@group-29DD907A7165->s1: nextIndex: updateUnconditionally 1 -> 0
2022-11-01 02:15:20,565 [s1-server-thread3] DEBUG server.RaftServer$Division (RaftServerImpl.java:logAppendEntries(1418)) - s1@group-29DD907A7165: receive appendEntries(s4, 2, null, 0, true, commits:[s4:c0, s3:c0, s0:c0, s1:c0, s2:c0], cId:165, entries: [(t:2, i:0), CONFIGURATIONENTRY(current:id: "s3"
address: "localhost:46863"
dataStreamAddress: "localhost:44363"
clientAddress: "localhost:41041"
adminAddress: "localhost:41281"
startupRole: FOLLOWER
,id: "s4"
address: "localhost:36775"
dataStreamAddress: "localhost:42557"
clientAddress: "localhost:46475"
adminAddress: "localhost:35477"
startupRole: FOLLOWER
,id: "s0"
address: "localhost:33119"
dataStreamAddress: "localhost:34507"
clientAddress: "localhost:45597"
adminAddress: "localhost:42011"
startupRole: FOLLOWER
,id: "s1"
address: "localhost:43051"
dataStreamAddress: "localhost:41779"
clientAddress: "localhost:45233"
adminAddress: "localhost:41551"
startupRole: FOLLOWER
,id: "s2"
address: "localhost:41201"
dataStreamAddress: "localhost:43565"
clientAddress: "localhost:41547"
adminAddress: "localhost:41487"
startupRole: FOLLOWER
, old:)]
2022-11-01 02:15:20,565 [s1-server-thread3] INFO  server.RaftServer$Division (RaftServerImpl.java:checkInconsistentAppendEntries(1589)) - s1@group-29DD907A7165: Failed appendEntries as the first entry (index 0) already exists (snapshotIndex: -1, commitIndex: 0)
2022-11-01 02:15:20,565 [s1-server-thread3] INFO  server.RaftServer$Division (RaftServerImpl.java:checkInconsistentAppendEntries(1569)) - s1@group-29DD907A7165: inconsistency entries. Reply:s4<-s1#165:FAIL-t2,INCONSISTENCY,nextIndex=1,followerCommit=0,matchIndex=-1
2022-11-01 02:15:20,565 [grpc-default-executor-2] INFO  leader.FollowerInfo (FollowerInfoImpl.java:lambda$new$0(48)) - s4@group-29DD907A7165->s1: nextIndex: updateUnconditionally 1 -> 1
2022-11-01 02:15:20,642 [s1-server-thread3] INFO  server.RaftServer$Division (RaftServerImpl.java:checkInconsistentAppendEntries(1599)) - s1@group-29DD907A7165: Failed appendEntries as previous log entry ((t:2, i:0)) is not found
2022-11-01 02:15:20,642 [s1-server-thread3] INFO  server.RaftServer$Division (RaftServerImpl.java:checkInconsistentAppendEntries(1569)) - s1@group-29DD907A7165: inconsistency entries. Reply:s4<-s1#166:FAIL-t2,INCONSISTENCY,nextIndex=0,followerCommit=0,matchIndex=-1
2022-11-01 02:15:20,643 [grpc-default-executor-2] INFO  leader.FollowerInfo (FollowerInfoImpl.java:lambda$new$0(48)) - s4@group-29DD907A7165->s1: nextIndex: updateUnconditionally 1 -> 0
2022-11-01 02:15:20,644 [s1-server-thread3] DEBUG server.RaftServer$Division (RaftServerImpl.java:logAppendEntries(1418)) - s1@group-29DD907A7165: receive appendEntries(s4, 2, null, 0, true, commits:[s4:c0, s3:c0, s0:c0, s1:c0, s2:c0], cId:167, entries: [(t:2, i:0), CONFIGURATIONENTRY(current:id: "s3"
address: "localhost:46863"
dataStreamAddress: "localhost:44363"
clientAddress: "localhost:41041"
adminAddress: "localhost:41281"
startupRole: FOLLOWER
,id: "s4"
address: "localhost:36775"
dataStreamAddress: "localhost:42557"
clientAddress: "localhost:46475"
adminAddress: "localhost:35477"
startupRole: FOLLOWER
,id: "s0"
address: "localhost:33119"
dataStreamAddress: "localhost:34507"
clientAddress: "localhost:45597"
adminAddress: "localhost:42011"
startupRole: FOLLOWER
,id: "s1"
address: "localhost:43051"
dataStreamAddress: "localhost:41779"
clientAddress: "localhost:45233"
adminAddress: "localhost:41551"
startupRole: FOLLOWER
,id: "s2"
address: "localhost:41201"
dataStreamAddress: "localhost:43565"
clientAddress: "localhost:41547"
adminAddress: "localhost:41487"
startupRole: FOLLOWER
, old:)]
2022-11-01 02:15:20,644 [s1-server-thread3] INFO  server.RaftServer$Division (RaftServerImpl.java:checkInconsistentAppendEntries(1589)) - s1@group-29DD907A7165: Failed appendEntries as the first entry (index 0) already exists (snapshotIndex: -1, commitIndex: 0)
2022-11-01 02:15:20,644 [s1-server-thread3] INFO  server.RaftServer$Division (RaftServerImpl.java:checkInconsistentAppendEntries(1569)) - s1@group-29DD907A7165: inconsistency entries. Reply:s4<-s1#167:FAIL-t2,INCONSISTENCY,nextIndex=1,followerCommit=0,matchIndex=-1
2022-11-01 02:15:20,644 [grpc-default-executor-2] INFO  leader.FollowerInfo (FollowerInfoImpl.java:lambda$new$0(48)) - s4@group-29DD907A7165->s1: nextIndex: updateUnconditionally 1 -> 1
2022-11-01 02:15:20,720 [s1-server-thread3] INFO  server.RaftServer$Division (RaftServerImpl.java:checkInconsistentAppendEntries(1599)) - s1@group-29DD907A7165: Failed appendEntries as previous log entry ((t:2, i:0)) is not found
2022-11-01 02:15:20,720 [s1-server-thread3] INFO  server.RaftServer$Division (RaftServerImpl.java:checkInconsistentAppendEntries(1569)) - s1@group-29DD907A7165: inconsistency entries. Reply:s4<-s1#168:FAIL-t2,INCONSISTENCY,nextIndex=0,followerCommit=0,matchIndex=-1
2022-11-01 02:15:20,721 [grpc-default-executor-2] INFO  leader.FollowerInfo (FollowerInfoImpl.java:lambda$new$0(48)) - s4@group-29DD907A7165->s1: nextIndex: updateUnconditionally 1 -> 0
2022-11-01 02:15:20,722 [s1-server-thread3] DEBUG server.RaftServer$Division (RaftServerImpl.java:logAppendEntries(1418)) - s1@group-29DD907A7165: receive appendEntries(s4, 2, null, 0, true, commits:[s4:c0, s3:c0, s0:c0, s1:c0, s2:c0], cId:169, entries: [(t:2, i:0), CONFIGURATIONENTRY(current:id: "s3"
address: "localhost:46863"
dataStreamAddress: "localhost:44363"
clientAddress: "localhost:41041"
adminAddress: "localhost:41281"
startupRole: FOLLOWER
,id: "s4"
address: "localhost:36775"
dataStreamAddress: "localhost:42557"
clientAddress: "localhost:46475"
adminAddress: "localhost:35477"
startupRole: FOLLOWER
,id: "s0"
address: "localhost:33119"
dataStreamAddress: "localhost:34507"
clientAddress: "localhost:45597"
adminAddress: "localhost:42011"
startupRole: FOLLOWER
,id: "s1"
address: "localhost:43051"
dataStreamAddress: "localhost:41779"
clientAddress: "localhost:45233"
adminAddress: "localhost:41551"
startupRole: FOLLOWER
,id: "s2"
address: "localhost:41201"
dataStreamAddress: "localhost:43565"
clientAddress: "localhost:41547"
adminAddress: "localhost:41487"
startupRole: FOLLOWER
, old:)]
2022-11-01 02:15:20,722 [s1-server-thread3] INFO  server.RaftServer$Division (RaftServerImpl.java:checkInconsistentAppendEntries(1589)) - s1@group-29DD907A7165: Failed appendEntries as the first entry (index 0) already exists (snapshotIndex: -1, commitIndex: 0)
2022-11-01 02:15:20,722 [s1-server-thread3] INFO  server.RaftServer$Division (RaftServerImpl.java:checkInconsistentAppendEntries(1569)) - s1@group-29DD907A7165: inconsistency entries. Reply:s4<-s1#169:FAIL-t2,INCONSISTENCY,nextIndex=1,followerCommit=0,matchIndex=-1
2022-11-01 02:15:20,723 [grpc-default-executor-2] INFO  leader.FollowerInfo (FollowerInfoImpl.java:lambda$new$0(48)) - s4@group-29DD907A7165->s1: nextIndex: updateUnconditionally 1 -> 1
2022-11-01 02:15:20,799 [s1-server-thread3] INFO  server.RaftServer$Division (RaftServerImpl.java:checkInconsistentAppendEntries(1599)) - s1@group-29DD907A7165: Failed appendEntries as previous log entry ((t:2, i:0)) is not found
2022-11-01 02:15:20,799 [s1-server-thread3] INFO  server.RaftServer$Division (RaftServerImpl.java:checkInconsistentAppendEntries(1569)) - s1@group-29DD907A7165: inconsistency entries. Reply:s4<-s1#170:FAIL-t2,INCONSISTENCY,nextIndex=0,followerCommit=0,matchIndex=-1
2022-11-01 02:15:20,800 [grpc-default-executor-2] INFO  leader.FollowerInfo (FollowerInfoImpl.java:lambda$new$0(48)) - s4@group-29DD907A7165->s1: nextIndex: updateUnconditionally 1 -> 0
2022-11-01 02:15:20,801 [s1-server-thread3] DEBUG server.RaftServer$Division (RaftServerImpl.java:logAppendEntries(1418)) - s1@group-29DD907A7165: receive appendEntries(s4, 2, null, 0, true, commits:[s4:c0, s3:c0, s0:c0, s1:c0, s2:c0], cId:171, entries: [(t:2, i:0), CONFIGURATIONENTRY(current:id: "s3"
address: "localhost:46863"
dataStreamAddress: "localhost:44363"
clientAddress: "localhost:41041"
adminAddress: "localhost:41281"
startupRole: FOLLOWER
,id: "s4"
address: "localhost:36775"
dataStreamAddress: "localhost:42557"
clientAddress: "localhost:46475"
adminAddress: "localhost:35477"
startupRole: FOLLOWER
,id: "s0"
address: "localhost:33119"
dataStreamAddress: "localhost:34507"
clientAddress: "localhost:45597"
adminAddress: "localhost:42011"
startupRole: FOLLOWER
,id: "s1"
address: "localhost:43051"
dataStreamAddress: "localhost:41779"
clientAddress: "localhost:45233"
adminAddress: "localhost:41551"
startupRole: FOLLOWER
,id: "s2"
address: "localhost:41201"
dataStreamAddress: "localhost:43565"
clientAddress: "localhost:41547"
adminAddress: "localhost:41487"
startupRole: FOLLOWER
, old:)]
2022-11-01 02:15:20,801 [s1-server-thread3] INFO  server.RaftServer$Division (RaftServerImpl.java:checkInconsistentAppendEntries(1589)) - s1@group-29DD907A7165: Failed appendEntries as the first entry (index 0) already exists (snapshotIndex: -1, commitIndex: 0)
2022-11-01 02:15:20,801 [s1-server-thread3] INFO  server.RaftServer$Division (RaftServerImpl.java:checkInconsistentAppendEntries(1569)) - s1@group-29DD907A7165: inconsistency entries. Reply:s4<-s1#171:FAIL-t2,INCONSISTENCY,nextIndex=1,followerCommit=0,matchIndex=-1
2022-11-01 02:15:20,802 [grpc-default-executor-2] INFO  leader.FollowerInfo (FollowerInfoImpl.java:lambda$new$0(48)) - s4@group-29DD907A7165->s1: nextIndex: updateUnconditionally 1 -> 1
2022-11-01 02:15:20,820 [Time-limited test] INFO  grpc.TestLeaderElectionWithGrpc (LeaderElectionTests.java:enforceLeader(292)) - try enforcing leader to s1 but new leader is s4
2022-11-01 02:15:20,820 [Time-limited test] INFO  server.RaftServerConfigKeys (ConfUtils.java:logGet(46)) - raft.server.rpc.timeout.max = 300ms (default)
2022-11-01 02:15:20,840 [s4@group-29DD907A7165->s0-GrpcLogAppender-LogAppenderDaemon] INFO  util.CodeInjectionForTesting (DelayLocalExecutionInjection.java:execute(65)) - s4 delay 150 ms, args=[serverRequest {
  requestorId: "s4"
  replyId: "s0"
  raftGroupId {
    id: "\306I{yg\341A\222\264\356)\335\220zqe"
  }
  callId: 97
  slidingWindowEntry {
  }
}
leaderTerm: 2
previousLog {
  term: 2
}
initializing: true
commitInfos {
  server {
    id: "s4"
    address: "localhost:36775"
    dataStreamAddress: "localhost:42557"
    clientAddress: "localhost:46475"
    adminAddress: "localhost:35477"
    startupRole: FOLLOWER
  }
}
commitInfos {
  server {
    id: "s3"
    address: "localhost:46863"
    dataStreamAddress: "localhost:44363"
    clientAddress: "localhost:41041"
    adminAddress: "localhost:41281"
    startupRole: FOLLOWER
  }
}
commitInfos {
  server {
    id: "s0"
    address: "localhost:33119"
    dataStreamAddress: "localhost:34507"
    clientAddress: "localhost:45597"
    adminAddress: "localhost:42011"
    startupRole: FOLLOWER
  }
}
commitInfos {
  server {
    id: "s1"
    address: "localhost:43051"
    dataStreamAddress: "localhost:41779"
    clientAddress: "localhost:45233"
    adminAddress: "localhost:41551"
    startupRole: FOLLOWER
  }
}
commitInfos {
  server {
    id: "s2"
    address: "localhost:41201"
    dataStreamAddress: "localhost:43565"
    clientAddress: "localhost:41547"
    adminAddress: "localhost:41487"
    startupRole: FOLLOWER
  }
}
]
2022-11-01 02:15:20,878 [s4@group-29DD907A7165->s1-GrpcLogAppender-LogAppenderDaemon] INFO  util.CodeInjectionForTesting (DelayLocalExecutionInjection.java:execute(65)) - s4 delay 150 ms, args=[serverRequest {
  requestorId: "s4"
  replyId: "s1"
  raftGroupId {
    id: "\306I{yg\341A\222\264\356)\335\220zqe"
  }
  callId: 172
  slidingWindowEntry {
  }
}
leaderTerm: 2
previousLog {
  term: 2
}
initializing: true
commitInfos {
  server {
    id: "s4"
    address: "localhost:36775"
    dataStreamAddress: "localhost:42557"
    clientAddress: "localhost:46475"
    adminAddress: "localhost:35477"
    startupRole: FOLLOWER
  }
}
commitInfos {
  server {
    id: "s3"
    address: "localhost:46863"
    dataStreamAddress: "localhost:44363"
    clientAddress: "localhost:41041"
    adminAddress: "localhost:41281"
    startupRole: FOLLOWER
  }
}
commitInfos {
  server {
    id: "s0"
    address: "localhost:33119"
    dataStreamAddress: "localhost:34507"
    clientAddress: "localhost:45597"
    adminAddress: "localhost:42011"
    startupRole: FOLLOWER
  }
}
commitInfos {
  server {
    id: "s1"
    address: "localhost:43051"
    dataStreamAddress: "localhost:41779"
    clientAddress: "localhost:45233"
    adminAddress: "localhost:41551"
    startupRole: FOLLOWER
  }
}
commitInfos {
  server {
    id: "s2"
    address: "localhost:41201"
    dataStreamAddress: "localhost:43565"
    clientAddress: "localhost:41547"
    adminAddress: "localhost:41487"
    startupRole: FOLLOWER
  }
}
]
2022-11-01 02:15:20,886 [s4@group-29DD907A7165->s2-GrpcLogAppender-LogAppenderDaemon] INFO  util.CodeInjectionForTesting (DelayLocalExecutionInjection.java:execute(65)) - s4 delay 150 ms, args=[serverRequest {
  requestorId: "s4"
  replyId: "s2"
  raftGroupId {
    id: "\306I{yg\341A\222\264\356)\335\220zqe"
  }
  callId: 84
  slidingWindowEntry {
  }
}
leaderTerm: 2
previousLog {
  term: 2
}
initializing: true
commitInfos {
  server {
    id: "s4"
    address: "localhost:36775"
    dataStreamAddress: "localhost:42557"
    clientAddress: "localhost:46475"
    adminAddress: "localhost:35477"
    startupRole: FOLLOWER
  }
}
commitInfos {
  server {
    id: "s3"
    address: "localhost:46863"
    dataStreamAddress: "localhost:44363"
    clientAddress: "localhost:41041"
    adminAddress: "localhost:41281"
    startupRole: FOLLOWER
  }
}
commitInfos {
  server {
    id: "s0"
    address: "localhost:33119"
    dataStreamAddress: "localhost:34507"
    clientAddress: "localhost:45597"
    adminAddress: "localhost:42011"
    startupRole: FOLLOWER
  }
}
commitInfos {
  server {
    id: "s1"
    address: "localhost:43051"
    dataStreamAddress: "localhost:41779"
    clientAddress: "localhost:45233"
    adminAddress: "localhost:41551"
    startupRole: FOLLOWER
  }
}
commitInfos {
  server {
    id: "s2"
    address: "localhost:41201"
    dataStreamAddress: "localhost:43565"
    clientAddress: "localhost:41547"
    adminAddress: "localhost:41487"
    startupRole: FOLLOWER
  }
}
]
2022-11-01 02:15:20,889 [s4@group-29DD907A7165->s3-GrpcLogAppender-LogAppenderDaemon] INFO  util.CodeInjectionForTesting (DelayLocalExecutionInjection.java:execute(65)) - s4 delay 150 ms, args=[serverRequest {
  requestorId: "s4"
  replyId: "s3"
  raftGroupId {
    id: "\306I{yg\341A\222\264\356)\335\220zqe"
  }
  callId: 88
  slidingWindowEntry {
  }
}
leaderTerm: 2
previousLog {
  term: 2
}
initializing: true
commitInfos {
  server {
    id: "s4"
    address: "localhost:36775"
    dataStreamAddress: "localhost:42557"
    clientAddress: "localhost:46475"
    adminAddress: "localhost:35477"
    startupRole: FOLLOWER
  }
}
commitInfos {
  server {
    id: "s3"
    address: "localhost:46863"
    dataStreamAddress: "localhost:44363"
    clientAddress: "localhost:41041"
    adminAddress: "localhost:41281"
    startupRole: FOLLOWER
  }
}
commitInfos {
  server {
    id: "s0"
    address: "localhost:33119"
    dataStreamAddress: "localhost:34507"
    clientAddress: "localhost:45597"
    adminAddress: "localhost:42011"
    startupRole: FOLLOWER
  }
}
commitInfos {
  server {
    id: "s1"
    address: "localhost:43051"
    dataStreamAddress: "localhost:41779"
    clientAddress: "localhost:45233"
    adminAddress: "localhost:41551"
    startupRole: FOLLOWER
  }
}
commitInfos {
  server {
    id: "s2"
    address: "localhost:41201"
    dataStreamAddress: "localhost:43565"
    clientAddress: "localhost:41547"
    adminAddress: "localhost:41487"
    startupRole: FOLLOWER
  }
}
]
2022-11-01 02:15:21,029 [s1-server-thread3] INFO  util.CodeInjectionForTesting (BlockRequestHandlingInjection.java:execute(77)) - s1: Block request from s4
2022-11-01 02:15:21,067 [s4@group-29DD907A7165->s1-GrpcLogAppender-LogAppenderDaemon] INFO  util.CodeInjectionForTesting (DelayLocalExecutionInjection.java:execute(65)) - s4 delay 150 ms, args=[serverRequest {
  requestorId: "s4"
  replyId: "s1"
  raftGroupId {
    id: "\306I{yg\341A\222\264\356)\335\220zqe"
  }
  callId: 173
  slidingWindowEntry {
  }
}
leaderTerm: 2
previousLog {
  term: 2
}
initializing: true
commitInfos {
  server {
    id: "s4"
    address: "localhost:36775"
    dataStreamAddress: "localhost:42557"
    clientAddress: "localhost:46475"
    adminAddress: "localhost:35477"
    startupRole: FOLLOWER
  }
}
commitInfos {
  server {
    id: "s3"
    address: "localhost:46863"
    dataStreamAddress: "localhost:44363"
    clientAddress: "localhost:41041"
    adminAddress: "localhost:41281"
    startupRole: FOLLOWER
  }
}
commitInfos {
  server {
    id: "s0"
    address: "localhost:33119"
    dataStreamAddress: "localhost:34507"
    clientAddress: "localhost:45597"
    adminAddress: "localhost:42011"
    startupRole: FOLLOWER
  }
}
commitInfos {
  server {
    id: "s1"
    address: "localhost:43051"
    dataStreamAddress: "localhost:41779"
    clientAddress: "localhost:45233"
    adminAddress: "localhost:41551"
    startupRole: FOLLOWER
  }
}
commitInfos {
  server {
    id: "s2"
    address: "localhost:41201"
    dataStreamAddress: "localhost:43565"
    clientAddress: "localhost:41547"
    adminAddress: "localhost:41487"
    startupRole: FOLLOWER
  }
}
]
2022-11-01 02:15:21,069 [s4@group-29DD907A7165->s0-GrpcLogAppender-LogAppenderDaemon] INFO  util.CodeInjectionForTesting (DelayLocalExecutionInjection.java:execute(65)) - s4 delay 150 ms, args=[serverRequest {
  requestorId: "s4"
  replyId: "s0"
  raftGroupId {
    id: "\306I{yg\341A\222\264\356)\335\220zqe"
  }
  callId: 98
  slidingWindowEntry {
  }
}
leaderTerm: 2
previousLog {
  term: 2
}
initializing: true
commitInfos {
  server {
    id: "s4"
    address: "localhost:36775"
    dataStreamAddress: "localhost:42557"
    clientAddress: "localhost:46475"
    adminAddress: "localhost:35477"
    startupRole: FOLLOWER
  }
}
commitInfos {
  server {
    id: "s3"
    address: "localhost:46863"
    dataStreamAddress: "localhost:44363"
    clientAddress: "localhost:41041"
    adminAddress: "localhost:41281"
    startupRole: FOLLOWER
  }
}
commitInfos {
  server {
    id: "s0"
    address: "localhost:33119"
    dataStreamAddress: "localhost:34507"
    clientAddress: "localhost:45597"
    adminAddress: "localhost:42011"
    startupRole: FOLLOWER
  }
}
commitInfos {
  server {
    id: "s1"
    address: "localhost:43051"
    dataStreamAddress: "localhost:41779"
    clientAddress: "localhost:45233"
    adminAddress: "localhost:41551"
    startupRole: FOLLOWER
  }
}
commitInfos {
  server {
    id: "s2"
    address: "localhost:41201"
    dataStreamAddress: "localhost:43565"
    clientAddress: "localhost:41547"
    adminAddress: "localhost:41487"
    startupRole: FOLLOWER
  }
}
]
2022-11-01 02:15:21,113 [s4@group-29DD907A7165->s2-GrpcLogAppender-LogAppenderDaemon] INFO  util.CodeInjectionForTesting (DelayLocalExecutionInjection.java:execute(65)) - s4 delay 150 ms, args=[serverRequest {
  requestorId: "s4"
  replyId: "s2"
  raftGroupId {
    id: "\306I{yg\341A\222\264\356)\335\220zqe"
  }
  callId: 85
  slidingWindowEntry {
  }
}
leaderTerm: 2
previousLog {
  term: 2
}
initializing: true
commitInfos {
  server {
    id: "s4"
    address: "localhost:36775"
    dataStreamAddress: "localhost:42557"
    clientAddress: "localhost:46475"
    adminAddress: "localhost:35477"
    startupRole: FOLLOWER
  }
}
commitInfos {
  server {
    id: "s3"
    address: "localhost:46863"
    dataStreamAddress: "localhost:44363"
    clientAddress: "localhost:41041"
    adminAddress: "localhost:41281"
    startupRole: FOLLOWER
  }
}
commitInfos {
  server {
    id: "s0"
    address: "localhost:33119"
    dataStreamAddress: "localhost:34507"
    clientAddress: "localhost:45597"
    adminAddress: "localhost:42011"
    startupRole: FOLLOWER
  }
}
commitInfos {
  server {
    id: "s1"
    address: "localhost:43051"
    dataStreamAddress: "localhost:41779"
    clientAddress: "localhost:45233"
    adminAddress: "localhost:41551"
    startupRole: FOLLOWER
  }
}
commitInfos {
  server {
    id: "s2"
    address: "localhost:41201"
    dataStreamAddress: "localhost:43565"
    clientAddress: "localhost:41547"
    adminAddress: "localhost:41487"
    startupRole: FOLLOWER
  }
}
]
2022-11-01 02:15:21,117 [s4@group-29DD907A7165->s3-GrpcLogAppender-LogAppenderDaemon] INFO  util.CodeInjectionForTesting (DelayLocalExecutionInjection.java:execute(65)) - s4 delay 150 ms, args=[serverRequest {
  requestorId: "s4"
  replyId: "s3"
  raftGroupId {
    id: "\306I{yg\341A\222\264\356)\335\220zqe"
  }
  callId: 89
  slidingWindowEntry {
  }
}
leaderTerm: 2
previousLog {
  term: 2
}
initializing: true
commitInfos {
  server {
    id: "s4"
    address: "localhost:36775"
    dataStreamAddress: "localhost:42557"
    clientAddress: "localhost:46475"
    adminAddress: "localhost:35477"
    startupRole: FOLLOWER
  }
}
commitInfos {
  server {
    id: "s3"
    address: "localhost:46863"
    dataStreamAddress: "localhost:44363"
    clientAddress: "localhost:41041"
    adminAddress: "localhost:41281"
    startupRole: FOLLOWER
  }
}
commitInfos {
  server {
    id: "s0"
    address: "localhost:33119"
    dataStreamAddress: "localhost:34507"
    clientAddress: "localhost:45597"
    adminAddress: "localhost:42011"
    startupRole: FOLLOWER
  }
}
commitInfos {
  server {
    id: "s1"
    address: "localhost:43051"
    dataStreamAddress: "localhost:41779"
    clientAddress: "localhost:45233"
    adminAddress: "localhost:41551"
    startupRole: FOLLOWER
  }
}
commitInfos {
  server {
    id: "s2"
    address: "localhost:41201"
    dataStreamAddress: "localhost:43565"
    clientAddress: "localhost:41547"
    adminAddress: "localhost:41487"
    startupRole: FOLLOWER
  }
}
]
2022-11-01 02:15:21,155 [s1@group-29DD907A7165-FollowerState] INFO  impl.FollowerState (FollowerState.java:run(143)) - s1@group-29DD907A7165-FollowerState: change to CANDIDATE, lastRpcElapsedTime:354183868ns, electionTimeout:229ms
2022-11-01 02:15:21,155 [s1@group-29DD907A7165-FollowerState] INFO  impl.RoleInfo (RoleInfo.java:shutdownFollowerState(110)) - s1: shutdown s1@group-29DD907A7165-FollowerState
2022-11-01 02:15:21,156 [s1@group-29DD907A7165-FollowerState] INFO  server.RaftServer$Division (RaftServerImpl.java:setRole(325)) - s1@group-29DD907A7165: changes role from  FOLLOWER to CANDIDATE at term 2 for changeToCandidate
2022-11-01 02:15:21,156 [s1@group-29DD907A7165-FollowerState] INFO  server.RaftServerConfigKeys (ConfUtils.java:logGet(46)) - raft.server.leaderelection.pre-vote = true (default)
2022-11-01 02:15:21,156 [s1@group-29DD907A7165-FollowerState] INFO  impl.RoleInfo (RoleInfo.java:updateAndGet(139)) - s1: start s1@group-29DD907A7165-LeaderElection38
2022-11-01 02:15:21,156 [s1@group-29DD907A7165-LeaderElection38] INFO  server.RaftServer$Division (ServerState.java:setLeader(259)) - s1@group-29DD907A7165: change Leader from s4 to null at term 2 for PRE_VOTE
2022-11-01 02:15:21,157 [s1@group-29DD907A7165-LeaderElection38] INFO  impl.LeaderElection (LeaderElection.java:askForVotes(309)) - s1@group-29DD907A7165-LeaderElection38 PRE_VOTE round 0: submit vote requests at term 2 for 0: peers:[s3|rpc:localhost:46863|admin:localhost:41281|client:localhost:41041|dataStream:localhost:44363|priority:0|startupRole:FOLLOWER, s4|rpc:localhost:36775|admin:localhost:35477|client:localhost:46475|dataStream:localhost:42557|priority:0|startupRole:FOLLOWER, s0|rpc:localhost:33119|admin:localhost:42011|client:localhost:45597|dataStream:localhost:34507|priority:0|startupRole:FOLLOWER, s1|rpc:localhost:43051|admin:localhost:41551|client:localhost:45233|dataStream:localhost:41779|priority:0|startupRole:FOLLOWER, s2|rpc:localhost:41201|admin:localhost:41487|client:localhost:41547|dataStream:localhost:43565|priority:0|startupRole:FOLLOWER]|listeners:[], old=null
2022-11-01 02:15:21,159 [grpc-default-executor-20] INFO  server.RaftServer$Division (RaftServerImpl.java:requestVote(1291)) - s0@group-29DD907A7165: receive requestVote(PRE_VOTE, s1, group-29DD907A7165, 2, (t:1, i:0))
2022-11-01 02:15:21,159 [grpc-default-executor-24] INFO  server.RaftServer$Division (RaftServerImpl.java:requestVote(1291)) - s4@group-29DD907A7165: receive requestVote(PRE_VOTE, s1, group-29DD907A7165, 2, (t:1, i:0))
2022-11-01 02:15:21,159 [grpc-default-executor-24] INFO  impl.VoteContext (VoteContext.java:log(49)) - s4@group-29DD907A7165-LEADER: reject PRE_VOTE from s1: this server is the leader and still has leadership
2022-11-01 02:15:21,159 [grpc-default-executor-24] INFO  server.RaftServer$Division (RaftServerImpl.java:requestVote(1324)) - s4@group-29DD907A7165 replies to PRE_VOTE vote request: s1<-s4#0:FAIL-t2. Peer's state: s4@group-29DD907A7165:t2, leader=s4, voted=s4, raftlog=Memoized:s4@group-29DD907A7165-SegmentedRaftLog:OPENED:c0, conf=0: peers:[s3|rpc:localhost:46863|admin:localhost:41281|client:localhost:41041|dataStream:localhost:44363|priority:0|startupRole:FOLLOWER, s4|rpc:localhost:36775|admin:localhost:35477|client:localhost:46475|dataStream:localhost:42557|priority:0|startupRole:FOLLOWER, s0|rpc:localhost:33119|admin:localhost:42011|client:localhost:45597|dataStream:localhost:34507|priority:0|startupRole:FOLLOWER, s1|rpc:localhost:43051|admin:localhost:41551|client:localhost:45233|dataStream:localhost:41779|priority:0|startupRole:FOLLOWER, s2|rpc:localhost:41201|admin:localhost:41487|client:localhost:41547|dataStream:localhost:43565|priority:0|startupRole:FOLLOWER]|listeners:[], old=null
2022-11-01 02:15:21,159 [grpc-default-executor-20] INFO  impl.VoteContext (VoteContext.java:log(49)) - s0@group-29DD907A7165-FOLLOWER: reject PRE_VOTE from s1: our last entry (t:2, i:0) > candidate's last entry (t:1, i:0)
2022-11-01 02:15:21,160 [grpc-default-executor-20] INFO  server.RaftServer$Division (RaftServerImpl.java:requestVote(1324)) - s0@group-29DD907A7165 replies to PRE_VOTE vote request: s1<-s0#0:FAIL-t2. Peer's state: s0@group-29DD907A7165:t2, leader=s4, voted=s4, raftlog=Memoized:s0@group-29DD907A7165-SegmentedRaftLog:OPENED:c0, conf=0: peers:[s3|rpc:localhost:46863|admin:localhost:41281|client:localhost:41041|dataStream:localhost:44363|priority:0|startupRole:FOLLOWER, s4|rpc:localhost:36775|admin:localhost:35477|client:localhost:46475|dataStream:localhost:42557|priority:0|startupRole:FOLLOWER, s0|rpc:localhost:33119|admin:localhost:42011|client:localhost:45597|dataStream:localhost:34507|priority:0|startupRole:FOLLOWER, s1|rpc:localhost:43051|admin:localhost:41551|client:localhost:45233|dataStream:localhost:41779|priority:0|startupRole:FOLLOWER, s2|rpc:localhost:41201|admin:localhost:41487|client:localhost:41547|dataStream:localhost:43565|priority:0|startupRole:FOLLOWER]|listeners:[], old=null
2022-11-01 02:15:21,161 [grpc-default-executor-5] INFO  server.RaftServer$Division (RaftServerImpl.java:requestVote(1291)) - s3@group-29DD907A7165: receive requestVote(PRE_VOTE, s1, group-29DD907A7165, 2, (t:1, i:0))
2022-11-01 02:15:21,161 [grpc-default-executor-5] INFO  impl.VoteContext (VoteContext.java:log(49)) - s3@group-29DD907A7165-FOLLOWER: reject PRE_VOTE from s1: this server is a follower and still has a valid leader s4
2022-11-01 02:15:21,161 [grpc-default-executor-5] INFO  server.RaftServer$Division (RaftServerImpl.java:requestVote(1324)) - s3@group-29DD907A7165 replies to PRE_VOTE vote request: s1<-s3#0:FAIL-t2. Peer's state: s3@group-29DD907A7165:t2, leader=s4, voted=s4, raftlog=Memoized:s3@group-29DD907A7165-SegmentedRaftLog:OPENED:c0, conf=0: peers:[s3|rpc:localhost:46863|admin:localhost:41281|client:localhost:41041|dataStream:localhost:44363|priority:0|startupRole:FOLLOWER, s4|rpc:localhost:36775|admin:localhost:35477|client:localhost:46475|dataStream:localhost:42557|priority:0|startupRole:FOLLOWER, s0|rpc:localhost:33119|admin:localhost:42011|client:localhost:45597|dataStream:localhost:34507|priority:0|startupRole:FOLLOWER, s1|rpc:localhost:43051|admin:localhost:41551|client:localhost:45233|dataStream:localhost:41779|priority:0|startupRole:FOLLOWER, s2|rpc:localhost:41201|admin:localhost:41487|client:localhost:41547|dataStream:localhost:43565|priority:0|startupRole:FOLLOWER]|listeners:[], old=null
2022-11-01 02:15:21,163 [s1@group-29DD907A7165-LeaderElection38] INFO  impl.LeaderElection (LeaderElection.java:logAndReturn(89)) - s1@group-29DD907A7165-LeaderElection38: PRE_VOTE REJECTED received 3 response(s) and 0 exception(s):
2022-11-01 02:15:21,163 [s1@group-29DD907A7165-LeaderElection38] INFO  impl.LeaderElection (LeaderElection.java:logAndReturn(93)) -   Response 0: s1<-s3#0:FAIL-t2
2022-11-01 02:15:21,163 [s1@group-29DD907A7165-LeaderElection38] INFO  impl.LeaderElection (LeaderElection.java:logAndReturn(93)) -   Response 1: s1<-s4#0:FAIL-t2
2022-11-01 02:15:21,163 [s1@group-29DD907A7165-LeaderElection38] INFO  impl.LeaderElection (LeaderElection.java:logAndReturn(93)) -   Response 2: s1<-s0#0:FAIL-t2
2022-11-01 02:15:21,163 [s1@group-29DD907A7165-LeaderElection38] INFO  impl.LeaderElection (LeaderElection.java:askForVotes(311)) - s1@group-29DD907A7165-LeaderElection38 PRE_VOTE round 0: result REJECTED
2022-11-01 02:15:21,163 [s1@group-29DD907A7165-LeaderElection38] INFO  server.RaftServer$Division (RaftServerImpl.java:setRole(325)) - s1@group-29DD907A7165: changes role from CANDIDATE to FOLLOWER at term 2 for REJECTED
2022-11-01 02:15:21,163 [s1@group-29DD907A7165-LeaderElection38] INFO  impl.RoleInfo (RoleInfo.java:shutdownLeaderElection(130)) - s1: shutdown s1@group-29DD907A7165-LeaderElection38
2022-11-01 02:15:21,163 [s1@group-29DD907A7165-LeaderElection38] INFO  impl.RoleInfo (RoleInfo.java:updateAndGet(139)) - s1: start s1@group-29DD907A7165-FollowerState
2022-11-01 02:15:21,164 [grpc-default-executor-24] INFO  server.RaftServer$Division (RaftServerImpl.java:requestVote(1291)) - s2@group-29DD907A7165: receive requestVote(PRE_VOTE, s1, group-29DD907A7165, 2, (t:1, i:0))
2022-11-01 02:15:21,164 [grpc-default-executor-24] INFO  impl.VoteContext (VoteContext.java:log(49)) - s2@group-29DD907A7165-FOLLOWER: reject PRE_VOTE from s1: this server is a follower and still has a valid leader s4
2022-11-01 02:15:21,164 [grpc-default-executor-24] INFO  server.RaftServer$Division (RaftServerImpl.java:requestVote(1324)) - s2@group-29DD907A7165 replies to PRE_VOTE vote request: s1<-s2#0:FAIL-t2. Peer's state: s2@group-29DD907A7165:t2, leader=s4, voted=s4, raftlog=Memoized:s2@group-29DD907A7165-SegmentedRaftLog:OPENED:c0, conf=0: peers:[s3|rpc:localhost:46863|admin:localhost:41281|client:localhost:41041|dataStream:localhost:44363|priority:0|startupRole:FOLLOWER, s4|rpc:localhost:36775|admin:localhost:35477|client:localhost:46475|dataStream:localhost:42557|priority:0|startupRole:FOLLOWER, s0|rpc:localhost:33119|admin:localhost:42011|client:localhost:45597|dataStream:localhost:34507|priority:0|startupRole:FOLLOWER, s1|rpc:localhost:43051|admin:localhost:41551|client:localhost:45233|dataStream:localhost:41779|priority:0|startupRole:FOLLOWER, s2|rpc:localhost:41201|admin:localhost:41487|client:localhost:41547|dataStream:localhost:43565|priority:0|startupRole:FOLLOWER]|listeners:[], old=null
2022-11-01 02:15:21,249 [s2@group-29DD907A7165-FollowerState] INFO  impl.FollowerState (FollowerState.java:run(143)) - s2@group-29DD907A7165-FollowerState: change to CANDIDATE, lastRpcElapsedTime:211980697ns, electionTimeout:194ms
2022-11-01 02:15:21,249 [s2@group-29DD907A7165-FollowerState] INFO  impl.RoleInfo (RoleInfo.java:shutdownFollowerState(110)) - s2: shutdown s2@group-29DD907A7165-FollowerState
2022-11-01 02:15:21,249 [s2@group-29DD907A7165-FollowerState] INFO  server.RaftServer$Division (RaftServerImpl.java:setRole(325)) - s2@group-29DD907A7165: changes role from  FOLLOWER to CANDIDATE at term 2 for changeToCandidate
2022-11-01 02:15:21,249 [s2@group-29DD907A7165-FollowerState] INFO  server.RaftServerConfigKeys (ConfUtils.java:logGet(46)) - raft.server.leaderelection.pre-vote = true (default)
2022-11-01 02:15:21,249 [s2@group-29DD907A7165-FollowerState] INFO  impl.RoleInfo (RoleInfo.java:updateAndGet(139)) - s2: start s2@group-29DD907A7165-LeaderElection39
2022-11-01 02:15:21,250 [s2@group-29DD907A7165-LeaderElection39] INFO  server.RaftServer$Division (ServerState.java:setLeader(259)) - s2@group-29DD907A7165: change Leader from s4 to null at term 2 for PRE_VOTE
2022-11-01 02:15:21,250 [s2@group-29DD907A7165-LeaderElection39] INFO  impl.LeaderElection (LeaderElection.java:askForVotes(309)) - s2@group-29DD907A7165-LeaderElection39 PRE_VOTE round 0: submit vote requests at term 2 for 0: peers:[s3|rpc:localhost:46863|admin:localhost:41281|client:localhost:41041|dataStream:localhost:44363|priority:0|startupRole:FOLLOWER, s4|rpc:localhost:36775|admin:localhost:35477|client:localhost:46475|dataStream:localhost:42557|priority:0|startupRole:FOLLOWER, s0|rpc:localhost:33119|admin:localhost:42011|client:localhost:45597|dataStream:localhost:34507|priority:0|startupRole:FOLLOWER, s1|rpc:localhost:43051|admin:localhost:41551|client:localhost:45233|dataStream:localhost:41779|priority:0|startupRole:FOLLOWER, s2|rpc:localhost:41201|admin:localhost:41487|client:localhost:41547|dataStream:localhost:43565|priority:0|startupRole:FOLLOWER]|listeners:[], old=null
2022-11-01 02:15:21,250 [s2@group-29DD907A7165-LeaderElection39-1] INFO  util.CodeInjectionForTesting (DelayLocalExecutionInjection.java:execute(65)) - s2 delay 150 ms, args=[serverRequest {
  requestorId: "s2"
  replyId: "s3"
  raftGroupId {
    id: "\306I{yg\341A\222\264\356)\335\220zqe"
  }
  slidingWindowEntry {
  }
}
candidateTerm: 2
candidateLastEntry {
  term: 2
}
preVote: true
]
2022-11-01 02:15:21,251 [s2@group-29DD907A7165-LeaderElection39-2] INFO  util.CodeInjectionForTesting (DelayLocalExecutionInjection.java:execute(65)) - s2 delay 150 ms, args=[serverRequest {
  requestorId: "s2"
  replyId: "s4"
  raftGroupId {
    id: "\306I{yg\341A\222\264\356)\335\220zqe"
  }
  slidingWindowEntry {
  }
}
candidateTerm: 2
candidateLastEntry {
  term: 2
}
preVote: true
]
2022-11-01 02:15:21,251 [s2@group-29DD907A7165-LeaderElection39-4] INFO  util.CodeInjectionForTesting (DelayLocalExecutionInjection.java:execute(65)) - s2 delay 150 ms, args=[serverRequest {
  requestorId: "s2"
  replyId: "s1"
  raftGroupId {
    id: "\306I{yg\341A\222\264\356)\335\220zqe"
  }
  slidingWindowEntry {
  }
}
candidateTerm: 2
candidateLastEntry {
  term: 2
}
preVote: true
]
2022-11-01 02:15:21,252 [s2@group-29DD907A7165-LeaderElection39-3] INFO  util.CodeInjectionForTesting (DelayLocalExecutionInjection.java:execute(65)) - s2 delay 150 ms, args=[serverRequest {
  requestorId: "s2"
  replyId: "s0"
  raftGroupId {
    id: "\306I{yg\341A\222\264\356)\335\220zqe"
  }
  slidingWindowEntry {
  }
}
candidateTerm: 2
candidateLastEntry {
  term: 2
}
preVote: true
]
2022-11-01 02:15:21,255 [s4@group-29DD907A7165->s1-GrpcLogAppender-LogAppenderDaemon] INFO  util.CodeInjectionForTesting (DelayLocalExecutionInjection.java:execute(65)) - s4 delay 150 ms, args=[serverRequest {
  requestorId: "s4"
  replyId: "s1"
  raftGroupId {
    id: "\306I{yg\341A\222\264\356)\335\220zqe"
  }
  callId: 174
  slidingWindowEntry {
  }
}
leaderTerm: 2
previousLog {
  term: 2
}
initializing: true
commitInfos {
  server {
    id: "s4"
    address: "localhost:36775"
    dataStreamAddress: "localhost:42557"
    clientAddress: "localhost:46475"
    adminAddress: "localhost:35477"
    startupRole: FOLLOWER
  }
}
commitInfos {
  server {
    id: "s3"
    address: "localhost:46863"
    dataStreamAddress: "localhost:44363"
    clientAddress: "localhost:41041"
    adminAddress: "localhost:41281"
    startupRole: FOLLOWER
  }
}
commitInfos {
  server {
    id: "s0"
    address: "localhost:33119"
    dataStreamAddress: "localhost:34507"
    clientAddress: "localhost:45597"
    adminAddress: "localhost:42011"
    startupRole: FOLLOWER
  }
}
commitInfos {
  server {
    id: "s1"
    address: "localhost:43051"
    dataStreamAddress: "localhost:41779"
    clientAddress: "localhost:45233"
    adminAddress: "localhost:41551"
    startupRole: FOLLOWER
  }
}
commitInfos {
  server {
    id: "s2"
    address: "localhost:41201"
    dataStreamAddress: "localhost:43565"
    clientAddress: "localhost:41547"
    adminAddress: "localhost:41487"
    startupRole: FOLLOWER
  }
}
]
2022-11-01 02:15:21,264 [s2-server-thread1] INFO  server.RaftServer$Division (RaftServerImpl.java:setRole(325)) - s2@group-29DD907A7165: changes role from CANDIDATE to FOLLOWER at term 2 for appendEntries
2022-11-01 02:15:21,264 [s2-server-thread1] INFO  impl.RoleInfo (RoleInfo.java:shutdownLeaderElection(130)) - s2: shutdown s2@group-29DD907A7165-LeaderElection39
2022-11-01 02:15:21,264 [s2-server-thread1] INFO  impl.RoleInfo (RoleInfo.java:updateAndGet(139)) - s2: start s2@group-29DD907A7165-FollowerState
2022-11-01 02:15:21,265 [s2-server-thread1] INFO  server.RaftServer$Division (ServerState.java:setLeader(259)) - s2@group-29DD907A7165: change Leader from null to s4 at term 2 for appendEntries, leader elected after 14ms
2022-11-01 02:15:21,296 [s4@group-29DD907A7165->s0-GrpcLogAppender-LogAppenderDaemon] INFO  util.CodeInjectionForTesting (DelayLocalExecutionInjection.java:execute(65)) - s4 delay 150 ms, args=[serverRequest {
  requestorId: "s4"
  replyId: "s0"
  raftGroupId {
    id: "\306I{yg\341A\222\264\356)\335\220zqe"
  }
  callId: 99
  slidingWindowEntry {
  }
}
leaderTerm: 2
previousLog {
  term: 2
}
initializing: true
commitInfos {
  server {
    id: "s4"
    address: "localhost:36775"
    dataStreamAddress: "localhost:42557"
    clientAddress: "localhost:46475"
    adminAddress: "localhost:35477"
    startupRole: FOLLOWER
  }
}
commitInfos {
  server {
    id: "s3"
    address: "localhost:46863"
    dataStreamAddress: "localhost:44363"
    clientAddress: "localhost:41041"
    adminAddress: "localhost:41281"
    startupRole: FOLLOWER
  }
}
commitInfos {
  server {
    id: "s0"
    address: "localhost:33119"
    dataStreamAddress: "localhost:34507"
    clientAddress: "localhost:45597"
    adminAddress: "localhost:42011"
    startupRole: FOLLOWER
  }
}
commitInfos {
  server {
    id: "s1"
    address: "localhost:43051"
    dataStreamAddress: "localhost:41779"
    clientAddress: "localhost:45233"
    adminAddress: "localhost:41551"
    startupRole: FOLLOWER
  }
}
commitInfos {
  server {
    id: "s2"
    address: "localhost:41201"
    dataStreamAddress: "localhost:43565"
    clientAddress: "localhost:41547"
    adminAddress: "localhost:41487"
    startupRole: FOLLOWER
  }
}
]
2022-11-01 02:15:21,342 [s4@group-29DD907A7165->s2-GrpcLogAppender-LogAppenderDaemon] INFO  util.CodeInjectionForTesting (DelayLocalExecutionInjection.java:execute(65)) - s4 delay 150 ms, args=[serverRequest {
  requestorId: "s4"
  replyId: "s2"
  raftGroupId {
    id: "\306I{yg\341A\222\264\356)\335\220zqe"
  }
  callId: 86
  slidingWindowEntry {
  }
}
leaderTerm: 2
previousLog {
  term: 2
}
initializing: true
commitInfos {
  server {
    id: "s4"
    address: "localhost:36775"
    dataStreamAddress: "localhost:42557"
    clientAddress: "localhost:46475"
    adminAddress: "localhost:35477"
    startupRole: FOLLOWER
  }
}
commitInfos {
  server {
    id: "s3"
    address: "localhost:46863"
    dataStreamAddress: "localhost:44363"
    clientAddress: "localhost:41041"
    adminAddress: "localhost:41281"
    startupRole: FOLLOWER
  }
}
commitInfos {
  server {
    id: "s0"
    address: "localhost:33119"
    dataStreamAddress: "localhost:34507"
    clientAddress: "localhost:45597"
    adminAddress: "localhost:42011"
    startupRole: FOLLOWER
  }
}
commitInfos {
  server {
    id: "s1"
    address: "localhost:43051"
    dataStreamAddress: "localhost:41779"
    clientAddress: "localhost:45233"
    adminAddress: "localhost:41551"
    startupRole: FOLLOWER
  }
}
commitInfos {
  server {
    id: "s2"
    address: "localhost:41201"
    dataStreamAddress: "localhost:43565"
    clientAddress: "localhost:41547"
    adminAddress: "localhost:41487"
    startupRole: FOLLOWER
  }
}
]
2022-11-01 02:15:21,344 [s4@group-29DD907A7165->s3-GrpcLogAppender-LogAppenderDaemon] INFO  util.CodeInjectionForTesting (DelayLocalExecutionInjection.java:execute(65)) - s4 delay 150 ms, args=[serverRequest {
  requestorId: "s4"
  replyId: "s3"
  raftGroupId {
    id: "\306I{yg\341A\222\264\356)\335\220zqe"
  }
  callId: 90
  slidingWindowEntry {
  }
}
leaderTerm: 2
previousLog {
  term: 2
}
initializing: true
commitInfos {
  server {
    id: "s4"
    address: "localhost:36775"
    dataStreamAddress: "localhost:42557"
    clientAddress: "localhost:46475"
    adminAddress: "localhost:35477"
    startupRole: FOLLOWER
  }
}
commitInfos {
  server {
    id: "s3"
    address: "localhost:46863"
    dataStreamAddress: "localhost:44363"
    clientAddress: "localhost:41041"
    adminAddress: "localhost:41281"
    startupRole: FOLLOWER
  }
}
commitInfos {
  server {
    id: "s0"
    address: "localhost:33119"
    dataStreamAddress: "localhost:34507"
    clientAddress: "localhost:45597"
    adminAddress: "localhost:42011"
    startupRole: FOLLOWER
  }
}
commitInfos {
  server {
    id: "s1"
    address: "localhost:43051"
    dataStreamAddress: "localhost:41779"
    clientAddress: "localhost:45233"
    adminAddress: "localhost:41551"
    startupRole: FOLLOWER
  }
}
commitInfos {
  server {
    id: "s2"
    address: "localhost:41201"
    dataStreamAddress: "localhost:43565"
    clientAddress: "localhost:41547"
    adminAddress: "localhost:41487"
    startupRole: FOLLOWER
  }
}
]
2022-11-01 02:15:21,374 [s1@group-29DD907A7165-FollowerState] INFO  impl.FollowerState (FollowerState.java:run(143)) - s1@group-29DD907A7165-FollowerState: change to CANDIDATE, lastRpcElapsedTime:211052889ns, electionTimeout:206ms
2022-11-01 02:15:21,374 [s1@group-29DD907A7165-FollowerState] INFO  impl.RoleInfo (RoleInfo.java:shutdownFollowerState(110)) - s1: shutdown s1@group-29DD907A7165-FollowerState
2022-11-01 02:15:21,374 [s1@group-29DD907A7165-FollowerState] INFO  server.RaftServer$Division (RaftServerImpl.java:setRole(325)) - s1@group-29DD907A7165: changes role from  FOLLOWER to CANDIDATE at term 2 for changeToCandidate
2022-11-01 02:15:21,375 [s1@group-29DD907A7165-FollowerState] INFO  server.RaftServerConfigKeys (ConfUtils.java:logGet(46)) - raft.server.leaderelection.pre-vote = true (default)
2022-11-01 02:15:21,375 [s1@group-29DD907A7165-FollowerState] INFO  impl.RoleInfo (RoleInfo.java:updateAndGet(139)) - s1: start s1@group-29DD907A7165-LeaderElection40
2022-11-01 02:15:21,375 [s1@group-29DD907A7165-LeaderElection40] INFO  impl.LeaderElection (LeaderElection.java:askForVotes(309)) - s1@group-29DD907A7165-LeaderElection40 PRE_VOTE round 0: submit vote requests at term 2 for 0: peers:[s3|rpc:localhost:46863|admin:localhost:41281|client:localhost:41041|dataStream:localhost:44363|priority:0|startupRole:FOLLOWER, s4|rpc:localhost:36775|admin:localhost:35477|client:localhost:46475|dataStream:localhost:42557|priority:0|startupRole:FOLLOWER, s0|rpc:localhost:33119|admin:localhost:42011|client:localhost:45597|dataStream:localhost:34507|priority:0|startupRole:FOLLOWER, s1|rpc:localhost:43051|admin:localhost:41551|client:localhost:45233|dataStream:localhost:41779|priority:0|startupRole:FOLLOWER, s2|rpc:localhost:41201|admin:localhost:41487|client:localhost:41547|dataStream:localhost:43565|priority:0|startupRole:FOLLOWER]|listeners:[], old=null
2022-11-01 02:15:21,378 [grpc-default-executor-24] INFO  server.RaftServer$Division (RaftServerImpl.java:requestVote(1291)) - s3@group-29DD907A7165: receive requestVote(PRE_VOTE, s1, group-29DD907A7165, 2, (t:1, i:0))
2022-11-01 02:15:21,378 [grpc-default-executor-24] INFO  impl.VoteContext (VoteContext.java:log(49)) - s3@group-29DD907A7165-FOLLOWER: reject PRE_VOTE from s1: this server is a follower and still has a valid leader s4
2022-11-01 02:15:21,378 [grpc-default-executor-24] INFO  server.RaftServer$Division (RaftServerImpl.java:requestVote(1324)) - s3@group-29DD907A7165 replies to PRE_VOTE vote request: s1<-s3#0:FAIL-t2. Peer's state: s3@group-29DD907A7165:t2, leader=s4, voted=s4, raftlog=Memoized:s3@group-29DD907A7165-SegmentedRaftLog:OPENED:c0, conf=0: peers:[s3|rpc:localhost:46863|admin:localhost:41281|client:localhost:41041|dataStream:localhost:44363|priority:0|startupRole:FOLLOWER, s4|rpc:localhost:36775|admin:localhost:35477|client:localhost:46475|dataStream:localhost:42557|priority:0|startupRole:FOLLOWER, s0|rpc:localhost:33119|admin:localhost:42011|client:localhost:45597|dataStream:localhost:34507|priority:0|startupRole:FOLLOWER, s1|rpc:localhost:43051|admin:localhost:41551|client:localhost:45233|dataStream:localhost:41779|priority:0|startupRole:FOLLOWER, s2|rpc:localhost:41201|admin:localhost:41487|client:localhost:41547|dataStream:localhost:43565|priority:0|startupRole:FOLLOWER]|listeners:[], old=null
2022-11-01 02:15:21,381 [grpc-default-executor-24] INFO  server.RaftServer$Division (RaftServerImpl.java:requestVote(1291)) - s4@group-29DD907A7165: receive requestVote(PRE_VOTE, s1, group-29DD907A7165, 2, (t:1, i:0))
2022-11-01 02:15:21,381 [grpc-default-executor-24] INFO  impl.VoteContext (VoteContext.java:log(49)) - s4@group-29DD907A7165-LEADER: reject PRE_VOTE from s1: this server is the leader and still has leadership
2022-11-01 02:15:21,381 [grpc-default-executor-24] INFO  server.RaftServer$Division (RaftServerImpl.java:requestVote(1324)) - s4@group-29DD907A7165 replies to PRE_VOTE vote request: s1<-s4#0:FAIL-t2. Peer's state: s4@group-29DD907A7165:t2, leader=s4, voted=s4, raftlog=Memoized:s4@group-29DD907A7165-SegmentedRaftLog:OPENED:c0, conf=0: peers:[s3|rpc:localhost:46863|admin:localhost:41281|client:localhost:41041|dataStream:localhost:44363|priority:0|startupRole:FOLLOWER, s4|rpc:localhost:36775|admin:localhost:35477|client:localhost:46475|dataStream:localhost:42557|priority:0|startupRole:FOLLOWER, s0|rpc:localhost:33119|admin:localhost:42011|client:localhost:45597|dataStream:localhost:34507|priority:0|startupRole:FOLLOWER, s1|rpc:localhost:43051|admin:localhost:41551|client:localhost:45233|dataStream:localhost:41779|priority:0|startupRole:FOLLOWER, s2|rpc:localhost:41201|admin:localhost:41487|client:localhost:41547|dataStream:localhost:43565|priority:0|startupRole:FOLLOWER]|listeners:[], old=null
2022-11-01 02:15:21,386 [grpc-default-executor-24] INFO  server.RaftServer$Division (RaftServerImpl.java:requestVote(1291)) - s0@group-29DD907A7165: receive requestVote(PRE_VOTE, s1, group-29DD907A7165, 2, (t:1, i:0))
2022-11-01 02:15:21,386 [grpc-default-executor-24] INFO  impl.VoteContext (VoteContext.java:log(49)) - s0@group-29DD907A7165-FOLLOWER: reject PRE_VOTE from s1: our last entry (t:2, i:0) > candidate's last entry (t:1, i:0)
2022-11-01 02:15:21,386 [grpc-default-executor-24] INFO  server.RaftServer$Division (RaftServerImpl.java:requestVote(1324)) - s0@group-29DD907A7165 replies to PRE_VOTE vote request: s1<-s0#0:FAIL-t2. Peer's state: s0@group-29DD907A7165:t2, leader=s4, voted=s4, raftlog=Memoized:s0@group-29DD907A7165-SegmentedRaftLog:OPENED:c0, conf=0: peers:[s3|rpc:localhost:46863|admin:localhost:41281|client:localhost:41041|dataStream:localhost:44363|priority:0|startupRole:FOLLOWER, s4|rpc:localhost:36775|admin:localhost:35477|client:localhost:46475|dataStream:localhost:42557|priority:0|startupRole:FOLLOWER, s0|rpc:localhost:33119|admin:localhost:42011|client:localhost:45597|dataStream:localhost:34507|priority:0|startupRole:FOLLOWER, s1|rpc:localhost:43051|admin:localhost:41551|client:localhost:45233|dataStream:localhost:41779|priority:0|startupRole:FOLLOWER, s2|rpc:localhost:41201|admin:localhost:41487|client:localhost:41547|dataStream:localhost:43565|priority:0|startupRole:FOLLOWER]|listeners:[], old=null
2022-11-01 02:15:21,387 [s1@group-29DD907A7165-LeaderElection40] INFO  impl.LeaderElection (LeaderElection.java:logAndReturn(89)) - s1@group-29DD907A7165-LeaderElection40: PRE_VOTE REJECTED received 3 response(s) and 0 exception(s):
2022-11-01 02:15:21,387 [s1@group-29DD907A7165-LeaderElection40] INFO  impl.LeaderElection (LeaderElection.java:logAndReturn(93)) -   Response 0: s1<-s3#0:FAIL-t2
2022-11-01 02:15:21,387 [s1@group-29DD907A7165-LeaderElection40] INFO  impl.LeaderElection (LeaderElection.java:logAndReturn(93)) -   Response 1: s1<-s4#0:FAIL-t2
2022-11-01 02:15:21,387 [s1@group-29DD907A7165-LeaderElection40] INFO  impl.LeaderElection (LeaderElection.java:logAndReturn(93)) -   Response 2: s1<-s0#0:FAIL-t2
2022-11-01 02:15:21,387 [s1@group-29DD907A7165-LeaderElection40] INFO  impl.LeaderElection (LeaderElection.java:askForVotes(311)) - s1@group-29DD907A7165-LeaderElection40 PRE_VOTE round 0: result REJECTED
2022-11-01 02:15:21,387 [s1@group-29DD907A7165-LeaderElection40] INFO  server.RaftServer$Division (RaftServerImpl.java:setRole(325)) - s1@group-29DD907A7165: changes role from CANDIDATE to FOLLOWER at term 2 for REJECTED
2022-11-01 02:15:21,387 [s1@group-29DD907A7165-LeaderElection40] INFO  impl.RoleInfo (RoleInfo.java:shutdownLeaderElection(130)) - s1: shutdown s1@group-29DD907A7165-LeaderElection40
2022-11-01 02:15:21,387 [s1@group-29DD907A7165-LeaderElection40] INFO  impl.RoleInfo (RoleInfo.java:updateAndGet(139)) - s1: start s1@group-29DD907A7165-FollowerState
2022-11-01 02:15:21,389 [grpc-default-executor-24] INFO  server.RaftServer$Division (RaftServerImpl.java:requestVote(1291)) - s2@group-29DD907A7165: receive requestVote(PRE_VOTE, s1, group-29DD907A7165, 2, (t:1, i:0))
2022-11-01 02:15:21,390 [grpc-default-executor-24] INFO  impl.VoteContext (VoteContext.java:log(49)) - s2@group-29DD907A7165-FOLLOWER: reject PRE_VOTE from s1: this server is a follower and still has a valid leader s4
2022-11-01 02:15:21,390 [grpc-default-executor-24] INFO  server.RaftServer$Division (RaftServerImpl.java:requestVote(1324)) - s2@group-29DD907A7165 replies to PRE_VOTE vote request: s1<-s2#0:FAIL-t2. Peer's state: s2@group-29DD907A7165:t2, leader=s4, voted=s4, raftlog=Memoized:s2@group-29DD907A7165-SegmentedRaftLog:OPENED:c0, conf=0: peers:[s3|rpc:localhost:46863|admin:localhost:41281|client:localhost:41041|dataStream:localhost:44363|priority:0|startupRole:FOLLOWER, s4|rpc:localhost:36775|admin:localhost:35477|client:localhost:46475|dataStream:localhost:42557|priority:0|startupRole:FOLLOWER, s0|rpc:localhost:33119|admin:localhost:42011|client:localhost:45597|dataStream:localhost:34507|priority:0|startupRole:FOLLOWER, s1|rpc:localhost:43051|admin:localhost:41551|client:localhost:45233|dataStream:localhost:41779|priority:0|startupRole:FOLLOWER, s2|rpc:localhost:41201|admin:localhost:41487|client:localhost:41547|dataStream:localhost:43565|priority:0|startupRole:FOLLOWER]|listeners:[], old=null
2022-11-01 02:15:21,402 [grpc-default-executor-20] INFO  util.CodeInjectionForTesting (BlockRequestHandlingInjection.java:execute(77)) - s1: Block request from s2
2022-11-01 02:15:21,403 [grpc-default-executor-24] INFO  server.RaftServer$Division (RaftServerImpl.java:requestVote(1291)) - s4@group-29DD907A7165: receive requestVote(PRE_VOTE, s2, group-29DD907A7165, 2, (t:2, i:0))
2022-11-01 02:15:21,403 [grpc-default-executor-24] INFO  impl.VoteContext (VoteContext.java:log(49)) - s4@group-29DD907A7165-LEADER: reject PRE_VOTE from s2: this server is the leader and still has leadership
2022-11-01 02:15:21,403 [grpc-default-executor-24] INFO  server.RaftServer$Division (RaftServerImpl.java:requestVote(1324)) - s4@group-29DD907A7165 replies to PRE_VOTE vote request: s2<-s4#0:FAIL-t2. Peer's state: s4@group-29DD907A7165:t2, leader=s4, voted=s4, raftlog=Memoized:s4@group-29DD907A7165-SegmentedRaftLog:OPENED:c0, conf=0: peers:[s3|rpc:localhost:46863|admin:localhost:41281|client:localhost:41041|dataStream:localhost:44363|priority:0|startupRole:FOLLOWER, s4|rpc:localhost:36775|admin:localhost:35477|client:localhost:46475|dataStream:localhost:42557|priority:0|startupRole:FOLLOWER, s0|rpc:localhost:33119|admin:localhost:42011|client:localhost:45597|dataStream:localhost:34507|priority:0|startupRole:FOLLOWER, s1|rpc:localhost:43051|admin:localhost:41551|client:localhost:45233|dataStream:localhost:41779|priority:0|startupRole:FOLLOWER, s2|rpc:localhost:41201|admin:localhost:41487|client:localhost:41547|dataStream:localhost:43565|priority:0|startupRole:FOLLOWER]|listeners:[], old=null
2022-11-01 02:15:21,404 [s2@group-29DD907A7165-LeaderElection39] INFO  impl.LeaderElection (LeaderElection.java:logAndReturn(89)) - s2@group-29DD907A7165-LeaderElection39: PRE_VOTE REJECTED received 1 response(s) and 0 exception(s):
2022-11-01 02:15:21,404 [s2@group-29DD907A7165-LeaderElection39] INFO  impl.LeaderElection (LeaderElection.java:logAndReturn(93)) -   Response 0: s2<-s4#0:FAIL-t2
2022-11-01 02:15:21,404 [grpc-default-executor-5] INFO  server.RaftServer$Division (RaftServerImpl.java:requestVote(1291)) - s3@group-29DD907A7165: receive requestVote(PRE_VOTE, s2, group-29DD907A7165, 2, (t:2, i:0))
2022-11-01 02:15:21,404 [grpc-default-executor-5] INFO  impl.VoteContext (VoteContext.java:log(49)) - s3@group-29DD907A7165-FOLLOWER: reject PRE_VOTE from s2: this server is a follower and still has a valid leader s4
2022-11-01 02:15:21,404 [grpc-default-executor-5] INFO  server.RaftServer$Division (RaftServerImpl.java:requestVote(1324)) - s3@group-29DD907A7165 replies to PRE_VOTE vote request: s2<-s3#0:FAIL-t2. Peer's state: s3@group-29DD907A7165:t2, leader=s4, voted=s4, raftlog=Memoized:s3@group-29DD907A7165-SegmentedRaftLog:OPENED:c0, conf=0: peers:[s3|rpc:localhost:46863|admin:localhost:41281|client:localhost:41041|dataStream:localhost:44363|priority:0|startupRole:FOLLOWER, s4|rpc:localhost:36775|admin:localhost:35477|client:localhost:46475|dataStream:localhost:42557|priority:0|startupRole:FOLLOWER, s0|rpc:localhost:33119|admin:localhost:42011|client:localhost:45597|dataStream:localhost:34507|priority:0|startupRole:FOLLOWER, s1|rpc:localhost:43051|admin:localhost:41551|client:localhost:45233|dataStream:localhost:41779|priority:0|startupRole:FOLLOWER, s2|rpc:localhost:41201|admin:localhost:41487|client:localhost:41547|dataStream:localhost:43565|priority:0|startupRole:FOLLOWER]|listeners:[], old=null
2022-11-01 02:15:21,404 [s2@group-29DD907A7165-LeaderElection39] INFO  impl.LeaderElection (LeaderElection.java:askForVotes(311)) - s2@group-29DD907A7165-LeaderElection39 PRE_VOTE round 0: result REJECTED
2022-11-01 02:15:21,407 [grpc-default-executor-5] INFO  server.RaftServer$Division (RaftServerImpl.java:requestVote(1291)) - s0@group-29DD907A7165: receive requestVote(PRE_VOTE, s2, group-29DD907A7165, 2, (t:2, i:0))
2022-11-01 02:15:21,407 [grpc-default-executor-5] INFO  impl.VoteContext (VoteContext.java:log(49)) - s0@group-29DD907A7165-FOLLOWER: accept PRE_VOTE from s2: our priority 0 <= candidate's priority 0
2022-11-01 02:15:21,407 [grpc-default-executor-5] INFO  server.RaftServer$Division (RaftServerImpl.java:requestVote(1324)) - s0@group-29DD907A7165 replies to PRE_VOTE vote request: s2<-s0#0:OK-t2. Peer's state: s0@group-29DD907A7165:t2, leader=s4, voted=s4, raftlog=Memoized:s0@group-29DD907A7165-SegmentedRaftLog:OPENED:c0, conf=0: peers:[s3|rpc:localhost:46863|admin:localhost:41281|client:localhost:41041|dataStream:localhost:44363|priority:0|startupRole:FOLLOWER, s4|rpc:localhost:36775|admin:localhost:35477|client:localhost:46475|dataStream:localhost:42557|priority:0|startupRole:FOLLOWER, s0|rpc:localhost:33119|admin:localhost:42011|client:localhost:45597|dataStream:localhost:34507|priority:0|startupRole:FOLLOWER, s1|rpc:localhost:43051|admin:localhost:41551|client:localhost:45233|dataStream:localhost:41779|priority:0|startupRole:FOLLOWER, s2|rpc:localhost:41201|admin:localhost:41487|client:localhost:41547|dataStream:localhost:43565|priority:0|startupRole:FOLLOWER]|listeners:[], old=null
2022-11-01 02:15:21,426 [s2@group-29DD907A7165-FollowerState] INFO  impl.FollowerState (FollowerState.java:run(143)) - s2@group-29DD907A7165-FollowerState: change to CANDIDATE, lastRpcElapsedTime:161205015ns, electionTimeout:161ms
2022-11-01 02:15:21,426 [s2@group-29DD907A7165-FollowerState] INFO  impl.RoleInfo (RoleInfo.java:shutdownFollowerState(110)) - s2: shutdown s2@group-29DD907A7165-FollowerState
2022-11-01 02:15:21,426 [s2@group-29DD907A7165-FollowerState] INFO  server.RaftServer$Division (RaftServerImpl.java:setRole(325)) - s2@group-29DD907A7165: changes role from  FOLLOWER to CANDIDATE at term 2 for changeToCandidate
2022-11-01 02:15:21,426 [s2@group-29DD907A7165-FollowerState] INFO  server.RaftServerConfigKeys (ConfUtils.java:logGet(46)) - raft.server.leaderelection.pre-vote = true (default)
2022-11-01 02:15:21,426 [s2@group-29DD907A7165-FollowerState] INFO  impl.RoleInfo (RoleInfo.java:updateAndGet(139)) - s2: start s2@group-29DD907A7165-LeaderElection41
2022-11-01 02:15:21,427 [s2@group-29DD907A7165-LeaderElection41] INFO  server.RaftServer$Division (ServerState.java:setLeader(259)) - s2@group-29DD907A7165: change Leader from s4 to null at term 2 for PRE_VOTE
2022-11-01 02:15:21,427 [s2@group-29DD907A7165-LeaderElection41] INFO  impl.LeaderElection (LeaderElection.java:askForVotes(309)) - s2@group-29DD907A7165-LeaderElection41 PRE_VOTE round 0: submit vote requests at term 2 for 0: peers:[s3|rpc:localhost:46863|admin:localhost:41281|client:localhost:41041|dataStream:localhost:44363|priority:0|startupRole:FOLLOWER, s4|rpc:localhost:36775|admin:localhost:35477|client:localhost:46475|dataStream:localhost:42557|priority:0|startupRole:FOLLOWER, s0|rpc:localhost:33119|admin:localhost:42011|client:localhost:45597|dataStream:localhost:34507|priority:0|startupRole:FOLLOWER, s1|rpc:localhost:43051|admin:localhost:41551|client:localhost:45233|dataStream:localhost:41779|priority:0|startupRole:FOLLOWER, s2|rpc:localhost:41201|admin:localhost:41487|client:localhost:41547|dataStream:localhost:43565|priority:0|startupRole:FOLLOWER]|listeners:[], old=null
2022-11-01 02:15:21,427 [s2@group-29DD907A7165-LeaderElection41-1] INFO  util.CodeInjectionForTesting (DelayLocalExecutionInjection.java:execute(65)) - s2 delay 150 ms, args=[serverRequest {
  requestorId: "s2"
  replyId: "s3"
  raftGroupId {
    id: "\306I{yg\341A\222\264\356)\335\220zqe"
  }
  slidingWindowEntry {
  }
}
candidateTerm: 2
candidateLastEntry {
  term: 2
}
preVote: true
]
2022-11-01 02:15:21,428 [s2@group-29DD907A7165-LeaderElection41-2] INFO  util.CodeInjectionForTesting (DelayLocalExecutionInjection.java:execute(65)) - s2 delay 150 ms, args=[serverRequest {
  requestorId: "s2"
  replyId: "s4"
  raftGroupId {
    id: "\306I{yg\341A\222\264\356)\335\220zqe"
  }
  slidingWindowEntry {
  }
}
candidateTerm: 2
candidateLastEntry {
  term: 2
}
preVote: true
]
2022-11-01 02:15:21,428 [s2@group-29DD907A7165-LeaderElection41-3] INFO  util.CodeInjectionForTesting (DelayLocalExecutionInjection.java:execute(65)) - s2 delay 150 ms, args=[serverRequest {
  requestorId: "s2"
  replyId: "s0"
  raftGroupId {
    id: "\306I{yg\341A\222\264\356)\335\220zqe"
  }
  slidingWindowEntry {
  }
}
candidateTerm: 2
candidateLastEntry {
  term: 2
}
preVote: true
]
2022-11-01 02:15:21,428 [s2@group-29DD907A7165-LeaderElection41-4] INFO  util.CodeInjectionForTesting (DelayLocalExecutionInjection.java:execute(65)) - s2 delay 150 ms, args=[serverRequest {
  requestorId: "s2"
  replyId: "s1"
  raftGroupId {
    id: "\306I{yg\341A\222\264\356)\335\220zqe"
  }
  slidingWindowEntry {
  }
}
candidateTerm: 2
candidateLastEntry {
  term: 2
}
preVote: true
]
2022-11-01 02:15:21,444 [s4@group-29DD907A7165->s1-GrpcLogAppender-LogAppenderDaemon] INFO  util.CodeInjectionForTesting (DelayLocalExecutionInjection.java:execute(65)) - s4 delay 150 ms, args=[serverRequest {
  requestorId: "s4"
  replyId: "s1"
  raftGroupId {
    id: "\306I{yg\341A\222\264\356)\335\220zqe"
  }
  callId: 175
  slidingWindowEntry {
  }
}
leaderTerm: 2
previousLog {
  term: 2
}
initializing: true
commitInfos {
  server {
    id: "s4"
    address: "localhost:36775"
    dataStreamAddress: "localhost:42557"
    clientAddress: "localhost:46475"
    adminAddress: "localhost:35477"
    startupRole: FOLLOWER
  }
}
commitInfos {
  server {
    id: "s3"
    address: "localhost:46863"
    dataStreamAddress: "localhost:44363"
    clientAddress: "localhost:41041"
    adminAddress: "localhost:41281"
    startupRole: FOLLOWER
  }
}
commitInfos {
  server {
    id: "s0"
    address: "localhost:33119"
    dataStreamAddress: "localhost:34507"
    clientAddress: "localhost:45597"
    adminAddress: "localhost:42011"
    startupRole: FOLLOWER
  }
}
commitInfos {
  server {
    id: "s1"
    address: "localhost:43051"
    dataStreamAddress: "localhost:41779"
    clientAddress: "localhost:45233"
    adminAddress: "localhost:41551"
    startupRole: FOLLOWER
  }
}
commitInfos {
  server {
    id: "s2"
    address: "localhost:41201"
    dataStreamAddress: "localhost:43565"
    clientAddress: "localhost:41547"
    adminAddress: "localhost:41487"
    startupRole: FOLLOWER
  }
}
]
2022-11-01 02:15:21,493 [s2-server-thread2] INFO  server.RaftServer$Division (RaftServerImpl.java:setRole(325)) - s2@group-29DD907A7165: changes role from CANDIDATE to FOLLOWER at term 2 for appendEntries
2022-11-01 02:15:21,493 [s2-server-thread2] INFO  impl.RoleInfo (RoleInfo.java:shutdownLeaderElection(130)) - s2: shutdown s2@group-29DD907A7165-LeaderElection41
2022-11-01 02:15:21,493 [s2-server-thread2] INFO  impl.RoleInfo (RoleInfo.java:updateAndGet(139)) - s2: start s2@group-29DD907A7165-FollowerState
2022-11-01 02:15:21,493 [s2-server-thread2] INFO  server.RaftServer$Division (ServerState.java:setLeader(259)) - s2@group-29DD907A7165: change Leader from null to s4 at term 2 for appendEntries, leader elected after 66ms
2022-11-01 02:15:21,524 [s4@group-29DD907A7165->s0-GrpcLogAppender-LogAppenderDaemon] INFO  util.CodeInjectionForTesting (DelayLocalExecutionInjection.java:execute(65)) - s4 delay 150 ms, args=[serverRequest {
  requestorId: "s4"
  replyId: "s0"
  raftGroupId {
    id: "\306I{yg\341A\222\264\356)\335\220zqe"
  }
  callId: 100
  slidingWindowEntry {
  }
}
leaderTerm: 2
previousLog {
  term: 2
}
initializing: true
commitInfos {
  server {
    id: "s4"
    address: "localhost:36775"
    dataStreamAddress: "localhost:42557"
    clientAddress: "localhost:46475"
    adminAddress: "localhost:35477"
    startupRole: FOLLOWER
  }
}
commitInfos {
  server {
    id: "s3"
    address: "localhost:46863"
    dataStreamAddress: "localhost:44363"
    clientAddress: "localhost:41041"
    adminAddress: "localhost:41281"
    startupRole: FOLLOWER
  }
}
commitInfos {
  server {
    id: "s0"
    address: "localhost:33119"
    dataStreamAddress: "localhost:34507"
    clientAddress: "localhost:45597"
    adminAddress: "localhost:42011"
    startupRole: FOLLOWER
  }
}
commitInfos {
  server {
    id: "s1"
    address: "localhost:43051"
    dataStreamAddress: "localhost:41779"
    clientAddress: "localhost:45233"
    adminAddress: "localhost:41551"
    startupRole: FOLLOWER
  }
}
commitInfos {
  server {
    id: "s2"
    address: "localhost:41201"
    dataStreamAddress: "localhost:43565"
    clientAddress: "localhost:41547"
    adminAddress: "localhost:41487"
    startupRole: FOLLOWER
  }
}
]
2022-11-01 02:15:21,569 [s4@group-29DD907A7165->s2-GrpcLogAppender-LogAppenderDaemon] INFO  util.CodeInjectionForTesting (DelayLocalExecutionInjection.java:execute(65)) - s4 delay 150 ms, args=[serverRequest {
  requestorId: "s4"
  replyId: "s2"
  raftGroupId {
    id: "\306I{yg\341A\222\264\356)\335\220zqe"
  }
  callId: 87
  slidingWindowEntry {
  }
}
leaderTerm: 2
previousLog {
  term: 2
}
initializing: true
commitInfos {
  server {
    id: "s4"
    address: "localhost:36775"
    dataStreamAddress: "localhost:42557"
    clientAddress: "localhost:46475"
    adminAddress: "localhost:35477"
    startupRole: FOLLOWER
  }
}
commitInfos {
  server {
    id: "s3"
    address: "localhost:46863"
    dataStreamAddress: "localhost:44363"
    clientAddress: "localhost:41041"
    adminAddress: "localhost:41281"
    startupRole: FOLLOWER
  }
}
commitInfos {
  server {
    id: "s0"
    address: "localhost:33119"
    dataStreamAddress: "localhost:34507"
    clientAddress: "localhost:45597"
    adminAddress: "localhost:42011"
    startupRole: FOLLOWER
  }
}
commitInfos {
  server {
    id: "s1"
    address: "localhost:43051"
    dataStreamAddress: "localhost:41779"
    clientAddress: "localhost:45233"
    adminAddress: "localhost:41551"
    startupRole: FOLLOWER
  }
}
commitInfos {
  server {
    id: "s2"
    address: "localhost:41201"
    dataStreamAddress: "localhost:43565"
    clientAddress: "localhost:41547"
    adminAddress: "localhost:41487"
    startupRole: FOLLOWER
  }
}
]
2022-11-01 02:15:21,571 [s4@group-29DD907A7165->s3-GrpcLogAppender-LogAppenderDaemon] INFO  util.CodeInjectionForTesting (DelayLocalExecutionInjection.java:execute(65)) - s4 delay 150 ms, args=[serverRequest {
  requestorId: "s4"
  replyId: "s3"
  raftGroupId {
    id: "\306I{yg\341A\222\264\356)\335\220zqe"
  }
  callId: 91
  slidingWindowEntry {
  }
}
leaderTerm: 2
previousLog {
  term: 2
}
initializing: true
commitInfos {
  server {
    id: "s4"
    address: "localhost:36775"
    dataStreamAddress: "localhost:42557"
    clientAddress: "localhost:46475"
    adminAddress: "localhost:35477"
    startupRole: FOLLOWER
  }
}
commitInfos {
  server {
    id: "s3"
    address: "localhost:46863"
    dataStreamAddress: "localhost:44363"
    clientAddress: "localhost:41041"
    adminAddress: "localhost:41281"
    startupRole: FOLLOWER
  }
}
commitInfos {
  server {
    id: "s0"
    address: "localhost:33119"
    dataStreamAddress: "localhost:34507"
    clientAddress: "localhost:45597"
    adminAddress: "localhost:42011"
    startupRole: FOLLOWER
  }
}
commitInfos {
  server {
    id: "s1"
    address: "localhost:43051"
    dataStreamAddress: "localhost:41779"
    clientAddress: "localhost:45233"
    adminAddress: "localhost:41551"
    startupRole: FOLLOWER
  }
}
commitInfos {
  server {
    id: "s2"
    address: "localhost:41201"
    dataStreamAddress: "localhost:43565"
    clientAddress: "localhost:41547"
    adminAddress: "localhost:41487"
    startupRole: FOLLOWER
  }
}
]
2022-11-01 02:15:21,579 [s1@group-29DD907A7165-FollowerState] INFO  impl.FollowerState (FollowerState.java:run(143)) - s1@group-29DD907A7165-FollowerState: change to CANDIDATE, lastRpcElapsedTime:191237140ns, electionTimeout:186ms
2022-11-01 02:15:21,579 [s1@group-29DD907A7165-FollowerState] INFO  impl.RoleInfo (RoleInfo.java:shutdownFollowerState(110)) - s1: shutdown s1@group-29DD907A7165-FollowerState
2022-11-01 02:15:21,579 [s1@group-29DD907A7165-FollowerState] INFO  server.RaftServer$Division (RaftServerImpl.java:setRole(325)) - s1@group-29DD907A7165: changes role from  FOLLOWER to CANDIDATE at term 2 for changeToCandidate
2022-11-01 02:15:21,579 [s1@group-29DD907A7165-FollowerState] INFO  server.RaftServerConfigKeys (ConfUtils.java:logGet(46)) - raft.server.leaderelection.pre-vote = true (default)
2022-11-01 02:15:21,579 [s1@group-29DD907A7165-FollowerState] INFO  impl.RoleInfo (RoleInfo.java:updateAndGet(139)) - s1: start s1@group-29DD907A7165-LeaderElection42
2022-11-01 02:15:21,580 [grpc-default-executor-29] INFO  server.RaftServer$Division (RaftServerImpl.java:requestVote(1291)) - s3@group-29DD907A7165: receive requestVote(PRE_VOTE, s2, group-29DD907A7165, 2, (t:2, i:0))
2022-11-01 02:15:21,580 [grpc-default-executor-29] INFO  impl.VoteContext (VoteContext.java:log(49)) - s3@group-29DD907A7165-FOLLOWER: reject PRE_VOTE from s2: this server is a follower and still has a valid leader s4
2022-11-01 02:15:21,580 [grpc-default-executor-29] INFO  server.RaftServer$Division (RaftServerImpl.java:requestVote(1324)) - s3@group-29DD907A7165 replies to PRE_VOTE vote request: s2<-s3#0:FAIL-t2. Peer's state: s3@group-29DD907A7165:t2, leader=s4, voted=s4, raftlog=Memoized:s3@group-29DD907A7165-SegmentedRaftLog:OPENED:c0, conf=0: peers:[s3|rpc:localhost:46863|admin:localhost:41281|client:localhost:41041|dataStream:localhost:44363|priority:0|startupRole:FOLLOWER, s4|rpc:localhost:36775|admin:localhost:35477|client:localhost:46475|dataStream:localhost:42557|priority:0|startupRole:FOLLOWER, s0|rpc:localhost:33119|admin:localhost:42011|client:localhost:45597|dataStream:localhost:34507|priority:0|startupRole:FOLLOWER, s1|rpc:localhost:43051|admin:localhost:41551|client:localhost:45233|dataStream:localhost:41779|priority:0|startupRole:FOLLOWER, s2|rpc:localhost:41201|admin:localhost:41487|client:localhost:41547|dataStream:localhost:43565|priority:0|startupRole:FOLLOWER]|listeners:[], old=null
2022-11-01 02:15:21,580 [grpc-default-executor-5] INFO  server.RaftServer$Division (RaftServerImpl.java:requestVote(1291)) - s0@group-29DD907A7165: receive requestVote(PRE_VOTE, s2, group-29DD907A7165, 2, (t:2, i:0))
2022-11-01 02:15:21,581 [s1@group-29DD907A7165-LeaderElection42] INFO  impl.LeaderElection (LeaderElection.java:askForVotes(309)) - s1@group-29DD907A7165-LeaderElection42 PRE_VOTE round 0: submit vote requests at term 2 for 0: peers:[s3|rpc:localhost:46863|admin:localhost:41281|client:localhost:41041|dataStream:localhost:44363|priority:0|startupRole:FOLLOWER, s4|rpc:localhost:36775|admin:localhost:35477|client:localhost:46475|dataStream:localhost:42557|priority:0|startupRole:FOLLOWER, s0|rpc:localhost:33119|admin:localhost:42011|client:localhost:45597|dataStream:localhost:34507|priority:0|startupRole:FOLLOWER, s1|rpc:localhost:43051|admin:localhost:41551|client:localhost:45233|dataStream:localhost:41779|priority:0|startupRole:FOLLOWER, s2|rpc:localhost:41201|admin:localhost:41487|client:localhost:41547|dataStream:localhost:43565|priority:0|startupRole:FOLLOWER]|listeners:[], old=null
2022-11-01 02:15:21,581 [grpc-default-executor-5] INFO  impl.VoteContext (VoteContext.java:log(49)) - s0@group-29DD907A7165-FOLLOWER: reject PRE_VOTE from s2: this server is a follower and still has a valid leader s4
2022-11-01 02:15:21,581 [grpc-default-executor-5] INFO  server.RaftServer$Division (RaftServerImpl.java:requestVote(1324)) - s0@group-29DD907A7165 replies to PRE_VOTE vote request: s2<-s0#0:FAIL-t2. Peer's state: s0@group-29DD907A7165:t2, leader=s4, voted=s4, raftlog=Memoized:s0@group-29DD907A7165-SegmentedRaftLog:OPENED:c0, conf=0: peers:[s3|rpc:localhost:46863|admin:localhost:41281|client:localhost:41041|dataStream:localhost:44363|priority:0|startupRole:FOLLOWER, s4|rpc:localhost:36775|admin:localhost:35477|client:localhost:46475|dataStream:localhost:42557|priority:0|startupRole:FOLLOWER, s0|rpc:localhost:33119|admin:localhost:42011|client:localhost:45597|dataStream:localhost:34507|priority:0|startupRole:FOLLOWER, s1|rpc:localhost:43051|admin:localhost:41551|client:localhost:45233|dataStream:localhost:41779|priority:0|startupRole:FOLLOWER, s2|rpc:localhost:41201|admin:localhost:41487|client:localhost:41547|dataStream:localhost:43565|priority:0|startupRole:FOLLOWER]|listeners:[], old=null
2022-11-01 02:15:21,582 [s2@group-29DD907A7165-LeaderElection41] INFO  impl.LeaderElection (LeaderElection.java:logAndReturn(89)) - s2@group-29DD907A7165-LeaderElection41: PRE_VOTE REJECTED received 1 response(s) and 0 exception(s):
2022-11-01 02:15:21,583 [s2@group-29DD907A7165-LeaderElection41] INFO  impl.LeaderElection (LeaderElection.java:logAndReturn(93)) -   Response 0: s2<-s3#0:FAIL-t2
2022-11-01 02:15:21,583 [s2@group-29DD907A7165-LeaderElection41] INFO  impl.LeaderElection (LeaderElection.java:askForVotes(311)) - s2@group-29DD907A7165-LeaderElection41 PRE_VOTE round 0: result REJECTED
2022-11-01 02:15:21,584 [grpc-default-executor-5] INFO  util.CodeInjectionForTesting (BlockRequestHandlingInjection.java:execute(77)) - s1: Block request from s2
2022-11-01 02:15:21,584 [grpc-default-executor-29] INFO  server.RaftServer$Division (RaftServerImpl.java:requestVote(1291)) - s4@group-29DD907A7165: receive requestVote(PRE_VOTE, s2, group-29DD907A7165, 2, (t:2, i:0))
2022-11-01 02:15:21,584 [grpc-default-executor-29] INFO  impl.VoteContext (VoteContext.java:log(49)) - s4@group-29DD907A7165-LEADER: reject PRE_VOTE from s2: this server is the leader and still has leadership
2022-11-01 02:15:21,584 [grpc-default-executor-29] INFO  server.RaftServer$Division (RaftServerImpl.java:requestVote(1324)) - s4@group-29DD907A7165 replies to PRE_VOTE vote request: s2<-s4#0:FAIL-t2. Peer's state: s4@group-29DD907A7165:t2, leader=s4, voted=s4, raftlog=Memoized:s4@group-29DD907A7165-SegmentedRaftLog:OPENED:c0, conf=0: peers:[s3|rpc:localhost:46863|admin:localhost:41281|client:localhost:41041|dataStream:localhost:44363|priority:0|startupRole:FOLLOWER, s4|rpc:localhost:36775|admin:localhost:35477|client:localhost:46475|dataStream:localhost:42557|priority:0|startupRole:FOLLOWER, s0|rpc:localhost:33119|admin:localhost:42011|client:localhost:45597|dataStream:localhost:34507|priority:0|startupRole:FOLLOWER, s1|rpc:localhost:43051|admin:localhost:41551|client:localhost:45233|dataStream:localhost:41779|priority:0|startupRole:FOLLOWER, s2|rpc:localhost:41201|admin:localhost:41487|client:localhost:41547|dataStream:localhost:43565|priority:0|startupRole:FOLLOWER]|listeners:[], old=null
2022-11-01 02:15:21,584 [grpc-default-executor-29] INFO  server.RaftServer$Division (RaftServerImpl.java:requestVote(1291)) - s0@group-29DD907A7165: receive requestVote(PRE_VOTE, s1, group-29DD907A7165, 2, (t:1, i:0))
2022-11-01 02:15:21,584 [grpc-default-executor-29] INFO  impl.VoteContext (VoteContext.java:log(49)) - s0@group-29DD907A7165-FOLLOWER: reject PRE_VOTE from s1: this server is a follower and still has a valid leader s4
2022-11-01 02:15:21,585 [grpc-default-executor-29] INFO  server.RaftServer$Division (RaftServerImpl.java:requestVote(1324)) - s0@group-29DD907A7165 replies to PRE_VOTE vote request: s1<-s0#0:FAIL-t2. Peer's state: s0@group-29DD907A7165:t2, leader=s4, voted=s4, raftlog=Memoized:s0@group-29DD907A7165-SegmentedRaftLog:OPENED:c0, conf=0: peers:[s3|rpc:localhost:46863|admin:localhost:41281|client:localhost:41041|dataStream:localhost:44363|priority:0|startupRole:FOLLOWER, s4|rpc:localhost:36775|admin:localhost:35477|client:localhost:46475|dataStream:localhost:42557|priority:0|startupRole:FOLLOWER, s0|rpc:localhost:33119|admin:localhost:42011|client:localhost:45597|dataStream:localhost:34507|priority:0|startupRole:FOLLOWER, s1|rpc:localhost:43051|admin:localhost:41551|client:localhost:45233|dataStream:localhost:41779|priority:0|startupRole:FOLLOWER, s2|rpc:localhost:41201|admin:localhost:41487|client:localhost:41547|dataStream:localhost:43565|priority:0|startupRole:FOLLOWER]|listeners:[], old=null
2022-11-01 02:15:21,586 [grpc-default-executor-29] INFO  server.RaftServer$Division (RaftServerImpl.java:requestVote(1291)) - s2@group-29DD907A7165: receive requestVote(PRE_VOTE, s1, group-29DD907A7165, 2, (t:1, i:0))
2022-11-01 02:15:21,586 [grpc-default-executor-29] INFO  impl.VoteContext (VoteContext.java:log(49)) - s2@group-29DD907A7165-FOLLOWER: reject PRE_VOTE from s1: this server is a follower and still has a valid leader s4
2022-11-01 02:15:21,586 [grpc-default-executor-29] INFO  server.RaftServer$Division (RaftServerImpl.java:requestVote(1324)) - s2@group-29DD907A7165 replies to PRE_VOTE vote request: s1<-s2#0:FAIL-t2. Peer's state: s2@group-29DD907A7165:t2, leader=s4, voted=s4, raftlog=Memoized:s2@group-29DD907A7165-SegmentedRaftLog:OPENED:c0, conf=0: peers:[s3|rpc:localhost:46863|admin:localhost:41281|client:localhost:41041|dataStream:localhost:44363|priority:0|startupRole:FOLLOWER, s4|rpc:localhost:36775|admin:localhost:35477|client:localhost:46475|dataStream:localhost:42557|priority:0|startupRole:FOLLOWER, s0|rpc:localhost:33119|admin:localhost:42011|client:localhost:45597|dataStream:localhost:34507|priority:0|startupRole:FOLLOWER, s1|rpc:localhost:43051|admin:localhost:41551|client:localhost:45233|dataStream:localhost:41779|priority:0|startupRole:FOLLOWER, s2|rpc:localhost:41201|admin:localhost:41487|client:localhost:41547|dataStream:localhost:43565|priority:0|startupRole:FOLLOWER]|listeners:[], old=null
2022-11-01 02:15:21,589 [grpc-default-executor-24] INFO  server.RaftServer$Division (RaftServerImpl.java:requestVote(1291)) - s3@group-29DD907A7165: receive requestVote(PRE_VOTE, s1, group-29DD907A7165, 2, (t:1, i:0))
2022-11-01 02:15:21,590 [grpc-default-executor-24] INFO  impl.VoteContext (VoteContext.java:log(49)) - s3@group-29DD907A7165-FOLLOWER: reject PRE_VOTE from s1: this server is a follower and still has a valid leader s4
2022-11-01 02:15:21,590 [grpc-default-executor-24] INFO  server.RaftServer$Division (RaftServerImpl.java:requestVote(1324)) - s3@group-29DD907A7165 replies to PRE_VOTE vote request: s1<-s3#0:FAIL-t2. Peer's state: s3@group-29DD907A7165:t2, leader=s4, voted=s4, raftlog=Memoized:s3@group-29DD907A7165-SegmentedRaftLog:OPENED:c0, conf=0: peers:[s3|rpc:localhost:46863|admin:localhost:41281|client:localhost:41041|dataStream:localhost:44363|priority:0|startupRole:FOLLOWER, s4|rpc:localhost:36775|admin:localhost:35477|client:localhost:46475|dataStream:localhost:42557|priority:0|startupRole:FOLLOWER, s0|rpc:localhost:33119|admin:localhost:42011|client:localhost:45597|dataStream:localhost:34507|priority:0|startupRole:FOLLOWER, s1|rpc:localhost:43051|admin:localhost:41551|client:localhost:45233|dataStream:localhost:41779|priority:0|startupRole:FOLLOWER, s2|rpc:localhost:41201|admin:localhost:41487|client:localhost:41547|dataStream:localhost:43565|priority:0|startupRole:FOLLOWER]|listeners:[], old=null
2022-11-01 02:15:21,590 [grpc-default-executor-27] INFO  server.RaftServer$Division (RaftServerImpl.java:requestVote(1291)) - s4@group-29DD907A7165: receive requestVote(PRE_VOTE, s1, group-29DD907A7165, 2, (t:1, i:0))
2022-11-01 02:15:21,590 [grpc-default-executor-27] INFO  impl.VoteContext (VoteContext.java:log(49)) - s4@group-29DD907A7165-LEADER: reject PRE_VOTE from s1: this server is the leader and still has leadership
2022-11-01 02:15:21,591 [grpc-default-executor-27] INFO  server.RaftServer$Division (RaftServerImpl.java:requestVote(1324)) - s4@group-29DD907A7165 replies to PRE_VOTE vote request: s1<-s4#0:FAIL-t2. Peer's state: s4@group-29DD907A7165:t2, leader=s4, voted=s4, raftlog=Memoized:s4@group-29DD907A7165-SegmentedRaftLog:OPENED:c0, conf=0: peers:[s3|rpc:localhost:46863|admin:localhost:41281|client:localhost:41041|dataStream:localhost:44363|priority:0|startupRole:FOLLOWER, s4|rpc:localhost:36775|admin:localhost:35477|client:localhost:46475|dataStream:localhost:42557|priority:0|startupRole:FOLLOWER, s0|rpc:localhost:33119|admin:localhost:42011|client:localhost:45597|dataStream:localhost:34507|priority:0|startupRole:FOLLOWER, s1|rpc:localhost:43051|admin:localhost:41551|client:localhost:45233|dataStream:localhost:41779|priority:0|startupRole:FOLLOWER, s2|rpc:localhost:41201|admin:localhost:41487|client:localhost:41547|dataStream:localhost:43565|priority:0|startupRole:FOLLOWER]|listeners:[], old=null
2022-11-01 02:15:21,591 [s1@group-29DD907A7165-LeaderElection42] INFO  impl.LeaderElection (LeaderElection.java:logAndReturn(89)) - s1@group-29DD907A7165-LeaderElection42: PRE_VOTE REJECTED received 3 response(s) and 0 exception(s):
2022-11-01 02:15:21,591 [s1@group-29DD907A7165-LeaderElection42] INFO  impl.LeaderElection (LeaderElection.java:logAndReturn(93)) -   Response 0: s1<-s3#0:FAIL-t2
2022-11-01 02:15:21,591 [s1@group-29DD907A7165-LeaderElection42] INFO  impl.LeaderElection (LeaderElection.java:logAndReturn(93)) -   Response 1: s1<-s0#0:FAIL-t2
2022-11-01 02:15:21,591 [s1@group-29DD907A7165-LeaderElection42] INFO  impl.LeaderElection (LeaderElection.java:logAndReturn(93)) -   Response 2: s1<-s2#0:FAIL-t2
2022-11-01 02:15:21,591 [s1@group-29DD907A7165-LeaderElection42] INFO  impl.LeaderElection (LeaderElection.java:askForVotes(311)) - s1@group-29DD907A7165-LeaderElection42 PRE_VOTE round 0: result REJECTED
2022-11-01 02:15:21,591 [s1@group-29DD907A7165-LeaderElection42] INFO  server.RaftServer$Division (RaftServerImpl.java:setRole(325)) - s1@group-29DD907A7165: changes role from CANDIDATE to FOLLOWER at term 2 for REJECTED
2022-11-01 02:15:21,591 [s1@group-29DD907A7165-LeaderElection42] INFO  impl.RoleInfo (RoleInfo.java:shutdownLeaderElection(130)) - s1: shutdown s1@group-29DD907A7165-LeaderElection42
2022-11-01 02:15:21,592 [s1@group-29DD907A7165-LeaderElection42] INFO  impl.RoleInfo (RoleInfo.java:updateAndGet(139)) - s1: start s1@group-29DD907A7165-FollowerState
2022-11-01 02:15:21,633 [s4@group-29DD907A7165->s1-GrpcLogAppender-LogAppenderDaemon] INFO  util.CodeInjectionForTesting (DelayLocalExecutionInjection.java:execute(65)) - s4 delay 150 ms, args=[serverRequest {
  requestorId: "s4"
  replyId: "s1"
  raftGroupId {
    id: "\306I{yg\341A\222\264\356)\335\220zqe"
  }
  callId: 176
  slidingWindowEntry {
  }
}
leaderTerm: 2
previousLog {
  term: 2
}
initializing: true
commitInfos {
  server {
    id: "s4"
    address: "localhost:36775"
    dataStreamAddress: "localhost:42557"
    clientAddress: "localhost:46475"
    adminAddress: "localhost:35477"
    startupRole: FOLLOWER
  }
}
commitInfos {
  server {
    id: "s3"
    address: "localhost:46863"
    dataStreamAddress: "localhost:44363"
    clientAddress: "localhost:41041"
    adminAddress: "localhost:41281"
    startupRole: FOLLOWER
  }
}
commitInfos {
  server {
    id: "s0"
    address: "localhost:33119"
    dataStreamAddress: "localhost:34507"
    clientAddress: "localhost:45597"
    adminAddress: "localhost:42011"
    startupRole: FOLLOWER
  }
}
commitInfos {
  server {
    id: "s1"
    address: "localhost:43051"
    dataStreamAddress: "localhost:41779"
    clientAddress: "localhost:45233"
    adminAddress: "localhost:41551"
    startupRole: FOLLOWER
  }
}
commitInfos {
  server {
    id: "s2"
    address: "localhost:41201"
    dataStreamAddress: "localhost:43565"
    clientAddress: "localhost:41547"
    adminAddress: "localhost:41487"
    startupRole: FOLLOWER
  }
}
]
2022-11-01 02:15:21,707 [s2@group-29DD907A7165-FollowerState] INFO  impl.FollowerState (FollowerState.java:run(143)) - s2@group-29DD907A7165-FollowerState: change to CANDIDATE, lastRpcElapsedTime:213166605ns, electionTimeout:213ms
2022-11-01 02:15:21,707 [s2@group-29DD907A7165-FollowerState] INFO  impl.RoleInfo (RoleInfo.java:shutdownFollowerState(110)) - s2: shutdown s2@group-29DD907A7165-FollowerState
2022-11-01 02:15:21,707 [s2@group-29DD907A7165-FollowerState] INFO  server.RaftServer$Division (RaftServerImpl.java:setRole(325)) - s2@group-29DD907A7165: changes role from  FOLLOWER to CANDIDATE at term 2 for changeToCandidate
2022-11-01 02:15:21,707 [s2@group-29DD907A7165-FollowerState] INFO  server.RaftServerConfigKeys (ConfUtils.java:logGet(46)) - raft.server.leaderelection.pre-vote = true (default)
2022-11-01 02:15:21,707 [s2@group-29DD907A7165-FollowerState] INFO  impl.RoleInfo (RoleInfo.java:updateAndGet(139)) - s2: start s2@group-29DD907A7165-LeaderElection43
2022-11-01 02:15:21,708 [s2@group-29DD907A7165-LeaderElection43] INFO  server.RaftServer$Division (ServerState.java:setLeader(259)) - s2@group-29DD907A7165: change Leader from s4 to null at term 2 for PRE_VOTE
2022-11-01 02:15:21,708 [s2@group-29DD907A7165-LeaderElection43] INFO  impl.LeaderElection (LeaderElection.java:askForVotes(309)) - s2@group-29DD907A7165-LeaderElection43 PRE_VOTE round 0: submit vote requests at term 2 for 0: peers:[s3|rpc:localhost:46863|admin:localhost:41281|client:localhost:41041|dataStream:localhost:44363|priority:0|startupRole:FOLLOWER, s4|rpc:localhost:36775|admin:localhost:35477|client:localhost:46475|dataStream:localhost:42557|priority:0|startupRole:FOLLOWER, s0|rpc:localhost:33119|admin:localhost:42011|client:localhost:45597|dataStream:localhost:34507|priority:0|startupRole:FOLLOWER, s1|rpc:localhost:43051|admin:localhost:41551|client:localhost:45233|dataStream:localhost:41779|priority:0|startupRole:FOLLOWER, s2|rpc:localhost:41201|admin:localhost:41487|client:localhost:41547|dataStream:localhost:43565|priority:0|startupRole:FOLLOWER]|listeners:[], old=null
2022-11-01 02:15:21,709 [s2@group-29DD907A7165-LeaderElection43-1] INFO  util.CodeInjectionForTesting (DelayLocalExecutionInjection.java:execute(65)) - s2 delay 150 ms, args=[serverRequest {
  requestorId: "s2"
  replyId: "s3"
  raftGroupId {
    id: "\306I{yg\341A\222\264\356)\335\220zqe"
  }
  slidingWindowEntry {
  }
}
candidateTerm: 2
candidateLastEntry {
  term: 2
}
preVote: true
]
2022-11-01 02:15:21,709 [s2@group-29DD907A7165-LeaderElection43-2] INFO  util.CodeInjectionForTesting (DelayLocalExecutionInjection.java:execute(65)) - s2 delay 150 ms, args=[serverRequest {
  requestorId: "s2"
  replyId: "s4"
  raftGroupId {
    id: "\306I{yg\341A\222\264\356)\335\220zqe"
  }
  slidingWindowEntry {
  }
}
candidateTerm: 2
candidateLastEntry {
  term: 2
}
preVote: true
]
2022-11-01 02:15:21,709 [s2@group-29DD907A7165-LeaderElection43-3] INFO  util.CodeInjectionForTesting (DelayLocalExecutionInjection.java:execute(65)) - s2 delay 150 ms, args=[serverRequest {
  requestorId: "s2"
  replyId: "s0"
  raftGroupId {
    id: "\306I{yg\341A\222\264\356)\335\220zqe"
  }
  slidingWindowEntry {
  }
}
candidateTerm: 2
candidateLastEntry {
  term: 2
}
preVote: true
]
2022-11-01 02:15:21,709 [s2@group-29DD907A7165-LeaderElection43-4] INFO  util.CodeInjectionForTesting (DelayLocalExecutionInjection.java:execute(65)) - s2 delay 150 ms, args=[serverRequest {
  requestorId: "s2"
  replyId: "s1"
  raftGroupId {
    id: "\306I{yg\341A\222\264\356)\335\220zqe"
  }
  slidingWindowEntry {
  }
}
candidateTerm: 2
candidateLastEntry {
  term: 2
}
preVote: true
]
2022-11-01 02:15:21,720 [s2-server-thread1] INFO  server.RaftServer$Division (RaftServerImpl.java:setRole(325)) - s2@group-29DD907A7165: changes role from CANDIDATE to FOLLOWER at term 2 for appendEntries
2022-11-01 02:15:21,721 [s2-server-thread1] INFO  impl.RoleInfo (RoleInfo.java:shutdownLeaderElection(130)) - s2: shutdown s2@group-29DD907A7165-LeaderElection43
2022-11-01 02:15:21,721 [s2-server-thread1] INFO  impl.RoleInfo (RoleInfo.java:updateAndGet(139)) - s2: start s2@group-29DD907A7165-FollowerState
2022-11-01 02:15:21,721 [Time-limited test] INFO  server.RaftServerConfigKeys (ConfUtils.java:logGet(46)) - raft.server.rpc.timeout.max = 300ms (default)
2022-11-01 02:15:21,721 [s2-server-thread1] INFO  server.RaftServer$Division (ServerState.java:setLeader(259)) - s2@group-29DD907A7165: change Leader from null to s4 at term 2 for appendEntries, leader elected after 13ms
2022-11-01 02:15:21,861 [grpc-default-executor-24] INFO  server.RaftServer$Division (RaftServerImpl.java:requestVote(1291)) - s3@group-29DD907A7165: receive requestVote(PRE_VOTE, s2, group-29DD907A7165, 2, (t:2, i:0))
2022-11-01 02:15:21,862 [grpc-default-executor-24] INFO  impl.VoteContext (VoteContext.java:log(49)) - s3@group-29DD907A7165-FOLLOWER: reject PRE_VOTE from s2: this server is a follower and still has a valid leader s4
2022-11-01 02:15:21,862 [grpc-default-executor-24] INFO  server.RaftServer$Division (RaftServerImpl.java:requestVote(1324)) - s3@group-29DD907A7165 replies to PRE_VOTE vote request: s2<-s3#0:FAIL-t2. Peer's state: s3@group-29DD907A7165:t2, leader=s4, voted=s4, raftlog=Memoized:s3@group-29DD907A7165-SegmentedRaftLog:OPENED:c0, conf=0: peers:[s3|rpc:localhost:46863|admin:localhost:41281|client:localhost:41041|dataStream:localhost:44363|priority:0|startupRole:FOLLOWER, s4|rpc:localhost:36775|admin:localhost:35477|client:localhost:46475|dataStream:localhost:42557|priority:0|startupRole:FOLLOWER, s0|rpc:localhost:33119|admin:localhost:42011|client:localhost:45597|dataStream:localhost:34507|priority:0|startupRole:FOLLOWER, s1|rpc:localhost:43051|admin:localhost:41551|client:localhost:45233|dataStream:localhost:41779|priority:0|startupRole:FOLLOWER, s2|rpc:localhost:41201|admin:localhost:41487|client:localhost:41547|dataStream:localhost:43565|priority:0|startupRole:FOLLOWER]|listeners:[], old=null
2022-11-01 02:15:21,862 [grpc-default-executor-27] INFO  server.RaftServer$Division (RaftServerImpl.java:requestVote(1291)) - s4@group-29DD907A7165: receive requestVote(PRE_VOTE, s2, group-29DD907A7165, 2, (t:2, i:0))
2022-11-01 02:15:21,862 [grpc-default-executor-27] INFO  impl.VoteContext (VoteContext.java:log(49)) - s4@group-29DD907A7165-LEADER: reject PRE_VOTE from s2: this server is the leader and still has leadership
2022-11-01 02:15:21,862 [grpc-default-executor-27] INFO  server.RaftServer$Division (RaftServerImpl.java:requestVote(1324)) - s4@group-29DD907A7165 replies to PRE_VOTE vote request: s2<-s4#0:FAIL-t2. Peer's state: s4@group-29DD907A7165:t2, leader=s4, voted=s4, raftlog=Memoized:s4@group-29DD907A7165-SegmentedRaftLog:OPENED:c0, conf=0: peers:[s3|rpc:localhost:46863|admin:localhost:41281|client:localhost:41041|dataStream:localhost:44363|priority:0|startupRole:FOLLOWER, s4|rpc:localhost:36775|admin:localhost:35477|client:localhost:46475|dataStream:localhost:42557|priority:0|startupRole:FOLLOWER, s0|rpc:localhost:33119|admin:localhost:42011|client:localhost:45597|dataStream:localhost:34507|priority:0|startupRole:FOLLOWER, s1|rpc:localhost:43051|admin:localhost:41551|client:localhost:45233|dataStream:localhost:41779|priority:0|startupRole:FOLLOWER, s2|rpc:localhost:41201|admin:localhost:41487|client:localhost:41547|dataStream:localhost:43565|priority:0|startupRole:FOLLOWER]|listeners:[], old=null
2022-11-01 02:15:21,863 [grpc-default-executor-24] INFO  server.RaftServer$Division (RaftServerImpl.java:requestVote(1291)) - s0@group-29DD907A7165: receive requestVote(PRE_VOTE, s2, group-29DD907A7165, 2, (t:2, i:0))
2022-11-01 02:15:21,864 [grpc-default-executor-24] INFO  impl.VoteContext (VoteContext.java:log(49)) - s0@group-29DD907A7165-FOLLOWER: reject PRE_VOTE from s2: this server is a follower and still has a valid leader s4
2022-11-01 02:15:21,864 [s2@group-29DD907A7165-LeaderElection43] INFO  impl.LeaderElection (LeaderElection.java:logAndReturn(89)) - s2@group-29DD907A7165-LeaderElection43: PRE_VOTE REJECTED received 1 response(s) and 0 exception(s):
2022-11-01 02:15:21,864 [s2@group-29DD907A7165-LeaderElection43] INFO  impl.LeaderElection (LeaderElection.java:logAndReturn(93)) -   Response 0: s2<-s3#0:FAIL-t2
2022-11-01 02:15:21,864 [s2@group-29DD907A7165-LeaderElection43] INFO  impl.LeaderElection (LeaderElection.java:askForVotes(311)) - s2@group-29DD907A7165-LeaderElection43 PRE_VOTE round 0: result REJECTED
2022-11-01 02:15:21,864 [grpc-default-executor-24] INFO  server.RaftServer$Division (RaftServerImpl.java:requestVote(1324)) - s0@group-29DD907A7165 replies to PRE_VOTE vote request: s2<-s0#0:FAIL-t2. Peer's state: s0@group-29DD907A7165:t2, leader=s4, voted=s4, raftlog=Memoized:s0@group-29DD907A7165-SegmentedRaftLog:OPENED:c0, conf=0: peers:[s3|rpc:localhost:46863|admin:localhost:41281|client:localhost:41041|dataStream:localhost:44363|priority:0|startupRole:FOLLOWER, s4|rpc:localhost:36775|admin:localhost:35477|client:localhost:46475|dataStream:localhost:42557|priority:0|startupRole:FOLLOWER, s0|rpc:localhost:33119|admin:localhost:42011|client:localhost:45597|dataStream:localhost:34507|priority:0|startupRole:FOLLOWER, s1|rpc:localhost:43051|admin:localhost:41551|client:localhost:45233|dataStream:localhost:41779|priority:0|startupRole:FOLLOWER, s2|rpc:localhost:41201|admin:localhost:41487|client:localhost:41547|dataStream:localhost:43565|priority:0|startupRole:FOLLOWER]|listeners:[], old=null
2022-11-01 02:15:21,869 [grpc-default-executor-24] INFO  server.RaftServer$Division (RaftServerImpl.java:requestVote(1291)) - s1@group-29DD907A7165: receive requestVote(PRE_VOTE, s2, group-29DD907A7165, 2, (t:2, i:0))
2022-11-01 02:15:21,869 [grpc-default-executor-24] INFO  impl.VoteContext (VoteContext.java:log(49)) - s1@group-29DD907A7165-FOLLOWER: accept PRE_VOTE from s2: our last entry (t:1, i:0) < candidate's last entry (t:2, i:0)
2022-11-01 02:15:21,870 [grpc-default-executor-24] INFO  server.RaftServer$Division (RaftServerImpl.java:requestVote(1324)) - s1@group-29DD907A7165 replies to PRE_VOTE vote request: s2<-s1#0:OK-t2. Peer's state: s1@group-29DD907A7165:t2, leader=null, voted=null, raftlog=Memoized:s1@group-29DD907A7165-SegmentedRaftLog:OPENED:c0, conf=0: peers:[s3|rpc:localhost:46863|admin:localhost:41281|client:localhost:41041|dataStream:localhost:44363|priority:0|startupRole:FOLLOWER, s4|rpc:localhost:36775|admin:localhost:35477|client:localhost:46475|dataStream:localhost:42557|priority:0|startupRole:FOLLOWER, s0|rpc:localhost:33119|admin:localhost:42011|client:localhost:45597|dataStream:localhost:34507|priority:0|startupRole:FOLLOWER, s1|rpc:localhost:43051|admin:localhost:41551|client:localhost:45233|dataStream:localhost:41779|priority:0|startupRole:FOLLOWER, s2|rpc:localhost:41201|admin:localhost:41487|client:localhost:41547|dataStream:localhost:43565|priority:0|startupRole:FOLLOWER]|listeners:[], old=null
2022-11-01 02:15:21,884 [grpc-default-executor-5] INFO  util.CodeInjectionForTesting (BlockRequestHandlingInjection.java:execute(84)) - s1: unBlock request from s2
2022-11-01 02:15:21,884 [grpc-default-executor-5] INFO  server.RaftServer$Division (RaftServerImpl.java:requestVote(1291)) - s1@group-29DD907A7165: receive requestVote(PRE_VOTE, s2, group-29DD907A7165, 2, (t:2, i:0))
2022-11-01 02:15:21,884 [grpc-default-executor-5] INFO  impl.VoteContext (VoteContext.java:log(49)) - s1@group-29DD907A7165-FOLLOWER: accept PRE_VOTE from s2: our last entry (t:1, i:0) < candidate's last entry (t:2, i:0)
2022-11-01 02:15:21,884 [grpc-default-executor-5] INFO  server.RaftServer$Division (RaftServerImpl.java:requestVote(1324)) - s1@group-29DD907A7165 replies to PRE_VOTE vote request: s2<-s1#0:OK-t2. Peer's state: s1@group-29DD907A7165:t2, leader=null, voted=null, raftlog=Memoized:s1@group-29DD907A7165-SegmentedRaftLog:OPENED:c0, conf=0: peers:[s3|rpc:localhost:46863|admin:localhost:41281|client:localhost:41041|dataStream:localhost:44363|priority:0|startupRole:FOLLOWER, s4|rpc:localhost:36775|admin:localhost:35477|client:localhost:46475|dataStream:localhost:42557|priority:0|startupRole:FOLLOWER, s0|rpc:localhost:33119|admin:localhost:42011|client:localhost:45597|dataStream:localhost:34507|priority:0|startupRole:FOLLOWER, s1|rpc:localhost:43051|admin:localhost:41551|client:localhost:45233|dataStream:localhost:41779|priority:0|startupRole:FOLLOWER, s2|rpc:localhost:41201|admin:localhost:41487|client:localhost:41547|dataStream:localhost:43565|priority:0|startupRole:FOLLOWER]|listeners:[], old=null
2022-11-01 02:15:21,929 [s1-server-thread3] INFO  util.CodeInjectionForTesting (BlockRequestHandlingInjection.java:execute(84)) - s1: unBlock request from s4
2022-11-01 02:15:21,930 [s1-server-thread3] INFO  server.RaftServer$Division (ServerState.java:setLeader(259)) - s1@group-29DD907A7165: change Leader from null to s4 at term 2 for appendEntries, leader elected after 773ms
2022-11-01 02:15:21,930 [s1-server-thread3] INFO  server.RaftServer$Division (RaftServerImpl.java:checkInconsistentAppendEntries(1599)) - s1@group-29DD907A7165: Failed appendEntries as previous log entry ((t:2, i:0)) is not found
2022-11-01 02:15:21,930 [s1-server-thread3] INFO  server.RaftServer$Division (RaftServerImpl.java:checkInconsistentAppendEntries(1569)) - s1@group-29DD907A7165: inconsistency entries. Reply:s4<-s1#172:FAIL-t2,INCONSISTENCY,nextIndex=0,followerCommit=0,matchIndex=-1
2022-11-01 02:15:21,931 [s1-server-thread3] INFO  server.RaftServer$Division (RaftServerImpl.java:checkInconsistentAppendEntries(1599)) - s1@group-29DD907A7165: Failed appendEntries as previous log entry ((t:2, i:0)) is not found
2022-11-01 02:15:21,931 [s1-server-thread3] INFO  server.RaftServer$Division (RaftServerImpl.java:checkInconsistentAppendEntries(1569)) - s1@group-29DD907A7165: inconsistency entries. Reply:s4<-s1#173:FAIL-t2,INCONSISTENCY,nextIndex=0,followerCommit=0,matchIndex=-1
2022-11-01 02:15:21,931 [grpc-default-executor-5] INFO  leader.FollowerInfo (FollowerInfoImpl.java:lambda$new$0(48)) - s4@group-29DD907A7165->s1: nextIndex: updateUnconditionally 1 -> 0
2022-11-01 02:15:21,931 [s1-server-thread3] INFO  server.RaftServer$Division (RaftServerImpl.java:checkInconsistentAppendEntries(1599)) - s1@group-29DD907A7165: Failed appendEntries as previous log entry ((t:2, i:0)) is not found
2022-11-01 02:15:21,931 [s1-server-thread3] INFO  server.RaftServer$Division (RaftServerImpl.java:checkInconsistentAppendEntries(1569)) - s1@group-29DD907A7165: inconsistency entries. Reply:s4<-s1#174:FAIL-t2,INCONSISTENCY,nextIndex=0,followerCommit=0,matchIndex=-1
2022-11-01 02:15:21,931 [grpc-default-executor-5] INFO  leader.FollowerInfo (FollowerInfoImpl.java:lambda$new$0(48)) - s4@group-29DD907A7165->s1: nextIndex: updateUnconditionally 1 -> 0
2022-11-01 02:15:21,932 [s1-server-thread3] INFO  server.RaftServer$Division (RaftServerImpl.java:checkInconsistentAppendEntries(1599)) - s1@group-29DD907A7165: Failed appendEntries as previous log entry ((t:2, i:0)) is not found
2022-11-01 02:15:21,932 [s1-server-thread3] INFO  server.RaftServer$Division (RaftServerImpl.java:checkInconsistentAppendEntries(1569)) - s1@group-29DD907A7165: inconsistency entries. Reply:s4<-s1#175:FAIL-t2,INCONSISTENCY,nextIndex=0,followerCommit=0,matchIndex=-1
2022-11-01 02:15:21,932 [s1-server-thread3] INFO  server.RaftServer$Division (RaftServerImpl.java:checkInconsistentAppendEntries(1599)) - s1@group-29DD907A7165: Failed appendEntries as previous log entry ((t:2, i:0)) is not found
2022-11-01 02:15:21,932 [grpc-default-executor-5] INFO  leader.FollowerInfo (FollowerInfoImpl.java:lambda$new$0(48)) - s4@group-29DD907A7165->s1: nextIndex: updateUnconditionally 1 -> 0
2022-11-01 02:15:21,932 [s1-server-thread3] INFO  server.RaftServer$Division (RaftServerImpl.java:checkInconsistentAppendEntries(1569)) - s1@group-29DD907A7165: inconsistency entries. Reply:s4<-s1#176:FAIL-t2,INCONSISTENCY,nextIndex=0,followerCommit=0,matchIndex=-1
2022-11-01 02:15:21,933 [s1-server-thread4] DEBUG server.RaftServer$Division (RaftServerImpl.java:logAppendEntries(1418)) - s1@group-29DD907A7165: receive appendEntries(s4, 2, null, 0, true, commits:[s4:c0, s3:c0, s0:c0, s1:c0, s2:c0], cId:180, entries: [(t:2, i:0), CONFIGURATIONENTRY(current:id: "s3"
address: "localhost:46863"
dataStreamAddress: "localhost:44363"
clientAddress: "localhost:41041"
adminAddress: "localhost:41281"
startupRole: FOLLOWER
,id: "s4"
address: "localhost:36775"
dataStreamAddress: "localhost:42557"
clientAddress: "localhost:46475"
adminAddress: "localhost:35477"
startupRole: FOLLOWER
,id: "s0"
address: "localhost:33119"
dataStreamAddress: "localhost:34507"
clientAddress: "localhost:45597"
adminAddress: "localhost:42011"
startupRole: FOLLOWER
,id: "s1"
address: "localhost:43051"
dataStreamAddress: "localhost:41779"
clientAddress: "localhost:45233"
adminAddress: "localhost:41551"
startupRole: FOLLOWER
,id: "s2"
address: "localhost:41201"
dataStreamAddress: "localhost:43565"
clientAddress: "localhost:41547"
adminAddress: "localhost:41487"
startupRole: FOLLOWER
, old:)]
2022-11-01 02:15:21,933 [grpc-default-executor-2] INFO  leader.FollowerInfo (FollowerInfoImpl.java:lambda$new$0(48)) - s4@group-29DD907A7165->s1: nextIndex: updateUnconditionally 1 -> 0
2022-11-01 02:15:21,933 [s1-server-thread4] INFO  server.RaftServer$Division (RaftServerImpl.java:checkInconsistentAppendEntries(1589)) - s1@group-29DD907A7165: Failed appendEntries as the first entry (index 0) already exists (snapshotIndex: -1, commitIndex: 0)
2022-11-01 02:15:21,933 [s1-server-thread4] INFO  server.RaftServer$Division (RaftServerImpl.java:checkInconsistentAppendEntries(1569)) - s1@group-29DD907A7165: inconsistency entries. Reply:s4<-s1#180:FAIL-t2,INCONSISTENCY,nextIndex=1,followerCommit=0,matchIndex=-1
2022-11-01 02:15:21,934 [grpc-default-executor-5] INFO  leader.FollowerInfo (FollowerInfoImpl.java:lambda$new$0(48)) - s4@group-29DD907A7165->s1: nextIndex: updateUnconditionally 1 -> 1
2022-11-01 02:15:21,934 [grpc-default-executor-2] INFO  leader.FollowerInfo (FollowerInfoImpl.java:lambda$new$0(48)) - s4@group-29DD907A7165->s1: nextIndex: updateUnconditionally 1 -> 0
2022-11-01 02:15:21,934 [s1-server-thread4] INFO  server.RaftServer$Division (RaftServerImpl.java:checkInconsistentAppendEntries(1599)) - s1@group-29DD907A7165: Failed appendEntries as previous log entry ((t:2, i:0)) is not found
2022-11-01 02:15:21,934 [s1-server-thread4] INFO  server.RaftServer$Division (RaftServerImpl.java:checkInconsistentAppendEntries(1569)) - s1@group-29DD907A7165: inconsistency entries. Reply:s4<-s1#177:FAIL-t2,INCONSISTENCY,nextIndex=0,followerCommit=0,matchIndex=-1
2022-11-01 02:15:21,935 [s1-server-thread3] DEBUG server.RaftServer$Division (RaftServerImpl.java:logAppendEntries(1418)) - s1@group-29DD907A7165: receive appendEntries(s4, 2, null, 0, true, commits:[s4:c0, s3:c0, s0:c0, s1:c0, s2:c0], cId:181, entries: [(t:2, i:0), CONFIGURATIONENTRY(current:id: "s3"
address: "localhost:46863"
dataStreamAddress: "localhost:44363"
clientAddress: "localhost:41041"
adminAddress: "localhost:41281"
startupRole: FOLLOWER
,id: "s4"
address: "localhost:36775"
dataStreamAddress: "localhost:42557"
clientAddress: "localhost:46475"
adminAddress: "localhost:35477"
startupRole: FOLLOWER
,id: "s0"
address: "localhost:33119"
dataStreamAddress: "localhost:34507"
clientAddress: "localhost:45597"
adminAddress: "localhost:42011"
startupRole: FOLLOWER
,id: "s1"
address: "localhost:43051"
dataStreamAddress: "localhost:41779"
clientAddress: "localhost:45233"
adminAddress: "localhost:41551"
startupRole: FOLLOWER
,id: "s2"
address: "localhost:41201"
dataStreamAddress: "localhost:43565"
clientAddress: "localhost:41547"
adminAddress: "localhost:41487"
startupRole: FOLLOWER
, old:)]
2022-11-01 02:15:21,935 [s1-server-thread3] INFO  server.RaftServer$Division (RaftServerImpl.java:checkInconsistentAppendEntries(1589)) - s1@group-29DD907A7165: Failed appendEntries as the first entry (index 0) already exists (snapshotIndex: -1, commitIndex: 0)
2022-11-01 02:15:21,935 [s1-server-thread3] INFO  server.RaftServer$Division (RaftServerImpl.java:checkInconsistentAppendEntries(1569)) - s1@group-29DD907A7165: inconsistency entries. Reply:s4<-s1#181:FAIL-t2,INCONSISTENCY,nextIndex=1,followerCommit=0,matchIndex=-1
2022-11-01 02:15:21,935 [grpc-default-executor-5] INFO  leader.FollowerInfo (FollowerInfoImpl.java:lambda$new$0(48)) - s4@group-29DD907A7165->s1: nextIndex: updateUnconditionally 1 -> 0
2022-11-01 02:15:21,935 [s1-server-thread3] INFO  server.RaftServer$Division (RaftServerImpl.java:checkInconsistentAppendEntries(1599)) - s1@group-29DD907A7165: Failed appendEntries as previous log entry ((t:2, i:0)) is not found
2022-11-01 02:15:21,936 [s1-server-thread3] INFO  server.RaftServer$Division (RaftServerImpl.java:checkInconsistentAppendEntries(1569)) - s1@group-29DD907A7165: inconsistency entries. Reply:s4<-s1#178:FAIL-t2,INCONSISTENCY,nextIndex=0,followerCommit=0,matchIndex=-1
2022-11-01 02:15:21,936 [grpc-default-executor-24] INFO  leader.FollowerInfo (FollowerInfoImpl.java:lambda$new$0(48)) - s4@group-29DD907A7165->s1: nextIndex: updateUnconditionally 1 -> 1
2022-11-01 02:15:21,936 [grpc-default-executor-24] INFO  leader.FollowerInfo (FollowerInfoImpl.java:lambda$new$0(48)) - s4@group-29DD907A7165->s1: nextIndex: updateUnconditionally 1 -> 0
2022-11-01 02:15:21,936 [s1-server-thread3] INFO  server.RaftServer$Division (RaftServerImpl.java:checkInconsistentAppendEntries(1599)) - s1@group-29DD907A7165: Failed appendEntries as previous log entry ((t:2, i:0)) is not found
2022-11-01 02:15:21,936 [s1-server-thread3] INFO  server.RaftServer$Division (RaftServerImpl.java:checkInconsistentAppendEntries(1569)) - s1@group-29DD907A7165: inconsistency entries. Reply:s4<-s1#179:FAIL-t2,INCONSISTENCY,nextIndex=0,followerCommit=0,matchIndex=-1
2022-11-01 02:15:21,937 [grpc-default-executor-5] INFO  leader.FollowerInfo (FollowerInfoImpl.java:lambda$new$0(48)) - s4@group-29DD907A7165->s1: nextIndex: updateUnconditionally 1 -> 0
2022-11-01 02:15:21,937 [s1-server-thread3] DEBUG server.RaftServer$Division (RaftServerImpl.java:logAppendEntries(1418)) - s1@group-29DD907A7165: receive appendEntries(s4, 2, null, 0, true, commits:[s4:c0, s3:c0, s0:c0, s1:c0, s2:c0], cId:182, entries: [(t:2, i:0), CONFIGURATIONENTRY(current:id: "s3"
address: "localhost:46863"
dataStreamAddress: "localhost:44363"
clientAddress: "localhost:41041"
adminAddress: "localhost:41281"
startupRole: FOLLOWER
,id: "s4"
address: "localhost:36775"
dataStreamAddress: "localhost:42557"
clientAddress: "localhost:46475"
adminAddress: "localhost:35477"
startupRole: FOLLOWER
,id: "s0"
address: "localhost:33119"
dataStreamAddress: "localhost:34507"
clientAddress: "localhost:45597"
adminAddress: "localhost:42011"
startupRole: FOLLOWER
,id: "s1"
address: "localhost:43051"
dataStreamAddress: "localhost:41779"
clientAddress: "localhost:45233"
adminAddress: "localhost:41551"
startupRole: FOLLOWER
,id: "s2"
address: "localhost:41201"
dataStreamAddress: "localhost:43565"
clientAddress: "localhost:41547"
adminAddress: "localhost:41487"
startupRole: FOLLOWER
, old:)]
2022-11-01 02:15:21,937 [s1-server-thread3] INFO  server.RaftServer$Division (RaftServerImpl.java:checkInconsistentAppendEntries(1589)) - s1@group-29DD907A7165: Failed appendEntries as the first entry (index 0) already exists (snapshotIndex: -1, commitIndex: 0)
2022-11-01 02:15:21,937 [s1-server-thread3] INFO  server.RaftServer$Division (RaftServerImpl.java:checkInconsistentAppendEntries(1569)) - s1@group-29DD907A7165: inconsistency entries. Reply:s4<-s1#182:FAIL-t2,INCONSISTENCY,nextIndex=1,followerCommit=0,matchIndex=-1
2022-11-01 02:15:21,937 [grpc-default-executor-24] INFO  leader.FollowerInfo (FollowerInfoImpl.java:lambda$new$0(48)) - s4@group-29DD907A7165->s1: nextIndex: updateUnconditionally 1 -> 1
2022-11-01 02:15:21,938 [s1-server-thread3] DEBUG server.RaftServer$Division (RaftServerImpl.java:logAppendEntries(1418)) - s1@group-29DD907A7165: receive appendEntries(s4, 2, null, 0, true, commits:[s4:c0, s3:c0, s0:c0, s1:c0, s2:c0], cId:183, entries: [(t:2, i:0), CONFIGURATIONENTRY(current:id: "s3"
address: "localhost:46863"
dataStreamAddress: "localhost:44363"
clientAddress: "localhost:41041"
adminAddress: "localhost:41281"
startupRole: FOLLOWER
,id: "s4"
address: "localhost:36775"
dataStreamAddress: "localhost:42557"
clientAddress: "localhost:46475"
adminAddress: "localhost:35477"
startupRole: FOLLOWER
,id: "s0"
address: "localhost:33119"
dataStreamAddress: "localhost:34507"
clientAddress: "localhost:45597"
adminAddress: "localhost:42011"
startupRole: FOLLOWER
,id: "s1"
address: "localhost:43051"
dataStreamAddress: "localhost:41779"
clientAddress: "localhost:45233"
adminAddress: "localhost:41551"
startupRole: FOLLOWER
,id: "s2"
address: "localhost:41201"
dataStreamAddress: "localhost:43565"
clientAddress: "localhost:41547"
adminAddress: "localhost:41487"
startupRole: FOLLOWER
, old:)]
2022-11-01 02:15:21,938 [s1-server-thread3] INFO  server.RaftServer$Division (RaftServerImpl.java:checkInconsistentAppendEntries(1589)) - s1@group-29DD907A7165: Failed appendEntries as the first entry (index 0) already exists (snapshotIndex: -1, commitIndex: 0)
2022-11-01 02:15:21,938 [s1-server-thread3] INFO  server.RaftServer$Division (RaftServerImpl.java:checkInconsistentAppendEntries(1569)) - s1@group-29DD907A7165: inconsistency entries. Reply:s4<-s1#183:FAIL-t2,INCONSISTENCY,nextIndex=1,followerCommit=0,matchIndex=-1
2022-11-01 02:15:21,938 [s1-server-thread3] DEBUG server.RaftServer$Division (RaftServerImpl.java:logAppendEntries(1418)) - s1@group-29DD907A7165: receive appendEntries(s4, 2, null, 0, true, commits:[s4:c0, s3:c0, s0:c0, s1:c0, s2:c0], cId:184, entries: [(t:2, i:0), CONFIGURATIONENTRY(current:id: "s3"
address: "localhost:46863"
dataStreamAddress: "localhost:44363"
clientAddress: "localhost:41041"
adminAddress: "localhost:41281"
startupRole: FOLLOWER
,id: "s4"
address: "localhost:36775"
dataStreamAddress: "localhost:42557"
clientAddress: "localhost:46475"
adminAddress: "localhost:35477"
startupRole: FOLLOWER
,id: "s0"
address: "localhost:33119"
dataStreamAddress: "localhost:34507"
clientAddress: "localhost:45597"
adminAddress: "localhost:42011"
startupRole: FOLLOWER
,id: "s1"
address: "localhost:43051"
dataStreamAddress: "localhost:41779"
clientAddress: "localhost:45233"
adminAddress: "localhost:41551"
startupRole: FOLLOWER
,id: "s2"
address: "localhost:41201"
dataStreamAddress: "localhost:43565"
clientAddress: "localhost:41547"
adminAddress: "localhost:41487"
startupRole: FOLLOWER
, old:)]
2022-11-01 02:15:21,939 [s1-server-thread3] INFO  server.RaftServer$Division (RaftServerImpl.java:checkInconsistentAppendEntries(1589)) - s1@group-29DD907A7165: Failed appendEntries as the first entry (index 0) already exists (snapshotIndex: -1, commitIndex: 0)
2022-11-01 02:15:21,939 [grpc-default-executor-24] INFO  leader.FollowerInfo (FollowerInfoImpl.java:lambda$new$0(48)) - s4@group-29DD907A7165->s1: nextIndex: updateUnconditionally 1 -> 1
2022-11-01 02:15:21,939 [s1-server-thread3] INFO  server.RaftServer$Division (RaftServerImpl.java:checkInconsistentAppendEntries(1569)) - s1@group-29DD907A7165: inconsistency entries. Reply:s4<-s1#184:FAIL-t2,INCONSISTENCY,nextIndex=1,followerCommit=0,matchIndex=-1
2022-11-01 02:15:21,939 [grpc-default-executor-24] INFO  leader.FollowerInfo (FollowerInfoImpl.java:lambda$new$0(48)) - s4@group-29DD907A7165->s1: nextIndex: updateUnconditionally 1 -> 1
2022-11-01 02:15:21,939 [s1-server-thread3] DEBUG server.RaftServer$Division (RaftServerImpl.java:logAppendEntries(1418)) - s1@group-29DD907A7165: receive appendEntries(s4, 2, null, 0, true, commits:[s4:c0, s3:c0, s0:c0, s1:c0, s2:c0], cId:185, entries: [(t:2, i:0), CONFIGURATIONENTRY(current:id: "s3"
address: "localhost:46863"
dataStreamAddress: "localhost:44363"
clientAddress: "localhost:41041"
adminAddress: "localhost:41281"
startupRole: FOLLOWER
,id: "s4"
address: "localhost:36775"
dataStreamAddress: "localhost:42557"
clientAddress: "localhost:46475"
adminAddress: "localhost:35477"
startupRole: FOLLOWER
,id: "s0"
address: "localhost:33119"
dataStreamAddress: "localhost:34507"
clientAddress: "localhost:45597"
adminAddress: "localhost:42011"
startupRole: FOLLOWER
,id: "s1"
address: "localhost:43051"
dataStreamAddress: "localhost:41779"
clientAddress: "localhost:45233"
adminAddress: "localhost:41551"
startupRole: FOLLOWER
,id: "s2"
address: "localhost:41201"
dataStreamAddress: "localhost:43565"
clientAddress: "localhost:41547"
adminAddress: "localhost:41487"
startupRole: FOLLOWER
, old:)]
2022-11-01 02:15:21,939 [s1-server-thread3] INFO  server.RaftServer$Division (RaftServerImpl.java:checkInconsistentAppendEntries(1589)) - s1@group-29DD907A7165: Failed appendEntries as the first entry (index 0) already exists (snapshotIndex: -1, commitIndex: 0)
2022-11-01 02:15:21,939 [s1-server-thread3] INFO  server.RaftServer$Division (RaftServerImpl.java:checkInconsistentAppendEntries(1569)) - s1@group-29DD907A7165: inconsistency entries. Reply:s4<-s1#185:FAIL-t2,INCONSISTENCY,nextIndex=1,followerCommit=0,matchIndex=-1
2022-11-01 02:15:21,940 [grpc-default-executor-24] INFO  leader.FollowerInfo (FollowerInfoImpl.java:lambda$new$0(48)) - s4@group-29DD907A7165->s1: nextIndex: updateUnconditionally 1 -> 1
2022-11-01 02:15:21,940 [s1-server-thread3] DEBUG server.RaftServer$Division (RaftServerImpl.java:logAppendEntries(1418)) - s1@group-29DD907A7165: receive appendEntries(s4, 2, null, 0, true, commits:[s4:c0, s3:c0, s0:c0, s1:c0, s2:c0], cId:186, entries: [(t:2, i:0), CONFIGURATIONENTRY(current:id: "s3"
address: "localhost:46863"
dataStreamAddress: "localhost:44363"
clientAddress: "localhost:41041"
adminAddress: "localhost:41281"
startupRole: FOLLOWER
,id: "s4"
address: "localhost:36775"
dataStreamAddress: "localhost:42557"
clientAddress: "localhost:46475"
adminAddress: "localhost:35477"
startupRole: FOLLOWER
,id: "s0"
address: "localhost:33119"
dataStreamAddress: "localhost:34507"
clientAddress: "localhost:45597"
adminAddress: "localhost:42011"
startupRole: FOLLOWER
,id: "s1"
address: "localhost:43051"
dataStreamAddress: "localhost:41779"
clientAddress: "localhost:45233"
adminAddress: "localhost:41551"
startupRole: FOLLOWER
,id: "s2"
address: "localhost:41201"
dataStreamAddress: "localhost:43565"
clientAddress: "localhost:41547"
adminAddress: "localhost:41487"
startupRole: FOLLOWER
, old:)]
2022-11-01 02:15:21,940 [s1-server-thread3] INFO  server.RaftServer$Division (RaftServerImpl.java:checkInconsistentAppendEntries(1589)) - s1@group-29DD907A7165: Failed appendEntries as the first entry (index 0) already exists (snapshotIndex: -1, commitIndex: 0)
2022-11-01 02:15:21,940 [s1-server-thread3] INFO  server.RaftServer$Division (RaftServerImpl.java:checkInconsistentAppendEntries(1569)) - s1@group-29DD907A7165: inconsistency entries. Reply:s4<-s1#186:FAIL-t2,INCONSISTENCY,nextIndex=1,followerCommit=0,matchIndex=-1
2022-11-01 02:15:21,941 [grpc-default-executor-24] INFO  leader.FollowerInfo (FollowerInfoImpl.java:lambda$new$0(48)) - s4@group-29DD907A7165->s1: nextIndex: updateUnconditionally 1 -> 1
2022-11-01 02:15:21,941 [s1-server-thread3] DEBUG server.RaftServer$Division (RaftServerImpl.java:logAppendEntries(1418)) - s1@group-29DD907A7165: receive appendEntries(s4, 2, null, 0, true, commits:[s4:c0, s3:c0, s0:c0, s1:c0, s2:c0], cId:187, entries: [(t:2, i:0), CONFIGURATIONENTRY(current:id: "s3"
address: "localhost:46863"
dataStreamAddress: "localhost:44363"
clientAddress: "localhost:41041"
adminAddress: "localhost:41281"
startupRole: FOLLOWER
,id: "s4"
address: "localhost:36775"
dataStreamAddress: "localhost:42557"
clientAddress: "localhost:46475"
adminAddress: "localhost:35477"
startupRole: FOLLOWER
,id: "s0"
address: "localhost:33119"
dataStreamAddress: "localhost:34507"
clientAddress: "localhost:45597"
adminAddress: "localhost:42011"
startupRole: FOLLOWER
,id: "s1"
address: "localhost:43051"
dataStreamAddress: "localhost:41779"
clientAddress: "localhost:45233"
adminAddress: "localhost:41551"
startupRole: FOLLOWER
,id: "s2"
address: "localhost:41201"
dataStreamAddress: "localhost:43565"
clientAddress: "localhost:41547"
adminAddress: "localhost:41487"
startupRole: FOLLOWER
, old:)]
2022-11-01 02:15:21,941 [s1-server-thread3] INFO  server.RaftServer$Division (RaftServerImpl.java:checkInconsistentAppendEntries(1589)) - s1@group-29DD907A7165: Failed appendEntries as the first entry (index 0) already exists (snapshotIndex: -1, commitIndex: 0)
2022-11-01 02:15:21,941 [s1-server-thread3] INFO  server.RaftServer$Division (RaftServerImpl.java:checkInconsistentAppendEntries(1569)) - s1@group-29DD907A7165: inconsistency entries. Reply:s4<-s1#187:FAIL-t2,INCONSISTENCY,nextIndex=1,followerCommit=0,matchIndex=-1
2022-11-01 02:15:21,942 [grpc-default-executor-5] INFO  leader.FollowerInfo (FollowerInfoImpl.java:lambda$new$0(48)) - s4@group-29DD907A7165->s1: nextIndex: updateUnconditionally 1 -> 1
2022-11-01 02:15:22,003 [grpc-default-executor-20] INFO  util.CodeInjectionForTesting (BlockRequestHandlingInjection.java:execute(84)) - s1: unBlock request from s2
2022-11-01 02:15:22,003 [grpc-default-executor-20] INFO  server.RaftServer$Division (RaftServerImpl.java:requestVote(1291)) - s1@group-29DD907A7165: receive requestVote(PRE_VOTE, s2, group-29DD907A7165, 2, (t:2, i:0))
2022-11-01 02:15:22,003 [grpc-default-executor-20] INFO  impl.VoteContext (VoteContext.java:log(49)) - s1@group-29DD907A7165-FOLLOWER: reject PRE_VOTE from s2: this server is a follower and still has a valid leader s4
2022-11-01 02:15:22,003 [grpc-default-executor-20] INFO  server.RaftServer$Division (RaftServerImpl.java:requestVote(1324)) - s1@group-29DD907A7165 replies to PRE_VOTE vote request: s2<-s1#0:FAIL-t2. Peer's state: s1@group-29DD907A7165:t2, leader=s4, voted=null, raftlog=Memoized:s1@group-29DD907A7165-SegmentedRaftLog:OPENED:c0, conf=0: peers:[s3|rpc:localhost:46863|admin:localhost:41281|client:localhost:41041|dataStream:localhost:44363|priority:0|startupRole:FOLLOWER, s4|rpc:localhost:36775|admin:localhost:35477|client:localhost:46475|dataStream:localhost:42557|priority:0|startupRole:FOLLOWER, s0|rpc:localhost:33119|admin:localhost:42011|client:localhost:45597|dataStream:localhost:34507|priority:0|startupRole:FOLLOWER, s1|rpc:localhost:43051|admin:localhost:41551|client:localhost:45233|dataStream:localhost:41779|priority:0|startupRole:FOLLOWER, s2|rpc:localhost:41201|admin:localhost:41487|client:localhost:41547|dataStream:localhost:43565|priority:0|startupRole:FOLLOWER]|listeners:[], old=null
2022-11-01 02:15:22,018 [s1-server-thread3] INFO  server.RaftServer$Division (RaftServerImpl.java:checkInconsistentAppendEntries(1599)) - s1@group-29DD907A7165: Failed appendEntries as previous log entry ((t:2, i:0)) is not found
2022-11-01 02:15:22,019 [s1-server-thread3] INFO  server.RaftServer$Division (RaftServerImpl.java:checkInconsistentAppendEntries(1569)) - s1@group-29DD907A7165: inconsistency entries. Reply:s4<-s1#188:FAIL-t2,INCONSISTENCY,nextIndex=0,followerCommit=0,matchIndex=-1
2022-11-01 02:15:22,019 [grpc-default-executor-20] INFO  leader.FollowerInfo (FollowerInfoImpl.java:lambda$new$0(48)) - s4@group-29DD907A7165->s1: nextIndex: updateUnconditionally 1 -> 0
2022-11-01 02:15:22,020 [s1-server-thread3] DEBUG server.RaftServer$Division (RaftServerImpl.java:logAppendEntries(1418)) - s1@group-29DD907A7165: receive appendEntries(s4, 2, null, 0, true, commits:[s4:c0, s3:c0, s0:c0, s1:c0, s2:c0], cId:189, entries: [(t:2, i:0), CONFIGURATIONENTRY(current:id: "s3"
address: "localhost:46863"
dataStreamAddress: "localhost:44363"
clientAddress: "localhost:41041"
adminAddress: "localhost:41281"
startupRole: FOLLOWER
,id: "s4"
address: "localhost:36775"
dataStreamAddress: "localhost:42557"
clientAddress: "localhost:46475"
adminAddress: "localhost:35477"
startupRole: FOLLOWER
,id: "s0"
address: "localhost:33119"
dataStreamAddress: "localhost:34507"
clientAddress: "localhost:45597"
adminAddress: "localhost:42011"
startupRole: FOLLOWER
,id: "s1"
address: "localhost:43051"
dataStreamAddress: "localhost:41779"
clientAddress: "localhost:45233"
adminAddress: "localhost:41551"
startupRole: FOLLOWER
,id: "s2"
address: "localhost:41201"
dataStreamAddress: "localhost:43565"
clientAddress: "localhost:41547"
adminAddress: "localhost:41487"
startupRole: FOLLOWER
, old:)]
2022-11-01 02:15:22,020 [s1-server-thread3] INFO  server.RaftServer$Division (RaftServerImpl.java:checkInconsistentAppendEntries(1589)) - s1@group-29DD907A7165: Failed appendEntries as the first entry (index 0) already exists (snapshotIndex: -1, commitIndex: 0)
2022-11-01 02:15:22,020 [s1-server-thread3] INFO  server.RaftServer$Division (RaftServerImpl.java:checkInconsistentAppendEntries(1569)) - s1@group-29DD907A7165: inconsistency entries. Reply:s4<-s1#189:FAIL-t2,INCONSISTENCY,nextIndex=1,followerCommit=0,matchIndex=-1
2022-11-01 02:15:22,021 [grpc-default-executor-20] INFO  leader.FollowerInfo (FollowerInfoImpl.java:lambda$new$0(48)) - s4@group-29DD907A7165->s1: nextIndex: updateUnconditionally 1 -> 1
2022-11-01 02:15:22,097 [s1-server-thread3] INFO  server.RaftServer$Division (RaftServerImpl.java:checkInconsistentAppendEntries(1599)) - s1@group-29DD907A7165: Failed appendEntries as previous log entry ((t:2, i:0)) is not found
2022-11-01 02:15:22,097 [s1-server-thread3] INFO  server.RaftServer$Division (RaftServerImpl.java:checkInconsistentAppendEntries(1569)) - s1@group-29DD907A7165: inconsistency entries. Reply:s4<-s1#190:FAIL-t2,INCONSISTENCY,nextIndex=0,followerCommit=0,matchIndex=-1
2022-11-01 02:15:22,098 [grpc-default-executor-20] INFO  leader.FollowerInfo (FollowerInfoImpl.java:lambda$new$0(48)) - s4@group-29DD907A7165->s1: nextIndex: updateUnconditionally 1 -> 0
2022-11-01 02:15:22,099 [s1-server-thread3] DEBUG server.RaftServer$Division (RaftServerImpl.java:logAppendEntries(1418)) - s1@group-29DD907A7165: receive appendEntries(s4, 2, null, 0, true, commits:[s4:c0, s3:c0, s0:c0, s1:c0, s2:c0], cId:191, entries: [(t:2, i:0), CONFIGURATIONENTRY(current:id: "s3"
address: "localhost:46863"
dataStreamAddress: "localhost:44363"
clientAddress: "localhost:41041"
adminAddress: "localhost:41281"
startupRole: FOLLOWER
,id: "s4"
address: "localhost:36775"
dataStreamAddress: "localhost:42557"
clientAddress: "localhost:46475"
adminAddress: "localhost:35477"
startupRole: FOLLOWER
,id: "s0"
address: "localhost:33119"
dataStreamAddress: "localhost:34507"
clientAddress: "localhost:45597"
adminAddress: "localhost:42011"
startupRole: FOLLOWER
,id: "s1"
address: "localhost:43051"
dataStreamAddress: "localhost:41779"
clientAddress: "localhost:45233"
adminAddress: "localhost:41551"
startupRole: FOLLOWER
,id: "s2"
address: "localhost:41201"
dataStreamAddress: "localhost:43565"
clientAddress: "localhost:41547"
adminAddress: "localhost:41487"
startupRole: FOLLOWER
, old:)]
2022-11-01 02:15:22,099 [s1-server-thread3] INFO  server.RaftServer$Division (RaftServerImpl.java:checkInconsistentAppendEntries(1589)) - s1@group-29DD907A7165: Failed appendEntries as the first entry (index 0) already exists (snapshotIndex: -1, commitIndex: 0)
2022-11-01 02:15:22,099 [s1-server-thread3] INFO  server.RaftServer$Division (RaftServerImpl.java:checkInconsistentAppendEntries(1569)) - s1@group-29DD907A7165: inconsistency entries. Reply:s4<-s1#191:FAIL-t2,INCONSISTENCY,nextIndex=1,followerCommit=0,matchIndex=-1
2022-11-01 02:15:22,099 [grpc-default-executor-20] INFO  leader.FollowerInfo (FollowerInfoImpl.java:lambda$new$0(48)) - s4@group-29DD907A7165->s1: nextIndex: updateUnconditionally 1 -> 1
2022-11-01 02:15:22,176 [s1-server-thread3] INFO  server.RaftServer$Division (RaftServerImpl.java:checkInconsistentAppendEntries(1599)) - s1@group-29DD907A7165: Failed appendEntries as previous log entry ((t:2, i:0)) is not found
2022-11-01 02:15:22,176 [s1-server-thread3] INFO  server.RaftServer$Division (RaftServerImpl.java:checkInconsistentAppendEntries(1569)) - s1@group-29DD907A7165: inconsistency entries. Reply:s4<-s1#192:FAIL-t2,INCONSISTENCY,nextIndex=0,followerCommit=0,matchIndex=-1
2022-11-01 02:15:22,176 [grpc-default-executor-20] INFO  leader.FollowerInfo (FollowerInfoImpl.java:lambda$new$0(48)) - s4@group-29DD907A7165->s1: nextIndex: updateUnconditionally 1 -> 0
2022-11-01 02:15:22,178 [s1-server-thread3] DEBUG server.RaftServer$Division (RaftServerImpl.java:logAppendEntries(1418)) - s1@group-29DD907A7165: receive appendEntries(s4, 2, null, 0, true, commits:[s4:c0, s3:c0, s0:c0, s1:c0, s2:c0], cId:193, entries: [(t:2, i:0), CONFIGURATIONENTRY(current:id: "s3"
address: "localhost:46863"
dataStreamAddress: "localhost:44363"
clientAddress: "localhost:41041"
adminAddress: "localhost:41281"
startupRole: FOLLOWER
,id: "s4"
address: "localhost:36775"
dataStreamAddress: "localhost:42557"
clientAddress: "localhost:46475"
adminAddress: "localhost:35477"
startupRole: FOLLOWER
,id: "s0"
address: "localhost:33119"
dataStreamAddress: "localhost:34507"
clientAddress: "localhost:45597"
adminAddress: "localhost:42011"
startupRole: FOLLOWER
,id: "s1"
address: "localhost:43051"
dataStreamAddress: "localhost:41779"
clientAddress: "localhost:45233"
adminAddress: "localhost:41551"
startupRole: FOLLOWER
,id: "s2"
address: "localhost:41201"
dataStreamAddress: "localhost:43565"
clientAddress: "localhost:41547"
adminAddress: "localhost:41487"
startupRole: FOLLOWER
, old:)]
2022-11-01 02:15:22,178 [s1-server-thread3] INFO  server.RaftServer$Division (RaftServerImpl.java:checkInconsistentAppendEntries(1589)) - s1@group-29DD907A7165: Failed appendEntries as the first entry (index 0) already exists (snapshotIndex: -1, commitIndex: 0)
2022-11-01 02:15:22,178 [s1-server-thread3] INFO  server.RaftServer$Division (RaftServerImpl.java:checkInconsistentAppendEntries(1569)) - s1@group-29DD907A7165: inconsistency entries. Reply:s4<-s1#193:FAIL-t2,INCONSISTENCY,nextIndex=1,followerCommit=0,matchIndex=-1
2022-11-01 02:15:22,178 [grpc-default-executor-20] INFO  leader.FollowerInfo (FollowerInfoImpl.java:lambda$new$0(48)) - s4@group-29DD907A7165->s1: nextIndex: updateUnconditionally 1 -> 1
2022-11-01 02:15:22,255 [s1-server-thread3] INFO  server.RaftServer$Division (RaftServerImpl.java:checkInconsistentAppendEntries(1599)) - s1@group-29DD907A7165: Failed appendEntries as previous log entry ((t:2, i:0)) is not found
2022-11-01 02:15:22,255 [s1-server-thread3] INFO  server.RaftServer$Division (RaftServerImpl.java:checkInconsistentAppendEntries(1569)) - s1@group-29DD907A7165: inconsistency entries. Reply:s4<-s1#194:FAIL-t2,INCONSISTENCY,nextIndex=0,followerCommit=0,matchIndex=-1
2022-11-01 02:15:22,256 [grpc-default-executor-20] INFO  leader.FollowerInfo (FollowerInfoImpl.java:lambda$new$0(48)) - s4@group-29DD907A7165->s1: nextIndex: updateUnconditionally 1 -> 0
2022-11-01 02:15:22,257 [s1-server-thread3] DEBUG server.RaftServer$Division (RaftServerImpl.java:logAppendEntries(1418)) - s1@group-29DD907A7165: receive appendEntries(s4, 2, null, 0, true, commits:[s4:c0, s3:c0, s0:c0, s1:c0, s2:c0], cId:195, entries: [(t:2, i:0), CONFIGURATIONENTRY(current:id: "s3"
address: "localhost:46863"
dataStreamAddress: "localhost:44363"
clientAddress: "localhost:41041"
adminAddress: "localhost:41281"
startupRole: FOLLOWER
,id: "s4"
address: "localhost:36775"
dataStreamAddress: "localhost:42557"
clientAddress: "localhost:46475"
adminAddress: "localhost:35477"
startupRole: FOLLOWER
,id: "s0"
address: "localhost:33119"
dataStreamAddress: "localhost:34507"
clientAddress: "localhost:45597"
adminAddress: "localhost:42011"
startupRole: FOLLOWER
,id: "s1"
address: "localhost:43051"
dataStreamAddress: "localhost:41779"
clientAddress: "localhost:45233"
adminAddress: "localhost:41551"
startupRole: FOLLOWER
,id: "s2"
address: "localhost:41201"
dataStreamAddress: "localhost:43565"
clientAddress: "localhost:41547"
adminAddress: "localhost:41487"
startupRole: FOLLOWER
, old:)]
2022-11-01 02:15:22,257 [s1-server-thread3] INFO  server.RaftServer$Division (RaftServerImpl.java:checkInconsistentAppendEntries(1589)) - s1@group-29DD907A7165: Failed appendEntries as the first entry (index 0) already exists (snapshotIndex: -1, commitIndex: 0)
2022-11-01 02:15:22,257 [s1-server-thread3] INFO  server.RaftServer$Division (RaftServerImpl.java:checkInconsistentAppendEntries(1569)) - s1@group-29DD907A7165: inconsistency entries. Reply:s4<-s1#195:FAIL-t2,INCONSISTENCY,nextIndex=1,followerCommit=0,matchIndex=-1
2022-11-01 02:15:22,258 [grpc-default-executor-20] INFO  leader.FollowerInfo (FollowerInfoImpl.java:lambda$new$0(48)) - s4@group-29DD907A7165->s1: nextIndex: updateUnconditionally 1 -> 1
2022-11-01 02:15:22,335 [s1-server-thread3] INFO  server.RaftServer$Division (RaftServerImpl.java:checkInconsistentAppendEntries(1599)) - s1@group-29DD907A7165: Failed appendEntries as previous log entry ((t:2, i:0)) is not found
2022-11-01 02:15:22,335 [s1-server-thread3] INFO  server.RaftServer$Division (RaftServerImpl.java:checkInconsistentAppendEntries(1569)) - s1@group-29DD907A7165: inconsistency entries. Reply:s4<-s1#196:FAIL-t2,INCONSISTENCY,nextIndex=0,followerCommit=0,matchIndex=-1
2022-11-01 02:15:22,337 [grpc-default-executor-20] INFO  leader.FollowerInfo (FollowerInfoImpl.java:lambda$new$0(48)) - s4@group-29DD907A7165->s1: nextIndex: updateUnconditionally 1 -> 0
2022-11-01 02:15:22,338 [s1-server-thread3] DEBUG server.RaftServer$Division (RaftServerImpl.java:logAppendEntries(1418)) - s1@group-29DD907A7165: receive appendEntries(s4, 2, null, 0, true, commits:[s4:c0, s3:c0, s0:c0, s1:c0, s2:c0], cId:197, entries: [(t:2, i:0), CONFIGURATIONENTRY(current:id: "s3"
address: "localhost:46863"
dataStreamAddress: "localhost:44363"
clientAddress: "localhost:41041"
adminAddress: "localhost:41281"
startupRole: FOLLOWER
,id: "s4"
address: "localhost:36775"
dataStreamAddress: "localhost:42557"
clientAddress: "localhost:46475"
adminAddress: "localhost:35477"
startupRole: FOLLOWER
,id: "s0"
address: "localhost:33119"
dataStreamAddress: "localhost:34507"
clientAddress: "localhost:45597"
adminAddress: "localhost:42011"
startupRole: FOLLOWER
,id: "s1"
address: "localhost:43051"
dataStreamAddress: "localhost:41779"
clientAddress: "localhost:45233"
adminAddress: "localhost:41551"
startupRole: FOLLOWER
,id: "s2"
address: "localhost:41201"
dataStreamAddress: "localhost:43565"
clientAddress: "localhost:41547"
adminAddress: "localhost:41487"
startupRole: FOLLOWER
, old:)]
2022-11-01 02:15:22,338 [s1-server-thread3] INFO  server.RaftServer$Division (RaftServerImpl.java:checkInconsistentAppendEntries(1589)) - s1@group-29DD907A7165: Failed appendEntries as the first entry (index 0) already exists (snapshotIndex: -1, commitIndex: 0)
2022-11-01 02:15:22,338 [s1-server-thread3] INFO  server.RaftServer$Division (RaftServerImpl.java:checkInconsistentAppendEntries(1569)) - s1@group-29DD907A7165: inconsistency entries. Reply:s4<-s1#197:FAIL-t2,INCONSISTENCY,nextIndex=1,followerCommit=0,matchIndex=-1
2022-11-01 02:15:22,339 [grpc-default-executor-24] INFO  leader.FollowerInfo (FollowerInfoImpl.java:lambda$new$0(48)) - s4@group-29DD907A7165->s1: nextIndex: updateUnconditionally 1 -> 1
2022-11-01 02:15:22,415 [s1-server-thread3] INFO  server.RaftServer$Division (RaftServerImpl.java:checkInconsistentAppendEntries(1599)) - s1@group-29DD907A7165: Failed appendEntries as previous log entry ((t:2, i:0)) is not found
2022-11-01 02:15:22,415 [s1-server-thread3] INFO  server.RaftServer$Division (RaftServerImpl.java:checkInconsistentAppendEntries(1569)) - s1@group-29DD907A7165: inconsistency entries. Reply:s4<-s1#198:FAIL-t2,INCONSISTENCY,nextIndex=0,followerCommit=0,matchIndex=-1
2022-11-01 02:15:22,416 [grpc-default-executor-24] INFO  leader.FollowerInfo (FollowerInfoImpl.java:lambda$new$0(48)) - s4@group-29DD907A7165->s1: nextIndex: updateUnconditionally 1 -> 0
2022-11-01 02:15:22,416 [s1-server-thread3] DEBUG server.RaftServer$Division (RaftServerImpl.java:logAppendEntries(1418)) - s1@group-29DD907A7165: receive appendEntries(s4, 2, null, 0, true, commits:[s4:c0, s3:c0, s0:c0, s1:c0, s2:c0], cId:199, entries: [(t:2, i:0), CONFIGURATIONENTRY(current:id: "s3"
address: "localhost:46863"
dataStreamAddress: "localhost:44363"
clientAddress: "localhost:41041"
adminAddress: "localhost:41281"
startupRole: FOLLOWER
,id: "s4"
address: "localhost:36775"
dataStreamAddress: "localhost:42557"
clientAddress: "localhost:46475"
adminAddress: "localhost:35477"
startupRole: FOLLOWER
,id: "s0"
address: "localhost:33119"
dataStreamAddress: "localhost:34507"
clientAddress: "localhost:45597"
adminAddress: "localhost:42011"
startupRole: FOLLOWER
,id: "s1"
address: "localhost:43051"
dataStreamAddress: "localhost:41779"
clientAddress: "localhost:45233"
adminAddress: "localhost:41551"
startupRole: FOLLOWER
,id: "s2"
address: "localhost:41201"
dataStreamAddress: "localhost:43565"
clientAddress: "localhost:41547"
adminAddress: "localhost:41487"
startupRole: FOLLOWER
, old:)]
2022-11-01 02:15:22,416 [s1-server-thread3] INFO  server.RaftServer$Division (RaftServerImpl.java:checkInconsistentAppendEntries(1589)) - s1@group-29DD907A7165: Failed appendEntries as the first entry (index 0) already exists (snapshotIndex: -1, commitIndex: 0)
2022-11-01 02:15:22,417 [s1-server-thread3] INFO  server.RaftServer$Division (RaftServerImpl.java:checkInconsistentAppendEntries(1569)) - s1@group-29DD907A7165: inconsistency entries. Reply:s4<-s1#199:FAIL-t2,INCONSISTENCY,nextIndex=1,followerCommit=0,matchIndex=-1
2022-11-01 02:15:22,417 [grpc-default-executor-5] INFO  leader.FollowerInfo (FollowerInfoImpl.java:lambda$new$0(48)) - s4@group-29DD907A7165->s1: nextIndex: updateUnconditionally 1 -> 1
2022-11-01 02:15:22,498 [s1-server-thread3] INFO  server.RaftServer$Division (RaftServerImpl.java:checkInconsistentAppendEntries(1599)) - s1@group-29DD907A7165: Failed appendEntries as previous log entry ((t:2, i:0)) is not found
2022-11-01 02:15:22,498 [s1-server-thread3] INFO  server.RaftServer$Division (RaftServerImpl.java:checkInconsistentAppendEntries(1569)) - s1@group-29DD907A7165: inconsistency entries. Reply:s4<-s1#200:FAIL-t2,INCONSISTENCY,nextIndex=0,followerCommit=0,matchIndex=-1
2022-11-01 02:15:22,498 [grpc-default-executor-5] INFO  leader.FollowerInfo (FollowerInfoImpl.java:lambda$new$0(48)) - s4@group-29DD907A7165->s1: nextIndex: updateUnconditionally 1 -> 0
2022-11-01 02:15:22,499 [s1-server-thread3] DEBUG server.RaftServer$Division (RaftServerImpl.java:logAppendEntries(1418)) - s1@group-29DD907A7165: receive appendEntries(s4, 2, null, 0, true, commits:[s4:c0, s3:c0, s0:c0, s1:c0, s2:c0], cId:201, entries: [(t:2, i:0), CONFIGURATIONENTRY(current:id: "s3"
address: "localhost:46863"
dataStreamAddress: "localhost:44363"
clientAddress: "localhost:41041"
adminAddress: "localhost:41281"
startupRole: FOLLOWER
,id: "s4"
address: "localhost:36775"
dataStreamAddress: "localhost:42557"
clientAddress: "localhost:46475"
adminAddress: "localhost:35477"
startupRole: FOLLOWER
,id: "s0"
address: "localhost:33119"
dataStreamAddress: "localhost:34507"
clientAddress: "localhost:45597"
adminAddress: "localhost:42011"
startupRole: FOLLOWER
,id: "s1"
address: "localhost:43051"
dataStreamAddress: "localhost:41779"
clientAddress: "localhost:45233"
adminAddress: "localhost:41551"
startupRole: FOLLOWER
,id: "s2"
address: "localhost:41201"
dataStreamAddress: "localhost:43565"
clientAddress: "localhost:41547"
adminAddress: "localhost:41487"
startupRole: FOLLOWER
, old:)]
2022-11-01 02:15:22,499 [s1-server-thread3] INFO  server.RaftServer$Division (RaftServerImpl.java:checkInconsistentAppendEntries(1589)) - s1@group-29DD907A7165: Failed appendEntries as the first entry (index 0) already exists (snapshotIndex: -1, commitIndex: 0)
2022-11-01 02:15:22,499 [s1-server-thread3] INFO  server.RaftServer$Division (RaftServerImpl.java:checkInconsistentAppendEntries(1569)) - s1@group-29DD907A7165: inconsistency entries. Reply:s4<-s1#201:FAIL-t2,INCONSISTENCY,nextIndex=1,followerCommit=0,matchIndex=-1
2022-11-01 02:15:22,500 [grpc-default-executor-5] INFO  leader.FollowerInfo (FollowerInfoImpl.java:lambda$new$0(48)) - s4@group-29DD907A7165->s1: nextIndex: updateUnconditionally 1 -> 1
2022-11-01 02:15:22,575 [s1-server-thread3] INFO  server.RaftServer$Division (RaftServerImpl.java:checkInconsistentAppendEntries(1599)) - s1@group-29DD907A7165: Failed appendEntries as previous log entry ((t:2, i:0)) is not found
2022-11-01 02:15:22,576 [s1-server-thread3] INFO  server.RaftServer$Division (RaftServerImpl.java:checkInconsistentAppendEntries(1569)) - s1@group-29DD907A7165: inconsistency entries. Reply:s4<-s1#202:FAIL-t2,INCONSISTENCY,nextIndex=0,followerCommit=0,matchIndex=-1
2022-11-01 02:15:22,576 [grpc-default-executor-5] INFO  leader.FollowerInfo (FollowerInfoImpl.java:lambda$new$0(48)) - s4@group-29DD907A7165->s1: nextIndex: updateUnconditionally 1 -> 0
2022-11-01 02:15:22,577 [s1-server-thread3] DEBUG server.RaftServer$Division (RaftServerImpl.java:logAppendEntries(1418)) - s1@group-29DD907A7165: receive appendEntries(s4, 2, null, 0, true, commits:[s4:c0, s3:c0, s0:c0, s1:c0, s2:c0], cId:203, entries: [(t:2, i:0), CONFIGURATIONENTRY(current:id: "s3"
address: "localhost:46863"
dataStreamAddress: "localhost:44363"
clientAddress: "localhost:41041"
adminAddress: "localhost:41281"
startupRole: FOLLOWER
,id: "s4"
address: "localhost:36775"
dataStreamAddress: "localhost:42557"
clientAddress: "localhost:46475"
adminAddress: "localhost:35477"
startupRole: FOLLOWER
,id: "s0"
address: "localhost:33119"
dataStreamAddress: "localhost:34507"
clientAddress: "localhost:45597"
adminAddress: "localhost:42011"
startupRole: FOLLOWER
,id: "s1"
address: "localhost:43051"
dataStreamAddress: "localhost:41779"
clientAddress: "localhost:45233"
adminAddress: "localhost:41551"
startupRole: FOLLOWER
,id: "s2"
address: "localhost:41201"
dataStreamAddress: "localhost:43565"
clientAddress: "localhost:41547"
adminAddress: "localhost:41487"
startupRole: FOLLOWER
, old:)]
2022-11-01 02:15:22,577 [s1-server-thread3] INFO  server.RaftServer$Division (RaftServerImpl.java:checkInconsistentAppendEntries(1589)) - s1@group-29DD907A7165: Failed appendEntries as the first entry (index 0) already exists (snapshotIndex: -1, commitIndex: 0)
2022-11-01 02:15:22,577 [s1-server-thread3] INFO  server.RaftServer$Division (RaftServerImpl.java:checkInconsistentAppendEntries(1569)) - s1@group-29DD907A7165: inconsistency entries. Reply:s4<-s1#203:FAIL-t2,INCONSISTENCY,nextIndex=1,followerCommit=0,matchIndex=-1
2022-11-01 02:15:22,578 [grpc-default-executor-5] INFO  leader.FollowerInfo (FollowerInfoImpl.java:lambda$new$0(48)) - s4@group-29DD907A7165->s1: nextIndex: updateUnconditionally 1 -> 1
2022-11-01 02:15:22,621 [Time-limited test] INFO  grpc.TestLeaderElectionWithGrpc (LeaderElectionTests.java:enforceLeader(292)) - try enforcing leader to s1 but new leader is s4
2022-11-01 02:15:22,622 [Time-limited test] INFO  server.RaftServerConfigKeys (ConfUtils.java:logGet(46)) - raft.server.rpc.timeout.max = 300ms (default)
2022-11-01 02:15:22,651 [s4@group-29DD907A7165->s2-GrpcLogAppender-LogAppenderDaemon] INFO  util.CodeInjectionForTesting (DelayLocalExecutionInjection.java:execute(65)) - s4 delay 150 ms, args=[serverRequest {
  requestorId: "s4"
  replyId: "s2"
  raftGroupId {
    id: "\306I{yg\341A\222\264\356)\335\220zqe"
  }
  callId: 99
  slidingWindowEntry {
  }
}
leaderTerm: 2
previousLog {
  term: 2
}
initializing: true
commitInfos {
  server {
    id: "s4"
    address: "localhost:36775"
    dataStreamAddress: "localhost:42557"
    clientAddress: "localhost:46475"
    adminAddress: "localhost:35477"
    startupRole: FOLLOWER
  }
}
commitInfos {
  server {
    id: "s3"
    address: "localhost:46863"
    dataStreamAddress: "localhost:44363"
    clientAddress: "localhost:41041"
    adminAddress: "localhost:41281"
    startupRole: FOLLOWER
  }
}
commitInfos {
  server {
    id: "s0"
    address: "localhost:33119"
    dataStreamAddress: "localhost:34507"
    clientAddress: "localhost:45597"
    adminAddress: "localhost:42011"
    startupRole: FOLLOWER
  }
}
commitInfos {
  server {
    id: "s1"
    address: "localhost:43051"
    dataStreamAddress: "localhost:41779"
    clientAddress: "localhost:45233"
    adminAddress: "localhost:41551"
    startupRole: FOLLOWER
  }
}
commitInfos {
  server {
    id: "s2"
    address: "localhost:41201"
    dataStreamAddress: "localhost:43565"
    clientAddress: "localhost:41547"
    adminAddress: "localhost:41487"
    startupRole: FOLLOWER
  }
}
]
2022-11-01 02:15:22,651 [s4@group-29DD907A7165->s3-GrpcLogAppender-LogAppenderDaemon] INFO  util.CodeInjectionForTesting (DelayLocalExecutionInjection.java:execute(65)) - s4 delay 150 ms, args=[serverRequest {
  requestorId: "s4"
  replyId: "s3"
  raftGroupId {
    id: "\306I{yg\341A\222\264\356)\335\220zqe"
  }
  callId: 103
  slidingWindowEntry {
  }
}
leaderTerm: 2
previousLog {
  term: 2
}
initializing: true
commitInfos {
  server {
    id: "s4"
    address: "localhost:36775"
    dataStreamAddress: "localhost:42557"
    clientAddress: "localhost:46475"
    adminAddress: "localhost:35477"
    startupRole: FOLLOWER
  }
}
commitInfos {
  server {
    id: "s3"
    address: "localhost:46863"
    dataStreamAddress: "localhost:44363"
    clientAddress: "localhost:41041"
    adminAddress: "localhost:41281"
    startupRole: FOLLOWER
  }
}
commitInfos {
  server {
    id: "s0"
    address: "localhost:33119"
    dataStreamAddress: "localhost:34507"
    clientAddress: "localhost:45597"
    adminAddress: "localhost:42011"
    startupRole: FOLLOWER
  }
}
commitInfos {
  server {
    id: "s1"
    address: "localhost:43051"
    dataStreamAddress: "localhost:41779"
    clientAddress: "localhost:45233"
    adminAddress: "localhost:41551"
    startupRole: FOLLOWER
  }
}
commitInfos {
  server {
    id: "s2"
    address: "localhost:41201"
    dataStreamAddress: "localhost:43565"
    clientAddress: "localhost:41547"
    adminAddress: "localhost:41487"
    startupRole: FOLLOWER
  }
}
]
2022-11-01 02:15:22,654 [s4@group-29DD907A7165->s1-GrpcLogAppender-LogAppenderDaemon] INFO  util.CodeInjectionForTesting (DelayLocalExecutionInjection.java:execute(65)) - s4 delay 150 ms, args=[serverRequest {
  requestorId: "s4"
  replyId: "s1"
  raftGroupId {
    id: "\306I{yg\341A\222\264\356)\335\220zqe"
  }
  callId: 204
  slidingWindowEntry {
  }
}
leaderTerm: 2
previousLog {
  term: 2
}
initializing: true
commitInfos {
  server {
    id: "s4"
    address: "localhost:36775"
    dataStreamAddress: "localhost:42557"
    clientAddress: "localhost:46475"
    adminAddress: "localhost:35477"
    startupRole: FOLLOWER
  }
}
commitInfos {
  server {
    id: "s3"
    address: "localhost:46863"
    dataStreamAddress: "localhost:44363"
    clientAddress: "localhost:41041"
    adminAddress: "localhost:41281"
    startupRole: FOLLOWER
  }
}
commitInfos {
  server {
    id: "s0"
    address: "localhost:33119"
    dataStreamAddress: "localhost:34507"
    clientAddress: "localhost:45597"
    adminAddress: "localhost:42011"
    startupRole: FOLLOWER
  }
}
commitInfos {
  server {
    id: "s1"
    address: "localhost:43051"
    dataStreamAddress: "localhost:41779"
    clientAddress: "localhost:45233"
    adminAddress: "localhost:41551"
    startupRole: FOLLOWER
  }
}
commitInfos {
  server {
    id: "s2"
    address: "localhost:41201"
    dataStreamAddress: "localhost:43565"
    clientAddress: "localhost:41547"
    adminAddress: "localhost:41487"
    startupRole: FOLLOWER
  }
}
]
2022-11-01 02:15:22,678 [s4@group-29DD907A7165->s0-GrpcLogAppender-LogAppenderDaemon] INFO  util.CodeInjectionForTesting (DelayLocalExecutionInjection.java:execute(65)) - s4 delay 150 ms, args=[serverRequest {
  requestorId: "s4"
  replyId: "s0"
  raftGroupId {
    id: "\306I{yg\341A\222\264\356)\335\220zqe"
  }
  callId: 113
  slidingWindowEntry {
  }
}
leaderTerm: 2
previousLog {
  term: 2
}
initializing: true
commitInfos {
  server {
    id: "s4"
    address: "localhost:36775"
    dataStreamAddress: "localhost:42557"
    clientAddress: "localhost:46475"
    adminAddress: "localhost:35477"
    startupRole: FOLLOWER
  }
}
commitInfos {
  server {
    id: "s3"
    address: "localhost:46863"
    dataStreamAddress: "localhost:44363"
    clientAddress: "localhost:41041"
    adminAddress: "localhost:41281"
    startupRole: FOLLOWER
  }
}
commitInfos {
  server {
    id: "s0"
    address: "localhost:33119"
    dataStreamAddress: "localhost:34507"
    clientAddress: "localhost:45597"
    adminAddress: "localhost:42011"
    startupRole: FOLLOWER
  }
}
commitInfos {
  server {
    id: "s1"
    address: "localhost:43051"
    dataStreamAddress: "localhost:41779"
    clientAddress: "localhost:45233"
    adminAddress: "localhost:41551"
    startupRole: FOLLOWER
  }
}
commitInfos {
  server {
    id: "s2"
    address: "localhost:41201"
    dataStreamAddress: "localhost:43565"
    clientAddress: "localhost:41547"
    adminAddress: "localhost:41487"
    startupRole: FOLLOWER
  }
}
]
2022-11-01 02:15:22,804 [s1-server-thread3] INFO  util.CodeInjectionForTesting (BlockRequestHandlingInjection.java:execute(77)) - s1: Block request from s4
2022-11-01 02:15:22,842 [s4@group-29DD907A7165->s1-GrpcLogAppender-LogAppenderDaemon] INFO  util.CodeInjectionForTesting (DelayLocalExecutionInjection.java:execute(65)) - s4 delay 150 ms, args=[serverRequest {
  requestorId: "s4"
  replyId: "s1"
  raftGroupId {
    id: "\306I{yg\341A\222\264\356)\335\220zqe"
  }
  callId: 205
  slidingWindowEntry {
  }
}
leaderTerm: 2
previousLog {
  term: 2
}
initializing: true
commitInfos {
  server {
    id: "s4"
    address: "localhost:36775"
    dataStreamAddress: "localhost:42557"
    clientAddress: "localhost:46475"
    adminAddress: "localhost:35477"
    startupRole: FOLLOWER
  }
}
commitInfos {
  server {
    id: "s3"
    address: "localhost:46863"
    dataStreamAddress: "localhost:44363"
    clientAddress: "localhost:41041"
    adminAddress: "localhost:41281"
    startupRole: FOLLOWER
  }
}
commitInfos {
  server {
    id: "s0"
    address: "localhost:33119"
    dataStreamAddress: "localhost:34507"
    clientAddress: "localhost:45597"
    adminAddress: "localhost:42011"
    startupRole: FOLLOWER
  }
}
commitInfos {
  server {
    id: "s1"
    address: "localhost:43051"
    dataStreamAddress: "localhost:41779"
    clientAddress: "localhost:45233"
    adminAddress: "localhost:41551"
    startupRole: FOLLOWER
  }
}
commitInfos {
  server {
    id: "s2"
    address: "localhost:41201"
    dataStreamAddress: "localhost:43565"
    clientAddress: "localhost:41547"
    adminAddress: "localhost:41487"
    startupRole: FOLLOWER
  }
}
]
2022-11-01 02:15:22,879 [s4@group-29DD907A7165->s2-GrpcLogAppender-LogAppenderDaemon] INFO  util.CodeInjectionForTesting (DelayLocalExecutionInjection.java:execute(65)) - s4 delay 150 ms, args=[serverRequest {
  requestorId: "s4"
  replyId: "s2"
  raftGroupId {
    id: "\306I{yg\341A\222\264\356)\335\220zqe"
  }
  callId: 100
  slidingWindowEntry {
  }
}
leaderTerm: 2
previousLog {
  term: 2
}
initializing: true
commitInfos {
  server {
    id: "s4"
    address: "localhost:36775"
    dataStreamAddress: "localhost:42557"
    clientAddress: "localhost:46475"
    adminAddress: "localhost:35477"
    startupRole: FOLLOWER
  }
}
commitInfos {
  server {
    id: "s3"
    address: "localhost:46863"
    dataStreamAddress: "localhost:44363"
    clientAddress: "localhost:41041"
    adminAddress: "localhost:41281"
    startupRole: FOLLOWER
  }
}
commitInfos {
  server {
    id: "s0"
    address: "localhost:33119"
    dataStreamAddress: "localhost:34507"
    clientAddress: "localhost:45597"
    adminAddress: "localhost:42011"
    startupRole: FOLLOWER
  }
}
commitInfos {
  server {
    id: "s1"
    address: "localhost:43051"
    dataStreamAddress: "localhost:41779"
    clientAddress: "localhost:45233"
    adminAddress: "localhost:41551"
    startupRole: FOLLOWER
  }
}
commitInfos {
  server {
    id: "s2"
    address: "localhost:41201"
    dataStreamAddress: "localhost:43565"
    clientAddress: "localhost:41547"
    adminAddress: "localhost:41487"
    startupRole: FOLLOWER
  }
}
]
2022-11-01 02:15:22,879 [s4@group-29DD907A7165->s3-GrpcLogAppender-LogAppenderDaemon] INFO  util.CodeInjectionForTesting (DelayLocalExecutionInjection.java:execute(65)) - s4 delay 150 ms, args=[serverRequest {
  requestorId: "s4"
  replyId: "s3"
  raftGroupId {
    id: "\306I{yg\341A\222\264\356)\335\220zqe"
  }
  callId: 104
  slidingWindowEntry {
  }
}
leaderTerm: 2
previousLog {
  term: 2
}
initializing: true
commitInfos {
  server {
    id: "s4"
    address: "localhost:36775"
    dataStreamAddress: "localhost:42557"
    clientAddress: "localhost:46475"
    adminAddress: "localhost:35477"
    startupRole: FOLLOWER
  }
}
commitInfos {
  server {
    id: "s3"
    address: "localhost:46863"
    dataStreamAddress: "localhost:44363"
    clientAddress: "localhost:41041"
    adminAddress: "localhost:41281"
    startupRole: FOLLOWER
  }
}
commitInfos {
  server {
    id: "s0"
    address: "localhost:33119"
    dataStreamAddress: "localhost:34507"
    clientAddress: "localhost:45597"
    adminAddress: "localhost:42011"
    startupRole: FOLLOWER
  }
}
commitInfos {
  server {
    id: "s1"
    address: "localhost:43051"
    dataStreamAddress: "localhost:41779"
    clientAddress: "localhost:45233"
    adminAddress: "localhost:41551"
    startupRole: FOLLOWER
  }
}
commitInfos {
  server {
    id: "s2"
    address: "localhost:41201"
    dataStreamAddress: "localhost:43565"
    clientAddress: "localhost:41547"
    adminAddress: "localhost:41487"
    startupRole: FOLLOWER
  }
}
]
2022-11-01 02:15:22,905 [s4@group-29DD907A7165->s0-GrpcLogAppender-LogAppenderDaemon] INFO  util.CodeInjectionForTesting (DelayLocalExecutionInjection.java:execute(65)) - s4 delay 150 ms, args=[serverRequest {
  requestorId: "s4"
  replyId: "s0"
  raftGroupId {
    id: "\306I{yg\341A\222\264\356)\335\220zqe"
  }
  callId: 114
  slidingWindowEntry {
  }
}
leaderTerm: 2
previousLog {
  term: 2
}
initializing: true
commitInfos {
  server {
    id: "s4"
    address: "localhost:36775"
    dataStreamAddress: "localhost:42557"
    clientAddress: "localhost:46475"
    adminAddress: "localhost:35477"
    startupRole: FOLLOWER
  }
}
commitInfos {
  server {
    id: "s3"
    address: "localhost:46863"
    dataStreamAddress: "localhost:44363"
    clientAddress: "localhost:41041"
    adminAddress: "localhost:41281"
    startupRole: FOLLOWER
  }
}
commitInfos {
  server {
    id: "s0"
    address: "localhost:33119"
    dataStreamAddress: "localhost:34507"
    clientAddress: "localhost:45597"
    adminAddress: "localhost:42011"
    startupRole: FOLLOWER
  }
}
commitInfos {
  server {
    id: "s1"
    address: "localhost:43051"
    dataStreamAddress: "localhost:41779"
    clientAddress: "localhost:45233"
    adminAddress: "localhost:41551"
    startupRole: FOLLOWER
  }
}
commitInfos {
  server {
    id: "s2"
    address: "localhost:41201"
    dataStreamAddress: "localhost:43565"
    clientAddress: "localhost:41547"
    adminAddress: "localhost:41487"
    startupRole: FOLLOWER
  }
}
]
2022-11-01 02:15:23,024 [s1@group-29DD907A7165-FollowerState] INFO  impl.FollowerState (FollowerState.java:run(143)) - s1@group-29DD907A7165-FollowerState: change to CANDIDATE, lastRpcElapsedTime:446627664ns, electionTimeout:295ms
2022-11-01 02:15:23,024 [s1@group-29DD907A7165-FollowerState] INFO  impl.RoleInfo (RoleInfo.java:shutdownFollowerState(110)) - s1: shutdown s1@group-29DD907A7165-FollowerState
2022-11-01 02:15:23,024 [s1@group-29DD907A7165-FollowerState] INFO  server.RaftServer$Division (RaftServerImpl.java:setRole(325)) - s1@group-29DD907A7165: changes role from  FOLLOWER to CANDIDATE at term 2 for changeToCandidate
2022-11-01 02:15:23,024 [s1@group-29DD907A7165-FollowerState] INFO  server.RaftServerConfigKeys (ConfUtils.java:logGet(46)) - raft.server.leaderelection.pre-vote = true (default)
2022-11-01 02:15:23,024 [s1@group-29DD907A7165-FollowerState] INFO  impl.RoleInfo (RoleInfo.java:updateAndGet(139)) - s1: start s1@group-29DD907A7165-LeaderElection44
2022-11-01 02:15:23,025 [s1@group-29DD907A7165-LeaderElection44] INFO  server.RaftServer$Division (ServerState.java:setLeader(259)) - s1@group-29DD907A7165: change Leader from s4 to null at term 2 for PRE_VOTE
2022-11-01 02:15:23,025 [s1@group-29DD907A7165-LeaderElection44] INFO  impl.LeaderElection (LeaderElection.java:askForVotes(309)) - s1@group-29DD907A7165-LeaderElection44 PRE_VOTE round 0: submit vote requests at term 2 for 0: peers:[s3|rpc:localhost:46863|admin:localhost:41281|client:localhost:41041|dataStream:localhost:44363|priority:0|startupRole:FOLLOWER, s4|rpc:localhost:36775|admin:localhost:35477|client:localhost:46475|dataStream:localhost:42557|priority:0|startupRole:FOLLOWER, s0|rpc:localhost:33119|admin:localhost:42011|client:localhost:45597|dataStream:localhost:34507|priority:0|startupRole:FOLLOWER, s1|rpc:localhost:43051|admin:localhost:41551|client:localhost:45233|dataStream:localhost:41779|priority:0|startupRole:FOLLOWER, s2|rpc:localhost:41201|admin:localhost:41487|client:localhost:41547|dataStream:localhost:43565|priority:0|startupRole:FOLLOWER]|listeners:[], old=null
2022-11-01 02:15:23,028 [grpc-default-executor-5] INFO  server.RaftServer$Division (RaftServerImpl.java:requestVote(1291)) - s0@group-29DD907A7165: receive requestVote(PRE_VOTE, s1, group-29DD907A7165, 2, (t:1, i:0))
2022-11-01 02:15:23,028 [grpc-default-executor-5] INFO  impl.VoteContext (VoteContext.java:log(49)) - s0@group-29DD907A7165-FOLLOWER: reject PRE_VOTE from s1: our last entry (t:2, i:0) > candidate's last entry (t:1, i:0)
2022-11-01 02:15:23,028 [grpc-default-executor-5] INFO  server.RaftServer$Division (RaftServerImpl.java:requestVote(1324)) - s0@group-29DD907A7165 replies to PRE_VOTE vote request: s1<-s0#0:FAIL-t2. Peer's state: s0@group-29DD907A7165:t2, leader=s4, voted=s4, raftlog=Memoized:s0@group-29DD907A7165-SegmentedRaftLog:OPENED:c0, conf=0: peers:[s3|rpc:localhost:46863|admin:localhost:41281|client:localhost:41041|dataStream:localhost:44363|priority:0|startupRole:FOLLOWER, s4|rpc:localhost:36775|admin:localhost:35477|client:localhost:46475|dataStream:localhost:42557|priority:0|startupRole:FOLLOWER, s0|rpc:localhost:33119|admin:localhost:42011|client:localhost:45597|dataStream:localhost:34507|priority:0|startupRole:FOLLOWER, s1|rpc:localhost:43051|admin:localhost:41551|client:localhost:45233|dataStream:localhost:41779|priority:0|startupRole:FOLLOWER, s2|rpc:localhost:41201|admin:localhost:41487|client:localhost:41547|dataStream:localhost:43565|priority:0|startupRole:FOLLOWER]|listeners:[], old=null
2022-11-01 02:15:23,030 [s4@group-29DD907A7165->s1-GrpcLogAppender-LogAppenderDaemon] INFO  util.CodeInjectionForTesting (DelayLocalExecutionInjection.java:execute(65)) - s4 delay 150 ms, args=[serverRequest {
  requestorId: "s4"
  replyId: "s1"
  raftGroupId {
    id: "\306I{yg\341A\222\264\356)\335\220zqe"
  }
  callId: 206
  slidingWindowEntry {
  }
}
leaderTerm: 2
previousLog {
  term: 2
}
initializing: true
commitInfos {
  server {
    id: "s4"
    address: "localhost:36775"
    dataStreamAddress: "localhost:42557"
    clientAddress: "localhost:46475"
    adminAddress: "localhost:35477"
    startupRole: FOLLOWER
  }
}
commitInfos {
  server {
    id: "s3"
    address: "localhost:46863"
    dataStreamAddress: "localhost:44363"
    clientAddress: "localhost:41041"
    adminAddress: "localhost:41281"
    startupRole: FOLLOWER
  }
}
commitInfos {
  server {
    id: "s0"
    address: "localhost:33119"
    dataStreamAddress: "localhost:34507"
    clientAddress: "localhost:45597"
    adminAddress: "localhost:42011"
    startupRole: FOLLOWER
  }
}
commitInfos {
  server {
    id: "s1"
    address: "localhost:43051"
    dataStreamAddress: "localhost:41779"
    clientAddress: "localhost:45233"
    adminAddress: "localhost:41551"
    startupRole: FOLLOWER
  }
}
commitInfos {
  server {
    id: "s2"
    address: "localhost:41201"
    dataStreamAddress: "localhost:43565"
    clientAddress: "localhost:41547"
    adminAddress: "localhost:41487"
    startupRole: FOLLOWER
  }
}
]
2022-11-01 02:15:23,031 [grpc-default-executor-5] INFO  server.RaftServer$Division (RaftServerImpl.java:requestVote(1291)) - s4@group-29DD907A7165: receive requestVote(PRE_VOTE, s1, group-29DD907A7165, 2, (t:1, i:0))
2022-11-01 02:15:23,031 [grpc-default-executor-5] INFO  impl.VoteContext (VoteContext.java:log(49)) - s4@group-29DD907A7165-LEADER: reject PRE_VOTE from s1: this server is the leader and still has leadership
2022-11-01 02:15:23,031 [grpc-default-executor-5] INFO  server.RaftServer$Division (RaftServerImpl.java:requestVote(1324)) - s4@group-29DD907A7165 replies to PRE_VOTE vote request: s1<-s4#0:FAIL-t2. Peer's state: s4@group-29DD907A7165:t2, leader=s4, voted=s4, raftlog=Memoized:s4@group-29DD907A7165-SegmentedRaftLog:OPENED:c0, conf=0: peers:[s3|rpc:localhost:46863|admin:localhost:41281|client:localhost:41041|dataStream:localhost:44363|priority:0|startupRole:FOLLOWER, s4|rpc:localhost:36775|admin:localhost:35477|client:localhost:46475|dataStream:localhost:42557|priority:0|startupRole:FOLLOWER, s0|rpc:localhost:33119|admin:localhost:42011|client:localhost:45597|dataStream:localhost:34507|priority:0|startupRole:FOLLOWER, s1|rpc:localhost:43051|admin:localhost:41551|client:localhost:45233|dataStream:localhost:41779|priority:0|startupRole:FOLLOWER, s2|rpc:localhost:41201|admin:localhost:41487|client:localhost:41547|dataStream:localhost:43565|priority:0|startupRole:FOLLOWER]|listeners:[], old=null
2022-11-01 02:15:23,032 [s3@group-29DD907A7165-FollowerState] INFO  impl.FollowerState (FollowerState.java:run(143)) - s3@group-29DD907A7165-FollowerState: change to CANDIDATE, lastRpcElapsedTime:229672230ns, electionTimeout:177ms
2022-11-01 02:15:23,032 [s3@group-29DD907A7165-FollowerState] INFO  impl.RoleInfo (RoleInfo.java:shutdownFollowerState(110)) - s3: shutdown s3@group-29DD907A7165-FollowerState
2022-11-01 02:15:23,032 [s3@group-29DD907A7165-FollowerState] INFO  server.RaftServer$Division (RaftServerImpl.java:setRole(325)) - s3@group-29DD907A7165: changes role from  FOLLOWER to CANDIDATE at term 2 for changeToCandidate
2022-11-01 02:15:23,032 [s3@group-29DD907A7165-FollowerState] INFO  server.RaftServerConfigKeys (ConfUtils.java:logGet(46)) - raft.server.leaderelection.pre-vote = true (default)
2022-11-01 02:15:23,032 [s3@group-29DD907A7165-FollowerState] INFO  impl.RoleInfo (RoleInfo.java:updateAndGet(139)) - s3: start s3@group-29DD907A7165-LeaderElection45
2022-11-01 02:15:23,036 [grpc-default-executor-5] INFO  server.RaftServer$Division (RaftServerImpl.java:requestVote(1291)) - s3@group-29DD907A7165: receive requestVote(PRE_VOTE, s1, group-29DD907A7165, 2, (t:1, i:0))
2022-11-01 02:15:23,042 [grpc-default-executor-2] INFO  server.RaftServer$Division (RaftServerImpl.java:requestVote(1291)) - s2@group-29DD907A7165: receive requestVote(PRE_VOTE, s1, group-29DD907A7165, 2, (t:1, i:0))
2022-11-01 02:15:23,042 [grpc-default-executor-2] INFO  impl.VoteContext (VoteContext.java:log(49)) - s2@group-29DD907A7165-FOLLOWER: reject PRE_VOTE from s1: this server is a follower and still has a valid leader s4
2022-11-01 02:15:23,042 [grpc-default-executor-2] INFO  server.RaftServer$Division (RaftServerImpl.java:requestVote(1324)) - s2@group-29DD907A7165 replies to PRE_VOTE vote request: s1<-s2#0:FAIL-t2. Peer's state: s2@group-29DD907A7165:t2, leader=s4, voted=s4, raftlog=Memoized:s2@group-29DD907A7165-SegmentedRaftLog:OPENED:c0, conf=0: peers:[s3|rpc:localhost:46863|admin:localhost:41281|client:localhost:41041|dataStream:localhost:44363|priority:0|startupRole:FOLLOWER, s4|rpc:localhost:36775|admin:localhost:35477|client:localhost:46475|dataStream:localhost:42557|priority:0|startupRole:FOLLOWER, s0|rpc:localhost:33119|admin:localhost:42011|client:localhost:45597|dataStream:localhost:34507|priority:0|startupRole:FOLLOWER, s1|rpc:localhost:43051|admin:localhost:41551|client:localhost:45233|dataStream:localhost:41779|priority:0|startupRole:FOLLOWER, s2|rpc:localhost:41201|admin:localhost:41487|client:localhost:41547|dataStream:localhost:43565|priority:0|startupRole:FOLLOWER]|listeners:[], old=null
2022-11-01 02:15:23,045 [grpc-default-executor-5] INFO  impl.VoteContext (VoteContext.java:log(49)) - s3@group-29DD907A7165-CANDIDATE: reject PRE_VOTE from s1: our last entry (t:2, i:0) > candidate's last entry (t:1, i:0)
2022-11-01 02:15:23,045 [grpc-default-executor-5] INFO  server.RaftServer$Division (RaftServerImpl.java:requestVote(1324)) - s3@group-29DD907A7165 replies to PRE_VOTE vote request: s1<-s3#0:FAIL-t2. Peer's state: s3@group-29DD907A7165:t2, leader=s4, voted=s4, raftlog=Memoized:s3@group-29DD907A7165-SegmentedRaftLog:OPENED:c0, conf=0: peers:[s3|rpc:localhost:46863|admin:localhost:41281|client:localhost:41041|dataStream:localhost:44363|priority:0|startupRole:FOLLOWER, s4|rpc:localhost:36775|admin:localhost:35477|client:localhost:46475|dataStream:localhost:42557|priority:0|startupRole:FOLLOWER, s0|rpc:localhost:33119|admin:localhost:42011|client:localhost:45597|dataStream:localhost:34507|priority:0|startupRole:FOLLOWER, s1|rpc:localhost:43051|admin:localhost:41551|client:localhost:45233|dataStream:localhost:41779|priority:0|startupRole:FOLLOWER, s2|rpc:localhost:41201|admin:localhost:41487|client:localhost:41547|dataStream:localhost:43565|priority:0|startupRole:FOLLOWER]|listeners:[], old=null
2022-11-01 02:15:23,045 [s3-server-thread5] INFO  server.RaftServer$Division (RaftServerImpl.java:setRole(325)) - s3@group-29DD907A7165: changes role from CANDIDATE to FOLLOWER at term 2 for appendEntries
2022-11-01 02:15:23,046 [s3-server-thread5] INFO  impl.RoleInfo (RoleInfo.java:shutdownLeaderElection(130)) - s3: shutdown s3@group-29DD907A7165-LeaderElection45
2022-11-01 02:15:23,046 [s3-server-thread5] INFO  impl.RoleInfo (RoleInfo.java:updateAndGet(139)) - s3: start s3@group-29DD907A7165-FollowerState
2022-11-01 02:15:23,046 [s1@group-29DD907A7165-LeaderElection44] INFO  impl.LeaderElection (LeaderElection.java:logAndReturn(89)) - s1@group-29DD907A7165-LeaderElection44: PRE_VOTE REJECTED received 3 response(s) and 0 exception(s):
2022-11-01 02:15:23,046 [s1@group-29DD907A7165-LeaderElection44] INFO  impl.LeaderElection (LeaderElection.java:logAndReturn(93)) -   Response 0: s1<-s3#0:FAIL-t2
2022-11-01 02:15:23,046 [s1@group-29DD907A7165-LeaderElection44] INFO  impl.LeaderElection (LeaderElection.java:logAndReturn(93)) -   Response 1: s1<-s4#0:FAIL-t2
2022-11-01 02:15:23,046 [s1@group-29DD907A7165-LeaderElection44] INFO  impl.LeaderElection (LeaderElection.java:logAndReturn(93)) -   Response 2: s1<-s0#0:FAIL-t2
2022-11-01 02:15:23,047 [s1@group-29DD907A7165-LeaderElection44] INFO  impl.LeaderElection (LeaderElection.java:askForVotes(311)) - s1@group-29DD907A7165-LeaderElection44 PRE_VOTE round 0: result REJECTED
2022-11-01 02:15:23,047 [s1@group-29DD907A7165-LeaderElection44] INFO  server.RaftServer$Division (RaftServerImpl.java:setRole(325)) - s1@group-29DD907A7165: changes role from CANDIDATE to FOLLOWER at term 2 for REJECTED
2022-11-01 02:15:23,047 [s1@group-29DD907A7165-LeaderElection44] INFO  impl.RoleInfo (RoleInfo.java:shutdownLeaderElection(130)) - s1: shutdown s1@group-29DD907A7165-LeaderElection44
2022-11-01 02:15:23,047 [s1@group-29DD907A7165-LeaderElection44] INFO  impl.RoleInfo (RoleInfo.java:updateAndGet(139)) - s1: start s1@group-29DD907A7165-FollowerState
2022-11-01 02:15:23,048 [s3@group-29DD907A7165-LeaderElection45] INFO  impl.LeaderElection (LeaderElection.java:run(232)) - s3@group-29DD907A7165-LeaderElection45: skip running since this is already CLOSING
2022-11-01 02:15:23,110 [s4@group-29DD907A7165->s2-GrpcLogAppender-LogAppenderDaemon] INFO  util.CodeInjectionForTesting (DelayLocalExecutionInjection.java:execute(65)) - s4 delay 150 ms, args=[serverRequest {
  requestorId: "s4"
  replyId: "s2"
  raftGroupId {
    id: "\306I{yg\341A\222\264\356)\335\220zqe"
  }
  callId: 101
  slidingWindowEntry {
  }
}
leaderTerm: 2
previousLog {
  term: 2
}
initializing: true
commitInfos {
  server {
    id: "s4"
    address: "localhost:36775"
    dataStreamAddress: "localhost:42557"
    clientAddress: "localhost:46475"
    adminAddress: "localhost:35477"
    startupRole: FOLLOWER
  }
}
commitInfos {
  server {
    id: "s3"
    address: "localhost:46863"
    dataStreamAddress: "localhost:44363"
    clientAddress: "localhost:41041"
    adminAddress: "localhost:41281"
    startupRole: FOLLOWER
  }
}
commitInfos {
  server {
    id: "s0"
    address: "localhost:33119"
    dataStreamAddress: "localhost:34507"
    clientAddress: "localhost:45597"
    adminAddress: "localhost:42011"
    startupRole: FOLLOWER
  }
}
commitInfos {
  server {
    id: "s1"
    address: "localhost:43051"
    dataStreamAddress: "localhost:41779"
    clientAddress: "localhost:45233"
    adminAddress: "localhost:41551"
    startupRole: FOLLOWER
  }
}
commitInfos {
  server {
    id: "s2"
    address: "localhost:41201"
    dataStreamAddress: "localhost:43565"
    clientAddress: "localhost:41547"
    adminAddress: "localhost:41487"
    startupRole: FOLLOWER
  }
}
]
2022-11-01 02:15:23,124 [s4@group-29DD907A7165->s3-GrpcLogAppender-LogAppenderDaemon] INFO  util.CodeInjectionForTesting (DelayLocalExecutionInjection.java:execute(65)) - s4 delay 150 ms, args=[serverRequest {
  requestorId: "s4"
  replyId: "s3"
  raftGroupId {
    id: "\306I{yg\341A\222\264\356)\335\220zqe"
  }
  callId: 105
  slidingWindowEntry {
  }
}
leaderTerm: 2
previousLog {
  term: 2
}
initializing: true
commitInfos {
  server {
    id: "s4"
    address: "localhost:36775"
    dataStreamAddress: "localhost:42557"
    clientAddress: "localhost:46475"
    adminAddress: "localhost:35477"
    startupRole: FOLLOWER
  }
}
commitInfos {
  server {
    id: "s3"
    address: "localhost:46863"
    dataStreamAddress: "localhost:44363"
    clientAddress: "localhost:41041"
    adminAddress: "localhost:41281"
    startupRole: FOLLOWER
  }
}
commitInfos {
  server {
    id: "s0"
    address: "localhost:33119"
    dataStreamAddress: "localhost:34507"
    clientAddress: "localhost:45597"
    adminAddress: "localhost:42011"
    startupRole: FOLLOWER
  }
}
commitInfos {
  server {
    id: "s1"
    address: "localhost:43051"
    dataStreamAddress: "localhost:41779"
    clientAddress: "localhost:45233"
    adminAddress: "localhost:41551"
    startupRole: FOLLOWER
  }
}
commitInfos {
  server {
    id: "s2"
    address: "localhost:41201"
    dataStreamAddress: "localhost:43565"
    clientAddress: "localhost:41547"
    adminAddress: "localhost:41487"
    startupRole: FOLLOWER
  }
}
]
2022-11-01 02:15:23,132 [s4@group-29DD907A7165->s0-GrpcLogAppender-LogAppenderDaemon] INFO  util.CodeInjectionForTesting (DelayLocalExecutionInjection.java:execute(65)) - s4 delay 150 ms, args=[serverRequest {
  requestorId: "s4"
  replyId: "s0"
  raftGroupId {
    id: "\306I{yg\341A\222\264\356)\335\220zqe"
  }
  callId: 115
  slidingWindowEntry {
  }
}
leaderTerm: 2
previousLog {
  term: 2
}
initializing: true
commitInfos {
  server {
    id: "s4"
    address: "localhost:36775"
    dataStreamAddress: "localhost:42557"
    clientAddress: "localhost:46475"
    adminAddress: "localhost:35477"
    startupRole: FOLLOWER
  }
}
commitInfos {
  server {
    id: "s3"
    address: "localhost:46863"
    dataStreamAddress: "localhost:44363"
    clientAddress: "localhost:41041"
    adminAddress: "localhost:41281"
    startupRole: FOLLOWER
  }
}
commitInfos {
  server {
    id: "s0"
    address: "localhost:33119"
    dataStreamAddress: "localhost:34507"
    clientAddress: "localhost:45597"
    adminAddress: "localhost:42011"
    startupRole: FOLLOWER
  }
}
commitInfos {
  server {
    id: "s1"
    address: "localhost:43051"
    dataStreamAddress: "localhost:41779"
    clientAddress: "localhost:45233"
    adminAddress: "localhost:41551"
    startupRole: FOLLOWER
  }
}
commitInfos {
  server {
    id: "s2"
    address: "localhost:41201"
    dataStreamAddress: "localhost:43565"
    clientAddress: "localhost:41547"
    adminAddress: "localhost:41487"
    startupRole: FOLLOWER
  }
}
]
2022-11-01 02:15:23,218 [s4@group-29DD907A7165->s1-GrpcLogAppender-LogAppenderDaemon] INFO  util.CodeInjectionForTesting (DelayLocalExecutionInjection.java:execute(65)) - s4 delay 150 ms, args=[serverRequest {
  requestorId: "s4"
  replyId: "s1"
  raftGroupId {
    id: "\306I{yg\341A\222\264\356)\335\220zqe"
  }
  callId: 207
  slidingWindowEntry {
  }
}
leaderTerm: 2
previousLog {
  term: 2
}
initializing: true
commitInfos {
  server {
    id: "s4"
    address: "localhost:36775"
    dataStreamAddress: "localhost:42557"
    clientAddress: "localhost:46475"
    adminAddress: "localhost:35477"
    startupRole: FOLLOWER
  }
}
commitInfos {
  server {
    id: "s3"
    address: "localhost:46863"
    dataStreamAddress: "localhost:44363"
    clientAddress: "localhost:41041"
    adminAddress: "localhost:41281"
    startupRole: FOLLOWER
  }
}
commitInfos {
  server {
    id: "s0"
    address: "localhost:33119"
    dataStreamAddress: "localhost:34507"
    clientAddress: "localhost:45597"
    adminAddress: "localhost:42011"
    startupRole: FOLLOWER
  }
}
commitInfos {
  server {
    id: "s1"
    address: "localhost:43051"
    dataStreamAddress: "localhost:41779"
    clientAddress: "localhost:45233"
    adminAddress: "localhost:41551"
    startupRole: FOLLOWER
  }
}
commitInfos {
  server {
    id: "s2"
    address: "localhost:41201"
    dataStreamAddress: "localhost:43565"
    clientAddress: "localhost:41547"
    adminAddress: "localhost:41487"
    startupRole: FOLLOWER
  }
}
]
2022-11-01 02:15:23,228 [s3@group-29DD907A7165-FollowerState] INFO  impl.FollowerState (FollowerState.java:run(143)) - s3@group-29DD907A7165-FollowerState: change to CANDIDATE, lastRpcElapsedTime:180743661ns, electionTimeout:180ms
2022-11-01 02:15:23,228 [s3@group-29DD907A7165-FollowerState] INFO  impl.RoleInfo (RoleInfo.java:shutdownFollowerState(110)) - s3: shutdown s3@group-29DD907A7165-FollowerState
2022-11-01 02:15:23,228 [s3@group-29DD907A7165-FollowerState] INFO  server.RaftServer$Division (RaftServerImpl.java:setRole(325)) - s3@group-29DD907A7165: changes role from  FOLLOWER to CANDIDATE at term 2 for changeToCandidate
2022-11-01 02:15:23,229 [s3@group-29DD907A7165-FollowerState] INFO  server.RaftServerConfigKeys (ConfUtils.java:logGet(46)) - raft.server.leaderelection.pre-vote = true (default)
2022-11-01 02:15:23,229 [s3@group-29DD907A7165-FollowerState] INFO  impl.RoleInfo (RoleInfo.java:updateAndGet(139)) - s3: start s3@group-29DD907A7165-LeaderElection46
2022-11-01 02:15:23,229 [s3@group-29DD907A7165-LeaderElection46] INFO  server.RaftServer$Division (ServerState.java:setLeader(259)) - s3@group-29DD907A7165: change Leader from s4 to null at term 2 for PRE_VOTE
2022-11-01 02:15:23,229 [s3@group-29DD907A7165-LeaderElection46] INFO  impl.LeaderElection (LeaderElection.java:askForVotes(309)) - s3@group-29DD907A7165-LeaderElection46 PRE_VOTE round 0: submit vote requests at term 2 for 0: peers:[s3|rpc:localhost:46863|admin:localhost:41281|client:localhost:41041|dataStream:localhost:44363|priority:0|startupRole:FOLLOWER, s4|rpc:localhost:36775|admin:localhost:35477|client:localhost:46475|dataStream:localhost:42557|priority:0|startupRole:FOLLOWER, s0|rpc:localhost:33119|admin:localhost:42011|client:localhost:45597|dataStream:localhost:34507|priority:0|startupRole:FOLLOWER, s1|rpc:localhost:43051|admin:localhost:41551|client:localhost:45233|dataStream:localhost:41779|priority:0|startupRole:FOLLOWER, s2|rpc:localhost:41201|admin:localhost:41487|client:localhost:41547|dataStream:localhost:43565|priority:0|startupRole:FOLLOWER]|listeners:[], old=null
2022-11-01 02:15:23,230 [s3@group-29DD907A7165-LeaderElection46-2] INFO  util.CodeInjectionForTesting (DelayLocalExecutionInjection.java:execute(65)) - s3 delay 150 ms, args=[serverRequest {
  requestorId: "s3"
  replyId: "s0"
  raftGroupId {
    id: "\306I{yg\341A\222\264\356)\335\220zqe"
  }
  slidingWindowEntry {
  }
}
candidateTerm: 2
candidateLastEntry {
  term: 2
}
preVote: true
]
2022-11-01 02:15:23,230 [s3@group-29DD907A7165-LeaderElection46-1] INFO  util.CodeInjectionForTesting (DelayLocalExecutionInjection.java:execute(65)) - s3 delay 150 ms, args=[serverRequest {
  requestorId: "s3"
  replyId: "s4"
  raftGroupId {
    id: "\306I{yg\341A\222\264\356)\335\220zqe"
  }
  slidingWindowEntry {
  }
}
candidateTerm: 2
candidateLastEntry {
  term: 2
}
preVote: true
]
2022-11-01 02:15:23,230 [s3@group-29DD907A7165-LeaderElection46-4] INFO  util.CodeInjectionForTesting (DelayLocalExecutionInjection.java:execute(65)) - s3 delay 150 ms, args=[serverRequest {
  requestorId: "s3"
  replyId: "s2"
  raftGroupId {
    id: "\306I{yg\341A\222\264\356)\335\220zqe"
  }
  slidingWindowEntry {
  }
}
candidateTerm: 2
candidateLastEntry {
  term: 2
}
preVote: true
]
2022-11-01 02:15:23,230 [s3@group-29DD907A7165-LeaderElection46-3] INFO  util.CodeInjectionForTesting (DelayLocalExecutionInjection.java:execute(65)) - s3 delay 150 ms, args=[serverRequest {
  requestorId: "s3"
  replyId: "s1"
  raftGroupId {
    id: "\306I{yg\341A\222\264\356)\335\220zqe"
  }
  slidingWindowEntry {
  }
}
candidateTerm: 2
candidateLastEntry {
  term: 2
}
preVote: true
]
2022-11-01 02:15:23,275 [s3-server-thread1] INFO  server.RaftServer$Division (RaftServerImpl.java:setRole(325)) - s3@group-29DD907A7165: changes role from CANDIDATE to FOLLOWER at term 2 for appendEntries
2022-11-01 02:15:23,275 [s3-server-thread1] INFO  impl.RoleInfo (RoleInfo.java:shutdownLeaderElection(130)) - s3: shutdown s3@group-29DD907A7165-LeaderElection46
2022-11-01 02:15:23,276 [s3-server-thread1] INFO  impl.RoleInfo (RoleInfo.java:updateAndGet(139)) - s3: start s3@group-29DD907A7165-FollowerState
2022-11-01 02:15:23,276 [s3-server-thread1] INFO  server.RaftServer$Division (ServerState.java:setLeader(259)) - s3@group-29DD907A7165: change Leader from null to s4 at term 2 for appendEntries, leader elected after 46ms
2022-11-01 02:15:23,337 [s4@group-29DD907A7165->s2-GrpcLogAppender-LogAppenderDaemon] INFO  util.CodeInjectionForTesting (DelayLocalExecutionInjection.java:execute(65)) - s4 delay 150 ms, args=[serverRequest {
  requestorId: "s4"
  replyId: "s2"
  raftGroupId {
    id: "\306I{yg\341A\222\264\356)\335\220zqe"
  }
  callId: 102
  slidingWindowEntry {
  }
}
leaderTerm: 2
previousLog {
  term: 2
}
initializing: true
commitInfos {
  server {
    id: "s4"
    address: "localhost:36775"
    dataStreamAddress: "localhost:42557"
    clientAddress: "localhost:46475"
    adminAddress: "localhost:35477"
    startupRole: FOLLOWER
  }
}
commitInfos {
  server {
    id: "s3"
    address: "localhost:46863"
    dataStreamAddress: "localhost:44363"
    clientAddress: "localhost:41041"
    adminAddress: "localhost:41281"
    startupRole: FOLLOWER
  }
}
commitInfos {
  server {
    id: "s0"
    address: "localhost:33119"
    dataStreamAddress: "localhost:34507"
    clientAddress: "localhost:45597"
    adminAddress: "localhost:42011"
    startupRole: FOLLOWER
  }
}
commitInfos {
  server {
    id: "s1"
    address: "localhost:43051"
    dataStreamAddress: "localhost:41779"
    clientAddress: "localhost:45233"
    adminAddress: "localhost:41551"
    startupRole: FOLLOWER
  }
}
commitInfos {
  server {
    id: "s2"
    address: "localhost:41201"
    dataStreamAddress: "localhost:43565"
    clientAddress: "localhost:41547"
    adminAddress: "localhost:41487"
    startupRole: FOLLOWER
  }
}
]
2022-11-01 02:15:23,341 [s1@group-29DD907A7165-FollowerState] INFO  impl.FollowerState (FollowerState.java:run(143)) - s1@group-29DD907A7165-FollowerState: change to CANDIDATE, lastRpcElapsedTime:293820314ns, electionTimeout:292ms
2022-11-01 02:15:23,341 [s1@group-29DD907A7165-FollowerState] INFO  impl.RoleInfo (RoleInfo.java:shutdownFollowerState(110)) - s1: shutdown s1@group-29DD907A7165-FollowerState
2022-11-01 02:15:23,341 [s1@group-29DD907A7165-FollowerState] INFO  server.RaftServer$Division (RaftServerImpl.java:setRole(325)) - s1@group-29DD907A7165: changes role from  FOLLOWER to CANDIDATE at term 2 for changeToCandidate
2022-11-01 02:15:23,341 [s1@group-29DD907A7165-FollowerState] INFO  server.RaftServerConfigKeys (ConfUtils.java:logGet(46)) - raft.server.leaderelection.pre-vote = true (default)
2022-11-01 02:15:23,341 [s1@group-29DD907A7165-FollowerState] INFO  impl.RoleInfo (RoleInfo.java:updateAndGet(139)) - s1: start s1@group-29DD907A7165-LeaderElection47
2022-11-01 02:15:23,341 [s1@group-29DD907A7165-LeaderElection47] INFO  impl.LeaderElection (LeaderElection.java:askForVotes(309)) - s1@group-29DD907A7165-LeaderElection47 PRE_VOTE round 0: submit vote requests at term 2 for 0: peers:[s3|rpc:localhost:46863|admin:localhost:41281|client:localhost:41041|dataStream:localhost:44363|priority:0|startupRole:FOLLOWER, s4|rpc:localhost:36775|admin:localhost:35477|client:localhost:46475|dataStream:localhost:42557|priority:0|startupRole:FOLLOWER, s0|rpc:localhost:33119|admin:localhost:42011|client:localhost:45597|dataStream:localhost:34507|priority:0|startupRole:FOLLOWER, s1|rpc:localhost:43051|admin:localhost:41551|client:localhost:45233|dataStream:localhost:41779|priority:0|startupRole:FOLLOWER, s2|rpc:localhost:41201|admin:localhost:41487|client:localhost:41547|dataStream:localhost:43565|priority:0|startupRole:FOLLOWER]|listeners:[], old=null
2022-11-01 02:15:23,344 [grpc-default-executor-5] INFO  server.RaftServer$Division (RaftServerImpl.java:requestVote(1291)) - s3@group-29DD907A7165: receive requestVote(PRE_VOTE, s1, group-29DD907A7165, 2, (t:1, i:0))
2022-11-01 02:15:23,344 [grpc-default-executor-5] INFO  impl.VoteContext (VoteContext.java:log(49)) - s3@group-29DD907A7165-FOLLOWER: reject PRE_VOTE from s1: this server is a follower and still has a valid leader s4
2022-11-01 02:15:23,344 [grpc-default-executor-5] INFO  server.RaftServer$Division (RaftServerImpl.java:requestVote(1324)) - s3@group-29DD907A7165 replies to PRE_VOTE vote request: s1<-s3#0:FAIL-t2. Peer's state: s3@group-29DD907A7165:t2, leader=s4, voted=s4, raftlog=Memoized:s3@group-29DD907A7165-SegmentedRaftLog:OPENED:c0, conf=0: peers:[s3|rpc:localhost:46863|admin:localhost:41281|client:localhost:41041|dataStream:localhost:44363|priority:0|startupRole:FOLLOWER, s4|rpc:localhost:36775|admin:localhost:35477|client:localhost:46475|dataStream:localhost:42557|priority:0|startupRole:FOLLOWER, s0|rpc:localhost:33119|admin:localhost:42011|client:localhost:45597|dataStream:localhost:34507|priority:0|startupRole:FOLLOWER, s1|rpc:localhost:43051|admin:localhost:41551|client:localhost:45233|dataStream:localhost:41779|priority:0|startupRole:FOLLOWER, s2|rpc:localhost:41201|admin:localhost:41487|client:localhost:41547|dataStream:localhost:43565|priority:0|startupRole:FOLLOWER]|listeners:[], old=null
2022-11-01 02:15:23,344 [grpc-default-executor-20] INFO  server.RaftServer$Division (RaftServerImpl.java:requestVote(1291)) - s4@group-29DD907A7165: receive requestVote(PRE_VOTE, s1, group-29DD907A7165, 2, (t:1, i:0))
2022-11-01 02:15:23,345 [grpc-default-executor-20] INFO  impl.VoteContext (VoteContext.java:log(49)) - s4@group-29DD907A7165-LEADER: reject PRE_VOTE from s1: this server is the leader and still has leadership
2022-11-01 02:15:23,345 [grpc-default-executor-20] INFO  server.RaftServer$Division (RaftServerImpl.java:requestVote(1324)) - s4@group-29DD907A7165 replies to PRE_VOTE vote request: s1<-s4#0:FAIL-t2. Peer's state: s4@group-29DD907A7165:t2, leader=s4, voted=s4, raftlog=Memoized:s4@group-29DD907A7165-SegmentedRaftLog:OPENED:c0, conf=0: peers:[s3|rpc:localhost:46863|admin:localhost:41281|client:localhost:41041|dataStream:localhost:44363|priority:0|startupRole:FOLLOWER, s4|rpc:localhost:36775|admin:localhost:35477|client:localhost:46475|dataStream:localhost:42557|priority:0|startupRole:FOLLOWER, s0|rpc:localhost:33119|admin:localhost:42011|client:localhost:45597|dataStream:localhost:34507|priority:0|startupRole:FOLLOWER, s1|rpc:localhost:43051|admin:localhost:41551|client:localhost:45233|dataStream:localhost:41779|priority:0|startupRole:FOLLOWER, s2|rpc:localhost:41201|admin:localhost:41487|client:localhost:41547|dataStream:localhost:43565|priority:0|startupRole:FOLLOWER]|listeners:[], old=null
2022-11-01 02:15:23,346 [grpc-default-executor-5] INFO  server.RaftServer$Division (RaftServerImpl.java:requestVote(1291)) - s0@group-29DD907A7165: receive requestVote(PRE_VOTE, s1, group-29DD907A7165, 2, (t:1, i:0))
2022-11-01 02:15:23,346 [grpc-default-executor-5] INFO  impl.VoteContext (VoteContext.java:log(49)) - s0@group-29DD907A7165-FOLLOWER: reject PRE_VOTE from s1: this server is a follower and still has a valid leader s4
2022-11-01 02:15:23,347 [grpc-default-executor-5] INFO  server.RaftServer$Division (RaftServerImpl.java:requestVote(1324)) - s0@group-29DD907A7165 replies to PRE_VOTE vote request: s1<-s0#0:FAIL-t2. Peer's state: s0@group-29DD907A7165:t2, leader=s4, voted=s4, raftlog=Memoized:s0@group-29DD907A7165-SegmentedRaftLog:OPENED:c0, conf=0: peers:[s3|rpc:localhost:46863|admin:localhost:41281|client:localhost:41041|dataStream:localhost:44363|priority:0|startupRole:FOLLOWER, s4|rpc:localhost:36775|admin:localhost:35477|client:localhost:46475|dataStream:localhost:42557|priority:0|startupRole:FOLLOWER, s0|rpc:localhost:33119|admin:localhost:42011|client:localhost:45597|dataStream:localhost:34507|priority:0|startupRole:FOLLOWER, s1|rpc:localhost:43051|admin:localhost:41551|client:localhost:45233|dataStream:localhost:41779|priority:0|startupRole:FOLLOWER, s2|rpc:localhost:41201|admin:localhost:41487|client:localhost:41547|dataStream:localhost:43565|priority:0|startupRole:FOLLOWER]|listeners:[], old=null
2022-11-01 02:15:23,347 [grpc-default-executor-27] INFO  server.RaftServer$Division (RaftServerImpl.java:requestVote(1291)) - s2@group-29DD907A7165: receive requestVote(PRE_VOTE, s1, group-29DD907A7165, 2, (t:1, i:0))
2022-11-01 02:15:23,347 [grpc-default-executor-27] INFO  impl.VoteContext (VoteContext.java:log(49)) - s2@group-29DD907A7165-FOLLOWER: reject PRE_VOTE from s1: this server is a follower and still has a valid leader s4
2022-11-01 02:15:23,348 [grpc-default-executor-27] INFO  server.RaftServer$Division (RaftServerImpl.java:requestVote(1324)) - s2@group-29DD907A7165 replies to PRE_VOTE vote request: s1<-s2#0:FAIL-t2. Peer's state: s2@group-29DD907A7165:t2, leader=s4, voted=s4, raftlog=Memoized:s2@group-29DD907A7165-SegmentedRaftLog:OPENED:c0, conf=0: peers:[s3|rpc:localhost:46863|admin:localhost:41281|client:localhost:41041|dataStream:localhost:44363|priority:0|startupRole:FOLLOWER, s4|rpc:localhost:36775|admin:localhost:35477|client:localhost:46475|dataStream:localhost:42557|priority:0|startupRole:FOLLOWER, s0|rpc:localhost:33119|admin:localhost:42011|client:localhost:45597|dataStream:localhost:34507|priority:0|startupRole:FOLLOWER, s1|rpc:localhost:43051|admin:localhost:41551|client:localhost:45233|dataStream:localhost:41779|priority:0|startupRole:FOLLOWER, s2|rpc:localhost:41201|admin:localhost:41487|client:localhost:41547|dataStream:localhost:43565|priority:0|startupRole:FOLLOWER]|listeners:[], old=null
2022-11-01 02:15:23,351 [s1@group-29DD907A7165-LeaderElection47] INFO  impl.LeaderElection (LeaderElection.java:logAndReturn(89)) - s1@group-29DD907A7165-LeaderElection47: PRE_VOTE REJECTED received 3 response(s) and 0 exception(s):
2022-11-01 02:15:23,351 [s1@group-29DD907A7165-LeaderElection47] INFO  impl.LeaderElection (LeaderElection.java:logAndReturn(93)) -   Response 0: s1<-s3#0:FAIL-t2
2022-11-01 02:15:23,351 [s1@group-29DD907A7165-LeaderElection47] INFO  impl.LeaderElection (LeaderElection.java:logAndReturn(93)) -   Response 1: s1<-s4#0:FAIL-t2
2022-11-01 02:15:23,351 [s1@group-29DD907A7165-LeaderElection47] INFO  impl.LeaderElection (LeaderElection.java:logAndReturn(93)) -   Response 2: s1<-s0#0:FAIL-t2
2022-11-01 02:15:23,352 [s1@group-29DD907A7165-LeaderElection47] INFO  impl.LeaderElection (LeaderElection.java:askForVotes(311)) - s1@group-29DD907A7165-LeaderElection47 PRE_VOTE round 0: result REJECTED
2022-11-01 02:15:23,352 [s1@group-29DD907A7165-LeaderElection47] INFO  server.RaftServer$Division (RaftServerImpl.java:setRole(325)) - s1@group-29DD907A7165: changes role from CANDIDATE to FOLLOWER at term 2 for REJECTED
2022-11-01 02:15:23,352 [s1@group-29DD907A7165-LeaderElection47] INFO  impl.RoleInfo (RoleInfo.java:shutdownLeaderElection(130)) - s1: shutdown s1@group-29DD907A7165-LeaderElection47
2022-11-01 02:15:23,352 [s1@group-29DD907A7165-LeaderElection47] INFO  impl.RoleInfo (RoleInfo.java:updateAndGet(139)) - s1: start s1@group-29DD907A7165-FollowerState
2022-11-01 02:15:23,353 [s4@group-29DD907A7165->s3-GrpcLogAppender-LogAppenderDaemon] INFO  util.CodeInjectionForTesting (DelayLocalExecutionInjection.java:execute(65)) - s4 delay 150 ms, args=[serverRequest {
  requestorId: "s4"
  replyId: "s3"
  raftGroupId {
    id: "\306I{yg\341A\222\264\356)\335\220zqe"
  }
  callId: 106
  slidingWindowEntry {
  }
}
leaderTerm: 2
previousLog {
  term: 2
}
initializing: true
commitInfos {
  server {
    id: "s4"
    address: "localhost:36775"
    dataStreamAddress: "localhost:42557"
    clientAddress: "localhost:46475"
    adminAddress: "localhost:35477"
    startupRole: FOLLOWER
  }
}
commitInfos {
  server {
    id: "s3"
    address: "localhost:46863"
    dataStreamAddress: "localhost:44363"
    clientAddress: "localhost:41041"
    adminAddress: "localhost:41281"
    startupRole: FOLLOWER
  }
}
commitInfos {
  server {
    id: "s0"
    address: "localhost:33119"
    dataStreamAddress: "localhost:34507"
    clientAddress: "localhost:45597"
    adminAddress: "localhost:42011"
    startupRole: FOLLOWER
  }
}
commitInfos {
  server {
    id: "s1"
    address: "localhost:43051"
    dataStreamAddress: "localhost:41779"
    clientAddress: "localhost:45233"
    adminAddress: "localhost:41551"
    startupRole: FOLLOWER
  }
}
commitInfos {
  server {
    id: "s2"
    address: "localhost:41201"
    dataStreamAddress: "localhost:43565"
    clientAddress: "localhost:41547"
    adminAddress: "localhost:41487"
    startupRole: FOLLOWER
  }
}
]
2022-11-01 02:15:23,359 [s4@group-29DD907A7165->s0-GrpcLogAppender-LogAppenderDaemon] INFO  util.CodeInjectionForTesting (DelayLocalExecutionInjection.java:execute(65)) - s4 delay 150 ms, args=[serverRequest {
  requestorId: "s4"
  replyId: "s0"
  raftGroupId {
    id: "\306I{yg\341A\222\264\356)\335\220zqe"
  }
  callId: 116
  slidingWindowEntry {
  }
}
leaderTerm: 2
previousLog {
  term: 2
}
initializing: true
commitInfos {
  server {
    id: "s4"
    address: "localhost:36775"
    dataStreamAddress: "localhost:42557"
    clientAddress: "localhost:46475"
    adminAddress: "localhost:35477"
    startupRole: FOLLOWER
  }
}
commitInfos {
  server {
    id: "s3"
    address: "localhost:46863"
    dataStreamAddress: "localhost:44363"
    clientAddress: "localhost:41041"
    adminAddress: "localhost:41281"
    startupRole: FOLLOWER
  }
}
commitInfos {
  server {
    id: "s0"
    address: "localhost:33119"
    dataStreamAddress: "localhost:34507"
    clientAddress: "localhost:45597"
    adminAddress: "localhost:42011"
    startupRole: FOLLOWER
  }
}
commitInfos {
  server {
    id: "s1"
    address: "localhost:43051"
    dataStreamAddress: "localhost:41779"
    clientAddress: "localhost:45233"
    adminAddress: "localhost:41551"
    startupRole: FOLLOWER
  }
}
commitInfos {
  server {
    id: "s2"
    address: "localhost:41201"
    dataStreamAddress: "localhost:43565"
    clientAddress: "localhost:41547"
    adminAddress: "localhost:41487"
    startupRole: FOLLOWER
  }
}
]
2022-11-01 02:15:23,382 [grpc-default-executor-5] INFO  util.CodeInjectionForTesting (BlockRequestHandlingInjection.java:execute(77)) - s1: Block request from s3
2022-11-01 02:15:23,382 [grpc-default-executor-27] INFO  server.RaftServer$Division (RaftServerImpl.java:requestVote(1291)) - s4@group-29DD907A7165: receive requestVote(PRE_VOTE, s3, group-29DD907A7165, 2, (t:2, i:0))
2022-11-01 02:15:23,382 [grpc-default-executor-27] INFO  impl.VoteContext (VoteContext.java:log(49)) - s4@group-29DD907A7165-LEADER: reject PRE_VOTE from s3: this server is the leader and still has leadership
2022-11-01 02:15:23,383 [grpc-default-executor-27] INFO  server.RaftServer$Division (RaftServerImpl.java:requestVote(1324)) - s4@group-29DD907A7165 replies to PRE_VOTE vote request: s3<-s4#0:FAIL-t2. Peer's state: s4@group-29DD907A7165:t2, leader=s4, voted=s4, raftlog=Memoized:s4@group-29DD907A7165-SegmentedRaftLog:OPENED:c0, conf=0: peers:[s3|rpc:localhost:46863|admin:localhost:41281|client:localhost:41041|dataStream:localhost:44363|priority:0|startupRole:FOLLOWER, s4|rpc:localhost:36775|admin:localhost:35477|client:localhost:46475|dataStream:localhost:42557|priority:0|startupRole:FOLLOWER, s0|rpc:localhost:33119|admin:localhost:42011|client:localhost:45597|dataStream:localhost:34507|priority:0|startupRole:FOLLOWER, s1|rpc:localhost:43051|admin:localhost:41551|client:localhost:45233|dataStream:localhost:41779|priority:0|startupRole:FOLLOWER, s2|rpc:localhost:41201|admin:localhost:41487|client:localhost:41547|dataStream:localhost:43565|priority:0|startupRole:FOLLOWER]|listeners:[], old=null
2022-11-01 02:15:23,383 [grpc-default-executor-2] INFO  server.RaftServer$Division (RaftServerImpl.java:requestVote(1291)) - s0@group-29DD907A7165: receive requestVote(PRE_VOTE, s3, group-29DD907A7165, 2, (t:2, i:0))
2022-11-01 02:15:23,383 [grpc-default-executor-2] INFO  impl.VoteContext (VoteContext.java:log(49)) - s0@group-29DD907A7165-FOLLOWER: reject PRE_VOTE from s3: this server is a follower and still has a valid leader s4
2022-11-01 02:15:23,383 [grpc-default-executor-2] INFO  server.RaftServer$Division (RaftServerImpl.java:requestVote(1324)) - s0@group-29DD907A7165 replies to PRE_VOTE vote request: s3<-s0#0:FAIL-t2. Peer's state: s0@group-29DD907A7165:t2, leader=s4, voted=s4, raftlog=Memoized:s0@group-29DD907A7165-SegmentedRaftLog:OPENED:c0, conf=0: peers:[s3|rpc:localhost:46863|admin:localhost:41281|client:localhost:41041|dataStream:localhost:44363|priority:0|startupRole:FOLLOWER, s4|rpc:localhost:36775|admin:localhost:35477|client:localhost:46475|dataStream:localhost:42557|priority:0|startupRole:FOLLOWER, s0|rpc:localhost:33119|admin:localhost:42011|client:localhost:45597|dataStream:localhost:34507|priority:0|startupRole:FOLLOWER, s1|rpc:localhost:43051|admin:localhost:41551|client:localhost:45233|dataStream:localhost:41779|priority:0|startupRole:FOLLOWER, s2|rpc:localhost:41201|admin:localhost:41487|client:localhost:41547|dataStream:localhost:43565|priority:0|startupRole:FOLLOWER]|listeners:[], old=null
2022-11-01 02:15:23,384 [s3@group-29DD907A7165-LeaderElection46] INFO  impl.LeaderElection (LeaderElection.java:logAndReturn(89)) - s3@group-29DD907A7165-LeaderElection46: PRE_VOTE REJECTED received 1 response(s) and 0 exception(s):
2022-11-01 02:15:23,384 [s3@group-29DD907A7165-LeaderElection46] INFO  impl.LeaderElection (LeaderElection.java:logAndReturn(93)) -   Response 0: s3<-s4#0:FAIL-t2
2022-11-01 02:15:23,384 [s3@group-29DD907A7165-LeaderElection46] INFO  impl.LeaderElection (LeaderElection.java:askForVotes(311)) - s3@group-29DD907A7165-LeaderElection46 PRE_VOTE round 0: result REJECTED
2022-11-01 02:15:23,385 [grpc-default-executor-2] INFO  server.RaftServer$Division (RaftServerImpl.java:requestVote(1291)) - s2@group-29DD907A7165: receive requestVote(PRE_VOTE, s3, group-29DD907A7165, 2, (t:2, i:0))
2022-11-01 02:15:23,385 [grpc-default-executor-2] INFO  impl.VoteContext (VoteContext.java:log(49)) - s2@group-29DD907A7165-FOLLOWER: reject PRE_VOTE from s3: this server is a follower and still has a valid leader s4
2022-11-01 02:15:23,385 [grpc-default-executor-2] INFO  server.RaftServer$Division (RaftServerImpl.java:requestVote(1324)) - s2@group-29DD907A7165 replies to PRE_VOTE vote request: s3<-s2#0:FAIL-t2. Peer's state: s2@group-29DD907A7165:t2, leader=s4, voted=s4, raftlog=Memoized:s2@group-29DD907A7165-SegmentedRaftLog:OPENED:c0, conf=0: peers:[s3|rpc:localhost:46863|admin:localhost:41281|client:localhost:41041|dataStream:localhost:44363|priority:0|startupRole:FOLLOWER, s4|rpc:localhost:36775|admin:localhost:35477|client:localhost:46475|dataStream:localhost:42557|priority:0|startupRole:FOLLOWER, s0|rpc:localhost:33119|admin:localhost:42011|client:localhost:45597|dataStream:localhost:34507|priority:0|startupRole:FOLLOWER, s1|rpc:localhost:43051|admin:localhost:41551|client:localhost:45233|dataStream:localhost:41779|priority:0|startupRole:FOLLOWER, s2|rpc:localhost:41201|admin:localhost:41487|client:localhost:41547|dataStream:localhost:43565|priority:0|startupRole:FOLLOWER]|listeners:[], old=null
2022-11-01 02:15:23,407 [s4@group-29DD907A7165->s1-GrpcLogAppender-LogAppenderDaemon] INFO  util.CodeInjectionForTesting (DelayLocalExecutionInjection.java:execute(65)) - s4 delay 150 ms, args=[serverRequest {
  requestorId: "s4"
  replyId: "s1"
  raftGroupId {
    id: "\306I{yg\341A\222\264\356)\335\220zqe"
  }
  callId: 208
  slidingWindowEntry {
  }
}
leaderTerm: 2
previousLog {
  term: 2
}
initializing: true
commitInfos {
  server {
    id: "s4"
    address: "localhost:36775"
    dataStreamAddress: "localhost:42557"
    clientAddress: "localhost:46475"
    adminAddress: "localhost:35477"
    startupRole: FOLLOWER
  }
}
commitInfos {
  server {
    id: "s3"
    address: "localhost:46863"
    dataStreamAddress: "localhost:44363"
    clientAddress: "localhost:41041"
    adminAddress: "localhost:41281"
    startupRole: FOLLOWER
  }
}
commitInfos {
  server {
    id: "s0"
    address: "localhost:33119"
    dataStreamAddress: "localhost:34507"
    clientAddress: "localhost:45597"
    adminAddress: "localhost:42011"
    startupRole: FOLLOWER
  }
}
commitInfos {
  server {
    id: "s1"
    address: "localhost:43051"
    dataStreamAddress: "localhost:41779"
    clientAddress: "localhost:45233"
    adminAddress: "localhost:41551"
    startupRole: FOLLOWER
  }
}
commitInfos {
  server {
    id: "s2"
    address: "localhost:41201"
    dataStreamAddress: "localhost:43565"
    clientAddress: "localhost:41547"
    adminAddress: "localhost:41487"
    startupRole: FOLLOWER
  }
}
]
2022-11-01 02:15:23,455 [s3@group-29DD907A7165-FollowerState] INFO  impl.FollowerState (FollowerState.java:run(143)) - s3@group-29DD907A7165-FollowerState: change to CANDIDATE, lastRpcElapsedTime:178724746ns, electionTimeout:178ms
2022-11-01 02:15:23,455 [s3@group-29DD907A7165-FollowerState] INFO  impl.RoleInfo (RoleInfo.java:shutdownFollowerState(110)) - s3: shutdown s3@group-29DD907A7165-FollowerState
2022-11-01 02:15:23,455 [s3@group-29DD907A7165-FollowerState] INFO  server.RaftServer$Division (RaftServerImpl.java:setRole(325)) - s3@group-29DD907A7165: changes role from  FOLLOWER to CANDIDATE at term 2 for changeToCandidate
2022-11-01 02:15:23,455 [s3@group-29DD907A7165-FollowerState] INFO  server.RaftServerConfigKeys (ConfUtils.java:logGet(46)) - raft.server.leaderelection.pre-vote = true (default)
2022-11-01 02:15:23,455 [s3@group-29DD907A7165-FollowerState] INFO  impl.RoleInfo (RoleInfo.java:updateAndGet(139)) - s3: start s3@group-29DD907A7165-LeaderElection48
2022-11-01 02:15:23,456 [s3@group-29DD907A7165-LeaderElection48] INFO  server.RaftServer$Division (ServerState.java:setLeader(259)) - s3@group-29DD907A7165: change Leader from s4 to null at term 2 for PRE_VOTE
2022-11-01 02:15:23,456 [s3@group-29DD907A7165-LeaderElection48] INFO  impl.LeaderElection (LeaderElection.java:askForVotes(309)) - s3@group-29DD907A7165-LeaderElection48 PRE_VOTE round 0: submit vote requests at term 2 for 0: peers:[s3|rpc:localhost:46863|admin:localhost:41281|client:localhost:41041|dataStream:localhost:44363|priority:0|startupRole:FOLLOWER, s4|rpc:localhost:36775|admin:localhost:35477|client:localhost:46475|dataStream:localhost:42557|priority:0|startupRole:FOLLOWER, s0|rpc:localhost:33119|admin:localhost:42011|client:localhost:45597|dataStream:localhost:34507|priority:0|startupRole:FOLLOWER, s1|rpc:localhost:43051|admin:localhost:41551|client:localhost:45233|dataStream:localhost:41779|priority:0|startupRole:FOLLOWER, s2|rpc:localhost:41201|admin:localhost:41487|client:localhost:41547|dataStream:localhost:43565|priority:0|startupRole:FOLLOWER]|listeners:[], old=null
2022-11-01 02:15:23,456 [s3@group-29DD907A7165-LeaderElection48-1] INFO  util.CodeInjectionForTesting (DelayLocalExecutionInjection.java:execute(65)) - s3 delay 150 ms, args=[serverRequest {
  requestorId: "s3"
  replyId: "s4"
  raftGroupId {
    id: "\306I{yg\341A\222\264\356)\335\220zqe"
  }
  slidingWindowEntry {
  }
}
candidateTerm: 2
candidateLastEntry {
  term: 2
}
preVote: true
]
2022-11-01 02:15:23,457 [s3@group-29DD907A7165-LeaderElection48-2] INFO  util.CodeInjectionForTesting (DelayLocalExecutionInjection.java:execute(65)) - s3 delay 150 ms, args=[serverRequest {
  requestorId: "s3"
  replyId: "s0"
  raftGroupId {
    id: "\306I{yg\341A\222\264\356)\335\220zqe"
  }
  slidingWindowEntry {
  }
}
candidateTerm: 2
candidateLastEntry {
  term: 2
}
preVote: true
]
2022-11-01 02:15:23,457 [s3@group-29DD907A7165-LeaderElection48-3] INFO  util.CodeInjectionForTesting (DelayLocalExecutionInjection.java:execute(65)) - s3 delay 150 ms, args=[serverRequest {
  requestorId: "s3"
  replyId: "s1"
  raftGroupId {
    id: "\306I{yg\341A\222\264\356)\335\220zqe"
  }
  slidingWindowEntry {
  }
}
candidateTerm: 2
candidateLastEntry {
  term: 2
}
preVote: true
]
2022-11-01 02:15:23,457 [s3@group-29DD907A7165-LeaderElection48-4] INFO  util.CodeInjectionForTesting (DelayLocalExecutionInjection.java:execute(65)) - s3 delay 150 ms, args=[serverRequest {
  requestorId: "s3"
  replyId: "s2"
  raftGroupId {
    id: "\306I{yg\341A\222\264\356)\335\220zqe"
  }
  slidingWindowEntry {
  }
}
candidateTerm: 2
candidateLastEntry {
  term: 2
}
preVote: true
]
2022-11-01 02:15:23,503 [s3-server-thread5] INFO  server.RaftServer$Division (RaftServerImpl.java:setRole(325)) - s3@group-29DD907A7165: changes role from CANDIDATE to FOLLOWER at term 2 for appendEntries
2022-11-01 02:15:23,504 [s3-server-thread5] INFO  impl.RoleInfo (RoleInfo.java:shutdownLeaderElection(130)) - s3: shutdown s3@group-29DD907A7165-LeaderElection48
2022-11-01 02:15:23,504 [s3-server-thread5] INFO  impl.RoleInfo (RoleInfo.java:updateAndGet(139)) - s3: start s3@group-29DD907A7165-FollowerState
2022-11-01 02:15:23,504 [s3-server-thread5] INFO  server.RaftServer$Division (ServerState.java:setLeader(259)) - s3@group-29DD907A7165: change Leader from null to s4 at term 2 for appendEntries, leader elected after 48ms
2022-11-01 02:15:23,522 [Time-limited test] INFO  server.RaftServerConfigKeys (ConfUtils.java:logGet(46)) - raft.server.rpc.timeout.max = 300ms (default)
2022-11-01 02:15:23,608 [grpc-default-executor-20] INFO  server.RaftServer$Division (RaftServerImpl.java:requestVote(1291)) - s0@group-29DD907A7165: receive requestVote(PRE_VOTE, s3, group-29DD907A7165, 2, (t:2, i:0))
2022-11-01 02:15:23,609 [grpc-default-executor-20] INFO  impl.VoteContext (VoteContext.java:log(49)) - s0@group-29DD907A7165-FOLLOWER: reject PRE_VOTE from s3: this server is a follower and still has a valid leader s4
2022-11-01 02:15:23,609 [grpc-default-executor-2] INFO  server.RaftServer$Division (RaftServerImpl.java:requestVote(1291)) - s4@group-29DD907A7165: receive requestVote(PRE_VOTE, s3, group-29DD907A7165, 2, (t:2, i:0))
2022-11-01 02:15:23,609 [grpc-default-executor-20] INFO  server.RaftServer$Division (RaftServerImpl.java:requestVote(1324)) - s0@group-29DD907A7165 replies to PRE_VOTE vote request: s3<-s0#0:FAIL-t2. Peer's state: s0@group-29DD907A7165:t2, leader=s4, voted=s4, raftlog=Memoized:s0@group-29DD907A7165-SegmentedRaftLog:OPENED:c0, conf=0: peers:[s3|rpc:localhost:46863|admin:localhost:41281|client:localhost:41041|dataStream:localhost:44363|priority:0|startupRole:FOLLOWER, s4|rpc:localhost:36775|admin:localhost:35477|client:localhost:46475|dataStream:localhost:42557|priority:0|startupRole:FOLLOWER, s0|rpc:localhost:33119|admin:localhost:42011|client:localhost:45597|dataStream:localhost:34507|priority:0|startupRole:FOLLOWER, s1|rpc:localhost:43051|admin:localhost:41551|client:localhost:45233|dataStream:localhost:41779|priority:0|startupRole:FOLLOWER, s2|rpc:localhost:41201|admin:localhost:41487|client:localhost:41547|dataStream:localhost:43565|priority:0|startupRole:FOLLOWER]|listeners:[], old=null
2022-11-01 02:15:23,609 [grpc-default-executor-2] INFO  impl.VoteContext (VoteContext.java:log(49)) - s4@group-29DD907A7165-LEADER: reject PRE_VOTE from s3: this server is the leader and still has leadership
2022-11-01 02:15:23,609 [grpc-default-executor-2] INFO  server.RaftServer$Division (RaftServerImpl.java:requestVote(1324)) - s4@group-29DD907A7165 replies to PRE_VOTE vote request: s3<-s4#0:FAIL-t2. Peer's state: s4@group-29DD907A7165:t2, leader=s4, voted=s4, raftlog=Memoized:s4@group-29DD907A7165-SegmentedRaftLog:OPENED:c0, conf=0: peers:[s3|rpc:localhost:46863|admin:localhost:41281|client:localhost:41041|dataStream:localhost:44363|priority:0|startupRole:FOLLOWER, s4|rpc:localhost:36775|admin:localhost:35477|client:localhost:46475|dataStream:localhost:42557|priority:0|startupRole:FOLLOWER, s0|rpc:localhost:33119|admin:localhost:42011|client:localhost:45597|dataStream:localhost:34507|priority:0|startupRole:FOLLOWER, s1|rpc:localhost:43051|admin:localhost:41551|client:localhost:45233|dataStream:localhost:41779|priority:0|startupRole:FOLLOWER, s2|rpc:localhost:41201|admin:localhost:41487|client:localhost:41547|dataStream:localhost:43565|priority:0|startupRole:FOLLOWER]|listeners:[], old=null
2022-11-01 02:15:23,610 [grpc-default-executor-2] INFO  server.RaftServer$Division (RaftServerImpl.java:requestVote(1291)) - s1@group-29DD907A7165: receive requestVote(PRE_VOTE, s3, group-29DD907A7165, 2, (t:2, i:0))
2022-11-01 02:15:23,610 [grpc-default-executor-2] INFO  impl.VoteContext (VoteContext.java:log(49)) - s1@group-29DD907A7165-FOLLOWER: accept PRE_VOTE from s3: our last entry (t:1, i:0) < candidate's last entry (t:2, i:0)
2022-11-01 02:15:23,610 [grpc-default-executor-27] INFO  server.RaftServer$Division (RaftServerImpl.java:requestVote(1291)) - s2@group-29DD907A7165: receive requestVote(PRE_VOTE, s3, group-29DD907A7165, 2, (t:2, i:0))
2022-11-01 02:15:23,610 [s3@group-29DD907A7165-LeaderElection48] INFO  impl.LeaderElection (LeaderElection.java:logAndReturn(89)) - s3@group-29DD907A7165-LeaderElection48: PRE_VOTE REJECTED received 1 response(s) and 0 exception(s):
2022-11-01 02:15:23,611 [s3@group-29DD907A7165-LeaderElection48] INFO  impl.LeaderElection (LeaderElection.java:logAndReturn(93)) -   Response 0: s3<-s4#0:FAIL-t2
2022-11-01 02:15:23,611 [s3@group-29DD907A7165-LeaderElection48] INFO  impl.LeaderElection (LeaderElection.java:askForVotes(311)) - s3@group-29DD907A7165-LeaderElection48 PRE_VOTE round 0: result REJECTED
2022-11-01 02:15:23,611 [grpc-default-executor-2] INFO  server.RaftServer$Division (RaftServerImpl.java:requestVote(1324)) - s1@group-29DD907A7165 replies to PRE_VOTE vote request: s3<-s1#0:OK-t2. Peer's state: s1@group-29DD907A7165:t2, leader=null, voted=null, raftlog=Memoized:s1@group-29DD907A7165-SegmentedRaftLog:OPENED:c0, conf=0: peers:[s3|rpc:localhost:46863|admin:localhost:41281|client:localhost:41041|dataStream:localhost:44363|priority:0|startupRole:FOLLOWER, s4|rpc:localhost:36775|admin:localhost:35477|client:localhost:46475|dataStream:localhost:42557|priority:0|startupRole:FOLLOWER, s0|rpc:localhost:33119|admin:localhost:42011|client:localhost:45597|dataStream:localhost:34507|priority:0|startupRole:FOLLOWER, s1|rpc:localhost:43051|admin:localhost:41551|client:localhost:45233|dataStream:localhost:41779|priority:0|startupRole:FOLLOWER, s2|rpc:localhost:41201|admin:localhost:41487|client:localhost:41547|dataStream:localhost:43565|priority:0|startupRole:FOLLOWER]|listeners:[], old=null
2022-11-01 02:15:23,611 [grpc-default-executor-27] INFO  impl.VoteContext (VoteContext.java:log(49)) - s2@group-29DD907A7165-FOLLOWER: reject PRE_VOTE from s3: this server is a follower and still has a valid leader s4
2022-11-01 02:15:23,611 [grpc-default-executor-27] INFO  server.RaftServer$Division (RaftServerImpl.java:requestVote(1324)) - s2@group-29DD907A7165 replies to PRE_VOTE vote request: s3<-s2#0:FAIL-t2. Peer's state: s2@group-29DD907A7165:t2, leader=s4, voted=s4, raftlog=Memoized:s2@group-29DD907A7165-SegmentedRaftLog:OPENED:c0, conf=0: peers:[s3|rpc:localhost:46863|admin:localhost:41281|client:localhost:41041|dataStream:localhost:44363|priority:0|startupRole:FOLLOWER, s4|rpc:localhost:36775|admin:localhost:35477|client:localhost:46475|dataStream:localhost:42557|priority:0|startupRole:FOLLOWER, s0|rpc:localhost:33119|admin:localhost:42011|client:localhost:45597|dataStream:localhost:34507|priority:0|startupRole:FOLLOWER, s1|rpc:localhost:43051|admin:localhost:41551|client:localhost:45233|dataStream:localhost:41779|priority:0|startupRole:FOLLOWER, s2|rpc:localhost:41201|admin:localhost:41487|client:localhost:41547|dataStream:localhost:43565|priority:0|startupRole:FOLLOWER]|listeners:[], old=null
2022-11-01 02:15:23,682 [grpc-default-executor-5] INFO  util.CodeInjectionForTesting (BlockRequestHandlingInjection.java:execute(84)) - s1: unBlock request from s3
2022-11-01 02:15:23,683 [grpc-default-executor-5] INFO  server.RaftServer$Division (RaftServerImpl.java:requestVote(1291)) - s1@group-29DD907A7165: receive requestVote(PRE_VOTE, s3, group-29DD907A7165, 2, (t:2, i:0))
2022-11-01 02:15:23,683 [grpc-default-executor-5] INFO  impl.VoteContext (VoteContext.java:log(49)) - s1@group-29DD907A7165-FOLLOWER: accept PRE_VOTE from s3: our last entry (t:1, i:0) < candidate's last entry (t:2, i:0)
2022-11-01 02:15:23,683 [grpc-default-executor-5] INFO  server.RaftServer$Division (RaftServerImpl.java:requestVote(1324)) - s1@group-29DD907A7165 replies to PRE_VOTE vote request: s3<-s1#0:OK-t2. Peer's state: s1@group-29DD907A7165:t2, leader=null, voted=null, raftlog=Memoized:s1@group-29DD907A7165-SegmentedRaftLog:OPENED:c0, conf=0: peers:[s3|rpc:localhost:46863|admin:localhost:41281|client:localhost:41041|dataStream:localhost:44363|priority:0|startupRole:FOLLOWER, s4|rpc:localhost:36775|admin:localhost:35477|client:localhost:46475|dataStream:localhost:42557|priority:0|startupRole:FOLLOWER, s0|rpc:localhost:33119|admin:localhost:42011|client:localhost:45597|dataStream:localhost:34507|priority:0|startupRole:FOLLOWER, s1|rpc:localhost:43051|admin:localhost:41551|client:localhost:45233|dataStream:localhost:41779|priority:0|startupRole:FOLLOWER, s2|rpc:localhost:41201|admin:localhost:41487|client:localhost:41547|dataStream:localhost:43565|priority:0|startupRole:FOLLOWER]|listeners:[], old=null
2022-11-01 02:15:23,705 [s1-server-thread3] INFO  util.CodeInjectionForTesting (BlockRequestHandlingInjection.java:execute(84)) - s1: unBlock request from s4
2022-11-01 02:15:23,705 [s1-server-thread3] INFO  server.RaftServer$Division (ServerState.java:setLeader(259)) - s1@group-29DD907A7165: change Leader from null to s4 at term 2 for appendEntries, leader elected after 680ms
2022-11-01 02:15:23,705 [s1-server-thread3] INFO  server.RaftServer$Division (RaftServerImpl.java:checkInconsistentAppendEntries(1599)) - s1@group-29DD907A7165: Failed appendEntries as previous log entry ((t:2, i:0)) is not found
2022-11-01 02:15:23,705 [s1-server-thread3] INFO  server.RaftServer$Division (RaftServerImpl.java:checkInconsistentAppendEntries(1569)) - s1@group-29DD907A7165: inconsistency entries. Reply:s4<-s1#204:FAIL-t2,INCONSISTENCY,nextIndex=0,followerCommit=0,matchIndex=-1
2022-11-01 02:15:23,706 [grpc-default-executor-5] INFO  leader.FollowerInfo (FollowerInfoImpl.java:lambda$new$0(48)) - s4@group-29DD907A7165->s1: nextIndex: updateUnconditionally 1 -> 0
2022-11-01 02:15:23,707 [s1-server-thread3] INFO  server.RaftServer$Division (RaftServerImpl.java:checkInconsistentAppendEntries(1599)) - s1@group-29DD907A7165: Failed appendEntries as previous log entry ((t:2, i:0)) is not found
2022-11-01 02:15:23,707 [s1-server-thread3] INFO  server.RaftServer$Division (RaftServerImpl.java:checkInconsistentAppendEntries(1569)) - s1@group-29DD907A7165: inconsistency entries. Reply:s4<-s1#205:FAIL-t2,INCONSISTENCY,nextIndex=0,followerCommit=0,matchIndex=-1
2022-11-01 02:15:23,707 [grpc-default-executor-5] INFO  leader.FollowerInfo (FollowerInfoImpl.java:lambda$new$0(48)) - s4@group-29DD907A7165->s1: nextIndex: updateUnconditionally 1 -> 0
2022-11-01 02:15:23,707 [s1-server-thread3] INFO  server.RaftServer$Division (RaftServerImpl.java:checkInconsistentAppendEntries(1599)) - s1@group-29DD907A7165: Failed appendEntries as previous log entry ((t:2, i:0)) is not found
2022-11-01 02:15:23,707 [s1-server-thread3] INFO  server.RaftServer$Division (RaftServerImpl.java:checkInconsistentAppendEntries(1569)) - s1@group-29DD907A7165: inconsistency entries. Reply:s4<-s1#206:FAIL-t2,INCONSISTENCY,nextIndex=0,followerCommit=0,matchIndex=-1
2022-11-01 02:15:23,708 [s1-server-thread4] INFO  server.RaftServer$Division (RaftServerImpl.java:checkInconsistentAppendEntries(1599)) - s1@group-29DD907A7165: Failed appendEntries as previous log entry ((t:2, i:0)) is not found
2022-11-01 02:15:23,708 [s1-server-thread4] INFO  server.RaftServer$Division (RaftServerImpl.java:checkInconsistentAppendEntries(1569)) - s1@group-29DD907A7165: inconsistency entries. Reply:s4<-s1#207:FAIL-t2,INCONSISTENCY,nextIndex=0,followerCommit=0,matchIndex=-1
2022-11-01 02:15:23,709 [s1-server-thread3] DEBUG server.RaftServer$Division (RaftServerImpl.java:logAppendEntries(1418)) - s1@group-29DD907A7165: receive appendEntries(s4, 2, null, 0, true, commits:[s4:c0, s3:c0, s0:c0, s1:c0, s2:c0], cId:212, entries: [(t:2, i:0), CONFIGURATIONENTRY(current:id: "s3"
address: "localhost:46863"
dataStreamAddress: "localhost:44363"
clientAddress: "localhost:41041"
adminAddress: "localhost:41281"
startupRole: FOLLOWER
,id: "s4"
address: "localhost:36775"
dataStreamAddress: "localhost:42557"
clientAddress: "localhost:46475"
adminAddress: "localhost:35477"
startupRole: FOLLOWER
,id: "s0"
address: "localhost:33119"
dataStreamAddress: "localhost:34507"
clientAddress: "localhost:45597"
adminAddress: "localhost:42011"
startupRole: FOLLOWER
,id: "s1"
address: "localhost:43051"
dataStreamAddress: "localhost:41779"
clientAddress: "localhost:45233"
adminAddress: "localhost:41551"
startupRole: FOLLOWER
,id: "s2"
address: "localhost:41201"
dataStreamAddress: "localhost:43565"
clientAddress: "localhost:41547"
adminAddress: "localhost:41487"
startupRole: FOLLOWER
, old:)]
2022-11-01 02:15:23,709 [s1-server-thread3] INFO  server.RaftServer$Division (RaftServerImpl.java:checkInconsistentAppendEntries(1589)) - s1@group-29DD907A7165: Failed appendEntries as the first entry (index 0) already exists (snapshotIndex: -1, commitIndex: 0)
2022-11-01 02:15:23,709 [s1-server-thread3] INFO  server.RaftServer$Division (RaftServerImpl.java:checkInconsistentAppendEntries(1569)) - s1@group-29DD907A7165: inconsistency entries. Reply:s4<-s1#212:FAIL-t2,INCONSISTENCY,nextIndex=1,followerCommit=0,matchIndex=-1
2022-11-01 02:15:23,709 [s1-server-thread3] INFO  server.RaftServer$Division (RaftServerImpl.java:checkInconsistentAppendEntries(1599)) - s1@group-29DD907A7165: Failed appendEntries as previous log entry ((t:2, i:0)) is not found
2022-11-01 02:15:23,709 [s1-server-thread3] INFO  server.RaftServer$Division (RaftServerImpl.java:checkInconsistentAppendEntries(1569)) - s1@group-29DD907A7165: inconsistency entries. Reply:s4<-s1#208:FAIL-t2,INCONSISTENCY,nextIndex=0,followerCommit=0,matchIndex=-1
2022-11-01 02:15:23,710 [s1-server-thread3] INFO  server.RaftServer$Division (RaftServerImpl.java:checkInconsistentAppendEntries(1599)) - s1@group-29DD907A7165: Failed appendEntries as previous log entry ((t:2, i:0)) is not found
2022-11-01 02:15:23,710 [s1-server-thread3] INFO  server.RaftServer$Division (RaftServerImpl.java:checkInconsistentAppendEntries(1569)) - s1@group-29DD907A7165: inconsistency entries. Reply:s4<-s1#209:FAIL-t2,INCONSISTENCY,nextIndex=0,followerCommit=0,matchIndex=-1
2022-11-01 02:15:23,710 [s1-server-thread3] INFO  server.RaftServer$Division (RaftServerImpl.java:checkInconsistentAppendEntries(1599)) - s1@group-29DD907A7165: Failed appendEntries as previous log entry ((t:2, i:0)) is not found
2022-11-01 02:15:23,710 [s1-server-thread3] INFO  server.RaftServer$Division (RaftServerImpl.java:checkInconsistentAppendEntries(1569)) - s1@group-29DD907A7165: inconsistency entries. Reply:s4<-s1#210:FAIL-t2,INCONSISTENCY,nextIndex=0,followerCommit=0,matchIndex=-1
2022-11-01 02:15:23,711 [grpc-default-executor-27] INFO  leader.FollowerInfo (FollowerInfoImpl.java:lambda$new$0(48)) - s4@group-29DD907A7165->s1: nextIndex: updateUnconditionally 1 -> 0
2022-11-01 02:15:23,711 [grpc-default-executor-5] INFO  leader.FollowerInfo (FollowerInfoImpl.java:lambda$new$0(48)) - s4@group-29DD907A7165->s1: nextIndex: updateUnconditionally 1 -> 1
2022-11-01 02:15:23,712 [s1-server-thread4] DEBUG server.RaftServer$Division (RaftServerImpl.java:logAppendEntries(1418)) - s1@group-29DD907A7165: receive appendEntries(s4, 2, null, 0, true, commits:[s4:c0, s3:c0, s0:c0, s1:c0, s2:c0], cId:213, entries: [(t:2, i:0), CONFIGURATIONENTRY(current:id: "s3"
address: "localhost:46863"
dataStreamAddress: "localhost:44363"
clientAddress: "localhost:41041"
adminAddress: "localhost:41281"
startupRole: FOLLOWER
,id: "s4"
address: "localhost:36775"
dataStreamAddress: "localhost:42557"
clientAddress: "localhost:46475"
adminAddress: "localhost:35477"
startupRole: FOLLOWER
,id: "s0"
address: "localhost:33119"
dataStreamAddress: "localhost:34507"
clientAddress: "localhost:45597"
adminAddress: "localhost:42011"
startupRole: FOLLOWER
,id: "s1"
address: "localhost:43051"
dataStreamAddress: "localhost:41779"
clientAddress: "localhost:45233"
adminAddress: "localhost:41551"
startupRole: FOLLOWER
,id: "s2"
address: "localhost:41201"
dataStreamAddress: "localhost:43565"
clientAddress: "localhost:41547"
adminAddress: "localhost:41487"
startupRole: FOLLOWER
, old:)]
2022-11-01 02:15:23,712 [s1-server-thread4] INFO  server.RaftServer$Division (RaftServerImpl.java:checkInconsistentAppendEntries(1589)) - s1@group-29DD907A7165: Failed appendEntries as the first entry (index 0) already exists (snapshotIndex: -1, commitIndex: 0)
2022-11-01 02:15:23,712 [s1-server-thread4] INFO  server.RaftServer$Division (RaftServerImpl.java:checkInconsistentAppendEntries(1569)) - s1@group-29DD907A7165: inconsistency entries. Reply:s4<-s1#213:FAIL-t2,INCONSISTENCY,nextIndex=1,followerCommit=0,matchIndex=-1
2022-11-01 02:15:23,712 [grpc-default-executor-27] INFO  leader.FollowerInfo (FollowerInfoImpl.java:lambda$new$0(48)) - s4@group-29DD907A7165->s1: nextIndex: updateUnconditionally 1 -> 1
2022-11-01 02:15:23,712 [grpc-default-executor-5] INFO  leader.FollowerInfo (FollowerInfoImpl.java:lambda$new$0(48)) - s4@group-29DD907A7165->s1: nextIndex: updateUnconditionally 1 -> 0
2022-11-01 02:15:23,713 [s1-server-thread4] DEBUG server.RaftServer$Division (RaftServerImpl.java:logAppendEntries(1418)) - s1@group-29DD907A7165: receive appendEntries(s4, 2, null, 0, true, commits:[s4:c0, s3:c0, s0:c0, s1:c0, s2:c0], cId:214, entries: [(t:2, i:0), CONFIGURATIONENTRY(current:id: "s3"
address: "localhost:46863"
dataStreamAddress: "localhost:44363"
clientAddress: "localhost:41041"
adminAddress: "localhost:41281"
startupRole: FOLLOWER
,id: "s4"
address: "localhost:36775"
dataStreamAddress: "localhost:42557"
clientAddress: "localhost:46475"
adminAddress: "localhost:35477"
startupRole: FOLLOWER
,id: "s0"
address: "localhost:33119"
dataStreamAddress: "localhost:34507"
clientAddress: "localhost:45597"
adminAddress: "localhost:42011"
startupRole: FOLLOWER
,id: "s1"
address: "localhost:43051"
dataStreamAddress: "localhost:41779"
clientAddress: "localhost:45233"
adminAddress: "localhost:41551"
startupRole: FOLLOWER
,id: "s2"
address: "localhost:41201"
dataStreamAddress: "localhost:43565"
clientAddress: "localhost:41547"
adminAddress: "localhost:41487"
startupRole: FOLLOWER
, old:)]
2022-11-01 02:15:23,713 [s1-server-thread4] INFO  server.RaftServer$Division (RaftServerImpl.java:checkInconsistentAppendEntries(1589)) - s1@group-29DD907A7165: Failed appendEntries as the first entry (index 0) already exists (snapshotIndex: -1, commitIndex: 0)
2022-11-01 02:15:23,713 [s1-server-thread4] INFO  server.RaftServer$Division (RaftServerImpl.java:checkInconsistentAppendEntries(1569)) - s1@group-29DD907A7165: inconsistency entries. Reply:s4<-s1#214:FAIL-t2,INCONSISTENCY,nextIndex=1,followerCommit=0,matchIndex=-1
2022-11-01 02:15:23,713 [s1-server-thread3] INFO  server.RaftServer$Division (RaftServerImpl.java:checkInconsistentAppendEntries(1599)) - s1@group-29DD907A7165: Failed appendEntries as previous log entry ((t:2, i:0)) is not found
2022-11-01 02:15:23,713 [s1-server-thread3] INFO  server.RaftServer$Division (RaftServerImpl.java:checkInconsistentAppendEntries(1569)) - s1@group-29DD907A7165: inconsistency entries. Reply:s4<-s1#211:FAIL-t2,INCONSISTENCY,nextIndex=0,followerCommit=0,matchIndex=-1
2022-11-01 02:15:23,714 [grpc-default-executor-24] INFO  leader.FollowerInfo (FollowerInfoImpl.java:lambda$new$0(48)) - s4@group-29DD907A7165->s1: nextIndex: updateUnconditionally 1 -> 0
2022-11-01 02:15:23,714 [s1-server-thread3] DEBUG server.RaftServer$Division (RaftServerImpl.java:logAppendEntries(1418)) - s1@group-29DD907A7165: receive appendEntries(s4, 2, null, 0, true, commits:[s4:c0, s3:c0, s0:c0, s1:c0, s2:c0], cId:215, entries: [(t:2, i:0), CONFIGURATIONENTRY(current:id: "s3"
address: "localhost:46863"
dataStreamAddress: "localhost:44363"
clientAddress: "localhost:41041"
adminAddress: "localhost:41281"
startupRole: FOLLOWER
,id: "s4"
address: "localhost:36775"
dataStreamAddress: "localhost:42557"
clientAddress: "localhost:46475"
adminAddress: "localhost:35477"
startupRole: FOLLOWER
,id: "s0"
address: "localhost:33119"
dataStreamAddress: "localhost:34507"
clientAddress: "localhost:45597"
adminAddress: "localhost:42011"
startupRole: FOLLOWER
,id: "s1"
address: "localhost:43051"
dataStreamAddress: "localhost:41779"
clientAddress: "localhost:45233"
adminAddress: "localhost:41551"
startupRole: FOLLOWER
,id: "s2"
address: "localhost:41201"
dataStreamAddress: "localhost:43565"
clientAddress: "localhost:41547"
adminAddress: "localhost:41487"
startupRole: FOLLOWER
, old:)]
2022-11-01 02:15:23,715 [s1-server-thread3] INFO  server.RaftServer$Division (RaftServerImpl.java:checkInconsistentAppendEntries(1589)) - s1@group-29DD907A7165: Failed appendEntries as the first entry (index 0) already exists (snapshotIndex: -1, commitIndex: 0)
2022-11-01 02:15:23,715 [s1-server-thread3] INFO  server.RaftServer$Division (RaftServerImpl.java:checkInconsistentAppendEntries(1569)) - s1@group-29DD907A7165: inconsistency entries. Reply:s4<-s1#215:FAIL-t2,INCONSISTENCY,nextIndex=1,followerCommit=0,matchIndex=-1
2022-11-01 02:15:23,715 [grpc-default-executor-24] INFO  leader.FollowerInfo (FollowerInfoImpl.java:lambda$new$0(48)) - s4@group-29DD907A7165->s1: nextIndex: updateUnconditionally 1 -> 1
2022-11-01 02:15:23,716 [grpc-default-executor-5] INFO  leader.FollowerInfo (FollowerInfoImpl.java:lambda$new$0(48)) - s4@group-29DD907A7165->s1: nextIndex: updateUnconditionally 1 -> 1
2022-11-01 02:15:23,716 [grpc-default-executor-24] INFO  leader.FollowerInfo (FollowerInfoImpl.java:lambda$new$0(48)) - s4@group-29DD907A7165->s1: nextIndex: updateUnconditionally 1 -> 0
2022-11-01 02:15:23,717 [s1-server-thread3] DEBUG server.RaftServer$Division (RaftServerImpl.java:logAppendEntries(1418)) - s1@group-29DD907A7165: receive appendEntries(s4, 2, null, 0, true, commits:[s4:c0, s3:c0, s0:c0, s1:c0, s2:c0], cId:216, entries: [(t:2, i:0), CONFIGURATIONENTRY(current:id: "s3"
address: "localhost:46863"
dataStreamAddress: "localhost:44363"
clientAddress: "localhost:41041"
adminAddress: "localhost:41281"
startupRole: FOLLOWER
,id: "s4"
address: "localhost:36775"
dataStreamAddress: "localhost:42557"
clientAddress: "localhost:46475"
adminAddress: "localhost:35477"
startupRole: FOLLOWER
,id: "s0"
address: "localhost:33119"
dataStreamAddress: "localhost:34507"
clientAddress: "localhost:45597"
adminAddress: "localhost:42011"
startupRole: FOLLOWER
,id: "s1"
address: "localhost:43051"
dataStreamAddress: "localhost:41779"
clientAddress: "localhost:45233"
adminAddress: "localhost:41551"
startupRole: FOLLOWER
,id: "s2"
address: "localhost:41201"
dataStreamAddress: "localhost:43565"
clientAddress: "localhost:41547"
adminAddress: "localhost:41487"
startupRole: FOLLOWER
, old:)]
2022-11-01 02:15:23,717 [s1-server-thread3] INFO  server.RaftServer$Division (RaftServerImpl.java:checkInconsistentAppendEntries(1589)) - s1@group-29DD907A7165: Failed appendEntries as the first entry (index 0) already exists (snapshotIndex: -1, commitIndex: 0)
2022-11-01 02:15:23,717 [s1-server-thread3] INFO  server.RaftServer$Division (RaftServerImpl.java:checkInconsistentAppendEntries(1569)) - s1@group-29DD907A7165: inconsistency entries. Reply:s4<-s1#216:FAIL-t2,INCONSISTENCY,nextIndex=1,followerCommit=0,matchIndex=-1
2022-11-01 02:15:23,718 [grpc-default-executor-24] INFO  leader.FollowerInfo (FollowerInfoImpl.java:lambda$new$0(48)) - s4@group-29DD907A7165->s1: nextIndex: updateUnconditionally 1 -> 1
2022-11-01 02:15:23,718 [grpc-default-executor-5] INFO  leader.FollowerInfo (FollowerInfoImpl.java:lambda$new$0(48)) - s4@group-29DD907A7165->s1: nextIndex: updateUnconditionally 1 -> 0
2022-11-01 02:15:23,718 [s1-server-thread3] DEBUG server.RaftServer$Division (RaftServerImpl.java:logAppendEntries(1418)) - s1@group-29DD907A7165: receive appendEntries(s4, 2, null, 0, true, commits:[s4:c0, s3:c0, s0:c0, s1:c0, s2:c0], cId:217, entries: [(t:2, i:0), CONFIGURATIONENTRY(current:id: "s3"
address: "localhost:46863"
dataStreamAddress: "localhost:44363"
clientAddress: "localhost:41041"
adminAddress: "localhost:41281"
startupRole: FOLLOWER
,id: "s4"
address: "localhost:36775"
dataStreamAddress: "localhost:42557"
clientAddress: "localhost:46475"
adminAddress: "localhost:35477"
startupRole: FOLLOWER
,id: "s0"
address: "localhost:33119"
dataStreamAddress: "localhost:34507"
clientAddress: "localhost:45597"
adminAddress: "localhost:42011"
startupRole: FOLLOWER
,id: "s1"
address: "localhost:43051"
dataStreamAddress: "localhost:41779"
clientAddress: "localhost:45233"
adminAddress: "localhost:41551"
startupRole: FOLLOWER
,id: "s2"
address: "localhost:41201"
dataStreamAddress: "localhost:43565"
clientAddress: "localhost:41547"
adminAddress: "localhost:41487"
startupRole: FOLLOWER
, old:)]
2022-11-01 02:15:23,719 [grpc-default-executor-27] INFO  leader.FollowerInfo (FollowerInfoImpl.java:lambda$new$0(48)) - s4@group-29DD907A7165->s1: nextIndex: updateUnconditionally 1 -> 0
2022-11-01 02:15:23,719 [s1-server-thread3] INFO  server.RaftServer$Division (RaftServerImpl.java:checkInconsistentAppendEntries(1589)) - s1@group-29DD907A7165: Failed appendEntries as the first entry (index 0) already exists (snapshotIndex: -1, commitIndex: 0)
2022-11-01 02:15:23,720 [s1-server-thread3] INFO  server.RaftServer$Division (RaftServerImpl.java:checkInconsistentAppendEntries(1569)) - s1@group-29DD907A7165: inconsistency entries. Reply:s4<-s1#217:FAIL-t2,INCONSISTENCY,nextIndex=1,followerCommit=0,matchIndex=-1
2022-11-01 02:15:23,720 [s1-server-thread4] DEBUG server.RaftServer$Division (RaftServerImpl.java:logAppendEntries(1418)) - s1@group-29DD907A7165: receive appendEntries(s4, 2, null, 0, true, commits:[s4:c0, s3:c0, s0:c0, s1:c0, s2:c0], cId:218, entries: [(t:2, i:0), CONFIGURATIONENTRY(current:id: "s3"
address: "localhost:46863"
dataStreamAddress: "localhost:44363"
clientAddress: "localhost:41041"
adminAddress: "localhost:41281"
startupRole: FOLLOWER
,id: "s4"
address: "localhost:36775"
dataStreamAddress: "localhost:42557"
clientAddress: "localhost:46475"
adminAddress: "localhost:35477"
startupRole: FOLLOWER
,id: "s0"
address: "localhost:33119"
dataStreamAddress: "localhost:34507"
clientAddress: "localhost:45597"
adminAddress: "localhost:42011"
startupRole: FOLLOWER
,id: "s1"
address: "localhost:43051"
dataStreamAddress: "localhost:41779"
clientAddress: "localhost:45233"
adminAddress: "localhost:41551"
startupRole: FOLLOWER
,id: "s2"
address: "localhost:41201"
dataStreamAddress: "localhost:43565"
clientAddress: "localhost:41547"
adminAddress: "localhost:41487"
startupRole: FOLLOWER
, old:)]
2022-11-01 02:15:23,720 [s1-server-thread4] INFO  server.RaftServer$Division (RaftServerImpl.java:checkInconsistentAppendEntries(1589)) - s1@group-29DD907A7165: Failed appendEntries as the first entry (index 0) already exists (snapshotIndex: -1, commitIndex: 0)
2022-11-01 02:15:23,720 [s1-server-thread4] INFO  server.RaftServer$Division (RaftServerImpl.java:checkInconsistentAppendEntries(1569)) - s1@group-29DD907A7165: inconsistency entries. Reply:s4<-s1#218:FAIL-t2,INCONSISTENCY,nextIndex=1,followerCommit=0,matchIndex=-1
2022-11-01 02:15:23,721 [s1-server-thread4] DEBUG server.RaftServer$Division (RaftServerImpl.java:logAppendEntries(1418)) - s1@group-29DD907A7165: receive appendEntries(s4, 2, null, 0, true, commits:[s4:c0, s3:c0, s0:c0, s1:c0, s2:c0], cId:219, entries: [(t:2, i:0), CONFIGURATIONENTRY(current:id: "s3"
address: "localhost:46863"
dataStreamAddress: "localhost:44363"
clientAddress: "localhost:41041"
adminAddress: "localhost:41281"
startupRole: FOLLOWER
,id: "s4"
address: "localhost:36775"
dataStreamAddress: "localhost:42557"
clientAddress: "localhost:46475"
adminAddress: "localhost:35477"
startupRole: FOLLOWER
,id: "s0"
address: "localhost:33119"
dataStreamAddress: "localhost:34507"
clientAddress: "localhost:45597"
adminAddress: "localhost:42011"
startupRole: FOLLOWER
,id: "s1"
address: "localhost:43051"
dataStreamAddress: "localhost:41779"
clientAddress: "localhost:45233"
adminAddress: "localhost:41551"
startupRole: FOLLOWER
,id: "s2"
address: "localhost:41201"
dataStreamAddress: "localhost:43565"
clientAddress: "localhost:41547"
adminAddress: "localhost:41487"
startupRole: FOLLOWER
, old:)]
2022-11-01 02:15:23,721 [s1-server-thread4] INFO  server.RaftServer$Division (RaftServerImpl.java:checkInconsistentAppendEntries(1589)) - s1@group-29DD907A7165: Failed appendEntries as the first entry (index 0) already exists (snapshotIndex: -1, commitIndex: 0)
2022-11-01 02:15:23,721 [s1-server-thread4] INFO  server.RaftServer$Division (RaftServerImpl.java:checkInconsistentAppendEntries(1569)) - s1@group-29DD907A7165: inconsistency entries. Reply:s4<-s1#219:FAIL-t2,INCONSISTENCY,nextIndex=1,followerCommit=0,matchIndex=-1
2022-11-01 02:15:23,721 [grpc-default-executor-24] INFO  leader.FollowerInfo (FollowerInfoImpl.java:lambda$new$0(48)) - s4@group-29DD907A7165->s1: nextIndex: updateUnconditionally 1 -> 1
2022-11-01 02:15:23,722 [grpc-default-executor-24] INFO  leader.FollowerInfo (FollowerInfoImpl.java:lambda$new$0(48)) - s4@group-29DD907A7165->s1: nextIndex: updateUnconditionally 1 -> 1
2022-11-01 02:15:23,722 [grpc-default-executor-24] INFO  leader.FollowerInfo (FollowerInfoImpl.java:lambda$new$0(48)) - s4@group-29DD907A7165->s1: nextIndex: updateUnconditionally 1 -> 1
2022-11-01 02:15:23,798 [s1-server-thread3] INFO  server.RaftServer$Division (RaftServerImpl.java:checkInconsistentAppendEntries(1599)) - s1@group-29DD907A7165: Failed appendEntries as previous log entry ((t:2, i:0)) is not found
2022-11-01 02:15:23,799 [s1-server-thread3] INFO  server.RaftServer$Division (RaftServerImpl.java:checkInconsistentAppendEntries(1569)) - s1@group-29DD907A7165: inconsistency entries. Reply:s4<-s1#220:FAIL-t2,INCONSISTENCY,nextIndex=0,followerCommit=0,matchIndex=-1
2022-11-01 02:15:23,799 [grpc-default-executor-24] INFO  leader.FollowerInfo (FollowerInfoImpl.java:lambda$new$0(48)) - s4@group-29DD907A7165->s1: nextIndex: updateUnconditionally 1 -> 0
2022-11-01 02:15:23,800 [s1-server-thread3] DEBUG server.RaftServer$Division (RaftServerImpl.java:logAppendEntries(1418)) - s1@group-29DD907A7165: receive appendEntries(s4, 2, null, 0, true, commits:[s4:c0, s3:c0, s0:c0, s1:c0, s2:c0], cId:221, entries: [(t:2, i:0), CONFIGURATIONENTRY(current:id: "s3"
address: "localhost:46863"
dataStreamAddress: "localhost:44363"
clientAddress: "localhost:41041"
adminAddress: "localhost:41281"
startupRole: FOLLOWER
,id: "s4"
address: "localhost:36775"
dataStreamAddress: "localhost:42557"
clientAddress: "localhost:46475"
adminAddress: "localhost:35477"
startupRole: FOLLOWER
,id: "s0"
address: "localhost:33119"
dataStreamAddress: "localhost:34507"
clientAddress: "localhost:45597"
adminAddress: "localhost:42011"
startupRole: FOLLOWER
,id: "s1"
address: "localhost:43051"
dataStreamAddress: "localhost:41779"
clientAddress: "localhost:45233"
adminAddress: "localhost:41551"
startupRole: FOLLOWER
,id: "s2"
address: "localhost:41201"
dataStreamAddress: "localhost:43565"
clientAddress: "localhost:41547"
adminAddress: "localhost:41487"
startupRole: FOLLOWER
, old:)]
2022-11-01 02:15:23,800 [s1-server-thread3] INFO  server.RaftServer$Division (RaftServerImpl.java:checkInconsistentAppendEntries(1589)) - s1@group-29DD907A7165: Failed appendEntries as the first entry (index 0) already exists (snapshotIndex: -1, commitIndex: 0)
2022-11-01 02:15:23,800 [s1-server-thread3] INFO  server.RaftServer$Division (RaftServerImpl.java:checkInconsistentAppendEntries(1569)) - s1@group-29DD907A7165: inconsistency entries. Reply:s4<-s1#221:FAIL-t2,INCONSISTENCY,nextIndex=1,followerCommit=0,matchIndex=-1
2022-11-01 02:15:23,801 [grpc-default-executor-24] INFO  leader.FollowerInfo (FollowerInfoImpl.java:lambda$new$0(48)) - s4@group-29DD907A7165->s1: nextIndex: updateUnconditionally 1 -> 1
2022-11-01 02:15:23,876 [s1-server-thread3] INFO  server.RaftServer$Division (RaftServerImpl.java:checkInconsistentAppendEntries(1599)) - s1@group-29DD907A7165: Failed appendEntries as previous log entry ((t:2, i:0)) is not found
2022-11-01 02:15:23,877 [s1-server-thread3] INFO  server.RaftServer$Division (RaftServerImpl.java:checkInconsistentAppendEntries(1569)) - s1@group-29DD907A7165: inconsistency entries. Reply:s4<-s1#222:FAIL-t2,INCONSISTENCY,nextIndex=0,followerCommit=0,matchIndex=-1
2022-11-01 02:15:23,877 [grpc-default-executor-24] INFO  leader.FollowerInfo (FollowerInfoImpl.java:lambda$new$0(48)) - s4@group-29DD907A7165->s1: nextIndex: updateUnconditionally 1 -> 0
2022-11-01 02:15:23,878 [s1-server-thread3] DEBUG server.RaftServer$Division (RaftServerImpl.java:logAppendEntries(1418)) - s1@group-29DD907A7165: receive appendEntries(s4, 2, null, 0, true, commits:[s4:c0, s3:c0, s0:c0, s1:c0, s2:c0], cId:223, entries: [(t:2, i:0), CONFIGURATIONENTRY(current:id: "s3"
address: "localhost:46863"
dataStreamAddress: "localhost:44363"
clientAddress: "localhost:41041"
adminAddress: "localhost:41281"
startupRole: FOLLOWER
,id: "s4"
address: "localhost:36775"
dataStreamAddress: "localhost:42557"
clientAddress: "localhost:46475"
adminAddress: "localhost:35477"
startupRole: FOLLOWER
,id: "s0"
address: "localhost:33119"
dataStreamAddress: "localhost:34507"
clientAddress: "localhost:45597"
adminAddress: "localhost:42011"
startupRole: FOLLOWER
,id: "s1"
address: "localhost:43051"
dataStreamAddress: "localhost:41779"
clientAddress: "localhost:45233"
adminAddress: "localhost:41551"
startupRole: FOLLOWER
,id: "s2"
address: "localhost:41201"
dataStreamAddress: "localhost:43565"
clientAddress: "localhost:41547"
adminAddress: "localhost:41487"
startupRole: FOLLOWER
, old:)]
2022-11-01 02:15:23,878 [s1-server-thread3] INFO  server.RaftServer$Division (RaftServerImpl.java:checkInconsistentAppendEntries(1589)) - s1@group-29DD907A7165: Failed appendEntries as the first entry (index 0) already exists (snapshotIndex: -1, commitIndex: 0)
2022-11-01 02:15:23,878 [s1-server-thread3] INFO  server.RaftServer$Division (RaftServerImpl.java:checkInconsistentAppendEntries(1569)) - s1@group-29DD907A7165: inconsistency entries. Reply:s4<-s1#223:FAIL-t2,INCONSISTENCY,nextIndex=1,followerCommit=0,matchIndex=-1
2022-11-01 02:15:23,879 [grpc-default-executor-24] INFO  leader.FollowerInfo (FollowerInfoImpl.java:lambda$new$0(48)) - s4@group-29DD907A7165->s1: nextIndex: updateUnconditionally 1 -> 1
2022-11-01 02:15:23,955 [s1-server-thread3] INFO  server.RaftServer$Division (RaftServerImpl.java:checkInconsistentAppendEntries(1599)) - s1@group-29DD907A7165: Failed appendEntries as previous log entry ((t:2, i:0)) is not found
2022-11-01 02:15:23,955 [s1-server-thread3] INFO  server.RaftServer$Division (RaftServerImpl.java:checkInconsistentAppendEntries(1569)) - s1@group-29DD907A7165: inconsistency entries. Reply:s4<-s1#224:FAIL-t2,INCONSISTENCY,nextIndex=0,followerCommit=0,matchIndex=-1
2022-11-01 02:15:23,955 [grpc-default-executor-24] INFO  leader.FollowerInfo (FollowerInfoImpl.java:lambda$new$0(48)) - s4@group-29DD907A7165->s1: nextIndex: updateUnconditionally 1 -> 0
2022-11-01 02:15:23,956 [s1-server-thread3] DEBUG server.RaftServer$Division (RaftServerImpl.java:logAppendEntries(1418)) - s1@group-29DD907A7165: receive appendEntries(s4, 2, null, 0, true, commits:[s4:c0, s3:c0, s0:c0, s1:c0, s2:c0], cId:225, entries: [(t:2, i:0), CONFIGURATIONENTRY(current:id: "s3"
address: "localhost:46863"
dataStreamAddress: "localhost:44363"
clientAddress: "localhost:41041"
adminAddress: "localhost:41281"
startupRole: FOLLOWER
,id: "s4"
address: "localhost:36775"
dataStreamAddress: "localhost:42557"
clientAddress: "localhost:46475"
adminAddress: "localhost:35477"
startupRole: FOLLOWER
,id: "s0"
address: "localhost:33119"
dataStreamAddress: "localhost:34507"
clientAddress: "localhost:45597"
adminAddress: "localhost:42011"
startupRole: FOLLOWER
,id: "s1"
address: "localhost:43051"
dataStreamAddress: "localhost:41779"
clientAddress: "localhost:45233"
adminAddress: "localhost:41551"
startupRole: FOLLOWER
,id: "s2"
address: "localhost:41201"
dataStreamAddress: "localhost:43565"
clientAddress: "localhost:41547"
adminAddress: "localhost:41487"
startupRole: FOLLOWER
, old:)]
2022-11-01 02:15:23,956 [s1-server-thread3] INFO  server.RaftServer$Division (RaftServerImpl.java:checkInconsistentAppendEntries(1589)) - s1@group-29DD907A7165: Failed appendEntries as the first entry (index 0) already exists (snapshotIndex: -1, commitIndex: 0)
2022-11-01 02:15:23,956 [s1-server-thread3] INFO  server.RaftServer$Division (RaftServerImpl.java:checkInconsistentAppendEntries(1569)) - s1@group-29DD907A7165: inconsistency entries. Reply:s4<-s1#225:FAIL-t2,INCONSISTENCY,nextIndex=1,followerCommit=0,matchIndex=-1
2022-11-01 02:15:23,956 [grpc-default-executor-24] INFO  leader.FollowerInfo (FollowerInfoImpl.java:lambda$new$0(48)) - s4@group-29DD907A7165->s1: nextIndex: updateUnconditionally 1 -> 1
2022-11-01 02:15:24,033 [s1-server-thread3] INFO  server.RaftServer$Division (RaftServerImpl.java:checkInconsistentAppendEntries(1599)) - s1@group-29DD907A7165: Failed appendEntries as previous log entry ((t:2, i:0)) is not found
2022-11-01 02:15:24,033 [s1-server-thread3] INFO  server.RaftServer$Division (RaftServerImpl.java:checkInconsistentAppendEntries(1569)) - s1@group-29DD907A7165: inconsistency entries. Reply:s4<-s1#226:FAIL-t2,INCONSISTENCY,nextIndex=0,followerCommit=0,matchIndex=-1
2022-11-01 02:15:24,034 [grpc-default-executor-24] INFO  leader.FollowerInfo (FollowerInfoImpl.java:lambda$new$0(48)) - s4@group-29DD907A7165->s1: nextIndex: updateUnconditionally 1 -> 0
2022-11-01 02:15:24,035 [s1-server-thread3] DEBUG server.RaftServer$Division (RaftServerImpl.java:logAppendEntries(1418)) - s1@group-29DD907A7165: receive appendEntries(s4, 2, null, 0, true, commits:[s4:c0, s3:c0, s0:c0, s1:c0, s2:c0], cId:227, entries: [(t:2, i:0), CONFIGURATIONENTRY(current:id: "s3"
address: "localhost:46863"
dataStreamAddress: "localhost:44363"
clientAddress: "localhost:41041"
adminAddress: "localhost:41281"
startupRole: FOLLOWER
,id: "s4"
address: "localhost:36775"
dataStreamAddress: "localhost:42557"
clientAddress: "localhost:46475"
adminAddress: "localhost:35477"
startupRole: FOLLOWER
,id: "s0"
address: "localhost:33119"
dataStreamAddress: "localhost:34507"
clientAddress: "localhost:45597"
adminAddress: "localhost:42011"
startupRole: FOLLOWER
,id: "s1"
address: "localhost:43051"
dataStreamAddress: "localhost:41779"
clientAddress: "localhost:45233"
adminAddress: "localhost:41551"
startupRole: FOLLOWER
,id: "s2"
address: "localhost:41201"
dataStreamAddress: "localhost:43565"
clientAddress: "localhost:41547"
adminAddress: "localhost:41487"
startupRole: FOLLOWER
, old:)]
2022-11-01 02:15:24,035 [s1-server-thread3] INFO  server.RaftServer$Division (RaftServerImpl.java:checkInconsistentAppendEntries(1589)) - s1@group-29DD907A7165: Failed appendEntries as the first entry (index 0) already exists (snapshotIndex: -1, commitIndex: 0)
2022-11-01 02:15:24,035 [s1-server-thread3] INFO  server.RaftServer$Division (RaftServerImpl.java:checkInconsistentAppendEntries(1569)) - s1@group-29DD907A7165: inconsistency entries. Reply:s4<-s1#227:FAIL-t2,INCONSISTENCY,nextIndex=1,followerCommit=0,matchIndex=-1
2022-11-01 02:15:24,035 [grpc-default-executor-24] INFO  leader.FollowerInfo (FollowerInfoImpl.java:lambda$new$0(48)) - s4@group-29DD907A7165->s1: nextIndex: updateUnconditionally 1 -> 1
2022-11-01 02:15:24,111 [s1-server-thread3] INFO  server.RaftServer$Division (RaftServerImpl.java:checkInconsistentAppendEntries(1599)) - s1@group-29DD907A7165: Failed appendEntries as previous log entry ((t:2, i:0)) is not found
2022-11-01 02:15:24,111 [s1-server-thread3] INFO  server.RaftServer$Division (RaftServerImpl.java:checkInconsistentAppendEntries(1569)) - s1@group-29DD907A7165: inconsistency entries. Reply:s4<-s1#228:FAIL-t2,INCONSISTENCY,nextIndex=0,followerCommit=0,matchIndex=-1
2022-11-01 02:15:24,113 [grpc-default-executor-24] INFO  leader.FollowerInfo (FollowerInfoImpl.java:lambda$new$0(48)) - s4@group-29DD907A7165->s1: nextIndex: updateUnconditionally 1 -> 0
2022-11-01 02:15:24,115 [s1-server-thread3] DEBUG server.RaftServer$Division (RaftServerImpl.java:logAppendEntries(1418)) - s1@group-29DD907A7165: receive appendEntries(s4, 2, null, 0, true, commits:[s4:c0, s3:c0, s0:c0, s1:c0, s2:c0], cId:229, entries: [(t:2, i:0), CONFIGURATIONENTRY(current:id: "s3"
address: "localhost:46863"
dataStreamAddress: "localhost:44363"
clientAddress: "localhost:41041"
adminAddress: "localhost:41281"
startupRole: FOLLOWER
,id: "s4"
address: "localhost:36775"
dataStreamAddress: "localhost:42557"
clientAddress: "localhost:46475"
adminAddress: "localhost:35477"
startupRole: FOLLOWER
,id: "s0"
address: "localhost:33119"
dataStreamAddress: "localhost:34507"
clientAddress: "localhost:45597"
adminAddress: "localhost:42011"
startupRole: FOLLOWER
,id: "s1"
address: "localhost:43051"
dataStreamAddress: "localhost:41779"
clientAddress: "localhost:45233"
adminAddress: "localhost:41551"
startupRole: FOLLOWER
,id: "s2"
address: "localhost:41201"
dataStreamAddress: "localhost:43565"
clientAddress: "localhost:41547"
adminAddress: "localhost:41487"
startupRole: FOLLOWER
, old:)]
2022-11-01 02:15:24,115 [s1-server-thread3] INFO  server.RaftServer$Division (RaftServerImpl.java:checkInconsistentAppendEntries(1589)) - s1@group-29DD907A7165: Failed appendEntries as the first entry (index 0) already exists (snapshotIndex: -1, commitIndex: 0)
2022-11-01 02:15:24,115 [s1-server-thread3] INFO  server.RaftServer$Division (RaftServerImpl.java:checkInconsistentAppendEntries(1569)) - s1@group-29DD907A7165: inconsistency entries. Reply:s4<-s1#229:FAIL-t2,INCONSISTENCY,nextIndex=1,followerCommit=0,matchIndex=-1
2022-11-01 02:15:24,115 [grpc-default-executor-24] INFO  leader.FollowerInfo (FollowerInfoImpl.java:lambda$new$0(48)) - s4@group-29DD907A7165->s1: nextIndex: updateUnconditionally 1 -> 1
2022-11-01 02:15:24,192 [s1-server-thread3] INFO  server.RaftServer$Division (RaftServerImpl.java:checkInconsistentAppendEntries(1599)) - s1@group-29DD907A7165: Failed appendEntries as previous log entry ((t:2, i:0)) is not found
2022-11-01 02:15:24,192 [s1-server-thread3] INFO  server.RaftServer$Division (RaftServerImpl.java:checkInconsistentAppendEntries(1569)) - s1@group-29DD907A7165: inconsistency entries. Reply:s4<-s1#230:FAIL-t2,INCONSISTENCY,nextIndex=0,followerCommit=0,matchIndex=-1
2022-11-01 02:15:24,192 [grpc-default-executor-24] INFO  leader.FollowerInfo (FollowerInfoImpl.java:lambda$new$0(48)) - s4@group-29DD907A7165->s1: nextIndex: updateUnconditionally 1 -> 0
2022-11-01 02:15:24,193 [s1-server-thread3] DEBUG server.RaftServer$Division (RaftServerImpl.java:logAppendEntries(1418)) - s1@group-29DD907A7165: receive appendEntries(s4, 2, null, 0, true, commits:[s4:c0, s3:c0, s0:c0, s1:c0, s2:c0], cId:231, entries: [(t:2, i:0), CONFIGURATIONENTRY(current:id: "s3"
address: "localhost:46863"
dataStreamAddress: "localhost:44363"
clientAddress: "localhost:41041"
adminAddress: "localhost:41281"
startupRole: FOLLOWER
,id: "s4"
address: "localhost:36775"
dataStreamAddress: "localhost:42557"
clientAddress: "localhost:46475"
adminAddress: "localhost:35477"
startupRole: FOLLOWER
,id: "s0"
address: "localhost:33119"
dataStreamAddress: "localhost:34507"
clientAddress: "localhost:45597"
adminAddress: "localhost:42011"
startupRole: FOLLOWER
,id: "s1"
address: "localhost:43051"
dataStreamAddress: "localhost:41779"
clientAddress: "localhost:45233"
adminAddress: "localhost:41551"
startupRole: FOLLOWER
,id: "s2"
address: "localhost:41201"
dataStreamAddress: "localhost:43565"
clientAddress: "localhost:41547"
adminAddress: "localhost:41487"
startupRole: FOLLOWER
, old:)]
2022-11-01 02:15:24,194 [s1-server-thread3] INFO  server.RaftServer$Division (RaftServerImpl.java:checkInconsistentAppendEntries(1589)) - s1@group-29DD907A7165: Failed appendEntries as the first entry (index 0) already exists (snapshotIndex: -1, commitIndex: 0)
2022-11-01 02:15:24,194 [s1-server-thread3] INFO  server.RaftServer$Division (RaftServerImpl.java:checkInconsistentAppendEntries(1569)) - s1@group-29DD907A7165: inconsistency entries. Reply:s4<-s1#231:FAIL-t2,INCONSISTENCY,nextIndex=1,followerCommit=0,matchIndex=-1
2022-11-01 02:15:24,194 [grpc-default-executor-27] INFO  leader.FollowerInfo (FollowerInfoImpl.java:lambda$new$0(48)) - s4@group-29DD907A7165->s1: nextIndex: updateUnconditionally 1 -> 1
2022-11-01 02:15:24,270 [s1-server-thread3] INFO  server.RaftServer$Division (RaftServerImpl.java:checkInconsistentAppendEntries(1599)) - s1@group-29DD907A7165: Failed appendEntries as previous log entry ((t:2, i:0)) is not found
2022-11-01 02:15:24,270 [s1-server-thread3] INFO  server.RaftServer$Division (RaftServerImpl.java:checkInconsistentAppendEntries(1569)) - s1@group-29DD907A7165: inconsistency entries. Reply:s4<-s1#232:FAIL-t2,INCONSISTENCY,nextIndex=0,followerCommit=0,matchIndex=-1
2022-11-01 02:15:24,271 [grpc-default-executor-27] INFO  leader.FollowerInfo (FollowerInfoImpl.java:lambda$new$0(48)) - s4@group-29DD907A7165->s1: nextIndex: updateUnconditionally 1 -> 0
2022-11-01 02:15:24,272 [s1-server-thread3] DEBUG server.RaftServer$Division (RaftServerImpl.java:logAppendEntries(1418)) - s1@group-29DD907A7165: receive appendEntries(s4, 2, null, 0, true, commits:[s4:c0, s3:c0, s0:c0, s1:c0, s2:c0], cId:233, entries: [(t:2, i:0), CONFIGURATIONENTRY(current:id: "s3"
address: "localhost:46863"
dataStreamAddress: "localhost:44363"
clientAddress: "localhost:41041"
adminAddress: "localhost:41281"
startupRole: FOLLOWER
,id: "s4"
address: "localhost:36775"
dataStreamAddress: "localhost:42557"
clientAddress: "localhost:46475"
adminAddress: "localhost:35477"
startupRole: FOLLOWER
,id: "s0"
address: "localhost:33119"
dataStreamAddress: "localhost:34507"
clientAddress: "localhost:45597"
adminAddress: "localhost:42011"
startupRole: FOLLOWER
,id: "s1"
address: "localhost:43051"
dataStreamAddress: "localhost:41779"
clientAddress: "localhost:45233"
adminAddress: "localhost:41551"
startupRole: FOLLOWER
,id: "s2"
address: "localhost:41201"
dataStreamAddress: "localhost:43565"
clientAddress: "localhost:41547"
adminAddress: "localhost:41487"
startupRole: FOLLOWER
, old:)]
2022-11-01 02:15:24,272 [s1-server-thread3] INFO  server.RaftServer$Division (RaftServerImpl.java:checkInconsistentAppendEntries(1589)) - s1@group-29DD907A7165: Failed appendEntries as the first entry (index 0) already exists (snapshotIndex: -1, commitIndex: 0)
2022-11-01 02:15:24,272 [s1-server-thread3] INFO  server.RaftServer$Division (RaftServerImpl.java:checkInconsistentAppendEntries(1569)) - s1@group-29DD907A7165: inconsistency entries. Reply:s4<-s1#233:FAIL-t2,INCONSISTENCY,nextIndex=1,followerCommit=0,matchIndex=-1
2022-11-01 02:15:24,272 [grpc-default-executor-27] INFO  leader.FollowerInfo (FollowerInfoImpl.java:lambda$new$0(48)) - s4@group-29DD907A7165->s1: nextIndex: updateUnconditionally 1 -> 1
2022-11-01 02:15:24,348 [s1-server-thread3] INFO  server.RaftServer$Division (RaftServerImpl.java:checkInconsistentAppendEntries(1599)) - s1@group-29DD907A7165: Failed appendEntries as previous log entry ((t:2, i:0)) is not found
2022-11-01 02:15:24,348 [s1-server-thread3] INFO  server.RaftServer$Division (RaftServerImpl.java:checkInconsistentAppendEntries(1569)) - s1@group-29DD907A7165: inconsistency entries. Reply:s4<-s1#234:FAIL-t2,INCONSISTENCY,nextIndex=0,followerCommit=0,matchIndex=-1
2022-11-01 02:15:24,349 [grpc-default-executor-24] INFO  leader.FollowerInfo (FollowerInfoImpl.java:lambda$new$0(48)) - s4@group-29DD907A7165->s1: nextIndex: updateUnconditionally 1 -> 0
2022-11-01 02:15:24,352 [s1-server-thread3] DEBUG server.RaftServer$Division (RaftServerImpl.java:logAppendEntries(1418)) - s1@group-29DD907A7165: receive appendEntries(s4, 2, null, 0, true, commits:[s4:c0, s3:c0, s0:c0, s1:c0, s2:c0], cId:235, entries: [(t:2, i:0), CONFIGURATIONENTRY(current:id: "s3"
address: "localhost:46863"
dataStreamAddress: "localhost:44363"
clientAddress: "localhost:41041"
adminAddress: "localhost:41281"
startupRole: FOLLOWER
,id: "s4"
address: "localhost:36775"
dataStreamAddress: "localhost:42557"
clientAddress: "localhost:46475"
adminAddress: "localhost:35477"
startupRole: FOLLOWER
,id: "s0"
address: "localhost:33119"
dataStreamAddress: "localhost:34507"
clientAddress: "localhost:45597"
adminAddress: "localhost:42011"
startupRole: FOLLOWER
,id: "s1"
address: "localhost:43051"
dataStreamAddress: "localhost:41779"
clientAddress: "localhost:45233"
adminAddress: "localhost:41551"
startupRole: FOLLOWER
,id: "s2"
address: "localhost:41201"
dataStreamAddress: "localhost:43565"
clientAddress: "localhost:41547"
adminAddress: "localhost:41487"
startupRole: FOLLOWER
, old:)]
2022-11-01 02:15:24,352 [s1-server-thread3] INFO  server.RaftServer$Division (RaftServerImpl.java:checkInconsistentAppendEntries(1589)) - s1@group-29DD907A7165: Failed appendEntries as the first entry (index 0) already exists (snapshotIndex: -1, commitIndex: 0)
2022-11-01 02:15:24,352 [s1-server-thread3] INFO  server.RaftServer$Division (RaftServerImpl.java:checkInconsistentAppendEntries(1569)) - s1@group-29DD907A7165: inconsistency entries. Reply:s4<-s1#235:FAIL-t2,INCONSISTENCY,nextIndex=1,followerCommit=0,matchIndex=-1
2022-11-01 02:15:24,353 [grpc-default-executor-27] INFO  leader.FollowerInfo (FollowerInfoImpl.java:lambda$new$0(48)) - s4@group-29DD907A7165->s1: nextIndex: updateUnconditionally 1 -> 1
2022-11-01 02:15:24,423 [Time-limited test] INFO  grpc.TestLeaderElectionWithGrpc (LeaderElectionTests.java:enforceLeader(292)) - try enforcing leader to s1 but new leader is s4
2022-11-01 02:15:24,423 [Time-limited test] INFO  server.RaftServerConfigKeys (ConfUtils.java:logGet(46)) - raft.server.rpc.timeout.max = 300ms (default)
2022-11-01 02:15:24,428 [s4@group-29DD907A7165->s3-GrpcLogAppender-LogAppenderDaemon] INFO  util.CodeInjectionForTesting (DelayLocalExecutionInjection.java:execute(65)) - s4 delay 150 ms, args=[serverRequest {
  requestorId: "s4"
  replyId: "s3"
  raftGroupId {
    id: "\306I{yg\341A\222\264\356)\335\220zqe"
  }
  callId: 118
  slidingWindowEntry {
  }
}
leaderTerm: 2
previousLog {
  term: 2
}
initializing: true
commitInfos {
  server {
    id: "s4"
    address: "localhost:36775"
    dataStreamAddress: "localhost:42557"
    clientAddress: "localhost:46475"
    adminAddress: "localhost:35477"
    startupRole: FOLLOWER
  }
}
commitInfos {
  server {
    id: "s3"
    address: "localhost:46863"
    dataStreamAddress: "localhost:44363"
    clientAddress: "localhost:41041"
    adminAddress: "localhost:41281"
    startupRole: FOLLOWER
  }
}
commitInfos {
  server {
    id: "s0"
    address: "localhost:33119"
    dataStreamAddress: "localhost:34507"
    clientAddress: "localhost:45597"
    adminAddress: "localhost:42011"
    startupRole: FOLLOWER
  }
}
commitInfos {
  server {
    id: "s1"
    address: "localhost:43051"
    dataStreamAddress: "localhost:41779"
    clientAddress: "localhost:45233"
    adminAddress: "localhost:41551"
    startupRole: FOLLOWER
  }
}
commitInfos {
  server {
    id: "s2"
    address: "localhost:41201"
    dataStreamAddress: "localhost:43565"
    clientAddress: "localhost:41547"
    adminAddress: "localhost:41487"
    startupRole: FOLLOWER
  }
}
]
2022-11-01 02:15:24,428 [s4@group-29DD907A7165->s1-GrpcLogAppender-LogAppenderDaemon] INFO  util.CodeInjectionForTesting (DelayLocalExecutionInjection.java:execute(65)) - s4 delay 150 ms, args=[serverRequest {
  requestorId: "s4"
  replyId: "s1"
  raftGroupId {
    id: "\306I{yg\341A\222\264\356)\335\220zqe"
  }
  callId: 236
  slidingWindowEntry {
  }
}
leaderTerm: 2
previousLog {
  term: 2
}
initializing: true
commitInfos {
  server {
    id: "s4"
    address: "localhost:36775"
    dataStreamAddress: "localhost:42557"
    clientAddress: "localhost:46475"
    adminAddress: "localhost:35477"
    startupRole: FOLLOWER
  }
}
commitInfos {
  server {
    id: "s3"
    address: "localhost:46863"
    dataStreamAddress: "localhost:44363"
    clientAddress: "localhost:41041"
    adminAddress: "localhost:41281"
    startupRole: FOLLOWER
  }
}
commitInfos {
  server {
    id: "s0"
    address: "localhost:33119"
    dataStreamAddress: "localhost:34507"
    clientAddress: "localhost:45597"
    adminAddress: "localhost:42011"
    startupRole: FOLLOWER
  }
}
commitInfos {
  server {
    id: "s1"
    address: "localhost:43051"
    dataStreamAddress: "localhost:41779"
    clientAddress: "localhost:45233"
    adminAddress: "localhost:41551"
    startupRole: FOLLOWER
  }
}
commitInfos {
  server {
    id: "s2"
    address: "localhost:41201"
    dataStreamAddress: "localhost:43565"
    clientAddress: "localhost:41547"
    adminAddress: "localhost:41487"
    startupRole: FOLLOWER
  }
}
]
2022-11-01 02:15:24,430 [s4@group-29DD907A7165->s0-GrpcLogAppender-LogAppenderDaemon] INFO  util.CodeInjectionForTesting (DelayLocalExecutionInjection.java:execute(65)) - s4 delay 150 ms, args=[serverRequest {
  requestorId: "s4"
  replyId: "s0"
  raftGroupId {
    id: "\306I{yg\341A\222\264\356)\335\220zqe"
  }
  callId: 128
  slidingWindowEntry {
  }
}
leaderTerm: 2
previousLog {
  term: 2
}
initializing: true
commitInfos {
  server {
    id: "s4"
    address: "localhost:36775"
    dataStreamAddress: "localhost:42557"
    clientAddress: "localhost:46475"
    adminAddress: "localhost:35477"
    startupRole: FOLLOWER
  }
}
commitInfos {
  server {
    id: "s3"
    address: "localhost:46863"
    dataStreamAddress: "localhost:44363"
    clientAddress: "localhost:41041"
    adminAddress: "localhost:41281"
    startupRole: FOLLOWER
  }
}
commitInfos {
  server {
    id: "s0"
    address: "localhost:33119"
    dataStreamAddress: "localhost:34507"
    clientAddress: "localhost:45597"
    adminAddress: "localhost:42011"
    startupRole: FOLLOWER
  }
}
commitInfos {
  server {
    id: "s1"
    address: "localhost:43051"
    dataStreamAddress: "localhost:41779"
    clientAddress: "localhost:45233"
    adminAddress: "localhost:41551"
    startupRole: FOLLOWER
  }
}
commitInfos {
  server {
    id: "s2"
    address: "localhost:41201"
    dataStreamAddress: "localhost:43565"
    clientAddress: "localhost:41547"
    adminAddress: "localhost:41487"
    startupRole: FOLLOWER
  }
}
]
2022-11-01 02:15:24,488 [s4@group-29DD907A7165->s2-GrpcLogAppender-LogAppenderDaemon] INFO  util.CodeInjectionForTesting (DelayLocalExecutionInjection.java:execute(65)) - s4 delay 150 ms, args=[serverRequest {
  requestorId: "s4"
  replyId: "s2"
  raftGroupId {
    id: "\306I{yg\341A\222\264\356)\335\220zqe"
  }
  callId: 115
  slidingWindowEntry {
  }
}
leaderTerm: 2
previousLog {
  term: 2
}
initializing: true
commitInfos {
  server {
    id: "s4"
    address: "localhost:36775"
    dataStreamAddress: "localhost:42557"
    clientAddress: "localhost:46475"
    adminAddress: "localhost:35477"
    startupRole: FOLLOWER
  }
}
commitInfos {
  server {
    id: "s3"
    address: "localhost:46863"
    dataStreamAddress: "localhost:44363"
    clientAddress: "localhost:41041"
    adminAddress: "localhost:41281"
    startupRole: FOLLOWER
  }
}
commitInfos {
  server {
    id: "s0"
    address: "localhost:33119"
    dataStreamAddress: "localhost:34507"
    clientAddress: "localhost:45597"
    adminAddress: "localhost:42011"
    startupRole: FOLLOWER
  }
}
commitInfos {
  server {
    id: "s1"
    address: "localhost:43051"
    dataStreamAddress: "localhost:41779"
    clientAddress: "localhost:45233"
    adminAddress: "localhost:41551"
    startupRole: FOLLOWER
  }
}
commitInfos {
  server {
    id: "s2"
    address: "localhost:41201"
    dataStreamAddress: "localhost:43565"
    clientAddress: "localhost:41547"
    adminAddress: "localhost:41487"
    startupRole: FOLLOWER
  }
}
]
2022-11-01 02:15:24,579 [s1-server-thread3] INFO  util.CodeInjectionForTesting (BlockRequestHandlingInjection.java:execute(77)) - s1: Block request from s4
2022-11-01 02:15:24,616 [s4@group-29DD907A7165->s1-GrpcLogAppender-LogAppenderDaemon] INFO  util.CodeInjectionForTesting (DelayLocalExecutionInjection.java:execute(65)) - s4 delay 150 ms, args=[serverRequest {
  requestorId: "s4"
  replyId: "s1"
  raftGroupId {
    id: "\306I{yg\341A\222\264\356)\335\220zqe"
  }
  callId: 237
  slidingWindowEntry {
  }
}
leaderTerm: 2
previousLog {
  term: 2
}
initializing: true
commitInfos {
  server {
    id: "s4"
    address: "localhost:36775"
    dataStreamAddress: "localhost:42557"
    clientAddress: "localhost:46475"
    adminAddress: "localhost:35477"
    startupRole: FOLLOWER
  }
}
commitInfos {
  server {
    id: "s3"
    address: "localhost:46863"
    dataStreamAddress: "localhost:44363"
    clientAddress: "localhost:41041"
    adminAddress: "localhost:41281"
    startupRole: FOLLOWER
  }
}
commitInfos {
  server {
    id: "s0"
    address: "localhost:33119"
    dataStreamAddress: "localhost:34507"
    clientAddress: "localhost:45597"
    adminAddress: "localhost:42011"
    startupRole: FOLLOWER
  }
}
commitInfos {
  server {
    id: "s1"
    address: "localhost:43051"
    dataStreamAddress: "localhost:41779"
    clientAddress: "localhost:45233"
    adminAddress: "localhost:41551"
    startupRole: FOLLOWER
  }
}
commitInfos {
  server {
    id: "s2"
    address: "localhost:41201"
    dataStreamAddress: "localhost:43565"
    clientAddress: "localhost:41547"
    adminAddress: "localhost:41487"
    startupRole: FOLLOWER
  }
}
]
2022-11-01 02:15:24,631 [s2@group-29DD907A7165-FollowerState] INFO  impl.FollowerState (FollowerState.java:run(143)) - s2@group-29DD907A7165-FollowerState: change to CANDIDATE, lastRpcElapsedTime:219041550ns, electionTimeout:208ms
2022-11-01 02:15:24,631 [s2@group-29DD907A7165-FollowerState] INFO  impl.RoleInfo (RoleInfo.java:shutdownFollowerState(110)) - s2: shutdown s2@group-29DD907A7165-FollowerState
2022-11-01 02:15:24,631 [s2@group-29DD907A7165-FollowerState] INFO  server.RaftServer$Division (RaftServerImpl.java:setRole(325)) - s2@group-29DD907A7165: changes role from  FOLLOWER to CANDIDATE at term 2 for changeToCandidate
2022-11-01 02:15:24,631 [s2@group-29DD907A7165-FollowerState] INFO  server.RaftServerConfigKeys (ConfUtils.java:logGet(46)) - raft.server.leaderelection.pre-vote = true (default)
2022-11-01 02:15:24,631 [s2@group-29DD907A7165-FollowerState] INFO  impl.RoleInfo (RoleInfo.java:updateAndGet(139)) - s2: start s2@group-29DD907A7165-LeaderElection49
2022-11-01 02:15:24,632 [s2@group-29DD907A7165-LeaderElection49] INFO  server.RaftServer$Division (ServerState.java:setLeader(259)) - s2@group-29DD907A7165: change Leader from s4 to null at term 2 for PRE_VOTE
2022-11-01 02:15:24,632 [s2@group-29DD907A7165-LeaderElection49] INFO  impl.LeaderElection (LeaderElection.java:askForVotes(309)) - s2@group-29DD907A7165-LeaderElection49 PRE_VOTE round 0: submit vote requests at term 2 for 0: peers:[s3|rpc:localhost:46863|admin:localhost:41281|client:localhost:41041|dataStream:localhost:44363|priority:0|startupRole:FOLLOWER, s4|rpc:localhost:36775|admin:localhost:35477|client:localhost:46475|dataStream:localhost:42557|priority:0|startupRole:FOLLOWER, s0|rpc:localhost:33119|admin:localhost:42011|client:localhost:45597|dataStream:localhost:34507|priority:0|startupRole:FOLLOWER, s1|rpc:localhost:43051|admin:localhost:41551|client:localhost:45233|dataStream:localhost:41779|priority:0|startupRole:FOLLOWER, s2|rpc:localhost:41201|admin:localhost:41487|client:localhost:41547|dataStream:localhost:43565|priority:0|startupRole:FOLLOWER]|listeners:[], old=null
2022-11-01 02:15:24,633 [s2@group-29DD907A7165-LeaderElection49-1] INFO  util.CodeInjectionForTesting (DelayLocalExecutionInjection.java:execute(65)) - s2 delay 150 ms, args=[serverRequest {
  requestorId: "s2"
  replyId: "s3"
  raftGroupId {
    id: "\306I{yg\341A\222\264\356)\335\220zqe"
  }
  slidingWindowEntry {
  }
}
candidateTerm: 2
candidateLastEntry {
  term: 2
}
preVote: true
]
2022-11-01 02:15:24,633 [s2@group-29DD907A7165-LeaderElection49-2] INFO  util.CodeInjectionForTesting (DelayLocalExecutionInjection.java:execute(65)) - s2 delay 150 ms, args=[serverRequest {
  requestorId: "s2"
  replyId: "s4"
  raftGroupId {
    id: "\306I{yg\341A\222\264\356)\335\220zqe"
  }
  slidingWindowEntry {
  }
}
candidateTerm: 2
candidateLastEntry {
  term: 2
}
preVote: true
]
2022-11-01 02:15:24,634 [s2@group-29DD907A7165-LeaderElection49-3] INFO  util.CodeInjectionForTesting (DelayLocalExecutionInjection.java:execute(65)) - s2 delay 150 ms, args=[serverRequest {
  requestorId: "s2"
  replyId: "s0"
  raftGroupId {
    id: "\306I{yg\341A\222\264\356)\335\220zqe"
  }
  slidingWindowEntry {
  }
}
candidateTerm: 2
candidateLastEntry {
  term: 2
}
preVote: true
]
2022-11-01 02:15:24,634 [s2@group-29DD907A7165-LeaderElection49-4] INFO  util.CodeInjectionForTesting (DelayLocalExecutionInjection.java:execute(65)) - s2 delay 150 ms, args=[serverRequest {
  requestorId: "s2"
  replyId: "s1"
  raftGroupId {
    id: "\306I{yg\341A\222\264\356)\335\220zqe"
  }
  slidingWindowEntry {
  }
}
candidateTerm: 2
candidateLastEntry {
  term: 2
}
preVote: true
]
2022-11-01 02:15:24,640 [s2-server-thread1] INFO  server.RaftServer$Division (RaftServerImpl.java:setRole(325)) - s2@group-29DD907A7165: changes role from CANDIDATE to FOLLOWER at term 2 for appendEntries
2022-11-01 02:15:24,640 [s2-server-thread1] INFO  impl.RoleInfo (RoleInfo.java:shutdownLeaderElection(130)) - s2: shutdown s2@group-29DD907A7165-LeaderElection49
2022-11-01 02:15:24,640 [s2-server-thread1] INFO  impl.RoleInfo (RoleInfo.java:updateAndGet(139)) - s2: start s2@group-29DD907A7165-FollowerState
2022-11-01 02:15:24,641 [s2-server-thread1] INFO  server.RaftServer$Division (ServerState.java:setLeader(259)) - s2@group-29DD907A7165: change Leader from null to s4 at term 2 for appendEntries, leader elected after 8ms
2022-11-01 02:15:24,655 [s4@group-29DD907A7165->s3-GrpcLogAppender-LogAppenderDaemon] INFO  util.CodeInjectionForTesting (DelayLocalExecutionInjection.java:execute(65)) - s4 delay 150 ms, args=[serverRequest {
  requestorId: "s4"
  replyId: "s3"
  raftGroupId {
    id: "\306I{yg\341A\222\264\356)\335\220zqe"
  }
  callId: 119
  slidingWindowEntry {
  }
}
leaderTerm: 2
previousLog {
  term: 2
}
initializing: true
commitInfos {
  server {
    id: "s4"
    address: "localhost:36775"
    dataStreamAddress: "localhost:42557"
    clientAddress: "localhost:46475"
    adminAddress: "localhost:35477"
    startupRole: FOLLOWER
  }
}
commitInfos {
  server {
    id: "s3"
    address: "localhost:46863"
    dataStreamAddress: "localhost:44363"
    clientAddress: "localhost:41041"
    adminAddress: "localhost:41281"
    startupRole: FOLLOWER
  }
}
commitInfos {
  server {
    id: "s0"
    address: "localhost:33119"
    dataStreamAddress: "localhost:34507"
    clientAddress: "localhost:45597"
    adminAddress: "localhost:42011"
    startupRole: FOLLOWER
  }
}
commitInfos {
  server {
    id: "s1"
    address: "localhost:43051"
    dataStreamAddress: "localhost:41779"
    clientAddress: "localhost:45233"
    adminAddress: "localhost:41551"
    startupRole: FOLLOWER
  }
}
commitInfos {
  server {
    id: "s2"
    address: "localhost:41201"
    dataStreamAddress: "localhost:43565"
    clientAddress: "localhost:41547"
    adminAddress: "localhost:41487"
    startupRole: FOLLOWER
  }
}
]
2022-11-01 02:15:24,657 [s4@group-29DD907A7165->s0-GrpcLogAppender-LogAppenderDaemon] INFO  util.CodeInjectionForTesting (DelayLocalExecutionInjection.java:execute(65)) - s4 delay 150 ms, args=[serverRequest {
  requestorId: "s4"
  replyId: "s0"
  raftGroupId {
    id: "\306I{yg\341A\222\264\356)\335\220zqe"
  }
  callId: 129
  slidingWindowEntry {
  }
}
leaderTerm: 2
previousLog {
  term: 2
}
initializing: true
commitInfos {
  server {
    id: "s4"
    address: "localhost:36775"
    dataStreamAddress: "localhost:42557"
    clientAddress: "localhost:46475"
    adminAddress: "localhost:35477"
    startupRole: FOLLOWER
  }
}
commitInfos {
  server {
    id: "s3"
    address: "localhost:46863"
    dataStreamAddress: "localhost:44363"
    clientAddress: "localhost:41041"
    adminAddress: "localhost:41281"
    startupRole: FOLLOWER
  }
}
commitInfos {
  server {
    id: "s0"
    address: "localhost:33119"
    dataStreamAddress: "localhost:34507"
    clientAddress: "localhost:45597"
    adminAddress: "localhost:42011"
    startupRole: FOLLOWER
  }
}
commitInfos {
  server {
    id: "s1"
    address: "localhost:43051"
    dataStreamAddress: "localhost:41779"
    clientAddress: "localhost:45233"
    adminAddress: "localhost:41551"
    startupRole: FOLLOWER
  }
}
commitInfos {
  server {
    id: "s2"
    address: "localhost:41201"
    dataStreamAddress: "localhost:43565"
    clientAddress: "localhost:41547"
    adminAddress: "localhost:41487"
    startupRole: FOLLOWER
  }
}
]
2022-11-01 02:15:24,717 [s4@group-29DD907A7165->s2-GrpcLogAppender-LogAppenderDaemon] INFO  util.CodeInjectionForTesting (DelayLocalExecutionInjection.java:execute(65)) - s4 delay 150 ms, args=[serverRequest {
  requestorId: "s4"
  replyId: "s2"
  raftGroupId {
    id: "\306I{yg\341A\222\264\356)\335\220zqe"
  }
  callId: 116
  slidingWindowEntry {
  }
}
leaderTerm: 2
previousLog {
  term: 2
}
initializing: true
commitInfos {
  server {
    id: "s4"
    address: "localhost:36775"
    dataStreamAddress: "localhost:42557"
    clientAddress: "localhost:46475"
    adminAddress: "localhost:35477"
    startupRole: FOLLOWER
  }
}
commitInfos {
  server {
    id: "s3"
    address: "localhost:46863"
    dataStreamAddress: "localhost:44363"
    clientAddress: "localhost:41041"
    adminAddress: "localhost:41281"
    startupRole: FOLLOWER
  }
}
commitInfos {
  server {
    id: "s0"
    address: "localhost:33119"
    dataStreamAddress: "localhost:34507"
    clientAddress: "localhost:45597"
    adminAddress: "localhost:42011"
    startupRole: FOLLOWER
  }
}
commitInfos {
  server {
    id: "s1"
    address: "localhost:43051"
    dataStreamAddress: "localhost:41779"
    clientAddress: "localhost:45233"
    adminAddress: "localhost:41551"
    startupRole: FOLLOWER
  }
}
commitInfos {
  server {
    id: "s2"
    address: "localhost:41201"
    dataStreamAddress: "localhost:43565"
    clientAddress: "localhost:41547"
    adminAddress: "localhost:41487"
    startupRole: FOLLOWER
  }
}
]
2022-11-01 02:15:24,764 [s1@group-29DD907A7165-FollowerState] INFO  impl.FollowerState (FollowerState.java:run(143)) - s1@group-29DD907A7165-FollowerState: change to CANDIDATE, lastRpcElapsedTime:411888102ns, electionTimeout:228ms
2022-11-01 02:15:24,764 [s1@group-29DD907A7165-FollowerState] INFO  impl.RoleInfo (RoleInfo.java:shutdownFollowerState(110)) - s1: shutdown s1@group-29DD907A7165-FollowerState
2022-11-01 02:15:24,765 [s1@group-29DD907A7165-FollowerState] INFO  server.RaftServer$Division (RaftServerImpl.java:setRole(325)) - s1@group-29DD907A7165: changes role from  FOLLOWER to CANDIDATE at term 2 for changeToCandidate
2022-11-01 02:15:24,765 [s1@group-29DD907A7165-FollowerState] INFO  server.RaftServerConfigKeys (ConfUtils.java:logGet(46)) - raft.server.leaderelection.pre-vote = true (default)
2022-11-01 02:15:24,765 [s1@group-29DD907A7165-FollowerState] INFO  impl.RoleInfo (RoleInfo.java:updateAndGet(139)) - s1: start s1@group-29DD907A7165-LeaderElection50
2022-11-01 02:15:24,765 [s1@group-29DD907A7165-LeaderElection50] INFO  server.RaftServer$Division (ServerState.java:setLeader(259)) - s1@group-29DD907A7165: change Leader from s4 to null at term 2 for PRE_VOTE
2022-11-01 02:15:24,765 [s1@group-29DD907A7165-LeaderElection50] INFO  impl.LeaderElection (LeaderElection.java:askForVotes(309)) - s1@group-29DD907A7165-LeaderElection50 PRE_VOTE round 0: submit vote requests at term 2 for 0: peers:[s3|rpc:localhost:46863|admin:localhost:41281|client:localhost:41041|dataStream:localhost:44363|priority:0|startupRole:FOLLOWER, s4|rpc:localhost:36775|admin:localhost:35477|client:localhost:46475|dataStream:localhost:42557|priority:0|startupRole:FOLLOWER, s0|rpc:localhost:33119|admin:localhost:42011|client:localhost:45597|dataStream:localhost:34507|priority:0|startupRole:FOLLOWER, s1|rpc:localhost:43051|admin:localhost:41551|client:localhost:45233|dataStream:localhost:41779|priority:0|startupRole:FOLLOWER, s2|rpc:localhost:41201|admin:localhost:41487|client:localhost:41547|dataStream:localhost:43565|priority:0|startupRole:FOLLOWER]|listeners:[], old=null
2022-11-01 02:15:24,768 [grpc-default-executor-27] INFO  server.RaftServer$Division (RaftServerImpl.java:requestVote(1291)) - s4@group-29DD907A7165: receive requestVote(PRE_VOTE, s1, group-29DD907A7165, 2, (t:1, i:0))
2022-11-01 02:15:24,769 [grpc-default-executor-27] INFO  impl.VoteContext (VoteContext.java:log(49)) - s4@group-29DD907A7165-LEADER: reject PRE_VOTE from s1: this server is the leader and still has leadership
2022-11-01 02:15:24,769 [grpc-default-executor-27] INFO  server.RaftServer$Division (RaftServerImpl.java:requestVote(1324)) - s4@group-29DD907A7165 replies to PRE_VOTE vote request: s1<-s4#0:FAIL-t2. Peer's state: s4@group-29DD907A7165:t2, leader=s4, voted=s4, raftlog=Memoized:s4@group-29DD907A7165-SegmentedRaftLog:OPENED:c0, conf=0: peers:[s3|rpc:localhost:46863|admin:localhost:41281|client:localhost:41041|dataStream:localhost:44363|priority:0|startupRole:FOLLOWER, s4|rpc:localhost:36775|admin:localhost:35477|client:localhost:46475|dataStream:localhost:42557|priority:0|startupRole:FOLLOWER, s0|rpc:localhost:33119|admin:localhost:42011|client:localhost:45597|dataStream:localhost:34507|priority:0|startupRole:FOLLOWER, s1|rpc:localhost:43051|admin:localhost:41551|client:localhost:45233|dataStream:localhost:41779|priority:0|startupRole:FOLLOWER, s2|rpc:localhost:41201|admin:localhost:41487|client:localhost:41547|dataStream:localhost:43565|priority:0|startupRole:FOLLOWER]|listeners:[], old=null
2022-11-01 02:15:24,777 [grpc-default-executor-27] INFO  server.RaftServer$Division (RaftServerImpl.java:requestVote(1291)) - s0@group-29DD907A7165: receive requestVote(PRE_VOTE, s1, group-29DD907A7165, 2, (t:1, i:0))
2022-11-01 02:15:24,777 [grpc-default-executor-27] INFO  impl.VoteContext (VoteContext.java:log(49)) - s0@group-29DD907A7165-FOLLOWER: reject PRE_VOTE from s1: our last entry (t:2, i:0) > candidate's last entry (t:1, i:0)
2022-11-01 02:15:24,777 [grpc-default-executor-27] INFO  server.RaftServer$Division (RaftServerImpl.java:requestVote(1324)) - s0@group-29DD907A7165 replies to PRE_VOTE vote request: s1<-s0#0:FAIL-t2. Peer's state: s0@group-29DD907A7165:t2, leader=s4, voted=s4, raftlog=Memoized:s0@group-29DD907A7165-SegmentedRaftLog:OPENED:c0, conf=0: peers:[s3|rpc:localhost:46863|admin:localhost:41281|client:localhost:41041|dataStream:localhost:44363|priority:0|startupRole:FOLLOWER, s4|rpc:localhost:36775|admin:localhost:35477|client:localhost:46475|dataStream:localhost:42557|priority:0|startupRole:FOLLOWER, s0|rpc:localhost:33119|admin:localhost:42011|client:localhost:45597|dataStream:localhost:34507|priority:0|startupRole:FOLLOWER, s1|rpc:localhost:43051|admin:localhost:41551|client:localhost:45233|dataStream:localhost:41779|priority:0|startupRole:FOLLOWER, s2|rpc:localhost:41201|admin:localhost:41487|client:localhost:41547|dataStream:localhost:43565|priority:0|startupRole:FOLLOWER]|listeners:[], old=null
2022-11-01 02:15:24,778 [grpc-default-executor-27] INFO  server.RaftServer$Division (RaftServerImpl.java:requestVote(1291)) - s3@group-29DD907A7165: receive requestVote(PRE_VOTE, s1, group-29DD907A7165, 2, (t:1, i:0))
2022-11-01 02:15:24,778 [grpc-default-executor-27] INFO  impl.VoteContext (VoteContext.java:log(49)) - s3@group-29DD907A7165-FOLLOWER: reject PRE_VOTE from s1: our last entry (t:2, i:0) > candidate's last entry (t:1, i:0)
2022-11-01 02:15:24,779 [grpc-default-executor-27] INFO  server.RaftServer$Division (RaftServerImpl.java:requestVote(1324)) - s3@group-29DD907A7165 replies to PRE_VOTE vote request: s1<-s3#0:FAIL-t2. Peer's state: s3@group-29DD907A7165:t2, leader=s4, voted=s4, raftlog=Memoized:s3@group-29DD907A7165-SegmentedRaftLog:OPENED:c0, conf=0: peers:[s3|rpc:localhost:46863|admin:localhost:41281|client:localhost:41041|dataStream:localhost:44363|priority:0|startupRole:FOLLOWER, s4|rpc:localhost:36775|admin:localhost:35477|client:localhost:46475|dataStream:localhost:42557|priority:0|startupRole:FOLLOWER, s0|rpc:localhost:33119|admin:localhost:42011|client:localhost:45597|dataStream:localhost:34507|priority:0|startupRole:FOLLOWER, s1|rpc:localhost:43051|admin:localhost:41551|client:localhost:45233|dataStream:localhost:41779|priority:0|startupRole:FOLLOWER, s2|rpc:localhost:41201|admin:localhost:41487|client:localhost:41547|dataStream:localhost:43565|priority:0|startupRole:FOLLOWER]|listeners:[], old=null
2022-11-01 02:15:24,784 [grpc-default-executor-27] INFO  server.RaftServer$Division (RaftServerImpl.java:requestVote(1291)) - s3@group-29DD907A7165: receive requestVote(PRE_VOTE, s2, group-29DD907A7165, 2, (t:2, i:0))
2022-11-01 02:15:24,784 [grpc-default-executor-27] INFO  impl.VoteContext (VoteContext.java:log(49)) - s3@group-29DD907A7165-FOLLOWER: accept PRE_VOTE from s2: our priority 0 <= candidate's priority 0
2022-11-01 02:15:24,784 [grpc-default-executor-27] INFO  server.RaftServer$Division (RaftServerImpl.java:requestVote(1324)) - s3@group-29DD907A7165 replies to PRE_VOTE vote request: s2<-s3#0:OK-t2. Peer's state: s3@group-29DD907A7165:t2, leader=s4, voted=s4, raftlog=Memoized:s3@group-29DD907A7165-SegmentedRaftLog:OPENED:c0, conf=0: peers:[s3|rpc:localhost:46863|admin:localhost:41281|client:localhost:41041|dataStream:localhost:44363|priority:0|startupRole:FOLLOWER, s4|rpc:localhost:36775|admin:localhost:35477|client:localhost:46475|dataStream:localhost:42557|priority:0|startupRole:FOLLOWER, s0|rpc:localhost:33119|admin:localhost:42011|client:localhost:45597|dataStream:localhost:34507|priority:0|startupRole:FOLLOWER, s1|rpc:localhost:43051|admin:localhost:41551|client:localhost:45233|dataStream:localhost:41779|priority:0|startupRole:FOLLOWER, s2|rpc:localhost:41201|admin:localhost:41487|client:localhost:41547|dataStream:localhost:43565|priority:0|startupRole:FOLLOWER]|listeners:[], old=null
2022-11-01 02:15:24,785 [grpc-default-executor-5] INFO  server.RaftServer$Division (RaftServerImpl.java:requestVote(1291)) - s0@group-29DD907A7165: receive requestVote(PRE_VOTE, s2, group-29DD907A7165, 2, (t:2, i:0))
2022-11-01 02:15:24,785 [grpc-default-executor-5] INFO  impl.VoteContext (VoteContext.java:log(49)) - s0@group-29DD907A7165-FOLLOWER: accept PRE_VOTE from s2: our priority 0 <= candidate's priority 0
2022-11-01 02:15:24,785 [grpc-default-executor-5] INFO  server.RaftServer$Division (RaftServerImpl.java:requestVote(1324)) - s0@group-29DD907A7165 replies to PRE_VOTE vote request: s2<-s0#0:OK-t2. Peer's state: s0@group-29DD907A7165:t2, leader=s4, voted=s4, raftlog=Memoized:s0@group-29DD907A7165-SegmentedRaftLog:OPENED:c0, conf=0: peers:[s3|rpc:localhost:46863|admin:localhost:41281|client:localhost:41041|dataStream:localhost:44363|priority:0|startupRole:FOLLOWER, s4|rpc:localhost:36775|admin:localhost:35477|client:localhost:46475|dataStream:localhost:42557|priority:0|startupRole:FOLLOWER, s0|rpc:localhost:33119|admin:localhost:42011|client:localhost:45597|dataStream:localhost:34507|priority:0|startupRole:FOLLOWER, s1|rpc:localhost:43051|admin:localhost:41551|client:localhost:45233|dataStream:localhost:41779|priority:0|startupRole:FOLLOWER, s2|rpc:localhost:41201|admin:localhost:41487|client:localhost:41547|dataStream:localhost:43565|priority:0|startupRole:FOLLOWER]|listeners:[], old=null
2022-11-01 02:15:24,786 [s2@group-29DD907A7165-LeaderElection49] INFO  impl.LeaderElection (LeaderElection.java:logAndReturn(89)) - s2@group-29DD907A7165-LeaderElection49: PRE_VOTE REJECTED received 1 response(s) and 0 exception(s):
2022-11-01 02:15:24,786 [s2@group-29DD907A7165-LeaderElection49] INFO  impl.LeaderElection (LeaderElection.java:logAndReturn(93)) -   Response 0: s2<-s3#0:OK-t2
2022-11-01 02:15:24,786 [grpc-default-executor-27] INFO  server.RaftServer$Division (RaftServerImpl.java:requestVote(1291)) - s4@group-29DD907A7165: receive requestVote(PRE_VOTE, s2, group-29DD907A7165, 2, (t:2, i:0))
2022-11-01 02:15:24,786 [s2@group-29DD907A7165-LeaderElection49] INFO  impl.LeaderElection (LeaderElection.java:askForVotes(311)) - s2@group-29DD907A7165-LeaderElection49 PRE_VOTE round 0: result REJECTED
2022-11-01 02:15:24,786 [grpc-default-executor-27] INFO  impl.VoteContext (VoteContext.java:log(49)) - s4@group-29DD907A7165-LEADER: reject PRE_VOTE from s2: this server is the leader and still has leadership
2022-11-01 02:15:24,786 [grpc-default-executor-27] INFO  server.RaftServer$Division (RaftServerImpl.java:requestVote(1324)) - s4@group-29DD907A7165 replies to PRE_VOTE vote request: s2<-s4#0:FAIL-t2. Peer's state: s4@group-29DD907A7165:t2, leader=s4, voted=s4, raftlog=Memoized:s4@group-29DD907A7165-SegmentedRaftLog:OPENED:c0, conf=0: peers:[s3|rpc:localhost:46863|admin:localhost:41281|client:localhost:41041|dataStream:localhost:44363|priority:0|startupRole:FOLLOWER, s4|rpc:localhost:36775|admin:localhost:35477|client:localhost:46475|dataStream:localhost:42557|priority:0|startupRole:FOLLOWER, s0|rpc:localhost:33119|admin:localhost:42011|client:localhost:45597|dataStream:localhost:34507|priority:0|startupRole:FOLLOWER, s1|rpc:localhost:43051|admin:localhost:41551|client:localhost:45233|dataStream:localhost:41779|priority:0|startupRole:FOLLOWER, s2|rpc:localhost:41201|admin:localhost:41487|client:localhost:41547|dataStream:localhost:43565|priority:0|startupRole:FOLLOWER]|listeners:[], old=null
2022-11-01 02:15:24,786 [grpc-default-executor-5] INFO  util.CodeInjectionForTesting (BlockRequestHandlingInjection.java:execute(77)) - s1: Block request from s2
2022-11-01 02:15:24,787 [s1@group-29DD907A7165-LeaderElection50] INFO  impl.LeaderElection (LeaderElection.java:logAndReturn(89)) - s1@group-29DD907A7165-LeaderElection50: PRE_VOTE REJECTED received 3 response(s) and 0 exception(s):
2022-11-01 02:15:24,787 [s1@group-29DD907A7165-LeaderElection50] INFO  impl.LeaderElection (LeaderElection.java:logAndReturn(93)) -   Response 0: s1<-s3#0:FAIL-t2
2022-11-01 02:15:24,787 [s1@group-29DD907A7165-LeaderElection50] INFO  impl.LeaderElection (LeaderElection.java:logAndReturn(93)) -   Response 1: s1<-s4#0:FAIL-t2
2022-11-01 02:15:24,787 [s1@group-29DD907A7165-LeaderElection50] INFO  impl.LeaderElection (LeaderElection.java:logAndReturn(93)) -   Response 2: s1<-s0#0:FAIL-t2
2022-11-01 02:15:24,787 [s1@group-29DD907A7165-LeaderElection50] INFO  impl.LeaderElection (LeaderElection.java:askForVotes(311)) - s1@group-29DD907A7165-LeaderElection50 PRE_VOTE round 0: result REJECTED
2022-11-01 02:15:24,787 [s1@group-29DD907A7165-LeaderElection50] INFO  server.RaftServer$Division (RaftServerImpl.java:setRole(325)) - s1@group-29DD907A7165: changes role from CANDIDATE to FOLLOWER at term 2 for REJECTED
2022-11-01 02:15:24,788 [s1@group-29DD907A7165-LeaderElection50] INFO  impl.RoleInfo (RoleInfo.java:shutdownLeaderElection(130)) - s1: shutdown s1@group-29DD907A7165-LeaderElection50
2022-11-01 02:15:24,788 [s1@group-29DD907A7165-LeaderElection50] INFO  impl.RoleInfo (RoleInfo.java:updateAndGet(139)) - s1: start s1@group-29DD907A7165-FollowerState
2022-11-01 02:15:24,789 [grpc-default-executor-27] INFO  server.RaftServer$Division (RaftServerImpl.java:requestVote(1291)) - s2@group-29DD907A7165: receive requestVote(PRE_VOTE, s1, group-29DD907A7165, 2, (t:1, i:0))
2022-11-01 02:15:24,789 [grpc-default-executor-27] INFO  impl.VoteContext (VoteContext.java:log(49)) - s2@group-29DD907A7165-FOLLOWER: reject PRE_VOTE from s1: this server is a follower and still has a valid leader s4
2022-11-01 02:15:24,789 [grpc-default-executor-27] INFO  server.RaftServer$Division (RaftServerImpl.java:requestVote(1324)) - s2@group-29DD907A7165 replies to PRE_VOTE vote request: s1<-s2#0:FAIL-t2. Peer's state: s2@group-29DD907A7165:t2, leader=s4, voted=s4, raftlog=Memoized:s2@group-29DD907A7165-SegmentedRaftLog:OPENED:c0, conf=0: peers:[s3|rpc:localhost:46863|admin:localhost:41281|client:localhost:41041|dataStream:localhost:44363|priority:0|startupRole:FOLLOWER, s4|rpc:localhost:36775|admin:localhost:35477|client:localhost:46475|dataStream:localhost:42557|priority:0|startupRole:FOLLOWER, s0|rpc:localhost:33119|admin:localhost:42011|client:localhost:45597|dataStream:localhost:34507|priority:0|startupRole:FOLLOWER, s1|rpc:localhost:43051|admin:localhost:41551|client:localhost:45233|dataStream:localhost:41779|priority:0|startupRole:FOLLOWER, s2|rpc:localhost:41201|admin:localhost:41487|client:localhost:41547|dataStream:localhost:43565|priority:0|startupRole:FOLLOWER]|listeners:[], old=null
2022-11-01 02:15:24,804 [s4@group-29DD907A7165->s1-GrpcLogAppender-LogAppenderDaemon] INFO  util.CodeInjectionForTesting (DelayLocalExecutionInjection.java:execute(65)) - s4 delay 150 ms, args=[serverRequest {
  requestorId: "s4"
  replyId: "s1"
  raftGroupId {
    id: "\306I{yg\341A\222\264\356)\335\220zqe"
  }
  callId: 238
  slidingWindowEntry {
  }
}
leaderTerm: 2
previousLog {
  term: 2
}
initializing: true
commitInfos {
  server {
    id: "s4"
    address: "localhost:36775"
    dataStreamAddress: "localhost:42557"
    clientAddress: "localhost:46475"
    adminAddress: "localhost:35477"
    startupRole: FOLLOWER
  }
}
commitInfos {
  server {
    id: "s3"
    address: "localhost:46863"
    dataStreamAddress: "localhost:44363"
    clientAddress: "localhost:41041"
    adminAddress: "localhost:41281"
    startupRole: FOLLOWER
  }
}
commitInfos {
  server {
    id: "s0"
    address: "localhost:33119"
    dataStreamAddress: "localhost:34507"
    clientAddress: "localhost:45597"
    adminAddress: "localhost:42011"
    startupRole: FOLLOWER
  }
}
commitInfos {
  server {
    id: "s1"
    address: "localhost:43051"
    dataStreamAddress: "localhost:41779"
    clientAddress: "localhost:45233"
    adminAddress: "localhost:41551"
    startupRole: FOLLOWER
  }
}
commitInfos {
  server {
    id: "s2"
    address: "localhost:41201"
    dataStreamAddress: "localhost:43565"
    clientAddress: "localhost:41547"
    adminAddress: "localhost:41487"
    startupRole: FOLLOWER
  }
}
]
2022-11-01 02:15:24,883 [s4@group-29DD907A7165->s3-GrpcLogAppender-LogAppenderDaemon] INFO  util.CodeInjectionForTesting (DelayLocalExecutionInjection.java:execute(65)) - s4 delay 150 ms, args=[serverRequest {
  requestorId: "s4"
  replyId: "s3"
  raftGroupId {
    id: "\306I{yg\341A\222\264\356)\335\220zqe"
  }
  callId: 120
  slidingWindowEntry {
  }
}
leaderTerm: 2
previousLog {
  term: 2
}
initializing: true
commitInfos {
  server {
    id: "s4"
    address: "localhost:36775"
    dataStreamAddress: "localhost:42557"
    clientAddress: "localhost:46475"
    adminAddress: "localhost:35477"
    startupRole: FOLLOWER
  }
}
commitInfos {
  server {
    id: "s3"
    address: "localhost:46863"
    dataStreamAddress: "localhost:44363"
    clientAddress: "localhost:41041"
    adminAddress: "localhost:41281"
    startupRole: FOLLOWER
  }
}
commitInfos {
  server {
    id: "s0"
    address: "localhost:33119"
    dataStreamAddress: "localhost:34507"
    clientAddress: "localhost:45597"
    adminAddress: "localhost:42011"
    startupRole: FOLLOWER
  }
}
commitInfos {
  server {
    id: "s1"
    address: "localhost:43051"
    dataStreamAddress: "localhost:41779"
    clientAddress: "localhost:45233"
    adminAddress: "localhost:41551"
    startupRole: FOLLOWER
  }
}
commitInfos {
  server {
    id: "s2"
    address: "localhost:41201"
    dataStreamAddress: "localhost:43565"
    clientAddress: "localhost:41547"
    adminAddress: "localhost:41487"
    startupRole: FOLLOWER
  }
}
]
2022-11-01 02:15:24,884 [s4@group-29DD907A7165->s0-GrpcLogAppender-LogAppenderDaemon] INFO  util.CodeInjectionForTesting (DelayLocalExecutionInjection.java:execute(65)) - s4 delay 150 ms, args=[serverRequest {
  requestorId: "s4"
  replyId: "s0"
  raftGroupId {
    id: "\306I{yg\341A\222\264\356)\335\220zqe"
  }
  callId: 130
  slidingWindowEntry {
  }
}
leaderTerm: 2
previousLog {
  term: 2
}
initializing: true
commitInfos {
  server {
    id: "s4"
    address: "localhost:36775"
    dataStreamAddress: "localhost:42557"
    clientAddress: "localhost:46475"
    adminAddress: "localhost:35477"
    startupRole: FOLLOWER
  }
}
commitInfos {
  server {
    id: "s3"
    address: "localhost:46863"
    dataStreamAddress: "localhost:44363"
    clientAddress: "localhost:41041"
    adminAddress: "localhost:41281"
    startupRole: FOLLOWER
  }
}
commitInfos {
  server {
    id: "s0"
    address: "localhost:33119"
    dataStreamAddress: "localhost:34507"
    clientAddress: "localhost:45597"
    adminAddress: "localhost:42011"
    startupRole: FOLLOWER
  }
}
commitInfos {
  server {
    id: "s1"
    address: "localhost:43051"
    dataStreamAddress: "localhost:41779"
    clientAddress: "localhost:45233"
    adminAddress: "localhost:41551"
    startupRole: FOLLOWER
  }
}
commitInfos {
  server {
    id: "s2"
    address: "localhost:41201"
    dataStreamAddress: "localhost:43565"
    clientAddress: "localhost:41547"
    adminAddress: "localhost:41487"
    startupRole: FOLLOWER
  }
}
]
2022-11-01 02:15:24,945 [s4@group-29DD907A7165->s2-GrpcLogAppender-LogAppenderDaemon] INFO  util.CodeInjectionForTesting (DelayLocalExecutionInjection.java:execute(65)) - s4 delay 150 ms, args=[serverRequest {
  requestorId: "s4"
  replyId: "s2"
  raftGroupId {
    id: "\306I{yg\341A\222\264\356)\335\220zqe"
  }
  callId: 117
  slidingWindowEntry {
  }
}
leaderTerm: 2
previousLog {
  term: 2
}
initializing: true
commitInfos {
  server {
    id: "s4"
    address: "localhost:36775"
    dataStreamAddress: "localhost:42557"
    clientAddress: "localhost:46475"
    adminAddress: "localhost:35477"
    startupRole: FOLLOWER
  }
}
commitInfos {
  server {
    id: "s3"
    address: "localhost:46863"
    dataStreamAddress: "localhost:44363"
    clientAddress: "localhost:41041"
    adminAddress: "localhost:41281"
    startupRole: FOLLOWER
  }
}
commitInfos {
  server {
    id: "s0"
    address: "localhost:33119"
    dataStreamAddress: "localhost:34507"
    clientAddress: "localhost:45597"
    adminAddress: "localhost:42011"
    startupRole: FOLLOWER
  }
}
commitInfos {
  server {
    id: "s1"
    address: "localhost:43051"
    dataStreamAddress: "localhost:41779"
    clientAddress: "localhost:45233"
    adminAddress: "localhost:41551"
    startupRole: FOLLOWER
  }
}
commitInfos {
  server {
    id: "s2"
    address: "localhost:41201"
    dataStreamAddress: "localhost:43565"
    clientAddress: "localhost:41547"
    adminAddress: "localhost:41487"
    startupRole: FOLLOWER
  }
}
]
2022-11-01 02:15:24,993 [s4@group-29DD907A7165->s1-GrpcLogAppender-LogAppenderDaemon] INFO  util.CodeInjectionForTesting (DelayLocalExecutionInjection.java:execute(65)) - s4 delay 150 ms, args=[serverRequest {
  requestorId: "s4"
  replyId: "s1"
  raftGroupId {
    id: "\306I{yg\341A\222\264\356)\335\220zqe"
  }
  callId: 239
  slidingWindowEntry {
  }
}
leaderTerm: 2
previousLog {
  term: 2
}
initializing: true
commitInfos {
  server {
    id: "s4"
    address: "localhost:36775"
    dataStreamAddress: "localhost:42557"
    clientAddress: "localhost:46475"
    adminAddress: "localhost:35477"
    startupRole: FOLLOWER
  }
}
commitInfos {
  server {
    id: "s3"
    address: "localhost:46863"
    dataStreamAddress: "localhost:44363"
    clientAddress: "localhost:41041"
    adminAddress: "localhost:41281"
    startupRole: FOLLOWER
  }
}
commitInfos {
  server {
    id: "s0"
    address: "localhost:33119"
    dataStreamAddress: "localhost:34507"
    clientAddress: "localhost:45597"
    adminAddress: "localhost:42011"
    startupRole: FOLLOWER
  }
}
commitInfos {
  server {
    id: "s1"
    address: "localhost:43051"
    dataStreamAddress: "localhost:41779"
    clientAddress: "localhost:45233"
    adminAddress: "localhost:41551"
    startupRole: FOLLOWER
  }
}
commitInfos {
  server {
    id: "s2"
    address: "localhost:41201"
    dataStreamAddress: "localhost:43565"
    clientAddress: "localhost:41547"
    adminAddress: "localhost:41487"
    startupRole: FOLLOWER
  }
}
]
2022-11-01 02:15:25,070 [s1@group-29DD907A7165-FollowerState] INFO  impl.FollowerState (FollowerState.java:run(143)) - s1@group-29DD907A7165-FollowerState: change to CANDIDATE, lastRpcElapsedTime:282584229ns, electionTimeout:281ms
2022-11-01 02:15:25,070 [s1@group-29DD907A7165-FollowerState] INFO  impl.RoleInfo (RoleInfo.java:shutdownFollowerState(110)) - s1: shutdown s1@group-29DD907A7165-FollowerState
2022-11-01 02:15:25,071 [s1@group-29DD907A7165-FollowerState] INFO  server.RaftServer$Division (RaftServerImpl.java:setRole(325)) - s1@group-29DD907A7165: changes role from  FOLLOWER to CANDIDATE at term 2 for changeToCandidate
2022-11-01 02:15:25,071 [s1@group-29DD907A7165-FollowerState] INFO  server.RaftServerConfigKeys (ConfUtils.java:logGet(46)) - raft.server.leaderelection.pre-vote = true (default)
2022-11-01 02:15:25,071 [s1@group-29DD907A7165-FollowerState] INFO  impl.RoleInfo (RoleInfo.java:updateAndGet(139)) - s1: start s1@group-29DD907A7165-LeaderElection51
2022-11-01 02:15:25,071 [s1@group-29DD907A7165-LeaderElection51] INFO  impl.LeaderElection (LeaderElection.java:askForVotes(309)) - s1@group-29DD907A7165-LeaderElection51 PRE_VOTE round 0: submit vote requests at term 2 for 0: peers:[s3|rpc:localhost:46863|admin:localhost:41281|client:localhost:41041|dataStream:localhost:44363|priority:0|startupRole:FOLLOWER, s4|rpc:localhost:36775|admin:localhost:35477|client:localhost:46475|dataStream:localhost:42557|priority:0|startupRole:FOLLOWER, s0|rpc:localhost:33119|admin:localhost:42011|client:localhost:45597|dataStream:localhost:34507|priority:0|startupRole:FOLLOWER, s1|rpc:localhost:43051|admin:localhost:41551|client:localhost:45233|dataStream:localhost:41779|priority:0|startupRole:FOLLOWER, s2|rpc:localhost:41201|admin:localhost:41487|client:localhost:41547|dataStream:localhost:43565|priority:0|startupRole:FOLLOWER]|listeners:[], old=null
2022-11-01 02:15:25,074 [grpc-default-executor-20] INFO  server.RaftServer$Division (RaftServerImpl.java:requestVote(1291)) - s2@group-29DD907A7165: receive requestVote(PRE_VOTE, s1, group-29DD907A7165, 2, (t:1, i:0))
2022-11-01 02:15:25,074 [grpc-default-executor-20] INFO  impl.VoteContext (VoteContext.java:log(49)) - s2@group-29DD907A7165-FOLLOWER: reject PRE_VOTE from s1: our last entry (t:2, i:0) > candidate's last entry (t:1, i:0)
2022-11-01 02:15:25,074 [grpc-default-executor-20] INFO  server.RaftServer$Division (RaftServerImpl.java:requestVote(1324)) - s2@group-29DD907A7165 replies to PRE_VOTE vote request: s1<-s2#0:FAIL-t2. Peer's state: s2@group-29DD907A7165:t2, leader=s4, voted=s4, raftlog=Memoized:s2@group-29DD907A7165-SegmentedRaftLog:OPENED:c0, conf=0: peers:[s3|rpc:localhost:46863|admin:localhost:41281|client:localhost:41041|dataStream:localhost:44363|priority:0|startupRole:FOLLOWER, s4|rpc:localhost:36775|admin:localhost:35477|client:localhost:46475|dataStream:localhost:42557|priority:0|startupRole:FOLLOWER, s0|rpc:localhost:33119|admin:localhost:42011|client:localhost:45597|dataStream:localhost:34507|priority:0|startupRole:FOLLOWER, s1|rpc:localhost:43051|admin:localhost:41551|client:localhost:45233|dataStream:localhost:41779|priority:0|startupRole:FOLLOWER, s2|rpc:localhost:41201|admin:localhost:41487|client:localhost:41547|dataStream:localhost:43565|priority:0|startupRole:FOLLOWER]|listeners:[], old=null
2022-11-01 02:15:25,074 [grpc-default-executor-27] INFO  server.RaftServer$Division (RaftServerImpl.java:requestVote(1291)) - s3@group-29DD907A7165: receive requestVote(PRE_VOTE, s1, group-29DD907A7165, 2, (t:1, i:0))
2022-11-01 02:15:25,075 [grpc-default-executor-27] INFO  impl.VoteContext (VoteContext.java:log(49)) - s3@group-29DD907A7165-FOLLOWER: reject PRE_VOTE from s1: this server is a follower and still has a valid leader s4
2022-11-01 02:15:25,075 [grpc-default-executor-20] INFO  server.RaftServer$Division (RaftServerImpl.java:requestVote(1291)) - s4@group-29DD907A7165: receive requestVote(PRE_VOTE, s1, group-29DD907A7165, 2, (t:1, i:0))
2022-11-01 02:15:25,075 [grpc-default-executor-20] INFO  impl.VoteContext (VoteContext.java:log(49)) - s4@group-29DD907A7165-LEADER: reject PRE_VOTE from s1: this server is the leader and still has leadership
2022-11-01 02:15:25,075 [grpc-default-executor-20] INFO  server.RaftServer$Division (RaftServerImpl.java:requestVote(1324)) - s4@group-29DD907A7165 replies to PRE_VOTE vote request: s1<-s4#0:FAIL-t2. Peer's state: s4@group-29DD907A7165:t2, leader=s4, voted=s4, raftlog=Memoized:s4@group-29DD907A7165-SegmentedRaftLog:OPENED:c0, conf=0: peers:[s3|rpc:localhost:46863|admin:localhost:41281|client:localhost:41041|dataStream:localhost:44363|priority:0|startupRole:FOLLOWER, s4|rpc:localhost:36775|admin:localhost:35477|client:localhost:46475|dataStream:localhost:42557|priority:0|startupRole:FOLLOWER, s0|rpc:localhost:33119|admin:localhost:42011|client:localhost:45597|dataStream:localhost:34507|priority:0|startupRole:FOLLOWER, s1|rpc:localhost:43051|admin:localhost:41551|client:localhost:45233|dataStream:localhost:41779|priority:0|startupRole:FOLLOWER, s2|rpc:localhost:41201|admin:localhost:41487|client:localhost:41547|dataStream:localhost:43565|priority:0|startupRole:FOLLOWER]|listeners:[], old=null
2022-11-01 02:15:25,075 [grpc-default-executor-27] INFO  server.RaftServer$Division (RaftServerImpl.java:requestVote(1324)) - s3@group-29DD907A7165 replies to PRE_VOTE vote request: s1<-s3#0:FAIL-t2. Peer's state: s3@group-29DD907A7165:t2, leader=s4, voted=s4, raftlog=Memoized:s3@group-29DD907A7165-SegmentedRaftLog:OPENED:c0, conf=0: peers:[s3|rpc:localhost:46863|admin:localhost:41281|client:localhost:41041|dataStream:localhost:44363|priority:0|startupRole:FOLLOWER, s4|rpc:localhost:36775|admin:localhost:35477|client:localhost:46475|dataStream:localhost:42557|priority:0|startupRole:FOLLOWER, s0|rpc:localhost:33119|admin:localhost:42011|client:localhost:45597|dataStream:localhost:34507|priority:0|startupRole:FOLLOWER, s1|rpc:localhost:43051|admin:localhost:41551|client:localhost:45233|dataStream:localhost:41779|priority:0|startupRole:FOLLOWER, s2|rpc:localhost:41201|admin:localhost:41487|client:localhost:41547|dataStream:localhost:43565|priority:0|startupRole:FOLLOWER]|listeners:[], old=null
2022-11-01 02:15:25,080 [grpc-default-executor-27] INFO  server.RaftServer$Division (RaftServerImpl.java:requestVote(1291)) - s0@group-29DD907A7165: receive requestVote(PRE_VOTE, s1, group-29DD907A7165, 2, (t:1, i:0))
2022-11-01 02:15:25,080 [grpc-default-executor-27] INFO  impl.VoteContext (VoteContext.java:log(49)) - s0@group-29DD907A7165-FOLLOWER: reject PRE_VOTE from s1: this server is a follower and still has a valid leader s4
2022-11-01 02:15:25,081 [grpc-default-executor-27] INFO  server.RaftServer$Division (RaftServerImpl.java:requestVote(1324)) - s0@group-29DD907A7165 replies to PRE_VOTE vote request: s1<-s0#0:FAIL-t2. Peer's state: s0@group-29DD907A7165:t2, leader=s4, voted=s4, raftlog=Memoized:s0@group-29DD907A7165-SegmentedRaftLog:OPENED:c0, conf=0: peers:[s3|rpc:localhost:46863|admin:localhost:41281|client:localhost:41041|dataStream:localhost:44363|priority:0|startupRole:FOLLOWER, s4|rpc:localhost:36775|admin:localhost:35477|client:localhost:46475|dataStream:localhost:42557|priority:0|startupRole:FOLLOWER, s0|rpc:localhost:33119|admin:localhost:42011|client:localhost:45597|dataStream:localhost:34507|priority:0|startupRole:FOLLOWER, s1|rpc:localhost:43051|admin:localhost:41551|client:localhost:45233|dataStream:localhost:41779|priority:0|startupRole:FOLLOWER, s2|rpc:localhost:41201|admin:localhost:41487|client:localhost:41547|dataStream:localhost:43565|priority:0|startupRole:FOLLOWER]|listeners:[], old=null
2022-11-01 02:15:25,081 [s1@group-29DD907A7165-LeaderElection51] INFO  impl.LeaderElection (LeaderElection.java:logAndReturn(89)) - s1@group-29DD907A7165-LeaderElection51: PRE_VOTE REJECTED received 3 response(s) and 0 exception(s):
2022-11-01 02:15:25,081 [s1@group-29DD907A7165-LeaderElection51] INFO  impl.LeaderElection (LeaderElection.java:logAndReturn(93)) -   Response 0: s1<-s3#0:FAIL-t2
2022-11-01 02:15:25,081 [s1@group-29DD907A7165-LeaderElection51] INFO  impl.LeaderElection (LeaderElection.java:logAndReturn(93)) -   Response 1: s1<-s4#0:FAIL-t2
2022-11-01 02:15:25,081 [s1@group-29DD907A7165-LeaderElection51] INFO  impl.LeaderElection (LeaderElection.java:logAndReturn(93)) -   Response 2: s1<-s2#0:FAIL-t2
2022-11-01 02:15:25,081 [s1@group-29DD907A7165-LeaderElection51] INFO  impl.LeaderElection (LeaderElection.java:askForVotes(311)) - s1@group-29DD907A7165-LeaderElection51 PRE_VOTE round 0: result REJECTED
2022-11-01 02:15:25,081 [s1@group-29DD907A7165-LeaderElection51] INFO  server.RaftServer$Division (RaftServerImpl.java:setRole(325)) - s1@group-29DD907A7165: changes role from CANDIDATE to FOLLOWER at term 2 for REJECTED
2022-11-01 02:15:25,081 [s1@group-29DD907A7165-LeaderElection51] INFO  impl.RoleInfo (RoleInfo.java:shutdownLeaderElection(130)) - s1: shutdown s1@group-29DD907A7165-LeaderElection51
2022-11-01 02:15:25,081 [s1@group-29DD907A7165-LeaderElection51] INFO  impl.RoleInfo (RoleInfo.java:updateAndGet(139)) - s1: start s1@group-29DD907A7165-FollowerState
2022-11-01 02:15:25,111 [s4@group-29DD907A7165->s3-GrpcLogAppender-LogAppenderDaemon] INFO  util.CodeInjectionForTesting (DelayLocalExecutionInjection.java:execute(65)) - s4 delay 150 ms, args=[serverRequest {
  requestorId: "s4"
  replyId: "s3"
  raftGroupId {
    id: "\306I{yg\341A\222\264\356)\335\220zqe"
  }
  callId: 121
  slidingWindowEntry {
  }
}
leaderTerm: 2
previousLog {
  term: 2
}
initializing: true
commitInfos {
  server {
    id: "s4"
    address: "localhost:36775"
    dataStreamAddress: "localhost:42557"
    clientAddress: "localhost:46475"
    adminAddress: "localhost:35477"
    startupRole: FOLLOWER
  }
}
commitInfos {
  server {
    id: "s3"
    address: "localhost:46863"
    dataStreamAddress: "localhost:44363"
    clientAddress: "localhost:41041"
    adminAddress: "localhost:41281"
    startupRole: FOLLOWER
  }
}
commitInfos {
  server {
    id: "s0"
    address: "localhost:33119"
    dataStreamAddress: "localhost:34507"
    clientAddress: "localhost:45597"
    adminAddress: "localhost:42011"
    startupRole: FOLLOWER
  }
}
commitInfos {
  server {
    id: "s1"
    address: "localhost:43051"
    dataStreamAddress: "localhost:41779"
    clientAddress: "localhost:45233"
    adminAddress: "localhost:41551"
    startupRole: FOLLOWER
  }
}
commitInfos {
  server {
    id: "s2"
    address: "localhost:41201"
    dataStreamAddress: "localhost:43565"
    clientAddress: "localhost:41547"
    adminAddress: "localhost:41487"
    startupRole: FOLLOWER
  }
}
]
2022-11-01 02:15:25,112 [s4@group-29DD907A7165->s0-GrpcLogAppender-LogAppenderDaemon] INFO  util.CodeInjectionForTesting (DelayLocalExecutionInjection.java:execute(65)) - s4 delay 150 ms, args=[serverRequest {
  requestorId: "s4"
  replyId: "s0"
  raftGroupId {
    id: "\306I{yg\341A\222\264\356)\335\220zqe"
  }
  callId: 131
  slidingWindowEntry {
  }
}
leaderTerm: 2
previousLog {
  term: 2
}
initializing: true
commitInfos {
  server {
    id: "s4"
    address: "localhost:36775"
    dataStreamAddress: "localhost:42557"
    clientAddress: "localhost:46475"
    adminAddress: "localhost:35477"
    startupRole: FOLLOWER
  }
}
commitInfos {
  server {
    id: "s3"
    address: "localhost:46863"
    dataStreamAddress: "localhost:44363"
    clientAddress: "localhost:41041"
    adminAddress: "localhost:41281"
    startupRole: FOLLOWER
  }
}
commitInfos {
  server {
    id: "s0"
    address: "localhost:33119"
    dataStreamAddress: "localhost:34507"
    clientAddress: "localhost:45597"
    adminAddress: "localhost:42011"
    startupRole: FOLLOWER
  }
}
commitInfos {
  server {
    id: "s1"
    address: "localhost:43051"
    dataStreamAddress: "localhost:41779"
    clientAddress: "localhost:45233"
    adminAddress: "localhost:41551"
    startupRole: FOLLOWER
  }
}
commitInfos {
  server {
    id: "s2"
    address: "localhost:41201"
    dataStreamAddress: "localhost:43565"
    clientAddress: "localhost:41547"
    adminAddress: "localhost:41487"
    startupRole: FOLLOWER
  }
}
]
2022-11-01 02:15:25,173 [s4@group-29DD907A7165->s2-GrpcLogAppender-LogAppenderDaemon] INFO  util.CodeInjectionForTesting (DelayLocalExecutionInjection.java:execute(65)) - s4 delay 150 ms, args=[serverRequest {
  requestorId: "s4"
  replyId: "s2"
  raftGroupId {
    id: "\306I{yg\341A\222\264\356)\335\220zqe"
  }
  callId: 118
  slidingWindowEntry {
  }
}
leaderTerm: 2
previousLog {
  term: 2
}
initializing: true
commitInfos {
  server {
    id: "s4"
    address: "localhost:36775"
    dataStreamAddress: "localhost:42557"
    clientAddress: "localhost:46475"
    adminAddress: "localhost:35477"
    startupRole: FOLLOWER
  }
}
commitInfos {
  server {
    id: "s3"
    address: "localhost:46863"
    dataStreamAddress: "localhost:44363"
    clientAddress: "localhost:41041"
    adminAddress: "localhost:41281"
    startupRole: FOLLOWER
  }
}
commitInfos {
  server {
    id: "s0"
    address: "localhost:33119"
    dataStreamAddress: "localhost:34507"
    clientAddress: "localhost:45597"
    adminAddress: "localhost:42011"
    startupRole: FOLLOWER
  }
}
commitInfos {
  server {
    id: "s1"
    address: "localhost:43051"
    dataStreamAddress: "localhost:41779"
    clientAddress: "localhost:45233"
    adminAddress: "localhost:41551"
    startupRole: FOLLOWER
  }
}
commitInfos {
  server {
    id: "s2"
    address: "localhost:41201"
    dataStreamAddress: "localhost:43565"
    clientAddress: "localhost:41547"
    adminAddress: "localhost:41487"
    startupRole: FOLLOWER
  }
}
]
2022-11-01 02:15:25,181 [s4@group-29DD907A7165->s1-GrpcLogAppender-LogAppenderDaemon] INFO  util.CodeInjectionForTesting (DelayLocalExecutionInjection.java:execute(65)) - s4 delay 150 ms, args=[serverRequest {
  requestorId: "s4"
  replyId: "s1"
  raftGroupId {
    id: "\306I{yg\341A\222\264\356)\335\220zqe"
  }
  callId: 240
  slidingWindowEntry {
  }
}
leaderTerm: 2
previousLog {
  term: 2
}
initializing: true
commitInfos {
  server {
    id: "s4"
    address: "localhost:36775"
    dataStreamAddress: "localhost:42557"
    clientAddress: "localhost:46475"
    adminAddress: "localhost:35477"
    startupRole: FOLLOWER
  }
}
commitInfos {
  server {
    id: "s3"
    address: "localhost:46863"
    dataStreamAddress: "localhost:44363"
    clientAddress: "localhost:41041"
    adminAddress: "localhost:41281"
    startupRole: FOLLOWER
  }
}
commitInfos {
  server {
    id: "s0"
    address: "localhost:33119"
    dataStreamAddress: "localhost:34507"
    clientAddress: "localhost:45597"
    adminAddress: "localhost:42011"
    startupRole: FOLLOWER
  }
}
commitInfos {
  server {
    id: "s1"
    address: "localhost:43051"
    dataStreamAddress: "localhost:41779"
    clientAddress: "localhost:45233"
    adminAddress: "localhost:41551"
    startupRole: FOLLOWER
  }
}
commitInfos {
  server {
    id: "s2"
    address: "localhost:41201"
    dataStreamAddress: "localhost:43565"
    clientAddress: "localhost:41547"
    adminAddress: "localhost:41487"
    startupRole: FOLLOWER
  }
}
]
2022-11-01 02:15:25,260 [s1@group-29DD907A7165-FollowerState] INFO  impl.FollowerState (FollowerState.java:run(143)) - s1@group-29DD907A7165-FollowerState: change to CANDIDATE, lastRpcElapsedTime:178810147ns, electionTimeout:178ms
2022-11-01 02:15:25,260 [s1@group-29DD907A7165-FollowerState] INFO  impl.RoleInfo (RoleInfo.java:shutdownFollowerState(110)) - s1: shutdown s1@group-29DD907A7165-FollowerState
2022-11-01 02:15:25,260 [s1@group-29DD907A7165-FollowerState] INFO  server.RaftServer$Division (RaftServerImpl.java:setRole(325)) - s1@group-29DD907A7165: changes role from  FOLLOWER to CANDIDATE at term 2 for changeToCandidate
2022-11-01 02:15:25,260 [s1@group-29DD907A7165-FollowerState] INFO  server.RaftServerConfigKeys (ConfUtils.java:logGet(46)) - raft.server.leaderelection.pre-vote = true (default)
2022-11-01 02:15:25,260 [s1@group-29DD907A7165-FollowerState] INFO  impl.RoleInfo (RoleInfo.java:updateAndGet(139)) - s1: start s1@group-29DD907A7165-LeaderElection52
2022-11-01 02:15:25,261 [s1@group-29DD907A7165-LeaderElection52] INFO  impl.LeaderElection (LeaderElection.java:askForVotes(309)) - s1@group-29DD907A7165-LeaderElection52 PRE_VOTE round 0: submit vote requests at term 2 for 0: peers:[s3|rpc:localhost:46863|admin:localhost:41281|client:localhost:41041|dataStream:localhost:44363|priority:0|startupRole:FOLLOWER, s4|rpc:localhost:36775|admin:localhost:35477|client:localhost:46475|dataStream:localhost:42557|priority:0|startupRole:FOLLOWER, s0|rpc:localhost:33119|admin:localhost:42011|client:localhost:45597|dataStream:localhost:34507|priority:0|startupRole:FOLLOWER, s1|rpc:localhost:43051|admin:localhost:41551|client:localhost:45233|dataStream:localhost:41779|priority:0|startupRole:FOLLOWER, s2|rpc:localhost:41201|admin:localhost:41487|client:localhost:41547|dataStream:localhost:43565|priority:0|startupRole:FOLLOWER]|listeners:[], old=null
2022-11-01 02:15:25,264 [grpc-default-executor-29] INFO  server.RaftServer$Division (RaftServerImpl.java:requestVote(1291)) - s3@group-29DD907A7165: receive requestVote(PRE_VOTE, s1, group-29DD907A7165, 2, (t:1, i:0))
2022-11-01 02:15:25,264 [grpc-default-executor-29] INFO  impl.VoteContext (VoteContext.java:log(49)) - s3@group-29DD907A7165-FOLLOWER: reject PRE_VOTE from s1: this server is a follower and still has a valid leader s4
2022-11-01 02:15:25,264 [grpc-default-executor-29] INFO  server.RaftServer$Division (RaftServerImpl.java:requestVote(1324)) - s3@group-29DD907A7165 replies to PRE_VOTE vote request: s1<-s3#0:FAIL-t2. Peer's state: s3@group-29DD907A7165:t2, leader=s4, voted=s4, raftlog=Memoized:s3@group-29DD907A7165-SegmentedRaftLog:OPENED:c0, conf=0: peers:[s3|rpc:localhost:46863|admin:localhost:41281|client:localhost:41041|dataStream:localhost:44363|priority:0|startupRole:FOLLOWER, s4|rpc:localhost:36775|admin:localhost:35477|client:localhost:46475|dataStream:localhost:42557|priority:0|startupRole:FOLLOWER, s0|rpc:localhost:33119|admin:localhost:42011|client:localhost:45597|dataStream:localhost:34507|priority:0|startupRole:FOLLOWER, s1|rpc:localhost:43051|admin:localhost:41551|client:localhost:45233|dataStream:localhost:41779|priority:0|startupRole:FOLLOWER, s2|rpc:localhost:41201|admin:localhost:41487|client:localhost:41547|dataStream:localhost:43565|priority:0|startupRole:FOLLOWER]|listeners:[], old=null
2022-11-01 02:15:25,265 [grpc-default-executor-27] INFO  server.RaftServer$Division (RaftServerImpl.java:requestVote(1291)) - s4@group-29DD907A7165: receive requestVote(PRE_VOTE, s1, group-29DD907A7165, 2, (t:1, i:0))
2022-11-01 02:15:25,265 [grpc-default-executor-27] INFO  impl.VoteContext (VoteContext.java:log(49)) - s4@group-29DD907A7165-LEADER: reject PRE_VOTE from s1: this server is the leader and still has leadership
2022-11-01 02:15:25,265 [grpc-default-executor-27] INFO  server.RaftServer$Division (RaftServerImpl.java:requestVote(1324)) - s4@group-29DD907A7165 replies to PRE_VOTE vote request: s1<-s4#0:FAIL-t2. Peer's state: s4@group-29DD907A7165:t2, leader=s4, voted=s4, raftlog=Memoized:s4@group-29DD907A7165-SegmentedRaftLog:OPENED:c0, conf=0: peers:[s3|rpc:localhost:46863|admin:localhost:41281|client:localhost:41041|dataStream:localhost:44363|priority:0|startupRole:FOLLOWER, s4|rpc:localhost:36775|admin:localhost:35477|client:localhost:46475|dataStream:localhost:42557|priority:0|startupRole:FOLLOWER, s0|rpc:localhost:33119|admin:localhost:42011|client:localhost:45597|dataStream:localhost:34507|priority:0|startupRole:FOLLOWER, s1|rpc:localhost:43051|admin:localhost:41551|client:localhost:45233|dataStream:localhost:41779|priority:0|startupRole:FOLLOWER, s2|rpc:localhost:41201|admin:localhost:41487|client:localhost:41547|dataStream:localhost:43565|priority:0|startupRole:FOLLOWER]|listeners:[], old=null
2022-11-01 02:15:25,267 [grpc-default-executor-27] INFO  server.RaftServer$Division (RaftServerImpl.java:requestVote(1291)) - s0@group-29DD907A7165: receive requestVote(PRE_VOTE, s1, group-29DD907A7165, 2, (t:1, i:0))
2022-11-01 02:15:25,267 [grpc-default-executor-27] INFO  impl.VoteContext (VoteContext.java:log(49)) - s0@group-29DD907A7165-FOLLOWER: reject PRE_VOTE from s1: this server is a follower and still has a valid leader s4
2022-11-01 02:15:25,268 [grpc-default-executor-27] INFO  server.RaftServer$Division (RaftServerImpl.java:requestVote(1324)) - s0@group-29DD907A7165 replies to PRE_VOTE vote request: s1<-s0#0:FAIL-t2. Peer's state: s0@group-29DD907A7165:t2, leader=s4, voted=s4, raftlog=Memoized:s0@group-29DD907A7165-SegmentedRaftLog:OPENED:c0, conf=0: peers:[s3|rpc:localhost:46863|admin:localhost:41281|client:localhost:41041|dataStream:localhost:44363|priority:0|startupRole:FOLLOWER, s4|rpc:localhost:36775|admin:localhost:35477|client:localhost:46475|dataStream:localhost:42557|priority:0|startupRole:FOLLOWER, s0|rpc:localhost:33119|admin:localhost:42011|client:localhost:45597|dataStream:localhost:34507|priority:0|startupRole:FOLLOWER, s1|rpc:localhost:43051|admin:localhost:41551|client:localhost:45233|dataStream:localhost:41779|priority:0|startupRole:FOLLOWER, s2|rpc:localhost:41201|admin:localhost:41487|client:localhost:41547|dataStream:localhost:43565|priority:0|startupRole:FOLLOWER]|listeners:[], old=null
2022-11-01 02:15:25,269 [grpc-default-executor-27] INFO  server.RaftServer$Division (RaftServerImpl.java:requestVote(1291)) - s2@group-29DD907A7165: receive requestVote(PRE_VOTE, s1, group-29DD907A7165, 2, (t:1, i:0))
2022-11-01 02:15:25,269 [grpc-default-executor-27] INFO  impl.VoteContext (VoteContext.java:log(49)) - s2@group-29DD907A7165-FOLLOWER: reject PRE_VOTE from s1: our last entry (t:2, i:0) > candidate's last entry (t:1, i:0)
2022-11-01 02:15:25,269 [grpc-default-executor-27] INFO  server.RaftServer$Division (RaftServerImpl.java:requestVote(1324)) - s2@group-29DD907A7165 replies to PRE_VOTE vote request: s1<-s2#0:FAIL-t2. Peer's state: s2@group-29DD907A7165:t2, leader=s4, voted=s4, raftlog=Memoized:s2@group-29DD907A7165-SegmentedRaftLog:OPENED:c0, conf=0: peers:[s3|rpc:localhost:46863|admin:localhost:41281|client:localhost:41041|dataStream:localhost:44363|priority:0|startupRole:FOLLOWER, s4|rpc:localhost:36775|admin:localhost:35477|client:localhost:46475|dataStream:localhost:42557|priority:0|startupRole:FOLLOWER, s0|rpc:localhost:33119|admin:localhost:42011|client:localhost:45597|dataStream:localhost:34507|priority:0|startupRole:FOLLOWER, s1|rpc:localhost:43051|admin:localhost:41551|client:localhost:45233|dataStream:localhost:41779|priority:0|startupRole:FOLLOWER, s2|rpc:localhost:41201|admin:localhost:41487|client:localhost:41547|dataStream:localhost:43565|priority:0|startupRole:FOLLOWER]|listeners:[], old=null
2022-11-01 02:15:25,270 [s1@group-29DD907A7165-LeaderElection52] INFO  impl.LeaderElection (LeaderElection.java:logAndReturn(89)) - s1@group-29DD907A7165-LeaderElection52: PRE_VOTE REJECTED received 3 response(s) and 0 exception(s):
2022-11-01 02:15:25,270 [s1@group-29DD907A7165-LeaderElection52] INFO  impl.LeaderElection (LeaderElection.java:logAndReturn(93)) -   Response 0: s1<-s3#0:FAIL-t2
2022-11-01 02:15:25,270 [s1@group-29DD907A7165-LeaderElection52] INFO  impl.LeaderElection (LeaderElection.java:logAndReturn(93)) -   Response 1: s1<-s4#0:FAIL-t2
2022-11-01 02:15:25,270 [s1@group-29DD907A7165-LeaderElection52] INFO  impl.LeaderElection (LeaderElection.java:logAndReturn(93)) -   Response 2: s1<-s0#0:FAIL-t2
2022-11-01 02:15:25,270 [s1@group-29DD907A7165-LeaderElection52] INFO  impl.LeaderElection (LeaderElection.java:askForVotes(311)) - s1@group-29DD907A7165-LeaderElection52 PRE_VOTE round 0: result REJECTED
2022-11-01 02:15:25,270 [s1@group-29DD907A7165-LeaderElection52] INFO  server.RaftServer$Division (RaftServerImpl.java:setRole(325)) - s1@group-29DD907A7165: changes role from CANDIDATE to FOLLOWER at term 2 for REJECTED
2022-11-01 02:15:25,270 [s1@group-29DD907A7165-LeaderElection52] INFO  impl.RoleInfo (RoleInfo.java:shutdownLeaderElection(130)) - s1: shutdown s1@group-29DD907A7165-LeaderElection52
2022-11-01 02:15:25,270 [s1@group-29DD907A7165-LeaderElection52] INFO  impl.RoleInfo (RoleInfo.java:updateAndGet(139)) - s1: start s1@group-29DD907A7165-FollowerState
2022-11-01 02:15:25,323 [Time-limited test] INFO  server.RaftServerConfigKeys (ConfUtils.java:logGet(46)) - raft.server.rpc.timeout.max = 300ms (default)
2022-11-01 02:15:25,386 [grpc-default-executor-5] INFO  util.CodeInjectionForTesting (BlockRequestHandlingInjection.java:execute(84)) - s1: unBlock request from s2
2022-11-01 02:15:25,387 [grpc-default-executor-5] INFO  server.RaftServer$Division (RaftServerImpl.java:requestVote(1291)) - s1@group-29DD907A7165: receive requestVote(PRE_VOTE, s2, group-29DD907A7165, 2, (t:2, i:0))
2022-11-01 02:15:25,387 [grpc-default-executor-5] INFO  impl.VoteContext (VoteContext.java:log(49)) - s1@group-29DD907A7165-FOLLOWER: accept PRE_VOTE from s2: our last entry (t:1, i:0) < candidate's last entry (t:2, i:0)
2022-11-01 02:15:25,387 [grpc-default-executor-5] INFO  server.RaftServer$Division (RaftServerImpl.java:requestVote(1324)) - s1@group-29DD907A7165 replies to PRE_VOTE vote request: s2<-s1#0:OK-t2. Peer's state: s1@group-29DD907A7165:t2, leader=null, voted=null, raftlog=Memoized:s1@group-29DD907A7165-SegmentedRaftLog:OPENED:c0, conf=0: peers:[s3|rpc:localhost:46863|admin:localhost:41281|client:localhost:41041|dataStream:localhost:44363|priority:0|startupRole:FOLLOWER, s4|rpc:localhost:36775|admin:localhost:35477|client:localhost:46475|dataStream:localhost:42557|priority:0|startupRole:FOLLOWER, s0|rpc:localhost:33119|admin:localhost:42011|client:localhost:45597|dataStream:localhost:34507|priority:0|startupRole:FOLLOWER, s1|rpc:localhost:43051|admin:localhost:41551|client:localhost:45233|dataStream:localhost:41779|priority:0|startupRole:FOLLOWER, s2|rpc:localhost:41201|admin:localhost:41487|client:localhost:41547|dataStream:localhost:43565|priority:0|startupRole:FOLLOWER]|listeners:[], old=null
2022-11-01 02:15:25,479 [s1-server-thread3] INFO  util.CodeInjectionForTesting (BlockRequestHandlingInjection.java:execute(84)) - s1: unBlock request from s4
2022-11-01 02:15:25,479 [s1-server-thread3] INFO  server.RaftServer$Division (ServerState.java:setLeader(259)) - s1@group-29DD907A7165: change Leader from null to s4 at term 2 for appendEntries, leader elected after 714ms
2022-11-01 02:15:25,479 [s1-server-thread3] INFO  server.RaftServer$Division (RaftServerImpl.java:checkInconsistentAppendEntries(1599)) - s1@group-29DD907A7165: Failed appendEntries as previous log entry ((t:2, i:0)) is not found
2022-11-01 02:15:25,479 [s1-server-thread3] INFO  server.RaftServer$Division (RaftServerImpl.java:checkInconsistentAppendEntries(1569)) - s1@group-29DD907A7165: inconsistency entries. Reply:s4<-s1#236:FAIL-t2,INCONSISTENCY,nextIndex=0,followerCommit=0,matchIndex=-1
2022-11-01 02:15:25,480 [s1-server-thread3] INFO  server.RaftServer$Division (RaftServerImpl.java:checkInconsistentAppendEntries(1599)) - s1@group-29DD907A7165: Failed appendEntries as previous log entry ((t:2, i:0)) is not found
2022-11-01 02:15:25,480 [s1-server-thread3] INFO  server.RaftServer$Division (RaftServerImpl.java:checkInconsistentAppendEntries(1569)) - s1@group-29DD907A7165: inconsistency entries. Reply:s4<-s1#237:FAIL-t2,INCONSISTENCY,nextIndex=0,followerCommit=0,matchIndex=-1
2022-11-01 02:15:25,480 [grpc-default-executor-5] INFO  leader.FollowerInfo (FollowerInfoImpl.java:lambda$new$0(48)) - s4@group-29DD907A7165->s1: nextIndex: updateUnconditionally 1 -> 0
2022-11-01 02:15:25,481 [grpc-default-executor-24] INFO  leader.FollowerInfo (FollowerInfoImpl.java:lambda$new$0(48)) - s4@group-29DD907A7165->s1: nextIndex: updateUnconditionally 1 -> 0
2022-11-01 02:15:25,481 [s1-server-thread3] INFO  server.RaftServer$Division (RaftServerImpl.java:checkInconsistentAppendEntries(1599)) - s1@group-29DD907A7165: Failed appendEntries as previous log entry ((t:2, i:0)) is not found
2022-11-01 02:15:25,481 [s1-server-thread3] INFO  server.RaftServer$Division (RaftServerImpl.java:checkInconsistentAppendEntries(1569)) - s1@group-29DD907A7165: inconsistency entries. Reply:s4<-s1#238:FAIL-t2,INCONSISTENCY,nextIndex=0,followerCommit=0,matchIndex=-1
2022-11-01 02:15:25,482 [s1-server-thread3] DEBUG server.RaftServer$Division (RaftServerImpl.java:logAppendEntries(1418)) - s1@group-29DD907A7165: receive appendEntries(s4, 2, null, 0, true, commits:[s4:c0, s3:c0, s0:c0, s1:c0, s2:c0], cId:244, entries: [(t:2, i:0), CONFIGURATIONENTRY(current:id: "s3"
address: "localhost:46863"
dataStreamAddress: "localhost:44363"
clientAddress: "localhost:41041"
adminAddress: "localhost:41281"
startupRole: FOLLOWER
,id: "s4"
address: "localhost:36775"
dataStreamAddress: "localhost:42557"
clientAddress: "localhost:46475"
adminAddress: "localhost:35477"
startupRole: FOLLOWER
,id: "s0"
address: "localhost:33119"
dataStreamAddress: "localhost:34507"
clientAddress: "localhost:45597"
adminAddress: "localhost:42011"
startupRole: FOLLOWER
,id: "s1"
address: "localhost:43051"
dataStreamAddress: "localhost:41779"
clientAddress: "localhost:45233"
adminAddress: "localhost:41551"
startupRole: FOLLOWER
,id: "s2"
address: "localhost:41201"
dataStreamAddress: "localhost:43565"
clientAddress: "localhost:41547"
adminAddress: "localhost:41487"
startupRole: FOLLOWER
, old:)]
2022-11-01 02:15:25,482 [s1-server-thread3] INFO  server.RaftServer$Division (RaftServerImpl.java:checkInconsistentAppendEntries(1589)) - s1@group-29DD907A7165: Failed appendEntries as the first entry (index 0) already exists (snapshotIndex: -1, commitIndex: 0)
2022-11-01 02:15:25,482 [s1-server-thread3] INFO  server.RaftServer$Division (RaftServerImpl.java:checkInconsistentAppendEntries(1569)) - s1@group-29DD907A7165: inconsistency entries. Reply:s4<-s1#244:FAIL-t2,INCONSISTENCY,nextIndex=1,followerCommit=0,matchIndex=-1
2022-11-01 02:15:25,482 [grpc-default-executor-24] INFO  leader.FollowerInfo (FollowerInfoImpl.java:lambda$new$0(48)) - s4@group-29DD907A7165->s1: nextIndex: updateUnconditionally 1 -> 1
2022-11-01 02:15:25,482 [s1-server-thread3] INFO  server.RaftServer$Division (RaftServerImpl.java:checkInconsistentAppendEntries(1599)) - s1@group-29DD907A7165: Failed appendEntries as previous log entry ((t:2, i:0)) is not found
2022-11-01 02:15:25,482 [s1-server-thread3] INFO  server.RaftServer$Division (RaftServerImpl.java:checkInconsistentAppendEntries(1569)) - s1@group-29DD907A7165: inconsistency entries. Reply:s4<-s1#239:FAIL-t2,INCONSISTENCY,nextIndex=0,followerCommit=0,matchIndex=-1
2022-11-01 02:15:25,482 [grpc-default-executor-24] INFO  leader.FollowerInfo (FollowerInfoImpl.java:lambda$new$0(48)) - s4@group-29DD907A7165->s1: nextIndex: updateUnconditionally 1 -> 0
2022-11-01 02:15:25,483 [s1-server-thread3] DEBUG server.RaftServer$Division (RaftServerImpl.java:logAppendEntries(1418)) - s1@group-29DD907A7165: receive appendEntries(s4, 2, null, 0, true, commits:[s4:c0, s3:c0, s0:c0, s1:c0, s2:c0], cId:245, entries: [(t:2, i:0), CONFIGURATIONENTRY(current:id: "s3"
address: "localhost:46863"
dataStreamAddress: "localhost:44363"
clientAddress: "localhost:41041"
adminAddress: "localhost:41281"
startupRole: FOLLOWER
,id: "s4"
address: "localhost:36775"
dataStreamAddress: "localhost:42557"
clientAddress: "localhost:46475"
adminAddress: "localhost:35477"
startupRole: FOLLOWER
,id: "s0"
address: "localhost:33119"
dataStreamAddress: "localhost:34507"
clientAddress: "localhost:45597"
adminAddress: "localhost:42011"
startupRole: FOLLOWER
,id: "s1"
address: "localhost:43051"
dataStreamAddress: "localhost:41779"
clientAddress: "localhost:45233"
adminAddress: "localhost:41551"
startupRole: FOLLOWER
,id: "s2"
address: "localhost:41201"
dataStreamAddress: "localhost:43565"
clientAddress: "localhost:41547"
adminAddress: "localhost:41487"
startupRole: FOLLOWER
, old:)]
2022-11-01 02:15:25,483 [s1-server-thread3] INFO  server.RaftServer$Division (RaftServerImpl.java:checkInconsistentAppendEntries(1589)) - s1@group-29DD907A7165: Failed appendEntries as the first entry (index 0) already exists (snapshotIndex: -1, commitIndex: 0)
2022-11-01 02:15:25,483 [s1-server-thread3] INFO  server.RaftServer$Division (RaftServerImpl.java:checkInconsistentAppendEntries(1569)) - s1@group-29DD907A7165: inconsistency entries. Reply:s4<-s1#245:FAIL-t2,INCONSISTENCY,nextIndex=1,followerCommit=0,matchIndex=-1
2022-11-01 02:15:25,483 [s1-server-thread3] INFO  server.RaftServer$Division (RaftServerImpl.java:checkInconsistentAppendEntries(1599)) - s1@group-29DD907A7165: Failed appendEntries as previous log entry ((t:2, i:0)) is not found
2022-11-01 02:15:25,483 [s1-server-thread3] INFO  server.RaftServer$Division (RaftServerImpl.java:checkInconsistentAppendEntries(1569)) - s1@group-29DD907A7165: inconsistency entries. Reply:s4<-s1#240:FAIL-t2,INCONSISTENCY,nextIndex=0,followerCommit=0,matchIndex=-1
2022-11-01 02:15:25,483 [s1-server-thread4] DEBUG server.RaftServer$Division (RaftServerImpl.java:logAppendEntries(1418)) - s1@group-29DD907A7165: receive appendEntries(s4, 2, null, 0, true, commits:[s4:c0, s3:c0, s0:c0, s1:c0, s2:c0], cId:246, entries: [(t:2, i:0), CONFIGURATIONENTRY(current:id: "s3"
address: "localhost:46863"
dataStreamAddress: "localhost:44363"
clientAddress: "localhost:41041"
adminAddress: "localhost:41281"
startupRole: FOLLOWER
,id: "s4"
address: "localhost:36775"
dataStreamAddress: "localhost:42557"
clientAddress: "localhost:46475"
adminAddress: "localhost:35477"
startupRole: FOLLOWER
,id: "s0"
address: "localhost:33119"
dataStreamAddress: "localhost:34507"
clientAddress: "localhost:45597"
adminAddress: "localhost:42011"
startupRole: FOLLOWER
,id: "s1"
address: "localhost:43051"
dataStreamAddress: "localhost:41779"
clientAddress: "localhost:45233"
adminAddress: "localhost:41551"
startupRole: FOLLOWER
,id: "s2"
address: "localhost:41201"
dataStreamAddress: "localhost:43565"
clientAddress: "localhost:41547"
adminAddress: "localhost:41487"
startupRole: FOLLOWER
, old:)]
2022-11-01 02:15:25,484 [s1-server-thread4] INFO  server.RaftServer$Division (RaftServerImpl.java:checkInconsistentAppendEntries(1589)) - s1@group-29DD907A7165: Failed appendEntries as the first entry (index 0) already exists (snapshotIndex: -1, commitIndex: 0)
2022-11-01 02:15:25,484 [s1-server-thread4] INFO  server.RaftServer$Division (RaftServerImpl.java:checkInconsistentAppendEntries(1569)) - s1@group-29DD907A7165: inconsistency entries. Reply:s4<-s1#246:FAIL-t2,INCONSISTENCY,nextIndex=1,followerCommit=0,matchIndex=-1
2022-11-01 02:15:25,484 [grpc-default-executor-5] INFO  leader.FollowerInfo (FollowerInfoImpl.java:lambda$new$0(48)) - s4@group-29DD907A7165->s1: nextIndex: updateUnconditionally 1 -> 1
2022-11-01 02:15:25,484 [grpc-default-executor-27] INFO  leader.FollowerInfo (FollowerInfoImpl.java:lambda$new$0(48)) - s4@group-29DD907A7165->s1: nextIndex: updateUnconditionally 1 -> 0
2022-11-01 02:15:25,484 [grpc-default-executor-27] INFO  leader.FollowerInfo (FollowerInfoImpl.java:lambda$new$0(48)) - s4@group-29DD907A7165->s1: nextIndex: updateUnconditionally 1 -> 1
2022-11-01 02:15:25,485 [grpc-default-executor-5] INFO  leader.FollowerInfo (FollowerInfoImpl.java:lambda$new$0(48)) - s4@group-29DD907A7165->s1: nextIndex: updateUnconditionally 1 -> 0
2022-11-01 02:15:25,485 [s1-server-thread4] INFO  server.RaftServer$Division (RaftServerImpl.java:checkInconsistentAppendEntries(1599)) - s1@group-29DD907A7165: Failed appendEntries as previous log entry ((t:2, i:0)) is not found
2022-11-01 02:15:25,485 [s1-server-thread4] INFO  server.RaftServer$Division (RaftServerImpl.java:checkInconsistentAppendEntries(1569)) - s1@group-29DD907A7165: inconsistency entries. Reply:s4<-s1#241:FAIL-t2,INCONSISTENCY,nextIndex=0,followerCommit=0,matchIndex=-1
2022-11-01 02:15:25,485 [s1-server-thread3] DEBUG server.RaftServer$Division (RaftServerImpl.java:logAppendEntries(1418)) - s1@group-29DD907A7165: receive appendEntries(s4, 2, null, 0, true, commits:[s4:c0, s3:c0, s0:c0, s1:c0, s2:c0], cId:247, entries: [(t:2, i:0), CONFIGURATIONENTRY(current:id: "s3"
address: "localhost:46863"
dataStreamAddress: "localhost:44363"
clientAddress: "localhost:41041"
adminAddress: "localhost:41281"
startupRole: FOLLOWER
,id: "s4"
address: "localhost:36775"
dataStreamAddress: "localhost:42557"
clientAddress: "localhost:46475"
adminAddress: "localhost:35477"
startupRole: FOLLOWER
,id: "s0"
address: "localhost:33119"
dataStreamAddress: "localhost:34507"
clientAddress: "localhost:45597"
adminAddress: "localhost:42011"
startupRole: FOLLOWER
,id: "s1"
address: "localhost:43051"
dataStreamAddress: "localhost:41779"
clientAddress: "localhost:45233"
adminAddress: "localhost:41551"
startupRole: FOLLOWER
,id: "s2"
address: "localhost:41201"
dataStreamAddress: "localhost:43565"
clientAddress: "localhost:41547"
adminAddress: "localhost:41487"
startupRole: FOLLOWER
, old:)]
2022-11-01 02:15:25,485 [s1-server-thread3] INFO  server.RaftServer$Division (RaftServerImpl.java:checkInconsistentAppendEntries(1589)) - s1@group-29DD907A7165: Failed appendEntries as the first entry (index 0) already exists (snapshotIndex: -1, commitIndex: 0)
2022-11-01 02:15:25,485 [s1-server-thread3] INFO  server.RaftServer$Division (RaftServerImpl.java:checkInconsistentAppendEntries(1569)) - s1@group-29DD907A7165: inconsistency entries. Reply:s4<-s1#247:FAIL-t2,INCONSISTENCY,nextIndex=1,followerCommit=0,matchIndex=-1
2022-11-01 02:15:25,486 [grpc-default-executor-5] INFO  leader.FollowerInfo (FollowerInfoImpl.java:lambda$new$0(48)) - s4@group-29DD907A7165->s1: nextIndex: updateUnconditionally 1 -> 1
2022-11-01 02:15:25,486 [grpc-default-executor-24] INFO  leader.FollowerInfo (FollowerInfoImpl.java:lambda$new$0(48)) - s4@group-29DD907A7165->s1: nextIndex: updateUnconditionally 1 -> 0
2022-11-01 02:15:25,486 [s1-server-thread3] INFO  server.RaftServer$Division (RaftServerImpl.java:checkInconsistentAppendEntries(1599)) - s1@group-29DD907A7165: Failed appendEntries as previous log entry ((t:2, i:0)) is not found
2022-11-01 02:15:25,487 [s1-server-thread3] INFO  server.RaftServer$Division (RaftServerImpl.java:checkInconsistentAppendEntries(1569)) - s1@group-29DD907A7165: inconsistency entries. Reply:s4<-s1#242:FAIL-t2,INCONSISTENCY,nextIndex=0,followerCommit=0,matchIndex=-1
2022-11-01 02:15:25,487 [grpc-default-executor-24] INFO  leader.FollowerInfo (FollowerInfoImpl.java:lambda$new$0(48)) - s4@group-29DD907A7165->s1: nextIndex: updateUnconditionally 1 -> 0
2022-11-01 02:15:25,487 [s1-server-thread3] INFO  server.RaftServer$Division (RaftServerImpl.java:checkInconsistentAppendEntries(1599)) - s1@group-29DD907A7165: Failed appendEntries as previous log entry ((t:2, i:0)) is not found
2022-11-01 02:15:25,487 [s1-server-thread3] INFO  server.RaftServer$Division (RaftServerImpl.java:checkInconsistentAppendEntries(1569)) - s1@group-29DD907A7165: inconsistency entries. Reply:s4<-s1#243:FAIL-t2,INCONSISTENCY,nextIndex=0,followerCommit=0,matchIndex=-1
2022-11-01 02:15:25,488 [s1-server-thread3] DEBUG server.RaftServer$Division (RaftServerImpl.java:logAppendEntries(1418)) - s1@group-29DD907A7165: receive appendEntries(s4, 2, null, 0, true, commits:[s4:c0, s3:c0, s0:c0, s1:c0, s2:c0], cId:248, entries: [(t:2, i:0), CONFIGURATIONENTRY(current:id: "s3"
address: "localhost:46863"
dataStreamAddress: "localhost:44363"
clientAddress: "localhost:41041"
adminAddress: "localhost:41281"
startupRole: FOLLOWER
,id: "s4"
address: "localhost:36775"
dataStreamAddress: "localhost:42557"
clientAddress: "localhost:46475"
adminAddress: "localhost:35477"
startupRole: FOLLOWER
,id: "s0"
address: "localhost:33119"
dataStreamAddress: "localhost:34507"
clientAddress: "localhost:45597"
adminAddress: "localhost:42011"
startupRole: FOLLOWER
,id: "s1"
address: "localhost:43051"
dataStreamAddress: "localhost:41779"
clientAddress: "localhost:45233"
adminAddress: "localhost:41551"
startupRole: FOLLOWER
,id: "s2"
address: "localhost:41201"
dataStreamAddress: "localhost:43565"
clientAddress: "localhost:41547"
adminAddress: "localhost:41487"
startupRole: FOLLOWER
, old:)]
2022-11-01 02:15:25,488 [s1-server-thread3] INFO  server.RaftServer$Division (RaftServerImpl.java:checkInconsistentAppendEntries(1589)) - s1@group-29DD907A7165: Failed appendEntries as the first entry (index 0) already exists (snapshotIndex: -1, commitIndex: 0)
2022-11-01 02:15:25,488 [s1-server-thread3] INFO  server.RaftServer$Division (RaftServerImpl.java:checkInconsistentAppendEntries(1569)) - s1@group-29DD907A7165: inconsistency entries. Reply:s4<-s1#248:FAIL-t2,INCONSISTENCY,nextIndex=1,followerCommit=0,matchIndex=-1
2022-11-01 02:15:25,489 [grpc-default-executor-27] INFO  leader.FollowerInfo (FollowerInfoImpl.java:lambda$new$0(48)) - s4@group-29DD907A7165->s1: nextIndex: updateUnconditionally 1 -> 0
2022-11-01 02:15:25,489 [grpc-default-executor-24] INFO  leader.FollowerInfo (FollowerInfoImpl.java:lambda$new$0(48)) - s4@group-29DD907A7165->s1: nextIndex: updateUnconditionally 0 -> 1
2022-11-01 02:15:25,489 [s1-server-thread3] DEBUG server.RaftServer$Division (RaftServerImpl.java:logAppendEntries(1418)) - s1@group-29DD907A7165: receive appendEntries(s4, 2, null, 0, true, commits:[s4:c0, s3:c0, s0:c0, s1:c0, s2:c0], cId:249, entries: [(t:2, i:0), CONFIGURATIONENTRY(current:id: "s3"
address: "localhost:46863"
dataStreamAddress: "localhost:44363"
clientAddress: "localhost:41041"
adminAddress: "localhost:41281"
startupRole: FOLLOWER
,id: "s4"
address: "localhost:36775"
dataStreamAddress: "localhost:42557"
clientAddress: "localhost:46475"
adminAddress: "localhost:35477"
startupRole: FOLLOWER
,id: "s0"
address: "localhost:33119"
dataStreamAddress: "localhost:34507"
clientAddress: "localhost:45597"
adminAddress: "localhost:42011"
startupRole: FOLLOWER
,id: "s1"
address: "localhost:43051"
dataStreamAddress: "localhost:41779"
clientAddress: "localhost:45233"
adminAddress: "localhost:41551"
startupRole: FOLLOWER
,id: "s2"
address: "localhost:41201"
dataStreamAddress: "localhost:43565"
clientAddress: "localhost:41547"
adminAddress: "localhost:41487"
startupRole: FOLLOWER
, old:)]
2022-11-01 02:15:25,489 [s1-server-thread3] INFO  server.RaftServer$Division (RaftServerImpl.java:checkInconsistentAppendEntries(1589)) - s1@group-29DD907A7165: Failed appendEntries as the first entry (index 0) already exists (snapshotIndex: -1, commitIndex: 0)
2022-11-01 02:15:25,489 [s1-server-thread3] INFO  server.RaftServer$Division (RaftServerImpl.java:checkInconsistentAppendEntries(1569)) - s1@group-29DD907A7165: inconsistency entries. Reply:s4<-s1#249:FAIL-t2,INCONSISTENCY,nextIndex=1,followerCommit=0,matchIndex=-1
2022-11-01 02:15:25,490 [grpc-default-executor-27] INFO  leader.FollowerInfo (FollowerInfoImpl.java:lambda$new$0(48)) - s4@group-29DD907A7165->s1: nextIndex: updateUnconditionally 1 -> 1
2022-11-01 02:15:25,490 [s1-server-thread3] DEBUG server.RaftServer$Division (RaftServerImpl.java:logAppendEntries(1418)) - s1@group-29DD907A7165: receive appendEntries(s4, 2, null, 0, true, commits:[s4:c0, s3:c0, s0:c0, s1:c0, s2:c0], cId:250, entries: [(t:2, i:0), CONFIGURATIONENTRY(current:id: "s3"
address: "localhost:46863"
dataStreamAddress: "localhost:44363"
clientAddress: "localhost:41041"
adminAddress: "localhost:41281"
startupRole: FOLLOWER
,id: "s4"
address: "localhost:36775"
dataStreamAddress: "localhost:42557"
clientAddress: "localhost:46475"
adminAddress: "localhost:35477"
startupRole: FOLLOWER
,id: "s0"
address: "localhost:33119"
dataStreamAddress: "localhost:34507"
clientAddress: "localhost:45597"
adminAddress: "localhost:42011"
startupRole: FOLLOWER
,id: "s1"
address: "localhost:43051"
dataStreamAddress: "localhost:41779"
clientAddress: "localhost:45233"
adminAddress: "localhost:41551"
startupRole: FOLLOWER
,id: "s2"
address: "localhost:41201"
dataStreamAddress: "localhost:43565"
clientAddress: "localhost:41547"
adminAddress: "localhost:41487"
startupRole: FOLLOWER
, old:)]
2022-11-01 02:15:25,490 [s1-server-thread3] INFO  server.RaftServer$Division (RaftServerImpl.java:checkInconsistentAppendEntries(1589)) - s1@group-29DD907A7165: Failed appendEntries as the first entry (index 0) already exists (snapshotIndex: -1, commitIndex: 0)
2022-11-01 02:15:25,490 [s1-server-thread3] INFO  server.RaftServer$Division (RaftServerImpl.java:checkInconsistentAppendEntries(1569)) - s1@group-29DD907A7165: inconsistency entries. Reply:s4<-s1#250:FAIL-t2,INCONSISTENCY,nextIndex=1,followerCommit=0,matchIndex=-1
2022-11-01 02:15:25,490 [grpc-default-executor-24] INFO  leader.FollowerInfo (FollowerInfoImpl.java:lambda$new$0(48)) - s4@group-29DD907A7165->s1: nextIndex: updateUnconditionally 1 -> 1
2022-11-01 02:15:25,567 [s1-server-thread3] INFO  server.RaftServer$Division (RaftServerImpl.java:checkInconsistentAppendEntries(1599)) - s1@group-29DD907A7165: Failed appendEntries as previous log entry ((t:2, i:0)) is not found
2022-11-01 02:15:25,567 [s1-server-thread3] INFO  server.RaftServer$Division (RaftServerImpl.java:checkInconsistentAppendEntries(1569)) - s1@group-29DD907A7165: inconsistency entries. Reply:s4<-s1#251:FAIL-t2,INCONSISTENCY,nextIndex=0,followerCommit=0,matchIndex=-1
2022-11-01 02:15:25,568 [grpc-default-executor-24] INFO  leader.FollowerInfo (FollowerInfoImpl.java:lambda$new$0(48)) - s4@group-29DD907A7165->s1: nextIndex: updateUnconditionally 1 -> 0
2022-11-01 02:15:25,569 [s1-server-thread3] DEBUG server.RaftServer$Division (RaftServerImpl.java:logAppendEntries(1418)) - s1@group-29DD907A7165: receive appendEntries(s4, 2, null, 0, true, commits:[s4:c0, s3:c0, s0:c0, s1:c0, s2:c0], cId:252, entries: [(t:2, i:0), CONFIGURATIONENTRY(current:id: "s3"
address: "localhost:46863"
dataStreamAddress: "localhost:44363"
clientAddress: "localhost:41041"
adminAddress: "localhost:41281"
startupRole: FOLLOWER
,id: "s4"
address: "localhost:36775"
dataStreamAddress: "localhost:42557"
clientAddress: "localhost:46475"
adminAddress: "localhost:35477"
startupRole: FOLLOWER
,id: "s0"
address: "localhost:33119"
dataStreamAddress: "localhost:34507"
clientAddress: "localhost:45597"
adminAddress: "localhost:42011"
startupRole: FOLLOWER
,id: "s1"
address: "localhost:43051"
dataStreamAddress: "localhost:41779"
clientAddress: "localhost:45233"
adminAddress: "localhost:41551"
startupRole: FOLLOWER
,id: "s2"
address: "localhost:41201"
dataStreamAddress: "localhost:43565"
clientAddress: "localhost:41547"
adminAddress: "localhost:41487"
startupRole: FOLLOWER
, old:)]
2022-11-01 02:15:25,569 [s1-server-thread3] INFO  server.RaftServer$Division (RaftServerImpl.java:checkInconsistentAppendEntries(1589)) - s1@group-29DD907A7165: Failed appendEntries as the first entry (index 0) already exists (snapshotIndex: -1, commitIndex: 0)
2022-11-01 02:15:25,569 [s1-server-thread3] INFO  server.RaftServer$Division (RaftServerImpl.java:checkInconsistentAppendEntries(1569)) - s1@group-29DD907A7165: inconsistency entries. Reply:s4<-s1#252:FAIL-t2,INCONSISTENCY,nextIndex=1,followerCommit=0,matchIndex=-1
2022-11-01 02:15:25,570 [grpc-default-executor-24] INFO  leader.FollowerInfo (FollowerInfoImpl.java:lambda$new$0(48)) - s4@group-29DD907A7165->s1: nextIndex: updateUnconditionally 1 -> 1
2022-11-01 02:15:25,646 [s1-server-thread3] INFO  server.RaftServer$Division (RaftServerImpl.java:checkInconsistentAppendEntries(1599)) - s1@group-29DD907A7165: Failed appendEntries as previous log entry ((t:2, i:0)) is not found
2022-11-01 02:15:25,646 [s1-server-thread3] INFO  server.RaftServer$Division (RaftServerImpl.java:checkInconsistentAppendEntries(1569)) - s1@group-29DD907A7165: inconsistency entries. Reply:s4<-s1#253:FAIL-t2,INCONSISTENCY,nextIndex=0,followerCommit=0,matchIndex=-1
2022-11-01 02:15:25,647 [grpc-default-executor-24] INFO  leader.FollowerInfo (FollowerInfoImpl.java:lambda$new$0(48)) - s4@group-29DD907A7165->s1: nextIndex: updateUnconditionally 1 -> 0
2022-11-01 02:15:25,648 [s1-server-thread3] DEBUG server.RaftServer$Division (RaftServerImpl.java:logAppendEntries(1418)) - s1@group-29DD907A7165: receive appendEntries(s4, 2, null, 0, true, commits:[s4:c0, s3:c0, s0:c0, s1:c0, s2:c0], cId:254, entries: [(t:2, i:0), CONFIGURATIONENTRY(current:id: "s3"
address: "localhost:46863"
dataStreamAddress: "localhost:44363"
clientAddress: "localhost:41041"
adminAddress: "localhost:41281"
startupRole: FOLLOWER
,id: "s4"
address: "localhost:36775"
dataStreamAddress: "localhost:42557"
clientAddress: "localhost:46475"
adminAddress: "localhost:35477"
startupRole: FOLLOWER
,id: "s0"
address: "localhost:33119"
dataStreamAddress: "localhost:34507"
clientAddress: "localhost:45597"
adminAddress: "localhost:42011"
startupRole: FOLLOWER
,id: "s1"
address: "localhost:43051"
dataStreamAddress: "localhost:41779"
clientAddress: "localhost:45233"
adminAddress: "localhost:41551"
startupRole: FOLLOWER
,id: "s2"
address: "localhost:41201"
dataStreamAddress: "localhost:43565"
clientAddress: "localhost:41547"
adminAddress: "localhost:41487"
startupRole: FOLLOWER
, old:)]
2022-11-01 02:15:25,648 [s1-server-thread3] INFO  server.RaftServer$Division (RaftServerImpl.java:checkInconsistentAppendEntries(1589)) - s1@group-29DD907A7165: Failed appendEntries as the first entry (index 0) already exists (snapshotIndex: -1, commitIndex: 0)
2022-11-01 02:15:25,648 [s1-server-thread3] INFO  server.RaftServer$Division (RaftServerImpl.java:checkInconsistentAppendEntries(1569)) - s1@group-29DD907A7165: inconsistency entries. Reply:s4<-s1#254:FAIL-t2,INCONSISTENCY,nextIndex=1,followerCommit=0,matchIndex=-1
2022-11-01 02:15:25,648 [grpc-default-executor-24] INFO  leader.FollowerInfo (FollowerInfoImpl.java:lambda$new$0(48)) - s4@group-29DD907A7165->s1: nextIndex: updateUnconditionally 1 -> 1
2022-11-01 02:15:25,724 [s1-server-thread3] INFO  server.RaftServer$Division (RaftServerImpl.java:checkInconsistentAppendEntries(1599)) - s1@group-29DD907A7165: Failed appendEntries as previous log entry ((t:2, i:0)) is not found
2022-11-01 02:15:25,724 [s1-server-thread3] INFO  server.RaftServer$Division (RaftServerImpl.java:checkInconsistentAppendEntries(1569)) - s1@group-29DD907A7165: inconsistency entries. Reply:s4<-s1#255:FAIL-t2,INCONSISTENCY,nextIndex=0,followerCommit=0,matchIndex=-1
2022-11-01 02:15:25,725 [grpc-default-executor-27] INFO  leader.FollowerInfo (FollowerInfoImpl.java:lambda$new$0(48)) - s4@group-29DD907A7165->s1: nextIndex: updateUnconditionally 1 -> 0
2022-11-01 02:15:25,726 [s1-server-thread3] DEBUG server.RaftServer$Division (RaftServerImpl.java:logAppendEntries(1418)) - s1@group-29DD907A7165: receive appendEntries(s4, 2, null, 0, true, commits:[s4:c0, s3:c0, s0:c0, s1:c0, s2:c0], cId:256, entries: [(t:2, i:0), CONFIGURATIONENTRY(current:id: "s3"
address: "localhost:46863"
dataStreamAddress: "localhost:44363"
clientAddress: "localhost:41041"
adminAddress: "localhost:41281"
startupRole: FOLLOWER
,id: "s4"
address: "localhost:36775"
dataStreamAddress: "localhost:42557"
clientAddress: "localhost:46475"
adminAddress: "localhost:35477"
startupRole: FOLLOWER
,id: "s0"
address: "localhost:33119"
dataStreamAddress: "localhost:34507"
clientAddress: "localhost:45597"
adminAddress: "localhost:42011"
startupRole: FOLLOWER
,id: "s1"
address: "localhost:43051"
dataStreamAddress: "localhost:41779"
clientAddress: "localhost:45233"
adminAddress: "localhost:41551"
startupRole: FOLLOWER
,id: "s2"
address: "localhost:41201"
dataStreamAddress: "localhost:43565"
clientAddress: "localhost:41547"
adminAddress: "localhost:41487"
startupRole: FOLLOWER
, old:)]
2022-11-01 02:15:25,726 [s1-server-thread3] INFO  server.RaftServer$Division (RaftServerImpl.java:checkInconsistentAppendEntries(1589)) - s1@group-29DD907A7165: Failed appendEntries as the first entry (index 0) already exists (snapshotIndex: -1, commitIndex: 0)
2022-11-01 02:15:25,726 [s1-server-thread3] INFO  server.RaftServer$Division (RaftServerImpl.java:checkInconsistentAppendEntries(1569)) - s1@group-29DD907A7165: inconsistency entries. Reply:s4<-s1#256:FAIL-t2,INCONSISTENCY,nextIndex=1,followerCommit=0,matchIndex=-1
2022-11-01 02:15:25,726 [grpc-default-executor-24] INFO  leader.FollowerInfo (FollowerInfoImpl.java:lambda$new$0(48)) - s4@group-29DD907A7165->s1: nextIndex: updateUnconditionally 1 -> 1
2022-11-01 02:15:25,802 [s1-server-thread3] INFO  server.RaftServer$Division (RaftServerImpl.java:checkInconsistentAppendEntries(1599)) - s1@group-29DD907A7165: Failed appendEntries as previous log entry ((t:2, i:0)) is not found
2022-11-01 02:15:25,802 [s1-server-thread3] INFO  server.RaftServer$Division (RaftServerImpl.java:checkInconsistentAppendEntries(1569)) - s1@group-29DD907A7165: inconsistency entries. Reply:s4<-s1#257:FAIL-t2,INCONSISTENCY,nextIndex=0,followerCommit=0,matchIndex=-1
2022-11-01 02:15:25,803 [grpc-default-executor-24] INFO  leader.FollowerInfo (FollowerInfoImpl.java:lambda$new$0(48)) - s4@group-29DD907A7165->s1: nextIndex: updateUnconditionally 1 -> 0
2022-11-01 02:15:25,803 [s1-server-thread3] DEBUG server.RaftServer$Division (RaftServerImpl.java:logAppendEntries(1418)) - s1@group-29DD907A7165: receive appendEntries(s4, 2, null, 0, true, commits:[s4:c0, s3:c0, s0:c0, s1:c0, s2:c0], cId:258, entries: [(t:2, i:0), CONFIGURATIONENTRY(current:id: "s3"
address: "localhost:46863"
dataStreamAddress: "localhost:44363"
clientAddress: "localhost:41041"
adminAddress: "localhost:41281"
startupRole: FOLLOWER
,id: "s4"
address: "localhost:36775"
dataStreamAddress: "localhost:42557"
clientAddress: "localhost:46475"
adminAddress: "localhost:35477"
startupRole: FOLLOWER
,id: "s0"
address: "localhost:33119"
dataStreamAddress: "localhost:34507"
clientAddress: "localhost:45597"
adminAddress: "localhost:42011"
startupRole: FOLLOWER
,id: "s1"
address: "localhost:43051"
dataStreamAddress: "localhost:41779"
clientAddress: "localhost:45233"
adminAddress: "localhost:41551"
startupRole: FOLLOWER
,id: "s2"
address: "localhost:41201"
dataStreamAddress: "localhost:43565"
clientAddress: "localhost:41547"
adminAddress: "localhost:41487"
startupRole: FOLLOWER
, old:)]
2022-11-01 02:15:25,804 [s1-server-thread3] INFO  server.RaftServer$Division (RaftServerImpl.java:checkInconsistentAppendEntries(1589)) - s1@group-29DD907A7165: Failed appendEntries as the first entry (index 0) already exists (snapshotIndex: -1, commitIndex: 0)
2022-11-01 02:15:25,804 [s1-server-thread3] INFO  server.RaftServer$Division (RaftServerImpl.java:checkInconsistentAppendEntries(1569)) - s1@group-29DD907A7165: inconsistency entries. Reply:s4<-s1#258:FAIL-t2,INCONSISTENCY,nextIndex=1,followerCommit=0,matchIndex=-1
2022-11-01 02:15:25,804 [grpc-default-executor-24] INFO  leader.FollowerInfo (FollowerInfoImpl.java:lambda$new$0(48)) - s4@group-29DD907A7165->s1: nextIndex: updateUnconditionally 1 -> 1
2022-11-01 02:15:25,880 [s1-server-thread3] INFO  server.RaftServer$Division (RaftServerImpl.java:checkInconsistentAppendEntries(1599)) - s1@group-29DD907A7165: Failed appendEntries as previous log entry ((t:2, i:0)) is not found
2022-11-01 02:15:25,880 [s1-server-thread3] INFO  server.RaftServer$Division (RaftServerImpl.java:checkInconsistentAppendEntries(1569)) - s1@group-29DD907A7165: inconsistency entries. Reply:s4<-s1#259:FAIL-t2,INCONSISTENCY,nextIndex=0,followerCommit=0,matchIndex=-1
2022-11-01 02:15:25,880 [grpc-default-executor-24] INFO  leader.FollowerInfo (FollowerInfoImpl.java:lambda$new$0(48)) - s4@group-29DD907A7165->s1: nextIndex: updateUnconditionally 1 -> 0
2022-11-01 02:15:25,881 [s1-server-thread3] DEBUG server.RaftServer$Division (RaftServerImpl.java:logAppendEntries(1418)) - s1@group-29DD907A7165: receive appendEntries(s4, 2, null, 0, true, commits:[s4:c0, s3:c0, s0:c0, s1:c0, s2:c0], cId:260, entries: [(t:2, i:0), CONFIGURATIONENTRY(current:id: "s3"
address: "localhost:46863"
dataStreamAddress: "localhost:44363"
clientAddress: "localhost:41041"
adminAddress: "localhost:41281"
startupRole: FOLLOWER
,id: "s4"
address: "localhost:36775"
dataStreamAddress: "localhost:42557"
clientAddress: "localhost:46475"
adminAddress: "localhost:35477"
startupRole: FOLLOWER
,id: "s0"
address: "localhost:33119"
dataStreamAddress: "localhost:34507"
clientAddress: "localhost:45597"
adminAddress: "localhost:42011"
startupRole: FOLLOWER
,id: "s1"
address: "localhost:43051"
dataStreamAddress: "localhost:41779"
clientAddress: "localhost:45233"
adminAddress: "localhost:41551"
startupRole: FOLLOWER
,id: "s2"
address: "localhost:41201"
dataStreamAddress: "localhost:43565"
clientAddress: "localhost:41547"
adminAddress: "localhost:41487"
startupRole: FOLLOWER
, old:)]
2022-11-01 02:15:25,881 [s1-server-thread3] INFO  server.RaftServer$Division (RaftServerImpl.java:checkInconsistentAppendEntries(1589)) - s1@group-29DD907A7165: Failed appendEntries as the first entry (index 0) already exists (snapshotIndex: -1, commitIndex: 0)
2022-11-01 02:15:25,881 [s1-server-thread3] INFO  server.RaftServer$Division (RaftServerImpl.java:checkInconsistentAppendEntries(1569)) - s1@group-29DD907A7165: inconsistency entries. Reply:s4<-s1#260:FAIL-t2,INCONSISTENCY,nextIndex=1,followerCommit=0,matchIndex=-1
2022-11-01 02:15:25,882 [grpc-default-executor-24] INFO  leader.FollowerInfo (FollowerInfoImpl.java:lambda$new$0(48)) - s4@group-29DD907A7165->s1: nextIndex: updateUnconditionally 1 -> 1
2022-11-01 02:15:25,957 [s1-server-thread3] INFO  server.RaftServer$Division (RaftServerImpl.java:checkInconsistentAppendEntries(1599)) - s1@group-29DD907A7165: Failed appendEntries as previous log entry ((t:2, i:0)) is not found
2022-11-01 02:15:25,958 [s1-server-thread3] INFO  server.RaftServer$Division (RaftServerImpl.java:checkInconsistentAppendEntries(1569)) - s1@group-29DD907A7165: inconsistency entries. Reply:s4<-s1#261:FAIL-t2,INCONSISTENCY,nextIndex=0,followerCommit=0,matchIndex=-1
2022-11-01 02:15:25,958 [grpc-default-executor-24] INFO  leader.FollowerInfo (FollowerInfoImpl.java:lambda$new$0(48)) - s4@group-29DD907A7165->s1: nextIndex: updateUnconditionally 1 -> 0
2022-11-01 02:15:25,959 [s1-server-thread3] DEBUG server.RaftServer$Division (RaftServerImpl.java:logAppendEntries(1418)) - s1@group-29DD907A7165: receive appendEntries(s4, 2, null, 0, true, commits:[s4:c0, s3:c0, s0:c0, s1:c0, s2:c0], cId:262, entries: [(t:2, i:0), CONFIGURATIONENTRY(current:id: "s3"
address: "localhost:46863"
dataStreamAddress: "localhost:44363"
clientAddress: "localhost:41041"
adminAddress: "localhost:41281"
startupRole: FOLLOWER
,id: "s4"
address: "localhost:36775"
dataStreamAddress: "localhost:42557"
clientAddress: "localhost:46475"
adminAddress: "localhost:35477"
startupRole: FOLLOWER
,id: "s0"
address: "localhost:33119"
dataStreamAddress: "localhost:34507"
clientAddress: "localhost:45597"
adminAddress: "localhost:42011"
startupRole: FOLLOWER
,id: "s1"
address: "localhost:43051"
dataStreamAddress: "localhost:41779"
clientAddress: "localhost:45233"
adminAddress: "localhost:41551"
startupRole: FOLLOWER
,id: "s2"
address: "localhost:41201"
dataStreamAddress: "localhost:43565"
clientAddress: "localhost:41547"
adminAddress: "localhost:41487"
startupRole: FOLLOWER
, old:)]
2022-11-01 02:15:25,959 [s1-server-thread3] INFO  server.RaftServer$Division (RaftServerImpl.java:checkInconsistentAppendEntries(1589)) - s1@group-29DD907A7165: Failed appendEntries as the first entry (index 0) already exists (snapshotIndex: -1, commitIndex: 0)
2022-11-01 02:15:25,959 [s1-server-thread3] INFO  server.RaftServer$Division (RaftServerImpl.java:checkInconsistentAppendEntries(1569)) - s1@group-29DD907A7165: inconsistency entries. Reply:s4<-s1#262:FAIL-t2,INCONSISTENCY,nextIndex=1,followerCommit=0,matchIndex=-1
2022-11-01 02:15:25,959 [grpc-default-executor-24] INFO  leader.FollowerInfo (FollowerInfoImpl.java:lambda$new$0(48)) - s4@group-29DD907A7165->s1: nextIndex: updateUnconditionally 1 -> 1
2022-11-01 02:15:26,035 [s1-server-thread3] INFO  server.RaftServer$Division (RaftServerImpl.java:checkInconsistentAppendEntries(1599)) - s1@group-29DD907A7165: Failed appendEntries as previous log entry ((t:2, i:0)) is not found
2022-11-01 02:15:26,035 [s1-server-thread3] INFO  server.RaftServer$Division (RaftServerImpl.java:checkInconsistentAppendEntries(1569)) - s1@group-29DD907A7165: inconsistency entries. Reply:s4<-s1#263:FAIL-t2,INCONSISTENCY,nextIndex=0,followerCommit=0,matchIndex=-1
2022-11-01 02:15:26,036 [grpc-default-executor-24] INFO  leader.FollowerInfo (FollowerInfoImpl.java:lambda$new$0(48)) - s4@group-29DD907A7165->s1: nextIndex: updateUnconditionally 1 -> 0
2022-11-01 02:15:26,036 [s1-server-thread3] DEBUG server.RaftServer$Division (RaftServerImpl.java:logAppendEntries(1418)) - s1@group-29DD907A7165: receive appendEntries(s4, 2, null, 0, true, commits:[s4:c0, s3:c0, s0:c0, s1:c0, s2:c0], cId:264, entries: [(t:2, i:0), CONFIGURATIONENTRY(current:id: "s3"
address: "localhost:46863"
dataStreamAddress: "localhost:44363"
clientAddress: "localhost:41041"
adminAddress: "localhost:41281"
startupRole: FOLLOWER
,id: "s4"
address: "localhost:36775"
dataStreamAddress: "localhost:42557"
clientAddress: "localhost:46475"
adminAddress: "localhost:35477"
startupRole: FOLLOWER
,id: "s0"
address: "localhost:33119"
dataStreamAddress: "localhost:34507"
clientAddress: "localhost:45597"
adminAddress: "localhost:42011"
startupRole: FOLLOWER
,id: "s1"
address: "localhost:43051"
dataStreamAddress: "localhost:41779"
clientAddress: "localhost:45233"
adminAddress: "localhost:41551"
startupRole: FOLLOWER
,id: "s2"
address: "localhost:41201"
dataStreamAddress: "localhost:43565"
clientAddress: "localhost:41547"
adminAddress: "localhost:41487"
startupRole: FOLLOWER
, old:)]
2022-11-01 02:15:26,036 [s1-server-thread3] INFO  server.RaftServer$Division (RaftServerImpl.java:checkInconsistentAppendEntries(1589)) - s1@group-29DD907A7165: Failed appendEntries as the first entry (index 0) already exists (snapshotIndex: -1, commitIndex: 0)
2022-11-01 02:15:26,037 [s1-server-thread3] INFO  server.RaftServer$Division (RaftServerImpl.java:checkInconsistentAppendEntries(1569)) - s1@group-29DD907A7165: inconsistency entries. Reply:s4<-s1#264:FAIL-t2,INCONSISTENCY,nextIndex=1,followerCommit=0,matchIndex=-1
2022-11-01 02:15:26,037 [grpc-default-executor-24] INFO  leader.FollowerInfo (FollowerInfoImpl.java:lambda$new$0(48)) - s4@group-29DD907A7165->s1: nextIndex: updateUnconditionally 1 -> 1
2022-11-01 02:15:26,114 [s1-server-thread3] INFO  server.RaftServer$Division (RaftServerImpl.java:checkInconsistentAppendEntries(1599)) - s1@group-29DD907A7165: Failed appendEntries as previous log entry ((t:2, i:0)) is not found
2022-11-01 02:15:26,114 [s1-server-thread3] INFO  server.RaftServer$Division (RaftServerImpl.java:checkInconsistentAppendEntries(1569)) - s1@group-29DD907A7165: inconsistency entries. Reply:s4<-s1#265:FAIL-t2,INCONSISTENCY,nextIndex=0,followerCommit=0,matchIndex=-1
2022-11-01 02:15:26,114 [grpc-default-executor-24] INFO  leader.FollowerInfo (FollowerInfoImpl.java:lambda$new$0(48)) - s4@group-29DD907A7165->s1: nextIndex: updateUnconditionally 1 -> 0
2022-11-01 02:15:26,115 [s1-server-thread3] DEBUG server.RaftServer$Division (RaftServerImpl.java:logAppendEntries(1418)) - s1@group-29DD907A7165: receive appendEntries(s4, 2, null, 0, true, commits:[s4:c0, s3:c0, s0:c0, s1:c0, s2:c0], cId:266, entries: [(t:2, i:0), CONFIGURATIONENTRY(current:id: "s3"
address: "localhost:46863"
dataStreamAddress: "localhost:44363"
clientAddress: "localhost:41041"
adminAddress: "localhost:41281"
startupRole: FOLLOWER
,id: "s4"
address: "localhost:36775"
dataStreamAddress: "localhost:42557"
clientAddress: "localhost:46475"
adminAddress: "localhost:35477"
startupRole: FOLLOWER
,id: "s0"
address: "localhost:33119"
dataStreamAddress: "localhost:34507"
clientAddress: "localhost:45597"
adminAddress: "localhost:42011"
startupRole: FOLLOWER
,id: "s1"
address: "localhost:43051"
dataStreamAddress: "localhost:41779"
clientAddress: "localhost:45233"
adminAddress: "localhost:41551"
startupRole: FOLLOWER
,id: "s2"
address: "localhost:41201"
dataStreamAddress: "localhost:43565"
clientAddress: "localhost:41547"
adminAddress: "localhost:41487"
startupRole: FOLLOWER
, old:)]
2022-11-01 02:15:26,115 [s1-server-thread3] INFO  server.RaftServer$Division (RaftServerImpl.java:checkInconsistentAppendEntries(1589)) - s1@group-29DD907A7165: Failed appendEntries as the first entry (index 0) already exists (snapshotIndex: -1, commitIndex: 0)
2022-11-01 02:15:26,115 [s1-server-thread3] INFO  server.RaftServer$Division (RaftServerImpl.java:checkInconsistentAppendEntries(1569)) - s1@group-29DD907A7165: inconsistency entries. Reply:s4<-s1#266:FAIL-t2,INCONSISTENCY,nextIndex=1,followerCommit=0,matchIndex=-1
2022-11-01 02:15:26,116 [grpc-default-executor-24] INFO  leader.FollowerInfo (FollowerInfoImpl.java:lambda$new$0(48)) - s4@group-29DD907A7165->s1: nextIndex: updateUnconditionally 1 -> 1
2022-11-01 02:15:26,191 [s1-server-thread3] INFO  server.RaftServer$Division (RaftServerImpl.java:checkInconsistentAppendEntries(1599)) - s1@group-29DD907A7165: Failed appendEntries as previous log entry ((t:2, i:0)) is not found
2022-11-01 02:15:26,191 [s1-server-thread3] INFO  server.RaftServer$Division (RaftServerImpl.java:checkInconsistentAppendEntries(1569)) - s1@group-29DD907A7165: inconsistency entries. Reply:s4<-s1#267:FAIL-t2,INCONSISTENCY,nextIndex=0,followerCommit=0,matchIndex=-1
2022-11-01 02:15:26,192 [grpc-default-executor-24] INFO  leader.FollowerInfo (FollowerInfoImpl.java:lambda$new$0(48)) - s4@group-29DD907A7165->s1: nextIndex: updateUnconditionally 1 -> 0
2022-11-01 02:15:26,195 [s1-server-thread3] DEBUG server.RaftServer$Division (RaftServerImpl.java:logAppendEntries(1418)) - s1@group-29DD907A7165: receive appendEntries(s4, 2, null, 0, true, commits:[s4:c0, s3:c0, s0:c0, s1:c0, s2:c0], cId:268, entries: [(t:2, i:0), CONFIGURATIONENTRY(current:id: "s3"
address: "localhost:46863"
dataStreamAddress: "localhost:44363"
clientAddress: "localhost:41041"
adminAddress: "localhost:41281"
startupRole: FOLLOWER
,id: "s4"
address: "localhost:36775"
dataStreamAddress: "localhost:42557"
clientAddress: "localhost:46475"
adminAddress: "localhost:35477"
startupRole: FOLLOWER
,id: "s0"
address: "localhost:33119"
dataStreamAddress: "localhost:34507"
clientAddress: "localhost:45597"
adminAddress: "localhost:42011"
startupRole: FOLLOWER
,id: "s1"
address: "localhost:43051"
dataStreamAddress: "localhost:41779"
clientAddress: "localhost:45233"
adminAddress: "localhost:41551"
startupRole: FOLLOWER
,id: "s2"
address: "localhost:41201"
dataStreamAddress: "localhost:43565"
clientAddress: "localhost:41547"
adminAddress: "localhost:41487"
startupRole: FOLLOWER
, old:)]
2022-11-01 02:15:26,195 [s1-server-thread3] INFO  server.RaftServer$Division (RaftServerImpl.java:checkInconsistentAppendEntries(1589)) - s1@group-29DD907A7165: Failed appendEntries as the first entry (index 0) already exists (snapshotIndex: -1, commitIndex: 0)
2022-11-01 02:15:26,195 [s1-server-thread3] INFO  server.RaftServer$Division (RaftServerImpl.java:checkInconsistentAppendEntries(1569)) - s1@group-29DD907A7165: inconsistency entries. Reply:s4<-s1#268:FAIL-t2,INCONSISTENCY,nextIndex=1,followerCommit=0,matchIndex=-1
2022-11-01 02:15:26,195 [grpc-default-executor-24] INFO  leader.FollowerInfo (FollowerInfoImpl.java:lambda$new$0(48)) - s4@group-29DD907A7165->s1: nextIndex: updateUnconditionally 1 -> 1
2022-11-01 02:15:26,224 [Time-limited test] INFO  grpc.TestLeaderElectionWithGrpc (LeaderElectionTests.java:enforceLeader(292)) - try enforcing leader to s1 but new leader is s4
2022-11-01 02:15:26,224 [Time-limited test] INFO  server.RaftServerConfigKeys (ConfUtils.java:logGet(46)) - raft.server.rpc.timeout.max = 300ms (default)
2022-11-01 02:15:26,246 [s4@group-29DD907A7165->s2-GrpcLogAppender-LogAppenderDaemon] INFO  util.CodeInjectionForTesting (DelayLocalExecutionInjection.java:execute(65)) - s4 delay 150 ms, args=[serverRequest {
  requestorId: "s4"
  replyId: "s2"
  raftGroupId {
    id: "\306I{yg\341A\222\264\356)\335\220zqe"
  }
  callId: 130
  slidingWindowEntry {
  }
}
leaderTerm: 2
previousLog {
  term: 2
}
initializing: true
commitInfos {
  server {
    id: "s4"
    address: "localhost:36775"
    dataStreamAddress: "localhost:42557"
    clientAddress: "localhost:46475"
    adminAddress: "localhost:35477"
    startupRole: FOLLOWER
  }
}
commitInfos {
  server {
    id: "s3"
    address: "localhost:46863"
    dataStreamAddress: "localhost:44363"
    clientAddress: "localhost:41041"
    adminAddress: "localhost:41281"
    startupRole: FOLLOWER
  }
}
commitInfos {
  server {
    id: "s0"
    address: "localhost:33119"
    dataStreamAddress: "localhost:34507"
    clientAddress: "localhost:45597"
    adminAddress: "localhost:42011"
    startupRole: FOLLOWER
  }
}
commitInfos {
  server {
    id: "s1"
    address: "localhost:43051"
    dataStreamAddress: "localhost:41779"
    clientAddress: "localhost:45233"
    adminAddress: "localhost:41551"
    startupRole: FOLLOWER
  }
}
commitInfos {
  server {
    id: "s2"
    address: "localhost:41201"
    dataStreamAddress: "localhost:43565"
    clientAddress: "localhost:41547"
    adminAddress: "localhost:41487"
    startupRole: FOLLOWER
  }
}
]
2022-11-01 02:15:26,258 [s4@group-29DD907A7165->s3-GrpcLogAppender-LogAppenderDaemon] INFO  util.CodeInjectionForTesting (DelayLocalExecutionInjection.java:execute(65)) - s4 delay 150 ms, args=[serverRequest {
  requestorId: "s4"
  replyId: "s3"
  raftGroupId {
    id: "\306I{yg\341A\222\264\356)\335\220zqe"
  }
  callId: 134
  slidingWindowEntry {
  }
}
leaderTerm: 2
previousLog {
  term: 2
}
initializing: true
commitInfos {
  server {
    id: "s4"
    address: "localhost:36775"
    dataStreamAddress: "localhost:42557"
    clientAddress: "localhost:46475"
    adminAddress: "localhost:35477"
    startupRole: FOLLOWER
  }
}
commitInfos {
  server {
    id: "s3"
    address: "localhost:46863"
    dataStreamAddress: "localhost:44363"
    clientAddress: "localhost:41041"
    adminAddress: "localhost:41281"
    startupRole: FOLLOWER
  }
}
commitInfos {
  server {
    id: "s0"
    address: "localhost:33119"
    dataStreamAddress: "localhost:34507"
    clientAddress: "localhost:45597"
    adminAddress: "localhost:42011"
    startupRole: FOLLOWER
  }
}
commitInfos {
  server {
    id: "s1"
    address: "localhost:43051"
    dataStreamAddress: "localhost:41779"
    clientAddress: "localhost:45233"
    adminAddress: "localhost:41551"
    startupRole: FOLLOWER
  }
}
commitInfos {
  server {
    id: "s2"
    address: "localhost:41201"
    dataStreamAddress: "localhost:43565"
    clientAddress: "localhost:41547"
    adminAddress: "localhost:41487"
    startupRole: FOLLOWER
  }
}
]
2022-11-01 02:15:26,260 [s4@group-29DD907A7165->s0-GrpcLogAppender-LogAppenderDaemon] INFO  util.CodeInjectionForTesting (DelayLocalExecutionInjection.java:execute(65)) - s4 delay 150 ms, args=[serverRequest {
  requestorId: "s4"
  replyId: "s0"
  raftGroupId {
    id: "\306I{yg\341A\222\264\356)\335\220zqe"
  }
  callId: 144
  slidingWindowEntry {
  }
}
leaderTerm: 2
previousLog {
  term: 2
}
initializing: true
commitInfos {
  server {
    id: "s4"
    address: "localhost:36775"
    dataStreamAddress: "localhost:42557"
    clientAddress: "localhost:46475"
    adminAddress: "localhost:35477"
    startupRole: FOLLOWER
  }
}
commitInfos {
  server {
    id: "s3"
    address: "localhost:46863"
    dataStreamAddress: "localhost:44363"
    clientAddress: "localhost:41041"
    adminAddress: "localhost:41281"
    startupRole: FOLLOWER
  }
}
commitInfos {
  server {
    id: "s0"
    address: "localhost:33119"
    dataStreamAddress: "localhost:34507"
    clientAddress: "localhost:45597"
    adminAddress: "localhost:42011"
    startupRole: FOLLOWER
  }
}
commitInfos {
  server {
    id: "s1"
    address: "localhost:43051"
    dataStreamAddress: "localhost:41779"
    clientAddress: "localhost:45233"
    adminAddress: "localhost:41551"
    startupRole: FOLLOWER
  }
}
commitInfos {
  server {
    id: "s2"
    address: "localhost:41201"
    dataStreamAddress: "localhost:43565"
    clientAddress: "localhost:41547"
    adminAddress: "localhost:41487"
    startupRole: FOLLOWER
  }
}
]
2022-11-01 02:15:26,271 [s4@group-29DD907A7165->s1-GrpcLogAppender-LogAppenderDaemon] INFO  util.CodeInjectionForTesting (DelayLocalExecutionInjection.java:execute(65)) - s4 delay 150 ms, args=[serverRequest {
  requestorId: "s4"
  replyId: "s1"
  raftGroupId {
    id: "\306I{yg\341A\222\264\356)\335\220zqe"
  }
  callId: 269
  slidingWindowEntry {
  }
}
leaderTerm: 2
previousLog {
  term: 2
}
initializing: true
commitInfos {
  server {
    id: "s4"
    address: "localhost:36775"
    dataStreamAddress: "localhost:42557"
    clientAddress: "localhost:46475"
    adminAddress: "localhost:35477"
    startupRole: FOLLOWER
  }
}
commitInfos {
  server {
    id: "s3"
    address: "localhost:46863"
    dataStreamAddress: "localhost:44363"
    clientAddress: "localhost:41041"
    adminAddress: "localhost:41281"
    startupRole: FOLLOWER
  }
}
commitInfos {
  server {
    id: "s0"
    address: "localhost:33119"
    dataStreamAddress: "localhost:34507"
    clientAddress: "localhost:45597"
    adminAddress: "localhost:42011"
    startupRole: FOLLOWER
  }
}
commitInfos {
  server {
    id: "s1"
    address: "localhost:43051"
    dataStreamAddress: "localhost:41779"
    clientAddress: "localhost:45233"
    adminAddress: "localhost:41551"
    startupRole: FOLLOWER
  }
}
commitInfos {
  server {
    id: "s2"
    address: "localhost:41201"
    dataStreamAddress: "localhost:43565"
    clientAddress: "localhost:41547"
    adminAddress: "localhost:41487"
    startupRole: FOLLOWER
  }
}
]
2022-11-01 02:15:26,421 [s1-server-thread3] INFO  util.CodeInjectionForTesting (BlockRequestHandlingInjection.java:execute(77)) - s1: Block request from s4
2022-11-01 02:15:26,459 [s4@group-29DD907A7165->s1-GrpcLogAppender-LogAppenderDaemon] INFO  util.CodeInjectionForTesting (DelayLocalExecutionInjection.java:execute(65)) - s4 delay 150 ms, args=[serverRequest {
  requestorId: "s4"
  replyId: "s1"
  raftGroupId {
    id: "\306I{yg\341A\222\264\356)\335\220zqe"
  }
  callId: 270
  slidingWindowEntry {
  }
}
leaderTerm: 2
previousLog {
  term: 2
}
initializing: true
commitInfos {
  server {
    id: "s4"
    address: "localhost:36775"
    dataStreamAddress: "localhost:42557"
    clientAddress: "localhost:46475"
    adminAddress: "localhost:35477"
    startupRole: FOLLOWER
  }
}
commitInfos {
  server {
    id: "s3"
    address: "localhost:46863"
    dataStreamAddress: "localhost:44363"
    clientAddress: "localhost:41041"
    adminAddress: "localhost:41281"
    startupRole: FOLLOWER
  }
}
commitInfos {
  server {
    id: "s0"
    address: "localhost:33119"
    dataStreamAddress: "localhost:34507"
    clientAddress: "localhost:45597"
    adminAddress: "localhost:42011"
    startupRole: FOLLOWER
  }
}
commitInfos {
  server {
    id: "s1"
    address: "localhost:43051"
    dataStreamAddress: "localhost:41779"
    clientAddress: "localhost:45233"
    adminAddress: "localhost:41551"
    startupRole: FOLLOWER
  }
}
commitInfos {
  server {
    id: "s2"
    address: "localhost:41201"
    dataStreamAddress: "localhost:43565"
    clientAddress: "localhost:41547"
    adminAddress: "localhost:41487"
    startupRole: FOLLOWER
  }
}
]
2022-11-01 02:15:26,472 [s4@group-29DD907A7165->s2-GrpcLogAppender-LogAppenderDaemon] INFO  util.CodeInjectionForTesting (DelayLocalExecutionInjection.java:execute(65)) - s4 delay 150 ms, args=[serverRequest {
  requestorId: "s4"
  replyId: "s2"
  raftGroupId {
    id: "\306I{yg\341A\222\264\356)\335\220zqe"
  }
  callId: 131
  slidingWindowEntry {
  }
}
leaderTerm: 2
previousLog {
  term: 2
}
initializing: true
commitInfos {
  server {
    id: "s4"
    address: "localhost:36775"
    dataStreamAddress: "localhost:42557"
    clientAddress: "localhost:46475"
    adminAddress: "localhost:35477"
    startupRole: FOLLOWER
  }
}
commitInfos {
  server {
    id: "s3"
    address: "localhost:46863"
    dataStreamAddress: "localhost:44363"
    clientAddress: "localhost:41041"
    adminAddress: "localhost:41281"
    startupRole: FOLLOWER
  }
}
commitInfos {
  server {
    id: "s0"
    address: "localhost:33119"
    dataStreamAddress: "localhost:34507"
    clientAddress: "localhost:45597"
    adminAddress: "localhost:42011"
    startupRole: FOLLOWER
  }
}
commitInfos {
  server {
    id: "s1"
    address: "localhost:43051"
    dataStreamAddress: "localhost:41779"
    clientAddress: "localhost:45233"
    adminAddress: "localhost:41551"
    startupRole: FOLLOWER
  }
}
commitInfos {
  server {
    id: "s2"
    address: "localhost:41201"
    dataStreamAddress: "localhost:43565"
    clientAddress: "localhost:41547"
    adminAddress: "localhost:41487"
    startupRole: FOLLOWER
  }
}
]
2022-11-01 02:15:26,485 [s4@group-29DD907A7165->s3-GrpcLogAppender-LogAppenderDaemon] INFO  util.CodeInjectionForTesting (DelayLocalExecutionInjection.java:execute(65)) - s4 delay 150 ms, args=[serverRequest {
  requestorId: "s4"
  replyId: "s3"
  raftGroupId {
    id: "\306I{yg\341A\222\264\356)\335\220zqe"
  }
  callId: 135
  slidingWindowEntry {
  }
}
leaderTerm: 2
previousLog {
  term: 2
}
initializing: true
commitInfos {
  server {
    id: "s4"
    address: "localhost:36775"
    dataStreamAddress: "localhost:42557"
    clientAddress: "localhost:46475"
    adminAddress: "localhost:35477"
    startupRole: FOLLOWER
  }
}
commitInfos {
  server {
    id: "s3"
    address: "localhost:46863"
    dataStreamAddress: "localhost:44363"
    clientAddress: "localhost:41041"
    adminAddress: "localhost:41281"
    startupRole: FOLLOWER
  }
}
commitInfos {
  server {
    id: "s0"
    address: "localhost:33119"
    dataStreamAddress: "localhost:34507"
    clientAddress: "localhost:45597"
    adminAddress: "localhost:42011"
    startupRole: FOLLOWER
  }
}
commitInfos {
  server {
    id: "s1"
    address: "localhost:43051"
    dataStreamAddress: "localhost:41779"
    clientAddress: "localhost:45233"
    adminAddress: "localhost:41551"
    startupRole: FOLLOWER
  }
}
commitInfos {
  server {
    id: "s2"
    address: "localhost:41201"
    dataStreamAddress: "localhost:43565"
    clientAddress: "localhost:41547"
    adminAddress: "localhost:41487"
    startupRole: FOLLOWER
  }
}
]
2022-11-01 02:15:26,487 [s4@group-29DD907A7165->s0-GrpcLogAppender-LogAppenderDaemon] INFO  util.CodeInjectionForTesting (DelayLocalExecutionInjection.java:execute(65)) - s4 delay 150 ms, args=[serverRequest {
  requestorId: "s4"
  replyId: "s0"
  raftGroupId {
    id: "\306I{yg\341A\222\264\356)\335\220zqe"
  }
  callId: 145
  slidingWindowEntry {
  }
}
leaderTerm: 2
previousLog {
  term: 2
}
initializing: true
commitInfos {
  server {
    id: "s4"
    address: "localhost:36775"
    dataStreamAddress: "localhost:42557"
    clientAddress: "localhost:46475"
    adminAddress: "localhost:35477"
    startupRole: FOLLOWER
  }
}
commitInfos {
  server {
    id: "s3"
    address: "localhost:46863"
    dataStreamAddress: "localhost:44363"
    clientAddress: "localhost:41041"
    adminAddress: "localhost:41281"
    startupRole: FOLLOWER
  }
}
commitInfos {
  server {
    id: "s0"
    address: "localhost:33119"
    dataStreamAddress: "localhost:34507"
    clientAddress: "localhost:45597"
    adminAddress: "localhost:42011"
    startupRole: FOLLOWER
  }
}
commitInfos {
  server {
    id: "s1"
    address: "localhost:43051"
    dataStreamAddress: "localhost:41779"
    clientAddress: "localhost:45233"
    adminAddress: "localhost:41551"
    startupRole: FOLLOWER
  }
}
commitInfos {
  server {
    id: "s2"
    address: "localhost:41201"
    dataStreamAddress: "localhost:43565"
    clientAddress: "localhost:41547"
    adminAddress: "localhost:41487"
    startupRole: FOLLOWER
  }
}
]
2022-11-01 02:15:26,507 [s1@group-29DD907A7165-FollowerState] INFO  impl.FollowerState (FollowerState.java:run(143)) - s1@group-29DD907A7165-FollowerState: change to CANDIDATE, lastRpcElapsedTime:311921449ns, electionTimeout:166ms
2022-11-01 02:15:26,507 [s1@group-29DD907A7165-FollowerState] INFO  impl.RoleInfo (RoleInfo.java:shutdownFollowerState(110)) - s1: shutdown s1@group-29DD907A7165-FollowerState
2022-11-01 02:15:26,507 [s1@group-29DD907A7165-FollowerState] INFO  server.RaftServer$Division (RaftServerImpl.java:setRole(325)) - s1@group-29DD907A7165: changes role from  FOLLOWER to CANDIDATE at term 2 for changeToCandidate
2022-11-01 02:15:26,507 [s1@group-29DD907A7165-FollowerState] INFO  server.RaftServerConfigKeys (ConfUtils.java:logGet(46)) - raft.server.leaderelection.pre-vote = true (default)
2022-11-01 02:15:26,507 [s1@group-29DD907A7165-FollowerState] INFO  impl.RoleInfo (RoleInfo.java:updateAndGet(139)) - s1: start s1@group-29DD907A7165-LeaderElection53
2022-11-01 02:15:26,508 [s1@group-29DD907A7165-LeaderElection53] INFO  server.RaftServer$Division (ServerState.java:setLeader(259)) - s1@group-29DD907A7165: change Leader from s4 to null at term 2 for PRE_VOTE
2022-11-01 02:15:26,508 [s1@group-29DD907A7165-LeaderElection53] INFO  impl.LeaderElection (LeaderElection.java:askForVotes(309)) - s1@group-29DD907A7165-LeaderElection53 PRE_VOTE round 0: submit vote requests at term 2 for 0: peers:[s3|rpc:localhost:46863|admin:localhost:41281|client:localhost:41041|dataStream:localhost:44363|priority:0|startupRole:FOLLOWER, s4|rpc:localhost:36775|admin:localhost:35477|client:localhost:46475|dataStream:localhost:42557|priority:0|startupRole:FOLLOWER, s0|rpc:localhost:33119|admin:localhost:42011|client:localhost:45597|dataStream:localhost:34507|priority:0|startupRole:FOLLOWER, s1|rpc:localhost:43051|admin:localhost:41551|client:localhost:45233|dataStream:localhost:41779|priority:0|startupRole:FOLLOWER, s2|rpc:localhost:41201|admin:localhost:41487|client:localhost:41547|dataStream:localhost:43565|priority:0|startupRole:FOLLOWER]|listeners:[], old=null
2022-11-01 02:15:26,510 [grpc-default-executor-27] INFO  server.RaftServer$Division (RaftServerImpl.java:requestVote(1291)) - s4@group-29DD907A7165: receive requestVote(PRE_VOTE, s1, group-29DD907A7165, 2, (t:1, i:0))
2022-11-01 02:15:26,510 [grpc-default-executor-27] INFO  impl.VoteContext (VoteContext.java:log(49)) - s4@group-29DD907A7165-LEADER: reject PRE_VOTE from s1: this server is the leader and still has leadership
2022-11-01 02:15:26,510 [grpc-default-executor-5] INFO  server.RaftServer$Division (RaftServerImpl.java:requestVote(1291)) - s3@group-29DD907A7165: receive requestVote(PRE_VOTE, s1, group-29DD907A7165, 2, (t:1, i:0))
2022-11-01 02:15:26,510 [grpc-default-executor-27] INFO  server.RaftServer$Division (RaftServerImpl.java:requestVote(1324)) - s4@group-29DD907A7165 replies to PRE_VOTE vote request: s1<-s4#0:FAIL-t2. Peer's state: s4@group-29DD907A7165:t2, leader=s4, voted=s4, raftlog=Memoized:s4@group-29DD907A7165-SegmentedRaftLog:OPENED:c0, conf=0: peers:[s3|rpc:localhost:46863|admin:localhost:41281|client:localhost:41041|dataStream:localhost:44363|priority:0|startupRole:FOLLOWER, s4|rpc:localhost:36775|admin:localhost:35477|client:localhost:46475|dataStream:localhost:42557|priority:0|startupRole:FOLLOWER, s0|rpc:localhost:33119|admin:localhost:42011|client:localhost:45597|dataStream:localhost:34507|priority:0|startupRole:FOLLOWER, s1|rpc:localhost:43051|admin:localhost:41551|client:localhost:45233|dataStream:localhost:41779|priority:0|startupRole:FOLLOWER, s2|rpc:localhost:41201|admin:localhost:41487|client:localhost:41547|dataStream:localhost:43565|priority:0|startupRole:FOLLOWER]|listeners:[], old=null
2022-11-01 02:15:26,510 [grpc-default-executor-5] INFO  impl.VoteContext (VoteContext.java:log(49)) - s3@group-29DD907A7165-FOLLOWER: reject PRE_VOTE from s1: this server is a follower and still has a valid leader s4
2022-11-01 02:15:26,511 [grpc-default-executor-5] INFO  server.RaftServer$Division (RaftServerImpl.java:requestVote(1324)) - s3@group-29DD907A7165 replies to PRE_VOTE vote request: s1<-s3#0:FAIL-t2. Peer's state: s3@group-29DD907A7165:t2, leader=s4, voted=s4, raftlog=Memoized:s3@group-29DD907A7165-SegmentedRaftLog:OPENED:c0, conf=0: peers:[s3|rpc:localhost:46863|admin:localhost:41281|client:localhost:41041|dataStream:localhost:44363|priority:0|startupRole:FOLLOWER, s4|rpc:localhost:36775|admin:localhost:35477|client:localhost:46475|dataStream:localhost:42557|priority:0|startupRole:FOLLOWER, s0|rpc:localhost:33119|admin:localhost:42011|client:localhost:45597|dataStream:localhost:34507|priority:0|startupRole:FOLLOWER, s1|rpc:localhost:43051|admin:localhost:41551|client:localhost:45233|dataStream:localhost:41779|priority:0|startupRole:FOLLOWER, s2|rpc:localhost:41201|admin:localhost:41487|client:localhost:41547|dataStream:localhost:43565|priority:0|startupRole:FOLLOWER]|listeners:[], old=null
2022-11-01 02:15:26,514 [grpc-default-executor-5] INFO  server.RaftServer$Division (RaftServerImpl.java:requestVote(1291)) - s0@group-29DD907A7165: receive requestVote(PRE_VOTE, s1, group-29DD907A7165, 2, (t:1, i:0))
2022-11-01 02:15:26,515 [grpc-default-executor-5] INFO  impl.VoteContext (VoteContext.java:log(49)) - s0@group-29DD907A7165-FOLLOWER: reject PRE_VOTE from s1: this server is a follower and still has a valid leader s4
2022-11-01 02:15:26,515 [grpc-default-executor-5] INFO  server.RaftServer$Division (RaftServerImpl.java:requestVote(1324)) - s0@group-29DD907A7165 replies to PRE_VOTE vote request: s1<-s0#0:FAIL-t2. Peer's state: s0@group-29DD907A7165:t2, leader=s4, voted=s4, raftlog=Memoized:s0@group-29DD907A7165-SegmentedRaftLog:OPENED:c0, conf=0: peers:[s3|rpc:localhost:46863|admin:localhost:41281|client:localhost:41041|dataStream:localhost:44363|priority:0|startupRole:FOLLOWER, s4|rpc:localhost:36775|admin:localhost:35477|client:localhost:46475|dataStream:localhost:42557|priority:0|startupRole:FOLLOWER, s0|rpc:localhost:33119|admin:localhost:42011|client:localhost:45597|dataStream:localhost:34507|priority:0|startupRole:FOLLOWER, s1|rpc:localhost:43051|admin:localhost:41551|client:localhost:45233|dataStream:localhost:41779|priority:0|startupRole:FOLLOWER, s2|rpc:localhost:41201|admin:localhost:41487|client:localhost:41547|dataStream:localhost:43565|priority:0|startupRole:FOLLOWER]|listeners:[], old=null
2022-11-01 02:15:26,515 [grpc-default-executor-27] INFO  server.RaftServer$Division (RaftServerImpl.java:requestVote(1291)) - s2@group-29DD907A7165: receive requestVote(PRE_VOTE, s1, group-29DD907A7165, 2, (t:1, i:0))
2022-11-01 02:15:26,515 [grpc-default-executor-27] INFO  impl.VoteContext (VoteContext.java:log(49)) - s2@group-29DD907A7165-FOLLOWER: reject PRE_VOTE from s1: this server is a follower and still has a valid leader s4
2022-11-01 02:15:26,515 [s1@group-29DD907A7165-LeaderElection53] INFO  impl.LeaderElection (LeaderElection.java:logAndReturn(89)) - s1@group-29DD907A7165-LeaderElection53: PRE_VOTE REJECTED received 3 response(s) and 0 exception(s):
2022-11-01 02:15:26,515 [s1@group-29DD907A7165-LeaderElection53] INFO  impl.LeaderElection (LeaderElection.java:logAndReturn(93)) -   Response 0: s1<-s3#0:FAIL-t2
2022-11-01 02:15:26,515 [s1@group-29DD907A7165-LeaderElection53] INFO  impl.LeaderElection (LeaderElection.java:logAndReturn(93)) -   Response 1: s1<-s4#0:FAIL-t2
2022-11-01 02:15:26,515 [s1@group-29DD907A7165-LeaderElection53] INFO  impl.LeaderElection (LeaderElection.java:logAndReturn(93)) -   Response 2: s1<-s0#0:FAIL-t2
2022-11-01 02:15:26,515 [s1@group-29DD907A7165-LeaderElection53] INFO  impl.LeaderElection (LeaderElection.java:askForVotes(311)) - s1@group-29DD907A7165-LeaderElection53 PRE_VOTE round 0: result REJECTED
2022-11-01 02:15:26,516 [s1@group-29DD907A7165-LeaderElection53] INFO  server.RaftServer$Division (RaftServerImpl.java:setRole(325)) - s1@group-29DD907A7165: changes role from CANDIDATE to FOLLOWER at term 2 for REJECTED
2022-11-01 02:15:26,516 [s1@group-29DD907A7165-LeaderElection53] INFO  impl.RoleInfo (RoleInfo.java:shutdownLeaderElection(130)) - s1: shutdown s1@group-29DD907A7165-LeaderElection53
2022-11-01 02:15:26,516 [s1@group-29DD907A7165-LeaderElection53] INFO  impl.RoleInfo (RoleInfo.java:updateAndGet(139)) - s1: start s1@group-29DD907A7165-FollowerState
2022-11-01 02:15:26,515 [grpc-default-executor-27] INFO  server.RaftServer$Division (RaftServerImpl.java:requestVote(1324)) - s2@group-29DD907A7165 replies to PRE_VOTE vote request: s1<-s2#0:FAIL-t2. Peer's state: s2@group-29DD907A7165:t2, leader=s4, voted=s4, raftlog=Memoized:s2@group-29DD907A7165-SegmentedRaftLog:OPENED:c0, conf=0: peers:[s3|rpc:localhost:46863|admin:localhost:41281|client:localhost:41041|dataStream:localhost:44363|priority:0|startupRole:FOLLOWER, s4|rpc:localhost:36775|admin:localhost:35477|client:localhost:46475|dataStream:localhost:42557|priority:0|startupRole:FOLLOWER, s0|rpc:localhost:33119|admin:localhost:42011|client:localhost:45597|dataStream:localhost:34507|priority:0|startupRole:FOLLOWER, s1|rpc:localhost:43051|admin:localhost:41551|client:localhost:45233|dataStream:localhost:41779|priority:0|startupRole:FOLLOWER, s2|rpc:localhost:41201|admin:localhost:41487|client:localhost:41547|dataStream:localhost:43565|priority:0|startupRole:FOLLOWER]|listeners:[], old=null
2022-11-01 02:15:26,647 [s4@group-29DD907A7165->s1-GrpcLogAppender-LogAppenderDaemon] INFO  util.CodeInjectionForTesting (DelayLocalExecutionInjection.java:execute(65)) - s4 delay 150 ms, args=[serverRequest {
  requestorId: "s4"
  replyId: "s1"
  raftGroupId {
    id: "\306I{yg\341A\222\264\356)\335\220zqe"
  }
  callId: 271
  slidingWindowEntry {
  }
}
leaderTerm: 2
previousLog {
  term: 2
}
initializing: true
commitInfos {
  server {
    id: "s4"
    address: "localhost:36775"
    dataStreamAddress: "localhost:42557"
    clientAddress: "localhost:46475"
    adminAddress: "localhost:35477"
    startupRole: FOLLOWER
  }
}
commitInfos {
  server {
    id: "s3"
    address: "localhost:46863"
    dataStreamAddress: "localhost:44363"
    clientAddress: "localhost:41041"
    adminAddress: "localhost:41281"
    startupRole: FOLLOWER
  }
}
commitInfos {
  server {
    id: "s0"
    address: "localhost:33119"
    dataStreamAddress: "localhost:34507"
    clientAddress: "localhost:45597"
    adminAddress: "localhost:42011"
    startupRole: FOLLOWER
  }
}
commitInfos {
  server {
    id: "s1"
    address: "localhost:43051"
    dataStreamAddress: "localhost:41779"
    clientAddress: "localhost:45233"
    adminAddress: "localhost:41551"
    startupRole: FOLLOWER
  }
}
commitInfos {
  server {
    id: "s2"
    address: "localhost:41201"
    dataStreamAddress: "localhost:43565"
    clientAddress: "localhost:41547"
    adminAddress: "localhost:41487"
    startupRole: FOLLOWER
  }
}
]
2022-11-01 02:15:26,699 [s4@group-29DD907A7165->s2-GrpcLogAppender-LogAppenderDaemon] INFO  util.CodeInjectionForTesting (DelayLocalExecutionInjection.java:execute(65)) - s4 delay 150 ms, args=[serverRequest {
  requestorId: "s4"
  replyId: "s2"
  raftGroupId {
    id: "\306I{yg\341A\222\264\356)\335\220zqe"
  }
  callId: 132
  slidingWindowEntry {
  }
}
leaderTerm: 2
previousLog {
  term: 2
}
initializing: true
commitInfos {
  server {
    id: "s4"
    address: "localhost:36775"
    dataStreamAddress: "localhost:42557"
    clientAddress: "localhost:46475"
    adminAddress: "localhost:35477"
    startupRole: FOLLOWER
  }
}
commitInfos {
  server {
    id: "s3"
    address: "localhost:46863"
    dataStreamAddress: "localhost:44363"
    clientAddress: "localhost:41041"
    adminAddress: "localhost:41281"
    startupRole: FOLLOWER
  }
}
commitInfos {
  server {
    id: "s0"
    address: "localhost:33119"
    dataStreamAddress: "localhost:34507"
    clientAddress: "localhost:45597"
    adminAddress: "localhost:42011"
    startupRole: FOLLOWER
  }
}
commitInfos {
  server {
    id: "s1"
    address: "localhost:43051"
    dataStreamAddress: "localhost:41779"
    clientAddress: "localhost:45233"
    adminAddress: "localhost:41551"
    startupRole: FOLLOWER
  }
}
commitInfos {
  server {
    id: "s2"
    address: "localhost:41201"
    dataStreamAddress: "localhost:43565"
    clientAddress: "localhost:41547"
    adminAddress: "localhost:41487"
    startupRole: FOLLOWER
  }
}
]
2022-11-01 02:15:26,701 [s1@group-29DD907A7165-FollowerState] INFO  impl.FollowerState (FollowerState.java:run(143)) - s1@group-29DD907A7165-FollowerState: change to CANDIDATE, lastRpcElapsedTime:185795900ns, electionTimeout:185ms
2022-11-01 02:15:26,701 [s1@group-29DD907A7165-FollowerState] INFO  impl.RoleInfo (RoleInfo.java:shutdownFollowerState(110)) - s1: shutdown s1@group-29DD907A7165-FollowerState
2022-11-01 02:15:26,702 [s1@group-29DD907A7165-FollowerState] INFO  server.RaftServer$Division (RaftServerImpl.java:setRole(325)) - s1@group-29DD907A7165: changes role from  FOLLOWER to CANDIDATE at term 2 for changeToCandidate
2022-11-01 02:15:26,702 [s1@group-29DD907A7165-FollowerState] INFO  server.RaftServerConfigKeys (ConfUtils.java:logGet(46)) - raft.server.leaderelection.pre-vote = true (default)
2022-11-01 02:15:26,702 [s1@group-29DD907A7165-FollowerState] INFO  impl.RoleInfo (RoleInfo.java:updateAndGet(139)) - s1: start s1@group-29DD907A7165-LeaderElection54
2022-11-01 02:15:26,702 [s1@group-29DD907A7165-LeaderElection54] INFO  impl.LeaderElection (LeaderElection.java:askForVotes(309)) - s1@group-29DD907A7165-LeaderElection54 PRE_VOTE round 0: submit vote requests at term 2 for 0: peers:[s3|rpc:localhost:46863|admin:localhost:41281|client:localhost:41041|dataStream:localhost:44363|priority:0|startupRole:FOLLOWER, s4|rpc:localhost:36775|admin:localhost:35477|client:localhost:46475|dataStream:localhost:42557|priority:0|startupRole:FOLLOWER, s0|rpc:localhost:33119|admin:localhost:42011|client:localhost:45597|dataStream:localhost:34507|priority:0|startupRole:FOLLOWER, s1|rpc:localhost:43051|admin:localhost:41551|client:localhost:45233|dataStream:localhost:41779|priority:0|startupRole:FOLLOWER, s2|rpc:localhost:41201|admin:localhost:41487|client:localhost:41547|dataStream:localhost:43565|priority:0|startupRole:FOLLOWER]|listeners:[], old=null
2022-11-01 02:15:26,705 [grpc-default-executor-5] INFO  server.RaftServer$Division (RaftServerImpl.java:requestVote(1291)) - s0@group-29DD907A7165: receive requestVote(PRE_VOTE, s1, group-29DD907A7165, 2, (t:1, i:0))
2022-11-01 02:15:26,705 [grpc-default-executor-5] INFO  impl.VoteContext (VoteContext.java:log(49)) - s0@group-29DD907A7165-FOLLOWER: reject PRE_VOTE from s1: this server is a follower and still has a valid leader s4
2022-11-01 02:15:26,705 [grpc-default-executor-5] INFO  server.RaftServer$Division (RaftServerImpl.java:requestVote(1324)) - s0@group-29DD907A7165 replies to PRE_VOTE vote request: s1<-s0#0:FAIL-t2. Peer's state: s0@group-29DD907A7165:t2, leader=s4, voted=s4, raftlog=Memoized:s0@group-29DD907A7165-SegmentedRaftLog:OPENED:c0, conf=0: peers:[s3|rpc:localhost:46863|admin:localhost:41281|client:localhost:41041|dataStream:localhost:44363|priority:0|startupRole:FOLLOWER, s4|rpc:localhost:36775|admin:localhost:35477|client:localhost:46475|dataStream:localhost:42557|priority:0|startupRole:FOLLOWER, s0|rpc:localhost:33119|admin:localhost:42011|client:localhost:45597|dataStream:localhost:34507|priority:0|startupRole:FOLLOWER, s1|rpc:localhost:43051|admin:localhost:41551|client:localhost:45233|dataStream:localhost:41779|priority:0|startupRole:FOLLOWER, s2|rpc:localhost:41201|admin:localhost:41487|client:localhost:41547|dataStream:localhost:43565|priority:0|startupRole:FOLLOWER]|listeners:[], old=null
2022-11-01 02:15:26,706 [grpc-default-executor-20] INFO  server.RaftServer$Division (RaftServerImpl.java:requestVote(1291)) - s4@group-29DD907A7165: receive requestVote(PRE_VOTE, s1, group-29DD907A7165, 2, (t:1, i:0))
2022-11-01 02:15:26,706 [grpc-default-executor-20] INFO  impl.VoteContext (VoteContext.java:log(49)) - s4@group-29DD907A7165-LEADER: reject PRE_VOTE from s1: this server is the leader and still has leadership
2022-11-01 02:15:26,706 [grpc-default-executor-20] INFO  server.RaftServer$Division (RaftServerImpl.java:requestVote(1324)) - s4@group-29DD907A7165 replies to PRE_VOTE vote request: s1<-s4#0:FAIL-t2. Peer's state: s4@group-29DD907A7165:t2, leader=s4, voted=s4, raftlog=Memoized:s4@group-29DD907A7165-SegmentedRaftLog:OPENED:c0, conf=0: peers:[s3|rpc:localhost:46863|admin:localhost:41281|client:localhost:41041|dataStream:localhost:44363|priority:0|startupRole:FOLLOWER, s4|rpc:localhost:36775|admin:localhost:35477|client:localhost:46475|dataStream:localhost:42557|priority:0|startupRole:FOLLOWER, s0|rpc:localhost:33119|admin:localhost:42011|client:localhost:45597|dataStream:localhost:34507|priority:0|startupRole:FOLLOWER, s1|rpc:localhost:43051|admin:localhost:41551|client:localhost:45233|dataStream:localhost:41779|priority:0|startupRole:FOLLOWER, s2|rpc:localhost:41201|admin:localhost:41487|client:localhost:41547|dataStream:localhost:43565|priority:0|startupRole:FOLLOWER]|listeners:[], old=null
2022-11-01 02:15:26,705 [grpc-default-executor-27] INFO  server.RaftServer$Division (RaftServerImpl.java:requestVote(1291)) - s2@group-29DD907A7165: receive requestVote(PRE_VOTE, s1, group-29DD907A7165, 2, (t:1, i:0))
2022-11-01 02:15:26,706 [grpc-default-executor-27] INFO  impl.VoteContext (VoteContext.java:log(49)) - s2@group-29DD907A7165-FOLLOWER: reject PRE_VOTE from s1: this server is a follower and still has a valid leader s4
2022-11-01 02:15:26,706 [grpc-default-executor-27] INFO  server.RaftServer$Division (RaftServerImpl.java:requestVote(1324)) - s2@group-29DD907A7165 replies to PRE_VOTE vote request: s1<-s2#0:FAIL-t2. Peer's state: s2@group-29DD907A7165:t2, leader=s4, voted=s4, raftlog=Memoized:s2@group-29DD907A7165-SegmentedRaftLog:OPENED:c0, conf=0: peers:[s3|rpc:localhost:46863|admin:localhost:41281|client:localhost:41041|dataStream:localhost:44363|priority:0|startupRole:FOLLOWER, s4|rpc:localhost:36775|admin:localhost:35477|client:localhost:46475|dataStream:localhost:42557|priority:0|startupRole:FOLLOWER, s0|rpc:localhost:33119|admin:localhost:42011|client:localhost:45597|dataStream:localhost:34507|priority:0|startupRole:FOLLOWER, s1|rpc:localhost:43051|admin:localhost:41551|client:localhost:45233|dataStream:localhost:41779|priority:0|startupRole:FOLLOWER, s2|rpc:localhost:41201|admin:localhost:41487|client:localhost:41547|dataStream:localhost:43565|priority:0|startupRole:FOLLOWER]|listeners:[], old=null
2022-11-01 02:15:26,706 [grpc-default-executor-29] INFO  server.RaftServer$Division (RaftServerImpl.java:requestVote(1291)) - s3@group-29DD907A7165: receive requestVote(PRE_VOTE, s1, group-29DD907A7165, 2, (t:1, i:0))
2022-11-01 02:15:26,707 [grpc-default-executor-29] INFO  impl.VoteContext (VoteContext.java:log(49)) - s3@group-29DD907A7165-FOLLOWER: reject PRE_VOTE from s1: this server is a follower and still has a valid leader s4
2022-11-01 02:15:26,707 [grpc-default-executor-29] INFO  server.RaftServer$Division (RaftServerImpl.java:requestVote(1324)) - s3@group-29DD907A7165 replies to PRE_VOTE vote request: s1<-s3#0:FAIL-t2. Peer's state: s3@group-29DD907A7165:t2, leader=s4, voted=s4, raftlog=Memoized:s3@group-29DD907A7165-SegmentedRaftLog:OPENED:c0, conf=0: peers:[s3|rpc:localhost:46863|admin:localhost:41281|client:localhost:41041|dataStream:localhost:44363|priority:0|startupRole:FOLLOWER, s4|rpc:localhost:36775|admin:localhost:35477|client:localhost:46475|dataStream:localhost:42557|priority:0|startupRole:FOLLOWER, s0|rpc:localhost:33119|admin:localhost:42011|client:localhost:45597|dataStream:localhost:34507|priority:0|startupRole:FOLLOWER, s1|rpc:localhost:43051|admin:localhost:41551|client:localhost:45233|dataStream:localhost:41779|priority:0|startupRole:FOLLOWER, s2|rpc:localhost:41201|admin:localhost:41487|client:localhost:41547|dataStream:localhost:43565|priority:0|startupRole:FOLLOWER]|listeners:[], old=null
2022-11-01 02:15:26,708 [s1@group-29DD907A7165-LeaderElection54] INFO  impl.LeaderElection (LeaderElection.java:logAndReturn(89)) - s1@group-29DD907A7165-LeaderElection54: PRE_VOTE REJECTED received 3 response(s) and 0 exception(s):
2022-11-01 02:15:26,708 [s1@group-29DD907A7165-LeaderElection54] INFO  impl.LeaderElection (LeaderElection.java:logAndReturn(93)) -   Response 0: s1<-s4#0:FAIL-t2
2022-11-01 02:15:26,709 [s1@group-29DD907A7165-LeaderElection54] INFO  impl.LeaderElection (LeaderElection.java:logAndReturn(93)) -   Response 1: s1<-s0#0:FAIL-t2
2022-11-01 02:15:26,709 [s1@group-29DD907A7165-LeaderElection54] INFO  impl.LeaderElection (LeaderElection.java:logAndReturn(93)) -   Response 2: s1<-s2#0:FAIL-t2
2022-11-01 02:15:26,709 [s1@group-29DD907A7165-LeaderElection54] INFO  impl.LeaderElection (LeaderElection.java:askForVotes(311)) - s1@group-29DD907A7165-LeaderElection54 PRE_VOTE round 0: result REJECTED
2022-11-01 02:15:26,709 [s1@group-29DD907A7165-LeaderElection54] INFO  server.RaftServer$Division (RaftServerImpl.java:setRole(325)) - s1@group-29DD907A7165: changes role from CANDIDATE to FOLLOWER at term 2 for REJECTED
2022-11-01 02:15:26,709 [s1@group-29DD907A7165-LeaderElection54] INFO  impl.RoleInfo (RoleInfo.java:shutdownLeaderElection(130)) - s1: shutdown s1@group-29DD907A7165-LeaderElection54
2022-11-01 02:15:26,709 [s1@group-29DD907A7165-LeaderElection54] INFO  impl.RoleInfo (RoleInfo.java:updateAndGet(139)) - s1: start s1@group-29DD907A7165-FollowerState
2022-11-01 02:15:26,712 [s4@group-29DD907A7165->s3-GrpcLogAppender-LogAppenderDaemon] INFO  util.CodeInjectionForTesting (DelayLocalExecutionInjection.java:execute(65)) - s4 delay 150 ms, args=[serverRequest {
  requestorId: "s4"
  replyId: "s3"
  raftGroupId {
    id: "\306I{yg\341A\222\264\356)\335\220zqe"
  }
  callId: 136
  slidingWindowEntry {
  }
}
leaderTerm: 2
previousLog {
  term: 2
}
initializing: true
commitInfos {
  server {
    id: "s4"
    address: "localhost:36775"
    dataStreamAddress: "localhost:42557"
    clientAddress: "localhost:46475"
    adminAddress: "localhost:35477"
    startupRole: FOLLOWER
  }
}
commitInfos {
  server {
    id: "s3"
    address: "localhost:46863"
    dataStreamAddress: "localhost:44363"
    clientAddress: "localhost:41041"
    adminAddress: "localhost:41281"
    startupRole: FOLLOWER
  }
}
commitInfos {
  server {
    id: "s0"
    address: "localhost:33119"
    dataStreamAddress: "localhost:34507"
    clientAddress: "localhost:45597"
    adminAddress: "localhost:42011"
    startupRole: FOLLOWER
  }
}
commitInfos {
  server {
    id: "s1"
    address: "localhost:43051"
    dataStreamAddress: "localhost:41779"
    clientAddress: "localhost:45233"
    adminAddress: "localhost:41551"
    startupRole: FOLLOWER
  }
}
commitInfos {
  server {
    id: "s2"
    address: "localhost:41201"
    dataStreamAddress: "localhost:43565"
    clientAddress: "localhost:41547"
    adminAddress: "localhost:41487"
    startupRole: FOLLOWER
  }
}
]
2022-11-01 02:15:26,714 [s4@group-29DD907A7165->s0-GrpcLogAppender-LogAppenderDaemon] INFO  util.CodeInjectionForTesting (DelayLocalExecutionInjection.java:execute(65)) - s4 delay 150 ms, args=[serverRequest {
  requestorId: "s4"
  replyId: "s0"
  raftGroupId {
    id: "\306I{yg\341A\222\264\356)\335\220zqe"
  }
  callId: 146
  slidingWindowEntry {
  }
}
leaderTerm: 2
previousLog {
  term: 2
}
initializing: true
commitInfos {
  server {
    id: "s4"
    address: "localhost:36775"
    dataStreamAddress: "localhost:42557"
    clientAddress: "localhost:46475"
    adminAddress: "localhost:35477"
    startupRole: FOLLOWER
  }
}
commitInfos {
  server {
    id: "s3"
    address: "localhost:46863"
    dataStreamAddress: "localhost:44363"
    clientAddress: "localhost:41041"
    adminAddress: "localhost:41281"
    startupRole: FOLLOWER
  }
}
commitInfos {
  server {
    id: "s0"
    address: "localhost:33119"
    dataStreamAddress: "localhost:34507"
    clientAddress: "localhost:45597"
    adminAddress: "localhost:42011"
    startupRole: FOLLOWER
  }
}
commitInfos {
  server {
    id: "s1"
    address: "localhost:43051"
    dataStreamAddress: "localhost:41779"
    clientAddress: "localhost:45233"
    adminAddress: "localhost:41551"
    startupRole: FOLLOWER
  }
}
commitInfos {
  server {
    id: "s2"
    address: "localhost:41201"
    dataStreamAddress: "localhost:43565"
    clientAddress: "localhost:41547"
    adminAddress: "localhost:41487"
    startupRole: FOLLOWER
  }
}
]
2022-11-01 02:15:26,830 [s2@group-29DD907A7165-FollowerState] INFO  impl.FollowerState (FollowerState.java:run(143)) - s2@group-29DD907A7165-FollowerState: change to CANDIDATE, lastRpcElapsedTime:206595956ns, electionTimeout:156ms
2022-11-01 02:15:26,830 [s2@group-29DD907A7165-FollowerState] INFO  impl.RoleInfo (RoleInfo.java:shutdownFollowerState(110)) - s2: shutdown s2@group-29DD907A7165-FollowerState
2022-11-01 02:15:26,830 [s2@group-29DD907A7165-FollowerState] INFO  server.RaftServer$Division (RaftServerImpl.java:setRole(325)) - s2@group-29DD907A7165: changes role from  FOLLOWER to CANDIDATE at term 2 for changeToCandidate
2022-11-01 02:15:26,830 [s2@group-29DD907A7165-FollowerState] INFO  server.RaftServerConfigKeys (ConfUtils.java:logGet(46)) - raft.server.leaderelection.pre-vote = true (default)
2022-11-01 02:15:26,830 [s2@group-29DD907A7165-FollowerState] INFO  impl.RoleInfo (RoleInfo.java:updateAndGet(139)) - s2: start s2@group-29DD907A7165-LeaderElection55
2022-11-01 02:15:26,831 [s2@group-29DD907A7165-LeaderElection55] INFO  server.RaftServer$Division (ServerState.java:setLeader(259)) - s2@group-29DD907A7165: change Leader from s4 to null at term 2 for PRE_VOTE
2022-11-01 02:15:26,831 [s2@group-29DD907A7165-LeaderElection55] INFO  impl.LeaderElection (LeaderElection.java:askForVotes(309)) - s2@group-29DD907A7165-LeaderElection55 PRE_VOTE round 0: submit vote requests at term 2 for 0: peers:[s3|rpc:localhost:46863|admin:localhost:41281|client:localhost:41041|dataStream:localhost:44363|priority:0|startupRole:FOLLOWER, s4|rpc:localhost:36775|admin:localhost:35477|client:localhost:46475|dataStream:localhost:42557|priority:0|startupRole:FOLLOWER, s0|rpc:localhost:33119|admin:localhost:42011|client:localhost:45597|dataStream:localhost:34507|priority:0|startupRole:FOLLOWER, s1|rpc:localhost:43051|admin:localhost:41551|client:localhost:45233|dataStream:localhost:41779|priority:0|startupRole:FOLLOWER, s2|rpc:localhost:41201|admin:localhost:41487|client:localhost:41547|dataStream:localhost:43565|priority:0|startupRole:FOLLOWER]|listeners:[], old=null
2022-11-01 02:15:26,832 [s2@group-29DD907A7165-LeaderElection55-1] INFO  util.CodeInjectionForTesting (DelayLocalExecutionInjection.java:execute(65)) - s2 delay 150 ms, args=[serverRequest {
  requestorId: "s2"
  replyId: "s3"
  raftGroupId {
    id: "\306I{yg\341A\222\264\356)\335\220zqe"
  }
  slidingWindowEntry {
  }
}
candidateTerm: 2
candidateLastEntry {
  term: 2
}
preVote: true
]
2022-11-01 02:15:26,832 [s2@group-29DD907A7165-LeaderElection55-2] INFO  util.CodeInjectionForTesting (DelayLocalExecutionInjection.java:execute(65)) - s2 delay 150 ms, args=[serverRequest {
  requestorId: "s2"
  replyId: "s4"
  raftGroupId {
    id: "\306I{yg\341A\222\264\356)\335\220zqe"
  }
  slidingWindowEntry {
  }
}
candidateTerm: 2
candidateLastEntry {
  term: 2
}
preVote: true
]
2022-11-01 02:15:26,832 [s2@group-29DD907A7165-LeaderElection55-3] INFO  util.CodeInjectionForTesting (DelayLocalExecutionInjection.java:execute(65)) - s2 delay 150 ms, args=[serverRequest {
  requestorId: "s2"
  replyId: "s0"
  raftGroupId {
    id: "\306I{yg\341A\222\264\356)\335\220zqe"
  }
  slidingWindowEntry {
  }
}
candidateTerm: 2
candidateLastEntry {
  term: 2
}
preVote: true
]
2022-11-01 02:15:26,832 [s2@group-29DD907A7165-LeaderElection55-4] INFO  util.CodeInjectionForTesting (DelayLocalExecutionInjection.java:execute(65)) - s2 delay 150 ms, args=[serverRequest {
  requestorId: "s2"
  replyId: "s1"
  raftGroupId {
    id: "\306I{yg\341A\222\264\356)\335\220zqe"
  }
  slidingWindowEntry {
  }
}
candidateTerm: 2
candidateLastEntry {
  term: 2
}
preVote: true
]
2022-11-01 02:15:26,835 [s4@group-29DD907A7165->s1-GrpcLogAppender-LogAppenderDaemon] INFO  util.CodeInjectionForTesting (DelayLocalExecutionInjection.java:execute(65)) - s4 delay 150 ms, args=[serverRequest {
  requestorId: "s4"
  replyId: "s1"
  raftGroupId {
    id: "\306I{yg\341A\222\264\356)\335\220zqe"
  }
  callId: 272
  slidingWindowEntry {
  }
}
leaderTerm: 2
previousLog {
  term: 2
}
initializing: true
commitInfos {
  server {
    id: "s4"
    address: "localhost:36775"
    dataStreamAddress: "localhost:42557"
    clientAddress: "localhost:46475"
    adminAddress: "localhost:35477"
    startupRole: FOLLOWER
  }
}
commitInfos {
  server {
    id: "s3"
    address: "localhost:46863"
    dataStreamAddress: "localhost:44363"
    clientAddress: "localhost:41041"
    adminAddress: "localhost:41281"
    startupRole: FOLLOWER
  }
}
commitInfos {
  server {
    id: "s0"
    address: "localhost:33119"
    dataStreamAddress: "localhost:34507"
    clientAddress: "localhost:45597"
    adminAddress: "localhost:42011"
    startupRole: FOLLOWER
  }
}
commitInfos {
  server {
    id: "s1"
    address: "localhost:43051"
    dataStreamAddress: "localhost:41779"
    clientAddress: "localhost:45233"
    adminAddress: "localhost:41551"
    startupRole: FOLLOWER
  }
}
commitInfos {
  server {
    id: "s2"
    address: "localhost:41201"
    dataStreamAddress: "localhost:43565"
    clientAddress: "localhost:41547"
    adminAddress: "localhost:41487"
    startupRole: FOLLOWER
  }
}
]
2022-11-01 02:15:26,850 [s2-server-thread2] INFO  server.RaftServer$Division (RaftServerImpl.java:setRole(325)) - s2@group-29DD907A7165: changes role from CANDIDATE to FOLLOWER at term 2 for appendEntries
2022-11-01 02:15:26,851 [s2-server-thread2] INFO  impl.RoleInfo (RoleInfo.java:shutdownLeaderElection(130)) - s2: shutdown s2@group-29DD907A7165-LeaderElection55
2022-11-01 02:15:26,851 [s2-server-thread2] INFO  impl.RoleInfo (RoleInfo.java:updateAndGet(139)) - s2: start s2@group-29DD907A7165-FollowerState
2022-11-01 02:15:26,851 [s2-server-thread2] INFO  server.RaftServer$Division (ServerState.java:setLeader(259)) - s2@group-29DD907A7165: change Leader from null to s4 at term 2 for appendEntries, leader elected after 19ms
2022-11-01 02:15:26,928 [s4@group-29DD907A7165->s2-GrpcLogAppender-LogAppenderDaemon] INFO  util.CodeInjectionForTesting (DelayLocalExecutionInjection.java:execute(65)) - s4 delay 150 ms, args=[serverRequest {
  requestorId: "s4"
  replyId: "s2"
  raftGroupId {
    id: "\306I{yg\341A\222\264\356)\335\220zqe"
  }
  callId: 133
  slidingWindowEntry {
  }
}
leaderTerm: 2
previousLog {
  term: 2
}
initializing: true
commitInfos {
  server {
    id: "s4"
    address: "localhost:36775"
    dataStreamAddress: "localhost:42557"
    clientAddress: "localhost:46475"
    adminAddress: "localhost:35477"
    startupRole: FOLLOWER
  }
}
commitInfos {
  server {
    id: "s3"
    address: "localhost:46863"
    dataStreamAddress: "localhost:44363"
    clientAddress: "localhost:41041"
    adminAddress: "localhost:41281"
    startupRole: FOLLOWER
  }
}
commitInfos {
  server {
    id: "s0"
    address: "localhost:33119"
    dataStreamAddress: "localhost:34507"
    clientAddress: "localhost:45597"
    adminAddress: "localhost:42011"
    startupRole: FOLLOWER
  }
}
commitInfos {
  server {
    id: "s1"
    address: "localhost:43051"
    dataStreamAddress: "localhost:41779"
    clientAddress: "localhost:45233"
    adminAddress: "localhost:41551"
    startupRole: FOLLOWER
  }
}
commitInfos {
  server {
    id: "s2"
    address: "localhost:41201"
    dataStreamAddress: "localhost:43565"
    clientAddress: "localhost:41547"
    adminAddress: "localhost:41487"
    startupRole: FOLLOWER
  }
}
]
2022-11-01 02:15:26,940 [s4@group-29DD907A7165->s3-GrpcLogAppender-LogAppenderDaemon] INFO  util.CodeInjectionForTesting (DelayLocalExecutionInjection.java:execute(65)) - s4 delay 150 ms, args=[serverRequest {
  requestorId: "s4"
  replyId: "s3"
  raftGroupId {
    id: "\306I{yg\341A\222\264\356)\335\220zqe"
  }
  callId: 137
  slidingWindowEntry {
  }
}
leaderTerm: 2
previousLog {
  term: 2
}
initializing: true
commitInfos {
  server {
    id: "s4"
    address: "localhost:36775"
    dataStreamAddress: "localhost:42557"
    clientAddress: "localhost:46475"
    adminAddress: "localhost:35477"
    startupRole: FOLLOWER
  }
}
commitInfos {
  server {
    id: "s3"
    address: "localhost:46863"
    dataStreamAddress: "localhost:44363"
    clientAddress: "localhost:41041"
    adminAddress: "localhost:41281"
    startupRole: FOLLOWER
  }
}
commitInfos {
  server {
    id: "s0"
    address: "localhost:33119"
    dataStreamAddress: "localhost:34507"
    clientAddress: "localhost:45597"
    adminAddress: "localhost:42011"
    startupRole: FOLLOWER
  }
}
commitInfos {
  server {
    id: "s1"
    address: "localhost:43051"
    dataStreamAddress: "localhost:41779"
    clientAddress: "localhost:45233"
    adminAddress: "localhost:41551"
    startupRole: FOLLOWER
  }
}
commitInfos {
  server {
    id: "s2"
    address: "localhost:41201"
    dataStreamAddress: "localhost:43565"
    clientAddress: "localhost:41547"
    adminAddress: "localhost:41487"
    startupRole: FOLLOWER
  }
}
]
2022-11-01 02:15:26,941 [s4@group-29DD907A7165->s0-GrpcLogAppender-LogAppenderDaemon] INFO  util.CodeInjectionForTesting (DelayLocalExecutionInjection.java:execute(65)) - s4 delay 150 ms, args=[serverRequest {
  requestorId: "s4"
  replyId: "s0"
  raftGroupId {
    id: "\306I{yg\341A\222\264\356)\335\220zqe"
  }
  callId: 147
  slidingWindowEntry {
  }
}
leaderTerm: 2
previousLog {
  term: 2
}
initializing: true
commitInfos {
  server {
    id: "s4"
    address: "localhost:36775"
    dataStreamAddress: "localhost:42557"
    clientAddress: "localhost:46475"
    adminAddress: "localhost:35477"
    startupRole: FOLLOWER
  }
}
commitInfos {
  server {
    id: "s3"
    address: "localhost:46863"
    dataStreamAddress: "localhost:44363"
    clientAddress: "localhost:41041"
    adminAddress: "localhost:41281"
    startupRole: FOLLOWER
  }
}
commitInfos {
  server {
    id: "s0"
    address: "localhost:33119"
    dataStreamAddress: "localhost:34507"
    clientAddress: "localhost:45597"
    adminAddress: "localhost:42011"
    startupRole: FOLLOWER
  }
}
commitInfos {
  server {
    id: "s1"
    address: "localhost:43051"
    dataStreamAddress: "localhost:41779"
    clientAddress: "localhost:45233"
    adminAddress: "localhost:41551"
    startupRole: FOLLOWER
  }
}
commitInfos {
  server {
    id: "s2"
    address: "localhost:41201"
    dataStreamAddress: "localhost:43565"
    clientAddress: "localhost:41547"
    adminAddress: "localhost:41487"
    startupRole: FOLLOWER
  }
}
]
2022-11-01 02:15:26,957 [s1@group-29DD907A7165-FollowerState] INFO  impl.FollowerState (FollowerState.java:run(143)) - s1@group-29DD907A7165-FollowerState: change to CANDIDATE, lastRpcElapsedTime:247825567ns, electionTimeout:247ms
2022-11-01 02:15:26,957 [s1@group-29DD907A7165-FollowerState] INFO  impl.RoleInfo (RoleInfo.java:shutdownFollowerState(110)) - s1: shutdown s1@group-29DD907A7165-FollowerState
2022-11-01 02:15:26,957 [s1@group-29DD907A7165-FollowerState] INFO  server.RaftServer$Division (RaftServerImpl.java:setRole(325)) - s1@group-29DD907A7165: changes role from  FOLLOWER to CANDIDATE at term 2 for changeToCandidate
2022-11-01 02:15:26,957 [s1@group-29DD907A7165-FollowerState] INFO  server.RaftServerConfigKeys (ConfUtils.java:logGet(46)) - raft.server.leaderelection.pre-vote = true (default)
2022-11-01 02:15:26,957 [s1@group-29DD907A7165-FollowerState] INFO  impl.RoleInfo (RoleInfo.java:updateAndGet(139)) - s1: start s1@group-29DD907A7165-LeaderElection56
2022-11-01 02:15:26,958 [s1@group-29DD907A7165-LeaderElection56] INFO  impl.LeaderElection (LeaderElection.java:askForVotes(309)) - s1@group-29DD907A7165-LeaderElection56 PRE_VOTE round 0: submit vote requests at term 2 for 0: peers:[s3|rpc:localhost:46863|admin:localhost:41281|client:localhost:41041|dataStream:localhost:44363|priority:0|startupRole:FOLLOWER, s4|rpc:localhost:36775|admin:localhost:35477|client:localhost:46475|dataStream:localhost:42557|priority:0|startupRole:FOLLOWER, s0|rpc:localhost:33119|admin:localhost:42011|client:localhost:45597|dataStream:localhost:34507|priority:0|startupRole:FOLLOWER, s1|rpc:localhost:43051|admin:localhost:41551|client:localhost:45233|dataStream:localhost:41779|priority:0|startupRole:FOLLOWER, s2|rpc:localhost:41201|admin:localhost:41487|client:localhost:41547|dataStream:localhost:43565|priority:0|startupRole:FOLLOWER]|listeners:[], old=null
2022-11-01 02:15:26,960 [grpc-default-executor-27] INFO  server.RaftServer$Division (RaftServerImpl.java:requestVote(1291)) - s4@group-29DD907A7165: receive requestVote(PRE_VOTE, s1, group-29DD907A7165, 2, (t:1, i:0))
2022-11-01 02:15:26,960 [grpc-default-executor-27] INFO  impl.VoteContext (VoteContext.java:log(49)) - s4@group-29DD907A7165-LEADER: reject PRE_VOTE from s1: this server is the leader and still has leadership
2022-11-01 02:15:26,960 [grpc-default-executor-27] INFO  server.RaftServer$Division (RaftServerImpl.java:requestVote(1324)) - s4@group-29DD907A7165 replies to PRE_VOTE vote request: s1<-s4#0:FAIL-t2. Peer's state: s4@group-29DD907A7165:t2, leader=s4, voted=s4, raftlog=Memoized:s4@group-29DD907A7165-SegmentedRaftLog:OPENED:c0, conf=0: peers:[s3|rpc:localhost:46863|admin:localhost:41281|client:localhost:41041|dataStream:localhost:44363|priority:0|startupRole:FOLLOWER, s4|rpc:localhost:36775|admin:localhost:35477|client:localhost:46475|dataStream:localhost:42557|priority:0|startupRole:FOLLOWER, s0|rpc:localhost:33119|admin:localhost:42011|client:localhost:45597|dataStream:localhost:34507|priority:0|startupRole:FOLLOWER, s1|rpc:localhost:43051|admin:localhost:41551|client:localhost:45233|dataStream:localhost:41779|priority:0|startupRole:FOLLOWER, s2|rpc:localhost:41201|admin:localhost:41487|client:localhost:41547|dataStream:localhost:43565|priority:0|startupRole:FOLLOWER]|listeners:[], old=null
2022-11-01 02:15:26,961 [grpc-default-executor-27] INFO  server.RaftServer$Division (RaftServerImpl.java:requestVote(1291)) - s3@group-29DD907A7165: receive requestVote(PRE_VOTE, s1, group-29DD907A7165, 2, (t:1, i:0))
2022-11-01 02:15:26,961 [grpc-default-executor-27] INFO  impl.VoteContext (VoteContext.java:log(49)) - s3@group-29DD907A7165-FOLLOWER: reject PRE_VOTE from s1: this server is a follower and still has a valid leader s4
2022-11-01 02:15:26,961 [grpc-default-executor-27] INFO  server.RaftServer$Division (RaftServerImpl.java:requestVote(1324)) - s3@group-29DD907A7165 replies to PRE_VOTE vote request: s1<-s3#0:FAIL-t2. Peer's state: s3@group-29DD907A7165:t2, leader=s4, voted=s4, raftlog=Memoized:s3@group-29DD907A7165-SegmentedRaftLog:OPENED:c0, conf=0: peers:[s3|rpc:localhost:46863|admin:localhost:41281|client:localhost:41041|dataStream:localhost:44363|priority:0|startupRole:FOLLOWER, s4|rpc:localhost:36775|admin:localhost:35477|client:localhost:46475|dataStream:localhost:42557|priority:0|startupRole:FOLLOWER, s0|rpc:localhost:33119|admin:localhost:42011|client:localhost:45597|dataStream:localhost:34507|priority:0|startupRole:FOLLOWER, s1|rpc:localhost:43051|admin:localhost:41551|client:localhost:45233|dataStream:localhost:41779|priority:0|startupRole:FOLLOWER, s2|rpc:localhost:41201|admin:localhost:41487|client:localhost:41547|dataStream:localhost:43565|priority:0|startupRole:FOLLOWER]|listeners:[], old=null
2022-11-01 02:15:26,964 [grpc-default-executor-27] INFO  server.RaftServer$Division (RaftServerImpl.java:requestVote(1291)) - s0@group-29DD907A7165: receive requestVote(PRE_VOTE, s1, group-29DD907A7165, 2, (t:1, i:0))
2022-11-01 02:15:26,964 [grpc-default-executor-27] INFO  impl.VoteContext (VoteContext.java:log(49)) - s0@group-29DD907A7165-FOLLOWER: reject PRE_VOTE from s1: this server is a follower and still has a valid leader s4
2022-11-01 02:15:26,964 [grpc-default-executor-27] INFO  server.RaftServer$Division (RaftServerImpl.java:requestVote(1324)) - s0@group-29DD907A7165 replies to PRE_VOTE vote request: s1<-s0#0:FAIL-t2. Peer's state: s0@group-29DD907A7165:t2, leader=s4, voted=s4, raftlog=Memoized:s0@group-29DD907A7165-SegmentedRaftLog:OPENED:c0, conf=0: peers:[s3|rpc:localhost:46863|admin:localhost:41281|client:localhost:41041|dataStream:localhost:44363|priority:0|startupRole:FOLLOWER, s4|rpc:localhost:36775|admin:localhost:35477|client:localhost:46475|dataStream:localhost:42557|priority:0|startupRole:FOLLOWER, s0|rpc:localhost:33119|admin:localhost:42011|client:localhost:45597|dataStream:localhost:34507|priority:0|startupRole:FOLLOWER, s1|rpc:localhost:43051|admin:localhost:41551|client:localhost:45233|dataStream:localhost:41779|priority:0|startupRole:FOLLOWER, s2|rpc:localhost:41201|admin:localhost:41487|client:localhost:41547|dataStream:localhost:43565|priority:0|startupRole:FOLLOWER]|listeners:[], old=null
2022-11-01 02:15:26,965 [s1@group-29DD907A7165-LeaderElection56] INFO  impl.LeaderElection (LeaderElection.java:logAndReturn(89)) - s1@group-29DD907A7165-LeaderElection56: PRE_VOTE REJECTED received 3 response(s) and 0 exception(s):
2022-11-01 02:15:26,965 [s1@group-29DD907A7165-LeaderElection56] INFO  impl.LeaderElection (LeaderElection.java:logAndReturn(93)) -   Response 0: s1<-s3#0:FAIL-t2
2022-11-01 02:15:26,965 [s1@group-29DD907A7165-LeaderElection56] INFO  impl.LeaderElection (LeaderElection.java:logAndReturn(93)) -   Response 1: s1<-s4#0:FAIL-t2
2022-11-01 02:15:26,965 [s1@group-29DD907A7165-LeaderElection56] INFO  impl.LeaderElection (LeaderElection.java:logAndReturn(93)) -   Response 2: s1<-s0#0:FAIL-t2
2022-11-01 02:15:26,965 [s1@group-29DD907A7165-LeaderElection56] INFO  impl.LeaderElection (LeaderElection.java:askForVotes(311)) - s1@group-29DD907A7165-LeaderElection56 PRE_VOTE round 0: result REJECTED
2022-11-01 02:15:26,965 [s1@group-29DD907A7165-LeaderElection56] INFO  server.RaftServer$Division (RaftServerImpl.java:setRole(325)) - s1@group-29DD907A7165: changes role from CANDIDATE to FOLLOWER at term 2 for REJECTED
2022-11-01 02:15:26,965 [s1@group-29DD907A7165-LeaderElection56] INFO  impl.RoleInfo (RoleInfo.java:shutdownLeaderElection(130)) - s1: shutdown s1@group-29DD907A7165-LeaderElection56
2022-11-01 02:15:26,965 [s1@group-29DD907A7165-LeaderElection56] INFO  impl.RoleInfo (RoleInfo.java:updateAndGet(139)) - s1: start s1@group-29DD907A7165-FollowerState
2022-11-01 02:15:26,966 [grpc-default-executor-27] INFO  server.RaftServer$Division (RaftServerImpl.java:requestVote(1291)) - s2@group-29DD907A7165: receive requestVote(PRE_VOTE, s1, group-29DD907A7165, 2, (t:1, i:0))
2022-11-01 02:15:26,966 [grpc-default-executor-27] INFO  impl.VoteContext (VoteContext.java:log(49)) - s2@group-29DD907A7165-FOLLOWER: reject PRE_VOTE from s1: this server is a follower and still has a valid leader s4
2022-11-01 02:15:26,967 [grpc-default-executor-27] INFO  server.RaftServer$Division (RaftServerImpl.java:requestVote(1324)) - s2@group-29DD907A7165 replies to PRE_VOTE vote request: s1<-s2#0:FAIL-t2. Peer's state: s2@group-29DD907A7165:t2, leader=s4, voted=s4, raftlog=Memoized:s2@group-29DD907A7165-SegmentedRaftLog:OPENED:c0, conf=0: peers:[s3|rpc:localhost:46863|admin:localhost:41281|client:localhost:41041|dataStream:localhost:44363|priority:0|startupRole:FOLLOWER, s4|rpc:localhost:36775|admin:localhost:35477|client:localhost:46475|dataStream:localhost:42557|priority:0|startupRole:FOLLOWER, s0|rpc:localhost:33119|admin:localhost:42011|client:localhost:45597|dataStream:localhost:34507|priority:0|startupRole:FOLLOWER, s1|rpc:localhost:43051|admin:localhost:41551|client:localhost:45233|dataStream:localhost:41779|priority:0|startupRole:FOLLOWER, s2|rpc:localhost:41201|admin:localhost:41487|client:localhost:41547|dataStream:localhost:43565|priority:0|startupRole:FOLLOWER]|listeners:[], old=null
2022-11-01 02:15:26,983 [grpc-default-executor-20] INFO  util.CodeInjectionForTesting (BlockRequestHandlingInjection.java:execute(77)) - s1: Block request from s2
2022-11-01 02:15:26,984 [grpc-default-executor-29] INFO  server.RaftServer$Division (RaftServerImpl.java:requestVote(1291)) - s3@group-29DD907A7165: receive requestVote(PRE_VOTE, s2, group-29DD907A7165, 2, (t:2, i:0))
2022-11-01 02:15:26,984 [grpc-default-executor-29] INFO  impl.VoteContext (VoteContext.java:log(49)) - s3@group-29DD907A7165-FOLLOWER: reject PRE_VOTE from s2: this server is a follower and still has a valid leader s4
2022-11-01 02:15:26,984 [grpc-default-executor-29] INFO  server.RaftServer$Division (RaftServerImpl.java:requestVote(1324)) - s3@group-29DD907A7165 replies to PRE_VOTE vote request: s2<-s3#0:FAIL-t2. Peer's state: s3@group-29DD907A7165:t2, leader=s4, voted=s4, raftlog=Memoized:s3@group-29DD907A7165-SegmentedRaftLog:OPENED:c0, conf=0: peers:[s3|rpc:localhost:46863|admin:localhost:41281|client:localhost:41041|dataStream:localhost:44363|priority:0|startupRole:FOLLOWER, s4|rpc:localhost:36775|admin:localhost:35477|client:localhost:46475|dataStream:localhost:42557|priority:0|startupRole:FOLLOWER, s0|rpc:localhost:33119|admin:localhost:42011|client:localhost:45597|dataStream:localhost:34507|priority:0|startupRole:FOLLOWER, s1|rpc:localhost:43051|admin:localhost:41551|client:localhost:45233|dataStream:localhost:41779|priority:0|startupRole:FOLLOWER, s2|rpc:localhost:41201|admin:localhost:41487|client:localhost:41547|dataStream:localhost:43565|priority:0|startupRole:FOLLOWER]|listeners:[], old=null
2022-11-01 02:15:26,984 [grpc-default-executor-27] INFO  server.RaftServer$Division (RaftServerImpl.java:requestVote(1291)) - s4@group-29DD907A7165: receive requestVote(PRE_VOTE, s2, group-29DD907A7165, 2, (t:2, i:0))
2022-11-01 02:15:26,984 [grpc-default-executor-27] INFO  impl.VoteContext (VoteContext.java:log(49)) - s4@group-29DD907A7165-LEADER: reject PRE_VOTE from s2: this server is the leader and still has leadership
2022-11-01 02:15:26,984 [grpc-default-executor-27] INFO  server.RaftServer$Division (RaftServerImpl.java:requestVote(1324)) - s4@group-29DD907A7165 replies to PRE_VOTE vote request: s2<-s4#0:FAIL-t2. Peer's state: s4@group-29DD907A7165:t2, leader=s4, voted=s4, raftlog=Memoized:s4@group-29DD907A7165-SegmentedRaftLog:OPENED:c0, conf=0: peers:[s3|rpc:localhost:46863|admin:localhost:41281|client:localhost:41041|dataStream:localhost:44363|priority:0|startupRole:FOLLOWER, s4|rpc:localhost:36775|admin:localhost:35477|client:localhost:46475|dataStream:localhost:42557|priority:0|startupRole:FOLLOWER, s0|rpc:localhost:33119|admin:localhost:42011|client:localhost:45597|dataStream:localhost:34507|priority:0|startupRole:FOLLOWER, s1|rpc:localhost:43051|admin:localhost:41551|client:localhost:45233|dataStream:localhost:41779|priority:0|startupRole:FOLLOWER, s2|rpc:localhost:41201|admin:localhost:41487|client:localhost:41547|dataStream:localhost:43565|priority:0|startupRole:FOLLOWER]|listeners:[], old=null
2022-11-01 02:15:26,984 [grpc-default-executor-29] INFO  server.RaftServer$Division (RaftServerImpl.java:requestVote(1291)) - s0@group-29DD907A7165: receive requestVote(PRE_VOTE, s2, group-29DD907A7165, 2, (t:2, i:0))
2022-11-01 02:15:26,984 [grpc-default-executor-29] INFO  impl.VoteContext (VoteContext.java:log(49)) - s0@group-29DD907A7165-FOLLOWER: reject PRE_VOTE from s2: this server is a follower and still has a valid leader s4
2022-11-01 02:15:26,985 [grpc-default-executor-29] INFO  server.RaftServer$Division (RaftServerImpl.java:requestVote(1324)) - s0@group-29DD907A7165 replies to PRE_VOTE vote request: s2<-s0#0:FAIL-t2. Peer's state: s0@group-29DD907A7165:t2, leader=s4, voted=s4, raftlog=Memoized:s0@group-29DD907A7165-SegmentedRaftLog:OPENED:c0, conf=0: peers:[s3|rpc:localhost:46863|admin:localhost:41281|client:localhost:41041|dataStream:localhost:44363|priority:0|startupRole:FOLLOWER, s4|rpc:localhost:36775|admin:localhost:35477|client:localhost:46475|dataStream:localhost:42557|priority:0|startupRole:FOLLOWER, s0|rpc:localhost:33119|admin:localhost:42011|client:localhost:45597|dataStream:localhost:34507|priority:0|startupRole:FOLLOWER, s1|rpc:localhost:43051|admin:localhost:41551|client:localhost:45233|dataStream:localhost:41779|priority:0|startupRole:FOLLOWER, s2|rpc:localhost:41201|admin:localhost:41487|client:localhost:41547|dataStream:localhost:43565|priority:0|startupRole:FOLLOWER]|listeners:[], old=null
2022-11-01 02:15:26,985 [s2@group-29DD907A7165-LeaderElection55] INFO  impl.LeaderElection (LeaderElection.java:logAndReturn(89)) - s2@group-29DD907A7165-LeaderElection55: PRE_VOTE REJECTED received 1 response(s) and 0 exception(s):
2022-11-01 02:15:26,985 [s2@group-29DD907A7165-LeaderElection55] INFO  impl.LeaderElection (LeaderElection.java:logAndReturn(93)) -   Response 0: s2<-s3#0:FAIL-t2
2022-11-01 02:15:26,985 [s2@group-29DD907A7165-LeaderElection55] INFO  impl.LeaderElection (LeaderElection.java:askForVotes(311)) - s2@group-29DD907A7165-LeaderElection55 PRE_VOTE round 0: result REJECTED
2022-11-01 02:15:27,023 [s2@group-29DD907A7165-FollowerState] INFO  impl.FollowerState (FollowerState.java:run(143)) - s2@group-29DD907A7165-FollowerState: change to CANDIDATE, lastRpcElapsedTime:172008896ns, electionTimeout:172ms
2022-11-01 02:15:27,023 [s2@group-29DD907A7165-FollowerState] INFO  impl.RoleInfo (RoleInfo.java:shutdownFollowerState(110)) - s2: shutdown s2@group-29DD907A7165-FollowerState
2022-11-01 02:15:27,023 [s4@group-29DD907A7165->s1-GrpcLogAppender-LogAppenderDaemon] INFO  util.CodeInjectionForTesting (DelayLocalExecutionInjection.java:execute(65)) - s4 delay 150 ms, args=[serverRequest {
  requestorId: "s4"
  replyId: "s1"
  raftGroupId {
    id: "\306I{yg\341A\222\264\356)\335\220zqe"
  }
  callId: 273
  slidingWindowEntry {
  }
}
leaderTerm: 2
previousLog {
  term: 2
}
initializing: true
commitInfos {
  server {
    id: "s4"
    address: "localhost:36775"
    dataStreamAddress: "localhost:42557"
    clientAddress: "localhost:46475"
    adminAddress: "localhost:35477"
    startupRole: FOLLOWER
  }
}
commitInfos {
  server {
    id: "s3"
    address: "localhost:46863"
    dataStreamAddress: "localhost:44363"
    clientAddress: "localhost:41041"
    adminAddress: "localhost:41281"
    startupRole: FOLLOWER
  }
}
commitInfos {
  server {
    id: "s0"
    address: "localhost:33119"
    dataStreamAddress: "localhost:34507"
    clientAddress: "localhost:45597"
    adminAddress: "localhost:42011"
    startupRole: FOLLOWER
  }
}
commitInfos {
  server {
    id: "s1"
    address: "localhost:43051"
    dataStreamAddress: "localhost:41779"
    clientAddress: "localhost:45233"
    adminAddress: "localhost:41551"
    startupRole: FOLLOWER
  }
}
commitInfos {
  server {
    id: "s2"
    address: "localhost:41201"
    dataStreamAddress: "localhost:43565"
    clientAddress: "localhost:41547"
    adminAddress: "localhost:41487"
    startupRole: FOLLOWER
  }
}
]
2022-11-01 02:15:27,023 [s2@group-29DD907A7165-FollowerState] INFO  server.RaftServer$Division (RaftServerImpl.java:setRole(325)) - s2@group-29DD907A7165: changes role from  FOLLOWER to CANDIDATE at term 2 for changeToCandidate
2022-11-01 02:15:27,024 [s2@group-29DD907A7165-FollowerState] INFO  server.RaftServerConfigKeys (ConfUtils.java:logGet(46)) - raft.server.leaderelection.pre-vote = true (default)
2022-11-01 02:15:27,024 [s2@group-29DD907A7165-FollowerState] INFO  impl.RoleInfo (RoleInfo.java:updateAndGet(139)) - s2: start s2@group-29DD907A7165-LeaderElection57
2022-11-01 02:15:27,024 [s2@group-29DD907A7165-LeaderElection57] INFO  server.RaftServer$Division (ServerState.java:setLeader(259)) - s2@group-29DD907A7165: change Leader from s4 to null at term 2 for PRE_VOTE
2022-11-01 02:15:27,024 [s2@group-29DD907A7165-LeaderElection57] INFO  impl.LeaderElection (LeaderElection.java:askForVotes(309)) - s2@group-29DD907A7165-LeaderElection57 PRE_VOTE round 0: submit vote requests at term 2 for 0: peers:[s3|rpc:localhost:46863|admin:localhost:41281|client:localhost:41041|dataStream:localhost:44363|priority:0|startupRole:FOLLOWER, s4|rpc:localhost:36775|admin:localhost:35477|client:localhost:46475|dataStream:localhost:42557|priority:0|startupRole:FOLLOWER, s0|rpc:localhost:33119|admin:localhost:42011|client:localhost:45597|dataStream:localhost:34507|priority:0|startupRole:FOLLOWER, s1|rpc:localhost:43051|admin:localhost:41551|client:localhost:45233|dataStream:localhost:41779|priority:0|startupRole:FOLLOWER, s2|rpc:localhost:41201|admin:localhost:41487|client:localhost:41547|dataStream:localhost:43565|priority:0|startupRole:FOLLOWER]|listeners:[], old=null
2022-11-01 02:15:27,025 [s2@group-29DD907A7165-LeaderElection57-1] INFO  util.CodeInjectionForTesting (DelayLocalExecutionInjection.java:execute(65)) - s2 delay 150 ms, args=[serverRequest {
  requestorId: "s2"
  replyId: "s3"
  raftGroupId {
    id: "\306I{yg\341A\222\264\356)\335\220zqe"
  }
  slidingWindowEntry {
  }
}
candidateTerm: 2
candidateLastEntry {
  term: 2
}
preVote: true
]
2022-11-01 02:15:27,025 [s2@group-29DD907A7165-LeaderElection57-2] INFO  util.CodeInjectionForTesting (DelayLocalExecutionInjection.java:execute(65)) - s2 delay 150 ms, args=[serverRequest {
  requestorId: "s2"
  replyId: "s4"
  raftGroupId {
    id: "\306I{yg\341A\222\264\356)\335\220zqe"
  }
  slidingWindowEntry {
  }
}
candidateTerm: 2
candidateLastEntry {
  term: 2
}
preVote: true
]
2022-11-01 02:15:27,025 [s2@group-29DD907A7165-LeaderElection57-3] INFO  util.CodeInjectionForTesting (DelayLocalExecutionInjection.java:execute(65)) - s2 delay 150 ms, args=[serverRequest {
  requestorId: "s2"
  replyId: "s0"
  raftGroupId {
    id: "\306I{yg\341A\222\264\356)\335\220zqe"
  }
  slidingWindowEntry {
  }
}
candidateTerm: 2
candidateLastEntry {
  term: 2
}
preVote: true
]
2022-11-01 02:15:27,026 [s2@group-29DD907A7165-LeaderElection57-4] INFO  util.CodeInjectionForTesting (DelayLocalExecutionInjection.java:execute(65)) - s2 delay 150 ms, args=[serverRequest {
  requestorId: "s2"
  replyId: "s1"
  raftGroupId {
    id: "\306I{yg\341A\222\264\356)\335\220zqe"
  }
  slidingWindowEntry {
  }
}
candidateTerm: 2
candidateLastEntry {
  term: 2
}
preVote: true
]
2022-11-01 02:15:27,079 [s2-server-thread1] INFO  server.RaftServer$Division (RaftServerImpl.java:setRole(325)) - s2@group-29DD907A7165: changes role from CANDIDATE to FOLLOWER at term 2 for appendEntries
2022-11-01 02:15:27,079 [s2-server-thread1] INFO  impl.RoleInfo (RoleInfo.java:shutdownLeaderElection(130)) - s2: shutdown s2@group-29DD907A7165-LeaderElection57
2022-11-01 02:15:27,079 [s2-server-thread1] INFO  impl.RoleInfo (RoleInfo.java:updateAndGet(139)) - s2: start s2@group-29DD907A7165-FollowerState
2022-11-01 02:15:27,079 [s2-server-thread1] INFO  server.RaftServer$Division (ServerState.java:setLeader(259)) - s2@group-29DD907A7165: change Leader from null to s4 at term 2 for appendEntries, leader elected after 55ms
2022-11-01 02:15:27,080 [s0@group-29DD907A7165-FollowerState] INFO  impl.FollowerState (FollowerState.java:run(143)) - s0@group-29DD907A7165-FollowerState: change to CANDIDATE, lastRpcElapsedTime:215574524ns, electionTimeout:204ms
2022-11-01 02:15:27,080 [s0@group-29DD907A7165-FollowerState] INFO  impl.RoleInfo (RoleInfo.java:shutdownFollowerState(110)) - s0: shutdown s0@group-29DD907A7165-FollowerState
2022-11-01 02:15:27,081 [s0@group-29DD907A7165-FollowerState] INFO  server.RaftServer$Division (RaftServerImpl.java:setRole(325)) - s0@group-29DD907A7165: changes role from  FOLLOWER to CANDIDATE at term 2 for changeToCandidate
2022-11-01 02:15:27,081 [s0@group-29DD907A7165-FollowerState] INFO  server.RaftServerConfigKeys (ConfUtils.java:logGet(46)) - raft.server.leaderelection.pre-vote = true (default)
2022-11-01 02:15:27,081 [s0@group-29DD907A7165-FollowerState] INFO  impl.RoleInfo (RoleInfo.java:updateAndGet(139)) - s0: start s0@group-29DD907A7165-LeaderElection58
2022-11-01 02:15:27,081 [s0@group-29DD907A7165-LeaderElection58] INFO  server.RaftServer$Division (ServerState.java:setLeader(259)) - s0@group-29DD907A7165: change Leader from s4 to null at term 2 for PRE_VOTE
2022-11-01 02:15:27,081 [s0@group-29DD907A7165-LeaderElection58] INFO  impl.LeaderElection (LeaderElection.java:askForVotes(309)) - s0@group-29DD907A7165-LeaderElection58 PRE_VOTE round 0: submit vote requests at term 2 for 0: peers:[s3|rpc:localhost:46863|admin:localhost:41281|client:localhost:41041|dataStream:localhost:44363|priority:0|startupRole:FOLLOWER, s4|rpc:localhost:36775|admin:localhost:35477|client:localhost:46475|dataStream:localhost:42557|priority:0|startupRole:FOLLOWER, s0|rpc:localhost:33119|admin:localhost:42011|client:localhost:45597|dataStream:localhost:34507|priority:0|startupRole:FOLLOWER, s1|rpc:localhost:43051|admin:localhost:41551|client:localhost:45233|dataStream:localhost:41779|priority:0|startupRole:FOLLOWER, s2|rpc:localhost:41201|admin:localhost:41487|client:localhost:41547|dataStream:localhost:43565|priority:0|startupRole:FOLLOWER]|listeners:[], old=null
2022-11-01 02:15:27,082 [s0@group-29DD907A7165-LeaderElection58-1] INFO  util.CodeInjectionForTesting (DelayLocalExecutionInjection.java:execute(65)) - s0 delay 150 ms, args=[serverRequest {
  requestorId: "s0"
  replyId: "s3"
  raftGroupId {
    id: "\306I{yg\341A\222\264\356)\335\220zqe"
  }
  slidingWindowEntry {
  }
}
candidateTerm: 2
candidateLastEntry {
  term: 2
}
preVote: true
]
2022-11-01 02:15:27,082 [s0@group-29DD907A7165-LeaderElection58-2] INFO  util.CodeInjectionForTesting (DelayLocalExecutionInjection.java:execute(65)) - s0 delay 150 ms, args=[serverRequest {
  requestorId: "s0"
  replyId: "s4"
  raftGroupId {
    id: "\306I{yg\341A\222\264\356)\335\220zqe"
  }
  slidingWindowEntry {
  }
}
candidateTerm: 2
candidateLastEntry {
  term: 2
}
preVote: true
]
2022-11-01 02:15:27,082 [s0@group-29DD907A7165-LeaderElection58-3] INFO  util.CodeInjectionForTesting (DelayLocalExecutionInjection.java:execute(65)) - s0 delay 150 ms, args=[serverRequest {
  requestorId: "s0"
  replyId: "s1"
  raftGroupId {
    id: "\306I{yg\341A\222\264\356)\335\220zqe"
  }
  slidingWindowEntry {
  }
}
candidateTerm: 2
candidateLastEntry {
  term: 2
}
preVote: true
]
2022-11-01 02:15:27,083 [s0@group-29DD907A7165-LeaderElection58-4] INFO  util.CodeInjectionForTesting (DelayLocalExecutionInjection.java:execute(65)) - s0 delay 150 ms, args=[serverRequest {
  requestorId: "s0"
  replyId: "s2"
  raftGroupId {
    id: "\306I{yg\341A\222\264\356)\335\220zqe"
  }
  slidingWindowEntry {
  }
}
candidateTerm: 2
candidateLastEntry {
  term: 2
}
preVote: true
]
2022-11-01 02:15:27,092 [s0-server-thread1] INFO  server.RaftServer$Division (RaftServerImpl.java:setRole(325)) - s0@group-29DD907A7165: changes role from CANDIDATE to FOLLOWER at term 2 for appendEntries
2022-11-01 02:15:27,092 [s0-server-thread1] INFO  impl.RoleInfo (RoleInfo.java:shutdownLeaderElection(130)) - s0: shutdown s0@group-29DD907A7165-LeaderElection58
2022-11-01 02:15:27,092 [s0-server-thread1] INFO  impl.RoleInfo (RoleInfo.java:updateAndGet(139)) - s0: start s0@group-29DD907A7165-FollowerState
2022-11-01 02:15:27,092 [s0-server-thread1] INFO  server.RaftServer$Division (ServerState.java:setLeader(259)) - s0@group-29DD907A7165: change Leader from null to s4 at term 2 for appendEntries, leader elected after 11ms
2022-11-01 02:15:27,124 [Time-limited test] INFO  server.RaftServerConfigKeys (ConfUtils.java:logGet(46)) - raft.server.rpc.timeout.max = 300ms (default)
2022-11-01 02:15:27,176 [grpc-default-executor-27] INFO  server.RaftServer$Division (RaftServerImpl.java:requestVote(1291)) - s4@group-29DD907A7165: receive requestVote(PRE_VOTE, s2, group-29DD907A7165, 2, (t:2, i:0))
2022-11-01 02:15:27,177 [grpc-default-executor-27] INFO  impl.VoteContext (VoteContext.java:log(49)) - s4@group-29DD907A7165-LEADER: reject PRE_VOTE from s2: this server is the leader and still has leadership
2022-11-01 02:15:27,177 [grpc-default-executor-27] INFO  server.RaftServer$Division (RaftServerImpl.java:requestVote(1324)) - s4@group-29DD907A7165 replies to PRE_VOTE vote request: s2<-s4#0:FAIL-t2. Peer's state: s4@group-29DD907A7165:t2, leader=s4, voted=s4, raftlog=Memoized:s4@group-29DD907A7165-SegmentedRaftLog:OPENED:c0, conf=0: peers:[s3|rpc:localhost:46863|admin:localhost:41281|client:localhost:41041|dataStream:localhost:44363|priority:0|startupRole:FOLLOWER, s4|rpc:localhost:36775|admin:localhost:35477|client:localhost:46475|dataStream:localhost:42557|priority:0|startupRole:FOLLOWER, s0|rpc:localhost:33119|admin:localhost:42011|client:localhost:45597|dataStream:localhost:34507|priority:0|startupRole:FOLLOWER, s1|rpc:localhost:43051|admin:localhost:41551|client:localhost:45233|dataStream:localhost:41779|priority:0|startupRole:FOLLOWER, s2|rpc:localhost:41201|admin:localhost:41487|client:localhost:41547|dataStream:localhost:43565|priority:0|startupRole:FOLLOWER]|listeners:[], old=null
2022-11-01 02:15:27,177 [grpc-default-executor-5] INFO  server.RaftServer$Division (RaftServerImpl.java:requestVote(1291)) - s3@group-29DD907A7165: receive requestVote(PRE_VOTE, s2, group-29DD907A7165, 2, (t:2, i:0))
2022-11-01 02:15:27,177 [grpc-default-executor-5] INFO  impl.VoteContext (VoteContext.java:log(49)) - s3@group-29DD907A7165-FOLLOWER: reject PRE_VOTE from s2: this server is a follower and still has a valid leader s4
2022-11-01 02:15:27,177 [grpc-default-executor-5] INFO  server.RaftServer$Division (RaftServerImpl.java:requestVote(1324)) - s3@group-29DD907A7165 replies to PRE_VOTE vote request: s2<-s3#0:FAIL-t2. Peer's state: s3@group-29DD907A7165:t2, leader=s4, voted=s4, raftlog=Memoized:s3@group-29DD907A7165-SegmentedRaftLog:OPENED:c0, conf=0: peers:[s3|rpc:localhost:46863|admin:localhost:41281|client:localhost:41041|dataStream:localhost:44363|priority:0|startupRole:FOLLOWER, s4|rpc:localhost:36775|admin:localhost:35477|client:localhost:46475|dataStream:localhost:42557|priority:0|startupRole:FOLLOWER, s0|rpc:localhost:33119|admin:localhost:42011|client:localhost:45597|dataStream:localhost:34507|priority:0|startupRole:FOLLOWER, s1|rpc:localhost:43051|admin:localhost:41551|client:localhost:45233|dataStream:localhost:41779|priority:0|startupRole:FOLLOWER, s2|rpc:localhost:41201|admin:localhost:41487|client:localhost:41547|dataStream:localhost:43565|priority:0|startupRole:FOLLOWER]|listeners:[], old=null
2022-11-01 02:15:27,178 [grpc-default-executor-2] INFO  server.RaftServer$Division (RaftServerImpl.java:requestVote(1291)) - s1@group-29DD907A7165: receive requestVote(PRE_VOTE, s2, group-29DD907A7165, 2, (t:2, i:0))
2022-11-01 02:15:27,178 [grpc-default-executor-2] INFO  impl.VoteContext (VoteContext.java:log(49)) - s1@group-29DD907A7165-FOLLOWER: accept PRE_VOTE from s2: our last entry (t:1, i:0) < candidate's last entry (t:2, i:0)
2022-11-01 02:15:27,178 [grpc-default-executor-2] INFO  server.RaftServer$Division (RaftServerImpl.java:requestVote(1324)) - s1@group-29DD907A7165 replies to PRE_VOTE vote request: s2<-s1#0:OK-t2. Peer's state: s1@group-29DD907A7165:t2, leader=null, voted=null, raftlog=Memoized:s1@group-29DD907A7165-SegmentedRaftLog:OPENED:c0, conf=0: peers:[s3|rpc:localhost:46863|admin:localhost:41281|client:localhost:41041|dataStream:localhost:44363|priority:0|startupRole:FOLLOWER, s4|rpc:localhost:36775|admin:localhost:35477|client:localhost:46475|dataStream:localhost:42557|priority:0|startupRole:FOLLOWER, s0|rpc:localhost:33119|admin:localhost:42011|client:localhost:45597|dataStream:localhost:34507|priority:0|startupRole:FOLLOWER, s1|rpc:localhost:43051|admin:localhost:41551|client:localhost:45233|dataStream:localhost:41779|priority:0|startupRole:FOLLOWER, s2|rpc:localhost:41201|admin:localhost:41487|client:localhost:41547|dataStream:localhost:43565|priority:0|startupRole:FOLLOWER]|listeners:[], old=null
2022-11-01 02:15:27,180 [s2@group-29DD907A7165-LeaderElection57] INFO  impl.LeaderElection (LeaderElection.java:logAndReturn(89)) - s2@group-29DD907A7165-LeaderElection57: PRE_VOTE REJECTED received 1 response(s) and 0 exception(s):
2022-11-01 02:15:27,180 [s2@group-29DD907A7165-LeaderElection57] INFO  impl.LeaderElection (LeaderElection.java:logAndReturn(93)) -   Response 0: s2<-s3#0:FAIL-t2
2022-11-01 02:15:27,180 [s2@group-29DD907A7165-LeaderElection57] INFO  impl.LeaderElection (LeaderElection.java:askForVotes(311)) - s2@group-29DD907A7165-LeaderElection57 PRE_VOTE round 0: result REJECTED
2022-11-01 02:15:27,180 [grpc-default-executor-27] INFO  server.RaftServer$Division (RaftServerImpl.java:requestVote(1291)) - s0@group-29DD907A7165: receive requestVote(PRE_VOTE, s2, group-29DD907A7165, 2, (t:2, i:0))
2022-11-01 02:15:27,180 [grpc-default-executor-27] INFO  impl.VoteContext (VoteContext.java:log(49)) - s0@group-29DD907A7165-FOLLOWER: reject PRE_VOTE from s2: this server is a follower and still has a valid leader s4
2022-11-01 02:15:27,180 [grpc-default-executor-27] INFO  server.RaftServer$Division (RaftServerImpl.java:requestVote(1324)) - s0@group-29DD907A7165 replies to PRE_VOTE vote request: s2<-s0#0:FAIL-t2. Peer's state: s0@group-29DD907A7165:t2, leader=s4, voted=s4, raftlog=Memoized:s0@group-29DD907A7165-SegmentedRaftLog:OPENED:c0, conf=0: peers:[s3|rpc:localhost:46863|admin:localhost:41281|client:localhost:41041|dataStream:localhost:44363|priority:0|startupRole:FOLLOWER, s4|rpc:localhost:36775|admin:localhost:35477|client:localhost:46475|dataStream:localhost:42557|priority:0|startupRole:FOLLOWER, s0|rpc:localhost:33119|admin:localhost:42011|client:localhost:45597|dataStream:localhost:34507|priority:0|startupRole:FOLLOWER, s1|rpc:localhost:43051|admin:localhost:41551|client:localhost:45233|dataStream:localhost:41779|priority:0|startupRole:FOLLOWER, s2|rpc:localhost:41201|admin:localhost:41487|client:localhost:41547|dataStream:localhost:43565|priority:0|startupRole:FOLLOWER]|listeners:[], old=null
2022-11-01 02:15:27,235 [grpc-default-executor-27] INFO  server.RaftServer$Division (RaftServerImpl.java:requestVote(1291)) - s3@group-29DD907A7165: receive requestVote(PRE_VOTE, s0, group-29DD907A7165, 2, (t:2, i:0))
2022-11-01 02:15:27,235 [grpc-default-executor-27] INFO  impl.VoteContext (VoteContext.java:log(49)) - s3@group-29DD907A7165-FOLLOWER: reject PRE_VOTE from s0: this server is a follower and still has a valid leader s4
2022-11-01 02:15:27,235 [grpc-default-executor-27] INFO  server.RaftServer$Division (RaftServerImpl.java:requestVote(1324)) - s3@group-29DD907A7165 replies to PRE_VOTE vote request: s0<-s3#0:FAIL-t2. Peer's state: s3@group-29DD907A7165:t2, leader=s4, voted=s4, raftlog=Memoized:s3@group-29DD907A7165-SegmentedRaftLog:OPENED:c0, conf=0: peers:[s3|rpc:localhost:46863|admin:localhost:41281|client:localhost:41041|dataStream:localhost:44363|priority:0|startupRole:FOLLOWER, s4|rpc:localhost:36775|admin:localhost:35477|client:localhost:46475|dataStream:localhost:42557|priority:0|startupRole:FOLLOWER, s0|rpc:localhost:33119|admin:localhost:42011|client:localhost:45597|dataStream:localhost:34507|priority:0|startupRole:FOLLOWER, s1|rpc:localhost:43051|admin:localhost:41551|client:localhost:45233|dataStream:localhost:41779|priority:0|startupRole:FOLLOWER, s2|rpc:localhost:41201|admin:localhost:41487|client:localhost:41547|dataStream:localhost:43565|priority:0|startupRole:FOLLOWER]|listeners:[], old=null
2022-11-01 02:15:27,235 [grpc-default-executor-27] INFO  server.RaftServer$Division (RaftServerImpl.java:requestVote(1291)) - s4@group-29DD907A7165: receive requestVote(PRE_VOTE, s0, group-29DD907A7165, 2, (t:2, i:0))
2022-11-01 02:15:27,236 [grpc-default-executor-27] INFO  impl.VoteContext (VoteContext.java:log(49)) - s4@group-29DD907A7165-LEADER: reject PRE_VOTE from s0: this server is the leader and still has leadership
2022-11-01 02:15:27,236 [grpc-default-executor-27] INFO  server.RaftServer$Division (RaftServerImpl.java:requestVote(1324)) - s4@group-29DD907A7165 replies to PRE_VOTE vote request: s0<-s4#0:FAIL-t2. Peer's state: s4@group-29DD907A7165:t2, leader=s4, voted=s4, raftlog=Memoized:s4@group-29DD907A7165-SegmentedRaftLog:OPENED:c0, conf=0: peers:[s3|rpc:localhost:46863|admin:localhost:41281|client:localhost:41041|dataStream:localhost:44363|priority:0|startupRole:FOLLOWER, s4|rpc:localhost:36775|admin:localhost:35477|client:localhost:46475|dataStream:localhost:42557|priority:0|startupRole:FOLLOWER, s0|rpc:localhost:33119|admin:localhost:42011|client:localhost:45597|dataStream:localhost:34507|priority:0|startupRole:FOLLOWER, s1|rpc:localhost:43051|admin:localhost:41551|client:localhost:45233|dataStream:localhost:41779|priority:0|startupRole:FOLLOWER, s2|rpc:localhost:41201|admin:localhost:41487|client:localhost:41547|dataStream:localhost:43565|priority:0|startupRole:FOLLOWER]|listeners:[], old=null
2022-11-01 02:15:27,236 [s0@group-29DD907A7165-LeaderElection58] INFO  impl.LeaderElection (LeaderElection.java:logAndReturn(89)) - s0@group-29DD907A7165-LeaderElection58: PRE_VOTE REJECTED received 1 response(s) and 0 exception(s):
2022-11-01 02:15:27,236 [s0@group-29DD907A7165-LeaderElection58] INFO  impl.LeaderElection (LeaderElection.java:logAndReturn(93)) -   Response 0: s0<-s4#0:FAIL-t2
2022-11-01 02:15:27,237 [s0@group-29DD907A7165-LeaderElection58] INFO  impl.LeaderElection (LeaderElection.java:askForVotes(311)) - s0@group-29DD907A7165-LeaderElection58 PRE_VOTE round 0: result REJECTED
2022-11-01 02:15:27,240 [grpc-default-executor-27] INFO  server.RaftServer$Division (RaftServerImpl.java:requestVote(1291)) - s2@group-29DD907A7165: receive requestVote(PRE_VOTE, s0, group-29DD907A7165, 2, (t:2, i:0))
2022-11-01 02:15:27,240 [grpc-default-executor-27] INFO  impl.VoteContext (VoteContext.java:log(49)) - s2@group-29DD907A7165-FOLLOWER: reject PRE_VOTE from s0: this server is a follower and still has a valid leader s4
2022-11-01 02:15:27,240 [grpc-default-executor-27] INFO  server.RaftServer$Division (RaftServerImpl.java:requestVote(1324)) - s2@group-29DD907A7165 replies to PRE_VOTE vote request: s0<-s2#0:FAIL-t2. Peer's state: s2@group-29DD907A7165:t2, leader=s4, voted=s4, raftlog=Memoized:s2@group-29DD907A7165-SegmentedRaftLog:OPENED:c0, conf=0: peers:[s3|rpc:localhost:46863|admin:localhost:41281|client:localhost:41041|dataStream:localhost:44363|priority:0|startupRole:FOLLOWER, s4|rpc:localhost:36775|admin:localhost:35477|client:localhost:46475|dataStream:localhost:42557|priority:0|startupRole:FOLLOWER, s0|rpc:localhost:33119|admin:localhost:42011|client:localhost:45597|dataStream:localhost:34507|priority:0|startupRole:FOLLOWER, s1|rpc:localhost:43051|admin:localhost:41551|client:localhost:45233|dataStream:localhost:41779|priority:0|startupRole:FOLLOWER, s2|rpc:localhost:41201|admin:localhost:41487|client:localhost:41547|dataStream:localhost:43565|priority:0|startupRole:FOLLOWER]|listeners:[], old=null
2022-11-01 02:15:27,240 [grpc-default-executor-27] INFO  server.RaftServer$Division (RaftServerImpl.java:requestVote(1291)) - s1@group-29DD907A7165: receive requestVote(PRE_VOTE, s0, group-29DD907A7165, 2, (t:2, i:0))
2022-11-01 02:15:27,240 [grpc-default-executor-27] INFO  impl.VoteContext (VoteContext.java:log(49)) - s1@group-29DD907A7165-FOLLOWER: accept PRE_VOTE from s0: our last entry (t:1, i:0) < candidate's last entry (t:2, i:0)
2022-11-01 02:15:27,240 [grpc-default-executor-27] INFO  server.RaftServer$Division (RaftServerImpl.java:requestVote(1324)) - s1@group-29DD907A7165 replies to PRE_VOTE vote request: s0<-s1#0:OK-t2. Peer's state: s1@group-29DD907A7165:t2, leader=null, voted=null, raftlog=Memoized:s1@group-29DD907A7165-SegmentedRaftLog:OPENED:c0, conf=0: peers:[s3|rpc:localhost:46863|admin:localhost:41281|client:localhost:41041|dataStream:localhost:44363|priority:0|startupRole:FOLLOWER, s4|rpc:localhost:36775|admin:localhost:35477|client:localhost:46475|dataStream:localhost:42557|priority:0|startupRole:FOLLOWER, s0|rpc:localhost:33119|admin:localhost:42011|client:localhost:45597|dataStream:localhost:34507|priority:0|startupRole:FOLLOWER, s1|rpc:localhost:43051|admin:localhost:41551|client:localhost:45233|dataStream:localhost:41779|priority:0|startupRole:FOLLOWER, s2|rpc:localhost:41201|admin:localhost:41487|client:localhost:41547|dataStream:localhost:43565|priority:0|startupRole:FOLLOWER]|listeners:[], old=null
2022-11-01 02:15:27,284 [grpc-default-executor-20] INFO  util.CodeInjectionForTesting (BlockRequestHandlingInjection.java:execute(84)) - s1: unBlock request from s2
2022-11-01 02:15:27,284 [grpc-default-executor-20] INFO  server.RaftServer$Division (RaftServerImpl.java:requestVote(1291)) - s1@group-29DD907A7165: receive requestVote(PRE_VOTE, s2, group-29DD907A7165, 2, (t:2, i:0))
2022-11-01 02:15:27,284 [grpc-default-executor-20] INFO  impl.VoteContext (VoteContext.java:log(49)) - s1@group-29DD907A7165-FOLLOWER: accept PRE_VOTE from s2: our last entry (t:1, i:0) < candidate's last entry (t:2, i:0)
2022-11-01 02:15:27,284 [grpc-default-executor-20] INFO  server.RaftServer$Division (RaftServerImpl.java:requestVote(1324)) - s1@group-29DD907A7165 replies to PRE_VOTE vote request: s2<-s1#0:OK-t2. Peer's state: s1@group-29DD907A7165:t2, leader=null, voted=null, raftlog=Memoized:s1@group-29DD907A7165-SegmentedRaftLog:OPENED:c0, conf=0: peers:[s3|rpc:localhost:46863|admin:localhost:41281|client:localhost:41041|dataStream:localhost:44363|priority:0|startupRole:FOLLOWER, s4|rpc:localhost:36775|admin:localhost:35477|client:localhost:46475|dataStream:localhost:42557|priority:0|startupRole:FOLLOWER, s0|rpc:localhost:33119|admin:localhost:42011|client:localhost:45597|dataStream:localhost:34507|priority:0|startupRole:FOLLOWER, s1|rpc:localhost:43051|admin:localhost:41551|client:localhost:45233|dataStream:localhost:41779|priority:0|startupRole:FOLLOWER, s2|rpc:localhost:41201|admin:localhost:41487|client:localhost:41547|dataStream:localhost:43565|priority:0|startupRole:FOLLOWER]|listeners:[], old=null
2022-11-01 02:15:27,322 [s1-server-thread3] INFO  util.CodeInjectionForTesting (BlockRequestHandlingInjection.java:execute(84)) - s1: unBlock request from s4
2022-11-01 02:15:27,322 [s1-server-thread3] INFO  server.RaftServer$Division (ServerState.java:setLeader(259)) - s1@group-29DD907A7165: change Leader from null to s4 at term 2 for appendEntries, leader elected after 814ms
2022-11-01 02:15:27,322 [s1-server-thread3] INFO  server.RaftServer$Division (RaftServerImpl.java:checkInconsistentAppendEntries(1599)) - s1@group-29DD907A7165: Failed appendEntries as previous log entry ((t:2, i:0)) is not found
2022-11-01 02:15:27,322 [s1-server-thread3] INFO  server.RaftServer$Division (RaftServerImpl.java:checkInconsistentAppendEntries(1569)) - s1@group-29DD907A7165: inconsistency entries. Reply:s4<-s1#269:FAIL-t2,INCONSISTENCY,nextIndex=0,followerCommit=0,matchIndex=-1
2022-11-01 02:15:27,323 [s1-server-thread3] INFO  server.RaftServer$Division (RaftServerImpl.java:checkInconsistentAppendEntries(1599)) - s1@group-29DD907A7165: Failed appendEntries as previous log entry ((t:2, i:0)) is not found
2022-11-01 02:15:27,323 [s1-server-thread3] INFO  server.RaftServer$Division (RaftServerImpl.java:checkInconsistentAppendEntries(1569)) - s1@group-29DD907A7165: inconsistency entries. Reply:s4<-s1#270:FAIL-t2,INCONSISTENCY,nextIndex=0,followerCommit=0,matchIndex=-1
2022-11-01 02:15:27,323 [grpc-default-executor-27] INFO  leader.FollowerInfo (FollowerInfoImpl.java:lambda$new$0(48)) - s4@group-29DD907A7165->s1: nextIndex: updateUnconditionally 1 -> 0
2022-11-01 02:15:27,323 [s1-server-thread3] INFO  server.RaftServer$Division (RaftServerImpl.java:checkInconsistentAppendEntries(1599)) - s1@group-29DD907A7165: Failed appendEntries as previous log entry ((t:2, i:0)) is not found
2022-11-01 02:15:27,323 [s1-server-thread3] INFO  server.RaftServer$Division (RaftServerImpl.java:checkInconsistentAppendEntries(1569)) - s1@group-29DD907A7165: inconsistency entries. Reply:s4<-s1#271:FAIL-t2,INCONSISTENCY,nextIndex=0,followerCommit=0,matchIndex=-1
2022-11-01 02:15:27,323 [grpc-default-executor-24] INFO  leader.FollowerInfo (FollowerInfoImpl.java:lambda$new$0(48)) - s4@group-29DD907A7165->s1: nextIndex: updateUnconditionally 1 -> 0
2022-11-01 02:15:27,324 [s1-server-thread3] DEBUG server.RaftServer$Division (RaftServerImpl.java:logAppendEntries(1418)) - s1@group-29DD907A7165: receive appendEntries(s4, 2, null, 0, true, commits:[s4:c0, s3:c0, s0:c0, s1:c0, s2:c0], cId:277, entries: [(t:2, i:0), CONFIGURATIONENTRY(current:id: "s3"
address: "localhost:46863"
dataStreamAddress: "localhost:44363"
clientAddress: "localhost:41041"
adminAddress: "localhost:41281"
startupRole: FOLLOWER
,id: "s4"
address: "localhost:36775"
dataStreamAddress: "localhost:42557"
clientAddress: "localhost:46475"
adminAddress: "localhost:35477"
startupRole: FOLLOWER
,id: "s0"
address: "localhost:33119"
dataStreamAddress: "localhost:34507"
clientAddress: "localhost:45597"
adminAddress: "localhost:42011"
startupRole: FOLLOWER
,id: "s1"
address: "localhost:43051"
dataStreamAddress: "localhost:41779"
clientAddress: "localhost:45233"
adminAddress: "localhost:41551"
startupRole: FOLLOWER
,id: "s2"
address: "localhost:41201"
dataStreamAddress: "localhost:43565"
clientAddress: "localhost:41547"
adminAddress: "localhost:41487"
startupRole: FOLLOWER
, old:)]
2022-11-01 02:15:27,324 [s1-server-thread3] INFO  server.RaftServer$Division (RaftServerImpl.java:checkInconsistentAppendEntries(1589)) - s1@group-29DD907A7165: Failed appendEntries as the first entry (index 0) already exists (snapshotIndex: -1, commitIndex: 0)
2022-11-01 02:15:27,324 [s1-server-thread3] INFO  server.RaftServer$Division (RaftServerImpl.java:checkInconsistentAppendEntries(1569)) - s1@group-29DD907A7165: inconsistency entries. Reply:s4<-s1#277:FAIL-t2,INCONSISTENCY,nextIndex=1,followerCommit=0,matchIndex=-1
2022-11-01 02:15:27,324 [s1-server-thread3] INFO  server.RaftServer$Division (RaftServerImpl.java:checkInconsistentAppendEntries(1599)) - s1@group-29DD907A7165: Failed appendEntries as previous log entry ((t:2, i:0)) is not found
2022-11-01 02:15:27,324 [s1-server-thread3] INFO  server.RaftServer$Division (RaftServerImpl.java:checkInconsistentAppendEntries(1569)) - s1@group-29DD907A7165: inconsistency entries. Reply:s4<-s1#272:FAIL-t2,INCONSISTENCY,nextIndex=0,followerCommit=0,matchIndex=-1
2022-11-01 02:15:27,325 [s1-server-thread3] INFO  server.RaftServer$Division (RaftServerImpl.java:checkInconsistentAppendEntries(1599)) - s1@group-29DD907A7165: Failed appendEntries as previous log entry ((t:2, i:0)) is not found
2022-11-01 02:15:27,325 [s1-server-thread3] INFO  server.RaftServer$Division (RaftServerImpl.java:checkInconsistentAppendEntries(1569)) - s1@group-29DD907A7165: inconsistency entries. Reply:s4<-s1#273:FAIL-t2,INCONSISTENCY,nextIndex=0,followerCommit=0,matchIndex=-1
2022-11-01 02:15:27,325 [grpc-default-executor-20] INFO  leader.FollowerInfo (FollowerInfoImpl.java:lambda$new$0(48)) - s4@group-29DD907A7165->s1: nextIndex: updateUnconditionally 1 -> 0
2022-11-01 02:15:27,325 [grpc-default-executor-24] INFO  leader.FollowerInfo (FollowerInfoImpl.java:lambda$new$0(48)) - s4@group-29DD907A7165->s1: nextIndex: updateUnconditionally 0 -> 1
2022-11-01 02:15:27,325 [s1-server-thread3] DEBUG server.RaftServer$Division (RaftServerImpl.java:logAppendEntries(1418)) - s1@group-29DD907A7165: receive appendEntries(s4, 2, null, 0, true, commits:[s4:c0, s3:c0, s0:c0, s1:c0, s2:c0], cId:278, entries: [(t:2, i:0), CONFIGURATIONENTRY(current:id: "s3"
address: "localhost:46863"
dataStreamAddress: "localhost:44363"
clientAddress: "localhost:41041"
adminAddress: "localhost:41281"
startupRole: FOLLOWER
,id: "s4"
address: "localhost:36775"
dataStreamAddress: "localhost:42557"
clientAddress: "localhost:46475"
adminAddress: "localhost:35477"
startupRole: FOLLOWER
,id: "s0"
address: "localhost:33119"
dataStreamAddress: "localhost:34507"
clientAddress: "localhost:45597"
adminAddress: "localhost:42011"
startupRole: FOLLOWER
,id: "s1"
address: "localhost:43051"
dataStreamAddress: "localhost:41779"
clientAddress: "localhost:45233"
adminAddress: "localhost:41551"
startupRole: FOLLOWER
,id: "s2"
address: "localhost:41201"
dataStreamAddress: "localhost:43565"
clientAddress: "localhost:41547"
adminAddress: "localhost:41487"
startupRole: FOLLOWER
, old:)]
2022-11-01 02:15:27,325 [s1-server-thread3] INFO  server.RaftServer$Division (RaftServerImpl.java:checkInconsistentAppendEntries(1589)) - s1@group-29DD907A7165: Failed appendEntries as the first entry (index 0) already exists (snapshotIndex: -1, commitIndex: 0)
2022-11-01 02:15:27,325 [s1-server-thread3] INFO  server.RaftServer$Division (RaftServerImpl.java:checkInconsistentAppendEntries(1569)) - s1@group-29DD907A7165: inconsistency entries. Reply:s4<-s1#278:FAIL-t2,INCONSISTENCY,nextIndex=1,followerCommit=0,matchIndex=-1
2022-11-01 02:15:27,325 [grpc-default-executor-24] INFO  leader.FollowerInfo (FollowerInfoImpl.java:lambda$new$0(48)) - s4@group-29DD907A7165->s1: nextIndex: updateUnconditionally 1 -> 0
2022-11-01 02:15:27,326 [s1-server-thread3] INFO  server.RaftServer$Division (RaftServerImpl.java:checkInconsistentAppendEntries(1599)) - s1@group-29DD907A7165: Failed appendEntries as previous log entry ((t:2, i:0)) is not found
2022-11-01 02:15:27,326 [s1-server-thread3] INFO  server.RaftServer$Division (RaftServerImpl.java:checkInconsistentAppendEntries(1569)) - s1@group-29DD907A7165: inconsistency entries. Reply:s4<-s1#274:FAIL-t2,INCONSISTENCY,nextIndex=0,followerCommit=0,matchIndex=-1
2022-11-01 02:15:27,326 [s1-server-thread3] INFO  server.RaftServer$Division (RaftServerImpl.java:checkInconsistentAppendEntries(1599)) - s1@group-29DD907A7165: Failed appendEntries as previous log entry ((t:2, i:0)) is not found
2022-11-01 02:15:27,326 [s1-server-thread3] INFO  server.RaftServer$Division (RaftServerImpl.java:checkInconsistentAppendEntries(1569)) - s1@group-29DD907A7165: inconsistency entries. Reply:s4<-s1#275:FAIL-t2,INCONSISTENCY,nextIndex=0,followerCommit=0,matchIndex=-1
2022-11-01 02:15:27,327 [grpc-default-executor-24] INFO  leader.FollowerInfo (FollowerInfoImpl.java:lambda$new$0(48)) - s4@group-29DD907A7165->s1: nextIndex: updateUnconditionally 1 -> 1
2022-11-01 02:15:27,327 [grpc-default-executor-27] INFO  leader.FollowerInfo (FollowerInfoImpl.java:lambda$new$0(48)) - s4@group-29DD907A7165->s1: nextIndex: updateUnconditionally 1 -> 0
2022-11-01 02:15:27,327 [grpc-default-executor-27] INFO  leader.FollowerInfo (FollowerInfoImpl.java:lambda$new$0(48)) - s4@group-29DD907A7165->s1: nextIndex: updateUnconditionally 1 -> 0
2022-11-01 02:15:27,327 [grpc-default-executor-27] INFO  leader.FollowerInfo (FollowerInfoImpl.java:lambda$new$0(48)) - s4@group-29DD907A7165->s1: nextIndex: updateUnconditionally 1 -> 0
2022-11-01 02:15:27,327 [s1-server-thread3] INFO  server.RaftServer$Division (RaftServerImpl.java:checkInconsistentAppendEntries(1599)) - s1@group-29DD907A7165: Failed appendEntries as previous log entry ((t:2, i:0)) is not found
2022-11-01 02:15:27,327 [s1-server-thread3] INFO  server.RaftServer$Division (RaftServerImpl.java:checkInconsistentAppendEntries(1569)) - s1@group-29DD907A7165: inconsistency entries. Reply:s4<-s1#276:FAIL-t2,INCONSISTENCY,nextIndex=0,followerCommit=0,matchIndex=-1
2022-11-01 02:15:27,328 [s1-server-thread3] DEBUG server.RaftServer$Division (RaftServerImpl.java:logAppendEntries(1418)) - s1@group-29DD907A7165: receive appendEntries(s4, 2, null, 0, true, commits:[s4:c0, s3:c0, s0:c0, s1:c0, s2:c0], cId:280, entries: [(t:2, i:0), CONFIGURATIONENTRY(current:id: "s3"
address: "localhost:46863"
dataStreamAddress: "localhost:44363"
clientAddress: "localhost:41041"
adminAddress: "localhost:41281"
startupRole: FOLLOWER
,id: "s4"
address: "localhost:36775"
dataStreamAddress: "localhost:42557"
clientAddress: "localhost:46475"
adminAddress: "localhost:35477"
startupRole: FOLLOWER
,id: "s0"
address: "localhost:33119"
dataStreamAddress: "localhost:34507"
clientAddress: "localhost:45597"
adminAddress: "localhost:42011"
startupRole: FOLLOWER
,id: "s1"
address: "localhost:43051"
dataStreamAddress: "localhost:41779"
clientAddress: "localhost:45233"
adminAddress: "localhost:41551"
startupRole: FOLLOWER
,id: "s2"
address: "localhost:41201"
dataStreamAddress: "localhost:43565"
clientAddress: "localhost:41547"
adminAddress: "localhost:41487"
startupRole: FOLLOWER
, old:)]
2022-11-01 02:15:27,328 [s1-server-thread3] INFO  server.RaftServer$Division (RaftServerImpl.java:checkInconsistentAppendEntries(1589)) - s1@group-29DD907A7165: Failed appendEntries as the first entry (index 0) already exists (snapshotIndex: -1, commitIndex: 0)
2022-11-01 02:15:27,328 [s1-server-thread3] INFO  server.RaftServer$Division (RaftServerImpl.java:checkInconsistentAppendEntries(1569)) - s1@group-29DD907A7165: inconsistency entries. Reply:s4<-s1#280:FAIL-t2,INCONSISTENCY,nextIndex=1,followerCommit=0,matchIndex=-1
2022-11-01 02:15:27,328 [s1-server-thread3] DEBUG server.RaftServer$Division (RaftServerImpl.java:logAppendEntries(1418)) - s1@group-29DD907A7165: receive appendEntries(s4, 2, null, 0, true, commits:[s4:c0, s3:c0, s0:c0, s1:c0, s2:c0], cId:281, entries: [(t:2, i:0), CONFIGURATIONENTRY(current:id: "s3"
address: "localhost:46863"
dataStreamAddress: "localhost:44363"
clientAddress: "localhost:41041"
adminAddress: "localhost:41281"
startupRole: FOLLOWER
,id: "s4"
address: "localhost:36775"
dataStreamAddress: "localhost:42557"
clientAddress: "localhost:46475"
adminAddress: "localhost:35477"
startupRole: FOLLOWER
,id: "s0"
address: "localhost:33119"
dataStreamAddress: "localhost:34507"
clientAddress: "localhost:45597"
adminAddress: "localhost:42011"
startupRole: FOLLOWER
,id: "s1"
address: "localhost:43051"
dataStreamAddress: "localhost:41779"
clientAddress: "localhost:45233"
adminAddress: "localhost:41551"
startupRole: FOLLOWER
,id: "s2"
address: "localhost:41201"
dataStreamAddress: "localhost:43565"
clientAddress: "localhost:41547"
adminAddress: "localhost:41487"
startupRole: FOLLOWER
, old:)]
2022-11-01 02:15:27,328 [s1-server-thread3] INFO  server.RaftServer$Division (RaftServerImpl.java:checkInconsistentAppendEntries(1589)) - s1@group-29DD907A7165: Failed appendEntries as the first entry (index 0) already exists (snapshotIndex: -1, commitIndex: 0)
2022-11-01 02:15:27,328 [s1-server-thread3] INFO  server.RaftServer$Division (RaftServerImpl.java:checkInconsistentAppendEntries(1569)) - s1@group-29DD907A7165: inconsistency entries. Reply:s4<-s1#281:FAIL-t2,INCONSISTENCY,nextIndex=1,followerCommit=0,matchIndex=-1
2022-11-01 02:15:27,329 [s1-server-thread3] DEBUG server.RaftServer$Division (RaftServerImpl.java:logAppendEntries(1418)) - s1@group-29DD907A7165: receive appendEntries(s4, 2, null, 0, true, commits:[s4:c0, s3:c0, s0:c0, s1:c0, s2:c0], cId:282, entries: [(t:2, i:0), CONFIGURATIONENTRY(current:id: "s3"
address: "localhost:46863"
dataStreamAddress: "localhost:44363"
clientAddress: "localhost:41041"
adminAddress: "localhost:41281"
startupRole: FOLLOWER
,id: "s4"
address: "localhost:36775"
dataStreamAddress: "localhost:42557"
clientAddress: "localhost:46475"
adminAddress: "localhost:35477"
startupRole: FOLLOWER
,id: "s0"
address: "localhost:33119"
dataStreamAddress: "localhost:34507"
clientAddress: "localhost:45597"
adminAddress: "localhost:42011"
startupRole: FOLLOWER
,id: "s1"
address: "localhost:43051"
dataStreamAddress: "localhost:41779"
clientAddress: "localhost:45233"
adminAddress: "localhost:41551"
startupRole: FOLLOWER
,id: "s2"
address: "localhost:41201"
dataStreamAddress: "localhost:43565"
clientAddress: "localhost:41547"
adminAddress: "localhost:41487"
startupRole: FOLLOWER
, old:)]
2022-11-01 02:15:27,329 [s1-server-thread3] INFO  server.RaftServer$Division (RaftServerImpl.java:checkInconsistentAppendEntries(1589)) - s1@group-29DD907A7165: Failed appendEntries as the first entry (index 0) already exists (snapshotIndex: -1, commitIndex: 0)
2022-11-01 02:15:27,329 [s1-server-thread3] INFO  server.RaftServer$Division (RaftServerImpl.java:checkInconsistentAppendEntries(1569)) - s1@group-29DD907A7165: inconsistency entries. Reply:s4<-s1#282:FAIL-t2,INCONSISTENCY,nextIndex=1,followerCommit=0,matchIndex=-1
2022-11-01 02:15:27,332 [grpc-default-executor-24] INFO  leader.FollowerInfo (FollowerInfoImpl.java:lambda$new$0(48)) - s4@group-29DD907A7165->s1: nextIndex: updateUnconditionally 1 -> 0
2022-11-01 02:15:27,332 [grpc-default-executor-27] INFO  leader.FollowerInfo (FollowerInfoImpl.java:lambda$new$0(48)) - s4@group-29DD907A7165->s1: nextIndex: updateUnconditionally 0 -> 1
2022-11-01 02:15:27,332 [s1-server-thread3] DEBUG server.RaftServer$Division (RaftServerImpl.java:logAppendEntries(1418)) - s1@group-29DD907A7165: receive appendEntries(s4, 2, null, 0, true, commits:[s4:c0, s3:c0, s0:c0, s1:c0, s2:c0], cId:283, entries: [(t:2, i:0), CONFIGURATIONENTRY(current:id: "s3"
address: "localhost:46863"
dataStreamAddress: "localhost:44363"
clientAddress: "localhost:41041"
adminAddress: "localhost:41281"
startupRole: FOLLOWER
,id: "s4"
address: "localhost:36775"
dataStreamAddress: "localhost:42557"
clientAddress: "localhost:46475"
adminAddress: "localhost:35477"
startupRole: FOLLOWER
,id: "s0"
address: "localhost:33119"
dataStreamAddress: "localhost:34507"
clientAddress: "localhost:45597"
adminAddress: "localhost:42011"
startupRole: FOLLOWER
,id: "s1"
address: "localhost:43051"
dataStreamAddress: "localhost:41779"
clientAddress: "localhost:45233"
adminAddress: "localhost:41551"
startupRole: FOLLOWER
,id: "s2"
address: "localhost:41201"
dataStreamAddress: "localhost:43565"
clientAddress: "localhost:41547"
adminAddress: "localhost:41487"
startupRole: FOLLOWER
, old:)]
2022-11-01 02:15:27,332 [s1-server-thread3] INFO  server.RaftServer$Division (RaftServerImpl.java:checkInconsistentAppendEntries(1589)) - s1@group-29DD907A7165: Failed appendEntries as the first entry (index 0) already exists (snapshotIndex: -1, commitIndex: 0)
2022-11-01 02:15:27,332 [s1-server-thread3] INFO  server.RaftServer$Division (RaftServerImpl.java:checkInconsistentAppendEntries(1569)) - s1@group-29DD907A7165: inconsistency entries. Reply:s4<-s1#283:FAIL-t2,INCONSISTENCY,nextIndex=1,followerCommit=0,matchIndex=-1
2022-11-01 02:15:27,336 [grpc-default-executor-27] INFO  leader.FollowerInfo (FollowerInfoImpl.java:lambda$new$0(48)) - s4@group-29DD907A7165->s1: nextIndex: updateUnconditionally 1 -> 1
2022-11-01 02:15:27,336 [grpc-default-executor-27] INFO  leader.FollowerInfo (FollowerInfoImpl.java:lambda$new$0(48)) - s4@group-29DD907A7165->s1: nextIndex: updateUnconditionally 1 -> 1
2022-11-01 02:15:27,337 [grpc-default-executor-27] INFO  leader.FollowerInfo (FollowerInfoImpl.java:lambda$new$0(48)) - s4@group-29DD907A7165->s1: nextIndex: updateUnconditionally 1 -> 1
2022-11-01 02:15:27,413 [s1-server-thread3] INFO  server.RaftServer$Division (RaftServerImpl.java:checkInconsistentAppendEntries(1599)) - s1@group-29DD907A7165: Failed appendEntries as previous log entry ((t:2, i:0)) is not found
2022-11-01 02:15:27,413 [s1-server-thread3] INFO  server.RaftServer$Division (RaftServerImpl.java:checkInconsistentAppendEntries(1569)) - s1@group-29DD907A7165: inconsistency entries. Reply:s4<-s1#285:FAIL-t2,INCONSISTENCY,nextIndex=0,followerCommit=0,matchIndex=-1
2022-11-01 02:15:27,414 [grpc-default-executor-27] INFO  leader.FollowerInfo (FollowerInfoImpl.java:lambda$new$0(48)) - s4@group-29DD907A7165->s1: nextIndex: updateUnconditionally 1 -> 0
2022-11-01 02:15:27,416 [s1-server-thread3] DEBUG server.RaftServer$Division (RaftServerImpl.java:logAppendEntries(1418)) - s1@group-29DD907A7165: receive appendEntries(s4, 2, null, 0, true, commits:[s4:c0, s3:c0, s0:c0, s1:c0, s2:c0], cId:286, entries: [(t:2, i:0), CONFIGURATIONENTRY(current:id: "s3"
address: "localhost:46863"
dataStreamAddress: "localhost:44363"
clientAddress: "localhost:41041"
adminAddress: "localhost:41281"
startupRole: FOLLOWER
,id: "s4"
address: "localhost:36775"
dataStreamAddress: "localhost:42557"
clientAddress: "localhost:46475"
adminAddress: "localhost:35477"
startupRole: FOLLOWER
,id: "s0"
address: "localhost:33119"
dataStreamAddress: "localhost:34507"
clientAddress: "localhost:45597"
adminAddress: "localhost:42011"
startupRole: FOLLOWER
,id: "s1"
address: "localhost:43051"
dataStreamAddress: "localhost:41779"
clientAddress: "localhost:45233"
adminAddress: "localhost:41551"
startupRole: FOLLOWER
,id: "s2"
address: "localhost:41201"
dataStreamAddress: "localhost:43565"
clientAddress: "localhost:41547"
adminAddress: "localhost:41487"
startupRole: FOLLOWER
, old:)]
2022-11-01 02:15:27,416 [s1-server-thread3] INFO  server.RaftServer$Division (RaftServerImpl.java:checkInconsistentAppendEntries(1589)) - s1@group-29DD907A7165: Failed appendEntries as the first entry (index 0) already exists (snapshotIndex: -1, commitIndex: 0)
2022-11-01 02:15:27,416 [s1-server-thread3] INFO  server.RaftServer$Division (RaftServerImpl.java:checkInconsistentAppendEntries(1569)) - s1@group-29DD907A7165: inconsistency entries. Reply:s4<-s1#286:FAIL-t2,INCONSISTENCY,nextIndex=1,followerCommit=0,matchIndex=-1
2022-11-01 02:15:27,416 [grpc-default-executor-27] INFO  leader.FollowerInfo (FollowerInfoImpl.java:lambda$new$0(48)) - s4@group-29DD907A7165->s1: nextIndex: updateUnconditionally 1 -> 1
2022-11-01 02:15:27,493 [s1-server-thread3] INFO  server.RaftServer$Division (RaftServerImpl.java:checkInconsistentAppendEntries(1599)) - s1@group-29DD907A7165: Failed appendEntries as previous log entry ((t:2, i:0)) is not found
2022-11-01 02:15:27,493 [s1-server-thread3] INFO  server.RaftServer$Division (RaftServerImpl.java:checkInconsistentAppendEntries(1569)) - s1@group-29DD907A7165: inconsistency entries. Reply:s4<-s1#287:FAIL-t2,INCONSISTENCY,nextIndex=0,followerCommit=0,matchIndex=-1
2022-11-01 02:15:27,493 [grpc-default-executor-27] INFO  leader.FollowerInfo (FollowerInfoImpl.java:lambda$new$0(48)) - s4@group-29DD907A7165->s1: nextIndex: updateUnconditionally 1 -> 0
2022-11-01 02:15:27,494 [s1-server-thread3] DEBUG server.RaftServer$Division (RaftServerImpl.java:logAppendEntries(1418)) - s1@group-29DD907A7165: receive appendEntries(s4, 2, null, 0, true, commits:[s4:c0, s3:c0, s0:c0, s1:c0, s2:c0], cId:288, entries: [(t:2, i:0), CONFIGURATIONENTRY(current:id: "s3"
address: "localhost:46863"
dataStreamAddress: "localhost:44363"
clientAddress: "localhost:41041"
adminAddress: "localhost:41281"
startupRole: FOLLOWER
,id: "s4"
address: "localhost:36775"
dataStreamAddress: "localhost:42557"
clientAddress: "localhost:46475"
adminAddress: "localhost:35477"
startupRole: FOLLOWER
,id: "s0"
address: "localhost:33119"
dataStreamAddress: "localhost:34507"
clientAddress: "localhost:45597"
adminAddress: "localhost:42011"
startupRole: FOLLOWER
,id: "s1"
address: "localhost:43051"
dataStreamAddress: "localhost:41779"
clientAddress: "localhost:45233"
adminAddress: "localhost:41551"
startupRole: FOLLOWER
,id: "s2"
address: "localhost:41201"
dataStreamAddress: "localhost:43565"
clientAddress: "localhost:41547"
adminAddress: "localhost:41487"
startupRole: FOLLOWER
, old:)]
2022-11-01 02:15:27,494 [s1-server-thread3] INFO  server.RaftServer$Division (RaftServerImpl.java:checkInconsistentAppendEntries(1589)) - s1@group-29DD907A7165: Failed appendEntries as the first entry (index 0) already exists (snapshotIndex: -1, commitIndex: 0)
2022-11-01 02:15:27,494 [s1-server-thread3] INFO  server.RaftServer$Division (RaftServerImpl.java:checkInconsistentAppendEntries(1569)) - s1@group-29DD907A7165: inconsistency entries. Reply:s4<-s1#288:FAIL-t2,INCONSISTENCY,nextIndex=1,followerCommit=0,matchIndex=-1
2022-11-01 02:15:27,495 [grpc-default-executor-27] INFO  leader.FollowerInfo (FollowerInfoImpl.java:lambda$new$0(48)) - s4@group-29DD907A7165->s1: nextIndex: updateUnconditionally 1 -> 1
2022-11-01 02:15:27,571 [s1-server-thread3] INFO  server.RaftServer$Division (RaftServerImpl.java:checkInconsistentAppendEntries(1599)) - s1@group-29DD907A7165: Failed appendEntries as previous log entry ((t:2, i:0)) is not found
2022-11-01 02:15:27,571 [s1-server-thread3] INFO  server.RaftServer$Division (RaftServerImpl.java:checkInconsistentAppendEntries(1569)) - s1@group-29DD907A7165: inconsistency entries. Reply:s4<-s1#289:FAIL-t2,INCONSISTENCY,nextIndex=0,followerCommit=0,matchIndex=-1
2022-11-01 02:15:27,571 [grpc-default-executor-27] INFO  leader.FollowerInfo (FollowerInfoImpl.java:lambda$new$0(48)) - s4@group-29DD907A7165->s1: nextIndex: updateUnconditionally 1 -> 0
2022-11-01 02:15:27,572 [s1-server-thread3] DEBUG server.RaftServer$Division (RaftServerImpl.java:logAppendEntries(1418)) - s1@group-29DD907A7165: receive appendEntries(s4, 2, null, 0, true, commits:[s4:c0, s3:c0, s0:c0, s1:c0, s2:c0], cId:290, entries: [(t:2, i:0), CONFIGURATIONENTRY(current:id: "s3"
address: "localhost:46863"
dataStreamAddress: "localhost:44363"
clientAddress: "localhost:41041"
adminAddress: "localhost:41281"
startupRole: FOLLOWER
,id: "s4"
address: "localhost:36775"
dataStreamAddress: "localhost:42557"
clientAddress: "localhost:46475"
adminAddress: "localhost:35477"
startupRole: FOLLOWER
,id: "s0"
address: "localhost:33119"
dataStreamAddress: "localhost:34507"
clientAddress: "localhost:45597"
adminAddress: "localhost:42011"
startupRole: FOLLOWER
,id: "s1"
address: "localhost:43051"
dataStreamAddress: "localhost:41779"
clientAddress: "localhost:45233"
adminAddress: "localhost:41551"
startupRole: FOLLOWER
,id: "s2"
address: "localhost:41201"
dataStreamAddress: "localhost:43565"
clientAddress: "localhost:41547"
adminAddress: "localhost:41487"
startupRole: FOLLOWER
, old:)]
2022-11-01 02:15:27,572 [s1-server-thread3] INFO  server.RaftServer$Division (RaftServerImpl.java:checkInconsistentAppendEntries(1589)) - s1@group-29DD907A7165: Failed appendEntries as the first entry (index 0) already exists (snapshotIndex: -1, commitIndex: 0)
2022-11-01 02:15:27,572 [s1-server-thread3] INFO  server.RaftServer$Division (RaftServerImpl.java:checkInconsistentAppendEntries(1569)) - s1@group-29DD907A7165: inconsistency entries. Reply:s4<-s1#290:FAIL-t2,INCONSISTENCY,nextIndex=1,followerCommit=0,matchIndex=-1
2022-11-01 02:15:27,573 [grpc-default-executor-27] INFO  leader.FollowerInfo (FollowerInfoImpl.java:lambda$new$0(48)) - s4@group-29DD907A7165->s1: nextIndex: updateUnconditionally 1 -> 1
2022-11-01 02:15:27,649 [s1-server-thread3] INFO  server.RaftServer$Division (RaftServerImpl.java:checkInconsistentAppendEntries(1599)) - s1@group-29DD907A7165: Failed appendEntries as previous log entry ((t:2, i:0)) is not found
2022-11-01 02:15:27,649 [s1-server-thread3] INFO  server.RaftServer$Division (RaftServerImpl.java:checkInconsistentAppendEntries(1569)) - s1@group-29DD907A7165: inconsistency entries. Reply:s4<-s1#291:FAIL-t2,INCONSISTENCY,nextIndex=0,followerCommit=0,matchIndex=-1
2022-11-01 02:15:27,649 [grpc-default-executor-27] INFO  leader.FollowerInfo (FollowerInfoImpl.java:lambda$new$0(48)) - s4@group-29DD907A7165->s1: nextIndex: updateUnconditionally 1 -> 0
2022-11-01 02:15:27,650 [s1-server-thread3] DEBUG server.RaftServer$Division (RaftServerImpl.java:logAppendEntries(1418)) - s1@group-29DD907A7165: receive appendEntries(s4, 2, null, 0, true, commits:[s4:c0, s3:c0, s0:c0, s1:c0, s2:c0], cId:292, entries: [(t:2, i:0), CONFIGURATIONENTRY(current:id: "s3"
address: "localhost:46863"
dataStreamAddress: "localhost:44363"
clientAddress: "localhost:41041"
adminAddress: "localhost:41281"
startupRole: FOLLOWER
,id: "s4"
address: "localhost:36775"
dataStreamAddress: "localhost:42557"
clientAddress: "localhost:46475"
adminAddress: "localhost:35477"
startupRole: FOLLOWER
,id: "s0"
address: "localhost:33119"
dataStreamAddress: "localhost:34507"
clientAddress: "localhost:45597"
adminAddress: "localhost:42011"
startupRole: FOLLOWER
,id: "s1"
address: "localhost:43051"
dataStreamAddress: "localhost:41779"
clientAddress: "localhost:45233"
adminAddress: "localhost:41551"
startupRole: FOLLOWER
,id: "s2"
address: "localhost:41201"
dataStreamAddress: "localhost:43565"
clientAddress: "localhost:41547"
adminAddress: "localhost:41487"
startupRole: FOLLOWER
, old:)]
2022-11-01 02:15:27,650 [s1-server-thread3] INFO  server.RaftServer$Division (RaftServerImpl.java:checkInconsistentAppendEntries(1589)) - s1@group-29DD907A7165: Failed appendEntries as the first entry (index 0) already exists (snapshotIndex: -1, commitIndex: 0)
2022-11-01 02:15:27,650 [s1-server-thread3] INFO  server.RaftServer$Division (RaftServerImpl.java:checkInconsistentAppendEntries(1569)) - s1@group-29DD907A7165: inconsistency entries. Reply:s4<-s1#292:FAIL-t2,INCONSISTENCY,nextIndex=1,followerCommit=0,matchIndex=-1
2022-11-01 02:15:27,652 [grpc-default-executor-24] INFO  leader.FollowerInfo (FollowerInfoImpl.java:lambda$new$0(48)) - s4@group-29DD907A7165->s1: nextIndex: updateUnconditionally 1 -> 1
2022-11-01 02:15:27,728 [s1-server-thread3] INFO  server.RaftServer$Division (RaftServerImpl.java:checkInconsistentAppendEntries(1599)) - s1@group-29DD907A7165: Failed appendEntries as previous log entry ((t:2, i:0)) is not found
2022-11-01 02:15:27,728 [s1-server-thread3] INFO  server.RaftServer$Division (RaftServerImpl.java:checkInconsistentAppendEntries(1569)) - s1@group-29DD907A7165: inconsistency entries. Reply:s4<-s1#293:FAIL-t2,INCONSISTENCY,nextIndex=0,followerCommit=0,matchIndex=-1
2022-11-01 02:15:27,728 [grpc-default-executor-27] INFO  leader.FollowerInfo (FollowerInfoImpl.java:lambda$new$0(48)) - s4@group-29DD907A7165->s1: nextIndex: updateUnconditionally 1 -> 0
2022-11-01 02:15:27,729 [s1-server-thread3] DEBUG server.RaftServer$Division (RaftServerImpl.java:logAppendEntries(1418)) - s1@group-29DD907A7165: receive appendEntries(s4, 2, null, 0, true, commits:[s4:c0, s3:c0, s0:c0, s1:c0, s2:c0], cId:294, entries: [(t:2, i:0), CONFIGURATIONENTRY(current:id: "s3"
address: "localhost:46863"
dataStreamAddress: "localhost:44363"
clientAddress: "localhost:41041"
adminAddress: "localhost:41281"
startupRole: FOLLOWER
,id: "s4"
address: "localhost:36775"
dataStreamAddress: "localhost:42557"
clientAddress: "localhost:46475"
adminAddress: "localhost:35477"
startupRole: FOLLOWER
,id: "s0"
address: "localhost:33119"
dataStreamAddress: "localhost:34507"
clientAddress: "localhost:45597"
adminAddress: "localhost:42011"
startupRole: FOLLOWER
,id: "s1"
address: "localhost:43051"
dataStreamAddress: "localhost:41779"
clientAddress: "localhost:45233"
adminAddress: "localhost:41551"
startupRole: FOLLOWER
,id: "s2"
address: "localhost:41201"
dataStreamAddress: "localhost:43565"
clientAddress: "localhost:41547"
adminAddress: "localhost:41487"
startupRole: FOLLOWER
, old:)]
2022-11-01 02:15:27,729 [s1-server-thread3] INFO  server.RaftServer$Division (RaftServerImpl.java:checkInconsistentAppendEntries(1589)) - s1@group-29DD907A7165: Failed appendEntries as the first entry (index 0) already exists (snapshotIndex: -1, commitIndex: 0)
2022-11-01 02:15:27,729 [s1-server-thread3] INFO  server.RaftServer$Division (RaftServerImpl.java:checkInconsistentAppendEntries(1569)) - s1@group-29DD907A7165: inconsistency entries. Reply:s4<-s1#294:FAIL-t2,INCONSISTENCY,nextIndex=1,followerCommit=0,matchIndex=-1
2022-11-01 02:15:27,730 [grpc-default-executor-27] INFO  leader.FollowerInfo (FollowerInfoImpl.java:lambda$new$0(48)) - s4@group-29DD907A7165->s1: nextIndex: updateUnconditionally 1 -> 1
2022-11-01 02:15:27,806 [s1-server-thread3] INFO  server.RaftServer$Division (RaftServerImpl.java:checkInconsistentAppendEntries(1599)) - s1@group-29DD907A7165: Failed appendEntries as previous log entry ((t:2, i:0)) is not found
2022-11-01 02:15:27,806 [s1-server-thread3] INFO  server.RaftServer$Division (RaftServerImpl.java:checkInconsistentAppendEntries(1569)) - s1@group-29DD907A7165: inconsistency entries. Reply:s4<-s1#295:FAIL-t2,INCONSISTENCY,nextIndex=0,followerCommit=0,matchIndex=-1
2022-11-01 02:15:27,806 [grpc-default-executor-27] INFO  leader.FollowerInfo (FollowerInfoImpl.java:lambda$new$0(48)) - s4@group-29DD907A7165->s1: nextIndex: updateUnconditionally 1 -> 0
2022-11-01 02:15:27,807 [s1-server-thread3] DEBUG server.RaftServer$Division (RaftServerImpl.java:logAppendEntries(1418)) - s1@group-29DD907A7165: receive appendEntries(s4, 2, null, 0, true, commits:[s4:c0, s3:c0, s0:c0, s1:c0, s2:c0], cId:296, entries: [(t:2, i:0), CONFIGURATIONENTRY(current:id: "s3"
address: "localhost:46863"
dataStreamAddress: "localhost:44363"
clientAddress: "localhost:41041"
adminAddress: "localhost:41281"
startupRole: FOLLOWER
,id: "s4"
address: "localhost:36775"
dataStreamAddress: "localhost:42557"
clientAddress: "localhost:46475"
adminAddress: "localhost:35477"
startupRole: FOLLOWER
,id: "s0"
address: "localhost:33119"
dataStreamAddress: "localhost:34507"
clientAddress: "localhost:45597"
adminAddress: "localhost:42011"
startupRole: FOLLOWER
,id: "s1"
address: "localhost:43051"
dataStreamAddress: "localhost:41779"
clientAddress: "localhost:45233"
adminAddress: "localhost:41551"
startupRole: FOLLOWER
,id: "s2"
address: "localhost:41201"
dataStreamAddress: "localhost:43565"
clientAddress: "localhost:41547"
adminAddress: "localhost:41487"
startupRole: FOLLOWER
, old:)]
2022-11-01 02:15:27,807 [s1-server-thread3] INFO  server.RaftServer$Division (RaftServerImpl.java:checkInconsistentAppendEntries(1589)) - s1@group-29DD907A7165: Failed appendEntries as the first entry (index 0) already exists (snapshotIndex: -1, commitIndex: 0)
2022-11-01 02:15:27,807 [s1-server-thread3] INFO  server.RaftServer$Division (RaftServerImpl.java:checkInconsistentAppendEntries(1569)) - s1@group-29DD907A7165: inconsistency entries. Reply:s4<-s1#296:FAIL-t2,INCONSISTENCY,nextIndex=1,followerCommit=0,matchIndex=-1
2022-11-01 02:15:27,809 [grpc-default-executor-27] INFO  leader.FollowerInfo (FollowerInfoImpl.java:lambda$new$0(48)) - s4@group-29DD907A7165->s1: nextIndex: updateUnconditionally 1 -> 1
2022-11-01 02:15:27,885 [s1-server-thread3] INFO  server.RaftServer$Division (RaftServerImpl.java:checkInconsistentAppendEntries(1599)) - s1@group-29DD907A7165: Failed appendEntries as previous log entry ((t:2, i:0)) is not found
2022-11-01 02:15:27,885 [s1-server-thread3] INFO  server.RaftServer$Division (RaftServerImpl.java:checkInconsistentAppendEntries(1569)) - s1@group-29DD907A7165: inconsistency entries. Reply:s4<-s1#297:FAIL-t2,INCONSISTENCY,nextIndex=0,followerCommit=0,matchIndex=-1
2022-11-01 02:15:27,885 [grpc-default-executor-27] INFO  leader.FollowerInfo (FollowerInfoImpl.java:lambda$new$0(48)) - s4@group-29DD907A7165->s1: nextIndex: updateUnconditionally 1 -> 0
2022-11-01 02:15:27,886 [s1-server-thread3] DEBUG server.RaftServer$Division (RaftServerImpl.java:logAppendEntries(1418)) - s1@group-29DD907A7165: receive appendEntries(s4, 2, null, 0, true, commits:[s4:c0, s3:c0, s0:c0, s1:c0, s2:c0], cId:298, entries: [(t:2, i:0), CONFIGURATIONENTRY(current:id: "s3"
address: "localhost:46863"
dataStreamAddress: "localhost:44363"
clientAddress: "localhost:41041"
adminAddress: "localhost:41281"
startupRole: FOLLOWER
,id: "s4"
address: "localhost:36775"
dataStreamAddress: "localhost:42557"
clientAddress: "localhost:46475"
adminAddress: "localhost:35477"
startupRole: FOLLOWER
,id: "s0"
address: "localhost:33119"
dataStreamAddress: "localhost:34507"
clientAddress: "localhost:45597"
adminAddress: "localhost:42011"
startupRole: FOLLOWER
,id: "s1"
address: "localhost:43051"
dataStreamAddress: "localhost:41779"
clientAddress: "localhost:45233"
adminAddress: "localhost:41551"
startupRole: FOLLOWER
,id: "s2"
address: "localhost:41201"
dataStreamAddress: "localhost:43565"
clientAddress: "localhost:41547"
adminAddress: "localhost:41487"
startupRole: FOLLOWER
, old:)]
2022-11-01 02:15:27,886 [s1-server-thread3] INFO  server.RaftServer$Division (RaftServerImpl.java:checkInconsistentAppendEntries(1589)) - s1@group-29DD907A7165: Failed appendEntries as the first entry (index 0) already exists (snapshotIndex: -1, commitIndex: 0)
2022-11-01 02:15:27,886 [s1-server-thread3] INFO  server.RaftServer$Division (RaftServerImpl.java:checkInconsistentAppendEntries(1569)) - s1@group-29DD907A7165: inconsistency entries. Reply:s4<-s1#298:FAIL-t2,INCONSISTENCY,nextIndex=1,followerCommit=0,matchIndex=-1
2022-11-01 02:15:27,886 [grpc-default-executor-27] INFO  leader.FollowerInfo (FollowerInfoImpl.java:lambda$new$0(48)) - s4@group-29DD907A7165->s1: nextIndex: updateUnconditionally 1 -> 1
2022-11-01 02:15:27,962 [s1-server-thread3] INFO  server.RaftServer$Division (RaftServerImpl.java:checkInconsistentAppendEntries(1599)) - s1@group-29DD907A7165: Failed appendEntries as previous log entry ((t:2, i:0)) is not found
2022-11-01 02:15:27,963 [s1-server-thread3] INFO  server.RaftServer$Division (RaftServerImpl.java:checkInconsistentAppendEntries(1569)) - s1@group-29DD907A7165: inconsistency entries. Reply:s4<-s1#299:FAIL-t2,INCONSISTENCY,nextIndex=0,followerCommit=0,matchIndex=-1
2022-11-01 02:15:27,963 [grpc-default-executor-27] INFO  leader.FollowerInfo (FollowerInfoImpl.java:lambda$new$0(48)) - s4@group-29DD907A7165->s1: nextIndex: updateUnconditionally 1 -> 0
2022-11-01 02:15:27,964 [s1-server-thread3] DEBUG server.RaftServer$Division (RaftServerImpl.java:logAppendEntries(1418)) - s1@group-29DD907A7165: receive appendEntries(s4, 2, null, 0, true, commits:[s4:c0, s3:c0, s0:c0, s1:c0, s2:c0], cId:300, entries: [(t:2, i:0), CONFIGURATIONENTRY(current:id: "s3"
address: "localhost:46863"
dataStreamAddress: "localhost:44363"
clientAddress: "localhost:41041"
adminAddress: "localhost:41281"
startupRole: FOLLOWER
,id: "s4"
address: "localhost:36775"
dataStreamAddress: "localhost:42557"
clientAddress: "localhost:46475"
adminAddress: "localhost:35477"
startupRole: FOLLOWER
,id: "s0"
address: "localhost:33119"
dataStreamAddress: "localhost:34507"
clientAddress: "localhost:45597"
adminAddress: "localhost:42011"
startupRole: FOLLOWER
,id: "s1"
address: "localhost:43051"
dataStreamAddress: "localhost:41779"
clientAddress: "localhost:45233"
adminAddress: "localhost:41551"
startupRole: FOLLOWER
,id: "s2"
address: "localhost:41201"
dataStreamAddress: "localhost:43565"
clientAddress: "localhost:41547"
adminAddress: "localhost:41487"
startupRole: FOLLOWER
, old:)]
2022-11-01 02:15:27,964 [s1-server-thread3] INFO  server.RaftServer$Division (RaftServerImpl.java:checkInconsistentAppendEntries(1589)) - s1@group-29DD907A7165: Failed appendEntries as the first entry (index 0) already exists (snapshotIndex: -1, commitIndex: 0)
2022-11-01 02:15:27,964 [s1-server-thread3] INFO  server.RaftServer$Division (RaftServerImpl.java:checkInconsistentAppendEntries(1569)) - s1@group-29DD907A7165: inconsistency entries. Reply:s4<-s1#300:FAIL-t2,INCONSISTENCY,nextIndex=1,followerCommit=0,matchIndex=-1
2022-11-01 02:15:27,964 [grpc-default-executor-27] INFO  leader.FollowerInfo (FollowerInfoImpl.java:lambda$new$0(48)) - s4@group-29DD907A7165->s1: nextIndex: updateUnconditionally 1 -> 1
2022-11-01 02:15:28,025 [Time-limited test] INFO  grpc.TestLeaderElectionWithGrpc (LeaderElectionTests.java:enforceLeader(292)) - try enforcing leader to s1 but new leader is s4
2022-11-01 02:15:28,025 [Time-limited test] INFO  server.RaftServerConfigKeys (ConfUtils.java:logGet(46)) - raft.server.rpc.timeout.max = 300ms (default)
2022-11-01 02:15:28,040 [s4@group-29DD907A7165->s1-GrpcLogAppender-LogAppenderDaemon] INFO  util.CodeInjectionForTesting (DelayLocalExecutionInjection.java:execute(65)) - s4 delay 150 ms, args=[serverRequest {
  requestorId: "s4"
  replyId: "s1"
  raftGroupId {
    id: "\306I{yg\341A\222\264\356)\335\220zqe"
  }
  callId: 301
  slidingWindowEntry {
  }
}
leaderTerm: 2
previousLog {
  term: 2
}
initializing: true
commitInfos {
  server {
    id: "s4"
    address: "localhost:36775"
    dataStreamAddress: "localhost:42557"
    clientAddress: "localhost:46475"
    adminAddress: "localhost:35477"
    startupRole: FOLLOWER
  }
}
commitInfos {
  server {
    id: "s3"
    address: "localhost:46863"
    dataStreamAddress: "localhost:44363"
    clientAddress: "localhost:41041"
    adminAddress: "localhost:41281"
    startupRole: FOLLOWER
  }
}
commitInfos {
  server {
    id: "s0"
    address: "localhost:33119"
    dataStreamAddress: "localhost:34507"
    clientAddress: "localhost:45597"
    adminAddress: "localhost:42011"
    startupRole: FOLLOWER
  }
}
commitInfos {
  server {
    id: "s1"
    address: "localhost:43051"
    dataStreamAddress: "localhost:41779"
    clientAddress: "localhost:45233"
    adminAddress: "localhost:41551"
    startupRole: FOLLOWER
  }
}
commitInfos {
  server {
    id: "s2"
    address: "localhost:41201"
    dataStreamAddress: "localhost:43565"
    clientAddress: "localhost:41547"
    adminAddress: "localhost:41487"
    startupRole: FOLLOWER
  }
}
]
2022-11-01 02:15:28,082 [s4@group-29DD907A7165->s2-GrpcLogAppender-LogAppenderDaemon] INFO  util.CodeInjectionForTesting (DelayLocalExecutionInjection.java:execute(65)) - s4 delay 150 ms, args=[serverRequest {
  requestorId: "s4"
  replyId: "s2"
  raftGroupId {
    id: "\306I{yg\341A\222\264\356)\335\220zqe"
  }
  callId: 146
  slidingWindowEntry {
  }
}
leaderTerm: 2
previousLog {
  term: 2
}
initializing: true
commitInfos {
  server {
    id: "s4"
    address: "localhost:36775"
    dataStreamAddress: "localhost:42557"
    clientAddress: "localhost:46475"
    adminAddress: "localhost:35477"
    startupRole: FOLLOWER
  }
}
commitInfos {
  server {
    id: "s3"
    address: "localhost:46863"
    dataStreamAddress: "localhost:44363"
    clientAddress: "localhost:41041"
    adminAddress: "localhost:41281"
    startupRole: FOLLOWER
  }
}
commitInfos {
  server {
    id: "s0"
    address: "localhost:33119"
    dataStreamAddress: "localhost:34507"
    clientAddress: "localhost:45597"
    adminAddress: "localhost:42011"
    startupRole: FOLLOWER
  }
}
commitInfos {
  server {
    id: "s1"
    address: "localhost:43051"
    dataStreamAddress: "localhost:41779"
    clientAddress: "localhost:45233"
    adminAddress: "localhost:41551"
    startupRole: FOLLOWER
  }
}
commitInfos {
  server {
    id: "s2"
    address: "localhost:41201"
    dataStreamAddress: "localhost:43565"
    clientAddress: "localhost:41547"
    adminAddress: "localhost:41487"
    startupRole: FOLLOWER
  }
}
]
2022-11-01 02:15:28,085 [s4@group-29DD907A7165->s3-GrpcLogAppender-LogAppenderDaemon] INFO  util.CodeInjectionForTesting (DelayLocalExecutionInjection.java:execute(65)) - s4 delay 150 ms, args=[serverRequest {
  requestorId: "s4"
  replyId: "s3"
  raftGroupId {
    id: "\306I{yg\341A\222\264\356)\335\220zqe"
  }
  callId: 150
  slidingWindowEntry {
  }
}
leaderTerm: 2
previousLog {
  term: 2
}
initializing: true
commitInfos {
  server {
    id: "s4"
    address: "localhost:36775"
    dataStreamAddress: "localhost:42557"
    clientAddress: "localhost:46475"
    adminAddress: "localhost:35477"
    startupRole: FOLLOWER
  }
}
commitInfos {
  server {
    id: "s3"
    address: "localhost:46863"
    dataStreamAddress: "localhost:44363"
    clientAddress: "localhost:41041"
    adminAddress: "localhost:41281"
    startupRole: FOLLOWER
  }
}
commitInfos {
  server {
    id: "s0"
    address: "localhost:33119"
    dataStreamAddress: "localhost:34507"
    clientAddress: "localhost:45597"
    adminAddress: "localhost:42011"
    startupRole: FOLLOWER
  }
}
commitInfos {
  server {
    id: "s1"
    address: "localhost:43051"
    dataStreamAddress: "localhost:41779"
    clientAddress: "localhost:45233"
    adminAddress: "localhost:41551"
    startupRole: FOLLOWER
  }
}
commitInfos {
  server {
    id: "s2"
    address: "localhost:41201"
    dataStreamAddress: "localhost:43565"
    clientAddress: "localhost:41547"
    adminAddress: "localhost:41487"
    startupRole: FOLLOWER
  }
}
]
2022-11-01 02:15:28,085 [s4@group-29DD907A7165->s0-GrpcLogAppender-LogAppenderDaemon] INFO  util.CodeInjectionForTesting (DelayLocalExecutionInjection.java:execute(65)) - s4 delay 150 ms, args=[serverRequest {
  requestorId: "s4"
  replyId: "s0"
  raftGroupId {
    id: "\306I{yg\341A\222\264\356)\335\220zqe"
  }
  callId: 160
  slidingWindowEntry {
  }
}
leaderTerm: 2
previousLog {
  term: 2
}
initializing: true
commitInfos {
  server {
    id: "s4"
    address: "localhost:36775"
    dataStreamAddress: "localhost:42557"
    clientAddress: "localhost:46475"
    adminAddress: "localhost:35477"
    startupRole: FOLLOWER
  }
}
commitInfos {
  server {
    id: "s3"
    address: "localhost:46863"
    dataStreamAddress: "localhost:44363"
    clientAddress: "localhost:41041"
    adminAddress: "localhost:41281"
    startupRole: FOLLOWER
  }
}
commitInfos {
  server {
    id: "s0"
    address: "localhost:33119"
    dataStreamAddress: "localhost:34507"
    clientAddress: "localhost:45597"
    adminAddress: "localhost:42011"
    startupRole: FOLLOWER
  }
}
commitInfos {
  server {
    id: "s1"
    address: "localhost:43051"
    dataStreamAddress: "localhost:41779"
    clientAddress: "localhost:45233"
    adminAddress: "localhost:41551"
    startupRole: FOLLOWER
  }
}
commitInfos {
  server {
    id: "s2"
    address: "localhost:41201"
    dataStreamAddress: "localhost:43565"
    clientAddress: "localhost:41547"
    adminAddress: "localhost:41487"
    startupRole: FOLLOWER
  }
}
]
2022-11-01 02:15:28,191 [s1-server-thread3] INFO  util.CodeInjectionForTesting (BlockRequestHandlingInjection.java:execute(77)) - s1: Block request from s4
2022-11-01 02:15:28,228 [s4@group-29DD907A7165->s1-GrpcLogAppender-LogAppenderDaemon] INFO  util.CodeInjectionForTesting (DelayLocalExecutionInjection.java:execute(65)) - s4 delay 150 ms, args=[serverRequest {
  requestorId: "s4"
  replyId: "s1"
  raftGroupId {
    id: "\306I{yg\341A\222\264\356)\335\220zqe"
  }
  callId: 302
  slidingWindowEntry {
  }
}
leaderTerm: 2
previousLog {
  term: 2
}
initializing: true
commitInfos {
  server {
    id: "s4"
    address: "localhost:36775"
    dataStreamAddress: "localhost:42557"
    clientAddress: "localhost:46475"
    adminAddress: "localhost:35477"
    startupRole: FOLLOWER
  }
}
commitInfos {
  server {
    id: "s3"
    address: "localhost:46863"
    dataStreamAddress: "localhost:44363"
    clientAddress: "localhost:41041"
    adminAddress: "localhost:41281"
    startupRole: FOLLOWER
  }
}
commitInfos {
  server {
    id: "s0"
    address: "localhost:33119"
    dataStreamAddress: "localhost:34507"
    clientAddress: "localhost:45597"
    adminAddress: "localhost:42011"
    startupRole: FOLLOWER
  }
}
commitInfos {
  server {
    id: "s1"
    address: "localhost:43051"
    dataStreamAddress: "localhost:41779"
    clientAddress: "localhost:45233"
    adminAddress: "localhost:41551"
    startupRole: FOLLOWER
  }
}
commitInfos {
  server {
    id: "s2"
    address: "localhost:41201"
    dataStreamAddress: "localhost:43565"
    clientAddress: "localhost:41547"
    adminAddress: "localhost:41487"
    startupRole: FOLLOWER
  }
}
]
2022-11-01 02:15:28,229 [s2@group-29DD907A7165-FollowerState] INFO  impl.FollowerState (FollowerState.java:run(143)) - s2@group-29DD907A7165-FollowerState: change to CANDIDATE, lastRpcElapsedTime:224585966ns, electionTimeout:223ms
2022-11-01 02:15:28,229 [s2@group-29DD907A7165-FollowerState] INFO  impl.RoleInfo (RoleInfo.java:shutdownFollowerState(110)) - s2: shutdown s2@group-29DD907A7165-FollowerState
2022-11-01 02:15:28,229 [s2@group-29DD907A7165-FollowerState] INFO  server.RaftServer$Division (RaftServerImpl.java:setRole(325)) - s2@group-29DD907A7165: changes role from  FOLLOWER to CANDIDATE at term 2 for changeToCandidate
2022-11-01 02:15:28,230 [s2@group-29DD907A7165-FollowerState] INFO  server.RaftServerConfigKeys (ConfUtils.java:logGet(46)) - raft.server.leaderelection.pre-vote = true (default)
2022-11-01 02:15:28,230 [s2@group-29DD907A7165-FollowerState] INFO  impl.RoleInfo (RoleInfo.java:updateAndGet(139)) - s2: start s2@group-29DD907A7165-LeaderElection59
2022-11-01 02:15:28,230 [s2@group-29DD907A7165-LeaderElection59] INFO  server.RaftServer$Division (ServerState.java:setLeader(259)) - s2@group-29DD907A7165: change Leader from s4 to null at term 2 for PRE_VOTE
2022-11-01 02:15:28,230 [s2@group-29DD907A7165-LeaderElection59] INFO  impl.LeaderElection (LeaderElection.java:askForVotes(309)) - s2@group-29DD907A7165-LeaderElection59 PRE_VOTE round 0: submit vote requests at term 2 for 0: peers:[s3|rpc:localhost:46863|admin:localhost:41281|client:localhost:41041|dataStream:localhost:44363|priority:0|startupRole:FOLLOWER, s4|rpc:localhost:36775|admin:localhost:35477|client:localhost:46475|dataStream:localhost:42557|priority:0|startupRole:FOLLOWER, s0|rpc:localhost:33119|admin:localhost:42011|client:localhost:45597|dataStream:localhost:34507|priority:0|startupRole:FOLLOWER, s1|rpc:localhost:43051|admin:localhost:41551|client:localhost:45233|dataStream:localhost:41779|priority:0|startupRole:FOLLOWER, s2|rpc:localhost:41201|admin:localhost:41487|client:localhost:41547|dataStream:localhost:43565|priority:0|startupRole:FOLLOWER]|listeners:[], old=null
2022-11-01 02:15:28,232 [s2@group-29DD907A7165-LeaderElection59-1] INFO  util.CodeInjectionForTesting (DelayLocalExecutionInjection.java:execute(65)) - s2 delay 150 ms, args=[serverRequest {
  requestorId: "s2"
  replyId: "s3"
  raftGroupId {
    id: "\306I{yg\341A\222\264\356)\335\220zqe"
  }
  slidingWindowEntry {
  }
}
candidateTerm: 2
candidateLastEntry {
  term: 2
}
preVote: true
]
2022-11-01 02:15:28,232 [s2@group-29DD907A7165-LeaderElection59-2] INFO  util.CodeInjectionForTesting (DelayLocalExecutionInjection.java:execute(65)) - s2 delay 150 ms, args=[serverRequest {
  requestorId: "s2"
  replyId: "s4"
  raftGroupId {
    id: "\306I{yg\341A\222\264\356)\335\220zqe"
  }
  slidingWindowEntry {
  }
}
candidateTerm: 2
candidateLastEntry {
  term: 2
}
preVote: true
]
2022-11-01 02:15:28,233 [s2-server-thread1] INFO  server.RaftServer$Division (RaftServerImpl.java:setRole(325)) - s2@group-29DD907A7165: changes role from CANDIDATE to FOLLOWER at term 2 for appendEntries
2022-11-01 02:15:28,233 [s2-server-thread1] INFO  impl.RoleInfo (RoleInfo.java:shutdownLeaderElection(130)) - s2: shutdown s2@group-29DD907A7165-LeaderElection59
2022-11-01 02:15:28,233 [s2-server-thread1] INFO  impl.RoleInfo (RoleInfo.java:updateAndGet(139)) - s2: start s2@group-29DD907A7165-FollowerState
2022-11-01 02:15:28,233 [s2@group-29DD907A7165-LeaderElection59-3] INFO  util.CodeInjectionForTesting (DelayLocalExecutionInjection.java:execute(65)) - s2 delay 150 ms, args=[serverRequest {
  requestorId: "s2"
  replyId: "s0"
  raftGroupId {
    id: "\306I{yg\341A\222\264\356)\335\220zqe"
  }
  slidingWindowEntry {
  }
}
candidateTerm: 2
candidateLastEntry {
  term: 2
}
preVote: true
]
2022-11-01 02:15:28,233 [s2@group-29DD907A7165-LeaderElection59] INFO  impl.LeaderElection (LeaderElection.java:logAndReturn(89)) - s2@group-29DD907A7165-LeaderElection59: PRE_VOTE REJECTED received 0 response(s) and 0 exception(s):
2022-11-01 02:15:28,233 [s2@group-29DD907A7165-LeaderElection59] INFO  impl.LeaderElection (LeaderElection.java:askForVotes(311)) - s2@group-29DD907A7165-LeaderElection59 PRE_VOTE round 0: result REJECTED
2022-11-01 02:15:28,234 [s2@group-29DD907A7165-LeaderElection59-4] INFO  util.CodeInjectionForTesting (DelayLocalExecutionInjection.java:execute(65)) - s2 delay 150 ms, args=[serverRequest {
  requestorId: "s2"
  replyId: "s1"
  raftGroupId {
    id: "\306I{yg\341A\222\264\356)\335\220zqe"
  }
  slidingWindowEntry {
  }
}
candidateTerm: 2
candidateLastEntry {
  term: 2
}
preVote: true
]
2022-11-01 02:15:28,234 [s2-server-thread1] INFO  server.RaftServer$Division (ServerState.java:setLeader(259)) - s2@group-29DD907A7165: change Leader from null to s4 at term 2 for appendEntries, leader elected after 3ms
2022-11-01 02:15:28,251 [s1@group-29DD907A7165-FollowerState] INFO  impl.FollowerState (FollowerState.java:run(143)) - s1@group-29DD907A7165-FollowerState: change to CANDIDATE, lastRpcElapsedTime:286724747ns, electionTimeout:180ms
2022-11-01 02:15:28,251 [s1@group-29DD907A7165-FollowerState] INFO  impl.RoleInfo (RoleInfo.java:shutdownFollowerState(110)) - s1: shutdown s1@group-29DD907A7165-FollowerState
2022-11-01 02:15:28,251 [s1@group-29DD907A7165-FollowerState] INFO  server.RaftServer$Division (RaftServerImpl.java:setRole(325)) - s1@group-29DD907A7165: changes role from  FOLLOWER to CANDIDATE at term 2 for changeToCandidate
2022-11-01 02:15:28,251 [s1@group-29DD907A7165-FollowerState] INFO  server.RaftServerConfigKeys (ConfUtils.java:logGet(46)) - raft.server.leaderelection.pre-vote = true (default)
2022-11-01 02:15:28,251 [s1@group-29DD907A7165-FollowerState] INFO  impl.RoleInfo (RoleInfo.java:updateAndGet(139)) - s1: start s1@group-29DD907A7165-LeaderElection60
2022-11-01 02:15:28,252 [s1@group-29DD907A7165-LeaderElection60] INFO  server.RaftServer$Division (ServerState.java:setLeader(259)) - s1@group-29DD907A7165: change Leader from s4 to null at term 2 for PRE_VOTE
2022-11-01 02:15:28,252 [s1@group-29DD907A7165-LeaderElection60] INFO  impl.LeaderElection (LeaderElection.java:askForVotes(309)) - s1@group-29DD907A7165-LeaderElection60 PRE_VOTE round 0: submit vote requests at term 2 for 0: peers:[s3|rpc:localhost:46863|admin:localhost:41281|client:localhost:41041|dataStream:localhost:44363|priority:0|startupRole:FOLLOWER, s4|rpc:localhost:36775|admin:localhost:35477|client:localhost:46475|dataStream:localhost:42557|priority:0|startupRole:FOLLOWER, s0|rpc:localhost:33119|admin:localhost:42011|client:localhost:45597|dataStream:localhost:34507|priority:0|startupRole:FOLLOWER, s1|rpc:localhost:43051|admin:localhost:41551|client:localhost:45233|dataStream:localhost:41779|priority:0|startupRole:FOLLOWER, s2|rpc:localhost:41201|admin:localhost:41487|client:localhost:41547|dataStream:localhost:43565|priority:0|startupRole:FOLLOWER]|listeners:[], old=null
2022-11-01 02:15:28,253 [grpc-default-executor-24] INFO  server.RaftServer$Division (RaftServerImpl.java:requestVote(1291)) - s3@group-29DD907A7165: receive requestVote(PRE_VOTE, s1, group-29DD907A7165, 2, (t:1, i:0))
2022-11-01 02:15:28,254 [grpc-default-executor-24] INFO  impl.VoteContext (VoteContext.java:log(49)) - s3@group-29DD907A7165-FOLLOWER: reject PRE_VOTE from s1: this server is a follower and still has a valid leader s4
2022-11-01 02:15:28,254 [grpc-default-executor-24] INFO  server.RaftServer$Division (RaftServerImpl.java:requestVote(1324)) - s3@group-29DD907A7165 replies to PRE_VOTE vote request: s1<-s3#0:FAIL-t2. Peer's state: s3@group-29DD907A7165:t2, leader=s4, voted=s4, raftlog=Memoized:s3@group-29DD907A7165-SegmentedRaftLog:OPENED:c0, conf=0: peers:[s3|rpc:localhost:46863|admin:localhost:41281|client:localhost:41041|dataStream:localhost:44363|priority:0|startupRole:FOLLOWER, s4|rpc:localhost:36775|admin:localhost:35477|client:localhost:46475|dataStream:localhost:42557|priority:0|startupRole:FOLLOWER, s0|rpc:localhost:33119|admin:localhost:42011|client:localhost:45597|dataStream:localhost:34507|priority:0|startupRole:FOLLOWER, s1|rpc:localhost:43051|admin:localhost:41551|client:localhost:45233|dataStream:localhost:41779|priority:0|startupRole:FOLLOWER, s2|rpc:localhost:41201|admin:localhost:41487|client:localhost:41547|dataStream:localhost:43565|priority:0|startupRole:FOLLOWER]|listeners:[], old=null
2022-11-01 02:15:28,254 [grpc-default-executor-29] INFO  server.RaftServer$Division (RaftServerImpl.java:requestVote(1291)) - s4@group-29DD907A7165: receive requestVote(PRE_VOTE, s1, group-29DD907A7165, 2, (t:1, i:0))
2022-11-01 02:15:28,254 [grpc-default-executor-29] INFO  impl.VoteContext (VoteContext.java:log(49)) - s4@group-29DD907A7165-LEADER: reject PRE_VOTE from s1: this server is the leader and still has leadership
2022-11-01 02:15:28,254 [grpc-default-executor-29] INFO  server.RaftServer$Division (RaftServerImpl.java:requestVote(1324)) - s4@group-29DD907A7165 replies to PRE_VOTE vote request: s1<-s4#0:FAIL-t2. Peer's state: s4@group-29DD907A7165:t2, leader=s4, voted=s4, raftlog=Memoized:s4@group-29DD907A7165-SegmentedRaftLog:OPENED:c0, conf=0: peers:[s3|rpc:localhost:46863|admin:localhost:41281|client:localhost:41041|dataStream:localhost:44363|priority:0|startupRole:FOLLOWER, s4|rpc:localhost:36775|admin:localhost:35477|client:localhost:46475|dataStream:localhost:42557|priority:0|startupRole:FOLLOWER, s0|rpc:localhost:33119|admin:localhost:42011|client:localhost:45597|dataStream:localhost:34507|priority:0|startupRole:FOLLOWER, s1|rpc:localhost:43051|admin:localhost:41551|client:localhost:45233|dataStream:localhost:41779|priority:0|startupRole:FOLLOWER, s2|rpc:localhost:41201|admin:localhost:41487|client:localhost:41547|dataStream:localhost:43565|priority:0|startupRole:FOLLOWER]|listeners:[], old=null
2022-11-01 02:15:28,256 [grpc-default-executor-29] INFO  server.RaftServer$Division (RaftServerImpl.java:requestVote(1291)) - s0@group-29DD907A7165: receive requestVote(PRE_VOTE, s1, group-29DD907A7165, 2, (t:1, i:0))
2022-11-01 02:15:28,256 [grpc-default-executor-29] INFO  impl.VoteContext (VoteContext.java:log(49)) - s0@group-29DD907A7165-FOLLOWER: reject PRE_VOTE from s1: this server is a follower and still has a valid leader s4
2022-11-01 02:15:28,256 [grpc-default-executor-29] INFO  server.RaftServer$Division (RaftServerImpl.java:requestVote(1324)) - s0@group-29DD907A7165 replies to PRE_VOTE vote request: s1<-s0#0:FAIL-t2. Peer's state: s0@group-29DD907A7165:t2, leader=s4, voted=s4, raftlog=Memoized:s0@group-29DD907A7165-SegmentedRaftLog:OPENED:c0, conf=0: peers:[s3|rpc:localhost:46863|admin:localhost:41281|client:localhost:41041|dataStream:localhost:44363|priority:0|startupRole:FOLLOWER, s4|rpc:localhost:36775|admin:localhost:35477|client:localhost:46475|dataStream:localhost:42557|priority:0|startupRole:FOLLOWER, s0|rpc:localhost:33119|admin:localhost:42011|client:localhost:45597|dataStream:localhost:34507|priority:0|startupRole:FOLLOWER, s1|rpc:localhost:43051|admin:localhost:41551|client:localhost:45233|dataStream:localhost:41779|priority:0|startupRole:FOLLOWER, s2|rpc:localhost:41201|admin:localhost:41487|client:localhost:41547|dataStream:localhost:43565|priority:0|startupRole:FOLLOWER]|listeners:[], old=null
2022-11-01 02:15:28,257 [s1@group-29DD907A7165-LeaderElection60] INFO  impl.LeaderElection (LeaderElection.java:logAndReturn(89)) - s1@group-29DD907A7165-LeaderElection60: PRE_VOTE REJECTED received 3 response(s) and 0 exception(s):
2022-11-01 02:15:28,257 [s1@group-29DD907A7165-LeaderElection60] INFO  impl.LeaderElection (LeaderElection.java:logAndReturn(93)) -   Response 0: s1<-s3#0:FAIL-t2
2022-11-01 02:15:28,257 [s1@group-29DD907A7165-LeaderElection60] INFO  impl.LeaderElection (LeaderElection.java:logAndReturn(93)) -   Response 1: s1<-s4#0:FAIL-t2
2022-11-01 02:15:28,257 [s1@group-29DD907A7165-LeaderElection60] INFO  impl.LeaderElection (LeaderElection.java:logAndReturn(93)) -   Response 2: s1<-s0#0:FAIL-t2
2022-11-01 02:15:28,257 [s1@group-29DD907A7165-LeaderElection60] INFO  impl.LeaderElection (LeaderElection.java:askForVotes(311)) - s1@group-29DD907A7165-LeaderElection60 PRE_VOTE round 0: result REJECTED
2022-11-01 02:15:28,257 [s1@group-29DD907A7165-LeaderElection60] INFO  server.RaftServer$Division (RaftServerImpl.java:setRole(325)) - s1@group-29DD907A7165: changes role from CANDIDATE to FOLLOWER at term 2 for REJECTED
2022-11-01 02:15:28,257 [s1@group-29DD907A7165-LeaderElection60] INFO  impl.RoleInfo (RoleInfo.java:shutdownLeaderElection(130)) - s1: shutdown s1@group-29DD907A7165-LeaderElection60
2022-11-01 02:15:28,257 [s1@group-29DD907A7165-LeaderElection60] INFO  impl.RoleInfo (RoleInfo.java:updateAndGet(139)) - s1: start s1@group-29DD907A7165-FollowerState
2022-11-01 02:15:28,258 [grpc-default-executor-29] INFO  server.RaftServer$Division (RaftServerImpl.java:requestVote(1291)) - s2@group-29DD907A7165: receive requestVote(PRE_VOTE, s1, group-29DD907A7165, 2, (t:1, i:0))
2022-11-01 02:15:28,258 [grpc-default-executor-29] INFO  impl.VoteContext (VoteContext.java:log(49)) - s2@group-29DD907A7165-FOLLOWER: reject PRE_VOTE from s1: this server is a follower and still has a valid leader s4
2022-11-01 02:15:28,259 [grpc-default-executor-29] INFO  server.RaftServer$Division (RaftServerImpl.java:requestVote(1324)) - s2@group-29DD907A7165 replies to PRE_VOTE vote request: s1<-s2#0:FAIL-t2. Peer's state: s2@group-29DD907A7165:t2, leader=s4, voted=s4, raftlog=Memoized:s2@group-29DD907A7165-SegmentedRaftLog:OPENED:c0, conf=0: peers:[s3|rpc:localhost:46863|admin:localhost:41281|client:localhost:41041|dataStream:localhost:44363|priority:0|startupRole:FOLLOWER, s4|rpc:localhost:36775|admin:localhost:35477|client:localhost:46475|dataStream:localhost:42557|priority:0|startupRole:FOLLOWER, s0|rpc:localhost:33119|admin:localhost:42011|client:localhost:45597|dataStream:localhost:34507|priority:0|startupRole:FOLLOWER, s1|rpc:localhost:43051|admin:localhost:41551|client:localhost:45233|dataStream:localhost:41779|priority:0|startupRole:FOLLOWER, s2|rpc:localhost:41201|admin:localhost:41487|client:localhost:41547|dataStream:localhost:43565|priority:0|startupRole:FOLLOWER]|listeners:[], old=null
2022-11-01 02:15:28,310 [s4@group-29DD907A7165->s2-GrpcLogAppender-LogAppenderDaemon] INFO  util.CodeInjectionForTesting (DelayLocalExecutionInjection.java:execute(65)) - s4 delay 150 ms, args=[serverRequest {
  requestorId: "s4"
  replyId: "s2"
  raftGroupId {
    id: "\306I{yg\341A\222\264\356)\335\220zqe"
  }
  callId: 147
  slidingWindowEntry {
  }
}
leaderTerm: 2
previousLog {
  term: 2
}
initializing: true
commitInfos {
  server {
    id: "s4"
    address: "localhost:36775"
    dataStreamAddress: "localhost:42557"
    clientAddress: "localhost:46475"
    adminAddress: "localhost:35477"
    startupRole: FOLLOWER
  }
}
commitInfos {
  server {
    id: "s3"
    address: "localhost:46863"
    dataStreamAddress: "localhost:44363"
    clientAddress: "localhost:41041"
    adminAddress: "localhost:41281"
    startupRole: FOLLOWER
  }
}
commitInfos {
  server {
    id: "s0"
    address: "localhost:33119"
    dataStreamAddress: "localhost:34507"
    clientAddress: "localhost:45597"
    adminAddress: "localhost:42011"
    startupRole: FOLLOWER
  }
}
commitInfos {
  server {
    id: "s1"
    address: "localhost:43051"
    dataStreamAddress: "localhost:41779"
    clientAddress: "localhost:45233"
    adminAddress: "localhost:41551"
    startupRole: FOLLOWER
  }
}
commitInfos {
  server {
    id: "s2"
    address: "localhost:41201"
    dataStreamAddress: "localhost:43565"
    clientAddress: "localhost:41547"
    adminAddress: "localhost:41487"
    startupRole: FOLLOWER
  }
}
]
2022-11-01 02:15:28,312 [s4@group-29DD907A7165->s3-GrpcLogAppender-LogAppenderDaemon] INFO  util.CodeInjectionForTesting (DelayLocalExecutionInjection.java:execute(65)) - s4 delay 150 ms, args=[serverRequest {
  requestorId: "s4"
  replyId: "s3"
  raftGroupId {
    id: "\306I{yg\341A\222\264\356)\335\220zqe"
  }
  callId: 151
  slidingWindowEntry {
  }
}
leaderTerm: 2
previousLog {
  term: 2
}
initializing: true
commitInfos {
  server {
    id: "s4"
    address: "localhost:36775"
    dataStreamAddress: "localhost:42557"
    clientAddress: "localhost:46475"
    adminAddress: "localhost:35477"
    startupRole: FOLLOWER
  }
}
commitInfos {
  server {
    id: "s3"
    address: "localhost:46863"
    dataStreamAddress: "localhost:44363"
    clientAddress: "localhost:41041"
    adminAddress: "localhost:41281"
    startupRole: FOLLOWER
  }
}
commitInfos {
  server {
    id: "s0"
    address: "localhost:33119"
    dataStreamAddress: "localhost:34507"
    clientAddress: "localhost:45597"
    adminAddress: "localhost:42011"
    startupRole: FOLLOWER
  }
}
commitInfos {
  server {
    id: "s1"
    address: "localhost:43051"
    dataStreamAddress: "localhost:41779"
    clientAddress: "localhost:45233"
    adminAddress: "localhost:41551"
    startupRole: FOLLOWER
  }
}
commitInfos {
  server {
    id: "s2"
    address: "localhost:41201"
    dataStreamAddress: "localhost:43565"
    clientAddress: "localhost:41547"
    adminAddress: "localhost:41487"
    startupRole: FOLLOWER
  }
}
]
2022-11-01 02:15:28,313 [s4@group-29DD907A7165->s0-GrpcLogAppender-LogAppenderDaemon] INFO  util.CodeInjectionForTesting (DelayLocalExecutionInjection.java:execute(65)) - s4 delay 150 ms, args=[serverRequest {
  requestorId: "s4"
  replyId: "s0"
  raftGroupId {
    id: "\306I{yg\341A\222\264\356)\335\220zqe"
  }
  callId: 161
  slidingWindowEntry {
  }
}
leaderTerm: 2
previousLog {
  term: 2
}
initializing: true
commitInfos {
  server {
    id: "s4"
    address: "localhost:36775"
    dataStreamAddress: "localhost:42557"
    clientAddress: "localhost:46475"
    adminAddress: "localhost:35477"
    startupRole: FOLLOWER
  }
}
commitInfos {
  server {
    id: "s3"
    address: "localhost:46863"
    dataStreamAddress: "localhost:44363"
    clientAddress: "localhost:41041"
    adminAddress: "localhost:41281"
    startupRole: FOLLOWER
  }
}
commitInfos {
  server {
    id: "s0"
    address: "localhost:33119"
    dataStreamAddress: "localhost:34507"
    clientAddress: "localhost:45597"
    adminAddress: "localhost:42011"
    startupRole: FOLLOWER
  }
}
commitInfos {
  server {
    id: "s1"
    address: "localhost:43051"
    dataStreamAddress: "localhost:41779"
    clientAddress: "localhost:45233"
    adminAddress: "localhost:41551"
    startupRole: FOLLOWER
  }
}
commitInfos {
  server {
    id: "s2"
    address: "localhost:41201"
    dataStreamAddress: "localhost:43565"
    clientAddress: "localhost:41547"
    adminAddress: "localhost:41487"
    startupRole: FOLLOWER
  }
}
]
2022-11-01 02:15:28,383 [grpc-default-executor-29] INFO  server.RaftServer$Division (RaftServerImpl.java:requestVote(1291)) - s3@group-29DD907A7165: receive requestVote(PRE_VOTE, s2, group-29DD907A7165, 2, (t:2, i:0))
2022-11-01 02:15:28,384 [grpc-default-executor-29] INFO  impl.VoteContext (VoteContext.java:log(49)) - s3@group-29DD907A7165-FOLLOWER: reject PRE_VOTE from s2: this server is a follower and still has a valid leader s4
2022-11-01 02:15:28,384 [grpc-default-executor-29] INFO  server.RaftServer$Division (RaftServerImpl.java:requestVote(1324)) - s3@group-29DD907A7165 replies to PRE_VOTE vote request: s2<-s3#0:FAIL-t2. Peer's state: s3@group-29DD907A7165:t2, leader=s4, voted=s4, raftlog=Memoized:s3@group-29DD907A7165-SegmentedRaftLog:OPENED:c0, conf=0: peers:[s3|rpc:localhost:46863|admin:localhost:41281|client:localhost:41041|dataStream:localhost:44363|priority:0|startupRole:FOLLOWER, s4|rpc:localhost:36775|admin:localhost:35477|client:localhost:46475|dataStream:localhost:42557|priority:0|startupRole:FOLLOWER, s0|rpc:localhost:33119|admin:localhost:42011|client:localhost:45597|dataStream:localhost:34507|priority:0|startupRole:FOLLOWER, s1|rpc:localhost:43051|admin:localhost:41551|client:localhost:45233|dataStream:localhost:41779|priority:0|startupRole:FOLLOWER, s2|rpc:localhost:41201|admin:localhost:41487|client:localhost:41547|dataStream:localhost:43565|priority:0|startupRole:FOLLOWER]|listeners:[], old=null
2022-11-01 02:15:28,384 [grpc-default-executor-24] INFO  server.RaftServer$Division (RaftServerImpl.java:requestVote(1291)) - s0@group-29DD907A7165: receive requestVote(PRE_VOTE, s2, group-29DD907A7165, 2, (t:2, i:0))
2022-11-01 02:15:28,384 [grpc-default-executor-24] INFO  impl.VoteContext (VoteContext.java:log(49)) - s0@group-29DD907A7165-FOLLOWER: reject PRE_VOTE from s2: this server is a follower and still has a valid leader s4
2022-11-01 02:15:28,385 [grpc-default-executor-24] INFO  server.RaftServer$Division (RaftServerImpl.java:requestVote(1324)) - s0@group-29DD907A7165 replies to PRE_VOTE vote request: s2<-s0#0:FAIL-t2. Peer's state: s0@group-29DD907A7165:t2, leader=s4, voted=s4, raftlog=Memoized:s0@group-29DD907A7165-SegmentedRaftLog:OPENED:c0, conf=0: peers:[s3|rpc:localhost:46863|admin:localhost:41281|client:localhost:41041|dataStream:localhost:44363|priority:0|startupRole:FOLLOWER, s4|rpc:localhost:36775|admin:localhost:35477|client:localhost:46475|dataStream:localhost:42557|priority:0|startupRole:FOLLOWER, s0|rpc:localhost:33119|admin:localhost:42011|client:localhost:45597|dataStream:localhost:34507|priority:0|startupRole:FOLLOWER, s1|rpc:localhost:43051|admin:localhost:41551|client:localhost:45233|dataStream:localhost:41779|priority:0|startupRole:FOLLOWER, s2|rpc:localhost:41201|admin:localhost:41487|client:localhost:41547|dataStream:localhost:43565|priority:0|startupRole:FOLLOWER]|listeners:[], old=null
2022-11-01 02:15:28,385 [grpc-default-executor-29] INFO  server.RaftServer$Division (RaftServerImpl.java:requestVote(1291)) - s4@group-29DD907A7165: receive requestVote(PRE_VOTE, s2, group-29DD907A7165, 2, (t:2, i:0))
2022-11-01 02:15:28,385 [grpc-default-executor-29] INFO  impl.VoteContext (VoteContext.java:log(49)) - s4@group-29DD907A7165-LEADER: reject PRE_VOTE from s2: this server is the leader and still has leadership
2022-11-01 02:15:28,385 [grpc-default-executor-29] INFO  server.RaftServer$Division (RaftServerImpl.java:requestVote(1324)) - s4@group-29DD907A7165 replies to PRE_VOTE vote request: s2<-s4#0:FAIL-t2. Peer's state: s4@group-29DD907A7165:t2, leader=s4, voted=s4, raftlog=Memoized:s4@group-29DD907A7165-SegmentedRaftLog:OPENED:c0, conf=0: peers:[s3|rpc:localhost:46863|admin:localhost:41281|client:localhost:41041|dataStream:localhost:44363|priority:0|startupRole:FOLLOWER, s4|rpc:localhost:36775|admin:localhost:35477|client:localhost:46475|dataStream:localhost:42557|priority:0|startupRole:FOLLOWER, s0|rpc:localhost:33119|admin:localhost:42011|client:localhost:45597|dataStream:localhost:34507|priority:0|startupRole:FOLLOWER, s1|rpc:localhost:43051|admin:localhost:41551|client:localhost:45233|dataStream:localhost:41779|priority:0|startupRole:FOLLOWER, s2|rpc:localhost:41201|admin:localhost:41487|client:localhost:41547|dataStream:localhost:43565|priority:0|startupRole:FOLLOWER]|listeners:[], old=null
2022-11-01 02:15:28,386 [grpc-default-executor-29] INFO  util.CodeInjectionForTesting (BlockRequestHandlingInjection.java:execute(77)) - s1: Block request from s2
2022-11-01 02:15:28,417 [s4@group-29DD907A7165->s1-GrpcLogAppender-LogAppenderDaemon] INFO  util.CodeInjectionForTesting (DelayLocalExecutionInjection.java:execute(65)) - s4 delay 150 ms, args=[serverRequest {
  requestorId: "s4"
  replyId: "s1"
  raftGroupId {
    id: "\306I{yg\341A\222\264\356)\335\220zqe"
  }
  callId: 303
  slidingWindowEntry {
  }
}
leaderTerm: 2
previousLog {
  term: 2
}
initializing: true
commitInfos {
  server {
    id: "s4"
    address: "localhost:36775"
    dataStreamAddress: "localhost:42557"
    clientAddress: "localhost:46475"
    adminAddress: "localhost:35477"
    startupRole: FOLLOWER
  }
}
commitInfos {
  server {
    id: "s3"
    address: "localhost:46863"
    dataStreamAddress: "localhost:44363"
    clientAddress: "localhost:41041"
    adminAddress: "localhost:41281"
    startupRole: FOLLOWER
  }
}
commitInfos {
  server {
    id: "s0"
    address: "localhost:33119"
    dataStreamAddress: "localhost:34507"
    clientAddress: "localhost:45597"
    adminAddress: "localhost:42011"
    startupRole: FOLLOWER
  }
}
commitInfos {
  server {
    id: "s1"
    address: "localhost:43051"
    dataStreamAddress: "localhost:41779"
    clientAddress: "localhost:45233"
    adminAddress: "localhost:41551"
    startupRole: FOLLOWER
  }
}
commitInfos {
  server {
    id: "s2"
    address: "localhost:41201"
    dataStreamAddress: "localhost:43565"
    clientAddress: "localhost:41547"
    adminAddress: "localhost:41487"
    startupRole: FOLLOWER
  }
}
]
2022-11-01 02:15:28,456 [s1@group-29DD907A7165-FollowerState] INFO  impl.FollowerState (FollowerState.java:run(143)) - s1@group-29DD907A7165-FollowerState: change to CANDIDATE, lastRpcElapsedTime:198616623ns, electionTimeout:196ms
2022-11-01 02:15:28,456 [s1@group-29DD907A7165-FollowerState] INFO  impl.RoleInfo (RoleInfo.java:shutdownFollowerState(110)) - s1: shutdown s1@group-29DD907A7165-FollowerState
2022-11-01 02:15:28,456 [s1@group-29DD907A7165-FollowerState] INFO  server.RaftServer$Division (RaftServerImpl.java:setRole(325)) - s1@group-29DD907A7165: changes role from  FOLLOWER to CANDIDATE at term 2 for changeToCandidate
2022-11-01 02:15:28,456 [s1@group-29DD907A7165-FollowerState] INFO  server.RaftServerConfigKeys (ConfUtils.java:logGet(46)) - raft.server.leaderelection.pre-vote = true (default)
2022-11-01 02:15:28,456 [s1@group-29DD907A7165-FollowerState] INFO  impl.RoleInfo (RoleInfo.java:updateAndGet(139)) - s1: start s1@group-29DD907A7165-LeaderElection61
2022-11-01 02:15:28,457 [s1@group-29DD907A7165-LeaderElection61] INFO  impl.LeaderElection (LeaderElection.java:askForVotes(309)) - s1@group-29DD907A7165-LeaderElection61 PRE_VOTE round 0: submit vote requests at term 2 for 0: peers:[s3|rpc:localhost:46863|admin:localhost:41281|client:localhost:41041|dataStream:localhost:44363|priority:0|startupRole:FOLLOWER, s4|rpc:localhost:36775|admin:localhost:35477|client:localhost:46475|dataStream:localhost:42557|priority:0|startupRole:FOLLOWER, s0|rpc:localhost:33119|admin:localhost:42011|client:localhost:45597|dataStream:localhost:34507|priority:0|startupRole:FOLLOWER, s1|rpc:localhost:43051|admin:localhost:41551|client:localhost:45233|dataStream:localhost:41779|priority:0|startupRole:FOLLOWER, s2|rpc:localhost:41201|admin:localhost:41487|client:localhost:41547|dataStream:localhost:43565|priority:0|startupRole:FOLLOWER]|listeners:[], old=null
2022-11-01 02:15:28,459 [grpc-default-executor-24] INFO  server.RaftServer$Division (RaftServerImpl.java:requestVote(1291)) - s3@group-29DD907A7165: receive requestVote(PRE_VOTE, s1, group-29DD907A7165, 2, (t:1, i:0))
2022-11-01 02:15:28,459 [grpc-default-executor-24] INFO  impl.VoteContext (VoteContext.java:log(49)) - s3@group-29DD907A7165-FOLLOWER: reject PRE_VOTE from s1: our last entry (t:2, i:0) > candidate's last entry (t:1, i:0)
2022-11-01 02:15:28,459 [grpc-default-executor-24] INFO  server.RaftServer$Division (RaftServerImpl.java:requestVote(1324)) - s3@group-29DD907A7165 replies to PRE_VOTE vote request: s1<-s3#0:FAIL-t2. Peer's state: s3@group-29DD907A7165:t2, leader=s4, voted=s4, raftlog=Memoized:s3@group-29DD907A7165-SegmentedRaftLog:OPENED:c0, conf=0: peers:[s3|rpc:localhost:46863|admin:localhost:41281|client:localhost:41041|dataStream:localhost:44363|priority:0|startupRole:FOLLOWER, s4|rpc:localhost:36775|admin:localhost:35477|client:localhost:46475|dataStream:localhost:42557|priority:0|startupRole:FOLLOWER, s0|rpc:localhost:33119|admin:localhost:42011|client:localhost:45597|dataStream:localhost:34507|priority:0|startupRole:FOLLOWER, s1|rpc:localhost:43051|admin:localhost:41551|client:localhost:45233|dataStream:localhost:41779|priority:0|startupRole:FOLLOWER, s2|rpc:localhost:41201|admin:localhost:41487|client:localhost:41547|dataStream:localhost:43565|priority:0|startupRole:FOLLOWER]|listeners:[], old=null
2022-11-01 02:15:28,462 [grpc-default-executor-24] INFO  server.RaftServer$Division (RaftServerImpl.java:requestVote(1291)) - s4@group-29DD907A7165: receive requestVote(PRE_VOTE, s1, group-29DD907A7165, 2, (t:1, i:0))
2022-11-01 02:15:28,462 [grpc-default-executor-24] INFO  impl.VoteContext (VoteContext.java:log(49)) - s4@group-29DD907A7165-LEADER: reject PRE_VOTE from s1: this server is the leader and still has leadership
2022-11-01 02:15:28,462 [grpc-default-executor-24] INFO  server.RaftServer$Division (RaftServerImpl.java:requestVote(1324)) - s4@group-29DD907A7165 replies to PRE_VOTE vote request: s1<-s4#0:FAIL-t2. Peer's state: s4@group-29DD907A7165:t2, leader=s4, voted=s4, raftlog=Memoized:s4@group-29DD907A7165-SegmentedRaftLog:OPENED:c0, conf=0: peers:[s3|rpc:localhost:46863|admin:localhost:41281|client:localhost:41041|dataStream:localhost:44363|priority:0|startupRole:FOLLOWER, s4|rpc:localhost:36775|admin:localhost:35477|client:localhost:46475|dataStream:localhost:42557|priority:0|startupRole:FOLLOWER, s0|rpc:localhost:33119|admin:localhost:42011|client:localhost:45597|dataStream:localhost:34507|priority:0|startupRole:FOLLOWER, s1|rpc:localhost:43051|admin:localhost:41551|client:localhost:45233|dataStream:localhost:41779|priority:0|startupRole:FOLLOWER, s2|rpc:localhost:41201|admin:localhost:41487|client:localhost:41547|dataStream:localhost:43565|priority:0|startupRole:FOLLOWER]|listeners:[], old=null
2022-11-01 02:15:28,462 [grpc-default-executor-2] INFO  server.RaftServer$Division (RaftServerImpl.java:requestVote(1291)) - s0@group-29DD907A7165: receive requestVote(PRE_VOTE, s1, group-29DD907A7165, 2, (t:1, i:0))
2022-11-01 02:15:28,462 [grpc-default-executor-2] INFO  impl.VoteContext (VoteContext.java:log(49)) - s0@group-29DD907A7165-FOLLOWER: reject PRE_VOTE from s1: our last entry (t:2, i:0) > candidate's last entry (t:1, i:0)
2022-11-01 02:15:28,462 [grpc-default-executor-2] INFO  server.RaftServer$Division (RaftServerImpl.java:requestVote(1324)) - s0@group-29DD907A7165 replies to PRE_VOTE vote request: s1<-s0#0:FAIL-t2. Peer's state: s0@group-29DD907A7165:t2, leader=s4, voted=s4, raftlog=Memoized:s0@group-29DD907A7165-SegmentedRaftLog:OPENED:c0, conf=0: peers:[s3|rpc:localhost:46863|admin:localhost:41281|client:localhost:41041|dataStream:localhost:44363|priority:0|startupRole:FOLLOWER, s4|rpc:localhost:36775|admin:localhost:35477|client:localhost:46475|dataStream:localhost:42557|priority:0|startupRole:FOLLOWER, s0|rpc:localhost:33119|admin:localhost:42011|client:localhost:45597|dataStream:localhost:34507|priority:0|startupRole:FOLLOWER, s1|rpc:localhost:43051|admin:localhost:41551|client:localhost:45233|dataStream:localhost:41779|priority:0|startupRole:FOLLOWER, s2|rpc:localhost:41201|admin:localhost:41487|client:localhost:41547|dataStream:localhost:43565|priority:0|startupRole:FOLLOWER]|listeners:[], old=null
2022-11-01 02:15:28,463 [grpc-default-executor-5] INFO  server.RaftServer$Division (RaftServerImpl.java:requestVote(1291)) - s2@group-29DD907A7165: receive requestVote(PRE_VOTE, s1, group-29DD907A7165, 2, (t:1, i:0))
2022-11-01 02:15:28,463 [grpc-default-executor-5] INFO  impl.VoteContext (VoteContext.java:log(49)) - s2@group-29DD907A7165-FOLLOWER: reject PRE_VOTE from s1: this server is a follower and still has a valid leader s4
2022-11-01 02:15:28,463 [grpc-default-executor-5] INFO  server.RaftServer$Division (RaftServerImpl.java:requestVote(1324)) - s2@group-29DD907A7165 replies to PRE_VOTE vote request: s1<-s2#0:FAIL-t2. Peer's state: s2@group-29DD907A7165:t2, leader=s4, voted=s4, raftlog=Memoized:s2@group-29DD907A7165-SegmentedRaftLog:OPENED:c0, conf=0: peers:[s3|rpc:localhost:46863|admin:localhost:41281|client:localhost:41041|dataStream:localhost:44363|priority:0|startupRole:FOLLOWER, s4|rpc:localhost:36775|admin:localhost:35477|client:localhost:46475|dataStream:localhost:42557|priority:0|startupRole:FOLLOWER, s0|rpc:localhost:33119|admin:localhost:42011|client:localhost:45597|dataStream:localhost:34507|priority:0|startupRole:FOLLOWER, s1|rpc:localhost:43051|admin:localhost:41551|client:localhost:45233|dataStream:localhost:41779|priority:0|startupRole:FOLLOWER, s2|rpc:localhost:41201|admin:localhost:41487|client:localhost:41547|dataStream:localhost:43565|priority:0|startupRole:FOLLOWER]|listeners:[], old=null
2022-11-01 02:15:28,465 [s1@group-29DD907A7165-LeaderElection61] INFO  impl.LeaderElection (LeaderElection.java:logAndReturn(89)) - s1@group-29DD907A7165-LeaderElection61: PRE_VOTE REJECTED received 3 response(s) and 0 exception(s):
2022-11-01 02:15:28,465 [s1@group-29DD907A7165-LeaderElection61] INFO  impl.LeaderElection (LeaderElection.java:logAndReturn(93)) -   Response 0: s1<-s3#0:FAIL-t2
2022-11-01 02:15:28,465 [s1@group-29DD907A7165-LeaderElection61] INFO  impl.LeaderElection (LeaderElection.java:logAndReturn(93)) -   Response 1: s1<-s4#0:FAIL-t2
2022-11-01 02:15:28,465 [s1@group-29DD907A7165-LeaderElection61] INFO  impl.LeaderElection (LeaderElection.java:logAndReturn(93)) -   Response 2: s1<-s0#0:FAIL-t2
2022-11-01 02:15:28,465 [s1@group-29DD907A7165-LeaderElection61] INFO  impl.LeaderElection (LeaderElection.java:askForVotes(311)) - s1@group-29DD907A7165-LeaderElection61 PRE_VOTE round 0: result REJECTED
2022-11-01 02:15:28,465 [s1@group-29DD907A7165-LeaderElection61] INFO  server.RaftServer$Division (RaftServerImpl.java:setRole(325)) - s1@group-29DD907A7165: changes role from CANDIDATE to FOLLOWER at term 2 for REJECTED
2022-11-01 02:15:28,465 [s1@group-29DD907A7165-LeaderElection61] INFO  impl.RoleInfo (RoleInfo.java:shutdownLeaderElection(130)) - s1: shutdown s1@group-29DD907A7165-LeaderElection61
2022-11-01 02:15:28,465 [s1@group-29DD907A7165-LeaderElection61] INFO  impl.RoleInfo (RoleInfo.java:updateAndGet(139)) - s1: start s1@group-29DD907A7165-FollowerState
2022-11-01 02:15:28,540 [s4@group-29DD907A7165->s2-GrpcLogAppender-LogAppenderDaemon] INFO  util.CodeInjectionForTesting (DelayLocalExecutionInjection.java:execute(65)) - s4 delay 150 ms, args=[serverRequest {
  requestorId: "s4"
  replyId: "s2"
  raftGroupId {
    id: "\306I{yg\341A\222\264\356)\335\220zqe"
  }
  callId: 148
  slidingWindowEntry {
  }
}
leaderTerm: 2
previousLog {
  term: 2
}
initializing: true
commitInfos {
  server {
    id: "s4"
    address: "localhost:36775"
    dataStreamAddress: "localhost:42557"
    clientAddress: "localhost:46475"
    adminAddress: "localhost:35477"
    startupRole: FOLLOWER
  }
}
commitInfos {
  server {
    id: "s3"
    address: "localhost:46863"
    dataStreamAddress: "localhost:44363"
    clientAddress: "localhost:41041"
    adminAddress: "localhost:41281"
    startupRole: FOLLOWER
  }
}
commitInfos {
  server {
    id: "s0"
    address: "localhost:33119"
    dataStreamAddress: "localhost:34507"
    clientAddress: "localhost:45597"
    adminAddress: "localhost:42011"
    startupRole: FOLLOWER
  }
}
commitInfos {
  server {
    id: "s1"
    address: "localhost:43051"
    dataStreamAddress: "localhost:41779"
    clientAddress: "localhost:45233"
    adminAddress: "localhost:41551"
    startupRole: FOLLOWER
  }
}
commitInfos {
  server {
    id: "s2"
    address: "localhost:41201"
    dataStreamAddress: "localhost:43565"
    clientAddress: "localhost:41547"
    adminAddress: "localhost:41487"
    startupRole: FOLLOWER
  }
}
]
2022-11-01 02:15:28,541 [s4@group-29DD907A7165->s3-GrpcLogAppender-LogAppenderDaemon] INFO  util.CodeInjectionForTesting (DelayLocalExecutionInjection.java:execute(65)) - s4 delay 150 ms, args=[serverRequest {
  requestorId: "s4"
  replyId: "s3"
  raftGroupId {
    id: "\306I{yg\341A\222\264\356)\335\220zqe"
  }
  callId: 152
  slidingWindowEntry {
  }
}
leaderTerm: 2
previousLog {
  term: 2
}
initializing: true
commitInfos {
  server {
    id: "s4"
    address: "localhost:36775"
    dataStreamAddress: "localhost:42557"
    clientAddress: "localhost:46475"
    adminAddress: "localhost:35477"
    startupRole: FOLLOWER
  }
}
commitInfos {
  server {
    id: "s3"
    address: "localhost:46863"
    dataStreamAddress: "localhost:44363"
    clientAddress: "localhost:41041"
    adminAddress: "localhost:41281"
    startupRole: FOLLOWER
  }
}
commitInfos {
  server {
    id: "s0"
    address: "localhost:33119"
    dataStreamAddress: "localhost:34507"
    clientAddress: "localhost:45597"
    adminAddress: "localhost:42011"
    startupRole: FOLLOWER
  }
}
commitInfos {
  server {
    id: "s1"
    address: "localhost:43051"
    dataStreamAddress: "localhost:41779"
    clientAddress: "localhost:45233"
    adminAddress: "localhost:41551"
    startupRole: FOLLOWER
  }
}
commitInfos {
  server {
    id: "s2"
    address: "localhost:41201"
    dataStreamAddress: "localhost:43565"
    clientAddress: "localhost:41547"
    adminAddress: "localhost:41487"
    startupRole: FOLLOWER
  }
}
]
2022-11-01 02:15:28,541 [s4@group-29DD907A7165->s0-GrpcLogAppender-LogAppenderDaemon] INFO  util.CodeInjectionForTesting (DelayLocalExecutionInjection.java:execute(65)) - s4 delay 150 ms, args=[serverRequest {
  requestorId: "s4"
  replyId: "s0"
  raftGroupId {
    id: "\306I{yg\341A\222\264\356)\335\220zqe"
  }
  callId: 162
  slidingWindowEntry {
  }
}
leaderTerm: 2
previousLog {
  term: 2
}
initializing: true
commitInfos {
  server {
    id: "s4"
    address: "localhost:36775"
    dataStreamAddress: "localhost:42557"
    clientAddress: "localhost:46475"
    adminAddress: "localhost:35477"
    startupRole: FOLLOWER
  }
}
commitInfos {
  server {
    id: "s3"
    address: "localhost:46863"
    dataStreamAddress: "localhost:44363"
    clientAddress: "localhost:41041"
    adminAddress: "localhost:41281"
    startupRole: FOLLOWER
  }
}
commitInfos {
  server {
    id: "s0"
    address: "localhost:33119"
    dataStreamAddress: "localhost:34507"
    clientAddress: "localhost:45597"
    adminAddress: "localhost:42011"
    startupRole: FOLLOWER
  }
}
commitInfos {
  server {
    id: "s1"
    address: "localhost:43051"
    dataStreamAddress: "localhost:41779"
    clientAddress: "localhost:45233"
    adminAddress: "localhost:41551"
    startupRole: FOLLOWER
  }
}
commitInfos {
  server {
    id: "s2"
    address: "localhost:41201"
    dataStreamAddress: "localhost:43565"
    clientAddress: "localhost:41547"
    adminAddress: "localhost:41487"
    startupRole: FOLLOWER
  }
}
]
2022-11-01 02:15:28,605 [s4@group-29DD907A7165->s1-GrpcLogAppender-LogAppenderDaemon] INFO  util.CodeInjectionForTesting (DelayLocalExecutionInjection.java:execute(65)) - s4 delay 150 ms, args=[serverRequest {
  requestorId: "s4"
  replyId: "s1"
  raftGroupId {
    id: "\306I{yg\341A\222\264\356)\335\220zqe"
  }
  callId: 304
  slidingWindowEntry {
  }
}
leaderTerm: 2
previousLog {
  term: 2
}
initializing: true
commitInfos {
  server {
    id: "s4"
    address: "localhost:36775"
    dataStreamAddress: "localhost:42557"
    clientAddress: "localhost:46475"
    adminAddress: "localhost:35477"
    startupRole: FOLLOWER
  }
}
commitInfos {
  server {
    id: "s3"
    address: "localhost:46863"
    dataStreamAddress: "localhost:44363"
    clientAddress: "localhost:41041"
    adminAddress: "localhost:41281"
    startupRole: FOLLOWER
  }
}
commitInfos {
  server {
    id: "s0"
    address: "localhost:33119"
    dataStreamAddress: "localhost:34507"
    clientAddress: "localhost:45597"
    adminAddress: "localhost:42011"
    startupRole: FOLLOWER
  }
}
commitInfos {
  server {
    id: "s1"
    address: "localhost:43051"
    dataStreamAddress: "localhost:41779"
    clientAddress: "localhost:45233"
    adminAddress: "localhost:41551"
    startupRole: FOLLOWER
  }
}
commitInfos {
  server {
    id: "s2"
    address: "localhost:41201"
    dataStreamAddress: "localhost:43565"
    clientAddress: "localhost:41547"
    adminAddress: "localhost:41487"
    startupRole: FOLLOWER
  }
}
]
2022-11-01 02:15:28,670 [s2@group-29DD907A7165-FollowerState] INFO  impl.FollowerState (FollowerState.java:run(143)) - s2@group-29DD907A7165-FollowerState: change to CANDIDATE, lastRpcElapsedTime:207670896ns, electionTimeout:199ms
2022-11-01 02:15:28,670 [s2@group-29DD907A7165-FollowerState] INFO  impl.RoleInfo (RoleInfo.java:shutdownFollowerState(110)) - s2: shutdown s2@group-29DD907A7165-FollowerState
2022-11-01 02:15:28,671 [s2@group-29DD907A7165-FollowerState] INFO  server.RaftServer$Division (RaftServerImpl.java:setRole(325)) - s2@group-29DD907A7165: changes role from  FOLLOWER to CANDIDATE at term 2 for changeToCandidate
2022-11-01 02:15:28,671 [s2@group-29DD907A7165-FollowerState] INFO  server.RaftServerConfigKeys (ConfUtils.java:logGet(46)) - raft.server.leaderelection.pre-vote = true (default)
2022-11-01 02:15:28,671 [s2@group-29DD907A7165-FollowerState] INFO  impl.RoleInfo (RoleInfo.java:updateAndGet(139)) - s2: start s2@group-29DD907A7165-LeaderElection62
2022-11-01 02:15:28,671 [s2@group-29DD907A7165-LeaderElection62] INFO  server.RaftServer$Division (ServerState.java:setLeader(259)) - s2@group-29DD907A7165: change Leader from s4 to null at term 2 for PRE_VOTE
2022-11-01 02:15:28,671 [s2@group-29DD907A7165-LeaderElection62] INFO  impl.LeaderElection (LeaderElection.java:askForVotes(309)) - s2@group-29DD907A7165-LeaderElection62 PRE_VOTE round 0: submit vote requests at term 2 for 0: peers:[s3|rpc:localhost:46863|admin:localhost:41281|client:localhost:41041|dataStream:localhost:44363|priority:0|startupRole:FOLLOWER, s4|rpc:localhost:36775|admin:localhost:35477|client:localhost:46475|dataStream:localhost:42557|priority:0|startupRole:FOLLOWER, s0|rpc:localhost:33119|admin:localhost:42011|client:localhost:45597|dataStream:localhost:34507|priority:0|startupRole:FOLLOWER, s1|rpc:localhost:43051|admin:localhost:41551|client:localhost:45233|dataStream:localhost:41779|priority:0|startupRole:FOLLOWER, s2|rpc:localhost:41201|admin:localhost:41487|client:localhost:41547|dataStream:localhost:43565|priority:0|startupRole:FOLLOWER]|listeners:[], old=null
2022-11-01 02:15:28,672 [s2@group-29DD907A7165-LeaderElection62-1] INFO  util.CodeInjectionForTesting (DelayLocalExecutionInjection.java:execute(65)) - s2 delay 150 ms, args=[serverRequest {
  requestorId: "s2"
  replyId: "s3"
  raftGroupId {
    id: "\306I{yg\341A\222\264\356)\335\220zqe"
  }
  slidingWindowEntry {
  }
}
candidateTerm: 2
candidateLastEntry {
  term: 2
}
preVote: true
]
2022-11-01 02:15:28,672 [s2@group-29DD907A7165-LeaderElection62-2] INFO  util.CodeInjectionForTesting (DelayLocalExecutionInjection.java:execute(65)) - s2 delay 150 ms, args=[serverRequest {
  requestorId: "s2"
  replyId: "s4"
  raftGroupId {
    id: "\306I{yg\341A\222\264\356)\335\220zqe"
  }
  slidingWindowEntry {
  }
}
candidateTerm: 2
candidateLastEntry {
  term: 2
}
preVote: true
]
2022-11-01 02:15:28,672 [s2@group-29DD907A7165-LeaderElection62-3] INFO  util.CodeInjectionForTesting (DelayLocalExecutionInjection.java:execute(65)) - s2 delay 150 ms, args=[serverRequest {
  requestorId: "s2"
  replyId: "s0"
  raftGroupId {
    id: "\306I{yg\341A\222\264\356)\335\220zqe"
  }
  slidingWindowEntry {
  }
}
candidateTerm: 2
candidateLastEntry {
  term: 2
}
preVote: true
]
2022-11-01 02:15:28,673 [s2@group-29DD907A7165-LeaderElection62-4] INFO  util.CodeInjectionForTesting (DelayLocalExecutionInjection.java:execute(65)) - s2 delay 150 ms, args=[serverRequest {
  requestorId: "s2"
  replyId: "s1"
  raftGroupId {
    id: "\306I{yg\341A\222\264\356)\335\220zqe"
  }
  slidingWindowEntry {
  }
}
candidateTerm: 2
candidateLastEntry {
  term: 2
}
preVote: true
]
2022-11-01 02:15:28,691 [s2-server-thread1] INFO  server.RaftServer$Division (RaftServerImpl.java:setRole(325)) - s2@group-29DD907A7165: changes role from CANDIDATE to FOLLOWER at term 2 for appendEntries
2022-11-01 02:15:28,691 [s2-server-thread1] INFO  impl.RoleInfo (RoleInfo.java:shutdownLeaderElection(130)) - s2: shutdown s2@group-29DD907A7165-LeaderElection62
2022-11-01 02:15:28,691 [s2-server-thread1] INFO  impl.RoleInfo (RoleInfo.java:updateAndGet(139)) - s2: start s2@group-29DD907A7165-FollowerState
2022-11-01 02:15:28,692 [s2-server-thread1] INFO  server.RaftServer$Division (ServerState.java:setLeader(259)) - s2@group-29DD907A7165: change Leader from null to s4 at term 2 for appendEntries, leader elected after 20ms
2022-11-01 02:15:28,763 [s1@group-29DD907A7165-FollowerState] INFO  impl.FollowerState (FollowerState.java:run(143)) - s1@group-29DD907A7165-FollowerState: change to CANDIDATE, lastRpcElapsedTime:297769933ns, electionTimeout:297ms
2022-11-01 02:15:28,763 [s1@group-29DD907A7165-FollowerState] INFO  impl.RoleInfo (RoleInfo.java:shutdownFollowerState(110)) - s1: shutdown s1@group-29DD907A7165-FollowerState
2022-11-01 02:15:28,763 [s1@group-29DD907A7165-FollowerState] INFO  server.RaftServer$Division (RaftServerImpl.java:setRole(325)) - s1@group-29DD907A7165: changes role from  FOLLOWER to CANDIDATE at term 2 for changeToCandidate
2022-11-01 02:15:28,764 [s1@group-29DD907A7165-FollowerState] INFO  server.RaftServerConfigKeys (ConfUtils.java:logGet(46)) - raft.server.leaderelection.pre-vote = true (default)
2022-11-01 02:15:28,764 [s1@group-29DD907A7165-FollowerState] INFO  impl.RoleInfo (RoleInfo.java:updateAndGet(139)) - s1: start s1@group-29DD907A7165-LeaderElection63
2022-11-01 02:15:28,764 [s1@group-29DD907A7165-LeaderElection63] INFO  impl.LeaderElection (LeaderElection.java:askForVotes(309)) - s1@group-29DD907A7165-LeaderElection63 PRE_VOTE round 0: submit vote requests at term 2 for 0: peers:[s3|rpc:localhost:46863|admin:localhost:41281|client:localhost:41041|dataStream:localhost:44363|priority:0|startupRole:FOLLOWER, s4|rpc:localhost:36775|admin:localhost:35477|client:localhost:46475|dataStream:localhost:42557|priority:0|startupRole:FOLLOWER, s0|rpc:localhost:33119|admin:localhost:42011|client:localhost:45597|dataStream:localhost:34507|priority:0|startupRole:FOLLOWER, s1|rpc:localhost:43051|admin:localhost:41551|client:localhost:45233|dataStream:localhost:41779|priority:0|startupRole:FOLLOWER, s2|rpc:localhost:41201|admin:localhost:41487|client:localhost:41547|dataStream:localhost:43565|priority:0|startupRole:FOLLOWER]|listeners:[], old=null
2022-11-01 02:15:28,766 [grpc-default-executor-24] INFO  server.RaftServer$Division (RaftServerImpl.java:requestVote(1291)) - s3@group-29DD907A7165: receive requestVote(PRE_VOTE, s1, group-29DD907A7165, 2, (t:1, i:0))
2022-11-01 02:15:28,766 [grpc-default-executor-24] INFO  impl.VoteContext (VoteContext.java:log(49)) - s3@group-29DD907A7165-FOLLOWER: reject PRE_VOTE from s1: this server is a follower and still has a valid leader s4
2022-11-01 02:15:28,766 [grpc-default-executor-24] INFO  server.RaftServer$Division (RaftServerImpl.java:requestVote(1324)) - s3@group-29DD907A7165 replies to PRE_VOTE vote request: s1<-s3#0:FAIL-t2. Peer's state: s3@group-29DD907A7165:t2, leader=s4, voted=s4, raftlog=Memoized:s3@group-29DD907A7165-SegmentedRaftLog:OPENED:c0, conf=0: peers:[s3|rpc:localhost:46863|admin:localhost:41281|client:localhost:41041|dataStream:localhost:44363|priority:0|startupRole:FOLLOWER, s4|rpc:localhost:36775|admin:localhost:35477|client:localhost:46475|dataStream:localhost:42557|priority:0|startupRole:FOLLOWER, s0|rpc:localhost:33119|admin:localhost:42011|client:localhost:45597|dataStream:localhost:34507|priority:0|startupRole:FOLLOWER, s1|rpc:localhost:43051|admin:localhost:41551|client:localhost:45233|dataStream:localhost:41779|priority:0|startupRole:FOLLOWER, s2|rpc:localhost:41201|admin:localhost:41487|client:localhost:41547|dataStream:localhost:43565|priority:0|startupRole:FOLLOWER]|listeners:[], old=null
2022-11-01 02:15:28,767 [grpc-default-executor-24] INFO  server.RaftServer$Division (RaftServerImpl.java:requestVote(1291)) - s4@group-29DD907A7165: receive requestVote(PRE_VOTE, s1, group-29DD907A7165, 2, (t:1, i:0))
2022-11-01 02:15:28,767 [grpc-default-executor-24] INFO  impl.VoteContext (VoteContext.java:log(49)) - s4@group-29DD907A7165-LEADER: reject PRE_VOTE from s1: this server is the leader and still has leadership
2022-11-01 02:15:28,768 [grpc-default-executor-24] INFO  server.RaftServer$Division (RaftServerImpl.java:requestVote(1324)) - s4@group-29DD907A7165 replies to PRE_VOTE vote request: s1<-s4#0:FAIL-t2. Peer's state: s4@group-29DD907A7165:t2, leader=s4, voted=s4, raftlog=Memoized:s4@group-29DD907A7165-SegmentedRaftLog:OPENED:c0, conf=0: peers:[s3|rpc:localhost:46863|admin:localhost:41281|client:localhost:41041|dataStream:localhost:44363|priority:0|startupRole:FOLLOWER, s4|rpc:localhost:36775|admin:localhost:35477|client:localhost:46475|dataStream:localhost:42557|priority:0|startupRole:FOLLOWER, s0|rpc:localhost:33119|admin:localhost:42011|client:localhost:45597|dataStream:localhost:34507|priority:0|startupRole:FOLLOWER, s1|rpc:localhost:43051|admin:localhost:41551|client:localhost:45233|dataStream:localhost:41779|priority:0|startupRole:FOLLOWER, s2|rpc:localhost:41201|admin:localhost:41487|client:localhost:41547|dataStream:localhost:43565|priority:0|startupRole:FOLLOWER]|listeners:[], old=null
2022-11-01 02:15:28,768 [s4@group-29DD907A7165->s3-GrpcLogAppender-LogAppenderDaemon] INFO  util.CodeInjectionForTesting (DelayLocalExecutionInjection.java:execute(65)) - s4 delay 150 ms, args=[serverRequest {
  requestorId: "s4"
  replyId: "s3"
  raftGroupId {
    id: "\306I{yg\341A\222\264\356)\335\220zqe"
  }
  callId: 153
  slidingWindowEntry {
  }
}
leaderTerm: 2
previousLog {
  term: 2
}
initializing: true
commitInfos {
  server {
    id: "s4"
    address: "localhost:36775"
    dataStreamAddress: "localhost:42557"
    clientAddress: "localhost:46475"
    adminAddress: "localhost:35477"
    startupRole: FOLLOWER
  }
}
commitInfos {
  server {
    id: "s3"
    address: "localhost:46863"
    dataStreamAddress: "localhost:44363"
    clientAddress: "localhost:41041"
    adminAddress: "localhost:41281"
    startupRole: FOLLOWER
  }
}
commitInfos {
  server {
    id: "s0"
    address: "localhost:33119"
    dataStreamAddress: "localhost:34507"
    clientAddress: "localhost:45597"
    adminAddress: "localhost:42011"
    startupRole: FOLLOWER
  }
}
commitInfos {
  server {
    id: "s1"
    address: "localhost:43051"
    dataStreamAddress: "localhost:41779"
    clientAddress: "localhost:45233"
    adminAddress: "localhost:41551"
    startupRole: FOLLOWER
  }
}
commitInfos {
  server {
    id: "s2"
    address: "localhost:41201"
    dataStreamAddress: "localhost:43565"
    clientAddress: "localhost:41547"
    adminAddress: "localhost:41487"
    startupRole: FOLLOWER
  }
}
]
2022-11-01 02:15:28,769 [s4@group-29DD907A7165->s2-GrpcLogAppender-LogAppenderDaemon] INFO  util.CodeInjectionForTesting (DelayLocalExecutionInjection.java:execute(65)) - s4 delay 150 ms, args=[serverRequest {
  requestorId: "s4"
  replyId: "s2"
  raftGroupId {
    id: "\306I{yg\341A\222\264\356)\335\220zqe"
  }
  callId: 149
  slidingWindowEntry {
  }
}
leaderTerm: 2
previousLog {
  term: 2
}
initializing: true
commitInfos {
  server {
    id: "s4"
    address: "localhost:36775"
    dataStreamAddress: "localhost:42557"
    clientAddress: "localhost:46475"
    adminAddress: "localhost:35477"
    startupRole: FOLLOWER
  }
}
commitInfos {
  server {
    id: "s3"
    address: "localhost:46863"
    dataStreamAddress: "localhost:44363"
    clientAddress: "localhost:41041"
    adminAddress: "localhost:41281"
    startupRole: FOLLOWER
  }
}
commitInfos {
  server {
    id: "s0"
    address: "localhost:33119"
    dataStreamAddress: "localhost:34507"
    clientAddress: "localhost:45597"
    adminAddress: "localhost:42011"
    startupRole: FOLLOWER
  }
}
commitInfos {
  server {
    id: "s1"
    address: "localhost:43051"
    dataStreamAddress: "localhost:41779"
    clientAddress: "localhost:45233"
    adminAddress: "localhost:41551"
    startupRole: FOLLOWER
  }
}
commitInfos {
  server {
    id: "s2"
    address: "localhost:41201"
    dataStreamAddress: "localhost:43565"
    clientAddress: "localhost:41547"
    adminAddress: "localhost:41487"
    startupRole: FOLLOWER
  }
}
]
2022-11-01 02:15:28,769 [grpc-default-executor-24] INFO  server.RaftServer$Division (RaftServerImpl.java:requestVote(1291)) - s0@group-29DD907A7165: receive requestVote(PRE_VOTE, s1, group-29DD907A7165, 2, (t:1, i:0))
2022-11-01 02:15:28,769 [grpc-default-executor-24] INFO  impl.VoteContext (VoteContext.java:log(49)) - s0@group-29DD907A7165-FOLLOWER: reject PRE_VOTE from s1: this server is a follower and still has a valid leader s4
2022-11-01 02:15:28,769 [grpc-default-executor-24] INFO  server.RaftServer$Division (RaftServerImpl.java:requestVote(1324)) - s0@group-29DD907A7165 replies to PRE_VOTE vote request: s1<-s0#0:FAIL-t2. Peer's state: s0@group-29DD907A7165:t2, leader=s4, voted=s4, raftlog=Memoized:s0@group-29DD907A7165-SegmentedRaftLog:OPENED:c0, conf=0: peers:[s3|rpc:localhost:46863|admin:localhost:41281|client:localhost:41041|dataStream:localhost:44363|priority:0|startupRole:FOLLOWER, s4|rpc:localhost:36775|admin:localhost:35477|client:localhost:46475|dataStream:localhost:42557|priority:0|startupRole:FOLLOWER, s0|rpc:localhost:33119|admin:localhost:42011|client:localhost:45597|dataStream:localhost:34507|priority:0|startupRole:FOLLOWER, s1|rpc:localhost:43051|admin:localhost:41551|client:localhost:45233|dataStream:localhost:41779|priority:0|startupRole:FOLLOWER, s2|rpc:localhost:41201|admin:localhost:41487|client:localhost:41547|dataStream:localhost:43565|priority:0|startupRole:FOLLOWER]|listeners:[], old=null
2022-11-01 02:15:28,770 [s4@group-29DD907A7165->s0-GrpcLogAppender-LogAppenderDaemon] INFO  util.CodeInjectionForTesting (DelayLocalExecutionInjection.java:execute(65)) - s4 delay 150 ms, args=[serverRequest {
  requestorId: "s4"
  replyId: "s0"
  raftGroupId {
    id: "\306I{yg\341A\222\264\356)\335\220zqe"
  }
  callId: 163
  slidingWindowEntry {
  }
}
leaderTerm: 2
previousLog {
  term: 2
}
initializing: true
commitInfos {
  server {
    id: "s4"
    address: "localhost:36775"
    dataStreamAddress: "localhost:42557"
    clientAddress: "localhost:46475"
    adminAddress: "localhost:35477"
    startupRole: FOLLOWER
  }
}
commitInfos {
  server {
    id: "s3"
    address: "localhost:46863"
    dataStreamAddress: "localhost:44363"
    clientAddress: "localhost:41041"
    adminAddress: "localhost:41281"
    startupRole: FOLLOWER
  }
}
commitInfos {
  server {
    id: "s0"
    address: "localhost:33119"
    dataStreamAddress: "localhost:34507"
    clientAddress: "localhost:45597"
    adminAddress: "localhost:42011"
    startupRole: FOLLOWER
  }
}
commitInfos {
  server {
    id: "s1"
    address: "localhost:43051"
    dataStreamAddress: "localhost:41779"
    clientAddress: "localhost:45233"
    adminAddress: "localhost:41551"
    startupRole: FOLLOWER
  }
}
commitInfos {
  server {
    id: "s2"
    address: "localhost:41201"
    dataStreamAddress: "localhost:43565"
    clientAddress: "localhost:41547"
    adminAddress: "localhost:41487"
    startupRole: FOLLOWER
  }
}
]
2022-11-01 02:15:28,771 [s1@group-29DD907A7165-LeaderElection63] INFO  impl.LeaderElection (LeaderElection.java:logAndReturn(89)) - s1@group-29DD907A7165-LeaderElection63: PRE_VOTE REJECTED received 3 response(s) and 0 exception(s):
2022-11-01 02:15:28,771 [s1@group-29DD907A7165-LeaderElection63] INFO  impl.LeaderElection (LeaderElection.java:logAndReturn(93)) -   Response 0: s1<-s3#0:FAIL-t2
2022-11-01 02:15:28,771 [s1@group-29DD907A7165-LeaderElection63] INFO  impl.LeaderElection (LeaderElection.java:logAndReturn(93)) -   Response 1: s1<-s4#0:FAIL-t2
2022-11-01 02:15:28,771 [s1@group-29DD907A7165-LeaderElection63] INFO  impl.LeaderElection (LeaderElection.java:logAndReturn(93)) -   Response 2: s1<-s0#0:FAIL-t2
2022-11-01 02:15:28,771 [s1@group-29DD907A7165-LeaderElection63] INFO  impl.LeaderElection (LeaderElection.java:askForVotes(311)) - s1@group-29DD907A7165-LeaderElection63 PRE_VOTE round 0: result REJECTED
2022-11-01 02:15:28,771 [s1@group-29DD907A7165-LeaderElection63] INFO  server.RaftServer$Division (RaftServerImpl.java:setRole(325)) - s1@group-29DD907A7165: changes role from CANDIDATE to FOLLOWER at term 2 for REJECTED
2022-11-01 02:15:28,771 [s1@group-29DD907A7165-LeaderElection63] INFO  impl.RoleInfo (RoleInfo.java:shutdownLeaderElection(130)) - s1: shutdown s1@group-29DD907A7165-LeaderElection63
2022-11-01 02:15:28,771 [s1@group-29DD907A7165-LeaderElection63] INFO  impl.RoleInfo (RoleInfo.java:updateAndGet(139)) - s1: start s1@group-29DD907A7165-FollowerState
2022-11-01 02:15:28,771 [grpc-default-executor-24] INFO  server.RaftServer$Division (RaftServerImpl.java:requestVote(1291)) - s2@group-29DD907A7165: receive requestVote(PRE_VOTE, s1, group-29DD907A7165, 2, (t:1, i:0))
2022-11-01 02:15:28,771 [grpc-default-executor-24] INFO  impl.VoteContext (VoteContext.java:log(49)) - s2@group-29DD907A7165-FOLLOWER: reject PRE_VOTE from s1: this server is a follower and still has a valid leader s4
2022-11-01 02:15:28,772 [grpc-default-executor-24] INFO  server.RaftServer$Division (RaftServerImpl.java:requestVote(1324)) - s2@group-29DD907A7165 replies to PRE_VOTE vote request: s1<-s2#0:FAIL-t2. Peer's state: s2@group-29DD907A7165:t2, leader=s4, voted=s4, raftlog=Memoized:s2@group-29DD907A7165-SegmentedRaftLog:OPENED:c0, conf=0: peers:[s3|rpc:localhost:46863|admin:localhost:41281|client:localhost:41041|dataStream:localhost:44363|priority:0|startupRole:FOLLOWER, s4|rpc:localhost:36775|admin:localhost:35477|client:localhost:46475|dataStream:localhost:42557|priority:0|startupRole:FOLLOWER, s0|rpc:localhost:33119|admin:localhost:42011|client:localhost:45597|dataStream:localhost:34507|priority:0|startupRole:FOLLOWER, s1|rpc:localhost:43051|admin:localhost:41551|client:localhost:45233|dataStream:localhost:41779|priority:0|startupRole:FOLLOWER, s2|rpc:localhost:41201|admin:localhost:41487|client:localhost:41547|dataStream:localhost:43565|priority:0|startupRole:FOLLOWER]|listeners:[], old=null
2022-11-01 02:15:28,794 [s4@group-29DD907A7165->s1-GrpcLogAppender-LogAppenderDaemon] INFO  util.CodeInjectionForTesting (DelayLocalExecutionInjection.java:execute(65)) - s4 delay 150 ms, args=[serverRequest {
  requestorId: "s4"
  replyId: "s1"
  raftGroupId {
    id: "\306I{yg\341A\222\264\356)\335\220zqe"
  }
  callId: 305
  slidingWindowEntry {
  }
}
leaderTerm: 2
previousLog {
  term: 2
}
initializing: true
commitInfos {
  server {
    id: "s4"
    address: "localhost:36775"
    dataStreamAddress: "localhost:42557"
    clientAddress: "localhost:46475"
    adminAddress: "localhost:35477"
    startupRole: FOLLOWER
  }
}
commitInfos {
  server {
    id: "s3"
    address: "localhost:46863"
    dataStreamAddress: "localhost:44363"
    clientAddress: "localhost:41041"
    adminAddress: "localhost:41281"
    startupRole: FOLLOWER
  }
}
commitInfos {
  server {
    id: "s0"
    address: "localhost:33119"
    dataStreamAddress: "localhost:34507"
    clientAddress: "localhost:45597"
    adminAddress: "localhost:42011"
    startupRole: FOLLOWER
  }
}
commitInfos {
  server {
    id: "s1"
    address: "localhost:43051"
    dataStreamAddress: "localhost:41779"
    clientAddress: "localhost:45233"
    adminAddress: "localhost:41551"
    startupRole: FOLLOWER
  }
}
commitInfos {
  server {
    id: "s2"
    address: "localhost:41201"
    dataStreamAddress: "localhost:43565"
    clientAddress: "localhost:41547"
    adminAddress: "localhost:41487"
    startupRole: FOLLOWER
  }
}
]
2022-11-01 02:15:28,824 [grpc-default-executor-2] INFO  server.RaftServer$Division (RaftServerImpl.java:requestVote(1291)) - s4@group-29DD907A7165: receive requestVote(PRE_VOTE, s2, group-29DD907A7165, 2, (t:2, i:0))
2022-11-01 02:15:28,824 [grpc-default-executor-2] INFO  impl.VoteContext (VoteContext.java:log(49)) - s4@group-29DD907A7165-LEADER: reject PRE_VOTE from s2: this server is the leader and still has leadership
2022-11-01 02:15:28,824 [grpc-default-executor-2] INFO  server.RaftServer$Division (RaftServerImpl.java:requestVote(1324)) - s4@group-29DD907A7165 replies to PRE_VOTE vote request: s2<-s4#0:FAIL-t2. Peer's state: s4@group-29DD907A7165:t2, leader=s4, voted=s4, raftlog=Memoized:s4@group-29DD907A7165-SegmentedRaftLog:OPENED:c0, conf=0: peers:[s3|rpc:localhost:46863|admin:localhost:41281|client:localhost:41041|dataStream:localhost:44363|priority:0|startupRole:FOLLOWER, s4|rpc:localhost:36775|admin:localhost:35477|client:localhost:46475|dataStream:localhost:42557|priority:0|startupRole:FOLLOWER, s0|rpc:localhost:33119|admin:localhost:42011|client:localhost:45597|dataStream:localhost:34507|priority:0|startupRole:FOLLOWER, s1|rpc:localhost:43051|admin:localhost:41551|client:localhost:45233|dataStream:localhost:41779|priority:0|startupRole:FOLLOWER, s2|rpc:localhost:41201|admin:localhost:41487|client:localhost:41547|dataStream:localhost:43565|priority:0|startupRole:FOLLOWER]|listeners:[], old=null
2022-11-01 02:15:28,824 [grpc-default-executor-5] INFO  server.RaftServer$Division (RaftServerImpl.java:requestVote(1291)) - s3@group-29DD907A7165: receive requestVote(PRE_VOTE, s2, group-29DD907A7165, 2, (t:2, i:0))
2022-11-01 02:15:28,825 [grpc-default-executor-5] INFO  impl.VoteContext (VoteContext.java:log(49)) - s3@group-29DD907A7165-FOLLOWER: reject PRE_VOTE from s2: this server is a follower and still has a valid leader s4
2022-11-01 02:15:28,825 [grpc-default-executor-5] INFO  server.RaftServer$Division (RaftServerImpl.java:requestVote(1324)) - s3@group-29DD907A7165 replies to PRE_VOTE vote request: s2<-s3#0:FAIL-t2. Peer's state: s3@group-29DD907A7165:t2, leader=s4, voted=s4, raftlog=Memoized:s3@group-29DD907A7165-SegmentedRaftLog:OPENED:c0, conf=0: peers:[s3|rpc:localhost:46863|admin:localhost:41281|client:localhost:41041|dataStream:localhost:44363|priority:0|startupRole:FOLLOWER, s4|rpc:localhost:36775|admin:localhost:35477|client:localhost:46475|dataStream:localhost:42557|priority:0|startupRole:FOLLOWER, s0|rpc:localhost:33119|admin:localhost:42011|client:localhost:45597|dataStream:localhost:34507|priority:0|startupRole:FOLLOWER, s1|rpc:localhost:43051|admin:localhost:41551|client:localhost:45233|dataStream:localhost:41779|priority:0|startupRole:FOLLOWER, s2|rpc:localhost:41201|admin:localhost:41487|client:localhost:41547|dataStream:localhost:43565|priority:0|startupRole:FOLLOWER]|listeners:[], old=null
2022-11-01 02:15:28,825 [grpc-default-executor-24] INFO  server.RaftServer$Division (RaftServerImpl.java:requestVote(1291)) - s0@group-29DD907A7165: receive requestVote(PRE_VOTE, s2, group-29DD907A7165, 2, (t:2, i:0))
2022-11-01 02:15:28,825 [grpc-default-executor-24] INFO  impl.VoteContext (VoteContext.java:log(49)) - s0@group-29DD907A7165-FOLLOWER: reject PRE_VOTE from s2: this server is a follower and still has a valid leader s4
2022-11-01 02:15:28,825 [grpc-default-executor-24] INFO  server.RaftServer$Division (RaftServerImpl.java:requestVote(1324)) - s0@group-29DD907A7165 replies to PRE_VOTE vote request: s2<-s0#0:FAIL-t2. Peer's state: s0@group-29DD907A7165:t2, leader=s4, voted=s4, raftlog=Memoized:s0@group-29DD907A7165-SegmentedRaftLog:OPENED:c0, conf=0: peers:[s3|rpc:localhost:46863|admin:localhost:41281|client:localhost:41041|dataStream:localhost:44363|priority:0|startupRole:FOLLOWER, s4|rpc:localhost:36775|admin:localhost:35477|client:localhost:46475|dataStream:localhost:42557|priority:0|startupRole:FOLLOWER, s0|rpc:localhost:33119|admin:localhost:42011|client:localhost:45597|dataStream:localhost:34507|priority:0|startupRole:FOLLOWER, s1|rpc:localhost:43051|admin:localhost:41551|client:localhost:45233|dataStream:localhost:41779|priority:0|startupRole:FOLLOWER, s2|rpc:localhost:41201|admin:localhost:41487|client:localhost:41547|dataStream:localhost:43565|priority:0|startupRole:FOLLOWER]|listeners:[], old=null
2022-11-01 02:15:28,826 [grpc-default-executor-24] INFO  util.CodeInjectionForTesting (BlockRequestHandlingInjection.java:execute(77)) - s1: Block request from s2
2022-11-01 02:15:28,826 [s2@group-29DD907A7165-LeaderElection62] INFO  impl.LeaderElection (LeaderElection.java:logAndReturn(89)) - s2@group-29DD907A7165-LeaderElection62: PRE_VOTE REJECTED received 1 response(s) and 0 exception(s):
2022-11-01 02:15:28,826 [s2@group-29DD907A7165-LeaderElection62] INFO  impl.LeaderElection (LeaderElection.java:logAndReturn(93)) -   Response 0: s2<-s4#0:FAIL-t2
2022-11-01 02:15:28,826 [s2@group-29DD907A7165-LeaderElection62] INFO  impl.LeaderElection (LeaderElection.java:askForVotes(311)) - s2@group-29DD907A7165-LeaderElection62 PRE_VOTE round 0: result REJECTED
2022-11-01 02:15:28,926 [Time-limited test] INFO  server.RaftServerConfigKeys (ConfUtils.java:logGet(46)) - raft.server.rpc.timeout.max = 300ms (default)
2022-11-01 02:15:28,930 [s1@group-29DD907A7165-FollowerState] INFO  impl.FollowerState (FollowerState.java:run(143)) - s1@group-29DD907A7165-FollowerState: change to CANDIDATE, lastRpcElapsedTime:158800298ns, electionTimeout:158ms
2022-11-01 02:15:28,930 [s1@group-29DD907A7165-FollowerState] INFO  impl.RoleInfo (RoleInfo.java:shutdownFollowerState(110)) - s1: shutdown s1@group-29DD907A7165-FollowerState
2022-11-01 02:15:28,930 [s1@group-29DD907A7165-FollowerState] INFO  server.RaftServer$Division (RaftServerImpl.java:setRole(325)) - s1@group-29DD907A7165: changes role from  FOLLOWER to CANDIDATE at term 2 for changeToCandidate
2022-11-01 02:15:28,930 [s1@group-29DD907A7165-FollowerState] INFO  server.RaftServerConfigKeys (ConfUtils.java:logGet(46)) - raft.server.leaderelection.pre-vote = true (default)
2022-11-01 02:15:28,930 [s1@group-29DD907A7165-FollowerState] INFO  impl.RoleInfo (RoleInfo.java:updateAndGet(139)) - s1: start s1@group-29DD907A7165-LeaderElection64
2022-11-01 02:15:28,930 [s1@group-29DD907A7165-LeaderElection64] INFO  impl.LeaderElection (LeaderElection.java:askForVotes(309)) - s1@group-29DD907A7165-LeaderElection64 PRE_VOTE round 0: submit vote requests at term 2 for 0: peers:[s3|rpc:localhost:46863|admin:localhost:41281|client:localhost:41041|dataStream:localhost:44363|priority:0|startupRole:FOLLOWER, s4|rpc:localhost:36775|admin:localhost:35477|client:localhost:46475|dataStream:localhost:42557|priority:0|startupRole:FOLLOWER, s0|rpc:localhost:33119|admin:localhost:42011|client:localhost:45597|dataStream:localhost:34507|priority:0|startupRole:FOLLOWER, s1|rpc:localhost:43051|admin:localhost:41551|client:localhost:45233|dataStream:localhost:41779|priority:0|startupRole:FOLLOWER, s2|rpc:localhost:41201|admin:localhost:41487|client:localhost:41547|dataStream:localhost:43565|priority:0|startupRole:FOLLOWER]|listeners:[], old=null
2022-11-01 02:15:28,932 [grpc-default-executor-2] INFO  server.RaftServer$Division (RaftServerImpl.java:requestVote(1291)) - s0@group-29DD907A7165: receive requestVote(PRE_VOTE, s1, group-29DD907A7165, 2, (t:1, i:0))
2022-11-01 02:15:28,933 [grpc-default-executor-2] INFO  impl.VoteContext (VoteContext.java:log(49)) - s0@group-29DD907A7165-FOLLOWER: reject PRE_VOTE from s1: this server is a follower and still has a valid leader s4
2022-11-01 02:15:28,933 [grpc-default-executor-2] INFO  server.RaftServer$Division (RaftServerImpl.java:requestVote(1324)) - s0@group-29DD907A7165 replies to PRE_VOTE vote request: s1<-s0#0:FAIL-t2. Peer's state: s0@group-29DD907A7165:t2, leader=s4, voted=s4, raftlog=Memoized:s0@group-29DD907A7165-SegmentedRaftLog:OPENED:c0, conf=0: peers:[s3|rpc:localhost:46863|admin:localhost:41281|client:localhost:41041|dataStream:localhost:44363|priority:0|startupRole:FOLLOWER, s4|rpc:localhost:36775|admin:localhost:35477|client:localhost:46475|dataStream:localhost:42557|priority:0|startupRole:FOLLOWER, s0|rpc:localhost:33119|admin:localhost:42011|client:localhost:45597|dataStream:localhost:34507|priority:0|startupRole:FOLLOWER, s1|rpc:localhost:43051|admin:localhost:41551|client:localhost:45233|dataStream:localhost:41779|priority:0|startupRole:FOLLOWER, s2|rpc:localhost:41201|admin:localhost:41487|client:localhost:41547|dataStream:localhost:43565|priority:0|startupRole:FOLLOWER]|listeners:[], old=null
2022-11-01 02:15:28,933 [grpc-default-executor-5] INFO  server.RaftServer$Division (RaftServerImpl.java:requestVote(1291)) - s4@group-29DD907A7165: receive requestVote(PRE_VOTE, s1, group-29DD907A7165, 2, (t:1, i:0))
2022-11-01 02:15:28,934 [grpc-default-executor-5] INFO  impl.VoteContext (VoteContext.java:log(49)) - s4@group-29DD907A7165-LEADER: reject PRE_VOTE from s1: this server is the leader and still has leadership
2022-11-01 02:15:28,934 [grpc-default-executor-5] INFO  server.RaftServer$Division (RaftServerImpl.java:requestVote(1324)) - s4@group-29DD907A7165 replies to PRE_VOTE vote request: s1<-s4#0:FAIL-t2. Peer's state: s4@group-29DD907A7165:t2, leader=s4, voted=s4, raftlog=Memoized:s4@group-29DD907A7165-SegmentedRaftLog:OPENED:c0, conf=0: peers:[s3|rpc:localhost:46863|admin:localhost:41281|client:localhost:41041|dataStream:localhost:44363|priority:0|startupRole:FOLLOWER, s4|rpc:localhost:36775|admin:localhost:35477|client:localhost:46475|dataStream:localhost:42557|priority:0|startupRole:FOLLOWER, s0|rpc:localhost:33119|admin:localhost:42011|client:localhost:45597|dataStream:localhost:34507|priority:0|startupRole:FOLLOWER, s1|rpc:localhost:43051|admin:localhost:41551|client:localhost:45233|dataStream:localhost:41779|priority:0|startupRole:FOLLOWER, s2|rpc:localhost:41201|admin:localhost:41487|client:localhost:41547|dataStream:localhost:43565|priority:0|startupRole:FOLLOWER]|listeners:[], old=null
2022-11-01 02:15:28,935 [grpc-default-executor-5] INFO  server.RaftServer$Division (RaftServerImpl.java:requestVote(1291)) - s3@group-29DD907A7165: receive requestVote(PRE_VOTE, s1, group-29DD907A7165, 2, (t:1, i:0))
2022-11-01 02:15:28,935 [grpc-default-executor-5] INFO  impl.VoteContext (VoteContext.java:log(49)) - s3@group-29DD907A7165-FOLLOWER: reject PRE_VOTE from s1: this server is a follower and still has a valid leader s4
2022-11-01 02:15:28,935 [grpc-default-executor-5] INFO  server.RaftServer$Division (RaftServerImpl.java:requestVote(1324)) - s3@group-29DD907A7165 replies to PRE_VOTE vote request: s1<-s3#0:FAIL-t2. Peer's state: s3@group-29DD907A7165:t2, leader=s4, voted=s4, raftlog=Memoized:s3@group-29DD907A7165-SegmentedRaftLog:OPENED:c0, conf=0: peers:[s3|rpc:localhost:46863|admin:localhost:41281|client:localhost:41041|dataStream:localhost:44363|priority:0|startupRole:FOLLOWER, s4|rpc:localhost:36775|admin:localhost:35477|client:localhost:46475|dataStream:localhost:42557|priority:0|startupRole:FOLLOWER, s0|rpc:localhost:33119|admin:localhost:42011|client:localhost:45597|dataStream:localhost:34507|priority:0|startupRole:FOLLOWER, s1|rpc:localhost:43051|admin:localhost:41551|client:localhost:45233|dataStream:localhost:41779|priority:0|startupRole:FOLLOWER, s2|rpc:localhost:41201|admin:localhost:41487|client:localhost:41547|dataStream:localhost:43565|priority:0|startupRole:FOLLOWER]|listeners:[], old=null
2022-11-01 02:15:28,938 [grpc-default-executor-5] INFO  server.RaftServer$Division (RaftServerImpl.java:requestVote(1291)) - s2@group-29DD907A7165: receive requestVote(PRE_VOTE, s1, group-29DD907A7165, 2, (t:1, i:0))
2022-11-01 02:15:28,938 [grpc-default-executor-5] INFO  impl.VoteContext (VoteContext.java:log(49)) - s2@group-29DD907A7165-FOLLOWER: reject PRE_VOTE from s1: this server is a follower and still has a valid leader s4
2022-11-01 02:15:28,938 [grpc-default-executor-5] INFO  server.RaftServer$Division (RaftServerImpl.java:requestVote(1324)) - s2@group-29DD907A7165 replies to PRE_VOTE vote request: s1<-s2#0:FAIL-t2. Peer's state: s2@group-29DD907A7165:t2, leader=s4, voted=s4, raftlog=Memoized:s2@group-29DD907A7165-SegmentedRaftLog:OPENED:c0, conf=0: peers:[s3|rpc:localhost:46863|admin:localhost:41281|client:localhost:41041|dataStream:localhost:44363|priority:0|startupRole:FOLLOWER, s4|rpc:localhost:36775|admin:localhost:35477|client:localhost:46475|dataStream:localhost:42557|priority:0|startupRole:FOLLOWER, s0|rpc:localhost:33119|admin:localhost:42011|client:localhost:45597|dataStream:localhost:34507|priority:0|startupRole:FOLLOWER, s1|rpc:localhost:43051|admin:localhost:41551|client:localhost:45233|dataStream:localhost:41779|priority:0|startupRole:FOLLOWER, s2|rpc:localhost:41201|admin:localhost:41487|client:localhost:41547|dataStream:localhost:43565|priority:0|startupRole:FOLLOWER]|listeners:[], old=null
2022-11-01 02:15:28,939 [s1@group-29DD907A7165-LeaderElection64] INFO  impl.LeaderElection (LeaderElection.java:logAndReturn(89)) - s1@group-29DD907A7165-LeaderElection64: PRE_VOTE REJECTED received 3 response(s) and 0 exception(s):
2022-11-01 02:15:28,939 [s1@group-29DD907A7165-LeaderElection64] INFO  impl.LeaderElection (LeaderElection.java:logAndReturn(93)) -   Response 0: s1<-s3#0:FAIL-t2
2022-11-01 02:15:28,939 [s1@group-29DD907A7165-LeaderElection64] INFO  impl.LeaderElection (LeaderElection.java:logAndReturn(93)) -   Response 1: s1<-s0#0:FAIL-t2
2022-11-01 02:15:28,939 [s1@group-29DD907A7165-LeaderElection64] INFO  impl.LeaderElection (LeaderElection.java:logAndReturn(93)) -   Response 2: s1<-s2#0:FAIL-t2
2022-11-01 02:15:28,939 [s1@group-29DD907A7165-LeaderElection64] INFO  impl.LeaderElection (LeaderElection.java:askForVotes(311)) - s1@group-29DD907A7165-LeaderElection64 PRE_VOTE round 0: result REJECTED
2022-11-01 02:15:28,939 [s1@group-29DD907A7165-LeaderElection64] INFO  server.RaftServer$Division (RaftServerImpl.java:setRole(325)) - s1@group-29DD907A7165: changes role from CANDIDATE to FOLLOWER at term 2 for REJECTED
2022-11-01 02:15:28,939 [s1@group-29DD907A7165-LeaderElection64] INFO  impl.RoleInfo (RoleInfo.java:shutdownLeaderElection(130)) - s1: shutdown s1@group-29DD907A7165-LeaderElection64
2022-11-01 02:15:28,939 [s1@group-29DD907A7165-LeaderElection64] INFO  impl.RoleInfo (RoleInfo.java:updateAndGet(139)) - s1: start s1@group-29DD907A7165-FollowerState
2022-11-01 02:15:28,986 [grpc-default-executor-29] INFO  util.CodeInjectionForTesting (BlockRequestHandlingInjection.java:execute(84)) - s1: unBlock request from s2
2022-11-01 02:15:28,986 [grpc-default-executor-29] INFO  server.RaftServer$Division (RaftServerImpl.java:requestVote(1291)) - s1@group-29DD907A7165: receive requestVote(PRE_VOTE, s2, group-29DD907A7165, 2, (t:2, i:0))
2022-11-01 02:15:28,986 [grpc-default-executor-29] INFO  impl.VoteContext (VoteContext.java:log(49)) - s1@group-29DD907A7165-FOLLOWER: accept PRE_VOTE from s2: our last entry (t:1, i:0) < candidate's last entry (t:2, i:0)
2022-11-01 02:15:28,986 [grpc-default-executor-29] INFO  server.RaftServer$Division (RaftServerImpl.java:requestVote(1324)) - s1@group-29DD907A7165 replies to PRE_VOTE vote request: s2<-s1#0:OK-t2. Peer's state: s1@group-29DD907A7165:t2, leader=null, voted=null, raftlog=Memoized:s1@group-29DD907A7165-SegmentedRaftLog:OPENED:c0, conf=0: peers:[s3|rpc:localhost:46863|admin:localhost:41281|client:localhost:41041|dataStream:localhost:44363|priority:0|startupRole:FOLLOWER, s4|rpc:localhost:36775|admin:localhost:35477|client:localhost:46475|dataStream:localhost:42557|priority:0|startupRole:FOLLOWER, s0|rpc:localhost:33119|admin:localhost:42011|client:localhost:45597|dataStream:localhost:34507|priority:0|startupRole:FOLLOWER, s1|rpc:localhost:43051|admin:localhost:41551|client:localhost:45233|dataStream:localhost:41779|priority:0|startupRole:FOLLOWER, s2|rpc:localhost:41201|admin:localhost:41487|client:localhost:41547|dataStream:localhost:43565|priority:0|startupRole:FOLLOWER]|listeners:[], old=null
2022-11-01 02:15:29,091 [s1-server-thread3] INFO  util.CodeInjectionForTesting (BlockRequestHandlingInjection.java:execute(84)) - s1: unBlock request from s4
2022-11-01 02:15:29,091 [s1-server-thread3] INFO  server.RaftServer$Division (ServerState.java:setLeader(259)) - s1@group-29DD907A7165: change Leader from null to s4 at term 2 for appendEntries, leader elected after 839ms
2022-11-01 02:15:29,091 [s1-server-thread3] INFO  server.RaftServer$Division (RaftServerImpl.java:checkInconsistentAppendEntries(1599)) - s1@group-29DD907A7165: Failed appendEntries as previous log entry ((t:2, i:0)) is not found
2022-11-01 02:15:29,091 [s1-server-thread3] INFO  server.RaftServer$Division (RaftServerImpl.java:checkInconsistentAppendEntries(1569)) - s1@group-29DD907A7165: inconsistency entries. Reply:s4<-s1#301:FAIL-t2,INCONSISTENCY,nextIndex=0,followerCommit=0,matchIndex=-1
2022-11-01 02:15:29,092 [s1-server-thread3] INFO  server.RaftServer$Division (RaftServerImpl.java:checkInconsistentAppendEntries(1599)) - s1@group-29DD907A7165: Failed appendEntries as previous log entry ((t:2, i:0)) is not found
2022-11-01 02:15:29,092 [grpc-default-executor-5] INFO  leader.FollowerInfo (FollowerInfoImpl.java:lambda$new$0(48)) - s4@group-29DD907A7165->s1: nextIndex: updateUnconditionally 1 -> 0
2022-11-01 02:15:29,092 [s1-server-thread3] INFO  server.RaftServer$Division (RaftServerImpl.java:checkInconsistentAppendEntries(1569)) - s1@group-29DD907A7165: inconsistency entries. Reply:s4<-s1#302:FAIL-t2,INCONSISTENCY,nextIndex=0,followerCommit=0,matchIndex=-1
2022-11-01 02:15:29,092 [s1-server-thread3] INFO  server.RaftServer$Division (RaftServerImpl.java:checkInconsistentAppendEntries(1599)) - s1@group-29DD907A7165: Failed appendEntries as previous log entry ((t:2, i:0)) is not found
2022-11-01 02:15:29,092 [s1-server-thread3] INFO  server.RaftServer$Division (RaftServerImpl.java:checkInconsistentAppendEntries(1569)) - s1@group-29DD907A7165: inconsistency entries. Reply:s4<-s1#303:FAIL-t2,INCONSISTENCY,nextIndex=0,followerCommit=0,matchIndex=-1
2022-11-01 02:15:29,093 [grpc-default-executor-27] INFO  leader.FollowerInfo (FollowerInfoImpl.java:lambda$new$0(48)) - s4@group-29DD907A7165->s1: nextIndex: updateUnconditionally 1 -> 0
2022-11-01 02:15:29,093 [s1-server-thread4] DEBUG server.RaftServer$Division (RaftServerImpl.java:logAppendEntries(1418)) - s1@group-29DD907A7165: receive appendEntries(s4, 2, null, 0, true, commits:[s4:c0, s3:c0, s0:c0, s1:c0, s2:c0], cId:309, entries: [(t:2, i:0), CONFIGURATIONENTRY(current:id: "s3"
address: "localhost:46863"
dataStreamAddress: "localhost:44363"
clientAddress: "localhost:41041"
adminAddress: "localhost:41281"
startupRole: FOLLOWER
,id: "s4"
address: "localhost:36775"
dataStreamAddress: "localhost:42557"
clientAddress: "localhost:46475"
adminAddress: "localhost:35477"
startupRole: FOLLOWER
,id: "s0"
address: "localhost:33119"
dataStreamAddress: "localhost:34507"
clientAddress: "localhost:45597"
adminAddress: "localhost:42011"
startupRole: FOLLOWER
,id: "s1"
address: "localhost:43051"
dataStreamAddress: "localhost:41779"
clientAddress: "localhost:45233"
adminAddress: "localhost:41551"
startupRole: FOLLOWER
,id: "s2"
address: "localhost:41201"
dataStreamAddress: "localhost:43565"
clientAddress: "localhost:41547"
adminAddress: "localhost:41487"
startupRole: FOLLOWER
, old:)]
2022-11-01 02:15:29,093 [s1-server-thread4] INFO  server.RaftServer$Division (RaftServerImpl.java:checkInconsistentAppendEntries(1589)) - s1@group-29DD907A7165: Failed appendEntries as the first entry (index 0) already exists (snapshotIndex: -1, commitIndex: 0)
2022-11-01 02:15:29,093 [s1-server-thread4] INFO  server.RaftServer$Division (RaftServerImpl.java:checkInconsistentAppendEntries(1569)) - s1@group-29DD907A7165: inconsistency entries. Reply:s4<-s1#309:FAIL-t2,INCONSISTENCY,nextIndex=1,followerCommit=0,matchIndex=-1
2022-11-01 02:15:29,093 [grpc-default-executor-29] INFO  leader.FollowerInfo (FollowerInfoImpl.java:lambda$new$0(48)) - s4@group-29DD907A7165->s1: nextIndex: updateUnconditionally 1 -> 0
2022-11-01 02:15:29,094 [s1-server-thread3] INFO  server.RaftServer$Division (RaftServerImpl.java:checkInconsistentAppendEntries(1599)) - s1@group-29DD907A7165: Failed appendEntries as previous log entry ((t:2, i:0)) is not found
2022-11-01 02:15:29,094 [s1-server-thread3] INFO  server.RaftServer$Division (RaftServerImpl.java:checkInconsistentAppendEntries(1569)) - s1@group-29DD907A7165: inconsistency entries. Reply:s4<-s1#304:FAIL-t2,INCONSISTENCY,nextIndex=0,followerCommit=0,matchIndex=-1
2022-11-01 02:15:29,094 [s1-server-thread3] DEBUG server.RaftServer$Division (RaftServerImpl.java:logAppendEntries(1418)) - s1@group-29DD907A7165: receive appendEntries(s4, 2, null, 0, true, commits:[s4:c0, s3:c0, s0:c0, s1:c0, s2:c0], cId:310, entries: [(t:2, i:0), CONFIGURATIONENTRY(current:id: "s3"
address: "localhost:46863"
dataStreamAddress: "localhost:44363"
clientAddress: "localhost:41041"
adminAddress: "localhost:41281"
startupRole: FOLLOWER
,id: "s4"
address: "localhost:36775"
dataStreamAddress: "localhost:42557"
clientAddress: "localhost:46475"
adminAddress: "localhost:35477"
startupRole: FOLLOWER
,id: "s0"
address: "localhost:33119"
dataStreamAddress: "localhost:34507"
clientAddress: "localhost:45597"
adminAddress: "localhost:42011"
startupRole: FOLLOWER
,id: "s1"
address: "localhost:43051"
dataStreamAddress: "localhost:41779"
clientAddress: "localhost:45233"
adminAddress: "localhost:41551"
startupRole: FOLLOWER
,id: "s2"
address: "localhost:41201"
dataStreamAddress: "localhost:43565"
clientAddress: "localhost:41547"
adminAddress: "localhost:41487"
startupRole: FOLLOWER
, old:)]
2022-11-01 02:15:29,094 [s1-server-thread3] INFO  server.RaftServer$Division (RaftServerImpl.java:checkInconsistentAppendEntries(1589)) - s1@group-29DD907A7165: Failed appendEntries as the first entry (index 0) already exists (snapshotIndex: -1, commitIndex: 0)
2022-11-01 02:15:29,094 [s1-server-thread3] INFO  server.RaftServer$Division (RaftServerImpl.java:checkInconsistentAppendEntries(1569)) - s1@group-29DD907A7165: inconsistency entries. Reply:s4<-s1#310:FAIL-t2,INCONSISTENCY,nextIndex=1,followerCommit=0,matchIndex=-1
2022-11-01 02:15:29,094 [grpc-default-executor-27] INFO  leader.FollowerInfo (FollowerInfoImpl.java:lambda$new$0(48)) - s4@group-29DD907A7165->s1: nextIndex: updateUnconditionally 1 -> 0
2022-11-01 02:15:29,094 [grpc-default-executor-29] INFO  leader.FollowerInfo (FollowerInfoImpl.java:lambda$new$0(48)) - s4@group-29DD907A7165->s1: nextIndex: updateUnconditionally 0 -> 1
2022-11-01 02:15:29,095 [s1-server-thread3] DEBUG server.RaftServer$Division (RaftServerImpl.java:logAppendEntries(1418)) - s1@group-29DD907A7165: receive appendEntries(s4, 2, null, 0, true, commits:[s4:c0, s3:c0, s0:c0, s1:c0, s2:c0], cId:311, entries: [(t:2, i:0), CONFIGURATIONENTRY(current:id: "s3"
address: "localhost:46863"
dataStreamAddress: "localhost:44363"
clientAddress: "localhost:41041"
adminAddress: "localhost:41281"
startupRole: FOLLOWER
,id: "s4"
address: "localhost:36775"
dataStreamAddress: "localhost:42557"
clientAddress: "localhost:46475"
adminAddress: "localhost:35477"
startupRole: FOLLOWER
,id: "s0"
address: "localhost:33119"
dataStreamAddress: "localhost:34507"
clientAddress: "localhost:45597"
adminAddress: "localhost:42011"
startupRole: FOLLOWER
,id: "s1"
address: "localhost:43051"
dataStreamAddress: "localhost:41779"
clientAddress: "localhost:45233"
adminAddress: "localhost:41551"
startupRole: FOLLOWER
,id: "s2"
address: "localhost:41201"
dataStreamAddress: "localhost:43565"
clientAddress: "localhost:41547"
adminAddress: "localhost:41487"
startupRole: FOLLOWER
, old:)]
2022-11-01 02:15:29,095 [s1-server-thread4] INFO  server.RaftServer$Division (RaftServerImpl.java:checkInconsistentAppendEntries(1599)) - s1@group-29DD907A7165: Failed appendEntries as previous log entry ((t:2, i:0)) is not found
2022-11-01 02:15:29,095 [s1-server-thread4] INFO  server.RaftServer$Division (RaftServerImpl.java:checkInconsistentAppendEntries(1569)) - s1@group-29DD907A7165: inconsistency entries. Reply:s4<-s1#305:FAIL-t2,INCONSISTENCY,nextIndex=0,followerCommit=0,matchIndex=-1
2022-11-01 02:15:29,095 [grpc-default-executor-29] INFO  leader.FollowerInfo (FollowerInfoImpl.java:lambda$new$0(48)) - s4@group-29DD907A7165->s1: nextIndex: updateUnconditionally 1 -> 1
2022-11-01 02:15:29,095 [s1-server-thread3] INFO  server.RaftServer$Division (RaftServerImpl.java:checkInconsistentAppendEntries(1589)) - s1@group-29DD907A7165: Failed appendEntries as the first entry (index 0) already exists (snapshotIndex: -1, commitIndex: 0)
2022-11-01 02:15:29,095 [s1-server-thread3] INFO  server.RaftServer$Division (RaftServerImpl.java:checkInconsistentAppendEntries(1569)) - s1@group-29DD907A7165: inconsistency entries. Reply:s4<-s1#311:FAIL-t2,INCONSISTENCY,nextIndex=1,followerCommit=0,matchIndex=-1
2022-11-01 02:15:29,096 [grpc-default-executor-29] INFO  leader.FollowerInfo (FollowerInfoImpl.java:lambda$new$0(48)) - s4@group-29DD907A7165->s1: nextIndex: updateUnconditionally 1 -> 0
2022-11-01 02:15:29,096 [s1-server-thread3] INFO  server.RaftServer$Division (RaftServerImpl.java:checkInconsistentAppendEntries(1599)) - s1@group-29DD907A7165: Failed appendEntries as previous log entry ((t:2, i:0)) is not found
2022-11-01 02:15:29,096 [s1-server-thread3] INFO  server.RaftServer$Division (RaftServerImpl.java:checkInconsistentAppendEntries(1569)) - s1@group-29DD907A7165: inconsistency entries. Reply:s4<-s1#306:FAIL-t2,INCONSISTENCY,nextIndex=0,followerCommit=0,matchIndex=-1
2022-11-01 02:15:29,096 [grpc-default-executor-2] INFO  leader.FollowerInfo (FollowerInfoImpl.java:lambda$new$0(48)) - s4@group-29DD907A7165->s1: nextIndex: updateUnconditionally 1 -> 1
2022-11-01 02:15:29,096 [grpc-default-executor-29] INFO  leader.FollowerInfo (FollowerInfoImpl.java:lambda$new$0(48)) - s4@group-29DD907A7165->s1: nextIndex: updateUnconditionally 1 -> 0
2022-11-01 02:15:29,097 [s1-server-thread4] INFO  server.RaftServer$Division (RaftServerImpl.java:checkInconsistentAppendEntries(1599)) - s1@group-29DD907A7165: Failed appendEntries as previous log entry ((t:2, i:0)) is not found
2022-11-01 02:15:29,097 [s1-server-thread3] DEBUG server.RaftServer$Division (RaftServerImpl.java:logAppendEntries(1418)) - s1@group-29DD907A7165: receive appendEntries(s4, 2, null, 0, true, commits:[s4:c0, s3:c0, s0:c0, s1:c0, s2:c0], cId:312, entries: [(t:2, i:0), CONFIGURATIONENTRY(current:id: "s3"
address: "localhost:46863"
dataStreamAddress: "localhost:44363"
clientAddress: "localhost:41041"
adminAddress: "localhost:41281"
startupRole: FOLLOWER
,id: "s4"
address: "localhost:36775"
dataStreamAddress: "localhost:42557"
clientAddress: "localhost:46475"
adminAddress: "localhost:35477"
startupRole: FOLLOWER
,id: "s0"
address: "localhost:33119"
dataStreamAddress: "localhost:34507"
clientAddress: "localhost:45597"
adminAddress: "localhost:42011"
startupRole: FOLLOWER
,id: "s1"
address: "localhost:43051"
dataStreamAddress: "localhost:41779"
clientAddress: "localhost:45233"
adminAddress: "localhost:41551"
startupRole: FOLLOWER
,id: "s2"
address: "localhost:41201"
dataStreamAddress: "localhost:43565"
clientAddress: "localhost:41547"
adminAddress: "localhost:41487"
startupRole: FOLLOWER
, old:)]
2022-11-01 02:15:29,097 [s1-server-thread4] INFO  server.RaftServer$Division (RaftServerImpl.java:checkInconsistentAppendEntries(1569)) - s1@group-29DD907A7165: inconsistency entries. Reply:s4<-s1#307:FAIL-t2,INCONSISTENCY,nextIndex=0,followerCommit=0,matchIndex=-1
2022-11-01 02:15:29,097 [s1-server-thread3] INFO  server.RaftServer$Division (RaftServerImpl.java:checkInconsistentAppendEntries(1589)) - s1@group-29DD907A7165: Failed appendEntries as the first entry (index 0) already exists (snapshotIndex: -1, commitIndex: 0)
2022-11-01 02:15:29,097 [s1-server-thread3] INFO  server.RaftServer$Division (RaftServerImpl.java:checkInconsistentAppendEntries(1569)) - s1@group-29DD907A7165: inconsistency entries. Reply:s4<-s1#312:FAIL-t2,INCONSISTENCY,nextIndex=1,followerCommit=0,matchIndex=-1
2022-11-01 02:15:29,097 [s1-server-thread3] INFO  server.RaftServer$Division (RaftServerImpl.java:checkInconsistentAppendEntries(1599)) - s1@group-29DD907A7165: Failed appendEntries as previous log entry ((t:2, i:0)) is not found
2022-11-01 02:15:29,097 [s1-server-thread3] INFO  server.RaftServer$Division (RaftServerImpl.java:checkInconsistentAppendEntries(1569)) - s1@group-29DD907A7165: inconsistency entries. Reply:s4<-s1#308:FAIL-t2,INCONSISTENCY,nextIndex=0,followerCommit=0,matchIndex=-1
2022-11-01 02:15:29,098 [s1-server-thread3] DEBUG server.RaftServer$Division (RaftServerImpl.java:logAppendEntries(1418)) - s1@group-29DD907A7165: receive appendEntries(s4, 2, null, 0, true, commits:[s4:c0, s3:c0, s0:c0, s1:c0, s2:c0], cId:313, entries: [(t:2, i:0), CONFIGURATIONENTRY(current:id: "s3"
address: "localhost:46863"
dataStreamAddress: "localhost:44363"
clientAddress: "localhost:41041"
adminAddress: "localhost:41281"
startupRole: FOLLOWER
,id: "s4"
address: "localhost:36775"
dataStreamAddress: "localhost:42557"
clientAddress: "localhost:46475"
adminAddress: "localhost:35477"
startupRole: FOLLOWER
,id: "s0"
address: "localhost:33119"
dataStreamAddress: "localhost:34507"
clientAddress: "localhost:45597"
adminAddress: "localhost:42011"
startupRole: FOLLOWER
,id: "s1"
address: "localhost:43051"
dataStreamAddress: "localhost:41779"
clientAddress: "localhost:45233"
adminAddress: "localhost:41551"
startupRole: FOLLOWER
,id: "s2"
address: "localhost:41201"
dataStreamAddress: "localhost:43565"
clientAddress: "localhost:41547"
adminAddress: "localhost:41487"
startupRole: FOLLOWER
, old:)]
2022-11-01 02:15:29,098 [s1-server-thread3] INFO  server.RaftServer$Division (RaftServerImpl.java:checkInconsistentAppendEntries(1589)) - s1@group-29DD907A7165: Failed appendEntries as the first entry (index 0) already exists (snapshotIndex: -1, commitIndex: 0)
2022-11-01 02:15:29,098 [grpc-default-executor-5] INFO  leader.FollowerInfo (FollowerInfoImpl.java:lambda$new$0(48)) - s4@group-29DD907A7165->s1: nextIndex: updateUnconditionally 1 -> 1
2022-11-01 02:15:29,098 [grpc-default-executor-29] INFO  leader.FollowerInfo (FollowerInfoImpl.java:lambda$new$0(48)) - s4@group-29DD907A7165->s1: nextIndex: updateUnconditionally 1 -> 0
2022-11-01 02:15:29,099 [s1-server-thread3] INFO  server.RaftServer$Division (RaftServerImpl.java:checkInconsistentAppendEntries(1569)) - s1@group-29DD907A7165: inconsistency entries. Reply:s4<-s1#313:FAIL-t2,INCONSISTENCY,nextIndex=1,followerCommit=0,matchIndex=-1
2022-11-01 02:15:29,099 [grpc-default-executor-2] INFO  leader.FollowerInfo (FollowerInfoImpl.java:lambda$new$0(48)) - s4@group-29DD907A7165->s1: nextIndex: updateUnconditionally 1 -> 0
2022-11-01 02:15:29,099 [s1-server-thread4] DEBUG server.RaftServer$Division (RaftServerImpl.java:logAppendEntries(1418)) - s1@group-29DD907A7165: receive appendEntries(s4, 2, null, 0, true, commits:[s4:c0, s3:c0, s0:c0, s1:c0, s2:c0], cId:314, entries: [(t:2, i:0), CONFIGURATIONENTRY(current:id: "s3"
address: "localhost:46863"
dataStreamAddress: "localhost:44363"
clientAddress: "localhost:41041"
adminAddress: "localhost:41281"
startupRole: FOLLOWER
,id: "s4"
address: "localhost:36775"
dataStreamAddress: "localhost:42557"
clientAddress: "localhost:46475"
adminAddress: "localhost:35477"
startupRole: FOLLOWER
,id: "s0"
address: "localhost:33119"
dataStreamAddress: "localhost:34507"
clientAddress: "localhost:45597"
adminAddress: "localhost:42011"
startupRole: FOLLOWER
,id: "s1"
address: "localhost:43051"
dataStreamAddress: "localhost:41779"
clientAddress: "localhost:45233"
adminAddress: "localhost:41551"
startupRole: FOLLOWER
,id: "s2"
address: "localhost:41201"
dataStreamAddress: "localhost:43565"
clientAddress: "localhost:41547"
adminAddress: "localhost:41487"
startupRole: FOLLOWER
, old:)]
2022-11-01 02:15:29,099 [s1-server-thread4] INFO  server.RaftServer$Division (RaftServerImpl.java:checkInconsistentAppendEntries(1589)) - s1@group-29DD907A7165: Failed appendEntries as the first entry (index 0) already exists (snapshotIndex: -1, commitIndex: 0)
2022-11-01 02:15:29,099 [s1-server-thread4] INFO  server.RaftServer$Division (RaftServerImpl.java:checkInconsistentAppendEntries(1569)) - s1@group-29DD907A7165: inconsistency entries. Reply:s4<-s1#314:FAIL-t2,INCONSISTENCY,nextIndex=1,followerCommit=0,matchIndex=-1
2022-11-01 02:15:29,100 [grpc-default-executor-2] INFO  leader.FollowerInfo (FollowerInfoImpl.java:lambda$new$0(48)) - s4@group-29DD907A7165->s1: nextIndex: updateUnconditionally 1 -> 1
2022-11-01 02:15:29,100 [s1-server-thread3] DEBUG server.RaftServer$Division (RaftServerImpl.java:logAppendEntries(1418)) - s1@group-29DD907A7165: receive appendEntries(s4, 2, null, 0, true, commits:[s4:c0, s3:c0, s0:c0, s1:c0, s2:c0], cId:315, entries: [(t:2, i:0), CONFIGURATIONENTRY(current:id: "s3"
address: "localhost:46863"
dataStreamAddress: "localhost:44363"
clientAddress: "localhost:41041"
adminAddress: "localhost:41281"
startupRole: FOLLOWER
,id: "s4"
address: "localhost:36775"
dataStreamAddress: "localhost:42557"
clientAddress: "localhost:46475"
adminAddress: "localhost:35477"
startupRole: FOLLOWER
,id: "s0"
address: "localhost:33119"
dataStreamAddress: "localhost:34507"
clientAddress: "localhost:45597"
adminAddress: "localhost:42011"
startupRole: FOLLOWER
,id: "s1"
address: "localhost:43051"
dataStreamAddress: "localhost:41779"
clientAddress: "localhost:45233"
adminAddress: "localhost:41551"
startupRole: FOLLOWER
,id: "s2"
address: "localhost:41201"
dataStreamAddress: "localhost:43565"
clientAddress: "localhost:41547"
adminAddress: "localhost:41487"
startupRole: FOLLOWER
, old:)]
2022-11-01 02:15:29,100 [s1-server-thread3] INFO  server.RaftServer$Division (RaftServerImpl.java:checkInconsistentAppendEntries(1589)) - s1@group-29DD907A7165: Failed appendEntries as the first entry (index 0) already exists (snapshotIndex: -1, commitIndex: 0)
2022-11-01 02:15:29,101 [s1-server-thread3] INFO  server.RaftServer$Division (RaftServerImpl.java:checkInconsistentAppendEntries(1569)) - s1@group-29DD907A7165: inconsistency entries. Reply:s4<-s1#315:FAIL-t2,INCONSISTENCY,nextIndex=1,followerCommit=0,matchIndex=-1
2022-11-01 02:15:29,100 [grpc-default-executor-29] INFO  leader.FollowerInfo (FollowerInfoImpl.java:lambda$new$0(48)) - s4@group-29DD907A7165->s1: nextIndex: updateUnconditionally 1 -> 1
2022-11-01 02:15:29,101 [grpc-default-executor-29] INFO  leader.FollowerInfo (FollowerInfoImpl.java:lambda$new$0(48)) - s4@group-29DD907A7165->s1: nextIndex: updateUnconditionally 1 -> 1
2022-11-01 02:15:29,126 [grpc-default-executor-24] INFO  util.CodeInjectionForTesting (BlockRequestHandlingInjection.java:execute(84)) - s1: unBlock request from s2
2022-11-01 02:15:29,126 [grpc-default-executor-24] INFO  server.RaftServer$Division (RaftServerImpl.java:requestVote(1291)) - s1@group-29DD907A7165: receive requestVote(PRE_VOTE, s2, group-29DD907A7165, 2, (t:2, i:0))
2022-11-01 02:15:29,126 [grpc-default-executor-24] INFO  impl.VoteContext (VoteContext.java:log(49)) - s1@group-29DD907A7165-FOLLOWER: reject PRE_VOTE from s2: this server is a follower and still has a valid leader s4
2022-11-01 02:15:29,126 [grpc-default-executor-24] INFO  server.RaftServer$Division (RaftServerImpl.java:requestVote(1324)) - s1@group-29DD907A7165 replies to PRE_VOTE vote request: s2<-s1#0:FAIL-t2. Peer's state: s1@group-29DD907A7165:t2, leader=s4, voted=null, raftlog=Memoized:s1@group-29DD907A7165-SegmentedRaftLog:OPENED:c0, conf=0: peers:[s3|rpc:localhost:46863|admin:localhost:41281|client:localhost:41041|dataStream:localhost:44363|priority:0|startupRole:FOLLOWER, s4|rpc:localhost:36775|admin:localhost:35477|client:localhost:46475|dataStream:localhost:42557|priority:0|startupRole:FOLLOWER, s0|rpc:localhost:33119|admin:localhost:42011|client:localhost:45597|dataStream:localhost:34507|priority:0|startupRole:FOLLOWER, s1|rpc:localhost:43051|admin:localhost:41551|client:localhost:45233|dataStream:localhost:41779|priority:0|startupRole:FOLLOWER, s2|rpc:localhost:41201|admin:localhost:41487|client:localhost:41547|dataStream:localhost:43565|priority:0|startupRole:FOLLOWER]|listeners:[], old=null
2022-11-01 02:15:29,177 [s1-server-thread3] INFO  server.RaftServer$Division (RaftServerImpl.java:checkInconsistentAppendEntries(1599)) - s1@group-29DD907A7165: Failed appendEntries as previous log entry ((t:2, i:0)) is not found
2022-11-01 02:15:29,177 [s1-server-thread3] INFO  server.RaftServer$Division (RaftServerImpl.java:checkInconsistentAppendEntries(1569)) - s1@group-29DD907A7165: inconsistency entries. Reply:s4<-s1#316:FAIL-t2,INCONSISTENCY,nextIndex=0,followerCommit=0,matchIndex=-1
2022-11-01 02:15:29,178 [grpc-default-executor-29] INFO  leader.FollowerInfo (FollowerInfoImpl.java:lambda$new$0(48)) - s4@group-29DD907A7165->s1: nextIndex: updateUnconditionally 1 -> 0
2022-11-01 02:15:29,179 [s1-server-thread3] DEBUG server.RaftServer$Division (RaftServerImpl.java:logAppendEntries(1418)) - s1@group-29DD907A7165: receive appendEntries(s4, 2, null, 0, true, commits:[s4:c0, s3:c0, s0:c0, s1:c0, s2:c0], cId:317, entries: [(t:2, i:0), CONFIGURATIONENTRY(current:id: "s3"
address: "localhost:46863"
dataStreamAddress: "localhost:44363"
clientAddress: "localhost:41041"
adminAddress: "localhost:41281"
startupRole: FOLLOWER
,id: "s4"
address: "localhost:36775"
dataStreamAddress: "localhost:42557"
clientAddress: "localhost:46475"
adminAddress: "localhost:35477"
startupRole: FOLLOWER
,id: "s0"
address: "localhost:33119"
dataStreamAddress: "localhost:34507"
clientAddress: "localhost:45597"
adminAddress: "localhost:42011"
startupRole: FOLLOWER
,id: "s1"
address: "localhost:43051"
dataStreamAddress: "localhost:41779"
clientAddress: "localhost:45233"
adminAddress: "localhost:41551"
startupRole: FOLLOWER
,id: "s2"
address: "localhost:41201"
dataStreamAddress: "localhost:43565"
clientAddress: "localhost:41547"
adminAddress: "localhost:41487"
startupRole: FOLLOWER
, old:)]
2022-11-01 02:15:29,179 [s1-server-thread3] INFO  server.RaftServer$Division (RaftServerImpl.java:checkInconsistentAppendEntries(1589)) - s1@group-29DD907A7165: Failed appendEntries as the first entry (index 0) already exists (snapshotIndex: -1, commitIndex: 0)
2022-11-01 02:15:29,179 [s1-server-thread3] INFO  server.RaftServer$Division (RaftServerImpl.java:checkInconsistentAppendEntries(1569)) - s1@group-29DD907A7165: inconsistency entries. Reply:s4<-s1#317:FAIL-t2,INCONSISTENCY,nextIndex=1,followerCommit=0,matchIndex=-1
2022-11-01 02:15:29,179 [grpc-default-executor-29] INFO  leader.FollowerInfo (FollowerInfoImpl.java:lambda$new$0(48)) - s4@group-29DD907A7165->s1: nextIndex: updateUnconditionally 1 -> 1
2022-11-01 02:15:29,255 [s1-server-thread3] INFO  server.RaftServer$Division (RaftServerImpl.java:checkInconsistentAppendEntries(1599)) - s1@group-29DD907A7165: Failed appendEntries as previous log entry ((t:2, i:0)) is not found
2022-11-01 02:15:29,255 [s1-server-thread3] INFO  server.RaftServer$Division (RaftServerImpl.java:checkInconsistentAppendEntries(1569)) - s1@group-29DD907A7165: inconsistency entries. Reply:s4<-s1#318:FAIL-t2,INCONSISTENCY,nextIndex=0,followerCommit=0,matchIndex=-1
2022-11-01 02:15:29,255 [grpc-default-executor-29] INFO  leader.FollowerInfo (FollowerInfoImpl.java:lambda$new$0(48)) - s4@group-29DD907A7165->s1: nextIndex: updateUnconditionally 1 -> 0
2022-11-01 02:15:29,256 [s1-server-thread3] DEBUG server.RaftServer$Division (RaftServerImpl.java:logAppendEntries(1418)) - s1@group-29DD907A7165: receive appendEntries(s4, 2, null, 0, true, commits:[s4:c0, s3:c0, s0:c0, s1:c0, s2:c0], cId:319, entries: [(t:2, i:0), CONFIGURATIONENTRY(current:id: "s3"
address: "localhost:46863"
dataStreamAddress: "localhost:44363"
clientAddress: "localhost:41041"
adminAddress: "localhost:41281"
startupRole: FOLLOWER
,id: "s4"
address: "localhost:36775"
dataStreamAddress: "localhost:42557"
clientAddress: "localhost:46475"
adminAddress: "localhost:35477"
startupRole: FOLLOWER
,id: "s0"
address: "localhost:33119"
dataStreamAddress: "localhost:34507"
clientAddress: "localhost:45597"
adminAddress: "localhost:42011"
startupRole: FOLLOWER
,id: "s1"
address: "localhost:43051"
dataStreamAddress: "localhost:41779"
clientAddress: "localhost:45233"
adminAddress: "localhost:41551"
startupRole: FOLLOWER
,id: "s2"
address: "localhost:41201"
dataStreamAddress: "localhost:43565"
clientAddress: "localhost:41547"
adminAddress: "localhost:41487"
startupRole: FOLLOWER
, old:)]
2022-11-01 02:15:29,256 [s1-server-thread3] INFO  server.RaftServer$Division (RaftServerImpl.java:checkInconsistentAppendEntries(1589)) - s1@group-29DD907A7165: Failed appendEntries as the first entry (index 0) already exists (snapshotIndex: -1, commitIndex: 0)
2022-11-01 02:15:29,256 [s1-server-thread3] INFO  server.RaftServer$Division (RaftServerImpl.java:checkInconsistentAppendEntries(1569)) - s1@group-29DD907A7165: inconsistency entries. Reply:s4<-s1#319:FAIL-t2,INCONSISTENCY,nextIndex=1,followerCommit=0,matchIndex=-1
2022-11-01 02:15:29,257 [grpc-default-executor-29] INFO  leader.FollowerInfo (FollowerInfoImpl.java:lambda$new$0(48)) - s4@group-29DD907A7165->s1: nextIndex: updateUnconditionally 1 -> 1
2022-11-01 02:15:29,334 [s1-server-thread3] INFO  server.RaftServer$Division (RaftServerImpl.java:checkInconsistentAppendEntries(1599)) - s1@group-29DD907A7165: Failed appendEntries as previous log entry ((t:2, i:0)) is not found
2022-11-01 02:15:29,334 [s1-server-thread3] INFO  server.RaftServer$Division (RaftServerImpl.java:checkInconsistentAppendEntries(1569)) - s1@group-29DD907A7165: inconsistency entries. Reply:s4<-s1#320:FAIL-t2,INCONSISTENCY,nextIndex=0,followerCommit=0,matchIndex=-1
2022-11-01 02:15:29,334 [grpc-default-executor-24] INFO  leader.FollowerInfo (FollowerInfoImpl.java:lambda$new$0(48)) - s4@group-29DD907A7165->s1: nextIndex: updateUnconditionally 1 -> 0
2022-11-01 02:15:29,335 [s1-server-thread3] DEBUG server.RaftServer$Division (RaftServerImpl.java:logAppendEntries(1418)) - s1@group-29DD907A7165: receive appendEntries(s4, 2, null, 0, true, commits:[s4:c0, s3:c0, s0:c0, s1:c0, s2:c0], cId:321, entries: [(t:2, i:0), CONFIGURATIONENTRY(current:id: "s3"
address: "localhost:46863"
dataStreamAddress: "localhost:44363"
clientAddress: "localhost:41041"
adminAddress: "localhost:41281"
startupRole: FOLLOWER
,id: "s4"
address: "localhost:36775"
dataStreamAddress: "localhost:42557"
clientAddress: "localhost:46475"
adminAddress: "localhost:35477"
startupRole: FOLLOWER
,id: "s0"
address: "localhost:33119"
dataStreamAddress: "localhost:34507"
clientAddress: "localhost:45597"
adminAddress: "localhost:42011"
startupRole: FOLLOWER
,id: "s1"
address: "localhost:43051"
dataStreamAddress: "localhost:41779"
clientAddress: "localhost:45233"
adminAddress: "localhost:41551"
startupRole: FOLLOWER
,id: "s2"
address: "localhost:41201"
dataStreamAddress: "localhost:43565"
clientAddress: "localhost:41547"
adminAddress: "localhost:41487"
startupRole: FOLLOWER
, old:)]
2022-11-01 02:15:29,335 [s1-server-thread3] INFO  server.RaftServer$Division (RaftServerImpl.java:checkInconsistentAppendEntries(1589)) - s1@group-29DD907A7165: Failed appendEntries as the first entry (index 0) already exists (snapshotIndex: -1, commitIndex: 0)
2022-11-01 02:15:29,335 [s1-server-thread3] INFO  server.RaftServer$Division (RaftServerImpl.java:checkInconsistentAppendEntries(1569)) - s1@group-29DD907A7165: inconsistency entries. Reply:s4<-s1#321:FAIL-t2,INCONSISTENCY,nextIndex=1,followerCommit=0,matchIndex=-1
2022-11-01 02:15:29,335 [grpc-default-executor-24] INFO  leader.FollowerInfo (FollowerInfoImpl.java:lambda$new$0(48)) - s4@group-29DD907A7165->s1: nextIndex: updateUnconditionally 1 -> 1
2022-11-01 02:15:29,411 [s1-server-thread3] INFO  server.RaftServer$Division (RaftServerImpl.java:checkInconsistentAppendEntries(1599)) - s1@group-29DD907A7165: Failed appendEntries as previous log entry ((t:2, i:0)) is not found
2022-11-01 02:15:29,411 [s1-server-thread3] INFO  server.RaftServer$Division (RaftServerImpl.java:checkInconsistentAppendEntries(1569)) - s1@group-29DD907A7165: inconsistency entries. Reply:s4<-s1#322:FAIL-t2,INCONSISTENCY,nextIndex=0,followerCommit=0,matchIndex=-1
2022-11-01 02:15:29,412 [grpc-default-executor-29] INFO  leader.FollowerInfo (FollowerInfoImpl.java:lambda$new$0(48)) - s4@group-29DD907A7165->s1: nextIndex: updateUnconditionally 1 -> 0
2022-11-01 02:15:29,412 [s1-server-thread3] DEBUG server.RaftServer$Division (RaftServerImpl.java:logAppendEntries(1418)) - s1@group-29DD907A7165: receive appendEntries(s4, 2, null, 0, true, commits:[s4:c0, s3:c0, s0:c0, s1:c0, s2:c0], cId:323, entries: [(t:2, i:0), CONFIGURATIONENTRY(current:id: "s3"
address: "localhost:46863"
dataStreamAddress: "localhost:44363"
clientAddress: "localhost:41041"
adminAddress: "localhost:41281"
startupRole: FOLLOWER
,id: "s4"
address: "localhost:36775"
dataStreamAddress: "localhost:42557"
clientAddress: "localhost:46475"
adminAddress: "localhost:35477"
startupRole: FOLLOWER
,id: "s0"
address: "localhost:33119"
dataStreamAddress: "localhost:34507"
clientAddress: "localhost:45597"
adminAddress: "localhost:42011"
startupRole: FOLLOWER
,id: "s1"
address: "localhost:43051"
dataStreamAddress: "localhost:41779"
clientAddress: "localhost:45233"
adminAddress: "localhost:41551"
startupRole: FOLLOWER
,id: "s2"
address: "localhost:41201"
dataStreamAddress: "localhost:43565"
clientAddress: "localhost:41547"
adminAddress: "localhost:41487"
startupRole: FOLLOWER
, old:)]
2022-11-01 02:15:29,412 [s1-server-thread3] INFO  server.RaftServer$Division (RaftServerImpl.java:checkInconsistentAppendEntries(1589)) - s1@group-29DD907A7165: Failed appendEntries as the first entry (index 0) already exists (snapshotIndex: -1, commitIndex: 0)
2022-11-01 02:15:29,412 [s1-server-thread3] INFO  server.RaftServer$Division (RaftServerImpl.java:checkInconsistentAppendEntries(1569)) - s1@group-29DD907A7165: inconsistency entries. Reply:s4<-s1#323:FAIL-t2,INCONSISTENCY,nextIndex=1,followerCommit=0,matchIndex=-1
2022-11-01 02:15:29,413 [grpc-default-executor-29] INFO  leader.FollowerInfo (FollowerInfoImpl.java:lambda$new$0(48)) - s4@group-29DD907A7165->s1: nextIndex: updateUnconditionally 1 -> 1
2022-11-01 02:15:29,490 [s1-server-thread3] INFO  server.RaftServer$Division (RaftServerImpl.java:checkInconsistentAppendEntries(1599)) - s1@group-29DD907A7165: Failed appendEntries as previous log entry ((t:2, i:0)) is not found
2022-11-01 02:15:29,490 [s1-server-thread3] INFO  server.RaftServer$Division (RaftServerImpl.java:checkInconsistentAppendEntries(1569)) - s1@group-29DD907A7165: inconsistency entries. Reply:s4<-s1#324:FAIL-t2,INCONSISTENCY,nextIndex=0,followerCommit=0,matchIndex=-1
2022-11-01 02:15:29,490 [grpc-default-executor-29] INFO  leader.FollowerInfo (FollowerInfoImpl.java:lambda$new$0(48)) - s4@group-29DD907A7165->s1: nextIndex: updateUnconditionally 1 -> 0
2022-11-01 02:15:29,491 [s1-server-thread3] DEBUG server.RaftServer$Division (RaftServerImpl.java:logAppendEntries(1418)) - s1@group-29DD907A7165: receive appendEntries(s4, 2, null, 0, true, commits:[s4:c0, s3:c0, s0:c0, s1:c0, s2:c0], cId:325, entries: [(t:2, i:0), CONFIGURATIONENTRY(current:id: "s3"
address: "localhost:46863"
dataStreamAddress: "localhost:44363"
clientAddress: "localhost:41041"
adminAddress: "localhost:41281"
startupRole: FOLLOWER
,id: "s4"
address: "localhost:36775"
dataStreamAddress: "localhost:42557"
clientAddress: "localhost:46475"
adminAddress: "localhost:35477"
startupRole: FOLLOWER
,id: "s0"
address: "localhost:33119"
dataStreamAddress: "localhost:34507"
clientAddress: "localhost:45597"
adminAddress: "localhost:42011"
startupRole: FOLLOWER
,id: "s1"
address: "localhost:43051"
dataStreamAddress: "localhost:41779"
clientAddress: "localhost:45233"
adminAddress: "localhost:41551"
startupRole: FOLLOWER
,id: "s2"
address: "localhost:41201"
dataStreamAddress: "localhost:43565"
clientAddress: "localhost:41547"
adminAddress: "localhost:41487"
startupRole: FOLLOWER
, old:)]
2022-11-01 02:15:29,491 [s1-server-thread3] INFO  server.RaftServer$Division (RaftServerImpl.java:checkInconsistentAppendEntries(1589)) - s1@group-29DD907A7165: Failed appendEntries as the first entry (index 0) already exists (snapshotIndex: -1, commitIndex: 0)
2022-11-01 02:15:29,491 [s1-server-thread3] INFO  server.RaftServer$Division (RaftServerImpl.java:checkInconsistentAppendEntries(1569)) - s1@group-29DD907A7165: inconsistency entries. Reply:s4<-s1#325:FAIL-t2,INCONSISTENCY,nextIndex=1,followerCommit=0,matchIndex=-1
2022-11-01 02:15:29,492 [grpc-default-executor-29] INFO  leader.FollowerInfo (FollowerInfoImpl.java:lambda$new$0(48)) - s4@group-29DD907A7165->s1: nextIndex: updateUnconditionally 1 -> 1
2022-11-01 02:15:29,568 [s1-server-thread3] INFO  server.RaftServer$Division (RaftServerImpl.java:checkInconsistentAppendEntries(1599)) - s1@group-29DD907A7165: Failed appendEntries as previous log entry ((t:2, i:0)) is not found
2022-11-01 02:15:29,568 [s1-server-thread3] INFO  server.RaftServer$Division (RaftServerImpl.java:checkInconsistentAppendEntries(1569)) - s1@group-29DD907A7165: inconsistency entries. Reply:s4<-s1#326:FAIL-t2,INCONSISTENCY,nextIndex=0,followerCommit=0,matchIndex=-1
2022-11-01 02:15:29,568 [grpc-default-executor-29] INFO  leader.FollowerInfo (FollowerInfoImpl.java:lambda$new$0(48)) - s4@group-29DD907A7165->s1: nextIndex: updateUnconditionally 1 -> 0
2022-11-01 02:15:29,569 [s1-server-thread3] DEBUG server.RaftServer$Division (RaftServerImpl.java:logAppendEntries(1418)) - s1@group-29DD907A7165: receive appendEntries(s4, 2, null, 0, true, commits:[s4:c0, s3:c0, s0:c0, s1:c0, s2:c0], cId:327, entries: [(t:2, i:0), CONFIGURATIONENTRY(current:id: "s3"
address: "localhost:46863"
dataStreamAddress: "localhost:44363"
clientAddress: "localhost:41041"
adminAddress: "localhost:41281"
startupRole: FOLLOWER
,id: "s4"
address: "localhost:36775"
dataStreamAddress: "localhost:42557"
clientAddress: "localhost:46475"
adminAddress: "localhost:35477"
startupRole: FOLLOWER
,id: "s0"
address: "localhost:33119"
dataStreamAddress: "localhost:34507"
clientAddress: "localhost:45597"
adminAddress: "localhost:42011"
startupRole: FOLLOWER
,id: "s1"
address: "localhost:43051"
dataStreamAddress: "localhost:41779"
clientAddress: "localhost:45233"
adminAddress: "localhost:41551"
startupRole: FOLLOWER
,id: "s2"
address: "localhost:41201"
dataStreamAddress: "localhost:43565"
clientAddress: "localhost:41547"
adminAddress: "localhost:41487"
startupRole: FOLLOWER
, old:)]
2022-11-01 02:15:29,569 [s1-server-thread3] INFO  server.RaftServer$Division (RaftServerImpl.java:checkInconsistentAppendEntries(1589)) - s1@group-29DD907A7165: Failed appendEntries as the first entry (index 0) already exists (snapshotIndex: -1, commitIndex: 0)
2022-11-01 02:15:29,569 [s1-server-thread3] INFO  server.RaftServer$Division (RaftServerImpl.java:checkInconsistentAppendEntries(1569)) - s1@group-29DD907A7165: inconsistency entries. Reply:s4<-s1#327:FAIL-t2,INCONSISTENCY,nextIndex=1,followerCommit=0,matchIndex=-1
2022-11-01 02:15:29,572 [grpc-default-executor-29] INFO  leader.FollowerInfo (FollowerInfoImpl.java:lambda$new$0(48)) - s4@group-29DD907A7165->s1: nextIndex: updateUnconditionally 1 -> 1
2022-11-01 02:15:29,648 [s1-server-thread3] INFO  server.RaftServer$Division (RaftServerImpl.java:checkInconsistentAppendEntries(1599)) - s1@group-29DD907A7165: Failed appendEntries as previous log entry ((t:2, i:0)) is not found
2022-11-01 02:15:29,648 [s1-server-thread3] INFO  server.RaftServer$Division (RaftServerImpl.java:checkInconsistentAppendEntries(1569)) - s1@group-29DD907A7165: inconsistency entries. Reply:s4<-s1#328:FAIL-t2,INCONSISTENCY,nextIndex=0,followerCommit=0,matchIndex=-1
2022-11-01 02:15:29,648 [grpc-default-executor-2] INFO  leader.FollowerInfo (FollowerInfoImpl.java:lambda$new$0(48)) - s4@group-29DD907A7165->s1: nextIndex: updateUnconditionally 1 -> 0
2022-11-01 02:15:29,649 [s1-server-thread3] DEBUG server.RaftServer$Division (RaftServerImpl.java:logAppendEntries(1418)) - s1@group-29DD907A7165: receive appendEntries(s4, 2, null, 0, true, commits:[s4:c0, s3:c0, s0:c0, s1:c0, s2:c0], cId:329, entries: [(t:2, i:0), CONFIGURATIONENTRY(current:id: "s3"
address: "localhost:46863"
dataStreamAddress: "localhost:44363"
clientAddress: "localhost:41041"
adminAddress: "localhost:41281"
startupRole: FOLLOWER
,id: "s4"
address: "localhost:36775"
dataStreamAddress: "localhost:42557"
clientAddress: "localhost:46475"
adminAddress: "localhost:35477"
startupRole: FOLLOWER
,id: "s0"
address: "localhost:33119"
dataStreamAddress: "localhost:34507"
clientAddress: "localhost:45597"
adminAddress: "localhost:42011"
startupRole: FOLLOWER
,id: "s1"
address: "localhost:43051"
dataStreamAddress: "localhost:41779"
clientAddress: "localhost:45233"
adminAddress: "localhost:41551"
startupRole: FOLLOWER
,id: "s2"
address: "localhost:41201"
dataStreamAddress: "localhost:43565"
clientAddress: "localhost:41547"
adminAddress: "localhost:41487"
startupRole: FOLLOWER
, old:)]
2022-11-01 02:15:29,649 [s1-server-thread3] INFO  server.RaftServer$Division (RaftServerImpl.java:checkInconsistentAppendEntries(1589)) - s1@group-29DD907A7165: Failed appendEntries as the first entry (index 0) already exists (snapshotIndex: -1, commitIndex: 0)
2022-11-01 02:15:29,649 [s1-server-thread3] INFO  server.RaftServer$Division (RaftServerImpl.java:checkInconsistentAppendEntries(1569)) - s1@group-29DD907A7165: inconsistency entries. Reply:s4<-s1#329:FAIL-t2,INCONSISTENCY,nextIndex=1,followerCommit=0,matchIndex=-1
2022-11-01 02:15:29,649 [grpc-default-executor-2] INFO  leader.FollowerInfo (FollowerInfoImpl.java:lambda$new$0(48)) - s4@group-29DD907A7165->s1: nextIndex: updateUnconditionally 1 -> 1
2022-11-01 02:15:29,725 [s1-server-thread3] INFO  server.RaftServer$Division (RaftServerImpl.java:checkInconsistentAppendEntries(1599)) - s1@group-29DD907A7165: Failed appendEntries as previous log entry ((t:2, i:0)) is not found
2022-11-01 02:15:29,726 [s1-server-thread3] INFO  server.RaftServer$Division (RaftServerImpl.java:checkInconsistentAppendEntries(1569)) - s1@group-29DD907A7165: inconsistency entries. Reply:s4<-s1#330:FAIL-t2,INCONSISTENCY,nextIndex=0,followerCommit=0,matchIndex=-1
2022-11-01 02:15:29,726 [grpc-default-executor-29] INFO  leader.FollowerInfo (FollowerInfoImpl.java:lambda$new$0(48)) - s4@group-29DD907A7165->s1: nextIndex: updateUnconditionally 1 -> 0
2022-11-01 02:15:29,727 [s1-server-thread3] DEBUG server.RaftServer$Division (RaftServerImpl.java:logAppendEntries(1418)) - s1@group-29DD907A7165: receive appendEntries(s4, 2, null, 0, true, commits:[s4:c0, s3:c0, s0:c0, s1:c0, s2:c0], cId:331, entries: [(t:2, i:0), CONFIGURATIONENTRY(current:id: "s3"
address: "localhost:46863"
dataStreamAddress: "localhost:44363"
clientAddress: "localhost:41041"
adminAddress: "localhost:41281"
startupRole: FOLLOWER
,id: "s4"
address: "localhost:36775"
dataStreamAddress: "localhost:42557"
clientAddress: "localhost:46475"
adminAddress: "localhost:35477"
startupRole: FOLLOWER
,id: "s0"
address: "localhost:33119"
dataStreamAddress: "localhost:34507"
clientAddress: "localhost:45597"
adminAddress: "localhost:42011"
startupRole: FOLLOWER
,id: "s1"
address: "localhost:43051"
dataStreamAddress: "localhost:41779"
clientAddress: "localhost:45233"
adminAddress: "localhost:41551"
startupRole: FOLLOWER
,id: "s2"
address: "localhost:41201"
dataStreamAddress: "localhost:43565"
clientAddress: "localhost:41547"
adminAddress: "localhost:41487"
startupRole: FOLLOWER
, old:)]
2022-11-01 02:15:29,727 [s1-server-thread3] INFO  server.RaftServer$Division (RaftServerImpl.java:checkInconsistentAppendEntries(1589)) - s1@group-29DD907A7165: Failed appendEntries as the first entry (index 0) already exists (snapshotIndex: -1, commitIndex: 0)
2022-11-01 02:15:29,727 [s1-server-thread3] INFO  server.RaftServer$Division (RaftServerImpl.java:checkInconsistentAppendEntries(1569)) - s1@group-29DD907A7165: inconsistency entries. Reply:s4<-s1#331:FAIL-t2,INCONSISTENCY,nextIndex=1,followerCommit=0,matchIndex=-1
2022-11-01 02:15:29,727 [grpc-default-executor-29] INFO  leader.FollowerInfo (FollowerInfoImpl.java:lambda$new$0(48)) - s4@group-29DD907A7165->s1: nextIndex: updateUnconditionally 1 -> 1
2022-11-01 02:15:29,803 [s1-server-thread3] INFO  server.RaftServer$Division (RaftServerImpl.java:checkInconsistentAppendEntries(1599)) - s1@group-29DD907A7165: Failed appendEntries as previous log entry ((t:2, i:0)) is not found
2022-11-01 02:15:29,803 [s1-server-thread3] INFO  server.RaftServer$Division (RaftServerImpl.java:checkInconsistentAppendEntries(1569)) - s1@group-29DD907A7165: inconsistency entries. Reply:s4<-s1#332:FAIL-t2,INCONSISTENCY,nextIndex=0,followerCommit=0,matchIndex=-1
2022-11-01 02:15:29,804 [grpc-default-executor-2] INFO  leader.FollowerInfo (FollowerInfoImpl.java:lambda$new$0(48)) - s4@group-29DD907A7165->s1: nextIndex: updateUnconditionally 1 -> 0
2022-11-01 02:15:29,805 [s1-server-thread3] DEBUG server.RaftServer$Division (RaftServerImpl.java:logAppendEntries(1418)) - s1@group-29DD907A7165: receive appendEntries(s4, 2, null, 0, true, commits:[s4:c0, s3:c0, s0:c0, s1:c0, s2:c0], cId:333, entries: [(t:2, i:0), CONFIGURATIONENTRY(current:id: "s3"
address: "localhost:46863"
dataStreamAddress: "localhost:44363"
clientAddress: "localhost:41041"
adminAddress: "localhost:41281"
startupRole: FOLLOWER
,id: "s4"
address: "localhost:36775"
dataStreamAddress: "localhost:42557"
clientAddress: "localhost:46475"
adminAddress: "localhost:35477"
startupRole: FOLLOWER
,id: "s0"
address: "localhost:33119"
dataStreamAddress: "localhost:34507"
clientAddress: "localhost:45597"
adminAddress: "localhost:42011"
startupRole: FOLLOWER
,id: "s1"
address: "localhost:43051"
dataStreamAddress: "localhost:41779"
clientAddress: "localhost:45233"
adminAddress: "localhost:41551"
startupRole: FOLLOWER
,id: "s2"
address: "localhost:41201"
dataStreamAddress: "localhost:43565"
clientAddress: "localhost:41547"
adminAddress: "localhost:41487"
startupRole: FOLLOWER
, old:)]
2022-11-01 02:15:29,805 [s1-server-thread3] INFO  server.RaftServer$Division (RaftServerImpl.java:checkInconsistentAppendEntries(1589)) - s1@group-29DD907A7165: Failed appendEntries as the first entry (index 0) already exists (snapshotIndex: -1, commitIndex: 0)
2022-11-01 02:15:29,805 [s1-server-thread3] INFO  server.RaftServer$Division (RaftServerImpl.java:checkInconsistentAppendEntries(1569)) - s1@group-29DD907A7165: inconsistency entries. Reply:s4<-s1#333:FAIL-t2,INCONSISTENCY,nextIndex=1,followerCommit=0,matchIndex=-1
2022-11-01 02:15:29,805 [grpc-default-executor-2] INFO  leader.FollowerInfo (FollowerInfoImpl.java:lambda$new$0(48)) - s4@group-29DD907A7165->s1: nextIndex: updateUnconditionally 1 -> 1
2022-11-01 02:15:29,826 [Time-limited test] INFO  grpc.TestLeaderElectionWithGrpc (LeaderElectionTests.java:enforceLeader(292)) - try enforcing leader to s1 but new leader is s4
2022-11-01 02:15:29,826 [Time-limited test] INFO  server.RaftServerConfigKeys (ConfUtils.java:logGet(46)) - raft.server.rpc.timeout.max = 300ms (default)
2022-11-01 02:15:29,837 [s4@group-29DD907A7165->s0-GrpcLogAppender-LogAppenderDaemon] INFO  util.CodeInjectionForTesting (DelayLocalExecutionInjection.java:execute(65)) - s4 delay 150 ms, args=[serverRequest {
  requestorId: "s4"
  replyId: "s0"
  raftGroupId {
    id: "\306I{yg\341A\222\264\356)\335\220zqe"
  }
  callId: 175
  slidingWindowEntry {
  }
}
leaderTerm: 2
previousLog {
  term: 2
}
initializing: true
commitInfos {
  server {
    id: "s4"
    address: "localhost:36775"
    dataStreamAddress: "localhost:42557"
    clientAddress: "localhost:46475"
    adminAddress: "localhost:35477"
    startupRole: FOLLOWER
  }
}
commitInfos {
  server {
    id: "s3"
    address: "localhost:46863"
    dataStreamAddress: "localhost:44363"
    clientAddress: "localhost:41041"
    adminAddress: "localhost:41281"
    startupRole: FOLLOWER
  }
}
commitInfos {
  server {
    id: "s0"
    address: "localhost:33119"
    dataStreamAddress: "localhost:34507"
    clientAddress: "localhost:45597"
    adminAddress: "localhost:42011"
    startupRole: FOLLOWER
  }
}
commitInfos {
  server {
    id: "s1"
    address: "localhost:43051"
    dataStreamAddress: "localhost:41779"
    clientAddress: "localhost:45233"
    adminAddress: "localhost:41551"
    startupRole: FOLLOWER
  }
}
commitInfos {
  server {
    id: "s2"
    address: "localhost:41201"
    dataStreamAddress: "localhost:43565"
    clientAddress: "localhost:41547"
    adminAddress: "localhost:41487"
    startupRole: FOLLOWER
  }
}
]
2022-11-01 02:15:29,838 [s4@group-29DD907A7165->s3-GrpcLogAppender-LogAppenderDaemon] INFO  util.CodeInjectionForTesting (DelayLocalExecutionInjection.java:execute(65)) - s4 delay 150 ms, args=[serverRequest {
  requestorId: "s4"
  replyId: "s3"
  raftGroupId {
    id: "\306I{yg\341A\222\264\356)\335\220zqe"
  }
  callId: 165
  slidingWindowEntry {
  }
}
leaderTerm: 2
previousLog {
  term: 2
}
initializing: true
commitInfos {
  server {
    id: "s4"
    address: "localhost:36775"
    dataStreamAddress: "localhost:42557"
    clientAddress: "localhost:46475"
    adminAddress: "localhost:35477"
    startupRole: FOLLOWER
  }
}
commitInfos {
  server {
    id: "s3"
    address: "localhost:46863"
    dataStreamAddress: "localhost:44363"
    clientAddress: "localhost:41041"
    adminAddress: "localhost:41281"
    startupRole: FOLLOWER
  }
}
commitInfos {
  server {
    id: "s0"
    address: "localhost:33119"
    dataStreamAddress: "localhost:34507"
    clientAddress: "localhost:45597"
    adminAddress: "localhost:42011"
    startupRole: FOLLOWER
  }
}
commitInfos {
  server {
    id: "s1"
    address: "localhost:43051"
    dataStreamAddress: "localhost:41779"
    clientAddress: "localhost:45233"
    adminAddress: "localhost:41551"
    startupRole: FOLLOWER
  }
}
commitInfos {
  server {
    id: "s2"
    address: "localhost:41201"
    dataStreamAddress: "localhost:43565"
    clientAddress: "localhost:41547"
    adminAddress: "localhost:41487"
    startupRole: FOLLOWER
  }
}
]
2022-11-01 02:15:29,839 [s4@group-29DD907A7165->s2-GrpcLogAppender-LogAppenderDaemon] INFO  util.CodeInjectionForTesting (DelayLocalExecutionInjection.java:execute(65)) - s4 delay 150 ms, args=[serverRequest {
  requestorId: "s4"
  replyId: "s2"
  raftGroupId {
    id: "\306I{yg\341A\222\264\356)\335\220zqe"
  }
  callId: 161
  slidingWindowEntry {
  }
}
leaderTerm: 2
previousLog {
  term: 2
}
initializing: true
commitInfos {
  server {
    id: "s4"
    address: "localhost:36775"
    dataStreamAddress: "localhost:42557"
    clientAddress: "localhost:46475"
    adminAddress: "localhost:35477"
    startupRole: FOLLOWER
  }
}
commitInfos {
  server {
    id: "s3"
    address: "localhost:46863"
    dataStreamAddress: "localhost:44363"
    clientAddress: "localhost:41041"
    adminAddress: "localhost:41281"
    startupRole: FOLLOWER
  }
}
commitInfos {
  server {
    id: "s0"
    address: "localhost:33119"
    dataStreamAddress: "localhost:34507"
    clientAddress: "localhost:45597"
    adminAddress: "localhost:42011"
    startupRole: FOLLOWER
  }
}
commitInfos {
  server {
    id: "s1"
    address: "localhost:43051"
    dataStreamAddress: "localhost:41779"
    clientAddress: "localhost:45233"
    adminAddress: "localhost:41551"
    startupRole: FOLLOWER
  }
}
commitInfos {
  server {
    id: "s2"
    address: "localhost:41201"
    dataStreamAddress: "localhost:43565"
    clientAddress: "localhost:41547"
    adminAddress: "localhost:41487"
    startupRole: FOLLOWER
  }
}
]
2022-11-01 02:15:29,881 [s4@group-29DD907A7165->s1-GrpcLogAppender-LogAppenderDaemon] INFO  util.CodeInjectionForTesting (DelayLocalExecutionInjection.java:execute(65)) - s4 delay 150 ms, args=[serverRequest {
  requestorId: "s4"
  replyId: "s1"
  raftGroupId {
    id: "\306I{yg\341A\222\264\356)\335\220zqe"
  }
  callId: 334
  slidingWindowEntry {
  }
}
leaderTerm: 2
previousLog {
  term: 2
}
initializing: true
commitInfos {
  server {
    id: "s4"
    address: "localhost:36775"
    dataStreamAddress: "localhost:42557"
    clientAddress: "localhost:46475"
    adminAddress: "localhost:35477"
    startupRole: FOLLOWER
  }
}
commitInfos {
  server {
    id: "s3"
    address: "localhost:46863"
    dataStreamAddress: "localhost:44363"
    clientAddress: "localhost:41041"
    adminAddress: "localhost:41281"
    startupRole: FOLLOWER
  }
}
commitInfos {
  server {
    id: "s0"
    address: "localhost:33119"
    dataStreamAddress: "localhost:34507"
    clientAddress: "localhost:45597"
    adminAddress: "localhost:42011"
    startupRole: FOLLOWER
  }
}
commitInfos {
  server {
    id: "s1"
    address: "localhost:43051"
    dataStreamAddress: "localhost:41779"
    clientAddress: "localhost:45233"
    adminAddress: "localhost:41551"
    startupRole: FOLLOWER
  }
}
commitInfos {
  server {
    id: "s2"
    address: "localhost:41201"
    dataStreamAddress: "localhost:43565"
    clientAddress: "localhost:41547"
    adminAddress: "localhost:41487"
    startupRole: FOLLOWER
  }
}
]
2022-11-01 02:15:29,936 [s3@group-29DD907A7165-FollowerState] INFO  impl.FollowerState (FollowerState.java:run(143)) - s3@group-29DD907A7165-FollowerState: change to CANDIDATE, lastRpcElapsedTime:173256615ns, electionTimeout:167ms
2022-11-01 02:15:29,936 [s3@group-29DD907A7165-FollowerState] INFO  impl.RoleInfo (RoleInfo.java:shutdownFollowerState(110)) - s3: shutdown s3@group-29DD907A7165-FollowerState
2022-11-01 02:15:29,936 [s3@group-29DD907A7165-FollowerState] INFO  server.RaftServer$Division (RaftServerImpl.java:setRole(325)) - s3@group-29DD907A7165: changes role from  FOLLOWER to CANDIDATE at term 2 for changeToCandidate
2022-11-01 02:15:29,937 [s3@group-29DD907A7165-FollowerState] INFO  server.RaftServerConfigKeys (ConfUtils.java:logGet(46)) - raft.server.leaderelection.pre-vote = true (default)
2022-11-01 02:15:29,937 [s3@group-29DD907A7165-FollowerState] INFO  impl.RoleInfo (RoleInfo.java:updateAndGet(139)) - s3: start s3@group-29DD907A7165-LeaderElection65
2022-11-01 02:15:29,937 [s3@group-29DD907A7165-LeaderElection65] INFO  server.RaftServer$Division (ServerState.java:setLeader(259)) - s3@group-29DD907A7165: change Leader from s4 to null at term 2 for PRE_VOTE
2022-11-01 02:15:29,937 [s3@group-29DD907A7165-LeaderElection65] INFO  impl.LeaderElection (LeaderElection.java:askForVotes(309)) - s3@group-29DD907A7165-LeaderElection65 PRE_VOTE round 0: submit vote requests at term 2 for 0: peers:[s3|rpc:localhost:46863|admin:localhost:41281|client:localhost:41041|dataStream:localhost:44363|priority:0|startupRole:FOLLOWER, s4|rpc:localhost:36775|admin:localhost:35477|client:localhost:46475|dataStream:localhost:42557|priority:0|startupRole:FOLLOWER, s0|rpc:localhost:33119|admin:localhost:42011|client:localhost:45597|dataStream:localhost:34507|priority:0|startupRole:FOLLOWER, s1|rpc:localhost:43051|admin:localhost:41551|client:localhost:45233|dataStream:localhost:41779|priority:0|startupRole:FOLLOWER, s2|rpc:localhost:41201|admin:localhost:41487|client:localhost:41547|dataStream:localhost:43565|priority:0|startupRole:FOLLOWER]|listeners:[], old=null
2022-11-01 02:15:29,938 [s3@group-29DD907A7165-LeaderElection65-1] INFO  util.CodeInjectionForTesting (DelayLocalExecutionInjection.java:execute(65)) - s3 delay 150 ms, args=[serverRequest {
  requestorId: "s3"
  replyId: "s4"
  raftGroupId {
    id: "\306I{yg\341A\222\264\356)\335\220zqe"
  }
  slidingWindowEntry {
  }
}
candidateTerm: 2
candidateLastEntry {
  term: 2
}
preVote: true
]
2022-11-01 02:15:29,939 [s3@group-29DD907A7165-LeaderElection65-4] INFO  util.CodeInjectionForTesting (DelayLocalExecutionInjection.java:execute(65)) - s3 delay 150 ms, args=[serverRequest {
  requestorId: "s3"
  replyId: "s2"
  raftGroupId {
    id: "\306I{yg\341A\222\264\356)\335\220zqe"
  }
  slidingWindowEntry {
  }
}
candidateTerm: 2
candidateLastEntry {
  term: 2
}
preVote: true
]
2022-11-01 02:15:29,938 [s3@group-29DD907A7165-LeaderElection65-3] INFO  util.CodeInjectionForTesting (DelayLocalExecutionInjection.java:execute(65)) - s3 delay 150 ms, args=[serverRequest {
  requestorId: "s3"
  replyId: "s1"
  raftGroupId {
    id: "\306I{yg\341A\222\264\356)\335\220zqe"
  }
  slidingWindowEntry {
  }
}
candidateTerm: 2
candidateLastEntry {
  term: 2
}
preVote: true
]
2022-11-01 02:15:29,938 [s3@group-29DD907A7165-LeaderElection65-2] INFO  util.CodeInjectionForTesting (DelayLocalExecutionInjection.java:execute(65)) - s3 delay 150 ms, args=[serverRequest {
  requestorId: "s3"
  replyId: "s0"
  raftGroupId {
    id: "\306I{yg\341A\222\264\356)\335\220zqe"
  }
  slidingWindowEntry {
  }
}
candidateTerm: 2
candidateLastEntry {
  term: 2
}
preVote: true
]
2022-11-01 02:15:29,953 [Timer-0] INFO  impl.MiniRaftCluster (MiniRaftCluster.java:lambda$start$6(349)) - TIMED-PRINT: printing ALL groups
  s3:  RUNNING CANDIDATE s3@group-29DD907A7165:t2, leader=null, voted=s4, raftlog=Memoized:s3@group-29DD907A7165-SegmentedRaftLog:OPENED:c0, conf=0: peers:[s3|rpc:localhost:46863|admin:localhost:41281|client:localhost:41041|dataStream:localhost:44363|priority:0|startupRole:FOLLOWER, s4|rpc:localhost:36775|admin:localhost:35477|client:localhost:46475|dataStream:localhost:42557|priority:0|startupRole:FOLLOWER, s0|rpc:localhost:33119|admin:localhost:42011|client:localhost:45597|dataStream:localhost:34507|priority:0|startupRole:FOLLOWER, s1|rpc:localhost:43051|admin:localhost:41551|client:localhost:45233|dataStream:localhost:41779|priority:0|startupRole:FOLLOWER, s2|rpc:localhost:41201|admin:localhost:41487|client:localhost:41547|dataStream:localhost:43565|priority:0|startupRole:FOLLOWER]|listeners:[], old=null RUNNING
  s4:  RUNNING    LEADER s4@group-29DD907A7165:t2, leader=s4, voted=s4, raftlog=Memoized:s4@group-29DD907A7165-SegmentedRaftLog:OPENED:c0, conf=0: peers:[s3|rpc:localhost:46863|admin:localhost:41281|client:localhost:41041|dataStream:localhost:44363|priority:0|startupRole:FOLLOWER, s4|rpc:localhost:36775|admin:localhost:35477|client:localhost:46475|dataStream:localhost:42557|priority:0|startupRole:FOLLOWER, s0|rpc:localhost:33119|admin:localhost:42011|client:localhost:45597|dataStream:localhost:34507|priority:0|startupRole:FOLLOWER, s1|rpc:localhost:43051|admin:localhost:41551|client:localhost:45233|dataStream:localhost:41779|priority:0|startupRole:FOLLOWER, s2|rpc:localhost:41201|admin:localhost:41487|client:localhost:41547|dataStream:localhost:43565|priority:0|startupRole:FOLLOWER]|listeners:[], old=null RUNNING
  s0:  RUNNING  FOLLOWER s0@group-29DD907A7165:t2, leader=s4, voted=s4, raftlog=Memoized:s0@group-29DD907A7165-SegmentedRaftLog:OPENED:c0, conf=0: peers:[s3|rpc:localhost:46863|admin:localhost:41281|client:localhost:41041|dataStream:localhost:44363|priority:0|startupRole:FOLLOWER, s4|rpc:localhost:36775|admin:localhost:35477|client:localhost:46475|dataStream:localhost:42557|priority:0|startupRole:FOLLOWER, s0|rpc:localhost:33119|admin:localhost:42011|client:localhost:45597|dataStream:localhost:34507|priority:0|startupRole:FOLLOWER, s1|rpc:localhost:43051|admin:localhost:41551|client:localhost:45233|dataStream:localhost:41779|priority:0|startupRole:FOLLOWER, s2|rpc:localhost:41201|admin:localhost:41487|client:localhost:41547|dataStream:localhost:43565|priority:0|startupRole:FOLLOWER]|listeners:[], old=null RUNNING
  s1:  RUNNING  FOLLOWER s1@group-29DD907A7165:t2, leader=s4, voted=null, raftlog=Memoized:s1@group-29DD907A7165-SegmentedRaftLog:OPENED:c0, conf=0: peers:[s3|rpc:localhost:46863|admin:localhost:41281|client:localhost:41041|dataStream:localhost:44363|priority:0|startupRole:FOLLOWER, s4|rpc:localhost:36775|admin:localhost:35477|client:localhost:46475|dataStream:localhost:42557|priority:0|startupRole:FOLLOWER, s0|rpc:localhost:33119|admin:localhost:42011|client:localhost:45597|dataStream:localhost:34507|priority:0|startupRole:FOLLOWER, s1|rpc:localhost:43051|admin:localhost:41551|client:localhost:45233|dataStream:localhost:41779|priority:0|startupRole:FOLLOWER, s2|rpc:localhost:41201|admin:localhost:41487|client:localhost:41547|dataStream:localhost:43565|priority:0|startupRole:FOLLOWER]|listeners:[], old=null RUNNING
  s2:  RUNNING  FOLLOWER s2@group-29DD907A7165:t2, leader=s4, voted=s4, raftlog=Memoized:s2@group-29DD907A7165-SegmentedRaftLog:OPENED:c0, conf=0: peers:[s3|rpc:localhost:46863|admin:localhost:41281|client:localhost:41041|dataStream:localhost:44363|priority:0|startupRole:FOLLOWER, s4|rpc:localhost:36775|admin:localhost:35477|client:localhost:46475|dataStream:localhost:42557|priority:0|startupRole:FOLLOWER, s0|rpc:localhost:33119|admin:localhost:42011|client:localhost:45597|dataStream:localhost:34507|priority:0|startupRole:FOLLOWER, s1|rpc:localhost:43051|admin:localhost:41551|client:localhost:45233|dataStream:localhost:41779|priority:0|startupRole:FOLLOWER, s2|rpc:localhost:41201|admin:localhost:41487|client:localhost:41547|dataStream:localhost:43565|priority:0|startupRole:FOLLOWER]|listeners:[], old=null RUNNING
2022-11-01 02:15:29,989 [s3-server-thread1] INFO  server.RaftServer$Division (RaftServerImpl.java:setRole(325)) - s3@group-29DD907A7165: changes role from CANDIDATE to FOLLOWER at term 2 for appendEntries
2022-11-01 02:15:29,989 [s3-server-thread1] INFO  impl.RoleInfo (RoleInfo.java:shutdownLeaderElection(130)) - s3: shutdown s3@group-29DD907A7165-LeaderElection65
2022-11-01 02:15:29,989 [s3-server-thread1] INFO  impl.RoleInfo (RoleInfo.java:updateAndGet(139)) - s3: start s3@group-29DD907A7165-FollowerState
2022-11-01 02:15:29,990 [s3-server-thread1] INFO  server.RaftServer$Division (ServerState.java:setLeader(259)) - s3@group-29DD907A7165: change Leader from null to s4 at term 2 for appendEntries, leader elected after 52ms
2022-11-01 02:15:30,032 [s1-server-thread3] INFO  util.CodeInjectionForTesting (BlockRequestHandlingInjection.java:execute(77)) - s1: Block request from s4
2022-11-01 02:15:30,065 [s4@group-29DD907A7165->s0-GrpcLogAppender-LogAppenderDaemon] INFO  util.CodeInjectionForTesting (DelayLocalExecutionInjection.java:execute(65)) - s4 delay 150 ms, args=[serverRequest {
  requestorId: "s4"
  replyId: "s0"
  raftGroupId {
    id: "\306I{yg\341A\222\264\356)\335\220zqe"
  }
  callId: 176
  slidingWindowEntry {
  }
}
leaderTerm: 2
previousLog {
  term: 2
}
initializing: true
commitInfos {
  server {
    id: "s4"
    address: "localhost:36775"
    dataStreamAddress: "localhost:42557"
    clientAddress: "localhost:46475"
    adminAddress: "localhost:35477"
    startupRole: FOLLOWER
  }
}
commitInfos {
  server {
    id: "s3"
    address: "localhost:46863"
    dataStreamAddress: "localhost:44363"
    clientAddress: "localhost:41041"
    adminAddress: "localhost:41281"
    startupRole: FOLLOWER
  }
}
commitInfos {
  server {
    id: "s0"
    address: "localhost:33119"
    dataStreamAddress: "localhost:34507"
    clientAddress: "localhost:45597"
    adminAddress: "localhost:42011"
    startupRole: FOLLOWER
  }
}
commitInfos {
  server {
    id: "s1"
    address: "localhost:43051"
    dataStreamAddress: "localhost:41779"
    clientAddress: "localhost:45233"
    adminAddress: "localhost:41551"
    startupRole: FOLLOWER
  }
}
commitInfos {
  server {
    id: "s2"
    address: "localhost:41201"
    dataStreamAddress: "localhost:43565"
    clientAddress: "localhost:41547"
    adminAddress: "localhost:41487"
    startupRole: FOLLOWER
  }
}
]
2022-11-01 02:15:30,066 [s4@group-29DD907A7165->s2-GrpcLogAppender-LogAppenderDaemon] INFO  util.CodeInjectionForTesting (DelayLocalExecutionInjection.java:execute(65)) - s4 delay 150 ms, args=[serverRequest {
  requestorId: "s4"
  replyId: "s2"
  raftGroupId {
    id: "\306I{yg\341A\222\264\356)\335\220zqe"
  }
  callId: 162
  slidingWindowEntry {
  }
}
leaderTerm: 2
previousLog {
  term: 2
}
initializing: true
commitInfos {
  server {
    id: "s4"
    address: "localhost:36775"
    dataStreamAddress: "localhost:42557"
    clientAddress: "localhost:46475"
    adminAddress: "localhost:35477"
    startupRole: FOLLOWER
  }
}
commitInfos {
  server {
    id: "s3"
    address: "localhost:46863"
    dataStreamAddress: "localhost:44363"
    clientAddress: "localhost:41041"
    adminAddress: "localhost:41281"
    startupRole: FOLLOWER
  }
}
commitInfos {
  server {
    id: "s0"
    address: "localhost:33119"
    dataStreamAddress: "localhost:34507"
    clientAddress: "localhost:45597"
    adminAddress: "localhost:42011"
    startupRole: FOLLOWER
  }
}
commitInfos {
  server {
    id: "s1"
    address: "localhost:43051"
    dataStreamAddress: "localhost:41779"
    clientAddress: "localhost:45233"
    adminAddress: "localhost:41551"
    startupRole: FOLLOWER
  }
}
commitInfos {
  server {
    id: "s2"
    address: "localhost:41201"
    dataStreamAddress: "localhost:43565"
    clientAddress: "localhost:41547"
    adminAddress: "localhost:41487"
    startupRole: FOLLOWER
  }
}
]
2022-11-01 02:15:30,066 [s4@group-29DD907A7165->s3-GrpcLogAppender-LogAppenderDaemon] INFO  util.CodeInjectionForTesting (DelayLocalExecutionInjection.java:execute(65)) - s4 delay 150 ms, args=[serverRequest {
  requestorId: "s4"
  replyId: "s3"
  raftGroupId {
    id: "\306I{yg\341A\222\264\356)\335\220zqe"
  }
  callId: 166
  slidingWindowEntry {
  }
}
leaderTerm: 2
previousLog {
  term: 2
}
initializing: true
commitInfos {
  server {
    id: "s4"
    address: "localhost:36775"
    dataStreamAddress: "localhost:42557"
    clientAddress: "localhost:46475"
    adminAddress: "localhost:35477"
    startupRole: FOLLOWER
  }
}
commitInfos {
  server {
    id: "s3"
    address: "localhost:46863"
    dataStreamAddress: "localhost:44363"
    clientAddress: "localhost:41041"
    adminAddress: "localhost:41281"
    startupRole: FOLLOWER
  }
}
commitInfos {
  server {
    id: "s0"
    address: "localhost:33119"
    dataStreamAddress: "localhost:34507"
    clientAddress: "localhost:45597"
    adminAddress: "localhost:42011"
    startupRole: FOLLOWER
  }
}
commitInfos {
  server {
    id: "s1"
    address: "localhost:43051"
    dataStreamAddress: "localhost:41779"
    clientAddress: "localhost:45233"
    adminAddress: "localhost:41551"
    startupRole: FOLLOWER
  }
}
commitInfos {
  server {
    id: "s2"
    address: "localhost:41201"
    dataStreamAddress: "localhost:43565"
    clientAddress: "localhost:41547"
    adminAddress: "localhost:41487"
    startupRole: FOLLOWER
  }
}
]
2022-11-01 02:15:30,070 [s4@group-29DD907A7165->s1-GrpcLogAppender-LogAppenderDaemon] INFO  util.CodeInjectionForTesting (DelayLocalExecutionInjection.java:execute(65)) - s4 delay 150 ms, args=[serverRequest {
  requestorId: "s4"
  replyId: "s1"
  raftGroupId {
    id: "\306I{yg\341A\222\264\356)\335\220zqe"
  }
  callId: 335
  slidingWindowEntry {
  }
}
leaderTerm: 2
previousLog {
  term: 2
}
initializing: true
commitInfos {
  server {
    id: "s4"
    address: "localhost:36775"
    dataStreamAddress: "localhost:42557"
    clientAddress: "localhost:46475"
    adminAddress: "localhost:35477"
    startupRole: FOLLOWER
  }
}
commitInfos {
  server {
    id: "s3"
    address: "localhost:46863"
    dataStreamAddress: "localhost:44363"
    clientAddress: "localhost:41041"
    adminAddress: "localhost:41281"
    startupRole: FOLLOWER
  }
}
commitInfos {
  server {
    id: "s0"
    address: "localhost:33119"
    dataStreamAddress: "localhost:34507"
    clientAddress: "localhost:45597"
    adminAddress: "localhost:42011"
    startupRole: FOLLOWER
  }
}
commitInfos {
  server {
    id: "s1"
    address: "localhost:43051"
    dataStreamAddress: "localhost:41779"
    clientAddress: "localhost:45233"
    adminAddress: "localhost:41551"
    startupRole: FOLLOWER
  }
}
commitInfos {
  server {
    id: "s2"
    address: "localhost:41201"
    dataStreamAddress: "localhost:43565"
    clientAddress: "localhost:41547"
    adminAddress: "localhost:41487"
    startupRole: FOLLOWER
  }
}
]
2022-11-01 02:15:30,091 [grpc-default-executor-24] INFO  util.CodeInjectionForTesting (BlockRequestHandlingInjection.java:execute(77)) - s1: Block request from s3
2022-11-01 02:15:30,091 [grpc-default-executor-27] INFO  server.RaftServer$Division (RaftServerImpl.java:requestVote(1291)) - s2@group-29DD907A7165: receive requestVote(PRE_VOTE, s3, group-29DD907A7165, 2, (t:2, i:0))
2022-11-01 02:15:30,091 [grpc-default-executor-27] INFO  impl.VoteContext (VoteContext.java:log(49)) - s2@group-29DD907A7165-FOLLOWER: reject PRE_VOTE from s3: this server is a follower and still has a valid leader s4
2022-11-01 02:15:30,091 [grpc-default-executor-27] INFO  server.RaftServer$Division (RaftServerImpl.java:requestVote(1324)) - s2@group-29DD907A7165 replies to PRE_VOTE vote request: s3<-s2#0:FAIL-t2. Peer's state: s2@group-29DD907A7165:t2, leader=s4, voted=s4, raftlog=Memoized:s2@group-29DD907A7165-SegmentedRaftLog:OPENED:c0, conf=0: peers:[s3|rpc:localhost:46863|admin:localhost:41281|client:localhost:41041|dataStream:localhost:44363|priority:0|startupRole:FOLLOWER, s4|rpc:localhost:36775|admin:localhost:35477|client:localhost:46475|dataStream:localhost:42557|priority:0|startupRole:FOLLOWER, s0|rpc:localhost:33119|admin:localhost:42011|client:localhost:45597|dataStream:localhost:34507|priority:0|startupRole:FOLLOWER, s1|rpc:localhost:43051|admin:localhost:41551|client:localhost:45233|dataStream:localhost:41779|priority:0|startupRole:FOLLOWER, s2|rpc:localhost:41201|admin:localhost:41487|client:localhost:41547|dataStream:localhost:43565|priority:0|startupRole:FOLLOWER]|listeners:[], old=null
2022-11-01 02:15:30,092 [grpc-default-executor-29] INFO  server.RaftServer$Division (RaftServerImpl.java:requestVote(1291)) - s4@group-29DD907A7165: receive requestVote(PRE_VOTE, s3, group-29DD907A7165, 2, (t:2, i:0))
2022-11-01 02:15:30,092 [grpc-default-executor-29] INFO  impl.VoteContext (VoteContext.java:log(49)) - s4@group-29DD907A7165-LEADER: reject PRE_VOTE from s3: this server is the leader and still has leadership
2022-11-01 02:15:30,092 [grpc-default-executor-29] INFO  server.RaftServer$Division (RaftServerImpl.java:requestVote(1324)) - s4@group-29DD907A7165 replies to PRE_VOTE vote request: s3<-s4#0:FAIL-t2. Peer's state: s4@group-29DD907A7165:t2, leader=s4, voted=s4, raftlog=Memoized:s4@group-29DD907A7165-SegmentedRaftLog:OPENED:c0, conf=0: peers:[s3|rpc:localhost:46863|admin:localhost:41281|client:localhost:41041|dataStream:localhost:44363|priority:0|startupRole:FOLLOWER, s4|rpc:localhost:36775|admin:localhost:35477|client:localhost:46475|dataStream:localhost:42557|priority:0|startupRole:FOLLOWER, s0|rpc:localhost:33119|admin:localhost:42011|client:localhost:45597|dataStream:localhost:34507|priority:0|startupRole:FOLLOWER, s1|rpc:localhost:43051|admin:localhost:41551|client:localhost:45233|dataStream:localhost:41779|priority:0|startupRole:FOLLOWER, s2|rpc:localhost:41201|admin:localhost:41487|client:localhost:41547|dataStream:localhost:43565|priority:0|startupRole:FOLLOWER]|listeners:[], old=null
2022-11-01 02:15:30,092 [grpc-default-executor-5] INFO  server.RaftServer$Division (RaftServerImpl.java:requestVote(1291)) - s0@group-29DD907A7165: receive requestVote(PRE_VOTE, s3, group-29DD907A7165, 2, (t:2, i:0))
2022-11-01 02:15:30,092 [grpc-default-executor-5] INFO  impl.VoteContext (VoteContext.java:log(49)) - s0@group-29DD907A7165-FOLLOWER: reject PRE_VOTE from s3: this server is a follower and still has a valid leader s4
2022-11-01 02:15:30,093 [grpc-default-executor-5] INFO  server.RaftServer$Division (RaftServerImpl.java:requestVote(1324)) - s0@group-29DD907A7165 replies to PRE_VOTE vote request: s3<-s0#0:FAIL-t2. Peer's state: s0@group-29DD907A7165:t2, leader=s4, voted=s4, raftlog=Memoized:s0@group-29DD907A7165-SegmentedRaftLog:OPENED:c0, conf=0: peers:[s3|rpc:localhost:46863|admin:localhost:41281|client:localhost:41041|dataStream:localhost:44363|priority:0|startupRole:FOLLOWER, s4|rpc:localhost:36775|admin:localhost:35477|client:localhost:46475|dataStream:localhost:42557|priority:0|startupRole:FOLLOWER, s0|rpc:localhost:33119|admin:localhost:42011|client:localhost:45597|dataStream:localhost:34507|priority:0|startupRole:FOLLOWER, s1|rpc:localhost:43051|admin:localhost:41551|client:localhost:45233|dataStream:localhost:41779|priority:0|startupRole:FOLLOWER, s2|rpc:localhost:41201|admin:localhost:41487|client:localhost:41547|dataStream:localhost:43565|priority:0|startupRole:FOLLOWER]|listeners:[], old=null
2022-11-01 02:15:30,095 [s3@group-29DD907A7165-LeaderElection65] INFO  impl.LeaderElection (LeaderElection.java:logAndReturn(89)) - s3@group-29DD907A7165-LeaderElection65: PRE_VOTE REJECTED received 1 response(s) and 0 exception(s):
2022-11-01 02:15:30,095 [s3@group-29DD907A7165-LeaderElection65] INFO  impl.LeaderElection (LeaderElection.java:logAndReturn(93)) -   Response 0: s3<-s0#0:FAIL-t2
2022-11-01 02:15:30,095 [s3@group-29DD907A7165-LeaderElection65] INFO  impl.LeaderElection (LeaderElection.java:askForVotes(311)) - s3@group-29DD907A7165-LeaderElection65 PRE_VOTE round 0: result REJECTED
2022-11-01 02:15:30,137 [s1@group-29DD907A7165-FollowerState] INFO  impl.FollowerState (FollowerState.java:run(143)) - s1@group-29DD907A7165-FollowerState: change to CANDIDATE, lastRpcElapsedTime:332511717ns, electionTimeout:231ms
2022-11-01 02:15:30,138 [s1@group-29DD907A7165-FollowerState] INFO  impl.RoleInfo (RoleInfo.java:shutdownFollowerState(110)) - s1: shutdown s1@group-29DD907A7165-FollowerState
2022-11-01 02:15:30,138 [s1@group-29DD907A7165-FollowerState] INFO  server.RaftServer$Division (RaftServerImpl.java:setRole(325)) - s1@group-29DD907A7165: changes role from  FOLLOWER to CANDIDATE at term 2 for changeToCandidate
2022-11-01 02:15:30,138 [s1@group-29DD907A7165-FollowerState] INFO  server.RaftServerConfigKeys (ConfUtils.java:logGet(46)) - raft.server.leaderelection.pre-vote = true (default)
2022-11-01 02:15:30,138 [s1@group-29DD907A7165-FollowerState] INFO  impl.RoleInfo (RoleInfo.java:updateAndGet(139)) - s1: start s1@group-29DD907A7165-LeaderElection66
2022-11-01 02:15:30,138 [s1@group-29DD907A7165-LeaderElection66] INFO  server.RaftServer$Division (ServerState.java:setLeader(259)) - s1@group-29DD907A7165: change Leader from s4 to null at term 2 for PRE_VOTE
2022-11-01 02:15:30,139 [s1@group-29DD907A7165-LeaderElection66] INFO  impl.LeaderElection (LeaderElection.java:askForVotes(309)) - s1@group-29DD907A7165-LeaderElection66 PRE_VOTE round 0: submit vote requests at term 2 for 0: peers:[s3|rpc:localhost:46863|admin:localhost:41281|client:localhost:41041|dataStream:localhost:44363|priority:0|startupRole:FOLLOWER, s4|rpc:localhost:36775|admin:localhost:35477|client:localhost:46475|dataStream:localhost:42557|priority:0|startupRole:FOLLOWER, s0|rpc:localhost:33119|admin:localhost:42011|client:localhost:45597|dataStream:localhost:34507|priority:0|startupRole:FOLLOWER, s1|rpc:localhost:43051|admin:localhost:41551|client:localhost:45233|dataStream:localhost:41779|priority:0|startupRole:FOLLOWER, s2|rpc:localhost:41201|admin:localhost:41487|client:localhost:41547|dataStream:localhost:43565|priority:0|startupRole:FOLLOWER]|listeners:[], old=null
2022-11-01 02:15:30,141 [grpc-default-executor-5] INFO  server.RaftServer$Division (RaftServerImpl.java:requestVote(1291)) - s3@group-29DD907A7165: receive requestVote(PRE_VOTE, s1, group-29DD907A7165, 2, (t:1, i:0))
2022-11-01 02:15:30,141 [grpc-default-executor-5] INFO  impl.VoteContext (VoteContext.java:log(49)) - s3@group-29DD907A7165-FOLLOWER: reject PRE_VOTE from s1: our last entry (t:2, i:0) > candidate's last entry (t:1, i:0)
2022-11-01 02:15:30,141 [grpc-default-executor-5] INFO  server.RaftServer$Division (RaftServerImpl.java:requestVote(1324)) - s3@group-29DD907A7165 replies to PRE_VOTE vote request: s1<-s3#0:FAIL-t2. Peer's state: s3@group-29DD907A7165:t2, leader=s4, voted=s4, raftlog=Memoized:s3@group-29DD907A7165-SegmentedRaftLog:OPENED:c0, conf=0: peers:[s3|rpc:localhost:46863|admin:localhost:41281|client:localhost:41041|dataStream:localhost:44363|priority:0|startupRole:FOLLOWER, s4|rpc:localhost:36775|admin:localhost:35477|client:localhost:46475|dataStream:localhost:42557|priority:0|startupRole:FOLLOWER, s0|rpc:localhost:33119|admin:localhost:42011|client:localhost:45597|dataStream:localhost:34507|priority:0|startupRole:FOLLOWER, s1|rpc:localhost:43051|admin:localhost:41551|client:localhost:45233|dataStream:localhost:41779|priority:0|startupRole:FOLLOWER, s2|rpc:localhost:41201|admin:localhost:41487|client:localhost:41547|dataStream:localhost:43565|priority:0|startupRole:FOLLOWER]|listeners:[], old=null
2022-11-01 02:15:30,141 [grpc-default-executor-29] INFO  server.RaftServer$Division (RaftServerImpl.java:requestVote(1291)) - s0@group-29DD907A7165: receive requestVote(PRE_VOTE, s1, group-29DD907A7165, 2, (t:1, i:0))
2022-11-01 02:15:30,141 [grpc-default-executor-29] INFO  impl.VoteContext (VoteContext.java:log(49)) - s0@group-29DD907A7165-FOLLOWER: reject PRE_VOTE from s1: our last entry (t:2, i:0) > candidate's last entry (t:1, i:0)
2022-11-01 02:15:30,142 [grpc-default-executor-29] INFO  server.RaftServer$Division (RaftServerImpl.java:requestVote(1324)) - s0@group-29DD907A7165 replies to PRE_VOTE vote request: s1<-s0#0:FAIL-t2. Peer's state: s0@group-29DD907A7165:t2, leader=s4, voted=s4, raftlog=Memoized:s0@group-29DD907A7165-SegmentedRaftLog:OPENED:c0, conf=0: peers:[s3|rpc:localhost:46863|admin:localhost:41281|client:localhost:41041|dataStream:localhost:44363|priority:0|startupRole:FOLLOWER, s4|rpc:localhost:36775|admin:localhost:35477|client:localhost:46475|dataStream:localhost:42557|priority:0|startupRole:FOLLOWER, s0|rpc:localhost:33119|admin:localhost:42011|client:localhost:45597|dataStream:localhost:34507|priority:0|startupRole:FOLLOWER, s1|rpc:localhost:43051|admin:localhost:41551|client:localhost:45233|dataStream:localhost:41779|priority:0|startupRole:FOLLOWER, s2|rpc:localhost:41201|admin:localhost:41487|client:localhost:41547|dataStream:localhost:43565|priority:0|startupRole:FOLLOWER]|listeners:[], old=null
2022-11-01 02:15:30,141 [grpc-default-executor-27] INFO  server.RaftServer$Division (RaftServerImpl.java:requestVote(1291)) - s4@group-29DD907A7165: receive requestVote(PRE_VOTE, s1, group-29DD907A7165, 2, (t:1, i:0))
2022-11-01 02:15:30,142 [grpc-default-executor-27] INFO  impl.VoteContext (VoteContext.java:log(49)) - s4@group-29DD907A7165-LEADER: reject PRE_VOTE from s1: this server is the leader and still has leadership
2022-11-01 02:15:30,142 [grpc-default-executor-27] INFO  server.RaftServer$Division (RaftServerImpl.java:requestVote(1324)) - s4@group-29DD907A7165 replies to PRE_VOTE vote request: s1<-s4#0:FAIL-t2. Peer's state: s4@group-29DD907A7165:t2, leader=s4, voted=s4, raftlog=Memoized:s4@group-29DD907A7165-SegmentedRaftLog:OPENED:c0, conf=0: peers:[s3|rpc:localhost:46863|admin:localhost:41281|client:localhost:41041|dataStream:localhost:44363|priority:0|startupRole:FOLLOWER, s4|rpc:localhost:36775|admin:localhost:35477|client:localhost:46475|dataStream:localhost:42557|priority:0|startupRole:FOLLOWER, s0|rpc:localhost:33119|admin:localhost:42011|client:localhost:45597|dataStream:localhost:34507|priority:0|startupRole:FOLLOWER, s1|rpc:localhost:43051|admin:localhost:41551|client:localhost:45233|dataStream:localhost:41779|priority:0|startupRole:FOLLOWER, s2|rpc:localhost:41201|admin:localhost:41487|client:localhost:41547|dataStream:localhost:43565|priority:0|startupRole:FOLLOWER]|listeners:[], old=null
2022-11-01 02:15:30,144 [grpc-default-executor-29] INFO  server.RaftServer$Division (RaftServerImpl.java:requestVote(1291)) - s2@group-29DD907A7165: receive requestVote(PRE_VOTE, s1, group-29DD907A7165, 2, (t:1, i:0))
2022-11-01 02:15:30,144 [grpc-default-executor-29] INFO  impl.VoteContext (VoteContext.java:log(49)) - s2@group-29DD907A7165-FOLLOWER: reject PRE_VOTE from s1: our last entry (t:2, i:0) > candidate's last entry (t:1, i:0)
2022-11-01 02:15:30,144 [grpc-default-executor-29] INFO  server.RaftServer$Division (RaftServerImpl.java:requestVote(1324)) - s2@group-29DD907A7165 replies to PRE_VOTE vote request: s1<-s2#0:FAIL-t2. Peer's state: s2@group-29DD907A7165:t2, leader=s4, voted=s4, raftlog=Memoized:s2@group-29DD907A7165-SegmentedRaftLog:OPENED:c0, conf=0: peers:[s3|rpc:localhost:46863|admin:localhost:41281|client:localhost:41041|dataStream:localhost:44363|priority:0|startupRole:FOLLOWER, s4|rpc:localhost:36775|admin:localhost:35477|client:localhost:46475|dataStream:localhost:42557|priority:0|startupRole:FOLLOWER, s0|rpc:localhost:33119|admin:localhost:42011|client:localhost:45597|dataStream:localhost:34507|priority:0|startupRole:FOLLOWER, s1|rpc:localhost:43051|admin:localhost:41551|client:localhost:45233|dataStream:localhost:41779|priority:0|startupRole:FOLLOWER, s2|rpc:localhost:41201|admin:localhost:41487|client:localhost:41547|dataStream:localhost:43565|priority:0|startupRole:FOLLOWER]|listeners:[], old=null
2022-11-01 02:15:30,145 [s1@group-29DD907A7165-LeaderElection66] INFO  impl.LeaderElection (LeaderElection.java:logAndReturn(89)) - s1@group-29DD907A7165-LeaderElection66: PRE_VOTE REJECTED received 3 response(s) and 0 exception(s):
2022-11-01 02:15:30,145 [s1@group-29DD907A7165-LeaderElection66] INFO  impl.LeaderElection (LeaderElection.java:logAndReturn(93)) -   Response 0: s1<-s3#0:FAIL-t2
2022-11-01 02:15:30,145 [s1@group-29DD907A7165-LeaderElection66] INFO  impl.LeaderElection (LeaderElection.java:logAndReturn(93)) -   Response 1: s1<-s4#0:FAIL-t2
2022-11-01 02:15:30,145 [s1@group-29DD907A7165-LeaderElection66] INFO  impl.LeaderElection (LeaderElection.java:logAndReturn(93)) -   Response 2: s1<-s2#0:FAIL-t2
2022-11-01 02:15:30,145 [s1@group-29DD907A7165-LeaderElection66] INFO  impl.LeaderElection (LeaderElection.java:askForVotes(311)) - s1@group-29DD907A7165-LeaderElection66 PRE_VOTE round 0: result REJECTED
2022-11-01 02:15:30,145 [s1@group-29DD907A7165-LeaderElection66] INFO  server.RaftServer$Division (RaftServerImpl.java:setRole(325)) - s1@group-29DD907A7165: changes role from CANDIDATE to FOLLOWER at term 2 for REJECTED
2022-11-01 02:15:30,145 [s1@group-29DD907A7165-LeaderElection66] INFO  impl.RoleInfo (RoleInfo.java:shutdownLeaderElection(130)) - s1: shutdown s1@group-29DD907A7165-LeaderElection66
2022-11-01 02:15:30,145 [s1@group-29DD907A7165-LeaderElection66] INFO  impl.RoleInfo (RoleInfo.java:updateAndGet(139)) - s1: start s1@group-29DD907A7165-FollowerState
2022-11-01 02:15:30,258 [s4@group-29DD907A7165->s1-GrpcLogAppender-LogAppenderDaemon] INFO  util.CodeInjectionForTesting (DelayLocalExecutionInjection.java:execute(65)) - s4 delay 150 ms, args=[serverRequest {
  requestorId: "s4"
  replyId: "s1"
  raftGroupId {
    id: "\306I{yg\341A\222\264\356)\335\220zqe"
  }
  callId: 336
  slidingWindowEntry {
  }
}
leaderTerm: 2
previousLog {
  term: 2
}
initializing: true
commitInfos {
  server {
    id: "s4"
    address: "localhost:36775"
    dataStreamAddress: "localhost:42557"
    clientAddress: "localhost:46475"
    adminAddress: "localhost:35477"
    startupRole: FOLLOWER
  }
}
commitInfos {
  server {
    id: "s3"
    address: "localhost:46863"
    dataStreamAddress: "localhost:44363"
    clientAddress: "localhost:41041"
    adminAddress: "localhost:41281"
    startupRole: FOLLOWER
  }
}
commitInfos {
  server {
    id: "s0"
    address: "localhost:33119"
    dataStreamAddress: "localhost:34507"
    clientAddress: "localhost:45597"
    adminAddress: "localhost:42011"
    startupRole: FOLLOWER
  }
}
commitInfos {
  server {
    id: "s1"
    address: "localhost:43051"
    dataStreamAddress: "localhost:41779"
    clientAddress: "localhost:45233"
    adminAddress: "localhost:41551"
    startupRole: FOLLOWER
  }
}
commitInfos {
  server {
    id: "s2"
    address: "localhost:41201"
    dataStreamAddress: "localhost:43565"
    clientAddress: "localhost:41547"
    adminAddress: "localhost:41487"
    startupRole: FOLLOWER
  }
}
]
2022-11-01 02:15:30,292 [s4@group-29DD907A7165->s0-GrpcLogAppender-LogAppenderDaemon] INFO  util.CodeInjectionForTesting (DelayLocalExecutionInjection.java:execute(65)) - s4 delay 150 ms, args=[serverRequest {
  requestorId: "s4"
  replyId: "s0"
  raftGroupId {
    id: "\306I{yg\341A\222\264\356)\335\220zqe"
  }
  callId: 177
  slidingWindowEntry {
  }
}
leaderTerm: 2
previousLog {
  term: 2
}
initializing: true
commitInfos {
  server {
    id: "s4"
    address: "localhost:36775"
    dataStreamAddress: "localhost:42557"
    clientAddress: "localhost:46475"
    adminAddress: "localhost:35477"
    startupRole: FOLLOWER
  }
}
commitInfos {
  server {
    id: "s3"
    address: "localhost:46863"
    dataStreamAddress: "localhost:44363"
    clientAddress: "localhost:41041"
    adminAddress: "localhost:41281"
    startupRole: FOLLOWER
  }
}
commitInfos {
  server {
    id: "s0"
    address: "localhost:33119"
    dataStreamAddress: "localhost:34507"
    clientAddress: "localhost:45597"
    adminAddress: "localhost:42011"
    startupRole: FOLLOWER
  }
}
commitInfos {
  server {
    id: "s1"
    address: "localhost:43051"
    dataStreamAddress: "localhost:41779"
    clientAddress: "localhost:45233"
    adminAddress: "localhost:41551"
    startupRole: FOLLOWER
  }
}
commitInfos {
  server {
    id: "s2"
    address: "localhost:41201"
    dataStreamAddress: "localhost:43565"
    clientAddress: "localhost:41547"
    adminAddress: "localhost:41487"
    startupRole: FOLLOWER
  }
}
]
2022-11-01 02:15:30,292 [s4@group-29DD907A7165->s2-GrpcLogAppender-LogAppenderDaemon] INFO  util.CodeInjectionForTesting (DelayLocalExecutionInjection.java:execute(65)) - s4 delay 150 ms, args=[serverRequest {
  requestorId: "s4"
  replyId: "s2"
  raftGroupId {
    id: "\306I{yg\341A\222\264\356)\335\220zqe"
  }
  callId: 163
  slidingWindowEntry {
  }
}
leaderTerm: 2
previousLog {
  term: 2
}
initializing: true
commitInfos {
  server {
    id: "s4"
    address: "localhost:36775"
    dataStreamAddress: "localhost:42557"
    clientAddress: "localhost:46475"
    adminAddress: "localhost:35477"
    startupRole: FOLLOWER
  }
}
commitInfos {
  server {
    id: "s3"
    address: "localhost:46863"
    dataStreamAddress: "localhost:44363"
    clientAddress: "localhost:41041"
    adminAddress: "localhost:41281"
    startupRole: FOLLOWER
  }
}
commitInfos {
  server {
    id: "s0"
    address: "localhost:33119"
    dataStreamAddress: "localhost:34507"
    clientAddress: "localhost:45597"
    adminAddress: "localhost:42011"
    startupRole: FOLLOWER
  }
}
commitInfos {
  server {
    id: "s1"
    address: "localhost:43051"
    dataStreamAddress: "localhost:41779"
    clientAddress: "localhost:45233"
    adminAddress: "localhost:41551"
    startupRole: FOLLOWER
  }
}
commitInfos {
  server {
    id: "s2"
    address: "localhost:41201"
    dataStreamAddress: "localhost:43565"
    clientAddress: "localhost:41547"
    adminAddress: "localhost:41487"
    startupRole: FOLLOWER
  }
}
]
2022-11-01 02:15:30,293 [s4@group-29DD907A7165->s3-GrpcLogAppender-LogAppenderDaemon] INFO  util.CodeInjectionForTesting (DelayLocalExecutionInjection.java:execute(65)) - s4 delay 150 ms, args=[serverRequest {
  requestorId: "s4"
  replyId: "s3"
  raftGroupId {
    id: "\306I{yg\341A\222\264\356)\335\220zqe"
  }
  callId: 167
  slidingWindowEntry {
  }
}
leaderTerm: 2
previousLog {
  term: 2
}
initializing: true
commitInfos {
  server {
    id: "s4"
    address: "localhost:36775"
    dataStreamAddress: "localhost:42557"
    clientAddress: "localhost:46475"
    adminAddress: "localhost:35477"
    startupRole: FOLLOWER
  }
}
commitInfos {
  server {
    id: "s3"
    address: "localhost:46863"
    dataStreamAddress: "localhost:44363"
    clientAddress: "localhost:41041"
    adminAddress: "localhost:41281"
    startupRole: FOLLOWER
  }
}
commitInfos {
  server {
    id: "s0"
    address: "localhost:33119"
    dataStreamAddress: "localhost:34507"
    clientAddress: "localhost:45597"
    adminAddress: "localhost:42011"
    startupRole: FOLLOWER
  }
}
commitInfos {
  server {
    id: "s1"
    address: "localhost:43051"
    dataStreamAddress: "localhost:41779"
    clientAddress: "localhost:45233"
    adminAddress: "localhost:41551"
    startupRole: FOLLOWER
  }
}
commitInfos {
  server {
    id: "s2"
    address: "localhost:41201"
    dataStreamAddress: "localhost:43565"
    clientAddress: "localhost:41547"
    adminAddress: "localhost:41487"
    startupRole: FOLLOWER
  }
}
]
2022-11-01 02:15:30,416 [s1@group-29DD907A7165-FollowerState] INFO  impl.FollowerState (FollowerState.java:run(143)) - s1@group-29DD907A7165-FollowerState: change to CANDIDATE, lastRpcElapsedTime:270824312ns, electionTimeout:270ms
2022-11-01 02:15:30,416 [s1@group-29DD907A7165-FollowerState] INFO  impl.RoleInfo (RoleInfo.java:shutdownFollowerState(110)) - s1: shutdown s1@group-29DD907A7165-FollowerState
2022-11-01 02:15:30,416 [s1@group-29DD907A7165-FollowerState] INFO  server.RaftServer$Division (RaftServerImpl.java:setRole(325)) - s1@group-29DD907A7165: changes role from  FOLLOWER to CANDIDATE at term 2 for changeToCandidate
2022-11-01 02:15:30,416 [s1@group-29DD907A7165-FollowerState] INFO  server.RaftServerConfigKeys (ConfUtils.java:logGet(46)) - raft.server.leaderelection.pre-vote = true (default)
2022-11-01 02:15:30,416 [s1@group-29DD907A7165-FollowerState] INFO  impl.RoleInfo (RoleInfo.java:updateAndGet(139)) - s1: start s1@group-29DD907A7165-LeaderElection67
2022-11-01 02:15:30,417 [s1@group-29DD907A7165-LeaderElection67] INFO  impl.LeaderElection (LeaderElection.java:askForVotes(309)) - s1@group-29DD907A7165-LeaderElection67 PRE_VOTE round 0: submit vote requests at term 2 for 0: peers:[s3|rpc:localhost:46863|admin:localhost:41281|client:localhost:41041|dataStream:localhost:44363|priority:0|startupRole:FOLLOWER, s4|rpc:localhost:36775|admin:localhost:35477|client:localhost:46475|dataStream:localhost:42557|priority:0|startupRole:FOLLOWER, s0|rpc:localhost:33119|admin:localhost:42011|client:localhost:45597|dataStream:localhost:34507|priority:0|startupRole:FOLLOWER, s1|rpc:localhost:43051|admin:localhost:41551|client:localhost:45233|dataStream:localhost:41779|priority:0|startupRole:FOLLOWER, s2|rpc:localhost:41201|admin:localhost:41487|client:localhost:41547|dataStream:localhost:43565|priority:0|startupRole:FOLLOWER]|listeners:[], old=null
2022-11-01 02:15:30,419 [grpc-default-executor-27] INFO  server.RaftServer$Division (RaftServerImpl.java:requestVote(1291)) - s4@group-29DD907A7165: receive requestVote(PRE_VOTE, s1, group-29DD907A7165, 2, (t:1, i:0))
2022-11-01 02:15:30,419 [grpc-default-executor-27] INFO  impl.VoteContext (VoteContext.java:log(49)) - s4@group-29DD907A7165-LEADER: reject PRE_VOTE from s1: this server is the leader and still has leadership
2022-11-01 02:15:30,420 [grpc-default-executor-27] INFO  server.RaftServer$Division (RaftServerImpl.java:requestVote(1324)) - s4@group-29DD907A7165 replies to PRE_VOTE vote request: s1<-s4#0:FAIL-t2. Peer's state: s4@group-29DD907A7165:t2, leader=s4, voted=s4, raftlog=Memoized:s4@group-29DD907A7165-SegmentedRaftLog:OPENED:c0, conf=0: peers:[s3|rpc:localhost:46863|admin:localhost:41281|client:localhost:41041|dataStream:localhost:44363|priority:0|startupRole:FOLLOWER, s4|rpc:localhost:36775|admin:localhost:35477|client:localhost:46475|dataStream:localhost:42557|priority:0|startupRole:FOLLOWER, s0|rpc:localhost:33119|admin:localhost:42011|client:localhost:45597|dataStream:localhost:34507|priority:0|startupRole:FOLLOWER, s1|rpc:localhost:43051|admin:localhost:41551|client:localhost:45233|dataStream:localhost:41779|priority:0|startupRole:FOLLOWER, s2|rpc:localhost:41201|admin:localhost:41487|client:localhost:41547|dataStream:localhost:43565|priority:0|startupRole:FOLLOWER]|listeners:[], old=null
2022-11-01 02:15:30,421 [grpc-default-executor-29] INFO  server.RaftServer$Division (RaftServerImpl.java:requestVote(1291)) - s0@group-29DD907A7165: receive requestVote(PRE_VOTE, s1, group-29DD907A7165, 2, (t:1, i:0))
2022-11-01 02:15:30,421 [grpc-default-executor-29] INFO  impl.VoteContext (VoteContext.java:log(49)) - s0@group-29DD907A7165-FOLLOWER: reject PRE_VOTE from s1: our last entry (t:2, i:0) > candidate's last entry (t:1, i:0)
2022-11-01 02:15:30,421 [grpc-default-executor-29] INFO  server.RaftServer$Division (RaftServerImpl.java:requestVote(1324)) - s0@group-29DD907A7165 replies to PRE_VOTE vote request: s1<-s0#0:FAIL-t2. Peer's state: s0@group-29DD907A7165:t2, leader=s4, voted=s4, raftlog=Memoized:s0@group-29DD907A7165-SegmentedRaftLog:OPENED:c0, conf=0: peers:[s3|rpc:localhost:46863|admin:localhost:41281|client:localhost:41041|dataStream:localhost:44363|priority:0|startupRole:FOLLOWER, s4|rpc:localhost:36775|admin:localhost:35477|client:localhost:46475|dataStream:localhost:42557|priority:0|startupRole:FOLLOWER, s0|rpc:localhost:33119|admin:localhost:42011|client:localhost:45597|dataStream:localhost:34507|priority:0|startupRole:FOLLOWER, s1|rpc:localhost:43051|admin:localhost:41551|client:localhost:45233|dataStream:localhost:41779|priority:0|startupRole:FOLLOWER, s2|rpc:localhost:41201|admin:localhost:41487|client:localhost:41547|dataStream:localhost:43565|priority:0|startupRole:FOLLOWER]|listeners:[], old=null
2022-11-01 02:15:30,423 [grpc-default-executor-29] INFO  server.RaftServer$Division (RaftServerImpl.java:requestVote(1291)) - s3@group-29DD907A7165: receive requestVote(PRE_VOTE, s1, group-29DD907A7165, 2, (t:1, i:0))
2022-11-01 02:15:30,423 [grpc-default-executor-29] INFO  impl.VoteContext (VoteContext.java:log(49)) - s3@group-29DD907A7165-FOLLOWER: reject PRE_VOTE from s1: our last entry (t:2, i:0) > candidate's last entry (t:1, i:0)
2022-11-01 02:15:30,423 [grpc-default-executor-29] INFO  server.RaftServer$Division (RaftServerImpl.java:requestVote(1324)) - s3@group-29DD907A7165 replies to PRE_VOTE vote request: s1<-s3#0:FAIL-t2. Peer's state: s3@group-29DD907A7165:t2, leader=s4, voted=s4, raftlog=Memoized:s3@group-29DD907A7165-SegmentedRaftLog:OPENED:c0, conf=0: peers:[s3|rpc:localhost:46863|admin:localhost:41281|client:localhost:41041|dataStream:localhost:44363|priority:0|startupRole:FOLLOWER, s4|rpc:localhost:36775|admin:localhost:35477|client:localhost:46475|dataStream:localhost:42557|priority:0|startupRole:FOLLOWER, s0|rpc:localhost:33119|admin:localhost:42011|client:localhost:45597|dataStream:localhost:34507|priority:0|startupRole:FOLLOWER, s1|rpc:localhost:43051|admin:localhost:41551|client:localhost:45233|dataStream:localhost:41779|priority:0|startupRole:FOLLOWER, s2|rpc:localhost:41201|admin:localhost:41487|client:localhost:41547|dataStream:localhost:43565|priority:0|startupRole:FOLLOWER]|listeners:[], old=null
2022-11-01 02:15:30,423 [grpc-default-executor-29] INFO  server.RaftServer$Division (RaftServerImpl.java:requestVote(1291)) - s2@group-29DD907A7165: receive requestVote(PRE_VOTE, s1, group-29DD907A7165, 2, (t:1, i:0))
2022-11-01 02:15:30,423 [grpc-default-executor-29] INFO  impl.VoteContext (VoteContext.java:log(49)) - s2@group-29DD907A7165-FOLLOWER: reject PRE_VOTE from s1: our last entry (t:2, i:0) > candidate's last entry (t:1, i:0)
2022-11-01 02:15:30,424 [grpc-default-executor-29] INFO  server.RaftServer$Division (RaftServerImpl.java:requestVote(1324)) - s2@group-29DD907A7165 replies to PRE_VOTE vote request: s1<-s2#0:FAIL-t2. Peer's state: s2@group-29DD907A7165:t2, leader=s4, voted=s4, raftlog=Memoized:s2@group-29DD907A7165-SegmentedRaftLog:OPENED:c0, conf=0: peers:[s3|rpc:localhost:46863|admin:localhost:41281|client:localhost:41041|dataStream:localhost:44363|priority:0|startupRole:FOLLOWER, s4|rpc:localhost:36775|admin:localhost:35477|client:localhost:46475|dataStream:localhost:42557|priority:0|startupRole:FOLLOWER, s0|rpc:localhost:33119|admin:localhost:42011|client:localhost:45597|dataStream:localhost:34507|priority:0|startupRole:FOLLOWER, s1|rpc:localhost:43051|admin:localhost:41551|client:localhost:45233|dataStream:localhost:41779|priority:0|startupRole:FOLLOWER, s2|rpc:localhost:41201|admin:localhost:41487|client:localhost:41547|dataStream:localhost:43565|priority:0|startupRole:FOLLOWER]|listeners:[], old=null
2022-11-01 02:15:30,424 [s1@group-29DD907A7165-LeaderElection67] INFO  impl.LeaderElection (LeaderElection.java:logAndReturn(89)) - s1@group-29DD907A7165-LeaderElection67: PRE_VOTE REJECTED received 3 response(s) and 0 exception(s):
2022-11-01 02:15:30,424 [s1@group-29DD907A7165-LeaderElection67] INFO  impl.LeaderElection (LeaderElection.java:logAndReturn(93)) -   Response 0: s1<-s3#0:FAIL-t2
2022-11-01 02:15:30,424 [s1@group-29DD907A7165-LeaderElection67] INFO  impl.LeaderElection (LeaderElection.java:logAndReturn(93)) -   Response 1: s1<-s4#0:FAIL-t2
2022-11-01 02:15:30,424 [s1@group-29DD907A7165-LeaderElection67] INFO  impl.LeaderElection (LeaderElection.java:logAndReturn(93)) -   Response 2: s1<-s0#0:FAIL-t2
2022-11-01 02:15:30,424 [s1@group-29DD907A7165-LeaderElection67] INFO  impl.LeaderElection (LeaderElection.java:askForVotes(311)) - s1@group-29DD907A7165-LeaderElection67 PRE_VOTE round 0: result REJECTED
2022-11-01 02:15:30,424 [s1@group-29DD907A7165-LeaderElection67] INFO  server.RaftServer$Division (RaftServerImpl.java:setRole(325)) - s1@group-29DD907A7165: changes role from CANDIDATE to FOLLOWER at term 2 for REJECTED
2022-11-01 02:15:30,424 [s1@group-29DD907A7165-LeaderElection67] INFO  impl.RoleInfo (RoleInfo.java:shutdownLeaderElection(130)) - s1: shutdown s1@group-29DD907A7165-LeaderElection67
2022-11-01 02:15:30,424 [s1@group-29DD907A7165-LeaderElection67] INFO  impl.RoleInfo (RoleInfo.java:updateAndGet(139)) - s1: start s1@group-29DD907A7165-FollowerState
2022-11-01 02:15:30,446 [s4@group-29DD907A7165->s1-GrpcLogAppender-LogAppenderDaemon] INFO  util.CodeInjectionForTesting (DelayLocalExecutionInjection.java:execute(65)) - s4 delay 150 ms, args=[serverRequest {
  requestorId: "s4"
  replyId: "s1"
  raftGroupId {
    id: "\306I{yg\341A\222\264\356)\335\220zqe"
  }
  callId: 337
  slidingWindowEntry {
  }
}
leaderTerm: 2
previousLog {
  term: 2
}
initializing: true
commitInfos {
  server {
    id: "s4"
    address: "localhost:36775"
    dataStreamAddress: "localhost:42557"
    clientAddress: "localhost:46475"
    adminAddress: "localhost:35477"
    startupRole: FOLLOWER
  }
}
commitInfos {
  server {
    id: "s3"
    address: "localhost:46863"
    dataStreamAddress: "localhost:44363"
    clientAddress: "localhost:41041"
    adminAddress: "localhost:41281"
    startupRole: FOLLOWER
  }
}
commitInfos {
  server {
    id: "s0"
    address: "localhost:33119"
    dataStreamAddress: "localhost:34507"
    clientAddress: "localhost:45597"
    adminAddress: "localhost:42011"
    startupRole: FOLLOWER
  }
}
commitInfos {
  server {
    id: "s1"
    address: "localhost:43051"
    dataStreamAddress: "localhost:41779"
    clientAddress: "localhost:45233"
    adminAddress: "localhost:41551"
    startupRole: FOLLOWER
  }
}
commitInfos {
  server {
    id: "s2"
    address: "localhost:41201"
    dataStreamAddress: "localhost:43565"
    clientAddress: "localhost:41547"
    adminAddress: "localhost:41487"
    startupRole: FOLLOWER
  }
}
]
2022-11-01 02:15:30,518 [s4@group-29DD907A7165->s2-GrpcLogAppender-LogAppenderDaemon] INFO  util.CodeInjectionForTesting (DelayLocalExecutionInjection.java:execute(65)) - s4 delay 150 ms, args=[serverRequest {
  requestorId: "s4"
  replyId: "s2"
  raftGroupId {
    id: "\306I{yg\341A\222\264\356)\335\220zqe"
  }
  callId: 164
  slidingWindowEntry {
  }
}
leaderTerm: 2
previousLog {
  term: 2
}
initializing: true
commitInfos {
  server {
    id: "s4"
    address: "localhost:36775"
    dataStreamAddress: "localhost:42557"
    clientAddress: "localhost:46475"
    adminAddress: "localhost:35477"
    startupRole: FOLLOWER
  }
}
commitInfos {
  server {
    id: "s3"
    address: "localhost:46863"
    dataStreamAddress: "localhost:44363"
    clientAddress: "localhost:41041"
    adminAddress: "localhost:41281"
    startupRole: FOLLOWER
  }
}
commitInfos {
  server {
    id: "s0"
    address: "localhost:33119"
    dataStreamAddress: "localhost:34507"
    clientAddress: "localhost:45597"
    adminAddress: "localhost:42011"
    startupRole: FOLLOWER
  }
}
commitInfos {
  server {
    id: "s1"
    address: "localhost:43051"
    dataStreamAddress: "localhost:41779"
    clientAddress: "localhost:45233"
    adminAddress: "localhost:41551"
    startupRole: FOLLOWER
  }
}
commitInfos {
  server {
    id: "s2"
    address: "localhost:41201"
    dataStreamAddress: "localhost:43565"
    clientAddress: "localhost:41547"
    adminAddress: "localhost:41487"
    startupRole: FOLLOWER
  }
}
]
2022-11-01 02:15:30,519 [s4@group-29DD907A7165->s3-GrpcLogAppender-LogAppenderDaemon] INFO  util.CodeInjectionForTesting (DelayLocalExecutionInjection.java:execute(65)) - s4 delay 150 ms, args=[serverRequest {
  requestorId: "s4"
  replyId: "s3"
  raftGroupId {
    id: "\306I{yg\341A\222\264\356)\335\220zqe"
  }
  callId: 168
  slidingWindowEntry {
  }
}
leaderTerm: 2
previousLog {
  term: 2
}
initializing: true
commitInfos {
  server {
    id: "s4"
    address: "localhost:36775"
    dataStreamAddress: "localhost:42557"
    clientAddress: "localhost:46475"
    adminAddress: "localhost:35477"
    startupRole: FOLLOWER
  }
}
commitInfos {
  server {
    id: "s3"
    address: "localhost:46863"
    dataStreamAddress: "localhost:44363"
    clientAddress: "localhost:41041"
    adminAddress: "localhost:41281"
    startupRole: FOLLOWER
  }
}
commitInfos {
  server {
    id: "s0"
    address: "localhost:33119"
    dataStreamAddress: "localhost:34507"
    clientAddress: "localhost:45597"
    adminAddress: "localhost:42011"
    startupRole: FOLLOWER
  }
}
commitInfos {
  server {
    id: "s1"
    address: "localhost:43051"
    dataStreamAddress: "localhost:41779"
    clientAddress: "localhost:45233"
    adminAddress: "localhost:41551"
    startupRole: FOLLOWER
  }
}
commitInfos {
  server {
    id: "s2"
    address: "localhost:41201"
    dataStreamAddress: "localhost:43565"
    clientAddress: "localhost:41547"
    adminAddress: "localhost:41487"
    startupRole: FOLLOWER
  }
}
]
2022-11-01 02:15:30,519 [s4@group-29DD907A7165->s0-GrpcLogAppender-LogAppenderDaemon] INFO  util.CodeInjectionForTesting (DelayLocalExecutionInjection.java:execute(65)) - s4 delay 150 ms, args=[serverRequest {
  requestorId: "s4"
  replyId: "s0"
  raftGroupId {
    id: "\306I{yg\341A\222\264\356)\335\220zqe"
  }
  callId: 178
  slidingWindowEntry {
  }
}
leaderTerm: 2
previousLog {
  term: 2
}
initializing: true
commitInfos {
  server {
    id: "s4"
    address: "localhost:36775"
    dataStreamAddress: "localhost:42557"
    clientAddress: "localhost:46475"
    adminAddress: "localhost:35477"
    startupRole: FOLLOWER
  }
}
commitInfos {
  server {
    id: "s3"
    address: "localhost:46863"
    dataStreamAddress: "localhost:44363"
    clientAddress: "localhost:41041"
    adminAddress: "localhost:41281"
    startupRole: FOLLOWER
  }
}
commitInfos {
  server {
    id: "s0"
    address: "localhost:33119"
    dataStreamAddress: "localhost:34507"
    clientAddress: "localhost:45597"
    adminAddress: "localhost:42011"
    startupRole: FOLLOWER
  }
}
commitInfos {
  server {
    id: "s1"
    address: "localhost:43051"
    dataStreamAddress: "localhost:41779"
    clientAddress: "localhost:45233"
    adminAddress: "localhost:41551"
    startupRole: FOLLOWER
  }
}
commitInfos {
  server {
    id: "s2"
    address: "localhost:41201"
    dataStreamAddress: "localhost:43565"
    clientAddress: "localhost:41547"
    adminAddress: "localhost:41487"
    startupRole: FOLLOWER
  }
}
]
2022-11-01 02:15:30,634 [s4@group-29DD907A7165->s1-GrpcLogAppender-LogAppenderDaemon] INFO  util.CodeInjectionForTesting (DelayLocalExecutionInjection.java:execute(65)) - s4 delay 150 ms, args=[serverRequest {
  requestorId: "s4"
  replyId: "s1"
  raftGroupId {
    id: "\306I{yg\341A\222\264\356)\335\220zqe"
  }
  callId: 338
  slidingWindowEntry {
  }
}
leaderTerm: 2
previousLog {
  term: 2
}
initializing: true
commitInfos {
  server {
    id: "s4"
    address: "localhost:36775"
    dataStreamAddress: "localhost:42557"
    clientAddress: "localhost:46475"
    adminAddress: "localhost:35477"
    startupRole: FOLLOWER
  }
}
commitInfos {
  server {
    id: "s3"
    address: "localhost:46863"
    dataStreamAddress: "localhost:44363"
    clientAddress: "localhost:41041"
    adminAddress: "localhost:41281"
    startupRole: FOLLOWER
  }
}
commitInfos {
  server {
    id: "s0"
    address: "localhost:33119"
    dataStreamAddress: "localhost:34507"
    clientAddress: "localhost:45597"
    adminAddress: "localhost:42011"
    startupRole: FOLLOWER
  }
}
commitInfos {
  server {
    id: "s1"
    address: "localhost:43051"
    dataStreamAddress: "localhost:41779"
    clientAddress: "localhost:45233"
    adminAddress: "localhost:41551"
    startupRole: FOLLOWER
  }
}
commitInfos {
  server {
    id: "s2"
    address: "localhost:41201"
    dataStreamAddress: "localhost:43565"
    clientAddress: "localhost:41547"
    adminAddress: "localhost:41487"
    startupRole: FOLLOWER
  }
}
]
2022-11-01 02:15:30,649 [s1@group-29DD907A7165-FollowerState] INFO  impl.FollowerState (FollowerState.java:run(143)) - s1@group-29DD907A7165-FollowerState: change to CANDIDATE, lastRpcElapsedTime:224908138ns, electionTimeout:220ms
2022-11-01 02:15:30,649 [s1@group-29DD907A7165-FollowerState] INFO  impl.RoleInfo (RoleInfo.java:shutdownFollowerState(110)) - s1: shutdown s1@group-29DD907A7165-FollowerState
2022-11-01 02:15:30,650 [s1@group-29DD907A7165-FollowerState] INFO  server.RaftServer$Division (RaftServerImpl.java:setRole(325)) - s1@group-29DD907A7165: changes role from  FOLLOWER to CANDIDATE at term 2 for changeToCandidate
2022-11-01 02:15:30,650 [s1@group-29DD907A7165-FollowerState] INFO  server.RaftServerConfigKeys (ConfUtils.java:logGet(46)) - raft.server.leaderelection.pre-vote = true (default)
2022-11-01 02:15:30,650 [s1@group-29DD907A7165-FollowerState] INFO  impl.RoleInfo (RoleInfo.java:updateAndGet(139)) - s1: start s1@group-29DD907A7165-LeaderElection68
2022-11-01 02:15:30,650 [s1@group-29DD907A7165-LeaderElection68] INFO  impl.LeaderElection (LeaderElection.java:askForVotes(309)) - s1@group-29DD907A7165-LeaderElection68 PRE_VOTE round 0: submit vote requests at term 2 for 0: peers:[s3|rpc:localhost:46863|admin:localhost:41281|client:localhost:41041|dataStream:localhost:44363|priority:0|startupRole:FOLLOWER, s4|rpc:localhost:36775|admin:localhost:35477|client:localhost:46475|dataStream:localhost:42557|priority:0|startupRole:FOLLOWER, s0|rpc:localhost:33119|admin:localhost:42011|client:localhost:45597|dataStream:localhost:34507|priority:0|startupRole:FOLLOWER, s1|rpc:localhost:43051|admin:localhost:41551|client:localhost:45233|dataStream:localhost:41779|priority:0|startupRole:FOLLOWER, s2|rpc:localhost:41201|admin:localhost:41487|client:localhost:41547|dataStream:localhost:43565|priority:0|startupRole:FOLLOWER]|listeners:[], old=null
2022-11-01 02:15:30,652 [grpc-default-executor-29] INFO  server.RaftServer$Division (RaftServerImpl.java:requestVote(1291)) - s4@group-29DD907A7165: receive requestVote(PRE_VOTE, s1, group-29DD907A7165, 2, (t:1, i:0))
2022-11-01 02:15:30,652 [grpc-default-executor-29] INFO  impl.VoteContext (VoteContext.java:log(49)) - s4@group-29DD907A7165-LEADER: reject PRE_VOTE from s1: this server is the leader and still has leadership
2022-11-01 02:15:30,653 [grpc-default-executor-29] INFO  server.RaftServer$Division (RaftServerImpl.java:requestVote(1324)) - s4@group-29DD907A7165 replies to PRE_VOTE vote request: s1<-s4#0:FAIL-t2. Peer's state: s4@group-29DD907A7165:t2, leader=s4, voted=s4, raftlog=Memoized:s4@group-29DD907A7165-SegmentedRaftLog:OPENED:c0, conf=0: peers:[s3|rpc:localhost:46863|admin:localhost:41281|client:localhost:41041|dataStream:localhost:44363|priority:0|startupRole:FOLLOWER, s4|rpc:localhost:36775|admin:localhost:35477|client:localhost:46475|dataStream:localhost:42557|priority:0|startupRole:FOLLOWER, s0|rpc:localhost:33119|admin:localhost:42011|client:localhost:45597|dataStream:localhost:34507|priority:0|startupRole:FOLLOWER, s1|rpc:localhost:43051|admin:localhost:41551|client:localhost:45233|dataStream:localhost:41779|priority:0|startupRole:FOLLOWER, s2|rpc:localhost:41201|admin:localhost:41487|client:localhost:41547|dataStream:localhost:43565|priority:0|startupRole:FOLLOWER]|listeners:[], old=null
2022-11-01 02:15:30,653 [grpc-default-executor-29] INFO  server.RaftServer$Division (RaftServerImpl.java:requestVote(1291)) - s0@group-29DD907A7165: receive requestVote(PRE_VOTE, s1, group-29DD907A7165, 2, (t:1, i:0))
2022-11-01 02:15:30,653 [grpc-default-executor-29] INFO  impl.VoteContext (VoteContext.java:log(49)) - s0@group-29DD907A7165-FOLLOWER: reject PRE_VOTE from s1: our last entry (t:2, i:0) > candidate's last entry (t:1, i:0)
2022-11-01 02:15:30,653 [grpc-default-executor-29] INFO  server.RaftServer$Division (RaftServerImpl.java:requestVote(1324)) - s0@group-29DD907A7165 replies to PRE_VOTE vote request: s1<-s0#0:FAIL-t2. Peer's state: s0@group-29DD907A7165:t2, leader=s4, voted=s4, raftlog=Memoized:s0@group-29DD907A7165-SegmentedRaftLog:OPENED:c0, conf=0: peers:[s3|rpc:localhost:46863|admin:localhost:41281|client:localhost:41041|dataStream:localhost:44363|priority:0|startupRole:FOLLOWER, s4|rpc:localhost:36775|admin:localhost:35477|client:localhost:46475|dataStream:localhost:42557|priority:0|startupRole:FOLLOWER, s0|rpc:localhost:33119|admin:localhost:42011|client:localhost:45597|dataStream:localhost:34507|priority:0|startupRole:FOLLOWER, s1|rpc:localhost:43051|admin:localhost:41551|client:localhost:45233|dataStream:localhost:41779|priority:0|startupRole:FOLLOWER, s2|rpc:localhost:41201|admin:localhost:41487|client:localhost:41547|dataStream:localhost:43565|priority:0|startupRole:FOLLOWER]|listeners:[], old=null
2022-11-01 02:15:30,655 [grpc-default-executor-29] INFO  server.RaftServer$Division (RaftServerImpl.java:requestVote(1291)) - s3@group-29DD907A7165: receive requestVote(PRE_VOTE, s1, group-29DD907A7165, 2, (t:1, i:0))
2022-11-01 02:15:30,655 [grpc-default-executor-29] INFO  impl.VoteContext (VoteContext.java:log(49)) - s3@group-29DD907A7165-FOLLOWER: reject PRE_VOTE from s1: our last entry (t:2, i:0) > candidate's last entry (t:1, i:0)
2022-11-01 02:15:30,655 [grpc-default-executor-29] INFO  server.RaftServer$Division (RaftServerImpl.java:requestVote(1324)) - s3@group-29DD907A7165 replies to PRE_VOTE vote request: s1<-s3#0:FAIL-t2. Peer's state: s3@group-29DD907A7165:t2, leader=s4, voted=s4, raftlog=Memoized:s3@group-29DD907A7165-SegmentedRaftLog:OPENED:c0, conf=0: peers:[s3|rpc:localhost:46863|admin:localhost:41281|client:localhost:41041|dataStream:localhost:44363|priority:0|startupRole:FOLLOWER, s4|rpc:localhost:36775|admin:localhost:35477|client:localhost:46475|dataStream:localhost:42557|priority:0|startupRole:FOLLOWER, s0|rpc:localhost:33119|admin:localhost:42011|client:localhost:45597|dataStream:localhost:34507|priority:0|startupRole:FOLLOWER, s1|rpc:localhost:43051|admin:localhost:41551|client:localhost:45233|dataStream:localhost:41779|priority:0|startupRole:FOLLOWER, s2|rpc:localhost:41201|admin:localhost:41487|client:localhost:41547|dataStream:localhost:43565|priority:0|startupRole:FOLLOWER]|listeners:[], old=null
2022-11-01 02:15:30,656 [s1@group-29DD907A7165-LeaderElection68] INFO  impl.LeaderElection (LeaderElection.java:logAndReturn(89)) - s1@group-29DD907A7165-LeaderElection68: PRE_VOTE REJECTED received 3 response(s) and 0 exception(s):
2022-11-01 02:15:30,656 [s1@group-29DD907A7165-LeaderElection68] INFO  impl.LeaderElection (LeaderElection.java:logAndReturn(93)) -   Response 0: s1<-s3#0:FAIL-t2
2022-11-01 02:15:30,656 [s1@group-29DD907A7165-LeaderElection68] INFO  impl.LeaderElection (LeaderElection.java:logAndReturn(93)) -   Response 1: s1<-s4#0:FAIL-t2
2022-11-01 02:15:30,656 [s1@group-29DD907A7165-LeaderElection68] INFO  impl.LeaderElection (LeaderElection.java:logAndReturn(93)) -   Response 2: s1<-s0#0:FAIL-t2
2022-11-01 02:15:30,656 [s1@group-29DD907A7165-LeaderElection68] INFO  impl.LeaderElection (LeaderElection.java:askForVotes(311)) - s1@group-29DD907A7165-LeaderElection68 PRE_VOTE round 0: result REJECTED
2022-11-01 02:15:30,656 [s1@group-29DD907A7165-LeaderElection68] INFO  server.RaftServer$Division (RaftServerImpl.java:setRole(325)) - s1@group-29DD907A7165: changes role from CANDIDATE to FOLLOWER at term 2 for REJECTED
2022-11-01 02:15:30,656 [s1@group-29DD907A7165-LeaderElection68] INFO  impl.RoleInfo (RoleInfo.java:shutdownLeaderElection(130)) - s1: shutdown s1@group-29DD907A7165-LeaderElection68
2022-11-01 02:15:30,656 [s1@group-29DD907A7165-LeaderElection68] INFO  impl.RoleInfo (RoleInfo.java:updateAndGet(139)) - s1: start s1@group-29DD907A7165-FollowerState
2022-11-01 02:15:30,658 [grpc-default-executor-29] INFO  server.RaftServer$Division (RaftServerImpl.java:requestVote(1291)) - s2@group-29DD907A7165: receive requestVote(PRE_VOTE, s1, group-29DD907A7165, 2, (t:1, i:0))
2022-11-01 02:15:30,658 [grpc-default-executor-29] INFO  impl.VoteContext (VoteContext.java:log(49)) - s2@group-29DD907A7165-FOLLOWER: reject PRE_VOTE from s1: our last entry (t:2, i:0) > candidate's last entry (t:1, i:0)
2022-11-01 02:15:30,658 [grpc-default-executor-29] INFO  server.RaftServer$Division (RaftServerImpl.java:requestVote(1324)) - s2@group-29DD907A7165 replies to PRE_VOTE vote request: s1<-s2#0:FAIL-t2. Peer's state: s2@group-29DD907A7165:t2, leader=s4, voted=s4, raftlog=Memoized:s2@group-29DD907A7165-SegmentedRaftLog:OPENED:c0, conf=0: peers:[s3|rpc:localhost:46863|admin:localhost:41281|client:localhost:41041|dataStream:localhost:44363|priority:0|startupRole:FOLLOWER, s4|rpc:localhost:36775|admin:localhost:35477|client:localhost:46475|dataStream:localhost:42557|priority:0|startupRole:FOLLOWER, s0|rpc:localhost:33119|admin:localhost:42011|client:localhost:45597|dataStream:localhost:34507|priority:0|startupRole:FOLLOWER, s1|rpc:localhost:43051|admin:localhost:41551|client:localhost:45233|dataStream:localhost:41779|priority:0|startupRole:FOLLOWER, s2|rpc:localhost:41201|admin:localhost:41487|client:localhost:41547|dataStream:localhost:43565|priority:0|startupRole:FOLLOWER]|listeners:[], old=null
2022-11-01 02:15:30,727 [Time-limited test] INFO  server.RaftServerConfigKeys (ConfUtils.java:logGet(46)) - raft.server.rpc.timeout.max = 300ms (default)
2022-11-01 02:15:30,877 [s1@group-29DD907A7165-FollowerState] INFO  impl.FollowerState (FollowerState.java:run(143)) - s1@group-29DD907A7165-FollowerState: change to CANDIDATE, lastRpcElapsedTime:220652903ns, electionTimeout:218ms
2022-11-01 02:15:30,877 [s1@group-29DD907A7165-FollowerState] INFO  impl.RoleInfo (RoleInfo.java:shutdownFollowerState(110)) - s1: shutdown s1@group-29DD907A7165-FollowerState
2022-11-01 02:15:30,877 [s1@group-29DD907A7165-FollowerState] INFO  server.RaftServer$Division (RaftServerImpl.java:setRole(325)) - s1@group-29DD907A7165: changes role from  FOLLOWER to CANDIDATE at term 2 for changeToCandidate
2022-11-01 02:15:30,877 [s1@group-29DD907A7165-FollowerState] INFO  server.RaftServerConfigKeys (ConfUtils.java:logGet(46)) - raft.server.leaderelection.pre-vote = true (default)
2022-11-01 02:15:30,877 [s1@group-29DD907A7165-FollowerState] INFO  impl.RoleInfo (RoleInfo.java:updateAndGet(139)) - s1: start s1@group-29DD907A7165-LeaderElection69
2022-11-01 02:15:30,878 [s1@group-29DD907A7165-LeaderElection69] INFO  impl.LeaderElection (LeaderElection.java:askForVotes(309)) - s1@group-29DD907A7165-LeaderElection69 PRE_VOTE round 0: submit vote requests at term 2 for 0: peers:[s3|rpc:localhost:46863|admin:localhost:41281|client:localhost:41041|dataStream:localhost:44363|priority:0|startupRole:FOLLOWER, s4|rpc:localhost:36775|admin:localhost:35477|client:localhost:46475|dataStream:localhost:42557|priority:0|startupRole:FOLLOWER, s0|rpc:localhost:33119|admin:localhost:42011|client:localhost:45597|dataStream:localhost:34507|priority:0|startupRole:FOLLOWER, s1|rpc:localhost:43051|admin:localhost:41551|client:localhost:45233|dataStream:localhost:41779|priority:0|startupRole:FOLLOWER, s2|rpc:localhost:41201|admin:localhost:41487|client:localhost:41547|dataStream:localhost:43565|priority:0|startupRole:FOLLOWER]|listeners:[], old=null
2022-11-01 02:15:30,880 [grpc-default-executor-29] INFO  server.RaftServer$Division (RaftServerImpl.java:requestVote(1291)) - s0@group-29DD907A7165: receive requestVote(PRE_VOTE, s1, group-29DD907A7165, 2, (t:1, i:0))
2022-11-01 02:15:30,881 [grpc-default-executor-27] INFO  server.RaftServer$Division (RaftServerImpl.java:requestVote(1291)) - s4@group-29DD907A7165: receive requestVote(PRE_VOTE, s1, group-29DD907A7165, 2, (t:1, i:0))
2022-11-01 02:15:30,881 [grpc-default-executor-27] INFO  impl.VoteContext (VoteContext.java:log(49)) - s4@group-29DD907A7165-LEADER: reject PRE_VOTE from s1: this server is the leader and still has leadership
2022-11-01 02:15:30,881 [grpc-default-executor-27] INFO  server.RaftServer$Division (RaftServerImpl.java:requestVote(1324)) - s4@group-29DD907A7165 replies to PRE_VOTE vote request: s1<-s4#0:FAIL-t2. Peer's state: s4@group-29DD907A7165:t2, leader=s4, voted=s4, raftlog=Memoized:s4@group-29DD907A7165-SegmentedRaftLog:OPENED:c0, conf=0: peers:[s3|rpc:localhost:46863|admin:localhost:41281|client:localhost:41041|dataStream:localhost:44363|priority:0|startupRole:FOLLOWER, s4|rpc:localhost:36775|admin:localhost:35477|client:localhost:46475|dataStream:localhost:42557|priority:0|startupRole:FOLLOWER, s0|rpc:localhost:33119|admin:localhost:42011|client:localhost:45597|dataStream:localhost:34507|priority:0|startupRole:FOLLOWER, s1|rpc:localhost:43051|admin:localhost:41551|client:localhost:45233|dataStream:localhost:41779|priority:0|startupRole:FOLLOWER, s2|rpc:localhost:41201|admin:localhost:41487|client:localhost:41547|dataStream:localhost:43565|priority:0|startupRole:FOLLOWER]|listeners:[], old=null
2022-11-01 02:15:30,881 [grpc-default-executor-29] INFO  impl.VoteContext (VoteContext.java:log(49)) - s0@group-29DD907A7165-FOLLOWER: reject PRE_VOTE from s1: this server is a follower and still has a valid leader s4
2022-11-01 02:15:30,882 [grpc-default-executor-29] INFO  server.RaftServer$Division (RaftServerImpl.java:requestVote(1324)) - s0@group-29DD907A7165 replies to PRE_VOTE vote request: s1<-s0#0:FAIL-t2. Peer's state: s0@group-29DD907A7165:t2, leader=s4, voted=s4, raftlog=Memoized:s0@group-29DD907A7165-SegmentedRaftLog:OPENED:c0, conf=0: peers:[s3|rpc:localhost:46863|admin:localhost:41281|client:localhost:41041|dataStream:localhost:44363|priority:0|startupRole:FOLLOWER, s4|rpc:localhost:36775|admin:localhost:35477|client:localhost:46475|dataStream:localhost:42557|priority:0|startupRole:FOLLOWER, s0|rpc:localhost:33119|admin:localhost:42011|client:localhost:45597|dataStream:localhost:34507|priority:0|startupRole:FOLLOWER, s1|rpc:localhost:43051|admin:localhost:41551|client:localhost:45233|dataStream:localhost:41779|priority:0|startupRole:FOLLOWER, s2|rpc:localhost:41201|admin:localhost:41487|client:localhost:41547|dataStream:localhost:43565|priority:0|startupRole:FOLLOWER]|listeners:[], old=null
2022-11-01 02:15:30,882 [grpc-default-executor-29] INFO  server.RaftServer$Division (RaftServerImpl.java:requestVote(1291)) - s2@group-29DD907A7165: receive requestVote(PRE_VOTE, s1, group-29DD907A7165, 2, (t:1, i:0))
2022-11-01 02:15:30,882 [grpc-default-executor-29] INFO  impl.VoteContext (VoteContext.java:log(49)) - s2@group-29DD907A7165-FOLLOWER: reject PRE_VOTE from s1: this server is a follower and still has a valid leader s4
2022-11-01 02:15:30,883 [grpc-default-executor-29] INFO  server.RaftServer$Division (RaftServerImpl.java:requestVote(1324)) - s2@group-29DD907A7165 replies to PRE_VOTE vote request: s1<-s2#0:FAIL-t2. Peer's state: s2@group-29DD907A7165:t2, leader=s4, voted=s4, raftlog=Memoized:s2@group-29DD907A7165-SegmentedRaftLog:OPENED:c0, conf=0: peers:[s3|rpc:localhost:46863|admin:localhost:41281|client:localhost:41041|dataStream:localhost:44363|priority:0|startupRole:FOLLOWER, s4|rpc:localhost:36775|admin:localhost:35477|client:localhost:46475|dataStream:localhost:42557|priority:0|startupRole:FOLLOWER, s0|rpc:localhost:33119|admin:localhost:42011|client:localhost:45597|dataStream:localhost:34507|priority:0|startupRole:FOLLOWER, s1|rpc:localhost:43051|admin:localhost:41551|client:localhost:45233|dataStream:localhost:41779|priority:0|startupRole:FOLLOWER, s2|rpc:localhost:41201|admin:localhost:41487|client:localhost:41547|dataStream:localhost:43565|priority:0|startupRole:FOLLOWER]|listeners:[], old=null
2022-11-01 02:15:30,883 [grpc-default-executor-27] INFO  server.RaftServer$Division (RaftServerImpl.java:requestVote(1291)) - s3@group-29DD907A7165: receive requestVote(PRE_VOTE, s1, group-29DD907A7165, 2, (t:1, i:0))
2022-11-01 02:15:30,884 [grpc-default-executor-27] INFO  impl.VoteContext (VoteContext.java:log(49)) - s3@group-29DD907A7165-FOLLOWER: reject PRE_VOTE from s1: this server is a follower and still has a valid leader s4
2022-11-01 02:15:30,884 [grpc-default-executor-27] INFO  server.RaftServer$Division (RaftServerImpl.java:requestVote(1324)) - s3@group-29DD907A7165 replies to PRE_VOTE vote request: s1<-s3#0:FAIL-t2. Peer's state: s3@group-29DD907A7165:t2, leader=s4, voted=s4, raftlog=Memoized:s3@group-29DD907A7165-SegmentedRaftLog:OPENED:c0, conf=0: peers:[s3|rpc:localhost:46863|admin:localhost:41281|client:localhost:41041|dataStream:localhost:44363|priority:0|startupRole:FOLLOWER, s4|rpc:localhost:36775|admin:localhost:35477|client:localhost:46475|dataStream:localhost:42557|priority:0|startupRole:FOLLOWER, s0|rpc:localhost:33119|admin:localhost:42011|client:localhost:45597|dataStream:localhost:34507|priority:0|startupRole:FOLLOWER, s1|rpc:localhost:43051|admin:localhost:41551|client:localhost:45233|dataStream:localhost:41779|priority:0|startupRole:FOLLOWER, s2|rpc:localhost:41201|admin:localhost:41487|client:localhost:41547|dataStream:localhost:43565|priority:0|startupRole:FOLLOWER]|listeners:[], old=null
2022-11-01 02:15:30,884 [s1@group-29DD907A7165-LeaderElection69] INFO  impl.LeaderElection (LeaderElection.java:logAndReturn(89)) - s1@group-29DD907A7165-LeaderElection69: PRE_VOTE REJECTED received 3 response(s) and 0 exception(s):
2022-11-01 02:15:30,884 [s1@group-29DD907A7165-LeaderElection69] INFO  impl.LeaderElection (LeaderElection.java:logAndReturn(93)) -   Response 0: s1<-s3#0:FAIL-t2
2022-11-01 02:15:30,884 [s1@group-29DD907A7165-LeaderElection69] INFO  impl.LeaderElection (LeaderElection.java:logAndReturn(93)) -   Response 1: s1<-s4#0:FAIL-t2
2022-11-01 02:15:30,884 [s1@group-29DD907A7165-LeaderElection69] INFO  impl.LeaderElection (LeaderElection.java:logAndReturn(93)) -   Response 2: s1<-s0#0:FAIL-t2
2022-11-01 02:15:30,884 [s1@group-29DD907A7165-LeaderElection69] INFO  impl.LeaderElection (LeaderElection.java:askForVotes(311)) - s1@group-29DD907A7165-LeaderElection69 PRE_VOTE round 0: result REJECTED
2022-11-01 02:15:30,885 [s1@group-29DD907A7165-LeaderElection69] INFO  server.RaftServer$Division (RaftServerImpl.java:setRole(325)) - s1@group-29DD907A7165: changes role from CANDIDATE to FOLLOWER at term 2 for REJECTED
2022-11-01 02:15:30,885 [s1@group-29DD907A7165-LeaderElection69] INFO  impl.RoleInfo (RoleInfo.java:shutdownLeaderElection(130)) - s1: shutdown s1@group-29DD907A7165-LeaderElection69
2022-11-01 02:15:30,885 [s1@group-29DD907A7165-LeaderElection69] INFO  impl.RoleInfo (RoleInfo.java:updateAndGet(139)) - s1: start s1@group-29DD907A7165-FollowerState
2022-11-01 02:15:30,933 [s1-server-thread3] INFO  util.CodeInjectionForTesting (BlockRequestHandlingInjection.java:execute(84)) - s1: unBlock request from s4
2022-11-01 02:15:30,933 [s1-server-thread3] INFO  server.RaftServer$Division (ServerState.java:setLeader(259)) - s1@group-29DD907A7165: change Leader from null to s4 at term 2 for appendEntries, leader elected after 794ms
2022-11-01 02:15:30,933 [s1-server-thread3] INFO  server.RaftServer$Division (RaftServerImpl.java:checkInconsistentAppendEntries(1599)) - s1@group-29DD907A7165: Failed appendEntries as previous log entry ((t:2, i:0)) is not found
2022-11-01 02:15:30,933 [s1-server-thread3] INFO  server.RaftServer$Division (RaftServerImpl.java:checkInconsistentAppendEntries(1569)) - s1@group-29DD907A7165: inconsistency entries. Reply:s4<-s1#334:FAIL-t2,INCONSISTENCY,nextIndex=0,followerCommit=0,matchIndex=-1
2022-11-01 02:15:30,934 [grpc-default-executor-29] INFO  leader.FollowerInfo (FollowerInfoImpl.java:lambda$new$0(48)) - s4@group-29DD907A7165->s1: nextIndex: updateUnconditionally 1 -> 0
2022-11-01 02:15:30,934 [s1-server-thread3] INFO  server.RaftServer$Division (RaftServerImpl.java:checkInconsistentAppendEntries(1599)) - s1@group-29DD907A7165: Failed appendEntries as previous log entry ((t:2, i:0)) is not found
2022-11-01 02:15:30,934 [s1-server-thread3] INFO  server.RaftServer$Division (RaftServerImpl.java:checkInconsistentAppendEntries(1569)) - s1@group-29DD907A7165: inconsistency entries. Reply:s4<-s1#335:FAIL-t2,INCONSISTENCY,nextIndex=0,followerCommit=0,matchIndex=-1
2022-11-01 02:15:30,934 [s1-server-thread3] INFO  server.RaftServer$Division (RaftServerImpl.java:checkInconsistentAppendEntries(1599)) - s1@group-29DD907A7165: Failed appendEntries as previous log entry ((t:2, i:0)) is not found
2022-11-01 02:15:30,934 [s1-server-thread3] INFO  server.RaftServer$Division (RaftServerImpl.java:checkInconsistentAppendEntries(1569)) - s1@group-29DD907A7165: inconsistency entries. Reply:s4<-s1#336:FAIL-t2,INCONSISTENCY,nextIndex=0,followerCommit=0,matchIndex=-1
2022-11-01 02:15:30,934 [grpc-default-executor-29] INFO  leader.FollowerInfo (FollowerInfoImpl.java:lambda$new$0(48)) - s4@group-29DD907A7165->s1: nextIndex: updateUnconditionally 1 -> 0
2022-11-01 02:15:30,935 [s1-server-thread3] DEBUG server.RaftServer$Division (RaftServerImpl.java:logAppendEntries(1418)) - s1@group-29DD907A7165: receive appendEntries(s4, 2, null, 0, true, commits:[s4:c0, s3:c0, s0:c0, s1:c0, s2:c0], cId:342, entries: [(t:2, i:0), CONFIGURATIONENTRY(current:id: "s3"
address: "localhost:46863"
dataStreamAddress: "localhost:44363"
clientAddress: "localhost:41041"
adminAddress: "localhost:41281"
startupRole: FOLLOWER
,id: "s4"
address: "localhost:36775"
dataStreamAddress: "localhost:42557"
clientAddress: "localhost:46475"
adminAddress: "localhost:35477"
startupRole: FOLLOWER
,id: "s0"
address: "localhost:33119"
dataStreamAddress: "localhost:34507"
clientAddress: "localhost:45597"
adminAddress: "localhost:42011"
startupRole: FOLLOWER
,id: "s1"
address: "localhost:43051"
dataStreamAddress: "localhost:41779"
clientAddress: "localhost:45233"
adminAddress: "localhost:41551"
startupRole: FOLLOWER
,id: "s2"
address: "localhost:41201"
dataStreamAddress: "localhost:43565"
clientAddress: "localhost:41547"
adminAddress: "localhost:41487"
startupRole: FOLLOWER
, old:)]
2022-11-01 02:15:30,935 [s1-server-thread3] INFO  server.RaftServer$Division (RaftServerImpl.java:checkInconsistentAppendEntries(1589)) - s1@group-29DD907A7165: Failed appendEntries as the first entry (index 0) already exists (snapshotIndex: -1, commitIndex: 0)
2022-11-01 02:15:30,935 [s1-server-thread3] INFO  server.RaftServer$Division (RaftServerImpl.java:checkInconsistentAppendEntries(1569)) - s1@group-29DD907A7165: inconsistency entries. Reply:s4<-s1#342:FAIL-t2,INCONSISTENCY,nextIndex=1,followerCommit=0,matchIndex=-1
2022-11-01 02:15:30,935 [s1-server-thread3] INFO  server.RaftServer$Division (RaftServerImpl.java:checkInconsistentAppendEntries(1599)) - s1@group-29DD907A7165: Failed appendEntries as previous log entry ((t:2, i:0)) is not found
2022-11-01 02:15:30,935 [s1-server-thread3] INFO  server.RaftServer$Division (RaftServerImpl.java:checkInconsistentAppendEntries(1569)) - s1@group-29DD907A7165: inconsistency entries. Reply:s4<-s1#337:FAIL-t2,INCONSISTENCY,nextIndex=0,followerCommit=0,matchIndex=-1
2022-11-01 02:15:30,935 [s1-server-thread3] DEBUG server.RaftServer$Division (RaftServerImpl.java:logAppendEntries(1418)) - s1@group-29DD907A7165: receive appendEntries(s4, 2, null, 0, true, commits:[s4:c0, s3:c0, s0:c0, s1:c0, s2:c0], cId:343, entries: [(t:2, i:0), CONFIGURATIONENTRY(current:id: "s3"
address: "localhost:46863"
dataStreamAddress: "localhost:44363"
clientAddress: "localhost:41041"
adminAddress: "localhost:41281"
startupRole: FOLLOWER
,id: "s4"
address: "localhost:36775"
dataStreamAddress: "localhost:42557"
clientAddress: "localhost:46475"
adminAddress: "localhost:35477"
startupRole: FOLLOWER
,id: "s0"
address: "localhost:33119"
dataStreamAddress: "localhost:34507"
clientAddress: "localhost:45597"
adminAddress: "localhost:42011"
startupRole: FOLLOWER
,id: "s1"
address: "localhost:43051"
dataStreamAddress: "localhost:41779"
clientAddress: "localhost:45233"
adminAddress: "localhost:41551"
startupRole: FOLLOWER
,id: "s2"
address: "localhost:41201"
dataStreamAddress: "localhost:43565"
clientAddress: "localhost:41547"
adminAddress: "localhost:41487"
startupRole: FOLLOWER
, old:)]
2022-11-01 02:15:30,935 [s1-server-thread3] INFO  server.RaftServer$Division (RaftServerImpl.java:checkInconsistentAppendEntries(1589)) - s1@group-29DD907A7165: Failed appendEntries as the first entry (index 0) already exists (snapshotIndex: -1, commitIndex: 0)
2022-11-01 02:15:30,935 [s1-server-thread3] INFO  server.RaftServer$Division (RaftServerImpl.java:checkInconsistentAppendEntries(1569)) - s1@group-29DD907A7165: inconsistency entries. Reply:s4<-s1#343:FAIL-t2,INCONSISTENCY,nextIndex=1,followerCommit=0,matchIndex=-1
2022-11-01 02:15:30,935 [grpc-default-executor-5] INFO  leader.FollowerInfo (FollowerInfoImpl.java:lambda$new$0(48)) - s4@group-29DD907A7165->s1: nextIndex: updateUnconditionally 1 -> 1
2022-11-01 02:15:30,936 [grpc-default-executor-2] INFO  leader.FollowerInfo (FollowerInfoImpl.java:lambda$new$0(48)) - s4@group-29DD907A7165->s1: nextIndex: updateUnconditionally 1 -> 0
2022-11-01 02:15:30,936 [s1-server-thread3] INFO  server.RaftServer$Division (RaftServerImpl.java:checkInconsistentAppendEntries(1599)) - s1@group-29DD907A7165: Failed appendEntries as previous log entry ((t:2, i:0)) is not found
2022-11-01 02:15:30,936 [s1-server-thread3] INFO  server.RaftServer$Division (RaftServerImpl.java:checkInconsistentAppendEntries(1569)) - s1@group-29DD907A7165: inconsistency entries. Reply:s4<-s1#338:FAIL-t2,INCONSISTENCY,nextIndex=0,followerCommit=0,matchIndex=-1
2022-11-01 02:15:30,936 [grpc-default-executor-2] INFO  leader.FollowerInfo (FollowerInfoImpl.java:lambda$new$0(48)) - s4@group-29DD907A7165->s1: nextIndex: updateUnconditionally 1 -> 0
2022-11-01 02:15:30,936 [grpc-default-executor-29] INFO  leader.FollowerInfo (FollowerInfoImpl.java:lambda$new$0(48)) - s4@group-29DD907A7165->s1: nextIndex: updateUnconditionally 1 -> 1
2022-11-01 02:15:30,936 [s1-server-thread3] DEBUG server.RaftServer$Division (RaftServerImpl.java:logAppendEntries(1418)) - s1@group-29DD907A7165: receive appendEntries(s4, 2, null, 0, true, commits:[s4:c0, s3:c0, s0:c0, s1:c0, s2:c0], cId:344, entries: [(t:2, i:0), CONFIGURATIONENTRY(current:id: "s3"
address: "localhost:46863"
dataStreamAddress: "localhost:44363"
clientAddress: "localhost:41041"
adminAddress: "localhost:41281"
startupRole: FOLLOWER
,id: "s4"
address: "localhost:36775"
dataStreamAddress: "localhost:42557"
clientAddress: "localhost:46475"
adminAddress: "localhost:35477"
startupRole: FOLLOWER
,id: "s0"
address: "localhost:33119"
dataStreamAddress: "localhost:34507"
clientAddress: "localhost:45597"
adminAddress: "localhost:42011"
startupRole: FOLLOWER
,id: "s1"
address: "localhost:43051"
dataStreamAddress: "localhost:41779"
clientAddress: "localhost:45233"
adminAddress: "localhost:41551"
startupRole: FOLLOWER
,id: "s2"
address: "localhost:41201"
dataStreamAddress: "localhost:43565"
clientAddress: "localhost:41547"
adminAddress: "localhost:41487"
startupRole: FOLLOWER
, old:)]
2022-11-01 02:15:30,936 [s1-server-thread4] INFO  server.RaftServer$Division (RaftServerImpl.java:checkInconsistentAppendEntries(1599)) - s1@group-29DD907A7165: Failed appendEntries as previous log entry ((t:2, i:0)) is not found
2022-11-01 02:15:30,936 [s1-server-thread4] INFO  server.RaftServer$Division (RaftServerImpl.java:checkInconsistentAppendEntries(1569)) - s1@group-29DD907A7165: inconsistency entries. Reply:s4<-s1#339:FAIL-t2,INCONSISTENCY,nextIndex=0,followerCommit=0,matchIndex=-1
2022-11-01 02:15:30,937 [s1-server-thread3] INFO  server.RaftServer$Division (RaftServerImpl.java:checkInconsistentAppendEntries(1589)) - s1@group-29DD907A7165: Failed appendEntries as the first entry (index 0) already exists (snapshotIndex: -1, commitIndex: 0)
2022-11-01 02:15:30,937 [s1-server-thread3] INFO  server.RaftServer$Division (RaftServerImpl.java:checkInconsistentAppendEntries(1569)) - s1@group-29DD907A7165: inconsistency entries. Reply:s4<-s1#344:FAIL-t2,INCONSISTENCY,nextIndex=1,followerCommit=0,matchIndex=-1
2022-11-01 02:15:30,937 [grpc-default-executor-29] INFO  leader.FollowerInfo (FollowerInfoImpl.java:lambda$new$0(48)) - s4@group-29DD907A7165->s1: nextIndex: updateUnconditionally 1 -> 0
2022-11-01 02:15:30,937 [grpc-default-executor-5] INFO  leader.FollowerInfo (FollowerInfoImpl.java:lambda$new$0(48)) - s4@group-29DD907A7165->s1: nextIndex: updateUnconditionally 1 -> 0
2022-11-01 02:15:30,937 [grpc-default-executor-2] INFO  leader.FollowerInfo (FollowerInfoImpl.java:lambda$new$0(48)) - s4@group-29DD907A7165->s1: nextIndex: updateUnconditionally 0 -> 1
2022-11-01 02:15:30,937 [s1-server-thread3] DEBUG server.RaftServer$Division (RaftServerImpl.java:logAppendEntries(1418)) - s1@group-29DD907A7165: receive appendEntries(s4, 2, null, 0, true, commits:[s4:c0, s3:c0, s0:c0, s1:c0, s2:c0], cId:345, entries: [(t:2, i:0), CONFIGURATIONENTRY(current:id: "s3"
address: "localhost:46863"
dataStreamAddress: "localhost:44363"
clientAddress: "localhost:41041"
adminAddress: "localhost:41281"
startupRole: FOLLOWER
,id: "s4"
address: "localhost:36775"
dataStreamAddress: "localhost:42557"
clientAddress: "localhost:46475"
adminAddress: "localhost:35477"
startupRole: FOLLOWER
,id: "s0"
address: "localhost:33119"
dataStreamAddress: "localhost:34507"
clientAddress: "localhost:45597"
adminAddress: "localhost:42011"
startupRole: FOLLOWER
,id: "s1"
address: "localhost:43051"
dataStreamAddress: "localhost:41779"
clientAddress: "localhost:45233"
adminAddress: "localhost:41551"
startupRole: FOLLOWER
,id: "s2"
address: "localhost:41201"
dataStreamAddress: "localhost:43565"
clientAddress: "localhost:41547"
adminAddress: "localhost:41487"
startupRole: FOLLOWER
, old:)]
2022-11-01 02:15:30,937 [s1-server-thread4] INFO  server.RaftServer$Division (RaftServerImpl.java:checkInconsistentAppendEntries(1599)) - s1@group-29DD907A7165: Failed appendEntries as previous log entry ((t:2, i:0)) is not found
2022-11-01 02:15:30,937 [s1-server-thread4] INFO  server.RaftServer$Division (RaftServerImpl.java:checkInconsistentAppendEntries(1569)) - s1@group-29DD907A7165: inconsistency entries. Reply:s4<-s1#340:FAIL-t2,INCONSISTENCY,nextIndex=0,followerCommit=0,matchIndex=-1
2022-11-01 02:15:30,937 [s1-server-thread3] INFO  server.RaftServer$Division (RaftServerImpl.java:checkInconsistentAppendEntries(1589)) - s1@group-29DD907A7165: Failed appendEntries as the first entry (index 0) already exists (snapshotIndex: -1, commitIndex: 0)
2022-11-01 02:15:30,937 [s1-server-thread3] INFO  server.RaftServer$Division (RaftServerImpl.java:checkInconsistentAppendEntries(1569)) - s1@group-29DD907A7165: inconsistency entries. Reply:s4<-s1#345:FAIL-t2,INCONSISTENCY,nextIndex=1,followerCommit=0,matchIndex=-1
2022-11-01 02:15:30,938 [s1-server-thread4] INFO  server.RaftServer$Division (RaftServerImpl.java:checkInconsistentAppendEntries(1599)) - s1@group-29DD907A7165: Failed appendEntries as previous log entry ((t:2, i:0)) is not found
2022-11-01 02:15:30,938 [s1-server-thread4] INFO  server.RaftServer$Division (RaftServerImpl.java:checkInconsistentAppendEntries(1569)) - s1@group-29DD907A7165: inconsistency entries. Reply:s4<-s1#341:FAIL-t2,INCONSISTENCY,nextIndex=0,followerCommit=0,matchIndex=-1
2022-11-01 02:15:30,938 [grpc-default-executor-2] INFO  leader.FollowerInfo (FollowerInfoImpl.java:lambda$new$0(48)) - s4@group-29DD907A7165->s1: nextIndex: updateUnconditionally 1 -> 1
2022-11-01 02:15:30,938 [s1-server-thread3] DEBUG server.RaftServer$Division (RaftServerImpl.java:logAppendEntries(1418)) - s1@group-29DD907A7165: receive appendEntries(s4, 2, null, 0, true, commits:[s4:c0, s3:c0, s0:c0, s1:c0, s2:c0], cId:346, entries: [(t:2, i:0), CONFIGURATIONENTRY(current:id: "s3"
address: "localhost:46863"
dataStreamAddress: "localhost:44363"
clientAddress: "localhost:41041"
adminAddress: "localhost:41281"
startupRole: FOLLOWER
,id: "s4"
address: "localhost:36775"
dataStreamAddress: "localhost:42557"
clientAddress: "localhost:46475"
adminAddress: "localhost:35477"
startupRole: FOLLOWER
,id: "s0"
address: "localhost:33119"
dataStreamAddress: "localhost:34507"
clientAddress: "localhost:45597"
adminAddress: "localhost:42011"
startupRole: FOLLOWER
,id: "s1"
address: "localhost:43051"
dataStreamAddress: "localhost:41779"
clientAddress: "localhost:45233"
adminAddress: "localhost:41551"
startupRole: FOLLOWER
,id: "s2"
address: "localhost:41201"
dataStreamAddress: "localhost:43565"
clientAddress: "localhost:41547"
adminAddress: "localhost:41487"
startupRole: FOLLOWER
, old:)]
2022-11-01 02:15:30,938 [s1-server-thread3] INFO  server.RaftServer$Division (RaftServerImpl.java:checkInconsistentAppendEntries(1589)) - s1@group-29DD907A7165: Failed appendEntries as the first entry (index 0) already exists (snapshotIndex: -1, commitIndex: 0)
2022-11-01 02:15:30,938 [s1-server-thread3] INFO  server.RaftServer$Division (RaftServerImpl.java:checkInconsistentAppendEntries(1569)) - s1@group-29DD907A7165: inconsistency entries. Reply:s4<-s1#346:FAIL-t2,INCONSISTENCY,nextIndex=1,followerCommit=0,matchIndex=-1
2022-11-01 02:15:30,938 [grpc-default-executor-27] INFO  leader.FollowerInfo (FollowerInfoImpl.java:lambda$new$0(48)) - s4@group-29DD907A7165->s1: nextIndex: updateUnconditionally 1 -> 0
2022-11-01 02:15:30,939 [grpc-default-executor-29] INFO  leader.FollowerInfo (FollowerInfoImpl.java:lambda$new$0(48)) - s4@group-29DD907A7165->s1: nextIndex: updateUnconditionally 1 -> 1
2022-11-01 02:15:30,939 [grpc-default-executor-27] INFO  leader.FollowerInfo (FollowerInfoImpl.java:lambda$new$0(48)) - s4@group-29DD907A7165->s1: nextIndex: updateUnconditionally 1 -> 0
2022-11-01 02:15:30,939 [s1-server-thread3] DEBUG server.RaftServer$Division (RaftServerImpl.java:logAppendEntries(1418)) - s1@group-29DD907A7165: receive appendEntries(s4, 2, null, 0, true, commits:[s4:c0, s3:c0, s0:c0, s1:c0, s2:c0], cId:347, entries: [(t:2, i:0), CONFIGURATIONENTRY(current:id: "s3"
address: "localhost:46863"
dataStreamAddress: "localhost:44363"
clientAddress: "localhost:41041"
adminAddress: "localhost:41281"
startupRole: FOLLOWER
,id: "s4"
address: "localhost:36775"
dataStreamAddress: "localhost:42557"
clientAddress: "localhost:46475"
adminAddress: "localhost:35477"
startupRole: FOLLOWER
,id: "s0"
address: "localhost:33119"
dataStreamAddress: "localhost:34507"
clientAddress: "localhost:45597"
adminAddress: "localhost:42011"
startupRole: FOLLOWER
,id: "s1"
address: "localhost:43051"
dataStreamAddress: "localhost:41779"
clientAddress: "localhost:45233"
adminAddress: "localhost:41551"
startupRole: FOLLOWER
,id: "s2"
address: "localhost:41201"
dataStreamAddress: "localhost:43565"
clientAddress: "localhost:41547"
adminAddress: "localhost:41487"
startupRole: FOLLOWER
, old:)]
2022-11-01 02:15:30,939 [s1-server-thread3] INFO  server.RaftServer$Division (RaftServerImpl.java:checkInconsistentAppendEntries(1589)) - s1@group-29DD907A7165: Failed appendEntries as the first entry (index 0) already exists (snapshotIndex: -1, commitIndex: 0)
2022-11-01 02:15:30,939 [s1-server-thread3] INFO  server.RaftServer$Division (RaftServerImpl.java:checkInconsistentAppendEntries(1569)) - s1@group-29DD907A7165: inconsistency entries. Reply:s4<-s1#347:FAIL-t2,INCONSISTENCY,nextIndex=1,followerCommit=0,matchIndex=-1
2022-11-01 02:15:30,940 [grpc-default-executor-29] INFO  leader.FollowerInfo (FollowerInfoImpl.java:lambda$new$0(48)) - s4@group-29DD907A7165->s1: nextIndex: updateUnconditionally 1 -> 1
2022-11-01 02:15:30,940 [s1-server-thread3] DEBUG server.RaftServer$Division (RaftServerImpl.java:logAppendEntries(1418)) - s1@group-29DD907A7165: receive appendEntries(s4, 2, null, 0, true, commits:[s4:c0, s3:c0, s0:c0, s1:c0, s2:c0], cId:348, entries: [(t:2, i:0), CONFIGURATIONENTRY(current:id: "s3"
address: "localhost:46863"
dataStreamAddress: "localhost:44363"
clientAddress: "localhost:41041"
adminAddress: "localhost:41281"
startupRole: FOLLOWER
,id: "s4"
address: "localhost:36775"
dataStreamAddress: "localhost:42557"
clientAddress: "localhost:46475"
adminAddress: "localhost:35477"
startupRole: FOLLOWER
,id: "s0"
address: "localhost:33119"
dataStreamAddress: "localhost:34507"
clientAddress: "localhost:45597"
adminAddress: "localhost:42011"
startupRole: FOLLOWER
,id: "s1"
address: "localhost:43051"
dataStreamAddress: "localhost:41779"
clientAddress: "localhost:45233"
adminAddress: "localhost:41551"
startupRole: FOLLOWER
,id: "s2"
address: "localhost:41201"
dataStreamAddress: "localhost:43565"
clientAddress: "localhost:41547"
adminAddress: "localhost:41487"
startupRole: FOLLOWER
, old:)]
2022-11-01 02:15:30,940 [s1-server-thread3] INFO  server.RaftServer$Division (RaftServerImpl.java:checkInconsistentAppendEntries(1589)) - s1@group-29DD907A7165: Failed appendEntries as the first entry (index 0) already exists (snapshotIndex: -1, commitIndex: 0)
2022-11-01 02:15:30,940 [s1-server-thread3] INFO  server.RaftServer$Division (RaftServerImpl.java:checkInconsistentAppendEntries(1569)) - s1@group-29DD907A7165: inconsistency entries. Reply:s4<-s1#348:FAIL-t2,INCONSISTENCY,nextIndex=1,followerCommit=0,matchIndex=-1
2022-11-01 02:15:30,940 [grpc-default-executor-27] INFO  leader.FollowerInfo (FollowerInfoImpl.java:lambda$new$0(48)) - s4@group-29DD907A7165->s1: nextIndex: updateUnconditionally 1 -> 1
2022-11-01 02:15:30,991 [grpc-default-executor-24] INFO  util.CodeInjectionForTesting (BlockRequestHandlingInjection.java:execute(84)) - s1: unBlock request from s3
2022-11-01 02:15:30,992 [grpc-default-executor-24] INFO  server.RaftServer$Division (RaftServerImpl.java:requestVote(1291)) - s1@group-29DD907A7165: receive requestVote(PRE_VOTE, s3, group-29DD907A7165, 2, (t:2, i:0))
2022-11-01 02:15:30,992 [grpc-default-executor-24] INFO  impl.VoteContext (VoteContext.java:log(49)) - s1@group-29DD907A7165-FOLLOWER: reject PRE_VOTE from s3: this server is a follower and still has a valid leader s4
2022-11-01 02:15:30,992 [grpc-default-executor-24] INFO  server.RaftServer$Division (RaftServerImpl.java:requestVote(1324)) - s1@group-29DD907A7165 replies to PRE_VOTE vote request: s3<-s1#0:FAIL-t2. Peer's state: s1@group-29DD907A7165:t2, leader=s4, voted=null, raftlog=Memoized:s1@group-29DD907A7165-SegmentedRaftLog:OPENED:c0, conf=0: peers:[s3|rpc:localhost:46863|admin:localhost:41281|client:localhost:41041|dataStream:localhost:44363|priority:0|startupRole:FOLLOWER, s4|rpc:localhost:36775|admin:localhost:35477|client:localhost:46475|dataStream:localhost:42557|priority:0|startupRole:FOLLOWER, s0|rpc:localhost:33119|admin:localhost:42011|client:localhost:45597|dataStream:localhost:34507|priority:0|startupRole:FOLLOWER, s1|rpc:localhost:43051|admin:localhost:41551|client:localhost:45233|dataStream:localhost:41779|priority:0|startupRole:FOLLOWER, s2|rpc:localhost:41201|admin:localhost:41487|client:localhost:41547|dataStream:localhost:43565|priority:0|startupRole:FOLLOWER]|listeners:[], old=null
2022-11-01 02:15:31,017 [s1-server-thread3] INFO  server.RaftServer$Division (RaftServerImpl.java:checkInconsistentAppendEntries(1599)) - s1@group-29DD907A7165: Failed appendEntries as previous log entry ((t:2, i:0)) is not found
2022-11-01 02:15:31,017 [s1-server-thread3] INFO  server.RaftServer$Division (RaftServerImpl.java:checkInconsistentAppendEntries(1569)) - s1@group-29DD907A7165: inconsistency entries. Reply:s4<-s1#349:FAIL-t2,INCONSISTENCY,nextIndex=0,followerCommit=0,matchIndex=-1
2022-11-01 02:15:31,018 [grpc-default-executor-24] INFO  leader.FollowerInfo (FollowerInfoImpl.java:lambda$new$0(48)) - s4@group-29DD907A7165->s1: nextIndex: updateUnconditionally 1 -> 0
2022-11-01 02:15:31,019 [s1-server-thread3] DEBUG server.RaftServer$Division (RaftServerImpl.java:logAppendEntries(1418)) - s1@group-29DD907A7165: receive appendEntries(s4, 2, null, 0, true, commits:[s4:c0, s3:c0, s0:c0, s1:c0, s2:c0], cId:350, entries: [(t:2, i:0), CONFIGURATIONENTRY(current:id: "s3"
address: "localhost:46863"
dataStreamAddress: "localhost:44363"
clientAddress: "localhost:41041"
adminAddress: "localhost:41281"
startupRole: FOLLOWER
,id: "s4"
address: "localhost:36775"
dataStreamAddress: "localhost:42557"
clientAddress: "localhost:46475"
adminAddress: "localhost:35477"
startupRole: FOLLOWER
,id: "s0"
address: "localhost:33119"
dataStreamAddress: "localhost:34507"
clientAddress: "localhost:45597"
adminAddress: "localhost:42011"
startupRole: FOLLOWER
,id: "s1"
address: "localhost:43051"
dataStreamAddress: "localhost:41779"
clientAddress: "localhost:45233"
adminAddress: "localhost:41551"
startupRole: FOLLOWER
,id: "s2"
address: "localhost:41201"
dataStreamAddress: "localhost:43565"
clientAddress: "localhost:41547"
adminAddress: "localhost:41487"
startupRole: FOLLOWER
, old:)]
2022-11-01 02:15:31,019 [s1-server-thread3] INFO  server.RaftServer$Division (RaftServerImpl.java:checkInconsistentAppendEntries(1589)) - s1@group-29DD907A7165: Failed appendEntries as the first entry (index 0) already exists (snapshotIndex: -1, commitIndex: 0)
2022-11-01 02:15:31,019 [s1-server-thread3] INFO  server.RaftServer$Division (RaftServerImpl.java:checkInconsistentAppendEntries(1569)) - s1@group-29DD907A7165: inconsistency entries. Reply:s4<-s1#350:FAIL-t2,INCONSISTENCY,nextIndex=1,followerCommit=0,matchIndex=-1
2022-11-01 02:15:31,019 [grpc-default-executor-24] INFO  leader.FollowerInfo (FollowerInfoImpl.java:lambda$new$0(48)) - s4@group-29DD907A7165->s1: nextIndex: updateUnconditionally 1 -> 1
2022-11-01 02:15:31,095 [s1-server-thread3] INFO  server.RaftServer$Division (RaftServerImpl.java:checkInconsistentAppendEntries(1599)) - s1@group-29DD907A7165: Failed appendEntries as previous log entry ((t:2, i:0)) is not found
2022-11-01 02:15:31,095 [s1-server-thread3] INFO  server.RaftServer$Division (RaftServerImpl.java:checkInconsistentAppendEntries(1569)) - s1@group-29DD907A7165: inconsistency entries. Reply:s4<-s1#351:FAIL-t2,INCONSISTENCY,nextIndex=0,followerCommit=0,matchIndex=-1
2022-11-01 02:15:31,096 [grpc-default-executor-24] INFO  leader.FollowerInfo (FollowerInfoImpl.java:lambda$new$0(48)) - s4@group-29DD907A7165->s1: nextIndex: updateUnconditionally 1 -> 0
2022-11-01 02:15:31,096 [s1-server-thread3] DEBUG server.RaftServer$Division (RaftServerImpl.java:logAppendEntries(1418)) - s1@group-29DD907A7165: receive appendEntries(s4, 2, null, 0, true, commits:[s4:c0, s3:c0, s0:c0, s1:c0, s2:c0], cId:352, entries: [(t:2, i:0), CONFIGURATIONENTRY(current:id: "s3"
address: "localhost:46863"
dataStreamAddress: "localhost:44363"
clientAddress: "localhost:41041"
adminAddress: "localhost:41281"
startupRole: FOLLOWER
,id: "s4"
address: "localhost:36775"
dataStreamAddress: "localhost:42557"
clientAddress: "localhost:46475"
adminAddress: "localhost:35477"
startupRole: FOLLOWER
,id: "s0"
address: "localhost:33119"
dataStreamAddress: "localhost:34507"
clientAddress: "localhost:45597"
adminAddress: "localhost:42011"
startupRole: FOLLOWER
,id: "s1"
address: "localhost:43051"
dataStreamAddress: "localhost:41779"
clientAddress: "localhost:45233"
adminAddress: "localhost:41551"
startupRole: FOLLOWER
,id: "s2"
address: "localhost:41201"
dataStreamAddress: "localhost:43565"
clientAddress: "localhost:41547"
adminAddress: "localhost:41487"
startupRole: FOLLOWER
, old:)]
2022-11-01 02:15:31,096 [s1-server-thread3] INFO  server.RaftServer$Division (RaftServerImpl.java:checkInconsistentAppendEntries(1589)) - s1@group-29DD907A7165: Failed appendEntries as the first entry (index 0) already exists (snapshotIndex: -1, commitIndex: 0)
2022-11-01 02:15:31,097 [s1-server-thread3] INFO  server.RaftServer$Division (RaftServerImpl.java:checkInconsistentAppendEntries(1569)) - s1@group-29DD907A7165: inconsistency entries. Reply:s4<-s1#352:FAIL-t2,INCONSISTENCY,nextIndex=1,followerCommit=0,matchIndex=-1
2022-11-01 02:15:31,099 [grpc-default-executor-24] INFO  leader.FollowerInfo (FollowerInfoImpl.java:lambda$new$0(48)) - s4@group-29DD907A7165->s1: nextIndex: updateUnconditionally 1 -> 1
2022-11-01 02:15:31,175 [s1-server-thread3] INFO  server.RaftServer$Division (RaftServerImpl.java:checkInconsistentAppendEntries(1599)) - s1@group-29DD907A7165: Failed appendEntries as previous log entry ((t:2, i:0)) is not found
2022-11-01 02:15:31,176 [s1-server-thread3] INFO  server.RaftServer$Division (RaftServerImpl.java:checkInconsistentAppendEntries(1569)) - s1@group-29DD907A7165: inconsistency entries. Reply:s4<-s1#353:FAIL-t2,INCONSISTENCY,nextIndex=0,followerCommit=0,matchIndex=-1
2022-11-01 02:15:31,176 [grpc-default-executor-24] INFO  leader.FollowerInfo (FollowerInfoImpl.java:lambda$new$0(48)) - s4@group-29DD907A7165->s1: nextIndex: updateUnconditionally 1 -> 0
2022-11-01 02:15:31,177 [s1-server-thread3] DEBUG server.RaftServer$Division (RaftServerImpl.java:logAppendEntries(1418)) - s1@group-29DD907A7165: receive appendEntries(s4, 2, null, 0, true, commits:[s4:c0, s3:c0, s0:c0, s1:c0, s2:c0], cId:354, entries: [(t:2, i:0), CONFIGURATIONENTRY(current:id: "s3"
address: "localhost:46863"
dataStreamAddress: "localhost:44363"
clientAddress: "localhost:41041"
adminAddress: "localhost:41281"
startupRole: FOLLOWER
,id: "s4"
address: "localhost:36775"
dataStreamAddress: "localhost:42557"
clientAddress: "localhost:46475"
adminAddress: "localhost:35477"
startupRole: FOLLOWER
,id: "s0"
address: "localhost:33119"
dataStreamAddress: "localhost:34507"
clientAddress: "localhost:45597"
adminAddress: "localhost:42011"
startupRole: FOLLOWER
,id: "s1"
address: "localhost:43051"
dataStreamAddress: "localhost:41779"
clientAddress: "localhost:45233"
adminAddress: "localhost:41551"
startupRole: FOLLOWER
,id: "s2"
address: "localhost:41201"
dataStreamAddress: "localhost:43565"
clientAddress: "localhost:41547"
adminAddress: "localhost:41487"
startupRole: FOLLOWER
, old:)]
2022-11-01 02:15:31,177 [s1-server-thread3] INFO  server.RaftServer$Division (RaftServerImpl.java:checkInconsistentAppendEntries(1589)) - s1@group-29DD907A7165: Failed appendEntries as the first entry (index 0) already exists (snapshotIndex: -1, commitIndex: 0)
2022-11-01 02:15:31,177 [s1-server-thread3] INFO  server.RaftServer$Division (RaftServerImpl.java:checkInconsistentAppendEntries(1569)) - s1@group-29DD907A7165: inconsistency entries. Reply:s4<-s1#354:FAIL-t2,INCONSISTENCY,nextIndex=1,followerCommit=0,matchIndex=-1
2022-11-01 02:15:31,177 [grpc-default-executor-24] INFO  leader.FollowerInfo (FollowerInfoImpl.java:lambda$new$0(48)) - s4@group-29DD907A7165->s1: nextIndex: updateUnconditionally 1 -> 1
2022-11-01 02:15:31,253 [s1-server-thread3] INFO  server.RaftServer$Division (RaftServerImpl.java:checkInconsistentAppendEntries(1599)) - s1@group-29DD907A7165: Failed appendEntries as previous log entry ((t:2, i:0)) is not found
2022-11-01 02:15:31,253 [s1-server-thread3] INFO  server.RaftServer$Division (RaftServerImpl.java:checkInconsistentAppendEntries(1569)) - s1@group-29DD907A7165: inconsistency entries. Reply:s4<-s1#355:FAIL-t2,INCONSISTENCY,nextIndex=0,followerCommit=0,matchIndex=-1
2022-11-01 02:15:31,254 [grpc-default-executor-24] INFO  leader.FollowerInfo (FollowerInfoImpl.java:lambda$new$0(48)) - s4@group-29DD907A7165->s1: nextIndex: updateUnconditionally 1 -> 0
2022-11-01 02:15:31,254 [s1-server-thread3] DEBUG server.RaftServer$Division (RaftServerImpl.java:logAppendEntries(1418)) - s1@group-29DD907A7165: receive appendEntries(s4, 2, null, 0, true, commits:[s4:c0, s3:c0, s0:c0, s1:c0, s2:c0], cId:356, entries: [(t:2, i:0), CONFIGURATIONENTRY(current:id: "s3"
address: "localhost:46863"
dataStreamAddress: "localhost:44363"
clientAddress: "localhost:41041"
adminAddress: "localhost:41281"
startupRole: FOLLOWER
,id: "s4"
address: "localhost:36775"
dataStreamAddress: "localhost:42557"
clientAddress: "localhost:46475"
adminAddress: "localhost:35477"
startupRole: FOLLOWER
,id: "s0"
address: "localhost:33119"
dataStreamAddress: "localhost:34507"
clientAddress: "localhost:45597"
adminAddress: "localhost:42011"
startupRole: FOLLOWER
,id: "s1"
address: "localhost:43051"
dataStreamAddress: "localhost:41779"
clientAddress: "localhost:45233"
adminAddress: "localhost:41551"
startupRole: FOLLOWER
,id: "s2"
address: "localhost:41201"
dataStreamAddress: "localhost:43565"
clientAddress: "localhost:41547"
adminAddress: "localhost:41487"
startupRole: FOLLOWER
, old:)]
2022-11-01 02:15:31,255 [s1-server-thread3] INFO  server.RaftServer$Division (RaftServerImpl.java:checkInconsistentAppendEntries(1589)) - s1@group-29DD907A7165: Failed appendEntries as the first entry (index 0) already exists (snapshotIndex: -1, commitIndex: 0)
2022-11-01 02:15:31,255 [s1-server-thread3] INFO  server.RaftServer$Division (RaftServerImpl.java:checkInconsistentAppendEntries(1569)) - s1@group-29DD907A7165: inconsistency entries. Reply:s4<-s1#356:FAIL-t2,INCONSISTENCY,nextIndex=1,followerCommit=0,matchIndex=-1
2022-11-01 02:15:31,255 [grpc-default-executor-24] INFO  leader.FollowerInfo (FollowerInfoImpl.java:lambda$new$0(48)) - s4@group-29DD907A7165->s1: nextIndex: updateUnconditionally 1 -> 1
2022-11-01 02:15:31,332 [s1-server-thread3] INFO  server.RaftServer$Division (RaftServerImpl.java:checkInconsistentAppendEntries(1599)) - s1@group-29DD907A7165: Failed appendEntries as previous log entry ((t:2, i:0)) is not found
2022-11-01 02:15:31,332 [s1-server-thread3] INFO  server.RaftServer$Division (RaftServerImpl.java:checkInconsistentAppendEntries(1569)) - s1@group-29DD907A7165: inconsistency entries. Reply:s4<-s1#357:FAIL-t2,INCONSISTENCY,nextIndex=0,followerCommit=0,matchIndex=-1
2022-11-01 02:15:31,332 [grpc-default-executor-24] INFO  leader.FollowerInfo (FollowerInfoImpl.java:lambda$new$0(48)) - s4@group-29DD907A7165->s1: nextIndex: updateUnconditionally 1 -> 0
2022-11-01 02:15:31,333 [s1-server-thread3] DEBUG server.RaftServer$Division (RaftServerImpl.java:logAppendEntries(1418)) - s1@group-29DD907A7165: receive appendEntries(s4, 2, null, 0, true, commits:[s4:c0, s3:c0, s0:c0, s1:c0, s2:c0], cId:358, entries: [(t:2, i:0), CONFIGURATIONENTRY(current:id: "s3"
address: "localhost:46863"
dataStreamAddress: "localhost:44363"
clientAddress: "localhost:41041"
adminAddress: "localhost:41281"
startupRole: FOLLOWER
,id: "s4"
address: "localhost:36775"
dataStreamAddress: "localhost:42557"
clientAddress: "localhost:46475"
adminAddress: "localhost:35477"
startupRole: FOLLOWER
,id: "s0"
address: "localhost:33119"
dataStreamAddress: "localhost:34507"
clientAddress: "localhost:45597"
adminAddress: "localhost:42011"
startupRole: FOLLOWER
,id: "s1"
address: "localhost:43051"
dataStreamAddress: "localhost:41779"
clientAddress: "localhost:45233"
adminAddress: "localhost:41551"
startupRole: FOLLOWER
,id: "s2"
address: "localhost:41201"
dataStreamAddress: "localhost:43565"
clientAddress: "localhost:41547"
adminAddress: "localhost:41487"
startupRole: FOLLOWER
, old:)]
2022-11-01 02:15:31,333 [s1-server-thread3] INFO  server.RaftServer$Division (RaftServerImpl.java:checkInconsistentAppendEntries(1589)) - s1@group-29DD907A7165: Failed appendEntries as the first entry (index 0) already exists (snapshotIndex: -1, commitIndex: 0)
2022-11-01 02:15:31,333 [s1-server-thread3] INFO  server.RaftServer$Division (RaftServerImpl.java:checkInconsistentAppendEntries(1569)) - s1@group-29DD907A7165: inconsistency entries. Reply:s4<-s1#358:FAIL-t2,INCONSISTENCY,nextIndex=1,followerCommit=0,matchIndex=-1
2022-11-01 02:15:31,333 [grpc-default-executor-24] INFO  leader.FollowerInfo (FollowerInfoImpl.java:lambda$new$0(48)) - s4@group-29DD907A7165->s1: nextIndex: updateUnconditionally 1 -> 1
2022-11-01 02:15:31,410 [s1-server-thread3] INFO  server.RaftServer$Division (RaftServerImpl.java:checkInconsistentAppendEntries(1599)) - s1@group-29DD907A7165: Failed appendEntries as previous log entry ((t:2, i:0)) is not found
2022-11-01 02:15:31,410 [s1-server-thread3] INFO  server.RaftServer$Division (RaftServerImpl.java:checkInconsistentAppendEntries(1569)) - s1@group-29DD907A7165: inconsistency entries. Reply:s4<-s1#359:FAIL-t2,INCONSISTENCY,nextIndex=0,followerCommit=0,matchIndex=-1
2022-11-01 02:15:31,410 [grpc-default-executor-24] INFO  leader.FollowerInfo (FollowerInfoImpl.java:lambda$new$0(48)) - s4@group-29DD907A7165->s1: nextIndex: updateUnconditionally 1 -> 0
2022-11-01 02:15:31,411 [s1-server-thread3] DEBUG server.RaftServer$Division (RaftServerImpl.java:logAppendEntries(1418)) - s1@group-29DD907A7165: receive appendEntries(s4, 2, null, 0, true, commits:[s4:c0, s3:c0, s0:c0, s1:c0, s2:c0], cId:360, entries: [(t:2, i:0), CONFIGURATIONENTRY(current:id: "s3"
address: "localhost:46863"
dataStreamAddress: "localhost:44363"
clientAddress: "localhost:41041"
adminAddress: "localhost:41281"
startupRole: FOLLOWER
,id: "s4"
address: "localhost:36775"
dataStreamAddress: "localhost:42557"
clientAddress: "localhost:46475"
adminAddress: "localhost:35477"
startupRole: FOLLOWER
,id: "s0"
address: "localhost:33119"
dataStreamAddress: "localhost:34507"
clientAddress: "localhost:45597"
adminAddress: "localhost:42011"
startupRole: FOLLOWER
,id: "s1"
address: "localhost:43051"
dataStreamAddress: "localhost:41779"
clientAddress: "localhost:45233"
adminAddress: "localhost:41551"
startupRole: FOLLOWER
,id: "s2"
address: "localhost:41201"
dataStreamAddress: "localhost:43565"
clientAddress: "localhost:41547"
adminAddress: "localhost:41487"
startupRole: FOLLOWER
, old:)]
2022-11-01 02:15:31,411 [s1-server-thread3] INFO  server.RaftServer$Division (RaftServerImpl.java:checkInconsistentAppendEntries(1589)) - s1@group-29DD907A7165: Failed appendEntries as the first entry (index 0) already exists (snapshotIndex: -1, commitIndex: 0)
2022-11-01 02:15:31,412 [s1-server-thread3] INFO  server.RaftServer$Division (RaftServerImpl.java:checkInconsistentAppendEntries(1569)) - s1@group-29DD907A7165: inconsistency entries. Reply:s4<-s1#360:FAIL-t2,INCONSISTENCY,nextIndex=1,followerCommit=0,matchIndex=-1
2022-11-01 02:15:31,412 [grpc-default-executor-24] INFO  leader.FollowerInfo (FollowerInfoImpl.java:lambda$new$0(48)) - s4@group-29DD907A7165->s1: nextIndex: updateUnconditionally 1 -> 1
2022-11-01 02:15:31,488 [s1-server-thread3] INFO  server.RaftServer$Division (RaftServerImpl.java:checkInconsistentAppendEntries(1599)) - s1@group-29DD907A7165: Failed appendEntries as previous log entry ((t:2, i:0)) is not found
2022-11-01 02:15:31,488 [s1-server-thread3] INFO  server.RaftServer$Division (RaftServerImpl.java:checkInconsistentAppendEntries(1569)) - s1@group-29DD907A7165: inconsistency entries. Reply:s4<-s1#361:FAIL-t2,INCONSISTENCY,nextIndex=0,followerCommit=0,matchIndex=-1
2022-11-01 02:15:31,489 [grpc-default-executor-24] INFO  leader.FollowerInfo (FollowerInfoImpl.java:lambda$new$0(48)) - s4@group-29DD907A7165->s1: nextIndex: updateUnconditionally 1 -> 0
2022-11-01 02:15:31,489 [s1-server-thread3] DEBUG server.RaftServer$Division (RaftServerImpl.java:logAppendEntries(1418)) - s1@group-29DD907A7165: receive appendEntries(s4, 2, null, 0, true, commits:[s4:c0, s3:c0, s0:c0, s1:c0, s2:c0], cId:362, entries: [(t:2, i:0), CONFIGURATIONENTRY(current:id: "s3"
address: "localhost:46863"
dataStreamAddress: "localhost:44363"
clientAddress: "localhost:41041"
adminAddress: "localhost:41281"
startupRole: FOLLOWER
,id: "s4"
address: "localhost:36775"
dataStreamAddress: "localhost:42557"
clientAddress: "localhost:46475"
adminAddress: "localhost:35477"
startupRole: FOLLOWER
,id: "s0"
address: "localhost:33119"
dataStreamAddress: "localhost:34507"
clientAddress: "localhost:45597"
adminAddress: "localhost:42011"
startupRole: FOLLOWER
,id: "s1"
address: "localhost:43051"
dataStreamAddress: "localhost:41779"
clientAddress: "localhost:45233"
adminAddress: "localhost:41551"
startupRole: FOLLOWER
,id: "s2"
address: "localhost:41201"
dataStreamAddress: "localhost:43565"
clientAddress: "localhost:41547"
adminAddress: "localhost:41487"
startupRole: FOLLOWER
, old:)]
2022-11-01 02:15:31,489 [s1-server-thread3] INFO  server.RaftServer$Division (RaftServerImpl.java:checkInconsistentAppendEntries(1589)) - s1@group-29DD907A7165: Failed appendEntries as the first entry (index 0) already exists (snapshotIndex: -1, commitIndex: 0)
2022-11-01 02:15:31,489 [s1-server-thread3] INFO  server.RaftServer$Division (RaftServerImpl.java:checkInconsistentAppendEntries(1569)) - s1@group-29DD907A7165: inconsistency entries. Reply:s4<-s1#362:FAIL-t2,INCONSISTENCY,nextIndex=1,followerCommit=0,matchIndex=-1
2022-11-01 02:15:31,490 [grpc-default-executor-24] INFO  leader.FollowerInfo (FollowerInfoImpl.java:lambda$new$0(48)) - s4@group-29DD907A7165->s1: nextIndex: updateUnconditionally 1 -> 1
2022-11-01 02:15:31,565 [s1-server-thread3] INFO  server.RaftServer$Division (RaftServerImpl.java:checkInconsistentAppendEntries(1599)) - s1@group-29DD907A7165: Failed appendEntries as previous log entry ((t:2, i:0)) is not found
2022-11-01 02:15:31,566 [s1-server-thread3] INFO  server.RaftServer$Division (RaftServerImpl.java:checkInconsistentAppendEntries(1569)) - s1@group-29DD907A7165: inconsistency entries. Reply:s4<-s1#363:FAIL-t2,INCONSISTENCY,nextIndex=0,followerCommit=0,matchIndex=-1
2022-11-01 02:15:31,566 [grpc-default-executor-27] INFO  leader.FollowerInfo (FollowerInfoImpl.java:lambda$new$0(48)) - s4@group-29DD907A7165->s1: nextIndex: updateUnconditionally 1 -> 0
2022-11-01 02:15:31,567 [s1-server-thread3] DEBUG server.RaftServer$Division (RaftServerImpl.java:logAppendEntries(1418)) - s1@group-29DD907A7165: receive appendEntries(s4, 2, null, 0, true, commits:[s4:c0, s3:c0, s0:c0, s1:c0, s2:c0], cId:364, entries: [(t:2, i:0), CONFIGURATIONENTRY(current:id: "s3"
address: "localhost:46863"
dataStreamAddress: "localhost:44363"
clientAddress: "localhost:41041"
adminAddress: "localhost:41281"
startupRole: FOLLOWER
,id: "s4"
address: "localhost:36775"
dataStreamAddress: "localhost:42557"
clientAddress: "localhost:46475"
adminAddress: "localhost:35477"
startupRole: FOLLOWER
,id: "s0"
address: "localhost:33119"
dataStreamAddress: "localhost:34507"
clientAddress: "localhost:45597"
adminAddress: "localhost:42011"
startupRole: FOLLOWER
,id: "s1"
address: "localhost:43051"
dataStreamAddress: "localhost:41779"
clientAddress: "localhost:45233"
adminAddress: "localhost:41551"
startupRole: FOLLOWER
,id: "s2"
address: "localhost:41201"
dataStreamAddress: "localhost:43565"
clientAddress: "localhost:41547"
adminAddress: "localhost:41487"
startupRole: FOLLOWER
, old:)]
2022-11-01 02:15:31,567 [s1-server-thread3] INFO  server.RaftServer$Division (RaftServerImpl.java:checkInconsistentAppendEntries(1589)) - s1@group-29DD907A7165: Failed appendEntries as the first entry (index 0) already exists (snapshotIndex: -1, commitIndex: 0)
2022-11-01 02:15:31,567 [s1-server-thread3] INFO  server.RaftServer$Division (RaftServerImpl.java:checkInconsistentAppendEntries(1569)) - s1@group-29DD907A7165: inconsistency entries. Reply:s4<-s1#364:FAIL-t2,INCONSISTENCY,nextIndex=1,followerCommit=0,matchIndex=-1
2022-11-01 02:15:31,567 [grpc-default-executor-27] INFO  leader.FollowerInfo (FollowerInfoImpl.java:lambda$new$0(48)) - s4@group-29DD907A7165->s1: nextIndex: updateUnconditionally 1 -> 1
2022-11-01 02:15:31,628 [Time-limited test] INFO  grpc.TestLeaderElectionWithGrpc (LeaderElectionTests.java:enforceLeader(295)) - printing ALL groups
  s3:  RUNNING  FOLLOWER s3@group-29DD907A7165:t2, leader=s4, voted=s4, raftlog=Memoized:s3@group-29DD907A7165-SegmentedRaftLog:OPENED:c0, conf=0: peers:[s3|rpc:localhost:46863|admin:localhost:41281|client:localhost:41041|dataStream:localhost:44363|priority:0|startupRole:FOLLOWER, s4|rpc:localhost:36775|admin:localhost:35477|client:localhost:46475|dataStream:localhost:42557|priority:0|startupRole:FOLLOWER, s0|rpc:localhost:33119|admin:localhost:42011|client:localhost:45597|dataStream:localhost:34507|priority:0|startupRole:FOLLOWER, s1|rpc:localhost:43051|admin:localhost:41551|client:localhost:45233|dataStream:localhost:41779|priority:0|startupRole:FOLLOWER, s2|rpc:localhost:41201|admin:localhost:41487|client:localhost:41547|dataStream:localhost:43565|priority:0|startupRole:FOLLOWER]|listeners:[], old=null RUNNING
  s4:  RUNNING    LEADER s4@group-29DD907A7165:t2, leader=s4, voted=s4, raftlog=Memoized:s4@group-29DD907A7165-SegmentedRaftLog:OPENED:c0, conf=0: peers:[s3|rpc:localhost:46863|admin:localhost:41281|client:localhost:41041|dataStream:localhost:44363|priority:0|startupRole:FOLLOWER, s4|rpc:localhost:36775|admin:localhost:35477|client:localhost:46475|dataStream:localhost:42557|priority:0|startupRole:FOLLOWER, s0|rpc:localhost:33119|admin:localhost:42011|client:localhost:45597|dataStream:localhost:34507|priority:0|startupRole:FOLLOWER, s1|rpc:localhost:43051|admin:localhost:41551|client:localhost:45233|dataStream:localhost:41779|priority:0|startupRole:FOLLOWER, s2|rpc:localhost:41201|admin:localhost:41487|client:localhost:41547|dataStream:localhost:43565|priority:0|startupRole:FOLLOWER]|listeners:[], old=null RUNNING
  s0:  RUNNING  FOLLOWER s0@group-29DD907A7165:t2, leader=s4, voted=s4, raftlog=Memoized:s0@group-29DD907A7165-SegmentedRaftLog:OPENED:c0, conf=0: peers:[s3|rpc:localhost:46863|admin:localhost:41281|client:localhost:41041|dataStream:localhost:44363|priority:0|startupRole:FOLLOWER, s4|rpc:localhost:36775|admin:localhost:35477|client:localhost:46475|dataStream:localhost:42557|priority:0|startupRole:FOLLOWER, s0|rpc:localhost:33119|admin:localhost:42011|client:localhost:45597|dataStream:localhost:34507|priority:0|startupRole:FOLLOWER, s1|rpc:localhost:43051|admin:localhost:41551|client:localhost:45233|dataStream:localhost:41779|priority:0|startupRole:FOLLOWER, s2|rpc:localhost:41201|admin:localhost:41487|client:localhost:41547|dataStream:localhost:43565|priority:0|startupRole:FOLLOWER]|listeners:[], old=null RUNNING
  s1:  RUNNING  FOLLOWER s1@group-29DD907A7165:t2, leader=s4, voted=null, raftlog=Memoized:s1@group-29DD907A7165-SegmentedRaftLog:OPENED:c0, conf=0: peers:[s3|rpc:localhost:46863|admin:localhost:41281|client:localhost:41041|dataStream:localhost:44363|priority:0|startupRole:FOLLOWER, s4|rpc:localhost:36775|admin:localhost:35477|client:localhost:46475|dataStream:localhost:42557|priority:0|startupRole:FOLLOWER, s0|rpc:localhost:33119|admin:localhost:42011|client:localhost:45597|dataStream:localhost:34507|priority:0|startupRole:FOLLOWER, s1|rpc:localhost:43051|admin:localhost:41551|client:localhost:45233|dataStream:localhost:41779|priority:0|startupRole:FOLLOWER, s2|rpc:localhost:41201|admin:localhost:41487|client:localhost:41547|dataStream:localhost:43565|priority:0|startupRole:FOLLOWER]|listeners:[], old=null RUNNING
  s2:  RUNNING  FOLLOWER s2@group-29DD907A7165:t2, leader=s4, voted=s4, raftlog=Memoized:s2@group-29DD907A7165-SegmentedRaftLog:OPENED:c0, conf=0: peers:[s3|rpc:localhost:46863|admin:localhost:41281|client:localhost:41041|dataStream:localhost:44363|priority:0|startupRole:FOLLOWER, s4|rpc:localhost:36775|admin:localhost:35477|client:localhost:46475|dataStream:localhost:42557|priority:0|startupRole:FOLLOWER, s0|rpc:localhost:33119|admin:localhost:42011|client:localhost:45597|dataStream:localhost:34507|priority:0|startupRole:FOLLOWER, s1|rpc:localhost:43051|admin:localhost:41551|client:localhost:45233|dataStream:localhost:41779|priority:0|startupRole:FOLLOWER, s2|rpc:localhost:41201|admin:localhost:41487|client:localhost:41547|dataStream:localhost:43565|priority:0|startupRole:FOLLOWER]|listeners:[], old=null RUNNING
2022-11-01 02:15:31,628 [Time-limited test] INFO  impl.MiniRaftCluster (MiniRaftCluster.java:shutdown(831)) - ************************************************************** 
2022-11-01 02:15:31,628 [Time-limited test] INFO  impl.MiniRaftCluster (MiniRaftCluster.java:shutdown(832)) - *** 
2022-11-01 02:15:31,629 [Time-limited test] INFO  impl.MiniRaftCluster (MiniRaftCluster.java:shutdown(833)) - ***     Stopping MiniRaftClusterWithGrpc
2022-11-01 02:15:31,629 [Time-limited test] INFO  impl.MiniRaftCluster (MiniRaftCluster.java:shutdown(834)) - *** 
2022-11-01 02:15:31,629 [Time-limited test] INFO  impl.MiniRaftCluster (MiniRaftCluster.java:shutdown(835)) - ************************************************************** 
2022-11-01 02:15:31,629 [Time-limited test] INFO  impl.MiniRaftCluster (MiniRaftCluster.java:shutdown(836)) - printing ALL groups
  s3:  RUNNING  FOLLOWER s3@group-29DD907A7165:t2, leader=s4, voted=s4, raftlog=Memoized:s3@group-29DD907A7165-SegmentedRaftLog:OPENED:c0, conf=0: peers:[s3|rpc:localhost:46863|admin:localhost:41281|client:localhost:41041|dataStream:localhost:44363|priority:0|startupRole:FOLLOWER, s4|rpc:localhost:36775|admin:localhost:35477|client:localhost:46475|dataStream:localhost:42557|priority:0|startupRole:FOLLOWER, s0|rpc:localhost:33119|admin:localhost:42011|client:localhost:45597|dataStream:localhost:34507|priority:0|startupRole:FOLLOWER, s1|rpc:localhost:43051|admin:localhost:41551|client:localhost:45233|dataStream:localhost:41779|priority:0|startupRole:FOLLOWER, s2|rpc:localhost:41201|admin:localhost:41487|client:localhost:41547|dataStream:localhost:43565|priority:0|startupRole:FOLLOWER]|listeners:[], old=null RUNNING
  s4:  RUNNING    LEADER s4@group-29DD907A7165:t2, leader=s4, voted=s4, raftlog=Memoized:s4@group-29DD907A7165-SegmentedRaftLog:OPENED:c0, conf=0: peers:[s3|rpc:localhost:46863|admin:localhost:41281|client:localhost:41041|dataStream:localhost:44363|priority:0|startupRole:FOLLOWER, s4|rpc:localhost:36775|admin:localhost:35477|client:localhost:46475|dataStream:localhost:42557|priority:0|startupRole:FOLLOWER, s0|rpc:localhost:33119|admin:localhost:42011|client:localhost:45597|dataStream:localhost:34507|priority:0|startupRole:FOLLOWER, s1|rpc:localhost:43051|admin:localhost:41551|client:localhost:45233|dataStream:localhost:41779|priority:0|startupRole:FOLLOWER, s2|rpc:localhost:41201|admin:localhost:41487|client:localhost:41547|dataStream:localhost:43565|priority:0|startupRole:FOLLOWER]|listeners:[], old=null RUNNING
  s0:  RUNNING  FOLLOWER s0@group-29DD907A7165:t2, leader=s4, voted=s4, raftlog=Memoized:s0@group-29DD907A7165-SegmentedRaftLog:OPENED:c0, conf=0: peers:[s3|rpc:localhost:46863|admin:localhost:41281|client:localhost:41041|dataStream:localhost:44363|priority:0|startupRole:FOLLOWER, s4|rpc:localhost:36775|admin:localhost:35477|client:localhost:46475|dataStream:localhost:42557|priority:0|startupRole:FOLLOWER, s0|rpc:localhost:33119|admin:localhost:42011|client:localhost:45597|dataStream:localhost:34507|priority:0|startupRole:FOLLOWER, s1|rpc:localhost:43051|admin:localhost:41551|client:localhost:45233|dataStream:localhost:41779|priority:0|startupRole:FOLLOWER, s2|rpc:localhost:41201|admin:localhost:41487|client:localhost:41547|dataStream:localhost:43565|priority:0|startupRole:FOLLOWER]|listeners:[], old=null RUNNING
  s1:  RUNNING  FOLLOWER s1@group-29DD907A7165:t2, leader=s4, voted=null, raftlog=Memoized:s1@group-29DD907A7165-SegmentedRaftLog:OPENED:c0, conf=0: peers:[s3|rpc:localhost:46863|admin:localhost:41281|client:localhost:41041|dataStream:localhost:44363|priority:0|startupRole:FOLLOWER, s4|rpc:localhost:36775|admin:localhost:35477|client:localhost:46475|dataStream:localhost:42557|priority:0|startupRole:FOLLOWER, s0|rpc:localhost:33119|admin:localhost:42011|client:localhost:45597|dataStream:localhost:34507|priority:0|startupRole:FOLLOWER, s1|rpc:localhost:43051|admin:localhost:41551|client:localhost:45233|dataStream:localhost:41779|priority:0|startupRole:FOLLOWER, s2|rpc:localhost:41201|admin:localhost:41487|client:localhost:41547|dataStream:localhost:43565|priority:0|startupRole:FOLLOWER]|listeners:[], old=null RUNNING
  s2:  RUNNING  FOLLOWER s2@group-29DD907A7165:t2, leader=s4, voted=s4, raftlog=Memoized:s2@group-29DD907A7165-SegmentedRaftLog:OPENED:c0, conf=0: peers:[s3|rpc:localhost:46863|admin:localhost:41281|client:localhost:41041|dataStream:localhost:44363|priority:0|startupRole:FOLLOWER, s4|rpc:localhost:36775|admin:localhost:35477|client:localhost:46475|dataStream:localhost:42557|priority:0|startupRole:FOLLOWER, s0|rpc:localhost:33119|admin:localhost:42011|client:localhost:45597|dataStream:localhost:34507|priority:0|startupRole:FOLLOWER, s1|rpc:localhost:43051|admin:localhost:41551|client:localhost:45233|dataStream:localhost:41779|priority:0|startupRole:FOLLOWER, s2|rpc:localhost:41201|admin:localhost:41487|client:localhost:41547|dataStream:localhost:43565|priority:0|startupRole:FOLLOWER]|listeners:[], old=null RUNNING
2022-11-01 02:15:31,632 [MiniRaftCluster-1] INFO  server.RaftServer (RaftServerProxy.java:lambda$close$7(412)) - s3: close
2022-11-01 02:15:31,633 [s3-impl-thread1] INFO  server.RaftServer$Division (RaftServerImpl.java:lambda$close$4(462)) - s3@group-29DD907A7165: shutdown
2022-11-01 02:15:31,633 [s3-impl-thread1] INFO  util.JmxRegister (JmxRegister.java:unregister(73)) - Successfully un-registered JMX Bean with object name Ratis:service=RaftServer,group=group-29DD907A7165,id=s3
2022-11-01 02:15:31,633 [s3-impl-thread1] INFO  impl.RoleInfo (RoleInfo.java:shutdownFollowerState(110)) - s3: shutdown s3@group-29DD907A7165-FollowerState
2022-11-01 02:15:31,633 [s3-impl-thread1] INFO  impl.StateMachineUpdater (StateMachineUpdater.java:stopAndJoin(154)) - s3@group-29DD907A7165-StateMachineUpdater: set stopIndex = 0
2022-11-01 02:15:31,633 [s3@group-29DD907A7165-FollowerState] INFO  impl.FollowerState (FollowerState.java:run(152)) - s3@group-29DD907A7165-FollowerState was interrupted
2022-11-01 02:15:31,633 [s3-impl-thread1] INFO  server.RaftServer$Division (ServerState.java:close(412)) - s3@group-29DD907A7165: applyIndex: 0
2022-11-01 02:15:31,634 [s3@group-29DD907A7165-SegmentedRaftLogWorker] INFO  segmented.SegmentedRaftLogWorker (SegmentedRaftLogWorker.java:run(333)) - s3@group-29DD907A7165-SegmentedRaftLogWorker was interrupted, exiting. There are 0 tasks remaining in the queue.
2022-11-01 02:15:31,640 [MiniRaftCluster-1] INFO  server.GrpcService (GrpcService.java:closeImpl(319)) - s3: shutdown server org.apache.ratis.grpc.server.GrpcClientProtocolService now
2022-11-01 02:15:31,643 [s1-server-thread3] INFO  server.RaftServer$Division (RaftServerImpl.java:checkInconsistentAppendEntries(1599)) - s1@group-29DD907A7165: Failed appendEntries as previous log entry ((t:2, i:0)) is not found
2022-11-01 02:15:31,643 [s1-server-thread3] INFO  server.RaftServer$Division (RaftServerImpl.java:checkInconsistentAppendEntries(1569)) - s1@group-29DD907A7165: inconsistency entries. Reply:s4<-s1#365:FAIL-t2,INCONSISTENCY,nextIndex=0,followerCommit=0,matchIndex=-1
2022-11-01 02:15:31,644 [grpc-default-executor-24] INFO  leader.FollowerInfo (FollowerInfoImpl.java:lambda$new$0(48)) - s4@group-29DD907A7165->s1: nextIndex: updateUnconditionally 1 -> 0
2022-11-01 02:15:31,645 [MiniRaftCluster-4] INFO  server.RaftServer (RaftServerProxy.java:lambda$close$7(412)) - s1: close
2022-11-01 02:15:31,643 [MiniRaftCluster-3] INFO  server.RaftServer (RaftServerProxy.java:lambda$close$7(412)) - s0: close
2022-11-01 02:15:31,636 [MiniRaftCluster-2] INFO  server.RaftServer (RaftServerProxy.java:lambda$close$7(412)) - s4: close
2022-11-01 02:15:31,646 [s0-impl-thread1] INFO  server.RaftServer$Division (RaftServerImpl.java:lambda$close$4(462)) - s0@group-29DD907A7165: shutdown
2022-11-01 02:15:31,646 [s0-impl-thread1] INFO  util.JmxRegister (JmxRegister.java:unregister(73)) - Successfully un-registered JMX Bean with object name Ratis:service=RaftServer,group=group-29DD907A7165,id=s0
2022-11-01 02:15:31,646 [s0-impl-thread1] INFO  impl.RoleInfo (RoleInfo.java:shutdownFollowerState(110)) - s0: shutdown s0@group-29DD907A7165-FollowerState
2022-11-01 02:15:31,646 [s3-impl-thread1] INFO  segmented.SegmentedRaftLogWorker (SegmentedRaftLogWorker.java:close(246)) - s3@group-29DD907A7165-SegmentedRaftLogWorker close()
2022-11-01 02:15:31,647 [s4-impl-thread1] INFO  server.RaftServer$Division (RaftServerImpl.java:lambda$close$4(462)) - s4@group-29DD907A7165: shutdown
2022-11-01 02:15:31,647 [s4-impl-thread1] INFO  util.JmxRegister (JmxRegister.java:unregister(73)) - Successfully un-registered JMX Bean with object name Ratis:service=RaftServer,group=group-29DD907A7165,id=s4
2022-11-01 02:15:31,647 [s4-impl-thread1] INFO  impl.RoleInfo (RoleInfo.java:shutdownLeaderState(93)) - s4: shutdown s4@group-29DD907A7165-LeaderStateImpl
2022-11-01 02:15:31,647 [s4-impl-thread1] INFO  impl.PendingRequests (PendingRequests.java:sendNotLeaderResponses(282)) - s4@group-29DD907A7165-PendingRequests: sendNotLeaderResponses
2022-11-01 02:15:31,647 [s4@group-29DD907A7165->s2-GrpcLogAppender-LogAppenderDaemon] WARN  server.GrpcLogAppender (GrpcLogAppender.java:mayWait(199)) - s4@group-29DD907A7165->s2-GrpcLogAppender: Wait interrupted by java.lang.InterruptedException
2022-11-01 02:15:31,647 [s0@group-29DD907A7165-FollowerState] INFO  impl.FollowerState (FollowerState.java:run(152)) - s0@group-29DD907A7165-FollowerState was interrupted
2022-11-01 02:15:31,648 [s4@group-29DD907A7165->s3-GrpcLogAppender-LogAppenderDaemon] WARN  server.GrpcLogAppender (GrpcLogAppender.java:mayWait(199)) - s4@group-29DD907A7165->s3-GrpcLogAppender: Wait interrupted by java.lang.InterruptedException
2022-11-01 02:15:31,646 [s1-impl-thread1] INFO  server.RaftServer$Division (RaftServerImpl.java:lambda$close$4(462)) - s1@group-29DD907A7165: shutdown
2022-11-01 02:15:31,648 [s1-impl-thread1] INFO  util.JmxRegister (JmxRegister.java:unregister(73)) - Successfully un-registered JMX Bean with object name Ratis:service=RaftServer,group=group-29DD907A7165,id=s1
2022-11-01 02:15:31,648 [s1-impl-thread1] INFO  impl.RoleInfo (RoleInfo.java:shutdownFollowerState(110)) - s1: shutdown s1@group-29DD907A7165-FollowerState
2022-11-01 02:15:31,649 [s1@group-29DD907A7165-FollowerState] INFO  impl.FollowerState (FollowerState.java:run(152)) - s1@group-29DD907A7165-FollowerState was interrupted
2022-11-01 02:15:31,646 [MiniRaftCluster-2] INFO  server.GrpcService (GrpcService.java:closeImpl(319)) - s4: shutdown server org.apache.ratis.grpc.server.GrpcClientProtocolService now
2022-11-01 02:15:31,646 [s0-impl-thread1] INFO  impl.StateMachineUpdater (StateMachineUpdater.java:stopAndJoin(154)) - s0@group-29DD907A7165-StateMachineUpdater: set stopIndex = 0
2022-11-01 02:15:31,650 [s0-impl-thread1] INFO  server.RaftServer$Division (ServerState.java:close(412)) - s0@group-29DD907A7165: applyIndex: 0
2022-11-01 02:15:31,646 [MiniRaftCluster-3] INFO  server.GrpcService (GrpcService.java:closeImpl(319)) - s0: shutdown server org.apache.ratis.grpc.server.GrpcClientProtocolService now
2022-11-01 02:15:31,651 [s0@group-29DD907A7165-SegmentedRaftLogWorker] INFO  segmented.SegmentedRaftLogWorker (SegmentedRaftLogWorker.java:run(333)) - s0@group-29DD907A7165-SegmentedRaftLogWorker was interrupted, exiting. There are 0 tasks remaining in the queue.
2022-11-01 02:15:31,651 [grpc-default-executor-27] INFO  server.GrpcServerProtocolService (GrpcServerProtocolService.java:onCompleted(143)) - s3: Completed APPEND_ENTRIES, lastRequest: s4->s3#1-t2,previous=(t:0, i:0),leaderCommit=-1,initializing? true,entries: size=1, first=(t:2, i:0), CONFIGURATIONENTRY(current:id: "s3"
address: "localhost:46863"
dataStreamAddress: "localhost:44363"
clientAddress: "localhost:41041"
adminAddress: "localhost:41281"
startupRole: FOLLOWER
,id: "s4"
address: "localhost:36775"
dataStreamAddress: "localhost:42557"
clientAddress: "localhost:46475"
adminAddress: "localhost:35477"
startupRole: FOLLOWER
,id: "s0"
address: "localhost:33119"
dataStreamAddress: "localhost:34507"
clientAddress: "localhost:45597"
adminAddress: "localhost:42011"
startupRole: FOLLOWER
,id: "s1"
address: "localhost:43051"
dataStreamAddress: "localhost:41779"
clientAddress: "localhost:45233"
adminAddress: "localhost:41551"
startupRole: FOLLOWER
,id: "s2"
address: "localhost:41201"
dataStreamAddress: "localhost:43565"
clientAddress: "localhost:41547"
adminAddress: "localhost:41487"
startupRole: FOLLOWER
, old:)
2022-11-01 02:15:31,652 [grpc-default-executor-29] INFO  server.GrpcLogAppender (GrpcLogAppender.java:onCompleted(413)) - s4@group-29DD907A7165->s3-AppendLogResponseHandler: follower responses appendEntries COMPLETED
2022-11-01 02:15:31,652 [grpc-default-executor-29] INFO  leader.FollowerInfo (FollowerInfoImpl.java:lambda$new$0(48)) - s4@group-29DD907A7165->s3: nextIndex: updateUnconditionally 1 -> 0
2022-11-01 02:15:31,646 [MiniRaftCluster-4] INFO  server.GrpcService (GrpcService.java:closeImpl(319)) - s1: shutdown server org.apache.ratis.grpc.server.GrpcClientProtocolService now
2022-11-01 02:15:31,647 [s4-impl-thread1] INFO  impl.StateMachineUpdater (StateMachineUpdater.java:stopAndJoin(154)) - s4@group-29DD907A7165-StateMachineUpdater: set stopIndex = 0
2022-11-01 02:15:31,653 [s4-impl-thread1] INFO  server.RaftServer$Division (ServerState.java:close(412)) - s4@group-29DD907A7165: applyIndex: 0
2022-11-01 02:15:31,653 [s4@group-29DD907A7165-SegmentedRaftLogWorker] INFO  segmented.SegmentedRaftLogWorker (SegmentedRaftLogWorker.java:run(333)) - s4@group-29DD907A7165-SegmentedRaftLogWorker was interrupted, exiting. There are 0 tasks remaining in the queue.
2022-11-01 02:15:31,648 [s1-impl-thread1] INFO  impl.StateMachineUpdater (StateMachineUpdater.java:stopAndJoin(154)) - s1@group-29DD907A7165-StateMachineUpdater: set stopIndex = 0
2022-11-01 02:15:31,653 [s1-impl-thread1] INFO  server.RaftServer$Division (ServerState.java:close(412)) - s1@group-29DD907A7165: applyIndex: 0
2022-11-01 02:15:31,653 [s1@group-29DD907A7165-SegmentedRaftLogWorker] INFO  segmented.SegmentedRaftLogWorker (SegmentedRaftLogWorker.java:run(333)) - s1@group-29DD907A7165-SegmentedRaftLogWorker was interrupted, exiting. There are 0 tasks remaining in the queue.
2022-11-01 02:15:31,659 [s0-impl-thread1] INFO  segmented.SegmentedRaftLogWorker (SegmentedRaftLogWorker.java:close(246)) - s0@group-29DD907A7165-SegmentedRaftLogWorker close()
2022-11-01 02:15:31,660 [s4-impl-thread1] INFO  segmented.SegmentedRaftLogWorker (SegmentedRaftLogWorker.java:close(246)) - s4@group-29DD907A7165-SegmentedRaftLogWorker close()
2022-11-01 02:15:31,661 [s4@group-29DD907A7165->s0-GrpcLogAppender-LogAppenderDaemon] WARN  server.GrpcLogAppender (GrpcLogAppender.java:mayWait(199)) - s4@group-29DD907A7165->s0-GrpcLogAppender: Wait interrupted by java.lang.InterruptedException
2022-11-01 02:15:31,661 [grpc-default-executor-27] INFO  server.GrpcServerProtocolService (GrpcServerProtocolService.java:onCompleted(143)) - s0: Completed APPEND_ENTRIES, lastRequest: s4->s0#1-t2,previous=(t:0, i:0),leaderCommit=-1,initializing? true,entries: size=1, first=(t:2, i:0), CONFIGURATIONENTRY(current:id: "s3"
address: "localhost:46863"
dataStreamAddress: "localhost:44363"
clientAddress: "localhost:41041"
adminAddress: "localhost:41281"
startupRole: FOLLOWER
,id: "s4"
address: "localhost:36775"
dataStreamAddress: "localhost:42557"
clientAddress: "localhost:46475"
adminAddress: "localhost:35477"
startupRole: FOLLOWER
,id: "s0"
address: "localhost:33119"
dataStreamAddress: "localhost:34507"
clientAddress: "localhost:45597"
adminAddress: "localhost:42011"
startupRole: FOLLOWER
,id: "s1"
address: "localhost:43051"
dataStreamAddress: "localhost:41779"
clientAddress: "localhost:45233"
adminAddress: "localhost:41551"
startupRole: FOLLOWER
,id: "s2"
address: "localhost:41201"
dataStreamAddress: "localhost:43565"
clientAddress: "localhost:41547"
adminAddress: "localhost:41487"
startupRole: FOLLOWER
, old:)
2022-11-01 02:15:31,663 [s4@group-29DD907A7165->s1-GrpcLogAppender-LogAppenderDaemon] WARN  server.GrpcLogAppender (GrpcLogAppender.java:mayWait(199)) - s4@group-29DD907A7165->s1-GrpcLogAppender: Wait interrupted by java.lang.InterruptedException
2022-11-01 02:15:31,664 [grpc-default-executor-2] INFO  server.GrpcServerProtocolService (GrpcServerProtocolService.java:onCompleted(143)) - s0: Completed APPEND_ENTRIES, lastRequest: null
2022-11-01 02:15:31,661 [s1-impl-thread1] INFO  segmented.SegmentedRaftLogWorker (SegmentedRaftLogWorker.java:close(246)) - s1@group-29DD907A7165-SegmentedRaftLogWorker close()
2022-11-01 02:15:31,667 [grpc-default-executor-27] INFO  server.GrpcServerProtocolService (GrpcServerProtocolService.java:onCompleted(143)) - s2: Completed APPEND_ENTRIES, lastRequest: null
2022-11-01 02:15:31,667 [grpc-default-executor-29] INFO  server.GrpcServerProtocolService (GrpcServerProtocolService.java:onCompleted(143)) - s2: Completed APPEND_ENTRIES, lastRequest: s4->s2#1-t2,previous=(t:0, i:0),leaderCommit=0,initializing? true,entries: size=1, first=(t:2, i:0), CONFIGURATIONENTRY(current:id: "s3"
address: "localhost:46863"
dataStreamAddress: "localhost:44363"
clientAddress: "localhost:41041"
adminAddress: "localhost:41281"
startupRole: FOLLOWER
,id: "s4"
address: "localhost:36775"
dataStreamAddress: "localhost:42557"
clientAddress: "localhost:46475"
adminAddress: "localhost:35477"
startupRole: FOLLOWER
,id: "s0"
address: "localhost:33119"
dataStreamAddress: "localhost:34507"
clientAddress: "localhost:45597"
adminAddress: "localhost:42011"
startupRole: FOLLOWER
,id: "s1"
address: "localhost:43051"
dataStreamAddress: "localhost:41779"
clientAddress: "localhost:45233"
adminAddress: "localhost:41551"
startupRole: FOLLOWER
,id: "s2"
address: "localhost:41201"
dataStreamAddress: "localhost:43565"
clientAddress: "localhost:41547"
adminAddress: "localhost:41487"
startupRole: FOLLOWER
, old:)
2022-11-01 02:15:31,667 [grpc-default-executor-24] WARN  server.GrpcServerProtocolService (LogUtils.java:warn(124)) - s1: Failed APPEND_ENTRIES request s4->s1#366-t2,previous=(t:0, i:0),leaderCommit=0,initializing? true,entries: size=1, first=(t:2, i:0), CONFIGURATIONENTRY(current:id: "s3"
address: "localhost:46863"
dataStreamAddress: "localhost:44363"
clientAddress: "localhost:41041"
adminAddress: "localhost:41281"
startupRole: FOLLOWER
,id: "s4"
address: "localhost:36775"
dataStreamAddress: "localhost:42557"
clientAddress: "localhost:46475"
adminAddress: "localhost:35477"
startupRole: FOLLOWER
,id: "s0"
address: "localhost:33119"
dataStreamAddress: "localhost:34507"
clientAddress: "localhost:45597"
adminAddress: "localhost:42011"
startupRole: FOLLOWER
,id: "s1"
address: "localhost:43051"
dataStreamAddress: "localhost:41779"
clientAddress: "localhost:45233"
adminAddress: "localhost:41551"
startupRole: FOLLOWER
,id: "s2"
address: "localhost:41201"
dataStreamAddress: "localhost:43565"
clientAddress: "localhost:41547"
adminAddress: "localhost:41487"
startupRole: FOLLOWER
, old:)
java.util.concurrent.CompletionException: org.apache.ratis.protocol.exceptions.ServerNotReadyException: s1@group-29DD907A7165 is not in [STARTING, RUNNING]: current state is CLOSING
	at org.apache.ratis.util.JavaUtils.callAsUnchecked(JavaUtils.java:121)
	at org.apache.ratis.server.impl.RaftServerImpl.lambda$executeSubmitServerRequestAsync$11(RaftServerImpl.java:813)
	at java.base/java.util.concurrent.CompletableFuture$AsyncSupply.run(CompletableFuture.java:1700)
	at java.base/java.util.concurrent.ThreadPoolExecutor.runWorker(ThreadPoolExecutor.java:1128)
	at java.base/java.util.concurrent.ThreadPoolExecutor$Worker.run(ThreadPoolExecutor.java:628)
	at java.base/java.lang.Thread.run(Thread.java:829)
Caused by: org.apache.ratis.protocol.exceptions.ServerNotReadyException: s1@group-29DD907A7165 is not in [STARTING, RUNNING]: current state is CLOSING
	at org.apache.ratis.server.impl.RaftServerImpl.lambda$assertLifeCycleState$9(RaftServerImpl.java:737)
	at org.apache.ratis.util.LifeCycle.assertCurrentState(LifeCycle.java:253)
	at org.apache.ratis.server.impl.RaftServerImpl.assertLifeCycleState(RaftServerImpl.java:736)
	at org.apache.ratis.server.impl.RaftServerImpl.preAppendEntriesAsync(RaftServerImpl.java:1438)
	at org.apache.ratis.server.impl.RaftServerImpl.appendEntriesAsync(RaftServerImpl.java:1382)
	at org.apache.ratis.server.impl.RaftServerProxy.lambda$appendEntriesAsync$26(RaftServerProxy.java:634)
	at org.apache.ratis.util.JavaUtils.callAsUnchecked(JavaUtils.java:117)
	... 5 more
2022-11-01 02:15:31,669 [grpc-default-executor-27] INFO  server.GrpcLogAppender (GrpcLogAppender.java:onCompleted(413)) - s4@group-29DD907A7165->s0-AppendLogResponseHandler: follower responses appendEntries COMPLETED
2022-11-01 02:15:31,670 [grpc-default-executor-27] INFO  leader.FollowerInfo (FollowerInfoImpl.java:lambda$new$0(48)) - s4@group-29DD907A7165->s0: nextIndex: updateUnconditionally 1 -> 0
2022-11-01 02:15:31,669 [grpc-default-executor-41] INFO  server.GrpcLogAppender (GrpcLogAppender.java:onCompleted(413)) - s4@group-29DD907A7165->s2-AppendLogResponseHandler: follower responses appendEntries COMPLETED
2022-11-01 02:15:31,668 [grpc-default-executor-29] INFO  server.GrpcServerProtocolService (GrpcServerProtocolService.java:onCompleted(143)) - s3: Completed APPEND_ENTRIES, lastRequest: null
2022-11-01 02:15:31,668 [grpc-default-executor-30] INFO  server.GrpcLogAppender (GrpcLogAppender.java:onCompleted(413)) - s4@group-29DD907A7165->s0-AppendLogResponseHandler: follower responses appendEntries COMPLETED
2022-11-01 02:15:31,671 [grpc-default-executor-30] INFO  leader.FollowerInfo (FollowerInfoImpl.java:lambda$new$0(48)) - s4@group-29DD907A7165->s0: nextIndex: updateUnconditionally 0 -> 0
2022-11-01 02:15:31,668 [grpc-default-executor-42] INFO  server.GrpcLogAppender (GrpcLogAppender.java:onCompleted(413)) - s4@group-29DD907A7165->s2-AppendLogResponseHandler: follower responses appendEntries COMPLETED
2022-11-01 02:15:31,668 [grpc-default-executor-20] INFO  server.GrpcServerProtocolService (GrpcServerProtocolService.java:onCompleted(143)) - s1: Completed APPEND_ENTRIES, lastRequest: null
2022-11-01 02:15:31,670 [grpc-default-executor-41] INFO  leader.FollowerInfo (FollowerInfoImpl.java:lambda$new$0(48)) - s4@group-29DD907A7165->s2: nextIndex: updateUnconditionally 1 -> 0
2022-11-01 02:15:31,671 [grpc-default-executor-42] INFO  leader.FollowerInfo (FollowerInfoImpl.java:lambda$new$0(48)) - s4@group-29DD907A7165->s2: nextIndex: updateUnconditionally 0 -> 0
2022-11-01 02:15:31,672 [grpc-default-executor-42] INFO  server.GrpcLogAppender (GrpcLogAppender.java:onCompleted(413)) - s4@group-29DD907A7165->s3-AppendLogResponseHandler: follower responses appendEntries COMPLETED
2022-11-01 02:15:31,672 [grpc-default-executor-42] INFO  leader.FollowerInfo (FollowerInfoImpl.java:lambda$new$0(48)) - s4@group-29DD907A7165->s3: nextIndex: updateUnconditionally 0 -> 0
2022-11-01 02:15:31,673 [grpc-default-executor-30] INFO  server.GrpcLogAppender (GrpcLogAppender.java:onCompleted(413)) - s4@group-29DD907A7165->s1-AppendLogResponseHandler: follower responses appendEntries COMPLETED
2022-11-01 02:15:31,673 [grpc-default-executor-30] INFO  leader.FollowerInfo (FollowerInfoImpl.java:lambda$new$0(48)) - s4@group-29DD907A7165->s1: nextIndex: updateUnconditionally 1 -> 0
2022-11-01 02:15:31,677 [MiniRaftCluster-2] INFO  server.GrpcServerProtocolClient (GrpcServerProtocolClient.java:close(111)) - s3 Close channels
2022-11-01 02:15:31,685 [MiniRaftCluster-5] INFO  server.RaftServer (RaftServerProxy.java:lambda$close$7(412)) - s2: close
2022-11-01 02:15:31,685 [MiniRaftCluster-4] INFO  server.GrpcServerProtocolClient (GrpcServerProtocolClient.java:close(111)) - s3 Close channels
2022-11-01 02:15:31,685 [s2-impl-thread1] INFO  server.RaftServer$Division (RaftServerImpl.java:lambda$close$4(462)) - s2@group-29DD907A7165: shutdown
2022-11-01 02:15:31,685 [s2-impl-thread1] INFO  util.JmxRegister (JmxRegister.java:unregister(73)) - Successfully un-registered JMX Bean with object name Ratis:service=RaftServer,group=group-29DD907A7165,id=s2
2022-11-01 02:15:31,686 [s2-impl-thread1] INFO  impl.RoleInfo (RoleInfo.java:shutdownFollowerState(110)) - s2: shutdown s2@group-29DD907A7165-FollowerState
2022-11-01 02:15:31,686 [s2-impl-thread1] INFO  impl.StateMachineUpdater (StateMachineUpdater.java:stopAndJoin(154)) - s2@group-29DD907A7165-StateMachineUpdater: set stopIndex = 0
2022-11-01 02:15:31,686 [MiniRaftCluster-3] INFO  server.GrpcServerProtocolClient (GrpcServerProtocolClient.java:close(111)) - s3 Close channels
2022-11-01 02:15:31,686 [s2-impl-thread1] INFO  server.RaftServer$Division (ServerState.java:close(412)) - s2@group-29DD907A7165: applyIndex: 0
2022-11-01 02:15:31,686 [s2@group-29DD907A7165-SegmentedRaftLogWorker] INFO  segmented.SegmentedRaftLogWorker (SegmentedRaftLogWorker.java:run(333)) - s2@group-29DD907A7165-SegmentedRaftLogWorker was interrupted, exiting. There are 0 tasks remaining in the queue.
2022-11-01 02:15:31,686 [MiniRaftCluster-1] INFO  server.GrpcServerProtocolClient (GrpcServerProtocolClient.java:close(111)) - s4 Close channels
2022-11-01 02:15:31,685 [MiniRaftCluster-5] INFO  server.GrpcService (GrpcService.java:closeImpl(319)) - s2: shutdown server org.apache.ratis.grpc.server.GrpcClientProtocolService now
2022-11-01 02:15:31,689 [s2-impl-thread1] INFO  segmented.SegmentedRaftLogWorker (SegmentedRaftLogWorker.java:close(246)) - s2@group-29DD907A7165-SegmentedRaftLogWorker close()
2022-11-01 02:15:31,686 [s2@group-29DD907A7165-FollowerState] INFO  impl.FollowerState (FollowerState.java:run(152)) - s2@group-29DD907A7165-FollowerState was interrupted
2022-11-01 02:15:31,694 [ForkJoinPool.commonPool-worker-3] INFO  server.GrpcServerProtocolClient (GrpcServerProtocolClient.java:close(111)) - s0 Close channels
2022-11-01 02:15:31,694 [MiniRaftCluster-3] INFO  server.GrpcServerProtocolClient (GrpcServerProtocolClient.java:close(111)) - s4 Close channels
2022-11-01 02:15:31,696 [MiniRaftCluster-4] INFO  server.GrpcServerProtocolClient (GrpcServerProtocolClient.java:close(111)) - s4 Close channels
2022-11-01 02:15:31,696 [MiniRaftCluster-1] INFO  server.GrpcServerProtocolClient (GrpcServerProtocolClient.java:close(111)) - s0 Close channels
2022-11-01 02:15:31,697 [MiniRaftCluster-3] INFO  server.GrpcServerProtocolClient (GrpcServerProtocolClient.java:close(111)) - s1 Close channels
2022-11-01 02:15:31,697 [MiniRaftCluster-5] INFO  server.GrpcServerProtocolClient (GrpcServerProtocolClient.java:close(111)) - s3 Close channels
2022-11-01 02:15:31,698 [MiniRaftCluster-5] INFO  server.GrpcServerProtocolClient (GrpcServerProtocolClient.java:close(111)) - s4 Close channels
2022-11-01 02:15:31,705 [MiniRaftCluster-1] INFO  server.GrpcServerProtocolClient (GrpcServerProtocolClient.java:close(111)) - s1 Close channels
2022-11-01 02:15:31,705 [MiniRaftCluster-4] INFO  server.GrpcServerProtocolClient (GrpcServerProtocolClient.java:close(111)) - s0 Close channels
2022-11-01 02:15:31,706 [MiniRaftCluster-3] INFO  server.GrpcServerProtocolClient (GrpcServerProtocolClient.java:close(111)) - s2 Close channels
2022-11-01 02:15:31,707 [MiniRaftCluster-1] INFO  server.GrpcServerProtocolClient (GrpcServerProtocolClient.java:close(111)) - s2 Close channels
2022-11-01 02:15:31,707 [MiniRaftCluster-3] INFO  server.GrpcService (GrpcService.java:closeImpl(328)) - s0: shutdown server org.apache.ratis.grpc.server.GrpcClientProtocolService successfully
2022-11-01 02:15:31,707 [MiniRaftCluster-3] INFO  server.GrpcService (GrpcService.java:closeImpl(319)) - s0: shutdown server GrpcServerProtocolService now
2022-11-01 02:15:31,708 [MiniRaftCluster-5] INFO  server.GrpcServerProtocolClient (GrpcServerProtocolClient.java:close(111)) - s0 Close channels
2022-11-01 02:15:31,711 [MiniRaftCluster-3] INFO  server.GrpcService (GrpcService.java:closeImpl(328)) - s0: shutdown server GrpcServerProtocolService successfully
2022-11-01 02:15:31,711 [MiniRaftCluster-3] INFO  server.GrpcService (GrpcService.java:closeImpl(319)) - s0: shutdown server org.apache.ratis.grpc.server.GrpcAdminProtocolService now
2022-11-01 02:15:31,712 [MiniRaftCluster-3] INFO  server.GrpcService (GrpcService.java:closeImpl(328)) - s0: shutdown server org.apache.ratis.grpc.server.GrpcAdminProtocolService successfully
2022-11-01 02:15:31,712 [JvmPauseMonitor2] INFO  util.JvmPauseMonitor (JvmPauseMonitor.java:run(111)) - JvmPauseMonitor-s0: Stopped
2022-11-01 02:15:31,712 [ForkJoinPool.commonPool-worker-3] INFO  server.GrpcServerProtocolClient (GrpcServerProtocolClient.java:close(111)) - s1 Close channels
2022-11-01 02:15:31,712 [MiniRaftCluster-1] INFO  server.GrpcService (GrpcService.java:closeImpl(328)) - s3: shutdown server org.apache.ratis.grpc.server.GrpcClientProtocolService successfully
2022-11-01 02:15:31,714 [MiniRaftCluster-1] INFO  server.GrpcService (GrpcService.java:closeImpl(319)) - s3: shutdown server GrpcServerProtocolService now
2022-11-01 02:15:31,716 [MiniRaftCluster-5] INFO  server.GrpcServerProtocolClient (GrpcServerProtocolClient.java:close(111)) - s1 Close channels
2022-11-01 02:15:31,717 [MiniRaftCluster-5] INFO  server.GrpcService (GrpcService.java:closeImpl(328)) - s2: shutdown server org.apache.ratis.grpc.server.GrpcClientProtocolService successfully
2022-11-01 02:15:31,717 [MiniRaftCluster-5] INFO  server.GrpcService (GrpcService.java:closeImpl(319)) - s2: shutdown server GrpcServerProtocolService now
2022-11-01 02:15:31,720 [MiniRaftCluster-5] INFO  server.GrpcService (GrpcService.java:closeImpl(328)) - s2: shutdown server GrpcServerProtocolService successfully
2022-11-01 02:15:31,720 [MiniRaftCluster-5] INFO  server.GrpcService (GrpcService.java:closeImpl(319)) - s2: shutdown server org.apache.ratis.grpc.server.GrpcAdminProtocolService now
2022-11-01 02:15:31,720 [MiniRaftCluster-5] INFO  server.GrpcService (GrpcService.java:closeImpl(328)) - s2: shutdown server org.apache.ratis.grpc.server.GrpcAdminProtocolService successfully
2022-11-01 02:15:31,721 [MiniRaftCluster-1] INFO  server.GrpcService (GrpcService.java:closeImpl(328)) - s3: shutdown server GrpcServerProtocolService successfully
2022-11-01 02:15:31,721 [MiniRaftCluster-1] INFO  server.GrpcService (GrpcService.java:closeImpl(319)) - s3: shutdown server org.apache.ratis.grpc.server.GrpcAdminProtocolService now
2022-11-01 02:15:31,721 [JvmPauseMonitor4] INFO  util.JvmPauseMonitor (JvmPauseMonitor.java:run(111)) - JvmPauseMonitor-s2: Stopped
2022-11-01 02:15:31,723 [MiniRaftCluster-4] INFO  server.GrpcServerProtocolClient (GrpcServerProtocolClient.java:close(111)) - s2 Close channels
2022-11-01 02:15:31,723 [MiniRaftCluster-1] INFO  server.GrpcService (GrpcService.java:closeImpl(328)) - s3: shutdown server org.apache.ratis.grpc.server.GrpcAdminProtocolService successfully
2022-11-01 02:15:31,724 [JvmPauseMonitor0] INFO  util.JvmPauseMonitor (JvmPauseMonitor.java:run(111)) - JvmPauseMonitor-s3: Stopped
2022-11-01 02:15:31,724 [grpc-default-executor-24] INFO  server.GrpcServerProtocolService (GrpcServerProtocolService.java:onCompleted(143)) - s1: Completed APPEND_ENTRIES, lastRequest: s4->s1#366-t2,previous=(t:0, i:0),leaderCommit=0,initializing? true,entries: size=1, first=(t:2, i:0), CONFIGURATIONENTRY(current:id: "s3"
address: "localhost:46863"
dataStreamAddress: "localhost:44363"
clientAddress: "localhost:41041"
adminAddress: "localhost:41281"
startupRole: FOLLOWER
,id: "s4"
address: "localhost:36775"
dataStreamAddress: "localhost:42557"
clientAddress: "localhost:46475"
adminAddress: "localhost:35477"
startupRole: FOLLOWER
,id: "s0"
address: "localhost:33119"
dataStreamAddress: "localhost:34507"
clientAddress: "localhost:45597"
adminAddress: "localhost:42011"
startupRole: FOLLOWER
,id: "s1"
address: "localhost:43051"
dataStreamAddress: "localhost:41779"
clientAddress: "localhost:45233"
adminAddress: "localhost:41551"
startupRole: FOLLOWER
,id: "s2"
address: "localhost:41201"
dataStreamAddress: "localhost:43565"
clientAddress: "localhost:41547"
adminAddress: "localhost:41487"
startupRole: FOLLOWER
, old:)
2022-11-01 02:15:31,726 [MiniRaftCluster-4] INFO  server.GrpcService (GrpcService.java:closeImpl(328)) - s1: shutdown server org.apache.ratis.grpc.server.GrpcClientProtocolService successfully
2022-11-01 02:15:31,726 [MiniRaftCluster-4] INFO  server.GrpcService (GrpcService.java:closeImpl(319)) - s1: shutdown server GrpcServerProtocolService now
2022-11-01 02:15:31,734 [MiniRaftCluster-4] INFO  server.GrpcService (GrpcService.java:closeImpl(328)) - s1: shutdown server GrpcServerProtocolService successfully
2022-11-01 02:15:31,734 [MiniRaftCluster-4] INFO  server.GrpcService (GrpcService.java:closeImpl(319)) - s1: shutdown server org.apache.ratis.grpc.server.GrpcAdminProtocolService now
2022-11-01 02:15:31,734 [MiniRaftCluster-4] INFO  server.GrpcService (GrpcService.java:closeImpl(328)) - s1: shutdown server org.apache.ratis.grpc.server.GrpcAdminProtocolService successfully
2022-11-01 02:15:31,735 [JvmPauseMonitor3] INFO  util.JvmPauseMonitor (JvmPauseMonitor.java:run(111)) - JvmPauseMonitor-s1: Stopped
2022-11-01 02:15:31,740 [grpc-default-executor-30] INFO  server.GrpcLogAppender (GrpcLogAppender.java:onError(402)) - s4@group-29DD907A7165->s1-GrpcLogAppender is already stopped
2022-11-01 02:15:31,741 [ForkJoinPool.commonPool-worker-3] INFO  server.GrpcServerProtocolClient (GrpcServerProtocolClient.java:close(111)) - s2 Close channels
2022-11-01 02:15:31,741 [MiniRaftCluster-2] INFO  server.GrpcService (GrpcService.java:closeImpl(328)) - s4: shutdown server org.apache.ratis.grpc.server.GrpcClientProtocolService successfully
2022-11-01 02:15:31,741 [MiniRaftCluster-2] INFO  server.GrpcService (GrpcService.java:closeImpl(319)) - s4: shutdown server GrpcServerProtocolService now
2022-11-01 02:15:31,742 [MiniRaftCluster-2] INFO  server.GrpcService (GrpcService.java:closeImpl(328)) - s4: shutdown server GrpcServerProtocolService successfully
2022-11-01 02:15:31,742 [MiniRaftCluster-2] INFO  server.GrpcService (GrpcService.java:closeImpl(319)) - s4: shutdown server org.apache.ratis.grpc.server.GrpcAdminProtocolService now
2022-11-01 02:15:31,748 [MiniRaftCluster-2] INFO  server.GrpcService (GrpcService.java:closeImpl(328)) - s4: shutdown server org.apache.ratis.grpc.server.GrpcAdminProtocolService successfully
2022-11-01 02:15:31,749 [JvmPauseMonitor1] INFO  util.JvmPauseMonitor (JvmPauseMonitor.java:run(111)) - JvmPauseMonitor-s4: Stopped
2022-11-01 02:15:31,749 [Time-limited test] INFO  impl.MiniRaftCluster (MiniRaftCluster.java:shutdown(855)) - MiniRaftClusterWithGrpc shutdown completed
]]></system-out>
    <system-err><![CDATA[SLF4J: Class path contains multiple SLF4J bindings.
SLF4J: Found binding in [jar:file:/home/runner/.m2/repository/org/slf4j/slf4j-log4j12/1.7.29/slf4j-log4j12-1.7.29.jar!/org/slf4j/impl/StaticLoggerBinder.class]
SLF4J: Found binding in [jar:file:/home/runner/.m2/repository/org/slf4j/slf4j-simple/1.7.29/slf4j-simple-1.7.29.jar!/org/slf4j/impl/StaticLoggerBinder.class]
SLF4J: See http://www.slf4j.org/codes.html#multiple_bindings for an explanation.
SLF4J: Actual binding is of type [org.slf4j.impl.Log4jLoggerFactory]
]]></system-err>
  </testcase>
  <testcase name="testDisconnectLeader" classname="org.apache.ratis.grpc.TestLeaderElectionWithGrpc" time="2.383"/>
  <testcase name="testRemoveListener" classname="org.apache.ratis.grpc.TestLeaderElectionWithGrpc" time="0.682"/>
  <testcase name="testLostMajorityHeartbeats" classname="org.apache.ratis.grpc.TestLeaderElectionWithGrpc" time="1.371"/>
  <testcase name="testLateServerStart" classname="org.apache.ratis.grpc.TestLeaderElectionWithGrpc" time="4.551"/>
  <testcase name="testListenerNotStartLeaderElection" classname="org.apache.ratis.grpc.TestLeaderElectionWithGrpc" time="1.236"/>
  <testcase name="testPreVote" classname="org.apache.ratis.grpc.TestLeaderElectionWithGrpc" time="4.611"/>
  <testcase name="testListenerRejectRequestVote" classname="org.apache.ratis.grpc.TestLeaderElectionWithGrpc" time="0.65"/>
  <testcase name="testAddListener" classname="org.apache.ratis.grpc.TestLeaderElectionWithGrpc" time="0.756"/>
  <testcase name="testTransferLeaderTimeout" classname="org.apache.ratis.grpc.TestLeaderElectionWithGrpc" time="5.755"/>
  <testcase name="testBasicLeaderElection" classname="org.apache.ratis.grpc.TestLeaderElectionWithGrpc" time="5.672"/>
  <testcase name="testChangeFollowerToListener" classname="org.apache.ratis.grpc.TestLeaderElectionWithGrpc" time="0.651"/>
  <testcase name="testTransferLeader" classname="org.apache.ratis.grpc.TestLeaderElectionWithGrpc" time="1.822"/>
  <testcase name="testPauseResumeLeaderElection" classname="org.apache.ratis.grpc.TestLeaderElectionWithGrpc" time="1.115"/>
  <testcase name="testChangeLeader" classname="org.apache.ratis.grpc.TestLeaderElectionWithGrpc" time="6.461"/>
  <testcase name="testChangeListenerToFollower" classname="org.apache.ratis.grpc.TestLeaderElectionWithGrpc" time="0.563"/>
  <testcase name="testShutdownBeforeStart" classname="org.apache.ratis.grpc.TestLeaderElectionWithGrpc" time="2.726"/>
  <testcase name="testLeaderNotCountListenerForMajority" classname="org.apache.ratis.grpc.TestLeaderElectionWithGrpc" time="1.028"/>
  <testcase name="testImmediatelyRevertedToFollower" classname="org.apache.ratis.grpc.TestLeaderElectionWithGrpc" time="0.015"/>
  <testcase name="testLeaderElectionMetrics" classname="org.apache.ratis.grpc.TestLeaderElectionWithGrpc" time="0.592"/>
</testsuite>