<?xml version="1.0" encoding="UTF-8"?>
<testsuite xmlns:xsi="http://www.w3.org/2001/XMLSchema-instance" xsi:noNamespaceSchemaLocation="https://maven.apache.org/surefire/maven-surefire-plugin/xsd/surefire-test-report.xsd" name="org.apache.ratis.grpc.TestRaftServerWithGrpc" time="31.08" tests="10" errors="0" skipped="0" failures="1">
  <properties>
    <property name="awt.toolkit" value="sun.awt.X11.XToolkit"/>
    <property name="java.specification.version" value="11"/>
    <property name="sun.cpu.isalist" value=""/>
    <property name="sun.jnu.encoding" value="UTF-8"/>
    <property name="java.class.path" value="/home/runner/work/ratis/ratis/ratis-test/target/test-classes:/home/runner/work/ratis/ratis/ratis-test/target/classes:/home/runner/work/ratis/ratis/ratis-common/target/classes:/home/runner/.m2/repository/org/apache/ratis/ratis-thirdparty-misc/1.0.2/ratis-thirdparty-misc-1.0.2.jar:/home/runner/work/ratis/ratis/ratis-proto/target/ratis-proto-3.0.0-SNAPSHOT.jar:/home/runner/work/ratis/ratis/ratis-common/target/test-classes:/home/runner/work/ratis/ratis/ratis-client/target/classes:/home/runner/work/ratis/ratis/ratis-server/target/classes:/home/runner/work/ratis/ratis/ratis-server-api/target/classes:/home/runner/work/ratis/ratis/ratis-metrics-api/target/classes:/home/runner/work/ratis/ratis/ratis-server/target/test-classes:/home/runner/work/ratis/ratis/ratis-metrics-default/target/classes:/home/runner/work/ratis/ratis/ratis-netty/target/classes:/home/runner/work/ratis/ratis/ratis-netty/target/test-classes:/home/runner/work/ratis/ratis/ratis-grpc/target/classes:/home/runner/work/ratis/ratis/ratis-grpc/target/test-classes:/home/runner/.m2/repository/org/slf4j/slf4j-api/1.7.29/slf4j-api-1.7.29.jar:/home/runner/.m2/repository/org/slf4j/slf4j-log4j12/1.7.29/slf4j-log4j12-1.7.29.jar:/home/runner/.m2/repository/log4j/log4j/1.2.17/log4j-1.2.17.jar:/home/runner/.m2/repository/junit/junit/4.13.2/junit-4.13.2.jar:/home/runner/.m2/repository/org/hamcrest/hamcrest-core/1.3/hamcrest-core-1.3.jar:/home/runner/.m2/repository/org/mockito/mockito-core/4.3.1/mockito-core-4.3.1.jar:/home/runner/.m2/repository/net/bytebuddy/byte-buddy/1.12.7/byte-buddy-1.12.7.jar:/home/runner/.m2/repository/net/bytebuddy/byte-buddy-agent/1.12.7/byte-buddy-agent-1.12.7.jar:/home/runner/.m2/repository/org/objenesis/objenesis/3.2/objenesis-3.2.jar:/home/runner/work/ratis/ratis/ratis-shell/target/classes:/home/runner/.m2/repository/commons-cli/commons-cli/1.5.0/commons-cli-1.5.0.jar:/home/runner/.m2/repository/org/slf4j/slf4j-simple/1.7.29/slf4j-simple-1.7.29.jar:/home/runner/.m2/repository/org/reflections/reflections/0.10.2/reflections-0.10.2.jar:/home/runner/.m2/repository/org/javassist/javassist/3.28.0-GA/javassist-3.28.0-GA.jar:/home/runner/.m2/repository/com/google/code/findbugs/jsr305/3.0.2/jsr305-3.0.2.jar:"/>
    <property name="java.vm.vendor" value="Eclipse Adoptium"/>
    <property name="sun.arch.data.model" value="64"/>
    <property name="java.vendor.url" value="https://adoptium.net/"/>
    <property name="user.timezone" value=""/>
    <property name="java.vm.specification.version" value="11"/>
    <property name="os.name" value="Linux"/>
    <property name="sun.java.launcher" value="SUN_STANDARD"/>
    <property name="sun.boot.library.path" value="/usr/lib/jvm/temurin-11-jdk-amd64/lib"/>
    <property name="sun.java.command" value="/home/runner/work/ratis/ratis/ratis-test/target/surefire/surefirebooter12319792796703357062.jar /home/runner/work/ratis/ratis/ratis-test/target/surefire 2022-10-13T02-36-42_665-jvmRun1 surefire748273509549847260tmp surefire_308895637641252209212tmp"/>
    <property name="jdk.debug" value="release"/>
    <property name="surefire.test.class.path" value="/home/runner/work/ratis/ratis/ratis-test/target/test-classes:/home/runner/work/ratis/ratis/ratis-test/target/classes:/home/runner/work/ratis/ratis/ratis-common/target/classes:/home/runner/.m2/repository/org/apache/ratis/ratis-thirdparty-misc/1.0.2/ratis-thirdparty-misc-1.0.2.jar:/home/runner/work/ratis/ratis/ratis-proto/target/ratis-proto-3.0.0-SNAPSHOT.jar:/home/runner/work/ratis/ratis/ratis-common/target/test-classes:/home/runner/work/ratis/ratis/ratis-client/target/classes:/home/runner/work/ratis/ratis/ratis-server/target/classes:/home/runner/work/ratis/ratis/ratis-server-api/target/classes:/home/runner/work/ratis/ratis/ratis-metrics-api/target/classes:/home/runner/work/ratis/ratis/ratis-server/target/test-classes:/home/runner/work/ratis/ratis/ratis-metrics-default/target/classes:/home/runner/work/ratis/ratis/ratis-netty/target/classes:/home/runner/work/ratis/ratis/ratis-netty/target/test-classes:/home/runner/work/ratis/ratis/ratis-grpc/target/classes:/home/runner/work/ratis/ratis/ratis-grpc/target/test-classes:/home/runner/.m2/repository/org/slf4j/slf4j-api/1.7.29/slf4j-api-1.7.29.jar:/home/runner/.m2/repository/org/slf4j/slf4j-log4j12/1.7.29/slf4j-log4j12-1.7.29.jar:/home/runner/.m2/repository/log4j/log4j/1.2.17/log4j-1.2.17.jar:/home/runner/.m2/repository/junit/junit/4.13.2/junit-4.13.2.jar:/home/runner/.m2/repository/org/hamcrest/hamcrest-core/1.3/hamcrest-core-1.3.jar:/home/runner/.m2/repository/org/mockito/mockito-core/4.3.1/mockito-core-4.3.1.jar:/home/runner/.m2/repository/net/bytebuddy/byte-buddy/1.12.7/byte-buddy-1.12.7.jar:/home/runner/.m2/repository/net/bytebuddy/byte-buddy-agent/1.12.7/byte-buddy-agent-1.12.7.jar:/home/runner/.m2/repository/org/objenesis/objenesis/3.2/objenesis-3.2.jar:/home/runner/work/ratis/ratis/ratis-shell/target/classes:/home/runner/.m2/repository/commons-cli/commons-cli/1.5.0/commons-cli-1.5.0.jar:/home/runner/.m2/repository/org/slf4j/slf4j-simple/1.7.29/slf4j-simple-1.7.29.jar:/home/runner/.m2/repository/org/reflections/reflections/0.10.2/reflections-0.10.2.jar:/home/runner/.m2/repository/org/javassist/javassist/3.28.0-GA/javassist-3.28.0-GA.jar:/home/runner/.m2/repository/com/google/code/findbugs/jsr305/3.0.2/jsr305-3.0.2.jar:"/>
    <property name="sun.cpu.endian" value="little"/>
    <property name="user.home" value="/home/runner"/>
    <property name="user.language" value="en"/>
    <property name="java.specification.vendor" value="Oracle Corporation"/>
    <property name="java.version.date" value="2022-08-12"/>
    <property name="java.home" value="/usr/lib/jvm/temurin-11-jdk-amd64"/>
    <property name="file.separator" value="/"/>
    <property name="basedir" value="/home/runner/work/ratis/ratis/ratis-test"/>
    <property name="java.vm.compressedOopsMode" value="32-bit"/>
    <property name="line.separator" value="&#10;"/>
    <property name="java.specification.name" value="Java Platform API Specification"/>
    <property name="java.vm.specification.vendor" value="Oracle Corporation"/>
    <property name="java.awt.graphicsenv" value="sun.awt.X11GraphicsEnvironment"/>
    <property name="surefire.real.class.path" value="/home/runner/work/ratis/ratis/ratis-test/target/surefire/surefirebooter12319792796703357062.jar"/>
    <property name="sun.management.compiler" value="HotSpot 64-Bit Tiered Compilers"/>
    <property name="java.runtime.version" value="11.0.16.1+1"/>
    <property name="user.name" value="runner"/>
    <property name="java.net.preferIPv4Stack" value="true"/>
    <property name="path.separator" value=":"/>
    <property name="os.version" value="5.15.0-1020-azure"/>
    <property name="java.runtime.name" value="OpenJDK Runtime Environment"/>
    <property name="file.encoding" value="UTF-8"/>
    <property name="java.vm.name" value="OpenJDK 64-Bit Server VM"/>
    <property name="java.vendor.version" value="Temurin-11.0.16.1+1"/>
    <property name="localRepository" value="/home/runner/.m2/repository"/>
    <property name="java.vendor.url.bug" value="https://github.com/adoptium/adoptium-support/issues"/>
    <property name="java.io.tmpdir" value="/tmp"/>
    <property name="java.version" value="11.0.16.1"/>
    <property name="user.dir" value="/home/runner/work/ratis/ratis/ratis-test"/>
    <property name="os.arch" value="amd64"/>
    <property name="ratis.tmp.dir" value="/home/runner/work/ratis/ratis/ratis-test/target/tmp"/>
    <property name="java.vm.specification.name" value="Java Virtual Machine Specification"/>
    <property name="java.awt.printerjob" value="sun.print.PSPrinterJob"/>
    <property name="ratis.log.dir" value="/home/runner/work/ratis/ratis/ratis-test/target/log"/>
    <property name="sun.os.patch.level" value="unknown"/>
    <property name="java.library.path" value="/usr/java/packages/lib:/usr/lib64:/lib64:/lib:/usr/lib"/>
    <property name="java.vm.info" value="mixed mode"/>
    <property name="java.vendor" value="Eclipse Adoptium"/>
    <property name="java.vm.version" value="11.0.16.1+1"/>
    <property name="sun.io.unicode.encoding" value="UnicodeLittle"/>
    <property name="java.class.version" value="55.0"/>
  </properties>
  <testcase name="testRaftClientMetrics[0]" classname="org.apache.ratis.grpc.TestRaftServerWithGrpc" time="2.625">
    <failure type="java.lang.AssertionError">java.lang.AssertionError
	at org.junit.Assert.fail(Assert.java:87)
	at org.junit.Assert.assertTrue(Assert.java:42)
	at org.junit.Assert.assertTrue(Assert.java:53)
	at org.apache.ratis.grpc.TestRaftServerWithGrpc.testRaftClientRequestMetrics(TestRaftServerWithGrpc.java:312)
	at org.apache.ratis.server.impl.MiniRaftCluster$Factory$Get.runWithNewCluster(MiniRaftCluster.java:141)
	at org.apache.ratis.server.impl.MiniRaftCluster$Factory$Get.runWithNewCluster(MiniRaftCluster.java:121)
	at org.apache.ratis.grpc.TestRaftServerWithGrpc.testRaftClientMetrics(TestRaftServerWithGrpc.java:215)
	at java.base/jdk.internal.reflect.NativeMethodAccessorImpl.invoke0(Native Method)
	at java.base/jdk.internal.reflect.NativeMethodAccessorImpl.invoke(NativeMethodAccessorImpl.java:62)
	at java.base/jdk.internal.reflect.DelegatingMethodAccessorImpl.invoke(DelegatingMethodAccessorImpl.java:43)
	at java.base/java.lang.reflect.Method.invoke(Method.java:566)
	at org.junit.runners.model.FrameworkMethod$1.runReflectiveCall(FrameworkMethod.java:59)
	at org.junit.internal.runners.model.ReflectiveCallable.run(ReflectiveCallable.java:12)
	at org.junit.runners.model.FrameworkMethod.invokeExplosively(FrameworkMethod.java:56)
	at org.junit.internal.runners.statements.InvokeMethod.evaluate(InvokeMethod.java:17)
	at org.junit.internal.runners.statements.RunBefores.evaluate(RunBefores.java:26)
	at org.junit.internal.runners.statements.RunAfters.evaluate(RunAfters.java:27)
	at org.junit.internal.runners.statements.FailOnTimeout$CallableStatement.call(FailOnTimeout.java:299)
	at org.junit.internal.runners.statements.FailOnTimeout$CallableStatement.call(FailOnTimeout.java:293)
	at java.base/java.util.concurrent.FutureTask.run(FutureTask.java:264)
	at java.base/java.lang.Thread.run(Thread.java:829)
</failure>
    <system-out><![CDATA[2022-10-13 02:47:36,316 [main] INFO  util.LogUtils (Log4jUtils.java:setLogLevel(32)) - Set org.apache.ratis.conf.ConfUtils log level to WARN
2022-10-13 02:47:36,319 [main] INFO  util.LogUtils (Log4jUtils.java:setLogLevel(32)) - Set org.apache.ratis.util.FileUtils log level to TRACE
2022-10-13 02:47:36,323 [main] INFO  util.LogUtils (Log4jUtils.java:setLogLevel(32)) - Set org.apache.ratis.grpc.client.GrpcClientProtocolClient log level to ALL
2022-10-13 02:47:36,342 [Time-limited test] INFO  impl.MiniRaftCluster (MiniRaftCluster.java:runWithNewCluster(135)) - Running runWithNewCluster
2022-10-13 02:47:36,401 [Time-limited test] INFO  impl.MiniRaftCluster (MiniRaftCluster.java:<init>(306)) - new MiniRaftClusterWithGrpc with group-925896360766:[s0|rpc:localhost:37553|admin:localhost:43967|client:localhost:33491|dataStream:localhost:41591|priority:0|startupRole:FOLLOWER, s1|rpc:localhost:36761|admin:localhost:41837|client:localhost:41895|dataStream:localhost:37405|priority:0|startupRole:FOLLOWER, s2|rpc:localhost:37581|admin:localhost:45391|client:localhost:39119|dataStream:localhost:42363|priority:0|startupRole:FOLLOWER]
2022-10-13 02:47:36,402 [Time-limited test] INFO  impl.MiniRaftCluster (MiniRaftCluster.java:start(339)) - .............................................................. 
2022-10-13 02:47:36,403 [Time-limited test] INFO  impl.MiniRaftCluster (MiniRaftCluster.java:start(340)) - ... 
2022-10-13 02:47:36,403 [Time-limited test] INFO  impl.MiniRaftCluster (MiniRaftCluster.java:start(341)) - ...     Starting MiniRaftClusterWithGrpc
2022-10-13 02:47:36,404 [Time-limited test] INFO  impl.MiniRaftCluster (MiniRaftCluster.java:start(342)) - ... 
2022-10-13 02:47:36,404 [Time-limited test] INFO  impl.MiniRaftCluster (MiniRaftCluster.java:start(343)) - .............................................................. 
2022-10-13 02:47:36,405 [Time-limited test] INFO  impl.MiniRaftCluster (MiniRaftCluster.java:initServers(318)) - servers = {}
2022-10-13 02:47:36,411 [Time-limited test] INFO  impl.MiniRaftCluster (MiniRaftCluster.java:newRaftServer(382)) - newRaftServer: s0, group-925896360766:[s0|rpc:localhost:37553|admin:localhost:43967|client:localhost:33491|dataStream:localhost:41591|priority:0|startupRole:FOLLOWER, s1|rpc:localhost:36761|admin:localhost:41837|client:localhost:41895|dataStream:localhost:37405|priority:0|startupRole:FOLLOWER, s2|rpc:localhost:37581|admin:localhost:45391|client:localhost:39119|dataStream:localhost:42363|priority:0|startupRole:FOLLOWER], format? true
2022-10-13 02:47:36,413 [Time-limited test] TRACE util.FileUtils (FileUtils.java:deleteFully(168)) - deleteFully target/test/data/bc10d1de/MiniRaftClusterWithGrpc96c7fd62/s0
2022-10-13 02:47:36,414 [Time-limited test] TRACE util.FileUtils (FileUtils.java:deleteFully(184)) - deleteFully: target/test/data/bc10d1de/MiniRaftClusterWithGrpc96c7fd62/s0 does not exist.
2022-10-13 02:47:36,415 [Time-limited test] INFO  impl.MiniRaftCluster (MiniRaftCluster.java:newRaftServer(387)) - Formatted directory target/test/data/bc10d1de/MiniRaftClusterWithGrpc96c7fd62/s0
2022-10-13 02:47:36,462 [Time-limited test] INFO  server.RaftServer (ConfUtils.java:logGet(46)) - raft.rpc.type = GRPC (default)
2022-10-13 02:47:36,546 [Time-limited test] INFO  grpc.GrpcConfigKeys (ConfUtils.java:logFallback(53)) - raft.grpc.admin.host = null (fallback to raft.grpc.server.host)
2022-10-13 02:47:36,548 [Time-limited test] INFO  grpc.GrpcConfigKeys (ConfUtils.java:logGet(46)) - raft.grpc.admin.port = 43967 (custom)
2022-10-13 02:47:36,549 [Time-limited test] INFO  grpc.GrpcConfigKeys (ConfUtils.java:logFallback(53)) - raft.grpc.client.host = null (fallback to raft.grpc.server.host)
2022-10-13 02:47:36,550 [Time-limited test] INFO  grpc.GrpcConfigKeys (ConfUtils.java:logGet(46)) - raft.grpc.client.port = 33491 (custom)
2022-10-13 02:47:36,550 [Time-limited test] INFO  grpc.GrpcConfigKeys (ConfUtils.java:logGet(46)) - raft.grpc.server.host = null (default)
2022-10-13 02:47:36,552 [Time-limited test] INFO  grpc.GrpcConfigKeys (ConfUtils.java:logGet(46)) - raft.grpc.server.port = 37553 (custom)
2022-10-13 02:47:36,556 [Time-limited test] INFO  server.GrpcService (ConfUtils.java:logGet(46)) - raft.grpc.message.size.max = 64MB (=67108864) (default)
2022-10-13 02:47:36,559 [Time-limited test] INFO  server.RaftServerConfigKeys (ConfUtils.java:logGet(46)) - raft.server.log.appender.buffer.byte-limit = 4MB (=4194304) (default)
2022-10-13 02:47:36,560 [Time-limited test] INFO  server.GrpcService (ConfUtils.java:logGet(46)) - raft.grpc.flow.control.window = 1MB (=1048576) (default)
2022-10-13 02:47:36,561 [Time-limited test] INFO  server.RaftServerConfigKeys (ConfUtils.java:logGet(46)) - raft.server.rpc.request.timeout = 3000ms (default)
2022-10-13 02:47:36,582 [Time-limited test] INFO  grpc.GrpcConfigKeys (ConfUtils.java:logGet(46)) - raft.grpc.server.heartbeat.channel = false (custom)
2022-10-13 02:47:36,591 [Time-limited test] INFO  grpc.GrpcConfigKeys (ConfUtils.java:logGet(46)) - raft.grpc.server.async.request.thread.pool.cached = true (default)
2022-10-13 02:47:36,592 [Time-limited test] INFO  grpc.GrpcConfigKeys (ConfUtils.java:logGet(46)) - raft.grpc.server.async.request.thread.pool.size = 32 (default)
2022-10-13 02:47:36,794 [Time-limited test] INFO  impl.DataStreamServerImpl (ConfUtils.java:logGet(46)) - raft.datastream.type = DISABLED (default)
2022-10-13 02:47:36,796 [Time-limited test] INFO  server.RaftServerConfigKeys (ConfUtils.java:logGet(46)) - raft.server.threadpool.proxy.cached = true (default)
2022-10-13 02:47:36,796 [Time-limited test] INFO  server.RaftServerConfigKeys (ConfUtils.java:logGet(46)) - raft.server.threadpool.proxy.size = 0 (default)
2022-10-13 02:47:36,796 [Time-limited test] INFO  server.RaftServerConfigKeys (ConfUtils.java:logGet(46)) - raft.server.rpc.slowness.timeout = 60s (default)
2022-10-13 02:47:36,797 [Time-limited test] INFO  server.RaftServerConfigKeys (ConfUtils.java:logGet(46)) - raft.server.leaderelection.leader.step-down.wait-time = 10s (default)
2022-10-13 02:47:36,801 [Time-limited test] INFO  server.RaftServerConfigKeys (ConfUtils.java:logGet(46)) - raft.server.storage.dir = [/home/runner/work/ratis/ratis/ratis-test/target/test/data/bc10d1de/MiniRaftClusterWithGrpc96c7fd62/s0] (custom)
2022-10-13 02:47:36,817 [Time-limited test] INFO  server.RaftServer (RaftServerProxy.java:addNew(99)) - s0: addNew group-925896360766:[s0|rpc:localhost:37553|admin:localhost:43967|client:localhost:33491|dataStream:localhost:41591|priority:0|startupRole:FOLLOWER, s1|rpc:localhost:36761|admin:localhost:41837|client:localhost:41895|dataStream:localhost:37405|priority:0|startupRole:FOLLOWER, s2|rpc:localhost:37581|admin:localhost:45391|client:localhost:39119|dataStream:localhost:42363|priority:0|startupRole:FOLLOWER] returns group-925896360766:java.util.concurrent.CompletableFuture@593d5f48[Not completed]
2022-10-13 02:47:36,817 [Time-limited test] INFO  impl.MiniRaftCluster (MiniRaftCluster.java:newRaftServer(382)) - newRaftServer: s1, group-925896360766:[s0|rpc:localhost:37553|admin:localhost:43967|client:localhost:33491|dataStream:localhost:41591|priority:0|startupRole:FOLLOWER, s1|rpc:localhost:36761|admin:localhost:41837|client:localhost:41895|dataStream:localhost:37405|priority:0|startupRole:FOLLOWER, s2|rpc:localhost:37581|admin:localhost:45391|client:localhost:39119|dataStream:localhost:42363|priority:0|startupRole:FOLLOWER], format? true
2022-10-13 02:47:36,817 [Time-limited test] TRACE util.FileUtils (FileUtils.java:deleteFully(168)) - deleteFully target/test/data/bc10d1de/MiniRaftClusterWithGrpc96c7fd62/s1
2022-10-13 02:47:36,818 [Time-limited test] TRACE util.FileUtils (FileUtils.java:deleteFully(184)) - deleteFully: target/test/data/bc10d1de/MiniRaftClusterWithGrpc96c7fd62/s1 does not exist.
2022-10-13 02:47:36,818 [Time-limited test] INFO  impl.MiniRaftCluster (MiniRaftCluster.java:newRaftServer(387)) - Formatted directory target/test/data/bc10d1de/MiniRaftClusterWithGrpc96c7fd62/s1
2022-10-13 02:47:36,818 [Time-limited test] INFO  server.RaftServer (ConfUtils.java:logGet(46)) - raft.rpc.type = GRPC (default)
2022-10-13 02:47:36,819 [Time-limited test] INFO  grpc.GrpcConfigKeys (ConfUtils.java:logFallback(53)) - raft.grpc.admin.host = null (fallback to raft.grpc.server.host)
2022-10-13 02:47:36,819 [Time-limited test] INFO  grpc.GrpcConfigKeys (ConfUtils.java:logGet(46)) - raft.grpc.admin.port = 41837 (custom)
2022-10-13 02:47:36,819 [Time-limited test] INFO  grpc.GrpcConfigKeys (ConfUtils.java:logFallback(53)) - raft.grpc.client.host = null (fallback to raft.grpc.server.host)
2022-10-13 02:47:36,819 [Time-limited test] INFO  grpc.GrpcConfigKeys (ConfUtils.java:logGet(46)) - raft.grpc.client.port = 41895 (custom)
2022-10-13 02:47:36,819 [Time-limited test] INFO  grpc.GrpcConfigKeys (ConfUtils.java:logGet(46)) - raft.grpc.server.host = null (default)
2022-10-13 02:47:36,819 [Time-limited test] INFO  grpc.GrpcConfigKeys (ConfUtils.java:logGet(46)) - raft.grpc.server.port = 36761 (custom)
2022-10-13 02:47:36,820 [Time-limited test] INFO  server.GrpcService (ConfUtils.java:logGet(46)) - raft.grpc.message.size.max = 64MB (=67108864) (default)
2022-10-13 02:47:36,820 [Time-limited test] INFO  server.RaftServerConfigKeys (ConfUtils.java:logGet(46)) - raft.server.log.appender.buffer.byte-limit = 4MB (=4194304) (default)
2022-10-13 02:47:36,820 [Time-limited test] INFO  server.GrpcService (ConfUtils.java:logGet(46)) - raft.grpc.flow.control.window = 1MB (=1048576) (default)
2022-10-13 02:47:36,820 [Time-limited test] INFO  server.RaftServerConfigKeys (ConfUtils.java:logGet(46)) - raft.server.rpc.request.timeout = 3000ms (default)
2022-10-13 02:47:36,820 [Time-limited test] INFO  grpc.GrpcConfigKeys (ConfUtils.java:logGet(46)) - raft.grpc.server.heartbeat.channel = false (custom)
2022-10-13 02:47:36,821 [Time-limited test] INFO  grpc.GrpcConfigKeys (ConfUtils.java:logGet(46)) - raft.grpc.server.async.request.thread.pool.cached = true (default)
2022-10-13 02:47:36,821 [Time-limited test] INFO  grpc.GrpcConfigKeys (ConfUtils.java:logGet(46)) - raft.grpc.server.async.request.thread.pool.size = 32 (default)
2022-10-13 02:47:36,823 [Time-limited test] INFO  impl.DataStreamServerImpl (ConfUtils.java:logGet(46)) - raft.datastream.type = DISABLED (default)
2022-10-13 02:47:36,823 [Time-limited test] INFO  server.RaftServerConfigKeys (ConfUtils.java:logGet(46)) - raft.server.threadpool.proxy.cached = true (default)
2022-10-13 02:47:36,823 [Time-limited test] INFO  server.RaftServerConfigKeys (ConfUtils.java:logGet(46)) - raft.server.threadpool.proxy.size = 0 (default)
2022-10-13 02:47:36,823 [Time-limited test] INFO  server.RaftServerConfigKeys (ConfUtils.java:logGet(46)) - raft.server.rpc.slowness.timeout = 60s (default)
2022-10-13 02:47:36,823 [Time-limited test] INFO  server.RaftServerConfigKeys (ConfUtils.java:logGet(46)) - raft.server.leaderelection.leader.step-down.wait-time = 10s (default)
2022-10-13 02:47:36,824 [Time-limited test] INFO  server.RaftServerConfigKeys (ConfUtils.java:logGet(46)) - raft.server.storage.dir = [/home/runner/work/ratis/ratis/ratis-test/target/test/data/bc10d1de/MiniRaftClusterWithGrpc96c7fd62/s1] (custom)
2022-10-13 02:47:36,824 [Time-limited test] INFO  server.RaftServer (RaftServerProxy.java:addNew(99)) - s1: addNew group-925896360766:[s0|rpc:localhost:37553|admin:localhost:43967|client:localhost:33491|dataStream:localhost:41591|priority:0|startupRole:FOLLOWER, s1|rpc:localhost:36761|admin:localhost:41837|client:localhost:41895|dataStream:localhost:37405|priority:0|startupRole:FOLLOWER, s2|rpc:localhost:37581|admin:localhost:45391|client:localhost:39119|dataStream:localhost:42363|priority:0|startupRole:FOLLOWER] returns group-925896360766:java.util.concurrent.CompletableFuture@48790788[Not completed]
2022-10-13 02:47:36,825 [Time-limited test] INFO  impl.MiniRaftCluster (MiniRaftCluster.java:newRaftServer(382)) - newRaftServer: s2, group-925896360766:[s0|rpc:localhost:37553|admin:localhost:43967|client:localhost:33491|dataStream:localhost:41591|priority:0|startupRole:FOLLOWER, s1|rpc:localhost:36761|admin:localhost:41837|client:localhost:41895|dataStream:localhost:37405|priority:0|startupRole:FOLLOWER, s2|rpc:localhost:37581|admin:localhost:45391|client:localhost:39119|dataStream:localhost:42363|priority:0|startupRole:FOLLOWER], format? true
2022-10-13 02:47:36,825 [Time-limited test] TRACE util.FileUtils (FileUtils.java:deleteFully(168)) - deleteFully target/test/data/bc10d1de/MiniRaftClusterWithGrpc96c7fd62/s2
2022-10-13 02:47:36,825 [Time-limited test] TRACE util.FileUtils (FileUtils.java:deleteFully(184)) - deleteFully: target/test/data/bc10d1de/MiniRaftClusterWithGrpc96c7fd62/s2 does not exist.
2022-10-13 02:47:36,825 [Time-limited test] INFO  impl.MiniRaftCluster (MiniRaftCluster.java:newRaftServer(387)) - Formatted directory target/test/data/bc10d1de/MiniRaftClusterWithGrpc96c7fd62/s2
2022-10-13 02:47:36,825 [Time-limited test] INFO  server.RaftServer (ConfUtils.java:logGet(46)) - raft.rpc.type = GRPC (default)
2022-10-13 02:47:36,826 [Time-limited test] INFO  grpc.GrpcConfigKeys (ConfUtils.java:logFallback(53)) - raft.grpc.admin.host = null (fallback to raft.grpc.server.host)
2022-10-13 02:47:36,826 [Time-limited test] INFO  grpc.GrpcConfigKeys (ConfUtils.java:logGet(46)) - raft.grpc.admin.port = 45391 (custom)
2022-10-13 02:47:36,826 [Time-limited test] INFO  grpc.GrpcConfigKeys (ConfUtils.java:logFallback(53)) - raft.grpc.client.host = null (fallback to raft.grpc.server.host)
2022-10-13 02:47:36,826 [Time-limited test] INFO  grpc.GrpcConfigKeys (ConfUtils.java:logGet(46)) - raft.grpc.client.port = 39119 (custom)
2022-10-13 02:47:36,826 [Time-limited test] INFO  grpc.GrpcConfigKeys (ConfUtils.java:logGet(46)) - raft.grpc.server.host = null (default)
2022-10-13 02:47:36,827 [Time-limited test] INFO  grpc.GrpcConfigKeys (ConfUtils.java:logGet(46)) - raft.grpc.server.port = 37581 (custom)
2022-10-13 02:47:36,827 [Time-limited test] INFO  server.GrpcService (ConfUtils.java:logGet(46)) - raft.grpc.message.size.max = 64MB (=67108864) (default)
2022-10-13 02:47:36,827 [Time-limited test] INFO  server.RaftServerConfigKeys (ConfUtils.java:logGet(46)) - raft.server.log.appender.buffer.byte-limit = 4MB (=4194304) (default)
2022-10-13 02:47:36,827 [Time-limited test] INFO  server.GrpcService (ConfUtils.java:logGet(46)) - raft.grpc.flow.control.window = 1MB (=1048576) (default)
2022-10-13 02:47:36,827 [Time-limited test] INFO  server.RaftServerConfigKeys (ConfUtils.java:logGet(46)) - raft.server.rpc.request.timeout = 3000ms (default)
2022-10-13 02:47:36,827 [Time-limited test] INFO  grpc.GrpcConfigKeys (ConfUtils.java:logGet(46)) - raft.grpc.server.heartbeat.channel = false (custom)
2022-10-13 02:47:36,828 [Time-limited test] INFO  grpc.GrpcConfigKeys (ConfUtils.java:logGet(46)) - raft.grpc.server.async.request.thread.pool.cached = true (default)
2022-10-13 02:47:36,828 [Time-limited test] INFO  grpc.GrpcConfigKeys (ConfUtils.java:logGet(46)) - raft.grpc.server.async.request.thread.pool.size = 32 (default)
2022-10-13 02:47:36,829 [Time-limited test] INFO  impl.DataStreamServerImpl (ConfUtils.java:logGet(46)) - raft.datastream.type = DISABLED (default)
2022-10-13 02:47:36,829 [Time-limited test] INFO  server.RaftServerConfigKeys (ConfUtils.java:logGet(46)) - raft.server.threadpool.proxy.cached = true (default)
2022-10-13 02:47:36,829 [Time-limited test] INFO  server.RaftServerConfigKeys (ConfUtils.java:logGet(46)) - raft.server.threadpool.proxy.size = 0 (default)
2022-10-13 02:47:36,830 [Time-limited test] INFO  server.RaftServerConfigKeys (ConfUtils.java:logGet(46)) - raft.server.rpc.slowness.timeout = 60s (default)
2022-10-13 02:47:36,830 [Time-limited test] INFO  server.RaftServerConfigKeys (ConfUtils.java:logGet(46)) - raft.server.leaderelection.leader.step-down.wait-time = 10s (default)
2022-10-13 02:47:36,830 [Time-limited test] INFO  server.RaftServerConfigKeys (ConfUtils.java:logGet(46)) - raft.server.storage.dir = [/home/runner/work/ratis/ratis/ratis-test/target/test/data/bc10d1de/MiniRaftClusterWithGrpc96c7fd62/s2] (custom)
2022-10-13 02:47:36,831 [Time-limited test] INFO  server.RaftServer (RaftServerProxy.java:addNew(99)) - s2: addNew group-925896360766:[s0|rpc:localhost:37553|admin:localhost:43967|client:localhost:33491|dataStream:localhost:41591|priority:0|startupRole:FOLLOWER, s1|rpc:localhost:36761|admin:localhost:41837|client:localhost:41895|dataStream:localhost:37405|priority:0|startupRole:FOLLOWER, s2|rpc:localhost:37581|admin:localhost:45391|client:localhost:39119|dataStream:localhost:42363|priority:0|startupRole:FOLLOWER] returns group-925896360766:java.util.concurrent.CompletableFuture@4421394[Not completed]
2022-10-13 02:47:36,845 [pool-2-thread-1] INFO  server.RaftServerConfigKeys (ConfUtils.java:logGet(46)) - raft.server.log.segment.size.max = 8MB (=8388608) (default)
2022-10-13 02:47:36,846 [pool-1-thread-1] INFO  server.RaftServerConfigKeys (ConfUtils.java:logGet(46)) - raft.server.log.segment.size.max = 8MB (=8388608) (default)
2022-10-13 02:47:36,846 [pool-3-thread-1] INFO  server.RaftServerConfigKeys (ConfUtils.java:logGet(46)) - raft.server.log.segment.size.max = 8MB (=8388608) (default)
2022-10-13 02:47:36,847 [pool-1-thread-1] INFO  server.RaftServerConfigKeys (ConfUtils.java:logGet(46)) - raft.server.log.preallocated.size = 4MB (=4194304) (default)
2022-10-13 02:47:36,846 [pool-2-thread-1] INFO  server.RaftServerConfigKeys (ConfUtils.java:logGet(46)) - raft.server.log.preallocated.size = 4MB (=4194304) (default)
2022-10-13 02:47:36,847 [pool-3-thread-1] INFO  server.RaftServerConfigKeys (ConfUtils.java:logGet(46)) - raft.server.log.preallocated.size = 4MB (=4194304) (default)
2022-10-13 02:47:36,847 [pool-3-thread-1] INFO  server.RaftServerConfigKeys (ConfUtils.java:logGet(46)) - raft.server.log.write.buffer.size = 64KB (=65536) (default)
2022-10-13 02:47:36,847 [pool-1-thread-1] INFO  server.RaftServerConfigKeys (ConfUtils.java:logGet(46)) - raft.server.log.write.buffer.size = 64KB (=65536) (default)
2022-10-13 02:47:36,848 [pool-2-thread-1] INFO  server.RaftServerConfigKeys (ConfUtils.java:logGet(46)) - raft.server.log.write.buffer.size = 64KB (=65536) (default)
2022-10-13 02:47:36,850 [pool-3-thread-1] INFO  server.RaftServer$Division (RaftServerImpl.java:<init>(198)) - s2: new RaftServerImpl for group-925896360766:[s0|rpc:localhost:37553|admin:localhost:43967|client:localhost:33491|dataStream:localhost:41591|priority:0|startupRole:FOLLOWER, s1|rpc:localhost:36761|admin:localhost:41837|client:localhost:41895|dataStream:localhost:37405|priority:0|startupRole:FOLLOWER, s2|rpc:localhost:37581|admin:localhost:45391|client:localhost:39119|dataStream:localhost:42363|priority:0|startupRole:FOLLOWER] with SimpleStateMachine4Testing:uninitialized
2022-10-13 02:47:36,852 [pool-1-thread-1] INFO  server.RaftServer$Division (RaftServerImpl.java:<init>(198)) - s0: new RaftServerImpl for group-925896360766:[s0|rpc:localhost:37553|admin:localhost:43967|client:localhost:33491|dataStream:localhost:41591|priority:0|startupRole:FOLLOWER, s1|rpc:localhost:36761|admin:localhost:41837|client:localhost:41895|dataStream:localhost:37405|priority:0|startupRole:FOLLOWER, s2|rpc:localhost:37581|admin:localhost:45391|client:localhost:39119|dataStream:localhost:42363|priority:0|startupRole:FOLLOWER] with SimpleStateMachine4Testing:uninitialized
2022-10-13 02:47:36,853 [pool-1-thread-1] INFO  server.RaftServerConfigKeys (ConfUtils.java:logGet(46)) - raft.server.rpc.timeout.min = 150ms (default)
2022-10-13 02:47:36,853 [pool-1-thread-1] INFO  server.RaftServerConfigKeys (ConfUtils.java:logGet(46)) - raft.server.rpc.timeout.max = 300ms (default)
2022-10-13 02:47:36,854 [pool-1-thread-1] INFO  server.RaftServerConfigKeys (ConfUtils.java:logGet(46)) - raft.server.rpc.sleep.time = 25ms (default)
2022-10-13 02:47:36,853 [pool-3-thread-1] INFO  server.RaftServerConfigKeys (ConfUtils.java:logGet(46)) - raft.server.rpc.timeout.min = 150ms (default)
2022-10-13 02:47:36,852 [pool-2-thread-1] INFO  server.RaftServer$Division (RaftServerImpl.java:<init>(198)) - s1: new RaftServerImpl for group-925896360766:[s0|rpc:localhost:37553|admin:localhost:43967|client:localhost:33491|dataStream:localhost:41591|priority:0|startupRole:FOLLOWER, s1|rpc:localhost:36761|admin:localhost:41837|client:localhost:41895|dataStream:localhost:37405|priority:0|startupRole:FOLLOWER, s2|rpc:localhost:37581|admin:localhost:45391|client:localhost:39119|dataStream:localhost:42363|priority:0|startupRole:FOLLOWER] with SimpleStateMachine4Testing:uninitialized
2022-10-13 02:47:36,855 [pool-2-thread-1] INFO  server.RaftServerConfigKeys (ConfUtils.java:logGet(46)) - raft.server.rpc.timeout.min = 150ms (default)
2022-10-13 02:47:36,855 [pool-2-thread-1] INFO  server.RaftServerConfigKeys (ConfUtils.java:logGet(46)) - raft.server.rpc.timeout.max = 300ms (default)
2022-10-13 02:47:36,855 [pool-2-thread-1] INFO  server.RaftServerConfigKeys (ConfUtils.java:logGet(46)) - raft.server.rpc.sleep.time = 25ms (default)
2022-10-13 02:47:36,856 [pool-2-thread-1] INFO  server.RaftServerConfigKeys (ConfUtils.java:logGet(46)) - raft.server.rpc.slowness.timeout = 60s (default)
2022-10-13 02:47:36,856 [pool-2-thread-1] INFO  server.RaftServerConfigKeys (ConfUtils.java:logGet(46)) - raft.server.leaderelection.leader.step-down.wait-time = 10s (default)
2022-10-13 02:47:36,856 [pool-2-thread-1] INFO  server.RaftServerConfigKeys (ConfUtils.java:logGet(46)) - raft.server.sleep.deviation.threshold = 300ms (default)
2022-10-13 02:47:36,856 [pool-3-thread-1] INFO  server.RaftServerConfigKeys (ConfUtils.java:logGet(46)) - raft.server.rpc.timeout.max = 300ms (default)
2022-10-13 02:47:36,875 [pool-3-thread-1] INFO  server.RaftServerConfigKeys (ConfUtils.java:logGet(46)) - raft.server.rpc.sleep.time = 25ms (default)
2022-10-13 02:47:36,875 [pool-3-thread-1] INFO  server.RaftServerConfigKeys (ConfUtils.java:logGet(46)) - raft.server.rpc.slowness.timeout = 60s (default)
2022-10-13 02:47:36,875 [pool-3-thread-1] INFO  server.RaftServerConfigKeys (ConfUtils.java:logGet(46)) - raft.server.leaderelection.leader.step-down.wait-time = 10s (default)
2022-10-13 02:47:36,875 [pool-3-thread-1] INFO  server.RaftServerConfigKeys (ConfUtils.java:logGet(46)) - raft.server.sleep.deviation.threshold = 300ms (default)
2022-10-13 02:47:36,876 [pool-3-thread-1] INFO  server.RaftServer$Division (ServerState.java:<init>(113)) - s2@group-925896360766: ConfigurationManager, init=-1: peers:[s0|rpc:localhost:37553|admin:localhost:43967|client:localhost:33491|dataStream:localhost:41591|priority:0|startupRole:FOLLOWER, s1|rpc:localhost:36761|admin:localhost:41837|client:localhost:41895|dataStream:localhost:37405|priority:0|startupRole:FOLLOWER, s2|rpc:localhost:37581|admin:localhost:45391|client:localhost:39119|dataStream:localhost:42363|priority:0|startupRole:FOLLOWER]|listeners:[], old=null, confs=<EMPTY_MAP>
2022-10-13 02:47:36,869 [pool-2-thread-1] INFO  server.RaftServer$Division (ServerState.java:<init>(113)) - s1@group-925896360766: ConfigurationManager, init=-1: peers:[s0|rpc:localhost:37553|admin:localhost:43967|client:localhost:33491|dataStream:localhost:41591|priority:0|startupRole:FOLLOWER, s1|rpc:localhost:36761|admin:localhost:41837|client:localhost:41895|dataStream:localhost:37405|priority:0|startupRole:FOLLOWER, s2|rpc:localhost:37581|admin:localhost:45391|client:localhost:39119|dataStream:localhost:42363|priority:0|startupRole:FOLLOWER]|listeners:[], old=null, confs=<EMPTY_MAP>
2022-10-13 02:47:36,875 [pool-1-thread-1] INFO  server.RaftServerConfigKeys (ConfUtils.java:logGet(46)) - raft.server.rpc.slowness.timeout = 60s (default)
2022-10-13 02:47:36,884 [pool-1-thread-1] INFO  server.RaftServerConfigKeys (ConfUtils.java:logGet(46)) - raft.server.leaderelection.leader.step-down.wait-time = 10s (default)
2022-10-13 02:47:36,884 [pool-1-thread-1] INFO  server.RaftServerConfigKeys (ConfUtils.java:logGet(46)) - raft.server.sleep.deviation.threshold = 300ms (default)
2022-10-13 02:47:36,884 [pool-1-thread-1] INFO  server.RaftServer$Division (ServerState.java:<init>(113)) - s0@group-925896360766: ConfigurationManager, init=-1: peers:[s0|rpc:localhost:37553|admin:localhost:43967|client:localhost:33491|dataStream:localhost:41591|priority:0|startupRole:FOLLOWER, s1|rpc:localhost:36761|admin:localhost:41837|client:localhost:41895|dataStream:localhost:37405|priority:0|startupRole:FOLLOWER, s2|rpc:localhost:37581|admin:localhost:45391|client:localhost:39119|dataStream:localhost:42363|priority:0|startupRole:FOLLOWER]|listeners:[], old=null, confs=<EMPTY_MAP>
2022-10-13 02:47:36,884 [pool-1-thread-1] INFO  server.RaftServerConfigKeys (ConfUtils.java:logGet(46)) - raft.server.notification.no-leader.timeout = 60s (default)
2022-10-13 02:47:36,883 [pool-2-thread-1] INFO  server.RaftServerConfigKeys (ConfUtils.java:logGet(46)) - raft.server.notification.no-leader.timeout = 60s (default)
2022-10-13 02:47:36,883 [pool-3-thread-1] INFO  server.RaftServerConfigKeys (ConfUtils.java:logGet(46)) - raft.server.notification.no-leader.timeout = 60s (default)
2022-10-13 02:47:36,889 [pool-2-thread-1] INFO  server.RaftServerConfigKeys (ConfUtils.java:logGet(46)) - raft.server.read.timeout = 10s (default)
2022-10-13 02:47:36,889 [pool-3-thread-1] INFO  server.RaftServerConfigKeys (ConfUtils.java:logGet(46)) - raft.server.read.timeout = 10s (default)
2022-10-13 02:47:36,890 [pool-1-thread-1] INFO  server.RaftServerConfigKeys (ConfUtils.java:logGet(46)) - raft.server.read.timeout = 10s (default)
2022-10-13 02:47:36,894 [pool-1-thread-1] INFO  server.RaftServerConfigKeys (ConfUtils.java:logGet(46)) - raft.server.retrycache.expirytime = 60s (default)
2022-10-13 02:47:36,894 [pool-1-thread-1] INFO  server.RaftServerConfigKeys (ConfUtils.java:logGet(46)) - raft.server.retrycache.statistics.expirytime = 100μs (default)
2022-10-13 02:47:36,892 [pool-2-thread-1] INFO  server.RaftServerConfigKeys (ConfUtils.java:logGet(46)) - raft.server.retrycache.expirytime = 60s (default)
2022-10-13 02:47:36,899 [pool-2-thread-1] INFO  server.RaftServerConfigKeys (ConfUtils.java:logGet(46)) - raft.server.retrycache.statistics.expirytime = 100μs (default)
2022-10-13 02:47:36,892 [pool-3-thread-1] INFO  server.RaftServerConfigKeys (ConfUtils.java:logGet(46)) - raft.server.retrycache.expirytime = 60s (default)
2022-10-13 02:47:36,899 [pool-3-thread-1] INFO  server.RaftServerConfigKeys (ConfUtils.java:logGet(46)) - raft.server.retrycache.statistics.expirytime = 100μs (default)
2022-10-13 02:47:36,913 [pool-3-thread-1] INFO  server.RaftServerConfigKeys (ConfUtils.java:logGet(46)) - raft.server.read.option = DEFAULT (default)
2022-10-13 02:47:36,914 [pool-1-thread-1] INFO  server.RaftServerConfigKeys (ConfUtils.java:logGet(46)) - raft.server.read.option = DEFAULT (default)
2022-10-13 02:47:36,919 [pool-2-thread-1] INFO  server.RaftServerConfigKeys (ConfUtils.java:logGet(46)) - raft.server.read.option = DEFAULT (default)
2022-10-13 02:47:36,927 [pool-1-thread-1] INFO  metrics.MetricRegistries (MetricRegistriesLoader.java:load(64)) - Loaded MetricRegistries class org.apache.ratis.metrics.impl.MetricRegistriesImpl
2022-10-13 02:47:37,087 [pool-3-thread-1] INFO  server.RaftServerConfigKeys (ConfUtils.java:logGet(46)) - raft.server.log.appender.install.snapshot.enabled = true (default)
2022-10-13 02:47:37,088 [pool-3-thread-1] INFO  server.RaftServerConfigKeys (ConfUtils.java:logGet(46)) - raft.server.threadpool.server.cached = true (default)
2022-10-13 02:47:37,088 [pool-3-thread-1] INFO  server.RaftServerConfigKeys (ConfUtils.java:logGet(46)) - raft.server.threadpool.server.size = 0 (default)
2022-10-13 02:47:37,089 [pool-3-thread-1] INFO  server.RaftServerConfigKeys (ConfUtils.java:logGet(46)) - raft.server.threadpool.client.cached = true (default)
2022-10-13 02:47:37,089 [pool-3-thread-1] INFO  server.RaftServerConfigKeys (ConfUtils.java:logGet(46)) - raft.server.threadpool.client.size = 0 (default)
2022-10-13 02:47:37,091 [pool-1-thread-1] INFO  server.RaftServerConfigKeys (ConfUtils.java:logGet(46)) - raft.server.log.appender.install.snapshot.enabled = true (default)
2022-10-13 02:47:37,091 [pool-1-thread-1] INFO  server.RaftServerConfigKeys (ConfUtils.java:logGet(46)) - raft.server.threadpool.server.cached = true (default)
2022-10-13 02:47:37,091 [pool-1-thread-1] INFO  server.RaftServerConfigKeys (ConfUtils.java:logGet(46)) - raft.server.threadpool.server.size = 0 (default)
2022-10-13 02:47:37,092 [pool-1-thread-1] INFO  server.RaftServerConfigKeys (ConfUtils.java:logGet(46)) - raft.server.threadpool.client.cached = true (default)
2022-10-13 02:47:37,092 [pool-1-thread-1] INFO  server.RaftServerConfigKeys (ConfUtils.java:logGet(46)) - raft.server.threadpool.client.size = 0 (default)
2022-10-13 02:47:37,093 [s0-impl-thread1] INFO  server.RaftServerConfigKeys (ConfUtils.java:logGet(46)) - raft.server.storage.free-space.min = 0MB (=0) (default)
2022-10-13 02:47:37,093 [s0-impl-thread1] INFO  server.RaftServerConfigKeys (ConfUtils.java:logGet(46)) - raft.server.log.corruption.policy = EXCEPTION (default)
2022-10-13 02:47:37,094 [s0-impl-thread1] INFO  server.RaftServerConfigKeys (ConfUtils.java:logGet(46)) - raft.server.storage.dir = [/home/runner/work/ratis/ratis/ratis-test/target/test/data/bc10d1de/MiniRaftClusterWithGrpc96c7fd62/s0] (custom)
2022-10-13 02:47:37,099 [pool-2-thread-1] INFO  server.RaftServerConfigKeys (ConfUtils.java:logGet(46)) - raft.server.log.appender.install.snapshot.enabled = true (default)
2022-10-13 02:47:37,100 [pool-2-thread-1] INFO  server.RaftServerConfigKeys (ConfUtils.java:logGet(46)) - raft.server.threadpool.server.cached = true (default)
2022-10-13 02:47:37,100 [pool-2-thread-1] INFO  server.RaftServerConfigKeys (ConfUtils.java:logGet(46)) - raft.server.threadpool.server.size = 0 (default)
2022-10-13 02:47:37,100 [pool-2-thread-1] INFO  server.RaftServerConfigKeys (ConfUtils.java:logGet(46)) - raft.server.threadpool.client.cached = true (default)
2022-10-13 02:47:37,100 [pool-2-thread-1] INFO  server.RaftServerConfigKeys (ConfUtils.java:logGet(46)) - raft.server.threadpool.client.size = 0 (default)
2022-10-13 02:47:37,102 [s0-impl-thread1] INFO  storage.RaftStorageDirectory (RaftStorageDirectoryImpl.java:analyzeStorage(138)) - The storage directory /home/runner/work/ratis/ratis/ratis-test/target/test/data/bc10d1de/MiniRaftClusterWithGrpc96c7fd62/s0/6b6a3f22-06ba-459a-846d-925896360766 does not exist. Creating ...
2022-10-13 02:47:37,104 [s0-impl-thread1] TRACE util.FileUtils (LogUtils.java:runAndLog(49)) - Successfully ran Files.createDirectories /home/runner/work/ratis/ratis/ratis-test/target/test/data/bc10d1de/MiniRaftClusterWithGrpc96c7fd62/s0/6b6a3f22-06ba-459a-846d-925896360766
2022-10-13 02:47:37,109 [s0-impl-thread1] INFO  storage.RaftStorageDirectory (RaftStorageDirectoryImpl.java:tryLock(232)) - Lock on /home/runner/work/ratis/ratis/ratis-test/target/test/data/bc10d1de/MiniRaftClusterWithGrpc96c7fd62/s0/6b6a3f22-06ba-459a-846d-925896360766/in_use.lock acquired by nodename 60246@fv-az318-428
2022-10-13 02:47:37,109 [s0-impl-thread1] TRACE util.FileUtils (LogUtils.java:runAndLog(49)) - Successfully ran Files.createDirectories /home/runner/work/ratis/ratis/ratis-test/target/test/data/bc10d1de/MiniRaftClusterWithGrpc96c7fd62/s0/6b6a3f22-06ba-459a-846d-925896360766/current
2022-10-13 02:47:37,109 [s0-impl-thread1] TRACE util.FileUtils (LogUtils.java:runAndLog(49)) - Successfully ran Files.createDirectories /home/runner/work/ratis/ratis/ratis-test/target/test/data/bc10d1de/MiniRaftClusterWithGrpc96c7fd62/s0/6b6a3f22-06ba-459a-846d-925896360766/sm
2022-10-13 02:47:37,124 [s0-impl-thread1] INFO  storage.RaftStorage (RaftStorageImpl.java:format(96)) - Storage directory /home/runner/work/ratis/ratis/ratis-test/target/test/data/bc10d1de/MiniRaftClusterWithGrpc96c7fd62/s0/6b6a3f22-06ba-459a-846d-925896360766 has been successfully formatted.
2022-10-13 02:47:37,125 [s0-impl-thread1] INFO  statemachine.SimpleStateMachine4Testing (SimpleStateMachine4Testing.java:initialize(212)) - Initializing SimpleStateMachine4Testing:uninitialized
2022-10-13 02:47:37,127 [s0-impl-thread1] INFO  statemachine.SimpleStateMachine4Testing (SimpleStateMachine4Testing.java:loadSnapshot(306)) - The snapshot file null does not exist
2022-10-13 02:47:37,129 [s0-impl-thread1] INFO  server.RaftServerConfigKeys (ConfUtils.java:logGet(46)) - raft.server.log.use.memory = false (default)
2022-10-13 02:47:37,137 [s0-impl-thread1] INFO  server.RaftServerConfigKeys (ConfUtils.java:logGet(46)) - raft.server.log.purge.gap = 1024 (default)
2022-10-13 02:47:37,137 [s0-impl-thread1] INFO  server.RaftServerConfigKeys (ConfUtils.java:logGet(46)) - raft.server.log.appender.buffer.byte-limit = 4MB (=4194304) (default)
2022-10-13 02:47:37,138 [s0-impl-thread1] INFO  server.RaftServerConfigKeys (ConfUtils.java:logGet(46)) - raft.server.log.statemachine.data.read.timeout = 1000ms (default)
2022-10-13 02:47:37,138 [s0-impl-thread1] INFO  server.RaftServerConfigKeys (ConfUtils.java:logGet(46)) - raft.server.log.purge.preservation.log.num = 0 (default)
2022-10-13 02:47:37,144 [s0-impl-thread1] INFO  server.RaftServerConfigKeys (ConfUtils.java:logGet(46)) - raft.server.log.segment.size.max = 8MB (=8388608) (default)
2022-10-13 02:47:37,150 [s0-impl-thread1] INFO  server.RaftServerConfigKeys (ConfUtils.java:logGet(46)) - raft.server.log.segment.cache.num.max = 6 (default)
2022-10-13 02:47:37,150 [s0-impl-thread1] INFO  server.RaftServerConfigKeys (ConfUtils.java:logGet(46)) - raft.server.log.segment.cache.size.max = 200MB (=209715200) (default)
2022-10-13 02:47:37,154 [s0-impl-thread1] INFO  segmented.SegmentedRaftLogWorker (SegmentedRaftLogWorker.java:<init>(183)) - new s0@group-925896360766-SegmentedRaftLogWorker for RaftStorageImpl:Storage Directory /home/runner/work/ratis/ratis/ratis-test/target/test/data/bc10d1de/MiniRaftClusterWithGrpc96c7fd62/s0/6b6a3f22-06ba-459a-846d-925896360766
2022-10-13 02:47:37,154 [s0-impl-thread1] INFO  server.RaftServerConfigKeys (ConfUtils.java:logGet(46)) - raft.server.log.queue.byte-limit = 64MB (=67108864) (default)
2022-10-13 02:47:37,156 [s0-impl-thread1] INFO  server.RaftServerConfigKeys (ConfUtils.java:logGet(46)) - raft.server.log.queue.element-limit = 4096 (default)
2022-10-13 02:47:37,158 [s0-impl-thread1] INFO  server.RaftServerConfigKeys (ConfUtils.java:logGet(46)) - raft.server.log.segment.size.max = 8MB (=8388608) (default)
2022-10-13 02:47:37,158 [s0-impl-thread1] INFO  server.RaftServerConfigKeys (ConfUtils.java:logGet(46)) - raft.server.log.preallocated.size = 4MB (=4194304) (default)
2022-10-13 02:47:37,159 [s0-impl-thread1] INFO  server.RaftServerConfigKeys (ConfUtils.java:logGet(46)) - raft.server.log.force.sync.num = 128 (default)
2022-10-13 02:47:37,159 [s0-impl-thread1] INFO  server.RaftServerConfigKeys (ConfUtils.java:logGet(46)) - raft.server.log.statemachine.data.sync = true (default)
2022-10-13 02:47:37,160 [s0-impl-thread1] INFO  server.RaftServerConfigKeys (ConfUtils.java:logGet(46)) - raft.server.log.statemachine.data.sync.timeout = 10s (default)
2022-10-13 02:47:37,160 [s0-impl-thread1] INFO  server.RaftServerConfigKeys (ConfUtils.java:logGet(46)) - raft.server.log.statemachine.data.sync.timeout.retry = -1 (default)
2022-10-13 02:47:37,164 [s0-impl-thread1] INFO  server.RaftServerConfigKeys (ConfUtils.java:logGet(46)) - raft.server.log.write.buffer.size = 64KB (=65536) (default)
2022-10-13 02:47:37,165 [s0-impl-thread1] INFO  server.RaftServerConfigKeys (ConfUtils.java:logGet(46)) - raft.server.log.unsafe-flush.enabled = false (default)
2022-10-13 02:47:37,165 [s0-impl-thread1] INFO  server.RaftServerConfigKeys (ConfUtils.java:logGet(46)) - raft.server.log.async-flush.enabled = false (default)
2022-10-13 02:47:37,166 [s0-impl-thread1] INFO  server.RaftServerConfigKeys (ConfUtils.java:logGet(46)) - raft.server.log.statemachine.data.caching.enabled = false (default)
2022-10-13 02:47:37,174 [s0-impl-thread1] INFO  segmented.SegmentedRaftLogWorker (SegmentedRaftLogWorker.java:lambda$new$0(134)) - s0@group-925896360766-SegmentedRaftLogWorker: flushIndex: setUnconditionally 0 -> -1
2022-10-13 02:47:37,174 [s0-impl-thread1] INFO  segmented.SegmentedRaftLogWorker (SegmentedRaftLogWorker.java:lambda$new$0(134)) - s0@group-925896360766-SegmentedRaftLogWorker: safeCacheEvictIndex: setUnconditionally 0 -> -1
2022-10-13 02:47:37,175 [s0-impl-thread1] INFO  server.RaftServer$Division (RaftServerImpl.java:start(338)) - s0@group-925896360766: start as a follower, conf=-1: peers:[s0|rpc:localhost:37553|admin:localhost:43967|client:localhost:33491|dataStream:localhost:41591|priority:0|startupRole:FOLLOWER, s1|rpc:localhost:36761|admin:localhost:41837|client:localhost:41895|dataStream:localhost:37405|priority:0|startupRole:FOLLOWER, s2|rpc:localhost:37581|admin:localhost:45391|client:localhost:39119|dataStream:localhost:42363|priority:0|startupRole:FOLLOWER]|listeners:[], old=null
2022-10-13 02:47:37,176 [s0-impl-thread1] INFO  server.RaftServer$Division (RaftServerImpl.java:setRole(325)) - s0@group-925896360766: changes role from      null to FOLLOWER at term 0 for startAsFollower
2022-10-13 02:47:37,176 [s0-impl-thread1] INFO  impl.RoleInfo (RoleInfo.java:updateAndGet(139)) - s0: start s0@group-925896360766-FollowerState
2022-10-13 02:47:37,194 [s0-impl-thread1] INFO  util.JmxRegister (JmxRegister.java:tryRegister(44)) - Successfully registered JMX Bean with object name Ratis:service=RaftServer,group=group-925896360766,id=s0
2022-10-13 02:47:37,196 [s0-impl-thread1] INFO  server.RaftServerConfigKeys (ConfUtils.java:logGet(46)) - raft.server.snapshot.auto.trigger.enabled = false (default)
2022-10-13 02:47:37,196 [s0-impl-thread1] INFO  server.RaftServerConfigKeys (ConfUtils.java:logGet(46)) - raft.server.snapshot.retention.file.num = -1 (default)
2022-10-13 02:47:37,197 [s0-impl-thread1] INFO  server.RaftServerConfigKeys (ConfUtils.java:logGet(46)) - raft.server.log.purge.upto.snapshot.index = false (default)
2022-10-13 02:47:37,201 [s0@group-925896360766-FollowerState] INFO  server.RaftServerConfigKeys (ConfUtils.java:logFallback(53)) - raft.server.rpc.first-election.timeout.min = 150ms (fallback to raft.server.rpc.timeout.min)
2022-10-13 02:47:37,202 [s0@group-925896360766-FollowerState] INFO  server.RaftServerConfigKeys (ConfUtils.java:logFallback(53)) - raft.server.rpc.first-election.timeout.max = 300ms (fallback to raft.server.rpc.timeout.max)
2022-10-13 02:47:37,211 [Time-limited test] INFO  server.RaftServer (RaftServerProxy.java:startImpl(396)) - s0: start RPC server
2022-10-13 02:47:37,249 [Time-limited test] INFO  server.GrpcService (GrpcService.java:startImpl(310)) - s0: GrpcService started, listening on 33491
2022-10-13 02:47:37,250 [Time-limited test] INFO  server.GrpcService (GrpcService.java:startImpl(310)) - s0: GrpcService started, listening on 37553
2022-10-13 02:47:37,251 [Time-limited test] INFO  server.GrpcService (GrpcService.java:startImpl(310)) - s0: GrpcService started, listening on 43967
2022-10-13 02:47:37,253 [JvmPauseMonitor0] INFO  util.JvmPauseMonitor (JvmPauseMonitor.java:run(105)) - JvmPauseMonitor-s0: Started
2022-10-13 02:47:37,253 [s1-impl-thread1] INFO  server.RaftServerConfigKeys (ConfUtils.java:logGet(46)) - raft.server.storage.free-space.min = 0MB (=0) (default)
2022-10-13 02:47:37,258 [s1-impl-thread1] INFO  server.RaftServerConfigKeys (ConfUtils.java:logGet(46)) - raft.server.log.corruption.policy = EXCEPTION (default)
2022-10-13 02:47:37,258 [s1-impl-thread1] INFO  server.RaftServerConfigKeys (ConfUtils.java:logGet(46)) - raft.server.storage.dir = [/home/runner/work/ratis/ratis/ratis-test/target/test/data/bc10d1de/MiniRaftClusterWithGrpc96c7fd62/s1] (custom)
2022-10-13 02:47:37,259 [s1-impl-thread1] INFO  storage.RaftStorageDirectory (RaftStorageDirectoryImpl.java:analyzeStorage(138)) - The storage directory /home/runner/work/ratis/ratis/ratis-test/target/test/data/bc10d1de/MiniRaftClusterWithGrpc96c7fd62/s1/6b6a3f22-06ba-459a-846d-925896360766 does not exist. Creating ...
2022-10-13 02:47:37,259 [s1-impl-thread1] TRACE util.FileUtils (LogUtils.java:runAndLog(49)) - Successfully ran Files.createDirectories /home/runner/work/ratis/ratis/ratis-test/target/test/data/bc10d1de/MiniRaftClusterWithGrpc96c7fd62/s1/6b6a3f22-06ba-459a-846d-925896360766
2022-10-13 02:47:37,263 [s1-impl-thread1] INFO  storage.RaftStorageDirectory (RaftStorageDirectoryImpl.java:tryLock(232)) - Lock on /home/runner/work/ratis/ratis/ratis-test/target/test/data/bc10d1de/MiniRaftClusterWithGrpc96c7fd62/s1/6b6a3f22-06ba-459a-846d-925896360766/in_use.lock acquired by nodename 60246@fv-az318-428
2022-10-13 02:47:37,263 [s1-impl-thread1] TRACE util.FileUtils (LogUtils.java:runAndLog(49)) - Successfully ran Files.createDirectories /home/runner/work/ratis/ratis/ratis-test/target/test/data/bc10d1de/MiniRaftClusterWithGrpc96c7fd62/s1/6b6a3f22-06ba-459a-846d-925896360766/current
2022-10-13 02:47:37,263 [s1-impl-thread1] TRACE util.FileUtils (LogUtils.java:runAndLog(49)) - Successfully ran Files.createDirectories /home/runner/work/ratis/ratis/ratis-test/target/test/data/bc10d1de/MiniRaftClusterWithGrpc96c7fd62/s1/6b6a3f22-06ba-459a-846d-925896360766/sm
2022-10-13 02:47:37,266 [s1-impl-thread1] INFO  storage.RaftStorage (RaftStorageImpl.java:format(96)) - Storage directory /home/runner/work/ratis/ratis/ratis-test/target/test/data/bc10d1de/MiniRaftClusterWithGrpc96c7fd62/s1/6b6a3f22-06ba-459a-846d-925896360766 has been successfully formatted.
2022-10-13 02:47:37,266 [s1-impl-thread1] INFO  statemachine.SimpleStateMachine4Testing (SimpleStateMachine4Testing.java:initialize(212)) - Initializing SimpleStateMachine4Testing:uninitialized
2022-10-13 02:47:37,266 [s1-impl-thread1] INFO  statemachine.SimpleStateMachine4Testing (SimpleStateMachine4Testing.java:loadSnapshot(306)) - The snapshot file null does not exist
2022-10-13 02:47:37,266 [s1-impl-thread1] INFO  server.RaftServerConfigKeys (ConfUtils.java:logGet(46)) - raft.server.log.use.memory = false (default)
2022-10-13 02:47:37,267 [s1-impl-thread1] INFO  server.RaftServerConfigKeys (ConfUtils.java:logGet(46)) - raft.server.log.purge.gap = 1024 (default)
2022-10-13 02:47:37,267 [s1-impl-thread1] INFO  server.RaftServerConfigKeys (ConfUtils.java:logGet(46)) - raft.server.log.appender.buffer.byte-limit = 4MB (=4194304) (default)
2022-10-13 02:47:37,267 [s1-impl-thread1] INFO  server.RaftServerConfigKeys (ConfUtils.java:logGet(46)) - raft.server.log.statemachine.data.read.timeout = 1000ms (default)
2022-10-13 02:47:37,267 [s1-impl-thread1] INFO  server.RaftServerConfigKeys (ConfUtils.java:logGet(46)) - raft.server.log.purge.preservation.log.num = 0 (default)
2022-10-13 02:47:37,269 [s1-impl-thread1] INFO  server.RaftServerConfigKeys (ConfUtils.java:logGet(46)) - raft.server.log.segment.size.max = 8MB (=8388608) (default)
2022-10-13 02:47:37,270 [s1-impl-thread1] INFO  server.RaftServerConfigKeys (ConfUtils.java:logGet(46)) - raft.server.log.segment.cache.num.max = 6 (default)
2022-10-13 02:47:37,270 [s1-impl-thread1] INFO  server.RaftServerConfigKeys (ConfUtils.java:logGet(46)) - raft.server.log.segment.cache.size.max = 200MB (=209715200) (default)
2022-10-13 02:47:37,270 [s1-impl-thread1] INFO  segmented.SegmentedRaftLogWorker (SegmentedRaftLogWorker.java:<init>(183)) - new s1@group-925896360766-SegmentedRaftLogWorker for RaftStorageImpl:Storage Directory /home/runner/work/ratis/ratis/ratis-test/target/test/data/bc10d1de/MiniRaftClusterWithGrpc96c7fd62/s1/6b6a3f22-06ba-459a-846d-925896360766
2022-10-13 02:47:37,270 [s1-impl-thread1] INFO  server.RaftServerConfigKeys (ConfUtils.java:logGet(46)) - raft.server.log.queue.byte-limit = 64MB (=67108864) (default)
2022-10-13 02:47:37,270 [s1-impl-thread1] INFO  server.RaftServerConfigKeys (ConfUtils.java:logGet(46)) - raft.server.log.queue.element-limit = 4096 (default)
2022-10-13 02:47:37,270 [s1-impl-thread1] INFO  server.RaftServerConfigKeys (ConfUtils.java:logGet(46)) - raft.server.log.segment.size.max = 8MB (=8388608) (default)
2022-10-13 02:47:37,270 [s1-impl-thread1] INFO  server.RaftServerConfigKeys (ConfUtils.java:logGet(46)) - raft.server.log.preallocated.size = 4MB (=4194304) (default)
2022-10-13 02:47:37,271 [s1-impl-thread1] INFO  server.RaftServerConfigKeys (ConfUtils.java:logGet(46)) - raft.server.log.force.sync.num = 128 (default)
2022-10-13 02:47:37,271 [s1-impl-thread1] INFO  server.RaftServerConfigKeys (ConfUtils.java:logGet(46)) - raft.server.log.statemachine.data.sync = true (default)
2022-10-13 02:47:37,271 [s1-impl-thread1] INFO  server.RaftServerConfigKeys (ConfUtils.java:logGet(46)) - raft.server.log.statemachine.data.sync.timeout = 10s (default)
2022-10-13 02:47:37,271 [s1-impl-thread1] INFO  server.RaftServerConfigKeys (ConfUtils.java:logGet(46)) - raft.server.log.statemachine.data.sync.timeout.retry = -1 (default)
2022-10-13 02:47:37,271 [s1-impl-thread1] INFO  server.RaftServerConfigKeys (ConfUtils.java:logGet(46)) - raft.server.log.write.buffer.size = 64KB (=65536) (default)
2022-10-13 02:47:37,271 [s1-impl-thread1] INFO  server.RaftServerConfigKeys (ConfUtils.java:logGet(46)) - raft.server.log.unsafe-flush.enabled = false (default)
2022-10-13 02:47:37,272 [s1-impl-thread1] INFO  server.RaftServerConfigKeys (ConfUtils.java:logGet(46)) - raft.server.log.async-flush.enabled = false (default)
2022-10-13 02:47:37,272 [s1-impl-thread1] INFO  server.RaftServerConfigKeys (ConfUtils.java:logGet(46)) - raft.server.log.statemachine.data.caching.enabled = false (default)
2022-10-13 02:47:37,272 [s1-impl-thread1] INFO  segmented.SegmentedRaftLogWorker (SegmentedRaftLogWorker.java:lambda$new$0(134)) - s1@group-925896360766-SegmentedRaftLogWorker: flushIndex: setUnconditionally 0 -> -1
2022-10-13 02:47:37,272 [s1-impl-thread1] INFO  segmented.SegmentedRaftLogWorker (SegmentedRaftLogWorker.java:lambda$new$0(134)) - s1@group-925896360766-SegmentedRaftLogWorker: safeCacheEvictIndex: setUnconditionally 0 -> -1
2022-10-13 02:47:37,275 [s1-impl-thread1] INFO  server.RaftServer$Division (RaftServerImpl.java:start(338)) - s1@group-925896360766: start as a follower, conf=-1: peers:[s0|rpc:localhost:37553|admin:localhost:43967|client:localhost:33491|dataStream:localhost:41591|priority:0|startupRole:FOLLOWER, s1|rpc:localhost:36761|admin:localhost:41837|client:localhost:41895|dataStream:localhost:37405|priority:0|startupRole:FOLLOWER, s2|rpc:localhost:37581|admin:localhost:45391|client:localhost:39119|dataStream:localhost:42363|priority:0|startupRole:FOLLOWER]|listeners:[], old=null
2022-10-13 02:47:37,275 [s1-impl-thread1] INFO  server.RaftServer$Division (RaftServerImpl.java:setRole(325)) - s1@group-925896360766: changes role from      null to FOLLOWER at term 0 for startAsFollower
2022-10-13 02:47:37,275 [s1-impl-thread1] INFO  impl.RoleInfo (RoleInfo.java:updateAndGet(139)) - s1: start s1@group-925896360766-FollowerState
2022-10-13 02:47:37,276 [s1-impl-thread1] INFO  util.JmxRegister (JmxRegister.java:tryRegister(44)) - Successfully registered JMX Bean with object name Ratis:service=RaftServer,group=group-925896360766,id=s1
2022-10-13 02:47:37,276 [s1-impl-thread1] INFO  server.RaftServerConfigKeys (ConfUtils.java:logGet(46)) - raft.server.snapshot.auto.trigger.enabled = false (default)
2022-10-13 02:47:37,276 [s1-impl-thread1] INFO  server.RaftServerConfigKeys (ConfUtils.java:logGet(46)) - raft.server.snapshot.retention.file.num = -1 (default)
2022-10-13 02:47:37,276 [s1-impl-thread1] INFO  server.RaftServerConfigKeys (ConfUtils.java:logGet(46)) - raft.server.log.purge.upto.snapshot.index = false (default)
2022-10-13 02:47:37,278 [Time-limited test] INFO  server.RaftServer (RaftServerProxy.java:startImpl(396)) - s1: start RPC server
2022-10-13 02:47:37,280 [Time-limited test] INFO  server.GrpcService (GrpcService.java:startImpl(310)) - s1: GrpcService started, listening on 41895
2022-10-13 02:47:37,280 [s1@group-925896360766-FollowerState] INFO  server.RaftServerConfigKeys (ConfUtils.java:logFallback(53)) - raft.server.rpc.first-election.timeout.min = 150ms (fallback to raft.server.rpc.timeout.min)
2022-10-13 02:47:37,281 [Time-limited test] INFO  server.GrpcService (GrpcService.java:startImpl(310)) - s1: GrpcService started, listening on 36761
2022-10-13 02:47:37,286 [s1@group-925896360766-FollowerState] INFO  server.RaftServerConfigKeys (ConfUtils.java:logFallback(53)) - raft.server.rpc.first-election.timeout.max = 300ms (fallback to raft.server.rpc.timeout.max)
2022-10-13 02:47:37,287 [Time-limited test] INFO  server.GrpcService (GrpcService.java:startImpl(310)) - s1: GrpcService started, listening on 41837
2022-10-13 02:47:37,290 [s2-impl-thread1] INFO  server.RaftServerConfigKeys (ConfUtils.java:logGet(46)) - raft.server.storage.free-space.min = 0MB (=0) (default)
2022-10-13 02:47:37,291 [s2-impl-thread1] INFO  server.RaftServerConfigKeys (ConfUtils.java:logGet(46)) - raft.server.log.corruption.policy = EXCEPTION (default)
2022-10-13 02:47:37,291 [s2-impl-thread1] INFO  server.RaftServerConfigKeys (ConfUtils.java:logGet(46)) - raft.server.storage.dir = [/home/runner/work/ratis/ratis/ratis-test/target/test/data/bc10d1de/MiniRaftClusterWithGrpc96c7fd62/s2] (custom)
2022-10-13 02:47:37,291 [s2-impl-thread1] INFO  storage.RaftStorageDirectory (RaftStorageDirectoryImpl.java:analyzeStorage(138)) - The storage directory /home/runner/work/ratis/ratis/ratis-test/target/test/data/bc10d1de/MiniRaftClusterWithGrpc96c7fd62/s2/6b6a3f22-06ba-459a-846d-925896360766 does not exist. Creating ...
2022-10-13 02:47:37,292 [s2-impl-thread1] TRACE util.FileUtils (LogUtils.java:runAndLog(49)) - Successfully ran Files.createDirectories /home/runner/work/ratis/ratis/ratis-test/target/test/data/bc10d1de/MiniRaftClusterWithGrpc96c7fd62/s2/6b6a3f22-06ba-459a-846d-925896360766
2022-10-13 02:47:37,290 [JvmPauseMonitor1] INFO  util.JvmPauseMonitor (JvmPauseMonitor.java:run(105)) - JvmPauseMonitor-s1: Started
2022-10-13 02:47:37,295 [s2-impl-thread1] INFO  storage.RaftStorageDirectory (RaftStorageDirectoryImpl.java:tryLock(232)) - Lock on /home/runner/work/ratis/ratis/ratis-test/target/test/data/bc10d1de/MiniRaftClusterWithGrpc96c7fd62/s2/6b6a3f22-06ba-459a-846d-925896360766/in_use.lock acquired by nodename 60246@fv-az318-428
2022-10-13 02:47:37,295 [s2-impl-thread1] TRACE util.FileUtils (LogUtils.java:runAndLog(49)) - Successfully ran Files.createDirectories /home/runner/work/ratis/ratis/ratis-test/target/test/data/bc10d1de/MiniRaftClusterWithGrpc96c7fd62/s2/6b6a3f22-06ba-459a-846d-925896360766/current
2022-10-13 02:47:37,295 [s2-impl-thread1] TRACE util.FileUtils (LogUtils.java:runAndLog(49)) - Successfully ran Files.createDirectories /home/runner/work/ratis/ratis/ratis-test/target/test/data/bc10d1de/MiniRaftClusterWithGrpc96c7fd62/s2/6b6a3f22-06ba-459a-846d-925896360766/sm
2022-10-13 02:47:37,297 [s2-impl-thread1] INFO  storage.RaftStorage (RaftStorageImpl.java:format(96)) - Storage directory /home/runner/work/ratis/ratis/ratis-test/target/test/data/bc10d1de/MiniRaftClusterWithGrpc96c7fd62/s2/6b6a3f22-06ba-459a-846d-925896360766 has been successfully formatted.
2022-10-13 02:47:37,298 [s2-impl-thread1] INFO  statemachine.SimpleStateMachine4Testing (SimpleStateMachine4Testing.java:initialize(212)) - Initializing SimpleStateMachine4Testing:uninitialized
2022-10-13 02:47:37,298 [s2-impl-thread1] INFO  statemachine.SimpleStateMachine4Testing (SimpleStateMachine4Testing.java:loadSnapshot(306)) - The snapshot file null does not exist
2022-10-13 02:47:37,298 [s2-impl-thread1] INFO  server.RaftServerConfigKeys (ConfUtils.java:logGet(46)) - raft.server.log.use.memory = false (default)
2022-10-13 02:47:37,298 [s2-impl-thread1] INFO  server.RaftServerConfigKeys (ConfUtils.java:logGet(46)) - raft.server.log.purge.gap = 1024 (default)
2022-10-13 02:47:37,298 [s2-impl-thread1] INFO  server.RaftServerConfigKeys (ConfUtils.java:logGet(46)) - raft.server.log.appender.buffer.byte-limit = 4MB (=4194304) (default)
2022-10-13 02:47:37,298 [s2-impl-thread1] INFO  server.RaftServerConfigKeys (ConfUtils.java:logGet(46)) - raft.server.log.statemachine.data.read.timeout = 1000ms (default)
2022-10-13 02:47:37,299 [s2-impl-thread1] INFO  server.RaftServerConfigKeys (ConfUtils.java:logGet(46)) - raft.server.log.purge.preservation.log.num = 0 (default)
2022-10-13 02:47:37,301 [s2-impl-thread1] INFO  server.RaftServerConfigKeys (ConfUtils.java:logGet(46)) - raft.server.log.segment.size.max = 8MB (=8388608) (default)
2022-10-13 02:47:37,302 [s2-impl-thread1] INFO  server.RaftServerConfigKeys (ConfUtils.java:logGet(46)) - raft.server.log.segment.cache.num.max = 6 (default)
2022-10-13 02:47:37,302 [s2-impl-thread1] INFO  server.RaftServerConfigKeys (ConfUtils.java:logGet(46)) - raft.server.log.segment.cache.size.max = 200MB (=209715200) (default)
2022-10-13 02:47:37,302 [s2-impl-thread1] INFO  segmented.SegmentedRaftLogWorker (SegmentedRaftLogWorker.java:<init>(183)) - new s2@group-925896360766-SegmentedRaftLogWorker for RaftStorageImpl:Storage Directory /home/runner/work/ratis/ratis/ratis-test/target/test/data/bc10d1de/MiniRaftClusterWithGrpc96c7fd62/s2/6b6a3f22-06ba-459a-846d-925896360766
2022-10-13 02:47:37,302 [s2-impl-thread1] INFO  server.RaftServerConfigKeys (ConfUtils.java:logGet(46)) - raft.server.log.queue.byte-limit = 64MB (=67108864) (default)
2022-10-13 02:47:37,302 [s2-impl-thread1] INFO  server.RaftServerConfigKeys (ConfUtils.java:logGet(46)) - raft.server.log.queue.element-limit = 4096 (default)
2022-10-13 02:47:37,302 [s2-impl-thread1] INFO  server.RaftServerConfigKeys (ConfUtils.java:logGet(46)) - raft.server.log.segment.size.max = 8MB (=8388608) (default)
2022-10-13 02:47:37,302 [s2-impl-thread1] INFO  server.RaftServerConfigKeys (ConfUtils.java:logGet(46)) - raft.server.log.preallocated.size = 4MB (=4194304) (default)
2022-10-13 02:47:37,303 [s2-impl-thread1] INFO  server.RaftServerConfigKeys (ConfUtils.java:logGet(46)) - raft.server.log.force.sync.num = 128 (default)
2022-10-13 02:47:37,303 [s2-impl-thread1] INFO  server.RaftServerConfigKeys (ConfUtils.java:logGet(46)) - raft.server.log.statemachine.data.sync = true (default)
2022-10-13 02:47:37,303 [s2-impl-thread1] INFO  server.RaftServerConfigKeys (ConfUtils.java:logGet(46)) - raft.server.log.statemachine.data.sync.timeout = 10s (default)
2022-10-13 02:47:37,303 [s2-impl-thread1] INFO  server.RaftServerConfigKeys (ConfUtils.java:logGet(46)) - raft.server.log.statemachine.data.sync.timeout.retry = -1 (default)
2022-10-13 02:47:37,303 [s2-impl-thread1] INFO  server.RaftServerConfigKeys (ConfUtils.java:logGet(46)) - raft.server.log.write.buffer.size = 64KB (=65536) (default)
2022-10-13 02:47:37,303 [s2-impl-thread1] INFO  server.RaftServerConfigKeys (ConfUtils.java:logGet(46)) - raft.server.log.unsafe-flush.enabled = false (default)
2022-10-13 02:47:37,304 [s2-impl-thread1] INFO  server.RaftServerConfigKeys (ConfUtils.java:logGet(46)) - raft.server.log.async-flush.enabled = false (default)
2022-10-13 02:47:37,304 [s2-impl-thread1] INFO  server.RaftServerConfigKeys (ConfUtils.java:logGet(46)) - raft.server.log.statemachine.data.caching.enabled = false (default)
2022-10-13 02:47:37,304 [s2-impl-thread1] INFO  segmented.SegmentedRaftLogWorker (SegmentedRaftLogWorker.java:lambda$new$0(134)) - s2@group-925896360766-SegmentedRaftLogWorker: flushIndex: setUnconditionally 0 -> -1
2022-10-13 02:47:37,304 [s2-impl-thread1] INFO  segmented.SegmentedRaftLogWorker (SegmentedRaftLogWorker.java:lambda$new$0(134)) - s2@group-925896360766-SegmentedRaftLogWorker: safeCacheEvictIndex: setUnconditionally 0 -> -1
2022-10-13 02:47:37,310 [s2-impl-thread1] INFO  server.RaftServer$Division (RaftServerImpl.java:start(338)) - s2@group-925896360766: start as a follower, conf=-1: peers:[s0|rpc:localhost:37553|admin:localhost:43967|client:localhost:33491|dataStream:localhost:41591|priority:0|startupRole:FOLLOWER, s1|rpc:localhost:36761|admin:localhost:41837|client:localhost:41895|dataStream:localhost:37405|priority:0|startupRole:FOLLOWER, s2|rpc:localhost:37581|admin:localhost:45391|client:localhost:39119|dataStream:localhost:42363|priority:0|startupRole:FOLLOWER]|listeners:[], old=null
2022-10-13 02:47:37,310 [s2-impl-thread1] INFO  server.RaftServer$Division (RaftServerImpl.java:setRole(325)) - s2@group-925896360766: changes role from      null to FOLLOWER at term 0 for startAsFollower
2022-10-13 02:47:37,311 [s2-impl-thread1] INFO  impl.RoleInfo (RoleInfo.java:updateAndGet(139)) - s2: start s2@group-925896360766-FollowerState
2022-10-13 02:47:37,314 [s2@group-925896360766-FollowerState] INFO  server.RaftServerConfigKeys (ConfUtils.java:logFallback(53)) - raft.server.rpc.first-election.timeout.min = 150ms (fallback to raft.server.rpc.timeout.min)
2022-10-13 02:47:37,314 [s2@group-925896360766-FollowerState] INFO  server.RaftServerConfigKeys (ConfUtils.java:logFallback(53)) - raft.server.rpc.first-election.timeout.max = 300ms (fallback to raft.server.rpc.timeout.max)
2022-10-13 02:47:37,314 [s2-impl-thread1] INFO  util.JmxRegister (JmxRegister.java:tryRegister(44)) - Successfully registered JMX Bean with object name Ratis:service=RaftServer,group=group-925896360766,id=s2
2022-10-13 02:47:37,315 [s2-impl-thread1] INFO  server.RaftServerConfigKeys (ConfUtils.java:logGet(46)) - raft.server.snapshot.auto.trigger.enabled = false (default)
2022-10-13 02:47:37,315 [s2-impl-thread1] INFO  server.RaftServerConfigKeys (ConfUtils.java:logGet(46)) - raft.server.snapshot.retention.file.num = -1 (default)
2022-10-13 02:47:37,315 [s2-impl-thread1] INFO  server.RaftServerConfigKeys (ConfUtils.java:logGet(46)) - raft.server.log.purge.upto.snapshot.index = false (default)
2022-10-13 02:47:37,316 [Time-limited test] INFO  server.RaftServer (RaftServerProxy.java:startImpl(396)) - s2: start RPC server
2022-10-13 02:47:37,320 [Time-limited test] INFO  server.GrpcService (GrpcService.java:startImpl(310)) - s2: GrpcService started, listening on 39119
2022-10-13 02:47:37,321 [Time-limited test] INFO  server.GrpcService (GrpcService.java:startImpl(310)) - s2: GrpcService started, listening on 37581
2022-10-13 02:47:37,322 [Time-limited test] INFO  server.GrpcService (GrpcService.java:startImpl(310)) - s2: GrpcService started, listening on 45391
2022-10-13 02:47:37,323 [JvmPauseMonitor2] INFO  util.JvmPauseMonitor (JvmPauseMonitor.java:run(105)) - JvmPauseMonitor-s2: Started
2022-10-13 02:47:37,326 [Time-limited test] INFO  server.RaftServerConfigKeys (ConfUtils.java:logGet(46)) - raft.server.rpc.timeout.max = 300ms (default)
2022-10-13 02:47:37,328 [Time-limited test] INFO  ratis.RaftTestUtil (RaftTestUtil.java:waitForLeader(100)) - printing ALL groups
  s0:  RUNNING  FOLLOWER s0@group-925896360766:t0, leader=null, voted=, raftlog=Memoized:s0@group-925896360766-SegmentedRaftLog:OPENED:c-1, conf=-1: peers:[s0|rpc:localhost:37553|admin:localhost:43967|client:localhost:33491|dataStream:localhost:41591|priority:0|startupRole:FOLLOWER, s1|rpc:localhost:36761|admin:localhost:41837|client:localhost:41895|dataStream:localhost:37405|priority:0|startupRole:FOLLOWER, s2|rpc:localhost:37581|admin:localhost:45391|client:localhost:39119|dataStream:localhost:42363|priority:0|startupRole:FOLLOWER]|listeners:[], old=null RUNNING
  s1:  RUNNING  FOLLOWER s1@group-925896360766:t0, leader=null, voted=, raftlog=Memoized:s1@group-925896360766-SegmentedRaftLog:OPENED:c-1, conf=-1: peers:[s0|rpc:localhost:37553|admin:localhost:43967|client:localhost:33491|dataStream:localhost:41591|priority:0|startupRole:FOLLOWER, s1|rpc:localhost:36761|admin:localhost:41837|client:localhost:41895|dataStream:localhost:37405|priority:0|startupRole:FOLLOWER, s2|rpc:localhost:37581|admin:localhost:45391|client:localhost:39119|dataStream:localhost:42363|priority:0|startupRole:FOLLOWER]|listeners:[], old=null RUNNING
  s2:  RUNNING  FOLLOWER s2@group-925896360766:t0, leader=null, voted=, raftlog=Memoized:s2@group-925896360766-SegmentedRaftLog:OPENED:c-1, conf=-1: peers:[s0|rpc:localhost:37553|admin:localhost:43967|client:localhost:33491|dataStream:localhost:41591|priority:0|startupRole:FOLLOWER, s1|rpc:localhost:36761|admin:localhost:41837|client:localhost:41895|dataStream:localhost:37405|priority:0|startupRole:FOLLOWER, s2|rpc:localhost:37581|admin:localhost:45391|client:localhost:39119|dataStream:localhost:42363|priority:0|startupRole:FOLLOWER]|listeners:[], old=null RUNNING
2022-10-13 02:47:37,331 [Time-limited test] WARN  ratis.RaftTestUtil (JavaUtils.java:attempt(217)) - FAILED "waitForLeader-null-(expectLeader? true)", attempt #1/100: java.lang.IllegalStateException: No leader yet : printing ALL groups
  s0:  RUNNING  FOLLOWER s0@group-925896360766:t0, leader=null, voted=, raftlog=Memoized:s0@group-925896360766-SegmentedRaftLog:OPENED:c-1, conf=-1: peers:[s0|rpc:localhost:37553|admin:localhost:43967|client:localhost:33491|dataStream:localhost:41591|priority:0|startupRole:FOLLOWER, s1|rpc:localhost:36761|admin:localhost:41837|client:localhost:41895|dataStream:localhost:37405|priority:0|startupRole:FOLLOWER, s2|rpc:localhost:37581|admin:localhost:45391|client:localhost:39119|dataStream:localhost:42363|priority:0|startupRole:FOLLOWER]|listeners:[], old=null RUNNING
  s1:  RUNNING  FOLLOWER s1@group-925896360766:t0, leader=null, voted=, raftlog=Memoized:s1@group-925896360766-SegmentedRaftLog:OPENED:c-1, conf=-1: peers:[s0|rpc:localhost:37553|admin:localhost:43967|client:localhost:33491|dataStream:localhost:41591|priority:0|startupRole:FOLLOWER, s1|rpc:localhost:36761|admin:localhost:41837|client:localhost:41895|dataStream:localhost:37405|priority:0|startupRole:FOLLOWER, s2|rpc:localhost:37581|admin:localhost:45391|client:localhost:39119|dataStream:localhost:42363|priority:0|startupRole:FOLLOWER]|listeners:[], old=null RUNNING
  s2:  RUNNING  FOLLOWER s2@group-925896360766:t0, leader=null, voted=, raftlog=Memoized:s2@group-925896360766-SegmentedRaftLog:OPENED:c-1, conf=-1: peers:[s0|rpc:localhost:37553|admin:localhost:43967|client:localhost:33491|dataStream:localhost:41591|priority:0|startupRole:FOLLOWER, s1|rpc:localhost:36761|admin:localhost:41837|client:localhost:41895|dataStream:localhost:37405|priority:0|startupRole:FOLLOWER, s2|rpc:localhost:37581|admin:localhost:45391|client:localhost:39119|dataStream:localhost:42363|priority:0|startupRole:FOLLOWER]|listeners:[], old=null RUNNING, sleep 450ms and then retry.
java.lang.IllegalStateException: No leader yet : printing ALL groups
  s0:  RUNNING  FOLLOWER s0@group-925896360766:t0, leader=null, voted=, raftlog=Memoized:s0@group-925896360766-SegmentedRaftLog:OPENED:c-1, conf=-1: peers:[s0|rpc:localhost:37553|admin:localhost:43967|client:localhost:33491|dataStream:localhost:41591|priority:0|startupRole:FOLLOWER, s1|rpc:localhost:36761|admin:localhost:41837|client:localhost:41895|dataStream:localhost:37405|priority:0|startupRole:FOLLOWER, s2|rpc:localhost:37581|admin:localhost:45391|client:localhost:39119|dataStream:localhost:42363|priority:0|startupRole:FOLLOWER]|listeners:[], old=null RUNNING
  s1:  RUNNING  FOLLOWER s1@group-925896360766:t0, leader=null, voted=, raftlog=Memoized:s1@group-925896360766-SegmentedRaftLog:OPENED:c-1, conf=-1: peers:[s0|rpc:localhost:37553|admin:localhost:43967|client:localhost:33491|dataStream:localhost:41591|priority:0|startupRole:FOLLOWER, s1|rpc:localhost:36761|admin:localhost:41837|client:localhost:41895|dataStream:localhost:37405|priority:0|startupRole:FOLLOWER, s2|rpc:localhost:37581|admin:localhost:45391|client:localhost:39119|dataStream:localhost:42363|priority:0|startupRole:FOLLOWER]|listeners:[], old=null RUNNING
  s2:  RUNNING  FOLLOWER s2@group-925896360766:t0, leader=null, voted=, raftlog=Memoized:s2@group-925896360766-SegmentedRaftLog:OPENED:c-1, conf=-1: peers:[s0|rpc:localhost:37553|admin:localhost:43967|client:localhost:33491|dataStream:localhost:41591|priority:0|startupRole:FOLLOWER, s1|rpc:localhost:36761|admin:localhost:41837|client:localhost:41895|dataStream:localhost:37405|priority:0|startupRole:FOLLOWER, s2|rpc:localhost:37581|admin:localhost:45391|client:localhost:39119|dataStream:localhost:42363|priority:0|startupRole:FOLLOWER]|listeners:[], old=null RUNNING
	at org.apache.ratis.server.impl.MiniRaftCluster.newIllegalStateExceptionForNoLeaders(MiniRaftCluster.java:581)
	at org.apache.ratis.RaftTestUtil.lambda$waitForLeader$1(RaftTestUtil.java:104)
	at org.apache.ratis.server.impl.MiniRaftCluster.getLeader(MiniRaftCluster.java:615)
	at org.apache.ratis.server.impl.MiniRaftCluster.getLeader(MiniRaftCluster.java:608)
	at org.apache.ratis.RaftTestUtil.lambda$waitForLeader$3(RaftTestUtil.java:112)
	at org.apache.ratis.util.JavaUtils.attempt(JavaUtils.java:211)
	at org.apache.ratis.util.JavaUtils.attemptRepeatedly(JavaUtils.java:197)
	at org.apache.ratis.RaftTestUtil.waitForLeader(RaftTestUtil.java:111)
	at org.apache.ratis.RaftTestUtil.waitForLeader(RaftTestUtil.java:92)
	at org.apache.ratis.RaftTestUtil.waitForLeader(RaftTestUtil.java:87)
	at org.apache.ratis.grpc.TestRaftServerWithGrpc.testRaftClientRequestMetrics(TestRaftServerWithGrpc.java:304)
	at org.apache.ratis.server.impl.MiniRaftCluster$Factory$Get.runWithNewCluster(MiniRaftCluster.java:141)
	at org.apache.ratis.server.impl.MiniRaftCluster$Factory$Get.runWithNewCluster(MiniRaftCluster.java:121)
	at org.apache.ratis.grpc.TestRaftServerWithGrpc.testRaftClientMetrics(TestRaftServerWithGrpc.java:215)
	at java.base/jdk.internal.reflect.NativeMethodAccessorImpl.invoke0(Native Method)
	at java.base/jdk.internal.reflect.NativeMethodAccessorImpl.invoke(NativeMethodAccessorImpl.java:62)
	at java.base/jdk.internal.reflect.DelegatingMethodAccessorImpl.invoke(DelegatingMethodAccessorImpl.java:43)
	at java.base/java.lang.reflect.Method.invoke(Method.java:566)
	at org.junit.runners.model.FrameworkMethod$1.runReflectiveCall(FrameworkMethod.java:59)
	at org.junit.internal.runners.model.ReflectiveCallable.run(ReflectiveCallable.java:12)
	at org.junit.runners.model.FrameworkMethod.invokeExplosively(FrameworkMethod.java:56)
	at org.junit.internal.runners.statements.InvokeMethod.evaluate(InvokeMethod.java:17)
	at org.junit.internal.runners.statements.RunBefores.evaluate(RunBefores.java:26)
	at org.junit.internal.runners.statements.RunAfters.evaluate(RunAfters.java:27)
	at org.junit.internal.runners.statements.FailOnTimeout$CallableStatement.call(FailOnTimeout.java:299)
	at org.junit.internal.runners.statements.FailOnTimeout$CallableStatement.call(FailOnTimeout.java:293)
	at java.base/java.util.concurrent.FutureTask.run(FutureTask.java:264)
	at java.base/java.lang.Thread.run(Thread.java:829)
2022-10-13 02:47:37,371 [s0@group-925896360766-FollowerState] INFO  impl.FollowerState (FollowerState.java:run(143)) - s0@group-925896360766-FollowerState: change to CANDIDATE, lastRpcElapsedTime:194247579ns, electionTimeout:167ms
2022-10-13 02:47:37,372 [s0@group-925896360766-FollowerState] INFO  impl.RoleInfo (RoleInfo.java:shutdownFollowerState(110)) - s0: shutdown s0@group-925896360766-FollowerState
2022-10-13 02:47:37,372 [s0@group-925896360766-FollowerState] INFO  server.RaftServer$Division (RaftServerImpl.java:setRole(325)) - s0@group-925896360766: changes role from  FOLLOWER to CANDIDATE at term 0 for changeToCandidate
2022-10-13 02:47:37,374 [s0@group-925896360766-FollowerState] INFO  server.RaftServerConfigKeys (ConfUtils.java:logGet(46)) - raft.server.leaderelection.pre-vote = true (default)
2022-10-13 02:47:37,375 [s0@group-925896360766-FollowerState] INFO  impl.RoleInfo (RoleInfo.java:updateAndGet(139)) - s0: start s0@group-925896360766-LeaderElection1
2022-10-13 02:47:37,381 [s0@group-925896360766-LeaderElection1] INFO  impl.LeaderElection (LeaderElection.java:askForVotes(309)) - s0@group-925896360766-LeaderElection1 PRE_VOTE round 0: submit vote requests at term 0 for -1: peers:[s0|rpc:localhost:37553|admin:localhost:43967|client:localhost:33491|dataStream:localhost:41591|priority:0|startupRole:FOLLOWER, s1|rpc:localhost:36761|admin:localhost:41837|client:localhost:41895|dataStream:localhost:37405|priority:0|startupRole:FOLLOWER, s2|rpc:localhost:37581|admin:localhost:45391|client:localhost:39119|dataStream:localhost:42363|priority:0|startupRole:FOLLOWER]|listeners:[], old=null
2022-10-13 02:47:37,398 [s0@group-925896360766-LeaderElection1] INFO  server.RaftServerConfigKeys (ConfUtils.java:logFallback(53)) - raft.server.rpc.first-election.timeout.min = 150ms (fallback to raft.server.rpc.timeout.min)
2022-10-13 02:47:37,398 [s0@group-925896360766-LeaderElection1] INFO  server.RaftServerConfigKeys (ConfUtils.java:logFallback(53)) - raft.server.rpc.first-election.timeout.max = 300ms (fallback to raft.server.rpc.timeout.max)
2022-10-13 02:47:37,402 [s0@group-925896360766-LeaderElection1-1] INFO  server.GrpcServerProtocolClient (GrpcServerProtocolClient.java:<init>(63)) - Build channel for s1
2022-10-13 02:47:37,402 [s0@group-925896360766-LeaderElection1-2] INFO  server.GrpcServerProtocolClient (GrpcServerProtocolClient.java:<init>(63)) - Build channel for s2
2022-10-13 02:47:37,472 [s1@group-925896360766-FollowerState] INFO  impl.FollowerState (FollowerState.java:run(143)) - s1@group-925896360766-FollowerState: change to CANDIDATE, lastRpcElapsedTime:196801040ns, electionTimeout:186ms
2022-10-13 02:47:37,473 [s1@group-925896360766-FollowerState] INFO  impl.RoleInfo (RoleInfo.java:shutdownFollowerState(110)) - s1: shutdown s1@group-925896360766-FollowerState
2022-10-13 02:47:37,473 [s1@group-925896360766-FollowerState] INFO  server.RaftServer$Division (RaftServerImpl.java:setRole(325)) - s1@group-925896360766: changes role from  FOLLOWER to CANDIDATE at term 0 for changeToCandidate
2022-10-13 02:47:37,482 [s1@group-925896360766-FollowerState] INFO  server.RaftServerConfigKeys (ConfUtils.java:logGet(46)) - raft.server.leaderelection.pre-vote = true (default)
2022-10-13 02:47:37,482 [s1@group-925896360766-FollowerState] INFO  impl.RoleInfo (RoleInfo.java:updateAndGet(139)) - s1: start s1@group-925896360766-LeaderElection2
2022-10-13 02:47:37,488 [s1@group-925896360766-LeaderElection2] INFO  impl.LeaderElection (LeaderElection.java:askForVotes(309)) - s1@group-925896360766-LeaderElection2 PRE_VOTE round 0: submit vote requests at term 0 for -1: peers:[s0|rpc:localhost:37553|admin:localhost:43967|client:localhost:33491|dataStream:localhost:41591|priority:0|startupRole:FOLLOWER, s1|rpc:localhost:36761|admin:localhost:41837|client:localhost:41895|dataStream:localhost:37405|priority:0|startupRole:FOLLOWER, s2|rpc:localhost:37581|admin:localhost:45391|client:localhost:39119|dataStream:localhost:42363|priority:0|startupRole:FOLLOWER]|listeners:[], old=null
2022-10-13 02:47:37,490 [s1@group-925896360766-LeaderElection2-1] INFO  server.GrpcServerProtocolClient (GrpcServerProtocolClient.java:<init>(63)) - Build channel for s0
2022-10-13 02:47:37,492 [s1@group-925896360766-LeaderElection2] INFO  server.RaftServerConfigKeys (ConfUtils.java:logFallback(53)) - raft.server.rpc.first-election.timeout.min = 150ms (fallback to raft.server.rpc.timeout.min)
2022-10-13 02:47:37,493 [s1@group-925896360766-LeaderElection2] INFO  server.RaftServerConfigKeys (ConfUtils.java:logFallback(53)) - raft.server.rpc.first-election.timeout.max = 300ms (fallback to raft.server.rpc.timeout.max)
2022-10-13 02:47:37,493 [s1@group-925896360766-LeaderElection2-2] INFO  server.GrpcServerProtocolClient (GrpcServerProtocolClient.java:<init>(63)) - Build channel for s2
2022-10-13 02:47:37,612 [s2@group-925896360766-FollowerState] INFO  impl.FollowerState (FollowerState.java:run(143)) - s2@group-925896360766-FollowerState: change to CANDIDATE, lastRpcElapsedTime:301729772ns, electionTimeout:298ms
2022-10-13 02:47:37,612 [s2@group-925896360766-FollowerState] INFO  impl.RoleInfo (RoleInfo.java:shutdownFollowerState(110)) - s2: shutdown s2@group-925896360766-FollowerState
2022-10-13 02:47:37,613 [s2@group-925896360766-FollowerState] INFO  server.RaftServer$Division (RaftServerImpl.java:setRole(325)) - s2@group-925896360766: changes role from  FOLLOWER to CANDIDATE at term 0 for changeToCandidate
2022-10-13 02:47:37,615 [s2@group-925896360766-FollowerState] INFO  server.RaftServerConfigKeys (ConfUtils.java:logGet(46)) - raft.server.leaderelection.pre-vote = true (default)
2022-10-13 02:47:37,616 [s2@group-925896360766-FollowerState] INFO  impl.RoleInfo (RoleInfo.java:updateAndGet(139)) - s2: start s2@group-925896360766-LeaderElection3
2022-10-13 02:47:37,625 [s2@group-925896360766-LeaderElection3] INFO  impl.LeaderElection (LeaderElection.java:askForVotes(309)) - s2@group-925896360766-LeaderElection3 PRE_VOTE round 0: submit vote requests at term 0 for -1: peers:[s0|rpc:localhost:37553|admin:localhost:43967|client:localhost:33491|dataStream:localhost:41591|priority:0|startupRole:FOLLOWER, s1|rpc:localhost:36761|admin:localhost:41837|client:localhost:41895|dataStream:localhost:37405|priority:0|startupRole:FOLLOWER, s2|rpc:localhost:37581|admin:localhost:45391|client:localhost:39119|dataStream:localhost:42363|priority:0|startupRole:FOLLOWER]|listeners:[], old=null
2022-10-13 02:47:37,630 [s2@group-925896360766-LeaderElection3-1] INFO  server.GrpcServerProtocolClient (GrpcServerProtocolClient.java:<init>(63)) - Build channel for s0
2022-10-13 02:47:37,634 [s2@group-925896360766-LeaderElection3] INFO  server.RaftServerConfigKeys (ConfUtils.java:logFallback(53)) - raft.server.rpc.first-election.timeout.min = 150ms (fallback to raft.server.rpc.timeout.min)
2022-10-13 02:47:37,635 [s2@group-925896360766-LeaderElection3] INFO  server.RaftServerConfigKeys (ConfUtils.java:logFallback(53)) - raft.server.rpc.first-election.timeout.max = 300ms (fallback to raft.server.rpc.timeout.max)
2022-10-13 02:47:37,635 [s2@group-925896360766-LeaderElection3-2] INFO  server.GrpcServerProtocolClient (GrpcServerProtocolClient.java:<init>(63)) - Build channel for s1
2022-10-13 02:47:37,673 [s0@group-925896360766-LeaderElection1] INFO  impl.LeaderElection (LeaderElection.java:logAndReturn(89)) - s0@group-925896360766-LeaderElection1: PRE_VOTE TIMEOUT received 0 response(s) and 0 exception(s):
2022-10-13 02:47:37,673 [s0@group-925896360766-LeaderElection1] INFO  impl.LeaderElection (LeaderElection.java:askForVotes(311)) - s0@group-925896360766-LeaderElection1 PRE_VOTE round 0: result TIMEOUT
2022-10-13 02:47:37,673 [s0@group-925896360766-LeaderElection1] INFO  impl.LeaderElection (LeaderElection.java:askForVotes(309)) - s0@group-925896360766-LeaderElection1 PRE_VOTE round 1: submit vote requests at term 0 for -1: peers:[s0|rpc:localhost:37553|admin:localhost:43967|client:localhost:33491|dataStream:localhost:41591|priority:0|startupRole:FOLLOWER, s1|rpc:localhost:36761|admin:localhost:41837|client:localhost:41895|dataStream:localhost:37405|priority:0|startupRole:FOLLOWER, s2|rpc:localhost:37581|admin:localhost:45391|client:localhost:39119|dataStream:localhost:42363|priority:0|startupRole:FOLLOWER]|listeners:[], old=null
2022-10-13 02:47:37,678 [s0@group-925896360766-LeaderElection1] INFO  server.RaftServerConfigKeys (ConfUtils.java:logFallback(53)) - raft.server.rpc.first-election.timeout.min = 150ms (fallback to raft.server.rpc.timeout.min)
2022-10-13 02:47:37,678 [s0@group-925896360766-LeaderElection1] INFO  server.RaftServerConfigKeys (ConfUtils.java:logFallback(53)) - raft.server.rpc.first-election.timeout.max = 300ms (fallback to raft.server.rpc.timeout.max)
2022-10-13 02:47:37,763 [s1@group-925896360766-LeaderElection2] INFO  impl.LeaderElection (LeaderElection.java:logAndReturn(89)) - s1@group-925896360766-LeaderElection2: PRE_VOTE TIMEOUT received 0 response(s) and 0 exception(s):
2022-10-13 02:47:37,764 [s1@group-925896360766-LeaderElection2] INFO  impl.LeaderElection (LeaderElection.java:askForVotes(311)) - s1@group-925896360766-LeaderElection2 PRE_VOTE round 0: result TIMEOUT
2022-10-13 02:47:37,764 [s1@group-925896360766-LeaderElection2] INFO  impl.LeaderElection (LeaderElection.java:askForVotes(309)) - s1@group-925896360766-LeaderElection2 PRE_VOTE round 1: submit vote requests at term 0 for -1: peers:[s0|rpc:localhost:37553|admin:localhost:43967|client:localhost:33491|dataStream:localhost:41591|priority:0|startupRole:FOLLOWER, s1|rpc:localhost:36761|admin:localhost:41837|client:localhost:41895|dataStream:localhost:37405|priority:0|startupRole:FOLLOWER, s2|rpc:localhost:37581|admin:localhost:45391|client:localhost:39119|dataStream:localhost:42363|priority:0|startupRole:FOLLOWER]|listeners:[], old=null
2022-10-13 02:47:37,778 [s1@group-925896360766-LeaderElection2] INFO  server.RaftServerConfigKeys (ConfUtils.java:logFallback(53)) - raft.server.rpc.first-election.timeout.min = 150ms (fallback to raft.server.rpc.timeout.min)
2022-10-13 02:47:37,779 [s1@group-925896360766-LeaderElection2] INFO  server.RaftServerConfigKeys (ConfUtils.java:logFallback(53)) - raft.server.rpc.first-election.timeout.max = 300ms (fallback to raft.server.rpc.timeout.max)
2022-10-13 02:47:37,788 [Time-limited test] WARN  ratis.RaftTestUtil (JavaUtils.java:attempt(217)) - FAILED "waitForLeader-null-(expectLeader? true)", attempt #2/100: java.lang.IllegalStateException: No leader yet : printing ALL groups
  s0:  RUNNING CANDIDATE s0@group-925896360766:t0, leader=null, voted=, raftlog=Memoized:s0@group-925896360766-SegmentedRaftLog:OPENED:c-1, conf=-1: peers:[s0|rpc:localhost:37553|admin:localhost:43967|client:localhost:33491|dataStream:localhost:41591|priority:0|startupRole:FOLLOWER, s1|rpc:localhost:36761|admin:localhost:41837|client:localhost:41895|dataStream:localhost:37405|priority:0|startupRole:FOLLOWER, s2|rpc:localhost:37581|admin:localhost:45391|client:localhost:39119|dataStream:localhost:42363|priority:0|startupRole:FOLLOWER]|listeners:[], old=null RUNNING
  s1:  RUNNING CANDIDATE s1@group-925896360766:t0, leader=null, voted=, raftlog=Memoized:s1@group-925896360766-SegmentedRaftLog:OPENED:c-1, conf=-1: peers:[s0|rpc:localhost:37553|admin:localhost:43967|client:localhost:33491|dataStream:localhost:41591|priority:0|startupRole:FOLLOWER, s1|rpc:localhost:36761|admin:localhost:41837|client:localhost:41895|dataStream:localhost:37405|priority:0|startupRole:FOLLOWER, s2|rpc:localhost:37581|admin:localhost:45391|client:localhost:39119|dataStream:localhost:42363|priority:0|startupRole:FOLLOWER]|listeners:[], old=null RUNNING
  s2:  RUNNING CANDIDATE s2@group-925896360766:t0, leader=null, voted=, raftlog=Memoized:s2@group-925896360766-SegmentedRaftLog:OPENED:c-1, conf=-1: peers:[s0|rpc:localhost:37553|admin:localhost:43967|client:localhost:33491|dataStream:localhost:41591|priority:0|startupRole:FOLLOWER, s1|rpc:localhost:36761|admin:localhost:41837|client:localhost:41895|dataStream:localhost:37405|priority:0|startupRole:FOLLOWER, s2|rpc:localhost:37581|admin:localhost:45391|client:localhost:39119|dataStream:localhost:42363|priority:0|startupRole:FOLLOWER]|listeners:[], old=null RUNNING, sleep 450ms and then retry.
java.lang.IllegalStateException: No leader yet : printing ALL groups
  s0:  RUNNING CANDIDATE s0@group-925896360766:t0, leader=null, voted=, raftlog=Memoized:s0@group-925896360766-SegmentedRaftLog:OPENED:c-1, conf=-1: peers:[s0|rpc:localhost:37553|admin:localhost:43967|client:localhost:33491|dataStream:localhost:41591|priority:0|startupRole:FOLLOWER, s1|rpc:localhost:36761|admin:localhost:41837|client:localhost:41895|dataStream:localhost:37405|priority:0|startupRole:FOLLOWER, s2|rpc:localhost:37581|admin:localhost:45391|client:localhost:39119|dataStream:localhost:42363|priority:0|startupRole:FOLLOWER]|listeners:[], old=null RUNNING
  s1:  RUNNING CANDIDATE s1@group-925896360766:t0, leader=null, voted=, raftlog=Memoized:s1@group-925896360766-SegmentedRaftLog:OPENED:c-1, conf=-1: peers:[s0|rpc:localhost:37553|admin:localhost:43967|client:localhost:33491|dataStream:localhost:41591|priority:0|startupRole:FOLLOWER, s1|rpc:localhost:36761|admin:localhost:41837|client:localhost:41895|dataStream:localhost:37405|priority:0|startupRole:FOLLOWER, s2|rpc:localhost:37581|admin:localhost:45391|client:localhost:39119|dataStream:localhost:42363|priority:0|startupRole:FOLLOWER]|listeners:[], old=null RUNNING
  s2:  RUNNING CANDIDATE s2@group-925896360766:t0, leader=null, voted=, raftlog=Memoized:s2@group-925896360766-SegmentedRaftLog:OPENED:c-1, conf=-1: peers:[s0|rpc:localhost:37553|admin:localhost:43967|client:localhost:33491|dataStream:localhost:41591|priority:0|startupRole:FOLLOWER, s1|rpc:localhost:36761|admin:localhost:41837|client:localhost:41895|dataStream:localhost:37405|priority:0|startupRole:FOLLOWER, s2|rpc:localhost:37581|admin:localhost:45391|client:localhost:39119|dataStream:localhost:42363|priority:0|startupRole:FOLLOWER]|listeners:[], old=null RUNNING
	at org.apache.ratis.server.impl.MiniRaftCluster.newIllegalStateExceptionForNoLeaders(MiniRaftCluster.java:581)
	at org.apache.ratis.RaftTestUtil.lambda$waitForLeader$1(RaftTestUtil.java:104)
	at org.apache.ratis.server.impl.MiniRaftCluster.getLeader(MiniRaftCluster.java:615)
	at org.apache.ratis.server.impl.MiniRaftCluster.getLeader(MiniRaftCluster.java:608)
	at org.apache.ratis.RaftTestUtil.lambda$waitForLeader$3(RaftTestUtil.java:112)
	at org.apache.ratis.util.JavaUtils.attempt(JavaUtils.java:211)
	at org.apache.ratis.util.JavaUtils.attemptRepeatedly(JavaUtils.java:197)
	at org.apache.ratis.RaftTestUtil.waitForLeader(RaftTestUtil.java:111)
	at org.apache.ratis.RaftTestUtil.waitForLeader(RaftTestUtil.java:92)
	at org.apache.ratis.RaftTestUtil.waitForLeader(RaftTestUtil.java:87)
	at org.apache.ratis.grpc.TestRaftServerWithGrpc.testRaftClientRequestMetrics(TestRaftServerWithGrpc.java:304)
	at org.apache.ratis.server.impl.MiniRaftCluster$Factory$Get.runWithNewCluster(MiniRaftCluster.java:141)
	at org.apache.ratis.server.impl.MiniRaftCluster$Factory$Get.runWithNewCluster(MiniRaftCluster.java:121)
	at org.apache.ratis.grpc.TestRaftServerWithGrpc.testRaftClientMetrics(TestRaftServerWithGrpc.java:215)
	at java.base/jdk.internal.reflect.NativeMethodAccessorImpl.invoke0(Native Method)
	at java.base/jdk.internal.reflect.NativeMethodAccessorImpl.invoke(NativeMethodAccessorImpl.java:62)
	at java.base/jdk.internal.reflect.DelegatingMethodAccessorImpl.invoke(DelegatingMethodAccessorImpl.java:43)
	at java.base/java.lang.reflect.Method.invoke(Method.java:566)
	at org.junit.runners.model.FrameworkMethod$1.runReflectiveCall(FrameworkMethod.java:59)
	at org.junit.internal.runners.model.ReflectiveCallable.run(ReflectiveCallable.java:12)
	at org.junit.runners.model.FrameworkMethod.invokeExplosively(FrameworkMethod.java:56)
	at org.junit.internal.runners.statements.InvokeMethod.evaluate(InvokeMethod.java:17)
	at org.junit.internal.runners.statements.RunBefores.evaluate(RunBefores.java:26)
	at org.junit.internal.runners.statements.RunAfters.evaluate(RunAfters.java:27)
	at org.junit.internal.runners.statements.FailOnTimeout$CallableStatement.call(FailOnTimeout.java:299)
	at org.junit.internal.runners.statements.FailOnTimeout$CallableStatement.call(FailOnTimeout.java:293)
	at java.base/java.util.concurrent.FutureTask.run(FutureTask.java:264)
	at java.base/java.lang.Thread.run(Thread.java:829)
2022-10-13 02:47:37,792 [s2@group-925896360766-LeaderElection3] INFO  impl.LeaderElection (LeaderElection.java:logAndReturn(89)) - s2@group-925896360766-LeaderElection3: PRE_VOTE TIMEOUT received 0 response(s) and 0 exception(s):
2022-10-13 02:47:37,793 [s2@group-925896360766-LeaderElection3] INFO  impl.LeaderElection (LeaderElection.java:askForVotes(311)) - s2@group-925896360766-LeaderElection3 PRE_VOTE round 0: result TIMEOUT
2022-10-13 02:47:37,793 [s2@group-925896360766-LeaderElection3] INFO  impl.LeaderElection (LeaderElection.java:askForVotes(309)) - s2@group-925896360766-LeaderElection3 PRE_VOTE round 1: submit vote requests at term 0 for -1: peers:[s0|rpc:localhost:37553|admin:localhost:43967|client:localhost:33491|dataStream:localhost:41591|priority:0|startupRole:FOLLOWER, s1|rpc:localhost:36761|admin:localhost:41837|client:localhost:41895|dataStream:localhost:37405|priority:0|startupRole:FOLLOWER, s2|rpc:localhost:37581|admin:localhost:45391|client:localhost:39119|dataStream:localhost:42363|priority:0|startupRole:FOLLOWER]|listeners:[], old=null
2022-10-13 02:47:37,794 [grpc-default-executor-2] INFO  server.RaftServer$Division (RaftServerImpl.java:requestVote(1291)) - s1@group-925896360766: receive requestVote(PRE_VOTE, s2, group-925896360766, 0, (t:0, i:0))
2022-10-13 02:47:37,807 [grpc-default-executor-2] INFO  impl.VoteContext (VoteContext.java:log(49)) - s1@group-925896360766-CANDIDATE: accept PRE_VOTE from s2: our priority 0 <= candidate's priority 0
2022-10-13 02:47:37,802 [s2@group-925896360766-LeaderElection3] INFO  server.RaftServerConfigKeys (ConfUtils.java:logFallback(53)) - raft.server.rpc.first-election.timeout.min = 150ms (fallback to raft.server.rpc.timeout.min)
2022-10-13 02:47:37,813 [s2@group-925896360766-LeaderElection3] INFO  server.RaftServerConfigKeys (ConfUtils.java:logFallback(53)) - raft.server.rpc.first-election.timeout.max = 300ms (fallback to raft.server.rpc.timeout.max)
2022-10-13 02:47:37,814 [grpc-default-executor-7] INFO  server.RaftServer$Division (RaftServerImpl.java:requestVote(1291)) - s1@group-925896360766: receive requestVote(PRE_VOTE, s0, group-925896360766, 0, (t:0, i:0))
2022-10-13 02:47:37,797 [grpc-default-executor-3] INFO  server.RaftServer$Division (RaftServerImpl.java:requestVote(1291)) - s2@group-925896360766: receive requestVote(PRE_VOTE, s0, group-925896360766, 0, (t:0, i:0))
2022-10-13 02:47:37,797 [grpc-default-executor-4] INFO  server.RaftServer$Division (RaftServerImpl.java:requestVote(1291)) - s0@group-925896360766: receive requestVote(PRE_VOTE, s2, group-925896360766, 0, (t:0, i:0))
2022-10-13 02:47:37,794 [grpc-default-executor-0] INFO  server.RaftServer$Division (RaftServerImpl.java:requestVote(1291)) - s0@group-925896360766: receive requestVote(PRE_VOTE, s1, group-925896360766, 0, (t:0, i:0))
2022-10-13 02:47:37,794 [grpc-default-executor-5] INFO  server.RaftServer$Division (RaftServerImpl.java:requestVote(1291)) - s2@group-925896360766: receive requestVote(PRE_VOTE, s0, group-925896360766, 0, (t:0, i:0))
2022-10-13 02:47:37,812 [grpc-default-executor-2] INFO  server.RaftServer$Division (RaftServerImpl.java:requestVote(1324)) - s1@group-925896360766 replies to PRE_VOTE vote request: s2<-s1#0:OK-t0. Peer's state: s1@group-925896360766:t0, leader=null, voted=, raftlog=Memoized:s1@group-925896360766-SegmentedRaftLog:OPENED:c-1, conf=-1: peers:[s0|rpc:localhost:37553|admin:localhost:43967|client:localhost:33491|dataStream:localhost:41591|priority:0|startupRole:FOLLOWER, s1|rpc:localhost:36761|admin:localhost:41837|client:localhost:41895|dataStream:localhost:37405|priority:0|startupRole:FOLLOWER, s2|rpc:localhost:37581|admin:localhost:45391|client:localhost:39119|dataStream:localhost:42363|priority:0|startupRole:FOLLOWER]|listeners:[], old=null
2022-10-13 02:47:37,814 [grpc-default-executor-4] INFO  impl.VoteContext (VoteContext.java:log(49)) - s0@group-925896360766-CANDIDATE: accept PRE_VOTE from s2: our priority 0 <= candidate's priority 0
2022-10-13 02:47:37,817 [grpc-default-executor-4] INFO  server.RaftServer$Division (RaftServerImpl.java:requestVote(1324)) - s0@group-925896360766 replies to PRE_VOTE vote request: s2<-s0#0:OK-t0. Peer's state: s0@group-925896360766:t0, leader=null, voted=, raftlog=Memoized:s0@group-925896360766-SegmentedRaftLog:OPENED:c-1, conf=-1: peers:[s0|rpc:localhost:37553|admin:localhost:43967|client:localhost:33491|dataStream:localhost:41591|priority:0|startupRole:FOLLOWER, s1|rpc:localhost:36761|admin:localhost:41837|client:localhost:41895|dataStream:localhost:37405|priority:0|startupRole:FOLLOWER, s2|rpc:localhost:37581|admin:localhost:45391|client:localhost:39119|dataStream:localhost:42363|priority:0|startupRole:FOLLOWER]|listeners:[], old=null
2022-10-13 02:47:37,819 [grpc-default-executor-0] INFO  impl.VoteContext (VoteContext.java:log(49)) - s0@group-925896360766-CANDIDATE: accept PRE_VOTE from s1: our priority 0 <= candidate's priority 0
2022-10-13 02:47:37,822 [grpc-default-executor-0] INFO  server.RaftServer$Division (RaftServerImpl.java:requestVote(1324)) - s0@group-925896360766 replies to PRE_VOTE vote request: s1<-s0#0:OK-t0. Peer's state: s0@group-925896360766:t0, leader=null, voted=, raftlog=Memoized:s0@group-925896360766-SegmentedRaftLog:OPENED:c-1, conf=-1: peers:[s0|rpc:localhost:37553|admin:localhost:43967|client:localhost:33491|dataStream:localhost:41591|priority:0|startupRole:FOLLOWER, s1|rpc:localhost:36761|admin:localhost:41837|client:localhost:41895|dataStream:localhost:37405|priority:0|startupRole:FOLLOWER, s2|rpc:localhost:37581|admin:localhost:45391|client:localhost:39119|dataStream:localhost:42363|priority:0|startupRole:FOLLOWER]|listeners:[], old=null
2022-10-13 02:47:37,817 [grpc-default-executor-1] INFO  server.RaftServer$Division (RaftServerImpl.java:requestVote(1291)) - s2@group-925896360766: receive requestVote(PRE_VOTE, s1, group-925896360766, 0, (t:0, i:0))
2022-10-13 02:47:37,814 [grpc-default-executor-3] INFO  impl.VoteContext (VoteContext.java:log(49)) - s2@group-925896360766-CANDIDATE: accept PRE_VOTE from s0: our priority 0 <= candidate's priority 0
2022-10-13 02:47:37,825 [grpc-default-executor-3] INFO  server.RaftServer$Division (RaftServerImpl.java:requestVote(1324)) - s2@group-925896360766 replies to PRE_VOTE vote request: s0<-s2#0:OK-t0. Peer's state: s2@group-925896360766:t0, leader=null, voted=, raftlog=Memoized:s2@group-925896360766-SegmentedRaftLog:OPENED:c-1, conf=-1: peers:[s0|rpc:localhost:37553|admin:localhost:43967|client:localhost:33491|dataStream:localhost:41591|priority:0|startupRole:FOLLOWER, s1|rpc:localhost:36761|admin:localhost:41837|client:localhost:41895|dataStream:localhost:37405|priority:0|startupRole:FOLLOWER, s2|rpc:localhost:37581|admin:localhost:45391|client:localhost:39119|dataStream:localhost:42363|priority:0|startupRole:FOLLOWER]|listeners:[], old=null
2022-10-13 02:47:37,826 [grpc-default-executor-1] INFO  impl.VoteContext (VoteContext.java:log(49)) - s2@group-925896360766-CANDIDATE: accept PRE_VOTE from s1: our priority 0 <= candidate's priority 0
2022-10-13 02:47:37,826 [grpc-default-executor-1] INFO  server.RaftServer$Division (RaftServerImpl.java:requestVote(1324)) - s2@group-925896360766 replies to PRE_VOTE vote request: s1<-s2#0:OK-t0. Peer's state: s2@group-925896360766:t0, leader=null, voted=, raftlog=Memoized:s2@group-925896360766-SegmentedRaftLog:OPENED:c-1, conf=-1: peers:[s0|rpc:localhost:37553|admin:localhost:43967|client:localhost:33491|dataStream:localhost:41591|priority:0|startupRole:FOLLOWER, s1|rpc:localhost:36761|admin:localhost:41837|client:localhost:41895|dataStream:localhost:37405|priority:0|startupRole:FOLLOWER, s2|rpc:localhost:37581|admin:localhost:45391|client:localhost:39119|dataStream:localhost:42363|priority:0|startupRole:FOLLOWER]|listeners:[], old=null
2022-10-13 02:47:37,827 [grpc-default-executor-5] INFO  impl.VoteContext (VoteContext.java:log(49)) - s2@group-925896360766-CANDIDATE: accept PRE_VOTE from s0: our priority 0 <= candidate's priority 0
2022-10-13 02:47:37,827 [grpc-default-executor-5] INFO  server.RaftServer$Division (RaftServerImpl.java:requestVote(1324)) - s2@group-925896360766 replies to PRE_VOTE vote request: s0<-s2#0:OK-t0. Peer's state: s2@group-925896360766:t0, leader=null, voted=, raftlog=Memoized:s2@group-925896360766-SegmentedRaftLog:OPENED:c-1, conf=-1: peers:[s0|rpc:localhost:37553|admin:localhost:43967|client:localhost:33491|dataStream:localhost:41591|priority:0|startupRole:FOLLOWER, s1|rpc:localhost:36761|admin:localhost:41837|client:localhost:41895|dataStream:localhost:37405|priority:0|startupRole:FOLLOWER, s2|rpc:localhost:37581|admin:localhost:45391|client:localhost:39119|dataStream:localhost:42363|priority:0|startupRole:FOLLOWER]|listeners:[], old=null
2022-10-13 02:47:37,828 [grpc-default-executor-8] INFO  server.RaftServer$Division (RaftServerImpl.java:requestVote(1291)) - s1@group-925896360766: receive requestVote(PRE_VOTE, s0, group-925896360766, 0, (t:0, i:0))
2022-10-13 02:47:37,815 [grpc-default-executor-6] INFO  server.RaftServer$Division (RaftServerImpl.java:requestVote(1291)) - s2@group-925896360766: receive requestVote(PRE_VOTE, s1, group-925896360766, 0, (t:0, i:0))
2022-10-13 02:47:37,839 [s1@group-925896360766-LeaderElection2] INFO  impl.LeaderElection (LeaderElection.java:logAndReturn(89)) - s1@group-925896360766-LeaderElection2: PRE_VOTE PASSED received 1 response(s) and 0 exception(s):
2022-10-13 02:47:37,839 [s1@group-925896360766-LeaderElection2] INFO  impl.LeaderElection (LeaderElection.java:logAndReturn(93)) -   Response 0: s1<-s2#0:OK-t0
2022-10-13 02:47:37,840 [s1@group-925896360766-LeaderElection2] INFO  impl.LeaderElection (LeaderElection.java:askForVotes(311)) - s1@group-925896360766-LeaderElection2 PRE_VOTE round 1: result PASSED
2022-10-13 02:47:37,828 [grpc-default-executor-5] INFO  server.RaftServer$Division (RaftServerImpl.java:requestVote(1291)) - s0@group-925896360766: receive requestVote(PRE_VOTE, s2, group-925896360766, 0, (t:0, i:0))
2022-10-13 02:47:37,822 [grpc-default-executor-7] INFO  impl.VoteContext (VoteContext.java:log(49)) - s1@group-925896360766-CANDIDATE: accept PRE_VOTE from s0: our priority 0 <= candidate's priority 0
2022-10-13 02:47:37,844 [grpc-default-executor-7] INFO  server.RaftServer$Division (RaftServerImpl.java:requestVote(1324)) - s1@group-925896360766 replies to PRE_VOTE vote request: s0<-s1#0:OK-t0. Peer's state: s1@group-925896360766:t0, leader=null, voted=, raftlog=Memoized:s1@group-925896360766-SegmentedRaftLog:OPENED:c-1, conf=-1: peers:[s0|rpc:localhost:37553|admin:localhost:43967|client:localhost:33491|dataStream:localhost:41591|priority:0|startupRole:FOLLOWER, s1|rpc:localhost:36761|admin:localhost:41837|client:localhost:41895|dataStream:localhost:37405|priority:0|startupRole:FOLLOWER, s2|rpc:localhost:37581|admin:localhost:45391|client:localhost:39119|dataStream:localhost:42363|priority:0|startupRole:FOLLOWER]|listeners:[], old=null
2022-10-13 02:47:37,842 [grpc-default-executor-6] INFO  impl.VoteContext (VoteContext.java:log(49)) - s2@group-925896360766-CANDIDATE: accept PRE_VOTE from s1: our priority 0 <= candidate's priority 0
2022-10-13 02:47:37,842 [grpc-default-executor-5] INFO  impl.VoteContext (VoteContext.java:log(49)) - s0@group-925896360766-CANDIDATE: accept PRE_VOTE from s2: our priority 0 <= candidate's priority 0
2022-10-13 02:47:37,845 [grpc-default-executor-5] INFO  server.RaftServer$Division (RaftServerImpl.java:requestVote(1324)) - s0@group-925896360766 replies to PRE_VOTE vote request: s2<-s0#0:OK-t0. Peer's state: s0@group-925896360766:t0, leader=null, voted=, raftlog=Memoized:s0@group-925896360766-SegmentedRaftLog:OPENED:c-1, conf=-1: peers:[s0|rpc:localhost:37553|admin:localhost:43967|client:localhost:33491|dataStream:localhost:41591|priority:0|startupRole:FOLLOWER, s1|rpc:localhost:36761|admin:localhost:41837|client:localhost:41895|dataStream:localhost:37405|priority:0|startupRole:FOLLOWER, s2|rpc:localhost:37581|admin:localhost:45391|client:localhost:39119|dataStream:localhost:42363|priority:0|startupRole:FOLLOWER]|listeners:[], old=null
2022-10-13 02:47:37,844 [grpc-default-executor-8] INFO  impl.VoteContext (VoteContext.java:log(49)) - s1@group-925896360766-CANDIDATE: accept PRE_VOTE from s0: our priority 0 <= candidate's priority 0
2022-10-13 02:47:37,844 [grpc-default-executor-6] INFO  server.RaftServer$Division (RaftServerImpl.java:requestVote(1324)) - s2@group-925896360766 replies to PRE_VOTE vote request: s1<-s2#0:OK-t0. Peer's state: s2@group-925896360766:t0, leader=null, voted=, raftlog=Memoized:s2@group-925896360766-SegmentedRaftLog:OPENED:c-1, conf=-1: peers:[s0|rpc:localhost:37553|admin:localhost:43967|client:localhost:33491|dataStream:localhost:41591|priority:0|startupRole:FOLLOWER, s1|rpc:localhost:36761|admin:localhost:41837|client:localhost:41895|dataStream:localhost:37405|priority:0|startupRole:FOLLOWER, s2|rpc:localhost:37581|admin:localhost:45391|client:localhost:39119|dataStream:localhost:42363|priority:0|startupRole:FOLLOWER]|listeners:[], old=null
2022-10-13 02:47:37,844 [grpc-default-executor-0] INFO  server.RaftServer$Division (RaftServerImpl.java:requestVote(1291)) - s1@group-925896360766: receive requestVote(PRE_VOTE, s2, group-925896360766, 0, (t:0, i:0))
2022-10-13 02:47:37,846 [s0@group-925896360766-LeaderElection1] INFO  impl.LeaderElection (LeaderElection.java:logAndReturn(89)) - s0@group-925896360766-LeaderElection1: PRE_VOTE PASSED received 1 response(s) and 0 exception(s):
2022-10-13 02:47:37,851 [s0@group-925896360766-LeaderElection1] INFO  impl.LeaderElection (LeaderElection.java:logAndReturn(93)) -   Response 0: s0<-s2#0:OK-t0
2022-10-13 02:47:37,851 [s0@group-925896360766-LeaderElection1] INFO  impl.LeaderElection (LeaderElection.java:askForVotes(311)) - s0@group-925896360766-LeaderElection1 PRE_VOTE round 1: result PASSED
2022-10-13 02:47:37,851 [grpc-default-executor-6] INFO  server.RaftServer$Division (RaftServerImpl.java:requestVote(1291)) - s0@group-925896360766: receive requestVote(PRE_VOTE, s1, group-925896360766, 0, (t:0, i:0))
2022-10-13 02:47:37,852 [grpc-default-executor-8] INFO  server.RaftServer$Division (RaftServerImpl.java:requestVote(1324)) - s1@group-925896360766 replies to PRE_VOTE vote request: s0<-s1#0:OK-t0. Peer's state: s1@group-925896360766:t0, leader=null, voted=, raftlog=Memoized:s1@group-925896360766-SegmentedRaftLog:OPENED:c-1, conf=-1: peers:[s0|rpc:localhost:37553|admin:localhost:43967|client:localhost:33491|dataStream:localhost:41591|priority:0|startupRole:FOLLOWER, s1|rpc:localhost:36761|admin:localhost:41837|client:localhost:41895|dataStream:localhost:37405|priority:0|startupRole:FOLLOWER, s2|rpc:localhost:37581|admin:localhost:45391|client:localhost:39119|dataStream:localhost:42363|priority:0|startupRole:FOLLOWER]|listeners:[], old=null
2022-10-13 02:47:37,854 [s0@group-925896360766-LeaderElection1] INFO  impl.LeaderElection (LeaderElection.java:askForVotes(309)) - s0@group-925896360766-LeaderElection1 ELECTION round 0: submit vote requests at term 1 for -1: peers:[s0|rpc:localhost:37553|admin:localhost:43967|client:localhost:33491|dataStream:localhost:41591|priority:0|startupRole:FOLLOWER, s1|rpc:localhost:36761|admin:localhost:41837|client:localhost:41895|dataStream:localhost:37405|priority:0|startupRole:FOLLOWER, s2|rpc:localhost:37581|admin:localhost:45391|client:localhost:39119|dataStream:localhost:42363|priority:0|startupRole:FOLLOWER]|listeners:[], old=null
2022-10-13 02:47:37,855 [s1@group-925896360766-LeaderElection2] INFO  impl.LeaderElection (LeaderElection.java:askForVotes(309)) - s1@group-925896360766-LeaderElection2 ELECTION round 0: submit vote requests at term 1 for -1: peers:[s0|rpc:localhost:37553|admin:localhost:43967|client:localhost:33491|dataStream:localhost:41591|priority:0|startupRole:FOLLOWER, s1|rpc:localhost:36761|admin:localhost:41837|client:localhost:41895|dataStream:localhost:37405|priority:0|startupRole:FOLLOWER, s2|rpc:localhost:37581|admin:localhost:45391|client:localhost:39119|dataStream:localhost:42363|priority:0|startupRole:FOLLOWER]|listeners:[], old=null
2022-10-13 02:47:37,856 [grpc-default-executor-0] INFO  impl.VoteContext (VoteContext.java:log(49)) - s1@group-925896360766-CANDIDATE: accept PRE_VOTE from s2: our priority 0 <= candidate's priority 0
2022-10-13 02:47:37,863 [s1@group-925896360766-LeaderElection2] INFO  server.RaftServerConfigKeys (ConfUtils.java:logFallback(53)) - raft.server.rpc.first-election.timeout.min = 150ms (fallback to raft.server.rpc.timeout.min)
2022-10-13 02:47:37,868 [s1@group-925896360766-LeaderElection2] INFO  server.RaftServerConfigKeys (ConfUtils.java:logFallback(53)) - raft.server.rpc.first-election.timeout.max = 300ms (fallback to raft.server.rpc.timeout.max)
2022-10-13 02:47:37,857 [s0@group-925896360766-LeaderElection1] INFO  server.RaftServerConfigKeys (ConfUtils.java:logFallback(53)) - raft.server.rpc.first-election.timeout.min = 150ms (fallback to raft.server.rpc.timeout.min)
2022-10-13 02:47:37,868 [s0@group-925896360766-LeaderElection1] INFO  server.RaftServerConfigKeys (ConfUtils.java:logFallback(53)) - raft.server.rpc.first-election.timeout.max = 300ms (fallback to raft.server.rpc.timeout.max)
2022-10-13 02:47:37,856 [grpc-default-executor-6] INFO  impl.VoteContext (VoteContext.java:log(49)) - s0@group-925896360766-CANDIDATE: accept PRE_VOTE from s1: our priority 0 <= candidate's priority 0
2022-10-13 02:47:37,869 [grpc-default-executor-6] INFO  server.RaftServer$Division (RaftServerImpl.java:requestVote(1324)) - s0@group-925896360766 replies to PRE_VOTE vote request: s1<-s0#0:OK-t1. Peer's state: s0@group-925896360766:t1, leader=null, voted=s0, raftlog=Memoized:s0@group-925896360766-SegmentedRaftLog:OPENED:c-1, conf=-1: peers:[s0|rpc:localhost:37553|admin:localhost:43967|client:localhost:33491|dataStream:localhost:41591|priority:0|startupRole:FOLLOWER, s1|rpc:localhost:36761|admin:localhost:41837|client:localhost:41895|dataStream:localhost:37405|priority:0|startupRole:FOLLOWER, s2|rpc:localhost:37581|admin:localhost:45391|client:localhost:39119|dataStream:localhost:42363|priority:0|startupRole:FOLLOWER]|listeners:[], old=null
2022-10-13 02:47:37,867 [grpc-default-executor-0] INFO  server.RaftServer$Division (RaftServerImpl.java:requestVote(1324)) - s1@group-925896360766 replies to PRE_VOTE vote request: s2<-s1#0:OK-t1. Peer's state: s1@group-925896360766:t1, leader=null, voted=s1, raftlog=Memoized:s1@group-925896360766-SegmentedRaftLog:OPENED:c-1, conf=-1: peers:[s0|rpc:localhost:37553|admin:localhost:43967|client:localhost:33491|dataStream:localhost:41591|priority:0|startupRole:FOLLOWER, s1|rpc:localhost:36761|admin:localhost:41837|client:localhost:41895|dataStream:localhost:37405|priority:0|startupRole:FOLLOWER, s2|rpc:localhost:37581|admin:localhost:45391|client:localhost:39119|dataStream:localhost:42363|priority:0|startupRole:FOLLOWER]|listeners:[], old=null
2022-10-13 02:47:37,873 [s2@group-925896360766-LeaderElection3] INFO  impl.LeaderElection (LeaderElection.java:logAndReturn(89)) - s2@group-925896360766-LeaderElection3: PRE_VOTE PASSED received 1 response(s) and 0 exception(s):
2022-10-13 02:47:37,874 [s2@group-925896360766-LeaderElection3] INFO  impl.LeaderElection (LeaderElection.java:logAndReturn(93)) -   Response 0: s2<-s0#0:OK-t0
2022-10-13 02:47:37,874 [s2@group-925896360766-LeaderElection3] INFO  impl.LeaderElection (LeaderElection.java:askForVotes(311)) - s2@group-925896360766-LeaderElection3 PRE_VOTE round 1: result PASSED
2022-10-13 02:47:37,875 [grpc-default-executor-8] INFO  server.RaftServer$Division (RaftServerImpl.java:requestVote(1291)) - s2@group-925896360766: receive requestVote(ELECTION, s1, group-925896360766, 1, (t:0, i:0))
2022-10-13 02:47:37,877 [s2@group-925896360766-LeaderElection3] INFO  impl.LeaderElection (LeaderElection.java:askForVotes(309)) - s2@group-925896360766-LeaderElection3 ELECTION round 0: submit vote requests at term 1 for -1: peers:[s0|rpc:localhost:37553|admin:localhost:43967|client:localhost:33491|dataStream:localhost:41591|priority:0|startupRole:FOLLOWER, s1|rpc:localhost:36761|admin:localhost:41837|client:localhost:41895|dataStream:localhost:37405|priority:0|startupRole:FOLLOWER, s2|rpc:localhost:37581|admin:localhost:45391|client:localhost:39119|dataStream:localhost:42363|priority:0|startupRole:FOLLOWER]|listeners:[], old=null
2022-10-13 02:47:37,877 [grpc-default-executor-8] INFO  impl.VoteContext (VoteContext.java:log(49)) - s2@group-925896360766-CANDIDATE: reject ELECTION from s1: already has voted for s2 at current term 1
2022-10-13 02:47:37,878 [grpc-default-executor-8] INFO  server.RaftServer$Division (RaftServerImpl.java:requestVote(1324)) - s2@group-925896360766 replies to ELECTION vote request: s1<-s2#0:FAIL-t1. Peer's state: s2@group-925896360766:t1, leader=null, voted=s2, raftlog=Memoized:s2@group-925896360766-SegmentedRaftLog:OPENED:c-1, conf=-1: peers:[s0|rpc:localhost:37553|admin:localhost:43967|client:localhost:33491|dataStream:localhost:41591|priority:0|startupRole:FOLLOWER, s1|rpc:localhost:36761|admin:localhost:41837|client:localhost:41895|dataStream:localhost:37405|priority:0|startupRole:FOLLOWER, s2|rpc:localhost:37581|admin:localhost:45391|client:localhost:39119|dataStream:localhost:42363|priority:0|startupRole:FOLLOWER]|listeners:[], old=null
2022-10-13 02:47:37,884 [s2@group-925896360766-LeaderElection3] INFO  server.RaftServerConfigKeys (ConfUtils.java:logFallback(53)) - raft.server.rpc.first-election.timeout.min = 150ms (fallback to raft.server.rpc.timeout.min)
2022-10-13 02:47:37,887 [s2@group-925896360766-LeaderElection3] INFO  server.RaftServerConfigKeys (ConfUtils.java:logFallback(53)) - raft.server.rpc.first-election.timeout.max = 300ms (fallback to raft.server.rpc.timeout.max)
2022-10-13 02:47:37,888 [grpc-default-executor-0] INFO  server.RaftServer$Division (RaftServerImpl.java:requestVote(1291)) - s1@group-925896360766: receive requestVote(ELECTION, s0, group-925896360766, 1, (t:0, i:0))
2022-10-13 02:47:37,888 [grpc-default-executor-6] INFO  server.RaftServer$Division (RaftServerImpl.java:requestVote(1291)) - s2@group-925896360766: receive requestVote(ELECTION, s0, group-925896360766, 1, (t:0, i:0))
2022-10-13 02:47:37,889 [grpc-default-executor-6] INFO  impl.VoteContext (VoteContext.java:log(49)) - s2@group-925896360766-CANDIDATE: reject ELECTION from s0: already has voted for s2 at current term 1
2022-10-13 02:47:37,889 [grpc-default-executor-6] INFO  server.RaftServer$Division (RaftServerImpl.java:requestVote(1324)) - s2@group-925896360766 replies to ELECTION vote request: s0<-s2#0:FAIL-t1. Peer's state: s2@group-925896360766:t1, leader=null, voted=s2, raftlog=Memoized:s2@group-925896360766-SegmentedRaftLog:OPENED:c-1, conf=-1: peers:[s0|rpc:localhost:37553|admin:localhost:43967|client:localhost:33491|dataStream:localhost:41591|priority:0|startupRole:FOLLOWER, s1|rpc:localhost:36761|admin:localhost:41837|client:localhost:41895|dataStream:localhost:37405|priority:0|startupRole:FOLLOWER, s2|rpc:localhost:37581|admin:localhost:45391|client:localhost:39119|dataStream:localhost:42363|priority:0|startupRole:FOLLOWER]|listeners:[], old=null
2022-10-13 02:47:37,888 [grpc-default-executor-8] INFO  server.RaftServer$Division (RaftServerImpl.java:requestVote(1291)) - s0@group-925896360766: receive requestVote(ELECTION, s1, group-925896360766, 1, (t:0, i:0))
2022-10-13 02:47:37,890 [grpc-default-executor-8] INFO  impl.VoteContext (VoteContext.java:log(49)) - s0@group-925896360766-CANDIDATE: reject ELECTION from s1: already has voted for s0 at current term 1
2022-10-13 02:47:37,890 [grpc-default-executor-8] INFO  server.RaftServer$Division (RaftServerImpl.java:requestVote(1324)) - s0@group-925896360766 replies to ELECTION vote request: s1<-s0#0:FAIL-t1. Peer's state: s0@group-925896360766:t1, leader=null, voted=s0, raftlog=Memoized:s0@group-925896360766-SegmentedRaftLog:OPENED:c-1, conf=-1: peers:[s0|rpc:localhost:37553|admin:localhost:43967|client:localhost:33491|dataStream:localhost:41591|priority:0|startupRole:FOLLOWER, s1|rpc:localhost:36761|admin:localhost:41837|client:localhost:41895|dataStream:localhost:37405|priority:0|startupRole:FOLLOWER, s2|rpc:localhost:37581|admin:localhost:45391|client:localhost:39119|dataStream:localhost:42363|priority:0|startupRole:FOLLOWER]|listeners:[], old=null
2022-10-13 02:47:37,889 [grpc-default-executor-7] INFO  server.RaftServer$Division (RaftServerImpl.java:requestVote(1291)) - s1@group-925896360766: receive requestVote(ELECTION, s2, group-925896360766, 1, (t:0, i:0))
2022-10-13 02:47:37,889 [grpc-default-executor-5] INFO  server.RaftServer$Division (RaftServerImpl.java:requestVote(1291)) - s0@group-925896360766: receive requestVote(ELECTION, s2, group-925896360766, 1, (t:0, i:0))
2022-10-13 02:47:37,891 [grpc-default-executor-5] INFO  impl.VoteContext (VoteContext.java:log(49)) - s0@group-925896360766-CANDIDATE: reject ELECTION from s2: already has voted for s0 at current term 1
2022-10-13 02:47:37,891 [grpc-default-executor-5] INFO  server.RaftServer$Division (RaftServerImpl.java:requestVote(1324)) - s0@group-925896360766 replies to ELECTION vote request: s2<-s0#0:FAIL-t1. Peer's state: s0@group-925896360766:t1, leader=null, voted=s0, raftlog=Memoized:s0@group-925896360766-SegmentedRaftLog:OPENED:c-1, conf=-1: peers:[s0|rpc:localhost:37553|admin:localhost:43967|client:localhost:33491|dataStream:localhost:41591|priority:0|startupRole:FOLLOWER, s1|rpc:localhost:36761|admin:localhost:41837|client:localhost:41895|dataStream:localhost:37405|priority:0|startupRole:FOLLOWER, s2|rpc:localhost:37581|admin:localhost:45391|client:localhost:39119|dataStream:localhost:42363|priority:0|startupRole:FOLLOWER]|listeners:[], old=null
2022-10-13 02:47:37,889 [grpc-default-executor-0] INFO  impl.VoteContext (VoteContext.java:log(49)) - s1@group-925896360766-CANDIDATE: reject ELECTION from s0: already has voted for s1 at current term 1
2022-10-13 02:47:37,892 [grpc-default-executor-0] INFO  server.RaftServer$Division (RaftServerImpl.java:requestVote(1324)) - s1@group-925896360766 replies to ELECTION vote request: s0<-s1#0:FAIL-t1. Peer's state: s1@group-925896360766:t1, leader=null, voted=s1, raftlog=Memoized:s1@group-925896360766-SegmentedRaftLog:OPENED:c-1, conf=-1: peers:[s0|rpc:localhost:37553|admin:localhost:43967|client:localhost:33491|dataStream:localhost:41591|priority:0|startupRole:FOLLOWER, s1|rpc:localhost:36761|admin:localhost:41837|client:localhost:41895|dataStream:localhost:37405|priority:0|startupRole:FOLLOWER, s2|rpc:localhost:37581|admin:localhost:45391|client:localhost:39119|dataStream:localhost:42363|priority:0|startupRole:FOLLOWER]|listeners:[], old=null
2022-10-13 02:47:37,892 [grpc-default-executor-7] INFO  impl.VoteContext (VoteContext.java:log(49)) - s1@group-925896360766-CANDIDATE: reject ELECTION from s2: already has voted for s1 at current term 1
2022-10-13 02:47:37,894 [grpc-default-executor-7] INFO  server.RaftServer$Division (RaftServerImpl.java:requestVote(1324)) - s1@group-925896360766 replies to ELECTION vote request: s2<-s1#0:FAIL-t1. Peer's state: s1@group-925896360766:t1, leader=null, voted=s1, raftlog=Memoized:s1@group-925896360766-SegmentedRaftLog:OPENED:c-1, conf=-1: peers:[s0|rpc:localhost:37553|admin:localhost:43967|client:localhost:33491|dataStream:localhost:41591|priority:0|startupRole:FOLLOWER, s1|rpc:localhost:36761|admin:localhost:41837|client:localhost:41895|dataStream:localhost:37405|priority:0|startupRole:FOLLOWER, s2|rpc:localhost:37581|admin:localhost:45391|client:localhost:39119|dataStream:localhost:42363|priority:0|startupRole:FOLLOWER]|listeners:[], old=null
2022-10-13 02:47:37,895 [s1@group-925896360766-LeaderElection2] INFO  impl.LeaderElection (LeaderElection.java:logAndReturn(89)) - s1@group-925896360766-LeaderElection2: ELECTION REJECTED received 2 response(s) and 0 exception(s):
2022-10-13 02:47:37,896 [s1@group-925896360766-LeaderElection2] INFO  impl.LeaderElection (LeaderElection.java:logAndReturn(93)) -   Response 0: s1<-s0#0:FAIL-t1
2022-10-13 02:47:37,896 [s1@group-925896360766-LeaderElection2] INFO  impl.LeaderElection (LeaderElection.java:logAndReturn(93)) -   Response 1: s1<-s2#0:FAIL-t1
2022-10-13 02:47:37,896 [s1@group-925896360766-LeaderElection2] INFO  impl.LeaderElection (LeaderElection.java:askForVotes(311)) - s1@group-925896360766-LeaderElection2 ELECTION round 0: result REJECTED
2022-10-13 02:47:37,897 [s1@group-925896360766-LeaderElection2] INFO  server.RaftServer$Division (RaftServerImpl.java:setRole(325)) - s1@group-925896360766: changes role from CANDIDATE to FOLLOWER at term 1 for REJECTED
2022-10-13 02:47:37,897 [s1@group-925896360766-LeaderElection2] INFO  impl.RoleInfo (RoleInfo.java:shutdownLeaderElection(130)) - s1: shutdown s1@group-925896360766-LeaderElection2
2022-10-13 02:47:37,897 [s1@group-925896360766-LeaderElection2] INFO  impl.RoleInfo (RoleInfo.java:updateAndGet(139)) - s1: start s1@group-925896360766-FollowerState
2022-10-13 02:47:37,898 [s0@group-925896360766-LeaderElection1] INFO  impl.LeaderElection (LeaderElection.java:logAndReturn(89)) - s0@group-925896360766-LeaderElection1: ELECTION REJECTED received 2 response(s) and 0 exception(s):
2022-10-13 02:47:37,902 [s0@group-925896360766-LeaderElection1] INFO  impl.LeaderElection (LeaderElection.java:logAndReturn(93)) -   Response 0: s0<-s1#0:FAIL-t1
2022-10-13 02:47:37,902 [s0@group-925896360766-LeaderElection1] INFO  impl.LeaderElection (LeaderElection.java:logAndReturn(93)) -   Response 1: s0<-s2#0:FAIL-t1
2022-10-13 02:47:37,902 [s0@group-925896360766-LeaderElection1] INFO  impl.LeaderElection (LeaderElection.java:askForVotes(311)) - s0@group-925896360766-LeaderElection1 ELECTION round 0: result REJECTED
2022-10-13 02:47:37,898 [s2@group-925896360766-LeaderElection3] INFO  impl.LeaderElection (LeaderElection.java:logAndReturn(89)) - s2@group-925896360766-LeaderElection3: ELECTION REJECTED received 2 response(s) and 0 exception(s):
2022-10-13 02:47:37,904 [s2@group-925896360766-LeaderElection3] INFO  impl.LeaderElection (LeaderElection.java:logAndReturn(93)) -   Response 0: s2<-s0#0:FAIL-t1
2022-10-13 02:47:37,904 [s2@group-925896360766-LeaderElection3] INFO  impl.LeaderElection (LeaderElection.java:logAndReturn(93)) -   Response 1: s2<-s1#0:FAIL-t1
2022-10-13 02:47:37,903 [s0@group-925896360766-LeaderElection1] INFO  server.RaftServer$Division (RaftServerImpl.java:setRole(325)) - s0@group-925896360766: changes role from CANDIDATE to FOLLOWER at term 1 for REJECTED
2022-10-13 02:47:37,904 [s0@group-925896360766-LeaderElection1] INFO  impl.RoleInfo (RoleInfo.java:shutdownLeaderElection(130)) - s0: shutdown s0@group-925896360766-LeaderElection1
2022-10-13 02:47:37,904 [s0@group-925896360766-LeaderElection1] INFO  impl.RoleInfo (RoleInfo.java:updateAndGet(139)) - s0: start s0@group-925896360766-FollowerState
2022-10-13 02:47:37,904 [s2@group-925896360766-LeaderElection3] INFO  impl.LeaderElection (LeaderElection.java:askForVotes(311)) - s2@group-925896360766-LeaderElection3 ELECTION round 0: result REJECTED
2022-10-13 02:47:37,904 [s2@group-925896360766-LeaderElection3] INFO  server.RaftServer$Division (RaftServerImpl.java:setRole(325)) - s2@group-925896360766: changes role from CANDIDATE to FOLLOWER at term 1 for REJECTED
2022-10-13 02:47:37,904 [s2@group-925896360766-LeaderElection3] INFO  impl.RoleInfo (RoleInfo.java:shutdownLeaderElection(130)) - s2: shutdown s2@group-925896360766-LeaderElection3
2022-10-13 02:47:37,904 [s2@group-925896360766-LeaderElection3] INFO  impl.RoleInfo (RoleInfo.java:updateAndGet(139)) - s2: start s2@group-925896360766-FollowerState
2022-10-13 02:47:37,909 [s1@group-925896360766-FollowerState] INFO  server.RaftServerConfigKeys (ConfUtils.java:logFallback(53)) - raft.server.rpc.first-election.timeout.min = 150ms (fallback to raft.server.rpc.timeout.min)
2022-10-13 02:47:37,909 [s1@group-925896360766-FollowerState] INFO  server.RaftServerConfigKeys (ConfUtils.java:logFallback(53)) - raft.server.rpc.first-election.timeout.max = 300ms (fallback to raft.server.rpc.timeout.max)
2022-10-13 02:47:37,910 [s0@group-925896360766-FollowerState] INFO  server.RaftServerConfigKeys (ConfUtils.java:logFallback(53)) - raft.server.rpc.first-election.timeout.min = 150ms (fallback to raft.server.rpc.timeout.min)
2022-10-13 02:47:37,910 [s0@group-925896360766-FollowerState] INFO  server.RaftServerConfigKeys (ConfUtils.java:logFallback(53)) - raft.server.rpc.first-election.timeout.max = 300ms (fallback to raft.server.rpc.timeout.max)
2022-10-13 02:47:37,910 [s2@group-925896360766-FollowerState] INFO  server.RaftServerConfigKeys (ConfUtils.java:logFallback(53)) - raft.server.rpc.first-election.timeout.min = 150ms (fallback to raft.server.rpc.timeout.min)
2022-10-13 02:47:37,910 [s2@group-925896360766-FollowerState] INFO  server.RaftServerConfigKeys (ConfUtils.java:logFallback(53)) - raft.server.rpc.first-election.timeout.max = 300ms (fallback to raft.server.rpc.timeout.max)
2022-10-13 02:47:38,141 [s1@group-925896360766-FollowerState] INFO  impl.FollowerState (FollowerState.java:run(143)) - s1@group-925896360766-FollowerState: change to CANDIDATE, lastRpcElapsedTime:244103230ns, electionTimeout:232ms
2022-10-13 02:47:38,142 [s1@group-925896360766-FollowerState] INFO  impl.RoleInfo (RoleInfo.java:shutdownFollowerState(110)) - s1: shutdown s1@group-925896360766-FollowerState
2022-10-13 02:47:38,142 [s1@group-925896360766-FollowerState] INFO  server.RaftServer$Division (RaftServerImpl.java:setRole(325)) - s1@group-925896360766: changes role from  FOLLOWER to CANDIDATE at term 1 for changeToCandidate
2022-10-13 02:47:38,142 [s1@group-925896360766-FollowerState] INFO  server.RaftServerConfigKeys (ConfUtils.java:logGet(46)) - raft.server.leaderelection.pre-vote = true (default)
2022-10-13 02:47:38,142 [s1@group-925896360766-FollowerState] INFO  impl.RoleInfo (RoleInfo.java:updateAndGet(139)) - s1: start s1@group-925896360766-LeaderElection4
2022-10-13 02:47:38,145 [s1@group-925896360766-LeaderElection4] INFO  impl.LeaderElection (LeaderElection.java:askForVotes(309)) - s1@group-925896360766-LeaderElection4 PRE_VOTE round 0: submit vote requests at term 1 for -1: peers:[s0|rpc:localhost:37553|admin:localhost:43967|client:localhost:33491|dataStream:localhost:41591|priority:0|startupRole:FOLLOWER, s1|rpc:localhost:36761|admin:localhost:41837|client:localhost:41895|dataStream:localhost:37405|priority:0|startupRole:FOLLOWER, s2|rpc:localhost:37581|admin:localhost:45391|client:localhost:39119|dataStream:localhost:42363|priority:0|startupRole:FOLLOWER]|listeners:[], old=null
2022-10-13 02:47:38,150 [s1@group-925896360766-LeaderElection4] INFO  server.RaftServerConfigKeys (ConfUtils.java:logFallback(53)) - raft.server.rpc.first-election.timeout.min = 150ms (fallback to raft.server.rpc.timeout.min)
2022-10-13 02:47:38,150 [s1@group-925896360766-LeaderElection4] INFO  server.RaftServerConfigKeys (ConfUtils.java:logFallback(53)) - raft.server.rpc.first-election.timeout.max = 300ms (fallback to raft.server.rpc.timeout.max)
2022-10-13 02:47:38,151 [grpc-default-executor-8] INFO  server.RaftServer$Division (RaftServerImpl.java:requestVote(1291)) - s0@group-925896360766: receive requestVote(PRE_VOTE, s1, group-925896360766, 1, (t:0, i:0))
2022-10-13 02:47:38,151 [grpc-default-executor-8] INFO  impl.VoteContext (VoteContext.java:log(49)) - s0@group-925896360766-FOLLOWER: accept PRE_VOTE from s1: our priority 0 <= candidate's priority 0
2022-10-13 02:47:38,156 [grpc-default-executor-7] INFO  server.RaftServer$Division (RaftServerImpl.java:requestVote(1291)) - s2@group-925896360766: receive requestVote(PRE_VOTE, s1, group-925896360766, 1, (t:0, i:0))
2022-10-13 02:47:38,156 [grpc-default-executor-7] INFO  impl.VoteContext (VoteContext.java:log(49)) - s2@group-925896360766-FOLLOWER: accept PRE_VOTE from s1: our priority 0 <= candidate's priority 0
2022-10-13 02:47:38,157 [grpc-default-executor-8] INFO  server.RaftServer$Division (RaftServerImpl.java:requestVote(1324)) - s0@group-925896360766 replies to PRE_VOTE vote request: s1<-s0#0:OK-t1. Peer's state: s0@group-925896360766:t1, leader=null, voted=s0, raftlog=Memoized:s0@group-925896360766-SegmentedRaftLog:OPENED:c-1, conf=-1: peers:[s0|rpc:localhost:37553|admin:localhost:43967|client:localhost:33491|dataStream:localhost:41591|priority:0|startupRole:FOLLOWER, s1|rpc:localhost:36761|admin:localhost:41837|client:localhost:41895|dataStream:localhost:37405|priority:0|startupRole:FOLLOWER, s2|rpc:localhost:37581|admin:localhost:45391|client:localhost:39119|dataStream:localhost:42363|priority:0|startupRole:FOLLOWER]|listeners:[], old=null
2022-10-13 02:47:38,157 [s0@group-925896360766-FollowerState] INFO  server.RaftServerConfigKeys (ConfUtils.java:logFallback(53)) - raft.server.rpc.first-election.timeout.min = 150ms (fallback to raft.server.rpc.timeout.min)
2022-10-13 02:47:38,157 [s0@group-925896360766-FollowerState] INFO  server.RaftServerConfigKeys (ConfUtils.java:logFallback(53)) - raft.server.rpc.first-election.timeout.max = 300ms (fallback to raft.server.rpc.timeout.max)
2022-10-13 02:47:38,157 [grpc-default-executor-7] INFO  server.RaftServer$Division (RaftServerImpl.java:requestVote(1324)) - s2@group-925896360766 replies to PRE_VOTE vote request: s1<-s2#0:OK-t1. Peer's state: s2@group-925896360766:t1, leader=null, voted=s2, raftlog=Memoized:s2@group-925896360766-SegmentedRaftLog:OPENED:c-1, conf=-1: peers:[s0|rpc:localhost:37553|admin:localhost:43967|client:localhost:33491|dataStream:localhost:41591|priority:0|startupRole:FOLLOWER, s1|rpc:localhost:36761|admin:localhost:41837|client:localhost:41895|dataStream:localhost:37405|priority:0|startupRole:FOLLOWER, s2|rpc:localhost:37581|admin:localhost:45391|client:localhost:39119|dataStream:localhost:42363|priority:0|startupRole:FOLLOWER]|listeners:[], old=null
2022-10-13 02:47:38,159 [s1@group-925896360766-LeaderElection4] INFO  impl.LeaderElection (LeaderElection.java:logAndReturn(89)) - s1@group-925896360766-LeaderElection4: PRE_VOTE PASSED received 1 response(s) and 0 exception(s):
2022-10-13 02:47:38,160 [s1@group-925896360766-LeaderElection4] INFO  impl.LeaderElection (LeaderElection.java:logAndReturn(93)) -   Response 0: s1<-s0#0:OK-t1
2022-10-13 02:47:38,160 [s1@group-925896360766-LeaderElection4] INFO  impl.LeaderElection (LeaderElection.java:askForVotes(311)) - s1@group-925896360766-LeaderElection4 PRE_VOTE round 0: result PASSED
2022-10-13 02:47:38,162 [s1@group-925896360766-LeaderElection4] INFO  impl.LeaderElection (LeaderElection.java:askForVotes(309)) - s1@group-925896360766-LeaderElection4 ELECTION round 0: submit vote requests at term 2 for -1: peers:[s0|rpc:localhost:37553|admin:localhost:43967|client:localhost:33491|dataStream:localhost:41591|priority:0|startupRole:FOLLOWER, s1|rpc:localhost:36761|admin:localhost:41837|client:localhost:41895|dataStream:localhost:37405|priority:0|startupRole:FOLLOWER, s2|rpc:localhost:37581|admin:localhost:45391|client:localhost:39119|dataStream:localhost:42363|priority:0|startupRole:FOLLOWER]|listeners:[], old=null
2022-10-13 02:47:38,163 [s1@group-925896360766-LeaderElection4] INFO  server.RaftServerConfigKeys (ConfUtils.java:logFallback(53)) - raft.server.rpc.first-election.timeout.min = 150ms (fallback to raft.server.rpc.timeout.min)
2022-10-13 02:47:38,163 [s1@group-925896360766-LeaderElection4] INFO  server.RaftServerConfigKeys (ConfUtils.java:logFallback(53)) - raft.server.rpc.first-election.timeout.max = 300ms (fallback to raft.server.rpc.timeout.max)
2022-10-13 02:47:38,165 [grpc-default-executor-8] INFO  server.RaftServer$Division (RaftServerImpl.java:requestVote(1291)) - s0@group-925896360766: receive requestVote(ELECTION, s1, group-925896360766, 2, (t:0, i:0))
2022-10-13 02:47:38,165 [grpc-default-executor-8] INFO  impl.VoteContext (VoteContext.java:log(49)) - s0@group-925896360766-FOLLOWER: accept ELECTION from s1: our priority 0 <= candidate's priority 0
2022-10-13 02:47:38,165 [grpc-default-executor-8] INFO  server.RaftServer$Division (RaftServerImpl.java:setRole(325)) - s0@group-925896360766: changes role from  FOLLOWER to FOLLOWER at term 2 for candidate:s1
2022-10-13 02:47:38,165 [grpc-default-executor-8] INFO  impl.RoleInfo (RoleInfo.java:shutdownFollowerState(110)) - s0: shutdown s0@group-925896360766-FollowerState
2022-10-13 02:47:38,165 [grpc-default-executor-8] INFO  impl.RoleInfo (RoleInfo.java:updateAndGet(139)) - s0: start s0@group-925896360766-FollowerState
2022-10-13 02:47:38,165 [s0@group-925896360766-FollowerState] INFO  impl.FollowerState (FollowerState.java:run(152)) - s0@group-925896360766-FollowerState was interrupted
2022-10-13 02:47:38,174 [s0@group-925896360766-FollowerState] INFO  server.RaftServerConfigKeys (ConfUtils.java:logFallback(53)) - raft.server.rpc.first-election.timeout.min = 150ms (fallback to raft.server.rpc.timeout.min)
2022-10-13 02:47:38,174 [grpc-default-executor-7] INFO  server.RaftServer$Division (RaftServerImpl.java:requestVote(1291)) - s2@group-925896360766: receive requestVote(ELECTION, s1, group-925896360766, 2, (t:0, i:0))
2022-10-13 02:47:38,174 [grpc-default-executor-7] INFO  impl.VoteContext (VoteContext.java:log(49)) - s2@group-925896360766-FOLLOWER: accept ELECTION from s1: our priority 0 <= candidate's priority 0
2022-10-13 02:47:38,174 [grpc-default-executor-7] INFO  server.RaftServer$Division (RaftServerImpl.java:setRole(325)) - s2@group-925896360766: changes role from  FOLLOWER to FOLLOWER at term 2 for candidate:s1
2022-10-13 02:47:38,175 [grpc-default-executor-7] INFO  impl.RoleInfo (RoleInfo.java:shutdownFollowerState(110)) - s2: shutdown s2@group-925896360766-FollowerState
2022-10-13 02:47:38,175 [grpc-default-executor-7] INFO  impl.RoleInfo (RoleInfo.java:updateAndGet(139)) - s2: start s2@group-925896360766-FollowerState
2022-10-13 02:47:38,175 [s2@group-925896360766-FollowerState] INFO  impl.FollowerState (FollowerState.java:run(152)) - s2@group-925896360766-FollowerState was interrupted
2022-10-13 02:47:38,176 [s0@group-925896360766-FollowerState] INFO  server.RaftServerConfigKeys (ConfUtils.java:logFallback(53)) - raft.server.rpc.first-election.timeout.max = 300ms (fallback to raft.server.rpc.timeout.max)
2022-10-13 02:47:38,176 [s2@group-925896360766-FollowerState] INFO  server.RaftServerConfigKeys (ConfUtils.java:logFallback(53)) - raft.server.rpc.first-election.timeout.min = 150ms (fallback to raft.server.rpc.timeout.min)
2022-10-13 02:47:38,176 [s2@group-925896360766-FollowerState] INFO  server.RaftServerConfigKeys (ConfUtils.java:logFallback(53)) - raft.server.rpc.first-election.timeout.max = 300ms (fallback to raft.server.rpc.timeout.max)
2022-10-13 02:47:38,177 [grpc-default-executor-8] INFO  server.RaftServer$Division (RaftServerImpl.java:requestVote(1324)) - s0@group-925896360766 replies to ELECTION vote request: s1<-s0#0:OK-t2. Peer's state: s0@group-925896360766:t2, leader=null, voted=s1, raftlog=Memoized:s0@group-925896360766-SegmentedRaftLog:OPENED:c-1, conf=-1: peers:[s0|rpc:localhost:37553|admin:localhost:43967|client:localhost:33491|dataStream:localhost:41591|priority:0|startupRole:FOLLOWER, s1|rpc:localhost:36761|admin:localhost:41837|client:localhost:41895|dataStream:localhost:37405|priority:0|startupRole:FOLLOWER, s2|rpc:localhost:37581|admin:localhost:45391|client:localhost:39119|dataStream:localhost:42363|priority:0|startupRole:FOLLOWER]|listeners:[], old=null
2022-10-13 02:47:38,177 [grpc-default-executor-7] INFO  server.RaftServer$Division (RaftServerImpl.java:requestVote(1324)) - s2@group-925896360766 replies to ELECTION vote request: s1<-s2#0:OK-t2. Peer's state: s2@group-925896360766:t2, leader=null, voted=s1, raftlog=Memoized:s2@group-925896360766-SegmentedRaftLog:OPENED:c-1, conf=-1: peers:[s0|rpc:localhost:37553|admin:localhost:43967|client:localhost:33491|dataStream:localhost:41591|priority:0|startupRole:FOLLOWER, s1|rpc:localhost:36761|admin:localhost:41837|client:localhost:41895|dataStream:localhost:37405|priority:0|startupRole:FOLLOWER, s2|rpc:localhost:37581|admin:localhost:45391|client:localhost:39119|dataStream:localhost:42363|priority:0|startupRole:FOLLOWER]|listeners:[], old=null
2022-10-13 02:47:38,180 [s1@group-925896360766-LeaderElection4] INFO  impl.LeaderElection (LeaderElection.java:logAndReturn(89)) - s1@group-925896360766-LeaderElection4: ELECTION PASSED received 1 response(s) and 0 exception(s):
2022-10-13 02:47:38,180 [s1@group-925896360766-LeaderElection4] INFO  impl.LeaderElection (LeaderElection.java:logAndReturn(93)) -   Response 0: s1<-s0#0:OK-t2
2022-10-13 02:47:38,180 [s1@group-925896360766-LeaderElection4] INFO  impl.LeaderElection (LeaderElection.java:askForVotes(311)) - s1@group-925896360766-LeaderElection4 ELECTION round 0: result PASSED
2022-10-13 02:47:38,181 [s1@group-925896360766-LeaderElection4] INFO  impl.RoleInfo (RoleInfo.java:shutdownLeaderElection(130)) - s1: shutdown s1@group-925896360766-LeaderElection4
2022-10-13 02:47:38,181 [s1@group-925896360766-LeaderElection4] INFO  server.RaftServer$Division (RaftServerImpl.java:setRole(325)) - s1@group-925896360766: changes role from CANDIDATE to LEADER at term 2 for changeToLeader
2022-10-13 02:47:38,181 [s1@group-925896360766-LeaderElection4] INFO  server.RaftServer$Division (ServerState.java:setLeader(259)) - s1@group-925896360766: change Leader from null to s1 at term 2 for becomeLeader, leader elected after 1297ms
2022-10-13 02:47:38,186 [s1@group-925896360766-LeaderElection4] INFO  server.RaftServerConfigKeys (ConfUtils.java:logGet(46)) - raft.server.staging.catchup.gap = 1000 (default)
2022-10-13 02:47:38,190 [s1@group-925896360766-LeaderElection4] INFO  server.RaftServerConfigKeys (ConfUtils.java:logGet(46)) - raft.server.write.element-limit = 4096 (default)
2022-10-13 02:47:38,190 [s1@group-925896360766-LeaderElection4] INFO  server.RaftServerConfigKeys (ConfUtils.java:logGet(46)) - raft.server.write.byte-limit = 64MB (=67108864) (default)
2022-10-13 02:47:38,193 [s1@group-925896360766-LeaderElection4] INFO  server.RaftServerConfigKeys (ConfUtils.java:logGet(46)) - raft.server.watch.timeout = 10s (default)
2022-10-13 02:47:38,193 [s1@group-925896360766-LeaderElection4] INFO  server.RaftServerConfigKeys (ConfUtils.java:logGet(46)) - raft.server.watch.timeout.denomination = 1s (default)
2022-10-13 02:47:38,194 [s1@group-925896360766-LeaderElection4] INFO  server.RaftServerConfigKeys (ConfUtils.java:logGet(46)) - raft.server.watch.element-limit = 65536 (default)
2022-10-13 02:47:38,198 [s1@group-925896360766-LeaderElection4] INFO  server.RaftServerConfigKeys (ConfUtils.java:logGet(46)) - raft.server.write.element-limit = 4096 (default)
2022-10-13 02:47:38,200 [s1@group-925896360766-LeaderElection4] INFO  server.RaftServerConfigKeys (ConfUtils.java:logGet(46)) - raft.server.write.follower.gap.ratio.max = -1.0 (default)
2022-10-13 02:47:38,212 [s1@group-925896360766-LeaderElection4] INFO  server.RaftServerConfigKeys (ConfUtils.java:logGet(46)) - raft.server.log.appender.snapshot.chunk.size.max = 16MB (=16777216) (default)
2022-10-13 02:47:38,213 [s1@group-925896360766-LeaderElection4] INFO  server.RaftServerConfigKeys (ConfUtils.java:logGet(46)) - raft.server.log.appender.buffer.byte-limit = 4MB (=4194304) (default)
2022-10-13 02:47:38,213 [s1@group-925896360766-LeaderElection4] INFO  server.RaftServerConfigKeys (ConfUtils.java:logGet(46)) - raft.server.log.appender.buffer.element-limit = 0 (default)
2022-10-13 02:47:38,216 [s1@group-925896360766-LeaderElection4] INFO  grpc.GrpcConfigKeys (ConfUtils.java:logGet(46)) - raft.grpc.server.leader.outstanding.appends.max = 128 (default)
2022-10-13 02:47:38,217 [s1@group-925896360766-LeaderElection4] INFO  server.RaftServerConfigKeys (ConfUtils.java:logGet(46)) - raft.server.rpc.request.timeout = 3000ms (default)
2022-10-13 02:47:38,217 [s1@group-925896360766-LeaderElection4] INFO  server.RaftServerConfigKeys (ConfUtils.java:logGet(46)) - raft.server.log.appender.install.snapshot.enabled = true (default)
2022-10-13 02:47:38,218 [s1@group-925896360766-LeaderElection4] INFO  grpc.GrpcConfigKeys (ConfUtils.java:logGet(46)) - raft.grpc.server.heartbeat.channel = false (custom)
2022-10-13 02:47:38,218 [s1@group-925896360766-LeaderElection4] INFO  server.RaftServerConfigKeys (ConfUtils.java:logGet(46)) - raft.server.log.appender.wait-time.min = 10ms (default)
2022-10-13 02:47:38,220 [s1@group-925896360766-LeaderElection4] INFO  server.RaftServerConfigKeys (ConfUtils.java:logGet(46)) - raft.server.log.appender.snapshot.chunk.size.max = 16MB (=16777216) (default)
2022-10-13 02:47:38,220 [s1@group-925896360766-LeaderElection4] INFO  server.RaftServerConfigKeys (ConfUtils.java:logGet(46)) - raft.server.log.appender.buffer.byte-limit = 4MB (=4194304) (default)
2022-10-13 02:47:38,221 [s1@group-925896360766-LeaderElection4] INFO  server.RaftServerConfigKeys (ConfUtils.java:logGet(46)) - raft.server.log.appender.buffer.element-limit = 0 (default)
2022-10-13 02:47:38,221 [s1@group-925896360766-LeaderElection4] INFO  grpc.GrpcConfigKeys (ConfUtils.java:logGet(46)) - raft.grpc.server.leader.outstanding.appends.max = 128 (default)
2022-10-13 02:47:38,221 [s1@group-925896360766-LeaderElection4] INFO  server.RaftServerConfigKeys (ConfUtils.java:logGet(46)) - raft.server.rpc.request.timeout = 3000ms (default)
2022-10-13 02:47:38,221 [s1@group-925896360766-LeaderElection4] INFO  server.RaftServerConfigKeys (ConfUtils.java:logGet(46)) - raft.server.log.appender.install.snapshot.enabled = true (default)
2022-10-13 02:47:38,221 [s1@group-925896360766-LeaderElection4] INFO  grpc.GrpcConfigKeys (ConfUtils.java:logGet(46)) - raft.grpc.server.heartbeat.channel = false (custom)
2022-10-13 02:47:38,221 [s1@group-925896360766-LeaderElection4] INFO  server.RaftServerConfigKeys (ConfUtils.java:logGet(46)) - raft.server.log.appender.wait-time.min = 10ms (default)
2022-10-13 02:47:38,223 [s1@group-925896360766-LeaderElection4] INFO  impl.RoleInfo (RoleInfo.java:updateAndGet(139)) - s1: start s1@group-925896360766-LeaderStateImpl
2022-10-13 02:47:38,237 [s1@group-925896360766-LeaderElection4] INFO  segmented.SegmentedRaftLogWorker (SegmentedRaftLogWorker.java:startLogSegment(427)) - s1@group-925896360766-SegmentedRaftLogWorker: Starting segment from index:0
2022-10-13 02:47:38,244 [Time-limited test] WARN  ratis.RaftTestUtil (JavaUtils.java:attempt(217)) - FAILED "waitForLeader-null-(expectLeader? true)", attempt #3/100: java.lang.IllegalStateException: Leader: s1@group-925896360766 not ready, sleep 450ms and then retry.
java.lang.IllegalStateException: Leader: s1@group-925896360766 not ready
	at org.apache.ratis.RaftTestUtil.lambda$waitForLeader$3(RaftTestUtil.java:114)
	at org.apache.ratis.util.JavaUtils.attempt(JavaUtils.java:211)
	at org.apache.ratis.util.JavaUtils.attemptRepeatedly(JavaUtils.java:197)
	at org.apache.ratis.RaftTestUtil.waitForLeader(RaftTestUtil.java:111)
	at org.apache.ratis.RaftTestUtil.waitForLeader(RaftTestUtil.java:92)
	at org.apache.ratis.RaftTestUtil.waitForLeader(RaftTestUtil.java:87)
	at org.apache.ratis.grpc.TestRaftServerWithGrpc.testRaftClientRequestMetrics(TestRaftServerWithGrpc.java:304)
	at org.apache.ratis.server.impl.MiniRaftCluster$Factory$Get.runWithNewCluster(MiniRaftCluster.java:141)
	at org.apache.ratis.server.impl.MiniRaftCluster$Factory$Get.runWithNewCluster(MiniRaftCluster.java:121)
	at org.apache.ratis.grpc.TestRaftServerWithGrpc.testRaftClientMetrics(TestRaftServerWithGrpc.java:215)
	at java.base/jdk.internal.reflect.NativeMethodAccessorImpl.invoke0(Native Method)
	at java.base/jdk.internal.reflect.NativeMethodAccessorImpl.invoke(NativeMethodAccessorImpl.java:62)
	at java.base/jdk.internal.reflect.DelegatingMethodAccessorImpl.invoke(DelegatingMethodAccessorImpl.java:43)
	at java.base/java.lang.reflect.Method.invoke(Method.java:566)
	at org.junit.runners.model.FrameworkMethod$1.runReflectiveCall(FrameworkMethod.java:59)
	at org.junit.internal.runners.model.ReflectiveCallable.run(ReflectiveCallable.java:12)
	at org.junit.runners.model.FrameworkMethod.invokeExplosively(FrameworkMethod.java:56)
	at org.junit.internal.runners.statements.InvokeMethod.evaluate(InvokeMethod.java:17)
	at org.junit.internal.runners.statements.RunBefores.evaluate(RunBefores.java:26)
	at org.junit.internal.runners.statements.RunAfters.evaluate(RunAfters.java:27)
	at org.junit.internal.runners.statements.FailOnTimeout$CallableStatement.call(FailOnTimeout.java:299)
	at org.junit.internal.runners.statements.FailOnTimeout$CallableStatement.call(FailOnTimeout.java:293)
	at java.base/java.util.concurrent.FutureTask.run(FutureTask.java:264)
	at java.base/java.lang.Thread.run(Thread.java:829)
2022-10-13 02:47:38,287 [s1@group-925896360766-LeaderElection4] INFO  server.RaftServer$Division (ServerState.java:setRaftConf(376)) - s1@group-925896360766: set configuration 0: peers:[s0|rpc:localhost:37553|admin:localhost:43967|client:localhost:33491|dataStream:localhost:41591|priority:0|startupRole:FOLLOWER, s1|rpc:localhost:36761|admin:localhost:41837|client:localhost:41895|dataStream:localhost:37405|priority:0|startupRole:FOLLOWER, s2|rpc:localhost:37581|admin:localhost:45391|client:localhost:39119|dataStream:localhost:42363|priority:0|startupRole:FOLLOWER]|listeners:[], old=null
2022-10-13 02:47:38,332 [s2-server-thread1] INFO  server.RaftServer$Division (ServerState.java:setLeader(259)) - s2@group-925896360766: change Leader from null to s1 at term 2 for appendEntries, leader elected after 1449ms
2022-10-13 02:47:38,350 [s0-server-thread1] INFO  server.RaftServer$Division (ServerState.java:setLeader(259)) - s0@group-925896360766: change Leader from null to s1 at term 2 for appendEntries, leader elected after 1466ms
2022-10-13 02:47:38,383 [s2-server-thread1] INFO  server.RaftServer$Division (ServerState.java:setRaftConf(376)) - s2@group-925896360766: set configuration 0: peers:[s0|rpc:localhost:37553|admin:localhost:43967|client:localhost:33491|dataStream:localhost:41591|priority:0|startupRole:FOLLOWER, s1|rpc:localhost:36761|admin:localhost:41837|client:localhost:41895|dataStream:localhost:37405|priority:0|startupRole:FOLLOWER, s2|rpc:localhost:37581|admin:localhost:45391|client:localhost:39119|dataStream:localhost:42363|priority:0|startupRole:FOLLOWER]|listeners:[], old=null
2022-10-13 02:47:38,383 [s2-server-thread1] INFO  segmented.SegmentedRaftLogWorker (SegmentedRaftLogWorker.java:startLogSegment(427)) - s2@group-925896360766-SegmentedRaftLogWorker: Starting segment from index:0
2022-10-13 02:47:38,411 [s0-server-thread2] INFO  server.RaftServer$Division (ServerState.java:setRaftConf(376)) - s0@group-925896360766: set configuration 0: peers:[s0|rpc:localhost:37553|admin:localhost:43967|client:localhost:33491|dataStream:localhost:41591|priority:0|startupRole:FOLLOWER, s1|rpc:localhost:36761|admin:localhost:41837|client:localhost:41895|dataStream:localhost:37405|priority:0|startupRole:FOLLOWER, s2|rpc:localhost:37581|admin:localhost:45391|client:localhost:39119|dataStream:localhost:42363|priority:0|startupRole:FOLLOWER]|listeners:[], old=null
2022-10-13 02:47:38,412 [s0-server-thread2] INFO  segmented.SegmentedRaftLogWorker (SegmentedRaftLogWorker.java:startLogSegment(427)) - s0@group-925896360766-SegmentedRaftLogWorker: Starting segment from index:0
2022-10-13 02:47:38,438 [s0@group-925896360766-SegmentedRaftLogWorker] INFO  segmented.SegmentedRaftLogWorker (SegmentedRaftLogWorker.java:execute(631)) - s0@group-925896360766-SegmentedRaftLogWorker: created new log segment /home/runner/work/ratis/ratis/ratis-test/target/test/data/bc10d1de/MiniRaftClusterWithGrpc96c7fd62/s0/6b6a3f22-06ba-459a-846d-925896360766/current/log_inprogress_0
2022-10-13 02:47:38,438 [s2@group-925896360766-SegmentedRaftLogWorker] INFO  segmented.SegmentedRaftLogWorker (SegmentedRaftLogWorker.java:execute(631)) - s2@group-925896360766-SegmentedRaftLogWorker: created new log segment /home/runner/work/ratis/ratis/ratis-test/target/test/data/bc10d1de/MiniRaftClusterWithGrpc96c7fd62/s2/6b6a3f22-06ba-459a-846d-925896360766/current/log_inprogress_0
2022-10-13 02:47:38,440 [s1@group-925896360766-SegmentedRaftLogWorker] INFO  segmented.SegmentedRaftLogWorker (SegmentedRaftLogWorker.java:execute(631)) - s1@group-925896360766-SegmentedRaftLogWorker: created new log segment /home/runner/work/ratis/ratis/ratis-test/target/test/data/bc10d1de/MiniRaftClusterWithGrpc96c7fd62/s1/6b6a3f22-06ba-459a-846d-925896360766/current/log_inprogress_0
2022-10-13 02:47:38,695 [Time-limited test] INFO  ratis.RaftTestUtil (RaftTestUtil.java:waitForLeader(119)) - printing ALL groups
  s0:  RUNNING  FOLLOWER s0@group-925896360766:t2, leader=s1, voted=s1, raftlog=Memoized:s0@group-925896360766-SegmentedRaftLog:OPENED:c0, conf=0: peers:[s0|rpc:localhost:37553|admin:localhost:43967|client:localhost:33491|dataStream:localhost:41591|priority:0|startupRole:FOLLOWER, s1|rpc:localhost:36761|admin:localhost:41837|client:localhost:41895|dataStream:localhost:37405|priority:0|startupRole:FOLLOWER, s2|rpc:localhost:37581|admin:localhost:45391|client:localhost:39119|dataStream:localhost:42363|priority:0|startupRole:FOLLOWER]|listeners:[], old=null RUNNING
  s1:  RUNNING    LEADER s1@group-925896360766:t2, leader=s1, voted=s1, raftlog=Memoized:s1@group-925896360766-SegmentedRaftLog:OPENED:c0, conf=0: peers:[s0|rpc:localhost:37553|admin:localhost:43967|client:localhost:33491|dataStream:localhost:41591|priority:0|startupRole:FOLLOWER, s1|rpc:localhost:36761|admin:localhost:41837|client:localhost:41895|dataStream:localhost:37405|priority:0|startupRole:FOLLOWER, s2|rpc:localhost:37581|admin:localhost:45391|client:localhost:39119|dataStream:localhost:42363|priority:0|startupRole:FOLLOWER]|listeners:[], old=null RUNNING
  s2:  RUNNING  FOLLOWER s2@group-925896360766:t2, leader=s1, voted=s1, raftlog=Memoized:s2@group-925896360766-SegmentedRaftLog:OPENED:c0, conf=0: peers:[s0|rpc:localhost:37553|admin:localhost:43967|client:localhost:33491|dataStream:localhost:41591|priority:0|startupRole:FOLLOWER, s1|rpc:localhost:36761|admin:localhost:41837|client:localhost:41895|dataStream:localhost:37405|priority:0|startupRole:FOLLOWER, s2|rpc:localhost:37581|admin:localhost:45391|client:localhost:39119|dataStream:localhost:42363|priority:0|startupRole:FOLLOWER]|listeners:[], old=null RUNNING
2022-10-13 02:47:38,723 [Time-limited test] DEBUG client.GrpcClientProtocolClient (ConfUtils.java:logGet(46)) - raft.grpc.flow.control.window = 1MB (=1048576) (default)
2022-10-13 02:47:38,723 [Time-limited test] DEBUG client.GrpcClientProtocolClient (ConfUtils.java:logGet(46)) - raft.grpc.message.size.max = 64MB (=67108864) (default)
2022-10-13 02:47:38,787 [grpc-default-executor-7] TRACE client.GrpcClientProtocolClient (GrpcClientProtocolClient.java:onNext(321)) - client-2E8A1AEA63EB->s0: receive RaftClientReply:client-2E8A1AEA63EB->s0@group-925896360766, cid=0, FAILED org.apache.ratis.protocol.exceptions.NotLeaderException: Server s0@group-925896360766 is not the leader s1|rpc:localhost:36761|admin:localhost:41837|client:localhost:41895|dataStream:localhost:37405|priority:0|startupRole:FOLLOWER, logIndex=0, commits[s0:c0, s1:c0, s2:c0]
2022-10-13 02:47:38,803 [timer1] DEBUG client.GrpcClientProtocolClient (ConfUtils.java:logGet(46)) - raft.grpc.flow.control.window = 1MB (=1048576) (default)
2022-10-13 02:47:38,803 [timer1] DEBUG client.GrpcClientProtocolClient (ConfUtils.java:logGet(46)) - raft.grpc.message.size.max = 64MB (=67108864) (default)
2022-10-13 02:47:38,814 [grpc-default-executor-7] TRACE client.GrpcClientProtocolClient (GrpcClientProtocolClient.java:onNext(321)) - client-2E8A1AEA63EB->s1: receive RaftClientReply:client-2E8A1AEA63EB->s1@group-925896360766, cid=0, SUCCESS, logIndex=0, commits[s1:c0, s0:c0, s2:c0]
2022-10-13 02:47:38,848 [s1@group-925896360766-StateMachineUpdater] INFO  statemachine.SimpleStateMachine4Testing (SimpleStateMachine4Testing.java:put(204)) - s1: put 1, testing -> (t:2, i:1), STATEMACHINELOGENTRY, 1@client-2E8A1AEA63EB
2022-10-13 02:47:38,854 [grpc-default-executor-7] TRACE client.GrpcClientProtocolClient (GrpcClientProtocolClient.java:onNext(321)) - client-2E8A1AEA63EB->s1: receive RaftClientReply:client-2E8A1AEA63EB->s1@group-925896360766, cid=1, SUCCESS, logIndex=1, commits[s1:c1, s0:c0, s2:c0]
2022-10-13 02:47:38,857 [s0@group-925896360766-StateMachineUpdater] INFO  statemachine.SimpleStateMachine4Testing (SimpleStateMachine4Testing.java:put(204)) - s0: put 1, testing -> (t:2, i:1), STATEMACHINELOGENTRY, 1@client-2E8A1AEA63EB
2022-10-13 02:47:38,857 [s2@group-925896360766-StateMachineUpdater] INFO  statemachine.SimpleStateMachine4Testing (SimpleStateMachine4Testing.java:put(204)) - s2: put 1, testing -> (t:2, i:1), STATEMACHINELOGENTRY, 1@client-2E8A1AEA63EB
2022-10-13 02:47:38,866 [Time-limited test] INFO  impl.MiniRaftCluster (MiniRaftCluster.java:shutdown(831)) - ************************************************************** 
2022-10-13 02:47:38,866 [Time-limited test] INFO  impl.MiniRaftCluster (MiniRaftCluster.java:shutdown(832)) - *** 
2022-10-13 02:47:38,866 [Time-limited test] INFO  impl.MiniRaftCluster (MiniRaftCluster.java:shutdown(833)) - ***     Stopping MiniRaftClusterWithGrpc
2022-10-13 02:47:38,866 [Time-limited test] INFO  impl.MiniRaftCluster (MiniRaftCluster.java:shutdown(834)) - *** 
2022-10-13 02:47:38,866 [Time-limited test] INFO  impl.MiniRaftCluster (MiniRaftCluster.java:shutdown(835)) - ************************************************************** 
2022-10-13 02:47:38,867 [Time-limited test] INFO  impl.MiniRaftCluster (MiniRaftCluster.java:shutdown(836)) - printing ALL groups
  s0:  RUNNING  FOLLOWER s0@group-925896360766:t2, leader=s1, voted=s1, raftlog=Memoized:s0@group-925896360766-SegmentedRaftLog:OPENED:c1, conf=0: peers:[s0|rpc:localhost:37553|admin:localhost:43967|client:localhost:33491|dataStream:localhost:41591|priority:0|startupRole:FOLLOWER, s1|rpc:localhost:36761|admin:localhost:41837|client:localhost:41895|dataStream:localhost:37405|priority:0|startupRole:FOLLOWER, s2|rpc:localhost:37581|admin:localhost:45391|client:localhost:39119|dataStream:localhost:42363|priority:0|startupRole:FOLLOWER]|listeners:[], old=null RUNNING
  s1:  RUNNING    LEADER s1@group-925896360766:t2, leader=s1, voted=s1, raftlog=Memoized:s1@group-925896360766-SegmentedRaftLog:OPENED:c2, conf=0: peers:[s0|rpc:localhost:37553|admin:localhost:43967|client:localhost:33491|dataStream:localhost:41591|priority:0|startupRole:FOLLOWER, s1|rpc:localhost:36761|admin:localhost:41837|client:localhost:41895|dataStream:localhost:37405|priority:0|startupRole:FOLLOWER, s2|rpc:localhost:37581|admin:localhost:45391|client:localhost:39119|dataStream:localhost:42363|priority:0|startupRole:FOLLOWER]|listeners:[], old=null RUNNING
  s2:  RUNNING  FOLLOWER s2@group-925896360766:t2, leader=s1, voted=s1, raftlog=Memoized:s2@group-925896360766-SegmentedRaftLog:OPENED:c1, conf=0: peers:[s0|rpc:localhost:37553|admin:localhost:43967|client:localhost:33491|dataStream:localhost:41591|priority:0|startupRole:FOLLOWER, s1|rpc:localhost:36761|admin:localhost:41837|client:localhost:41895|dataStream:localhost:37405|priority:0|startupRole:FOLLOWER, s2|rpc:localhost:37581|admin:localhost:45391|client:localhost:39119|dataStream:localhost:42363|priority:0|startupRole:FOLLOWER]|listeners:[], old=null RUNNING
2022-10-13 02:47:38,871 [MiniRaftCluster-2] INFO  server.RaftServer (RaftServerProxy.java:lambda$close$7(412)) - s1: close
2022-10-13 02:47:38,880 [s1-impl-thread1] INFO  server.RaftServer$Division (RaftServerImpl.java:lambda$close$4(462)) - s1@group-925896360766: shutdown
2022-10-13 02:47:38,880 [s1-impl-thread1] INFO  util.JmxRegister (JmxRegister.java:unregister(73)) - Successfully un-registered JMX Bean with object name Ratis:service=RaftServer,group=group-925896360766,id=s1
2022-10-13 02:47:38,880 [s1-impl-thread1] INFO  impl.RoleInfo (RoleInfo.java:shutdownLeaderState(93)) - s1: shutdown s1@group-925896360766-LeaderStateImpl
2022-10-13 02:47:38,881 [s1-impl-thread1] INFO  impl.PendingRequests (PendingRequests.java:sendNotLeaderResponses(282)) - s1@group-925896360766-PendingRequests: sendNotLeaderResponses
2022-10-13 02:47:38,885 [s1@group-925896360766->s0-GrpcLogAppender-LogAppenderDaemon] WARN  server.GrpcLogAppender (GrpcLogAppender.java:mayWait(199)) - s1@group-925896360766->s0-GrpcLogAppender: Wait interrupted by java.lang.InterruptedException
2022-10-13 02:47:38,887 [grpc-default-executor-5] INFO  server.GrpcServerProtocolService (GrpcServerProtocolService.java:onCompleted(143)) - s0: Completed APPEND_ENTRIES, lastRequest: s1->s0#18-t2,previous=(t:2, i:1),leaderCommit=1,initializing? true,entries: size=1, first=(t:2, i:2), METADATAENTRY(c:1)
2022-10-13 02:47:38,889 [s1@group-925896360766->s2-GrpcLogAppender-LogAppenderDaemon] WARN  server.GrpcLogAppender (GrpcLogAppender.java:mayWait(199)) - s1@group-925896360766->s2-GrpcLogAppender: Wait interrupted by java.lang.InterruptedException
2022-10-13 02:47:38,889 [MiniRaftCluster-1] INFO  server.RaftServer (RaftServerProxy.java:lambda$close$7(412)) - s0: close
2022-10-13 02:47:38,890 [MiniRaftCluster-3] INFO  server.RaftServer (RaftServerProxy.java:lambda$close$7(412)) - s2: close
2022-10-13 02:47:38,885 [MiniRaftCluster-2] INFO  server.GrpcService (GrpcService.java:closeImpl(319)) - s1: shutdown server org.apache.ratis.grpc.server.GrpcClientProtocolService now
2022-10-13 02:47:38,888 [grpc-default-executor-8] INFO  server.GrpcLogAppender (GrpcLogAppender.java:onCompleted(413)) - s1@group-925896360766->s0-AppendLogResponseHandler: follower responses appendEntries COMPLETED
2022-10-13 02:47:38,891 [grpc-default-executor-7] INFO  server.GrpcServerProtocolService (GrpcServerProtocolService.java:onCompleted(143)) - s2: Completed APPEND_ENTRIES, lastRequest: s1->s2#16-t2,previous=(t:2, i:1),leaderCommit=1,initializing? true,entries: size=1, first=(t:2, i:2), METADATAENTRY(c:1)
2022-10-13 02:47:38,892 [grpc-default-executor-8] INFO  leader.FollowerInfo (FollowerInfoImpl.java:lambda$new$0(48)) - s1@group-925896360766->s0: nextIndex: updateUnconditionally 3 -> 2
2022-10-13 02:47:38,895 [s1-impl-thread1] INFO  impl.StateMachineUpdater (StateMachineUpdater.java:stopAndJoin(154)) - s1@group-925896360766-StateMachineUpdater: set stopIndex = 2
2022-10-13 02:47:38,896 [s1-impl-thread1] INFO  server.RaftServer$Division (ServerState.java:close(412)) - s1@group-925896360766: applyIndex: 2
2022-10-13 02:47:38,896 [s1@group-925896360766-SegmentedRaftLogWorker] INFO  segmented.SegmentedRaftLogWorker (SegmentedRaftLogWorker.java:run(329)) - s1@group-925896360766-SegmentedRaftLogWorker was interrupted, exiting. There are 0 tasks remaining in the queue.
2022-10-13 02:47:38,898 [s1-impl-thread1] INFO  segmented.SegmentedRaftLogWorker (SegmentedRaftLogWorker.java:close(242)) - s1@group-925896360766-SegmentedRaftLogWorker close()
2022-10-13 02:47:38,898 [s2-impl-thread1] INFO  server.RaftServer$Division (RaftServerImpl.java:lambda$close$4(462)) - s2@group-925896360766: shutdown
2022-10-13 02:47:38,898 [s2-impl-thread1] INFO  util.JmxRegister (JmxRegister.java:unregister(73)) - Successfully un-registered JMX Bean with object name Ratis:service=RaftServer,group=group-925896360766,id=s2
2022-10-13 02:47:38,899 [s2-impl-thread1] INFO  impl.RoleInfo (RoleInfo.java:shutdownFollowerState(110)) - s2: shutdown s2@group-925896360766-FollowerState
2022-10-13 02:47:38,899 [s2@group-925896360766-FollowerState] INFO  impl.FollowerState (FollowerState.java:run(152)) - s2@group-925896360766-FollowerState was interrupted
2022-10-13 02:47:38,899 [s0-impl-thread1] INFO  server.RaftServer$Division (RaftServerImpl.java:lambda$close$4(462)) - s0@group-925896360766: shutdown
2022-10-13 02:47:38,899 [s2-impl-thread1] INFO  impl.StateMachineUpdater (StateMachineUpdater.java:stopAndJoin(154)) - s2@group-925896360766-StateMachineUpdater: set stopIndex = 1
2022-10-13 02:47:38,899 [s2-impl-thread1] INFO  server.RaftServer$Division (ServerState.java:close(412)) - s2@group-925896360766: applyIndex: 1
2022-10-13 02:47:38,899 [s0-impl-thread1] INFO  util.JmxRegister (JmxRegister.java:unregister(73)) - Successfully un-registered JMX Bean with object name Ratis:service=RaftServer,group=group-925896360766,id=s0
2022-10-13 02:47:38,900 [s0-impl-thread1] INFO  impl.RoleInfo (RoleInfo.java:shutdownFollowerState(110)) - s0: shutdown s0@group-925896360766-FollowerState
2022-10-13 02:47:38,900 [s0-impl-thread1] INFO  impl.StateMachineUpdater (StateMachineUpdater.java:stopAndJoin(154)) - s0@group-925896360766-StateMachineUpdater: set stopIndex = 1
2022-10-13 02:47:38,900 [s2@group-925896360766-SegmentedRaftLogWorker] INFO  segmented.SegmentedRaftLogWorker (SegmentedRaftLogWorker.java:run(329)) - s2@group-925896360766-SegmentedRaftLogWorker was interrupted, exiting. There are 0 tasks remaining in the queue.
2022-10-13 02:47:38,901 [MiniRaftCluster-3] INFO  server.GrpcService (GrpcService.java:closeImpl(319)) - s2: shutdown server org.apache.ratis.grpc.server.GrpcClientProtocolService now
2022-10-13 02:47:38,899 [MiniRaftCluster-1] INFO  server.GrpcService (GrpcService.java:closeImpl(319)) - s0: shutdown server org.apache.ratis.grpc.server.GrpcClientProtocolService now
2022-10-13 02:47:38,901 [s0@group-925896360766-FollowerState] INFO  impl.FollowerState (FollowerState.java:run(152)) - s0@group-925896360766-FollowerState was interrupted
2022-10-13 02:47:38,902 [s0-impl-thread1] INFO  server.RaftServer$Division (ServerState.java:close(412)) - s0@group-925896360766: applyIndex: 1
2022-10-13 02:47:38,902 [s0@group-925896360766-SegmentedRaftLogWorker] INFO  segmented.SegmentedRaftLogWorker (SegmentedRaftLogWorker.java:run(329)) - s0@group-925896360766-SegmentedRaftLogWorker was interrupted, exiting. There are 0 tasks remaining in the queue.
2022-10-13 02:47:38,907 [grpc-default-executor-7] INFO  server.GrpcLogAppender (GrpcLogAppender.java:onCompleted(413)) - s1@group-925896360766->s2-AppendLogResponseHandler: follower responses appendEntries COMPLETED
2022-10-13 02:47:38,907 [MiniRaftCluster-1] INFO  server.GrpcServerProtocolClient (GrpcServerProtocolClient.java:close(111)) - s1 Close channels
2022-10-13 02:47:38,909 [s2-impl-thread1] INFO  segmented.SegmentedRaftLogWorker (SegmentedRaftLogWorker.java:close(242)) - s2@group-925896360766-SegmentedRaftLogWorker close()
2022-10-13 02:47:38,907 [grpc-default-executor-7] INFO  leader.FollowerInfo (FollowerInfoImpl.java:lambda$new$0(48)) - s1@group-925896360766->s2: nextIndex: updateUnconditionally 3 -> 2
2022-10-13 02:47:38,910 [MiniRaftCluster-2] INFO  server.GrpcServerProtocolClient (GrpcServerProtocolClient.java:close(111)) - s0 Close channels
2022-10-13 02:47:38,911 [MiniRaftCluster-1] INFO  server.GrpcServerProtocolClient (GrpcServerProtocolClient.java:close(111)) - s2 Close channels
2022-10-13 02:47:38,911 [MiniRaftCluster-3] INFO  server.GrpcServerProtocolClient (GrpcServerProtocolClient.java:close(111)) - s0 Close channels
2022-10-13 02:47:38,910 [s0-impl-thread1] INFO  segmented.SegmentedRaftLogWorker (SegmentedRaftLogWorker.java:close(242)) - s0@group-925896360766-SegmentedRaftLogWorker close()
2022-10-13 02:47:38,913 [MiniRaftCluster-2] INFO  server.GrpcServerProtocolClient (GrpcServerProtocolClient.java:close(111)) - s2 Close channels
2022-10-13 02:47:38,914 [MiniRaftCluster-2] INFO  server.GrpcService (GrpcService.java:closeImpl(328)) - s1: shutdown server org.apache.ratis.grpc.server.GrpcClientProtocolService successfully
2022-10-13 02:47:38,914 [MiniRaftCluster-2] INFO  server.GrpcService (GrpcService.java:closeImpl(319)) - s1: shutdown server GrpcServerProtocolService now
2022-10-13 02:47:38,919 [MiniRaftCluster-2] INFO  server.GrpcService (GrpcService.java:closeImpl(328)) - s1: shutdown server GrpcServerProtocolService successfully
2022-10-13 02:47:38,919 [MiniRaftCluster-2] INFO  server.GrpcService (GrpcService.java:closeImpl(319)) - s1: shutdown server org.apache.ratis.grpc.server.GrpcAdminProtocolService now
2022-10-13 02:47:38,920 [MiniRaftCluster-2] INFO  server.GrpcService (GrpcService.java:closeImpl(328)) - s1: shutdown server org.apache.ratis.grpc.server.GrpcAdminProtocolService successfully
2022-10-13 02:47:38,920 [MiniRaftCluster-1] INFO  server.GrpcService (GrpcService.java:closeImpl(328)) - s0: shutdown server org.apache.ratis.grpc.server.GrpcClientProtocolService successfully
2022-10-13 02:47:38,920 [MiniRaftCluster-1] INFO  server.GrpcService (GrpcService.java:closeImpl(319)) - s0: shutdown server GrpcServerProtocolService now
2022-10-13 02:47:38,920 [JvmPauseMonitor1] INFO  util.JvmPauseMonitor (JvmPauseMonitor.java:run(111)) - JvmPauseMonitor-s1: Stopped
2022-10-13 02:47:38,920 [MiniRaftCluster-3] INFO  server.GrpcServerProtocolClient (GrpcServerProtocolClient.java:close(111)) - s1 Close channels
2022-10-13 02:47:38,921 [MiniRaftCluster-1] INFO  server.GrpcService (GrpcService.java:closeImpl(328)) - s0: shutdown server GrpcServerProtocolService successfully
2022-10-13 02:47:38,921 [MiniRaftCluster-1] INFO  server.GrpcService (GrpcService.java:closeImpl(319)) - s0: shutdown server org.apache.ratis.grpc.server.GrpcAdminProtocolService now
2022-10-13 02:47:38,922 [MiniRaftCluster-1] INFO  server.GrpcService (GrpcService.java:closeImpl(328)) - s0: shutdown server org.apache.ratis.grpc.server.GrpcAdminProtocolService successfully
2022-10-13 02:47:38,923 [MiniRaftCluster-3] INFO  server.GrpcService (GrpcService.java:closeImpl(328)) - s2: shutdown server org.apache.ratis.grpc.server.GrpcClientProtocolService successfully
2022-10-13 02:47:38,923 [MiniRaftCluster-3] INFO  server.GrpcService (GrpcService.java:closeImpl(319)) - s2: shutdown server GrpcServerProtocolService now
2022-10-13 02:47:38,923 [JvmPauseMonitor0] INFO  util.JvmPauseMonitor (JvmPauseMonitor.java:run(111)) - JvmPauseMonitor-s0: Stopped
2022-10-13 02:47:38,924 [MiniRaftCluster-3] INFO  server.GrpcService (GrpcService.java:closeImpl(328)) - s2: shutdown server GrpcServerProtocolService successfully
2022-10-13 02:47:38,924 [MiniRaftCluster-3] INFO  server.GrpcService (GrpcService.java:closeImpl(319)) - s2: shutdown server org.apache.ratis.grpc.server.GrpcAdminProtocolService now
2022-10-13 02:47:38,925 [MiniRaftCluster-3] INFO  server.GrpcService (GrpcService.java:closeImpl(328)) - s2: shutdown server org.apache.ratis.grpc.server.GrpcAdminProtocolService successfully
2022-10-13 02:47:38,926 [JvmPauseMonitor2] INFO  util.JvmPauseMonitor (JvmPauseMonitor.java:run(111)) - JvmPauseMonitor-s2: Stopped
2022-10-13 02:47:38,926 [Time-limited test] INFO  impl.MiniRaftCluster (MiniRaftCluster.java:shutdown(855)) - MiniRaftClusterWithGrpc shutdown completed
]]></system-out>
    <system-err><![CDATA[SLF4J: Class path contains multiple SLF4J bindings.
SLF4J: Found binding in [jar:file:/home/runner/.m2/repository/org/slf4j/slf4j-log4j12/1.7.29/slf4j-log4j12-1.7.29.jar!/org/slf4j/impl/StaticLoggerBinder.class]
SLF4J: Found binding in [jar:file:/home/runner/.m2/repository/org/slf4j/slf4j-simple/1.7.29/slf4j-simple-1.7.29.jar!/org/slf4j/impl/StaticLoggerBinder.class]
SLF4J: See http://www.slf4j.org/codes.html#multiple_bindings for an explanation.
SLF4J: Actual binding is of type [org.slf4j.impl.Log4jLoggerFactory]
]]></system-err>
  </testcase>
  <testcase name="testRaftServerMetrics[0]" classname="org.apache.ratis.grpc.TestRaftServerWithGrpc" time="1.205"/>
  <testcase name="testUnsupportedMethods[0]" classname="org.apache.ratis.grpc.TestRaftServerWithGrpc" time="0.503"/>
  <testcase name="testServerRestartOnException[0]" classname="org.apache.ratis.grpc.TestRaftServerWithGrpc" time="4.522"/>
  <testcase name="testLeaderRestart[0]" classname="org.apache.ratis.grpc.TestRaftServerWithGrpc" time="5.512"/>
  <testcase name="testRaftClientMetrics[1]" classname="org.apache.ratis.grpc.TestRaftServerWithGrpc" time="4.714"/>
  <testcase name="testRaftServerMetrics[1]" classname="org.apache.ratis.grpc.TestRaftServerWithGrpc" time="1.235"/>
  <testcase name="testUnsupportedMethods[1]" classname="org.apache.ratis.grpc.TestRaftServerWithGrpc" time="0.482"/>
  <testcase name="testServerRestartOnException[1]" classname="org.apache.ratis.grpc.TestRaftServerWithGrpc" time="4.491"/>
  <testcase name="testLeaderRestart[1]" classname="org.apache.ratis.grpc.TestRaftServerWithGrpc" time="5.562"/>
</testsuite>