<?xml version="1.0" encoding="UTF-8"?>
<testsuite xmlns:xsi="http://www.w3.org/2001/XMLSchema-instance" xsi:noNamespaceSchemaLocation="https://maven.apache.org/surefire/maven-surefire-plugin/xsd/surefire-test-report-3.0.xsd" version="3.0" name="org.apache.ratis.server.simulation.TestRaftWithSimulatedRpc" time="82.931" tests="6" errors="0" skipped="0" failures="1">
  <properties>
    <property name="awt.toolkit" value="sun.awt.X11.XToolkit"/>
    <property name="file.encoding.pkg" value="sun.io"/>
    <property name="java.specification.version" value="1.8"/>
    <property name="sun.cpu.isalist" value=""/>
    <property name="sun.jnu.encoding" value="UTF-8"/>
    <property name="java.class.path" value="/home/runner/work/ratis/ratis/ratis-test/target/test-classes:/home/runner/work/ratis/ratis/ratis-test/target/classes:/home/runner/work/ratis/ratis/ratis-common/target/classes:/home/runner/.m2/repository/org/apache/ratis/ratis-thirdparty-misc/1.0.6/ratis-thirdparty-misc-1.0.6.jar:/home/runner/work/ratis/ratis/ratis-proto/target/classes:/home/runner/work/ratis/ratis/ratis-common/target/test-classes:/home/runner/work/ratis/ratis/ratis-client/target/classes:/home/runner/work/ratis/ratis/ratis-server/target/classes:/home/runner/work/ratis/ratis/ratis-server-api/target/classes:/home/runner/work/ratis/ratis/ratis-metrics-api/target/classes:/home/runner/work/ratis/ratis/ratis-server/target/test-classes:/home/runner/work/ratis/ratis/ratis-metrics-default/target/classes:/home/runner/work/ratis/ratis/ratis-netty/target/classes:/home/runner/work/ratis/ratis/ratis-netty/target/test-classes:/home/runner/work/ratis/ratis/ratis-grpc/target/classes:/home/runner/work/ratis/ratis/ratis-grpc/target/test-classes:/home/runner/work/ratis/ratis/ratis-shell/target/classes:/home/runner/.m2/repository/commons-cli/commons-cli/1.5.0/commons-cli-1.5.0.jar:/home/runner/.m2/repository/org/reflections/reflections/0.10.2/reflections-0.10.2.jar:/home/runner/.m2/repository/org/javassist/javassist/3.28.0-GA/javassist-3.28.0-GA.jar:/home/runner/.m2/repository/com/google/code/findbugs/jsr305/3.0.2/jsr305-3.0.2.jar:/home/runner/.m2/repository/org/bouncycastle/bcprov-jdk18on/1.78.1/bcprov-jdk18on-1.78.1.jar:/home/runner/.m2/repository/org/bouncycastle/bcpkix-jdk18on/1.78.1/bcpkix-jdk18on-1.78.1.jar:/home/runner/.m2/repository/org/bouncycastle/bcutil-jdk18on/1.78.1/bcutil-jdk18on-1.78.1.jar:/home/runner/.m2/repository/org/slf4j/slf4j-api/2.0.7/slf4j-api-2.0.7.jar:/home/runner/.m2/repository/org/slf4j/slf4j-reload4j/2.0.7/slf4j-reload4j-2.0.7.jar:/home/runner/.m2/repository/ch/qos/reload4j/reload4j/1.2.22/reload4j-1.2.22.jar:/home/runner/.m2/repository/junit/junit/4.13.2/junit-4.13.2.jar:/home/runner/.m2/repository/org/hamcrest/hamcrest-core/1.3/hamcrest-core-1.3.jar:/home/runner/.m2/repository/org/junit/jupiter/junit-jupiter-engine/5.11.2/junit-jupiter-engine-5.11.2.jar:/home/runner/.m2/repository/org/junit/platform/junit-platform-engine/1.11.2/junit-platform-engine-1.11.2.jar:/home/runner/.m2/repository/org/apiguardian/apiguardian-api/1.1.2/apiguardian-api-1.1.2.jar:/home/runner/.m2/repository/org/junit/jupiter/junit-jupiter-api/5.11.2/junit-jupiter-api-5.11.2.jar:/home/runner/.m2/repository/org/opentest4j/opentest4j/1.3.0/opentest4j-1.3.0.jar:/home/runner/.m2/repository/org/junit/platform/junit-platform-commons/1.11.2/junit-platform-commons-1.11.2.jar:/home/runner/.m2/repository/org/junit/jupiter/junit-jupiter-params/5.11.2/junit-jupiter-params-5.11.2.jar:/home/runner/.m2/repository/org/mockito/mockito-core/4.3.1/mockito-core-4.3.1.jar:/home/runner/.m2/repository/net/bytebuddy/byte-buddy/1.12.7/byte-buddy-1.12.7.jar:/home/runner/.m2/repository/net/bytebuddy/byte-buddy-agent/1.12.7/byte-buddy-agent-1.12.7.jar:/home/runner/.m2/repository/org/objenesis/objenesis/3.2/objenesis-3.2.jar:"/>
    <property name="java.vm.vendor" value="Temurin"/>
    <property name="sun.arch.data.model" value="64"/>
    <property name="java.vendor.url" value="https://adoptium.net/"/>
    <property name="user.timezone" value="Etc/UTC"/>
    <property name="java.vm.specification.version" value="1.8"/>
    <property name="os.name" value="Linux"/>
    <property name="sun.java.launcher" value="SUN_STANDARD"/>
    <property name="sun.boot.library.path" value="/usr/lib/jvm/temurin-8-jdk-amd64/jre/lib/amd64"/>
    <property name="sun.java.command" value="/home/runner/work/ratis/ratis/ratis-test/target/surefire/surefirebooter7806095802967309684.jar /home/runner/work/ratis/ratis/ratis-test/target/surefire 2024-10-20T10-31-32_675-jvmRun1 surefire1885348455223911322tmp surefire_93151766822169290691tmp"/>
    <property name="surefire.test.class.path" value="/home/runner/work/ratis/ratis/ratis-test/target/test-classes:/home/runner/work/ratis/ratis/ratis-test/target/classes:/home/runner/work/ratis/ratis/ratis-common/target/classes:/home/runner/.m2/repository/org/apache/ratis/ratis-thirdparty-misc/1.0.6/ratis-thirdparty-misc-1.0.6.jar:/home/runner/work/ratis/ratis/ratis-proto/target/classes:/home/runner/work/ratis/ratis/ratis-common/target/test-classes:/home/runner/work/ratis/ratis/ratis-client/target/classes:/home/runner/work/ratis/ratis/ratis-server/target/classes:/home/runner/work/ratis/ratis/ratis-server-api/target/classes:/home/runner/work/ratis/ratis/ratis-metrics-api/target/classes:/home/runner/work/ratis/ratis/ratis-server/target/test-classes:/home/runner/work/ratis/ratis/ratis-metrics-default/target/classes:/home/runner/work/ratis/ratis/ratis-netty/target/classes:/home/runner/work/ratis/ratis/ratis-netty/target/test-classes:/home/runner/work/ratis/ratis/ratis-grpc/target/classes:/home/runner/work/ratis/ratis/ratis-grpc/target/test-classes:/home/runner/work/ratis/ratis/ratis-shell/target/classes:/home/runner/.m2/repository/commons-cli/commons-cli/1.5.0/commons-cli-1.5.0.jar:/home/runner/.m2/repository/org/reflections/reflections/0.10.2/reflections-0.10.2.jar:/home/runner/.m2/repository/org/javassist/javassist/3.28.0-GA/javassist-3.28.0-GA.jar:/home/runner/.m2/repository/com/google/code/findbugs/jsr305/3.0.2/jsr305-3.0.2.jar:/home/runner/.m2/repository/org/bouncycastle/bcprov-jdk18on/1.78.1/bcprov-jdk18on-1.78.1.jar:/home/runner/.m2/repository/org/bouncycastle/bcpkix-jdk18on/1.78.1/bcpkix-jdk18on-1.78.1.jar:/home/runner/.m2/repository/org/bouncycastle/bcutil-jdk18on/1.78.1/bcutil-jdk18on-1.78.1.jar:/home/runner/.m2/repository/org/slf4j/slf4j-api/2.0.7/slf4j-api-2.0.7.jar:/home/runner/.m2/repository/org/slf4j/slf4j-reload4j/2.0.7/slf4j-reload4j-2.0.7.jar:/home/runner/.m2/repository/ch/qos/reload4j/reload4j/1.2.22/reload4j-1.2.22.jar:/home/runner/.m2/repository/junit/junit/4.13.2/junit-4.13.2.jar:/home/runner/.m2/repository/org/hamcrest/hamcrest-core/1.3/hamcrest-core-1.3.jar:/home/runner/.m2/repository/org/junit/jupiter/junit-jupiter-engine/5.11.2/junit-jupiter-engine-5.11.2.jar:/home/runner/.m2/repository/org/junit/platform/junit-platform-engine/1.11.2/junit-platform-engine-1.11.2.jar:/home/runner/.m2/repository/org/apiguardian/apiguardian-api/1.1.2/apiguardian-api-1.1.2.jar:/home/runner/.m2/repository/org/junit/jupiter/junit-jupiter-api/5.11.2/junit-jupiter-api-5.11.2.jar:/home/runner/.m2/repository/org/opentest4j/opentest4j/1.3.0/opentest4j-1.3.0.jar:/home/runner/.m2/repository/org/junit/platform/junit-platform-commons/1.11.2/junit-platform-commons-1.11.2.jar:/home/runner/.m2/repository/org/junit/jupiter/junit-jupiter-params/5.11.2/junit-jupiter-params-5.11.2.jar:/home/runner/.m2/repository/org/mockito/mockito-core/4.3.1/mockito-core-4.3.1.jar:/home/runner/.m2/repository/net/bytebuddy/byte-buddy/1.12.7/byte-buddy-1.12.7.jar:/home/runner/.m2/repository/net/bytebuddy/byte-buddy-agent/1.12.7/byte-buddy-agent-1.12.7.jar:/home/runner/.m2/repository/org/objenesis/objenesis/3.2/objenesis-3.2.jar:"/>
    <property name="sun.cpu.endian" value="little"/>
    <property name="user.home" value="/home/runner"/>
    <property name="user.language" value="en"/>
    <property name="java.specification.vendor" value="Oracle Corporation"/>
    <property name="java.home" value="/usr/lib/jvm/temurin-8-jdk-amd64/jre"/>
    <property name="basedir" value="/home/runner/work/ratis/ratis/ratis-test"/>
    <property name="file.separator" value="/"/>
    <property name="line.separator" value="&#10;"/>
    <property name="java.vm.specification.vendor" value="Oracle Corporation"/>
    <property name="java.specification.name" value="Java Platform API Specification"/>
    <property name="java.awt.graphicsenv" value="sun.awt.X11GraphicsEnvironment"/>
    <property name="surefire.real.class.path" value="/home/runner/work/ratis/ratis/ratis-test/target/surefire/surefirebooter7806095802967309684.jar:/home/runner/.m2/repository/org/jacoco/org.jacoco.agent/0.8.12/org.jacoco.agent-0.8.12-runtime.jar"/>
    <property name="sun.boot.class.path" value="/usr/lib/jvm/temurin-8-jdk-amd64/jre/lib/resources.jar:/usr/lib/jvm/temurin-8-jdk-amd64/jre/lib/rt.jar:/usr/lib/jvm/temurin-8-jdk-amd64/jre/lib/sunrsasign.jar:/usr/lib/jvm/temurin-8-jdk-amd64/jre/lib/jsse.jar:/usr/lib/jvm/temurin-8-jdk-amd64/jre/lib/jce.jar:/usr/lib/jvm/temurin-8-jdk-amd64/jre/lib/charsets.jar:/usr/lib/jvm/temurin-8-jdk-amd64/jre/lib/jfr.jar:/usr/lib/jvm/temurin-8-jdk-amd64/jre/classes"/>
    <property name="sun.management.compiler" value="HotSpot 64-Bit Tiered Compilers"/>
    <property name="java.runtime.version" value="1.8.0_422-b05"/>
    <property name="java.net.preferIPv4Stack" value="true"/>
    <property name="user.name" value="runner"/>
    <property name="path.separator" value=":"/>
    <property name="os.version" value="5.15.0-1073-azure"/>
    <property name="java.endorsed.dirs" value="/usr/lib/jvm/temurin-8-jdk-amd64/jre/lib/endorsed"/>
    <property name="java.runtime.name" value="OpenJDK Runtime Environment"/>
    <property name="file.encoding" value="UTF-8"/>
    <property name="java.vm.name" value="OpenJDK 64-Bit Server VM"/>
    <property name="localRepository" value="/home/runner/.m2/repository"/>
    <property name="java.vendor.url.bug" value="https://github.com/adoptium/adoptium-support/issues"/>
    <property name="java.io.tmpdir" value="/tmp"/>
    <property name="java.version" value="1.8.0_422"/>
    <property name="user.dir" value="/home/runner/work/ratis/ratis/ratis-test"/>
    <property name="os.arch" value="amd64"/>
    <property name="ratis.tmp.dir" value="/home/runner/work/ratis/ratis/ratis-test/target/tmp"/>
    <property name="java.vm.specification.name" value="Java Virtual Machine Specification"/>
    <property name="java.awt.printerjob" value="sun.print.PSPrinterJob"/>
    <property name="ratis.log.dir" value="/home/runner/work/ratis/ratis/ratis-test/target/log"/>
    <property name="sun.os.patch.level" value="unknown"/>
    <property name="java.library.path" value="/usr/java/packages/lib/amd64:/usr/lib64:/lib64:/lib:/usr/lib"/>
    <property name="java.vm.info" value="mixed mode"/>
    <property name="java.vendor" value="Temurin"/>
    <property name="java.vm.version" value="25.422-b05"/>
    <property name="java.specification.maintenance.version" value="5"/>
    <property name="java.ext.dirs" value="/usr/lib/jvm/temurin-8-jdk-amd64/jre/lib/ext:/usr/java/packages/lib/ext"/>
    <property name="sun.io.unicode.encoding" value="UnicodeLittle"/>
    <property name="java.class.version" value="52.0"/>
  </properties>
  <testcase name="testStateMachineMetrics" classname="org.apache.ratis.server.simulation.TestRaftWithSimulatedRpc" time="2.408"/>
  <testcase name="testBasicAppendEntries" classname="org.apache.ratis.server.simulation.TestRaftWithSimulatedRpc" time="6.765"/>
  <testcase name="testBasicAppendEntriesKillLeader" classname="org.apache.ratis.server.simulation.TestRaftWithSimulatedRpc" time="10.839"/>
  <testcase name="testOldLeaderCommit" classname="org.apache.ratis.server.simulation.TestRaftWithSimulatedRpc" time="5.784">
    <failure type="org.opentest4j.AssertionFailedError"><![CDATA[org.opentest4j.AssertionFailedError: expected: <true> but was: <false>
	at org.apache.ratis.RaftBasicTests.runTestOldLeaderCommit(RaftBasicTests.java:193)
	at org.apache.ratis.server.impl.MiniRaftCluster$Factory$Get.runWithNewCluster(MiniRaftCluster.java:144)
	at org.apache.ratis.server.impl.MiniRaftCluster$Factory$Get.runWithNewCluster(MiniRaftCluster.java:121)
	at org.apache.ratis.RaftBasicTests.testOldLeaderCommit(RaftBasicTests.java:173)
	at java.lang.reflect.Method.invoke(Method.java:498)
	at java.util.ArrayList.forEach(ArrayList.java:1259)
	at java.util.ArrayList.forEach(ArrayList.java:1259)
]]></failure>
    <system-out><![CDATA[2024-10-20 10:35:59,730 [main] INFO  util.LogUtils (Slf4jUtils.java:setLogLevel(38)) - Successfully set org.apache.ratis.conf.ConfUtils log level to WARN
2024-10-20 10:35:59,730 [main] INFO  util.LogUtils (Slf4jUtils.java:setLogLevel(38)) - Successfully set org.apache.ratis.util.FileUtils log level to TRACE
2024-10-20 10:35:59,732 [main] INFO  impl.MiniRaftCluster (MiniRaftCluster.java:runWithNewCluster(137)) - Running runWithNewCluster
2024-10-20 10:35:59,732 [main] INFO  simulation.MiniRaftClusterWithSimulatedRpc (ConfUtils.java:logGet(46)) - org.apache.ratis.server.simulation.SimulatedRequestReply.simulateLatencyMs = 0 (custom)
2024-10-20 10:35:59,733 [main] INFO  impl.MiniRaftCluster (MiniRaftCluster.java:<init>(319)) - new MiniRaftClusterWithSimulatedRpc with group-CB01DB19C6AF:[s3|localhost:15072, s4|localhost:15076, s0|localhost:15060, s1|localhost:15064, s2|localhost:15068]
2024-10-20 10:35:59,733 [main] INFO  impl.MiniRaftCluster (MiniRaftCluster.java:start(352)) - .............................................................. 
2024-10-20 10:35:59,733 [main] INFO  impl.MiniRaftCluster (MiniRaftCluster.java:start(353)) - ... 
2024-10-20 10:35:59,733 [main] INFO  impl.MiniRaftCluster (MiniRaftCluster.java:start(354)) - ...     Starting MiniRaftClusterWithSimulatedRpc
2024-10-20 10:35:59,733 [main] INFO  impl.MiniRaftCluster (MiniRaftCluster.java:start(355)) - ... 
2024-10-20 10:35:59,734 [main] INFO  impl.MiniRaftCluster (MiniRaftCluster.java:start(356)) - .............................................................. 
2024-10-20 10:35:59,734 [main] INFO  impl.MiniRaftCluster (MiniRaftCluster.java:initServers(331)) - servers = {}
2024-10-20 10:35:59,734 [main] INFO  impl.MiniRaftCluster (MiniRaftCluster.java:newRaftServer(396)) - newRaftServer: s3, group-CB01DB19C6AF:[s3|localhost:15072, s4|localhost:15076, s0|localhost:15060, s1|localhost:15064, s2|localhost:15068], format? true
2024-10-20 10:35:59,734 [main] TRACE util.FileUtils (FileUtils.java:deleteFully(305)) - deleteFully target/test/data/f7e8941e/MiniRaftClusterWithSimulatedRpcb07cc4e6/s3
2024-10-20 10:35:59,734 [main] TRACE util.FileUtils (FileUtils.java:deleteFully(318)) - deleteFully: target/test/data/f7e8941e/MiniRaftClusterWithSimulatedRpcb07cc4e6/s3 does not exist.
2024-10-20 10:35:59,734 [main] INFO  impl.MiniRaftCluster (MiniRaftCluster.java:newRaftServer(401)) - Formatted directory target/test/data/f7e8941e/MiniRaftClusterWithSimulatedRpcb07cc4e6/s3
2024-10-20 10:35:59,734 [main] INFO  server.RaftServer (ConfUtils.java:logGet(46)) - raft.rpc.type = org.apache.ratis.server.simulation.SimulatedRpc (custom)
2024-10-20 10:35:59,735 [main] INFO  impl.DataStreamServerImpl (ConfUtils.java:logGet(46)) - raft.datastream.type = DISABLED (default)
2024-10-20 10:35:59,735 [main] INFO  server.RaftServerConfigKeys (ConfUtils.java:logGet(46)) - raft.server.sleep.deviation.threshold = 300ms (default)
2024-10-20 10:35:59,735 [main] INFO  server.RaftServerConfigKeys (ConfUtils.java:logGet(46)) - raft.server.close.threshold = 60s (default)
2024-10-20 10:35:59,735 [main] INFO  server.RaftServerConfigKeys (ConfUtils.java:logGet(46)) - raft.server.leaderelection.leader.step-down.wait-time = 10s (default)
2024-10-20 10:35:59,735 [main] INFO  server.RaftServerConfigKeys (ConfUtils.java:logGet(46)) - raft.server.storage.dir = [/home/runner/work/ratis/ratis/ratis-test/target/test/data/f7e8941e/MiniRaftClusterWithSimulatedRpcb07cc4e6/s3] (custom)
2024-10-20 10:35:59,736 [main] INFO  server.RaftServerConfigKeys (ConfUtils.java:logGet(46)) - raft.server.threadpool.proxy.cached = true (default)
2024-10-20 10:35:59,736 [main] INFO  server.RaftServerConfigKeys (ConfUtils.java:logGet(46)) - raft.server.threadpool.proxy.size = 0 (default)
2024-10-20 10:35:59,736 [main] INFO  server.RaftServer (RaftServerProxy.java:addNew(101)) - s3: addNew group-CB01DB19C6AF:[s3|localhost:15072, s4|localhost:15076, s0|localhost:15060, s1|localhost:15064, s2|localhost:15068] returns group-CB01DB19C6AF:java.util.concurrent.CompletableFuture@6d6cd1e0[Not completed]
2024-10-20 10:35:59,736 [s3-groupManagement] INFO  server.RaftServer$Division (RaftServerImpl.java:<init>(257)) - s3: new RaftServerImpl for group-CB01DB19C6AF:[s3|localhost:15072, s4|localhost:15076, s0|localhost:15060, s1|localhost:15064, s2|localhost:15068] with BaseStateMachine:uninitialized
2024-10-20 10:35:59,736 [main] INFO  impl.MiniRaftCluster (MiniRaftCluster.java:newRaftServer(396)) - newRaftServer: s4, group-CB01DB19C6AF:[s3|localhost:15072, s4|localhost:15076, s0|localhost:15060, s1|localhost:15064, s2|localhost:15068], format? true
2024-10-20 10:35:59,736 [main] TRACE util.FileUtils (FileUtils.java:deleteFully(305)) - deleteFully target/test/data/f7e8941e/MiniRaftClusterWithSimulatedRpcb07cc4e6/s4
2024-10-20 10:35:59,736 [s3-groupManagement] INFO  server.RaftServerConfigKeys (ConfUtils.java:logGet(46)) - raft.server.rpc.timeout.min = 150ms (default)
2024-10-20 10:35:59,737 [main] TRACE util.FileUtils (FileUtils.java:deleteFully(318)) - deleteFully: target/test/data/f7e8941e/MiniRaftClusterWithSimulatedRpcb07cc4e6/s4 does not exist.
2024-10-20 10:35:59,737 [main] INFO  impl.MiniRaftCluster (MiniRaftCluster.java:newRaftServer(401)) - Formatted directory target/test/data/f7e8941e/MiniRaftClusterWithSimulatedRpcb07cc4e6/s4
2024-10-20 10:35:59,737 [s3-groupManagement] INFO  server.RaftServerConfigKeys (ConfUtils.java:logGet(46)) - raft.server.rpc.timeout.max = 300ms (default)
2024-10-20 10:35:59,737 [main] INFO  server.RaftServer (ConfUtils.java:logGet(46)) - raft.rpc.type = org.apache.ratis.server.simulation.SimulatedRpc (custom)
2024-10-20 10:35:59,737 [s3-groupManagement] INFO  server.RaftServerConfigKeys (ConfUtils.java:logGet(46)) - raft.server.rpc.sleep.time = 25ms (default)
2024-10-20 10:35:59,737 [s3-groupManagement] INFO  server.RaftServerConfigKeys (ConfUtils.java:logGet(46)) - raft.server.rpc.slowness.timeout = 60s (default)
2024-10-20 10:35:59,737 [s3-groupManagement] INFO  server.RaftServerConfigKeys (ConfUtils.java:logGet(46)) - raft.server.leaderelection.leader.step-down.wait-time = 10s (default)
2024-10-20 10:35:59,737 [main] INFO  impl.DataStreamServerImpl (ConfUtils.java:logGet(46)) - raft.datastream.type = DISABLED (default)
2024-10-20 10:35:59,737 [s3-groupManagement] INFO  server.RaftServerConfigKeys (ConfUtils.java:logGet(46)) - raft.server.leaderelection.member.majority-add = false (default)
2024-10-20 10:35:59,738 [main] INFO  server.RaftServerConfigKeys (ConfUtils.java:logGet(46)) - raft.server.sleep.deviation.threshold = 300ms (default)
2024-10-20 10:35:59,738 [main] INFO  server.RaftServerConfigKeys (ConfUtils.java:logGet(46)) - raft.server.close.threshold = 60s (default)
2024-10-20 10:35:59,738 [main] INFO  server.RaftServerConfigKeys (ConfUtils.java:logGet(46)) - raft.server.leaderelection.leader.step-down.wait-time = 10s (default)
2024-10-20 10:35:59,738 [s3-groupManagement] INFO  server.RaftServerConfigKeys (ConfUtils.java:logGet(46)) - raft.server.sleep.deviation.threshold = 300ms (default)
2024-10-20 10:35:59,738 [main] INFO  server.RaftServerConfigKeys (ConfUtils.java:logGet(46)) - raft.server.storage.dir = [/home/runner/work/ratis/ratis/ratis-test/target/test/data/f7e8941e/MiniRaftClusterWithSimulatedRpcb07cc4e6/s4] (custom)
2024-10-20 10:35:59,738 [s3-groupManagement] INFO  server.RaftServer$Division (ServerState.java:<init>(114)) - s3@group-CB01DB19C6AF: ConfigurationManager, init=conf: {index: -1, cur=peers:[s3|localhost:15072, s4|localhost:15076, s0|localhost:15060, s1|localhost:15064, s2|localhost:15068]|listeners:[], old=null}, confs=<EMPTY_MAP>
2024-10-20 10:35:59,738 [main] INFO  server.RaftServerConfigKeys (ConfUtils.java:logGet(46)) - raft.server.threadpool.proxy.cached = true (default)
2024-10-20 10:35:59,738 [s3-groupManagement] INFO  server.RaftServerConfigKeys (ConfUtils.java:logGet(46)) - raft.server.notification.no-leader.timeout = 60s (default)
2024-10-20 10:35:59,738 [main] INFO  server.RaftServerConfigKeys (ConfUtils.java:logGet(46)) - raft.server.threadpool.proxy.size = 0 (default)
2024-10-20 10:35:59,739 [s3-groupManagement] INFO  server.RaftServerConfigKeys (ConfUtils.java:logGet(46)) - raft.server.read.timeout = 10s (default)
2024-10-20 10:35:59,739 [s3-groupManagement] INFO  server.RaftServerConfigKeys (ConfUtils.java:logGet(46)) - raft.server.retrycache.expirytime = 5s (custom)
2024-10-20 10:35:59,739 [s3-groupManagement] INFO  server.RaftServerConfigKeys (ConfUtils.java:logGet(46)) - raft.server.retrycache.statistics.expirytime = 100ms (default)
2024-10-20 10:35:59,739 [s3-groupManagement] INFO  server.RaftServerConfigKeys (ConfUtils.java:logGet(46)) - raft.server.read.option = DEFAULT (default)
2024-10-20 10:35:59,739 [main] INFO  server.RaftServer (RaftServerProxy.java:addNew(101)) - s4: addNew group-CB01DB19C6AF:[s3|localhost:15072, s4|localhost:15076, s0|localhost:15060, s1|localhost:15064, s2|localhost:15068] returns group-CB01DB19C6AF:java.util.concurrent.CompletableFuture@34009349[Not completed]
2024-10-20 10:35:59,739 [s4-groupManagement] INFO  server.RaftServer$Division (RaftServerImpl.java:<init>(257)) - s4: new RaftServerImpl for group-CB01DB19C6AF:[s3|localhost:15072, s4|localhost:15076, s0|localhost:15060, s1|localhost:15064, s2|localhost:15068] with BaseStateMachine:uninitialized
2024-10-20 10:35:59,739 [s4-groupManagement] INFO  server.RaftServerConfigKeys (ConfUtils.java:logGet(46)) - raft.server.rpc.timeout.min = 150ms (default)
2024-10-20 10:35:59,739 [s3-groupManagement] INFO  server.RaftServerConfigKeys (ConfUtils.java:logGet(46)) - raft.server.read.read-after-write-consistent.write-index-cache.expiry-time = 60s (default)
2024-10-20 10:35:59,739 [s4-groupManagement] INFO  server.RaftServerConfigKeys (ConfUtils.java:logGet(46)) - raft.server.rpc.timeout.max = 300ms (default)
2024-10-20 10:35:59,739 [main] INFO  impl.MiniRaftCluster (MiniRaftCluster.java:newRaftServer(396)) - newRaftServer: s0, group-CB01DB19C6AF:[s3|localhost:15072, s4|localhost:15076, s0|localhost:15060, s1|localhost:15064, s2|localhost:15068], format? true
2024-10-20 10:35:59,740 [main] TRACE util.FileUtils (FileUtils.java:deleteFully(305)) - deleteFully target/test/data/f7e8941e/MiniRaftClusterWithSimulatedRpcb07cc4e6/s0
2024-10-20 10:35:59,740 [s4-groupManagement] INFO  server.RaftServerConfigKeys (ConfUtils.java:logGet(46)) - raft.server.rpc.sleep.time = 25ms (default)
2024-10-20 10:35:59,740 [main] TRACE util.FileUtils (FileUtils.java:deleteFully(318)) - deleteFully: target/test/data/f7e8941e/MiniRaftClusterWithSimulatedRpcb07cc4e6/s0 does not exist.
2024-10-20 10:35:59,740 [main] INFO  impl.MiniRaftCluster (MiniRaftCluster.java:newRaftServer(401)) - Formatted directory target/test/data/f7e8941e/MiniRaftClusterWithSimulatedRpcb07cc4e6/s0
2024-10-20 10:35:59,740 [s4-groupManagement] INFO  server.RaftServerConfigKeys (ConfUtils.java:logGet(46)) - raft.server.rpc.slowness.timeout = 60s (default)
2024-10-20 10:35:59,740 [s4-groupManagement] INFO  server.RaftServerConfigKeys (ConfUtils.java:logGet(46)) - raft.server.leaderelection.leader.step-down.wait-time = 10s (default)
2024-10-20 10:35:59,740 [s4-groupManagement] INFO  server.RaftServerConfigKeys (ConfUtils.java:logGet(46)) - raft.server.leaderelection.member.majority-add = false (default)
2024-10-20 10:35:59,740 [s4-groupManagement] INFO  server.RaftServerConfigKeys (ConfUtils.java:logGet(46)) - raft.server.sleep.deviation.threshold = 300ms (default)
2024-10-20 10:35:59,740 [main] INFO  server.RaftServer (ConfUtils.java:logGet(46)) - raft.rpc.type = org.apache.ratis.server.simulation.SimulatedRpc (custom)
2024-10-20 10:35:59,741 [s4-groupManagement] INFO  server.RaftServer$Division (ServerState.java:<init>(114)) - s4@group-CB01DB19C6AF: ConfigurationManager, init=conf: {index: -1, cur=peers:[s3|localhost:15072, s4|localhost:15076, s0|localhost:15060, s1|localhost:15064, s2|localhost:15068]|listeners:[], old=null}, confs=<EMPTY_MAP>
2024-10-20 10:35:59,741 [s3-groupManagement] INFO  server.RaftServerConfigKeys (ConfUtils.java:logGet(46)) - raft.server.rpc.request.timeout = 3000ms (default)
2024-10-20 10:35:59,741 [main] INFO  impl.DataStreamServerImpl (ConfUtils.java:logGet(46)) - raft.datastream.type = DISABLED (default)
2024-10-20 10:35:59,741 [s4-groupManagement] INFO  server.RaftServerConfigKeys (ConfUtils.java:logGet(46)) - raft.server.notification.no-leader.timeout = 60s (default)
2024-10-20 10:35:59,741 [s4-groupManagement] INFO  server.RaftServerConfigKeys (ConfUtils.java:logGet(46)) - raft.server.read.timeout = 10s (default)
2024-10-20 10:35:59,741 [main] INFO  server.RaftServerConfigKeys (ConfUtils.java:logGet(46)) - raft.server.sleep.deviation.threshold = 300ms (default)
2024-10-20 10:35:59,741 [s3-groupManagement] INFO  server.RaftServerConfigKeys (ConfUtils.java:logGet(46)) - raft.server.log.appender.install.snapshot.enabled = true (default)
2024-10-20 10:35:59,741 [s3-groupManagement] INFO  server.RaftServerConfigKeys (ConfUtils.java:logGet(46)) - raft.server.threadpool.server.cached = true (default)
2024-10-20 10:35:59,741 [main] INFO  server.RaftServerConfigKeys (ConfUtils.java:logGet(46)) - raft.server.close.threshold = 60s (default)
2024-10-20 10:35:59,741 [s4-groupManagement] INFO  server.RaftServerConfigKeys (ConfUtils.java:logGet(46)) - raft.server.retrycache.expirytime = 5s (custom)
2024-10-20 10:35:59,742 [main] INFO  server.RaftServerConfigKeys (ConfUtils.java:logGet(46)) - raft.server.leaderelection.leader.step-down.wait-time = 10s (default)
2024-10-20 10:35:59,741 [s3-groupManagement] INFO  server.RaftServerConfigKeys (ConfUtils.java:logGet(46)) - raft.server.threadpool.server.size = 0 (default)
2024-10-20 10:35:59,742 [main] INFO  server.RaftServerConfigKeys (ConfUtils.java:logGet(46)) - raft.server.storage.dir = [/home/runner/work/ratis/ratis/ratis-test/target/test/data/f7e8941e/MiniRaftClusterWithSimulatedRpcb07cc4e6/s0] (custom)
2024-10-20 10:35:59,742 [s4-groupManagement] INFO  server.RaftServerConfigKeys (ConfUtils.java:logGet(46)) - raft.server.retrycache.statistics.expirytime = 100ms (default)
2024-10-20 10:35:59,742 [main] INFO  server.RaftServerConfigKeys (ConfUtils.java:logGet(46)) - raft.server.threadpool.proxy.cached = true (default)
2024-10-20 10:35:59,742 [main] INFO  server.RaftServerConfigKeys (ConfUtils.java:logGet(46)) - raft.server.threadpool.proxy.size = 0 (default)
2024-10-20 10:35:59,742 [s3-groupManagement] INFO  server.RaftServerConfigKeys (ConfUtils.java:logGet(46)) - raft.server.threadpool.client.cached = true (default)
2024-10-20 10:35:59,742 [s4-groupManagement] INFO  server.RaftServerConfigKeys (ConfUtils.java:logGet(46)) - raft.server.read.option = DEFAULT (default)
2024-10-20 10:35:59,742 [s3-groupManagement] INFO  server.RaftServerConfigKeys (ConfUtils.java:logGet(46)) - raft.server.threadpool.client.size = 0 (default)
2024-10-20 10:35:59,742 [s4-groupManagement] INFO  server.RaftServerConfigKeys (ConfUtils.java:logGet(46)) - raft.server.read.read-after-write-consistent.write-index-cache.expiry-time = 60s (default)
2024-10-20 10:35:59,743 [main] INFO  server.RaftServer (RaftServerProxy.java:addNew(101)) - s0: addNew group-CB01DB19C6AF:[s3|localhost:15072, s4|localhost:15076, s0|localhost:15060, s1|localhost:15064, s2|localhost:15068] returns group-CB01DB19C6AF:java.util.concurrent.CompletableFuture@4f811029[Not completed]
2024-10-20 10:35:59,743 [s0-groupManagement] INFO  server.RaftServer$Division (RaftServerImpl.java:<init>(257)) - s0: new RaftServerImpl for group-CB01DB19C6AF:[s3|localhost:15072, s4|localhost:15076, s0|localhost:15060, s1|localhost:15064, s2|localhost:15068] with BaseStateMachine:uninitialized
2024-10-20 10:35:59,743 [main] INFO  impl.MiniRaftCluster (MiniRaftCluster.java:newRaftServer(396)) - newRaftServer: s1, group-CB01DB19C6AF:[s3|localhost:15072, s4|localhost:15076, s0|localhost:15060, s1|localhost:15064, s2|localhost:15068], format? true
2024-10-20 10:35:59,743 [main] TRACE util.FileUtils (FileUtils.java:deleteFully(305)) - deleteFully target/test/data/f7e8941e/MiniRaftClusterWithSimulatedRpcb07cc4e6/s1
2024-10-20 10:35:59,743 [s0-groupManagement] INFO  server.RaftServerConfigKeys (ConfUtils.java:logGet(46)) - raft.server.rpc.timeout.min = 150ms (default)
2024-10-20 10:35:59,743 [main] TRACE util.FileUtils (FileUtils.java:deleteFully(318)) - deleteFully: target/test/data/f7e8941e/MiniRaftClusterWithSimulatedRpcb07cc4e6/s1 does not exist.
2024-10-20 10:35:59,743 [main] INFO  impl.MiniRaftCluster (MiniRaftCluster.java:newRaftServer(401)) - Formatted directory target/test/data/f7e8941e/MiniRaftClusterWithSimulatedRpcb07cc4e6/s1
2024-10-20 10:35:59,744 [main] INFO  server.RaftServer (ConfUtils.java:logGet(46)) - raft.rpc.type = org.apache.ratis.server.simulation.SimulatedRpc (custom)
2024-10-20 10:35:59,744 [main] INFO  impl.DataStreamServerImpl (ConfUtils.java:logGet(46)) - raft.datastream.type = DISABLED (default)
2024-10-20 10:35:59,744 [main] INFO  server.RaftServerConfigKeys (ConfUtils.java:logGet(46)) - raft.server.sleep.deviation.threshold = 300ms (default)
2024-10-20 10:35:59,744 [main] INFO  server.RaftServerConfigKeys (ConfUtils.java:logGet(46)) - raft.server.close.threshold = 60s (default)
2024-10-20 10:35:59,744 [main] INFO  server.RaftServerConfigKeys (ConfUtils.java:logGet(46)) - raft.server.leaderelection.leader.step-down.wait-time = 10s (default)
2024-10-20 10:35:59,745 [main] INFO  server.RaftServerConfigKeys (ConfUtils.java:logGet(46)) - raft.server.storage.dir = [/home/runner/work/ratis/ratis/ratis-test/target/test/data/f7e8941e/MiniRaftClusterWithSimulatedRpcb07cc4e6/s1] (custom)
2024-10-20 10:35:59,745 [main] INFO  server.RaftServerConfigKeys (ConfUtils.java:logGet(46)) - raft.server.threadpool.proxy.cached = true (default)
2024-10-20 10:35:59,745 [main] INFO  server.RaftServerConfigKeys (ConfUtils.java:logGet(46)) - raft.server.threadpool.proxy.size = 0 (default)
2024-10-20 10:35:59,743 [s0-groupManagement] INFO  server.RaftServerConfigKeys (ConfUtils.java:logGet(46)) - raft.server.rpc.timeout.max = 300ms (default)
2024-10-20 10:35:59,746 [s0-groupManagement] INFO  server.RaftServerConfigKeys (ConfUtils.java:logGet(46)) - raft.server.rpc.sleep.time = 25ms (default)
2024-10-20 10:35:59,744 [s4-groupManagement] INFO  server.RaftServerConfigKeys (ConfUtils.java:logGet(46)) - raft.server.rpc.request.timeout = 3000ms (default)
2024-10-20 10:35:59,746 [s0-groupManagement] INFO  server.RaftServerConfigKeys (ConfUtils.java:logGet(46)) - raft.server.rpc.slowness.timeout = 60s (default)
2024-10-20 10:35:59,746 [s4-groupManagement] INFO  server.RaftServerConfigKeys (ConfUtils.java:logGet(46)) - raft.server.log.appender.install.snapshot.enabled = true (default)
2024-10-20 10:35:59,746 [s0-groupManagement] INFO  server.RaftServerConfigKeys (ConfUtils.java:logGet(46)) - raft.server.leaderelection.leader.step-down.wait-time = 10s (default)
2024-10-20 10:35:59,746 [s4-groupManagement] INFO  server.RaftServerConfigKeys (ConfUtils.java:logGet(46)) - raft.server.threadpool.server.cached = true (default)
2024-10-20 10:35:59,746 [s0-groupManagement] INFO  server.RaftServerConfigKeys (ConfUtils.java:logGet(46)) - raft.server.leaderelection.member.majority-add = false (default)
2024-10-20 10:35:59,746 [s4-groupManagement] INFO  server.RaftServerConfigKeys (ConfUtils.java:logGet(46)) - raft.server.threadpool.server.size = 0 (default)
2024-10-20 10:35:59,746 [s0-groupManagement] INFO  server.RaftServerConfigKeys (ConfUtils.java:logGet(46)) - raft.server.sleep.deviation.threshold = 300ms (default)
2024-10-20 10:35:59,746 [s4-groupManagement] INFO  server.RaftServerConfigKeys (ConfUtils.java:logGet(46)) - raft.server.threadpool.client.cached = true (default)
2024-10-20 10:35:59,746 [s4-groupManagement] INFO  server.RaftServerConfigKeys (ConfUtils.java:logGet(46)) - raft.server.threadpool.client.size = 0 (default)
2024-10-20 10:35:59,746 [s0-groupManagement] INFO  server.RaftServer$Division (ServerState.java:<init>(114)) - s0@group-CB01DB19C6AF: ConfigurationManager, init=conf: {index: -1, cur=peers:[s3|localhost:15072, s4|localhost:15076, s0|localhost:15060, s1|localhost:15064, s2|localhost:15068]|listeners:[], old=null}, confs=<EMPTY_MAP>
2024-10-20 10:35:59,746 [s0-groupManagement] INFO  server.RaftServerConfigKeys (ConfUtils.java:logGet(46)) - raft.server.notification.no-leader.timeout = 60s (default)
2024-10-20 10:35:59,746 [s0-groupManagement] INFO  server.RaftServerConfigKeys (ConfUtils.java:logGet(46)) - raft.server.read.timeout = 10s (default)
2024-10-20 10:35:59,746 [s0-groupManagement] INFO  server.RaftServerConfigKeys (ConfUtils.java:logGet(46)) - raft.server.retrycache.expirytime = 5s (custom)
2024-10-20 10:35:59,746 [s0-groupManagement] INFO  server.RaftServerConfigKeys (ConfUtils.java:logGet(46)) - raft.server.retrycache.statistics.expirytime = 100ms (default)
2024-10-20 10:35:59,747 [s0-groupManagement] INFO  server.RaftServerConfigKeys (ConfUtils.java:logGet(46)) - raft.server.read.option = DEFAULT (default)
2024-10-20 10:35:59,747 [s0-groupManagement] INFO  server.RaftServerConfigKeys (ConfUtils.java:logGet(46)) - raft.server.read.read-after-write-consistent.write-index-cache.expiry-time = 60s (default)
2024-10-20 10:35:59,747 [s0-groupManagement] INFO  server.RaftServerConfigKeys (ConfUtils.java:logGet(46)) - raft.server.rpc.request.timeout = 3000ms (default)
2024-10-20 10:35:59,747 [s0-groupManagement] INFO  server.RaftServerConfigKeys (ConfUtils.java:logGet(46)) - raft.server.log.appender.install.snapshot.enabled = true (default)
2024-10-20 10:35:59,747 [s0-groupManagement] INFO  server.RaftServerConfigKeys (ConfUtils.java:logGet(46)) - raft.server.threadpool.server.cached = true (default)
2024-10-20 10:35:59,747 [s0-groupManagement] INFO  server.RaftServerConfigKeys (ConfUtils.java:logGet(46)) - raft.server.threadpool.server.size = 0 (default)
2024-10-20 10:35:59,747 [s0-groupManagement] INFO  server.RaftServerConfigKeys (ConfUtils.java:logGet(46)) - raft.server.threadpool.client.cached = true (default)
2024-10-20 10:35:59,748 [s0-groupManagement] INFO  server.RaftServerConfigKeys (ConfUtils.java:logGet(46)) - raft.server.threadpool.client.size = 0 (default)
2024-10-20 10:35:59,750 [main] INFO  server.RaftServer (RaftServerProxy.java:addNew(101)) - s1: addNew group-CB01DB19C6AF:[s3|localhost:15072, s4|localhost:15076, s0|localhost:15060, s1|localhost:15064, s2|localhost:15068] returns group-CB01DB19C6AF:java.util.concurrent.CompletableFuture@56a05324[Not completed]
2024-10-20 10:35:59,750 [main] INFO  impl.MiniRaftCluster (MiniRaftCluster.java:newRaftServer(396)) - newRaftServer: s2, group-CB01DB19C6AF:[s3|localhost:15072, s4|localhost:15076, s0|localhost:15060, s1|localhost:15064, s2|localhost:15068], format? true
2024-10-20 10:35:59,750 [main] TRACE util.FileUtils (FileUtils.java:deleteFully(305)) - deleteFully target/test/data/f7e8941e/MiniRaftClusterWithSimulatedRpcb07cc4e6/s2
2024-10-20 10:35:59,750 [main] TRACE util.FileUtils (FileUtils.java:deleteFully(318)) - deleteFully: target/test/data/f7e8941e/MiniRaftClusterWithSimulatedRpcb07cc4e6/s2 does not exist.
2024-10-20 10:35:59,750 [main] INFO  impl.MiniRaftCluster (MiniRaftCluster.java:newRaftServer(401)) - Formatted directory target/test/data/f7e8941e/MiniRaftClusterWithSimulatedRpcb07cc4e6/s2
2024-10-20 10:35:59,750 [main] INFO  server.RaftServer (ConfUtils.java:logGet(46)) - raft.rpc.type = org.apache.ratis.server.simulation.SimulatedRpc (custom)
2024-10-20 10:35:59,751 [main] INFO  impl.DataStreamServerImpl (ConfUtils.java:logGet(46)) - raft.datastream.type = DISABLED (default)
2024-10-20 10:35:59,751 [main] INFO  server.RaftServerConfigKeys (ConfUtils.java:logGet(46)) - raft.server.sleep.deviation.threshold = 300ms (default)
2024-10-20 10:35:59,751 [main] INFO  server.RaftServerConfigKeys (ConfUtils.java:logGet(46)) - raft.server.close.threshold = 60s (default)
2024-10-20 10:35:59,751 [main] INFO  server.RaftServerConfigKeys (ConfUtils.java:logGet(46)) - raft.server.leaderelection.leader.step-down.wait-time = 10s (default)
2024-10-20 10:35:59,751 [main] INFO  server.RaftServerConfigKeys (ConfUtils.java:logGet(46)) - raft.server.storage.dir = [/home/runner/work/ratis/ratis/ratis-test/target/test/data/f7e8941e/MiniRaftClusterWithSimulatedRpcb07cc4e6/s2] (custom)
2024-10-20 10:35:59,751 [main] INFO  server.RaftServerConfigKeys (ConfUtils.java:logGet(46)) - raft.server.threadpool.proxy.cached = true (default)
2024-10-20 10:35:59,751 [main] INFO  server.RaftServerConfigKeys (ConfUtils.java:logGet(46)) - raft.server.threadpool.proxy.size = 0 (default)
2024-10-20 10:35:59,752 [s1-groupManagement] INFO  server.RaftServer$Division (RaftServerImpl.java:<init>(257)) - s1: new RaftServerImpl for group-CB01DB19C6AF:[s3|localhost:15072, s4|localhost:15076, s0|localhost:15060, s1|localhost:15064, s2|localhost:15068] with BaseStateMachine:uninitialized
2024-10-20 10:35:59,752 [s1-groupManagement] INFO  server.RaftServerConfigKeys (ConfUtils.java:logGet(46)) - raft.server.rpc.timeout.min = 150ms (default)
2024-10-20 10:35:59,752 [s1-groupManagement] INFO  server.RaftServerConfigKeys (ConfUtils.java:logGet(46)) - raft.server.rpc.timeout.max = 300ms (default)
2024-10-20 10:35:59,752 [s2-groupManagement] INFO  server.RaftServer$Division (RaftServerImpl.java:<init>(257)) - s2: new RaftServerImpl for group-CB01DB19C6AF:[s3|localhost:15072, s4|localhost:15076, s0|localhost:15060, s1|localhost:15064, s2|localhost:15068] with BaseStateMachine:uninitialized
2024-10-20 10:35:59,752 [main] INFO  server.RaftServer (RaftServerProxy.java:addNew(101)) - s2: addNew group-CB01DB19C6AF:[s3|localhost:15072, s4|localhost:15076, s0|localhost:15060, s1|localhost:15064, s2|localhost:15068] returns group-CB01DB19C6AF:java.util.concurrent.CompletableFuture@222acad[Not completed]
2024-10-20 10:35:59,752 [s2-groupManagement] INFO  server.RaftServerConfigKeys (ConfUtils.java:logGet(46)) - raft.server.rpc.timeout.min = 150ms (default)
2024-10-20 10:35:59,752 [s2-groupManagement] INFO  server.RaftServerConfigKeys (ConfUtils.java:logGet(46)) - raft.server.rpc.timeout.max = 300ms (default)
2024-10-20 10:35:59,752 [s1-groupManagement] INFO  server.RaftServerConfigKeys (ConfUtils.java:logGet(46)) - raft.server.rpc.sleep.time = 25ms (default)
2024-10-20 10:35:59,752 [s3-impl-thread1] INFO  server.RaftServerConfigKeys (ConfUtils.java:logGet(46)) - raft.server.storage.free-space.min = 0MB (=0) (default)
2024-10-20 10:35:59,752 [s2-groupManagement] INFO  server.RaftServerConfigKeys (ConfUtils.java:logGet(46)) - raft.server.rpc.sleep.time = 25ms (default)
2024-10-20 10:35:59,752 [s3-impl-thread1] INFO  server.RaftServerConfigKeys (ConfUtils.java:logGet(46)) - raft.server.log.corruption.policy = EXCEPTION (default)
2024-10-20 10:35:59,752 [s1-groupManagement] INFO  server.RaftServerConfigKeys (ConfUtils.java:logGet(46)) - raft.server.rpc.slowness.timeout = 60s (default)
2024-10-20 10:35:59,753 [s3-impl-thread1] INFO  server.RaftServerConfigKeys (ConfUtils.java:logGet(46)) - raft.server.storage.dir = [/home/runner/work/ratis/ratis/ratis-test/target/test/data/f7e8941e/MiniRaftClusterWithSimulatedRpcb07cc4e6/s3] (custom)
2024-10-20 10:35:59,752 [s2-groupManagement] INFO  server.RaftServerConfigKeys (ConfUtils.java:logGet(46)) - raft.server.rpc.slowness.timeout = 60s (default)
2024-10-20 10:35:59,753 [s2-groupManagement] INFO  server.RaftServerConfigKeys (ConfUtils.java:logGet(46)) - raft.server.leaderelection.leader.step-down.wait-time = 10s (default)
2024-10-20 10:35:59,753 [s2-groupManagement] INFO  server.RaftServerConfigKeys (ConfUtils.java:logGet(46)) - raft.server.leaderelection.member.majority-add = false (default)
2024-10-20 10:35:59,753 [s2-groupManagement] INFO  server.RaftServerConfigKeys (ConfUtils.java:logGet(46)) - raft.server.sleep.deviation.threshold = 300ms (default)
2024-10-20 10:35:59,753 [s1-groupManagement] INFO  server.RaftServerConfigKeys (ConfUtils.java:logGet(46)) - raft.server.leaderelection.leader.step-down.wait-time = 10s (default)
2024-10-20 10:35:59,753 [s2-groupManagement] INFO  server.RaftServer$Division (ServerState.java:<init>(114)) - s2@group-CB01DB19C6AF: ConfigurationManager, init=conf: {index: -1, cur=peers:[s3|localhost:15072, s4|localhost:15076, s0|localhost:15060, s1|localhost:15064, s2|localhost:15068]|listeners:[], old=null}, confs=<EMPTY_MAP>
2024-10-20 10:35:59,753 [s3-impl-thread1] INFO  storage.RaftStorageDirectory (RaftStorageDirectoryImpl.java:analyzeStorage(138)) - The storage directory /home/runner/work/ratis/ratis/ratis-test/target/test/data/f7e8941e/MiniRaftClusterWithSimulatedRpcb07cc4e6/s3/e95dfeac-026f-423b-a5cc-cb01db19c6af does not exist. Creating ...
2024-10-20 10:35:59,753 [s2-groupManagement] INFO  server.RaftServerConfigKeys (ConfUtils.java:logGet(46)) - raft.server.notification.no-leader.timeout = 60s (default)
2024-10-20 10:35:59,753 [s1-groupManagement] INFO  server.RaftServerConfigKeys (ConfUtils.java:logGet(46)) - raft.server.leaderelection.member.majority-add = false (default)
2024-10-20 10:35:59,753 [s2-groupManagement] INFO  server.RaftServerConfigKeys (ConfUtils.java:logGet(46)) - raft.server.read.timeout = 10s (default)
2024-10-20 10:35:59,753 [s1-groupManagement] INFO  server.RaftServerConfigKeys (ConfUtils.java:logGet(46)) - raft.server.sleep.deviation.threshold = 300ms (default)
2024-10-20 10:35:59,753 [s2-groupManagement] INFO  server.RaftServerConfigKeys (ConfUtils.java:logGet(46)) - raft.server.retrycache.expirytime = 5s (custom)
2024-10-20 10:35:59,753 [s3-impl-thread1] TRACE util.FileUtils (LogUtils.java:runAndLog(49)) - Successfully ran Files.createDirectories /home/runner/work/ratis/ratis/ratis-test/target/test/data/f7e8941e/MiniRaftClusterWithSimulatedRpcb07cc4e6/s3/e95dfeac-026f-423b-a5cc-cb01db19c6af
2024-10-20 10:35:59,753 [s1-groupManagement] INFO  server.RaftServer$Division (ServerState.java:<init>(114)) - s1@group-CB01DB19C6AF: ConfigurationManager, init=conf: {index: -1, cur=peers:[s3|localhost:15072, s4|localhost:15076, s0|localhost:15060, s1|localhost:15064, s2|localhost:15068]|listeners:[], old=null}, confs=<EMPTY_MAP>
2024-10-20 10:35:59,753 [s2-groupManagement] INFO  server.RaftServerConfigKeys (ConfUtils.java:logGet(46)) - raft.server.retrycache.statistics.expirytime = 100ms (default)
2024-10-20 10:35:59,754 [s1-groupManagement] INFO  server.RaftServerConfigKeys (ConfUtils.java:logGet(46)) - raft.server.notification.no-leader.timeout = 60s (default)
2024-10-20 10:35:59,754 [s2-groupManagement] INFO  server.RaftServerConfigKeys (ConfUtils.java:logGet(46)) - raft.server.read.option = DEFAULT (default)
2024-10-20 10:35:59,754 [s2-groupManagement] INFO  server.RaftServerConfigKeys (ConfUtils.java:logGet(46)) - raft.server.read.read-after-write-consistent.write-index-cache.expiry-time = 60s (default)
2024-10-20 10:35:59,754 [s1-groupManagement] INFO  server.RaftServerConfigKeys (ConfUtils.java:logGet(46)) - raft.server.read.timeout = 10s (default)
2024-10-20 10:35:59,754 [s1-groupManagement] INFO  server.RaftServerConfigKeys (ConfUtils.java:logGet(46)) - raft.server.retrycache.expirytime = 5s (custom)
2024-10-20 10:35:59,754 [s1-groupManagement] INFO  server.RaftServerConfigKeys (ConfUtils.java:logGet(46)) - raft.server.retrycache.statistics.expirytime = 100ms (default)
2024-10-20 10:35:59,754 [s1-groupManagement] INFO  server.RaftServerConfigKeys (ConfUtils.java:logGet(46)) - raft.server.read.option = DEFAULT (default)
2024-10-20 10:35:59,754 [s1-groupManagement] INFO  server.RaftServerConfigKeys (ConfUtils.java:logGet(46)) - raft.server.read.read-after-write-consistent.write-index-cache.expiry-time = 60s (default)
2024-10-20 10:35:59,754 [s2-groupManagement] INFO  server.RaftServerConfigKeys (ConfUtils.java:logGet(46)) - raft.server.rpc.request.timeout = 3000ms (default)
2024-10-20 10:35:59,754 [s3-impl-thread1] INFO  storage.RaftStorageDirectory (RaftStorageDirectoryImpl.java:tryLock(229)) - Lock on /home/runner/work/ratis/ratis/ratis-test/target/test/data/f7e8941e/MiniRaftClusterWithSimulatedRpcb07cc4e6/s3/e95dfeac-026f-423b-a5cc-cb01db19c6af/in_use.lock acquired by nodename 8219@fv-az1202-383
2024-10-20 10:35:59,755 [s3-impl-thread1] TRACE util.FileUtils (LogUtils.java:runAndLog(49)) - Successfully ran Files.createDirectories /home/runner/work/ratis/ratis/ratis-test/target/test/data/f7e8941e/MiniRaftClusterWithSimulatedRpcb07cc4e6/s3/e95dfeac-026f-423b-a5cc-cb01db19c6af/current
2024-10-20 10:35:59,755 [s3-impl-thread1] TRACE util.FileUtils (LogUtils.java:runAndLog(49)) - Successfully ran Files.createDirectories /home/runner/work/ratis/ratis/ratis-test/target/test/data/f7e8941e/MiniRaftClusterWithSimulatedRpcb07cc4e6/s3/e95dfeac-026f-423b-a5cc-cb01db19c6af/sm
2024-10-20 10:35:59,755 [s3-impl-thread1] TRACE util.FileUtils (LogUtils.java:supplyAndLog(69)) - Successfully supplied FileChannel.open /home/runner/work/ratis/ratis/ratis-test/target/test/data/f7e8941e/MiniRaftClusterWithSimulatedRpcb07cc4e6/s3/e95dfeac-026f-423b-a5cc-cb01db19c6af/current/raft-meta.tmp with options [CREATE, WRITE]: sun.nio.ch.FileChannelImpl@7aa78aed
2024-10-20 10:35:59,755 [s1-groupManagement] INFO  server.RaftServerConfigKeys (ConfUtils.java:logGet(46)) - raft.server.rpc.request.timeout = 3000ms (default)
2024-10-20 10:35:59,755 [s1-groupManagement] INFO  server.RaftServerConfigKeys (ConfUtils.java:logGet(46)) - raft.server.log.appender.install.snapshot.enabled = true (default)
2024-10-20 10:35:59,755 [s1-groupManagement] INFO  server.RaftServerConfigKeys (ConfUtils.java:logGet(46)) - raft.server.threadpool.server.cached = true (default)
2024-10-20 10:35:59,755 [s1-groupManagement] INFO  server.RaftServerConfigKeys (ConfUtils.java:logGet(46)) - raft.server.threadpool.server.size = 0 (default)
2024-10-20 10:35:59,755 [s1-groupManagement] INFO  server.RaftServerConfigKeys (ConfUtils.java:logGet(46)) - raft.server.threadpool.client.cached = true (default)
2024-10-20 10:35:59,755 [s1-groupManagement] INFO  server.RaftServerConfigKeys (ConfUtils.java:logGet(46)) - raft.server.threadpool.client.size = 0 (default)
2024-10-20 10:35:59,754 [s2-groupManagement] INFO  server.RaftServerConfigKeys (ConfUtils.java:logGet(46)) - raft.server.log.appender.install.snapshot.enabled = true (default)
2024-10-20 10:35:59,756 [s3-impl-thread1] TRACE util.FileUtils (LogUtils.java:runAndLog(49)) - Successfully ran Atomic Files.move /home/runner/work/ratis/ratis/ratis-test/target/test/data/f7e8941e/MiniRaftClusterWithSimulatedRpcb07cc4e6/s3/e95dfeac-026f-423b-a5cc-cb01db19c6af/current/raft-meta.tmp to /home/runner/work/ratis/ratis/ratis-test/target/test/data/f7e8941e/MiniRaftClusterWithSimulatedRpcb07cc4e6/s3/e95dfeac-026f-423b-a5cc-cb01db19c6af/current/raft-meta with options [REPLACE_EXISTING]
2024-10-20 10:35:59,756 [s3-impl-thread1] INFO  storage.RaftStorage (RaftStorageImpl.java:format(98)) - Storage directory /home/runner/work/ratis/ratis/ratis-test/target/test/data/f7e8941e/MiniRaftClusterWithSimulatedRpcb07cc4e6/s3/e95dfeac-026f-423b-a5cc-cb01db19c6af has been successfully formatted.
2024-10-20 10:35:59,756 [s2-groupManagement] INFO  server.RaftServerConfigKeys (ConfUtils.java:logGet(46)) - raft.server.threadpool.server.cached = true (default)
2024-10-20 10:35:59,756 [s2-groupManagement] INFO  server.RaftServerConfigKeys (ConfUtils.java:logGet(46)) - raft.server.threadpool.server.size = 0 (default)
2024-10-20 10:35:59,756 [s3-impl-thread1] INFO  server.RaftServerConfigKeys (ConfUtils.java:logGet(46)) - raft.server.log.use.memory = false (default)
2024-10-20 10:35:59,756 [s2-groupManagement] INFO  server.RaftServerConfigKeys (ConfUtils.java:logGet(46)) - raft.server.threadpool.client.cached = true (default)
2024-10-20 10:35:59,756 [s3-impl-thread1] INFO  server.RaftServerConfigKeys (ConfUtils.java:logGet(46)) - raft.server.log.purge.gap = 1024 (default)
2024-10-20 10:35:59,756 [s2-groupManagement] INFO  server.RaftServerConfigKeys (ConfUtils.java:logGet(46)) - raft.server.threadpool.client.size = 0 (default)
2024-10-20 10:35:59,756 [s3-impl-thread1] INFO  server.RaftServerConfigKeys (ConfUtils.java:logGet(46)) - raft.server.log.appender.buffer.byte-limit = 4MB (=4194304) (default)
2024-10-20 10:35:59,756 [s3-impl-thread1] INFO  server.RaftServerConfigKeys (ConfUtils.java:logGet(46)) - raft.server.log.statemachine.data.read.timeout = 1000ms (default)
2024-10-20 10:35:59,757 [s3-impl-thread1] INFO  server.RaftServerConfigKeys (ConfUtils.java:logGet(46)) - raft.server.log.purge.preservation.log.num = 0 (default)
2024-10-20 10:35:59,757 [s3-impl-thread1] INFO  server.RaftServerConfigKeys (ConfUtils.java:logGet(46)) - raft.server.log.segment.size.max = 32MB (=33554432) (default)
2024-10-20 10:35:59,757 [s3-impl-thread1] INFO  server.RaftServerConfigKeys (ConfUtils.java:logGet(46)) - raft.server.log.segment.cache.num.max = 6 (default)
2024-10-20 10:35:59,757 [s3-impl-thread1] INFO  server.RaftServerConfigKeys (ConfUtils.java:logGet(46)) - raft.server.log.segment.cache.size.max = 200MB (=209715200) (default)
2024-10-20 10:35:59,757 [s3-impl-thread1] INFO  server.RaftServerConfigKeys (ConfUtils.java:logGet(46)) - raft.server.log.appender.buffer.byte-limit = 4MB (=4194304) (default)
2024-10-20 10:35:59,757 [s3-impl-thread1] INFO  util.AwaitToRun (AwaitToRun.java:start(81)) - Thread[s3@group-CB01DB19C6AF-cacheEviction-AwaitToRun,5,main] started
2024-10-20 10:35:59,757 [s3-impl-thread1] INFO  segmented.SegmentedRaftLogWorker (SegmentedRaftLogWorker.java:<init>(188)) - new s3@group-CB01DB19C6AF-SegmentedRaftLogWorker for RaftStorageImpl:Storage Directory /home/runner/work/ratis/ratis/ratis-test/target/test/data/f7e8941e/MiniRaftClusterWithSimulatedRpcb07cc4e6/s3/e95dfeac-026f-423b-a5cc-cb01db19c6af
2024-10-20 10:35:59,757 [s3-impl-thread1] INFO  server.RaftServerConfigKeys (ConfUtils.java:logGet(46)) - raft.server.log.queue.byte-limit = 64MB (=67108864) (default)
2024-10-20 10:35:59,757 [s3-impl-thread1] INFO  server.RaftServerConfigKeys (ConfUtils.java:logGet(46)) - raft.server.log.queue.element-limit = 4096 (default)
2024-10-20 10:35:59,757 [s3-impl-thread1] INFO  server.RaftServerConfigKeys (ConfUtils.java:logGet(46)) - raft.server.log.segment.size.max = 32MB (=33554432) (default)
2024-10-20 10:35:59,758 [s3-impl-thread1] INFO  server.RaftServerConfigKeys (ConfUtils.java:logGet(46)) - raft.server.log.preallocated.size = 4MB (=4194304) (default)
2024-10-20 10:35:59,758 [s3-impl-thread1] INFO  server.RaftServerConfigKeys (ConfUtils.java:logGet(46)) - raft.server.log.force.sync.num = 128 (default)
2024-10-20 10:35:59,758 [s3-impl-thread1] INFO  server.RaftServerConfigKeys (ConfUtils.java:logGet(46)) - raft.server.log.statemachine.data.sync = true (default)
2024-10-20 10:35:59,758 [s3-impl-thread1] INFO  server.RaftServerConfigKeys (ConfUtils.java:logGet(46)) - raft.server.log.statemachine.data.sync.timeout = 10s (default)
2024-10-20 10:35:59,758 [s3-impl-thread1] INFO  server.RaftServerConfigKeys (ConfUtils.java:logGet(46)) - raft.server.log.statemachine.data.sync.timeout.retry = -1 (default)
2024-10-20 10:35:59,758 [s3-impl-thread1] INFO  server.RaftServerConfigKeys (ConfUtils.java:logGet(46)) - raft.server.log.write.buffer.size = 8MB (=8388608) (default)
2024-10-20 10:35:59,758 [s3-impl-thread1] INFO  server.RaftServerConfigKeys (ConfUtils.java:logGet(46)) - raft.server.log.appender.buffer.byte-limit = 4MB (=4194304) (default)
2024-10-20 10:35:59,758 [s3-impl-thread1] INFO  server.RaftServerConfigKeys (ConfUtils.java:logGet(46)) - raft.server.log.unsafe-flush.enabled = false (default)
2024-10-20 10:35:59,758 [s3-impl-thread1] INFO  server.RaftServerConfigKeys (ConfUtils.java:logGet(46)) - raft.server.log.async-flush.enabled = false (default)
2024-10-20 10:35:59,758 [s3-impl-thread1] INFO  server.RaftServerConfigKeys (ConfUtils.java:logGet(46)) - raft.server.log.statemachine.data.caching.enabled = false (default)
2024-10-20 10:35:59,759 [s3-impl-thread1] INFO  segmented.SegmentedRaftLogWorker (SegmentedRaftLogWorker.java:lambda$new$0(139)) - s3@group-CB01DB19C6AF-SegmentedRaftLogWorker: flushIndex: setUnconditionally 0 -> -1
2024-10-20 10:35:59,759 [s3-impl-thread1] INFO  segmented.SegmentedRaftLogWorker (SegmentedRaftLogWorker.java:lambda$new$0(139)) - s3@group-CB01DB19C6AF-SegmentedRaftLogWorker: safeCacheEvictIndex: setUnconditionally 0 -> -1
2024-10-20 10:35:59,759 [s3-impl-thread1] INFO  server.RaftServer$Division (RaftServerImpl.java:start(393)) - s3@group-CB01DB19C6AF: start as a follower, conf=conf: {index: -1, cur=peers:[s3|localhost:15072, s4|localhost:15076, s0|localhost:15060, s1|localhost:15064, s2|localhost:15068]|listeners:[], old=null}
2024-10-20 10:35:59,759 [s3-impl-thread1] INFO  server.RaftServer$Division (RaftServerImpl.java:setRole(380)) - s3@group-CB01DB19C6AF: changes role from      null to FOLLOWER at term 0 for startAsFollower
2024-10-20 10:35:59,759 [s3-impl-thread1] INFO  impl.RoleInfo (RoleInfo.java:updateAndGet(148)) - s3: start s3@group-CB01DB19C6AF-FollowerState
2024-10-20 10:35:59,759 [s3@group-CB01DB19C6AF-FollowerState] INFO  server.RaftServerConfigKeys (ConfUtils.java:logFallback(53)) - raft.server.rpc.first-election.timeout.min = 150ms (fallback to raft.server.rpc.timeout.min)
2024-10-20 10:35:59,759 [s3@group-CB01DB19C6AF-FollowerState] INFO  server.RaftServerConfigKeys (ConfUtils.java:logFallback(53)) - raft.server.rpc.first-election.timeout.max = 300ms (fallback to raft.server.rpc.timeout.max)
2024-10-20 10:35:59,760 [s3-impl-thread1] INFO  util.JmxRegister (JmxRegister.java:tryRegister(44)) - Successfully registered JMX Bean with object name Ratis:service=RaftServer,group=group-CB01DB19C6AF,id=s3
2024-10-20 10:35:59,760 [s3-impl-thread1] INFO  util.JmxRegister (JmxRegister.java:register(58)) - register mxBean class org.apache.ratis.server.impl.RaftServerJmxAdapter as Ratis:service=RaftServer,group=group-CB01DB19C6AF,id=s3
2024-10-20 10:35:59,760 [s3-impl-thread1] INFO  server.RaftServerConfigKeys (ConfUtils.java:logGet(46)) - raft.server.snapshot.trigger-when-stop.enabled = true (default)
2024-10-20 10:35:59,760 [s3-impl-thread1] INFO  server.RaftServerConfigKeys (ConfUtils.java:logGet(46)) - raft.server.snapshot.trigger-when-remove.enabled = true (default)
2024-10-20 10:35:59,760 [s3-impl-thread1] INFO  server.RaftServerConfigKeys (ConfUtils.java:logGet(46)) - raft.server.snapshot.auto.trigger.enabled = false (default)
2024-10-20 10:35:59,760 [s3-impl-thread1] INFO  server.RaftServerConfigKeys (ConfUtils.java:logGet(46)) - raft.server.snapshot.retention.file.num = -1 (default)
2024-10-20 10:35:59,760 [s3-impl-thread1] INFO  server.RaftServerConfigKeys (ConfUtils.java:logGet(46)) - raft.server.log.purge.upto.snapshot.index = false (default)
2024-10-20 10:35:59,760 [s3-impl-thread1] INFO  server.RaftServer$Division (RaftServerImpl.java:start(407)) - s3@group-CB01DB19C6AF: Successfully started.
2024-10-20 10:35:59,761 [main] INFO  server.RaftServer (RaftServerProxy.java:startImpl(408)) - s3: start RPC server
2024-10-20 10:35:59,761 [JvmPauseMonitor28] INFO  util.JvmPauseMonitor (JvmPauseMonitor.java:run(146)) - JvmPauseMonitor-s3: Started
2024-10-20 10:35:59,761 [s4-impl-thread1] INFO  server.RaftServerConfigKeys (ConfUtils.java:logGet(46)) - raft.server.storage.free-space.min = 0MB (=0) (default)
2024-10-20 10:35:59,761 [s4-impl-thread1] INFO  server.RaftServerConfigKeys (ConfUtils.java:logGet(46)) - raft.server.log.corruption.policy = EXCEPTION (default)
2024-10-20 10:35:59,761 [s4-impl-thread1] INFO  server.RaftServerConfigKeys (ConfUtils.java:logGet(46)) - raft.server.storage.dir = [/home/runner/work/ratis/ratis/ratis-test/target/test/data/f7e8941e/MiniRaftClusterWithSimulatedRpcb07cc4e6/s4] (custom)
2024-10-20 10:35:59,762 [s4-impl-thread1] INFO  storage.RaftStorageDirectory (RaftStorageDirectoryImpl.java:analyzeStorage(138)) - The storage directory /home/runner/work/ratis/ratis/ratis-test/target/test/data/f7e8941e/MiniRaftClusterWithSimulatedRpcb07cc4e6/s4/e95dfeac-026f-423b-a5cc-cb01db19c6af does not exist. Creating ...
2024-10-20 10:35:59,762 [s4-impl-thread1] TRACE util.FileUtils (LogUtils.java:runAndLog(49)) - Successfully ran Files.createDirectories /home/runner/work/ratis/ratis/ratis-test/target/test/data/f7e8941e/MiniRaftClusterWithSimulatedRpcb07cc4e6/s4/e95dfeac-026f-423b-a5cc-cb01db19c6af
2024-10-20 10:35:59,763 [s4-impl-thread1] INFO  storage.RaftStorageDirectory (RaftStorageDirectoryImpl.java:tryLock(229)) - Lock on /home/runner/work/ratis/ratis/ratis-test/target/test/data/f7e8941e/MiniRaftClusterWithSimulatedRpcb07cc4e6/s4/e95dfeac-026f-423b-a5cc-cb01db19c6af/in_use.lock acquired by nodename 8219@fv-az1202-383
2024-10-20 10:35:59,763 [s4-impl-thread1] TRACE util.FileUtils (LogUtils.java:runAndLog(49)) - Successfully ran Files.createDirectories /home/runner/work/ratis/ratis/ratis-test/target/test/data/f7e8941e/MiniRaftClusterWithSimulatedRpcb07cc4e6/s4/e95dfeac-026f-423b-a5cc-cb01db19c6af/current
2024-10-20 10:35:59,763 [s4-impl-thread1] TRACE util.FileUtils (LogUtils.java:runAndLog(49)) - Successfully ran Files.createDirectories /home/runner/work/ratis/ratis/ratis-test/target/test/data/f7e8941e/MiniRaftClusterWithSimulatedRpcb07cc4e6/s4/e95dfeac-026f-423b-a5cc-cb01db19c6af/sm
2024-10-20 10:35:59,763 [s4-impl-thread1] TRACE util.FileUtils (LogUtils.java:supplyAndLog(69)) - Successfully supplied FileChannel.open /home/runner/work/ratis/ratis/ratis-test/target/test/data/f7e8941e/MiniRaftClusterWithSimulatedRpcb07cc4e6/s4/e95dfeac-026f-423b-a5cc-cb01db19c6af/current/raft-meta.tmp with options [CREATE, WRITE]: sun.nio.ch.FileChannelImpl@b619c94
2024-10-20 10:35:59,764 [s4-impl-thread1] TRACE util.FileUtils (LogUtils.java:runAndLog(49)) - Successfully ran Atomic Files.move /home/runner/work/ratis/ratis/ratis-test/target/test/data/f7e8941e/MiniRaftClusterWithSimulatedRpcb07cc4e6/s4/e95dfeac-026f-423b-a5cc-cb01db19c6af/current/raft-meta.tmp to /home/runner/work/ratis/ratis/ratis-test/target/test/data/f7e8941e/MiniRaftClusterWithSimulatedRpcb07cc4e6/s4/e95dfeac-026f-423b-a5cc-cb01db19c6af/current/raft-meta with options [REPLACE_EXISTING]
2024-10-20 10:35:59,764 [s4-impl-thread1] INFO  storage.RaftStorage (RaftStorageImpl.java:format(98)) - Storage directory /home/runner/work/ratis/ratis/ratis-test/target/test/data/f7e8941e/MiniRaftClusterWithSimulatedRpcb07cc4e6/s4/e95dfeac-026f-423b-a5cc-cb01db19c6af has been successfully formatted.
2024-10-20 10:35:59,764 [s4-impl-thread1] INFO  server.RaftServerConfigKeys (ConfUtils.java:logGet(46)) - raft.server.log.use.memory = false (default)
2024-10-20 10:35:59,764 [s4-impl-thread1] INFO  server.RaftServerConfigKeys (ConfUtils.java:logGet(46)) - raft.server.log.purge.gap = 1024 (default)
2024-10-20 10:35:59,764 [s4-impl-thread1] INFO  server.RaftServerConfigKeys (ConfUtils.java:logGet(46)) - raft.server.log.appender.buffer.byte-limit = 4MB (=4194304) (default)
2024-10-20 10:35:59,764 [s4-impl-thread1] INFO  server.RaftServerConfigKeys (ConfUtils.java:logGet(46)) - raft.server.log.statemachine.data.read.timeout = 1000ms (default)
2024-10-20 10:35:59,764 [s4-impl-thread1] INFO  server.RaftServerConfigKeys (ConfUtils.java:logGet(46)) - raft.server.log.purge.preservation.log.num = 0 (default)
2024-10-20 10:35:59,764 [s4-impl-thread1] INFO  server.RaftServerConfigKeys (ConfUtils.java:logGet(46)) - raft.server.log.segment.size.max = 32MB (=33554432) (default)
2024-10-20 10:35:59,764 [s4-impl-thread1] INFO  server.RaftServerConfigKeys (ConfUtils.java:logGet(46)) - raft.server.log.segment.cache.num.max = 6 (default)
2024-10-20 10:35:59,765 [s4-impl-thread1] INFO  server.RaftServerConfigKeys (ConfUtils.java:logGet(46)) - raft.server.log.segment.cache.size.max = 200MB (=209715200) (default)
2024-10-20 10:35:59,765 [s4-impl-thread1] INFO  server.RaftServerConfigKeys (ConfUtils.java:logGet(46)) - raft.server.log.appender.buffer.byte-limit = 4MB (=4194304) (default)
2024-10-20 10:35:59,765 [s4-impl-thread1] INFO  util.AwaitToRun (AwaitToRun.java:start(81)) - Thread[s4@group-CB01DB19C6AF-cacheEviction-AwaitToRun,5,main] started
2024-10-20 10:35:59,765 [s4-impl-thread1] INFO  segmented.SegmentedRaftLogWorker (SegmentedRaftLogWorker.java:<init>(188)) - new s4@group-CB01DB19C6AF-SegmentedRaftLogWorker for RaftStorageImpl:Storage Directory /home/runner/work/ratis/ratis/ratis-test/target/test/data/f7e8941e/MiniRaftClusterWithSimulatedRpcb07cc4e6/s4/e95dfeac-026f-423b-a5cc-cb01db19c6af
2024-10-20 10:35:59,765 [s4-impl-thread1] INFO  server.RaftServerConfigKeys (ConfUtils.java:logGet(46)) - raft.server.log.queue.byte-limit = 64MB (=67108864) (default)
2024-10-20 10:35:59,765 [s4-impl-thread1] INFO  server.RaftServerConfigKeys (ConfUtils.java:logGet(46)) - raft.server.log.queue.element-limit = 4096 (default)
2024-10-20 10:35:59,765 [s4-impl-thread1] INFO  server.RaftServerConfigKeys (ConfUtils.java:logGet(46)) - raft.server.log.segment.size.max = 32MB (=33554432) (default)
2024-10-20 10:35:59,765 [s4-impl-thread1] INFO  server.RaftServerConfigKeys (ConfUtils.java:logGet(46)) - raft.server.log.preallocated.size = 4MB (=4194304) (default)
2024-10-20 10:35:59,765 [s4-impl-thread1] INFO  server.RaftServerConfigKeys (ConfUtils.java:logGet(46)) - raft.server.log.force.sync.num = 128 (default)
2024-10-20 10:35:59,765 [s4-impl-thread1] INFO  server.RaftServerConfigKeys (ConfUtils.java:logGet(46)) - raft.server.log.statemachine.data.sync = true (default)
2024-10-20 10:35:59,765 [s4-impl-thread1] INFO  server.RaftServerConfigKeys (ConfUtils.java:logGet(46)) - raft.server.log.statemachine.data.sync.timeout = 10s (default)
2024-10-20 10:35:59,765 [s4-impl-thread1] INFO  server.RaftServerConfigKeys (ConfUtils.java:logGet(46)) - raft.server.log.statemachine.data.sync.timeout.retry = -1 (default)
2024-10-20 10:35:59,765 [s4-impl-thread1] INFO  server.RaftServerConfigKeys (ConfUtils.java:logGet(46)) - raft.server.log.write.buffer.size = 8MB (=8388608) (default)
2024-10-20 10:35:59,766 [s4-impl-thread1] INFO  server.RaftServerConfigKeys (ConfUtils.java:logGet(46)) - raft.server.log.appender.buffer.byte-limit = 4MB (=4194304) (default)
2024-10-20 10:35:59,766 [s4-impl-thread1] INFO  server.RaftServerConfigKeys (ConfUtils.java:logGet(46)) - raft.server.log.unsafe-flush.enabled = false (default)
2024-10-20 10:35:59,766 [s4-impl-thread1] INFO  server.RaftServerConfigKeys (ConfUtils.java:logGet(46)) - raft.server.log.async-flush.enabled = false (default)
2024-10-20 10:35:59,766 [s4-impl-thread1] INFO  server.RaftServerConfigKeys (ConfUtils.java:logGet(46)) - raft.server.log.statemachine.data.caching.enabled = false (default)
2024-10-20 10:35:59,766 [s4-impl-thread1] INFO  segmented.SegmentedRaftLogWorker (SegmentedRaftLogWorker.java:lambda$new$0(139)) - s4@group-CB01DB19C6AF-SegmentedRaftLogWorker: flushIndex: setUnconditionally 0 -> -1
2024-10-20 10:35:59,766 [s4-impl-thread1] INFO  segmented.SegmentedRaftLogWorker (SegmentedRaftLogWorker.java:lambda$new$0(139)) - s4@group-CB01DB19C6AF-SegmentedRaftLogWorker: safeCacheEvictIndex: setUnconditionally 0 -> -1
2024-10-20 10:35:59,766 [s4-impl-thread1] INFO  server.RaftServer$Division (RaftServerImpl.java:start(393)) - s4@group-CB01DB19C6AF: start as a follower, conf=conf: {index: -1, cur=peers:[s3|localhost:15072, s4|localhost:15076, s0|localhost:15060, s1|localhost:15064, s2|localhost:15068]|listeners:[], old=null}
2024-10-20 10:35:59,766 [s4-impl-thread1] INFO  server.RaftServer$Division (RaftServerImpl.java:setRole(380)) - s4@group-CB01DB19C6AF: changes role from      null to FOLLOWER at term 0 for startAsFollower
2024-10-20 10:35:59,766 [s4-impl-thread1] INFO  impl.RoleInfo (RoleInfo.java:updateAndGet(148)) - s4: start s4@group-CB01DB19C6AF-FollowerState
2024-10-20 10:35:59,767 [s4@group-CB01DB19C6AF-FollowerState] INFO  server.RaftServerConfigKeys (ConfUtils.java:logFallback(53)) - raft.server.rpc.first-election.timeout.min = 150ms (fallback to raft.server.rpc.timeout.min)
2024-10-20 10:35:59,767 [s4-impl-thread1] INFO  util.JmxRegister (JmxRegister.java:tryRegister(44)) - Successfully registered JMX Bean with object name Ratis:service=RaftServer,group=group-CB01DB19C6AF,id=s4
2024-10-20 10:35:59,767 [s4-impl-thread1] INFO  util.JmxRegister (JmxRegister.java:register(58)) - register mxBean class org.apache.ratis.server.impl.RaftServerJmxAdapter as Ratis:service=RaftServer,group=group-CB01DB19C6AF,id=s4
2024-10-20 10:35:59,767 [s4-impl-thread1] INFO  server.RaftServerConfigKeys (ConfUtils.java:logGet(46)) - raft.server.snapshot.trigger-when-stop.enabled = true (default)
2024-10-20 10:35:59,767 [s4-impl-thread1] INFO  server.RaftServerConfigKeys (ConfUtils.java:logGet(46)) - raft.server.snapshot.trigger-when-remove.enabled = true (default)
2024-10-20 10:35:59,767 [s4-impl-thread1] INFO  server.RaftServerConfigKeys (ConfUtils.java:logGet(46)) - raft.server.snapshot.auto.trigger.enabled = false (default)
2024-10-20 10:35:59,767 [s4-impl-thread1] INFO  server.RaftServerConfigKeys (ConfUtils.java:logGet(46)) - raft.server.snapshot.retention.file.num = -1 (default)
2024-10-20 10:35:59,767 [s4-impl-thread1] INFO  server.RaftServerConfigKeys (ConfUtils.java:logGet(46)) - raft.server.log.purge.upto.snapshot.index = false (default)
2024-10-20 10:35:59,767 [s4-impl-thread1] INFO  server.RaftServer$Division (RaftServerImpl.java:start(407)) - s4@group-CB01DB19C6AF: Successfully started.
2024-10-20 10:35:59,768 [main] INFO  server.RaftServer (RaftServerProxy.java:startImpl(408)) - s4: start RPC server
2024-10-20 10:35:59,768 [s0-impl-thread1] INFO  server.RaftServerConfigKeys (ConfUtils.java:logGet(46)) - raft.server.storage.free-space.min = 0MB (=0) (default)
2024-10-20 10:35:59,768 [s0-impl-thread1] INFO  server.RaftServerConfigKeys (ConfUtils.java:logGet(46)) - raft.server.log.corruption.policy = EXCEPTION (default)
2024-10-20 10:35:59,768 [s0-impl-thread1] INFO  server.RaftServerConfigKeys (ConfUtils.java:logGet(46)) - raft.server.storage.dir = [/home/runner/work/ratis/ratis/ratis-test/target/test/data/f7e8941e/MiniRaftClusterWithSimulatedRpcb07cc4e6/s0] (custom)
2024-10-20 10:35:59,768 [s0-impl-thread1] INFO  storage.RaftStorageDirectory (RaftStorageDirectoryImpl.java:analyzeStorage(138)) - The storage directory /home/runner/work/ratis/ratis/ratis-test/target/test/data/f7e8941e/MiniRaftClusterWithSimulatedRpcb07cc4e6/s0/e95dfeac-026f-423b-a5cc-cb01db19c6af does not exist. Creating ...
2024-10-20 10:35:59,769 [s0-impl-thread1] TRACE util.FileUtils (LogUtils.java:runAndLog(49)) - Successfully ran Files.createDirectories /home/runner/work/ratis/ratis/ratis-test/target/test/data/f7e8941e/MiniRaftClusterWithSimulatedRpcb07cc4e6/s0/e95dfeac-026f-423b-a5cc-cb01db19c6af
2024-10-20 10:35:59,767 [s4@group-CB01DB19C6AF-FollowerState] INFO  server.RaftServerConfigKeys (ConfUtils.java:logFallback(53)) - raft.server.rpc.first-election.timeout.max = 300ms (fallback to raft.server.rpc.timeout.max)
2024-10-20 10:35:59,768 [JvmPauseMonitor29] INFO  util.JvmPauseMonitor (JvmPauseMonitor.java:run(146)) - JvmPauseMonitor-s4: Started
2024-10-20 10:35:59,770 [s0-impl-thread1] INFO  storage.RaftStorageDirectory (RaftStorageDirectoryImpl.java:tryLock(229)) - Lock on /home/runner/work/ratis/ratis/ratis-test/target/test/data/f7e8941e/MiniRaftClusterWithSimulatedRpcb07cc4e6/s0/e95dfeac-026f-423b-a5cc-cb01db19c6af/in_use.lock acquired by nodename 8219@fv-az1202-383
2024-10-20 10:35:59,770 [s0-impl-thread1] TRACE util.FileUtils (LogUtils.java:runAndLog(49)) - Successfully ran Files.createDirectories /home/runner/work/ratis/ratis/ratis-test/target/test/data/f7e8941e/MiniRaftClusterWithSimulatedRpcb07cc4e6/s0/e95dfeac-026f-423b-a5cc-cb01db19c6af/current
2024-10-20 10:35:59,770 [s0-impl-thread1] TRACE util.FileUtils (LogUtils.java:runAndLog(49)) - Successfully ran Files.createDirectories /home/runner/work/ratis/ratis/ratis-test/target/test/data/f7e8941e/MiniRaftClusterWithSimulatedRpcb07cc4e6/s0/e95dfeac-026f-423b-a5cc-cb01db19c6af/sm
2024-10-20 10:35:59,771 [s0-impl-thread1] TRACE util.FileUtils (LogUtils.java:supplyAndLog(69)) - Successfully supplied FileChannel.open /home/runner/work/ratis/ratis/ratis-test/target/test/data/f7e8941e/MiniRaftClusterWithSimulatedRpcb07cc4e6/s0/e95dfeac-026f-423b-a5cc-cb01db19c6af/current/raft-meta.tmp with options [CREATE, WRITE]: sun.nio.ch.FileChannelImpl@67b59fde
2024-10-20 10:35:59,771 [s0-impl-thread1] TRACE util.FileUtils (LogUtils.java:runAndLog(49)) - Successfully ran Atomic Files.move /home/runner/work/ratis/ratis/ratis-test/target/test/data/f7e8941e/MiniRaftClusterWithSimulatedRpcb07cc4e6/s0/e95dfeac-026f-423b-a5cc-cb01db19c6af/current/raft-meta.tmp to /home/runner/work/ratis/ratis/ratis-test/target/test/data/f7e8941e/MiniRaftClusterWithSimulatedRpcb07cc4e6/s0/e95dfeac-026f-423b-a5cc-cb01db19c6af/current/raft-meta with options [REPLACE_EXISTING]
2024-10-20 10:35:59,771 [s0-impl-thread1] INFO  storage.RaftStorage (RaftStorageImpl.java:format(98)) - Storage directory /home/runner/work/ratis/ratis/ratis-test/target/test/data/f7e8941e/MiniRaftClusterWithSimulatedRpcb07cc4e6/s0/e95dfeac-026f-423b-a5cc-cb01db19c6af has been successfully formatted.
2024-10-20 10:35:59,772 [s0-impl-thread1] INFO  server.RaftServerConfigKeys (ConfUtils.java:logGet(46)) - raft.server.log.use.memory = false (default)
2024-10-20 10:35:59,772 [s0-impl-thread1] INFO  server.RaftServerConfigKeys (ConfUtils.java:logGet(46)) - raft.server.log.purge.gap = 1024 (default)
2024-10-20 10:35:59,772 [s0-impl-thread1] INFO  server.RaftServerConfigKeys (ConfUtils.java:logGet(46)) - raft.server.log.appender.buffer.byte-limit = 4MB (=4194304) (default)
2024-10-20 10:35:59,772 [s0-impl-thread1] INFO  server.RaftServerConfigKeys (ConfUtils.java:logGet(46)) - raft.server.log.statemachine.data.read.timeout = 1000ms (default)
2024-10-20 10:35:59,772 [s0-impl-thread1] INFO  server.RaftServerConfigKeys (ConfUtils.java:logGet(46)) - raft.server.log.purge.preservation.log.num = 0 (default)
2024-10-20 10:35:59,772 [s0-impl-thread1] INFO  server.RaftServerConfigKeys (ConfUtils.java:logGet(46)) - raft.server.log.segment.size.max = 32MB (=33554432) (default)
2024-10-20 10:35:59,772 [s0-impl-thread1] INFO  server.RaftServerConfigKeys (ConfUtils.java:logGet(46)) - raft.server.log.segment.cache.num.max = 6 (default)
2024-10-20 10:35:59,772 [s0-impl-thread1] INFO  server.RaftServerConfigKeys (ConfUtils.java:logGet(46)) - raft.server.log.segment.cache.size.max = 200MB (=209715200) (default)
2024-10-20 10:35:59,772 [s0-impl-thread1] INFO  server.RaftServerConfigKeys (ConfUtils.java:logGet(46)) - raft.server.log.appender.buffer.byte-limit = 4MB (=4194304) (default)
2024-10-20 10:35:59,772 [s0-impl-thread1] INFO  util.AwaitToRun (AwaitToRun.java:start(81)) - Thread[s0@group-CB01DB19C6AF-cacheEviction-AwaitToRun,5,main] started
2024-10-20 10:35:59,772 [s0-impl-thread1] INFO  segmented.SegmentedRaftLogWorker (SegmentedRaftLogWorker.java:<init>(188)) - new s0@group-CB01DB19C6AF-SegmentedRaftLogWorker for RaftStorageImpl:Storage Directory /home/runner/work/ratis/ratis/ratis-test/target/test/data/f7e8941e/MiniRaftClusterWithSimulatedRpcb07cc4e6/s0/e95dfeac-026f-423b-a5cc-cb01db19c6af
2024-10-20 10:35:59,773 [s0-impl-thread1] INFO  server.RaftServerConfigKeys (ConfUtils.java:logGet(46)) - raft.server.log.queue.byte-limit = 64MB (=67108864) (default)
2024-10-20 10:35:59,773 [s0-impl-thread1] INFO  server.RaftServerConfigKeys (ConfUtils.java:logGet(46)) - raft.server.log.queue.element-limit = 4096 (default)
2024-10-20 10:35:59,773 [s0-impl-thread1] INFO  server.RaftServerConfigKeys (ConfUtils.java:logGet(46)) - raft.server.log.segment.size.max = 32MB (=33554432) (default)
2024-10-20 10:35:59,773 [s0-impl-thread1] INFO  server.RaftServerConfigKeys (ConfUtils.java:logGet(46)) - raft.server.log.preallocated.size = 4MB (=4194304) (default)
2024-10-20 10:35:59,773 [s0-impl-thread1] INFO  server.RaftServerConfigKeys (ConfUtils.java:logGet(46)) - raft.server.log.force.sync.num = 128 (default)
2024-10-20 10:35:59,773 [s0-impl-thread1] INFO  server.RaftServerConfigKeys (ConfUtils.java:logGet(46)) - raft.server.log.statemachine.data.sync = true (default)
2024-10-20 10:35:59,773 [s0-impl-thread1] INFO  server.RaftServerConfigKeys (ConfUtils.java:logGet(46)) - raft.server.log.statemachine.data.sync.timeout = 10s (default)
2024-10-20 10:35:59,773 [s0-impl-thread1] INFO  server.RaftServerConfigKeys (ConfUtils.java:logGet(46)) - raft.server.log.statemachine.data.sync.timeout.retry = -1 (default)
2024-10-20 10:35:59,773 [s0-impl-thread1] INFO  server.RaftServerConfigKeys (ConfUtils.java:logGet(46)) - raft.server.log.write.buffer.size = 8MB (=8388608) (default)
2024-10-20 10:35:59,774 [s0-impl-thread1] INFO  server.RaftServerConfigKeys (ConfUtils.java:logGet(46)) - raft.server.log.appender.buffer.byte-limit = 4MB (=4194304) (default)
2024-10-20 10:35:59,774 [s0-impl-thread1] INFO  server.RaftServerConfigKeys (ConfUtils.java:logGet(46)) - raft.server.log.unsafe-flush.enabled = false (default)
2024-10-20 10:35:59,774 [s0-impl-thread1] INFO  server.RaftServerConfigKeys (ConfUtils.java:logGet(46)) - raft.server.log.async-flush.enabled = false (default)
2024-10-20 10:35:59,774 [s0-impl-thread1] INFO  server.RaftServerConfigKeys (ConfUtils.java:logGet(46)) - raft.server.log.statemachine.data.caching.enabled = false (default)
2024-10-20 10:35:59,774 [s0-impl-thread1] INFO  segmented.SegmentedRaftLogWorker (SegmentedRaftLogWorker.java:lambda$new$0(139)) - s0@group-CB01DB19C6AF-SegmentedRaftLogWorker: flushIndex: setUnconditionally 0 -> -1
2024-10-20 10:35:59,774 [s0-impl-thread1] INFO  segmented.SegmentedRaftLogWorker (SegmentedRaftLogWorker.java:lambda$new$0(139)) - s0@group-CB01DB19C6AF-SegmentedRaftLogWorker: safeCacheEvictIndex: setUnconditionally 0 -> -1
2024-10-20 10:35:59,774 [s0-impl-thread1] INFO  server.RaftServer$Division (RaftServerImpl.java:start(393)) - s0@group-CB01DB19C6AF: start as a follower, conf=conf: {index: -1, cur=peers:[s3|localhost:15072, s4|localhost:15076, s0|localhost:15060, s1|localhost:15064, s2|localhost:15068]|listeners:[], old=null}
2024-10-20 10:35:59,774 [s0-impl-thread1] INFO  server.RaftServer$Division (RaftServerImpl.java:setRole(380)) - s0@group-CB01DB19C6AF: changes role from      null to FOLLOWER at term 0 for startAsFollower
2024-10-20 10:35:59,775 [s0-impl-thread1] INFO  impl.RoleInfo (RoleInfo.java:updateAndGet(148)) - s0: start s0@group-CB01DB19C6AF-FollowerState
2024-10-20 10:35:59,775 [s0@group-CB01DB19C6AF-FollowerState] INFO  server.RaftServerConfigKeys (ConfUtils.java:logFallback(53)) - raft.server.rpc.first-election.timeout.min = 150ms (fallback to raft.server.rpc.timeout.min)
2024-10-20 10:35:59,775 [s0-impl-thread1] INFO  util.JmxRegister (JmxRegister.java:tryRegister(44)) - Successfully registered JMX Bean with object name Ratis:service=RaftServer,group=group-CB01DB19C6AF,id=s0
2024-10-20 10:35:59,775 [s0-impl-thread1] INFO  util.JmxRegister (JmxRegister.java:register(58)) - register mxBean class org.apache.ratis.server.impl.RaftServerJmxAdapter as Ratis:service=RaftServer,group=group-CB01DB19C6AF,id=s0
2024-10-20 10:35:59,775 [s0@group-CB01DB19C6AF-FollowerState] INFO  server.RaftServerConfigKeys (ConfUtils.java:logFallback(53)) - raft.server.rpc.first-election.timeout.max = 300ms (fallback to raft.server.rpc.timeout.max)
2024-10-20 10:35:59,775 [s0-impl-thread1] INFO  server.RaftServerConfigKeys (ConfUtils.java:logGet(46)) - raft.server.snapshot.trigger-when-stop.enabled = true (default)
2024-10-20 10:35:59,775 [s0-impl-thread1] INFO  server.RaftServerConfigKeys (ConfUtils.java:logGet(46)) - raft.server.snapshot.trigger-when-remove.enabled = true (default)
2024-10-20 10:35:59,775 [s0-impl-thread1] INFO  server.RaftServerConfigKeys (ConfUtils.java:logGet(46)) - raft.server.snapshot.auto.trigger.enabled = false (default)
2024-10-20 10:35:59,775 [s0-impl-thread1] INFO  server.RaftServerConfigKeys (ConfUtils.java:logGet(46)) - raft.server.snapshot.retention.file.num = -1 (default)
2024-10-20 10:35:59,775 [s0-impl-thread1] INFO  server.RaftServerConfigKeys (ConfUtils.java:logGet(46)) - raft.server.log.purge.upto.snapshot.index = false (default)
2024-10-20 10:35:59,775 [s0-impl-thread1] INFO  server.RaftServer$Division (RaftServerImpl.java:start(407)) - s0@group-CB01DB19C6AF: Successfully started.
2024-10-20 10:35:59,776 [main] INFO  server.RaftServer (RaftServerProxy.java:startImpl(408)) - s0: start RPC server
2024-10-20 10:35:59,777 [s1-impl-thread1] INFO  server.RaftServerConfigKeys (ConfUtils.java:logGet(46)) - raft.server.storage.free-space.min = 0MB (=0) (default)
2024-10-20 10:35:59,778 [JvmPauseMonitor30] INFO  util.JvmPauseMonitor (JvmPauseMonitor.java:run(146)) - JvmPauseMonitor-s0: Started
2024-10-20 10:35:59,778 [s1-impl-thread1] INFO  server.RaftServerConfigKeys (ConfUtils.java:logGet(46)) - raft.server.log.corruption.policy = EXCEPTION (default)
2024-10-20 10:35:59,778 [s1-impl-thread1] INFO  server.RaftServerConfigKeys (ConfUtils.java:logGet(46)) - raft.server.storage.dir = [/home/runner/work/ratis/ratis/ratis-test/target/test/data/f7e8941e/MiniRaftClusterWithSimulatedRpcb07cc4e6/s1] (custom)
2024-10-20 10:35:59,778 [s1-impl-thread1] INFO  storage.RaftStorageDirectory (RaftStorageDirectoryImpl.java:analyzeStorage(138)) - The storage directory /home/runner/work/ratis/ratis/ratis-test/target/test/data/f7e8941e/MiniRaftClusterWithSimulatedRpcb07cc4e6/s1/e95dfeac-026f-423b-a5cc-cb01db19c6af does not exist. Creating ...
2024-10-20 10:35:59,778 [s1-impl-thread1] TRACE util.FileUtils (LogUtils.java:runAndLog(49)) - Successfully ran Files.createDirectories /home/runner/work/ratis/ratis/ratis-test/target/test/data/f7e8941e/MiniRaftClusterWithSimulatedRpcb07cc4e6/s1/e95dfeac-026f-423b-a5cc-cb01db19c6af
2024-10-20 10:35:59,781 [s1-impl-thread1] INFO  storage.RaftStorageDirectory (RaftStorageDirectoryImpl.java:tryLock(229)) - Lock on /home/runner/work/ratis/ratis/ratis-test/target/test/data/f7e8941e/MiniRaftClusterWithSimulatedRpcb07cc4e6/s1/e95dfeac-026f-423b-a5cc-cb01db19c6af/in_use.lock acquired by nodename 8219@fv-az1202-383
2024-10-20 10:35:59,781 [s1-impl-thread1] TRACE util.FileUtils (LogUtils.java:runAndLog(49)) - Successfully ran Files.createDirectories /home/runner/work/ratis/ratis/ratis-test/target/test/data/f7e8941e/MiniRaftClusterWithSimulatedRpcb07cc4e6/s1/e95dfeac-026f-423b-a5cc-cb01db19c6af/current
2024-10-20 10:35:59,781 [s1-impl-thread1] TRACE util.FileUtils (LogUtils.java:runAndLog(49)) - Successfully ran Files.createDirectories /home/runner/work/ratis/ratis/ratis-test/target/test/data/f7e8941e/MiniRaftClusterWithSimulatedRpcb07cc4e6/s1/e95dfeac-026f-423b-a5cc-cb01db19c6af/sm
2024-10-20 10:35:59,781 [s1-impl-thread1] TRACE util.FileUtils (LogUtils.java:supplyAndLog(69)) - Successfully supplied FileChannel.open /home/runner/work/ratis/ratis/ratis-test/target/test/data/f7e8941e/MiniRaftClusterWithSimulatedRpcb07cc4e6/s1/e95dfeac-026f-423b-a5cc-cb01db19c6af/current/raft-meta.tmp with options [CREATE, WRITE]: sun.nio.ch.FileChannelImpl@565d91b8
2024-10-20 10:35:59,782 [s1-impl-thread1] TRACE util.FileUtils (LogUtils.java:runAndLog(49)) - Successfully ran Atomic Files.move /home/runner/work/ratis/ratis/ratis-test/target/test/data/f7e8941e/MiniRaftClusterWithSimulatedRpcb07cc4e6/s1/e95dfeac-026f-423b-a5cc-cb01db19c6af/current/raft-meta.tmp to /home/runner/work/ratis/ratis/ratis-test/target/test/data/f7e8941e/MiniRaftClusterWithSimulatedRpcb07cc4e6/s1/e95dfeac-026f-423b-a5cc-cb01db19c6af/current/raft-meta with options [REPLACE_EXISTING]
2024-10-20 10:35:59,782 [s1-impl-thread1] INFO  storage.RaftStorage (RaftStorageImpl.java:format(98)) - Storage directory /home/runner/work/ratis/ratis/ratis-test/target/test/data/f7e8941e/MiniRaftClusterWithSimulatedRpcb07cc4e6/s1/e95dfeac-026f-423b-a5cc-cb01db19c6af has been successfully formatted.
2024-10-20 10:35:59,782 [s1-impl-thread1] INFO  server.RaftServerConfigKeys (ConfUtils.java:logGet(46)) - raft.server.log.use.memory = false (default)
2024-10-20 10:35:59,782 [s1-impl-thread1] INFO  server.RaftServerConfigKeys (ConfUtils.java:logGet(46)) - raft.server.log.purge.gap = 1024 (default)
2024-10-20 10:35:59,782 [s1-impl-thread1] INFO  server.RaftServerConfigKeys (ConfUtils.java:logGet(46)) - raft.server.log.appender.buffer.byte-limit = 4MB (=4194304) (default)
2024-10-20 10:35:59,782 [s1-impl-thread1] INFO  server.RaftServerConfigKeys (ConfUtils.java:logGet(46)) - raft.server.log.statemachine.data.read.timeout = 1000ms (default)
2024-10-20 10:35:59,782 [s1-impl-thread1] INFO  server.RaftServerConfigKeys (ConfUtils.java:logGet(46)) - raft.server.log.purge.preservation.log.num = 0 (default)
2024-10-20 10:35:59,783 [s1-impl-thread1] INFO  server.RaftServerConfigKeys (ConfUtils.java:logGet(46)) - raft.server.log.segment.size.max = 32MB (=33554432) (default)
2024-10-20 10:35:59,783 [s1-impl-thread1] INFO  server.RaftServerConfigKeys (ConfUtils.java:logGet(46)) - raft.server.log.segment.cache.num.max = 6 (default)
2024-10-20 10:35:59,783 [s1-impl-thread1] INFO  server.RaftServerConfigKeys (ConfUtils.java:logGet(46)) - raft.server.log.segment.cache.size.max = 200MB (=209715200) (default)
2024-10-20 10:35:59,783 [s1-impl-thread1] INFO  server.RaftServerConfigKeys (ConfUtils.java:logGet(46)) - raft.server.log.appender.buffer.byte-limit = 4MB (=4194304) (default)
2024-10-20 10:35:59,783 [s1-impl-thread1] INFO  util.AwaitToRun (AwaitToRun.java:start(81)) - Thread[s1@group-CB01DB19C6AF-cacheEviction-AwaitToRun,5,main] started
2024-10-20 10:35:59,783 [s1-impl-thread1] INFO  segmented.SegmentedRaftLogWorker (SegmentedRaftLogWorker.java:<init>(188)) - new s1@group-CB01DB19C6AF-SegmentedRaftLogWorker for RaftStorageImpl:Storage Directory /home/runner/work/ratis/ratis/ratis-test/target/test/data/f7e8941e/MiniRaftClusterWithSimulatedRpcb07cc4e6/s1/e95dfeac-026f-423b-a5cc-cb01db19c6af
2024-10-20 10:35:59,783 [s1-impl-thread1] INFO  server.RaftServerConfigKeys (ConfUtils.java:logGet(46)) - raft.server.log.queue.byte-limit = 64MB (=67108864) (default)
2024-10-20 10:35:59,783 [s1-impl-thread1] INFO  server.RaftServerConfigKeys (ConfUtils.java:logGet(46)) - raft.server.log.queue.element-limit = 4096 (default)
2024-10-20 10:35:59,783 [s1-impl-thread1] INFO  server.RaftServerConfigKeys (ConfUtils.java:logGet(46)) - raft.server.log.segment.size.max = 32MB (=33554432) (default)
2024-10-20 10:35:59,783 [s1-impl-thread1] INFO  server.RaftServerConfigKeys (ConfUtils.java:logGet(46)) - raft.server.log.preallocated.size = 4MB (=4194304) (default)
2024-10-20 10:35:59,783 [s1-impl-thread1] INFO  server.RaftServerConfigKeys (ConfUtils.java:logGet(46)) - raft.server.log.force.sync.num = 128 (default)
2024-10-20 10:35:59,783 [s1-impl-thread1] INFO  server.RaftServerConfigKeys (ConfUtils.java:logGet(46)) - raft.server.log.statemachine.data.sync = true (default)
2024-10-20 10:35:59,784 [s1-impl-thread1] INFO  server.RaftServerConfigKeys (ConfUtils.java:logGet(46)) - raft.server.log.statemachine.data.sync.timeout = 10s (default)
2024-10-20 10:35:59,784 [s1-impl-thread1] INFO  server.RaftServerConfigKeys (ConfUtils.java:logGet(46)) - raft.server.log.statemachine.data.sync.timeout.retry = -1 (default)
2024-10-20 10:35:59,784 [s1-impl-thread1] INFO  server.RaftServerConfigKeys (ConfUtils.java:logGet(46)) - raft.server.log.write.buffer.size = 8MB (=8388608) (default)
2024-10-20 10:35:59,785 [s1-impl-thread1] INFO  server.RaftServerConfigKeys (ConfUtils.java:logGet(46)) - raft.server.log.appender.buffer.byte-limit = 4MB (=4194304) (default)
2024-10-20 10:35:59,785 [s1-impl-thread1] INFO  server.RaftServerConfigKeys (ConfUtils.java:logGet(46)) - raft.server.log.unsafe-flush.enabled = false (default)
2024-10-20 10:35:59,785 [s1-impl-thread1] INFO  server.RaftServerConfigKeys (ConfUtils.java:logGet(46)) - raft.server.log.async-flush.enabled = false (default)
2024-10-20 10:35:59,785 [s1-impl-thread1] INFO  server.RaftServerConfigKeys (ConfUtils.java:logGet(46)) - raft.server.log.statemachine.data.caching.enabled = false (default)
2024-10-20 10:35:59,785 [s1-impl-thread1] INFO  segmented.SegmentedRaftLogWorker (SegmentedRaftLogWorker.java:lambda$new$0(139)) - s1@group-CB01DB19C6AF-SegmentedRaftLogWorker: flushIndex: setUnconditionally 0 -> -1
2024-10-20 10:35:59,785 [s1-impl-thread1] INFO  segmented.SegmentedRaftLogWorker (SegmentedRaftLogWorker.java:lambda$new$0(139)) - s1@group-CB01DB19C6AF-SegmentedRaftLogWorker: safeCacheEvictIndex: setUnconditionally 0 -> -1
2024-10-20 10:35:59,786 [s1-impl-thread1] INFO  server.RaftServer$Division (RaftServerImpl.java:start(393)) - s1@group-CB01DB19C6AF: start as a follower, conf=conf: {index: -1, cur=peers:[s3|localhost:15072, s4|localhost:15076, s0|localhost:15060, s1|localhost:15064, s2|localhost:15068]|listeners:[], old=null}
2024-10-20 10:35:59,786 [s1-impl-thread1] INFO  server.RaftServer$Division (RaftServerImpl.java:setRole(380)) - s1@group-CB01DB19C6AF: changes role from      null to FOLLOWER at term 0 for startAsFollower
2024-10-20 10:35:59,786 [s1-impl-thread1] INFO  impl.RoleInfo (RoleInfo.java:updateAndGet(148)) - s1: start s1@group-CB01DB19C6AF-FollowerState
2024-10-20 10:35:59,786 [s1-impl-thread1] INFO  util.JmxRegister (JmxRegister.java:tryRegister(44)) - Successfully registered JMX Bean with object name Ratis:service=RaftServer,group=group-CB01DB19C6AF,id=s1
2024-10-20 10:35:59,786 [s1-impl-thread1] INFO  util.JmxRegister (JmxRegister.java:register(58)) - register mxBean class org.apache.ratis.server.impl.RaftServerJmxAdapter as Ratis:service=RaftServer,group=group-CB01DB19C6AF,id=s1
2024-10-20 10:35:59,786 [s1-impl-thread1] INFO  server.RaftServerConfigKeys (ConfUtils.java:logGet(46)) - raft.server.snapshot.trigger-when-stop.enabled = true (default)
2024-10-20 10:35:59,786 [s1-impl-thread1] INFO  server.RaftServerConfigKeys (ConfUtils.java:logGet(46)) - raft.server.snapshot.trigger-when-remove.enabled = true (default)
2024-10-20 10:35:59,786 [s1-impl-thread1] INFO  server.RaftServerConfigKeys (ConfUtils.java:logGet(46)) - raft.server.snapshot.auto.trigger.enabled = false (default)
2024-10-20 10:35:59,786 [s1-impl-thread1] INFO  server.RaftServerConfigKeys (ConfUtils.java:logGet(46)) - raft.server.snapshot.retention.file.num = -1 (default)
2024-10-20 10:35:59,786 [s1-impl-thread1] INFO  server.RaftServerConfigKeys (ConfUtils.java:logGet(46)) - raft.server.log.purge.upto.snapshot.index = false (default)
2024-10-20 10:35:59,786 [s1@group-CB01DB19C6AF-FollowerState] INFO  server.RaftServerConfigKeys (ConfUtils.java:logFallback(53)) - raft.server.rpc.first-election.timeout.min = 150ms (fallback to raft.server.rpc.timeout.min)
2024-10-20 10:35:59,787 [s1@group-CB01DB19C6AF-FollowerState] INFO  server.RaftServerConfigKeys (ConfUtils.java:logFallback(53)) - raft.server.rpc.first-election.timeout.max = 300ms (fallback to raft.server.rpc.timeout.max)
2024-10-20 10:35:59,787 [s1-impl-thread1] INFO  server.RaftServer$Division (RaftServerImpl.java:start(407)) - s1@group-CB01DB19C6AF: Successfully started.
2024-10-20 10:35:59,787 [main] INFO  server.RaftServer (RaftServerProxy.java:startImpl(408)) - s1: start RPC server
2024-10-20 10:35:59,788 [JvmPauseMonitor31] INFO  util.JvmPauseMonitor (JvmPauseMonitor.java:run(146)) - JvmPauseMonitor-s1: Started
2024-10-20 10:35:59,788 [s2-impl-thread1] INFO  server.RaftServerConfigKeys (ConfUtils.java:logGet(46)) - raft.server.storage.free-space.min = 0MB (=0) (default)
2024-10-20 10:35:59,788 [s2-impl-thread1] INFO  server.RaftServerConfigKeys (ConfUtils.java:logGet(46)) - raft.server.log.corruption.policy = EXCEPTION (default)
2024-10-20 10:35:59,788 [s2-impl-thread1] INFO  server.RaftServerConfigKeys (ConfUtils.java:logGet(46)) - raft.server.storage.dir = [/home/runner/work/ratis/ratis/ratis-test/target/test/data/f7e8941e/MiniRaftClusterWithSimulatedRpcb07cc4e6/s2] (custom)
2024-10-20 10:35:59,788 [s2-impl-thread1] INFO  storage.RaftStorageDirectory (RaftStorageDirectoryImpl.java:analyzeStorage(138)) - The storage directory /home/runner/work/ratis/ratis/ratis-test/target/test/data/f7e8941e/MiniRaftClusterWithSimulatedRpcb07cc4e6/s2/e95dfeac-026f-423b-a5cc-cb01db19c6af does not exist. Creating ...
2024-10-20 10:35:59,788 [s2-impl-thread1] TRACE util.FileUtils (LogUtils.java:runAndLog(49)) - Successfully ran Files.createDirectories /home/runner/work/ratis/ratis/ratis-test/target/test/data/f7e8941e/MiniRaftClusterWithSimulatedRpcb07cc4e6/s2/e95dfeac-026f-423b-a5cc-cb01db19c6af
2024-10-20 10:35:59,789 [s2-impl-thread1] INFO  storage.RaftStorageDirectory (RaftStorageDirectoryImpl.java:tryLock(229)) - Lock on /home/runner/work/ratis/ratis/ratis-test/target/test/data/f7e8941e/MiniRaftClusterWithSimulatedRpcb07cc4e6/s2/e95dfeac-026f-423b-a5cc-cb01db19c6af/in_use.lock acquired by nodename 8219@fv-az1202-383
2024-10-20 10:35:59,790 [s2-impl-thread1] TRACE util.FileUtils (LogUtils.java:runAndLog(49)) - Successfully ran Files.createDirectories /home/runner/work/ratis/ratis/ratis-test/target/test/data/f7e8941e/MiniRaftClusterWithSimulatedRpcb07cc4e6/s2/e95dfeac-026f-423b-a5cc-cb01db19c6af/current
2024-10-20 10:35:59,790 [s2-impl-thread1] TRACE util.FileUtils (LogUtils.java:runAndLog(49)) - Successfully ran Files.createDirectories /home/runner/work/ratis/ratis/ratis-test/target/test/data/f7e8941e/MiniRaftClusterWithSimulatedRpcb07cc4e6/s2/e95dfeac-026f-423b-a5cc-cb01db19c6af/sm
2024-10-20 10:35:59,790 [s2-impl-thread1] TRACE util.FileUtils (LogUtils.java:supplyAndLog(69)) - Successfully supplied FileChannel.open /home/runner/work/ratis/ratis/ratis-test/target/test/data/f7e8941e/MiniRaftClusterWithSimulatedRpcb07cc4e6/s2/e95dfeac-026f-423b-a5cc-cb01db19c6af/current/raft-meta.tmp with options [CREATE, WRITE]: sun.nio.ch.FileChannelImpl@56ff7444
2024-10-20 10:35:59,791 [s2-impl-thread1] TRACE util.FileUtils (LogUtils.java:runAndLog(49)) - Successfully ran Atomic Files.move /home/runner/work/ratis/ratis/ratis-test/target/test/data/f7e8941e/MiniRaftClusterWithSimulatedRpcb07cc4e6/s2/e95dfeac-026f-423b-a5cc-cb01db19c6af/current/raft-meta.tmp to /home/runner/work/ratis/ratis/ratis-test/target/test/data/f7e8941e/MiniRaftClusterWithSimulatedRpcb07cc4e6/s2/e95dfeac-026f-423b-a5cc-cb01db19c6af/current/raft-meta with options [REPLACE_EXISTING]
2024-10-20 10:35:59,791 [s2-impl-thread1] INFO  storage.RaftStorage (RaftStorageImpl.java:format(98)) - Storage directory /home/runner/work/ratis/ratis/ratis-test/target/test/data/f7e8941e/MiniRaftClusterWithSimulatedRpcb07cc4e6/s2/e95dfeac-026f-423b-a5cc-cb01db19c6af has been successfully formatted.
2024-10-20 10:35:59,791 [s2-impl-thread1] INFO  server.RaftServerConfigKeys (ConfUtils.java:logGet(46)) - raft.server.log.use.memory = false (default)
2024-10-20 10:35:59,791 [s2-impl-thread1] INFO  server.RaftServerConfigKeys (ConfUtils.java:logGet(46)) - raft.server.log.purge.gap = 1024 (default)
2024-10-20 10:35:59,791 [s2-impl-thread1] INFO  server.RaftServerConfigKeys (ConfUtils.java:logGet(46)) - raft.server.log.appender.buffer.byte-limit = 4MB (=4194304) (default)
2024-10-20 10:35:59,791 [s2-impl-thread1] INFO  server.RaftServerConfigKeys (ConfUtils.java:logGet(46)) - raft.server.log.statemachine.data.read.timeout = 1000ms (default)
2024-10-20 10:35:59,791 [s2-impl-thread1] INFO  server.RaftServerConfigKeys (ConfUtils.java:logGet(46)) - raft.server.log.purge.preservation.log.num = 0 (default)
2024-10-20 10:35:59,791 [s2-impl-thread1] INFO  server.RaftServerConfigKeys (ConfUtils.java:logGet(46)) - raft.server.log.segment.size.max = 32MB (=33554432) (default)
2024-10-20 10:35:59,791 [s2-impl-thread1] INFO  server.RaftServerConfigKeys (ConfUtils.java:logGet(46)) - raft.server.log.segment.cache.num.max = 6 (default)
2024-10-20 10:35:59,791 [s2-impl-thread1] INFO  server.RaftServerConfigKeys (ConfUtils.java:logGet(46)) - raft.server.log.segment.cache.size.max = 200MB (=209715200) (default)
2024-10-20 10:35:59,791 [s2-impl-thread1] INFO  server.RaftServerConfigKeys (ConfUtils.java:logGet(46)) - raft.server.log.appender.buffer.byte-limit = 4MB (=4194304) (default)
2024-10-20 10:35:59,792 [s2-impl-thread1] INFO  util.AwaitToRun (AwaitToRun.java:start(81)) - Thread[s2@group-CB01DB19C6AF-cacheEviction-AwaitToRun,5,main] started
2024-10-20 10:35:59,792 [s2-impl-thread1] INFO  segmented.SegmentedRaftLogWorker (SegmentedRaftLogWorker.java:<init>(188)) - new s2@group-CB01DB19C6AF-SegmentedRaftLogWorker for RaftStorageImpl:Storage Directory /home/runner/work/ratis/ratis/ratis-test/target/test/data/f7e8941e/MiniRaftClusterWithSimulatedRpcb07cc4e6/s2/e95dfeac-026f-423b-a5cc-cb01db19c6af
2024-10-20 10:35:59,792 [s2-impl-thread1] INFO  server.RaftServerConfigKeys (ConfUtils.java:logGet(46)) - raft.server.log.queue.byte-limit = 64MB (=67108864) (default)
2024-10-20 10:35:59,792 [s2-impl-thread1] INFO  server.RaftServerConfigKeys (ConfUtils.java:logGet(46)) - raft.server.log.queue.element-limit = 4096 (default)
2024-10-20 10:35:59,792 [s2-impl-thread1] INFO  server.RaftServerConfigKeys (ConfUtils.java:logGet(46)) - raft.server.log.segment.size.max = 32MB (=33554432) (default)
2024-10-20 10:35:59,792 [s2-impl-thread1] INFO  server.RaftServerConfigKeys (ConfUtils.java:logGet(46)) - raft.server.log.preallocated.size = 4MB (=4194304) (default)
2024-10-20 10:35:59,792 [s2-impl-thread1] INFO  server.RaftServerConfigKeys (ConfUtils.java:logGet(46)) - raft.server.log.force.sync.num = 128 (default)
2024-10-20 10:35:59,792 [s2-impl-thread1] INFO  server.RaftServerConfigKeys (ConfUtils.java:logGet(46)) - raft.server.log.statemachine.data.sync = true (default)
2024-10-20 10:35:59,792 [s2-impl-thread1] INFO  server.RaftServerConfigKeys (ConfUtils.java:logGet(46)) - raft.server.log.statemachine.data.sync.timeout = 10s (default)
2024-10-20 10:35:59,792 [s2-impl-thread1] INFO  server.RaftServerConfigKeys (ConfUtils.java:logGet(46)) - raft.server.log.statemachine.data.sync.timeout.retry = -1 (default)
2024-10-20 10:35:59,792 [s2-impl-thread1] INFO  server.RaftServerConfigKeys (ConfUtils.java:logGet(46)) - raft.server.log.write.buffer.size = 8MB (=8388608) (default)
2024-10-20 10:35:59,794 [s2-impl-thread1] INFO  server.RaftServerConfigKeys (ConfUtils.java:logGet(46)) - raft.server.log.appender.buffer.byte-limit = 4MB (=4194304) (default)
2024-10-20 10:35:59,794 [s2-impl-thread1] INFO  server.RaftServerConfigKeys (ConfUtils.java:logGet(46)) - raft.server.log.unsafe-flush.enabled = false (default)
2024-10-20 10:35:59,794 [s2-impl-thread1] INFO  server.RaftServerConfigKeys (ConfUtils.java:logGet(46)) - raft.server.log.async-flush.enabled = false (default)
2024-10-20 10:35:59,794 [s2-impl-thread1] INFO  server.RaftServerConfigKeys (ConfUtils.java:logGet(46)) - raft.server.log.statemachine.data.caching.enabled = false (default)
2024-10-20 10:35:59,794 [s2-impl-thread1] INFO  segmented.SegmentedRaftLogWorker (SegmentedRaftLogWorker.java:lambda$new$0(139)) - s2@group-CB01DB19C6AF-SegmentedRaftLogWorker: flushIndex: setUnconditionally 0 -> -1
2024-10-20 10:35:59,794 [s2-impl-thread1] INFO  segmented.SegmentedRaftLogWorker (SegmentedRaftLogWorker.java:lambda$new$0(139)) - s2@group-CB01DB19C6AF-SegmentedRaftLogWorker: safeCacheEvictIndex: setUnconditionally 0 -> -1
2024-10-20 10:35:59,794 [s2-impl-thread1] INFO  server.RaftServer$Division (RaftServerImpl.java:start(393)) - s2@group-CB01DB19C6AF: start as a follower, conf=conf: {index: -1, cur=peers:[s3|localhost:15072, s4|localhost:15076, s0|localhost:15060, s1|localhost:15064, s2|localhost:15068]|listeners:[], old=null}
2024-10-20 10:35:59,794 [s2-impl-thread1] INFO  server.RaftServer$Division (RaftServerImpl.java:setRole(380)) - s2@group-CB01DB19C6AF: changes role from      null to FOLLOWER at term 0 for startAsFollower
2024-10-20 10:35:59,794 [s2-impl-thread1] INFO  impl.RoleInfo (RoleInfo.java:updateAndGet(148)) - s2: start s2@group-CB01DB19C6AF-FollowerState
2024-10-20 10:35:59,794 [s2@group-CB01DB19C6AF-FollowerState] INFO  server.RaftServerConfigKeys (ConfUtils.java:logFallback(53)) - raft.server.rpc.first-election.timeout.min = 150ms (fallback to raft.server.rpc.timeout.min)
2024-10-20 10:35:59,794 [s2-impl-thread1] INFO  util.JmxRegister (JmxRegister.java:tryRegister(44)) - Successfully registered JMX Bean with object name Ratis:service=RaftServer,group=group-CB01DB19C6AF,id=s2
2024-10-20 10:35:59,794 [s2-impl-thread1] INFO  util.JmxRegister (JmxRegister.java:register(58)) - register mxBean class org.apache.ratis.server.impl.RaftServerJmxAdapter as Ratis:service=RaftServer,group=group-CB01DB19C6AF,id=s2
2024-10-20 10:35:59,794 [s2@group-CB01DB19C6AF-FollowerState] INFO  server.RaftServerConfigKeys (ConfUtils.java:logFallback(53)) - raft.server.rpc.first-election.timeout.max = 300ms (fallback to raft.server.rpc.timeout.max)
2024-10-20 10:35:59,795 [s2-impl-thread1] INFO  server.RaftServerConfigKeys (ConfUtils.java:logGet(46)) - raft.server.snapshot.trigger-when-stop.enabled = true (default)
2024-10-20 10:35:59,795 [s2-impl-thread1] INFO  server.RaftServerConfigKeys (ConfUtils.java:logGet(46)) - raft.server.snapshot.trigger-when-remove.enabled = true (default)
2024-10-20 10:35:59,795 [s2-impl-thread1] INFO  server.RaftServerConfigKeys (ConfUtils.java:logGet(46)) - raft.server.snapshot.auto.trigger.enabled = false (default)
2024-10-20 10:35:59,795 [s2-impl-thread1] INFO  server.RaftServerConfigKeys (ConfUtils.java:logGet(46)) - raft.server.snapshot.retention.file.num = -1 (default)
2024-10-20 10:35:59,795 [s2-impl-thread1] INFO  server.RaftServerConfigKeys (ConfUtils.java:logGet(46)) - raft.server.log.purge.upto.snapshot.index = false (default)
2024-10-20 10:35:59,795 [s2-impl-thread1] INFO  server.RaftServer$Division (RaftServerImpl.java:start(407)) - s2@group-CB01DB19C6AF: Successfully started.
2024-10-20 10:35:59,795 [main] INFO  server.RaftServer (RaftServerProxy.java:startImpl(408)) - s2: start RPC server
2024-10-20 10:35:59,796 [JvmPauseMonitor32] INFO  util.JvmPauseMonitor (JvmPauseMonitor.java:run(146)) - JvmPauseMonitor-s2: Started
2024-10-20 10:35:59,796 [main] INFO  server.RaftServerConfigKeys (ConfUtils.java:logGet(46)) - raft.server.rpc.timeout.max = 300ms (default)
2024-10-20 10:35:59,798 [main] INFO  ratis.RaftTestUtil (RaftTestUtil.java:waitForLeader(107)) - printing ALL groups
  s3:  RUNNING  FOLLOWER s3@group-CB01DB19C6AF:t0, leader=null, voted=, raftlog=Memoized:s3@group-CB01DB19C6AF-SegmentedRaftLog:OPENED:c-1:lastnull, conf=conf: {index: -1, cur=peers:[s3|localhost:15072, s4|localhost:15076, s0|localhost:15060, s1|localhost:15064, s2|localhost:15068]|listeners:[], old=null} RUNNING
  s4:  RUNNING  FOLLOWER s4@group-CB01DB19C6AF:t0, leader=null, voted=, raftlog=Memoized:s4@group-CB01DB19C6AF-SegmentedRaftLog:OPENED:c-1:lastnull, conf=conf: {index: -1, cur=peers:[s3|localhost:15072, s4|localhost:15076, s0|localhost:15060, s1|localhost:15064, s2|localhost:15068]|listeners:[], old=null} RUNNING
  s0:  RUNNING  FOLLOWER s0@group-CB01DB19C6AF:t0, leader=null, voted=, raftlog=Memoized:s0@group-CB01DB19C6AF-SegmentedRaftLog:OPENED:c-1:lastnull, conf=conf: {index: -1, cur=peers:[s3|localhost:15072, s4|localhost:15076, s0|localhost:15060, s1|localhost:15064, s2|localhost:15068]|listeners:[], old=null} RUNNING
  s1:  RUNNING  FOLLOWER s1@group-CB01DB19C6AF:t0, leader=null, voted=, raftlog=Memoized:s1@group-CB01DB19C6AF-SegmentedRaftLog:OPENED:c-1:lastnull, conf=conf: {index: -1, cur=peers:[s3|localhost:15072, s4|localhost:15076, s0|localhost:15060, s1|localhost:15064, s2|localhost:15068]|listeners:[], old=null} RUNNING
  s2:  RUNNING  FOLLOWER s2@group-CB01DB19C6AF:t0, leader=null, voted=, raftlog=Memoized:s2@group-CB01DB19C6AF-SegmentedRaftLog:OPENED:c-1:lastnull, conf=conf: {index: -1, cur=peers:[s3|localhost:15072, s4|localhost:15076, s0|localhost:15060, s1|localhost:15064, s2|localhost:15068]|listeners:[], old=null} RUNNING
2024-10-20 10:35:59,798 [main] WARN  ratis.RaftTestUtil (RaftTestUtil.java:lambda$waitForLeader$3(126)) - Attempt #1 failed: java.lang.IllegalStateException: No leader yet : printing ALL groups
  s3:  RUNNING  FOLLOWER s3@group-CB01DB19C6AF:t0, leader=null, voted=, raftlog=Memoized:s3@group-CB01DB19C6AF-SegmentedRaftLog:OPENED:c-1:lastnull, conf=conf: {index: -1, cur=peers:[s3|localhost:15072, s4|localhost:15076, s0|localhost:15060, s1|localhost:15064, s2|localhost:15068]|listeners:[], old=null} RUNNING
  s4:  RUNNING  FOLLOWER s4@group-CB01DB19C6AF:t0, leader=null, voted=, raftlog=Memoized:s4@group-CB01DB19C6AF-SegmentedRaftLog:OPENED:c-1:lastnull, conf=conf: {index: -1, cur=peers:[s3|localhost:15072, s4|localhost:15076, s0|localhost:15060, s1|localhost:15064, s2|localhost:15068]|listeners:[], old=null} RUNNING
  s0:  RUNNING  FOLLOWER s0@group-CB01DB19C6AF:t0, leader=null, voted=, raftlog=Memoized:s0@group-CB01DB19C6AF-SegmentedRaftLog:OPENED:c-1:lastnull, conf=conf: {index: -1, cur=peers:[s3|localhost:15072, s4|localhost:15076, s0|localhost:15060, s1|localhost:15064, s2|localhost:15068]|listeners:[], old=null} RUNNING
  s1:  RUNNING  FOLLOWER s1@group-CB01DB19C6AF:t0, leader=null, voted=, raftlog=Memoized:s1@group-CB01DB19C6AF-SegmentedRaftLog:OPENED:c-1:lastnull, conf=conf: {index: -1, cur=peers:[s3|localhost:15072, s4|localhost:15076, s0|localhost:15060, s1|localhost:15064, s2|localhost:15068]|listeners:[], old=null} RUNNING
  s2:  RUNNING  FOLLOWER s2@group-CB01DB19C6AF:t0, leader=null, voted=, raftlog=Memoized:s2@group-CB01DB19C6AF-SegmentedRaftLog:OPENED:c-1:lastnull, conf=conf: {index: -1, cur=peers:[s3|localhost:15072, s4|localhost:15076, s0|localhost:15060, s1|localhost:15064, s2|localhost:15068]|listeners:[], old=null} RUNNING
2024-10-20 10:35:59,926 [s4@group-CB01DB19C6AF-FollowerState] INFO  impl.FollowerState (FollowerState.java:runImpl(161)) - s4@group-CB01DB19C6AF-FollowerState: change to CANDIDATE, lastRpcElapsedTime:159536098ns, electionTimeout:156ms
2024-10-20 10:35:59,926 [s4@group-CB01DB19C6AF-FollowerState] INFO  impl.RoleInfo (RoleInfo.java:shutdownFollowerState(121)) - s4: shutdown s4@group-CB01DB19C6AF-FollowerState
2024-10-20 10:35:59,926 [s4@group-CB01DB19C6AF-FollowerState] INFO  server.RaftServer$Division (RaftServerImpl.java:setRole(380)) - s4@group-CB01DB19C6AF: changes role from  FOLLOWER to CANDIDATE at term 0 for changeToCandidate
2024-10-20 10:35:59,927 [s4@group-CB01DB19C6AF-FollowerState] INFO  server.RaftServerConfigKeys (ConfUtils.java:logGet(46)) - raft.server.leaderelection.pre-vote = true (default)
2024-10-20 10:35:59,927 [s4@group-CB01DB19C6AF-FollowerState] INFO  impl.RoleInfo (RoleInfo.java:updateAndGet(148)) - s4: start s4@group-CB01DB19C6AF-LeaderElection8
2024-10-20 10:35:59,927 [s4@group-CB01DB19C6AF-LeaderElection8] INFO  impl.LeaderElection (LeaderElection.java:askForVotes(333)) - s4@group-CB01DB19C6AF-LeaderElection8 PRE_VOTE round 0: submit vote requests at term 0 for conf: {index: -1, cur=peers:[s3|localhost:15072, s4|localhost:15076, s0|localhost:15060, s1|localhost:15064, s2|localhost:15068]|listeners:[], old=null}
2024-10-20 10:35:59,928 [HandlerDaemon-0] INFO  server.RaftServer$Division (RaftServerImpl.java:requestVote(1447)) - s3@group-CB01DB19C6AF: receive requestVote(PRE_VOTE, s4, group-CB01DB19C6AF, 0, (t:0, i:0))
2024-10-20 10:35:59,928 [s4@group-CB01DB19C6AF-LeaderElection8] INFO  server.RaftServerConfigKeys (ConfUtils.java:logFallback(53)) - raft.server.rpc.first-election.timeout.min = 150ms (fallback to raft.server.rpc.timeout.min)
2024-10-20 10:35:59,928 [HandlerDaemon-0] INFO  impl.VoteContext (VoteContext.java:log(49)) - s3@group-CB01DB19C6AF-FOLLOWER: accept PRE_VOTE from s4: our priority 0 <= candidate's priority 0
2024-10-20 10:35:59,928 [HandlerDaemon-0] INFO  server.RaftServer$Division (RaftServerImpl.java:requestVote(1447)) - s0@group-CB01DB19C6AF: receive requestVote(PRE_VOTE, s4, group-CB01DB19C6AF, 0, (t:0, i:0))
2024-10-20 10:35:59,928 [HandlerDaemon-0] INFO  impl.VoteContext (VoteContext.java:log(49)) - s0@group-CB01DB19C6AF-FOLLOWER: accept PRE_VOTE from s4: our priority 0 <= candidate's priority 0
2024-10-20 10:35:59,929 [HandlerDaemon-0] INFO  server.RaftServer$Division (RaftServerImpl.java:requestVote(1480)) - s0@group-CB01DB19C6AF replies to PRE_VOTE vote request: s4<-s0#0:OK-t0. Peer's state: s0@group-CB01DB19C6AF:t0, leader=null, voted=, raftlog=Memoized:s0@group-CB01DB19C6AF-SegmentedRaftLog:OPENED:c-1:lastnull, conf=conf: {index: -1, cur=peers:[s3|localhost:15072, s4|localhost:15076, s0|localhost:15060, s1|localhost:15064, s2|localhost:15068]|listeners:[], old=null}
2024-10-20 10:35:59,929 [HandlerDaemon-0] INFO  server.RaftServer$Division (RaftServerImpl.java:requestVote(1447)) - s2@group-CB01DB19C6AF: receive requestVote(PRE_VOTE, s4, group-CB01DB19C6AF, 0, (t:0, i:0))
2024-10-20 10:35:59,929 [HandlerDaemon-0] INFO  impl.VoteContext (VoteContext.java:log(49)) - s2@group-CB01DB19C6AF-FOLLOWER: accept PRE_VOTE from s4: our priority 0 <= candidate's priority 0
2024-10-20 10:35:59,929 [HandlerDaemon-0] INFO  server.RaftServer$Division (RaftServerImpl.java:requestVote(1480)) - s2@group-CB01DB19C6AF replies to PRE_VOTE vote request: s4<-s2#0:OK-t0. Peer's state: s2@group-CB01DB19C6AF:t0, leader=null, voted=, raftlog=Memoized:s2@group-CB01DB19C6AF-SegmentedRaftLog:OPENED:c-1:lastnull, conf=conf: {index: -1, cur=peers:[s3|localhost:15072, s4|localhost:15076, s0|localhost:15060, s1|localhost:15064, s2|localhost:15068]|listeners:[], old=null}
2024-10-20 10:35:59,928 [s4@group-CB01DB19C6AF-LeaderElection8] INFO  server.RaftServerConfigKeys (ConfUtils.java:logFallback(53)) - raft.server.rpc.first-election.timeout.max = 300ms (fallback to raft.server.rpc.timeout.max)
2024-10-20 10:35:59,929 [s4@group-CB01DB19C6AF-LeaderElection8] INFO  impl.LeaderElection (LeaderElection.java:logAndReturn(90)) - s4@group-CB01DB19C6AF-LeaderElection8: PRE_VOTE PASSED received 2 response(s) and 0 exception(s):
2024-10-20 10:35:59,929 [s4@group-CB01DB19C6AF-LeaderElection8] INFO  impl.LeaderElection (LeaderElection.java:logAndReturn(94)) -   Response 0: s4<-s0#0:OK-t0
2024-10-20 10:35:59,929 [s4@group-CB01DB19C6AF-LeaderElection8] INFO  impl.LeaderElection (LeaderElection.java:logAndReturn(94)) -   Response 1: s4<-s2#0:OK-t0
2024-10-20 10:35:59,928 [HandlerDaemon-0] INFO  server.RaftServer$Division (RaftServerImpl.java:requestVote(1480)) - s3@group-CB01DB19C6AF replies to PRE_VOTE vote request: s4<-s3#0:OK-t0. Peer's state: s3@group-CB01DB19C6AF:t0, leader=null, voted=, raftlog=Memoized:s3@group-CB01DB19C6AF-SegmentedRaftLog:OPENED:c-1:lastnull, conf=conf: {index: -1, cur=peers:[s3|localhost:15072, s4|localhost:15076, s0|localhost:15060, s1|localhost:15064, s2|localhost:15068]|listeners:[], old=null}
2024-10-20 10:35:59,928 [HandlerDaemon-0] INFO  server.RaftServer$Division (RaftServerImpl.java:requestVote(1447)) - s1@group-CB01DB19C6AF: receive requestVote(PRE_VOTE, s4, group-CB01DB19C6AF, 0, (t:0, i:0))
2024-10-20 10:35:59,929 [s4@group-CB01DB19C6AF-LeaderElection8] INFO  impl.LeaderElection (LeaderElection.java:askForVotes(335)) - s4@group-CB01DB19C6AF-LeaderElection8 PRE_VOTE round 0: result PASSED
2024-10-20 10:35:59,929 [HandlerDaemon-0] INFO  impl.VoteContext (VoteContext.java:log(49)) - s1@group-CB01DB19C6AF-FOLLOWER: accept PRE_VOTE from s4: our priority 0 <= candidate's priority 0
2024-10-20 10:35:59,930 [HandlerDaemon-0] INFO  server.RaftServer$Division (RaftServerImpl.java:requestVote(1480)) - s1@group-CB01DB19C6AF replies to PRE_VOTE vote request: s4<-s1#0:OK-t0. Peer's state: s1@group-CB01DB19C6AF:t0, leader=null, voted=, raftlog=Memoized:s1@group-CB01DB19C6AF-SegmentedRaftLog:OPENED:c-1:lastnull, conf=conf: {index: -1, cur=peers:[s3|localhost:15072, s4|localhost:15076, s0|localhost:15060, s1|localhost:15064, s2|localhost:15068]|listeners:[], old=null}
2024-10-20 10:35:59,930 [s4@group-CB01DB19C6AF-LeaderElection8] TRACE util.FileUtils (LogUtils.java:supplyAndLog(69)) - Successfully supplied FileChannel.open /home/runner/work/ratis/ratis/ratis-test/target/test/data/f7e8941e/MiniRaftClusterWithSimulatedRpcb07cc4e6/s4/e95dfeac-026f-423b-a5cc-cb01db19c6af/current/raft-meta.tmp with options [CREATE, WRITE]: sun.nio.ch.FileChannelImpl@923af4c
2024-10-20 10:35:59,931 [s4@group-CB01DB19C6AF-LeaderElection8] TRACE util.FileUtils (LogUtils.java:runAndLog(49)) - Successfully ran Atomic Files.move /home/runner/work/ratis/ratis/ratis-test/target/test/data/f7e8941e/MiniRaftClusterWithSimulatedRpcb07cc4e6/s4/e95dfeac-026f-423b-a5cc-cb01db19c6af/current/raft-meta.tmp to /home/runner/work/ratis/ratis/ratis-test/target/test/data/f7e8941e/MiniRaftClusterWithSimulatedRpcb07cc4e6/s4/e95dfeac-026f-423b-a5cc-cb01db19c6af/current/raft-meta with options [REPLACE_EXISTING]
2024-10-20 10:35:59,931 [s4@group-CB01DB19C6AF-LeaderElection8] INFO  impl.LeaderElection (LeaderElection.java:askForVotes(333)) - s4@group-CB01DB19C6AF-LeaderElection8 ELECTION round 0: submit vote requests at term 1 for conf: {index: -1, cur=peers:[s3|localhost:15072, s4|localhost:15076, s0|localhost:15060, s1|localhost:15064, s2|localhost:15068]|listeners:[], old=null}
2024-10-20 10:35:59,932 [HandlerDaemon-1] INFO  server.RaftServer$Division (RaftServerImpl.java:requestVote(1447)) - s3@group-CB01DB19C6AF: receive requestVote(ELECTION, s4, group-CB01DB19C6AF, 1, (t:0, i:0))
2024-10-20 10:35:59,932 [s4@group-CB01DB19C6AF-LeaderElection8] INFO  server.RaftServerConfigKeys (ConfUtils.java:logFallback(53)) - raft.server.rpc.first-election.timeout.min = 150ms (fallback to raft.server.rpc.timeout.min)
2024-10-20 10:35:59,933 [HandlerDaemon-1] INFO  server.RaftServer$Division (RaftServerImpl.java:requestVote(1447)) - s0@group-CB01DB19C6AF: receive requestVote(ELECTION, s4, group-CB01DB19C6AF, 1, (t:0, i:0))
2024-10-20 10:35:59,933 [HandlerDaemon-1] INFO  server.RaftServer$Division (RaftServerImpl.java:requestVote(1447)) - s1@group-CB01DB19C6AF: receive requestVote(ELECTION, s4, group-CB01DB19C6AF, 1, (t:0, i:0))
2024-10-20 10:35:59,933 [HandlerDaemon-1] INFO  impl.VoteContext (VoteContext.java:log(49)) - s3@group-CB01DB19C6AF-FOLLOWER: accept ELECTION from s4: our priority 0 <= candidate's priority 0
2024-10-20 10:35:59,934 [HandlerDaemon-1] INFO  impl.VoteContext (VoteContext.java:log(49)) - s1@group-CB01DB19C6AF-FOLLOWER: accept ELECTION from s4: our priority 0 <= candidate's priority 0
2024-10-20 10:35:59,933 [HandlerDaemon-1] INFO  impl.VoteContext (VoteContext.java:log(49)) - s0@group-CB01DB19C6AF-FOLLOWER: accept ELECTION from s4: our priority 0 <= candidate's priority 0
2024-10-20 10:35:59,933 [s4@group-CB01DB19C6AF-LeaderElection8] INFO  server.RaftServerConfigKeys (ConfUtils.java:logFallback(53)) - raft.server.rpc.first-election.timeout.max = 300ms (fallback to raft.server.rpc.timeout.max)
2024-10-20 10:35:59,934 [HandlerDaemon-1] INFO  server.RaftServer$Division (RaftServerImpl.java:setRole(380)) - s0@group-CB01DB19C6AF: changes role from  FOLLOWER to FOLLOWER at term 0 for candidate:s4
2024-10-20 10:35:59,934 [HandlerDaemon-1] INFO  server.RaftServer$Division (RaftServerImpl.java:setRole(380)) - s1@group-CB01DB19C6AF: changes role from  FOLLOWER to FOLLOWER at term 0 for candidate:s4
2024-10-20 10:35:59,934 [HandlerDaemon-1] INFO  impl.RoleInfo (RoleInfo.java:shutdownFollowerState(121)) - s1: shutdown s1@group-CB01DB19C6AF-FollowerState
2024-10-20 10:35:59,934 [HandlerDaemon-1] INFO  server.RaftServer$Division (RaftServerImpl.java:requestVote(1447)) - s2@group-CB01DB19C6AF: receive requestVote(ELECTION, s4, group-CB01DB19C6AF, 1, (t:0, i:0))
2024-10-20 10:35:59,934 [HandlerDaemon-1] INFO  server.RaftServer$Division (RaftServerImpl.java:setRole(380)) - s3@group-CB01DB19C6AF: changes role from  FOLLOWER to FOLLOWER at term 0 for candidate:s4
2024-10-20 10:35:59,934 [HandlerDaemon-1] INFO  impl.RoleInfo (RoleInfo.java:shutdownFollowerState(121)) - s3: shutdown s3@group-CB01DB19C6AF-FollowerState
2024-10-20 10:35:59,934 [HandlerDaemon-1] INFO  impl.VoteContext (VoteContext.java:log(49)) - s2@group-CB01DB19C6AF-FOLLOWER: accept ELECTION from s4: our priority 0 <= candidate's priority 0
2024-10-20 10:35:59,935 [HandlerDaemon-1] INFO  impl.RoleInfo (RoleInfo.java:updateAndGet(148)) - s3: start s3@group-CB01DB19C6AF-FollowerState
2024-10-20 10:35:59,934 [HandlerDaemon-1] INFO  impl.RoleInfo (RoleInfo.java:updateAndGet(148)) - s1: start s1@group-CB01DB19C6AF-FollowerState
2024-10-20 10:35:59,934 [s1@group-CB01DB19C6AF-FollowerState] INFO  impl.FollowerState (FollowerState.java:runImpl(170)) - s1@group-CB01DB19C6AF-FollowerState was interrupted
2024-10-20 10:35:59,935 [HandlerDaemon-1] INFO  server.RaftServer$Division (RaftServerImpl.java:setFirstElection(564)) - s1@group-CB01DB19C6AF: set firstElectionSinceStartup to false for candidate:s4
2024-10-20 10:35:59,934 [HandlerDaemon-1] INFO  impl.RoleInfo (RoleInfo.java:shutdownFollowerState(121)) - s0: shutdown s0@group-CB01DB19C6AF-FollowerState
2024-10-20 10:35:59,935 [HandlerDaemon-1] INFO  server.RaftServer$Division (RaftServerImpl.java:setFirstElection(564)) - s3@group-CB01DB19C6AF: set firstElectionSinceStartup to false for candidate:s4
2024-10-20 10:35:59,935 [HandlerDaemon-1] INFO  server.RaftServer$Division (RaftServerImpl.java:setRole(380)) - s2@group-CB01DB19C6AF: changes role from  FOLLOWER to FOLLOWER at term 0 for candidate:s4
2024-10-20 10:35:59,935 [s3@group-CB01DB19C6AF-FollowerState] INFO  impl.FollowerState (FollowerState.java:runImpl(170)) - s3@group-CB01DB19C6AF-FollowerState was interrupted
2024-10-20 10:35:59,935 [HandlerDaemon-1] INFO  impl.RoleInfo (RoleInfo.java:shutdownFollowerState(121)) - s2: shutdown s2@group-CB01DB19C6AF-FollowerState
2024-10-20 10:35:59,935 [HandlerDaemon-1] INFO  impl.RoleInfo (RoleInfo.java:updateAndGet(148)) - s0: start s0@group-CB01DB19C6AF-FollowerState
2024-10-20 10:35:59,935 [HandlerDaemon-1] TRACE util.FileUtils (LogUtils.java:supplyAndLog(69)) - Successfully supplied FileChannel.open /home/runner/work/ratis/ratis/ratis-test/target/test/data/f7e8941e/MiniRaftClusterWithSimulatedRpcb07cc4e6/s1/e95dfeac-026f-423b-a5cc-cb01db19c6af/current/raft-meta.tmp with options [CREATE, WRITE]: sun.nio.ch.FileChannelImpl@301bcb3b
2024-10-20 10:35:59,936 [HandlerDaemon-1] INFO  server.RaftServer$Division (RaftServerImpl.java:setFirstElection(564)) - s0@group-CB01DB19C6AF: set firstElectionSinceStartup to false for candidate:s4
2024-10-20 10:35:59,936 [HandlerDaemon-1] INFO  impl.RoleInfo (RoleInfo.java:updateAndGet(148)) - s2: start s2@group-CB01DB19C6AF-FollowerState
2024-10-20 10:35:59,936 [HandlerDaemon-1] TRACE util.FileUtils (LogUtils.java:supplyAndLog(69)) - Successfully supplied FileChannel.open /home/runner/work/ratis/ratis/ratis-test/target/test/data/f7e8941e/MiniRaftClusterWithSimulatedRpcb07cc4e6/s3/e95dfeac-026f-423b-a5cc-cb01db19c6af/current/raft-meta.tmp with options [CREATE, WRITE]: sun.nio.ch.FileChannelImpl@215b7388
2024-10-20 10:35:59,936 [s2@group-CB01DB19C6AF-FollowerState] INFO  impl.FollowerState (FollowerState.java:runImpl(170)) - s2@group-CB01DB19C6AF-FollowerState was interrupted
2024-10-20 10:35:59,936 [HandlerDaemon-1] INFO  server.RaftServer$Division (RaftServerImpl.java:setFirstElection(564)) - s2@group-CB01DB19C6AF: set firstElectionSinceStartup to false for candidate:s4
2024-10-20 10:35:59,936 [HandlerDaemon-1] TRACE util.FileUtils (LogUtils.java:supplyAndLog(69)) - Successfully supplied FileChannel.open /home/runner/work/ratis/ratis/ratis-test/target/test/data/f7e8941e/MiniRaftClusterWithSimulatedRpcb07cc4e6/s2/e95dfeac-026f-423b-a5cc-cb01db19c6af/current/raft-meta.tmp with options [CREATE, WRITE]: sun.nio.ch.FileChannelImpl@403f8f14
2024-10-20 10:35:59,937 [HandlerDaemon-1] TRACE util.FileUtils (LogUtils.java:runAndLog(49)) - Successfully ran Atomic Files.move /home/runner/work/ratis/ratis/ratis-test/target/test/data/f7e8941e/MiniRaftClusterWithSimulatedRpcb07cc4e6/s1/e95dfeac-026f-423b-a5cc-cb01db19c6af/current/raft-meta.tmp to /home/runner/work/ratis/ratis/ratis-test/target/test/data/f7e8941e/MiniRaftClusterWithSimulatedRpcb07cc4e6/s1/e95dfeac-026f-423b-a5cc-cb01db19c6af/current/raft-meta with options [REPLACE_EXISTING]
2024-10-20 10:35:59,937 [HandlerDaemon-1] INFO  server.RaftServer$Division (RaftServerImpl.java:requestVote(1480)) - s1@group-CB01DB19C6AF replies to ELECTION vote request: s4<-s1#0:OK-t1. Peer's state: s1@group-CB01DB19C6AF:t1, leader=null, voted=s4, raftlog=Memoized:s1@group-CB01DB19C6AF-SegmentedRaftLog:OPENED:c-1:lastnull, conf=conf: {index: -1, cur=peers:[s3|localhost:15072, s4|localhost:15076, s0|localhost:15060, s1|localhost:15064, s2|localhost:15068]|listeners:[], old=null}
2024-10-20 10:35:59,937 [HandlerDaemon-1] TRACE util.FileUtils (LogUtils.java:runAndLog(49)) - Successfully ran Atomic Files.move /home/runner/work/ratis/ratis/ratis-test/target/test/data/f7e8941e/MiniRaftClusterWithSimulatedRpcb07cc4e6/s3/e95dfeac-026f-423b-a5cc-cb01db19c6af/current/raft-meta.tmp to /home/runner/work/ratis/ratis/ratis-test/target/test/data/f7e8941e/MiniRaftClusterWithSimulatedRpcb07cc4e6/s3/e95dfeac-026f-423b-a5cc-cb01db19c6af/current/raft-meta with options [REPLACE_EXISTING]
2024-10-20 10:35:59,937 [HandlerDaemon-1] INFO  server.RaftServer$Division (RaftServerImpl.java:requestVote(1480)) - s3@group-CB01DB19C6AF replies to ELECTION vote request: s4<-s3#0:OK-t1. Peer's state: s3@group-CB01DB19C6AF:t1, leader=null, voted=s4, raftlog=Memoized:s3@group-CB01DB19C6AF-SegmentedRaftLog:OPENED:c-1:lastnull, conf=conf: {index: -1, cur=peers:[s3|localhost:15072, s4|localhost:15076, s0|localhost:15060, s1|localhost:15064, s2|localhost:15068]|listeners:[], old=null}
2024-10-20 10:35:59,937 [HandlerDaemon-1] TRACE util.FileUtils (LogUtils.java:runAndLog(49)) - Successfully ran Atomic Files.move /home/runner/work/ratis/ratis/ratis-test/target/test/data/f7e8941e/MiniRaftClusterWithSimulatedRpcb07cc4e6/s2/e95dfeac-026f-423b-a5cc-cb01db19c6af/current/raft-meta.tmp to /home/runner/work/ratis/ratis/ratis-test/target/test/data/f7e8941e/MiniRaftClusterWithSimulatedRpcb07cc4e6/s2/e95dfeac-026f-423b-a5cc-cb01db19c6af/current/raft-meta with options [REPLACE_EXISTING]
2024-10-20 10:35:59,937 [HandlerDaemon-1] INFO  server.RaftServer$Division (RaftServerImpl.java:requestVote(1480)) - s2@group-CB01DB19C6AF replies to ELECTION vote request: s4<-s2#0:OK-t1. Peer's state: s2@group-CB01DB19C6AF:t1, leader=null, voted=s4, raftlog=Memoized:s2@group-CB01DB19C6AF-SegmentedRaftLog:OPENED:c-1:lastnull, conf=conf: {index: -1, cur=peers:[s3|localhost:15072, s4|localhost:15076, s0|localhost:15060, s1|localhost:15064, s2|localhost:15068]|listeners:[], old=null}
2024-10-20 10:35:59,938 [s4@group-CB01DB19C6AF-LeaderElection8] INFO  impl.LeaderElection (LeaderElection.java:logAndReturn(90)) - s4@group-CB01DB19C6AF-LeaderElection8: ELECTION PASSED received 2 response(s) and 0 exception(s):
2024-10-20 10:35:59,938 [s4@group-CB01DB19C6AF-LeaderElection8] INFO  impl.LeaderElection (LeaderElection.java:logAndReturn(94)) -   Response 0: s4<-s3#0:OK-t1
2024-10-20 10:35:59,938 [s4@group-CB01DB19C6AF-LeaderElection8] INFO  impl.LeaderElection (LeaderElection.java:logAndReturn(94)) -   Response 1: s4<-s1#0:OK-t1
2024-10-20 10:35:59,938 [s4@group-CB01DB19C6AF-LeaderElection8] INFO  impl.LeaderElection (LeaderElection.java:askForVotes(335)) - s4@group-CB01DB19C6AF-LeaderElection8 ELECTION round 0: result PASSED
2024-10-20 10:35:59,938 [s4@group-CB01DB19C6AF-LeaderElection8] INFO  impl.RoleInfo (RoleInfo.java:shutdownLeaderElection(141)) - s4: shutdown s4@group-CB01DB19C6AF-LeaderElection8
2024-10-20 10:35:59,938 [s4@group-CB01DB19C6AF-LeaderElection8] INFO  server.RaftServer$Division (RaftServerImpl.java:setRole(380)) - s4@group-CB01DB19C6AF: changes role from CANDIDATE to LEADER at term 1 for changeToLeader
2024-10-20 10:35:59,938 [s4@group-CB01DB19C6AF-LeaderElection8] INFO  server.RaftServerConfigKeys (ConfUtils.java:logGet(46)) - raft.server.staging.catchup.gap = 1000 (default)
2024-10-20 10:35:59,938 [s4@group-CB01DB19C6AF-LeaderElection8] INFO  server.RaftServerConfigKeys (ConfUtils.java:logGet(46)) - raft.server.write.element-limit = 4096 (default)
2024-10-20 10:35:59,939 [s4@group-CB01DB19C6AF-LeaderElection8] INFO  server.RaftServerConfigKeys (ConfUtils.java:logGet(46)) - raft.server.write.byte-limit = 64MB (=67108864) (default)
2024-10-20 10:35:59,939 [s4@group-CB01DB19C6AF-LeaderElection8] INFO  server.RaftServerConfigKeys (ConfUtils.java:logGet(46)) - raft.server.watch.timeout = 10s (default)
2024-10-20 10:35:59,939 [s4@group-CB01DB19C6AF-LeaderElection8] INFO  server.RaftServerConfigKeys (ConfUtils.java:logGet(46)) - raft.server.watch.timeout.denomination = 1s (default)
2024-10-20 10:35:59,939 [s4@group-CB01DB19C6AF-LeaderElection8] INFO  server.RaftServerConfigKeys (ConfUtils.java:logGet(46)) - raft.server.watch.element-limit = 65536 (default)
2024-10-20 10:35:59,939 [s4@group-CB01DB19C6AF-LeaderElection8] INFO  server.RaftServerConfigKeys (ConfUtils.java:logGet(46)) - raft.server.read.leader.lease.enabled = false (default)
2024-10-20 10:35:59,939 [s4@group-CB01DB19C6AF-LeaderElection8] INFO  server.RaftServerConfigKeys (ConfUtils.java:logGet(46)) - raft.server.read.leader.lease.timeout.ratio = 0.9 (default)
2024-10-20 10:35:59,939 [s4@group-CB01DB19C6AF-LeaderElection8] INFO  server.RaftServerConfigKeys (ConfUtils.java:logGet(46)) - raft.server.rpc.timeout.min = 150ms (default)
2024-10-20 10:35:59,939 [s4@group-CB01DB19C6AF-LeaderElection8] INFO  server.RaftServerConfigKeys (ConfUtils.java:logGet(46)) - raft.server.log.log-metadata.enabled = true (default)
2024-10-20 10:35:59,939 [s4@group-CB01DB19C6AF-LeaderElection8] INFO  server.RaftServerConfigKeys (ConfUtils.java:logGet(46)) - raft.server.write.element-limit = 4096 (default)
2024-10-20 10:35:59,939 [s4@group-CB01DB19C6AF-LeaderElection8] INFO  server.RaftServerConfigKeys (ConfUtils.java:logGet(46)) - raft.server.write.follower.gap.ratio.max = -1.0 (default)
2024-10-20 10:35:59,939 [s4@group-CB01DB19C6AF-LeaderElection8] INFO  server.RaftServerConfigKeys (ConfUtils.java:logGet(46)) - raft.server.log.appender.snapshot.chunk.size.max = 16MB (=16777216) (default)
2024-10-20 10:35:59,940 [s4@group-CB01DB19C6AF-LeaderElection8] INFO  server.RaftServerConfigKeys (ConfUtils.java:logGet(46)) - raft.server.log.appender.buffer.byte-limit = 4MB (=4194304) (default)
2024-10-20 10:35:59,940 [s4@group-CB01DB19C6AF-LeaderElection8] INFO  server.RaftServerConfigKeys (ConfUtils.java:logGet(46)) - raft.server.log.appender.buffer.element-limit = 0 (default)
2024-10-20 10:35:59,940 [s4@group-CB01DB19C6AF-LeaderElection8] INFO  server.RaftServerConfigKeys (ConfUtils.java:logGet(46)) - raft.server.log.appender.wait-time.min = 1ms (default)
2024-10-20 10:35:59,940 [s4@group-CB01DB19C6AF-LeaderElection8] INFO  server.RaftServerConfigKeys (ConfUtils.java:logGet(46)) - raft.server.log.appender.snapshot.chunk.size.max = 16MB (=16777216) (default)
2024-10-20 10:35:59,940 [s4@group-CB01DB19C6AF-LeaderElection8] INFO  server.RaftServerConfigKeys (ConfUtils.java:logGet(46)) - raft.server.log.appender.buffer.byte-limit = 4MB (=4194304) (default)
2024-10-20 10:35:59,940 [s4@group-CB01DB19C6AF-LeaderElection8] INFO  server.RaftServerConfigKeys (ConfUtils.java:logGet(46)) - raft.server.log.appender.buffer.element-limit = 0 (default)
2024-10-20 10:35:59,940 [s4@group-CB01DB19C6AF-LeaderElection8] INFO  server.RaftServerConfigKeys (ConfUtils.java:logGet(46)) - raft.server.log.appender.wait-time.min = 1ms (default)
2024-10-20 10:35:59,940 [s4@group-CB01DB19C6AF-LeaderElection8] INFO  server.RaftServerConfigKeys (ConfUtils.java:logGet(46)) - raft.server.log.appender.snapshot.chunk.size.max = 16MB (=16777216) (default)
2024-10-20 10:35:59,940 [s4@group-CB01DB19C6AF-LeaderElection8] INFO  server.RaftServerConfigKeys (ConfUtils.java:logGet(46)) - raft.server.log.appender.buffer.byte-limit = 4MB (=4194304) (default)
2024-10-20 10:35:59,940 [s4@group-CB01DB19C6AF-LeaderElection8] INFO  server.RaftServerConfigKeys (ConfUtils.java:logGet(46)) - raft.server.log.appender.buffer.element-limit = 0 (default)
2024-10-20 10:35:59,940 [s4@group-CB01DB19C6AF-LeaderElection8] INFO  server.RaftServerConfigKeys (ConfUtils.java:logGet(46)) - raft.server.log.appender.wait-time.min = 1ms (default)
2024-10-20 10:35:59,941 [s4@group-CB01DB19C6AF-LeaderElection8] INFO  server.RaftServerConfigKeys (ConfUtils.java:logGet(46)) - raft.server.log.appender.snapshot.chunk.size.max = 16MB (=16777216) (default)
2024-10-20 10:35:59,941 [s4@group-CB01DB19C6AF-LeaderElection8] INFO  server.RaftServerConfigKeys (ConfUtils.java:logGet(46)) - raft.server.log.appender.buffer.byte-limit = 4MB (=4194304) (default)
2024-10-20 10:35:59,941 [s4@group-CB01DB19C6AF-LeaderElection8] INFO  server.RaftServerConfigKeys (ConfUtils.java:logGet(46)) - raft.server.log.appender.buffer.element-limit = 0 (default)
2024-10-20 10:35:59,941 [s4@group-CB01DB19C6AF-LeaderElection8] INFO  server.RaftServerConfigKeys (ConfUtils.java:logGet(46)) - raft.server.log.appender.wait-time.min = 1ms (default)
2024-10-20 10:35:59,941 [s4@group-CB01DB19C6AF-LeaderElection8] INFO  impl.RoleInfo (RoleInfo.java:updateAndGet(148)) - s4: start s4@group-CB01DB19C6AF-LeaderStateImpl
2024-10-20 10:35:59,941 [s4@group-CB01DB19C6AF-LeaderElection8] INFO  server.RaftServer$Division (RaftServerImpl.java:setFirstElection(564)) - s4@group-CB01DB19C6AF: set firstElectionSinceStartup to false for becomeLeader
2024-10-20 10:35:59,941 [s4@group-CB01DB19C6AF-LeaderElection8] INFO  server.RaftServer$Division (ServerState.java:setLeader(272)) - s4@group-CB01DB19C6AF: change Leader from null to s4 at term 1 for becomeLeader, leader elected after 200ms
2024-10-20 10:35:59,941 [s4@group-CB01DB19C6AF-LeaderElection8] INFO  segmented.SegmentedRaftLogWorker (SegmentedRaftLogWorker.java:startLogSegment(442)) - s4@group-CB01DB19C6AF-SegmentedRaftLogWorker: Starting segment from index:0
2024-10-20 10:35:59,941 [s4@group-CB01DB19C6AF-LeaderElection8] INFO  server.RaftServer$Division (ServerState.java:setRaftConf(386)) - s4@group-CB01DB19C6AF: set configuration conf: {index: 0, cur=peers:[s3|localhost:15072, s4|localhost:15076, s0|localhost:15060, s1|localhost:15064, s2|localhost:15068]|listeners:[], old=null}
2024-10-20 10:35:59,941 [s4@group-CB01DB19C6AF-SegmentedRaftLogWorker] INFO  segmented.BufferedWriteChannel (BufferedWriteChannel.java:open(61)) - open log_inprogress_0 at position 0
2024-10-20 10:35:59,943 [HandlerDaemon-2] INFO  server.RaftServer$Division (ServerState.java:setLeader(272)) - s3@group-CB01DB19C6AF: change Leader from null to s4 at term 1 for appendEntries, leader elected after 204ms
2024-10-20 10:35:59,943 [HandlerDaemon-2] INFO  server.RaftServer$Division (ServerState.java:setLeader(272)) - s1@group-CB01DB19C6AF: change Leader from null to s4 at term 1 for appendEntries, leader elected after 189ms
2024-10-20 10:35:59,944 [HandlerDaemon-0] INFO  server.RaftServer$Division (ServerState.java:setRaftConf(386)) - s3@group-CB01DB19C6AF: set configuration conf: {index: 0, cur=peers:[s3|localhost:15072, s4|localhost:15076, s0|localhost:15060, s1|localhost:15064, s2|localhost:15068]|listeners:[], old=null}
2024-10-20 10:35:59,944 [HandlerDaemon-0] INFO  segmented.SegmentedRaftLogWorker (SegmentedRaftLogWorker.java:startLogSegment(442)) - s3@group-CB01DB19C6AF-SegmentedRaftLogWorker: Starting segment from index:0
2024-10-20 10:35:59,944 [s3@group-CB01DB19C6AF-SegmentedRaftLogWorker] INFO  segmented.BufferedWriteChannel (BufferedWriteChannel.java:open(61)) - open log_inprogress_0 at position 0
2024-10-20 10:35:59,954 [HandlerDaemon-2] INFO  server.RaftServer$Division (ServerState.java:setLeader(272)) - s2@group-CB01DB19C6AF: change Leader from null to s4 at term 1 for appendEntries, leader elected after 200ms
2024-10-20 10:35:59,954 [s4@group-CB01DB19C6AF-SegmentedRaftLogWorker] INFO  segmented.SegmentedRaftLogWorker (SegmentedRaftLogWorker.java:execute(663)) - s4@group-CB01DB19C6AF-SegmentedRaftLogWorker: created new log segment /home/runner/work/ratis/ratis/ratis-test/target/test/data/f7e8941e/MiniRaftClusterWithSimulatedRpcb07cc4e6/s4/e95dfeac-026f-423b-a5cc-cb01db19c6af/current/log_inprogress_0
2024-10-20 10:35:59,955 [HandlerDaemon-0] INFO  server.RaftServer$Division (ServerState.java:setRaftConf(386)) - s1@group-CB01DB19C6AF: set configuration conf: {index: 0, cur=peers:[s3|localhost:15072, s4|localhost:15076, s0|localhost:15060, s1|localhost:15064, s2|localhost:15068]|listeners:[], old=null}
2024-10-20 10:35:59,955 [s3@group-CB01DB19C6AF-SegmentedRaftLogWorker] INFO  segmented.SegmentedRaftLogWorker (SegmentedRaftLogWorker.java:execute(663)) - s3@group-CB01DB19C6AF-SegmentedRaftLogWorker: created new log segment /home/runner/work/ratis/ratis/ratis-test/target/test/data/f7e8941e/MiniRaftClusterWithSimulatedRpcb07cc4e6/s3/e95dfeac-026f-423b-a5cc-cb01db19c6af/current/log_inprogress_0
2024-10-20 10:35:59,956 [HandlerDaemon-0] INFO  server.RaftServer$Division (ServerState.java:setRaftConf(386)) - s2@group-CB01DB19C6AF: set configuration conf: {index: 0, cur=peers:[s3|localhost:15072, s4|localhost:15076, s0|localhost:15060, s1|localhost:15064, s2|localhost:15068]|listeners:[], old=null}
2024-10-20 10:35:59,956 [HandlerDaemon-0] INFO  segmented.SegmentedRaftLogWorker (SegmentedRaftLogWorker.java:startLogSegment(442)) - s2@group-CB01DB19C6AF-SegmentedRaftLogWorker: Starting segment from index:0
2024-10-20 10:35:59,956 [HandlerDaemon-0] INFO  segmented.SegmentedRaftLogWorker (SegmentedRaftLogWorker.java:startLogSegment(442)) - s1@group-CB01DB19C6AF-SegmentedRaftLogWorker: Starting segment from index:0
2024-10-20 10:35:59,956 [s2@group-CB01DB19C6AF-SegmentedRaftLogWorker] INFO  segmented.BufferedWriteChannel (BufferedWriteChannel.java:open(61)) - open log_inprogress_0 at position 0
2024-10-20 10:35:59,956 [s1@group-CB01DB19C6AF-SegmentedRaftLogWorker] INFO  segmented.BufferedWriteChannel (BufferedWriteChannel.java:open(61)) - open log_inprogress_0 at position 0
2024-10-20 10:35:59,970 [s2@group-CB01DB19C6AF-SegmentedRaftLogWorker] INFO  segmented.SegmentedRaftLogWorker (SegmentedRaftLogWorker.java:execute(663)) - s2@group-CB01DB19C6AF-SegmentedRaftLogWorker: created new log segment /home/runner/work/ratis/ratis/ratis-test/target/test/data/f7e8941e/MiniRaftClusterWithSimulatedRpcb07cc4e6/s2/e95dfeac-026f-423b-a5cc-cb01db19c6af/current/log_inprogress_0
2024-10-20 10:35:59,970 [s4@group-CB01DB19C6AF-StateMachineUpdater] TRACE util.FileUtils (LogUtils.java:supplyAndLog(69)) - Successfully supplied FileChannel.open /home/runner/work/ratis/ratis/ratis-test/target/test/data/f7e8941e/MiniRaftClusterWithSimulatedRpcb07cc4e6/s4/e95dfeac-026f-423b-a5cc-cb01db19c6af/current/raft-meta.conf.tmp with options [CREATE, WRITE]: sun.nio.ch.FileChannelImpl@787b6fd
2024-10-20 10:35:59,970 [s1@group-CB01DB19C6AF-SegmentedRaftLogWorker] INFO  segmented.SegmentedRaftLogWorker (SegmentedRaftLogWorker.java:execute(663)) - s1@group-CB01DB19C6AF-SegmentedRaftLogWorker: created new log segment /home/runner/work/ratis/ratis/ratis-test/target/test/data/f7e8941e/MiniRaftClusterWithSimulatedRpcb07cc4e6/s1/e95dfeac-026f-423b-a5cc-cb01db19c6af/current/log_inprogress_0
2024-10-20 10:35:59,972 [s4@group-CB01DB19C6AF-StateMachineUpdater] TRACE util.FileUtils (LogUtils.java:runAndLog(49)) - Successfully ran Atomic Files.move /home/runner/work/ratis/ratis/ratis-test/target/test/data/f7e8941e/MiniRaftClusterWithSimulatedRpcb07cc4e6/s4/e95dfeac-026f-423b-a5cc-cb01db19c6af/current/raft-meta.conf.tmp to /home/runner/work/ratis/ratis/ratis-test/target/test/data/f7e8941e/MiniRaftClusterWithSimulatedRpcb07cc4e6/s4/e95dfeac-026f-423b-a5cc-cb01db19c6af/current/raft-meta.conf with options [REPLACE_EXISTING]
2024-10-20 10:35:59,972 [s4@group-CB01DB19C6AF-StateMachineUpdater] INFO  server.RaftServer$Division (LeaderStateImpl.java:checkStartIndex(314)) - Leader s4@group-CB01DB19C6AF-LeaderStateImpl is ready since appliedIndex == startIndex == 0
2024-10-20 10:36:00,032 [s3@group-CB01DB19C6AF-StateMachineUpdater] TRACE util.FileUtils (LogUtils.java:supplyAndLog(69)) - Successfully supplied FileChannel.open /home/runner/work/ratis/ratis/ratis-test/target/test/data/f7e8941e/MiniRaftClusterWithSimulatedRpcb07cc4e6/s3/e95dfeac-026f-423b-a5cc-cb01db19c6af/current/raft-meta.conf.tmp with options [CREATE, WRITE]: sun.nio.ch.FileChannelImpl@4e817bdb
2024-10-20 10:36:00,034 [s3@group-CB01DB19C6AF-StateMachineUpdater] TRACE util.FileUtils (LogUtils.java:runAndLog(49)) - Successfully ran Atomic Files.move /home/runner/work/ratis/ratis/ratis-test/target/test/data/f7e8941e/MiniRaftClusterWithSimulatedRpcb07cc4e6/s3/e95dfeac-026f-423b-a5cc-cb01db19c6af/current/raft-meta.conf.tmp to /home/runner/work/ratis/ratis/ratis-test/target/test/data/f7e8941e/MiniRaftClusterWithSimulatedRpcb07cc4e6/s3/e95dfeac-026f-423b-a5cc-cb01db19c6af/current/raft-meta.conf with options [REPLACE_EXISTING]
2024-10-20 10:36:00,046 [s2@group-CB01DB19C6AF-StateMachineUpdater] TRACE util.FileUtils (LogUtils.java:supplyAndLog(69)) - Successfully supplied FileChannel.open /home/runner/work/ratis/ratis/ratis-test/target/test/data/f7e8941e/MiniRaftClusterWithSimulatedRpcb07cc4e6/s2/e95dfeac-026f-423b-a5cc-cb01db19c6af/current/raft-meta.conf.tmp with options [CREATE, WRITE]: sun.nio.ch.FileChannelImpl@56f36f15
2024-10-20 10:36:00,047 [s1@group-CB01DB19C6AF-StateMachineUpdater] TRACE util.FileUtils (LogUtils.java:supplyAndLog(69)) - Successfully supplied FileChannel.open /home/runner/work/ratis/ratis/ratis-test/target/test/data/f7e8941e/MiniRaftClusterWithSimulatedRpcb07cc4e6/s1/e95dfeac-026f-423b-a5cc-cb01db19c6af/current/raft-meta.conf.tmp with options [CREATE, WRITE]: sun.nio.ch.FileChannelImpl@3a5c0a4
2024-10-20 10:36:00,047 [s2@group-CB01DB19C6AF-StateMachineUpdater] TRACE util.FileUtils (LogUtils.java:runAndLog(49)) - Successfully ran Atomic Files.move /home/runner/work/ratis/ratis/ratis-test/target/test/data/f7e8941e/MiniRaftClusterWithSimulatedRpcb07cc4e6/s2/e95dfeac-026f-423b-a5cc-cb01db19c6af/current/raft-meta.conf.tmp to /home/runner/work/ratis/ratis/ratis-test/target/test/data/f7e8941e/MiniRaftClusterWithSimulatedRpcb07cc4e6/s2/e95dfeac-026f-423b-a5cc-cb01db19c6af/current/raft-meta.conf with options [REPLACE_EXISTING]
2024-10-20 10:36:00,049 [s1@group-CB01DB19C6AF-StateMachineUpdater] TRACE util.FileUtils (LogUtils.java:runAndLog(49)) - Successfully ran Atomic Files.move /home/runner/work/ratis/ratis/ratis-test/target/test/data/f7e8941e/MiniRaftClusterWithSimulatedRpcb07cc4e6/s1/e95dfeac-026f-423b-a5cc-cb01db19c6af/current/raft-meta.conf.tmp to /home/runner/work/ratis/ratis/ratis-test/target/test/data/f7e8941e/MiniRaftClusterWithSimulatedRpcb07cc4e6/s1/e95dfeac-026f-423b-a5cc-cb01db19c6af/current/raft-meta.conf with options [REPLACE_EXISTING]
2024-10-20 10:36:00,249 [main] INFO  ratis.RaftTestUtil (RaftTestUtil.java:waitForLeader(131)) - printing ALL groups
  s3:  RUNNING  FOLLOWER s3@group-CB01DB19C6AF:t1, leader=s4, voted=s4, raftlog=Memoized:s3@group-CB01DB19C6AF-SegmentedRaftLog:OPENED:c0:last(t:1, i:0), conf=conf: {index: 0, cur=peers:[s3|localhost:15072, s4|localhost:15076, s0|localhost:15060, s1|localhost:15064, s2|localhost:15068]|listeners:[], old=null} RUNNING
  s4:  RUNNING    LEADER s4@group-CB01DB19C6AF:t1, leader=s4, voted=s4, raftlog=Memoized:s4@group-CB01DB19C6AF-SegmentedRaftLog:OPENED:c0:last(t:1, i:0), conf=conf: {index: 0, cur=peers:[s3|localhost:15072, s4|localhost:15076, s0|localhost:15060, s1|localhost:15064, s2|localhost:15068]|listeners:[], old=null} RUNNING
  s0:  RUNNING  FOLLOWER s0@group-CB01DB19C6AF:t1, leader=null, voted=null, raftlog=Memoized:s0@group-CB01DB19C6AF-SegmentedRaftLog:OPENED:c-1:lastnull, conf=conf: {index: -1, cur=peers:[s3|localhost:15072, s4|localhost:15076, s0|localhost:15060, s1|localhost:15064, s2|localhost:15068]|listeners:[], old=null} RUNNING
  s1:  RUNNING  FOLLOWER s1@group-CB01DB19C6AF:t1, leader=s4, voted=s4, raftlog=Memoized:s1@group-CB01DB19C6AF-SegmentedRaftLog:OPENED:c0:last(t:1, i:0), conf=conf: {index: 0, cur=peers:[s3|localhost:15072, s4|localhost:15076, s0|localhost:15060, s1|localhost:15064, s2|localhost:15068]|listeners:[], old=null} RUNNING
  s2:  RUNNING  FOLLOWER s2@group-CB01DB19C6AF:t1, leader=s4, voted=s4, raftlog=Memoized:s2@group-CB01DB19C6AF-SegmentedRaftLog:OPENED:c0:last(t:1, i:0), conf=conf: {index: 0, cur=peers:[s3|localhost:15072, s4|localhost:15076, s0|localhost:15060, s1|localhost:15064, s2|localhost:15068]|listeners:[], old=null} RUNNING
2024-10-20 10:36:00,249 [main] INFO  impl.MiniRaftCluster (MiniRaftCluster.java:killServer(549)) - killServer s1
2024-10-20 10:36:00,249 [main] INFO  server.RaftServer (RaftServerProxy.java:lambda$close$9(418)) - s1: close
2024-10-20 10:36:00,249 [s1-impl-thread1] INFO  server.RaftServer$Division (RaftServerImpl.java:lambda$close$1(515)) - s1@group-CB01DB19C6AF: shutdown
2024-10-20 10:36:00,249 [HandlerDaemon-1] INFO  simulation.RequestHandler (RequestHandler.java:run(127)) - s1.clientHandler1 is interrupted by java.io.InterruptedIOException: 
2024-10-20 10:36:00,249 [s1-impl-thread1] INFO  util.JmxRegister (JmxRegister.java:unregister(74)) - Successfully un-registered JMX Bean with object name Ratis:service=RaftServer,group=group-CB01DB19C6AF,id=s1
2024-10-20 10:36:00,249 [s1-impl-thread1] INFO  impl.RoleInfo (RoleInfo.java:shutdownFollowerState(121)) - s1: shutdown s1@group-CB01DB19C6AF-FollowerState
2024-10-20 10:36:00,249 [HandlerDaemon-2] INFO  simulation.RequestHandler (RequestHandler.java:run(127)) - s1.clientHandler2 is interrupted by java.io.InterruptedIOException: 
2024-10-20 10:36:00,250 [s1@group-CB01DB19C6AF-FollowerState] INFO  impl.FollowerState (FollowerState.java:runImpl(170)) - s1@group-CB01DB19C6AF-FollowerState was interrupted
2024-10-20 10:36:00,249 [HandlerDaemon-0] INFO  simulation.RequestHandler (RequestHandler.java:run(127)) - s1.clientHandler0 is interrupted by java.io.InterruptedIOException: 
2024-10-20 10:36:00,250 [s1@group-CB01DB19C6AF-StateMachineUpdater] INFO  impl.StateMachineUpdater (StateMachineUpdater.java:stop(141)) - s1@group-CB01DB19C6AF-StateMachineUpdater: closing BaseStateMachine, lastApplied=(t:1, i:0)
2024-10-20 10:36:00,250 [HandlerDaemon-0] INFO  simulation.RequestHandler (RequestHandler.java:run(127)) - s1.serverHandler0 is interrupted by java.io.InterruptedIOException: 
2024-10-20 10:36:00,249 [s1-impl-thread1] INFO  impl.StateMachineUpdater (StateMachineUpdater.java:stopAndJoin(164)) - s1@group-CB01DB19C6AF-StateMachineUpdater: set stopIndex = 0
2024-10-20 10:36:00,250 [s1-impl-thread1] INFO  raftlog.RaftLog (SegmentedRaftLog.java:close(567)) - Start closing s1@group-CB01DB19C6AF-SegmentedRaftLog:OPENED:c0:last(t:1, i:0)
2024-10-20 10:36:00,250 [HandlerDaemon-2] INFO  simulation.RequestHandler (RequestHandler.java:run(127)) - s1.serverHandler2 is interrupted by java.io.InterruptedIOException: 
2024-10-20 10:36:00,250 [HandlerDaemon-1] INFO  simulation.RequestHandler (RequestHandler.java:run(127)) - s1.serverHandler1 is interrupted by java.io.InterruptedIOException: 
2024-10-20 10:36:00,250 [s1@group-CB01DB19C6AF-cacheEviction-AwaitToRun] INFO  util.AwaitToRun (AwaitToRun.java:run(49)) - s1@group-CB01DB19C6AF-cacheEviction-AwaitToRun-AwaitForSignal is interrupted
2024-10-20 10:36:00,250 [s1-impl-thread1] INFO  segmented.LogSegment (LogSegment.java:close(348)) - Successfully closed EntryCache-log_inprogress_0
2024-10-20 10:36:00,273 [s4@group-CB01DB19C6AF->s1-LogAppenderDefault-LogAppenderDaemon] WARN  leader.LogAppender (LogAppenderDefault.java:sendAppendEntriesWithRetries(85)) - s4@group-CB01DB19C6AF->s1-LogAppenderDefault: Failed to appendEntries (retry=0)
java.io.IOException: The peer s1 is not alive.
	at org.apache.ratis.server.simulation.SimulatedRequestReply.sendRequest(SimulatedRequestReply.java:117)
	at org.apache.ratis.server.simulation.SimulatedServerRpc.appendEntries(SimulatedServerRpc.java:115)
	at org.apache.ratis.server.leader.LogAppenderDefault.sendAppendEntries(LogAppenderDefault.java:103)
	at org.apache.ratis.server.leader.LogAppenderDefault.sendAppendEntriesWithRetries(LogAppenderDefault.java:76)
	at org.apache.ratis.server.leader.LogAppenderDefault.run(LogAppenderDefault.java:167)
	at org.apache.ratis.server.leader.LogAppenderDaemon.run(LogAppenderDaemon.java:80)
	at java.lang.Thread.run(Thread.java:750)
2024-10-20 10:36:00,310 [s4@group-CB01DB19C6AF->s1-LogAppenderDefault-LogAppenderDaemon] WARN  leader.LogAppender (LogAppenderDefault.java:sendAppendEntriesWithRetries(85)) - s4@group-CB01DB19C6AF->s1-LogAppenderDefault: Failed to appendEntries (retry=0)
java.io.IOException: The peer s1 is not alive.
	at org.apache.ratis.server.simulation.SimulatedRequestReply.sendRequest(SimulatedRequestReply.java:117)
	at org.apache.ratis.server.simulation.SimulatedServerRpc.appendEntries(SimulatedServerRpc.java:115)
	at org.apache.ratis.server.leader.LogAppenderDefault.sendAppendEntries(LogAppenderDefault.java:103)
	at org.apache.ratis.server.leader.LogAppenderDefault.sendAppendEntriesWithRetries(LogAppenderDefault.java:76)
	at org.apache.ratis.server.leader.LogAppenderDefault.run(LogAppenderDefault.java:167)
	at org.apache.ratis.server.leader.LogAppenderDaemon.run(LogAppenderDaemon.java:80)
	at java.lang.Thread.run(Thread.java:750)
2024-10-20 10:36:00,348 [s4@group-CB01DB19C6AF->s1-LogAppenderDefault-LogAppenderDaemon] WARN  leader.LogAppender (LogAppenderDefault.java:sendAppendEntriesWithRetries(85)) - s4@group-CB01DB19C6AF->s1-LogAppenderDefault: Failed to appendEntries (retry=0)
java.io.IOException: The peer s1 is not alive.
	at org.apache.ratis.server.simulation.SimulatedRequestReply.sendRequest(SimulatedRequestReply.java:117)
	at org.apache.ratis.server.simulation.SimulatedServerRpc.appendEntries(SimulatedServerRpc.java:115)
	at org.apache.ratis.server.leader.LogAppenderDefault.sendAppendEntries(LogAppenderDefault.java:103)
	at org.apache.ratis.server.leader.LogAppenderDefault.sendAppendEntriesWithRetries(LogAppenderDefault.java:76)
	at org.apache.ratis.server.leader.LogAppenderDefault.run(LogAppenderDefault.java:167)
	at org.apache.ratis.server.leader.LogAppenderDaemon.run(LogAppenderDaemon.java:80)
	at java.lang.Thread.run(Thread.java:750)
2024-10-20 10:36:00,385 [s4@group-CB01DB19C6AF->s1-LogAppenderDefault-LogAppenderDaemon] WARN  leader.LogAppender (LogAppenderDefault.java:sendAppendEntriesWithRetries(85)) - s4@group-CB01DB19C6AF->s1-LogAppenderDefault: Failed to appendEntries (retry=0)
java.io.IOException: The peer s1 is not alive.
	at org.apache.ratis.server.simulation.SimulatedRequestReply.sendRequest(SimulatedRequestReply.java:117)
	at org.apache.ratis.server.simulation.SimulatedServerRpc.appendEntries(SimulatedServerRpc.java:115)
	at org.apache.ratis.server.leader.LogAppenderDefault.sendAppendEntries(LogAppenderDefault.java:103)
	at org.apache.ratis.server.leader.LogAppenderDefault.sendAppendEntriesWithRetries(LogAppenderDefault.java:76)
	at org.apache.ratis.server.leader.LogAppenderDefault.run(LogAppenderDefault.java:167)
	at org.apache.ratis.server.leader.LogAppenderDaemon.run(LogAppenderDaemon.java:80)
	at java.lang.Thread.run(Thread.java:750)
2024-10-20 10:36:00,422 [s4@group-CB01DB19C6AF->s1-LogAppenderDefault-LogAppenderDaemon] WARN  leader.LogAppender (LogAppenderDefault.java:sendAppendEntriesWithRetries(85)) - s4@group-CB01DB19C6AF->s1-LogAppenderDefault: Failed to appendEntries (retry=0)
java.io.IOException: The peer s1 is not alive.
	at org.apache.ratis.server.simulation.SimulatedRequestReply.sendRequest(SimulatedRequestReply.java:117)
	at org.apache.ratis.server.simulation.SimulatedServerRpc.appendEntries(SimulatedServerRpc.java:115)
	at org.apache.ratis.server.leader.LogAppenderDefault.sendAppendEntries(LogAppenderDefault.java:103)
	at org.apache.ratis.server.leader.LogAppenderDefault.sendAppendEntriesWithRetries(LogAppenderDefault.java:76)
	at org.apache.ratis.server.leader.LogAppenderDefault.run(LogAppenderDefault.java:167)
	at org.apache.ratis.server.leader.LogAppenderDaemon.run(LogAppenderDaemon.java:80)
	at java.lang.Thread.run(Thread.java:750)
2024-10-20 10:36:00,460 [s4@group-CB01DB19C6AF->s1-LogAppenderDefault-LogAppenderDaemon] WARN  leader.LogAppender (LogAppenderDefault.java:sendAppendEntriesWithRetries(85)) - s4@group-CB01DB19C6AF->s1-LogAppenderDefault: Failed to appendEntries (retry=0)
java.io.IOException: The peer s1 is not alive.
	at org.apache.ratis.server.simulation.SimulatedRequestReply.sendRequest(SimulatedRequestReply.java:117)
	at org.apache.ratis.server.simulation.SimulatedServerRpc.appendEntries(SimulatedServerRpc.java:115)
	at org.apache.ratis.server.leader.LogAppenderDefault.sendAppendEntries(LogAppenderDefault.java:103)
	at org.apache.ratis.server.leader.LogAppenderDefault.sendAppendEntriesWithRetries(LogAppenderDefault.java:76)
	at org.apache.ratis.server.leader.LogAppenderDefault.run(LogAppenderDefault.java:167)
	at org.apache.ratis.server.leader.LogAppenderDaemon.run(LogAppenderDaemon.java:80)
	at java.lang.Thread.run(Thread.java:750)
2024-10-20 10:36:00,497 [s4@group-CB01DB19C6AF->s1-LogAppenderDefault-LogAppenderDaemon] WARN  leader.LogAppender (LogAppenderDefault.java:sendAppendEntriesWithRetries(85)) - s4@group-CB01DB19C6AF->s1-LogAppenderDefault: Failed to appendEntries (retry=0)
java.io.IOException: The peer s1 is not alive.
	at org.apache.ratis.server.simulation.SimulatedRequestReply.sendRequest(SimulatedRequestReply.java:117)
	at org.apache.ratis.server.simulation.SimulatedServerRpc.appendEntries(SimulatedServerRpc.java:115)
	at org.apache.ratis.server.leader.LogAppenderDefault.sendAppendEntries(LogAppenderDefault.java:103)
	at org.apache.ratis.server.leader.LogAppenderDefault.sendAppendEntriesWithRetries(LogAppenderDefault.java:76)
	at org.apache.ratis.server.leader.LogAppenderDefault.run(LogAppenderDefault.java:167)
	at org.apache.ratis.server.leader.LogAppenderDaemon.run(LogAppenderDaemon.java:80)
	at java.lang.Thread.run(Thread.java:750)
2024-10-20 10:36:00,535 [s4@group-CB01DB19C6AF->s1-LogAppenderDefault-LogAppenderDaemon] WARN  leader.LogAppender (LogAppenderDefault.java:sendAppendEntriesWithRetries(85)) - s4@group-CB01DB19C6AF->s1-LogAppenderDefault: Failed to appendEntries (retry=0)
java.io.IOException: The peer s1 is not alive.
	at org.apache.ratis.server.simulation.SimulatedRequestReply.sendRequest(SimulatedRequestReply.java:117)
	at org.apache.ratis.server.simulation.SimulatedServerRpc.appendEntries(SimulatedServerRpc.java:115)
	at org.apache.ratis.server.leader.LogAppenderDefault.sendAppendEntries(LogAppenderDefault.java:103)
	at org.apache.ratis.server.leader.LogAppenderDefault.sendAppendEntriesWithRetries(LogAppenderDefault.java:76)
	at org.apache.ratis.server.leader.LogAppenderDefault.run(LogAppenderDefault.java:167)
	at org.apache.ratis.server.leader.LogAppenderDaemon.run(LogAppenderDaemon.java:80)
	at java.lang.Thread.run(Thread.java:750)
2024-10-20 10:36:00,572 [s4@group-CB01DB19C6AF->s1-LogAppenderDefault-LogAppenderDaemon] WARN  leader.LogAppender (LogAppenderDefault.java:sendAppendEntriesWithRetries(85)) - s4@group-CB01DB19C6AF->s1-LogAppenderDefault: Failed to appendEntries (retry=0)
java.io.IOException: The peer s1 is not alive.
	at org.apache.ratis.server.simulation.SimulatedRequestReply.sendRequest(SimulatedRequestReply.java:117)
	at org.apache.ratis.server.simulation.SimulatedServerRpc.appendEntries(SimulatedServerRpc.java:115)
	at org.apache.ratis.server.leader.LogAppenderDefault.sendAppendEntries(LogAppenderDefault.java:103)
	at org.apache.ratis.server.leader.LogAppenderDefault.sendAppendEntriesWithRetries(LogAppenderDefault.java:76)
	at org.apache.ratis.server.leader.LogAppenderDefault.run(LogAppenderDefault.java:167)
	at org.apache.ratis.server.leader.LogAppenderDaemon.run(LogAppenderDaemon.java:80)
	at java.lang.Thread.run(Thread.java:750)
2024-10-20 10:36:00,609 [s4@group-CB01DB19C6AF->s1-LogAppenderDefault-LogAppenderDaemon] WARN  leader.LogAppender (LogAppenderDefault.java:sendAppendEntriesWithRetries(85)) - s4@group-CB01DB19C6AF->s1-LogAppenderDefault: Failed to appendEntries (retry=0)
java.io.IOException: The peer s1 is not alive.
	at org.apache.ratis.server.simulation.SimulatedRequestReply.sendRequest(SimulatedRequestReply.java:117)
	at org.apache.ratis.server.simulation.SimulatedServerRpc.appendEntries(SimulatedServerRpc.java:115)
	at org.apache.ratis.server.leader.LogAppenderDefault.sendAppendEntries(LogAppenderDefault.java:103)
	at org.apache.ratis.server.leader.LogAppenderDefault.sendAppendEntriesWithRetries(LogAppenderDefault.java:76)
	at org.apache.ratis.server.leader.LogAppenderDefault.run(LogAppenderDefault.java:167)
	at org.apache.ratis.server.leader.LogAppenderDaemon.run(LogAppenderDaemon.java:80)
	at java.lang.Thread.run(Thread.java:750)
2024-10-20 10:36:00,647 [s4@group-CB01DB19C6AF->s1-LogAppenderDefault-LogAppenderDaemon] WARN  leader.LogAppender (LogAppenderDefault.java:sendAppendEntriesWithRetries(85)) - s4@group-CB01DB19C6AF->s1-LogAppenderDefault: Failed to appendEntries (retry=0)
java.io.IOException: The peer s1 is not alive.
	at org.apache.ratis.server.simulation.SimulatedRequestReply.sendRequest(SimulatedRequestReply.java:117)
	at org.apache.ratis.server.simulation.SimulatedServerRpc.appendEntries(SimulatedServerRpc.java:115)
	at org.apache.ratis.server.leader.LogAppenderDefault.sendAppendEntries(LogAppenderDefault.java:103)
	at org.apache.ratis.server.leader.LogAppenderDefault.sendAppendEntriesWithRetries(LogAppenderDefault.java:76)
	at org.apache.ratis.server.leader.LogAppenderDefault.run(LogAppenderDefault.java:167)
	at org.apache.ratis.server.leader.LogAppenderDaemon.run(LogAppenderDaemon.java:80)
	at java.lang.Thread.run(Thread.java:750)
2024-10-20 10:36:00,684 [s4@group-CB01DB19C6AF->s1-LogAppenderDefault-LogAppenderDaemon] WARN  leader.LogAppender (LogAppenderDefault.java:sendAppendEntriesWithRetries(85)) - s4@group-CB01DB19C6AF->s1-LogAppenderDefault: Failed to appendEntries (retry=0)
java.io.IOException: The peer s1 is not alive.
	at org.apache.ratis.server.simulation.SimulatedRequestReply.sendRequest(SimulatedRequestReply.java:117)
	at org.apache.ratis.server.simulation.SimulatedServerRpc.appendEntries(SimulatedServerRpc.java:115)
	at org.apache.ratis.server.leader.LogAppenderDefault.sendAppendEntries(LogAppenderDefault.java:103)
	at org.apache.ratis.server.leader.LogAppenderDefault.sendAppendEntriesWithRetries(LogAppenderDefault.java:76)
	at org.apache.ratis.server.leader.LogAppenderDefault.run(LogAppenderDefault.java:167)
	at org.apache.ratis.server.leader.LogAppenderDaemon.run(LogAppenderDaemon.java:80)
	at java.lang.Thread.run(Thread.java:750)
2024-10-20 10:36:00,721 [s4@group-CB01DB19C6AF->s1-LogAppenderDefault-LogAppenderDaemon] WARN  leader.LogAppender (LogAppenderDefault.java:sendAppendEntriesWithRetries(85)) - s4@group-CB01DB19C6AF->s1-LogAppenderDefault: Failed to appendEntries (retry=0)
java.io.IOException: The peer s1 is not alive.
	at org.apache.ratis.server.simulation.SimulatedRequestReply.sendRequest(SimulatedRequestReply.java:117)
	at org.apache.ratis.server.simulation.SimulatedServerRpc.appendEntries(SimulatedServerRpc.java:115)
	at org.apache.ratis.server.leader.LogAppenderDefault.sendAppendEntries(LogAppenderDefault.java:103)
	at org.apache.ratis.server.leader.LogAppenderDefault.sendAppendEntriesWithRetries(LogAppenderDefault.java:76)
	at org.apache.ratis.server.leader.LogAppenderDefault.run(LogAppenderDefault.java:167)
	at org.apache.ratis.server.leader.LogAppenderDaemon.run(LogAppenderDaemon.java:80)
	at java.lang.Thread.run(Thread.java:750)
2024-10-20 10:36:00,759 [s4@group-CB01DB19C6AF->s1-LogAppenderDefault-LogAppenderDaemon] WARN  leader.LogAppender (LogAppenderDefault.java:sendAppendEntriesWithRetries(85)) - s4@group-CB01DB19C6AF->s1-LogAppenderDefault: Failed to appendEntries (retry=0)
java.io.IOException: The peer s1 is not alive.
	at org.apache.ratis.server.simulation.SimulatedRequestReply.sendRequest(SimulatedRequestReply.java:117)
	at org.apache.ratis.server.simulation.SimulatedServerRpc.appendEntries(SimulatedServerRpc.java:115)
	at org.apache.ratis.server.leader.LogAppenderDefault.sendAppendEntries(LogAppenderDefault.java:103)
	at org.apache.ratis.server.leader.LogAppenderDefault.sendAppendEntriesWithRetries(LogAppenderDefault.java:76)
	at org.apache.ratis.server.leader.LogAppenderDefault.run(LogAppenderDefault.java:167)
	at org.apache.ratis.server.leader.LogAppenderDaemon.run(LogAppenderDaemon.java:80)
	at java.lang.Thread.run(Thread.java:750)
2024-10-20 10:36:00,796 [s4@group-CB01DB19C6AF->s1-LogAppenderDefault-LogAppenderDaemon] WARN  leader.LogAppender (LogAppenderDefault.java:sendAppendEntriesWithRetries(85)) - s4@group-CB01DB19C6AF->s1-LogAppenderDefault: Failed to appendEntries (retry=0)
java.io.IOException: The peer s1 is not alive.
	at org.apache.ratis.server.simulation.SimulatedRequestReply.sendRequest(SimulatedRequestReply.java:117)
	at org.apache.ratis.server.simulation.SimulatedServerRpc.appendEntries(SimulatedServerRpc.java:115)
	at org.apache.ratis.server.leader.LogAppenderDefault.sendAppendEntries(LogAppenderDefault.java:103)
	at org.apache.ratis.server.leader.LogAppenderDefault.sendAppendEntriesWithRetries(LogAppenderDefault.java:76)
	at org.apache.ratis.server.leader.LogAppenderDefault.run(LogAppenderDefault.java:167)
	at org.apache.ratis.server.leader.LogAppenderDaemon.run(LogAppenderDaemon.java:80)
	at java.lang.Thread.run(Thread.java:750)
2024-10-20 10:36:00,834 [s4@group-CB01DB19C6AF->s1-LogAppenderDefault-LogAppenderDaemon] WARN  leader.LogAppender (LogAppenderDefault.java:sendAppendEntriesWithRetries(85)) - s4@group-CB01DB19C6AF->s1-LogAppenderDefault: Failed to appendEntries (retry=0)
java.io.IOException: The peer s1 is not alive.
	at org.apache.ratis.server.simulation.SimulatedRequestReply.sendRequest(SimulatedRequestReply.java:117)
	at org.apache.ratis.server.simulation.SimulatedServerRpc.appendEntries(SimulatedServerRpc.java:115)
	at org.apache.ratis.server.leader.LogAppenderDefault.sendAppendEntries(LogAppenderDefault.java:103)
	at org.apache.ratis.server.leader.LogAppenderDefault.sendAppendEntriesWithRetries(LogAppenderDefault.java:76)
	at org.apache.ratis.server.leader.LogAppenderDefault.run(LogAppenderDefault.java:167)
	at org.apache.ratis.server.leader.LogAppenderDaemon.run(LogAppenderDaemon.java:80)
	at java.lang.Thread.run(Thread.java:750)
2024-10-20 10:36:00,871 [s4@group-CB01DB19C6AF->s1-LogAppenderDefault-LogAppenderDaemon] WARN  leader.LogAppender (LogAppenderDefault.java:sendAppendEntriesWithRetries(85)) - s4@group-CB01DB19C6AF->s1-LogAppenderDefault: Failed to appendEntries (retry=0)
java.io.IOException: The peer s1 is not alive.
	at org.apache.ratis.server.simulation.SimulatedRequestReply.sendRequest(SimulatedRequestReply.java:117)
	at org.apache.ratis.server.simulation.SimulatedServerRpc.appendEntries(SimulatedServerRpc.java:115)
	at org.apache.ratis.server.leader.LogAppenderDefault.sendAppendEntries(LogAppenderDefault.java:103)
	at org.apache.ratis.server.leader.LogAppenderDefault.sendAppendEntriesWithRetries(LogAppenderDefault.java:76)
	at org.apache.ratis.server.leader.LogAppenderDefault.run(LogAppenderDefault.java:167)
	at org.apache.ratis.server.leader.LogAppenderDaemon.run(LogAppenderDaemon.java:80)
	at java.lang.Thread.run(Thread.java:750)
2024-10-20 10:36:00,908 [s4@group-CB01DB19C6AF->s1-LogAppenderDefault-LogAppenderDaemon] WARN  leader.LogAppender (LogAppenderDefault.java:sendAppendEntriesWithRetries(85)) - s4@group-CB01DB19C6AF->s1-LogAppenderDefault: Failed to appendEntries (retry=0)
java.io.IOException: The peer s1 is not alive.
	at org.apache.ratis.server.simulation.SimulatedRequestReply.sendRequest(SimulatedRequestReply.java:117)
	at org.apache.ratis.server.simulation.SimulatedServerRpc.appendEntries(SimulatedServerRpc.java:115)
	at org.apache.ratis.server.leader.LogAppenderDefault.sendAppendEntries(LogAppenderDefault.java:103)
	at org.apache.ratis.server.leader.LogAppenderDefault.sendAppendEntriesWithRetries(LogAppenderDefault.java:76)
	at org.apache.ratis.server.leader.LogAppenderDefault.run(LogAppenderDefault.java:167)
	at org.apache.ratis.server.leader.LogAppenderDaemon.run(LogAppenderDaemon.java:80)
	at java.lang.Thread.run(Thread.java:750)
2024-10-20 10:36:00,946 [s4@group-CB01DB19C6AF->s1-LogAppenderDefault-LogAppenderDaemon] WARN  leader.LogAppender (LogAppenderDefault.java:sendAppendEntriesWithRetries(85)) - s4@group-CB01DB19C6AF->s1-LogAppenderDefault: Failed to appendEntries (retry=0)
java.io.IOException: The peer s1 is not alive.
	at org.apache.ratis.server.simulation.SimulatedRequestReply.sendRequest(SimulatedRequestReply.java:117)
	at org.apache.ratis.server.simulation.SimulatedServerRpc.appendEntries(SimulatedServerRpc.java:115)
	at org.apache.ratis.server.leader.LogAppenderDefault.sendAppendEntries(LogAppenderDefault.java:103)
	at org.apache.ratis.server.leader.LogAppenderDefault.sendAppendEntriesWithRetries(LogAppenderDefault.java:76)
	at org.apache.ratis.server.leader.LogAppenderDefault.run(LogAppenderDefault.java:167)
	at org.apache.ratis.server.leader.LogAppenderDaemon.run(LogAppenderDaemon.java:80)
	at java.lang.Thread.run(Thread.java:750)
2024-10-20 10:36:00,972 [s1-impl-thread1] INFO  segmented.SegmentedRaftLogWorker (SegmentedRaftLogWorker.java:close(253)) - s1@group-CB01DB19C6AF-SegmentedRaftLogWorker close()
2024-10-20 10:36:00,972 [s1-impl-thread1] INFO  raftlog.RaftLog (SegmentedRaftLog.java:close(575)) - Successfully closed s1@group-CB01DB19C6AF-SegmentedRaftLog:CLOSED:c0
2024-10-20 10:36:00,973 [JvmPauseMonitor31] INFO  util.JvmPauseMonitor (JvmPauseMonitor.java:run(152)) - JvmPauseMonitor-s1: Stopped
2024-10-20 10:36:00,973 [main] INFO  impl.MiniRaftCluster (MiniRaftCluster.java:killServer(549)) - killServer s2
2024-10-20 10:36:00,973 [main] INFO  server.RaftServer (RaftServerProxy.java:lambda$close$9(418)) - s2: close
2024-10-20 10:36:00,973 [s2-impl-thread1] INFO  server.RaftServer$Division (RaftServerImpl.java:lambda$close$1(515)) - s2@group-CB01DB19C6AF: shutdown
2024-10-20 10:36:00,973 [HandlerDaemon-0] INFO  simulation.RequestHandler (RequestHandler.java:run(127)) - s2.clientHandler0 is interrupted by java.io.InterruptedIOException: 
2024-10-20 10:36:00,973 [s2-impl-thread1] INFO  util.JmxRegister (JmxRegister.java:unregister(74)) - Successfully un-registered JMX Bean with object name Ratis:service=RaftServer,group=group-CB01DB19C6AF,id=s2
2024-10-20 10:36:00,973 [HandlerDaemon-2] INFO  simulation.RequestHandler (RequestHandler.java:run(127)) - s2.clientHandler2 is interrupted by java.io.InterruptedIOException: 
2024-10-20 10:36:00,973 [HandlerDaemon-1] INFO  simulation.RequestHandler (RequestHandler.java:run(127)) - s2.clientHandler1 is interrupted by java.io.InterruptedIOException: 
2024-10-20 10:36:00,973 [s2-impl-thread1] INFO  impl.RoleInfo (RoleInfo.java:shutdownFollowerState(121)) - s2: shutdown s2@group-CB01DB19C6AF-FollowerState
2024-10-20 10:36:00,974 [s2-impl-thread1] INFO  impl.StateMachineUpdater (StateMachineUpdater.java:stopAndJoin(164)) - s2@group-CB01DB19C6AF-StateMachineUpdater: set stopIndex = 0
2024-10-20 10:36:00,974 [HandlerDaemon-2] INFO  simulation.RequestHandler (RequestHandler.java:run(127)) - s2.serverHandler2 is interrupted by java.io.InterruptedIOException: 
2024-10-20 10:36:00,974 [s2@group-CB01DB19C6AF-StateMachineUpdater] INFO  impl.StateMachineUpdater (StateMachineUpdater.java:stop(141)) - s2@group-CB01DB19C6AF-StateMachineUpdater: closing BaseStateMachine, lastApplied=(t:1, i:0)
2024-10-20 10:36:00,974 [HandlerDaemon-1] INFO  simulation.RequestHandler (RequestHandler.java:run(127)) - s2.serverHandler1 is interrupted by java.io.InterruptedIOException: 
2024-10-20 10:36:00,974 [HandlerDaemon-0] INFO  simulation.RequestHandler (RequestHandler.java:run(127)) - s2.serverHandler0 is interrupted by java.io.InterruptedIOException: 
2024-10-20 10:36:00,974 [s2-impl-thread1] INFO  raftlog.RaftLog (SegmentedRaftLog.java:close(567)) - Start closing s2@group-CB01DB19C6AF-SegmentedRaftLog:OPENED:c0:last(t:1, i:0)
2024-10-20 10:36:00,974 [s2@group-CB01DB19C6AF-FollowerState] INFO  impl.FollowerState (FollowerState.java:runImpl(170)) - s2@group-CB01DB19C6AF-FollowerState was interrupted
2024-10-20 10:36:00,974 [s2@group-CB01DB19C6AF-cacheEviction-AwaitToRun] INFO  util.AwaitToRun (AwaitToRun.java:run(49)) - s2@group-CB01DB19C6AF-cacheEviction-AwaitToRun-AwaitForSignal is interrupted
2024-10-20 10:36:00,974 [s2-impl-thread1] INFO  segmented.LogSegment (LogSegment.java:close(348)) - Successfully closed EntryCache-log_inprogress_0
2024-10-20 10:36:00,983 [s4@group-CB01DB19C6AF->s1-LogAppenderDefault-LogAppenderDaemon] WARN  leader.LogAppender (LogAppenderDefault.java:sendAppendEntriesWithRetries(85)) - s4@group-CB01DB19C6AF->s1-LogAppenderDefault: Failed to appendEntries (retry=0)
java.io.IOException: The peer s1 is not alive.
	at org.apache.ratis.server.simulation.SimulatedRequestReply.sendRequest(SimulatedRequestReply.java:117)
	at org.apache.ratis.server.simulation.SimulatedServerRpc.appendEntries(SimulatedServerRpc.java:115)
	at org.apache.ratis.server.leader.LogAppenderDefault.sendAppendEntries(LogAppenderDefault.java:103)
	at org.apache.ratis.server.leader.LogAppenderDefault.sendAppendEntriesWithRetries(LogAppenderDefault.java:76)
	at org.apache.ratis.server.leader.LogAppenderDefault.run(LogAppenderDefault.java:167)
	at org.apache.ratis.server.leader.LogAppenderDaemon.run(LogAppenderDaemon.java:80)
	at java.lang.Thread.run(Thread.java:750)
2024-10-20 10:36:01,020 [s4@group-CB01DB19C6AF->s1-LogAppenderDefault-LogAppenderDaemon] WARN  leader.LogAppender (LogAppenderDefault.java:sendAppendEntriesWithRetries(85)) - s4@group-CB01DB19C6AF->s1-LogAppenderDefault: Failed to appendEntries (retry=0)
java.io.IOException: The peer s1 is not alive.
	at org.apache.ratis.server.simulation.SimulatedRequestReply.sendRequest(SimulatedRequestReply.java:117)
	at org.apache.ratis.server.simulation.SimulatedServerRpc.appendEntries(SimulatedServerRpc.java:115)
	at org.apache.ratis.server.leader.LogAppenderDefault.sendAppendEntries(LogAppenderDefault.java:103)
	at org.apache.ratis.server.leader.LogAppenderDefault.sendAppendEntriesWithRetries(LogAppenderDefault.java:76)
	at org.apache.ratis.server.leader.LogAppenderDefault.run(LogAppenderDefault.java:167)
	at org.apache.ratis.server.leader.LogAppenderDaemon.run(LogAppenderDaemon.java:80)
	at java.lang.Thread.run(Thread.java:750)
2024-10-20 10:36:01,024 [s4@group-CB01DB19C6AF->s2-LogAppenderDefault-LogAppenderDaemon] WARN  leader.LogAppender (LogAppenderDefault.java:sendAppendEntriesWithRetries(85)) - s4@group-CB01DB19C6AF->s2-LogAppenderDefault: Failed to appendEntries (retry=0)
java.io.IOException: The peer s2 is not alive.
	at org.apache.ratis.server.simulation.SimulatedRequestReply.sendRequest(SimulatedRequestReply.java:117)
	at org.apache.ratis.server.simulation.SimulatedServerRpc.appendEntries(SimulatedServerRpc.java:115)
	at org.apache.ratis.server.leader.LogAppenderDefault.sendAppendEntries(LogAppenderDefault.java:103)
	at org.apache.ratis.server.leader.LogAppenderDefault.sendAppendEntriesWithRetries(LogAppenderDefault.java:76)
	at org.apache.ratis.server.leader.LogAppenderDefault.run(LogAppenderDefault.java:167)
	at org.apache.ratis.server.leader.LogAppenderDaemon.run(LogAppenderDaemon.java:80)
	at java.lang.Thread.run(Thread.java:750)
2024-10-20 10:36:01,058 [s4@group-CB01DB19C6AF->s1-LogAppenderDefault-LogAppenderDaemon] WARN  leader.LogAppender (LogAppenderDefault.java:sendAppendEntriesWithRetries(85)) - s4@group-CB01DB19C6AF->s1-LogAppenderDefault: Failed to appendEntries (retry=0)
java.io.IOException: The peer s1 is not alive.
	at org.apache.ratis.server.simulation.SimulatedRequestReply.sendRequest(SimulatedRequestReply.java:117)
	at org.apache.ratis.server.simulation.SimulatedServerRpc.appendEntries(SimulatedServerRpc.java:115)
	at org.apache.ratis.server.leader.LogAppenderDefault.sendAppendEntries(LogAppenderDefault.java:103)
	at org.apache.ratis.server.leader.LogAppenderDefault.sendAppendEntriesWithRetries(LogAppenderDefault.java:76)
	at org.apache.ratis.server.leader.LogAppenderDefault.run(LogAppenderDefault.java:167)
	at org.apache.ratis.server.leader.LogAppenderDaemon.run(LogAppenderDaemon.java:80)
	at java.lang.Thread.run(Thread.java:750)
2024-10-20 10:36:01,062 [s4@group-CB01DB19C6AF->s2-LogAppenderDefault-LogAppenderDaemon] WARN  leader.LogAppender (LogAppenderDefault.java:sendAppendEntriesWithRetries(85)) - s4@group-CB01DB19C6AF->s2-LogAppenderDefault: Failed to appendEntries (retry=0)
java.io.IOException: The peer s2 is not alive.
	at org.apache.ratis.server.simulation.SimulatedRequestReply.sendRequest(SimulatedRequestReply.java:117)
	at org.apache.ratis.server.simulation.SimulatedServerRpc.appendEntries(SimulatedServerRpc.java:115)
	at org.apache.ratis.server.leader.LogAppenderDefault.sendAppendEntries(LogAppenderDefault.java:103)
	at org.apache.ratis.server.leader.LogAppenderDefault.sendAppendEntriesWithRetries(LogAppenderDefault.java:76)
	at org.apache.ratis.server.leader.LogAppenderDefault.run(LogAppenderDefault.java:167)
	at org.apache.ratis.server.leader.LogAppenderDaemon.run(LogAppenderDaemon.java:80)
	at java.lang.Thread.run(Thread.java:750)
2024-10-20 10:36:01,095 [s4@group-CB01DB19C6AF->s1-LogAppenderDefault-LogAppenderDaemon] WARN  leader.LogAppender (LogAppenderDefault.java:sendAppendEntriesWithRetries(85)) - s4@group-CB01DB19C6AF->s1-LogAppenderDefault: Failed to appendEntries (retry=0)
java.io.IOException: The peer s1 is not alive.
	at org.apache.ratis.server.simulation.SimulatedRequestReply.sendRequest(SimulatedRequestReply.java:117)
	at org.apache.ratis.server.simulation.SimulatedServerRpc.appendEntries(SimulatedServerRpc.java:115)
	at org.apache.ratis.server.leader.LogAppenderDefault.sendAppendEntries(LogAppenderDefault.java:103)
	at org.apache.ratis.server.leader.LogAppenderDefault.sendAppendEntriesWithRetries(LogAppenderDefault.java:76)
	at org.apache.ratis.server.leader.LogAppenderDefault.run(LogAppenderDefault.java:167)
	at org.apache.ratis.server.leader.LogAppenderDaemon.run(LogAppenderDaemon.java:80)
	at java.lang.Thread.run(Thread.java:750)
2024-10-20 10:36:01,099 [s4@group-CB01DB19C6AF->s2-LogAppenderDefault-LogAppenderDaemon] WARN  leader.LogAppender (LogAppenderDefault.java:sendAppendEntriesWithRetries(85)) - s4@group-CB01DB19C6AF->s2-LogAppenderDefault: Failed to appendEntries (retry=0)
java.io.IOException: The peer s2 is not alive.
	at org.apache.ratis.server.simulation.SimulatedRequestReply.sendRequest(SimulatedRequestReply.java:117)
	at org.apache.ratis.server.simulation.SimulatedServerRpc.appendEntries(SimulatedServerRpc.java:115)
	at org.apache.ratis.server.leader.LogAppenderDefault.sendAppendEntries(LogAppenderDefault.java:103)
	at org.apache.ratis.server.leader.LogAppenderDefault.sendAppendEntriesWithRetries(LogAppenderDefault.java:76)
	at org.apache.ratis.server.leader.LogAppenderDefault.run(LogAppenderDefault.java:167)
	at org.apache.ratis.server.leader.LogAppenderDaemon.run(LogAppenderDaemon.java:80)
	at java.lang.Thread.run(Thread.java:750)
2024-10-20 10:36:01,132 [s4@group-CB01DB19C6AF->s1-LogAppenderDefault-LogAppenderDaemon] WARN  leader.LogAppender (LogAppenderDefault.java:sendAppendEntriesWithRetries(85)) - s4@group-CB01DB19C6AF->s1-LogAppenderDefault: Failed to appendEntries (retry=0)
java.io.IOException: The peer s1 is not alive.
	at org.apache.ratis.server.simulation.SimulatedRequestReply.sendRequest(SimulatedRequestReply.java:117)
	at org.apache.ratis.server.simulation.SimulatedServerRpc.appendEntries(SimulatedServerRpc.java:115)
	at org.apache.ratis.server.leader.LogAppenderDefault.sendAppendEntries(LogAppenderDefault.java:103)
	at org.apache.ratis.server.leader.LogAppenderDefault.sendAppendEntriesWithRetries(LogAppenderDefault.java:76)
	at org.apache.ratis.server.leader.LogAppenderDefault.run(LogAppenderDefault.java:167)
	at org.apache.ratis.server.leader.LogAppenderDaemon.run(LogAppenderDaemon.java:80)
	at java.lang.Thread.run(Thread.java:750)
2024-10-20 10:36:01,137 [s4@group-CB01DB19C6AF->s2-LogAppenderDefault-LogAppenderDaemon] WARN  leader.LogAppender (LogAppenderDefault.java:sendAppendEntriesWithRetries(85)) - s4@group-CB01DB19C6AF->s2-LogAppenderDefault: Failed to appendEntries (retry=0)
java.io.IOException: The peer s2 is not alive.
	at org.apache.ratis.server.simulation.SimulatedRequestReply.sendRequest(SimulatedRequestReply.java:117)
	at org.apache.ratis.server.simulation.SimulatedServerRpc.appendEntries(SimulatedServerRpc.java:115)
	at org.apache.ratis.server.leader.LogAppenderDefault.sendAppendEntries(LogAppenderDefault.java:103)
	at org.apache.ratis.server.leader.LogAppenderDefault.sendAppendEntriesWithRetries(LogAppenderDefault.java:76)
	at org.apache.ratis.server.leader.LogAppenderDefault.run(LogAppenderDefault.java:167)
	at org.apache.ratis.server.leader.LogAppenderDaemon.run(LogAppenderDaemon.java:80)
	at java.lang.Thread.run(Thread.java:750)
2024-10-20 10:36:01,170 [s4@group-CB01DB19C6AF->s1-LogAppenderDefault-LogAppenderDaemon] WARN  leader.LogAppender (LogAppenderDefault.java:sendAppendEntriesWithRetries(85)) - s4@group-CB01DB19C6AF->s1-LogAppenderDefault: Failed to appendEntries (retry=0)
java.io.IOException: The peer s1 is not alive.
	at org.apache.ratis.server.simulation.SimulatedRequestReply.sendRequest(SimulatedRequestReply.java:117)
	at org.apache.ratis.server.simulation.SimulatedServerRpc.appendEntries(SimulatedServerRpc.java:115)
	at org.apache.ratis.server.leader.LogAppenderDefault.sendAppendEntries(LogAppenderDefault.java:103)
	at org.apache.ratis.server.leader.LogAppenderDefault.sendAppendEntriesWithRetries(LogAppenderDefault.java:76)
	at org.apache.ratis.server.leader.LogAppenderDefault.run(LogAppenderDefault.java:167)
	at org.apache.ratis.server.leader.LogAppenderDaemon.run(LogAppenderDaemon.java:80)
	at java.lang.Thread.run(Thread.java:750)
2024-10-20 10:36:01,174 [s4@group-CB01DB19C6AF->s2-LogAppenderDefault-LogAppenderDaemon] WARN  leader.LogAppender (LogAppenderDefault.java:sendAppendEntriesWithRetries(85)) - s4@group-CB01DB19C6AF->s2-LogAppenderDefault: Failed to appendEntries (retry=0)
java.io.IOException: The peer s2 is not alive.
	at org.apache.ratis.server.simulation.SimulatedRequestReply.sendRequest(SimulatedRequestReply.java:117)
	at org.apache.ratis.server.simulation.SimulatedServerRpc.appendEntries(SimulatedServerRpc.java:115)
	at org.apache.ratis.server.leader.LogAppenderDefault.sendAppendEntries(LogAppenderDefault.java:103)
	at org.apache.ratis.server.leader.LogAppenderDefault.sendAppendEntriesWithRetries(LogAppenderDefault.java:76)
	at org.apache.ratis.server.leader.LogAppenderDefault.run(LogAppenderDefault.java:167)
	at org.apache.ratis.server.leader.LogAppenderDaemon.run(LogAppenderDaemon.java:80)
	at java.lang.Thread.run(Thread.java:750)
2024-10-20 10:36:01,207 [s4@group-CB01DB19C6AF->s1-LogAppenderDefault-LogAppenderDaemon] WARN  leader.LogAppender (LogAppenderDefault.java:sendAppendEntriesWithRetries(85)) - s4@group-CB01DB19C6AF->s1-LogAppenderDefault: Failed to appendEntries (retry=0)
java.io.IOException: The peer s1 is not alive.
	at org.apache.ratis.server.simulation.SimulatedRequestReply.sendRequest(SimulatedRequestReply.java:117)
	at org.apache.ratis.server.simulation.SimulatedServerRpc.appendEntries(SimulatedServerRpc.java:115)
	at org.apache.ratis.server.leader.LogAppenderDefault.sendAppendEntries(LogAppenderDefault.java:103)
	at org.apache.ratis.server.leader.LogAppenderDefault.sendAppendEntriesWithRetries(LogAppenderDefault.java:76)
	at org.apache.ratis.server.leader.LogAppenderDefault.run(LogAppenderDefault.java:167)
	at org.apache.ratis.server.leader.LogAppenderDaemon.run(LogAppenderDaemon.java:80)
	at java.lang.Thread.run(Thread.java:750)
2024-10-20 10:36:01,211 [s4@group-CB01DB19C6AF->s2-LogAppenderDefault-LogAppenderDaemon] WARN  leader.LogAppender (LogAppenderDefault.java:sendAppendEntriesWithRetries(85)) - s4@group-CB01DB19C6AF->s2-LogAppenderDefault: Failed to appendEntries (retry=0)
java.io.IOException: The peer s2 is not alive.
	at org.apache.ratis.server.simulation.SimulatedRequestReply.sendRequest(SimulatedRequestReply.java:117)
	at org.apache.ratis.server.simulation.SimulatedServerRpc.appendEntries(SimulatedServerRpc.java:115)
	at org.apache.ratis.server.leader.LogAppenderDefault.sendAppendEntries(LogAppenderDefault.java:103)
	at org.apache.ratis.server.leader.LogAppenderDefault.sendAppendEntriesWithRetries(LogAppenderDefault.java:76)
	at org.apache.ratis.server.leader.LogAppenderDefault.run(LogAppenderDefault.java:167)
	at org.apache.ratis.server.leader.LogAppenderDaemon.run(LogAppenderDaemon.java:80)
	at java.lang.Thread.run(Thread.java:750)
2024-10-20 10:36:01,245 [s4@group-CB01DB19C6AF->s1-LogAppenderDefault-LogAppenderDaemon] WARN  leader.LogAppender (LogAppenderDefault.java:sendAppendEntriesWithRetries(85)) - s4@group-CB01DB19C6AF->s1-LogAppenderDefault: Failed to appendEntries (retry=0)
java.io.IOException: The peer s1 is not alive.
	at org.apache.ratis.server.simulation.SimulatedRequestReply.sendRequest(SimulatedRequestReply.java:117)
	at org.apache.ratis.server.simulation.SimulatedServerRpc.appendEntries(SimulatedServerRpc.java:115)
	at org.apache.ratis.server.leader.LogAppenderDefault.sendAppendEntries(LogAppenderDefault.java:103)
	at org.apache.ratis.server.leader.LogAppenderDefault.sendAppendEntriesWithRetries(LogAppenderDefault.java:76)
	at org.apache.ratis.server.leader.LogAppenderDefault.run(LogAppenderDefault.java:167)
	at org.apache.ratis.server.leader.LogAppenderDaemon.run(LogAppenderDaemon.java:80)
	at java.lang.Thread.run(Thread.java:750)
2024-10-20 10:36:01,249 [s4@group-CB01DB19C6AF->s2-LogAppenderDefault-LogAppenderDaemon] WARN  leader.LogAppender (LogAppenderDefault.java:sendAppendEntriesWithRetries(85)) - s4@group-CB01DB19C6AF->s2-LogAppenderDefault: Failed to appendEntries (retry=0)
java.io.IOException: The peer s2 is not alive.
	at org.apache.ratis.server.simulation.SimulatedRequestReply.sendRequest(SimulatedRequestReply.java:117)
	at org.apache.ratis.server.simulation.SimulatedServerRpc.appendEntries(SimulatedServerRpc.java:115)
	at org.apache.ratis.server.leader.LogAppenderDefault.sendAppendEntries(LogAppenderDefault.java:103)
	at org.apache.ratis.server.leader.LogAppenderDefault.sendAppendEntriesWithRetries(LogAppenderDefault.java:76)
	at org.apache.ratis.server.leader.LogAppenderDefault.run(LogAppenderDefault.java:167)
	at org.apache.ratis.server.leader.LogAppenderDaemon.run(LogAppenderDaemon.java:80)
	at java.lang.Thread.run(Thread.java:750)
2024-10-20 10:36:01,282 [s4@group-CB01DB19C6AF->s1-LogAppenderDefault-LogAppenderDaemon] WARN  leader.LogAppender (LogAppenderDefault.java:sendAppendEntriesWithRetries(85)) - s4@group-CB01DB19C6AF->s1-LogAppenderDefault: Failed to appendEntries (retry=0)
java.io.IOException: The peer s1 is not alive.
	at org.apache.ratis.server.simulation.SimulatedRequestReply.sendRequest(SimulatedRequestReply.java:117)
	at org.apache.ratis.server.simulation.SimulatedServerRpc.appendEntries(SimulatedServerRpc.java:115)
	at org.apache.ratis.server.leader.LogAppenderDefault.sendAppendEntries(LogAppenderDefault.java:103)
	at org.apache.ratis.server.leader.LogAppenderDefault.sendAppendEntriesWithRetries(LogAppenderDefault.java:76)
	at org.apache.ratis.server.leader.LogAppenderDefault.run(LogAppenderDefault.java:167)
	at org.apache.ratis.server.leader.LogAppenderDaemon.run(LogAppenderDaemon.java:80)
	at java.lang.Thread.run(Thread.java:750)
2024-10-20 10:36:01,286 [s4@group-CB01DB19C6AF->s2-LogAppenderDefault-LogAppenderDaemon] WARN  leader.LogAppender (LogAppenderDefault.java:sendAppendEntriesWithRetries(85)) - s4@group-CB01DB19C6AF->s2-LogAppenderDefault: Failed to appendEntries (retry=0)
java.io.IOException: The peer s2 is not alive.
	at org.apache.ratis.server.simulation.SimulatedRequestReply.sendRequest(SimulatedRequestReply.java:117)
	at org.apache.ratis.server.simulation.SimulatedServerRpc.appendEntries(SimulatedServerRpc.java:115)
	at org.apache.ratis.server.leader.LogAppenderDefault.sendAppendEntries(LogAppenderDefault.java:103)
	at org.apache.ratis.server.leader.LogAppenderDefault.sendAppendEntriesWithRetries(LogAppenderDefault.java:76)
	at org.apache.ratis.server.leader.LogAppenderDefault.run(LogAppenderDefault.java:167)
	at org.apache.ratis.server.leader.LogAppenderDaemon.run(LogAppenderDaemon.java:80)
	at java.lang.Thread.run(Thread.java:750)
2024-10-20 10:36:01,320 [s4@group-CB01DB19C6AF->s1-LogAppenderDefault-LogAppenderDaemon] WARN  leader.LogAppender (LogAppenderDefault.java:sendAppendEntriesWithRetries(85)) - s4@group-CB01DB19C6AF->s1-LogAppenderDefault: Failed to appendEntries (retry=0)
java.io.IOException: The peer s1 is not alive.
	at org.apache.ratis.server.simulation.SimulatedRequestReply.sendRequest(SimulatedRequestReply.java:117)
	at org.apache.ratis.server.simulation.SimulatedServerRpc.appendEntries(SimulatedServerRpc.java:115)
	at org.apache.ratis.server.leader.LogAppenderDefault.sendAppendEntries(LogAppenderDefault.java:103)
	at org.apache.ratis.server.leader.LogAppenderDefault.sendAppendEntriesWithRetries(LogAppenderDefault.java:76)
	at org.apache.ratis.server.leader.LogAppenderDefault.run(LogAppenderDefault.java:167)
	at org.apache.ratis.server.leader.LogAppenderDaemon.run(LogAppenderDaemon.java:80)
	at java.lang.Thread.run(Thread.java:750)
2024-10-20 10:36:01,323 [s4@group-CB01DB19C6AF->s2-LogAppenderDefault-LogAppenderDaemon] WARN  leader.LogAppender (LogAppenderDefault.java:sendAppendEntriesWithRetries(85)) - s4@group-CB01DB19C6AF->s2-LogAppenderDefault: Failed to appendEntries (retry=0)
java.io.IOException: The peer s2 is not alive.
	at org.apache.ratis.server.simulation.SimulatedRequestReply.sendRequest(SimulatedRequestReply.java:117)
	at org.apache.ratis.server.simulation.SimulatedServerRpc.appendEntries(SimulatedServerRpc.java:115)
	at org.apache.ratis.server.leader.LogAppenderDefault.sendAppendEntries(LogAppenderDefault.java:103)
	at org.apache.ratis.server.leader.LogAppenderDefault.sendAppendEntriesWithRetries(LogAppenderDefault.java:76)
	at org.apache.ratis.server.leader.LogAppenderDefault.run(LogAppenderDefault.java:167)
	at org.apache.ratis.server.leader.LogAppenderDaemon.run(LogAppenderDaemon.java:80)
	at java.lang.Thread.run(Thread.java:750)
2024-10-20 10:36:01,357 [s4@group-CB01DB19C6AF->s1-LogAppenderDefault-LogAppenderDaemon] WARN  leader.LogAppender (LogAppenderDefault.java:sendAppendEntriesWithRetries(85)) - s4@group-CB01DB19C6AF->s1-LogAppenderDefault: Failed to appendEntries (retry=0)
java.io.IOException: The peer s1 is not alive.
	at org.apache.ratis.server.simulation.SimulatedRequestReply.sendRequest(SimulatedRequestReply.java:117)
	at org.apache.ratis.server.simulation.SimulatedServerRpc.appendEntries(SimulatedServerRpc.java:115)
	at org.apache.ratis.server.leader.LogAppenderDefault.sendAppendEntries(LogAppenderDefault.java:103)
	at org.apache.ratis.server.leader.LogAppenderDefault.sendAppendEntriesWithRetries(LogAppenderDefault.java:76)
	at org.apache.ratis.server.leader.LogAppenderDefault.run(LogAppenderDefault.java:167)
	at org.apache.ratis.server.leader.LogAppenderDaemon.run(LogAppenderDaemon.java:80)
	at java.lang.Thread.run(Thread.java:750)
2024-10-20 10:36:01,361 [s4@group-CB01DB19C6AF->s2-LogAppenderDefault-LogAppenderDaemon] WARN  leader.LogAppender (LogAppenderDefault.java:sendAppendEntriesWithRetries(85)) - s4@group-CB01DB19C6AF->s2-LogAppenderDefault: Failed to appendEntries (retry=0)
java.io.IOException: The peer s2 is not alive.
	at org.apache.ratis.server.simulation.SimulatedRequestReply.sendRequest(SimulatedRequestReply.java:117)
	at org.apache.ratis.server.simulation.SimulatedServerRpc.appendEntries(SimulatedServerRpc.java:115)
	at org.apache.ratis.server.leader.LogAppenderDefault.sendAppendEntries(LogAppenderDefault.java:103)
	at org.apache.ratis.server.leader.LogAppenderDefault.sendAppendEntriesWithRetries(LogAppenderDefault.java:76)
	at org.apache.ratis.server.leader.LogAppenderDefault.run(LogAppenderDefault.java:167)
	at org.apache.ratis.server.leader.LogAppenderDaemon.run(LogAppenderDaemon.java:80)
	at java.lang.Thread.run(Thread.java:750)
2024-10-20 10:36:01,395 [s4@group-CB01DB19C6AF->s1-LogAppenderDefault-LogAppenderDaemon] WARN  leader.LogAppender (LogAppenderDefault.java:sendAppendEntriesWithRetries(85)) - s4@group-CB01DB19C6AF->s1-LogAppenderDefault: Failed to appendEntries (retry=0)
java.io.IOException: The peer s1 is not alive.
	at org.apache.ratis.server.simulation.SimulatedRequestReply.sendRequest(SimulatedRequestReply.java:117)
	at org.apache.ratis.server.simulation.SimulatedServerRpc.appendEntries(SimulatedServerRpc.java:115)
	at org.apache.ratis.server.leader.LogAppenderDefault.sendAppendEntries(LogAppenderDefault.java:103)
	at org.apache.ratis.server.leader.LogAppenderDefault.sendAppendEntriesWithRetries(LogAppenderDefault.java:76)
	at org.apache.ratis.server.leader.LogAppenderDefault.run(LogAppenderDefault.java:167)
	at org.apache.ratis.server.leader.LogAppenderDaemon.run(LogAppenderDaemon.java:80)
	at java.lang.Thread.run(Thread.java:750)
2024-10-20 10:36:01,398 [s4@group-CB01DB19C6AF->s2-LogAppenderDefault-LogAppenderDaemon] WARN  leader.LogAppender (LogAppenderDefault.java:sendAppendEntriesWithRetries(85)) - s4@group-CB01DB19C6AF->s2-LogAppenderDefault: Failed to appendEntries (retry=0)
java.io.IOException: The peer s2 is not alive.
	at org.apache.ratis.server.simulation.SimulatedRequestReply.sendRequest(SimulatedRequestReply.java:117)
	at org.apache.ratis.server.simulation.SimulatedServerRpc.appendEntries(SimulatedServerRpc.java:115)
	at org.apache.ratis.server.leader.LogAppenderDefault.sendAppendEntries(LogAppenderDefault.java:103)
	at org.apache.ratis.server.leader.LogAppenderDefault.sendAppendEntriesWithRetries(LogAppenderDefault.java:76)
	at org.apache.ratis.server.leader.LogAppenderDefault.run(LogAppenderDefault.java:167)
	at org.apache.ratis.server.leader.LogAppenderDaemon.run(LogAppenderDaemon.java:80)
	at java.lang.Thread.run(Thread.java:750)
2024-10-20 10:36:01,432 [s4@group-CB01DB19C6AF->s1-LogAppenderDefault-LogAppenderDaemon] WARN  leader.LogAppender (LogAppenderDefault.java:sendAppendEntriesWithRetries(85)) - s4@group-CB01DB19C6AF->s1-LogAppenderDefault: Failed to appendEntries (retry=0)
java.io.IOException: The peer s1 is not alive.
	at org.apache.ratis.server.simulation.SimulatedRequestReply.sendRequest(SimulatedRequestReply.java:117)
	at org.apache.ratis.server.simulation.SimulatedServerRpc.appendEntries(SimulatedServerRpc.java:115)
	at org.apache.ratis.server.leader.LogAppenderDefault.sendAppendEntries(LogAppenderDefault.java:103)
	at org.apache.ratis.server.leader.LogAppenderDefault.sendAppendEntriesWithRetries(LogAppenderDefault.java:76)
	at org.apache.ratis.server.leader.LogAppenderDefault.run(LogAppenderDefault.java:167)
	at org.apache.ratis.server.leader.LogAppenderDaemon.run(LogAppenderDaemon.java:80)
	at java.lang.Thread.run(Thread.java:750)
2024-10-20 10:36:01,436 [s4@group-CB01DB19C6AF->s2-LogAppenderDefault-LogAppenderDaemon] WARN  leader.LogAppender (LogAppenderDefault.java:sendAppendEntriesWithRetries(85)) - s4@group-CB01DB19C6AF->s2-LogAppenderDefault: Failed to appendEntries (retry=0)
java.io.IOException: The peer s2 is not alive.
	at org.apache.ratis.server.simulation.SimulatedRequestReply.sendRequest(SimulatedRequestReply.java:117)
	at org.apache.ratis.server.simulation.SimulatedServerRpc.appendEntries(SimulatedServerRpc.java:115)
	at org.apache.ratis.server.leader.LogAppenderDefault.sendAppendEntries(LogAppenderDefault.java:103)
	at org.apache.ratis.server.leader.LogAppenderDefault.sendAppendEntriesWithRetries(LogAppenderDefault.java:76)
	at org.apache.ratis.server.leader.LogAppenderDefault.run(LogAppenderDefault.java:167)
	at org.apache.ratis.server.leader.LogAppenderDaemon.run(LogAppenderDaemon.java:80)
	at java.lang.Thread.run(Thread.java:750)
2024-10-20 10:36:01,469 [s4@group-CB01DB19C6AF->s1-LogAppenderDefault-LogAppenderDaemon] WARN  leader.LogAppender (LogAppenderDefault.java:sendAppendEntriesWithRetries(85)) - s4@group-CB01DB19C6AF->s1-LogAppenderDefault: Failed to appendEntries (retry=0)
java.io.IOException: The peer s1 is not alive.
	at org.apache.ratis.server.simulation.SimulatedRequestReply.sendRequest(SimulatedRequestReply.java:117)
	at org.apache.ratis.server.simulation.SimulatedServerRpc.appendEntries(SimulatedServerRpc.java:115)
	at org.apache.ratis.server.leader.LogAppenderDefault.sendAppendEntries(LogAppenderDefault.java:103)
	at org.apache.ratis.server.leader.LogAppenderDefault.sendAppendEntriesWithRetries(LogAppenderDefault.java:76)
	at org.apache.ratis.server.leader.LogAppenderDefault.run(LogAppenderDefault.java:167)
	at org.apache.ratis.server.leader.LogAppenderDaemon.run(LogAppenderDaemon.java:80)
	at java.lang.Thread.run(Thread.java:750)
2024-10-20 10:36:01,472 [s4@group-CB01DB19C6AF-LeaderStateImpl] WARN  server.RaftServer$Division (LeaderStateImpl.java:checkLeadership(1117)) - s4@group-CB01DB19C6AF-LeaderStateImpl: Lost leadership on term: 1. Election timeout: 300ms. In charge for: 1533ms. Conf: conf: {index: 0, cur=peers:[s3|localhost:15072, s4|localhost:15076, s0|localhost:15060, s1|localhost:15064, s2|localhost:15068]|listeners:[], old=null}
2024-10-20 10:36:01,472 [s4@group-CB01DB19C6AF-LeaderStateImpl] WARN  server.RaftServer$Division (LeaderStateImpl.java:lambda$checkLeadership$20(1121)) - Follower s4@group-CB01DB19C6AF->s3(c0,m0,n1, caughtUp=true, lastRpcSendTime=9, lastRpcResponseTime=9)
2024-10-20 10:36:01,473 [s4@group-CB01DB19C6AF-LeaderStateImpl] WARN  server.RaftServer$Division (LeaderStateImpl.java:lambda$checkLeadership$20(1121)) - Follower s4@group-CB01DB19C6AF->s0(c-1,m-1,n0, caughtUp=true, lastRpcSendTime=1530, lastRpcResponseTime=1833)
2024-10-20 10:36:01,473 [s4@group-CB01DB19C6AF-LeaderStateImpl] WARN  server.RaftServer$Division (LeaderStateImpl.java:lambda$checkLeadership$20(1121)) - Follower s4@group-CB01DB19C6AF->s1(c0,m0,n1, caughtUp=true, lastRpcSendTime=3, lastRpcResponseTime=1274)
2024-10-20 10:36:01,473 [s4@group-CB01DB19C6AF-LeaderStateImpl] WARN  server.RaftServer$Division (LeaderStateImpl.java:lambda$checkLeadership$20(1121)) - Follower s4@group-CB01DB19C6AF->s2(c0,m0,n1, caughtUp=true, lastRpcSendTime=37, lastRpcResponseTime=523)
2024-10-20 10:36:01,473 [s4@group-CB01DB19C6AF-LeaderStateImpl] INFO  server.RaftServer$Division (RaftServerImpl.java:setRole(380)) - s4@group-CB01DB19C6AF: changes role from    LEADER to FOLLOWER at term 1 for StepDownReason:LOST_MAJORITY_HEARTBEATS
2024-10-20 10:36:01,473 [s4@group-CB01DB19C6AF-LeaderStateImpl] INFO  impl.RoleInfo (RoleInfo.java:shutdownLeaderState(103)) - s4: shutdown s4@group-CB01DB19C6AF-LeaderStateImpl
2024-10-20 10:36:01,473 [s4@group-CB01DB19C6AF->s3-LogAppenderDefault-LogAppenderDaemon] INFO  leader.LogAppenderDaemon (LogAppenderDaemon.java:run(85)) - s4@group-CB01DB19C6AF->s3-LogAppenderDefault-LogAppenderDaemon was interrupted: java.lang.InterruptedException
2024-10-20 10:36:01,473 [s4@group-CB01DB19C6AF->s0-LogAppenderDefault-LogAppenderDaemon] INFO  leader.LogAppenderDaemon (LogAppenderDaemon.java:run(87)) - s4@group-CB01DB19C6AF->s0-LogAppenderDefault-LogAppenderDaemon I/O was interrupted: java.io.InterruptedIOException: 
2024-10-20 10:36:01,473 [s4@group-CB01DB19C6AF-LeaderStateImpl] INFO  impl.PendingRequests (PendingRequests.java:sendNotLeaderResponses(287)) - s4@group-CB01DB19C6AF-PendingRequests: sendNotLeaderResponses
2024-10-20 10:36:01,473 [s4@group-CB01DB19C6AF->s1-LogAppenderDefault-LogAppenderDaemon] INFO  leader.LogAppenderDaemon (LogAppenderDaemon.java:run(85)) - s4@group-CB01DB19C6AF->s1-LogAppenderDefault-LogAppenderDaemon was interrupted: java.lang.InterruptedException: sleep interrupted
2024-10-20 10:36:01,474 [s4@group-CB01DB19C6AF-LeaderStateImpl] INFO  server.RaftServer$Division (ServerState.java:setLeader(272)) - s4@group-CB01DB19C6AF: change Leader from s4 to null at term 1 for StepDownReason:LOST_MAJORITY_HEARTBEATS
2024-10-20 10:36:01,474 [s4@group-CB01DB19C6AF-LeaderStateImpl] INFO  impl.RoleInfo (RoleInfo.java:updateAndGet(148)) - s4: start s4@group-CB01DB19C6AF-FollowerState
2024-10-20 10:36:01,627 [s4@group-CB01DB19C6AF-FollowerState] INFO  impl.FollowerState (FollowerState.java:lostMajorityHeartbeatsRecently(113)) - s4@group-CB01DB19C6AF-FollowerState: Skipping leader election since it stepped down recently (elapsed = 153ms < waitTime = 10s)
2024-10-20 10:36:01,849 [s4@group-CB01DB19C6AF-FollowerState] INFO  impl.FollowerState (FollowerState.java:lostMajorityHeartbeatsRecently(113)) - s4@group-CB01DB19C6AF-FollowerState: Skipping leader election since it stepped down recently (elapsed = 374ms < waitTime = 10s)
2024-10-20 10:36:01,885 [s3@group-CB01DB19C6AF-FollowerState] INFO  impl.FollowerState (FollowerState.java:runImpl(161)) - s3@group-CB01DB19C6AF-FollowerState: change to CANDIDATE, lastRpcElapsedTime:421717516ns, electionTimeout:230ms
2024-10-20 10:36:01,885 [s3@group-CB01DB19C6AF-FollowerState] INFO  impl.RoleInfo (RoleInfo.java:shutdownFollowerState(121)) - s3: shutdown s3@group-CB01DB19C6AF-FollowerState
2024-10-20 10:36:01,885 [s3@group-CB01DB19C6AF-FollowerState] INFO  server.RaftServer$Division (RaftServerImpl.java:setRole(380)) - s3@group-CB01DB19C6AF: changes role from  FOLLOWER to CANDIDATE at term 1 for changeToCandidate
2024-10-20 10:36:01,885 [s3@group-CB01DB19C6AF-FollowerState] INFO  server.RaftServerConfigKeys (ConfUtils.java:logGet(46)) - raft.server.leaderelection.pre-vote = true (default)
2024-10-20 10:36:01,885 [s3@group-CB01DB19C6AF-FollowerState] INFO  impl.RoleInfo (RoleInfo.java:updateAndGet(148)) - s3: start s3@group-CB01DB19C6AF-LeaderElection9
2024-10-20 10:36:01,886 [s3@group-CB01DB19C6AF-LeaderElection9] INFO  server.RaftServer$Division (ServerState.java:setLeader(272)) - s3@group-CB01DB19C6AF: change Leader from s4 to null at term 1 for PRE_VOTE
2024-10-20 10:36:01,886 [s3@group-CB01DB19C6AF-LeaderElection9] INFO  impl.LeaderElection (LeaderElection.java:askForVotes(333)) - s3@group-CB01DB19C6AF-LeaderElection9 PRE_VOTE round 0: submit vote requests at term 1 for conf: {index: 0, cur=peers:[s3|localhost:15072, s4|localhost:15076, s0|localhost:15060, s1|localhost:15064, s2|localhost:15068]|listeners:[], old=null}
2024-10-20 10:36:01,886 [HandlerDaemon-0] INFO  server.RaftServer$Division (RaftServerImpl.java:requestVote(1447)) - s4@group-CB01DB19C6AF: receive requestVote(PRE_VOTE, s3, group-CB01DB19C6AF, 1, (t:1, i:0))
2024-10-20 10:36:01,886 [HandlerDaemon-0] INFO  server.RaftServer$Division (RaftServerImpl.java:requestVote(1447)) - s0@group-CB01DB19C6AF: receive requestVote(PRE_VOTE, s3, group-CB01DB19C6AF, 1, (t:1, i:0))
2024-10-20 10:36:01,886 [HandlerDaemon-0] INFO  impl.VoteContext (VoteContext.java:log(49)) - s4@group-CB01DB19C6AF-FOLLOWER: accept PRE_VOTE from s3: our priority 0 <= candidate's priority 0
2024-10-20 10:36:01,886 [HandlerDaemon-0] INFO  server.RaftServer$Division (RaftServerImpl.java:requestVote(1480)) - s4@group-CB01DB19C6AF replies to PRE_VOTE vote request: s3<-s4#0:OK-t1. Peer's state: s4@group-CB01DB19C6AF:t1, leader=null, voted=s4, raftlog=Memoized:s4@group-CB01DB19C6AF-SegmentedRaftLog:OPENED:c0:last(t:1, i:0), conf=conf: {index: 0, cur=peers:[s3|localhost:15072, s4|localhost:15076, s0|localhost:15060, s1|localhost:15064, s2|localhost:15068]|listeners:[], old=null}
2024-10-20 10:36:01,887 [s3@group-CB01DB19C6AF-LeaderElection9] INFO  impl.LeaderElection (LogUtils.java:infoOrTrace(136)) - s3@group-CB01DB19C6AF-LeaderElection9 got exception when requesting votes: java.util.concurrent.ExecutionException: java.io.IOException: The peer s1 is not alive.
2024-10-20 10:36:01,887 [s3@group-CB01DB19C6AF-LeaderElection9] INFO  impl.LeaderElection (LogUtils.java:infoOrTrace(136)) - s3@group-CB01DB19C6AF-LeaderElection9 got exception when requesting votes: java.util.concurrent.ExecutionException: java.io.IOException: The peer s2 is not alive.
2024-10-20 10:36:01,972 [s2-impl-thread1] INFO  segmented.SegmentedRaftLogWorker (SegmentedRaftLogWorker.java:close(253)) - s2@group-CB01DB19C6AF-SegmentedRaftLogWorker close()
2024-10-20 10:36:01,972 [s2-impl-thread1] INFO  raftlog.RaftLog (SegmentedRaftLog.java:close(575)) - Successfully closed s2@group-CB01DB19C6AF-SegmentedRaftLog:CLOSED:c0
2024-10-20 10:36:01,972 [JvmPauseMonitor32] INFO  util.JvmPauseMonitor (JvmPauseMonitor.java:run(152)) - JvmPauseMonitor-s2: Stopped
2024-10-20 10:36:01,973 [main] INFO  server.RaftServerConfigKeys (ConfUtils.java:logGet(46)) - raft.server.rpc.timeout.max = 300ms (default)
2024-10-20 10:36:02,071 [s3@group-CB01DB19C6AF-LeaderElection9] INFO  impl.LeaderElection (LeaderElection.java:logAndReturn(90)) - s3@group-CB01DB19C6AF-LeaderElection9: PRE_VOTE TIMEOUT received 1 response(s) and 2 exception(s):
2024-10-20 10:36:02,071 [s3@group-CB01DB19C6AF-LeaderElection9] INFO  impl.LeaderElection (LeaderElection.java:logAndReturn(94)) -   Response 0: s3<-s4#0:OK-t1
2024-10-20 10:36:02,071 [s3@group-CB01DB19C6AF-LeaderElection9] INFO  impl.LeaderElection (LogUtils.java:infoOrTrace(136)) -   Exception 1: java.util.concurrent.ExecutionException: java.io.IOException: The peer s1 is not alive.
2024-10-20 10:36:02,071 [s3@group-CB01DB19C6AF-LeaderElection9] INFO  impl.LeaderElection (LogUtils.java:infoOrTrace(136)) -   Exception 2: java.util.concurrent.ExecutionException: java.io.IOException: The peer s2 is not alive.
2024-10-20 10:36:02,071 [s3@group-CB01DB19C6AF-LeaderElection9] INFO  impl.LeaderElection (LeaderElection.java:askForVotes(335)) - s3@group-CB01DB19C6AF-LeaderElection9 PRE_VOTE round 0: result TIMEOUT
2024-10-20 10:36:02,071 [s3@group-CB01DB19C6AF-LeaderElection9] INFO  impl.LeaderElection (LeaderElection.java:askForVotes(333)) - s3@group-CB01DB19C6AF-LeaderElection9 PRE_VOTE round 1: submit vote requests at term 1 for conf: {index: 0, cur=peers:[s3|localhost:15072, s4|localhost:15076, s0|localhost:15060, s1|localhost:15064, s2|localhost:15068]|listeners:[], old=null}
2024-10-20 10:36:02,072 [HandlerDaemon-1] INFO  server.RaftServer$Division (RaftServerImpl.java:requestVote(1447)) - s4@group-CB01DB19C6AF: receive requestVote(PRE_VOTE, s3, group-CB01DB19C6AF, 1, (t:1, i:0))
2024-10-20 10:36:02,072 [HandlerDaemon-1] INFO  impl.VoteContext (VoteContext.java:log(49)) - s4@group-CB01DB19C6AF-FOLLOWER: accept PRE_VOTE from s3: our priority 0 <= candidate's priority 0
2024-10-20 10:36:02,072 [s3@group-CB01DB19C6AF-LeaderElection9] INFO  impl.LeaderElection (LogUtils.java:infoOrTrace(136)) - s3@group-CB01DB19C6AF-LeaderElection9 got exception when requesting votes: java.util.concurrent.ExecutionException: java.io.IOException: The peer s1 is not alive.
2024-10-20 10:36:02,072 [s3@group-CB01DB19C6AF-LeaderElection9] INFO  impl.LeaderElection (LogUtils.java:infoOrTrace(136)) - s3@group-CB01DB19C6AF-LeaderElection9 got exception when requesting votes: java.util.concurrent.ExecutionException: java.io.IOException: The peer s2 is not alive.
2024-10-20 10:36:02,072 [HandlerDaemon-1] INFO  server.RaftServer$Division (RaftServerImpl.java:requestVote(1480)) - s4@group-CB01DB19C6AF replies to PRE_VOTE vote request: s3<-s4#0:OK-t1. Peer's state: s4@group-CB01DB19C6AF:t1, leader=null, voted=s4, raftlog=Memoized:s4@group-CB01DB19C6AF-SegmentedRaftLog:OPENED:c0:last(t:1, i:0), conf=conf: {index: 0, cur=peers:[s3|localhost:15072, s4|localhost:15076, s0|localhost:15060, s1|localhost:15064, s2|localhost:15068]|listeners:[], old=null}
2024-10-20 10:36:02,271 [s3@group-CB01DB19C6AF-LeaderElection9] INFO  impl.LeaderElection (LeaderElection.java:logAndReturn(90)) - s3@group-CB01DB19C6AF-LeaderElection9: PRE_VOTE TIMEOUT received 1 response(s) and 2 exception(s):
2024-10-20 10:36:02,271 [s3@group-CB01DB19C6AF-LeaderElection9] INFO  impl.LeaderElection (LeaderElection.java:logAndReturn(94)) -   Response 0: s3<-s4#0:OK-t1
2024-10-20 10:36:02,271 [s3@group-CB01DB19C6AF-LeaderElection9] INFO  impl.LeaderElection (LogUtils.java:infoOrTrace(136)) -   Exception 1: java.util.concurrent.ExecutionException: java.io.IOException: The peer s1 is not alive.
2024-10-20 10:36:02,271 [s3@group-CB01DB19C6AF-LeaderElection9] INFO  impl.LeaderElection (LogUtils.java:infoOrTrace(136)) -   Exception 2: java.util.concurrent.ExecutionException: java.io.IOException: The peer s2 is not alive.
2024-10-20 10:36:02,271 [s3@group-CB01DB19C6AF-LeaderElection9] INFO  impl.LeaderElection (LeaderElection.java:askForVotes(335)) - s3@group-CB01DB19C6AF-LeaderElection9 PRE_VOTE round 1: result TIMEOUT
2024-10-20 10:36:02,271 [s3@group-CB01DB19C6AF-LeaderElection9] INFO  impl.LeaderElection (LeaderElection.java:askForVotes(333)) - s3@group-CB01DB19C6AF-LeaderElection9 PRE_VOTE round 2: submit vote requests at term 1 for conf: {index: 0, cur=peers:[s3|localhost:15072, s4|localhost:15076, s0|localhost:15060, s1|localhost:15064, s2|localhost:15068]|listeners:[], old=null}
2024-10-20 10:36:02,272 [HandlerDaemon-2] INFO  server.RaftServer$Division (RaftServerImpl.java:requestVote(1447)) - s4@group-CB01DB19C6AF: receive requestVote(PRE_VOTE, s3, group-CB01DB19C6AF, 1, (t:1, i:0))
2024-10-20 10:36:02,272 [HandlerDaemon-2] INFO  impl.VoteContext (VoteContext.java:log(49)) - s4@group-CB01DB19C6AF-FOLLOWER: accept PRE_VOTE from s3: our priority 0 <= candidate's priority 0
2024-10-20 10:36:02,272 [s3@group-CB01DB19C6AF-LeaderElection9] INFO  impl.LeaderElection (LogUtils.java:infoOrTrace(136)) - s3@group-CB01DB19C6AF-LeaderElection9 got exception when requesting votes: java.util.concurrent.ExecutionException: java.io.IOException: The peer s1 is not alive.
2024-10-20 10:36:02,272 [HandlerDaemon-2] INFO  server.RaftServer$Division (RaftServerImpl.java:requestVote(1480)) - s4@group-CB01DB19C6AF replies to PRE_VOTE vote request: s3<-s4#0:OK-t1. Peer's state: s4@group-CB01DB19C6AF:t1, leader=null, voted=s4, raftlog=Memoized:s4@group-CB01DB19C6AF-SegmentedRaftLog:OPENED:c0:last(t:1, i:0), conf=conf: {index: 0, cur=peers:[s3|localhost:15072, s4|localhost:15076, s0|localhost:15060, s1|localhost:15064, s2|localhost:15068]|listeners:[], old=null}
2024-10-20 10:36:02,272 [s3@group-CB01DB19C6AF-LeaderElection9] INFO  impl.LeaderElection (LogUtils.java:infoOrTrace(136)) - s3@group-CB01DB19C6AF-LeaderElection9 got exception when requesting votes: java.util.concurrent.ExecutionException: java.io.IOException: The peer s2 is not alive.
2024-10-20 10:36:02,376 [main] INFO  impl.MiniRaftCluster (MiniRaftCluster.java:runWithNewCluster(146)) - printing ALL groups
  s3:  RUNNING CANDIDATE s3@group-CB01DB19C6AF:t1, leader=null, voted=s4, raftlog=Memoized:s3@group-CB01DB19C6AF-SegmentedRaftLog:OPENED:c0:last(t:1, i:0), conf=conf: {index: 0, cur=peers:[s3|localhost:15072, s4|localhost:15076, s0|localhost:15060, s1|localhost:15064, s2|localhost:15068]|listeners:[], old=null} RUNNING
  s4:  RUNNING  FOLLOWER s4@group-CB01DB19C6AF:t1, leader=null, voted=s4, raftlog=Memoized:s4@group-CB01DB19C6AF-SegmentedRaftLog:OPENED:c0:last(t:1, i:0), conf=conf: {index: 0, cur=peers:[s3|localhost:15072, s4|localhost:15076, s0|localhost:15060, s1|localhost:15064, s2|localhost:15068]|listeners:[], old=null} RUNNING
  s0:  RUNNING  FOLLOWER s0@group-CB01DB19C6AF:t1, leader=null, voted=null, raftlog=Memoized:s0@group-CB01DB19C6AF-SegmentedRaftLog:OPENED:c-1:lastnull, conf=conf: {index: -1, cur=peers:[s3|localhost:15072, s4|localhost:15076, s0|localhost:15060, s1|localhost:15064, s2|localhost:15068]|listeners:[], old=null} RUNNING
  s1:   CLOSED  FOLLOWER s1@group-CB01DB19C6AF:t1, leader=s4, voted=s4, raftlog=Memoized:s1@group-CB01DB19C6AF-SegmentedRaftLog:CLOSED:c0, conf=conf: {index: 0, cur=peers:[s3|localhost:15072, s4|localhost:15076, s0|localhost:15060, s1|localhost:15064, s2|localhost:15068]|listeners:[], old=null} CLOSED
  s2:   CLOSED  FOLLOWER s2@group-CB01DB19C6AF:t1, leader=s4, voted=s4, raftlog=Memoized:s2@group-CB01DB19C6AF-SegmentedRaftLog:CLOSED:c0, conf=conf: {index: 0, cur=peers:[s3|localhost:15072, s4|localhost:15076, s0|localhost:15060, s1|localhost:15064, s2|localhost:15068]|listeners:[], old=null} CLOSED
2024-10-20 10:36:02,376 [main] ERROR impl.MiniRaftCluster (MiniRaftCluster.java:runWithNewCluster(147)) - Failed org.apache.ratis.server.impl.MiniRaftCluster$Factory$Get.runWithNewCluster(MiniRaftCluster.java:121)
org.opentest4j.AssertionFailedError: expected: <true> but was: <false>
	at org.junit.jupiter.api.AssertionFailureBuilder.build(AssertionFailureBuilder.java:151)
	at org.junit.jupiter.api.AssertionFailureBuilder.buildAndThrow(AssertionFailureBuilder.java:132)
	at org.junit.jupiter.api.AssertTrue.failNotTrue(AssertTrue.java:63)
	at org.junit.jupiter.api.AssertTrue.assertTrue(AssertTrue.java:36)
	at org.junit.jupiter.api.AssertTrue.assertTrue(AssertTrue.java:31)
	at org.junit.jupiter.api.Assertions.assertTrue(Assertions.java:183)
	at org.apache.ratis.RaftBasicTests.runTestOldLeaderCommit(RaftBasicTests.java:193)
	at org.apache.ratis.server.impl.MiniRaftCluster$Factory$Get.runWithNewCluster(MiniRaftCluster.java:144)
	at org.apache.ratis.server.impl.MiniRaftCluster$Factory$Get.runWithNewCluster(MiniRaftCluster.java:121)
	at org.apache.ratis.RaftBasicTests.testOldLeaderCommit(RaftBasicTests.java:173)
	at sun.reflect.NativeMethodAccessorImpl.invoke0(Native Method)
	at sun.reflect.NativeMethodAccessorImpl.invoke(NativeMethodAccessorImpl.java:62)
	at sun.reflect.DelegatingMethodAccessorImpl.invoke(DelegatingMethodAccessorImpl.java:43)
	at java.lang.reflect.Method.invoke(Method.java:498)
	at org.junit.platform.commons.util.ReflectionUtils.invokeMethod(ReflectionUtils.java:766)
	at org.junit.jupiter.engine.execution.MethodInvocation.proceed(MethodInvocation.java:60)
	at org.junit.jupiter.engine.execution.InvocationInterceptorChain$ValidatingInvocation.proceed(InvocationInterceptorChain.java:131)
	at org.junit.jupiter.engine.extension.SameThreadTimeoutInvocation.proceed(SameThreadTimeoutInvocation.java:45)
	at org.junit.jupiter.engine.extension.TimeoutExtension.intercept(TimeoutExtension.java:156)
	at org.junit.jupiter.engine.extension.TimeoutExtension.interceptTestableMethod(TimeoutExtension.java:147)
	at org.junit.jupiter.engine.extension.TimeoutExtension.interceptTestMethod(TimeoutExtension.java:86)
	at org.junit.jupiter.engine.execution.InterceptingExecutableInvoker$ReflectiveInterceptorCall.lambda$ofVoidMethod$0(InterceptingExecutableInvoker.java:103)
	at org.junit.jupiter.engine.execution.InterceptingExecutableInvoker.lambda$invoke$0(InterceptingExecutableInvoker.java:93)
	at org.junit.jupiter.engine.execution.InvocationInterceptorChain$InterceptedInvocation.proceed(InvocationInterceptorChain.java:106)
	at org.junit.jupiter.engine.execution.InvocationInterceptorChain.proceed(InvocationInterceptorChain.java:64)
	at org.junit.jupiter.engine.execution.InvocationInterceptorChain.chainAndInvoke(InvocationInterceptorChain.java:45)
	at org.junit.jupiter.engine.execution.InvocationInterceptorChain.invoke(InvocationInterceptorChain.java:37)
	at org.junit.jupiter.engine.execution.InterceptingExecutableInvoker.invoke(InterceptingExecutableInvoker.java:92)
	at org.junit.jupiter.engine.execution.InterceptingExecutableInvoker.invoke(InterceptingExecutableInvoker.java:86)
	at org.junit.jupiter.engine.descriptor.TestMethodTestDescriptor.lambda$invokeTestMethod$8(TestMethodTestDescriptor.java:217)
	at org.junit.platform.engine.support.hierarchical.ThrowableCollector.execute(ThrowableCollector.java:73)
	at org.junit.jupiter.engine.descriptor.TestMethodTestDescriptor.invokeTestMethod(TestMethodTestDescriptor.java:213)
	at org.junit.jupiter.engine.descriptor.TestMethodTestDescriptor.execute(TestMethodTestDescriptor.java:138)
	at org.junit.jupiter.engine.descriptor.TestMethodTestDescriptor.execute(TestMethodTestDescriptor.java:68)
	at org.junit.platform.engine.support.hierarchical.NodeTestTask.lambda$executeRecursively$6(NodeTestTask.java:156)
	at org.junit.platform.engine.support.hierarchical.ThrowableCollector.execute(ThrowableCollector.java:73)
	at org.junit.platform.engine.support.hierarchical.NodeTestTask.lambda$executeRecursively$8(NodeTestTask.java:146)
	at org.junit.platform.engine.support.hierarchical.Node.around(Node.java:137)
	at org.junit.platform.engine.support.hierarchical.NodeTestTask.lambda$executeRecursively$9(NodeTestTask.java:144)
	at org.junit.platform.engine.support.hierarchical.ThrowableCollector.execute(ThrowableCollector.java:73)
	at org.junit.platform.engine.support.hierarchical.NodeTestTask.executeRecursively(NodeTestTask.java:143)
	at org.junit.platform.engine.support.hierarchical.NodeTestTask.execute(NodeTestTask.java:100)
	at java.util.ArrayList.forEach(ArrayList.java:1259)
	at org.junit.platform.engine.support.hierarchical.SameThreadHierarchicalTestExecutorService.invokeAll(SameThreadHierarchicalTestExecutorService.java:41)
	at org.junit.platform.engine.support.hierarchical.NodeTestTask.lambda$executeRecursively$6(NodeTestTask.java:160)
	at org.junit.platform.engine.support.hierarchical.ThrowableCollector.execute(ThrowableCollector.java:73)
	at org.junit.platform.engine.support.hierarchical.NodeTestTask.lambda$executeRecursively$8(NodeTestTask.java:146)
	at org.junit.platform.engine.support.hierarchical.Node.around(Node.java:137)
	at org.junit.platform.engine.support.hierarchical.NodeTestTask.lambda$executeRecursively$9(NodeTestTask.java:144)
	at org.junit.platform.engine.support.hierarchical.ThrowableCollector.execute(ThrowableCollector.java:73)
	at org.junit.platform.engine.support.hierarchical.NodeTestTask.executeRecursively(NodeTestTask.java:143)
	at org.junit.platform.engine.support.hierarchical.NodeTestTask.execute(NodeTestTask.java:100)
	at java.util.ArrayList.forEach(ArrayList.java:1259)
	at org.junit.platform.engine.support.hierarchical.SameThreadHierarchicalTestExecutorService.invokeAll(SameThreadHierarchicalTestExecutorService.java:41)
	at org.junit.platform.engine.support.hierarchical.NodeTestTask.lambda$executeRecursively$6(NodeTestTask.java:160)
	at org.junit.platform.engine.support.hierarchical.ThrowableCollector.execute(ThrowableCollector.java:73)
	at org.junit.platform.engine.support.hierarchical.NodeTestTask.lambda$executeRecursively$8(NodeTestTask.java:146)
	at org.junit.platform.engine.support.hierarchical.Node.around(Node.java:137)
	at org.junit.platform.engine.support.hierarchical.NodeTestTask.lambda$executeRecursively$9(NodeTestTask.java:144)
	at org.junit.platform.engine.support.hierarchical.ThrowableCollector.execute(ThrowableCollector.java:73)
	at org.junit.platform.engine.support.hierarchical.NodeTestTask.executeRecursively(NodeTestTask.java:143)
	at org.junit.platform.engine.support.hierarchical.NodeTestTask.execute(NodeTestTask.java:100)
	at org.junit.platform.engine.support.hierarchical.SameThreadHierarchicalTestExecutorService.submit(SameThreadHierarchicalTestExecutorService.java:35)
	at org.junit.platform.engine.support.hierarchical.HierarchicalTestExecutor.execute(HierarchicalTestExecutor.java:57)
	at org.junit.platform.engine.support.hierarchical.HierarchicalTestEngine.execute(HierarchicalTestEngine.java:54)
	at org.junit.platform.launcher.core.EngineExecutionOrchestrator.execute(EngineExecutionOrchestrator.java:198)
	at org.junit.platform.launcher.core.EngineExecutionOrchestrator.execute(EngineExecutionOrchestrator.java:169)
	at org.junit.platform.launcher.core.EngineExecutionOrchestrator.execute(EngineExecutionOrchestrator.java:93)
	at org.junit.platform.launcher.core.EngineExecutionOrchestrator.lambda$execute$0(EngineExecutionOrchestrator.java:58)
	at org.junit.platform.launcher.core.EngineExecutionOrchestrator.withInterceptedStreams(EngineExecutionOrchestrator.java:141)
	at org.junit.platform.launcher.core.EngineExecutionOrchestrator.execute(EngineExecutionOrchestrator.java:57)
	at org.junit.platform.launcher.core.DefaultLauncher.execute(DefaultLauncher.java:103)
	at org.junit.platform.launcher.core.DefaultLauncher.execute(DefaultLauncher.java:85)
	at org.junit.platform.launcher.core.DelegatingLauncher.execute(DelegatingLauncher.java:47)
	at org.junit.platform.launcher.core.SessionPerRequestLauncher.execute(SessionPerRequestLauncher.java:63)
	at org.apache.maven.surefire.junitplatform.JUnitPlatformProvider.invokeAllTests(JUnitPlatformProvider.java:154)
	at org.apache.maven.surefire.junitplatform.JUnitPlatformProvider.invoke(JUnitPlatformProvider.java:123)
	at org.apache.maven.surefire.booter.ForkedBooter.runSuitesInProcess(ForkedBooter.java:377)
	at org.apache.maven.surefire.booter.ForkedBooter.execute(ForkedBooter.java:138)
	at org.apache.maven.surefire.booter.ForkedBooter.run(ForkedBooter.java:465)
	at org.apache.maven.surefire.booter.ForkedBooter.main(ForkedBooter.java:451)
2024-10-20 10:36:02,377 [main] INFO  impl.MiniRaftCluster (MiniRaftCluster.java:shutdown(847)) - ************************************************************** 
2024-10-20 10:36:02,377 [main] INFO  impl.MiniRaftCluster (MiniRaftCluster.java:shutdown(848)) - *** 
2024-10-20 10:36:02,378 [main] INFO  impl.MiniRaftCluster (MiniRaftCluster.java:shutdown(849)) - ***     Stopping MiniRaftClusterWithSimulatedRpc
2024-10-20 10:36:02,378 [main] INFO  impl.MiniRaftCluster (MiniRaftCluster.java:shutdown(850)) - *** 
2024-10-20 10:36:02,378 [main] INFO  impl.MiniRaftCluster (MiniRaftCluster.java:shutdown(851)) - ************************************************************** 
2024-10-20 10:36:02,378 [main] INFO  impl.MiniRaftCluster (MiniRaftCluster.java:shutdown(852)) - printing ALL groups
  s3:  RUNNING CANDIDATE s3@group-CB01DB19C6AF:t1, leader=null, voted=s4, raftlog=Memoized:s3@group-CB01DB19C6AF-SegmentedRaftLog:OPENED:c0:last(t:1, i:0), conf=conf: {index: 0, cur=peers:[s3|localhost:15072, s4|localhost:15076, s0|localhost:15060, s1|localhost:15064, s2|localhost:15068]|listeners:[], old=null} RUNNING
  s4:  RUNNING  FOLLOWER s4@group-CB01DB19C6AF:t1, leader=null, voted=s4, raftlog=Memoized:s4@group-CB01DB19C6AF-SegmentedRaftLog:OPENED:c0:last(t:1, i:0), conf=conf: {index: 0, cur=peers:[s3|localhost:15072, s4|localhost:15076, s0|localhost:15060, s1|localhost:15064, s2|localhost:15068]|listeners:[], old=null} RUNNING
  s0:  RUNNING  FOLLOWER s0@group-CB01DB19C6AF:t1, leader=null, voted=null, raftlog=Memoized:s0@group-CB01DB19C6AF-SegmentedRaftLog:OPENED:c-1:lastnull, conf=conf: {index: -1, cur=peers:[s3|localhost:15072, s4|localhost:15076, s0|localhost:15060, s1|localhost:15064, s2|localhost:15068]|listeners:[], old=null} RUNNING
  s1:   CLOSED  FOLLOWER s1@group-CB01DB19C6AF:t1, leader=s4, voted=s4, raftlog=Memoized:s1@group-CB01DB19C6AF-SegmentedRaftLog:CLOSED:c0, conf=conf: {index: 0, cur=peers:[s3|localhost:15072, s4|localhost:15076, s0|localhost:15060, s1|localhost:15064, s2|localhost:15068]|listeners:[], old=null} CLOSED
  s2:   CLOSED  FOLLOWER s2@group-CB01DB19C6AF:t1, leader=s4, voted=s4, raftlog=Memoized:s2@group-CB01DB19C6AF-SegmentedRaftLog:CLOSED:c0, conf=conf: {index: 0, cur=peers:[s3|localhost:15072, s4|localhost:15076, s0|localhost:15060, s1|localhost:15064, s2|localhost:15068]|listeners:[], old=null} CLOSED
2024-10-20 10:36:02,378 [MiniRaftCluster-16] INFO  server.RaftServer (RaftServerProxy.java:lambda$close$9(418)) - s3: close
2024-10-20 10:36:02,379 [MiniRaftCluster-17] INFO  server.RaftServer (RaftServerProxy.java:lambda$close$9(418)) - s4: close
2024-10-20 10:36:02,379 [s3-impl-thread1] INFO  server.RaftServer$Division (RaftServerImpl.java:lambda$close$1(515)) - s3@group-CB01DB19C6AF: shutdown
2024-10-20 10:36:02,379 [MiniRaftCluster-18] INFO  server.RaftServer (RaftServerProxy.java:lambda$close$9(418)) - s0: close
2024-10-20 10:36:02,379 [s3-impl-thread1] INFO  util.JmxRegister (JmxRegister.java:unregister(74)) - Successfully un-registered JMX Bean with object name Ratis:service=RaftServer,group=group-CB01DB19C6AF,id=s3
2024-10-20 10:36:02,379 [s3-impl-thread1] INFO  impl.RoleInfo (RoleInfo.java:shutdownLeaderElection(141)) - s3: shutdown s3@group-CB01DB19C6AF-LeaderElection9
2024-10-20 10:36:02,379 [s3-impl-thread1] INFO  impl.StateMachineUpdater (StateMachineUpdater.java:stopAndJoin(164)) - s3@group-CB01DB19C6AF-StateMachineUpdater: set stopIndex = 0
2024-10-20 10:36:02,380 [s3@group-CB01DB19C6AF-StateMachineUpdater] INFO  impl.StateMachineUpdater (StateMachineUpdater.java:stop(141)) - s3@group-CB01DB19C6AF-StateMachineUpdater: closing BaseStateMachine, lastApplied=(t:1, i:0)
2024-10-20 10:36:02,380 [s3-impl-thread1] INFO  raftlog.RaftLog (SegmentedRaftLog.java:close(567)) - Start closing s3@group-CB01DB19C6AF-SegmentedRaftLog:OPENED:c0:last(t:1, i:0)
2024-10-20 10:36:02,380 [HandlerDaemon-2] INFO  simulation.RequestHandler (RequestHandler.java:run(127)) - s3.clientHandler2 is interrupted by java.io.InterruptedIOException: 
2024-10-20 10:36:02,380 [HandlerDaemon-2] INFO  simulation.RequestHandler (RequestHandler.java:run(127)) - s0.clientHandler2 is interrupted by java.io.InterruptedIOException: 
2024-10-20 10:36:02,380 [s0-impl-thread1] INFO  server.RaftServer$Division (RaftServerImpl.java:lambda$close$1(515)) - s0@group-CB01DB19C6AF: shutdown
2024-10-20 10:36:02,380 [s4-impl-thread1] INFO  server.RaftServer$Division (RaftServerImpl.java:lambda$close$1(515)) - s4@group-CB01DB19C6AF: shutdown
2024-10-20 10:36:02,380 [HandlerDaemon-0] INFO  simulation.RequestHandler (RequestHandler.java:run(127)) - s4.clientHandler0 is interrupted by java.io.InterruptedIOException: 
2024-10-20 10:36:02,380 [HandlerDaemon-0] INFO  simulation.RequestHandler (RequestHandler.java:run(127)) - s3.clientHandler0 is interrupted by java.io.InterruptedIOException: 
2024-10-20 10:36:02,381 [HandlerDaemon-2] INFO  simulation.RequestHandler (RequestHandler.java:run(127)) - s4.clientHandler2 is interrupted by java.io.InterruptedIOException: 
2024-10-20 10:36:02,380 [HandlerDaemon-1] INFO  simulation.RequestHandler (RequestHandler.java:run(127)) - s3.clientHandler1 is interrupted by java.io.InterruptedIOException: 
2024-10-20 10:36:02,381 [HandlerDaemon-1] INFO  simulation.RequestHandler (RequestHandler.java:run(127)) - s4.clientHandler1 is interrupted by java.io.InterruptedIOException: 
2024-10-20 10:36:02,381 [HandlerDaemon-2] INFO  simulation.RequestHandler (RequestHandler.java:run(127)) - s3.serverHandler2 is interrupted by java.io.InterruptedIOException: 
2024-10-20 10:36:02,380 [s4-impl-thread1] INFO  util.JmxRegister (JmxRegister.java:unregister(74)) - Successfully un-registered JMX Bean with object name Ratis:service=RaftServer,group=group-CB01DB19C6AF,id=s4
2024-10-20 10:36:02,381 [s4-impl-thread1] INFO  impl.RoleInfo (RoleInfo.java:shutdownFollowerState(121)) - s4: shutdown s4@group-CB01DB19C6AF-FollowerState
2024-10-20 10:36:02,381 [s4-impl-thread1] INFO  impl.StateMachineUpdater (StateMachineUpdater.java:stopAndJoin(164)) - s4@group-CB01DB19C6AF-StateMachineUpdater: set stopIndex = 0
2024-10-20 10:36:02,381 [s4@group-CB01DB19C6AF-FollowerState] INFO  impl.FollowerState (FollowerState.java:runImpl(170)) - s4@group-CB01DB19C6AF-FollowerState was interrupted
2024-10-20 10:36:02,380 [s0-impl-thread1] INFO  util.JmxRegister (JmxRegister.java:unregister(74)) - Successfully un-registered JMX Bean with object name Ratis:service=RaftServer,group=group-CB01DB19C6AF,id=s0
2024-10-20 10:36:02,382 [s0-impl-thread1] INFO  impl.RoleInfo (RoleInfo.java:shutdownFollowerState(121)) - s0: shutdown s0@group-CB01DB19C6AF-FollowerState
2024-10-20 10:36:02,382 [s0-impl-thread1] INFO  impl.StateMachineUpdater (StateMachineUpdater.java:stopAndJoin(164)) - s0@group-CB01DB19C6AF-StateMachineUpdater: set stopIndex = -1
2024-10-20 10:36:02,380 [s3@group-CB01DB19C6AF-cacheEviction-AwaitToRun] INFO  util.AwaitToRun (AwaitToRun.java:run(49)) - s3@group-CB01DB19C6AF-cacheEviction-AwaitToRun-AwaitForSignal is interrupted
2024-10-20 10:36:02,380 [HandlerDaemon-1] INFO  simulation.RequestHandler (RequestHandler.java:run(127)) - s0.clientHandler1 is interrupted by java.io.InterruptedIOException: 
2024-10-20 10:36:02,380 [HandlerDaemon-0] INFO  simulation.RequestHandler (RequestHandler.java:run(127)) - s0.clientHandler0 is interrupted by java.io.InterruptedIOException: 
2024-10-20 10:36:02,382 [s3-impl-thread1] INFO  segmented.LogSegment (LogSegment.java:close(348)) - Successfully closed EntryCache-log_inprogress_0
2024-10-20 10:36:02,382 [s0@group-CB01DB19C6AF-StateMachineUpdater] INFO  impl.StateMachineUpdater (StateMachineUpdater.java:stop(141)) - s0@group-CB01DB19C6AF-StateMachineUpdater: closing BaseStateMachine, lastApplied=(t:0, i:~)
2024-10-20 10:36:02,382 [HandlerDaemon-2] INFO  simulation.RequestHandler (RequestHandler.java:run(127)) - s4.serverHandler2 is interrupted by java.io.InterruptedIOException: 
2024-10-20 10:36:02,382 [s0-impl-thread1] INFO  raftlog.RaftLog (SegmentedRaftLog.java:close(567)) - Start closing s0@group-CB01DB19C6AF-SegmentedRaftLog:OPENED:c-1:lastnull
2024-10-20 10:36:02,381 [s4@group-CB01DB19C6AF-StateMachineUpdater] INFO  impl.StateMachineUpdater (StateMachineUpdater.java:stop(141)) - s4@group-CB01DB19C6AF-StateMachineUpdater: closing BaseStateMachine, lastApplied=(t:1, i:0)
2024-10-20 10:36:02,381 [HandlerDaemon-1] INFO  simulation.RequestHandler (RequestHandler.java:run(127)) - s4.serverHandler1 is interrupted by java.io.InterruptedIOException: 
2024-10-20 10:36:02,381 [HandlerDaemon-0] INFO  simulation.RequestHandler (RequestHandler.java:run(127)) - s4.serverHandler0 is interrupted by java.io.InterruptedIOException: 
2024-10-20 10:36:02,381 [HandlerDaemon-0] INFO  simulation.RequestHandler (RequestHandler.java:run(127)) - s3.serverHandler0 is interrupted by java.io.InterruptedIOException: 
2024-10-20 10:36:02,381 [HandlerDaemon-1] INFO  simulation.RequestHandler (RequestHandler.java:run(127)) - s3.serverHandler1 is interrupted by java.io.InterruptedIOException: 
2024-10-20 10:36:02,383 [s4-impl-thread1] INFO  raftlog.RaftLog (SegmentedRaftLog.java:close(567)) - Start closing s4@group-CB01DB19C6AF-SegmentedRaftLog:OPENED:c0:last(t:1, i:0)
2024-10-20 10:36:02,382 [s0@group-CB01DB19C6AF-cacheEviction-AwaitToRun] INFO  util.AwaitToRun (AwaitToRun.java:run(49)) - s0@group-CB01DB19C6AF-cacheEviction-AwaitToRun-AwaitForSignal is interrupted
2024-10-20 10:36:02,383 [s4@group-CB01DB19C6AF-cacheEviction-AwaitToRun] INFO  util.AwaitToRun (AwaitToRun.java:run(49)) - s4@group-CB01DB19C6AF-cacheEviction-AwaitToRun-AwaitForSignal is interrupted
2024-10-20 10:36:02,383 [s4-impl-thread1] INFO  segmented.LogSegment (LogSegment.java:close(348)) - Successfully closed EntryCache-log_inprogress_0
2024-10-20 10:36:02,550 [s3@group-CB01DB19C6AF-LeaderElection9] INFO  impl.LeaderElection (LeaderElection.java:logAndReturn(90)) - s3@group-CB01DB19C6AF-LeaderElection9: PRE_VOTE REJECTED received 1 response(s) and 2 exception(s):
2024-10-20 10:36:02,550 [s3@group-CB01DB19C6AF-LeaderElection9] INFO  impl.LeaderElection (LeaderElection.java:logAndReturn(94)) -   Response 0: s3<-s4#0:OK-t1
2024-10-20 10:36:02,550 [s3@group-CB01DB19C6AF-LeaderElection9] INFO  impl.LeaderElection (LogUtils.java:infoOrTrace(136)) -   Exception 1: java.util.concurrent.ExecutionException: java.io.IOException: The peer s1 is not alive.
2024-10-20 10:36:02,550 [s3@group-CB01DB19C6AF-LeaderElection9] INFO  impl.LeaderElection (LogUtils.java:infoOrTrace(136)) -   Exception 2: java.util.concurrent.ExecutionException: java.io.IOException: The peer s2 is not alive.
2024-10-20 10:36:02,551 [s3@group-CB01DB19C6AF-LeaderElection9] INFO  impl.LeaderElection (LeaderElection.java:askForVotes(335)) - s3@group-CB01DB19C6AF-LeaderElection9 PRE_VOTE round 2: result REJECTED
2024-10-20 10:36:02,775 [s0-impl-thread1] INFO  segmented.SegmentedRaftLogWorker (SegmentedRaftLogWorker.java:close(253)) - s0@group-CB01DB19C6AF-SegmentedRaftLogWorker close()
2024-10-20 10:36:02,775 [s0-impl-thread1] INFO  raftlog.RaftLog (SegmentedRaftLog.java:close(575)) - Successfully closed s0@group-CB01DB19C6AF-SegmentedRaftLog:CLOSED:c-1
2024-10-20 10:36:02,956 [s4-impl-thread1] INFO  segmented.SegmentedRaftLogWorker (SegmentedRaftLogWorker.java:close(253)) - s4@group-CB01DB19C6AF-SegmentedRaftLogWorker close()
2024-10-20 10:36:02,957 [s3-impl-thread1] INFO  segmented.SegmentedRaftLogWorker (SegmentedRaftLogWorker.java:close(253)) - s3@group-CB01DB19C6AF-SegmentedRaftLogWorker close()
2024-10-20 10:36:02,957 [s4-impl-thread1] INFO  raftlog.RaftLog (SegmentedRaftLog.java:close(575)) - Successfully closed s4@group-CB01DB19C6AF-SegmentedRaftLog:CLOSED:c0
2024-10-20 10:36:02,957 [s3-impl-thread1] INFO  raftlog.RaftLog (SegmentedRaftLog.java:close(575)) - Successfully closed s3@group-CB01DB19C6AF-SegmentedRaftLog:CLOSED:c0
2024-10-20 10:36:02,957 [JvmPauseMonitor29] INFO  util.JvmPauseMonitor (JvmPauseMonitor.java:run(152)) - JvmPauseMonitor-s4: Stopped
2024-10-20 10:36:02,960 [JvmPauseMonitor28] INFO  util.JvmPauseMonitor (JvmPauseMonitor.java:run(152)) - JvmPauseMonitor-s3: Stopped
2024-10-20 10:36:03,379 [main] WARN  impl.MiniRaftCluster (MiniRaftCluster.java:shutdown(872)) - 1/30: Not yet able to shutdown executor, will wait again ...
2024-10-20 10:36:04,380 [main] WARN  impl.MiniRaftCluster (MiniRaftCluster.java:shutdown(872)) - 2/30: Not yet able to shutdown executor, will wait again ...
2024-10-20 10:36:05,380 [main] WARN  impl.MiniRaftCluster (MiniRaftCluster.java:shutdown(872)) - 3/30: Not yet able to shutdown executor, will wait again ...
2024-10-20 10:36:05,383 [JvmPauseMonitor30] INFO  util.JvmPauseMonitor (JvmPauseMonitor.java:run(152)) - JvmPauseMonitor-s0: Stopped
2024-10-20 10:36:05,383 [main] INFO  impl.MiniRaftCluster (MiniRaftCluster.java:shutdown(885)) - MiniRaftClusterWithSimulatedRpc shutdown completed
2024-10-20 10:36:05,383 [main] INFO  ratis.RaftTestUtil (RaftTestUtil.java:gc(596)) - gc 0
]]></system-out>
  </testcase>
  <testcase name="testWithLoad" classname="org.apache.ratis.server.simulation.TestRaftWithSimulatedRpc" time="50.241"/>
  <testcase name="testOldLeaderNotCommit" classname="org.apache.ratis.server.simulation.TestRaftWithSimulatedRpc" time="6.789"/>
</testsuite>