<?xml version="1.0" encoding="UTF-8"?>
<testsuite xmlns:xsi="http://www.w3.org/2001/XMLSchema-instance" xsi:noNamespaceSchemaLocation="https://maven.apache.org/surefire/maven-surefire-plugin/xsd/surefire-test-report-3.0.xsd" version="3.0" name="org.apache.ratis.examples.arithmetic.TestArithmetic" time="65.22" tests="6" errors="6" skipped="0" failures="0">
  <properties>
    <property name="awt.toolkit" value="sun.awt.X11.XToolkit"/>
    <property name="file.encoding.pkg" value="sun.io"/>
    <property name="java.specification.version" value="1.8"/>
    <property name="sun.cpu.isalist" value=""/>
    <property name="sun.jnu.encoding" value="UTF-8"/>
    <property name="java.class.path" value="/home/runner/work/ratis/ratis/ratis-examples/target/test-classes:/home/runner/work/ratis/ratis/ratis-examples/target/classes:/home/runner/.m2/repository/org/apache/ratis/ratis-thirdparty-misc/1.0.6/ratis-thirdparty-misc-1.0.6.jar:/home/runner/work/ratis/ratis/ratis-proto/target/classes:/home/runner/work/ratis/ratis/ratis-tools/target/classes:/home/runner/work/ratis/ratis/ratis-common/target/classes:/home/runner/work/ratis/ratis/ratis-common/target/test-classes:/home/runner/work/ratis/ratis/ratis-client/target/classes:/home/runner/work/ratis/ratis/ratis-server/target/classes:/home/runner/work/ratis/ratis/ratis-server-api/target/classes:/home/runner/work/ratis/ratis/ratis-metrics-api/target/classes:/home/runner/work/ratis/ratis/ratis-server/target/test-classes:/home/runner/work/ratis/ratis/ratis-metrics-default/target/classes:/home/runner/work/ratis/ratis/ratis-grpc/target/classes:/home/runner/work/ratis/ratis/ratis-grpc/target/test-classes:/home/runner/work/ratis/ratis/ratis-netty/target/classes:/home/runner/work/ratis/ratis/ratis-netty/target/test-classes:/home/runner/work/ratis/ratis/ratis-test/target/test-classes:/home/runner/.m2/repository/com/beust/jcommander/1.82/jcommander-1.82.jar:/home/runner/.m2/repository/org/slf4j/slf4j-api/2.0.7/slf4j-api-2.0.7.jar:/home/runner/.m2/repository/org/slf4j/slf4j-reload4j/2.0.7/slf4j-reload4j-2.0.7.jar:/home/runner/.m2/repository/ch/qos/reload4j/reload4j/1.2.22/reload4j-1.2.22.jar:/home/runner/.m2/repository/junit/junit/4.13.2/junit-4.13.2.jar:/home/runner/.m2/repository/org/hamcrest/hamcrest-core/1.3/hamcrest-core-1.3.jar:/home/runner/.m2/repository/org/junit/jupiter/junit-jupiter-engine/5.11.2/junit-jupiter-engine-5.11.2.jar:/home/runner/.m2/repository/org/junit/platform/junit-platform-engine/1.11.2/junit-platform-engine-1.11.2.jar:/home/runner/.m2/repository/org/apiguardian/apiguardian-api/1.1.2/apiguardian-api-1.1.2.jar:/home/runner/.m2/repository/org/junit/jupiter/junit-jupiter-api/5.11.2/junit-jupiter-api-5.11.2.jar:/home/runner/.m2/repository/org/opentest4j/opentest4j/1.3.0/opentest4j-1.3.0.jar:/home/runner/.m2/repository/org/junit/platform/junit-platform-commons/1.11.2/junit-platform-commons-1.11.2.jar:/home/runner/.m2/repository/org/junit/jupiter/junit-jupiter-params/5.11.2/junit-jupiter-params-5.11.2.jar:"/>
    <property name="java.vm.vendor" value="Temurin"/>
    <property name="sun.arch.data.model" value="64"/>
    <property name="java.vendor.url" value="https://adoptium.net/"/>
    <property name="user.timezone" value="Etc/UTC"/>
    <property name="java.vm.specification.version" value="1.8"/>
    <property name="os.name" value="Linux"/>
    <property name="sun.java.launcher" value="SUN_STANDARD"/>
    <property name="sun.boot.library.path" value="/usr/lib/jvm/temurin-8-jdk-amd64/jre/lib/amd64"/>
    <property name="sun.java.command" value="/home/runner/work/ratis/ratis/ratis-examples/target/surefire/surefirebooter7644239783689003063.jar /home/runner/work/ratis/ratis/ratis-examples/target/surefire 2024-10-20T10-31-31_068-jvmRun1 surefire2056599833992288409tmp surefire_405230648588922033013tmp"/>
    <property name="surefire.test.class.path" value="/home/runner/work/ratis/ratis/ratis-examples/target/test-classes:/home/runner/work/ratis/ratis/ratis-examples/target/classes:/home/runner/.m2/repository/org/apache/ratis/ratis-thirdparty-misc/1.0.6/ratis-thirdparty-misc-1.0.6.jar:/home/runner/work/ratis/ratis/ratis-proto/target/classes:/home/runner/work/ratis/ratis/ratis-tools/target/classes:/home/runner/work/ratis/ratis/ratis-common/target/classes:/home/runner/work/ratis/ratis/ratis-common/target/test-classes:/home/runner/work/ratis/ratis/ratis-client/target/classes:/home/runner/work/ratis/ratis/ratis-server/target/classes:/home/runner/work/ratis/ratis/ratis-server-api/target/classes:/home/runner/work/ratis/ratis/ratis-metrics-api/target/classes:/home/runner/work/ratis/ratis/ratis-server/target/test-classes:/home/runner/work/ratis/ratis/ratis-metrics-default/target/classes:/home/runner/work/ratis/ratis/ratis-grpc/target/classes:/home/runner/work/ratis/ratis/ratis-grpc/target/test-classes:/home/runner/work/ratis/ratis/ratis-netty/target/classes:/home/runner/work/ratis/ratis/ratis-netty/target/test-classes:/home/runner/work/ratis/ratis/ratis-test/target/test-classes:/home/runner/.m2/repository/com/beust/jcommander/1.82/jcommander-1.82.jar:/home/runner/.m2/repository/org/slf4j/slf4j-api/2.0.7/slf4j-api-2.0.7.jar:/home/runner/.m2/repository/org/slf4j/slf4j-reload4j/2.0.7/slf4j-reload4j-2.0.7.jar:/home/runner/.m2/repository/ch/qos/reload4j/reload4j/1.2.22/reload4j-1.2.22.jar:/home/runner/.m2/repository/junit/junit/4.13.2/junit-4.13.2.jar:/home/runner/.m2/repository/org/hamcrest/hamcrest-core/1.3/hamcrest-core-1.3.jar:/home/runner/.m2/repository/org/junit/jupiter/junit-jupiter-engine/5.11.2/junit-jupiter-engine-5.11.2.jar:/home/runner/.m2/repository/org/junit/platform/junit-platform-engine/1.11.2/junit-platform-engine-1.11.2.jar:/home/runner/.m2/repository/org/apiguardian/apiguardian-api/1.1.2/apiguardian-api-1.1.2.jar:/home/runner/.m2/repository/org/junit/jupiter/junit-jupiter-api/5.11.2/junit-jupiter-api-5.11.2.jar:/home/runner/.m2/repository/org/opentest4j/opentest4j/1.3.0/opentest4j-1.3.0.jar:/home/runner/.m2/repository/org/junit/platform/junit-platform-commons/1.11.2/junit-platform-commons-1.11.2.jar:/home/runner/.m2/repository/org/junit/jupiter/junit-jupiter-params/5.11.2/junit-jupiter-params-5.11.2.jar:"/>
    <property name="sun.cpu.endian" value="little"/>
    <property name="user.home" value="/home/runner"/>
    <property name="user.language" value="en"/>
    <property name="java.specification.vendor" value="Oracle Corporation"/>
    <property name="java.home" value="/usr/lib/jvm/temurin-8-jdk-amd64/jre"/>
    <property name="basedir" value="/home/runner/work/ratis/ratis/ratis-examples"/>
    <property name="file.separator" value="/"/>
    <property name="line.separator" value="&#10;"/>
    <property name="java.vm.specification.vendor" value="Oracle Corporation"/>
    <property name="java.specification.name" value="Java Platform API Specification"/>
    <property name="java.awt.graphicsenv" value="sun.awt.X11GraphicsEnvironment"/>
    <property name="surefire.real.class.path" value="/home/runner/work/ratis/ratis/ratis-examples/target/surefire/surefirebooter7644239783689003063.jar:/home/runner/.m2/repository/org/jacoco/org.jacoco.agent/0.8.12/org.jacoco.agent-0.8.12-runtime.jar"/>
    <property name="sun.boot.class.path" value="/usr/lib/jvm/temurin-8-jdk-amd64/jre/lib/resources.jar:/usr/lib/jvm/temurin-8-jdk-amd64/jre/lib/rt.jar:/usr/lib/jvm/temurin-8-jdk-amd64/jre/lib/sunrsasign.jar:/usr/lib/jvm/temurin-8-jdk-amd64/jre/lib/jsse.jar:/usr/lib/jvm/temurin-8-jdk-amd64/jre/lib/jce.jar:/usr/lib/jvm/temurin-8-jdk-amd64/jre/lib/charsets.jar:/usr/lib/jvm/temurin-8-jdk-amd64/jre/lib/jfr.jar:/usr/lib/jvm/temurin-8-jdk-amd64/jre/classes"/>
    <property name="sun.management.compiler" value="HotSpot 64-Bit Tiered Compilers"/>
    <property name="java.runtime.version" value="1.8.0_422-b05"/>
    <property name="java.net.preferIPv4Stack" value="true"/>
    <property name="user.name" value="runner"/>
    <property name="path.separator" value=":"/>
    <property name="os.version" value="5.15.0-1073-azure"/>
    <property name="java.endorsed.dirs" value="/usr/lib/jvm/temurin-8-jdk-amd64/jre/lib/endorsed"/>
    <property name="java.runtime.name" value="OpenJDK Runtime Environment"/>
    <property name="file.encoding" value="UTF-8"/>
    <property name="java.vm.name" value="OpenJDK 64-Bit Server VM"/>
    <property name="localRepository" value="/home/runner/.m2/repository"/>
    <property name="java.vendor.url.bug" value="https://github.com/adoptium/adoptium-support/issues"/>
    <property name="java.io.tmpdir" value="/tmp"/>
    <property name="java.version" value="1.8.0_422"/>
    <property name="user.dir" value="/home/runner/work/ratis/ratis/ratis-examples"/>
    <property name="os.arch" value="amd64"/>
    <property name="ratis.tmp.dir" value="/home/runner/work/ratis/ratis/ratis-examples/target/tmp"/>
    <property name="java.vm.specification.name" value="Java Virtual Machine Specification"/>
    <property name="java.awt.printerjob" value="sun.print.PSPrinterJob"/>
    <property name="ratis.log.dir" value="/home/runner/work/ratis/ratis/ratis-examples/target/log"/>
    <property name="sun.os.patch.level" value="unknown"/>
    <property name="java.library.path" value="/usr/java/packages/lib/amd64:/usr/lib64:/lib64:/lib:/usr/lib"/>
    <property name="java.vm.info" value="mixed mode"/>
    <property name="java.vendor" value="Temurin"/>
    <property name="java.vm.version" value="25.422-b05"/>
    <property name="java.specification.maintenance.version" value="5"/>
    <property name="java.ext.dirs" value="/usr/lib/jvm/temurin-8-jdk-amd64/jre/lib/ext:/usr/java/packages/lib/ext"/>
    <property name="sun.io.unicode.encoding" value="UnicodeLittle"/>
    <property name="java.class.version" value="52.0"/>
  </properties>
  <testcase name="testPythagorean(MiniRaftCluster)[1]" classname="org.apache.ratis.examples.arithmetic.TestArithmetic" time="34.674">
    <error type="org.junit.platform.commons.JUnitException"><![CDATA[org.junit.platform.commons.JUnitException: Failed to close extension context
	at java.util.stream.ForEachOps$ForEachOp$OfRef.accept(ForEachOps.java:183)
	at java.util.stream.ReferencePipeline$3$1.accept(ReferencePipeline.java:193)
	at java.util.stream.ReferencePipeline$2$1.accept(ReferencePipeline.java:175)
	at java.util.stream.ReferencePipeline$3$1.accept(ReferencePipeline.java:193)
	at java.util.stream.ForEachOps$ForEachOp$OfRef.accept(ForEachOps.java:183)
	at java.util.stream.ReferencePipeline$3$1.accept(ReferencePipeline.java:193)
	at java.util.stream.ForEachOps$ForEachOp$OfRef.accept(ForEachOps.java:183)
	at java.util.stream.ForEachOps$ForEachOp$OfRef.accept(ForEachOps.java:183)
	at java.util.stream.ReferencePipeline$3$1.accept(ReferencePipeline.java:193)
	at java.util.ArrayList$ArrayListSpliterator.forEachRemaining(ArrayList.java:1384)
	at java.util.stream.ReferencePipeline$Head.forEach(ReferencePipeline.java:647)
	at java.util.stream.ReferencePipeline$7$1.accept(ReferencePipeline.java:272)
	at java.util.stream.ReferencePipeline$3$1.accept(ReferencePipeline.java:193)
	at java.util.stream.ReferencePipeline$3$1.accept(ReferencePipeline.java:193)
	at java.util.stream.ReferencePipeline$3$1.accept(ReferencePipeline.java:193)
	at java.util.Spliterators$ArraySpliterator.forEachRemaining(Spliterators.java:948)
	at java.util.stream.AbstractPipeline.copyInto(AbstractPipeline.java:482)
	at java.util.stream.AbstractPipeline.wrapAndCopyInto(AbstractPipeline.java:472)
	at java.util.stream.ForEachOps$ForEachOp.evaluateSequential(ForEachOps.java:150)
	at java.util.stream.ForEachOps$ForEachOp$OfRef.evaluateSequential(ForEachOps.java:173)
	at java.util.stream.AbstractPipeline.evaluate(AbstractPipeline.java:234)
	at java.util.stream.ReferencePipeline.forEach(ReferencePipeline.java:485)
	at java.util.stream.ReferencePipeline$7$1.accept(ReferencePipeline.java:272)
	at java.util.ArrayList$ArrayListSpliterator.forEachRemaining(ArrayList.java:1384)
	at java.util.stream.AbstractPipeline.copyInto(AbstractPipeline.java:482)
	at java.util.stream.AbstractPipeline.wrapAndCopyInto(AbstractPipeline.java:472)
	at java.util.stream.ForEachOps$ForEachOp.evaluateSequential(ForEachOps.java:150)
	at java.util.stream.ForEachOps$ForEachOp$OfRef.evaluateSequential(ForEachOps.java:173)
	at java.util.stream.AbstractPipeline.evaluate(AbstractPipeline.java:234)
	at java.util.stream.ReferencePipeline.forEach(ReferencePipeline.java:485)
	at java.util.stream.ReferencePipeline$7$1.accept(ReferencePipeline.java:272)
	at java.util.stream.ReferencePipeline$3$1.accept(ReferencePipeline.java:193)
	at java.util.stream.ReferencePipeline$3$1.accept(ReferencePipeline.java:193)
	at java.util.stream.ReferencePipeline$3$1.accept(ReferencePipeline.java:193)
	at java.util.ArrayList$ArrayListSpliterator.forEachRemaining(ArrayList.java:1384)
	at java.util.stream.AbstractPipeline.copyInto(AbstractPipeline.java:482)
	at java.util.stream.AbstractPipeline.wrapAndCopyInto(AbstractPipeline.java:472)
	at java.util.stream.ForEachOps$ForEachOp.evaluateSequential(ForEachOps.java:150)
	at java.util.stream.ForEachOps$ForEachOp$OfRef.evaluateSequential(ForEachOps.java:173)
	at java.util.stream.AbstractPipeline.evaluate(AbstractPipeline.java:234)
	at java.util.stream.ReferencePipeline.forEach(ReferencePipeline.java:485)
	at java.util.stream.ReferencePipeline$7$1.accept(ReferencePipeline.java:272)
	at java.util.ArrayList$ArrayListSpliterator.forEachRemaining(ArrayList.java:1384)
	at java.util.stream.AbstractPipeline.copyInto(AbstractPipeline.java:482)
	at java.util.stream.AbstractPipeline.wrapAndCopyInto(AbstractPipeline.java:472)
	at java.util.stream.ForEachOps$ForEachOp.evaluateSequential(ForEachOps.java:150)
	at java.util.stream.ForEachOps$ForEachOp$OfRef.evaluateSequential(ForEachOps.java:173)
	at java.util.stream.AbstractPipeline.evaluate(AbstractPipeline.java:234)
	at java.util.stream.ReferencePipeline.forEach(ReferencePipeline.java:485)
	at java.util.ArrayList.forEach(ArrayList.java:1259)
	at java.util.ArrayList.forEach(ArrayList.java:1259)
Caused by: java.lang.IllegalStateException: #leaks = 1 > 0, #leaks == set.size = 1
	at org.apache.ratis.util.Preconditions.assertTrue(Preconditions.java:77)
	at org.apache.ratis.util.LeakDetector$LeakTrackerSet.assertNoLeaks(LeakDetector.java:100)
	at org.apache.ratis.util.LeakDetector$LeakTrackerSet.getNumLeaks(LeakDetector.java:94)
	at org.apache.ratis.util.LeakDetector.assertNoLeaks(LeakDetector.java:174)
	at org.apache.ratis.server.impl.MiniRaftCluster.shutdown(MiniRaftCluster.java:894)
	at org.apache.ratis.server.impl.MiniRaftCluster.close(MiniRaftCluster.java:843)
	at java.util.stream.ForEachOps$ForEachOp$OfRef.accept(ForEachOps.java:183)
	at java.util.ArrayList.forEach(ArrayList.java:1259)
	at java.util.stream.SortedOps$RefSortingSink.end(SortedOps.java:395)
	at java.util.stream.Sink$ChainedReference.end(Sink.java:258)
	at java.util.stream.Sink$ChainedReference.end(Sink.java:258)
	at java.util.stream.AbstractPipeline.copyInto(AbstractPipeline.java:483)
	at java.util.stream.AbstractPipeline.wrapAndCopyInto(AbstractPipeline.java:472)
	at java.util.stream.ForEachOps$ForEachOp.evaluateSequential(ForEachOps.java:150)
	at java.util.stream.ForEachOps$ForEachOp$OfRef.evaluateSequential(ForEachOps.java:173)
	at java.util.stream.AbstractPipeline.evaluate(AbstractPipeline.java:234)
	at java.util.stream.ReferencePipeline.forEach(ReferencePipeline.java:485)
	... 51 more
]]></error>
    <system-out><![CDATA[2024-10-20 10:37:05,636 INFO  simulation.MiniRaftClusterWithSimulatedRpc (ConfUtils.java:logGet(46)) - org.apache.ratis.server.simulation.SimulatedRequestReply.simulateLatencyMs = 150 (default)
2024-10-20 10:37:05,767 INFO  impl.MiniRaftCluster (MiniRaftCluster.java:<init>(319)) - new MiniRaftClusterWithSimulatedRpc with group-0BB98DB08B7D:[s0|localhost:15000, s1|localhost:15004, s2|localhost:15008]
2024-10-20 10:37:05,782 INFO  impl.MiniRaftCluster (MiniRaftCluster.java:<init>(319)) - new MiniRaftClusterWithGrpc with group-8AA81035B6F9:[s3|localhost:15012, s4|localhost:15016, s5|localhost:15020]
2024-10-20 10:37:05,790 INFO  impl.MiniRaftCluster (MiniRaftCluster.java:<init>(319)) - new MiniRaftClusterWithNetty with group-BB08824C268C:[s6|localhost:15024, s7|localhost:15028, s8|localhost:15032]
2024-10-20 10:37:05,790 INFO  examples.ParameterizedBaseTest (ParameterizedBaseTest.java:getMiniRaftClusters(109)) - 0: MiniRaftClusterWithSimulatedRpc
2024-10-20 10:37:05,791 INFO  examples.ParameterizedBaseTest (ParameterizedBaseTest.java:getMiniRaftClusters(109)) - 1: MiniRaftClusterWithGrpc
2024-10-20 10:37:05,791 INFO  examples.ParameterizedBaseTest (ParameterizedBaseTest.java:getMiniRaftClusters(109)) - 2: MiniRaftClusterWithNetty
2024-10-20 10:37:05,791 INFO  examples.ParameterizedBaseTest (ParameterizedBaseTest.java:getMiniRaftClusters(111)) - #clusters = 3
2024-10-20 10:37:05,820 INFO  util.LogUtils (Slf4jUtils.java:setLogLevel(38)) - Successfully set org.apache.ratis.conf.ConfUtils log level to WARN
2024-10-20 10:37:05,824 INFO  util.LogUtils (Slf4jUtils.java:setLogLevel(38)) - Successfully set org.apache.ratis.util.FileUtils log level to TRACE
2024-10-20 10:37:05,826 INFO  util.LogUtils (Slf4jUtils.java:setLogLevel(38)) - Successfully set org.apache.ratis.statemachine.StateMachine log level to DEBUG
2024-10-20 10:37:05,846 INFO  impl.MiniRaftCluster (MiniRaftCluster.java:start(352)) - .............................................................. 
2024-10-20 10:37:05,847 INFO  impl.MiniRaftCluster (MiniRaftCluster.java:start(353)) - ... 
2024-10-20 10:37:05,847 INFO  impl.MiniRaftCluster (MiniRaftCluster.java:start(354)) - ...     Starting MiniRaftClusterWithSimulatedRpc
2024-10-20 10:37:05,847 INFO  impl.MiniRaftCluster (MiniRaftCluster.java:start(355)) - ... 
2024-10-20 10:37:05,848 INFO  impl.MiniRaftCluster (MiniRaftCluster.java:start(356)) - .............................................................. 
2024-10-20 10:37:05,848 INFO  impl.MiniRaftCluster (MiniRaftCluster.java:initServers(331)) - servers = {}
2024-10-20 10:37:05,856 INFO  impl.MiniRaftCluster (MiniRaftCluster.java:newRaftServer(396)) - newRaftServer: s0, group-0BB98DB08B7D:[s0|localhost:15000, s1|localhost:15004, s2|localhost:15008], format? true
2024-10-20 10:37:05,858 TRACE util.FileUtils (FileUtils.java:deleteFully(305)) - deleteFully target/test/data/ae2ce7d8/MiniRaftClusterWithSimulatedRpc5c63eeb3/s0
2024-10-20 10:37:05,860 TRACE util.FileUtils (FileUtils.java:deleteFully(318)) - deleteFully: target/test/data/ae2ce7d8/MiniRaftClusterWithSimulatedRpc5c63eeb3/s0 does not exist.
2024-10-20 10:37:05,861 INFO  impl.MiniRaftCluster (MiniRaftCluster.java:newRaftServer(401)) - Formatted directory target/test/data/ae2ce7d8/MiniRaftClusterWithSimulatedRpc5c63eeb3/s0
2024-10-20 10:37:05,880 INFO  server.RaftServer (ConfUtils.java:logGet(46)) - raft.rpc.type = org.apache.ratis.server.simulation.SimulatedRpc (custom)
2024-10-20 10:37:05,903 INFO  impl.DataStreamServerImpl (ConfUtils.java:logGet(46)) - raft.datastream.type = DISABLED (default)
2024-10-20 10:37:05,906 INFO  server.RaftServerConfigKeys (ConfUtils.java:logGet(46)) - raft.server.sleep.deviation.threshold = 300ms (default)
2024-10-20 10:37:05,907 INFO  server.RaftServerConfigKeys (ConfUtils.java:logGet(46)) - raft.server.close.threshold = 60s (default)
2024-10-20 10:37:05,908 INFO  server.RaftServerConfigKeys (ConfUtils.java:logGet(46)) - raft.server.leaderelection.leader.step-down.wait-time = 10s (default)
2024-10-20 10:37:05,937 INFO  server.RaftServerConfigKeys (ConfUtils.java:logGet(46)) - raft.server.storage.dir = [/home/runner/work/ratis/ratis/ratis-examples/target/test/data/ae2ce7d8/MiniRaftClusterWithSimulatedRpc5c63eeb3/s0] (custom)
2024-10-20 10:37:05,940 INFO  server.RaftServerConfigKeys (ConfUtils.java:logGet(46)) - raft.server.threadpool.proxy.cached = true (default)
2024-10-20 10:37:05,941 INFO  server.RaftServerConfigKeys (ConfUtils.java:logGet(46)) - raft.server.threadpool.proxy.size = 0 (default)
2024-10-20 10:37:05,958 INFO  server.RaftServer (RaftServerProxy.java:addNew(101)) - s0: addNew group-0BB98DB08B7D:[s0|localhost:15000, s1|localhost:15004, s2|localhost:15008] returns group-0BB98DB08B7D:java.util.concurrent.CompletableFuture@459cfcca[Not completed]
2024-10-20 10:37:05,958 INFO  impl.MiniRaftCluster (MiniRaftCluster.java:newRaftServer(396)) - newRaftServer: s1, group-0BB98DB08B7D:[s0|localhost:15000, s1|localhost:15004, s2|localhost:15008], format? true
2024-10-20 10:37:05,959 TRACE util.FileUtils (FileUtils.java:deleteFully(305)) - deleteFully target/test/data/ae2ce7d8/MiniRaftClusterWithSimulatedRpc5c63eeb3/s1
2024-10-20 10:37:05,959 TRACE util.FileUtils (FileUtils.java:deleteFully(318)) - deleteFully: target/test/data/ae2ce7d8/MiniRaftClusterWithSimulatedRpc5c63eeb3/s1 does not exist.
2024-10-20 10:37:05,960 INFO  impl.MiniRaftCluster (MiniRaftCluster.java:newRaftServer(401)) - Formatted directory target/test/data/ae2ce7d8/MiniRaftClusterWithSimulatedRpc5c63eeb3/s1
2024-10-20 10:37:05,961 INFO  server.RaftServer (ConfUtils.java:logGet(46)) - raft.rpc.type = org.apache.ratis.server.simulation.SimulatedRpc (custom)
2024-10-20 10:37:05,962 INFO  impl.DataStreamServerImpl (ConfUtils.java:logGet(46)) - raft.datastream.type = DISABLED (default)
2024-10-20 10:37:05,962 INFO  server.RaftServerConfigKeys (ConfUtils.java:logGet(46)) - raft.server.sleep.deviation.threshold = 300ms (default)
2024-10-20 10:37:05,963 INFO  server.RaftServerConfigKeys (ConfUtils.java:logGet(46)) - raft.server.close.threshold = 60s (default)
2024-10-20 10:37:05,963 INFO  server.RaftServerConfigKeys (ConfUtils.java:logGet(46)) - raft.server.leaderelection.leader.step-down.wait-time = 10s (default)
2024-10-20 10:37:05,964 INFO  server.RaftServerConfigKeys (ConfUtils.java:logGet(46)) - raft.server.storage.dir = [/home/runner/work/ratis/ratis/ratis-examples/target/test/data/ae2ce7d8/MiniRaftClusterWithSimulatedRpc5c63eeb3/s1] (custom)
2024-10-20 10:37:05,964 INFO  server.RaftServerConfigKeys (ConfUtils.java:logGet(46)) - raft.server.threadpool.proxy.cached = true (default)
2024-10-20 10:37:05,965 INFO  server.RaftServerConfigKeys (ConfUtils.java:logGet(46)) - raft.server.threadpool.proxy.size = 0 (default)
2024-10-20 10:37:05,974 INFO  server.RaftServer (RaftServerProxy.java:addNew(101)) - s1: addNew group-0BB98DB08B7D:[s0|localhost:15000, s1|localhost:15004, s2|localhost:15008] returns group-0BB98DB08B7D:java.util.concurrent.CompletableFuture@2c6aed22[Not completed]
2024-10-20 10:37:05,975 INFO  impl.MiniRaftCluster (MiniRaftCluster.java:newRaftServer(396)) - newRaftServer: s2, group-0BB98DB08B7D:[s0|localhost:15000, s1|localhost:15004, s2|localhost:15008], format? true
2024-10-20 10:37:05,975 TRACE util.FileUtils (FileUtils.java:deleteFully(305)) - deleteFully target/test/data/ae2ce7d8/MiniRaftClusterWithSimulatedRpc5c63eeb3/s2
2024-10-20 10:37:05,976 INFO  server.RaftServer$Division (RaftServerImpl.java:<init>(257)) - s1: new RaftServerImpl for group-0BB98DB08B7D:[s0|localhost:15000, s1|localhost:15004, s2|localhost:15008] with ArithmeticStateMachine:uninitialized
2024-10-20 10:37:05,976 TRACE util.FileUtils (FileUtils.java:deleteFully(318)) - deleteFully: target/test/data/ae2ce7d8/MiniRaftClusterWithSimulatedRpc5c63eeb3/s2 does not exist.
2024-10-20 10:37:05,976 INFO  impl.MiniRaftCluster (MiniRaftCluster.java:newRaftServer(401)) - Formatted directory target/test/data/ae2ce7d8/MiniRaftClusterWithSimulatedRpc5c63eeb3/s2
2024-10-20 10:37:05,975 INFO  server.RaftServer$Division (RaftServerImpl.java:<init>(257)) - s0: new RaftServerImpl for group-0BB98DB08B7D:[s0|localhost:15000, s1|localhost:15004, s2|localhost:15008] with ArithmeticStateMachine:uninitialized
2024-10-20 10:37:05,977 INFO  server.RaftServer (ConfUtils.java:logGet(46)) - raft.rpc.type = org.apache.ratis.server.simulation.SimulatedRpc (custom)
2024-10-20 10:37:05,979 INFO  impl.DataStreamServerImpl (ConfUtils.java:logGet(46)) - raft.datastream.type = DISABLED (default)
2024-10-20 10:37:05,979 INFO  server.RaftServerConfigKeys (ConfUtils.java:logGet(46)) - raft.server.sleep.deviation.threshold = 300ms (default)
2024-10-20 10:37:05,979 INFO  server.RaftServerConfigKeys (ConfUtils.java:logGet(46)) - raft.server.rpc.timeout.min = 300ms (custom)
2024-10-20 10:37:05,980 INFO  server.RaftServerConfigKeys (ConfUtils.java:logGet(46)) - raft.server.rpc.timeout.max = 600ms (custom)
2024-10-20 10:37:05,979 INFO  server.RaftServerConfigKeys (ConfUtils.java:logGet(46)) - raft.server.rpc.timeout.min = 300ms (custom)
2024-10-20 10:37:05,980 INFO  server.RaftServerConfigKeys (ConfUtils.java:logGet(46)) - raft.server.rpc.sleep.time = 25ms (default)
2024-10-20 10:37:05,980 INFO  server.RaftServerConfigKeys (ConfUtils.java:logGet(46)) - raft.server.close.threshold = 60s (default)
2024-10-20 10:37:05,981 INFO  server.RaftServerConfigKeys (ConfUtils.java:logGet(46)) - raft.server.rpc.slowness.timeout = 60s (default)
2024-10-20 10:37:05,980 INFO  server.RaftServerConfigKeys (ConfUtils.java:logGet(46)) - raft.server.rpc.timeout.max = 600ms (custom)
2024-10-20 10:37:05,981 INFO  server.RaftServerConfigKeys (ConfUtils.java:logGet(46)) - raft.server.rpc.sleep.time = 25ms (default)
2024-10-20 10:37:05,981 INFO  server.RaftServerConfigKeys (ConfUtils.java:logGet(46)) - raft.server.rpc.slowness.timeout = 60s (default)
2024-10-20 10:37:05,981 INFO  server.RaftServerConfigKeys (ConfUtils.java:logGet(46)) - raft.server.leaderelection.leader.step-down.wait-time = 10s (default)
2024-10-20 10:37:05,982 INFO  server.RaftServerConfigKeys (ConfUtils.java:logGet(46)) - raft.server.storage.dir = [/home/runner/work/ratis/ratis/ratis-examples/target/test/data/ae2ce7d8/MiniRaftClusterWithSimulatedRpc5c63eeb3/s2] (custom)
2024-10-20 10:37:05,982 INFO  server.RaftServerConfigKeys (ConfUtils.java:logGet(46)) - raft.server.threadpool.proxy.cached = true (default)
2024-10-20 10:37:05,983 INFO  server.RaftServerConfigKeys (ConfUtils.java:logGet(46)) - raft.server.threadpool.proxy.size = 0 (default)
2024-10-20 10:37:05,983 INFO  server.RaftServerConfigKeys (ConfUtils.java:logGet(46)) - raft.server.leaderelection.leader.step-down.wait-time = 10s (default)
2024-10-20 10:37:05,984 INFO  server.RaftServerConfigKeys (ConfUtils.java:logGet(46)) - raft.server.leaderelection.member.majority-add = false (default)
2024-10-20 10:37:05,984 INFO  server.RaftServerConfigKeys (ConfUtils.java:logGet(46)) - raft.server.sleep.deviation.threshold = 300ms (default)
2024-10-20 10:37:05,985 INFO  server.RaftServer (RaftServerProxy.java:addNew(101)) - s2: addNew group-0BB98DB08B7D:[s0|localhost:15000, s1|localhost:15004, s2|localhost:15008] returns group-0BB98DB08B7D:java.util.concurrent.CompletableFuture@2e5ee2c9[Not completed]
2024-10-20 10:37:05,989 INFO  server.RaftServer$Division (RaftServerImpl.java:<init>(257)) - s2: new RaftServerImpl for group-0BB98DB08B7D:[s0|localhost:15000, s1|localhost:15004, s2|localhost:15008] with ArithmeticStateMachine:uninitialized
2024-10-20 10:37:05,989 INFO  server.RaftServerConfigKeys (ConfUtils.java:logGet(46)) - raft.server.rpc.timeout.min = 300ms (custom)
2024-10-20 10:37:05,989 INFO  server.RaftServerConfigKeys (ConfUtils.java:logGet(46)) - raft.server.rpc.timeout.max = 600ms (custom)
2024-10-20 10:37:05,990 INFO  server.RaftServerConfigKeys (ConfUtils.java:logGet(46)) - raft.server.rpc.sleep.time = 25ms (default)
2024-10-20 10:37:05,990 INFO  server.RaftServerConfigKeys (ConfUtils.java:logGet(46)) - raft.server.rpc.slowness.timeout = 60s (default)
2024-10-20 10:37:05,990 INFO  server.RaftServerConfigKeys (ConfUtils.java:logGet(46)) - raft.server.leaderelection.leader.step-down.wait-time = 10s (default)
2024-10-20 10:37:05,990 INFO  server.RaftServerConfigKeys (ConfUtils.java:logGet(46)) - raft.server.leaderelection.member.majority-add = false (default)
2024-10-20 10:37:05,990 INFO  server.RaftServerConfigKeys (ConfUtils.java:logGet(46)) - raft.server.sleep.deviation.threshold = 300ms (default)
2024-10-20 10:37:05,981 INFO  server.RaftServerConfigKeys (ConfUtils.java:logGet(46)) - raft.server.leaderelection.leader.step-down.wait-time = 10s (default)
2024-10-20 10:37:05,991 INFO  server.RaftServerConfigKeys (ConfUtils.java:logGet(46)) - raft.server.leaderelection.member.majority-add = false (default)
2024-10-20 10:37:05,991 INFO  server.RaftServerConfigKeys (ConfUtils.java:logGet(46)) - raft.server.sleep.deviation.threshold = 300ms (default)
2024-10-20 10:37:05,994 INFO  server.RaftServer$Division (ServerState.java:<init>(114)) - s0@group-0BB98DB08B7D: ConfigurationManager, init=conf: {index: -1, cur=peers:[s0|localhost:15000, s1|localhost:15004, s2|localhost:15008]|listeners:[], old=null}, confs=<EMPTY_MAP>
2024-10-20 10:37:05,994 INFO  server.RaftServer$Division (ServerState.java:<init>(114)) - s1@group-0BB98DB08B7D: ConfigurationManager, init=conf: {index: -1, cur=peers:[s0|localhost:15000, s1|localhost:15004, s2|localhost:15008]|listeners:[], old=null}, confs=<EMPTY_MAP>
2024-10-20 10:37:05,994 INFO  server.RaftServer$Division (ServerState.java:<init>(114)) - s2@group-0BB98DB08B7D: ConfigurationManager, init=conf: {index: -1, cur=peers:[s0|localhost:15000, s1|localhost:15004, s2|localhost:15008]|listeners:[], old=null}, confs=<EMPTY_MAP>
2024-10-20 10:37:06,001 INFO  server.RaftServerConfigKeys (ConfUtils.java:logGet(46)) - raft.server.notification.no-leader.timeout = 60s (default)
2024-10-20 10:37:06,002 INFO  server.RaftServerConfigKeys (ConfUtils.java:logGet(46)) - raft.server.notification.no-leader.timeout = 60s (default)
2024-10-20 10:37:06,001 INFO  server.RaftServerConfigKeys (ConfUtils.java:logGet(46)) - raft.server.notification.no-leader.timeout = 60s (default)
2024-10-20 10:37:06,008 INFO  server.RaftServerConfigKeys (ConfUtils.java:logGet(46)) - raft.server.read.timeout = 10s (default)
2024-10-20 10:37:06,008 INFO  server.RaftServerConfigKeys (ConfUtils.java:logGet(46)) - raft.server.read.timeout = 10s (default)
2024-10-20 10:37:06,008 INFO  server.RaftServerConfigKeys (ConfUtils.java:logGet(46)) - raft.server.read.timeout = 10s (default)
2024-10-20 10:37:06,013 INFO  server.RaftServerConfigKeys (ConfUtils.java:logGet(46)) - raft.server.retrycache.expirytime = 60s (default)
2024-10-20 10:37:06,014 INFO  server.RaftServerConfigKeys (ConfUtils.java:logGet(46)) - raft.server.retrycache.expirytime = 60s (default)
2024-10-20 10:37:06,014 INFO  server.RaftServerConfigKeys (ConfUtils.java:logGet(46)) - raft.server.retrycache.expirytime = 60s (default)
2024-10-20 10:37:06,014 INFO  server.RaftServerConfigKeys (ConfUtils.java:logGet(46)) - raft.server.retrycache.statistics.expirytime = 100ms (default)
2024-10-20 10:37:06,015 INFO  server.RaftServerConfigKeys (ConfUtils.java:logGet(46)) - raft.server.retrycache.statistics.expirytime = 100ms (default)
2024-10-20 10:37:06,014 INFO  server.RaftServerConfigKeys (ConfUtils.java:logGet(46)) - raft.server.retrycache.statistics.expirytime = 100ms (default)
2024-10-20 10:37:06,021 INFO  server.RaftServerConfigKeys (ConfUtils.java:logGet(46)) - raft.server.read.option = DEFAULT (default)
2024-10-20 10:37:06,022 INFO  server.RaftServerConfigKeys (ConfUtils.java:logGet(46)) - raft.server.read.option = DEFAULT (default)
2024-10-20 10:37:06,022 INFO  server.RaftServerConfigKeys (ConfUtils.java:logGet(46)) - raft.server.read.option = DEFAULT (default)
2024-10-20 10:37:06,023 INFO  server.RaftServerConfigKeys (ConfUtils.java:logGet(46)) - raft.server.read.read-after-write-consistent.write-index-cache.expiry-time = 60s (default)
2024-10-20 10:37:06,023 INFO  server.RaftServerConfigKeys (ConfUtils.java:logGet(46)) - raft.server.read.read-after-write-consistent.write-index-cache.expiry-time = 60s (default)
2024-10-20 10:37:06,023 INFO  server.RaftServerConfigKeys (ConfUtils.java:logGet(46)) - raft.server.read.read-after-write-consistent.write-index-cache.expiry-time = 60s (default)
2024-10-20 10:37:06,125 INFO  server.RaftServerConfigKeys (ConfUtils.java:logGet(46)) - raft.server.rpc.request.timeout = 3000ms (default)
2024-10-20 10:37:06,126 INFO  server.RaftServerConfigKeys (ConfUtils.java:logGet(46)) - raft.server.rpc.request.timeout = 3000ms (default)
2024-10-20 10:37:06,129 INFO  server.RaftServerConfigKeys (ConfUtils.java:logGet(46)) - raft.server.rpc.request.timeout = 3000ms (default)
2024-10-20 10:37:06,133 INFO  server.RaftServerConfigKeys (ConfUtils.java:logGet(46)) - raft.server.log.appender.install.snapshot.enabled = true (default)
2024-10-20 10:37:06,133 INFO  server.RaftServerConfigKeys (ConfUtils.java:logGet(46)) - raft.server.log.appender.install.snapshot.enabled = true (default)
2024-10-20 10:37:06,134 INFO  server.RaftServerConfigKeys (ConfUtils.java:logGet(46)) - raft.server.threadpool.server.cached = true (default)
2024-10-20 10:37:06,134 INFO  server.RaftServerConfigKeys (ConfUtils.java:logGet(46)) - raft.server.threadpool.server.size = 0 (default)
2024-10-20 10:37:06,134 INFO  server.RaftServerConfigKeys (ConfUtils.java:logGet(46)) - raft.server.threadpool.client.cached = true (default)
2024-10-20 10:37:06,134 INFO  server.RaftServerConfigKeys (ConfUtils.java:logGet(46)) - raft.server.threadpool.client.size = 0 (default)
2024-10-20 10:37:06,133 INFO  server.RaftServerConfigKeys (ConfUtils.java:logGet(46)) - raft.server.log.appender.install.snapshot.enabled = true (default)
2024-10-20 10:37:06,133 INFO  server.RaftServerConfigKeys (ConfUtils.java:logGet(46)) - raft.server.threadpool.server.cached = true (default)
2024-10-20 10:37:06,135 INFO  server.RaftServerConfigKeys (ConfUtils.java:logGet(46)) - raft.server.threadpool.server.cached = true (default)
2024-10-20 10:37:06,135 INFO  server.RaftServerConfigKeys (ConfUtils.java:logGet(46)) - raft.server.threadpool.server.size = 0 (default)
2024-10-20 10:37:06,135 INFO  server.RaftServerConfigKeys (ConfUtils.java:logGet(46)) - raft.server.threadpool.client.cached = true (default)
2024-10-20 10:37:06,136 INFO  server.RaftServerConfigKeys (ConfUtils.java:logGet(46)) - raft.server.threadpool.client.size = 0 (default)
2024-10-20 10:37:06,135 INFO  server.RaftServerConfigKeys (ConfUtils.java:logGet(46)) - raft.server.threadpool.server.size = 0 (default)
2024-10-20 10:37:06,138 INFO  server.RaftServerConfigKeys (ConfUtils.java:logGet(46)) - raft.server.storage.free-space.min = 0MB (=0) (default)
2024-10-20 10:37:06,138 INFO  server.RaftServerConfigKeys (ConfUtils.java:logGet(46)) - raft.server.threadpool.client.cached = true (default)
2024-10-20 10:37:06,139 INFO  server.RaftServerConfigKeys (ConfUtils.java:logGet(46)) - raft.server.threadpool.client.size = 0 (default)
2024-10-20 10:37:06,139 INFO  server.RaftServerConfigKeys (ConfUtils.java:logGet(46)) - raft.server.log.corruption.policy = EXCEPTION (default)
2024-10-20 10:37:06,139 INFO  server.RaftServerConfigKeys (ConfUtils.java:logGet(46)) - raft.server.storage.dir = [/home/runner/work/ratis/ratis/ratis-examples/target/test/data/ae2ce7d8/MiniRaftClusterWithSimulatedRpc5c63eeb3/s0] (custom)
2024-10-20 10:37:06,144 INFO  storage.RaftStorageDirectory (RaftStorageDirectoryImpl.java:analyzeStorage(138)) - The storage directory /home/runner/work/ratis/ratis/ratis-examples/target/test/data/ae2ce7d8/MiniRaftClusterWithSimulatedRpc5c63eeb3/s0/def47e6a-1460-47d1-b791-0bb98db08b7d does not exist. Creating ...
2024-10-20 10:37:06,145 TRACE util.FileUtils (LogUtils.java:runAndLog(49)) - Successfully ran Files.createDirectories /home/runner/work/ratis/ratis/ratis-examples/target/test/data/ae2ce7d8/MiniRaftClusterWithSimulatedRpc5c63eeb3/s0/def47e6a-1460-47d1-b791-0bb98db08b7d
2024-10-20 10:37:06,148 INFO  storage.RaftStorageDirectory (RaftStorageDirectoryImpl.java:tryLock(229)) - Lock on /home/runner/work/ratis/ratis/ratis-examples/target/test/data/ae2ce7d8/MiniRaftClusterWithSimulatedRpc5c63eeb3/s0/def47e6a-1460-47d1-b791-0bb98db08b7d/in_use.lock acquired by nodename 13759@fv-az1438-642
2024-10-20 10:37:06,148 TRACE util.FileUtils (LogUtils.java:runAndLog(49)) - Successfully ran Files.createDirectories /home/runner/work/ratis/ratis/ratis-examples/target/test/data/ae2ce7d8/MiniRaftClusterWithSimulatedRpc5c63eeb3/s0/def47e6a-1460-47d1-b791-0bb98db08b7d/current
2024-10-20 10:37:06,148 TRACE util.FileUtils (LogUtils.java:runAndLog(49)) - Successfully ran Files.createDirectories /home/runner/work/ratis/ratis/ratis-examples/target/test/data/ae2ce7d8/MiniRaftClusterWithSimulatedRpc5c63eeb3/s0/def47e6a-1460-47d1-b791-0bb98db08b7d/sm
2024-10-20 10:37:06,205 TRACE util.FileUtils (LogUtils.java:supplyAndLog(69)) - Successfully supplied FileChannel.open /home/runner/work/ratis/ratis/ratis-examples/target/test/data/ae2ce7d8/MiniRaftClusterWithSimulatedRpc5c63eeb3/s0/def47e6a-1460-47d1-b791-0bb98db08b7d/current/raft-meta.tmp with options [CREATE, WRITE]: sun.nio.ch.FileChannelImpl@4749ca18
2024-10-20 10:37:06,211 TRACE util.FileUtils (LogUtils.java:runAndLog(49)) - Successfully ran Atomic Files.move /home/runner/work/ratis/ratis/ratis-examples/target/test/data/ae2ce7d8/MiniRaftClusterWithSimulatedRpc5c63eeb3/s0/def47e6a-1460-47d1-b791-0bb98db08b7d/current/raft-meta.tmp to /home/runner/work/ratis/ratis/ratis-examples/target/test/data/ae2ce7d8/MiniRaftClusterWithSimulatedRpc5c63eeb3/s0/def47e6a-1460-47d1-b791-0bb98db08b7d/current/raft-meta with options [REPLACE_EXISTING]
2024-10-20 10:37:06,211 INFO  storage.RaftStorage (RaftStorageImpl.java:format(98)) - Storage directory /home/runner/work/ratis/ratis/ratis-examples/target/test/data/ae2ce7d8/MiniRaftClusterWithSimulatedRpc5c63eeb3/s0/def47e6a-1460-47d1-b791-0bb98db08b7d has been successfully formatted.
2024-10-20 10:37:06,214 WARN  statemachine.StateMachine (ArithmeticStateMachine.java:loadSnapshot(115)) - The snapshot info is null.
2024-10-20 10:37:06,217 INFO  server.RaftServerConfigKeys (ConfUtils.java:logGet(46)) - raft.server.log.use.memory = false (default)
2024-10-20 10:37:06,231 INFO  server.RaftServerConfigKeys (ConfUtils.java:logGet(46)) - raft.server.log.purge.gap = 1024 (default)
2024-10-20 10:37:06,232 INFO  server.RaftServerConfigKeys (ConfUtils.java:logGet(46)) - raft.server.log.appender.buffer.byte-limit = 4MB (=4194304) (default)
2024-10-20 10:37:06,234 INFO  server.RaftServerConfigKeys (ConfUtils.java:logGet(46)) - raft.server.log.statemachine.data.read.timeout = 1000ms (default)
2024-10-20 10:37:06,235 INFO  server.RaftServerConfigKeys (ConfUtils.java:logGet(46)) - raft.server.log.purge.preservation.log.num = 0 (default)
2024-10-20 10:37:06,246 INFO  server.RaftServerConfigKeys (ConfUtils.java:logGet(46)) - raft.server.log.segment.size.max = 32MB (=33554432) (default)
2024-10-20 10:37:06,255 INFO  server.RaftServerConfigKeys (ConfUtils.java:logGet(46)) - raft.server.log.segment.cache.num.max = 6 (default)
2024-10-20 10:37:06,255 INFO  server.RaftServerConfigKeys (ConfUtils.java:logGet(46)) - raft.server.log.segment.cache.size.max = 200MB (=209715200) (default)
2024-10-20 10:37:06,255 INFO  server.RaftServerConfigKeys (ConfUtils.java:logGet(46)) - raft.server.log.appender.buffer.byte-limit = 4MB (=4194304) (default)
2024-10-20 10:37:06,257 INFO  util.AwaitToRun (AwaitToRun.java:start(81)) - Thread[s0@group-0BB98DB08B7D-cacheEviction-AwaitToRun,5,main] started
2024-10-20 10:37:06,264 INFO  segmented.SegmentedRaftLogWorker (SegmentedRaftLogWorker.java:<init>(188)) - new s0@group-0BB98DB08B7D-SegmentedRaftLogWorker for RaftStorageImpl:Storage Directory /home/runner/work/ratis/ratis/ratis-examples/target/test/data/ae2ce7d8/MiniRaftClusterWithSimulatedRpc5c63eeb3/s0/def47e6a-1460-47d1-b791-0bb98db08b7d
2024-10-20 10:37:06,264 INFO  server.RaftServerConfigKeys (ConfUtils.java:logGet(46)) - raft.server.log.queue.byte-limit = 64MB (=67108864) (default)
2024-10-20 10:37:06,265 INFO  server.RaftServerConfigKeys (ConfUtils.java:logGet(46)) - raft.server.log.queue.element-limit = 4096 (default)
2024-10-20 10:37:06,269 INFO  server.RaftServerConfigKeys (ConfUtils.java:logGet(46)) - raft.server.log.segment.size.max = 32MB (=33554432) (default)
2024-10-20 10:37:06,269 INFO  server.RaftServerConfigKeys (ConfUtils.java:logGet(46)) - raft.server.log.preallocated.size = 4MB (=4194304) (default)
2024-10-20 10:37:06,270 INFO  server.RaftServerConfigKeys (ConfUtils.java:logGet(46)) - raft.server.log.force.sync.num = 128 (default)
2024-10-20 10:37:06,272 INFO  server.RaftServerConfigKeys (ConfUtils.java:logGet(46)) - raft.server.log.statemachine.data.sync = true (default)
2024-10-20 10:37:06,272 INFO  server.RaftServerConfigKeys (ConfUtils.java:logGet(46)) - raft.server.log.statemachine.data.sync.timeout = 10s (default)
2024-10-20 10:37:06,273 INFO  server.RaftServerConfigKeys (ConfUtils.java:logGet(46)) - raft.server.log.statemachine.data.sync.timeout.retry = -1 (default)
2024-10-20 10:37:06,275 INFO  server.RaftServerConfigKeys (ConfUtils.java:logGet(46)) - raft.server.log.write.buffer.size = 8MB (=8388608) (default)
2024-10-20 10:37:06,277 INFO  server.RaftServerConfigKeys (ConfUtils.java:logGet(46)) - raft.server.log.appender.buffer.byte-limit = 4MB (=4194304) (default)
2024-10-20 10:37:06,277 INFO  server.RaftServerConfigKeys (ConfUtils.java:logGet(46)) - raft.server.log.unsafe-flush.enabled = false (default)
2024-10-20 10:37:06,278 INFO  server.RaftServerConfigKeys (ConfUtils.java:logGet(46)) - raft.server.log.async-flush.enabled = false (default)
2024-10-20 10:37:06,278 INFO  server.RaftServerConfigKeys (ConfUtils.java:logGet(46)) - raft.server.log.statemachine.data.caching.enabled = false (default)
2024-10-20 10:37:06,286 INFO  segmented.SegmentedRaftLogWorker (SegmentedRaftLogWorker.java:lambda$new$0(139)) - s0@group-0BB98DB08B7D-SegmentedRaftLogWorker: flushIndex: setUnconditionally 0 -> -1
2024-10-20 10:37:06,286 INFO  segmented.SegmentedRaftLogWorker (SegmentedRaftLogWorker.java:lambda$new$0(139)) - s0@group-0BB98DB08B7D-SegmentedRaftLogWorker: safeCacheEvictIndex: setUnconditionally 0 -> -1
2024-10-20 10:37:06,288 INFO  server.RaftServer$Division (RaftServerImpl.java:start(393)) - s0@group-0BB98DB08B7D: start as a follower, conf=conf: {index: -1, cur=peers:[s0|localhost:15000, s1|localhost:15004, s2|localhost:15008]|listeners:[], old=null}
2024-10-20 10:37:06,288 INFO  server.RaftServer$Division (RaftServerImpl.java:setRole(380)) - s0@group-0BB98DB08B7D: changes role from      null to FOLLOWER at term 0 for startAsFollower
2024-10-20 10:37:06,289 INFO  impl.RoleInfo (RoleInfo.java:updateAndGet(148)) - s0: start s0@group-0BB98DB08B7D-FollowerState
2024-10-20 10:37:06,290 INFO  server.RaftServerConfigKeys (ConfUtils.java:logFallback(53)) - raft.server.rpc.first-election.timeout.min = 300ms (fallback to raft.server.rpc.timeout.min)
2024-10-20 10:37:06,290 INFO  server.RaftServerConfigKeys (ConfUtils.java:logFallback(53)) - raft.server.rpc.first-election.timeout.max = 600ms (fallback to raft.server.rpc.timeout.max)
2024-10-20 10:37:06,291 INFO  util.JmxRegister (JmxRegister.java:tryRegister(44)) - Successfully registered JMX Bean with object name Ratis:service=RaftServer,group=group-0BB98DB08B7D,id=s0
2024-10-20 10:37:06,291 INFO  util.JmxRegister (JmxRegister.java:register(58)) - register mxBean class org.apache.ratis.server.impl.RaftServerJmxAdapter as Ratis:service=RaftServer,group=group-0BB98DB08B7D,id=s0
2024-10-20 10:37:06,293 INFO  server.RaftServerConfigKeys (ConfUtils.java:logGet(46)) - raft.server.snapshot.trigger-when-stop.enabled = true (default)
2024-10-20 10:37:06,294 INFO  server.RaftServerConfigKeys (ConfUtils.java:logGet(46)) - raft.server.snapshot.trigger-when-remove.enabled = true (default)
2024-10-20 10:37:06,294 INFO  server.RaftServerConfigKeys (ConfUtils.java:logGet(46)) - raft.server.snapshot.auto.trigger.enabled = false (default)
2024-10-20 10:37:06,294 INFO  server.RaftServerConfigKeys (ConfUtils.java:logGet(46)) - raft.server.snapshot.retention.file.num = -1 (default)
2024-10-20 10:37:06,295 INFO  server.RaftServerConfigKeys (ConfUtils.java:logGet(46)) - raft.server.log.purge.upto.snapshot.index = false (default)
2024-10-20 10:37:06,299 INFO  server.RaftServer$Division (RaftServerImpl.java:start(407)) - s0@group-0BB98DB08B7D: Successfully started.
2024-10-20 10:37:06,299 INFO  server.RaftServer (RaftServerProxy.java:startImpl(408)) - s0: start RPC server
2024-10-20 10:37:06,302 INFO  util.JvmPauseMonitor (JvmPauseMonitor.java:run(146)) - JvmPauseMonitor-s0: Started
2024-10-20 10:37:06,302 INFO  server.RaftServerConfigKeys (ConfUtils.java:logGet(46)) - raft.server.storage.free-space.min = 0MB (=0) (default)
2024-10-20 10:37:06,302 INFO  server.RaftServerConfigKeys (ConfUtils.java:logGet(46)) - raft.server.log.corruption.policy = EXCEPTION (default)
2024-10-20 10:37:06,302 INFO  server.RaftServerConfigKeys (ConfUtils.java:logGet(46)) - raft.server.storage.dir = [/home/runner/work/ratis/ratis/ratis-examples/target/test/data/ae2ce7d8/MiniRaftClusterWithSimulatedRpc5c63eeb3/s1] (custom)
2024-10-20 10:37:06,304 INFO  storage.RaftStorageDirectory (RaftStorageDirectoryImpl.java:analyzeStorage(138)) - The storage directory /home/runner/work/ratis/ratis/ratis-examples/target/test/data/ae2ce7d8/MiniRaftClusterWithSimulatedRpc5c63eeb3/s1/def47e6a-1460-47d1-b791-0bb98db08b7d does not exist. Creating ...
2024-10-20 10:37:06,304 TRACE util.FileUtils (LogUtils.java:runAndLog(49)) - Successfully ran Files.createDirectories /home/runner/work/ratis/ratis/ratis-examples/target/test/data/ae2ce7d8/MiniRaftClusterWithSimulatedRpc5c63eeb3/s1/def47e6a-1460-47d1-b791-0bb98db08b7d
2024-10-20 10:37:06,306 INFO  storage.RaftStorageDirectory (RaftStorageDirectoryImpl.java:tryLock(229)) - Lock on /home/runner/work/ratis/ratis/ratis-examples/target/test/data/ae2ce7d8/MiniRaftClusterWithSimulatedRpc5c63eeb3/s1/def47e6a-1460-47d1-b791-0bb98db08b7d/in_use.lock acquired by nodename 13759@fv-az1438-642
2024-10-20 10:37:06,306 TRACE util.FileUtils (LogUtils.java:runAndLog(49)) - Successfully ran Files.createDirectories /home/runner/work/ratis/ratis/ratis-examples/target/test/data/ae2ce7d8/MiniRaftClusterWithSimulatedRpc5c63eeb3/s1/def47e6a-1460-47d1-b791-0bb98db08b7d/current
2024-10-20 10:37:06,306 TRACE util.FileUtils (LogUtils.java:runAndLog(49)) - Successfully ran Files.createDirectories /home/runner/work/ratis/ratis/ratis-examples/target/test/data/ae2ce7d8/MiniRaftClusterWithSimulatedRpc5c63eeb3/s1/def47e6a-1460-47d1-b791-0bb98db08b7d/sm
2024-10-20 10:37:06,306 TRACE util.FileUtils (LogUtils.java:supplyAndLog(69)) - Successfully supplied FileChannel.open /home/runner/work/ratis/ratis/ratis-examples/target/test/data/ae2ce7d8/MiniRaftClusterWithSimulatedRpc5c63eeb3/s1/def47e6a-1460-47d1-b791-0bb98db08b7d/current/raft-meta.tmp with options [CREATE, WRITE]: sun.nio.ch.FileChannelImpl@744d774e
2024-10-20 10:37:06,309 TRACE util.FileUtils (LogUtils.java:runAndLog(49)) - Successfully ran Atomic Files.move /home/runner/work/ratis/ratis/ratis-examples/target/test/data/ae2ce7d8/MiniRaftClusterWithSimulatedRpc5c63eeb3/s1/def47e6a-1460-47d1-b791-0bb98db08b7d/current/raft-meta.tmp to /home/runner/work/ratis/ratis/ratis-examples/target/test/data/ae2ce7d8/MiniRaftClusterWithSimulatedRpc5c63eeb3/s1/def47e6a-1460-47d1-b791-0bb98db08b7d/current/raft-meta with options [REPLACE_EXISTING]
2024-10-20 10:37:06,309 INFO  storage.RaftStorage (RaftStorageImpl.java:format(98)) - Storage directory /home/runner/work/ratis/ratis/ratis-examples/target/test/data/ae2ce7d8/MiniRaftClusterWithSimulatedRpc5c63eeb3/s1/def47e6a-1460-47d1-b791-0bb98db08b7d has been successfully formatted.
2024-10-20 10:37:06,309 WARN  statemachine.StateMachine (ArithmeticStateMachine.java:loadSnapshot(115)) - The snapshot info is null.
2024-10-20 10:37:06,310 INFO  server.RaftServerConfigKeys (ConfUtils.java:logGet(46)) - raft.server.log.use.memory = false (default)
2024-10-20 10:37:06,310 INFO  server.RaftServerConfigKeys (ConfUtils.java:logGet(46)) - raft.server.log.purge.gap = 1024 (default)
2024-10-20 10:37:06,310 INFO  server.RaftServerConfigKeys (ConfUtils.java:logGet(46)) - raft.server.log.appender.buffer.byte-limit = 4MB (=4194304) (default)
2024-10-20 10:37:06,310 INFO  server.RaftServerConfigKeys (ConfUtils.java:logGet(46)) - raft.server.log.statemachine.data.read.timeout = 1000ms (default)
2024-10-20 10:37:06,310 INFO  server.RaftServerConfigKeys (ConfUtils.java:logGet(46)) - raft.server.log.purge.preservation.log.num = 0 (default)
2024-10-20 10:37:06,312 INFO  server.RaftServerConfigKeys (ConfUtils.java:logGet(46)) - raft.server.log.segment.size.max = 32MB (=33554432) (default)
2024-10-20 10:37:06,312 INFO  server.RaftServerConfigKeys (ConfUtils.java:logGet(46)) - raft.server.log.segment.cache.num.max = 6 (default)
2024-10-20 10:37:06,312 INFO  server.RaftServerConfigKeys (ConfUtils.java:logGet(46)) - raft.server.log.segment.cache.size.max = 200MB (=209715200) (default)
2024-10-20 10:37:06,312 INFO  server.RaftServerConfigKeys (ConfUtils.java:logGet(46)) - raft.server.log.appender.buffer.byte-limit = 4MB (=4194304) (default)
2024-10-20 10:37:06,314 INFO  util.AwaitToRun (AwaitToRun.java:start(81)) - Thread[s1@group-0BB98DB08B7D-cacheEviction-AwaitToRun,5,main] started
2024-10-20 10:37:06,315 INFO  segmented.SegmentedRaftLogWorker (SegmentedRaftLogWorker.java:<init>(188)) - new s1@group-0BB98DB08B7D-SegmentedRaftLogWorker for RaftStorageImpl:Storage Directory /home/runner/work/ratis/ratis/ratis-examples/target/test/data/ae2ce7d8/MiniRaftClusterWithSimulatedRpc5c63eeb3/s1/def47e6a-1460-47d1-b791-0bb98db08b7d
2024-10-20 10:37:06,315 INFO  server.RaftServerConfigKeys (ConfUtils.java:logGet(46)) - raft.server.log.queue.byte-limit = 64MB (=67108864) (default)
2024-10-20 10:37:06,315 INFO  server.RaftServerConfigKeys (ConfUtils.java:logGet(46)) - raft.server.log.queue.element-limit = 4096 (default)
2024-10-20 10:37:06,315 INFO  server.RaftServerConfigKeys (ConfUtils.java:logGet(46)) - raft.server.log.segment.size.max = 32MB (=33554432) (default)
2024-10-20 10:37:06,315 INFO  server.RaftServerConfigKeys (ConfUtils.java:logGet(46)) - raft.server.log.preallocated.size = 4MB (=4194304) (default)
2024-10-20 10:37:06,315 INFO  server.RaftServerConfigKeys (ConfUtils.java:logGet(46)) - raft.server.log.force.sync.num = 128 (default)
2024-10-20 10:37:06,315 INFO  server.RaftServerConfigKeys (ConfUtils.java:logGet(46)) - raft.server.log.statemachine.data.sync = true (default)
2024-10-20 10:37:06,316 INFO  server.RaftServerConfigKeys (ConfUtils.java:logGet(46)) - raft.server.log.statemachine.data.sync.timeout = 10s (default)
2024-10-20 10:37:06,316 INFO  server.RaftServerConfigKeys (ConfUtils.java:logGet(46)) - raft.server.log.statemachine.data.sync.timeout.retry = -1 (default)
2024-10-20 10:37:06,316 INFO  server.RaftServerConfigKeys (ConfUtils.java:logGet(46)) - raft.server.log.write.buffer.size = 8MB (=8388608) (default)
2024-10-20 10:37:06,318 INFO  server.RaftServerConfigKeys (ConfUtils.java:logGet(46)) - raft.server.log.appender.buffer.byte-limit = 4MB (=4194304) (default)
2024-10-20 10:37:06,318 INFO  server.RaftServerConfigKeys (ConfUtils.java:logGet(46)) - raft.server.log.unsafe-flush.enabled = false (default)
2024-10-20 10:37:06,318 INFO  server.RaftServerConfigKeys (ConfUtils.java:logGet(46)) - raft.server.log.async-flush.enabled = false (default)
2024-10-20 10:37:06,318 INFO  server.RaftServerConfigKeys (ConfUtils.java:logGet(46)) - raft.server.log.statemachine.data.caching.enabled = false (default)
2024-10-20 10:37:06,319 INFO  segmented.SegmentedRaftLogWorker (SegmentedRaftLogWorker.java:lambda$new$0(139)) - s1@group-0BB98DB08B7D-SegmentedRaftLogWorker: flushIndex: setUnconditionally 0 -> -1
2024-10-20 10:37:06,319 INFO  segmented.SegmentedRaftLogWorker (SegmentedRaftLogWorker.java:lambda$new$0(139)) - s1@group-0BB98DB08B7D-SegmentedRaftLogWorker: safeCacheEvictIndex: setUnconditionally 0 -> -1
2024-10-20 10:37:06,319 INFO  server.RaftServer$Division (RaftServerImpl.java:start(393)) - s1@group-0BB98DB08B7D: start as a follower, conf=conf: {index: -1, cur=peers:[s0|localhost:15000, s1|localhost:15004, s2|localhost:15008]|listeners:[], old=null}
2024-10-20 10:37:06,319 INFO  server.RaftServer$Division (RaftServerImpl.java:setRole(380)) - s1@group-0BB98DB08B7D: changes role from      null to FOLLOWER at term 0 for startAsFollower
2024-10-20 10:37:06,319 INFO  impl.RoleInfo (RoleInfo.java:updateAndGet(148)) - s1: start s1@group-0BB98DB08B7D-FollowerState
2024-10-20 10:37:06,321 INFO  util.JmxRegister (JmxRegister.java:tryRegister(44)) - Successfully registered JMX Bean with object name Ratis:service=RaftServer,group=group-0BB98DB08B7D,id=s1
2024-10-20 10:37:06,321 INFO  server.RaftServerConfigKeys (ConfUtils.java:logFallback(53)) - raft.server.rpc.first-election.timeout.min = 300ms (fallback to raft.server.rpc.timeout.min)
2024-10-20 10:37:06,321 INFO  util.JmxRegister (JmxRegister.java:register(58)) - register mxBean class org.apache.ratis.server.impl.RaftServerJmxAdapter as Ratis:service=RaftServer,group=group-0BB98DB08B7D,id=s1
2024-10-20 10:37:06,321 INFO  server.RaftServerConfigKeys (ConfUtils.java:logFallback(53)) - raft.server.rpc.first-election.timeout.max = 600ms (fallback to raft.server.rpc.timeout.max)
2024-10-20 10:37:06,321 INFO  server.RaftServerConfigKeys (ConfUtils.java:logGet(46)) - raft.server.snapshot.trigger-when-stop.enabled = true (default)
2024-10-20 10:37:06,322 INFO  server.RaftServerConfigKeys (ConfUtils.java:logGet(46)) - raft.server.snapshot.trigger-when-remove.enabled = true (default)
2024-10-20 10:37:06,322 INFO  server.RaftServerConfigKeys (ConfUtils.java:logGet(46)) - raft.server.snapshot.auto.trigger.enabled = false (default)
2024-10-20 10:37:06,322 INFO  server.RaftServerConfigKeys (ConfUtils.java:logGet(46)) - raft.server.snapshot.retention.file.num = -1 (default)
2024-10-20 10:37:06,322 INFO  server.RaftServerConfigKeys (ConfUtils.java:logGet(46)) - raft.server.log.purge.upto.snapshot.index = false (default)
2024-10-20 10:37:06,322 INFO  server.RaftServer$Division (RaftServerImpl.java:start(407)) - s1@group-0BB98DB08B7D: Successfully started.
2024-10-20 10:37:06,322 INFO  server.RaftServer (RaftServerProxy.java:startImpl(408)) - s1: start RPC server
2024-10-20 10:37:06,324 INFO  util.JvmPauseMonitor (JvmPauseMonitor.java:run(146)) - JvmPauseMonitor-s1: Started
2024-10-20 10:37:06,324 INFO  server.RaftServerConfigKeys (ConfUtils.java:logGet(46)) - raft.server.storage.free-space.min = 0MB (=0) (default)
2024-10-20 10:37:06,324 INFO  server.RaftServerConfigKeys (ConfUtils.java:logGet(46)) - raft.server.log.corruption.policy = EXCEPTION (default)
2024-10-20 10:37:06,324 INFO  server.RaftServerConfigKeys (ConfUtils.java:logGet(46)) - raft.server.storage.dir = [/home/runner/work/ratis/ratis/ratis-examples/target/test/data/ae2ce7d8/MiniRaftClusterWithSimulatedRpc5c63eeb3/s2] (custom)
2024-10-20 10:37:06,324 INFO  storage.RaftStorageDirectory (RaftStorageDirectoryImpl.java:analyzeStorage(138)) - The storage directory /home/runner/work/ratis/ratis/ratis-examples/target/test/data/ae2ce7d8/MiniRaftClusterWithSimulatedRpc5c63eeb3/s2/def47e6a-1460-47d1-b791-0bb98db08b7d does not exist. Creating ...
2024-10-20 10:37:06,325 TRACE util.FileUtils (LogUtils.java:runAndLog(49)) - Successfully ran Files.createDirectories /home/runner/work/ratis/ratis/ratis-examples/target/test/data/ae2ce7d8/MiniRaftClusterWithSimulatedRpc5c63eeb3/s2/def47e6a-1460-47d1-b791-0bb98db08b7d
2024-10-20 10:37:06,326 INFO  storage.RaftStorageDirectory (RaftStorageDirectoryImpl.java:tryLock(229)) - Lock on /home/runner/work/ratis/ratis/ratis-examples/target/test/data/ae2ce7d8/MiniRaftClusterWithSimulatedRpc5c63eeb3/s2/def47e6a-1460-47d1-b791-0bb98db08b7d/in_use.lock acquired by nodename 13759@fv-az1438-642
2024-10-20 10:37:06,326 TRACE util.FileUtils (LogUtils.java:runAndLog(49)) - Successfully ran Files.createDirectories /home/runner/work/ratis/ratis/ratis-examples/target/test/data/ae2ce7d8/MiniRaftClusterWithSimulatedRpc5c63eeb3/s2/def47e6a-1460-47d1-b791-0bb98db08b7d/current
2024-10-20 10:37:06,326 TRACE util.FileUtils (LogUtils.java:runAndLog(49)) - Successfully ran Files.createDirectories /home/runner/work/ratis/ratis/ratis-examples/target/test/data/ae2ce7d8/MiniRaftClusterWithSimulatedRpc5c63eeb3/s2/def47e6a-1460-47d1-b791-0bb98db08b7d/sm
2024-10-20 10:37:06,326 TRACE util.FileUtils (LogUtils.java:supplyAndLog(69)) - Successfully supplied FileChannel.open /home/runner/work/ratis/ratis/ratis-examples/target/test/data/ae2ce7d8/MiniRaftClusterWithSimulatedRpc5c63eeb3/s2/def47e6a-1460-47d1-b791-0bb98db08b7d/current/raft-meta.tmp with options [CREATE, WRITE]: sun.nio.ch.FileChannelImpl@434d9ba6
2024-10-20 10:37:06,328 TRACE util.FileUtils (LogUtils.java:runAndLog(49)) - Successfully ran Atomic Files.move /home/runner/work/ratis/ratis/ratis-examples/target/test/data/ae2ce7d8/MiniRaftClusterWithSimulatedRpc5c63eeb3/s2/def47e6a-1460-47d1-b791-0bb98db08b7d/current/raft-meta.tmp to /home/runner/work/ratis/ratis/ratis-examples/target/test/data/ae2ce7d8/MiniRaftClusterWithSimulatedRpc5c63eeb3/s2/def47e6a-1460-47d1-b791-0bb98db08b7d/current/raft-meta with options [REPLACE_EXISTING]
2024-10-20 10:37:06,328 INFO  storage.RaftStorage (RaftStorageImpl.java:format(98)) - Storage directory /home/runner/work/ratis/ratis/ratis-examples/target/test/data/ae2ce7d8/MiniRaftClusterWithSimulatedRpc5c63eeb3/s2/def47e6a-1460-47d1-b791-0bb98db08b7d has been successfully formatted.
2024-10-20 10:37:06,329 WARN  statemachine.StateMachine (ArithmeticStateMachine.java:loadSnapshot(115)) - The snapshot info is null.
2024-10-20 10:37:06,329 INFO  server.RaftServerConfigKeys (ConfUtils.java:logGet(46)) - raft.server.log.use.memory = false (default)
2024-10-20 10:37:06,329 INFO  server.RaftServerConfigKeys (ConfUtils.java:logGet(46)) - raft.server.log.purge.gap = 1024 (default)
2024-10-20 10:37:06,329 INFO  server.RaftServerConfigKeys (ConfUtils.java:logGet(46)) - raft.server.log.appender.buffer.byte-limit = 4MB (=4194304) (default)
2024-10-20 10:37:06,329 INFO  server.RaftServerConfigKeys (ConfUtils.java:logGet(46)) - raft.server.log.statemachine.data.read.timeout = 1000ms (default)
2024-10-20 10:37:06,330 INFO  server.RaftServerConfigKeys (ConfUtils.java:logGet(46)) - raft.server.log.purge.preservation.log.num = 0 (default)
2024-10-20 10:37:06,331 INFO  server.RaftServerConfigKeys (ConfUtils.java:logGet(46)) - raft.server.log.segment.size.max = 32MB (=33554432) (default)
2024-10-20 10:37:06,331 INFO  server.RaftServerConfigKeys (ConfUtils.java:logGet(46)) - raft.server.log.segment.cache.num.max = 6 (default)
2024-10-20 10:37:06,331 INFO  server.RaftServerConfigKeys (ConfUtils.java:logGet(46)) - raft.server.log.segment.cache.size.max = 200MB (=209715200) (default)
2024-10-20 10:37:06,331 INFO  server.RaftServerConfigKeys (ConfUtils.java:logGet(46)) - raft.server.log.appender.buffer.byte-limit = 4MB (=4194304) (default)
2024-10-20 10:37:06,333 INFO  util.AwaitToRun (AwaitToRun.java:start(81)) - Thread[s2@group-0BB98DB08B7D-cacheEviction-AwaitToRun,5,main] started
2024-10-20 10:37:06,333 INFO  segmented.SegmentedRaftLogWorker (SegmentedRaftLogWorker.java:<init>(188)) - new s2@group-0BB98DB08B7D-SegmentedRaftLogWorker for RaftStorageImpl:Storage Directory /home/runner/work/ratis/ratis/ratis-examples/target/test/data/ae2ce7d8/MiniRaftClusterWithSimulatedRpc5c63eeb3/s2/def47e6a-1460-47d1-b791-0bb98db08b7d
2024-10-20 10:37:06,334 INFO  server.RaftServerConfigKeys (ConfUtils.java:logGet(46)) - raft.server.log.queue.byte-limit = 64MB (=67108864) (default)
2024-10-20 10:37:06,334 INFO  server.RaftServerConfigKeys (ConfUtils.java:logGet(46)) - raft.server.log.queue.element-limit = 4096 (default)
2024-10-20 10:37:06,334 INFO  server.RaftServerConfigKeys (ConfUtils.java:logGet(46)) - raft.server.log.segment.size.max = 32MB (=33554432) (default)
2024-10-20 10:37:06,334 INFO  server.RaftServerConfigKeys (ConfUtils.java:logGet(46)) - raft.server.log.preallocated.size = 4MB (=4194304) (default)
2024-10-20 10:37:06,334 INFO  server.RaftServerConfigKeys (ConfUtils.java:logGet(46)) - raft.server.log.force.sync.num = 128 (default)
2024-10-20 10:37:06,334 INFO  server.RaftServerConfigKeys (ConfUtils.java:logGet(46)) - raft.server.log.statemachine.data.sync = true (default)
2024-10-20 10:37:06,334 INFO  server.RaftServerConfigKeys (ConfUtils.java:logGet(46)) - raft.server.log.statemachine.data.sync.timeout = 10s (default)
2024-10-20 10:37:06,334 INFO  server.RaftServerConfigKeys (ConfUtils.java:logGet(46)) - raft.server.log.statemachine.data.sync.timeout.retry = -1 (default)
2024-10-20 10:37:06,335 INFO  server.RaftServerConfigKeys (ConfUtils.java:logGet(46)) - raft.server.log.write.buffer.size = 8MB (=8388608) (default)
2024-10-20 10:37:06,336 INFO  server.RaftServerConfigKeys (ConfUtils.java:logGet(46)) - raft.server.log.appender.buffer.byte-limit = 4MB (=4194304) (default)
2024-10-20 10:37:06,336 INFO  server.RaftServerConfigKeys (ConfUtils.java:logGet(46)) - raft.server.log.unsafe-flush.enabled = false (default)
2024-10-20 10:37:06,336 INFO  server.RaftServerConfigKeys (ConfUtils.java:logGet(46)) - raft.server.log.async-flush.enabled = false (default)
2024-10-20 10:37:06,336 INFO  server.RaftServerConfigKeys (ConfUtils.java:logGet(46)) - raft.server.log.statemachine.data.caching.enabled = false (default)
2024-10-20 10:37:06,337 INFO  segmented.SegmentedRaftLogWorker (SegmentedRaftLogWorker.java:lambda$new$0(139)) - s2@group-0BB98DB08B7D-SegmentedRaftLogWorker: flushIndex: setUnconditionally 0 -> -1
2024-10-20 10:37:06,337 INFO  segmented.SegmentedRaftLogWorker (SegmentedRaftLogWorker.java:lambda$new$0(139)) - s2@group-0BB98DB08B7D-SegmentedRaftLogWorker: safeCacheEvictIndex: setUnconditionally 0 -> -1
2024-10-20 10:37:06,337 INFO  server.RaftServer$Division (RaftServerImpl.java:start(393)) - s2@group-0BB98DB08B7D: start as a follower, conf=conf: {index: -1, cur=peers:[s0|localhost:15000, s1|localhost:15004, s2|localhost:15008]|listeners:[], old=null}
2024-10-20 10:37:06,337 INFO  server.RaftServer$Division (RaftServerImpl.java:setRole(380)) - s2@group-0BB98DB08B7D: changes role from      null to FOLLOWER at term 0 for startAsFollower
2024-10-20 10:37:06,337 INFO  impl.RoleInfo (RoleInfo.java:updateAndGet(148)) - s2: start s2@group-0BB98DB08B7D-FollowerState
2024-10-20 10:37:06,338 INFO  util.JmxRegister (JmxRegister.java:tryRegister(44)) - Successfully registered JMX Bean with object name Ratis:service=RaftServer,group=group-0BB98DB08B7D,id=s2
2024-10-20 10:37:06,338 INFO  server.RaftServerConfigKeys (ConfUtils.java:logFallback(53)) - raft.server.rpc.first-election.timeout.min = 300ms (fallback to raft.server.rpc.timeout.min)
2024-10-20 10:37:06,338 INFO  util.JmxRegister (JmxRegister.java:register(58)) - register mxBean class org.apache.ratis.server.impl.RaftServerJmxAdapter as Ratis:service=RaftServer,group=group-0BB98DB08B7D,id=s2
2024-10-20 10:37:06,338 INFO  server.RaftServerConfigKeys (ConfUtils.java:logFallback(53)) - raft.server.rpc.first-election.timeout.max = 600ms (fallback to raft.server.rpc.timeout.max)
2024-10-20 10:37:06,338 INFO  server.RaftServerConfigKeys (ConfUtils.java:logGet(46)) - raft.server.snapshot.trigger-when-stop.enabled = true (default)
2024-10-20 10:37:06,338 INFO  server.RaftServerConfigKeys (ConfUtils.java:logGet(46)) - raft.server.snapshot.trigger-when-remove.enabled = true (default)
2024-10-20 10:37:06,338 INFO  server.RaftServerConfigKeys (ConfUtils.java:logGet(46)) - raft.server.snapshot.auto.trigger.enabled = false (default)
2024-10-20 10:37:06,338 INFO  server.RaftServerConfigKeys (ConfUtils.java:logGet(46)) - raft.server.snapshot.retention.file.num = -1 (default)
2024-10-20 10:37:06,339 INFO  server.RaftServerConfigKeys (ConfUtils.java:logGet(46)) - raft.server.log.purge.upto.snapshot.index = false (default)
2024-10-20 10:37:06,339 INFO  server.RaftServer$Division (RaftServerImpl.java:start(407)) - s2@group-0BB98DB08B7D: Successfully started.
2024-10-20 10:37:06,339 INFO  server.RaftServer (RaftServerProxy.java:startImpl(408)) - s2: start RPC server
2024-10-20 10:37:06,342 INFO  util.JvmPauseMonitor (JvmPauseMonitor.java:run(146)) - JvmPauseMonitor-s2: Started
2024-10-20 10:37:06,351 INFO  server.RaftServerConfigKeys (ConfUtils.java:logGet(46)) - raft.server.rpc.timeout.max = 600ms (custom)
2024-10-20 10:37:06,353 INFO  ratis.RaftTestUtil (RaftTestUtil.java:waitForLeader(107)) - printing ALL groups
  s0:  RUNNING  FOLLOWER s0@group-0BB98DB08B7D:t0, leader=null, voted=, raftlog=Memoized:s0@group-0BB98DB08B7D-SegmentedRaftLog:OPENED:c-1:lastnull, conf=conf: {index: -1, cur=peers:[s0|localhost:15000, s1|localhost:15004, s2|localhost:15008]|listeners:[], old=null} RUNNING
  s1:  RUNNING  FOLLOWER s1@group-0BB98DB08B7D:t0, leader=null, voted=, raftlog=Memoized:s1@group-0BB98DB08B7D-SegmentedRaftLog:OPENED:c-1:lastnull, conf=conf: {index: -1, cur=peers:[s0|localhost:15000, s1|localhost:15004, s2|localhost:15008]|listeners:[], old=null} RUNNING
  s2:  RUNNING  FOLLOWER s2@group-0BB98DB08B7D:t0, leader=null, voted=, raftlog=Memoized:s2@group-0BB98DB08B7D-SegmentedRaftLog:OPENED:c-1:lastnull, conf=conf: {index: -1, cur=peers:[s0|localhost:15000, s1|localhost:15004, s2|localhost:15008]|listeners:[], old=null} RUNNING
2024-10-20 10:37:06,356 WARN  ratis.RaftTestUtil (RaftTestUtil.java:lambda$waitForLeader$3(126)) - Attempt #1 failed: java.lang.IllegalStateException: No leader yet : printing ALL groups
  s0:  RUNNING  FOLLOWER s0@group-0BB98DB08B7D:t0, leader=null, voted=, raftlog=Memoized:s0@group-0BB98DB08B7D-SegmentedRaftLog:OPENED:c-1:lastnull, conf=conf: {index: -1, cur=peers:[s0|localhost:15000, s1|localhost:15004, s2|localhost:15008]|listeners:[], old=null} RUNNING
  s1:  RUNNING  FOLLOWER s1@group-0BB98DB08B7D:t0, leader=null, voted=, raftlog=Memoized:s1@group-0BB98DB08B7D-SegmentedRaftLog:OPENED:c-1:lastnull, conf=conf: {index: -1, cur=peers:[s0|localhost:15000, s1|localhost:15004, s2|localhost:15008]|listeners:[], old=null} RUNNING
  s2:  RUNNING  FOLLOWER s2@group-0BB98DB08B7D:t0, leader=null, voted=, raftlog=Memoized:s2@group-0BB98DB08B7D-SegmentedRaftLog:OPENED:c-1:lastnull, conf=conf: {index: -1, cur=peers:[s0|localhost:15000, s1|localhost:15004, s2|localhost:15008]|listeners:[], old=null} RUNNING
2024-10-20 10:37:06,607 INFO  impl.FollowerState (FollowerState.java:runImpl(161)) - s0@group-0BB98DB08B7D-FollowerState: change to CANDIDATE, lastRpcElapsedTime:318144483ns, electionTimeout:316ms
2024-10-20 10:37:06,608 INFO  impl.RoleInfo (RoleInfo.java:shutdownFollowerState(121)) - s0: shutdown s0@group-0BB98DB08B7D-FollowerState
2024-10-20 10:37:06,608 INFO  server.RaftServer$Division (RaftServerImpl.java:setRole(380)) - s0@group-0BB98DB08B7D: changes role from  FOLLOWER to CANDIDATE at term 0 for changeToCandidate
2024-10-20 10:37:06,611 INFO  server.RaftServerConfigKeys (ConfUtils.java:logGet(46)) - raft.server.leaderelection.pre-vote = true (default)
2024-10-20 10:37:06,611 INFO  impl.RoleInfo (RoleInfo.java:updateAndGet(148)) - s0: start s0@group-0BB98DB08B7D-LeaderElection1
2024-10-20 10:37:06,614 INFO  impl.LeaderElection (LeaderElection.java:askForVotes(333)) - s0@group-0BB98DB08B7D-LeaderElection1 PRE_VOTE round 0: submit vote requests at term 0 for conf: {index: -1, cur=peers:[s0|localhost:15000, s1|localhost:15004, s2|localhost:15008]|listeners:[], old=null}
2024-10-20 10:37:06,639 INFO  server.RaftServerConfigKeys (ConfUtils.java:logFallback(53)) - raft.server.rpc.first-election.timeout.min = 300ms (fallback to raft.server.rpc.timeout.min)
2024-10-20 10:37:06,639 INFO  server.RaftServerConfigKeys (ConfUtils.java:logFallback(53)) - raft.server.rpc.first-election.timeout.max = 600ms (fallback to raft.server.rpc.timeout.max)
2024-10-20 10:37:06,644 INFO  server.RaftServer$Division (RaftServerImpl.java:requestVote(1447)) - s2@group-0BB98DB08B7D: receive requestVote(PRE_VOTE, s0, group-0BB98DB08B7D, 0, (t:0, i:0))
2024-10-20 10:37:06,644 INFO  server.RaftServer$Division (RaftServerImpl.java:requestVote(1447)) - s1@group-0BB98DB08B7D: receive requestVote(PRE_VOTE, s0, group-0BB98DB08B7D, 0, (t:0, i:0))
2024-10-20 10:37:06,646 INFO  impl.VoteContext (VoteContext.java:log(49)) - s2@group-0BB98DB08B7D-FOLLOWER: accept PRE_VOTE from s0: our priority 0 <= candidate's priority 0
2024-10-20 10:37:06,646 INFO  impl.VoteContext (VoteContext.java:log(49)) - s1@group-0BB98DB08B7D-FOLLOWER: accept PRE_VOTE from s0: our priority 0 <= candidate's priority 0
2024-10-20 10:37:06,656 INFO  server.RaftServer$Division (RaftServerImpl.java:requestVote(1480)) - s2@group-0BB98DB08B7D replies to PRE_VOTE vote request: s0<-s2#0:OK-t0. Peer's state: s2@group-0BB98DB08B7D:t0, leader=null, voted=, raftlog=Memoized:s2@group-0BB98DB08B7D-SegmentedRaftLog:OPENED:c-1:lastnull, conf=conf: {index: -1, cur=peers:[s0|localhost:15000, s1|localhost:15004, s2|localhost:15008]|listeners:[], old=null}
2024-10-20 10:37:06,656 INFO  server.RaftServer$Division (RaftServerImpl.java:requestVote(1480)) - s1@group-0BB98DB08B7D replies to PRE_VOTE vote request: s0<-s1#0:OK-t0. Peer's state: s1@group-0BB98DB08B7D:t0, leader=null, voted=, raftlog=Memoized:s1@group-0BB98DB08B7D-SegmentedRaftLog:OPENED:c-1:lastnull, conf=conf: {index: -1, cur=peers:[s0|localhost:15000, s1|localhost:15004, s2|localhost:15008]|listeners:[], old=null}
2024-10-20 10:37:06,663 INFO  server.RaftServerConfigKeys (ConfUtils.java:logFallback(53)) - raft.server.rpc.first-election.timeout.min = 300ms (fallback to raft.server.rpc.timeout.min)
2024-10-20 10:37:06,663 INFO  server.RaftServerConfigKeys (ConfUtils.java:logFallback(53)) - raft.server.rpc.first-election.timeout.max = 600ms (fallback to raft.server.rpc.timeout.max)
2024-10-20 10:37:06,669 INFO  impl.LeaderElection (LeaderElection.java:logAndReturn(90)) - s0@group-0BB98DB08B7D-LeaderElection1: PRE_VOTE PASSED received 1 response(s) and 0 exception(s):
2024-10-20 10:37:06,669 INFO  impl.LeaderElection (LeaderElection.java:logAndReturn(94)) -   Response 0: s0<-s1#0:OK-t0
2024-10-20 10:37:06,669 INFO  impl.LeaderElection (LeaderElection.java:askForVotes(335)) - s0@group-0BB98DB08B7D-LeaderElection1 PRE_VOTE round 0: result PASSED
2024-10-20 10:37:06,669 INFO  server.RaftServerConfigKeys (ConfUtils.java:logFallback(53)) - raft.server.rpc.first-election.timeout.min = 300ms (fallback to raft.server.rpc.timeout.min)
2024-10-20 10:37:06,670 INFO  server.RaftServerConfigKeys (ConfUtils.java:logFallback(53)) - raft.server.rpc.first-election.timeout.max = 600ms (fallback to raft.server.rpc.timeout.max)
2024-10-20 10:37:06,670 TRACE util.FileUtils (LogUtils.java:supplyAndLog(69)) - Successfully supplied FileChannel.open /home/runner/work/ratis/ratis/ratis-examples/target/test/data/ae2ce7d8/MiniRaftClusterWithSimulatedRpc5c63eeb3/s0/def47e6a-1460-47d1-b791-0bb98db08b7d/current/raft-meta.tmp with options [CREATE, WRITE]: sun.nio.ch.FileChannelImpl@3a1eabac
2024-10-20 10:37:06,673 TRACE util.FileUtils (LogUtils.java:runAndLog(49)) - Successfully ran Atomic Files.move /home/runner/work/ratis/ratis/ratis-examples/target/test/data/ae2ce7d8/MiniRaftClusterWithSimulatedRpc5c63eeb3/s0/def47e6a-1460-47d1-b791-0bb98db08b7d/current/raft-meta.tmp to /home/runner/work/ratis/ratis/ratis-examples/target/test/data/ae2ce7d8/MiniRaftClusterWithSimulatedRpc5c63eeb3/s0/def47e6a-1460-47d1-b791-0bb98db08b7d/current/raft-meta with options [REPLACE_EXISTING]
2024-10-20 10:37:06,673 INFO  impl.LeaderElection (LeaderElection.java:askForVotes(333)) - s0@group-0BB98DB08B7D-LeaderElection1 ELECTION round 0: submit vote requests at term 1 for conf: {index: -1, cur=peers:[s0|localhost:15000, s1|localhost:15004, s2|localhost:15008]|listeners:[], old=null}
2024-10-20 10:37:06,673 INFO  server.RaftServerConfigKeys (ConfUtils.java:logFallback(53)) - raft.server.rpc.first-election.timeout.min = 300ms (fallback to raft.server.rpc.timeout.min)
2024-10-20 10:37:06,674 INFO  server.RaftServerConfigKeys (ConfUtils.java:logFallback(53)) - raft.server.rpc.first-election.timeout.max = 600ms (fallback to raft.server.rpc.timeout.max)
2024-10-20 10:37:06,674 INFO  server.RaftServer$Division (RaftServerImpl.java:requestVote(1447)) - s1@group-0BB98DB08B7D: receive requestVote(ELECTION, s0, group-0BB98DB08B7D, 1, (t:0, i:0))
2024-10-20 10:37:06,674 INFO  server.RaftServer$Division (RaftServerImpl.java:requestVote(1447)) - s2@group-0BB98DB08B7D: receive requestVote(ELECTION, s0, group-0BB98DB08B7D, 1, (t:0, i:0))
2024-10-20 10:37:06,674 INFO  impl.VoteContext (VoteContext.java:log(49)) - s1@group-0BB98DB08B7D-FOLLOWER: accept ELECTION from s0: our priority 0 <= candidate's priority 0
2024-10-20 10:37:06,674 INFO  impl.VoteContext (VoteContext.java:log(49)) - s2@group-0BB98DB08B7D-FOLLOWER: accept ELECTION from s0: our priority 0 <= candidate's priority 0
2024-10-20 10:37:06,674 INFO  server.RaftServer$Division (RaftServerImpl.java:setRole(380)) - s1@group-0BB98DB08B7D: changes role from  FOLLOWER to FOLLOWER at term 0 for candidate:s0
2024-10-20 10:37:06,675 INFO  impl.RoleInfo (RoleInfo.java:shutdownFollowerState(121)) - s1: shutdown s1@group-0BB98DB08B7D-FollowerState
2024-10-20 10:37:06,675 INFO  impl.RoleInfo (RoleInfo.java:updateAndGet(148)) - s1: start s1@group-0BB98DB08B7D-FollowerState
2024-10-20 10:37:06,675 INFO  server.RaftServer$Division (RaftServerImpl.java:setFirstElection(564)) - s1@group-0BB98DB08B7D: set firstElectionSinceStartup to false for candidate:s0
2024-10-20 10:37:06,675 INFO  server.RaftServer$Division (RaftServerImpl.java:setRole(380)) - s2@group-0BB98DB08B7D: changes role from  FOLLOWER to FOLLOWER at term 0 for candidate:s0
2024-10-20 10:37:06,675 INFO  impl.FollowerState (FollowerState.java:runImpl(170)) - s1@group-0BB98DB08B7D-FollowerState was interrupted
2024-10-20 10:37:06,676 INFO  impl.RoleInfo (RoleInfo.java:shutdownFollowerState(121)) - s2: shutdown s2@group-0BB98DB08B7D-FollowerState
2024-10-20 10:37:06,676 INFO  impl.RoleInfo (RoleInfo.java:updateAndGet(148)) - s2: start s2@group-0BB98DB08B7D-FollowerState
2024-10-20 10:37:06,676 TRACE util.FileUtils (LogUtils.java:supplyAndLog(69)) - Successfully supplied FileChannel.open /home/runner/work/ratis/ratis/ratis-examples/target/test/data/ae2ce7d8/MiniRaftClusterWithSimulatedRpc5c63eeb3/s1/def47e6a-1460-47d1-b791-0bb98db08b7d/current/raft-meta.tmp with options [CREATE, WRITE]: sun.nio.ch.FileChannelImpl@44b1c21a
2024-10-20 10:37:06,676 INFO  server.RaftServer$Division (RaftServerImpl.java:setFirstElection(564)) - s2@group-0BB98DB08B7D: set firstElectionSinceStartup to false for candidate:s0
2024-10-20 10:37:06,676 INFO  impl.FollowerState (FollowerState.java:runImpl(170)) - s2@group-0BB98DB08B7D-FollowerState was interrupted
2024-10-20 10:37:06,677 TRACE util.FileUtils (LogUtils.java:supplyAndLog(69)) - Successfully supplied FileChannel.open /home/runner/work/ratis/ratis/ratis-examples/target/test/data/ae2ce7d8/MiniRaftClusterWithSimulatedRpc5c63eeb3/s2/def47e6a-1460-47d1-b791-0bb98db08b7d/current/raft-meta.tmp with options [CREATE, WRITE]: sun.nio.ch.FileChannelImpl@118f0418
2024-10-20 10:37:06,678 TRACE util.FileUtils (LogUtils.java:runAndLog(49)) - Successfully ran Atomic Files.move /home/runner/work/ratis/ratis/ratis-examples/target/test/data/ae2ce7d8/MiniRaftClusterWithSimulatedRpc5c63eeb3/s1/def47e6a-1460-47d1-b791-0bb98db08b7d/current/raft-meta.tmp to /home/runner/work/ratis/ratis/ratis-examples/target/test/data/ae2ce7d8/MiniRaftClusterWithSimulatedRpc5c63eeb3/s1/def47e6a-1460-47d1-b791-0bb98db08b7d/current/raft-meta with options [REPLACE_EXISTING]
2024-10-20 10:37:06,679 INFO  server.RaftServer$Division (RaftServerImpl.java:requestVote(1480)) - s1@group-0BB98DB08B7D replies to ELECTION vote request: s0<-s1#0:OK-t1. Peer's state: s1@group-0BB98DB08B7D:t1, leader=null, voted=s0, raftlog=Memoized:s1@group-0BB98DB08B7D-SegmentedRaftLog:OPENED:c-1:lastnull, conf=conf: {index: -1, cur=peers:[s0|localhost:15000, s1|localhost:15004, s2|localhost:15008]|listeners:[], old=null}
2024-10-20 10:37:06,679 TRACE util.FileUtils (LogUtils.java:runAndLog(49)) - Successfully ran Atomic Files.move /home/runner/work/ratis/ratis/ratis-examples/target/test/data/ae2ce7d8/MiniRaftClusterWithSimulatedRpc5c63eeb3/s2/def47e6a-1460-47d1-b791-0bb98db08b7d/current/raft-meta.tmp to /home/runner/work/ratis/ratis/ratis-examples/target/test/data/ae2ce7d8/MiniRaftClusterWithSimulatedRpc5c63eeb3/s2/def47e6a-1460-47d1-b791-0bb98db08b7d/current/raft-meta with options [REPLACE_EXISTING]
2024-10-20 10:37:06,680 INFO  server.RaftServer$Division (RaftServerImpl.java:requestVote(1480)) - s2@group-0BB98DB08B7D replies to ELECTION vote request: s0<-s2#0:OK-t1. Peer's state: s2@group-0BB98DB08B7D:t1, leader=null, voted=s0, raftlog=Memoized:s2@group-0BB98DB08B7D-SegmentedRaftLog:OPENED:c-1:lastnull, conf=conf: {index: -1, cur=peers:[s0|localhost:15000, s1|localhost:15004, s2|localhost:15008]|listeners:[], old=null}
2024-10-20 10:37:06,694 INFO  impl.LeaderElection (LeaderElection.java:logAndReturn(90)) - s0@group-0BB98DB08B7D-LeaderElection1: ELECTION PASSED received 1 response(s) and 0 exception(s):
2024-10-20 10:37:06,694 INFO  impl.LeaderElection (LeaderElection.java:logAndReturn(94)) -   Response 0: s0<-s1#0:OK-t1
2024-10-20 10:37:06,694 INFO  impl.LeaderElection (LeaderElection.java:askForVotes(335)) - s0@group-0BB98DB08B7D-LeaderElection1 ELECTION round 0: result PASSED
2024-10-20 10:37:06,694 INFO  impl.RoleInfo (RoleInfo.java:shutdownLeaderElection(141)) - s0: shutdown s0@group-0BB98DB08B7D-LeaderElection1
2024-10-20 10:37:06,695 INFO  server.RaftServer$Division (RaftServerImpl.java:setRole(380)) - s0@group-0BB98DB08B7D: changes role from CANDIDATE to LEADER at term 1 for changeToLeader
2024-10-20 10:37:06,703 INFO  server.RaftServerConfigKeys (ConfUtils.java:logGet(46)) - raft.server.staging.catchup.gap = 1000 (default)
2024-10-20 10:37:06,709 INFO  server.RaftServerConfigKeys (ConfUtils.java:logGet(46)) - raft.server.write.element-limit = 4096 (default)
2024-10-20 10:37:06,709 INFO  server.RaftServerConfigKeys (ConfUtils.java:logGet(46)) - raft.server.write.byte-limit = 64MB (=67108864) (default)
2024-10-20 10:37:06,713 INFO  server.RaftServerConfigKeys (ConfUtils.java:logGet(46)) - raft.server.watch.timeout = 10s (default)
2024-10-20 10:37:06,713 INFO  server.RaftServerConfigKeys (ConfUtils.java:logGet(46)) - raft.server.watch.timeout.denomination = 1s (default)
2024-10-20 10:37:06,714 INFO  server.RaftServerConfigKeys (ConfUtils.java:logGet(46)) - raft.server.watch.element-limit = 65536 (default)
2024-10-20 10:37:06,721 INFO  server.RaftServerConfigKeys (ConfUtils.java:logGet(46)) - raft.server.read.leader.lease.enabled = false (default)
2024-10-20 10:37:06,724 INFO  server.RaftServerConfigKeys (ConfUtils.java:logGet(46)) - raft.server.read.leader.lease.timeout.ratio = 0.9 (default)
2024-10-20 10:37:06,724 INFO  server.RaftServerConfigKeys (ConfUtils.java:logGet(46)) - raft.server.rpc.timeout.min = 300ms (custom)
2024-10-20 10:37:06,724 INFO  server.RaftServerConfigKeys (ConfUtils.java:logGet(46)) - raft.server.log.log-metadata.enabled = true (default)
2024-10-20 10:37:06,725 INFO  server.RaftServerConfigKeys (ConfUtils.java:logGet(46)) - raft.server.write.element-limit = 4096 (default)
2024-10-20 10:37:06,725 INFO  server.RaftServerConfigKeys (ConfUtils.java:logGet(46)) - raft.server.write.follower.gap.ratio.max = -1.0 (default)
2024-10-20 10:37:06,734 INFO  server.RaftServerConfigKeys (ConfUtils.java:logGet(46)) - raft.server.log.appender.snapshot.chunk.size.max = 16MB (=16777216) (default)
2024-10-20 10:37:06,735 INFO  server.RaftServerConfigKeys (ConfUtils.java:logGet(46)) - raft.server.log.appender.buffer.byte-limit = 4MB (=4194304) (default)
2024-10-20 10:37:06,735 INFO  server.RaftServerConfigKeys (ConfUtils.java:logGet(46)) - raft.server.log.appender.buffer.element-limit = 0 (default)
2024-10-20 10:37:06,737 INFO  server.RaftServerConfigKeys (ConfUtils.java:logGet(46)) - raft.server.log.appender.wait-time.min = 1ms (default)
2024-10-20 10:37:06,738 INFO  server.RaftServerConfigKeys (ConfUtils.java:logGet(46)) - raft.server.log.appender.snapshot.chunk.size.max = 16MB (=16777216) (default)
2024-10-20 10:37:06,738 INFO  server.RaftServerConfigKeys (ConfUtils.java:logGet(46)) - raft.server.log.appender.buffer.byte-limit = 4MB (=4194304) (default)
2024-10-20 10:37:06,738 INFO  server.RaftServerConfigKeys (ConfUtils.java:logGet(46)) - raft.server.log.appender.buffer.element-limit = 0 (default)
2024-10-20 10:37:06,738 INFO  server.RaftServerConfigKeys (ConfUtils.java:logGet(46)) - raft.server.log.appender.wait-time.min = 1ms (default)
2024-10-20 10:37:06,739 INFO  impl.RoleInfo (RoleInfo.java:updateAndGet(148)) - s0: start s0@group-0BB98DB08B7D-LeaderStateImpl
2024-10-20 10:37:06,739 INFO  server.RaftServer$Division (RaftServerImpl.java:setFirstElection(564)) - s0@group-0BB98DB08B7D: set firstElectionSinceStartup to false for becomeLeader
2024-10-20 10:37:06,739 INFO  server.RaftServer$Division (ServerState.java:setLeader(272)) - s0@group-0BB98DB08B7D: change Leader from null to s0 at term 1 for becomeLeader, leader elected after 738ms
2024-10-20 10:37:06,767 INFO  util.LeakDetector (LeakDetector.java:start(124)) - Starting leak detector thread SIMPLE0.
2024-10-20 10:37:06,910 INFO  segmented.SegmentedRaftLogWorker (SegmentedRaftLogWorker.java:startLogSegment(442)) - s0@group-0BB98DB08B7D-SegmentedRaftLogWorker: Starting segment from index:0
2024-10-20 10:37:06,923 INFO  server.RaftServer$Division (ServerState.java:setRaftConf(386)) - s0@group-0BB98DB08B7D: set configuration conf: {index: 0, cur=peers:[s0|localhost:15000, s1|localhost:15004, s2|localhost:15008]|listeners:[], old=null}
2024-10-20 10:37:06,940 INFO  segmented.BufferedWriteChannel (BufferedWriteChannel.java:open(61)) - open log_inprogress_0 at position 0
2024-10-20 10:37:06,957 INFO  segmented.SegmentedRaftLogWorker (SegmentedRaftLogWorker.java:execute(663)) - s0@group-0BB98DB08B7D-SegmentedRaftLogWorker: created new log segment /home/runner/work/ratis/ratis/ratis-examples/target/test/data/ae2ce7d8/MiniRaftClusterWithSimulatedRpc5c63eeb3/s0/def47e6a-1460-47d1-b791-0bb98db08b7d/current/log_inprogress_0
2024-10-20 10:37:06,960 INFO  server.RaftServer$Division (ServerState.java:setLeader(272)) - s1@group-0BB98DB08B7D: change Leader from null to s0 at term 1 for appendEntries, leader elected after 958ms
2024-10-20 10:37:06,962 INFO  server.RaftServer$Division (ServerState.java:setLeader(272)) - s2@group-0BB98DB08B7D: change Leader from null to s0 at term 1 for appendEntries, leader elected after 960ms
2024-10-20 10:37:06,990 INFO  server.RaftServer$Division (ServerState.java:setRaftConf(386)) - s1@group-0BB98DB08B7D: set configuration conf: {index: 0, cur=peers:[s0|localhost:15000, s1|localhost:15004, s2|localhost:15008]|listeners:[], old=null}
2024-10-20 10:37:06,990 INFO  server.RaftServer$Division (ServerState.java:setRaftConf(386)) - s2@group-0BB98DB08B7D: set configuration conf: {index: 0, cur=peers:[s0|localhost:15000, s1|localhost:15004, s2|localhost:15008]|listeners:[], old=null}
2024-10-20 10:37:06,992 INFO  segmented.SegmentedRaftLogWorker (SegmentedRaftLogWorker.java:startLogSegment(442)) - s1@group-0BB98DB08B7D-SegmentedRaftLogWorker: Starting segment from index:0
2024-10-20 10:37:06,992 INFO  segmented.SegmentedRaftLogWorker (SegmentedRaftLogWorker.java:startLogSegment(442)) - s2@group-0BB98DB08B7D-SegmentedRaftLogWorker: Starting segment from index:0
2024-10-20 10:37:06,993 INFO  segmented.BufferedWriteChannel (BufferedWriteChannel.java:open(61)) - open log_inprogress_0 at position 0
2024-10-20 10:37:06,993 INFO  segmented.BufferedWriteChannel (BufferedWriteChannel.java:open(61)) - open log_inprogress_0 at position 0
2024-10-20 10:37:07,006 INFO  segmented.SegmentedRaftLogWorker (SegmentedRaftLogWorker.java:execute(663)) - s1@group-0BB98DB08B7D-SegmentedRaftLogWorker: created new log segment /home/runner/work/ratis/ratis/ratis-examples/target/test/data/ae2ce7d8/MiniRaftClusterWithSimulatedRpc5c63eeb3/s1/def47e6a-1460-47d1-b791-0bb98db08b7d/current/log_inprogress_0
2024-10-20 10:37:07,007 INFO  segmented.SegmentedRaftLogWorker (SegmentedRaftLogWorker.java:execute(663)) - s2@group-0BB98DB08B7D-SegmentedRaftLogWorker: created new log segment /home/runner/work/ratis/ratis/ratis-examples/target/test/data/ae2ce7d8/MiniRaftClusterWithSimulatedRpc5c63eeb3/s2/def47e6a-1460-47d1-b791-0bb98db08b7d/current/log_inprogress_0
2024-10-20 10:37:07,021 TRACE util.FileUtils (LogUtils.java:supplyAndLog(69)) - Successfully supplied FileChannel.open /home/runner/work/ratis/ratis/ratis-examples/target/test/data/ae2ce7d8/MiniRaftClusterWithSimulatedRpc5c63eeb3/s0/def47e6a-1460-47d1-b791-0bb98db08b7d/current/raft-meta.conf.tmp with options [CREATE, WRITE]: sun.nio.ch.FileChannelImpl@1fc8284c
2024-10-20 10:37:07,025 TRACE util.FileUtils (LogUtils.java:runAndLog(49)) - Successfully ran Atomic Files.move /home/runner/work/ratis/ratis/ratis-examples/target/test/data/ae2ce7d8/MiniRaftClusterWithSimulatedRpc5c63eeb3/s0/def47e6a-1460-47d1-b791-0bb98db08b7d/current/raft-meta.conf.tmp to /home/runner/work/ratis/ratis/ratis-examples/target/test/data/ae2ce7d8/MiniRaftClusterWithSimulatedRpc5c63eeb3/s0/def47e6a-1460-47d1-b791-0bb98db08b7d/current/raft-meta.conf with options [REPLACE_EXISTING]
2024-10-20 10:37:07,026 INFO  server.RaftServer$Division (LeaderStateImpl.java:checkStartIndex(314)) - Leader s0@group-0BB98DB08B7D-LeaderStateImpl is ready since appliedIndex == startIndex == 0
2024-10-20 10:37:07,173 TRACE util.FileUtils (LogUtils.java:supplyAndLog(69)) - Successfully supplied FileChannel.open /home/runner/work/ratis/ratis/ratis-examples/target/test/data/ae2ce7d8/MiniRaftClusterWithSimulatedRpc5c63eeb3/s1/def47e6a-1460-47d1-b791-0bb98db08b7d/current/raft-meta.conf.tmp with options [CREATE, WRITE]: sun.nio.ch.FileChannelImpl@679079c
2024-10-20 10:37:07,176 TRACE util.FileUtils (LogUtils.java:runAndLog(49)) - Successfully ran Atomic Files.move /home/runner/work/ratis/ratis/ratis-examples/target/test/data/ae2ce7d8/MiniRaftClusterWithSimulatedRpc5c63eeb3/s1/def47e6a-1460-47d1-b791-0bb98db08b7d/current/raft-meta.conf.tmp to /home/runner/work/ratis/ratis/ratis-examples/target/test/data/ae2ce7d8/MiniRaftClusterWithSimulatedRpc5c63eeb3/s1/def47e6a-1460-47d1-b791-0bb98db08b7d/current/raft-meta.conf with options [REPLACE_EXISTING]
2024-10-20 10:37:07,180 TRACE util.FileUtils (LogUtils.java:supplyAndLog(69)) - Successfully supplied FileChannel.open /home/runner/work/ratis/ratis/ratis-examples/target/test/data/ae2ce7d8/MiniRaftClusterWithSimulatedRpc5c63eeb3/s2/def47e6a-1460-47d1-b791-0bb98db08b7d/current/raft-meta.conf.tmp with options [CREATE, WRITE]: sun.nio.ch.FileChannelImpl@67b82db2
2024-10-20 10:37:07,182 TRACE util.FileUtils (LogUtils.java:runAndLog(49)) - Successfully ran Atomic Files.move /home/runner/work/ratis/ratis/ratis-examples/target/test/data/ae2ce7d8/MiniRaftClusterWithSimulatedRpc5c63eeb3/s2/def47e6a-1460-47d1-b791-0bb98db08b7d/current/raft-meta.conf.tmp to /home/runner/work/ratis/ratis/ratis-examples/target/test/data/ae2ce7d8/MiniRaftClusterWithSimulatedRpc5c63eeb3/s2/def47e6a-1460-47d1-b791-0bb98db08b7d/current/raft-meta.conf with options [REPLACE_EXISTING]
2024-10-20 10:37:07,258 INFO  ratis.RaftTestUtil (RaftTestUtil.java:waitForLeader(131)) - printing ALL groups
  s0:  RUNNING    LEADER s0@group-0BB98DB08B7D:t1, leader=s0, voted=s0, raftlog=Memoized:s0@group-0BB98DB08B7D-SegmentedRaftLog:OPENED:c0:last(t:1, i:0), conf=conf: {index: 0, cur=peers:[s0|localhost:15000, s1|localhost:15004, s2|localhost:15008]|listeners:[], old=null} RUNNING
  s1:  RUNNING  FOLLOWER s1@group-0BB98DB08B7D:t1, leader=s0, voted=s0, raftlog=Memoized:s1@group-0BB98DB08B7D-SegmentedRaftLog:OPENED:c0:last(t:1, i:0), conf=conf: {index: 0, cur=peers:[s0|localhost:15000, s1|localhost:15004, s2|localhost:15008]|listeners:[], old=null} RUNNING
  s2:  RUNNING  FOLLOWER s2@group-0BB98DB08B7D:t1, leader=s0, voted=s0, raftlog=Memoized:s2@group-0BB98DB08B7D-SegmentedRaftLog:OPENED:c0:last(t:1, i:0), conf=conf: {index: 0, cur=peers:[s0|localhost:15000, s1|localhost:15004, s2|localhost:15008]|listeners:[], old=null} RUNNING
2024-10-20 10:37:07,326 INFO  statemachine.StateMachine (ArithmeticStateMachine.java:applyTransaction(181)) - LEADER:s0-1: a = 3 = 3
2024-10-20 10:37:07,330 DEBUG statemachine.StateMachine (ArithmeticStateMachine.java:applyTransaction(183)) - FOLLOWER:s1-1: a = 3 = 3
2024-10-20 10:37:07,333 DEBUG statemachine.StateMachine (ArithmeticStateMachine.java:applyTransaction(183)) - FOLLOWER:s2-1: a = 3 = 3
2024-10-20 10:37:07,387 INFO  statemachine.StateMachine (ArithmeticStateMachine.java:applyTransaction(181)) - LEADER:s0-3: b = 4 = 4
2024-10-20 10:37:07,392 DEBUG statemachine.StateMachine (ArithmeticStateMachine.java:applyTransaction(183)) - FOLLOWER:s1-3: b = 4 = 4
2024-10-20 10:37:07,394 DEBUG statemachine.StateMachine (ArithmeticStateMachine.java:applyTransaction(183)) - FOLLOWER:s2-3: b = 4 = 4
2024-10-20 10:37:07,422 INFO  statemachine.StateMachine (ArithmeticStateMachine.java:applyTransaction(181)) - LEADER:s0-5: c = √(a^2 + b^2) = 5
2024-10-20 10:37:07,424 DEBUG statemachine.StateMachine (ArithmeticStateMachine.java:applyTransaction(183)) - FOLLOWER:s2-5: c = √(a^2 + b^2) = 5
2024-10-20 10:37:07,428 DEBUG statemachine.StateMachine (ArithmeticStateMachine.java:applyTransaction(183)) - FOLLOWER:s1-5: c = √(a^2 + b^2) = 5
2024-10-20 10:37:07,460 INFO  statemachine.StateMachine (ArithmeticStateMachine.java:applyTransaction(181)) - LEADER:s0-7: a = null = null
2024-10-20 10:37:07,462 DEBUG statemachine.StateMachine (ArithmeticStateMachine.java:applyTransaction(183)) - FOLLOWER:s1-7: a = null = null
2024-10-20 10:37:07,462 DEBUG statemachine.StateMachine (ArithmeticStateMachine.java:applyTransaction(183)) - FOLLOWER:s2-7: a = null = null
2024-10-20 10:37:07,486 INFO  statemachine.StateMachine (ArithmeticStateMachine.java:applyTransaction(181)) - LEADER:s0-9: b = null = null
2024-10-20 10:37:07,488 DEBUG statemachine.StateMachine (ArithmeticStateMachine.java:applyTransaction(183)) - FOLLOWER:s1-9: b = null = null
2024-10-20 10:37:07,493 DEBUG statemachine.StateMachine (ArithmeticStateMachine.java:applyTransaction(183)) - FOLLOWER:s2-9: b = null = null
2024-10-20 10:37:07,520 INFO  statemachine.StateMachine (ArithmeticStateMachine.java:applyTransaction(181)) - LEADER:s0-11: c = null = null
2024-10-20 10:37:07,523 DEBUG statemachine.StateMachine (ArithmeticStateMachine.java:applyTransaction(183)) - FOLLOWER:s2-11: c = null = null
2024-10-20 10:37:07,532 DEBUG statemachine.StateMachine (ArithmeticStateMachine.java:applyTransaction(183)) - FOLLOWER:s1-11: c = null = null
2024-10-20 10:37:07,558 INFO  statemachine.StateMachine (ArithmeticStateMachine.java:applyTransaction(181)) - LEADER:s0-13: a = 5 = 5
2024-10-20 10:37:07,559 DEBUG statemachine.StateMachine (ArithmeticStateMachine.java:applyTransaction(183)) - FOLLOWER:s2-13: a = 5 = 5
2024-10-20 10:37:07,565 DEBUG statemachine.StateMachine (ArithmeticStateMachine.java:applyTransaction(183)) - FOLLOWER:s1-13: a = 5 = 5
2024-10-20 10:37:07,592 INFO  statemachine.StateMachine (ArithmeticStateMachine.java:applyTransaction(181)) - LEADER:s0-15: b = 12 = 12
2024-10-20 10:37:07,594 DEBUG statemachine.StateMachine (ArithmeticStateMachine.java:applyTransaction(183)) - FOLLOWER:s2-15: b = 12 = 12
2024-10-20 10:37:07,599 DEBUG statemachine.StateMachine (ArithmeticStateMachine.java:applyTransaction(183)) - FOLLOWER:s1-15: b = 12 = 12
2024-10-20 10:37:07,624 INFO  statemachine.StateMachine (ArithmeticStateMachine.java:applyTransaction(181)) - LEADER:s0-17: c = √(a^2 + b^2) = 13
2024-10-20 10:37:07,626 DEBUG statemachine.StateMachine (ArithmeticStateMachine.java:applyTransaction(183)) - FOLLOWER:s2-17: c = √(a^2 + b^2) = 13
2024-10-20 10:37:07,639 DEBUG statemachine.StateMachine (ArithmeticStateMachine.java:applyTransaction(183)) - FOLLOWER:s1-17: c = √(a^2 + b^2) = 13
2024-10-20 10:37:07,657 INFO  statemachine.StateMachine (ArithmeticStateMachine.java:applyTransaction(181)) - LEADER:s0-19: a = null = null
2024-10-20 10:37:07,659 DEBUG statemachine.StateMachine (ArithmeticStateMachine.java:applyTransaction(183)) - FOLLOWER:s2-19: a = null = null
2024-10-20 10:37:07,675 DEBUG statemachine.StateMachine (ArithmeticStateMachine.java:applyTransaction(183)) - FOLLOWER:s1-19: a = null = null
2024-10-20 10:37:07,689 INFO  statemachine.StateMachine (ArithmeticStateMachine.java:applyTransaction(181)) - LEADER:s0-21: b = null = null
2024-10-20 10:37:07,691 DEBUG statemachine.StateMachine (ArithmeticStateMachine.java:applyTransaction(183)) - FOLLOWER:s2-21: b = null = null
2024-10-20 10:37:07,695 DEBUG statemachine.StateMachine (ArithmeticStateMachine.java:applyTransaction(183)) - FOLLOWER:s1-21: b = null = null
2024-10-20 10:37:07,718 INFO  statemachine.StateMachine (ArithmeticStateMachine.java:applyTransaction(181)) - LEADER:s0-23: c = null = null
2024-10-20 10:37:07,719 DEBUG statemachine.StateMachine (ArithmeticStateMachine.java:applyTransaction(183)) - FOLLOWER:s2-23: c = null = null
2024-10-20 10:37:07,734 DEBUG statemachine.StateMachine (ArithmeticStateMachine.java:applyTransaction(183)) - FOLLOWER:s1-23: c = null = null
2024-10-20 10:37:07,747 INFO  statemachine.StateMachine (ArithmeticStateMachine.java:applyTransaction(181)) - LEADER:s0-25: a = 7 = 7
2024-10-20 10:37:07,748 WARN  leader.LogAppenderDaemon (LogAppenderDaemon.java:run(89)) - s0@group-0BB98DB08B7D->s1-LogAppenderDefault-LogAppenderDaemon failed
org.apache.ratis.server.raftlog.RaftLogIOException: Log entry not found: index = 26
	at org.apache.ratis.server.raftlog.segmented.SegmentedRaftLog.retainEntryWithData(SegmentedRaftLog.java:334)
	at org.apache.ratis.server.leader.LogAppenderBase.nextAppendEntriesRequest(LogAppenderBase.java:264)
	at org.apache.ratis.server.leader.LogAppenderDefault.sendAppendEntriesWithRetries(LogAppenderDefault.java:63)
	at org.apache.ratis.server.leader.LogAppenderDefault.run(LogAppenderDefault.java:167)
	at org.apache.ratis.server.leader.LogAppenderDaemon.run(LogAppenderDaemon.java:80)
	at java.lang.Thread.run(Thread.java:750)
2024-10-20 10:37:07,748 WARN  leader.LogAppenderDaemon (LogAppenderDaemon.java:run(89)) - s0@group-0BB98DB08B7D->s2-LogAppenderDefault-LogAppenderDaemon failed
org.apache.ratis.server.raftlog.RaftLogIOException: Log entry not found: index = 26
	at org.apache.ratis.server.raftlog.segmented.SegmentedRaftLog.retainEntryWithData(SegmentedRaftLog.java:334)
	at org.apache.ratis.server.leader.LogAppenderBase.nextAppendEntriesRequest(LogAppenderBase.java:264)
	at org.apache.ratis.server.leader.LogAppenderDefault.sendAppendEntriesWithRetries(LogAppenderDefault.java:63)
	at org.apache.ratis.server.leader.LogAppenderDefault.run(LogAppenderDefault.java:167)
	at org.apache.ratis.server.leader.LogAppenderDaemon.run(LogAppenderDaemon.java:80)
	at java.lang.Thread.run(Thread.java:750)
2024-10-20 10:37:07,751 INFO  server.RaftServer$Division (LeaderStateImpl.java:restart(684)) - s0@group-0BB98DB08B7D-LeaderStateImpl: Restarting LogAppenderDefault for s0@group-0BB98DB08B7D->s1
2024-10-20 10:37:07,751 INFO  server.RaftServer$Division (LeaderStateImpl.java:restart(684)) - s0@group-0BB98DB08B7D-LeaderStateImpl: Restarting LogAppenderDefault for s0@group-0BB98DB08B7D->s2
2024-10-20 10:37:07,752 INFO  server.RaftServerConfigKeys (ConfUtils.java:logGet(46)) - raft.server.log.appender.snapshot.chunk.size.max = 16MB (=16777216) (default)
2024-10-20 10:37:07,752 INFO  server.RaftServerConfigKeys (ConfUtils.java:logGet(46)) - raft.server.log.appender.buffer.byte-limit = 4MB (=4194304) (default)
2024-10-20 10:37:07,752 INFO  server.RaftServerConfigKeys (ConfUtils.java:logGet(46)) - raft.server.log.appender.snapshot.chunk.size.max = 16MB (=16777216) (default)
2024-10-20 10:37:07,752 INFO  server.RaftServerConfigKeys (ConfUtils.java:logGet(46)) - raft.server.log.appender.buffer.element-limit = 0 (default)
2024-10-20 10:37:07,752 INFO  server.RaftServerConfigKeys (ConfUtils.java:logGet(46)) - raft.server.log.appender.buffer.byte-limit = 4MB (=4194304) (default)
2024-10-20 10:37:07,752 INFO  server.RaftServerConfigKeys (ConfUtils.java:logGet(46)) - raft.server.log.appender.wait-time.min = 1ms (default)
2024-10-20 10:37:07,752 INFO  server.RaftServerConfigKeys (ConfUtils.java:logGet(46)) - raft.server.log.appender.buffer.element-limit = 0 (default)
2024-10-20 10:37:07,753 INFO  server.RaftServerConfigKeys (ConfUtils.java:logGet(46)) - raft.server.log.appender.wait-time.min = 1ms (default)
2024-10-20 10:37:07,771 DEBUG statemachine.StateMachine (ArithmeticStateMachine.java:applyTransaction(183)) - FOLLOWER:s2-25: a = 7 = 7
2024-10-20 10:37:07,771 DEBUG statemachine.StateMachine (ArithmeticStateMachine.java:applyTransaction(183)) - FOLLOWER:s1-25: a = 7 = 7
2024-10-20 10:37:07,784 INFO  statemachine.StateMachine (ArithmeticStateMachine.java:applyTransaction(181)) - LEADER:s0-27: b = 24 = 24
2024-10-20 10:37:07,786 DEBUG statemachine.StateMachine (ArithmeticStateMachine.java:applyTransaction(183)) - FOLLOWER:s2-27: b = 24 = 24
2024-10-20 10:37:07,790 DEBUG statemachine.StateMachine (ArithmeticStateMachine.java:applyTransaction(183)) - FOLLOWER:s1-27: b = 24 = 24
2024-10-20 10:37:07,822 INFO  statemachine.StateMachine (ArithmeticStateMachine.java:applyTransaction(181)) - LEADER:s0-29: c = √(a^2 + b^2) = 25
2024-10-20 10:37:07,823 DEBUG statemachine.StateMachine (ArithmeticStateMachine.java:applyTransaction(183)) - FOLLOWER:s2-29: c = √(a^2 + b^2) = 25
2024-10-20 10:37:07,825 DEBUG statemachine.StateMachine (ArithmeticStateMachine.java:applyTransaction(183)) - FOLLOWER:s1-29: c = √(a^2 + b^2) = 25
2024-10-20 10:37:07,858 INFO  statemachine.StateMachine (ArithmeticStateMachine.java:applyTransaction(181)) - LEADER:s0-31: a = null = null
2024-10-20 10:37:07,860 DEBUG statemachine.StateMachine (ArithmeticStateMachine.java:applyTransaction(183)) - FOLLOWER:s2-31: a = null = null
2024-10-20 10:37:07,862 DEBUG statemachine.StateMachine (ArithmeticStateMachine.java:applyTransaction(183)) - FOLLOWER:s1-31: a = null = null
2024-10-20 10:37:07,888 INFO  statemachine.StateMachine (ArithmeticStateMachine.java:applyTransaction(181)) - LEADER:s0-33: b = null = null
2024-10-20 10:37:07,890 DEBUG statemachine.StateMachine (ArithmeticStateMachine.java:applyTransaction(183)) - FOLLOWER:s2-33: b = null = null
2024-10-20 10:37:07,895 DEBUG statemachine.StateMachine (ArithmeticStateMachine.java:applyTransaction(183)) - FOLLOWER:s1-33: b = null = null
2024-10-20 10:37:07,919 INFO  statemachine.StateMachine (ArithmeticStateMachine.java:applyTransaction(181)) - LEADER:s0-35: c = null = null
2024-10-20 10:37:07,920 DEBUG statemachine.StateMachine (ArithmeticStateMachine.java:applyTransaction(183)) - FOLLOWER:s2-35: c = null = null
2024-10-20 10:37:07,920 DEBUG statemachine.StateMachine (ArithmeticStateMachine.java:applyTransaction(183)) - FOLLOWER:s1-35: c = null = null
2024-10-20 10:37:07,949 INFO  statemachine.StateMachine (ArithmeticStateMachine.java:applyTransaction(181)) - LEADER:s0-37: a = 9 = 9
2024-10-20 10:37:07,951 DEBUG statemachine.StateMachine (ArithmeticStateMachine.java:applyTransaction(183)) - FOLLOWER:s2-37: a = 9 = 9
2024-10-20 10:37:07,956 DEBUG statemachine.StateMachine (ArithmeticStateMachine.java:applyTransaction(183)) - FOLLOWER:s1-37: a = 9 = 9
2024-10-20 10:37:07,985 INFO  statemachine.StateMachine (ArithmeticStateMachine.java:applyTransaction(181)) - LEADER:s0-39: b = 40 = 40
2024-10-20 10:37:07,987 DEBUG statemachine.StateMachine (ArithmeticStateMachine.java:applyTransaction(183)) - FOLLOWER:s2-39: b = 40 = 40
2024-10-20 10:37:07,989 DEBUG statemachine.StateMachine (ArithmeticStateMachine.java:applyTransaction(183)) - FOLLOWER:s1-39: b = 40 = 40
2024-10-20 10:37:08,021 INFO  statemachine.StateMachine (ArithmeticStateMachine.java:applyTransaction(181)) - LEADER:s0-41: c = √(a^2 + b^2) = 41
2024-10-20 10:37:08,023 DEBUG statemachine.StateMachine (ArithmeticStateMachine.java:applyTransaction(183)) - FOLLOWER:s1-41: c = √(a^2 + b^2) = 41
2024-10-20 10:37:08,023 DEBUG statemachine.StateMachine (ArithmeticStateMachine.java:applyTransaction(183)) - FOLLOWER:s2-41: c = √(a^2 + b^2) = 41
2024-10-20 10:37:08,049 INFO  statemachine.StateMachine (ArithmeticStateMachine.java:applyTransaction(181)) - LEADER:s0-43: a = null = null
2024-10-20 10:37:08,051 DEBUG statemachine.StateMachine (ArithmeticStateMachine.java:applyTransaction(183)) - FOLLOWER:s1-43: a = null = null
2024-10-20 10:37:08,052 DEBUG statemachine.StateMachine (ArithmeticStateMachine.java:applyTransaction(183)) - FOLLOWER:s2-43: a = null = null
2024-10-20 10:37:08,084 INFO  statemachine.StateMachine (ArithmeticStateMachine.java:applyTransaction(181)) - LEADER:s0-45: b = null = null
2024-10-20 10:37:08,085 DEBUG statemachine.StateMachine (ArithmeticStateMachine.java:applyTransaction(183)) - FOLLOWER:s2-45: b = null = null
2024-10-20 10:37:08,088 DEBUG statemachine.StateMachine (ArithmeticStateMachine.java:applyTransaction(183)) - FOLLOWER:s1-45: b = null = null
2024-10-20 10:37:08,114 INFO  statemachine.StateMachine (ArithmeticStateMachine.java:applyTransaction(181)) - LEADER:s0-47: c = null = null
2024-10-20 10:37:08,115 DEBUG statemachine.StateMachine (ArithmeticStateMachine.java:applyTransaction(183)) - FOLLOWER:s1-47: c = null = null
2024-10-20 10:37:08,118 DEBUG statemachine.StateMachine (ArithmeticStateMachine.java:applyTransaction(183)) - FOLLOWER:s2-47: c = null = null
2024-10-20 10:37:08,146 INFO  statemachine.StateMachine (ArithmeticStateMachine.java:applyTransaction(181)) - LEADER:s0-49: a = 11 = 11
2024-10-20 10:37:08,147 DEBUG statemachine.StateMachine (ArithmeticStateMachine.java:applyTransaction(183)) - FOLLOWER:s1-49: a = 11 = 11
2024-10-20 10:37:08,153 DEBUG statemachine.StateMachine (ArithmeticStateMachine.java:applyTransaction(183)) - FOLLOWER:s2-49: a = 11 = 11
2024-10-20 10:37:08,175 INFO  statemachine.StateMachine (ArithmeticStateMachine.java:applyTransaction(181)) - LEADER:s0-51: b = 60 = 60
2024-10-20 10:37:08,176 DEBUG statemachine.StateMachine (ArithmeticStateMachine.java:applyTransaction(183)) - FOLLOWER:s1-51: b = 60 = 60
2024-10-20 10:37:08,191 DEBUG statemachine.StateMachine (ArithmeticStateMachine.java:applyTransaction(183)) - FOLLOWER:s2-51: b = 60 = 60
2024-10-20 10:37:08,208 INFO  statemachine.StateMachine (ArithmeticStateMachine.java:applyTransaction(181)) - LEADER:s0-53: c = √(a^2 + b^2) = 61
2024-10-20 10:37:08,210 DEBUG statemachine.StateMachine (ArithmeticStateMachine.java:applyTransaction(183)) - FOLLOWER:s2-53: c = √(a^2 + b^2) = 61
2024-10-20 10:37:08,214 DEBUG statemachine.StateMachine (ArithmeticStateMachine.java:applyTransaction(183)) - FOLLOWER:s1-53: c = √(a^2 + b^2) = 61
2024-10-20 10:37:08,245 INFO  statemachine.StateMachine (ArithmeticStateMachine.java:applyTransaction(181)) - LEADER:s0-55: a = null = null
2024-10-20 10:37:08,246 DEBUG statemachine.StateMachine (ArithmeticStateMachine.java:applyTransaction(183)) - FOLLOWER:s2-55: a = null = null
2024-10-20 10:37:08,247 DEBUG statemachine.StateMachine (ArithmeticStateMachine.java:applyTransaction(183)) - FOLLOWER:s1-55: a = null = null
2024-10-20 10:37:08,280 INFO  statemachine.StateMachine (ArithmeticStateMachine.java:applyTransaction(181)) - LEADER:s0-57: b = null = null
2024-10-20 10:37:08,282 DEBUG statemachine.StateMachine (ArithmeticStateMachine.java:applyTransaction(183)) - FOLLOWER:s2-57: b = null = null
2024-10-20 10:37:08,285 DEBUG statemachine.StateMachine (ArithmeticStateMachine.java:applyTransaction(183)) - FOLLOWER:s1-57: b = null = null
2024-10-20 10:37:08,317 INFO  statemachine.StateMachine (ArithmeticStateMachine.java:applyTransaction(181)) - LEADER:s0-59: c = null = null
2024-10-20 10:37:08,318 DEBUG statemachine.StateMachine (ArithmeticStateMachine.java:applyTransaction(183)) - FOLLOWER:s1-59: c = null = null
2024-10-20 10:37:08,319 DEBUG statemachine.StateMachine (ArithmeticStateMachine.java:applyTransaction(183)) - FOLLOWER:s2-59: c = null = null
2024-10-20 10:37:08,342 INFO  statemachine.StateMachine (ArithmeticStateMachine.java:applyTransaction(181)) - LEADER:s0-61: a = 13 = 13
2024-10-20 10:37:08,343 DEBUG statemachine.StateMachine (ArithmeticStateMachine.java:applyTransaction(183)) - FOLLOWER:s1-61: a = 13 = 13
2024-10-20 10:37:08,352 DEBUG statemachine.StateMachine (ArithmeticStateMachine.java:applyTransaction(183)) - FOLLOWER:s2-61: a = 13 = 13
2024-10-20 10:37:08,375 INFO  statemachine.StateMachine (ArithmeticStateMachine.java:applyTransaction(181)) - LEADER:s0-63: b = 84 = 84
2024-10-20 10:37:08,376 DEBUG statemachine.StateMachine (ArithmeticStateMachine.java:applyTransaction(183)) - FOLLOWER:s1-63: b = 84 = 84
2024-10-20 10:37:08,384 DEBUG statemachine.StateMachine (ArithmeticStateMachine.java:applyTransaction(183)) - FOLLOWER:s2-63: b = 84 = 84
2024-10-20 10:37:08,416 INFO  statemachine.StateMachine (ArithmeticStateMachine.java:applyTransaction(181)) - LEADER:s0-65: c = √(a^2 + b^2) = 85
2024-10-20 10:37:08,417 DEBUG statemachine.StateMachine (ArithmeticStateMachine.java:applyTransaction(183)) - FOLLOWER:s1-65: c = √(a^2 + b^2) = 85
2024-10-20 10:37:08,421 DEBUG statemachine.StateMachine (ArithmeticStateMachine.java:applyTransaction(183)) - FOLLOWER:s2-65: c = √(a^2 + b^2) = 85
2024-10-20 10:37:08,452 INFO  statemachine.StateMachine (ArithmeticStateMachine.java:applyTransaction(181)) - LEADER:s0-67: a = null = null
2024-10-20 10:37:08,453 DEBUG statemachine.StateMachine (ArithmeticStateMachine.java:applyTransaction(183)) - FOLLOWER:s1-67: a = null = null
2024-10-20 10:37:08,456 DEBUG statemachine.StateMachine (ArithmeticStateMachine.java:applyTransaction(183)) - FOLLOWER:s2-67: a = null = null
2024-10-20 10:37:08,480 INFO  statemachine.StateMachine (ArithmeticStateMachine.java:applyTransaction(181)) - LEADER:s0-69: b = null = null
2024-10-20 10:37:08,481 DEBUG statemachine.StateMachine (ArithmeticStateMachine.java:applyTransaction(183)) - FOLLOWER:s2-69: b = null = null
2024-10-20 10:37:08,490 DEBUG statemachine.StateMachine (ArithmeticStateMachine.java:applyTransaction(183)) - FOLLOWER:s1-69: b = null = null
2024-10-20 10:37:08,510 INFO  statemachine.StateMachine (ArithmeticStateMachine.java:applyTransaction(181)) - LEADER:s0-71: c = null = null
2024-10-20 10:37:08,511 DEBUG statemachine.StateMachine (ArithmeticStateMachine.java:applyTransaction(183)) - FOLLOWER:s2-71: c = null = null
2024-10-20 10:37:08,518 DEBUG statemachine.StateMachine (ArithmeticStateMachine.java:applyTransaction(183)) - FOLLOWER:s1-71: c = null = null
2024-10-20 10:37:08,543 INFO  statemachine.StateMachine (ArithmeticStateMachine.java:applyTransaction(181)) - LEADER:s0-73: a = 15 = 15
2024-10-20 10:37:08,544 DEBUG statemachine.StateMachine (ArithmeticStateMachine.java:applyTransaction(183)) - FOLLOWER:s2-73: a = 15 = 15
2024-10-20 10:37:08,554 DEBUG statemachine.StateMachine (ArithmeticStateMachine.java:applyTransaction(183)) - FOLLOWER:s1-73: a = 15 = 15
2024-10-20 10:37:08,571 INFO  statemachine.StateMachine (ArithmeticStateMachine.java:applyTransaction(181)) - LEADER:s0-75: b = 112 = 112
2024-10-20 10:37:08,574 DEBUG statemachine.StateMachine (ArithmeticStateMachine.java:applyTransaction(183)) - FOLLOWER:s2-75: b = 112 = 112
2024-10-20 10:37:08,584 DEBUG statemachine.StateMachine (ArithmeticStateMachine.java:applyTransaction(183)) - FOLLOWER:s1-75: b = 112 = 112
2024-10-20 10:37:08,597 INFO  statemachine.StateMachine (ArithmeticStateMachine.java:applyTransaction(181)) - LEADER:s0-77: c = √(a^2 + b^2) = 113
2024-10-20 10:37:08,598 DEBUG statemachine.StateMachine (ArithmeticStateMachine.java:applyTransaction(183)) - FOLLOWER:s1-77: c = √(a^2 + b^2) = 113
2024-10-20 10:37:08,605 DEBUG statemachine.StateMachine (ArithmeticStateMachine.java:applyTransaction(183)) - FOLLOWER:s2-77: c = √(a^2 + b^2) = 113
2024-10-20 10:37:08,625 INFO  statemachine.StateMachine (ArithmeticStateMachine.java:applyTransaction(181)) - LEADER:s0-79: a = null = null
2024-10-20 10:37:08,626 DEBUG statemachine.StateMachine (ArithmeticStateMachine.java:applyTransaction(183)) - FOLLOWER:s1-79: a = null = null
2024-10-20 10:37:08,641 DEBUG statemachine.StateMachine (ArithmeticStateMachine.java:applyTransaction(183)) - FOLLOWER:s2-79: a = null = null
2024-10-20 10:37:08,658 INFO  statemachine.StateMachine (ArithmeticStateMachine.java:applyTransaction(181)) - LEADER:s0-81: b = null = null
2024-10-20 10:37:08,659 DEBUG statemachine.StateMachine (ArithmeticStateMachine.java:applyTransaction(183)) - FOLLOWER:s1-81: b = null = null
2024-10-20 10:37:08,667 DEBUG statemachine.StateMachine (ArithmeticStateMachine.java:applyTransaction(183)) - FOLLOWER:s2-81: b = null = null
2024-10-20 10:37:08,692 INFO  statemachine.StateMachine (ArithmeticStateMachine.java:applyTransaction(181)) - LEADER:s0-83: c = null = null
2024-10-20 10:37:08,694 DEBUG statemachine.StateMachine (ArithmeticStateMachine.java:applyTransaction(183)) - FOLLOWER:s1-83: c = null = null
2024-10-20 10:37:08,698 DEBUG statemachine.StateMachine (ArithmeticStateMachine.java:applyTransaction(183)) - FOLLOWER:s2-83: c = null = null
2024-10-20 10:37:08,721 INFO  statemachine.StateMachine (ArithmeticStateMachine.java:applyTransaction(181)) - LEADER:s0-85: a = 17 = 17
2024-10-20 10:37:08,722 DEBUG statemachine.StateMachine (ArithmeticStateMachine.java:applyTransaction(183)) - FOLLOWER:s1-85: a = 17 = 17
2024-10-20 10:37:08,725 DEBUG statemachine.StateMachine (ArithmeticStateMachine.java:applyTransaction(183)) - FOLLOWER:s2-85: a = 17 = 17
2024-10-20 10:37:08,758 INFO  statemachine.StateMachine (ArithmeticStateMachine.java:applyTransaction(181)) - LEADER:s0-87: b = 144 = 144
2024-10-20 10:37:08,759 DEBUG statemachine.StateMachine (ArithmeticStateMachine.java:applyTransaction(183)) - FOLLOWER:s1-87: b = 144 = 144
2024-10-20 10:37:08,761 DEBUG statemachine.StateMachine (ArithmeticStateMachine.java:applyTransaction(183)) - FOLLOWER:s2-87: b = 144 = 144
2024-10-20 10:37:08,791 INFO  statemachine.StateMachine (ArithmeticStateMachine.java:applyTransaction(181)) - LEADER:s0-89: c = √(a^2 + b^2) = 145
2024-10-20 10:37:08,792 DEBUG statemachine.StateMachine (ArithmeticStateMachine.java:applyTransaction(183)) - FOLLOWER:s1-89: c = √(a^2 + b^2) = 145
2024-10-20 10:37:08,792 DEBUG statemachine.StateMachine (ArithmeticStateMachine.java:applyTransaction(183)) - FOLLOWER:s2-89: c = √(a^2 + b^2) = 145
2024-10-20 10:37:08,820 INFO  statemachine.StateMachine (ArithmeticStateMachine.java:applyTransaction(181)) - LEADER:s0-91: a = null = null
2024-10-20 10:37:08,821 DEBUG statemachine.StateMachine (ArithmeticStateMachine.java:applyTransaction(183)) - FOLLOWER:s1-91: a = null = null
2024-10-20 10:37:08,823 DEBUG statemachine.StateMachine (ArithmeticStateMachine.java:applyTransaction(183)) - FOLLOWER:s2-91: a = null = null
2024-10-20 10:37:08,845 INFO  statemachine.StateMachine (ArithmeticStateMachine.java:applyTransaction(181)) - LEADER:s0-93: b = null = null
2024-10-20 10:37:08,846 DEBUG statemachine.StateMachine (ArithmeticStateMachine.java:applyTransaction(183)) - FOLLOWER:s1-93: b = null = null
2024-10-20 10:37:08,855 DEBUG statemachine.StateMachine (ArithmeticStateMachine.java:applyTransaction(183)) - FOLLOWER:s2-93: b = null = null
2024-10-20 10:37:08,880 INFO  statemachine.StateMachine (ArithmeticStateMachine.java:applyTransaction(181)) - LEADER:s0-95: c = null = null
2024-10-20 10:37:08,881 DEBUG statemachine.StateMachine (ArithmeticStateMachine.java:applyTransaction(183)) - FOLLOWER:s1-95: c = null = null
2024-10-20 10:37:08,882 DEBUG statemachine.StateMachine (ArithmeticStateMachine.java:applyTransaction(183)) - FOLLOWER:s2-95: c = null = null
2024-10-20 10:37:08,909 INFO  statemachine.StateMachine (ArithmeticStateMachine.java:applyTransaction(181)) - LEADER:s0-97: a = 19 = 19
2024-10-20 10:37:08,911 DEBUG statemachine.StateMachine (ArithmeticStateMachine.java:applyTransaction(183)) - FOLLOWER:s2-97: a = 19 = 19
2024-10-20 10:37:08,914 DEBUG statemachine.StateMachine (ArithmeticStateMachine.java:applyTransaction(183)) - FOLLOWER:s1-97: a = 19 = 19
2024-10-20 10:37:08,944 INFO  statemachine.StateMachine (ArithmeticStateMachine.java:applyTransaction(181)) - LEADER:s0-99: b = 180 = 180
2024-10-20 10:37:08,945 DEBUG statemachine.StateMachine (ArithmeticStateMachine.java:applyTransaction(183)) - FOLLOWER:s1-99: b = 180 = 180
2024-10-20 10:37:08,946 DEBUG statemachine.StateMachine (ArithmeticStateMachine.java:applyTransaction(183)) - FOLLOWER:s2-99: b = 180 = 180
2024-10-20 10:37:08,972 INFO  statemachine.StateMachine (ArithmeticStateMachine.java:applyTransaction(181)) - LEADER:s0-101: c = √(a^2 + b^2) = 181
2024-10-20 10:37:08,974 DEBUG statemachine.StateMachine (ArithmeticStateMachine.java:applyTransaction(183)) - FOLLOWER:s2-101: c = √(a^2 + b^2) = 181
2024-10-20 10:37:08,979 DEBUG statemachine.StateMachine (ArithmeticStateMachine.java:applyTransaction(183)) - FOLLOWER:s1-101: c = √(a^2 + b^2) = 181
2024-10-20 10:37:09,003 INFO  statemachine.StateMachine (ArithmeticStateMachine.java:applyTransaction(181)) - LEADER:s0-103: a = null = null
2024-10-20 10:37:09,004 DEBUG statemachine.StateMachine (ArithmeticStateMachine.java:applyTransaction(183)) - FOLLOWER:s2-103: a = null = null
2024-10-20 10:37:09,004 DEBUG statemachine.StateMachine (ArithmeticStateMachine.java:applyTransaction(183)) - FOLLOWER:s1-103: a = null = null
2024-10-20 10:37:09,035 INFO  statemachine.StateMachine (ArithmeticStateMachine.java:applyTransaction(181)) - LEADER:s0-105: b = null = null
2024-10-20 10:37:09,036 DEBUG statemachine.StateMachine (ArithmeticStateMachine.java:applyTransaction(183)) - FOLLOWER:s1-105: b = null = null
2024-10-20 10:37:09,038 DEBUG statemachine.StateMachine (ArithmeticStateMachine.java:applyTransaction(183)) - FOLLOWER:s2-105: b = null = null
2024-10-20 10:37:09,070 INFO  statemachine.StateMachine (ArithmeticStateMachine.java:applyTransaction(181)) - LEADER:s0-107: c = null = null
2024-10-20 10:37:09,072 DEBUG statemachine.StateMachine (ArithmeticStateMachine.java:applyTransaction(183)) - FOLLOWER:s1-107: c = null = null
2024-10-20 10:37:09,072 DEBUG statemachine.StateMachine (ArithmeticStateMachine.java:applyTransaction(183)) - FOLLOWER:s2-107: c = null = null
2024-10-20 10:37:09,098 INFO  statemachine.StateMachine (ArithmeticStateMachine.java:applyTransaction(181)) - LEADER:s0-109: a = 21 = 21
2024-10-20 10:37:09,099 DEBUG statemachine.StateMachine (ArithmeticStateMachine.java:applyTransaction(183)) - FOLLOWER:s2-109: a = 21 = 21
2024-10-20 10:37:09,106 DEBUG statemachine.StateMachine (ArithmeticStateMachine.java:applyTransaction(183)) - FOLLOWER:s1-109: a = 21 = 21
2024-10-20 10:37:09,135 INFO  statemachine.StateMachine (ArithmeticStateMachine.java:applyTransaction(181)) - LEADER:s0-111: b = 220 = 220
2024-10-20 10:37:09,137 DEBUG statemachine.StateMachine (ArithmeticStateMachine.java:applyTransaction(183)) - FOLLOWER:s1-111: b = 220 = 220
2024-10-20 10:37:09,139 DEBUG statemachine.StateMachine (ArithmeticStateMachine.java:applyTransaction(183)) - FOLLOWER:s2-111: b = 220 = 220
2024-10-20 10:37:09,165 INFO  statemachine.StateMachine (ArithmeticStateMachine.java:applyTransaction(181)) - LEADER:s0-113: c = √(a^2 + b^2) = 221
2024-10-20 10:37:09,167 DEBUG statemachine.StateMachine (ArithmeticStateMachine.java:applyTransaction(183)) - FOLLOWER:s2-113: c = √(a^2 + b^2) = 221
2024-10-20 10:37:09,172 DEBUG statemachine.StateMachine (ArithmeticStateMachine.java:applyTransaction(183)) - FOLLOWER:s1-113: c = √(a^2 + b^2) = 221
2024-10-20 10:37:09,196 INFO  statemachine.StateMachine (ArithmeticStateMachine.java:applyTransaction(181)) - LEADER:s0-115: a = null = null
2024-10-20 10:37:09,199 DEBUG statemachine.StateMachine (ArithmeticStateMachine.java:applyTransaction(183)) - FOLLOWER:s2-115: a = null = null
2024-10-20 10:37:09,207 DEBUG statemachine.StateMachine (ArithmeticStateMachine.java:applyTransaction(183)) - FOLLOWER:s1-115: a = null = null
2024-10-20 10:37:09,230 INFO  statemachine.StateMachine (ArithmeticStateMachine.java:applyTransaction(181)) - LEADER:s0-117: b = null = null
2024-10-20 10:37:09,232 DEBUG statemachine.StateMachine (ArithmeticStateMachine.java:applyTransaction(183)) - FOLLOWER:s2-117: b = null = null
2024-10-20 10:37:09,245 DEBUG statemachine.StateMachine (ArithmeticStateMachine.java:applyTransaction(183)) - FOLLOWER:s1-117: b = null = null
2024-10-20 10:37:09,259 INFO  statemachine.StateMachine (ArithmeticStateMachine.java:applyTransaction(181)) - LEADER:s0-119: c = null = null
2024-10-20 10:37:09,260 DEBUG statemachine.StateMachine (ArithmeticStateMachine.java:applyTransaction(183)) - FOLLOWER:s2-119: c = null = null
2024-10-20 10:37:09,271 DEBUG statemachine.StateMachine (ArithmeticStateMachine.java:applyTransaction(183)) - FOLLOWER:s1-119: c = null = null
2024-10-20 10:37:09,283 INFO  impl.MiniRaftCluster (MiniRaftCluster.java:shutdown(847)) - ************************************************************** 
2024-10-20 10:37:09,284 INFO  impl.MiniRaftCluster (MiniRaftCluster.java:shutdown(848)) - *** 
2024-10-20 10:37:09,284 INFO  impl.MiniRaftCluster (MiniRaftCluster.java:shutdown(849)) - ***     Stopping MiniRaftClusterWithSimulatedRpc
2024-10-20 10:37:09,284 INFO  impl.MiniRaftCluster (MiniRaftCluster.java:shutdown(850)) - *** 
2024-10-20 10:37:09,284 INFO  impl.MiniRaftCluster (MiniRaftCluster.java:shutdown(851)) - ************************************************************** 
2024-10-20 10:37:09,284 INFO  impl.MiniRaftCluster (MiniRaftCluster.java:shutdown(852)) - printing ALL groups
  s0:  RUNNING    LEADER s0@group-0BB98DB08B7D:t1, leader=s0, voted=s0, raftlog=Memoized:s0@group-0BB98DB08B7D-SegmentedRaftLog:OPENED:c120:last(t:1, i:120), conf=conf: {index: 0, cur=peers:[s0|localhost:15000, s1|localhost:15004, s2|localhost:15008]|listeners:[], old=null} RUNNING
  s1:  RUNNING  FOLLOWER s1@group-0BB98DB08B7D:t1, leader=s0, voted=s0, raftlog=Memoized:s1@group-0BB98DB08B7D-SegmentedRaftLog:OPENED:c119:last(t:1, i:120), conf=conf: {index: 0, cur=peers:[s0|localhost:15000, s1|localhost:15004, s2|localhost:15008]|listeners:[], old=null} RUNNING
  s2:  RUNNING  FOLLOWER s2@group-0BB98DB08B7D:t1, leader=s0, voted=s0, raftlog=Memoized:s2@group-0BB98DB08B7D-SegmentedRaftLog:OPENED:c119:last(t:1, i:120), conf=conf: {index: 0, cur=peers:[s0|localhost:15000, s1|localhost:15004, s2|localhost:15008]|listeners:[], old=null} RUNNING
2024-10-20 10:37:09,287 INFO  server.RaftServer (RaftServerProxy.java:lambda$close$9(418)) - s0: close
2024-10-20 10:37:09,287 INFO  server.RaftServer (RaftServerProxy.java:lambda$close$9(418)) - s1: close
2024-10-20 10:37:09,288 INFO  server.RaftServer$Division (RaftServerImpl.java:lambda$close$1(515)) - s1@group-0BB98DB08B7D: shutdown
2024-10-20 10:37:09,288 INFO  util.JmxRegister (JmxRegister.java:unregister(74)) - Successfully un-registered JMX Bean with object name Ratis:service=RaftServer,group=group-0BB98DB08B7D,id=s1
2024-10-20 10:37:09,288 INFO  impl.RoleInfo (RoleInfo.java:shutdownFollowerState(121)) - s1: shutdown s1@group-0BB98DB08B7D-FollowerState
2024-10-20 10:37:09,288 INFO  simulation.RequestHandler (RequestHandler.java:run(127)) - s0.clientHandler0 is interrupted by java.io.InterruptedIOException: 
2024-10-20 10:37:09,288 INFO  simulation.RequestHandler (RequestHandler.java:run(127)) - s0.clientHandler1 is interrupted by java.io.InterruptedIOException: 
2024-10-20 10:37:09,288 INFO  simulation.RequestHandler (RequestHandler.java:run(127)) - s0.clientHandler2 is interrupted by java.io.InterruptedIOException: 
2024-10-20 10:37:09,289 INFO  server.RaftServer$Division (RaftServerImpl.java:lambda$close$1(515)) - s0@group-0BB98DB08B7D: shutdown
2024-10-20 10:37:09,289 INFO  util.JmxRegister (JmxRegister.java:unregister(74)) - Successfully un-registered JMX Bean with object name Ratis:service=RaftServer,group=group-0BB98DB08B7D,id=s0
2024-10-20 10:37:09,289 INFO  impl.RoleInfo (RoleInfo.java:shutdownLeaderState(103)) - s0: shutdown s0@group-0BB98DB08B7D-LeaderStateImpl
2024-10-20 10:37:09,289 INFO  impl.PendingRequests (PendingRequests.java:sendNotLeaderResponses(287)) - s0@group-0BB98DB08B7D-PendingRequests: sendNotLeaderResponses
2024-10-20 10:37:09,290 INFO  impl.StateMachineUpdater (StateMachineUpdater.java:stopAndJoin(164)) - s1@group-0BB98DB08B7D-StateMachineUpdater: set stopIndex = 119
2024-10-20 10:37:09,290 INFO  leader.LogAppenderDaemon (LogAppenderDaemon.java:run(85)) - s0@group-0BB98DB08B7D->s2-LogAppenderDefault-LogAppenderDaemon was interrupted: java.lang.InterruptedException
2024-10-20 10:37:09,290 INFO  impl.StateMachineUpdater (StateMachineUpdater.java:stop(141)) - s1@group-0BB98DB08B7D-StateMachineUpdater: closing ArithmeticStateMachine, lastApplied=(t:1, i:119)
2024-10-20 10:37:09,290 INFO  impl.FollowerState (FollowerState.java:runImpl(170)) - s1@group-0BB98DB08B7D-FollowerState was interrupted
2024-10-20 10:37:09,291 INFO  leader.LogAppenderDaemon (LogAppenderDaemon.java:run(85)) - s0@group-0BB98DB08B7D->s1-LogAppenderDefault-LogAppenderDaemon was interrupted: java.lang.InterruptedException
2024-10-20 10:37:09,291 INFO  raftlog.RaftLog (SegmentedRaftLog.java:close(567)) - Start closing s1@group-0BB98DB08B7D-SegmentedRaftLog:OPENED:c119:last(t:1, i:120)
2024-10-20 10:37:09,292 INFO  util.AwaitToRun (AwaitToRun.java:run(49)) - s1@group-0BB98DB08B7D-cacheEviction-AwaitToRun-AwaitForSignal is interrupted
2024-10-20 10:37:09,293 INFO  segmented.LogSegment (LogSegment.java:close(348)) - Successfully closed EntryCache-log_inprogress_0
2024-10-20 10:37:09,294 INFO  simulation.RequestHandler (RequestHandler.java:run(127)) - s1.clientHandler0 is interrupted by java.io.InterruptedIOException: 
2024-10-20 10:37:09,294 INFO  simulation.RequestHandler (RequestHandler.java:run(127)) - s1.clientHandler1 is interrupted by java.io.InterruptedIOException: 
2024-10-20 10:37:09,294 INFO  simulation.RequestHandler (RequestHandler.java:run(127)) - s1.clientHandler2 is interrupted by java.io.InterruptedIOException: 
2024-10-20 10:37:09,294 INFO  server.RaftServer (RaftServerProxy.java:lambda$close$9(418)) - s2: close
2024-10-20 10:37:09,295 INFO  server.RaftServer$Division (RaftServerImpl.java:lambda$close$1(515)) - s2@group-0BB98DB08B7D: shutdown
2024-10-20 10:37:09,295 INFO  util.JmxRegister (JmxRegister.java:unregister(74)) - Successfully un-registered JMX Bean with object name Ratis:service=RaftServer,group=group-0BB98DB08B7D,id=s2
2024-10-20 10:37:09,295 INFO  impl.RoleInfo (RoleInfo.java:shutdownFollowerState(121)) - s2: shutdown s2@group-0BB98DB08B7D-FollowerState
2024-10-20 10:37:09,295 INFO  impl.StateMachineUpdater (StateMachineUpdater.java:stopAndJoin(164)) - s2@group-0BB98DB08B7D-StateMachineUpdater: set stopIndex = 119
2024-10-20 10:37:09,295 INFO  impl.StateMachineUpdater (StateMachineUpdater.java:stop(141)) - s2@group-0BB98DB08B7D-StateMachineUpdater: closing ArithmeticStateMachine, lastApplied=(t:1, i:119)
2024-10-20 10:37:09,295 INFO  simulation.RequestHandler (RequestHandler.java:run(127)) - s2.clientHandler0 is interrupted by java.io.InterruptedIOException: 
2024-10-20 10:37:09,295 INFO  raftlog.RaftLog (SegmentedRaftLog.java:close(567)) - Start closing s2@group-0BB98DB08B7D-SegmentedRaftLog:OPENED:c119:last(t:1, i:120)
2024-10-20 10:37:09,295 INFO  util.AwaitToRun (AwaitToRun.java:run(49)) - s2@group-0BB98DB08B7D-cacheEviction-AwaitToRun-AwaitForSignal is interrupted
2024-10-20 10:37:09,296 INFO  segmented.LogSegment (LogSegment.java:close(348)) - Successfully closed EntryCache-log_inprogress_0
2024-10-20 10:37:09,294 INFO  simulation.RequestHandler (RequestHandler.java:run(127)) - s1.serverHandler0 is interrupted by java.io.InterruptedIOException: 
2024-10-20 10:37:09,297 INFO  simulation.RequestHandler (RequestHandler.java:run(127)) - s2.clientHandler1 is interrupted by java.io.InterruptedIOException: 
2024-10-20 10:37:09,294 INFO  simulation.RequestHandler (RequestHandler.java:run(127)) - s1.serverHandler1 is interrupted by java.io.InterruptedIOException: 
2024-10-20 10:37:09,294 INFO  simulation.RequestHandler (RequestHandler.java:run(127)) - s1.serverHandler2 is interrupted by java.io.InterruptedIOException: 
2024-10-20 10:37:09,295 INFO  simulation.RequestHandler (RequestHandler.java:run(127)) - s2.clientHandler2 is interrupted by java.io.InterruptedIOException: 
2024-10-20 10:37:09,295 INFO  impl.FollowerState (FollowerState.java:runImpl(170)) - s2@group-0BB98DB08B7D-FollowerState was interrupted
2024-10-20 10:37:09,298 INFO  simulation.RequestHandler (RequestHandler.java:run(127)) - s2.serverHandler0 is interrupted by java.io.InterruptedIOException: 
2024-10-20 10:37:09,298 INFO  simulation.RequestHandler (RequestHandler.java:run(127)) - s0.serverHandler0 is interrupted by java.io.InterruptedIOException: 
2024-10-20 10:37:09,298 INFO  simulation.RequestHandler (RequestHandler.java:run(127)) - s2.serverHandler2 is interrupted by java.io.InterruptedIOException: 
2024-10-20 10:37:09,299 INFO  simulation.RequestHandler (RequestHandler.java:run(127)) - s0.serverHandler2 is interrupted by java.io.InterruptedIOException: 
2024-10-20 10:37:09,298 INFO  simulation.RequestHandler (RequestHandler.java:run(127)) - s2.serverHandler1 is interrupted by java.io.InterruptedIOException: 
2024-10-20 10:37:09,299 INFO  simulation.RequestHandler (RequestHandler.java:run(127)) - s0.serverHandler1 is interrupted by java.io.InterruptedIOException: 
2024-10-20 10:37:09,299 INFO  impl.StateMachineUpdater (StateMachineUpdater.java:stopAndJoin(164)) - s0@group-0BB98DB08B7D-StateMachineUpdater: set stopIndex = 120
2024-10-20 10:37:09,299 INFO  impl.StateMachineUpdater (StateMachineUpdater.java:stop(141)) - s0@group-0BB98DB08B7D-StateMachineUpdater: closing ArithmeticStateMachine, lastApplied=(t:1, i:120)
2024-10-20 10:37:09,299 INFO  raftlog.RaftLog (SegmentedRaftLog.java:close(567)) - Start closing s0@group-0BB98DB08B7D-SegmentedRaftLog:OPENED:c120:last(t:1, i:120)
2024-10-20 10:37:09,300 INFO  util.AwaitToRun (AwaitToRun.java:run(49)) - s0@group-0BB98DB08B7D-cacheEviction-AwaitToRun-AwaitForSignal is interrupted
2024-10-20 10:37:09,301 INFO  segmented.LogSegment (LogSegment.java:close(348)) - Successfully closed EntryCache-log_inprogress_0
2024-10-20 10:37:10,287 WARN  impl.MiniRaftCluster (MiniRaftCluster.java:shutdown(872)) - 1/30: Not yet able to shutdown executor, will wait again ...
2024-10-20 10:37:10,304 INFO  segmented.SegmentedRaftLogWorker (SegmentedRaftLogWorker.java:close(253)) - s2@group-0BB98DB08B7D-SegmentedRaftLogWorker close()
2024-10-20 10:37:10,305 INFO  segmented.SegmentedRaftLogWorker (SegmentedRaftLogWorker.java:close(253)) - s1@group-0BB98DB08B7D-SegmentedRaftLogWorker close()
2024-10-20 10:37:10,305 INFO  segmented.SegmentedRaftLogWorker (SegmentedRaftLogWorker.java:close(253)) - s0@group-0BB98DB08B7D-SegmentedRaftLogWorker close()
2024-10-20 10:37:10,305 INFO  raftlog.RaftLog (SegmentedRaftLog.java:close(575)) - Successfully closed s2@group-0BB98DB08B7D-SegmentedRaftLog:CLOSED:c119
2024-10-20 10:37:10,305 INFO  raftlog.RaftLog (SegmentedRaftLog.java:close(575)) - Successfully closed s1@group-0BB98DB08B7D-SegmentedRaftLog:CLOSED:c119
2024-10-20 10:37:10,309 INFO  raftlog.RaftLog (SegmentedRaftLog.java:close(575)) - Successfully closed s0@group-0BB98DB08B7D-SegmentedRaftLog:CLOSED:c120
2024-10-20 10:37:10,318 INFO  util.JvmPauseMonitor (JvmPauseMonitor.java:run(152)) - JvmPauseMonitor-s0: Stopped
2024-10-20 10:37:10,322 INFO  util.JvmPauseMonitor (JvmPauseMonitor.java:run(152)) - JvmPauseMonitor-s2: Stopped
2024-10-20 10:37:10,322 INFO  util.JvmPauseMonitor (JvmPauseMonitor.java:run(152)) - JvmPauseMonitor-s1: Stopped
2024-10-20 10:37:10,323 INFO  impl.MiniRaftCluster (MiniRaftCluster.java:shutdown(885)) - MiniRaftClusterWithSimulatedRpc shutdown completed
2024-10-20 10:37:10,323 INFO  ratis.RaftTestUtil (RaftTestUtil.java:gc(596)) - gc 0
2024-10-20 10:37:10,470 WARN  util.ReferenceCountedLeakDetector (ReferenceCountedLeakDetector.java:logLeakMessage(167)) - LEAK: (class org.apache.ratis.protocol.RaftClientRequest, count=1, value=RaftClientRequest:client-B8C6DAF7079C->s0@group-0BB98DB08B7D, cid=66, seq=null, RW, a = 7)
2024-10-20 10:37:10,471 WARN  util.LeakDetector (LeakDetector.java:assertNoLeaks(171)) - 0/30) numLeaks == 1 > 0, will wait and retry ...
2024-10-20 10:37:11,471 WARN  util.ReferenceCountedLeakDetector (ReferenceCountedLeakDetector.java:logLeakMessage(167)) - LEAK: (class org.apache.ratis.protocol.RaftClientRequest, count=1, value=RaftClientRequest:client-B8C6DAF7079C->s0@group-0BB98DB08B7D, cid=66, seq=null, RW, a = 7)
2024-10-20 10:37:11,472 WARN  util.LeakDetector (LeakDetector.java:assertNoLeaks(171)) - 1/30) numLeaks == 1 > 0, will wait and retry ...
2024-10-20 10:37:12,472 WARN  util.ReferenceCountedLeakDetector (ReferenceCountedLeakDetector.java:logLeakMessage(167)) - LEAK: (class org.apache.ratis.protocol.RaftClientRequest, count=1, value=RaftClientRequest:client-B8C6DAF7079C->s0@group-0BB98DB08B7D, cid=66, seq=null, RW, a = 7)
2024-10-20 10:37:12,473 WARN  util.LeakDetector (LeakDetector.java:assertNoLeaks(171)) - 2/30) numLeaks == 1 > 0, will wait and retry ...
2024-10-20 10:37:13,473 WARN  util.ReferenceCountedLeakDetector (ReferenceCountedLeakDetector.java:logLeakMessage(167)) - LEAK: (class org.apache.ratis.protocol.RaftClientRequest, count=1, value=RaftClientRequest:client-B8C6DAF7079C->s0@group-0BB98DB08B7D, cid=66, seq=null, RW, a = 7)
2024-10-20 10:37:13,473 WARN  util.LeakDetector (LeakDetector.java:assertNoLeaks(171)) - 3/30) numLeaks == 1 > 0, will wait and retry ...
2024-10-20 10:37:14,474 WARN  util.ReferenceCountedLeakDetector (ReferenceCountedLeakDetector.java:logLeakMessage(167)) - LEAK: (class org.apache.ratis.protocol.RaftClientRequest, count=1, value=RaftClientRequest:client-B8C6DAF7079C->s0@group-0BB98DB08B7D, cid=66, seq=null, RW, a = 7)
2024-10-20 10:37:14,474 WARN  util.LeakDetector (LeakDetector.java:assertNoLeaks(171)) - 4/30) numLeaks == 1 > 0, will wait and retry ...
2024-10-20 10:37:15,474 WARN  util.ReferenceCountedLeakDetector (ReferenceCountedLeakDetector.java:logLeakMessage(167)) - LEAK: (class org.apache.ratis.protocol.RaftClientRequest, count=1, value=RaftClientRequest:client-B8C6DAF7079C->s0@group-0BB98DB08B7D, cid=66, seq=null, RW, a = 7)
2024-10-20 10:37:15,475 WARN  util.LeakDetector (LeakDetector.java:assertNoLeaks(171)) - 5/30) numLeaks == 1 > 0, will wait and retry ...
2024-10-20 10:37:16,475 WARN  util.ReferenceCountedLeakDetector (ReferenceCountedLeakDetector.java:logLeakMessage(167)) - LEAK: (class org.apache.ratis.protocol.RaftClientRequest, count=1, value=RaftClientRequest:client-B8C6DAF7079C->s0@group-0BB98DB08B7D, cid=66, seq=null, RW, a = 7)
2024-10-20 10:37:16,475 WARN  util.LeakDetector (LeakDetector.java:assertNoLeaks(171)) - 6/30) numLeaks == 1 > 0, will wait and retry ...
2024-10-20 10:37:17,476 WARN  util.ReferenceCountedLeakDetector (ReferenceCountedLeakDetector.java:logLeakMessage(167)) - LEAK: (class org.apache.ratis.protocol.RaftClientRequest, count=1, value=RaftClientRequest:client-B8C6DAF7079C->s0@group-0BB98DB08B7D, cid=66, seq=null, RW, a = 7)
2024-10-20 10:37:17,476 WARN  util.LeakDetector (LeakDetector.java:assertNoLeaks(171)) - 7/30) numLeaks == 1 > 0, will wait and retry ...
2024-10-20 10:37:18,476 WARN  util.ReferenceCountedLeakDetector (ReferenceCountedLeakDetector.java:logLeakMessage(167)) - LEAK: (class org.apache.ratis.protocol.RaftClientRequest, count=1, value=RaftClientRequest:client-B8C6DAF7079C->s0@group-0BB98DB08B7D, cid=66, seq=null, RW, a = 7)
2024-10-20 10:37:18,477 WARN  util.LeakDetector (LeakDetector.java:assertNoLeaks(171)) - 8/30) numLeaks == 1 > 0, will wait and retry ...
2024-10-20 10:37:19,477 WARN  util.ReferenceCountedLeakDetector (ReferenceCountedLeakDetector.java:logLeakMessage(167)) - LEAK: (class org.apache.ratis.protocol.RaftClientRequest, count=1, value=RaftClientRequest:client-B8C6DAF7079C->s0@group-0BB98DB08B7D, cid=66, seq=null, RW, a = 7)
2024-10-20 10:37:19,477 WARN  util.LeakDetector (LeakDetector.java:assertNoLeaks(171)) - 9/30) numLeaks == 1 > 0, will wait and retry ...
2024-10-20 10:37:20,478 WARN  util.ReferenceCountedLeakDetector (ReferenceCountedLeakDetector.java:logLeakMessage(167)) - LEAK: (class org.apache.ratis.protocol.RaftClientRequest, count=1, value=RaftClientRequest:client-B8C6DAF7079C->s0@group-0BB98DB08B7D, cid=66, seq=null, RW, a = 7)
2024-10-20 10:37:20,478 WARN  util.LeakDetector (LeakDetector.java:assertNoLeaks(171)) - 10/30) numLeaks == 1 > 0, will wait and retry ...
2024-10-20 10:37:21,479 WARN  util.ReferenceCountedLeakDetector (ReferenceCountedLeakDetector.java:logLeakMessage(167)) - LEAK: (class org.apache.ratis.protocol.RaftClientRequest, count=1, value=RaftClientRequest:client-B8C6DAF7079C->s0@group-0BB98DB08B7D, cid=66, seq=null, RW, a = 7)
2024-10-20 10:37:21,479 WARN  util.LeakDetector (LeakDetector.java:assertNoLeaks(171)) - 11/30) numLeaks == 1 > 0, will wait and retry ...
2024-10-20 10:37:22,479 WARN  util.ReferenceCountedLeakDetector (ReferenceCountedLeakDetector.java:logLeakMessage(167)) - LEAK: (class org.apache.ratis.protocol.RaftClientRequest, count=1, value=RaftClientRequest:client-B8C6DAF7079C->s0@group-0BB98DB08B7D, cid=66, seq=null, RW, a = 7)
2024-10-20 10:37:22,480 WARN  util.LeakDetector (LeakDetector.java:assertNoLeaks(171)) - 12/30) numLeaks == 1 > 0, will wait and retry ...
2024-10-20 10:37:23,480 WARN  util.ReferenceCountedLeakDetector (ReferenceCountedLeakDetector.java:logLeakMessage(167)) - LEAK: (class org.apache.ratis.protocol.RaftClientRequest, count=1, value=RaftClientRequest:client-B8C6DAF7079C->s0@group-0BB98DB08B7D, cid=66, seq=null, RW, a = 7)
2024-10-20 10:37:23,480 WARN  util.LeakDetector (LeakDetector.java:assertNoLeaks(171)) - 13/30) numLeaks == 1 > 0, will wait and retry ...
2024-10-20 10:37:24,481 WARN  util.ReferenceCountedLeakDetector (ReferenceCountedLeakDetector.java:logLeakMessage(167)) - LEAK: (class org.apache.ratis.protocol.RaftClientRequest, count=1, value=RaftClientRequest:client-B8C6DAF7079C->s0@group-0BB98DB08B7D, cid=66, seq=null, RW, a = 7)
2024-10-20 10:37:24,481 WARN  util.LeakDetector (LeakDetector.java:assertNoLeaks(171)) - 14/30) numLeaks == 1 > 0, will wait and retry ...
2024-10-20 10:37:25,481 WARN  util.ReferenceCountedLeakDetector (ReferenceCountedLeakDetector.java:logLeakMessage(167)) - LEAK: (class org.apache.ratis.protocol.RaftClientRequest, count=1, value=RaftClientRequest:client-B8C6DAF7079C->s0@group-0BB98DB08B7D, cid=66, seq=null, RW, a = 7)
2024-10-20 10:37:25,482 WARN  util.LeakDetector (LeakDetector.java:assertNoLeaks(171)) - 15/30) numLeaks == 1 > 0, will wait and retry ...
2024-10-20 10:37:26,482 WARN  util.ReferenceCountedLeakDetector (ReferenceCountedLeakDetector.java:logLeakMessage(167)) - LEAK: (class org.apache.ratis.protocol.RaftClientRequest, count=1, value=RaftClientRequest:client-B8C6DAF7079C->s0@group-0BB98DB08B7D, cid=66, seq=null, RW, a = 7)
2024-10-20 10:37:26,482 WARN  util.LeakDetector (LeakDetector.java:assertNoLeaks(171)) - 16/30) numLeaks == 1 > 0, will wait and retry ...
2024-10-20 10:37:27,485 WARN  util.ReferenceCountedLeakDetector (ReferenceCountedLeakDetector.java:logLeakMessage(167)) - LEAK: (class org.apache.ratis.protocol.RaftClientRequest, count=1, value=RaftClientRequest:client-B8C6DAF7079C->s0@group-0BB98DB08B7D, cid=66, seq=null, RW, a = 7)
2024-10-20 10:37:27,485 WARN  util.LeakDetector (LeakDetector.java:assertNoLeaks(171)) - 17/30) numLeaks == 1 > 0, will wait and retry ...
2024-10-20 10:37:28,485 WARN  util.ReferenceCountedLeakDetector (ReferenceCountedLeakDetector.java:logLeakMessage(167)) - LEAK: (class org.apache.ratis.protocol.RaftClientRequest, count=1, value=RaftClientRequest:client-B8C6DAF7079C->s0@group-0BB98DB08B7D, cid=66, seq=null, RW, a = 7)
2024-10-20 10:37:28,486 WARN  util.LeakDetector (LeakDetector.java:assertNoLeaks(171)) - 18/30) numLeaks == 1 > 0, will wait and retry ...
2024-10-20 10:37:29,486 WARN  util.ReferenceCountedLeakDetector (ReferenceCountedLeakDetector.java:logLeakMessage(167)) - LEAK: (class org.apache.ratis.protocol.RaftClientRequest, count=1, value=RaftClientRequest:client-B8C6DAF7079C->s0@group-0BB98DB08B7D, cid=66, seq=null, RW, a = 7)
2024-10-20 10:37:29,486 WARN  util.LeakDetector (LeakDetector.java:assertNoLeaks(171)) - 19/30) numLeaks == 1 > 0, will wait and retry ...
2024-10-20 10:37:30,487 WARN  util.ReferenceCountedLeakDetector (ReferenceCountedLeakDetector.java:logLeakMessage(167)) - LEAK: (class org.apache.ratis.protocol.RaftClientRequest, count=1, value=RaftClientRequest:client-B8C6DAF7079C->s0@group-0BB98DB08B7D, cid=66, seq=null, RW, a = 7)
2024-10-20 10:37:30,487 WARN  util.LeakDetector (LeakDetector.java:assertNoLeaks(171)) - 20/30) numLeaks == 1 > 0, will wait and retry ...
2024-10-20 10:37:31,487 WARN  util.ReferenceCountedLeakDetector (ReferenceCountedLeakDetector.java:logLeakMessage(167)) - LEAK: (class org.apache.ratis.protocol.RaftClientRequest, count=1, value=RaftClientRequest:client-B8C6DAF7079C->s0@group-0BB98DB08B7D, cid=66, seq=null, RW, a = 7)
2024-10-20 10:37:31,488 WARN  util.LeakDetector (LeakDetector.java:assertNoLeaks(171)) - 21/30) numLeaks == 1 > 0, will wait and retry ...
2024-10-20 10:37:32,488 WARN  util.ReferenceCountedLeakDetector (ReferenceCountedLeakDetector.java:logLeakMessage(167)) - LEAK: (class org.apache.ratis.protocol.RaftClientRequest, count=1, value=RaftClientRequest:client-B8C6DAF7079C->s0@group-0BB98DB08B7D, cid=66, seq=null, RW, a = 7)
2024-10-20 10:37:32,488 WARN  util.LeakDetector (LeakDetector.java:assertNoLeaks(171)) - 22/30) numLeaks == 1 > 0, will wait and retry ...
2024-10-20 10:37:33,489 WARN  util.ReferenceCountedLeakDetector (ReferenceCountedLeakDetector.java:logLeakMessage(167)) - LEAK: (class org.apache.ratis.protocol.RaftClientRequest, count=1, value=RaftClientRequest:client-B8C6DAF7079C->s0@group-0BB98DB08B7D, cid=66, seq=null, RW, a = 7)
2024-10-20 10:37:33,489 WARN  util.LeakDetector (LeakDetector.java:assertNoLeaks(171)) - 23/30) numLeaks == 1 > 0, will wait and retry ...
2024-10-20 10:37:34,489 WARN  util.ReferenceCountedLeakDetector (ReferenceCountedLeakDetector.java:logLeakMessage(167)) - LEAK: (class org.apache.ratis.protocol.RaftClientRequest, count=1, value=RaftClientRequest:client-B8C6DAF7079C->s0@group-0BB98DB08B7D, cid=66, seq=null, RW, a = 7)
2024-10-20 10:37:34,490 WARN  util.LeakDetector (LeakDetector.java:assertNoLeaks(171)) - 24/30) numLeaks == 1 > 0, will wait and retry ...
2024-10-20 10:37:35,490 WARN  util.ReferenceCountedLeakDetector (ReferenceCountedLeakDetector.java:logLeakMessage(167)) - LEAK: (class org.apache.ratis.protocol.RaftClientRequest, count=1, value=RaftClientRequest:client-B8C6DAF7079C->s0@group-0BB98DB08B7D, cid=66, seq=null, RW, a = 7)
2024-10-20 10:37:35,490 WARN  util.LeakDetector (LeakDetector.java:assertNoLeaks(171)) - 25/30) numLeaks == 1 > 0, will wait and retry ...
2024-10-20 10:37:36,491 WARN  util.ReferenceCountedLeakDetector (ReferenceCountedLeakDetector.java:logLeakMessage(167)) - LEAK: (class org.apache.ratis.protocol.RaftClientRequest, count=1, value=RaftClientRequest:client-B8C6DAF7079C->s0@group-0BB98DB08B7D, cid=66, seq=null, RW, a = 7)
2024-10-20 10:37:36,491 WARN  util.LeakDetector (LeakDetector.java:assertNoLeaks(171)) - 26/30) numLeaks == 1 > 0, will wait and retry ...
2024-10-20 10:37:37,491 WARN  util.ReferenceCountedLeakDetector (ReferenceCountedLeakDetector.java:logLeakMessage(167)) - LEAK: (class org.apache.ratis.protocol.RaftClientRequest, count=1, value=RaftClientRequest:client-B8C6DAF7079C->s0@group-0BB98DB08B7D, cid=66, seq=null, RW, a = 7)
2024-10-20 10:37:37,492 WARN  util.LeakDetector (LeakDetector.java:assertNoLeaks(171)) - 27/30) numLeaks == 1 > 0, will wait and retry ...
2024-10-20 10:37:38,492 WARN  util.ReferenceCountedLeakDetector (ReferenceCountedLeakDetector.java:logLeakMessage(167)) - LEAK: (class org.apache.ratis.protocol.RaftClientRequest, count=1, value=RaftClientRequest:client-B8C6DAF7079C->s0@group-0BB98DB08B7D, cid=66, seq=null, RW, a = 7)
2024-10-20 10:37:38,492 WARN  util.LeakDetector (LeakDetector.java:assertNoLeaks(171)) - 28/30) numLeaks == 1 > 0, will wait and retry ...
2024-10-20 10:37:39,493 WARN  util.ReferenceCountedLeakDetector (ReferenceCountedLeakDetector.java:logLeakMessage(167)) - LEAK: (class org.apache.ratis.protocol.RaftClientRequest, count=1, value=RaftClientRequest:client-B8C6DAF7079C->s0@group-0BB98DB08B7D, cid=66, seq=null, RW, a = 7)
2024-10-20 10:37:39,493 WARN  util.LeakDetector (LeakDetector.java:assertNoLeaks(171)) - 29/30) numLeaks == 1 > 0, will wait and retry ...
2024-10-20 10:37:40,493 WARN  util.ReferenceCountedLeakDetector (ReferenceCountedLeakDetector.java:logLeakMessage(167)) - LEAK: (class org.apache.ratis.protocol.RaftClientRequest, count=1, value=RaftClientRequest:client-B8C6DAF7079C->s0@group-0BB98DB08B7D, cid=66, seq=null, RW, a = 7)
]]></system-out>
  </testcase>
  <testcase name="testPythagorean(MiniRaftCluster)[2]" classname="org.apache.ratis.examples.arithmetic.TestArithmetic" time="30.175">
    <error type="java.lang.IllegalStateException"><![CDATA[java.lang.IllegalStateException: #leaks = 1 > 0, #leaks == set.size = 1
	at org.apache.ratis.util.Preconditions.assertTrue(Preconditions.java:77)
	at org.apache.ratis.util.LeakDetector$LeakTrackerSet.assertNoLeaks(LeakDetector.java:100)
	at org.apache.ratis.util.LeakDetector$LeakTrackerSet.getNumLeaks(LeakDetector.java:94)
	at org.apache.ratis.util.LeakDetector.assertNoLeaks(LeakDetector.java:174)
	at org.apache.ratis.server.impl.MiniRaftCluster.shutdown(MiniRaftCluster.java:894)
	at org.apache.ratis.examples.ParameterizedBaseTest.setAndStart(ParameterizedBaseTest.java:58)
	at org.apache.ratis.examples.arithmetic.TestArithmetic.testPythagorean(TestArithmetic.java:54)
	at java.lang.reflect.Method.invoke(Method.java:498)
	at java.util.stream.ForEachOps$ForEachOp$OfRef.accept(ForEachOps.java:183)
	at java.util.stream.ReferencePipeline$3$1.accept(ReferencePipeline.java:193)
	at java.util.stream.ReferencePipeline$2$1.accept(ReferencePipeline.java:175)
	at java.util.stream.ReferencePipeline$3$1.accept(ReferencePipeline.java:193)
	at java.util.stream.ForEachOps$ForEachOp$OfRef.accept(ForEachOps.java:183)
	at java.util.stream.ReferencePipeline$3$1.accept(ReferencePipeline.java:193)
	at java.util.stream.ForEachOps$ForEachOp$OfRef.accept(ForEachOps.java:183)
	at java.util.stream.ForEachOps$ForEachOp$OfRef.accept(ForEachOps.java:183)
	at java.util.stream.ReferencePipeline$3$1.accept(ReferencePipeline.java:193)
	at java.util.ArrayList$ArrayListSpliterator.forEachRemaining(ArrayList.java:1384)
	at java.util.stream.ReferencePipeline$Head.forEach(ReferencePipeline.java:647)
	at java.util.stream.ReferencePipeline$7$1.accept(ReferencePipeline.java:272)
	at java.util.stream.ReferencePipeline$3$1.accept(ReferencePipeline.java:193)
	at java.util.stream.ReferencePipeline$3$1.accept(ReferencePipeline.java:193)
	at java.util.stream.ReferencePipeline$3$1.accept(ReferencePipeline.java:193)
	at java.util.Spliterators$ArraySpliterator.forEachRemaining(Spliterators.java:948)
	at java.util.stream.AbstractPipeline.copyInto(AbstractPipeline.java:482)
	at java.util.stream.AbstractPipeline.wrapAndCopyInto(AbstractPipeline.java:472)
	at java.util.stream.ForEachOps$ForEachOp.evaluateSequential(ForEachOps.java:150)
	at java.util.stream.ForEachOps$ForEachOp$OfRef.evaluateSequential(ForEachOps.java:173)
	at java.util.stream.AbstractPipeline.evaluate(AbstractPipeline.java:234)
	at java.util.stream.ReferencePipeline.forEach(ReferencePipeline.java:485)
	at java.util.stream.ReferencePipeline$7$1.accept(ReferencePipeline.java:272)
	at java.util.ArrayList$ArrayListSpliterator.forEachRemaining(ArrayList.java:1384)
	at java.util.stream.AbstractPipeline.copyInto(AbstractPipeline.java:482)
	at java.util.stream.AbstractPipeline.wrapAndCopyInto(AbstractPipeline.java:472)
	at java.util.stream.ForEachOps$ForEachOp.evaluateSequential(ForEachOps.java:150)
	at java.util.stream.ForEachOps$ForEachOp$OfRef.evaluateSequential(ForEachOps.java:173)
	at java.util.stream.AbstractPipeline.evaluate(AbstractPipeline.java:234)
	at java.util.stream.ReferencePipeline.forEach(ReferencePipeline.java:485)
	at java.util.stream.ReferencePipeline$7$1.accept(ReferencePipeline.java:272)
	at java.util.stream.ReferencePipeline$3$1.accept(ReferencePipeline.java:193)
	at java.util.stream.ReferencePipeline$3$1.accept(ReferencePipeline.java:193)
	at java.util.stream.ReferencePipeline$3$1.accept(ReferencePipeline.java:193)
	at java.util.ArrayList$ArrayListSpliterator.forEachRemaining(ArrayList.java:1384)
	at java.util.stream.AbstractPipeline.copyInto(AbstractPipeline.java:482)
	at java.util.stream.AbstractPipeline.wrapAndCopyInto(AbstractPipeline.java:472)
	at java.util.stream.ForEachOps$ForEachOp.evaluateSequential(ForEachOps.java:150)
	at java.util.stream.ForEachOps$ForEachOp$OfRef.evaluateSequential(ForEachOps.java:173)
	at java.util.stream.AbstractPipeline.evaluate(AbstractPipeline.java:234)
	at java.util.stream.ReferencePipeline.forEach(ReferencePipeline.java:485)
	at java.util.stream.ReferencePipeline$7$1.accept(ReferencePipeline.java:272)
	at java.util.ArrayList$ArrayListSpliterator.forEachRemaining(ArrayList.java:1384)
	at java.util.stream.AbstractPipeline.copyInto(AbstractPipeline.java:482)
	at java.util.stream.AbstractPipeline.wrapAndCopyInto(AbstractPipeline.java:472)
	at java.util.stream.ForEachOps$ForEachOp.evaluateSequential(ForEachOps.java:150)
	at java.util.stream.ForEachOps$ForEachOp$OfRef.evaluateSequential(ForEachOps.java:173)
	at java.util.stream.AbstractPipeline.evaluate(AbstractPipeline.java:234)
	at java.util.stream.ReferencePipeline.forEach(ReferencePipeline.java:485)
	at java.util.ArrayList.forEach(ArrayList.java:1259)
	at java.util.ArrayList.forEach(ArrayList.java:1259)
	Suppressed: org.junit.platform.commons.JUnitException: Failed to close extension context
		... 51 more
	Caused by: java.lang.IllegalArgumentException
		at java.util.concurrent.ThreadPoolExecutor.<init>(ThreadPoolExecutor.java:1314)
		at java.util.concurrent.ThreadPoolExecutor.<init>(ThreadPoolExecutor.java:1237)
		at java.util.concurrent.Executors.newFixedThreadPool(Executors.java:151)
		at org.apache.ratis.server.impl.MiniRaftCluster.shutdown(MiniRaftCluster.java:857)
		at org.apache.ratis.grpc.MiniRaftClusterWithGrpc.shutdown(MiniRaftClusterWithGrpc.java:97)
		at org.apache.ratis.server.impl.MiniRaftCluster.close(MiniRaftCluster.java:843)
		at java.util.stream.ForEachOps$ForEachOp$OfRef.accept(ForEachOps.java:183)
		at java.util.ArrayList.forEach(ArrayList.java:1259)
		at java.util.stream.SortedOps$RefSortingSink.end(SortedOps.java:395)
		at java.util.stream.Sink$ChainedReference.end(Sink.java:258)
		at java.util.stream.Sink$ChainedReference.end(Sink.java:258)
		at java.util.stream.AbstractPipeline.copyInto(AbstractPipeline.java:483)
		at java.util.stream.AbstractPipeline.wrapAndCopyInto(AbstractPipeline.java:472)
		at java.util.stream.ForEachOps$ForEachOp.evaluateSequential(ForEachOps.java:150)
		at java.util.stream.ForEachOps$ForEachOp$OfRef.evaluateSequential(ForEachOps.java:173)
		at java.util.stream.AbstractPipeline.evaluate(AbstractPipeline.java:234)
		at java.util.stream.ReferencePipeline.forEach(ReferencePipeline.java:485)
		... 51 more
]]></error>
    <system-out><![CDATA[2024-10-20 10:37:40,507 INFO  util.LogUtils (Slf4jUtils.java:setLogLevel(38)) - Successfully set org.apache.ratis.conf.ConfUtils log level to WARN
2024-10-20 10:37:40,508 INFO  util.LogUtils (Slf4jUtils.java:setLogLevel(38)) - Successfully set org.apache.ratis.util.FileUtils log level to TRACE
2024-10-20 10:37:40,508 INFO  util.LogUtils (Slf4jUtils.java:setLogLevel(38)) - Successfully set org.apache.ratis.statemachine.StateMachine log level to DEBUG
2024-10-20 10:37:40,509 INFO  impl.MiniRaftCluster (MiniRaftCluster.java:shutdown(847)) - ************************************************************** 
2024-10-20 10:37:40,510 INFO  impl.MiniRaftCluster (MiniRaftCluster.java:shutdown(848)) - *** 
2024-10-20 10:37:40,510 INFO  impl.MiniRaftCluster (MiniRaftCluster.java:shutdown(849)) - ***     Stopping MiniRaftClusterWithSimulatedRpc
2024-10-20 10:37:40,510 INFO  impl.MiniRaftCluster (MiniRaftCluster.java:shutdown(850)) - *** 
2024-10-20 10:37:40,510 INFO  impl.MiniRaftCluster (MiniRaftCluster.java:shutdown(851)) - ************************************************************** 
2024-10-20 10:37:40,511 INFO  impl.MiniRaftCluster (MiniRaftCluster.java:shutdown(852)) - printing ALL groups
  s0:   CLOSED    LEADER s0@group-0BB98DB08B7D:t1, leader=s0, voted=s0, raftlog=Memoized:s0@group-0BB98DB08B7D-SegmentedRaftLog:CLOSED:c120, conf=conf: {index: 0, cur=peers:[s0|localhost:15000, s1|localhost:15004, s2|localhost:15008]|listeners:[], old=null} CLOSED
  s1:   CLOSED  FOLLOWER s1@group-0BB98DB08B7D:t1, leader=s0, voted=s0, raftlog=Memoized:s1@group-0BB98DB08B7D-SegmentedRaftLog:CLOSED:c119, conf=conf: {index: 0, cur=peers:[s0|localhost:15000, s1|localhost:15004, s2|localhost:15008]|listeners:[], old=null} CLOSED
  s2:   CLOSED  FOLLOWER s2@group-0BB98DB08B7D:t1, leader=s0, voted=s0, raftlog=Memoized:s2@group-0BB98DB08B7D-SegmentedRaftLog:CLOSED:c119, conf=conf: {index: 0, cur=peers:[s0|localhost:15000, s1|localhost:15004, s2|localhost:15008]|listeners:[], old=null} CLOSED
2024-10-20 10:37:40,512 INFO  impl.MiniRaftCluster (MiniRaftCluster.java:shutdown(885)) - MiniRaftClusterWithSimulatedRpc shutdown completed
2024-10-20 10:37:40,513 INFO  ratis.RaftTestUtil (RaftTestUtil.java:gc(596)) - gc 0
2024-10-20 10:37:40,657 WARN  util.ReferenceCountedLeakDetector (ReferenceCountedLeakDetector.java:logLeakMessage(167)) - LEAK: (class org.apache.ratis.protocol.RaftClientRequest, count=1, value=RaftClientRequest:client-B8C6DAF7079C->s0@group-0BB98DB08B7D, cid=66, seq=null, RW, a = 7)
2024-10-20 10:37:40,658 WARN  util.LeakDetector (LeakDetector.java:assertNoLeaks(171)) - 0/30) numLeaks == 1 > 0, will wait and retry ...
2024-10-20 10:37:41,658 WARN  util.ReferenceCountedLeakDetector (ReferenceCountedLeakDetector.java:logLeakMessage(167)) - LEAK: (class org.apache.ratis.protocol.RaftClientRequest, count=1, value=RaftClientRequest:client-B8C6DAF7079C->s0@group-0BB98DB08B7D, cid=66, seq=null, RW, a = 7)
2024-10-20 10:37:41,658 WARN  util.LeakDetector (LeakDetector.java:assertNoLeaks(171)) - 1/30) numLeaks == 1 > 0, will wait and retry ...
2024-10-20 10:37:42,659 WARN  util.ReferenceCountedLeakDetector (ReferenceCountedLeakDetector.java:logLeakMessage(167)) - LEAK: (class org.apache.ratis.protocol.RaftClientRequest, count=1, value=RaftClientRequest:client-B8C6DAF7079C->s0@group-0BB98DB08B7D, cid=66, seq=null, RW, a = 7)
2024-10-20 10:37:42,659 WARN  util.LeakDetector (LeakDetector.java:assertNoLeaks(171)) - 2/30) numLeaks == 1 > 0, will wait and retry ...
2024-10-20 10:37:43,660 WARN  util.ReferenceCountedLeakDetector (ReferenceCountedLeakDetector.java:logLeakMessage(167)) - LEAK: (class org.apache.ratis.protocol.RaftClientRequest, count=1, value=RaftClientRequest:client-B8C6DAF7079C->s0@group-0BB98DB08B7D, cid=66, seq=null, RW, a = 7)
2024-10-20 10:37:43,660 WARN  util.LeakDetector (LeakDetector.java:assertNoLeaks(171)) - 3/30) numLeaks == 1 > 0, will wait and retry ...
2024-10-20 10:37:44,660 WARN  util.ReferenceCountedLeakDetector (ReferenceCountedLeakDetector.java:logLeakMessage(167)) - LEAK: (class org.apache.ratis.protocol.RaftClientRequest, count=1, value=RaftClientRequest:client-B8C6DAF7079C->s0@group-0BB98DB08B7D, cid=66, seq=null, RW, a = 7)
2024-10-20 10:37:44,661 WARN  util.LeakDetector (LeakDetector.java:assertNoLeaks(171)) - 4/30) numLeaks == 1 > 0, will wait and retry ...
2024-10-20 10:37:45,661 WARN  util.ReferenceCountedLeakDetector (ReferenceCountedLeakDetector.java:logLeakMessage(167)) - LEAK: (class org.apache.ratis.protocol.RaftClientRequest, count=1, value=RaftClientRequest:client-B8C6DAF7079C->s0@group-0BB98DB08B7D, cid=66, seq=null, RW, a = 7)
2024-10-20 10:37:45,661 WARN  util.LeakDetector (LeakDetector.java:assertNoLeaks(171)) - 5/30) numLeaks == 1 > 0, will wait and retry ...
2024-10-20 10:37:46,662 WARN  util.ReferenceCountedLeakDetector (ReferenceCountedLeakDetector.java:logLeakMessage(167)) - LEAK: (class org.apache.ratis.protocol.RaftClientRequest, count=1, value=RaftClientRequest:client-B8C6DAF7079C->s0@group-0BB98DB08B7D, cid=66, seq=null, RW, a = 7)
2024-10-20 10:37:46,662 WARN  util.LeakDetector (LeakDetector.java:assertNoLeaks(171)) - 6/30) numLeaks == 1 > 0, will wait and retry ...
2024-10-20 10:37:47,662 WARN  util.ReferenceCountedLeakDetector (ReferenceCountedLeakDetector.java:logLeakMessage(167)) - LEAK: (class org.apache.ratis.protocol.RaftClientRequest, count=1, value=RaftClientRequest:client-B8C6DAF7079C->s0@group-0BB98DB08B7D, cid=66, seq=null, RW, a = 7)
2024-10-20 10:37:47,663 WARN  util.LeakDetector (LeakDetector.java:assertNoLeaks(171)) - 7/30) numLeaks == 1 > 0, will wait and retry ...
2024-10-20 10:37:48,663 WARN  util.ReferenceCountedLeakDetector (ReferenceCountedLeakDetector.java:logLeakMessage(167)) - LEAK: (class org.apache.ratis.protocol.RaftClientRequest, count=1, value=RaftClientRequest:client-B8C6DAF7079C->s0@group-0BB98DB08B7D, cid=66, seq=null, RW, a = 7)
2024-10-20 10:37:48,663 WARN  util.LeakDetector (LeakDetector.java:assertNoLeaks(171)) - 8/30) numLeaks == 1 > 0, will wait and retry ...
2024-10-20 10:37:49,664 WARN  util.ReferenceCountedLeakDetector (ReferenceCountedLeakDetector.java:logLeakMessage(167)) - LEAK: (class org.apache.ratis.protocol.RaftClientRequest, count=1, value=RaftClientRequest:client-B8C6DAF7079C->s0@group-0BB98DB08B7D, cid=66, seq=null, RW, a = 7)
2024-10-20 10:37:49,664 WARN  util.LeakDetector (LeakDetector.java:assertNoLeaks(171)) - 9/30) numLeaks == 1 > 0, will wait and retry ...
2024-10-20 10:37:50,664 WARN  util.ReferenceCountedLeakDetector (ReferenceCountedLeakDetector.java:logLeakMessage(167)) - LEAK: (class org.apache.ratis.protocol.RaftClientRequest, count=1, value=RaftClientRequest:client-B8C6DAF7079C->s0@group-0BB98DB08B7D, cid=66, seq=null, RW, a = 7)
2024-10-20 10:37:50,665 WARN  util.LeakDetector (LeakDetector.java:assertNoLeaks(171)) - 10/30) numLeaks == 1 > 0, will wait and retry ...
2024-10-20 10:37:51,665 WARN  util.ReferenceCountedLeakDetector (ReferenceCountedLeakDetector.java:logLeakMessage(167)) - LEAK: (class org.apache.ratis.protocol.RaftClientRequest, count=1, value=RaftClientRequest:client-B8C6DAF7079C->s0@group-0BB98DB08B7D, cid=66, seq=null, RW, a = 7)
2024-10-20 10:37:51,665 WARN  util.LeakDetector (LeakDetector.java:assertNoLeaks(171)) - 11/30) numLeaks == 1 > 0, will wait and retry ...
2024-10-20 10:37:52,666 WARN  util.ReferenceCountedLeakDetector (ReferenceCountedLeakDetector.java:logLeakMessage(167)) - LEAK: (class org.apache.ratis.protocol.RaftClientRequest, count=1, value=RaftClientRequest:client-B8C6DAF7079C->s0@group-0BB98DB08B7D, cid=66, seq=null, RW, a = 7)
2024-10-20 10:37:52,666 WARN  util.LeakDetector (LeakDetector.java:assertNoLeaks(171)) - 12/30) numLeaks == 1 > 0, will wait and retry ...
2024-10-20 10:37:53,666 WARN  util.ReferenceCountedLeakDetector (ReferenceCountedLeakDetector.java:logLeakMessage(167)) - LEAK: (class org.apache.ratis.protocol.RaftClientRequest, count=1, value=RaftClientRequest:client-B8C6DAF7079C->s0@group-0BB98DB08B7D, cid=66, seq=null, RW, a = 7)
2024-10-20 10:37:53,667 WARN  util.LeakDetector (LeakDetector.java:assertNoLeaks(171)) - 13/30) numLeaks == 1 > 0, will wait and retry ...
2024-10-20 10:37:54,667 WARN  util.ReferenceCountedLeakDetector (ReferenceCountedLeakDetector.java:logLeakMessage(167)) - LEAK: (class org.apache.ratis.protocol.RaftClientRequest, count=1, value=RaftClientRequest:client-B8C6DAF7079C->s0@group-0BB98DB08B7D, cid=66, seq=null, RW, a = 7)
2024-10-20 10:37:54,668 WARN  util.LeakDetector (LeakDetector.java:assertNoLeaks(171)) - 14/30) numLeaks == 1 > 0, will wait and retry ...
2024-10-20 10:37:55,668 WARN  util.ReferenceCountedLeakDetector (ReferenceCountedLeakDetector.java:logLeakMessage(167)) - LEAK: (class org.apache.ratis.protocol.RaftClientRequest, count=1, value=RaftClientRequest:client-B8C6DAF7079C->s0@group-0BB98DB08B7D, cid=66, seq=null, RW, a = 7)
2024-10-20 10:37:55,668 WARN  util.LeakDetector (LeakDetector.java:assertNoLeaks(171)) - 15/30) numLeaks == 1 > 0, will wait and retry ...
2024-10-20 10:37:56,669 WARN  util.ReferenceCountedLeakDetector (ReferenceCountedLeakDetector.java:logLeakMessage(167)) - LEAK: (class org.apache.ratis.protocol.RaftClientRequest, count=1, value=RaftClientRequest:client-B8C6DAF7079C->s0@group-0BB98DB08B7D, cid=66, seq=null, RW, a = 7)
2024-10-20 10:37:56,669 WARN  util.LeakDetector (LeakDetector.java:assertNoLeaks(171)) - 16/30) numLeaks == 1 > 0, will wait and retry ...
2024-10-20 10:37:57,669 WARN  util.ReferenceCountedLeakDetector (ReferenceCountedLeakDetector.java:logLeakMessage(167)) - LEAK: (class org.apache.ratis.protocol.RaftClientRequest, count=1, value=RaftClientRequest:client-B8C6DAF7079C->s0@group-0BB98DB08B7D, cid=66, seq=null, RW, a = 7)
2024-10-20 10:37:57,670 WARN  util.LeakDetector (LeakDetector.java:assertNoLeaks(171)) - 17/30) numLeaks == 1 > 0, will wait and retry ...
2024-10-20 10:37:58,670 WARN  util.ReferenceCountedLeakDetector (ReferenceCountedLeakDetector.java:logLeakMessage(167)) - LEAK: (class org.apache.ratis.protocol.RaftClientRequest, count=1, value=RaftClientRequest:client-B8C6DAF7079C->s0@group-0BB98DB08B7D, cid=66, seq=null, RW, a = 7)
2024-10-20 10:37:58,670 WARN  util.LeakDetector (LeakDetector.java:assertNoLeaks(171)) - 18/30) numLeaks == 1 > 0, will wait and retry ...
2024-10-20 10:37:59,671 WARN  util.ReferenceCountedLeakDetector (ReferenceCountedLeakDetector.java:logLeakMessage(167)) - LEAK: (class org.apache.ratis.protocol.RaftClientRequest, count=1, value=RaftClientRequest:client-B8C6DAF7079C->s0@group-0BB98DB08B7D, cid=66, seq=null, RW, a = 7)
2024-10-20 10:37:59,671 WARN  util.LeakDetector (LeakDetector.java:assertNoLeaks(171)) - 19/30) numLeaks == 1 > 0, will wait and retry ...
2024-10-20 10:38:00,672 WARN  util.ReferenceCountedLeakDetector (ReferenceCountedLeakDetector.java:logLeakMessage(167)) - LEAK: (class org.apache.ratis.protocol.RaftClientRequest, count=1, value=RaftClientRequest:client-B8C6DAF7079C->s0@group-0BB98DB08B7D, cid=66, seq=null, RW, a = 7)
2024-10-20 10:38:00,672 WARN  util.LeakDetector (LeakDetector.java:assertNoLeaks(171)) - 20/30) numLeaks == 1 > 0, will wait and retry ...
2024-10-20 10:38:01,672 WARN  util.ReferenceCountedLeakDetector (ReferenceCountedLeakDetector.java:logLeakMessage(167)) - LEAK: (class org.apache.ratis.protocol.RaftClientRequest, count=1, value=RaftClientRequest:client-B8C6DAF7079C->s0@group-0BB98DB08B7D, cid=66, seq=null, RW, a = 7)
2024-10-20 10:38:01,673 WARN  util.LeakDetector (LeakDetector.java:assertNoLeaks(171)) - 21/30) numLeaks == 1 > 0, will wait and retry ...
2024-10-20 10:38:02,673 WARN  util.ReferenceCountedLeakDetector (ReferenceCountedLeakDetector.java:logLeakMessage(167)) - LEAK: (class org.apache.ratis.protocol.RaftClientRequest, count=1, value=RaftClientRequest:client-B8C6DAF7079C->s0@group-0BB98DB08B7D, cid=66, seq=null, RW, a = 7)
2024-10-20 10:38:02,673 WARN  util.LeakDetector (LeakDetector.java:assertNoLeaks(171)) - 22/30) numLeaks == 1 > 0, will wait and retry ...
2024-10-20 10:38:03,674 WARN  util.ReferenceCountedLeakDetector (ReferenceCountedLeakDetector.java:logLeakMessage(167)) - LEAK: (class org.apache.ratis.protocol.RaftClientRequest, count=1, value=RaftClientRequest:client-B8C6DAF7079C->s0@group-0BB98DB08B7D, cid=66, seq=null, RW, a = 7)
2024-10-20 10:38:03,674 WARN  util.LeakDetector (LeakDetector.java:assertNoLeaks(171)) - 23/30) numLeaks == 1 > 0, will wait and retry ...
2024-10-20 10:38:04,674 WARN  util.ReferenceCountedLeakDetector (ReferenceCountedLeakDetector.java:logLeakMessage(167)) - LEAK: (class org.apache.ratis.protocol.RaftClientRequest, count=1, value=RaftClientRequest:client-B8C6DAF7079C->s0@group-0BB98DB08B7D, cid=66, seq=null, RW, a = 7)
2024-10-20 10:38:04,674 WARN  util.LeakDetector (LeakDetector.java:assertNoLeaks(171)) - 24/30) numLeaks == 1 > 0, will wait and retry ...
2024-10-20 10:38:05,675 WARN  util.ReferenceCountedLeakDetector (ReferenceCountedLeakDetector.java:logLeakMessage(167)) - LEAK: (class org.apache.ratis.protocol.RaftClientRequest, count=1, value=RaftClientRequest:client-B8C6DAF7079C->s0@group-0BB98DB08B7D, cid=66, seq=null, RW, a = 7)
2024-10-20 10:38:05,675 WARN  util.LeakDetector (LeakDetector.java:assertNoLeaks(171)) - 25/30) numLeaks == 1 > 0, will wait and retry ...
2024-10-20 10:38:06,675 WARN  util.ReferenceCountedLeakDetector (ReferenceCountedLeakDetector.java:logLeakMessage(167)) - LEAK: (class org.apache.ratis.protocol.RaftClientRequest, count=1, value=RaftClientRequest:client-B8C6DAF7079C->s0@group-0BB98DB08B7D, cid=66, seq=null, RW, a = 7)
2024-10-20 10:38:06,676 WARN  util.LeakDetector (LeakDetector.java:assertNoLeaks(171)) - 26/30) numLeaks == 1 > 0, will wait and retry ...
2024-10-20 10:38:07,676 WARN  util.ReferenceCountedLeakDetector (ReferenceCountedLeakDetector.java:logLeakMessage(167)) - LEAK: (class org.apache.ratis.protocol.RaftClientRequest, count=1, value=RaftClientRequest:client-B8C6DAF7079C->s0@group-0BB98DB08B7D, cid=66, seq=null, RW, a = 7)
2024-10-20 10:38:07,677 WARN  util.LeakDetector (LeakDetector.java:assertNoLeaks(171)) - 27/30) numLeaks == 1 > 0, will wait and retry ...
2024-10-20 10:38:08,677 WARN  util.ReferenceCountedLeakDetector (ReferenceCountedLeakDetector.java:logLeakMessage(167)) - LEAK: (class org.apache.ratis.protocol.RaftClientRequest, count=1, value=RaftClientRequest:client-B8C6DAF7079C->s0@group-0BB98DB08B7D, cid=66, seq=null, RW, a = 7)
2024-10-20 10:38:08,677 WARN  util.LeakDetector (LeakDetector.java:assertNoLeaks(171)) - 28/30) numLeaks == 1 > 0, will wait and retry ...
2024-10-20 10:38:09,678 WARN  util.ReferenceCountedLeakDetector (ReferenceCountedLeakDetector.java:logLeakMessage(167)) - LEAK: (class org.apache.ratis.protocol.RaftClientRequest, count=1, value=RaftClientRequest:client-B8C6DAF7079C->s0@group-0BB98DB08B7D, cid=66, seq=null, RW, a = 7)
2024-10-20 10:38:09,678 WARN  util.LeakDetector (LeakDetector.java:assertNoLeaks(171)) - 29/30) numLeaks == 1 > 0, will wait and retry ...
2024-10-20 10:38:10,678 WARN  util.ReferenceCountedLeakDetector (ReferenceCountedLeakDetector.java:logLeakMessage(167)) - LEAK: (class org.apache.ratis.protocol.RaftClientRequest, count=1, value=RaftClientRequest:client-B8C6DAF7079C->s0@group-0BB98DB08B7D, cid=66, seq=null, RW, a = 7)
2024-10-20 10:38:10,680 INFO  impl.MiniRaftCluster (MiniRaftCluster.java:shutdown(847)) - ************************************************************** 
2024-10-20 10:38:10,681 INFO  impl.MiniRaftCluster (MiniRaftCluster.java:shutdown(848)) - *** 
2024-10-20 10:38:10,681 INFO  impl.MiniRaftCluster (MiniRaftCluster.java:shutdown(849)) - ***     Stopping MiniRaftClusterWithGrpc
2024-10-20 10:38:10,681 INFO  impl.MiniRaftCluster (MiniRaftCluster.java:shutdown(850)) - *** 
2024-10-20 10:38:10,681 INFO  impl.MiniRaftCluster (MiniRaftCluster.java:shutdown(851)) - ************************************************************** 
2024-10-20 10:38:10,681 INFO  impl.MiniRaftCluster (MiniRaftCluster.java:shutdown(852)) - printing ALL groups
]]></system-out>
  </testcase>
  <testcase name="testPythagorean(MiniRaftCluster)[3]" classname="org.apache.ratis.examples.arithmetic.TestArithmetic" time="0.007">
    <error type="java.lang.IllegalArgumentException"><![CDATA[java.lang.IllegalArgumentException
	at java.util.concurrent.ThreadPoolExecutor.<init>(ThreadPoolExecutor.java:1314)
	at java.util.concurrent.ThreadPoolExecutor.<init>(ThreadPoolExecutor.java:1237)
	at java.util.concurrent.Executors.newFixedThreadPool(Executors.java:151)
	at org.apache.ratis.server.impl.MiniRaftCluster.shutdown(MiniRaftCluster.java:857)
	at org.apache.ratis.grpc.MiniRaftClusterWithGrpc.shutdown(MiniRaftClusterWithGrpc.java:97)
	at org.apache.ratis.examples.ParameterizedBaseTest.setAndStart(ParameterizedBaseTest.java:58)
	at org.apache.ratis.examples.arithmetic.TestArithmetic.testPythagorean(TestArithmetic.java:54)
	at java.lang.reflect.Method.invoke(Method.java:498)
	at java.util.stream.ForEachOps$ForEachOp$OfRef.accept(ForEachOps.java:183)
	at java.util.stream.ReferencePipeline$3$1.accept(ReferencePipeline.java:193)
	at java.util.stream.ReferencePipeline$2$1.accept(ReferencePipeline.java:175)
	at java.util.stream.ReferencePipeline$3$1.accept(ReferencePipeline.java:193)
	at java.util.stream.ForEachOps$ForEachOp$OfRef.accept(ForEachOps.java:183)
	at java.util.stream.ReferencePipeline$3$1.accept(ReferencePipeline.java:193)
	at java.util.stream.ForEachOps$ForEachOp$OfRef.accept(ForEachOps.java:183)
	at java.util.stream.ForEachOps$ForEachOp$OfRef.accept(ForEachOps.java:183)
	at java.util.stream.ReferencePipeline$3$1.accept(ReferencePipeline.java:193)
	at java.util.ArrayList$ArrayListSpliterator.forEachRemaining(ArrayList.java:1384)
	at java.util.stream.ReferencePipeline$Head.forEach(ReferencePipeline.java:647)
	at java.util.stream.ReferencePipeline$7$1.accept(ReferencePipeline.java:272)
	at java.util.stream.ReferencePipeline$3$1.accept(ReferencePipeline.java:193)
	at java.util.stream.ReferencePipeline$3$1.accept(ReferencePipeline.java:193)
	at java.util.stream.ReferencePipeline$3$1.accept(ReferencePipeline.java:193)
	at java.util.Spliterators$ArraySpliterator.forEachRemaining(Spliterators.java:948)
	at java.util.stream.AbstractPipeline.copyInto(AbstractPipeline.java:482)
	at java.util.stream.AbstractPipeline.wrapAndCopyInto(AbstractPipeline.java:472)
	at java.util.stream.ForEachOps$ForEachOp.evaluateSequential(ForEachOps.java:150)
	at java.util.stream.ForEachOps$ForEachOp$OfRef.evaluateSequential(ForEachOps.java:173)
	at java.util.stream.AbstractPipeline.evaluate(AbstractPipeline.java:234)
	at java.util.stream.ReferencePipeline.forEach(ReferencePipeline.java:485)
	at java.util.stream.ReferencePipeline$7$1.accept(ReferencePipeline.java:272)
	at java.util.ArrayList$ArrayListSpliterator.forEachRemaining(ArrayList.java:1384)
	at java.util.stream.AbstractPipeline.copyInto(AbstractPipeline.java:482)
	at java.util.stream.AbstractPipeline.wrapAndCopyInto(AbstractPipeline.java:472)
	at java.util.stream.ForEachOps$ForEachOp.evaluateSequential(ForEachOps.java:150)
	at java.util.stream.ForEachOps$ForEachOp$OfRef.evaluateSequential(ForEachOps.java:173)
	at java.util.stream.AbstractPipeline.evaluate(AbstractPipeline.java:234)
	at java.util.stream.ReferencePipeline.forEach(ReferencePipeline.java:485)
	at java.util.stream.ReferencePipeline$7$1.accept(ReferencePipeline.java:272)
	at java.util.stream.ReferencePipeline$3$1.accept(ReferencePipeline.java:193)
	at java.util.stream.ReferencePipeline$3$1.accept(ReferencePipeline.java:193)
	at java.util.stream.ReferencePipeline$3$1.accept(ReferencePipeline.java:193)
	at java.util.ArrayList$ArrayListSpliterator.forEachRemaining(ArrayList.java:1384)
	at java.util.stream.AbstractPipeline.copyInto(AbstractPipeline.java:482)
	at java.util.stream.AbstractPipeline.wrapAndCopyInto(AbstractPipeline.java:472)
	at java.util.stream.ForEachOps$ForEachOp.evaluateSequential(ForEachOps.java:150)
	at java.util.stream.ForEachOps$ForEachOp$OfRef.evaluateSequential(ForEachOps.java:173)
	at java.util.stream.AbstractPipeline.evaluate(AbstractPipeline.java:234)
	at java.util.stream.ReferencePipeline.forEach(ReferencePipeline.java:485)
	at java.util.stream.ReferencePipeline$7$1.accept(ReferencePipeline.java:272)
	at java.util.ArrayList$ArrayListSpliterator.forEachRemaining(ArrayList.java:1384)
	at java.util.stream.AbstractPipeline.copyInto(AbstractPipeline.java:482)
	at java.util.stream.AbstractPipeline.wrapAndCopyInto(AbstractPipeline.java:472)
	at java.util.stream.ForEachOps$ForEachOp.evaluateSequential(ForEachOps.java:150)
	at java.util.stream.ForEachOps$ForEachOp$OfRef.evaluateSequential(ForEachOps.java:173)
	at java.util.stream.AbstractPipeline.evaluate(AbstractPipeline.java:234)
	at java.util.stream.ReferencePipeline.forEach(ReferencePipeline.java:485)
	at java.util.ArrayList.forEach(ArrayList.java:1259)
	at java.util.ArrayList.forEach(ArrayList.java:1259)
	Suppressed: org.junit.platform.commons.JUnitException: Failed to close extension context
		... 51 more
	Caused by: java.lang.IllegalArgumentException
		at java.util.concurrent.ThreadPoolExecutor.<init>(ThreadPoolExecutor.java:1314)
		at java.util.concurrent.ThreadPoolExecutor.<init>(ThreadPoolExecutor.java:1237)
		at java.util.concurrent.Executors.newFixedThreadPool(Executors.java:151)
		at org.apache.ratis.server.impl.MiniRaftCluster.shutdown(MiniRaftCluster.java:857)
		at org.apache.ratis.server.impl.MiniRaftCluster.close(MiniRaftCluster.java:843)
		at java.util.stream.ForEachOps$ForEachOp$OfRef.accept(ForEachOps.java:183)
		at java.util.ArrayList.forEach(ArrayList.java:1259)
		at java.util.stream.SortedOps$RefSortingSink.end(SortedOps.java:395)
		at java.util.stream.Sink$ChainedReference.end(Sink.java:258)
		at java.util.stream.Sink$ChainedReference.end(Sink.java:258)
		at java.util.stream.AbstractPipeline.copyInto(AbstractPipeline.java:483)
		at java.util.stream.AbstractPipeline.wrapAndCopyInto(AbstractPipeline.java:472)
		at java.util.stream.ForEachOps$ForEachOp.evaluateSequential(ForEachOps.java:150)
		at java.util.stream.ForEachOps$ForEachOp$OfRef.evaluateSequential(ForEachOps.java:173)
		at java.util.stream.AbstractPipeline.evaluate(AbstractPipeline.java:234)
		at java.util.stream.ReferencePipeline.forEach(ReferencePipeline.java:485)
		... 51 more
]]></error>
    <system-out><![CDATA[2024-10-20 10:38:10,684 INFO  util.LogUtils (Slf4jUtils.java:setLogLevel(38)) - Successfully set org.apache.ratis.conf.ConfUtils log level to WARN
2024-10-20 10:38:10,685 INFO  util.LogUtils (Slf4jUtils.java:setLogLevel(38)) - Successfully set org.apache.ratis.util.FileUtils log level to TRACE
2024-10-20 10:38:10,685 INFO  util.LogUtils (Slf4jUtils.java:setLogLevel(38)) - Successfully set org.apache.ratis.statemachine.StateMachine log level to DEBUG
2024-10-20 10:38:10,686 INFO  impl.MiniRaftCluster (MiniRaftCluster.java:shutdown(847)) - ************************************************************** 
2024-10-20 10:38:10,687 INFO  impl.MiniRaftCluster (MiniRaftCluster.java:shutdown(848)) - *** 
2024-10-20 10:38:10,687 INFO  impl.MiniRaftCluster (MiniRaftCluster.java:shutdown(849)) - ***     Stopping MiniRaftClusterWithGrpc
2024-10-20 10:38:10,687 INFO  impl.MiniRaftCluster (MiniRaftCluster.java:shutdown(850)) - *** 
2024-10-20 10:38:10,687 INFO  impl.MiniRaftCluster (MiniRaftCluster.java:shutdown(851)) - ************************************************************** 
2024-10-20 10:38:10,688 INFO  impl.MiniRaftCluster (MiniRaftCluster.java:shutdown(852)) - printing ALL groups
2024-10-20 10:38:10,688 INFO  impl.MiniRaftCluster (MiniRaftCluster.java:shutdown(847)) - ************************************************************** 
2024-10-20 10:38:10,689 INFO  impl.MiniRaftCluster (MiniRaftCluster.java:shutdown(848)) - *** 
2024-10-20 10:38:10,689 INFO  impl.MiniRaftCluster (MiniRaftCluster.java:shutdown(849)) - ***     Stopping MiniRaftClusterWithNetty
2024-10-20 10:38:10,689 INFO  impl.MiniRaftCluster (MiniRaftCluster.java:shutdown(850)) - *** 
2024-10-20 10:38:10,689 INFO  impl.MiniRaftCluster (MiniRaftCluster.java:shutdown(851)) - ************************************************************** 
2024-10-20 10:38:10,690 INFO  impl.MiniRaftCluster (MiniRaftCluster.java:shutdown(852)) - printing ALL groups
]]></system-out>
  </testcase>
  <testcase name="testGaussLegendre(MiniRaftCluster)[1]" classname="org.apache.ratis.examples.arithmetic.TestArithmetic" time="0.005">
    <error type="java.lang.IllegalArgumentException"><![CDATA[java.lang.IllegalArgumentException
	at java.util.concurrent.ThreadPoolExecutor.<init>(ThreadPoolExecutor.java:1314)
	at java.util.concurrent.ThreadPoolExecutor.<init>(ThreadPoolExecutor.java:1237)
	at java.util.concurrent.Executors.newFixedThreadPool(Executors.java:151)
	at org.apache.ratis.server.impl.MiniRaftCluster.shutdown(MiniRaftCluster.java:857)
	at org.apache.ratis.examples.ParameterizedBaseTest.setAndStart(ParameterizedBaseTest.java:58)
	at org.apache.ratis.examples.arithmetic.TestArithmetic.testGaussLegendre(TestArithmetic.java:88)
	at java.lang.reflect.Method.invoke(Method.java:498)
	at java.util.stream.ForEachOps$ForEachOp$OfRef.accept(ForEachOps.java:183)
	at java.util.stream.ReferencePipeline$3$1.accept(ReferencePipeline.java:193)
	at java.util.stream.ReferencePipeline$2$1.accept(ReferencePipeline.java:175)
	at java.util.stream.ReferencePipeline$3$1.accept(ReferencePipeline.java:193)
	at java.util.stream.ForEachOps$ForEachOp$OfRef.accept(ForEachOps.java:183)
	at java.util.stream.ReferencePipeline$3$1.accept(ReferencePipeline.java:193)
	at java.util.stream.ForEachOps$ForEachOp$OfRef.accept(ForEachOps.java:183)
	at java.util.stream.ForEachOps$ForEachOp$OfRef.accept(ForEachOps.java:183)
	at java.util.stream.ReferencePipeline$3$1.accept(ReferencePipeline.java:193)
	at java.util.ArrayList$ArrayListSpliterator.forEachRemaining(ArrayList.java:1384)
	at java.util.stream.ReferencePipeline$Head.forEach(ReferencePipeline.java:647)
	at java.util.stream.ReferencePipeline$7$1.accept(ReferencePipeline.java:272)
	at java.util.stream.ReferencePipeline$3$1.accept(ReferencePipeline.java:193)
	at java.util.stream.ReferencePipeline$3$1.accept(ReferencePipeline.java:193)
	at java.util.stream.ReferencePipeline$3$1.accept(ReferencePipeline.java:193)
	at java.util.Spliterators$ArraySpliterator.forEachRemaining(Spliterators.java:948)
	at java.util.stream.AbstractPipeline.copyInto(AbstractPipeline.java:482)
	at java.util.stream.AbstractPipeline.wrapAndCopyInto(AbstractPipeline.java:472)
	at java.util.stream.ForEachOps$ForEachOp.evaluateSequential(ForEachOps.java:150)
	at java.util.stream.ForEachOps$ForEachOp$OfRef.evaluateSequential(ForEachOps.java:173)
	at java.util.stream.AbstractPipeline.evaluate(AbstractPipeline.java:234)
	at java.util.stream.ReferencePipeline.forEach(ReferencePipeline.java:485)
	at java.util.stream.ReferencePipeline$7$1.accept(ReferencePipeline.java:272)
	at java.util.ArrayList$ArrayListSpliterator.forEachRemaining(ArrayList.java:1384)
	at java.util.stream.AbstractPipeline.copyInto(AbstractPipeline.java:482)
	at java.util.stream.AbstractPipeline.wrapAndCopyInto(AbstractPipeline.java:472)
	at java.util.stream.ForEachOps$ForEachOp.evaluateSequential(ForEachOps.java:150)
	at java.util.stream.ForEachOps$ForEachOp$OfRef.evaluateSequential(ForEachOps.java:173)
	at java.util.stream.AbstractPipeline.evaluate(AbstractPipeline.java:234)
	at java.util.stream.ReferencePipeline.forEach(ReferencePipeline.java:485)
	at java.util.stream.ReferencePipeline$7$1.accept(ReferencePipeline.java:272)
	at java.util.stream.ReferencePipeline$3$1.accept(ReferencePipeline.java:193)
	at java.util.stream.ReferencePipeline$3$1.accept(ReferencePipeline.java:193)
	at java.util.stream.ReferencePipeline$3$1.accept(ReferencePipeline.java:193)
	at java.util.ArrayList$ArrayListSpliterator.forEachRemaining(ArrayList.java:1384)
	at java.util.stream.AbstractPipeline.copyInto(AbstractPipeline.java:482)
	at java.util.stream.AbstractPipeline.wrapAndCopyInto(AbstractPipeline.java:472)
	at java.util.stream.ForEachOps$ForEachOp.evaluateSequential(ForEachOps.java:150)
	at java.util.stream.ForEachOps$ForEachOp$OfRef.evaluateSequential(ForEachOps.java:173)
	at java.util.stream.AbstractPipeline.evaluate(AbstractPipeline.java:234)
	at java.util.stream.ReferencePipeline.forEach(ReferencePipeline.java:485)
	at java.util.stream.ReferencePipeline$7$1.accept(ReferencePipeline.java:272)
	at java.util.ArrayList$ArrayListSpliterator.forEachRemaining(ArrayList.java:1384)
	at java.util.stream.AbstractPipeline.copyInto(AbstractPipeline.java:482)
	at java.util.stream.AbstractPipeline.wrapAndCopyInto(AbstractPipeline.java:472)
	at java.util.stream.ForEachOps$ForEachOp.evaluateSequential(ForEachOps.java:150)
	at java.util.stream.ForEachOps$ForEachOp$OfRef.evaluateSequential(ForEachOps.java:173)
	at java.util.stream.AbstractPipeline.evaluate(AbstractPipeline.java:234)
	at java.util.stream.ReferencePipeline.forEach(ReferencePipeline.java:485)
	at java.util.ArrayList.forEach(ArrayList.java:1259)
	at java.util.ArrayList.forEach(ArrayList.java:1259)
	Suppressed: org.junit.platform.commons.JUnitException: Failed to close extension context
		... 51 more
	Caused by: java.lang.IllegalArgumentException
		at java.util.concurrent.ThreadPoolExecutor.<init>(ThreadPoolExecutor.java:1314)
		at java.util.concurrent.ThreadPoolExecutor.<init>(ThreadPoolExecutor.java:1237)
		at java.util.concurrent.Executors.newFixedThreadPool(Executors.java:151)
		at org.apache.ratis.server.impl.MiniRaftCluster.shutdown(MiniRaftCluster.java:857)
		at org.apache.ratis.server.impl.MiniRaftCluster.close(MiniRaftCluster.java:843)
		at java.util.stream.ForEachOps$ForEachOp$OfRef.accept(ForEachOps.java:183)
		at java.util.ArrayList.forEach(ArrayList.java:1259)
		at java.util.stream.SortedOps$RefSortingSink.end(SortedOps.java:395)
		at java.util.stream.Sink$ChainedReference.end(Sink.java:258)
		at java.util.stream.Sink$ChainedReference.end(Sink.java:258)
		at java.util.stream.AbstractPipeline.copyInto(AbstractPipeline.java:483)
		at java.util.stream.AbstractPipeline.wrapAndCopyInto(AbstractPipeline.java:472)
		at java.util.stream.ForEachOps$ForEachOp.evaluateSequential(ForEachOps.java:150)
		at java.util.stream.ForEachOps$ForEachOp$OfRef.evaluateSequential(ForEachOps.java:173)
		at java.util.stream.AbstractPipeline.evaluate(AbstractPipeline.java:234)
		at java.util.stream.ReferencePipeline.forEach(ReferencePipeline.java:485)
		... 51 more
]]></error>
    <system-out><![CDATA[2024-10-20 10:38:10,695 INFO  simulation.MiniRaftClusterWithSimulatedRpc (ConfUtils.java:logGet(46)) - org.apache.ratis.server.simulation.SimulatedRequestReply.simulateLatencyMs = 0 (custom)
2024-10-20 10:38:10,696 INFO  impl.MiniRaftCluster (MiniRaftCluster.java:<init>(319)) - new MiniRaftClusterWithSimulatedRpc with group-E56733ECF4EF:[s0|localhost:15036, s1|localhost:15040, s2|localhost:15044]
2024-10-20 10:38:10,696 INFO  impl.MiniRaftCluster (MiniRaftCluster.java:<init>(319)) - new MiniRaftClusterWithGrpc with group-DD5466749D60:[s3|localhost:15048, s4|localhost:15052, s5|localhost:15056]
2024-10-20 10:38:10,697 INFO  impl.MiniRaftCluster (MiniRaftCluster.java:<init>(319)) - new MiniRaftClusterWithNetty with group-E7A6AE80ED9B:[s6|localhost:15060, s7|localhost:15064, s8|localhost:15068]
2024-10-20 10:38:10,697 INFO  examples.ParameterizedBaseTest (ParameterizedBaseTest.java:getMiniRaftClusters(109)) - 0: MiniRaftClusterWithSimulatedRpc
2024-10-20 10:38:10,697 INFO  examples.ParameterizedBaseTest (ParameterizedBaseTest.java:getMiniRaftClusters(109)) - 1: MiniRaftClusterWithGrpc
2024-10-20 10:38:10,697 INFO  examples.ParameterizedBaseTest (ParameterizedBaseTest.java:getMiniRaftClusters(109)) - 2: MiniRaftClusterWithNetty
2024-10-20 10:38:10,698 INFO  examples.ParameterizedBaseTest (ParameterizedBaseTest.java:getMiniRaftClusters(111)) - #clusters = 3
2024-10-20 10:38:10,698 INFO  util.LogUtils (Slf4jUtils.java:setLogLevel(38)) - Successfully set org.apache.ratis.conf.ConfUtils log level to WARN
2024-10-20 10:38:10,699 INFO  util.LogUtils (Slf4jUtils.java:setLogLevel(38)) - Successfully set org.apache.ratis.util.FileUtils log level to TRACE
2024-10-20 10:38:10,699 INFO  util.LogUtils (Slf4jUtils.java:setLogLevel(38)) - Successfully set org.apache.ratis.statemachine.StateMachine log level to DEBUG
2024-10-20 10:38:10,700 INFO  impl.MiniRaftCluster (MiniRaftCluster.java:shutdown(847)) - ************************************************************** 
2024-10-20 10:38:10,700 INFO  impl.MiniRaftCluster (MiniRaftCluster.java:shutdown(848)) - *** 
2024-10-20 10:38:10,700 INFO  impl.MiniRaftCluster (MiniRaftCluster.java:shutdown(849)) - ***     Stopping MiniRaftClusterWithNetty
2024-10-20 10:38:10,701 INFO  impl.MiniRaftCluster (MiniRaftCluster.java:shutdown(850)) - *** 
2024-10-20 10:38:10,701 INFO  impl.MiniRaftCluster (MiniRaftCluster.java:shutdown(851)) - ************************************************************** 
2024-10-20 10:38:10,701 INFO  impl.MiniRaftCluster (MiniRaftCluster.java:shutdown(852)) - printing ALL groups
2024-10-20 10:38:10,702 INFO  impl.MiniRaftCluster (MiniRaftCluster.java:shutdown(847)) - ************************************************************** 
2024-10-20 10:38:10,702 INFO  impl.MiniRaftCluster (MiniRaftCluster.java:shutdown(848)) - *** 
2024-10-20 10:38:10,702 INFO  impl.MiniRaftCluster (MiniRaftCluster.java:shutdown(849)) - ***     Stopping MiniRaftClusterWithSimulatedRpc
2024-10-20 10:38:10,702 INFO  impl.MiniRaftCluster (MiniRaftCluster.java:shutdown(850)) - *** 
2024-10-20 10:38:10,702 INFO  impl.MiniRaftCluster (MiniRaftCluster.java:shutdown(851)) - ************************************************************** 
2024-10-20 10:38:10,703 INFO  impl.MiniRaftCluster (MiniRaftCluster.java:shutdown(852)) - printing ALL groups
]]></system-out>
  </testcase>
  <testcase name="testGaussLegendre(MiniRaftCluster)[2]" classname="org.apache.ratis.examples.arithmetic.TestArithmetic" time="0.007">
    <error type="java.lang.IllegalArgumentException"><![CDATA[java.lang.IllegalArgumentException
	at java.util.concurrent.ThreadPoolExecutor.<init>(ThreadPoolExecutor.java:1314)
	at java.util.concurrent.ThreadPoolExecutor.<init>(ThreadPoolExecutor.java:1237)
	at java.util.concurrent.Executors.newFixedThreadPool(Executors.java:151)
	at org.apache.ratis.server.impl.MiniRaftCluster.shutdown(MiniRaftCluster.java:857)
	at org.apache.ratis.examples.ParameterizedBaseTest.setAndStart(ParameterizedBaseTest.java:58)
	at org.apache.ratis.examples.arithmetic.TestArithmetic.testGaussLegendre(TestArithmetic.java:88)
	at java.lang.reflect.Method.invoke(Method.java:498)
	at java.util.stream.ForEachOps$ForEachOp$OfRef.accept(ForEachOps.java:183)
	at java.util.stream.ReferencePipeline$3$1.accept(ReferencePipeline.java:193)
	at java.util.stream.ReferencePipeline$2$1.accept(ReferencePipeline.java:175)
	at java.util.stream.ReferencePipeline$3$1.accept(ReferencePipeline.java:193)
	at java.util.stream.ForEachOps$ForEachOp$OfRef.accept(ForEachOps.java:183)
	at java.util.stream.ReferencePipeline$3$1.accept(ReferencePipeline.java:193)
	at java.util.stream.ForEachOps$ForEachOp$OfRef.accept(ForEachOps.java:183)
	at java.util.stream.ForEachOps$ForEachOp$OfRef.accept(ForEachOps.java:183)
	at java.util.stream.ReferencePipeline$3$1.accept(ReferencePipeline.java:193)
	at java.util.ArrayList$ArrayListSpliterator.forEachRemaining(ArrayList.java:1384)
	at java.util.stream.ReferencePipeline$Head.forEach(ReferencePipeline.java:647)
	at java.util.stream.ReferencePipeline$7$1.accept(ReferencePipeline.java:272)
	at java.util.stream.ReferencePipeline$3$1.accept(ReferencePipeline.java:193)
	at java.util.stream.ReferencePipeline$3$1.accept(ReferencePipeline.java:193)
	at java.util.stream.ReferencePipeline$3$1.accept(ReferencePipeline.java:193)
	at java.util.Spliterators$ArraySpliterator.forEachRemaining(Spliterators.java:948)
	at java.util.stream.AbstractPipeline.copyInto(AbstractPipeline.java:482)
	at java.util.stream.AbstractPipeline.wrapAndCopyInto(AbstractPipeline.java:472)
	at java.util.stream.ForEachOps$ForEachOp.evaluateSequential(ForEachOps.java:150)
	at java.util.stream.ForEachOps$ForEachOp$OfRef.evaluateSequential(ForEachOps.java:173)
	at java.util.stream.AbstractPipeline.evaluate(AbstractPipeline.java:234)
	at java.util.stream.ReferencePipeline.forEach(ReferencePipeline.java:485)
	at java.util.stream.ReferencePipeline$7$1.accept(ReferencePipeline.java:272)
	at java.util.ArrayList$ArrayListSpliterator.forEachRemaining(ArrayList.java:1384)
	at java.util.stream.AbstractPipeline.copyInto(AbstractPipeline.java:482)
	at java.util.stream.AbstractPipeline.wrapAndCopyInto(AbstractPipeline.java:472)
	at java.util.stream.ForEachOps$ForEachOp.evaluateSequential(ForEachOps.java:150)
	at java.util.stream.ForEachOps$ForEachOp$OfRef.evaluateSequential(ForEachOps.java:173)
	at java.util.stream.AbstractPipeline.evaluate(AbstractPipeline.java:234)
	at java.util.stream.ReferencePipeline.forEach(ReferencePipeline.java:485)
	at java.util.stream.ReferencePipeline$7$1.accept(ReferencePipeline.java:272)
	at java.util.stream.ReferencePipeline$3$1.accept(ReferencePipeline.java:193)
	at java.util.stream.ReferencePipeline$3$1.accept(ReferencePipeline.java:193)
	at java.util.stream.ReferencePipeline$3$1.accept(ReferencePipeline.java:193)
	at java.util.ArrayList$ArrayListSpliterator.forEachRemaining(ArrayList.java:1384)
	at java.util.stream.AbstractPipeline.copyInto(AbstractPipeline.java:482)
	at java.util.stream.AbstractPipeline.wrapAndCopyInto(AbstractPipeline.java:472)
	at java.util.stream.ForEachOps$ForEachOp.evaluateSequential(ForEachOps.java:150)
	at java.util.stream.ForEachOps$ForEachOp$OfRef.evaluateSequential(ForEachOps.java:173)
	at java.util.stream.AbstractPipeline.evaluate(AbstractPipeline.java:234)
	at java.util.stream.ReferencePipeline.forEach(ReferencePipeline.java:485)
	at java.util.stream.ReferencePipeline$7$1.accept(ReferencePipeline.java:272)
	at java.util.ArrayList$ArrayListSpliterator.forEachRemaining(ArrayList.java:1384)
	at java.util.stream.AbstractPipeline.copyInto(AbstractPipeline.java:482)
	at java.util.stream.AbstractPipeline.wrapAndCopyInto(AbstractPipeline.java:472)
	at java.util.stream.ForEachOps$ForEachOp.evaluateSequential(ForEachOps.java:150)
	at java.util.stream.ForEachOps$ForEachOp$OfRef.evaluateSequential(ForEachOps.java:173)
	at java.util.stream.AbstractPipeline.evaluate(AbstractPipeline.java:234)
	at java.util.stream.ReferencePipeline.forEach(ReferencePipeline.java:485)
	at java.util.ArrayList.forEach(ArrayList.java:1259)
	at java.util.ArrayList.forEach(ArrayList.java:1259)
	Suppressed: org.junit.platform.commons.JUnitException: Failed to close extension context
		... 51 more
	Caused by: java.lang.IllegalArgumentException
		at java.util.concurrent.ThreadPoolExecutor.<init>(ThreadPoolExecutor.java:1314)
		at java.util.concurrent.ThreadPoolExecutor.<init>(ThreadPoolExecutor.java:1237)
		at java.util.concurrent.Executors.newFixedThreadPool(Executors.java:151)
		at org.apache.ratis.server.impl.MiniRaftCluster.shutdown(MiniRaftCluster.java:857)
		at org.apache.ratis.grpc.MiniRaftClusterWithGrpc.shutdown(MiniRaftClusterWithGrpc.java:97)
		at org.apache.ratis.server.impl.MiniRaftCluster.close(MiniRaftCluster.java:843)
		at java.util.stream.ForEachOps$ForEachOp$OfRef.accept(ForEachOps.java:183)
		at java.util.ArrayList.forEach(ArrayList.java:1259)
		at java.util.stream.SortedOps$RefSortingSink.end(SortedOps.java:395)
		at java.util.stream.Sink$ChainedReference.end(Sink.java:258)
		at java.util.stream.Sink$ChainedReference.end(Sink.java:258)
		at java.util.stream.AbstractPipeline.copyInto(AbstractPipeline.java:483)
		at java.util.stream.AbstractPipeline.wrapAndCopyInto(AbstractPipeline.java:472)
		at java.util.stream.ForEachOps$ForEachOp.evaluateSequential(ForEachOps.java:150)
		at java.util.stream.ForEachOps$ForEachOp$OfRef.evaluateSequential(ForEachOps.java:173)
		at java.util.stream.AbstractPipeline.evaluate(AbstractPipeline.java:234)
		at java.util.stream.ReferencePipeline.forEach(ReferencePipeline.java:485)
		... 51 more
]]></error>
    <system-out><![CDATA[2024-10-20 10:38:10,706 INFO  util.LogUtils (Slf4jUtils.java:setLogLevel(38)) - Successfully set org.apache.ratis.conf.ConfUtils log level to WARN
2024-10-20 10:38:10,706 INFO  util.LogUtils (Slf4jUtils.java:setLogLevel(38)) - Successfully set org.apache.ratis.util.FileUtils log level to TRACE
2024-10-20 10:38:10,706 INFO  util.LogUtils (Slf4jUtils.java:setLogLevel(38)) - Successfully set org.apache.ratis.statemachine.StateMachine log level to DEBUG
2024-10-20 10:38:10,707 INFO  impl.MiniRaftCluster (MiniRaftCluster.java:shutdown(847)) - ************************************************************** 
2024-10-20 10:38:10,707 INFO  impl.MiniRaftCluster (MiniRaftCluster.java:shutdown(848)) - *** 
2024-10-20 10:38:10,708 INFO  impl.MiniRaftCluster (MiniRaftCluster.java:shutdown(849)) - ***     Stopping MiniRaftClusterWithSimulatedRpc
2024-10-20 10:38:10,708 INFO  impl.MiniRaftCluster (MiniRaftCluster.java:shutdown(850)) - *** 
2024-10-20 10:38:10,708 INFO  impl.MiniRaftCluster (MiniRaftCluster.java:shutdown(851)) - ************************************************************** 
2024-10-20 10:38:10,708 INFO  impl.MiniRaftCluster (MiniRaftCluster.java:shutdown(852)) - printing ALL groups
2024-10-20 10:38:10,709 INFO  impl.MiniRaftCluster (MiniRaftCluster.java:shutdown(847)) - ************************************************************** 
2024-10-20 10:38:10,709 INFO  impl.MiniRaftCluster (MiniRaftCluster.java:shutdown(848)) - *** 
2024-10-20 10:38:10,709 INFO  impl.MiniRaftCluster (MiniRaftCluster.java:shutdown(849)) - ***     Stopping MiniRaftClusterWithGrpc
2024-10-20 10:38:10,709 INFO  impl.MiniRaftCluster (MiniRaftCluster.java:shutdown(850)) - *** 
2024-10-20 10:38:10,710 INFO  impl.MiniRaftCluster (MiniRaftCluster.java:shutdown(851)) - ************************************************************** 
2024-10-20 10:38:10,710 INFO  impl.MiniRaftCluster (MiniRaftCluster.java:shutdown(852)) - printing ALL groups
]]></system-out>
  </testcase>
  <testcase name="testGaussLegendre(MiniRaftCluster)[3]" classname="org.apache.ratis.examples.arithmetic.TestArithmetic" time="0.005">
    <error type="java.lang.IllegalArgumentException"><![CDATA[java.lang.IllegalArgumentException
	at java.util.concurrent.ThreadPoolExecutor.<init>(ThreadPoolExecutor.java:1314)
	at java.util.concurrent.ThreadPoolExecutor.<init>(ThreadPoolExecutor.java:1237)
	at java.util.concurrent.Executors.newFixedThreadPool(Executors.java:151)
	at org.apache.ratis.server.impl.MiniRaftCluster.shutdown(MiniRaftCluster.java:857)
	at org.apache.ratis.grpc.MiniRaftClusterWithGrpc.shutdown(MiniRaftClusterWithGrpc.java:97)
	at org.apache.ratis.examples.ParameterizedBaseTest.setAndStart(ParameterizedBaseTest.java:58)
	at org.apache.ratis.examples.arithmetic.TestArithmetic.testGaussLegendre(TestArithmetic.java:88)
	at java.lang.reflect.Method.invoke(Method.java:498)
	at java.util.stream.ForEachOps$ForEachOp$OfRef.accept(ForEachOps.java:183)
	at java.util.stream.ReferencePipeline$3$1.accept(ReferencePipeline.java:193)
	at java.util.stream.ReferencePipeline$2$1.accept(ReferencePipeline.java:175)
	at java.util.stream.ReferencePipeline$3$1.accept(ReferencePipeline.java:193)
	at java.util.stream.ForEachOps$ForEachOp$OfRef.accept(ForEachOps.java:183)
	at java.util.stream.ReferencePipeline$3$1.accept(ReferencePipeline.java:193)
	at java.util.stream.ForEachOps$ForEachOp$OfRef.accept(ForEachOps.java:183)
	at java.util.stream.ForEachOps$ForEachOp$OfRef.accept(ForEachOps.java:183)
	at java.util.stream.ReferencePipeline$3$1.accept(ReferencePipeline.java:193)
	at java.util.ArrayList$ArrayListSpliterator.forEachRemaining(ArrayList.java:1384)
	at java.util.stream.ReferencePipeline$Head.forEach(ReferencePipeline.java:647)
	at java.util.stream.ReferencePipeline$7$1.accept(ReferencePipeline.java:272)
	at java.util.stream.ReferencePipeline$3$1.accept(ReferencePipeline.java:193)
	at java.util.stream.ReferencePipeline$3$1.accept(ReferencePipeline.java:193)
	at java.util.stream.ReferencePipeline$3$1.accept(ReferencePipeline.java:193)
	at java.util.Spliterators$ArraySpliterator.forEachRemaining(Spliterators.java:948)
	at java.util.stream.AbstractPipeline.copyInto(AbstractPipeline.java:482)
	at java.util.stream.AbstractPipeline.wrapAndCopyInto(AbstractPipeline.java:472)
	at java.util.stream.ForEachOps$ForEachOp.evaluateSequential(ForEachOps.java:150)
	at java.util.stream.ForEachOps$ForEachOp$OfRef.evaluateSequential(ForEachOps.java:173)
	at java.util.stream.AbstractPipeline.evaluate(AbstractPipeline.java:234)
	at java.util.stream.ReferencePipeline.forEach(ReferencePipeline.java:485)
	at java.util.stream.ReferencePipeline$7$1.accept(ReferencePipeline.java:272)
	at java.util.ArrayList$ArrayListSpliterator.forEachRemaining(ArrayList.java:1384)
	at java.util.stream.AbstractPipeline.copyInto(AbstractPipeline.java:482)
	at java.util.stream.AbstractPipeline.wrapAndCopyInto(AbstractPipeline.java:472)
	at java.util.stream.ForEachOps$ForEachOp.evaluateSequential(ForEachOps.java:150)
	at java.util.stream.ForEachOps$ForEachOp$OfRef.evaluateSequential(ForEachOps.java:173)
	at java.util.stream.AbstractPipeline.evaluate(AbstractPipeline.java:234)
	at java.util.stream.ReferencePipeline.forEach(ReferencePipeline.java:485)
	at java.util.stream.ReferencePipeline$7$1.accept(ReferencePipeline.java:272)
	at java.util.stream.ReferencePipeline$3$1.accept(ReferencePipeline.java:193)
	at java.util.stream.ReferencePipeline$3$1.accept(ReferencePipeline.java:193)
	at java.util.stream.ReferencePipeline$3$1.accept(ReferencePipeline.java:193)
	at java.util.ArrayList$ArrayListSpliterator.forEachRemaining(ArrayList.java:1384)
	at java.util.stream.AbstractPipeline.copyInto(AbstractPipeline.java:482)
	at java.util.stream.AbstractPipeline.wrapAndCopyInto(AbstractPipeline.java:472)
	at java.util.stream.ForEachOps$ForEachOp.evaluateSequential(ForEachOps.java:150)
	at java.util.stream.ForEachOps$ForEachOp$OfRef.evaluateSequential(ForEachOps.java:173)
	at java.util.stream.AbstractPipeline.evaluate(AbstractPipeline.java:234)
	at java.util.stream.ReferencePipeline.forEach(ReferencePipeline.java:485)
	at java.util.stream.ReferencePipeline$7$1.accept(ReferencePipeline.java:272)
	at java.util.ArrayList$ArrayListSpliterator.forEachRemaining(ArrayList.java:1384)
	at java.util.stream.AbstractPipeline.copyInto(AbstractPipeline.java:482)
	at java.util.stream.AbstractPipeline.wrapAndCopyInto(AbstractPipeline.java:472)
	at java.util.stream.ForEachOps$ForEachOp.evaluateSequential(ForEachOps.java:150)
	at java.util.stream.ForEachOps$ForEachOp$OfRef.evaluateSequential(ForEachOps.java:173)
	at java.util.stream.AbstractPipeline.evaluate(AbstractPipeline.java:234)
	at java.util.stream.ReferencePipeline.forEach(ReferencePipeline.java:485)
	at java.util.ArrayList.forEach(ArrayList.java:1259)
	at java.util.ArrayList.forEach(ArrayList.java:1259)
	Suppressed: org.junit.platform.commons.JUnitException: Failed to close extension context
		... 51 more
	Caused by: java.lang.IllegalArgumentException
		at java.util.concurrent.ThreadPoolExecutor.<init>(ThreadPoolExecutor.java:1314)
		at java.util.concurrent.ThreadPoolExecutor.<init>(ThreadPoolExecutor.java:1237)
		at java.util.concurrent.Executors.newFixedThreadPool(Executors.java:151)
		at org.apache.ratis.server.impl.MiniRaftCluster.shutdown(MiniRaftCluster.java:857)
		at org.apache.ratis.server.impl.MiniRaftCluster.close(MiniRaftCluster.java:843)
		at java.util.stream.ForEachOps$ForEachOp$OfRef.accept(ForEachOps.java:183)
		at java.util.ArrayList.forEach(ArrayList.java:1259)
		at java.util.stream.SortedOps$RefSortingSink.end(SortedOps.java:395)
		at java.util.stream.Sink$ChainedReference.end(Sink.java:258)
		at java.util.stream.Sink$ChainedReference.end(Sink.java:258)
		at java.util.stream.AbstractPipeline.copyInto(AbstractPipeline.java:483)
		at java.util.stream.AbstractPipeline.wrapAndCopyInto(AbstractPipeline.java:472)
		at java.util.stream.ForEachOps$ForEachOp.evaluateSequential(ForEachOps.java:150)
		at java.util.stream.ForEachOps$ForEachOp$OfRef.evaluateSequential(ForEachOps.java:173)
		at java.util.stream.AbstractPipeline.evaluate(AbstractPipeline.java:234)
		at java.util.stream.ReferencePipeline.forEach(ReferencePipeline.java:485)
		... 51 more
]]></error>
    <system-out><![CDATA[2024-10-20 10:38:10,715 INFO  util.LogUtils (Slf4jUtils.java:setLogLevel(38)) - Successfully set org.apache.ratis.conf.ConfUtils log level to WARN
2024-10-20 10:38:10,715 INFO  util.LogUtils (Slf4jUtils.java:setLogLevel(38)) - Successfully set org.apache.ratis.util.FileUtils log level to TRACE
2024-10-20 10:38:10,716 INFO  util.LogUtils (Slf4jUtils.java:setLogLevel(38)) - Successfully set org.apache.ratis.statemachine.StateMachine log level to DEBUG
2024-10-20 10:38:10,717 INFO  impl.MiniRaftCluster (MiniRaftCluster.java:shutdown(847)) - ************************************************************** 
2024-10-20 10:38:10,717 INFO  impl.MiniRaftCluster (MiniRaftCluster.java:shutdown(848)) - *** 
2024-10-20 10:38:10,717 INFO  impl.MiniRaftCluster (MiniRaftCluster.java:shutdown(849)) - ***     Stopping MiniRaftClusterWithGrpc
2024-10-20 10:38:10,718 INFO  impl.MiniRaftCluster (MiniRaftCluster.java:shutdown(850)) - *** 
2024-10-20 10:38:10,718 INFO  impl.MiniRaftCluster (MiniRaftCluster.java:shutdown(851)) - ************************************************************** 
2024-10-20 10:38:10,718 INFO  impl.MiniRaftCluster (MiniRaftCluster.java:shutdown(852)) - printing ALL groups
2024-10-20 10:38:10,719 INFO  impl.MiniRaftCluster (MiniRaftCluster.java:shutdown(847)) - ************************************************************** 
2024-10-20 10:38:10,719 INFO  impl.MiniRaftCluster (MiniRaftCluster.java:shutdown(848)) - *** 
2024-10-20 10:38:10,719 INFO  impl.MiniRaftCluster (MiniRaftCluster.java:shutdown(849)) - ***     Stopping MiniRaftClusterWithNetty
2024-10-20 10:38:10,719 INFO  impl.MiniRaftCluster (MiniRaftCluster.java:shutdown(850)) - *** 
2024-10-20 10:38:10,719 INFO  impl.MiniRaftCluster (MiniRaftCluster.java:shutdown(851)) - ************************************************************** 
2024-10-20 10:38:10,720 INFO  impl.MiniRaftCluster (MiniRaftCluster.java:shutdown(852)) - printing ALL groups
]]></system-out>
  </testcase>
</testsuite>