<?xml version="1.0" encoding="UTF-8"?>
<testsuite xmlns:xsi="http://www.w3.org/2001/XMLSchema-instance" xsi:noNamespaceSchemaLocation="https://maven.apache.org/surefire/maven-surefire-plugin/xsd/surefire-test-report.xsd" name="org.apache.ratis.TestMultiRaftGroup" time="33.615" tests="3" errors="1" skipped="0" failures="0">
  <properties>
    <property name="awt.toolkit" value="sun.awt.X11.XToolkit"/>
    <property name="java.specification.version" value="11"/>
    <property name="sun.cpu.isalist" value=""/>
    <property name="sun.jnu.encoding" value="UTF-8"/>
    <property name="java.class.path" value="/home/runner/work/ratis/ratis/ratis-examples/target/test-classes:/home/runner/work/ratis/ratis/ratis-examples/target/classes:/home/runner/.m2/repository/org/apache/ratis/ratis-thirdparty-misc/1.0.2/ratis-thirdparty-misc-1.0.2.jar:/home/runner/work/ratis/ratis/ratis-proto/target/ratis-proto-3.0.0-SNAPSHOT.jar:/home/runner/work/ratis/ratis/ratis-tools/target/classes:/home/runner/work/ratis/ratis/ratis-common/target/classes:/home/runner/work/ratis/ratis/ratis-common/target/test-classes:/home/runner/work/ratis/ratis/ratis-client/target/classes:/home/runner/work/ratis/ratis/ratis-server/target/classes:/home/runner/work/ratis/ratis/ratis-server-api/target/classes:/home/runner/work/ratis/ratis/ratis-metrics/target/classes:/home/runner/work/ratis/ratis/ratis-server/target/test-classes:/home/runner/work/ratis/ratis/ratis-grpc/target/classes:/home/runner/work/ratis/ratis/ratis-grpc/target/test-classes:/home/runner/work/ratis/ratis/ratis-netty/target/classes:/home/runner/work/ratis/ratis/ratis-netty/target/test-classes:/home/runner/work/ratis/ratis/ratis-test/target/test-classes:/home/runner/.m2/repository/com/beust/jcommander/1.72/jcommander-1.72.jar:/home/runner/.m2/repository/org/slf4j/slf4j-api/1.7.29/slf4j-api-1.7.29.jar:/home/runner/.m2/repository/org/slf4j/slf4j-log4j12/1.7.29/slf4j-log4j12-1.7.29.jar:/home/runner/.m2/repository/log4j/log4j/1.2.17/log4j-1.2.17.jar:/home/runner/.m2/repository/junit/junit/4.13.2/junit-4.13.2.jar:/home/runner/.m2/repository/org/hamcrest/hamcrest-core/1.3/hamcrest-core-1.3.jar:/home/runner/.m2/repository/com/github/spotbugs/spotbugs-annotations/4.2.1/spotbugs-annotations-4.2.1.jar:/home/runner/.m2/repository/com/google/code/findbugs/jsr305/3.0.2/jsr305-3.0.2.jar:"/>
    <property name="java.vm.vendor" value="Eclipse Adoptium"/>
    <property name="sun.arch.data.model" value="64"/>
    <property name="java.vendor.url" value="https://adoptium.net/"/>
    <property name="user.timezone" value=""/>
    <property name="java.vm.specification.version" value="11"/>
    <property name="os.name" value="Linux"/>
    <property name="sun.java.launcher" value="SUN_STANDARD"/>
    <property name="sun.boot.library.path" value="/usr/lib/jvm/temurin-11-jdk-amd64/lib"/>
    <property name="sun.java.command" value="/home/runner/work/ratis/ratis/ratis-examples/target/surefire/surefirebooter2792565621251183130.jar /home/runner/work/ratis/ratis/ratis-examples/target/surefire 2022-08-31T09-56-59_276-jvmRun1 surefire17210693747080397238tmp surefire_444085111979884636236tmp"/>
    <property name="jdk.debug" value="release"/>
    <property name="surefire.test.class.path" value="/home/runner/work/ratis/ratis/ratis-examples/target/test-classes:/home/runner/work/ratis/ratis/ratis-examples/target/classes:/home/runner/.m2/repository/org/apache/ratis/ratis-thirdparty-misc/1.0.2/ratis-thirdparty-misc-1.0.2.jar:/home/runner/work/ratis/ratis/ratis-proto/target/ratis-proto-3.0.0-SNAPSHOT.jar:/home/runner/work/ratis/ratis/ratis-tools/target/classes:/home/runner/work/ratis/ratis/ratis-common/target/classes:/home/runner/work/ratis/ratis/ratis-common/target/test-classes:/home/runner/work/ratis/ratis/ratis-client/target/classes:/home/runner/work/ratis/ratis/ratis-server/target/classes:/home/runner/work/ratis/ratis/ratis-server-api/target/classes:/home/runner/work/ratis/ratis/ratis-metrics/target/classes:/home/runner/work/ratis/ratis/ratis-server/target/test-classes:/home/runner/work/ratis/ratis/ratis-grpc/target/classes:/home/runner/work/ratis/ratis/ratis-grpc/target/test-classes:/home/runner/work/ratis/ratis/ratis-netty/target/classes:/home/runner/work/ratis/ratis/ratis-netty/target/test-classes:/home/runner/work/ratis/ratis/ratis-test/target/test-classes:/home/runner/.m2/repository/com/beust/jcommander/1.72/jcommander-1.72.jar:/home/runner/.m2/repository/org/slf4j/slf4j-api/1.7.29/slf4j-api-1.7.29.jar:/home/runner/.m2/repository/org/slf4j/slf4j-log4j12/1.7.29/slf4j-log4j12-1.7.29.jar:/home/runner/.m2/repository/log4j/log4j/1.2.17/log4j-1.2.17.jar:/home/runner/.m2/repository/junit/junit/4.13.2/junit-4.13.2.jar:/home/runner/.m2/repository/org/hamcrest/hamcrest-core/1.3/hamcrest-core-1.3.jar:/home/runner/.m2/repository/com/github/spotbugs/spotbugs-annotations/4.2.1/spotbugs-annotations-4.2.1.jar:/home/runner/.m2/repository/com/google/code/findbugs/jsr305/3.0.2/jsr305-3.0.2.jar:"/>
    <property name="sun.cpu.endian" value="little"/>
    <property name="user.home" value="/home/runner"/>
    <property name="user.language" value="en"/>
    <property name="java.specification.vendor" value="Oracle Corporation"/>
    <property name="java.version.date" value="2022-08-12"/>
    <property name="java.home" value="/usr/lib/jvm/temurin-11-jdk-amd64"/>
    <property name="file.separator" value="/"/>
    <property name="basedir" value="/home/runner/work/ratis/ratis/ratis-examples"/>
    <property name="java.vm.compressedOopsMode" value="32-bit"/>
    <property name="line.separator" value="&#10;"/>
    <property name="java.specification.name" value="Java Platform API Specification"/>
    <property name="java.vm.specification.vendor" value="Oracle Corporation"/>
    <property name="java.awt.graphicsenv" value="sun.awt.X11GraphicsEnvironment"/>
    <property name="surefire.real.class.path" value="/home/runner/work/ratis/ratis/ratis-examples/target/surefire/surefirebooter2792565621251183130.jar"/>
    <property name="sun.management.compiler" value="HotSpot 64-Bit Tiered Compilers"/>
    <property name="java.runtime.version" value="11.0.16.1+1"/>
    <property name="user.name" value="runner"/>
    <property name="java.net.preferIPv4Stack" value="true"/>
    <property name="path.separator" value=":"/>
    <property name="os.version" value="5.15.0-1017-azure"/>
    <property name="java.runtime.name" value="OpenJDK Runtime Environment"/>
    <property name="file.encoding" value="UTF-8"/>
    <property name="java.vm.name" value="OpenJDK 64-Bit Server VM"/>
    <property name="java.vendor.version" value="Temurin-11.0.16.1+1"/>
    <property name="localRepository" value="/home/runner/.m2/repository"/>
    <property name="java.vendor.url.bug" value="https://github.com/adoptium/adoptium-support/issues"/>
    <property name="java.io.tmpdir" value="/tmp"/>
    <property name="java.version" value="11.0.16.1"/>
    <property name="user.dir" value="/home/runner/work/ratis/ratis/ratis-examples"/>
    <property name="os.arch" value="amd64"/>
    <property name="ratis.tmp.dir" value="/home/runner/work/ratis/ratis/ratis-examples/target/tmp"/>
    <property name="java.vm.specification.name" value="Java Virtual Machine Specification"/>
    <property name="java.awt.printerjob" value="sun.print.PSPrinterJob"/>
    <property name="ratis.log.dir" value="/home/runner/work/ratis/ratis/ratis-examples/target/log"/>
    <property name="sun.os.patch.level" value="unknown"/>
    <property name="java.library.path" value="/usr/java/packages/lib:/usr/lib64:/lib64:/lib:/usr/lib"/>
    <property name="java.vm.info" value="mixed mode"/>
    <property name="java.vendor" value="Eclipse Adoptium"/>
    <property name="java.vm.version" value="11.0.16.1+1"/>
    <property name="sun.io.unicode.encoding" value="UnicodeLittle"/>
    <property name="java.class.version" value="55.0"/>
  </properties>
  <testcase name="testMultiRaftGroup[0]" classname="org.apache.ratis.TestMultiRaftGroup" time="20.527"/>
  <testcase name="testMultiRaftGroup[1]" classname="org.apache.ratis.TestMultiRaftGroup" time="11.653"/>
  <testcase name="testMultiRaftGroup[2]" classname="org.apache.ratis.TestMultiRaftGroup" time="1.176">
    <error message="s12: Failed to start NettyRpcService" type="java.io.IOException">java.io.IOException: s12: Failed to start NettyRpcService
	at org.apache.ratis.netty.server.NettyRpcService.startImpl(NettyRpcService.java:149)
	at org.apache.ratis.util.LifeCycle.startAndTransition(LifeCycle.java:270)
	at org.apache.ratis.server.RaftServerRpcWithProxy.start(RaftServerRpcWithProxy.java:72)
	at org.apache.ratis.server.impl.RaftServerProxy.startImpl(RaftServerProxy.java:389)
	at org.apache.ratis.util.LifeCycle.startAndTransition(LifeCycle.java:270)
	at org.apache.ratis.server.impl.RaftServerProxy.start(RaftServerProxy.java:382)
	at org.apache.ratis.server.impl.MiniRaftCluster.startServers(MiniRaftCluster.java:497)
	at org.apache.ratis.server.impl.MiniRaftCluster.start(MiniRaftCluster.java:344)
	at org.apache.ratis.server.impl.GroupManagementBaseTest.runMultiGroupTest(GroupManagementBaseTest.java:263)
	at org.apache.ratis.TestMultiRaftGroup.runTestMultiRaftGroup(TestMultiRaftGroup.java:74)
	at org.apache.ratis.TestMultiRaftGroup.runTestMultiRaftGroup(TestMultiRaftGroup.java:60)
	at org.apache.ratis.TestMultiRaftGroup.testMultiRaftGroup(TestMultiRaftGroup.java:56)
	at java.base/jdk.internal.reflect.NativeMethodAccessorImpl.invoke0(Native Method)
	at java.base/jdk.internal.reflect.NativeMethodAccessorImpl.invoke(NativeMethodAccessorImpl.java:62)
	at java.base/jdk.internal.reflect.DelegatingMethodAccessorImpl.invoke(DelegatingMethodAccessorImpl.java:43)
	at java.base/java.lang.reflect.Method.invoke(Method.java:566)
	at org.junit.runners.model.FrameworkMethod$1.runReflectiveCall(FrameworkMethod.java:59)
	at org.junit.internal.runners.model.ReflectiveCallable.run(ReflectiveCallable.java:12)
	at org.junit.runners.model.FrameworkMethod.invokeExplosively(FrameworkMethod.java:56)
	at org.junit.internal.runners.statements.InvokeMethod.evaluate(InvokeMethod.java:17)
	at org.junit.internal.runners.statements.RunAfters.evaluate(RunAfters.java:27)
	at org.junit.internal.runners.statements.FailOnTimeout$CallableStatement.call(FailOnTimeout.java:299)
	at org.junit.internal.runners.statements.FailOnTimeout$CallableStatement.call(FailOnTimeout.java:293)
	at java.base/java.util.concurrent.FutureTask.run(FutureTask.java:264)
	at java.base/java.lang.Thread.run(Thread.java:829)
Caused by: java.net.BindException: Address already in use
	at java.base/sun.nio.ch.Net.bind0(Native Method)
	at java.base/sun.nio.ch.Net.bind(Net.java:459)
	at java.base/sun.nio.ch.Net.bind(Net.java:448)
	at java.base/sun.nio.ch.ServerSocketChannelImpl.bind(ServerSocketChannelImpl.java:227)
	at org.apache.ratis.thirdparty.io.netty.channel.socket.nio.NioServerSocketChannel.doBind(NioServerSocketChannel.java:141)
	at org.apache.ratis.thirdparty.io.netty.channel.AbstractChannel$AbstractUnsafe.bind(AbstractChannel.java:562)
	at org.apache.ratis.thirdparty.io.netty.channel.DefaultChannelPipeline$HeadContext.bind(DefaultChannelPipeline.java:1334)
	at org.apache.ratis.thirdparty.io.netty.channel.AbstractChannelHandlerContext.invokeBind(AbstractChannelHandlerContext.java:506)
	at org.apache.ratis.thirdparty.io.netty.channel.AbstractChannelHandlerContext.bind(AbstractChannelHandlerContext.java:491)
	at org.apache.ratis.thirdparty.io.netty.handler.logging.LoggingHandler.bind(LoggingHandler.java:230)
	at org.apache.ratis.thirdparty.io.netty.channel.AbstractChannelHandlerContext.invokeBind(AbstractChannelHandlerContext.java:506)
	at org.apache.ratis.thirdparty.io.netty.channel.AbstractChannelHandlerContext.bind(AbstractChannelHandlerContext.java:491)
	at org.apache.ratis.thirdparty.io.netty.channel.DefaultChannelPipeline.bind(DefaultChannelPipeline.java:973)
	at org.apache.ratis.thirdparty.io.netty.channel.AbstractChannel.bind(AbstractChannel.java:260)
	at org.apache.ratis.thirdparty.io.netty.bootstrap.AbstractBootstrap$2.run(AbstractBootstrap.java:356)
	at org.apache.ratis.thirdparty.io.netty.util.concurrent.AbstractEventExecutor.runTask(AbstractEventExecutor.java:174)
	at org.apache.ratis.thirdparty.io.netty.util.concurrent.AbstractEventExecutor.safeExecute(AbstractEventExecutor.java:167)
	at org.apache.ratis.thirdparty.io.netty.util.concurrent.SingleThreadEventExecutor.runAllTasks(SingleThreadEventExecutor.java:470)
	at org.apache.ratis.thirdparty.io.netty.channel.nio.NioEventLoop.run(NioEventLoop.java:503)
	at org.apache.ratis.thirdparty.io.netty.util.concurrent.SingleThreadEventExecutor$4.run(SingleThreadEventExecutor.java:995)
	at org.apache.ratis.thirdparty.io.netty.util.internal.ThreadExecutorMap$2.run(ThreadExecutorMap.java:74)
	at org.apache.ratis.thirdparty.io.netty.util.concurrent.FastThreadLocalRunnable.run(FastThreadLocalRunnable.java:30)
	... 1 more
</error>
    <system-out><![CDATA[2022-08-31 10:03:09,452 INFO  util.LogUtils (Log4jUtils.java:setLogLevel(32)) - Set org.apache.ratis.conf.ConfUtils log level to WARN
2022-08-31 10:03:09,452 INFO  util.LogUtils (Log4jUtils.java:setLogLevel(32)) - Set org.apache.ratis.util.FileUtils log level to TRACE
2022-08-31 10:03:09,458 INFO  impl.GroupManagementBaseTest (GroupManagementBaseTest.java:runMultiGroupTest(251)) - 

runMultiGroupTest with MiniRaftClusterWithNetty[3, 6, 9, 12, 15]chosen=4: printing ALL groups
2022-08-31 10:03:09,458 INFO  impl.GroupManagementBaseTest (GroupManagementBaseTest.java:runMultiGroupTest(258)) - ids: [s0, s1, s2, s3, s4, s5, s6, s7, s8, s9, s10, s11, s12, s13, s14]
2022-08-31 10:03:09,458 INFO  impl.MiniRaftCluster (MiniRaftCluster.java:newRaftServer(380)) - newRaftServer: s0, group-2F23E341BE7C:[], format? true
2022-08-31 10:03:09,458 TRACE util.FileUtils (FileUtils.java:deleteFully(168)) - deleteFully target/test/data/c3a9954f/MiniRaftClusterWithNettydc0556a/s0
2022-08-31 10:03:09,458 TRACE util.FileUtils (FileUtils.java:deleteFully(184)) - deleteFully: target/test/data/c3a9954f/MiniRaftClusterWithNettydc0556a/s0 does not exist.
2022-08-31 10:03:09,458 INFO  impl.MiniRaftCluster (MiniRaftCluster.java:newRaftServer(385)) - Formatted directory target/test/data/c3a9954f/MiniRaftClusterWithNettydc0556a/s0
2022-08-31 10:03:09,460 INFO  server.RaftServer (ConfUtils.java:logGet(46)) - raft.rpc.type = NETTY (custom)
2022-08-31 10:03:09,469 INFO  netty.NettyConfigKeys$Server (ConfUtils.java:logGet(46)) - raft.netty.server.host = null (default)
2022-08-31 10:03:09,469 INFO  netty.NettyConfigKeys$Server (ConfUtils.java:logGet(46)) - raft.netty.server.port = 36137 (custom)
2022-08-31 10:03:09,469 INFO  impl.DataStreamServerImpl (ConfUtils.java:logGet(46)) - raft.datastream.type = DISABLED (default)
2022-08-31 10:03:09,470 INFO  server.RaftServerConfigKeys (ConfUtils.java:logGet(46)) - raft.server.threadpool.proxy.cached = true (default)
2022-08-31 10:03:09,470 INFO  server.RaftServerConfigKeys (ConfUtils.java:logGet(46)) - raft.server.threadpool.proxy.size = 0 (default)
2022-08-31 10:03:09,470 INFO  server.RaftServerConfigKeys (ConfUtils.java:logGet(46)) - raft.server.rpc.slowness.timeout = 60s (default)
2022-08-31 10:03:09,470 INFO  server.RaftServerConfigKeys (ConfUtils.java:logGet(46)) - raft.server.leaderelection.leader.step-down.wait-time = 10s (default)
2022-08-31 10:03:09,470 INFO  server.RaftServerConfigKeys (ConfUtils.java:logGet(46)) - raft.server.storage.dir = [/home/runner/work/ratis/ratis/ratis-examples/target/test/data/c3a9954f/MiniRaftClusterWithNettydc0556a/s0] (custom)
2022-08-31 10:03:09,474 INFO  server.RaftServer (RaftServerProxy.java:addNew(97)) - s0: addNew group-2F23E341BE7C:[] returns group-2F23E341BE7C:java.util.concurrent.CompletableFuture@4fc3f814[Not completed]
2022-08-31 10:03:09,474 INFO  impl.MiniRaftCluster (MiniRaftCluster.java:newRaftServer(380)) - newRaftServer: s1, group-2F23E341BE7C:[], format? true
2022-08-31 10:03:09,474 TRACE util.FileUtils (FileUtils.java:deleteFully(168)) - deleteFully target/test/data/c3a9954f/MiniRaftClusterWithNettydc0556a/s1
2022-08-31 10:03:09,474 TRACE util.FileUtils (FileUtils.java:deleteFully(184)) - deleteFully: target/test/data/c3a9954f/MiniRaftClusterWithNettydc0556a/s1 does not exist.
2022-08-31 10:03:09,474 INFO  impl.MiniRaftCluster (MiniRaftCluster.java:newRaftServer(385)) - Formatted directory target/test/data/c3a9954f/MiniRaftClusterWithNettydc0556a/s1
2022-08-31 10:03:09,474 INFO  server.RaftServer (ConfUtils.java:logGet(46)) - raft.rpc.type = NETTY (custom)
2022-08-31 10:03:09,475 INFO  netty.NettyConfigKeys$Server (ConfUtils.java:logGet(46)) - raft.netty.server.host = null (default)
2022-08-31 10:03:09,475 INFO  netty.NettyConfigKeys$Server (ConfUtils.java:logGet(46)) - raft.netty.server.port = 46197 (custom)
2022-08-31 10:03:09,475 INFO  impl.DataStreamServerImpl (ConfUtils.java:logGet(46)) - raft.datastream.type = DISABLED (default)
2022-08-31 10:03:09,475 INFO  server.RaftServerConfigKeys (ConfUtils.java:logGet(46)) - raft.server.threadpool.proxy.cached = true (default)
2022-08-31 10:03:09,475 INFO  server.RaftServerConfigKeys (ConfUtils.java:logGet(46)) - raft.server.threadpool.proxy.size = 0 (default)
2022-08-31 10:03:09,475 INFO  server.RaftServerConfigKeys (ConfUtils.java:logGet(46)) - raft.server.rpc.slowness.timeout = 60s (default)
2022-08-31 10:03:09,475 INFO  server.RaftServerConfigKeys (ConfUtils.java:logGet(46)) - raft.server.leaderelection.leader.step-down.wait-time = 10s (default)
2022-08-31 10:03:09,475 INFO  server.RaftServerConfigKeys (ConfUtils.java:logGet(46)) - raft.server.storage.dir = [/home/runner/work/ratis/ratis/ratis-examples/target/test/data/c3a9954f/MiniRaftClusterWithNettydc0556a/s1] (custom)
2022-08-31 10:03:09,476 INFO  server.RaftServer$Division (RaftServerImpl.java:<init>(195)) - s0: new RaftServerImpl for group-2F23E341BE7C:[] with ArithmeticStateMachine:uninitialized
2022-08-31 10:03:09,476 INFO  server.RaftServerConfigKeys (ConfUtils.java:logGet(46)) - raft.server.rpc.timeout.min = 300ms (custom)
2022-08-31 10:03:09,476 INFO  server.RaftServerConfigKeys (ConfUtils.java:logGet(46)) - raft.server.rpc.timeout.max = 600ms (custom)
2022-08-31 10:03:09,476 INFO  server.RaftServerConfigKeys (ConfUtils.java:logGet(46)) - raft.server.rpc.sleep.time = 25ms (default)
2022-08-31 10:03:09,476 INFO  server.RaftServerConfigKeys (ConfUtils.java:logGet(46)) - raft.server.rpc.slowness.timeout = 60s (default)
2022-08-31 10:03:09,476 INFO  server.RaftServerConfigKeys (ConfUtils.java:logGet(46)) - raft.server.leaderelection.leader.step-down.wait-time = 10s (default)
2022-08-31 10:03:09,477 INFO  server.RaftServerConfigKeys (ConfUtils.java:logGet(46)) - raft.server.sleep.deviation.threshold = 300ms (default)
2022-08-31 10:03:09,477 INFO  server.RaftServer$Division (ServerState.java:<init>(113)) - s0@group-2F23E341BE7C: ConfigurationManager, init=-1: peers:[]|listeners:[], old=null, confs=<EMPTY_MAP>
2022-08-31 10:03:09,477 INFO  server.RaftServerConfigKeys (ConfUtils.java:logGet(46)) - raft.server.notification.no-leader.timeout = 60s (default)
2022-08-31 10:03:09,477 INFO  server.RaftServerConfigKeys (ConfUtils.java:logGet(46)) - raft.server.retrycache.expirytime = 60s (default)
2022-08-31 10:03:09,477 INFO  server.RaftServerConfigKeys (ConfUtils.java:logGet(46)) - raft.server.retrycache.statistics.expirytime = 100μs (default)
2022-08-31 10:03:09,477 INFO  server.RaftServerConfigKeys (ConfUtils.java:logGet(46)) - raft.server.log.appender.install.snapshot.enabled = true (default)
2022-08-31 10:03:09,477 INFO  server.RaftServerConfigKeys (ConfUtils.java:logGet(46)) - raft.server.threadpool.server.cached = true (default)
2022-08-31 10:03:09,477 INFO  server.RaftServerConfigKeys (ConfUtils.java:logGet(46)) - raft.server.threadpool.server.size = 0 (default)
2022-08-31 10:03:09,477 INFO  server.RaftServerConfigKeys (ConfUtils.java:logGet(46)) - raft.server.threadpool.client.cached = true (default)
2022-08-31 10:03:09,477 INFO  server.RaftServerConfigKeys (ConfUtils.java:logGet(46)) - raft.server.threadpool.client.size = 0 (default)
2022-08-31 10:03:09,478 INFO  server.RaftServer (RaftServerProxy.java:addNew(97)) - s1: addNew group-2F23E341BE7C:[] returns group-2F23E341BE7C:java.util.concurrent.CompletableFuture@7042a83[Not completed]
2022-08-31 10:03:09,478 INFO  impl.MiniRaftCluster (MiniRaftCluster.java:newRaftServer(380)) - newRaftServer: s2, group-2F23E341BE7C:[], format? true
2022-08-31 10:03:09,478 TRACE util.FileUtils (FileUtils.java:deleteFully(168)) - deleteFully target/test/data/c3a9954f/MiniRaftClusterWithNettydc0556a/s2
2022-08-31 10:03:09,478 TRACE util.FileUtils (FileUtils.java:deleteFully(184)) - deleteFully: target/test/data/c3a9954f/MiniRaftClusterWithNettydc0556a/s2 does not exist.
2022-08-31 10:03:09,478 INFO  impl.MiniRaftCluster (MiniRaftCluster.java:newRaftServer(385)) - Formatted directory target/test/data/c3a9954f/MiniRaftClusterWithNettydc0556a/s2
2022-08-31 10:03:09,478 INFO  server.RaftServer (ConfUtils.java:logGet(46)) - raft.rpc.type = NETTY (custom)
2022-08-31 10:03:09,478 INFO  netty.NettyConfigKeys$Server (ConfUtils.java:logGet(46)) - raft.netty.server.host = null (default)
2022-08-31 10:03:09,478 INFO  netty.NettyConfigKeys$Server (ConfUtils.java:logGet(46)) - raft.netty.server.port = 38903 (custom)
2022-08-31 10:03:09,479 INFO  impl.DataStreamServerImpl (ConfUtils.java:logGet(46)) - raft.datastream.type = DISABLED (default)
2022-08-31 10:03:09,479 INFO  server.RaftServerConfigKeys (ConfUtils.java:logGet(46)) - raft.server.threadpool.proxy.cached = true (default)
2022-08-31 10:03:09,479 INFO  server.RaftServerConfigKeys (ConfUtils.java:logGet(46)) - raft.server.threadpool.proxy.size = 0 (default)
2022-08-31 10:03:09,479 INFO  server.RaftServerConfigKeys (ConfUtils.java:logGet(46)) - raft.server.rpc.slowness.timeout = 60s (default)
2022-08-31 10:03:09,479 INFO  server.RaftServerConfigKeys (ConfUtils.java:logGet(46)) - raft.server.leaderelection.leader.step-down.wait-time = 10s (default)
2022-08-31 10:03:09,479 INFO  server.RaftServerConfigKeys (ConfUtils.java:logGet(46)) - raft.server.storage.dir = [/home/runner/work/ratis/ratis/ratis-examples/target/test/data/c3a9954f/MiniRaftClusterWithNettydc0556a/s2] (custom)
2022-08-31 10:03:09,480 INFO  server.RaftServer$Division (RaftServerImpl.java:<init>(195)) - s1: new RaftServerImpl for group-2F23E341BE7C:[] with ArithmeticStateMachine:uninitialized
2022-08-31 10:03:09,480 INFO  server.RaftServerConfigKeys (ConfUtils.java:logGet(46)) - raft.server.rpc.timeout.min = 300ms (custom)
2022-08-31 10:03:09,480 INFO  server.RaftServerConfigKeys (ConfUtils.java:logGet(46)) - raft.server.rpc.timeout.max = 600ms (custom)
2022-08-31 10:03:09,480 INFO  server.RaftServerConfigKeys (ConfUtils.java:logGet(46)) - raft.server.rpc.sleep.time = 25ms (default)
2022-08-31 10:03:09,480 INFO  server.RaftServerConfigKeys (ConfUtils.java:logGet(46)) - raft.server.rpc.slowness.timeout = 60s (default)
2022-08-31 10:03:09,480 INFO  server.RaftServerConfigKeys (ConfUtils.java:logGet(46)) - raft.server.leaderelection.leader.step-down.wait-time = 10s (default)
2022-08-31 10:03:09,480 INFO  server.RaftServerConfigKeys (ConfUtils.java:logGet(46)) - raft.server.sleep.deviation.threshold = 300ms (default)
2022-08-31 10:03:09,480 INFO  server.RaftServer$Division (ServerState.java:<init>(113)) - s1@group-2F23E341BE7C: ConfigurationManager, init=-1: peers:[]|listeners:[], old=null, confs=<EMPTY_MAP>
2022-08-31 10:03:09,480 INFO  server.RaftServerConfigKeys (ConfUtils.java:logGet(46)) - raft.server.notification.no-leader.timeout = 60s (default)
2022-08-31 10:03:09,480 INFO  server.RaftServerConfigKeys (ConfUtils.java:logGet(46)) - raft.server.retrycache.expirytime = 60s (default)
2022-08-31 10:03:09,480 INFO  server.RaftServerConfigKeys (ConfUtils.java:logGet(46)) - raft.server.retrycache.statistics.expirytime = 100μs (default)
2022-08-31 10:03:09,480 INFO  server.RaftServerConfigKeys (ConfUtils.java:logGet(46)) - raft.server.log.appender.install.snapshot.enabled = true (default)
2022-08-31 10:03:09,480 INFO  server.RaftServerConfigKeys (ConfUtils.java:logGet(46)) - raft.server.threadpool.server.cached = true (default)
2022-08-31 10:03:09,480 INFO  server.RaftServerConfigKeys (ConfUtils.java:logGet(46)) - raft.server.threadpool.server.size = 0 (default)
2022-08-31 10:03:09,480 INFO  server.RaftServerConfigKeys (ConfUtils.java:logGet(46)) - raft.server.threadpool.client.cached = true (default)
2022-08-31 10:03:09,480 INFO  server.RaftServerConfigKeys (ConfUtils.java:logGet(46)) - raft.server.threadpool.client.size = 0 (default)
2022-08-31 10:03:09,481 INFO  server.RaftServer (RaftServerProxy.java:addNew(97)) - s2: addNew group-2F23E341BE7C:[] returns group-2F23E341BE7C:java.util.concurrent.CompletableFuture@56caacab[Not completed]
2022-08-31 10:03:09,481 INFO  impl.MiniRaftCluster (MiniRaftCluster.java:newRaftServer(380)) - newRaftServer: s3, group-2F23E341BE7C:[], format? true
2022-08-31 10:03:09,481 TRACE util.FileUtils (FileUtils.java:deleteFully(168)) - deleteFully target/test/data/c3a9954f/MiniRaftClusterWithNettydc0556a/s3
2022-08-31 10:03:09,481 TRACE util.FileUtils (FileUtils.java:deleteFully(184)) - deleteFully: target/test/data/c3a9954f/MiniRaftClusterWithNettydc0556a/s3 does not exist.
2022-08-31 10:03:09,481 INFO  impl.MiniRaftCluster (MiniRaftCluster.java:newRaftServer(385)) - Formatted directory target/test/data/c3a9954f/MiniRaftClusterWithNettydc0556a/s3
2022-08-31 10:03:09,481 INFO  server.RaftServer (ConfUtils.java:logGet(46)) - raft.rpc.type = NETTY (custom)
2022-08-31 10:03:09,482 INFO  netty.NettyConfigKeys$Server (ConfUtils.java:logGet(46)) - raft.netty.server.host = null (default)
2022-08-31 10:03:09,482 INFO  netty.NettyConfigKeys$Server (ConfUtils.java:logGet(46)) - raft.netty.server.port = 35099 (custom)
2022-08-31 10:03:09,482 INFO  impl.DataStreamServerImpl (ConfUtils.java:logGet(46)) - raft.datastream.type = DISABLED (default)
2022-08-31 10:03:09,482 INFO  server.RaftServerConfigKeys (ConfUtils.java:logGet(46)) - raft.server.threadpool.proxy.cached = true (default)
2022-08-31 10:03:09,482 INFO  server.RaftServerConfigKeys (ConfUtils.java:logGet(46)) - raft.server.threadpool.proxy.size = 0 (default)
2022-08-31 10:03:09,482 INFO  server.RaftServerConfigKeys (ConfUtils.java:logGet(46)) - raft.server.rpc.slowness.timeout = 60s (default)
2022-08-31 10:03:09,482 INFO  server.RaftServerConfigKeys (ConfUtils.java:logGet(46)) - raft.server.leaderelection.leader.step-down.wait-time = 10s (default)
2022-08-31 10:03:09,482 INFO  server.RaftServerConfigKeys (ConfUtils.java:logGet(46)) - raft.server.storage.dir = [/home/runner/work/ratis/ratis/ratis-examples/target/test/data/c3a9954f/MiniRaftClusterWithNettydc0556a/s3] (custom)
2022-08-31 10:03:09,482 INFO  server.RaftServer$Division (RaftServerImpl.java:<init>(195)) - s2: new RaftServerImpl for group-2F23E341BE7C:[] with ArithmeticStateMachine:uninitialized
2022-08-31 10:03:09,482 INFO  server.RaftServerConfigKeys (ConfUtils.java:logGet(46)) - raft.server.rpc.timeout.min = 300ms (custom)
2022-08-31 10:03:09,483 INFO  server.RaftServerConfigKeys (ConfUtils.java:logGet(46)) - raft.server.rpc.timeout.max = 600ms (custom)
2022-08-31 10:03:09,483 INFO  server.RaftServerConfigKeys (ConfUtils.java:logGet(46)) - raft.server.rpc.sleep.time = 25ms (default)
2022-08-31 10:03:09,483 INFO  server.RaftServerConfigKeys (ConfUtils.java:logGet(46)) - raft.server.rpc.slowness.timeout = 60s (default)
2022-08-31 10:03:09,483 INFO  server.RaftServerConfigKeys (ConfUtils.java:logGet(46)) - raft.server.leaderelection.leader.step-down.wait-time = 10s (default)
2022-08-31 10:03:09,483 INFO  server.RaftServerConfigKeys (ConfUtils.java:logGet(46)) - raft.server.sleep.deviation.threshold = 300ms (default)
2022-08-31 10:03:09,483 INFO  server.RaftServer$Division (ServerState.java:<init>(113)) - s2@group-2F23E341BE7C: ConfigurationManager, init=-1: peers:[]|listeners:[], old=null, confs=<EMPTY_MAP>
2022-08-31 10:03:09,483 INFO  server.RaftServerConfigKeys (ConfUtils.java:logGet(46)) - raft.server.notification.no-leader.timeout = 60s (default)
2022-08-31 10:03:09,483 INFO  server.RaftServerConfigKeys (ConfUtils.java:logGet(46)) - raft.server.retrycache.expirytime = 60s (default)
2022-08-31 10:03:09,483 INFO  server.RaftServerConfigKeys (ConfUtils.java:logGet(46)) - raft.server.retrycache.statistics.expirytime = 100μs (default)
2022-08-31 10:03:09,483 INFO  server.RaftServerConfigKeys (ConfUtils.java:logGet(46)) - raft.server.log.appender.install.snapshot.enabled = true (default)
2022-08-31 10:03:09,483 INFO  server.RaftServerConfigKeys (ConfUtils.java:logGet(46)) - raft.server.threadpool.server.cached = true (default)
2022-08-31 10:03:09,483 INFO  server.RaftServerConfigKeys (ConfUtils.java:logGet(46)) - raft.server.threadpool.server.size = 0 (default)
2022-08-31 10:03:09,483 INFO  server.RaftServerConfigKeys (ConfUtils.java:logGet(46)) - raft.server.threadpool.client.cached = true (default)
2022-08-31 10:03:09,483 INFO  server.RaftServerConfigKeys (ConfUtils.java:logGet(46)) - raft.server.threadpool.client.size = 0 (default)
2022-08-31 10:03:09,484 INFO  server.RaftServer (RaftServerProxy.java:addNew(97)) - s3: addNew group-2F23E341BE7C:[] returns group-2F23E341BE7C:java.util.concurrent.CompletableFuture@3f6dd1b9[Not completed]
2022-08-31 10:03:09,484 INFO  impl.MiniRaftCluster (MiniRaftCluster.java:newRaftServer(380)) - newRaftServer: s4, group-2F23E341BE7C:[], format? true
2022-08-31 10:03:09,484 TRACE util.FileUtils (FileUtils.java:deleteFully(168)) - deleteFully target/test/data/c3a9954f/MiniRaftClusterWithNettydc0556a/s4
2022-08-31 10:03:09,484 TRACE util.FileUtils (FileUtils.java:deleteFully(184)) - deleteFully: target/test/data/c3a9954f/MiniRaftClusterWithNettydc0556a/s4 does not exist.
2022-08-31 10:03:09,484 INFO  impl.MiniRaftCluster (MiniRaftCluster.java:newRaftServer(385)) - Formatted directory target/test/data/c3a9954f/MiniRaftClusterWithNettydc0556a/s4
2022-08-31 10:03:09,484 INFO  server.RaftServer (ConfUtils.java:logGet(46)) - raft.rpc.type = NETTY (custom)
2022-08-31 10:03:09,484 INFO  netty.NettyConfigKeys$Server (ConfUtils.java:logGet(46)) - raft.netty.server.host = null (default)
2022-08-31 10:03:09,484 INFO  netty.NettyConfigKeys$Server (ConfUtils.java:logGet(46)) - raft.netty.server.port = 38617 (custom)
2022-08-31 10:03:09,484 INFO  impl.DataStreamServerImpl (ConfUtils.java:logGet(46)) - raft.datastream.type = DISABLED (default)
2022-08-31 10:03:09,484 INFO  server.RaftServerConfigKeys (ConfUtils.java:logGet(46)) - raft.server.threadpool.proxy.cached = true (default)
2022-08-31 10:03:09,484 INFO  server.RaftServerConfigKeys (ConfUtils.java:logGet(46)) - raft.server.threadpool.proxy.size = 0 (default)
2022-08-31 10:03:09,484 INFO  server.RaftServerConfigKeys (ConfUtils.java:logGet(46)) - raft.server.rpc.slowness.timeout = 60s (default)
2022-08-31 10:03:09,485 INFO  server.RaftServerConfigKeys (ConfUtils.java:logGet(46)) - raft.server.leaderelection.leader.step-down.wait-time = 10s (default)
2022-08-31 10:03:09,485 INFO  server.RaftServerConfigKeys (ConfUtils.java:logGet(46)) - raft.server.storage.dir = [/home/runner/work/ratis/ratis/ratis-examples/target/test/data/c3a9954f/MiniRaftClusterWithNettydc0556a/s4] (custom)
2022-08-31 10:03:09,486 INFO  server.RaftServer$Division (RaftServerImpl.java:<init>(195)) - s3: new RaftServerImpl for group-2F23E341BE7C:[] with ArithmeticStateMachine:uninitialized
2022-08-31 10:03:09,486 INFO  server.RaftServerConfigKeys (ConfUtils.java:logGet(46)) - raft.server.rpc.timeout.min = 300ms (custom)
2022-08-31 10:03:09,486 INFO  server.RaftServerConfigKeys (ConfUtils.java:logGet(46)) - raft.server.rpc.timeout.max = 600ms (custom)
2022-08-31 10:03:09,486 INFO  server.RaftServerConfigKeys (ConfUtils.java:logGet(46)) - raft.server.rpc.sleep.time = 25ms (default)
2022-08-31 10:03:09,486 INFO  server.RaftServerConfigKeys (ConfUtils.java:logGet(46)) - raft.server.rpc.slowness.timeout = 60s (default)
2022-08-31 10:03:09,486 INFO  server.RaftServerConfigKeys (ConfUtils.java:logGet(46)) - raft.server.leaderelection.leader.step-down.wait-time = 10s (default)
2022-08-31 10:03:09,486 INFO  server.RaftServerConfigKeys (ConfUtils.java:logGet(46)) - raft.server.sleep.deviation.threshold = 300ms (default)
2022-08-31 10:03:09,486 INFO  server.RaftServer$Division (ServerState.java:<init>(113)) - s3@group-2F23E341BE7C: ConfigurationManager, init=-1: peers:[]|listeners:[], old=null, confs=<EMPTY_MAP>
2022-08-31 10:03:09,486 INFO  server.RaftServerConfigKeys (ConfUtils.java:logGet(46)) - raft.server.notification.no-leader.timeout = 60s (default)
2022-08-31 10:03:09,486 INFO  server.RaftServerConfigKeys (ConfUtils.java:logGet(46)) - raft.server.retrycache.expirytime = 60s (default)
2022-08-31 10:03:09,486 INFO  server.RaftServerConfigKeys (ConfUtils.java:logGet(46)) - raft.server.retrycache.statistics.expirytime = 100μs (default)
2022-08-31 10:03:09,486 INFO  server.RaftServerConfigKeys (ConfUtils.java:logGet(46)) - raft.server.log.appender.install.snapshot.enabled = true (default)
2022-08-31 10:03:09,486 INFO  server.RaftServerConfigKeys (ConfUtils.java:logGet(46)) - raft.server.threadpool.server.cached = true (default)
2022-08-31 10:03:09,486 INFO  server.RaftServerConfigKeys (ConfUtils.java:logGet(46)) - raft.server.threadpool.server.size = 0 (default)
2022-08-31 10:03:09,486 INFO  server.RaftServerConfigKeys (ConfUtils.java:logGet(46)) - raft.server.threadpool.client.cached = true (default)
2022-08-31 10:03:09,487 INFO  server.RaftServerConfigKeys (ConfUtils.java:logGet(46)) - raft.server.threadpool.client.size = 0 (default)
2022-08-31 10:03:09,487 INFO  server.RaftServer (RaftServerProxy.java:addNew(97)) - s4: addNew group-2F23E341BE7C:[] returns group-2F23E341BE7C:java.util.concurrent.CompletableFuture@775db73e[Not completed]
2022-08-31 10:03:09,487 INFO  impl.MiniRaftCluster (MiniRaftCluster.java:newRaftServer(380)) - newRaftServer: s5, group-2F23E341BE7C:[], format? true
2022-08-31 10:03:09,487 TRACE util.FileUtils (FileUtils.java:deleteFully(168)) - deleteFully target/test/data/c3a9954f/MiniRaftClusterWithNettydc0556a/s5
2022-08-31 10:03:09,487 TRACE util.FileUtils (FileUtils.java:deleteFully(184)) - deleteFully: target/test/data/c3a9954f/MiniRaftClusterWithNettydc0556a/s5 does not exist.
2022-08-31 10:03:09,487 INFO  impl.MiniRaftCluster (MiniRaftCluster.java:newRaftServer(385)) - Formatted directory target/test/data/c3a9954f/MiniRaftClusterWithNettydc0556a/s5
2022-08-31 10:03:09,487 INFO  server.RaftServer (ConfUtils.java:logGet(46)) - raft.rpc.type = NETTY (custom)
2022-08-31 10:03:09,488 INFO  netty.NettyConfigKeys$Server (ConfUtils.java:logGet(46)) - raft.netty.server.host = null (default)
2022-08-31 10:03:09,488 INFO  netty.NettyConfigKeys$Server (ConfUtils.java:logGet(46)) - raft.netty.server.port = 45071 (custom)
2022-08-31 10:03:09,488 INFO  impl.DataStreamServerImpl (ConfUtils.java:logGet(46)) - raft.datastream.type = DISABLED (default)
2022-08-31 10:03:09,488 INFO  server.RaftServerConfigKeys (ConfUtils.java:logGet(46)) - raft.server.threadpool.proxy.cached = true (default)
2022-08-31 10:03:09,488 INFO  server.RaftServerConfigKeys (ConfUtils.java:logGet(46)) - raft.server.threadpool.proxy.size = 0 (default)
2022-08-31 10:03:09,488 INFO  server.RaftServerConfigKeys (ConfUtils.java:logGet(46)) - raft.server.rpc.slowness.timeout = 60s (default)
2022-08-31 10:03:09,488 INFO  server.RaftServerConfigKeys (ConfUtils.java:logGet(46)) - raft.server.leaderelection.leader.step-down.wait-time = 10s (default)
2022-08-31 10:03:09,488 INFO  server.RaftServerConfigKeys (ConfUtils.java:logGet(46)) - raft.server.storage.dir = [/home/runner/work/ratis/ratis/ratis-examples/target/test/data/c3a9954f/MiniRaftClusterWithNettydc0556a/s5] (custom)
2022-08-31 10:03:09,488 INFO  server.RaftServer$Division (RaftServerImpl.java:<init>(195)) - s4: new RaftServerImpl for group-2F23E341BE7C:[] with ArithmeticStateMachine:uninitialized
2022-08-31 10:03:09,488 INFO  server.RaftServerConfigKeys (ConfUtils.java:logGet(46)) - raft.server.rpc.timeout.min = 300ms (custom)
2022-08-31 10:03:09,488 INFO  server.RaftServerConfigKeys (ConfUtils.java:logGet(46)) - raft.server.rpc.timeout.max = 600ms (custom)
2022-08-31 10:03:09,488 INFO  server.RaftServerConfigKeys (ConfUtils.java:logGet(46)) - raft.server.rpc.sleep.time = 25ms (default)
2022-08-31 10:03:09,488 INFO  server.RaftServerConfigKeys (ConfUtils.java:logGet(46)) - raft.server.rpc.slowness.timeout = 60s (default)
2022-08-31 10:03:09,489 INFO  server.RaftServerConfigKeys (ConfUtils.java:logGet(46)) - raft.server.leaderelection.leader.step-down.wait-time = 10s (default)
2022-08-31 10:03:09,489 INFO  server.RaftServerConfigKeys (ConfUtils.java:logGet(46)) - raft.server.sleep.deviation.threshold = 300ms (default)
2022-08-31 10:03:09,489 INFO  server.RaftServer$Division (ServerState.java:<init>(113)) - s4@group-2F23E341BE7C: ConfigurationManager, init=-1: peers:[]|listeners:[], old=null, confs=<EMPTY_MAP>
2022-08-31 10:03:09,489 INFO  server.RaftServerConfigKeys (ConfUtils.java:logGet(46)) - raft.server.notification.no-leader.timeout = 60s (default)
2022-08-31 10:03:09,489 INFO  server.RaftServerConfigKeys (ConfUtils.java:logGet(46)) - raft.server.retrycache.expirytime = 60s (default)
2022-08-31 10:03:09,489 INFO  server.RaftServerConfigKeys (ConfUtils.java:logGet(46)) - raft.server.retrycache.statistics.expirytime = 100μs (default)
2022-08-31 10:03:09,489 INFO  server.RaftServerConfigKeys (ConfUtils.java:logGet(46)) - raft.server.log.appender.install.snapshot.enabled = true (default)
2022-08-31 10:03:09,489 INFO  server.RaftServerConfigKeys (ConfUtils.java:logGet(46)) - raft.server.threadpool.server.cached = true (default)
2022-08-31 10:03:09,489 INFO  server.RaftServerConfigKeys (ConfUtils.java:logGet(46)) - raft.server.threadpool.server.size = 0 (default)
2022-08-31 10:03:09,489 INFO  server.RaftServerConfigKeys (ConfUtils.java:logGet(46)) - raft.server.threadpool.client.cached = true (default)
2022-08-31 10:03:09,489 INFO  server.RaftServerConfigKeys (ConfUtils.java:logGet(46)) - raft.server.threadpool.client.size = 0 (default)
2022-08-31 10:03:09,489 INFO  server.RaftServer (RaftServerProxy.java:addNew(97)) - s5: addNew group-2F23E341BE7C:[] returns group-2F23E341BE7C:java.util.concurrent.CompletableFuture@4880b20d[Not completed]
2022-08-31 10:03:09,490 INFO  impl.MiniRaftCluster (MiniRaftCluster.java:newRaftServer(380)) - newRaftServer: s6, group-2F23E341BE7C:[], format? true
2022-08-31 10:03:09,490 TRACE util.FileUtils (FileUtils.java:deleteFully(168)) - deleteFully target/test/data/c3a9954f/MiniRaftClusterWithNettydc0556a/s6
2022-08-31 10:03:09,490 TRACE util.FileUtils (FileUtils.java:deleteFully(184)) - deleteFully: target/test/data/c3a9954f/MiniRaftClusterWithNettydc0556a/s6 does not exist.
2022-08-31 10:03:09,490 INFO  impl.MiniRaftCluster (MiniRaftCluster.java:newRaftServer(385)) - Formatted directory target/test/data/c3a9954f/MiniRaftClusterWithNettydc0556a/s6
2022-08-31 10:03:09,490 INFO  server.RaftServer (ConfUtils.java:logGet(46)) - raft.rpc.type = NETTY (custom)
2022-08-31 10:03:09,490 INFO  netty.NettyConfigKeys$Server (ConfUtils.java:logGet(46)) - raft.netty.server.host = null (default)
2022-08-31 10:03:09,490 INFO  netty.NettyConfigKeys$Server (ConfUtils.java:logGet(46)) - raft.netty.server.port = 38511 (custom)
2022-08-31 10:03:09,490 INFO  impl.DataStreamServerImpl (ConfUtils.java:logGet(46)) - raft.datastream.type = DISABLED (default)
2022-08-31 10:03:09,490 INFO  server.RaftServerConfigKeys (ConfUtils.java:logGet(46)) - raft.server.threadpool.proxy.cached = true (default)
2022-08-31 10:03:09,490 INFO  server.RaftServerConfigKeys (ConfUtils.java:logGet(46)) - raft.server.threadpool.proxy.size = 0 (default)
2022-08-31 10:03:09,490 INFO  server.RaftServerConfigKeys (ConfUtils.java:logGet(46)) - raft.server.rpc.slowness.timeout = 60s (default)
2022-08-31 10:03:09,490 INFO  server.RaftServerConfigKeys (ConfUtils.java:logGet(46)) - raft.server.leaderelection.leader.step-down.wait-time = 10s (default)
2022-08-31 10:03:09,490 INFO  server.RaftServerConfigKeys (ConfUtils.java:logGet(46)) - raft.server.storage.dir = [/home/runner/work/ratis/ratis/ratis-examples/target/test/data/c3a9954f/MiniRaftClusterWithNettydc0556a/s6] (custom)
2022-08-31 10:03:09,491 INFO  server.RaftServer$Division (RaftServerImpl.java:<init>(195)) - s5: new RaftServerImpl for group-2F23E341BE7C:[] with ArithmeticStateMachine:uninitialized
2022-08-31 10:03:09,491 INFO  server.RaftServerConfigKeys (ConfUtils.java:logGet(46)) - raft.server.rpc.timeout.min = 300ms (custom)
2022-08-31 10:03:09,491 INFO  server.RaftServerConfigKeys (ConfUtils.java:logGet(46)) - raft.server.rpc.timeout.max = 600ms (custom)
2022-08-31 10:03:09,491 INFO  server.RaftServerConfigKeys (ConfUtils.java:logGet(46)) - raft.server.rpc.sleep.time = 25ms (default)
2022-08-31 10:03:09,491 INFO  server.RaftServerConfigKeys (ConfUtils.java:logGet(46)) - raft.server.rpc.slowness.timeout = 60s (default)
2022-08-31 10:03:09,491 INFO  server.RaftServerConfigKeys (ConfUtils.java:logGet(46)) - raft.server.leaderelection.leader.step-down.wait-time = 10s (default)
2022-08-31 10:03:09,492 INFO  server.RaftServerConfigKeys (ConfUtils.java:logGet(46)) - raft.server.sleep.deviation.threshold = 300ms (default)
2022-08-31 10:03:09,492 INFO  server.RaftServer$Division (ServerState.java:<init>(113)) - s5@group-2F23E341BE7C: ConfigurationManager, init=-1: peers:[]|listeners:[], old=null, confs=<EMPTY_MAP>
2022-08-31 10:03:09,492 INFO  server.RaftServerConfigKeys (ConfUtils.java:logGet(46)) - raft.server.notification.no-leader.timeout = 60s (default)
2022-08-31 10:03:09,492 INFO  server.RaftServerConfigKeys (ConfUtils.java:logGet(46)) - raft.server.retrycache.expirytime = 60s (default)
2022-08-31 10:03:09,492 INFO  server.RaftServerConfigKeys (ConfUtils.java:logGet(46)) - raft.server.retrycache.statistics.expirytime = 100μs (default)
2022-08-31 10:03:09,492 INFO  server.RaftServerConfigKeys (ConfUtils.java:logGet(46)) - raft.server.log.appender.install.snapshot.enabled = true (default)
2022-08-31 10:03:09,492 INFO  server.RaftServerConfigKeys (ConfUtils.java:logGet(46)) - raft.server.threadpool.server.cached = true (default)
2022-08-31 10:03:09,492 INFO  server.RaftServerConfigKeys (ConfUtils.java:logGet(46)) - raft.server.threadpool.server.size = 0 (default)
2022-08-31 10:03:09,492 INFO  server.RaftServerConfigKeys (ConfUtils.java:logGet(46)) - raft.server.threadpool.client.cached = true (default)
2022-08-31 10:03:09,492 INFO  server.RaftServerConfigKeys (ConfUtils.java:logGet(46)) - raft.server.threadpool.client.size = 0 (default)
2022-08-31 10:03:09,492 INFO  server.RaftServer (RaftServerProxy.java:addNew(97)) - s6: addNew group-2F23E341BE7C:[] returns group-2F23E341BE7C:java.util.concurrent.CompletableFuture@41f1c275[Not completed]
2022-08-31 10:03:09,492 INFO  impl.MiniRaftCluster (MiniRaftCluster.java:newRaftServer(380)) - newRaftServer: s7, group-2F23E341BE7C:[], format? true
2022-08-31 10:03:09,492 TRACE util.FileUtils (FileUtils.java:deleteFully(168)) - deleteFully target/test/data/c3a9954f/MiniRaftClusterWithNettydc0556a/s7
2022-08-31 10:03:09,493 TRACE util.FileUtils (FileUtils.java:deleteFully(184)) - deleteFully: target/test/data/c3a9954f/MiniRaftClusterWithNettydc0556a/s7 does not exist.
2022-08-31 10:03:09,493 INFO  impl.MiniRaftCluster (MiniRaftCluster.java:newRaftServer(385)) - Formatted directory target/test/data/c3a9954f/MiniRaftClusterWithNettydc0556a/s7
2022-08-31 10:03:09,493 INFO  server.RaftServer (ConfUtils.java:logGet(46)) - raft.rpc.type = NETTY (custom)
2022-08-31 10:03:09,493 INFO  netty.NettyConfigKeys$Server (ConfUtils.java:logGet(46)) - raft.netty.server.host = null (default)
2022-08-31 10:03:09,493 INFO  netty.NettyConfigKeys$Server (ConfUtils.java:logGet(46)) - raft.netty.server.port = 41937 (custom)
2022-08-31 10:03:09,493 INFO  impl.DataStreamServerImpl (ConfUtils.java:logGet(46)) - raft.datastream.type = DISABLED (default)
2022-08-31 10:03:09,493 INFO  server.RaftServerConfigKeys (ConfUtils.java:logGet(46)) - raft.server.threadpool.proxy.cached = true (default)
2022-08-31 10:03:09,493 INFO  server.RaftServerConfigKeys (ConfUtils.java:logGet(46)) - raft.server.threadpool.proxy.size = 0 (default)
2022-08-31 10:03:09,493 INFO  server.RaftServerConfigKeys (ConfUtils.java:logGet(46)) - raft.server.rpc.slowness.timeout = 60s (default)
2022-08-31 10:03:09,493 INFO  server.RaftServerConfigKeys (ConfUtils.java:logGet(46)) - raft.server.leaderelection.leader.step-down.wait-time = 10s (default)
2022-08-31 10:03:09,493 INFO  server.RaftServerConfigKeys (ConfUtils.java:logGet(46)) - raft.server.storage.dir = [/home/runner/work/ratis/ratis/ratis-examples/target/test/data/c3a9954f/MiniRaftClusterWithNettydc0556a/s7] (custom)
2022-08-31 10:03:09,494 INFO  server.RaftServer$Division (RaftServerImpl.java:<init>(195)) - s6: new RaftServerImpl for group-2F23E341BE7C:[] with ArithmeticStateMachine:uninitialized
2022-08-31 10:03:09,494 INFO  server.RaftServerConfigKeys (ConfUtils.java:logGet(46)) - raft.server.rpc.timeout.min = 300ms (custom)
2022-08-31 10:03:09,494 INFO  server.RaftServerConfigKeys (ConfUtils.java:logGet(46)) - raft.server.rpc.timeout.max = 600ms (custom)
2022-08-31 10:03:09,495 INFO  server.RaftServerConfigKeys (ConfUtils.java:logGet(46)) - raft.server.rpc.sleep.time = 25ms (default)
2022-08-31 10:03:09,495 INFO  server.RaftServerConfigKeys (ConfUtils.java:logGet(46)) - raft.server.rpc.slowness.timeout = 60s (default)
2022-08-31 10:03:09,495 INFO  server.RaftServerConfigKeys (ConfUtils.java:logGet(46)) - raft.server.leaderelection.leader.step-down.wait-time = 10s (default)
2022-08-31 10:03:09,495 INFO  server.RaftServerConfigKeys (ConfUtils.java:logGet(46)) - raft.server.sleep.deviation.threshold = 300ms (default)
2022-08-31 10:03:09,495 INFO  server.RaftServer$Division (ServerState.java:<init>(113)) - s6@group-2F23E341BE7C: ConfigurationManager, init=-1: peers:[]|listeners:[], old=null, confs=<EMPTY_MAP>
2022-08-31 10:03:09,495 INFO  server.RaftServerConfigKeys (ConfUtils.java:logGet(46)) - raft.server.notification.no-leader.timeout = 60s (default)
2022-08-31 10:03:09,495 INFO  server.RaftServerConfigKeys (ConfUtils.java:logGet(46)) - raft.server.retrycache.expirytime = 60s (default)
2022-08-31 10:03:09,495 INFO  server.RaftServerConfigKeys (ConfUtils.java:logGet(46)) - raft.server.retrycache.statistics.expirytime = 100μs (default)
2022-08-31 10:03:09,495 INFO  server.RaftServerConfigKeys (ConfUtils.java:logGet(46)) - raft.server.log.appender.install.snapshot.enabled = true (default)
2022-08-31 10:03:09,495 INFO  server.RaftServerConfigKeys (ConfUtils.java:logGet(46)) - raft.server.threadpool.server.cached = true (default)
2022-08-31 10:03:09,495 INFO  server.RaftServerConfigKeys (ConfUtils.java:logGet(46)) - raft.server.threadpool.server.size = 0 (default)
2022-08-31 10:03:09,495 INFO  server.RaftServerConfigKeys (ConfUtils.java:logGet(46)) - raft.server.threadpool.client.cached = true (default)
2022-08-31 10:03:09,495 INFO  server.RaftServerConfigKeys (ConfUtils.java:logGet(46)) - raft.server.threadpool.client.size = 0 (default)
2022-08-31 10:03:09,495 INFO  server.RaftServer (RaftServerProxy.java:addNew(97)) - s7: addNew group-2F23E341BE7C:[] returns group-2F23E341BE7C:java.util.concurrent.CompletableFuture@1ed847d1[Not completed]
2022-08-31 10:03:09,496 INFO  impl.MiniRaftCluster (MiniRaftCluster.java:newRaftServer(380)) - newRaftServer: s8, group-2F23E341BE7C:[], format? true
2022-08-31 10:03:09,496 TRACE util.FileUtils (FileUtils.java:deleteFully(168)) - deleteFully target/test/data/c3a9954f/MiniRaftClusterWithNettydc0556a/s8
2022-08-31 10:03:09,496 TRACE util.FileUtils (FileUtils.java:deleteFully(184)) - deleteFully: target/test/data/c3a9954f/MiniRaftClusterWithNettydc0556a/s8 does not exist.
2022-08-31 10:03:09,496 INFO  impl.MiniRaftCluster (MiniRaftCluster.java:newRaftServer(385)) - Formatted directory target/test/data/c3a9954f/MiniRaftClusterWithNettydc0556a/s8
2022-08-31 10:03:09,496 INFO  server.RaftServer (ConfUtils.java:logGet(46)) - raft.rpc.type = NETTY (custom)
2022-08-31 10:03:09,496 INFO  netty.NettyConfigKeys$Server (ConfUtils.java:logGet(46)) - raft.netty.server.host = null (default)
2022-08-31 10:03:09,496 INFO  netty.NettyConfigKeys$Server (ConfUtils.java:logGet(46)) - raft.netty.server.port = 44301 (custom)
2022-08-31 10:03:09,496 INFO  impl.DataStreamServerImpl (ConfUtils.java:logGet(46)) - raft.datastream.type = DISABLED (default)
2022-08-31 10:03:09,496 INFO  server.RaftServerConfigKeys (ConfUtils.java:logGet(46)) - raft.server.threadpool.proxy.cached = true (default)
2022-08-31 10:03:09,496 INFO  server.RaftServerConfigKeys (ConfUtils.java:logGet(46)) - raft.server.threadpool.proxy.size = 0 (default)
2022-08-31 10:03:09,496 INFO  server.RaftServerConfigKeys (ConfUtils.java:logGet(46)) - raft.server.rpc.slowness.timeout = 60s (default)
2022-08-31 10:03:09,496 INFO  server.RaftServerConfigKeys (ConfUtils.java:logGet(46)) - raft.server.leaderelection.leader.step-down.wait-time = 10s (default)
2022-08-31 10:03:09,496 INFO  server.RaftServerConfigKeys (ConfUtils.java:logGet(46)) - raft.server.storage.dir = [/home/runner/work/ratis/ratis/ratis-examples/target/test/data/c3a9954f/MiniRaftClusterWithNettydc0556a/s8] (custom)
2022-08-31 10:03:09,498 INFO  server.RaftServer$Division (RaftServerImpl.java:<init>(195)) - s7: new RaftServerImpl for group-2F23E341BE7C:[] with ArithmeticStateMachine:uninitialized
2022-08-31 10:03:09,498 INFO  server.RaftServerConfigKeys (ConfUtils.java:logGet(46)) - raft.server.rpc.timeout.min = 300ms (custom)
2022-08-31 10:03:09,498 INFO  server.RaftServerConfigKeys (ConfUtils.java:logGet(46)) - raft.server.rpc.timeout.max = 600ms (custom)
2022-08-31 10:03:09,498 INFO  server.RaftServerConfigKeys (ConfUtils.java:logGet(46)) - raft.server.rpc.sleep.time = 25ms (default)
2022-08-31 10:03:09,498 INFO  server.RaftServerConfigKeys (ConfUtils.java:logGet(46)) - raft.server.rpc.slowness.timeout = 60s (default)
2022-08-31 10:03:09,498 INFO  server.RaftServerConfigKeys (ConfUtils.java:logGet(46)) - raft.server.leaderelection.leader.step-down.wait-time = 10s (default)
2022-08-31 10:03:09,498 INFO  server.RaftServerConfigKeys (ConfUtils.java:logGet(46)) - raft.server.sleep.deviation.threshold = 300ms (default)
2022-08-31 10:03:09,498 INFO  server.RaftServer$Division (ServerState.java:<init>(113)) - s7@group-2F23E341BE7C: ConfigurationManager, init=-1: peers:[]|listeners:[], old=null, confs=<EMPTY_MAP>
2022-08-31 10:03:09,498 INFO  server.RaftServerConfigKeys (ConfUtils.java:logGet(46)) - raft.server.notification.no-leader.timeout = 60s (default)
2022-08-31 10:03:09,498 INFO  server.RaftServerConfigKeys (ConfUtils.java:logGet(46)) - raft.server.retrycache.expirytime = 60s (default)
2022-08-31 10:03:09,498 INFO  server.RaftServerConfigKeys (ConfUtils.java:logGet(46)) - raft.server.retrycache.statistics.expirytime = 100μs (default)
2022-08-31 10:03:09,498 INFO  server.RaftServerConfigKeys (ConfUtils.java:logGet(46)) - raft.server.log.appender.install.snapshot.enabled = true (default)
2022-08-31 10:03:09,498 INFO  server.RaftServerConfigKeys (ConfUtils.java:logGet(46)) - raft.server.threadpool.server.cached = true (default)
2022-08-31 10:03:09,498 INFO  server.RaftServerConfigKeys (ConfUtils.java:logGet(46)) - raft.server.threadpool.server.size = 0 (default)
2022-08-31 10:03:09,498 INFO  server.RaftServerConfigKeys (ConfUtils.java:logGet(46)) - raft.server.threadpool.client.cached = true (default)
2022-08-31 10:03:09,498 INFO  server.RaftServerConfigKeys (ConfUtils.java:logGet(46)) - raft.server.threadpool.client.size = 0 (default)
2022-08-31 10:03:09,499 INFO  server.RaftServer (RaftServerProxy.java:addNew(97)) - s8: addNew group-2F23E341BE7C:[] returns group-2F23E341BE7C:java.util.concurrent.CompletableFuture@ed9e942[Not completed]
2022-08-31 10:03:09,499 INFO  impl.MiniRaftCluster (MiniRaftCluster.java:newRaftServer(380)) - newRaftServer: s9, group-2F23E341BE7C:[], format? true
2022-08-31 10:03:09,499 TRACE util.FileUtils (FileUtils.java:deleteFully(168)) - deleteFully target/test/data/c3a9954f/MiniRaftClusterWithNettydc0556a/s9
2022-08-31 10:03:09,499 TRACE util.FileUtils (FileUtils.java:deleteFully(184)) - deleteFully: target/test/data/c3a9954f/MiniRaftClusterWithNettydc0556a/s9 does not exist.
2022-08-31 10:03:09,499 INFO  impl.MiniRaftCluster (MiniRaftCluster.java:newRaftServer(385)) - Formatted directory target/test/data/c3a9954f/MiniRaftClusterWithNettydc0556a/s9
2022-08-31 10:03:09,499 INFO  server.RaftServer (ConfUtils.java:logGet(46)) - raft.rpc.type = NETTY (custom)
2022-08-31 10:03:09,500 INFO  netty.NettyConfigKeys$Server (ConfUtils.java:logGet(46)) - raft.netty.server.host = null (default)
2022-08-31 10:03:09,500 INFO  netty.NettyConfigKeys$Server (ConfUtils.java:logGet(46)) - raft.netty.server.port = 41063 (custom)
2022-08-31 10:03:09,500 INFO  impl.DataStreamServerImpl (ConfUtils.java:logGet(46)) - raft.datastream.type = DISABLED (default)
2022-08-31 10:03:09,500 INFO  server.RaftServerConfigKeys (ConfUtils.java:logGet(46)) - raft.server.threadpool.proxy.cached = true (default)
2022-08-31 10:03:09,500 INFO  server.RaftServerConfigKeys (ConfUtils.java:logGet(46)) - raft.server.threadpool.proxy.size = 0 (default)
2022-08-31 10:03:09,500 INFO  server.RaftServerConfigKeys (ConfUtils.java:logGet(46)) - raft.server.rpc.slowness.timeout = 60s (default)
2022-08-31 10:03:09,500 INFO  server.RaftServerConfigKeys (ConfUtils.java:logGet(46)) - raft.server.leaderelection.leader.step-down.wait-time = 10s (default)
2022-08-31 10:03:09,500 INFO  server.RaftServerConfigKeys (ConfUtils.java:logGet(46)) - raft.server.storage.dir = [/home/runner/work/ratis/ratis/ratis-examples/target/test/data/c3a9954f/MiniRaftClusterWithNettydc0556a/s9] (custom)
2022-08-31 10:03:09,518 INFO  server.RaftServer$Division (RaftServerImpl.java:<init>(195)) - s8: new RaftServerImpl for group-2F23E341BE7C:[] with ArithmeticStateMachine:uninitialized
2022-08-31 10:03:09,518 INFO  server.RaftServerConfigKeys (ConfUtils.java:logGet(46)) - raft.server.rpc.timeout.min = 300ms (custom)
2022-08-31 10:03:09,518 INFO  server.RaftServerConfigKeys (ConfUtils.java:logGet(46)) - raft.server.rpc.timeout.max = 600ms (custom)
2022-08-31 10:03:09,518 INFO  server.RaftServerConfigKeys (ConfUtils.java:logGet(46)) - raft.server.rpc.sleep.time = 25ms (default)
2022-08-31 10:03:09,518 INFO  server.RaftServerConfigKeys (ConfUtils.java:logGet(46)) - raft.server.rpc.slowness.timeout = 60s (default)
2022-08-31 10:03:09,518 INFO  server.RaftServerConfigKeys (ConfUtils.java:logGet(46)) - raft.server.leaderelection.leader.step-down.wait-time = 10s (default)
2022-08-31 10:03:09,518 INFO  server.RaftServerConfigKeys (ConfUtils.java:logGet(46)) - raft.server.sleep.deviation.threshold = 300ms (default)
2022-08-31 10:03:09,518 INFO  server.RaftServer$Division (ServerState.java:<init>(113)) - s8@group-2F23E341BE7C: ConfigurationManager, init=-1: peers:[]|listeners:[], old=null, confs=<EMPTY_MAP>
2022-08-31 10:03:09,518 INFO  server.RaftServerConfigKeys (ConfUtils.java:logGet(46)) - raft.server.notification.no-leader.timeout = 60s (default)
2022-08-31 10:03:09,518 INFO  server.RaftServerConfigKeys (ConfUtils.java:logGet(46)) - raft.server.retrycache.expirytime = 60s (default)
2022-08-31 10:03:09,518 INFO  server.RaftServerConfigKeys (ConfUtils.java:logGet(46)) - raft.server.retrycache.statistics.expirytime = 100μs (default)
2022-08-31 10:03:09,519 INFO  server.RaftServerConfigKeys (ConfUtils.java:logGet(46)) - raft.server.log.appender.install.snapshot.enabled = true (default)
2022-08-31 10:03:09,519 INFO  server.RaftServerConfigKeys (ConfUtils.java:logGet(46)) - raft.server.threadpool.server.cached = true (default)
2022-08-31 10:03:09,519 INFO  server.RaftServerConfigKeys (ConfUtils.java:logGet(46)) - raft.server.threadpool.server.size = 0 (default)
2022-08-31 10:03:09,519 INFO  server.RaftServerConfigKeys (ConfUtils.java:logGet(46)) - raft.server.threadpool.client.cached = true (default)
2022-08-31 10:03:09,519 INFO  server.RaftServerConfigKeys (ConfUtils.java:logGet(46)) - raft.server.threadpool.client.size = 0 (default)
2022-08-31 10:03:09,519 INFO  server.RaftServer (RaftServerProxy.java:addNew(97)) - s9: addNew group-2F23E341BE7C:[] returns group-2F23E341BE7C:java.util.concurrent.CompletableFuture@62676e42[Not completed]
2022-08-31 10:03:09,519 INFO  impl.MiniRaftCluster (MiniRaftCluster.java:newRaftServer(380)) - newRaftServer: s10, group-2F23E341BE7C:[], format? true
2022-08-31 10:03:09,519 TRACE util.FileUtils (FileUtils.java:deleteFully(168)) - deleteFully target/test/data/c3a9954f/MiniRaftClusterWithNettydc0556a/s10
2022-08-31 10:03:09,519 TRACE util.FileUtils (FileUtils.java:deleteFully(184)) - deleteFully: target/test/data/c3a9954f/MiniRaftClusterWithNettydc0556a/s10 does not exist.
2022-08-31 10:03:09,519 INFO  impl.MiniRaftCluster (MiniRaftCluster.java:newRaftServer(385)) - Formatted directory target/test/data/c3a9954f/MiniRaftClusterWithNettydc0556a/s10
2022-08-31 10:03:09,519 INFO  server.RaftServer (ConfUtils.java:logGet(46)) - raft.rpc.type = NETTY (custom)
2022-08-31 10:03:09,520 INFO  netty.NettyConfigKeys$Server (ConfUtils.java:logGet(46)) - raft.netty.server.host = null (default)
2022-08-31 10:03:09,520 INFO  netty.NettyConfigKeys$Server (ConfUtils.java:logGet(46)) - raft.netty.server.port = 36383 (custom)
2022-08-31 10:03:09,520 INFO  impl.DataStreamServerImpl (ConfUtils.java:logGet(46)) - raft.datastream.type = DISABLED (default)
2022-08-31 10:03:09,520 INFO  server.RaftServerConfigKeys (ConfUtils.java:logGet(46)) - raft.server.threadpool.proxy.cached = true (default)
2022-08-31 10:03:09,520 INFO  server.RaftServerConfigKeys (ConfUtils.java:logGet(46)) - raft.server.threadpool.proxy.size = 0 (default)
2022-08-31 10:03:09,520 INFO  server.RaftServerConfigKeys (ConfUtils.java:logGet(46)) - raft.server.rpc.slowness.timeout = 60s (default)
2022-08-31 10:03:09,520 INFO  server.RaftServerConfigKeys (ConfUtils.java:logGet(46)) - raft.server.leaderelection.leader.step-down.wait-time = 10s (default)
2022-08-31 10:03:09,520 INFO  server.RaftServerConfigKeys (ConfUtils.java:logGet(46)) - raft.server.storage.dir = [/home/runner/work/ratis/ratis/ratis-examples/target/test/data/c3a9954f/MiniRaftClusterWithNettydc0556a/s10] (custom)
2022-08-31 10:03:09,522 INFO  server.RaftServer$Division (RaftServerImpl.java:<init>(195)) - s9: new RaftServerImpl for group-2F23E341BE7C:[] with ArithmeticStateMachine:uninitialized
2022-08-31 10:03:09,522 INFO  server.RaftServerConfigKeys (ConfUtils.java:logGet(46)) - raft.server.rpc.timeout.min = 300ms (custom)
2022-08-31 10:03:09,522 INFO  server.RaftServerConfigKeys (ConfUtils.java:logGet(46)) - raft.server.rpc.timeout.max = 600ms (custom)
2022-08-31 10:03:09,522 INFO  server.RaftServerConfigKeys (ConfUtils.java:logGet(46)) - raft.server.rpc.sleep.time = 25ms (default)
2022-08-31 10:03:09,523 INFO  server.RaftServerConfigKeys (ConfUtils.java:logGet(46)) - raft.server.rpc.slowness.timeout = 60s (default)
2022-08-31 10:03:09,523 INFO  server.RaftServerConfigKeys (ConfUtils.java:logGet(46)) - raft.server.leaderelection.leader.step-down.wait-time = 10s (default)
2022-08-31 10:03:09,523 INFO  server.RaftServerConfigKeys (ConfUtils.java:logGet(46)) - raft.server.sleep.deviation.threshold = 300ms (default)
2022-08-31 10:03:09,523 INFO  server.RaftServer$Division (ServerState.java:<init>(113)) - s9@group-2F23E341BE7C: ConfigurationManager, init=-1: peers:[]|listeners:[], old=null, confs=<EMPTY_MAP>
2022-08-31 10:03:09,523 INFO  server.RaftServerConfigKeys (ConfUtils.java:logGet(46)) - raft.server.notification.no-leader.timeout = 60s (default)
2022-08-31 10:03:09,523 INFO  server.RaftServerConfigKeys (ConfUtils.java:logGet(46)) - raft.server.retrycache.expirytime = 60s (default)
2022-08-31 10:03:09,523 INFO  server.RaftServerConfigKeys (ConfUtils.java:logGet(46)) - raft.server.retrycache.statistics.expirytime = 100μs (default)
2022-08-31 10:03:09,523 INFO  server.RaftServerConfigKeys (ConfUtils.java:logGet(46)) - raft.server.log.appender.install.snapshot.enabled = true (default)
2022-08-31 10:03:09,523 INFO  server.RaftServerConfigKeys (ConfUtils.java:logGet(46)) - raft.server.threadpool.server.cached = true (default)
2022-08-31 10:03:09,523 INFO  server.RaftServerConfigKeys (ConfUtils.java:logGet(46)) - raft.server.threadpool.server.size = 0 (default)
2022-08-31 10:03:09,523 INFO  server.RaftServerConfigKeys (ConfUtils.java:logGet(46)) - raft.server.threadpool.client.cached = true (default)
2022-08-31 10:03:09,523 INFO  server.RaftServerConfigKeys (ConfUtils.java:logGet(46)) - raft.server.threadpool.client.size = 0 (default)
2022-08-31 10:03:09,523 INFO  server.RaftServer (RaftServerProxy.java:addNew(97)) - s10: addNew group-2F23E341BE7C:[] returns group-2F23E341BE7C:java.util.concurrent.CompletableFuture@106eb100[Not completed]
2022-08-31 10:03:09,523 INFO  impl.MiniRaftCluster (MiniRaftCluster.java:newRaftServer(380)) - newRaftServer: s11, group-2F23E341BE7C:[], format? true
2022-08-31 10:03:09,523 TRACE util.FileUtils (FileUtils.java:deleteFully(168)) - deleteFully target/test/data/c3a9954f/MiniRaftClusterWithNettydc0556a/s11
2022-08-31 10:03:09,524 INFO  server.RaftServer$Division (RaftServerImpl.java:<init>(195)) - s10: new RaftServerImpl for group-2F23E341BE7C:[] with ArithmeticStateMachine:uninitialized
2022-08-31 10:03:09,524 INFO  server.RaftServerConfigKeys (ConfUtils.java:logGet(46)) - raft.server.rpc.timeout.min = 300ms (custom)
2022-08-31 10:03:09,524 TRACE util.FileUtils (FileUtils.java:deleteFully(184)) - deleteFully: target/test/data/c3a9954f/MiniRaftClusterWithNettydc0556a/s11 does not exist.
2022-08-31 10:03:09,524 INFO  impl.MiniRaftCluster (MiniRaftCluster.java:newRaftServer(385)) - Formatted directory target/test/data/c3a9954f/MiniRaftClusterWithNettydc0556a/s11
2022-08-31 10:03:09,524 INFO  server.RaftServerConfigKeys (ConfUtils.java:logGet(46)) - raft.server.rpc.timeout.max = 600ms (custom)
2022-08-31 10:03:09,524 INFO  server.RaftServerConfigKeys (ConfUtils.java:logGet(46)) - raft.server.rpc.sleep.time = 25ms (default)
2022-08-31 10:03:09,524 INFO  server.RaftServerConfigKeys (ConfUtils.java:logGet(46)) - raft.server.rpc.slowness.timeout = 60s (default)
2022-08-31 10:03:09,524 INFO  server.RaftServerConfigKeys (ConfUtils.java:logGet(46)) - raft.server.leaderelection.leader.step-down.wait-time = 10s (default)
2022-08-31 10:03:09,524 INFO  server.RaftServerConfigKeys (ConfUtils.java:logGet(46)) - raft.server.sleep.deviation.threshold = 300ms (default)
2022-08-31 10:03:09,524 INFO  server.RaftServer$Division (ServerState.java:<init>(113)) - s10@group-2F23E341BE7C: ConfigurationManager, init=-1: peers:[]|listeners:[], old=null, confs=<EMPTY_MAP>
2022-08-31 10:03:09,524 INFO  server.RaftServer (ConfUtils.java:logGet(46)) - raft.rpc.type = NETTY (custom)
2022-08-31 10:03:09,524 INFO  server.RaftServerConfigKeys (ConfUtils.java:logGet(46)) - raft.server.notification.no-leader.timeout = 60s (default)
2022-08-31 10:03:09,524 INFO  server.RaftServerConfigKeys (ConfUtils.java:logGet(46)) - raft.server.retrycache.expirytime = 60s (default)
2022-08-31 10:03:09,524 INFO  server.RaftServerConfigKeys (ConfUtils.java:logGet(46)) - raft.server.retrycache.statistics.expirytime = 100μs (default)
2022-08-31 10:03:09,524 INFO  netty.NettyConfigKeys$Server (ConfUtils.java:logGet(46)) - raft.netty.server.host = null (default)
2022-08-31 10:03:09,524 INFO  netty.NettyConfigKeys$Server (ConfUtils.java:logGet(46)) - raft.netty.server.port = 36833 (custom)
2022-08-31 10:03:09,524 INFO  impl.DataStreamServerImpl (ConfUtils.java:logGet(46)) - raft.datastream.type = DISABLED (default)
2022-08-31 10:03:09,524 INFO  server.RaftServerConfigKeys (ConfUtils.java:logGet(46)) - raft.server.threadpool.proxy.cached = true (default)
2022-08-31 10:03:09,524 INFO  server.RaftServerConfigKeys (ConfUtils.java:logGet(46)) - raft.server.threadpool.proxy.size = 0 (default)
2022-08-31 10:03:09,524 INFO  server.RaftServerConfigKeys (ConfUtils.java:logGet(46)) - raft.server.rpc.slowness.timeout = 60s (default)
2022-08-31 10:03:09,524 INFO  server.RaftServerConfigKeys (ConfUtils.java:logGet(46)) - raft.server.leaderelection.leader.step-down.wait-time = 10s (default)
2022-08-31 10:03:09,525 INFO  server.RaftServerConfigKeys (ConfUtils.java:logGet(46)) - raft.server.storage.dir = [/home/runner/work/ratis/ratis/ratis-examples/target/test/data/c3a9954f/MiniRaftClusterWithNettydc0556a/s11] (custom)
2022-08-31 10:03:09,525 INFO  server.RaftServerConfigKeys (ConfUtils.java:logGet(46)) - raft.server.log.appender.install.snapshot.enabled = true (default)
2022-08-31 10:03:09,525 INFO  server.RaftServerConfigKeys (ConfUtils.java:logGet(46)) - raft.server.threadpool.server.cached = true (default)
2022-08-31 10:03:09,525 INFO  server.RaftServerConfigKeys (ConfUtils.java:logGet(46)) - raft.server.threadpool.server.size = 0 (default)
2022-08-31 10:03:09,525 INFO  server.RaftServerConfigKeys (ConfUtils.java:logGet(46)) - raft.server.threadpool.client.cached = true (default)
2022-08-31 10:03:09,525 INFO  server.RaftServerConfigKeys (ConfUtils.java:logGet(46)) - raft.server.threadpool.client.size = 0 (default)
2022-08-31 10:03:09,525 INFO  server.RaftServer (RaftServerProxy.java:addNew(97)) - s11: addNew group-2F23E341BE7C:[] returns group-2F23E341BE7C:java.util.concurrent.CompletableFuture@aef4584[Not completed]
2022-08-31 10:03:09,525 INFO  impl.MiniRaftCluster (MiniRaftCluster.java:newRaftServer(380)) - newRaftServer: s12, group-2F23E341BE7C:[], format? true
2022-08-31 10:03:09,525 TRACE util.FileUtils (FileUtils.java:deleteFully(168)) - deleteFully target/test/data/c3a9954f/MiniRaftClusterWithNettydc0556a/s12
2022-08-31 10:03:09,525 TRACE util.FileUtils (FileUtils.java:deleteFully(184)) - deleteFully: target/test/data/c3a9954f/MiniRaftClusterWithNettydc0556a/s12 does not exist.
2022-08-31 10:03:09,525 INFO  impl.MiniRaftCluster (MiniRaftCluster.java:newRaftServer(385)) - Formatted directory target/test/data/c3a9954f/MiniRaftClusterWithNettydc0556a/s12
2022-08-31 10:03:09,525 INFO  server.RaftServer$Division (RaftServerImpl.java:<init>(195)) - s11: new RaftServerImpl for group-2F23E341BE7C:[] with ArithmeticStateMachine:uninitialized
2022-08-31 10:03:09,525 INFO  server.RaftServerConfigKeys (ConfUtils.java:logGet(46)) - raft.server.rpc.timeout.min = 300ms (custom)
2022-08-31 10:03:09,525 INFO  server.RaftServerConfigKeys (ConfUtils.java:logGet(46)) - raft.server.rpc.timeout.max = 600ms (custom)
2022-08-31 10:03:09,525 INFO  server.RaftServerConfigKeys (ConfUtils.java:logGet(46)) - raft.server.rpc.sleep.time = 25ms (default)
2022-08-31 10:03:09,525 INFO  server.RaftServerConfigKeys (ConfUtils.java:logGet(46)) - raft.server.rpc.slowness.timeout = 60s (default)
2022-08-31 10:03:09,525 INFO  server.RaftServer (ConfUtils.java:logGet(46)) - raft.rpc.type = NETTY (custom)
2022-08-31 10:03:09,525 INFO  server.RaftServerConfigKeys (ConfUtils.java:logGet(46)) - raft.server.leaderelection.leader.step-down.wait-time = 10s (default)
2022-08-31 10:03:09,526 INFO  server.RaftServerConfigKeys (ConfUtils.java:logGet(46)) - raft.server.sleep.deviation.threshold = 300ms (default)
2022-08-31 10:03:09,526 INFO  server.RaftServer$Division (ServerState.java:<init>(113)) - s11@group-2F23E341BE7C: ConfigurationManager, init=-1: peers:[]|listeners:[], old=null, confs=<EMPTY_MAP>
2022-08-31 10:03:09,526 INFO  server.RaftServerConfigKeys (ConfUtils.java:logGet(46)) - raft.server.notification.no-leader.timeout = 60s (default)
2022-08-31 10:03:09,526 INFO  server.RaftServerConfigKeys (ConfUtils.java:logGet(46)) - raft.server.retrycache.expirytime = 60s (default)
2022-08-31 10:03:09,526 INFO  server.RaftServerConfigKeys (ConfUtils.java:logGet(46)) - raft.server.retrycache.statistics.expirytime = 100μs (default)
2022-08-31 10:03:09,526 INFO  server.RaftServerConfigKeys (ConfUtils.java:logGet(46)) - raft.server.log.appender.install.snapshot.enabled = true (default)
2022-08-31 10:03:09,526 INFO  server.RaftServerConfigKeys (ConfUtils.java:logGet(46)) - raft.server.threadpool.server.cached = true (default)
2022-08-31 10:03:09,526 INFO  server.RaftServerConfigKeys (ConfUtils.java:logGet(46)) - raft.server.threadpool.server.size = 0 (default)
2022-08-31 10:03:09,526 INFO  server.RaftServerConfigKeys (ConfUtils.java:logGet(46)) - raft.server.threadpool.client.cached = true (default)
2022-08-31 10:03:09,526 INFO  server.RaftServerConfigKeys (ConfUtils.java:logGet(46)) - raft.server.threadpool.client.size = 0 (default)
2022-08-31 10:03:09,526 INFO  netty.NettyConfigKeys$Server (ConfUtils.java:logGet(46)) - raft.netty.server.host = null (default)
2022-08-31 10:03:09,526 INFO  netty.NettyConfigKeys$Server (ConfUtils.java:logGet(46)) - raft.netty.server.port = 38617 (custom)
2022-08-31 10:03:09,527 INFO  impl.DataStreamServerImpl (ConfUtils.java:logGet(46)) - raft.datastream.type = DISABLED (default)
2022-08-31 10:03:09,527 INFO  server.RaftServerConfigKeys (ConfUtils.java:logGet(46)) - raft.server.threadpool.proxy.cached = true (default)
2022-08-31 10:03:09,527 INFO  server.RaftServerConfigKeys (ConfUtils.java:logGet(46)) - raft.server.threadpool.proxy.size = 0 (default)
2022-08-31 10:03:09,527 INFO  server.RaftServerConfigKeys (ConfUtils.java:logGet(46)) - raft.server.rpc.slowness.timeout = 60s (default)
2022-08-31 10:03:09,527 INFO  server.RaftServerConfigKeys (ConfUtils.java:logGet(46)) - raft.server.leaderelection.leader.step-down.wait-time = 10s (default)
2022-08-31 10:03:09,527 INFO  server.RaftServerConfigKeys (ConfUtils.java:logGet(46)) - raft.server.storage.dir = [/home/runner/work/ratis/ratis/ratis-examples/target/test/data/c3a9954f/MiniRaftClusterWithNettydc0556a/s12] (custom)
2022-08-31 10:03:09,527 INFO  server.RaftServer (RaftServerProxy.java:addNew(97)) - s12: addNew group-2F23E341BE7C:[] returns group-2F23E341BE7C:java.util.concurrent.CompletableFuture@5aa1f04e[Not completed]
2022-08-31 10:03:09,527 INFO  impl.MiniRaftCluster (MiniRaftCluster.java:newRaftServer(380)) - newRaftServer: s13, group-2F23E341BE7C:[], format? true
2022-08-31 10:03:09,527 TRACE util.FileUtils (FileUtils.java:deleteFully(168)) - deleteFully target/test/data/c3a9954f/MiniRaftClusterWithNettydc0556a/s13
2022-08-31 10:03:09,527 TRACE util.FileUtils (FileUtils.java:deleteFully(184)) - deleteFully: target/test/data/c3a9954f/MiniRaftClusterWithNettydc0556a/s13 does not exist.
2022-08-31 10:03:09,527 INFO  impl.MiniRaftCluster (MiniRaftCluster.java:newRaftServer(385)) - Formatted directory target/test/data/c3a9954f/MiniRaftClusterWithNettydc0556a/s13
2022-08-31 10:03:09,528 INFO  server.RaftServer (ConfUtils.java:logGet(46)) - raft.rpc.type = NETTY (custom)
2022-08-31 10:03:09,528 INFO  netty.NettyConfigKeys$Server (ConfUtils.java:logGet(46)) - raft.netty.server.host = null (default)
2022-08-31 10:03:09,528 INFO  netty.NettyConfigKeys$Server (ConfUtils.java:logGet(46)) - raft.netty.server.port = 39199 (custom)
2022-08-31 10:03:09,528 INFO  impl.DataStreamServerImpl (ConfUtils.java:logGet(46)) - raft.datastream.type = DISABLED (default)
2022-08-31 10:03:09,528 INFO  server.RaftServerConfigKeys (ConfUtils.java:logGet(46)) - raft.server.threadpool.proxy.cached = true (default)
2022-08-31 10:03:09,528 INFO  server.RaftServerConfigKeys (ConfUtils.java:logGet(46)) - raft.server.threadpool.proxy.size = 0 (default)
2022-08-31 10:03:09,528 INFO  server.RaftServerConfigKeys (ConfUtils.java:logGet(46)) - raft.server.rpc.slowness.timeout = 60s (default)
2022-08-31 10:03:09,528 INFO  server.RaftServerConfigKeys (ConfUtils.java:logGet(46)) - raft.server.leaderelection.leader.step-down.wait-time = 10s (default)
2022-08-31 10:03:09,528 INFO  server.RaftServerConfigKeys (ConfUtils.java:logGet(46)) - raft.server.storage.dir = [/home/runner/work/ratis/ratis/ratis-examples/target/test/data/c3a9954f/MiniRaftClusterWithNettydc0556a/s13] (custom)
2022-08-31 10:03:09,529 INFO  server.RaftServer$Division (RaftServerImpl.java:<init>(195)) - s12: new RaftServerImpl for group-2F23E341BE7C:[] with ArithmeticStateMachine:uninitialized
2022-08-31 10:03:09,529 INFO  server.RaftServerConfigKeys (ConfUtils.java:logGet(46)) - raft.server.rpc.timeout.min = 300ms (custom)
2022-08-31 10:03:09,529 INFO  server.RaftServerConfigKeys (ConfUtils.java:logGet(46)) - raft.server.rpc.timeout.max = 600ms (custom)
2022-08-31 10:03:09,529 INFO  server.RaftServerConfigKeys (ConfUtils.java:logGet(46)) - raft.server.rpc.sleep.time = 25ms (default)
2022-08-31 10:03:09,529 INFO  server.RaftServerConfigKeys (ConfUtils.java:logGet(46)) - raft.server.rpc.slowness.timeout = 60s (default)
2022-08-31 10:03:09,529 INFO  server.RaftServerConfigKeys (ConfUtils.java:logGet(46)) - raft.server.leaderelection.leader.step-down.wait-time = 10s (default)
2022-08-31 10:03:09,529 INFO  server.RaftServerConfigKeys (ConfUtils.java:logGet(46)) - raft.server.sleep.deviation.threshold = 300ms (default)
2022-08-31 10:03:09,529 INFO  server.RaftServer$Division (ServerState.java:<init>(113)) - s12@group-2F23E341BE7C: ConfigurationManager, init=-1: peers:[]|listeners:[], old=null, confs=<EMPTY_MAP>
2022-08-31 10:03:09,529 INFO  server.RaftServerConfigKeys (ConfUtils.java:logGet(46)) - raft.server.notification.no-leader.timeout = 60s (default)
2022-08-31 10:03:09,529 INFO  server.RaftServerConfigKeys (ConfUtils.java:logGet(46)) - raft.server.retrycache.expirytime = 60s (default)
2022-08-31 10:03:09,529 INFO  server.RaftServerConfigKeys (ConfUtils.java:logGet(46)) - raft.server.retrycache.statistics.expirytime = 100μs (default)
2022-08-31 10:03:09,529 INFO  server.RaftServerConfigKeys (ConfUtils.java:logGet(46)) - raft.server.log.appender.install.snapshot.enabled = true (default)
2022-08-31 10:03:09,529 INFO  server.RaftServerConfigKeys (ConfUtils.java:logGet(46)) - raft.server.threadpool.server.cached = true (default)
2022-08-31 10:03:09,529 INFO  server.RaftServerConfigKeys (ConfUtils.java:logGet(46)) - raft.server.threadpool.server.size = 0 (default)
2022-08-31 10:03:09,529 INFO  server.RaftServerConfigKeys (ConfUtils.java:logGet(46)) - raft.server.threadpool.client.cached = true (default)
2022-08-31 10:03:09,529 INFO  server.RaftServerConfigKeys (ConfUtils.java:logGet(46)) - raft.server.threadpool.client.size = 0 (default)
2022-08-31 10:03:09,530 INFO  server.RaftServer (RaftServerProxy.java:addNew(97)) - s13: addNew group-2F23E341BE7C:[] returns group-2F23E341BE7C:java.util.concurrent.CompletableFuture@4809cdbf[Not completed]
2022-08-31 10:03:09,530 INFO  impl.MiniRaftCluster (MiniRaftCluster.java:newRaftServer(380)) - newRaftServer: s14, group-2F23E341BE7C:[], format? true
2022-08-31 10:03:09,530 TRACE util.FileUtils (FileUtils.java:deleteFully(168)) - deleteFully target/test/data/c3a9954f/MiniRaftClusterWithNettydc0556a/s14
2022-08-31 10:03:09,530 TRACE util.FileUtils (FileUtils.java:deleteFully(184)) - deleteFully: target/test/data/c3a9954f/MiniRaftClusterWithNettydc0556a/s14 does not exist.
2022-08-31 10:03:09,530 INFO  impl.MiniRaftCluster (MiniRaftCluster.java:newRaftServer(385)) - Formatted directory target/test/data/c3a9954f/MiniRaftClusterWithNettydc0556a/s14
2022-08-31 10:03:09,530 INFO  server.RaftServer (ConfUtils.java:logGet(46)) - raft.rpc.type = NETTY (custom)
2022-08-31 10:03:09,530 INFO  netty.NettyConfigKeys$Server (ConfUtils.java:logGet(46)) - raft.netty.server.host = null (default)
2022-08-31 10:03:09,530 INFO  netty.NettyConfigKeys$Server (ConfUtils.java:logGet(46)) - raft.netty.server.port = 34423 (custom)
2022-08-31 10:03:09,530 INFO  impl.DataStreamServerImpl (ConfUtils.java:logGet(46)) - raft.datastream.type = DISABLED (default)
2022-08-31 10:03:09,530 INFO  server.RaftServerConfigKeys (ConfUtils.java:logGet(46)) - raft.server.threadpool.proxy.cached = true (default)
2022-08-31 10:03:09,531 INFO  server.RaftServerConfigKeys (ConfUtils.java:logGet(46)) - raft.server.threadpool.proxy.size = 0 (default)
2022-08-31 10:03:09,531 INFO  server.RaftServerConfigKeys (ConfUtils.java:logGet(46)) - raft.server.rpc.slowness.timeout = 60s (default)
2022-08-31 10:03:09,531 INFO  server.RaftServerConfigKeys (ConfUtils.java:logGet(46)) - raft.server.leaderelection.leader.step-down.wait-time = 10s (default)
2022-08-31 10:03:09,531 INFO  server.RaftServerConfigKeys (ConfUtils.java:logGet(46)) - raft.server.storage.dir = [/home/runner/work/ratis/ratis/ratis-examples/target/test/data/c3a9954f/MiniRaftClusterWithNettydc0556a/s14] (custom)
2022-08-31 10:03:09,533 INFO  server.RaftServer$Division (RaftServerImpl.java:<init>(195)) - s13: new RaftServerImpl for group-2F23E341BE7C:[] with ArithmeticStateMachine:uninitialized
2022-08-31 10:03:09,533 INFO  server.RaftServerConfigKeys (ConfUtils.java:logGet(46)) - raft.server.rpc.timeout.min = 300ms (custom)
2022-08-31 10:03:09,533 INFO  server.RaftServerConfigKeys (ConfUtils.java:logGet(46)) - raft.server.rpc.timeout.max = 600ms (custom)
2022-08-31 10:03:09,533 INFO  server.RaftServerConfigKeys (ConfUtils.java:logGet(46)) - raft.server.rpc.sleep.time = 25ms (default)
2022-08-31 10:03:09,533 INFO  server.RaftServerConfigKeys (ConfUtils.java:logGet(46)) - raft.server.rpc.slowness.timeout = 60s (default)
2022-08-31 10:03:09,533 INFO  server.RaftServerConfigKeys (ConfUtils.java:logGet(46)) - raft.server.leaderelection.leader.step-down.wait-time = 10s (default)
2022-08-31 10:03:09,533 INFO  server.RaftServerConfigKeys (ConfUtils.java:logGet(46)) - raft.server.sleep.deviation.threshold = 300ms (default)
2022-08-31 10:03:09,533 INFO  server.RaftServer$Division (ServerState.java:<init>(113)) - s13@group-2F23E341BE7C: ConfigurationManager, init=-1: peers:[]|listeners:[], old=null, confs=<EMPTY_MAP>
2022-08-31 10:03:09,533 INFO  server.RaftServerConfigKeys (ConfUtils.java:logGet(46)) - raft.server.notification.no-leader.timeout = 60s (default)
2022-08-31 10:03:09,533 INFO  server.RaftServerConfigKeys (ConfUtils.java:logGet(46)) - raft.server.retrycache.expirytime = 60s (default)
2022-08-31 10:03:09,533 INFO  server.RaftServerConfigKeys (ConfUtils.java:logGet(46)) - raft.server.retrycache.statistics.expirytime = 100μs (default)
2022-08-31 10:03:09,533 INFO  server.RaftServerConfigKeys (ConfUtils.java:logGet(46)) - raft.server.log.appender.install.snapshot.enabled = true (default)
2022-08-31 10:03:09,534 INFO  server.RaftServerConfigKeys (ConfUtils.java:logGet(46)) - raft.server.threadpool.server.cached = true (default)
2022-08-31 10:03:09,534 INFO  server.RaftServerConfigKeys (ConfUtils.java:logGet(46)) - raft.server.threadpool.server.size = 0 (default)
2022-08-31 10:03:09,534 INFO  server.RaftServerConfigKeys (ConfUtils.java:logGet(46)) - raft.server.threadpool.client.cached = true (default)
2022-08-31 10:03:09,534 INFO  server.RaftServerConfigKeys (ConfUtils.java:logGet(46)) - raft.server.threadpool.client.size = 0 (default)
2022-08-31 10:03:09,535 INFO  server.RaftServer (RaftServerProxy.java:addNew(97)) - s14: addNew group-2F23E341BE7C:[] returns group-2F23E341BE7C:java.util.concurrent.CompletableFuture@7d4be237[Not completed]
2022-08-31 10:03:09,535 INFO  impl.GroupManagementBaseTest (GroupManagementBaseTest.java:runMultiGroupTest(260)) - putNewServer: printing ALL groups
  s3:      NEW      null s3@group-2F23E341BE7C:t0, leader=null, voted=null, raftlog=UNINITIALIZED, conf=-1: peers:[]|listeners:[], old=null NEW
  s4:      NEW      null s4@group-2F23E341BE7C:t0, leader=null, voted=null, raftlog=UNINITIALIZED, conf=-1: peers:[]|listeners:[], old=null NEW
  s5:      NEW      null s5@group-2F23E341BE7C:t0, leader=null, voted=null, raftlog=UNINITIALIZED, conf=-1: peers:[]|listeners:[], old=null NEW
  s6:      NEW      null s6@group-2F23E341BE7C:t0, leader=null, voted=null, raftlog=UNINITIALIZED, conf=-1: peers:[]|listeners:[], old=null NEW
  s7:      NEW      null s7@group-2F23E341BE7C:t0, leader=null, voted=null, raftlog=UNINITIALIZED, conf=-1: peers:[]|listeners:[], old=null NEW
  s8:      NEW      null s8@group-2F23E341BE7C:t0, leader=null, voted=null, raftlog=UNINITIALIZED, conf=-1: peers:[]|listeners:[], old=null NEW
  s9:      NEW      null s9@group-2F23E341BE7C:t0, leader=null, voted=null, raftlog=UNINITIALIZED, conf=-1: peers:[]|listeners:[], old=null NEW
  s11:      NEW      null s11@group-2F23E341BE7C:t0, leader=null, voted=null, raftlog=UNINITIALIZED, conf=-1: peers:[]|listeners:[], old=null NEW
  s10:      NEW      null s10@group-2F23E341BE7C:t0, leader=null, voted=null, raftlog=UNINITIALIZED, conf=-1: peers:[]|listeners:[], old=null NEW
  s13:      NEW      null s13@group-2F23E341BE7C:t0, leader=null, voted=null, raftlog=UNINITIALIZED, conf=-1: peers:[]|listeners:[], old=null NEW
  s12:      NEW      null s12@group-2F23E341BE7C:t0, leader=null, voted=null, raftlog=UNINITIALIZED, conf=-1: peers:[]|listeners:[], old=null NEW
  s14:      NEW group-2F23E341BE7C:java.util.concurrent.CompletableFuture@7d4be237[Not completed]
  s0:      NEW      null s0@group-2F23E341BE7C:t0, leader=null, voted=null, raftlog=UNINITIALIZED, conf=-1: peers:[]|listeners:[], old=null NEW
  s1:      NEW      null s1@group-2F23E341BE7C:t0, leader=null, voted=null, raftlog=UNINITIALIZED, conf=-1: peers:[]|listeners:[], old=null NEW
  s2:      NEW      null s2@group-2F23E341BE7C:t0, leader=null, voted=null, raftlog=UNINITIALIZED, conf=-1: peers:[]|listeners:[], old=null NEW
2022-08-31 10:03:09,535 INFO  server.RaftServer$Division (RaftServerImpl.java:<init>(195)) - s14: new RaftServerImpl for group-2F23E341BE7C:[] with ArithmeticStateMachine:uninitialized
2022-08-31 10:03:09,535 INFO  server.RaftServerConfigKeys (ConfUtils.java:logGet(46)) - raft.server.rpc.timeout.min = 300ms (custom)
2022-08-31 10:03:09,535 INFO  server.RaftServerConfigKeys (ConfUtils.java:logGet(46)) - raft.server.rpc.timeout.max = 600ms (custom)
2022-08-31 10:03:09,535 INFO  server.RaftServerConfigKeys (ConfUtils.java:logGet(46)) - raft.server.rpc.sleep.time = 25ms (default)
2022-08-31 10:03:09,536 INFO  server.RaftServerConfigKeys (ConfUtils.java:logGet(46)) - raft.server.rpc.slowness.timeout = 60s (default)
2022-08-31 10:03:09,536 INFO  server.RaftServerConfigKeys (ConfUtils.java:logGet(46)) - raft.server.leaderelection.leader.step-down.wait-time = 10s (default)
2022-08-31 10:03:09,536 INFO  server.RaftServerConfigKeys (ConfUtils.java:logGet(46)) - raft.server.sleep.deviation.threshold = 300ms (default)
2022-08-31 10:03:09,536 INFO  server.RaftServer$Division (ServerState.java:<init>(113)) - s14@group-2F23E341BE7C: ConfigurationManager, init=-1: peers:[]|listeners:[], old=null, confs=<EMPTY_MAP>
2022-08-31 10:03:09,536 INFO  server.RaftServerConfigKeys (ConfUtils.java:logGet(46)) - raft.server.notification.no-leader.timeout = 60s (default)
2022-08-31 10:03:09,536 INFO  server.RaftServerConfigKeys (ConfUtils.java:logGet(46)) - raft.server.retrycache.expirytime = 60s (default)
2022-08-31 10:03:09,536 INFO  server.RaftServerConfigKeys (ConfUtils.java:logGet(46)) - raft.server.retrycache.statistics.expirytime = 100μs (default)
2022-08-31 10:03:09,536 INFO  server.RaftServerConfigKeys (ConfUtils.java:logGet(46)) - raft.server.log.appender.install.snapshot.enabled = true (default)
2022-08-31 10:03:09,536 INFO  server.RaftServerConfigKeys (ConfUtils.java:logGet(46)) - raft.server.threadpool.server.cached = true (default)
2022-08-31 10:03:09,536 INFO  server.RaftServerConfigKeys (ConfUtils.java:logGet(46)) - raft.server.threadpool.server.size = 0 (default)
2022-08-31 10:03:09,536 INFO  server.RaftServerConfigKeys (ConfUtils.java:logGet(46)) - raft.server.threadpool.client.cached = true (default)
2022-08-31 10:03:09,536 INFO  server.RaftServerConfigKeys (ConfUtils.java:logGet(46)) - raft.server.threadpool.client.size = 0 (default)
2022-08-31 10:03:10,535 INFO  impl.MiniRaftCluster (MiniRaftCluster.java:start(337)) - .............................................................. 
2022-08-31 10:03:10,535 INFO  impl.MiniRaftCluster (MiniRaftCluster.java:start(338)) - ... 
2022-08-31 10:03:10,535 INFO  impl.MiniRaftCluster (MiniRaftCluster.java:start(339)) - ...     Starting MiniRaftClusterWithNetty
2022-08-31 10:03:10,535 INFO  impl.MiniRaftCluster (MiniRaftCluster.java:start(340)) - ... 
2022-08-31 10:03:10,535 INFO  impl.MiniRaftCluster (MiniRaftCluster.java:start(341)) - .............................................................. 
2022-08-31 10:03:10,536 INFO  impl.MiniRaftCluster (MiniRaftCluster.java:initServers(316)) - servers = {s3=s3:      NEW      null s3@group-2F23E341BE7C:t0, leader=null, voted=null, raftlog=UNINITIALIZED, conf=-1: peers:[]|listeners:[], old=null NEW, s4=s4:      NEW      null s4@group-2F23E341BE7C:t0, leader=null, voted=null, raftlog=UNINITIALIZED, conf=-1: peers:[]|listeners:[], old=null NEW, s5=s5:      NEW      null s5@group-2F23E341BE7C:t0, leader=null, voted=null, raftlog=UNINITIALIZED, conf=-1: peers:[]|listeners:[], old=null NEW, s6=s6:      NEW      null s6@group-2F23E341BE7C:t0, leader=null, voted=null, raftlog=UNINITIALIZED, conf=-1: peers:[]|listeners:[], old=null NEW, s7=s7:      NEW      null s7@group-2F23E341BE7C:t0, leader=null, voted=null, raftlog=UNINITIALIZED, conf=-1: peers:[]|listeners:[], old=null NEW, s8=s8:      NEW      null s8@group-2F23E341BE7C:t0, leader=null, voted=null, raftlog=UNINITIALIZED, conf=-1: peers:[]|listeners:[], old=null NEW, s9=s9:      NEW      null s9@group-2F23E341BE7C:t0, leader=null, voted=null, raftlog=UNINITIALIZED, conf=-1: peers:[]|listeners:[], old=null NEW, s11=s11:      NEW      null s11@group-2F23E341BE7C:t0, leader=null, voted=null, raftlog=UNINITIALIZED, conf=-1: peers:[]|listeners:[], old=null NEW, s10=s10:      NEW      null s10@group-2F23E341BE7C:t0, leader=null, voted=null, raftlog=UNINITIALIZED, conf=-1: peers:[]|listeners:[], old=null NEW, s13=s13:      NEW      null s13@group-2F23E341BE7C:t0, leader=null, voted=null, raftlog=UNINITIALIZED, conf=-1: peers:[]|listeners:[], old=null NEW, s12=s12:      NEW      null s12@group-2F23E341BE7C:t0, leader=null, voted=null, raftlog=UNINITIALIZED, conf=-1: peers:[]|listeners:[], old=null NEW, s14=s14:      NEW      null s14@group-2F23E341BE7C:t0, leader=null, voted=null, raftlog=UNINITIALIZED, conf=-1: peers:[]|listeners:[], old=null NEW, s0=s0:      NEW      null s0@group-2F23E341BE7C:t0, leader=null, voted=null, raftlog=UNINITIALIZED, conf=-1: peers:[]|listeners:[], old=null NEW, s1=s1:      NEW      null s1@group-2F23E341BE7C:t0, leader=null, voted=null, raftlog=UNINITIALIZED, conf=-1: peers:[]|listeners:[], old=null NEW, s2=s2:      NEW      null s2@group-2F23E341BE7C:t0, leader=null, voted=null, raftlog=UNINITIALIZED, conf=-1: peers:[]|listeners:[], old=null NEW}
2022-08-31 10:03:10,536 INFO  server.RaftServerConfigKeys (ConfUtils.java:logGet(46)) - raft.server.storage.free-space.min = 0MB (=0) (default)
2022-08-31 10:03:10,536 INFO  server.RaftServerConfigKeys (ConfUtils.java:logGet(46)) - raft.server.log.corruption.policy = EXCEPTION (default)
2022-08-31 10:03:10,536 INFO  server.RaftServerConfigKeys (ConfUtils.java:logGet(46)) - raft.server.storage.dir = [/home/runner/work/ratis/ratis/ratis-examples/target/test/data/c3a9954f/MiniRaftClusterWithNettydc0556a/s3] (custom)
2022-08-31 10:03:10,536 INFO  storage.RaftStorageDirectory (RaftStorageDirectoryImpl.java:analyzeStorage(138)) - The storage directory /home/runner/work/ratis/ratis/ratis-examples/target/test/data/c3a9954f/MiniRaftClusterWithNettydc0556a/s3/5ddec44b-d3fa-45fa-99ad-2f23e341be7c does not exist. Creating ...
2022-08-31 10:03:10,538 TRACE util.FileUtils (LogUtils.java:runAndLog(49)) - Successfully ran Files.createDirectories /home/runner/work/ratis/ratis/ratis-examples/target/test/data/c3a9954f/MiniRaftClusterWithNettydc0556a/s3/5ddec44b-d3fa-45fa-99ad-2f23e341be7c
2022-08-31 10:03:10,540 INFO  storage.RaftStorageDirectory (RaftStorageDirectoryImpl.java:tryLock(232)) - Lock on /home/runner/work/ratis/ratis/ratis-examples/target/test/data/c3a9954f/MiniRaftClusterWithNettydc0556a/s3/5ddec44b-d3fa-45fa-99ad-2f23e341be7c/in_use.lock acquired by nodename 12993@fv-az290-886
2022-08-31 10:03:10,541 TRACE util.FileUtils (LogUtils.java:runAndLog(49)) - Successfully ran Files.createDirectories /home/runner/work/ratis/ratis/ratis-examples/target/test/data/c3a9954f/MiniRaftClusterWithNettydc0556a/s3/5ddec44b-d3fa-45fa-99ad-2f23e341be7c/current
2022-08-31 10:03:10,541 TRACE util.FileUtils (LogUtils.java:runAndLog(49)) - Successfully ran Files.createDirectories /home/runner/work/ratis/ratis/ratis-examples/target/test/data/c3a9954f/MiniRaftClusterWithNettydc0556a/s3/5ddec44b-d3fa-45fa-99ad-2f23e341be7c/sm
2022-08-31 10:03:10,542 INFO  storage.RaftStorage (RaftStorageImpl.java:format(96)) - Storage directory /home/runner/work/ratis/ratis/ratis-examples/target/test/data/c3a9954f/MiniRaftClusterWithNettydc0556a/s3/5ddec44b-d3fa-45fa-99ad-2f23e341be7c has been successfully formatted.
2022-08-31 10:03:10,542 WARN  statemachine.StateMachine (ArithmeticStateMachine.java:load(114)) - The snapshot info is null.
2022-08-31 10:03:10,542 INFO  server.RaftServerConfigKeys (ConfUtils.java:logGet(46)) - raft.server.log.use.memory = false (default)
2022-08-31 10:03:10,542 INFO  server.RaftServerConfigKeys (ConfUtils.java:logGet(46)) - raft.server.log.purge.gap = 1024 (default)
2022-08-31 10:03:10,542 INFO  server.RaftServerConfigKeys (ConfUtils.java:logGet(46)) - raft.server.log.appender.buffer.byte-limit = 4MB (=4194304) (default)
2022-08-31 10:03:10,542 INFO  server.RaftServerConfigKeys (ConfUtils.java:logGet(46)) - raft.server.log.statemachine.data.read.timeout = 1000ms (default)
2022-08-31 10:03:10,542 INFO  server.RaftServerConfigKeys (ConfUtils.java:logGet(46)) - raft.server.log.purge.preservation.log.num = 0 (default)
2022-08-31 10:03:10,543 INFO  server.RaftServerConfigKeys (ConfUtils.java:logGet(46)) - raft.server.log.segment.size.max = 8MB (=8388608) (default)
2022-08-31 10:03:10,543 INFO  server.RaftServerConfigKeys (ConfUtils.java:logGet(46)) - raft.server.log.segment.cache.num.max = 6 (default)
2022-08-31 10:03:10,543 INFO  server.RaftServerConfigKeys (ConfUtils.java:logGet(46)) - raft.server.log.segment.cache.size.max = 200MB (=209715200) (default)
2022-08-31 10:03:10,543 INFO  segmented.SegmentedRaftLogWorker (SegmentedRaftLogWorker.java:<init>(190)) - new s3@group-2F23E341BE7C-SegmentedRaftLogWorker for RaftStorageImpl:Storage Directory /home/runner/work/ratis/ratis/ratis-examples/target/test/data/c3a9954f/MiniRaftClusterWithNettydc0556a/s3/5ddec44b-d3fa-45fa-99ad-2f23e341be7c
2022-08-31 10:03:10,543 INFO  server.RaftServerConfigKeys (ConfUtils.java:logGet(46)) - raft.server.log.queue.byte-limit = 64MB (=67108864) (default)
2022-08-31 10:03:10,543 INFO  server.RaftServerConfigKeys (ConfUtils.java:logGet(46)) - raft.server.log.queue.element-limit = 4096 (default)
2022-08-31 10:03:10,543 INFO  server.RaftServerConfigKeys (ConfUtils.java:logGet(46)) - raft.server.log.segment.size.max = 8MB (=8388608) (default)
2022-08-31 10:03:10,543 INFO  server.RaftServerConfigKeys (ConfUtils.java:logGet(46)) - raft.server.log.preallocated.size = 4MB (=4194304) (default)
2022-08-31 10:03:10,543 INFO  server.RaftServerConfigKeys (ConfUtils.java:logGet(46)) - raft.server.log.force.sync.num = 128 (default)
2022-08-31 10:03:10,543 INFO  server.RaftServerConfigKeys (ConfUtils.java:logGet(46)) - raft.server.log.statemachine.data.sync = true (default)
2022-08-31 10:03:10,543 INFO  server.RaftServerConfigKeys (ConfUtils.java:logGet(46)) - raft.server.log.statemachine.data.sync.timeout = 10s (default)
2022-08-31 10:03:10,543 INFO  server.RaftServerConfigKeys (ConfUtils.java:logGet(46)) - raft.server.log.statemachine.data.sync.timeout.retry = -1 (default)
2022-08-31 10:03:10,543 INFO  server.RaftServerConfigKeys (ConfUtils.java:logGet(46)) - raft.server.log.write.buffer.size = 64KB (=65536) (default)
2022-08-31 10:03:10,543 INFO  server.RaftServerConfigKeys (ConfUtils.java:logGet(46)) - raft.server.log.unsafe-flush.enabled = false (default)
2022-08-31 10:03:10,543 INFO  server.RaftServerConfigKeys (ConfUtils.java:logGet(46)) - raft.server.log.async-flush.enabled = false (default)
2022-08-31 10:03:10,543 INFO  server.RaftServerConfigKeys (ConfUtils.java:logGet(46)) - raft.server.log.statemachine.data.caching.enabled = false (default)
2022-08-31 10:03:10,544 INFO  segmented.SegmentedRaftLogWorker (SegmentedRaftLogWorker.java:lambda$new$0(135)) - s3@group-2F23E341BE7C-SegmentedRaftLogWorker: flushIndex: setUnconditionally 0 -> -1
2022-08-31 10:03:10,544 INFO  segmented.SegmentedRaftLogWorker (SegmentedRaftLogWorker.java:lambda$new$0(135)) - s3@group-2F23E341BE7C-SegmentedRaftLogWorker: safeCacheEvictIndex: setUnconditionally 0 -> -1
2022-08-31 10:03:10,544 INFO  server.RaftServer$Division (RaftServerImpl.java:start(334)) - s3@group-2F23E341BE7C: start with initializing state, conf=-1: peers:[]|listeners:[], old=null
2022-08-31 10:03:10,544 INFO  server.RaftServer$Division (RaftServerImpl.java:setRole(315)) - s3@group-2F23E341BE7C: changes role from      null to FOLLOWER at term 0 for startInitializing
2022-08-31 10:03:10,544 INFO  util.JmxRegister (JmxRegister.java:tryRegister(44)) - Successfully registered JMX Bean with object name Ratis:service=RaftServer,group=group-2F23E341BE7C,id=s3
2022-08-31 10:03:10,544 INFO  server.RaftServerConfigKeys (ConfUtils.java:logGet(46)) - raft.server.snapshot.auto.trigger.enabled = false (default)
2022-08-31 10:03:10,544 INFO  server.RaftServerConfigKeys (ConfUtils.java:logGet(46)) - raft.server.snapshot.retention.file.num = -1 (default)
2022-08-31 10:03:10,544 INFO  server.RaftServerConfigKeys (ConfUtils.java:logGet(46)) - raft.server.log.purge.upto.snapshot.index = false (default)
2022-08-31 10:03:10,544 INFO  server.RaftServer (RaftServerProxy.java:startImpl(388)) - s3: start RPC server
2022-08-31 10:03:10,559 INFO  logging.LoggingHandler (AbstractInternalLogger.java:log(148)) - [id: 0xe2d24b23] REGISTERED
2022-08-31 10:03:10,559 INFO  logging.LoggingHandler (AbstractInternalLogger.java:log(148)) - [id: 0xe2d24b23] BIND: 0.0.0.0/0.0.0.0:35099
2022-08-31 10:03:10,560 INFO  logging.LoggingHandler (AbstractInternalLogger.java:log(148)) - [id: 0xe2d24b23, L:/0.0.0.0:35099] ACTIVE
2022-08-31 10:03:10,560 INFO  server.RaftServerConfigKeys (ConfUtils.java:logGet(46)) - raft.server.storage.free-space.min = 0MB (=0) (default)
2022-08-31 10:03:10,560 INFO  server.RaftServerConfigKeys (ConfUtils.java:logGet(46)) - raft.server.log.corruption.policy = EXCEPTION (default)
2022-08-31 10:03:10,560 INFO  util.JvmPauseMonitor (JvmPauseMonitor.java:run(103)) - JvmPauseMonitor-s3: Started
2022-08-31 10:03:10,560 INFO  server.RaftServerConfigKeys (ConfUtils.java:logGet(46)) - raft.server.storage.dir = [/home/runner/work/ratis/ratis/ratis-examples/target/test/data/c3a9954f/MiniRaftClusterWithNettydc0556a/s4] (custom)
2022-08-31 10:03:10,560 INFO  storage.RaftStorageDirectory (RaftStorageDirectoryImpl.java:analyzeStorage(138)) - The storage directory /home/runner/work/ratis/ratis/ratis-examples/target/test/data/c3a9954f/MiniRaftClusterWithNettydc0556a/s4/5ddec44b-d3fa-45fa-99ad-2f23e341be7c does not exist. Creating ...
2022-08-31 10:03:10,561 TRACE util.FileUtils (LogUtils.java:runAndLog(49)) - Successfully ran Files.createDirectories /home/runner/work/ratis/ratis/ratis-examples/target/test/data/c3a9954f/MiniRaftClusterWithNettydc0556a/s4/5ddec44b-d3fa-45fa-99ad-2f23e341be7c
2022-08-31 10:03:10,562 INFO  storage.RaftStorageDirectory (RaftStorageDirectoryImpl.java:tryLock(232)) - Lock on /home/runner/work/ratis/ratis/ratis-examples/target/test/data/c3a9954f/MiniRaftClusterWithNettydc0556a/s4/5ddec44b-d3fa-45fa-99ad-2f23e341be7c/in_use.lock acquired by nodename 12993@fv-az290-886
2022-08-31 10:03:10,562 TRACE util.FileUtils (LogUtils.java:runAndLog(49)) - Successfully ran Files.createDirectories /home/runner/work/ratis/ratis/ratis-examples/target/test/data/c3a9954f/MiniRaftClusterWithNettydc0556a/s4/5ddec44b-d3fa-45fa-99ad-2f23e341be7c/current
2022-08-31 10:03:10,562 TRACE util.FileUtils (LogUtils.java:runAndLog(49)) - Successfully ran Files.createDirectories /home/runner/work/ratis/ratis/ratis-examples/target/test/data/c3a9954f/MiniRaftClusterWithNettydc0556a/s4/5ddec44b-d3fa-45fa-99ad-2f23e341be7c/sm
2022-08-31 10:03:10,563 INFO  storage.RaftStorage (RaftStorageImpl.java:format(96)) - Storage directory /home/runner/work/ratis/ratis/ratis-examples/target/test/data/c3a9954f/MiniRaftClusterWithNettydc0556a/s4/5ddec44b-d3fa-45fa-99ad-2f23e341be7c has been successfully formatted.
2022-08-31 10:03:10,564 WARN  statemachine.StateMachine (ArithmeticStateMachine.java:load(114)) - The snapshot info is null.
2022-08-31 10:03:10,564 INFO  server.RaftServerConfigKeys (ConfUtils.java:logGet(46)) - raft.server.log.use.memory = false (default)
2022-08-31 10:03:10,564 INFO  server.RaftServerConfigKeys (ConfUtils.java:logGet(46)) - raft.server.log.purge.gap = 1024 (default)
2022-08-31 10:03:10,564 INFO  server.RaftServerConfigKeys (ConfUtils.java:logGet(46)) - raft.server.log.appender.buffer.byte-limit = 4MB (=4194304) (default)
2022-08-31 10:03:10,564 INFO  server.RaftServerConfigKeys (ConfUtils.java:logGet(46)) - raft.server.log.statemachine.data.read.timeout = 1000ms (default)
2022-08-31 10:03:10,564 INFO  server.RaftServerConfigKeys (ConfUtils.java:logGet(46)) - raft.server.log.purge.preservation.log.num = 0 (default)
2022-08-31 10:03:10,564 INFO  server.RaftServerConfigKeys (ConfUtils.java:logGet(46)) - raft.server.log.segment.size.max = 8MB (=8388608) (default)
2022-08-31 10:03:10,564 INFO  server.RaftServerConfigKeys (ConfUtils.java:logGet(46)) - raft.server.log.segment.cache.num.max = 6 (default)
2022-08-31 10:03:10,564 INFO  server.RaftServerConfigKeys (ConfUtils.java:logGet(46)) - raft.server.log.segment.cache.size.max = 200MB (=209715200) (default)
2022-08-31 10:03:10,564 INFO  segmented.SegmentedRaftLogWorker (SegmentedRaftLogWorker.java:<init>(190)) - new s4@group-2F23E341BE7C-SegmentedRaftLogWorker for RaftStorageImpl:Storage Directory /home/runner/work/ratis/ratis/ratis-examples/target/test/data/c3a9954f/MiniRaftClusterWithNettydc0556a/s4/5ddec44b-d3fa-45fa-99ad-2f23e341be7c
2022-08-31 10:03:10,564 INFO  server.RaftServerConfigKeys (ConfUtils.java:logGet(46)) - raft.server.log.queue.byte-limit = 64MB (=67108864) (default)
2022-08-31 10:03:10,564 INFO  server.RaftServerConfigKeys (ConfUtils.java:logGet(46)) - raft.server.log.queue.element-limit = 4096 (default)
2022-08-31 10:03:10,564 INFO  server.RaftServerConfigKeys (ConfUtils.java:logGet(46)) - raft.server.log.segment.size.max = 8MB (=8388608) (default)
2022-08-31 10:03:10,564 INFO  server.RaftServerConfigKeys (ConfUtils.java:logGet(46)) - raft.server.log.preallocated.size = 4MB (=4194304) (default)
2022-08-31 10:03:10,564 INFO  server.RaftServerConfigKeys (ConfUtils.java:logGet(46)) - raft.server.log.force.sync.num = 128 (default)
2022-08-31 10:03:10,564 INFO  server.RaftServerConfigKeys (ConfUtils.java:logGet(46)) - raft.server.log.statemachine.data.sync = true (default)
2022-08-31 10:03:10,564 INFO  server.RaftServerConfigKeys (ConfUtils.java:logGet(46)) - raft.server.log.statemachine.data.sync.timeout = 10s (default)
2022-08-31 10:03:10,564 INFO  server.RaftServerConfigKeys (ConfUtils.java:logGet(46)) - raft.server.log.statemachine.data.sync.timeout.retry = -1 (default)
2022-08-31 10:03:10,564 INFO  server.RaftServerConfigKeys (ConfUtils.java:logGet(46)) - raft.server.log.write.buffer.size = 64KB (=65536) (default)
2022-08-31 10:03:10,564 INFO  server.RaftServerConfigKeys (ConfUtils.java:logGet(46)) - raft.server.log.unsafe-flush.enabled = false (default)
2022-08-31 10:03:10,564 INFO  server.RaftServerConfigKeys (ConfUtils.java:logGet(46)) - raft.server.log.async-flush.enabled = false (default)
2022-08-31 10:03:10,564 INFO  server.RaftServerConfigKeys (ConfUtils.java:logGet(46)) - raft.server.log.statemachine.data.caching.enabled = false (default)
2022-08-31 10:03:10,565 INFO  segmented.SegmentedRaftLogWorker (SegmentedRaftLogWorker.java:lambda$new$0(135)) - s4@group-2F23E341BE7C-SegmentedRaftLogWorker: flushIndex: setUnconditionally 0 -> -1
2022-08-31 10:03:10,565 INFO  segmented.SegmentedRaftLogWorker (SegmentedRaftLogWorker.java:lambda$new$0(135)) - s4@group-2F23E341BE7C-SegmentedRaftLogWorker: safeCacheEvictIndex: setUnconditionally 0 -> -1
2022-08-31 10:03:10,565 INFO  server.RaftServer$Division (RaftServerImpl.java:start(334)) - s4@group-2F23E341BE7C: start with initializing state, conf=-1: peers:[]|listeners:[], old=null
2022-08-31 10:03:10,565 INFO  server.RaftServer$Division (RaftServerImpl.java:setRole(315)) - s4@group-2F23E341BE7C: changes role from      null to FOLLOWER at term 0 for startInitializing
2022-08-31 10:03:10,565 INFO  util.JmxRegister (JmxRegister.java:tryRegister(44)) - Successfully registered JMX Bean with object name Ratis:service=RaftServer,group=group-2F23E341BE7C,id=s4
2022-08-31 10:03:10,565 INFO  server.RaftServerConfigKeys (ConfUtils.java:logGet(46)) - raft.server.snapshot.auto.trigger.enabled = false (default)
2022-08-31 10:03:10,565 INFO  server.RaftServerConfigKeys (ConfUtils.java:logGet(46)) - raft.server.snapshot.retention.file.num = -1 (default)
2022-08-31 10:03:10,565 INFO  server.RaftServerConfigKeys (ConfUtils.java:logGet(46)) - raft.server.log.purge.upto.snapshot.index = false (default)
2022-08-31 10:03:10,565 INFO  server.RaftServer (RaftServerProxy.java:startImpl(388)) - s4: start RPC server
2022-08-31 10:03:10,566 INFO  logging.LoggingHandler (AbstractInternalLogger.java:log(148)) - [id: 0xfb11a6bc] REGISTERED
2022-08-31 10:03:10,566 INFO  logging.LoggingHandler (AbstractInternalLogger.java:log(148)) - [id: 0xfb11a6bc] BIND: 0.0.0.0/0.0.0.0:38617
2022-08-31 10:03:10,566 INFO  logging.LoggingHandler (AbstractInternalLogger.java:log(148)) - [id: 0xfb11a6bc, L:/0.0.0.0:38617] ACTIVE
2022-08-31 10:03:10,566 INFO  server.RaftServerConfigKeys (ConfUtils.java:logGet(46)) - raft.server.storage.free-space.min = 0MB (=0) (default)
2022-08-31 10:03:10,566 INFO  server.RaftServerConfigKeys (ConfUtils.java:logGet(46)) - raft.server.log.corruption.policy = EXCEPTION (default)
2022-08-31 10:03:10,566 INFO  util.JvmPauseMonitor (JvmPauseMonitor.java:run(103)) - JvmPauseMonitor-s4: Started
2022-08-31 10:03:10,566 INFO  server.RaftServerConfigKeys (ConfUtils.java:logGet(46)) - raft.server.storage.dir = [/home/runner/work/ratis/ratis/ratis-examples/target/test/data/c3a9954f/MiniRaftClusterWithNettydc0556a/s5] (custom)
2022-08-31 10:03:10,566 INFO  storage.RaftStorageDirectory (RaftStorageDirectoryImpl.java:analyzeStorage(138)) - The storage directory /home/runner/work/ratis/ratis/ratis-examples/target/test/data/c3a9954f/MiniRaftClusterWithNettydc0556a/s5/5ddec44b-d3fa-45fa-99ad-2f23e341be7c does not exist. Creating ...
2022-08-31 10:03:10,567 TRACE util.FileUtils (LogUtils.java:runAndLog(49)) - Successfully ran Files.createDirectories /home/runner/work/ratis/ratis/ratis-examples/target/test/data/c3a9954f/MiniRaftClusterWithNettydc0556a/s5/5ddec44b-d3fa-45fa-99ad-2f23e341be7c
2022-08-31 10:03:10,569 INFO  storage.RaftStorageDirectory (RaftStorageDirectoryImpl.java:tryLock(232)) - Lock on /home/runner/work/ratis/ratis/ratis-examples/target/test/data/c3a9954f/MiniRaftClusterWithNettydc0556a/s5/5ddec44b-d3fa-45fa-99ad-2f23e341be7c/in_use.lock acquired by nodename 12993@fv-az290-886
2022-08-31 10:03:10,569 TRACE util.FileUtils (LogUtils.java:runAndLog(49)) - Successfully ran Files.createDirectories /home/runner/work/ratis/ratis/ratis-examples/target/test/data/c3a9954f/MiniRaftClusterWithNettydc0556a/s5/5ddec44b-d3fa-45fa-99ad-2f23e341be7c/current
2022-08-31 10:03:10,569 TRACE util.FileUtils (LogUtils.java:runAndLog(49)) - Successfully ran Files.createDirectories /home/runner/work/ratis/ratis/ratis-examples/target/test/data/c3a9954f/MiniRaftClusterWithNettydc0556a/s5/5ddec44b-d3fa-45fa-99ad-2f23e341be7c/sm
2022-08-31 10:03:10,571 INFO  storage.RaftStorage (RaftStorageImpl.java:format(96)) - Storage directory /home/runner/work/ratis/ratis/ratis-examples/target/test/data/c3a9954f/MiniRaftClusterWithNettydc0556a/s5/5ddec44b-d3fa-45fa-99ad-2f23e341be7c has been successfully formatted.
2022-08-31 10:03:10,571 WARN  statemachine.StateMachine (ArithmeticStateMachine.java:load(114)) - The snapshot info is null.
2022-08-31 10:03:10,571 INFO  server.RaftServerConfigKeys (ConfUtils.java:logGet(46)) - raft.server.log.use.memory = false (default)
2022-08-31 10:03:10,571 INFO  server.RaftServerConfigKeys (ConfUtils.java:logGet(46)) - raft.server.log.purge.gap = 1024 (default)
2022-08-31 10:03:10,571 INFO  server.RaftServerConfigKeys (ConfUtils.java:logGet(46)) - raft.server.log.appender.buffer.byte-limit = 4MB (=4194304) (default)
2022-08-31 10:03:10,571 INFO  server.RaftServerConfigKeys (ConfUtils.java:logGet(46)) - raft.server.log.statemachine.data.read.timeout = 1000ms (default)
2022-08-31 10:03:10,571 INFO  server.RaftServerConfigKeys (ConfUtils.java:logGet(46)) - raft.server.log.purge.preservation.log.num = 0 (default)
2022-08-31 10:03:10,571 INFO  server.RaftServerConfigKeys (ConfUtils.java:logGet(46)) - raft.server.log.segment.size.max = 8MB (=8388608) (default)
2022-08-31 10:03:10,571 INFO  server.RaftServerConfigKeys (ConfUtils.java:logGet(46)) - raft.server.log.segment.cache.num.max = 6 (default)
2022-08-31 10:03:10,571 INFO  server.RaftServerConfigKeys (ConfUtils.java:logGet(46)) - raft.server.log.segment.cache.size.max = 200MB (=209715200) (default)
2022-08-31 10:03:10,571 INFO  segmented.SegmentedRaftLogWorker (SegmentedRaftLogWorker.java:<init>(190)) - new s5@group-2F23E341BE7C-SegmentedRaftLogWorker for RaftStorageImpl:Storage Directory /home/runner/work/ratis/ratis/ratis-examples/target/test/data/c3a9954f/MiniRaftClusterWithNettydc0556a/s5/5ddec44b-d3fa-45fa-99ad-2f23e341be7c
2022-08-31 10:03:10,571 INFO  server.RaftServerConfigKeys (ConfUtils.java:logGet(46)) - raft.server.log.queue.byte-limit = 64MB (=67108864) (default)
2022-08-31 10:03:10,571 INFO  server.RaftServerConfigKeys (ConfUtils.java:logGet(46)) - raft.server.log.queue.element-limit = 4096 (default)
2022-08-31 10:03:10,571 INFO  server.RaftServerConfigKeys (ConfUtils.java:logGet(46)) - raft.server.log.segment.size.max = 8MB (=8388608) (default)
2022-08-31 10:03:10,571 INFO  server.RaftServerConfigKeys (ConfUtils.java:logGet(46)) - raft.server.log.preallocated.size = 4MB (=4194304) (default)
2022-08-31 10:03:10,571 INFO  server.RaftServerConfigKeys (ConfUtils.java:logGet(46)) - raft.server.log.force.sync.num = 128 (default)
2022-08-31 10:03:10,571 INFO  server.RaftServerConfigKeys (ConfUtils.java:logGet(46)) - raft.server.log.statemachine.data.sync = true (default)
2022-08-31 10:03:10,571 INFO  server.RaftServerConfigKeys (ConfUtils.java:logGet(46)) - raft.server.log.statemachine.data.sync.timeout = 10s (default)
2022-08-31 10:03:10,571 INFO  server.RaftServerConfigKeys (ConfUtils.java:logGet(46)) - raft.server.log.statemachine.data.sync.timeout.retry = -1 (default)
2022-08-31 10:03:10,572 INFO  server.RaftServerConfigKeys (ConfUtils.java:logGet(46)) - raft.server.log.write.buffer.size = 64KB (=65536) (default)
2022-08-31 10:03:10,572 INFO  server.RaftServerConfigKeys (ConfUtils.java:logGet(46)) - raft.server.log.unsafe-flush.enabled = false (default)
2022-08-31 10:03:10,572 INFO  server.RaftServerConfigKeys (ConfUtils.java:logGet(46)) - raft.server.log.async-flush.enabled = false (default)
2022-08-31 10:03:10,572 INFO  server.RaftServerConfigKeys (ConfUtils.java:logGet(46)) - raft.server.log.statemachine.data.caching.enabled = false (default)
2022-08-31 10:03:10,572 INFO  segmented.SegmentedRaftLogWorker (SegmentedRaftLogWorker.java:lambda$new$0(135)) - s5@group-2F23E341BE7C-SegmentedRaftLogWorker: flushIndex: setUnconditionally 0 -> -1
2022-08-31 10:03:10,572 INFO  segmented.SegmentedRaftLogWorker (SegmentedRaftLogWorker.java:lambda$new$0(135)) - s5@group-2F23E341BE7C-SegmentedRaftLogWorker: safeCacheEvictIndex: setUnconditionally 0 -> -1
2022-08-31 10:03:10,572 INFO  server.RaftServer$Division (RaftServerImpl.java:start(334)) - s5@group-2F23E341BE7C: start with initializing state, conf=-1: peers:[]|listeners:[], old=null
2022-08-31 10:03:10,572 INFO  server.RaftServer$Division (RaftServerImpl.java:setRole(315)) - s5@group-2F23E341BE7C: changes role from      null to FOLLOWER at term 0 for startInitializing
2022-08-31 10:03:10,572 INFO  util.JmxRegister (JmxRegister.java:tryRegister(44)) - Successfully registered JMX Bean with object name Ratis:service=RaftServer,group=group-2F23E341BE7C,id=s5
2022-08-31 10:03:10,572 INFO  server.RaftServerConfigKeys (ConfUtils.java:logGet(46)) - raft.server.snapshot.auto.trigger.enabled = false (default)
2022-08-31 10:03:10,572 INFO  server.RaftServerConfigKeys (ConfUtils.java:logGet(46)) - raft.server.snapshot.retention.file.num = -1 (default)
2022-08-31 10:03:10,572 INFO  server.RaftServerConfigKeys (ConfUtils.java:logGet(46)) - raft.server.log.purge.upto.snapshot.index = false (default)
2022-08-31 10:03:10,572 INFO  server.RaftServer (RaftServerProxy.java:startImpl(388)) - s5: start RPC server
2022-08-31 10:03:10,573 INFO  logging.LoggingHandler (AbstractInternalLogger.java:log(148)) - [id: 0x23d74245] REGISTERED
2022-08-31 10:03:10,573 INFO  logging.LoggingHandler (AbstractInternalLogger.java:log(148)) - [id: 0x23d74245] BIND: 0.0.0.0/0.0.0.0:45071
2022-08-31 10:03:10,573 INFO  logging.LoggingHandler (AbstractInternalLogger.java:log(148)) - [id: 0x23d74245, L:/0.0.0.0:45071] ACTIVE
2022-08-31 10:03:10,574 INFO  util.JvmPauseMonitor (JvmPauseMonitor.java:run(103)) - JvmPauseMonitor-s5: Started
2022-08-31 10:03:10,574 INFO  server.RaftServerConfigKeys (ConfUtils.java:logGet(46)) - raft.server.storage.free-space.min = 0MB (=0) (default)
2022-08-31 10:03:10,574 INFO  server.RaftServerConfigKeys (ConfUtils.java:logGet(46)) - raft.server.log.corruption.policy = EXCEPTION (default)
2022-08-31 10:03:10,574 INFO  server.RaftServerConfigKeys (ConfUtils.java:logGet(46)) - raft.server.storage.dir = [/home/runner/work/ratis/ratis/ratis-examples/target/test/data/c3a9954f/MiniRaftClusterWithNettydc0556a/s6] (custom)
2022-08-31 10:03:10,574 INFO  storage.RaftStorageDirectory (RaftStorageDirectoryImpl.java:analyzeStorage(138)) - The storage directory /home/runner/work/ratis/ratis/ratis-examples/target/test/data/c3a9954f/MiniRaftClusterWithNettydc0556a/s6/5ddec44b-d3fa-45fa-99ad-2f23e341be7c does not exist. Creating ...
2022-08-31 10:03:10,574 TRACE util.FileUtils (LogUtils.java:runAndLog(49)) - Successfully ran Files.createDirectories /home/runner/work/ratis/ratis/ratis-examples/target/test/data/c3a9954f/MiniRaftClusterWithNettydc0556a/s6/5ddec44b-d3fa-45fa-99ad-2f23e341be7c
2022-08-31 10:03:10,575 INFO  storage.RaftStorageDirectory (RaftStorageDirectoryImpl.java:tryLock(232)) - Lock on /home/runner/work/ratis/ratis/ratis-examples/target/test/data/c3a9954f/MiniRaftClusterWithNettydc0556a/s6/5ddec44b-d3fa-45fa-99ad-2f23e341be7c/in_use.lock acquired by nodename 12993@fv-az290-886
2022-08-31 10:03:10,575 TRACE util.FileUtils (LogUtils.java:runAndLog(49)) - Successfully ran Files.createDirectories /home/runner/work/ratis/ratis/ratis-examples/target/test/data/c3a9954f/MiniRaftClusterWithNettydc0556a/s6/5ddec44b-d3fa-45fa-99ad-2f23e341be7c/current
2022-08-31 10:03:10,575 TRACE util.FileUtils (LogUtils.java:runAndLog(49)) - Successfully ran Files.createDirectories /home/runner/work/ratis/ratis/ratis-examples/target/test/data/c3a9954f/MiniRaftClusterWithNettydc0556a/s6/5ddec44b-d3fa-45fa-99ad-2f23e341be7c/sm
2022-08-31 10:03:10,576 INFO  storage.RaftStorage (RaftStorageImpl.java:format(96)) - Storage directory /home/runner/work/ratis/ratis/ratis-examples/target/test/data/c3a9954f/MiniRaftClusterWithNettydc0556a/s6/5ddec44b-d3fa-45fa-99ad-2f23e341be7c has been successfully formatted.
2022-08-31 10:03:10,576 WARN  statemachine.StateMachine (ArithmeticStateMachine.java:load(114)) - The snapshot info is null.
2022-08-31 10:03:10,576 INFO  server.RaftServerConfigKeys (ConfUtils.java:logGet(46)) - raft.server.log.use.memory = false (default)
2022-08-31 10:03:10,576 INFO  server.RaftServerConfigKeys (ConfUtils.java:logGet(46)) - raft.server.log.purge.gap = 1024 (default)
2022-08-31 10:03:10,576 INFO  server.RaftServerConfigKeys (ConfUtils.java:logGet(46)) - raft.server.log.appender.buffer.byte-limit = 4MB (=4194304) (default)
2022-08-31 10:03:10,576 INFO  server.RaftServerConfigKeys (ConfUtils.java:logGet(46)) - raft.server.log.statemachine.data.read.timeout = 1000ms (default)
2022-08-31 10:03:10,576 INFO  server.RaftServerConfigKeys (ConfUtils.java:logGet(46)) - raft.server.log.purge.preservation.log.num = 0 (default)
2022-08-31 10:03:10,576 INFO  server.RaftServerConfigKeys (ConfUtils.java:logGet(46)) - raft.server.log.segment.size.max = 8MB (=8388608) (default)
2022-08-31 10:03:10,576 INFO  server.RaftServerConfigKeys (ConfUtils.java:logGet(46)) - raft.server.log.segment.cache.num.max = 6 (default)
2022-08-31 10:03:10,576 INFO  server.RaftServerConfigKeys (ConfUtils.java:logGet(46)) - raft.server.log.segment.cache.size.max = 200MB (=209715200) (default)
2022-08-31 10:03:10,576 INFO  segmented.SegmentedRaftLogWorker (SegmentedRaftLogWorker.java:<init>(190)) - new s6@group-2F23E341BE7C-SegmentedRaftLogWorker for RaftStorageImpl:Storage Directory /home/runner/work/ratis/ratis/ratis-examples/target/test/data/c3a9954f/MiniRaftClusterWithNettydc0556a/s6/5ddec44b-d3fa-45fa-99ad-2f23e341be7c
2022-08-31 10:03:10,576 INFO  server.RaftServerConfigKeys (ConfUtils.java:logGet(46)) - raft.server.log.queue.byte-limit = 64MB (=67108864) (default)
2022-08-31 10:03:10,576 INFO  server.RaftServerConfigKeys (ConfUtils.java:logGet(46)) - raft.server.log.queue.element-limit = 4096 (default)
2022-08-31 10:03:10,576 INFO  server.RaftServerConfigKeys (ConfUtils.java:logGet(46)) - raft.server.log.segment.size.max = 8MB (=8388608) (default)
2022-08-31 10:03:10,576 INFO  server.RaftServerConfigKeys (ConfUtils.java:logGet(46)) - raft.server.log.preallocated.size = 4MB (=4194304) (default)
2022-08-31 10:03:10,576 INFO  server.RaftServerConfigKeys (ConfUtils.java:logGet(46)) - raft.server.log.force.sync.num = 128 (default)
2022-08-31 10:03:10,576 INFO  server.RaftServerConfigKeys (ConfUtils.java:logGet(46)) - raft.server.log.statemachine.data.sync = true (default)
2022-08-31 10:03:10,576 INFO  server.RaftServerConfigKeys (ConfUtils.java:logGet(46)) - raft.server.log.statemachine.data.sync.timeout = 10s (default)
2022-08-31 10:03:10,576 INFO  server.RaftServerConfigKeys (ConfUtils.java:logGet(46)) - raft.server.log.statemachine.data.sync.timeout.retry = -1 (default)
2022-08-31 10:03:10,577 INFO  server.RaftServerConfigKeys (ConfUtils.java:logGet(46)) - raft.server.log.write.buffer.size = 64KB (=65536) (default)
2022-08-31 10:03:10,577 INFO  server.RaftServerConfigKeys (ConfUtils.java:logGet(46)) - raft.server.log.unsafe-flush.enabled = false (default)
2022-08-31 10:03:10,577 INFO  server.RaftServerConfigKeys (ConfUtils.java:logGet(46)) - raft.server.log.async-flush.enabled = false (default)
2022-08-31 10:03:10,577 INFO  server.RaftServerConfigKeys (ConfUtils.java:logGet(46)) - raft.server.log.statemachine.data.caching.enabled = false (default)
2022-08-31 10:03:10,577 INFO  segmented.SegmentedRaftLogWorker (SegmentedRaftLogWorker.java:lambda$new$0(135)) - s6@group-2F23E341BE7C-SegmentedRaftLogWorker: flushIndex: setUnconditionally 0 -> -1
2022-08-31 10:03:10,577 INFO  segmented.SegmentedRaftLogWorker (SegmentedRaftLogWorker.java:lambda$new$0(135)) - s6@group-2F23E341BE7C-SegmentedRaftLogWorker: safeCacheEvictIndex: setUnconditionally 0 -> -1
2022-08-31 10:03:10,577 INFO  server.RaftServer$Division (RaftServerImpl.java:start(334)) - s6@group-2F23E341BE7C: start with initializing state, conf=-1: peers:[]|listeners:[], old=null
2022-08-31 10:03:10,577 INFO  server.RaftServer$Division (RaftServerImpl.java:setRole(315)) - s6@group-2F23E341BE7C: changes role from      null to FOLLOWER at term 0 for startInitializing
2022-08-31 10:03:10,577 INFO  util.JmxRegister (JmxRegister.java:tryRegister(44)) - Successfully registered JMX Bean with object name Ratis:service=RaftServer,group=group-2F23E341BE7C,id=s6
2022-08-31 10:03:10,577 INFO  server.RaftServerConfigKeys (ConfUtils.java:logGet(46)) - raft.server.snapshot.auto.trigger.enabled = false (default)
2022-08-31 10:03:10,577 INFO  server.RaftServerConfigKeys (ConfUtils.java:logGet(46)) - raft.server.snapshot.retention.file.num = -1 (default)
2022-08-31 10:03:10,577 INFO  server.RaftServerConfigKeys (ConfUtils.java:logGet(46)) - raft.server.log.purge.upto.snapshot.index = false (default)
2022-08-31 10:03:10,577 INFO  server.RaftServer (RaftServerProxy.java:startImpl(388)) - s6: start RPC server
2022-08-31 10:03:10,578 INFO  logging.LoggingHandler (AbstractInternalLogger.java:log(148)) - [id: 0x92429d0a] REGISTERED
2022-08-31 10:03:10,578 INFO  logging.LoggingHandler (AbstractInternalLogger.java:log(148)) - [id: 0x92429d0a] BIND: 0.0.0.0/0.0.0.0:38511
2022-08-31 10:03:10,578 INFO  logging.LoggingHandler (AbstractInternalLogger.java:log(148)) - [id: 0x92429d0a, L:/0.0.0.0:38511] ACTIVE
2022-08-31 10:03:10,578 INFO  server.RaftServerConfigKeys (ConfUtils.java:logGet(46)) - raft.server.storage.free-space.min = 0MB (=0) (default)
2022-08-31 10:03:10,578 INFO  util.JvmPauseMonitor (JvmPauseMonitor.java:run(103)) - JvmPauseMonitor-s6: Started
2022-08-31 10:03:10,578 INFO  server.RaftServerConfigKeys (ConfUtils.java:logGet(46)) - raft.server.log.corruption.policy = EXCEPTION (default)
2022-08-31 10:03:10,578 INFO  server.RaftServerConfigKeys (ConfUtils.java:logGet(46)) - raft.server.storage.dir = [/home/runner/work/ratis/ratis/ratis-examples/target/test/data/c3a9954f/MiniRaftClusterWithNettydc0556a/s7] (custom)
2022-08-31 10:03:10,579 INFO  storage.RaftStorageDirectory (RaftStorageDirectoryImpl.java:analyzeStorage(138)) - The storage directory /home/runner/work/ratis/ratis/ratis-examples/target/test/data/c3a9954f/MiniRaftClusterWithNettydc0556a/s7/5ddec44b-d3fa-45fa-99ad-2f23e341be7c does not exist. Creating ...
2022-08-31 10:03:10,579 TRACE util.FileUtils (LogUtils.java:runAndLog(49)) - Successfully ran Files.createDirectories /home/runner/work/ratis/ratis/ratis-examples/target/test/data/c3a9954f/MiniRaftClusterWithNettydc0556a/s7/5ddec44b-d3fa-45fa-99ad-2f23e341be7c
2022-08-31 10:03:10,582 INFO  storage.RaftStorageDirectory (RaftStorageDirectoryImpl.java:tryLock(232)) - Lock on /home/runner/work/ratis/ratis/ratis-examples/target/test/data/c3a9954f/MiniRaftClusterWithNettydc0556a/s7/5ddec44b-d3fa-45fa-99ad-2f23e341be7c/in_use.lock acquired by nodename 12993@fv-az290-886
2022-08-31 10:03:10,582 TRACE util.FileUtils (LogUtils.java:runAndLog(49)) - Successfully ran Files.createDirectories /home/runner/work/ratis/ratis/ratis-examples/target/test/data/c3a9954f/MiniRaftClusterWithNettydc0556a/s7/5ddec44b-d3fa-45fa-99ad-2f23e341be7c/current
2022-08-31 10:03:10,582 TRACE util.FileUtils (LogUtils.java:runAndLog(49)) - Successfully ran Files.createDirectories /home/runner/work/ratis/ratis/ratis-examples/target/test/data/c3a9954f/MiniRaftClusterWithNettydc0556a/s7/5ddec44b-d3fa-45fa-99ad-2f23e341be7c/sm
2022-08-31 10:03:10,583 INFO  storage.RaftStorage (RaftStorageImpl.java:format(96)) - Storage directory /home/runner/work/ratis/ratis/ratis-examples/target/test/data/c3a9954f/MiniRaftClusterWithNettydc0556a/s7/5ddec44b-d3fa-45fa-99ad-2f23e341be7c has been successfully formatted.
2022-08-31 10:03:10,583 WARN  statemachine.StateMachine (ArithmeticStateMachine.java:load(114)) - The snapshot info is null.
2022-08-31 10:03:10,583 INFO  server.RaftServerConfigKeys (ConfUtils.java:logGet(46)) - raft.server.log.use.memory = false (default)
2022-08-31 10:03:10,583 INFO  server.RaftServerConfigKeys (ConfUtils.java:logGet(46)) - raft.server.log.purge.gap = 1024 (default)
2022-08-31 10:03:10,583 INFO  server.RaftServerConfigKeys (ConfUtils.java:logGet(46)) - raft.server.log.appender.buffer.byte-limit = 4MB (=4194304) (default)
2022-08-31 10:03:10,583 INFO  server.RaftServerConfigKeys (ConfUtils.java:logGet(46)) - raft.server.log.statemachine.data.read.timeout = 1000ms (default)
2022-08-31 10:03:10,583 INFO  server.RaftServerConfigKeys (ConfUtils.java:logGet(46)) - raft.server.log.purge.preservation.log.num = 0 (default)
2022-08-31 10:03:10,583 INFO  server.RaftServerConfigKeys (ConfUtils.java:logGet(46)) - raft.server.log.segment.size.max = 8MB (=8388608) (default)
2022-08-31 10:03:10,584 INFO  server.RaftServerConfigKeys (ConfUtils.java:logGet(46)) - raft.server.log.segment.cache.num.max = 6 (default)
2022-08-31 10:03:10,584 INFO  server.RaftServerConfigKeys (ConfUtils.java:logGet(46)) - raft.server.log.segment.cache.size.max = 200MB (=209715200) (default)
2022-08-31 10:03:10,584 INFO  segmented.SegmentedRaftLogWorker (SegmentedRaftLogWorker.java:<init>(190)) - new s7@group-2F23E341BE7C-SegmentedRaftLogWorker for RaftStorageImpl:Storage Directory /home/runner/work/ratis/ratis/ratis-examples/target/test/data/c3a9954f/MiniRaftClusterWithNettydc0556a/s7/5ddec44b-d3fa-45fa-99ad-2f23e341be7c
2022-08-31 10:03:10,584 INFO  server.RaftServerConfigKeys (ConfUtils.java:logGet(46)) - raft.server.log.queue.byte-limit = 64MB (=67108864) (default)
2022-08-31 10:03:10,584 INFO  server.RaftServerConfigKeys (ConfUtils.java:logGet(46)) - raft.server.log.queue.element-limit = 4096 (default)
2022-08-31 10:03:10,584 INFO  server.RaftServerConfigKeys (ConfUtils.java:logGet(46)) - raft.server.log.segment.size.max = 8MB (=8388608) (default)
2022-08-31 10:03:10,584 INFO  server.RaftServerConfigKeys (ConfUtils.java:logGet(46)) - raft.server.log.preallocated.size = 4MB (=4194304) (default)
2022-08-31 10:03:10,584 INFO  server.RaftServerConfigKeys (ConfUtils.java:logGet(46)) - raft.server.log.force.sync.num = 128 (default)
2022-08-31 10:03:10,584 INFO  server.RaftServerConfigKeys (ConfUtils.java:logGet(46)) - raft.server.log.statemachine.data.sync = true (default)
2022-08-31 10:03:10,584 INFO  server.RaftServerConfigKeys (ConfUtils.java:logGet(46)) - raft.server.log.statemachine.data.sync.timeout = 10s (default)
2022-08-31 10:03:10,584 INFO  server.RaftServerConfigKeys (ConfUtils.java:logGet(46)) - raft.server.log.statemachine.data.sync.timeout.retry = -1 (default)
2022-08-31 10:03:10,584 INFO  server.RaftServerConfigKeys (ConfUtils.java:logGet(46)) - raft.server.log.write.buffer.size = 64KB (=65536) (default)
2022-08-31 10:03:10,584 INFO  server.RaftServerConfigKeys (ConfUtils.java:logGet(46)) - raft.server.log.unsafe-flush.enabled = false (default)
2022-08-31 10:03:10,584 INFO  server.RaftServerConfigKeys (ConfUtils.java:logGet(46)) - raft.server.log.async-flush.enabled = false (default)
2022-08-31 10:03:10,584 INFO  server.RaftServerConfigKeys (ConfUtils.java:logGet(46)) - raft.server.log.statemachine.data.caching.enabled = false (default)
2022-08-31 10:03:10,584 INFO  segmented.SegmentedRaftLogWorker (SegmentedRaftLogWorker.java:lambda$new$0(135)) - s7@group-2F23E341BE7C-SegmentedRaftLogWorker: flushIndex: setUnconditionally 0 -> -1
2022-08-31 10:03:10,584 INFO  segmented.SegmentedRaftLogWorker (SegmentedRaftLogWorker.java:lambda$new$0(135)) - s7@group-2F23E341BE7C-SegmentedRaftLogWorker: safeCacheEvictIndex: setUnconditionally 0 -> -1
2022-08-31 10:03:10,584 INFO  server.RaftServer$Division (RaftServerImpl.java:start(334)) - s7@group-2F23E341BE7C: start with initializing state, conf=-1: peers:[]|listeners:[], old=null
2022-08-31 10:03:10,584 INFO  server.RaftServer$Division (RaftServerImpl.java:setRole(315)) - s7@group-2F23E341BE7C: changes role from      null to FOLLOWER at term 0 for startInitializing
2022-08-31 10:03:10,585 INFO  util.JmxRegister (JmxRegister.java:tryRegister(44)) - Successfully registered JMX Bean with object name Ratis:service=RaftServer,group=group-2F23E341BE7C,id=s7
2022-08-31 10:03:10,585 INFO  server.RaftServerConfigKeys (ConfUtils.java:logGet(46)) - raft.server.snapshot.auto.trigger.enabled = false (default)
2022-08-31 10:03:10,585 INFO  server.RaftServerConfigKeys (ConfUtils.java:logGet(46)) - raft.server.snapshot.retention.file.num = -1 (default)
2022-08-31 10:03:10,585 INFO  server.RaftServerConfigKeys (ConfUtils.java:logGet(46)) - raft.server.log.purge.upto.snapshot.index = false (default)
2022-08-31 10:03:10,585 INFO  server.RaftServer (RaftServerProxy.java:startImpl(388)) - s7: start RPC server
2022-08-31 10:03:10,585 INFO  logging.LoggingHandler (AbstractInternalLogger.java:log(148)) - [id: 0x8805c9a3] REGISTERED
2022-08-31 10:03:10,586 INFO  logging.LoggingHandler (AbstractInternalLogger.java:log(148)) - [id: 0x8805c9a3] BIND: 0.0.0.0/0.0.0.0:41937
2022-08-31 10:03:10,586 INFO  logging.LoggingHandler (AbstractInternalLogger.java:log(148)) - [id: 0x8805c9a3, L:/0.0.0.0:41937] ACTIVE
2022-08-31 10:03:10,586 INFO  server.RaftServerConfigKeys (ConfUtils.java:logGet(46)) - raft.server.storage.free-space.min = 0MB (=0) (default)
2022-08-31 10:03:10,586 INFO  server.RaftServerConfigKeys (ConfUtils.java:logGet(46)) - raft.server.log.corruption.policy = EXCEPTION (default)
2022-08-31 10:03:10,586 INFO  server.RaftServerConfigKeys (ConfUtils.java:logGet(46)) - raft.server.storage.dir = [/home/runner/work/ratis/ratis/ratis-examples/target/test/data/c3a9954f/MiniRaftClusterWithNettydc0556a/s8] (custom)
2022-08-31 10:03:10,586 INFO  storage.RaftStorageDirectory (RaftStorageDirectoryImpl.java:analyzeStorage(138)) - The storage directory /home/runner/work/ratis/ratis/ratis-examples/target/test/data/c3a9954f/MiniRaftClusterWithNettydc0556a/s8/5ddec44b-d3fa-45fa-99ad-2f23e341be7c does not exist. Creating ...
2022-08-31 10:03:10,586 TRACE util.FileUtils (LogUtils.java:runAndLog(49)) - Successfully ran Files.createDirectories /home/runner/work/ratis/ratis/ratis-examples/target/test/data/c3a9954f/MiniRaftClusterWithNettydc0556a/s8/5ddec44b-d3fa-45fa-99ad-2f23e341be7c
2022-08-31 10:03:10,587 INFO  util.JvmPauseMonitor (JvmPauseMonitor.java:run(103)) - JvmPauseMonitor-s7: Started
2022-08-31 10:03:10,587 INFO  storage.RaftStorageDirectory (RaftStorageDirectoryImpl.java:tryLock(232)) - Lock on /home/runner/work/ratis/ratis/ratis-examples/target/test/data/c3a9954f/MiniRaftClusterWithNettydc0556a/s8/5ddec44b-d3fa-45fa-99ad-2f23e341be7c/in_use.lock acquired by nodename 12993@fv-az290-886
2022-08-31 10:03:10,587 TRACE util.FileUtils (LogUtils.java:runAndLog(49)) - Successfully ran Files.createDirectories /home/runner/work/ratis/ratis/ratis-examples/target/test/data/c3a9954f/MiniRaftClusterWithNettydc0556a/s8/5ddec44b-d3fa-45fa-99ad-2f23e341be7c/current
2022-08-31 10:03:10,587 TRACE util.FileUtils (LogUtils.java:runAndLog(49)) - Successfully ran Files.createDirectories /home/runner/work/ratis/ratis/ratis-examples/target/test/data/c3a9954f/MiniRaftClusterWithNettydc0556a/s8/5ddec44b-d3fa-45fa-99ad-2f23e341be7c/sm
2022-08-31 10:03:10,588 INFO  storage.RaftStorage (RaftStorageImpl.java:format(96)) - Storage directory /home/runner/work/ratis/ratis/ratis-examples/target/test/data/c3a9954f/MiniRaftClusterWithNettydc0556a/s8/5ddec44b-d3fa-45fa-99ad-2f23e341be7c has been successfully formatted.
2022-08-31 10:03:10,588 WARN  statemachine.StateMachine (ArithmeticStateMachine.java:load(114)) - The snapshot info is null.
2022-08-31 10:03:10,588 INFO  server.RaftServerConfigKeys (ConfUtils.java:logGet(46)) - raft.server.log.use.memory = false (default)
2022-08-31 10:03:10,588 INFO  server.RaftServerConfigKeys (ConfUtils.java:logGet(46)) - raft.server.log.purge.gap = 1024 (default)
2022-08-31 10:03:10,588 INFO  server.RaftServerConfigKeys (ConfUtils.java:logGet(46)) - raft.server.log.appender.buffer.byte-limit = 4MB (=4194304) (default)
2022-08-31 10:03:10,588 INFO  server.RaftServerConfigKeys (ConfUtils.java:logGet(46)) - raft.server.log.statemachine.data.read.timeout = 1000ms (default)
2022-08-31 10:03:10,588 INFO  server.RaftServerConfigKeys (ConfUtils.java:logGet(46)) - raft.server.log.purge.preservation.log.num = 0 (default)
2022-08-31 10:03:10,588 INFO  server.RaftServerConfigKeys (ConfUtils.java:logGet(46)) - raft.server.log.segment.size.max = 8MB (=8388608) (default)
2022-08-31 10:03:10,588 INFO  server.RaftServerConfigKeys (ConfUtils.java:logGet(46)) - raft.server.log.segment.cache.num.max = 6 (default)
2022-08-31 10:03:10,588 INFO  server.RaftServerConfigKeys (ConfUtils.java:logGet(46)) - raft.server.log.segment.cache.size.max = 200MB (=209715200) (default)
2022-08-31 10:03:10,588 INFO  segmented.SegmentedRaftLogWorker (SegmentedRaftLogWorker.java:<init>(190)) - new s8@group-2F23E341BE7C-SegmentedRaftLogWorker for RaftStorageImpl:Storage Directory /home/runner/work/ratis/ratis/ratis-examples/target/test/data/c3a9954f/MiniRaftClusterWithNettydc0556a/s8/5ddec44b-d3fa-45fa-99ad-2f23e341be7c
2022-08-31 10:03:10,588 INFO  server.RaftServerConfigKeys (ConfUtils.java:logGet(46)) - raft.server.log.queue.byte-limit = 64MB (=67108864) (default)
2022-08-31 10:03:10,588 INFO  server.RaftServerConfigKeys (ConfUtils.java:logGet(46)) - raft.server.log.queue.element-limit = 4096 (default)
2022-08-31 10:03:10,589 INFO  server.RaftServerConfigKeys (ConfUtils.java:logGet(46)) - raft.server.log.segment.size.max = 8MB (=8388608) (default)
2022-08-31 10:03:10,589 INFO  server.RaftServerConfigKeys (ConfUtils.java:logGet(46)) - raft.server.log.preallocated.size = 4MB (=4194304) (default)
2022-08-31 10:03:10,589 INFO  server.RaftServerConfigKeys (ConfUtils.java:logGet(46)) - raft.server.log.force.sync.num = 128 (default)
2022-08-31 10:03:10,589 INFO  server.RaftServerConfigKeys (ConfUtils.java:logGet(46)) - raft.server.log.statemachine.data.sync = true (default)
2022-08-31 10:03:10,589 INFO  server.RaftServerConfigKeys (ConfUtils.java:logGet(46)) - raft.server.log.statemachine.data.sync.timeout = 10s (default)
2022-08-31 10:03:10,589 INFO  server.RaftServerConfigKeys (ConfUtils.java:logGet(46)) - raft.server.log.statemachine.data.sync.timeout.retry = -1 (default)
2022-08-31 10:03:10,589 INFO  server.RaftServerConfigKeys (ConfUtils.java:logGet(46)) - raft.server.log.write.buffer.size = 64KB (=65536) (default)
2022-08-31 10:03:10,589 INFO  server.RaftServerConfigKeys (ConfUtils.java:logGet(46)) - raft.server.log.unsafe-flush.enabled = false (default)
2022-08-31 10:03:10,589 INFO  server.RaftServerConfigKeys (ConfUtils.java:logGet(46)) - raft.server.log.async-flush.enabled = false (default)
2022-08-31 10:03:10,589 INFO  server.RaftServerConfigKeys (ConfUtils.java:logGet(46)) - raft.server.log.statemachine.data.caching.enabled = false (default)
2022-08-31 10:03:10,589 INFO  segmented.SegmentedRaftLogWorker (SegmentedRaftLogWorker.java:lambda$new$0(135)) - s8@group-2F23E341BE7C-SegmentedRaftLogWorker: flushIndex: setUnconditionally 0 -> -1
2022-08-31 10:03:10,589 INFO  segmented.SegmentedRaftLogWorker (SegmentedRaftLogWorker.java:lambda$new$0(135)) - s8@group-2F23E341BE7C-SegmentedRaftLogWorker: safeCacheEvictIndex: setUnconditionally 0 -> -1
2022-08-31 10:03:10,589 INFO  server.RaftServer$Division (RaftServerImpl.java:start(334)) - s8@group-2F23E341BE7C: start with initializing state, conf=-1: peers:[]|listeners:[], old=null
2022-08-31 10:03:10,589 INFO  server.RaftServer$Division (RaftServerImpl.java:setRole(315)) - s8@group-2F23E341BE7C: changes role from      null to FOLLOWER at term 0 for startInitializing
2022-08-31 10:03:10,589 INFO  util.JmxRegister (JmxRegister.java:tryRegister(44)) - Successfully registered JMX Bean with object name Ratis:service=RaftServer,group=group-2F23E341BE7C,id=s8
2022-08-31 10:03:10,589 INFO  server.RaftServerConfigKeys (ConfUtils.java:logGet(46)) - raft.server.snapshot.auto.trigger.enabled = false (default)
2022-08-31 10:03:10,589 INFO  server.RaftServerConfigKeys (ConfUtils.java:logGet(46)) - raft.server.snapshot.retention.file.num = -1 (default)
2022-08-31 10:03:10,589 INFO  server.RaftServerConfigKeys (ConfUtils.java:logGet(46)) - raft.server.log.purge.upto.snapshot.index = false (default)
2022-08-31 10:03:10,590 INFO  server.RaftServer (RaftServerProxy.java:startImpl(388)) - s8: start RPC server
2022-08-31 10:03:10,590 INFO  logging.LoggingHandler (AbstractInternalLogger.java:log(148)) - [id: 0x7e237ccd] REGISTERED
2022-08-31 10:03:10,590 INFO  logging.LoggingHandler (AbstractInternalLogger.java:log(148)) - [id: 0x7e237ccd] BIND: 0.0.0.0/0.0.0.0:44301
2022-08-31 10:03:10,590 INFO  logging.LoggingHandler (AbstractInternalLogger.java:log(148)) - [id: 0x7e237ccd, L:/0.0.0.0:44301] ACTIVE
2022-08-31 10:03:10,590 INFO  server.RaftServerConfigKeys (ConfUtils.java:logGet(46)) - raft.server.storage.free-space.min = 0MB (=0) (default)
2022-08-31 10:03:10,591 INFO  server.RaftServerConfigKeys (ConfUtils.java:logGet(46)) - raft.server.log.corruption.policy = EXCEPTION (default)
2022-08-31 10:03:10,591 INFO  server.RaftServerConfigKeys (ConfUtils.java:logGet(46)) - raft.server.storage.dir = [/home/runner/work/ratis/ratis/ratis-examples/target/test/data/c3a9954f/MiniRaftClusterWithNettydc0556a/s9] (custom)
2022-08-31 10:03:10,591 INFO  storage.RaftStorageDirectory (RaftStorageDirectoryImpl.java:analyzeStorage(138)) - The storage directory /home/runner/work/ratis/ratis/ratis-examples/target/test/data/c3a9954f/MiniRaftClusterWithNettydc0556a/s9/5ddec44b-d3fa-45fa-99ad-2f23e341be7c does not exist. Creating ...
2022-08-31 10:03:10,591 TRACE util.FileUtils (LogUtils.java:runAndLog(49)) - Successfully ran Files.createDirectories /home/runner/work/ratis/ratis/ratis-examples/target/test/data/c3a9954f/MiniRaftClusterWithNettydc0556a/s9/5ddec44b-d3fa-45fa-99ad-2f23e341be7c
2022-08-31 10:03:10,593 INFO  util.JvmPauseMonitor (JvmPauseMonitor.java:run(103)) - JvmPauseMonitor-s8: Started
2022-08-31 10:03:10,593 INFO  storage.RaftStorageDirectory (RaftStorageDirectoryImpl.java:tryLock(232)) - Lock on /home/runner/work/ratis/ratis/ratis-examples/target/test/data/c3a9954f/MiniRaftClusterWithNettydc0556a/s9/5ddec44b-d3fa-45fa-99ad-2f23e341be7c/in_use.lock acquired by nodename 12993@fv-az290-886
2022-08-31 10:03:10,594 TRACE util.FileUtils (LogUtils.java:runAndLog(49)) - Successfully ran Files.createDirectories /home/runner/work/ratis/ratis/ratis-examples/target/test/data/c3a9954f/MiniRaftClusterWithNettydc0556a/s9/5ddec44b-d3fa-45fa-99ad-2f23e341be7c/current
2022-08-31 10:03:10,594 TRACE util.FileUtils (LogUtils.java:runAndLog(49)) - Successfully ran Files.createDirectories /home/runner/work/ratis/ratis/ratis-examples/target/test/data/c3a9954f/MiniRaftClusterWithNettydc0556a/s9/5ddec44b-d3fa-45fa-99ad-2f23e341be7c/sm
2022-08-31 10:03:10,595 INFO  storage.RaftStorage (RaftStorageImpl.java:format(96)) - Storage directory /home/runner/work/ratis/ratis/ratis-examples/target/test/data/c3a9954f/MiniRaftClusterWithNettydc0556a/s9/5ddec44b-d3fa-45fa-99ad-2f23e341be7c has been successfully formatted.
2022-08-31 10:03:10,595 WARN  statemachine.StateMachine (ArithmeticStateMachine.java:load(114)) - The snapshot info is null.
2022-08-31 10:03:10,595 INFO  server.RaftServerConfigKeys (ConfUtils.java:logGet(46)) - raft.server.log.use.memory = false (default)
2022-08-31 10:03:10,595 INFO  server.RaftServerConfigKeys (ConfUtils.java:logGet(46)) - raft.server.log.purge.gap = 1024 (default)
2022-08-31 10:03:10,595 INFO  server.RaftServerConfigKeys (ConfUtils.java:logGet(46)) - raft.server.log.appender.buffer.byte-limit = 4MB (=4194304) (default)
2022-08-31 10:03:10,595 INFO  server.RaftServerConfigKeys (ConfUtils.java:logGet(46)) - raft.server.log.statemachine.data.read.timeout = 1000ms (default)
2022-08-31 10:03:10,595 INFO  server.RaftServerConfigKeys (ConfUtils.java:logGet(46)) - raft.server.log.purge.preservation.log.num = 0 (default)
2022-08-31 10:03:10,595 INFO  server.RaftServerConfigKeys (ConfUtils.java:logGet(46)) - raft.server.log.segment.size.max = 8MB (=8388608) (default)
2022-08-31 10:03:10,595 INFO  server.RaftServerConfigKeys (ConfUtils.java:logGet(46)) - raft.server.log.segment.cache.num.max = 6 (default)
2022-08-31 10:03:10,595 INFO  server.RaftServerConfigKeys (ConfUtils.java:logGet(46)) - raft.server.log.segment.cache.size.max = 200MB (=209715200) (default)
2022-08-31 10:03:10,595 INFO  segmented.SegmentedRaftLogWorker (SegmentedRaftLogWorker.java:<init>(190)) - new s9@group-2F23E341BE7C-SegmentedRaftLogWorker for RaftStorageImpl:Storage Directory /home/runner/work/ratis/ratis/ratis-examples/target/test/data/c3a9954f/MiniRaftClusterWithNettydc0556a/s9/5ddec44b-d3fa-45fa-99ad-2f23e341be7c
2022-08-31 10:03:10,595 INFO  server.RaftServerConfigKeys (ConfUtils.java:logGet(46)) - raft.server.log.queue.byte-limit = 64MB (=67108864) (default)
2022-08-31 10:03:10,595 INFO  server.RaftServerConfigKeys (ConfUtils.java:logGet(46)) - raft.server.log.queue.element-limit = 4096 (default)
2022-08-31 10:03:10,595 INFO  server.RaftServerConfigKeys (ConfUtils.java:logGet(46)) - raft.server.log.segment.size.max = 8MB (=8388608) (default)
2022-08-31 10:03:10,595 INFO  server.RaftServerConfigKeys (ConfUtils.java:logGet(46)) - raft.server.log.preallocated.size = 4MB (=4194304) (default)
2022-08-31 10:03:10,595 INFO  server.RaftServerConfigKeys (ConfUtils.java:logGet(46)) - raft.server.log.force.sync.num = 128 (default)
2022-08-31 10:03:10,595 INFO  server.RaftServerConfigKeys (ConfUtils.java:logGet(46)) - raft.server.log.statemachine.data.sync = true (default)
2022-08-31 10:03:10,595 INFO  server.RaftServerConfigKeys (ConfUtils.java:logGet(46)) - raft.server.log.statemachine.data.sync.timeout = 10s (default)
2022-08-31 10:03:10,595 INFO  server.RaftServerConfigKeys (ConfUtils.java:logGet(46)) - raft.server.log.statemachine.data.sync.timeout.retry = -1 (default)
2022-08-31 10:03:10,595 INFO  server.RaftServerConfigKeys (ConfUtils.java:logGet(46)) - raft.server.log.write.buffer.size = 64KB (=65536) (default)
2022-08-31 10:03:10,596 INFO  server.RaftServerConfigKeys (ConfUtils.java:logGet(46)) - raft.server.log.unsafe-flush.enabled = false (default)
2022-08-31 10:03:10,596 INFO  server.RaftServerConfigKeys (ConfUtils.java:logGet(46)) - raft.server.log.async-flush.enabled = false (default)
2022-08-31 10:03:10,596 INFO  server.RaftServerConfigKeys (ConfUtils.java:logGet(46)) - raft.server.log.statemachine.data.caching.enabled = false (default)
2022-08-31 10:03:10,596 INFO  segmented.SegmentedRaftLogWorker (SegmentedRaftLogWorker.java:lambda$new$0(135)) - s9@group-2F23E341BE7C-SegmentedRaftLogWorker: flushIndex: setUnconditionally 0 -> -1
2022-08-31 10:03:10,596 INFO  segmented.SegmentedRaftLogWorker (SegmentedRaftLogWorker.java:lambda$new$0(135)) - s9@group-2F23E341BE7C-SegmentedRaftLogWorker: safeCacheEvictIndex: setUnconditionally 0 -> -1
2022-08-31 10:03:10,596 INFO  server.RaftServer$Division (RaftServerImpl.java:start(334)) - s9@group-2F23E341BE7C: start with initializing state, conf=-1: peers:[]|listeners:[], old=null
2022-08-31 10:03:10,596 INFO  server.RaftServer$Division (RaftServerImpl.java:setRole(315)) - s9@group-2F23E341BE7C: changes role from      null to FOLLOWER at term 0 for startInitializing
2022-08-31 10:03:10,596 INFO  util.JmxRegister (JmxRegister.java:tryRegister(44)) - Successfully registered JMX Bean with object name Ratis:service=RaftServer,group=group-2F23E341BE7C,id=s9
2022-08-31 10:03:10,596 INFO  server.RaftServerConfigKeys (ConfUtils.java:logGet(46)) - raft.server.snapshot.auto.trigger.enabled = false (default)
2022-08-31 10:03:10,596 INFO  server.RaftServerConfigKeys (ConfUtils.java:logGet(46)) - raft.server.snapshot.retention.file.num = -1 (default)
2022-08-31 10:03:10,596 INFO  server.RaftServerConfigKeys (ConfUtils.java:logGet(46)) - raft.server.log.purge.upto.snapshot.index = false (default)
2022-08-31 10:03:10,596 INFO  server.RaftServer (RaftServerProxy.java:startImpl(388)) - s9: start RPC server
2022-08-31 10:03:10,597 INFO  logging.LoggingHandler (AbstractInternalLogger.java:log(148)) - [id: 0x1a947219] REGISTERED
2022-08-31 10:03:10,597 INFO  logging.LoggingHandler (AbstractInternalLogger.java:log(148)) - [id: 0x1a947219] BIND: 0.0.0.0/0.0.0.0:41063
2022-08-31 10:03:10,597 INFO  logging.LoggingHandler (AbstractInternalLogger.java:log(148)) - [id: 0x1a947219, L:/0.0.0.0:41063] ACTIVE
2022-08-31 10:03:10,598 INFO  server.RaftServerConfigKeys (ConfUtils.java:logGet(46)) - raft.server.storage.free-space.min = 0MB (=0) (default)
2022-08-31 10:03:10,598 INFO  server.RaftServerConfigKeys (ConfUtils.java:logGet(46)) - raft.server.log.corruption.policy = EXCEPTION (default)
2022-08-31 10:03:10,598 INFO  server.RaftServerConfigKeys (ConfUtils.java:logGet(46)) - raft.server.storage.dir = [/home/runner/work/ratis/ratis/ratis-examples/target/test/data/c3a9954f/MiniRaftClusterWithNettydc0556a/s11] (custom)
2022-08-31 10:03:10,598 INFO  storage.RaftStorageDirectory (RaftStorageDirectoryImpl.java:analyzeStorage(138)) - The storage directory /home/runner/work/ratis/ratis/ratis-examples/target/test/data/c3a9954f/MiniRaftClusterWithNettydc0556a/s11/5ddec44b-d3fa-45fa-99ad-2f23e341be7c does not exist. Creating ...
2022-08-31 10:03:10,598 TRACE util.FileUtils (LogUtils.java:runAndLog(49)) - Successfully ran Files.createDirectories /home/runner/work/ratis/ratis/ratis-examples/target/test/data/c3a9954f/MiniRaftClusterWithNettydc0556a/s11/5ddec44b-d3fa-45fa-99ad-2f23e341be7c
2022-08-31 10:03:10,598 INFO  util.JvmPauseMonitor (JvmPauseMonitor.java:run(103)) - JvmPauseMonitor-s9: Started
2022-08-31 10:03:10,599 INFO  storage.RaftStorageDirectory (RaftStorageDirectoryImpl.java:tryLock(232)) - Lock on /home/runner/work/ratis/ratis/ratis-examples/target/test/data/c3a9954f/MiniRaftClusterWithNettydc0556a/s11/5ddec44b-d3fa-45fa-99ad-2f23e341be7c/in_use.lock acquired by nodename 12993@fv-az290-886
2022-08-31 10:03:10,599 TRACE util.FileUtils (LogUtils.java:runAndLog(49)) - Successfully ran Files.createDirectories /home/runner/work/ratis/ratis/ratis-examples/target/test/data/c3a9954f/MiniRaftClusterWithNettydc0556a/s11/5ddec44b-d3fa-45fa-99ad-2f23e341be7c/current
2022-08-31 10:03:10,599 TRACE util.FileUtils (LogUtils.java:runAndLog(49)) - Successfully ran Files.createDirectories /home/runner/work/ratis/ratis/ratis-examples/target/test/data/c3a9954f/MiniRaftClusterWithNettydc0556a/s11/5ddec44b-d3fa-45fa-99ad-2f23e341be7c/sm
2022-08-31 10:03:10,600 INFO  storage.RaftStorage (RaftStorageImpl.java:format(96)) - Storage directory /home/runner/work/ratis/ratis/ratis-examples/target/test/data/c3a9954f/MiniRaftClusterWithNettydc0556a/s11/5ddec44b-d3fa-45fa-99ad-2f23e341be7c has been successfully formatted.
2022-08-31 10:03:10,600 WARN  statemachine.StateMachine (ArithmeticStateMachine.java:load(114)) - The snapshot info is null.
2022-08-31 10:03:10,600 INFO  server.RaftServerConfigKeys (ConfUtils.java:logGet(46)) - raft.server.log.use.memory = false (default)
2022-08-31 10:03:10,600 INFO  server.RaftServerConfigKeys (ConfUtils.java:logGet(46)) - raft.server.log.purge.gap = 1024 (default)
2022-08-31 10:03:10,600 INFO  server.RaftServerConfigKeys (ConfUtils.java:logGet(46)) - raft.server.log.appender.buffer.byte-limit = 4MB (=4194304) (default)
2022-08-31 10:03:10,600 INFO  server.RaftServerConfigKeys (ConfUtils.java:logGet(46)) - raft.server.log.statemachine.data.read.timeout = 1000ms (default)
2022-08-31 10:03:10,600 INFO  server.RaftServerConfigKeys (ConfUtils.java:logGet(46)) - raft.server.log.purge.preservation.log.num = 0 (default)
2022-08-31 10:03:10,600 INFO  server.RaftServerConfigKeys (ConfUtils.java:logGet(46)) - raft.server.log.segment.size.max = 8MB (=8388608) (default)
2022-08-31 10:03:10,600 INFO  server.RaftServerConfigKeys (ConfUtils.java:logGet(46)) - raft.server.log.segment.cache.num.max = 6 (default)
2022-08-31 10:03:10,600 INFO  server.RaftServerConfigKeys (ConfUtils.java:logGet(46)) - raft.server.log.segment.cache.size.max = 200MB (=209715200) (default)
2022-08-31 10:03:10,600 INFO  segmented.SegmentedRaftLogWorker (SegmentedRaftLogWorker.java:<init>(190)) - new s11@group-2F23E341BE7C-SegmentedRaftLogWorker for RaftStorageImpl:Storage Directory /home/runner/work/ratis/ratis/ratis-examples/target/test/data/c3a9954f/MiniRaftClusterWithNettydc0556a/s11/5ddec44b-d3fa-45fa-99ad-2f23e341be7c
2022-08-31 10:03:10,600 INFO  server.RaftServerConfigKeys (ConfUtils.java:logGet(46)) - raft.server.log.queue.byte-limit = 64MB (=67108864) (default)
2022-08-31 10:03:10,600 INFO  server.RaftServerConfigKeys (ConfUtils.java:logGet(46)) - raft.server.log.queue.element-limit = 4096 (default)
2022-08-31 10:03:10,600 INFO  server.RaftServerConfigKeys (ConfUtils.java:logGet(46)) - raft.server.log.segment.size.max = 8MB (=8388608) (default)
2022-08-31 10:03:10,600 INFO  server.RaftServerConfigKeys (ConfUtils.java:logGet(46)) - raft.server.log.preallocated.size = 4MB (=4194304) (default)
2022-08-31 10:03:10,600 INFO  server.RaftServerConfigKeys (ConfUtils.java:logGet(46)) - raft.server.log.force.sync.num = 128 (default)
2022-08-31 10:03:10,600 INFO  server.RaftServerConfigKeys (ConfUtils.java:logGet(46)) - raft.server.log.statemachine.data.sync = true (default)
2022-08-31 10:03:10,600 INFO  server.RaftServerConfigKeys (ConfUtils.java:logGet(46)) - raft.server.log.statemachine.data.sync.timeout = 10s (default)
2022-08-31 10:03:10,601 INFO  server.RaftServerConfigKeys (ConfUtils.java:logGet(46)) - raft.server.log.statemachine.data.sync.timeout.retry = -1 (default)
2022-08-31 10:03:10,601 INFO  server.RaftServerConfigKeys (ConfUtils.java:logGet(46)) - raft.server.log.write.buffer.size = 64KB (=65536) (default)
2022-08-31 10:03:10,601 INFO  server.RaftServerConfigKeys (ConfUtils.java:logGet(46)) - raft.server.log.unsafe-flush.enabled = false (default)
2022-08-31 10:03:10,601 INFO  server.RaftServerConfigKeys (ConfUtils.java:logGet(46)) - raft.server.log.async-flush.enabled = false (default)
2022-08-31 10:03:10,601 INFO  server.RaftServerConfigKeys (ConfUtils.java:logGet(46)) - raft.server.log.statemachine.data.caching.enabled = false (default)
2022-08-31 10:03:10,601 INFO  segmented.SegmentedRaftLogWorker (SegmentedRaftLogWorker.java:lambda$new$0(135)) - s11@group-2F23E341BE7C-SegmentedRaftLogWorker: flushIndex: setUnconditionally 0 -> -1
2022-08-31 10:03:10,601 INFO  segmented.SegmentedRaftLogWorker (SegmentedRaftLogWorker.java:lambda$new$0(135)) - s11@group-2F23E341BE7C-SegmentedRaftLogWorker: safeCacheEvictIndex: setUnconditionally 0 -> -1
2022-08-31 10:03:10,603 INFO  server.RaftServer$Division (RaftServerImpl.java:start(334)) - s11@group-2F23E341BE7C: start with initializing state, conf=-1: peers:[]|listeners:[], old=null
2022-08-31 10:03:10,603 INFO  server.RaftServer$Division (RaftServerImpl.java:setRole(315)) - s11@group-2F23E341BE7C: changes role from      null to FOLLOWER at term 0 for startInitializing
2022-08-31 10:03:10,603 INFO  util.JmxRegister (JmxRegister.java:tryRegister(44)) - Successfully registered JMX Bean with object name Ratis:service=RaftServer,group=group-2F23E341BE7C,id=s11
2022-08-31 10:03:10,603 INFO  server.RaftServerConfigKeys (ConfUtils.java:logGet(46)) - raft.server.snapshot.auto.trigger.enabled = false (default)
2022-08-31 10:03:10,603 INFO  server.RaftServerConfigKeys (ConfUtils.java:logGet(46)) - raft.server.snapshot.retention.file.num = -1 (default)
2022-08-31 10:03:10,603 INFO  server.RaftServerConfigKeys (ConfUtils.java:logGet(46)) - raft.server.log.purge.upto.snapshot.index = false (default)
2022-08-31 10:03:10,603 INFO  server.RaftServer (RaftServerProxy.java:startImpl(388)) - s11: start RPC server
2022-08-31 10:03:10,604 INFO  logging.LoggingHandler (AbstractInternalLogger.java:log(148)) - [id: 0xa9456de4] REGISTERED
2022-08-31 10:03:10,604 INFO  logging.LoggingHandler (AbstractInternalLogger.java:log(148)) - [id: 0xa9456de4] BIND: 0.0.0.0/0.0.0.0:36833
2022-08-31 10:03:10,604 INFO  logging.LoggingHandler (AbstractInternalLogger.java:log(148)) - [id: 0xa9456de4, L:/0.0.0.0:36833] ACTIVE
2022-08-31 10:03:10,604 INFO  util.JvmPauseMonitor (JvmPauseMonitor.java:run(103)) - JvmPauseMonitor-s11: Started
2022-08-31 10:03:10,604 INFO  server.RaftServerConfigKeys (ConfUtils.java:logGet(46)) - raft.server.storage.free-space.min = 0MB (=0) (default)
2022-08-31 10:03:10,604 INFO  server.RaftServerConfigKeys (ConfUtils.java:logGet(46)) - raft.server.log.corruption.policy = EXCEPTION (default)
2022-08-31 10:03:10,604 INFO  server.RaftServerConfigKeys (ConfUtils.java:logGet(46)) - raft.server.storage.dir = [/home/runner/work/ratis/ratis/ratis-examples/target/test/data/c3a9954f/MiniRaftClusterWithNettydc0556a/s10] (custom)
2022-08-31 10:03:10,604 INFO  storage.RaftStorageDirectory (RaftStorageDirectoryImpl.java:analyzeStorage(138)) - The storage directory /home/runner/work/ratis/ratis/ratis-examples/target/test/data/c3a9954f/MiniRaftClusterWithNettydc0556a/s10/5ddec44b-d3fa-45fa-99ad-2f23e341be7c does not exist. Creating ...
2022-08-31 10:03:10,605 TRACE util.FileUtils (LogUtils.java:runAndLog(49)) - Successfully ran Files.createDirectories /home/runner/work/ratis/ratis/ratis-examples/target/test/data/c3a9954f/MiniRaftClusterWithNettydc0556a/s10/5ddec44b-d3fa-45fa-99ad-2f23e341be7c
2022-08-31 10:03:10,606 INFO  storage.RaftStorageDirectory (RaftStorageDirectoryImpl.java:tryLock(232)) - Lock on /home/runner/work/ratis/ratis/ratis-examples/target/test/data/c3a9954f/MiniRaftClusterWithNettydc0556a/s10/5ddec44b-d3fa-45fa-99ad-2f23e341be7c/in_use.lock acquired by nodename 12993@fv-az290-886
2022-08-31 10:03:10,606 TRACE util.FileUtils (LogUtils.java:runAndLog(49)) - Successfully ran Files.createDirectories /home/runner/work/ratis/ratis/ratis-examples/target/test/data/c3a9954f/MiniRaftClusterWithNettydc0556a/s10/5ddec44b-d3fa-45fa-99ad-2f23e341be7c/current
2022-08-31 10:03:10,606 TRACE util.FileUtils (LogUtils.java:runAndLog(49)) - Successfully ran Files.createDirectories /home/runner/work/ratis/ratis/ratis-examples/target/test/data/c3a9954f/MiniRaftClusterWithNettydc0556a/s10/5ddec44b-d3fa-45fa-99ad-2f23e341be7c/sm
2022-08-31 10:03:10,607 INFO  storage.RaftStorage (RaftStorageImpl.java:format(96)) - Storage directory /home/runner/work/ratis/ratis/ratis-examples/target/test/data/c3a9954f/MiniRaftClusterWithNettydc0556a/s10/5ddec44b-d3fa-45fa-99ad-2f23e341be7c has been successfully formatted.
2022-08-31 10:03:10,607 WARN  statemachine.StateMachine (ArithmeticStateMachine.java:load(114)) - The snapshot info is null.
2022-08-31 10:03:10,607 INFO  server.RaftServerConfigKeys (ConfUtils.java:logGet(46)) - raft.server.log.use.memory = false (default)
2022-08-31 10:03:10,607 INFO  server.RaftServerConfigKeys (ConfUtils.java:logGet(46)) - raft.server.log.purge.gap = 1024 (default)
2022-08-31 10:03:10,607 INFO  server.RaftServerConfigKeys (ConfUtils.java:logGet(46)) - raft.server.log.appender.buffer.byte-limit = 4MB (=4194304) (default)
2022-08-31 10:03:10,607 INFO  server.RaftServerConfigKeys (ConfUtils.java:logGet(46)) - raft.server.log.statemachine.data.read.timeout = 1000ms (default)
2022-08-31 10:03:10,607 INFO  server.RaftServerConfigKeys (ConfUtils.java:logGet(46)) - raft.server.log.purge.preservation.log.num = 0 (default)
2022-08-31 10:03:10,607 INFO  server.RaftServerConfigKeys (ConfUtils.java:logGet(46)) - raft.server.log.segment.size.max = 8MB (=8388608) (default)
2022-08-31 10:03:10,607 INFO  server.RaftServerConfigKeys (ConfUtils.java:logGet(46)) - raft.server.log.segment.cache.num.max = 6 (default)
2022-08-31 10:03:10,607 INFO  server.RaftServerConfigKeys (ConfUtils.java:logGet(46)) - raft.server.log.segment.cache.size.max = 200MB (=209715200) (default)
2022-08-31 10:03:10,607 INFO  segmented.SegmentedRaftLogWorker (SegmentedRaftLogWorker.java:<init>(190)) - new s10@group-2F23E341BE7C-SegmentedRaftLogWorker for RaftStorageImpl:Storage Directory /home/runner/work/ratis/ratis/ratis-examples/target/test/data/c3a9954f/MiniRaftClusterWithNettydc0556a/s10/5ddec44b-d3fa-45fa-99ad-2f23e341be7c
2022-08-31 10:03:10,607 INFO  server.RaftServerConfigKeys (ConfUtils.java:logGet(46)) - raft.server.log.queue.byte-limit = 64MB (=67108864) (default)
2022-08-31 10:03:10,607 INFO  server.RaftServerConfigKeys (ConfUtils.java:logGet(46)) - raft.server.log.queue.element-limit = 4096 (default)
2022-08-31 10:03:10,607 INFO  server.RaftServerConfigKeys (ConfUtils.java:logGet(46)) - raft.server.log.segment.size.max = 8MB (=8388608) (default)
2022-08-31 10:03:10,607 INFO  server.RaftServerConfigKeys (ConfUtils.java:logGet(46)) - raft.server.log.preallocated.size = 4MB (=4194304) (default)
2022-08-31 10:03:10,607 INFO  server.RaftServerConfigKeys (ConfUtils.java:logGet(46)) - raft.server.log.force.sync.num = 128 (default)
2022-08-31 10:03:10,607 INFO  server.RaftServerConfigKeys (ConfUtils.java:logGet(46)) - raft.server.log.statemachine.data.sync = true (default)
2022-08-31 10:03:10,607 INFO  server.RaftServerConfigKeys (ConfUtils.java:logGet(46)) - raft.server.log.statemachine.data.sync.timeout = 10s (default)
2022-08-31 10:03:10,607 INFO  server.RaftServerConfigKeys (ConfUtils.java:logGet(46)) - raft.server.log.statemachine.data.sync.timeout.retry = -1 (default)
2022-08-31 10:03:10,607 INFO  server.RaftServerConfigKeys (ConfUtils.java:logGet(46)) - raft.server.log.write.buffer.size = 64KB (=65536) (default)
2022-08-31 10:03:10,607 INFO  server.RaftServerConfigKeys (ConfUtils.java:logGet(46)) - raft.server.log.unsafe-flush.enabled = false (default)
2022-08-31 10:03:10,607 INFO  server.RaftServerConfigKeys (ConfUtils.java:logGet(46)) - raft.server.log.async-flush.enabled = false (default)
2022-08-31 10:03:10,607 INFO  server.RaftServerConfigKeys (ConfUtils.java:logGet(46)) - raft.server.log.statemachine.data.caching.enabled = false (default)
2022-08-31 10:03:10,607 INFO  segmented.SegmentedRaftLogWorker (SegmentedRaftLogWorker.java:lambda$new$0(135)) - s10@group-2F23E341BE7C-SegmentedRaftLogWorker: flushIndex: setUnconditionally 0 -> -1
2022-08-31 10:03:10,608 INFO  segmented.SegmentedRaftLogWorker (SegmentedRaftLogWorker.java:lambda$new$0(135)) - s10@group-2F23E341BE7C-SegmentedRaftLogWorker: safeCacheEvictIndex: setUnconditionally 0 -> -1
2022-08-31 10:03:10,608 INFO  server.RaftServer$Division (RaftServerImpl.java:start(334)) - s10@group-2F23E341BE7C: start with initializing state, conf=-1: peers:[]|listeners:[], old=null
2022-08-31 10:03:10,608 INFO  server.RaftServer$Division (RaftServerImpl.java:setRole(315)) - s10@group-2F23E341BE7C: changes role from      null to FOLLOWER at term 0 for startInitializing
2022-08-31 10:03:10,608 INFO  util.JmxRegister (JmxRegister.java:tryRegister(44)) - Successfully registered JMX Bean with object name Ratis:service=RaftServer,group=group-2F23E341BE7C,id=s10
2022-08-31 10:03:10,608 INFO  server.RaftServerConfigKeys (ConfUtils.java:logGet(46)) - raft.server.snapshot.auto.trigger.enabled = false (default)
2022-08-31 10:03:10,608 INFO  server.RaftServerConfigKeys (ConfUtils.java:logGet(46)) - raft.server.snapshot.retention.file.num = -1 (default)
2022-08-31 10:03:10,608 INFO  server.RaftServerConfigKeys (ConfUtils.java:logGet(46)) - raft.server.log.purge.upto.snapshot.index = false (default)
2022-08-31 10:03:10,609 INFO  server.RaftServer (RaftServerProxy.java:startImpl(388)) - s10: start RPC server
2022-08-31 10:03:10,609 INFO  logging.LoggingHandler (AbstractInternalLogger.java:log(148)) - [id: 0x10d071c8] REGISTERED
2022-08-31 10:03:10,609 INFO  logging.LoggingHandler (AbstractInternalLogger.java:log(148)) - [id: 0x10d071c8] BIND: 0.0.0.0/0.0.0.0:36383
2022-08-31 10:03:10,609 INFO  logging.LoggingHandler (AbstractInternalLogger.java:log(148)) - [id: 0x10d071c8, L:/0.0.0.0:36383] ACTIVE
2022-08-31 10:03:10,610 INFO  server.RaftServerConfigKeys (ConfUtils.java:logGet(46)) - raft.server.storage.free-space.min = 0MB (=0) (default)
2022-08-31 10:03:10,610 INFO  util.JvmPauseMonitor (JvmPauseMonitor.java:run(103)) - JvmPauseMonitor-s10: Started
2022-08-31 10:03:10,610 INFO  server.RaftServerConfigKeys (ConfUtils.java:logGet(46)) - raft.server.log.corruption.policy = EXCEPTION (default)
2022-08-31 10:03:10,610 INFO  server.RaftServerConfigKeys (ConfUtils.java:logGet(46)) - raft.server.storage.dir = [/home/runner/work/ratis/ratis/ratis-examples/target/test/data/c3a9954f/MiniRaftClusterWithNettydc0556a/s13] (custom)
2022-08-31 10:03:10,610 INFO  storage.RaftStorageDirectory (RaftStorageDirectoryImpl.java:analyzeStorage(138)) - The storage directory /home/runner/work/ratis/ratis/ratis-examples/target/test/data/c3a9954f/MiniRaftClusterWithNettydc0556a/s13/5ddec44b-d3fa-45fa-99ad-2f23e341be7c does not exist. Creating ...
2022-08-31 10:03:10,610 TRACE util.FileUtils (LogUtils.java:runAndLog(49)) - Successfully ran Files.createDirectories /home/runner/work/ratis/ratis/ratis-examples/target/test/data/c3a9954f/MiniRaftClusterWithNettydc0556a/s13/5ddec44b-d3fa-45fa-99ad-2f23e341be7c
2022-08-31 10:03:10,611 INFO  storage.RaftStorageDirectory (RaftStorageDirectoryImpl.java:tryLock(232)) - Lock on /home/runner/work/ratis/ratis/ratis-examples/target/test/data/c3a9954f/MiniRaftClusterWithNettydc0556a/s13/5ddec44b-d3fa-45fa-99ad-2f23e341be7c/in_use.lock acquired by nodename 12993@fv-az290-886
2022-08-31 10:03:10,611 TRACE util.FileUtils (LogUtils.java:runAndLog(49)) - Successfully ran Files.createDirectories /home/runner/work/ratis/ratis/ratis-examples/target/test/data/c3a9954f/MiniRaftClusterWithNettydc0556a/s13/5ddec44b-d3fa-45fa-99ad-2f23e341be7c/current
2022-08-31 10:03:10,611 TRACE util.FileUtils (LogUtils.java:runAndLog(49)) - Successfully ran Files.createDirectories /home/runner/work/ratis/ratis/ratis-examples/target/test/data/c3a9954f/MiniRaftClusterWithNettydc0556a/s13/5ddec44b-d3fa-45fa-99ad-2f23e341be7c/sm
2022-08-31 10:03:10,612 INFO  storage.RaftStorage (RaftStorageImpl.java:format(96)) - Storage directory /home/runner/work/ratis/ratis/ratis-examples/target/test/data/c3a9954f/MiniRaftClusterWithNettydc0556a/s13/5ddec44b-d3fa-45fa-99ad-2f23e341be7c has been successfully formatted.
2022-08-31 10:03:10,612 WARN  statemachine.StateMachine (ArithmeticStateMachine.java:load(114)) - The snapshot info is null.
2022-08-31 10:03:10,612 INFO  server.RaftServerConfigKeys (ConfUtils.java:logGet(46)) - raft.server.log.use.memory = false (default)
2022-08-31 10:03:10,612 INFO  server.RaftServerConfigKeys (ConfUtils.java:logGet(46)) - raft.server.log.purge.gap = 1024 (default)
2022-08-31 10:03:10,612 INFO  server.RaftServerConfigKeys (ConfUtils.java:logGet(46)) - raft.server.log.appender.buffer.byte-limit = 4MB (=4194304) (default)
2022-08-31 10:03:10,612 INFO  server.RaftServerConfigKeys (ConfUtils.java:logGet(46)) - raft.server.log.statemachine.data.read.timeout = 1000ms (default)
2022-08-31 10:03:10,612 INFO  server.RaftServerConfigKeys (ConfUtils.java:logGet(46)) - raft.server.log.purge.preservation.log.num = 0 (default)
2022-08-31 10:03:10,612 INFO  server.RaftServerConfigKeys (ConfUtils.java:logGet(46)) - raft.server.log.segment.size.max = 8MB (=8388608) (default)
2022-08-31 10:03:10,612 INFO  server.RaftServerConfigKeys (ConfUtils.java:logGet(46)) - raft.server.log.segment.cache.num.max = 6 (default)
2022-08-31 10:03:10,612 INFO  server.RaftServerConfigKeys (ConfUtils.java:logGet(46)) - raft.server.log.segment.cache.size.max = 200MB (=209715200) (default)
2022-08-31 10:03:10,612 INFO  segmented.SegmentedRaftLogWorker (SegmentedRaftLogWorker.java:<init>(190)) - new s13@group-2F23E341BE7C-SegmentedRaftLogWorker for RaftStorageImpl:Storage Directory /home/runner/work/ratis/ratis/ratis-examples/target/test/data/c3a9954f/MiniRaftClusterWithNettydc0556a/s13/5ddec44b-d3fa-45fa-99ad-2f23e341be7c
2022-08-31 10:03:10,612 INFO  server.RaftServerConfigKeys (ConfUtils.java:logGet(46)) - raft.server.log.queue.byte-limit = 64MB (=67108864) (default)
2022-08-31 10:03:10,612 INFO  server.RaftServerConfigKeys (ConfUtils.java:logGet(46)) - raft.server.log.queue.element-limit = 4096 (default)
2022-08-31 10:03:10,612 INFO  server.RaftServerConfigKeys (ConfUtils.java:logGet(46)) - raft.server.log.segment.size.max = 8MB (=8388608) (default)
2022-08-31 10:03:10,612 INFO  server.RaftServerConfigKeys (ConfUtils.java:logGet(46)) - raft.server.log.preallocated.size = 4MB (=4194304) (default)
2022-08-31 10:03:10,612 INFO  server.RaftServerConfigKeys (ConfUtils.java:logGet(46)) - raft.server.log.force.sync.num = 128 (default)
2022-08-31 10:03:10,612 INFO  server.RaftServerConfigKeys (ConfUtils.java:logGet(46)) - raft.server.log.statemachine.data.sync = true (default)
2022-08-31 10:03:10,612 INFO  server.RaftServerConfigKeys (ConfUtils.java:logGet(46)) - raft.server.log.statemachine.data.sync.timeout = 10s (default)
2022-08-31 10:03:10,612 INFO  server.RaftServerConfigKeys (ConfUtils.java:logGet(46)) - raft.server.log.statemachine.data.sync.timeout.retry = -1 (default)
2022-08-31 10:03:10,612 INFO  server.RaftServerConfigKeys (ConfUtils.java:logGet(46)) - raft.server.log.write.buffer.size = 64KB (=65536) (default)
2022-08-31 10:03:10,613 INFO  server.RaftServerConfigKeys (ConfUtils.java:logGet(46)) - raft.server.log.unsafe-flush.enabled = false (default)
2022-08-31 10:03:10,613 INFO  server.RaftServerConfigKeys (ConfUtils.java:logGet(46)) - raft.server.log.async-flush.enabled = false (default)
2022-08-31 10:03:10,613 INFO  server.RaftServerConfigKeys (ConfUtils.java:logGet(46)) - raft.server.log.statemachine.data.caching.enabled = false (default)
2022-08-31 10:03:10,613 INFO  segmented.SegmentedRaftLogWorker (SegmentedRaftLogWorker.java:lambda$new$0(135)) - s13@group-2F23E341BE7C-SegmentedRaftLogWorker: flushIndex: setUnconditionally 0 -> -1
2022-08-31 10:03:10,613 INFO  segmented.SegmentedRaftLogWorker (SegmentedRaftLogWorker.java:lambda$new$0(135)) - s13@group-2F23E341BE7C-SegmentedRaftLogWorker: safeCacheEvictIndex: setUnconditionally 0 -> -1
2022-08-31 10:03:10,613 INFO  server.RaftServer$Division (RaftServerImpl.java:start(334)) - s13@group-2F23E341BE7C: start with initializing state, conf=-1: peers:[]|listeners:[], old=null
2022-08-31 10:03:10,613 INFO  server.RaftServer$Division (RaftServerImpl.java:setRole(315)) - s13@group-2F23E341BE7C: changes role from      null to FOLLOWER at term 0 for startInitializing
2022-08-31 10:03:10,613 INFO  util.JmxRegister (JmxRegister.java:tryRegister(44)) - Successfully registered JMX Bean with object name Ratis:service=RaftServer,group=group-2F23E341BE7C,id=s13
2022-08-31 10:03:10,613 INFO  server.RaftServerConfigKeys (ConfUtils.java:logGet(46)) - raft.server.snapshot.auto.trigger.enabled = false (default)
2022-08-31 10:03:10,613 INFO  server.RaftServerConfigKeys (ConfUtils.java:logGet(46)) - raft.server.snapshot.retention.file.num = -1 (default)
2022-08-31 10:03:10,613 INFO  server.RaftServerConfigKeys (ConfUtils.java:logGet(46)) - raft.server.log.purge.upto.snapshot.index = false (default)
2022-08-31 10:03:10,613 INFO  server.RaftServer (RaftServerProxy.java:startImpl(388)) - s13: start RPC server
2022-08-31 10:03:10,614 INFO  logging.LoggingHandler (AbstractInternalLogger.java:log(148)) - [id: 0x0b69ec99] REGISTERED
2022-08-31 10:03:10,614 INFO  logging.LoggingHandler (AbstractInternalLogger.java:log(148)) - [id: 0x0b69ec99] BIND: 0.0.0.0/0.0.0.0:39199
2022-08-31 10:03:10,614 INFO  logging.LoggingHandler (AbstractInternalLogger.java:log(148)) - [id: 0x0b69ec99, L:/0.0.0.0:39199] ACTIVE
2022-08-31 10:03:10,614 INFO  server.RaftServerConfigKeys (ConfUtils.java:logGet(46)) - raft.server.storage.free-space.min = 0MB (=0) (default)
2022-08-31 10:03:10,614 INFO  server.RaftServerConfigKeys (ConfUtils.java:logGet(46)) - raft.server.log.corruption.policy = EXCEPTION (default)
2022-08-31 10:03:10,615 INFO  server.RaftServerConfigKeys (ConfUtils.java:logGet(46)) - raft.server.storage.dir = [/home/runner/work/ratis/ratis/ratis-examples/target/test/data/c3a9954f/MiniRaftClusterWithNettydc0556a/s12] (custom)
2022-08-31 10:03:10,615 INFO  storage.RaftStorageDirectory (RaftStorageDirectoryImpl.java:analyzeStorage(138)) - The storage directory /home/runner/work/ratis/ratis/ratis-examples/target/test/data/c3a9954f/MiniRaftClusterWithNettydc0556a/s12/5ddec44b-d3fa-45fa-99ad-2f23e341be7c does not exist. Creating ...
2022-08-31 10:03:10,615 TRACE util.FileUtils (LogUtils.java:runAndLog(49)) - Successfully ran Files.createDirectories /home/runner/work/ratis/ratis/ratis-examples/target/test/data/c3a9954f/MiniRaftClusterWithNettydc0556a/s12/5ddec44b-d3fa-45fa-99ad-2f23e341be7c
2022-08-31 10:03:10,615 INFO  util.JvmPauseMonitor (JvmPauseMonitor.java:run(103)) - JvmPauseMonitor-s13: Started
2022-08-31 10:03:10,616 INFO  storage.RaftStorageDirectory (RaftStorageDirectoryImpl.java:tryLock(232)) - Lock on /home/runner/work/ratis/ratis/ratis-examples/target/test/data/c3a9954f/MiniRaftClusterWithNettydc0556a/s12/5ddec44b-d3fa-45fa-99ad-2f23e341be7c/in_use.lock acquired by nodename 12993@fv-az290-886
2022-08-31 10:03:10,616 TRACE util.FileUtils (LogUtils.java:runAndLog(49)) - Successfully ran Files.createDirectories /home/runner/work/ratis/ratis/ratis-examples/target/test/data/c3a9954f/MiniRaftClusterWithNettydc0556a/s12/5ddec44b-d3fa-45fa-99ad-2f23e341be7c/current
2022-08-31 10:03:10,616 TRACE util.FileUtils (LogUtils.java:runAndLog(49)) - Successfully ran Files.createDirectories /home/runner/work/ratis/ratis/ratis-examples/target/test/data/c3a9954f/MiniRaftClusterWithNettydc0556a/s12/5ddec44b-d3fa-45fa-99ad-2f23e341be7c/sm
2022-08-31 10:03:10,617 INFO  storage.RaftStorage (RaftStorageImpl.java:format(96)) - Storage directory /home/runner/work/ratis/ratis/ratis-examples/target/test/data/c3a9954f/MiniRaftClusterWithNettydc0556a/s12/5ddec44b-d3fa-45fa-99ad-2f23e341be7c has been successfully formatted.
2022-08-31 10:03:10,617 WARN  statemachine.StateMachine (ArithmeticStateMachine.java:load(114)) - The snapshot info is null.
2022-08-31 10:03:10,617 INFO  server.RaftServerConfigKeys (ConfUtils.java:logGet(46)) - raft.server.log.use.memory = false (default)
2022-08-31 10:03:10,617 INFO  server.RaftServerConfigKeys (ConfUtils.java:logGet(46)) - raft.server.log.purge.gap = 1024 (default)
2022-08-31 10:03:10,617 INFO  server.RaftServerConfigKeys (ConfUtils.java:logGet(46)) - raft.server.log.appender.buffer.byte-limit = 4MB (=4194304) (default)
2022-08-31 10:03:10,617 INFO  server.RaftServerConfigKeys (ConfUtils.java:logGet(46)) - raft.server.log.statemachine.data.read.timeout = 1000ms (default)
2022-08-31 10:03:10,617 INFO  server.RaftServerConfigKeys (ConfUtils.java:logGet(46)) - raft.server.log.purge.preservation.log.num = 0 (default)
2022-08-31 10:03:10,617 INFO  server.RaftServerConfigKeys (ConfUtils.java:logGet(46)) - raft.server.log.segment.size.max = 8MB (=8388608) (default)
2022-08-31 10:03:10,617 INFO  server.RaftServerConfigKeys (ConfUtils.java:logGet(46)) - raft.server.log.segment.cache.num.max = 6 (default)
2022-08-31 10:03:10,617 INFO  server.RaftServerConfigKeys (ConfUtils.java:logGet(46)) - raft.server.log.segment.cache.size.max = 200MB (=209715200) (default)
2022-08-31 10:03:10,617 INFO  segmented.SegmentedRaftLogWorker (SegmentedRaftLogWorker.java:<init>(190)) - new s12@group-2F23E341BE7C-SegmentedRaftLogWorker for RaftStorageImpl:Storage Directory /home/runner/work/ratis/ratis/ratis-examples/target/test/data/c3a9954f/MiniRaftClusterWithNettydc0556a/s12/5ddec44b-d3fa-45fa-99ad-2f23e341be7c
2022-08-31 10:03:10,617 INFO  server.RaftServerConfigKeys (ConfUtils.java:logGet(46)) - raft.server.log.queue.byte-limit = 64MB (=67108864) (default)
2022-08-31 10:03:10,617 INFO  server.RaftServerConfigKeys (ConfUtils.java:logGet(46)) - raft.server.log.queue.element-limit = 4096 (default)
2022-08-31 10:03:10,617 INFO  server.RaftServerConfigKeys (ConfUtils.java:logGet(46)) - raft.server.log.segment.size.max = 8MB (=8388608) (default)
2022-08-31 10:03:10,617 INFO  server.RaftServerConfigKeys (ConfUtils.java:logGet(46)) - raft.server.log.preallocated.size = 4MB (=4194304) (default)
2022-08-31 10:03:10,617 INFO  server.RaftServerConfigKeys (ConfUtils.java:logGet(46)) - raft.server.log.force.sync.num = 128 (default)
2022-08-31 10:03:10,617 INFO  server.RaftServerConfigKeys (ConfUtils.java:logGet(46)) - raft.server.log.statemachine.data.sync = true (default)
2022-08-31 10:03:10,617 INFO  server.RaftServerConfigKeys (ConfUtils.java:logGet(46)) - raft.server.log.statemachine.data.sync.timeout = 10s (default)
2022-08-31 10:03:10,617 INFO  server.RaftServerConfigKeys (ConfUtils.java:logGet(46)) - raft.server.log.statemachine.data.sync.timeout.retry = -1 (default)
2022-08-31 10:03:10,617 INFO  server.RaftServerConfigKeys (ConfUtils.java:logGet(46)) - raft.server.log.write.buffer.size = 64KB (=65536) (default)
2022-08-31 10:03:10,618 INFO  server.RaftServerConfigKeys (ConfUtils.java:logGet(46)) - raft.server.log.unsafe-flush.enabled = false (default)
2022-08-31 10:03:10,618 INFO  server.RaftServerConfigKeys (ConfUtils.java:logGet(46)) - raft.server.log.async-flush.enabled = false (default)
2022-08-31 10:03:10,618 INFO  server.RaftServerConfigKeys (ConfUtils.java:logGet(46)) - raft.server.log.statemachine.data.caching.enabled = false (default)
2022-08-31 10:03:10,618 INFO  segmented.SegmentedRaftLogWorker (SegmentedRaftLogWorker.java:lambda$new$0(135)) - s12@group-2F23E341BE7C-SegmentedRaftLogWorker: flushIndex: setUnconditionally 0 -> -1
2022-08-31 10:03:10,618 INFO  segmented.SegmentedRaftLogWorker (SegmentedRaftLogWorker.java:lambda$new$0(135)) - s12@group-2F23E341BE7C-SegmentedRaftLogWorker: safeCacheEvictIndex: setUnconditionally 0 -> -1
2022-08-31 10:03:10,618 INFO  server.RaftServer$Division (RaftServerImpl.java:start(334)) - s12@group-2F23E341BE7C: start with initializing state, conf=-1: peers:[]|listeners:[], old=null
2022-08-31 10:03:10,618 INFO  server.RaftServer$Division (RaftServerImpl.java:setRole(315)) - s12@group-2F23E341BE7C: changes role from      null to FOLLOWER at term 0 for startInitializing
2022-08-31 10:03:10,618 INFO  util.JmxRegister (JmxRegister.java:tryRegister(44)) - Successfully registered JMX Bean with object name Ratis:service=RaftServer,group=group-2F23E341BE7C,id=s12
2022-08-31 10:03:10,618 INFO  server.RaftServerConfigKeys (ConfUtils.java:logGet(46)) - raft.server.snapshot.auto.trigger.enabled = false (default)
2022-08-31 10:03:10,618 INFO  server.RaftServerConfigKeys (ConfUtils.java:logGet(46)) - raft.server.snapshot.retention.file.num = -1 (default)
2022-08-31 10:03:10,618 INFO  server.RaftServerConfigKeys (ConfUtils.java:logGet(46)) - raft.server.log.purge.upto.snapshot.index = false (default)
2022-08-31 10:03:10,618 INFO  server.RaftServer (RaftServerProxy.java:startImpl(388)) - s12: start RPC server
2022-08-31 10:03:10,619 INFO  logging.LoggingHandler (AbstractInternalLogger.java:log(148)) - [id: 0xbe7e3901] REGISTERED
2022-08-31 10:03:10,619 INFO  logging.LoggingHandler (AbstractInternalLogger.java:log(148)) - [id: 0xbe7e3901] BIND: 0.0.0.0/0.0.0.0:38617
2022-08-31 10:03:10,620 INFO  logging.LoggingHandler (AbstractInternalLogger.java:log(148)) - [id: 0xbe7e3901] CLOSE
2022-08-31 10:03:10,620 INFO  logging.LoggingHandler (AbstractInternalLogger.java:log(148)) - [id: 0xbe7e3901] UNREGISTERED
]]></system-out>
  </testcase>
</testsuite>