<?xml version="1.0" encoding="UTF-8"?>
<testsuite xmlns:xsi="http://www.w3.org/2001/XMLSchema-instance" xsi:noNamespaceSchemaLocation="https://maven.apache.org/surefire/maven-surefire-plugin/xsd/surefire-test-report.xsd" name="org.apache.ratis.grpc.TestInstallSnapshotNotificationWithGrpc" time="114.576" tests="5" errors="1" skipped="0" failures="0">
  <properties>
    <property name="awt.toolkit" value="sun.awt.X11.XToolkit"/>
    <property name="java.specification.version" value="11"/>
    <property name="sun.cpu.isalist" value=""/>
    <property name="sun.jnu.encoding" value="UTF-8"/>
    <property name="java.class.path" value="/home/runner/work/ratis/ratis/ratis-test/target/test-classes:/home/runner/work/ratis/ratis/ratis-test/target/classes:/home/runner/work/ratis/ratis/ratis-common/target/classes:/home/runner/.m2/repository/org/apache/ratis/ratis-thirdparty-misc/1.0.2/ratis-thirdparty-misc-1.0.2.jar:/home/runner/work/ratis/ratis/ratis-proto/target/ratis-proto-3.0.0-SNAPSHOT.jar:/home/runner/work/ratis/ratis/ratis-common/target/test-classes:/home/runner/work/ratis/ratis/ratis-client/target/classes:/home/runner/work/ratis/ratis/ratis-server/target/classes:/home/runner/work/ratis/ratis/ratis-server-api/target/classes:/home/runner/work/ratis/ratis/ratis-metrics/target/classes:/home/runner/work/ratis/ratis/ratis-server/target/test-classes:/home/runner/work/ratis/ratis/ratis-netty/target/classes:/home/runner/work/ratis/ratis/ratis-netty/target/test-classes:/home/runner/work/ratis/ratis/ratis-grpc/target/classes:/home/runner/work/ratis/ratis/ratis-grpc/target/test-classes:/home/runner/.m2/repository/org/slf4j/slf4j-api/1.7.29/slf4j-api-1.7.29.jar:/home/runner/.m2/repository/org/slf4j/slf4j-log4j12/1.7.29/slf4j-log4j12-1.7.29.jar:/home/runner/.m2/repository/log4j/log4j/1.2.17/log4j-1.2.17.jar:/home/runner/.m2/repository/junit/junit/4.13.2/junit-4.13.2.jar:/home/runner/.m2/repository/org/hamcrest/hamcrest-core/1.3/hamcrest-core-1.3.jar:/home/runner/.m2/repository/org/mockito/mockito-core/4.3.1/mockito-core-4.3.1.jar:/home/runner/.m2/repository/net/bytebuddy/byte-buddy/1.12.7/byte-buddy-1.12.7.jar:/home/runner/.m2/repository/net/bytebuddy/byte-buddy-agent/1.12.7/byte-buddy-agent-1.12.7.jar:/home/runner/.m2/repository/org/objenesis/objenesis/3.2/objenesis-3.2.jar:/home/runner/work/ratis/ratis/ratis-shell/target/classes:/home/runner/.m2/repository/commons-cli/commons-cli/1.5.0/commons-cli-1.5.0.jar:/home/runner/.m2/repository/org/slf4j/slf4j-simple/1.7.29/slf4j-simple-1.7.29.jar:/home/runner/.m2/repository/org/reflections/reflections/0.10.2/reflections-0.10.2.jar:/home/runner/.m2/repository/org/javassist/javassist/3.28.0-GA/javassist-3.28.0-GA.jar:/home/runner/.m2/repository/com/google/code/findbugs/jsr305/3.0.2/jsr305-3.0.2.jar:"/>
    <property name="java.vm.vendor" value="Eclipse Adoptium"/>
    <property name="sun.arch.data.model" value="64"/>
    <property name="java.vendor.url" value="https://adoptium.net/"/>
    <property name="user.timezone" value=""/>
    <property name="java.vm.specification.version" value="11"/>
    <property name="os.name" value="Linux"/>
    <property name="sun.java.launcher" value="SUN_STANDARD"/>
    <property name="sun.boot.library.path" value="/usr/lib/jvm/temurin-11-jdk-amd64/lib"/>
    <property name="sun.java.command" value="/home/runner/work/ratis/ratis/ratis-test/target/surefire/surefirebooter14405177537184041167.jar /home/runner/work/ratis/ratis/ratis-test/target/surefire 2022-09-20T10-03-39_271-jvmRun1 surefire5033453172758739471tmp surefire_177658502951774971306tmp"/>
    <property name="jdk.debug" value="release"/>
    <property name="surefire.test.class.path" value="/home/runner/work/ratis/ratis/ratis-test/target/test-classes:/home/runner/work/ratis/ratis/ratis-test/target/classes:/home/runner/work/ratis/ratis/ratis-common/target/classes:/home/runner/.m2/repository/org/apache/ratis/ratis-thirdparty-misc/1.0.2/ratis-thirdparty-misc-1.0.2.jar:/home/runner/work/ratis/ratis/ratis-proto/target/ratis-proto-3.0.0-SNAPSHOT.jar:/home/runner/work/ratis/ratis/ratis-common/target/test-classes:/home/runner/work/ratis/ratis/ratis-client/target/classes:/home/runner/work/ratis/ratis/ratis-server/target/classes:/home/runner/work/ratis/ratis/ratis-server-api/target/classes:/home/runner/work/ratis/ratis/ratis-metrics/target/classes:/home/runner/work/ratis/ratis/ratis-server/target/test-classes:/home/runner/work/ratis/ratis/ratis-netty/target/classes:/home/runner/work/ratis/ratis/ratis-netty/target/test-classes:/home/runner/work/ratis/ratis/ratis-grpc/target/classes:/home/runner/work/ratis/ratis/ratis-grpc/target/test-classes:/home/runner/.m2/repository/org/slf4j/slf4j-api/1.7.29/slf4j-api-1.7.29.jar:/home/runner/.m2/repository/org/slf4j/slf4j-log4j12/1.7.29/slf4j-log4j12-1.7.29.jar:/home/runner/.m2/repository/log4j/log4j/1.2.17/log4j-1.2.17.jar:/home/runner/.m2/repository/junit/junit/4.13.2/junit-4.13.2.jar:/home/runner/.m2/repository/org/hamcrest/hamcrest-core/1.3/hamcrest-core-1.3.jar:/home/runner/.m2/repository/org/mockito/mockito-core/4.3.1/mockito-core-4.3.1.jar:/home/runner/.m2/repository/net/bytebuddy/byte-buddy/1.12.7/byte-buddy-1.12.7.jar:/home/runner/.m2/repository/net/bytebuddy/byte-buddy-agent/1.12.7/byte-buddy-agent-1.12.7.jar:/home/runner/.m2/repository/org/objenesis/objenesis/3.2/objenesis-3.2.jar:/home/runner/work/ratis/ratis/ratis-shell/target/classes:/home/runner/.m2/repository/commons-cli/commons-cli/1.5.0/commons-cli-1.5.0.jar:/home/runner/.m2/repository/org/slf4j/slf4j-simple/1.7.29/slf4j-simple-1.7.29.jar:/home/runner/.m2/repository/org/reflections/reflections/0.10.2/reflections-0.10.2.jar:/home/runner/.m2/repository/org/javassist/javassist/3.28.0-GA/javassist-3.28.0-GA.jar:/home/runner/.m2/repository/com/google/code/findbugs/jsr305/3.0.2/jsr305-3.0.2.jar:"/>
    <property name="sun.cpu.endian" value="little"/>
    <property name="user.home" value="/home/runner"/>
    <property name="user.language" value="en"/>
    <property name="java.specification.vendor" value="Oracle Corporation"/>
    <property name="java.version.date" value="2022-08-12"/>
    <property name="java.home" value="/usr/lib/jvm/temurin-11-jdk-amd64"/>
    <property name="file.separator" value="/"/>
    <property name="basedir" value="/home/runner/work/ratis/ratis/ratis-test"/>
    <property name="java.vm.compressedOopsMode" value="32-bit"/>
    <property name="line.separator" value="&#10;"/>
    <property name="java.specification.name" value="Java Platform API Specification"/>
    <property name="java.vm.specification.vendor" value="Oracle Corporation"/>
    <property name="java.awt.graphicsenv" value="sun.awt.X11GraphicsEnvironment"/>
    <property name="surefire.real.class.path" value="/home/runner/work/ratis/ratis/ratis-test/target/surefire/surefirebooter14405177537184041167.jar"/>
    <property name="sun.management.compiler" value="HotSpot 64-Bit Tiered Compilers"/>
    <property name="java.runtime.version" value="11.0.16.1+1"/>
    <property name="user.name" value="runner"/>
    <property name="java.net.preferIPv4Stack" value="true"/>
    <property name="path.separator" value=":"/>
    <property name="os.version" value="5.15.0-1019-azure"/>
    <property name="java.runtime.name" value="OpenJDK Runtime Environment"/>
    <property name="file.encoding" value="UTF-8"/>
    <property name="java.vm.name" value="OpenJDK 64-Bit Server VM"/>
    <property name="java.vendor.version" value="Temurin-11.0.16.1+1"/>
    <property name="localRepository" value="/home/runner/.m2/repository"/>
    <property name="java.vendor.url.bug" value="https://github.com/adoptium/adoptium-support/issues"/>
    <property name="java.io.tmpdir" value="/tmp"/>
    <property name="java.version" value="11.0.16.1"/>
    <property name="user.dir" value="/home/runner/work/ratis/ratis/ratis-test"/>
    <property name="os.arch" value="amd64"/>
    <property name="ratis.tmp.dir" value="/home/runner/work/ratis/ratis/ratis-test/target/tmp"/>
    <property name="java.vm.specification.name" value="Java Virtual Machine Specification"/>
    <property name="java.awt.printerjob" value="sun.print.PSPrinterJob"/>
    <property name="ratis.log.dir" value="/home/runner/work/ratis/ratis/ratis-test/target/log"/>
    <property name="sun.os.patch.level" value="unknown"/>
    <property name="java.library.path" value="/usr/java/packages/lib:/usr/lib64:/lib64:/lib:/usr/lib"/>
    <property name="java.vm.info" value="mixed mode"/>
    <property name="java.vendor" value="Eclipse Adoptium"/>
    <property name="java.vm.version" value="11.0.16.1+1"/>
    <property name="sun.io.unicode.encoding" value="UnicodeLittle"/>
    <property name="java.class.version" value="55.0"/>
  </properties>
  <testcase name="testInstallSnapshotInstalledEvent" classname="org.apache.ratis.grpc.TestInstallSnapshotNotificationWithGrpc" time="4.789"/>
  <testcase name="testAddNewFollowers" classname="org.apache.ratis.grpc.TestInstallSnapshotNotificationWithGrpc" time="3.152"/>
  <testcase name="testInstallSnapshotDuringBootstrap" classname="org.apache.ratis.grpc.TestInstallSnapshotNotificationWithGrpc" time="2.074"/>
  <testcase name="testRestartFollower" classname="org.apache.ratis.grpc.TestInstallSnapshotNotificationWithGrpc" time="100.01">
    <error message="test timed out after 100 seconds" type="org.junit.runners.model.TestTimedOutException">org.junit.runners.model.TestTimedOutException: test timed out after 100 seconds
	at java.base@11.0.16.1/java.lang.Thread.sleep(Native Method)
	at java.base@11.0.16.1/java.lang.Thread.sleep(Thread.java:334)
	at java.base@11.0.16.1/java.util.concurrent.TimeUnit.sleep(TimeUnit.java:446)
	at app//org.apache.ratis.util.TimeDuration.sleep(TimeDuration.java:325)
	at app//org.apache.ratis.util.TimeDuration.sleep(TimeDuration.java:310)
	at app//org.apache.ratis.client.impl.BlockingImpl.sendRequestWithRetry(BlockingImpl.java:128)
	at app//org.apache.ratis.client.impl.BlockingImpl.send(BlockingImpl.java:90)
	at app//org.apache.ratis.client.impl.BlockingImpl.send(BlockingImpl.java:59)
	at app//org.apache.ratis.InstallSnapshotNotificationTests.testRestartFollower(InstallSnapshotNotificationTests.java:266)
	at app//org.apache.ratis.InstallSnapshotNotificationTests$$Lambda$800/0x0000000100481840.accept(Unknown Source)
	at app//org.apache.ratis.server.impl.MiniRaftCluster$Factory$Get.runWithNewCluster(MiniRaftCluster.java:141)
	at app//org.apache.ratis.server.impl.MiniRaftCluster$Factory$Get.runWithNewCluster(MiniRaftCluster.java:121)
	at app//org.apache.ratis.InstallSnapshotNotificationTests.testRestartFollower(InstallSnapshotNotificationTests.java:255)
	at java.base@11.0.16.1/jdk.internal.reflect.NativeMethodAccessorImpl.invoke0(Native Method)
	at java.base@11.0.16.1/jdk.internal.reflect.NativeMethodAccessorImpl.invoke(NativeMethodAccessorImpl.java:62)
	at java.base@11.0.16.1/jdk.internal.reflect.DelegatingMethodAccessorImpl.invoke(DelegatingMethodAccessorImpl.java:43)
	at java.base@11.0.16.1/java.lang.reflect.Method.invoke(Method.java:566)
	at app//org.junit.runners.model.FrameworkMethod$1.runReflectiveCall(FrameworkMethod.java:59)
	at app//org.junit.internal.runners.model.ReflectiveCallable.run(ReflectiveCallable.java:12)
	at app//org.junit.runners.model.FrameworkMethod.invokeExplosively(FrameworkMethod.java:56)
	at app//org.junit.internal.runners.statements.InvokeMethod.evaluate(InvokeMethod.java:17)
	at app//org.junit.internal.runners.statements.RunAfters.evaluate(RunAfters.java:27)
	at app//org.junit.internal.runners.statements.FailOnTimeout$CallableStatement.call(FailOnTimeout.java:299)
	at app//org.junit.internal.runners.statements.FailOnTimeout$CallableStatement.call(FailOnTimeout.java:293)
	at java.base@11.0.16.1/java.util.concurrent.FutureTask.run(FutureTask.java:264)
	at java.base@11.0.16.1/java.lang.Thread.run(Thread.java:829)
</error>
    <system-out><![CDATA[2022-09-20 10:11:47,865 [main] INFO  util.LogUtils (Log4jUtils.java:setLogLevel(32)) - Set org.apache.ratis.conf.ConfUtils log level to WARN
2022-09-20 10:11:47,865 [main] INFO  util.LogUtils (Log4jUtils.java:setLogLevel(32)) - Set org.apache.ratis.util.FileUtils log level to TRACE
2022-09-20 10:11:47,865 [main] INFO  util.LogUtils (Log4jUtils.java:setLogLevel(32)) - Set org.apache.ratis.server.raftlog.RaftLog log level to DEBUG
2022-09-20 10:11:47,867 [Time-limited test] INFO  impl.MiniRaftCluster (MiniRaftCluster.java:runWithNewCluster(135)) - Running runWithNewCluster
2022-09-20 10:11:47,868 [Time-limited test] INFO  impl.MiniRaftCluster (MiniRaftCluster.java:<init>(306)) - new MiniRaftClusterWithGrpc with group-469FBF65F7A7:[s0|rpc:localhost:39281|admin:localhost:38455|client:localhost:36053|dataStream:localhost:45769|priority:0|startupRole:FOLLOWER, s1|rpc:localhost:46849|admin:localhost:41515|client:localhost:39119|dataStream:localhost:41703|priority:0|startupRole:FOLLOWER, s2|rpc:localhost:35167|admin:localhost:44965|client:localhost:40979|dataStream:localhost:34151|priority:0|startupRole:FOLLOWER]
2022-09-20 10:11:47,868 [Time-limited test] INFO  impl.MiniRaftCluster (MiniRaftCluster.java:start(339)) - .............................................................. 
2022-09-20 10:11:47,868 [Time-limited test] INFO  impl.MiniRaftCluster (MiniRaftCluster.java:start(340)) - ... 
2022-09-20 10:11:47,868 [Time-limited test] INFO  impl.MiniRaftCluster (MiniRaftCluster.java:start(341)) - ...     Starting MiniRaftClusterWithGrpc
2022-09-20 10:11:47,868 [Time-limited test] INFO  impl.MiniRaftCluster (MiniRaftCluster.java:start(342)) - ... 
2022-09-20 10:11:47,868 [Time-limited test] INFO  impl.MiniRaftCluster (MiniRaftCluster.java:start(343)) - .............................................................. 
2022-09-20 10:11:47,868 [Time-limited test] INFO  impl.MiniRaftCluster (MiniRaftCluster.java:initServers(318)) - servers = {}
2022-09-20 10:11:47,868 [Time-limited test] INFO  impl.MiniRaftCluster (MiniRaftCluster.java:newRaftServer(382)) - newRaftServer: s0, group-469FBF65F7A7:[s0|rpc:localhost:39281|admin:localhost:38455|client:localhost:36053|dataStream:localhost:45769|priority:0|startupRole:FOLLOWER, s1|rpc:localhost:46849|admin:localhost:41515|client:localhost:39119|dataStream:localhost:41703|priority:0|startupRole:FOLLOWER, s2|rpc:localhost:35167|admin:localhost:44965|client:localhost:40979|dataStream:localhost:34151|priority:0|startupRole:FOLLOWER], format? true
2022-09-20 10:11:47,868 [Time-limited test] TRACE util.FileUtils (FileUtils.java:deleteFully(168)) - deleteFully target/test/data/4b3f0585/MiniRaftClusterWithGrpc541392cf/s0
2022-09-20 10:11:47,868 [Time-limited test] TRACE util.FileUtils (FileUtils.java:deleteFully(184)) - deleteFully: target/test/data/4b3f0585/MiniRaftClusterWithGrpc541392cf/s0 does not exist.
2022-09-20 10:11:47,869 [Time-limited test] INFO  impl.MiniRaftCluster (MiniRaftCluster.java:newRaftServer(387)) - Formatted directory target/test/data/4b3f0585/MiniRaftClusterWithGrpc541392cf/s0
2022-09-20 10:11:47,869 [Time-limited test] INFO  server.RaftServer (ConfUtils.java:logGet(46)) - raft.rpc.type = GRPC (default)
2022-09-20 10:11:47,869 [Time-limited test] INFO  grpc.GrpcConfigKeys (ConfUtils.java:logFallback(53)) - raft.grpc.admin.host = null (fallback to raft.grpc.server.host)
2022-09-20 10:11:47,870 [Time-limited test] INFO  grpc.GrpcConfigKeys (ConfUtils.java:logGet(46)) - raft.grpc.admin.port = 38455 (custom)
2022-09-20 10:11:47,870 [Time-limited test] INFO  grpc.GrpcConfigKeys (ConfUtils.java:logFallback(53)) - raft.grpc.client.host = null (fallback to raft.grpc.server.host)
2022-09-20 10:11:47,870 [Time-limited test] INFO  grpc.GrpcConfigKeys (ConfUtils.java:logGet(46)) - raft.grpc.client.port = 36053 (custom)
2022-09-20 10:11:47,870 [Time-limited test] INFO  grpc.GrpcConfigKeys (ConfUtils.java:logGet(46)) - raft.grpc.server.host = null (default)
2022-09-20 10:11:47,871 [Time-limited test] INFO  grpc.GrpcConfigKeys (ConfUtils.java:logGet(46)) - raft.grpc.server.port = 39281 (custom)
2022-09-20 10:11:47,871 [Time-limited test] INFO  server.GrpcService (ConfUtils.java:logGet(46)) - raft.grpc.message.size.max = 64MB (=67108864) (default)
2022-09-20 10:11:47,871 [Time-limited test] INFO  server.RaftServerConfigKeys (ConfUtils.java:logGet(46)) - raft.server.log.appender.buffer.byte-limit = 4MB (=4194304) (default)
2022-09-20 10:11:47,871 [Time-limited test] INFO  server.GrpcService (ConfUtils.java:logGet(46)) - raft.grpc.flow.control.window = 1MB (=1048576) (default)
2022-09-20 10:11:47,871 [Time-limited test] INFO  server.RaftServerConfigKeys (ConfUtils.java:logGet(46)) - raft.server.rpc.request.timeout = 3000ms (default)
2022-09-20 10:11:47,871 [Time-limited test] INFO  grpc.GrpcConfigKeys (ConfUtils.java:logGet(46)) - raft.grpc.server.heartbeat.channel = true (default)
2022-09-20 10:11:47,871 [Time-limited test] INFO  grpc.GrpcConfigKeys (ConfUtils.java:logGet(46)) - raft.grpc.server.async.request.thread.pool.cached = true (default)
2022-09-20 10:11:47,871 [Time-limited test] INFO  grpc.GrpcConfigKeys (ConfUtils.java:logGet(46)) - raft.grpc.server.async.request.thread.pool.size = 32 (default)
2022-09-20 10:11:47,872 [Time-limited test] INFO  impl.DataStreamServerImpl (ConfUtils.java:logGet(46)) - raft.datastream.type = DISABLED (default)
2022-09-20 10:11:47,873 [Time-limited test] INFO  server.RaftServerConfigKeys (ConfUtils.java:logGet(46)) - raft.server.threadpool.proxy.cached = true (default)
2022-09-20 10:11:47,873 [Time-limited test] INFO  server.RaftServerConfigKeys (ConfUtils.java:logGet(46)) - raft.server.threadpool.proxy.size = 0 (default)
2022-09-20 10:11:47,873 [Time-limited test] INFO  server.RaftServerConfigKeys (ConfUtils.java:logGet(46)) - raft.server.rpc.slowness.timeout = 60s (default)
2022-09-20 10:11:47,873 [Time-limited test] INFO  server.RaftServerConfigKeys (ConfUtils.java:logGet(46)) - raft.server.leaderelection.leader.step-down.wait-time = 10s (default)
2022-09-20 10:11:47,873 [Time-limited test] INFO  server.RaftServerConfigKeys (ConfUtils.java:logGet(46)) - raft.server.storage.dir = [/home/runner/work/ratis/ratis/ratis-test/target/test/data/4b3f0585/MiniRaftClusterWithGrpc541392cf/s0] (custom)
2022-09-20 10:11:47,874 [Time-limited test] INFO  server.RaftServer (RaftServerProxy.java:addNew(99)) - s0: addNew group-469FBF65F7A7:[s0|rpc:localhost:39281|admin:localhost:38455|client:localhost:36053|dataStream:localhost:45769|priority:0|startupRole:FOLLOWER, s1|rpc:localhost:46849|admin:localhost:41515|client:localhost:39119|dataStream:localhost:41703|priority:0|startupRole:FOLLOWER, s2|rpc:localhost:35167|admin:localhost:44965|client:localhost:40979|dataStream:localhost:34151|priority:0|startupRole:FOLLOWER] returns group-469FBF65F7A7:java.util.concurrent.CompletableFuture@db76a26[Not completed]
2022-09-20 10:11:47,874 [Time-limited test] INFO  impl.MiniRaftCluster (MiniRaftCluster.java:newRaftServer(382)) - newRaftServer: s1, group-469FBF65F7A7:[s0|rpc:localhost:39281|admin:localhost:38455|client:localhost:36053|dataStream:localhost:45769|priority:0|startupRole:FOLLOWER, s1|rpc:localhost:46849|admin:localhost:41515|client:localhost:39119|dataStream:localhost:41703|priority:0|startupRole:FOLLOWER, s2|rpc:localhost:35167|admin:localhost:44965|client:localhost:40979|dataStream:localhost:34151|priority:0|startupRole:FOLLOWER], format? true
2022-09-20 10:11:47,874 [Time-limited test] TRACE util.FileUtils (FileUtils.java:deleteFully(168)) - deleteFully target/test/data/4b3f0585/MiniRaftClusterWithGrpc541392cf/s1
2022-09-20 10:11:47,874 [Time-limited test] TRACE util.FileUtils (FileUtils.java:deleteFully(184)) - deleteFully: target/test/data/4b3f0585/MiniRaftClusterWithGrpc541392cf/s1 does not exist.
2022-09-20 10:11:47,874 [Time-limited test] INFO  impl.MiniRaftCluster (MiniRaftCluster.java:newRaftServer(387)) - Formatted directory target/test/data/4b3f0585/MiniRaftClusterWithGrpc541392cf/s1
2022-09-20 10:11:47,874 [Time-limited test] INFO  server.RaftServer (ConfUtils.java:logGet(46)) - raft.rpc.type = GRPC (default)
2022-09-20 10:11:47,874 [Time-limited test] INFO  grpc.GrpcConfigKeys (ConfUtils.java:logFallback(53)) - raft.grpc.admin.host = null (fallback to raft.grpc.server.host)
2022-09-20 10:11:47,874 [Time-limited test] INFO  grpc.GrpcConfigKeys (ConfUtils.java:logGet(46)) - raft.grpc.admin.port = 41515 (custom)
2022-09-20 10:11:47,874 [Time-limited test] INFO  grpc.GrpcConfigKeys (ConfUtils.java:logFallback(53)) - raft.grpc.client.host = null (fallback to raft.grpc.server.host)
2022-09-20 10:11:47,874 [Time-limited test] INFO  grpc.GrpcConfigKeys (ConfUtils.java:logGet(46)) - raft.grpc.client.port = 39119 (custom)
2022-09-20 10:11:47,874 [Time-limited test] INFO  grpc.GrpcConfigKeys (ConfUtils.java:logGet(46)) - raft.grpc.server.host = null (default)
2022-09-20 10:11:47,874 [Time-limited test] INFO  grpc.GrpcConfigKeys (ConfUtils.java:logGet(46)) - raft.grpc.server.port = 46849 (custom)
2022-09-20 10:11:47,875 [Time-limited test] INFO  server.GrpcService (ConfUtils.java:logGet(46)) - raft.grpc.message.size.max = 64MB (=67108864) (default)
2022-09-20 10:11:47,875 [Time-limited test] INFO  server.RaftServerConfigKeys (ConfUtils.java:logGet(46)) - raft.server.log.appender.buffer.byte-limit = 4MB (=4194304) (default)
2022-09-20 10:11:47,875 [Time-limited test] INFO  server.GrpcService (ConfUtils.java:logGet(46)) - raft.grpc.flow.control.window = 1MB (=1048576) (default)
2022-09-20 10:11:47,875 [Time-limited test] INFO  server.RaftServerConfigKeys (ConfUtils.java:logGet(46)) - raft.server.rpc.request.timeout = 3000ms (default)
2022-09-20 10:11:47,875 [Time-limited test] INFO  grpc.GrpcConfigKeys (ConfUtils.java:logGet(46)) - raft.grpc.server.heartbeat.channel = true (default)
2022-09-20 10:11:47,875 [Time-limited test] INFO  grpc.GrpcConfigKeys (ConfUtils.java:logGet(46)) - raft.grpc.server.async.request.thread.pool.cached = true (default)
2022-09-20 10:11:47,875 [Time-limited test] INFO  grpc.GrpcConfigKeys (ConfUtils.java:logGet(46)) - raft.grpc.server.async.request.thread.pool.size = 32 (default)
2022-09-20 10:11:47,876 [Time-limited test] INFO  impl.DataStreamServerImpl (ConfUtils.java:logGet(46)) - raft.datastream.type = DISABLED (default)
2022-09-20 10:11:47,876 [Time-limited test] INFO  server.RaftServerConfigKeys (ConfUtils.java:logGet(46)) - raft.server.threadpool.proxy.cached = true (default)
2022-09-20 10:11:47,876 [Time-limited test] INFO  server.RaftServerConfigKeys (ConfUtils.java:logGet(46)) - raft.server.threadpool.proxy.size = 0 (default)
2022-09-20 10:11:47,876 [Time-limited test] INFO  server.RaftServerConfigKeys (ConfUtils.java:logGet(46)) - raft.server.rpc.slowness.timeout = 60s (default)
2022-09-20 10:11:47,876 [Time-limited test] INFO  server.RaftServerConfigKeys (ConfUtils.java:logGet(46)) - raft.server.leaderelection.leader.step-down.wait-time = 10s (default)
2022-09-20 10:11:47,876 [Time-limited test] INFO  server.RaftServerConfigKeys (ConfUtils.java:logGet(46)) - raft.server.storage.dir = [/home/runner/work/ratis/ratis/ratis-test/target/test/data/4b3f0585/MiniRaftClusterWithGrpc541392cf/s1] (custom)
2022-09-20 10:11:47,877 [pool-27-thread-1] INFO  server.RaftServerConfigKeys (ConfUtils.java:logGet(46)) - raft.server.log.segment.size.max = 8MB (=8388608) (default)
2022-09-20 10:11:47,877 [pool-27-thread-1] INFO  server.RaftServerConfigKeys (ConfUtils.java:logGet(46)) - raft.server.log.preallocated.size = 4MB (=4194304) (default)
2022-09-20 10:11:47,877 [pool-27-thread-1] INFO  server.RaftServerConfigKeys (ConfUtils.java:logGet(46)) - raft.server.log.write.buffer.size = 64KB (=65536) (default)
2022-09-20 10:11:47,877 [pool-27-thread-1] INFO  server.RaftServer$Division (RaftServerImpl.java:<init>(196)) - s0: new RaftServerImpl for group-469FBF65F7A7:[s0|rpc:localhost:39281|admin:localhost:38455|client:localhost:36053|dataStream:localhost:45769|priority:0|startupRole:FOLLOWER, s1|rpc:localhost:46849|admin:localhost:41515|client:localhost:39119|dataStream:localhost:41703|priority:0|startupRole:FOLLOWER, s2|rpc:localhost:35167|admin:localhost:44965|client:localhost:40979|dataStream:localhost:34151|priority:0|startupRole:FOLLOWER] with StateMachine4InstallSnapshotNotificationTests:uninitialized
2022-09-20 10:11:47,877 [pool-27-thread-1] INFO  server.RaftServerConfigKeys (ConfUtils.java:logGet(46)) - raft.server.rpc.timeout.min = 150ms (default)
2022-09-20 10:11:47,877 [pool-27-thread-1] INFO  server.RaftServerConfigKeys (ConfUtils.java:logGet(46)) - raft.server.rpc.timeout.max = 300ms (default)
2022-09-20 10:11:47,877 [pool-27-thread-1] INFO  server.RaftServerConfigKeys (ConfUtils.java:logGet(46)) - raft.server.rpc.sleep.time = 25ms (default)
2022-09-20 10:11:47,877 [pool-27-thread-1] INFO  server.RaftServerConfigKeys (ConfUtils.java:logGet(46)) - raft.server.rpc.slowness.timeout = 60s (default)
2022-09-20 10:11:47,878 [pool-27-thread-1] INFO  server.RaftServerConfigKeys (ConfUtils.java:logGet(46)) - raft.server.leaderelection.leader.step-down.wait-time = 10s (default)
2022-09-20 10:11:47,878 [pool-27-thread-1] INFO  server.RaftServerConfigKeys (ConfUtils.java:logGet(46)) - raft.server.sleep.deviation.threshold = 300ms (default)
2022-09-20 10:11:47,878 [pool-27-thread-1] INFO  server.RaftServer$Division (ServerState.java:<init>(113)) - s0@group-469FBF65F7A7: ConfigurationManager, init=-1: peers:[s0|rpc:localhost:39281|admin:localhost:38455|client:localhost:36053|dataStream:localhost:45769|priority:0|startupRole:FOLLOWER, s1|rpc:localhost:46849|admin:localhost:41515|client:localhost:39119|dataStream:localhost:41703|priority:0|startupRole:FOLLOWER, s2|rpc:localhost:35167|admin:localhost:44965|client:localhost:40979|dataStream:localhost:34151|priority:0|startupRole:FOLLOWER]|listeners:[], old=null, confs=<EMPTY_MAP>
2022-09-20 10:11:47,878 [pool-27-thread-1] INFO  server.RaftServerConfigKeys (ConfUtils.java:logGet(46)) - raft.server.notification.no-leader.timeout = 60s (default)
2022-09-20 10:11:47,878 [pool-27-thread-1] INFO  server.RaftServerConfigKeys (ConfUtils.java:logGet(46)) - raft.server.read.timeout = 10s (default)
2022-09-20 10:11:47,878 [pool-27-thread-1] INFO  server.RaftServerConfigKeys (ConfUtils.java:logGet(46)) - raft.server.retrycache.expirytime = 60s (default)
2022-09-20 10:11:47,878 [pool-27-thread-1] INFO  server.RaftServerConfigKeys (ConfUtils.java:logGet(46)) - raft.server.retrycache.statistics.expirytime = 100μs (default)
2022-09-20 10:11:47,878 [pool-27-thread-1] INFO  server.RaftServerConfigKeys (ConfUtils.java:logGet(46)) - raft.server.read.option = DEFAULT (default)
2022-09-20 10:11:47,881 [pool-27-thread-1] INFO  server.RaftServerConfigKeys (ConfUtils.java:logGet(46)) - raft.server.log.appender.install.snapshot.enabled = false (custom)
2022-09-20 10:11:47,881 [pool-27-thread-1] INFO  server.RaftServerConfigKeys (ConfUtils.java:logGet(46)) - raft.server.threadpool.server.cached = true (default)
2022-09-20 10:11:47,881 [pool-27-thread-1] INFO  server.RaftServerConfigKeys (ConfUtils.java:logGet(46)) - raft.server.threadpool.server.size = 0 (default)
2022-09-20 10:11:47,881 [pool-27-thread-1] INFO  server.RaftServerConfigKeys (ConfUtils.java:logGet(46)) - raft.server.threadpool.client.cached = true (default)
2022-09-20 10:11:47,881 [pool-27-thread-1] INFO  server.RaftServerConfigKeys (ConfUtils.java:logGet(46)) - raft.server.threadpool.client.size = 0 (default)
2022-09-20 10:11:47,882 [Time-limited test] INFO  server.RaftServer (RaftServerProxy.java:addNew(99)) - s1: addNew group-469FBF65F7A7:[s0|rpc:localhost:39281|admin:localhost:38455|client:localhost:36053|dataStream:localhost:45769|priority:0|startupRole:FOLLOWER, s1|rpc:localhost:46849|admin:localhost:41515|client:localhost:39119|dataStream:localhost:41703|priority:0|startupRole:FOLLOWER, s2|rpc:localhost:35167|admin:localhost:44965|client:localhost:40979|dataStream:localhost:34151|priority:0|startupRole:FOLLOWER] returns group-469FBF65F7A7:java.util.concurrent.CompletableFuture@5bc8226c[Not completed]
2022-09-20 10:11:47,882 [Time-limited test] INFO  impl.MiniRaftCluster (MiniRaftCluster.java:newRaftServer(382)) - newRaftServer: s2, group-469FBF65F7A7:[s0|rpc:localhost:39281|admin:localhost:38455|client:localhost:36053|dataStream:localhost:45769|priority:0|startupRole:FOLLOWER, s1|rpc:localhost:46849|admin:localhost:41515|client:localhost:39119|dataStream:localhost:41703|priority:0|startupRole:FOLLOWER, s2|rpc:localhost:35167|admin:localhost:44965|client:localhost:40979|dataStream:localhost:34151|priority:0|startupRole:FOLLOWER], format? true
2022-09-20 10:11:47,882 [Time-limited test] TRACE util.FileUtils (FileUtils.java:deleteFully(168)) - deleteFully target/test/data/4b3f0585/MiniRaftClusterWithGrpc541392cf/s2
2022-09-20 10:11:47,882 [Time-limited test] TRACE util.FileUtils (FileUtils.java:deleteFully(184)) - deleteFully: target/test/data/4b3f0585/MiniRaftClusterWithGrpc541392cf/s2 does not exist.
2022-09-20 10:11:47,882 [Time-limited test] INFO  impl.MiniRaftCluster (MiniRaftCluster.java:newRaftServer(387)) - Formatted directory target/test/data/4b3f0585/MiniRaftClusterWithGrpc541392cf/s2
2022-09-20 10:11:47,882 [Time-limited test] INFO  server.RaftServer (ConfUtils.java:logGet(46)) - raft.rpc.type = GRPC (default)
2022-09-20 10:11:47,882 [Time-limited test] INFO  grpc.GrpcConfigKeys (ConfUtils.java:logFallback(53)) - raft.grpc.admin.host = null (fallback to raft.grpc.server.host)
2022-09-20 10:11:47,882 [Time-limited test] INFO  grpc.GrpcConfigKeys (ConfUtils.java:logGet(46)) - raft.grpc.admin.port = 44965 (custom)
2022-09-20 10:11:47,882 [Time-limited test] INFO  grpc.GrpcConfigKeys (ConfUtils.java:logFallback(53)) - raft.grpc.client.host = null (fallback to raft.grpc.server.host)
2022-09-20 10:11:47,882 [Time-limited test] INFO  grpc.GrpcConfigKeys (ConfUtils.java:logGet(46)) - raft.grpc.client.port = 40979 (custom)
2022-09-20 10:11:47,882 [Time-limited test] INFO  grpc.GrpcConfigKeys (ConfUtils.java:logGet(46)) - raft.grpc.server.host = null (default)
2022-09-20 10:11:47,882 [Time-limited test] INFO  grpc.GrpcConfigKeys (ConfUtils.java:logGet(46)) - raft.grpc.server.port = 35167 (custom)
2022-09-20 10:11:47,882 [Time-limited test] INFO  server.GrpcService (ConfUtils.java:logGet(46)) - raft.grpc.message.size.max = 64MB (=67108864) (default)
2022-09-20 10:11:47,882 [Time-limited test] INFO  server.RaftServerConfigKeys (ConfUtils.java:logGet(46)) - raft.server.log.appender.buffer.byte-limit = 4MB (=4194304) (default)
2022-09-20 10:11:47,882 [Time-limited test] INFO  server.GrpcService (ConfUtils.java:logGet(46)) - raft.grpc.flow.control.window = 1MB (=1048576) (default)
2022-09-20 10:11:47,882 [Time-limited test] INFO  server.RaftServerConfigKeys (ConfUtils.java:logGet(46)) - raft.server.rpc.request.timeout = 3000ms (default)
2022-09-20 10:11:47,882 [Time-limited test] INFO  grpc.GrpcConfigKeys (ConfUtils.java:logGet(46)) - raft.grpc.server.heartbeat.channel = true (default)
2022-09-20 10:11:47,883 [Time-limited test] INFO  grpc.GrpcConfigKeys (ConfUtils.java:logGet(46)) - raft.grpc.server.async.request.thread.pool.cached = true (default)
2022-09-20 10:11:47,883 [Time-limited test] INFO  grpc.GrpcConfigKeys (ConfUtils.java:logGet(46)) - raft.grpc.server.async.request.thread.pool.size = 32 (default)
2022-09-20 10:11:47,883 [Time-limited test] INFO  impl.DataStreamServerImpl (ConfUtils.java:logGet(46)) - raft.datastream.type = DISABLED (default)
2022-09-20 10:11:47,884 [Time-limited test] INFO  server.RaftServerConfigKeys (ConfUtils.java:logGet(46)) - raft.server.threadpool.proxy.cached = true (default)
2022-09-20 10:11:47,884 [Time-limited test] INFO  server.RaftServerConfigKeys (ConfUtils.java:logGet(46)) - raft.server.threadpool.proxy.size = 0 (default)
2022-09-20 10:11:47,884 [Time-limited test] INFO  server.RaftServerConfigKeys (ConfUtils.java:logGet(46)) - raft.server.rpc.slowness.timeout = 60s (default)
2022-09-20 10:11:47,884 [Time-limited test] INFO  server.RaftServerConfigKeys (ConfUtils.java:logGet(46)) - raft.server.leaderelection.leader.step-down.wait-time = 10s (default)
2022-09-20 10:11:47,884 [Time-limited test] INFO  server.RaftServerConfigKeys (ConfUtils.java:logGet(46)) - raft.server.storage.dir = [/home/runner/work/ratis/ratis/ratis-test/target/test/data/4b3f0585/MiniRaftClusterWithGrpc541392cf/s2] (custom)
2022-09-20 10:11:47,885 [pool-28-thread-1] INFO  server.RaftServerConfigKeys (ConfUtils.java:logGet(46)) - raft.server.log.segment.size.max = 8MB (=8388608) (default)
2022-09-20 10:11:47,885 [pool-28-thread-1] INFO  server.RaftServerConfigKeys (ConfUtils.java:logGet(46)) - raft.server.log.preallocated.size = 4MB (=4194304) (default)
2022-09-20 10:11:47,885 [pool-28-thread-1] INFO  server.RaftServerConfigKeys (ConfUtils.java:logGet(46)) - raft.server.log.write.buffer.size = 64KB (=65536) (default)
2022-09-20 10:11:47,885 [pool-28-thread-1] INFO  server.RaftServer$Division (RaftServerImpl.java:<init>(196)) - s1: new RaftServerImpl for group-469FBF65F7A7:[s0|rpc:localhost:39281|admin:localhost:38455|client:localhost:36053|dataStream:localhost:45769|priority:0|startupRole:FOLLOWER, s1|rpc:localhost:46849|admin:localhost:41515|client:localhost:39119|dataStream:localhost:41703|priority:0|startupRole:FOLLOWER, s2|rpc:localhost:35167|admin:localhost:44965|client:localhost:40979|dataStream:localhost:34151|priority:0|startupRole:FOLLOWER] with StateMachine4InstallSnapshotNotificationTests:uninitialized
2022-09-20 10:11:47,885 [pool-28-thread-1] INFO  server.RaftServerConfigKeys (ConfUtils.java:logGet(46)) - raft.server.rpc.timeout.min = 150ms (default)
2022-09-20 10:11:47,885 [pool-28-thread-1] INFO  server.RaftServerConfigKeys (ConfUtils.java:logGet(46)) - raft.server.rpc.timeout.max = 300ms (default)
2022-09-20 10:11:47,886 [pool-28-thread-1] INFO  server.RaftServerConfigKeys (ConfUtils.java:logGet(46)) - raft.server.rpc.sleep.time = 25ms (default)
2022-09-20 10:11:47,886 [pool-28-thread-1] INFO  server.RaftServerConfigKeys (ConfUtils.java:logGet(46)) - raft.server.rpc.slowness.timeout = 60s (default)
2022-09-20 10:11:47,886 [pool-28-thread-1] INFO  server.RaftServerConfigKeys (ConfUtils.java:logGet(46)) - raft.server.leaderelection.leader.step-down.wait-time = 10s (default)
2022-09-20 10:11:47,886 [pool-28-thread-1] INFO  server.RaftServerConfigKeys (ConfUtils.java:logGet(46)) - raft.server.sleep.deviation.threshold = 300ms (default)
2022-09-20 10:11:47,886 [pool-28-thread-1] INFO  server.RaftServer$Division (ServerState.java:<init>(113)) - s1@group-469FBF65F7A7: ConfigurationManager, init=-1: peers:[s0|rpc:localhost:39281|admin:localhost:38455|client:localhost:36053|dataStream:localhost:45769|priority:0|startupRole:FOLLOWER, s1|rpc:localhost:46849|admin:localhost:41515|client:localhost:39119|dataStream:localhost:41703|priority:0|startupRole:FOLLOWER, s2|rpc:localhost:35167|admin:localhost:44965|client:localhost:40979|dataStream:localhost:34151|priority:0|startupRole:FOLLOWER]|listeners:[], old=null, confs=<EMPTY_MAP>
2022-09-20 10:11:47,886 [pool-28-thread-1] INFO  server.RaftServerConfigKeys (ConfUtils.java:logGet(46)) - raft.server.notification.no-leader.timeout = 60s (default)
2022-09-20 10:11:47,887 [pool-28-thread-1] INFO  server.RaftServerConfigKeys (ConfUtils.java:logGet(46)) - raft.server.read.timeout = 10s (default)
2022-09-20 10:11:47,887 [pool-28-thread-1] INFO  server.RaftServerConfigKeys (ConfUtils.java:logGet(46)) - raft.server.retrycache.expirytime = 60s (default)
2022-09-20 10:11:47,887 [pool-28-thread-1] INFO  server.RaftServerConfigKeys (ConfUtils.java:logGet(46)) - raft.server.retrycache.statistics.expirytime = 100μs (default)
2022-09-20 10:11:47,887 [pool-28-thread-1] INFO  server.RaftServerConfigKeys (ConfUtils.java:logGet(46)) - raft.server.read.option = DEFAULT (default)
2022-09-20 10:11:47,888 [pool-28-thread-1] INFO  server.RaftServerConfigKeys (ConfUtils.java:logGet(46)) - raft.server.log.appender.install.snapshot.enabled = false (custom)
2022-09-20 10:11:47,888 [pool-28-thread-1] INFO  server.RaftServerConfigKeys (ConfUtils.java:logGet(46)) - raft.server.threadpool.server.cached = true (default)
2022-09-20 10:11:47,888 [pool-28-thread-1] INFO  server.RaftServerConfigKeys (ConfUtils.java:logGet(46)) - raft.server.threadpool.server.size = 0 (default)
2022-09-20 10:11:47,888 [pool-28-thread-1] INFO  server.RaftServerConfigKeys (ConfUtils.java:logGet(46)) - raft.server.threadpool.client.cached = true (default)
2022-09-20 10:11:47,888 [pool-28-thread-1] INFO  server.RaftServerConfigKeys (ConfUtils.java:logGet(46)) - raft.server.threadpool.client.size = 0 (default)
2022-09-20 10:11:47,888 [Time-limited test] INFO  server.RaftServer (RaftServerProxy.java:addNew(99)) - s2: addNew group-469FBF65F7A7:[s0|rpc:localhost:39281|admin:localhost:38455|client:localhost:36053|dataStream:localhost:45769|priority:0|startupRole:FOLLOWER, s1|rpc:localhost:46849|admin:localhost:41515|client:localhost:39119|dataStream:localhost:41703|priority:0|startupRole:FOLLOWER, s2|rpc:localhost:35167|admin:localhost:44965|client:localhost:40979|dataStream:localhost:34151|priority:0|startupRole:FOLLOWER] returns group-469FBF65F7A7:java.util.concurrent.CompletableFuture@5a0d7882[Not completed]
2022-09-20 10:11:47,889 [s0-impl-thread1] INFO  server.RaftServerConfigKeys (ConfUtils.java:logGet(46)) - raft.server.storage.free-space.min = 0MB (=0) (default)
2022-09-20 10:11:47,889 [s0-impl-thread1] INFO  server.RaftServerConfigKeys (ConfUtils.java:logGet(46)) - raft.server.log.corruption.policy = EXCEPTION (default)
2022-09-20 10:11:47,889 [s0-impl-thread1] INFO  server.RaftServerConfigKeys (ConfUtils.java:logGet(46)) - raft.server.storage.dir = [/home/runner/work/ratis/ratis/ratis-test/target/test/data/4b3f0585/MiniRaftClusterWithGrpc541392cf/s0] (custom)
2022-09-20 10:11:47,889 [s0-impl-thread1] INFO  storage.RaftStorageDirectory (RaftStorageDirectoryImpl.java:analyzeStorage(138)) - The storage directory /home/runner/work/ratis/ratis/ratis-test/target/test/data/4b3f0585/MiniRaftClusterWithGrpc541392cf/s0/3ca58a08-2b71-4ba6-8289-469fbf65f7a7 does not exist. Creating ...
2022-09-20 10:11:47,889 [s0-impl-thread1] TRACE util.FileUtils (LogUtils.java:runAndLog(49)) - Successfully ran Files.createDirectories /home/runner/work/ratis/ratis/ratis-test/target/test/data/4b3f0585/MiniRaftClusterWithGrpc541392cf/s0/3ca58a08-2b71-4ba6-8289-469fbf65f7a7
2022-09-20 10:11:47,890 [pool-30-thread-1] INFO  server.RaftServerConfigKeys (ConfUtils.java:logGet(46)) - raft.server.log.segment.size.max = 8MB (=8388608) (default)
2022-09-20 10:11:47,890 [pool-30-thread-1] INFO  server.RaftServerConfigKeys (ConfUtils.java:logGet(46)) - raft.server.log.preallocated.size = 4MB (=4194304) (default)
2022-09-20 10:11:47,890 [s0-impl-thread1] INFO  storage.RaftStorageDirectory (RaftStorageDirectoryImpl.java:tryLock(232)) - Lock on /home/runner/work/ratis/ratis/ratis-test/target/test/data/4b3f0585/MiniRaftClusterWithGrpc541392cf/s0/3ca58a08-2b71-4ba6-8289-469fbf65f7a7/in_use.lock acquired by nodename 13592@fv-az154-912
2022-09-20 10:11:47,890 [s0-impl-thread1] TRACE util.FileUtils (LogUtils.java:runAndLog(49)) - Successfully ran Files.createDirectories /home/runner/work/ratis/ratis/ratis-test/target/test/data/4b3f0585/MiniRaftClusterWithGrpc541392cf/s0/3ca58a08-2b71-4ba6-8289-469fbf65f7a7/current
2022-09-20 10:11:47,891 [s0-impl-thread1] TRACE util.FileUtils (LogUtils.java:runAndLog(49)) - Successfully ran Files.createDirectories /home/runner/work/ratis/ratis/ratis-test/target/test/data/4b3f0585/MiniRaftClusterWithGrpc541392cf/s0/3ca58a08-2b71-4ba6-8289-469fbf65f7a7/sm
2022-09-20 10:11:47,891 [pool-30-thread-1] INFO  server.RaftServerConfigKeys (ConfUtils.java:logGet(46)) - raft.server.log.write.buffer.size = 64KB (=65536) (default)
2022-09-20 10:11:47,891 [pool-30-thread-1] INFO  server.RaftServer$Division (RaftServerImpl.java:<init>(196)) - s2: new RaftServerImpl for group-469FBF65F7A7:[s0|rpc:localhost:39281|admin:localhost:38455|client:localhost:36053|dataStream:localhost:45769|priority:0|startupRole:FOLLOWER, s1|rpc:localhost:46849|admin:localhost:41515|client:localhost:39119|dataStream:localhost:41703|priority:0|startupRole:FOLLOWER, s2|rpc:localhost:35167|admin:localhost:44965|client:localhost:40979|dataStream:localhost:34151|priority:0|startupRole:FOLLOWER] with StateMachine4InstallSnapshotNotificationTests:uninitialized
2022-09-20 10:11:47,891 [pool-30-thread-1] INFO  server.RaftServerConfigKeys (ConfUtils.java:logGet(46)) - raft.server.rpc.timeout.min = 150ms (default)
2022-09-20 10:11:47,892 [pool-30-thread-1] INFO  server.RaftServerConfigKeys (ConfUtils.java:logGet(46)) - raft.server.rpc.timeout.max = 300ms (default)
2022-09-20 10:11:47,892 [s0-impl-thread1] INFO  storage.RaftStorage (RaftStorageImpl.java:format(96)) - Storage directory /home/runner/work/ratis/ratis/ratis-test/target/test/data/4b3f0585/MiniRaftClusterWithGrpc541392cf/s0/3ca58a08-2b71-4ba6-8289-469fbf65f7a7 has been successfully formatted.
2022-09-20 10:11:47,892 [s0-impl-thread1] INFO  statemachine.SimpleStateMachine4Testing (SimpleStateMachine4Testing.java:initialize(212)) - Initializing StateMachine4InstallSnapshotNotificationTests:uninitialized
2022-09-20 10:11:47,892 [s0-impl-thread1] INFO  statemachine.SimpleStateMachine4Testing (SimpleStateMachine4Testing.java:loadSnapshot(306)) - The snapshot file null does not exist
2022-09-20 10:11:47,892 [s0-impl-thread1] INFO  server.RaftServerConfigKeys (ConfUtils.java:logGet(46)) - raft.server.log.use.memory = false (default)
2022-09-20 10:11:47,892 [s0-impl-thread1] INFO  server.RaftServerConfigKeys (ConfUtils.java:logGet(46)) - raft.server.log.purge.gap = 8 (custom)
2022-09-20 10:11:47,892 [s0-impl-thread1] INFO  server.RaftServerConfigKeys (ConfUtils.java:logGet(46)) - raft.server.log.appender.buffer.byte-limit = 4MB (=4194304) (default)
2022-09-20 10:11:47,892 [s0-impl-thread1] INFO  server.RaftServerConfigKeys (ConfUtils.java:logGet(46)) - raft.server.log.statemachine.data.read.timeout = 1000ms (default)
2022-09-20 10:11:47,892 [s0-impl-thread1] INFO  server.RaftServerConfigKeys (ConfUtils.java:logGet(46)) - raft.server.log.purge.preservation.log.num = 0 (default)
2022-09-20 10:11:47,892 [s0-impl-thread1] INFO  server.RaftServerConfigKeys (ConfUtils.java:logGet(46)) - raft.server.log.segment.size.max = 1024 (custom)
2022-09-20 10:11:47,892 [s0-impl-thread1] INFO  server.RaftServerConfigKeys (ConfUtils.java:logGet(46)) - raft.server.log.segment.cache.num.max = 6 (default)
2022-09-20 10:11:47,892 [s0-impl-thread1] INFO  server.RaftServerConfigKeys (ConfUtils.java:logGet(46)) - raft.server.log.segment.cache.size.max = 200MB (=209715200) (default)
2022-09-20 10:11:47,892 [s0-impl-thread1] INFO  segmented.SegmentedRaftLogWorker (SegmentedRaftLogWorker.java:<init>(183)) - new s0@group-469FBF65F7A7-SegmentedRaftLogWorker for RaftStorageImpl:Storage Directory /home/runner/work/ratis/ratis/ratis-test/target/test/data/4b3f0585/MiniRaftClusterWithGrpc541392cf/s0/3ca58a08-2b71-4ba6-8289-469fbf65f7a7
2022-09-20 10:11:47,893 [s0-impl-thread1] INFO  server.RaftServerConfigKeys (ConfUtils.java:logGet(46)) - raft.server.log.queue.byte-limit = 64MB (=67108864) (default)
2022-09-20 10:11:47,893 [s0-impl-thread1] INFO  server.RaftServerConfigKeys (ConfUtils.java:logGet(46)) - raft.server.log.queue.element-limit = 4096 (default)
2022-09-20 10:11:47,893 [s0-impl-thread1] INFO  server.RaftServerConfigKeys (ConfUtils.java:logGet(46)) - raft.server.log.segment.size.max = 1024 (custom)
2022-09-20 10:11:47,893 [s0-impl-thread1] INFO  server.RaftServerConfigKeys (ConfUtils.java:logGet(46)) - raft.server.log.preallocated.size = 4MB (=4194304) (default)
2022-09-20 10:11:47,893 [s0-impl-thread1] INFO  server.RaftServerConfigKeys (ConfUtils.java:logGet(46)) - raft.server.log.force.sync.num = 128 (default)
2022-09-20 10:11:47,893 [s0-impl-thread1] INFO  server.RaftServerConfigKeys (ConfUtils.java:logGet(46)) - raft.server.log.statemachine.data.sync = true (default)
2022-09-20 10:11:47,893 [s0-impl-thread1] INFO  server.RaftServerConfigKeys (ConfUtils.java:logGet(46)) - raft.server.log.statemachine.data.sync.timeout = 10s (default)
2022-09-20 10:11:47,893 [s0-impl-thread1] INFO  server.RaftServerConfigKeys (ConfUtils.java:logGet(46)) - raft.server.log.statemachine.data.sync.timeout.retry = -1 (default)
2022-09-20 10:11:47,893 [s0-impl-thread1] INFO  server.RaftServerConfigKeys (ConfUtils.java:logGet(46)) - raft.server.log.write.buffer.size = 64KB (=65536) (default)
2022-09-20 10:11:47,893 [s0-impl-thread1] INFO  server.RaftServerConfigKeys (ConfUtils.java:logGet(46)) - raft.server.log.unsafe-flush.enabled = false (default)
2022-09-20 10:11:47,893 [s0-impl-thread1] INFO  server.RaftServerConfigKeys (ConfUtils.java:logGet(46)) - raft.server.log.async-flush.enabled = false (default)
2022-09-20 10:11:47,893 [s0-impl-thread1] INFO  server.RaftServerConfigKeys (ConfUtils.java:logGet(46)) - raft.server.log.statemachine.data.caching.enabled = false (default)
2022-09-20 10:11:47,893 [s0-impl-thread1] INFO  segmented.SegmentedRaftLogWorker (SegmentedRaftLogWorker.java:lambda$new$0(134)) - s0@group-469FBF65F7A7-SegmentedRaftLogWorker: flushIndex: setUnconditionally 0 -> -1
2022-09-20 10:11:47,893 [s0-impl-thread1] INFO  segmented.SegmentedRaftLogWorker (SegmentedRaftLogWorker.java:lambda$new$0(134)) - s0@group-469FBF65F7A7-SegmentedRaftLogWorker: safeCacheEvictIndex: setUnconditionally 0 -> -1
2022-09-20 10:11:47,893 [pool-30-thread-1] INFO  server.RaftServerConfigKeys (ConfUtils.java:logGet(46)) - raft.server.rpc.sleep.time = 25ms (default)
2022-09-20 10:11:47,893 [pool-30-thread-1] INFO  server.RaftServerConfigKeys (ConfUtils.java:logGet(46)) - raft.server.rpc.slowness.timeout = 60s (default)
2022-09-20 10:11:47,894 [pool-30-thread-1] INFO  server.RaftServerConfigKeys (ConfUtils.java:logGet(46)) - raft.server.leaderelection.leader.step-down.wait-time = 10s (default)
2022-09-20 10:11:47,894 [pool-30-thread-1] INFO  server.RaftServerConfigKeys (ConfUtils.java:logGet(46)) - raft.server.sleep.deviation.threshold = 300ms (default)
2022-09-20 10:11:47,894 [pool-30-thread-1] INFO  server.RaftServer$Division (ServerState.java:<init>(113)) - s2@group-469FBF65F7A7: ConfigurationManager, init=-1: peers:[s0|rpc:localhost:39281|admin:localhost:38455|client:localhost:36053|dataStream:localhost:45769|priority:0|startupRole:FOLLOWER, s1|rpc:localhost:46849|admin:localhost:41515|client:localhost:39119|dataStream:localhost:41703|priority:0|startupRole:FOLLOWER, s2|rpc:localhost:35167|admin:localhost:44965|client:localhost:40979|dataStream:localhost:34151|priority:0|startupRole:FOLLOWER]|listeners:[], old=null, confs=<EMPTY_MAP>
2022-09-20 10:11:47,894 [pool-30-thread-1] INFO  server.RaftServerConfigKeys (ConfUtils.java:logGet(46)) - raft.server.notification.no-leader.timeout = 60s (default)
2022-09-20 10:11:47,894 [pool-30-thread-1] INFO  server.RaftServerConfigKeys (ConfUtils.java:logGet(46)) - raft.server.read.timeout = 10s (default)
2022-09-20 10:11:47,894 [pool-30-thread-1] INFO  server.RaftServerConfigKeys (ConfUtils.java:logGet(46)) - raft.server.retrycache.expirytime = 60s (default)
2022-09-20 10:11:47,894 [pool-30-thread-1] INFO  server.RaftServerConfigKeys (ConfUtils.java:logGet(46)) - raft.server.retrycache.statistics.expirytime = 100μs (default)
2022-09-20 10:11:47,894 [pool-30-thread-1] INFO  server.RaftServerConfigKeys (ConfUtils.java:logGet(46)) - raft.server.read.option = DEFAULT (default)
2022-09-20 10:11:47,894 [pool-30-thread-1] INFO  server.RaftServerConfigKeys (ConfUtils.java:logGet(46)) - raft.server.log.appender.install.snapshot.enabled = false (custom)
2022-09-20 10:11:47,895 [pool-30-thread-1] INFO  server.RaftServerConfigKeys (ConfUtils.java:logGet(46)) - raft.server.threadpool.server.cached = true (default)
2022-09-20 10:11:47,895 [pool-30-thread-1] INFO  server.RaftServerConfigKeys (ConfUtils.java:logGet(46)) - raft.server.threadpool.server.size = 0 (default)
2022-09-20 10:11:47,895 [pool-30-thread-1] INFO  server.RaftServerConfigKeys (ConfUtils.java:logGet(46)) - raft.server.threadpool.client.cached = true (default)
2022-09-20 10:11:47,895 [pool-30-thread-1] INFO  server.RaftServerConfigKeys (ConfUtils.java:logGet(46)) - raft.server.threadpool.client.size = 0 (default)
2022-09-20 10:11:47,895 [s0-impl-thread1] INFO  server.RaftServer$Division (RaftServerImpl.java:start(330)) - s0@group-469FBF65F7A7: start as a follower, conf=-1: peers:[s0|rpc:localhost:39281|admin:localhost:38455|client:localhost:36053|dataStream:localhost:45769|priority:0|startupRole:FOLLOWER, s1|rpc:localhost:46849|admin:localhost:41515|client:localhost:39119|dataStream:localhost:41703|priority:0|startupRole:FOLLOWER, s2|rpc:localhost:35167|admin:localhost:44965|client:localhost:40979|dataStream:localhost:34151|priority:0|startupRole:FOLLOWER]|listeners:[], old=null
2022-09-20 10:11:47,895 [s0-impl-thread1] INFO  server.RaftServer$Division (RaftServerImpl.java:setRole(317)) - s0@group-469FBF65F7A7: changes role from      null to FOLLOWER at term 0 for startAsFollower
2022-09-20 10:11:47,895 [s0-impl-thread1] INFO  impl.RoleInfo (RoleInfo.java:updateAndGet(139)) - s0: start s0@group-469FBF65F7A7-FollowerState
2022-09-20 10:11:47,896 [s0-impl-thread1] INFO  util.JmxRegister (JmxRegister.java:tryRegister(44)) - Successfully registered JMX Bean with object name Ratis:service=RaftServer,group=group-469FBF65F7A7,id=s0
2022-09-20 10:11:47,896 [s0-impl-thread1] INFO  server.RaftServerConfigKeys (ConfUtils.java:logGet(46)) - raft.server.snapshot.auto.trigger.enabled = true (custom)
2022-09-20 10:11:47,896 [s0-impl-thread1] INFO  server.RaftServerConfigKeys (ConfUtils.java:logGet(46)) - raft.server.snapshot.auto.trigger.threshold = 64 (custom)
2022-09-20 10:11:47,896 [s0-impl-thread1] INFO  server.RaftServerConfigKeys (ConfUtils.java:logGet(46)) - raft.server.snapshot.retention.file.num = -1 (default)
2022-09-20 10:11:47,896 [s0-impl-thread1] INFO  server.RaftServerConfigKeys (ConfUtils.java:logGet(46)) - raft.server.log.purge.upto.snapshot.index = false (default)
2022-09-20 10:11:47,896 [s0@group-469FBF65F7A7-FollowerState] INFO  server.RaftServerConfigKeys (ConfUtils.java:logFallback(53)) - raft.server.rpc.first-election.timeout.min = 150ms (fallback to raft.server.rpc.timeout.min)
2022-09-20 10:11:47,896 [s0@group-469FBF65F7A7-FollowerState] INFO  server.RaftServerConfigKeys (ConfUtils.java:logFallback(53)) - raft.server.rpc.first-election.timeout.max = 300ms (fallback to raft.server.rpc.timeout.max)
2022-09-20 10:11:47,897 [Time-limited test] INFO  server.RaftServer (RaftServerProxy.java:startImpl(390)) - s0: start RPC server
2022-09-20 10:11:47,897 [Time-limited test] INFO  server.GrpcService (GrpcService.java:startImpl(310)) - s0: GrpcService started, listening on 36053
2022-09-20 10:11:47,898 [Time-limited test] INFO  server.GrpcService (GrpcService.java:startImpl(310)) - s0: GrpcService started, listening on 39281
2022-09-20 10:11:47,899 [Time-limited test] INFO  server.GrpcService (GrpcService.java:startImpl(310)) - s0: GrpcService started, listening on 38455
2022-09-20 10:11:47,904 [s1-impl-thread1] INFO  server.RaftServerConfigKeys (ConfUtils.java:logGet(46)) - raft.server.storage.free-space.min = 0MB (=0) (default)
2022-09-20 10:11:47,904 [s1-impl-thread1] INFO  server.RaftServerConfigKeys (ConfUtils.java:logGet(46)) - raft.server.log.corruption.policy = EXCEPTION (default)
2022-09-20 10:11:47,904 [s1-impl-thread1] INFO  server.RaftServerConfigKeys (ConfUtils.java:logGet(46)) - raft.server.storage.dir = [/home/runner/work/ratis/ratis/ratis-test/target/test/data/4b3f0585/MiniRaftClusterWithGrpc541392cf/s1] (custom)
2022-09-20 10:11:47,904 [s1-impl-thread1] INFO  storage.RaftStorageDirectory (RaftStorageDirectoryImpl.java:analyzeStorage(138)) - The storage directory /home/runner/work/ratis/ratis/ratis-test/target/test/data/4b3f0585/MiniRaftClusterWithGrpc541392cf/s1/3ca58a08-2b71-4ba6-8289-469fbf65f7a7 does not exist. Creating ...
2022-09-20 10:11:47,905 [s1-impl-thread1] TRACE util.FileUtils (LogUtils.java:runAndLog(49)) - Successfully ran Files.createDirectories /home/runner/work/ratis/ratis/ratis-test/target/test/data/4b3f0585/MiniRaftClusterWithGrpc541392cf/s1/3ca58a08-2b71-4ba6-8289-469fbf65f7a7
2022-09-20 10:11:47,909 [JvmPauseMonitor12] INFO  util.JvmPauseMonitor (JvmPauseMonitor.java:run(105)) - JvmPauseMonitor-s0: Started
2022-09-20 10:11:47,909 [s1-impl-thread1] INFO  storage.RaftStorageDirectory (RaftStorageDirectoryImpl.java:tryLock(232)) - Lock on /home/runner/work/ratis/ratis/ratis-test/target/test/data/4b3f0585/MiniRaftClusterWithGrpc541392cf/s1/3ca58a08-2b71-4ba6-8289-469fbf65f7a7/in_use.lock acquired by nodename 13592@fv-az154-912
2022-09-20 10:11:47,909 [s1-impl-thread1] TRACE util.FileUtils (LogUtils.java:runAndLog(49)) - Successfully ran Files.createDirectories /home/runner/work/ratis/ratis/ratis-test/target/test/data/4b3f0585/MiniRaftClusterWithGrpc541392cf/s1/3ca58a08-2b71-4ba6-8289-469fbf65f7a7/current
2022-09-20 10:11:47,909 [s1-impl-thread1] TRACE util.FileUtils (LogUtils.java:runAndLog(49)) - Successfully ran Files.createDirectories /home/runner/work/ratis/ratis/ratis-test/target/test/data/4b3f0585/MiniRaftClusterWithGrpc541392cf/s1/3ca58a08-2b71-4ba6-8289-469fbf65f7a7/sm
2022-09-20 10:11:47,911 [s1-impl-thread1] INFO  storage.RaftStorage (RaftStorageImpl.java:format(96)) - Storage directory /home/runner/work/ratis/ratis/ratis-test/target/test/data/4b3f0585/MiniRaftClusterWithGrpc541392cf/s1/3ca58a08-2b71-4ba6-8289-469fbf65f7a7 has been successfully formatted.
2022-09-20 10:11:47,911 [s1-impl-thread1] INFO  statemachine.SimpleStateMachine4Testing (SimpleStateMachine4Testing.java:initialize(212)) - Initializing StateMachine4InstallSnapshotNotificationTests:uninitialized
2022-09-20 10:11:47,911 [s1-impl-thread1] INFO  statemachine.SimpleStateMachine4Testing (SimpleStateMachine4Testing.java:loadSnapshot(306)) - The snapshot file null does not exist
2022-09-20 10:11:47,911 [s1-impl-thread1] INFO  server.RaftServerConfigKeys (ConfUtils.java:logGet(46)) - raft.server.log.use.memory = false (default)
2022-09-20 10:11:47,911 [s1-impl-thread1] INFO  server.RaftServerConfigKeys (ConfUtils.java:logGet(46)) - raft.server.log.purge.gap = 8 (custom)
2022-09-20 10:11:47,911 [s1-impl-thread1] INFO  server.RaftServerConfigKeys (ConfUtils.java:logGet(46)) - raft.server.log.appender.buffer.byte-limit = 4MB (=4194304) (default)
2022-09-20 10:11:47,911 [s1-impl-thread1] INFO  server.RaftServerConfigKeys (ConfUtils.java:logGet(46)) - raft.server.log.statemachine.data.read.timeout = 1000ms (default)
2022-09-20 10:11:47,911 [s1-impl-thread1] INFO  server.RaftServerConfigKeys (ConfUtils.java:logGet(46)) - raft.server.log.purge.preservation.log.num = 0 (default)
2022-09-20 10:11:47,912 [s1-impl-thread1] INFO  server.RaftServerConfigKeys (ConfUtils.java:logGet(46)) - raft.server.log.segment.size.max = 1024 (custom)
2022-09-20 10:11:47,912 [s1-impl-thread1] INFO  server.RaftServerConfigKeys (ConfUtils.java:logGet(46)) - raft.server.log.segment.cache.num.max = 6 (default)
2022-09-20 10:11:47,912 [s1-impl-thread1] INFO  server.RaftServerConfigKeys (ConfUtils.java:logGet(46)) - raft.server.log.segment.cache.size.max = 200MB (=209715200) (default)
2022-09-20 10:11:47,912 [s1-impl-thread1] INFO  segmented.SegmentedRaftLogWorker (SegmentedRaftLogWorker.java:<init>(183)) - new s1@group-469FBF65F7A7-SegmentedRaftLogWorker for RaftStorageImpl:Storage Directory /home/runner/work/ratis/ratis/ratis-test/target/test/data/4b3f0585/MiniRaftClusterWithGrpc541392cf/s1/3ca58a08-2b71-4ba6-8289-469fbf65f7a7
2022-09-20 10:11:47,912 [s1-impl-thread1] INFO  server.RaftServerConfigKeys (ConfUtils.java:logGet(46)) - raft.server.log.queue.byte-limit = 64MB (=67108864) (default)
2022-09-20 10:11:47,912 [s1-impl-thread1] INFO  server.RaftServerConfigKeys (ConfUtils.java:logGet(46)) - raft.server.log.queue.element-limit = 4096 (default)
2022-09-20 10:11:47,912 [s1-impl-thread1] INFO  server.RaftServerConfigKeys (ConfUtils.java:logGet(46)) - raft.server.log.segment.size.max = 1024 (custom)
2022-09-20 10:11:47,912 [s1-impl-thread1] INFO  server.RaftServerConfigKeys (ConfUtils.java:logGet(46)) - raft.server.log.preallocated.size = 4MB (=4194304) (default)
2022-09-20 10:11:47,912 [s1-impl-thread1] INFO  server.RaftServerConfigKeys (ConfUtils.java:logGet(46)) - raft.server.log.force.sync.num = 128 (default)
2022-09-20 10:11:47,912 [s1-impl-thread1] INFO  server.RaftServerConfigKeys (ConfUtils.java:logGet(46)) - raft.server.log.statemachine.data.sync = true (default)
2022-09-20 10:11:47,912 [s1-impl-thread1] INFO  server.RaftServerConfigKeys (ConfUtils.java:logGet(46)) - raft.server.log.statemachine.data.sync.timeout = 10s (default)
2022-09-20 10:11:47,912 [s1-impl-thread1] INFO  server.RaftServerConfigKeys (ConfUtils.java:logGet(46)) - raft.server.log.statemachine.data.sync.timeout.retry = -1 (default)
2022-09-20 10:11:47,912 [s1-impl-thread1] INFO  server.RaftServerConfigKeys (ConfUtils.java:logGet(46)) - raft.server.log.write.buffer.size = 64KB (=65536) (default)
2022-09-20 10:11:47,912 [s1-impl-thread1] INFO  server.RaftServerConfigKeys (ConfUtils.java:logGet(46)) - raft.server.log.unsafe-flush.enabled = false (default)
2022-09-20 10:11:47,912 [s1-impl-thread1] INFO  server.RaftServerConfigKeys (ConfUtils.java:logGet(46)) - raft.server.log.async-flush.enabled = false (default)
2022-09-20 10:11:47,912 [s1-impl-thread1] INFO  server.RaftServerConfigKeys (ConfUtils.java:logGet(46)) - raft.server.log.statemachine.data.caching.enabled = false (default)
2022-09-20 10:11:47,912 [s1-impl-thread1] INFO  segmented.SegmentedRaftLogWorker (SegmentedRaftLogWorker.java:lambda$new$0(134)) - s1@group-469FBF65F7A7-SegmentedRaftLogWorker: flushIndex: setUnconditionally 0 -> -1
2022-09-20 10:11:47,912 [s1-impl-thread1] INFO  segmented.SegmentedRaftLogWorker (SegmentedRaftLogWorker.java:lambda$new$0(134)) - s1@group-469FBF65F7A7-SegmentedRaftLogWorker: safeCacheEvictIndex: setUnconditionally 0 -> -1
2022-09-20 10:11:47,914 [s1-impl-thread1] INFO  server.RaftServer$Division (RaftServerImpl.java:start(330)) - s1@group-469FBF65F7A7: start as a follower, conf=-1: peers:[s0|rpc:localhost:39281|admin:localhost:38455|client:localhost:36053|dataStream:localhost:45769|priority:0|startupRole:FOLLOWER, s1|rpc:localhost:46849|admin:localhost:41515|client:localhost:39119|dataStream:localhost:41703|priority:0|startupRole:FOLLOWER, s2|rpc:localhost:35167|admin:localhost:44965|client:localhost:40979|dataStream:localhost:34151|priority:0|startupRole:FOLLOWER]|listeners:[], old=null
2022-09-20 10:11:47,915 [s1-impl-thread1] INFO  server.RaftServer$Division (RaftServerImpl.java:setRole(317)) - s1@group-469FBF65F7A7: changes role from      null to FOLLOWER at term 0 for startAsFollower
2022-09-20 10:11:47,915 [s1-impl-thread1] INFO  impl.RoleInfo (RoleInfo.java:updateAndGet(139)) - s1: start s1@group-469FBF65F7A7-FollowerState
2022-09-20 10:11:47,919 [s1-impl-thread1] INFO  util.JmxRegister (JmxRegister.java:tryRegister(44)) - Successfully registered JMX Bean with object name Ratis:service=RaftServer,group=group-469FBF65F7A7,id=s1
2022-09-20 10:11:47,919 [s1-impl-thread1] INFO  server.RaftServerConfigKeys (ConfUtils.java:logGet(46)) - raft.server.snapshot.auto.trigger.enabled = true (custom)
2022-09-20 10:11:47,919 [s1-impl-thread1] INFO  server.RaftServerConfigKeys (ConfUtils.java:logGet(46)) - raft.server.snapshot.auto.trigger.threshold = 64 (custom)
2022-09-20 10:11:47,919 [s1-impl-thread1] INFO  server.RaftServerConfigKeys (ConfUtils.java:logGet(46)) - raft.server.snapshot.retention.file.num = -1 (default)
2022-09-20 10:11:47,919 [s1-impl-thread1] INFO  server.RaftServerConfigKeys (ConfUtils.java:logGet(46)) - raft.server.log.purge.upto.snapshot.index = false (default)
2022-09-20 10:11:47,919 [s1@group-469FBF65F7A7-FollowerState] INFO  server.RaftServerConfigKeys (ConfUtils.java:logFallback(53)) - raft.server.rpc.first-election.timeout.min = 150ms (fallback to raft.server.rpc.timeout.min)
2022-09-20 10:11:47,919 [s1@group-469FBF65F7A7-FollowerState] INFO  server.RaftServerConfigKeys (ConfUtils.java:logFallback(53)) - raft.server.rpc.first-election.timeout.max = 300ms (fallback to raft.server.rpc.timeout.max)
2022-09-20 10:11:47,920 [Time-limited test] INFO  server.RaftServer (RaftServerProxy.java:startImpl(390)) - s1: start RPC server
2022-09-20 10:11:47,923 [Time-limited test] INFO  server.GrpcService (GrpcService.java:startImpl(310)) - s1: GrpcService started, listening on 39119
2022-09-20 10:11:47,924 [Time-limited test] INFO  server.GrpcService (GrpcService.java:startImpl(310)) - s1: GrpcService started, listening on 46849
2022-09-20 10:11:47,924 [Time-limited test] INFO  server.GrpcService (GrpcService.java:startImpl(310)) - s1: GrpcService started, listening on 41515
2022-09-20 10:11:47,924 [s2-impl-thread1] INFO  server.RaftServerConfigKeys (ConfUtils.java:logGet(46)) - raft.server.storage.free-space.min = 0MB (=0) (default)
2022-09-20 10:11:47,924 [s2-impl-thread1] INFO  server.RaftServerConfigKeys (ConfUtils.java:logGet(46)) - raft.server.log.corruption.policy = EXCEPTION (default)
2022-09-20 10:11:47,925 [s2-impl-thread1] INFO  server.RaftServerConfigKeys (ConfUtils.java:logGet(46)) - raft.server.storage.dir = [/home/runner/work/ratis/ratis/ratis-test/target/test/data/4b3f0585/MiniRaftClusterWithGrpc541392cf/s2] (custom)
2022-09-20 10:11:47,925 [s2-impl-thread1] INFO  storage.RaftStorageDirectory (RaftStorageDirectoryImpl.java:analyzeStorage(138)) - The storage directory /home/runner/work/ratis/ratis/ratis-test/target/test/data/4b3f0585/MiniRaftClusterWithGrpc541392cf/s2/3ca58a08-2b71-4ba6-8289-469fbf65f7a7 does not exist. Creating ...
2022-09-20 10:11:47,925 [s2-impl-thread1] TRACE util.FileUtils (LogUtils.java:runAndLog(49)) - Successfully ran Files.createDirectories /home/runner/work/ratis/ratis/ratis-test/target/test/data/4b3f0585/MiniRaftClusterWithGrpc541392cf/s2/3ca58a08-2b71-4ba6-8289-469fbf65f7a7
2022-09-20 10:11:47,926 [JvmPauseMonitor13] INFO  util.JvmPauseMonitor (JvmPauseMonitor.java:run(105)) - JvmPauseMonitor-s1: Started
2022-09-20 10:11:47,936 [s2-impl-thread1] INFO  storage.RaftStorageDirectory (RaftStorageDirectoryImpl.java:tryLock(232)) - Lock on /home/runner/work/ratis/ratis/ratis-test/target/test/data/4b3f0585/MiniRaftClusterWithGrpc541392cf/s2/3ca58a08-2b71-4ba6-8289-469fbf65f7a7/in_use.lock acquired by nodename 13592@fv-az154-912
2022-09-20 10:11:47,937 [s2-impl-thread1] TRACE util.FileUtils (LogUtils.java:runAndLog(49)) - Successfully ran Files.createDirectories /home/runner/work/ratis/ratis/ratis-test/target/test/data/4b3f0585/MiniRaftClusterWithGrpc541392cf/s2/3ca58a08-2b71-4ba6-8289-469fbf65f7a7/current
2022-09-20 10:11:47,937 [s2-impl-thread1] TRACE util.FileUtils (LogUtils.java:runAndLog(49)) - Successfully ran Files.createDirectories /home/runner/work/ratis/ratis/ratis-test/target/test/data/4b3f0585/MiniRaftClusterWithGrpc541392cf/s2/3ca58a08-2b71-4ba6-8289-469fbf65f7a7/sm
2022-09-20 10:11:47,939 [s2-impl-thread1] INFO  storage.RaftStorage (RaftStorageImpl.java:format(96)) - Storage directory /home/runner/work/ratis/ratis/ratis-test/target/test/data/4b3f0585/MiniRaftClusterWithGrpc541392cf/s2/3ca58a08-2b71-4ba6-8289-469fbf65f7a7 has been successfully formatted.
2022-09-20 10:11:47,939 [s2-impl-thread1] INFO  statemachine.SimpleStateMachine4Testing (SimpleStateMachine4Testing.java:initialize(212)) - Initializing StateMachine4InstallSnapshotNotificationTests:uninitialized
2022-09-20 10:11:47,939 [s2-impl-thread1] INFO  statemachine.SimpleStateMachine4Testing (SimpleStateMachine4Testing.java:loadSnapshot(306)) - The snapshot file null does not exist
2022-09-20 10:11:47,939 [s2-impl-thread1] INFO  server.RaftServerConfigKeys (ConfUtils.java:logGet(46)) - raft.server.log.use.memory = false (default)
2022-09-20 10:11:47,939 [s2-impl-thread1] INFO  server.RaftServerConfigKeys (ConfUtils.java:logGet(46)) - raft.server.log.purge.gap = 8 (custom)
2022-09-20 10:11:47,939 [s2-impl-thread1] INFO  server.RaftServerConfigKeys (ConfUtils.java:logGet(46)) - raft.server.log.appender.buffer.byte-limit = 4MB (=4194304) (default)
2022-09-20 10:11:47,939 [s2-impl-thread1] INFO  server.RaftServerConfigKeys (ConfUtils.java:logGet(46)) - raft.server.log.statemachine.data.read.timeout = 1000ms (default)
2022-09-20 10:11:47,939 [s2-impl-thread1] INFO  server.RaftServerConfigKeys (ConfUtils.java:logGet(46)) - raft.server.log.purge.preservation.log.num = 0 (default)
2022-09-20 10:11:47,940 [s2-impl-thread1] INFO  server.RaftServerConfigKeys (ConfUtils.java:logGet(46)) - raft.server.log.segment.size.max = 1024 (custom)
2022-09-20 10:11:47,940 [s2-impl-thread1] INFO  server.RaftServerConfigKeys (ConfUtils.java:logGet(46)) - raft.server.log.segment.cache.num.max = 6 (default)
2022-09-20 10:11:47,940 [s2-impl-thread1] INFO  server.RaftServerConfigKeys (ConfUtils.java:logGet(46)) - raft.server.log.segment.cache.size.max = 200MB (=209715200) (default)
2022-09-20 10:11:47,940 [s2-impl-thread1] INFO  segmented.SegmentedRaftLogWorker (SegmentedRaftLogWorker.java:<init>(183)) - new s2@group-469FBF65F7A7-SegmentedRaftLogWorker for RaftStorageImpl:Storage Directory /home/runner/work/ratis/ratis/ratis-test/target/test/data/4b3f0585/MiniRaftClusterWithGrpc541392cf/s2/3ca58a08-2b71-4ba6-8289-469fbf65f7a7
2022-09-20 10:11:47,940 [s2-impl-thread1] INFO  server.RaftServerConfigKeys (ConfUtils.java:logGet(46)) - raft.server.log.queue.byte-limit = 64MB (=67108864) (default)
2022-09-20 10:11:47,940 [s2-impl-thread1] INFO  server.RaftServerConfigKeys (ConfUtils.java:logGet(46)) - raft.server.log.queue.element-limit = 4096 (default)
2022-09-20 10:11:47,940 [s2-impl-thread1] INFO  server.RaftServerConfigKeys (ConfUtils.java:logGet(46)) - raft.server.log.segment.size.max = 1024 (custom)
2022-09-20 10:11:47,940 [s2-impl-thread1] INFO  server.RaftServerConfigKeys (ConfUtils.java:logGet(46)) - raft.server.log.preallocated.size = 4MB (=4194304) (default)
2022-09-20 10:11:47,940 [s2-impl-thread1] INFO  server.RaftServerConfigKeys (ConfUtils.java:logGet(46)) - raft.server.log.force.sync.num = 128 (default)
2022-09-20 10:11:47,940 [s2-impl-thread1] INFO  server.RaftServerConfigKeys (ConfUtils.java:logGet(46)) - raft.server.log.statemachine.data.sync = true (default)
2022-09-20 10:11:47,940 [s2-impl-thread1] INFO  server.RaftServerConfigKeys (ConfUtils.java:logGet(46)) - raft.server.log.statemachine.data.sync.timeout = 10s (default)
2022-09-20 10:11:47,940 [s2-impl-thread1] INFO  server.RaftServerConfigKeys (ConfUtils.java:logGet(46)) - raft.server.log.statemachine.data.sync.timeout.retry = -1 (default)
2022-09-20 10:11:47,940 [s2-impl-thread1] INFO  server.RaftServerConfigKeys (ConfUtils.java:logGet(46)) - raft.server.log.write.buffer.size = 64KB (=65536) (default)
2022-09-20 10:11:47,940 [s2-impl-thread1] INFO  server.RaftServerConfigKeys (ConfUtils.java:logGet(46)) - raft.server.log.unsafe-flush.enabled = false (default)
2022-09-20 10:11:47,940 [s2-impl-thread1] INFO  server.RaftServerConfigKeys (ConfUtils.java:logGet(46)) - raft.server.log.async-flush.enabled = false (default)
2022-09-20 10:11:47,940 [s2-impl-thread1] INFO  server.RaftServerConfigKeys (ConfUtils.java:logGet(46)) - raft.server.log.statemachine.data.caching.enabled = false (default)
2022-09-20 10:11:47,940 [s2-impl-thread1] INFO  segmented.SegmentedRaftLogWorker (SegmentedRaftLogWorker.java:lambda$new$0(134)) - s2@group-469FBF65F7A7-SegmentedRaftLogWorker: flushIndex: setUnconditionally 0 -> -1
2022-09-20 10:11:47,940 [s2-impl-thread1] INFO  segmented.SegmentedRaftLogWorker (SegmentedRaftLogWorker.java:lambda$new$0(134)) - s2@group-469FBF65F7A7-SegmentedRaftLogWorker: safeCacheEvictIndex: setUnconditionally 0 -> -1
2022-09-20 10:11:47,941 [s2-impl-thread1] INFO  server.RaftServer$Division (RaftServerImpl.java:start(330)) - s2@group-469FBF65F7A7: start as a follower, conf=-1: peers:[s0|rpc:localhost:39281|admin:localhost:38455|client:localhost:36053|dataStream:localhost:45769|priority:0|startupRole:FOLLOWER, s1|rpc:localhost:46849|admin:localhost:41515|client:localhost:39119|dataStream:localhost:41703|priority:0|startupRole:FOLLOWER, s2|rpc:localhost:35167|admin:localhost:44965|client:localhost:40979|dataStream:localhost:34151|priority:0|startupRole:FOLLOWER]|listeners:[], old=null
2022-09-20 10:11:47,941 [s2-impl-thread1] INFO  server.RaftServer$Division (RaftServerImpl.java:setRole(317)) - s2@group-469FBF65F7A7: changes role from      null to FOLLOWER at term 0 for startAsFollower
2022-09-20 10:11:47,941 [s2-impl-thread1] INFO  impl.RoleInfo (RoleInfo.java:updateAndGet(139)) - s2: start s2@group-469FBF65F7A7-FollowerState
2022-09-20 10:11:47,942 [s2-impl-thread1] INFO  util.JmxRegister (JmxRegister.java:tryRegister(44)) - Successfully registered JMX Bean with object name Ratis:service=RaftServer,group=group-469FBF65F7A7,id=s2
2022-09-20 10:11:47,942 [s2-impl-thread1] INFO  server.RaftServerConfigKeys (ConfUtils.java:logGet(46)) - raft.server.snapshot.auto.trigger.enabled = true (custom)
2022-09-20 10:11:47,942 [s2-impl-thread1] INFO  server.RaftServerConfigKeys (ConfUtils.java:logGet(46)) - raft.server.snapshot.auto.trigger.threshold = 64 (custom)
2022-09-20 10:11:47,942 [s2-impl-thread1] INFO  server.RaftServerConfigKeys (ConfUtils.java:logGet(46)) - raft.server.snapshot.retention.file.num = -1 (default)
2022-09-20 10:11:47,942 [s2-impl-thread1] INFO  server.RaftServerConfigKeys (ConfUtils.java:logGet(46)) - raft.server.log.purge.upto.snapshot.index = false (default)
2022-09-20 10:11:47,942 [s2@group-469FBF65F7A7-FollowerState] INFO  server.RaftServerConfigKeys (ConfUtils.java:logFallback(53)) - raft.server.rpc.first-election.timeout.min = 150ms (fallback to raft.server.rpc.timeout.min)
2022-09-20 10:11:47,942 [s2@group-469FBF65F7A7-FollowerState] INFO  server.RaftServerConfigKeys (ConfUtils.java:logFallback(53)) - raft.server.rpc.first-election.timeout.max = 300ms (fallback to raft.server.rpc.timeout.max)
2022-09-20 10:11:47,942 [Time-limited test] INFO  server.RaftServer (RaftServerProxy.java:startImpl(390)) - s2: start RPC server
2022-09-20 10:11:47,946 [Time-limited test] INFO  server.GrpcService (GrpcService.java:startImpl(310)) - s2: GrpcService started, listening on 40979
2022-09-20 10:11:47,947 [Time-limited test] INFO  server.GrpcService (GrpcService.java:startImpl(310)) - s2: GrpcService started, listening on 35167
2022-09-20 10:11:47,947 [Time-limited test] INFO  server.GrpcService (GrpcService.java:startImpl(310)) - s2: GrpcService started, listening on 44965
2022-09-20 10:11:47,948 [JvmPauseMonitor14] INFO  util.JvmPauseMonitor (JvmPauseMonitor.java:run(105)) - JvmPauseMonitor-s2: Started
2022-09-20 10:11:47,948 [Time-limited test] INFO  server.RaftServerConfigKeys (ConfUtils.java:logGet(46)) - raft.server.rpc.timeout.max = 300ms (default)
2022-09-20 10:11:47,948 [Time-limited test] INFO  ratis.RaftTestUtil (RaftTestUtil.java:waitForLeader(100)) - printing ALL groups
  s0:  RUNNING  FOLLOWER s0@group-469FBF65F7A7:t0, leader=null, voted=, raftlog=Memoized:s0@group-469FBF65F7A7-SegmentedRaftLog:OPENED:c-1, conf=-1: peers:[s0|rpc:localhost:39281|admin:localhost:38455|client:localhost:36053|dataStream:localhost:45769|priority:0|startupRole:FOLLOWER, s1|rpc:localhost:46849|admin:localhost:41515|client:localhost:39119|dataStream:localhost:41703|priority:0|startupRole:FOLLOWER, s2|rpc:localhost:35167|admin:localhost:44965|client:localhost:40979|dataStream:localhost:34151|priority:0|startupRole:FOLLOWER]|listeners:[], old=null RUNNING
  s1:  RUNNING  FOLLOWER s1@group-469FBF65F7A7:t0, leader=null, voted=, raftlog=Memoized:s1@group-469FBF65F7A7-SegmentedRaftLog:OPENED:c-1, conf=-1: peers:[s0|rpc:localhost:39281|admin:localhost:38455|client:localhost:36053|dataStream:localhost:45769|priority:0|startupRole:FOLLOWER, s1|rpc:localhost:46849|admin:localhost:41515|client:localhost:39119|dataStream:localhost:41703|priority:0|startupRole:FOLLOWER, s2|rpc:localhost:35167|admin:localhost:44965|client:localhost:40979|dataStream:localhost:34151|priority:0|startupRole:FOLLOWER]|listeners:[], old=null RUNNING
  s2:  RUNNING  FOLLOWER s2@group-469FBF65F7A7:t0, leader=null, voted=, raftlog=Memoized:s2@group-469FBF65F7A7-SegmentedRaftLog:OPENED:c-1, conf=-1: peers:[s0|rpc:localhost:39281|admin:localhost:38455|client:localhost:36053|dataStream:localhost:45769|priority:0|startupRole:FOLLOWER, s1|rpc:localhost:46849|admin:localhost:41515|client:localhost:39119|dataStream:localhost:41703|priority:0|startupRole:FOLLOWER, s2|rpc:localhost:35167|admin:localhost:44965|client:localhost:40979|dataStream:localhost:34151|priority:0|startupRole:FOLLOWER]|listeners:[], old=null RUNNING
2022-09-20 10:11:47,948 [Time-limited test] WARN  ratis.RaftTestUtil (JavaUtils.java:attempt(217)) - FAILED "waitForLeader-null-(expectLeader? true)", attempt #1/100: java.lang.IllegalStateException: No leader yet : printing ALL groups
  s0:  RUNNING  FOLLOWER s0@group-469FBF65F7A7:t0, leader=null, voted=, raftlog=Memoized:s0@group-469FBF65F7A7-SegmentedRaftLog:OPENED:c-1, conf=-1: peers:[s0|rpc:localhost:39281|admin:localhost:38455|client:localhost:36053|dataStream:localhost:45769|priority:0|startupRole:FOLLOWER, s1|rpc:localhost:46849|admin:localhost:41515|client:localhost:39119|dataStream:localhost:41703|priority:0|startupRole:FOLLOWER, s2|rpc:localhost:35167|admin:localhost:44965|client:localhost:40979|dataStream:localhost:34151|priority:0|startupRole:FOLLOWER]|listeners:[], old=null RUNNING
  s1:  RUNNING  FOLLOWER s1@group-469FBF65F7A7:t0, leader=null, voted=, raftlog=Memoized:s1@group-469FBF65F7A7-SegmentedRaftLog:OPENED:c-1, conf=-1: peers:[s0|rpc:localhost:39281|admin:localhost:38455|client:localhost:36053|dataStream:localhost:45769|priority:0|startupRole:FOLLOWER, s1|rpc:localhost:46849|admin:localhost:41515|client:localhost:39119|dataStream:localhost:41703|priority:0|startupRole:FOLLOWER, s2|rpc:localhost:35167|admin:localhost:44965|client:localhost:40979|dataStream:localhost:34151|priority:0|startupRole:FOLLOWER]|listeners:[], old=null RUNNING
  s2:  RUNNING  FOLLOWER s2@group-469FBF65F7A7:t0, leader=null, voted=, raftlog=Memoized:s2@group-469FBF65F7A7-SegmentedRaftLog:OPENED:c-1, conf=-1: peers:[s0|rpc:localhost:39281|admin:localhost:38455|client:localhost:36053|dataStream:localhost:45769|priority:0|startupRole:FOLLOWER, s1|rpc:localhost:46849|admin:localhost:41515|client:localhost:39119|dataStream:localhost:41703|priority:0|startupRole:FOLLOWER, s2|rpc:localhost:35167|admin:localhost:44965|client:localhost:40979|dataStream:localhost:34151|priority:0|startupRole:FOLLOWER]|listeners:[], old=null RUNNING, sleep 450ms and then retry.
java.lang.IllegalStateException: No leader yet : printing ALL groups
  s0:  RUNNING  FOLLOWER s0@group-469FBF65F7A7:t0, leader=null, voted=, raftlog=Memoized:s0@group-469FBF65F7A7-SegmentedRaftLog:OPENED:c-1, conf=-1: peers:[s0|rpc:localhost:39281|admin:localhost:38455|client:localhost:36053|dataStream:localhost:45769|priority:0|startupRole:FOLLOWER, s1|rpc:localhost:46849|admin:localhost:41515|client:localhost:39119|dataStream:localhost:41703|priority:0|startupRole:FOLLOWER, s2|rpc:localhost:35167|admin:localhost:44965|client:localhost:40979|dataStream:localhost:34151|priority:0|startupRole:FOLLOWER]|listeners:[], old=null RUNNING
  s1:  RUNNING  FOLLOWER s1@group-469FBF65F7A7:t0, leader=null, voted=, raftlog=Memoized:s1@group-469FBF65F7A7-SegmentedRaftLog:OPENED:c-1, conf=-1: peers:[s0|rpc:localhost:39281|admin:localhost:38455|client:localhost:36053|dataStream:localhost:45769|priority:0|startupRole:FOLLOWER, s1|rpc:localhost:46849|admin:localhost:41515|client:localhost:39119|dataStream:localhost:41703|priority:0|startupRole:FOLLOWER, s2|rpc:localhost:35167|admin:localhost:44965|client:localhost:40979|dataStream:localhost:34151|priority:0|startupRole:FOLLOWER]|listeners:[], old=null RUNNING
  s2:  RUNNING  FOLLOWER s2@group-469FBF65F7A7:t0, leader=null, voted=, raftlog=Memoized:s2@group-469FBF65F7A7-SegmentedRaftLog:OPENED:c-1, conf=-1: peers:[s0|rpc:localhost:39281|admin:localhost:38455|client:localhost:36053|dataStream:localhost:45769|priority:0|startupRole:FOLLOWER, s1|rpc:localhost:46849|admin:localhost:41515|client:localhost:39119|dataStream:localhost:41703|priority:0|startupRole:FOLLOWER, s2|rpc:localhost:35167|admin:localhost:44965|client:localhost:40979|dataStream:localhost:34151|priority:0|startupRole:FOLLOWER]|listeners:[], old=null RUNNING
	at org.apache.ratis.server.impl.MiniRaftCluster.newIllegalStateExceptionForNoLeaders(MiniRaftCluster.java:581)
	at org.apache.ratis.RaftTestUtil.lambda$waitForLeader$1(RaftTestUtil.java:104)
	at org.apache.ratis.server.impl.MiniRaftCluster.getLeader(MiniRaftCluster.java:615)
	at org.apache.ratis.server.impl.MiniRaftCluster.getLeader(MiniRaftCluster.java:608)
	at org.apache.ratis.RaftTestUtil.lambda$waitForLeader$3(RaftTestUtil.java:112)
	at org.apache.ratis.util.JavaUtils.attempt(JavaUtils.java:211)
	at org.apache.ratis.util.JavaUtils.attemptRepeatedly(JavaUtils.java:197)
	at org.apache.ratis.RaftTestUtil.waitForLeader(RaftTestUtil.java:111)
	at org.apache.ratis.RaftTestUtil.waitForLeader(RaftTestUtil.java:92)
	at org.apache.ratis.RaftTestUtil.waitForLeader(RaftTestUtil.java:87)
	at org.apache.ratis.InstallSnapshotNotificationTests.testRestartFollower(InstallSnapshotNotificationTests.java:261)
	at org.apache.ratis.server.impl.MiniRaftCluster$Factory$Get.runWithNewCluster(MiniRaftCluster.java:141)
	at org.apache.ratis.server.impl.MiniRaftCluster$Factory$Get.runWithNewCluster(MiniRaftCluster.java:121)
	at org.apache.ratis.InstallSnapshotNotificationTests.testRestartFollower(InstallSnapshotNotificationTests.java:255)
	at java.base/jdk.internal.reflect.NativeMethodAccessorImpl.invoke0(Native Method)
	at java.base/jdk.internal.reflect.NativeMethodAccessorImpl.invoke(NativeMethodAccessorImpl.java:62)
	at java.base/jdk.internal.reflect.DelegatingMethodAccessorImpl.invoke(DelegatingMethodAccessorImpl.java:43)
	at java.base/java.lang.reflect.Method.invoke(Method.java:566)
	at org.junit.runners.model.FrameworkMethod$1.runReflectiveCall(FrameworkMethod.java:59)
	at org.junit.internal.runners.model.ReflectiveCallable.run(ReflectiveCallable.java:12)
	at org.junit.runners.model.FrameworkMethod.invokeExplosively(FrameworkMethod.java:56)
	at org.junit.internal.runners.statements.InvokeMethod.evaluate(InvokeMethod.java:17)
	at org.junit.internal.runners.statements.RunAfters.evaluate(RunAfters.java:27)
	at org.junit.internal.runners.statements.FailOnTimeout$CallableStatement.call(FailOnTimeout.java:299)
	at org.junit.internal.runners.statements.FailOnTimeout$CallableStatement.call(FailOnTimeout.java:293)
	at java.base/java.util.concurrent.FutureTask.run(FutureTask.java:264)
	at java.base/java.lang.Thread.run(Thread.java:829)
2022-09-20 10:11:48,093 [s0@group-469FBF65F7A7-FollowerState] INFO  impl.FollowerState (FollowerState.java:run(141)) - s0@group-469FBF65F7A7-FollowerState: change to CANDIDATE, lastRpcElapsedTime:197151040ns, electionTimeout:196ms
2022-09-20 10:11:48,093 [s0@group-469FBF65F7A7-FollowerState] INFO  impl.RoleInfo (RoleInfo.java:shutdownFollowerState(110)) - s0: shutdown s0@group-469FBF65F7A7-FollowerState
2022-09-20 10:11:48,093 [s0@group-469FBF65F7A7-FollowerState] INFO  server.RaftServer$Division (RaftServerImpl.java:setRole(317)) - s0@group-469FBF65F7A7: changes role from  FOLLOWER to CANDIDATE at term 0 for changeToCandidate
2022-09-20 10:11:48,093 [s0@group-469FBF65F7A7-FollowerState] INFO  server.RaftServerConfigKeys (ConfUtils.java:logGet(46)) - raft.server.leaderelection.pre-vote = true (default)
2022-09-20 10:11:48,093 [s0@group-469FBF65F7A7-FollowerState] INFO  impl.RoleInfo (RoleInfo.java:updateAndGet(139)) - s0: start s0@group-469FBF65F7A7-LeaderElection9
2022-09-20 10:11:48,096 [s0@group-469FBF65F7A7-LeaderElection9] INFO  impl.LeaderElection (LeaderElection.java:askForVotes(308)) - s0@group-469FBF65F7A7-LeaderElection9 PRE_VOTE round 0: submit vote requests at term 0 for -1: peers:[s0|rpc:localhost:39281|admin:localhost:38455|client:localhost:36053|dataStream:localhost:45769|priority:0|startupRole:FOLLOWER, s1|rpc:localhost:46849|admin:localhost:41515|client:localhost:39119|dataStream:localhost:41703|priority:0|startupRole:FOLLOWER, s2|rpc:localhost:35167|admin:localhost:44965|client:localhost:40979|dataStream:localhost:34151|priority:0|startupRole:FOLLOWER]|listeners:[], old=null
2022-09-20 10:11:48,097 [s0@group-469FBF65F7A7-LeaderElection9] INFO  server.RaftServerConfigKeys (ConfUtils.java:logFallback(53)) - raft.server.rpc.first-election.timeout.min = 150ms (fallback to raft.server.rpc.timeout.min)
2022-09-20 10:11:48,097 [s0@group-469FBF65F7A7-LeaderElection9] INFO  server.RaftServerConfigKeys (ConfUtils.java:logFallback(53)) - raft.server.rpc.first-election.timeout.max = 300ms (fallback to raft.server.rpc.timeout.max)
2022-09-20 10:11:48,097 [s0@group-469FBF65F7A7-LeaderElection9-1] INFO  server.GrpcServerProtocolClient (GrpcServerProtocolClient.java:<init>(63)) - Build channel for s1
2022-09-20 10:11:48,097 [s0@group-469FBF65F7A7-LeaderElection9-2] INFO  server.GrpcServerProtocolClient (GrpcServerProtocolClient.java:<init>(63)) - Build channel for s2
2022-09-20 10:11:48,109 [grpc-default-executor-4] INFO  server.RaftServer$Division (RaftServerImpl.java:requestVote(1281)) - s1@group-469FBF65F7A7: receive requestVote(PRE_VOTE, s0, group-469FBF65F7A7, 0, (t:0, i:0))
2022-09-20 10:11:48,110 [grpc-default-executor-4] INFO  impl.VoteContext (VoteContext.java:log(49)) - s1@group-469FBF65F7A7-FOLLOWER: accept PRE_VOTE from s0: our priority 0 <= candidate's priority 0
2022-09-20 10:11:48,110 [grpc-default-executor-4] INFO  server.RaftServer$Division (RaftServerImpl.java:requestVote(1314)) - s1@group-469FBF65F7A7 replies to PRE_VOTE vote request: s0<-s1#0:OK-t0. Peer's state: s1@group-469FBF65F7A7:t0, leader=null, voted=, raftlog=Memoized:s1@group-469FBF65F7A7-SegmentedRaftLog:OPENED:c-1, conf=-1: peers:[s0|rpc:localhost:39281|admin:localhost:38455|client:localhost:36053|dataStream:localhost:45769|priority:0|startupRole:FOLLOWER, s1|rpc:localhost:46849|admin:localhost:41515|client:localhost:39119|dataStream:localhost:41703|priority:0|startupRole:FOLLOWER, s2|rpc:localhost:35167|admin:localhost:44965|client:localhost:40979|dataStream:localhost:34151|priority:0|startupRole:FOLLOWER]|listeners:[], old=null
2022-09-20 10:11:48,110 [grpc-default-executor-0] INFO  server.RaftServer$Division (RaftServerImpl.java:requestVote(1281)) - s2@group-469FBF65F7A7: receive requestVote(PRE_VOTE, s0, group-469FBF65F7A7, 0, (t:0, i:0))
2022-09-20 10:11:48,110 [grpc-default-executor-0] INFO  impl.VoteContext (VoteContext.java:log(49)) - s2@group-469FBF65F7A7-FOLLOWER: accept PRE_VOTE from s0: our priority 0 <= candidate's priority 0
2022-09-20 10:11:48,110 [grpc-default-executor-0] INFO  server.RaftServer$Division (RaftServerImpl.java:requestVote(1314)) - s2@group-469FBF65F7A7 replies to PRE_VOTE vote request: s0<-s2#0:OK-t0. Peer's state: s2@group-469FBF65F7A7:t0, leader=null, voted=, raftlog=Memoized:s2@group-469FBF65F7A7-SegmentedRaftLog:OPENED:c-1, conf=-1: peers:[s0|rpc:localhost:39281|admin:localhost:38455|client:localhost:36053|dataStream:localhost:45769|priority:0|startupRole:FOLLOWER, s1|rpc:localhost:46849|admin:localhost:41515|client:localhost:39119|dataStream:localhost:41703|priority:0|startupRole:FOLLOWER, s2|rpc:localhost:35167|admin:localhost:44965|client:localhost:40979|dataStream:localhost:34151|priority:0|startupRole:FOLLOWER]|listeners:[], old=null
2022-09-20 10:11:48,111 [s0@group-469FBF65F7A7-LeaderElection9] INFO  impl.LeaderElection (LeaderElection.java:logAndReturn(89)) - s0@group-469FBF65F7A7-LeaderElection9: PRE_VOTE PASSED received 1 response(s) and 0 exception(s):
2022-09-20 10:11:48,111 [s0@group-469FBF65F7A7-LeaderElection9] INFO  impl.LeaderElection (LeaderElection.java:logAndReturn(93)) -   Response 0: s0<-s2#0:OK-t0
2022-09-20 10:11:48,111 [s0@group-469FBF65F7A7-LeaderElection9] INFO  impl.LeaderElection (LeaderElection.java:askForVotes(310)) - s0@group-469FBF65F7A7-LeaderElection9 PRE_VOTE round 0: result PASSED
2022-09-20 10:11:48,113 [s0@group-469FBF65F7A7-LeaderElection9] INFO  impl.LeaderElection (LeaderElection.java:askForVotes(308)) - s0@group-469FBF65F7A7-LeaderElection9 ELECTION round 0: submit vote requests at term 1 for -1: peers:[s0|rpc:localhost:39281|admin:localhost:38455|client:localhost:36053|dataStream:localhost:45769|priority:0|startupRole:FOLLOWER, s1|rpc:localhost:46849|admin:localhost:41515|client:localhost:39119|dataStream:localhost:41703|priority:0|startupRole:FOLLOWER, s2|rpc:localhost:35167|admin:localhost:44965|client:localhost:40979|dataStream:localhost:34151|priority:0|startupRole:FOLLOWER]|listeners:[], old=null
2022-09-20 10:11:48,114 [grpc-default-executor-4] INFO  server.RaftServer$Division (RaftServerImpl.java:requestVote(1281)) - s1@group-469FBF65F7A7: receive requestVote(ELECTION, s0, group-469FBF65F7A7, 1, (t:0, i:0))
2022-09-20 10:11:48,114 [grpc-default-executor-4] INFO  impl.VoteContext (VoteContext.java:log(49)) - s1@group-469FBF65F7A7-FOLLOWER: accept ELECTION from s0: our priority 0 <= candidate's priority 0
2022-09-20 10:11:48,114 [grpc-default-executor-4] INFO  server.RaftServer$Division (RaftServerImpl.java:setRole(317)) - s1@group-469FBF65F7A7: changes role from  FOLLOWER to FOLLOWER at term 1 for candidate:s0
2022-09-20 10:11:48,114 [grpc-default-executor-4] INFO  impl.RoleInfo (RoleInfo.java:shutdownFollowerState(110)) - s1: shutdown s1@group-469FBF65F7A7-FollowerState
2022-09-20 10:11:48,114 [grpc-default-executor-4] INFO  impl.RoleInfo (RoleInfo.java:updateAndGet(139)) - s1: start s1@group-469FBF65F7A7-FollowerState
2022-09-20 10:11:48,114 [s1@group-469FBF65F7A7-FollowerState] INFO  impl.FollowerState (FollowerState.java:run(150)) - s1@group-469FBF65F7A7-FollowerState was interrupted
2022-09-20 10:11:48,114 [s0@group-469FBF65F7A7-LeaderElection9] INFO  server.RaftServerConfigKeys (ConfUtils.java:logFallback(53)) - raft.server.rpc.first-election.timeout.min = 150ms (fallback to raft.server.rpc.timeout.min)
2022-09-20 10:11:48,114 [s0@group-469FBF65F7A7-LeaderElection9] INFO  server.RaftServerConfigKeys (ConfUtils.java:logFallback(53)) - raft.server.rpc.first-election.timeout.max = 300ms (fallback to raft.server.rpc.timeout.max)
2022-09-20 10:11:48,116 [s1@group-469FBF65F7A7-FollowerState] INFO  server.RaftServerConfigKeys (ConfUtils.java:logFallback(53)) - raft.server.rpc.first-election.timeout.min = 150ms (fallback to raft.server.rpc.timeout.min)
2022-09-20 10:11:48,116 [s1@group-469FBF65F7A7-FollowerState] INFO  server.RaftServerConfigKeys (ConfUtils.java:logFallback(53)) - raft.server.rpc.first-election.timeout.max = 300ms (fallback to raft.server.rpc.timeout.max)
2022-09-20 10:11:48,117 [grpc-default-executor-0] INFO  server.RaftServer$Division (RaftServerImpl.java:requestVote(1281)) - s2@group-469FBF65F7A7: receive requestVote(ELECTION, s0, group-469FBF65F7A7, 1, (t:0, i:0))
2022-09-20 10:11:48,117 [grpc-default-executor-0] INFO  impl.VoteContext (VoteContext.java:log(49)) - s2@group-469FBF65F7A7-FOLLOWER: accept ELECTION from s0: our priority 0 <= candidate's priority 0
2022-09-20 10:11:48,118 [grpc-default-executor-0] INFO  server.RaftServer$Division (RaftServerImpl.java:setRole(317)) - s2@group-469FBF65F7A7: changes role from  FOLLOWER to FOLLOWER at term 1 for candidate:s0
2022-09-20 10:11:48,118 [grpc-default-executor-0] INFO  impl.RoleInfo (RoleInfo.java:shutdownFollowerState(110)) - s2: shutdown s2@group-469FBF65F7A7-FollowerState
2022-09-20 10:11:48,118 [grpc-default-executor-0] INFO  impl.RoleInfo (RoleInfo.java:updateAndGet(139)) - s2: start s2@group-469FBF65F7A7-FollowerState
2022-09-20 10:11:48,118 [s2@group-469FBF65F7A7-FollowerState] INFO  impl.FollowerState (FollowerState.java:run(150)) - s2@group-469FBF65F7A7-FollowerState was interrupted
2022-09-20 10:11:48,118 [grpc-default-executor-4] INFO  server.RaftServer$Division (RaftServerImpl.java:requestVote(1314)) - s1@group-469FBF65F7A7 replies to ELECTION vote request: s0<-s1#0:OK-t1. Peer's state: s1@group-469FBF65F7A7:t1, leader=null, voted=s0, raftlog=Memoized:s1@group-469FBF65F7A7-SegmentedRaftLog:OPENED:c-1, conf=-1: peers:[s0|rpc:localhost:39281|admin:localhost:38455|client:localhost:36053|dataStream:localhost:45769|priority:0|startupRole:FOLLOWER, s1|rpc:localhost:46849|admin:localhost:41515|client:localhost:39119|dataStream:localhost:41703|priority:0|startupRole:FOLLOWER, s2|rpc:localhost:35167|admin:localhost:44965|client:localhost:40979|dataStream:localhost:34151|priority:0|startupRole:FOLLOWER]|listeners:[], old=null
2022-09-20 10:11:48,118 [s0@group-469FBF65F7A7-LeaderElection9] INFO  impl.LeaderElection (LeaderElection.java:logAndReturn(89)) - s0@group-469FBF65F7A7-LeaderElection9: ELECTION PASSED received 1 response(s) and 0 exception(s):
2022-09-20 10:11:48,118 [s0@group-469FBF65F7A7-LeaderElection9] INFO  impl.LeaderElection (LeaderElection.java:logAndReturn(93)) -   Response 0: s0<-s1#0:OK-t1
2022-09-20 10:11:48,118 [s0@group-469FBF65F7A7-LeaderElection9] INFO  impl.LeaderElection (LeaderElection.java:askForVotes(310)) - s0@group-469FBF65F7A7-LeaderElection9 ELECTION round 0: result PASSED
2022-09-20 10:11:48,118 [s0@group-469FBF65F7A7-LeaderElection9] INFO  impl.RoleInfo (RoleInfo.java:shutdownLeaderElection(130)) - s0: shutdown s0@group-469FBF65F7A7-LeaderElection9
2022-09-20 10:11:48,118 [s0@group-469FBF65F7A7-LeaderElection9] INFO  server.RaftServer$Division (RaftServerImpl.java:setRole(317)) - s0@group-469FBF65F7A7: changes role from CANDIDATE to LEADER at term 1 for changeToLeader
2022-09-20 10:11:48,118 [s0@group-469FBF65F7A7-LeaderElection9] INFO  server.RaftServer$Division (ServerState.java:setLeader(259)) - s0@group-469FBF65F7A7: change Leader from null to s0 at term 1 for becomeLeader, leader elected after 240ms
2022-09-20 10:11:48,119 [s0@group-469FBF65F7A7-LeaderElection9] INFO  server.RaftServerConfigKeys (ConfUtils.java:logGet(46)) - raft.server.staging.catchup.gap = 1000 (default)
2022-09-20 10:11:48,119 [s0@group-469FBF65F7A7-LeaderElection9] INFO  server.RaftServerConfigKeys (ConfUtils.java:logGet(46)) - raft.server.write.element-limit = 4096 (default)
2022-09-20 10:11:48,119 [s0@group-469FBF65F7A7-LeaderElection9] INFO  server.RaftServerConfigKeys (ConfUtils.java:logGet(46)) - raft.server.write.byte-limit = 64MB (=67108864) (default)
2022-09-20 10:11:48,119 [s0@group-469FBF65F7A7-LeaderElection9] INFO  server.RaftServerConfigKeys (ConfUtils.java:logGet(46)) - raft.server.watch.timeout = 10s (default)
2022-09-20 10:11:48,119 [s0@group-469FBF65F7A7-LeaderElection9] INFO  server.RaftServerConfigKeys (ConfUtils.java:logGet(46)) - raft.server.watch.timeout.denomination = 1s (default)
2022-09-20 10:11:48,119 [s0@group-469FBF65F7A7-LeaderElection9] INFO  server.RaftServerConfigKeys (ConfUtils.java:logGet(46)) - raft.server.watch.element-limit = 65536 (default)
2022-09-20 10:11:48,119 [s0@group-469FBF65F7A7-LeaderElection9] INFO  server.RaftServerConfigKeys (ConfUtils.java:logGet(46)) - raft.server.write.element-limit = 4096 (default)
2022-09-20 10:11:48,119 [s0@group-469FBF65F7A7-LeaderElection9] INFO  server.RaftServerConfigKeys (ConfUtils.java:logGet(46)) - raft.server.write.follower.gap.ratio.max = -1.0 (default)
2022-09-20 10:11:48,119 [s0@group-469FBF65F7A7-LeaderElection9] INFO  server.RaftServerConfigKeys (ConfUtils.java:logGet(46)) - raft.server.log.appender.snapshot.chunk.size.max = 16MB (=16777216) (default)
2022-09-20 10:11:48,119 [s0@group-469FBF65F7A7-LeaderElection9] INFO  server.RaftServerConfigKeys (ConfUtils.java:logGet(46)) - raft.server.log.appender.buffer.byte-limit = 4MB (=4194304) (default)
2022-09-20 10:11:48,119 [s0@group-469FBF65F7A7-LeaderElection9] INFO  server.RaftServerConfigKeys (ConfUtils.java:logGet(46)) - raft.server.log.appender.buffer.element-limit = 0 (default)
2022-09-20 10:11:48,119 [s0@group-469FBF65F7A7-LeaderElection9] INFO  grpc.GrpcConfigKeys (ConfUtils.java:logGet(46)) - raft.grpc.server.leader.outstanding.appends.max = 128 (default)
2022-09-20 10:11:48,119 [s0@group-469FBF65F7A7-LeaderElection9] INFO  server.RaftServerConfigKeys (ConfUtils.java:logGet(46)) - raft.server.rpc.request.timeout = 3000ms (default)
2022-09-20 10:11:48,119 [s0@group-469FBF65F7A7-LeaderElection9] INFO  server.RaftServerConfigKeys (ConfUtils.java:logGet(46)) - raft.server.log.appender.install.snapshot.enabled = false (custom)
2022-09-20 10:11:48,119 [s0@group-469FBF65F7A7-LeaderElection9] INFO  grpc.GrpcConfigKeys (ConfUtils.java:logGet(46)) - raft.grpc.server.heartbeat.channel = true (default)
2022-09-20 10:11:48,120 [s0@group-469FBF65F7A7-LeaderElection9] INFO  server.RaftServerConfigKeys (ConfUtils.java:logGet(46)) - raft.server.log.appender.snapshot.chunk.size.max = 16MB (=16777216) (default)
2022-09-20 10:11:48,120 [s0@group-469FBF65F7A7-LeaderElection9] INFO  server.RaftServerConfigKeys (ConfUtils.java:logGet(46)) - raft.server.log.appender.buffer.byte-limit = 4MB (=4194304) (default)
2022-09-20 10:11:48,120 [s0@group-469FBF65F7A7-LeaderElection9] INFO  server.RaftServerConfigKeys (ConfUtils.java:logGet(46)) - raft.server.log.appender.buffer.element-limit = 0 (default)
2022-09-20 10:11:48,120 [s0@group-469FBF65F7A7-LeaderElection9] INFO  grpc.GrpcConfigKeys (ConfUtils.java:logGet(46)) - raft.grpc.server.leader.outstanding.appends.max = 128 (default)
2022-09-20 10:11:48,120 [s0@group-469FBF65F7A7-LeaderElection9] INFO  server.RaftServerConfigKeys (ConfUtils.java:logGet(46)) - raft.server.rpc.request.timeout = 3000ms (default)
2022-09-20 10:11:48,120 [s0@group-469FBF65F7A7-LeaderElection9] INFO  server.RaftServerConfigKeys (ConfUtils.java:logGet(46)) - raft.server.log.appender.install.snapshot.enabled = false (custom)
2022-09-20 10:11:48,120 [s0@group-469FBF65F7A7-LeaderElection9] INFO  grpc.GrpcConfigKeys (ConfUtils.java:logGet(46)) - raft.grpc.server.heartbeat.channel = true (default)
2022-09-20 10:11:48,120 [s0@group-469FBF65F7A7-LeaderElection9] INFO  impl.RoleInfo (RoleInfo.java:updateAndGet(139)) - s0: start s0@group-469FBF65F7A7-LeaderStateImpl
2022-09-20 10:11:48,120 [s0@group-469FBF65F7A7-LeaderElection9] DEBUG raftlog.RaftLog (SegmentedRaftLog.java:appendImpl(446)) - truncateIndex=-1, arrayIndex=0
2022-09-20 10:11:48,120 [s0@group-469FBF65F7A7-LeaderElection9] INFO  segmented.SegmentedRaftLogWorker (SegmentedRaftLogWorker.java:startLogSegment(427)) - s0@group-469FBF65F7A7-SegmentedRaftLogWorker: Starting segment from index:0
2022-09-20 10:11:48,121 [s0@group-469FBF65F7A7-SegmentedRaftLogWorker] INFO  segmented.SegmentedRaftLogWorker (SegmentedRaftLogWorker.java:execute(631)) - s0@group-469FBF65F7A7-SegmentedRaftLogWorker: created new log segment /home/runner/work/ratis/ratis/ratis-test/target/test/data/4b3f0585/MiniRaftClusterWithGrpc541392cf/s0/3ca58a08-2b71-4ba6-8289-469fbf65f7a7/current/log_inprogress_0
2022-09-20 10:11:48,123 [s2@group-469FBF65F7A7-FollowerState] INFO  server.RaftServerConfigKeys (ConfUtils.java:logFallback(53)) - raft.server.rpc.first-election.timeout.min = 150ms (fallback to raft.server.rpc.timeout.min)
2022-09-20 10:11:48,123 [s2@group-469FBF65F7A7-FollowerState] INFO  server.RaftServerConfigKeys (ConfUtils.java:logFallback(53)) - raft.server.rpc.first-election.timeout.max = 300ms (fallback to raft.server.rpc.timeout.max)
2022-09-20 10:11:48,124 [grpc-default-executor-0] INFO  server.RaftServer$Division (RaftServerImpl.java:requestVote(1314)) - s2@group-469FBF65F7A7 replies to ELECTION vote request: s0<-s2#0:OK-t1. Peer's state: s2@group-469FBF65F7A7:t1, leader=null, voted=s0, raftlog=Memoized:s2@group-469FBF65F7A7-SegmentedRaftLog:OPENED:c-1, conf=-1: peers:[s0|rpc:localhost:39281|admin:localhost:38455|client:localhost:36053|dataStream:localhost:45769|priority:0|startupRole:FOLLOWER, s1|rpc:localhost:46849|admin:localhost:41515|client:localhost:39119|dataStream:localhost:41703|priority:0|startupRole:FOLLOWER, s2|rpc:localhost:35167|admin:localhost:44965|client:localhost:40979|dataStream:localhost:34151|priority:0|startupRole:FOLLOWER]|listeners:[], old=null
2022-09-20 10:11:48,130 [s0@group-469FBF65F7A7-LeaderElection9] INFO  server.RaftServer$Division (ServerState.java:setRaftConf(376)) - s0@group-469FBF65F7A7: set configuration 0: peers:[s0|rpc:localhost:39281|admin:localhost:38455|client:localhost:36053|dataStream:localhost:45769|priority:0|startupRole:FOLLOWER, s1|rpc:localhost:46849|admin:localhost:41515|client:localhost:39119|dataStream:localhost:41703|priority:0|startupRole:FOLLOWER, s2|rpc:localhost:35167|admin:localhost:44965|client:localhost:40979|dataStream:localhost:34151|priority:0|startupRole:FOLLOWER]|listeners:[], old=null
2022-09-20 10:11:48,136 [s1-server-thread1] INFO  server.RaftServer$Division (ServerState.java:setLeader(259)) - s1@group-469FBF65F7A7: change Leader from null to s0 at term 1 for appendEntries, leader elected after 249ms
2022-09-20 10:11:48,136 [s1-server-thread1] INFO  server.RaftServer$Division (ServerState.java:setRaftConf(376)) - s1@group-469FBF65F7A7: set configuration 0: peers:[s0|rpc:localhost:39281|admin:localhost:38455|client:localhost:36053|dataStream:localhost:45769|priority:0|startupRole:FOLLOWER, s1|rpc:localhost:46849|admin:localhost:41515|client:localhost:39119|dataStream:localhost:41703|priority:0|startupRole:FOLLOWER, s2|rpc:localhost:35167|admin:localhost:44965|client:localhost:40979|dataStream:localhost:34151|priority:0|startupRole:FOLLOWER]|listeners:[], old=null
2022-09-20 10:11:48,136 [s1-server-thread1] DEBUG raftlog.RaftLog (SegmentedRaftLog.java:appendImpl(446)) - truncateIndex=-1, arrayIndex=0
2022-09-20 10:11:48,136 [s1-server-thread1] INFO  segmented.SegmentedRaftLogWorker (SegmentedRaftLogWorker.java:startLogSegment(427)) - s1@group-469FBF65F7A7-SegmentedRaftLogWorker: Starting segment from index:0
2022-09-20 10:11:48,137 [s1@group-469FBF65F7A7-SegmentedRaftLogWorker] INFO  segmented.SegmentedRaftLogWorker (SegmentedRaftLogWorker.java:execute(631)) - s1@group-469FBF65F7A7-SegmentedRaftLogWorker: created new log segment /home/runner/work/ratis/ratis/ratis-test/target/test/data/4b3f0585/MiniRaftClusterWithGrpc541392cf/s1/3ca58a08-2b71-4ba6-8289-469fbf65f7a7/current/log_inprogress_0
2022-09-20 10:11:48,155 [s2-server-thread1] INFO  server.RaftServer$Division (ServerState.java:setLeader(259)) - s2@group-469FBF65F7A7: change Leader from null to s0 at term 1 for appendEntries, leader elected after 260ms
2022-09-20 10:11:48,155 [s2-server-thread1] INFO  server.RaftServer$Division (ServerState.java:setRaftConf(376)) - s2@group-469FBF65F7A7: set configuration 0: peers:[s0|rpc:localhost:39281|admin:localhost:38455|client:localhost:36053|dataStream:localhost:45769|priority:0|startupRole:FOLLOWER, s1|rpc:localhost:46849|admin:localhost:41515|client:localhost:39119|dataStream:localhost:41703|priority:0|startupRole:FOLLOWER, s2|rpc:localhost:35167|admin:localhost:44965|client:localhost:40979|dataStream:localhost:34151|priority:0|startupRole:FOLLOWER]|listeners:[], old=null
2022-09-20 10:11:48,155 [s2-server-thread1] DEBUG raftlog.RaftLog (SegmentedRaftLog.java:appendImpl(446)) - truncateIndex=-1, arrayIndex=0
2022-09-20 10:11:48,155 [s2-server-thread1] INFO  segmented.SegmentedRaftLogWorker (SegmentedRaftLogWorker.java:startLogSegment(427)) - s2@group-469FBF65F7A7-SegmentedRaftLogWorker: Starting segment from index:0
2022-09-20 10:11:48,160 [s2@group-469FBF65F7A7-SegmentedRaftLogWorker] INFO  segmented.SegmentedRaftLogWorker (SegmentedRaftLogWorker.java:execute(631)) - s2@group-469FBF65F7A7-SegmentedRaftLogWorker: created new log segment /home/runner/work/ratis/ratis/ratis-test/target/test/data/4b3f0585/MiniRaftClusterWithGrpc541392cf/s2/3ca58a08-2b71-4ba6-8289-469fbf65f7a7/current/log_inprogress_0
2022-09-20 10:11:48,399 [Time-limited test] INFO  ratis.RaftTestUtil (RaftTestUtil.java:waitForLeader(119)) - printing ALL groups
  s0:  RUNNING    LEADER s0@group-469FBF65F7A7:t1, leader=s0, voted=s0, raftlog=Memoized:s0@group-469FBF65F7A7-SegmentedRaftLog:OPENED:c0, conf=0: peers:[s0|rpc:localhost:39281|admin:localhost:38455|client:localhost:36053|dataStream:localhost:45769|priority:0|startupRole:FOLLOWER, s1|rpc:localhost:46849|admin:localhost:41515|client:localhost:39119|dataStream:localhost:41703|priority:0|startupRole:FOLLOWER, s2|rpc:localhost:35167|admin:localhost:44965|client:localhost:40979|dataStream:localhost:34151|priority:0|startupRole:FOLLOWER]|listeners:[], old=null RUNNING
  s1:  RUNNING  FOLLOWER s1@group-469FBF65F7A7:t1, leader=s0, voted=s0, raftlog=Memoized:s1@group-469FBF65F7A7-SegmentedRaftLog:OPENED:c0, conf=0: peers:[s0|rpc:localhost:39281|admin:localhost:38455|client:localhost:36053|dataStream:localhost:45769|priority:0|startupRole:FOLLOWER, s1|rpc:localhost:46849|admin:localhost:41515|client:localhost:39119|dataStream:localhost:41703|priority:0|startupRole:FOLLOWER, s2|rpc:localhost:35167|admin:localhost:44965|client:localhost:40979|dataStream:localhost:34151|priority:0|startupRole:FOLLOWER]|listeners:[], old=null RUNNING
  s2:  RUNNING  FOLLOWER s2@group-469FBF65F7A7:t1, leader=s0, voted=s0, raftlog=Memoized:s2@group-469FBF65F7A7-SegmentedRaftLog:OPENED:c0, conf=0: peers:[s0|rpc:localhost:39281|admin:localhost:38455|client:localhost:36053|dataStream:localhost:45769|priority:0|startupRole:FOLLOWER, s1|rpc:localhost:46849|admin:localhost:41515|client:localhost:39119|dataStream:localhost:41703|priority:0|startupRole:FOLLOWER, s2|rpc:localhost:35167|admin:localhost:44965|client:localhost:40979|dataStream:localhost:34151|priority:0|startupRole:FOLLOWER]|listeners:[], old=null RUNNING
2022-09-20 10:11:48,413 [s2-server-thread2] DEBUG raftlog.RaftLog (SegmentedRaftLog.java:appendImpl(446)) - truncateIndex=-1, arrayIndex=0
2022-09-20 10:11:48,413 [s1-server-thread3] DEBUG raftlog.RaftLog (SegmentedRaftLog.java:appendImpl(446)) - truncateIndex=-1, arrayIndex=0
2022-09-20 10:11:48,414 [s0@group-469FBF65F7A7-StateMachineUpdater] INFO  statemachine.SimpleStateMachine4Testing (SimpleStateMachine4Testing.java:put(204)) - s0: put 1, m0 -> (t:1, i:1), STATEMACHINELOGENTRY, 386@client-76B04C62A16F
2022-09-20 10:11:48,415 [s1-server-thread3] DEBUG raftlog.RaftLog (SegmentedRaftLog.java:appendImpl(446)) - truncateIndex=-1, arrayIndex=0
2022-09-20 10:11:48,415 [s2-server-thread2] DEBUG raftlog.RaftLog (SegmentedRaftLog.java:appendImpl(446)) - truncateIndex=-1, arrayIndex=0
2022-09-20 10:11:48,416 [s1@group-469FBF65F7A7-StateMachineUpdater] INFO  statemachine.SimpleStateMachine4Testing (SimpleStateMachine4Testing.java:put(204)) - s1: put 1, m0 -> (t:1, i:1), STATEMACHINELOGENTRY, 386@client-76B04C62A16F
2022-09-20 10:11:48,416 [s2@group-469FBF65F7A7-StateMachineUpdater] INFO  statemachine.SimpleStateMachine4Testing (SimpleStateMachine4Testing.java:put(204)) - s2: put 1, m0 -> (t:1, i:1), STATEMACHINELOGENTRY, 386@client-76B04C62A16F
2022-09-20 10:11:48,425 [s2-server-thread2] DEBUG raftlog.RaftLog (SegmentedRaftLog.java:appendImpl(446)) - truncateIndex=-1, arrayIndex=0
2022-09-20 10:11:48,425 [s1-server-thread3] DEBUG raftlog.RaftLog (SegmentedRaftLog.java:appendImpl(446)) - truncateIndex=-1, arrayIndex=0
2022-09-20 10:11:48,426 [s0@group-469FBF65F7A7-StateMachineUpdater] INFO  statemachine.SimpleStateMachine4Testing (SimpleStateMachine4Testing.java:put(204)) - s0: put 3, m1 -> (t:1, i:3), STATEMACHINELOGENTRY, 387@client-76B04C62A16F
2022-09-20 10:11:48,428 [s1-server-thread3] DEBUG raftlog.RaftLog (SegmentedRaftLog.java:appendImpl(446)) - truncateIndex=-1, arrayIndex=0
2022-09-20 10:11:48,428 [s2-server-thread2] DEBUG raftlog.RaftLog (SegmentedRaftLog.java:appendImpl(446)) - truncateIndex=-1, arrayIndex=0
2022-09-20 10:11:48,428 [s1@group-469FBF65F7A7-StateMachineUpdater] INFO  statemachine.SimpleStateMachine4Testing (SimpleStateMachine4Testing.java:put(204)) - s1: put 3, m1 -> (t:1, i:3), STATEMACHINELOGENTRY, 387@client-76B04C62A16F
2022-09-20 10:11:48,429 [s2@group-469FBF65F7A7-StateMachineUpdater] INFO  statemachine.SimpleStateMachine4Testing (SimpleStateMachine4Testing.java:put(204)) - s2: put 3, m1 -> (t:1, i:3), STATEMACHINELOGENTRY, 387@client-76B04C62A16F
2022-09-20 10:11:48,431 [s1-server-thread3] DEBUG raftlog.RaftLog (SegmentedRaftLog.java:appendImpl(446)) - truncateIndex=-1, arrayIndex=0
2022-09-20 10:11:48,432 [s2-server-thread2] DEBUG raftlog.RaftLog (SegmentedRaftLog.java:appendImpl(446)) - truncateIndex=-1, arrayIndex=0
2022-09-20 10:11:48,433 [s0@group-469FBF65F7A7-StateMachineUpdater] INFO  statemachine.SimpleStateMachine4Testing (SimpleStateMachine4Testing.java:put(204)) - s0: put 5, m2 -> (t:1, i:5), STATEMACHINELOGENTRY, 388@client-76B04C62A16F
2022-09-20 10:11:48,433 [s1-server-thread3] DEBUG raftlog.RaftLog (SegmentedRaftLog.java:appendImpl(446)) - truncateIndex=-1, arrayIndex=0
2022-09-20 10:11:48,434 [s2-server-thread2] DEBUG raftlog.RaftLog (SegmentedRaftLog.java:appendImpl(446)) - truncateIndex=-1, arrayIndex=0
2022-09-20 10:11:48,434 [s1@group-469FBF65F7A7-StateMachineUpdater] INFO  statemachine.SimpleStateMachine4Testing (SimpleStateMachine4Testing.java:put(204)) - s1: put 5, m2 -> (t:1, i:5), STATEMACHINELOGENTRY, 388@client-76B04C62A16F
2022-09-20 10:11:48,434 [s2@group-469FBF65F7A7-StateMachineUpdater] INFO  statemachine.SimpleStateMachine4Testing (SimpleStateMachine4Testing.java:put(204)) - s2: put 5, m2 -> (t:1, i:5), STATEMACHINELOGENTRY, 388@client-76B04C62A16F
2022-09-20 10:11:48,437 [s1-server-thread3] DEBUG raftlog.RaftLog (SegmentedRaftLog.java:appendImpl(446)) - truncateIndex=-1, arrayIndex=0
2022-09-20 10:11:48,437 [s2-server-thread2] DEBUG raftlog.RaftLog (SegmentedRaftLog.java:appendImpl(446)) - truncateIndex=-1, arrayIndex=0
2022-09-20 10:11:48,438 [s0@group-469FBF65F7A7-StateMachineUpdater] INFO  statemachine.SimpleStateMachine4Testing (SimpleStateMachine4Testing.java:put(204)) - s0: put 7, m3 -> (t:1, i:7), STATEMACHINELOGENTRY, 389@client-76B04C62A16F
2022-09-20 10:11:48,439 [s1-server-thread3] DEBUG raftlog.RaftLog (SegmentedRaftLog.java:appendImpl(446)) - truncateIndex=-1, arrayIndex=0
2022-09-20 10:11:48,439 [s2-server-thread2] DEBUG raftlog.RaftLog (SegmentedRaftLog.java:appendImpl(446)) - truncateIndex=-1, arrayIndex=0
2022-09-20 10:11:48,439 [s1@group-469FBF65F7A7-StateMachineUpdater] INFO  statemachine.SimpleStateMachine4Testing (SimpleStateMachine4Testing.java:put(204)) - s1: put 7, m3 -> (t:1, i:7), STATEMACHINELOGENTRY, 389@client-76B04C62A16F
2022-09-20 10:11:48,440 [s2@group-469FBF65F7A7-StateMachineUpdater] INFO  statemachine.SimpleStateMachine4Testing (SimpleStateMachine4Testing.java:put(204)) - s2: put 7, m3 -> (t:1, i:7), STATEMACHINELOGENTRY, 389@client-76B04C62A16F
2022-09-20 10:11:48,442 [s1-server-thread3] DEBUG raftlog.RaftLog (SegmentedRaftLog.java:appendImpl(446)) - truncateIndex=-1, arrayIndex=0
2022-09-20 10:11:48,442 [s2-server-thread2] DEBUG raftlog.RaftLog (SegmentedRaftLog.java:appendImpl(446)) - truncateIndex=-1, arrayIndex=0
2022-09-20 10:11:48,443 [s0@group-469FBF65F7A7-StateMachineUpdater] INFO  statemachine.SimpleStateMachine4Testing (SimpleStateMachine4Testing.java:put(204)) - s0: put 9, m4 -> (t:1, i:9), STATEMACHINELOGENTRY, 390@client-76B04C62A16F
2022-09-20 10:11:48,443 [s1-server-thread3] DEBUG raftlog.RaftLog (SegmentedRaftLog.java:appendImpl(446)) - truncateIndex=-1, arrayIndex=0
2022-09-20 10:11:48,444 [s2-server-thread2] DEBUG raftlog.RaftLog (SegmentedRaftLog.java:appendImpl(446)) - truncateIndex=-1, arrayIndex=0
2022-09-20 10:11:48,444 [s1@group-469FBF65F7A7-StateMachineUpdater] INFO  statemachine.SimpleStateMachine4Testing (SimpleStateMachine4Testing.java:put(204)) - s1: put 9, m4 -> (t:1, i:9), STATEMACHINELOGENTRY, 390@client-76B04C62A16F
2022-09-20 10:11:48,444 [s2@group-469FBF65F7A7-StateMachineUpdater] INFO  statemachine.SimpleStateMachine4Testing (SimpleStateMachine4Testing.java:put(204)) - s2: put 9, m4 -> (t:1, i:9), STATEMACHINELOGENTRY, 390@client-76B04C62A16F
2022-09-20 10:11:48,448 [s1-server-thread3] DEBUG raftlog.RaftLog (SegmentedRaftLog.java:appendImpl(446)) - truncateIndex=-1, arrayIndex=0
2022-09-20 10:11:48,449 [s2-server-thread2] DEBUG raftlog.RaftLog (SegmentedRaftLog.java:appendImpl(446)) - truncateIndex=-1, arrayIndex=0
2022-09-20 10:11:48,450 [s0@group-469FBF65F7A7-StateMachineUpdater] INFO  statemachine.SimpleStateMachine4Testing (SimpleStateMachine4Testing.java:put(204)) - s0: put 11, m5 -> (t:1, i:11), STATEMACHINELOGENTRY, 391@client-76B04C62A16F
2022-09-20 10:11:48,450 [s1-server-thread3] DEBUG raftlog.RaftLog (SegmentedRaftLog.java:appendImpl(446)) - truncateIndex=-1, arrayIndex=0
2022-09-20 10:11:48,450 [s2-server-thread2] DEBUG raftlog.RaftLog (SegmentedRaftLog.java:appendImpl(446)) - truncateIndex=-1, arrayIndex=0
2022-09-20 10:11:48,451 [s1@group-469FBF65F7A7-StateMachineUpdater] INFO  statemachine.SimpleStateMachine4Testing (SimpleStateMachine4Testing.java:put(204)) - s1: put 11, m5 -> (t:1, i:11), STATEMACHINELOGENTRY, 391@client-76B04C62A16F
2022-09-20 10:11:48,451 [s2@group-469FBF65F7A7-StateMachineUpdater] INFO  statemachine.SimpleStateMachine4Testing (SimpleStateMachine4Testing.java:put(204)) - s2: put 11, m5 -> (t:1, i:11), STATEMACHINELOGENTRY, 391@client-76B04C62A16F
2022-09-20 10:11:48,453 [s1-server-thread3] DEBUG raftlog.RaftLog (SegmentedRaftLog.java:appendImpl(446)) - truncateIndex=-1, arrayIndex=0
2022-09-20 10:11:48,453 [s2-server-thread2] DEBUG raftlog.RaftLog (SegmentedRaftLog.java:appendImpl(446)) - truncateIndex=-1, arrayIndex=0
2022-09-20 10:11:48,454 [s0@group-469FBF65F7A7-StateMachineUpdater] INFO  statemachine.SimpleStateMachine4Testing (SimpleStateMachine4Testing.java:put(204)) - s0: put 13, m6 -> (t:1, i:13), STATEMACHINELOGENTRY, 392@client-76B04C62A16F
2022-09-20 10:11:48,454 [s1-server-thread3] DEBUG raftlog.RaftLog (SegmentedRaftLog.java:appendImpl(446)) - truncateIndex=-1, arrayIndex=0
2022-09-20 10:11:48,455 [s2-server-thread2] DEBUG raftlog.RaftLog (SegmentedRaftLog.java:appendImpl(446)) - truncateIndex=-1, arrayIndex=0
2022-09-20 10:11:48,455 [s1@group-469FBF65F7A7-StateMachineUpdater] INFO  statemachine.SimpleStateMachine4Testing (SimpleStateMachine4Testing.java:put(204)) - s1: put 13, m6 -> (t:1, i:13), STATEMACHINELOGENTRY, 392@client-76B04C62A16F
2022-09-20 10:11:48,456 [s2@group-469FBF65F7A7-StateMachineUpdater] INFO  statemachine.SimpleStateMachine4Testing (SimpleStateMachine4Testing.java:put(204)) - s2: put 13, m6 -> (t:1, i:13), STATEMACHINELOGENTRY, 392@client-76B04C62A16F
2022-09-20 10:11:48,456 [s1-server-thread3] DEBUG raftlog.RaftLog (SegmentedRaftLog.java:appendImpl(446)) - truncateIndex=-1, arrayIndex=0
2022-09-20 10:11:48,457 [s2-server-thread2] DEBUG raftlog.RaftLog (SegmentedRaftLog.java:appendImpl(446)) - truncateIndex=-1, arrayIndex=0
2022-09-20 10:11:48,457 [s0@group-469FBF65F7A7-StateMachineUpdater] INFO  statemachine.SimpleStateMachine4Testing (SimpleStateMachine4Testing.java:put(204)) - s0: put 15, m7 -> (t:1, i:15), STATEMACHINELOGENTRY, 393@client-76B04C62A16F
2022-09-20 10:11:48,458 [s1-server-thread3] DEBUG raftlog.RaftLog (SegmentedRaftLog.java:appendImpl(446)) - truncateIndex=-1, arrayIndex=0
2022-09-20 10:11:48,458 [s2-server-thread2] DEBUG raftlog.RaftLog (SegmentedRaftLog.java:appendImpl(446)) - truncateIndex=-1, arrayIndex=0
2022-09-20 10:11:48,459 [s1@group-469FBF65F7A7-StateMachineUpdater] INFO  statemachine.SimpleStateMachine4Testing (SimpleStateMachine4Testing.java:put(204)) - s1: put 15, m7 -> (t:1, i:15), STATEMACHINELOGENTRY, 393@client-76B04C62A16F
2022-09-20 10:11:48,459 [s2@group-469FBF65F7A7-StateMachineUpdater] INFO  statemachine.SimpleStateMachine4Testing (SimpleStateMachine4Testing.java:put(204)) - s2: put 15, m7 -> (t:1, i:15), STATEMACHINELOGENTRY, 393@client-76B04C62A16F
2022-09-20 10:11:48,460 [s2-server-thread2] DEBUG raftlog.RaftLog (SegmentedRaftLog.java:appendImpl(446)) - truncateIndex=-1, arrayIndex=0
2022-09-20 10:11:48,460 [s1-server-thread3] DEBUG raftlog.RaftLog (SegmentedRaftLog.java:appendImpl(446)) - truncateIndex=-1, arrayIndex=0
2022-09-20 10:11:48,476 [s0@group-469FBF65F7A7-StateMachineUpdater] INFO  statemachine.SimpleStateMachine4Testing (SimpleStateMachine4Testing.java:put(204)) - s0: put 17, m8 -> (t:1, i:17), STATEMACHINELOGENTRY, 394@client-76B04C62A16F
2022-09-20 10:11:48,476 [s1-server-thread3] DEBUG raftlog.RaftLog (SegmentedRaftLog.java:appendImpl(446)) - truncateIndex=-1, arrayIndex=0
2022-09-20 10:11:48,477 [s2-server-thread2] DEBUG raftlog.RaftLog (SegmentedRaftLog.java:appendImpl(446)) - truncateIndex=-1, arrayIndex=0
2022-09-20 10:11:48,477 [s1@group-469FBF65F7A7-StateMachineUpdater] INFO  statemachine.SimpleStateMachine4Testing (SimpleStateMachine4Testing.java:put(204)) - s1: put 17, m8 -> (t:1, i:17), STATEMACHINELOGENTRY, 394@client-76B04C62A16F
2022-09-20 10:11:48,478 [s2@group-469FBF65F7A7-StateMachineUpdater] INFO  statemachine.SimpleStateMachine4Testing (SimpleStateMachine4Testing.java:put(204)) - s2: put 17, m8 -> (t:1, i:17), STATEMACHINELOGENTRY, 394@client-76B04C62A16F
2022-09-20 10:11:48,479 [s1-server-thread3] DEBUG raftlog.RaftLog (SegmentedRaftLog.java:appendImpl(446)) - truncateIndex=-1, arrayIndex=0
2022-09-20 10:11:48,479 [s2-server-thread2] DEBUG raftlog.RaftLog (SegmentedRaftLog.java:appendImpl(446)) - truncateIndex=-1, arrayIndex=0
2022-09-20 10:11:48,480 [s0@group-469FBF65F7A7-StateMachineUpdater] INFO  statemachine.SimpleStateMachine4Testing (SimpleStateMachine4Testing.java:put(204)) - s0: put 19, m9 -> (t:1, i:19), STATEMACHINELOGENTRY, 395@client-76B04C62A16F
2022-09-20 10:11:48,481 [s1-server-thread3] DEBUG raftlog.RaftLog (SegmentedRaftLog.java:appendImpl(446)) - truncateIndex=-1, arrayIndex=0
2022-09-20 10:11:48,481 [s2-server-thread2] DEBUG raftlog.RaftLog (SegmentedRaftLog.java:appendImpl(446)) - truncateIndex=-1, arrayIndex=0
2022-09-20 10:11:48,482 [s2@group-469FBF65F7A7-StateMachineUpdater] INFO  statemachine.SimpleStateMachine4Testing (SimpleStateMachine4Testing.java:put(204)) - s2: put 19, m9 -> (t:1, i:19), STATEMACHINELOGENTRY, 395@client-76B04C62A16F
2022-09-20 10:11:48,482 [s1@group-469FBF65F7A7-StateMachineUpdater] INFO  statemachine.SimpleStateMachine4Testing (SimpleStateMachine4Testing.java:put(204)) - s1: put 19, m9 -> (t:1, i:19), STATEMACHINELOGENTRY, 395@client-76B04C62A16F
2022-09-20 10:11:48,484 [s1-server-thread3] DEBUG raftlog.RaftLog (SegmentedRaftLog.java:appendImpl(446)) - truncateIndex=-1, arrayIndex=0
2022-09-20 10:11:48,484 [s2-server-thread2] DEBUG raftlog.RaftLog (SegmentedRaftLog.java:appendImpl(446)) - truncateIndex=-1, arrayIndex=0
2022-09-20 10:11:48,485 [s0@group-469FBF65F7A7-StateMachineUpdater] INFO  statemachine.SimpleStateMachine4Testing (SimpleStateMachine4Testing.java:put(204)) - s0: put 21, m10 -> (t:1, i:21), STATEMACHINELOGENTRY, 396@client-76B04C62A16F
2022-09-20 10:11:48,486 [s1-server-thread3] DEBUG raftlog.RaftLog (SegmentedRaftLog.java:appendImpl(446)) - truncateIndex=-1, arrayIndex=0
2022-09-20 10:11:48,486 [s2-server-thread2] DEBUG raftlog.RaftLog (SegmentedRaftLog.java:appendImpl(446)) - truncateIndex=-1, arrayIndex=0
2022-09-20 10:11:48,486 [s1@group-469FBF65F7A7-StateMachineUpdater] INFO  statemachine.SimpleStateMachine4Testing (SimpleStateMachine4Testing.java:put(204)) - s1: put 21, m10 -> (t:1, i:21), STATEMACHINELOGENTRY, 396@client-76B04C62A16F
2022-09-20 10:11:48,486 [s2@group-469FBF65F7A7-StateMachineUpdater] INFO  statemachine.SimpleStateMachine4Testing (SimpleStateMachine4Testing.java:put(204)) - s2: put 21, m10 -> (t:1, i:21), STATEMACHINELOGENTRY, 396@client-76B04C62A16F
2022-09-20 10:11:48,488 [s0-client-thread1] INFO  segmented.SegmentedRaftLogWorker (SegmentedRaftLogWorker.java:rollLogSegment(432)) - s0@group-469FBF65F7A7-SegmentedRaftLogWorker: Rolling segment log-0_22 to index:22
2022-09-20 10:11:48,488 [s0@group-469FBF65F7A7-SegmentedRaftLogWorker] TRACE util.FileUtils (LogUtils.java:runAndLog(49)) - Successfully ran Atomic Files.move /home/runner/work/ratis/ratis/ratis-test/target/test/data/4b3f0585/MiniRaftClusterWithGrpc541392cf/s0/3ca58a08-2b71-4ba6-8289-469fbf65f7a7/current/log_inprogress_0 to /home/runner/work/ratis/ratis/ratis-test/target/test/data/4b3f0585/MiniRaftClusterWithGrpc541392cf/s0/3ca58a08-2b71-4ba6-8289-469fbf65f7a7/current/log_0-22
2022-09-20 10:11:48,488 [s0@group-469FBF65F7A7-SegmentedRaftLogWorker] INFO  segmented.SegmentedRaftLogWorker (SegmentedRaftLogWorker.java:execute(588)) - s0@group-469FBF65F7A7-SegmentedRaftLogWorker: Rolled log segment from /home/runner/work/ratis/ratis/ratis-test/target/test/data/4b3f0585/MiniRaftClusterWithGrpc541392cf/s0/3ca58a08-2b71-4ba6-8289-469fbf65f7a7/current/log_inprogress_0 to /home/runner/work/ratis/ratis/ratis-test/target/test/data/4b3f0585/MiniRaftClusterWithGrpc541392cf/s0/3ca58a08-2b71-4ba6-8289-469fbf65f7a7/current/log_0-22
2022-09-20 10:11:48,489 [s1-server-thread3] DEBUG raftlog.RaftLog (SegmentedRaftLog.java:appendImpl(446)) - truncateIndex=-1, arrayIndex=0
2022-09-20 10:11:48,489 [s2-server-thread2] DEBUG raftlog.RaftLog (SegmentedRaftLog.java:appendImpl(446)) - truncateIndex=-1, arrayIndex=0
2022-09-20 10:11:48,489 [s1-server-thread3] INFO  segmented.SegmentedRaftLogWorker (SegmentedRaftLogWorker.java:rollLogSegment(432)) - s1@group-469FBF65F7A7-SegmentedRaftLogWorker: Rolling segment log-0_22 to index:22
2022-09-20 10:11:48,489 [s2-server-thread2] INFO  segmented.SegmentedRaftLogWorker (SegmentedRaftLogWorker.java:rollLogSegment(432)) - s2@group-469FBF65F7A7-SegmentedRaftLogWorker: Rolling segment log-0_22 to index:22
2022-09-20 10:11:48,490 [s2@group-469FBF65F7A7-SegmentedRaftLogWorker] TRACE util.FileUtils (LogUtils.java:runAndLog(49)) - Successfully ran Atomic Files.move /home/runner/work/ratis/ratis/ratis-test/target/test/data/4b3f0585/MiniRaftClusterWithGrpc541392cf/s2/3ca58a08-2b71-4ba6-8289-469fbf65f7a7/current/log_inprogress_0 to /home/runner/work/ratis/ratis/ratis-test/target/test/data/4b3f0585/MiniRaftClusterWithGrpc541392cf/s2/3ca58a08-2b71-4ba6-8289-469fbf65f7a7/current/log_0-22
2022-09-20 10:11:48,490 [s2@group-469FBF65F7A7-SegmentedRaftLogWorker] INFO  segmented.SegmentedRaftLogWorker (SegmentedRaftLogWorker.java:execute(588)) - s2@group-469FBF65F7A7-SegmentedRaftLogWorker: Rolled log segment from /home/runner/work/ratis/ratis/ratis-test/target/test/data/4b3f0585/MiniRaftClusterWithGrpc541392cf/s2/3ca58a08-2b71-4ba6-8289-469fbf65f7a7/current/log_inprogress_0 to /home/runner/work/ratis/ratis/ratis-test/target/test/data/4b3f0585/MiniRaftClusterWithGrpc541392cf/s2/3ca58a08-2b71-4ba6-8289-469fbf65f7a7/current/log_0-22
2022-09-20 10:11:48,490 [s1@group-469FBF65F7A7-SegmentedRaftLogWorker] TRACE util.FileUtils (LogUtils.java:runAndLog(49)) - Successfully ran Atomic Files.move /home/runner/work/ratis/ratis/ratis-test/target/test/data/4b3f0585/MiniRaftClusterWithGrpc541392cf/s1/3ca58a08-2b71-4ba6-8289-469fbf65f7a7/current/log_inprogress_0 to /home/runner/work/ratis/ratis/ratis-test/target/test/data/4b3f0585/MiniRaftClusterWithGrpc541392cf/s1/3ca58a08-2b71-4ba6-8289-469fbf65f7a7/current/log_0-22
2022-09-20 10:11:48,490 [s1@group-469FBF65F7A7-SegmentedRaftLogWorker] INFO  segmented.SegmentedRaftLogWorker (SegmentedRaftLogWorker.java:execute(588)) - s1@group-469FBF65F7A7-SegmentedRaftLogWorker: Rolled log segment from /home/runner/work/ratis/ratis/ratis-test/target/test/data/4b3f0585/MiniRaftClusterWithGrpc541392cf/s1/3ca58a08-2b71-4ba6-8289-469fbf65f7a7/current/log_inprogress_0 to /home/runner/work/ratis/ratis/ratis-test/target/test/data/4b3f0585/MiniRaftClusterWithGrpc541392cf/s1/3ca58a08-2b71-4ba6-8289-469fbf65f7a7/current/log_0-22
2022-09-20 10:11:48,490 [s0@group-469FBF65F7A7-SegmentedRaftLogWorker] INFO  segmented.SegmentedRaftLogWorker (SegmentedRaftLogWorker.java:execute(631)) - s0@group-469FBF65F7A7-SegmentedRaftLogWorker: created new log segment /home/runner/work/ratis/ratis/ratis-test/target/test/data/4b3f0585/MiniRaftClusterWithGrpc541392cf/s0/3ca58a08-2b71-4ba6-8289-469fbf65f7a7/current/log_inprogress_23
2022-09-20 10:11:48,491 [s2@group-469FBF65F7A7-SegmentedRaftLogWorker] INFO  segmented.SegmentedRaftLogWorker (SegmentedRaftLogWorker.java:execute(631)) - s2@group-469FBF65F7A7-SegmentedRaftLogWorker: created new log segment /home/runner/work/ratis/ratis/ratis-test/target/test/data/4b3f0585/MiniRaftClusterWithGrpc541392cf/s2/3ca58a08-2b71-4ba6-8289-469fbf65f7a7/current/log_inprogress_23
2022-09-20 10:11:48,491 [s1@group-469FBF65F7A7-SegmentedRaftLogWorker] INFO  segmented.SegmentedRaftLogWorker (SegmentedRaftLogWorker.java:execute(631)) - s1@group-469FBF65F7A7-SegmentedRaftLogWorker: created new log segment /home/runner/work/ratis/ratis/ratis-test/target/test/data/4b3f0585/MiniRaftClusterWithGrpc541392cf/s1/3ca58a08-2b71-4ba6-8289-469fbf65f7a7/current/log_inprogress_23
2022-09-20 10:11:48,492 [s0@group-469FBF65F7A7-StateMachineUpdater] INFO  statemachine.SimpleStateMachine4Testing (SimpleStateMachine4Testing.java:put(204)) - s0: put 23, m11 -> (t:1, i:23), STATEMACHINELOGENTRY, 397@client-76B04C62A16F
2022-09-20 10:11:48,492 [s2-server-thread2] DEBUG raftlog.RaftLog (SegmentedRaftLog.java:appendImpl(446)) - truncateIndex=-1, arrayIndex=0
2022-09-20 10:11:48,492 [s1-server-thread3] DEBUG raftlog.RaftLog (SegmentedRaftLog.java:appendImpl(446)) - truncateIndex=-1, arrayIndex=0
2022-09-20 10:11:48,493 [s1@group-469FBF65F7A7-StateMachineUpdater] INFO  statemachine.SimpleStateMachine4Testing (SimpleStateMachine4Testing.java:put(204)) - s1: put 23, m11 -> (t:1, i:23), STATEMACHINELOGENTRY, 397@client-76B04C62A16F
2022-09-20 10:11:48,493 [s2@group-469FBF65F7A7-StateMachineUpdater] INFO  statemachine.SimpleStateMachine4Testing (SimpleStateMachine4Testing.java:put(204)) - s2: put 23, m11 -> (t:1, i:23), STATEMACHINELOGENTRY, 397@client-76B04C62A16F
2022-09-20 10:11:48,495 [s1-server-thread3] DEBUG raftlog.RaftLog (SegmentedRaftLog.java:appendImpl(446)) - truncateIndex=-1, arrayIndex=0
2022-09-20 10:11:48,496 [s2-server-thread2] DEBUG raftlog.RaftLog (SegmentedRaftLog.java:appendImpl(446)) - truncateIndex=-1, arrayIndex=0
2022-09-20 10:11:48,496 [s0@group-469FBF65F7A7-StateMachineUpdater] INFO  statemachine.SimpleStateMachine4Testing (SimpleStateMachine4Testing.java:put(204)) - s0: put 25, m12 -> (t:1, i:25), STATEMACHINELOGENTRY, 398@client-76B04C62A16F
2022-09-20 10:11:48,497 [s1-server-thread3] DEBUG raftlog.RaftLog (SegmentedRaftLog.java:appendImpl(446)) - truncateIndex=-1, arrayIndex=0
2022-09-20 10:11:48,497 [s1@group-469FBF65F7A7-StateMachineUpdater] INFO  statemachine.SimpleStateMachine4Testing (SimpleStateMachine4Testing.java:put(204)) - s1: put 25, m12 -> (t:1, i:25), STATEMACHINELOGENTRY, 398@client-76B04C62A16F
2022-09-20 10:11:48,498 [s2-server-thread2] DEBUG raftlog.RaftLog (SegmentedRaftLog.java:appendImpl(446)) - truncateIndex=-1, arrayIndex=0
2022-09-20 10:11:48,498 [s2@group-469FBF65F7A7-StateMachineUpdater] INFO  statemachine.SimpleStateMachine4Testing (SimpleStateMachine4Testing.java:put(204)) - s2: put 25, m12 -> (t:1, i:25), STATEMACHINELOGENTRY, 398@client-76B04C62A16F
2022-09-20 10:11:48,500 [s1-server-thread3] DEBUG raftlog.RaftLog (SegmentedRaftLog.java:appendImpl(446)) - truncateIndex=-1, arrayIndex=0
2022-09-20 10:11:48,500 [s2-server-thread2] DEBUG raftlog.RaftLog (SegmentedRaftLog.java:appendImpl(446)) - truncateIndex=-1, arrayIndex=0
2022-09-20 10:11:48,500 [s0@group-469FBF65F7A7-StateMachineUpdater] INFO  statemachine.SimpleStateMachine4Testing (SimpleStateMachine4Testing.java:put(204)) - s0: put 27, m13 -> (t:1, i:27), STATEMACHINELOGENTRY, 399@client-76B04C62A16F
2022-09-20 10:11:48,501 [s1-server-thread3] DEBUG raftlog.RaftLog (SegmentedRaftLog.java:appendImpl(446)) - truncateIndex=-1, arrayIndex=0
2022-09-20 10:11:48,501 [s1@group-469FBF65F7A7-StateMachineUpdater] INFO  statemachine.SimpleStateMachine4Testing (SimpleStateMachine4Testing.java:put(204)) - s1: put 27, m13 -> (t:1, i:27), STATEMACHINELOGENTRY, 399@client-76B04C62A16F
2022-09-20 10:11:48,502 [s2-server-thread2] DEBUG raftlog.RaftLog (SegmentedRaftLog.java:appendImpl(446)) - truncateIndex=-1, arrayIndex=0
2022-09-20 10:11:48,502 [s2@group-469FBF65F7A7-StateMachineUpdater] INFO  statemachine.SimpleStateMachine4Testing (SimpleStateMachine4Testing.java:put(204)) - s2: put 27, m13 -> (t:1, i:27), STATEMACHINELOGENTRY, 399@client-76B04C62A16F
2022-09-20 10:11:48,504 [s1-server-thread3] DEBUG raftlog.RaftLog (SegmentedRaftLog.java:appendImpl(446)) - truncateIndex=-1, arrayIndex=0
2022-09-20 10:11:48,504 [s2-server-thread2] DEBUG raftlog.RaftLog (SegmentedRaftLog.java:appendImpl(446)) - truncateIndex=-1, arrayIndex=0
2022-09-20 10:11:48,505 [s0@group-469FBF65F7A7-StateMachineUpdater] INFO  statemachine.SimpleStateMachine4Testing (SimpleStateMachine4Testing.java:put(204)) - s0: put 29, m14 -> (t:1, i:29), STATEMACHINELOGENTRY, 400@client-76B04C62A16F
2022-09-20 10:11:48,505 [s1-server-thread3] DEBUG raftlog.RaftLog (SegmentedRaftLog.java:appendImpl(446)) - truncateIndex=-1, arrayIndex=0
2022-09-20 10:11:48,506 [s1@group-469FBF65F7A7-StateMachineUpdater] INFO  statemachine.SimpleStateMachine4Testing (SimpleStateMachine4Testing.java:put(204)) - s1: put 29, m14 -> (t:1, i:29), STATEMACHINELOGENTRY, 400@client-76B04C62A16F
2022-09-20 10:11:48,506 [s2-server-thread2] DEBUG raftlog.RaftLog (SegmentedRaftLog.java:appendImpl(446)) - truncateIndex=-1, arrayIndex=0
2022-09-20 10:11:48,508 [s2@group-469FBF65F7A7-StateMachineUpdater] INFO  statemachine.SimpleStateMachine4Testing (SimpleStateMachine4Testing.java:put(204)) - s2: put 29, m14 -> (t:1, i:29), STATEMACHINELOGENTRY, 400@client-76B04C62A16F
2022-09-20 10:11:48,510 [s2-server-thread2] DEBUG raftlog.RaftLog (SegmentedRaftLog.java:appendImpl(446)) - truncateIndex=-1, arrayIndex=0
2022-09-20 10:11:48,510 [s1-server-thread3] DEBUG raftlog.RaftLog (SegmentedRaftLog.java:appendImpl(446)) - truncateIndex=-1, arrayIndex=0
2022-09-20 10:11:48,510 [s0@group-469FBF65F7A7-StateMachineUpdater] INFO  statemachine.SimpleStateMachine4Testing (SimpleStateMachine4Testing.java:put(204)) - s0: put 31, m15 -> (t:1, i:31), STATEMACHINELOGENTRY, 401@client-76B04C62A16F
2022-09-20 10:11:48,511 [s1-server-thread3] DEBUG raftlog.RaftLog (SegmentedRaftLog.java:appendImpl(446)) - truncateIndex=-1, arrayIndex=0
2022-09-20 10:11:48,512 [s1@group-469FBF65F7A7-StateMachineUpdater] INFO  statemachine.SimpleStateMachine4Testing (SimpleStateMachine4Testing.java:put(204)) - s1: put 31, m15 -> (t:1, i:31), STATEMACHINELOGENTRY, 401@client-76B04C62A16F
2022-09-20 10:11:48,513 [s2-server-thread2] DEBUG raftlog.RaftLog (SegmentedRaftLog.java:appendImpl(446)) - truncateIndex=-1, arrayIndex=0
2022-09-20 10:11:48,514 [s2@group-469FBF65F7A7-StateMachineUpdater] INFO  statemachine.SimpleStateMachine4Testing (SimpleStateMachine4Testing.java:put(204)) - s2: put 31, m15 -> (t:1, i:31), STATEMACHINELOGENTRY, 401@client-76B04C62A16F
2022-09-20 10:11:48,515 [s1-server-thread3] DEBUG raftlog.RaftLog (SegmentedRaftLog.java:appendImpl(446)) - truncateIndex=-1, arrayIndex=0
2022-09-20 10:11:48,516 [s2-server-thread2] DEBUG raftlog.RaftLog (SegmentedRaftLog.java:appendImpl(446)) - truncateIndex=-1, arrayIndex=0
2022-09-20 10:11:48,516 [s0@group-469FBF65F7A7-StateMachineUpdater] INFO  statemachine.SimpleStateMachine4Testing (SimpleStateMachine4Testing.java:put(204)) - s0: put 33, m16 -> (t:1, i:33), STATEMACHINELOGENTRY, 402@client-76B04C62A16F
2022-09-20 10:11:48,517 [s1-server-thread3] DEBUG raftlog.RaftLog (SegmentedRaftLog.java:appendImpl(446)) - truncateIndex=-1, arrayIndex=0
2022-09-20 10:11:48,517 [s1@group-469FBF65F7A7-StateMachineUpdater] INFO  statemachine.SimpleStateMachine4Testing (SimpleStateMachine4Testing.java:put(204)) - s1: put 33, m16 -> (t:1, i:33), STATEMACHINELOGENTRY, 402@client-76B04C62A16F
2022-09-20 10:11:48,518 [s2-server-thread2] DEBUG raftlog.RaftLog (SegmentedRaftLog.java:appendImpl(446)) - truncateIndex=-1, arrayIndex=0
2022-09-20 10:11:48,518 [s2@group-469FBF65F7A7-StateMachineUpdater] INFO  statemachine.SimpleStateMachine4Testing (SimpleStateMachine4Testing.java:put(204)) - s2: put 33, m16 -> (t:1, i:33), STATEMACHINELOGENTRY, 402@client-76B04C62A16F
2022-09-20 10:11:48,519 [s2-server-thread2] DEBUG raftlog.RaftLog (SegmentedRaftLog.java:appendImpl(446)) - truncateIndex=-1, arrayIndex=0
2022-09-20 10:11:48,520 [s1-server-thread3] DEBUG raftlog.RaftLog (SegmentedRaftLog.java:appendImpl(446)) - truncateIndex=-1, arrayIndex=0
2022-09-20 10:11:48,520 [s0@group-469FBF65F7A7-StateMachineUpdater] INFO  statemachine.SimpleStateMachine4Testing (SimpleStateMachine4Testing.java:put(204)) - s0: put 35, m17 -> (t:1, i:35), STATEMACHINELOGENTRY, 403@client-76B04C62A16F
2022-09-20 10:11:48,521 [s2-server-thread2] DEBUG raftlog.RaftLog (SegmentedRaftLog.java:appendImpl(446)) - truncateIndex=-1, arrayIndex=0
2022-09-20 10:11:48,521 [s1-server-thread3] DEBUG raftlog.RaftLog (SegmentedRaftLog.java:appendImpl(446)) - truncateIndex=-1, arrayIndex=0
2022-09-20 10:11:48,521 [s2@group-469FBF65F7A7-StateMachineUpdater] INFO  statemachine.SimpleStateMachine4Testing (SimpleStateMachine4Testing.java:put(204)) - s2: put 35, m17 -> (t:1, i:35), STATEMACHINELOGENTRY, 403@client-76B04C62A16F
2022-09-20 10:11:48,522 [s1@group-469FBF65F7A7-StateMachineUpdater] INFO  statemachine.SimpleStateMachine4Testing (SimpleStateMachine4Testing.java:put(204)) - s1: put 35, m17 -> (t:1, i:35), STATEMACHINELOGENTRY, 403@client-76B04C62A16F
2022-09-20 10:11:48,523 [s1-server-thread3] DEBUG raftlog.RaftLog (SegmentedRaftLog.java:appendImpl(446)) - truncateIndex=-1, arrayIndex=0
2022-09-20 10:11:48,524 [s2-server-thread2] DEBUG raftlog.RaftLog (SegmentedRaftLog.java:appendImpl(446)) - truncateIndex=-1, arrayIndex=0
2022-09-20 10:11:48,524 [s0@group-469FBF65F7A7-StateMachineUpdater] INFO  statemachine.SimpleStateMachine4Testing (SimpleStateMachine4Testing.java:put(204)) - s0: put 37, m18 -> (t:1, i:37), STATEMACHINELOGENTRY, 404@client-76B04C62A16F
2022-09-20 10:11:48,525 [s1-server-thread3] DEBUG raftlog.RaftLog (SegmentedRaftLog.java:appendImpl(446)) - truncateIndex=-1, arrayIndex=0
2022-09-20 10:11:48,525 [s2-server-thread2] DEBUG raftlog.RaftLog (SegmentedRaftLog.java:appendImpl(446)) - truncateIndex=-1, arrayIndex=0
2022-09-20 10:11:48,526 [s2@group-469FBF65F7A7-StateMachineUpdater] INFO  statemachine.SimpleStateMachine4Testing (SimpleStateMachine4Testing.java:put(204)) - s2: put 37, m18 -> (t:1, i:37), STATEMACHINELOGENTRY, 404@client-76B04C62A16F
2022-09-20 10:11:48,526 [s1@group-469FBF65F7A7-StateMachineUpdater] INFO  statemachine.SimpleStateMachine4Testing (SimpleStateMachine4Testing.java:put(204)) - s1: put 37, m18 -> (t:1, i:37), STATEMACHINELOGENTRY, 404@client-76B04C62A16F
2022-09-20 10:11:48,527 [s1-server-thread3] DEBUG raftlog.RaftLog (SegmentedRaftLog.java:appendImpl(446)) - truncateIndex=-1, arrayIndex=0
2022-09-20 10:11:48,528 [s2-server-thread2] DEBUG raftlog.RaftLog (SegmentedRaftLog.java:appendImpl(446)) - truncateIndex=-1, arrayIndex=0
2022-09-20 10:11:48,529 [s0@group-469FBF65F7A7-StateMachineUpdater] INFO  statemachine.SimpleStateMachine4Testing (SimpleStateMachine4Testing.java:put(204)) - s0: put 39, m19 -> (t:1, i:39), STATEMACHINELOGENTRY, 405@client-76B04C62A16F
2022-09-20 10:11:48,530 [s1-server-thread3] DEBUG raftlog.RaftLog (SegmentedRaftLog.java:appendImpl(446)) - truncateIndex=-1, arrayIndex=0
2022-09-20 10:11:48,530 [s2-server-thread2] DEBUG raftlog.RaftLog (SegmentedRaftLog.java:appendImpl(446)) - truncateIndex=-1, arrayIndex=0
2022-09-20 10:11:48,530 [s1@group-469FBF65F7A7-StateMachineUpdater] INFO  statemachine.SimpleStateMachine4Testing (SimpleStateMachine4Testing.java:put(204)) - s1: put 39, m19 -> (t:1, i:39), STATEMACHINELOGENTRY, 405@client-76B04C62A16F
2022-09-20 10:11:48,530 [s2@group-469FBF65F7A7-StateMachineUpdater] INFO  statemachine.SimpleStateMachine4Testing (SimpleStateMachine4Testing.java:put(204)) - s2: put 39, m19 -> (t:1, i:39), STATEMACHINELOGENTRY, 405@client-76B04C62A16F
2022-09-20 10:11:48,532 [s1-server-thread3] DEBUG raftlog.RaftLog (SegmentedRaftLog.java:appendImpl(446)) - truncateIndex=-1, arrayIndex=0
2022-09-20 10:11:48,532 [s2-server-thread2] DEBUG raftlog.RaftLog (SegmentedRaftLog.java:appendImpl(446)) - truncateIndex=-1, arrayIndex=0
2022-09-20 10:11:48,533 [s0@group-469FBF65F7A7-StateMachineUpdater] INFO  statemachine.SimpleStateMachine4Testing (SimpleStateMachine4Testing.java:put(204)) - s0: put 41, m20 -> (t:1, i:41), STATEMACHINELOGENTRY, 406@client-76B04C62A16F
2022-09-20 10:11:48,534 [s1-server-thread3] DEBUG raftlog.RaftLog (SegmentedRaftLog.java:appendImpl(446)) - truncateIndex=-1, arrayIndex=0
2022-09-20 10:11:48,534 [s2-server-thread2] DEBUG raftlog.RaftLog (SegmentedRaftLog.java:appendImpl(446)) - truncateIndex=-1, arrayIndex=0
2022-09-20 10:11:48,534 [s1@group-469FBF65F7A7-StateMachineUpdater] INFO  statemachine.SimpleStateMachine4Testing (SimpleStateMachine4Testing.java:put(204)) - s1: put 41, m20 -> (t:1, i:41), STATEMACHINELOGENTRY, 406@client-76B04C62A16F
2022-09-20 10:11:48,534 [s2@group-469FBF65F7A7-StateMachineUpdater] INFO  statemachine.SimpleStateMachine4Testing (SimpleStateMachine4Testing.java:put(204)) - s2: put 41, m20 -> (t:1, i:41), STATEMACHINELOGENTRY, 406@client-76B04C62A16F
2022-09-20 10:11:48,536 [s1-server-thread3] DEBUG raftlog.RaftLog (SegmentedRaftLog.java:appendImpl(446)) - truncateIndex=-1, arrayIndex=0
2022-09-20 10:11:48,536 [s2-server-thread2] DEBUG raftlog.RaftLog (SegmentedRaftLog.java:appendImpl(446)) - truncateIndex=-1, arrayIndex=0
2022-09-20 10:11:48,537 [s0@group-469FBF65F7A7-StateMachineUpdater] INFO  statemachine.SimpleStateMachine4Testing (SimpleStateMachine4Testing.java:put(204)) - s0: put 43, m21 -> (t:1, i:43), STATEMACHINELOGENTRY, 407@client-76B04C62A16F
2022-09-20 10:11:48,538 [s1-server-thread3] DEBUG raftlog.RaftLog (SegmentedRaftLog.java:appendImpl(446)) - truncateIndex=-1, arrayIndex=0
2022-09-20 10:11:48,538 [s1@group-469FBF65F7A7-StateMachineUpdater] INFO  statemachine.SimpleStateMachine4Testing (SimpleStateMachine4Testing.java:put(204)) - s1: put 43, m21 -> (t:1, i:43), STATEMACHINELOGENTRY, 407@client-76B04C62A16F
2022-09-20 10:11:48,539 [s2-server-thread2] DEBUG raftlog.RaftLog (SegmentedRaftLog.java:appendImpl(446)) - truncateIndex=-1, arrayIndex=0
2022-09-20 10:11:48,539 [s2@group-469FBF65F7A7-StateMachineUpdater] INFO  statemachine.SimpleStateMachine4Testing (SimpleStateMachine4Testing.java:put(204)) - s2: put 43, m21 -> (t:1, i:43), STATEMACHINELOGENTRY, 407@client-76B04C62A16F
2022-09-20 10:11:48,541 [s1-server-thread3] DEBUG raftlog.RaftLog (SegmentedRaftLog.java:appendImpl(446)) - truncateIndex=-1, arrayIndex=0
2022-09-20 10:11:48,541 [s2-server-thread2] DEBUG raftlog.RaftLog (SegmentedRaftLog.java:appendImpl(446)) - truncateIndex=-1, arrayIndex=0
2022-09-20 10:11:48,542 [s0@group-469FBF65F7A7-StateMachineUpdater] INFO  statemachine.SimpleStateMachine4Testing (SimpleStateMachine4Testing.java:put(204)) - s0: put 45, m22 -> (t:1, i:45), STATEMACHINELOGENTRY, 408@client-76B04C62A16F
2022-09-20 10:11:48,542 [s1-server-thread3] DEBUG raftlog.RaftLog (SegmentedRaftLog.java:appendImpl(446)) - truncateIndex=-1, arrayIndex=0
2022-09-20 10:11:48,543 [s1@group-469FBF65F7A7-StateMachineUpdater] INFO  statemachine.SimpleStateMachine4Testing (SimpleStateMachine4Testing.java:put(204)) - s1: put 45, m22 -> (t:1, i:45), STATEMACHINELOGENTRY, 408@client-76B04C62A16F
2022-09-20 10:11:48,543 [s2-server-thread2] DEBUG raftlog.RaftLog (SegmentedRaftLog.java:appendImpl(446)) - truncateIndex=-1, arrayIndex=0
2022-09-20 10:11:48,544 [s2@group-469FBF65F7A7-StateMachineUpdater] INFO  statemachine.SimpleStateMachine4Testing (SimpleStateMachine4Testing.java:put(204)) - s2: put 45, m22 -> (t:1, i:45), STATEMACHINELOGENTRY, 408@client-76B04C62A16F
2022-09-20 10:11:48,545 [s1-server-thread3] DEBUG raftlog.RaftLog (SegmentedRaftLog.java:appendImpl(446)) - truncateIndex=-1, arrayIndex=0
2022-09-20 10:11:48,546 [s2-server-thread2] DEBUG raftlog.RaftLog (SegmentedRaftLog.java:appendImpl(446)) - truncateIndex=-1, arrayIndex=0
2022-09-20 10:11:48,546 [s0@group-469FBF65F7A7-StateMachineUpdater] INFO  statemachine.SimpleStateMachine4Testing (SimpleStateMachine4Testing.java:put(204)) - s0: put 47, m23 -> (t:1, i:47), STATEMACHINELOGENTRY, 409@client-76B04C62A16F
2022-09-20 10:11:48,547 [s1-server-thread3] DEBUG raftlog.RaftLog (SegmentedRaftLog.java:appendImpl(446)) - truncateIndex=-1, arrayIndex=0
2022-09-20 10:11:48,547 [s1@group-469FBF65F7A7-StateMachineUpdater] INFO  statemachine.SimpleStateMachine4Testing (SimpleStateMachine4Testing.java:put(204)) - s1: put 47, m23 -> (t:1, i:47), STATEMACHINELOGENTRY, 409@client-76B04C62A16F
2022-09-20 10:11:48,548 [s2-server-thread2] DEBUG raftlog.RaftLog (SegmentedRaftLog.java:appendImpl(446)) - truncateIndex=-1, arrayIndex=0
2022-09-20 10:11:48,548 [s2@group-469FBF65F7A7-StateMachineUpdater] INFO  statemachine.SimpleStateMachine4Testing (SimpleStateMachine4Testing.java:put(204)) - s2: put 47, m23 -> (t:1, i:47), STATEMACHINELOGENTRY, 409@client-76B04C62A16F
2022-09-20 10:11:48,550 [s1-server-thread3] DEBUG raftlog.RaftLog (SegmentedRaftLog.java:appendImpl(446)) - truncateIndex=-1, arrayIndex=0
2022-09-20 10:11:48,550 [s2-server-thread2] DEBUG raftlog.RaftLog (SegmentedRaftLog.java:appendImpl(446)) - truncateIndex=-1, arrayIndex=0
2022-09-20 10:11:48,551 [s0@group-469FBF65F7A7-StateMachineUpdater] INFO  statemachine.SimpleStateMachine4Testing (SimpleStateMachine4Testing.java:put(204)) - s0: put 49, m24 -> (t:1, i:49), STATEMACHINELOGENTRY, 410@client-76B04C62A16F
2022-09-20 10:11:48,552 [s1-server-thread3] DEBUG raftlog.RaftLog (SegmentedRaftLog.java:appendImpl(446)) - truncateIndex=-1, arrayIndex=0
2022-09-20 10:11:48,552 [s2-server-thread2] DEBUG raftlog.RaftLog (SegmentedRaftLog.java:appendImpl(446)) - truncateIndex=-1, arrayIndex=0
2022-09-20 10:11:48,552 [s1@group-469FBF65F7A7-StateMachineUpdater] INFO  statemachine.SimpleStateMachine4Testing (SimpleStateMachine4Testing.java:put(204)) - s1: put 49, m24 -> (t:1, i:49), STATEMACHINELOGENTRY, 410@client-76B04C62A16F
2022-09-20 10:11:48,553 [s2@group-469FBF65F7A7-StateMachineUpdater] INFO  statemachine.SimpleStateMachine4Testing (SimpleStateMachine4Testing.java:put(204)) - s2: put 49, m24 -> (t:1, i:49), STATEMACHINELOGENTRY, 410@client-76B04C62A16F
2022-09-20 10:11:48,554 [s0-client-thread1] INFO  segmented.SegmentedRaftLogWorker (SegmentedRaftLogWorker.java:rollLogSegment(432)) - s0@group-469FBF65F7A7-SegmentedRaftLogWorker: Rolling segment log-23_50 to index:50
2022-09-20 10:11:48,554 [s0@group-469FBF65F7A7-SegmentedRaftLogWorker] TRACE util.FileUtils (LogUtils.java:runAndLog(49)) - Successfully ran Atomic Files.move /home/runner/work/ratis/ratis/ratis-test/target/test/data/4b3f0585/MiniRaftClusterWithGrpc541392cf/s0/3ca58a08-2b71-4ba6-8289-469fbf65f7a7/current/log_inprogress_23 to /home/runner/work/ratis/ratis/ratis-test/target/test/data/4b3f0585/MiniRaftClusterWithGrpc541392cf/s0/3ca58a08-2b71-4ba6-8289-469fbf65f7a7/current/log_23-50
2022-09-20 10:11:48,554 [s0@group-469FBF65F7A7-SegmentedRaftLogWorker] INFO  segmented.SegmentedRaftLogWorker (SegmentedRaftLogWorker.java:execute(588)) - s0@group-469FBF65F7A7-SegmentedRaftLogWorker: Rolled log segment from /home/runner/work/ratis/ratis/ratis-test/target/test/data/4b3f0585/MiniRaftClusterWithGrpc541392cf/s0/3ca58a08-2b71-4ba6-8289-469fbf65f7a7/current/log_inprogress_23 to /home/runner/work/ratis/ratis/ratis-test/target/test/data/4b3f0585/MiniRaftClusterWithGrpc541392cf/s0/3ca58a08-2b71-4ba6-8289-469fbf65f7a7/current/log_23-50
2022-09-20 10:11:48,555 [s1-server-thread3] DEBUG raftlog.RaftLog (SegmentedRaftLog.java:appendImpl(446)) - truncateIndex=-1, arrayIndex=0
2022-09-20 10:11:48,555 [s1-server-thread3] INFO  segmented.SegmentedRaftLogWorker (SegmentedRaftLogWorker.java:rollLogSegment(432)) - s1@group-469FBF65F7A7-SegmentedRaftLogWorker: Rolling segment log-23_50 to index:50
2022-09-20 10:11:48,555 [s1@group-469FBF65F7A7-SegmentedRaftLogWorker] TRACE util.FileUtils (LogUtils.java:runAndLog(49)) - Successfully ran Atomic Files.move /home/runner/work/ratis/ratis/ratis-test/target/test/data/4b3f0585/MiniRaftClusterWithGrpc541392cf/s1/3ca58a08-2b71-4ba6-8289-469fbf65f7a7/current/log_inprogress_23 to /home/runner/work/ratis/ratis/ratis-test/target/test/data/4b3f0585/MiniRaftClusterWithGrpc541392cf/s1/3ca58a08-2b71-4ba6-8289-469fbf65f7a7/current/log_23-50
2022-09-20 10:11:48,555 [s1@group-469FBF65F7A7-SegmentedRaftLogWorker] INFO  segmented.SegmentedRaftLogWorker (SegmentedRaftLogWorker.java:execute(588)) - s1@group-469FBF65F7A7-SegmentedRaftLogWorker: Rolled log segment from /home/runner/work/ratis/ratis/ratis-test/target/test/data/4b3f0585/MiniRaftClusterWithGrpc541392cf/s1/3ca58a08-2b71-4ba6-8289-469fbf65f7a7/current/log_inprogress_23 to /home/runner/work/ratis/ratis/ratis-test/target/test/data/4b3f0585/MiniRaftClusterWithGrpc541392cf/s1/3ca58a08-2b71-4ba6-8289-469fbf65f7a7/current/log_23-50
2022-09-20 10:11:48,556 [s0@group-469FBF65F7A7-SegmentedRaftLogWorker] INFO  segmented.SegmentedRaftLogWorker (SegmentedRaftLogWorker.java:execute(631)) - s0@group-469FBF65F7A7-SegmentedRaftLogWorker: created new log segment /home/runner/work/ratis/ratis/ratis-test/target/test/data/4b3f0585/MiniRaftClusterWithGrpc541392cf/s0/3ca58a08-2b71-4ba6-8289-469fbf65f7a7/current/log_inprogress_51
2022-09-20 10:11:48,556 [s2-server-thread2] DEBUG raftlog.RaftLog (SegmentedRaftLog.java:appendImpl(446)) - truncateIndex=-1, arrayIndex=0
2022-09-20 10:11:48,556 [s2-server-thread2] INFO  segmented.SegmentedRaftLogWorker (SegmentedRaftLogWorker.java:rollLogSegment(432)) - s2@group-469FBF65F7A7-SegmentedRaftLogWorker: Rolling segment log-23_50 to index:50
2022-09-20 10:11:48,556 [s2@group-469FBF65F7A7-SegmentedRaftLogWorker] TRACE util.FileUtils (LogUtils.java:runAndLog(49)) - Successfully ran Atomic Files.move /home/runner/work/ratis/ratis/ratis-test/target/test/data/4b3f0585/MiniRaftClusterWithGrpc541392cf/s2/3ca58a08-2b71-4ba6-8289-469fbf65f7a7/current/log_inprogress_23 to /home/runner/work/ratis/ratis/ratis-test/target/test/data/4b3f0585/MiniRaftClusterWithGrpc541392cf/s2/3ca58a08-2b71-4ba6-8289-469fbf65f7a7/current/log_23-50
2022-09-20 10:11:48,556 [s2@group-469FBF65F7A7-SegmentedRaftLogWorker] INFO  segmented.SegmentedRaftLogWorker (SegmentedRaftLogWorker.java:execute(588)) - s2@group-469FBF65F7A7-SegmentedRaftLogWorker: Rolled log segment from /home/runner/work/ratis/ratis/ratis-test/target/test/data/4b3f0585/MiniRaftClusterWithGrpc541392cf/s2/3ca58a08-2b71-4ba6-8289-469fbf65f7a7/current/log_inprogress_23 to /home/runner/work/ratis/ratis/ratis-test/target/test/data/4b3f0585/MiniRaftClusterWithGrpc541392cf/s2/3ca58a08-2b71-4ba6-8289-469fbf65f7a7/current/log_23-50
2022-09-20 10:11:48,557 [s1@group-469FBF65F7A7-SegmentedRaftLogWorker] INFO  segmented.SegmentedRaftLogWorker (SegmentedRaftLogWorker.java:execute(631)) - s1@group-469FBF65F7A7-SegmentedRaftLogWorker: created new log segment /home/runner/work/ratis/ratis/ratis-test/target/test/data/4b3f0585/MiniRaftClusterWithGrpc541392cf/s1/3ca58a08-2b71-4ba6-8289-469fbf65f7a7/current/log_inprogress_51
2022-09-20 10:11:48,557 [s2@group-469FBF65F7A7-SegmentedRaftLogWorker] INFO  segmented.SegmentedRaftLogWorker (SegmentedRaftLogWorker.java:execute(631)) - s2@group-469FBF65F7A7-SegmentedRaftLogWorker: created new log segment /home/runner/work/ratis/ratis/ratis-test/target/test/data/4b3f0585/MiniRaftClusterWithGrpc541392cf/s2/3ca58a08-2b71-4ba6-8289-469fbf65f7a7/current/log_inprogress_51
2022-09-20 10:11:48,558 [s0@group-469FBF65F7A7-StateMachineUpdater] INFO  statemachine.SimpleStateMachine4Testing (SimpleStateMachine4Testing.java:put(204)) - s0: put 51, m25 -> (t:1, i:51), STATEMACHINELOGENTRY, 411@client-76B04C62A16F
2022-09-20 10:11:48,558 [s1-server-thread3] DEBUG raftlog.RaftLog (SegmentedRaftLog.java:appendImpl(446)) - truncateIndex=-1, arrayIndex=0
2022-09-20 10:11:48,559 [s1@group-469FBF65F7A7-StateMachineUpdater] INFO  statemachine.SimpleStateMachine4Testing (SimpleStateMachine4Testing.java:put(204)) - s1: put 51, m25 -> (t:1, i:51), STATEMACHINELOGENTRY, 411@client-76B04C62A16F
2022-09-20 10:11:48,559 [s2-server-thread2] DEBUG raftlog.RaftLog (SegmentedRaftLog.java:appendImpl(446)) - truncateIndex=-1, arrayIndex=0
2022-09-20 10:11:48,560 [s2@group-469FBF65F7A7-StateMachineUpdater] INFO  statemachine.SimpleStateMachine4Testing (SimpleStateMachine4Testing.java:put(204)) - s2: put 51, m25 -> (t:1, i:51), STATEMACHINELOGENTRY, 411@client-76B04C62A16F
2022-09-20 10:11:48,561 [s1-server-thread3] DEBUG raftlog.RaftLog (SegmentedRaftLog.java:appendImpl(446)) - truncateIndex=-1, arrayIndex=0
2022-09-20 10:11:48,562 [s2-server-thread2] DEBUG raftlog.RaftLog (SegmentedRaftLog.java:appendImpl(446)) - truncateIndex=-1, arrayIndex=0
2022-09-20 10:11:48,562 [s0@group-469FBF65F7A7-StateMachineUpdater] INFO  statemachine.SimpleStateMachine4Testing (SimpleStateMachine4Testing.java:put(204)) - s0: put 53, m26 -> (t:1, i:53), STATEMACHINELOGENTRY, 412@client-76B04C62A16F
2022-09-20 10:11:48,563 [s1-server-thread3] DEBUG raftlog.RaftLog (SegmentedRaftLog.java:appendImpl(446)) - truncateIndex=-1, arrayIndex=0
2022-09-20 10:11:48,563 [s1@group-469FBF65F7A7-StateMachineUpdater] INFO  statemachine.SimpleStateMachine4Testing (SimpleStateMachine4Testing.java:put(204)) - s1: put 53, m26 -> (t:1, i:53), STATEMACHINELOGENTRY, 412@client-76B04C62A16F
2022-09-20 10:11:48,564 [s2-server-thread2] DEBUG raftlog.RaftLog (SegmentedRaftLog.java:appendImpl(446)) - truncateIndex=-1, arrayIndex=0
2022-09-20 10:11:48,564 [s2@group-469FBF65F7A7-StateMachineUpdater] INFO  statemachine.SimpleStateMachine4Testing (SimpleStateMachine4Testing.java:put(204)) - s2: put 53, m26 -> (t:1, i:53), STATEMACHINELOGENTRY, 412@client-76B04C62A16F
2022-09-20 10:11:48,566 [s1-server-thread3] DEBUG raftlog.RaftLog (SegmentedRaftLog.java:appendImpl(446)) - truncateIndex=-1, arrayIndex=0
2022-09-20 10:11:48,566 [s2-server-thread2] DEBUG raftlog.RaftLog (SegmentedRaftLog.java:appendImpl(446)) - truncateIndex=-1, arrayIndex=0
2022-09-20 10:11:48,567 [s0@group-469FBF65F7A7-StateMachineUpdater] INFO  statemachine.SimpleStateMachine4Testing (SimpleStateMachine4Testing.java:put(204)) - s0: put 55, m27 -> (t:1, i:55), STATEMACHINELOGENTRY, 413@client-76B04C62A16F
2022-09-20 10:11:48,568 [s1-server-thread3] DEBUG raftlog.RaftLog (SegmentedRaftLog.java:appendImpl(446)) - truncateIndex=-1, arrayIndex=0
2022-09-20 10:11:48,568 [s1@group-469FBF65F7A7-StateMachineUpdater] INFO  statemachine.SimpleStateMachine4Testing (SimpleStateMachine4Testing.java:put(204)) - s1: put 55, m27 -> (t:1, i:55), STATEMACHINELOGENTRY, 413@client-76B04C62A16F
2022-09-20 10:11:48,568 [s2-server-thread2] DEBUG raftlog.RaftLog (SegmentedRaftLog.java:appendImpl(446)) - truncateIndex=-1, arrayIndex=0
2022-09-20 10:11:48,569 [s2@group-469FBF65F7A7-StateMachineUpdater] INFO  statemachine.SimpleStateMachine4Testing (SimpleStateMachine4Testing.java:put(204)) - s2: put 55, m27 -> (t:1, i:55), STATEMACHINELOGENTRY, 413@client-76B04C62A16F
2022-09-20 10:11:48,570 [s1-server-thread3] DEBUG raftlog.RaftLog (SegmentedRaftLog.java:appendImpl(446)) - truncateIndex=-1, arrayIndex=0
2022-09-20 10:11:48,571 [s2-server-thread2] DEBUG raftlog.RaftLog (SegmentedRaftLog.java:appendImpl(446)) - truncateIndex=-1, arrayIndex=0
2022-09-20 10:11:48,571 [s0@group-469FBF65F7A7-StateMachineUpdater] INFO  statemachine.SimpleStateMachine4Testing (SimpleStateMachine4Testing.java:put(204)) - s0: put 57, m28 -> (t:1, i:57), STATEMACHINELOGENTRY, 414@client-76B04C62A16F
2022-09-20 10:11:48,572 [s1-server-thread3] DEBUG raftlog.RaftLog (SegmentedRaftLog.java:appendImpl(446)) - truncateIndex=-1, arrayIndex=0
2022-09-20 10:11:48,573 [s1@group-469FBF65F7A7-StateMachineUpdater] INFO  statemachine.SimpleStateMachine4Testing (SimpleStateMachine4Testing.java:put(204)) - s1: put 57, m28 -> (t:1, i:57), STATEMACHINELOGENTRY, 414@client-76B04C62A16F
2022-09-20 10:11:48,573 [s2-server-thread2] DEBUG raftlog.RaftLog (SegmentedRaftLog.java:appendImpl(446)) - truncateIndex=-1, arrayIndex=0
2022-09-20 10:11:48,573 [s2@group-469FBF65F7A7-StateMachineUpdater] INFO  statemachine.SimpleStateMachine4Testing (SimpleStateMachine4Testing.java:put(204)) - s2: put 57, m28 -> (t:1, i:57), STATEMACHINELOGENTRY, 414@client-76B04C62A16F
2022-09-20 10:11:48,575 [s1-server-thread3] DEBUG raftlog.RaftLog (SegmentedRaftLog.java:appendImpl(446)) - truncateIndex=-1, arrayIndex=0
2022-09-20 10:11:48,575 [s2-server-thread2] DEBUG raftlog.RaftLog (SegmentedRaftLog.java:appendImpl(446)) - truncateIndex=-1, arrayIndex=0
2022-09-20 10:11:48,576 [s0@group-469FBF65F7A7-StateMachineUpdater] INFO  statemachine.SimpleStateMachine4Testing (SimpleStateMachine4Testing.java:put(204)) - s0: put 59, m29 -> (t:1, i:59), STATEMACHINELOGENTRY, 415@client-76B04C62A16F
2022-09-20 10:11:48,577 [s1-server-thread3] DEBUG raftlog.RaftLog (SegmentedRaftLog.java:appendImpl(446)) - truncateIndex=-1, arrayIndex=0
2022-09-20 10:11:48,577 [s1@group-469FBF65F7A7-StateMachineUpdater] INFO  statemachine.SimpleStateMachine4Testing (SimpleStateMachine4Testing.java:put(204)) - s1: put 59, m29 -> (t:1, i:59), STATEMACHINELOGENTRY, 415@client-76B04C62A16F
2022-09-20 10:11:48,578 [s2-server-thread2] DEBUG raftlog.RaftLog (SegmentedRaftLog.java:appendImpl(446)) - truncateIndex=-1, arrayIndex=0
2022-09-20 10:11:48,578 [s2@group-469FBF65F7A7-StateMachineUpdater] INFO  statemachine.SimpleStateMachine4Testing (SimpleStateMachine4Testing.java:put(204)) - s2: put 59, m29 -> (t:1, i:59), STATEMACHINELOGENTRY, 415@client-76B04C62A16F
2022-09-20 10:11:48,580 [s1-server-thread3] DEBUG raftlog.RaftLog (SegmentedRaftLog.java:appendImpl(446)) - truncateIndex=-1, arrayIndex=0
2022-09-20 10:11:48,580 [s2-server-thread2] DEBUG raftlog.RaftLog (SegmentedRaftLog.java:appendImpl(446)) - truncateIndex=-1, arrayIndex=0
2022-09-20 10:11:48,581 [s0@group-469FBF65F7A7-StateMachineUpdater] INFO  statemachine.SimpleStateMachine4Testing (SimpleStateMachine4Testing.java:put(204)) - s0: put 61, m30 -> (t:1, i:61), STATEMACHINELOGENTRY, 416@client-76B04C62A16F
2022-09-20 10:11:48,582 [s1-server-thread3] DEBUG raftlog.RaftLog (SegmentedRaftLog.java:appendImpl(446)) - truncateIndex=-1, arrayIndex=0
2022-09-20 10:11:48,583 [s1@group-469FBF65F7A7-StateMachineUpdater] INFO  statemachine.SimpleStateMachine4Testing (SimpleStateMachine4Testing.java:put(204)) - s1: put 61, m30 -> (t:1, i:61), STATEMACHINELOGENTRY, 416@client-76B04C62A16F
2022-09-20 10:11:48,583 [s2-server-thread2] DEBUG raftlog.RaftLog (SegmentedRaftLog.java:appendImpl(446)) - truncateIndex=-1, arrayIndex=0
2022-09-20 10:11:48,583 [s2@group-469FBF65F7A7-StateMachineUpdater] INFO  statemachine.SimpleStateMachine4Testing (SimpleStateMachine4Testing.java:put(204)) - s2: put 61, m30 -> (t:1, i:61), STATEMACHINELOGENTRY, 416@client-76B04C62A16F
2022-09-20 10:11:48,585 [s1-server-thread3] DEBUG raftlog.RaftLog (SegmentedRaftLog.java:appendImpl(446)) - truncateIndex=-1, arrayIndex=0
2022-09-20 10:11:48,585 [s2-server-thread2] DEBUG raftlog.RaftLog (SegmentedRaftLog.java:appendImpl(446)) - truncateIndex=-1, arrayIndex=0
2022-09-20 10:11:48,586 [s0@group-469FBF65F7A7-StateMachineUpdater] INFO  statemachine.SimpleStateMachine4Testing (SimpleStateMachine4Testing.java:put(204)) - s0: put 63, m31 -> (t:1, i:63), STATEMACHINELOGENTRY, 417@client-76B04C62A16F
2022-09-20 10:11:48,591 [s1-server-thread3] DEBUG raftlog.RaftLog (SegmentedRaftLog.java:appendImpl(446)) - truncateIndex=-1, arrayIndex=0
2022-09-20 10:11:48,591 [s2-server-thread2] DEBUG raftlog.RaftLog (SegmentedRaftLog.java:appendImpl(446)) - truncateIndex=-1, arrayIndex=0
2022-09-20 10:11:48,593 [s1-server-thread3] DEBUG raftlog.RaftLog (SegmentedRaftLog.java:appendImpl(446)) - truncateIndex=-1, arrayIndex=0
2022-09-20 10:11:48,593 [s2-server-thread2] DEBUG raftlog.RaftLog (SegmentedRaftLog.java:appendImpl(446)) - truncateIndex=-1, arrayIndex=0
2022-09-20 10:11:48,596 [s1@group-469FBF65F7A7-StateMachineUpdater] INFO  statemachine.SimpleStateMachine4Testing (SimpleStateMachine4Testing.java:put(204)) - s1: put 63, m31 -> (t:1, i:63), STATEMACHINELOGENTRY, 417@client-76B04C62A16F
2022-09-20 10:11:48,596 [s2@group-469FBF65F7A7-StateMachineUpdater] INFO  statemachine.SimpleStateMachine4Testing (SimpleStateMachine4Testing.java:put(204)) - s2: put 63, m31 -> (t:1, i:63), STATEMACHINELOGENTRY, 417@client-76B04C62A16F
2022-09-20 10:11:48,598 [s1-server-thread3] DEBUG raftlog.RaftLog (SegmentedRaftLog.java:appendImpl(446)) - truncateIndex=-1, arrayIndex=0
2022-09-20 10:11:48,600 [s2-server-thread2] DEBUG raftlog.RaftLog (SegmentedRaftLog.java:appendImpl(446)) - truncateIndex=-1, arrayIndex=0
2022-09-20 10:11:48,606 [s0@group-469FBF65F7A7-StateMachineUpdater] INFO  impl.StateMachineUpdater (StateMachineUpdater.java:takeSnapshot(290)) - s0@group-469FBF65F7A7-StateMachineUpdater: Took a snapshot at index 63
2022-09-20 10:11:48,606 [s0@group-469FBF65F7A7-StateMachineUpdater] INFO  impl.StateMachineUpdater (StateMachineUpdater.java:lambda$new$0(96)) - s0@group-469FBF65F7A7-StateMachineUpdater: snapshotIndex: updateIncreasingly -1 -> 63
2022-09-20 10:11:48,606 [s0@group-469FBF65F7A7-StateMachineUpdater] INFO  raftlog.RaftLog (RaftLogBase.java:purge(314)) - s0@group-469FBF65F7A7-SegmentedRaftLog: purge 63
2022-09-20 10:11:48,606 [s0@group-469FBF65F7A7-StateMachineUpdater] INFO  raftlog.RaftLog (RaftLogBase.java:lambda$new$0(53)) - s0@group-469FBF65F7A7-SegmentedRaftLog: snapshotIndex: updateIncreasingly -1 -> 63
2022-09-20 10:11:48,606 [s0@group-469FBF65F7A7-StateMachineUpdater] DEBUG raftlog.RaftLog (SegmentedRaftLog.java:purgeImpl(366)) - purging segments:toTruncate: null
  toDelete: [(0, 22) isOpen? false, length=0, newEndIndex=0, (23, 50) isOpen? false, length=0, newEndIndex=0]
2022-09-20 10:11:48,606 [s0@group-469FBF65F7A7-SegmentedRaftLogWorker] TRACE util.FileUtils (LogUtils.java:runAndLog(49)) - Successfully ran Files.delete /home/runner/work/ratis/ratis/ratis-test/target/test/data/4b3f0585/MiniRaftClusterWithGrpc541392cf/s0/3ca58a08-2b71-4ba6-8289-469fbf65f7a7/current/log_0-22
2022-09-20 10:11:48,606 [s0@group-469FBF65F7A7-SegmentedRaftLogWorker] TRACE util.FileUtils (LogUtils.java:runAndLog(49)) - Successfully ran Files.delete /home/runner/work/ratis/ratis/ratis-test/target/test/data/4b3f0585/MiniRaftClusterWithGrpc541392cf/s0/3ca58a08-2b71-4ba6-8289-469fbf65f7a7/current/log_23-50
2022-09-20 10:11:48,606 [s0@group-469FBF65F7A7-StateMachineUpdater] INFO  raftlog.RaftLog (RaftLogBase.java:lambda$new$0(53)) - s0@group-469FBF65F7A7-SegmentedRaftLog: purgeIndex: updateToMax old=-1, new=50, updated? true
2022-09-20 10:11:48,607 [s0@group-469FBF65F7A7-StateMachineUpdater] INFO  statemachine.SimpleStateMachine4Testing (SimpleStateMachine4Testing.java:put(204)) - s0: put 65, m32 -> (t:1, i:65), STATEMACHINELOGENTRY, 418@client-76B04C62A16F
2022-09-20 10:11:48,609 [s1-server-thread3] DEBUG raftlog.RaftLog (SegmentedRaftLog.java:appendImpl(446)) - truncateIndex=-1, arrayIndex=0
2022-09-20 10:11:48,609 [s2-server-thread2] DEBUG raftlog.RaftLog (SegmentedRaftLog.java:appendImpl(446)) - truncateIndex=-1, arrayIndex=0
2022-09-20 10:11:48,614 [s0@group-469FBF65F7A7-StateMachineUpdater] INFO  statemachine.SimpleStateMachine4Testing (SimpleStateMachine4Testing.java:put(204)) - s0: put 67, m33 -> (t:1, i:67), STATEMACHINELOGENTRY, 419@client-76B04C62A16F
2022-09-20 10:11:48,615 [s1-server-thread3] DEBUG raftlog.RaftLog (SegmentedRaftLog.java:appendImpl(446)) - truncateIndex=-1, arrayIndex=0
2022-09-20 10:11:48,615 [s2@group-469FBF65F7A7-StateMachineUpdater] INFO  impl.StateMachineUpdater (StateMachineUpdater.java:takeSnapshot(290)) - s2@group-469FBF65F7A7-StateMachineUpdater: Took a snapshot at index 63
2022-09-20 10:11:48,615 [s2@group-469FBF65F7A7-StateMachineUpdater] INFO  impl.StateMachineUpdater (StateMachineUpdater.java:lambda$new$0(96)) - s2@group-469FBF65F7A7-StateMachineUpdater: snapshotIndex: updateIncreasingly -1 -> 63
2022-09-20 10:11:48,616 [s2@group-469FBF65F7A7-StateMachineUpdater] INFO  raftlog.RaftLog (RaftLogBase.java:purge(314)) - s2@group-469FBF65F7A7-SegmentedRaftLog: purge 63
2022-09-20 10:11:48,616 [s2@group-469FBF65F7A7-StateMachineUpdater] INFO  raftlog.RaftLog (RaftLogBase.java:lambda$new$0(53)) - s2@group-469FBF65F7A7-SegmentedRaftLog: snapshotIndex: updateIncreasingly -1 -> 63
2022-09-20 10:11:48,616 [s2@group-469FBF65F7A7-StateMachineUpdater] DEBUG raftlog.RaftLog (SegmentedRaftLog.java:purgeImpl(366)) - purging segments:toTruncate: null
  toDelete: [(0, 22) isOpen? false, length=0, newEndIndex=0, (23, 50) isOpen? false, length=0, newEndIndex=0]
2022-09-20 10:11:48,616 [s2@group-469FBF65F7A7-StateMachineUpdater] INFO  statemachine.SimpleStateMachine4Testing (SimpleStateMachine4Testing.java:put(204)) - s2: put 65, m32 -> (t:1, i:65), STATEMACHINELOGENTRY, 418@client-76B04C62A16F
2022-09-20 10:11:48,616 [s2-server-thread2] DEBUG raftlog.RaftLog (SegmentedRaftLog.java:appendImpl(446)) - truncateIndex=-1, arrayIndex=0
2022-09-20 10:11:48,616 [s2@group-469FBF65F7A7-SegmentedRaftLogWorker] TRACE util.FileUtils (LogUtils.java:runAndLog(49)) - Successfully ran Files.delete /home/runner/work/ratis/ratis/ratis-test/target/test/data/4b3f0585/MiniRaftClusterWithGrpc541392cf/s2/3ca58a08-2b71-4ba6-8289-469fbf65f7a7/current/log_0-22
2022-09-20 10:11:48,616 [s2@group-469FBF65F7A7-SegmentedRaftLogWorker] TRACE util.FileUtils (LogUtils.java:runAndLog(49)) - Successfully ran Files.delete /home/runner/work/ratis/ratis/ratis-test/target/test/data/4b3f0585/MiniRaftClusterWithGrpc541392cf/s2/3ca58a08-2b71-4ba6-8289-469fbf65f7a7/current/log_23-50
2022-09-20 10:11:48,616 [s2@group-469FBF65F7A7-SegmentedRaftLogWorker] INFO  raftlog.RaftLog (RaftLogBase.java:lambda$new$0(53)) - s2@group-469FBF65F7A7-SegmentedRaftLog: purgeIndex: updateToMax old=-1, new=50, updated? true
2022-09-20 10:11:48,617 [s2@group-469FBF65F7A7-StateMachineUpdater] INFO  statemachine.SimpleStateMachine4Testing (SimpleStateMachine4Testing.java:put(204)) - s2: put 67, m33 -> (t:1, i:67), STATEMACHINELOGENTRY, 419@client-76B04C62A16F
2022-09-20 10:11:48,618 [s1-server-thread3] DEBUG raftlog.RaftLog (SegmentedRaftLog.java:appendImpl(446)) - truncateIndex=-1, arrayIndex=0
2022-09-20 10:11:48,619 [s2-server-thread2] DEBUG raftlog.RaftLog (SegmentedRaftLog.java:appendImpl(446)) - truncateIndex=-1, arrayIndex=0
2022-09-20 10:11:48,619 [s1@group-469FBF65F7A7-StateMachineUpdater] INFO  impl.StateMachineUpdater (StateMachineUpdater.java:takeSnapshot(290)) - s1@group-469FBF65F7A7-StateMachineUpdater: Took a snapshot at index 63
2022-09-20 10:11:48,619 [s1@group-469FBF65F7A7-StateMachineUpdater] INFO  impl.StateMachineUpdater (StateMachineUpdater.java:lambda$new$0(96)) - s1@group-469FBF65F7A7-StateMachineUpdater: snapshotIndex: updateIncreasingly -1 -> 63
2022-09-20 10:11:48,620 [s1@group-469FBF65F7A7-StateMachineUpdater] INFO  raftlog.RaftLog (RaftLogBase.java:purge(314)) - s1@group-469FBF65F7A7-SegmentedRaftLog: purge 63
2022-09-20 10:11:48,620 [s1@group-469FBF65F7A7-StateMachineUpdater] INFO  raftlog.RaftLog (RaftLogBase.java:lambda$new$0(53)) - s1@group-469FBF65F7A7-SegmentedRaftLog: snapshotIndex: updateIncreasingly -1 -> 63
2022-09-20 10:11:48,620 [s1@group-469FBF65F7A7-StateMachineUpdater] DEBUG raftlog.RaftLog (SegmentedRaftLog.java:purgeImpl(366)) - purging segments:toTruncate: null
  toDelete: [(0, 22) isOpen? false, length=0, newEndIndex=0, (23, 50) isOpen? false, length=0, newEndIndex=0]
2022-09-20 10:11:48,620 [s1@group-469FBF65F7A7-SegmentedRaftLogWorker] TRACE util.FileUtils (LogUtils.java:runAndLog(49)) - Successfully ran Files.delete /home/runner/work/ratis/ratis/ratis-test/target/test/data/4b3f0585/MiniRaftClusterWithGrpc541392cf/s1/3ca58a08-2b71-4ba6-8289-469fbf65f7a7/current/log_0-22
2022-09-20 10:11:48,620 [s0@group-469FBF65F7A7-StateMachineUpdater] INFO  statemachine.SimpleStateMachine4Testing (SimpleStateMachine4Testing.java:put(204)) - s0: put 69, m34 -> (t:1, i:69), STATEMACHINELOGENTRY, 420@client-76B04C62A16F
2022-09-20 10:11:48,620 [s1@group-469FBF65F7A7-SegmentedRaftLogWorker] TRACE util.FileUtils (LogUtils.java:runAndLog(49)) - Successfully ran Files.delete /home/runner/work/ratis/ratis/ratis-test/target/test/data/4b3f0585/MiniRaftClusterWithGrpc541392cf/s1/3ca58a08-2b71-4ba6-8289-469fbf65f7a7/current/log_23-50
2022-09-20 10:11:48,620 [s1@group-469FBF65F7A7-StateMachineUpdater] INFO  statemachine.SimpleStateMachine4Testing (SimpleStateMachine4Testing.java:put(204)) - s1: put 65, m32 -> (t:1, i:65), STATEMACHINELOGENTRY, 418@client-76B04C62A16F
2022-09-20 10:11:48,620 [s1@group-469FBF65F7A7-SegmentedRaftLogWorker] INFO  raftlog.RaftLog (RaftLogBase.java:lambda$new$0(53)) - s1@group-469FBF65F7A7-SegmentedRaftLog: purgeIndex: updateToMax old=-1, new=50, updated? true
2022-09-20 10:11:48,620 [s1@group-469FBF65F7A7-StateMachineUpdater] INFO  statemachine.SimpleStateMachine4Testing (SimpleStateMachine4Testing.java:put(204)) - s1: put 67, m33 -> (t:1, i:67), STATEMACHINELOGENTRY, 419@client-76B04C62A16F
2022-09-20 10:11:48,621 [s1-server-thread3] DEBUG raftlog.RaftLog (SegmentedRaftLog.java:appendImpl(446)) - truncateIndex=-1, arrayIndex=0
2022-09-20 10:11:48,621 [s1@group-469FBF65F7A7-StateMachineUpdater] INFO  statemachine.SimpleStateMachine4Testing (SimpleStateMachine4Testing.java:put(204)) - s1: put 69, m34 -> (t:1, i:69), STATEMACHINELOGENTRY, 420@client-76B04C62A16F
2022-09-20 10:11:48,621 [s2-server-thread2] DEBUG raftlog.RaftLog (SegmentedRaftLog.java:appendImpl(446)) - truncateIndex=-1, arrayIndex=0
2022-09-20 10:11:48,622 [s2@group-469FBF65F7A7-StateMachineUpdater] INFO  statemachine.SimpleStateMachine4Testing (SimpleStateMachine4Testing.java:put(204)) - s2: put 69, m34 -> (t:1, i:69), STATEMACHINELOGENTRY, 420@client-76B04C62A16F
2022-09-20 10:11:48,624 [s1-server-thread3] DEBUG raftlog.RaftLog (SegmentedRaftLog.java:appendImpl(446)) - truncateIndex=-1, arrayIndex=0
2022-09-20 10:11:48,624 [s2-server-thread2] DEBUG raftlog.RaftLog (SegmentedRaftLog.java:appendImpl(446)) - truncateIndex=-1, arrayIndex=0
2022-09-20 10:11:48,625 [s0@group-469FBF65F7A7-StateMachineUpdater] INFO  statemachine.SimpleStateMachine4Testing (SimpleStateMachine4Testing.java:put(204)) - s0: put 71, m35 -> (t:1, i:71), STATEMACHINELOGENTRY, 421@client-76B04C62A16F
2022-09-20 10:11:48,625 [s1-server-thread3] DEBUG raftlog.RaftLog (SegmentedRaftLog.java:appendImpl(446)) - truncateIndex=-1, arrayIndex=0
2022-09-20 10:11:48,626 [s1@group-469FBF65F7A7-StateMachineUpdater] INFO  statemachine.SimpleStateMachine4Testing (SimpleStateMachine4Testing.java:put(204)) - s1: put 71, m35 -> (t:1, i:71), STATEMACHINELOGENTRY, 421@client-76B04C62A16F
2022-09-20 10:11:48,626 [s2-server-thread2] DEBUG raftlog.RaftLog (SegmentedRaftLog.java:appendImpl(446)) - truncateIndex=-1, arrayIndex=0
2022-09-20 10:11:48,627 [s2@group-469FBF65F7A7-StateMachineUpdater] INFO  statemachine.SimpleStateMachine4Testing (SimpleStateMachine4Testing.java:put(204)) - s2: put 71, m35 -> (t:1, i:71), STATEMACHINELOGENTRY, 421@client-76B04C62A16F
2022-09-20 10:11:48,628 [s1-server-thread3] DEBUG raftlog.RaftLog (SegmentedRaftLog.java:appendImpl(446)) - truncateIndex=-1, arrayIndex=0
2022-09-20 10:11:48,629 [s2-server-thread2] DEBUG raftlog.RaftLog (SegmentedRaftLog.java:appendImpl(446)) - truncateIndex=-1, arrayIndex=0
2022-09-20 10:11:48,629 [s0@group-469FBF65F7A7-StateMachineUpdater] INFO  statemachine.SimpleStateMachine4Testing (SimpleStateMachine4Testing.java:put(204)) - s0: put 73, m36 -> (t:1, i:73), STATEMACHINELOGENTRY, 422@client-76B04C62A16F
2022-09-20 10:11:48,630 [s1-server-thread3] DEBUG raftlog.RaftLog (SegmentedRaftLog.java:appendImpl(446)) - truncateIndex=-1, arrayIndex=0
2022-09-20 10:11:48,630 [s1@group-469FBF65F7A7-StateMachineUpdater] INFO  statemachine.SimpleStateMachine4Testing (SimpleStateMachine4Testing.java:put(204)) - s1: put 73, m36 -> (t:1, i:73), STATEMACHINELOGENTRY, 422@client-76B04C62A16F
2022-09-20 10:11:48,631 [s2-server-thread2] DEBUG raftlog.RaftLog (SegmentedRaftLog.java:appendImpl(446)) - truncateIndex=-1, arrayIndex=0
2022-09-20 10:11:48,631 [s2@group-469FBF65F7A7-StateMachineUpdater] INFO  statemachine.SimpleStateMachine4Testing (SimpleStateMachine4Testing.java:put(204)) - s2: put 73, m36 -> (t:1, i:73), STATEMACHINELOGENTRY, 422@client-76B04C62A16F
2022-09-20 10:11:48,633 [s1-server-thread3] DEBUG raftlog.RaftLog (SegmentedRaftLog.java:appendImpl(446)) - truncateIndex=-1, arrayIndex=0
2022-09-20 10:11:48,633 [s2-server-thread2] DEBUG raftlog.RaftLog (SegmentedRaftLog.java:appendImpl(446)) - truncateIndex=-1, arrayIndex=0
2022-09-20 10:11:48,634 [s0@group-469FBF65F7A7-StateMachineUpdater] INFO  statemachine.SimpleStateMachine4Testing (SimpleStateMachine4Testing.java:put(204)) - s0: put 75, m37 -> (t:1, i:75), STATEMACHINELOGENTRY, 423@client-76B04C62A16F
2022-09-20 10:11:48,635 [s1-server-thread3] DEBUG raftlog.RaftLog (SegmentedRaftLog.java:appendImpl(446)) - truncateIndex=-1, arrayIndex=0
2022-09-20 10:11:48,635 [s1@group-469FBF65F7A7-StateMachineUpdater] INFO  statemachine.SimpleStateMachine4Testing (SimpleStateMachine4Testing.java:put(204)) - s1: put 75, m37 -> (t:1, i:75), STATEMACHINELOGENTRY, 423@client-76B04C62A16F
2022-09-20 10:11:48,636 [s2-server-thread2] DEBUG raftlog.RaftLog (SegmentedRaftLog.java:appendImpl(446)) - truncateIndex=-1, arrayIndex=0
2022-09-20 10:11:48,636 [s2@group-469FBF65F7A7-StateMachineUpdater] INFO  statemachine.SimpleStateMachine4Testing (SimpleStateMachine4Testing.java:put(204)) - s2: put 75, m37 -> (t:1, i:75), STATEMACHINELOGENTRY, 423@client-76B04C62A16F
2022-09-20 10:11:48,638 [s1-server-thread3] DEBUG raftlog.RaftLog (SegmentedRaftLog.java:appendImpl(446)) - truncateIndex=-1, arrayIndex=0
2022-09-20 10:11:48,638 [s2-server-thread2] DEBUG raftlog.RaftLog (SegmentedRaftLog.java:appendImpl(446)) - truncateIndex=-1, arrayIndex=0
2022-09-20 10:11:48,639 [s0@group-469FBF65F7A7-StateMachineUpdater] INFO  statemachine.SimpleStateMachine4Testing (SimpleStateMachine4Testing.java:put(204)) - s0: put 77, m38 -> (t:1, i:77), STATEMACHINELOGENTRY, 424@client-76B04C62A16F
2022-09-20 10:11:48,639 [s1-server-thread3] DEBUG raftlog.RaftLog (SegmentedRaftLog.java:appendImpl(446)) - truncateIndex=-1, arrayIndex=0
2022-09-20 10:11:48,640 [s1@group-469FBF65F7A7-StateMachineUpdater] INFO  statemachine.SimpleStateMachine4Testing (SimpleStateMachine4Testing.java:put(204)) - s1: put 77, m38 -> (t:1, i:77), STATEMACHINELOGENTRY, 424@client-76B04C62A16F
2022-09-20 10:11:48,640 [s2-server-thread2] DEBUG raftlog.RaftLog (SegmentedRaftLog.java:appendImpl(446)) - truncateIndex=-1, arrayIndex=0
2022-09-20 10:11:48,641 [s2@group-469FBF65F7A7-StateMachineUpdater] INFO  statemachine.SimpleStateMachine4Testing (SimpleStateMachine4Testing.java:put(204)) - s2: put 77, m38 -> (t:1, i:77), STATEMACHINELOGENTRY, 424@client-76B04C62A16F
2022-09-20 10:11:48,641 [s0-client-thread1] INFO  segmented.SegmentedRaftLogWorker (SegmentedRaftLogWorker.java:rollLogSegment(432)) - s0@group-469FBF65F7A7-SegmentedRaftLogWorker: Rolling segment log-51_78 to index:78
2022-09-20 10:11:48,642 [s0@group-469FBF65F7A7-SegmentedRaftLogWorker] TRACE util.FileUtils (LogUtils.java:runAndLog(49)) - Successfully ran Atomic Files.move /home/runner/work/ratis/ratis/ratis-test/target/test/data/4b3f0585/MiniRaftClusterWithGrpc541392cf/s0/3ca58a08-2b71-4ba6-8289-469fbf65f7a7/current/log_inprogress_51 to /home/runner/work/ratis/ratis/ratis-test/target/test/data/4b3f0585/MiniRaftClusterWithGrpc541392cf/s0/3ca58a08-2b71-4ba6-8289-469fbf65f7a7/current/log_51-78
2022-09-20 10:11:48,642 [s0@group-469FBF65F7A7-SegmentedRaftLogWorker] INFO  segmented.SegmentedRaftLogWorker (SegmentedRaftLogWorker.java:execute(588)) - s0@group-469FBF65F7A7-SegmentedRaftLogWorker: Rolled log segment from /home/runner/work/ratis/ratis/ratis-test/target/test/data/4b3f0585/MiniRaftClusterWithGrpc541392cf/s0/3ca58a08-2b71-4ba6-8289-469fbf65f7a7/current/log_inprogress_51 to /home/runner/work/ratis/ratis/ratis-test/target/test/data/4b3f0585/MiniRaftClusterWithGrpc541392cf/s0/3ca58a08-2b71-4ba6-8289-469fbf65f7a7/current/log_51-78
2022-09-20 10:11:48,643 [s1-server-thread3] DEBUG raftlog.RaftLog (SegmentedRaftLog.java:appendImpl(446)) - truncateIndex=-1, arrayIndex=0
2022-09-20 10:11:48,643 [s0@group-469FBF65F7A7-SegmentedRaftLogWorker] INFO  segmented.SegmentedRaftLogWorker (SegmentedRaftLogWorker.java:execute(631)) - s0@group-469FBF65F7A7-SegmentedRaftLogWorker: created new log segment /home/runner/work/ratis/ratis/ratis-test/target/test/data/4b3f0585/MiniRaftClusterWithGrpc541392cf/s0/3ca58a08-2b71-4ba6-8289-469fbf65f7a7/current/log_inprogress_79
2022-09-20 10:11:48,643 [s1-server-thread3] INFO  segmented.SegmentedRaftLogWorker (SegmentedRaftLogWorker.java:rollLogSegment(432)) - s1@group-469FBF65F7A7-SegmentedRaftLogWorker: Rolling segment log-51_78 to index:78
2022-09-20 10:11:48,643 [s1@group-469FBF65F7A7-SegmentedRaftLogWorker] TRACE util.FileUtils (LogUtils.java:runAndLog(49)) - Successfully ran Atomic Files.move /home/runner/work/ratis/ratis/ratis-test/target/test/data/4b3f0585/MiniRaftClusterWithGrpc541392cf/s1/3ca58a08-2b71-4ba6-8289-469fbf65f7a7/current/log_inprogress_51 to /home/runner/work/ratis/ratis/ratis-test/target/test/data/4b3f0585/MiniRaftClusterWithGrpc541392cf/s1/3ca58a08-2b71-4ba6-8289-469fbf65f7a7/current/log_51-78
2022-09-20 10:11:48,643 [s1@group-469FBF65F7A7-SegmentedRaftLogWorker] INFO  segmented.SegmentedRaftLogWorker (SegmentedRaftLogWorker.java:execute(588)) - s1@group-469FBF65F7A7-SegmentedRaftLogWorker: Rolled log segment from /home/runner/work/ratis/ratis/ratis-test/target/test/data/4b3f0585/MiniRaftClusterWithGrpc541392cf/s1/3ca58a08-2b71-4ba6-8289-469fbf65f7a7/current/log_inprogress_51 to /home/runner/work/ratis/ratis/ratis-test/target/test/data/4b3f0585/MiniRaftClusterWithGrpc541392cf/s1/3ca58a08-2b71-4ba6-8289-469fbf65f7a7/current/log_51-78
2022-09-20 10:11:48,644 [s2-server-thread2] DEBUG raftlog.RaftLog (SegmentedRaftLog.java:appendImpl(446)) - truncateIndex=-1, arrayIndex=0
2022-09-20 10:11:48,644 [s2-server-thread2] INFO  segmented.SegmentedRaftLogWorker (SegmentedRaftLogWorker.java:rollLogSegment(432)) - s2@group-469FBF65F7A7-SegmentedRaftLogWorker: Rolling segment log-51_78 to index:78
2022-09-20 10:11:48,644 [s2@group-469FBF65F7A7-SegmentedRaftLogWorker] TRACE util.FileUtils (LogUtils.java:runAndLog(49)) - Successfully ran Atomic Files.move /home/runner/work/ratis/ratis/ratis-test/target/test/data/4b3f0585/MiniRaftClusterWithGrpc541392cf/s2/3ca58a08-2b71-4ba6-8289-469fbf65f7a7/current/log_inprogress_51 to /home/runner/work/ratis/ratis/ratis-test/target/test/data/4b3f0585/MiniRaftClusterWithGrpc541392cf/s2/3ca58a08-2b71-4ba6-8289-469fbf65f7a7/current/log_51-78
2022-09-20 10:11:48,644 [s2@group-469FBF65F7A7-SegmentedRaftLogWorker] INFO  segmented.SegmentedRaftLogWorker (SegmentedRaftLogWorker.java:execute(588)) - s2@group-469FBF65F7A7-SegmentedRaftLogWorker: Rolled log segment from /home/runner/work/ratis/ratis/ratis-test/target/test/data/4b3f0585/MiniRaftClusterWithGrpc541392cf/s2/3ca58a08-2b71-4ba6-8289-469fbf65f7a7/current/log_inprogress_51 to /home/runner/work/ratis/ratis/ratis-test/target/test/data/4b3f0585/MiniRaftClusterWithGrpc541392cf/s2/3ca58a08-2b71-4ba6-8289-469fbf65f7a7/current/log_51-78
2022-09-20 10:11:48,645 [s1@group-469FBF65F7A7-SegmentedRaftLogWorker] INFO  segmented.SegmentedRaftLogWorker (SegmentedRaftLogWorker.java:execute(631)) - s1@group-469FBF65F7A7-SegmentedRaftLogWorker: created new log segment /home/runner/work/ratis/ratis/ratis-test/target/test/data/4b3f0585/MiniRaftClusterWithGrpc541392cf/s1/3ca58a08-2b71-4ba6-8289-469fbf65f7a7/current/log_inprogress_79
2022-09-20 10:11:48,645 [s0@group-469FBF65F7A7-StateMachineUpdater] INFO  statemachine.SimpleStateMachine4Testing (SimpleStateMachine4Testing.java:put(204)) - s0: put 79, m39 -> (t:1, i:79), STATEMACHINELOGENTRY, 425@client-76B04C62A16F
2022-09-20 10:11:48,646 [s2@group-469FBF65F7A7-SegmentedRaftLogWorker] INFO  segmented.SegmentedRaftLogWorker (SegmentedRaftLogWorker.java:execute(631)) - s2@group-469FBF65F7A7-SegmentedRaftLogWorker: created new log segment /home/runner/work/ratis/ratis/ratis-test/target/test/data/4b3f0585/MiniRaftClusterWithGrpc541392cf/s2/3ca58a08-2b71-4ba6-8289-469fbf65f7a7/current/log_inprogress_79
2022-09-20 10:11:48,646 [s1-server-thread3] DEBUG raftlog.RaftLog (SegmentedRaftLog.java:appendImpl(446)) - truncateIndex=-1, arrayIndex=0
2022-09-20 10:11:48,647 [s1@group-469FBF65F7A7-StateMachineUpdater] INFO  statemachine.SimpleStateMachine4Testing (SimpleStateMachine4Testing.java:put(204)) - s1: put 79, m39 -> (t:1, i:79), STATEMACHINELOGENTRY, 425@client-76B04C62A16F
2022-09-20 10:11:48,647 [s2-server-thread2] DEBUG raftlog.RaftLog (SegmentedRaftLog.java:appendImpl(446)) - truncateIndex=-1, arrayIndex=0
2022-09-20 10:11:48,648 [s2@group-469FBF65F7A7-StateMachineUpdater] INFO  statemachine.SimpleStateMachine4Testing (SimpleStateMachine4Testing.java:put(204)) - s2: put 79, m39 -> (t:1, i:79), STATEMACHINELOGENTRY, 425@client-76B04C62A16F
2022-09-20 10:11:48,649 [s1-server-thread3] DEBUG raftlog.RaftLog (SegmentedRaftLog.java:appendImpl(446)) - truncateIndex=-1, arrayIndex=0
2022-09-20 10:11:48,649 [s2-server-thread2] DEBUG raftlog.RaftLog (SegmentedRaftLog.java:appendImpl(446)) - truncateIndex=-1, arrayIndex=0
2022-09-20 10:11:48,650 [s0@group-469FBF65F7A7-StateMachineUpdater] INFO  statemachine.SimpleStateMachine4Testing (SimpleStateMachine4Testing.java:put(204)) - s0: put 81, m40 -> (t:1, i:81), STATEMACHINELOGENTRY, 426@client-76B04C62A16F
2022-09-20 10:11:48,651 [s1-server-thread3] DEBUG raftlog.RaftLog (SegmentedRaftLog.java:appendImpl(446)) - truncateIndex=-1, arrayIndex=0
2022-09-20 10:11:48,651 [s1@group-469FBF65F7A7-StateMachineUpdater] INFO  statemachine.SimpleStateMachine4Testing (SimpleStateMachine4Testing.java:put(204)) - s1: put 81, m40 -> (t:1, i:81), STATEMACHINELOGENTRY, 426@client-76B04C62A16F
2022-09-20 10:11:48,651 [s2-server-thread2] DEBUG raftlog.RaftLog (SegmentedRaftLog.java:appendImpl(446)) - truncateIndex=-1, arrayIndex=0
2022-09-20 10:11:48,652 [s2@group-469FBF65F7A7-StateMachineUpdater] INFO  statemachine.SimpleStateMachine4Testing (SimpleStateMachine4Testing.java:put(204)) - s2: put 81, m40 -> (t:1, i:81), STATEMACHINELOGENTRY, 426@client-76B04C62A16F
2022-09-20 10:11:48,653 [s1-server-thread3] DEBUG raftlog.RaftLog (SegmentedRaftLog.java:appendImpl(446)) - truncateIndex=-1, arrayIndex=0
2022-09-20 10:11:48,654 [s2-server-thread2] DEBUG raftlog.RaftLog (SegmentedRaftLog.java:appendImpl(446)) - truncateIndex=-1, arrayIndex=0
2022-09-20 10:11:48,654 [s0@group-469FBF65F7A7-StateMachineUpdater] INFO  statemachine.SimpleStateMachine4Testing (SimpleStateMachine4Testing.java:put(204)) - s0: put 83, m41 -> (t:1, i:83), STATEMACHINELOGENTRY, 427@client-76B04C62A16F
2022-09-20 10:11:48,655 [s1-server-thread3] DEBUG raftlog.RaftLog (SegmentedRaftLog.java:appendImpl(446)) - truncateIndex=-1, arrayIndex=0
2022-09-20 10:11:48,656 [s1@group-469FBF65F7A7-StateMachineUpdater] INFO  statemachine.SimpleStateMachine4Testing (SimpleStateMachine4Testing.java:put(204)) - s1: put 83, m41 -> (t:1, i:83), STATEMACHINELOGENTRY, 427@client-76B04C62A16F
2022-09-20 10:11:48,656 [s2-server-thread2] DEBUG raftlog.RaftLog (SegmentedRaftLog.java:appendImpl(446)) - truncateIndex=-1, arrayIndex=0
2022-09-20 10:11:48,657 [s2@group-469FBF65F7A7-StateMachineUpdater] INFO  statemachine.SimpleStateMachine4Testing (SimpleStateMachine4Testing.java:put(204)) - s2: put 83, m41 -> (t:1, i:83), STATEMACHINELOGENTRY, 427@client-76B04C62A16F
2022-09-20 10:11:48,658 [s1-server-thread3] DEBUG raftlog.RaftLog (SegmentedRaftLog.java:appendImpl(446)) - truncateIndex=-1, arrayIndex=0
2022-09-20 10:11:48,658 [s2-server-thread2] DEBUG raftlog.RaftLog (SegmentedRaftLog.java:appendImpl(446)) - truncateIndex=-1, arrayIndex=0
2022-09-20 10:11:48,659 [s0@group-469FBF65F7A7-StateMachineUpdater] INFO  statemachine.SimpleStateMachine4Testing (SimpleStateMachine4Testing.java:put(204)) - s0: put 85, m42 -> (t:1, i:85), STATEMACHINELOGENTRY, 428@client-76B04C62A16F
2022-09-20 10:11:48,660 [s1-server-thread3] DEBUG raftlog.RaftLog (SegmentedRaftLog.java:appendImpl(446)) - truncateIndex=-1, arrayIndex=0
2022-09-20 10:11:48,660 [s1@group-469FBF65F7A7-StateMachineUpdater] INFO  statemachine.SimpleStateMachine4Testing (SimpleStateMachine4Testing.java:put(204)) - s1: put 85, m42 -> (t:1, i:85), STATEMACHINELOGENTRY, 428@client-76B04C62A16F
2022-09-20 10:11:48,660 [s2-server-thread2] DEBUG raftlog.RaftLog (SegmentedRaftLog.java:appendImpl(446)) - truncateIndex=-1, arrayIndex=0
2022-09-20 10:11:48,661 [s2@group-469FBF65F7A7-StateMachineUpdater] INFO  statemachine.SimpleStateMachine4Testing (SimpleStateMachine4Testing.java:put(204)) - s2: put 85, m42 -> (t:1, i:85), STATEMACHINELOGENTRY, 428@client-76B04C62A16F
2022-09-20 10:11:48,662 [s1-server-thread3] DEBUG raftlog.RaftLog (SegmentedRaftLog.java:appendImpl(446)) - truncateIndex=-1, arrayIndex=0
2022-09-20 10:11:48,663 [s2-server-thread2] DEBUG raftlog.RaftLog (SegmentedRaftLog.java:appendImpl(446)) - truncateIndex=-1, arrayIndex=0
2022-09-20 10:11:48,663 [s0@group-469FBF65F7A7-StateMachineUpdater] INFO  statemachine.SimpleStateMachine4Testing (SimpleStateMachine4Testing.java:put(204)) - s0: put 87, m43 -> (t:1, i:87), STATEMACHINELOGENTRY, 429@client-76B04C62A16F
2022-09-20 10:11:48,664 [s1-server-thread3] DEBUG raftlog.RaftLog (SegmentedRaftLog.java:appendImpl(446)) - truncateIndex=-1, arrayIndex=0
2022-09-20 10:11:48,664 [s1@group-469FBF65F7A7-StateMachineUpdater] INFO  statemachine.SimpleStateMachine4Testing (SimpleStateMachine4Testing.java:put(204)) - s1: put 87, m43 -> (t:1, i:87), STATEMACHINELOGENTRY, 429@client-76B04C62A16F
2022-09-20 10:11:48,665 [s2-server-thread2] DEBUG raftlog.RaftLog (SegmentedRaftLog.java:appendImpl(446)) - truncateIndex=-1, arrayIndex=0
2022-09-20 10:11:48,665 [s2@group-469FBF65F7A7-StateMachineUpdater] INFO  statemachine.SimpleStateMachine4Testing (SimpleStateMachine4Testing.java:put(204)) - s2: put 87, m43 -> (t:1, i:87), STATEMACHINELOGENTRY, 429@client-76B04C62A16F
2022-09-20 10:11:48,666 [s1-server-thread3] DEBUG raftlog.RaftLog (SegmentedRaftLog.java:appendImpl(446)) - truncateIndex=-1, arrayIndex=0
2022-09-20 10:11:48,667 [s2-server-thread2] DEBUG raftlog.RaftLog (SegmentedRaftLog.java:appendImpl(446)) - truncateIndex=-1, arrayIndex=0
2022-09-20 10:11:48,667 [s0@group-469FBF65F7A7-StateMachineUpdater] INFO  statemachine.SimpleStateMachine4Testing (SimpleStateMachine4Testing.java:put(204)) - s0: put 89, m44 -> (t:1, i:89), STATEMACHINELOGENTRY, 430@client-76B04C62A16F
2022-09-20 10:11:48,668 [s1-server-thread3] DEBUG raftlog.RaftLog (SegmentedRaftLog.java:appendImpl(446)) - truncateIndex=-1, arrayIndex=0
2022-09-20 10:11:48,669 [s1@group-469FBF65F7A7-StateMachineUpdater] INFO  statemachine.SimpleStateMachine4Testing (SimpleStateMachine4Testing.java:put(204)) - s1: put 89, m44 -> (t:1, i:89), STATEMACHINELOGENTRY, 430@client-76B04C62A16F
2022-09-20 10:11:48,669 [s2-server-thread2] DEBUG raftlog.RaftLog (SegmentedRaftLog.java:appendImpl(446)) - truncateIndex=-1, arrayIndex=0
2022-09-20 10:11:48,670 [s2@group-469FBF65F7A7-StateMachineUpdater] INFO  statemachine.SimpleStateMachine4Testing (SimpleStateMachine4Testing.java:put(204)) - s2: put 89, m44 -> (t:1, i:89), STATEMACHINELOGENTRY, 430@client-76B04C62A16F
2022-09-20 10:11:48,671 [s1-server-thread3] DEBUG raftlog.RaftLog (SegmentedRaftLog.java:appendImpl(446)) - truncateIndex=-1, arrayIndex=0
2022-09-20 10:11:48,671 [s2-server-thread2] DEBUG raftlog.RaftLog (SegmentedRaftLog.java:appendImpl(446)) - truncateIndex=-1, arrayIndex=0
2022-09-20 10:11:48,672 [s0@group-469FBF65F7A7-StateMachineUpdater] INFO  statemachine.SimpleStateMachine4Testing (SimpleStateMachine4Testing.java:put(204)) - s0: put 91, m45 -> (t:1, i:91), STATEMACHINELOGENTRY, 431@client-76B04C62A16F
2022-09-20 10:11:48,673 [s1-server-thread3] DEBUG raftlog.RaftLog (SegmentedRaftLog.java:appendImpl(446)) - truncateIndex=-1, arrayIndex=0
2022-09-20 10:11:48,673 [s1@group-469FBF65F7A7-StateMachineUpdater] INFO  statemachine.SimpleStateMachine4Testing (SimpleStateMachine4Testing.java:put(204)) - s1: put 91, m45 -> (t:1, i:91), STATEMACHINELOGENTRY, 431@client-76B04C62A16F
2022-09-20 10:11:48,674 [s2-server-thread2] DEBUG raftlog.RaftLog (SegmentedRaftLog.java:appendImpl(446)) - truncateIndex=-1, arrayIndex=0
2022-09-20 10:11:48,674 [s2@group-469FBF65F7A7-StateMachineUpdater] INFO  statemachine.SimpleStateMachine4Testing (SimpleStateMachine4Testing.java:put(204)) - s2: put 91, m45 -> (t:1, i:91), STATEMACHINELOGENTRY, 431@client-76B04C62A16F
2022-09-20 10:11:48,675 [s1-server-thread3] DEBUG raftlog.RaftLog (SegmentedRaftLog.java:appendImpl(446)) - truncateIndex=-1, arrayIndex=0
2022-09-20 10:11:48,676 [s2-server-thread2] DEBUG raftlog.RaftLog (SegmentedRaftLog.java:appendImpl(446)) - truncateIndex=-1, arrayIndex=0
2022-09-20 10:11:48,677 [s0@group-469FBF65F7A7-StateMachineUpdater] INFO  statemachine.SimpleStateMachine4Testing (SimpleStateMachine4Testing.java:put(204)) - s0: put 93, m46 -> (t:1, i:93), STATEMACHINELOGENTRY, 432@client-76B04C62A16F
2022-09-20 10:11:48,677 [s1-server-thread3] DEBUG raftlog.RaftLog (SegmentedRaftLog.java:appendImpl(446)) - truncateIndex=-1, arrayIndex=0
2022-09-20 10:11:48,678 [s1@group-469FBF65F7A7-StateMachineUpdater] INFO  statemachine.SimpleStateMachine4Testing (SimpleStateMachine4Testing.java:put(204)) - s1: put 93, m46 -> (t:1, i:93), STATEMACHINELOGENTRY, 432@client-76B04C62A16F
2022-09-20 10:11:48,678 [s2-server-thread2] DEBUG raftlog.RaftLog (SegmentedRaftLog.java:appendImpl(446)) - truncateIndex=-1, arrayIndex=0
2022-09-20 10:11:48,678 [s2@group-469FBF65F7A7-StateMachineUpdater] INFO  statemachine.SimpleStateMachine4Testing (SimpleStateMachine4Testing.java:put(204)) - s2: put 93, m46 -> (t:1, i:93), STATEMACHINELOGENTRY, 432@client-76B04C62A16F
2022-09-20 10:11:48,680 [s1-server-thread3] DEBUG raftlog.RaftLog (SegmentedRaftLog.java:appendImpl(446)) - truncateIndex=-1, arrayIndex=0
2022-09-20 10:11:48,680 [s2-server-thread2] DEBUG raftlog.RaftLog (SegmentedRaftLog.java:appendImpl(446)) - truncateIndex=-1, arrayIndex=0
2022-09-20 10:11:48,681 [s0@group-469FBF65F7A7-StateMachineUpdater] INFO  statemachine.SimpleStateMachine4Testing (SimpleStateMachine4Testing.java:put(204)) - s0: put 95, m47 -> (t:1, i:95), STATEMACHINELOGENTRY, 433@client-76B04C62A16F
2022-09-20 10:11:48,682 [s1-server-thread3] DEBUG raftlog.RaftLog (SegmentedRaftLog.java:appendImpl(446)) - truncateIndex=-1, arrayIndex=0
2022-09-20 10:11:48,682 [s1@group-469FBF65F7A7-StateMachineUpdater] INFO  statemachine.SimpleStateMachine4Testing (SimpleStateMachine4Testing.java:put(204)) - s1: put 95, m47 -> (t:1, i:95), STATEMACHINELOGENTRY, 433@client-76B04C62A16F
2022-09-20 10:11:48,682 [s2-server-thread2] DEBUG raftlog.RaftLog (SegmentedRaftLog.java:appendImpl(446)) - truncateIndex=-1, arrayIndex=0
2022-09-20 10:11:48,683 [s2@group-469FBF65F7A7-StateMachineUpdater] INFO  statemachine.SimpleStateMachine4Testing (SimpleStateMachine4Testing.java:put(204)) - s2: put 95, m47 -> (t:1, i:95), STATEMACHINELOGENTRY, 433@client-76B04C62A16F
2022-09-20 10:11:48,684 [s1-server-thread3] DEBUG raftlog.RaftLog (SegmentedRaftLog.java:appendImpl(446)) - truncateIndex=-1, arrayIndex=0
2022-09-20 10:11:48,685 [s2-server-thread2] DEBUG raftlog.RaftLog (SegmentedRaftLog.java:appendImpl(446)) - truncateIndex=-1, arrayIndex=0
2022-09-20 10:11:48,685 [s0@group-469FBF65F7A7-StateMachineUpdater] INFO  statemachine.SimpleStateMachine4Testing (SimpleStateMachine4Testing.java:put(204)) - s0: put 97, m48 -> (t:1, i:97), STATEMACHINELOGENTRY, 434@client-76B04C62A16F
2022-09-20 10:11:48,686 [s1-server-thread3] DEBUG raftlog.RaftLog (SegmentedRaftLog.java:appendImpl(446)) - truncateIndex=-1, arrayIndex=0
2022-09-20 10:11:48,687 [s1@group-469FBF65F7A7-StateMachineUpdater] INFO  statemachine.SimpleStateMachine4Testing (SimpleStateMachine4Testing.java:put(204)) - s1: put 97, m48 -> (t:1, i:97), STATEMACHINELOGENTRY, 434@client-76B04C62A16F
2022-09-20 10:11:48,687 [s2-server-thread2] DEBUG raftlog.RaftLog (SegmentedRaftLog.java:appendImpl(446)) - truncateIndex=-1, arrayIndex=0
2022-09-20 10:11:48,688 [s2@group-469FBF65F7A7-StateMachineUpdater] INFO  statemachine.SimpleStateMachine4Testing (SimpleStateMachine4Testing.java:put(204)) - s2: put 97, m48 -> (t:1, i:97), STATEMACHINELOGENTRY, 434@client-76B04C62A16F
2022-09-20 10:11:48,690 [s1-server-thread3] DEBUG raftlog.RaftLog (SegmentedRaftLog.java:appendImpl(446)) - truncateIndex=-1, arrayIndex=0
2022-09-20 10:11:48,690 [s2-server-thread2] DEBUG raftlog.RaftLog (SegmentedRaftLog.java:appendImpl(446)) - truncateIndex=-1, arrayIndex=0
2022-09-20 10:11:48,691 [s0@group-469FBF65F7A7-StateMachineUpdater] INFO  statemachine.SimpleStateMachine4Testing (SimpleStateMachine4Testing.java:put(204)) - s0: put 99, m49 -> (t:1, i:99), STATEMACHINELOGENTRY, 435@client-76B04C62A16F
2022-09-20 10:11:48,691 [s1-server-thread3] DEBUG raftlog.RaftLog (SegmentedRaftLog.java:appendImpl(446)) - truncateIndex=-1, arrayIndex=0
2022-09-20 10:11:48,692 [s1@group-469FBF65F7A7-StateMachineUpdater] INFO  statemachine.SimpleStateMachine4Testing (SimpleStateMachine4Testing.java:put(204)) - s1: put 99, m49 -> (t:1, i:99), STATEMACHINELOGENTRY, 435@client-76B04C62A16F
2022-09-20 10:11:48,692 [s2-server-thread2] DEBUG raftlog.RaftLog (SegmentedRaftLog.java:appendImpl(446)) - truncateIndex=-1, arrayIndex=0
2022-09-20 10:11:48,693 [s2@group-469FBF65F7A7-StateMachineUpdater] INFO  statemachine.SimpleStateMachine4Testing (SimpleStateMachine4Testing.java:put(204)) - s2: put 99, m49 -> (t:1, i:99), STATEMACHINELOGENTRY, 435@client-76B04C62A16F
2022-09-20 10:11:48,694 [s1-server-thread3] DEBUG raftlog.RaftLog (SegmentedRaftLog.java:appendImpl(446)) - truncateIndex=-1, arrayIndex=0
2022-09-20 10:11:48,694 [s2-server-thread2] DEBUG raftlog.RaftLog (SegmentedRaftLog.java:appendImpl(446)) - truncateIndex=-1, arrayIndex=0
2022-09-20 10:11:48,695 [s0@group-469FBF65F7A7-StateMachineUpdater] INFO  statemachine.SimpleStateMachine4Testing (SimpleStateMachine4Testing.java:put(204)) - s0: put 101, m50 -> (t:1, i:101), STATEMACHINELOGENTRY, 436@client-76B04C62A16F
2022-09-20 10:11:48,696 [s1-server-thread3] DEBUG raftlog.RaftLog (SegmentedRaftLog.java:appendImpl(446)) - truncateIndex=-1, arrayIndex=0
2022-09-20 10:11:48,697 [s2-server-thread2] DEBUG raftlog.RaftLog (SegmentedRaftLog.java:appendImpl(446)) - truncateIndex=-1, arrayIndex=0
2022-09-20 10:11:48,697 [s1@group-469FBF65F7A7-StateMachineUpdater] INFO  statemachine.SimpleStateMachine4Testing (SimpleStateMachine4Testing.java:put(204)) - s1: put 101, m50 -> (t:1, i:101), STATEMACHINELOGENTRY, 436@client-76B04C62A16F
2022-09-20 10:11:48,697 [s2@group-469FBF65F7A7-StateMachineUpdater] INFO  statemachine.SimpleStateMachine4Testing (SimpleStateMachine4Testing.java:put(204)) - s2: put 101, m50 -> (t:1, i:101), STATEMACHINELOGENTRY, 436@client-76B04C62A16F
2022-09-20 10:11:48,698 [s1-server-thread3] DEBUG raftlog.RaftLog (SegmentedRaftLog.java:appendImpl(446)) - truncateIndex=-1, arrayIndex=0
2022-09-20 10:11:48,699 [s2-server-thread2] DEBUG raftlog.RaftLog (SegmentedRaftLog.java:appendImpl(446)) - truncateIndex=-1, arrayIndex=0
2022-09-20 10:11:48,700 [s0@group-469FBF65F7A7-StateMachineUpdater] INFO  statemachine.SimpleStateMachine4Testing (SimpleStateMachine4Testing.java:put(204)) - s0: put 103, m51 -> (t:1, i:103), STATEMACHINELOGENTRY, 437@client-76B04C62A16F
2022-09-20 10:11:48,700 [s1-server-thread3] DEBUG raftlog.RaftLog (SegmentedRaftLog.java:appendImpl(446)) - truncateIndex=-1, arrayIndex=0
2022-09-20 10:11:48,701 [s1@group-469FBF65F7A7-StateMachineUpdater] INFO  statemachine.SimpleStateMachine4Testing (SimpleStateMachine4Testing.java:put(204)) - s1: put 103, m51 -> (t:1, i:103), STATEMACHINELOGENTRY, 437@client-76B04C62A16F
2022-09-20 10:11:48,701 [s2-server-thread2] DEBUG raftlog.RaftLog (SegmentedRaftLog.java:appendImpl(446)) - truncateIndex=-1, arrayIndex=0
2022-09-20 10:11:48,701 [s2@group-469FBF65F7A7-StateMachineUpdater] INFO  statemachine.SimpleStateMachine4Testing (SimpleStateMachine4Testing.java:put(204)) - s2: put 103, m51 -> (t:1, i:103), STATEMACHINELOGENTRY, 437@client-76B04C62A16F
2022-09-20 10:11:48,703 [s1-server-thread3] DEBUG raftlog.RaftLog (SegmentedRaftLog.java:appendImpl(446)) - truncateIndex=-1, arrayIndex=0
2022-09-20 10:11:48,703 [s2-server-thread2] DEBUG raftlog.RaftLog (SegmentedRaftLog.java:appendImpl(446)) - truncateIndex=-1, arrayIndex=0
2022-09-20 10:11:48,704 [s0@group-469FBF65F7A7-StateMachineUpdater] INFO  statemachine.SimpleStateMachine4Testing (SimpleStateMachine4Testing.java:put(204)) - s0: put 105, m52 -> (t:1, i:105), STATEMACHINELOGENTRY, 438@client-76B04C62A16F
2022-09-20 10:11:48,705 [s1-server-thread3] DEBUG raftlog.RaftLog (SegmentedRaftLog.java:appendImpl(446)) - truncateIndex=-1, arrayIndex=0
2022-09-20 10:11:48,705 [s1@group-469FBF65F7A7-StateMachineUpdater] INFO  statemachine.SimpleStateMachine4Testing (SimpleStateMachine4Testing.java:put(204)) - s1: put 105, m52 -> (t:1, i:105), STATEMACHINELOGENTRY, 438@client-76B04C62A16F
2022-09-20 10:11:48,705 [s2-server-thread2] DEBUG raftlog.RaftLog (SegmentedRaftLog.java:appendImpl(446)) - truncateIndex=-1, arrayIndex=0
2022-09-20 10:11:48,706 [s2@group-469FBF65F7A7-StateMachineUpdater] INFO  statemachine.SimpleStateMachine4Testing (SimpleStateMachine4Testing.java:put(204)) - s2: put 105, m52 -> (t:1, i:105), STATEMACHINELOGENTRY, 438@client-76B04C62A16F
2022-09-20 10:11:48,707 [s0-client-thread1] INFO  segmented.SegmentedRaftLogWorker (SegmentedRaftLogWorker.java:rollLogSegment(432)) - s0@group-469FBF65F7A7-SegmentedRaftLogWorker: Rolling segment log-79_106 to index:106
2022-09-20 10:11:48,707 [s0@group-469FBF65F7A7-SegmentedRaftLogWorker] TRACE util.FileUtils (LogUtils.java:runAndLog(49)) - Successfully ran Atomic Files.move /home/runner/work/ratis/ratis/ratis-test/target/test/data/4b3f0585/MiniRaftClusterWithGrpc541392cf/s0/3ca58a08-2b71-4ba6-8289-469fbf65f7a7/current/log_inprogress_79 to /home/runner/work/ratis/ratis/ratis-test/target/test/data/4b3f0585/MiniRaftClusterWithGrpc541392cf/s0/3ca58a08-2b71-4ba6-8289-469fbf65f7a7/current/log_79-106
2022-09-20 10:11:48,707 [s0@group-469FBF65F7A7-SegmentedRaftLogWorker] INFO  segmented.SegmentedRaftLogWorker (SegmentedRaftLogWorker.java:execute(588)) - s0@group-469FBF65F7A7-SegmentedRaftLogWorker: Rolled log segment from /home/runner/work/ratis/ratis/ratis-test/target/test/data/4b3f0585/MiniRaftClusterWithGrpc541392cf/s0/3ca58a08-2b71-4ba6-8289-469fbf65f7a7/current/log_inprogress_79 to /home/runner/work/ratis/ratis/ratis-test/target/test/data/4b3f0585/MiniRaftClusterWithGrpc541392cf/s0/3ca58a08-2b71-4ba6-8289-469fbf65f7a7/current/log_79-106
2022-09-20 10:11:48,707 [s1-server-thread3] DEBUG raftlog.RaftLog (SegmentedRaftLog.java:appendImpl(446)) - truncateIndex=-1, arrayIndex=0
2022-09-20 10:11:48,707 [s1-server-thread3] INFO  segmented.SegmentedRaftLogWorker (SegmentedRaftLogWorker.java:rollLogSegment(432)) - s1@group-469FBF65F7A7-SegmentedRaftLogWorker: Rolling segment log-79_106 to index:106
2022-09-20 10:11:48,708 [s0@group-469FBF65F7A7-SegmentedRaftLogWorker] INFO  segmented.SegmentedRaftLogWorker (SegmentedRaftLogWorker.java:execute(631)) - s0@group-469FBF65F7A7-SegmentedRaftLogWorker: created new log segment /home/runner/work/ratis/ratis/ratis-test/target/test/data/4b3f0585/MiniRaftClusterWithGrpc541392cf/s0/3ca58a08-2b71-4ba6-8289-469fbf65f7a7/current/log_inprogress_107
2022-09-20 10:11:48,708 [s1@group-469FBF65F7A7-SegmentedRaftLogWorker] TRACE util.FileUtils (LogUtils.java:runAndLog(49)) - Successfully ran Atomic Files.move /home/runner/work/ratis/ratis/ratis-test/target/test/data/4b3f0585/MiniRaftClusterWithGrpc541392cf/s1/3ca58a08-2b71-4ba6-8289-469fbf65f7a7/current/log_inprogress_79 to /home/runner/work/ratis/ratis/ratis-test/target/test/data/4b3f0585/MiniRaftClusterWithGrpc541392cf/s1/3ca58a08-2b71-4ba6-8289-469fbf65f7a7/current/log_79-106
2022-09-20 10:11:48,708 [s1@group-469FBF65F7A7-SegmentedRaftLogWorker] INFO  segmented.SegmentedRaftLogWorker (SegmentedRaftLogWorker.java:execute(588)) - s1@group-469FBF65F7A7-SegmentedRaftLogWorker: Rolled log segment from /home/runner/work/ratis/ratis/ratis-test/target/test/data/4b3f0585/MiniRaftClusterWithGrpc541392cf/s1/3ca58a08-2b71-4ba6-8289-469fbf65f7a7/current/log_inprogress_79 to /home/runner/work/ratis/ratis/ratis-test/target/test/data/4b3f0585/MiniRaftClusterWithGrpc541392cf/s1/3ca58a08-2b71-4ba6-8289-469fbf65f7a7/current/log_79-106
2022-09-20 10:11:48,708 [s2-server-thread2] DEBUG raftlog.RaftLog (SegmentedRaftLog.java:appendImpl(446)) - truncateIndex=-1, arrayIndex=0
2022-09-20 10:11:48,708 [s2-server-thread2] INFO  segmented.SegmentedRaftLogWorker (SegmentedRaftLogWorker.java:rollLogSegment(432)) - s2@group-469FBF65F7A7-SegmentedRaftLogWorker: Rolling segment log-79_106 to index:106
2022-09-20 10:11:48,709 [s2@group-469FBF65F7A7-SegmentedRaftLogWorker] TRACE util.FileUtils (LogUtils.java:runAndLog(49)) - Successfully ran Atomic Files.move /home/runner/work/ratis/ratis/ratis-test/target/test/data/4b3f0585/MiniRaftClusterWithGrpc541392cf/s2/3ca58a08-2b71-4ba6-8289-469fbf65f7a7/current/log_inprogress_79 to /home/runner/work/ratis/ratis/ratis-test/target/test/data/4b3f0585/MiniRaftClusterWithGrpc541392cf/s2/3ca58a08-2b71-4ba6-8289-469fbf65f7a7/current/log_79-106
2022-09-20 10:11:48,709 [s2@group-469FBF65F7A7-SegmentedRaftLogWorker] INFO  segmented.SegmentedRaftLogWorker (SegmentedRaftLogWorker.java:execute(588)) - s2@group-469FBF65F7A7-SegmentedRaftLogWorker: Rolled log segment from /home/runner/work/ratis/ratis/ratis-test/target/test/data/4b3f0585/MiniRaftClusterWithGrpc541392cf/s2/3ca58a08-2b71-4ba6-8289-469fbf65f7a7/current/log_inprogress_79 to /home/runner/work/ratis/ratis/ratis-test/target/test/data/4b3f0585/MiniRaftClusterWithGrpc541392cf/s2/3ca58a08-2b71-4ba6-8289-469fbf65f7a7/current/log_79-106
2022-09-20 10:11:48,709 [s1@group-469FBF65F7A7-SegmentedRaftLogWorker] INFO  segmented.SegmentedRaftLogWorker (SegmentedRaftLogWorker.java:execute(631)) - s1@group-469FBF65F7A7-SegmentedRaftLogWorker: created new log segment /home/runner/work/ratis/ratis/ratis-test/target/test/data/4b3f0585/MiniRaftClusterWithGrpc541392cf/s1/3ca58a08-2b71-4ba6-8289-469fbf65f7a7/current/log_inprogress_107
2022-09-20 10:11:48,710 [s0@group-469FBF65F7A7-StateMachineUpdater] INFO  statemachine.SimpleStateMachine4Testing (SimpleStateMachine4Testing.java:put(204)) - s0: put 107, m53 -> (t:1, i:107), STATEMACHINELOGENTRY, 439@client-76B04C62A16F
2022-09-20 10:11:48,710 [s2@group-469FBF65F7A7-SegmentedRaftLogWorker] INFO  segmented.SegmentedRaftLogWorker (SegmentedRaftLogWorker.java:execute(631)) - s2@group-469FBF65F7A7-SegmentedRaftLogWorker: created new log segment /home/runner/work/ratis/ratis/ratis-test/target/test/data/4b3f0585/MiniRaftClusterWithGrpc541392cf/s2/3ca58a08-2b71-4ba6-8289-469fbf65f7a7/current/log_inprogress_107
2022-09-20 10:11:48,710 [s1-server-thread3] DEBUG raftlog.RaftLog (SegmentedRaftLog.java:appendImpl(446)) - truncateIndex=-1, arrayIndex=0
2022-09-20 10:11:48,711 [s1@group-469FBF65F7A7-StateMachineUpdater] INFO  statemachine.SimpleStateMachine4Testing (SimpleStateMachine4Testing.java:put(204)) - s1: put 107, m53 -> (t:1, i:107), STATEMACHINELOGENTRY, 439@client-76B04C62A16F
2022-09-20 10:11:48,711 [s2-server-thread2] DEBUG raftlog.RaftLog (SegmentedRaftLog.java:appendImpl(446)) - truncateIndex=-1, arrayIndex=0
2022-09-20 10:11:48,712 [s2@group-469FBF65F7A7-StateMachineUpdater] INFO  statemachine.SimpleStateMachine4Testing (SimpleStateMachine4Testing.java:put(204)) - s2: put 107, m53 -> (t:1, i:107), STATEMACHINELOGENTRY, 439@client-76B04C62A16F
2022-09-20 10:11:48,713 [s1-server-thread3] DEBUG raftlog.RaftLog (SegmentedRaftLog.java:appendImpl(446)) - truncateIndex=-1, arrayIndex=0
2022-09-20 10:11:48,713 [s2-server-thread2] DEBUG raftlog.RaftLog (SegmentedRaftLog.java:appendImpl(446)) - truncateIndex=-1, arrayIndex=0
2022-09-20 10:11:48,716 [s0@group-469FBF65F7A7-StateMachineUpdater] INFO  statemachine.SimpleStateMachine4Testing (SimpleStateMachine4Testing.java:put(204)) - s0: put 109, m54 -> (t:1, i:109), STATEMACHINELOGENTRY, 440@client-76B04C62A16F
2022-09-20 10:11:48,717 [s2-server-thread2] DEBUG raftlog.RaftLog (SegmentedRaftLog.java:appendImpl(446)) - truncateIndex=-1, arrayIndex=0
2022-09-20 10:11:48,717 [s1-server-thread3] DEBUG raftlog.RaftLog (SegmentedRaftLog.java:appendImpl(446)) - truncateIndex=-1, arrayIndex=0
2022-09-20 10:11:48,717 [s2@group-469FBF65F7A7-StateMachineUpdater] INFO  statemachine.SimpleStateMachine4Testing (SimpleStateMachine4Testing.java:put(204)) - s2: put 109, m54 -> (t:1, i:109), STATEMACHINELOGENTRY, 440@client-76B04C62A16F
2022-09-20 10:11:48,718 [s1@group-469FBF65F7A7-StateMachineUpdater] INFO  statemachine.SimpleStateMachine4Testing (SimpleStateMachine4Testing.java:put(204)) - s1: put 109, m54 -> (t:1, i:109), STATEMACHINELOGENTRY, 440@client-76B04C62A16F
2022-09-20 10:11:48,721 [s2-server-thread2] DEBUG raftlog.RaftLog (SegmentedRaftLog.java:appendImpl(446)) - truncateIndex=-1, arrayIndex=0
2022-09-20 10:11:48,721 [s1-server-thread3] DEBUG raftlog.RaftLog (SegmentedRaftLog.java:appendImpl(446)) - truncateIndex=-1, arrayIndex=0
2022-09-20 10:11:48,722 [s0@group-469FBF65F7A7-StateMachineUpdater] INFO  statemachine.SimpleStateMachine4Testing (SimpleStateMachine4Testing.java:put(204)) - s0: put 111, m55 -> (t:1, i:111), STATEMACHINELOGENTRY, 441@client-76B04C62A16F
2022-09-20 10:11:48,723 [s2-server-thread2] DEBUG raftlog.RaftLog (SegmentedRaftLog.java:appendImpl(446)) - truncateIndex=-1, arrayIndex=0
2022-09-20 10:11:48,724 [s1-server-thread3] DEBUG raftlog.RaftLog (SegmentedRaftLog.java:appendImpl(446)) - truncateIndex=-1, arrayIndex=0
2022-09-20 10:11:48,724 [s1@group-469FBF65F7A7-StateMachineUpdater] INFO  statemachine.SimpleStateMachine4Testing (SimpleStateMachine4Testing.java:put(204)) - s1: put 111, m55 -> (t:1, i:111), STATEMACHINELOGENTRY, 441@client-76B04C62A16F
2022-09-20 10:11:48,724 [s2@group-469FBF65F7A7-StateMachineUpdater] INFO  statemachine.SimpleStateMachine4Testing (SimpleStateMachine4Testing.java:put(204)) - s2: put 111, m55 -> (t:1, i:111), STATEMACHINELOGENTRY, 441@client-76B04C62A16F
2022-09-20 10:11:48,726 [s2-server-thread2] DEBUG raftlog.RaftLog (SegmentedRaftLog.java:appendImpl(446)) - truncateIndex=-1, arrayIndex=0
2022-09-20 10:11:48,726 [s1-server-thread3] DEBUG raftlog.RaftLog (SegmentedRaftLog.java:appendImpl(446)) - truncateIndex=-1, arrayIndex=0
2022-09-20 10:11:48,727 [s0@group-469FBF65F7A7-StateMachineUpdater] INFO  statemachine.SimpleStateMachine4Testing (SimpleStateMachine4Testing.java:put(204)) - s0: put 113, m56 -> (t:1, i:113), STATEMACHINELOGENTRY, 442@client-76B04C62A16F
2022-09-20 10:11:48,728 [s2-server-thread2] DEBUG raftlog.RaftLog (SegmentedRaftLog.java:appendImpl(446)) - truncateIndex=-1, arrayIndex=0
2022-09-20 10:11:48,728 [s1-server-thread3] DEBUG raftlog.RaftLog (SegmentedRaftLog.java:appendImpl(446)) - truncateIndex=-1, arrayIndex=0
2022-09-20 10:11:48,728 [s2@group-469FBF65F7A7-StateMachineUpdater] INFO  statemachine.SimpleStateMachine4Testing (SimpleStateMachine4Testing.java:put(204)) - s2: put 113, m56 -> (t:1, i:113), STATEMACHINELOGENTRY, 442@client-76B04C62A16F
2022-09-20 10:11:48,729 [s1@group-469FBF65F7A7-StateMachineUpdater] INFO  statemachine.SimpleStateMachine4Testing (SimpleStateMachine4Testing.java:put(204)) - s1: put 113, m56 -> (t:1, i:113), STATEMACHINELOGENTRY, 442@client-76B04C62A16F
2022-09-20 10:11:48,730 [s2-server-thread2] DEBUG raftlog.RaftLog (SegmentedRaftLog.java:appendImpl(446)) - truncateIndex=-1, arrayIndex=0
2022-09-20 10:11:48,730 [s1-server-thread3] DEBUG raftlog.RaftLog (SegmentedRaftLog.java:appendImpl(446)) - truncateIndex=-1, arrayIndex=0
2022-09-20 10:11:48,731 [s0@group-469FBF65F7A7-StateMachineUpdater] INFO  statemachine.SimpleStateMachine4Testing (SimpleStateMachine4Testing.java:put(204)) - s0: put 115, m57 -> (t:1, i:115), STATEMACHINELOGENTRY, 443@client-76B04C62A16F
2022-09-20 10:11:48,732 [s2-server-thread2] DEBUG raftlog.RaftLog (SegmentedRaftLog.java:appendImpl(446)) - truncateIndex=-1, arrayIndex=0
2022-09-20 10:11:48,732 [s2@group-469FBF65F7A7-StateMachineUpdater] INFO  statemachine.SimpleStateMachine4Testing (SimpleStateMachine4Testing.java:put(204)) - s2: put 115, m57 -> (t:1, i:115), STATEMACHINELOGENTRY, 443@client-76B04C62A16F
2022-09-20 10:11:48,732 [s1-server-thread3] DEBUG raftlog.RaftLog (SegmentedRaftLog.java:appendImpl(446)) - truncateIndex=-1, arrayIndex=0
2022-09-20 10:11:48,733 [s1@group-469FBF65F7A7-StateMachineUpdater] INFO  statemachine.SimpleStateMachine4Testing (SimpleStateMachine4Testing.java:put(204)) - s1: put 115, m57 -> (t:1, i:115), STATEMACHINELOGENTRY, 443@client-76B04C62A16F
2022-09-20 10:11:48,734 [s2-server-thread2] DEBUG raftlog.RaftLog (SegmentedRaftLog.java:appendImpl(446)) - truncateIndex=-1, arrayIndex=0
2022-09-20 10:11:48,735 [s1-server-thread3] DEBUG raftlog.RaftLog (SegmentedRaftLog.java:appendImpl(446)) - truncateIndex=-1, arrayIndex=0
2022-09-20 10:11:48,735 [s0@group-469FBF65F7A7-StateMachineUpdater] INFO  statemachine.SimpleStateMachine4Testing (SimpleStateMachine4Testing.java:put(204)) - s0: put 117, m58 -> (t:1, i:117), STATEMACHINELOGENTRY, 444@client-76B04C62A16F
2022-09-20 10:11:48,736 [s2-server-thread2] DEBUG raftlog.RaftLog (SegmentedRaftLog.java:appendImpl(446)) - truncateIndex=-1, arrayIndex=0
2022-09-20 10:11:48,736 [s1-server-thread3] DEBUG raftlog.RaftLog (SegmentedRaftLog.java:appendImpl(446)) - truncateIndex=-1, arrayIndex=0
2022-09-20 10:11:48,737 [s2@group-469FBF65F7A7-StateMachineUpdater] INFO  statemachine.SimpleStateMachine4Testing (SimpleStateMachine4Testing.java:put(204)) - s2: put 117, m58 -> (t:1, i:117), STATEMACHINELOGENTRY, 444@client-76B04C62A16F
2022-09-20 10:11:48,737 [s1@group-469FBF65F7A7-StateMachineUpdater] INFO  statemachine.SimpleStateMachine4Testing (SimpleStateMachine4Testing.java:put(204)) - s1: put 117, m58 -> (t:1, i:117), STATEMACHINELOGENTRY, 444@client-76B04C62A16F
2022-09-20 10:11:48,739 [s1-server-thread3] DEBUG raftlog.RaftLog (SegmentedRaftLog.java:appendImpl(446)) - truncateIndex=-1, arrayIndex=0
2022-09-20 10:11:48,739 [s2-server-thread2] DEBUG raftlog.RaftLog (SegmentedRaftLog.java:appendImpl(446)) - truncateIndex=-1, arrayIndex=0
2022-09-20 10:11:48,740 [s0@group-469FBF65F7A7-StateMachineUpdater] INFO  statemachine.SimpleStateMachine4Testing (SimpleStateMachine4Testing.java:put(204)) - s0: put 119, m59 -> (t:1, i:119), STATEMACHINELOGENTRY, 445@client-76B04C62A16F
2022-09-20 10:11:48,741 [s1-server-thread3] DEBUG raftlog.RaftLog (SegmentedRaftLog.java:appendImpl(446)) - truncateIndex=-1, arrayIndex=0
2022-09-20 10:11:48,741 [s1@group-469FBF65F7A7-StateMachineUpdater] INFO  statemachine.SimpleStateMachine4Testing (SimpleStateMachine4Testing.java:put(204)) - s1: put 119, m59 -> (t:1, i:119), STATEMACHINELOGENTRY, 445@client-76B04C62A16F
2022-09-20 10:11:48,741 [s2-server-thread2] DEBUG raftlog.RaftLog (SegmentedRaftLog.java:appendImpl(446)) - truncateIndex=-1, arrayIndex=0
2022-09-20 10:11:48,742 [s2@group-469FBF65F7A7-StateMachineUpdater] INFO  statemachine.SimpleStateMachine4Testing (SimpleStateMachine4Testing.java:put(204)) - s2: put 119, m59 -> (t:1, i:119), STATEMACHINELOGENTRY, 445@client-76B04C62A16F
2022-09-20 10:11:48,746 [s1-server-thread3] DEBUG raftlog.RaftLog (SegmentedRaftLog.java:appendImpl(446)) - truncateIndex=-1, arrayIndex=0
2022-09-20 10:11:48,747 [s2-server-thread2] DEBUG raftlog.RaftLog (SegmentedRaftLog.java:appendImpl(446)) - truncateIndex=-1, arrayIndex=0
2022-09-20 10:11:48,748 [s0@group-469FBF65F7A7-StateMachineUpdater] INFO  statemachine.SimpleStateMachine4Testing (SimpleStateMachine4Testing.java:put(204)) - s0: put 121, m60 -> (t:1, i:121), STATEMACHINELOGENTRY, 446@client-76B04C62A16F
2022-09-20 10:11:48,749 [s1-server-thread3] DEBUG raftlog.RaftLog (SegmentedRaftLog.java:appendImpl(446)) - truncateIndex=-1, arrayIndex=0
2022-09-20 10:11:48,749 [s2-server-thread2] DEBUG raftlog.RaftLog (SegmentedRaftLog.java:appendImpl(446)) - truncateIndex=-1, arrayIndex=0
2022-09-20 10:11:48,749 [s1@group-469FBF65F7A7-StateMachineUpdater] INFO  statemachine.SimpleStateMachine4Testing (SimpleStateMachine4Testing.java:put(204)) - s1: put 121, m60 -> (t:1, i:121), STATEMACHINELOGENTRY, 446@client-76B04C62A16F
2022-09-20 10:11:48,749 [s2@group-469FBF65F7A7-StateMachineUpdater] INFO  statemachine.SimpleStateMachine4Testing (SimpleStateMachine4Testing.java:put(204)) - s2: put 121, m60 -> (t:1, i:121), STATEMACHINELOGENTRY, 446@client-76B04C62A16F
2022-09-20 10:11:48,751 [s1-server-thread3] DEBUG raftlog.RaftLog (SegmentedRaftLog.java:appendImpl(446)) - truncateIndex=-1, arrayIndex=0
2022-09-20 10:11:48,751 [s2-server-thread2] DEBUG raftlog.RaftLog (SegmentedRaftLog.java:appendImpl(446)) - truncateIndex=-1, arrayIndex=0
2022-09-20 10:11:48,752 [s0@group-469FBF65F7A7-StateMachineUpdater] INFO  statemachine.SimpleStateMachine4Testing (SimpleStateMachine4Testing.java:put(204)) - s0: put 123, m61 -> (t:1, i:123), STATEMACHINELOGENTRY, 447@client-76B04C62A16F
2022-09-20 10:11:48,753 [s1-server-thread3] DEBUG raftlog.RaftLog (SegmentedRaftLog.java:appendImpl(446)) - truncateIndex=-1, arrayIndex=0
2022-09-20 10:11:48,753 [s2-server-thread2] DEBUG raftlog.RaftLog (SegmentedRaftLog.java:appendImpl(446)) - truncateIndex=-1, arrayIndex=0
2022-09-20 10:11:48,753 [s1@group-469FBF65F7A7-StateMachineUpdater] INFO  statemachine.SimpleStateMachine4Testing (SimpleStateMachine4Testing.java:put(204)) - s1: put 123, m61 -> (t:1, i:123), STATEMACHINELOGENTRY, 447@client-76B04C62A16F
2022-09-20 10:11:48,753 [s2@group-469FBF65F7A7-StateMachineUpdater] INFO  statemachine.SimpleStateMachine4Testing (SimpleStateMachine4Testing.java:put(204)) - s2: put 123, m61 -> (t:1, i:123), STATEMACHINELOGENTRY, 447@client-76B04C62A16F
2022-09-20 10:11:48,755 [s2-server-thread2] DEBUG raftlog.RaftLog (SegmentedRaftLog.java:appendImpl(446)) - truncateIndex=-1, arrayIndex=0
2022-09-20 10:11:48,755 [s1-server-thread3] DEBUG raftlog.RaftLog (SegmentedRaftLog.java:appendImpl(446)) - truncateIndex=-1, arrayIndex=0
2022-09-20 10:11:48,756 [s0@group-469FBF65F7A7-StateMachineUpdater] INFO  statemachine.SimpleStateMachine4Testing (SimpleStateMachine4Testing.java:put(204)) - s0: put 125, m62 -> (t:1, i:125), STATEMACHINELOGENTRY, 448@client-76B04C62A16F
2022-09-20 10:11:48,757 [s1-server-thread3] DEBUG raftlog.RaftLog (SegmentedRaftLog.java:appendImpl(446)) - truncateIndex=-1, arrayIndex=0
2022-09-20 10:11:48,757 [s2-server-thread2] DEBUG raftlog.RaftLog (SegmentedRaftLog.java:appendImpl(446)) - truncateIndex=-1, arrayIndex=0
2022-09-20 10:11:48,757 [s1@group-469FBF65F7A7-StateMachineUpdater] INFO  statemachine.SimpleStateMachine4Testing (SimpleStateMachine4Testing.java:put(204)) - s1: put 125, m62 -> (t:1, i:125), STATEMACHINELOGENTRY, 448@client-76B04C62A16F
2022-09-20 10:11:48,757 [s2@group-469FBF65F7A7-StateMachineUpdater] INFO  statemachine.SimpleStateMachine4Testing (SimpleStateMachine4Testing.java:put(204)) - s2: put 125, m62 -> (t:1, i:125), STATEMACHINELOGENTRY, 448@client-76B04C62A16F
2022-09-20 10:11:48,759 [s2-server-thread2] DEBUG raftlog.RaftLog (SegmentedRaftLog.java:appendImpl(446)) - truncateIndex=-1, arrayIndex=0
2022-09-20 10:11:48,759 [s1-server-thread3] DEBUG raftlog.RaftLog (SegmentedRaftLog.java:appendImpl(446)) - truncateIndex=-1, arrayIndex=0
2022-09-20 10:11:48,760 [s0@group-469FBF65F7A7-StateMachineUpdater] INFO  statemachine.SimpleStateMachine4Testing (SimpleStateMachine4Testing.java:put(204)) - s0: put 127, m63 -> (t:1, i:127), STATEMACHINELOGENTRY, 449@client-76B04C62A16F
2022-09-20 10:11:48,763 [s2-server-thread2] DEBUG raftlog.RaftLog (SegmentedRaftLog.java:appendImpl(446)) - truncateIndex=-1, arrayIndex=0
2022-09-20 10:11:48,763 [s1-server-thread3] DEBUG raftlog.RaftLog (SegmentedRaftLog.java:appendImpl(446)) - truncateIndex=-1, arrayIndex=0
2022-09-20 10:11:48,763 [s2@group-469FBF65F7A7-StateMachineUpdater] INFO  statemachine.SimpleStateMachine4Testing (SimpleStateMachine4Testing.java:put(204)) - s2: put 127, m63 -> (t:1, i:127), STATEMACHINELOGENTRY, 449@client-76B04C62A16F
2022-09-20 10:11:48,767 [s1@group-469FBF65F7A7-StateMachineUpdater] INFO  statemachine.SimpleStateMachine4Testing (SimpleStateMachine4Testing.java:put(204)) - s1: put 127, m63 -> (t:1, i:127), STATEMACHINELOGENTRY, 449@client-76B04C62A16F
2022-09-20 10:11:48,771 [s1-server-thread3] DEBUG raftlog.RaftLog (SegmentedRaftLog.java:appendImpl(446)) - truncateIndex=-1, arrayIndex=0
2022-09-20 10:11:48,771 [s2-server-thread2] DEBUG raftlog.RaftLog (SegmentedRaftLog.java:appendImpl(446)) - truncateIndex=-1, arrayIndex=0
2022-09-20 10:11:48,783 [s0@group-469FBF65F7A7-StateMachineUpdater] INFO  impl.StateMachineUpdater (StateMachineUpdater.java:takeSnapshot(290)) - s0@group-469FBF65F7A7-StateMachineUpdater: Took a snapshot at index 127
2022-09-20 10:11:48,783 [s0@group-469FBF65F7A7-StateMachineUpdater] INFO  impl.StateMachineUpdater (StateMachineUpdater.java:lambda$new$0(96)) - s0@group-469FBF65F7A7-StateMachineUpdater: snapshotIndex: updateIncreasingly 63 -> 127
2022-09-20 10:11:48,783 [s0@group-469FBF65F7A7-StateMachineUpdater] INFO  raftlog.RaftLog (RaftLogBase.java:purge(314)) - s0@group-469FBF65F7A7-SegmentedRaftLog: purge 127
2022-09-20 10:11:48,783 [s0@group-469FBF65F7A7-StateMachineUpdater] INFO  raftlog.RaftLog (RaftLogBase.java:lambda$new$0(53)) - s0@group-469FBF65F7A7-SegmentedRaftLog: snapshotIndex: updateIncreasingly 63 -> 127
2022-09-20 10:11:48,783 [s0@group-469FBF65F7A7-StateMachineUpdater] DEBUG raftlog.RaftLog (SegmentedRaftLog.java:purgeImpl(366)) - purging segments:toTruncate: null
  toDelete: [(51, 78) isOpen? false, length=0, newEndIndex=0, (79, 106) isOpen? false, length=0, newEndIndex=0]
2022-09-20 10:11:48,783 [s0@group-469FBF65F7A7-StateMachineUpdater] INFO  statemachine.SimpleStateMachine4Testing (SimpleStateMachine4Testing.java:put(204)) - s0: put 129, m64 -> (t:1, i:129), STATEMACHINELOGENTRY, 450@client-76B04C62A16F
2022-09-20 10:11:48,783 [s0@group-469FBF65F7A7-SegmentedRaftLogWorker] TRACE util.FileUtils (LogUtils.java:runAndLog(49)) - Successfully ran Files.delete /home/runner/work/ratis/ratis/ratis-test/target/test/data/4b3f0585/MiniRaftClusterWithGrpc541392cf/s0/3ca58a08-2b71-4ba6-8289-469fbf65f7a7/current/log_51-78
2022-09-20 10:11:48,783 [s0@group-469FBF65F7A7-SegmentedRaftLogWorker] TRACE util.FileUtils (LogUtils.java:runAndLog(49)) - Successfully ran Files.delete /home/runner/work/ratis/ratis/ratis-test/target/test/data/4b3f0585/MiniRaftClusterWithGrpc541392cf/s0/3ca58a08-2b71-4ba6-8289-469fbf65f7a7/current/log_79-106
2022-09-20 10:11:48,783 [s0@group-469FBF65F7A7-SegmentedRaftLogWorker] INFO  raftlog.RaftLog (RaftLogBase.java:lambda$new$0(53)) - s0@group-469FBF65F7A7-SegmentedRaftLog: purgeIndex: updateToMax old=50, new=106, updated? true
2022-09-20 10:11:48,787 [s1-server-thread3] DEBUG raftlog.RaftLog (SegmentedRaftLog.java:appendImpl(446)) - truncateIndex=-1, arrayIndex=0
2022-09-20 10:11:48,787 [s1@group-469FBF65F7A7-StateMachineUpdater] INFO  impl.StateMachineUpdater (StateMachineUpdater.java:takeSnapshot(290)) - s1@group-469FBF65F7A7-StateMachineUpdater: Took a snapshot at index 127
2022-09-20 10:11:48,787 [s1@group-469FBF65F7A7-StateMachineUpdater] INFO  impl.StateMachineUpdater (StateMachineUpdater.java:lambda$new$0(96)) - s1@group-469FBF65F7A7-StateMachineUpdater: snapshotIndex: updateIncreasingly 63 -> 127
2022-09-20 10:11:48,787 [s2-server-thread2] DEBUG raftlog.RaftLog (SegmentedRaftLog.java:appendImpl(446)) - truncateIndex=-1, arrayIndex=0
2022-09-20 10:11:48,787 [s1@group-469FBF65F7A7-StateMachineUpdater] INFO  raftlog.RaftLog (RaftLogBase.java:purge(314)) - s1@group-469FBF65F7A7-SegmentedRaftLog: purge 127
2022-09-20 10:11:48,787 [s1@group-469FBF65F7A7-StateMachineUpdater] INFO  raftlog.RaftLog (RaftLogBase.java:lambda$new$0(53)) - s1@group-469FBF65F7A7-SegmentedRaftLog: snapshotIndex: updateIncreasingly 63 -> 127
2022-09-20 10:11:48,787 [s1@group-469FBF65F7A7-StateMachineUpdater] DEBUG raftlog.RaftLog (SegmentedRaftLog.java:purgeImpl(366)) - purging segments:toTruncate: null
  toDelete: [(51, 78) isOpen? false, length=0, newEndIndex=0, (79, 106) isOpen? false, length=0, newEndIndex=0]
2022-09-20 10:11:48,787 [s1@group-469FBF65F7A7-StateMachineUpdater] INFO  statemachine.SimpleStateMachine4Testing (SimpleStateMachine4Testing.java:put(204)) - s1: put 129, m64 -> (t:1, i:129), STATEMACHINELOGENTRY, 450@client-76B04C62A16F
2022-09-20 10:11:48,788 [s2@group-469FBF65F7A7-StateMachineUpdater] INFO  impl.StateMachineUpdater (StateMachineUpdater.java:takeSnapshot(290)) - s2@group-469FBF65F7A7-StateMachineUpdater: Took a snapshot at index 127
2022-09-20 10:11:48,788 [s2@group-469FBF65F7A7-StateMachineUpdater] INFO  impl.StateMachineUpdater (StateMachineUpdater.java:lambda$new$0(96)) - s2@group-469FBF65F7A7-StateMachineUpdater: snapshotIndex: updateIncreasingly 63 -> 127
2022-09-20 10:11:48,788 [s1@group-469FBF65F7A7-SegmentedRaftLogWorker] TRACE util.FileUtils (LogUtils.java:runAndLog(49)) - Successfully ran Files.delete /home/runner/work/ratis/ratis/ratis-test/target/test/data/4b3f0585/MiniRaftClusterWithGrpc541392cf/s1/3ca58a08-2b71-4ba6-8289-469fbf65f7a7/current/log_51-78
2022-09-20 10:11:48,788 [s2@group-469FBF65F7A7-StateMachineUpdater] INFO  raftlog.RaftLog (RaftLogBase.java:purge(314)) - s2@group-469FBF65F7A7-SegmentedRaftLog: purge 127
2022-09-20 10:11:48,788 [s1@group-469FBF65F7A7-SegmentedRaftLogWorker] TRACE util.FileUtils (LogUtils.java:runAndLog(49)) - Successfully ran Files.delete /home/runner/work/ratis/ratis/ratis-test/target/test/data/4b3f0585/MiniRaftClusterWithGrpc541392cf/s1/3ca58a08-2b71-4ba6-8289-469fbf65f7a7/current/log_79-106
2022-09-20 10:11:48,788 [s2@group-469FBF65F7A7-StateMachineUpdater] INFO  raftlog.RaftLog (RaftLogBase.java:lambda$new$0(53)) - s2@group-469FBF65F7A7-SegmentedRaftLog: snapshotIndex: updateIncreasingly 63 -> 127
2022-09-20 10:11:48,788 [s1@group-469FBF65F7A7-SegmentedRaftLogWorker] INFO  raftlog.RaftLog (RaftLogBase.java:lambda$new$0(53)) - s1@group-469FBF65F7A7-SegmentedRaftLog: purgeIndex: updateToMax old=50, new=106, updated? true
2022-09-20 10:11:48,788 [s2@group-469FBF65F7A7-StateMachineUpdater] DEBUG raftlog.RaftLog (SegmentedRaftLog.java:purgeImpl(366)) - purging segments:toTruncate: null
  toDelete: [(51, 78) isOpen? false, length=0, newEndIndex=0, (79, 106) isOpen? false, length=0, newEndIndex=0]
2022-09-20 10:11:48,788 [s2@group-469FBF65F7A7-StateMachineUpdater] INFO  statemachine.SimpleStateMachine4Testing (SimpleStateMachine4Testing.java:put(204)) - s2: put 129, m64 -> (t:1, i:129), STATEMACHINELOGENTRY, 450@client-76B04C62A16F
2022-09-20 10:11:48,788 [s2@group-469FBF65F7A7-SegmentedRaftLogWorker] TRACE util.FileUtils (LogUtils.java:runAndLog(49)) - Successfully ran Files.delete /home/runner/work/ratis/ratis/ratis-test/target/test/data/4b3f0585/MiniRaftClusterWithGrpc541392cf/s2/3ca58a08-2b71-4ba6-8289-469fbf65f7a7/current/log_51-78
2022-09-20 10:11:48,788 [s2@group-469FBF65F7A7-SegmentedRaftLogWorker] TRACE util.FileUtils (LogUtils.java:runAndLog(49)) - Successfully ran Files.delete /home/runner/work/ratis/ratis/ratis-test/target/test/data/4b3f0585/MiniRaftClusterWithGrpc541392cf/s2/3ca58a08-2b71-4ba6-8289-469fbf65f7a7/current/log_79-106
2022-09-20 10:11:48,788 [s2@group-469FBF65F7A7-SegmentedRaftLogWorker] INFO  raftlog.RaftLog (RaftLogBase.java:lambda$new$0(53)) - s2@group-469FBF65F7A7-SegmentedRaftLog: purgeIndex: updateToMax old=50, new=106, updated? true
2022-09-20 10:11:51,787 [timer7] WARN  server.GrpcLogAppender (GrpcLogAppender.java:timeoutAppendRequest(301)) - s0@group-469FBF65F7A7->s1-GrpcLogAppender:  appendEntries Timeout, request=AppendEntriesRequest:cid=357,entriesCount=1,lastEntry=(t:1, i:131)
2022-09-20 10:11:51,788 [timer0] WARN  server.GrpcLogAppender (GrpcLogAppender.java:timeoutAppendRequest(301)) - s0@group-469FBF65F7A7->s2-GrpcLogAppender:  appendEntries Timeout, request=AppendEntriesRequest:cid=349,entriesCount=1,lastEntry=(t:1, i:131)
2022-09-20 10:11:51,899 [null-request--thread1] INFO  server.GrpcClientProtocolService (GrpcClientProtocolService.java:lambda$processClientRequest$0(284)) - Failed RaftClientRequest:client-76B04C62A16F->s2@group-469FBF65F7A7, cid=451, seq=0, RW, Message:6d3635, reply=RaftClientReply:client-76B04C62A16F->s2@group-469FBF65F7A7, cid=451, FAILED org.apache.ratis.protocol.exceptions.NotLeaderException: Server s2@group-469FBF65F7A7 is not the leader s0|rpc:localhost:39281|admin:localhost:38455|client:localhost:36053|dataStream:localhost:45769|priority:0|startupRole:FOLLOWER, logIndex=0, commits[s2:c129, s0:c130, s1:c129]
2022-09-20 10:11:55,114 [null-request--thread1] INFO  server.GrpcClientProtocolService (GrpcClientProtocolService.java:lambda$processClientRequest$0(284)) - Failed RaftClientRequest:client-76B04C62A16F->s1@group-469FBF65F7A7, cid=451, seq=0, RW, Message:6d3635, reply=RaftClientReply:client-76B04C62A16F->s1@group-469FBF65F7A7, cid=451, FAILED org.apache.ratis.protocol.exceptions.NotLeaderException: Server s1@group-469FBF65F7A7 is not the leader s0|rpc:localhost:39281|admin:localhost:38455|client:localhost:36053|dataStream:localhost:45769|priority:0|startupRole:FOLLOWER, logIndex=0, commits[s1:c129, s0:c130, s2:c129]
2022-09-20 10:11:57,949 [Timer-3] INFO  impl.MiniRaftCluster (MiniRaftCluster.java:lambda$start$6(349)) - TIMED-PRINT: printing ALL groups
  s0:  RUNNING    LEADER s0@group-469FBF65F7A7:t1, leader=s0, voted=s0, raftlog=Memoized:s0@group-469FBF65F7A7-SegmentedRaftLog:OPENED:c130, conf=0: peers:[s0|rpc:localhost:39281|admin:localhost:38455|client:localhost:36053|dataStream:localhost:45769|priority:0|startupRole:FOLLOWER, s1|rpc:localhost:46849|admin:localhost:41515|client:localhost:39119|dataStream:localhost:41703|priority:0|startupRole:FOLLOWER, s2|rpc:localhost:35167|admin:localhost:44965|client:localhost:40979|dataStream:localhost:34151|priority:0|startupRole:FOLLOWER]|listeners:[], old=null RUNNING
  s1:  RUNNING  FOLLOWER s1@group-469FBF65F7A7:t1, leader=s0, voted=s0, raftlog=Memoized:s1@group-469FBF65F7A7-SegmentedRaftLog:OPENED:c129, conf=0: peers:[s0|rpc:localhost:39281|admin:localhost:38455|client:localhost:36053|dataStream:localhost:45769|priority:0|startupRole:FOLLOWER, s1|rpc:localhost:46849|admin:localhost:41515|client:localhost:39119|dataStream:localhost:41703|priority:0|startupRole:FOLLOWER, s2|rpc:localhost:35167|admin:localhost:44965|client:localhost:40979|dataStream:localhost:34151|priority:0|startupRole:FOLLOWER]|listeners:[], old=null RUNNING
  s2:  RUNNING  FOLLOWER s2@group-469FBF65F7A7:t1, leader=s0, voted=s0, raftlog=Memoized:s2@group-469FBF65F7A7-SegmentedRaftLog:OPENED:c129, conf=0: peers:[s0|rpc:localhost:39281|admin:localhost:38455|client:localhost:36053|dataStream:localhost:45769|priority:0|startupRole:FOLLOWER, s1|rpc:localhost:46849|admin:localhost:41515|client:localhost:39119|dataStream:localhost:41703|priority:0|startupRole:FOLLOWER, s2|rpc:localhost:35167|admin:localhost:44965|client:localhost:40979|dataStream:localhost:34151|priority:0|startupRole:FOLLOWER]|listeners:[], old=null RUNNING
2022-09-20 10:11:58,325 [null-request--thread1] INFO  server.GrpcClientProtocolService (GrpcClientProtocolService.java:lambda$processClientRequest$0(284)) - Failed RaftClientRequest:client-76B04C62A16F->s1@group-469FBF65F7A7, cid=451, seq=0, RW, Message:6d3635, reply=RaftClientReply:client-76B04C62A16F->s1@group-469FBF65F7A7, cid=451, FAILED org.apache.ratis.protocol.exceptions.NotLeaderException: Server s1@group-469FBF65F7A7 is not the leader s0|rpc:localhost:39281|admin:localhost:38455|client:localhost:36053|dataStream:localhost:45769|priority:0|startupRole:FOLLOWER, logIndex=0, commits[s1:c129, s0:c130, s2:c129]
2022-09-20 10:12:01,536 [null-request--thread1] INFO  server.GrpcClientProtocolService (GrpcClientProtocolService.java:lambda$processClientRequest$0(284)) - Failed RaftClientRequest:client-76B04C62A16F->s1@group-469FBF65F7A7, cid=451, seq=0, RW, Message:6d3635, reply=RaftClientReply:client-76B04C62A16F->s1@group-469FBF65F7A7, cid=451, FAILED org.apache.ratis.protocol.exceptions.NotLeaderException: Server s1@group-469FBF65F7A7 is not the leader s0|rpc:localhost:39281|admin:localhost:38455|client:localhost:36053|dataStream:localhost:45769|priority:0|startupRole:FOLLOWER, logIndex=0, commits[s1:c129, s0:c130, s2:c129]
2022-09-20 10:12:04,747 [null-request--thread1] INFO  server.GrpcClientProtocolService (GrpcClientProtocolService.java:lambda$processClientRequest$0(284)) - Failed RaftClientRequest:client-76B04C62A16F->s2@group-469FBF65F7A7, cid=451, seq=0, RW, Message:6d3635, reply=RaftClientReply:client-76B04C62A16F->s2@group-469FBF65F7A7, cid=451, FAILED org.apache.ratis.protocol.exceptions.NotLeaderException: Server s2@group-469FBF65F7A7 is not the leader s0|rpc:localhost:39281|admin:localhost:38455|client:localhost:36053|dataStream:localhost:45769|priority:0|startupRole:FOLLOWER, logIndex=0, commits[s2:c129, s0:c130, s1:c129]
2022-09-20 10:12:07,948 [Timer-3] INFO  impl.MiniRaftCluster (MiniRaftCluster.java:lambda$start$6(349)) - TIMED-PRINT: printing ALL groups
  s0:  RUNNING    LEADER s0@group-469FBF65F7A7:t1, leader=s0, voted=s0, raftlog=Memoized:s0@group-469FBF65F7A7-SegmentedRaftLog:OPENED:c130, conf=0: peers:[s0|rpc:localhost:39281|admin:localhost:38455|client:localhost:36053|dataStream:localhost:45769|priority:0|startupRole:FOLLOWER, s1|rpc:localhost:46849|admin:localhost:41515|client:localhost:39119|dataStream:localhost:41703|priority:0|startupRole:FOLLOWER, s2|rpc:localhost:35167|admin:localhost:44965|client:localhost:40979|dataStream:localhost:34151|priority:0|startupRole:FOLLOWER]|listeners:[], old=null RUNNING
  s1:  RUNNING  FOLLOWER s1@group-469FBF65F7A7:t1, leader=s0, voted=s0, raftlog=Memoized:s1@group-469FBF65F7A7-SegmentedRaftLog:OPENED:c129, conf=0: peers:[s0|rpc:localhost:39281|admin:localhost:38455|client:localhost:36053|dataStream:localhost:45769|priority:0|startupRole:FOLLOWER, s1|rpc:localhost:46849|admin:localhost:41515|client:localhost:39119|dataStream:localhost:41703|priority:0|startupRole:FOLLOWER, s2|rpc:localhost:35167|admin:localhost:44965|client:localhost:40979|dataStream:localhost:34151|priority:0|startupRole:FOLLOWER]|listeners:[], old=null RUNNING
  s2:  RUNNING  FOLLOWER s2@group-469FBF65F7A7:t1, leader=s0, voted=s0, raftlog=Memoized:s2@group-469FBF65F7A7-SegmentedRaftLog:OPENED:c129, conf=0: peers:[s0|rpc:localhost:39281|admin:localhost:38455|client:localhost:36053|dataStream:localhost:45769|priority:0|startupRole:FOLLOWER, s1|rpc:localhost:46849|admin:localhost:41515|client:localhost:39119|dataStream:localhost:41703|priority:0|startupRole:FOLLOWER, s2|rpc:localhost:35167|admin:localhost:44965|client:localhost:40979|dataStream:localhost:34151|priority:0|startupRole:FOLLOWER]|listeners:[], old=null RUNNING
2022-09-20 10:12:07,960 [null-request--thread1] INFO  server.GrpcClientProtocolService (GrpcClientProtocolService.java:lambda$processClientRequest$0(284)) - Failed RaftClientRequest:client-76B04C62A16F->s1@group-469FBF65F7A7, cid=451, seq=0, RW, Message:6d3635, reply=RaftClientReply:client-76B04C62A16F->s1@group-469FBF65F7A7, cid=451, FAILED org.apache.ratis.protocol.exceptions.NotLeaderException: Server s1@group-469FBF65F7A7 is not the leader s0|rpc:localhost:39281|admin:localhost:38455|client:localhost:36053|dataStream:localhost:45769|priority:0|startupRole:FOLLOWER, logIndex=0, commits[s1:c129, s0:c130, s2:c129]
2022-09-20 10:12:11,172 [null-request--thread1] INFO  server.GrpcClientProtocolService (GrpcClientProtocolService.java:lambda$processClientRequest$0(284)) - Failed RaftClientRequest:client-76B04C62A16F->s2@group-469FBF65F7A7, cid=451, seq=0, RW, Message:6d3635, reply=RaftClientReply:client-76B04C62A16F->s2@group-469FBF65F7A7, cid=451, FAILED org.apache.ratis.protocol.exceptions.NotLeaderException: Server s2@group-469FBF65F7A7 is not the leader s0|rpc:localhost:39281|admin:localhost:38455|client:localhost:36053|dataStream:localhost:45769|priority:0|startupRole:FOLLOWER, logIndex=0, commits[s2:c129, s0:c130, s1:c129]
2022-09-20 10:12:14,383 [null-request--thread1] INFO  server.GrpcClientProtocolService (GrpcClientProtocolService.java:lambda$processClientRequest$0(284)) - Failed RaftClientRequest:client-76B04C62A16F->s1@group-469FBF65F7A7, cid=451, seq=0, RW, Message:6d3635, reply=RaftClientReply:client-76B04C62A16F->s1@group-469FBF65F7A7, cid=451, FAILED org.apache.ratis.protocol.exceptions.NotLeaderException: Server s1@group-469FBF65F7A7 is not the leader s0|rpc:localhost:39281|admin:localhost:38455|client:localhost:36053|dataStream:localhost:45769|priority:0|startupRole:FOLLOWER, logIndex=0, commits[s1:c129, s0:c130, s2:c129]
2022-09-20 10:12:17,593 [null-request--thread1] INFO  server.GrpcClientProtocolService (GrpcClientProtocolService.java:lambda$processClientRequest$0(284)) - Failed RaftClientRequest:client-76B04C62A16F->s1@group-469FBF65F7A7, cid=451, seq=0, RW, Message:6d3635, reply=RaftClientReply:client-76B04C62A16F->s1@group-469FBF65F7A7, cid=451, FAILED org.apache.ratis.protocol.exceptions.NotLeaderException: Server s1@group-469FBF65F7A7 is not the leader s0|rpc:localhost:39281|admin:localhost:38455|client:localhost:36053|dataStream:localhost:45769|priority:0|startupRole:FOLLOWER, logIndex=0, commits[s1:c129, s0:c130, s2:c129]
2022-09-20 10:12:17,949 [Timer-3] INFO  impl.MiniRaftCluster (MiniRaftCluster.java:lambda$start$6(349)) - TIMED-PRINT: printing ALL groups
  s0:  RUNNING    LEADER s0@group-469FBF65F7A7:t1, leader=s0, voted=s0, raftlog=Memoized:s0@group-469FBF65F7A7-SegmentedRaftLog:OPENED:c130, conf=0: peers:[s0|rpc:localhost:39281|admin:localhost:38455|client:localhost:36053|dataStream:localhost:45769|priority:0|startupRole:FOLLOWER, s1|rpc:localhost:46849|admin:localhost:41515|client:localhost:39119|dataStream:localhost:41703|priority:0|startupRole:FOLLOWER, s2|rpc:localhost:35167|admin:localhost:44965|client:localhost:40979|dataStream:localhost:34151|priority:0|startupRole:FOLLOWER]|listeners:[], old=null RUNNING
  s1:  RUNNING  FOLLOWER s1@group-469FBF65F7A7:t1, leader=s0, voted=s0, raftlog=Memoized:s1@group-469FBF65F7A7-SegmentedRaftLog:OPENED:c129, conf=0: peers:[s0|rpc:localhost:39281|admin:localhost:38455|client:localhost:36053|dataStream:localhost:45769|priority:0|startupRole:FOLLOWER, s1|rpc:localhost:46849|admin:localhost:41515|client:localhost:39119|dataStream:localhost:41703|priority:0|startupRole:FOLLOWER, s2|rpc:localhost:35167|admin:localhost:44965|client:localhost:40979|dataStream:localhost:34151|priority:0|startupRole:FOLLOWER]|listeners:[], old=null RUNNING
  s2:  RUNNING  FOLLOWER s2@group-469FBF65F7A7:t1, leader=s0, voted=s0, raftlog=Memoized:s2@group-469FBF65F7A7-SegmentedRaftLog:OPENED:c129, conf=0: peers:[s0|rpc:localhost:39281|admin:localhost:38455|client:localhost:36053|dataStream:localhost:45769|priority:0|startupRole:FOLLOWER, s1|rpc:localhost:46849|admin:localhost:41515|client:localhost:39119|dataStream:localhost:41703|priority:0|startupRole:FOLLOWER, s2|rpc:localhost:35167|admin:localhost:44965|client:localhost:40979|dataStream:localhost:34151|priority:0|startupRole:FOLLOWER]|listeners:[], old=null RUNNING
2022-09-20 10:12:20,803 [null-request--thread1] INFO  server.GrpcClientProtocolService (GrpcClientProtocolService.java:lambda$processClientRequest$0(284)) - Failed RaftClientRequest:client-76B04C62A16F->s1@group-469FBF65F7A7, cid=451, seq=0, RW, Message:6d3635, reply=RaftClientReply:client-76B04C62A16F->s1@group-469FBF65F7A7, cid=451, FAILED org.apache.ratis.protocol.exceptions.NotLeaderException: Server s1@group-469FBF65F7A7 is not the leader s0|rpc:localhost:39281|admin:localhost:38455|client:localhost:36053|dataStream:localhost:45769|priority:0|startupRole:FOLLOWER, logIndex=0, commits[s1:c129, s0:c130, s2:c129]
2022-09-20 10:12:24,014 [null-request--thread1] INFO  server.GrpcClientProtocolService (GrpcClientProtocolService.java:lambda$processClientRequest$0(284)) - Failed RaftClientRequest:client-76B04C62A16F->s2@group-469FBF65F7A7, cid=451, seq=0, RW, Message:6d3635, reply=RaftClientReply:client-76B04C62A16F->s2@group-469FBF65F7A7, cid=451, FAILED org.apache.ratis.protocol.exceptions.NotLeaderException: Server s2@group-469FBF65F7A7 is not the leader s0|rpc:localhost:39281|admin:localhost:38455|client:localhost:36053|dataStream:localhost:45769|priority:0|startupRole:FOLLOWER, logIndex=0, commits[s2:c129, s0:c130, s1:c129]
2022-09-20 10:12:27,223 [null-request--thread1] INFO  server.GrpcClientProtocolService (GrpcClientProtocolService.java:lambda$processClientRequest$0(284)) - Failed RaftClientRequest:client-76B04C62A16F->s2@group-469FBF65F7A7, cid=451, seq=0, RW, Message:6d3635, reply=RaftClientReply:client-76B04C62A16F->s2@group-469FBF65F7A7, cid=451, FAILED org.apache.ratis.protocol.exceptions.NotLeaderException: Server s2@group-469FBF65F7A7 is not the leader s0|rpc:localhost:39281|admin:localhost:38455|client:localhost:36053|dataStream:localhost:45769|priority:0|startupRole:FOLLOWER, logIndex=0, commits[s2:c129, s0:c130, s1:c129]
2022-09-20 10:12:27,949 [Timer-3] INFO  impl.MiniRaftCluster (MiniRaftCluster.java:lambda$start$6(349)) - TIMED-PRINT: printing ALL groups
  s0:  RUNNING    LEADER s0@group-469FBF65F7A7:t1, leader=s0, voted=s0, raftlog=Memoized:s0@group-469FBF65F7A7-SegmentedRaftLog:OPENED:c130, conf=0: peers:[s0|rpc:localhost:39281|admin:localhost:38455|client:localhost:36053|dataStream:localhost:45769|priority:0|startupRole:FOLLOWER, s1|rpc:localhost:46849|admin:localhost:41515|client:localhost:39119|dataStream:localhost:41703|priority:0|startupRole:FOLLOWER, s2|rpc:localhost:35167|admin:localhost:44965|client:localhost:40979|dataStream:localhost:34151|priority:0|startupRole:FOLLOWER]|listeners:[], old=null RUNNING
  s1:  RUNNING  FOLLOWER s1@group-469FBF65F7A7:t1, leader=s0, voted=s0, raftlog=Memoized:s1@group-469FBF65F7A7-SegmentedRaftLog:OPENED:c129, conf=0: peers:[s0|rpc:localhost:39281|admin:localhost:38455|client:localhost:36053|dataStream:localhost:45769|priority:0|startupRole:FOLLOWER, s1|rpc:localhost:46849|admin:localhost:41515|client:localhost:39119|dataStream:localhost:41703|priority:0|startupRole:FOLLOWER, s2|rpc:localhost:35167|admin:localhost:44965|client:localhost:40979|dataStream:localhost:34151|priority:0|startupRole:FOLLOWER]|listeners:[], old=null RUNNING
  s2:  RUNNING  FOLLOWER s2@group-469FBF65F7A7:t1, leader=s0, voted=s0, raftlog=Memoized:s2@group-469FBF65F7A7-SegmentedRaftLog:OPENED:c129, conf=0: peers:[s0|rpc:localhost:39281|admin:localhost:38455|client:localhost:36053|dataStream:localhost:45769|priority:0|startupRole:FOLLOWER, s1|rpc:localhost:46849|admin:localhost:41515|client:localhost:39119|dataStream:localhost:41703|priority:0|startupRole:FOLLOWER, s2|rpc:localhost:35167|admin:localhost:44965|client:localhost:40979|dataStream:localhost:34151|priority:0|startupRole:FOLLOWER]|listeners:[], old=null RUNNING
2022-09-20 10:12:30,434 [null-request--thread1] INFO  server.GrpcClientProtocolService (GrpcClientProtocolService.java:lambda$processClientRequest$0(284)) - Failed RaftClientRequest:client-76B04C62A16F->s2@group-469FBF65F7A7, cid=451, seq=0, RW, Message:6d3635, reply=RaftClientReply:client-76B04C62A16F->s2@group-469FBF65F7A7, cid=451, FAILED org.apache.ratis.protocol.exceptions.NotLeaderException: Server s2@group-469FBF65F7A7 is not the leader s0|rpc:localhost:39281|admin:localhost:38455|client:localhost:36053|dataStream:localhost:45769|priority:0|startupRole:FOLLOWER, logIndex=0, commits[s2:c129, s0:c130, s1:c129]
2022-09-20 10:12:33,644 [null-request--thread1] INFO  server.GrpcClientProtocolService (GrpcClientProtocolService.java:lambda$processClientRequest$0(284)) - Failed RaftClientRequest:client-76B04C62A16F->s1@group-469FBF65F7A7, cid=451, seq=0, RW, Message:6d3635, reply=RaftClientReply:client-76B04C62A16F->s1@group-469FBF65F7A7, cid=451, FAILED org.apache.ratis.protocol.exceptions.NotLeaderException: Server s1@group-469FBF65F7A7 is not the leader s0|rpc:localhost:39281|admin:localhost:38455|client:localhost:36053|dataStream:localhost:45769|priority:0|startupRole:FOLLOWER, logIndex=0, commits[s1:c129, s0:c130, s2:c129]
2022-09-20 10:12:36,855 [null-request--thread1] INFO  server.GrpcClientProtocolService (GrpcClientProtocolService.java:lambda$processClientRequest$0(284)) - Failed RaftClientRequest:client-76B04C62A16F->s2@group-469FBF65F7A7, cid=451, seq=0, RW, Message:6d3635, reply=RaftClientReply:client-76B04C62A16F->s2@group-469FBF65F7A7, cid=451, FAILED org.apache.ratis.protocol.exceptions.NotLeaderException: Server s2@group-469FBF65F7A7 is not the leader s0|rpc:localhost:39281|admin:localhost:38455|client:localhost:36053|dataStream:localhost:45769|priority:0|startupRole:FOLLOWER, logIndex=0, commits[s2:c129, s0:c130, s1:c129]
2022-09-20 10:12:37,950 [Timer-3] INFO  impl.MiniRaftCluster (MiniRaftCluster.java:lambda$start$6(349)) - TIMED-PRINT: printing ALL groups
  s0:  RUNNING    LEADER s0@group-469FBF65F7A7:t1, leader=s0, voted=s0, raftlog=Memoized:s0@group-469FBF65F7A7-SegmentedRaftLog:OPENED:c130, conf=0: peers:[s0|rpc:localhost:39281|admin:localhost:38455|client:localhost:36053|dataStream:localhost:45769|priority:0|startupRole:FOLLOWER, s1|rpc:localhost:46849|admin:localhost:41515|client:localhost:39119|dataStream:localhost:41703|priority:0|startupRole:FOLLOWER, s2|rpc:localhost:35167|admin:localhost:44965|client:localhost:40979|dataStream:localhost:34151|priority:0|startupRole:FOLLOWER]|listeners:[], old=null RUNNING
  s1:  RUNNING  FOLLOWER s1@group-469FBF65F7A7:t1, leader=s0, voted=s0, raftlog=Memoized:s1@group-469FBF65F7A7-SegmentedRaftLog:OPENED:c129, conf=0: peers:[s0|rpc:localhost:39281|admin:localhost:38455|client:localhost:36053|dataStream:localhost:45769|priority:0|startupRole:FOLLOWER, s1|rpc:localhost:46849|admin:localhost:41515|client:localhost:39119|dataStream:localhost:41703|priority:0|startupRole:FOLLOWER, s2|rpc:localhost:35167|admin:localhost:44965|client:localhost:40979|dataStream:localhost:34151|priority:0|startupRole:FOLLOWER]|listeners:[], old=null RUNNING
  s2:  RUNNING  FOLLOWER s2@group-469FBF65F7A7:t1, leader=s0, voted=s0, raftlog=Memoized:s2@group-469FBF65F7A7-SegmentedRaftLog:OPENED:c129, conf=0: peers:[s0|rpc:localhost:39281|admin:localhost:38455|client:localhost:36053|dataStream:localhost:45769|priority:0|startupRole:FOLLOWER, s1|rpc:localhost:46849|admin:localhost:41515|client:localhost:39119|dataStream:localhost:41703|priority:0|startupRole:FOLLOWER, s2|rpc:localhost:35167|admin:localhost:44965|client:localhost:40979|dataStream:localhost:34151|priority:0|startupRole:FOLLOWER]|listeners:[], old=null RUNNING
2022-09-20 10:12:40,065 [null-request--thread1] INFO  server.GrpcClientProtocolService (GrpcClientProtocolService.java:lambda$processClientRequest$0(284)) - Failed RaftClientRequest:client-76B04C62A16F->s2@group-469FBF65F7A7, cid=451, seq=0, RW, Message:6d3635, reply=RaftClientReply:client-76B04C62A16F->s2@group-469FBF65F7A7, cid=451, FAILED org.apache.ratis.protocol.exceptions.NotLeaderException: Server s2@group-469FBF65F7A7 is not the leader s0|rpc:localhost:39281|admin:localhost:38455|client:localhost:36053|dataStream:localhost:45769|priority:0|startupRole:FOLLOWER, logIndex=0, commits[s2:c129, s0:c130, s1:c129]
2022-09-20 10:12:43,275 [null-request--thread1] INFO  server.GrpcClientProtocolService (GrpcClientProtocolService.java:lambda$processClientRequest$0(284)) - Failed RaftClientRequest:client-76B04C62A16F->s2@group-469FBF65F7A7, cid=451, seq=0, RW, Message:6d3635, reply=RaftClientReply:client-76B04C62A16F->s2@group-469FBF65F7A7, cid=451, FAILED org.apache.ratis.protocol.exceptions.NotLeaderException: Server s2@group-469FBF65F7A7 is not the leader s0|rpc:localhost:39281|admin:localhost:38455|client:localhost:36053|dataStream:localhost:45769|priority:0|startupRole:FOLLOWER, logIndex=0, commits[s2:c129, s0:c130, s1:c129]
2022-09-20 10:12:46,487 [null-request--thread1] INFO  server.GrpcClientProtocolService (GrpcClientProtocolService.java:lambda$processClientRequest$0(284)) - Failed RaftClientRequest:client-76B04C62A16F->s1@group-469FBF65F7A7, cid=451, seq=0, RW, Message:6d3635, reply=RaftClientReply:client-76B04C62A16F->s1@group-469FBF65F7A7, cid=451, FAILED org.apache.ratis.protocol.exceptions.NotLeaderException: Server s1@group-469FBF65F7A7 is not the leader s0|rpc:localhost:39281|admin:localhost:38455|client:localhost:36053|dataStream:localhost:45769|priority:0|startupRole:FOLLOWER, logIndex=0, commits[s1:c129, s0:c130, s2:c129]
2022-09-20 10:12:47,949 [Timer-3] INFO  impl.MiniRaftCluster (MiniRaftCluster.java:lambda$start$6(349)) - TIMED-PRINT: printing ALL groups
  s0:  RUNNING    LEADER s0@group-469FBF65F7A7:t1, leader=s0, voted=s0, raftlog=Memoized:s0@group-469FBF65F7A7-SegmentedRaftLog:OPENED:c130, conf=0: peers:[s0|rpc:localhost:39281|admin:localhost:38455|client:localhost:36053|dataStream:localhost:45769|priority:0|startupRole:FOLLOWER, s1|rpc:localhost:46849|admin:localhost:41515|client:localhost:39119|dataStream:localhost:41703|priority:0|startupRole:FOLLOWER, s2|rpc:localhost:35167|admin:localhost:44965|client:localhost:40979|dataStream:localhost:34151|priority:0|startupRole:FOLLOWER]|listeners:[], old=null RUNNING
  s1:  RUNNING  FOLLOWER s1@group-469FBF65F7A7:t1, leader=s0, voted=s0, raftlog=Memoized:s1@group-469FBF65F7A7-SegmentedRaftLog:OPENED:c129, conf=0: peers:[s0|rpc:localhost:39281|admin:localhost:38455|client:localhost:36053|dataStream:localhost:45769|priority:0|startupRole:FOLLOWER, s1|rpc:localhost:46849|admin:localhost:41515|client:localhost:39119|dataStream:localhost:41703|priority:0|startupRole:FOLLOWER, s2|rpc:localhost:35167|admin:localhost:44965|client:localhost:40979|dataStream:localhost:34151|priority:0|startupRole:FOLLOWER]|listeners:[], old=null RUNNING
  s2:  RUNNING  FOLLOWER s2@group-469FBF65F7A7:t1, leader=s0, voted=s0, raftlog=Memoized:s2@group-469FBF65F7A7-SegmentedRaftLog:OPENED:c129, conf=0: peers:[s0|rpc:localhost:39281|admin:localhost:38455|client:localhost:36053|dataStream:localhost:45769|priority:0|startupRole:FOLLOWER, s1|rpc:localhost:46849|admin:localhost:41515|client:localhost:39119|dataStream:localhost:41703|priority:0|startupRole:FOLLOWER, s2|rpc:localhost:35167|admin:localhost:44965|client:localhost:40979|dataStream:localhost:34151|priority:0|startupRole:FOLLOWER]|listeners:[], old=null RUNNING
2022-09-20 10:12:49,697 [null-request--thread1] INFO  server.GrpcClientProtocolService (GrpcClientProtocolService.java:lambda$processClientRequest$0(284)) - Failed RaftClientRequest:client-76B04C62A16F->s2@group-469FBF65F7A7, cid=451, seq=0, RW, Message:6d3635, reply=RaftClientReply:client-76B04C62A16F->s2@group-469FBF65F7A7, cid=451, FAILED org.apache.ratis.protocol.exceptions.NotLeaderException: Server s2@group-469FBF65F7A7 is not the leader s0|rpc:localhost:39281|admin:localhost:38455|client:localhost:36053|dataStream:localhost:45769|priority:0|startupRole:FOLLOWER, logIndex=0, commits[s2:c129, s0:c130, s1:c129]
2022-09-20 10:12:49,808 [s2-server-thread2] DEBUG raftlog.RaftLog (SegmentedRaftLog.java:appendImpl(446)) - truncateIndex=-1, arrayIndex=0
2022-09-20 10:12:49,808 [s1-server-thread3] DEBUG raftlog.RaftLog (SegmentedRaftLog.java:appendImpl(446)) - truncateIndex=-1, arrayIndex=0
2022-09-20 10:12:49,810 [s0@group-469FBF65F7A7-StateMachineUpdater] INFO  statemachine.SimpleStateMachine4Testing (SimpleStateMachine4Testing.java:put(204)) - s0: put 131, m65 -> (t:1, i:131), STATEMACHINELOGENTRY, 451@client-76B04C62A16F
2022-09-20 10:12:49,810 [s0@group-469FBF65F7A7-StateMachineUpdater] INFO  statemachine.SimpleStateMachine4Testing (SimpleStateMachine4Testing.java:put(204)) - s0: put 132, m65 -> (t:1, i:132), STATEMACHINELOGENTRY, 451@client-76B04C62A16F
2022-09-20 10:12:49,811 [s0@group-469FBF65F7A7-StateMachineUpdater] ERROR impl.StateMachineUpdater (StateMachineUpdater.java:run(195)) - s0@group-469FBF65F7A7-StateMachineUpdater caught a Throwable.
org.apache.ratis.server.raftlog.RaftLogIOException: java.lang.IllegalStateException: retry cache entry should be pending: 451@client-76B04C62A16F:done
	at org.apache.ratis.server.impl.RaftServerImpl.applyLogToStateMachine(RaftServerImpl.java:1753)
	at org.apache.ratis.server.impl.StateMachineUpdater.applyLog(StateMachineUpdater.java:241)
	at org.apache.ratis.server.impl.StateMachineUpdater.run(StateMachineUpdater.java:183)
	at java.base/java.lang.Thread.run(Thread.java:829)
Caused by: java.lang.IllegalStateException: retry cache entry should be pending: 451@client-76B04C62A16F:done
	at org.apache.ratis.util.Preconditions.assertTrue(Preconditions.java:61)
	at org.apache.ratis.server.impl.RaftServerImpl.replyPendingRequest(RaftServerImpl.java:1700)
	at org.apache.ratis.server.impl.RaftServerImpl.applyLogToStateMachine(RaftServerImpl.java:1751)
	... 3 more
2022-09-20 10:12:49,811 [s0@group-469FBF65F7A7-StateMachineUpdater] INFO  server.RaftServer$Division (RaftServerImpl.java:lambda$close$4(454)) - s0@group-469FBF65F7A7: shutdown
2022-09-20 10:12:49,811 [s0@group-469FBF65F7A7-StateMachineUpdater] INFO  util.JmxRegister (JmxRegister.java:unregister(73)) - Successfully un-registered JMX Bean with object name Ratis:service=RaftServer,group=group-469FBF65F7A7,id=s0
2022-09-20 10:12:49,811 [s0@group-469FBF65F7A7-StateMachineUpdater] INFO  impl.RoleInfo (RoleInfo.java:shutdownLeaderState(93)) - s0: shutdown s0@group-469FBF65F7A7-LeaderStateImpl
2022-09-20 10:12:49,811 [s0@group-469FBF65F7A7-StateMachineUpdater] INFO  impl.PendingRequests (PendingRequests.java:sendNotLeaderResponses(282)) - s0@group-469FBF65F7A7-PendingRequests: sendNotLeaderResponses
2022-09-20 10:12:49,812 [s0@group-469FBF65F7A7-StateMachineUpdater] INFO  server.RaftServer$Division (ServerState.java:close(412)) - s0@group-469FBF65F7A7: applyIndex: 132
2022-09-20 10:12:49,814 [s0@group-469FBF65F7A7-SegmentedRaftLogWorker] INFO  segmented.SegmentedRaftLogWorker (SegmentedRaftLogWorker.java:run(329)) - s0@group-469FBF65F7A7-SegmentedRaftLogWorker was interrupted, exiting. There are 0 tasks remaining in the queue.
2022-09-20 10:12:49,815 [s0@group-469FBF65F7A7->s1-GrpcLogAppender-LogAppenderDaemon] ERROR leader.LogAppenderDaemon (LogAppenderDaemon.java:run(86)) - s0@group-469FBF65F7A7->s1-GrpcLogAppender-LogAppenderDaemon failed
java.lang.IllegalArgumentException: s0@group-469FBF65F7A7-SegmentedRaftLog is expected to be opened but it is CLOSED
	at org.apache.ratis.util.OpenCloseState.assertOpen(OpenCloseState.java:63)
	at org.apache.ratis.server.raftlog.RaftLogBase.checkLogState(RaftLogBase.java:111)
	at org.apache.ratis.server.raftlog.segmented.SegmentedRaftLog.getLastEntryTermIndex(SegmentedRaftLog.java:341)
	at org.apache.ratis.server.raftlog.RaftLog.getNextIndex(RaftLog.java:83)
	at org.apache.ratis.server.leader.LogAppenderBase.newAppendEntriesRequest(LogAppenderBase.java:178)
	at org.apache.ratis.grpc.server.GrpcLogAppender.appendLog(GrpcLogAppender.java:261)
	at org.apache.ratis.grpc.server.GrpcLogAppender.run(GrpcLogAppender.java:159)
	at org.apache.ratis.server.leader.LogAppenderDaemon.run(LogAppenderDaemon.java:77)
	at java.base/java.lang.Thread.run(Thread.java:829)
Caused by: org.apache.ratis.util.OpenCloseState$CloseTrace: Close s0@group-469FBF65F7A7-SegmentedRaftLog
	at org.apache.ratis.util.OpenCloseState.lambda$close$1(OpenCloseState.java:109)
	at java.base/java.util.concurrent.atomic.AtomicReference.getAndUpdate(AtomicReference.java:187)
	at org.apache.ratis.util.OpenCloseState.close(OpenCloseState.java:109)
	at org.apache.ratis.server.raftlog.RaftLogBase.close(RaftLogBase.java:365)
	at org.apache.ratis.server.raftlog.segmented.SegmentedRaftLog.close(SegmentedRaftLog.java:505)
	at org.apache.ratis.server.impl.ServerState.close(ServerState.java:416)
	at org.apache.ratis.server.impl.RaftServerImpl.lambda$close$4(RaftServerImpl.java:476)
	at org.apache.ratis.util.LifeCycle.lambda$checkStateAndClose$4(LifeCycle.java:299)
	at org.apache.ratis.util.LifeCycle.checkStateAndClose(LifeCycle.java:319)
	at org.apache.ratis.util.LifeCycle.checkStateAndClose(LifeCycle.java:297)
	at org.apache.ratis.server.impl.RaftServerImpl.close(RaftServerImpl.java:453)
	at org.apache.ratis.server.impl.StateMachineUpdater.run(StateMachineUpdater.java:196)
	... 1 more
2022-09-20 10:12:49,815 [s0@group-469FBF65F7A7->s2-GrpcLogAppender-LogAppenderDaemon] ERROR leader.LogAppenderDaemon (LogAppenderDaemon.java:run(86)) - s0@group-469FBF65F7A7->s2-GrpcLogAppender-LogAppenderDaemon failed
org.apache.ratis.server.raftlog.RaftLogIOException: Log entry not found: index = 133
	at org.apache.ratis.server.raftlog.segmented.SegmentedRaftLog.getEntryWithData(SegmentedRaftLog.java:289)
	at org.apache.ratis.server.leader.LogAppenderBase.newAppendEntriesRequest(LogAppenderBase.java:182)
	at org.apache.ratis.grpc.server.GrpcLogAppender.appendLog(GrpcLogAppender.java:261)
	at org.apache.ratis.grpc.server.GrpcLogAppender.run(GrpcLogAppender.java:159)
	at org.apache.ratis.server.leader.LogAppenderDaemon.run(LogAppenderDaemon.java:77)
	at java.base/java.lang.Thread.run(Thread.java:829)
2022-09-20 10:12:49,816 [s0@group-469FBF65F7A7-StateMachineUpdater] INFO  segmented.SegmentedRaftLogWorker (SegmentedRaftLogWorker.java:close(242)) - s0@group-469FBF65F7A7-SegmentedRaftLogWorker close()
2022-09-20 10:12:49,833 [null-request--thread2] INFO  server.GrpcClientProtocolService (GrpcClientProtocolService.java:lambda$processClientRequest$0(284)) - Failed RaftClientRequest:client-76B04C62A16F->s0@group-469FBF65F7A7, cid=451, seq=0, RW, Message:6d3635, reply=RaftClientReply:client-76B04C62A16F->s0@group-469FBF65F7A7, cid=451, FAILED org.apache.ratis.protocol.exceptions.NotLeaderException: Server s0@group-469FBF65F7A7 is not the leader, logIndex=0, commits[s0:c132]
2022-09-20 10:12:49,941 [null-request--thread1] INFO  server.GrpcClientProtocolService (GrpcClientProtocolService.java:lambda$processClientRequest$0(284)) - Failed RaftClientRequest:client-76B04C62A16F->s1@group-469FBF65F7A7, cid=451, seq=0, RW, Message:6d3635, reply=RaftClientReply:client-76B04C62A16F->s1@group-469FBF65F7A7, cid=451, FAILED org.apache.ratis.protocol.exceptions.NotLeaderException: Server s1@group-469FBF65F7A7 is not the leader s0|rpc:localhost:39281|admin:localhost:38455|client:localhost:36053|dataStream:localhost:45769|priority:0|startupRole:FOLLOWER, logIndex=0, commits[s1:c130, s0:c130, s2:c129]
2022-09-20 10:12:50,097 [s2@group-469FBF65F7A7-FollowerState] INFO  impl.FollowerState (FollowerState.java:run(141)) - s2@group-469FBF65F7A7-FollowerState: change to CANDIDATE, lastRpcElapsedTime:287882424ns, electionTimeout:159ms
2022-09-20 10:12:50,097 [s2@group-469FBF65F7A7-FollowerState] INFO  impl.RoleInfo (RoleInfo.java:shutdownFollowerState(110)) - s2: shutdown s2@group-469FBF65F7A7-FollowerState
2022-09-20 10:12:50,097 [s2@group-469FBF65F7A7-FollowerState] INFO  server.RaftServer$Division (RaftServerImpl.java:setRole(317)) - s2@group-469FBF65F7A7: changes role from  FOLLOWER to CANDIDATE at term 1 for changeToCandidate
2022-09-20 10:12:50,097 [s2@group-469FBF65F7A7-FollowerState] INFO  server.RaftServerConfigKeys (ConfUtils.java:logGet(46)) - raft.server.leaderelection.pre-vote = true (default)
2022-09-20 10:12:50,097 [s2@group-469FBF65F7A7-FollowerState] INFO  impl.RoleInfo (RoleInfo.java:updateAndGet(139)) - s2: start s2@group-469FBF65F7A7-LeaderElection10
2022-09-20 10:12:50,098 [s2@group-469FBF65F7A7-LeaderElection10] INFO  server.RaftServer$Division (ServerState.java:setLeader(259)) - s2@group-469FBF65F7A7: change Leader from s0 to null at term 1 for PRE_VOTE
2022-09-20 10:12:50,098 [s2@group-469FBF65F7A7-LeaderElection10] INFO  impl.LeaderElection (LeaderElection.java:askForVotes(308)) - s2@group-469FBF65F7A7-LeaderElection10 PRE_VOTE round 0: submit vote requests at term 1 for 0: peers:[s0|rpc:localhost:39281|admin:localhost:38455|client:localhost:36053|dataStream:localhost:45769|priority:0|startupRole:FOLLOWER, s1|rpc:localhost:46849|admin:localhost:41515|client:localhost:39119|dataStream:localhost:41703|priority:0|startupRole:FOLLOWER, s2|rpc:localhost:35167|admin:localhost:44965|client:localhost:40979|dataStream:localhost:34151|priority:0|startupRole:FOLLOWER]|listeners:[], old=null
2022-09-20 10:12:50,099 [s2@group-469FBF65F7A7-LeaderElection10-1] INFO  server.GrpcServerProtocolClient (GrpcServerProtocolClient.java:<init>(63)) - Build channel for s0
2022-09-20 10:12:50,103 [grpc-default-executor-1] INFO  server.RaftServer$Division (RaftServerImpl.java:requestVote(1281)) - s0@group-469FBF65F7A7: receive requestVote(PRE_VOTE, s2, group-469FBF65F7A7, 1, (t:1, i:132))
2022-09-20 10:12:50,104 [grpc-default-executor-1] WARN  server.GrpcServerProtocolService (LogUtils.java:warn(122)) - s0: Failed requestVote s2->s0#0: org.apache.ratis.protocol.exceptions.ServerNotReadyException: s0@group-469FBF65F7A7 is not in [RUNNING]: current state is CLOSED
2022-09-20 10:12:50,104 [s2@group-469FBF65F7A7-LeaderElection10-2] INFO  server.GrpcServerProtocolClient (GrpcServerProtocolClient.java:<init>(63)) - Build channel for s1
2022-09-20 10:12:50,108 [s2@group-469FBF65F7A7-LeaderElection10] INFO  impl.LeaderElection (LogUtils.java:infoOrTrace(137)) - s2@group-469FBF65F7A7-LeaderElection10 got exception when requesting votes: java.util.concurrent.ExecutionException: org.apache.ratis.thirdparty.io.grpc.StatusRuntimeException: INTERNAL: s0@group-469FBF65F7A7 is not in [RUNNING]: current state is CLOSED
2022-09-20 10:12:50,113 [grpc-default-executor-1] INFO  server.RaftServer$Division (RaftServerImpl.java:requestVote(1281)) - s1@group-469FBF65F7A7: receive requestVote(PRE_VOTE, s2, group-469FBF65F7A7, 1, (t:1, i:132))
2022-09-20 10:12:50,113 [grpc-default-executor-1] INFO  impl.VoteContext (VoteContext.java:log(49)) - s1@group-469FBF65F7A7-FOLLOWER: accept PRE_VOTE from s2: our priority 0 <= candidate's priority 0
2022-09-20 10:12:50,113 [grpc-default-executor-1] INFO  server.RaftServer$Division (RaftServerImpl.java:requestVote(1314)) - s1@group-469FBF65F7A7 replies to PRE_VOTE vote request: s2<-s1#0:OK-t1. Peer's state: s1@group-469FBF65F7A7:t1, leader=s0, voted=s0, raftlog=Memoized:s1@group-469FBF65F7A7-SegmentedRaftLog:OPENED:c130, conf=0: peers:[s0|rpc:localhost:39281|admin:localhost:38455|client:localhost:36053|dataStream:localhost:45769|priority:0|startupRole:FOLLOWER, s1|rpc:localhost:46849|admin:localhost:41515|client:localhost:39119|dataStream:localhost:41703|priority:0|startupRole:FOLLOWER, s2|rpc:localhost:35167|admin:localhost:44965|client:localhost:40979|dataStream:localhost:34151|priority:0|startupRole:FOLLOWER]|listeners:[], old=null
2022-09-20 10:12:50,114 [s2@group-469FBF65F7A7-LeaderElection10] INFO  impl.LeaderElection (LeaderElection.java:logAndReturn(89)) - s2@group-469FBF65F7A7-LeaderElection10: PRE_VOTE PASSED received 1 response(s) and 1 exception(s):
2022-09-20 10:12:50,114 [s2@group-469FBF65F7A7-LeaderElection10] INFO  impl.LeaderElection (LeaderElection.java:logAndReturn(93)) -   Response 0: s2<-s1#0:OK-t1
2022-09-20 10:12:50,114 [s2@group-469FBF65F7A7-LeaderElection10] INFO  impl.LeaderElection (LogUtils.java:infoOrTrace(137)) -   Exception 1: java.util.concurrent.ExecutionException: org.apache.ratis.thirdparty.io.grpc.StatusRuntimeException: INTERNAL: s0@group-469FBF65F7A7 is not in [RUNNING]: current state is CLOSED
2022-09-20 10:12:50,114 [s2@group-469FBF65F7A7-LeaderElection10] INFO  impl.LeaderElection (LeaderElection.java:askForVotes(310)) - s2@group-469FBF65F7A7-LeaderElection10 PRE_VOTE round 0: result PASSED
2022-09-20 10:12:50,116 [s2@group-469FBF65F7A7-LeaderElection10] INFO  impl.LeaderElection (LeaderElection.java:askForVotes(308)) - s2@group-469FBF65F7A7-LeaderElection10 ELECTION round 0: submit vote requests at term 2 for 0: peers:[s0|rpc:localhost:39281|admin:localhost:38455|client:localhost:36053|dataStream:localhost:45769|priority:0|startupRole:FOLLOWER, s1|rpc:localhost:46849|admin:localhost:41515|client:localhost:39119|dataStream:localhost:41703|priority:0|startupRole:FOLLOWER, s2|rpc:localhost:35167|admin:localhost:44965|client:localhost:40979|dataStream:localhost:34151|priority:0|startupRole:FOLLOWER]|listeners:[], old=null
2022-09-20 10:12:50,117 [grpc-default-executor-1] INFO  server.RaftServer$Division (RaftServerImpl.java:requestVote(1281)) - s0@group-469FBF65F7A7: receive requestVote(ELECTION, s2, group-469FBF65F7A7, 2, (t:1, i:132))
2022-09-20 10:12:50,117 [grpc-default-executor-1] WARN  server.GrpcServerProtocolService (LogUtils.java:warn(122)) - s0: Failed requestVote s2->s0#0: org.apache.ratis.protocol.exceptions.ServerNotReadyException: s0@group-469FBF65F7A7 is not in [RUNNING]: current state is CLOSED
2022-09-20 10:12:50,123 [s2@group-469FBF65F7A7-LeaderElection10] INFO  impl.LeaderElection (LogUtils.java:infoOrTrace(137)) - s2@group-469FBF65F7A7-LeaderElection10 got exception when requesting votes: java.util.concurrent.ExecutionException: org.apache.ratis.thirdparty.io.grpc.StatusRuntimeException: INTERNAL: s0@group-469FBF65F7A7 is not in [RUNNING]: current state is CLOSED
2022-09-20 10:12:50,123 [grpc-default-executor-1] INFO  server.RaftServer$Division (RaftServerImpl.java:requestVote(1281)) - s1@group-469FBF65F7A7: receive requestVote(ELECTION, s2, group-469FBF65F7A7, 2, (t:1, i:132))
2022-09-20 10:12:50,123 [grpc-default-executor-1] INFO  impl.VoteContext (VoteContext.java:log(49)) - s1@group-469FBF65F7A7-FOLLOWER: accept ELECTION from s2: our priority 0 <= candidate's priority 0
2022-09-20 10:12:50,124 [grpc-default-executor-1] INFO  server.RaftServer$Division (ServerState.java:setLeader(259)) - s1@group-469FBF65F7A7: change Leader from s0 to null at term 2 for updateCurrentTerm
2022-09-20 10:12:50,124 [grpc-default-executor-1] INFO  server.RaftServer$Division (RaftServerImpl.java:setRole(317)) - s1@group-469FBF65F7A7: changes role from  FOLLOWER to FOLLOWER at term 2 for candidate:s2
2022-09-20 10:12:50,124 [grpc-default-executor-1] INFO  impl.RoleInfo (RoleInfo.java:shutdownFollowerState(110)) - s1: shutdown s1@group-469FBF65F7A7-FollowerState
2022-09-20 10:12:50,124 [grpc-default-executor-1] INFO  impl.RoleInfo (RoleInfo.java:updateAndGet(139)) - s1: start s1@group-469FBF65F7A7-FollowerState
2022-09-20 10:12:50,124 [s1@group-469FBF65F7A7-FollowerState] INFO  impl.FollowerState (FollowerState.java:run(150)) - s1@group-469FBF65F7A7-FollowerState was interrupted
2022-09-20 10:12:50,125 [grpc-default-executor-1] INFO  server.RaftServer$Division (RaftServerImpl.java:requestVote(1314)) - s1@group-469FBF65F7A7 replies to ELECTION vote request: s2<-s1#0:OK-t2. Peer's state: s1@group-469FBF65F7A7:t2, leader=null, voted=s2, raftlog=Memoized:s1@group-469FBF65F7A7-SegmentedRaftLog:OPENED:c130, conf=0: peers:[s0|rpc:localhost:39281|admin:localhost:38455|client:localhost:36053|dataStream:localhost:45769|priority:0|startupRole:FOLLOWER, s1|rpc:localhost:46849|admin:localhost:41515|client:localhost:39119|dataStream:localhost:41703|priority:0|startupRole:FOLLOWER, s2|rpc:localhost:35167|admin:localhost:44965|client:localhost:40979|dataStream:localhost:34151|priority:0|startupRole:FOLLOWER]|listeners:[], old=null
2022-09-20 10:12:50,126 [s2@group-469FBF65F7A7-LeaderElection10] INFO  impl.LeaderElection (LeaderElection.java:logAndReturn(89)) - s2@group-469FBF65F7A7-LeaderElection10: ELECTION PASSED received 1 response(s) and 1 exception(s):
2022-09-20 10:12:50,126 [s2@group-469FBF65F7A7-LeaderElection10] INFO  impl.LeaderElection (LeaderElection.java:logAndReturn(93)) -   Response 0: s2<-s1#0:OK-t2
2022-09-20 10:12:50,126 [s2@group-469FBF65F7A7-LeaderElection10] INFO  impl.LeaderElection (LogUtils.java:infoOrTrace(137)) -   Exception 1: java.util.concurrent.ExecutionException: org.apache.ratis.thirdparty.io.grpc.StatusRuntimeException: INTERNAL: s0@group-469FBF65F7A7 is not in [RUNNING]: current state is CLOSED
2022-09-20 10:12:50,126 [s2@group-469FBF65F7A7-LeaderElection10] INFO  impl.LeaderElection (LeaderElection.java:askForVotes(310)) - s2@group-469FBF65F7A7-LeaderElection10 ELECTION round 0: result PASSED
2022-09-20 10:12:50,126 [s2@group-469FBF65F7A7-LeaderElection10] INFO  impl.RoleInfo (RoleInfo.java:shutdownLeaderElection(130)) - s2: shutdown s2@group-469FBF65F7A7-LeaderElection10
2022-09-20 10:12:50,126 [s2@group-469FBF65F7A7-LeaderElection10] INFO  server.RaftServer$Division (RaftServerImpl.java:setRole(317)) - s2@group-469FBF65F7A7: changes role from CANDIDATE to LEADER at term 2 for changeToLeader
2022-09-20 10:12:50,126 [s2@group-469FBF65F7A7-LeaderElection10] INFO  server.RaftServer$Division (ServerState.java:setLeader(259)) - s2@group-469FBF65F7A7: change Leader from null to s2 at term 2 for becomeLeader, leader elected after 27ms
2022-09-20 10:12:50,126 [s2@group-469FBF65F7A7-LeaderElection10] INFO  server.RaftServerConfigKeys (ConfUtils.java:logGet(46)) - raft.server.staging.catchup.gap = 1000 (default)
2022-09-20 10:12:50,126 [s2@group-469FBF65F7A7-LeaderElection10] INFO  server.RaftServerConfigKeys (ConfUtils.java:logGet(46)) - raft.server.write.element-limit = 4096 (default)
2022-09-20 10:12:50,127 [s2@group-469FBF65F7A7-LeaderElection10] INFO  server.RaftServerConfigKeys (ConfUtils.java:logGet(46)) - raft.server.write.byte-limit = 64MB (=67108864) (default)
2022-09-20 10:12:50,127 [s2@group-469FBF65F7A7-LeaderElection10] INFO  server.RaftServerConfigKeys (ConfUtils.java:logGet(46)) - raft.server.watch.timeout = 10s (default)
2022-09-20 10:12:50,127 [s2@group-469FBF65F7A7-LeaderElection10] INFO  server.RaftServerConfigKeys (ConfUtils.java:logGet(46)) - raft.server.watch.timeout.denomination = 1s (default)
2022-09-20 10:12:50,127 [s2@group-469FBF65F7A7-LeaderElection10] INFO  server.RaftServerConfigKeys (ConfUtils.java:logGet(46)) - raft.server.watch.element-limit = 65536 (default)
2022-09-20 10:12:50,127 [s2@group-469FBF65F7A7-LeaderElection10] INFO  server.RaftServerConfigKeys (ConfUtils.java:logGet(46)) - raft.server.write.element-limit = 4096 (default)
2022-09-20 10:12:50,127 [s2@group-469FBF65F7A7-LeaderElection10] INFO  server.RaftServerConfigKeys (ConfUtils.java:logGet(46)) - raft.server.write.follower.gap.ratio.max = -1.0 (default)
2022-09-20 10:12:50,127 [s2@group-469FBF65F7A7-LeaderElection10] INFO  server.RaftServerConfigKeys (ConfUtils.java:logGet(46)) - raft.server.log.appender.snapshot.chunk.size.max = 16MB (=16777216) (default)
2022-09-20 10:12:50,127 [s2@group-469FBF65F7A7-LeaderElection10] INFO  server.RaftServerConfigKeys (ConfUtils.java:logGet(46)) - raft.server.log.appender.buffer.byte-limit = 4MB (=4194304) (default)
2022-09-20 10:12:50,127 [s2@group-469FBF65F7A7-LeaderElection10] INFO  server.RaftServerConfigKeys (ConfUtils.java:logGet(46)) - raft.server.log.appender.buffer.element-limit = 0 (default)
2022-09-20 10:12:50,127 [s2@group-469FBF65F7A7-LeaderElection10] INFO  grpc.GrpcConfigKeys (ConfUtils.java:logGet(46)) - raft.grpc.server.leader.outstanding.appends.max = 128 (default)
2022-09-20 10:12:50,127 [s2@group-469FBF65F7A7-LeaderElection10] INFO  server.RaftServerConfigKeys (ConfUtils.java:logGet(46)) - raft.server.rpc.request.timeout = 3000ms (default)
2022-09-20 10:12:50,127 [s2@group-469FBF65F7A7-LeaderElection10] INFO  server.RaftServerConfigKeys (ConfUtils.java:logGet(46)) - raft.server.log.appender.install.snapshot.enabled = false (custom)
2022-09-20 10:12:50,127 [s2@group-469FBF65F7A7-LeaderElection10] INFO  grpc.GrpcConfigKeys (ConfUtils.java:logGet(46)) - raft.grpc.server.heartbeat.channel = true (default)
2022-09-20 10:12:50,127 [s2@group-469FBF65F7A7-LeaderElection10] INFO  server.RaftServerConfigKeys (ConfUtils.java:logGet(46)) - raft.server.log.appender.snapshot.chunk.size.max = 16MB (=16777216) (default)
2022-09-20 10:12:50,127 [s2@group-469FBF65F7A7-LeaderElection10] INFO  server.RaftServerConfigKeys (ConfUtils.java:logGet(46)) - raft.server.log.appender.buffer.byte-limit = 4MB (=4194304) (default)
2022-09-20 10:12:50,128 [s2@group-469FBF65F7A7-LeaderElection10] INFO  server.RaftServerConfigKeys (ConfUtils.java:logGet(46)) - raft.server.log.appender.buffer.element-limit = 0 (default)
2022-09-20 10:12:50,128 [s2@group-469FBF65F7A7-LeaderElection10] INFO  grpc.GrpcConfigKeys (ConfUtils.java:logGet(46)) - raft.grpc.server.leader.outstanding.appends.max = 128 (default)
2022-09-20 10:12:50,128 [s2@group-469FBF65F7A7-LeaderElection10] INFO  server.RaftServerConfigKeys (ConfUtils.java:logGet(46)) - raft.server.rpc.request.timeout = 3000ms (default)
2022-09-20 10:12:50,128 [s2@group-469FBF65F7A7-LeaderElection10] INFO  server.RaftServerConfigKeys (ConfUtils.java:logGet(46)) - raft.server.log.appender.install.snapshot.enabled = false (custom)
2022-09-20 10:12:50,128 [s2@group-469FBF65F7A7-LeaderElection10] INFO  grpc.GrpcConfigKeys (ConfUtils.java:logGet(46)) - raft.grpc.server.heartbeat.channel = true (default)
2022-09-20 10:12:50,128 [s2@group-469FBF65F7A7-LeaderElection10] INFO  impl.RoleInfo (RoleInfo.java:updateAndGet(139)) - s2: start s2@group-469FBF65F7A7-LeaderStateImpl
2022-09-20 10:12:50,128 [s2@group-469FBF65F7A7-LeaderElection10] DEBUG raftlog.RaftLog (SegmentedRaftLog.java:appendImpl(446)) - truncateIndex=-1, arrayIndex=0
2022-09-20 10:12:50,128 [s2@group-469FBF65F7A7-LeaderElection10] INFO  segmented.SegmentedRaftLogWorker (SegmentedRaftLogWorker.java:rollLogSegment(432)) - s2@group-469FBF65F7A7-SegmentedRaftLogWorker: Rolling segment log-107_132 to index:132
2022-09-20 10:12:50,129 [s2@group-469FBF65F7A7-SegmentedRaftLogWorker] TRACE util.FileUtils (LogUtils.java:runAndLog(49)) - Successfully ran Atomic Files.move /home/runner/work/ratis/ratis/ratis-test/target/test/data/4b3f0585/MiniRaftClusterWithGrpc541392cf/s2/3ca58a08-2b71-4ba6-8289-469fbf65f7a7/current/log_inprogress_107 to /home/runner/work/ratis/ratis/ratis-test/target/test/data/4b3f0585/MiniRaftClusterWithGrpc541392cf/s2/3ca58a08-2b71-4ba6-8289-469fbf65f7a7/current/log_107-132
2022-09-20 10:12:50,129 [s2@group-469FBF65F7A7-SegmentedRaftLogWorker] INFO  segmented.SegmentedRaftLogWorker (SegmentedRaftLogWorker.java:execute(588)) - s2@group-469FBF65F7A7-SegmentedRaftLogWorker: Rolled log segment from /home/runner/work/ratis/ratis/ratis-test/target/test/data/4b3f0585/MiniRaftClusterWithGrpc541392cf/s2/3ca58a08-2b71-4ba6-8289-469fbf65f7a7/current/log_inprogress_107 to /home/runner/work/ratis/ratis/ratis-test/target/test/data/4b3f0585/MiniRaftClusterWithGrpc541392cf/s2/3ca58a08-2b71-4ba6-8289-469fbf65f7a7/current/log_107-132
2022-09-20 10:12:50,130 [s2@group-469FBF65F7A7-SegmentedRaftLogWorker] INFO  segmented.SegmentedRaftLogWorker (SegmentedRaftLogWorker.java:execute(631)) - s2@group-469FBF65F7A7-SegmentedRaftLogWorker: created new log segment /home/runner/work/ratis/ratis/ratis-test/target/test/data/4b3f0585/MiniRaftClusterWithGrpc541392cf/s2/3ca58a08-2b71-4ba6-8289-469fbf65f7a7/current/log_inprogress_133
2022-09-20 10:12:50,135 [s2@group-469FBF65F7A7-LeaderElection10] INFO  server.RaftServer$Division (ServerState.java:setRaftConf(376)) - s2@group-469FBF65F7A7: set configuration 133: peers:[s0|rpc:localhost:39281|admin:localhost:38455|client:localhost:36053|dataStream:localhost:45769|priority:0|startupRole:FOLLOWER, s1|rpc:localhost:46849|admin:localhost:41515|client:localhost:39119|dataStream:localhost:41703|priority:0|startupRole:FOLLOWER, s2|rpc:localhost:35167|admin:localhost:44965|client:localhost:40979|dataStream:localhost:34151|priority:0|startupRole:FOLLOWER]|listeners:[], old=null
2022-09-20 10:12:50,138 [s1-server-thread3] INFO  server.RaftServer$Division (ServerState.java:setLeader(259)) - s1@group-469FBF65F7A7: change Leader from null to s2 at term 2 for appendEntries, leader elected after 14ms
2022-09-20 10:12:50,139 [s1-server-thread3] INFO  server.RaftServer$Division (ServerState.java:setRaftConf(376)) - s1@group-469FBF65F7A7: set configuration 133: peers:[s0|rpc:localhost:39281|admin:localhost:38455|client:localhost:36053|dataStream:localhost:45769|priority:0|startupRole:FOLLOWER, s1|rpc:localhost:46849|admin:localhost:41515|client:localhost:39119|dataStream:localhost:41703|priority:0|startupRole:FOLLOWER, s2|rpc:localhost:35167|admin:localhost:44965|client:localhost:40979|dataStream:localhost:34151|priority:0|startupRole:FOLLOWER]|listeners:[], old=null
2022-09-20 10:12:50,139 [s1-server-thread3] DEBUG raftlog.RaftLog (SegmentedRaftLog.java:appendImpl(446)) - truncateIndex=-1, arrayIndex=0
2022-09-20 10:12:50,139 [s1-server-thread3] INFO  segmented.SegmentedRaftLogWorker (SegmentedRaftLogWorker.java:rollLogSegment(432)) - s1@group-469FBF65F7A7-SegmentedRaftLogWorker: Rolling segment log-107_132 to index:132
2022-09-20 10:12:50,139 [s1@group-469FBF65F7A7-SegmentedRaftLogWorker] TRACE util.FileUtils (LogUtils.java:runAndLog(49)) - Successfully ran Atomic Files.move /home/runner/work/ratis/ratis/ratis-test/target/test/data/4b3f0585/MiniRaftClusterWithGrpc541392cf/s1/3ca58a08-2b71-4ba6-8289-469fbf65f7a7/current/log_inprogress_107 to /home/runner/work/ratis/ratis/ratis-test/target/test/data/4b3f0585/MiniRaftClusterWithGrpc541392cf/s1/3ca58a08-2b71-4ba6-8289-469fbf65f7a7/current/log_107-132
2022-09-20 10:12:50,139 [s1@group-469FBF65F7A7-SegmentedRaftLogWorker] INFO  segmented.SegmentedRaftLogWorker (SegmentedRaftLogWorker.java:execute(588)) - s1@group-469FBF65F7A7-SegmentedRaftLogWorker: Rolled log segment from /home/runner/work/ratis/ratis/ratis-test/target/test/data/4b3f0585/MiniRaftClusterWithGrpc541392cf/s1/3ca58a08-2b71-4ba6-8289-469fbf65f7a7/current/log_inprogress_107 to /home/runner/work/ratis/ratis/ratis-test/target/test/data/4b3f0585/MiniRaftClusterWithGrpc541392cf/s1/3ca58a08-2b71-4ba6-8289-469fbf65f7a7/current/log_107-132
2022-09-20 10:12:50,140 [s1@group-469FBF65F7A7-SegmentedRaftLogWorker] INFO  segmented.SegmentedRaftLogWorker (SegmentedRaftLogWorker.java:execute(631)) - s1@group-469FBF65F7A7-SegmentedRaftLogWorker: created new log segment /home/runner/work/ratis/ratis/ratis-test/target/test/data/4b3f0585/MiniRaftClusterWithGrpc541392cf/s1/3ca58a08-2b71-4ba6-8289-469fbf65f7a7/current/log_inprogress_133
2022-09-20 10:12:50,144 [grpc-default-executor-1] WARN  server.GrpcServerProtocolService (LogUtils.java:warn(124)) - s0: Failed APPEND_ENTRIES request s2->s0#1-t2,previous=(t:1, i:132),leaderCommit=133,initializing? true,entries: size=2, first=(t:2, i:133), CONFIGURATIONENTRY(current:id: "s0"
address: "localhost:39281"
dataStreamAddress: "localhost:45769"
clientAddress: "localhost:36053"
adminAddress: "localhost:38455"
startupRole: FOLLOWER
,id: "s1"
address: "localhost:46849"
dataStreamAddress: "localhost:41703"
clientAddress: "localhost:39119"
adminAddress: "localhost:41515"
startupRole: FOLLOWER
,id: "s2"
address: "localhost:35167"
dataStreamAddress: "localhost:34151"
clientAddress: "localhost:40979"
adminAddress: "localhost:44965"
startupRole: FOLLOWER
, old:)
java.util.concurrent.CompletionException: java.util.concurrent.RejectedExecutionException: Task java.util.concurrent.CompletableFuture$AsyncSupply@72fcc3e0 rejected from java.util.concurrent.ThreadPoolExecutor@51dec82a[Terminated, pool size = 0, active threads = 0, queued tasks = 0, completed tasks = 0]
	at java.base/java.util.concurrent.CompletableFuture.encodeThrowable(CompletableFuture.java:314)
	at java.base/java.util.concurrent.CompletableFuture.uniComposeStage(CompletableFuture.java:1113)
	at java.base/java.util.concurrent.CompletableFuture.thenCompose(CompletableFuture.java:2235)
	at org.apache.ratis.server.impl.RaftServerProxy.appendEntriesAsync(RaftServerProxy.java:628)
	at org.apache.ratis.grpc.server.GrpcServerProtocolService$1.process(GrpcServerProtocolService.java:221)
	at org.apache.ratis.grpc.server.GrpcServerProtocolService$1.process(GrpcServerProtocolService.java:218)
	at org.apache.ratis.grpc.server.GrpcServerProtocolService$ServerRequestStreamObserver.onNext(GrpcServerProtocolService.java:126)
	at org.apache.ratis.thirdparty.io.grpc.stub.ServerCalls$StreamingServerCallHandler$StreamingServerCallListener.onMessage(ServerCalls.java:262)
	at org.apache.ratis.thirdparty.io.grpc.ForwardingServerCallListener.onMessage(ForwardingServerCallListener.java:33)
	at org.apache.ratis.thirdparty.io.grpc.internal.ServerCallImpl$ServerStreamListenerImpl.messagesAvailableInternal(ServerCallImpl.java:332)
	at org.apache.ratis.thirdparty.io.grpc.internal.ServerCallImpl$ServerStreamListenerImpl.messagesAvailable(ServerCallImpl.java:315)
	at org.apache.ratis.thirdparty.io.grpc.internal.ServerImpl$JumpToApplicationThreadServerStreamListener$1MessagesAvailable.runInContext(ServerImpl.java:834)
	at org.apache.ratis.thirdparty.io.grpc.internal.ContextRunnable.run(ContextRunnable.java:37)
	at org.apache.ratis.thirdparty.io.grpc.internal.SerializingExecutor.run(SerializingExecutor.java:133)
	at java.base/java.util.concurrent.ThreadPoolExecutor.runWorker(ThreadPoolExecutor.java:1128)
	at java.base/java.util.concurrent.ThreadPoolExecutor$Worker.run(ThreadPoolExecutor.java:628)
	at java.base/java.lang.Thread.run(Thread.java:829)
Caused by: java.util.concurrent.RejectedExecutionException: Task java.util.concurrent.CompletableFuture$AsyncSupply@72fcc3e0 rejected from java.util.concurrent.ThreadPoolExecutor@51dec82a[Terminated, pool size = 0, active threads = 0, queued tasks = 0, completed tasks = 0]
	at java.base/java.util.concurrent.ThreadPoolExecutor$AbortPolicy.rejectedExecution(ThreadPoolExecutor.java:2055)
	at java.base/java.util.concurrent.ThreadPoolExecutor.reject(ThreadPoolExecutor.java:825)
	at java.base/java.util.concurrent.ThreadPoolExecutor.execute(ThreadPoolExecutor.java:1355)
	at java.base/java.util.concurrent.CompletableFuture.asyncSupplyStage(CompletableFuture.java:1714)
	at java.base/java.util.concurrent.CompletableFuture.supplyAsync(CompletableFuture.java:1931)
	at org.apache.ratis.server.impl.RaftServerImpl.executeSubmitServerRequestAsync(RaftServerImpl.java:804)
	at org.apache.ratis.server.impl.RaftServerProxy.lambda$appendEntriesAsync$27(RaftServerProxy.java:628)
	at java.base/java.util.concurrent.CompletableFuture.uniComposeStage(CompletableFuture.java:1106)
	... 15 more
2022-09-20 10:12:50,145 [s2@group-469FBF65F7A7-StateMachineUpdater] INFO  statemachine.SimpleStateMachine4Testing (SimpleStateMachine4Testing.java:put(204)) - s2: put 131, m65 -> (t:1, i:131), STATEMACHINELOGENTRY, 451@client-76B04C62A16F
2022-09-20 10:12:50,146 [s2@group-469FBF65F7A7-StateMachineUpdater] INFO  statemachine.SimpleStateMachine4Testing (SimpleStateMachine4Testing.java:put(204)) - s2: put 132, m65 -> (t:1, i:132), STATEMACHINELOGENTRY, 451@client-76B04C62A16F
2022-09-20 10:12:50,146 [s2@group-469FBF65F7A7-StateMachineUpdater] ERROR impl.StateMachineUpdater (StateMachineUpdater.java:run(195)) - s2@group-469FBF65F7A7-StateMachineUpdater caught a Throwable.
org.apache.ratis.server.raftlog.RaftLogIOException: java.lang.IllegalStateException: retry cache entry should be pending: 451@client-76B04C62A16F:done
	at org.apache.ratis.server.impl.RaftServerImpl.applyLogToStateMachine(RaftServerImpl.java:1753)
	at org.apache.ratis.server.impl.StateMachineUpdater.applyLog(StateMachineUpdater.java:241)
	at org.apache.ratis.server.impl.StateMachineUpdater.run(StateMachineUpdater.java:183)
	at java.base/java.lang.Thread.run(Thread.java:829)
Caused by: java.lang.IllegalStateException: retry cache entry should be pending: 451@client-76B04C62A16F:done
	at org.apache.ratis.util.Preconditions.assertTrue(Preconditions.java:61)
	at org.apache.ratis.server.impl.RaftServerImpl.replyPendingRequest(RaftServerImpl.java:1700)
	at org.apache.ratis.server.impl.RaftServerImpl.applyLogToStateMachine(RaftServerImpl.java:1751)
	... 3 more
2022-09-20 10:12:50,146 [s2@group-469FBF65F7A7-StateMachineUpdater] INFO  server.RaftServer$Division (RaftServerImpl.java:lambda$close$4(454)) - s2@group-469FBF65F7A7: shutdown
2022-09-20 10:12:50,146 [s2@group-469FBF65F7A7-StateMachineUpdater] INFO  util.JmxRegister (JmxRegister.java:unregister(73)) - Successfully un-registered JMX Bean with object name Ratis:service=RaftServer,group=group-469FBF65F7A7,id=s2
2022-09-20 10:12:50,147 [s2@group-469FBF65F7A7-StateMachineUpdater] INFO  impl.RoleInfo (RoleInfo.java:shutdownLeaderState(93)) - s2: shutdown s2@group-469FBF65F7A7-LeaderStateImpl
2022-09-20 10:12:50,147 [s2@group-469FBF65F7A7-StateMachineUpdater] INFO  impl.PendingRequests (PendingRequests.java:sendNotLeaderResponses(282)) - s2@group-469FBF65F7A7-PendingRequests: sendNotLeaderResponses
2022-09-20 10:12:50,149 [s2@group-469FBF65F7A7-StateMachineUpdater] INFO  server.RaftServer$Division (ServerState.java:close(412)) - s2@group-469FBF65F7A7: applyIndex: 132
2022-09-20 10:12:50,149 [s2@group-469FBF65F7A7-SegmentedRaftLogWorker] INFO  segmented.SegmentedRaftLogWorker (SegmentedRaftLogWorker.java:run(329)) - s2@group-469FBF65F7A7-SegmentedRaftLogWorker was interrupted, exiting. There are 0 tasks remaining in the queue.
2022-09-20 10:12:50,149 [s1-server-thread1] DEBUG raftlog.RaftLog (SegmentedRaftLog.java:appendImpl(446)) - truncateIndex=-1, arrayIndex=0
2022-09-20 10:12:50,150 [s2@group-469FBF65F7A7-StateMachineUpdater] INFO  segmented.SegmentedRaftLogWorker (SegmentedRaftLogWorker.java:close(242)) - s2@group-469FBF65F7A7-SegmentedRaftLogWorker close()
2022-09-20 10:12:50,152 [grpc-default-executor-0] INFO  server.GrpcLogAppender (GrpcLogAppender.java:onError(392)) - s2@group-469FBF65F7A7->s0-GrpcLogAppender is already stopped
2022-09-20 10:12:50,152 [s2@group-469FBF65F7A7->s1-GrpcLogAppender-LogAppenderDaemon] WARN  server.GrpcLogAppender (GrpcLogAppender.java:mayWait(190)) - s2@group-469FBF65F7A7->s1-GrpcLogAppender: Wait interrupted by java.lang.InterruptedException
2022-09-20 10:12:50,152 [s2@group-469FBF65F7A7->s0-GrpcLogAppender-LogAppenderDaemon] WARN  server.GrpcLogAppender (GrpcLogAppender.java:mayWait(190)) - s2@group-469FBF65F7A7->s0-GrpcLogAppender: Wait interrupted by java.lang.InterruptedException
2022-09-20 10:12:50,152 [s1@group-469FBF65F7A7-StateMachineUpdater] INFO  statemachine.SimpleStateMachine4Testing (SimpleStateMachine4Testing.java:put(204)) - s1: put 131, m65 -> (t:1, i:131), STATEMACHINELOGENTRY, 451@client-76B04C62A16F
2022-09-20 10:12:50,153 [s1@group-469FBF65F7A7-StateMachineUpdater] INFO  statemachine.SimpleStateMachine4Testing (SimpleStateMachine4Testing.java:put(204)) - s1: put 132, m65 -> (t:1, i:132), STATEMACHINELOGENTRY, 451@client-76B04C62A16F
2022-09-20 10:12:50,153 [grpc-default-executor-1] INFO  server.GrpcServerProtocolService (GrpcServerProtocolService.java:onCompleted(145)) - s0: Completed APPEND_ENTRIES, lastRequest: null
2022-09-20 10:12:50,154 [grpc-default-executor-1] INFO  server.GrpcServerProtocolService (GrpcServerProtocolService.java:onCompleted(145)) - s1: Completed APPEND_ENTRIES, lastRequest: s2->s1#2-t2,previous=(t:2, i:133),leaderCommit=133,initializing? true,entries: size=1, first=(t:2, i:134), METADATAENTRY(c:133)
2022-09-20 10:12:50,154 [grpc-default-executor-5] INFO  server.GrpcLogAppender (GrpcLogAppender.java:onCompleted(403)) - s2@group-469FBF65F7A7->s0-AppendLogResponseHandler: follower responses appendEntries COMPLETED
2022-09-20 10:12:50,154 [grpc-default-executor-5] INFO  leader.FollowerInfo (FollowerInfoImpl.java:lambda$new$0(48)) - s2@group-469FBF65F7A7->s0: nextIndex: updateUnconditionally 135 -> 1
2022-09-20 10:12:50,154 [grpc-default-executor-5] INFO  server.GrpcLogAppender (GrpcLogAppender.java:onCompleted(403)) - s2@group-469FBF65F7A7->s1-AppendLogResponseHandler: follower responses appendEntries COMPLETED
2022-09-20 10:12:50,154 [grpc-default-executor-5] INFO  leader.FollowerInfo (FollowerInfoImpl.java:lambda$new$0(48)) - s2@group-469FBF65F7A7->s1: nextIndex: updateUnconditionally 135 -> 134
2022-09-20 10:12:50,154 [grpc-default-executor-5] INFO  server.GrpcServerProtocolService (GrpcServerProtocolService.java:onCompleted(145)) - s1: Completed APPEND_ENTRIES, lastRequest: null
2022-09-20 10:12:50,154 [grpc-default-executor-5] INFO  server.GrpcLogAppender (GrpcLogAppender.java:onCompleted(403)) - s2@group-469FBF65F7A7->s1-AppendLogResponseHandler: follower responses appendEntries COMPLETED
2022-09-20 10:12:50,154 [grpc-default-executor-5] INFO  leader.FollowerInfo (FollowerInfoImpl.java:lambda$new$0(48)) - s2@group-469FBF65F7A7->s1: nextIndex: updateUnconditionally 134 -> 133
2022-09-20 10:12:50,275 [null-request--thread1] INFO  server.GrpcClientProtocolService (GrpcClientProtocolService.java:lambda$processClientRequest$0(284)) - Failed RaftClientRequest:client-76B04C62A16F->s1@group-469FBF65F7A7, cid=451, seq=0, RW, Message:6d3635, reply=RaftClientReply:client-76B04C62A16F->s1@group-469FBF65F7A7, cid=451, FAILED org.apache.ratis.protocol.exceptions.NotLeaderException: Server s1@group-469FBF65F7A7 is not the leader s2|rpc:localhost:35167|admin:localhost:44965|client:localhost:40979|dataStream:localhost:34151|priority:0|startupRole:FOLLOWER, logIndex=0, commits[s1:c133, s0:c130, s2:c133]
2022-09-20 10:12:50,565 [s1@group-469FBF65F7A7-FollowerState] INFO  impl.FollowerState (FollowerState.java:run(141)) - s1@group-469FBF65F7A7-FollowerState: change to CANDIDATE, lastRpcElapsedTime:413393819ns, electionTimeout:176ms
2022-09-20 10:12:50,566 [s1@group-469FBF65F7A7-FollowerState] INFO  impl.RoleInfo (RoleInfo.java:shutdownFollowerState(110)) - s1: shutdown s1@group-469FBF65F7A7-FollowerState
2022-09-20 10:12:50,566 [s1@group-469FBF65F7A7-FollowerState] INFO  server.RaftServer$Division (RaftServerImpl.java:setRole(317)) - s1@group-469FBF65F7A7: changes role from  FOLLOWER to CANDIDATE at term 2 for changeToCandidate
2022-09-20 10:12:50,566 [s1@group-469FBF65F7A7-FollowerState] INFO  server.RaftServerConfigKeys (ConfUtils.java:logGet(46)) - raft.server.leaderelection.pre-vote = true (default)
2022-09-20 10:12:50,566 [s1@group-469FBF65F7A7-FollowerState] INFO  impl.RoleInfo (RoleInfo.java:updateAndGet(139)) - s1: start s1@group-469FBF65F7A7-LeaderElection11
2022-09-20 10:12:50,566 [s1@group-469FBF65F7A7-LeaderElection11] INFO  server.RaftServer$Division (ServerState.java:setLeader(259)) - s1@group-469FBF65F7A7: change Leader from s2 to null at term 2 for PRE_VOTE
2022-09-20 10:12:50,566 [s1@group-469FBF65F7A7-LeaderElection11] INFO  impl.LeaderElection (LeaderElection.java:askForVotes(308)) - s1@group-469FBF65F7A7-LeaderElection11 PRE_VOTE round 0: submit vote requests at term 2 for 133: peers:[s0|rpc:localhost:39281|admin:localhost:38455|client:localhost:36053|dataStream:localhost:45769|priority:0|startupRole:FOLLOWER, s1|rpc:localhost:46849|admin:localhost:41515|client:localhost:39119|dataStream:localhost:41703|priority:0|startupRole:FOLLOWER, s2|rpc:localhost:35167|admin:localhost:44965|client:localhost:40979|dataStream:localhost:34151|priority:0|startupRole:FOLLOWER]|listeners:[], old=null
2022-09-20 10:12:50,567 [s1@group-469FBF65F7A7-LeaderElection11-1] INFO  server.GrpcServerProtocolClient (GrpcServerProtocolClient.java:<init>(63)) - Build channel for s0
2022-09-20 10:12:50,571 [s1@group-469FBF65F7A7-LeaderElection11-2] INFO  server.GrpcServerProtocolClient (GrpcServerProtocolClient.java:<init>(63)) - Build channel for s2
2022-09-20 10:12:50,573 [grpc-default-executor-5] INFO  server.RaftServer$Division (RaftServerImpl.java:requestVote(1281)) - s0@group-469FBF65F7A7: receive requestVote(PRE_VOTE, s1, group-469FBF65F7A7, 2, (t:2, i:134))
2022-09-20 10:12:50,573 [grpc-default-executor-5] WARN  server.GrpcServerProtocolService (LogUtils.java:warn(122)) - s0: Failed requestVote s1->s0#0: org.apache.ratis.protocol.exceptions.ServerNotReadyException: s0@group-469FBF65F7A7 is not in [RUNNING]: current state is CLOSED
2022-09-20 10:12:50,577 [grpc-default-executor-5] INFO  server.RaftServer$Division (RaftServerImpl.java:requestVote(1281)) - s2@group-469FBF65F7A7: receive requestVote(PRE_VOTE, s1, group-469FBF65F7A7, 2, (t:2, i:134))
2022-09-20 10:12:50,577 [s1@group-469FBF65F7A7-LeaderElection11] INFO  impl.LeaderElection (LogUtils.java:infoOrTrace(137)) - s1@group-469FBF65F7A7-LeaderElection11 got exception when requesting votes: java.util.concurrent.ExecutionException: org.apache.ratis.thirdparty.io.grpc.StatusRuntimeException: INTERNAL: s0@group-469FBF65F7A7 is not in [RUNNING]: current state is CLOSED
2022-09-20 10:12:50,577 [grpc-default-executor-5] WARN  server.GrpcServerProtocolService (LogUtils.java:warn(122)) - s2: Failed requestVote s1->s2#0: org.apache.ratis.protocol.exceptions.ServerNotReadyException: s2@group-469FBF65F7A7 is not in [RUNNING]: current state is CLOSED
2022-09-20 10:12:50,579 [s1@group-469FBF65F7A7-LeaderElection11] INFO  impl.LeaderElection (LogUtils.java:infoOrTrace(137)) - s1@group-469FBF65F7A7-LeaderElection11 got exception when requesting votes: java.util.concurrent.ExecutionException: org.apache.ratis.thirdparty.io.grpc.StatusRuntimeException: INTERNAL: s2@group-469FBF65F7A7 is not in [RUNNING]: current state is CLOSED
2022-09-20 10:12:50,579 [s1@group-469FBF65F7A7-LeaderElection11] INFO  impl.LeaderElection (LeaderElection.java:logAndReturn(89)) - s1@group-469FBF65F7A7-LeaderElection11: PRE_VOTE REJECTED received 0 response(s) and 2 exception(s):
2022-09-20 10:12:50,579 [s1@group-469FBF65F7A7-LeaderElection11] INFO  impl.LeaderElection (LogUtils.java:infoOrTrace(137)) -   Exception 0: java.util.concurrent.ExecutionException: org.apache.ratis.thirdparty.io.grpc.StatusRuntimeException: INTERNAL: s0@group-469FBF65F7A7 is not in [RUNNING]: current state is CLOSED
2022-09-20 10:12:50,579 [s1@group-469FBF65F7A7-LeaderElection11] INFO  impl.LeaderElection (LogUtils.java:infoOrTrace(137)) -   Exception 1: java.util.concurrent.ExecutionException: org.apache.ratis.thirdparty.io.grpc.StatusRuntimeException: INTERNAL: s2@group-469FBF65F7A7 is not in [RUNNING]: current state is CLOSED
2022-09-20 10:12:50,579 [s1@group-469FBF65F7A7-LeaderElection11] INFO  impl.LeaderElection (LeaderElection.java:askForVotes(310)) - s1@group-469FBF65F7A7-LeaderElection11 PRE_VOTE round 0: result REJECTED
2022-09-20 10:12:50,579 [s1@group-469FBF65F7A7-LeaderElection11] INFO  server.RaftServer$Division (RaftServerImpl.java:setRole(317)) - s1@group-469FBF65F7A7: changes role from CANDIDATE to FOLLOWER at term 2 for REJECTED
2022-09-20 10:12:50,579 [s1@group-469FBF65F7A7-LeaderElection11] INFO  impl.RoleInfo (RoleInfo.java:shutdownLeaderElection(130)) - s1: shutdown s1@group-469FBF65F7A7-LeaderElection11
2022-09-20 10:12:50,579 [s1@group-469FBF65F7A7-LeaderElection11] INFO  impl.RoleInfo (RoleInfo.java:updateAndGet(139)) - s1: start s1@group-469FBF65F7A7-FollowerState
2022-09-20 10:12:50,717 [null-request--thread1] INFO  server.GrpcClientProtocolService (GrpcClientProtocolService.java:lambda$processClientRequest$0(284)) - Failed RaftClientRequest:client-76B04C62A16F->s1@group-469FBF65F7A7, cid=451, seq=0, RW, Message:6d3635, reply=RaftClientReply:client-76B04C62A16F->s1@group-469FBF65F7A7, cid=451, FAILED org.apache.ratis.protocol.exceptions.NotLeaderException: Server s1@group-469FBF65F7A7 is not the leader, logIndex=0, commits[s1:c133, s0:c130, s2:c133]
2022-09-20 10:12:50,812 [s1@group-469FBF65F7A7-FollowerState] INFO  impl.FollowerState (FollowerState.java:run(141)) - s1@group-469FBF65F7A7-FollowerState: change to CANDIDATE, lastRpcElapsedTime:232524823ns, electionTimeout:232ms
2022-09-20 10:12:50,812 [s1@group-469FBF65F7A7-FollowerState] INFO  impl.RoleInfo (RoleInfo.java:shutdownFollowerState(110)) - s1: shutdown s1@group-469FBF65F7A7-FollowerState
2022-09-20 10:12:50,812 [s1@group-469FBF65F7A7-FollowerState] INFO  server.RaftServer$Division (RaftServerImpl.java:setRole(317)) - s1@group-469FBF65F7A7: changes role from  FOLLOWER to CANDIDATE at term 2 for changeToCandidate
2022-09-20 10:12:50,812 [s1@group-469FBF65F7A7-FollowerState] INFO  server.RaftServerConfigKeys (ConfUtils.java:logGet(46)) - raft.server.leaderelection.pre-vote = true (default)
2022-09-20 10:12:50,812 [s1@group-469FBF65F7A7-FollowerState] INFO  impl.RoleInfo (RoleInfo.java:updateAndGet(139)) - s1: start s1@group-469FBF65F7A7-LeaderElection12
2022-09-20 10:12:50,813 [s1@group-469FBF65F7A7-LeaderElection12] INFO  impl.LeaderElection (LeaderElection.java:askForVotes(308)) - s1@group-469FBF65F7A7-LeaderElection12 PRE_VOTE round 0: submit vote requests at term 2 for 133: peers:[s0|rpc:localhost:39281|admin:localhost:38455|client:localhost:36053|dataStream:localhost:45769|priority:0|startupRole:FOLLOWER, s1|rpc:localhost:46849|admin:localhost:41515|client:localhost:39119|dataStream:localhost:41703|priority:0|startupRole:FOLLOWER, s2|rpc:localhost:35167|admin:localhost:44965|client:localhost:40979|dataStream:localhost:34151|priority:0|startupRole:FOLLOWER]|listeners:[], old=null
2022-09-20 10:12:50,814 [grpc-default-executor-1] INFO  server.RaftServer$Division (RaftServerImpl.java:requestVote(1281)) - s2@group-469FBF65F7A7: receive requestVote(PRE_VOTE, s1, group-469FBF65F7A7, 2, (t:2, i:134))
2022-09-20 10:12:50,814 [grpc-default-executor-1] WARN  server.GrpcServerProtocolService (LogUtils.java:warn(122)) - s2: Failed requestVote s1->s2#0: org.apache.ratis.protocol.exceptions.ServerNotReadyException: s2@group-469FBF65F7A7 is not in [RUNNING]: current state is CLOSED
2022-09-20 10:12:50,816 [grpc-default-executor-1] INFO  server.RaftServer$Division (RaftServerImpl.java:requestVote(1281)) - s0@group-469FBF65F7A7: receive requestVote(PRE_VOTE, s1, group-469FBF65F7A7, 2, (t:2, i:134))
2022-09-20 10:12:50,816 [grpc-default-executor-1] WARN  server.GrpcServerProtocolService (LogUtils.java:warn(122)) - s0: Failed requestVote s1->s0#0: org.apache.ratis.protocol.exceptions.ServerNotReadyException: s0@group-469FBF65F7A7 is not in [RUNNING]: current state is CLOSED
2022-09-20 10:12:50,817 [s1@group-469FBF65F7A7-LeaderElection12] INFO  impl.LeaderElection (LogUtils.java:infoOrTrace(137)) - s1@group-469FBF65F7A7-LeaderElection12 got exception when requesting votes: java.util.concurrent.ExecutionException: org.apache.ratis.thirdparty.io.grpc.StatusRuntimeException: INTERNAL: s0@group-469FBF65F7A7 is not in [RUNNING]: current state is CLOSED
2022-09-20 10:12:50,817 [s1@group-469FBF65F7A7-LeaderElection12] INFO  impl.LeaderElection (LogUtils.java:infoOrTrace(137)) - s1@group-469FBF65F7A7-LeaderElection12 got exception when requesting votes: java.util.concurrent.ExecutionException: org.apache.ratis.thirdparty.io.grpc.StatusRuntimeException: INTERNAL: s2@group-469FBF65F7A7 is not in [RUNNING]: current state is CLOSED
2022-09-20 10:12:50,818 [s1@group-469FBF65F7A7-LeaderElection12] INFO  impl.LeaderElection (LeaderElection.java:logAndReturn(89)) - s1@group-469FBF65F7A7-LeaderElection12: PRE_VOTE REJECTED received 0 response(s) and 2 exception(s):
2022-09-20 10:12:50,818 [s1@group-469FBF65F7A7-LeaderElection12] INFO  impl.LeaderElection (LogUtils.java:infoOrTrace(137)) -   Exception 0: java.util.concurrent.ExecutionException: org.apache.ratis.thirdparty.io.grpc.StatusRuntimeException: INTERNAL: s0@group-469FBF65F7A7 is not in [RUNNING]: current state is CLOSED
2022-09-20 10:12:50,818 [s1@group-469FBF65F7A7-LeaderElection12] INFO  impl.LeaderElection (LogUtils.java:infoOrTrace(137)) -   Exception 1: java.util.concurrent.ExecutionException: org.apache.ratis.thirdparty.io.grpc.StatusRuntimeException: INTERNAL: s2@group-469FBF65F7A7 is not in [RUNNING]: current state is CLOSED
2022-09-20 10:12:50,818 [s1@group-469FBF65F7A7-LeaderElection12] INFO  impl.LeaderElection (LeaderElection.java:askForVotes(310)) - s1@group-469FBF65F7A7-LeaderElection12 PRE_VOTE round 0: result REJECTED
2022-09-20 10:12:50,818 [s1@group-469FBF65F7A7-LeaderElection12] INFO  server.RaftServer$Division (RaftServerImpl.java:setRole(317)) - s1@group-469FBF65F7A7: changes role from CANDIDATE to FOLLOWER at term 2 for REJECTED
2022-09-20 10:12:50,818 [s1@group-469FBF65F7A7-LeaderElection12] INFO  impl.RoleInfo (RoleInfo.java:shutdownLeaderElection(130)) - s1: shutdown s1@group-469FBF65F7A7-LeaderElection12
2022-09-20 10:12:50,818 [s1@group-469FBF65F7A7-LeaderElection12] INFO  impl.RoleInfo (RoleInfo.java:updateAndGet(139)) - s1: start s1@group-469FBF65F7A7-FollowerState
2022-09-20 10:12:50,933 [null-request--thread1] INFO  server.GrpcClientProtocolService (GrpcClientProtocolService.java:lambda$processClientRequest$0(284)) - Failed RaftClientRequest:client-76B04C62A16F->s1@group-469FBF65F7A7, cid=451, seq=0, RW, Message:6d3635, reply=RaftClientReply:client-76B04C62A16F->s1@group-469FBF65F7A7, cid=451, FAILED org.apache.ratis.protocol.exceptions.NotLeaderException: Server s1@group-469FBF65F7A7 is not the leader, logIndex=0, commits[s1:c133, s0:c130, s2:c133]
2022-09-20 10:12:51,101 [s1@group-469FBF65F7A7-FollowerState] INFO  impl.FollowerState (FollowerState.java:run(141)) - s1@group-469FBF65F7A7-FollowerState: change to CANDIDATE, lastRpcElapsedTime:283375534ns, electionTimeout:283ms
2022-09-20 10:12:51,101 [s1@group-469FBF65F7A7-FollowerState] INFO  impl.RoleInfo (RoleInfo.java:shutdownFollowerState(110)) - s1: shutdown s1@group-469FBF65F7A7-FollowerState
2022-09-20 10:12:51,101 [s1@group-469FBF65F7A7-FollowerState] INFO  server.RaftServer$Division (RaftServerImpl.java:setRole(317)) - s1@group-469FBF65F7A7: changes role from  FOLLOWER to CANDIDATE at term 2 for changeToCandidate
2022-09-20 10:12:51,101 [s1@group-469FBF65F7A7-FollowerState] INFO  server.RaftServerConfigKeys (ConfUtils.java:logGet(46)) - raft.server.leaderelection.pre-vote = true (default)
2022-09-20 10:12:51,101 [s1@group-469FBF65F7A7-FollowerState] INFO  impl.RoleInfo (RoleInfo.java:updateAndGet(139)) - s1: start s1@group-469FBF65F7A7-LeaderElection13
2022-09-20 10:12:51,103 [s1@group-469FBF65F7A7-LeaderElection13] INFO  impl.LeaderElection (LeaderElection.java:askForVotes(308)) - s1@group-469FBF65F7A7-LeaderElection13 PRE_VOTE round 0: submit vote requests at term 2 for 133: peers:[s0|rpc:localhost:39281|admin:localhost:38455|client:localhost:36053|dataStream:localhost:45769|priority:0|startupRole:FOLLOWER, s1|rpc:localhost:46849|admin:localhost:41515|client:localhost:39119|dataStream:localhost:41703|priority:0|startupRole:FOLLOWER, s2|rpc:localhost:35167|admin:localhost:44965|client:localhost:40979|dataStream:localhost:34151|priority:0|startupRole:FOLLOWER]|listeners:[], old=null
2022-09-20 10:12:51,104 [grpc-default-executor-1] INFO  server.RaftServer$Division (RaftServerImpl.java:requestVote(1281)) - s0@group-469FBF65F7A7: receive requestVote(PRE_VOTE, s1, group-469FBF65F7A7, 2, (t:2, i:134))
2022-09-20 10:12:51,104 [grpc-default-executor-1] WARN  server.GrpcServerProtocolService (LogUtils.java:warn(122)) - s0: Failed requestVote s1->s0#0: org.apache.ratis.protocol.exceptions.ServerNotReadyException: s0@group-469FBF65F7A7 is not in [RUNNING]: current state is CLOSED
2022-09-20 10:12:51,104 [grpc-default-executor-0] INFO  server.RaftServer$Division (RaftServerImpl.java:requestVote(1281)) - s2@group-469FBF65F7A7: receive requestVote(PRE_VOTE, s1, group-469FBF65F7A7, 2, (t:2, i:134))
2022-09-20 10:12:51,104 [grpc-default-executor-0] WARN  server.GrpcServerProtocolService (LogUtils.java:warn(122)) - s2: Failed requestVote s1->s2#0: org.apache.ratis.protocol.exceptions.ServerNotReadyException: s2@group-469FBF65F7A7 is not in [RUNNING]: current state is CLOSED
2022-09-20 10:12:51,106 [s1@group-469FBF65F7A7-LeaderElection13] INFO  impl.LeaderElection (LogUtils.java:infoOrTrace(137)) - s1@group-469FBF65F7A7-LeaderElection13 got exception when requesting votes: java.util.concurrent.ExecutionException: org.apache.ratis.thirdparty.io.grpc.StatusRuntimeException: INTERNAL: s0@group-469FBF65F7A7 is not in [RUNNING]: current state is CLOSED
2022-09-20 10:12:51,106 [s1@group-469FBF65F7A7-LeaderElection13] INFO  impl.LeaderElection (LogUtils.java:infoOrTrace(137)) - s1@group-469FBF65F7A7-LeaderElection13 got exception when requesting votes: java.util.concurrent.ExecutionException: org.apache.ratis.thirdparty.io.grpc.StatusRuntimeException: INTERNAL: s2@group-469FBF65F7A7 is not in [RUNNING]: current state is CLOSED
2022-09-20 10:12:51,106 [s1@group-469FBF65F7A7-LeaderElection13] INFO  impl.LeaderElection (LeaderElection.java:logAndReturn(89)) - s1@group-469FBF65F7A7-LeaderElection13: PRE_VOTE REJECTED received 0 response(s) and 2 exception(s):
2022-09-20 10:12:51,106 [s1@group-469FBF65F7A7-LeaderElection13] INFO  impl.LeaderElection (LogUtils.java:infoOrTrace(137)) -   Exception 0: java.util.concurrent.ExecutionException: org.apache.ratis.thirdparty.io.grpc.StatusRuntimeException: INTERNAL: s0@group-469FBF65F7A7 is not in [RUNNING]: current state is CLOSED
2022-09-20 10:12:51,106 [s1@group-469FBF65F7A7-LeaderElection13] INFO  impl.LeaderElection (LogUtils.java:infoOrTrace(137)) -   Exception 1: java.util.concurrent.ExecutionException: org.apache.ratis.thirdparty.io.grpc.StatusRuntimeException: INTERNAL: s2@group-469FBF65F7A7 is not in [RUNNING]: current state is CLOSED
2022-09-20 10:12:51,107 [s1@group-469FBF65F7A7-LeaderElection13] INFO  impl.LeaderElection (LeaderElection.java:askForVotes(310)) - s1@group-469FBF65F7A7-LeaderElection13 PRE_VOTE round 0: result REJECTED
2022-09-20 10:12:51,107 [s1@group-469FBF65F7A7-LeaderElection13] INFO  server.RaftServer$Division (RaftServerImpl.java:setRole(317)) - s1@group-469FBF65F7A7: changes role from CANDIDATE to FOLLOWER at term 2 for REJECTED
2022-09-20 10:12:51,107 [s1@group-469FBF65F7A7-LeaderElection13] INFO  impl.RoleInfo (RoleInfo.java:shutdownLeaderElection(130)) - s1: shutdown s1@group-469FBF65F7A7-LeaderElection13
2022-09-20 10:12:51,107 [s1@group-469FBF65F7A7-LeaderElection13] INFO  impl.RoleInfo (RoleInfo.java:updateAndGet(139)) - s1: start s1@group-469FBF65F7A7-FollowerState
2022-09-20 10:12:51,347 [s1@group-469FBF65F7A7-FollowerState] INFO  impl.FollowerState (FollowerState.java:run(141)) - s1@group-469FBF65F7A7-FollowerState: change to CANDIDATE, lastRpcElapsedTime:240629285ns, electionTimeout:240ms
2022-09-20 10:12:51,347 [s1@group-469FBF65F7A7-FollowerState] INFO  impl.RoleInfo (RoleInfo.java:shutdownFollowerState(110)) - s1: shutdown s1@group-469FBF65F7A7-FollowerState
2022-09-20 10:12:51,348 [s1@group-469FBF65F7A7-FollowerState] INFO  server.RaftServer$Division (RaftServerImpl.java:setRole(317)) - s1@group-469FBF65F7A7: changes role from  FOLLOWER to CANDIDATE at term 2 for changeToCandidate
2022-09-20 10:12:51,348 [s1@group-469FBF65F7A7-FollowerState] INFO  server.RaftServerConfigKeys (ConfUtils.java:logGet(46)) - raft.server.leaderelection.pre-vote = true (default)
2022-09-20 10:12:51,348 [s1@group-469FBF65F7A7-FollowerState] INFO  impl.RoleInfo (RoleInfo.java:updateAndGet(139)) - s1: start s1@group-469FBF65F7A7-LeaderElection14
2022-09-20 10:12:51,348 [s1@group-469FBF65F7A7-LeaderElection14] INFO  impl.LeaderElection (LeaderElection.java:askForVotes(308)) - s1@group-469FBF65F7A7-LeaderElection14 PRE_VOTE round 0: submit vote requests at term 2 for 133: peers:[s0|rpc:localhost:39281|admin:localhost:38455|client:localhost:36053|dataStream:localhost:45769|priority:0|startupRole:FOLLOWER, s1|rpc:localhost:46849|admin:localhost:41515|client:localhost:39119|dataStream:localhost:41703|priority:0|startupRole:FOLLOWER, s2|rpc:localhost:35167|admin:localhost:44965|client:localhost:40979|dataStream:localhost:34151|priority:0|startupRole:FOLLOWER]|listeners:[], old=null
2022-09-20 10:12:51,350 [grpc-default-executor-0] INFO  server.RaftServer$Division (RaftServerImpl.java:requestVote(1281)) - s0@group-469FBF65F7A7: receive requestVote(PRE_VOTE, s1, group-469FBF65F7A7, 2, (t:2, i:134))
2022-09-20 10:12:51,350 [grpc-default-executor-1] INFO  server.RaftServer$Division (RaftServerImpl.java:requestVote(1281)) - s2@group-469FBF65F7A7: receive requestVote(PRE_VOTE, s1, group-469FBF65F7A7, 2, (t:2, i:134))
2022-09-20 10:12:51,350 [grpc-default-executor-0] WARN  server.GrpcServerProtocolService (LogUtils.java:warn(122)) - s0: Failed requestVote s1->s0#0: org.apache.ratis.protocol.exceptions.ServerNotReadyException: s0@group-469FBF65F7A7 is not in [RUNNING]: current state is CLOSED
2022-09-20 10:12:51,350 [grpc-default-executor-1] WARN  server.GrpcServerProtocolService (LogUtils.java:warn(122)) - s2: Failed requestVote s1->s2#0: org.apache.ratis.protocol.exceptions.ServerNotReadyException: s2@group-469FBF65F7A7 is not in [RUNNING]: current state is CLOSED
2022-09-20 10:12:51,352 [s1@group-469FBF65F7A7-LeaderElection14] INFO  impl.LeaderElection (LogUtils.java:infoOrTrace(137)) - s1@group-469FBF65F7A7-LeaderElection14 got exception when requesting votes: java.util.concurrent.ExecutionException: org.apache.ratis.thirdparty.io.grpc.StatusRuntimeException: INTERNAL: s2@group-469FBF65F7A7 is not in [RUNNING]: current state is CLOSED
2022-09-20 10:12:51,352 [s1@group-469FBF65F7A7-LeaderElection14] INFO  impl.LeaderElection (LogUtils.java:infoOrTrace(137)) - s1@group-469FBF65F7A7-LeaderElection14 got exception when requesting votes: java.util.concurrent.ExecutionException: org.apache.ratis.thirdparty.io.grpc.StatusRuntimeException: INTERNAL: s0@group-469FBF65F7A7 is not in [RUNNING]: current state is CLOSED
2022-09-20 10:12:51,352 [s1@group-469FBF65F7A7-LeaderElection14] INFO  impl.LeaderElection (LeaderElection.java:logAndReturn(89)) - s1@group-469FBF65F7A7-LeaderElection14: PRE_VOTE REJECTED received 0 response(s) and 2 exception(s):
2022-09-20 10:12:51,352 [s1@group-469FBF65F7A7-LeaderElection14] INFO  impl.LeaderElection (LogUtils.java:infoOrTrace(137)) -   Exception 0: java.util.concurrent.ExecutionException: org.apache.ratis.thirdparty.io.grpc.StatusRuntimeException: INTERNAL: s2@group-469FBF65F7A7 is not in [RUNNING]: current state is CLOSED
2022-09-20 10:12:51,352 [s1@group-469FBF65F7A7-LeaderElection14] INFO  impl.LeaderElection (LogUtils.java:infoOrTrace(137)) -   Exception 1: java.util.concurrent.ExecutionException: org.apache.ratis.thirdparty.io.grpc.StatusRuntimeException: INTERNAL: s0@group-469FBF65F7A7 is not in [RUNNING]: current state is CLOSED
2022-09-20 10:12:51,352 [s1@group-469FBF65F7A7-LeaderElection14] INFO  impl.LeaderElection (LeaderElection.java:askForVotes(310)) - s1@group-469FBF65F7A7-LeaderElection14 PRE_VOTE round 0: result REJECTED
2022-09-20 10:12:51,352 [s1@group-469FBF65F7A7-LeaderElection14] INFO  server.RaftServer$Division (RaftServerImpl.java:setRole(317)) - s1@group-469FBF65F7A7: changes role from CANDIDATE to FOLLOWER at term 2 for REJECTED
2022-09-20 10:12:51,352 [s1@group-469FBF65F7A7-LeaderElection14] INFO  impl.RoleInfo (RoleInfo.java:shutdownLeaderElection(130)) - s1: shutdown s1@group-469FBF65F7A7-LeaderElection14
2022-09-20 10:12:51,352 [s1@group-469FBF65F7A7-LeaderElection14] INFO  impl.RoleInfo (RoleInfo.java:updateAndGet(139)) - s1: start s1@group-469FBF65F7A7-FollowerState
2022-09-20 10:12:51,474 [null-request--thread1] INFO  server.GrpcClientProtocolService (GrpcClientProtocolService.java:lambda$processClientRequest$0(284)) - Failed RaftClientRequest:client-76B04C62A16F->s1@group-469FBF65F7A7, cid=451, seq=0, RW, Message:6d3635, reply=RaftClientReply:client-76B04C62A16F->s1@group-469FBF65F7A7, cid=451, FAILED org.apache.ratis.protocol.exceptions.NotLeaderException: Server s1@group-469FBF65F7A7 is not the leader, logIndex=0, commits[s1:c133, s0:c130, s2:c133]
2022-09-20 10:12:51,577 [s1@group-469FBF65F7A7-FollowerState] INFO  impl.FollowerState (FollowerState.java:run(141)) - s1@group-469FBF65F7A7-FollowerState: change to CANDIDATE, lastRpcElapsedTime:224458663ns, electionTimeout:224ms
2022-09-20 10:12:51,577 [s1@group-469FBF65F7A7-FollowerState] INFO  impl.RoleInfo (RoleInfo.java:shutdownFollowerState(110)) - s1: shutdown s1@group-469FBF65F7A7-FollowerState
2022-09-20 10:12:51,577 [s1@group-469FBF65F7A7-FollowerState] INFO  server.RaftServer$Division (RaftServerImpl.java:setRole(317)) - s1@group-469FBF65F7A7: changes role from  FOLLOWER to CANDIDATE at term 2 for changeToCandidate
2022-09-20 10:12:51,577 [s1@group-469FBF65F7A7-FollowerState] INFO  server.RaftServerConfigKeys (ConfUtils.java:logGet(46)) - raft.server.leaderelection.pre-vote = true (default)
2022-09-20 10:12:51,577 [s1@group-469FBF65F7A7-FollowerState] INFO  impl.RoleInfo (RoleInfo.java:updateAndGet(139)) - s1: start s1@group-469FBF65F7A7-LeaderElection15
2022-09-20 10:12:51,585 [s1@group-469FBF65F7A7-LeaderElection15] INFO  impl.LeaderElection (LeaderElection.java:askForVotes(308)) - s1@group-469FBF65F7A7-LeaderElection15 PRE_VOTE round 0: submit vote requests at term 2 for 133: peers:[s0|rpc:localhost:39281|admin:localhost:38455|client:localhost:36053|dataStream:localhost:45769|priority:0|startupRole:FOLLOWER, s1|rpc:localhost:46849|admin:localhost:41515|client:localhost:39119|dataStream:localhost:41703|priority:0|startupRole:FOLLOWER, s2|rpc:localhost:35167|admin:localhost:44965|client:localhost:40979|dataStream:localhost:34151|priority:0|startupRole:FOLLOWER]|listeners:[], old=null
2022-09-20 10:12:51,588 [grpc-default-executor-0] INFO  server.RaftServer$Division (RaftServerImpl.java:requestVote(1281)) - s0@group-469FBF65F7A7: receive requestVote(PRE_VOTE, s1, group-469FBF65F7A7, 2, (t:2, i:134))
2022-09-20 10:12:51,589 [grpc-default-executor-0] WARN  server.GrpcServerProtocolService (LogUtils.java:warn(122)) - s0: Failed requestVote s1->s0#0: org.apache.ratis.protocol.exceptions.ServerNotReadyException: s0@group-469FBF65F7A7 is not in [RUNNING]: current state is CLOSED
2022-09-20 10:12:51,590 [grpc-default-executor-0] INFO  server.RaftServer$Division (RaftServerImpl.java:requestVote(1281)) - s2@group-469FBF65F7A7: receive requestVote(PRE_VOTE, s1, group-469FBF65F7A7, 2, (t:2, i:134))
2022-09-20 10:12:51,590 [s1@group-469FBF65F7A7-LeaderElection15] INFO  impl.LeaderElection (LogUtils.java:infoOrTrace(137)) - s1@group-469FBF65F7A7-LeaderElection15 got exception when requesting votes: java.util.concurrent.ExecutionException: org.apache.ratis.thirdparty.io.grpc.StatusRuntimeException: INTERNAL: s0@group-469FBF65F7A7 is not in [RUNNING]: current state is CLOSED
2022-09-20 10:12:51,590 [grpc-default-executor-0] WARN  server.GrpcServerProtocolService (LogUtils.java:warn(122)) - s2: Failed requestVote s1->s2#0: org.apache.ratis.protocol.exceptions.ServerNotReadyException: s2@group-469FBF65F7A7 is not in [RUNNING]: current state is CLOSED
2022-09-20 10:12:51,591 [s1@group-469FBF65F7A7-LeaderElection15] INFO  impl.LeaderElection (LogUtils.java:infoOrTrace(137)) - s1@group-469FBF65F7A7-LeaderElection15 got exception when requesting votes: java.util.concurrent.ExecutionException: org.apache.ratis.thirdparty.io.grpc.StatusRuntimeException: INTERNAL: s2@group-469FBF65F7A7 is not in [RUNNING]: current state is CLOSED
2022-09-20 10:12:51,591 [s1@group-469FBF65F7A7-LeaderElection15] INFO  impl.LeaderElection (LeaderElection.java:logAndReturn(89)) - s1@group-469FBF65F7A7-LeaderElection15: PRE_VOTE REJECTED received 0 response(s) and 2 exception(s):
2022-09-20 10:12:51,591 [s1@group-469FBF65F7A7-LeaderElection15] INFO  impl.LeaderElection (LogUtils.java:infoOrTrace(137)) -   Exception 0: java.util.concurrent.ExecutionException: org.apache.ratis.thirdparty.io.grpc.StatusRuntimeException: INTERNAL: s0@group-469FBF65F7A7 is not in [RUNNING]: current state is CLOSED
2022-09-20 10:12:51,591 [s1@group-469FBF65F7A7-LeaderElection15] INFO  impl.LeaderElection (LogUtils.java:infoOrTrace(137)) -   Exception 1: java.util.concurrent.ExecutionException: org.apache.ratis.thirdparty.io.grpc.StatusRuntimeException: INTERNAL: s2@group-469FBF65F7A7 is not in [RUNNING]: current state is CLOSED
2022-09-20 10:12:51,591 [s1@group-469FBF65F7A7-LeaderElection15] INFO  impl.LeaderElection (LeaderElection.java:askForVotes(310)) - s1@group-469FBF65F7A7-LeaderElection15 PRE_VOTE round 0: result REJECTED
2022-09-20 10:12:51,591 [s1@group-469FBF65F7A7-LeaderElection15] INFO  server.RaftServer$Division (RaftServerImpl.java:setRole(317)) - s1@group-469FBF65F7A7: changes role from CANDIDATE to FOLLOWER at term 2 for REJECTED
2022-09-20 10:12:51,591 [s1@group-469FBF65F7A7-LeaderElection15] INFO  impl.RoleInfo (RoleInfo.java:shutdownLeaderElection(130)) - s1: shutdown s1@group-469FBF65F7A7-LeaderElection15
2022-09-20 10:12:51,591 [s1@group-469FBF65F7A7-LeaderElection15] INFO  impl.RoleInfo (RoleInfo.java:updateAndGet(139)) - s1: start s1@group-469FBF65F7A7-FollowerState
2022-09-20 10:12:51,771 [s1@group-469FBF65F7A7-FollowerState] INFO  impl.FollowerState (FollowerState.java:run(141)) - s1@group-469FBF65F7A7-FollowerState: change to CANDIDATE, lastRpcElapsedTime:179403367ns, electionTimeout:179ms
2022-09-20 10:12:51,771 [s1@group-469FBF65F7A7-FollowerState] INFO  impl.RoleInfo (RoleInfo.java:shutdownFollowerState(110)) - s1: shutdown s1@group-469FBF65F7A7-FollowerState
2022-09-20 10:12:51,771 [s1@group-469FBF65F7A7-FollowerState] INFO  server.RaftServer$Division (RaftServerImpl.java:setRole(317)) - s1@group-469FBF65F7A7: changes role from  FOLLOWER to CANDIDATE at term 2 for changeToCandidate
2022-09-20 10:12:51,771 [s1@group-469FBF65F7A7-FollowerState] INFO  server.RaftServerConfigKeys (ConfUtils.java:logGet(46)) - raft.server.leaderelection.pre-vote = true (default)
2022-09-20 10:12:51,771 [s1@group-469FBF65F7A7-FollowerState] INFO  impl.RoleInfo (RoleInfo.java:updateAndGet(139)) - s1: start s1@group-469FBF65F7A7-LeaderElection16
2022-09-20 10:12:51,771 [s1@group-469FBF65F7A7-LeaderElection16] INFO  impl.LeaderElection (LeaderElection.java:askForVotes(308)) - s1@group-469FBF65F7A7-LeaderElection16 PRE_VOTE round 0: submit vote requests at term 2 for 133: peers:[s0|rpc:localhost:39281|admin:localhost:38455|client:localhost:36053|dataStream:localhost:45769|priority:0|startupRole:FOLLOWER, s1|rpc:localhost:46849|admin:localhost:41515|client:localhost:39119|dataStream:localhost:41703|priority:0|startupRole:FOLLOWER, s2|rpc:localhost:35167|admin:localhost:44965|client:localhost:40979|dataStream:localhost:34151|priority:0|startupRole:FOLLOWER]|listeners:[], old=null
2022-09-20 10:12:51,773 [grpc-default-executor-1] INFO  server.RaftServer$Division (RaftServerImpl.java:requestVote(1281)) - s0@group-469FBF65F7A7: receive requestVote(PRE_VOTE, s1, group-469FBF65F7A7, 2, (t:2, i:134))
2022-09-20 10:12:51,773 [grpc-default-executor-1] WARN  server.GrpcServerProtocolService (LogUtils.java:warn(122)) - s0: Failed requestVote s1->s0#0: org.apache.ratis.protocol.exceptions.ServerNotReadyException: s0@group-469FBF65F7A7 is not in [RUNNING]: current state is CLOSED
2022-09-20 10:12:51,775 [grpc-default-executor-0] INFO  server.RaftServer$Division (RaftServerImpl.java:requestVote(1281)) - s2@group-469FBF65F7A7: receive requestVote(PRE_VOTE, s1, group-469FBF65F7A7, 2, (t:2, i:134))
2022-09-20 10:12:51,775 [grpc-default-executor-0] WARN  server.GrpcServerProtocolService (LogUtils.java:warn(122)) - s2: Failed requestVote s1->s2#0: org.apache.ratis.protocol.exceptions.ServerNotReadyException: s2@group-469FBF65F7A7 is not in [RUNNING]: current state is CLOSED
2022-09-20 10:12:51,778 [s1@group-469FBF65F7A7-LeaderElection16] INFO  impl.LeaderElection (LogUtils.java:infoOrTrace(137)) - s1@group-469FBF65F7A7-LeaderElection16 got exception when requesting votes: java.util.concurrent.ExecutionException: org.apache.ratis.thirdparty.io.grpc.StatusRuntimeException: INTERNAL: s0@group-469FBF65F7A7 is not in [RUNNING]: current state is CLOSED
2022-09-20 10:12:51,779 [s1@group-469FBF65F7A7-LeaderElection16] INFO  impl.LeaderElection (LogUtils.java:infoOrTrace(137)) - s1@group-469FBF65F7A7-LeaderElection16 got exception when requesting votes: java.util.concurrent.ExecutionException: org.apache.ratis.thirdparty.io.grpc.StatusRuntimeException: INTERNAL: s2@group-469FBF65F7A7 is not in [RUNNING]: current state is CLOSED
2022-09-20 10:12:51,779 [s1@group-469FBF65F7A7-LeaderElection16] INFO  impl.LeaderElection (LeaderElection.java:logAndReturn(89)) - s1@group-469FBF65F7A7-LeaderElection16: PRE_VOTE REJECTED received 0 response(s) and 2 exception(s):
2022-09-20 10:12:51,779 [s1@group-469FBF65F7A7-LeaderElection16] INFO  impl.LeaderElection (LogUtils.java:infoOrTrace(137)) -   Exception 0: java.util.concurrent.ExecutionException: org.apache.ratis.thirdparty.io.grpc.StatusRuntimeException: INTERNAL: s0@group-469FBF65F7A7 is not in [RUNNING]: current state is CLOSED
2022-09-20 10:12:51,779 [s1@group-469FBF65F7A7-LeaderElection16] INFO  impl.LeaderElection (LogUtils.java:infoOrTrace(137)) -   Exception 1: java.util.concurrent.ExecutionException: org.apache.ratis.thirdparty.io.grpc.StatusRuntimeException: INTERNAL: s2@group-469FBF65F7A7 is not in [RUNNING]: current state is CLOSED
2022-09-20 10:12:51,779 [s1@group-469FBF65F7A7-LeaderElection16] INFO  impl.LeaderElection (LeaderElection.java:askForVotes(310)) - s1@group-469FBF65F7A7-LeaderElection16 PRE_VOTE round 0: result REJECTED
2022-09-20 10:12:51,779 [s1@group-469FBF65F7A7-LeaderElection16] INFO  server.RaftServer$Division (RaftServerImpl.java:setRole(317)) - s1@group-469FBF65F7A7: changes role from CANDIDATE to FOLLOWER at term 2 for REJECTED
2022-09-20 10:12:51,779 [s1@group-469FBF65F7A7-LeaderElection16] INFO  impl.RoleInfo (RoleInfo.java:shutdownLeaderElection(130)) - s1: shutdown s1@group-469FBF65F7A7-LeaderElection16
2022-09-20 10:12:51,779 [s1@group-469FBF65F7A7-LeaderElection16] INFO  impl.RoleInfo (RoleInfo.java:updateAndGet(139)) - s1: start s1@group-469FBF65F7A7-FollowerState
2022-09-20 10:12:51,801 [null-request--thread1] INFO  server.GrpcClientProtocolService (GrpcClientProtocolService.java:lambda$processClientRequest$0(284)) - Failed RaftClientRequest:client-76B04C62A16F->s1@group-469FBF65F7A7, cid=451, seq=0, RW, Message:6d3635, reply=RaftClientReply:client-76B04C62A16F->s1@group-469FBF65F7A7, cid=451, FAILED org.apache.ratis.protocol.exceptions.NotLeaderException: Server s1@group-469FBF65F7A7 is not the leader, logIndex=0, commits[s1:c133, s0:c130, s2:c133]
2022-09-20 10:12:52,016 [null-request--thread1] INFO  server.GrpcClientProtocolService (GrpcClientProtocolService.java:lambda$processClientRequest$0(284)) - Failed RaftClientRequest:client-76B04C62A16F->s1@group-469FBF65F7A7, cid=451, seq=0, RW, Message:6d3635, reply=RaftClientReply:client-76B04C62A16F->s1@group-469FBF65F7A7, cid=451, FAILED org.apache.ratis.protocol.exceptions.NotLeaderException: Server s1@group-469FBF65F7A7 is not the leader, logIndex=0, commits[s1:c133, s0:c130, s2:c133]
2022-09-20 10:12:52,078 [s1@group-469FBF65F7A7-FollowerState] INFO  impl.FollowerState (FollowerState.java:run(141)) - s1@group-469FBF65F7A7-FollowerState: change to CANDIDATE, lastRpcElapsedTime:299533456ns, electionTimeout:299ms
2022-09-20 10:12:52,078 [s1@group-469FBF65F7A7-FollowerState] INFO  impl.RoleInfo (RoleInfo.java:shutdownFollowerState(110)) - s1: shutdown s1@group-469FBF65F7A7-FollowerState
2022-09-20 10:12:52,079 [s1@group-469FBF65F7A7-FollowerState] INFO  server.RaftServer$Division (RaftServerImpl.java:setRole(317)) - s1@group-469FBF65F7A7: changes role from  FOLLOWER to CANDIDATE at term 2 for changeToCandidate
2022-09-20 10:12:52,079 [s1@group-469FBF65F7A7-FollowerState] INFO  server.RaftServerConfigKeys (ConfUtils.java:logGet(46)) - raft.server.leaderelection.pre-vote = true (default)
2022-09-20 10:12:52,079 [s1@group-469FBF65F7A7-FollowerState] INFO  impl.RoleInfo (RoleInfo.java:updateAndGet(139)) - s1: start s1@group-469FBF65F7A7-LeaderElection17
2022-09-20 10:12:52,079 [s1@group-469FBF65F7A7-LeaderElection17] INFO  impl.LeaderElection (LeaderElection.java:askForVotes(308)) - s1@group-469FBF65F7A7-LeaderElection17 PRE_VOTE round 0: submit vote requests at term 2 for 133: peers:[s0|rpc:localhost:39281|admin:localhost:38455|client:localhost:36053|dataStream:localhost:45769|priority:0|startupRole:FOLLOWER, s1|rpc:localhost:46849|admin:localhost:41515|client:localhost:39119|dataStream:localhost:41703|priority:0|startupRole:FOLLOWER, s2|rpc:localhost:35167|admin:localhost:44965|client:localhost:40979|dataStream:localhost:34151|priority:0|startupRole:FOLLOWER]|listeners:[], old=null
2022-09-20 10:12:52,081 [grpc-default-executor-1] INFO  server.RaftServer$Division (RaftServerImpl.java:requestVote(1281)) - s0@group-469FBF65F7A7: receive requestVote(PRE_VOTE, s1, group-469FBF65F7A7, 2, (t:2, i:134))
2022-09-20 10:12:52,081 [grpc-default-executor-1] WARN  server.GrpcServerProtocolService (LogUtils.java:warn(122)) - s0: Failed requestVote s1->s0#0: org.apache.ratis.protocol.exceptions.ServerNotReadyException: s0@group-469FBF65F7A7 is not in [RUNNING]: current state is CLOSED
2022-09-20 10:12:52,081 [grpc-default-executor-1] INFO  server.RaftServer$Division (RaftServerImpl.java:requestVote(1281)) - s2@group-469FBF65F7A7: receive requestVote(PRE_VOTE, s1, group-469FBF65F7A7, 2, (t:2, i:134))
2022-09-20 10:12:52,082 [grpc-default-executor-1] WARN  server.GrpcServerProtocolService (LogUtils.java:warn(122)) - s2: Failed requestVote s1->s2#0: org.apache.ratis.protocol.exceptions.ServerNotReadyException: s2@group-469FBF65F7A7 is not in [RUNNING]: current state is CLOSED
2022-09-20 10:12:52,083 [s1@group-469FBF65F7A7-LeaderElection17] INFO  impl.LeaderElection (LogUtils.java:infoOrTrace(137)) - s1@group-469FBF65F7A7-LeaderElection17 got exception when requesting votes: java.util.concurrent.ExecutionException: org.apache.ratis.thirdparty.io.grpc.StatusRuntimeException: INTERNAL: s0@group-469FBF65F7A7 is not in [RUNNING]: current state is CLOSED
2022-09-20 10:12:52,083 [s1@group-469FBF65F7A7-LeaderElection17] INFO  impl.LeaderElection (LogUtils.java:infoOrTrace(137)) - s1@group-469FBF65F7A7-LeaderElection17 got exception when requesting votes: java.util.concurrent.ExecutionException: org.apache.ratis.thirdparty.io.grpc.StatusRuntimeException: INTERNAL: s2@group-469FBF65F7A7 is not in [RUNNING]: current state is CLOSED
2022-09-20 10:12:52,083 [s1@group-469FBF65F7A7-LeaderElection17] INFO  impl.LeaderElection (LeaderElection.java:logAndReturn(89)) - s1@group-469FBF65F7A7-LeaderElection17: PRE_VOTE REJECTED received 0 response(s) and 2 exception(s):
2022-09-20 10:12:52,084 [s1@group-469FBF65F7A7-LeaderElection17] INFO  impl.LeaderElection (LogUtils.java:infoOrTrace(137)) -   Exception 0: java.util.concurrent.ExecutionException: org.apache.ratis.thirdparty.io.grpc.StatusRuntimeException: INTERNAL: s0@group-469FBF65F7A7 is not in [RUNNING]: current state is CLOSED
2022-09-20 10:12:52,084 [s1@group-469FBF65F7A7-LeaderElection17] INFO  impl.LeaderElection (LogUtils.java:infoOrTrace(137)) -   Exception 1: java.util.concurrent.ExecutionException: org.apache.ratis.thirdparty.io.grpc.StatusRuntimeException: INTERNAL: s2@group-469FBF65F7A7 is not in [RUNNING]: current state is CLOSED
2022-09-20 10:12:52,084 [s1@group-469FBF65F7A7-LeaderElection17] INFO  impl.LeaderElection (LeaderElection.java:askForVotes(310)) - s1@group-469FBF65F7A7-LeaderElection17 PRE_VOTE round 0: result REJECTED
2022-09-20 10:12:52,084 [s1@group-469FBF65F7A7-LeaderElection17] INFO  server.RaftServer$Division (RaftServerImpl.java:setRole(317)) - s1@group-469FBF65F7A7: changes role from CANDIDATE to FOLLOWER at term 2 for REJECTED
2022-09-20 10:12:52,084 [s1@group-469FBF65F7A7-LeaderElection17] INFO  impl.RoleInfo (RoleInfo.java:shutdownLeaderElection(130)) - s1: shutdown s1@group-469FBF65F7A7-LeaderElection17
2022-09-20 10:12:52,084 [s1@group-469FBF65F7A7-LeaderElection17] INFO  impl.RoleInfo (RoleInfo.java:updateAndGet(139)) - s1: start s1@group-469FBF65F7A7-FollowerState
2022-09-20 10:12:52,302 [s1@group-469FBF65F7A7-FollowerState] INFO  impl.FollowerState (FollowerState.java:run(141)) - s1@group-469FBF65F7A7-FollowerState: change to CANDIDATE, lastRpcElapsedTime:218537045ns, electionTimeout:218ms
2022-09-20 10:12:52,302 [s1@group-469FBF65F7A7-FollowerState] INFO  impl.RoleInfo (RoleInfo.java:shutdownFollowerState(110)) - s1: shutdown s1@group-469FBF65F7A7-FollowerState
2022-09-20 10:12:52,302 [s1@group-469FBF65F7A7-FollowerState] INFO  server.RaftServer$Division (RaftServerImpl.java:setRole(317)) - s1@group-469FBF65F7A7: changes role from  FOLLOWER to CANDIDATE at term 2 for changeToCandidate
2022-09-20 10:12:52,303 [s1@group-469FBF65F7A7-FollowerState] INFO  server.RaftServerConfigKeys (ConfUtils.java:logGet(46)) - raft.server.leaderelection.pre-vote = true (default)
2022-09-20 10:12:52,303 [s1@group-469FBF65F7A7-FollowerState] INFO  impl.RoleInfo (RoleInfo.java:updateAndGet(139)) - s1: start s1@group-469FBF65F7A7-LeaderElection18
2022-09-20 10:12:52,303 [s1@group-469FBF65F7A7-LeaderElection18] INFO  impl.LeaderElection (LeaderElection.java:askForVotes(308)) - s1@group-469FBF65F7A7-LeaderElection18 PRE_VOTE round 0: submit vote requests at term 2 for 133: peers:[s0|rpc:localhost:39281|admin:localhost:38455|client:localhost:36053|dataStream:localhost:45769|priority:0|startupRole:FOLLOWER, s1|rpc:localhost:46849|admin:localhost:41515|client:localhost:39119|dataStream:localhost:41703|priority:0|startupRole:FOLLOWER, s2|rpc:localhost:35167|admin:localhost:44965|client:localhost:40979|dataStream:localhost:34151|priority:0|startupRole:FOLLOWER]|listeners:[], old=null
2022-09-20 10:12:52,307 [grpc-default-executor-1] INFO  server.RaftServer$Division (RaftServerImpl.java:requestVote(1281)) - s0@group-469FBF65F7A7: receive requestVote(PRE_VOTE, s1, group-469FBF65F7A7, 2, (t:2, i:134))
2022-09-20 10:12:52,307 [grpc-default-executor-1] WARN  server.GrpcServerProtocolService (LogUtils.java:warn(122)) - s0: Failed requestVote s1->s0#0: org.apache.ratis.protocol.exceptions.ServerNotReadyException: s0@group-469FBF65F7A7 is not in [RUNNING]: current state is CLOSED
2022-09-20 10:12:52,308 [grpc-default-executor-1] INFO  server.RaftServer$Division (RaftServerImpl.java:requestVote(1281)) - s2@group-469FBF65F7A7: receive requestVote(PRE_VOTE, s1, group-469FBF65F7A7, 2, (t:2, i:134))
2022-09-20 10:12:52,308 [grpc-default-executor-1] WARN  server.GrpcServerProtocolService (LogUtils.java:warn(122)) - s2: Failed requestVote s1->s2#0: org.apache.ratis.protocol.exceptions.ServerNotReadyException: s2@group-469FBF65F7A7 is not in [RUNNING]: current state is CLOSED
2022-09-20 10:12:52,310 [s1@group-469FBF65F7A7-LeaderElection18] INFO  impl.LeaderElection (LogUtils.java:infoOrTrace(137)) - s1@group-469FBF65F7A7-LeaderElection18 got exception when requesting votes: java.util.concurrent.ExecutionException: org.apache.ratis.thirdparty.io.grpc.StatusRuntimeException: INTERNAL: s2@group-469FBF65F7A7 is not in [RUNNING]: current state is CLOSED
2022-09-20 10:12:52,310 [s1@group-469FBF65F7A7-LeaderElection18] INFO  impl.LeaderElection (LogUtils.java:infoOrTrace(137)) - s1@group-469FBF65F7A7-LeaderElection18 got exception when requesting votes: java.util.concurrent.ExecutionException: org.apache.ratis.thirdparty.io.grpc.StatusRuntimeException: INTERNAL: s0@group-469FBF65F7A7 is not in [RUNNING]: current state is CLOSED
2022-09-20 10:12:52,311 [s1@group-469FBF65F7A7-LeaderElection18] INFO  impl.LeaderElection (LeaderElection.java:logAndReturn(89)) - s1@group-469FBF65F7A7-LeaderElection18: PRE_VOTE REJECTED received 0 response(s) and 2 exception(s):
2022-09-20 10:12:52,311 [s1@group-469FBF65F7A7-LeaderElection18] INFO  impl.LeaderElection (LogUtils.java:infoOrTrace(137)) -   Exception 0: java.util.concurrent.ExecutionException: org.apache.ratis.thirdparty.io.grpc.StatusRuntimeException: INTERNAL: s2@group-469FBF65F7A7 is not in [RUNNING]: current state is CLOSED
2022-09-20 10:12:52,311 [s1@group-469FBF65F7A7-LeaderElection18] INFO  impl.LeaderElection (LogUtils.java:infoOrTrace(137)) -   Exception 1: java.util.concurrent.ExecutionException: org.apache.ratis.thirdparty.io.grpc.StatusRuntimeException: INTERNAL: s0@group-469FBF65F7A7 is not in [RUNNING]: current state is CLOSED
2022-09-20 10:12:52,311 [s1@group-469FBF65F7A7-LeaderElection18] INFO  impl.LeaderElection (LeaderElection.java:askForVotes(310)) - s1@group-469FBF65F7A7-LeaderElection18 PRE_VOTE round 0: result REJECTED
2022-09-20 10:12:52,311 [s1@group-469FBF65F7A7-LeaderElection18] INFO  server.RaftServer$Division (RaftServerImpl.java:setRole(317)) - s1@group-469FBF65F7A7: changes role from CANDIDATE to FOLLOWER at term 2 for REJECTED
2022-09-20 10:12:52,311 [s1@group-469FBF65F7A7-LeaderElection18] INFO  impl.RoleInfo (RoleInfo.java:shutdownLeaderElection(130)) - s1: shutdown s1@group-469FBF65F7A7-LeaderElection18
2022-09-20 10:12:52,311 [s1@group-469FBF65F7A7-LeaderElection18] INFO  impl.RoleInfo (RoleInfo.java:updateAndGet(139)) - s1: start s1@group-469FBF65F7A7-FollowerState
2022-09-20 10:12:52,345 [null-request--thread1] INFO  server.GrpcClientProtocolService (GrpcClientProtocolService.java:lambda$processClientRequest$0(284)) - Failed RaftClientRequest:client-76B04C62A16F->s1@group-469FBF65F7A7, cid=451, seq=0, RW, Message:6d3635, reply=RaftClientReply:client-76B04C62A16F->s1@group-469FBF65F7A7, cid=451, FAILED org.apache.ratis.protocol.exceptions.NotLeaderException: Server s1@group-469FBF65F7A7 is not the leader, logIndex=0, commits[s1:c133, s0:c130, s2:c133]
2022-09-20 10:12:52,551 [s1@group-469FBF65F7A7-FollowerState] INFO  impl.FollowerState (FollowerState.java:run(141)) - s1@group-469FBF65F7A7-FollowerState: change to CANDIDATE, lastRpcElapsedTime:240531282ns, electionTimeout:240ms
2022-09-20 10:12:52,551 [s1@group-469FBF65F7A7-FollowerState] INFO  impl.RoleInfo (RoleInfo.java:shutdownFollowerState(110)) - s1: shutdown s1@group-469FBF65F7A7-FollowerState
2022-09-20 10:12:52,551 [s1@group-469FBF65F7A7-FollowerState] INFO  server.RaftServer$Division (RaftServerImpl.java:setRole(317)) - s1@group-469FBF65F7A7: changes role from  FOLLOWER to CANDIDATE at term 2 for changeToCandidate
2022-09-20 10:12:52,552 [s1@group-469FBF65F7A7-FollowerState] INFO  server.RaftServerConfigKeys (ConfUtils.java:logGet(46)) - raft.server.leaderelection.pre-vote = true (default)
2022-09-20 10:12:52,552 [s1@group-469FBF65F7A7-FollowerState] INFO  impl.RoleInfo (RoleInfo.java:updateAndGet(139)) - s1: start s1@group-469FBF65F7A7-LeaderElection19
2022-09-20 10:12:52,552 [s1@group-469FBF65F7A7-LeaderElection19] INFO  impl.LeaderElection (LeaderElection.java:askForVotes(308)) - s1@group-469FBF65F7A7-LeaderElection19 PRE_VOTE round 0: submit vote requests at term 2 for 133: peers:[s0|rpc:localhost:39281|admin:localhost:38455|client:localhost:36053|dataStream:localhost:45769|priority:0|startupRole:FOLLOWER, s1|rpc:localhost:46849|admin:localhost:41515|client:localhost:39119|dataStream:localhost:41703|priority:0|startupRole:FOLLOWER, s2|rpc:localhost:35167|admin:localhost:44965|client:localhost:40979|dataStream:localhost:34151|priority:0|startupRole:FOLLOWER]|listeners:[], old=null
2022-09-20 10:12:52,554 [grpc-default-executor-7] INFO  server.RaftServer$Division (RaftServerImpl.java:requestVote(1281)) - s2@group-469FBF65F7A7: receive requestVote(PRE_VOTE, s1, group-469FBF65F7A7, 2, (t:2, i:134))
2022-09-20 10:12:52,554 [grpc-default-executor-7] WARN  server.GrpcServerProtocolService (LogUtils.java:warn(122)) - s2: Failed requestVote s1->s2#0: org.apache.ratis.protocol.exceptions.ServerNotReadyException: s2@group-469FBF65F7A7 is not in [RUNNING]: current state is CLOSED
2022-09-20 10:12:52,558 [s1@group-469FBF65F7A7-LeaderElection19] INFO  impl.LeaderElection (LogUtils.java:infoOrTrace(137)) - s1@group-469FBF65F7A7-LeaderElection19 got exception when requesting votes: java.util.concurrent.ExecutionException: org.apache.ratis.thirdparty.io.grpc.StatusRuntimeException: INTERNAL: s2@group-469FBF65F7A7 is not in [RUNNING]: current state is CLOSED
2022-09-20 10:12:52,558 [grpc-default-executor-7] INFO  server.RaftServer$Division (RaftServerImpl.java:requestVote(1281)) - s0@group-469FBF65F7A7: receive requestVote(PRE_VOTE, s1, group-469FBF65F7A7, 2, (t:2, i:134))
2022-09-20 10:12:52,558 [grpc-default-executor-7] WARN  server.GrpcServerProtocolService (LogUtils.java:warn(122)) - s0: Failed requestVote s1->s0#0: org.apache.ratis.protocol.exceptions.ServerNotReadyException: s0@group-469FBF65F7A7 is not in [RUNNING]: current state is CLOSED
2022-09-20 10:12:52,561 [s1@group-469FBF65F7A7-LeaderElection19] INFO  impl.LeaderElection (LogUtils.java:infoOrTrace(137)) - s1@group-469FBF65F7A7-LeaderElection19 got exception when requesting votes: java.util.concurrent.ExecutionException: org.apache.ratis.thirdparty.io.grpc.StatusRuntimeException: INTERNAL: s0@group-469FBF65F7A7 is not in [RUNNING]: current state is CLOSED
2022-09-20 10:12:52,561 [s1@group-469FBF65F7A7-LeaderElection19] INFO  impl.LeaderElection (LeaderElection.java:logAndReturn(89)) - s1@group-469FBF65F7A7-LeaderElection19: PRE_VOTE REJECTED received 0 response(s) and 2 exception(s):
2022-09-20 10:12:52,561 [s1@group-469FBF65F7A7-LeaderElection19] INFO  impl.LeaderElection (LogUtils.java:infoOrTrace(137)) -   Exception 0: java.util.concurrent.ExecutionException: org.apache.ratis.thirdparty.io.grpc.StatusRuntimeException: INTERNAL: s2@group-469FBF65F7A7 is not in [RUNNING]: current state is CLOSED
2022-09-20 10:12:52,561 [s1@group-469FBF65F7A7-LeaderElection19] INFO  impl.LeaderElection (LogUtils.java:infoOrTrace(137)) -   Exception 1: java.util.concurrent.ExecutionException: org.apache.ratis.thirdparty.io.grpc.StatusRuntimeException: INTERNAL: s0@group-469FBF65F7A7 is not in [RUNNING]: current state is CLOSED
2022-09-20 10:12:52,561 [s1@group-469FBF65F7A7-LeaderElection19] INFO  impl.LeaderElection (LeaderElection.java:askForVotes(310)) - s1@group-469FBF65F7A7-LeaderElection19 PRE_VOTE round 0: result REJECTED
2022-09-20 10:12:52,561 [s1@group-469FBF65F7A7-LeaderElection19] INFO  server.RaftServer$Division (RaftServerImpl.java:setRole(317)) - s1@group-469FBF65F7A7: changes role from CANDIDATE to FOLLOWER at term 2 for REJECTED
2022-09-20 10:12:52,561 [s1@group-469FBF65F7A7-LeaderElection19] INFO  impl.RoleInfo (RoleInfo.java:shutdownLeaderElection(130)) - s1: shutdown s1@group-469FBF65F7A7-LeaderElection19
2022-09-20 10:12:52,561 [s1@group-469FBF65F7A7-LeaderElection19] INFO  impl.RoleInfo (RoleInfo.java:updateAndGet(139)) - s1: start s1@group-469FBF65F7A7-FollowerState
2022-09-20 10:12:52,565 [null-request--thread1] INFO  server.GrpcClientProtocolService (GrpcClientProtocolService.java:lambda$processClientRequest$0(284)) - Failed RaftClientRequest:client-76B04C62A16F->s1@group-469FBF65F7A7, cid=451, seq=0, RW, Message:6d3635, reply=RaftClientReply:client-76B04C62A16F->s1@group-469FBF65F7A7, cid=451, FAILED org.apache.ratis.protocol.exceptions.NotLeaderException: Server s1@group-469FBF65F7A7 is not the leader, logIndex=0, commits[s1:c133, s0:c130, s2:c133]
2022-09-20 10:12:52,836 [s1@group-469FBF65F7A7-FollowerState] INFO  impl.FollowerState (FollowerState.java:run(141)) - s1@group-469FBF65F7A7-FollowerState: change to CANDIDATE, lastRpcElapsedTime:275148071ns, electionTimeout:264ms
2022-09-20 10:12:52,836 [s1@group-469FBF65F7A7-FollowerState] INFO  impl.RoleInfo (RoleInfo.java:shutdownFollowerState(110)) - s1: shutdown s1@group-469FBF65F7A7-FollowerState
2022-09-20 10:12:52,836 [s1@group-469FBF65F7A7-FollowerState] INFO  server.RaftServer$Division (RaftServerImpl.java:setRole(317)) - s1@group-469FBF65F7A7: changes role from  FOLLOWER to CANDIDATE at term 2 for changeToCandidate
2022-09-20 10:12:52,837 [s1@group-469FBF65F7A7-FollowerState] INFO  server.RaftServerConfigKeys (ConfUtils.java:logGet(46)) - raft.server.leaderelection.pre-vote = true (default)
2022-09-20 10:12:52,837 [s1@group-469FBF65F7A7-FollowerState] INFO  impl.RoleInfo (RoleInfo.java:updateAndGet(139)) - s1: start s1@group-469FBF65F7A7-LeaderElection20
2022-09-20 10:12:52,837 [s1@group-469FBF65F7A7-LeaderElection20] INFO  impl.LeaderElection (LeaderElection.java:askForVotes(308)) - s1@group-469FBF65F7A7-LeaderElection20 PRE_VOTE round 0: submit vote requests at term 2 for 133: peers:[s0|rpc:localhost:39281|admin:localhost:38455|client:localhost:36053|dataStream:localhost:45769|priority:0|startupRole:FOLLOWER, s1|rpc:localhost:46849|admin:localhost:41515|client:localhost:39119|dataStream:localhost:41703|priority:0|startupRole:FOLLOWER, s2|rpc:localhost:35167|admin:localhost:44965|client:localhost:40979|dataStream:localhost:34151|priority:0|startupRole:FOLLOWER]|listeners:[], old=null
2022-09-20 10:12:52,847 [grpc-default-executor-7] INFO  server.RaftServer$Division (RaftServerImpl.java:requestVote(1281)) - s2@group-469FBF65F7A7: receive requestVote(PRE_VOTE, s1, group-469FBF65F7A7, 2, (t:2, i:134))
2022-09-20 10:12:52,847 [grpc-default-executor-7] WARN  server.GrpcServerProtocolService (LogUtils.java:warn(122)) - s2: Failed requestVote s1->s2#0: org.apache.ratis.protocol.exceptions.ServerNotReadyException: s2@group-469FBF65F7A7 is not in [RUNNING]: current state is CLOSED
2022-09-20 10:12:52,847 [grpc-default-executor-0] INFO  server.RaftServer$Division (RaftServerImpl.java:requestVote(1281)) - s0@group-469FBF65F7A7: receive requestVote(PRE_VOTE, s1, group-469FBF65F7A7, 2, (t:2, i:134))
2022-09-20 10:12:52,847 [grpc-default-executor-0] WARN  server.GrpcServerProtocolService (LogUtils.java:warn(122)) - s0: Failed requestVote s1->s0#0: org.apache.ratis.protocol.exceptions.ServerNotReadyException: s0@group-469FBF65F7A7 is not in [RUNNING]: current state is CLOSED
2022-09-20 10:12:52,848 [s1@group-469FBF65F7A7-LeaderElection20] INFO  impl.LeaderElection (LogUtils.java:infoOrTrace(137)) - s1@group-469FBF65F7A7-LeaderElection20 got exception when requesting votes: java.util.concurrent.ExecutionException: org.apache.ratis.thirdparty.io.grpc.StatusRuntimeException: INTERNAL: s2@group-469FBF65F7A7 is not in [RUNNING]: current state is CLOSED
2022-09-20 10:12:52,849 [s1@group-469FBF65F7A7-LeaderElection20] INFO  impl.LeaderElection (LogUtils.java:infoOrTrace(137)) - s1@group-469FBF65F7A7-LeaderElection20 got exception when requesting votes: java.util.concurrent.ExecutionException: org.apache.ratis.thirdparty.io.grpc.StatusRuntimeException: INTERNAL: s0@group-469FBF65F7A7 is not in [RUNNING]: current state is CLOSED
2022-09-20 10:12:52,849 [s1@group-469FBF65F7A7-LeaderElection20] INFO  impl.LeaderElection (LeaderElection.java:logAndReturn(89)) - s1@group-469FBF65F7A7-LeaderElection20: PRE_VOTE REJECTED received 0 response(s) and 2 exception(s):
2022-09-20 10:12:52,849 [s1@group-469FBF65F7A7-LeaderElection20] INFO  impl.LeaderElection (LogUtils.java:infoOrTrace(137)) -   Exception 0: java.util.concurrent.ExecutionException: org.apache.ratis.thirdparty.io.grpc.StatusRuntimeException: INTERNAL: s2@group-469FBF65F7A7 is not in [RUNNING]: current state is CLOSED
2022-09-20 10:12:52,849 [s1@group-469FBF65F7A7-LeaderElection20] INFO  impl.LeaderElection (LogUtils.java:infoOrTrace(137)) -   Exception 1: java.util.concurrent.ExecutionException: org.apache.ratis.thirdparty.io.grpc.StatusRuntimeException: INTERNAL: s0@group-469FBF65F7A7 is not in [RUNNING]: current state is CLOSED
2022-09-20 10:12:52,849 [s1@group-469FBF65F7A7-LeaderElection20] INFO  impl.LeaderElection (LeaderElection.java:askForVotes(310)) - s1@group-469FBF65F7A7-LeaderElection20 PRE_VOTE round 0: result REJECTED
2022-09-20 10:12:52,849 [s1@group-469FBF65F7A7-LeaderElection20] INFO  server.RaftServer$Division (RaftServerImpl.java:setRole(317)) - s1@group-469FBF65F7A7: changes role from CANDIDATE to FOLLOWER at term 2 for REJECTED
2022-09-20 10:12:52,849 [s1@group-469FBF65F7A7-LeaderElection20] INFO  impl.RoleInfo (RoleInfo.java:shutdownLeaderElection(130)) - s1: shutdown s1@group-469FBF65F7A7-LeaderElection20
2022-09-20 10:12:52,849 [s1@group-469FBF65F7A7-LeaderElection20] INFO  impl.RoleInfo (RoleInfo.java:updateAndGet(139)) - s1: start s1@group-469FBF65F7A7-FollowerState
2022-09-20 10:12:53,054 [s1@group-469FBF65F7A7-FollowerState] INFO  impl.FollowerState (FollowerState.java:run(141)) - s1@group-469FBF65F7A7-FollowerState: change to CANDIDATE, lastRpcElapsedTime:204782572ns, electionTimeout:204ms
2022-09-20 10:12:53,054 [s1@group-469FBF65F7A7-FollowerState] INFO  impl.RoleInfo (RoleInfo.java:shutdownFollowerState(110)) - s1: shutdown s1@group-469FBF65F7A7-FollowerState
2022-09-20 10:12:53,054 [s1@group-469FBF65F7A7-FollowerState] INFO  server.RaftServer$Division (RaftServerImpl.java:setRole(317)) - s1@group-469FBF65F7A7: changes role from  FOLLOWER to CANDIDATE at term 2 for changeToCandidate
2022-09-20 10:12:53,054 [s1@group-469FBF65F7A7-FollowerState] INFO  server.RaftServerConfigKeys (ConfUtils.java:logGet(46)) - raft.server.leaderelection.pre-vote = true (default)
2022-09-20 10:12:53,054 [s1@group-469FBF65F7A7-FollowerState] INFO  impl.RoleInfo (RoleInfo.java:updateAndGet(139)) - s1: start s1@group-469FBF65F7A7-LeaderElection21
2022-09-20 10:12:53,055 [s1@group-469FBF65F7A7-LeaderElection21] INFO  impl.LeaderElection (LeaderElection.java:askForVotes(308)) - s1@group-469FBF65F7A7-LeaderElection21 PRE_VOTE round 0: submit vote requests at term 2 for 133: peers:[s0|rpc:localhost:39281|admin:localhost:38455|client:localhost:36053|dataStream:localhost:45769|priority:0|startupRole:FOLLOWER, s1|rpc:localhost:46849|admin:localhost:41515|client:localhost:39119|dataStream:localhost:41703|priority:0|startupRole:FOLLOWER, s2|rpc:localhost:35167|admin:localhost:44965|client:localhost:40979|dataStream:localhost:34151|priority:0|startupRole:FOLLOWER]|listeners:[], old=null
2022-09-20 10:12:53,056 [grpc-default-executor-7] INFO  server.RaftServer$Division (RaftServerImpl.java:requestVote(1281)) - s0@group-469FBF65F7A7: receive requestVote(PRE_VOTE, s1, group-469FBF65F7A7, 2, (t:2, i:134))
2022-09-20 10:12:53,056 [grpc-default-executor-7] WARN  server.GrpcServerProtocolService (LogUtils.java:warn(122)) - s0: Failed requestVote s1->s0#0: org.apache.ratis.protocol.exceptions.ServerNotReadyException: s0@group-469FBF65F7A7 is not in [RUNNING]: current state is CLOSED
2022-09-20 10:12:53,057 [s1@group-469FBF65F7A7-LeaderElection21] INFO  impl.LeaderElection (LogUtils.java:infoOrTrace(137)) - s1@group-469FBF65F7A7-LeaderElection21 got exception when requesting votes: java.util.concurrent.ExecutionException: org.apache.ratis.thirdparty.io.grpc.StatusRuntimeException: INTERNAL: s0@group-469FBF65F7A7 is not in [RUNNING]: current state is CLOSED
2022-09-20 10:12:53,058 [grpc-default-executor-7] INFO  server.RaftServer$Division (RaftServerImpl.java:requestVote(1281)) - s2@group-469FBF65F7A7: receive requestVote(PRE_VOTE, s1, group-469FBF65F7A7, 2, (t:2, i:134))
2022-09-20 10:12:53,058 [grpc-default-executor-7] WARN  server.GrpcServerProtocolService (LogUtils.java:warn(122)) - s2: Failed requestVote s1->s2#0: org.apache.ratis.protocol.exceptions.ServerNotReadyException: s2@group-469FBF65F7A7 is not in [RUNNING]: current state is CLOSED
2022-09-20 10:12:53,060 [s1@group-469FBF65F7A7-LeaderElection21] INFO  impl.LeaderElection (LogUtils.java:infoOrTrace(137)) - s1@group-469FBF65F7A7-LeaderElection21 got exception when requesting votes: java.util.concurrent.ExecutionException: org.apache.ratis.thirdparty.io.grpc.StatusRuntimeException: INTERNAL: s2@group-469FBF65F7A7 is not in [RUNNING]: current state is CLOSED
2022-09-20 10:12:53,060 [s1@group-469FBF65F7A7-LeaderElection21] INFO  impl.LeaderElection (LeaderElection.java:logAndReturn(89)) - s1@group-469FBF65F7A7-LeaderElection21: PRE_VOTE REJECTED received 0 response(s) and 2 exception(s):
2022-09-20 10:12:53,060 [s1@group-469FBF65F7A7-LeaderElection21] INFO  impl.LeaderElection (LogUtils.java:infoOrTrace(137)) -   Exception 0: java.util.concurrent.ExecutionException: org.apache.ratis.thirdparty.io.grpc.StatusRuntimeException: INTERNAL: s0@group-469FBF65F7A7 is not in [RUNNING]: current state is CLOSED
2022-09-20 10:12:53,060 [s1@group-469FBF65F7A7-LeaderElection21] INFO  impl.LeaderElection (LogUtils.java:infoOrTrace(137)) -   Exception 1: java.util.concurrent.ExecutionException: org.apache.ratis.thirdparty.io.grpc.StatusRuntimeException: INTERNAL: s2@group-469FBF65F7A7 is not in [RUNNING]: current state is CLOSED
2022-09-20 10:12:53,060 [s1@group-469FBF65F7A7-LeaderElection21] INFO  impl.LeaderElection (LeaderElection.java:askForVotes(310)) - s1@group-469FBF65F7A7-LeaderElection21 PRE_VOTE round 0: result REJECTED
2022-09-20 10:12:53,060 [s1@group-469FBF65F7A7-LeaderElection21] INFO  server.RaftServer$Division (RaftServerImpl.java:setRole(317)) - s1@group-469FBF65F7A7: changes role from CANDIDATE to FOLLOWER at term 2 for REJECTED
2022-09-20 10:12:53,060 [s1@group-469FBF65F7A7-LeaderElection21] INFO  impl.RoleInfo (RoleInfo.java:shutdownLeaderElection(130)) - s1: shutdown s1@group-469FBF65F7A7-LeaderElection21
2022-09-20 10:12:53,060 [s1@group-469FBF65F7A7-LeaderElection21] INFO  impl.RoleInfo (RoleInfo.java:updateAndGet(139)) - s1: start s1@group-469FBF65F7A7-FollowerState
2022-09-20 10:12:53,110 [null-request--thread1] INFO  server.GrpcClientProtocolService (GrpcClientProtocolService.java:lambda$processClientRequest$0(284)) - Failed RaftClientRequest:client-76B04C62A16F->s1@group-469FBF65F7A7, cid=451, seq=0, RW, Message:6d3635, reply=RaftClientReply:client-76B04C62A16F->s1@group-469FBF65F7A7, cid=451, FAILED org.apache.ratis.protocol.exceptions.NotLeaderException: Server s1@group-469FBF65F7A7 is not the leader, logIndex=0, commits[s1:c133, s0:c130, s2:c133]
2022-09-20 10:12:53,291 [s1@group-469FBF65F7A7-FollowerState] INFO  impl.FollowerState (FollowerState.java:run(141)) - s1@group-469FBF65F7A7-FollowerState: change to CANDIDATE, lastRpcElapsedTime:231441902ns, electionTimeout:231ms
2022-09-20 10:12:53,292 [s1@group-469FBF65F7A7-FollowerState] INFO  impl.RoleInfo (RoleInfo.java:shutdownFollowerState(110)) - s1: shutdown s1@group-469FBF65F7A7-FollowerState
2022-09-20 10:12:53,292 [s1@group-469FBF65F7A7-FollowerState] INFO  server.RaftServer$Division (RaftServerImpl.java:setRole(317)) - s1@group-469FBF65F7A7: changes role from  FOLLOWER to CANDIDATE at term 2 for changeToCandidate
2022-09-20 10:12:53,292 [s1@group-469FBF65F7A7-FollowerState] INFO  server.RaftServerConfigKeys (ConfUtils.java:logGet(46)) - raft.server.leaderelection.pre-vote = true (default)
2022-09-20 10:12:53,292 [s1@group-469FBF65F7A7-FollowerState] INFO  impl.RoleInfo (RoleInfo.java:updateAndGet(139)) - s1: start s1@group-469FBF65F7A7-LeaderElection22
2022-09-20 10:12:53,295 [s1@group-469FBF65F7A7-LeaderElection22] INFO  impl.LeaderElection (LeaderElection.java:askForVotes(308)) - s1@group-469FBF65F7A7-LeaderElection22 PRE_VOTE round 0: submit vote requests at term 2 for 133: peers:[s0|rpc:localhost:39281|admin:localhost:38455|client:localhost:36053|dataStream:localhost:45769|priority:0|startupRole:FOLLOWER, s1|rpc:localhost:46849|admin:localhost:41515|client:localhost:39119|dataStream:localhost:41703|priority:0|startupRole:FOLLOWER, s2|rpc:localhost:35167|admin:localhost:44965|client:localhost:40979|dataStream:localhost:34151|priority:0|startupRole:FOLLOWER]|listeners:[], old=null
2022-09-20 10:12:53,297 [grpc-default-executor-0] INFO  server.RaftServer$Division (RaftServerImpl.java:requestVote(1281)) - s0@group-469FBF65F7A7: receive requestVote(PRE_VOTE, s1, group-469FBF65F7A7, 2, (t:2, i:134))
2022-09-20 10:12:53,297 [grpc-default-executor-0] WARN  server.GrpcServerProtocolService (LogUtils.java:warn(122)) - s0: Failed requestVote s1->s0#0: org.apache.ratis.protocol.exceptions.ServerNotReadyException: s0@group-469FBF65F7A7 is not in [RUNNING]: current state is CLOSED
2022-09-20 10:12:53,299 [grpc-default-executor-0] INFO  server.RaftServer$Division (RaftServerImpl.java:requestVote(1281)) - s2@group-469FBF65F7A7: receive requestVote(PRE_VOTE, s1, group-469FBF65F7A7, 2, (t:2, i:134))
2022-09-20 10:12:53,299 [s1@group-469FBF65F7A7-LeaderElection22] INFO  impl.LeaderElection (LogUtils.java:infoOrTrace(137)) - s1@group-469FBF65F7A7-LeaderElection22 got exception when requesting votes: java.util.concurrent.ExecutionException: org.apache.ratis.thirdparty.io.grpc.StatusRuntimeException: INTERNAL: s0@group-469FBF65F7A7 is not in [RUNNING]: current state is CLOSED
2022-09-20 10:12:53,299 [grpc-default-executor-0] WARN  server.GrpcServerProtocolService (LogUtils.java:warn(122)) - s2: Failed requestVote s1->s2#0: org.apache.ratis.protocol.exceptions.ServerNotReadyException: s2@group-469FBF65F7A7 is not in [RUNNING]: current state is CLOSED
2022-09-20 10:12:53,300 [s1@group-469FBF65F7A7-LeaderElection22] INFO  impl.LeaderElection (LogUtils.java:infoOrTrace(137)) - s1@group-469FBF65F7A7-LeaderElection22 got exception when requesting votes: java.util.concurrent.ExecutionException: org.apache.ratis.thirdparty.io.grpc.StatusRuntimeException: INTERNAL: s2@group-469FBF65F7A7 is not in [RUNNING]: current state is CLOSED
2022-09-20 10:12:53,300 [s1@group-469FBF65F7A7-LeaderElection22] INFO  impl.LeaderElection (LeaderElection.java:logAndReturn(89)) - s1@group-469FBF65F7A7-LeaderElection22: PRE_VOTE REJECTED received 0 response(s) and 2 exception(s):
2022-09-20 10:12:53,300 [s1@group-469FBF65F7A7-LeaderElection22] INFO  impl.LeaderElection (LogUtils.java:infoOrTrace(137)) -   Exception 0: java.util.concurrent.ExecutionException: org.apache.ratis.thirdparty.io.grpc.StatusRuntimeException: INTERNAL: s0@group-469FBF65F7A7 is not in [RUNNING]: current state is CLOSED
2022-09-20 10:12:53,300 [s1@group-469FBF65F7A7-LeaderElection22] INFO  impl.LeaderElection (LogUtils.java:infoOrTrace(137)) -   Exception 1: java.util.concurrent.ExecutionException: org.apache.ratis.thirdparty.io.grpc.StatusRuntimeException: INTERNAL: s2@group-469FBF65F7A7 is not in [RUNNING]: current state is CLOSED
2022-09-20 10:12:53,300 [s1@group-469FBF65F7A7-LeaderElection22] INFO  impl.LeaderElection (LeaderElection.java:askForVotes(310)) - s1@group-469FBF65F7A7-LeaderElection22 PRE_VOTE round 0: result REJECTED
2022-09-20 10:12:53,300 [s1@group-469FBF65F7A7-LeaderElection22] INFO  server.RaftServer$Division (RaftServerImpl.java:setRole(317)) - s1@group-469FBF65F7A7: changes role from CANDIDATE to FOLLOWER at term 2 for REJECTED
2022-09-20 10:12:53,300 [s1@group-469FBF65F7A7-LeaderElection22] INFO  impl.RoleInfo (RoleInfo.java:shutdownLeaderElection(130)) - s1: shutdown s1@group-469FBF65F7A7-LeaderElection22
2022-09-20 10:12:53,301 [s1@group-469FBF65F7A7-LeaderElection22] INFO  impl.RoleInfo (RoleInfo.java:updateAndGet(139)) - s1: start s1@group-469FBF65F7A7-FollowerState
2022-09-20 10:12:53,433 [null-request--thread1] INFO  server.GrpcClientProtocolService (GrpcClientProtocolService.java:lambda$processClientRequest$0(284)) - Failed RaftClientRequest:client-76B04C62A16F->s1@group-469FBF65F7A7, cid=451, seq=0, RW, Message:6d3635, reply=RaftClientReply:client-76B04C62A16F->s1@group-469FBF65F7A7, cid=451, FAILED org.apache.ratis.protocol.exceptions.NotLeaderException: Server s1@group-469FBF65F7A7 is not the leader, logIndex=0, commits[s1:c133, s0:c130, s2:c133]
2022-09-20 10:12:53,514 [s1@group-469FBF65F7A7-FollowerState] INFO  impl.FollowerState (FollowerState.java:run(141)) - s1@group-469FBF65F7A7-FollowerState: change to CANDIDATE, lastRpcElapsedTime:213326241ns, electionTimeout:213ms
2022-09-20 10:12:53,514 [s1@group-469FBF65F7A7-FollowerState] INFO  impl.RoleInfo (RoleInfo.java:shutdownFollowerState(110)) - s1: shutdown s1@group-469FBF65F7A7-FollowerState
2022-09-20 10:12:53,514 [s1@group-469FBF65F7A7-FollowerState] INFO  server.RaftServer$Division (RaftServerImpl.java:setRole(317)) - s1@group-469FBF65F7A7: changes role from  FOLLOWER to CANDIDATE at term 2 for changeToCandidate
2022-09-20 10:12:53,514 [s1@group-469FBF65F7A7-FollowerState] INFO  server.RaftServerConfigKeys (ConfUtils.java:logGet(46)) - raft.server.leaderelection.pre-vote = true (default)
2022-09-20 10:12:53,514 [s1@group-469FBF65F7A7-FollowerState] INFO  impl.RoleInfo (RoleInfo.java:updateAndGet(139)) - s1: start s1@group-469FBF65F7A7-LeaderElection23
2022-09-20 10:12:53,515 [s1@group-469FBF65F7A7-LeaderElection23] INFO  impl.LeaderElection (LeaderElection.java:askForVotes(308)) - s1@group-469FBF65F7A7-LeaderElection23 PRE_VOTE round 0: submit vote requests at term 2 for 133: peers:[s0|rpc:localhost:39281|admin:localhost:38455|client:localhost:36053|dataStream:localhost:45769|priority:0|startupRole:FOLLOWER, s1|rpc:localhost:46849|admin:localhost:41515|client:localhost:39119|dataStream:localhost:41703|priority:0|startupRole:FOLLOWER, s2|rpc:localhost:35167|admin:localhost:44965|client:localhost:40979|dataStream:localhost:34151|priority:0|startupRole:FOLLOWER]|listeners:[], old=null
2022-09-20 10:12:53,516 [grpc-default-executor-0] INFO  server.RaftServer$Division (RaftServerImpl.java:requestVote(1281)) - s0@group-469FBF65F7A7: receive requestVote(PRE_VOTE, s1, group-469FBF65F7A7, 2, (t:2, i:134))
2022-09-20 10:12:53,516 [grpc-default-executor-0] WARN  server.GrpcServerProtocolService (LogUtils.java:warn(122)) - s0: Failed requestVote s1->s0#0: org.apache.ratis.protocol.exceptions.ServerNotReadyException: s0@group-469FBF65F7A7 is not in [RUNNING]: current state is CLOSED
2022-09-20 10:12:53,518 [grpc-default-executor-0] INFO  server.RaftServer$Division (RaftServerImpl.java:requestVote(1281)) - s2@group-469FBF65F7A7: receive requestVote(PRE_VOTE, s1, group-469FBF65F7A7, 2, (t:2, i:134))
2022-09-20 10:12:53,518 [grpc-default-executor-0] WARN  server.GrpcServerProtocolService (LogUtils.java:warn(122)) - s2: Failed requestVote s1->s2#0: org.apache.ratis.protocol.exceptions.ServerNotReadyException: s2@group-469FBF65F7A7 is not in [RUNNING]: current state is CLOSED
2022-09-20 10:12:53,519 [s1@group-469FBF65F7A7-LeaderElection23] INFO  impl.LeaderElection (LogUtils.java:infoOrTrace(137)) - s1@group-469FBF65F7A7-LeaderElection23 got exception when requesting votes: java.util.concurrent.ExecutionException: org.apache.ratis.thirdparty.io.grpc.StatusRuntimeException: INTERNAL: s2@group-469FBF65F7A7 is not in [RUNNING]: current state is CLOSED
2022-09-20 10:12:53,522 [s1@group-469FBF65F7A7-LeaderElection23] INFO  impl.LeaderElection (LogUtils.java:infoOrTrace(137)) - s1@group-469FBF65F7A7-LeaderElection23 got exception when requesting votes: java.util.concurrent.ExecutionException: org.apache.ratis.thirdparty.io.grpc.StatusRuntimeException: INTERNAL: s0@group-469FBF65F7A7 is not in [RUNNING]: current state is CLOSED
2022-09-20 10:12:53,523 [s1@group-469FBF65F7A7-LeaderElection23] INFO  impl.LeaderElection (LeaderElection.java:logAndReturn(89)) - s1@group-469FBF65F7A7-LeaderElection23: PRE_VOTE REJECTED received 0 response(s) and 2 exception(s):
2022-09-20 10:12:53,523 [s1@group-469FBF65F7A7-LeaderElection23] INFO  impl.LeaderElection (LogUtils.java:infoOrTrace(137)) -   Exception 0: java.util.concurrent.ExecutionException: org.apache.ratis.thirdparty.io.grpc.StatusRuntimeException: INTERNAL: s2@group-469FBF65F7A7 is not in [RUNNING]: current state is CLOSED
2022-09-20 10:12:53,523 [s1@group-469FBF65F7A7-LeaderElection23] INFO  impl.LeaderElection (LogUtils.java:infoOrTrace(137)) -   Exception 1: java.util.concurrent.ExecutionException: org.apache.ratis.thirdparty.io.grpc.StatusRuntimeException: INTERNAL: s0@group-469FBF65F7A7 is not in [RUNNING]: current state is CLOSED
2022-09-20 10:12:53,523 [s1@group-469FBF65F7A7-LeaderElection23] INFO  impl.LeaderElection (LeaderElection.java:askForVotes(310)) - s1@group-469FBF65F7A7-LeaderElection23 PRE_VOTE round 0: result REJECTED
2022-09-20 10:12:53,523 [s1@group-469FBF65F7A7-LeaderElection23] INFO  server.RaftServer$Division (RaftServerImpl.java:setRole(317)) - s1@group-469FBF65F7A7: changes role from CANDIDATE to FOLLOWER at term 2 for REJECTED
2022-09-20 10:12:53,523 [s1@group-469FBF65F7A7-LeaderElection23] INFO  impl.RoleInfo (RoleInfo.java:shutdownLeaderElection(130)) - s1: shutdown s1@group-469FBF65F7A7-LeaderElection23
2022-09-20 10:12:53,523 [s1@group-469FBF65F7A7-LeaderElection23] INFO  impl.RoleInfo (RoleInfo.java:updateAndGet(139)) - s1: start s1@group-469FBF65F7A7-FollowerState
2022-09-20 10:12:53,753 [null-request--thread1] INFO  server.GrpcClientProtocolService (GrpcClientProtocolService.java:lambda$processClientRequest$0(284)) - Failed RaftClientRequest:client-76B04C62A16F->s1@group-469FBF65F7A7, cid=451, seq=0, RW, Message:6d3635, reply=RaftClientReply:client-76B04C62A16F->s1@group-469FBF65F7A7, cid=451, FAILED org.apache.ratis.protocol.exceptions.NotLeaderException: Server s1@group-469FBF65F7A7 is not the leader, logIndex=0, commits[s1:c133, s0:c130, s2:c133]
2022-09-20 10:12:53,807 [s1@group-469FBF65F7A7-FollowerState] INFO  impl.FollowerState (FollowerState.java:run(141)) - s1@group-469FBF65F7A7-FollowerState: change to CANDIDATE, lastRpcElapsedTime:284365554ns, electionTimeout:284ms
2022-09-20 10:12:53,807 [s1@group-469FBF65F7A7-FollowerState] INFO  impl.RoleInfo (RoleInfo.java:shutdownFollowerState(110)) - s1: shutdown s1@group-469FBF65F7A7-FollowerState
2022-09-20 10:12:53,808 [s1@group-469FBF65F7A7-FollowerState] INFO  server.RaftServer$Division (RaftServerImpl.java:setRole(317)) - s1@group-469FBF65F7A7: changes role from  FOLLOWER to CANDIDATE at term 2 for changeToCandidate
2022-09-20 10:12:53,808 [s1@group-469FBF65F7A7-FollowerState] INFO  server.RaftServerConfigKeys (ConfUtils.java:logGet(46)) - raft.server.leaderelection.pre-vote = true (default)
2022-09-20 10:12:53,808 [s1@group-469FBF65F7A7-FollowerState] INFO  impl.RoleInfo (RoleInfo.java:updateAndGet(139)) - s1: start s1@group-469FBF65F7A7-LeaderElection24
2022-09-20 10:12:53,811 [s1@group-469FBF65F7A7-LeaderElection24] INFO  impl.LeaderElection (LeaderElection.java:askForVotes(308)) - s1@group-469FBF65F7A7-LeaderElection24 PRE_VOTE round 0: submit vote requests at term 2 for 133: peers:[s0|rpc:localhost:39281|admin:localhost:38455|client:localhost:36053|dataStream:localhost:45769|priority:0|startupRole:FOLLOWER, s1|rpc:localhost:46849|admin:localhost:41515|client:localhost:39119|dataStream:localhost:41703|priority:0|startupRole:FOLLOWER, s2|rpc:localhost:35167|admin:localhost:44965|client:localhost:40979|dataStream:localhost:34151|priority:0|startupRole:FOLLOWER]|listeners:[], old=null
2022-09-20 10:12:53,812 [grpc-default-executor-7] INFO  server.RaftServer$Division (RaftServerImpl.java:requestVote(1281)) - s0@group-469FBF65F7A7: receive requestVote(PRE_VOTE, s1, group-469FBF65F7A7, 2, (t:2, i:134))
2022-09-20 10:12:53,813 [grpc-default-executor-5] INFO  server.RaftServer$Division (RaftServerImpl.java:requestVote(1281)) - s2@group-469FBF65F7A7: receive requestVote(PRE_VOTE, s1, group-469FBF65F7A7, 2, (t:2, i:134))
2022-09-20 10:12:53,813 [grpc-default-executor-5] WARN  server.GrpcServerProtocolService (LogUtils.java:warn(122)) - s2: Failed requestVote s1->s2#0: org.apache.ratis.protocol.exceptions.ServerNotReadyException: s2@group-469FBF65F7A7 is not in [RUNNING]: current state is CLOSED
2022-09-20 10:12:53,813 [grpc-default-executor-7] WARN  server.GrpcServerProtocolService (LogUtils.java:warn(122)) - s0: Failed requestVote s1->s0#0: org.apache.ratis.protocol.exceptions.ServerNotReadyException: s0@group-469FBF65F7A7 is not in [RUNNING]: current state is CLOSED
2022-09-20 10:12:53,816 [s1@group-469FBF65F7A7-LeaderElection24] INFO  impl.LeaderElection (LogUtils.java:infoOrTrace(137)) - s1@group-469FBF65F7A7-LeaderElection24 got exception when requesting votes: java.util.concurrent.ExecutionException: org.apache.ratis.thirdparty.io.grpc.StatusRuntimeException: INTERNAL: s0@group-469FBF65F7A7 is not in [RUNNING]: current state is CLOSED
2022-09-20 10:12:53,816 [s1@group-469FBF65F7A7-LeaderElection24] INFO  impl.LeaderElection (LogUtils.java:infoOrTrace(137)) - s1@group-469FBF65F7A7-LeaderElection24 got exception when requesting votes: java.util.concurrent.ExecutionException: org.apache.ratis.thirdparty.io.grpc.StatusRuntimeException: INTERNAL: s2@group-469FBF65F7A7 is not in [RUNNING]: current state is CLOSED
2022-09-20 10:12:53,816 [s1@group-469FBF65F7A7-LeaderElection24] INFO  impl.LeaderElection (LeaderElection.java:logAndReturn(89)) - s1@group-469FBF65F7A7-LeaderElection24: PRE_VOTE REJECTED received 0 response(s) and 2 exception(s):
2022-09-20 10:12:53,816 [s1@group-469FBF65F7A7-LeaderElection24] INFO  impl.LeaderElection (LogUtils.java:infoOrTrace(137)) -   Exception 0: java.util.concurrent.ExecutionException: org.apache.ratis.thirdparty.io.grpc.StatusRuntimeException: INTERNAL: s0@group-469FBF65F7A7 is not in [RUNNING]: current state is CLOSED
2022-09-20 10:12:53,816 [s1@group-469FBF65F7A7-LeaderElection24] INFO  impl.LeaderElection (LogUtils.java:infoOrTrace(137)) -   Exception 1: java.util.concurrent.ExecutionException: org.apache.ratis.thirdparty.io.grpc.StatusRuntimeException: INTERNAL: s2@group-469FBF65F7A7 is not in [RUNNING]: current state is CLOSED
2022-09-20 10:12:53,816 [s1@group-469FBF65F7A7-LeaderElection24] INFO  impl.LeaderElection (LeaderElection.java:askForVotes(310)) - s1@group-469FBF65F7A7-LeaderElection24 PRE_VOTE round 0: result REJECTED
2022-09-20 10:12:53,816 [s1@group-469FBF65F7A7-LeaderElection24] INFO  server.RaftServer$Division (RaftServerImpl.java:setRole(317)) - s1@group-469FBF65F7A7: changes role from CANDIDATE to FOLLOWER at term 2 for REJECTED
2022-09-20 10:12:53,816 [s1@group-469FBF65F7A7-LeaderElection24] INFO  impl.RoleInfo (RoleInfo.java:shutdownLeaderElection(130)) - s1: shutdown s1@group-469FBF65F7A7-LeaderElection24
2022-09-20 10:12:53,816 [s1@group-469FBF65F7A7-LeaderElection24] INFO  impl.RoleInfo (RoleInfo.java:updateAndGet(139)) - s1: start s1@group-469FBF65F7A7-FollowerState
2022-09-20 10:12:54,010 [s1@group-469FBF65F7A7-FollowerState] INFO  impl.FollowerState (FollowerState.java:run(141)) - s1@group-469FBF65F7A7-FollowerState: change to CANDIDATE, lastRpcElapsedTime:194187861ns, electionTimeout:192ms
2022-09-20 10:12:54,011 [s1@group-469FBF65F7A7-FollowerState] INFO  impl.RoleInfo (RoleInfo.java:shutdownFollowerState(110)) - s1: shutdown s1@group-469FBF65F7A7-FollowerState
2022-09-20 10:12:54,011 [s1@group-469FBF65F7A7-FollowerState] INFO  server.RaftServer$Division (RaftServerImpl.java:setRole(317)) - s1@group-469FBF65F7A7: changes role from  FOLLOWER to CANDIDATE at term 2 for changeToCandidate
2022-09-20 10:12:54,011 [s1@group-469FBF65F7A7-FollowerState] INFO  server.RaftServerConfigKeys (ConfUtils.java:logGet(46)) - raft.server.leaderelection.pre-vote = true (default)
2022-09-20 10:12:54,011 [s1@group-469FBF65F7A7-FollowerState] INFO  impl.RoleInfo (RoleInfo.java:updateAndGet(139)) - s1: start s1@group-469FBF65F7A7-LeaderElection25
2022-09-20 10:12:54,011 [s1@group-469FBF65F7A7-LeaderElection25] INFO  impl.LeaderElection (LeaderElection.java:askForVotes(308)) - s1@group-469FBF65F7A7-LeaderElection25 PRE_VOTE round 0: submit vote requests at term 2 for 133: peers:[s0|rpc:localhost:39281|admin:localhost:38455|client:localhost:36053|dataStream:localhost:45769|priority:0|startupRole:FOLLOWER, s1|rpc:localhost:46849|admin:localhost:41515|client:localhost:39119|dataStream:localhost:41703|priority:0|startupRole:FOLLOWER, s2|rpc:localhost:35167|admin:localhost:44965|client:localhost:40979|dataStream:localhost:34151|priority:0|startupRole:FOLLOWER]|listeners:[], old=null
2022-09-20 10:12:54,013 [grpc-default-executor-7] INFO  server.RaftServer$Division (RaftServerImpl.java:requestVote(1281)) - s0@group-469FBF65F7A7: receive requestVote(PRE_VOTE, s1, group-469FBF65F7A7, 2, (t:2, i:134))
2022-09-20 10:12:54,013 [grpc-default-executor-7] WARN  server.GrpcServerProtocolService (LogUtils.java:warn(122)) - s0: Failed requestVote s1->s0#0: org.apache.ratis.protocol.exceptions.ServerNotReadyException: s0@group-469FBF65F7A7 is not in [RUNNING]: current state is CLOSED
2022-09-20 10:12:54,015 [grpc-default-executor-0] INFO  server.RaftServer$Division (RaftServerImpl.java:requestVote(1281)) - s2@group-469FBF65F7A7: receive requestVote(PRE_VOTE, s1, group-469FBF65F7A7, 2, (t:2, i:134))
2022-09-20 10:12:54,015 [grpc-default-executor-0] WARN  server.GrpcServerProtocolService (LogUtils.java:warn(122)) - s2: Failed requestVote s1->s2#0: org.apache.ratis.protocol.exceptions.ServerNotReadyException: s2@group-469FBF65F7A7 is not in [RUNNING]: current state is CLOSED
2022-09-20 10:12:54,016 [s1@group-469FBF65F7A7-LeaderElection25] INFO  impl.LeaderElection (LogUtils.java:infoOrTrace(137)) - s1@group-469FBF65F7A7-LeaderElection25 got exception when requesting votes: java.util.concurrent.ExecutionException: org.apache.ratis.thirdparty.io.grpc.StatusRuntimeException: INTERNAL: s0@group-469FBF65F7A7 is not in [RUNNING]: current state is CLOSED
2022-09-20 10:12:54,017 [s1@group-469FBF65F7A7-LeaderElection25] INFO  impl.LeaderElection (LogUtils.java:infoOrTrace(137)) - s1@group-469FBF65F7A7-LeaderElection25 got exception when requesting votes: java.util.concurrent.ExecutionException: org.apache.ratis.thirdparty.io.grpc.StatusRuntimeException: INTERNAL: s2@group-469FBF65F7A7 is not in [RUNNING]: current state is CLOSED
2022-09-20 10:12:54,017 [s1@group-469FBF65F7A7-LeaderElection25] INFO  impl.LeaderElection (LeaderElection.java:logAndReturn(89)) - s1@group-469FBF65F7A7-LeaderElection25: PRE_VOTE REJECTED received 0 response(s) and 2 exception(s):
2022-09-20 10:12:54,017 [s1@group-469FBF65F7A7-LeaderElection25] INFO  impl.LeaderElection (LogUtils.java:infoOrTrace(137)) -   Exception 0: java.util.concurrent.ExecutionException: org.apache.ratis.thirdparty.io.grpc.StatusRuntimeException: INTERNAL: s0@group-469FBF65F7A7 is not in [RUNNING]: current state is CLOSED
2022-09-20 10:12:54,017 [s1@group-469FBF65F7A7-LeaderElection25] INFO  impl.LeaderElection (LogUtils.java:infoOrTrace(137)) -   Exception 1: java.util.concurrent.ExecutionException: org.apache.ratis.thirdparty.io.grpc.StatusRuntimeException: INTERNAL: s2@group-469FBF65F7A7 is not in [RUNNING]: current state is CLOSED
2022-09-20 10:12:54,017 [s1@group-469FBF65F7A7-LeaderElection25] INFO  impl.LeaderElection (LeaderElection.java:askForVotes(310)) - s1@group-469FBF65F7A7-LeaderElection25 PRE_VOTE round 0: result REJECTED
2022-09-20 10:12:54,017 [s1@group-469FBF65F7A7-LeaderElection25] INFO  server.RaftServer$Division (RaftServerImpl.java:setRole(317)) - s1@group-469FBF65F7A7: changes role from CANDIDATE to FOLLOWER at term 2 for REJECTED
2022-09-20 10:12:54,017 [s1@group-469FBF65F7A7-LeaderElection25] INFO  impl.RoleInfo (RoleInfo.java:shutdownLeaderElection(130)) - s1: shutdown s1@group-469FBF65F7A7-LeaderElection25
2022-09-20 10:12:54,017 [s1@group-469FBF65F7A7-LeaderElection25] INFO  impl.RoleInfo (RoleInfo.java:updateAndGet(139)) - s1: start s1@group-469FBF65F7A7-FollowerState
2022-09-20 10:12:54,183 [null-request--thread1] INFO  server.GrpcClientProtocolService (GrpcClientProtocolService.java:lambda$processClientRequest$0(284)) - Failed RaftClientRequest:client-76B04C62A16F->s1@group-469FBF65F7A7, cid=451, seq=0, RW, Message:6d3635, reply=RaftClientReply:client-76B04C62A16F->s1@group-469FBF65F7A7, cid=451, FAILED org.apache.ratis.protocol.exceptions.NotLeaderException: Server s1@group-469FBF65F7A7 is not the leader, logIndex=0, commits[s1:c133, s0:c130, s2:c133]
2022-09-20 10:12:54,203 [s1@group-469FBF65F7A7-FollowerState] INFO  impl.FollowerState (FollowerState.java:run(141)) - s1@group-469FBF65F7A7-FollowerState: change to CANDIDATE, lastRpcElapsedTime:185316985ns, electionTimeout:185ms
2022-09-20 10:12:54,203 [s1@group-469FBF65F7A7-FollowerState] INFO  impl.RoleInfo (RoleInfo.java:shutdownFollowerState(110)) - s1: shutdown s1@group-469FBF65F7A7-FollowerState
2022-09-20 10:12:54,203 [s1@group-469FBF65F7A7-FollowerState] INFO  server.RaftServer$Division (RaftServerImpl.java:setRole(317)) - s1@group-469FBF65F7A7: changes role from  FOLLOWER to CANDIDATE at term 2 for changeToCandidate
2022-09-20 10:12:54,203 [s1@group-469FBF65F7A7-FollowerState] INFO  server.RaftServerConfigKeys (ConfUtils.java:logGet(46)) - raft.server.leaderelection.pre-vote = true (default)
2022-09-20 10:12:54,203 [s1@group-469FBF65F7A7-FollowerState] INFO  impl.RoleInfo (RoleInfo.java:updateAndGet(139)) - s1: start s1@group-469FBF65F7A7-LeaderElection26
2022-09-20 10:12:54,203 [s1@group-469FBF65F7A7-LeaderElection26] INFO  impl.LeaderElection (LeaderElection.java:askForVotes(308)) - s1@group-469FBF65F7A7-LeaderElection26 PRE_VOTE round 0: submit vote requests at term 2 for 133: peers:[s0|rpc:localhost:39281|admin:localhost:38455|client:localhost:36053|dataStream:localhost:45769|priority:0|startupRole:FOLLOWER, s1|rpc:localhost:46849|admin:localhost:41515|client:localhost:39119|dataStream:localhost:41703|priority:0|startupRole:FOLLOWER, s2|rpc:localhost:35167|admin:localhost:44965|client:localhost:40979|dataStream:localhost:34151|priority:0|startupRole:FOLLOWER]|listeners:[], old=null
2022-09-20 10:12:54,205 [grpc-default-executor-7] INFO  server.RaftServer$Division (RaftServerImpl.java:requestVote(1281)) - s0@group-469FBF65F7A7: receive requestVote(PRE_VOTE, s1, group-469FBF65F7A7, 2, (t:2, i:134))
2022-09-20 10:12:54,205 [grpc-default-executor-7] WARN  server.GrpcServerProtocolService (LogUtils.java:warn(122)) - s0: Failed requestVote s1->s0#0: org.apache.ratis.protocol.exceptions.ServerNotReadyException: s0@group-469FBF65F7A7 is not in [RUNNING]: current state is CLOSED
2022-09-20 10:12:54,206 [grpc-default-executor-0] INFO  server.RaftServer$Division (RaftServerImpl.java:requestVote(1281)) - s2@group-469FBF65F7A7: receive requestVote(PRE_VOTE, s1, group-469FBF65F7A7, 2, (t:2, i:134))
2022-09-20 10:12:54,206 [grpc-default-executor-0] WARN  server.GrpcServerProtocolService (LogUtils.java:warn(122)) - s2: Failed requestVote s1->s2#0: org.apache.ratis.protocol.exceptions.ServerNotReadyException: s2@group-469FBF65F7A7 is not in [RUNNING]: current state is CLOSED
2022-09-20 10:12:54,209 [s1@group-469FBF65F7A7-LeaderElection26] INFO  impl.LeaderElection (LogUtils.java:infoOrTrace(137)) - s1@group-469FBF65F7A7-LeaderElection26 got exception when requesting votes: java.util.concurrent.ExecutionException: org.apache.ratis.thirdparty.io.grpc.StatusRuntimeException: INTERNAL: s0@group-469FBF65F7A7 is not in [RUNNING]: current state is CLOSED
2022-09-20 10:12:54,209 [s1@group-469FBF65F7A7-LeaderElection26] INFO  impl.LeaderElection (LogUtils.java:infoOrTrace(137)) - s1@group-469FBF65F7A7-LeaderElection26 got exception when requesting votes: java.util.concurrent.ExecutionException: org.apache.ratis.thirdparty.io.grpc.StatusRuntimeException: INTERNAL: s2@group-469FBF65F7A7 is not in [RUNNING]: current state is CLOSED
2022-09-20 10:12:54,209 [s1@group-469FBF65F7A7-LeaderElection26] INFO  impl.LeaderElection (LeaderElection.java:logAndReturn(89)) - s1@group-469FBF65F7A7-LeaderElection26: PRE_VOTE REJECTED received 0 response(s) and 2 exception(s):
2022-09-20 10:12:54,209 [s1@group-469FBF65F7A7-LeaderElection26] INFO  impl.LeaderElection (LogUtils.java:infoOrTrace(137)) -   Exception 0: java.util.concurrent.ExecutionException: org.apache.ratis.thirdparty.io.grpc.StatusRuntimeException: INTERNAL: s0@group-469FBF65F7A7 is not in [RUNNING]: current state is CLOSED
2022-09-20 10:12:54,209 [s1@group-469FBF65F7A7-LeaderElection26] INFO  impl.LeaderElection (LogUtils.java:infoOrTrace(137)) -   Exception 1: java.util.concurrent.ExecutionException: org.apache.ratis.thirdparty.io.grpc.StatusRuntimeException: INTERNAL: s2@group-469FBF65F7A7 is not in [RUNNING]: current state is CLOSED
2022-09-20 10:12:54,209 [s1@group-469FBF65F7A7-LeaderElection26] INFO  impl.LeaderElection (LeaderElection.java:askForVotes(310)) - s1@group-469FBF65F7A7-LeaderElection26 PRE_VOTE round 0: result REJECTED
2022-09-20 10:12:54,210 [s1@group-469FBF65F7A7-LeaderElection26] INFO  server.RaftServer$Division (RaftServerImpl.java:setRole(317)) - s1@group-469FBF65F7A7: changes role from CANDIDATE to FOLLOWER at term 2 for REJECTED
2022-09-20 10:12:54,210 [s1@group-469FBF65F7A7-LeaderElection26] INFO  impl.RoleInfo (RoleInfo.java:shutdownLeaderElection(130)) - s1: shutdown s1@group-469FBF65F7A7-LeaderElection26
2022-09-20 10:12:54,210 [s1@group-469FBF65F7A7-LeaderElection26] INFO  impl.RoleInfo (RoleInfo.java:updateAndGet(139)) - s1: start s1@group-469FBF65F7A7-FollowerState
2022-09-20 10:12:54,376 [s1@group-469FBF65F7A7-FollowerState] INFO  impl.FollowerState (FollowerState.java:run(141)) - s1@group-469FBF65F7A7-FollowerState: change to CANDIDATE, lastRpcElapsedTime:166447509ns, electionTimeout:166ms
2022-09-20 10:12:54,376 [s1@group-469FBF65F7A7-FollowerState] INFO  impl.RoleInfo (RoleInfo.java:shutdownFollowerState(110)) - s1: shutdown s1@group-469FBF65F7A7-FollowerState
2022-09-20 10:12:54,376 [s1@group-469FBF65F7A7-FollowerState] INFO  server.RaftServer$Division (RaftServerImpl.java:setRole(317)) - s1@group-469FBF65F7A7: changes role from  FOLLOWER to CANDIDATE at term 2 for changeToCandidate
2022-09-20 10:12:54,377 [s1@group-469FBF65F7A7-FollowerState] INFO  server.RaftServerConfigKeys (ConfUtils.java:logGet(46)) - raft.server.leaderelection.pre-vote = true (default)
2022-09-20 10:12:54,377 [s1@group-469FBF65F7A7-FollowerState] INFO  impl.RoleInfo (RoleInfo.java:updateAndGet(139)) - s1: start s1@group-469FBF65F7A7-LeaderElection27
2022-09-20 10:12:54,377 [s1@group-469FBF65F7A7-LeaderElection27] INFO  impl.LeaderElection (LeaderElection.java:askForVotes(308)) - s1@group-469FBF65F7A7-LeaderElection27 PRE_VOTE round 0: submit vote requests at term 2 for 133: peers:[s0|rpc:localhost:39281|admin:localhost:38455|client:localhost:36053|dataStream:localhost:45769|priority:0|startupRole:FOLLOWER, s1|rpc:localhost:46849|admin:localhost:41515|client:localhost:39119|dataStream:localhost:41703|priority:0|startupRole:FOLLOWER, s2|rpc:localhost:35167|admin:localhost:44965|client:localhost:40979|dataStream:localhost:34151|priority:0|startupRole:FOLLOWER]|listeners:[], old=null
2022-09-20 10:12:54,378 [grpc-default-executor-7] INFO  server.RaftServer$Division (RaftServerImpl.java:requestVote(1281)) - s0@group-469FBF65F7A7: receive requestVote(PRE_VOTE, s1, group-469FBF65F7A7, 2, (t:2, i:134))
2022-09-20 10:12:54,378 [grpc-default-executor-7] WARN  server.GrpcServerProtocolService (LogUtils.java:warn(122)) - s0: Failed requestVote s1->s0#0: org.apache.ratis.protocol.exceptions.ServerNotReadyException: s0@group-469FBF65F7A7 is not in [RUNNING]: current state is CLOSED
2022-09-20 10:12:54,380 [grpc-default-executor-7] INFO  server.RaftServer$Division (RaftServerImpl.java:requestVote(1281)) - s2@group-469FBF65F7A7: receive requestVote(PRE_VOTE, s1, group-469FBF65F7A7, 2, (t:2, i:134))
2022-09-20 10:12:54,380 [s1@group-469FBF65F7A7-LeaderElection27] INFO  impl.LeaderElection (LogUtils.java:infoOrTrace(137)) - s1@group-469FBF65F7A7-LeaderElection27 got exception when requesting votes: java.util.concurrent.ExecutionException: org.apache.ratis.thirdparty.io.grpc.StatusRuntimeException: INTERNAL: s0@group-469FBF65F7A7 is not in [RUNNING]: current state is CLOSED
2022-09-20 10:12:54,380 [grpc-default-executor-7] WARN  server.GrpcServerProtocolService (LogUtils.java:warn(122)) - s2: Failed requestVote s1->s2#0: org.apache.ratis.protocol.exceptions.ServerNotReadyException: s2@group-469FBF65F7A7 is not in [RUNNING]: current state is CLOSED
2022-09-20 10:12:54,382 [s1@group-469FBF65F7A7-LeaderElection27] INFO  impl.LeaderElection (LogUtils.java:infoOrTrace(137)) - s1@group-469FBF65F7A7-LeaderElection27 got exception when requesting votes: java.util.concurrent.ExecutionException: org.apache.ratis.thirdparty.io.grpc.StatusRuntimeException: INTERNAL: s2@group-469FBF65F7A7 is not in [RUNNING]: current state is CLOSED
2022-09-20 10:12:54,382 [s1@group-469FBF65F7A7-LeaderElection27] INFO  impl.LeaderElection (LeaderElection.java:logAndReturn(89)) - s1@group-469FBF65F7A7-LeaderElection27: PRE_VOTE REJECTED received 0 response(s) and 2 exception(s):
2022-09-20 10:12:54,382 [s1@group-469FBF65F7A7-LeaderElection27] INFO  impl.LeaderElection (LogUtils.java:infoOrTrace(137)) -   Exception 0: java.util.concurrent.ExecutionException: org.apache.ratis.thirdparty.io.grpc.StatusRuntimeException: INTERNAL: s0@group-469FBF65F7A7 is not in [RUNNING]: current state is CLOSED
2022-09-20 10:12:54,382 [s1@group-469FBF65F7A7-LeaderElection27] INFO  impl.LeaderElection (LogUtils.java:infoOrTrace(137)) -   Exception 1: java.util.concurrent.ExecutionException: org.apache.ratis.thirdparty.io.grpc.StatusRuntimeException: INTERNAL: s2@group-469FBF65F7A7 is not in [RUNNING]: current state is CLOSED
2022-09-20 10:12:54,382 [s1@group-469FBF65F7A7-LeaderElection27] INFO  impl.LeaderElection (LeaderElection.java:askForVotes(310)) - s1@group-469FBF65F7A7-LeaderElection27 PRE_VOTE round 0: result REJECTED
2022-09-20 10:12:54,382 [s1@group-469FBF65F7A7-LeaderElection27] INFO  server.RaftServer$Division (RaftServerImpl.java:setRole(317)) - s1@group-469FBF65F7A7: changes role from CANDIDATE to FOLLOWER at term 2 for REJECTED
2022-09-20 10:12:54,382 [s1@group-469FBF65F7A7-LeaderElection27] INFO  impl.RoleInfo (RoleInfo.java:shutdownLeaderElection(130)) - s1: shutdown s1@group-469FBF65F7A7-LeaderElection27
2022-09-20 10:12:54,382 [s1@group-469FBF65F7A7-LeaderElection27] INFO  impl.RoleInfo (RoleInfo.java:updateAndGet(139)) - s1: start s1@group-469FBF65F7A7-FollowerState
2022-09-20 10:12:54,396 [null-request--thread1] INFO  server.GrpcClientProtocolService (GrpcClientProtocolService.java:lambda$processClientRequest$0(284)) - Failed RaftClientRequest:client-76B04C62A16F->s1@group-469FBF65F7A7, cid=451, seq=0, RW, Message:6d3635, reply=RaftClientReply:client-76B04C62A16F->s1@group-469FBF65F7A7, cid=451, FAILED org.apache.ratis.protocol.exceptions.NotLeaderException: Server s1@group-469FBF65F7A7 is not the leader, logIndex=0, commits[s1:c133, s0:c130, s2:c133]
2022-09-20 10:12:54,534 [s1@group-469FBF65F7A7-FollowerState] INFO  impl.FollowerState (FollowerState.java:run(141)) - s1@group-469FBF65F7A7-FollowerState: change to CANDIDATE, lastRpcElapsedTime:151537113ns, electionTimeout:151ms
2022-09-20 10:12:54,534 [s1@group-469FBF65F7A7-FollowerState] INFO  impl.RoleInfo (RoleInfo.java:shutdownFollowerState(110)) - s1: shutdown s1@group-469FBF65F7A7-FollowerState
2022-09-20 10:12:54,534 [s1@group-469FBF65F7A7-FollowerState] INFO  server.RaftServer$Division (RaftServerImpl.java:setRole(317)) - s1@group-469FBF65F7A7: changes role from  FOLLOWER to CANDIDATE at term 2 for changeToCandidate
2022-09-20 10:12:54,534 [s1@group-469FBF65F7A7-FollowerState] INFO  server.RaftServerConfigKeys (ConfUtils.java:logGet(46)) - raft.server.leaderelection.pre-vote = true (default)
2022-09-20 10:12:54,534 [s1@group-469FBF65F7A7-FollowerState] INFO  impl.RoleInfo (RoleInfo.java:updateAndGet(139)) - s1: start s1@group-469FBF65F7A7-LeaderElection28
2022-09-20 10:12:54,534 [s1@group-469FBF65F7A7-LeaderElection28] INFO  impl.LeaderElection (LeaderElection.java:askForVotes(308)) - s1@group-469FBF65F7A7-LeaderElection28 PRE_VOTE round 0: submit vote requests at term 2 for 133: peers:[s0|rpc:localhost:39281|admin:localhost:38455|client:localhost:36053|dataStream:localhost:45769|priority:0|startupRole:FOLLOWER, s1|rpc:localhost:46849|admin:localhost:41515|client:localhost:39119|dataStream:localhost:41703|priority:0|startupRole:FOLLOWER, s2|rpc:localhost:35167|admin:localhost:44965|client:localhost:40979|dataStream:localhost:34151|priority:0|startupRole:FOLLOWER]|listeners:[], old=null
2022-09-20 10:12:54,537 [grpc-default-executor-7] INFO  server.RaftServer$Division (RaftServerImpl.java:requestVote(1281)) - s2@group-469FBF65F7A7: receive requestVote(PRE_VOTE, s1, group-469FBF65F7A7, 2, (t:2, i:134))
2022-09-20 10:12:54,537 [grpc-default-executor-7] WARN  server.GrpcServerProtocolService (LogUtils.java:warn(122)) - s2: Failed requestVote s1->s2#0: org.apache.ratis.protocol.exceptions.ServerNotReadyException: s2@group-469FBF65F7A7 is not in [RUNNING]: current state is CLOSED
2022-09-20 10:12:54,538 [s1@group-469FBF65F7A7-LeaderElection28] INFO  impl.LeaderElection (LogUtils.java:infoOrTrace(137)) - s1@group-469FBF65F7A7-LeaderElection28 got exception when requesting votes: java.util.concurrent.ExecutionException: org.apache.ratis.thirdparty.io.grpc.StatusRuntimeException: INTERNAL: s2@group-469FBF65F7A7 is not in [RUNNING]: current state is CLOSED
2022-09-20 10:12:54,539 [grpc-default-executor-7] INFO  server.RaftServer$Division (RaftServerImpl.java:requestVote(1281)) - s0@group-469FBF65F7A7: receive requestVote(PRE_VOTE, s1, group-469FBF65F7A7, 2, (t:2, i:134))
2022-09-20 10:12:54,539 [grpc-default-executor-7] WARN  server.GrpcServerProtocolService (LogUtils.java:warn(122)) - s0: Failed requestVote s1->s0#0: org.apache.ratis.protocol.exceptions.ServerNotReadyException: s0@group-469FBF65F7A7 is not in [RUNNING]: current state is CLOSED
2022-09-20 10:12:54,540 [s1@group-469FBF65F7A7-LeaderElection28] INFO  impl.LeaderElection (LogUtils.java:infoOrTrace(137)) - s1@group-469FBF65F7A7-LeaderElection28 got exception when requesting votes: java.util.concurrent.ExecutionException: org.apache.ratis.thirdparty.io.grpc.StatusRuntimeException: INTERNAL: s0@group-469FBF65F7A7 is not in [RUNNING]: current state is CLOSED
2022-09-20 10:12:54,540 [s1@group-469FBF65F7A7-LeaderElection28] INFO  impl.LeaderElection (LeaderElection.java:logAndReturn(89)) - s1@group-469FBF65F7A7-LeaderElection28: PRE_VOTE REJECTED received 0 response(s) and 2 exception(s):
2022-09-20 10:12:54,540 [s1@group-469FBF65F7A7-LeaderElection28] INFO  impl.LeaderElection (LogUtils.java:infoOrTrace(137)) -   Exception 0: java.util.concurrent.ExecutionException: org.apache.ratis.thirdparty.io.grpc.StatusRuntimeException: INTERNAL: s2@group-469FBF65F7A7 is not in [RUNNING]: current state is CLOSED
2022-09-20 10:12:54,540 [s1@group-469FBF65F7A7-LeaderElection28] INFO  impl.LeaderElection (LogUtils.java:infoOrTrace(137)) -   Exception 1: java.util.concurrent.ExecutionException: org.apache.ratis.thirdparty.io.grpc.StatusRuntimeException: INTERNAL: s0@group-469FBF65F7A7 is not in [RUNNING]: current state is CLOSED
2022-09-20 10:12:54,540 [s1@group-469FBF65F7A7-LeaderElection28] INFO  impl.LeaderElection (LeaderElection.java:askForVotes(310)) - s1@group-469FBF65F7A7-LeaderElection28 PRE_VOTE round 0: result REJECTED
2022-09-20 10:12:54,540 [s1@group-469FBF65F7A7-LeaderElection28] INFO  server.RaftServer$Division (RaftServerImpl.java:setRole(317)) - s1@group-469FBF65F7A7: changes role from CANDIDATE to FOLLOWER at term 2 for REJECTED
2022-09-20 10:12:54,540 [s1@group-469FBF65F7A7-LeaderElection28] INFO  impl.RoleInfo (RoleInfo.java:shutdownLeaderElection(130)) - s1: shutdown s1@group-469FBF65F7A7-LeaderElection28
2022-09-20 10:12:54,540 [s1@group-469FBF65F7A7-LeaderElection28] INFO  impl.RoleInfo (RoleInfo.java:updateAndGet(139)) - s1: start s1@group-469FBF65F7A7-FollowerState
2022-09-20 10:12:54,731 [s1@group-469FBF65F7A7-FollowerState] INFO  impl.FollowerState (FollowerState.java:run(141)) - s1@group-469FBF65F7A7-FollowerState: change to CANDIDATE, lastRpcElapsedTime:190383185ns, electionTimeout:190ms
2022-09-20 10:12:54,731 [s1@group-469FBF65F7A7-FollowerState] INFO  impl.RoleInfo (RoleInfo.java:shutdownFollowerState(110)) - s1: shutdown s1@group-469FBF65F7A7-FollowerState
2022-09-20 10:12:54,731 [s1@group-469FBF65F7A7-FollowerState] INFO  server.RaftServer$Division (RaftServerImpl.java:setRole(317)) - s1@group-469FBF65F7A7: changes role from  FOLLOWER to CANDIDATE at term 2 for changeToCandidate
2022-09-20 10:12:54,731 [s1@group-469FBF65F7A7-FollowerState] INFO  server.RaftServerConfigKeys (ConfUtils.java:logGet(46)) - raft.server.leaderelection.pre-vote = true (default)
2022-09-20 10:12:54,731 [s1@group-469FBF65F7A7-FollowerState] INFO  impl.RoleInfo (RoleInfo.java:updateAndGet(139)) - s1: start s1@group-469FBF65F7A7-LeaderElection29
2022-09-20 10:12:54,735 [s1@group-469FBF65F7A7-LeaderElection29] INFO  impl.LeaderElection (LeaderElection.java:askForVotes(308)) - s1@group-469FBF65F7A7-LeaderElection29 PRE_VOTE round 0: submit vote requests at term 2 for 133: peers:[s0|rpc:localhost:39281|admin:localhost:38455|client:localhost:36053|dataStream:localhost:45769|priority:0|startupRole:FOLLOWER, s1|rpc:localhost:46849|admin:localhost:41515|client:localhost:39119|dataStream:localhost:41703|priority:0|startupRole:FOLLOWER, s2|rpc:localhost:35167|admin:localhost:44965|client:localhost:40979|dataStream:localhost:34151|priority:0|startupRole:FOLLOWER]|listeners:[], old=null
2022-09-20 10:12:54,736 [grpc-default-executor-1] INFO  server.RaftServer$Division (RaftServerImpl.java:requestVote(1281)) - s2@group-469FBF65F7A7: receive requestVote(PRE_VOTE, s1, group-469FBF65F7A7, 2, (t:2, i:134))
2022-09-20 10:12:54,736 [grpc-default-executor-1] WARN  server.GrpcServerProtocolService (LogUtils.java:warn(122)) - s2: Failed requestVote s1->s2#0: org.apache.ratis.protocol.exceptions.ServerNotReadyException: s2@group-469FBF65F7A7 is not in [RUNNING]: current state is CLOSED
2022-09-20 10:12:54,737 [grpc-default-executor-1] INFO  server.RaftServer$Division (RaftServerImpl.java:requestVote(1281)) - s0@group-469FBF65F7A7: receive requestVote(PRE_VOTE, s1, group-469FBF65F7A7, 2, (t:2, i:134))
2022-09-20 10:12:54,737 [grpc-default-executor-1] WARN  server.GrpcServerProtocolService (LogUtils.java:warn(122)) - s0: Failed requestVote s1->s0#0: org.apache.ratis.protocol.exceptions.ServerNotReadyException: s0@group-469FBF65F7A7 is not in [RUNNING]: current state is CLOSED
2022-09-20 10:12:54,738 [s1@group-469FBF65F7A7-LeaderElection29] INFO  impl.LeaderElection (LogUtils.java:infoOrTrace(137)) - s1@group-469FBF65F7A7-LeaderElection29 got exception when requesting votes: java.util.concurrent.ExecutionException: org.apache.ratis.thirdparty.io.grpc.StatusRuntimeException: INTERNAL: s2@group-469FBF65F7A7 is not in [RUNNING]: current state is CLOSED
2022-09-20 10:12:54,739 [s1@group-469FBF65F7A7-LeaderElection29] INFO  impl.LeaderElection (LogUtils.java:infoOrTrace(137)) - s1@group-469FBF65F7A7-LeaderElection29 got exception when requesting votes: java.util.concurrent.ExecutionException: org.apache.ratis.thirdparty.io.grpc.StatusRuntimeException: INTERNAL: s0@group-469FBF65F7A7 is not in [RUNNING]: current state is CLOSED
2022-09-20 10:12:54,739 [s1@group-469FBF65F7A7-LeaderElection29] INFO  impl.LeaderElection (LeaderElection.java:logAndReturn(89)) - s1@group-469FBF65F7A7-LeaderElection29: PRE_VOTE REJECTED received 0 response(s) and 2 exception(s):
2022-09-20 10:12:54,739 [s1@group-469FBF65F7A7-LeaderElection29] INFO  impl.LeaderElection (LogUtils.java:infoOrTrace(137)) -   Exception 0: java.util.concurrent.ExecutionException: org.apache.ratis.thirdparty.io.grpc.StatusRuntimeException: INTERNAL: s2@group-469FBF65F7A7 is not in [RUNNING]: current state is CLOSED
2022-09-20 10:12:54,739 [s1@group-469FBF65F7A7-LeaderElection29] INFO  impl.LeaderElection (LogUtils.java:infoOrTrace(137)) -   Exception 1: java.util.concurrent.ExecutionException: org.apache.ratis.thirdparty.io.grpc.StatusRuntimeException: INTERNAL: s0@group-469FBF65F7A7 is not in [RUNNING]: current state is CLOSED
2022-09-20 10:12:54,739 [s1@group-469FBF65F7A7-LeaderElection29] INFO  impl.LeaderElection (LeaderElection.java:askForVotes(310)) - s1@group-469FBF65F7A7-LeaderElection29 PRE_VOTE round 0: result REJECTED
2022-09-20 10:12:54,740 [s1@group-469FBF65F7A7-LeaderElection29] INFO  server.RaftServer$Division (RaftServerImpl.java:setRole(317)) - s1@group-469FBF65F7A7: changes role from CANDIDATE to FOLLOWER at term 2 for REJECTED
2022-09-20 10:12:54,740 [s1@group-469FBF65F7A7-LeaderElection29] INFO  impl.RoleInfo (RoleInfo.java:shutdownLeaderElection(130)) - s1: shutdown s1@group-469FBF65F7A7-LeaderElection29
2022-09-20 10:12:54,740 [s1@group-469FBF65F7A7-LeaderElection29] INFO  impl.RoleInfo (RoleInfo.java:updateAndGet(139)) - s1: start s1@group-469FBF65F7A7-FollowerState
2022-09-20 10:12:54,951 [null-request--thread1] INFO  server.GrpcClientProtocolService (GrpcClientProtocolService.java:lambda$processClientRequest$0(284)) - Failed RaftClientRequest:client-76B04C62A16F->s1@group-469FBF65F7A7, cid=451, seq=0, RW, Message:6d3635, reply=RaftClientReply:client-76B04C62A16F->s1@group-469FBF65F7A7, cid=451, FAILED org.apache.ratis.protocol.exceptions.NotLeaderException: Server s1@group-469FBF65F7A7 is not the leader, logIndex=0, commits[s1:c133, s0:c130, s2:c133]
2022-09-20 10:12:54,956 [s1@group-469FBF65F7A7-FollowerState] INFO  impl.FollowerState (FollowerState.java:run(141)) - s1@group-469FBF65F7A7-FollowerState: change to CANDIDATE, lastRpcElapsedTime:216660308ns, electionTimeout:215ms
2022-09-20 10:12:54,956 [s1@group-469FBF65F7A7-FollowerState] INFO  impl.RoleInfo (RoleInfo.java:shutdownFollowerState(110)) - s1: shutdown s1@group-469FBF65F7A7-FollowerState
2022-09-20 10:12:54,956 [s1@group-469FBF65F7A7-FollowerState] INFO  server.RaftServer$Division (RaftServerImpl.java:setRole(317)) - s1@group-469FBF65F7A7: changes role from  FOLLOWER to CANDIDATE at term 2 for changeToCandidate
2022-09-20 10:12:54,957 [s1@group-469FBF65F7A7-FollowerState] INFO  server.RaftServerConfigKeys (ConfUtils.java:logGet(46)) - raft.server.leaderelection.pre-vote = true (default)
2022-09-20 10:12:54,957 [s1@group-469FBF65F7A7-FollowerState] INFO  impl.RoleInfo (RoleInfo.java:updateAndGet(139)) - s1: start s1@group-469FBF65F7A7-LeaderElection30
2022-09-20 10:12:54,957 [s1@group-469FBF65F7A7-LeaderElection30] INFO  impl.LeaderElection (LeaderElection.java:askForVotes(308)) - s1@group-469FBF65F7A7-LeaderElection30 PRE_VOTE round 0: submit vote requests at term 2 for 133: peers:[s0|rpc:localhost:39281|admin:localhost:38455|client:localhost:36053|dataStream:localhost:45769|priority:0|startupRole:FOLLOWER, s1|rpc:localhost:46849|admin:localhost:41515|client:localhost:39119|dataStream:localhost:41703|priority:0|startupRole:FOLLOWER, s2|rpc:localhost:35167|admin:localhost:44965|client:localhost:40979|dataStream:localhost:34151|priority:0|startupRole:FOLLOWER]|listeners:[], old=null
2022-09-20 10:12:54,958 [grpc-default-executor-8] INFO  server.RaftServer$Division (RaftServerImpl.java:requestVote(1281)) - s0@group-469FBF65F7A7: receive requestVote(PRE_VOTE, s1, group-469FBF65F7A7, 2, (t:2, i:134))
2022-09-20 10:12:54,959 [grpc-default-executor-8] WARN  server.GrpcServerProtocolService (LogUtils.java:warn(122)) - s0: Failed requestVote s1->s0#0: org.apache.ratis.protocol.exceptions.ServerNotReadyException: s0@group-469FBF65F7A7 is not in [RUNNING]: current state is CLOSED
2022-09-20 10:12:54,959 [s1@group-469FBF65F7A7-LeaderElection30] INFO  impl.LeaderElection (LogUtils.java:infoOrTrace(137)) - s1@group-469FBF65F7A7-LeaderElection30 got exception when requesting votes: java.util.concurrent.ExecutionException: org.apache.ratis.thirdparty.io.grpc.StatusRuntimeException: INTERNAL: s0@group-469FBF65F7A7 is not in [RUNNING]: current state is CLOSED
2022-09-20 10:12:54,960 [grpc-default-executor-0] INFO  server.RaftServer$Division (RaftServerImpl.java:requestVote(1281)) - s2@group-469FBF65F7A7: receive requestVote(PRE_VOTE, s1, group-469FBF65F7A7, 2, (t:2, i:134))
2022-09-20 10:12:54,960 [grpc-default-executor-0] WARN  server.GrpcServerProtocolService (LogUtils.java:warn(122)) - s2: Failed requestVote s1->s2#0: org.apache.ratis.protocol.exceptions.ServerNotReadyException: s2@group-469FBF65F7A7 is not in [RUNNING]: current state is CLOSED
2022-09-20 10:12:54,961 [s1@group-469FBF65F7A7-LeaderElection30] INFO  impl.LeaderElection (LogUtils.java:infoOrTrace(137)) - s1@group-469FBF65F7A7-LeaderElection30 got exception when requesting votes: java.util.concurrent.ExecutionException: org.apache.ratis.thirdparty.io.grpc.StatusRuntimeException: INTERNAL: s2@group-469FBF65F7A7 is not in [RUNNING]: current state is CLOSED
2022-09-20 10:12:54,961 [s1@group-469FBF65F7A7-LeaderElection30] INFO  impl.LeaderElection (LeaderElection.java:logAndReturn(89)) - s1@group-469FBF65F7A7-LeaderElection30: PRE_VOTE REJECTED received 0 response(s) and 2 exception(s):
2022-09-20 10:12:54,961 [s1@group-469FBF65F7A7-LeaderElection30] INFO  impl.LeaderElection (LogUtils.java:infoOrTrace(137)) -   Exception 0: java.util.concurrent.ExecutionException: org.apache.ratis.thirdparty.io.grpc.StatusRuntimeException: INTERNAL: s0@group-469FBF65F7A7 is not in [RUNNING]: current state is CLOSED
2022-09-20 10:12:54,961 [s1@group-469FBF65F7A7-LeaderElection30] INFO  impl.LeaderElection (LogUtils.java:infoOrTrace(137)) -   Exception 1: java.util.concurrent.ExecutionException: org.apache.ratis.thirdparty.io.grpc.StatusRuntimeException: INTERNAL: s2@group-469FBF65F7A7 is not in [RUNNING]: current state is CLOSED
2022-09-20 10:12:54,961 [s1@group-469FBF65F7A7-LeaderElection30] INFO  impl.LeaderElection (LeaderElection.java:askForVotes(310)) - s1@group-469FBF65F7A7-LeaderElection30 PRE_VOTE round 0: result REJECTED
2022-09-20 10:12:54,961 [s1@group-469FBF65F7A7-LeaderElection30] INFO  server.RaftServer$Division (RaftServerImpl.java:setRole(317)) - s1@group-469FBF65F7A7: changes role from CANDIDATE to FOLLOWER at term 2 for REJECTED
2022-09-20 10:12:54,961 [s1@group-469FBF65F7A7-LeaderElection30] INFO  impl.RoleInfo (RoleInfo.java:shutdownLeaderElection(130)) - s1: shutdown s1@group-469FBF65F7A7-LeaderElection30
2022-09-20 10:12:54,961 [s1@group-469FBF65F7A7-LeaderElection30] INFO  impl.RoleInfo (RoleInfo.java:updateAndGet(139)) - s1: start s1@group-469FBF65F7A7-FollowerState
2022-09-20 10:12:55,193 [s1@group-469FBF65F7A7-FollowerState] INFO  impl.FollowerState (FollowerState.java:run(141)) - s1@group-469FBF65F7A7-FollowerState: change to CANDIDATE, lastRpcElapsedTime:231908111ns, electionTimeout:230ms
2022-09-20 10:12:55,193 [s1@group-469FBF65F7A7-FollowerState] INFO  impl.RoleInfo (RoleInfo.java:shutdownFollowerState(110)) - s1: shutdown s1@group-469FBF65F7A7-FollowerState
2022-09-20 10:12:55,193 [s1@group-469FBF65F7A7-FollowerState] INFO  server.RaftServer$Division (RaftServerImpl.java:setRole(317)) - s1@group-469FBF65F7A7: changes role from  FOLLOWER to CANDIDATE at term 2 for changeToCandidate
2022-09-20 10:12:55,193 [s1@group-469FBF65F7A7-FollowerState] INFO  server.RaftServerConfigKeys (ConfUtils.java:logGet(46)) - raft.server.leaderelection.pre-vote = true (default)
2022-09-20 10:12:55,193 [s1@group-469FBF65F7A7-FollowerState] INFO  impl.RoleInfo (RoleInfo.java:updateAndGet(139)) - s1: start s1@group-469FBF65F7A7-LeaderElection31
2022-09-20 10:12:55,193 [s1@group-469FBF65F7A7-LeaderElection31] INFO  impl.LeaderElection (LeaderElection.java:askForVotes(308)) - s1@group-469FBF65F7A7-LeaderElection31 PRE_VOTE round 0: submit vote requests at term 2 for 133: peers:[s0|rpc:localhost:39281|admin:localhost:38455|client:localhost:36053|dataStream:localhost:45769|priority:0|startupRole:FOLLOWER, s1|rpc:localhost:46849|admin:localhost:41515|client:localhost:39119|dataStream:localhost:41703|priority:0|startupRole:FOLLOWER, s2|rpc:localhost:35167|admin:localhost:44965|client:localhost:40979|dataStream:localhost:34151|priority:0|startupRole:FOLLOWER]|listeners:[], old=null
2022-09-20 10:12:55,195 [grpc-default-executor-0] INFO  server.RaftServer$Division (RaftServerImpl.java:requestVote(1281)) - s2@group-469FBF65F7A7: receive requestVote(PRE_VOTE, s1, group-469FBF65F7A7, 2, (t:2, i:134))
2022-09-20 10:12:55,195 [grpc-default-executor-0] WARN  server.GrpcServerProtocolService (LogUtils.java:warn(122)) - s2: Failed requestVote s1->s2#0: org.apache.ratis.protocol.exceptions.ServerNotReadyException: s2@group-469FBF65F7A7 is not in [RUNNING]: current state is CLOSED
2022-09-20 10:12:55,195 [grpc-default-executor-0] INFO  server.RaftServer$Division (RaftServerImpl.java:requestVote(1281)) - s0@group-469FBF65F7A7: receive requestVote(PRE_VOTE, s1, group-469FBF65F7A7, 2, (t:2, i:134))
2022-09-20 10:12:55,195 [grpc-default-executor-0] WARN  server.GrpcServerProtocolService (LogUtils.java:warn(122)) - s0: Failed requestVote s1->s0#0: org.apache.ratis.protocol.exceptions.ServerNotReadyException: s0@group-469FBF65F7A7 is not in [RUNNING]: current state is CLOSED
2022-09-20 10:12:55,199 [s1@group-469FBF65F7A7-LeaderElection31] INFO  impl.LeaderElection (LogUtils.java:infoOrTrace(137)) - s1@group-469FBF65F7A7-LeaderElection31 got exception when requesting votes: java.util.concurrent.ExecutionException: org.apache.ratis.thirdparty.io.grpc.StatusRuntimeException: INTERNAL: s2@group-469FBF65F7A7 is not in [RUNNING]: current state is CLOSED
2022-09-20 10:12:55,202 [s1@group-469FBF65F7A7-LeaderElection31] INFO  impl.LeaderElection (LogUtils.java:infoOrTrace(137)) - s1@group-469FBF65F7A7-LeaderElection31 got exception when requesting votes: java.util.concurrent.ExecutionException: org.apache.ratis.thirdparty.io.grpc.StatusRuntimeException: INTERNAL: s0@group-469FBF65F7A7 is not in [RUNNING]: current state is CLOSED
2022-09-20 10:12:55,203 [s1@group-469FBF65F7A7-LeaderElection31] INFO  impl.LeaderElection (LeaderElection.java:logAndReturn(89)) - s1@group-469FBF65F7A7-LeaderElection31: PRE_VOTE REJECTED received 0 response(s) and 2 exception(s):
2022-09-20 10:12:55,203 [s1@group-469FBF65F7A7-LeaderElection31] INFO  impl.LeaderElection (LogUtils.java:infoOrTrace(137)) -   Exception 0: java.util.concurrent.ExecutionException: org.apache.ratis.thirdparty.io.grpc.StatusRuntimeException: INTERNAL: s2@group-469FBF65F7A7 is not in [RUNNING]: current state is CLOSED
2022-09-20 10:12:55,203 [s1@group-469FBF65F7A7-LeaderElection31] INFO  impl.LeaderElection (LogUtils.java:infoOrTrace(137)) -   Exception 1: java.util.concurrent.ExecutionException: org.apache.ratis.thirdparty.io.grpc.StatusRuntimeException: INTERNAL: s0@group-469FBF65F7A7 is not in [RUNNING]: current state is CLOSED
2022-09-20 10:12:55,203 [s1@group-469FBF65F7A7-LeaderElection31] INFO  impl.LeaderElection (LeaderElection.java:askForVotes(310)) - s1@group-469FBF65F7A7-LeaderElection31 PRE_VOTE round 0: result REJECTED
2022-09-20 10:12:55,203 [s1@group-469FBF65F7A7-LeaderElection31] INFO  server.RaftServer$Division (RaftServerImpl.java:setRole(317)) - s1@group-469FBF65F7A7: changes role from CANDIDATE to FOLLOWER at term 2 for REJECTED
2022-09-20 10:12:55,203 [s1@group-469FBF65F7A7-LeaderElection31] INFO  impl.RoleInfo (RoleInfo.java:shutdownLeaderElection(130)) - s1: shutdown s1@group-469FBF65F7A7-LeaderElection31
2022-09-20 10:12:55,203 [s1@group-469FBF65F7A7-LeaderElection31] INFO  impl.RoleInfo (RoleInfo.java:updateAndGet(139)) - s1: start s1@group-469FBF65F7A7-FollowerState
2022-09-20 10:12:55,459 [s1@group-469FBF65F7A7-FollowerState] INFO  impl.FollowerState (FollowerState.java:run(141)) - s1@group-469FBF65F7A7-FollowerState: change to CANDIDATE, lastRpcElapsedTime:256466099ns, electionTimeout:256ms
2022-09-20 10:12:55,459 [s1@group-469FBF65F7A7-FollowerState] INFO  impl.RoleInfo (RoleInfo.java:shutdownFollowerState(110)) - s1: shutdown s1@group-469FBF65F7A7-FollowerState
2022-09-20 10:12:55,459 [s1@group-469FBF65F7A7-FollowerState] INFO  server.RaftServer$Division (RaftServerImpl.java:setRole(317)) - s1@group-469FBF65F7A7: changes role from  FOLLOWER to CANDIDATE at term 2 for changeToCandidate
2022-09-20 10:12:55,459 [s1@group-469FBF65F7A7-FollowerState] INFO  server.RaftServerConfigKeys (ConfUtils.java:logGet(46)) - raft.server.leaderelection.pre-vote = true (default)
2022-09-20 10:12:55,460 [s1@group-469FBF65F7A7-FollowerState] INFO  impl.RoleInfo (RoleInfo.java:updateAndGet(139)) - s1: start s1@group-469FBF65F7A7-LeaderElection32
2022-09-20 10:12:55,460 [s1@group-469FBF65F7A7-LeaderElection32] INFO  impl.LeaderElection (LeaderElection.java:askForVotes(308)) - s1@group-469FBF65F7A7-LeaderElection32 PRE_VOTE round 0: submit vote requests at term 2 for 133: peers:[s0|rpc:localhost:39281|admin:localhost:38455|client:localhost:36053|dataStream:localhost:45769|priority:0|startupRole:FOLLOWER, s1|rpc:localhost:46849|admin:localhost:41515|client:localhost:39119|dataStream:localhost:41703|priority:0|startupRole:FOLLOWER, s2|rpc:localhost:35167|admin:localhost:44965|client:localhost:40979|dataStream:localhost:34151|priority:0|startupRole:FOLLOWER]|listeners:[], old=null
2022-09-20 10:12:55,461 [grpc-default-executor-8] INFO  server.RaftServer$Division (RaftServerImpl.java:requestVote(1281)) - s0@group-469FBF65F7A7: receive requestVote(PRE_VOTE, s1, group-469FBF65F7A7, 2, (t:2, i:134))
2022-09-20 10:12:55,461 [grpc-default-executor-8] WARN  server.GrpcServerProtocolService (LogUtils.java:warn(122)) - s0: Failed requestVote s1->s0#0: org.apache.ratis.protocol.exceptions.ServerNotReadyException: s0@group-469FBF65F7A7 is not in [RUNNING]: current state is CLOSED
2022-09-20 10:12:55,462 [grpc-default-executor-5] INFO  server.RaftServer$Division (RaftServerImpl.java:requestVote(1281)) - s2@group-469FBF65F7A7: receive requestVote(PRE_VOTE, s1, group-469FBF65F7A7, 2, (t:2, i:134))
2022-09-20 10:12:55,462 [grpc-default-executor-5] WARN  server.GrpcServerProtocolService (LogUtils.java:warn(122)) - s2: Failed requestVote s1->s2#0: org.apache.ratis.protocol.exceptions.ServerNotReadyException: s2@group-469FBF65F7A7 is not in [RUNNING]: current state is CLOSED
2022-09-20 10:12:55,463 [s1@group-469FBF65F7A7-LeaderElection32] INFO  impl.LeaderElection (LogUtils.java:infoOrTrace(137)) - s1@group-469FBF65F7A7-LeaderElection32 got exception when requesting votes: java.util.concurrent.ExecutionException: org.apache.ratis.thirdparty.io.grpc.StatusRuntimeException: INTERNAL: s0@group-469FBF65F7A7 is not in [RUNNING]: current state is CLOSED
2022-09-20 10:12:55,463 [s1@group-469FBF65F7A7-LeaderElection32] INFO  impl.LeaderElection (LogUtils.java:infoOrTrace(137)) - s1@group-469FBF65F7A7-LeaderElection32 got exception when requesting votes: java.util.concurrent.ExecutionException: org.apache.ratis.thirdparty.io.grpc.StatusRuntimeException: INTERNAL: s2@group-469FBF65F7A7 is not in [RUNNING]: current state is CLOSED
2022-09-20 10:12:55,463 [s1@group-469FBF65F7A7-LeaderElection32] INFO  impl.LeaderElection (LeaderElection.java:logAndReturn(89)) - s1@group-469FBF65F7A7-LeaderElection32: PRE_VOTE REJECTED received 0 response(s) and 2 exception(s):
2022-09-20 10:12:55,463 [s1@group-469FBF65F7A7-LeaderElection32] INFO  impl.LeaderElection (LogUtils.java:infoOrTrace(137)) -   Exception 0: java.util.concurrent.ExecutionException: org.apache.ratis.thirdparty.io.grpc.StatusRuntimeException: INTERNAL: s0@group-469FBF65F7A7 is not in [RUNNING]: current state is CLOSED
2022-09-20 10:12:55,463 [s1@group-469FBF65F7A7-LeaderElection32] INFO  impl.LeaderElection (LogUtils.java:infoOrTrace(137)) -   Exception 1: java.util.concurrent.ExecutionException: org.apache.ratis.thirdparty.io.grpc.StatusRuntimeException: INTERNAL: s2@group-469FBF65F7A7 is not in [RUNNING]: current state is CLOSED
2022-09-20 10:12:55,463 [s1@group-469FBF65F7A7-LeaderElection32] INFO  impl.LeaderElection (LeaderElection.java:askForVotes(310)) - s1@group-469FBF65F7A7-LeaderElection32 PRE_VOTE round 0: result REJECTED
2022-09-20 10:12:55,463 [s1@group-469FBF65F7A7-LeaderElection32] INFO  server.RaftServer$Division (RaftServerImpl.java:setRole(317)) - s1@group-469FBF65F7A7: changes role from CANDIDATE to FOLLOWER at term 2 for REJECTED
2022-09-20 10:12:55,463 [s1@group-469FBF65F7A7-LeaderElection32] INFO  impl.RoleInfo (RoleInfo.java:shutdownLeaderElection(130)) - s1: shutdown s1@group-469FBF65F7A7-LeaderElection32
2022-09-20 10:12:55,463 [s1@group-469FBF65F7A7-LeaderElection32] INFO  impl.RoleInfo (RoleInfo.java:updateAndGet(139)) - s1: start s1@group-469FBF65F7A7-FollowerState
2022-09-20 10:12:55,483 [null-request--thread1] INFO  server.GrpcClientProtocolService (GrpcClientProtocolService.java:lambda$processClientRequest$0(284)) - Failed RaftClientRequest:client-76B04C62A16F->s1@group-469FBF65F7A7, cid=451, seq=0, RW, Message:6d3635, reply=RaftClientReply:client-76B04C62A16F->s1@group-469FBF65F7A7, cid=451, FAILED org.apache.ratis.protocol.exceptions.NotLeaderException: Server s1@group-469FBF65F7A7 is not the leader, logIndex=0, commits[s1:c133, s0:c130, s2:c133]
2022-09-20 10:12:55,695 [null-request--thread1] INFO  server.GrpcClientProtocolService (GrpcClientProtocolService.java:lambda$processClientRequest$0(284)) - Failed RaftClientRequest:client-76B04C62A16F->s1@group-469FBF65F7A7, cid=451, seq=0, RW, Message:6d3635, reply=RaftClientReply:client-76B04C62A16F->s1@group-469FBF65F7A7, cid=451, FAILED org.apache.ratis.protocol.exceptions.NotLeaderException: Server s1@group-469FBF65F7A7 is not the leader, logIndex=0, commits[s1:c133, s0:c130, s2:c133]
2022-09-20 10:12:55,712 [s1@group-469FBF65F7A7-FollowerState] INFO  impl.FollowerState (FollowerState.java:run(141)) - s1@group-469FBF65F7A7-FollowerState: change to CANDIDATE, lastRpcElapsedTime:248525442ns, electionTimeout:248ms
2022-09-20 10:12:55,712 [s1@group-469FBF65F7A7-FollowerState] INFO  impl.RoleInfo (RoleInfo.java:shutdownFollowerState(110)) - s1: shutdown s1@group-469FBF65F7A7-FollowerState
2022-09-20 10:12:55,712 [s1@group-469FBF65F7A7-FollowerState] INFO  server.RaftServer$Division (RaftServerImpl.java:setRole(317)) - s1@group-469FBF65F7A7: changes role from  FOLLOWER to CANDIDATE at term 2 for changeToCandidate
2022-09-20 10:12:55,712 [s1@group-469FBF65F7A7-FollowerState] INFO  server.RaftServerConfigKeys (ConfUtils.java:logGet(46)) - raft.server.leaderelection.pre-vote = true (default)
2022-09-20 10:12:55,712 [s1@group-469FBF65F7A7-FollowerState] INFO  impl.RoleInfo (RoleInfo.java:updateAndGet(139)) - s1: start s1@group-469FBF65F7A7-LeaderElection33
2022-09-20 10:12:55,712 [s1@group-469FBF65F7A7-LeaderElection33] INFO  impl.LeaderElection (LeaderElection.java:askForVotes(308)) - s1@group-469FBF65F7A7-LeaderElection33 PRE_VOTE round 0: submit vote requests at term 2 for 133: peers:[s0|rpc:localhost:39281|admin:localhost:38455|client:localhost:36053|dataStream:localhost:45769|priority:0|startupRole:FOLLOWER, s1|rpc:localhost:46849|admin:localhost:41515|client:localhost:39119|dataStream:localhost:41703|priority:0|startupRole:FOLLOWER, s2|rpc:localhost:35167|admin:localhost:44965|client:localhost:40979|dataStream:localhost:34151|priority:0|startupRole:FOLLOWER]|listeners:[], old=null
2022-09-20 10:12:55,714 [grpc-default-executor-5] INFO  server.RaftServer$Division (RaftServerImpl.java:requestVote(1281)) - s0@group-469FBF65F7A7: receive requestVote(PRE_VOTE, s1, group-469FBF65F7A7, 2, (t:2, i:134))
2022-09-20 10:12:55,714 [grpc-default-executor-5] WARN  server.GrpcServerProtocolService (LogUtils.java:warn(122)) - s0: Failed requestVote s1->s0#0: org.apache.ratis.protocol.exceptions.ServerNotReadyException: s0@group-469FBF65F7A7 is not in [RUNNING]: current state is CLOSED
2022-09-20 10:12:55,715 [grpc-default-executor-5] INFO  server.RaftServer$Division (RaftServerImpl.java:requestVote(1281)) - s2@group-469FBF65F7A7: receive requestVote(PRE_VOTE, s1, group-469FBF65F7A7, 2, (t:2, i:134))
2022-09-20 10:12:55,715 [grpc-default-executor-5] WARN  server.GrpcServerProtocolService (LogUtils.java:warn(122)) - s2: Failed requestVote s1->s2#0: org.apache.ratis.protocol.exceptions.ServerNotReadyException: s2@group-469FBF65F7A7 is not in [RUNNING]: current state is CLOSED
2022-09-20 10:12:55,715 [s1@group-469FBF65F7A7-LeaderElection33] INFO  impl.LeaderElection (LogUtils.java:infoOrTrace(137)) - s1@group-469FBF65F7A7-LeaderElection33 got exception when requesting votes: java.util.concurrent.ExecutionException: org.apache.ratis.thirdparty.io.grpc.StatusRuntimeException: INTERNAL: s0@group-469FBF65F7A7 is not in [RUNNING]: current state is CLOSED
2022-09-20 10:12:55,715 [s1@group-469FBF65F7A7-LeaderElection33] INFO  impl.LeaderElection (LogUtils.java:infoOrTrace(137)) - s1@group-469FBF65F7A7-LeaderElection33 got exception when requesting votes: java.util.concurrent.ExecutionException: org.apache.ratis.thirdparty.io.grpc.StatusRuntimeException: INTERNAL: s2@group-469FBF65F7A7 is not in [RUNNING]: current state is CLOSED
2022-09-20 10:12:55,715 [s1@group-469FBF65F7A7-LeaderElection33] INFO  impl.LeaderElection (LeaderElection.java:logAndReturn(89)) - s1@group-469FBF65F7A7-LeaderElection33: PRE_VOTE REJECTED received 0 response(s) and 2 exception(s):
2022-09-20 10:12:55,715 [s1@group-469FBF65F7A7-LeaderElection33] INFO  impl.LeaderElection (LogUtils.java:infoOrTrace(137)) -   Exception 0: java.util.concurrent.ExecutionException: org.apache.ratis.thirdparty.io.grpc.StatusRuntimeException: INTERNAL: s0@group-469FBF65F7A7 is not in [RUNNING]: current state is CLOSED
2022-09-20 10:12:55,715 [s1@group-469FBF65F7A7-LeaderElection33] INFO  impl.LeaderElection (LogUtils.java:infoOrTrace(137)) -   Exception 1: java.util.concurrent.ExecutionException: org.apache.ratis.thirdparty.io.grpc.StatusRuntimeException: INTERNAL: s2@group-469FBF65F7A7 is not in [RUNNING]: current state is CLOSED
2022-09-20 10:12:55,715 [s1@group-469FBF65F7A7-LeaderElection33] INFO  impl.LeaderElection (LeaderElection.java:askForVotes(310)) - s1@group-469FBF65F7A7-LeaderElection33 PRE_VOTE round 0: result REJECTED
2022-09-20 10:12:55,715 [s1@group-469FBF65F7A7-LeaderElection33] INFO  server.RaftServer$Division (RaftServerImpl.java:setRole(317)) - s1@group-469FBF65F7A7: changes role from CANDIDATE to FOLLOWER at term 2 for REJECTED
2022-09-20 10:12:55,715 [s1@group-469FBF65F7A7-LeaderElection33] INFO  impl.RoleInfo (RoleInfo.java:shutdownLeaderElection(130)) - s1: shutdown s1@group-469FBF65F7A7-LeaderElection33
2022-09-20 10:12:55,716 [s1@group-469FBF65F7A7-LeaderElection33] INFO  impl.RoleInfo (RoleInfo.java:updateAndGet(139)) - s1: start s1@group-469FBF65F7A7-FollowerState
2022-09-20 10:12:55,883 [s1@group-469FBF65F7A7-FollowerState] INFO  impl.FollowerState (FollowerState.java:run(141)) - s1@group-469FBF65F7A7-FollowerState: change to CANDIDATE, lastRpcElapsedTime:167320327ns, electionTimeout:167ms
2022-09-20 10:12:55,883 [s1@group-469FBF65F7A7-FollowerState] INFO  impl.RoleInfo (RoleInfo.java:shutdownFollowerState(110)) - s1: shutdown s1@group-469FBF65F7A7-FollowerState
2022-09-20 10:12:55,883 [s1@group-469FBF65F7A7-FollowerState] INFO  server.RaftServer$Division (RaftServerImpl.java:setRole(317)) - s1@group-469FBF65F7A7: changes role from  FOLLOWER to CANDIDATE at term 2 for changeToCandidate
2022-09-20 10:12:55,883 [s1@group-469FBF65F7A7-FollowerState] INFO  server.RaftServerConfigKeys (ConfUtils.java:logGet(46)) - raft.server.leaderelection.pre-vote = true (default)
2022-09-20 10:12:55,883 [s1@group-469FBF65F7A7-FollowerState] INFO  impl.RoleInfo (RoleInfo.java:updateAndGet(139)) - s1: start s1@group-469FBF65F7A7-LeaderElection34
2022-09-20 10:12:55,884 [s1@group-469FBF65F7A7-LeaderElection34] INFO  impl.LeaderElection (LeaderElection.java:askForVotes(308)) - s1@group-469FBF65F7A7-LeaderElection34 PRE_VOTE round 0: submit vote requests at term 2 for 133: peers:[s0|rpc:localhost:39281|admin:localhost:38455|client:localhost:36053|dataStream:localhost:45769|priority:0|startupRole:FOLLOWER, s1|rpc:localhost:46849|admin:localhost:41515|client:localhost:39119|dataStream:localhost:41703|priority:0|startupRole:FOLLOWER, s2|rpc:localhost:35167|admin:localhost:44965|client:localhost:40979|dataStream:localhost:34151|priority:0|startupRole:FOLLOWER]|listeners:[], old=null
2022-09-20 10:12:55,885 [grpc-default-executor-5] INFO  server.RaftServer$Division (RaftServerImpl.java:requestVote(1281)) - s2@group-469FBF65F7A7: receive requestVote(PRE_VOTE, s1, group-469FBF65F7A7, 2, (t:2, i:134))
2022-09-20 10:12:55,885 [grpc-default-executor-0] INFO  server.RaftServer$Division (RaftServerImpl.java:requestVote(1281)) - s0@group-469FBF65F7A7: receive requestVote(PRE_VOTE, s1, group-469FBF65F7A7, 2, (t:2, i:134))
2022-09-20 10:12:55,885 [grpc-default-executor-0] WARN  server.GrpcServerProtocolService (LogUtils.java:warn(122)) - s0: Failed requestVote s1->s0#0: org.apache.ratis.protocol.exceptions.ServerNotReadyException: s0@group-469FBF65F7A7 is not in [RUNNING]: current state is CLOSED
2022-09-20 10:12:55,885 [grpc-default-executor-5] WARN  server.GrpcServerProtocolService (LogUtils.java:warn(122)) - s2: Failed requestVote s1->s2#0: org.apache.ratis.protocol.exceptions.ServerNotReadyException: s2@group-469FBF65F7A7 is not in [RUNNING]: current state is CLOSED
2022-09-20 10:12:55,886 [s1@group-469FBF65F7A7-LeaderElection34] INFO  impl.LeaderElection (LogUtils.java:infoOrTrace(137)) - s1@group-469FBF65F7A7-LeaderElection34 got exception when requesting votes: java.util.concurrent.ExecutionException: org.apache.ratis.thirdparty.io.grpc.StatusRuntimeException: INTERNAL: s0@group-469FBF65F7A7 is not in [RUNNING]: current state is CLOSED
2022-09-20 10:12:55,886 [s1@group-469FBF65F7A7-LeaderElection34] INFO  impl.LeaderElection (LogUtils.java:infoOrTrace(137)) - s1@group-469FBF65F7A7-LeaderElection34 got exception when requesting votes: java.util.concurrent.ExecutionException: org.apache.ratis.thirdparty.io.grpc.StatusRuntimeException: INTERNAL: s2@group-469FBF65F7A7 is not in [RUNNING]: current state is CLOSED
2022-09-20 10:12:55,886 [s1@group-469FBF65F7A7-LeaderElection34] INFO  impl.LeaderElection (LeaderElection.java:logAndReturn(89)) - s1@group-469FBF65F7A7-LeaderElection34: PRE_VOTE REJECTED received 0 response(s) and 2 exception(s):
2022-09-20 10:12:55,886 [s1@group-469FBF65F7A7-LeaderElection34] INFO  impl.LeaderElection (LogUtils.java:infoOrTrace(137)) -   Exception 0: java.util.concurrent.ExecutionException: org.apache.ratis.thirdparty.io.grpc.StatusRuntimeException: INTERNAL: s0@group-469FBF65F7A7 is not in [RUNNING]: current state is CLOSED
2022-09-20 10:12:55,886 [s1@group-469FBF65F7A7-LeaderElection34] INFO  impl.LeaderElection (LogUtils.java:infoOrTrace(137)) -   Exception 1: java.util.concurrent.ExecutionException: org.apache.ratis.thirdparty.io.grpc.StatusRuntimeException: INTERNAL: s2@group-469FBF65F7A7 is not in [RUNNING]: current state is CLOSED
2022-09-20 10:12:55,886 [s1@group-469FBF65F7A7-LeaderElection34] INFO  impl.LeaderElection (LeaderElection.java:askForVotes(310)) - s1@group-469FBF65F7A7-LeaderElection34 PRE_VOTE round 0: result REJECTED
2022-09-20 10:12:55,886 [s1@group-469FBF65F7A7-LeaderElection34] INFO  server.RaftServer$Division (RaftServerImpl.java:setRole(317)) - s1@group-469FBF65F7A7: changes role from CANDIDATE to FOLLOWER at term 2 for REJECTED
2022-09-20 10:12:55,886 [s1@group-469FBF65F7A7-LeaderElection34] INFO  impl.RoleInfo (RoleInfo.java:shutdownLeaderElection(130)) - s1: shutdown s1@group-469FBF65F7A7-LeaderElection34
2022-09-20 10:12:55,886 [s1@group-469FBF65F7A7-LeaderElection34] INFO  impl.RoleInfo (RoleInfo.java:updateAndGet(139)) - s1: start s1@group-469FBF65F7A7-FollowerState
2022-09-20 10:12:56,092 [s1@group-469FBF65F7A7-FollowerState] INFO  impl.FollowerState (FollowerState.java:run(141)) - s1@group-469FBF65F7A7-FollowerState: change to CANDIDATE, lastRpcElapsedTime:205383383ns, electionTimeout:205ms
2022-09-20 10:12:56,092 [s1@group-469FBF65F7A7-FollowerState] INFO  impl.RoleInfo (RoleInfo.java:shutdownFollowerState(110)) - s1: shutdown s1@group-469FBF65F7A7-FollowerState
2022-09-20 10:12:56,092 [s1@group-469FBF65F7A7-FollowerState] INFO  server.RaftServer$Division (RaftServerImpl.java:setRole(317)) - s1@group-469FBF65F7A7: changes role from  FOLLOWER to CANDIDATE at term 2 for changeToCandidate
2022-09-20 10:12:56,092 [s1@group-469FBF65F7A7-FollowerState] INFO  server.RaftServerConfigKeys (ConfUtils.java:logGet(46)) - raft.server.leaderelection.pre-vote = true (default)
2022-09-20 10:12:56,092 [s1@group-469FBF65F7A7-FollowerState] INFO  impl.RoleInfo (RoleInfo.java:updateAndGet(139)) - s1: start s1@group-469FBF65F7A7-LeaderElection35
2022-09-20 10:12:56,093 [s1@group-469FBF65F7A7-LeaderElection35] INFO  impl.LeaderElection (LeaderElection.java:askForVotes(308)) - s1@group-469FBF65F7A7-LeaderElection35 PRE_VOTE round 0: submit vote requests at term 2 for 133: peers:[s0|rpc:localhost:39281|admin:localhost:38455|client:localhost:36053|dataStream:localhost:45769|priority:0|startupRole:FOLLOWER, s1|rpc:localhost:46849|admin:localhost:41515|client:localhost:39119|dataStream:localhost:41703|priority:0|startupRole:FOLLOWER, s2|rpc:localhost:35167|admin:localhost:44965|client:localhost:40979|dataStream:localhost:34151|priority:0|startupRole:FOLLOWER]|listeners:[], old=null
2022-09-20 10:12:56,094 [grpc-default-executor-8] INFO  server.RaftServer$Division (RaftServerImpl.java:requestVote(1281)) - s2@group-469FBF65F7A7: receive requestVote(PRE_VOTE, s1, group-469FBF65F7A7, 2, (t:2, i:134))
2022-09-20 10:12:56,094 [grpc-default-executor-5] INFO  server.RaftServer$Division (RaftServerImpl.java:requestVote(1281)) - s0@group-469FBF65F7A7: receive requestVote(PRE_VOTE, s1, group-469FBF65F7A7, 2, (t:2, i:134))
2022-09-20 10:12:56,094 [grpc-default-executor-8] WARN  server.GrpcServerProtocolService (LogUtils.java:warn(122)) - s2: Failed requestVote s1->s2#0: org.apache.ratis.protocol.exceptions.ServerNotReadyException: s2@group-469FBF65F7A7 is not in [RUNNING]: current state is CLOSED
2022-09-20 10:12:56,094 [grpc-default-executor-5] WARN  server.GrpcServerProtocolService (LogUtils.java:warn(122)) - s0: Failed requestVote s1->s0#0: org.apache.ratis.protocol.exceptions.ServerNotReadyException: s0@group-469FBF65F7A7 is not in [RUNNING]: current state is CLOSED
2022-09-20 10:12:56,096 [s1@group-469FBF65F7A7-LeaderElection35] INFO  impl.LeaderElection (LogUtils.java:infoOrTrace(137)) - s1@group-469FBF65F7A7-LeaderElection35 got exception when requesting votes: java.util.concurrent.ExecutionException: org.apache.ratis.thirdparty.io.grpc.StatusRuntimeException: INTERNAL: s2@group-469FBF65F7A7 is not in [RUNNING]: current state is CLOSED
2022-09-20 10:12:56,096 [s1@group-469FBF65F7A7-LeaderElection35] INFO  impl.LeaderElection (LogUtils.java:infoOrTrace(137)) - s1@group-469FBF65F7A7-LeaderElection35 got exception when requesting votes: java.util.concurrent.ExecutionException: org.apache.ratis.thirdparty.io.grpc.StatusRuntimeException: INTERNAL: s0@group-469FBF65F7A7 is not in [RUNNING]: current state is CLOSED
2022-09-20 10:12:56,096 [s1@group-469FBF65F7A7-LeaderElection35] INFO  impl.LeaderElection (LeaderElection.java:logAndReturn(89)) - s1@group-469FBF65F7A7-LeaderElection35: PRE_VOTE REJECTED received 0 response(s) and 2 exception(s):
2022-09-20 10:12:56,096 [s1@group-469FBF65F7A7-LeaderElection35] INFO  impl.LeaderElection (LogUtils.java:infoOrTrace(137)) -   Exception 0: java.util.concurrent.ExecutionException: org.apache.ratis.thirdparty.io.grpc.StatusRuntimeException: INTERNAL: s2@group-469FBF65F7A7 is not in [RUNNING]: current state is CLOSED
2022-09-20 10:12:56,096 [s1@group-469FBF65F7A7-LeaderElection35] INFO  impl.LeaderElection (LogUtils.java:infoOrTrace(137)) -   Exception 1: java.util.concurrent.ExecutionException: org.apache.ratis.thirdparty.io.grpc.StatusRuntimeException: INTERNAL: s0@group-469FBF65F7A7 is not in [RUNNING]: current state is CLOSED
2022-09-20 10:12:56,096 [s1@group-469FBF65F7A7-LeaderElection35] INFO  impl.LeaderElection (LeaderElection.java:askForVotes(310)) - s1@group-469FBF65F7A7-LeaderElection35 PRE_VOTE round 0: result REJECTED
2022-09-20 10:12:56,096 [s1@group-469FBF65F7A7-LeaderElection35] INFO  server.RaftServer$Division (RaftServerImpl.java:setRole(317)) - s1@group-469FBF65F7A7: changes role from CANDIDATE to FOLLOWER at term 2 for REJECTED
2022-09-20 10:12:56,096 [s1@group-469FBF65F7A7-LeaderElection35] INFO  impl.RoleInfo (RoleInfo.java:shutdownLeaderElection(130)) - s1: shutdown s1@group-469FBF65F7A7-LeaderElection35
2022-09-20 10:12:56,096 [s1@group-469FBF65F7A7-LeaderElection35] INFO  impl.RoleInfo (RoleInfo.java:updateAndGet(139)) - s1: start s1@group-469FBF65F7A7-FollowerState
2022-09-20 10:12:56,225 [null-request--thread1] INFO  server.GrpcClientProtocolService (GrpcClientProtocolService.java:lambda$processClientRequest$0(284)) - Failed RaftClientRequest:client-76B04C62A16F->s1@group-469FBF65F7A7, cid=451, seq=0, RW, Message:6d3635, reply=RaftClientReply:client-76B04C62A16F->s1@group-469FBF65F7A7, cid=451, FAILED org.apache.ratis.protocol.exceptions.NotLeaderException: Server s1@group-469FBF65F7A7 is not the leader, logIndex=0, commits[s1:c133, s0:c130, s2:c133]
2022-09-20 10:12:56,359 [s1@group-469FBF65F7A7-FollowerState] INFO  impl.FollowerState (FollowerState.java:run(141)) - s1@group-469FBF65F7A7-FollowerState: change to CANDIDATE, lastRpcElapsedTime:262812926ns, electionTimeout:262ms
2022-09-20 10:12:56,359 [s1@group-469FBF65F7A7-FollowerState] INFO  impl.RoleInfo (RoleInfo.java:shutdownFollowerState(110)) - s1: shutdown s1@group-469FBF65F7A7-FollowerState
2022-09-20 10:12:56,359 [s1@group-469FBF65F7A7-FollowerState] INFO  server.RaftServer$Division (RaftServerImpl.java:setRole(317)) - s1@group-469FBF65F7A7: changes role from  FOLLOWER to CANDIDATE at term 2 for changeToCandidate
2022-09-20 10:12:56,359 [s1@group-469FBF65F7A7-FollowerState] INFO  server.RaftServerConfigKeys (ConfUtils.java:logGet(46)) - raft.server.leaderelection.pre-vote = true (default)
2022-09-20 10:12:56,359 [s1@group-469FBF65F7A7-FollowerState] INFO  impl.RoleInfo (RoleInfo.java:updateAndGet(139)) - s1: start s1@group-469FBF65F7A7-LeaderElection36
2022-09-20 10:12:56,360 [s1@group-469FBF65F7A7-LeaderElection36] INFO  impl.LeaderElection (LeaderElection.java:askForVotes(308)) - s1@group-469FBF65F7A7-LeaderElection36 PRE_VOTE round 0: submit vote requests at term 2 for 133: peers:[s0|rpc:localhost:39281|admin:localhost:38455|client:localhost:36053|dataStream:localhost:45769|priority:0|startupRole:FOLLOWER, s1|rpc:localhost:46849|admin:localhost:41515|client:localhost:39119|dataStream:localhost:41703|priority:0|startupRole:FOLLOWER, s2|rpc:localhost:35167|admin:localhost:44965|client:localhost:40979|dataStream:localhost:34151|priority:0|startupRole:FOLLOWER]|listeners:[], old=null
2022-09-20 10:12:56,361 [grpc-default-executor-5] INFO  server.RaftServer$Division (RaftServerImpl.java:requestVote(1281)) - s2@group-469FBF65F7A7: receive requestVote(PRE_VOTE, s1, group-469FBF65F7A7, 2, (t:2, i:134))
2022-09-20 10:12:56,361 [grpc-default-executor-5] WARN  server.GrpcServerProtocolService (LogUtils.java:warn(122)) - s2: Failed requestVote s1->s2#0: org.apache.ratis.protocol.exceptions.ServerNotReadyException: s2@group-469FBF65F7A7 is not in [RUNNING]: current state is CLOSED
2022-09-20 10:12:56,361 [grpc-default-executor-8] INFO  server.RaftServer$Division (RaftServerImpl.java:requestVote(1281)) - s0@group-469FBF65F7A7: receive requestVote(PRE_VOTE, s1, group-469FBF65F7A7, 2, (t:2, i:134))
2022-09-20 10:12:56,361 [grpc-default-executor-8] WARN  server.GrpcServerProtocolService (LogUtils.java:warn(122)) - s0: Failed requestVote s1->s0#0: org.apache.ratis.protocol.exceptions.ServerNotReadyException: s0@group-469FBF65F7A7 is not in [RUNNING]: current state is CLOSED
2022-09-20 10:12:56,362 [s1@group-469FBF65F7A7-LeaderElection36] INFO  impl.LeaderElection (LogUtils.java:infoOrTrace(137)) - s1@group-469FBF65F7A7-LeaderElection36 got exception when requesting votes: java.util.concurrent.ExecutionException: org.apache.ratis.thirdparty.io.grpc.StatusRuntimeException: INTERNAL: s0@group-469FBF65F7A7 is not in [RUNNING]: current state is CLOSED
2022-09-20 10:12:56,363 [s1@group-469FBF65F7A7-LeaderElection36] INFO  impl.LeaderElection (LogUtils.java:infoOrTrace(137)) - s1@group-469FBF65F7A7-LeaderElection36 got exception when requesting votes: java.util.concurrent.ExecutionException: org.apache.ratis.thirdparty.io.grpc.StatusRuntimeException: INTERNAL: s2@group-469FBF65F7A7 is not in [RUNNING]: current state is CLOSED
2022-09-20 10:12:56,363 [s1@group-469FBF65F7A7-LeaderElection36] INFO  impl.LeaderElection (LeaderElection.java:logAndReturn(89)) - s1@group-469FBF65F7A7-LeaderElection36: PRE_VOTE REJECTED received 0 response(s) and 2 exception(s):
2022-09-20 10:12:56,363 [s1@group-469FBF65F7A7-LeaderElection36] INFO  impl.LeaderElection (LogUtils.java:infoOrTrace(137)) -   Exception 0: java.util.concurrent.ExecutionException: org.apache.ratis.thirdparty.io.grpc.StatusRuntimeException: INTERNAL: s0@group-469FBF65F7A7 is not in [RUNNING]: current state is CLOSED
2022-09-20 10:12:56,363 [s1@group-469FBF65F7A7-LeaderElection36] INFO  impl.LeaderElection (LogUtils.java:infoOrTrace(137)) -   Exception 1: java.util.concurrent.ExecutionException: org.apache.ratis.thirdparty.io.grpc.StatusRuntimeException: INTERNAL: s2@group-469FBF65F7A7 is not in [RUNNING]: current state is CLOSED
2022-09-20 10:12:56,363 [s1@group-469FBF65F7A7-LeaderElection36] INFO  impl.LeaderElection (LeaderElection.java:askForVotes(310)) - s1@group-469FBF65F7A7-LeaderElection36 PRE_VOTE round 0: result REJECTED
2022-09-20 10:12:56,363 [s1@group-469FBF65F7A7-LeaderElection36] INFO  server.RaftServer$Division (RaftServerImpl.java:setRole(317)) - s1@group-469FBF65F7A7: changes role from CANDIDATE to FOLLOWER at term 2 for REJECTED
2022-09-20 10:12:56,363 [s1@group-469FBF65F7A7-LeaderElection36] INFO  impl.RoleInfo (RoleInfo.java:shutdownLeaderElection(130)) - s1: shutdown s1@group-469FBF65F7A7-LeaderElection36
2022-09-20 10:12:56,363 [s1@group-469FBF65F7A7-LeaderElection36] INFO  impl.RoleInfo (RoleInfo.java:updateAndGet(139)) - s1: start s1@group-469FBF65F7A7-FollowerState
2022-09-20 10:12:56,436 [null-request--thread1] INFO  server.GrpcClientProtocolService (GrpcClientProtocolService.java:lambda$processClientRequest$0(284)) - Failed RaftClientRequest:client-76B04C62A16F->s1@group-469FBF65F7A7, cid=451, seq=0, RW, Message:6d3635, reply=RaftClientReply:client-76B04C62A16F->s1@group-469FBF65F7A7, cid=451, FAILED org.apache.ratis.protocol.exceptions.NotLeaderException: Server s1@group-469FBF65F7A7 is not the leader, logIndex=0, commits[s1:c133, s0:c130, s2:c133]
2022-09-20 10:12:56,570 [s1@group-469FBF65F7A7-FollowerState] INFO  impl.FollowerState (FollowerState.java:run(141)) - s1@group-469FBF65F7A7-FollowerState: change to CANDIDATE, lastRpcElapsedTime:206863112ns, electionTimeout:206ms
2022-09-20 10:12:56,570 [s1@group-469FBF65F7A7-FollowerState] INFO  impl.RoleInfo (RoleInfo.java:shutdownFollowerState(110)) - s1: shutdown s1@group-469FBF65F7A7-FollowerState
2022-09-20 10:12:56,570 [s1@group-469FBF65F7A7-FollowerState] INFO  server.RaftServer$Division (RaftServerImpl.java:setRole(317)) - s1@group-469FBF65F7A7: changes role from  FOLLOWER to CANDIDATE at term 2 for changeToCandidate
2022-09-20 10:12:56,571 [s1@group-469FBF65F7A7-FollowerState] INFO  server.RaftServerConfigKeys (ConfUtils.java:logGet(46)) - raft.server.leaderelection.pre-vote = true (default)
2022-09-20 10:12:56,571 [s1@group-469FBF65F7A7-FollowerState] INFO  impl.RoleInfo (RoleInfo.java:updateAndGet(139)) - s1: start s1@group-469FBF65F7A7-LeaderElection37
2022-09-20 10:12:56,571 [s1@group-469FBF65F7A7-LeaderElection37] INFO  impl.LeaderElection (LeaderElection.java:askForVotes(308)) - s1@group-469FBF65F7A7-LeaderElection37 PRE_VOTE round 0: submit vote requests at term 2 for 133: peers:[s0|rpc:localhost:39281|admin:localhost:38455|client:localhost:36053|dataStream:localhost:45769|priority:0|startupRole:FOLLOWER, s1|rpc:localhost:46849|admin:localhost:41515|client:localhost:39119|dataStream:localhost:41703|priority:0|startupRole:FOLLOWER, s2|rpc:localhost:35167|admin:localhost:44965|client:localhost:40979|dataStream:localhost:34151|priority:0|startupRole:FOLLOWER]|listeners:[], old=null
2022-09-20 10:12:56,572 [grpc-default-executor-0] INFO  server.RaftServer$Division (RaftServerImpl.java:requestVote(1281)) - s0@group-469FBF65F7A7: receive requestVote(PRE_VOTE, s1, group-469FBF65F7A7, 2, (t:2, i:134))
2022-09-20 10:12:56,572 [grpc-default-executor-0] WARN  server.GrpcServerProtocolService (LogUtils.java:warn(122)) - s0: Failed requestVote s1->s0#0: org.apache.ratis.protocol.exceptions.ServerNotReadyException: s0@group-469FBF65F7A7 is not in [RUNNING]: current state is CLOSED
2022-09-20 10:12:56,572 [grpc-default-executor-5] INFO  server.RaftServer$Division (RaftServerImpl.java:requestVote(1281)) - s2@group-469FBF65F7A7: receive requestVote(PRE_VOTE, s1, group-469FBF65F7A7, 2, (t:2, i:134))
2022-09-20 10:12:56,573 [grpc-default-executor-5] WARN  server.GrpcServerProtocolService (LogUtils.java:warn(122)) - s2: Failed requestVote s1->s2#0: org.apache.ratis.protocol.exceptions.ServerNotReadyException: s2@group-469FBF65F7A7 is not in [RUNNING]: current state is CLOSED
2022-09-20 10:12:56,573 [s1@group-469FBF65F7A7-LeaderElection37] INFO  impl.LeaderElection (LogUtils.java:infoOrTrace(137)) - s1@group-469FBF65F7A7-LeaderElection37 got exception when requesting votes: java.util.concurrent.ExecutionException: org.apache.ratis.thirdparty.io.grpc.StatusRuntimeException: INTERNAL: s0@group-469FBF65F7A7 is not in [RUNNING]: current state is CLOSED
2022-09-20 10:12:56,573 [s1@group-469FBF65F7A7-LeaderElection37] INFO  impl.LeaderElection (LogUtils.java:infoOrTrace(137)) - s1@group-469FBF65F7A7-LeaderElection37 got exception when requesting votes: java.util.concurrent.ExecutionException: org.apache.ratis.thirdparty.io.grpc.StatusRuntimeException: INTERNAL: s2@group-469FBF65F7A7 is not in [RUNNING]: current state is CLOSED
2022-09-20 10:12:56,573 [s1@group-469FBF65F7A7-LeaderElection37] INFO  impl.LeaderElection (LeaderElection.java:logAndReturn(89)) - s1@group-469FBF65F7A7-LeaderElection37: PRE_VOTE REJECTED received 0 response(s) and 2 exception(s):
2022-09-20 10:12:56,573 [s1@group-469FBF65F7A7-LeaderElection37] INFO  impl.LeaderElection (LogUtils.java:infoOrTrace(137)) -   Exception 0: java.util.concurrent.ExecutionException: org.apache.ratis.thirdparty.io.grpc.StatusRuntimeException: INTERNAL: s0@group-469FBF65F7A7 is not in [RUNNING]: current state is CLOSED
2022-09-20 10:12:56,573 [s1@group-469FBF65F7A7-LeaderElection37] INFO  impl.LeaderElection (LogUtils.java:infoOrTrace(137)) -   Exception 1: java.util.concurrent.ExecutionException: org.apache.ratis.thirdparty.io.grpc.StatusRuntimeException: INTERNAL: s2@group-469FBF65F7A7 is not in [RUNNING]: current state is CLOSED
2022-09-20 10:12:56,573 [s1@group-469FBF65F7A7-LeaderElection37] INFO  impl.LeaderElection (LeaderElection.java:askForVotes(310)) - s1@group-469FBF65F7A7-LeaderElection37 PRE_VOTE round 0: result REJECTED
2022-09-20 10:12:56,573 [s1@group-469FBF65F7A7-LeaderElection37] INFO  server.RaftServer$Division (RaftServerImpl.java:setRole(317)) - s1@group-469FBF65F7A7: changes role from CANDIDATE to FOLLOWER at term 2 for REJECTED
2022-09-20 10:12:56,573 [s1@group-469FBF65F7A7-LeaderElection37] INFO  impl.RoleInfo (RoleInfo.java:shutdownLeaderElection(130)) - s1: shutdown s1@group-469FBF65F7A7-LeaderElection37
2022-09-20 10:12:56,573 [s1@group-469FBF65F7A7-LeaderElection37] INFO  impl.RoleInfo (RoleInfo.java:updateAndGet(139)) - s1: start s1@group-469FBF65F7A7-FollowerState
2022-09-20 10:12:56,647 [null-request--thread1] INFO  server.GrpcClientProtocolService (GrpcClientProtocolService.java:lambda$processClientRequest$0(284)) - Failed RaftClientRequest:client-76B04C62A16F->s1@group-469FBF65F7A7, cid=451, seq=0, RW, Message:6d3635, reply=RaftClientReply:client-76B04C62A16F->s1@group-469FBF65F7A7, cid=451, FAILED org.apache.ratis.protocol.exceptions.NotLeaderException: Server s1@group-469FBF65F7A7 is not the leader, logIndex=0, commits[s1:c133, s0:c130, s2:c133]
2022-09-20 10:12:56,855 [s1@group-469FBF65F7A7-FollowerState] INFO  impl.FollowerState (FollowerState.java:run(141)) - s1@group-469FBF65F7A7-FollowerState: change to CANDIDATE, lastRpcElapsedTime:281448095ns, electionTimeout:281ms
2022-09-20 10:12:56,855 [s1@group-469FBF65F7A7-FollowerState] INFO  impl.RoleInfo (RoleInfo.java:shutdownFollowerState(110)) - s1: shutdown s1@group-469FBF65F7A7-FollowerState
2022-09-20 10:12:56,855 [s1@group-469FBF65F7A7-FollowerState] INFO  server.RaftServer$Division (RaftServerImpl.java:setRole(317)) - s1@group-469FBF65F7A7: changes role from  FOLLOWER to CANDIDATE at term 2 for changeToCandidate
2022-09-20 10:12:56,855 [s1@group-469FBF65F7A7-FollowerState] INFO  server.RaftServerConfigKeys (ConfUtils.java:logGet(46)) - raft.server.leaderelection.pre-vote = true (default)
2022-09-20 10:12:56,855 [s1@group-469FBF65F7A7-FollowerState] INFO  impl.RoleInfo (RoleInfo.java:updateAndGet(139)) - s1: start s1@group-469FBF65F7A7-LeaderElection38
2022-09-20 10:12:56,864 [s1@group-469FBF65F7A7-LeaderElection38] INFO  impl.LeaderElection (LeaderElection.java:askForVotes(308)) - s1@group-469FBF65F7A7-LeaderElection38 PRE_VOTE round 0: submit vote requests at term 2 for 133: peers:[s0|rpc:localhost:39281|admin:localhost:38455|client:localhost:36053|dataStream:localhost:45769|priority:0|startupRole:FOLLOWER, s1|rpc:localhost:46849|admin:localhost:41515|client:localhost:39119|dataStream:localhost:41703|priority:0|startupRole:FOLLOWER, s2|rpc:localhost:35167|admin:localhost:44965|client:localhost:40979|dataStream:localhost:34151|priority:0|startupRole:FOLLOWER]|listeners:[], old=null
2022-09-20 10:12:56,872 [grpc-default-executor-5] INFO  server.RaftServer$Division (RaftServerImpl.java:requestVote(1281)) - s0@group-469FBF65F7A7: receive requestVote(PRE_VOTE, s1, group-469FBF65F7A7, 2, (t:2, i:134))
2022-09-20 10:12:56,872 [grpc-default-executor-5] WARN  server.GrpcServerProtocolService (LogUtils.java:warn(122)) - s0: Failed requestVote s1->s0#0: org.apache.ratis.protocol.exceptions.ServerNotReadyException: s0@group-469FBF65F7A7 is not in [RUNNING]: current state is CLOSED
2022-09-20 10:12:56,872 [s1@group-469FBF65F7A7-LeaderElection38] INFO  impl.LeaderElection (LogUtils.java:infoOrTrace(137)) - s1@group-469FBF65F7A7-LeaderElection38 got exception when requesting votes: java.util.concurrent.ExecutionException: org.apache.ratis.thirdparty.io.grpc.StatusRuntimeException: INTERNAL: s0@group-469FBF65F7A7 is not in [RUNNING]: current state is CLOSED
2022-09-20 10:12:56,872 [grpc-default-executor-5] INFO  server.RaftServer$Division (RaftServerImpl.java:requestVote(1281)) - s2@group-469FBF65F7A7: receive requestVote(PRE_VOTE, s1, group-469FBF65F7A7, 2, (t:2, i:134))
2022-09-20 10:12:56,872 [grpc-default-executor-5] WARN  server.GrpcServerProtocolService (LogUtils.java:warn(122)) - s2: Failed requestVote s1->s2#0: org.apache.ratis.protocol.exceptions.ServerNotReadyException: s2@group-469FBF65F7A7 is not in [RUNNING]: current state is CLOSED
2022-09-20 10:12:56,873 [s1@group-469FBF65F7A7-LeaderElection38] INFO  impl.LeaderElection (LogUtils.java:infoOrTrace(137)) - s1@group-469FBF65F7A7-LeaderElection38 got exception when requesting votes: java.util.concurrent.ExecutionException: org.apache.ratis.thirdparty.io.grpc.StatusRuntimeException: INTERNAL: s2@group-469FBF65F7A7 is not in [RUNNING]: current state is CLOSED
2022-09-20 10:12:56,873 [s1@group-469FBF65F7A7-LeaderElection38] INFO  impl.LeaderElection (LeaderElection.java:logAndReturn(89)) - s1@group-469FBF65F7A7-LeaderElection38: PRE_VOTE REJECTED received 0 response(s) and 2 exception(s):
2022-09-20 10:12:56,873 [s1@group-469FBF65F7A7-LeaderElection38] INFO  impl.LeaderElection (LogUtils.java:infoOrTrace(137)) -   Exception 0: java.util.concurrent.ExecutionException: org.apache.ratis.thirdparty.io.grpc.StatusRuntimeException: INTERNAL: s0@group-469FBF65F7A7 is not in [RUNNING]: current state is CLOSED
2022-09-20 10:12:56,873 [s1@group-469FBF65F7A7-LeaderElection38] INFO  impl.LeaderElection (LogUtils.java:infoOrTrace(137)) -   Exception 1: java.util.concurrent.ExecutionException: org.apache.ratis.thirdparty.io.grpc.StatusRuntimeException: INTERNAL: s2@group-469FBF65F7A7 is not in [RUNNING]: current state is CLOSED
2022-09-20 10:12:56,873 [s1@group-469FBF65F7A7-LeaderElection38] INFO  impl.LeaderElection (LeaderElection.java:askForVotes(310)) - s1@group-469FBF65F7A7-LeaderElection38 PRE_VOTE round 0: result REJECTED
2022-09-20 10:12:56,873 [s1@group-469FBF65F7A7-LeaderElection38] INFO  server.RaftServer$Division (RaftServerImpl.java:setRole(317)) - s1@group-469FBF65F7A7: changes role from CANDIDATE to FOLLOWER at term 2 for REJECTED
2022-09-20 10:12:56,873 [s1@group-469FBF65F7A7-LeaderElection38] INFO  impl.RoleInfo (RoleInfo.java:shutdownLeaderElection(130)) - s1: shutdown s1@group-469FBF65F7A7-LeaderElection38
2022-09-20 10:12:56,873 [s1@group-469FBF65F7A7-LeaderElection38] INFO  impl.RoleInfo (RoleInfo.java:updateAndGet(139)) - s1: start s1@group-469FBF65F7A7-FollowerState
2022-09-20 10:12:57,076 [null-request--thread1] INFO  server.GrpcClientProtocolService (GrpcClientProtocolService.java:lambda$processClientRequest$0(284)) - Failed RaftClientRequest:client-76B04C62A16F->s1@group-469FBF65F7A7, cid=451, seq=0, RW, Message:6d3635, reply=RaftClientReply:client-76B04C62A16F->s1@group-469FBF65F7A7, cid=451, FAILED org.apache.ratis.protocol.exceptions.NotLeaderException: Server s1@group-469FBF65F7A7 is not the leader, logIndex=0, commits[s1:c133, s0:c130, s2:c133]
2022-09-20 10:12:57,176 [s1@group-469FBF65F7A7-FollowerState] INFO  impl.FollowerState (FollowerState.java:run(141)) - s1@group-469FBF65F7A7-FollowerState: change to CANDIDATE, lastRpcElapsedTime:303094626ns, electionTimeout:300ms
2022-09-20 10:12:57,177 [s1@group-469FBF65F7A7-FollowerState] INFO  impl.RoleInfo (RoleInfo.java:shutdownFollowerState(110)) - s1: shutdown s1@group-469FBF65F7A7-FollowerState
2022-09-20 10:12:57,177 [s1@group-469FBF65F7A7-FollowerState] INFO  server.RaftServer$Division (RaftServerImpl.java:setRole(317)) - s1@group-469FBF65F7A7: changes role from  FOLLOWER to CANDIDATE at term 2 for changeToCandidate
2022-09-20 10:12:57,177 [s1@group-469FBF65F7A7-FollowerState] INFO  server.RaftServerConfigKeys (ConfUtils.java:logGet(46)) - raft.server.leaderelection.pre-vote = true (default)
2022-09-20 10:12:57,177 [s1@group-469FBF65F7A7-FollowerState] INFO  impl.RoleInfo (RoleInfo.java:updateAndGet(139)) - s1: start s1@group-469FBF65F7A7-LeaderElection39
2022-09-20 10:12:57,177 [s1@group-469FBF65F7A7-LeaderElection39] INFO  impl.LeaderElection (LeaderElection.java:askForVotes(308)) - s1@group-469FBF65F7A7-LeaderElection39 PRE_VOTE round 0: submit vote requests at term 2 for 133: peers:[s0|rpc:localhost:39281|admin:localhost:38455|client:localhost:36053|dataStream:localhost:45769|priority:0|startupRole:FOLLOWER, s1|rpc:localhost:46849|admin:localhost:41515|client:localhost:39119|dataStream:localhost:41703|priority:0|startupRole:FOLLOWER, s2|rpc:localhost:35167|admin:localhost:44965|client:localhost:40979|dataStream:localhost:34151|priority:0|startupRole:FOLLOWER]|listeners:[], old=null
2022-09-20 10:12:57,179 [grpc-default-executor-8] INFO  server.RaftServer$Division (RaftServerImpl.java:requestVote(1281)) - s0@group-469FBF65F7A7: receive requestVote(PRE_VOTE, s1, group-469FBF65F7A7, 2, (t:2, i:134))
2022-09-20 10:12:57,179 [grpc-default-executor-8] WARN  server.GrpcServerProtocolService (LogUtils.java:warn(122)) - s0: Failed requestVote s1->s0#0: org.apache.ratis.protocol.exceptions.ServerNotReadyException: s0@group-469FBF65F7A7 is not in [RUNNING]: current state is CLOSED
2022-09-20 10:12:57,183 [s1@group-469FBF65F7A7-LeaderElection39] INFO  impl.LeaderElection (LogUtils.java:infoOrTrace(137)) - s1@group-469FBF65F7A7-LeaderElection39 got exception when requesting votes: java.util.concurrent.ExecutionException: org.apache.ratis.thirdparty.io.grpc.StatusRuntimeException: INTERNAL: s0@group-469FBF65F7A7 is not in [RUNNING]: current state is CLOSED
2022-09-20 10:12:57,184 [grpc-default-executor-8] INFO  server.RaftServer$Division (RaftServerImpl.java:requestVote(1281)) - s2@group-469FBF65F7A7: receive requestVote(PRE_VOTE, s1, group-469FBF65F7A7, 2, (t:2, i:134))
2022-09-20 10:12:57,184 [grpc-default-executor-8] WARN  server.GrpcServerProtocolService (LogUtils.java:warn(122)) - s2: Failed requestVote s1->s2#0: org.apache.ratis.protocol.exceptions.ServerNotReadyException: s2@group-469FBF65F7A7 is not in [RUNNING]: current state is CLOSED
2022-09-20 10:12:57,185 [s1@group-469FBF65F7A7-LeaderElection39] INFO  impl.LeaderElection (LogUtils.java:infoOrTrace(137)) - s1@group-469FBF65F7A7-LeaderElection39 got exception when requesting votes: java.util.concurrent.ExecutionException: org.apache.ratis.thirdparty.io.grpc.StatusRuntimeException: INTERNAL: s2@group-469FBF65F7A7 is not in [RUNNING]: current state is CLOSED
2022-09-20 10:12:57,185 [s1@group-469FBF65F7A7-LeaderElection39] INFO  impl.LeaderElection (LeaderElection.java:logAndReturn(89)) - s1@group-469FBF65F7A7-LeaderElection39: PRE_VOTE REJECTED received 0 response(s) and 2 exception(s):
2022-09-20 10:12:57,185 [s1@group-469FBF65F7A7-LeaderElection39] INFO  impl.LeaderElection (LogUtils.java:infoOrTrace(137)) -   Exception 0: java.util.concurrent.ExecutionException: org.apache.ratis.thirdparty.io.grpc.StatusRuntimeException: INTERNAL: s0@group-469FBF65F7A7 is not in [RUNNING]: current state is CLOSED
2022-09-20 10:12:57,185 [s1@group-469FBF65F7A7-LeaderElection39] INFO  impl.LeaderElection (LogUtils.java:infoOrTrace(137)) -   Exception 1: java.util.concurrent.ExecutionException: org.apache.ratis.thirdparty.io.grpc.StatusRuntimeException: INTERNAL: s2@group-469FBF65F7A7 is not in [RUNNING]: current state is CLOSED
2022-09-20 10:12:57,185 [s1@group-469FBF65F7A7-LeaderElection39] INFO  impl.LeaderElection (LeaderElection.java:askForVotes(310)) - s1@group-469FBF65F7A7-LeaderElection39 PRE_VOTE round 0: result REJECTED
2022-09-20 10:12:57,185 [s1@group-469FBF65F7A7-LeaderElection39] INFO  server.RaftServer$Division (RaftServerImpl.java:setRole(317)) - s1@group-469FBF65F7A7: changes role from CANDIDATE to FOLLOWER at term 2 for REJECTED
2022-09-20 10:12:57,185 [s1@group-469FBF65F7A7-LeaderElection39] INFO  impl.RoleInfo (RoleInfo.java:shutdownLeaderElection(130)) - s1: shutdown s1@group-469FBF65F7A7-LeaderElection39
2022-09-20 10:12:57,185 [s1@group-469FBF65F7A7-LeaderElection39] INFO  impl.RoleInfo (RoleInfo.java:updateAndGet(139)) - s1: start s1@group-469FBF65F7A7-FollowerState
2022-09-20 10:12:57,289 [null-request--thread1] INFO  server.GrpcClientProtocolService (GrpcClientProtocolService.java:lambda$processClientRequest$0(284)) - Failed RaftClientRequest:client-76B04C62A16F->s1@group-469FBF65F7A7, cid=451, seq=0, RW, Message:6d3635, reply=RaftClientReply:client-76B04C62A16F->s1@group-469FBF65F7A7, cid=451, FAILED org.apache.ratis.protocol.exceptions.NotLeaderException: Server s1@group-469FBF65F7A7 is not the leader, logIndex=0, commits[s1:c133, s0:c130, s2:c133]
2022-09-20 10:12:57,415 [s1@group-469FBF65F7A7-FollowerState] INFO  impl.FollowerState (FollowerState.java:run(141)) - s1@group-469FBF65F7A7-FollowerState: change to CANDIDATE, lastRpcElapsedTime:229865308ns, electionTimeout:224ms
2022-09-20 10:12:57,415 [s1@group-469FBF65F7A7-FollowerState] INFO  impl.RoleInfo (RoleInfo.java:shutdownFollowerState(110)) - s1: shutdown s1@group-469FBF65F7A7-FollowerState
2022-09-20 10:12:57,415 [s1@group-469FBF65F7A7-FollowerState] INFO  server.RaftServer$Division (RaftServerImpl.java:setRole(317)) - s1@group-469FBF65F7A7: changes role from  FOLLOWER to CANDIDATE at term 2 for changeToCandidate
2022-09-20 10:12:57,415 [s1@group-469FBF65F7A7-FollowerState] INFO  server.RaftServerConfigKeys (ConfUtils.java:logGet(46)) - raft.server.leaderelection.pre-vote = true (default)
2022-09-20 10:12:57,415 [s1@group-469FBF65F7A7-FollowerState] INFO  impl.RoleInfo (RoleInfo.java:updateAndGet(139)) - s1: start s1@group-469FBF65F7A7-LeaderElection40
2022-09-20 10:12:57,415 [s1@group-469FBF65F7A7-LeaderElection40] INFO  impl.LeaderElection (LeaderElection.java:askForVotes(308)) - s1@group-469FBF65F7A7-LeaderElection40 PRE_VOTE round 0: submit vote requests at term 2 for 133: peers:[s0|rpc:localhost:39281|admin:localhost:38455|client:localhost:36053|dataStream:localhost:45769|priority:0|startupRole:FOLLOWER, s1|rpc:localhost:46849|admin:localhost:41515|client:localhost:39119|dataStream:localhost:41703|priority:0|startupRole:FOLLOWER, s2|rpc:localhost:35167|admin:localhost:44965|client:localhost:40979|dataStream:localhost:34151|priority:0|startupRole:FOLLOWER]|listeners:[], old=null
2022-09-20 10:12:57,416 [grpc-default-executor-5] INFO  server.RaftServer$Division (RaftServerImpl.java:requestVote(1281)) - s0@group-469FBF65F7A7: receive requestVote(PRE_VOTE, s1, group-469FBF65F7A7, 2, (t:2, i:134))
2022-09-20 10:12:57,417 [grpc-default-executor-5] WARN  server.GrpcServerProtocolService (LogUtils.java:warn(122)) - s0: Failed requestVote s1->s0#0: org.apache.ratis.protocol.exceptions.ServerNotReadyException: s0@group-469FBF65F7A7 is not in [RUNNING]: current state is CLOSED
2022-09-20 10:12:57,417 [s1@group-469FBF65F7A7-LeaderElection40] INFO  impl.LeaderElection (LogUtils.java:infoOrTrace(137)) - s1@group-469FBF65F7A7-LeaderElection40 got exception when requesting votes: java.util.concurrent.ExecutionException: org.apache.ratis.thirdparty.io.grpc.StatusRuntimeException: INTERNAL: s0@group-469FBF65F7A7 is not in [RUNNING]: current state is CLOSED
2022-09-20 10:12:57,418 [grpc-default-executor-8] INFO  server.RaftServer$Division (RaftServerImpl.java:requestVote(1281)) - s2@group-469FBF65F7A7: receive requestVote(PRE_VOTE, s1, group-469FBF65F7A7, 2, (t:2, i:134))
2022-09-20 10:12:57,418 [grpc-default-executor-8] WARN  server.GrpcServerProtocolService (LogUtils.java:warn(122)) - s2: Failed requestVote s1->s2#0: org.apache.ratis.protocol.exceptions.ServerNotReadyException: s2@group-469FBF65F7A7 is not in [RUNNING]: current state is CLOSED
2022-09-20 10:12:57,418 [s1@group-469FBF65F7A7-LeaderElection40] INFO  impl.LeaderElection (LogUtils.java:infoOrTrace(137)) - s1@group-469FBF65F7A7-LeaderElection40 got exception when requesting votes: java.util.concurrent.ExecutionException: org.apache.ratis.thirdparty.io.grpc.StatusRuntimeException: INTERNAL: s2@group-469FBF65F7A7 is not in [RUNNING]: current state is CLOSED
2022-09-20 10:12:57,418 [s1@group-469FBF65F7A7-LeaderElection40] INFO  impl.LeaderElection (LeaderElection.java:logAndReturn(89)) - s1@group-469FBF65F7A7-LeaderElection40: PRE_VOTE REJECTED received 0 response(s) and 2 exception(s):
2022-09-20 10:12:57,418 [s1@group-469FBF65F7A7-LeaderElection40] INFO  impl.LeaderElection (LogUtils.java:infoOrTrace(137)) -   Exception 0: java.util.concurrent.ExecutionException: org.apache.ratis.thirdparty.io.grpc.StatusRuntimeException: INTERNAL: s0@group-469FBF65F7A7 is not in [RUNNING]: current state is CLOSED
2022-09-20 10:12:57,418 [s1@group-469FBF65F7A7-LeaderElection40] INFO  impl.LeaderElection (LogUtils.java:infoOrTrace(137)) -   Exception 1: java.util.concurrent.ExecutionException: org.apache.ratis.thirdparty.io.grpc.StatusRuntimeException: INTERNAL: s2@group-469FBF65F7A7 is not in [RUNNING]: current state is CLOSED
2022-09-20 10:12:57,418 [s1@group-469FBF65F7A7-LeaderElection40] INFO  impl.LeaderElection (LeaderElection.java:askForVotes(310)) - s1@group-469FBF65F7A7-LeaderElection40 PRE_VOTE round 0: result REJECTED
2022-09-20 10:12:57,418 [s1@group-469FBF65F7A7-LeaderElection40] INFO  server.RaftServer$Division (RaftServerImpl.java:setRole(317)) - s1@group-469FBF65F7A7: changes role from CANDIDATE to FOLLOWER at term 2 for REJECTED
2022-09-20 10:12:57,418 [s1@group-469FBF65F7A7-LeaderElection40] INFO  impl.RoleInfo (RoleInfo.java:shutdownLeaderElection(130)) - s1: shutdown s1@group-469FBF65F7A7-LeaderElection40
2022-09-20 10:12:57,418 [s1@group-469FBF65F7A7-LeaderElection40] INFO  impl.RoleInfo (RoleInfo.java:updateAndGet(139)) - s1: start s1@group-469FBF65F7A7-FollowerState
2022-09-20 10:12:57,700 [s1@group-469FBF65F7A7-FollowerState] INFO  impl.FollowerState (FollowerState.java:run(141)) - s1@group-469FBF65F7A7-FollowerState: change to CANDIDATE, lastRpcElapsedTime:281640698ns, electionTimeout:281ms
2022-09-20 10:12:57,700 [s1@group-469FBF65F7A7-FollowerState] INFO  impl.RoleInfo (RoleInfo.java:shutdownFollowerState(110)) - s1: shutdown s1@group-469FBF65F7A7-FollowerState
2022-09-20 10:12:57,700 [s1@group-469FBF65F7A7-FollowerState] INFO  server.RaftServer$Division (RaftServerImpl.java:setRole(317)) - s1@group-469FBF65F7A7: changes role from  FOLLOWER to CANDIDATE at term 2 for changeToCandidate
2022-09-20 10:12:57,700 [s1@group-469FBF65F7A7-FollowerState] INFO  server.RaftServerConfigKeys (ConfUtils.java:logGet(46)) - raft.server.leaderelection.pre-vote = true (default)
2022-09-20 10:12:57,700 [s1@group-469FBF65F7A7-FollowerState] INFO  impl.RoleInfo (RoleInfo.java:updateAndGet(139)) - s1: start s1@group-469FBF65F7A7-LeaderElection41
2022-09-20 10:12:57,701 [s1@group-469FBF65F7A7-LeaderElection41] INFO  impl.LeaderElection (LeaderElection.java:askForVotes(308)) - s1@group-469FBF65F7A7-LeaderElection41 PRE_VOTE round 0: submit vote requests at term 2 for 133: peers:[s0|rpc:localhost:39281|admin:localhost:38455|client:localhost:36053|dataStream:localhost:45769|priority:0|startupRole:FOLLOWER, s1|rpc:localhost:46849|admin:localhost:41515|client:localhost:39119|dataStream:localhost:41703|priority:0|startupRole:FOLLOWER, s2|rpc:localhost:35167|admin:localhost:44965|client:localhost:40979|dataStream:localhost:34151|priority:0|startupRole:FOLLOWER]|listeners:[], old=null
2022-09-20 10:12:57,703 [grpc-default-executor-5] INFO  server.RaftServer$Division (RaftServerImpl.java:requestVote(1281)) - s0@group-469FBF65F7A7: receive requestVote(PRE_VOTE, s1, group-469FBF65F7A7, 2, (t:2, i:134))
2022-09-20 10:12:57,703 [grpc-default-executor-5] WARN  server.GrpcServerProtocolService (LogUtils.java:warn(122)) - s0: Failed requestVote s1->s0#0: org.apache.ratis.protocol.exceptions.ServerNotReadyException: s0@group-469FBF65F7A7 is not in [RUNNING]: current state is CLOSED
2022-09-20 10:12:57,703 [grpc-default-executor-8] INFO  server.RaftServer$Division (RaftServerImpl.java:requestVote(1281)) - s2@group-469FBF65F7A7: receive requestVote(PRE_VOTE, s1, group-469FBF65F7A7, 2, (t:2, i:134))
2022-09-20 10:12:57,704 [grpc-default-executor-8] WARN  server.GrpcServerProtocolService (LogUtils.java:warn(122)) - s2: Failed requestVote s1->s2#0: org.apache.ratis.protocol.exceptions.ServerNotReadyException: s2@group-469FBF65F7A7 is not in [RUNNING]: current state is CLOSED
2022-09-20 10:12:57,704 [s1@group-469FBF65F7A7-LeaderElection41] INFO  impl.LeaderElection (LogUtils.java:infoOrTrace(137)) - s1@group-469FBF65F7A7-LeaderElection41 got exception when requesting votes: java.util.concurrent.ExecutionException: org.apache.ratis.thirdparty.io.grpc.StatusRuntimeException: INTERNAL: s0@group-469FBF65F7A7 is not in [RUNNING]: current state is CLOSED
2022-09-20 10:12:57,704 [s1@group-469FBF65F7A7-LeaderElection41] INFO  impl.LeaderElection (LogUtils.java:infoOrTrace(137)) - s1@group-469FBF65F7A7-LeaderElection41 got exception when requesting votes: java.util.concurrent.ExecutionException: org.apache.ratis.thirdparty.io.grpc.StatusRuntimeException: INTERNAL: s2@group-469FBF65F7A7 is not in [RUNNING]: current state is CLOSED
2022-09-20 10:12:57,704 [s1@group-469FBF65F7A7-LeaderElection41] INFO  impl.LeaderElection (LeaderElection.java:logAndReturn(89)) - s1@group-469FBF65F7A7-LeaderElection41: PRE_VOTE REJECTED received 0 response(s) and 2 exception(s):
2022-09-20 10:12:57,704 [s1@group-469FBF65F7A7-LeaderElection41] INFO  impl.LeaderElection (LogUtils.java:infoOrTrace(137)) -   Exception 0: java.util.concurrent.ExecutionException: org.apache.ratis.thirdparty.io.grpc.StatusRuntimeException: INTERNAL: s0@group-469FBF65F7A7 is not in [RUNNING]: current state is CLOSED
2022-09-20 10:12:57,705 [s1@group-469FBF65F7A7-LeaderElection41] INFO  impl.LeaderElection (LogUtils.java:infoOrTrace(137)) -   Exception 1: java.util.concurrent.ExecutionException: org.apache.ratis.thirdparty.io.grpc.StatusRuntimeException: INTERNAL: s2@group-469FBF65F7A7 is not in [RUNNING]: current state is CLOSED
2022-09-20 10:12:57,705 [s1@group-469FBF65F7A7-LeaderElection41] INFO  impl.LeaderElection (LeaderElection.java:askForVotes(310)) - s1@group-469FBF65F7A7-LeaderElection41 PRE_VOTE round 0: result REJECTED
2022-09-20 10:12:57,705 [s1@group-469FBF65F7A7-LeaderElection41] INFO  server.RaftServer$Division (RaftServerImpl.java:setRole(317)) - s1@group-469FBF65F7A7: changes role from CANDIDATE to FOLLOWER at term 2 for REJECTED
2022-09-20 10:12:57,705 [s1@group-469FBF65F7A7-LeaderElection41] INFO  impl.RoleInfo (RoleInfo.java:shutdownLeaderElection(130)) - s1: shutdown s1@group-469FBF65F7A7-LeaderElection41
2022-09-20 10:12:57,705 [s1@group-469FBF65F7A7-LeaderElection41] INFO  impl.RoleInfo (RoleInfo.java:updateAndGet(139)) - s1: start s1@group-469FBF65F7A7-FollowerState
2022-09-20 10:12:57,713 [null-request--thread1] INFO  server.GrpcClientProtocolService (GrpcClientProtocolService.java:lambda$processClientRequest$0(284)) - Failed RaftClientRequest:client-76B04C62A16F->s1@group-469FBF65F7A7, cid=451, seq=0, RW, Message:6d3635, reply=RaftClientReply:client-76B04C62A16F->s1@group-469FBF65F7A7, cid=451, FAILED org.apache.ratis.protocol.exceptions.NotLeaderException: Server s1@group-469FBF65F7A7 is not the leader, logIndex=0, commits[s1:c133, s0:c130, s2:c133]
2022-09-20 10:12:57,909 [s1@group-469FBF65F7A7-FollowerState] INFO  impl.FollowerState (FollowerState.java:run(141)) - s1@group-469FBF65F7A7-FollowerState: change to CANDIDATE, lastRpcElapsedTime:204665624ns, electionTimeout:204ms
2022-09-20 10:12:57,909 [s1@group-469FBF65F7A7-FollowerState] INFO  impl.RoleInfo (RoleInfo.java:shutdownFollowerState(110)) - s1: shutdown s1@group-469FBF65F7A7-FollowerState
2022-09-20 10:12:57,910 [s1@group-469FBF65F7A7-FollowerState] INFO  server.RaftServer$Division (RaftServerImpl.java:setRole(317)) - s1@group-469FBF65F7A7: changes role from  FOLLOWER to CANDIDATE at term 2 for changeToCandidate
2022-09-20 10:12:57,910 [s1@group-469FBF65F7A7-FollowerState] INFO  server.RaftServerConfigKeys (ConfUtils.java:logGet(46)) - raft.server.leaderelection.pre-vote = true (default)
2022-09-20 10:12:57,910 [s1@group-469FBF65F7A7-FollowerState] INFO  impl.RoleInfo (RoleInfo.java:updateAndGet(139)) - s1: start s1@group-469FBF65F7A7-LeaderElection42
2022-09-20 10:12:57,910 [s1@group-469FBF65F7A7-LeaderElection42] INFO  impl.LeaderElection (LeaderElection.java:askForVotes(308)) - s1@group-469FBF65F7A7-LeaderElection42 PRE_VOTE round 0: submit vote requests at term 2 for 133: peers:[s0|rpc:localhost:39281|admin:localhost:38455|client:localhost:36053|dataStream:localhost:45769|priority:0|startupRole:FOLLOWER, s1|rpc:localhost:46849|admin:localhost:41515|client:localhost:39119|dataStream:localhost:41703|priority:0|startupRole:FOLLOWER, s2|rpc:localhost:35167|admin:localhost:44965|client:localhost:40979|dataStream:localhost:34151|priority:0|startupRole:FOLLOWER]|listeners:[], old=null
2022-09-20 10:12:57,911 [grpc-default-executor-8] INFO  server.RaftServer$Division (RaftServerImpl.java:requestVote(1281)) - s0@group-469FBF65F7A7: receive requestVote(PRE_VOTE, s1, group-469FBF65F7A7, 2, (t:2, i:134))
2022-09-20 10:12:57,911 [grpc-default-executor-0] INFO  server.RaftServer$Division (RaftServerImpl.java:requestVote(1281)) - s2@group-469FBF65F7A7: receive requestVote(PRE_VOTE, s1, group-469FBF65F7A7, 2, (t:2, i:134))
2022-09-20 10:12:57,911 [grpc-default-executor-0] WARN  server.GrpcServerProtocolService (LogUtils.java:warn(122)) - s2: Failed requestVote s1->s2#0: org.apache.ratis.protocol.exceptions.ServerNotReadyException: s2@group-469FBF65F7A7 is not in [RUNNING]: current state is CLOSED
2022-09-20 10:12:57,911 [grpc-default-executor-8] WARN  server.GrpcServerProtocolService (LogUtils.java:warn(122)) - s0: Failed requestVote s1->s0#0: org.apache.ratis.protocol.exceptions.ServerNotReadyException: s0@group-469FBF65F7A7 is not in [RUNNING]: current state is CLOSED
2022-09-20 10:12:57,912 [s1@group-469FBF65F7A7-LeaderElection42] INFO  impl.LeaderElection (LogUtils.java:infoOrTrace(137)) - s1@group-469FBF65F7A7-LeaderElection42 got exception when requesting votes: java.util.concurrent.ExecutionException: org.apache.ratis.thirdparty.io.grpc.StatusRuntimeException: INTERNAL: s2@group-469FBF65F7A7 is not in [RUNNING]: current state is CLOSED
2022-09-20 10:12:57,915 [s1@group-469FBF65F7A7-LeaderElection42] INFO  impl.LeaderElection (LogUtils.java:infoOrTrace(137)) - s1@group-469FBF65F7A7-LeaderElection42 got exception when requesting votes: java.util.concurrent.ExecutionException: org.apache.ratis.thirdparty.io.grpc.StatusRuntimeException: INTERNAL: s0@group-469FBF65F7A7 is not in [RUNNING]: current state is CLOSED
2022-09-20 10:12:57,915 [s1@group-469FBF65F7A7-LeaderElection42] INFO  impl.LeaderElection (LeaderElection.java:logAndReturn(89)) - s1@group-469FBF65F7A7-LeaderElection42: PRE_VOTE REJECTED received 0 response(s) and 2 exception(s):
2022-09-20 10:12:57,915 [s1@group-469FBF65F7A7-LeaderElection42] INFO  impl.LeaderElection (LogUtils.java:infoOrTrace(137)) -   Exception 0: java.util.concurrent.ExecutionException: org.apache.ratis.thirdparty.io.grpc.StatusRuntimeException: INTERNAL: s2@group-469FBF65F7A7 is not in [RUNNING]: current state is CLOSED
2022-09-20 10:12:57,915 [s1@group-469FBF65F7A7-LeaderElection42] INFO  impl.LeaderElection (LogUtils.java:infoOrTrace(137)) -   Exception 1: java.util.concurrent.ExecutionException: org.apache.ratis.thirdparty.io.grpc.StatusRuntimeException: INTERNAL: s0@group-469FBF65F7A7 is not in [RUNNING]: current state is CLOSED
2022-09-20 10:12:57,915 [s1@group-469FBF65F7A7-LeaderElection42] INFO  impl.LeaderElection (LeaderElection.java:askForVotes(310)) - s1@group-469FBF65F7A7-LeaderElection42 PRE_VOTE round 0: result REJECTED
2022-09-20 10:12:57,915 [s1@group-469FBF65F7A7-LeaderElection42] INFO  server.RaftServer$Division (RaftServerImpl.java:setRole(317)) - s1@group-469FBF65F7A7: changes role from CANDIDATE to FOLLOWER at term 2 for REJECTED
2022-09-20 10:12:57,915 [s1@group-469FBF65F7A7-LeaderElection42] INFO  impl.RoleInfo (RoleInfo.java:shutdownLeaderElection(130)) - s1: shutdown s1@group-469FBF65F7A7-LeaderElection42
2022-09-20 10:12:57,915 [s1@group-469FBF65F7A7-LeaderElection42] INFO  impl.RoleInfo (RoleInfo.java:updateAndGet(139)) - s1: start s1@group-469FBF65F7A7-FollowerState
2022-09-20 10:12:57,949 [Timer-3] INFO  impl.MiniRaftCluster (MiniRaftCluster.java:lambda$start$6(349)) - TIMED-PRINT: printing ALL groups
  s0:  RUNNING    LEADER s0@group-469FBF65F7A7:t1, leader=s0, voted=s0, raftlog=Memoized:s0@group-469FBF65F7A7-SegmentedRaftLog:CLOSED:c132, conf=0: peers:[s0|rpc:localhost:39281|admin:localhost:38455|client:localhost:36053|dataStream:localhost:45769|priority:0|startupRole:FOLLOWER, s1|rpc:localhost:46849|admin:localhost:41515|client:localhost:39119|dataStream:localhost:41703|priority:0|startupRole:FOLLOWER, s2|rpc:localhost:35167|admin:localhost:44965|client:localhost:40979|dataStream:localhost:34151|priority:0|startupRole:FOLLOWER]|listeners:[], old=null CLOSED
  s1:  RUNNING  FOLLOWER s1@group-469FBF65F7A7:t2, leader=null, voted=s2, raftlog=Memoized:s1@group-469FBF65F7A7-SegmentedRaftLog:OPENED:c133, conf=133: peers:[s0|rpc:localhost:39281|admin:localhost:38455|client:localhost:36053|dataStream:localhost:45769|priority:0|startupRole:FOLLOWER, s1|rpc:localhost:46849|admin:localhost:41515|client:localhost:39119|dataStream:localhost:41703|priority:0|startupRole:FOLLOWER, s2|rpc:localhost:35167|admin:localhost:44965|client:localhost:40979|dataStream:localhost:34151|priority:0|startupRole:FOLLOWER]|listeners:[], old=null RUNNING
  s2:  RUNNING    LEADER s2@group-469FBF65F7A7:t2, leader=s2, voted=s2, raftlog=Memoized:s2@group-469FBF65F7A7-SegmentedRaftLog:CLOSED:c133, conf=133: peers:[s0|rpc:localhost:39281|admin:localhost:38455|client:localhost:36053|dataStream:localhost:45769|priority:0|startupRole:FOLLOWER, s1|rpc:localhost:46849|admin:localhost:41515|client:localhost:39119|dataStream:localhost:41703|priority:0|startupRole:FOLLOWER, s2|rpc:localhost:35167|admin:localhost:44965|client:localhost:40979|dataStream:localhost:34151|priority:0|startupRole:FOLLOWER]|listeners:[], old=null CLOSED
2022-09-20 10:12:58,029 [null-request--thread1] INFO  server.GrpcClientProtocolService (GrpcClientProtocolService.java:lambda$processClientRequest$0(284)) - Failed RaftClientRequest:client-76B04C62A16F->s1@group-469FBF65F7A7, cid=451, seq=0, RW, Message:6d3635, reply=RaftClientReply:client-76B04C62A16F->s1@group-469FBF65F7A7, cid=451, FAILED org.apache.ratis.protocol.exceptions.NotLeaderException: Server s1@group-469FBF65F7A7 is not the leader, logIndex=0, commits[s1:c133, s0:c130, s2:c133]
2022-09-20 10:12:58,128 [s1@group-469FBF65F7A7-FollowerState] INFO  impl.FollowerState (FollowerState.java:run(141)) - s1@group-469FBF65F7A7-FollowerState: change to CANDIDATE, lastRpcElapsedTime:212719846ns, electionTimeout:209ms
2022-09-20 10:12:58,128 [s1@group-469FBF65F7A7-FollowerState] INFO  impl.RoleInfo (RoleInfo.java:shutdownFollowerState(110)) - s1: shutdown s1@group-469FBF65F7A7-FollowerState
2022-09-20 10:12:58,128 [s1@group-469FBF65F7A7-FollowerState] INFO  server.RaftServer$Division (RaftServerImpl.java:setRole(317)) - s1@group-469FBF65F7A7: changes role from  FOLLOWER to CANDIDATE at term 2 for changeToCandidate
2022-09-20 10:12:58,128 [s1@group-469FBF65F7A7-FollowerState] INFO  server.RaftServerConfigKeys (ConfUtils.java:logGet(46)) - raft.server.leaderelection.pre-vote = true (default)
2022-09-20 10:12:58,128 [s1@group-469FBF65F7A7-FollowerState] INFO  impl.RoleInfo (RoleInfo.java:updateAndGet(139)) - s1: start s1@group-469FBF65F7A7-LeaderElection43
2022-09-20 10:12:58,129 [s1@group-469FBF65F7A7-LeaderElection43] INFO  impl.LeaderElection (LeaderElection.java:askForVotes(308)) - s1@group-469FBF65F7A7-LeaderElection43 PRE_VOTE round 0: submit vote requests at term 2 for 133: peers:[s0|rpc:localhost:39281|admin:localhost:38455|client:localhost:36053|dataStream:localhost:45769|priority:0|startupRole:FOLLOWER, s1|rpc:localhost:46849|admin:localhost:41515|client:localhost:39119|dataStream:localhost:41703|priority:0|startupRole:FOLLOWER, s2|rpc:localhost:35167|admin:localhost:44965|client:localhost:40979|dataStream:localhost:34151|priority:0|startupRole:FOLLOWER]|listeners:[], old=null
2022-09-20 10:12:58,130 [grpc-default-executor-5] INFO  server.RaftServer$Division (RaftServerImpl.java:requestVote(1281)) - s0@group-469FBF65F7A7: receive requestVote(PRE_VOTE, s1, group-469FBF65F7A7, 2, (t:2, i:134))
2022-09-20 10:12:58,130 [grpc-default-executor-5] WARN  server.GrpcServerProtocolService (LogUtils.java:warn(122)) - s0: Failed requestVote s1->s0#0: org.apache.ratis.protocol.exceptions.ServerNotReadyException: s0@group-469FBF65F7A7 is not in [RUNNING]: current state is CLOSED
2022-09-20 10:12:58,133 [s1@group-469FBF65F7A7-LeaderElection43] INFO  impl.LeaderElection (LogUtils.java:infoOrTrace(137)) - s1@group-469FBF65F7A7-LeaderElection43 got exception when requesting votes: java.util.concurrent.ExecutionException: org.apache.ratis.thirdparty.io.grpc.StatusRuntimeException: INTERNAL: s0@group-469FBF65F7A7 is not in [RUNNING]: current state is CLOSED
2022-09-20 10:12:58,134 [grpc-default-executor-5] INFO  server.RaftServer$Division (RaftServerImpl.java:requestVote(1281)) - s2@group-469FBF65F7A7: receive requestVote(PRE_VOTE, s1, group-469FBF65F7A7, 2, (t:2, i:134))
2022-09-20 10:12:58,134 [grpc-default-executor-5] WARN  server.GrpcServerProtocolService (LogUtils.java:warn(122)) - s2: Failed requestVote s1->s2#0: org.apache.ratis.protocol.exceptions.ServerNotReadyException: s2@group-469FBF65F7A7 is not in [RUNNING]: current state is CLOSED
2022-09-20 10:12:58,135 [s1@group-469FBF65F7A7-LeaderElection43] INFO  impl.LeaderElection (LogUtils.java:infoOrTrace(137)) - s1@group-469FBF65F7A7-LeaderElection43 got exception when requesting votes: java.util.concurrent.ExecutionException: org.apache.ratis.thirdparty.io.grpc.StatusRuntimeException: INTERNAL: s2@group-469FBF65F7A7 is not in [RUNNING]: current state is CLOSED
2022-09-20 10:12:58,135 [s1@group-469FBF65F7A7-LeaderElection43] INFO  impl.LeaderElection (LeaderElection.java:logAndReturn(89)) - s1@group-469FBF65F7A7-LeaderElection43: PRE_VOTE REJECTED received 0 response(s) and 2 exception(s):
2022-09-20 10:12:58,135 [s1@group-469FBF65F7A7-LeaderElection43] INFO  impl.LeaderElection (LogUtils.java:infoOrTrace(137)) -   Exception 0: java.util.concurrent.ExecutionException: org.apache.ratis.thirdparty.io.grpc.StatusRuntimeException: INTERNAL: s0@group-469FBF65F7A7 is not in [RUNNING]: current state is CLOSED
2022-09-20 10:12:58,135 [s1@group-469FBF65F7A7-LeaderElection43] INFO  impl.LeaderElection (LogUtils.java:infoOrTrace(137)) -   Exception 1: java.util.concurrent.ExecutionException: org.apache.ratis.thirdparty.io.grpc.StatusRuntimeException: INTERNAL: s2@group-469FBF65F7A7 is not in [RUNNING]: current state is CLOSED
2022-09-20 10:12:58,135 [s1@group-469FBF65F7A7-LeaderElection43] INFO  impl.LeaderElection (LeaderElection.java:askForVotes(310)) - s1@group-469FBF65F7A7-LeaderElection43 PRE_VOTE round 0: result REJECTED
2022-09-20 10:12:58,135 [s1@group-469FBF65F7A7-LeaderElection43] INFO  server.RaftServer$Division (RaftServerImpl.java:setRole(317)) - s1@group-469FBF65F7A7: changes role from CANDIDATE to FOLLOWER at term 2 for REJECTED
2022-09-20 10:12:58,135 [s1@group-469FBF65F7A7-LeaderElection43] INFO  impl.RoleInfo (RoleInfo.java:shutdownLeaderElection(130)) - s1: shutdown s1@group-469FBF65F7A7-LeaderElection43
2022-09-20 10:12:58,135 [s1@group-469FBF65F7A7-LeaderElection43] INFO  impl.RoleInfo (RoleInfo.java:updateAndGet(139)) - s1: start s1@group-469FBF65F7A7-FollowerState
2022-09-20 10:12:58,240 [null-request--thread1] INFO  server.GrpcClientProtocolService (GrpcClientProtocolService.java:lambda$processClientRequest$0(284)) - Failed RaftClientRequest:client-76B04C62A16F->s1@group-469FBF65F7A7, cid=451, seq=0, RW, Message:6d3635, reply=RaftClientReply:client-76B04C62A16F->s1@group-469FBF65F7A7, cid=451, FAILED org.apache.ratis.protocol.exceptions.NotLeaderException: Server s1@group-469FBF65F7A7 is not the leader, logIndex=0, commits[s1:c133, s0:c130, s2:c133]
2022-09-20 10:12:58,429 [s1@group-469FBF65F7A7-FollowerState] INFO  impl.FollowerState (FollowerState.java:run(141)) - s1@group-469FBF65F7A7-FollowerState: change to CANDIDATE, lastRpcElapsedTime:294164890ns, electionTimeout:293ms
2022-09-20 10:12:58,429 [s1@group-469FBF65F7A7-FollowerState] INFO  impl.RoleInfo (RoleInfo.java:shutdownFollowerState(110)) - s1: shutdown s1@group-469FBF65F7A7-FollowerState
2022-09-20 10:12:58,430 [s1@group-469FBF65F7A7-FollowerState] INFO  server.RaftServer$Division (RaftServerImpl.java:setRole(317)) - s1@group-469FBF65F7A7: changes role from  FOLLOWER to CANDIDATE at term 2 for changeToCandidate
2022-09-20 10:12:58,430 [s1@group-469FBF65F7A7-FollowerState] INFO  server.RaftServerConfigKeys (ConfUtils.java:logGet(46)) - raft.server.leaderelection.pre-vote = true (default)
2022-09-20 10:12:58,430 [s1@group-469FBF65F7A7-FollowerState] INFO  impl.RoleInfo (RoleInfo.java:updateAndGet(139)) - s1: start s1@group-469FBF65F7A7-LeaderElection44
2022-09-20 10:12:58,430 [s1@group-469FBF65F7A7-LeaderElection44] INFO  impl.LeaderElection (LeaderElection.java:askForVotes(308)) - s1@group-469FBF65F7A7-LeaderElection44 PRE_VOTE round 0: submit vote requests at term 2 for 133: peers:[s0|rpc:localhost:39281|admin:localhost:38455|client:localhost:36053|dataStream:localhost:45769|priority:0|startupRole:FOLLOWER, s1|rpc:localhost:46849|admin:localhost:41515|client:localhost:39119|dataStream:localhost:41703|priority:0|startupRole:FOLLOWER, s2|rpc:localhost:35167|admin:localhost:44965|client:localhost:40979|dataStream:localhost:34151|priority:0|startupRole:FOLLOWER]|listeners:[], old=null
2022-09-20 10:12:58,431 [grpc-default-executor-5] INFO  server.RaftServer$Division (RaftServerImpl.java:requestVote(1281)) - s2@group-469FBF65F7A7: receive requestVote(PRE_VOTE, s1, group-469FBF65F7A7, 2, (t:2, i:134))
2022-09-20 10:12:58,431 [grpc-default-executor-0] INFO  server.RaftServer$Division (RaftServerImpl.java:requestVote(1281)) - s0@group-469FBF65F7A7: receive requestVote(PRE_VOTE, s1, group-469FBF65F7A7, 2, (t:2, i:134))
2022-09-20 10:12:58,431 [grpc-default-executor-5] WARN  server.GrpcServerProtocolService (LogUtils.java:warn(122)) - s2: Failed requestVote s1->s2#0: org.apache.ratis.protocol.exceptions.ServerNotReadyException: s2@group-469FBF65F7A7 is not in [RUNNING]: current state is CLOSED
2022-09-20 10:12:58,432 [grpc-default-executor-0] WARN  server.GrpcServerProtocolService (LogUtils.java:warn(122)) - s0: Failed requestVote s1->s0#0: org.apache.ratis.protocol.exceptions.ServerNotReadyException: s0@group-469FBF65F7A7 is not in [RUNNING]: current state is CLOSED
2022-09-20 10:12:58,432 [s1@group-469FBF65F7A7-LeaderElection44] INFO  impl.LeaderElection (LogUtils.java:infoOrTrace(137)) - s1@group-469FBF65F7A7-LeaderElection44 got exception when requesting votes: java.util.concurrent.ExecutionException: org.apache.ratis.thirdparty.io.grpc.StatusRuntimeException: INTERNAL: s2@group-469FBF65F7A7 is not in [RUNNING]: current state is CLOSED
2022-09-20 10:12:58,434 [s1@group-469FBF65F7A7-LeaderElection44] INFO  impl.LeaderElection (LogUtils.java:infoOrTrace(137)) - s1@group-469FBF65F7A7-LeaderElection44 got exception when requesting votes: java.util.concurrent.ExecutionException: org.apache.ratis.thirdparty.io.grpc.StatusRuntimeException: INTERNAL: s0@group-469FBF65F7A7 is not in [RUNNING]: current state is CLOSED
2022-09-20 10:12:58,434 [s1@group-469FBF65F7A7-LeaderElection44] INFO  impl.LeaderElection (LeaderElection.java:logAndReturn(89)) - s1@group-469FBF65F7A7-LeaderElection44: PRE_VOTE REJECTED received 0 response(s) and 2 exception(s):
2022-09-20 10:12:58,434 [s1@group-469FBF65F7A7-LeaderElection44] INFO  impl.LeaderElection (LogUtils.java:infoOrTrace(137)) -   Exception 0: java.util.concurrent.ExecutionException: org.apache.ratis.thirdparty.io.grpc.StatusRuntimeException: INTERNAL: s2@group-469FBF65F7A7 is not in [RUNNING]: current state is CLOSED
2022-09-20 10:12:58,434 [s1@group-469FBF65F7A7-LeaderElection44] INFO  impl.LeaderElection (LogUtils.java:infoOrTrace(137)) -   Exception 1: java.util.concurrent.ExecutionException: org.apache.ratis.thirdparty.io.grpc.StatusRuntimeException: INTERNAL: s0@group-469FBF65F7A7 is not in [RUNNING]: current state is CLOSED
2022-09-20 10:12:58,434 [s1@group-469FBF65F7A7-LeaderElection44] INFO  impl.LeaderElection (LeaderElection.java:askForVotes(310)) - s1@group-469FBF65F7A7-LeaderElection44 PRE_VOTE round 0: result REJECTED
2022-09-20 10:12:58,434 [s1@group-469FBF65F7A7-LeaderElection44] INFO  server.RaftServer$Division (RaftServerImpl.java:setRole(317)) - s1@group-469FBF65F7A7: changes role from CANDIDATE to FOLLOWER at term 2 for REJECTED
2022-09-20 10:12:58,434 [s1@group-469FBF65F7A7-LeaderElection44] INFO  impl.RoleInfo (RoleInfo.java:shutdownLeaderElection(130)) - s1: shutdown s1@group-469FBF65F7A7-LeaderElection44
2022-09-20 10:12:58,434 [s1@group-469FBF65F7A7-LeaderElection44] INFO  impl.RoleInfo (RoleInfo.java:updateAndGet(139)) - s1: start s1@group-469FBF65F7A7-FollowerState
2022-09-20 10:12:58,558 [null-request--thread1] INFO  server.GrpcClientProtocolService (GrpcClientProtocolService.java:lambda$processClientRequest$0(284)) - Failed RaftClientRequest:client-76B04C62A16F->s1@group-469FBF65F7A7, cid=451, seq=0, RW, Message:6d3635, reply=RaftClientReply:client-76B04C62A16F->s1@group-469FBF65F7A7, cid=451, FAILED org.apache.ratis.protocol.exceptions.NotLeaderException: Server s1@group-469FBF65F7A7 is not the leader, logIndex=0, commits[s1:c133, s0:c130, s2:c133]
2022-09-20 10:12:58,699 [s1@group-469FBF65F7A7-FollowerState] INFO  impl.FollowerState (FollowerState.java:run(141)) - s1@group-469FBF65F7A7-FollowerState: change to CANDIDATE, lastRpcElapsedTime:265261049ns, electionTimeout:259ms
2022-09-20 10:12:58,699 [s1@group-469FBF65F7A7-FollowerState] INFO  impl.RoleInfo (RoleInfo.java:shutdownFollowerState(110)) - s1: shutdown s1@group-469FBF65F7A7-FollowerState
2022-09-20 10:12:58,700 [s1@group-469FBF65F7A7-FollowerState] INFO  server.RaftServer$Division (RaftServerImpl.java:setRole(317)) - s1@group-469FBF65F7A7: changes role from  FOLLOWER to CANDIDATE at term 2 for changeToCandidate
2022-09-20 10:12:58,700 [s1@group-469FBF65F7A7-FollowerState] INFO  server.RaftServerConfigKeys (ConfUtils.java:logGet(46)) - raft.server.leaderelection.pre-vote = true (default)
2022-09-20 10:12:58,700 [s1@group-469FBF65F7A7-FollowerState] INFO  impl.RoleInfo (RoleInfo.java:updateAndGet(139)) - s1: start s1@group-469FBF65F7A7-LeaderElection45
2022-09-20 10:12:58,700 [s1@group-469FBF65F7A7-LeaderElection45] INFO  impl.LeaderElection (LeaderElection.java:askForVotes(308)) - s1@group-469FBF65F7A7-LeaderElection45 PRE_VOTE round 0: submit vote requests at term 2 for 133: peers:[s0|rpc:localhost:39281|admin:localhost:38455|client:localhost:36053|dataStream:localhost:45769|priority:0|startupRole:FOLLOWER, s1|rpc:localhost:46849|admin:localhost:41515|client:localhost:39119|dataStream:localhost:41703|priority:0|startupRole:FOLLOWER, s2|rpc:localhost:35167|admin:localhost:44965|client:localhost:40979|dataStream:localhost:34151|priority:0|startupRole:FOLLOWER]|listeners:[], old=null
2022-09-20 10:12:58,701 [grpc-default-executor-0] INFO  server.RaftServer$Division (RaftServerImpl.java:requestVote(1281)) - s0@group-469FBF65F7A7: receive requestVote(PRE_VOTE, s1, group-469FBF65F7A7, 2, (t:2, i:134))
2022-09-20 10:12:58,701 [grpc-default-executor-0] WARN  server.GrpcServerProtocolService (LogUtils.java:warn(122)) - s0: Failed requestVote s1->s0#0: org.apache.ratis.protocol.exceptions.ServerNotReadyException: s0@group-469FBF65F7A7 is not in [RUNNING]: current state is CLOSED
2022-09-20 10:12:58,702 [s1@group-469FBF65F7A7-LeaderElection45] INFO  impl.LeaderElection (LogUtils.java:infoOrTrace(137)) - s1@group-469FBF65F7A7-LeaderElection45 got exception when requesting votes: java.util.concurrent.ExecutionException: org.apache.ratis.thirdparty.io.grpc.StatusRuntimeException: INTERNAL: s0@group-469FBF65F7A7 is not in [RUNNING]: current state is CLOSED
2022-09-20 10:12:58,702 [grpc-default-executor-0] INFO  server.RaftServer$Division (RaftServerImpl.java:requestVote(1281)) - s2@group-469FBF65F7A7: receive requestVote(PRE_VOTE, s1, group-469FBF65F7A7, 2, (t:2, i:134))
2022-09-20 10:12:58,702 [grpc-default-executor-0] WARN  server.GrpcServerProtocolService (LogUtils.java:warn(122)) - s2: Failed requestVote s1->s2#0: org.apache.ratis.protocol.exceptions.ServerNotReadyException: s2@group-469FBF65F7A7 is not in [RUNNING]: current state is CLOSED
2022-09-20 10:12:58,704 [s1@group-469FBF65F7A7-LeaderElection45] INFO  impl.LeaderElection (LogUtils.java:infoOrTrace(137)) - s1@group-469FBF65F7A7-LeaderElection45 got exception when requesting votes: java.util.concurrent.ExecutionException: org.apache.ratis.thirdparty.io.grpc.StatusRuntimeException: INTERNAL: s2@group-469FBF65F7A7 is not in [RUNNING]: current state is CLOSED
2022-09-20 10:12:58,704 [s1@group-469FBF65F7A7-LeaderElection45] INFO  impl.LeaderElection (LeaderElection.java:logAndReturn(89)) - s1@group-469FBF65F7A7-LeaderElection45: PRE_VOTE REJECTED received 0 response(s) and 2 exception(s):
2022-09-20 10:12:58,704 [s1@group-469FBF65F7A7-LeaderElection45] INFO  impl.LeaderElection (LogUtils.java:infoOrTrace(137)) -   Exception 0: java.util.concurrent.ExecutionException: org.apache.ratis.thirdparty.io.grpc.StatusRuntimeException: INTERNAL: s0@group-469FBF65F7A7 is not in [RUNNING]: current state is CLOSED
2022-09-20 10:12:58,705 [s1@group-469FBF65F7A7-LeaderElection45] INFO  impl.LeaderElection (LogUtils.java:infoOrTrace(137)) -   Exception 1: java.util.concurrent.ExecutionException: org.apache.ratis.thirdparty.io.grpc.StatusRuntimeException: INTERNAL: s2@group-469FBF65F7A7 is not in [RUNNING]: current state is CLOSED
2022-09-20 10:12:58,705 [s1@group-469FBF65F7A7-LeaderElection45] INFO  impl.LeaderElection (LeaderElection.java:askForVotes(310)) - s1@group-469FBF65F7A7-LeaderElection45 PRE_VOTE round 0: result REJECTED
2022-09-20 10:12:58,705 [s1@group-469FBF65F7A7-LeaderElection45] INFO  server.RaftServer$Division (RaftServerImpl.java:setRole(317)) - s1@group-469FBF65F7A7: changes role from CANDIDATE to FOLLOWER at term 2 for REJECTED
2022-09-20 10:12:58,705 [s1@group-469FBF65F7A7-LeaderElection45] INFO  impl.RoleInfo (RoleInfo.java:shutdownLeaderElection(130)) - s1: shutdown s1@group-469FBF65F7A7-LeaderElection45
2022-09-20 10:12:58,705 [s1@group-469FBF65F7A7-LeaderElection45] INFO  impl.RoleInfo (RoleInfo.java:updateAndGet(139)) - s1: start s1@group-469FBF65F7A7-FollowerState
2022-09-20 10:12:58,874 [null-request--thread1] INFO  server.GrpcClientProtocolService (GrpcClientProtocolService.java:lambda$processClientRequest$0(284)) - Failed RaftClientRequest:client-76B04C62A16F->s1@group-469FBF65F7A7, cid=451, seq=0, RW, Message:6d3635, reply=RaftClientReply:client-76B04C62A16F->s1@group-469FBF65F7A7, cid=451, FAILED org.apache.ratis.protocol.exceptions.NotLeaderException: Server s1@group-469FBF65F7A7 is not the leader, logIndex=0, commits[s1:c133, s0:c130, s2:c133]
2022-09-20 10:12:58,927 [s1@group-469FBF65F7A7-FollowerState] INFO  impl.FollowerState (FollowerState.java:run(141)) - s1@group-469FBF65F7A7-FollowerState: change to CANDIDATE, lastRpcElapsedTime:221617183ns, electionTimeout:220ms
2022-09-20 10:12:58,927 [s1@group-469FBF65F7A7-FollowerState] INFO  impl.RoleInfo (RoleInfo.java:shutdownFollowerState(110)) - s1: shutdown s1@group-469FBF65F7A7-FollowerState
2022-09-20 10:12:58,927 [s1@group-469FBF65F7A7-FollowerState] INFO  server.RaftServer$Division (RaftServerImpl.java:setRole(317)) - s1@group-469FBF65F7A7: changes role from  FOLLOWER to CANDIDATE at term 2 for changeToCandidate
2022-09-20 10:12:58,927 [s1@group-469FBF65F7A7-FollowerState] INFO  server.RaftServerConfigKeys (ConfUtils.java:logGet(46)) - raft.server.leaderelection.pre-vote = true (default)
2022-09-20 10:12:58,927 [s1@group-469FBF65F7A7-FollowerState] INFO  impl.RoleInfo (RoleInfo.java:updateAndGet(139)) - s1: start s1@group-469FBF65F7A7-LeaderElection46
2022-09-20 10:12:58,927 [s1@group-469FBF65F7A7-LeaderElection46] INFO  impl.LeaderElection (LeaderElection.java:askForVotes(308)) - s1@group-469FBF65F7A7-LeaderElection46 PRE_VOTE round 0: submit vote requests at term 2 for 133: peers:[s0|rpc:localhost:39281|admin:localhost:38455|client:localhost:36053|dataStream:localhost:45769|priority:0|startupRole:FOLLOWER, s1|rpc:localhost:46849|admin:localhost:41515|client:localhost:39119|dataStream:localhost:41703|priority:0|startupRole:FOLLOWER, s2|rpc:localhost:35167|admin:localhost:44965|client:localhost:40979|dataStream:localhost:34151|priority:0|startupRole:FOLLOWER]|listeners:[], old=null
2022-09-20 10:12:58,929 [grpc-default-executor-5] INFO  server.RaftServer$Division (RaftServerImpl.java:requestVote(1281)) - s2@group-469FBF65F7A7: receive requestVote(PRE_VOTE, s1, group-469FBF65F7A7, 2, (t:2, i:134))
2022-09-20 10:12:58,929 [grpc-default-executor-5] WARN  server.GrpcServerProtocolService (LogUtils.java:warn(122)) - s2: Failed requestVote s1->s2#0: org.apache.ratis.protocol.exceptions.ServerNotReadyException: s2@group-469FBF65F7A7 is not in [RUNNING]: current state is CLOSED
2022-09-20 10:12:58,929 [grpc-default-executor-0] INFO  server.RaftServer$Division (RaftServerImpl.java:requestVote(1281)) - s0@group-469FBF65F7A7: receive requestVote(PRE_VOTE, s1, group-469FBF65F7A7, 2, (t:2, i:134))
2022-09-20 10:12:58,929 [grpc-default-executor-0] WARN  server.GrpcServerProtocolService (LogUtils.java:warn(122)) - s0: Failed requestVote s1->s0#0: org.apache.ratis.protocol.exceptions.ServerNotReadyException: s0@group-469FBF65F7A7 is not in [RUNNING]: current state is CLOSED
2022-09-20 10:12:58,930 [s1@group-469FBF65F7A7-LeaderElection46] INFO  impl.LeaderElection (LogUtils.java:infoOrTrace(137)) - s1@group-469FBF65F7A7-LeaderElection46 got exception when requesting votes: java.util.concurrent.ExecutionException: org.apache.ratis.thirdparty.io.grpc.StatusRuntimeException: INTERNAL: s0@group-469FBF65F7A7 is not in [RUNNING]: current state is CLOSED
2022-09-20 10:12:58,930 [s1@group-469FBF65F7A7-LeaderElection46] INFO  impl.LeaderElection (LogUtils.java:infoOrTrace(137)) - s1@group-469FBF65F7A7-LeaderElection46 got exception when requesting votes: java.util.concurrent.ExecutionException: org.apache.ratis.thirdparty.io.grpc.StatusRuntimeException: INTERNAL: s2@group-469FBF65F7A7 is not in [RUNNING]: current state is CLOSED
2022-09-20 10:12:58,930 [s1@group-469FBF65F7A7-LeaderElection46] INFO  impl.LeaderElection (LeaderElection.java:logAndReturn(89)) - s1@group-469FBF65F7A7-LeaderElection46: PRE_VOTE REJECTED received 0 response(s) and 2 exception(s):
2022-09-20 10:12:58,930 [s1@group-469FBF65F7A7-LeaderElection46] INFO  impl.LeaderElection (LogUtils.java:infoOrTrace(137)) -   Exception 0: java.util.concurrent.ExecutionException: org.apache.ratis.thirdparty.io.grpc.StatusRuntimeException: INTERNAL: s0@group-469FBF65F7A7 is not in [RUNNING]: current state is CLOSED
2022-09-20 10:12:58,930 [s1@group-469FBF65F7A7-LeaderElection46] INFO  impl.LeaderElection (LogUtils.java:infoOrTrace(137)) -   Exception 1: java.util.concurrent.ExecutionException: org.apache.ratis.thirdparty.io.grpc.StatusRuntimeException: INTERNAL: s2@group-469FBF65F7A7 is not in [RUNNING]: current state is CLOSED
2022-09-20 10:12:58,930 [s1@group-469FBF65F7A7-LeaderElection46] INFO  impl.LeaderElection (LeaderElection.java:askForVotes(310)) - s1@group-469FBF65F7A7-LeaderElection46 PRE_VOTE round 0: result REJECTED
2022-09-20 10:12:58,930 [s1@group-469FBF65F7A7-LeaderElection46] INFO  server.RaftServer$Division (RaftServerImpl.java:setRole(317)) - s1@group-469FBF65F7A7: changes role from CANDIDATE to FOLLOWER at term 2 for REJECTED
2022-09-20 10:12:58,930 [s1@group-469FBF65F7A7-LeaderElection46] INFO  impl.RoleInfo (RoleInfo.java:shutdownLeaderElection(130)) - s1: shutdown s1@group-469FBF65F7A7-LeaderElection46
2022-09-20 10:12:58,930 [s1@group-469FBF65F7A7-LeaderElection46] INFO  impl.RoleInfo (RoleInfo.java:updateAndGet(139)) - s1: start s1@group-469FBF65F7A7-FollowerState
2022-09-20 10:12:59,175 [s1@group-469FBF65F7A7-FollowerState] INFO  impl.FollowerState (FollowerState.java:run(141)) - s1@group-469FBF65F7A7-FollowerState: change to CANDIDATE, lastRpcElapsedTime:244511531ns, electionTimeout:244ms
2022-09-20 10:12:59,175 [s1@group-469FBF65F7A7-FollowerState] INFO  impl.RoleInfo (RoleInfo.java:shutdownFollowerState(110)) - s1: shutdown s1@group-469FBF65F7A7-FollowerState
2022-09-20 10:12:59,175 [s1@group-469FBF65F7A7-FollowerState] INFO  server.RaftServer$Division (RaftServerImpl.java:setRole(317)) - s1@group-469FBF65F7A7: changes role from  FOLLOWER to CANDIDATE at term 2 for changeToCandidate
2022-09-20 10:12:59,175 [s1@group-469FBF65F7A7-FollowerState] INFO  server.RaftServerConfigKeys (ConfUtils.java:logGet(46)) - raft.server.leaderelection.pre-vote = true (default)
2022-09-20 10:12:59,175 [s1@group-469FBF65F7A7-FollowerState] INFO  impl.RoleInfo (RoleInfo.java:updateAndGet(139)) - s1: start s1@group-469FBF65F7A7-LeaderElection47
2022-09-20 10:12:59,175 [s1@group-469FBF65F7A7-LeaderElection47] INFO  impl.LeaderElection (LeaderElection.java:askForVotes(308)) - s1@group-469FBF65F7A7-LeaderElection47 PRE_VOTE round 0: submit vote requests at term 2 for 133: peers:[s0|rpc:localhost:39281|admin:localhost:38455|client:localhost:36053|dataStream:localhost:45769|priority:0|startupRole:FOLLOWER, s1|rpc:localhost:46849|admin:localhost:41515|client:localhost:39119|dataStream:localhost:41703|priority:0|startupRole:FOLLOWER, s2|rpc:localhost:35167|admin:localhost:44965|client:localhost:40979|dataStream:localhost:34151|priority:0|startupRole:FOLLOWER]|listeners:[], old=null
2022-09-20 10:12:59,177 [grpc-default-executor-0] INFO  server.RaftServer$Division (RaftServerImpl.java:requestVote(1281)) - s2@group-469FBF65F7A7: receive requestVote(PRE_VOTE, s1, group-469FBF65F7A7, 2, (t:2, i:134))
2022-09-20 10:12:59,177 [grpc-default-executor-0] WARN  server.GrpcServerProtocolService (LogUtils.java:warn(122)) - s2: Failed requestVote s1->s2#0: org.apache.ratis.protocol.exceptions.ServerNotReadyException: s2@group-469FBF65F7A7 is not in [RUNNING]: current state is CLOSED
2022-09-20 10:12:59,177 [grpc-default-executor-8] INFO  server.RaftServer$Division (RaftServerImpl.java:requestVote(1281)) - s0@group-469FBF65F7A7: receive requestVote(PRE_VOTE, s1, group-469FBF65F7A7, 2, (t:2, i:134))
2022-09-20 10:12:59,177 [grpc-default-executor-8] WARN  server.GrpcServerProtocolService (LogUtils.java:warn(122)) - s0: Failed requestVote s1->s0#0: org.apache.ratis.protocol.exceptions.ServerNotReadyException: s0@group-469FBF65F7A7 is not in [RUNNING]: current state is CLOSED
2022-09-20 10:12:59,178 [s1@group-469FBF65F7A7-LeaderElection47] INFO  impl.LeaderElection (LogUtils.java:infoOrTrace(137)) - s1@group-469FBF65F7A7-LeaderElection47 got exception when requesting votes: java.util.concurrent.ExecutionException: org.apache.ratis.thirdparty.io.grpc.StatusRuntimeException: INTERNAL: s2@group-469FBF65F7A7 is not in [RUNNING]: current state is CLOSED
2022-09-20 10:12:59,178 [s1@group-469FBF65F7A7-LeaderElection47] INFO  impl.LeaderElection (LogUtils.java:infoOrTrace(137)) - s1@group-469FBF65F7A7-LeaderElection47 got exception when requesting votes: java.util.concurrent.ExecutionException: org.apache.ratis.thirdparty.io.grpc.StatusRuntimeException: INTERNAL: s0@group-469FBF65F7A7 is not in [RUNNING]: current state is CLOSED
2022-09-20 10:12:59,178 [s1@group-469FBF65F7A7-LeaderElection47] INFO  impl.LeaderElection (LeaderElection.java:logAndReturn(89)) - s1@group-469FBF65F7A7-LeaderElection47: PRE_VOTE REJECTED received 0 response(s) and 2 exception(s):
2022-09-20 10:12:59,178 [s1@group-469FBF65F7A7-LeaderElection47] INFO  impl.LeaderElection (LogUtils.java:infoOrTrace(137)) -   Exception 0: java.util.concurrent.ExecutionException: org.apache.ratis.thirdparty.io.grpc.StatusRuntimeException: INTERNAL: s2@group-469FBF65F7A7 is not in [RUNNING]: current state is CLOSED
2022-09-20 10:12:59,178 [s1@group-469FBF65F7A7-LeaderElection47] INFO  impl.LeaderElection (LogUtils.java:infoOrTrace(137)) -   Exception 1: java.util.concurrent.ExecutionException: org.apache.ratis.thirdparty.io.grpc.StatusRuntimeException: INTERNAL: s0@group-469FBF65F7A7 is not in [RUNNING]: current state is CLOSED
2022-09-20 10:12:59,178 [s1@group-469FBF65F7A7-LeaderElection47] INFO  impl.LeaderElection (LeaderElection.java:askForVotes(310)) - s1@group-469FBF65F7A7-LeaderElection47 PRE_VOTE round 0: result REJECTED
2022-09-20 10:12:59,178 [s1@group-469FBF65F7A7-LeaderElection47] INFO  server.RaftServer$Division (RaftServerImpl.java:setRole(317)) - s1@group-469FBF65F7A7: changes role from CANDIDATE to FOLLOWER at term 2 for REJECTED
2022-09-20 10:12:59,178 [s1@group-469FBF65F7A7-LeaderElection47] INFO  impl.RoleInfo (RoleInfo.java:shutdownLeaderElection(130)) - s1: shutdown s1@group-469FBF65F7A7-LeaderElection47
2022-09-20 10:12:59,178 [s1@group-469FBF65F7A7-LeaderElection47] INFO  impl.RoleInfo (RoleInfo.java:updateAndGet(139)) - s1: start s1@group-469FBF65F7A7-FollowerState
2022-09-20 10:12:59,193 [null-request--thread1] INFO  server.GrpcClientProtocolService (GrpcClientProtocolService.java:lambda$processClientRequest$0(284)) - Failed RaftClientRequest:client-76B04C62A16F->s1@group-469FBF65F7A7, cid=451, seq=0, RW, Message:6d3635, reply=RaftClientReply:client-76B04C62A16F->s1@group-469FBF65F7A7, cid=451, FAILED org.apache.ratis.protocol.exceptions.NotLeaderException: Server s1@group-469FBF65F7A7 is not the leader, logIndex=0, commits[s1:c133, s0:c130, s2:c133]
2022-09-20 10:12:59,404 [null-request--thread1] INFO  server.GrpcClientProtocolService (GrpcClientProtocolService.java:lambda$processClientRequest$0(284)) - Failed RaftClientRequest:client-76B04C62A16F->s1@group-469FBF65F7A7, cid=451, seq=0, RW, Message:6d3635, reply=RaftClientReply:client-76B04C62A16F->s1@group-469FBF65F7A7, cid=451, FAILED org.apache.ratis.protocol.exceptions.NotLeaderException: Server s1@group-469FBF65F7A7 is not the leader, logIndex=0, commits[s1:c133, s0:c130, s2:c133]
2022-09-20 10:12:59,467 [s1@group-469FBF65F7A7-FollowerState] INFO  impl.FollowerState (FollowerState.java:run(141)) - s1@group-469FBF65F7A7-FollowerState: change to CANDIDATE, lastRpcElapsedTime:288610904ns, electionTimeout:288ms
2022-09-20 10:12:59,467 [s1@group-469FBF65F7A7-FollowerState] INFO  impl.RoleInfo (RoleInfo.java:shutdownFollowerState(110)) - s1: shutdown s1@group-469FBF65F7A7-FollowerState
2022-09-20 10:12:59,467 [s1@group-469FBF65F7A7-FollowerState] INFO  server.RaftServer$Division (RaftServerImpl.java:setRole(317)) - s1@group-469FBF65F7A7: changes role from  FOLLOWER to CANDIDATE at term 2 for changeToCandidate
2022-09-20 10:12:59,467 [s1@group-469FBF65F7A7-FollowerState] INFO  server.RaftServerConfigKeys (ConfUtils.java:logGet(46)) - raft.server.leaderelection.pre-vote = true (default)
2022-09-20 10:12:59,467 [s1@group-469FBF65F7A7-FollowerState] INFO  impl.RoleInfo (RoleInfo.java:updateAndGet(139)) - s1: start s1@group-469FBF65F7A7-LeaderElection48
2022-09-20 10:12:59,467 [s1@group-469FBF65F7A7-LeaderElection48] INFO  impl.LeaderElection (LeaderElection.java:askForVotes(308)) - s1@group-469FBF65F7A7-LeaderElection48 PRE_VOTE round 0: submit vote requests at term 2 for 133: peers:[s0|rpc:localhost:39281|admin:localhost:38455|client:localhost:36053|dataStream:localhost:45769|priority:0|startupRole:FOLLOWER, s1|rpc:localhost:46849|admin:localhost:41515|client:localhost:39119|dataStream:localhost:41703|priority:0|startupRole:FOLLOWER, s2|rpc:localhost:35167|admin:localhost:44965|client:localhost:40979|dataStream:localhost:34151|priority:0|startupRole:FOLLOWER]|listeners:[], old=null
2022-09-20 10:12:59,469 [grpc-default-executor-0] INFO  server.RaftServer$Division (RaftServerImpl.java:requestVote(1281)) - s0@group-469FBF65F7A7: receive requestVote(PRE_VOTE, s1, group-469FBF65F7A7, 2, (t:2, i:134))
2022-09-20 10:12:59,469 [grpc-default-executor-0] WARN  server.GrpcServerProtocolService (LogUtils.java:warn(122)) - s0: Failed requestVote s1->s0#0: org.apache.ratis.protocol.exceptions.ServerNotReadyException: s0@group-469FBF65F7A7 is not in [RUNNING]: current state is CLOSED
2022-09-20 10:12:59,470 [s1@group-469FBF65F7A7-LeaderElection48] INFO  impl.LeaderElection (LogUtils.java:infoOrTrace(137)) - s1@group-469FBF65F7A7-LeaderElection48 got exception when requesting votes: java.util.concurrent.ExecutionException: org.apache.ratis.thirdparty.io.grpc.StatusRuntimeException: INTERNAL: s0@group-469FBF65F7A7 is not in [RUNNING]: current state is CLOSED
2022-09-20 10:12:59,470 [grpc-default-executor-0] INFO  server.RaftServer$Division (RaftServerImpl.java:requestVote(1281)) - s2@group-469FBF65F7A7: receive requestVote(PRE_VOTE, s1, group-469FBF65F7A7, 2, (t:2, i:134))
2022-09-20 10:12:59,470 [grpc-default-executor-0] WARN  server.GrpcServerProtocolService (LogUtils.java:warn(122)) - s2: Failed requestVote s1->s2#0: org.apache.ratis.protocol.exceptions.ServerNotReadyException: s2@group-469FBF65F7A7 is not in [RUNNING]: current state is CLOSED
2022-09-20 10:12:59,470 [s1@group-469FBF65F7A7-LeaderElection48] INFO  impl.LeaderElection (LogUtils.java:infoOrTrace(137)) - s1@group-469FBF65F7A7-LeaderElection48 got exception when requesting votes: java.util.concurrent.ExecutionException: org.apache.ratis.thirdparty.io.grpc.StatusRuntimeException: INTERNAL: s2@group-469FBF65F7A7 is not in [RUNNING]: current state is CLOSED
2022-09-20 10:12:59,471 [s1@group-469FBF65F7A7-LeaderElection48] INFO  impl.LeaderElection (LeaderElection.java:logAndReturn(89)) - s1@group-469FBF65F7A7-LeaderElection48: PRE_VOTE REJECTED received 0 response(s) and 2 exception(s):
2022-09-20 10:12:59,471 [s1@group-469FBF65F7A7-LeaderElection48] INFO  impl.LeaderElection (LogUtils.java:infoOrTrace(137)) -   Exception 0: java.util.concurrent.ExecutionException: org.apache.ratis.thirdparty.io.grpc.StatusRuntimeException: INTERNAL: s0@group-469FBF65F7A7 is not in [RUNNING]: current state is CLOSED
2022-09-20 10:12:59,471 [s1@group-469FBF65F7A7-LeaderElection48] INFO  impl.LeaderElection (LogUtils.java:infoOrTrace(137)) -   Exception 1: java.util.concurrent.ExecutionException: org.apache.ratis.thirdparty.io.grpc.StatusRuntimeException: INTERNAL: s2@group-469FBF65F7A7 is not in [RUNNING]: current state is CLOSED
2022-09-20 10:12:59,471 [s1@group-469FBF65F7A7-LeaderElection48] INFO  impl.LeaderElection (LeaderElection.java:askForVotes(310)) - s1@group-469FBF65F7A7-LeaderElection48 PRE_VOTE round 0: result REJECTED
2022-09-20 10:12:59,471 [s1@group-469FBF65F7A7-LeaderElection48] INFO  server.RaftServer$Division (RaftServerImpl.java:setRole(317)) - s1@group-469FBF65F7A7: changes role from CANDIDATE to FOLLOWER at term 2 for REJECTED
2022-09-20 10:12:59,471 [s1@group-469FBF65F7A7-LeaderElection48] INFO  impl.RoleInfo (RoleInfo.java:shutdownLeaderElection(130)) - s1: shutdown s1@group-469FBF65F7A7-LeaderElection48
2022-09-20 10:12:59,471 [s1@group-469FBF65F7A7-LeaderElection48] INFO  impl.RoleInfo (RoleInfo.java:updateAndGet(139)) - s1: start s1@group-469FBF65F7A7-FollowerState
2022-09-20 10:12:59,724 [null-request--thread1] INFO  server.GrpcClientProtocolService (GrpcClientProtocolService.java:lambda$processClientRequest$0(284)) - Failed RaftClientRequest:client-76B04C62A16F->s1@group-469FBF65F7A7, cid=451, seq=0, RW, Message:6d3635, reply=RaftClientReply:client-76B04C62A16F->s1@group-469FBF65F7A7, cid=451, FAILED org.apache.ratis.protocol.exceptions.NotLeaderException: Server s1@group-469FBF65F7A7 is not the leader, logIndex=0, commits[s1:c133, s0:c130, s2:c133]
2022-09-20 10:12:59,756 [s1@group-469FBF65F7A7-FollowerState] INFO  impl.FollowerState (FollowerState.java:run(141)) - s1@group-469FBF65F7A7-FollowerState: change to CANDIDATE, lastRpcElapsedTime:285402055ns, electionTimeout:285ms
2022-09-20 10:12:59,756 [s1@group-469FBF65F7A7-FollowerState] INFO  impl.RoleInfo (RoleInfo.java:shutdownFollowerState(110)) - s1: shutdown s1@group-469FBF65F7A7-FollowerState
2022-09-20 10:12:59,756 [s1@group-469FBF65F7A7-FollowerState] INFO  server.RaftServer$Division (RaftServerImpl.java:setRole(317)) - s1@group-469FBF65F7A7: changes role from  FOLLOWER to CANDIDATE at term 2 for changeToCandidate
2022-09-20 10:12:59,756 [s1@group-469FBF65F7A7-FollowerState] INFO  server.RaftServerConfigKeys (ConfUtils.java:logGet(46)) - raft.server.leaderelection.pre-vote = true (default)
2022-09-20 10:12:59,757 [s1@group-469FBF65F7A7-FollowerState] INFO  impl.RoleInfo (RoleInfo.java:updateAndGet(139)) - s1: start s1@group-469FBF65F7A7-LeaderElection49
2022-09-20 10:12:59,757 [s1@group-469FBF65F7A7-LeaderElection49] INFO  impl.LeaderElection (LeaderElection.java:askForVotes(308)) - s1@group-469FBF65F7A7-LeaderElection49 PRE_VOTE round 0: submit vote requests at term 2 for 133: peers:[s0|rpc:localhost:39281|admin:localhost:38455|client:localhost:36053|dataStream:localhost:45769|priority:0|startupRole:FOLLOWER, s1|rpc:localhost:46849|admin:localhost:41515|client:localhost:39119|dataStream:localhost:41703|priority:0|startupRole:FOLLOWER, s2|rpc:localhost:35167|admin:localhost:44965|client:localhost:40979|dataStream:localhost:34151|priority:0|startupRole:FOLLOWER]|listeners:[], old=null
2022-09-20 10:12:59,758 [grpc-default-executor-8] INFO  server.RaftServer$Division (RaftServerImpl.java:requestVote(1281)) - s2@group-469FBF65F7A7: receive requestVote(PRE_VOTE, s1, group-469FBF65F7A7, 2, (t:2, i:134))
2022-09-20 10:12:59,758 [grpc-default-executor-8] WARN  server.GrpcServerProtocolService (LogUtils.java:warn(122)) - s2: Failed requestVote s1->s2#0: org.apache.ratis.protocol.exceptions.ServerNotReadyException: s2@group-469FBF65F7A7 is not in [RUNNING]: current state is CLOSED
2022-09-20 10:12:59,758 [grpc-default-executor-0] INFO  server.RaftServer$Division (RaftServerImpl.java:requestVote(1281)) - s0@group-469FBF65F7A7: receive requestVote(PRE_VOTE, s1, group-469FBF65F7A7, 2, (t:2, i:134))
2022-09-20 10:12:59,758 [grpc-default-executor-0] WARN  server.GrpcServerProtocolService (LogUtils.java:warn(122)) - s0: Failed requestVote s1->s0#0: org.apache.ratis.protocol.exceptions.ServerNotReadyException: s0@group-469FBF65F7A7 is not in [RUNNING]: current state is CLOSED
2022-09-20 10:12:59,759 [s1@group-469FBF65F7A7-LeaderElection49] INFO  impl.LeaderElection (LogUtils.java:infoOrTrace(137)) - s1@group-469FBF65F7A7-LeaderElection49 got exception when requesting votes: java.util.concurrent.ExecutionException: org.apache.ratis.thirdparty.io.grpc.StatusRuntimeException: INTERNAL: s2@group-469FBF65F7A7 is not in [RUNNING]: current state is CLOSED
2022-09-20 10:12:59,759 [s1@group-469FBF65F7A7-LeaderElection49] INFO  impl.LeaderElection (LogUtils.java:infoOrTrace(137)) - s1@group-469FBF65F7A7-LeaderElection49 got exception when requesting votes: java.util.concurrent.ExecutionException: org.apache.ratis.thirdparty.io.grpc.StatusRuntimeException: INTERNAL: s0@group-469FBF65F7A7 is not in [RUNNING]: current state is CLOSED
2022-09-20 10:12:59,759 [s1@group-469FBF65F7A7-LeaderElection49] INFO  impl.LeaderElection (LeaderElection.java:logAndReturn(89)) - s1@group-469FBF65F7A7-LeaderElection49: PRE_VOTE REJECTED received 0 response(s) and 2 exception(s):
2022-09-20 10:12:59,759 [s1@group-469FBF65F7A7-LeaderElection49] INFO  impl.LeaderElection (LogUtils.java:infoOrTrace(137)) -   Exception 0: java.util.concurrent.ExecutionException: org.apache.ratis.thirdparty.io.grpc.StatusRuntimeException: INTERNAL: s2@group-469FBF65F7A7 is not in [RUNNING]: current state is CLOSED
2022-09-20 10:12:59,759 [s1@group-469FBF65F7A7-LeaderElection49] INFO  impl.LeaderElection (LogUtils.java:infoOrTrace(137)) -   Exception 1: java.util.concurrent.ExecutionException: org.apache.ratis.thirdparty.io.grpc.StatusRuntimeException: INTERNAL: s0@group-469FBF65F7A7 is not in [RUNNING]: current state is CLOSED
2022-09-20 10:12:59,759 [s1@group-469FBF65F7A7-LeaderElection49] INFO  impl.LeaderElection (LeaderElection.java:askForVotes(310)) - s1@group-469FBF65F7A7-LeaderElection49 PRE_VOTE round 0: result REJECTED
2022-09-20 10:12:59,759 [s1@group-469FBF65F7A7-LeaderElection49] INFO  server.RaftServer$Division (RaftServerImpl.java:setRole(317)) - s1@group-469FBF65F7A7: changes role from CANDIDATE to FOLLOWER at term 2 for REJECTED
2022-09-20 10:12:59,759 [s1@group-469FBF65F7A7-LeaderElection49] INFO  impl.RoleInfo (RoleInfo.java:shutdownLeaderElection(130)) - s1: shutdown s1@group-469FBF65F7A7-LeaderElection49
2022-09-20 10:12:59,759 [s1@group-469FBF65F7A7-LeaderElection49] INFO  impl.RoleInfo (RoleInfo.java:updateAndGet(139)) - s1: start s1@group-469FBF65F7A7-FollowerState
2022-09-20 10:12:59,999 [s1@group-469FBF65F7A7-FollowerState] INFO  impl.FollowerState (FollowerState.java:run(141)) - s1@group-469FBF65F7A7-FollowerState: change to CANDIDATE, lastRpcElapsedTime:240386669ns, electionTimeout:240ms
2022-09-20 10:13:00,000 [s1@group-469FBF65F7A7-FollowerState] INFO  impl.RoleInfo (RoleInfo.java:shutdownFollowerState(110)) - s1: shutdown s1@group-469FBF65F7A7-FollowerState
2022-09-20 10:13:00,000 [s1@group-469FBF65F7A7-FollowerState] INFO  server.RaftServer$Division (RaftServerImpl.java:setRole(317)) - s1@group-469FBF65F7A7: changes role from  FOLLOWER to CANDIDATE at term 2 for changeToCandidate
2022-09-20 10:13:00,000 [s1@group-469FBF65F7A7-FollowerState] INFO  server.RaftServerConfigKeys (ConfUtils.java:logGet(46)) - raft.server.leaderelection.pre-vote = true (default)
2022-09-20 10:13:00,000 [s1@group-469FBF65F7A7-FollowerState] INFO  impl.RoleInfo (RoleInfo.java:updateAndGet(139)) - s1: start s1@group-469FBF65F7A7-LeaderElection50
2022-09-20 10:13:00,000 [s1@group-469FBF65F7A7-LeaderElection50] INFO  impl.LeaderElection (LeaderElection.java:askForVotes(308)) - s1@group-469FBF65F7A7-LeaderElection50 PRE_VOTE round 0: submit vote requests at term 2 for 133: peers:[s0|rpc:localhost:39281|admin:localhost:38455|client:localhost:36053|dataStream:localhost:45769|priority:0|startupRole:FOLLOWER, s1|rpc:localhost:46849|admin:localhost:41515|client:localhost:39119|dataStream:localhost:41703|priority:0|startupRole:FOLLOWER, s2|rpc:localhost:35167|admin:localhost:44965|client:localhost:40979|dataStream:localhost:34151|priority:0|startupRole:FOLLOWER]|listeners:[], old=null
2022-09-20 10:13:00,001 [grpc-default-executor-5] INFO  server.RaftServer$Division (RaftServerImpl.java:requestVote(1281)) - s2@group-469FBF65F7A7: receive requestVote(PRE_VOTE, s1, group-469FBF65F7A7, 2, (t:2, i:134))
2022-09-20 10:13:00,001 [grpc-default-executor-8] INFO  server.RaftServer$Division (RaftServerImpl.java:requestVote(1281)) - s0@group-469FBF65F7A7: receive requestVote(PRE_VOTE, s1, group-469FBF65F7A7, 2, (t:2, i:134))
2022-09-20 10:13:00,001 [grpc-default-executor-8] WARN  server.GrpcServerProtocolService (LogUtils.java:warn(122)) - s0: Failed requestVote s1->s0#0: org.apache.ratis.protocol.exceptions.ServerNotReadyException: s0@group-469FBF65F7A7 is not in [RUNNING]: current state is CLOSED
2022-09-20 10:13:00,001 [grpc-default-executor-5] WARN  server.GrpcServerProtocolService (LogUtils.java:warn(122)) - s2: Failed requestVote s1->s2#0: org.apache.ratis.protocol.exceptions.ServerNotReadyException: s2@group-469FBF65F7A7 is not in [RUNNING]: current state is CLOSED
2022-09-20 10:13:00,002 [s1@group-469FBF65F7A7-LeaderElection50] INFO  impl.LeaderElection (LogUtils.java:infoOrTrace(137)) - s1@group-469FBF65F7A7-LeaderElection50 got exception when requesting votes: java.util.concurrent.ExecutionException: org.apache.ratis.thirdparty.io.grpc.StatusRuntimeException: INTERNAL: s0@group-469FBF65F7A7 is not in [RUNNING]: current state is CLOSED
2022-09-20 10:13:00,002 [s1@group-469FBF65F7A7-LeaderElection50] INFO  impl.LeaderElection (LogUtils.java:infoOrTrace(137)) - s1@group-469FBF65F7A7-LeaderElection50 got exception when requesting votes: java.util.concurrent.ExecutionException: org.apache.ratis.thirdparty.io.grpc.StatusRuntimeException: INTERNAL: s2@group-469FBF65F7A7 is not in [RUNNING]: current state is CLOSED
2022-09-20 10:13:00,002 [s1@group-469FBF65F7A7-LeaderElection50] INFO  impl.LeaderElection (LeaderElection.java:logAndReturn(89)) - s1@group-469FBF65F7A7-LeaderElection50: PRE_VOTE REJECTED received 0 response(s) and 2 exception(s):
2022-09-20 10:13:00,002 [s1@group-469FBF65F7A7-LeaderElection50] INFO  impl.LeaderElection (LogUtils.java:infoOrTrace(137)) -   Exception 0: java.util.concurrent.ExecutionException: org.apache.ratis.thirdparty.io.grpc.StatusRuntimeException: INTERNAL: s0@group-469FBF65F7A7 is not in [RUNNING]: current state is CLOSED
2022-09-20 10:13:00,002 [s1@group-469FBF65F7A7-LeaderElection50] INFO  impl.LeaderElection (LogUtils.java:infoOrTrace(137)) -   Exception 1: java.util.concurrent.ExecutionException: org.apache.ratis.thirdparty.io.grpc.StatusRuntimeException: INTERNAL: s2@group-469FBF65F7A7 is not in [RUNNING]: current state is CLOSED
2022-09-20 10:13:00,002 [s1@group-469FBF65F7A7-LeaderElection50] INFO  impl.LeaderElection (LeaderElection.java:askForVotes(310)) - s1@group-469FBF65F7A7-LeaderElection50 PRE_VOTE round 0: result REJECTED
2022-09-20 10:13:00,002 [s1@group-469FBF65F7A7-LeaderElection50] INFO  server.RaftServer$Division (RaftServerImpl.java:setRole(317)) - s1@group-469FBF65F7A7: changes role from CANDIDATE to FOLLOWER at term 2 for REJECTED
2022-09-20 10:13:00,002 [s1@group-469FBF65F7A7-LeaderElection50] INFO  impl.RoleInfo (RoleInfo.java:shutdownLeaderElection(130)) - s1: shutdown s1@group-469FBF65F7A7-LeaderElection50
2022-09-20 10:13:00,002 [s1@group-469FBF65F7A7-LeaderElection50] INFO  impl.RoleInfo (RoleInfo.java:updateAndGet(139)) - s1: start s1@group-469FBF65F7A7-FollowerState
2022-09-20 10:13:00,040 [null-request--thread1] INFO  server.GrpcClientProtocolService (GrpcClientProtocolService.java:lambda$processClientRequest$0(284)) - Failed RaftClientRequest:client-76B04C62A16F->s1@group-469FBF65F7A7, cid=451, seq=0, RW, Message:6d3635, reply=RaftClientReply:client-76B04C62A16F->s1@group-469FBF65F7A7, cid=451, FAILED org.apache.ratis.protocol.exceptions.NotLeaderException: Server s1@group-469FBF65F7A7 is not the leader, logIndex=0, commits[s1:c133, s0:c130, s2:c133]
2022-09-20 10:13:00,187 [s1@group-469FBF65F7A7-FollowerState] INFO  impl.FollowerState (FollowerState.java:run(141)) - s1@group-469FBF65F7A7-FollowerState: change to CANDIDATE, lastRpcElapsedTime:184307413ns, electionTimeout:184ms
2022-09-20 10:13:00,187 [s1@group-469FBF65F7A7-FollowerState] INFO  impl.RoleInfo (RoleInfo.java:shutdownFollowerState(110)) - s1: shutdown s1@group-469FBF65F7A7-FollowerState
2022-09-20 10:13:00,187 [s1@group-469FBF65F7A7-FollowerState] INFO  server.RaftServer$Division (RaftServerImpl.java:setRole(317)) - s1@group-469FBF65F7A7: changes role from  FOLLOWER to CANDIDATE at term 2 for changeToCandidate
2022-09-20 10:13:00,187 [s1@group-469FBF65F7A7-FollowerState] INFO  server.RaftServerConfigKeys (ConfUtils.java:logGet(46)) - raft.server.leaderelection.pre-vote = true (default)
2022-09-20 10:13:00,187 [s1@group-469FBF65F7A7-FollowerState] INFO  impl.RoleInfo (RoleInfo.java:updateAndGet(139)) - s1: start s1@group-469FBF65F7A7-LeaderElection51
2022-09-20 10:13:00,187 [s1@group-469FBF65F7A7-LeaderElection51] INFO  impl.LeaderElection (LeaderElection.java:askForVotes(308)) - s1@group-469FBF65F7A7-LeaderElection51 PRE_VOTE round 0: submit vote requests at term 2 for 133: peers:[s0|rpc:localhost:39281|admin:localhost:38455|client:localhost:36053|dataStream:localhost:45769|priority:0|startupRole:FOLLOWER, s1|rpc:localhost:46849|admin:localhost:41515|client:localhost:39119|dataStream:localhost:41703|priority:0|startupRole:FOLLOWER, s2|rpc:localhost:35167|admin:localhost:44965|client:localhost:40979|dataStream:localhost:34151|priority:0|startupRole:FOLLOWER]|listeners:[], old=null
2022-09-20 10:13:00,189 [grpc-default-executor-8] INFO  server.RaftServer$Division (RaftServerImpl.java:requestVote(1281)) - s0@group-469FBF65F7A7: receive requestVote(PRE_VOTE, s1, group-469FBF65F7A7, 2, (t:2, i:134))
2022-09-20 10:13:00,189 [grpc-default-executor-8] WARN  server.GrpcServerProtocolService (LogUtils.java:warn(122)) - s0: Failed requestVote s1->s0#0: org.apache.ratis.protocol.exceptions.ServerNotReadyException: s0@group-469FBF65F7A7 is not in [RUNNING]: current state is CLOSED
2022-09-20 10:13:00,189 [grpc-default-executor-8] INFO  server.RaftServer$Division (RaftServerImpl.java:requestVote(1281)) - s2@group-469FBF65F7A7: receive requestVote(PRE_VOTE, s1, group-469FBF65F7A7, 2, (t:2, i:134))
2022-09-20 10:13:00,189 [grpc-default-executor-8] WARN  server.GrpcServerProtocolService (LogUtils.java:warn(122)) - s2: Failed requestVote s1->s2#0: org.apache.ratis.protocol.exceptions.ServerNotReadyException: s2@group-469FBF65F7A7 is not in [RUNNING]: current state is CLOSED
2022-09-20 10:13:00,190 [s1@group-469FBF65F7A7-LeaderElection51] INFO  impl.LeaderElection (LogUtils.java:infoOrTrace(137)) - s1@group-469FBF65F7A7-LeaderElection51 got exception when requesting votes: java.util.concurrent.ExecutionException: org.apache.ratis.thirdparty.io.grpc.StatusRuntimeException: INTERNAL: s0@group-469FBF65F7A7 is not in [RUNNING]: current state is CLOSED
2022-09-20 10:13:00,190 [s1@group-469FBF65F7A7-LeaderElection51] INFO  impl.LeaderElection (LogUtils.java:infoOrTrace(137)) - s1@group-469FBF65F7A7-LeaderElection51 got exception when requesting votes: java.util.concurrent.ExecutionException: org.apache.ratis.thirdparty.io.grpc.StatusRuntimeException: INTERNAL: s2@group-469FBF65F7A7 is not in [RUNNING]: current state is CLOSED
2022-09-20 10:13:00,190 [s1@group-469FBF65F7A7-LeaderElection51] INFO  impl.LeaderElection (LeaderElection.java:logAndReturn(89)) - s1@group-469FBF65F7A7-LeaderElection51: PRE_VOTE REJECTED received 0 response(s) and 2 exception(s):
2022-09-20 10:13:00,190 [s1@group-469FBF65F7A7-LeaderElection51] INFO  impl.LeaderElection (LogUtils.java:infoOrTrace(137)) -   Exception 0: java.util.concurrent.ExecutionException: org.apache.ratis.thirdparty.io.grpc.StatusRuntimeException: INTERNAL: s0@group-469FBF65F7A7 is not in [RUNNING]: current state is CLOSED
2022-09-20 10:13:00,190 [s1@group-469FBF65F7A7-LeaderElection51] INFO  impl.LeaderElection (LogUtils.java:infoOrTrace(137)) -   Exception 1: java.util.concurrent.ExecutionException: org.apache.ratis.thirdparty.io.grpc.StatusRuntimeException: INTERNAL: s2@group-469FBF65F7A7 is not in [RUNNING]: current state is CLOSED
2022-09-20 10:13:00,190 [s1@group-469FBF65F7A7-LeaderElection51] INFO  impl.LeaderElection (LeaderElection.java:askForVotes(310)) - s1@group-469FBF65F7A7-LeaderElection51 PRE_VOTE round 0: result REJECTED
2022-09-20 10:13:00,190 [s1@group-469FBF65F7A7-LeaderElection51] INFO  server.RaftServer$Division (RaftServerImpl.java:setRole(317)) - s1@group-469FBF65F7A7: changes role from CANDIDATE to FOLLOWER at term 2 for REJECTED
2022-09-20 10:13:00,190 [s1@group-469FBF65F7A7-LeaderElection51] INFO  impl.RoleInfo (RoleInfo.java:shutdownLeaderElection(130)) - s1: shutdown s1@group-469FBF65F7A7-LeaderElection51
2022-09-20 10:13:00,190 [s1@group-469FBF65F7A7-LeaderElection51] INFO  impl.RoleInfo (RoleInfo.java:updateAndGet(139)) - s1: start s1@group-469FBF65F7A7-FollowerState
2022-09-20 10:13:00,252 [null-request--thread1] INFO  server.GrpcClientProtocolService (GrpcClientProtocolService.java:lambda$processClientRequest$0(284)) - Failed RaftClientRequest:client-76B04C62A16F->s1@group-469FBF65F7A7, cid=451, seq=0, RW, Message:6d3635, reply=RaftClientReply:client-76B04C62A16F->s1@group-469FBF65F7A7, cid=451, FAILED org.apache.ratis.protocol.exceptions.NotLeaderException: Server s1@group-469FBF65F7A7 is not the leader, logIndex=0, commits[s1:c133, s0:c130, s2:c133]
2022-09-20 10:13:00,405 [s1@group-469FBF65F7A7-FollowerState] INFO  impl.FollowerState (FollowerState.java:run(141)) - s1@group-469FBF65F7A7-FollowerState: change to CANDIDATE, lastRpcElapsedTime:214567475ns, electionTimeout:214ms
2022-09-20 10:13:00,405 [s1@group-469FBF65F7A7-FollowerState] INFO  impl.RoleInfo (RoleInfo.java:shutdownFollowerState(110)) - s1: shutdown s1@group-469FBF65F7A7-FollowerState
2022-09-20 10:13:00,405 [s1@group-469FBF65F7A7-FollowerState] INFO  server.RaftServer$Division (RaftServerImpl.java:setRole(317)) - s1@group-469FBF65F7A7: changes role from  FOLLOWER to CANDIDATE at term 2 for changeToCandidate
2022-09-20 10:13:00,405 [s1@group-469FBF65F7A7-FollowerState] INFO  server.RaftServerConfigKeys (ConfUtils.java:logGet(46)) - raft.server.leaderelection.pre-vote = true (default)
2022-09-20 10:13:00,405 [s1@group-469FBF65F7A7-FollowerState] INFO  impl.RoleInfo (RoleInfo.java:updateAndGet(139)) - s1: start s1@group-469FBF65F7A7-LeaderElection52
2022-09-20 10:13:00,405 [s1@group-469FBF65F7A7-LeaderElection52] INFO  impl.LeaderElection (LeaderElection.java:askForVotes(308)) - s1@group-469FBF65F7A7-LeaderElection52 PRE_VOTE round 0: submit vote requests at term 2 for 133: peers:[s0|rpc:localhost:39281|admin:localhost:38455|client:localhost:36053|dataStream:localhost:45769|priority:0|startupRole:FOLLOWER, s1|rpc:localhost:46849|admin:localhost:41515|client:localhost:39119|dataStream:localhost:41703|priority:0|startupRole:FOLLOWER, s2|rpc:localhost:35167|admin:localhost:44965|client:localhost:40979|dataStream:localhost:34151|priority:0|startupRole:FOLLOWER]|listeners:[], old=null
2022-09-20 10:13:00,407 [grpc-default-executor-0] INFO  server.RaftServer$Division (RaftServerImpl.java:requestVote(1281)) - s2@group-469FBF65F7A7: receive requestVote(PRE_VOTE, s1, group-469FBF65F7A7, 2, (t:2, i:134))
2022-09-20 10:13:00,407 [grpc-default-executor-8] INFO  server.RaftServer$Division (RaftServerImpl.java:requestVote(1281)) - s0@group-469FBF65F7A7: receive requestVote(PRE_VOTE, s1, group-469FBF65F7A7, 2, (t:2, i:134))
2022-09-20 10:13:00,407 [grpc-default-executor-0] WARN  server.GrpcServerProtocolService (LogUtils.java:warn(122)) - s2: Failed requestVote s1->s2#0: org.apache.ratis.protocol.exceptions.ServerNotReadyException: s2@group-469FBF65F7A7 is not in [RUNNING]: current state is CLOSED
2022-09-20 10:13:00,407 [grpc-default-executor-8] WARN  server.GrpcServerProtocolService (LogUtils.java:warn(122)) - s0: Failed requestVote s1->s0#0: org.apache.ratis.protocol.exceptions.ServerNotReadyException: s0@group-469FBF65F7A7 is not in [RUNNING]: current state is CLOSED
2022-09-20 10:13:00,409 [s1@group-469FBF65F7A7-LeaderElection52] INFO  impl.LeaderElection (LogUtils.java:infoOrTrace(137)) - s1@group-469FBF65F7A7-LeaderElection52 got exception when requesting votes: java.util.concurrent.ExecutionException: org.apache.ratis.thirdparty.io.grpc.StatusRuntimeException: INTERNAL: s0@group-469FBF65F7A7 is not in [RUNNING]: current state is CLOSED
2022-09-20 10:13:00,409 [s1@group-469FBF65F7A7-LeaderElection52] INFO  impl.LeaderElection (LogUtils.java:infoOrTrace(137)) - s1@group-469FBF65F7A7-LeaderElection52 got exception when requesting votes: java.util.concurrent.ExecutionException: org.apache.ratis.thirdparty.io.grpc.StatusRuntimeException: INTERNAL: s2@group-469FBF65F7A7 is not in [RUNNING]: current state is CLOSED
2022-09-20 10:13:00,409 [s1@group-469FBF65F7A7-LeaderElection52] INFO  impl.LeaderElection (LeaderElection.java:logAndReturn(89)) - s1@group-469FBF65F7A7-LeaderElection52: PRE_VOTE REJECTED received 0 response(s) and 2 exception(s):
2022-09-20 10:13:00,409 [s1@group-469FBF65F7A7-LeaderElection52] INFO  impl.LeaderElection (LogUtils.java:infoOrTrace(137)) -   Exception 0: java.util.concurrent.ExecutionException: org.apache.ratis.thirdparty.io.grpc.StatusRuntimeException: INTERNAL: s0@group-469FBF65F7A7 is not in [RUNNING]: current state is CLOSED
2022-09-20 10:13:00,409 [s1@group-469FBF65F7A7-LeaderElection52] INFO  impl.LeaderElection (LogUtils.java:infoOrTrace(137)) -   Exception 1: java.util.concurrent.ExecutionException: org.apache.ratis.thirdparty.io.grpc.StatusRuntimeException: INTERNAL: s2@group-469FBF65F7A7 is not in [RUNNING]: current state is CLOSED
2022-09-20 10:13:00,409 [s1@group-469FBF65F7A7-LeaderElection52] INFO  impl.LeaderElection (LeaderElection.java:askForVotes(310)) - s1@group-469FBF65F7A7-LeaderElection52 PRE_VOTE round 0: result REJECTED
2022-09-20 10:13:00,409 [s1@group-469FBF65F7A7-LeaderElection52] INFO  server.RaftServer$Division (RaftServerImpl.java:setRole(317)) - s1@group-469FBF65F7A7: changes role from CANDIDATE to FOLLOWER at term 2 for REJECTED
2022-09-20 10:13:00,409 [s1@group-469FBF65F7A7-LeaderElection52] INFO  impl.RoleInfo (RoleInfo.java:shutdownLeaderElection(130)) - s1: shutdown s1@group-469FBF65F7A7-LeaderElection52
2022-09-20 10:13:00,409 [s1@group-469FBF65F7A7-LeaderElection52] INFO  impl.RoleInfo (RoleInfo.java:updateAndGet(139)) - s1: start s1@group-469FBF65F7A7-FollowerState
2022-09-20 10:13:00,465 [null-request--thread1] INFO  server.GrpcClientProtocolService (GrpcClientProtocolService.java:lambda$processClientRequest$0(284)) - Failed RaftClientRequest:client-76B04C62A16F->s1@group-469FBF65F7A7, cid=451, seq=0, RW, Message:6d3635, reply=RaftClientReply:client-76B04C62A16F->s1@group-469FBF65F7A7, cid=451, FAILED org.apache.ratis.protocol.exceptions.NotLeaderException: Server s1@group-469FBF65F7A7 is not the leader, logIndex=0, commits[s1:c133, s0:c130, s2:c133]
2022-09-20 10:13:00,625 [s1@group-469FBF65F7A7-FollowerState] INFO  impl.FollowerState (FollowerState.java:run(141)) - s1@group-469FBF65F7A7-FollowerState: change to CANDIDATE, lastRpcElapsedTime:215378287ns, electionTimeout:215ms
2022-09-20 10:13:00,625 [s1@group-469FBF65F7A7-FollowerState] INFO  impl.RoleInfo (RoleInfo.java:shutdownFollowerState(110)) - s1: shutdown s1@group-469FBF65F7A7-FollowerState
2022-09-20 10:13:00,625 [s1@group-469FBF65F7A7-FollowerState] INFO  server.RaftServer$Division (RaftServerImpl.java:setRole(317)) - s1@group-469FBF65F7A7: changes role from  FOLLOWER to CANDIDATE at term 2 for changeToCandidate
2022-09-20 10:13:00,625 [s1@group-469FBF65F7A7-FollowerState] INFO  server.RaftServerConfigKeys (ConfUtils.java:logGet(46)) - raft.server.leaderelection.pre-vote = true (default)
2022-09-20 10:13:00,625 [s1@group-469FBF65F7A7-FollowerState] INFO  impl.RoleInfo (RoleInfo.java:updateAndGet(139)) - s1: start s1@group-469FBF65F7A7-LeaderElection53
2022-09-20 10:13:00,625 [s1@group-469FBF65F7A7-LeaderElection53] INFO  impl.LeaderElection (LeaderElection.java:askForVotes(308)) - s1@group-469FBF65F7A7-LeaderElection53 PRE_VOTE round 0: submit vote requests at term 2 for 133: peers:[s0|rpc:localhost:39281|admin:localhost:38455|client:localhost:36053|dataStream:localhost:45769|priority:0|startupRole:FOLLOWER, s1|rpc:localhost:46849|admin:localhost:41515|client:localhost:39119|dataStream:localhost:41703|priority:0|startupRole:FOLLOWER, s2|rpc:localhost:35167|admin:localhost:44965|client:localhost:40979|dataStream:localhost:34151|priority:0|startupRole:FOLLOWER]|listeners:[], old=null
2022-09-20 10:13:00,627 [grpc-default-executor-0] INFO  server.RaftServer$Division (RaftServerImpl.java:requestVote(1281)) - s2@group-469FBF65F7A7: receive requestVote(PRE_VOTE, s1, group-469FBF65F7A7, 2, (t:2, i:134))
2022-09-20 10:13:00,627 [grpc-default-executor-0] WARN  server.GrpcServerProtocolService (LogUtils.java:warn(122)) - s2: Failed requestVote s1->s2#0: org.apache.ratis.protocol.exceptions.ServerNotReadyException: s2@group-469FBF65F7A7 is not in [RUNNING]: current state is CLOSED
2022-09-20 10:13:00,627 [grpc-default-executor-5] INFO  server.RaftServer$Division (RaftServerImpl.java:requestVote(1281)) - s0@group-469FBF65F7A7: receive requestVote(PRE_VOTE, s1, group-469FBF65F7A7, 2, (t:2, i:134))
2022-09-20 10:13:00,627 [grpc-default-executor-5] WARN  server.GrpcServerProtocolService (LogUtils.java:warn(122)) - s0: Failed requestVote s1->s0#0: org.apache.ratis.protocol.exceptions.ServerNotReadyException: s0@group-469FBF65F7A7 is not in [RUNNING]: current state is CLOSED
2022-09-20 10:13:00,628 [s1@group-469FBF65F7A7-LeaderElection53] INFO  impl.LeaderElection (LogUtils.java:infoOrTrace(137)) - s1@group-469FBF65F7A7-LeaderElection53 got exception when requesting votes: java.util.concurrent.ExecutionException: org.apache.ratis.thirdparty.io.grpc.StatusRuntimeException: INTERNAL: s2@group-469FBF65F7A7 is not in [RUNNING]: current state is CLOSED
2022-09-20 10:13:00,628 [s1@group-469FBF65F7A7-LeaderElection53] INFO  impl.LeaderElection (LogUtils.java:infoOrTrace(137)) - s1@group-469FBF65F7A7-LeaderElection53 got exception when requesting votes: java.util.concurrent.ExecutionException: org.apache.ratis.thirdparty.io.grpc.StatusRuntimeException: INTERNAL: s0@group-469FBF65F7A7 is not in [RUNNING]: current state is CLOSED
2022-09-20 10:13:00,628 [s1@group-469FBF65F7A7-LeaderElection53] INFO  impl.LeaderElection (LeaderElection.java:logAndReturn(89)) - s1@group-469FBF65F7A7-LeaderElection53: PRE_VOTE REJECTED received 0 response(s) and 2 exception(s):
2022-09-20 10:13:00,628 [s1@group-469FBF65F7A7-LeaderElection53] INFO  impl.LeaderElection (LogUtils.java:infoOrTrace(137)) -   Exception 0: java.util.concurrent.ExecutionException: org.apache.ratis.thirdparty.io.grpc.StatusRuntimeException: INTERNAL: s2@group-469FBF65F7A7 is not in [RUNNING]: current state is CLOSED
2022-09-20 10:13:00,628 [s1@group-469FBF65F7A7-LeaderElection53] INFO  impl.LeaderElection (LogUtils.java:infoOrTrace(137)) -   Exception 1: java.util.concurrent.ExecutionException: org.apache.ratis.thirdparty.io.grpc.StatusRuntimeException: INTERNAL: s0@group-469FBF65F7A7 is not in [RUNNING]: current state is CLOSED
2022-09-20 10:13:00,628 [s1@group-469FBF65F7A7-LeaderElection53] INFO  impl.LeaderElection (LeaderElection.java:askForVotes(310)) - s1@group-469FBF65F7A7-LeaderElection53 PRE_VOTE round 0: result REJECTED
2022-09-20 10:13:00,628 [s1@group-469FBF65F7A7-LeaderElection53] INFO  server.RaftServer$Division (RaftServerImpl.java:setRole(317)) - s1@group-469FBF65F7A7: changes role from CANDIDATE to FOLLOWER at term 2 for REJECTED
2022-09-20 10:13:00,628 [s1@group-469FBF65F7A7-LeaderElection53] INFO  impl.RoleInfo (RoleInfo.java:shutdownLeaderElection(130)) - s1: shutdown s1@group-469FBF65F7A7-LeaderElection53
2022-09-20 10:13:00,628 [s1@group-469FBF65F7A7-LeaderElection53] INFO  impl.RoleInfo (RoleInfo.java:updateAndGet(139)) - s1: start s1@group-469FBF65F7A7-FollowerState
2022-09-20 10:13:00,780 [null-request--thread1] INFO  server.GrpcClientProtocolService (GrpcClientProtocolService.java:lambda$processClientRequest$0(284)) - Failed RaftClientRequest:client-76B04C62A16F->s1@group-469FBF65F7A7, cid=451, seq=0, RW, Message:6d3635, reply=RaftClientReply:client-76B04C62A16F->s1@group-469FBF65F7A7, cid=451, FAILED org.apache.ratis.protocol.exceptions.NotLeaderException: Server s1@group-469FBF65F7A7 is not the leader, logIndex=0, commits[s1:c133, s0:c130, s2:c133]
2022-09-20 10:13:00,827 [s1@group-469FBF65F7A7-FollowerState] INFO  impl.FollowerState (FollowerState.java:run(141)) - s1@group-469FBF65F7A7-FollowerState: change to CANDIDATE, lastRpcElapsedTime:198456229ns, electionTimeout:198ms
2022-09-20 10:13:00,827 [s1@group-469FBF65F7A7-FollowerState] INFO  impl.RoleInfo (RoleInfo.java:shutdownFollowerState(110)) - s1: shutdown s1@group-469FBF65F7A7-FollowerState
2022-09-20 10:13:00,827 [s1@group-469FBF65F7A7-FollowerState] INFO  server.RaftServer$Division (RaftServerImpl.java:setRole(317)) - s1@group-469FBF65F7A7: changes role from  FOLLOWER to CANDIDATE at term 2 for changeToCandidate
2022-09-20 10:13:00,827 [s1@group-469FBF65F7A7-FollowerState] INFO  server.RaftServerConfigKeys (ConfUtils.java:logGet(46)) - raft.server.leaderelection.pre-vote = true (default)
2022-09-20 10:13:00,827 [s1@group-469FBF65F7A7-FollowerState] INFO  impl.RoleInfo (RoleInfo.java:updateAndGet(139)) - s1: start s1@group-469FBF65F7A7-LeaderElection54
2022-09-20 10:13:00,827 [s1@group-469FBF65F7A7-LeaderElection54] INFO  impl.LeaderElection (LeaderElection.java:askForVotes(308)) - s1@group-469FBF65F7A7-LeaderElection54 PRE_VOTE round 0: submit vote requests at term 2 for 133: peers:[s0|rpc:localhost:39281|admin:localhost:38455|client:localhost:36053|dataStream:localhost:45769|priority:0|startupRole:FOLLOWER, s1|rpc:localhost:46849|admin:localhost:41515|client:localhost:39119|dataStream:localhost:41703|priority:0|startupRole:FOLLOWER, s2|rpc:localhost:35167|admin:localhost:44965|client:localhost:40979|dataStream:localhost:34151|priority:0|startupRole:FOLLOWER]|listeners:[], old=null
2022-09-20 10:13:00,828 [grpc-default-executor-0] INFO  server.RaftServer$Division (RaftServerImpl.java:requestVote(1281)) - s0@group-469FBF65F7A7: receive requestVote(PRE_VOTE, s1, group-469FBF65F7A7, 2, (t:2, i:134))
2022-09-20 10:13:00,829 [grpc-default-executor-0] WARN  server.GrpcServerProtocolService (LogUtils.java:warn(122)) - s0: Failed requestVote s1->s0#0: org.apache.ratis.protocol.exceptions.ServerNotReadyException: s0@group-469FBF65F7A7 is not in [RUNNING]: current state is CLOSED
2022-09-20 10:13:00,830 [grpc-default-executor-0] INFO  server.RaftServer$Division (RaftServerImpl.java:requestVote(1281)) - s2@group-469FBF65F7A7: receive requestVote(PRE_VOTE, s1, group-469FBF65F7A7, 2, (t:2, i:134))
2022-09-20 10:13:00,830 [grpc-default-executor-0] WARN  server.GrpcServerProtocolService (LogUtils.java:warn(122)) - s2: Failed requestVote s1->s2#0: org.apache.ratis.protocol.exceptions.ServerNotReadyException: s2@group-469FBF65F7A7 is not in [RUNNING]: current state is CLOSED
2022-09-20 10:13:00,830 [s1@group-469FBF65F7A7-LeaderElection54] INFO  impl.LeaderElection (LogUtils.java:infoOrTrace(137)) - s1@group-469FBF65F7A7-LeaderElection54 got exception when requesting votes: java.util.concurrent.ExecutionException: org.apache.ratis.thirdparty.io.grpc.StatusRuntimeException: INTERNAL: s0@group-469FBF65F7A7 is not in [RUNNING]: current state is CLOSED
2022-09-20 10:13:00,830 [s1@group-469FBF65F7A7-LeaderElection54] INFO  impl.LeaderElection (LogUtils.java:infoOrTrace(137)) - s1@group-469FBF65F7A7-LeaderElection54 got exception when requesting votes: java.util.concurrent.ExecutionException: org.apache.ratis.thirdparty.io.grpc.StatusRuntimeException: INTERNAL: s2@group-469FBF65F7A7 is not in [RUNNING]: current state is CLOSED
2022-09-20 10:13:00,830 [s1@group-469FBF65F7A7-LeaderElection54] INFO  impl.LeaderElection (LeaderElection.java:logAndReturn(89)) - s1@group-469FBF65F7A7-LeaderElection54: PRE_VOTE REJECTED received 0 response(s) and 2 exception(s):
2022-09-20 10:13:00,830 [s1@group-469FBF65F7A7-LeaderElection54] INFO  impl.LeaderElection (LogUtils.java:infoOrTrace(137)) -   Exception 0: java.util.concurrent.ExecutionException: org.apache.ratis.thirdparty.io.grpc.StatusRuntimeException: INTERNAL: s0@group-469FBF65F7A7 is not in [RUNNING]: current state is CLOSED
2022-09-20 10:13:00,830 [s1@group-469FBF65F7A7-LeaderElection54] INFO  impl.LeaderElection (LogUtils.java:infoOrTrace(137)) -   Exception 1: java.util.concurrent.ExecutionException: org.apache.ratis.thirdparty.io.grpc.StatusRuntimeException: INTERNAL: s2@group-469FBF65F7A7 is not in [RUNNING]: current state is CLOSED
2022-09-20 10:13:00,831 [s1@group-469FBF65F7A7-LeaderElection54] INFO  impl.LeaderElection (LeaderElection.java:askForVotes(310)) - s1@group-469FBF65F7A7-LeaderElection54 PRE_VOTE round 0: result REJECTED
2022-09-20 10:13:00,831 [s1@group-469FBF65F7A7-LeaderElection54] INFO  server.RaftServer$Division (RaftServerImpl.java:setRole(317)) - s1@group-469FBF65F7A7: changes role from CANDIDATE to FOLLOWER at term 2 for REJECTED
2022-09-20 10:13:00,831 [s1@group-469FBF65F7A7-LeaderElection54] INFO  impl.RoleInfo (RoleInfo.java:shutdownLeaderElection(130)) - s1: shutdown s1@group-469FBF65F7A7-LeaderElection54
2022-09-20 10:13:00,831 [s1@group-469FBF65F7A7-LeaderElection54] INFO  impl.RoleInfo (RoleInfo.java:updateAndGet(139)) - s1: start s1@group-469FBF65F7A7-FollowerState
2022-09-20 10:13:01,055 [s1@group-469FBF65F7A7-FollowerState] INFO  impl.FollowerState (FollowerState.java:run(141)) - s1@group-469FBF65F7A7-FollowerState: change to CANDIDATE, lastRpcElapsedTime:224428425ns, electionTimeout:224ms
2022-09-20 10:13:01,055 [s1@group-469FBF65F7A7-FollowerState] INFO  impl.RoleInfo (RoleInfo.java:shutdownFollowerState(110)) - s1: shutdown s1@group-469FBF65F7A7-FollowerState
2022-09-20 10:13:01,055 [s1@group-469FBF65F7A7-FollowerState] INFO  server.RaftServer$Division (RaftServerImpl.java:setRole(317)) - s1@group-469FBF65F7A7: changes role from  FOLLOWER to CANDIDATE at term 2 for changeToCandidate
2022-09-20 10:13:01,055 [s1@group-469FBF65F7A7-FollowerState] INFO  server.RaftServerConfigKeys (ConfUtils.java:logGet(46)) - raft.server.leaderelection.pre-vote = true (default)
2022-09-20 10:13:01,055 [s1@group-469FBF65F7A7-FollowerState] INFO  impl.RoleInfo (RoleInfo.java:updateAndGet(139)) - s1: start s1@group-469FBF65F7A7-LeaderElection55
2022-09-20 10:13:01,056 [s1@group-469FBF65F7A7-LeaderElection55] INFO  impl.LeaderElection (LeaderElection.java:askForVotes(308)) - s1@group-469FBF65F7A7-LeaderElection55 PRE_VOTE round 0: submit vote requests at term 2 for 133: peers:[s0|rpc:localhost:39281|admin:localhost:38455|client:localhost:36053|dataStream:localhost:45769|priority:0|startupRole:FOLLOWER, s1|rpc:localhost:46849|admin:localhost:41515|client:localhost:39119|dataStream:localhost:41703|priority:0|startupRole:FOLLOWER, s2|rpc:localhost:35167|admin:localhost:44965|client:localhost:40979|dataStream:localhost:34151|priority:0|startupRole:FOLLOWER]|listeners:[], old=null
2022-09-20 10:13:01,057 [grpc-default-executor-0] INFO  server.RaftServer$Division (RaftServerImpl.java:requestVote(1281)) - s0@group-469FBF65F7A7: receive requestVote(PRE_VOTE, s1, group-469FBF65F7A7, 2, (t:2, i:134))
2022-09-20 10:13:01,057 [grpc-default-executor-0] WARN  server.GrpcServerProtocolService (LogUtils.java:warn(122)) - s0: Failed requestVote s1->s0#0: org.apache.ratis.protocol.exceptions.ServerNotReadyException: s0@group-469FBF65F7A7 is not in [RUNNING]: current state is CLOSED
2022-09-20 10:13:01,058 [grpc-default-executor-0] INFO  server.RaftServer$Division (RaftServerImpl.java:requestVote(1281)) - s2@group-469FBF65F7A7: receive requestVote(PRE_VOTE, s1, group-469FBF65F7A7, 2, (t:2, i:134))
2022-09-20 10:13:01,058 [grpc-default-executor-0] WARN  server.GrpcServerProtocolService (LogUtils.java:warn(122)) - s2: Failed requestVote s1->s2#0: org.apache.ratis.protocol.exceptions.ServerNotReadyException: s2@group-469FBF65F7A7 is not in [RUNNING]: current state is CLOSED
2022-09-20 10:13:01,058 [s1@group-469FBF65F7A7-LeaderElection55] INFO  impl.LeaderElection (LogUtils.java:infoOrTrace(137)) - s1@group-469FBF65F7A7-LeaderElection55 got exception when requesting votes: java.util.concurrent.ExecutionException: org.apache.ratis.thirdparty.io.grpc.StatusRuntimeException: INTERNAL: s0@group-469FBF65F7A7 is not in [RUNNING]: current state is CLOSED
2022-09-20 10:13:01,058 [s1@group-469FBF65F7A7-LeaderElection55] INFO  impl.LeaderElection (LogUtils.java:infoOrTrace(137)) - s1@group-469FBF65F7A7-LeaderElection55 got exception when requesting votes: java.util.concurrent.ExecutionException: org.apache.ratis.thirdparty.io.grpc.StatusRuntimeException: INTERNAL: s2@group-469FBF65F7A7 is not in [RUNNING]: current state is CLOSED
2022-09-20 10:13:01,059 [s1@group-469FBF65F7A7-LeaderElection55] INFO  impl.LeaderElection (LeaderElection.java:logAndReturn(89)) - s1@group-469FBF65F7A7-LeaderElection55: PRE_VOTE REJECTED received 0 response(s) and 2 exception(s):
2022-09-20 10:13:01,059 [s1@group-469FBF65F7A7-LeaderElection55] INFO  impl.LeaderElection (LogUtils.java:infoOrTrace(137)) -   Exception 0: java.util.concurrent.ExecutionException: org.apache.ratis.thirdparty.io.grpc.StatusRuntimeException: INTERNAL: s0@group-469FBF65F7A7 is not in [RUNNING]: current state is CLOSED
2022-09-20 10:13:01,059 [s1@group-469FBF65F7A7-LeaderElection55] INFO  impl.LeaderElection (LogUtils.java:infoOrTrace(137)) -   Exception 1: java.util.concurrent.ExecutionException: org.apache.ratis.thirdparty.io.grpc.StatusRuntimeException: INTERNAL: s2@group-469FBF65F7A7 is not in [RUNNING]: current state is CLOSED
2022-09-20 10:13:01,059 [s1@group-469FBF65F7A7-LeaderElection55] INFO  impl.LeaderElection (LeaderElection.java:askForVotes(310)) - s1@group-469FBF65F7A7-LeaderElection55 PRE_VOTE round 0: result REJECTED
2022-09-20 10:13:01,059 [s1@group-469FBF65F7A7-LeaderElection55] INFO  server.RaftServer$Division (RaftServerImpl.java:setRole(317)) - s1@group-469FBF65F7A7: changes role from CANDIDATE to FOLLOWER at term 2 for REJECTED
2022-09-20 10:13:01,059 [s1@group-469FBF65F7A7-LeaderElection55] INFO  impl.RoleInfo (RoleInfo.java:shutdownLeaderElection(130)) - s1: shutdown s1@group-469FBF65F7A7-LeaderElection55
2022-09-20 10:13:01,059 [s1@group-469FBF65F7A7-LeaderElection55] INFO  impl.RoleInfo (RoleInfo.java:updateAndGet(139)) - s1: start s1@group-469FBF65F7A7-FollowerState
2022-09-20 10:13:01,097 [null-request--thread1] INFO  server.GrpcClientProtocolService (GrpcClientProtocolService.java:lambda$processClientRequest$0(284)) - Failed RaftClientRequest:client-76B04C62A16F->s1@group-469FBF65F7A7, cid=451, seq=0, RW, Message:6d3635, reply=RaftClientReply:client-76B04C62A16F->s1@group-469FBF65F7A7, cid=451, FAILED org.apache.ratis.protocol.exceptions.NotLeaderException: Server s1@group-469FBF65F7A7 is not the leader, logIndex=0, commits[s1:c133, s0:c130, s2:c133]
2022-09-20 10:13:01,308 [null-request--thread1] INFO  server.GrpcClientProtocolService (GrpcClientProtocolService.java:lambda$processClientRequest$0(284)) - Failed RaftClientRequest:client-76B04C62A16F->s1@group-469FBF65F7A7, cid=451, seq=0, RW, Message:6d3635, reply=RaftClientReply:client-76B04C62A16F->s1@group-469FBF65F7A7, cid=451, FAILED org.apache.ratis.protocol.exceptions.NotLeaderException: Server s1@group-469FBF65F7A7 is not the leader, logIndex=0, commits[s1:c133, s0:c130, s2:c133]
2022-09-20 10:13:01,337 [s1@group-469FBF65F7A7-FollowerState] INFO  impl.FollowerState (FollowerState.java:run(141)) - s1@group-469FBF65F7A7-FollowerState: change to CANDIDATE, lastRpcElapsedTime:278545751ns, electionTimeout:278ms
2022-09-20 10:13:01,337 [s1@group-469FBF65F7A7-FollowerState] INFO  impl.RoleInfo (RoleInfo.java:shutdownFollowerState(110)) - s1: shutdown s1@group-469FBF65F7A7-FollowerState
2022-09-20 10:13:01,337 [s1@group-469FBF65F7A7-FollowerState] INFO  server.RaftServer$Division (RaftServerImpl.java:setRole(317)) - s1@group-469FBF65F7A7: changes role from  FOLLOWER to CANDIDATE at term 2 for changeToCandidate
2022-09-20 10:13:01,338 [s1@group-469FBF65F7A7-FollowerState] INFO  server.RaftServerConfigKeys (ConfUtils.java:logGet(46)) - raft.server.leaderelection.pre-vote = true (default)
2022-09-20 10:13:01,338 [s1@group-469FBF65F7A7-FollowerState] INFO  impl.RoleInfo (RoleInfo.java:updateAndGet(139)) - s1: start s1@group-469FBF65F7A7-LeaderElection56
2022-09-20 10:13:01,338 [s1@group-469FBF65F7A7-LeaderElection56] INFO  impl.LeaderElection (LeaderElection.java:askForVotes(308)) - s1@group-469FBF65F7A7-LeaderElection56 PRE_VOTE round 0: submit vote requests at term 2 for 133: peers:[s0|rpc:localhost:39281|admin:localhost:38455|client:localhost:36053|dataStream:localhost:45769|priority:0|startupRole:FOLLOWER, s1|rpc:localhost:46849|admin:localhost:41515|client:localhost:39119|dataStream:localhost:41703|priority:0|startupRole:FOLLOWER, s2|rpc:localhost:35167|admin:localhost:44965|client:localhost:40979|dataStream:localhost:34151|priority:0|startupRole:FOLLOWER]|listeners:[], old=null
2022-09-20 10:13:01,339 [grpc-default-executor-0] INFO  server.RaftServer$Division (RaftServerImpl.java:requestVote(1281)) - s2@group-469FBF65F7A7: receive requestVote(PRE_VOTE, s1, group-469FBF65F7A7, 2, (t:2, i:134))
2022-09-20 10:13:01,340 [grpc-default-executor-0] WARN  server.GrpcServerProtocolService (LogUtils.java:warn(122)) - s2: Failed requestVote s1->s2#0: org.apache.ratis.protocol.exceptions.ServerNotReadyException: s2@group-469FBF65F7A7 is not in [RUNNING]: current state is CLOSED
2022-09-20 10:13:01,340 [s1@group-469FBF65F7A7-LeaderElection56] INFO  impl.LeaderElection (LogUtils.java:infoOrTrace(137)) - s1@group-469FBF65F7A7-LeaderElection56 got exception when requesting votes: java.util.concurrent.ExecutionException: org.apache.ratis.thirdparty.io.grpc.StatusRuntimeException: INTERNAL: s2@group-469FBF65F7A7 is not in [RUNNING]: current state is CLOSED
2022-09-20 10:13:01,340 [grpc-default-executor-5] INFO  server.RaftServer$Division (RaftServerImpl.java:requestVote(1281)) - s0@group-469FBF65F7A7: receive requestVote(PRE_VOTE, s1, group-469FBF65F7A7, 2, (t:2, i:134))
2022-09-20 10:13:01,341 [grpc-default-executor-5] WARN  server.GrpcServerProtocolService (LogUtils.java:warn(122)) - s0: Failed requestVote s1->s0#0: org.apache.ratis.protocol.exceptions.ServerNotReadyException: s0@group-469FBF65F7A7 is not in [RUNNING]: current state is CLOSED
2022-09-20 10:13:01,341 [s1@group-469FBF65F7A7-LeaderElection56] INFO  impl.LeaderElection (LogUtils.java:infoOrTrace(137)) - s1@group-469FBF65F7A7-LeaderElection56 got exception when requesting votes: java.util.concurrent.ExecutionException: org.apache.ratis.thirdparty.io.grpc.StatusRuntimeException: INTERNAL: s0@group-469FBF65F7A7 is not in [RUNNING]: current state is CLOSED
2022-09-20 10:13:01,341 [s1@group-469FBF65F7A7-LeaderElection56] INFO  impl.LeaderElection (LeaderElection.java:logAndReturn(89)) - s1@group-469FBF65F7A7-LeaderElection56: PRE_VOTE REJECTED received 0 response(s) and 2 exception(s):
2022-09-20 10:13:01,341 [s1@group-469FBF65F7A7-LeaderElection56] INFO  impl.LeaderElection (LogUtils.java:infoOrTrace(137)) -   Exception 0: java.util.concurrent.ExecutionException: org.apache.ratis.thirdparty.io.grpc.StatusRuntimeException: INTERNAL: s2@group-469FBF65F7A7 is not in [RUNNING]: current state is CLOSED
2022-09-20 10:13:01,341 [s1@group-469FBF65F7A7-LeaderElection56] INFO  impl.LeaderElection (LogUtils.java:infoOrTrace(137)) -   Exception 1: java.util.concurrent.ExecutionException: org.apache.ratis.thirdparty.io.grpc.StatusRuntimeException: INTERNAL: s0@group-469FBF65F7A7 is not in [RUNNING]: current state is CLOSED
2022-09-20 10:13:01,341 [s1@group-469FBF65F7A7-LeaderElection56] INFO  impl.LeaderElection (LeaderElection.java:askForVotes(310)) - s1@group-469FBF65F7A7-LeaderElection56 PRE_VOTE round 0: result REJECTED
2022-09-20 10:13:01,341 [s1@group-469FBF65F7A7-LeaderElection56] INFO  server.RaftServer$Division (RaftServerImpl.java:setRole(317)) - s1@group-469FBF65F7A7: changes role from CANDIDATE to FOLLOWER at term 2 for REJECTED
2022-09-20 10:13:01,341 [s1@group-469FBF65F7A7-LeaderElection56] INFO  impl.RoleInfo (RoleInfo.java:shutdownLeaderElection(130)) - s1: shutdown s1@group-469FBF65F7A7-LeaderElection56
2022-09-20 10:13:01,341 [s1@group-469FBF65F7A7-LeaderElection56] INFO  impl.RoleInfo (RoleInfo.java:updateAndGet(139)) - s1: start s1@group-469FBF65F7A7-FollowerState
2022-09-20 10:13:01,520 [null-request--thread1] INFO  server.GrpcClientProtocolService (GrpcClientProtocolService.java:lambda$processClientRequest$0(284)) - Failed RaftClientRequest:client-76B04C62A16F->s1@group-469FBF65F7A7, cid=451, seq=0, RW, Message:6d3635, reply=RaftClientReply:client-76B04C62A16F->s1@group-469FBF65F7A7, cid=451, FAILED org.apache.ratis.protocol.exceptions.NotLeaderException: Server s1@group-469FBF65F7A7 is not the leader, logIndex=0, commits[s1:c133, s0:c130, s2:c133]
2022-09-20 10:13:01,623 [s1@group-469FBF65F7A7-FollowerState] INFO  impl.FollowerState (FollowerState.java:run(141)) - s1@group-469FBF65F7A7-FollowerState: change to CANDIDATE, lastRpcElapsedTime:281464596ns, electionTimeout:281ms
2022-09-20 10:13:01,623 [s1@group-469FBF65F7A7-FollowerState] INFO  impl.RoleInfo (RoleInfo.java:shutdownFollowerState(110)) - s1: shutdown s1@group-469FBF65F7A7-FollowerState
2022-09-20 10:13:01,623 [s1@group-469FBF65F7A7-FollowerState] INFO  server.RaftServer$Division (RaftServerImpl.java:setRole(317)) - s1@group-469FBF65F7A7: changes role from  FOLLOWER to CANDIDATE at term 2 for changeToCandidate
2022-09-20 10:13:01,623 [s1@group-469FBF65F7A7-FollowerState] INFO  server.RaftServerConfigKeys (ConfUtils.java:logGet(46)) - raft.server.leaderelection.pre-vote = true (default)
2022-09-20 10:13:01,623 [s1@group-469FBF65F7A7-FollowerState] INFO  impl.RoleInfo (RoleInfo.java:updateAndGet(139)) - s1: start s1@group-469FBF65F7A7-LeaderElection57
2022-09-20 10:13:01,625 [s1@group-469FBF65F7A7-LeaderElection57] INFO  impl.LeaderElection (LeaderElection.java:askForVotes(308)) - s1@group-469FBF65F7A7-LeaderElection57 PRE_VOTE round 0: submit vote requests at term 2 for 133: peers:[s0|rpc:localhost:39281|admin:localhost:38455|client:localhost:36053|dataStream:localhost:45769|priority:0|startupRole:FOLLOWER, s1|rpc:localhost:46849|admin:localhost:41515|client:localhost:39119|dataStream:localhost:41703|priority:0|startupRole:FOLLOWER, s2|rpc:localhost:35167|admin:localhost:44965|client:localhost:40979|dataStream:localhost:34151|priority:0|startupRole:FOLLOWER]|listeners:[], old=null
2022-09-20 10:13:01,626 [grpc-default-executor-8] INFO  server.RaftServer$Division (RaftServerImpl.java:requestVote(1281)) - s0@group-469FBF65F7A7: receive requestVote(PRE_VOTE, s1, group-469FBF65F7A7, 2, (t:2, i:134))
2022-09-20 10:13:01,627 [grpc-default-executor-8] WARN  server.GrpcServerProtocolService (LogUtils.java:warn(122)) - s0: Failed requestVote s1->s0#0: org.apache.ratis.protocol.exceptions.ServerNotReadyException: s0@group-469FBF65F7A7 is not in [RUNNING]: current state is CLOSED
2022-09-20 10:13:01,626 [grpc-default-executor-0] INFO  server.RaftServer$Division (RaftServerImpl.java:requestVote(1281)) - s2@group-469FBF65F7A7: receive requestVote(PRE_VOTE, s1, group-469FBF65F7A7, 2, (t:2, i:134))
2022-09-20 10:13:01,627 [grpc-default-executor-0] WARN  server.GrpcServerProtocolService (LogUtils.java:warn(122)) - s2: Failed requestVote s1->s2#0: org.apache.ratis.protocol.exceptions.ServerNotReadyException: s2@group-469FBF65F7A7 is not in [RUNNING]: current state is CLOSED
2022-09-20 10:13:01,627 [s1@group-469FBF65F7A7-LeaderElection57] INFO  impl.LeaderElection (LogUtils.java:infoOrTrace(137)) - s1@group-469FBF65F7A7-LeaderElection57 got exception when requesting votes: java.util.concurrent.ExecutionException: org.apache.ratis.thirdparty.io.grpc.StatusRuntimeException: INTERNAL: s0@group-469FBF65F7A7 is not in [RUNNING]: current state is CLOSED
2022-09-20 10:13:01,627 [s1@group-469FBF65F7A7-LeaderElection57] INFO  impl.LeaderElection (LogUtils.java:infoOrTrace(137)) - s1@group-469FBF65F7A7-LeaderElection57 got exception when requesting votes: java.util.concurrent.ExecutionException: org.apache.ratis.thirdparty.io.grpc.StatusRuntimeException: INTERNAL: s2@group-469FBF65F7A7 is not in [RUNNING]: current state is CLOSED
2022-09-20 10:13:01,627 [s1@group-469FBF65F7A7-LeaderElection57] INFO  impl.LeaderElection (LeaderElection.java:logAndReturn(89)) - s1@group-469FBF65F7A7-LeaderElection57: PRE_VOTE REJECTED received 0 response(s) and 2 exception(s):
2022-09-20 10:13:01,627 [s1@group-469FBF65F7A7-LeaderElection57] INFO  impl.LeaderElection (LogUtils.java:infoOrTrace(137)) -   Exception 0: java.util.concurrent.ExecutionException: org.apache.ratis.thirdparty.io.grpc.StatusRuntimeException: INTERNAL: s0@group-469FBF65F7A7 is not in [RUNNING]: current state is CLOSED
2022-09-20 10:13:01,627 [s1@group-469FBF65F7A7-LeaderElection57] INFO  impl.LeaderElection (LogUtils.java:infoOrTrace(137)) -   Exception 1: java.util.concurrent.ExecutionException: org.apache.ratis.thirdparty.io.grpc.StatusRuntimeException: INTERNAL: s2@group-469FBF65F7A7 is not in [RUNNING]: current state is CLOSED
2022-09-20 10:13:01,627 [s1@group-469FBF65F7A7-LeaderElection57] INFO  impl.LeaderElection (LeaderElection.java:askForVotes(310)) - s1@group-469FBF65F7A7-LeaderElection57 PRE_VOTE round 0: result REJECTED
2022-09-20 10:13:01,627 [s1@group-469FBF65F7A7-LeaderElection57] INFO  server.RaftServer$Division (RaftServerImpl.java:setRole(317)) - s1@group-469FBF65F7A7: changes role from CANDIDATE to FOLLOWER at term 2 for REJECTED
2022-09-20 10:13:01,627 [s1@group-469FBF65F7A7-LeaderElection57] INFO  impl.RoleInfo (RoleInfo.java:shutdownLeaderElection(130)) - s1: shutdown s1@group-469FBF65F7A7-LeaderElection57
2022-09-20 10:13:01,628 [s1@group-469FBF65F7A7-LeaderElection57] INFO  impl.RoleInfo (RoleInfo.java:updateAndGet(139)) - s1: start s1@group-469FBF65F7A7-FollowerState
2022-09-20 10:13:01,840 [s1@group-469FBF65F7A7-FollowerState] INFO  impl.FollowerState (FollowerState.java:run(141)) - s1@group-469FBF65F7A7-FollowerState: change to CANDIDATE, lastRpcElapsedTime:212341340ns, electionTimeout:212ms
2022-09-20 10:13:01,840 [s1@group-469FBF65F7A7-FollowerState] INFO  impl.RoleInfo (RoleInfo.java:shutdownFollowerState(110)) - s1: shutdown s1@group-469FBF65F7A7-FollowerState
2022-09-20 10:13:01,840 [s1@group-469FBF65F7A7-FollowerState] INFO  server.RaftServer$Division (RaftServerImpl.java:setRole(317)) - s1@group-469FBF65F7A7: changes role from  FOLLOWER to CANDIDATE at term 2 for changeToCandidate
2022-09-20 10:13:01,840 [s1@group-469FBF65F7A7-FollowerState] INFO  server.RaftServerConfigKeys (ConfUtils.java:logGet(46)) - raft.server.leaderelection.pre-vote = true (default)
2022-09-20 10:13:01,840 [s1@group-469FBF65F7A7-FollowerState] INFO  impl.RoleInfo (RoleInfo.java:updateAndGet(139)) - s1: start s1@group-469FBF65F7A7-LeaderElection58
2022-09-20 10:13:01,840 [s1@group-469FBF65F7A7-LeaderElection58] INFO  impl.LeaderElection (LeaderElection.java:askForVotes(308)) - s1@group-469FBF65F7A7-LeaderElection58 PRE_VOTE round 0: submit vote requests at term 2 for 133: peers:[s0|rpc:localhost:39281|admin:localhost:38455|client:localhost:36053|dataStream:localhost:45769|priority:0|startupRole:FOLLOWER, s1|rpc:localhost:46849|admin:localhost:41515|client:localhost:39119|dataStream:localhost:41703|priority:0|startupRole:FOLLOWER, s2|rpc:localhost:35167|admin:localhost:44965|client:localhost:40979|dataStream:localhost:34151|priority:0|startupRole:FOLLOWER]|listeners:[], old=null
2022-09-20 10:13:01,842 [grpc-default-executor-5] INFO  server.RaftServer$Division (RaftServerImpl.java:requestVote(1281)) - s2@group-469FBF65F7A7: receive requestVote(PRE_VOTE, s1, group-469FBF65F7A7, 2, (t:2, i:134))
2022-09-20 10:13:01,842 [grpc-default-executor-0] INFO  server.RaftServer$Division (RaftServerImpl.java:requestVote(1281)) - s0@group-469FBF65F7A7: receive requestVote(PRE_VOTE, s1, group-469FBF65F7A7, 2, (t:2, i:134))
2022-09-20 10:13:01,842 [grpc-default-executor-5] WARN  server.GrpcServerProtocolService (LogUtils.java:warn(122)) - s2: Failed requestVote s1->s2#0: org.apache.ratis.protocol.exceptions.ServerNotReadyException: s2@group-469FBF65F7A7 is not in [RUNNING]: current state is CLOSED
2022-09-20 10:13:01,842 [grpc-default-executor-0] WARN  server.GrpcServerProtocolService (LogUtils.java:warn(122)) - s0: Failed requestVote s1->s0#0: org.apache.ratis.protocol.exceptions.ServerNotReadyException: s0@group-469FBF65F7A7 is not in [RUNNING]: current state is CLOSED
2022-09-20 10:13:01,842 [s1@group-469FBF65F7A7-LeaderElection58] INFO  impl.LeaderElection (LogUtils.java:infoOrTrace(137)) - s1@group-469FBF65F7A7-LeaderElection58 got exception when requesting votes: java.util.concurrent.ExecutionException: org.apache.ratis.thirdparty.io.grpc.StatusRuntimeException: INTERNAL: s2@group-469FBF65F7A7 is not in [RUNNING]: current state is CLOSED
2022-09-20 10:13:01,842 [s1@group-469FBF65F7A7-LeaderElection58] INFO  impl.LeaderElection (LogUtils.java:infoOrTrace(137)) - s1@group-469FBF65F7A7-LeaderElection58 got exception when requesting votes: java.util.concurrent.ExecutionException: org.apache.ratis.thirdparty.io.grpc.StatusRuntimeException: INTERNAL: s0@group-469FBF65F7A7 is not in [RUNNING]: current state is CLOSED
2022-09-20 10:13:01,842 [s1@group-469FBF65F7A7-LeaderElection58] INFO  impl.LeaderElection (LeaderElection.java:logAndReturn(89)) - s1@group-469FBF65F7A7-LeaderElection58: PRE_VOTE REJECTED received 0 response(s) and 2 exception(s):
2022-09-20 10:13:01,842 [s1@group-469FBF65F7A7-LeaderElection58] INFO  impl.LeaderElection (LogUtils.java:infoOrTrace(137)) -   Exception 0: java.util.concurrent.ExecutionException: org.apache.ratis.thirdparty.io.grpc.StatusRuntimeException: INTERNAL: s2@group-469FBF65F7A7 is not in [RUNNING]: current state is CLOSED
2022-09-20 10:13:01,842 [s1@group-469FBF65F7A7-LeaderElection58] INFO  impl.LeaderElection (LogUtils.java:infoOrTrace(137)) -   Exception 1: java.util.concurrent.ExecutionException: org.apache.ratis.thirdparty.io.grpc.StatusRuntimeException: INTERNAL: s0@group-469FBF65F7A7 is not in [RUNNING]: current state is CLOSED
2022-09-20 10:13:01,842 [s1@group-469FBF65F7A7-LeaderElection58] INFO  impl.LeaderElection (LeaderElection.java:askForVotes(310)) - s1@group-469FBF65F7A7-LeaderElection58 PRE_VOTE round 0: result REJECTED
2022-09-20 10:13:01,843 [s1@group-469FBF65F7A7-LeaderElection58] INFO  server.RaftServer$Division (RaftServerImpl.java:setRole(317)) - s1@group-469FBF65F7A7: changes role from CANDIDATE to FOLLOWER at term 2 for REJECTED
2022-09-20 10:13:01,843 [s1@group-469FBF65F7A7-LeaderElection58] INFO  impl.RoleInfo (RoleInfo.java:shutdownLeaderElection(130)) - s1: shutdown s1@group-469FBF65F7A7-LeaderElection58
2022-09-20 10:13:01,843 [s1@group-469FBF65F7A7-LeaderElection58] INFO  impl.RoleInfo (RoleInfo.java:updateAndGet(139)) - s1: start s1@group-469FBF65F7A7-FollowerState
2022-09-20 10:13:02,073 [s1@group-469FBF65F7A7-FollowerState] INFO  impl.FollowerState (FollowerState.java:run(141)) - s1@group-469FBF65F7A7-FollowerState: change to CANDIDATE, lastRpcElapsedTime:230437917ns, electionTimeout:230ms
2022-09-20 10:13:02,073 [s1@group-469FBF65F7A7-FollowerState] INFO  impl.RoleInfo (RoleInfo.java:shutdownFollowerState(110)) - s1: shutdown s1@group-469FBF65F7A7-FollowerState
2022-09-20 10:13:02,073 [s1@group-469FBF65F7A7-FollowerState] INFO  server.RaftServer$Division (RaftServerImpl.java:setRole(317)) - s1@group-469FBF65F7A7: changes role from  FOLLOWER to CANDIDATE at term 2 for changeToCandidate
2022-09-20 10:13:02,073 [s1@group-469FBF65F7A7-FollowerState] INFO  server.RaftServerConfigKeys (ConfUtils.java:logGet(46)) - raft.server.leaderelection.pre-vote = true (default)
2022-09-20 10:13:02,073 [s1@group-469FBF65F7A7-FollowerState] INFO  impl.RoleInfo (RoleInfo.java:updateAndGet(139)) - s1: start s1@group-469FBF65F7A7-LeaderElection59
2022-09-20 10:13:02,074 [s1@group-469FBF65F7A7-LeaderElection59] INFO  impl.LeaderElection (LeaderElection.java:askForVotes(308)) - s1@group-469FBF65F7A7-LeaderElection59 PRE_VOTE round 0: submit vote requests at term 2 for 133: peers:[s0|rpc:localhost:39281|admin:localhost:38455|client:localhost:36053|dataStream:localhost:45769|priority:0|startupRole:FOLLOWER, s1|rpc:localhost:46849|admin:localhost:41515|client:localhost:39119|dataStream:localhost:41703|priority:0|startupRole:FOLLOWER, s2|rpc:localhost:35167|admin:localhost:44965|client:localhost:40979|dataStream:localhost:34151|priority:0|startupRole:FOLLOWER]|listeners:[], old=null
2022-09-20 10:13:02,075 [grpc-default-executor-8] INFO  server.RaftServer$Division (RaftServerImpl.java:requestVote(1281)) - s2@group-469FBF65F7A7: receive requestVote(PRE_VOTE, s1, group-469FBF65F7A7, 2, (t:2, i:134))
2022-09-20 10:13:02,075 [grpc-default-executor-8] WARN  server.GrpcServerProtocolService (LogUtils.java:warn(122)) - s2: Failed requestVote s1->s2#0: org.apache.ratis.protocol.exceptions.ServerNotReadyException: s2@group-469FBF65F7A7 is not in [RUNNING]: current state is CLOSED
2022-09-20 10:13:02,076 [grpc-default-executor-8] INFO  server.RaftServer$Division (RaftServerImpl.java:requestVote(1281)) - s0@group-469FBF65F7A7: receive requestVote(PRE_VOTE, s1, group-469FBF65F7A7, 2, (t:2, i:134))
2022-09-20 10:13:02,076 [grpc-default-executor-8] WARN  server.GrpcServerProtocolService (LogUtils.java:warn(122)) - s0: Failed requestVote s1->s0#0: org.apache.ratis.protocol.exceptions.ServerNotReadyException: s0@group-469FBF65F7A7 is not in [RUNNING]: current state is CLOSED
2022-09-20 10:13:02,076 [s1@group-469FBF65F7A7-LeaderElection59] INFO  impl.LeaderElection (LogUtils.java:infoOrTrace(137)) - s1@group-469FBF65F7A7-LeaderElection59 got exception when requesting votes: java.util.concurrent.ExecutionException: org.apache.ratis.thirdparty.io.grpc.StatusRuntimeException: INTERNAL: s2@group-469FBF65F7A7 is not in [RUNNING]: current state is CLOSED
2022-09-20 10:13:02,076 [s1@group-469FBF65F7A7-LeaderElection59] INFO  impl.LeaderElection (LogUtils.java:infoOrTrace(137)) - s1@group-469FBF65F7A7-LeaderElection59 got exception when requesting votes: java.util.concurrent.ExecutionException: org.apache.ratis.thirdparty.io.grpc.StatusRuntimeException: INTERNAL: s0@group-469FBF65F7A7 is not in [RUNNING]: current state is CLOSED
2022-09-20 10:13:02,076 [s1@group-469FBF65F7A7-LeaderElection59] INFO  impl.LeaderElection (LeaderElection.java:logAndReturn(89)) - s1@group-469FBF65F7A7-LeaderElection59: PRE_VOTE REJECTED received 0 response(s) and 2 exception(s):
2022-09-20 10:13:02,076 [s1@group-469FBF65F7A7-LeaderElection59] INFO  impl.LeaderElection (LogUtils.java:infoOrTrace(137)) -   Exception 0: java.util.concurrent.ExecutionException: org.apache.ratis.thirdparty.io.grpc.StatusRuntimeException: INTERNAL: s2@group-469FBF65F7A7 is not in [RUNNING]: current state is CLOSED
2022-09-20 10:13:02,076 [s1@group-469FBF65F7A7-LeaderElection59] INFO  impl.LeaderElection (LogUtils.java:infoOrTrace(137)) -   Exception 1: java.util.concurrent.ExecutionException: org.apache.ratis.thirdparty.io.grpc.StatusRuntimeException: INTERNAL: s0@group-469FBF65F7A7 is not in [RUNNING]: current state is CLOSED
2022-09-20 10:13:02,076 [s1@group-469FBF65F7A7-LeaderElection59] INFO  impl.LeaderElection (LeaderElection.java:askForVotes(310)) - s1@group-469FBF65F7A7-LeaderElection59 PRE_VOTE round 0: result REJECTED
2022-09-20 10:13:02,076 [s1@group-469FBF65F7A7-LeaderElection59] INFO  server.RaftServer$Division (RaftServerImpl.java:setRole(317)) - s1@group-469FBF65F7A7: changes role from CANDIDATE to FOLLOWER at term 2 for REJECTED
2022-09-20 10:13:02,076 [s1@group-469FBF65F7A7-LeaderElection59] INFO  impl.RoleInfo (RoleInfo.java:shutdownLeaderElection(130)) - s1: shutdown s1@group-469FBF65F7A7-LeaderElection59
2022-09-20 10:13:02,077 [s1@group-469FBF65F7A7-LeaderElection59] INFO  impl.RoleInfo (RoleInfo.java:updateAndGet(139)) - s1: start s1@group-469FBF65F7A7-FollowerState
2022-09-20 10:13:02,153 [null-request--thread1] INFO  server.GrpcClientProtocolService (GrpcClientProtocolService.java:lambda$processClientRequest$0(284)) - Failed RaftClientRequest:client-76B04C62A16F->s1@group-469FBF65F7A7, cid=451, seq=0, RW, Message:6d3635, reply=RaftClientReply:client-76B04C62A16F->s1@group-469FBF65F7A7, cid=451, FAILED org.apache.ratis.protocol.exceptions.NotLeaderException: Server s1@group-469FBF65F7A7 is not the leader, logIndex=0, commits[s1:c133, s0:c130, s2:c133]
2022-09-20 10:13:02,341 [s1@group-469FBF65F7A7-FollowerState] INFO  impl.FollowerState (FollowerState.java:run(141)) - s1@group-469FBF65F7A7-FollowerState: change to CANDIDATE, lastRpcElapsedTime:264414736ns, electionTimeout:264ms
2022-09-20 10:13:02,341 [s1@group-469FBF65F7A7-FollowerState] INFO  impl.RoleInfo (RoleInfo.java:shutdownFollowerState(110)) - s1: shutdown s1@group-469FBF65F7A7-FollowerState
2022-09-20 10:13:02,341 [s1@group-469FBF65F7A7-FollowerState] INFO  server.RaftServer$Division (RaftServerImpl.java:setRole(317)) - s1@group-469FBF65F7A7: changes role from  FOLLOWER to CANDIDATE at term 2 for changeToCandidate
2022-09-20 10:13:02,341 [s1@group-469FBF65F7A7-FollowerState] INFO  server.RaftServerConfigKeys (ConfUtils.java:logGet(46)) - raft.server.leaderelection.pre-vote = true (default)
2022-09-20 10:13:02,341 [s1@group-469FBF65F7A7-FollowerState] INFO  impl.RoleInfo (RoleInfo.java:updateAndGet(139)) - s1: start s1@group-469FBF65F7A7-LeaderElection60
2022-09-20 10:13:02,342 [s1@group-469FBF65F7A7-LeaderElection60] INFO  impl.LeaderElection (LeaderElection.java:askForVotes(308)) - s1@group-469FBF65F7A7-LeaderElection60 PRE_VOTE round 0: submit vote requests at term 2 for 133: peers:[s0|rpc:localhost:39281|admin:localhost:38455|client:localhost:36053|dataStream:localhost:45769|priority:0|startupRole:FOLLOWER, s1|rpc:localhost:46849|admin:localhost:41515|client:localhost:39119|dataStream:localhost:41703|priority:0|startupRole:FOLLOWER, s2|rpc:localhost:35167|admin:localhost:44965|client:localhost:40979|dataStream:localhost:34151|priority:0|startupRole:FOLLOWER]|listeners:[], old=null
2022-09-20 10:13:02,343 [grpc-default-executor-0] INFO  server.RaftServer$Division (RaftServerImpl.java:requestVote(1281)) - s2@group-469FBF65F7A7: receive requestVote(PRE_VOTE, s1, group-469FBF65F7A7, 2, (t:2, i:134))
2022-09-20 10:13:02,343 [grpc-default-executor-0] WARN  server.GrpcServerProtocolService (LogUtils.java:warn(122)) - s2: Failed requestVote s1->s2#0: org.apache.ratis.protocol.exceptions.ServerNotReadyException: s2@group-469FBF65F7A7 is not in [RUNNING]: current state is CLOSED
2022-09-20 10:13:02,343 [grpc-default-executor-8] INFO  server.RaftServer$Division (RaftServerImpl.java:requestVote(1281)) - s0@group-469FBF65F7A7: receive requestVote(PRE_VOTE, s1, group-469FBF65F7A7, 2, (t:2, i:134))
2022-09-20 10:13:02,343 [grpc-default-executor-8] WARN  server.GrpcServerProtocolService (LogUtils.java:warn(122)) - s0: Failed requestVote s1->s0#0: org.apache.ratis.protocol.exceptions.ServerNotReadyException: s0@group-469FBF65F7A7 is not in [RUNNING]: current state is CLOSED
2022-09-20 10:13:02,344 [s1@group-469FBF65F7A7-LeaderElection60] INFO  impl.LeaderElection (LogUtils.java:infoOrTrace(137)) - s1@group-469FBF65F7A7-LeaderElection60 got exception when requesting votes: java.util.concurrent.ExecutionException: org.apache.ratis.thirdparty.io.grpc.StatusRuntimeException: INTERNAL: s2@group-469FBF65F7A7 is not in [RUNNING]: current state is CLOSED
2022-09-20 10:13:02,344 [s1@group-469FBF65F7A7-LeaderElection60] INFO  impl.LeaderElection (LogUtils.java:infoOrTrace(137)) - s1@group-469FBF65F7A7-LeaderElection60 got exception when requesting votes: java.util.concurrent.ExecutionException: org.apache.ratis.thirdparty.io.grpc.StatusRuntimeException: INTERNAL: s0@group-469FBF65F7A7 is not in [RUNNING]: current state is CLOSED
2022-09-20 10:13:02,344 [s1@group-469FBF65F7A7-LeaderElection60] INFO  impl.LeaderElection (LeaderElection.java:logAndReturn(89)) - s1@group-469FBF65F7A7-LeaderElection60: PRE_VOTE REJECTED received 0 response(s) and 2 exception(s):
2022-09-20 10:13:02,344 [s1@group-469FBF65F7A7-LeaderElection60] INFO  impl.LeaderElection (LogUtils.java:infoOrTrace(137)) -   Exception 0: java.util.concurrent.ExecutionException: org.apache.ratis.thirdparty.io.grpc.StatusRuntimeException: INTERNAL: s2@group-469FBF65F7A7 is not in [RUNNING]: current state is CLOSED
2022-09-20 10:13:02,344 [s1@group-469FBF65F7A7-LeaderElection60] INFO  impl.LeaderElection (LogUtils.java:infoOrTrace(137)) -   Exception 1: java.util.concurrent.ExecutionException: org.apache.ratis.thirdparty.io.grpc.StatusRuntimeException: INTERNAL: s0@group-469FBF65F7A7 is not in [RUNNING]: current state is CLOSED
2022-09-20 10:13:02,344 [s1@group-469FBF65F7A7-LeaderElection60] INFO  impl.LeaderElection (LeaderElection.java:askForVotes(310)) - s1@group-469FBF65F7A7-LeaderElection60 PRE_VOTE round 0: result REJECTED
2022-09-20 10:13:02,344 [s1@group-469FBF65F7A7-LeaderElection60] INFO  server.RaftServer$Division (RaftServerImpl.java:setRole(317)) - s1@group-469FBF65F7A7: changes role from CANDIDATE to FOLLOWER at term 2 for REJECTED
2022-09-20 10:13:02,344 [s1@group-469FBF65F7A7-LeaderElection60] INFO  impl.RoleInfo (RoleInfo.java:shutdownLeaderElection(130)) - s1: shutdown s1@group-469FBF65F7A7-LeaderElection60
2022-09-20 10:13:02,344 [s1@group-469FBF65F7A7-LeaderElection60] INFO  impl.RoleInfo (RoleInfo.java:updateAndGet(139)) - s1: start s1@group-469FBF65F7A7-FollowerState
2022-09-20 10:13:02,364 [null-request--thread1] INFO  server.GrpcClientProtocolService (GrpcClientProtocolService.java:lambda$processClientRequest$0(284)) - Failed RaftClientRequest:client-76B04C62A16F->s1@group-469FBF65F7A7, cid=451, seq=0, RW, Message:6d3635, reply=RaftClientReply:client-76B04C62A16F->s1@group-469FBF65F7A7, cid=451, FAILED org.apache.ratis.protocol.exceptions.NotLeaderException: Server s1@group-469FBF65F7A7 is not the leader, logIndex=0, commits[s1:c133, s0:c130, s2:c133]
2022-09-20 10:13:02,570 [s1@group-469FBF65F7A7-FollowerState] INFO  impl.FollowerState (FollowerState.java:run(141)) - s1@group-469FBF65F7A7-FollowerState: change to CANDIDATE, lastRpcElapsedTime:225539042ns, electionTimeout:225ms
2022-09-20 10:13:02,570 [s1@group-469FBF65F7A7-FollowerState] INFO  impl.RoleInfo (RoleInfo.java:shutdownFollowerState(110)) - s1: shutdown s1@group-469FBF65F7A7-FollowerState
2022-09-20 10:13:02,570 [s1@group-469FBF65F7A7-FollowerState] INFO  server.RaftServer$Division (RaftServerImpl.java:setRole(317)) - s1@group-469FBF65F7A7: changes role from  FOLLOWER to CANDIDATE at term 2 for changeToCandidate
2022-09-20 10:13:02,570 [s1@group-469FBF65F7A7-FollowerState] INFO  server.RaftServerConfigKeys (ConfUtils.java:logGet(46)) - raft.server.leaderelection.pre-vote = true (default)
2022-09-20 10:13:02,570 [s1@group-469FBF65F7A7-FollowerState] INFO  impl.RoleInfo (RoleInfo.java:updateAndGet(139)) - s1: start s1@group-469FBF65F7A7-LeaderElection61
2022-09-20 10:13:02,570 [s1@group-469FBF65F7A7-LeaderElection61] INFO  impl.LeaderElection (LeaderElection.java:askForVotes(308)) - s1@group-469FBF65F7A7-LeaderElection61 PRE_VOTE round 0: submit vote requests at term 2 for 133: peers:[s0|rpc:localhost:39281|admin:localhost:38455|client:localhost:36053|dataStream:localhost:45769|priority:0|startupRole:FOLLOWER, s1|rpc:localhost:46849|admin:localhost:41515|client:localhost:39119|dataStream:localhost:41703|priority:0|startupRole:FOLLOWER, s2|rpc:localhost:35167|admin:localhost:44965|client:localhost:40979|dataStream:localhost:34151|priority:0|startupRole:FOLLOWER]|listeners:[], old=null
2022-09-20 10:13:02,571 [grpc-default-executor-0] INFO  server.RaftServer$Division (RaftServerImpl.java:requestVote(1281)) - s0@group-469FBF65F7A7: receive requestVote(PRE_VOTE, s1, group-469FBF65F7A7, 2, (t:2, i:134))
2022-09-20 10:13:02,572 [grpc-default-executor-0] WARN  server.GrpcServerProtocolService (LogUtils.java:warn(122)) - s0: Failed requestVote s1->s0#0: org.apache.ratis.protocol.exceptions.ServerNotReadyException: s0@group-469FBF65F7A7 is not in [RUNNING]: current state is CLOSED
2022-09-20 10:13:02,572 [s1@group-469FBF65F7A7-LeaderElection61] INFO  impl.LeaderElection (LogUtils.java:infoOrTrace(137)) - s1@group-469FBF65F7A7-LeaderElection61 got exception when requesting votes: java.util.concurrent.ExecutionException: org.apache.ratis.thirdparty.io.grpc.StatusRuntimeException: INTERNAL: s0@group-469FBF65F7A7 is not in [RUNNING]: current state is CLOSED
2022-09-20 10:13:02,574 [grpc-default-executor-0] INFO  server.RaftServer$Division (RaftServerImpl.java:requestVote(1281)) - s2@group-469FBF65F7A7: receive requestVote(PRE_VOTE, s1, group-469FBF65F7A7, 2, (t:2, i:134))
2022-09-20 10:13:02,574 [grpc-default-executor-0] WARN  server.GrpcServerProtocolService (LogUtils.java:warn(122)) - s2: Failed requestVote s1->s2#0: org.apache.ratis.protocol.exceptions.ServerNotReadyException: s2@group-469FBF65F7A7 is not in [RUNNING]: current state is CLOSED
2022-09-20 10:13:02,574 [s1@group-469FBF65F7A7-LeaderElection61] INFO  impl.LeaderElection (LogUtils.java:infoOrTrace(137)) - s1@group-469FBF65F7A7-LeaderElection61 got exception when requesting votes: java.util.concurrent.ExecutionException: org.apache.ratis.thirdparty.io.grpc.StatusRuntimeException: INTERNAL: s2@group-469FBF65F7A7 is not in [RUNNING]: current state is CLOSED
2022-09-20 10:13:02,574 [s1@group-469FBF65F7A7-LeaderElection61] INFO  impl.LeaderElection (LeaderElection.java:logAndReturn(89)) - s1@group-469FBF65F7A7-LeaderElection61: PRE_VOTE REJECTED received 0 response(s) and 2 exception(s):
2022-09-20 10:13:02,574 [s1@group-469FBF65F7A7-LeaderElection61] INFO  impl.LeaderElection (LogUtils.java:infoOrTrace(137)) -   Exception 0: java.util.concurrent.ExecutionException: org.apache.ratis.thirdparty.io.grpc.StatusRuntimeException: INTERNAL: s0@group-469FBF65F7A7 is not in [RUNNING]: current state is CLOSED
2022-09-20 10:13:02,574 [s1@group-469FBF65F7A7-LeaderElection61] INFO  impl.LeaderElection (LogUtils.java:infoOrTrace(137)) -   Exception 1: java.util.concurrent.ExecutionException: org.apache.ratis.thirdparty.io.grpc.StatusRuntimeException: INTERNAL: s2@group-469FBF65F7A7 is not in [RUNNING]: current state is CLOSED
2022-09-20 10:13:02,574 [s1@group-469FBF65F7A7-LeaderElection61] INFO  impl.LeaderElection (LeaderElection.java:askForVotes(310)) - s1@group-469FBF65F7A7-LeaderElection61 PRE_VOTE round 0: result REJECTED
2022-09-20 10:13:02,574 [s1@group-469FBF65F7A7-LeaderElection61] INFO  server.RaftServer$Division (RaftServerImpl.java:setRole(317)) - s1@group-469FBF65F7A7: changes role from CANDIDATE to FOLLOWER at term 2 for REJECTED
2022-09-20 10:13:02,574 [s1@group-469FBF65F7A7-LeaderElection61] INFO  impl.RoleInfo (RoleInfo.java:shutdownLeaderElection(130)) - s1: shutdown s1@group-469FBF65F7A7-LeaderElection61
2022-09-20 10:13:02,574 [s1@group-469FBF65F7A7-LeaderElection61] INFO  impl.RoleInfo (RoleInfo.java:updateAndGet(139)) - s1: start s1@group-469FBF65F7A7-FollowerState
2022-09-20 10:13:02,579 [null-request--thread1] INFO  server.GrpcClientProtocolService (GrpcClientProtocolService.java:lambda$processClientRequest$0(284)) - Failed RaftClientRequest:client-76B04C62A16F->s1@group-469FBF65F7A7, cid=451, seq=0, RW, Message:6d3635, reply=RaftClientReply:client-76B04C62A16F->s1@group-469FBF65F7A7, cid=451, FAILED org.apache.ratis.protocol.exceptions.NotLeaderException: Server s1@group-469FBF65F7A7 is not the leader, logIndex=0, commits[s1:c133, s0:c130, s2:c133]
2022-09-20 10:13:02,789 [null-request--thread1] INFO  server.GrpcClientProtocolService (GrpcClientProtocolService.java:lambda$processClientRequest$0(284)) - Failed RaftClientRequest:client-76B04C62A16F->s1@group-469FBF65F7A7, cid=451, seq=0, RW, Message:6d3635, reply=RaftClientReply:client-76B04C62A16F->s1@group-469FBF65F7A7, cid=451, FAILED org.apache.ratis.protocol.exceptions.NotLeaderException: Server s1@group-469FBF65F7A7 is not the leader, logIndex=0, commits[s1:c133, s0:c130, s2:c133]
2022-09-20 10:13:02,870 [s1@group-469FBF65F7A7-FollowerState] INFO  impl.FollowerState (FollowerState.java:run(141)) - s1@group-469FBF65F7A7-FollowerState: change to CANDIDATE, lastRpcElapsedTime:295491210ns, electionTimeout:295ms
2022-09-20 10:13:02,870 [s1@group-469FBF65F7A7-FollowerState] INFO  impl.RoleInfo (RoleInfo.java:shutdownFollowerState(110)) - s1: shutdown s1@group-469FBF65F7A7-FollowerState
2022-09-20 10:13:02,870 [s1@group-469FBF65F7A7-FollowerState] INFO  server.RaftServer$Division (RaftServerImpl.java:setRole(317)) - s1@group-469FBF65F7A7: changes role from  FOLLOWER to CANDIDATE at term 2 for changeToCandidate
2022-09-20 10:13:02,870 [s1@group-469FBF65F7A7-FollowerState] INFO  server.RaftServerConfigKeys (ConfUtils.java:logGet(46)) - raft.server.leaderelection.pre-vote = true (default)
2022-09-20 10:13:02,870 [s1@group-469FBF65F7A7-FollowerState] INFO  impl.RoleInfo (RoleInfo.java:updateAndGet(139)) - s1: start s1@group-469FBF65F7A7-LeaderElection62
2022-09-20 10:13:02,871 [s1@group-469FBF65F7A7-LeaderElection62] INFO  impl.LeaderElection (LeaderElection.java:askForVotes(308)) - s1@group-469FBF65F7A7-LeaderElection62 PRE_VOTE round 0: submit vote requests at term 2 for 133: peers:[s0|rpc:localhost:39281|admin:localhost:38455|client:localhost:36053|dataStream:localhost:45769|priority:0|startupRole:FOLLOWER, s1|rpc:localhost:46849|admin:localhost:41515|client:localhost:39119|dataStream:localhost:41703|priority:0|startupRole:FOLLOWER, s2|rpc:localhost:35167|admin:localhost:44965|client:localhost:40979|dataStream:localhost:34151|priority:0|startupRole:FOLLOWER]|listeners:[], old=null
2022-09-20 10:13:02,872 [grpc-default-executor-8] INFO  server.RaftServer$Division (RaftServerImpl.java:requestVote(1281)) - s0@group-469FBF65F7A7: receive requestVote(PRE_VOTE, s1, group-469FBF65F7A7, 2, (t:2, i:134))
2022-09-20 10:13:02,872 [grpc-default-executor-8] WARN  server.GrpcServerProtocolService (LogUtils.java:warn(122)) - s0: Failed requestVote s1->s0#0: org.apache.ratis.protocol.exceptions.ServerNotReadyException: s0@group-469FBF65F7A7 is not in [RUNNING]: current state is CLOSED
2022-09-20 10:13:02,873 [grpc-default-executor-8] INFO  server.RaftServer$Division (RaftServerImpl.java:requestVote(1281)) - s2@group-469FBF65F7A7: receive requestVote(PRE_VOTE, s1, group-469FBF65F7A7, 2, (t:2, i:134))
2022-09-20 10:13:02,873 [s1@group-469FBF65F7A7-LeaderElection62] INFO  impl.LeaderElection (LogUtils.java:infoOrTrace(137)) - s1@group-469FBF65F7A7-LeaderElection62 got exception when requesting votes: java.util.concurrent.ExecutionException: org.apache.ratis.thirdparty.io.grpc.StatusRuntimeException: INTERNAL: s0@group-469FBF65F7A7 is not in [RUNNING]: current state is CLOSED
2022-09-20 10:13:02,873 [grpc-default-executor-8] WARN  server.GrpcServerProtocolService (LogUtils.java:warn(122)) - s2: Failed requestVote s1->s2#0: org.apache.ratis.protocol.exceptions.ServerNotReadyException: s2@group-469FBF65F7A7 is not in [RUNNING]: current state is CLOSED
2022-09-20 10:13:02,873 [s1@group-469FBF65F7A7-LeaderElection62] INFO  impl.LeaderElection (LogUtils.java:infoOrTrace(137)) - s1@group-469FBF65F7A7-LeaderElection62 got exception when requesting votes: java.util.concurrent.ExecutionException: org.apache.ratis.thirdparty.io.grpc.StatusRuntimeException: INTERNAL: s2@group-469FBF65F7A7 is not in [RUNNING]: current state is CLOSED
2022-09-20 10:13:02,873 [s1@group-469FBF65F7A7-LeaderElection62] INFO  impl.LeaderElection (LeaderElection.java:logAndReturn(89)) - s1@group-469FBF65F7A7-LeaderElection62: PRE_VOTE REJECTED received 0 response(s) and 2 exception(s):
2022-09-20 10:13:02,873 [s1@group-469FBF65F7A7-LeaderElection62] INFO  impl.LeaderElection (LogUtils.java:infoOrTrace(137)) -   Exception 0: java.util.concurrent.ExecutionException: org.apache.ratis.thirdparty.io.grpc.StatusRuntimeException: INTERNAL: s0@group-469FBF65F7A7 is not in [RUNNING]: current state is CLOSED
2022-09-20 10:13:02,873 [s1@group-469FBF65F7A7-LeaderElection62] INFO  impl.LeaderElection (LogUtils.java:infoOrTrace(137)) -   Exception 1: java.util.concurrent.ExecutionException: org.apache.ratis.thirdparty.io.grpc.StatusRuntimeException: INTERNAL: s2@group-469FBF65F7A7 is not in [RUNNING]: current state is CLOSED
2022-09-20 10:13:02,873 [s1@group-469FBF65F7A7-LeaderElection62] INFO  impl.LeaderElection (LeaderElection.java:askForVotes(310)) - s1@group-469FBF65F7A7-LeaderElection62 PRE_VOTE round 0: result REJECTED
2022-09-20 10:13:02,874 [s1@group-469FBF65F7A7-LeaderElection62] INFO  server.RaftServer$Division (RaftServerImpl.java:setRole(317)) - s1@group-469FBF65F7A7: changes role from CANDIDATE to FOLLOWER at term 2 for REJECTED
2022-09-20 10:13:02,874 [s1@group-469FBF65F7A7-LeaderElection62] INFO  impl.RoleInfo (RoleInfo.java:shutdownLeaderElection(130)) - s1: shutdown s1@group-469FBF65F7A7-LeaderElection62
2022-09-20 10:13:02,874 [s1@group-469FBF65F7A7-LeaderElection62] INFO  impl.RoleInfo (RoleInfo.java:updateAndGet(139)) - s1: start s1@group-469FBF65F7A7-FollowerState
2022-09-20 10:13:03,000 [null-request--thread1] INFO  server.GrpcClientProtocolService (GrpcClientProtocolService.java:lambda$processClientRequest$0(284)) - Failed RaftClientRequest:client-76B04C62A16F->s1@group-469FBF65F7A7, cid=451, seq=0, RW, Message:6d3635, reply=RaftClientReply:client-76B04C62A16F->s1@group-469FBF65F7A7, cid=451, FAILED org.apache.ratis.protocol.exceptions.NotLeaderException: Server s1@group-469FBF65F7A7 is not the leader, logIndex=0, commits[s1:c133, s0:c130, s2:c133]
2022-09-20 10:13:03,129 [s1@group-469FBF65F7A7-FollowerState] INFO  impl.FollowerState (FollowerState.java:run(141)) - s1@group-469FBF65F7A7-FollowerState: change to CANDIDATE, lastRpcElapsedTime:255417398ns, electionTimeout:255ms
2022-09-20 10:13:03,129 [s1@group-469FBF65F7A7-FollowerState] INFO  impl.RoleInfo (RoleInfo.java:shutdownFollowerState(110)) - s1: shutdown s1@group-469FBF65F7A7-FollowerState
2022-09-20 10:13:03,129 [s1@group-469FBF65F7A7-FollowerState] INFO  server.RaftServer$Division (RaftServerImpl.java:setRole(317)) - s1@group-469FBF65F7A7: changes role from  FOLLOWER to CANDIDATE at term 2 for changeToCandidate
2022-09-20 10:13:03,129 [s1@group-469FBF65F7A7-FollowerState] INFO  server.RaftServerConfigKeys (ConfUtils.java:logGet(46)) - raft.server.leaderelection.pre-vote = true (default)
2022-09-20 10:13:03,129 [s1@group-469FBF65F7A7-FollowerState] INFO  impl.RoleInfo (RoleInfo.java:updateAndGet(139)) - s1: start s1@group-469FBF65F7A7-LeaderElection63
2022-09-20 10:13:03,130 [s1@group-469FBF65F7A7-LeaderElection63] INFO  impl.LeaderElection (LeaderElection.java:askForVotes(308)) - s1@group-469FBF65F7A7-LeaderElection63 PRE_VOTE round 0: submit vote requests at term 2 for 133: peers:[s0|rpc:localhost:39281|admin:localhost:38455|client:localhost:36053|dataStream:localhost:45769|priority:0|startupRole:FOLLOWER, s1|rpc:localhost:46849|admin:localhost:41515|client:localhost:39119|dataStream:localhost:41703|priority:0|startupRole:FOLLOWER, s2|rpc:localhost:35167|admin:localhost:44965|client:localhost:40979|dataStream:localhost:34151|priority:0|startupRole:FOLLOWER]|listeners:[], old=null
2022-09-20 10:13:03,131 [grpc-default-executor-8] INFO  server.RaftServer$Division (RaftServerImpl.java:requestVote(1281)) - s2@group-469FBF65F7A7: receive requestVote(PRE_VOTE, s1, group-469FBF65F7A7, 2, (t:2, i:134))
2022-09-20 10:13:03,131 [grpc-default-executor-5] INFO  server.RaftServer$Division (RaftServerImpl.java:requestVote(1281)) - s0@group-469FBF65F7A7: receive requestVote(PRE_VOTE, s1, group-469FBF65F7A7, 2, (t:2, i:134))
2022-09-20 10:13:03,131 [grpc-default-executor-8] WARN  server.GrpcServerProtocolService (LogUtils.java:warn(122)) - s2: Failed requestVote s1->s2#0: org.apache.ratis.protocol.exceptions.ServerNotReadyException: s2@group-469FBF65F7A7 is not in [RUNNING]: current state is CLOSED
2022-09-20 10:13:03,131 [grpc-default-executor-5] WARN  server.GrpcServerProtocolService (LogUtils.java:warn(122)) - s0: Failed requestVote s1->s0#0: org.apache.ratis.protocol.exceptions.ServerNotReadyException: s0@group-469FBF65F7A7 is not in [RUNNING]: current state is CLOSED
2022-09-20 10:13:03,132 [s1@group-469FBF65F7A7-LeaderElection63] INFO  impl.LeaderElection (LogUtils.java:infoOrTrace(137)) - s1@group-469FBF65F7A7-LeaderElection63 got exception when requesting votes: java.util.concurrent.ExecutionException: org.apache.ratis.thirdparty.io.grpc.StatusRuntimeException: INTERNAL: s2@group-469FBF65F7A7 is not in [RUNNING]: current state is CLOSED
2022-09-20 10:13:03,132 [s1@group-469FBF65F7A7-LeaderElection63] INFO  impl.LeaderElection (LogUtils.java:infoOrTrace(137)) - s1@group-469FBF65F7A7-LeaderElection63 got exception when requesting votes: java.util.concurrent.ExecutionException: org.apache.ratis.thirdparty.io.grpc.StatusRuntimeException: INTERNAL: s0@group-469FBF65F7A7 is not in [RUNNING]: current state is CLOSED
2022-09-20 10:13:03,132 [s1@group-469FBF65F7A7-LeaderElection63] INFO  impl.LeaderElection (LeaderElection.java:logAndReturn(89)) - s1@group-469FBF65F7A7-LeaderElection63: PRE_VOTE REJECTED received 0 response(s) and 2 exception(s):
2022-09-20 10:13:03,132 [s1@group-469FBF65F7A7-LeaderElection63] INFO  impl.LeaderElection (LogUtils.java:infoOrTrace(137)) -   Exception 0: java.util.concurrent.ExecutionException: org.apache.ratis.thirdparty.io.grpc.StatusRuntimeException: INTERNAL: s2@group-469FBF65F7A7 is not in [RUNNING]: current state is CLOSED
2022-09-20 10:13:03,132 [s1@group-469FBF65F7A7-LeaderElection63] INFO  impl.LeaderElection (LogUtils.java:infoOrTrace(137)) -   Exception 1: java.util.concurrent.ExecutionException: org.apache.ratis.thirdparty.io.grpc.StatusRuntimeException: INTERNAL: s0@group-469FBF65F7A7 is not in [RUNNING]: current state is CLOSED
2022-09-20 10:13:03,132 [s1@group-469FBF65F7A7-LeaderElection63] INFO  impl.LeaderElection (LeaderElection.java:askForVotes(310)) - s1@group-469FBF65F7A7-LeaderElection63 PRE_VOTE round 0: result REJECTED
2022-09-20 10:13:03,132 [s1@group-469FBF65F7A7-LeaderElection63] INFO  server.RaftServer$Division (RaftServerImpl.java:setRole(317)) - s1@group-469FBF65F7A7: changes role from CANDIDATE to FOLLOWER at term 2 for REJECTED
2022-09-20 10:13:03,132 [s1@group-469FBF65F7A7-LeaderElection63] INFO  impl.RoleInfo (RoleInfo.java:shutdownLeaderElection(130)) - s1: shutdown s1@group-469FBF65F7A7-LeaderElection63
2022-09-20 10:13:03,132 [s1@group-469FBF65F7A7-LeaderElection63] INFO  impl.RoleInfo (RoleInfo.java:updateAndGet(139)) - s1: start s1@group-469FBF65F7A7-FollowerState
2022-09-20 10:13:03,217 [null-request--thread1] INFO  server.GrpcClientProtocolService (GrpcClientProtocolService.java:lambda$processClientRequest$0(284)) - Failed RaftClientRequest:client-76B04C62A16F->s1@group-469FBF65F7A7, cid=451, seq=0, RW, Message:6d3635, reply=RaftClientReply:client-76B04C62A16F->s1@group-469FBF65F7A7, cid=451, FAILED org.apache.ratis.protocol.exceptions.NotLeaderException: Server s1@group-469FBF65F7A7 is not the leader, logIndex=0, commits[s1:c133, s0:c130, s2:c133]
2022-09-20 10:13:03,373 [s1@group-469FBF65F7A7-FollowerState] INFO  impl.FollowerState (FollowerState.java:run(141)) - s1@group-469FBF65F7A7-FollowerState: change to CANDIDATE, lastRpcElapsedTime:241423285ns, electionTimeout:241ms
2022-09-20 10:13:03,373 [s1@group-469FBF65F7A7-FollowerState] INFO  impl.RoleInfo (RoleInfo.java:shutdownFollowerState(110)) - s1: shutdown s1@group-469FBF65F7A7-FollowerState
2022-09-20 10:13:03,373 [s1@group-469FBF65F7A7-FollowerState] INFO  server.RaftServer$Division (RaftServerImpl.java:setRole(317)) - s1@group-469FBF65F7A7: changes role from  FOLLOWER to CANDIDATE at term 2 for changeToCandidate
2022-09-20 10:13:03,374 [s1@group-469FBF65F7A7-FollowerState] INFO  server.RaftServerConfigKeys (ConfUtils.java:logGet(46)) - raft.server.leaderelection.pre-vote = true (default)
2022-09-20 10:13:03,374 [s1@group-469FBF65F7A7-FollowerState] INFO  impl.RoleInfo (RoleInfo.java:updateAndGet(139)) - s1: start s1@group-469FBF65F7A7-LeaderElection64
2022-09-20 10:13:03,374 [s1@group-469FBF65F7A7-LeaderElection64] INFO  impl.LeaderElection (LeaderElection.java:askForVotes(308)) - s1@group-469FBF65F7A7-LeaderElection64 PRE_VOTE round 0: submit vote requests at term 2 for 133: peers:[s0|rpc:localhost:39281|admin:localhost:38455|client:localhost:36053|dataStream:localhost:45769|priority:0|startupRole:FOLLOWER, s1|rpc:localhost:46849|admin:localhost:41515|client:localhost:39119|dataStream:localhost:41703|priority:0|startupRole:FOLLOWER, s2|rpc:localhost:35167|admin:localhost:44965|client:localhost:40979|dataStream:localhost:34151|priority:0|startupRole:FOLLOWER]|listeners:[], old=null
2022-09-20 10:13:03,375 [grpc-default-executor-0] INFO  server.RaftServer$Division (RaftServerImpl.java:requestVote(1281)) - s2@group-469FBF65F7A7: receive requestVote(PRE_VOTE, s1, group-469FBF65F7A7, 2, (t:2, i:134))
2022-09-20 10:13:03,375 [grpc-default-executor-8] INFO  server.RaftServer$Division (RaftServerImpl.java:requestVote(1281)) - s0@group-469FBF65F7A7: receive requestVote(PRE_VOTE, s1, group-469FBF65F7A7, 2, (t:2, i:134))
2022-09-20 10:13:03,375 [grpc-default-executor-0] WARN  server.GrpcServerProtocolService (LogUtils.java:warn(122)) - s2: Failed requestVote s1->s2#0: org.apache.ratis.protocol.exceptions.ServerNotReadyException: s2@group-469FBF65F7A7 is not in [RUNNING]: current state is CLOSED
2022-09-20 10:13:03,375 [grpc-default-executor-8] WARN  server.GrpcServerProtocolService (LogUtils.java:warn(122)) - s0: Failed requestVote s1->s0#0: org.apache.ratis.protocol.exceptions.ServerNotReadyException: s0@group-469FBF65F7A7 is not in [RUNNING]: current state is CLOSED
2022-09-20 10:13:03,376 [s1@group-469FBF65F7A7-LeaderElection64] INFO  impl.LeaderElection (LogUtils.java:infoOrTrace(137)) - s1@group-469FBF65F7A7-LeaderElection64 got exception when requesting votes: java.util.concurrent.ExecutionException: org.apache.ratis.thirdparty.io.grpc.StatusRuntimeException: INTERNAL: s2@group-469FBF65F7A7 is not in [RUNNING]: current state is CLOSED
2022-09-20 10:13:03,376 [s1@group-469FBF65F7A7-LeaderElection64] INFO  impl.LeaderElection (LogUtils.java:infoOrTrace(137)) - s1@group-469FBF65F7A7-LeaderElection64 got exception when requesting votes: java.util.concurrent.ExecutionException: org.apache.ratis.thirdparty.io.grpc.StatusRuntimeException: INTERNAL: s0@group-469FBF65F7A7 is not in [RUNNING]: current state is CLOSED
2022-09-20 10:13:03,376 [s1@group-469FBF65F7A7-LeaderElection64] INFO  impl.LeaderElection (LeaderElection.java:logAndReturn(89)) - s1@group-469FBF65F7A7-LeaderElection64: PRE_VOTE REJECTED received 0 response(s) and 2 exception(s):
2022-09-20 10:13:03,376 [s1@group-469FBF65F7A7-LeaderElection64] INFO  impl.LeaderElection (LogUtils.java:infoOrTrace(137)) -   Exception 0: java.util.concurrent.ExecutionException: org.apache.ratis.thirdparty.io.grpc.StatusRuntimeException: INTERNAL: s2@group-469FBF65F7A7 is not in [RUNNING]: current state is CLOSED
2022-09-20 10:13:03,376 [s1@group-469FBF65F7A7-LeaderElection64] INFO  impl.LeaderElection (LogUtils.java:infoOrTrace(137)) -   Exception 1: java.util.concurrent.ExecutionException: org.apache.ratis.thirdparty.io.grpc.StatusRuntimeException: INTERNAL: s0@group-469FBF65F7A7 is not in [RUNNING]: current state is CLOSED
2022-09-20 10:13:03,376 [s1@group-469FBF65F7A7-LeaderElection64] INFO  impl.LeaderElection (LeaderElection.java:askForVotes(310)) - s1@group-469FBF65F7A7-LeaderElection64 PRE_VOTE round 0: result REJECTED
2022-09-20 10:13:03,377 [s1@group-469FBF65F7A7-LeaderElection64] INFO  server.RaftServer$Division (RaftServerImpl.java:setRole(317)) - s1@group-469FBF65F7A7: changes role from CANDIDATE to FOLLOWER at term 2 for REJECTED
2022-09-20 10:13:03,377 [s1@group-469FBF65F7A7-LeaderElection64] INFO  impl.RoleInfo (RoleInfo.java:shutdownLeaderElection(130)) - s1: shutdown s1@group-469FBF65F7A7-LeaderElection64
2022-09-20 10:13:03,377 [s1@group-469FBF65F7A7-LeaderElection64] INFO  impl.RoleInfo (RoleInfo.java:updateAndGet(139)) - s1: start s1@group-469FBF65F7A7-FollowerState
2022-09-20 10:13:03,430 [null-request--thread1] INFO  server.GrpcClientProtocolService (GrpcClientProtocolService.java:lambda$processClientRequest$0(284)) - Failed RaftClientRequest:client-76B04C62A16F->s1@group-469FBF65F7A7, cid=451, seq=0, RW, Message:6d3635, reply=RaftClientReply:client-76B04C62A16F->s1@group-469FBF65F7A7, cid=451, FAILED org.apache.ratis.protocol.exceptions.NotLeaderException: Server s1@group-469FBF65F7A7 is not the leader, logIndex=0, commits[s1:c133, s0:c130, s2:c133]
2022-09-20 10:13:03,558 [s1@group-469FBF65F7A7-FollowerState] INFO  impl.FollowerState (FollowerState.java:run(141)) - s1@group-469FBF65F7A7-FollowerState: change to CANDIDATE, lastRpcElapsedTime:181370868ns, electionTimeout:181ms
2022-09-20 10:13:03,558 [s1@group-469FBF65F7A7-FollowerState] INFO  impl.RoleInfo (RoleInfo.java:shutdownFollowerState(110)) - s1: shutdown s1@group-469FBF65F7A7-FollowerState
2022-09-20 10:13:03,558 [s1@group-469FBF65F7A7-FollowerState] INFO  server.RaftServer$Division (RaftServerImpl.java:setRole(317)) - s1@group-469FBF65F7A7: changes role from  FOLLOWER to CANDIDATE at term 2 for changeToCandidate
2022-09-20 10:13:03,558 [s1@group-469FBF65F7A7-FollowerState] INFO  server.RaftServerConfigKeys (ConfUtils.java:logGet(46)) - raft.server.leaderelection.pre-vote = true (default)
2022-09-20 10:13:03,558 [s1@group-469FBF65F7A7-FollowerState] INFO  impl.RoleInfo (RoleInfo.java:updateAndGet(139)) - s1: start s1@group-469FBF65F7A7-LeaderElection65
2022-09-20 10:13:03,559 [s1@group-469FBF65F7A7-LeaderElection65] INFO  impl.LeaderElection (LeaderElection.java:askForVotes(308)) - s1@group-469FBF65F7A7-LeaderElection65 PRE_VOTE round 0: submit vote requests at term 2 for 133: peers:[s0|rpc:localhost:39281|admin:localhost:38455|client:localhost:36053|dataStream:localhost:45769|priority:0|startupRole:FOLLOWER, s1|rpc:localhost:46849|admin:localhost:41515|client:localhost:39119|dataStream:localhost:41703|priority:0|startupRole:FOLLOWER, s2|rpc:localhost:35167|admin:localhost:44965|client:localhost:40979|dataStream:localhost:34151|priority:0|startupRole:FOLLOWER]|listeners:[], old=null
2022-09-20 10:13:03,560 [grpc-default-executor-8] INFO  server.RaftServer$Division (RaftServerImpl.java:requestVote(1281)) - s0@group-469FBF65F7A7: receive requestVote(PRE_VOTE, s1, group-469FBF65F7A7, 2, (t:2, i:134))
2022-09-20 10:13:03,560 [grpc-default-executor-8] WARN  server.GrpcServerProtocolService (LogUtils.java:warn(122)) - s0: Failed requestVote s1->s0#0: org.apache.ratis.protocol.exceptions.ServerNotReadyException: s0@group-469FBF65F7A7 is not in [RUNNING]: current state is CLOSED
2022-09-20 10:13:03,560 [s1@group-469FBF65F7A7-LeaderElection65] INFO  impl.LeaderElection (LogUtils.java:infoOrTrace(137)) - s1@group-469FBF65F7A7-LeaderElection65 got exception when requesting votes: java.util.concurrent.ExecutionException: org.apache.ratis.thirdparty.io.grpc.StatusRuntimeException: INTERNAL: s0@group-469FBF65F7A7 is not in [RUNNING]: current state is CLOSED
2022-09-20 10:13:03,561 [grpc-default-executor-8] INFO  server.RaftServer$Division (RaftServerImpl.java:requestVote(1281)) - s2@group-469FBF65F7A7: receive requestVote(PRE_VOTE, s1, group-469FBF65F7A7, 2, (t:2, i:134))
2022-09-20 10:13:03,561 [grpc-default-executor-8] WARN  server.GrpcServerProtocolService (LogUtils.java:warn(122)) - s2: Failed requestVote s1->s2#0: org.apache.ratis.protocol.exceptions.ServerNotReadyException: s2@group-469FBF65F7A7 is not in [RUNNING]: current state is CLOSED
2022-09-20 10:13:03,561 [s1@group-469FBF65F7A7-LeaderElection65] INFO  impl.LeaderElection (LogUtils.java:infoOrTrace(137)) - s1@group-469FBF65F7A7-LeaderElection65 got exception when requesting votes: java.util.concurrent.ExecutionException: org.apache.ratis.thirdparty.io.grpc.StatusRuntimeException: INTERNAL: s2@group-469FBF65F7A7 is not in [RUNNING]: current state is CLOSED
2022-09-20 10:13:03,561 [s1@group-469FBF65F7A7-LeaderElection65] INFO  impl.LeaderElection (LeaderElection.java:logAndReturn(89)) - s1@group-469FBF65F7A7-LeaderElection65: PRE_VOTE REJECTED received 0 response(s) and 2 exception(s):
2022-09-20 10:13:03,561 [s1@group-469FBF65F7A7-LeaderElection65] INFO  impl.LeaderElection (LogUtils.java:infoOrTrace(137)) -   Exception 0: java.util.concurrent.ExecutionException: org.apache.ratis.thirdparty.io.grpc.StatusRuntimeException: INTERNAL: s0@group-469FBF65F7A7 is not in [RUNNING]: current state is CLOSED
2022-09-20 10:13:03,561 [s1@group-469FBF65F7A7-LeaderElection65] INFO  impl.LeaderElection (LogUtils.java:infoOrTrace(137)) -   Exception 1: java.util.concurrent.ExecutionException: org.apache.ratis.thirdparty.io.grpc.StatusRuntimeException: INTERNAL: s2@group-469FBF65F7A7 is not in [RUNNING]: current state is CLOSED
2022-09-20 10:13:03,561 [s1@group-469FBF65F7A7-LeaderElection65] INFO  impl.LeaderElection (LeaderElection.java:askForVotes(310)) - s1@group-469FBF65F7A7-LeaderElection65 PRE_VOTE round 0: result REJECTED
2022-09-20 10:13:03,561 [s1@group-469FBF65F7A7-LeaderElection65] INFO  server.RaftServer$Division (RaftServerImpl.java:setRole(317)) - s1@group-469FBF65F7A7: changes role from CANDIDATE to FOLLOWER at term 2 for REJECTED
2022-09-20 10:13:03,561 [s1@group-469FBF65F7A7-LeaderElection65] INFO  impl.RoleInfo (RoleInfo.java:shutdownLeaderElection(130)) - s1: shutdown s1@group-469FBF65F7A7-LeaderElection65
2022-09-20 10:13:03,561 [s1@group-469FBF65F7A7-LeaderElection65] INFO  impl.RoleInfo (RoleInfo.java:updateAndGet(139)) - s1: start s1@group-469FBF65F7A7-FollowerState
2022-09-20 10:13:03,751 [null-request--thread1] INFO  server.GrpcClientProtocolService (GrpcClientProtocolService.java:lambda$processClientRequest$0(284)) - Failed RaftClientRequest:client-76B04C62A16F->s1@group-469FBF65F7A7, cid=451, seq=0, RW, Message:6d3635, reply=RaftClientReply:client-76B04C62A16F->s1@group-469FBF65F7A7, cid=451, FAILED org.apache.ratis.protocol.exceptions.NotLeaderException: Server s1@group-469FBF65F7A7 is not the leader, logIndex=0, commits[s1:c133, s0:c130, s2:c133]
2022-09-20 10:13:03,796 [s1@group-469FBF65F7A7-FollowerState] INFO  impl.FollowerState (FollowerState.java:run(141)) - s1@group-469FBF65F7A7-FollowerState: change to CANDIDATE, lastRpcElapsedTime:234368576ns, electionTimeout:233ms
2022-09-20 10:13:03,796 [s1@group-469FBF65F7A7-FollowerState] INFO  impl.RoleInfo (RoleInfo.java:shutdownFollowerState(110)) - s1: shutdown s1@group-469FBF65F7A7-FollowerState
2022-09-20 10:13:03,796 [s1@group-469FBF65F7A7-FollowerState] INFO  server.RaftServer$Division (RaftServerImpl.java:setRole(317)) - s1@group-469FBF65F7A7: changes role from  FOLLOWER to CANDIDATE at term 2 for changeToCandidate
2022-09-20 10:13:03,796 [s1@group-469FBF65F7A7-FollowerState] INFO  server.RaftServerConfigKeys (ConfUtils.java:logGet(46)) - raft.server.leaderelection.pre-vote = true (default)
2022-09-20 10:13:03,796 [s1@group-469FBF65F7A7-FollowerState] INFO  impl.RoleInfo (RoleInfo.java:updateAndGet(139)) - s1: start s1@group-469FBF65F7A7-LeaderElection66
2022-09-20 10:13:03,797 [s1@group-469FBF65F7A7-LeaderElection66] INFO  impl.LeaderElection (LeaderElection.java:askForVotes(308)) - s1@group-469FBF65F7A7-LeaderElection66 PRE_VOTE round 0: submit vote requests at term 2 for 133: peers:[s0|rpc:localhost:39281|admin:localhost:38455|client:localhost:36053|dataStream:localhost:45769|priority:0|startupRole:FOLLOWER, s1|rpc:localhost:46849|admin:localhost:41515|client:localhost:39119|dataStream:localhost:41703|priority:0|startupRole:FOLLOWER, s2|rpc:localhost:35167|admin:localhost:44965|client:localhost:40979|dataStream:localhost:34151|priority:0|startupRole:FOLLOWER]|listeners:[], old=null
2022-09-20 10:13:03,798 [grpc-default-executor-0] INFO  server.RaftServer$Division (RaftServerImpl.java:requestVote(1281)) - s2@group-469FBF65F7A7: receive requestVote(PRE_VOTE, s1, group-469FBF65F7A7, 2, (t:2, i:134))
2022-09-20 10:13:03,798 [grpc-default-executor-0] WARN  server.GrpcServerProtocolService (LogUtils.java:warn(122)) - s2: Failed requestVote s1->s2#0: org.apache.ratis.protocol.exceptions.ServerNotReadyException: s2@group-469FBF65F7A7 is not in [RUNNING]: current state is CLOSED
2022-09-20 10:13:03,798 [grpc-default-executor-5] INFO  server.RaftServer$Division (RaftServerImpl.java:requestVote(1281)) - s0@group-469FBF65F7A7: receive requestVote(PRE_VOTE, s1, group-469FBF65F7A7, 2, (t:2, i:134))
2022-09-20 10:13:03,798 [grpc-default-executor-5] WARN  server.GrpcServerProtocolService (LogUtils.java:warn(122)) - s0: Failed requestVote s1->s0#0: org.apache.ratis.protocol.exceptions.ServerNotReadyException: s0@group-469FBF65F7A7 is not in [RUNNING]: current state is CLOSED
2022-09-20 10:13:03,799 [s1@group-469FBF65F7A7-LeaderElection66] INFO  impl.LeaderElection (LogUtils.java:infoOrTrace(137)) - s1@group-469FBF65F7A7-LeaderElection66 got exception when requesting votes: java.util.concurrent.ExecutionException: org.apache.ratis.thirdparty.io.grpc.StatusRuntimeException: INTERNAL: s2@group-469FBF65F7A7 is not in [RUNNING]: current state is CLOSED
2022-09-20 10:13:03,799 [s1@group-469FBF65F7A7-LeaderElection66] INFO  impl.LeaderElection (LogUtils.java:infoOrTrace(137)) - s1@group-469FBF65F7A7-LeaderElection66 got exception when requesting votes: java.util.concurrent.ExecutionException: org.apache.ratis.thirdparty.io.grpc.StatusRuntimeException: INTERNAL: s0@group-469FBF65F7A7 is not in [RUNNING]: current state is CLOSED
2022-09-20 10:13:03,799 [s1@group-469FBF65F7A7-LeaderElection66] INFO  impl.LeaderElection (LeaderElection.java:logAndReturn(89)) - s1@group-469FBF65F7A7-LeaderElection66: PRE_VOTE REJECTED received 0 response(s) and 2 exception(s):
2022-09-20 10:13:03,799 [s1@group-469FBF65F7A7-LeaderElection66] INFO  impl.LeaderElection (LogUtils.java:infoOrTrace(137)) -   Exception 0: java.util.concurrent.ExecutionException: org.apache.ratis.thirdparty.io.grpc.StatusRuntimeException: INTERNAL: s2@group-469FBF65F7A7 is not in [RUNNING]: current state is CLOSED
2022-09-20 10:13:03,799 [s1@group-469FBF65F7A7-LeaderElection66] INFO  impl.LeaderElection (LogUtils.java:infoOrTrace(137)) -   Exception 1: java.util.concurrent.ExecutionException: org.apache.ratis.thirdparty.io.grpc.StatusRuntimeException: INTERNAL: s0@group-469FBF65F7A7 is not in [RUNNING]: current state is CLOSED
2022-09-20 10:13:03,799 [s1@group-469FBF65F7A7-LeaderElection66] INFO  impl.LeaderElection (LeaderElection.java:askForVotes(310)) - s1@group-469FBF65F7A7-LeaderElection66 PRE_VOTE round 0: result REJECTED
2022-09-20 10:13:03,799 [s1@group-469FBF65F7A7-LeaderElection66] INFO  server.RaftServer$Division (RaftServerImpl.java:setRole(317)) - s1@group-469FBF65F7A7: changes role from CANDIDATE to FOLLOWER at term 2 for REJECTED
2022-09-20 10:13:03,799 [s1@group-469FBF65F7A7-LeaderElection66] INFO  impl.RoleInfo (RoleInfo.java:shutdownLeaderElection(130)) - s1: shutdown s1@group-469FBF65F7A7-LeaderElection66
2022-09-20 10:13:03,799 [s1@group-469FBF65F7A7-LeaderElection66] INFO  impl.RoleInfo (RoleInfo.java:updateAndGet(139)) - s1: start s1@group-469FBF65F7A7-FollowerState
2022-09-20 10:13:03,962 [null-request--thread1] INFO  server.GrpcClientProtocolService (GrpcClientProtocolService.java:lambda$processClientRequest$0(284)) - Failed RaftClientRequest:client-76B04C62A16F->s1@group-469FBF65F7A7, cid=451, seq=0, RW, Message:6d3635, reply=RaftClientReply:client-76B04C62A16F->s1@group-469FBF65F7A7, cid=451, FAILED org.apache.ratis.protocol.exceptions.NotLeaderException: Server s1@group-469FBF65F7A7 is not the leader, logIndex=0, commits[s1:c133, s0:c130, s2:c133]
2022-09-20 10:13:03,979 [s1@group-469FBF65F7A7-FollowerState] INFO  impl.FollowerState (FollowerState.java:run(141)) - s1@group-469FBF65F7A7-FollowerState: change to CANDIDATE, lastRpcElapsedTime:179719343ns, electionTimeout:176ms
2022-09-20 10:13:03,979 [s1@group-469FBF65F7A7-FollowerState] INFO  impl.RoleInfo (RoleInfo.java:shutdownFollowerState(110)) - s1: shutdown s1@group-469FBF65F7A7-FollowerState
2022-09-20 10:13:03,979 [s1@group-469FBF65F7A7-FollowerState] INFO  server.RaftServer$Division (RaftServerImpl.java:setRole(317)) - s1@group-469FBF65F7A7: changes role from  FOLLOWER to CANDIDATE at term 2 for changeToCandidate
2022-09-20 10:13:03,979 [s1@group-469FBF65F7A7-FollowerState] INFO  server.RaftServerConfigKeys (ConfUtils.java:logGet(46)) - raft.server.leaderelection.pre-vote = true (default)
2022-09-20 10:13:03,979 [s1@group-469FBF65F7A7-FollowerState] INFO  impl.RoleInfo (RoleInfo.java:updateAndGet(139)) - s1: start s1@group-469FBF65F7A7-LeaderElection67
2022-09-20 10:13:03,980 [s1@group-469FBF65F7A7-LeaderElection67] INFO  impl.LeaderElection (LeaderElection.java:askForVotes(308)) - s1@group-469FBF65F7A7-LeaderElection67 PRE_VOTE round 0: submit vote requests at term 2 for 133: peers:[s0|rpc:localhost:39281|admin:localhost:38455|client:localhost:36053|dataStream:localhost:45769|priority:0|startupRole:FOLLOWER, s1|rpc:localhost:46849|admin:localhost:41515|client:localhost:39119|dataStream:localhost:41703|priority:0|startupRole:FOLLOWER, s2|rpc:localhost:35167|admin:localhost:44965|client:localhost:40979|dataStream:localhost:34151|priority:0|startupRole:FOLLOWER]|listeners:[], old=null
2022-09-20 10:13:03,981 [grpc-default-executor-5] INFO  server.RaftServer$Division (RaftServerImpl.java:requestVote(1281)) - s0@group-469FBF65F7A7: receive requestVote(PRE_VOTE, s1, group-469FBF65F7A7, 2, (t:2, i:134))
2022-09-20 10:13:03,981 [grpc-default-executor-5] WARN  server.GrpcServerProtocolService (LogUtils.java:warn(122)) - s0: Failed requestVote s1->s0#0: org.apache.ratis.protocol.exceptions.ServerNotReadyException: s0@group-469FBF65F7A7 is not in [RUNNING]: current state is CLOSED
2022-09-20 10:13:03,982 [grpc-default-executor-5] INFO  server.RaftServer$Division (RaftServerImpl.java:requestVote(1281)) - s2@group-469FBF65F7A7: receive requestVote(PRE_VOTE, s1, group-469FBF65F7A7, 2, (t:2, i:134))
2022-09-20 10:13:03,982 [grpc-default-executor-5] WARN  server.GrpcServerProtocolService (LogUtils.java:warn(122)) - s2: Failed requestVote s1->s2#0: org.apache.ratis.protocol.exceptions.ServerNotReadyException: s2@group-469FBF65F7A7 is not in [RUNNING]: current state is CLOSED
2022-09-20 10:13:03,982 [s1@group-469FBF65F7A7-LeaderElection67] INFO  impl.LeaderElection (LogUtils.java:infoOrTrace(137)) - s1@group-469FBF65F7A7-LeaderElection67 got exception when requesting votes: java.util.concurrent.ExecutionException: org.apache.ratis.thirdparty.io.grpc.StatusRuntimeException: INTERNAL: s0@group-469FBF65F7A7 is not in [RUNNING]: current state is CLOSED
2022-09-20 10:13:03,982 [s1@group-469FBF65F7A7-LeaderElection67] INFO  impl.LeaderElection (LogUtils.java:infoOrTrace(137)) - s1@group-469FBF65F7A7-LeaderElection67 got exception when requesting votes: java.util.concurrent.ExecutionException: org.apache.ratis.thirdparty.io.grpc.StatusRuntimeException: INTERNAL: s2@group-469FBF65F7A7 is not in [RUNNING]: current state is CLOSED
2022-09-20 10:13:03,982 [s1@group-469FBF65F7A7-LeaderElection67] INFO  impl.LeaderElection (LeaderElection.java:logAndReturn(89)) - s1@group-469FBF65F7A7-LeaderElection67: PRE_VOTE REJECTED received 0 response(s) and 2 exception(s):
2022-09-20 10:13:03,983 [s1@group-469FBF65F7A7-LeaderElection67] INFO  impl.LeaderElection (LogUtils.java:infoOrTrace(137)) -   Exception 0: java.util.concurrent.ExecutionException: org.apache.ratis.thirdparty.io.grpc.StatusRuntimeException: INTERNAL: s0@group-469FBF65F7A7 is not in [RUNNING]: current state is CLOSED
2022-09-20 10:13:03,983 [s1@group-469FBF65F7A7-LeaderElection67] INFO  impl.LeaderElection (LogUtils.java:infoOrTrace(137)) -   Exception 1: java.util.concurrent.ExecutionException: org.apache.ratis.thirdparty.io.grpc.StatusRuntimeException: INTERNAL: s2@group-469FBF65F7A7 is not in [RUNNING]: current state is CLOSED
2022-09-20 10:13:03,983 [s1@group-469FBF65F7A7-LeaderElection67] INFO  impl.LeaderElection (LeaderElection.java:askForVotes(310)) - s1@group-469FBF65F7A7-LeaderElection67 PRE_VOTE round 0: result REJECTED
2022-09-20 10:13:03,983 [s1@group-469FBF65F7A7-LeaderElection67] INFO  server.RaftServer$Division (RaftServerImpl.java:setRole(317)) - s1@group-469FBF65F7A7: changes role from CANDIDATE to FOLLOWER at term 2 for REJECTED
2022-09-20 10:13:03,983 [s1@group-469FBF65F7A7-LeaderElection67] INFO  impl.RoleInfo (RoleInfo.java:shutdownLeaderElection(130)) - s1: shutdown s1@group-469FBF65F7A7-LeaderElection67
2022-09-20 10:13:03,983 [s1@group-469FBF65F7A7-LeaderElection67] INFO  impl.RoleInfo (RoleInfo.java:updateAndGet(139)) - s1: start s1@group-469FBF65F7A7-FollowerState
2022-09-20 10:13:04,173 [null-request--thread1] INFO  server.GrpcClientProtocolService (GrpcClientProtocolService.java:lambda$processClientRequest$0(284)) - Failed RaftClientRequest:client-76B04C62A16F->s1@group-469FBF65F7A7, cid=451, seq=0, RW, Message:6d3635, reply=RaftClientReply:client-76B04C62A16F->s1@group-469FBF65F7A7, cid=451, FAILED org.apache.ratis.protocol.exceptions.NotLeaderException: Server s1@group-469FBF65F7A7 is not the leader, logIndex=0, commits[s1:c133, s0:c130, s2:c133]
2022-09-20 10:13:04,226 [s1@group-469FBF65F7A7-FollowerState] INFO  impl.FollowerState (FollowerState.java:run(141)) - s1@group-469FBF65F7A7-FollowerState: change to CANDIDATE, lastRpcElapsedTime:243564018ns, electionTimeout:243ms
2022-09-20 10:13:04,226 [s1@group-469FBF65F7A7-FollowerState] INFO  impl.RoleInfo (RoleInfo.java:shutdownFollowerState(110)) - s1: shutdown s1@group-469FBF65F7A7-FollowerState
2022-09-20 10:13:04,226 [s1@group-469FBF65F7A7-FollowerState] INFO  server.RaftServer$Division (RaftServerImpl.java:setRole(317)) - s1@group-469FBF65F7A7: changes role from  FOLLOWER to CANDIDATE at term 2 for changeToCandidate
2022-09-20 10:13:04,227 [s1@group-469FBF65F7A7-FollowerState] INFO  server.RaftServerConfigKeys (ConfUtils.java:logGet(46)) - raft.server.leaderelection.pre-vote = true (default)
2022-09-20 10:13:04,227 [s1@group-469FBF65F7A7-FollowerState] INFO  impl.RoleInfo (RoleInfo.java:updateAndGet(139)) - s1: start s1@group-469FBF65F7A7-LeaderElection68
2022-09-20 10:13:04,227 [s1@group-469FBF65F7A7-LeaderElection68] INFO  impl.LeaderElection (LeaderElection.java:askForVotes(308)) - s1@group-469FBF65F7A7-LeaderElection68 PRE_VOTE round 0: submit vote requests at term 2 for 133: peers:[s0|rpc:localhost:39281|admin:localhost:38455|client:localhost:36053|dataStream:localhost:45769|priority:0|startupRole:FOLLOWER, s1|rpc:localhost:46849|admin:localhost:41515|client:localhost:39119|dataStream:localhost:41703|priority:0|startupRole:FOLLOWER, s2|rpc:localhost:35167|admin:localhost:44965|client:localhost:40979|dataStream:localhost:34151|priority:0|startupRole:FOLLOWER]|listeners:[], old=null
2022-09-20 10:13:04,229 [grpc-default-executor-8] INFO  server.RaftServer$Division (RaftServerImpl.java:requestVote(1281)) - s2@group-469FBF65F7A7: receive requestVote(PRE_VOTE, s1, group-469FBF65F7A7, 2, (t:2, i:134))
2022-09-20 10:13:04,229 [grpc-default-executor-8] WARN  server.GrpcServerProtocolService (LogUtils.java:warn(122)) - s2: Failed requestVote s1->s2#0: org.apache.ratis.protocol.exceptions.ServerNotReadyException: s2@group-469FBF65F7A7 is not in [RUNNING]: current state is CLOSED
2022-09-20 10:13:04,230 [grpc-default-executor-8] INFO  server.RaftServer$Division (RaftServerImpl.java:requestVote(1281)) - s0@group-469FBF65F7A7: receive requestVote(PRE_VOTE, s1, group-469FBF65F7A7, 2, (t:2, i:134))
2022-09-20 10:13:04,230 [grpc-default-executor-8] WARN  server.GrpcServerProtocolService (LogUtils.java:warn(122)) - s0: Failed requestVote s1->s0#0: org.apache.ratis.protocol.exceptions.ServerNotReadyException: s0@group-469FBF65F7A7 is not in [RUNNING]: current state is CLOSED
2022-09-20 10:13:04,230 [s1@group-469FBF65F7A7-LeaderElection68] INFO  impl.LeaderElection (LogUtils.java:infoOrTrace(137)) - s1@group-469FBF65F7A7-LeaderElection68 got exception when requesting votes: java.util.concurrent.ExecutionException: org.apache.ratis.thirdparty.io.grpc.StatusRuntimeException: INTERNAL: s0@group-469FBF65F7A7 is not in [RUNNING]: current state is CLOSED
2022-09-20 10:13:04,231 [s1@group-469FBF65F7A7-LeaderElection68] INFO  impl.LeaderElection (LogUtils.java:infoOrTrace(137)) - s1@group-469FBF65F7A7-LeaderElection68 got exception when requesting votes: java.util.concurrent.ExecutionException: org.apache.ratis.thirdparty.io.grpc.StatusRuntimeException: INTERNAL: s2@group-469FBF65F7A7 is not in [RUNNING]: current state is CLOSED
2022-09-20 10:13:04,231 [s1@group-469FBF65F7A7-LeaderElection68] INFO  impl.LeaderElection (LeaderElection.java:logAndReturn(89)) - s1@group-469FBF65F7A7-LeaderElection68: PRE_VOTE REJECTED received 0 response(s) and 2 exception(s):
2022-09-20 10:13:04,231 [s1@group-469FBF65F7A7-LeaderElection68] INFO  impl.LeaderElection (LogUtils.java:infoOrTrace(137)) -   Exception 0: java.util.concurrent.ExecutionException: org.apache.ratis.thirdparty.io.grpc.StatusRuntimeException: INTERNAL: s0@group-469FBF65F7A7 is not in [RUNNING]: current state is CLOSED
2022-09-20 10:13:04,231 [s1@group-469FBF65F7A7-LeaderElection68] INFO  impl.LeaderElection (LogUtils.java:infoOrTrace(137)) -   Exception 1: java.util.concurrent.ExecutionException: org.apache.ratis.thirdparty.io.grpc.StatusRuntimeException: INTERNAL: s2@group-469FBF65F7A7 is not in [RUNNING]: current state is CLOSED
2022-09-20 10:13:04,231 [s1@group-469FBF65F7A7-LeaderElection68] INFO  impl.LeaderElection (LeaderElection.java:askForVotes(310)) - s1@group-469FBF65F7A7-LeaderElection68 PRE_VOTE round 0: result REJECTED
2022-09-20 10:13:04,231 [s1@group-469FBF65F7A7-LeaderElection68] INFO  server.RaftServer$Division (RaftServerImpl.java:setRole(317)) - s1@group-469FBF65F7A7: changes role from CANDIDATE to FOLLOWER at term 2 for REJECTED
2022-09-20 10:13:04,231 [s1@group-469FBF65F7A7-LeaderElection68] INFO  impl.RoleInfo (RoleInfo.java:shutdownLeaderElection(130)) - s1: shutdown s1@group-469FBF65F7A7-LeaderElection68
2022-09-20 10:13:04,231 [s1@group-469FBF65F7A7-LeaderElection68] INFO  impl.RoleInfo (RoleInfo.java:updateAndGet(139)) - s1: start s1@group-469FBF65F7A7-FollowerState
2022-09-20 10:13:04,385 [null-request--thread1] INFO  server.GrpcClientProtocolService (GrpcClientProtocolService.java:lambda$processClientRequest$0(284)) - Failed RaftClientRequest:client-76B04C62A16F->s1@group-469FBF65F7A7, cid=451, seq=0, RW, Message:6d3635, reply=RaftClientReply:client-76B04C62A16F->s1@group-469FBF65F7A7, cid=451, FAILED org.apache.ratis.protocol.exceptions.NotLeaderException: Server s1@group-469FBF65F7A7 is not the leader, logIndex=0, commits[s1:c133, s0:c130, s2:c133]
2022-09-20 10:13:04,441 [s1@group-469FBF65F7A7-FollowerState] INFO  impl.FollowerState (FollowerState.java:run(141)) - s1@group-469FBF65F7A7-FollowerState: change to CANDIDATE, lastRpcElapsedTime:210658615ns, electionTimeout:210ms
2022-09-20 10:13:04,442 [s1@group-469FBF65F7A7-FollowerState] INFO  impl.RoleInfo (RoleInfo.java:shutdownFollowerState(110)) - s1: shutdown s1@group-469FBF65F7A7-FollowerState
2022-09-20 10:13:04,442 [s1@group-469FBF65F7A7-FollowerState] INFO  server.RaftServer$Division (RaftServerImpl.java:setRole(317)) - s1@group-469FBF65F7A7: changes role from  FOLLOWER to CANDIDATE at term 2 for changeToCandidate
2022-09-20 10:13:04,442 [s1@group-469FBF65F7A7-FollowerState] INFO  server.RaftServerConfigKeys (ConfUtils.java:logGet(46)) - raft.server.leaderelection.pre-vote = true (default)
2022-09-20 10:13:04,442 [s1@group-469FBF65F7A7-FollowerState] INFO  impl.RoleInfo (RoleInfo.java:updateAndGet(139)) - s1: start s1@group-469FBF65F7A7-LeaderElection69
2022-09-20 10:13:04,442 [s1@group-469FBF65F7A7-LeaderElection69] INFO  impl.LeaderElection (LeaderElection.java:askForVotes(308)) - s1@group-469FBF65F7A7-LeaderElection69 PRE_VOTE round 0: submit vote requests at term 2 for 133: peers:[s0|rpc:localhost:39281|admin:localhost:38455|client:localhost:36053|dataStream:localhost:45769|priority:0|startupRole:FOLLOWER, s1|rpc:localhost:46849|admin:localhost:41515|client:localhost:39119|dataStream:localhost:41703|priority:0|startupRole:FOLLOWER, s2|rpc:localhost:35167|admin:localhost:44965|client:localhost:40979|dataStream:localhost:34151|priority:0|startupRole:FOLLOWER]|listeners:[], old=null
2022-09-20 10:13:04,443 [grpc-default-executor-0] INFO  server.RaftServer$Division (RaftServerImpl.java:requestVote(1281)) - s2@group-469FBF65F7A7: receive requestVote(PRE_VOTE, s1, group-469FBF65F7A7, 2, (t:2, i:134))
2022-09-20 10:13:04,443 [grpc-default-executor-0] WARN  server.GrpcServerProtocolService (LogUtils.java:warn(122)) - s2: Failed requestVote s1->s2#0: org.apache.ratis.protocol.exceptions.ServerNotReadyException: s2@group-469FBF65F7A7 is not in [RUNNING]: current state is CLOSED
2022-09-20 10:13:04,444 [grpc-default-executor-0] INFO  server.RaftServer$Division (RaftServerImpl.java:requestVote(1281)) - s0@group-469FBF65F7A7: receive requestVote(PRE_VOTE, s1, group-469FBF65F7A7, 2, (t:2, i:134))
2022-09-20 10:13:04,444 [grpc-default-executor-0] WARN  server.GrpcServerProtocolService (LogUtils.java:warn(122)) - s0: Failed requestVote s1->s0#0: org.apache.ratis.protocol.exceptions.ServerNotReadyException: s0@group-469FBF65F7A7 is not in [RUNNING]: current state is CLOSED
2022-09-20 10:13:04,444 [s1@group-469FBF65F7A7-LeaderElection69] INFO  impl.LeaderElection (LogUtils.java:infoOrTrace(137)) - s1@group-469FBF65F7A7-LeaderElection69 got exception when requesting votes: java.util.concurrent.ExecutionException: org.apache.ratis.thirdparty.io.grpc.StatusRuntimeException: INTERNAL: s2@group-469FBF65F7A7 is not in [RUNNING]: current state is CLOSED
2022-09-20 10:13:04,444 [s1@group-469FBF65F7A7-LeaderElection69] INFO  impl.LeaderElection (LogUtils.java:infoOrTrace(137)) - s1@group-469FBF65F7A7-LeaderElection69 got exception when requesting votes: java.util.concurrent.ExecutionException: org.apache.ratis.thirdparty.io.grpc.StatusRuntimeException: INTERNAL: s0@group-469FBF65F7A7 is not in [RUNNING]: current state is CLOSED
2022-09-20 10:13:04,444 [s1@group-469FBF65F7A7-LeaderElection69] INFO  impl.LeaderElection (LeaderElection.java:logAndReturn(89)) - s1@group-469FBF65F7A7-LeaderElection69: PRE_VOTE REJECTED received 0 response(s) and 2 exception(s):
2022-09-20 10:13:04,444 [s1@group-469FBF65F7A7-LeaderElection69] INFO  impl.LeaderElection (LogUtils.java:infoOrTrace(137)) -   Exception 0: java.util.concurrent.ExecutionException: org.apache.ratis.thirdparty.io.grpc.StatusRuntimeException: INTERNAL: s2@group-469FBF65F7A7 is not in [RUNNING]: current state is CLOSED
2022-09-20 10:13:04,444 [s1@group-469FBF65F7A7-LeaderElection69] INFO  impl.LeaderElection (LogUtils.java:infoOrTrace(137)) -   Exception 1: java.util.concurrent.ExecutionException: org.apache.ratis.thirdparty.io.grpc.StatusRuntimeException: INTERNAL: s0@group-469FBF65F7A7 is not in [RUNNING]: current state is CLOSED
2022-09-20 10:13:04,445 [s1@group-469FBF65F7A7-LeaderElection69] INFO  impl.LeaderElection (LeaderElection.java:askForVotes(310)) - s1@group-469FBF65F7A7-LeaderElection69 PRE_VOTE round 0: result REJECTED
2022-09-20 10:13:04,445 [s1@group-469FBF65F7A7-LeaderElection69] INFO  server.RaftServer$Division (RaftServerImpl.java:setRole(317)) - s1@group-469FBF65F7A7: changes role from CANDIDATE to FOLLOWER at term 2 for REJECTED
2022-09-20 10:13:04,445 [s1@group-469FBF65F7A7-LeaderElection69] INFO  impl.RoleInfo (RoleInfo.java:shutdownLeaderElection(130)) - s1: shutdown s1@group-469FBF65F7A7-LeaderElection69
2022-09-20 10:13:04,445 [s1@group-469FBF65F7A7-LeaderElection69] INFO  impl.RoleInfo (RoleInfo.java:updateAndGet(139)) - s1: start s1@group-469FBF65F7A7-FollowerState
2022-09-20 10:13:04,676 [s1@group-469FBF65F7A7-FollowerState] INFO  impl.FollowerState (FollowerState.java:run(141)) - s1@group-469FBF65F7A7-FollowerState: change to CANDIDATE, lastRpcElapsedTime:231444152ns, electionTimeout:231ms
2022-09-20 10:13:04,676 [s1@group-469FBF65F7A7-FollowerState] INFO  impl.RoleInfo (RoleInfo.java:shutdownFollowerState(110)) - s1: shutdown s1@group-469FBF65F7A7-FollowerState
2022-09-20 10:13:04,676 [s1@group-469FBF65F7A7-FollowerState] INFO  server.RaftServer$Division (RaftServerImpl.java:setRole(317)) - s1@group-469FBF65F7A7: changes role from  FOLLOWER to CANDIDATE at term 2 for changeToCandidate
2022-09-20 10:13:04,676 [s1@group-469FBF65F7A7-FollowerState] INFO  server.RaftServerConfigKeys (ConfUtils.java:logGet(46)) - raft.server.leaderelection.pre-vote = true (default)
2022-09-20 10:13:04,676 [s1@group-469FBF65F7A7-FollowerState] INFO  impl.RoleInfo (RoleInfo.java:updateAndGet(139)) - s1: start s1@group-469FBF65F7A7-LeaderElection70
2022-09-20 10:13:04,677 [s1@group-469FBF65F7A7-LeaderElection70] INFO  impl.LeaderElection (LeaderElection.java:askForVotes(308)) - s1@group-469FBF65F7A7-LeaderElection70 PRE_VOTE round 0: submit vote requests at term 2 for 133: peers:[s0|rpc:localhost:39281|admin:localhost:38455|client:localhost:36053|dataStream:localhost:45769|priority:0|startupRole:FOLLOWER, s1|rpc:localhost:46849|admin:localhost:41515|client:localhost:39119|dataStream:localhost:41703|priority:0|startupRole:FOLLOWER, s2|rpc:localhost:35167|admin:localhost:44965|client:localhost:40979|dataStream:localhost:34151|priority:0|startupRole:FOLLOWER]|listeners:[], old=null
2022-09-20 10:13:04,678 [grpc-default-executor-8] INFO  server.RaftServer$Division (RaftServerImpl.java:requestVote(1281)) - s0@group-469FBF65F7A7: receive requestVote(PRE_VOTE, s1, group-469FBF65F7A7, 2, (t:2, i:134))
2022-09-20 10:13:04,678 [grpc-default-executor-8] WARN  server.GrpcServerProtocolService (LogUtils.java:warn(122)) - s0: Failed requestVote s1->s0#0: org.apache.ratis.protocol.exceptions.ServerNotReadyException: s0@group-469FBF65F7A7 is not in [RUNNING]: current state is CLOSED
2022-09-20 10:13:04,679 [grpc-default-executor-8] INFO  server.RaftServer$Division (RaftServerImpl.java:requestVote(1281)) - s2@group-469FBF65F7A7: receive requestVote(PRE_VOTE, s1, group-469FBF65F7A7, 2, (t:2, i:134))
2022-09-20 10:13:04,679 [grpc-default-executor-8] WARN  server.GrpcServerProtocolService (LogUtils.java:warn(122)) - s2: Failed requestVote s1->s2#0: org.apache.ratis.protocol.exceptions.ServerNotReadyException: s2@group-469FBF65F7A7 is not in [RUNNING]: current state is CLOSED
2022-09-20 10:13:04,680 [s1@group-469FBF65F7A7-LeaderElection70] INFO  impl.LeaderElection (LogUtils.java:infoOrTrace(137)) - s1@group-469FBF65F7A7-LeaderElection70 got exception when requesting votes: java.util.concurrent.ExecutionException: org.apache.ratis.thirdparty.io.grpc.StatusRuntimeException: INTERNAL: s0@group-469FBF65F7A7 is not in [RUNNING]: current state is CLOSED
2022-09-20 10:13:04,680 [s1@group-469FBF65F7A7-LeaderElection70] INFO  impl.LeaderElection (LogUtils.java:infoOrTrace(137)) - s1@group-469FBF65F7A7-LeaderElection70 got exception when requesting votes: java.util.concurrent.ExecutionException: org.apache.ratis.thirdparty.io.grpc.StatusRuntimeException: INTERNAL: s2@group-469FBF65F7A7 is not in [RUNNING]: current state is CLOSED
2022-09-20 10:13:04,680 [s1@group-469FBF65F7A7-LeaderElection70] INFO  impl.LeaderElection (LeaderElection.java:logAndReturn(89)) - s1@group-469FBF65F7A7-LeaderElection70: PRE_VOTE REJECTED received 0 response(s) and 2 exception(s):
2022-09-20 10:13:04,680 [s1@group-469FBF65F7A7-LeaderElection70] INFO  impl.LeaderElection (LogUtils.java:infoOrTrace(137)) -   Exception 0: java.util.concurrent.ExecutionException: org.apache.ratis.thirdparty.io.grpc.StatusRuntimeException: INTERNAL: s0@group-469FBF65F7A7 is not in [RUNNING]: current state is CLOSED
2022-09-20 10:13:04,680 [s1@group-469FBF65F7A7-LeaderElection70] INFO  impl.LeaderElection (LogUtils.java:infoOrTrace(137)) -   Exception 1: java.util.concurrent.ExecutionException: org.apache.ratis.thirdparty.io.grpc.StatusRuntimeException: INTERNAL: s2@group-469FBF65F7A7 is not in [RUNNING]: current state is CLOSED
2022-09-20 10:13:04,680 [s1@group-469FBF65F7A7-LeaderElection70] INFO  impl.LeaderElection (LeaderElection.java:askForVotes(310)) - s1@group-469FBF65F7A7-LeaderElection70 PRE_VOTE round 0: result REJECTED
2022-09-20 10:13:04,680 [s1@group-469FBF65F7A7-LeaderElection70] INFO  server.RaftServer$Division (RaftServerImpl.java:setRole(317)) - s1@group-469FBF65F7A7: changes role from CANDIDATE to FOLLOWER at term 2 for REJECTED
2022-09-20 10:13:04,680 [s1@group-469FBF65F7A7-LeaderElection70] INFO  impl.RoleInfo (RoleInfo.java:shutdownLeaderElection(130)) - s1: shutdown s1@group-469FBF65F7A7-LeaderElection70
2022-09-20 10:13:04,681 [s1@group-469FBF65F7A7-LeaderElection70] INFO  impl.RoleInfo (RoleInfo.java:updateAndGet(139)) - s1: start s1@group-469FBF65F7A7-FollowerState
2022-09-20 10:13:04,934 [s1@group-469FBF65F7A7-FollowerState] INFO  impl.FollowerState (FollowerState.java:run(141)) - s1@group-469FBF65F7A7-FollowerState: change to CANDIDATE, lastRpcElapsedTime:253595051ns, electionTimeout:253ms
2022-09-20 10:13:04,934 [s1@group-469FBF65F7A7-FollowerState] INFO  impl.RoleInfo (RoleInfo.java:shutdownFollowerState(110)) - s1: shutdown s1@group-469FBF65F7A7-FollowerState
2022-09-20 10:13:04,934 [s1@group-469FBF65F7A7-FollowerState] INFO  server.RaftServer$Division (RaftServerImpl.java:setRole(317)) - s1@group-469FBF65F7A7: changes role from  FOLLOWER to CANDIDATE at term 2 for changeToCandidate
2022-09-20 10:13:04,934 [s1@group-469FBF65F7A7-FollowerState] INFO  server.RaftServerConfigKeys (ConfUtils.java:logGet(46)) - raft.server.leaderelection.pre-vote = true (default)
2022-09-20 10:13:04,934 [s1@group-469FBF65F7A7-FollowerState] INFO  impl.RoleInfo (RoleInfo.java:updateAndGet(139)) - s1: start s1@group-469FBF65F7A7-LeaderElection71
2022-09-20 10:13:04,935 [s1@group-469FBF65F7A7-LeaderElection71] INFO  impl.LeaderElection (LeaderElection.java:askForVotes(308)) - s1@group-469FBF65F7A7-LeaderElection71 PRE_VOTE round 0: submit vote requests at term 2 for 133: peers:[s0|rpc:localhost:39281|admin:localhost:38455|client:localhost:36053|dataStream:localhost:45769|priority:0|startupRole:FOLLOWER, s1|rpc:localhost:46849|admin:localhost:41515|client:localhost:39119|dataStream:localhost:41703|priority:0|startupRole:FOLLOWER, s2|rpc:localhost:35167|admin:localhost:44965|client:localhost:40979|dataStream:localhost:34151|priority:0|startupRole:FOLLOWER]|listeners:[], old=null
2022-09-20 10:13:04,936 [grpc-default-executor-0] INFO  server.RaftServer$Division (RaftServerImpl.java:requestVote(1281)) - s0@group-469FBF65F7A7: receive requestVote(PRE_VOTE, s1, group-469FBF65F7A7, 2, (t:2, i:134))
2022-09-20 10:13:04,936 [grpc-default-executor-0] WARN  server.GrpcServerProtocolService (LogUtils.java:warn(122)) - s0: Failed requestVote s1->s0#0: org.apache.ratis.protocol.exceptions.ServerNotReadyException: s0@group-469FBF65F7A7 is not in [RUNNING]: current state is CLOSED
2022-09-20 10:13:04,937 [s1@group-469FBF65F7A7-LeaderElection71] INFO  impl.LeaderElection (LogUtils.java:infoOrTrace(137)) - s1@group-469FBF65F7A7-LeaderElection71 got exception when requesting votes: java.util.concurrent.ExecutionException: org.apache.ratis.thirdparty.io.grpc.StatusRuntimeException: INTERNAL: s0@group-469FBF65F7A7 is not in [RUNNING]: current state is CLOSED
2022-09-20 10:13:04,937 [grpc-default-executor-0] INFO  server.RaftServer$Division (RaftServerImpl.java:requestVote(1281)) - s2@group-469FBF65F7A7: receive requestVote(PRE_VOTE, s1, group-469FBF65F7A7, 2, (t:2, i:134))
2022-09-20 10:13:04,937 [grpc-default-executor-0] WARN  server.GrpcServerProtocolService (LogUtils.java:warn(122)) - s2: Failed requestVote s1->s2#0: org.apache.ratis.protocol.exceptions.ServerNotReadyException: s2@group-469FBF65F7A7 is not in [RUNNING]: current state is CLOSED
2022-09-20 10:13:04,937 [s1@group-469FBF65F7A7-LeaderElection71] INFO  impl.LeaderElection (LogUtils.java:infoOrTrace(137)) - s1@group-469FBF65F7A7-LeaderElection71 got exception when requesting votes: java.util.concurrent.ExecutionException: org.apache.ratis.thirdparty.io.grpc.StatusRuntimeException: INTERNAL: s2@group-469FBF65F7A7 is not in [RUNNING]: current state is CLOSED
2022-09-20 10:13:04,938 [s1@group-469FBF65F7A7-LeaderElection71] INFO  impl.LeaderElection (LeaderElection.java:logAndReturn(89)) - s1@group-469FBF65F7A7-LeaderElection71: PRE_VOTE REJECTED received 0 response(s) and 2 exception(s):
2022-09-20 10:13:04,938 [s1@group-469FBF65F7A7-LeaderElection71] INFO  impl.LeaderElection (LogUtils.java:infoOrTrace(137)) -   Exception 0: java.util.concurrent.ExecutionException: org.apache.ratis.thirdparty.io.grpc.StatusRuntimeException: INTERNAL: s0@group-469FBF65F7A7 is not in [RUNNING]: current state is CLOSED
2022-09-20 10:13:04,938 [s1@group-469FBF65F7A7-LeaderElection71] INFO  impl.LeaderElection (LogUtils.java:infoOrTrace(137)) -   Exception 1: java.util.concurrent.ExecutionException: org.apache.ratis.thirdparty.io.grpc.StatusRuntimeException: INTERNAL: s2@group-469FBF65F7A7 is not in [RUNNING]: current state is CLOSED
2022-09-20 10:13:04,938 [s1@group-469FBF65F7A7-LeaderElection71] INFO  impl.LeaderElection (LeaderElection.java:askForVotes(310)) - s1@group-469FBF65F7A7-LeaderElection71 PRE_VOTE round 0: result REJECTED
2022-09-20 10:13:04,938 [s1@group-469FBF65F7A7-LeaderElection71] INFO  server.RaftServer$Division (RaftServerImpl.java:setRole(317)) - s1@group-469FBF65F7A7: changes role from CANDIDATE to FOLLOWER at term 2 for REJECTED
2022-09-20 10:13:04,938 [s1@group-469FBF65F7A7-LeaderElection71] INFO  impl.RoleInfo (RoleInfo.java:shutdownLeaderElection(130)) - s1: shutdown s1@group-469FBF65F7A7-LeaderElection71
2022-09-20 10:13:04,938 [s1@group-469FBF65F7A7-LeaderElection71] INFO  impl.RoleInfo (RoleInfo.java:updateAndGet(139)) - s1: start s1@group-469FBF65F7A7-FollowerState
2022-09-20 10:13:05,015 [null-request--thread1] INFO  server.GrpcClientProtocolService (GrpcClientProtocolService.java:lambda$processClientRequest$0(284)) - Failed RaftClientRequest:client-76B04C62A16F->s1@group-469FBF65F7A7, cid=451, seq=0, RW, Message:6d3635, reply=RaftClientReply:client-76B04C62A16F->s1@group-469FBF65F7A7, cid=451, FAILED org.apache.ratis.protocol.exceptions.NotLeaderException: Server s1@group-469FBF65F7A7 is not the leader, logIndex=0, commits[s1:c133, s0:c130, s2:c133]
2022-09-20 10:13:05,094 [s1@group-469FBF65F7A7-FollowerState] INFO  impl.FollowerState (FollowerState.java:run(141)) - s1@group-469FBF65F7A7-FollowerState: change to CANDIDATE, lastRpcElapsedTime:156452646ns, electionTimeout:156ms
2022-09-20 10:13:05,094 [s1@group-469FBF65F7A7-FollowerState] INFO  impl.RoleInfo (RoleInfo.java:shutdownFollowerState(110)) - s1: shutdown s1@group-469FBF65F7A7-FollowerState
2022-09-20 10:13:05,094 [s1@group-469FBF65F7A7-FollowerState] INFO  server.RaftServer$Division (RaftServerImpl.java:setRole(317)) - s1@group-469FBF65F7A7: changes role from  FOLLOWER to CANDIDATE at term 2 for changeToCandidate
2022-09-20 10:13:05,094 [s1@group-469FBF65F7A7-FollowerState] INFO  server.RaftServerConfigKeys (ConfUtils.java:logGet(46)) - raft.server.leaderelection.pre-vote = true (default)
2022-09-20 10:13:05,095 [s1@group-469FBF65F7A7-FollowerState] INFO  impl.RoleInfo (RoleInfo.java:updateAndGet(139)) - s1: start s1@group-469FBF65F7A7-LeaderElection72
2022-09-20 10:13:05,095 [s1@group-469FBF65F7A7-LeaderElection72] INFO  impl.LeaderElection (LeaderElection.java:askForVotes(308)) - s1@group-469FBF65F7A7-LeaderElection72 PRE_VOTE round 0: submit vote requests at term 2 for 133: peers:[s0|rpc:localhost:39281|admin:localhost:38455|client:localhost:36053|dataStream:localhost:45769|priority:0|startupRole:FOLLOWER, s1|rpc:localhost:46849|admin:localhost:41515|client:localhost:39119|dataStream:localhost:41703|priority:0|startupRole:FOLLOWER, s2|rpc:localhost:35167|admin:localhost:44965|client:localhost:40979|dataStream:localhost:34151|priority:0|startupRole:FOLLOWER]|listeners:[], old=null
2022-09-20 10:13:05,097 [grpc-default-executor-8] INFO  server.RaftServer$Division (RaftServerImpl.java:requestVote(1281)) - s0@group-469FBF65F7A7: receive requestVote(PRE_VOTE, s1, group-469FBF65F7A7, 2, (t:2, i:134))
2022-09-20 10:13:05,097 [grpc-default-executor-8] WARN  server.GrpcServerProtocolService (LogUtils.java:warn(122)) - s0: Failed requestVote s1->s0#0: org.apache.ratis.protocol.exceptions.ServerNotReadyException: s0@group-469FBF65F7A7 is not in [RUNNING]: current state is CLOSED
2022-09-20 10:13:05,098 [grpc-default-executor-0] INFO  server.RaftServer$Division (RaftServerImpl.java:requestVote(1281)) - s2@group-469FBF65F7A7: receive requestVote(PRE_VOTE, s1, group-469FBF65F7A7, 2, (t:2, i:134))
2022-09-20 10:13:05,098 [grpc-default-executor-0] WARN  server.GrpcServerProtocolService (LogUtils.java:warn(122)) - s2: Failed requestVote s1->s2#0: org.apache.ratis.protocol.exceptions.ServerNotReadyException: s2@group-469FBF65F7A7 is not in [RUNNING]: current state is CLOSED
2022-09-20 10:13:05,098 [s1@group-469FBF65F7A7-LeaderElection72] INFO  impl.LeaderElection (LogUtils.java:infoOrTrace(137)) - s1@group-469FBF65F7A7-LeaderElection72 got exception when requesting votes: java.util.concurrent.ExecutionException: org.apache.ratis.thirdparty.io.grpc.StatusRuntimeException: INTERNAL: s0@group-469FBF65F7A7 is not in [RUNNING]: current state is CLOSED
2022-09-20 10:13:05,099 [s1@group-469FBF65F7A7-LeaderElection72] INFO  impl.LeaderElection (LogUtils.java:infoOrTrace(137)) - s1@group-469FBF65F7A7-LeaderElection72 got exception when requesting votes: java.util.concurrent.ExecutionException: org.apache.ratis.thirdparty.io.grpc.StatusRuntimeException: INTERNAL: s2@group-469FBF65F7A7 is not in [RUNNING]: current state is CLOSED
2022-09-20 10:13:05,099 [s1@group-469FBF65F7A7-LeaderElection72] INFO  impl.LeaderElection (LeaderElection.java:logAndReturn(89)) - s1@group-469FBF65F7A7-LeaderElection72: PRE_VOTE REJECTED received 0 response(s) and 2 exception(s):
2022-09-20 10:13:05,099 [s1@group-469FBF65F7A7-LeaderElection72] INFO  impl.LeaderElection (LogUtils.java:infoOrTrace(137)) -   Exception 0: java.util.concurrent.ExecutionException: org.apache.ratis.thirdparty.io.grpc.StatusRuntimeException: INTERNAL: s0@group-469FBF65F7A7 is not in [RUNNING]: current state is CLOSED
2022-09-20 10:13:05,099 [s1@group-469FBF65F7A7-LeaderElection72] INFO  impl.LeaderElection (LogUtils.java:infoOrTrace(137)) -   Exception 1: java.util.concurrent.ExecutionException: org.apache.ratis.thirdparty.io.grpc.StatusRuntimeException: INTERNAL: s2@group-469FBF65F7A7 is not in [RUNNING]: current state is CLOSED
2022-09-20 10:13:05,099 [s1@group-469FBF65F7A7-LeaderElection72] INFO  impl.LeaderElection (LeaderElection.java:askForVotes(310)) - s1@group-469FBF65F7A7-LeaderElection72 PRE_VOTE round 0: result REJECTED
2022-09-20 10:13:05,099 [s1@group-469FBF65F7A7-LeaderElection72] INFO  server.RaftServer$Division (RaftServerImpl.java:setRole(317)) - s1@group-469FBF65F7A7: changes role from CANDIDATE to FOLLOWER at term 2 for REJECTED
2022-09-20 10:13:05,099 [s1@group-469FBF65F7A7-LeaderElection72] INFO  impl.RoleInfo (RoleInfo.java:shutdownLeaderElection(130)) - s1: shutdown s1@group-469FBF65F7A7-LeaderElection72
2022-09-20 10:13:05,099 [s1@group-469FBF65F7A7-LeaderElection72] INFO  impl.RoleInfo (RoleInfo.java:updateAndGet(139)) - s1: start s1@group-469FBF65F7A7-FollowerState
2022-09-20 10:13:05,251 [s1@group-469FBF65F7A7-FollowerState] INFO  impl.FollowerState (FollowerState.java:run(141)) - s1@group-469FBF65F7A7-FollowerState: change to CANDIDATE, lastRpcElapsedTime:152327974ns, electionTimeout:152ms
2022-09-20 10:13:05,251 [s1@group-469FBF65F7A7-FollowerState] INFO  impl.RoleInfo (RoleInfo.java:shutdownFollowerState(110)) - s1: shutdown s1@group-469FBF65F7A7-FollowerState
2022-09-20 10:13:05,251 [s1@group-469FBF65F7A7-FollowerState] INFO  server.RaftServer$Division (RaftServerImpl.java:setRole(317)) - s1@group-469FBF65F7A7: changes role from  FOLLOWER to CANDIDATE at term 2 for changeToCandidate
2022-09-20 10:13:05,252 [s1@group-469FBF65F7A7-FollowerState] INFO  server.RaftServerConfigKeys (ConfUtils.java:logGet(46)) - raft.server.leaderelection.pre-vote = true (default)
2022-09-20 10:13:05,252 [s1@group-469FBF65F7A7-FollowerState] INFO  impl.RoleInfo (RoleInfo.java:updateAndGet(139)) - s1: start s1@group-469FBF65F7A7-LeaderElection73
2022-09-20 10:13:05,252 [s1@group-469FBF65F7A7-LeaderElection73] INFO  impl.LeaderElection (LeaderElection.java:askForVotes(308)) - s1@group-469FBF65F7A7-LeaderElection73 PRE_VOTE round 0: submit vote requests at term 2 for 133: peers:[s0|rpc:localhost:39281|admin:localhost:38455|client:localhost:36053|dataStream:localhost:45769|priority:0|startupRole:FOLLOWER, s1|rpc:localhost:46849|admin:localhost:41515|client:localhost:39119|dataStream:localhost:41703|priority:0|startupRole:FOLLOWER, s2|rpc:localhost:35167|admin:localhost:44965|client:localhost:40979|dataStream:localhost:34151|priority:0|startupRole:FOLLOWER]|listeners:[], old=null
2022-09-20 10:13:05,253 [grpc-default-executor-8] INFO  server.RaftServer$Division (RaftServerImpl.java:requestVote(1281)) - s0@group-469FBF65F7A7: receive requestVote(PRE_VOTE, s1, group-469FBF65F7A7, 2, (t:2, i:134))
2022-09-20 10:13:05,254 [grpc-default-executor-8] WARN  server.GrpcServerProtocolService (LogUtils.java:warn(122)) - s0: Failed requestVote s1->s0#0: org.apache.ratis.protocol.exceptions.ServerNotReadyException: s0@group-469FBF65F7A7 is not in [RUNNING]: current state is CLOSED
2022-09-20 10:13:05,254 [grpc-default-executor-5] INFO  server.RaftServer$Division (RaftServerImpl.java:requestVote(1281)) - s2@group-469FBF65F7A7: receive requestVote(PRE_VOTE, s1, group-469FBF65F7A7, 2, (t:2, i:134))
2022-09-20 10:13:05,254 [grpc-default-executor-5] WARN  server.GrpcServerProtocolService (LogUtils.java:warn(122)) - s2: Failed requestVote s1->s2#0: org.apache.ratis.protocol.exceptions.ServerNotReadyException: s2@group-469FBF65F7A7 is not in [RUNNING]: current state is CLOSED
2022-09-20 10:13:05,254 [s1@group-469FBF65F7A7-LeaderElection73] INFO  impl.LeaderElection (LogUtils.java:infoOrTrace(137)) - s1@group-469FBF65F7A7-LeaderElection73 got exception when requesting votes: java.util.concurrent.ExecutionException: org.apache.ratis.thirdparty.io.grpc.StatusRuntimeException: INTERNAL: s2@group-469FBF65F7A7 is not in [RUNNING]: current state is CLOSED
2022-09-20 10:13:05,254 [s1@group-469FBF65F7A7-LeaderElection73] INFO  impl.LeaderElection (LogUtils.java:infoOrTrace(137)) - s1@group-469FBF65F7A7-LeaderElection73 got exception when requesting votes: java.util.concurrent.ExecutionException: org.apache.ratis.thirdparty.io.grpc.StatusRuntimeException: INTERNAL: s0@group-469FBF65F7A7 is not in [RUNNING]: current state is CLOSED
2022-09-20 10:13:05,254 [s1@group-469FBF65F7A7-LeaderElection73] INFO  impl.LeaderElection (LeaderElection.java:logAndReturn(89)) - s1@group-469FBF65F7A7-LeaderElection73: PRE_VOTE REJECTED received 0 response(s) and 2 exception(s):
2022-09-20 10:13:05,254 [s1@group-469FBF65F7A7-LeaderElection73] INFO  impl.LeaderElection (LogUtils.java:infoOrTrace(137)) -   Exception 0: java.util.concurrent.ExecutionException: org.apache.ratis.thirdparty.io.grpc.StatusRuntimeException: INTERNAL: s2@group-469FBF65F7A7 is not in [RUNNING]: current state is CLOSED
2022-09-20 10:13:05,254 [s1@group-469FBF65F7A7-LeaderElection73] INFO  impl.LeaderElection (LogUtils.java:infoOrTrace(137)) -   Exception 1: java.util.concurrent.ExecutionException: org.apache.ratis.thirdparty.io.grpc.StatusRuntimeException: INTERNAL: s0@group-469FBF65F7A7 is not in [RUNNING]: current state is CLOSED
2022-09-20 10:13:05,254 [s1@group-469FBF65F7A7-LeaderElection73] INFO  impl.LeaderElection (LeaderElection.java:askForVotes(310)) - s1@group-469FBF65F7A7-LeaderElection73 PRE_VOTE round 0: result REJECTED
2022-09-20 10:13:05,255 [s1@group-469FBF65F7A7-LeaderElection73] INFO  server.RaftServer$Division (RaftServerImpl.java:setRole(317)) - s1@group-469FBF65F7A7: changes role from CANDIDATE to FOLLOWER at term 2 for REJECTED
2022-09-20 10:13:05,255 [s1@group-469FBF65F7A7-LeaderElection73] INFO  impl.RoleInfo (RoleInfo.java:shutdownLeaderElection(130)) - s1: shutdown s1@group-469FBF65F7A7-LeaderElection73
2022-09-20 10:13:05,255 [s1@group-469FBF65F7A7-LeaderElection73] INFO  impl.RoleInfo (RoleInfo.java:updateAndGet(139)) - s1: start s1@group-469FBF65F7A7-FollowerState
2022-09-20 10:13:05,332 [null-request--thread1] INFO  server.GrpcClientProtocolService (GrpcClientProtocolService.java:lambda$processClientRequest$0(284)) - Failed RaftClientRequest:client-76B04C62A16F->s1@group-469FBF65F7A7, cid=451, seq=0, RW, Message:6d3635, reply=RaftClientReply:client-76B04C62A16F->s1@group-469FBF65F7A7, cid=451, FAILED org.apache.ratis.protocol.exceptions.NotLeaderException: Server s1@group-469FBF65F7A7 is not the leader, logIndex=0, commits[s1:c133, s0:c130, s2:c133]
2022-09-20 10:13:05,422 [s1@group-469FBF65F7A7-FollowerState] INFO  impl.FollowerState (FollowerState.java:run(141)) - s1@group-469FBF65F7A7-FollowerState: change to CANDIDATE, lastRpcElapsedTime:167381738ns, electionTimeout:166ms
2022-09-20 10:13:05,422 [s1@group-469FBF65F7A7-FollowerState] INFO  impl.RoleInfo (RoleInfo.java:shutdownFollowerState(110)) - s1: shutdown s1@group-469FBF65F7A7-FollowerState
2022-09-20 10:13:05,422 [s1@group-469FBF65F7A7-FollowerState] INFO  server.RaftServer$Division (RaftServerImpl.java:setRole(317)) - s1@group-469FBF65F7A7: changes role from  FOLLOWER to CANDIDATE at term 2 for changeToCandidate
2022-09-20 10:13:05,422 [s1@group-469FBF65F7A7-FollowerState] INFO  server.RaftServerConfigKeys (ConfUtils.java:logGet(46)) - raft.server.leaderelection.pre-vote = true (default)
2022-09-20 10:13:05,422 [s1@group-469FBF65F7A7-FollowerState] INFO  impl.RoleInfo (RoleInfo.java:updateAndGet(139)) - s1: start s1@group-469FBF65F7A7-LeaderElection74
2022-09-20 10:13:05,423 [s1@group-469FBF65F7A7-LeaderElection74] INFO  impl.LeaderElection (LeaderElection.java:askForVotes(308)) - s1@group-469FBF65F7A7-LeaderElection74 PRE_VOTE round 0: submit vote requests at term 2 for 133: peers:[s0|rpc:localhost:39281|admin:localhost:38455|client:localhost:36053|dataStream:localhost:45769|priority:0|startupRole:FOLLOWER, s1|rpc:localhost:46849|admin:localhost:41515|client:localhost:39119|dataStream:localhost:41703|priority:0|startupRole:FOLLOWER, s2|rpc:localhost:35167|admin:localhost:44965|client:localhost:40979|dataStream:localhost:34151|priority:0|startupRole:FOLLOWER]|listeners:[], old=null
2022-09-20 10:13:05,424 [grpc-default-executor-8] INFO  server.RaftServer$Division (RaftServerImpl.java:requestVote(1281)) - s0@group-469FBF65F7A7: receive requestVote(PRE_VOTE, s1, group-469FBF65F7A7, 2, (t:2, i:134))
2022-09-20 10:13:05,424 [grpc-default-executor-8] WARN  server.GrpcServerProtocolService (LogUtils.java:warn(122)) - s0: Failed requestVote s1->s0#0: org.apache.ratis.protocol.exceptions.ServerNotReadyException: s0@group-469FBF65F7A7 is not in [RUNNING]: current state is CLOSED
2022-09-20 10:13:05,425 [grpc-default-executor-8] INFO  server.RaftServer$Division (RaftServerImpl.java:requestVote(1281)) - s2@group-469FBF65F7A7: receive requestVote(PRE_VOTE, s1, group-469FBF65F7A7, 2, (t:2, i:134))
2022-09-20 10:13:05,425 [s1@group-469FBF65F7A7-LeaderElection74] INFO  impl.LeaderElection (LogUtils.java:infoOrTrace(137)) - s1@group-469FBF65F7A7-LeaderElection74 got exception when requesting votes: java.util.concurrent.ExecutionException: org.apache.ratis.thirdparty.io.grpc.StatusRuntimeException: INTERNAL: s0@group-469FBF65F7A7 is not in [RUNNING]: current state is CLOSED
2022-09-20 10:13:05,425 [grpc-default-executor-8] WARN  server.GrpcServerProtocolService (LogUtils.java:warn(122)) - s2: Failed requestVote s1->s2#0: org.apache.ratis.protocol.exceptions.ServerNotReadyException: s2@group-469FBF65F7A7 is not in [RUNNING]: current state is CLOSED
2022-09-20 10:13:05,426 [s1@group-469FBF65F7A7-LeaderElection74] INFO  impl.LeaderElection (LogUtils.java:infoOrTrace(137)) - s1@group-469FBF65F7A7-LeaderElection74 got exception when requesting votes: java.util.concurrent.ExecutionException: org.apache.ratis.thirdparty.io.grpc.StatusRuntimeException: INTERNAL: s2@group-469FBF65F7A7 is not in [RUNNING]: current state is CLOSED
2022-09-20 10:13:05,426 [s1@group-469FBF65F7A7-LeaderElection74] INFO  impl.LeaderElection (LeaderElection.java:logAndReturn(89)) - s1@group-469FBF65F7A7-LeaderElection74: PRE_VOTE REJECTED received 0 response(s) and 2 exception(s):
2022-09-20 10:13:05,426 [s1@group-469FBF65F7A7-LeaderElection74] INFO  impl.LeaderElection (LogUtils.java:infoOrTrace(137)) -   Exception 0: java.util.concurrent.ExecutionException: org.apache.ratis.thirdparty.io.grpc.StatusRuntimeException: INTERNAL: s0@group-469FBF65F7A7 is not in [RUNNING]: current state is CLOSED
2022-09-20 10:13:05,426 [s1@group-469FBF65F7A7-LeaderElection74] INFO  impl.LeaderElection (LogUtils.java:infoOrTrace(137)) -   Exception 1: java.util.concurrent.ExecutionException: org.apache.ratis.thirdparty.io.grpc.StatusRuntimeException: INTERNAL: s2@group-469FBF65F7A7 is not in [RUNNING]: current state is CLOSED
2022-09-20 10:13:05,426 [s1@group-469FBF65F7A7-LeaderElection74] INFO  impl.LeaderElection (LeaderElection.java:askForVotes(310)) - s1@group-469FBF65F7A7-LeaderElection74 PRE_VOTE round 0: result REJECTED
2022-09-20 10:13:05,426 [s1@group-469FBF65F7A7-LeaderElection74] INFO  server.RaftServer$Division (RaftServerImpl.java:setRole(317)) - s1@group-469FBF65F7A7: changes role from CANDIDATE to FOLLOWER at term 2 for REJECTED
2022-09-20 10:13:05,426 [s1@group-469FBF65F7A7-LeaderElection74] INFO  impl.RoleInfo (RoleInfo.java:shutdownLeaderElection(130)) - s1: shutdown s1@group-469FBF65F7A7-LeaderElection74
2022-09-20 10:13:05,426 [s1@group-469FBF65F7A7-LeaderElection74] INFO  impl.RoleInfo (RoleInfo.java:updateAndGet(139)) - s1: start s1@group-469FBF65F7A7-FollowerState
2022-09-20 10:13:05,606 [s1@group-469FBF65F7A7-FollowerState] INFO  impl.FollowerState (FollowerState.java:run(141)) - s1@group-469FBF65F7A7-FollowerState: change to CANDIDATE, lastRpcElapsedTime:179779256ns, electionTimeout:179ms
2022-09-20 10:13:05,606 [s1@group-469FBF65F7A7-FollowerState] INFO  impl.RoleInfo (RoleInfo.java:shutdownFollowerState(110)) - s1: shutdown s1@group-469FBF65F7A7-FollowerState
2022-09-20 10:13:05,606 [s1@group-469FBF65F7A7-FollowerState] INFO  server.RaftServer$Division (RaftServerImpl.java:setRole(317)) - s1@group-469FBF65F7A7: changes role from  FOLLOWER to CANDIDATE at term 2 for changeToCandidate
2022-09-20 10:13:05,606 [s1@group-469FBF65F7A7-FollowerState] INFO  server.RaftServerConfigKeys (ConfUtils.java:logGet(46)) - raft.server.leaderelection.pre-vote = true (default)
2022-09-20 10:13:05,606 [s1@group-469FBF65F7A7-FollowerState] INFO  impl.RoleInfo (RoleInfo.java:updateAndGet(139)) - s1: start s1@group-469FBF65F7A7-LeaderElection75
2022-09-20 10:13:05,607 [s1@group-469FBF65F7A7-LeaderElection75] INFO  impl.LeaderElection (LeaderElection.java:askForVotes(308)) - s1@group-469FBF65F7A7-LeaderElection75 PRE_VOTE round 0: submit vote requests at term 2 for 133: peers:[s0|rpc:localhost:39281|admin:localhost:38455|client:localhost:36053|dataStream:localhost:45769|priority:0|startupRole:FOLLOWER, s1|rpc:localhost:46849|admin:localhost:41515|client:localhost:39119|dataStream:localhost:41703|priority:0|startupRole:FOLLOWER, s2|rpc:localhost:35167|admin:localhost:44965|client:localhost:40979|dataStream:localhost:34151|priority:0|startupRole:FOLLOWER]|listeners:[], old=null
2022-09-20 10:13:05,608 [grpc-default-executor-0] INFO  server.RaftServer$Division (RaftServerImpl.java:requestVote(1281)) - s0@group-469FBF65F7A7: receive requestVote(PRE_VOTE, s1, group-469FBF65F7A7, 2, (t:2, i:134))
2022-09-20 10:13:05,608 [grpc-default-executor-8] INFO  server.RaftServer$Division (RaftServerImpl.java:requestVote(1281)) - s2@group-469FBF65F7A7: receive requestVote(PRE_VOTE, s1, group-469FBF65F7A7, 2, (t:2, i:134))
2022-09-20 10:13:05,608 [grpc-default-executor-0] WARN  server.GrpcServerProtocolService (LogUtils.java:warn(122)) - s0: Failed requestVote s1->s0#0: org.apache.ratis.protocol.exceptions.ServerNotReadyException: s0@group-469FBF65F7A7 is not in [RUNNING]: current state is CLOSED
2022-09-20 10:13:05,608 [grpc-default-executor-8] WARN  server.GrpcServerProtocolService (LogUtils.java:warn(122)) - s2: Failed requestVote s1->s2#0: org.apache.ratis.protocol.exceptions.ServerNotReadyException: s2@group-469FBF65F7A7 is not in [RUNNING]: current state is CLOSED
2022-09-20 10:13:05,609 [s1@group-469FBF65F7A7-LeaderElection75] INFO  impl.LeaderElection (LogUtils.java:infoOrTrace(137)) - s1@group-469FBF65F7A7-LeaderElection75 got exception when requesting votes: java.util.concurrent.ExecutionException: org.apache.ratis.thirdparty.io.grpc.StatusRuntimeException: INTERNAL: s0@group-469FBF65F7A7 is not in [RUNNING]: current state is CLOSED
2022-09-20 10:13:05,609 [s1@group-469FBF65F7A7-LeaderElection75] INFO  impl.LeaderElection (LogUtils.java:infoOrTrace(137)) - s1@group-469FBF65F7A7-LeaderElection75 got exception when requesting votes: java.util.concurrent.ExecutionException: org.apache.ratis.thirdparty.io.grpc.StatusRuntimeException: INTERNAL: s2@group-469FBF65F7A7 is not in [RUNNING]: current state is CLOSED
2022-09-20 10:13:05,609 [s1@group-469FBF65F7A7-LeaderElection75] INFO  impl.LeaderElection (LeaderElection.java:logAndReturn(89)) - s1@group-469FBF65F7A7-LeaderElection75: PRE_VOTE REJECTED received 0 response(s) and 2 exception(s):
2022-09-20 10:13:05,609 [s1@group-469FBF65F7A7-LeaderElection75] INFO  impl.LeaderElection (LogUtils.java:infoOrTrace(137)) -   Exception 0: java.util.concurrent.ExecutionException: org.apache.ratis.thirdparty.io.grpc.StatusRuntimeException: INTERNAL: s0@group-469FBF65F7A7 is not in [RUNNING]: current state is CLOSED
2022-09-20 10:13:05,609 [s1@group-469FBF65F7A7-LeaderElection75] INFO  impl.LeaderElection (LogUtils.java:infoOrTrace(137)) -   Exception 1: java.util.concurrent.ExecutionException: org.apache.ratis.thirdparty.io.grpc.StatusRuntimeException: INTERNAL: s2@group-469FBF65F7A7 is not in [RUNNING]: current state is CLOSED
2022-09-20 10:13:05,609 [s1@group-469FBF65F7A7-LeaderElection75] INFO  impl.LeaderElection (LeaderElection.java:askForVotes(310)) - s1@group-469FBF65F7A7-LeaderElection75 PRE_VOTE round 0: result REJECTED
2022-09-20 10:13:05,609 [s1@group-469FBF65F7A7-LeaderElection75] INFO  server.RaftServer$Division (RaftServerImpl.java:setRole(317)) - s1@group-469FBF65F7A7: changes role from CANDIDATE to FOLLOWER at term 2 for REJECTED
2022-09-20 10:13:05,609 [s1@group-469FBF65F7A7-LeaderElection75] INFO  impl.RoleInfo (RoleInfo.java:shutdownLeaderElection(130)) - s1: shutdown s1@group-469FBF65F7A7-LeaderElection75
2022-09-20 10:13:05,609 [s1@group-469FBF65F7A7-LeaderElection75] INFO  impl.RoleInfo (RoleInfo.java:updateAndGet(139)) - s1: start s1@group-469FBF65F7A7-FollowerState
2022-09-20 10:13:05,768 [s1@group-469FBF65F7A7-FollowerState] INFO  impl.FollowerState (FollowerState.java:run(141)) - s1@group-469FBF65F7A7-FollowerState: change to CANDIDATE, lastRpcElapsedTime:158445481ns, electionTimeout:158ms
2022-09-20 10:13:05,768 [s1@group-469FBF65F7A7-FollowerState] INFO  impl.RoleInfo (RoleInfo.java:shutdownFollowerState(110)) - s1: shutdown s1@group-469FBF65F7A7-FollowerState
2022-09-20 10:13:05,768 [s1@group-469FBF65F7A7-FollowerState] INFO  server.RaftServer$Division (RaftServerImpl.java:setRole(317)) - s1@group-469FBF65F7A7: changes role from  FOLLOWER to CANDIDATE at term 2 for changeToCandidate
2022-09-20 10:13:05,768 [s1@group-469FBF65F7A7-FollowerState] INFO  server.RaftServerConfigKeys (ConfUtils.java:logGet(46)) - raft.server.leaderelection.pre-vote = true (default)
2022-09-20 10:13:05,768 [s1@group-469FBF65F7A7-FollowerState] INFO  impl.RoleInfo (RoleInfo.java:updateAndGet(139)) - s1: start s1@group-469FBF65F7A7-LeaderElection76
2022-09-20 10:13:05,768 [s1@group-469FBF65F7A7-LeaderElection76] INFO  impl.LeaderElection (LeaderElection.java:askForVotes(308)) - s1@group-469FBF65F7A7-LeaderElection76 PRE_VOTE round 0: submit vote requests at term 2 for 133: peers:[s0|rpc:localhost:39281|admin:localhost:38455|client:localhost:36053|dataStream:localhost:45769|priority:0|startupRole:FOLLOWER, s1|rpc:localhost:46849|admin:localhost:41515|client:localhost:39119|dataStream:localhost:41703|priority:0|startupRole:FOLLOWER, s2|rpc:localhost:35167|admin:localhost:44965|client:localhost:40979|dataStream:localhost:34151|priority:0|startupRole:FOLLOWER]|listeners:[], old=null
2022-09-20 10:13:05,770 [grpc-default-executor-8] INFO  server.RaftServer$Division (RaftServerImpl.java:requestVote(1281)) - s2@group-469FBF65F7A7: receive requestVote(PRE_VOTE, s1, group-469FBF65F7A7, 2, (t:2, i:134))
2022-09-20 10:13:05,770 [grpc-default-executor-8] WARN  server.GrpcServerProtocolService (LogUtils.java:warn(122)) - s2: Failed requestVote s1->s2#0: org.apache.ratis.protocol.exceptions.ServerNotReadyException: s2@group-469FBF65F7A7 is not in [RUNNING]: current state is CLOSED
2022-09-20 10:13:05,770 [grpc-default-executor-5] INFO  server.RaftServer$Division (RaftServerImpl.java:requestVote(1281)) - s0@group-469FBF65F7A7: receive requestVote(PRE_VOTE, s1, group-469FBF65F7A7, 2, (t:2, i:134))
2022-09-20 10:13:05,770 [grpc-default-executor-5] WARN  server.GrpcServerProtocolService (LogUtils.java:warn(122)) - s0: Failed requestVote s1->s0#0: org.apache.ratis.protocol.exceptions.ServerNotReadyException: s0@group-469FBF65F7A7 is not in [RUNNING]: current state is CLOSED
2022-09-20 10:13:05,770 [s1@group-469FBF65F7A7-LeaderElection76] INFO  impl.LeaderElection (LogUtils.java:infoOrTrace(137)) - s1@group-469FBF65F7A7-LeaderElection76 got exception when requesting votes: java.util.concurrent.ExecutionException: org.apache.ratis.thirdparty.io.grpc.StatusRuntimeException: INTERNAL: s2@group-469FBF65F7A7 is not in [RUNNING]: current state is CLOSED
2022-09-20 10:13:05,770 [s1@group-469FBF65F7A7-LeaderElection76] INFO  impl.LeaderElection (LogUtils.java:infoOrTrace(137)) - s1@group-469FBF65F7A7-LeaderElection76 got exception when requesting votes: java.util.concurrent.ExecutionException: org.apache.ratis.thirdparty.io.grpc.StatusRuntimeException: INTERNAL: s0@group-469FBF65F7A7 is not in [RUNNING]: current state is CLOSED
2022-09-20 10:13:05,771 [s1@group-469FBF65F7A7-LeaderElection76] INFO  impl.LeaderElection (LeaderElection.java:logAndReturn(89)) - s1@group-469FBF65F7A7-LeaderElection76: PRE_VOTE REJECTED received 0 response(s) and 2 exception(s):
2022-09-20 10:13:05,771 [s1@group-469FBF65F7A7-LeaderElection76] INFO  impl.LeaderElection (LogUtils.java:infoOrTrace(137)) -   Exception 0: java.util.concurrent.ExecutionException: org.apache.ratis.thirdparty.io.grpc.StatusRuntimeException: INTERNAL: s2@group-469FBF65F7A7 is not in [RUNNING]: current state is CLOSED
2022-09-20 10:13:05,771 [s1@group-469FBF65F7A7-LeaderElection76] INFO  impl.LeaderElection (LogUtils.java:infoOrTrace(137)) -   Exception 1: java.util.concurrent.ExecutionException: org.apache.ratis.thirdparty.io.grpc.StatusRuntimeException: INTERNAL: s0@group-469FBF65F7A7 is not in [RUNNING]: current state is CLOSED
2022-09-20 10:13:05,771 [s1@group-469FBF65F7A7-LeaderElection76] INFO  impl.LeaderElection (LeaderElection.java:askForVotes(310)) - s1@group-469FBF65F7A7-LeaderElection76 PRE_VOTE round 0: result REJECTED
2022-09-20 10:13:05,771 [s1@group-469FBF65F7A7-LeaderElection76] INFO  server.RaftServer$Division (RaftServerImpl.java:setRole(317)) - s1@group-469FBF65F7A7: changes role from CANDIDATE to FOLLOWER at term 2 for REJECTED
2022-09-20 10:13:05,771 [s1@group-469FBF65F7A7-LeaderElection76] INFO  impl.RoleInfo (RoleInfo.java:shutdownLeaderElection(130)) - s1: shutdown s1@group-469FBF65F7A7-LeaderElection76
2022-09-20 10:13:05,771 [s1@group-469FBF65F7A7-LeaderElection76] INFO  impl.RoleInfo (RoleInfo.java:updateAndGet(139)) - s1: start s1@group-469FBF65F7A7-FollowerState
2022-09-20 10:13:05,994 [s1@group-469FBF65F7A7-FollowerState] INFO  impl.FollowerState (FollowerState.java:run(141)) - s1@group-469FBF65F7A7-FollowerState: change to CANDIDATE, lastRpcElapsedTime:223441122ns, electionTimeout:223ms
2022-09-20 10:13:05,994 [s1@group-469FBF65F7A7-FollowerState] INFO  impl.RoleInfo (RoleInfo.java:shutdownFollowerState(110)) - s1: shutdown s1@group-469FBF65F7A7-FollowerState
2022-09-20 10:13:05,994 [s1@group-469FBF65F7A7-FollowerState] INFO  server.RaftServer$Division (RaftServerImpl.java:setRole(317)) - s1@group-469FBF65F7A7: changes role from  FOLLOWER to CANDIDATE at term 2 for changeToCandidate
2022-09-20 10:13:05,994 [s1@group-469FBF65F7A7-FollowerState] INFO  server.RaftServerConfigKeys (ConfUtils.java:logGet(46)) - raft.server.leaderelection.pre-vote = true (default)
2022-09-20 10:13:05,994 [s1@group-469FBF65F7A7-FollowerState] INFO  impl.RoleInfo (RoleInfo.java:updateAndGet(139)) - s1: start s1@group-469FBF65F7A7-LeaderElection77
2022-09-20 10:13:05,995 [s1@group-469FBF65F7A7-LeaderElection77] INFO  impl.LeaderElection (LeaderElection.java:askForVotes(308)) - s1@group-469FBF65F7A7-LeaderElection77 PRE_VOTE round 0: submit vote requests at term 2 for 133: peers:[s0|rpc:localhost:39281|admin:localhost:38455|client:localhost:36053|dataStream:localhost:45769|priority:0|startupRole:FOLLOWER, s1|rpc:localhost:46849|admin:localhost:41515|client:localhost:39119|dataStream:localhost:41703|priority:0|startupRole:FOLLOWER, s2|rpc:localhost:35167|admin:localhost:44965|client:localhost:40979|dataStream:localhost:34151|priority:0|startupRole:FOLLOWER]|listeners:[], old=null
2022-09-20 10:13:05,996 [grpc-default-executor-5] INFO  server.RaftServer$Division (RaftServerImpl.java:requestVote(1281)) - s0@group-469FBF65F7A7: receive requestVote(PRE_VOTE, s1, group-469FBF65F7A7, 2, (t:2, i:134))
2022-09-20 10:13:05,996 [grpc-default-executor-5] WARN  server.GrpcServerProtocolService (LogUtils.java:warn(122)) - s0: Failed requestVote s1->s0#0: org.apache.ratis.protocol.exceptions.ServerNotReadyException: s0@group-469FBF65F7A7 is not in [RUNNING]: current state is CLOSED
2022-09-20 10:13:05,997 [s1@group-469FBF65F7A7-LeaderElection77] INFO  impl.LeaderElection (LogUtils.java:infoOrTrace(137)) - s1@group-469FBF65F7A7-LeaderElection77 got exception when requesting votes: java.util.concurrent.ExecutionException: org.apache.ratis.thirdparty.io.grpc.StatusRuntimeException: INTERNAL: s0@group-469FBF65F7A7 is not in [RUNNING]: current state is CLOSED
2022-09-20 10:13:05,999 [grpc-default-executor-5] INFO  server.RaftServer$Division (RaftServerImpl.java:requestVote(1281)) - s2@group-469FBF65F7A7: receive requestVote(PRE_VOTE, s1, group-469FBF65F7A7, 2, (t:2, i:134))
2022-09-20 10:13:05,999 [grpc-default-executor-5] WARN  server.GrpcServerProtocolService (LogUtils.java:warn(122)) - s2: Failed requestVote s1->s2#0: org.apache.ratis.protocol.exceptions.ServerNotReadyException: s2@group-469FBF65F7A7 is not in [RUNNING]: current state is CLOSED
2022-09-20 10:13:06,000 [s1@group-469FBF65F7A7-LeaderElection77] INFO  impl.LeaderElection (LogUtils.java:infoOrTrace(137)) - s1@group-469FBF65F7A7-LeaderElection77 got exception when requesting votes: java.util.concurrent.ExecutionException: org.apache.ratis.thirdparty.io.grpc.StatusRuntimeException: INTERNAL: s2@group-469FBF65F7A7 is not in [RUNNING]: current state is CLOSED
2022-09-20 10:13:06,000 [s1@group-469FBF65F7A7-LeaderElection77] INFO  impl.LeaderElection (LeaderElection.java:logAndReturn(89)) - s1@group-469FBF65F7A7-LeaderElection77: PRE_VOTE REJECTED received 0 response(s) and 2 exception(s):
2022-09-20 10:13:06,000 [s1@group-469FBF65F7A7-LeaderElection77] INFO  impl.LeaderElection (LogUtils.java:infoOrTrace(137)) -   Exception 0: java.util.concurrent.ExecutionException: org.apache.ratis.thirdparty.io.grpc.StatusRuntimeException: INTERNAL: s0@group-469FBF65F7A7 is not in [RUNNING]: current state is CLOSED
2022-09-20 10:13:06,000 [s1@group-469FBF65F7A7-LeaderElection77] INFO  impl.LeaderElection (LogUtils.java:infoOrTrace(137)) -   Exception 1: java.util.concurrent.ExecutionException: org.apache.ratis.thirdparty.io.grpc.StatusRuntimeException: INTERNAL: s2@group-469FBF65F7A7 is not in [RUNNING]: current state is CLOSED
2022-09-20 10:13:06,000 [s1@group-469FBF65F7A7-LeaderElection77] INFO  impl.LeaderElection (LeaderElection.java:askForVotes(310)) - s1@group-469FBF65F7A7-LeaderElection77 PRE_VOTE round 0: result REJECTED
2022-09-20 10:13:06,000 [s1@group-469FBF65F7A7-LeaderElection77] INFO  server.RaftServer$Division (RaftServerImpl.java:setRole(317)) - s1@group-469FBF65F7A7: changes role from CANDIDATE to FOLLOWER at term 2 for REJECTED
2022-09-20 10:13:06,000 [s1@group-469FBF65F7A7-LeaderElection77] INFO  impl.RoleInfo (RoleInfo.java:shutdownLeaderElection(130)) - s1: shutdown s1@group-469FBF65F7A7-LeaderElection77
2022-09-20 10:13:06,000 [s1@group-469FBF65F7A7-LeaderElection77] INFO  impl.RoleInfo (RoleInfo.java:updateAndGet(139)) - s1: start s1@group-469FBF65F7A7-FollowerState
2022-09-20 10:13:06,075 [null-request--thread1] INFO  server.GrpcClientProtocolService (GrpcClientProtocolService.java:lambda$processClientRequest$0(284)) - Failed RaftClientRequest:client-76B04C62A16F->s1@group-469FBF65F7A7, cid=451, seq=0, RW, Message:6d3635, reply=RaftClientReply:client-76B04C62A16F->s1@group-469FBF65F7A7, cid=451, FAILED org.apache.ratis.protocol.exceptions.NotLeaderException: Server s1@group-469FBF65F7A7 is not the leader, logIndex=0, commits[s1:c133, s0:c130, s2:c133]
2022-09-20 10:13:06,217 [s1@group-469FBF65F7A7-FollowerState] INFO  impl.FollowerState (FollowerState.java:run(141)) - s1@group-469FBF65F7A7-FollowerState: change to CANDIDATE, lastRpcElapsedTime:216666203ns, electionTimeout:216ms
2022-09-20 10:13:06,217 [s1@group-469FBF65F7A7-FollowerState] INFO  impl.RoleInfo (RoleInfo.java:shutdownFollowerState(110)) - s1: shutdown s1@group-469FBF65F7A7-FollowerState
2022-09-20 10:13:06,217 [s1@group-469FBF65F7A7-FollowerState] INFO  server.RaftServer$Division (RaftServerImpl.java:setRole(317)) - s1@group-469FBF65F7A7: changes role from  FOLLOWER to CANDIDATE at term 2 for changeToCandidate
2022-09-20 10:13:06,217 [s1@group-469FBF65F7A7-FollowerState] INFO  server.RaftServerConfigKeys (ConfUtils.java:logGet(46)) - raft.server.leaderelection.pre-vote = true (default)
2022-09-20 10:13:06,217 [s1@group-469FBF65F7A7-FollowerState] INFO  impl.RoleInfo (RoleInfo.java:updateAndGet(139)) - s1: start s1@group-469FBF65F7A7-LeaderElection78
2022-09-20 10:13:06,217 [s1@group-469FBF65F7A7-LeaderElection78] INFO  impl.LeaderElection (LeaderElection.java:askForVotes(308)) - s1@group-469FBF65F7A7-LeaderElection78 PRE_VOTE round 0: submit vote requests at term 2 for 133: peers:[s0|rpc:localhost:39281|admin:localhost:38455|client:localhost:36053|dataStream:localhost:45769|priority:0|startupRole:FOLLOWER, s1|rpc:localhost:46849|admin:localhost:41515|client:localhost:39119|dataStream:localhost:41703|priority:0|startupRole:FOLLOWER, s2|rpc:localhost:35167|admin:localhost:44965|client:localhost:40979|dataStream:localhost:34151|priority:0|startupRole:FOLLOWER]|listeners:[], old=null
2022-09-20 10:13:06,219 [grpc-default-executor-0] INFO  server.RaftServer$Division (RaftServerImpl.java:requestVote(1281)) - s0@group-469FBF65F7A7: receive requestVote(PRE_VOTE, s1, group-469FBF65F7A7, 2, (t:2, i:134))
2022-09-20 10:13:06,219 [grpc-default-executor-0] WARN  server.GrpcServerProtocolService (LogUtils.java:warn(122)) - s0: Failed requestVote s1->s0#0: org.apache.ratis.protocol.exceptions.ServerNotReadyException: s0@group-469FBF65F7A7 is not in [RUNNING]: current state is CLOSED
2022-09-20 10:13:06,220 [s1@group-469FBF65F7A7-LeaderElection78] INFO  impl.LeaderElection (LogUtils.java:infoOrTrace(137)) - s1@group-469FBF65F7A7-LeaderElection78 got exception when requesting votes: java.util.concurrent.ExecutionException: org.apache.ratis.thirdparty.io.grpc.StatusRuntimeException: INTERNAL: s0@group-469FBF65F7A7 is not in [RUNNING]: current state is CLOSED
2022-09-20 10:13:06,220 [grpc-default-executor-5] INFO  server.RaftServer$Division (RaftServerImpl.java:requestVote(1281)) - s2@group-469FBF65F7A7: receive requestVote(PRE_VOTE, s1, group-469FBF65F7A7, 2, (t:2, i:134))
2022-09-20 10:13:06,220 [grpc-default-executor-5] WARN  server.GrpcServerProtocolService (LogUtils.java:warn(122)) - s2: Failed requestVote s1->s2#0: org.apache.ratis.protocol.exceptions.ServerNotReadyException: s2@group-469FBF65F7A7 is not in [RUNNING]: current state is CLOSED
2022-09-20 10:13:06,220 [s1@group-469FBF65F7A7-LeaderElection78] INFO  impl.LeaderElection (LogUtils.java:infoOrTrace(137)) - s1@group-469FBF65F7A7-LeaderElection78 got exception when requesting votes: java.util.concurrent.ExecutionException: org.apache.ratis.thirdparty.io.grpc.StatusRuntimeException: INTERNAL: s2@group-469FBF65F7A7 is not in [RUNNING]: current state is CLOSED
2022-09-20 10:13:06,220 [s1@group-469FBF65F7A7-LeaderElection78] INFO  impl.LeaderElection (LeaderElection.java:logAndReturn(89)) - s1@group-469FBF65F7A7-LeaderElection78: PRE_VOTE REJECTED received 0 response(s) and 2 exception(s):
2022-09-20 10:13:06,221 [s1@group-469FBF65F7A7-LeaderElection78] INFO  impl.LeaderElection (LogUtils.java:infoOrTrace(137)) -   Exception 0: java.util.concurrent.ExecutionException: org.apache.ratis.thirdparty.io.grpc.StatusRuntimeException: INTERNAL: s0@group-469FBF65F7A7 is not in [RUNNING]: current state is CLOSED
2022-09-20 10:13:06,221 [s1@group-469FBF65F7A7-LeaderElection78] INFO  impl.LeaderElection (LogUtils.java:infoOrTrace(137)) -   Exception 1: java.util.concurrent.ExecutionException: org.apache.ratis.thirdparty.io.grpc.StatusRuntimeException: INTERNAL: s2@group-469FBF65F7A7 is not in [RUNNING]: current state is CLOSED
2022-09-20 10:13:06,221 [s1@group-469FBF65F7A7-LeaderElection78] INFO  impl.LeaderElection (LeaderElection.java:askForVotes(310)) - s1@group-469FBF65F7A7-LeaderElection78 PRE_VOTE round 0: result REJECTED
2022-09-20 10:13:06,221 [s1@group-469FBF65F7A7-LeaderElection78] INFO  server.RaftServer$Division (RaftServerImpl.java:setRole(317)) - s1@group-469FBF65F7A7: changes role from CANDIDATE to FOLLOWER at term 2 for REJECTED
2022-09-20 10:13:06,221 [s1@group-469FBF65F7A7-LeaderElection78] INFO  impl.RoleInfo (RoleInfo.java:shutdownLeaderElection(130)) - s1: shutdown s1@group-469FBF65F7A7-LeaderElection78
2022-09-20 10:13:06,221 [s1@group-469FBF65F7A7-LeaderElection78] INFO  impl.RoleInfo (RoleInfo.java:updateAndGet(139)) - s1: start s1@group-469FBF65F7A7-FollowerState
2022-09-20 10:13:06,372 [s1@group-469FBF65F7A7-FollowerState] INFO  impl.FollowerState (FollowerState.java:run(141)) - s1@group-469FBF65F7A7-FollowerState: change to CANDIDATE, lastRpcElapsedTime:151584660ns, electionTimeout:151ms
2022-09-20 10:13:06,372 [s1@group-469FBF65F7A7-FollowerState] INFO  impl.RoleInfo (RoleInfo.java:shutdownFollowerState(110)) - s1: shutdown s1@group-469FBF65F7A7-FollowerState
2022-09-20 10:13:06,372 [s1@group-469FBF65F7A7-FollowerState] INFO  server.RaftServer$Division (RaftServerImpl.java:setRole(317)) - s1@group-469FBF65F7A7: changes role from  FOLLOWER to CANDIDATE at term 2 for changeToCandidate
2022-09-20 10:13:06,373 [s1@group-469FBF65F7A7-FollowerState] INFO  server.RaftServerConfigKeys (ConfUtils.java:logGet(46)) - raft.server.leaderelection.pre-vote = true (default)
2022-09-20 10:13:06,373 [s1@group-469FBF65F7A7-FollowerState] INFO  impl.RoleInfo (RoleInfo.java:updateAndGet(139)) - s1: start s1@group-469FBF65F7A7-LeaderElection79
2022-09-20 10:13:06,373 [s1@group-469FBF65F7A7-LeaderElection79] INFO  impl.LeaderElection (LeaderElection.java:askForVotes(308)) - s1@group-469FBF65F7A7-LeaderElection79 PRE_VOTE round 0: submit vote requests at term 2 for 133: peers:[s0|rpc:localhost:39281|admin:localhost:38455|client:localhost:36053|dataStream:localhost:45769|priority:0|startupRole:FOLLOWER, s1|rpc:localhost:46849|admin:localhost:41515|client:localhost:39119|dataStream:localhost:41703|priority:0|startupRole:FOLLOWER, s2|rpc:localhost:35167|admin:localhost:44965|client:localhost:40979|dataStream:localhost:34151|priority:0|startupRole:FOLLOWER]|listeners:[], old=null
2022-09-20 10:13:06,374 [grpc-default-executor-8] INFO  server.RaftServer$Division (RaftServerImpl.java:requestVote(1281)) - s2@group-469FBF65F7A7: receive requestVote(PRE_VOTE, s1, group-469FBF65F7A7, 2, (t:2, i:134))
2022-09-20 10:13:06,374 [grpc-default-executor-5] INFO  server.RaftServer$Division (RaftServerImpl.java:requestVote(1281)) - s0@group-469FBF65F7A7: receive requestVote(PRE_VOTE, s1, group-469FBF65F7A7, 2, (t:2, i:134))
2022-09-20 10:13:06,374 [grpc-default-executor-8] WARN  server.GrpcServerProtocolService (LogUtils.java:warn(122)) - s2: Failed requestVote s1->s2#0: org.apache.ratis.protocol.exceptions.ServerNotReadyException: s2@group-469FBF65F7A7 is not in [RUNNING]: current state is CLOSED
2022-09-20 10:13:06,374 [grpc-default-executor-5] WARN  server.GrpcServerProtocolService (LogUtils.java:warn(122)) - s0: Failed requestVote s1->s0#0: org.apache.ratis.protocol.exceptions.ServerNotReadyException: s0@group-469FBF65F7A7 is not in [RUNNING]: current state is CLOSED
2022-09-20 10:13:06,375 [s1@group-469FBF65F7A7-LeaderElection79] INFO  impl.LeaderElection (LogUtils.java:infoOrTrace(137)) - s1@group-469FBF65F7A7-LeaderElection79 got exception when requesting votes: java.util.concurrent.ExecutionException: org.apache.ratis.thirdparty.io.grpc.StatusRuntimeException: INTERNAL: s2@group-469FBF65F7A7 is not in [RUNNING]: current state is CLOSED
2022-09-20 10:13:06,375 [s1@group-469FBF65F7A7-LeaderElection79] INFO  impl.LeaderElection (LogUtils.java:infoOrTrace(137)) - s1@group-469FBF65F7A7-LeaderElection79 got exception when requesting votes: java.util.concurrent.ExecutionException: org.apache.ratis.thirdparty.io.grpc.StatusRuntimeException: INTERNAL: s0@group-469FBF65F7A7 is not in [RUNNING]: current state is CLOSED
2022-09-20 10:13:06,375 [s1@group-469FBF65F7A7-LeaderElection79] INFO  impl.LeaderElection (LeaderElection.java:logAndReturn(89)) - s1@group-469FBF65F7A7-LeaderElection79: PRE_VOTE REJECTED received 0 response(s) and 2 exception(s):
2022-09-20 10:13:06,375 [s1@group-469FBF65F7A7-LeaderElection79] INFO  impl.LeaderElection (LogUtils.java:infoOrTrace(137)) -   Exception 0: java.util.concurrent.ExecutionException: org.apache.ratis.thirdparty.io.grpc.StatusRuntimeException: INTERNAL: s2@group-469FBF65F7A7 is not in [RUNNING]: current state is CLOSED
2022-09-20 10:13:06,375 [s1@group-469FBF65F7A7-LeaderElection79] INFO  impl.LeaderElection (LogUtils.java:infoOrTrace(137)) -   Exception 1: java.util.concurrent.ExecutionException: org.apache.ratis.thirdparty.io.grpc.StatusRuntimeException: INTERNAL: s0@group-469FBF65F7A7 is not in [RUNNING]: current state is CLOSED
2022-09-20 10:13:06,375 [s1@group-469FBF65F7A7-LeaderElection79] INFO  impl.LeaderElection (LeaderElection.java:askForVotes(310)) - s1@group-469FBF65F7A7-LeaderElection79 PRE_VOTE round 0: result REJECTED
2022-09-20 10:13:06,375 [s1@group-469FBF65F7A7-LeaderElection79] INFO  server.RaftServer$Division (RaftServerImpl.java:setRole(317)) - s1@group-469FBF65F7A7: changes role from CANDIDATE to FOLLOWER at term 2 for REJECTED
2022-09-20 10:13:06,375 [s1@group-469FBF65F7A7-LeaderElection79] INFO  impl.RoleInfo (RoleInfo.java:shutdownLeaderElection(130)) - s1: shutdown s1@group-469FBF65F7A7-LeaderElection79
2022-09-20 10:13:06,375 [s1@group-469FBF65F7A7-LeaderElection79] INFO  impl.RoleInfo (RoleInfo.java:updateAndGet(139)) - s1: start s1@group-469FBF65F7A7-FollowerState
2022-09-20 10:13:06,495 [null-request--thread1] INFO  server.GrpcClientProtocolService (GrpcClientProtocolService.java:lambda$processClientRequest$0(284)) - Failed RaftClientRequest:client-76B04C62A16F->s1@group-469FBF65F7A7, cid=451, seq=0, RW, Message:6d3635, reply=RaftClientReply:client-76B04C62A16F->s1@group-469FBF65F7A7, cid=451, FAILED org.apache.ratis.protocol.exceptions.NotLeaderException: Server s1@group-469FBF65F7A7 is not the leader, logIndex=0, commits[s1:c133, s0:c130, s2:c133]
2022-09-20 10:13:06,630 [s1@group-469FBF65F7A7-FollowerState] INFO  impl.FollowerState (FollowerState.java:run(141)) - s1@group-469FBF65F7A7-FollowerState: change to CANDIDATE, lastRpcElapsedTime:254616868ns, electionTimeout:250ms
2022-09-20 10:13:06,630 [s1@group-469FBF65F7A7-FollowerState] INFO  impl.RoleInfo (RoleInfo.java:shutdownFollowerState(110)) - s1: shutdown s1@group-469FBF65F7A7-FollowerState
2022-09-20 10:13:06,630 [s1@group-469FBF65F7A7-FollowerState] INFO  server.RaftServer$Division (RaftServerImpl.java:setRole(317)) - s1@group-469FBF65F7A7: changes role from  FOLLOWER to CANDIDATE at term 2 for changeToCandidate
2022-09-20 10:13:06,630 [s1@group-469FBF65F7A7-FollowerState] INFO  server.RaftServerConfigKeys (ConfUtils.java:logGet(46)) - raft.server.leaderelection.pre-vote = true (default)
2022-09-20 10:13:06,630 [s1@group-469FBF65F7A7-FollowerState] INFO  impl.RoleInfo (RoleInfo.java:updateAndGet(139)) - s1: start s1@group-469FBF65F7A7-LeaderElection80
2022-09-20 10:13:06,631 [s1@group-469FBF65F7A7-LeaderElection80] INFO  impl.LeaderElection (LeaderElection.java:askForVotes(308)) - s1@group-469FBF65F7A7-LeaderElection80 PRE_VOTE round 0: submit vote requests at term 2 for 133: peers:[s0|rpc:localhost:39281|admin:localhost:38455|client:localhost:36053|dataStream:localhost:45769|priority:0|startupRole:FOLLOWER, s1|rpc:localhost:46849|admin:localhost:41515|client:localhost:39119|dataStream:localhost:41703|priority:0|startupRole:FOLLOWER, s2|rpc:localhost:35167|admin:localhost:44965|client:localhost:40979|dataStream:localhost:34151|priority:0|startupRole:FOLLOWER]|listeners:[], old=null
2022-09-20 10:13:06,632 [grpc-default-executor-5] INFO  server.RaftServer$Division (RaftServerImpl.java:requestVote(1281)) - s0@group-469FBF65F7A7: receive requestVote(PRE_VOTE, s1, group-469FBF65F7A7, 2, (t:2, i:134))
2022-09-20 10:13:06,632 [grpc-default-executor-0] INFO  server.RaftServer$Division (RaftServerImpl.java:requestVote(1281)) - s2@group-469FBF65F7A7: receive requestVote(PRE_VOTE, s1, group-469FBF65F7A7, 2, (t:2, i:134))
2022-09-20 10:13:06,632 [grpc-default-executor-5] WARN  server.GrpcServerProtocolService (LogUtils.java:warn(122)) - s0: Failed requestVote s1->s0#0: org.apache.ratis.protocol.exceptions.ServerNotReadyException: s0@group-469FBF65F7A7 is not in [RUNNING]: current state is CLOSED
2022-09-20 10:13:06,632 [grpc-default-executor-0] WARN  server.GrpcServerProtocolService (LogUtils.java:warn(122)) - s2: Failed requestVote s1->s2#0: org.apache.ratis.protocol.exceptions.ServerNotReadyException: s2@group-469FBF65F7A7 is not in [RUNNING]: current state is CLOSED
2022-09-20 10:13:06,633 [s1@group-469FBF65F7A7-LeaderElection80] INFO  impl.LeaderElection (LogUtils.java:infoOrTrace(137)) - s1@group-469FBF65F7A7-LeaderElection80 got exception when requesting votes: java.util.concurrent.ExecutionException: org.apache.ratis.thirdparty.io.grpc.StatusRuntimeException: INTERNAL: s0@group-469FBF65F7A7 is not in [RUNNING]: current state is CLOSED
2022-09-20 10:13:06,633 [s1@group-469FBF65F7A7-LeaderElection80] INFO  impl.LeaderElection (LogUtils.java:infoOrTrace(137)) - s1@group-469FBF65F7A7-LeaderElection80 got exception when requesting votes: java.util.concurrent.ExecutionException: org.apache.ratis.thirdparty.io.grpc.StatusRuntimeException: INTERNAL: s2@group-469FBF65F7A7 is not in [RUNNING]: current state is CLOSED
2022-09-20 10:13:06,633 [s1@group-469FBF65F7A7-LeaderElection80] INFO  impl.LeaderElection (LeaderElection.java:logAndReturn(89)) - s1@group-469FBF65F7A7-LeaderElection80: PRE_VOTE REJECTED received 0 response(s) and 2 exception(s):
2022-09-20 10:13:06,633 [s1@group-469FBF65F7A7-LeaderElection80] INFO  impl.LeaderElection (LogUtils.java:infoOrTrace(137)) -   Exception 0: java.util.concurrent.ExecutionException: org.apache.ratis.thirdparty.io.grpc.StatusRuntimeException: INTERNAL: s0@group-469FBF65F7A7 is not in [RUNNING]: current state is CLOSED
2022-09-20 10:13:06,633 [s1@group-469FBF65F7A7-LeaderElection80] INFO  impl.LeaderElection (LogUtils.java:infoOrTrace(137)) -   Exception 1: java.util.concurrent.ExecutionException: org.apache.ratis.thirdparty.io.grpc.StatusRuntimeException: INTERNAL: s2@group-469FBF65F7A7 is not in [RUNNING]: current state is CLOSED
2022-09-20 10:13:06,633 [s1@group-469FBF65F7A7-LeaderElection80] INFO  impl.LeaderElection (LeaderElection.java:askForVotes(310)) - s1@group-469FBF65F7A7-LeaderElection80 PRE_VOTE round 0: result REJECTED
2022-09-20 10:13:06,633 [s1@group-469FBF65F7A7-LeaderElection80] INFO  server.RaftServer$Division (RaftServerImpl.java:setRole(317)) - s1@group-469FBF65F7A7: changes role from CANDIDATE to FOLLOWER at term 2 for REJECTED
2022-09-20 10:13:06,633 [s1@group-469FBF65F7A7-LeaderElection80] INFO  impl.RoleInfo (RoleInfo.java:shutdownLeaderElection(130)) - s1: shutdown s1@group-469FBF65F7A7-LeaderElection80
2022-09-20 10:13:06,633 [s1@group-469FBF65F7A7-LeaderElection80] INFO  impl.RoleInfo (RoleInfo.java:updateAndGet(139)) - s1: start s1@group-469FBF65F7A7-FollowerState
2022-09-20 10:13:06,706 [null-request--thread1] INFO  server.GrpcClientProtocolService (GrpcClientProtocolService.java:lambda$processClientRequest$0(284)) - Failed RaftClientRequest:client-76B04C62A16F->s1@group-469FBF65F7A7, cid=451, seq=0, RW, Message:6d3635, reply=RaftClientReply:client-76B04C62A16F->s1@group-469FBF65F7A7, cid=451, FAILED org.apache.ratis.protocol.exceptions.NotLeaderException: Server s1@group-469FBF65F7A7 is not the leader, logIndex=0, commits[s1:c133, s0:c130, s2:c133]
2022-09-20 10:13:06,920 [null-request--thread1] INFO  server.GrpcClientProtocolService (GrpcClientProtocolService.java:lambda$processClientRequest$0(284)) - Failed RaftClientRequest:client-76B04C62A16F->s1@group-469FBF65F7A7, cid=451, seq=0, RW, Message:6d3635, reply=RaftClientReply:client-76B04C62A16F->s1@group-469FBF65F7A7, cid=451, FAILED org.apache.ratis.protocol.exceptions.NotLeaderException: Server s1@group-469FBF65F7A7 is not the leader, logIndex=0, commits[s1:c133, s0:c130, s2:c133]
2022-09-20 10:13:06,929 [s1@group-469FBF65F7A7-FollowerState] INFO  impl.FollowerState (FollowerState.java:run(141)) - s1@group-469FBF65F7A7-FollowerState: change to CANDIDATE, lastRpcElapsedTime:296468803ns, electionTimeout:296ms
2022-09-20 10:13:06,930 [s1@group-469FBF65F7A7-FollowerState] INFO  impl.RoleInfo (RoleInfo.java:shutdownFollowerState(110)) - s1: shutdown s1@group-469FBF65F7A7-FollowerState
2022-09-20 10:13:06,930 [s1@group-469FBF65F7A7-FollowerState] INFO  server.RaftServer$Division (RaftServerImpl.java:setRole(317)) - s1@group-469FBF65F7A7: changes role from  FOLLOWER to CANDIDATE at term 2 for changeToCandidate
2022-09-20 10:13:06,930 [s1@group-469FBF65F7A7-FollowerState] INFO  server.RaftServerConfigKeys (ConfUtils.java:logGet(46)) - raft.server.leaderelection.pre-vote = true (default)
2022-09-20 10:13:06,930 [s1@group-469FBF65F7A7-FollowerState] INFO  impl.RoleInfo (RoleInfo.java:updateAndGet(139)) - s1: start s1@group-469FBF65F7A7-LeaderElection81
2022-09-20 10:13:06,930 [s1@group-469FBF65F7A7-LeaderElection81] INFO  impl.LeaderElection (LeaderElection.java:askForVotes(308)) - s1@group-469FBF65F7A7-LeaderElection81 PRE_VOTE round 0: submit vote requests at term 2 for 133: peers:[s0|rpc:localhost:39281|admin:localhost:38455|client:localhost:36053|dataStream:localhost:45769|priority:0|startupRole:FOLLOWER, s1|rpc:localhost:46849|admin:localhost:41515|client:localhost:39119|dataStream:localhost:41703|priority:0|startupRole:FOLLOWER, s2|rpc:localhost:35167|admin:localhost:44965|client:localhost:40979|dataStream:localhost:34151|priority:0|startupRole:FOLLOWER]|listeners:[], old=null
2022-09-20 10:13:06,931 [grpc-default-executor-5] INFO  server.RaftServer$Division (RaftServerImpl.java:requestVote(1281)) - s2@group-469FBF65F7A7: receive requestVote(PRE_VOTE, s1, group-469FBF65F7A7, 2, (t:2, i:134))
2022-09-20 10:13:06,931 [grpc-default-executor-5] WARN  server.GrpcServerProtocolService (LogUtils.java:warn(122)) - s2: Failed requestVote s1->s2#0: org.apache.ratis.protocol.exceptions.ServerNotReadyException: s2@group-469FBF65F7A7 is not in [RUNNING]: current state is CLOSED
2022-09-20 10:13:06,932 [grpc-default-executor-8] INFO  server.RaftServer$Division (RaftServerImpl.java:requestVote(1281)) - s0@group-469FBF65F7A7: receive requestVote(PRE_VOTE, s1, group-469FBF65F7A7, 2, (t:2, i:134))
2022-09-20 10:13:06,932 [grpc-default-executor-8] WARN  server.GrpcServerProtocolService (LogUtils.java:warn(122)) - s0: Failed requestVote s1->s0#0: org.apache.ratis.protocol.exceptions.ServerNotReadyException: s0@group-469FBF65F7A7 is not in [RUNNING]: current state is CLOSED
2022-09-20 10:13:06,932 [s1@group-469FBF65F7A7-LeaderElection81] INFO  impl.LeaderElection (LogUtils.java:infoOrTrace(137)) - s1@group-469FBF65F7A7-LeaderElection81 got exception when requesting votes: java.util.concurrent.ExecutionException: org.apache.ratis.thirdparty.io.grpc.StatusRuntimeException: INTERNAL: s0@group-469FBF65F7A7 is not in [RUNNING]: current state is CLOSED
2022-09-20 10:13:06,932 [s1@group-469FBF65F7A7-LeaderElection81] INFO  impl.LeaderElection (LogUtils.java:infoOrTrace(137)) - s1@group-469FBF65F7A7-LeaderElection81 got exception when requesting votes: java.util.concurrent.ExecutionException: org.apache.ratis.thirdparty.io.grpc.StatusRuntimeException: INTERNAL: s2@group-469FBF65F7A7 is not in [RUNNING]: current state is CLOSED
2022-09-20 10:13:06,932 [s1@group-469FBF65F7A7-LeaderElection81] INFO  impl.LeaderElection (LeaderElection.java:logAndReturn(89)) - s1@group-469FBF65F7A7-LeaderElection81: PRE_VOTE REJECTED received 0 response(s) and 2 exception(s):
2022-09-20 10:13:06,932 [s1@group-469FBF65F7A7-LeaderElection81] INFO  impl.LeaderElection (LogUtils.java:infoOrTrace(137)) -   Exception 0: java.util.concurrent.ExecutionException: org.apache.ratis.thirdparty.io.grpc.StatusRuntimeException: INTERNAL: s0@group-469FBF65F7A7 is not in [RUNNING]: current state is CLOSED
2022-09-20 10:13:06,932 [s1@group-469FBF65F7A7-LeaderElection81] INFO  impl.LeaderElection (LogUtils.java:infoOrTrace(137)) -   Exception 1: java.util.concurrent.ExecutionException: org.apache.ratis.thirdparty.io.grpc.StatusRuntimeException: INTERNAL: s2@group-469FBF65F7A7 is not in [RUNNING]: current state is CLOSED
2022-09-20 10:13:06,932 [s1@group-469FBF65F7A7-LeaderElection81] INFO  impl.LeaderElection (LeaderElection.java:askForVotes(310)) - s1@group-469FBF65F7A7-LeaderElection81 PRE_VOTE round 0: result REJECTED
2022-09-20 10:13:06,932 [s1@group-469FBF65F7A7-LeaderElection81] INFO  server.RaftServer$Division (RaftServerImpl.java:setRole(317)) - s1@group-469FBF65F7A7: changes role from CANDIDATE to FOLLOWER at term 2 for REJECTED
2022-09-20 10:13:06,932 [s1@group-469FBF65F7A7-LeaderElection81] INFO  impl.RoleInfo (RoleInfo.java:shutdownLeaderElection(130)) - s1: shutdown s1@group-469FBF65F7A7-LeaderElection81
2022-09-20 10:13:06,932 [s1@group-469FBF65F7A7-LeaderElection81] INFO  impl.RoleInfo (RoleInfo.java:updateAndGet(139)) - s1: start s1@group-469FBF65F7A7-FollowerState
2022-09-20 10:13:07,131 [null-request--thread1] INFO  server.GrpcClientProtocolService (GrpcClientProtocolService.java:lambda$processClientRequest$0(284)) - Failed RaftClientRequest:client-76B04C62A16F->s1@group-469FBF65F7A7, cid=451, seq=0, RW, Message:6d3635, reply=RaftClientReply:client-76B04C62A16F->s1@group-469FBF65F7A7, cid=451, FAILED org.apache.ratis.protocol.exceptions.NotLeaderException: Server s1@group-469FBF65F7A7 is not the leader, logIndex=0, commits[s1:c133, s0:c130, s2:c133]
2022-09-20 10:13:07,155 [s1@group-469FBF65F7A7-FollowerState] INFO  impl.FollowerState (FollowerState.java:run(141)) - s1@group-469FBF65F7A7-FollowerState: change to CANDIDATE, lastRpcElapsedTime:222564205ns, electionTimeout:222ms
2022-09-20 10:13:07,155 [s1@group-469FBF65F7A7-FollowerState] INFO  impl.RoleInfo (RoleInfo.java:shutdownFollowerState(110)) - s1: shutdown s1@group-469FBF65F7A7-FollowerState
2022-09-20 10:13:07,155 [s1@group-469FBF65F7A7-FollowerState] INFO  server.RaftServer$Division (RaftServerImpl.java:setRole(317)) - s1@group-469FBF65F7A7: changes role from  FOLLOWER to CANDIDATE at term 2 for changeToCandidate
2022-09-20 10:13:07,155 [s1@group-469FBF65F7A7-FollowerState] INFO  server.RaftServerConfigKeys (ConfUtils.java:logGet(46)) - raft.server.leaderelection.pre-vote = true (default)
2022-09-20 10:13:07,155 [s1@group-469FBF65F7A7-FollowerState] INFO  impl.RoleInfo (RoleInfo.java:updateAndGet(139)) - s1: start s1@group-469FBF65F7A7-LeaderElection82
2022-09-20 10:13:07,156 [s1@group-469FBF65F7A7-LeaderElection82] INFO  impl.LeaderElection (LeaderElection.java:askForVotes(308)) - s1@group-469FBF65F7A7-LeaderElection82 PRE_VOTE round 0: submit vote requests at term 2 for 133: peers:[s0|rpc:localhost:39281|admin:localhost:38455|client:localhost:36053|dataStream:localhost:45769|priority:0|startupRole:FOLLOWER, s1|rpc:localhost:46849|admin:localhost:41515|client:localhost:39119|dataStream:localhost:41703|priority:0|startupRole:FOLLOWER, s2|rpc:localhost:35167|admin:localhost:44965|client:localhost:40979|dataStream:localhost:34151|priority:0|startupRole:FOLLOWER]|listeners:[], old=null
2022-09-20 10:13:07,157 [grpc-default-executor-8] INFO  server.RaftServer$Division (RaftServerImpl.java:requestVote(1281)) - s2@group-469FBF65F7A7: receive requestVote(PRE_VOTE, s1, group-469FBF65F7A7, 2, (t:2, i:134))
2022-09-20 10:13:07,157 [grpc-default-executor-8] WARN  server.GrpcServerProtocolService (LogUtils.java:warn(122)) - s2: Failed requestVote s1->s2#0: org.apache.ratis.protocol.exceptions.ServerNotReadyException: s2@group-469FBF65F7A7 is not in [RUNNING]: current state is CLOSED
2022-09-20 10:13:07,157 [grpc-default-executor-0] INFO  server.RaftServer$Division (RaftServerImpl.java:requestVote(1281)) - s0@group-469FBF65F7A7: receive requestVote(PRE_VOTE, s1, group-469FBF65F7A7, 2, (t:2, i:134))
2022-09-20 10:13:07,157 [grpc-default-executor-0] WARN  server.GrpcServerProtocolService (LogUtils.java:warn(122)) - s0: Failed requestVote s1->s0#0: org.apache.ratis.protocol.exceptions.ServerNotReadyException: s0@group-469FBF65F7A7 is not in [RUNNING]: current state is CLOSED
2022-09-20 10:13:07,159 [s1@group-469FBF65F7A7-LeaderElection82] INFO  impl.LeaderElection (LogUtils.java:infoOrTrace(137)) - s1@group-469FBF65F7A7-LeaderElection82 got exception when requesting votes: java.util.concurrent.ExecutionException: org.apache.ratis.thirdparty.io.grpc.StatusRuntimeException: INTERNAL: s2@group-469FBF65F7A7 is not in [RUNNING]: current state is CLOSED
2022-09-20 10:13:07,159 [s1@group-469FBF65F7A7-LeaderElection82] INFO  impl.LeaderElection (LogUtils.java:infoOrTrace(137)) - s1@group-469FBF65F7A7-LeaderElection82 got exception when requesting votes: java.util.concurrent.ExecutionException: org.apache.ratis.thirdparty.io.grpc.StatusRuntimeException: INTERNAL: s0@group-469FBF65F7A7 is not in [RUNNING]: current state is CLOSED
2022-09-20 10:13:07,159 [s1@group-469FBF65F7A7-LeaderElection82] INFO  impl.LeaderElection (LeaderElection.java:logAndReturn(89)) - s1@group-469FBF65F7A7-LeaderElection82: PRE_VOTE REJECTED received 0 response(s) and 2 exception(s):
2022-09-20 10:13:07,159 [s1@group-469FBF65F7A7-LeaderElection82] INFO  impl.LeaderElection (LogUtils.java:infoOrTrace(137)) -   Exception 0: java.util.concurrent.ExecutionException: org.apache.ratis.thirdparty.io.grpc.StatusRuntimeException: INTERNAL: s2@group-469FBF65F7A7 is not in [RUNNING]: current state is CLOSED
2022-09-20 10:13:07,159 [s1@group-469FBF65F7A7-LeaderElection82] INFO  impl.LeaderElection (LogUtils.java:infoOrTrace(137)) -   Exception 1: java.util.concurrent.ExecutionException: org.apache.ratis.thirdparty.io.grpc.StatusRuntimeException: INTERNAL: s0@group-469FBF65F7A7 is not in [RUNNING]: current state is CLOSED
2022-09-20 10:13:07,159 [s1@group-469FBF65F7A7-LeaderElection82] INFO  impl.LeaderElection (LeaderElection.java:askForVotes(310)) - s1@group-469FBF65F7A7-LeaderElection82 PRE_VOTE round 0: result REJECTED
2022-09-20 10:13:07,159 [s1@group-469FBF65F7A7-LeaderElection82] INFO  server.RaftServer$Division (RaftServerImpl.java:setRole(317)) - s1@group-469FBF65F7A7: changes role from CANDIDATE to FOLLOWER at term 2 for REJECTED
2022-09-20 10:13:07,159 [s1@group-469FBF65F7A7-LeaderElection82] INFO  impl.RoleInfo (RoleInfo.java:shutdownLeaderElection(130)) - s1: shutdown s1@group-469FBF65F7A7-LeaderElection82
2022-09-20 10:13:07,159 [s1@group-469FBF65F7A7-LeaderElection82] INFO  impl.RoleInfo (RoleInfo.java:updateAndGet(139)) - s1: start s1@group-469FBF65F7A7-FollowerState
2022-09-20 10:13:07,341 [null-request--thread1] INFO  server.GrpcClientProtocolService (GrpcClientProtocolService.java:lambda$processClientRequest$0(284)) - Failed RaftClientRequest:client-76B04C62A16F->s1@group-469FBF65F7A7, cid=451, seq=0, RW, Message:6d3635, reply=RaftClientReply:client-76B04C62A16F->s1@group-469FBF65F7A7, cid=451, FAILED org.apache.ratis.protocol.exceptions.NotLeaderException: Server s1@group-469FBF65F7A7 is not the leader, logIndex=0, commits[s1:c133, s0:c130, s2:c133]
2022-09-20 10:13:07,408 [s1@group-469FBF65F7A7-FollowerState] INFO  impl.FollowerState (FollowerState.java:run(141)) - s1@group-469FBF65F7A7-FollowerState: change to CANDIDATE, lastRpcElapsedTime:249325476ns, electionTimeout:249ms
2022-09-20 10:13:07,409 [s1@group-469FBF65F7A7-FollowerState] INFO  impl.RoleInfo (RoleInfo.java:shutdownFollowerState(110)) - s1: shutdown s1@group-469FBF65F7A7-FollowerState
2022-09-20 10:13:07,409 [s1@group-469FBF65F7A7-FollowerState] INFO  server.RaftServer$Division (RaftServerImpl.java:setRole(317)) - s1@group-469FBF65F7A7: changes role from  FOLLOWER to CANDIDATE at term 2 for changeToCandidate
2022-09-20 10:13:07,409 [s1@group-469FBF65F7A7-FollowerState] INFO  server.RaftServerConfigKeys (ConfUtils.java:logGet(46)) - raft.server.leaderelection.pre-vote = true (default)
2022-09-20 10:13:07,409 [s1@group-469FBF65F7A7-FollowerState] INFO  impl.RoleInfo (RoleInfo.java:updateAndGet(139)) - s1: start s1@group-469FBF65F7A7-LeaderElection83
2022-09-20 10:13:07,409 [s1@group-469FBF65F7A7-LeaderElection83] INFO  impl.LeaderElection (LeaderElection.java:askForVotes(308)) - s1@group-469FBF65F7A7-LeaderElection83 PRE_VOTE round 0: submit vote requests at term 2 for 133: peers:[s0|rpc:localhost:39281|admin:localhost:38455|client:localhost:36053|dataStream:localhost:45769|priority:0|startupRole:FOLLOWER, s1|rpc:localhost:46849|admin:localhost:41515|client:localhost:39119|dataStream:localhost:41703|priority:0|startupRole:FOLLOWER, s2|rpc:localhost:35167|admin:localhost:44965|client:localhost:40979|dataStream:localhost:34151|priority:0|startupRole:FOLLOWER]|listeners:[], old=null
2022-09-20 10:13:07,410 [grpc-default-executor-0] INFO  server.RaftServer$Division (RaftServerImpl.java:requestVote(1281)) - s0@group-469FBF65F7A7: receive requestVote(PRE_VOTE, s1, group-469FBF65F7A7, 2, (t:2, i:134))
2022-09-20 10:13:07,410 [grpc-default-executor-0] WARN  server.GrpcServerProtocolService (LogUtils.java:warn(122)) - s0: Failed requestVote s1->s0#0: org.apache.ratis.protocol.exceptions.ServerNotReadyException: s0@group-469FBF65F7A7 is not in [RUNNING]: current state is CLOSED
2022-09-20 10:13:07,411 [grpc-default-executor-8] INFO  server.RaftServer$Division (RaftServerImpl.java:requestVote(1281)) - s2@group-469FBF65F7A7: receive requestVote(PRE_VOTE, s1, group-469FBF65F7A7, 2, (t:2, i:134))
2022-09-20 10:13:07,411 [grpc-default-executor-8] WARN  server.GrpcServerProtocolService (LogUtils.java:warn(122)) - s2: Failed requestVote s1->s2#0: org.apache.ratis.protocol.exceptions.ServerNotReadyException: s2@group-469FBF65F7A7 is not in [RUNNING]: current state is CLOSED
2022-09-20 10:13:07,412 [s1@group-469FBF65F7A7-LeaderElection83] INFO  impl.LeaderElection (LogUtils.java:infoOrTrace(137)) - s1@group-469FBF65F7A7-LeaderElection83 got exception when requesting votes: java.util.concurrent.ExecutionException: org.apache.ratis.thirdparty.io.grpc.StatusRuntimeException: INTERNAL: s0@group-469FBF65F7A7 is not in [RUNNING]: current state is CLOSED
2022-09-20 10:13:07,412 [s1@group-469FBF65F7A7-LeaderElection83] INFO  impl.LeaderElection (LogUtils.java:infoOrTrace(137)) - s1@group-469FBF65F7A7-LeaderElection83 got exception when requesting votes: java.util.concurrent.ExecutionException: org.apache.ratis.thirdparty.io.grpc.StatusRuntimeException: INTERNAL: s2@group-469FBF65F7A7 is not in [RUNNING]: current state is CLOSED
2022-09-20 10:13:07,412 [s1@group-469FBF65F7A7-LeaderElection83] INFO  impl.LeaderElection (LeaderElection.java:logAndReturn(89)) - s1@group-469FBF65F7A7-LeaderElection83: PRE_VOTE REJECTED received 0 response(s) and 2 exception(s):
2022-09-20 10:13:07,412 [s1@group-469FBF65F7A7-LeaderElection83] INFO  impl.LeaderElection (LogUtils.java:infoOrTrace(137)) -   Exception 0: java.util.concurrent.ExecutionException: org.apache.ratis.thirdparty.io.grpc.StatusRuntimeException: INTERNAL: s0@group-469FBF65F7A7 is not in [RUNNING]: current state is CLOSED
2022-09-20 10:13:07,412 [s1@group-469FBF65F7A7-LeaderElection83] INFO  impl.LeaderElection (LogUtils.java:infoOrTrace(137)) -   Exception 1: java.util.concurrent.ExecutionException: org.apache.ratis.thirdparty.io.grpc.StatusRuntimeException: INTERNAL: s2@group-469FBF65F7A7 is not in [RUNNING]: current state is CLOSED
2022-09-20 10:13:07,412 [s1@group-469FBF65F7A7-LeaderElection83] INFO  impl.LeaderElection (LeaderElection.java:askForVotes(310)) - s1@group-469FBF65F7A7-LeaderElection83 PRE_VOTE round 0: result REJECTED
2022-09-20 10:13:07,412 [s1@group-469FBF65F7A7-LeaderElection83] INFO  server.RaftServer$Division (RaftServerImpl.java:setRole(317)) - s1@group-469FBF65F7A7: changes role from CANDIDATE to FOLLOWER at term 2 for REJECTED
2022-09-20 10:13:07,412 [s1@group-469FBF65F7A7-LeaderElection83] INFO  impl.RoleInfo (RoleInfo.java:shutdownLeaderElection(130)) - s1: shutdown s1@group-469FBF65F7A7-LeaderElection83
2022-09-20 10:13:07,412 [s1@group-469FBF65F7A7-LeaderElection83] INFO  impl.RoleInfo (RoleInfo.java:updateAndGet(139)) - s1: start s1@group-469FBF65F7A7-FollowerState
2022-09-20 10:13:07,551 [null-request--thread1] INFO  server.GrpcClientProtocolService (GrpcClientProtocolService.java:lambda$processClientRequest$0(284)) - Failed RaftClientRequest:client-76B04C62A16F->s1@group-469FBF65F7A7, cid=451, seq=0, RW, Message:6d3635, reply=RaftClientReply:client-76B04C62A16F->s1@group-469FBF65F7A7, cid=451, FAILED org.apache.ratis.protocol.exceptions.NotLeaderException: Server s1@group-469FBF65F7A7 is not the leader, logIndex=0, commits[s1:c133, s0:c130, s2:c133]
2022-09-20 10:13:07,610 [s1@group-469FBF65F7A7-FollowerState] INFO  impl.FollowerState (FollowerState.java:run(141)) - s1@group-469FBF65F7A7-FollowerState: change to CANDIDATE, lastRpcElapsedTime:197603468ns, electionTimeout:197ms
2022-09-20 10:13:07,610 [s1@group-469FBF65F7A7-FollowerState] INFO  impl.RoleInfo (RoleInfo.java:shutdownFollowerState(110)) - s1: shutdown s1@group-469FBF65F7A7-FollowerState
2022-09-20 10:13:07,610 [s1@group-469FBF65F7A7-FollowerState] INFO  server.RaftServer$Division (RaftServerImpl.java:setRole(317)) - s1@group-469FBF65F7A7: changes role from  FOLLOWER to CANDIDATE at term 2 for changeToCandidate
2022-09-20 10:13:07,610 [s1@group-469FBF65F7A7-FollowerState] INFO  server.RaftServerConfigKeys (ConfUtils.java:logGet(46)) - raft.server.leaderelection.pre-vote = true (default)
2022-09-20 10:13:07,610 [s1@group-469FBF65F7A7-FollowerState] INFO  impl.RoleInfo (RoleInfo.java:updateAndGet(139)) - s1: start s1@group-469FBF65F7A7-LeaderElection84
2022-09-20 10:13:07,610 [s1@group-469FBF65F7A7-LeaderElection84] INFO  impl.LeaderElection (LeaderElection.java:askForVotes(308)) - s1@group-469FBF65F7A7-LeaderElection84 PRE_VOTE round 0: submit vote requests at term 2 for 133: peers:[s0|rpc:localhost:39281|admin:localhost:38455|client:localhost:36053|dataStream:localhost:45769|priority:0|startupRole:FOLLOWER, s1|rpc:localhost:46849|admin:localhost:41515|client:localhost:39119|dataStream:localhost:41703|priority:0|startupRole:FOLLOWER, s2|rpc:localhost:35167|admin:localhost:44965|client:localhost:40979|dataStream:localhost:34151|priority:0|startupRole:FOLLOWER]|listeners:[], old=null
2022-09-20 10:13:07,612 [grpc-default-executor-0] INFO  server.RaftServer$Division (RaftServerImpl.java:requestVote(1281)) - s0@group-469FBF65F7A7: receive requestVote(PRE_VOTE, s1, group-469FBF65F7A7, 2, (t:2, i:134))
2022-09-20 10:13:07,612 [grpc-default-executor-0] WARN  server.GrpcServerProtocolService (LogUtils.java:warn(122)) - s0: Failed requestVote s1->s0#0: org.apache.ratis.protocol.exceptions.ServerNotReadyException: s0@group-469FBF65F7A7 is not in [RUNNING]: current state is CLOSED
2022-09-20 10:13:07,612 [grpc-default-executor-0] INFO  server.RaftServer$Division (RaftServerImpl.java:requestVote(1281)) - s2@group-469FBF65F7A7: receive requestVote(PRE_VOTE, s1, group-469FBF65F7A7, 2, (t:2, i:134))
2022-09-20 10:13:07,612 [grpc-default-executor-0] WARN  server.GrpcServerProtocolService (LogUtils.java:warn(122)) - s2: Failed requestVote s1->s2#0: org.apache.ratis.protocol.exceptions.ServerNotReadyException: s2@group-469FBF65F7A7 is not in [RUNNING]: current state is CLOSED
2022-09-20 10:13:07,612 [s1@group-469FBF65F7A7-LeaderElection84] INFO  impl.LeaderElection (LogUtils.java:infoOrTrace(137)) - s1@group-469FBF65F7A7-LeaderElection84 got exception when requesting votes: java.util.concurrent.ExecutionException: org.apache.ratis.thirdparty.io.grpc.StatusRuntimeException: INTERNAL: s0@group-469FBF65F7A7 is not in [RUNNING]: current state is CLOSED
2022-09-20 10:13:07,613 [s1@group-469FBF65F7A7-LeaderElection84] INFO  impl.LeaderElection (LogUtils.java:infoOrTrace(137)) - s1@group-469FBF65F7A7-LeaderElection84 got exception when requesting votes: java.util.concurrent.ExecutionException: org.apache.ratis.thirdparty.io.grpc.StatusRuntimeException: INTERNAL: s2@group-469FBF65F7A7 is not in [RUNNING]: current state is CLOSED
2022-09-20 10:13:07,613 [s1@group-469FBF65F7A7-LeaderElection84] INFO  impl.LeaderElection (LeaderElection.java:logAndReturn(89)) - s1@group-469FBF65F7A7-LeaderElection84: PRE_VOTE REJECTED received 0 response(s) and 2 exception(s):
2022-09-20 10:13:07,613 [s1@group-469FBF65F7A7-LeaderElection84] INFO  impl.LeaderElection (LogUtils.java:infoOrTrace(137)) -   Exception 0: java.util.concurrent.ExecutionException: org.apache.ratis.thirdparty.io.grpc.StatusRuntimeException: INTERNAL: s0@group-469FBF65F7A7 is not in [RUNNING]: current state is CLOSED
2022-09-20 10:13:07,613 [s1@group-469FBF65F7A7-LeaderElection84] INFO  impl.LeaderElection (LogUtils.java:infoOrTrace(137)) -   Exception 1: java.util.concurrent.ExecutionException: org.apache.ratis.thirdparty.io.grpc.StatusRuntimeException: INTERNAL: s2@group-469FBF65F7A7 is not in [RUNNING]: current state is CLOSED
2022-09-20 10:13:07,613 [s1@group-469FBF65F7A7-LeaderElection84] INFO  impl.LeaderElection (LeaderElection.java:askForVotes(310)) - s1@group-469FBF65F7A7-LeaderElection84 PRE_VOTE round 0: result REJECTED
2022-09-20 10:13:07,613 [s1@group-469FBF65F7A7-LeaderElection84] INFO  server.RaftServer$Division (RaftServerImpl.java:setRole(317)) - s1@group-469FBF65F7A7: changes role from CANDIDATE to FOLLOWER at term 2 for REJECTED
2022-09-20 10:13:07,613 [s1@group-469FBF65F7A7-LeaderElection84] INFO  impl.RoleInfo (RoleInfo.java:shutdownLeaderElection(130)) - s1: shutdown s1@group-469FBF65F7A7-LeaderElection84
2022-09-20 10:13:07,613 [s1@group-469FBF65F7A7-LeaderElection84] INFO  impl.RoleInfo (RoleInfo.java:updateAndGet(139)) - s1: start s1@group-469FBF65F7A7-FollowerState
2022-09-20 10:13:07,763 [null-request--thread1] INFO  server.GrpcClientProtocolService (GrpcClientProtocolService.java:lambda$processClientRequest$0(284)) - Failed RaftClientRequest:client-76B04C62A16F->s1@group-469FBF65F7A7, cid=451, seq=0, RW, Message:6d3635, reply=RaftClientReply:client-76B04C62A16F->s1@group-469FBF65F7A7, cid=451, FAILED org.apache.ratis.protocol.exceptions.NotLeaderException: Server s1@group-469FBF65F7A7 is not the leader, logIndex=0, commits[s1:c133, s0:c130, s2:c133]
2022-09-20 10:13:07,862 [s1@group-469FBF65F7A7-FollowerState] INFO  impl.FollowerState (FollowerState.java:run(141)) - s1@group-469FBF65F7A7-FollowerState: change to CANDIDATE, lastRpcElapsedTime:249460978ns, electionTimeout:249ms
2022-09-20 10:13:07,862 [s1@group-469FBF65F7A7-FollowerState] INFO  impl.RoleInfo (RoleInfo.java:shutdownFollowerState(110)) - s1: shutdown s1@group-469FBF65F7A7-FollowerState
2022-09-20 10:13:07,862 [s1@group-469FBF65F7A7-FollowerState] INFO  server.RaftServer$Division (RaftServerImpl.java:setRole(317)) - s1@group-469FBF65F7A7: changes role from  FOLLOWER to CANDIDATE at term 2 for changeToCandidate
2022-09-20 10:13:07,863 [s1@group-469FBF65F7A7-FollowerState] INFO  server.RaftServerConfigKeys (ConfUtils.java:logGet(46)) - raft.server.leaderelection.pre-vote = true (default)
2022-09-20 10:13:07,863 [s1@group-469FBF65F7A7-FollowerState] INFO  impl.RoleInfo (RoleInfo.java:updateAndGet(139)) - s1: start s1@group-469FBF65F7A7-LeaderElection85
2022-09-20 10:13:07,863 [s1@group-469FBF65F7A7-LeaderElection85] INFO  impl.LeaderElection (LeaderElection.java:askForVotes(308)) - s1@group-469FBF65F7A7-LeaderElection85 PRE_VOTE round 0: submit vote requests at term 2 for 133: peers:[s0|rpc:localhost:39281|admin:localhost:38455|client:localhost:36053|dataStream:localhost:45769|priority:0|startupRole:FOLLOWER, s1|rpc:localhost:46849|admin:localhost:41515|client:localhost:39119|dataStream:localhost:41703|priority:0|startupRole:FOLLOWER, s2|rpc:localhost:35167|admin:localhost:44965|client:localhost:40979|dataStream:localhost:34151|priority:0|startupRole:FOLLOWER]|listeners:[], old=null
2022-09-20 10:13:07,864 [grpc-default-executor-8] INFO  server.RaftServer$Division (RaftServerImpl.java:requestVote(1281)) - s0@group-469FBF65F7A7: receive requestVote(PRE_VOTE, s1, group-469FBF65F7A7, 2, (t:2, i:134))
2022-09-20 10:13:07,864 [grpc-default-executor-8] WARN  server.GrpcServerProtocolService (LogUtils.java:warn(122)) - s0: Failed requestVote s1->s0#0: org.apache.ratis.protocol.exceptions.ServerNotReadyException: s0@group-469FBF65F7A7 is not in [RUNNING]: current state is CLOSED
2022-09-20 10:13:07,864 [grpc-default-executor-0] INFO  server.RaftServer$Division (RaftServerImpl.java:requestVote(1281)) - s2@group-469FBF65F7A7: receive requestVote(PRE_VOTE, s1, group-469FBF65F7A7, 2, (t:2, i:134))
2022-09-20 10:13:07,864 [grpc-default-executor-0] WARN  server.GrpcServerProtocolService (LogUtils.java:warn(122)) - s2: Failed requestVote s1->s2#0: org.apache.ratis.protocol.exceptions.ServerNotReadyException: s2@group-469FBF65F7A7 is not in [RUNNING]: current state is CLOSED
2022-09-20 10:13:07,865 [s1@group-469FBF65F7A7-LeaderElection85] INFO  impl.LeaderElection (LogUtils.java:infoOrTrace(137)) - s1@group-469FBF65F7A7-LeaderElection85 got exception when requesting votes: java.util.concurrent.ExecutionException: org.apache.ratis.thirdparty.io.grpc.StatusRuntimeException: INTERNAL: s0@group-469FBF65F7A7 is not in [RUNNING]: current state is CLOSED
2022-09-20 10:13:07,866 [s1@group-469FBF65F7A7-LeaderElection85] INFO  impl.LeaderElection (LogUtils.java:infoOrTrace(137)) - s1@group-469FBF65F7A7-LeaderElection85 got exception when requesting votes: java.util.concurrent.ExecutionException: org.apache.ratis.thirdparty.io.grpc.StatusRuntimeException: INTERNAL: s2@group-469FBF65F7A7 is not in [RUNNING]: current state is CLOSED
2022-09-20 10:13:07,866 [s1@group-469FBF65F7A7-LeaderElection85] INFO  impl.LeaderElection (LeaderElection.java:logAndReturn(89)) - s1@group-469FBF65F7A7-LeaderElection85: PRE_VOTE REJECTED received 0 response(s) and 2 exception(s):
2022-09-20 10:13:07,866 [s1@group-469FBF65F7A7-LeaderElection85] INFO  impl.LeaderElection (LogUtils.java:infoOrTrace(137)) -   Exception 0: java.util.concurrent.ExecutionException: org.apache.ratis.thirdparty.io.grpc.StatusRuntimeException: INTERNAL: s0@group-469FBF65F7A7 is not in [RUNNING]: current state is CLOSED
2022-09-20 10:13:07,866 [s1@group-469FBF65F7A7-LeaderElection85] INFO  impl.LeaderElection (LogUtils.java:infoOrTrace(137)) -   Exception 1: java.util.concurrent.ExecutionException: org.apache.ratis.thirdparty.io.grpc.StatusRuntimeException: INTERNAL: s2@group-469FBF65F7A7 is not in [RUNNING]: current state is CLOSED
2022-09-20 10:13:07,866 [s1@group-469FBF65F7A7-LeaderElection85] INFO  impl.LeaderElection (LeaderElection.java:askForVotes(310)) - s1@group-469FBF65F7A7-LeaderElection85 PRE_VOTE round 0: result REJECTED
2022-09-20 10:13:07,866 [s1@group-469FBF65F7A7-LeaderElection85] INFO  server.RaftServer$Division (RaftServerImpl.java:setRole(317)) - s1@group-469FBF65F7A7: changes role from CANDIDATE to FOLLOWER at term 2 for REJECTED
2022-09-20 10:13:07,866 [s1@group-469FBF65F7A7-LeaderElection85] INFO  impl.RoleInfo (RoleInfo.java:shutdownLeaderElection(130)) - s1: shutdown s1@group-469FBF65F7A7-LeaderElection85
2022-09-20 10:13:07,866 [s1@group-469FBF65F7A7-LeaderElection85] INFO  impl.RoleInfo (RoleInfo.java:updateAndGet(139)) - s1: start s1@group-469FBF65F7A7-FollowerState
2022-09-20 10:13:07,949 [Timer-3] INFO  impl.MiniRaftCluster (MiniRaftCluster.java:lambda$start$6(349)) - TIMED-PRINT: printing ALL groups
  s0:  RUNNING    LEADER s0@group-469FBF65F7A7:t1, leader=s0, voted=s0, raftlog=Memoized:s0@group-469FBF65F7A7-SegmentedRaftLog:CLOSED:c132, conf=0: peers:[s0|rpc:localhost:39281|admin:localhost:38455|client:localhost:36053|dataStream:localhost:45769|priority:0|startupRole:FOLLOWER, s1|rpc:localhost:46849|admin:localhost:41515|client:localhost:39119|dataStream:localhost:41703|priority:0|startupRole:FOLLOWER, s2|rpc:localhost:35167|admin:localhost:44965|client:localhost:40979|dataStream:localhost:34151|priority:0|startupRole:FOLLOWER]|listeners:[], old=null CLOSED
  s1:  RUNNING  FOLLOWER s1@group-469FBF65F7A7:t2, leader=null, voted=s2, raftlog=Memoized:s1@group-469FBF65F7A7-SegmentedRaftLog:OPENED:c133, conf=133: peers:[s0|rpc:localhost:39281|admin:localhost:38455|client:localhost:36053|dataStream:localhost:45769|priority:0|startupRole:FOLLOWER, s1|rpc:localhost:46849|admin:localhost:41515|client:localhost:39119|dataStream:localhost:41703|priority:0|startupRole:FOLLOWER, s2|rpc:localhost:35167|admin:localhost:44965|client:localhost:40979|dataStream:localhost:34151|priority:0|startupRole:FOLLOWER]|listeners:[], old=null RUNNING
  s2:  RUNNING    LEADER s2@group-469FBF65F7A7:t2, leader=s2, voted=s2, raftlog=Memoized:s2@group-469FBF65F7A7-SegmentedRaftLog:CLOSED:c133, conf=133: peers:[s0|rpc:localhost:39281|admin:localhost:38455|client:localhost:36053|dataStream:localhost:45769|priority:0|startupRole:FOLLOWER, s1|rpc:localhost:46849|admin:localhost:41515|client:localhost:39119|dataStream:localhost:41703|priority:0|startupRole:FOLLOWER, s2|rpc:localhost:35167|admin:localhost:44965|client:localhost:40979|dataStream:localhost:34151|priority:0|startupRole:FOLLOWER]|listeners:[], old=null CLOSED
2022-09-20 10:13:08,069 [s1@group-469FBF65F7A7-FollowerState] INFO  impl.FollowerState (FollowerState.java:run(141)) - s1@group-469FBF65F7A7-FollowerState: change to CANDIDATE, lastRpcElapsedTime:203503171ns, electionTimeout:202ms
2022-09-20 10:13:08,070 [s1@group-469FBF65F7A7-FollowerState] INFO  impl.RoleInfo (RoleInfo.java:shutdownFollowerState(110)) - s1: shutdown s1@group-469FBF65F7A7-FollowerState
2022-09-20 10:13:08,070 [s1@group-469FBF65F7A7-FollowerState] INFO  server.RaftServer$Division (RaftServerImpl.java:setRole(317)) - s1@group-469FBF65F7A7: changes role from  FOLLOWER to CANDIDATE at term 2 for changeToCandidate
2022-09-20 10:13:08,070 [s1@group-469FBF65F7A7-FollowerState] INFO  server.RaftServerConfigKeys (ConfUtils.java:logGet(46)) - raft.server.leaderelection.pre-vote = true (default)
2022-09-20 10:13:08,070 [s1@group-469FBF65F7A7-FollowerState] INFO  impl.RoleInfo (RoleInfo.java:updateAndGet(139)) - s1: start s1@group-469FBF65F7A7-LeaderElection86
2022-09-20 10:13:08,070 [s1@group-469FBF65F7A7-LeaderElection86] INFO  impl.LeaderElection (LeaderElection.java:askForVotes(308)) - s1@group-469FBF65F7A7-LeaderElection86 PRE_VOTE round 0: submit vote requests at term 2 for 133: peers:[s0|rpc:localhost:39281|admin:localhost:38455|client:localhost:36053|dataStream:localhost:45769|priority:0|startupRole:FOLLOWER, s1|rpc:localhost:46849|admin:localhost:41515|client:localhost:39119|dataStream:localhost:41703|priority:0|startupRole:FOLLOWER, s2|rpc:localhost:35167|admin:localhost:44965|client:localhost:40979|dataStream:localhost:34151|priority:0|startupRole:FOLLOWER]|listeners:[], old=null
2022-09-20 10:13:08,071 [grpc-default-executor-8] INFO  server.RaftServer$Division (RaftServerImpl.java:requestVote(1281)) - s0@group-469FBF65F7A7: receive requestVote(PRE_VOTE, s1, group-469FBF65F7A7, 2, (t:2, i:134))
2022-09-20 10:13:08,071 [grpc-default-executor-8] WARN  server.GrpcServerProtocolService (LogUtils.java:warn(122)) - s0: Failed requestVote s1->s0#0: org.apache.ratis.protocol.exceptions.ServerNotReadyException: s0@group-469FBF65F7A7 is not in [RUNNING]: current state is CLOSED
2022-09-20 10:13:08,072 [s1@group-469FBF65F7A7-LeaderElection86] INFO  impl.LeaderElection (LogUtils.java:infoOrTrace(137)) - s1@group-469FBF65F7A7-LeaderElection86 got exception when requesting votes: java.util.concurrent.ExecutionException: org.apache.ratis.thirdparty.io.grpc.StatusRuntimeException: INTERNAL: s0@group-469FBF65F7A7 is not in [RUNNING]: current state is CLOSED
2022-09-20 10:13:08,072 [grpc-default-executor-5] INFO  server.RaftServer$Division (RaftServerImpl.java:requestVote(1281)) - s2@group-469FBF65F7A7: receive requestVote(PRE_VOTE, s1, group-469FBF65F7A7, 2, (t:2, i:134))
2022-09-20 10:13:08,072 [grpc-default-executor-5] WARN  server.GrpcServerProtocolService (LogUtils.java:warn(122)) - s2: Failed requestVote s1->s2#0: org.apache.ratis.protocol.exceptions.ServerNotReadyException: s2@group-469FBF65F7A7 is not in [RUNNING]: current state is CLOSED
2022-09-20 10:13:08,072 [s1@group-469FBF65F7A7-LeaderElection86] INFO  impl.LeaderElection (LogUtils.java:infoOrTrace(137)) - s1@group-469FBF65F7A7-LeaderElection86 got exception when requesting votes: java.util.concurrent.ExecutionException: org.apache.ratis.thirdparty.io.grpc.StatusRuntimeException: INTERNAL: s2@group-469FBF65F7A7 is not in [RUNNING]: current state is CLOSED
2022-09-20 10:13:08,073 [s1@group-469FBF65F7A7-LeaderElection86] INFO  impl.LeaderElection (LeaderElection.java:logAndReturn(89)) - s1@group-469FBF65F7A7-LeaderElection86: PRE_VOTE REJECTED received 0 response(s) and 2 exception(s):
2022-09-20 10:13:08,073 [s1@group-469FBF65F7A7-LeaderElection86] INFO  impl.LeaderElection (LogUtils.java:infoOrTrace(137)) -   Exception 0: java.util.concurrent.ExecutionException: org.apache.ratis.thirdparty.io.grpc.StatusRuntimeException: INTERNAL: s0@group-469FBF65F7A7 is not in [RUNNING]: current state is CLOSED
2022-09-20 10:13:08,073 [s1@group-469FBF65F7A7-LeaderElection86] INFO  impl.LeaderElection (LogUtils.java:infoOrTrace(137)) -   Exception 1: java.util.concurrent.ExecutionException: org.apache.ratis.thirdparty.io.grpc.StatusRuntimeException: INTERNAL: s2@group-469FBF65F7A7 is not in [RUNNING]: current state is CLOSED
2022-09-20 10:13:08,073 [s1@group-469FBF65F7A7-LeaderElection86] INFO  impl.LeaderElection (LeaderElection.java:askForVotes(310)) - s1@group-469FBF65F7A7-LeaderElection86 PRE_VOTE round 0: result REJECTED
2022-09-20 10:13:08,073 [s1@group-469FBF65F7A7-LeaderElection86] INFO  server.RaftServer$Division (RaftServerImpl.java:setRole(317)) - s1@group-469FBF65F7A7: changes role from CANDIDATE to FOLLOWER at term 2 for REJECTED
2022-09-20 10:13:08,073 [s1@group-469FBF65F7A7-LeaderElection86] INFO  impl.RoleInfo (RoleInfo.java:shutdownLeaderElection(130)) - s1: shutdown s1@group-469FBF65F7A7-LeaderElection86
2022-09-20 10:13:08,073 [s1@group-469FBF65F7A7-LeaderElection86] INFO  impl.RoleInfo (RoleInfo.java:updateAndGet(139)) - s1: start s1@group-469FBF65F7A7-FollowerState
2022-09-20 10:13:08,077 [null-request--thread1] INFO  server.GrpcClientProtocolService (GrpcClientProtocolService.java:lambda$processClientRequest$0(284)) - Failed RaftClientRequest:client-76B04C62A16F->s1@group-469FBF65F7A7, cid=451, seq=0, RW, Message:6d3635, reply=RaftClientReply:client-76B04C62A16F->s1@group-469FBF65F7A7, cid=451, FAILED org.apache.ratis.protocol.exceptions.NotLeaderException: Server s1@group-469FBF65F7A7 is not the leader, logIndex=0, commits[s1:c133, s0:c130, s2:c133]
2022-09-20 10:13:08,286 [null-request--thread1] INFO  server.GrpcClientProtocolService (GrpcClientProtocolService.java:lambda$processClientRequest$0(284)) - Failed RaftClientRequest:client-76B04C62A16F->s1@group-469FBF65F7A7, cid=451, seq=0, RW, Message:6d3635, reply=RaftClientReply:client-76B04C62A16F->s1@group-469FBF65F7A7, cid=451, FAILED org.apache.ratis.protocol.exceptions.NotLeaderException: Server s1@group-469FBF65F7A7 is not the leader, logIndex=0, commits[s1:c133, s0:c130, s2:c133]
2022-09-20 10:13:08,334 [s1@group-469FBF65F7A7-FollowerState] INFO  impl.FollowerState (FollowerState.java:run(141)) - s1@group-469FBF65F7A7-FollowerState: change to CANDIDATE, lastRpcElapsedTime:261335687ns, electionTimeout:261ms
2022-09-20 10:13:08,334 [s1@group-469FBF65F7A7-FollowerState] INFO  impl.RoleInfo (RoleInfo.java:shutdownFollowerState(110)) - s1: shutdown s1@group-469FBF65F7A7-FollowerState
2022-09-20 10:13:08,334 [s1@group-469FBF65F7A7-FollowerState] INFO  server.RaftServer$Division (RaftServerImpl.java:setRole(317)) - s1@group-469FBF65F7A7: changes role from  FOLLOWER to CANDIDATE at term 2 for changeToCandidate
2022-09-20 10:13:08,334 [s1@group-469FBF65F7A7-FollowerState] INFO  server.RaftServerConfigKeys (ConfUtils.java:logGet(46)) - raft.server.leaderelection.pre-vote = true (default)
2022-09-20 10:13:08,334 [s1@group-469FBF65F7A7-FollowerState] INFO  impl.RoleInfo (RoleInfo.java:updateAndGet(139)) - s1: start s1@group-469FBF65F7A7-LeaderElection87
2022-09-20 10:13:08,335 [s1@group-469FBF65F7A7-LeaderElection87] INFO  impl.LeaderElection (LeaderElection.java:askForVotes(308)) - s1@group-469FBF65F7A7-LeaderElection87 PRE_VOTE round 0: submit vote requests at term 2 for 133: peers:[s0|rpc:localhost:39281|admin:localhost:38455|client:localhost:36053|dataStream:localhost:45769|priority:0|startupRole:FOLLOWER, s1|rpc:localhost:46849|admin:localhost:41515|client:localhost:39119|dataStream:localhost:41703|priority:0|startupRole:FOLLOWER, s2|rpc:localhost:35167|admin:localhost:44965|client:localhost:40979|dataStream:localhost:34151|priority:0|startupRole:FOLLOWER]|listeners:[], old=null
2022-09-20 10:13:08,336 [grpc-default-executor-0] INFO  server.RaftServer$Division (RaftServerImpl.java:requestVote(1281)) - s0@group-469FBF65F7A7: receive requestVote(PRE_VOTE, s1, group-469FBF65F7A7, 2, (t:2, i:134))
2022-09-20 10:13:08,336 [grpc-default-executor-0] WARN  server.GrpcServerProtocolService (LogUtils.java:warn(122)) - s0: Failed requestVote s1->s0#0: org.apache.ratis.protocol.exceptions.ServerNotReadyException: s0@group-469FBF65F7A7 is not in [RUNNING]: current state is CLOSED
2022-09-20 10:13:08,337 [grpc-default-executor-0] INFO  server.RaftServer$Division (RaftServerImpl.java:requestVote(1281)) - s2@group-469FBF65F7A7: receive requestVote(PRE_VOTE, s1, group-469FBF65F7A7, 2, (t:2, i:134))
2022-09-20 10:13:08,337 [grpc-default-executor-0] WARN  server.GrpcServerProtocolService (LogUtils.java:warn(122)) - s2: Failed requestVote s1->s2#0: org.apache.ratis.protocol.exceptions.ServerNotReadyException: s2@group-469FBF65F7A7 is not in [RUNNING]: current state is CLOSED
2022-09-20 10:13:08,338 [s1@group-469FBF65F7A7-LeaderElection87] INFO  impl.LeaderElection (LogUtils.java:infoOrTrace(137)) - s1@group-469FBF65F7A7-LeaderElection87 got exception when requesting votes: java.util.concurrent.ExecutionException: org.apache.ratis.thirdparty.io.grpc.StatusRuntimeException: INTERNAL: s0@group-469FBF65F7A7 is not in [RUNNING]: current state is CLOSED
2022-09-20 10:13:08,338 [s1@group-469FBF65F7A7-LeaderElection87] INFO  impl.LeaderElection (LogUtils.java:infoOrTrace(137)) - s1@group-469FBF65F7A7-LeaderElection87 got exception when requesting votes: java.util.concurrent.ExecutionException: org.apache.ratis.thirdparty.io.grpc.StatusRuntimeException: INTERNAL: s2@group-469FBF65F7A7 is not in [RUNNING]: current state is CLOSED
2022-09-20 10:13:08,338 [s1@group-469FBF65F7A7-LeaderElection87] INFO  impl.LeaderElection (LeaderElection.java:logAndReturn(89)) - s1@group-469FBF65F7A7-LeaderElection87: PRE_VOTE REJECTED received 0 response(s) and 2 exception(s):
2022-09-20 10:13:08,338 [s1@group-469FBF65F7A7-LeaderElection87] INFO  impl.LeaderElection (LogUtils.java:infoOrTrace(137)) -   Exception 0: java.util.concurrent.ExecutionException: org.apache.ratis.thirdparty.io.grpc.StatusRuntimeException: INTERNAL: s0@group-469FBF65F7A7 is not in [RUNNING]: current state is CLOSED
2022-09-20 10:13:08,338 [s1@group-469FBF65F7A7-LeaderElection87] INFO  impl.LeaderElection (LogUtils.java:infoOrTrace(137)) -   Exception 1: java.util.concurrent.ExecutionException: org.apache.ratis.thirdparty.io.grpc.StatusRuntimeException: INTERNAL: s2@group-469FBF65F7A7 is not in [RUNNING]: current state is CLOSED
2022-09-20 10:13:08,338 [s1@group-469FBF65F7A7-LeaderElection87] INFO  impl.LeaderElection (LeaderElection.java:askForVotes(310)) - s1@group-469FBF65F7A7-LeaderElection87 PRE_VOTE round 0: result REJECTED
2022-09-20 10:13:08,338 [s1@group-469FBF65F7A7-LeaderElection87] INFO  server.RaftServer$Division (RaftServerImpl.java:setRole(317)) - s1@group-469FBF65F7A7: changes role from CANDIDATE to FOLLOWER at term 2 for REJECTED
2022-09-20 10:13:08,338 [s1@group-469FBF65F7A7-LeaderElection87] INFO  impl.RoleInfo (RoleInfo.java:shutdownLeaderElection(130)) - s1: shutdown s1@group-469FBF65F7A7-LeaderElection87
2022-09-20 10:13:08,338 [s1@group-469FBF65F7A7-LeaderElection87] INFO  impl.RoleInfo (RoleInfo.java:updateAndGet(139)) - s1: start s1@group-469FBF65F7A7-FollowerState
2022-09-20 10:13:08,498 [null-request--thread1] INFO  server.GrpcClientProtocolService (GrpcClientProtocolService.java:lambda$processClientRequest$0(284)) - Failed RaftClientRequest:client-76B04C62A16F->s1@group-469FBF65F7A7, cid=451, seq=0, RW, Message:6d3635, reply=RaftClientReply:client-76B04C62A16F->s1@group-469FBF65F7A7, cid=451, FAILED org.apache.ratis.protocol.exceptions.NotLeaderException: Server s1@group-469FBF65F7A7 is not the leader, logIndex=0, commits[s1:c133, s0:c130, s2:c133]
2022-09-20 10:13:08,510 [s1@group-469FBF65F7A7-FollowerState] INFO  impl.FollowerState (FollowerState.java:run(141)) - s1@group-469FBF65F7A7-FollowerState: change to CANDIDATE, lastRpcElapsedTime:171628112ns, electionTimeout:169ms
2022-09-20 10:13:08,510 [s1@group-469FBF65F7A7-FollowerState] INFO  impl.RoleInfo (RoleInfo.java:shutdownFollowerState(110)) - s1: shutdown s1@group-469FBF65F7A7-FollowerState
2022-09-20 10:13:08,510 [s1@group-469FBF65F7A7-FollowerState] INFO  server.RaftServer$Division (RaftServerImpl.java:setRole(317)) - s1@group-469FBF65F7A7: changes role from  FOLLOWER to CANDIDATE at term 2 for changeToCandidate
2022-09-20 10:13:08,510 [s1@group-469FBF65F7A7-FollowerState] INFO  server.RaftServerConfigKeys (ConfUtils.java:logGet(46)) - raft.server.leaderelection.pre-vote = true (default)
2022-09-20 10:13:08,510 [s1@group-469FBF65F7A7-FollowerState] INFO  impl.RoleInfo (RoleInfo.java:updateAndGet(139)) - s1: start s1@group-469FBF65F7A7-LeaderElection88
2022-09-20 10:13:08,510 [s1@group-469FBF65F7A7-LeaderElection88] INFO  impl.LeaderElection (LeaderElection.java:askForVotes(308)) - s1@group-469FBF65F7A7-LeaderElection88 PRE_VOTE round 0: submit vote requests at term 2 for 133: peers:[s0|rpc:localhost:39281|admin:localhost:38455|client:localhost:36053|dataStream:localhost:45769|priority:0|startupRole:FOLLOWER, s1|rpc:localhost:46849|admin:localhost:41515|client:localhost:39119|dataStream:localhost:41703|priority:0|startupRole:FOLLOWER, s2|rpc:localhost:35167|admin:localhost:44965|client:localhost:40979|dataStream:localhost:34151|priority:0|startupRole:FOLLOWER]|listeners:[], old=null
2022-09-20 10:13:08,511 [grpc-default-executor-0] INFO  server.RaftServer$Division (RaftServerImpl.java:requestVote(1281)) - s2@group-469FBF65F7A7: receive requestVote(PRE_VOTE, s1, group-469FBF65F7A7, 2, (t:2, i:134))
2022-09-20 10:13:08,511 [grpc-default-executor-8] INFO  server.RaftServer$Division (RaftServerImpl.java:requestVote(1281)) - s0@group-469FBF65F7A7: receive requestVote(PRE_VOTE, s1, group-469FBF65F7A7, 2, (t:2, i:134))
2022-09-20 10:13:08,512 [grpc-default-executor-0] WARN  server.GrpcServerProtocolService (LogUtils.java:warn(122)) - s2: Failed requestVote s1->s2#0: org.apache.ratis.protocol.exceptions.ServerNotReadyException: s2@group-469FBF65F7A7 is not in [RUNNING]: current state is CLOSED
2022-09-20 10:13:08,512 [grpc-default-executor-8] WARN  server.GrpcServerProtocolService (LogUtils.java:warn(122)) - s0: Failed requestVote s1->s0#0: org.apache.ratis.protocol.exceptions.ServerNotReadyException: s0@group-469FBF65F7A7 is not in [RUNNING]: current state is CLOSED
2022-09-20 10:13:08,512 [s1@group-469FBF65F7A7-LeaderElection88] INFO  impl.LeaderElection (LogUtils.java:infoOrTrace(137)) - s1@group-469FBF65F7A7-LeaderElection88 got exception when requesting votes: java.util.concurrent.ExecutionException: org.apache.ratis.thirdparty.io.grpc.StatusRuntimeException: INTERNAL: s0@group-469FBF65F7A7 is not in [RUNNING]: current state is CLOSED
2022-09-20 10:13:08,512 [s1@group-469FBF65F7A7-LeaderElection88] INFO  impl.LeaderElection (LogUtils.java:infoOrTrace(137)) - s1@group-469FBF65F7A7-LeaderElection88 got exception when requesting votes: java.util.concurrent.ExecutionException: org.apache.ratis.thirdparty.io.grpc.StatusRuntimeException: INTERNAL: s2@group-469FBF65F7A7 is not in [RUNNING]: current state is CLOSED
2022-09-20 10:13:08,512 [s1@group-469FBF65F7A7-LeaderElection88] INFO  impl.LeaderElection (LeaderElection.java:logAndReturn(89)) - s1@group-469FBF65F7A7-LeaderElection88: PRE_VOTE REJECTED received 0 response(s) and 2 exception(s):
2022-09-20 10:13:08,512 [s1@group-469FBF65F7A7-LeaderElection88] INFO  impl.LeaderElection (LogUtils.java:infoOrTrace(137)) -   Exception 0: java.util.concurrent.ExecutionException: org.apache.ratis.thirdparty.io.grpc.StatusRuntimeException: INTERNAL: s0@group-469FBF65F7A7 is not in [RUNNING]: current state is CLOSED
2022-09-20 10:13:08,512 [s1@group-469FBF65F7A7-LeaderElection88] INFO  impl.LeaderElection (LogUtils.java:infoOrTrace(137)) -   Exception 1: java.util.concurrent.ExecutionException: org.apache.ratis.thirdparty.io.grpc.StatusRuntimeException: INTERNAL: s2@group-469FBF65F7A7 is not in [RUNNING]: current state is CLOSED
2022-09-20 10:13:08,512 [s1@group-469FBF65F7A7-LeaderElection88] INFO  impl.LeaderElection (LeaderElection.java:askForVotes(310)) - s1@group-469FBF65F7A7-LeaderElection88 PRE_VOTE round 0: result REJECTED
2022-09-20 10:13:08,512 [s1@group-469FBF65F7A7-LeaderElection88] INFO  server.RaftServer$Division (RaftServerImpl.java:setRole(317)) - s1@group-469FBF65F7A7: changes role from CANDIDATE to FOLLOWER at term 2 for REJECTED
2022-09-20 10:13:08,513 [s1@group-469FBF65F7A7-LeaderElection88] INFO  impl.RoleInfo (RoleInfo.java:shutdownLeaderElection(130)) - s1: shutdown s1@group-469FBF65F7A7-LeaderElection88
2022-09-20 10:13:08,513 [s1@group-469FBF65F7A7-LeaderElection88] INFO  impl.RoleInfo (RoleInfo.java:updateAndGet(139)) - s1: start s1@group-469FBF65F7A7-FollowerState
2022-09-20 10:13:08,784 [s1@group-469FBF65F7A7-FollowerState] INFO  impl.FollowerState (FollowerState.java:run(141)) - s1@group-469FBF65F7A7-FollowerState: change to CANDIDATE, lastRpcElapsedTime:271566966ns, electionTimeout:271ms
2022-09-20 10:13:08,784 [s1@group-469FBF65F7A7-FollowerState] INFO  impl.RoleInfo (RoleInfo.java:shutdownFollowerState(110)) - s1: shutdown s1@group-469FBF65F7A7-FollowerState
2022-09-20 10:13:08,784 [s1@group-469FBF65F7A7-FollowerState] INFO  server.RaftServer$Division (RaftServerImpl.java:setRole(317)) - s1@group-469FBF65F7A7: changes role from  FOLLOWER to CANDIDATE at term 2 for changeToCandidate
2022-09-20 10:13:08,784 [s1@group-469FBF65F7A7-FollowerState] INFO  server.RaftServerConfigKeys (ConfUtils.java:logGet(46)) - raft.server.leaderelection.pre-vote = true (default)
2022-09-20 10:13:08,784 [s1@group-469FBF65F7A7-FollowerState] INFO  impl.RoleInfo (RoleInfo.java:updateAndGet(139)) - s1: start s1@group-469FBF65F7A7-LeaderElection89
2022-09-20 10:13:08,785 [s1@group-469FBF65F7A7-LeaderElection89] INFO  impl.LeaderElection (LeaderElection.java:askForVotes(308)) - s1@group-469FBF65F7A7-LeaderElection89 PRE_VOTE round 0: submit vote requests at term 2 for 133: peers:[s0|rpc:localhost:39281|admin:localhost:38455|client:localhost:36053|dataStream:localhost:45769|priority:0|startupRole:FOLLOWER, s1|rpc:localhost:46849|admin:localhost:41515|client:localhost:39119|dataStream:localhost:41703|priority:0|startupRole:FOLLOWER, s2|rpc:localhost:35167|admin:localhost:44965|client:localhost:40979|dataStream:localhost:34151|priority:0|startupRole:FOLLOWER]|listeners:[], old=null
2022-09-20 10:13:08,786 [grpc-default-executor-5] INFO  server.RaftServer$Division (RaftServerImpl.java:requestVote(1281)) - s0@group-469FBF65F7A7: receive requestVote(PRE_VOTE, s1, group-469FBF65F7A7, 2, (t:2, i:134))
2022-09-20 10:13:08,786 [grpc-default-executor-5] WARN  server.GrpcServerProtocolService (LogUtils.java:warn(122)) - s0: Failed requestVote s1->s0#0: org.apache.ratis.protocol.exceptions.ServerNotReadyException: s0@group-469FBF65F7A7 is not in [RUNNING]: current state is CLOSED
2022-09-20 10:13:08,787 [grpc-default-executor-8] INFO  server.RaftServer$Division (RaftServerImpl.java:requestVote(1281)) - s2@group-469FBF65F7A7: receive requestVote(PRE_VOTE, s1, group-469FBF65F7A7, 2, (t:2, i:134))
2022-09-20 10:13:08,787 [grpc-default-executor-8] WARN  server.GrpcServerProtocolService (LogUtils.java:warn(122)) - s2: Failed requestVote s1->s2#0: org.apache.ratis.protocol.exceptions.ServerNotReadyException: s2@group-469FBF65F7A7 is not in [RUNNING]: current state is CLOSED
2022-09-20 10:13:08,787 [s1@group-469FBF65F7A7-LeaderElection89] INFO  impl.LeaderElection (LogUtils.java:infoOrTrace(137)) - s1@group-469FBF65F7A7-LeaderElection89 got exception when requesting votes: java.util.concurrent.ExecutionException: org.apache.ratis.thirdparty.io.grpc.StatusRuntimeException: INTERNAL: s0@group-469FBF65F7A7 is not in [RUNNING]: current state is CLOSED
2022-09-20 10:13:08,787 [s1@group-469FBF65F7A7-LeaderElection89] INFO  impl.LeaderElection (LogUtils.java:infoOrTrace(137)) - s1@group-469FBF65F7A7-LeaderElection89 got exception when requesting votes: java.util.concurrent.ExecutionException: org.apache.ratis.thirdparty.io.grpc.StatusRuntimeException: INTERNAL: s2@group-469FBF65F7A7 is not in [RUNNING]: current state is CLOSED
2022-09-20 10:13:08,787 [s1@group-469FBF65F7A7-LeaderElection89] INFO  impl.LeaderElection (LeaderElection.java:logAndReturn(89)) - s1@group-469FBF65F7A7-LeaderElection89: PRE_VOTE REJECTED received 0 response(s) and 2 exception(s):
2022-09-20 10:13:08,787 [s1@group-469FBF65F7A7-LeaderElection89] INFO  impl.LeaderElection (LogUtils.java:infoOrTrace(137)) -   Exception 0: java.util.concurrent.ExecutionException: org.apache.ratis.thirdparty.io.grpc.StatusRuntimeException: INTERNAL: s0@group-469FBF65F7A7 is not in [RUNNING]: current state is CLOSED
2022-09-20 10:13:08,788 [s1@group-469FBF65F7A7-LeaderElection89] INFO  impl.LeaderElection (LogUtils.java:infoOrTrace(137)) -   Exception 1: java.util.concurrent.ExecutionException: org.apache.ratis.thirdparty.io.grpc.StatusRuntimeException: INTERNAL: s2@group-469FBF65F7A7 is not in [RUNNING]: current state is CLOSED
2022-09-20 10:13:08,788 [s1@group-469FBF65F7A7-LeaderElection89] INFO  impl.LeaderElection (LeaderElection.java:askForVotes(310)) - s1@group-469FBF65F7A7-LeaderElection89 PRE_VOTE round 0: result REJECTED
2022-09-20 10:13:08,788 [s1@group-469FBF65F7A7-LeaderElection89] INFO  server.RaftServer$Division (RaftServerImpl.java:setRole(317)) - s1@group-469FBF65F7A7: changes role from CANDIDATE to FOLLOWER at term 2 for REJECTED
2022-09-20 10:13:08,788 [s1@group-469FBF65F7A7-LeaderElection89] INFO  impl.RoleInfo (RoleInfo.java:shutdownLeaderElection(130)) - s1: shutdown s1@group-469FBF65F7A7-LeaderElection89
2022-09-20 10:13:08,788 [s1@group-469FBF65F7A7-LeaderElection89] INFO  impl.RoleInfo (RoleInfo.java:updateAndGet(139)) - s1: start s1@group-469FBF65F7A7-FollowerState
2022-09-20 10:13:09,000 [s1@group-469FBF65F7A7-FollowerState] INFO  impl.FollowerState (FollowerState.java:run(141)) - s1@group-469FBF65F7A7-FollowerState: change to CANDIDATE, lastRpcElapsedTime:212652132ns, electionTimeout:212ms
2022-09-20 10:13:09,001 [s1@group-469FBF65F7A7-FollowerState] INFO  impl.RoleInfo (RoleInfo.java:shutdownFollowerState(110)) - s1: shutdown s1@group-469FBF65F7A7-FollowerState
2022-09-20 10:13:09,001 [s1@group-469FBF65F7A7-FollowerState] INFO  server.RaftServer$Division (RaftServerImpl.java:setRole(317)) - s1@group-469FBF65F7A7: changes role from  FOLLOWER to CANDIDATE at term 2 for changeToCandidate
2022-09-20 10:13:09,001 [s1@group-469FBF65F7A7-FollowerState] INFO  server.RaftServerConfigKeys (ConfUtils.java:logGet(46)) - raft.server.leaderelection.pre-vote = true (default)
2022-09-20 10:13:09,001 [s1@group-469FBF65F7A7-FollowerState] INFO  impl.RoleInfo (RoleInfo.java:updateAndGet(139)) - s1: start s1@group-469FBF65F7A7-LeaderElection90
2022-09-20 10:13:09,001 [s1@group-469FBF65F7A7-LeaderElection90] INFO  impl.LeaderElection (LeaderElection.java:askForVotes(308)) - s1@group-469FBF65F7A7-LeaderElection90 PRE_VOTE round 0: submit vote requests at term 2 for 133: peers:[s0|rpc:localhost:39281|admin:localhost:38455|client:localhost:36053|dataStream:localhost:45769|priority:0|startupRole:FOLLOWER, s1|rpc:localhost:46849|admin:localhost:41515|client:localhost:39119|dataStream:localhost:41703|priority:0|startupRole:FOLLOWER, s2|rpc:localhost:35167|admin:localhost:44965|client:localhost:40979|dataStream:localhost:34151|priority:0|startupRole:FOLLOWER]|listeners:[], old=null
2022-09-20 10:13:09,002 [grpc-default-executor-0] INFO  server.RaftServer$Division (RaftServerImpl.java:requestVote(1281)) - s2@group-469FBF65F7A7: receive requestVote(PRE_VOTE, s1, group-469FBF65F7A7, 2, (t:2, i:134))
2022-09-20 10:13:09,002 [grpc-default-executor-0] WARN  server.GrpcServerProtocolService (LogUtils.java:warn(122)) - s2: Failed requestVote s1->s2#0: org.apache.ratis.protocol.exceptions.ServerNotReadyException: s2@group-469FBF65F7A7 is not in [RUNNING]: current state is CLOSED
2022-09-20 10:13:09,002 [grpc-default-executor-8] INFO  server.RaftServer$Division (RaftServerImpl.java:requestVote(1281)) - s0@group-469FBF65F7A7: receive requestVote(PRE_VOTE, s1, group-469FBF65F7A7, 2, (t:2, i:134))
2022-09-20 10:13:09,003 [grpc-default-executor-8] WARN  server.GrpcServerProtocolService (LogUtils.java:warn(122)) - s0: Failed requestVote s1->s0#0: org.apache.ratis.protocol.exceptions.ServerNotReadyException: s0@group-469FBF65F7A7 is not in [RUNNING]: current state is CLOSED
2022-09-20 10:13:09,004 [s1@group-469FBF65F7A7-LeaderElection90] INFO  impl.LeaderElection (LogUtils.java:infoOrTrace(137)) - s1@group-469FBF65F7A7-LeaderElection90 got exception when requesting votes: java.util.concurrent.ExecutionException: org.apache.ratis.thirdparty.io.grpc.StatusRuntimeException: INTERNAL: s2@group-469FBF65F7A7 is not in [RUNNING]: current state is CLOSED
2022-09-20 10:13:09,004 [s1@group-469FBF65F7A7-LeaderElection90] INFO  impl.LeaderElection (LogUtils.java:infoOrTrace(137)) - s1@group-469FBF65F7A7-LeaderElection90 got exception when requesting votes: java.util.concurrent.ExecutionException: org.apache.ratis.thirdparty.io.grpc.StatusRuntimeException: INTERNAL: s0@group-469FBF65F7A7 is not in [RUNNING]: current state is CLOSED
2022-09-20 10:13:09,004 [s1@group-469FBF65F7A7-LeaderElection90] INFO  impl.LeaderElection (LeaderElection.java:logAndReturn(89)) - s1@group-469FBF65F7A7-LeaderElection90: PRE_VOTE REJECTED received 0 response(s) and 2 exception(s):
2022-09-20 10:13:09,004 [s1@group-469FBF65F7A7-LeaderElection90] INFO  impl.LeaderElection (LogUtils.java:infoOrTrace(137)) -   Exception 0: java.util.concurrent.ExecutionException: org.apache.ratis.thirdparty.io.grpc.StatusRuntimeException: INTERNAL: s2@group-469FBF65F7A7 is not in [RUNNING]: current state is CLOSED
2022-09-20 10:13:09,004 [s1@group-469FBF65F7A7-LeaderElection90] INFO  impl.LeaderElection (LogUtils.java:infoOrTrace(137)) -   Exception 1: java.util.concurrent.ExecutionException: org.apache.ratis.thirdparty.io.grpc.StatusRuntimeException: INTERNAL: s0@group-469FBF65F7A7 is not in [RUNNING]: current state is CLOSED
2022-09-20 10:13:09,004 [s1@group-469FBF65F7A7-LeaderElection90] INFO  impl.LeaderElection (LeaderElection.java:askForVotes(310)) - s1@group-469FBF65F7A7-LeaderElection90 PRE_VOTE round 0: result REJECTED
2022-09-20 10:13:09,004 [s1@group-469FBF65F7A7-LeaderElection90] INFO  server.RaftServer$Division (RaftServerImpl.java:setRole(317)) - s1@group-469FBF65F7A7: changes role from CANDIDATE to FOLLOWER at term 2 for REJECTED
2022-09-20 10:13:09,004 [s1@group-469FBF65F7A7-LeaderElection90] INFO  impl.RoleInfo (RoleInfo.java:shutdownLeaderElection(130)) - s1: shutdown s1@group-469FBF65F7A7-LeaderElection90
2022-09-20 10:13:09,004 [s1@group-469FBF65F7A7-LeaderElection90] INFO  impl.RoleInfo (RoleInfo.java:updateAndGet(139)) - s1: start s1@group-469FBF65F7A7-FollowerState
2022-09-20 10:13:09,030 [null-request--thread1] INFO  server.GrpcClientProtocolService (GrpcClientProtocolService.java:lambda$processClientRequest$0(284)) - Failed RaftClientRequest:client-76B04C62A16F->s1@group-469FBF65F7A7, cid=451, seq=0, RW, Message:6d3635, reply=RaftClientReply:client-76B04C62A16F->s1@group-469FBF65F7A7, cid=451, FAILED org.apache.ratis.protocol.exceptions.NotLeaderException: Server s1@group-469FBF65F7A7 is not the leader, logIndex=0, commits[s1:c133, s0:c130, s2:c133]
2022-09-20 10:13:09,177 [s1@group-469FBF65F7A7-FollowerState] INFO  impl.FollowerState (FollowerState.java:run(141)) - s1@group-469FBF65F7A7-FollowerState: change to CANDIDATE, lastRpcElapsedTime:172641330ns, electionTimeout:172ms
2022-09-20 10:13:09,177 [s1@group-469FBF65F7A7-FollowerState] INFO  impl.RoleInfo (RoleInfo.java:shutdownFollowerState(110)) - s1: shutdown s1@group-469FBF65F7A7-FollowerState
2022-09-20 10:13:09,177 [s1@group-469FBF65F7A7-FollowerState] INFO  server.RaftServer$Division (RaftServerImpl.java:setRole(317)) - s1@group-469FBF65F7A7: changes role from  FOLLOWER to CANDIDATE at term 2 for changeToCandidate
2022-09-20 10:13:09,177 [s1@group-469FBF65F7A7-FollowerState] INFO  server.RaftServerConfigKeys (ConfUtils.java:logGet(46)) - raft.server.leaderelection.pre-vote = true (default)
2022-09-20 10:13:09,177 [s1@group-469FBF65F7A7-FollowerState] INFO  impl.RoleInfo (RoleInfo.java:updateAndGet(139)) - s1: start s1@group-469FBF65F7A7-LeaderElection91
2022-09-20 10:13:09,177 [s1@group-469FBF65F7A7-LeaderElection91] INFO  impl.LeaderElection (LeaderElection.java:askForVotes(308)) - s1@group-469FBF65F7A7-LeaderElection91 PRE_VOTE round 0: submit vote requests at term 2 for 133: peers:[s0|rpc:localhost:39281|admin:localhost:38455|client:localhost:36053|dataStream:localhost:45769|priority:0|startupRole:FOLLOWER, s1|rpc:localhost:46849|admin:localhost:41515|client:localhost:39119|dataStream:localhost:41703|priority:0|startupRole:FOLLOWER, s2|rpc:localhost:35167|admin:localhost:44965|client:localhost:40979|dataStream:localhost:34151|priority:0|startupRole:FOLLOWER]|listeners:[], old=null
2022-09-20 10:13:09,179 [grpc-default-executor-5] INFO  server.RaftServer$Division (RaftServerImpl.java:requestVote(1281)) - s0@group-469FBF65F7A7: receive requestVote(PRE_VOTE, s1, group-469FBF65F7A7, 2, (t:2, i:134))
2022-09-20 10:13:09,179 [grpc-default-executor-5] WARN  server.GrpcServerProtocolService (LogUtils.java:warn(122)) - s0: Failed requestVote s1->s0#0: org.apache.ratis.protocol.exceptions.ServerNotReadyException: s0@group-469FBF65F7A7 is not in [RUNNING]: current state is CLOSED
2022-09-20 10:13:09,179 [grpc-default-executor-0] INFO  server.RaftServer$Division (RaftServerImpl.java:requestVote(1281)) - s2@group-469FBF65F7A7: receive requestVote(PRE_VOTE, s1, group-469FBF65F7A7, 2, (t:2, i:134))
2022-09-20 10:13:09,179 [grpc-default-executor-0] WARN  server.GrpcServerProtocolService (LogUtils.java:warn(122)) - s2: Failed requestVote s1->s2#0: org.apache.ratis.protocol.exceptions.ServerNotReadyException: s2@group-469FBF65F7A7 is not in [RUNNING]: current state is CLOSED
2022-09-20 10:13:09,179 [s1@group-469FBF65F7A7-LeaderElection91] INFO  impl.LeaderElection (LogUtils.java:infoOrTrace(137)) - s1@group-469FBF65F7A7-LeaderElection91 got exception when requesting votes: java.util.concurrent.ExecutionException: org.apache.ratis.thirdparty.io.grpc.StatusRuntimeException: INTERNAL: s2@group-469FBF65F7A7 is not in [RUNNING]: current state is CLOSED
2022-09-20 10:13:09,179 [s1@group-469FBF65F7A7-LeaderElection91] INFO  impl.LeaderElection (LogUtils.java:infoOrTrace(137)) - s1@group-469FBF65F7A7-LeaderElection91 got exception when requesting votes: java.util.concurrent.ExecutionException: org.apache.ratis.thirdparty.io.grpc.StatusRuntimeException: INTERNAL: s0@group-469FBF65F7A7 is not in [RUNNING]: current state is CLOSED
2022-09-20 10:13:09,180 [s1@group-469FBF65F7A7-LeaderElection91] INFO  impl.LeaderElection (LeaderElection.java:logAndReturn(89)) - s1@group-469FBF65F7A7-LeaderElection91: PRE_VOTE REJECTED received 0 response(s) and 2 exception(s):
2022-09-20 10:13:09,180 [s1@group-469FBF65F7A7-LeaderElection91] INFO  impl.LeaderElection (LogUtils.java:infoOrTrace(137)) -   Exception 0: java.util.concurrent.ExecutionException: org.apache.ratis.thirdparty.io.grpc.StatusRuntimeException: INTERNAL: s2@group-469FBF65F7A7 is not in [RUNNING]: current state is CLOSED
2022-09-20 10:13:09,180 [s1@group-469FBF65F7A7-LeaderElection91] INFO  impl.LeaderElection (LogUtils.java:infoOrTrace(137)) -   Exception 1: java.util.concurrent.ExecutionException: org.apache.ratis.thirdparty.io.grpc.StatusRuntimeException: INTERNAL: s0@group-469FBF65F7A7 is not in [RUNNING]: current state is CLOSED
2022-09-20 10:13:09,180 [s1@group-469FBF65F7A7-LeaderElection91] INFO  impl.LeaderElection (LeaderElection.java:askForVotes(310)) - s1@group-469FBF65F7A7-LeaderElection91 PRE_VOTE round 0: result REJECTED
2022-09-20 10:13:09,180 [s1@group-469FBF65F7A7-LeaderElection91] INFO  server.RaftServer$Division (RaftServerImpl.java:setRole(317)) - s1@group-469FBF65F7A7: changes role from CANDIDATE to FOLLOWER at term 2 for REJECTED
2022-09-20 10:13:09,180 [s1@group-469FBF65F7A7-LeaderElection91] INFO  impl.RoleInfo (RoleInfo.java:shutdownLeaderElection(130)) - s1: shutdown s1@group-469FBF65F7A7-LeaderElection91
2022-09-20 10:13:09,180 [s1@group-469FBF65F7A7-LeaderElection91] INFO  impl.RoleInfo (RoleInfo.java:updateAndGet(139)) - s1: start s1@group-469FBF65F7A7-FollowerState
2022-09-20 10:13:09,348 [null-request--thread1] INFO  server.GrpcClientProtocolService (GrpcClientProtocolService.java:lambda$processClientRequest$0(284)) - Failed RaftClientRequest:client-76B04C62A16F->s1@group-469FBF65F7A7, cid=451, seq=0, RW, Message:6d3635, reply=RaftClientReply:client-76B04C62A16F->s1@group-469FBF65F7A7, cid=451, FAILED org.apache.ratis.protocol.exceptions.NotLeaderException: Server s1@group-469FBF65F7A7 is not the leader, logIndex=0, commits[s1:c133, s0:c130, s2:c133]
2022-09-20 10:13:09,376 [s1@group-469FBF65F7A7-FollowerState] INFO  impl.FollowerState (FollowerState.java:run(141)) - s1@group-469FBF65F7A7-FollowerState: change to CANDIDATE, lastRpcElapsedTime:196370746ns, electionTimeout:196ms
2022-09-20 10:13:09,376 [s1@group-469FBF65F7A7-FollowerState] INFO  impl.RoleInfo (RoleInfo.java:shutdownFollowerState(110)) - s1: shutdown s1@group-469FBF65F7A7-FollowerState
2022-09-20 10:13:09,376 [s1@group-469FBF65F7A7-FollowerState] INFO  server.RaftServer$Division (RaftServerImpl.java:setRole(317)) - s1@group-469FBF65F7A7: changes role from  FOLLOWER to CANDIDATE at term 2 for changeToCandidate
2022-09-20 10:13:09,376 [s1@group-469FBF65F7A7-FollowerState] INFO  server.RaftServerConfigKeys (ConfUtils.java:logGet(46)) - raft.server.leaderelection.pre-vote = true (default)
2022-09-20 10:13:09,376 [s1@group-469FBF65F7A7-FollowerState] INFO  impl.RoleInfo (RoleInfo.java:updateAndGet(139)) - s1: start s1@group-469FBF65F7A7-LeaderElection92
2022-09-20 10:13:09,377 [s1@group-469FBF65F7A7-LeaderElection92] INFO  impl.LeaderElection (LeaderElection.java:askForVotes(308)) - s1@group-469FBF65F7A7-LeaderElection92 PRE_VOTE round 0: submit vote requests at term 2 for 133: peers:[s0|rpc:localhost:39281|admin:localhost:38455|client:localhost:36053|dataStream:localhost:45769|priority:0|startupRole:FOLLOWER, s1|rpc:localhost:46849|admin:localhost:41515|client:localhost:39119|dataStream:localhost:41703|priority:0|startupRole:FOLLOWER, s2|rpc:localhost:35167|admin:localhost:44965|client:localhost:40979|dataStream:localhost:34151|priority:0|startupRole:FOLLOWER]|listeners:[], old=null
2022-09-20 10:13:09,380 [grpc-default-executor-8] INFO  server.RaftServer$Division (RaftServerImpl.java:requestVote(1281)) - s0@group-469FBF65F7A7: receive requestVote(PRE_VOTE, s1, group-469FBF65F7A7, 2, (t:2, i:134))
2022-09-20 10:13:09,380 [grpc-default-executor-8] WARN  server.GrpcServerProtocolService (LogUtils.java:warn(122)) - s0: Failed requestVote s1->s0#0: org.apache.ratis.protocol.exceptions.ServerNotReadyException: s0@group-469FBF65F7A7 is not in [RUNNING]: current state is CLOSED
2022-09-20 10:13:09,385 [s1@group-469FBF65F7A7-LeaderElection92] INFO  impl.LeaderElection (LogUtils.java:infoOrTrace(137)) - s1@group-469FBF65F7A7-LeaderElection92 got exception when requesting votes: java.util.concurrent.ExecutionException: org.apache.ratis.thirdparty.io.grpc.StatusRuntimeException: INTERNAL: s0@group-469FBF65F7A7 is not in [RUNNING]: current state is CLOSED
2022-09-20 10:13:09,385 [grpc-default-executor-0] INFO  server.RaftServer$Division (RaftServerImpl.java:requestVote(1281)) - s2@group-469FBF65F7A7: receive requestVote(PRE_VOTE, s1, group-469FBF65F7A7, 2, (t:2, i:134))
2022-09-20 10:13:09,385 [grpc-default-executor-0] WARN  server.GrpcServerProtocolService (LogUtils.java:warn(122)) - s2: Failed requestVote s1->s2#0: org.apache.ratis.protocol.exceptions.ServerNotReadyException: s2@group-469FBF65F7A7 is not in [RUNNING]: current state is CLOSED
2022-09-20 10:13:09,390 [s1@group-469FBF65F7A7-LeaderElection92] INFO  impl.LeaderElection (LogUtils.java:infoOrTrace(137)) - s1@group-469FBF65F7A7-LeaderElection92 got exception when requesting votes: java.util.concurrent.ExecutionException: org.apache.ratis.thirdparty.io.grpc.StatusRuntimeException: INTERNAL: s2@group-469FBF65F7A7 is not in [RUNNING]: current state is CLOSED
2022-09-20 10:13:09,390 [s1@group-469FBF65F7A7-LeaderElection92] INFO  impl.LeaderElection (LeaderElection.java:logAndReturn(89)) - s1@group-469FBF65F7A7-LeaderElection92: PRE_VOTE REJECTED received 0 response(s) and 2 exception(s):
2022-09-20 10:13:09,390 [s1@group-469FBF65F7A7-LeaderElection92] INFO  impl.LeaderElection (LogUtils.java:infoOrTrace(137)) -   Exception 0: java.util.concurrent.ExecutionException: org.apache.ratis.thirdparty.io.grpc.StatusRuntimeException: INTERNAL: s0@group-469FBF65F7A7 is not in [RUNNING]: current state is CLOSED
2022-09-20 10:13:09,390 [s1@group-469FBF65F7A7-LeaderElection92] INFO  impl.LeaderElection (LogUtils.java:infoOrTrace(137)) -   Exception 1: java.util.concurrent.ExecutionException: org.apache.ratis.thirdparty.io.grpc.StatusRuntimeException: INTERNAL: s2@group-469FBF65F7A7 is not in [RUNNING]: current state is CLOSED
2022-09-20 10:13:09,390 [s1@group-469FBF65F7A7-LeaderElection92] INFO  impl.LeaderElection (LeaderElection.java:askForVotes(310)) - s1@group-469FBF65F7A7-LeaderElection92 PRE_VOTE round 0: result REJECTED
2022-09-20 10:13:09,390 [s1@group-469FBF65F7A7-LeaderElection92] INFO  server.RaftServer$Division (RaftServerImpl.java:setRole(317)) - s1@group-469FBF65F7A7: changes role from CANDIDATE to FOLLOWER at term 2 for REJECTED
2022-09-20 10:13:09,390 [s1@group-469FBF65F7A7-LeaderElection92] INFO  impl.RoleInfo (RoleInfo.java:shutdownLeaderElection(130)) - s1: shutdown s1@group-469FBF65F7A7-LeaderElection92
2022-09-20 10:13:09,390 [s1@group-469FBF65F7A7-LeaderElection92] INFO  impl.RoleInfo (RoleInfo.java:updateAndGet(139)) - s1: start s1@group-469FBF65F7A7-FollowerState
2022-09-20 10:13:09,666 [null-request--thread1] INFO  server.GrpcClientProtocolService (GrpcClientProtocolService.java:lambda$processClientRequest$0(284)) - Failed RaftClientRequest:client-76B04C62A16F->s1@group-469FBF65F7A7, cid=451, seq=0, RW, Message:6d3635, reply=RaftClientReply:client-76B04C62A16F->s1@group-469FBF65F7A7, cid=451, FAILED org.apache.ratis.protocol.exceptions.NotLeaderException: Server s1@group-469FBF65F7A7 is not the leader, logIndex=0, commits[s1:c133, s0:c130, s2:c133]
2022-09-20 10:13:09,690 [s1@group-469FBF65F7A7-FollowerState] INFO  impl.FollowerState (FollowerState.java:run(141)) - s1@group-469FBF65F7A7-FollowerState: change to CANDIDATE, lastRpcElapsedTime:300464873ns, electionTimeout:300ms
2022-09-20 10:13:09,690 [s1@group-469FBF65F7A7-FollowerState] INFO  impl.RoleInfo (RoleInfo.java:shutdownFollowerState(110)) - s1: shutdown s1@group-469FBF65F7A7-FollowerState
2022-09-20 10:13:09,691 [s1@group-469FBF65F7A7-FollowerState] INFO  server.RaftServer$Division (RaftServerImpl.java:setRole(317)) - s1@group-469FBF65F7A7: changes role from  FOLLOWER to CANDIDATE at term 2 for changeToCandidate
2022-09-20 10:13:09,691 [s1@group-469FBF65F7A7-FollowerState] INFO  server.RaftServerConfigKeys (ConfUtils.java:logGet(46)) - raft.server.leaderelection.pre-vote = true (default)
2022-09-20 10:13:09,691 [s1@group-469FBF65F7A7-FollowerState] INFO  impl.RoleInfo (RoleInfo.java:updateAndGet(139)) - s1: start s1@group-469FBF65F7A7-LeaderElection93
2022-09-20 10:13:09,691 [s1@group-469FBF65F7A7-LeaderElection93] INFO  impl.LeaderElection (LeaderElection.java:askForVotes(308)) - s1@group-469FBF65F7A7-LeaderElection93 PRE_VOTE round 0: submit vote requests at term 2 for 133: peers:[s0|rpc:localhost:39281|admin:localhost:38455|client:localhost:36053|dataStream:localhost:45769|priority:0|startupRole:FOLLOWER, s1|rpc:localhost:46849|admin:localhost:41515|client:localhost:39119|dataStream:localhost:41703|priority:0|startupRole:FOLLOWER, s2|rpc:localhost:35167|admin:localhost:44965|client:localhost:40979|dataStream:localhost:34151|priority:0|startupRole:FOLLOWER]|listeners:[], old=null
2022-09-20 10:13:09,693 [grpc-default-executor-0] INFO  server.RaftServer$Division (RaftServerImpl.java:requestVote(1281)) - s0@group-469FBF65F7A7: receive requestVote(PRE_VOTE, s1, group-469FBF65F7A7, 2, (t:2, i:134))
2022-09-20 10:13:09,693 [grpc-default-executor-0] WARN  server.GrpcServerProtocolService (LogUtils.java:warn(122)) - s0: Failed requestVote s1->s0#0: org.apache.ratis.protocol.exceptions.ServerNotReadyException: s0@group-469FBF65F7A7 is not in [RUNNING]: current state is CLOSED
2022-09-20 10:13:09,694 [s1@group-469FBF65F7A7-LeaderElection93] INFO  impl.LeaderElection (LogUtils.java:infoOrTrace(137)) - s1@group-469FBF65F7A7-LeaderElection93 got exception when requesting votes: java.util.concurrent.ExecutionException: org.apache.ratis.thirdparty.io.grpc.StatusRuntimeException: INTERNAL: s0@group-469FBF65F7A7 is not in [RUNNING]: current state is CLOSED
2022-09-20 10:13:09,694 [grpc-default-executor-0] INFO  server.RaftServer$Division (RaftServerImpl.java:requestVote(1281)) - s2@group-469FBF65F7A7: receive requestVote(PRE_VOTE, s1, group-469FBF65F7A7, 2, (t:2, i:134))
2022-09-20 10:13:09,695 [grpc-default-executor-0] WARN  server.GrpcServerProtocolService (LogUtils.java:warn(122)) - s2: Failed requestVote s1->s2#0: org.apache.ratis.protocol.exceptions.ServerNotReadyException: s2@group-469FBF65F7A7 is not in [RUNNING]: current state is CLOSED
2022-09-20 10:13:09,695 [s1@group-469FBF65F7A7-LeaderElection93] INFO  impl.LeaderElection (LogUtils.java:infoOrTrace(137)) - s1@group-469FBF65F7A7-LeaderElection93 got exception when requesting votes: java.util.concurrent.ExecutionException: org.apache.ratis.thirdparty.io.grpc.StatusRuntimeException: INTERNAL: s2@group-469FBF65F7A7 is not in [RUNNING]: current state is CLOSED
2022-09-20 10:13:09,695 [s1@group-469FBF65F7A7-LeaderElection93] INFO  impl.LeaderElection (LeaderElection.java:logAndReturn(89)) - s1@group-469FBF65F7A7-LeaderElection93: PRE_VOTE REJECTED received 0 response(s) and 2 exception(s):
2022-09-20 10:13:09,695 [s1@group-469FBF65F7A7-LeaderElection93] INFO  impl.LeaderElection (LogUtils.java:infoOrTrace(137)) -   Exception 0: java.util.concurrent.ExecutionException: org.apache.ratis.thirdparty.io.grpc.StatusRuntimeException: INTERNAL: s0@group-469FBF65F7A7 is not in [RUNNING]: current state is CLOSED
2022-09-20 10:13:09,695 [s1@group-469FBF65F7A7-LeaderElection93] INFO  impl.LeaderElection (LogUtils.java:infoOrTrace(137)) -   Exception 1: java.util.concurrent.ExecutionException: org.apache.ratis.thirdparty.io.grpc.StatusRuntimeException: INTERNAL: s2@group-469FBF65F7A7 is not in [RUNNING]: current state is CLOSED
2022-09-20 10:13:09,695 [s1@group-469FBF65F7A7-LeaderElection93] INFO  impl.LeaderElection (LeaderElection.java:askForVotes(310)) - s1@group-469FBF65F7A7-LeaderElection93 PRE_VOTE round 0: result REJECTED
2022-09-20 10:13:09,695 [s1@group-469FBF65F7A7-LeaderElection93] INFO  server.RaftServer$Division (RaftServerImpl.java:setRole(317)) - s1@group-469FBF65F7A7: changes role from CANDIDATE to FOLLOWER at term 2 for REJECTED
2022-09-20 10:13:09,695 [s1@group-469FBF65F7A7-LeaderElection93] INFO  impl.RoleInfo (RoleInfo.java:shutdownLeaderElection(130)) - s1: shutdown s1@group-469FBF65F7A7-LeaderElection93
2022-09-20 10:13:09,695 [s1@group-469FBF65F7A7-LeaderElection93] INFO  impl.RoleInfo (RoleInfo.java:updateAndGet(139)) - s1: start s1@group-469FBF65F7A7-FollowerState
2022-09-20 10:13:09,876 [null-request--thread1] INFO  server.GrpcClientProtocolService (GrpcClientProtocolService.java:lambda$processClientRequest$0(284)) - Failed RaftClientRequest:client-76B04C62A16F->s1@group-469FBF65F7A7, cid=451, seq=0, RW, Message:6d3635, reply=RaftClientReply:client-76B04C62A16F->s1@group-469FBF65F7A7, cid=451, FAILED org.apache.ratis.protocol.exceptions.NotLeaderException: Server s1@group-469FBF65F7A7 is not the leader, logIndex=0, commits[s1:c133, s0:c130, s2:c133]
2022-09-20 10:13:09,916 [s1@group-469FBF65F7A7-FollowerState] INFO  impl.FollowerState (FollowerState.java:run(141)) - s1@group-469FBF65F7A7-FollowerState: change to CANDIDATE, lastRpcElapsedTime:220587271ns, electionTimeout:220ms
2022-09-20 10:13:09,916 [s1@group-469FBF65F7A7-FollowerState] INFO  impl.RoleInfo (RoleInfo.java:shutdownFollowerState(110)) - s1: shutdown s1@group-469FBF65F7A7-FollowerState
2022-09-20 10:13:09,916 [s1@group-469FBF65F7A7-FollowerState] INFO  server.RaftServer$Division (RaftServerImpl.java:setRole(317)) - s1@group-469FBF65F7A7: changes role from  FOLLOWER to CANDIDATE at term 2 for changeToCandidate
2022-09-20 10:13:09,916 [s1@group-469FBF65F7A7-FollowerState] INFO  server.RaftServerConfigKeys (ConfUtils.java:logGet(46)) - raft.server.leaderelection.pre-vote = true (default)
2022-09-20 10:13:09,916 [s1@group-469FBF65F7A7-FollowerState] INFO  impl.RoleInfo (RoleInfo.java:updateAndGet(139)) - s1: start s1@group-469FBF65F7A7-LeaderElection94
2022-09-20 10:13:09,917 [s1@group-469FBF65F7A7-LeaderElection94] INFO  impl.LeaderElection (LeaderElection.java:askForVotes(308)) - s1@group-469FBF65F7A7-LeaderElection94 PRE_VOTE round 0: submit vote requests at term 2 for 133: peers:[s0|rpc:localhost:39281|admin:localhost:38455|client:localhost:36053|dataStream:localhost:45769|priority:0|startupRole:FOLLOWER, s1|rpc:localhost:46849|admin:localhost:41515|client:localhost:39119|dataStream:localhost:41703|priority:0|startupRole:FOLLOWER, s2|rpc:localhost:35167|admin:localhost:44965|client:localhost:40979|dataStream:localhost:34151|priority:0|startupRole:FOLLOWER]|listeners:[], old=null
2022-09-20 10:13:09,919 [grpc-default-executor-5] INFO  server.RaftServer$Division (RaftServerImpl.java:requestVote(1281)) - s0@group-469FBF65F7A7: receive requestVote(PRE_VOTE, s1, group-469FBF65F7A7, 2, (t:2, i:134))
2022-09-20 10:13:09,919 [grpc-default-executor-5] WARN  server.GrpcServerProtocolService (LogUtils.java:warn(122)) - s0: Failed requestVote s1->s0#0: org.apache.ratis.protocol.exceptions.ServerNotReadyException: s0@group-469FBF65F7A7 is not in [RUNNING]: current state is CLOSED
2022-09-20 10:13:09,919 [grpc-default-executor-5] INFO  server.RaftServer$Division (RaftServerImpl.java:requestVote(1281)) - s2@group-469FBF65F7A7: receive requestVote(PRE_VOTE, s1, group-469FBF65F7A7, 2, (t:2, i:134))
2022-09-20 10:13:09,919 [grpc-default-executor-5] WARN  server.GrpcServerProtocolService (LogUtils.java:warn(122)) - s2: Failed requestVote s1->s2#0: org.apache.ratis.protocol.exceptions.ServerNotReadyException: s2@group-469FBF65F7A7 is not in [RUNNING]: current state is CLOSED
2022-09-20 10:13:09,921 [s1@group-469FBF65F7A7-LeaderElection94] INFO  impl.LeaderElection (LogUtils.java:infoOrTrace(137)) - s1@group-469FBF65F7A7-LeaderElection94 got exception when requesting votes: java.util.concurrent.ExecutionException: org.apache.ratis.thirdparty.io.grpc.StatusRuntimeException: INTERNAL: s0@group-469FBF65F7A7 is not in [RUNNING]: current state is CLOSED
2022-09-20 10:13:09,921 [s1@group-469FBF65F7A7-LeaderElection94] INFO  impl.LeaderElection (LogUtils.java:infoOrTrace(137)) - s1@group-469FBF65F7A7-LeaderElection94 got exception when requesting votes: java.util.concurrent.ExecutionException: org.apache.ratis.thirdparty.io.grpc.StatusRuntimeException: INTERNAL: s2@group-469FBF65F7A7 is not in [RUNNING]: current state is CLOSED
2022-09-20 10:13:09,921 [s1@group-469FBF65F7A7-LeaderElection94] INFO  impl.LeaderElection (LeaderElection.java:logAndReturn(89)) - s1@group-469FBF65F7A7-LeaderElection94: PRE_VOTE REJECTED received 0 response(s) and 2 exception(s):
2022-09-20 10:13:09,921 [s1@group-469FBF65F7A7-LeaderElection94] INFO  impl.LeaderElection (LogUtils.java:infoOrTrace(137)) -   Exception 0: java.util.concurrent.ExecutionException: org.apache.ratis.thirdparty.io.grpc.StatusRuntimeException: INTERNAL: s0@group-469FBF65F7A7 is not in [RUNNING]: current state is CLOSED
2022-09-20 10:13:09,921 [s1@group-469FBF65F7A7-LeaderElection94] INFO  impl.LeaderElection (LogUtils.java:infoOrTrace(137)) -   Exception 1: java.util.concurrent.ExecutionException: org.apache.ratis.thirdparty.io.grpc.StatusRuntimeException: INTERNAL: s2@group-469FBF65F7A7 is not in [RUNNING]: current state is CLOSED
2022-09-20 10:13:09,921 [s1@group-469FBF65F7A7-LeaderElection94] INFO  impl.LeaderElection (LeaderElection.java:askForVotes(310)) - s1@group-469FBF65F7A7-LeaderElection94 PRE_VOTE round 0: result REJECTED
2022-09-20 10:13:09,921 [s1@group-469FBF65F7A7-LeaderElection94] INFO  server.RaftServer$Division (RaftServerImpl.java:setRole(317)) - s1@group-469FBF65F7A7: changes role from CANDIDATE to FOLLOWER at term 2 for REJECTED
2022-09-20 10:13:09,921 [s1@group-469FBF65F7A7-LeaderElection94] INFO  impl.RoleInfo (RoleInfo.java:shutdownLeaderElection(130)) - s1: shutdown s1@group-469FBF65F7A7-LeaderElection94
2022-09-20 10:13:09,921 [s1@group-469FBF65F7A7-LeaderElection94] INFO  impl.RoleInfo (RoleInfo.java:updateAndGet(139)) - s1: start s1@group-469FBF65F7A7-FollowerState
2022-09-20 10:13:10,114 [s1@group-469FBF65F7A7-FollowerState] INFO  impl.FollowerState (FollowerState.java:run(141)) - s1@group-469FBF65F7A7-FollowerState: change to CANDIDATE, lastRpcElapsedTime:192572879ns, electionTimeout:192ms
2022-09-20 10:13:10,114 [s1@group-469FBF65F7A7-FollowerState] INFO  impl.RoleInfo (RoleInfo.java:shutdownFollowerState(110)) - s1: shutdown s1@group-469FBF65F7A7-FollowerState
2022-09-20 10:13:10,114 [s1@group-469FBF65F7A7-FollowerState] INFO  server.RaftServer$Division (RaftServerImpl.java:setRole(317)) - s1@group-469FBF65F7A7: changes role from  FOLLOWER to CANDIDATE at term 2 for changeToCandidate
2022-09-20 10:13:10,114 [s1@group-469FBF65F7A7-FollowerState] INFO  server.RaftServerConfigKeys (ConfUtils.java:logGet(46)) - raft.server.leaderelection.pre-vote = true (default)
2022-09-20 10:13:10,114 [s1@group-469FBF65F7A7-FollowerState] INFO  impl.RoleInfo (RoleInfo.java:updateAndGet(139)) - s1: start s1@group-469FBF65F7A7-LeaderElection95
2022-09-20 10:13:10,114 [s1@group-469FBF65F7A7-LeaderElection95] INFO  impl.LeaderElection (LeaderElection.java:askForVotes(308)) - s1@group-469FBF65F7A7-LeaderElection95 PRE_VOTE round 0: submit vote requests at term 2 for 133: peers:[s0|rpc:localhost:39281|admin:localhost:38455|client:localhost:36053|dataStream:localhost:45769|priority:0|startupRole:FOLLOWER, s1|rpc:localhost:46849|admin:localhost:41515|client:localhost:39119|dataStream:localhost:41703|priority:0|startupRole:FOLLOWER, s2|rpc:localhost:35167|admin:localhost:44965|client:localhost:40979|dataStream:localhost:34151|priority:0|startupRole:FOLLOWER]|listeners:[], old=null
2022-09-20 10:13:10,115 [grpc-default-executor-0] INFO  server.RaftServer$Division (RaftServerImpl.java:requestVote(1281)) - s2@group-469FBF65F7A7: receive requestVote(PRE_VOTE, s1, group-469FBF65F7A7, 2, (t:2, i:134))
2022-09-20 10:13:10,116 [grpc-default-executor-0] WARN  server.GrpcServerProtocolService (LogUtils.java:warn(122)) - s2: Failed requestVote s1->s2#0: org.apache.ratis.protocol.exceptions.ServerNotReadyException: s2@group-469FBF65F7A7 is not in [RUNNING]: current state is CLOSED
2022-09-20 10:13:10,116 [s1@group-469FBF65F7A7-LeaderElection95] INFO  impl.LeaderElection (LogUtils.java:infoOrTrace(137)) - s1@group-469FBF65F7A7-LeaderElection95 got exception when requesting votes: java.util.concurrent.ExecutionException: org.apache.ratis.thirdparty.io.grpc.StatusRuntimeException: INTERNAL: s2@group-469FBF65F7A7 is not in [RUNNING]: current state is CLOSED
2022-09-20 10:13:10,116 [grpc-default-executor-0] INFO  server.RaftServer$Division (RaftServerImpl.java:requestVote(1281)) - s0@group-469FBF65F7A7: receive requestVote(PRE_VOTE, s1, group-469FBF65F7A7, 2, (t:2, i:134))
2022-09-20 10:13:10,116 [grpc-default-executor-0] WARN  server.GrpcServerProtocolService (LogUtils.java:warn(122)) - s0: Failed requestVote s1->s0#0: org.apache.ratis.protocol.exceptions.ServerNotReadyException: s0@group-469FBF65F7A7 is not in [RUNNING]: current state is CLOSED
2022-09-20 10:13:10,120 [s1@group-469FBF65F7A7-LeaderElection95] INFO  impl.LeaderElection (LogUtils.java:infoOrTrace(137)) - s1@group-469FBF65F7A7-LeaderElection95 got exception when requesting votes: java.util.concurrent.ExecutionException: org.apache.ratis.thirdparty.io.grpc.StatusRuntimeException: INTERNAL: s0@group-469FBF65F7A7 is not in [RUNNING]: current state is CLOSED
2022-09-20 10:13:10,120 [s1@group-469FBF65F7A7-LeaderElection95] INFO  impl.LeaderElection (LeaderElection.java:logAndReturn(89)) - s1@group-469FBF65F7A7-LeaderElection95: PRE_VOTE REJECTED received 0 response(s) and 2 exception(s):
2022-09-20 10:13:10,120 [s1@group-469FBF65F7A7-LeaderElection95] INFO  impl.LeaderElection (LogUtils.java:infoOrTrace(137)) -   Exception 0: java.util.concurrent.ExecutionException: org.apache.ratis.thirdparty.io.grpc.StatusRuntimeException: INTERNAL: s2@group-469FBF65F7A7 is not in [RUNNING]: current state is CLOSED
2022-09-20 10:13:10,120 [s1@group-469FBF65F7A7-LeaderElection95] INFO  impl.LeaderElection (LogUtils.java:infoOrTrace(137)) -   Exception 1: java.util.concurrent.ExecutionException: org.apache.ratis.thirdparty.io.grpc.StatusRuntimeException: INTERNAL: s0@group-469FBF65F7A7 is not in [RUNNING]: current state is CLOSED
2022-09-20 10:13:10,120 [s1@group-469FBF65F7A7-LeaderElection95] INFO  impl.LeaderElection (LeaderElection.java:askForVotes(310)) - s1@group-469FBF65F7A7-LeaderElection95 PRE_VOTE round 0: result REJECTED
2022-09-20 10:13:10,120 [s1@group-469FBF65F7A7-LeaderElection95] INFO  server.RaftServer$Division (RaftServerImpl.java:setRole(317)) - s1@group-469FBF65F7A7: changes role from CANDIDATE to FOLLOWER at term 2 for REJECTED
2022-09-20 10:13:10,120 [s1@group-469FBF65F7A7-LeaderElection95] INFO  impl.RoleInfo (RoleInfo.java:shutdownLeaderElection(130)) - s1: shutdown s1@group-469FBF65F7A7-LeaderElection95
2022-09-20 10:13:10,120 [s1@group-469FBF65F7A7-LeaderElection95] INFO  impl.RoleInfo (RoleInfo.java:updateAndGet(139)) - s1: start s1@group-469FBF65F7A7-FollowerState
2022-09-20 10:13:10,333 [s1@group-469FBF65F7A7-FollowerState] INFO  impl.FollowerState (FollowerState.java:run(141)) - s1@group-469FBF65F7A7-FollowerState: change to CANDIDATE, lastRpcElapsedTime:212872136ns, electionTimeout:212ms
2022-09-20 10:13:10,333 [s1@group-469FBF65F7A7-FollowerState] INFO  impl.RoleInfo (RoleInfo.java:shutdownFollowerState(110)) - s1: shutdown s1@group-469FBF65F7A7-FollowerState
2022-09-20 10:13:10,333 [s1@group-469FBF65F7A7-FollowerState] INFO  server.RaftServer$Division (RaftServerImpl.java:setRole(317)) - s1@group-469FBF65F7A7: changes role from  FOLLOWER to CANDIDATE at term 2 for changeToCandidate
2022-09-20 10:13:10,333 [s1@group-469FBF65F7A7-FollowerState] INFO  server.RaftServerConfigKeys (ConfUtils.java:logGet(46)) - raft.server.leaderelection.pre-vote = true (default)
2022-09-20 10:13:10,333 [s1@group-469FBF65F7A7-FollowerState] INFO  impl.RoleInfo (RoleInfo.java:updateAndGet(139)) - s1: start s1@group-469FBF65F7A7-LeaderElection96
2022-09-20 10:13:10,334 [s1@group-469FBF65F7A7-LeaderElection96] INFO  impl.LeaderElection (LeaderElection.java:askForVotes(308)) - s1@group-469FBF65F7A7-LeaderElection96 PRE_VOTE round 0: submit vote requests at term 2 for 133: peers:[s0|rpc:localhost:39281|admin:localhost:38455|client:localhost:36053|dataStream:localhost:45769|priority:0|startupRole:FOLLOWER, s1|rpc:localhost:46849|admin:localhost:41515|client:localhost:39119|dataStream:localhost:41703|priority:0|startupRole:FOLLOWER, s2|rpc:localhost:35167|admin:localhost:44965|client:localhost:40979|dataStream:localhost:34151|priority:0|startupRole:FOLLOWER]|listeners:[], old=null
2022-09-20 10:13:10,335 [grpc-default-executor-5] INFO  server.RaftServer$Division (RaftServerImpl.java:requestVote(1281)) - s2@group-469FBF65F7A7: receive requestVote(PRE_VOTE, s1, group-469FBF65F7A7, 2, (t:2, i:134))
2022-09-20 10:13:10,335 [grpc-default-executor-5] WARN  server.GrpcServerProtocolService (LogUtils.java:warn(122)) - s2: Failed requestVote s1->s2#0: org.apache.ratis.protocol.exceptions.ServerNotReadyException: s2@group-469FBF65F7A7 is not in [RUNNING]: current state is CLOSED
2022-09-20 10:13:10,335 [s1@group-469FBF65F7A7-LeaderElection96] INFO  impl.LeaderElection (LogUtils.java:infoOrTrace(137)) - s1@group-469FBF65F7A7-LeaderElection96 got exception when requesting votes: java.util.concurrent.ExecutionException: org.apache.ratis.thirdparty.io.grpc.StatusRuntimeException: INTERNAL: s2@group-469FBF65F7A7 is not in [RUNNING]: current state is CLOSED
2022-09-20 10:13:10,336 [grpc-default-executor-0] INFO  server.RaftServer$Division (RaftServerImpl.java:requestVote(1281)) - s0@group-469FBF65F7A7: receive requestVote(PRE_VOTE, s1, group-469FBF65F7A7, 2, (t:2, i:134))
2022-09-20 10:13:10,336 [grpc-default-executor-0] WARN  server.GrpcServerProtocolService (LogUtils.java:warn(122)) - s0: Failed requestVote s1->s0#0: org.apache.ratis.protocol.exceptions.ServerNotReadyException: s0@group-469FBF65F7A7 is not in [RUNNING]: current state is CLOSED
2022-09-20 10:13:10,336 [s1@group-469FBF65F7A7-LeaderElection96] INFO  impl.LeaderElection (LogUtils.java:infoOrTrace(137)) - s1@group-469FBF65F7A7-LeaderElection96 got exception when requesting votes: java.util.concurrent.ExecutionException: org.apache.ratis.thirdparty.io.grpc.StatusRuntimeException: INTERNAL: s0@group-469FBF65F7A7 is not in [RUNNING]: current state is CLOSED
2022-09-20 10:13:10,336 [s1@group-469FBF65F7A7-LeaderElection96] INFO  impl.LeaderElection (LeaderElection.java:logAndReturn(89)) - s1@group-469FBF65F7A7-LeaderElection96: PRE_VOTE REJECTED received 0 response(s) and 2 exception(s):
2022-09-20 10:13:10,336 [s1@group-469FBF65F7A7-LeaderElection96] INFO  impl.LeaderElection (LogUtils.java:infoOrTrace(137)) -   Exception 0: java.util.concurrent.ExecutionException: org.apache.ratis.thirdparty.io.grpc.StatusRuntimeException: INTERNAL: s2@group-469FBF65F7A7 is not in [RUNNING]: current state is CLOSED
2022-09-20 10:13:10,336 [s1@group-469FBF65F7A7-LeaderElection96] INFO  impl.LeaderElection (LogUtils.java:infoOrTrace(137)) -   Exception 1: java.util.concurrent.ExecutionException: org.apache.ratis.thirdparty.io.grpc.StatusRuntimeException: INTERNAL: s0@group-469FBF65F7A7 is not in [RUNNING]: current state is CLOSED
2022-09-20 10:13:10,336 [s1@group-469FBF65F7A7-LeaderElection96] INFO  impl.LeaderElection (LeaderElection.java:askForVotes(310)) - s1@group-469FBF65F7A7-LeaderElection96 PRE_VOTE round 0: result REJECTED
2022-09-20 10:13:10,336 [s1@group-469FBF65F7A7-LeaderElection96] INFO  server.RaftServer$Division (RaftServerImpl.java:setRole(317)) - s1@group-469FBF65F7A7: changes role from CANDIDATE to FOLLOWER at term 2 for REJECTED
2022-09-20 10:13:10,336 [s1@group-469FBF65F7A7-LeaderElection96] INFO  impl.RoleInfo (RoleInfo.java:shutdownLeaderElection(130)) - s1: shutdown s1@group-469FBF65F7A7-LeaderElection96
2022-09-20 10:13:10,336 [s1@group-469FBF65F7A7-LeaderElection96] INFO  impl.RoleInfo (RoleInfo.java:updateAndGet(139)) - s1: start s1@group-469FBF65F7A7-FollowerState
2022-09-20 10:13:10,403 [null-request--thread1] INFO  server.GrpcClientProtocolService (GrpcClientProtocolService.java:lambda$processClientRequest$0(284)) - Failed RaftClientRequest:client-76B04C62A16F->s1@group-469FBF65F7A7, cid=451, seq=0, RW, Message:6d3635, reply=RaftClientReply:client-76B04C62A16F->s1@group-469FBF65F7A7, cid=451, FAILED org.apache.ratis.protocol.exceptions.NotLeaderException: Server s1@group-469FBF65F7A7 is not the leader, logIndex=0, commits[s1:c133, s0:c130, s2:c133]
2022-09-20 10:13:10,611 [s1@group-469FBF65F7A7-FollowerState] INFO  impl.FollowerState (FollowerState.java:run(141)) - s1@group-469FBF65F7A7-FollowerState: change to CANDIDATE, lastRpcElapsedTime:274291314ns, electionTimeout:274ms
2022-09-20 10:13:10,611 [s1@group-469FBF65F7A7-FollowerState] INFO  impl.RoleInfo (RoleInfo.java:shutdownFollowerState(110)) - s1: shutdown s1@group-469FBF65F7A7-FollowerState
2022-09-20 10:13:10,611 [s1@group-469FBF65F7A7-FollowerState] INFO  server.RaftServer$Division (RaftServerImpl.java:setRole(317)) - s1@group-469FBF65F7A7: changes role from  FOLLOWER to CANDIDATE at term 2 for changeToCandidate
2022-09-20 10:13:10,611 [s1@group-469FBF65F7A7-FollowerState] INFO  server.RaftServerConfigKeys (ConfUtils.java:logGet(46)) - raft.server.leaderelection.pre-vote = true (default)
2022-09-20 10:13:10,611 [s1@group-469FBF65F7A7-FollowerState] INFO  impl.RoleInfo (RoleInfo.java:updateAndGet(139)) - s1: start s1@group-469FBF65F7A7-LeaderElection97
2022-09-20 10:13:10,611 [s1@group-469FBF65F7A7-LeaderElection97] INFO  impl.LeaderElection (LeaderElection.java:askForVotes(308)) - s1@group-469FBF65F7A7-LeaderElection97 PRE_VOTE round 0: submit vote requests at term 2 for 133: peers:[s0|rpc:localhost:39281|admin:localhost:38455|client:localhost:36053|dataStream:localhost:45769|priority:0|startupRole:FOLLOWER, s1|rpc:localhost:46849|admin:localhost:41515|client:localhost:39119|dataStream:localhost:41703|priority:0|startupRole:FOLLOWER, s2|rpc:localhost:35167|admin:localhost:44965|client:localhost:40979|dataStream:localhost:34151|priority:0|startupRole:FOLLOWER]|listeners:[], old=null
2022-09-20 10:13:10,614 [grpc-default-executor-0] INFO  server.RaftServer$Division (RaftServerImpl.java:requestVote(1281)) - s2@group-469FBF65F7A7: receive requestVote(PRE_VOTE, s1, group-469FBF65F7A7, 2, (t:2, i:134))
2022-09-20 10:13:10,614 [null-request--thread1] INFO  server.GrpcClientProtocolService (GrpcClientProtocolService.java:lambda$processClientRequest$0(284)) - Failed RaftClientRequest:client-76B04C62A16F->s1@group-469FBF65F7A7, cid=451, seq=0, RW, Message:6d3635, reply=RaftClientReply:client-76B04C62A16F->s1@group-469FBF65F7A7, cid=451, FAILED org.apache.ratis.protocol.exceptions.NotLeaderException: Server s1@group-469FBF65F7A7 is not the leader, logIndex=0, commits[s1:c133, s0:c130, s2:c133]
2022-09-20 10:13:10,614 [grpc-default-executor-0] WARN  server.GrpcServerProtocolService (LogUtils.java:warn(122)) - s2: Failed requestVote s1->s2#0: org.apache.ratis.protocol.exceptions.ServerNotReadyException: s2@group-469FBF65F7A7 is not in [RUNNING]: current state is CLOSED
2022-09-20 10:13:10,614 [grpc-default-executor-8] INFO  server.RaftServer$Division (RaftServerImpl.java:requestVote(1281)) - s0@group-469FBF65F7A7: receive requestVote(PRE_VOTE, s1, group-469FBF65F7A7, 2, (t:2, i:134))
2022-09-20 10:13:10,614 [grpc-default-executor-8] WARN  server.GrpcServerProtocolService (LogUtils.java:warn(122)) - s0: Failed requestVote s1->s0#0: org.apache.ratis.protocol.exceptions.ServerNotReadyException: s0@group-469FBF65F7A7 is not in [RUNNING]: current state is CLOSED
2022-09-20 10:13:10,615 [s1@group-469FBF65F7A7-LeaderElection97] INFO  impl.LeaderElection (LogUtils.java:infoOrTrace(137)) - s1@group-469FBF65F7A7-LeaderElection97 got exception when requesting votes: java.util.concurrent.ExecutionException: org.apache.ratis.thirdparty.io.grpc.StatusRuntimeException: INTERNAL: s2@group-469FBF65F7A7 is not in [RUNNING]: current state is CLOSED
2022-09-20 10:13:10,615 [s1@group-469FBF65F7A7-LeaderElection97] INFO  impl.LeaderElection (LogUtils.java:infoOrTrace(137)) - s1@group-469FBF65F7A7-LeaderElection97 got exception when requesting votes: java.util.concurrent.ExecutionException: org.apache.ratis.thirdparty.io.grpc.StatusRuntimeException: INTERNAL: s0@group-469FBF65F7A7 is not in [RUNNING]: current state is CLOSED
2022-09-20 10:13:10,615 [s1@group-469FBF65F7A7-LeaderElection97] INFO  impl.LeaderElection (LeaderElection.java:logAndReturn(89)) - s1@group-469FBF65F7A7-LeaderElection97: PRE_VOTE REJECTED received 0 response(s) and 2 exception(s):
2022-09-20 10:13:10,615 [s1@group-469FBF65F7A7-LeaderElection97] INFO  impl.LeaderElection (LogUtils.java:infoOrTrace(137)) -   Exception 0: java.util.concurrent.ExecutionException: org.apache.ratis.thirdparty.io.grpc.StatusRuntimeException: INTERNAL: s2@group-469FBF65F7A7 is not in [RUNNING]: current state is CLOSED
2022-09-20 10:13:10,615 [s1@group-469FBF65F7A7-LeaderElection97] INFO  impl.LeaderElection (LogUtils.java:infoOrTrace(137)) -   Exception 1: java.util.concurrent.ExecutionException: org.apache.ratis.thirdparty.io.grpc.StatusRuntimeException: INTERNAL: s0@group-469FBF65F7A7 is not in [RUNNING]: current state is CLOSED
2022-09-20 10:13:10,615 [s1@group-469FBF65F7A7-LeaderElection97] INFO  impl.LeaderElection (LeaderElection.java:askForVotes(310)) - s1@group-469FBF65F7A7-LeaderElection97 PRE_VOTE round 0: result REJECTED
2022-09-20 10:13:10,615 [s1@group-469FBF65F7A7-LeaderElection97] INFO  server.RaftServer$Division (RaftServerImpl.java:setRole(317)) - s1@group-469FBF65F7A7: changes role from CANDIDATE to FOLLOWER at term 2 for REJECTED
2022-09-20 10:13:10,615 [s1@group-469FBF65F7A7-LeaderElection97] INFO  impl.RoleInfo (RoleInfo.java:shutdownLeaderElection(130)) - s1: shutdown s1@group-469FBF65F7A7-LeaderElection97
2022-09-20 10:13:10,615 [s1@group-469FBF65F7A7-LeaderElection97] INFO  impl.RoleInfo (RoleInfo.java:updateAndGet(139)) - s1: start s1@group-469FBF65F7A7-FollowerState
2022-09-20 10:13:10,825 [null-request--thread1] INFO  server.GrpcClientProtocolService (GrpcClientProtocolService.java:lambda$processClientRequest$0(284)) - Failed RaftClientRequest:client-76B04C62A16F->s1@group-469FBF65F7A7, cid=451, seq=0, RW, Message:6d3635, reply=RaftClientReply:client-76B04C62A16F->s1@group-469FBF65F7A7, cid=451, FAILED org.apache.ratis.protocol.exceptions.NotLeaderException: Server s1@group-469FBF65F7A7 is not the leader, logIndex=0, commits[s1:c133, s0:c130, s2:c133]
2022-09-20 10:13:10,887 [s1@group-469FBF65F7A7-FollowerState] INFO  impl.FollowerState (FollowerState.java:run(141)) - s1@group-469FBF65F7A7-FollowerState: change to CANDIDATE, lastRpcElapsedTime:271573367ns, electionTimeout:271ms
2022-09-20 10:13:10,887 [s1@group-469FBF65F7A7-FollowerState] INFO  impl.RoleInfo (RoleInfo.java:shutdownFollowerState(110)) - s1: shutdown s1@group-469FBF65F7A7-FollowerState
2022-09-20 10:13:10,887 [s1@group-469FBF65F7A7-FollowerState] INFO  server.RaftServer$Division (RaftServerImpl.java:setRole(317)) - s1@group-469FBF65F7A7: changes role from  FOLLOWER to CANDIDATE at term 2 for changeToCandidate
2022-09-20 10:13:10,887 [s1@group-469FBF65F7A7-FollowerState] INFO  server.RaftServerConfigKeys (ConfUtils.java:logGet(46)) - raft.server.leaderelection.pre-vote = true (default)
2022-09-20 10:13:10,887 [s1@group-469FBF65F7A7-FollowerState] INFO  impl.RoleInfo (RoleInfo.java:updateAndGet(139)) - s1: start s1@group-469FBF65F7A7-LeaderElection98
2022-09-20 10:13:10,887 [s1@group-469FBF65F7A7-LeaderElection98] INFO  impl.LeaderElection (LeaderElection.java:askForVotes(308)) - s1@group-469FBF65F7A7-LeaderElection98 PRE_VOTE round 0: submit vote requests at term 2 for 133: peers:[s0|rpc:localhost:39281|admin:localhost:38455|client:localhost:36053|dataStream:localhost:45769|priority:0|startupRole:FOLLOWER, s1|rpc:localhost:46849|admin:localhost:41515|client:localhost:39119|dataStream:localhost:41703|priority:0|startupRole:FOLLOWER, s2|rpc:localhost:35167|admin:localhost:44965|client:localhost:40979|dataStream:localhost:34151|priority:0|startupRole:FOLLOWER]|listeners:[], old=null
2022-09-20 10:13:10,888 [grpc-default-executor-5] INFO  server.RaftServer$Division (RaftServerImpl.java:requestVote(1281)) - s2@group-469FBF65F7A7: receive requestVote(PRE_VOTE, s1, group-469FBF65F7A7, 2, (t:2, i:134))
2022-09-20 10:13:10,889 [grpc-default-executor-5] WARN  server.GrpcServerProtocolService (LogUtils.java:warn(122)) - s2: Failed requestVote s1->s2#0: org.apache.ratis.protocol.exceptions.ServerNotReadyException: s2@group-469FBF65F7A7 is not in [RUNNING]: current state is CLOSED
2022-09-20 10:13:10,889 [grpc-default-executor-0] INFO  server.RaftServer$Division (RaftServerImpl.java:requestVote(1281)) - s0@group-469FBF65F7A7: receive requestVote(PRE_VOTE, s1, group-469FBF65F7A7, 2, (t:2, i:134))
2022-09-20 10:13:10,889 [grpc-default-executor-0] WARN  server.GrpcServerProtocolService (LogUtils.java:warn(122)) - s0: Failed requestVote s1->s0#0: org.apache.ratis.protocol.exceptions.ServerNotReadyException: s0@group-469FBF65F7A7 is not in [RUNNING]: current state is CLOSED
2022-09-20 10:13:10,889 [s1@group-469FBF65F7A7-LeaderElection98] INFO  impl.LeaderElection (LogUtils.java:infoOrTrace(137)) - s1@group-469FBF65F7A7-LeaderElection98 got exception when requesting votes: java.util.concurrent.ExecutionException: org.apache.ratis.thirdparty.io.grpc.StatusRuntimeException: INTERNAL: s2@group-469FBF65F7A7 is not in [RUNNING]: current state is CLOSED
2022-09-20 10:13:10,889 [s1@group-469FBF65F7A7-LeaderElection98] INFO  impl.LeaderElection (LogUtils.java:infoOrTrace(137)) - s1@group-469FBF65F7A7-LeaderElection98 got exception when requesting votes: java.util.concurrent.ExecutionException: org.apache.ratis.thirdparty.io.grpc.StatusRuntimeException: INTERNAL: s0@group-469FBF65F7A7 is not in [RUNNING]: current state is CLOSED
2022-09-20 10:13:10,889 [s1@group-469FBF65F7A7-LeaderElection98] INFO  impl.LeaderElection (LeaderElection.java:logAndReturn(89)) - s1@group-469FBF65F7A7-LeaderElection98: PRE_VOTE REJECTED received 0 response(s) and 2 exception(s):
2022-09-20 10:13:10,889 [s1@group-469FBF65F7A7-LeaderElection98] INFO  impl.LeaderElection (LogUtils.java:infoOrTrace(137)) -   Exception 0: java.util.concurrent.ExecutionException: org.apache.ratis.thirdparty.io.grpc.StatusRuntimeException: INTERNAL: s2@group-469FBF65F7A7 is not in [RUNNING]: current state is CLOSED
2022-09-20 10:13:10,889 [s1@group-469FBF65F7A7-LeaderElection98] INFO  impl.LeaderElection (LogUtils.java:infoOrTrace(137)) -   Exception 1: java.util.concurrent.ExecutionException: org.apache.ratis.thirdparty.io.grpc.StatusRuntimeException: INTERNAL: s0@group-469FBF65F7A7 is not in [RUNNING]: current state is CLOSED
2022-09-20 10:13:10,889 [s1@group-469FBF65F7A7-LeaderElection98] INFO  impl.LeaderElection (LeaderElection.java:askForVotes(310)) - s1@group-469FBF65F7A7-LeaderElection98 PRE_VOTE round 0: result REJECTED
2022-09-20 10:13:10,889 [s1@group-469FBF65F7A7-LeaderElection98] INFO  server.RaftServer$Division (RaftServerImpl.java:setRole(317)) - s1@group-469FBF65F7A7: changes role from CANDIDATE to FOLLOWER at term 2 for REJECTED
2022-09-20 10:13:10,889 [s1@group-469FBF65F7A7-LeaderElection98] INFO  impl.RoleInfo (RoleInfo.java:shutdownLeaderElection(130)) - s1: shutdown s1@group-469FBF65F7A7-LeaderElection98
2022-09-20 10:13:10,889 [s1@group-469FBF65F7A7-LeaderElection98] INFO  impl.RoleInfo (RoleInfo.java:updateAndGet(139)) - s1: start s1@group-469FBF65F7A7-FollowerState
2022-09-20 10:13:11,100 [s1@group-469FBF65F7A7-FollowerState] INFO  impl.FollowerState (FollowerState.java:run(141)) - s1@group-469FBF65F7A7-FollowerState: change to CANDIDATE, lastRpcElapsedTime:210311291ns, electionTimeout:210ms
2022-09-20 10:13:11,100 [s1@group-469FBF65F7A7-FollowerState] INFO  impl.RoleInfo (RoleInfo.java:shutdownFollowerState(110)) - s1: shutdown s1@group-469FBF65F7A7-FollowerState
2022-09-20 10:13:11,100 [s1@group-469FBF65F7A7-FollowerState] INFO  server.RaftServer$Division (RaftServerImpl.java:setRole(317)) - s1@group-469FBF65F7A7: changes role from  FOLLOWER to CANDIDATE at term 2 for changeToCandidate
2022-09-20 10:13:11,100 [s1@group-469FBF65F7A7-FollowerState] INFO  server.RaftServerConfigKeys (ConfUtils.java:logGet(46)) - raft.server.leaderelection.pre-vote = true (default)
2022-09-20 10:13:11,100 [s1@group-469FBF65F7A7-FollowerState] INFO  impl.RoleInfo (RoleInfo.java:updateAndGet(139)) - s1: start s1@group-469FBF65F7A7-LeaderElection99
2022-09-20 10:13:11,101 [s1@group-469FBF65F7A7-LeaderElection99] INFO  impl.LeaderElection (LeaderElection.java:askForVotes(308)) - s1@group-469FBF65F7A7-LeaderElection99 PRE_VOTE round 0: submit vote requests at term 2 for 133: peers:[s0|rpc:localhost:39281|admin:localhost:38455|client:localhost:36053|dataStream:localhost:45769|priority:0|startupRole:FOLLOWER, s1|rpc:localhost:46849|admin:localhost:41515|client:localhost:39119|dataStream:localhost:41703|priority:0|startupRole:FOLLOWER, s2|rpc:localhost:35167|admin:localhost:44965|client:localhost:40979|dataStream:localhost:34151|priority:0|startupRole:FOLLOWER]|listeners:[], old=null
2022-09-20 10:13:11,102 [grpc-default-executor-5] INFO  server.RaftServer$Division (RaftServerImpl.java:requestVote(1281)) - s2@group-469FBF65F7A7: receive requestVote(PRE_VOTE, s1, group-469FBF65F7A7, 2, (t:2, i:134))
2022-09-20 10:13:11,102 [grpc-default-executor-5] WARN  server.GrpcServerProtocolService (LogUtils.java:warn(122)) - s2: Failed requestVote s1->s2#0: org.apache.ratis.protocol.exceptions.ServerNotReadyException: s2@group-469FBF65F7A7 is not in [RUNNING]: current state is CLOSED
2022-09-20 10:13:11,102 [s1@group-469FBF65F7A7-LeaderElection99] INFO  impl.LeaderElection (LogUtils.java:infoOrTrace(137)) - s1@group-469FBF65F7A7-LeaderElection99 got exception when requesting votes: java.util.concurrent.ExecutionException: org.apache.ratis.thirdparty.io.grpc.StatusRuntimeException: INTERNAL: s2@group-469FBF65F7A7 is not in [RUNNING]: current state is CLOSED
2022-09-20 10:13:11,103 [grpc-default-executor-5] INFO  server.RaftServer$Division (RaftServerImpl.java:requestVote(1281)) - s0@group-469FBF65F7A7: receive requestVote(PRE_VOTE, s1, group-469FBF65F7A7, 2, (t:2, i:134))
2022-09-20 10:13:11,103 [grpc-default-executor-5] WARN  server.GrpcServerProtocolService (LogUtils.java:warn(122)) - s0: Failed requestVote s1->s0#0: org.apache.ratis.protocol.exceptions.ServerNotReadyException: s0@group-469FBF65F7A7 is not in [RUNNING]: current state is CLOSED
2022-09-20 10:13:11,103 [s1@group-469FBF65F7A7-LeaderElection99] INFO  impl.LeaderElection (LogUtils.java:infoOrTrace(137)) - s1@group-469FBF65F7A7-LeaderElection99 got exception when requesting votes: java.util.concurrent.ExecutionException: org.apache.ratis.thirdparty.io.grpc.StatusRuntimeException: INTERNAL: s0@group-469FBF65F7A7 is not in [RUNNING]: current state is CLOSED
2022-09-20 10:13:11,103 [s1@group-469FBF65F7A7-LeaderElection99] INFO  impl.LeaderElection (LeaderElection.java:logAndReturn(89)) - s1@group-469FBF65F7A7-LeaderElection99: PRE_VOTE REJECTED received 0 response(s) and 2 exception(s):
2022-09-20 10:13:11,104 [s1@group-469FBF65F7A7-LeaderElection99] INFO  impl.LeaderElection (LogUtils.java:infoOrTrace(137)) -   Exception 0: java.util.concurrent.ExecutionException: org.apache.ratis.thirdparty.io.grpc.StatusRuntimeException: INTERNAL: s2@group-469FBF65F7A7 is not in [RUNNING]: current state is CLOSED
2022-09-20 10:13:11,104 [s1@group-469FBF65F7A7-LeaderElection99] INFO  impl.LeaderElection (LogUtils.java:infoOrTrace(137)) -   Exception 1: java.util.concurrent.ExecutionException: org.apache.ratis.thirdparty.io.grpc.StatusRuntimeException: INTERNAL: s0@group-469FBF65F7A7 is not in [RUNNING]: current state is CLOSED
2022-09-20 10:13:11,104 [s1@group-469FBF65F7A7-LeaderElection99] INFO  impl.LeaderElection (LeaderElection.java:askForVotes(310)) - s1@group-469FBF65F7A7-LeaderElection99 PRE_VOTE round 0: result REJECTED
2022-09-20 10:13:11,104 [s1@group-469FBF65F7A7-LeaderElection99] INFO  server.RaftServer$Division (RaftServerImpl.java:setRole(317)) - s1@group-469FBF65F7A7: changes role from CANDIDATE to FOLLOWER at term 2 for REJECTED
2022-09-20 10:13:11,104 [s1@group-469FBF65F7A7-LeaderElection99] INFO  impl.RoleInfo (RoleInfo.java:shutdownLeaderElection(130)) - s1: shutdown s1@group-469FBF65F7A7-LeaderElection99
2022-09-20 10:13:11,104 [s1@group-469FBF65F7A7-LeaderElection99] INFO  impl.RoleInfo (RoleInfo.java:updateAndGet(139)) - s1: start s1@group-469FBF65F7A7-FollowerState
2022-09-20 10:13:11,142 [null-request--thread1] INFO  server.GrpcClientProtocolService (GrpcClientProtocolService.java:lambda$processClientRequest$0(284)) - Failed RaftClientRequest:client-76B04C62A16F->s1@group-469FBF65F7A7, cid=451, seq=0, RW, Message:6d3635, reply=RaftClientReply:client-76B04C62A16F->s1@group-469FBF65F7A7, cid=451, FAILED org.apache.ratis.protocol.exceptions.NotLeaderException: Server s1@group-469FBF65F7A7 is not the leader, logIndex=0, commits[s1:c133, s0:c130, s2:c133]
2022-09-20 10:13:11,356 [null-request--thread1] INFO  server.GrpcClientProtocolService (GrpcClientProtocolService.java:lambda$processClientRequest$0(284)) - Failed RaftClientRequest:client-76B04C62A16F->s1@group-469FBF65F7A7, cid=451, seq=0, RW, Message:6d3635, reply=RaftClientReply:client-76B04C62A16F->s1@group-469FBF65F7A7, cid=451, FAILED org.apache.ratis.protocol.exceptions.NotLeaderException: Server s1@group-469FBF65F7A7 is not the leader, logIndex=0, commits[s1:c133, s0:c130, s2:c133]
2022-09-20 10:13:11,403 [s1@group-469FBF65F7A7-FollowerState] INFO  impl.FollowerState (FollowerState.java:run(141)) - s1@group-469FBF65F7A7-FollowerState: change to CANDIDATE, lastRpcElapsedTime:299652759ns, electionTimeout:299ms
2022-09-20 10:13:11,403 [s1@group-469FBF65F7A7-FollowerState] INFO  impl.RoleInfo (RoleInfo.java:shutdownFollowerState(110)) - s1: shutdown s1@group-469FBF65F7A7-FollowerState
2022-09-20 10:13:11,404 [s1@group-469FBF65F7A7-FollowerState] INFO  server.RaftServer$Division (RaftServerImpl.java:setRole(317)) - s1@group-469FBF65F7A7: changes role from  FOLLOWER to CANDIDATE at term 2 for changeToCandidate
2022-09-20 10:13:11,404 [s1@group-469FBF65F7A7-FollowerState] INFO  server.RaftServerConfigKeys (ConfUtils.java:logGet(46)) - raft.server.leaderelection.pre-vote = true (default)
2022-09-20 10:13:11,404 [s1@group-469FBF65F7A7-FollowerState] INFO  impl.RoleInfo (RoleInfo.java:updateAndGet(139)) - s1: start s1@group-469FBF65F7A7-LeaderElection100
2022-09-20 10:13:11,404 [s1@group-469FBF65F7A7-LeaderElection100] INFO  impl.LeaderElection (LeaderElection.java:askForVotes(308)) - s1@group-469FBF65F7A7-LeaderElection100 PRE_VOTE round 0: submit vote requests at term 2 for 133: peers:[s0|rpc:localhost:39281|admin:localhost:38455|client:localhost:36053|dataStream:localhost:45769|priority:0|startupRole:FOLLOWER, s1|rpc:localhost:46849|admin:localhost:41515|client:localhost:39119|dataStream:localhost:41703|priority:0|startupRole:FOLLOWER, s2|rpc:localhost:35167|admin:localhost:44965|client:localhost:40979|dataStream:localhost:34151|priority:0|startupRole:FOLLOWER]|listeners:[], old=null
2022-09-20 10:13:11,405 [grpc-default-executor-5] INFO  server.RaftServer$Division (RaftServerImpl.java:requestVote(1281)) - s2@group-469FBF65F7A7: receive requestVote(PRE_VOTE, s1, group-469FBF65F7A7, 2, (t:2, i:134))
2022-09-20 10:13:11,405 [grpc-default-executor-5] WARN  server.GrpcServerProtocolService (LogUtils.java:warn(122)) - s2: Failed requestVote s1->s2#0: org.apache.ratis.protocol.exceptions.ServerNotReadyException: s2@group-469FBF65F7A7 is not in [RUNNING]: current state is CLOSED
2022-09-20 10:13:11,406 [s1@group-469FBF65F7A7-LeaderElection100] INFO  impl.LeaderElection (LogUtils.java:infoOrTrace(137)) - s1@group-469FBF65F7A7-LeaderElection100 got exception when requesting votes: java.util.concurrent.ExecutionException: org.apache.ratis.thirdparty.io.grpc.StatusRuntimeException: INTERNAL: s2@group-469FBF65F7A7 is not in [RUNNING]: current state is CLOSED
2022-09-20 10:13:11,406 [grpc-default-executor-0] INFO  server.RaftServer$Division (RaftServerImpl.java:requestVote(1281)) - s0@group-469FBF65F7A7: receive requestVote(PRE_VOTE, s1, group-469FBF65F7A7, 2, (t:2, i:134))
2022-09-20 10:13:11,406 [grpc-default-executor-0] WARN  server.GrpcServerProtocolService (LogUtils.java:warn(122)) - s0: Failed requestVote s1->s0#0: org.apache.ratis.protocol.exceptions.ServerNotReadyException: s0@group-469FBF65F7A7 is not in [RUNNING]: current state is CLOSED
2022-09-20 10:13:11,407 [s1@group-469FBF65F7A7-LeaderElection100] INFO  impl.LeaderElection (LogUtils.java:infoOrTrace(137)) - s1@group-469FBF65F7A7-LeaderElection100 got exception when requesting votes: java.util.concurrent.ExecutionException: org.apache.ratis.thirdparty.io.grpc.StatusRuntimeException: INTERNAL: s0@group-469FBF65F7A7 is not in [RUNNING]: current state is CLOSED
2022-09-20 10:13:11,407 [s1@group-469FBF65F7A7-LeaderElection100] INFO  impl.LeaderElection (LeaderElection.java:logAndReturn(89)) - s1@group-469FBF65F7A7-LeaderElection100: PRE_VOTE REJECTED received 0 response(s) and 2 exception(s):
2022-09-20 10:13:11,407 [s1@group-469FBF65F7A7-LeaderElection100] INFO  impl.LeaderElection (LogUtils.java:infoOrTrace(137)) -   Exception 0: java.util.concurrent.ExecutionException: org.apache.ratis.thirdparty.io.grpc.StatusRuntimeException: INTERNAL: s2@group-469FBF65F7A7 is not in [RUNNING]: current state is CLOSED
2022-09-20 10:13:11,407 [s1@group-469FBF65F7A7-LeaderElection100] INFO  impl.LeaderElection (LogUtils.java:infoOrTrace(137)) -   Exception 1: java.util.concurrent.ExecutionException: org.apache.ratis.thirdparty.io.grpc.StatusRuntimeException: INTERNAL: s0@group-469FBF65F7A7 is not in [RUNNING]: current state is CLOSED
2022-09-20 10:13:11,407 [s1@group-469FBF65F7A7-LeaderElection100] INFO  impl.LeaderElection (LeaderElection.java:askForVotes(310)) - s1@group-469FBF65F7A7-LeaderElection100 PRE_VOTE round 0: result REJECTED
2022-09-20 10:13:11,407 [s1@group-469FBF65F7A7-LeaderElection100] INFO  server.RaftServer$Division (RaftServerImpl.java:setRole(317)) - s1@group-469FBF65F7A7: changes role from CANDIDATE to FOLLOWER at term 2 for REJECTED
2022-09-20 10:13:11,407 [s1@group-469FBF65F7A7-LeaderElection100] INFO  impl.RoleInfo (RoleInfo.java:shutdownLeaderElection(130)) - s1: shutdown s1@group-469FBF65F7A7-LeaderElection100
2022-09-20 10:13:11,407 [s1@group-469FBF65F7A7-LeaderElection100] INFO  impl.RoleInfo (RoleInfo.java:updateAndGet(139)) - s1: start s1@group-469FBF65F7A7-FollowerState
2022-09-20 10:13:11,562 [s1@group-469FBF65F7A7-FollowerState] INFO  impl.FollowerState (FollowerState.java:run(141)) - s1@group-469FBF65F7A7-FollowerState: change to CANDIDATE, lastRpcElapsedTime:155458628ns, electionTimeout:155ms
2022-09-20 10:13:11,562 [s1@group-469FBF65F7A7-FollowerState] INFO  impl.RoleInfo (RoleInfo.java:shutdownFollowerState(110)) - s1: shutdown s1@group-469FBF65F7A7-FollowerState
2022-09-20 10:13:11,562 [s1@group-469FBF65F7A7-FollowerState] INFO  server.RaftServer$Division (RaftServerImpl.java:setRole(317)) - s1@group-469FBF65F7A7: changes role from  FOLLOWER to CANDIDATE at term 2 for changeToCandidate
2022-09-20 10:13:11,563 [s1@group-469FBF65F7A7-FollowerState] INFO  server.RaftServerConfigKeys (ConfUtils.java:logGet(46)) - raft.server.leaderelection.pre-vote = true (default)
2022-09-20 10:13:11,563 [s1@group-469FBF65F7A7-FollowerState] INFO  impl.RoleInfo (RoleInfo.java:updateAndGet(139)) - s1: start s1@group-469FBF65F7A7-LeaderElection101
2022-09-20 10:13:11,563 [s1@group-469FBF65F7A7-LeaderElection101] INFO  impl.LeaderElection (LeaderElection.java:askForVotes(308)) - s1@group-469FBF65F7A7-LeaderElection101 PRE_VOTE round 0: submit vote requests at term 2 for 133: peers:[s0|rpc:localhost:39281|admin:localhost:38455|client:localhost:36053|dataStream:localhost:45769|priority:0|startupRole:FOLLOWER, s1|rpc:localhost:46849|admin:localhost:41515|client:localhost:39119|dataStream:localhost:41703|priority:0|startupRole:FOLLOWER, s2|rpc:localhost:35167|admin:localhost:44965|client:localhost:40979|dataStream:localhost:34151|priority:0|startupRole:FOLLOWER]|listeners:[], old=null
2022-09-20 10:13:11,564 [grpc-default-executor-0] INFO  server.RaftServer$Division (RaftServerImpl.java:requestVote(1281)) - s0@group-469FBF65F7A7: receive requestVote(PRE_VOTE, s1, group-469FBF65F7A7, 2, (t:2, i:134))
2022-09-20 10:13:11,564 [grpc-default-executor-0] WARN  server.GrpcServerProtocolService (LogUtils.java:warn(122)) - s0: Failed requestVote s1->s0#0: org.apache.ratis.protocol.exceptions.ServerNotReadyException: s0@group-469FBF65F7A7 is not in [RUNNING]: current state is CLOSED
2022-09-20 10:13:11,566 [s1@group-469FBF65F7A7-LeaderElection101] INFO  impl.LeaderElection (LogUtils.java:infoOrTrace(137)) - s1@group-469FBF65F7A7-LeaderElection101 got exception when requesting votes: java.util.concurrent.ExecutionException: org.apache.ratis.thirdparty.io.grpc.StatusRuntimeException: INTERNAL: s0@group-469FBF65F7A7 is not in [RUNNING]: current state is CLOSED
2022-09-20 10:13:11,566 [grpc-default-executor-8] INFO  server.RaftServer$Division (RaftServerImpl.java:requestVote(1281)) - s2@group-469FBF65F7A7: receive requestVote(PRE_VOTE, s1, group-469FBF65F7A7, 2, (t:2, i:134))
2022-09-20 10:13:11,566 [grpc-default-executor-8] WARN  server.GrpcServerProtocolService (LogUtils.java:warn(122)) - s2: Failed requestVote s1->s2#0: org.apache.ratis.protocol.exceptions.ServerNotReadyException: s2@group-469FBF65F7A7 is not in [RUNNING]: current state is CLOSED
2022-09-20 10:13:11,567 [s1@group-469FBF65F7A7-LeaderElection101] INFO  impl.LeaderElection (LogUtils.java:infoOrTrace(137)) - s1@group-469FBF65F7A7-LeaderElection101 got exception when requesting votes: java.util.concurrent.ExecutionException: org.apache.ratis.thirdparty.io.grpc.StatusRuntimeException: INTERNAL: s2@group-469FBF65F7A7 is not in [RUNNING]: current state is CLOSED
2022-09-20 10:13:11,567 [s1@group-469FBF65F7A7-LeaderElection101] INFO  impl.LeaderElection (LeaderElection.java:logAndReturn(89)) - s1@group-469FBF65F7A7-LeaderElection101: PRE_VOTE REJECTED received 0 response(s) and 2 exception(s):
2022-09-20 10:13:11,567 [s1@group-469FBF65F7A7-LeaderElection101] INFO  impl.LeaderElection (LogUtils.java:infoOrTrace(137)) -   Exception 0: java.util.concurrent.ExecutionException: org.apache.ratis.thirdparty.io.grpc.StatusRuntimeException: INTERNAL: s0@group-469FBF65F7A7 is not in [RUNNING]: current state is CLOSED
2022-09-20 10:13:11,567 [s1@group-469FBF65F7A7-LeaderElection101] INFO  impl.LeaderElection (LogUtils.java:infoOrTrace(137)) -   Exception 1: java.util.concurrent.ExecutionException: org.apache.ratis.thirdparty.io.grpc.StatusRuntimeException: INTERNAL: s2@group-469FBF65F7A7 is not in [RUNNING]: current state is CLOSED
2022-09-20 10:13:11,567 [s1@group-469FBF65F7A7-LeaderElection101] INFO  impl.LeaderElection (LeaderElection.java:askForVotes(310)) - s1@group-469FBF65F7A7-LeaderElection101 PRE_VOTE round 0: result REJECTED
2022-09-20 10:13:11,567 [s1@group-469FBF65F7A7-LeaderElection101] INFO  server.RaftServer$Division (RaftServerImpl.java:setRole(317)) - s1@group-469FBF65F7A7: changes role from CANDIDATE to FOLLOWER at term 2 for REJECTED
2022-09-20 10:13:11,567 [s1@group-469FBF65F7A7-LeaderElection101] INFO  impl.RoleInfo (RoleInfo.java:shutdownLeaderElection(130)) - s1: shutdown s1@group-469FBF65F7A7-LeaderElection101
2022-09-20 10:13:11,567 [s1@group-469FBF65F7A7-LeaderElection101] INFO  impl.RoleInfo (RoleInfo.java:updateAndGet(139)) - s1: start s1@group-469FBF65F7A7-FollowerState
2022-09-20 10:13:11,568 [null-request--thread1] INFO  server.GrpcClientProtocolService (GrpcClientProtocolService.java:lambda$processClientRequest$0(284)) - Failed RaftClientRequest:client-76B04C62A16F->s1@group-469FBF65F7A7, cid=451, seq=0, RW, Message:6d3635, reply=RaftClientReply:client-76B04C62A16F->s1@group-469FBF65F7A7, cid=451, FAILED org.apache.ratis.protocol.exceptions.NotLeaderException: Server s1@group-469FBF65F7A7 is not the leader, logIndex=0, commits[s1:c133, s0:c130, s2:c133]
2022-09-20 10:13:11,780 [null-request--thread1] INFO  server.GrpcClientProtocolService (GrpcClientProtocolService.java:lambda$processClientRequest$0(284)) - Failed RaftClientRequest:client-76B04C62A16F->s1@group-469FBF65F7A7, cid=451, seq=0, RW, Message:6d3635, reply=RaftClientReply:client-76B04C62A16F->s1@group-469FBF65F7A7, cid=451, FAILED org.apache.ratis.protocol.exceptions.NotLeaderException: Server s1@group-469FBF65F7A7 is not the leader, logIndex=0, commits[s1:c133, s0:c130, s2:c133]
2022-09-20 10:13:11,830 [s1@group-469FBF65F7A7-FollowerState] INFO  impl.FollowerState (FollowerState.java:run(141)) - s1@group-469FBF65F7A7-FollowerState: change to CANDIDATE, lastRpcElapsedTime:262406406ns, electionTimeout:261ms
2022-09-20 10:13:11,830 [s1@group-469FBF65F7A7-FollowerState] INFO  impl.RoleInfo (RoleInfo.java:shutdownFollowerState(110)) - s1: shutdown s1@group-469FBF65F7A7-FollowerState
2022-09-20 10:13:11,830 [s1@group-469FBF65F7A7-FollowerState] INFO  server.RaftServer$Division (RaftServerImpl.java:setRole(317)) - s1@group-469FBF65F7A7: changes role from  FOLLOWER to CANDIDATE at term 2 for changeToCandidate
2022-09-20 10:13:11,830 [s1@group-469FBF65F7A7-FollowerState] INFO  server.RaftServerConfigKeys (ConfUtils.java:logGet(46)) - raft.server.leaderelection.pre-vote = true (default)
2022-09-20 10:13:11,830 [s1@group-469FBF65F7A7-FollowerState] INFO  impl.RoleInfo (RoleInfo.java:updateAndGet(139)) - s1: start s1@group-469FBF65F7A7-LeaderElection102
2022-09-20 10:13:11,830 [s1@group-469FBF65F7A7-LeaderElection102] INFO  impl.LeaderElection (LeaderElection.java:askForVotes(308)) - s1@group-469FBF65F7A7-LeaderElection102 PRE_VOTE round 0: submit vote requests at term 2 for 133: peers:[s0|rpc:localhost:39281|admin:localhost:38455|client:localhost:36053|dataStream:localhost:45769|priority:0|startupRole:FOLLOWER, s1|rpc:localhost:46849|admin:localhost:41515|client:localhost:39119|dataStream:localhost:41703|priority:0|startupRole:FOLLOWER, s2|rpc:localhost:35167|admin:localhost:44965|client:localhost:40979|dataStream:localhost:34151|priority:0|startupRole:FOLLOWER]|listeners:[], old=null
2022-09-20 10:13:11,835 [grpc-default-executor-8] INFO  server.RaftServer$Division (RaftServerImpl.java:requestVote(1281)) - s2@group-469FBF65F7A7: receive requestVote(PRE_VOTE, s1, group-469FBF65F7A7, 2, (t:2, i:134))
2022-09-20 10:13:11,835 [grpc-default-executor-8] WARN  server.GrpcServerProtocolService (LogUtils.java:warn(122)) - s2: Failed requestVote s1->s2#0: org.apache.ratis.protocol.exceptions.ServerNotReadyException: s2@group-469FBF65F7A7 is not in [RUNNING]: current state is CLOSED
2022-09-20 10:13:11,835 [grpc-default-executor-5] INFO  server.RaftServer$Division (RaftServerImpl.java:requestVote(1281)) - s0@group-469FBF65F7A7: receive requestVote(PRE_VOTE, s1, group-469FBF65F7A7, 2, (t:2, i:134))
2022-09-20 10:13:11,836 [grpc-default-executor-5] WARN  server.GrpcServerProtocolService (LogUtils.java:warn(122)) - s0: Failed requestVote s1->s0#0: org.apache.ratis.protocol.exceptions.ServerNotReadyException: s0@group-469FBF65F7A7 is not in [RUNNING]: current state is CLOSED
2022-09-20 10:13:11,836 [s1@group-469FBF65F7A7-LeaderElection102] INFO  impl.LeaderElection (LogUtils.java:infoOrTrace(137)) - s1@group-469FBF65F7A7-LeaderElection102 got exception when requesting votes: java.util.concurrent.ExecutionException: org.apache.ratis.thirdparty.io.grpc.StatusRuntimeException: INTERNAL: s2@group-469FBF65F7A7 is not in [RUNNING]: current state is CLOSED
2022-09-20 10:13:11,837 [s1@group-469FBF65F7A7-LeaderElection102] INFO  impl.LeaderElection (LogUtils.java:infoOrTrace(137)) - s1@group-469FBF65F7A7-LeaderElection102 got exception when requesting votes: java.util.concurrent.ExecutionException: org.apache.ratis.thirdparty.io.grpc.StatusRuntimeException: INTERNAL: s0@group-469FBF65F7A7 is not in [RUNNING]: current state is CLOSED
2022-09-20 10:13:11,837 [s1@group-469FBF65F7A7-LeaderElection102] INFO  impl.LeaderElection (LeaderElection.java:logAndReturn(89)) - s1@group-469FBF65F7A7-LeaderElection102: PRE_VOTE REJECTED received 0 response(s) and 2 exception(s):
2022-09-20 10:13:11,837 [s1@group-469FBF65F7A7-LeaderElection102] INFO  impl.LeaderElection (LogUtils.java:infoOrTrace(137)) -   Exception 0: java.util.concurrent.ExecutionException: org.apache.ratis.thirdparty.io.grpc.StatusRuntimeException: INTERNAL: s2@group-469FBF65F7A7 is not in [RUNNING]: current state is CLOSED
2022-09-20 10:13:11,837 [s1@group-469FBF65F7A7-LeaderElection102] INFO  impl.LeaderElection (LogUtils.java:infoOrTrace(137)) -   Exception 1: java.util.concurrent.ExecutionException: org.apache.ratis.thirdparty.io.grpc.StatusRuntimeException: INTERNAL: s0@group-469FBF65F7A7 is not in [RUNNING]: current state is CLOSED
2022-09-20 10:13:11,837 [s1@group-469FBF65F7A7-LeaderElection102] INFO  impl.LeaderElection (LeaderElection.java:askForVotes(310)) - s1@group-469FBF65F7A7-LeaderElection102 PRE_VOTE round 0: result REJECTED
2022-09-20 10:13:11,837 [s1@group-469FBF65F7A7-LeaderElection102] INFO  server.RaftServer$Division (RaftServerImpl.java:setRole(317)) - s1@group-469FBF65F7A7: changes role from CANDIDATE to FOLLOWER at term 2 for REJECTED
2022-09-20 10:13:11,837 [s1@group-469FBF65F7A7-LeaderElection102] INFO  impl.RoleInfo (RoleInfo.java:shutdownLeaderElection(130)) - s1: shutdown s1@group-469FBF65F7A7-LeaderElection102
2022-09-20 10:13:11,837 [s1@group-469FBF65F7A7-LeaderElection102] INFO  impl.RoleInfo (RoleInfo.java:updateAndGet(139)) - s1: start s1@group-469FBF65F7A7-FollowerState
2022-09-20 10:13:12,055 [s1@group-469FBF65F7A7-FollowerState] INFO  impl.FollowerState (FollowerState.java:run(141)) - s1@group-469FBF65F7A7-FollowerState: change to CANDIDATE, lastRpcElapsedTime:218655937ns, electionTimeout:218ms
2022-09-20 10:13:12,056 [s1@group-469FBF65F7A7-FollowerState] INFO  impl.RoleInfo (RoleInfo.java:shutdownFollowerState(110)) - s1: shutdown s1@group-469FBF65F7A7-FollowerState
2022-09-20 10:13:12,056 [s1@group-469FBF65F7A7-FollowerState] INFO  server.RaftServer$Division (RaftServerImpl.java:setRole(317)) - s1@group-469FBF65F7A7: changes role from  FOLLOWER to CANDIDATE at term 2 for changeToCandidate
2022-09-20 10:13:12,056 [s1@group-469FBF65F7A7-FollowerState] INFO  server.RaftServerConfigKeys (ConfUtils.java:logGet(46)) - raft.server.leaderelection.pre-vote = true (default)
2022-09-20 10:13:12,056 [s1@group-469FBF65F7A7-FollowerState] INFO  impl.RoleInfo (RoleInfo.java:updateAndGet(139)) - s1: start s1@group-469FBF65F7A7-LeaderElection103
2022-09-20 10:13:12,056 [s1@group-469FBF65F7A7-LeaderElection103] INFO  impl.LeaderElection (LeaderElection.java:askForVotes(308)) - s1@group-469FBF65F7A7-LeaderElection103 PRE_VOTE round 0: submit vote requests at term 2 for 133: peers:[s0|rpc:localhost:39281|admin:localhost:38455|client:localhost:36053|dataStream:localhost:45769|priority:0|startupRole:FOLLOWER, s1|rpc:localhost:46849|admin:localhost:41515|client:localhost:39119|dataStream:localhost:41703|priority:0|startupRole:FOLLOWER, s2|rpc:localhost:35167|admin:localhost:44965|client:localhost:40979|dataStream:localhost:34151|priority:0|startupRole:FOLLOWER]|listeners:[], old=null
2022-09-20 10:13:12,057 [grpc-default-executor-5] INFO  server.RaftServer$Division (RaftServerImpl.java:requestVote(1281)) - s0@group-469FBF65F7A7: receive requestVote(PRE_VOTE, s1, group-469FBF65F7A7, 2, (t:2, i:134))
2022-09-20 10:13:12,057 [grpc-default-executor-5] WARN  server.GrpcServerProtocolService (LogUtils.java:warn(122)) - s0: Failed requestVote s1->s0#0: org.apache.ratis.protocol.exceptions.ServerNotReadyException: s0@group-469FBF65F7A7 is not in [RUNNING]: current state is CLOSED
2022-09-20 10:13:12,058 [s1@group-469FBF65F7A7-LeaderElection103] INFO  impl.LeaderElection (LogUtils.java:infoOrTrace(137)) - s1@group-469FBF65F7A7-LeaderElection103 got exception when requesting votes: java.util.concurrent.ExecutionException: org.apache.ratis.thirdparty.io.grpc.StatusRuntimeException: INTERNAL: s0@group-469FBF65F7A7 is not in [RUNNING]: current state is CLOSED
2022-09-20 10:13:12,058 [grpc-default-executor-5] INFO  server.RaftServer$Division (RaftServerImpl.java:requestVote(1281)) - s2@group-469FBF65F7A7: receive requestVote(PRE_VOTE, s1, group-469FBF65F7A7, 2, (t:2, i:134))
2022-09-20 10:13:12,059 [grpc-default-executor-5] WARN  server.GrpcServerProtocolService (LogUtils.java:warn(122)) - s2: Failed requestVote s1->s2#0: org.apache.ratis.protocol.exceptions.ServerNotReadyException: s2@group-469FBF65F7A7 is not in [RUNNING]: current state is CLOSED
2022-09-20 10:13:12,059 [s1@group-469FBF65F7A7-LeaderElection103] INFO  impl.LeaderElection (LogUtils.java:infoOrTrace(137)) - s1@group-469FBF65F7A7-LeaderElection103 got exception when requesting votes: java.util.concurrent.ExecutionException: org.apache.ratis.thirdparty.io.grpc.StatusRuntimeException: INTERNAL: s2@group-469FBF65F7A7 is not in [RUNNING]: current state is CLOSED
2022-09-20 10:13:12,059 [s1@group-469FBF65F7A7-LeaderElection103] INFO  impl.LeaderElection (LeaderElection.java:logAndReturn(89)) - s1@group-469FBF65F7A7-LeaderElection103: PRE_VOTE REJECTED received 0 response(s) and 2 exception(s):
2022-09-20 10:13:12,059 [s1@group-469FBF65F7A7-LeaderElection103] INFO  impl.LeaderElection (LogUtils.java:infoOrTrace(137)) -   Exception 0: java.util.concurrent.ExecutionException: org.apache.ratis.thirdparty.io.grpc.StatusRuntimeException: INTERNAL: s0@group-469FBF65F7A7 is not in [RUNNING]: current state is CLOSED
2022-09-20 10:13:12,059 [s1@group-469FBF65F7A7-LeaderElection103] INFO  impl.LeaderElection (LogUtils.java:infoOrTrace(137)) -   Exception 1: java.util.concurrent.ExecutionException: org.apache.ratis.thirdparty.io.grpc.StatusRuntimeException: INTERNAL: s2@group-469FBF65F7A7 is not in [RUNNING]: current state is CLOSED
2022-09-20 10:13:12,059 [s1@group-469FBF65F7A7-LeaderElection103] INFO  impl.LeaderElection (LeaderElection.java:askForVotes(310)) - s1@group-469FBF65F7A7-LeaderElection103 PRE_VOTE round 0: result REJECTED
2022-09-20 10:13:12,059 [s1@group-469FBF65F7A7-LeaderElection103] INFO  server.RaftServer$Division (RaftServerImpl.java:setRole(317)) - s1@group-469FBF65F7A7: changes role from CANDIDATE to FOLLOWER at term 2 for REJECTED
2022-09-20 10:13:12,059 [s1@group-469FBF65F7A7-LeaderElection103] INFO  impl.RoleInfo (RoleInfo.java:shutdownLeaderElection(130)) - s1: shutdown s1@group-469FBF65F7A7-LeaderElection103
2022-09-20 10:13:12,059 [s1@group-469FBF65F7A7-LeaderElection103] INFO  impl.RoleInfo (RoleInfo.java:updateAndGet(139)) - s1: start s1@group-469FBF65F7A7-FollowerState
2022-09-20 10:13:12,096 [null-request--thread1] INFO  server.GrpcClientProtocolService (GrpcClientProtocolService.java:lambda$processClientRequest$0(284)) - Failed RaftClientRequest:client-76B04C62A16F->s1@group-469FBF65F7A7, cid=451, seq=0, RW, Message:6d3635, reply=RaftClientReply:client-76B04C62A16F->s1@group-469FBF65F7A7, cid=451, FAILED org.apache.ratis.protocol.exceptions.NotLeaderException: Server s1@group-469FBF65F7A7 is not the leader, logIndex=0, commits[s1:c133, s0:c130, s2:c133]
2022-09-20 10:13:12,221 [s1@group-469FBF65F7A7-FollowerState] INFO  impl.FollowerState (FollowerState.java:run(141)) - s1@group-469FBF65F7A7-FollowerState: change to CANDIDATE, lastRpcElapsedTime:161757239ns, electionTimeout:159ms
2022-09-20 10:13:12,221 [s1@group-469FBF65F7A7-FollowerState] INFO  impl.RoleInfo (RoleInfo.java:shutdownFollowerState(110)) - s1: shutdown s1@group-469FBF65F7A7-FollowerState
2022-09-20 10:13:12,221 [s1@group-469FBF65F7A7-FollowerState] INFO  server.RaftServer$Division (RaftServerImpl.java:setRole(317)) - s1@group-469FBF65F7A7: changes role from  FOLLOWER to CANDIDATE at term 2 for changeToCandidate
2022-09-20 10:13:12,221 [s1@group-469FBF65F7A7-FollowerState] INFO  server.RaftServerConfigKeys (ConfUtils.java:logGet(46)) - raft.server.leaderelection.pre-vote = true (default)
2022-09-20 10:13:12,221 [s1@group-469FBF65F7A7-FollowerState] INFO  impl.RoleInfo (RoleInfo.java:updateAndGet(139)) - s1: start s1@group-469FBF65F7A7-LeaderElection104
2022-09-20 10:13:12,221 [s1@group-469FBF65F7A7-LeaderElection104] INFO  impl.LeaderElection (LeaderElection.java:askForVotes(308)) - s1@group-469FBF65F7A7-LeaderElection104 PRE_VOTE round 0: submit vote requests at term 2 for 133: peers:[s0|rpc:localhost:39281|admin:localhost:38455|client:localhost:36053|dataStream:localhost:45769|priority:0|startupRole:FOLLOWER, s1|rpc:localhost:46849|admin:localhost:41515|client:localhost:39119|dataStream:localhost:41703|priority:0|startupRole:FOLLOWER, s2|rpc:localhost:35167|admin:localhost:44965|client:localhost:40979|dataStream:localhost:34151|priority:0|startupRole:FOLLOWER]|listeners:[], old=null
2022-09-20 10:13:12,222 [grpc-default-executor-0] INFO  server.RaftServer$Division (RaftServerImpl.java:requestVote(1281)) - s0@group-469FBF65F7A7: receive requestVote(PRE_VOTE, s1, group-469FBF65F7A7, 2, (t:2, i:134))
2022-09-20 10:13:12,222 [grpc-default-executor-0] WARN  server.GrpcServerProtocolService (LogUtils.java:warn(122)) - s0: Failed requestVote s1->s0#0: org.apache.ratis.protocol.exceptions.ServerNotReadyException: s0@group-469FBF65F7A7 is not in [RUNNING]: current state is CLOSED
2022-09-20 10:13:12,223 [s1@group-469FBF65F7A7-LeaderElection104] INFO  impl.LeaderElection (LogUtils.java:infoOrTrace(137)) - s1@group-469FBF65F7A7-LeaderElection104 got exception when requesting votes: java.util.concurrent.ExecutionException: org.apache.ratis.thirdparty.io.grpc.StatusRuntimeException: INTERNAL: s0@group-469FBF65F7A7 is not in [RUNNING]: current state is CLOSED
2022-09-20 10:13:12,224 [grpc-default-executor-0] INFO  server.RaftServer$Division (RaftServerImpl.java:requestVote(1281)) - s2@group-469FBF65F7A7: receive requestVote(PRE_VOTE, s1, group-469FBF65F7A7, 2, (t:2, i:134))
2022-09-20 10:13:12,224 [grpc-default-executor-0] WARN  server.GrpcServerProtocolService (LogUtils.java:warn(122)) - s2: Failed requestVote s1->s2#0: org.apache.ratis.protocol.exceptions.ServerNotReadyException: s2@group-469FBF65F7A7 is not in [RUNNING]: current state is CLOSED
2022-09-20 10:13:12,224 [s1@group-469FBF65F7A7-LeaderElection104] INFO  impl.LeaderElection (LogUtils.java:infoOrTrace(137)) - s1@group-469FBF65F7A7-LeaderElection104 got exception when requesting votes: java.util.concurrent.ExecutionException: org.apache.ratis.thirdparty.io.grpc.StatusRuntimeException: INTERNAL: s2@group-469FBF65F7A7 is not in [RUNNING]: current state is CLOSED
2022-09-20 10:13:12,224 [s1@group-469FBF65F7A7-LeaderElection104] INFO  impl.LeaderElection (LeaderElection.java:logAndReturn(89)) - s1@group-469FBF65F7A7-LeaderElection104: PRE_VOTE REJECTED received 0 response(s) and 2 exception(s):
2022-09-20 10:13:12,224 [s1@group-469FBF65F7A7-LeaderElection104] INFO  impl.LeaderElection (LogUtils.java:infoOrTrace(137)) -   Exception 0: java.util.concurrent.ExecutionException: org.apache.ratis.thirdparty.io.grpc.StatusRuntimeException: INTERNAL: s0@group-469FBF65F7A7 is not in [RUNNING]: current state is CLOSED
2022-09-20 10:13:12,224 [s1@group-469FBF65F7A7-LeaderElection104] INFO  impl.LeaderElection (LogUtils.java:infoOrTrace(137)) -   Exception 1: java.util.concurrent.ExecutionException: org.apache.ratis.thirdparty.io.grpc.StatusRuntimeException: INTERNAL: s2@group-469FBF65F7A7 is not in [RUNNING]: current state is CLOSED
2022-09-20 10:13:12,224 [s1@group-469FBF65F7A7-LeaderElection104] INFO  impl.LeaderElection (LeaderElection.java:askForVotes(310)) - s1@group-469FBF65F7A7-LeaderElection104 PRE_VOTE round 0: result REJECTED
2022-09-20 10:13:12,224 [s1@group-469FBF65F7A7-LeaderElection104] INFO  server.RaftServer$Division (RaftServerImpl.java:setRole(317)) - s1@group-469FBF65F7A7: changes role from CANDIDATE to FOLLOWER at term 2 for REJECTED
2022-09-20 10:13:12,224 [s1@group-469FBF65F7A7-LeaderElection104] INFO  impl.RoleInfo (RoleInfo.java:shutdownLeaderElection(130)) - s1: shutdown s1@group-469FBF65F7A7-LeaderElection104
2022-09-20 10:13:12,225 [s1@group-469FBF65F7A7-LeaderElection104] INFO  impl.RoleInfo (RoleInfo.java:updateAndGet(139)) - s1: start s1@group-469FBF65F7A7-FollowerState
2022-09-20 10:13:12,308 [null-request--thread1] INFO  server.GrpcClientProtocolService (GrpcClientProtocolService.java:lambda$processClientRequest$0(284)) - Failed RaftClientRequest:client-76B04C62A16F->s1@group-469FBF65F7A7, cid=451, seq=0, RW, Message:6d3635, reply=RaftClientReply:client-76B04C62A16F->s1@group-469FBF65F7A7, cid=451, FAILED org.apache.ratis.protocol.exceptions.NotLeaderException: Server s1@group-469FBF65F7A7 is not the leader, logIndex=0, commits[s1:c133, s0:c130, s2:c133]
2022-09-20 10:13:12,436 [s1@group-469FBF65F7A7-FollowerState] INFO  impl.FollowerState (FollowerState.java:run(141)) - s1@group-469FBF65F7A7-FollowerState: change to CANDIDATE, lastRpcElapsedTime:211344809ns, electionTimeout:211ms
2022-09-20 10:13:12,436 [s1@group-469FBF65F7A7-FollowerState] INFO  impl.RoleInfo (RoleInfo.java:shutdownFollowerState(110)) - s1: shutdown s1@group-469FBF65F7A7-FollowerState
2022-09-20 10:13:12,436 [s1@group-469FBF65F7A7-FollowerState] INFO  server.RaftServer$Division (RaftServerImpl.java:setRole(317)) - s1@group-469FBF65F7A7: changes role from  FOLLOWER to CANDIDATE at term 2 for changeToCandidate
2022-09-20 10:13:12,436 [s1@group-469FBF65F7A7-FollowerState] INFO  server.RaftServerConfigKeys (ConfUtils.java:logGet(46)) - raft.server.leaderelection.pre-vote = true (default)
2022-09-20 10:13:12,436 [s1@group-469FBF65F7A7-FollowerState] INFO  impl.RoleInfo (RoleInfo.java:updateAndGet(139)) - s1: start s1@group-469FBF65F7A7-LeaderElection105
2022-09-20 10:13:12,436 [s1@group-469FBF65F7A7-LeaderElection105] INFO  impl.LeaderElection (LeaderElection.java:askForVotes(308)) - s1@group-469FBF65F7A7-LeaderElection105 PRE_VOTE round 0: submit vote requests at term 2 for 133: peers:[s0|rpc:localhost:39281|admin:localhost:38455|client:localhost:36053|dataStream:localhost:45769|priority:0|startupRole:FOLLOWER, s1|rpc:localhost:46849|admin:localhost:41515|client:localhost:39119|dataStream:localhost:41703|priority:0|startupRole:FOLLOWER, s2|rpc:localhost:35167|admin:localhost:44965|client:localhost:40979|dataStream:localhost:34151|priority:0|startupRole:FOLLOWER]|listeners:[], old=null
2022-09-20 10:13:12,437 [grpc-default-executor-5] INFO  server.RaftServer$Division (RaftServerImpl.java:requestVote(1281)) - s2@group-469FBF65F7A7: receive requestVote(PRE_VOTE, s1, group-469FBF65F7A7, 2, (t:2, i:134))
2022-09-20 10:13:12,438 [grpc-default-executor-5] WARN  server.GrpcServerProtocolService (LogUtils.java:warn(122)) - s2: Failed requestVote s1->s2#0: org.apache.ratis.protocol.exceptions.ServerNotReadyException: s2@group-469FBF65F7A7 is not in [RUNNING]: current state is CLOSED
2022-09-20 10:13:12,438 [grpc-default-executor-8] INFO  server.RaftServer$Division (RaftServerImpl.java:requestVote(1281)) - s0@group-469FBF65F7A7: receive requestVote(PRE_VOTE, s1, group-469FBF65F7A7, 2, (t:2, i:134))
2022-09-20 10:13:12,438 [grpc-default-executor-8] WARN  server.GrpcServerProtocolService (LogUtils.java:warn(122)) - s0: Failed requestVote s1->s0#0: org.apache.ratis.protocol.exceptions.ServerNotReadyException: s0@group-469FBF65F7A7 is not in [RUNNING]: current state is CLOSED
2022-09-20 10:13:12,438 [s1@group-469FBF65F7A7-LeaderElection105] INFO  impl.LeaderElection (LogUtils.java:infoOrTrace(137)) - s1@group-469FBF65F7A7-LeaderElection105 got exception when requesting votes: java.util.concurrent.ExecutionException: org.apache.ratis.thirdparty.io.grpc.StatusRuntimeException: INTERNAL: s2@group-469FBF65F7A7 is not in [RUNNING]: current state is CLOSED
2022-09-20 10:13:12,438 [s1@group-469FBF65F7A7-LeaderElection105] INFO  impl.LeaderElection (LogUtils.java:infoOrTrace(137)) - s1@group-469FBF65F7A7-LeaderElection105 got exception when requesting votes: java.util.concurrent.ExecutionException: org.apache.ratis.thirdparty.io.grpc.StatusRuntimeException: INTERNAL: s0@group-469FBF65F7A7 is not in [RUNNING]: current state is CLOSED
2022-09-20 10:13:12,438 [s1@group-469FBF65F7A7-LeaderElection105] INFO  impl.LeaderElection (LeaderElection.java:logAndReturn(89)) - s1@group-469FBF65F7A7-LeaderElection105: PRE_VOTE REJECTED received 0 response(s) and 2 exception(s):
2022-09-20 10:13:12,438 [s1@group-469FBF65F7A7-LeaderElection105] INFO  impl.LeaderElection (LogUtils.java:infoOrTrace(137)) -   Exception 0: java.util.concurrent.ExecutionException: org.apache.ratis.thirdparty.io.grpc.StatusRuntimeException: INTERNAL: s2@group-469FBF65F7A7 is not in [RUNNING]: current state is CLOSED
2022-09-20 10:13:12,438 [s1@group-469FBF65F7A7-LeaderElection105] INFO  impl.LeaderElection (LogUtils.java:infoOrTrace(137)) -   Exception 1: java.util.concurrent.ExecutionException: org.apache.ratis.thirdparty.io.grpc.StatusRuntimeException: INTERNAL: s0@group-469FBF65F7A7 is not in [RUNNING]: current state is CLOSED
2022-09-20 10:13:12,438 [s1@group-469FBF65F7A7-LeaderElection105] INFO  impl.LeaderElection (LeaderElection.java:askForVotes(310)) - s1@group-469FBF65F7A7-LeaderElection105 PRE_VOTE round 0: result REJECTED
2022-09-20 10:13:12,438 [s1@group-469FBF65F7A7-LeaderElection105] INFO  server.RaftServer$Division (RaftServerImpl.java:setRole(317)) - s1@group-469FBF65F7A7: changes role from CANDIDATE to FOLLOWER at term 2 for REJECTED
2022-09-20 10:13:12,438 [s1@group-469FBF65F7A7-LeaderElection105] INFO  impl.RoleInfo (RoleInfo.java:shutdownLeaderElection(130)) - s1: shutdown s1@group-469FBF65F7A7-LeaderElection105
2022-09-20 10:13:12,438 [s1@group-469FBF65F7A7-LeaderElection105] INFO  impl.RoleInfo (RoleInfo.java:updateAndGet(139)) - s1: start s1@group-469FBF65F7A7-FollowerState
2022-09-20 10:13:12,707 [s1@group-469FBF65F7A7-FollowerState] INFO  impl.FollowerState (FollowerState.java:run(141)) - s1@group-469FBF65F7A7-FollowerState: change to CANDIDATE, lastRpcElapsedTime:268244825ns, electionTimeout:264ms
2022-09-20 10:13:12,707 [s1@group-469FBF65F7A7-FollowerState] INFO  impl.RoleInfo (RoleInfo.java:shutdownFollowerState(110)) - s1: shutdown s1@group-469FBF65F7A7-FollowerState
2022-09-20 10:13:12,707 [s1@group-469FBF65F7A7-FollowerState] INFO  server.RaftServer$Division (RaftServerImpl.java:setRole(317)) - s1@group-469FBF65F7A7: changes role from  FOLLOWER to CANDIDATE at term 2 for changeToCandidate
2022-09-20 10:13:12,707 [s1@group-469FBF65F7A7-FollowerState] INFO  server.RaftServerConfigKeys (ConfUtils.java:logGet(46)) - raft.server.leaderelection.pre-vote = true (default)
2022-09-20 10:13:12,707 [s1@group-469FBF65F7A7-FollowerState] INFO  impl.RoleInfo (RoleInfo.java:updateAndGet(139)) - s1: start s1@group-469FBF65F7A7-LeaderElection106
2022-09-20 10:13:12,707 [s1@group-469FBF65F7A7-LeaderElection106] INFO  impl.LeaderElection (LeaderElection.java:askForVotes(308)) - s1@group-469FBF65F7A7-LeaderElection106 PRE_VOTE round 0: submit vote requests at term 2 for 133: peers:[s0|rpc:localhost:39281|admin:localhost:38455|client:localhost:36053|dataStream:localhost:45769|priority:0|startupRole:FOLLOWER, s1|rpc:localhost:46849|admin:localhost:41515|client:localhost:39119|dataStream:localhost:41703|priority:0|startupRole:FOLLOWER, s2|rpc:localhost:35167|admin:localhost:44965|client:localhost:40979|dataStream:localhost:34151|priority:0|startupRole:FOLLOWER]|listeners:[], old=null
2022-09-20 10:13:12,708 [grpc-default-executor-8] INFO  server.RaftServer$Division (RaftServerImpl.java:requestVote(1281)) - s0@group-469FBF65F7A7: receive requestVote(PRE_VOTE, s1, group-469FBF65F7A7, 2, (t:2, i:134))
2022-09-20 10:13:12,708 [grpc-default-executor-8] WARN  server.GrpcServerProtocolService (LogUtils.java:warn(122)) - s0: Failed requestVote s1->s0#0: org.apache.ratis.protocol.exceptions.ServerNotReadyException: s0@group-469FBF65F7A7 is not in [RUNNING]: current state is CLOSED
2022-09-20 10:13:12,709 [grpc-default-executor-8] INFO  server.RaftServer$Division (RaftServerImpl.java:requestVote(1281)) - s2@group-469FBF65F7A7: receive requestVote(PRE_VOTE, s1, group-469FBF65F7A7, 2, (t:2, i:134))
2022-09-20 10:13:12,709 [s1@group-469FBF65F7A7-LeaderElection106] INFO  impl.LeaderElection (LogUtils.java:infoOrTrace(137)) - s1@group-469FBF65F7A7-LeaderElection106 got exception when requesting votes: java.util.concurrent.ExecutionException: org.apache.ratis.thirdparty.io.grpc.StatusRuntimeException: INTERNAL: s0@group-469FBF65F7A7 is not in [RUNNING]: current state is CLOSED
2022-09-20 10:13:12,709 [grpc-default-executor-8] WARN  server.GrpcServerProtocolService (LogUtils.java:warn(122)) - s2: Failed requestVote s1->s2#0: org.apache.ratis.protocol.exceptions.ServerNotReadyException: s2@group-469FBF65F7A7 is not in [RUNNING]: current state is CLOSED
2022-09-20 10:13:12,713 [s1@group-469FBF65F7A7-LeaderElection106] INFO  impl.LeaderElection (LogUtils.java:infoOrTrace(137)) - s1@group-469FBF65F7A7-LeaderElection106 got exception when requesting votes: java.util.concurrent.ExecutionException: org.apache.ratis.thirdparty.io.grpc.StatusRuntimeException: INTERNAL: s2@group-469FBF65F7A7 is not in [RUNNING]: current state is CLOSED
2022-09-20 10:13:12,713 [s1@group-469FBF65F7A7-LeaderElection106] INFO  impl.LeaderElection (LeaderElection.java:logAndReturn(89)) - s1@group-469FBF65F7A7-LeaderElection106: PRE_VOTE REJECTED received 0 response(s) and 2 exception(s):
2022-09-20 10:13:12,713 [s1@group-469FBF65F7A7-LeaderElection106] INFO  impl.LeaderElection (LogUtils.java:infoOrTrace(137)) -   Exception 0: java.util.concurrent.ExecutionException: org.apache.ratis.thirdparty.io.grpc.StatusRuntimeException: INTERNAL: s0@group-469FBF65F7A7 is not in [RUNNING]: current state is CLOSED
2022-09-20 10:13:12,713 [s1@group-469FBF65F7A7-LeaderElection106] INFO  impl.LeaderElection (LogUtils.java:infoOrTrace(137)) -   Exception 1: java.util.concurrent.ExecutionException: org.apache.ratis.thirdparty.io.grpc.StatusRuntimeException: INTERNAL: s2@group-469FBF65F7A7 is not in [RUNNING]: current state is CLOSED
2022-09-20 10:13:12,713 [s1@group-469FBF65F7A7-LeaderElection106] INFO  impl.LeaderElection (LeaderElection.java:askForVotes(310)) - s1@group-469FBF65F7A7-LeaderElection106 PRE_VOTE round 0: result REJECTED
2022-09-20 10:13:12,713 [s1@group-469FBF65F7A7-LeaderElection106] INFO  server.RaftServer$Division (RaftServerImpl.java:setRole(317)) - s1@group-469FBF65F7A7: changes role from CANDIDATE to FOLLOWER at term 2 for REJECTED
2022-09-20 10:13:12,713 [s1@group-469FBF65F7A7-LeaderElection106] INFO  impl.RoleInfo (RoleInfo.java:shutdownLeaderElection(130)) - s1: shutdown s1@group-469FBF65F7A7-LeaderElection106
2022-09-20 10:13:12,713 [s1@group-469FBF65F7A7-LeaderElection106] INFO  impl.RoleInfo (RoleInfo.java:updateAndGet(139)) - s1: start s1@group-469FBF65F7A7-FollowerState
2022-09-20 10:13:12,729 [null-request--thread1] INFO  server.GrpcClientProtocolService (GrpcClientProtocolService.java:lambda$processClientRequest$0(284)) - Failed RaftClientRequest:client-76B04C62A16F->s1@group-469FBF65F7A7, cid=451, seq=0, RW, Message:6d3635, reply=RaftClientReply:client-76B04C62A16F->s1@group-469FBF65F7A7, cid=451, FAILED org.apache.ratis.protocol.exceptions.NotLeaderException: Server s1@group-469FBF65F7A7 is not the leader, logIndex=0, commits[s1:c133, s0:c130, s2:c133]
2022-09-20 10:13:12,952 [s1@group-469FBF65F7A7-FollowerState] INFO  impl.FollowerState (FollowerState.java:run(141)) - s1@group-469FBF65F7A7-FollowerState: change to CANDIDATE, lastRpcElapsedTime:239319542ns, electionTimeout:239ms
2022-09-20 10:13:12,952 [s1@group-469FBF65F7A7-FollowerState] INFO  impl.RoleInfo (RoleInfo.java:shutdownFollowerState(110)) - s1: shutdown s1@group-469FBF65F7A7-FollowerState
2022-09-20 10:13:12,952 [s1@group-469FBF65F7A7-FollowerState] INFO  server.RaftServer$Division (RaftServerImpl.java:setRole(317)) - s1@group-469FBF65F7A7: changes role from  FOLLOWER to CANDIDATE at term 2 for changeToCandidate
2022-09-20 10:13:12,953 [s1@group-469FBF65F7A7-FollowerState] INFO  server.RaftServerConfigKeys (ConfUtils.java:logGet(46)) - raft.server.leaderelection.pre-vote = true (default)
2022-09-20 10:13:12,953 [s1@group-469FBF65F7A7-FollowerState] INFO  impl.RoleInfo (RoleInfo.java:updateAndGet(139)) - s1: start s1@group-469FBF65F7A7-LeaderElection107
2022-09-20 10:13:12,953 [s1@group-469FBF65F7A7-LeaderElection107] INFO  impl.LeaderElection (LeaderElection.java:askForVotes(308)) - s1@group-469FBF65F7A7-LeaderElection107 PRE_VOTE round 0: submit vote requests at term 2 for 133: peers:[s0|rpc:localhost:39281|admin:localhost:38455|client:localhost:36053|dataStream:localhost:45769|priority:0|startupRole:FOLLOWER, s1|rpc:localhost:46849|admin:localhost:41515|client:localhost:39119|dataStream:localhost:41703|priority:0|startupRole:FOLLOWER, s2|rpc:localhost:35167|admin:localhost:44965|client:localhost:40979|dataStream:localhost:34151|priority:0|startupRole:FOLLOWER]|listeners:[], old=null
2022-09-20 10:13:12,954 [grpc-default-executor-5] INFO  server.RaftServer$Division (RaftServerImpl.java:requestVote(1281)) - s2@group-469FBF65F7A7: receive requestVote(PRE_VOTE, s1, group-469FBF65F7A7, 2, (t:2, i:134))
2022-09-20 10:13:12,954 [grpc-default-executor-5] WARN  server.GrpcServerProtocolService (LogUtils.java:warn(122)) - s2: Failed requestVote s1->s2#0: org.apache.ratis.protocol.exceptions.ServerNotReadyException: s2@group-469FBF65F7A7 is not in [RUNNING]: current state is CLOSED
2022-09-20 10:13:12,954 [grpc-default-executor-5] INFO  server.RaftServer$Division (RaftServerImpl.java:requestVote(1281)) - s0@group-469FBF65F7A7: receive requestVote(PRE_VOTE, s1, group-469FBF65F7A7, 2, (t:2, i:134))
2022-09-20 10:13:12,954 [grpc-default-executor-5] WARN  server.GrpcServerProtocolService (LogUtils.java:warn(122)) - s0: Failed requestVote s1->s0#0: org.apache.ratis.protocol.exceptions.ServerNotReadyException: s0@group-469FBF65F7A7 is not in [RUNNING]: current state is CLOSED
2022-09-20 10:13:12,954 [s1@group-469FBF65F7A7-LeaderElection107] INFO  impl.LeaderElection (LogUtils.java:infoOrTrace(137)) - s1@group-469FBF65F7A7-LeaderElection107 got exception when requesting votes: java.util.concurrent.ExecutionException: org.apache.ratis.thirdparty.io.grpc.StatusRuntimeException: INTERNAL: s2@group-469FBF65F7A7 is not in [RUNNING]: current state is CLOSED
2022-09-20 10:13:12,955 [s1@group-469FBF65F7A7-LeaderElection107] INFO  impl.LeaderElection (LogUtils.java:infoOrTrace(137)) - s1@group-469FBF65F7A7-LeaderElection107 got exception when requesting votes: java.util.concurrent.ExecutionException: org.apache.ratis.thirdparty.io.grpc.StatusRuntimeException: INTERNAL: s0@group-469FBF65F7A7 is not in [RUNNING]: current state is CLOSED
2022-09-20 10:13:12,955 [s1@group-469FBF65F7A7-LeaderElection107] INFO  impl.LeaderElection (LeaderElection.java:logAndReturn(89)) - s1@group-469FBF65F7A7-LeaderElection107: PRE_VOTE REJECTED received 0 response(s) and 2 exception(s):
2022-09-20 10:13:12,955 [s1@group-469FBF65F7A7-LeaderElection107] INFO  impl.LeaderElection (LogUtils.java:infoOrTrace(137)) -   Exception 0: java.util.concurrent.ExecutionException: org.apache.ratis.thirdparty.io.grpc.StatusRuntimeException: INTERNAL: s2@group-469FBF65F7A7 is not in [RUNNING]: current state is CLOSED
2022-09-20 10:13:12,955 [s1@group-469FBF65F7A7-LeaderElection107] INFO  impl.LeaderElection (LogUtils.java:infoOrTrace(137)) -   Exception 1: java.util.concurrent.ExecutionException: org.apache.ratis.thirdparty.io.grpc.StatusRuntimeException: INTERNAL: s0@group-469FBF65F7A7 is not in [RUNNING]: current state is CLOSED
2022-09-20 10:13:12,955 [s1@group-469FBF65F7A7-LeaderElection107] INFO  impl.LeaderElection (LeaderElection.java:askForVotes(310)) - s1@group-469FBF65F7A7-LeaderElection107 PRE_VOTE round 0: result REJECTED
2022-09-20 10:13:12,955 [s1@group-469FBF65F7A7-LeaderElection107] INFO  server.RaftServer$Division (RaftServerImpl.java:setRole(317)) - s1@group-469FBF65F7A7: changes role from CANDIDATE to FOLLOWER at term 2 for REJECTED
2022-09-20 10:13:12,955 [s1@group-469FBF65F7A7-LeaderElection107] INFO  impl.RoleInfo (RoleInfo.java:shutdownLeaderElection(130)) - s1: shutdown s1@group-469FBF65F7A7-LeaderElection107
2022-09-20 10:13:12,955 [s1@group-469FBF65F7A7-LeaderElection107] INFO  impl.RoleInfo (RoleInfo.java:updateAndGet(139)) - s1: start s1@group-469FBF65F7A7-FollowerState
2022-09-20 10:13:13,132 [s1@group-469FBF65F7A7-FollowerState] INFO  impl.FollowerState (FollowerState.java:run(141)) - s1@group-469FBF65F7A7-FollowerState: change to CANDIDATE, lastRpcElapsedTime:176367594ns, electionTimeout:176ms
2022-09-20 10:13:13,132 [s1@group-469FBF65F7A7-FollowerState] INFO  impl.RoleInfo (RoleInfo.java:shutdownFollowerState(110)) - s1: shutdown s1@group-469FBF65F7A7-FollowerState
2022-09-20 10:13:13,132 [s1@group-469FBF65F7A7-FollowerState] INFO  server.RaftServer$Division (RaftServerImpl.java:setRole(317)) - s1@group-469FBF65F7A7: changes role from  FOLLOWER to CANDIDATE at term 2 for changeToCandidate
2022-09-20 10:13:13,132 [s1@group-469FBF65F7A7-FollowerState] INFO  server.RaftServerConfigKeys (ConfUtils.java:logGet(46)) - raft.server.leaderelection.pre-vote = true (default)
2022-09-20 10:13:13,132 [s1@group-469FBF65F7A7-FollowerState] INFO  impl.RoleInfo (RoleInfo.java:updateAndGet(139)) - s1: start s1@group-469FBF65F7A7-LeaderElection108
2022-09-20 10:13:13,132 [s1@group-469FBF65F7A7-LeaderElection108] INFO  impl.LeaderElection (LeaderElection.java:askForVotes(308)) - s1@group-469FBF65F7A7-LeaderElection108 PRE_VOTE round 0: submit vote requests at term 2 for 133: peers:[s0|rpc:localhost:39281|admin:localhost:38455|client:localhost:36053|dataStream:localhost:45769|priority:0|startupRole:FOLLOWER, s1|rpc:localhost:46849|admin:localhost:41515|client:localhost:39119|dataStream:localhost:41703|priority:0|startupRole:FOLLOWER, s2|rpc:localhost:35167|admin:localhost:44965|client:localhost:40979|dataStream:localhost:34151|priority:0|startupRole:FOLLOWER]|listeners:[], old=null
2022-09-20 10:13:13,133 [grpc-default-executor-0] INFO  server.RaftServer$Division (RaftServerImpl.java:requestVote(1281)) - s0@group-469FBF65F7A7: receive requestVote(PRE_VOTE, s1, group-469FBF65F7A7, 2, (t:2, i:134))
2022-09-20 10:13:13,133 [grpc-default-executor-0] WARN  server.GrpcServerProtocolService (LogUtils.java:warn(122)) - s0: Failed requestVote s1->s0#0: org.apache.ratis.protocol.exceptions.ServerNotReadyException: s0@group-469FBF65F7A7 is not in [RUNNING]: current state is CLOSED
2022-09-20 10:13:13,134 [grpc-default-executor-5] INFO  server.RaftServer$Division (RaftServerImpl.java:requestVote(1281)) - s2@group-469FBF65F7A7: receive requestVote(PRE_VOTE, s1, group-469FBF65F7A7, 2, (t:2, i:134))
2022-09-20 10:13:13,134 [grpc-default-executor-5] WARN  server.GrpcServerProtocolService (LogUtils.java:warn(122)) - s2: Failed requestVote s1->s2#0: org.apache.ratis.protocol.exceptions.ServerNotReadyException: s2@group-469FBF65F7A7 is not in [RUNNING]: current state is CLOSED
2022-09-20 10:13:13,135 [s1@group-469FBF65F7A7-LeaderElection108] INFO  impl.LeaderElection (LogUtils.java:infoOrTrace(137)) - s1@group-469FBF65F7A7-LeaderElection108 got exception when requesting votes: java.util.concurrent.ExecutionException: org.apache.ratis.thirdparty.io.grpc.StatusRuntimeException: INTERNAL: s2@group-469FBF65F7A7 is not in [RUNNING]: current state is CLOSED
2022-09-20 10:13:13,135 [s1@group-469FBF65F7A7-LeaderElection108] INFO  impl.LeaderElection (LogUtils.java:infoOrTrace(137)) - s1@group-469FBF65F7A7-LeaderElection108 got exception when requesting votes: java.util.concurrent.ExecutionException: org.apache.ratis.thirdparty.io.grpc.StatusRuntimeException: INTERNAL: s0@group-469FBF65F7A7 is not in [RUNNING]: current state is CLOSED
2022-09-20 10:13:13,135 [s1@group-469FBF65F7A7-LeaderElection108] INFO  impl.LeaderElection (LeaderElection.java:logAndReturn(89)) - s1@group-469FBF65F7A7-LeaderElection108: PRE_VOTE REJECTED received 0 response(s) and 2 exception(s):
2022-09-20 10:13:13,135 [s1@group-469FBF65F7A7-LeaderElection108] INFO  impl.LeaderElection (LogUtils.java:infoOrTrace(137)) -   Exception 0: java.util.concurrent.ExecutionException: org.apache.ratis.thirdparty.io.grpc.StatusRuntimeException: INTERNAL: s2@group-469FBF65F7A7 is not in [RUNNING]: current state is CLOSED
2022-09-20 10:13:13,135 [s1@group-469FBF65F7A7-LeaderElection108] INFO  impl.LeaderElection (LogUtils.java:infoOrTrace(137)) -   Exception 1: java.util.concurrent.ExecutionException: org.apache.ratis.thirdparty.io.grpc.StatusRuntimeException: INTERNAL: s0@group-469FBF65F7A7 is not in [RUNNING]: current state is CLOSED
2022-09-20 10:13:13,135 [s1@group-469FBF65F7A7-LeaderElection108] INFO  impl.LeaderElection (LeaderElection.java:askForVotes(310)) - s1@group-469FBF65F7A7-LeaderElection108 PRE_VOTE round 0: result REJECTED
2022-09-20 10:13:13,135 [s1@group-469FBF65F7A7-LeaderElection108] INFO  server.RaftServer$Division (RaftServerImpl.java:setRole(317)) - s1@group-469FBF65F7A7: changes role from CANDIDATE to FOLLOWER at term 2 for REJECTED
2022-09-20 10:13:13,135 [s1@group-469FBF65F7A7-LeaderElection108] INFO  impl.RoleInfo (RoleInfo.java:shutdownLeaderElection(130)) - s1: shutdown s1@group-469FBF65F7A7-LeaderElection108
2022-09-20 10:13:13,135 [s1@group-469FBF65F7A7-LeaderElection108] INFO  impl.RoleInfo (RoleInfo.java:updateAndGet(139)) - s1: start s1@group-469FBF65F7A7-FollowerState
2022-09-20 10:13:13,149 [null-request--thread1] INFO  server.GrpcClientProtocolService (GrpcClientProtocolService.java:lambda$processClientRequest$0(284)) - Failed RaftClientRequest:client-76B04C62A16F->s1@group-469FBF65F7A7, cid=451, seq=0, RW, Message:6d3635, reply=RaftClientReply:client-76B04C62A16F->s1@group-469FBF65F7A7, cid=451, FAILED org.apache.ratis.protocol.exceptions.NotLeaderException: Server s1@group-469FBF65F7A7 is not the leader, logIndex=0, commits[s1:c133, s0:c130, s2:c133]
2022-09-20 10:13:13,358 [null-request--thread1] INFO  server.GrpcClientProtocolService (GrpcClientProtocolService.java:lambda$processClientRequest$0(284)) - Failed RaftClientRequest:client-76B04C62A16F->s1@group-469FBF65F7A7, cid=451, seq=0, RW, Message:6d3635, reply=RaftClientReply:client-76B04C62A16F->s1@group-469FBF65F7A7, cid=451, FAILED org.apache.ratis.protocol.exceptions.NotLeaderException: Server s1@group-469FBF65F7A7 is not the leader, logIndex=0, commits[s1:c133, s0:c130, s2:c133]
2022-09-20 10:13:13,378 [s1@group-469FBF65F7A7-FollowerState] INFO  impl.FollowerState (FollowerState.java:run(141)) - s1@group-469FBF65F7A7-FollowerState: change to CANDIDATE, lastRpcElapsedTime:242369854ns, electionTimeout:242ms
2022-09-20 10:13:13,378 [s1@group-469FBF65F7A7-FollowerState] INFO  impl.RoleInfo (RoleInfo.java:shutdownFollowerState(110)) - s1: shutdown s1@group-469FBF65F7A7-FollowerState
2022-09-20 10:13:13,378 [s1@group-469FBF65F7A7-FollowerState] INFO  server.RaftServer$Division (RaftServerImpl.java:setRole(317)) - s1@group-469FBF65F7A7: changes role from  FOLLOWER to CANDIDATE at term 2 for changeToCandidate
2022-09-20 10:13:13,378 [s1@group-469FBF65F7A7-FollowerState] INFO  server.RaftServerConfigKeys (ConfUtils.java:logGet(46)) - raft.server.leaderelection.pre-vote = true (default)
2022-09-20 10:13:13,378 [s1@group-469FBF65F7A7-FollowerState] INFO  impl.RoleInfo (RoleInfo.java:updateAndGet(139)) - s1: start s1@group-469FBF65F7A7-LeaderElection109
2022-09-20 10:13:13,378 [s1@group-469FBF65F7A7-LeaderElection109] INFO  impl.LeaderElection (LeaderElection.java:askForVotes(308)) - s1@group-469FBF65F7A7-LeaderElection109 PRE_VOTE round 0: submit vote requests at term 2 for 133: peers:[s0|rpc:localhost:39281|admin:localhost:38455|client:localhost:36053|dataStream:localhost:45769|priority:0|startupRole:FOLLOWER, s1|rpc:localhost:46849|admin:localhost:41515|client:localhost:39119|dataStream:localhost:41703|priority:0|startupRole:FOLLOWER, s2|rpc:localhost:35167|admin:localhost:44965|client:localhost:40979|dataStream:localhost:34151|priority:0|startupRole:FOLLOWER]|listeners:[], old=null
2022-09-20 10:13:13,380 [grpc-default-executor-5] INFO  server.RaftServer$Division (RaftServerImpl.java:requestVote(1281)) - s2@group-469FBF65F7A7: receive requestVote(PRE_VOTE, s1, group-469FBF65F7A7, 2, (t:2, i:134))
2022-09-20 10:13:13,380 [grpc-default-executor-5] WARN  server.GrpcServerProtocolService (LogUtils.java:warn(122)) - s2: Failed requestVote s1->s2#0: org.apache.ratis.protocol.exceptions.ServerNotReadyException: s2@group-469FBF65F7A7 is not in [RUNNING]: current state is CLOSED
2022-09-20 10:13:13,380 [s1@group-469FBF65F7A7-LeaderElection109] INFO  impl.LeaderElection (LogUtils.java:infoOrTrace(137)) - s1@group-469FBF65F7A7-LeaderElection109 got exception when requesting votes: java.util.concurrent.ExecutionException: org.apache.ratis.thirdparty.io.grpc.StatusRuntimeException: INTERNAL: s2@group-469FBF65F7A7 is not in [RUNNING]: current state is CLOSED
2022-09-20 10:13:13,381 [grpc-default-executor-8] INFO  server.RaftServer$Division (RaftServerImpl.java:requestVote(1281)) - s0@group-469FBF65F7A7: receive requestVote(PRE_VOTE, s1, group-469FBF65F7A7, 2, (t:2, i:134))
2022-09-20 10:13:13,381 [grpc-default-executor-8] WARN  server.GrpcServerProtocolService (LogUtils.java:warn(122)) - s0: Failed requestVote s1->s0#0: org.apache.ratis.protocol.exceptions.ServerNotReadyException: s0@group-469FBF65F7A7 is not in [RUNNING]: current state is CLOSED
2022-09-20 10:13:13,398 [s1@group-469FBF65F7A7-LeaderElection109] INFO  impl.LeaderElection (LogUtils.java:infoOrTrace(137)) - s1@group-469FBF65F7A7-LeaderElection109 got exception when requesting votes: java.util.concurrent.ExecutionException: org.apache.ratis.thirdparty.io.grpc.StatusRuntimeException: INTERNAL: s0@group-469FBF65F7A7 is not in [RUNNING]: current state is CLOSED
2022-09-20 10:13:13,398 [s1@group-469FBF65F7A7-LeaderElection109] INFO  impl.LeaderElection (LeaderElection.java:logAndReturn(89)) - s1@group-469FBF65F7A7-LeaderElection109: PRE_VOTE REJECTED received 0 response(s) and 2 exception(s):
2022-09-20 10:13:13,398 [s1@group-469FBF65F7A7-LeaderElection109] INFO  impl.LeaderElection (LogUtils.java:infoOrTrace(137)) -   Exception 0: java.util.concurrent.ExecutionException: org.apache.ratis.thirdparty.io.grpc.StatusRuntimeException: INTERNAL: s2@group-469FBF65F7A7 is not in [RUNNING]: current state is CLOSED
2022-09-20 10:13:13,398 [s1@group-469FBF65F7A7-LeaderElection109] INFO  impl.LeaderElection (LogUtils.java:infoOrTrace(137)) -   Exception 1: java.util.concurrent.ExecutionException: org.apache.ratis.thirdparty.io.grpc.StatusRuntimeException: INTERNAL: s0@group-469FBF65F7A7 is not in [RUNNING]: current state is CLOSED
2022-09-20 10:13:13,398 [s1@group-469FBF65F7A7-LeaderElection109] INFO  impl.LeaderElection (LeaderElection.java:askForVotes(310)) - s1@group-469FBF65F7A7-LeaderElection109 PRE_VOTE round 0: result REJECTED
2022-09-20 10:13:13,398 [s1@group-469FBF65F7A7-LeaderElection109] INFO  server.RaftServer$Division (RaftServerImpl.java:setRole(317)) - s1@group-469FBF65F7A7: changes role from CANDIDATE to FOLLOWER at term 2 for REJECTED
2022-09-20 10:13:13,399 [s1@group-469FBF65F7A7-LeaderElection109] INFO  impl.RoleInfo (RoleInfo.java:shutdownLeaderElection(130)) - s1: shutdown s1@group-469FBF65F7A7-LeaderElection109
2022-09-20 10:13:13,399 [s1@group-469FBF65F7A7-LeaderElection109] INFO  impl.RoleInfo (RoleInfo.java:updateAndGet(139)) - s1: start s1@group-469FBF65F7A7-FollowerState
2022-09-20 10:13:13,566 [null-request--thread1] INFO  server.GrpcClientProtocolService (GrpcClientProtocolService.java:lambda$processClientRequest$0(284)) - Failed RaftClientRequest:client-76B04C62A16F->s1@group-469FBF65F7A7, cid=451, seq=0, RW, Message:6d3635, reply=RaftClientReply:client-76B04C62A16F->s1@group-469FBF65F7A7, cid=451, FAILED org.apache.ratis.protocol.exceptions.NotLeaderException: Server s1@group-469FBF65F7A7 is not the leader, logIndex=0, commits[s1:c133, s0:c130, s2:c133]
2022-09-20 10:13:13,685 [s1@group-469FBF65F7A7-FollowerState] INFO  impl.FollowerState (FollowerState.java:run(141)) - s1@group-469FBF65F7A7-FollowerState: change to CANDIDATE, lastRpcElapsedTime:286292627ns, electionTimeout:286ms
2022-09-20 10:13:13,685 [s1@group-469FBF65F7A7-FollowerState] INFO  impl.RoleInfo (RoleInfo.java:shutdownFollowerState(110)) - s1: shutdown s1@group-469FBF65F7A7-FollowerState
2022-09-20 10:13:13,685 [s1@group-469FBF65F7A7-FollowerState] INFO  server.RaftServer$Division (RaftServerImpl.java:setRole(317)) - s1@group-469FBF65F7A7: changes role from  FOLLOWER to CANDIDATE at term 2 for changeToCandidate
2022-09-20 10:13:13,685 [s1@group-469FBF65F7A7-FollowerState] INFO  server.RaftServerConfigKeys (ConfUtils.java:logGet(46)) - raft.server.leaderelection.pre-vote = true (default)
2022-09-20 10:13:13,685 [s1@group-469FBF65F7A7-FollowerState] INFO  impl.RoleInfo (RoleInfo.java:updateAndGet(139)) - s1: start s1@group-469FBF65F7A7-LeaderElection110
2022-09-20 10:13:13,685 [s1@group-469FBF65F7A7-LeaderElection110] INFO  impl.LeaderElection (LeaderElection.java:askForVotes(308)) - s1@group-469FBF65F7A7-LeaderElection110 PRE_VOTE round 0: submit vote requests at term 2 for 133: peers:[s0|rpc:localhost:39281|admin:localhost:38455|client:localhost:36053|dataStream:localhost:45769|priority:0|startupRole:FOLLOWER, s1|rpc:localhost:46849|admin:localhost:41515|client:localhost:39119|dataStream:localhost:41703|priority:0|startupRole:FOLLOWER, s2|rpc:localhost:35167|admin:localhost:44965|client:localhost:40979|dataStream:localhost:34151|priority:0|startupRole:FOLLOWER]|listeners:[], old=null
2022-09-20 10:13:13,686 [grpc-default-executor-0] INFO  server.RaftServer$Division (RaftServerImpl.java:requestVote(1281)) - s2@group-469FBF65F7A7: receive requestVote(PRE_VOTE, s1, group-469FBF65F7A7, 2, (t:2, i:134))
2022-09-20 10:13:13,687 [grpc-default-executor-0] WARN  server.GrpcServerProtocolService (LogUtils.java:warn(122)) - s2: Failed requestVote s1->s2#0: org.apache.ratis.protocol.exceptions.ServerNotReadyException: s2@group-469FBF65F7A7 is not in [RUNNING]: current state is CLOSED
2022-09-20 10:13:13,687 [grpc-default-executor-8] INFO  server.RaftServer$Division (RaftServerImpl.java:requestVote(1281)) - s0@group-469FBF65F7A7: receive requestVote(PRE_VOTE, s1, group-469FBF65F7A7, 2, (t:2, i:134))
2022-09-20 10:13:13,687 [grpc-default-executor-8] WARN  server.GrpcServerProtocolService (LogUtils.java:warn(122)) - s0: Failed requestVote s1->s0#0: org.apache.ratis.protocol.exceptions.ServerNotReadyException: s0@group-469FBF65F7A7 is not in [RUNNING]: current state is CLOSED
2022-09-20 10:13:13,693 [s1@group-469FBF65F7A7-LeaderElection110] INFO  impl.LeaderElection (LogUtils.java:infoOrTrace(137)) - s1@group-469FBF65F7A7-LeaderElection110 got exception when requesting votes: java.util.concurrent.ExecutionException: org.apache.ratis.thirdparty.io.grpc.StatusRuntimeException: INTERNAL: s0@group-469FBF65F7A7 is not in [RUNNING]: current state is CLOSED
2022-09-20 10:13:13,693 [s1@group-469FBF65F7A7-LeaderElection110] INFO  impl.LeaderElection (LogUtils.java:infoOrTrace(137)) - s1@group-469FBF65F7A7-LeaderElection110 got exception when requesting votes: java.util.concurrent.ExecutionException: org.apache.ratis.thirdparty.io.grpc.StatusRuntimeException: INTERNAL: s2@group-469FBF65F7A7 is not in [RUNNING]: current state is CLOSED
2022-09-20 10:13:13,693 [s1@group-469FBF65F7A7-LeaderElection110] INFO  impl.LeaderElection (LeaderElection.java:logAndReturn(89)) - s1@group-469FBF65F7A7-LeaderElection110: PRE_VOTE REJECTED received 0 response(s) and 2 exception(s):
2022-09-20 10:13:13,693 [s1@group-469FBF65F7A7-LeaderElection110] INFO  impl.LeaderElection (LogUtils.java:infoOrTrace(137)) -   Exception 0: java.util.concurrent.ExecutionException: org.apache.ratis.thirdparty.io.grpc.StatusRuntimeException: INTERNAL: s0@group-469FBF65F7A7 is not in [RUNNING]: current state is CLOSED
2022-09-20 10:13:13,693 [s1@group-469FBF65F7A7-LeaderElection110] INFO  impl.LeaderElection (LogUtils.java:infoOrTrace(137)) -   Exception 1: java.util.concurrent.ExecutionException: org.apache.ratis.thirdparty.io.grpc.StatusRuntimeException: INTERNAL: s2@group-469FBF65F7A7 is not in [RUNNING]: current state is CLOSED
2022-09-20 10:13:13,693 [s1@group-469FBF65F7A7-LeaderElection110] INFO  impl.LeaderElection (LeaderElection.java:askForVotes(310)) - s1@group-469FBF65F7A7-LeaderElection110 PRE_VOTE round 0: result REJECTED
2022-09-20 10:13:13,693 [s1@group-469FBF65F7A7-LeaderElection110] INFO  server.RaftServer$Division (RaftServerImpl.java:setRole(317)) - s1@group-469FBF65F7A7: changes role from CANDIDATE to FOLLOWER at term 2 for REJECTED
2022-09-20 10:13:13,693 [s1@group-469FBF65F7A7-LeaderElection110] INFO  impl.RoleInfo (RoleInfo.java:shutdownLeaderElection(130)) - s1: shutdown s1@group-469FBF65F7A7-LeaderElection110
2022-09-20 10:13:13,693 [s1@group-469FBF65F7A7-LeaderElection110] INFO  impl.RoleInfo (RoleInfo.java:updateAndGet(139)) - s1: start s1@group-469FBF65F7A7-FollowerState
2022-09-20 10:13:13,861 [s1@group-469FBF65F7A7-FollowerState] INFO  impl.FollowerState (FollowerState.java:run(141)) - s1@group-469FBF65F7A7-FollowerState: change to CANDIDATE, lastRpcElapsedTime:167592760ns, electionTimeout:167ms
2022-09-20 10:13:13,861 [s1@group-469FBF65F7A7-FollowerState] INFO  impl.RoleInfo (RoleInfo.java:shutdownFollowerState(110)) - s1: shutdown s1@group-469FBF65F7A7-FollowerState
2022-09-20 10:13:13,861 [s1@group-469FBF65F7A7-FollowerState] INFO  server.RaftServer$Division (RaftServerImpl.java:setRole(317)) - s1@group-469FBF65F7A7: changes role from  FOLLOWER to CANDIDATE at term 2 for changeToCandidate
2022-09-20 10:13:13,861 [s1@group-469FBF65F7A7-FollowerState] INFO  server.RaftServerConfigKeys (ConfUtils.java:logGet(46)) - raft.server.leaderelection.pre-vote = true (default)
2022-09-20 10:13:13,861 [s1@group-469FBF65F7A7-FollowerState] INFO  impl.RoleInfo (RoleInfo.java:updateAndGet(139)) - s1: start s1@group-469FBF65F7A7-LeaderElection111
2022-09-20 10:13:13,862 [s1@group-469FBF65F7A7-LeaderElection111] INFO  impl.LeaderElection (LeaderElection.java:askForVotes(308)) - s1@group-469FBF65F7A7-LeaderElection111 PRE_VOTE round 0: submit vote requests at term 2 for 133: peers:[s0|rpc:localhost:39281|admin:localhost:38455|client:localhost:36053|dataStream:localhost:45769|priority:0|startupRole:FOLLOWER, s1|rpc:localhost:46849|admin:localhost:41515|client:localhost:39119|dataStream:localhost:41703|priority:0|startupRole:FOLLOWER, s2|rpc:localhost:35167|admin:localhost:44965|client:localhost:40979|dataStream:localhost:34151|priority:0|startupRole:FOLLOWER]|listeners:[], old=null
2022-09-20 10:13:13,863 [grpc-default-executor-5] INFO  server.RaftServer$Division (RaftServerImpl.java:requestVote(1281)) - s2@group-469FBF65F7A7: receive requestVote(PRE_VOTE, s1, group-469FBF65F7A7, 2, (t:2, i:134))
2022-09-20 10:13:13,863 [grpc-default-executor-5] WARN  server.GrpcServerProtocolService (LogUtils.java:warn(122)) - s2: Failed requestVote s1->s2#0: org.apache.ratis.protocol.exceptions.ServerNotReadyException: s2@group-469FBF65F7A7 is not in [RUNNING]: current state is CLOSED
2022-09-20 10:13:13,864 [grpc-default-executor-5] INFO  server.RaftServer$Division (RaftServerImpl.java:requestVote(1281)) - s0@group-469FBF65F7A7: receive requestVote(PRE_VOTE, s1, group-469FBF65F7A7, 2, (t:2, i:134))
2022-09-20 10:13:13,864 [grpc-default-executor-5] WARN  server.GrpcServerProtocolService (LogUtils.java:warn(122)) - s0: Failed requestVote s1->s0#0: org.apache.ratis.protocol.exceptions.ServerNotReadyException: s0@group-469FBF65F7A7 is not in [RUNNING]: current state is CLOSED
2022-09-20 10:13:13,865 [s1@group-469FBF65F7A7-LeaderElection111] INFO  impl.LeaderElection (LogUtils.java:infoOrTrace(137)) - s1@group-469FBF65F7A7-LeaderElection111 got exception when requesting votes: java.util.concurrent.ExecutionException: org.apache.ratis.thirdparty.io.grpc.StatusRuntimeException: INTERNAL: s2@group-469FBF65F7A7 is not in [RUNNING]: current state is CLOSED
2022-09-20 10:13:13,865 [s1@group-469FBF65F7A7-LeaderElection111] INFO  impl.LeaderElection (LogUtils.java:infoOrTrace(137)) - s1@group-469FBF65F7A7-LeaderElection111 got exception when requesting votes: java.util.concurrent.ExecutionException: org.apache.ratis.thirdparty.io.grpc.StatusRuntimeException: INTERNAL: s0@group-469FBF65F7A7 is not in [RUNNING]: current state is CLOSED
2022-09-20 10:13:13,865 [s1@group-469FBF65F7A7-LeaderElection111] INFO  impl.LeaderElection (LeaderElection.java:logAndReturn(89)) - s1@group-469FBF65F7A7-LeaderElection111: PRE_VOTE REJECTED received 0 response(s) and 2 exception(s):
2022-09-20 10:13:13,865 [s1@group-469FBF65F7A7-LeaderElection111] INFO  impl.LeaderElection (LogUtils.java:infoOrTrace(137)) -   Exception 0: java.util.concurrent.ExecutionException: org.apache.ratis.thirdparty.io.grpc.StatusRuntimeException: INTERNAL: s2@group-469FBF65F7A7 is not in [RUNNING]: current state is CLOSED
2022-09-20 10:13:13,865 [s1@group-469FBF65F7A7-LeaderElection111] INFO  impl.LeaderElection (LogUtils.java:infoOrTrace(137)) -   Exception 1: java.util.concurrent.ExecutionException: org.apache.ratis.thirdparty.io.grpc.StatusRuntimeException: INTERNAL: s0@group-469FBF65F7A7 is not in [RUNNING]: current state is CLOSED
2022-09-20 10:13:13,865 [s1@group-469FBF65F7A7-LeaderElection111] INFO  impl.LeaderElection (LeaderElection.java:askForVotes(310)) - s1@group-469FBF65F7A7-LeaderElection111 PRE_VOTE round 0: result REJECTED
2022-09-20 10:13:13,865 [s1@group-469FBF65F7A7-LeaderElection111] INFO  server.RaftServer$Division (RaftServerImpl.java:setRole(317)) - s1@group-469FBF65F7A7: changes role from CANDIDATE to FOLLOWER at term 2 for REJECTED
2022-09-20 10:13:13,865 [s1@group-469FBF65F7A7-LeaderElection111] INFO  impl.RoleInfo (RoleInfo.java:shutdownLeaderElection(130)) - s1: shutdown s1@group-469FBF65F7A7-LeaderElection111
2022-09-20 10:13:13,865 [s1@group-469FBF65F7A7-LeaderElection111] INFO  impl.RoleInfo (RoleInfo.java:updateAndGet(139)) - s1: start s1@group-469FBF65F7A7-FollowerState
2022-09-20 10:13:13,881 [null-request--thread1] INFO  server.GrpcClientProtocolService (GrpcClientProtocolService.java:lambda$processClientRequest$0(284)) - Failed RaftClientRequest:client-76B04C62A16F->s1@group-469FBF65F7A7, cid=451, seq=0, RW, Message:6d3635, reply=RaftClientReply:client-76B04C62A16F->s1@group-469FBF65F7A7, cid=451, FAILED org.apache.ratis.protocol.exceptions.NotLeaderException: Server s1@group-469FBF65F7A7 is not the leader, logIndex=0, commits[s1:c133, s0:c130, s2:c133]
2022-09-20 10:13:14,094 [null-request--thread1] INFO  server.GrpcClientProtocolService (GrpcClientProtocolService.java:lambda$processClientRequest$0(284)) - Failed RaftClientRequest:client-76B04C62A16F->s1@group-469FBF65F7A7, cid=451, seq=0, RW, Message:6d3635, reply=RaftClientReply:client-76B04C62A16F->s1@group-469FBF65F7A7, cid=451, FAILED org.apache.ratis.protocol.exceptions.NotLeaderException: Server s1@group-469FBF65F7A7 is not the leader, logIndex=0, commits[s1:c133, s0:c130, s2:c133]
2022-09-20 10:13:14,098 [s1@group-469FBF65F7A7-FollowerState] INFO  impl.FollowerState (FollowerState.java:run(141)) - s1@group-469FBF65F7A7-FollowerState: change to CANDIDATE, lastRpcElapsedTime:233411818ns, electionTimeout:233ms
2022-09-20 10:13:14,099 [s1@group-469FBF65F7A7-FollowerState] INFO  impl.RoleInfo (RoleInfo.java:shutdownFollowerState(110)) - s1: shutdown s1@group-469FBF65F7A7-FollowerState
2022-09-20 10:13:14,099 [s1@group-469FBF65F7A7-FollowerState] INFO  server.RaftServer$Division (RaftServerImpl.java:setRole(317)) - s1@group-469FBF65F7A7: changes role from  FOLLOWER to CANDIDATE at term 2 for changeToCandidate
2022-09-20 10:13:14,099 [s1@group-469FBF65F7A7-FollowerState] INFO  server.RaftServerConfigKeys (ConfUtils.java:logGet(46)) - raft.server.leaderelection.pre-vote = true (default)
2022-09-20 10:13:14,099 [s1@group-469FBF65F7A7-FollowerState] INFO  impl.RoleInfo (RoleInfo.java:updateAndGet(139)) - s1: start s1@group-469FBF65F7A7-LeaderElection112
2022-09-20 10:13:14,099 [s1@group-469FBF65F7A7-LeaderElection112] INFO  impl.LeaderElection (LeaderElection.java:askForVotes(308)) - s1@group-469FBF65F7A7-LeaderElection112 PRE_VOTE round 0: submit vote requests at term 2 for 133: peers:[s0|rpc:localhost:39281|admin:localhost:38455|client:localhost:36053|dataStream:localhost:45769|priority:0|startupRole:FOLLOWER, s1|rpc:localhost:46849|admin:localhost:41515|client:localhost:39119|dataStream:localhost:41703|priority:0|startupRole:FOLLOWER, s2|rpc:localhost:35167|admin:localhost:44965|client:localhost:40979|dataStream:localhost:34151|priority:0|startupRole:FOLLOWER]|listeners:[], old=null
2022-09-20 10:13:14,100 [grpc-default-executor-8] INFO  server.RaftServer$Division (RaftServerImpl.java:requestVote(1281)) - s0@group-469FBF65F7A7: receive requestVote(PRE_VOTE, s1, group-469FBF65F7A7, 2, (t:2, i:134))
2022-09-20 10:13:14,100 [grpc-default-executor-8] WARN  server.GrpcServerProtocolService (LogUtils.java:warn(122)) - s0: Failed requestVote s1->s0#0: org.apache.ratis.protocol.exceptions.ServerNotReadyException: s0@group-469FBF65F7A7 is not in [RUNNING]: current state is CLOSED
2022-09-20 10:13:14,101 [s1@group-469FBF65F7A7-LeaderElection112] INFO  impl.LeaderElection (LogUtils.java:infoOrTrace(137)) - s1@group-469FBF65F7A7-LeaderElection112 got exception when requesting votes: java.util.concurrent.ExecutionException: org.apache.ratis.thirdparty.io.grpc.StatusRuntimeException: INTERNAL: s0@group-469FBF65F7A7 is not in [RUNNING]: current state is CLOSED
2022-09-20 10:13:14,101 [grpc-default-executor-5] INFO  server.RaftServer$Division (RaftServerImpl.java:requestVote(1281)) - s2@group-469FBF65F7A7: receive requestVote(PRE_VOTE, s1, group-469FBF65F7A7, 2, (t:2, i:134))
2022-09-20 10:13:14,101 [grpc-default-executor-5] WARN  server.GrpcServerProtocolService (LogUtils.java:warn(122)) - s2: Failed requestVote s1->s2#0: org.apache.ratis.protocol.exceptions.ServerNotReadyException: s2@group-469FBF65F7A7 is not in [RUNNING]: current state is CLOSED
2022-09-20 10:13:14,101 [s1@group-469FBF65F7A7-LeaderElection112] INFO  impl.LeaderElection (LogUtils.java:infoOrTrace(137)) - s1@group-469FBF65F7A7-LeaderElection112 got exception when requesting votes: java.util.concurrent.ExecutionException: org.apache.ratis.thirdparty.io.grpc.StatusRuntimeException: INTERNAL: s2@group-469FBF65F7A7 is not in [RUNNING]: current state is CLOSED
2022-09-20 10:13:14,101 [s1@group-469FBF65F7A7-LeaderElection112] INFO  impl.LeaderElection (LeaderElection.java:logAndReturn(89)) - s1@group-469FBF65F7A7-LeaderElection112: PRE_VOTE REJECTED received 0 response(s) and 2 exception(s):
2022-09-20 10:13:14,101 [s1@group-469FBF65F7A7-LeaderElection112] INFO  impl.LeaderElection (LogUtils.java:infoOrTrace(137)) -   Exception 0: java.util.concurrent.ExecutionException: org.apache.ratis.thirdparty.io.grpc.StatusRuntimeException: INTERNAL: s0@group-469FBF65F7A7 is not in [RUNNING]: current state is CLOSED
2022-09-20 10:13:14,101 [s1@group-469FBF65F7A7-LeaderElection112] INFO  impl.LeaderElection (LogUtils.java:infoOrTrace(137)) -   Exception 1: java.util.concurrent.ExecutionException: org.apache.ratis.thirdparty.io.grpc.StatusRuntimeException: INTERNAL: s2@group-469FBF65F7A7 is not in [RUNNING]: current state is CLOSED
2022-09-20 10:13:14,101 [s1@group-469FBF65F7A7-LeaderElection112] INFO  impl.LeaderElection (LeaderElection.java:askForVotes(310)) - s1@group-469FBF65F7A7-LeaderElection112 PRE_VOTE round 0: result REJECTED
2022-09-20 10:13:14,101 [s1@group-469FBF65F7A7-LeaderElection112] INFO  server.RaftServer$Division (RaftServerImpl.java:setRole(317)) - s1@group-469FBF65F7A7: changes role from CANDIDATE to FOLLOWER at term 2 for REJECTED
2022-09-20 10:13:14,101 [s1@group-469FBF65F7A7-LeaderElection112] INFO  impl.RoleInfo (RoleInfo.java:shutdownLeaderElection(130)) - s1: shutdown s1@group-469FBF65F7A7-LeaderElection112
2022-09-20 10:13:14,101 [s1@group-469FBF65F7A7-LeaderElection112] INFO  impl.RoleInfo (RoleInfo.java:updateAndGet(139)) - s1: start s1@group-469FBF65F7A7-FollowerState
2022-09-20 10:13:14,358 [s1@group-469FBF65F7A7-FollowerState] INFO  impl.FollowerState (FollowerState.java:run(141)) - s1@group-469FBF65F7A7-FollowerState: change to CANDIDATE, lastRpcElapsedTime:256803211ns, electionTimeout:256ms
2022-09-20 10:13:14,358 [s1@group-469FBF65F7A7-FollowerState] INFO  impl.RoleInfo (RoleInfo.java:shutdownFollowerState(110)) - s1: shutdown s1@group-469FBF65F7A7-FollowerState
2022-09-20 10:13:14,358 [s1@group-469FBF65F7A7-FollowerState] INFO  server.RaftServer$Division (RaftServerImpl.java:setRole(317)) - s1@group-469FBF65F7A7: changes role from  FOLLOWER to CANDIDATE at term 2 for changeToCandidate
2022-09-20 10:13:14,358 [s1@group-469FBF65F7A7-FollowerState] INFO  server.RaftServerConfigKeys (ConfUtils.java:logGet(46)) - raft.server.leaderelection.pre-vote = true (default)
2022-09-20 10:13:14,358 [s1@group-469FBF65F7A7-FollowerState] INFO  impl.RoleInfo (RoleInfo.java:updateAndGet(139)) - s1: start s1@group-469FBF65F7A7-LeaderElection113
2022-09-20 10:13:14,359 [s1@group-469FBF65F7A7-LeaderElection113] INFO  impl.LeaderElection (LeaderElection.java:askForVotes(308)) - s1@group-469FBF65F7A7-LeaderElection113 PRE_VOTE round 0: submit vote requests at term 2 for 133: peers:[s0|rpc:localhost:39281|admin:localhost:38455|client:localhost:36053|dataStream:localhost:45769|priority:0|startupRole:FOLLOWER, s1|rpc:localhost:46849|admin:localhost:41515|client:localhost:39119|dataStream:localhost:41703|priority:0|startupRole:FOLLOWER, s2|rpc:localhost:35167|admin:localhost:44965|client:localhost:40979|dataStream:localhost:34151|priority:0|startupRole:FOLLOWER]|listeners:[], old=null
2022-09-20 10:13:14,360 [grpc-default-executor-5] INFO  server.RaftServer$Division (RaftServerImpl.java:requestVote(1281)) - s0@group-469FBF65F7A7: receive requestVote(PRE_VOTE, s1, group-469FBF65F7A7, 2, (t:2, i:134))
2022-09-20 10:13:14,360 [grpc-default-executor-5] WARN  server.GrpcServerProtocolService (LogUtils.java:warn(122)) - s0: Failed requestVote s1->s0#0: org.apache.ratis.protocol.exceptions.ServerNotReadyException: s0@group-469FBF65F7A7 is not in [RUNNING]: current state is CLOSED
2022-09-20 10:13:14,360 [grpc-default-executor-8] INFO  server.RaftServer$Division (RaftServerImpl.java:requestVote(1281)) - s2@group-469FBF65F7A7: receive requestVote(PRE_VOTE, s1, group-469FBF65F7A7, 2, (t:2, i:134))
2022-09-20 10:13:14,360 [grpc-default-executor-8] WARN  server.GrpcServerProtocolService (LogUtils.java:warn(122)) - s2: Failed requestVote s1->s2#0: org.apache.ratis.protocol.exceptions.ServerNotReadyException: s2@group-469FBF65F7A7 is not in [RUNNING]: current state is CLOSED
2022-09-20 10:13:14,361 [s1@group-469FBF65F7A7-LeaderElection113] INFO  impl.LeaderElection (LogUtils.java:infoOrTrace(137)) - s1@group-469FBF65F7A7-LeaderElection113 got exception when requesting votes: java.util.concurrent.ExecutionException: org.apache.ratis.thirdparty.io.grpc.StatusRuntimeException: INTERNAL: s2@group-469FBF65F7A7 is not in [RUNNING]: current state is CLOSED
2022-09-20 10:13:14,361 [s1@group-469FBF65F7A7-LeaderElection113] INFO  impl.LeaderElection (LogUtils.java:infoOrTrace(137)) - s1@group-469FBF65F7A7-LeaderElection113 got exception when requesting votes: java.util.concurrent.ExecutionException: org.apache.ratis.thirdparty.io.grpc.StatusRuntimeException: INTERNAL: s0@group-469FBF65F7A7 is not in [RUNNING]: current state is CLOSED
2022-09-20 10:13:14,361 [s1@group-469FBF65F7A7-LeaderElection113] INFO  impl.LeaderElection (LeaderElection.java:logAndReturn(89)) - s1@group-469FBF65F7A7-LeaderElection113: PRE_VOTE REJECTED received 0 response(s) and 2 exception(s):
2022-09-20 10:13:14,361 [s1@group-469FBF65F7A7-LeaderElection113] INFO  impl.LeaderElection (LogUtils.java:infoOrTrace(137)) -   Exception 0: java.util.concurrent.ExecutionException: org.apache.ratis.thirdparty.io.grpc.StatusRuntimeException: INTERNAL: s2@group-469FBF65F7A7 is not in [RUNNING]: current state is CLOSED
2022-09-20 10:13:14,361 [s1@group-469FBF65F7A7-LeaderElection113] INFO  impl.LeaderElection (LogUtils.java:infoOrTrace(137)) -   Exception 1: java.util.concurrent.ExecutionException: org.apache.ratis.thirdparty.io.grpc.StatusRuntimeException: INTERNAL: s0@group-469FBF65F7A7 is not in [RUNNING]: current state is CLOSED
2022-09-20 10:13:14,361 [s1@group-469FBF65F7A7-LeaderElection113] INFO  impl.LeaderElection (LeaderElection.java:askForVotes(310)) - s1@group-469FBF65F7A7-LeaderElection113 PRE_VOTE round 0: result REJECTED
2022-09-20 10:13:14,361 [s1@group-469FBF65F7A7-LeaderElection113] INFO  server.RaftServer$Division (RaftServerImpl.java:setRole(317)) - s1@group-469FBF65F7A7: changes role from CANDIDATE to FOLLOWER at term 2 for REJECTED
2022-09-20 10:13:14,361 [s1@group-469FBF65F7A7-LeaderElection113] INFO  impl.RoleInfo (RoleInfo.java:shutdownLeaderElection(130)) - s1: shutdown s1@group-469FBF65F7A7-LeaderElection113
2022-09-20 10:13:14,361 [s1@group-469FBF65F7A7-LeaderElection113] INFO  impl.RoleInfo (RoleInfo.java:updateAndGet(139)) - s1: start s1@group-469FBF65F7A7-FollowerState
2022-09-20 10:13:14,408 [null-request--thread1] INFO  server.GrpcClientProtocolService (GrpcClientProtocolService.java:lambda$processClientRequest$0(284)) - Failed RaftClientRequest:client-76B04C62A16F->s1@group-469FBF65F7A7, cid=451, seq=0, RW, Message:6d3635, reply=RaftClientReply:client-76B04C62A16F->s1@group-469FBF65F7A7, cid=451, FAILED org.apache.ratis.protocol.exceptions.NotLeaderException: Server s1@group-469FBF65F7A7 is not the leader, logIndex=0, commits[s1:c133, s0:c130, s2:c133]
2022-09-20 10:13:14,617 [null-request--thread1] INFO  server.GrpcClientProtocolService (GrpcClientProtocolService.java:lambda$processClientRequest$0(284)) - Failed RaftClientRequest:client-76B04C62A16F->s1@group-469FBF65F7A7, cid=451, seq=0, RW, Message:6d3635, reply=RaftClientReply:client-76B04C62A16F->s1@group-469FBF65F7A7, cid=451, FAILED org.apache.ratis.protocol.exceptions.NotLeaderException: Server s1@group-469FBF65F7A7 is not the leader, logIndex=0, commits[s1:c133, s0:c130, s2:c133]
2022-09-20 10:13:14,639 [s1@group-469FBF65F7A7-FollowerState] INFO  impl.FollowerState (FollowerState.java:run(141)) - s1@group-469FBF65F7A7-FollowerState: change to CANDIDATE, lastRpcElapsedTime:278451796ns, electionTimeout:278ms
2022-09-20 10:13:14,640 [s1@group-469FBF65F7A7-FollowerState] INFO  impl.RoleInfo (RoleInfo.java:shutdownFollowerState(110)) - s1: shutdown s1@group-469FBF65F7A7-FollowerState
2022-09-20 10:13:14,640 [s1@group-469FBF65F7A7-FollowerState] INFO  server.RaftServer$Division (RaftServerImpl.java:setRole(317)) - s1@group-469FBF65F7A7: changes role from  FOLLOWER to CANDIDATE at term 2 for changeToCandidate
2022-09-20 10:13:14,640 [s1@group-469FBF65F7A7-FollowerState] INFO  server.RaftServerConfigKeys (ConfUtils.java:logGet(46)) - raft.server.leaderelection.pre-vote = true (default)
2022-09-20 10:13:14,640 [s1@group-469FBF65F7A7-FollowerState] INFO  impl.RoleInfo (RoleInfo.java:updateAndGet(139)) - s1: start s1@group-469FBF65F7A7-LeaderElection114
2022-09-20 10:13:14,640 [s1@group-469FBF65F7A7-LeaderElection114] INFO  impl.LeaderElection (LeaderElection.java:askForVotes(308)) - s1@group-469FBF65F7A7-LeaderElection114 PRE_VOTE round 0: submit vote requests at term 2 for 133: peers:[s0|rpc:localhost:39281|admin:localhost:38455|client:localhost:36053|dataStream:localhost:45769|priority:0|startupRole:FOLLOWER, s1|rpc:localhost:46849|admin:localhost:41515|client:localhost:39119|dataStream:localhost:41703|priority:0|startupRole:FOLLOWER, s2|rpc:localhost:35167|admin:localhost:44965|client:localhost:40979|dataStream:localhost:34151|priority:0|startupRole:FOLLOWER]|listeners:[], old=null
2022-09-20 10:13:14,641 [grpc-default-executor-8] INFO  server.RaftServer$Division (RaftServerImpl.java:requestVote(1281)) - s0@group-469FBF65F7A7: receive requestVote(PRE_VOTE, s1, group-469FBF65F7A7, 2, (t:2, i:134))
2022-09-20 10:13:14,641 [grpc-default-executor-8] WARN  server.GrpcServerProtocolService (LogUtils.java:warn(122)) - s0: Failed requestVote s1->s0#0: org.apache.ratis.protocol.exceptions.ServerNotReadyException: s0@group-469FBF65F7A7 is not in [RUNNING]: current state is CLOSED
2022-09-20 10:13:14,642 [s1@group-469FBF65F7A7-LeaderElection114] INFO  impl.LeaderElection (LogUtils.java:infoOrTrace(137)) - s1@group-469FBF65F7A7-LeaderElection114 got exception when requesting votes: java.util.concurrent.ExecutionException: org.apache.ratis.thirdparty.io.grpc.StatusRuntimeException: INTERNAL: s0@group-469FBF65F7A7 is not in [RUNNING]: current state is CLOSED
2022-09-20 10:13:14,642 [grpc-default-executor-8] INFO  server.RaftServer$Division (RaftServerImpl.java:requestVote(1281)) - s2@group-469FBF65F7A7: receive requestVote(PRE_VOTE, s1, group-469FBF65F7A7, 2, (t:2, i:134))
2022-09-20 10:13:14,642 [grpc-default-executor-8] WARN  server.GrpcServerProtocolService (LogUtils.java:warn(122)) - s2: Failed requestVote s1->s2#0: org.apache.ratis.protocol.exceptions.ServerNotReadyException: s2@group-469FBF65F7A7 is not in [RUNNING]: current state is CLOSED
2022-09-20 10:13:14,643 [s1@group-469FBF65F7A7-LeaderElection114] INFO  impl.LeaderElection (LogUtils.java:infoOrTrace(137)) - s1@group-469FBF65F7A7-LeaderElection114 got exception when requesting votes: java.util.concurrent.ExecutionException: org.apache.ratis.thirdparty.io.grpc.StatusRuntimeException: INTERNAL: s2@group-469FBF65F7A7 is not in [RUNNING]: current state is CLOSED
2022-09-20 10:13:14,643 [s1@group-469FBF65F7A7-LeaderElection114] INFO  impl.LeaderElection (LeaderElection.java:logAndReturn(89)) - s1@group-469FBF65F7A7-LeaderElection114: PRE_VOTE REJECTED received 0 response(s) and 2 exception(s):
2022-09-20 10:13:14,643 [s1@group-469FBF65F7A7-LeaderElection114] INFO  impl.LeaderElection (LogUtils.java:infoOrTrace(137)) -   Exception 0: java.util.concurrent.ExecutionException: org.apache.ratis.thirdparty.io.grpc.StatusRuntimeException: INTERNAL: s0@group-469FBF65F7A7 is not in [RUNNING]: current state is CLOSED
2022-09-20 10:13:14,643 [s1@group-469FBF65F7A7-LeaderElection114] INFO  impl.LeaderElection (LogUtils.java:infoOrTrace(137)) -   Exception 1: java.util.concurrent.ExecutionException: org.apache.ratis.thirdparty.io.grpc.StatusRuntimeException: INTERNAL: s2@group-469FBF65F7A7 is not in [RUNNING]: current state is CLOSED
2022-09-20 10:13:14,643 [s1@group-469FBF65F7A7-LeaderElection114] INFO  impl.LeaderElection (LeaderElection.java:askForVotes(310)) - s1@group-469FBF65F7A7-LeaderElection114 PRE_VOTE round 0: result REJECTED
2022-09-20 10:13:14,643 [s1@group-469FBF65F7A7-LeaderElection114] INFO  server.RaftServer$Division (RaftServerImpl.java:setRole(317)) - s1@group-469FBF65F7A7: changes role from CANDIDATE to FOLLOWER at term 2 for REJECTED
2022-09-20 10:13:14,643 [s1@group-469FBF65F7A7-LeaderElection114] INFO  impl.RoleInfo (RoleInfo.java:shutdownLeaderElection(130)) - s1: shutdown s1@group-469FBF65F7A7-LeaderElection114
2022-09-20 10:13:14,643 [s1@group-469FBF65F7A7-LeaderElection114] INFO  impl.RoleInfo (RoleInfo.java:updateAndGet(139)) - s1: start s1@group-469FBF65F7A7-FollowerState
2022-09-20 10:13:14,818 [s1@group-469FBF65F7A7-FollowerState] INFO  impl.FollowerState (FollowerState.java:run(141)) - s1@group-469FBF65F7A7-FollowerState: change to CANDIDATE, lastRpcElapsedTime:175525991ns, electionTimeout:175ms
2022-09-20 10:13:14,818 [s1@group-469FBF65F7A7-FollowerState] INFO  impl.RoleInfo (RoleInfo.java:shutdownFollowerState(110)) - s1: shutdown s1@group-469FBF65F7A7-FollowerState
2022-09-20 10:13:14,819 [s1@group-469FBF65F7A7-FollowerState] INFO  server.RaftServer$Division (RaftServerImpl.java:setRole(317)) - s1@group-469FBF65F7A7: changes role from  FOLLOWER to CANDIDATE at term 2 for changeToCandidate
2022-09-20 10:13:14,819 [s1@group-469FBF65F7A7-FollowerState] INFO  server.RaftServerConfigKeys (ConfUtils.java:logGet(46)) - raft.server.leaderelection.pre-vote = true (default)
2022-09-20 10:13:14,819 [s1@group-469FBF65F7A7-FollowerState] INFO  impl.RoleInfo (RoleInfo.java:updateAndGet(139)) - s1: start s1@group-469FBF65F7A7-LeaderElection115
2022-09-20 10:13:14,819 [s1@group-469FBF65F7A7-LeaderElection115] INFO  impl.LeaderElection (LeaderElection.java:askForVotes(308)) - s1@group-469FBF65F7A7-LeaderElection115 PRE_VOTE round 0: submit vote requests at term 2 for 133: peers:[s0|rpc:localhost:39281|admin:localhost:38455|client:localhost:36053|dataStream:localhost:45769|priority:0|startupRole:FOLLOWER, s1|rpc:localhost:46849|admin:localhost:41515|client:localhost:39119|dataStream:localhost:41703|priority:0|startupRole:FOLLOWER, s2|rpc:localhost:35167|admin:localhost:44965|client:localhost:40979|dataStream:localhost:34151|priority:0|startupRole:FOLLOWER]|listeners:[], old=null
2022-09-20 10:13:14,821 [grpc-default-executor-5] INFO  server.RaftServer$Division (RaftServerImpl.java:requestVote(1281)) - s0@group-469FBF65F7A7: receive requestVote(PRE_VOTE, s1, group-469FBF65F7A7, 2, (t:2, i:134))
2022-09-20 10:13:14,821 [grpc-default-executor-5] WARN  server.GrpcServerProtocolService (LogUtils.java:warn(122)) - s0: Failed requestVote s1->s0#0: org.apache.ratis.protocol.exceptions.ServerNotReadyException: s0@group-469FBF65F7A7 is not in [RUNNING]: current state is CLOSED
2022-09-20 10:13:14,821 [grpc-default-executor-5] INFO  server.RaftServer$Division (RaftServerImpl.java:requestVote(1281)) - s2@group-469FBF65F7A7: receive requestVote(PRE_VOTE, s1, group-469FBF65F7A7, 2, (t:2, i:134))
2022-09-20 10:13:14,821 [grpc-default-executor-5] WARN  server.GrpcServerProtocolService (LogUtils.java:warn(122)) - s2: Failed requestVote s1->s2#0: org.apache.ratis.protocol.exceptions.ServerNotReadyException: s2@group-469FBF65F7A7 is not in [RUNNING]: current state is CLOSED
2022-09-20 10:13:14,822 [s1@group-469FBF65F7A7-LeaderElection115] INFO  impl.LeaderElection (LogUtils.java:infoOrTrace(137)) - s1@group-469FBF65F7A7-LeaderElection115 got exception when requesting votes: java.util.concurrent.ExecutionException: org.apache.ratis.thirdparty.io.grpc.StatusRuntimeException: INTERNAL: s0@group-469FBF65F7A7 is not in [RUNNING]: current state is CLOSED
2022-09-20 10:13:14,822 [s1@group-469FBF65F7A7-LeaderElection115] INFO  impl.LeaderElection (LogUtils.java:infoOrTrace(137)) - s1@group-469FBF65F7A7-LeaderElection115 got exception when requesting votes: java.util.concurrent.ExecutionException: org.apache.ratis.thirdparty.io.grpc.StatusRuntimeException: INTERNAL: s2@group-469FBF65F7A7 is not in [RUNNING]: current state is CLOSED
2022-09-20 10:13:14,822 [s1@group-469FBF65F7A7-LeaderElection115] INFO  impl.LeaderElection (LeaderElection.java:logAndReturn(89)) - s1@group-469FBF65F7A7-LeaderElection115: PRE_VOTE REJECTED received 0 response(s) and 2 exception(s):
2022-09-20 10:13:14,822 [s1@group-469FBF65F7A7-LeaderElection115] INFO  impl.LeaderElection (LogUtils.java:infoOrTrace(137)) -   Exception 0: java.util.concurrent.ExecutionException: org.apache.ratis.thirdparty.io.grpc.StatusRuntimeException: INTERNAL: s0@group-469FBF65F7A7 is not in [RUNNING]: current state is CLOSED
2022-09-20 10:13:14,822 [s1@group-469FBF65F7A7-LeaderElection115] INFO  impl.LeaderElection (LogUtils.java:infoOrTrace(137)) -   Exception 1: java.util.concurrent.ExecutionException: org.apache.ratis.thirdparty.io.grpc.StatusRuntimeException: INTERNAL: s2@group-469FBF65F7A7 is not in [RUNNING]: current state is CLOSED
2022-09-20 10:13:14,822 [s1@group-469FBF65F7A7-LeaderElection115] INFO  impl.LeaderElection (LeaderElection.java:askForVotes(310)) - s1@group-469FBF65F7A7-LeaderElection115 PRE_VOTE round 0: result REJECTED
2022-09-20 10:13:14,822 [s1@group-469FBF65F7A7-LeaderElection115] INFO  server.RaftServer$Division (RaftServerImpl.java:setRole(317)) - s1@group-469FBF65F7A7: changes role from CANDIDATE to FOLLOWER at term 2 for REJECTED
2022-09-20 10:13:14,822 [s1@group-469FBF65F7A7-LeaderElection115] INFO  impl.RoleInfo (RoleInfo.java:shutdownLeaderElection(130)) - s1: shutdown s1@group-469FBF65F7A7-LeaderElection115
2022-09-20 10:13:14,822 [s1@group-469FBF65F7A7-LeaderElection115] INFO  impl.RoleInfo (RoleInfo.java:updateAndGet(139)) - s1: start s1@group-469FBF65F7A7-FollowerState
2022-09-20 10:13:14,826 [null-request--thread1] INFO  server.GrpcClientProtocolService (GrpcClientProtocolService.java:lambda$processClientRequest$0(284)) - Failed RaftClientRequest:client-76B04C62A16F->s1@group-469FBF65F7A7, cid=451, seq=0, RW, Message:6d3635, reply=RaftClientReply:client-76B04C62A16F->s1@group-469FBF65F7A7, cid=451, FAILED org.apache.ratis.protocol.exceptions.NotLeaderException: Server s1@group-469FBF65F7A7 is not the leader, logIndex=0, commits[s1:c133, s0:c130, s2:c133]
2022-09-20 10:13:14,974 [s1@group-469FBF65F7A7-FollowerState] INFO  impl.FollowerState (FollowerState.java:run(141)) - s1@group-469FBF65F7A7-FollowerState: change to CANDIDATE, lastRpcElapsedTime:151407796ns, electionTimeout:151ms
2022-09-20 10:13:14,974 [s1@group-469FBF65F7A7-FollowerState] INFO  impl.RoleInfo (RoleInfo.java:shutdownFollowerState(110)) - s1: shutdown s1@group-469FBF65F7A7-FollowerState
2022-09-20 10:13:14,974 [s1@group-469FBF65F7A7-FollowerState] INFO  server.RaftServer$Division (RaftServerImpl.java:setRole(317)) - s1@group-469FBF65F7A7: changes role from  FOLLOWER to CANDIDATE at term 2 for changeToCandidate
2022-09-20 10:13:14,974 [s1@group-469FBF65F7A7-FollowerState] INFO  server.RaftServerConfigKeys (ConfUtils.java:logGet(46)) - raft.server.leaderelection.pre-vote = true (default)
2022-09-20 10:13:14,974 [s1@group-469FBF65F7A7-FollowerState] INFO  impl.RoleInfo (RoleInfo.java:updateAndGet(139)) - s1: start s1@group-469FBF65F7A7-LeaderElection116
2022-09-20 10:13:14,975 [s1@group-469FBF65F7A7-LeaderElection116] INFO  impl.LeaderElection (LeaderElection.java:askForVotes(308)) - s1@group-469FBF65F7A7-LeaderElection116 PRE_VOTE round 0: submit vote requests at term 2 for 133: peers:[s0|rpc:localhost:39281|admin:localhost:38455|client:localhost:36053|dataStream:localhost:45769|priority:0|startupRole:FOLLOWER, s1|rpc:localhost:46849|admin:localhost:41515|client:localhost:39119|dataStream:localhost:41703|priority:0|startupRole:FOLLOWER, s2|rpc:localhost:35167|admin:localhost:44965|client:localhost:40979|dataStream:localhost:34151|priority:0|startupRole:FOLLOWER]|listeners:[], old=null
2022-09-20 10:13:14,976 [grpc-default-executor-5] INFO  server.RaftServer$Division (RaftServerImpl.java:requestVote(1281)) - s0@group-469FBF65F7A7: receive requestVote(PRE_VOTE, s1, group-469FBF65F7A7, 2, (t:2, i:134))
2022-09-20 10:13:14,976 [grpc-default-executor-5] WARN  server.GrpcServerProtocolService (LogUtils.java:warn(122)) - s0: Failed requestVote s1->s0#0: org.apache.ratis.protocol.exceptions.ServerNotReadyException: s0@group-469FBF65F7A7 is not in [RUNNING]: current state is CLOSED
2022-09-20 10:13:14,977 [s1@group-469FBF65F7A7-LeaderElection116] INFO  impl.LeaderElection (LogUtils.java:infoOrTrace(137)) - s1@group-469FBF65F7A7-LeaderElection116 got exception when requesting votes: java.util.concurrent.ExecutionException: org.apache.ratis.thirdparty.io.grpc.StatusRuntimeException: INTERNAL: s0@group-469FBF65F7A7 is not in [RUNNING]: current state is CLOSED
2022-09-20 10:13:14,978 [grpc-default-executor-5] INFO  server.RaftServer$Division (RaftServerImpl.java:requestVote(1281)) - s2@group-469FBF65F7A7: receive requestVote(PRE_VOTE, s1, group-469FBF65F7A7, 2, (t:2, i:134))
2022-09-20 10:13:14,978 [grpc-default-executor-5] WARN  server.GrpcServerProtocolService (LogUtils.java:warn(122)) - s2: Failed requestVote s1->s2#0: org.apache.ratis.protocol.exceptions.ServerNotReadyException: s2@group-469FBF65F7A7 is not in [RUNNING]: current state is CLOSED
2022-09-20 10:13:14,979 [s1@group-469FBF65F7A7-LeaderElection116] INFO  impl.LeaderElection (LogUtils.java:infoOrTrace(137)) - s1@group-469FBF65F7A7-LeaderElection116 got exception when requesting votes: java.util.concurrent.ExecutionException: org.apache.ratis.thirdparty.io.grpc.StatusRuntimeException: INTERNAL: s2@group-469FBF65F7A7 is not in [RUNNING]: current state is CLOSED
2022-09-20 10:13:14,979 [s1@group-469FBF65F7A7-LeaderElection116] INFO  impl.LeaderElection (LeaderElection.java:logAndReturn(89)) - s1@group-469FBF65F7A7-LeaderElection116: PRE_VOTE REJECTED received 0 response(s) and 2 exception(s):
2022-09-20 10:13:14,979 [s1@group-469FBF65F7A7-LeaderElection116] INFO  impl.LeaderElection (LogUtils.java:infoOrTrace(137)) -   Exception 0: java.util.concurrent.ExecutionException: org.apache.ratis.thirdparty.io.grpc.StatusRuntimeException: INTERNAL: s0@group-469FBF65F7A7 is not in [RUNNING]: current state is CLOSED
2022-09-20 10:13:14,979 [s1@group-469FBF65F7A7-LeaderElection116] INFO  impl.LeaderElection (LogUtils.java:infoOrTrace(137)) -   Exception 1: java.util.concurrent.ExecutionException: org.apache.ratis.thirdparty.io.grpc.StatusRuntimeException: INTERNAL: s2@group-469FBF65F7A7 is not in [RUNNING]: current state is CLOSED
2022-09-20 10:13:14,979 [s1@group-469FBF65F7A7-LeaderElection116] INFO  impl.LeaderElection (LeaderElection.java:askForVotes(310)) - s1@group-469FBF65F7A7-LeaderElection116 PRE_VOTE round 0: result REJECTED
2022-09-20 10:13:14,979 [s1@group-469FBF65F7A7-LeaderElection116] INFO  server.RaftServer$Division (RaftServerImpl.java:setRole(317)) - s1@group-469FBF65F7A7: changes role from CANDIDATE to FOLLOWER at term 2 for REJECTED
2022-09-20 10:13:14,979 [s1@group-469FBF65F7A7-LeaderElection116] INFO  impl.RoleInfo (RoleInfo.java:shutdownLeaderElection(130)) - s1: shutdown s1@group-469FBF65F7A7-LeaderElection116
2022-09-20 10:13:14,979 [s1@group-469FBF65F7A7-LeaderElection116] INFO  impl.RoleInfo (RoleInfo.java:updateAndGet(139)) - s1: start s1@group-469FBF65F7A7-FollowerState
2022-09-20 10:13:15,140 [null-request--thread1] INFO  server.GrpcClientProtocolService (GrpcClientProtocolService.java:lambda$processClientRequest$0(284)) - Failed RaftClientRequest:client-76B04C62A16F->s1@group-469FBF65F7A7, cid=451, seq=0, RW, Message:6d3635, reply=RaftClientReply:client-76B04C62A16F->s1@group-469FBF65F7A7, cid=451, FAILED org.apache.ratis.protocol.exceptions.NotLeaderException: Server s1@group-469FBF65F7A7 is not the leader, logIndex=0, commits[s1:c133, s0:c130, s2:c133]
2022-09-20 10:13:15,164 [s1@group-469FBF65F7A7-FollowerState] INFO  impl.FollowerState (FollowerState.java:run(141)) - s1@group-469FBF65F7A7-FollowerState: change to CANDIDATE, lastRpcElapsedTime:184716627ns, electionTimeout:184ms
2022-09-20 10:13:15,164 [s1@group-469FBF65F7A7-FollowerState] INFO  impl.RoleInfo (RoleInfo.java:shutdownFollowerState(110)) - s1: shutdown s1@group-469FBF65F7A7-FollowerState
2022-09-20 10:13:15,164 [s1@group-469FBF65F7A7-FollowerState] INFO  server.RaftServer$Division (RaftServerImpl.java:setRole(317)) - s1@group-469FBF65F7A7: changes role from  FOLLOWER to CANDIDATE at term 2 for changeToCandidate
2022-09-20 10:13:15,164 [s1@group-469FBF65F7A7-FollowerState] INFO  server.RaftServerConfigKeys (ConfUtils.java:logGet(46)) - raft.server.leaderelection.pre-vote = true (default)
2022-09-20 10:13:15,164 [s1@group-469FBF65F7A7-FollowerState] INFO  impl.RoleInfo (RoleInfo.java:updateAndGet(139)) - s1: start s1@group-469FBF65F7A7-LeaderElection117
2022-09-20 10:13:15,164 [s1@group-469FBF65F7A7-LeaderElection117] INFO  impl.LeaderElection (LeaderElection.java:askForVotes(308)) - s1@group-469FBF65F7A7-LeaderElection117 PRE_VOTE round 0: submit vote requests at term 2 for 133: peers:[s0|rpc:localhost:39281|admin:localhost:38455|client:localhost:36053|dataStream:localhost:45769|priority:0|startupRole:FOLLOWER, s1|rpc:localhost:46849|admin:localhost:41515|client:localhost:39119|dataStream:localhost:41703|priority:0|startupRole:FOLLOWER, s2|rpc:localhost:35167|admin:localhost:44965|client:localhost:40979|dataStream:localhost:34151|priority:0|startupRole:FOLLOWER]|listeners:[], old=null
2022-09-20 10:13:15,165 [grpc-default-executor-0] INFO  server.RaftServer$Division (RaftServerImpl.java:requestVote(1281)) - s2@group-469FBF65F7A7: receive requestVote(PRE_VOTE, s1, group-469FBF65F7A7, 2, (t:2, i:134))
2022-09-20 10:13:15,165 [grpc-default-executor-5] INFO  server.RaftServer$Division (RaftServerImpl.java:requestVote(1281)) - s0@group-469FBF65F7A7: receive requestVote(PRE_VOTE, s1, group-469FBF65F7A7, 2, (t:2, i:134))
2022-09-20 10:13:15,165 [grpc-default-executor-0] WARN  server.GrpcServerProtocolService (LogUtils.java:warn(122)) - s2: Failed requestVote s1->s2#0: org.apache.ratis.protocol.exceptions.ServerNotReadyException: s2@group-469FBF65F7A7 is not in [RUNNING]: current state is CLOSED
2022-09-20 10:13:15,166 [grpc-default-executor-5] WARN  server.GrpcServerProtocolService (LogUtils.java:warn(122)) - s0: Failed requestVote s1->s0#0: org.apache.ratis.protocol.exceptions.ServerNotReadyException: s0@group-469FBF65F7A7 is not in [RUNNING]: current state is CLOSED
2022-09-20 10:13:15,166 [s1@group-469FBF65F7A7-LeaderElection117] INFO  impl.LeaderElection (LogUtils.java:infoOrTrace(137)) - s1@group-469FBF65F7A7-LeaderElection117 got exception when requesting votes: java.util.concurrent.ExecutionException: org.apache.ratis.thirdparty.io.grpc.StatusRuntimeException: INTERNAL: s2@group-469FBF65F7A7 is not in [RUNNING]: current state is CLOSED
2022-09-20 10:13:15,166 [s1@group-469FBF65F7A7-LeaderElection117] INFO  impl.LeaderElection (LogUtils.java:infoOrTrace(137)) - s1@group-469FBF65F7A7-LeaderElection117 got exception when requesting votes: java.util.concurrent.ExecutionException: org.apache.ratis.thirdparty.io.grpc.StatusRuntimeException: INTERNAL: s0@group-469FBF65F7A7 is not in [RUNNING]: current state is CLOSED
2022-09-20 10:13:15,166 [s1@group-469FBF65F7A7-LeaderElection117] INFO  impl.LeaderElection (LeaderElection.java:logAndReturn(89)) - s1@group-469FBF65F7A7-LeaderElection117: PRE_VOTE REJECTED received 0 response(s) and 2 exception(s):
2022-09-20 10:13:15,166 [s1@group-469FBF65F7A7-LeaderElection117] INFO  impl.LeaderElection (LogUtils.java:infoOrTrace(137)) -   Exception 0: java.util.concurrent.ExecutionException: org.apache.ratis.thirdparty.io.grpc.StatusRuntimeException: INTERNAL: s2@group-469FBF65F7A7 is not in [RUNNING]: current state is CLOSED
2022-09-20 10:13:15,166 [s1@group-469FBF65F7A7-LeaderElection117] INFO  impl.LeaderElection (LogUtils.java:infoOrTrace(137)) -   Exception 1: java.util.concurrent.ExecutionException: org.apache.ratis.thirdparty.io.grpc.StatusRuntimeException: INTERNAL: s0@group-469FBF65F7A7 is not in [RUNNING]: current state is CLOSED
2022-09-20 10:13:15,166 [s1@group-469FBF65F7A7-LeaderElection117] INFO  impl.LeaderElection (LeaderElection.java:askForVotes(310)) - s1@group-469FBF65F7A7-LeaderElection117 PRE_VOTE round 0: result REJECTED
2022-09-20 10:13:15,166 [s1@group-469FBF65F7A7-LeaderElection117] INFO  server.RaftServer$Division (RaftServerImpl.java:setRole(317)) - s1@group-469FBF65F7A7: changes role from CANDIDATE to FOLLOWER at term 2 for REJECTED
2022-09-20 10:13:15,166 [s1@group-469FBF65F7A7-LeaderElection117] INFO  impl.RoleInfo (RoleInfo.java:shutdownLeaderElection(130)) - s1: shutdown s1@group-469FBF65F7A7-LeaderElection117
2022-09-20 10:13:15,166 [s1@group-469FBF65F7A7-LeaderElection117] INFO  impl.RoleInfo (RoleInfo.java:updateAndGet(139)) - s1: start s1@group-469FBF65F7A7-FollowerState
2022-09-20 10:13:15,321 [s1@group-469FBF65F7A7-FollowerState] INFO  impl.FollowerState (FollowerState.java:run(141)) - s1@group-469FBF65F7A7-FollowerState: change to CANDIDATE, lastRpcElapsedTime:154465808ns, electionTimeout:154ms
2022-09-20 10:13:15,321 [s1@group-469FBF65F7A7-FollowerState] INFO  impl.RoleInfo (RoleInfo.java:shutdownFollowerState(110)) - s1: shutdown s1@group-469FBF65F7A7-FollowerState
2022-09-20 10:13:15,321 [s1@group-469FBF65F7A7-FollowerState] INFO  server.RaftServer$Division (RaftServerImpl.java:setRole(317)) - s1@group-469FBF65F7A7: changes role from  FOLLOWER to CANDIDATE at term 2 for changeToCandidate
2022-09-20 10:13:15,321 [s1@group-469FBF65F7A7-FollowerState] INFO  server.RaftServerConfigKeys (ConfUtils.java:logGet(46)) - raft.server.leaderelection.pre-vote = true (default)
2022-09-20 10:13:15,321 [s1@group-469FBF65F7A7-FollowerState] INFO  impl.RoleInfo (RoleInfo.java:updateAndGet(139)) - s1: start s1@group-469FBF65F7A7-LeaderElection118
2022-09-20 10:13:15,322 [s1@group-469FBF65F7A7-LeaderElection118] INFO  impl.LeaderElection (LeaderElection.java:askForVotes(308)) - s1@group-469FBF65F7A7-LeaderElection118 PRE_VOTE round 0: submit vote requests at term 2 for 133: peers:[s0|rpc:localhost:39281|admin:localhost:38455|client:localhost:36053|dataStream:localhost:45769|priority:0|startupRole:FOLLOWER, s1|rpc:localhost:46849|admin:localhost:41515|client:localhost:39119|dataStream:localhost:41703|priority:0|startupRole:FOLLOWER, s2|rpc:localhost:35167|admin:localhost:44965|client:localhost:40979|dataStream:localhost:34151|priority:0|startupRole:FOLLOWER]|listeners:[], old=null
2022-09-20 10:13:15,323 [grpc-default-executor-8] INFO  server.RaftServer$Division (RaftServerImpl.java:requestVote(1281)) - s0@group-469FBF65F7A7: receive requestVote(PRE_VOTE, s1, group-469FBF65F7A7, 2, (t:2, i:134))
2022-09-20 10:13:15,323 [grpc-default-executor-8] WARN  server.GrpcServerProtocolService (LogUtils.java:warn(122)) - s0: Failed requestVote s1->s0#0: org.apache.ratis.protocol.exceptions.ServerNotReadyException: s0@group-469FBF65F7A7 is not in [RUNNING]: current state is CLOSED
2022-09-20 10:13:15,324 [s1@group-469FBF65F7A7-LeaderElection118] INFO  impl.LeaderElection (LogUtils.java:infoOrTrace(137)) - s1@group-469FBF65F7A7-LeaderElection118 got exception when requesting votes: java.util.concurrent.ExecutionException: org.apache.ratis.thirdparty.io.grpc.StatusRuntimeException: INTERNAL: s0@group-469FBF65F7A7 is not in [RUNNING]: current state is CLOSED
2022-09-20 10:13:15,324 [grpc-default-executor-8] INFO  server.RaftServer$Division (RaftServerImpl.java:requestVote(1281)) - s2@group-469FBF65F7A7: receive requestVote(PRE_VOTE, s1, group-469FBF65F7A7, 2, (t:2, i:134))
2022-09-20 10:13:15,325 [grpc-default-executor-8] WARN  server.GrpcServerProtocolService (LogUtils.java:warn(122)) - s2: Failed requestVote s1->s2#0: org.apache.ratis.protocol.exceptions.ServerNotReadyException: s2@group-469FBF65F7A7 is not in [RUNNING]: current state is CLOSED
2022-09-20 10:13:15,325 [s1@group-469FBF65F7A7-LeaderElection118] INFO  impl.LeaderElection (LogUtils.java:infoOrTrace(137)) - s1@group-469FBF65F7A7-LeaderElection118 got exception when requesting votes: java.util.concurrent.ExecutionException: org.apache.ratis.thirdparty.io.grpc.StatusRuntimeException: INTERNAL: s2@group-469FBF65F7A7 is not in [RUNNING]: current state is CLOSED
2022-09-20 10:13:15,325 [s1@group-469FBF65F7A7-LeaderElection118] INFO  impl.LeaderElection (LeaderElection.java:logAndReturn(89)) - s1@group-469FBF65F7A7-LeaderElection118: PRE_VOTE REJECTED received 0 response(s) and 2 exception(s):
2022-09-20 10:13:15,325 [s1@group-469FBF65F7A7-LeaderElection118] INFO  impl.LeaderElection (LogUtils.java:infoOrTrace(137)) -   Exception 0: java.util.concurrent.ExecutionException: org.apache.ratis.thirdparty.io.grpc.StatusRuntimeException: INTERNAL: s0@group-469FBF65F7A7 is not in [RUNNING]: current state is CLOSED
2022-09-20 10:13:15,325 [s1@group-469FBF65F7A7-LeaderElection118] INFO  impl.LeaderElection (LogUtils.java:infoOrTrace(137)) -   Exception 1: java.util.concurrent.ExecutionException: org.apache.ratis.thirdparty.io.grpc.StatusRuntimeException: INTERNAL: s2@group-469FBF65F7A7 is not in [RUNNING]: current state is CLOSED
2022-09-20 10:13:15,325 [s1@group-469FBF65F7A7-LeaderElection118] INFO  impl.LeaderElection (LeaderElection.java:askForVotes(310)) - s1@group-469FBF65F7A7-LeaderElection118 PRE_VOTE round 0: result REJECTED
2022-09-20 10:13:15,325 [s1@group-469FBF65F7A7-LeaderElection118] INFO  server.RaftServer$Division (RaftServerImpl.java:setRole(317)) - s1@group-469FBF65F7A7: changes role from CANDIDATE to FOLLOWER at term 2 for REJECTED
2022-09-20 10:13:15,325 [s1@group-469FBF65F7A7-LeaderElection118] INFO  impl.RoleInfo (RoleInfo.java:shutdownLeaderElection(130)) - s1: shutdown s1@group-469FBF65F7A7-LeaderElection118
2022-09-20 10:13:15,325 [s1@group-469FBF65F7A7-LeaderElection118] INFO  impl.RoleInfo (RoleInfo.java:updateAndGet(139)) - s1: start s1@group-469FBF65F7A7-FollowerState
2022-09-20 10:13:15,351 [null-request--thread1] INFO  server.GrpcClientProtocolService (GrpcClientProtocolService.java:lambda$processClientRequest$0(284)) - Failed RaftClientRequest:client-76B04C62A16F->s1@group-469FBF65F7A7, cid=451, seq=0, RW, Message:6d3635, reply=RaftClientReply:client-76B04C62A16F->s1@group-469FBF65F7A7, cid=451, FAILED org.apache.ratis.protocol.exceptions.NotLeaderException: Server s1@group-469FBF65F7A7 is not the leader, logIndex=0, commits[s1:c133, s0:c130, s2:c133]
2022-09-20 10:13:15,491 [s1@group-469FBF65F7A7-FollowerState] INFO  impl.FollowerState (FollowerState.java:run(141)) - s1@group-469FBF65F7A7-FollowerState: change to CANDIDATE, lastRpcElapsedTime:165538351ns, electionTimeout:165ms
2022-09-20 10:13:15,491 [s1@group-469FBF65F7A7-FollowerState] INFO  impl.RoleInfo (RoleInfo.java:shutdownFollowerState(110)) - s1: shutdown s1@group-469FBF65F7A7-FollowerState
2022-09-20 10:13:15,491 [s1@group-469FBF65F7A7-FollowerState] INFO  server.RaftServer$Division (RaftServerImpl.java:setRole(317)) - s1@group-469FBF65F7A7: changes role from  FOLLOWER to CANDIDATE at term 2 for changeToCandidate
2022-09-20 10:13:15,491 [s1@group-469FBF65F7A7-FollowerState] INFO  server.RaftServerConfigKeys (ConfUtils.java:logGet(46)) - raft.server.leaderelection.pre-vote = true (default)
2022-09-20 10:13:15,491 [s1@group-469FBF65F7A7-FollowerState] INFO  impl.RoleInfo (RoleInfo.java:updateAndGet(139)) - s1: start s1@group-469FBF65F7A7-LeaderElection119
2022-09-20 10:13:15,491 [s1@group-469FBF65F7A7-LeaderElection119] INFO  impl.LeaderElection (LeaderElection.java:askForVotes(308)) - s1@group-469FBF65F7A7-LeaderElection119 PRE_VOTE round 0: submit vote requests at term 2 for 133: peers:[s0|rpc:localhost:39281|admin:localhost:38455|client:localhost:36053|dataStream:localhost:45769|priority:0|startupRole:FOLLOWER, s1|rpc:localhost:46849|admin:localhost:41515|client:localhost:39119|dataStream:localhost:41703|priority:0|startupRole:FOLLOWER, s2|rpc:localhost:35167|admin:localhost:44965|client:localhost:40979|dataStream:localhost:34151|priority:0|startupRole:FOLLOWER]|listeners:[], old=null
2022-09-20 10:13:15,493 [grpc-default-executor-8] INFO  server.RaftServer$Division (RaftServerImpl.java:requestVote(1281)) - s0@group-469FBF65F7A7: receive requestVote(PRE_VOTE, s1, group-469FBF65F7A7, 2, (t:2, i:134))
2022-09-20 10:13:15,493 [grpc-default-executor-8] WARN  server.GrpcServerProtocolService (LogUtils.java:warn(122)) - s0: Failed requestVote s1->s0#0: org.apache.ratis.protocol.exceptions.ServerNotReadyException: s0@group-469FBF65F7A7 is not in [RUNNING]: current state is CLOSED
2022-09-20 10:13:15,493 [grpc-default-executor-0] INFO  server.RaftServer$Division (RaftServerImpl.java:requestVote(1281)) - s2@group-469FBF65F7A7: receive requestVote(PRE_VOTE, s1, group-469FBF65F7A7, 2, (t:2, i:134))
2022-09-20 10:13:15,493 [grpc-default-executor-0] WARN  server.GrpcServerProtocolService (LogUtils.java:warn(122)) - s2: Failed requestVote s1->s2#0: org.apache.ratis.protocol.exceptions.ServerNotReadyException: s2@group-469FBF65F7A7 is not in [RUNNING]: current state is CLOSED
2022-09-20 10:13:15,493 [s1@group-469FBF65F7A7-LeaderElection119] INFO  impl.LeaderElection (LogUtils.java:infoOrTrace(137)) - s1@group-469FBF65F7A7-LeaderElection119 got exception when requesting votes: java.util.concurrent.ExecutionException: org.apache.ratis.thirdparty.io.grpc.StatusRuntimeException: INTERNAL: s0@group-469FBF65F7A7 is not in [RUNNING]: current state is CLOSED
2022-09-20 10:13:15,493 [s1@group-469FBF65F7A7-LeaderElection119] INFO  impl.LeaderElection (LogUtils.java:infoOrTrace(137)) - s1@group-469FBF65F7A7-LeaderElection119 got exception when requesting votes: java.util.concurrent.ExecutionException: org.apache.ratis.thirdparty.io.grpc.StatusRuntimeException: INTERNAL: s2@group-469FBF65F7A7 is not in [RUNNING]: current state is CLOSED
2022-09-20 10:13:15,493 [s1@group-469FBF65F7A7-LeaderElection119] INFO  impl.LeaderElection (LeaderElection.java:logAndReturn(89)) - s1@group-469FBF65F7A7-LeaderElection119: PRE_VOTE REJECTED received 0 response(s) and 2 exception(s):
2022-09-20 10:13:15,494 [s1@group-469FBF65F7A7-LeaderElection119] INFO  impl.LeaderElection (LogUtils.java:infoOrTrace(137)) -   Exception 0: java.util.concurrent.ExecutionException: org.apache.ratis.thirdparty.io.grpc.StatusRuntimeException: INTERNAL: s0@group-469FBF65F7A7 is not in [RUNNING]: current state is CLOSED
2022-09-20 10:13:15,494 [s1@group-469FBF65F7A7-LeaderElection119] INFO  impl.LeaderElection (LogUtils.java:infoOrTrace(137)) -   Exception 1: java.util.concurrent.ExecutionException: org.apache.ratis.thirdparty.io.grpc.StatusRuntimeException: INTERNAL: s2@group-469FBF65F7A7 is not in [RUNNING]: current state is CLOSED
2022-09-20 10:13:15,494 [s1@group-469FBF65F7A7-LeaderElection119] INFO  impl.LeaderElection (LeaderElection.java:askForVotes(310)) - s1@group-469FBF65F7A7-LeaderElection119 PRE_VOTE round 0: result REJECTED
2022-09-20 10:13:15,494 [s1@group-469FBF65F7A7-LeaderElection119] INFO  server.RaftServer$Division (RaftServerImpl.java:setRole(317)) - s1@group-469FBF65F7A7: changes role from CANDIDATE to FOLLOWER at term 2 for REJECTED
2022-09-20 10:13:15,494 [s1@group-469FBF65F7A7-LeaderElection119] INFO  impl.RoleInfo (RoleInfo.java:shutdownLeaderElection(130)) - s1: shutdown s1@group-469FBF65F7A7-LeaderElection119
2022-09-20 10:13:15,494 [s1@group-469FBF65F7A7-LeaderElection119] INFO  impl.RoleInfo (RoleInfo.java:updateAndGet(139)) - s1: start s1@group-469FBF65F7A7-FollowerState
2022-09-20 10:13:15,560 [null-request--thread1] INFO  server.GrpcClientProtocolService (GrpcClientProtocolService.java:lambda$processClientRequest$0(284)) - Failed RaftClientRequest:client-76B04C62A16F->s1@group-469FBF65F7A7, cid=451, seq=0, RW, Message:6d3635, reply=RaftClientReply:client-76B04C62A16F->s1@group-469FBF65F7A7, cid=451, FAILED org.apache.ratis.protocol.exceptions.NotLeaderException: Server s1@group-469FBF65F7A7 is not the leader, logIndex=0, commits[s1:c133, s0:c130, s2:c133]
2022-09-20 10:13:15,719 [s1@group-469FBF65F7A7-FollowerState] INFO  impl.FollowerState (FollowerState.java:run(141)) - s1@group-469FBF65F7A7-FollowerState: change to CANDIDATE, lastRpcElapsedTime:225357187ns, electionTimeout:225ms
2022-09-20 10:13:15,719 [s1@group-469FBF65F7A7-FollowerState] INFO  impl.RoleInfo (RoleInfo.java:shutdownFollowerState(110)) - s1: shutdown s1@group-469FBF65F7A7-FollowerState
2022-09-20 10:13:15,719 [s1@group-469FBF65F7A7-FollowerState] INFO  server.RaftServer$Division (RaftServerImpl.java:setRole(317)) - s1@group-469FBF65F7A7: changes role from  FOLLOWER to CANDIDATE at term 2 for changeToCandidate
2022-09-20 10:13:15,719 [s1@group-469FBF65F7A7-FollowerState] INFO  server.RaftServerConfigKeys (ConfUtils.java:logGet(46)) - raft.server.leaderelection.pre-vote = true (default)
2022-09-20 10:13:15,720 [s1@group-469FBF65F7A7-FollowerState] INFO  impl.RoleInfo (RoleInfo.java:updateAndGet(139)) - s1: start s1@group-469FBF65F7A7-LeaderElection120
2022-09-20 10:13:15,720 [s1@group-469FBF65F7A7-LeaderElection120] INFO  impl.LeaderElection (LeaderElection.java:askForVotes(308)) - s1@group-469FBF65F7A7-LeaderElection120 PRE_VOTE round 0: submit vote requests at term 2 for 133: peers:[s0|rpc:localhost:39281|admin:localhost:38455|client:localhost:36053|dataStream:localhost:45769|priority:0|startupRole:FOLLOWER, s1|rpc:localhost:46849|admin:localhost:41515|client:localhost:39119|dataStream:localhost:41703|priority:0|startupRole:FOLLOWER, s2|rpc:localhost:35167|admin:localhost:44965|client:localhost:40979|dataStream:localhost:34151|priority:0|startupRole:FOLLOWER]|listeners:[], old=null
2022-09-20 10:13:15,721 [grpc-default-executor-5] INFO  server.RaftServer$Division (RaftServerImpl.java:requestVote(1281)) - s0@group-469FBF65F7A7: receive requestVote(PRE_VOTE, s1, group-469FBF65F7A7, 2, (t:2, i:134))
2022-09-20 10:13:15,721 [grpc-default-executor-5] WARN  server.GrpcServerProtocolService (LogUtils.java:warn(122)) - s0: Failed requestVote s1->s0#0: org.apache.ratis.protocol.exceptions.ServerNotReadyException: s0@group-469FBF65F7A7 is not in [RUNNING]: current state is CLOSED
2022-09-20 10:13:15,722 [s1@group-469FBF65F7A7-LeaderElection120] INFO  impl.LeaderElection (LogUtils.java:infoOrTrace(137)) - s1@group-469FBF65F7A7-LeaderElection120 got exception when requesting votes: java.util.concurrent.ExecutionException: org.apache.ratis.thirdparty.io.grpc.StatusRuntimeException: INTERNAL: s0@group-469FBF65F7A7 is not in [RUNNING]: current state is CLOSED
2022-09-20 10:13:15,723 [grpc-default-executor-5] INFO  server.RaftServer$Division (RaftServerImpl.java:requestVote(1281)) - s2@group-469FBF65F7A7: receive requestVote(PRE_VOTE, s1, group-469FBF65F7A7, 2, (t:2, i:134))
2022-09-20 10:13:15,723 [grpc-default-executor-5] WARN  server.GrpcServerProtocolService (LogUtils.java:warn(122)) - s2: Failed requestVote s1->s2#0: org.apache.ratis.protocol.exceptions.ServerNotReadyException: s2@group-469FBF65F7A7 is not in [RUNNING]: current state is CLOSED
2022-09-20 10:13:15,723 [s1@group-469FBF65F7A7-LeaderElection120] INFO  impl.LeaderElection (LogUtils.java:infoOrTrace(137)) - s1@group-469FBF65F7A7-LeaderElection120 got exception when requesting votes: java.util.concurrent.ExecutionException: org.apache.ratis.thirdparty.io.grpc.StatusRuntimeException: INTERNAL: s2@group-469FBF65F7A7 is not in [RUNNING]: current state is CLOSED
2022-09-20 10:13:15,723 [s1@group-469FBF65F7A7-LeaderElection120] INFO  impl.LeaderElection (LeaderElection.java:logAndReturn(89)) - s1@group-469FBF65F7A7-LeaderElection120: PRE_VOTE REJECTED received 0 response(s) and 2 exception(s):
2022-09-20 10:13:15,723 [s1@group-469FBF65F7A7-LeaderElection120] INFO  impl.LeaderElection (LogUtils.java:infoOrTrace(137)) -   Exception 0: java.util.concurrent.ExecutionException: org.apache.ratis.thirdparty.io.grpc.StatusRuntimeException: INTERNAL: s0@group-469FBF65F7A7 is not in [RUNNING]: current state is CLOSED
2022-09-20 10:13:15,723 [s1@group-469FBF65F7A7-LeaderElection120] INFO  impl.LeaderElection (LogUtils.java:infoOrTrace(137)) -   Exception 1: java.util.concurrent.ExecutionException: org.apache.ratis.thirdparty.io.grpc.StatusRuntimeException: INTERNAL: s2@group-469FBF65F7A7 is not in [RUNNING]: current state is CLOSED
2022-09-20 10:13:15,723 [s1@group-469FBF65F7A7-LeaderElection120] INFO  impl.LeaderElection (LeaderElection.java:askForVotes(310)) - s1@group-469FBF65F7A7-LeaderElection120 PRE_VOTE round 0: result REJECTED
2022-09-20 10:13:15,723 [s1@group-469FBF65F7A7-LeaderElection120] INFO  server.RaftServer$Division (RaftServerImpl.java:setRole(317)) - s1@group-469FBF65F7A7: changes role from CANDIDATE to FOLLOWER at term 2 for REJECTED
2022-09-20 10:13:15,723 [s1@group-469FBF65F7A7-LeaderElection120] INFO  impl.RoleInfo (RoleInfo.java:shutdownLeaderElection(130)) - s1: shutdown s1@group-469FBF65F7A7-LeaderElection120
2022-09-20 10:13:15,724 [s1@group-469FBF65F7A7-LeaderElection120] INFO  impl.RoleInfo (RoleInfo.java:updateAndGet(139)) - s1: start s1@group-469FBF65F7A7-FollowerState
2022-09-20 10:13:15,968 [s1@group-469FBF65F7A7-FollowerState] INFO  impl.FollowerState (FollowerState.java:run(141)) - s1@group-469FBF65F7A7-FollowerState: change to CANDIDATE, lastRpcElapsedTime:244454762ns, electionTimeout:244ms
2022-09-20 10:13:15,968 [s1@group-469FBF65F7A7-FollowerState] INFO  impl.RoleInfo (RoleInfo.java:shutdownFollowerState(110)) - s1: shutdown s1@group-469FBF65F7A7-FollowerState
2022-09-20 10:13:15,968 [s1@group-469FBF65F7A7-FollowerState] INFO  server.RaftServer$Division (RaftServerImpl.java:setRole(317)) - s1@group-469FBF65F7A7: changes role from  FOLLOWER to CANDIDATE at term 2 for changeToCandidate
2022-09-20 10:13:15,968 [s1@group-469FBF65F7A7-FollowerState] INFO  server.RaftServerConfigKeys (ConfUtils.java:logGet(46)) - raft.server.leaderelection.pre-vote = true (default)
2022-09-20 10:13:15,968 [s1@group-469FBF65F7A7-FollowerState] INFO  impl.RoleInfo (RoleInfo.java:updateAndGet(139)) - s1: start s1@group-469FBF65F7A7-LeaderElection121
2022-09-20 10:13:15,969 [s1@group-469FBF65F7A7-LeaderElection121] INFO  impl.LeaderElection (LeaderElection.java:askForVotes(308)) - s1@group-469FBF65F7A7-LeaderElection121 PRE_VOTE round 0: submit vote requests at term 2 for 133: peers:[s0|rpc:localhost:39281|admin:localhost:38455|client:localhost:36053|dataStream:localhost:45769|priority:0|startupRole:FOLLOWER, s1|rpc:localhost:46849|admin:localhost:41515|client:localhost:39119|dataStream:localhost:41703|priority:0|startupRole:FOLLOWER, s2|rpc:localhost:35167|admin:localhost:44965|client:localhost:40979|dataStream:localhost:34151|priority:0|startupRole:FOLLOWER]|listeners:[], old=null
2022-09-20 10:13:15,970 [grpc-default-executor-5] INFO  server.RaftServer$Division (RaftServerImpl.java:requestVote(1281)) - s2@group-469FBF65F7A7: receive requestVote(PRE_VOTE, s1, group-469FBF65F7A7, 2, (t:2, i:134))
2022-09-20 10:13:15,970 [grpc-default-executor-5] WARN  server.GrpcServerProtocolService (LogUtils.java:warn(122)) - s2: Failed requestVote s1->s2#0: org.apache.ratis.protocol.exceptions.ServerNotReadyException: s2@group-469FBF65F7A7 is not in [RUNNING]: current state is CLOSED
2022-09-20 10:13:15,971 [grpc-default-executor-5] INFO  server.RaftServer$Division (RaftServerImpl.java:requestVote(1281)) - s0@group-469FBF65F7A7: receive requestVote(PRE_VOTE, s1, group-469FBF65F7A7, 2, (t:2, i:134))
2022-09-20 10:13:15,971 [grpc-default-executor-5] WARN  server.GrpcServerProtocolService (LogUtils.java:warn(122)) - s0: Failed requestVote s1->s0#0: org.apache.ratis.protocol.exceptions.ServerNotReadyException: s0@group-469FBF65F7A7 is not in [RUNNING]: current state is CLOSED
2022-09-20 10:13:15,971 [s1@group-469FBF65F7A7-LeaderElection121] INFO  impl.LeaderElection (LogUtils.java:infoOrTrace(137)) - s1@group-469FBF65F7A7-LeaderElection121 got exception when requesting votes: java.util.concurrent.ExecutionException: org.apache.ratis.thirdparty.io.grpc.StatusRuntimeException: INTERNAL: s0@group-469FBF65F7A7 is not in [RUNNING]: current state is CLOSED
2022-09-20 10:13:15,971 [s1@group-469FBF65F7A7-LeaderElection121] INFO  impl.LeaderElection (LogUtils.java:infoOrTrace(137)) - s1@group-469FBF65F7A7-LeaderElection121 got exception when requesting votes: java.util.concurrent.ExecutionException: org.apache.ratis.thirdparty.io.grpc.StatusRuntimeException: INTERNAL: s2@group-469FBF65F7A7 is not in [RUNNING]: current state is CLOSED
2022-09-20 10:13:15,971 [s1@group-469FBF65F7A7-LeaderElection121] INFO  impl.LeaderElection (LeaderElection.java:logAndReturn(89)) - s1@group-469FBF65F7A7-LeaderElection121: PRE_VOTE REJECTED received 0 response(s) and 2 exception(s):
2022-09-20 10:13:15,971 [s1@group-469FBF65F7A7-LeaderElection121] INFO  impl.LeaderElection (LogUtils.java:infoOrTrace(137)) -   Exception 0: java.util.concurrent.ExecutionException: org.apache.ratis.thirdparty.io.grpc.StatusRuntimeException: INTERNAL: s0@group-469FBF65F7A7 is not in [RUNNING]: current state is CLOSED
2022-09-20 10:13:15,971 [s1@group-469FBF65F7A7-LeaderElection121] INFO  impl.LeaderElection (LogUtils.java:infoOrTrace(137)) -   Exception 1: java.util.concurrent.ExecutionException: org.apache.ratis.thirdparty.io.grpc.StatusRuntimeException: INTERNAL: s2@group-469FBF65F7A7 is not in [RUNNING]: current state is CLOSED
2022-09-20 10:13:15,971 [s1@group-469FBF65F7A7-LeaderElection121] INFO  impl.LeaderElection (LeaderElection.java:askForVotes(310)) - s1@group-469FBF65F7A7-LeaderElection121 PRE_VOTE round 0: result REJECTED
2022-09-20 10:13:15,971 [s1@group-469FBF65F7A7-LeaderElection121] INFO  server.RaftServer$Division (RaftServerImpl.java:setRole(317)) - s1@group-469FBF65F7A7: changes role from CANDIDATE to FOLLOWER at term 2 for REJECTED
2022-09-20 10:13:15,971 [s1@group-469FBF65F7A7-LeaderElection121] INFO  impl.RoleInfo (RoleInfo.java:shutdownLeaderElection(130)) - s1: shutdown s1@group-469FBF65F7A7-LeaderElection121
2022-09-20 10:13:15,972 [s1@group-469FBF65F7A7-LeaderElection121] INFO  impl.RoleInfo (RoleInfo.java:updateAndGet(139)) - s1: start s1@group-469FBF65F7A7-FollowerState
2022-09-20 10:13:15,981 [null-request--thread1] INFO  server.GrpcClientProtocolService (GrpcClientProtocolService.java:lambda$processClientRequest$0(284)) - Failed RaftClientRequest:client-76B04C62A16F->s1@group-469FBF65F7A7, cid=451, seq=0, RW, Message:6d3635, reply=RaftClientReply:client-76B04C62A16F->s1@group-469FBF65F7A7, cid=451, FAILED org.apache.ratis.protocol.exceptions.NotLeaderException: Server s1@group-469FBF65F7A7 is not the leader, logIndex=0, commits[s1:c133, s0:c130, s2:c133]
2022-09-20 10:13:16,146 [s1@group-469FBF65F7A7-FollowerState] INFO  impl.FollowerState (FollowerState.java:run(141)) - s1@group-469FBF65F7A7-FollowerState: change to CANDIDATE, lastRpcElapsedTime:174619003ns, electionTimeout:174ms
2022-09-20 10:13:16,146 [s1@group-469FBF65F7A7-FollowerState] INFO  impl.RoleInfo (RoleInfo.java:shutdownFollowerState(110)) - s1: shutdown s1@group-469FBF65F7A7-FollowerState
2022-09-20 10:13:16,146 [s1@group-469FBF65F7A7-FollowerState] INFO  server.RaftServer$Division (RaftServerImpl.java:setRole(317)) - s1@group-469FBF65F7A7: changes role from  FOLLOWER to CANDIDATE at term 2 for changeToCandidate
2022-09-20 10:13:16,147 [s1@group-469FBF65F7A7-FollowerState] INFO  server.RaftServerConfigKeys (ConfUtils.java:logGet(46)) - raft.server.leaderelection.pre-vote = true (default)
2022-09-20 10:13:16,147 [s1@group-469FBF65F7A7-FollowerState] INFO  impl.RoleInfo (RoleInfo.java:updateAndGet(139)) - s1: start s1@group-469FBF65F7A7-LeaderElection122
2022-09-20 10:13:16,147 [s1@group-469FBF65F7A7-LeaderElection122] INFO  impl.LeaderElection (LeaderElection.java:askForVotes(308)) - s1@group-469FBF65F7A7-LeaderElection122 PRE_VOTE round 0: submit vote requests at term 2 for 133: peers:[s0|rpc:localhost:39281|admin:localhost:38455|client:localhost:36053|dataStream:localhost:45769|priority:0|startupRole:FOLLOWER, s1|rpc:localhost:46849|admin:localhost:41515|client:localhost:39119|dataStream:localhost:41703|priority:0|startupRole:FOLLOWER, s2|rpc:localhost:35167|admin:localhost:44965|client:localhost:40979|dataStream:localhost:34151|priority:0|startupRole:FOLLOWER]|listeners:[], old=null
2022-09-20 10:13:16,148 [grpc-default-executor-0] INFO  server.RaftServer$Division (RaftServerImpl.java:requestVote(1281)) - s2@group-469FBF65F7A7: receive requestVote(PRE_VOTE, s1, group-469FBF65F7A7, 2, (t:2, i:134))
2022-09-20 10:13:16,148 [grpc-default-executor-0] WARN  server.GrpcServerProtocolService (LogUtils.java:warn(122)) - s2: Failed requestVote s1->s2#0: org.apache.ratis.protocol.exceptions.ServerNotReadyException: s2@group-469FBF65F7A7 is not in [RUNNING]: current state is CLOSED
2022-09-20 10:13:16,149 [s1@group-469FBF65F7A7-LeaderElection122] INFO  impl.LeaderElection (LogUtils.java:infoOrTrace(137)) - s1@group-469FBF65F7A7-LeaderElection122 got exception when requesting votes: java.util.concurrent.ExecutionException: org.apache.ratis.thirdparty.io.grpc.StatusRuntimeException: INTERNAL: s2@group-469FBF65F7A7 is not in [RUNNING]: current state is CLOSED
2022-09-20 10:13:16,149 [grpc-default-executor-0] INFO  server.RaftServer$Division (RaftServerImpl.java:requestVote(1281)) - s0@group-469FBF65F7A7: receive requestVote(PRE_VOTE, s1, group-469FBF65F7A7, 2, (t:2, i:134))
2022-09-20 10:13:16,149 [grpc-default-executor-0] WARN  server.GrpcServerProtocolService (LogUtils.java:warn(122)) - s0: Failed requestVote s1->s0#0: org.apache.ratis.protocol.exceptions.ServerNotReadyException: s0@group-469FBF65F7A7 is not in [RUNNING]: current state is CLOSED
2022-09-20 10:13:16,150 [s1@group-469FBF65F7A7-LeaderElection122] INFO  impl.LeaderElection (LogUtils.java:infoOrTrace(137)) - s1@group-469FBF65F7A7-LeaderElection122 got exception when requesting votes: java.util.concurrent.ExecutionException: org.apache.ratis.thirdparty.io.grpc.StatusRuntimeException: INTERNAL: s0@group-469FBF65F7A7 is not in [RUNNING]: current state is CLOSED
2022-09-20 10:13:16,150 [s1@group-469FBF65F7A7-LeaderElection122] INFO  impl.LeaderElection (LeaderElection.java:logAndReturn(89)) - s1@group-469FBF65F7A7-LeaderElection122: PRE_VOTE REJECTED received 0 response(s) and 2 exception(s):
2022-09-20 10:13:16,150 [s1@group-469FBF65F7A7-LeaderElection122] INFO  impl.LeaderElection (LogUtils.java:infoOrTrace(137)) -   Exception 0: java.util.concurrent.ExecutionException: org.apache.ratis.thirdparty.io.grpc.StatusRuntimeException: INTERNAL: s2@group-469FBF65F7A7 is not in [RUNNING]: current state is CLOSED
2022-09-20 10:13:16,150 [s1@group-469FBF65F7A7-LeaderElection122] INFO  impl.LeaderElection (LogUtils.java:infoOrTrace(137)) -   Exception 1: java.util.concurrent.ExecutionException: org.apache.ratis.thirdparty.io.grpc.StatusRuntimeException: INTERNAL: s0@group-469FBF65F7A7 is not in [RUNNING]: current state is CLOSED
2022-09-20 10:13:16,150 [s1@group-469FBF65F7A7-LeaderElection122] INFO  impl.LeaderElection (LeaderElection.java:askForVotes(310)) - s1@group-469FBF65F7A7-LeaderElection122 PRE_VOTE round 0: result REJECTED
2022-09-20 10:13:16,150 [s1@group-469FBF65F7A7-LeaderElection122] INFO  server.RaftServer$Division (RaftServerImpl.java:setRole(317)) - s1@group-469FBF65F7A7: changes role from CANDIDATE to FOLLOWER at term 2 for REJECTED
2022-09-20 10:13:16,150 [s1@group-469FBF65F7A7-LeaderElection122] INFO  impl.RoleInfo (RoleInfo.java:shutdownLeaderElection(130)) - s1: shutdown s1@group-469FBF65F7A7-LeaderElection122
2022-09-20 10:13:16,150 [s1@group-469FBF65F7A7-LeaderElection122] INFO  impl.RoleInfo (RoleInfo.java:updateAndGet(139)) - s1: start s1@group-469FBF65F7A7-FollowerState
2022-09-20 10:13:16,191 [null-request--thread1] INFO  server.GrpcClientProtocolService (GrpcClientProtocolService.java:lambda$processClientRequest$0(284)) - Failed RaftClientRequest:client-76B04C62A16F->s1@group-469FBF65F7A7, cid=451, seq=0, RW, Message:6d3635, reply=RaftClientReply:client-76B04C62A16F->s1@group-469FBF65F7A7, cid=451, FAILED org.apache.ratis.protocol.exceptions.NotLeaderException: Server s1@group-469FBF65F7A7 is not the leader, logIndex=0, commits[s1:c133, s0:c130, s2:c133]
2022-09-20 10:13:16,400 [s1@group-469FBF65F7A7-FollowerState] INFO  impl.FollowerState (FollowerState.java:run(141)) - s1@group-469FBF65F7A7-FollowerState: change to CANDIDATE, lastRpcElapsedTime:249640648ns, electionTimeout:249ms
2022-09-20 10:13:16,400 [s1@group-469FBF65F7A7-FollowerState] INFO  impl.RoleInfo (RoleInfo.java:shutdownFollowerState(110)) - s1: shutdown s1@group-469FBF65F7A7-FollowerState
2022-09-20 10:13:16,400 [s1@group-469FBF65F7A7-FollowerState] INFO  server.RaftServer$Division (RaftServerImpl.java:setRole(317)) - s1@group-469FBF65F7A7: changes role from  FOLLOWER to CANDIDATE at term 2 for changeToCandidate
2022-09-20 10:13:16,400 [s1@group-469FBF65F7A7-FollowerState] INFO  server.RaftServerConfigKeys (ConfUtils.java:logGet(46)) - raft.server.leaderelection.pre-vote = true (default)
2022-09-20 10:13:16,400 [s1@group-469FBF65F7A7-FollowerState] INFO  impl.RoleInfo (RoleInfo.java:updateAndGet(139)) - s1: start s1@group-469FBF65F7A7-LeaderElection123
2022-09-20 10:13:16,400 [s1@group-469FBF65F7A7-LeaderElection123] INFO  impl.LeaderElection (LeaderElection.java:askForVotes(308)) - s1@group-469FBF65F7A7-LeaderElection123 PRE_VOTE round 0: submit vote requests at term 2 for 133: peers:[s0|rpc:localhost:39281|admin:localhost:38455|client:localhost:36053|dataStream:localhost:45769|priority:0|startupRole:FOLLOWER, s1|rpc:localhost:46849|admin:localhost:41515|client:localhost:39119|dataStream:localhost:41703|priority:0|startupRole:FOLLOWER, s2|rpc:localhost:35167|admin:localhost:44965|client:localhost:40979|dataStream:localhost:34151|priority:0|startupRole:FOLLOWER]|listeners:[], old=null
2022-09-20 10:13:16,402 [grpc-default-executor-0] INFO  server.RaftServer$Division (RaftServerImpl.java:requestVote(1281)) - s0@group-469FBF65F7A7: receive requestVote(PRE_VOTE, s1, group-469FBF65F7A7, 2, (t:2, i:134))
2022-09-20 10:13:16,403 [grpc-default-executor-0] WARN  server.GrpcServerProtocolService (LogUtils.java:warn(122)) - s0: Failed requestVote s1->s0#0: org.apache.ratis.protocol.exceptions.ServerNotReadyException: s0@group-469FBF65F7A7 is not in [RUNNING]: current state is CLOSED
2022-09-20 10:13:16,404 [grpc-default-executor-8] INFO  server.RaftServer$Division (RaftServerImpl.java:requestVote(1281)) - s2@group-469FBF65F7A7: receive requestVote(PRE_VOTE, s1, group-469FBF65F7A7, 2, (t:2, i:134))
2022-09-20 10:13:16,404 [grpc-default-executor-8] WARN  server.GrpcServerProtocolService (LogUtils.java:warn(122)) - s2: Failed requestVote s1->s2#0: org.apache.ratis.protocol.exceptions.ServerNotReadyException: s2@group-469FBF65F7A7 is not in [RUNNING]: current state is CLOSED
2022-09-20 10:13:16,404 [null-request--thread1] INFO  server.GrpcClientProtocolService (GrpcClientProtocolService.java:lambda$processClientRequest$0(284)) - Failed RaftClientRequest:client-76B04C62A16F->s1@group-469FBF65F7A7, cid=451, seq=0, RW, Message:6d3635, reply=RaftClientReply:client-76B04C62A16F->s1@group-469FBF65F7A7, cid=451, FAILED org.apache.ratis.protocol.exceptions.NotLeaderException: Server s1@group-469FBF65F7A7 is not the leader, logIndex=0, commits[s1:c133, s0:c130, s2:c133]
2022-09-20 10:13:16,405 [s1@group-469FBF65F7A7-LeaderElection123] INFO  impl.LeaderElection (LogUtils.java:infoOrTrace(137)) - s1@group-469FBF65F7A7-LeaderElection123 got exception when requesting votes: java.util.concurrent.ExecutionException: org.apache.ratis.thirdparty.io.grpc.StatusRuntimeException: INTERNAL: s0@group-469FBF65F7A7 is not in [RUNNING]: current state is CLOSED
2022-09-20 10:13:16,405 [s1@group-469FBF65F7A7-LeaderElection123] INFO  impl.LeaderElection (LogUtils.java:infoOrTrace(137)) - s1@group-469FBF65F7A7-LeaderElection123 got exception when requesting votes: java.util.concurrent.ExecutionException: org.apache.ratis.thirdparty.io.grpc.StatusRuntimeException: INTERNAL: s2@group-469FBF65F7A7 is not in [RUNNING]: current state is CLOSED
2022-09-20 10:13:16,405 [s1@group-469FBF65F7A7-LeaderElection123] INFO  impl.LeaderElection (LeaderElection.java:logAndReturn(89)) - s1@group-469FBF65F7A7-LeaderElection123: PRE_VOTE REJECTED received 0 response(s) and 2 exception(s):
2022-09-20 10:13:16,405 [s1@group-469FBF65F7A7-LeaderElection123] INFO  impl.LeaderElection (LogUtils.java:infoOrTrace(137)) -   Exception 0: java.util.concurrent.ExecutionException: org.apache.ratis.thirdparty.io.grpc.StatusRuntimeException: INTERNAL: s0@group-469FBF65F7A7 is not in [RUNNING]: current state is CLOSED
2022-09-20 10:13:16,405 [s1@group-469FBF65F7A7-LeaderElection123] INFO  impl.LeaderElection (LogUtils.java:infoOrTrace(137)) -   Exception 1: java.util.concurrent.ExecutionException: org.apache.ratis.thirdparty.io.grpc.StatusRuntimeException: INTERNAL: s2@group-469FBF65F7A7 is not in [RUNNING]: current state is CLOSED
2022-09-20 10:13:16,405 [s1@group-469FBF65F7A7-LeaderElection123] INFO  impl.LeaderElection (LeaderElection.java:askForVotes(310)) - s1@group-469FBF65F7A7-LeaderElection123 PRE_VOTE round 0: result REJECTED
2022-09-20 10:13:16,405 [s1@group-469FBF65F7A7-LeaderElection123] INFO  server.RaftServer$Division (RaftServerImpl.java:setRole(317)) - s1@group-469FBF65F7A7: changes role from CANDIDATE to FOLLOWER at term 2 for REJECTED
2022-09-20 10:13:16,405 [s1@group-469FBF65F7A7-LeaderElection123] INFO  impl.RoleInfo (RoleInfo.java:shutdownLeaderElection(130)) - s1: shutdown s1@group-469FBF65F7A7-LeaderElection123
2022-09-20 10:13:16,405 [s1@group-469FBF65F7A7-LeaderElection123] INFO  impl.RoleInfo (RoleInfo.java:updateAndGet(139)) - s1: start s1@group-469FBF65F7A7-FollowerState
2022-09-20 10:13:16,557 [s1@group-469FBF65F7A7-FollowerState] INFO  impl.FollowerState (FollowerState.java:run(141)) - s1@group-469FBF65F7A7-FollowerState: change to CANDIDATE, lastRpcElapsedTime:152051670ns, electionTimeout:151ms
2022-09-20 10:13:16,557 [s1@group-469FBF65F7A7-FollowerState] INFO  impl.RoleInfo (RoleInfo.java:shutdownFollowerState(110)) - s1: shutdown s1@group-469FBF65F7A7-FollowerState
2022-09-20 10:13:16,557 [s1@group-469FBF65F7A7-FollowerState] INFO  server.RaftServer$Division (RaftServerImpl.java:setRole(317)) - s1@group-469FBF65F7A7: changes role from  FOLLOWER to CANDIDATE at term 2 for changeToCandidate
2022-09-20 10:13:16,557 [s1@group-469FBF65F7A7-FollowerState] INFO  server.RaftServerConfigKeys (ConfUtils.java:logGet(46)) - raft.server.leaderelection.pre-vote = true (default)
2022-09-20 10:13:16,557 [s1@group-469FBF65F7A7-FollowerState] INFO  impl.RoleInfo (RoleInfo.java:updateAndGet(139)) - s1: start s1@group-469FBF65F7A7-LeaderElection124
2022-09-20 10:13:16,558 [s1@group-469FBF65F7A7-LeaderElection124] INFO  impl.LeaderElection (LeaderElection.java:askForVotes(308)) - s1@group-469FBF65F7A7-LeaderElection124 PRE_VOTE round 0: submit vote requests at term 2 for 133: peers:[s0|rpc:localhost:39281|admin:localhost:38455|client:localhost:36053|dataStream:localhost:45769|priority:0|startupRole:FOLLOWER, s1|rpc:localhost:46849|admin:localhost:41515|client:localhost:39119|dataStream:localhost:41703|priority:0|startupRole:FOLLOWER, s2|rpc:localhost:35167|admin:localhost:44965|client:localhost:40979|dataStream:localhost:34151|priority:0|startupRole:FOLLOWER]|listeners:[], old=null
2022-09-20 10:13:16,559 [grpc-default-executor-8] INFO  server.RaftServer$Division (RaftServerImpl.java:requestVote(1281)) - s0@group-469FBF65F7A7: receive requestVote(PRE_VOTE, s1, group-469FBF65F7A7, 2, (t:2, i:134))
2022-09-20 10:13:16,559 [grpc-default-executor-8] WARN  server.GrpcServerProtocolService (LogUtils.java:warn(122)) - s0: Failed requestVote s1->s0#0: org.apache.ratis.protocol.exceptions.ServerNotReadyException: s0@group-469FBF65F7A7 is not in [RUNNING]: current state is CLOSED
2022-09-20 10:13:16,559 [grpc-default-executor-8] INFO  server.RaftServer$Division (RaftServerImpl.java:requestVote(1281)) - s2@group-469FBF65F7A7: receive requestVote(PRE_VOTE, s1, group-469FBF65F7A7, 2, (t:2, i:134))
2022-09-20 10:13:16,559 [grpc-default-executor-8] WARN  server.GrpcServerProtocolService (LogUtils.java:warn(122)) - s2: Failed requestVote s1->s2#0: org.apache.ratis.protocol.exceptions.ServerNotReadyException: s2@group-469FBF65F7A7 is not in [RUNNING]: current state is CLOSED
2022-09-20 10:13:16,559 [s1@group-469FBF65F7A7-LeaderElection124] INFO  impl.LeaderElection (LogUtils.java:infoOrTrace(137)) - s1@group-469FBF65F7A7-LeaderElection124 got exception when requesting votes: java.util.concurrent.ExecutionException: org.apache.ratis.thirdparty.io.grpc.StatusRuntimeException: INTERNAL: s2@group-469FBF65F7A7 is not in [RUNNING]: current state is CLOSED
2022-09-20 10:13:16,559 [s1@group-469FBF65F7A7-LeaderElection124] INFO  impl.LeaderElection (LogUtils.java:infoOrTrace(137)) - s1@group-469FBF65F7A7-LeaderElection124 got exception when requesting votes: java.util.concurrent.ExecutionException: org.apache.ratis.thirdparty.io.grpc.StatusRuntimeException: INTERNAL: s0@group-469FBF65F7A7 is not in [RUNNING]: current state is CLOSED
2022-09-20 10:13:16,560 [s1@group-469FBF65F7A7-LeaderElection124] INFO  impl.LeaderElection (LeaderElection.java:logAndReturn(89)) - s1@group-469FBF65F7A7-LeaderElection124: PRE_VOTE REJECTED received 0 response(s) and 2 exception(s):
2022-09-20 10:13:16,560 [s1@group-469FBF65F7A7-LeaderElection124] INFO  impl.LeaderElection (LogUtils.java:infoOrTrace(137)) -   Exception 0: java.util.concurrent.ExecutionException: org.apache.ratis.thirdparty.io.grpc.StatusRuntimeException: INTERNAL: s2@group-469FBF65F7A7 is not in [RUNNING]: current state is CLOSED
2022-09-20 10:13:16,560 [s1@group-469FBF65F7A7-LeaderElection124] INFO  impl.LeaderElection (LogUtils.java:infoOrTrace(137)) -   Exception 1: java.util.concurrent.ExecutionException: org.apache.ratis.thirdparty.io.grpc.StatusRuntimeException: INTERNAL: s0@group-469FBF65F7A7 is not in [RUNNING]: current state is CLOSED
2022-09-20 10:13:16,560 [s1@group-469FBF65F7A7-LeaderElection124] INFO  impl.LeaderElection (LeaderElection.java:askForVotes(310)) - s1@group-469FBF65F7A7-LeaderElection124 PRE_VOTE round 0: result REJECTED
2022-09-20 10:13:16,560 [s1@group-469FBF65F7A7-LeaderElection124] INFO  server.RaftServer$Division (RaftServerImpl.java:setRole(317)) - s1@group-469FBF65F7A7: changes role from CANDIDATE to FOLLOWER at term 2 for REJECTED
2022-09-20 10:13:16,560 [s1@group-469FBF65F7A7-LeaderElection124] INFO  impl.RoleInfo (RoleInfo.java:shutdownLeaderElection(130)) - s1: shutdown s1@group-469FBF65F7A7-LeaderElection124
2022-09-20 10:13:16,560 [s1@group-469FBF65F7A7-LeaderElection124] INFO  impl.RoleInfo (RoleInfo.java:updateAndGet(139)) - s1: start s1@group-469FBF65F7A7-FollowerState
2022-09-20 10:13:16,721 [null-request--thread1] INFO  server.GrpcClientProtocolService (GrpcClientProtocolService.java:lambda$processClientRequest$0(284)) - Failed RaftClientRequest:client-76B04C62A16F->s1@group-469FBF65F7A7, cid=451, seq=0, RW, Message:6d3635, reply=RaftClientReply:client-76B04C62A16F->s1@group-469FBF65F7A7, cid=451, FAILED org.apache.ratis.protocol.exceptions.NotLeaderException: Server s1@group-469FBF65F7A7 is not the leader, logIndex=0, commits[s1:c133, s0:c130, s2:c133]
2022-09-20 10:13:16,726 [s1@group-469FBF65F7A7-FollowerState] INFO  impl.FollowerState (FollowerState.java:run(141)) - s1@group-469FBF65F7A7-FollowerState: change to CANDIDATE, lastRpcElapsedTime:166381031ns, electionTimeout:166ms
2022-09-20 10:13:16,726 [s1@group-469FBF65F7A7-FollowerState] INFO  impl.RoleInfo (RoleInfo.java:shutdownFollowerState(110)) - s1: shutdown s1@group-469FBF65F7A7-FollowerState
2022-09-20 10:13:16,726 [s1@group-469FBF65F7A7-FollowerState] INFO  server.RaftServer$Division (RaftServerImpl.java:setRole(317)) - s1@group-469FBF65F7A7: changes role from  FOLLOWER to CANDIDATE at term 2 for changeToCandidate
2022-09-20 10:13:16,726 [s1@group-469FBF65F7A7-FollowerState] INFO  server.RaftServerConfigKeys (ConfUtils.java:logGet(46)) - raft.server.leaderelection.pre-vote = true (default)
2022-09-20 10:13:16,726 [s1@group-469FBF65F7A7-FollowerState] INFO  impl.RoleInfo (RoleInfo.java:updateAndGet(139)) - s1: start s1@group-469FBF65F7A7-LeaderElection125
2022-09-20 10:13:16,727 [s1@group-469FBF65F7A7-LeaderElection125] INFO  impl.LeaderElection (LeaderElection.java:askForVotes(308)) - s1@group-469FBF65F7A7-LeaderElection125 PRE_VOTE round 0: submit vote requests at term 2 for 133: peers:[s0|rpc:localhost:39281|admin:localhost:38455|client:localhost:36053|dataStream:localhost:45769|priority:0|startupRole:FOLLOWER, s1|rpc:localhost:46849|admin:localhost:41515|client:localhost:39119|dataStream:localhost:41703|priority:0|startupRole:FOLLOWER, s2|rpc:localhost:35167|admin:localhost:44965|client:localhost:40979|dataStream:localhost:34151|priority:0|startupRole:FOLLOWER]|listeners:[], old=null
2022-09-20 10:13:16,728 [grpc-default-executor-8] INFO  server.RaftServer$Division (RaftServerImpl.java:requestVote(1281)) - s0@group-469FBF65F7A7: receive requestVote(PRE_VOTE, s1, group-469FBF65F7A7, 2, (t:2, i:134))
2022-09-20 10:13:16,728 [grpc-default-executor-8] WARN  server.GrpcServerProtocolService (LogUtils.java:warn(122)) - s0: Failed requestVote s1->s0#0: org.apache.ratis.protocol.exceptions.ServerNotReadyException: s0@group-469FBF65F7A7 is not in [RUNNING]: current state is CLOSED
2022-09-20 10:13:16,728 [grpc-default-executor-5] INFO  server.RaftServer$Division (RaftServerImpl.java:requestVote(1281)) - s2@group-469FBF65F7A7: receive requestVote(PRE_VOTE, s1, group-469FBF65F7A7, 2, (t:2, i:134))
2022-09-20 10:13:16,728 [grpc-default-executor-5] WARN  server.GrpcServerProtocolService (LogUtils.java:warn(122)) - s2: Failed requestVote s1->s2#0: org.apache.ratis.protocol.exceptions.ServerNotReadyException: s2@group-469FBF65F7A7 is not in [RUNNING]: current state is CLOSED
2022-09-20 10:13:16,729 [s1@group-469FBF65F7A7-LeaderElection125] INFO  impl.LeaderElection (LogUtils.java:infoOrTrace(137)) - s1@group-469FBF65F7A7-LeaderElection125 got exception when requesting votes: java.util.concurrent.ExecutionException: org.apache.ratis.thirdparty.io.grpc.StatusRuntimeException: INTERNAL: s0@group-469FBF65F7A7 is not in [RUNNING]: current state is CLOSED
2022-09-20 10:13:16,729 [s1@group-469FBF65F7A7-LeaderElection125] INFO  impl.LeaderElection (LogUtils.java:infoOrTrace(137)) - s1@group-469FBF65F7A7-LeaderElection125 got exception when requesting votes: java.util.concurrent.ExecutionException: org.apache.ratis.thirdparty.io.grpc.StatusRuntimeException: INTERNAL: s2@group-469FBF65F7A7 is not in [RUNNING]: current state is CLOSED
2022-09-20 10:13:16,729 [s1@group-469FBF65F7A7-LeaderElection125] INFO  impl.LeaderElection (LeaderElection.java:logAndReturn(89)) - s1@group-469FBF65F7A7-LeaderElection125: PRE_VOTE REJECTED received 0 response(s) and 2 exception(s):
2022-09-20 10:13:16,729 [s1@group-469FBF65F7A7-LeaderElection125] INFO  impl.LeaderElection (LogUtils.java:infoOrTrace(137)) -   Exception 0: java.util.concurrent.ExecutionException: org.apache.ratis.thirdparty.io.grpc.StatusRuntimeException: INTERNAL: s0@group-469FBF65F7A7 is not in [RUNNING]: current state is CLOSED
2022-09-20 10:13:16,729 [s1@group-469FBF65F7A7-LeaderElection125] INFO  impl.LeaderElection (LogUtils.java:infoOrTrace(137)) -   Exception 1: java.util.concurrent.ExecutionException: org.apache.ratis.thirdparty.io.grpc.StatusRuntimeException: INTERNAL: s2@group-469FBF65F7A7 is not in [RUNNING]: current state is CLOSED
2022-09-20 10:13:16,729 [s1@group-469FBF65F7A7-LeaderElection125] INFO  impl.LeaderElection (LeaderElection.java:askForVotes(310)) - s1@group-469FBF65F7A7-LeaderElection125 PRE_VOTE round 0: result REJECTED
2022-09-20 10:13:16,729 [s1@group-469FBF65F7A7-LeaderElection125] INFO  server.RaftServer$Division (RaftServerImpl.java:setRole(317)) - s1@group-469FBF65F7A7: changes role from CANDIDATE to FOLLOWER at term 2 for REJECTED
2022-09-20 10:13:16,729 [s1@group-469FBF65F7A7-LeaderElection125] INFO  impl.RoleInfo (RoleInfo.java:shutdownLeaderElection(130)) - s1: shutdown s1@group-469FBF65F7A7-LeaderElection125
2022-09-20 10:13:16,729 [s1@group-469FBF65F7A7-LeaderElection125] INFO  impl.RoleInfo (RoleInfo.java:updateAndGet(139)) - s1: start s1@group-469FBF65F7A7-FollowerState
2022-09-20 10:13:16,918 [s1@group-469FBF65F7A7-FollowerState] INFO  impl.FollowerState (FollowerState.java:run(141)) - s1@group-469FBF65F7A7-FollowerState: change to CANDIDATE, lastRpcElapsedTime:188834940ns, electionTimeout:188ms
2022-09-20 10:13:16,918 [s1@group-469FBF65F7A7-FollowerState] INFO  impl.RoleInfo (RoleInfo.java:shutdownFollowerState(110)) - s1: shutdown s1@group-469FBF65F7A7-FollowerState
2022-09-20 10:13:16,918 [s1@group-469FBF65F7A7-FollowerState] INFO  server.RaftServer$Division (RaftServerImpl.java:setRole(317)) - s1@group-469FBF65F7A7: changes role from  FOLLOWER to CANDIDATE at term 2 for changeToCandidate
2022-09-20 10:13:16,918 [s1@group-469FBF65F7A7-FollowerState] INFO  server.RaftServerConfigKeys (ConfUtils.java:logGet(46)) - raft.server.leaderelection.pre-vote = true (default)
2022-09-20 10:13:16,918 [s1@group-469FBF65F7A7-FollowerState] INFO  impl.RoleInfo (RoleInfo.java:updateAndGet(139)) - s1: start s1@group-469FBF65F7A7-LeaderElection126
2022-09-20 10:13:16,919 [s1@group-469FBF65F7A7-LeaderElection126] INFO  impl.LeaderElection (LeaderElection.java:askForVotes(308)) - s1@group-469FBF65F7A7-LeaderElection126 PRE_VOTE round 0: submit vote requests at term 2 for 133: peers:[s0|rpc:localhost:39281|admin:localhost:38455|client:localhost:36053|dataStream:localhost:45769|priority:0|startupRole:FOLLOWER, s1|rpc:localhost:46849|admin:localhost:41515|client:localhost:39119|dataStream:localhost:41703|priority:0|startupRole:FOLLOWER, s2|rpc:localhost:35167|admin:localhost:44965|client:localhost:40979|dataStream:localhost:34151|priority:0|startupRole:FOLLOWER]|listeners:[], old=null
2022-09-20 10:13:16,920 [grpc-default-executor-0] INFO  server.RaftServer$Division (RaftServerImpl.java:requestVote(1281)) - s0@group-469FBF65F7A7: receive requestVote(PRE_VOTE, s1, group-469FBF65F7A7, 2, (t:2, i:134))
2022-09-20 10:13:16,920 [grpc-default-executor-0] WARN  server.GrpcServerProtocolService (LogUtils.java:warn(122)) - s0: Failed requestVote s1->s0#0: org.apache.ratis.protocol.exceptions.ServerNotReadyException: s0@group-469FBF65F7A7 is not in [RUNNING]: current state is CLOSED
2022-09-20 10:13:16,920 [grpc-default-executor-0] INFO  server.RaftServer$Division (RaftServerImpl.java:requestVote(1281)) - s2@group-469FBF65F7A7: receive requestVote(PRE_VOTE, s1, group-469FBF65F7A7, 2, (t:2, i:134))
2022-09-20 10:13:16,920 [s1@group-469FBF65F7A7-LeaderElection126] INFO  impl.LeaderElection (LogUtils.java:infoOrTrace(137)) - s1@group-469FBF65F7A7-LeaderElection126 got exception when requesting votes: java.util.concurrent.ExecutionException: org.apache.ratis.thirdparty.io.grpc.StatusRuntimeException: INTERNAL: s0@group-469FBF65F7A7 is not in [RUNNING]: current state is CLOSED
2022-09-20 10:13:16,920 [grpc-default-executor-0] WARN  server.GrpcServerProtocolService (LogUtils.java:warn(122)) - s2: Failed requestVote s1->s2#0: org.apache.ratis.protocol.exceptions.ServerNotReadyException: s2@group-469FBF65F7A7 is not in [RUNNING]: current state is CLOSED
2022-09-20 10:13:16,921 [s1@group-469FBF65F7A7-LeaderElection126] INFO  impl.LeaderElection (LogUtils.java:infoOrTrace(137)) - s1@group-469FBF65F7A7-LeaderElection126 got exception when requesting votes: java.util.concurrent.ExecutionException: org.apache.ratis.thirdparty.io.grpc.StatusRuntimeException: INTERNAL: s2@group-469FBF65F7A7 is not in [RUNNING]: current state is CLOSED
2022-09-20 10:13:16,921 [s1@group-469FBF65F7A7-LeaderElection126] INFO  impl.LeaderElection (LeaderElection.java:logAndReturn(89)) - s1@group-469FBF65F7A7-LeaderElection126: PRE_VOTE REJECTED received 0 response(s) and 2 exception(s):
2022-09-20 10:13:16,921 [s1@group-469FBF65F7A7-LeaderElection126] INFO  impl.LeaderElection (LogUtils.java:infoOrTrace(137)) -   Exception 0: java.util.concurrent.ExecutionException: org.apache.ratis.thirdparty.io.grpc.StatusRuntimeException: INTERNAL: s0@group-469FBF65F7A7 is not in [RUNNING]: current state is CLOSED
2022-09-20 10:13:16,921 [s1@group-469FBF65F7A7-LeaderElection126] INFO  impl.LeaderElection (LogUtils.java:infoOrTrace(137)) -   Exception 1: java.util.concurrent.ExecutionException: org.apache.ratis.thirdparty.io.grpc.StatusRuntimeException: INTERNAL: s2@group-469FBF65F7A7 is not in [RUNNING]: current state is CLOSED
2022-09-20 10:13:16,921 [s1@group-469FBF65F7A7-LeaderElection126] INFO  impl.LeaderElection (LeaderElection.java:askForVotes(310)) - s1@group-469FBF65F7A7-LeaderElection126 PRE_VOTE round 0: result REJECTED
2022-09-20 10:13:16,921 [s1@group-469FBF65F7A7-LeaderElection126] INFO  server.RaftServer$Division (RaftServerImpl.java:setRole(317)) - s1@group-469FBF65F7A7: changes role from CANDIDATE to FOLLOWER at term 2 for REJECTED
2022-09-20 10:13:16,921 [s1@group-469FBF65F7A7-LeaderElection126] INFO  impl.RoleInfo (RoleInfo.java:shutdownLeaderElection(130)) - s1: shutdown s1@group-469FBF65F7A7-LeaderElection126
2022-09-20 10:13:16,921 [s1@group-469FBF65F7A7-LeaderElection126] INFO  impl.RoleInfo (RoleInfo.java:updateAndGet(139)) - s1: start s1@group-469FBF65F7A7-FollowerState
2022-09-20 10:13:16,931 [null-request--thread1] INFO  server.GrpcClientProtocolService (GrpcClientProtocolService.java:lambda$processClientRequest$0(284)) - Failed RaftClientRequest:client-76B04C62A16F->s1@group-469FBF65F7A7, cid=451, seq=0, RW, Message:6d3635, reply=RaftClientReply:client-76B04C62A16F->s1@group-469FBF65F7A7, cid=451, FAILED org.apache.ratis.protocol.exceptions.NotLeaderException: Server s1@group-469FBF65F7A7 is not the leader, logIndex=0, commits[s1:c133, s0:c130, s2:c133]
2022-09-20 10:13:17,102 [s1@group-469FBF65F7A7-FollowerState] INFO  impl.FollowerState (FollowerState.java:run(141)) - s1@group-469FBF65F7A7-FollowerState: change to CANDIDATE, lastRpcElapsedTime:180397086ns, electionTimeout:180ms
2022-09-20 10:13:17,102 [s1@group-469FBF65F7A7-FollowerState] INFO  impl.RoleInfo (RoleInfo.java:shutdownFollowerState(110)) - s1: shutdown s1@group-469FBF65F7A7-FollowerState
2022-09-20 10:13:17,102 [s1@group-469FBF65F7A7-FollowerState] INFO  server.RaftServer$Division (RaftServerImpl.java:setRole(317)) - s1@group-469FBF65F7A7: changes role from  FOLLOWER to CANDIDATE at term 2 for changeToCandidate
2022-09-20 10:13:17,102 [s1@group-469FBF65F7A7-FollowerState] INFO  server.RaftServerConfigKeys (ConfUtils.java:logGet(46)) - raft.server.leaderelection.pre-vote = true (default)
2022-09-20 10:13:17,102 [s1@group-469FBF65F7A7-FollowerState] INFO  impl.RoleInfo (RoleInfo.java:updateAndGet(139)) - s1: start s1@group-469FBF65F7A7-LeaderElection127
2022-09-20 10:13:17,102 [s1@group-469FBF65F7A7-LeaderElection127] INFO  impl.LeaderElection (LeaderElection.java:askForVotes(308)) - s1@group-469FBF65F7A7-LeaderElection127 PRE_VOTE round 0: submit vote requests at term 2 for 133: peers:[s0|rpc:localhost:39281|admin:localhost:38455|client:localhost:36053|dataStream:localhost:45769|priority:0|startupRole:FOLLOWER, s1|rpc:localhost:46849|admin:localhost:41515|client:localhost:39119|dataStream:localhost:41703|priority:0|startupRole:FOLLOWER, s2|rpc:localhost:35167|admin:localhost:44965|client:localhost:40979|dataStream:localhost:34151|priority:0|startupRole:FOLLOWER]|listeners:[], old=null
2022-09-20 10:13:17,103 [grpc-default-executor-5] INFO  server.RaftServer$Division (RaftServerImpl.java:requestVote(1281)) - s0@group-469FBF65F7A7: receive requestVote(PRE_VOTE, s1, group-469FBF65F7A7, 2, (t:2, i:134))
2022-09-20 10:13:17,103 [grpc-default-executor-5] WARN  server.GrpcServerProtocolService (LogUtils.java:warn(122)) - s0: Failed requestVote s1->s0#0: org.apache.ratis.protocol.exceptions.ServerNotReadyException: s0@group-469FBF65F7A7 is not in [RUNNING]: current state is CLOSED
2022-09-20 10:13:17,104 [grpc-default-executor-5] INFO  server.RaftServer$Division (RaftServerImpl.java:requestVote(1281)) - s2@group-469FBF65F7A7: receive requestVote(PRE_VOTE, s1, group-469FBF65F7A7, 2, (t:2, i:134))
2022-09-20 10:13:17,104 [grpc-default-executor-5] WARN  server.GrpcServerProtocolService (LogUtils.java:warn(122)) - s2: Failed requestVote s1->s2#0: org.apache.ratis.protocol.exceptions.ServerNotReadyException: s2@group-469FBF65F7A7 is not in [RUNNING]: current state is CLOSED
2022-09-20 10:13:17,104 [s1@group-469FBF65F7A7-LeaderElection127] INFO  impl.LeaderElection (LogUtils.java:infoOrTrace(137)) - s1@group-469FBF65F7A7-LeaderElection127 got exception when requesting votes: java.util.concurrent.ExecutionException: org.apache.ratis.thirdparty.io.grpc.StatusRuntimeException: INTERNAL: s0@group-469FBF65F7A7 is not in [RUNNING]: current state is CLOSED
2022-09-20 10:13:17,105 [s1@group-469FBF65F7A7-LeaderElection127] INFO  impl.LeaderElection (LogUtils.java:infoOrTrace(137)) - s1@group-469FBF65F7A7-LeaderElection127 got exception when requesting votes: java.util.concurrent.ExecutionException: org.apache.ratis.thirdparty.io.grpc.StatusRuntimeException: INTERNAL: s2@group-469FBF65F7A7 is not in [RUNNING]: current state is CLOSED
2022-09-20 10:13:17,105 [s1@group-469FBF65F7A7-LeaderElection127] INFO  impl.LeaderElection (LeaderElection.java:logAndReturn(89)) - s1@group-469FBF65F7A7-LeaderElection127: PRE_VOTE REJECTED received 0 response(s) and 2 exception(s):
2022-09-20 10:13:17,105 [s1@group-469FBF65F7A7-LeaderElection127] INFO  impl.LeaderElection (LogUtils.java:infoOrTrace(137)) -   Exception 0: java.util.concurrent.ExecutionException: org.apache.ratis.thirdparty.io.grpc.StatusRuntimeException: INTERNAL: s0@group-469FBF65F7A7 is not in [RUNNING]: current state is CLOSED
2022-09-20 10:13:17,105 [s1@group-469FBF65F7A7-LeaderElection127] INFO  impl.LeaderElection (LogUtils.java:infoOrTrace(137)) -   Exception 1: java.util.concurrent.ExecutionException: org.apache.ratis.thirdparty.io.grpc.StatusRuntimeException: INTERNAL: s2@group-469FBF65F7A7 is not in [RUNNING]: current state is CLOSED
2022-09-20 10:13:17,105 [s1@group-469FBF65F7A7-LeaderElection127] INFO  impl.LeaderElection (LeaderElection.java:askForVotes(310)) - s1@group-469FBF65F7A7-LeaderElection127 PRE_VOTE round 0: result REJECTED
2022-09-20 10:13:17,105 [s1@group-469FBF65F7A7-LeaderElection127] INFO  server.RaftServer$Division (RaftServerImpl.java:setRole(317)) - s1@group-469FBF65F7A7: changes role from CANDIDATE to FOLLOWER at term 2 for REJECTED
2022-09-20 10:13:17,105 [s1@group-469FBF65F7A7-LeaderElection127] INFO  impl.RoleInfo (RoleInfo.java:shutdownLeaderElection(130)) - s1: shutdown s1@group-469FBF65F7A7-LeaderElection127
2022-09-20 10:13:17,105 [s1@group-469FBF65F7A7-LeaderElection127] INFO  impl.RoleInfo (RoleInfo.java:updateAndGet(139)) - s1: start s1@group-469FBF65F7A7-FollowerState
2022-09-20 10:13:17,142 [null-request--thread1] INFO  server.GrpcClientProtocolService (GrpcClientProtocolService.java:lambda$processClientRequest$0(284)) - Failed RaftClientRequest:client-76B04C62A16F->s1@group-469FBF65F7A7, cid=451, seq=0, RW, Message:6d3635, reply=RaftClientReply:client-76B04C62A16F->s1@group-469FBF65F7A7, cid=451, FAILED org.apache.ratis.protocol.exceptions.NotLeaderException: Server s1@group-469FBF65F7A7 is not the leader, logIndex=0, commits[s1:c133, s0:c130, s2:c133]
2022-09-20 10:13:17,314 [s1@group-469FBF65F7A7-FollowerState] INFO  impl.FollowerState (FollowerState.java:run(141)) - s1@group-469FBF65F7A7-FollowerState: change to CANDIDATE, lastRpcElapsedTime:208710302ns, electionTimeout:207ms
2022-09-20 10:13:17,314 [s1@group-469FBF65F7A7-FollowerState] INFO  impl.RoleInfo (RoleInfo.java:shutdownFollowerState(110)) - s1: shutdown s1@group-469FBF65F7A7-FollowerState
2022-09-20 10:13:17,314 [s1@group-469FBF65F7A7-FollowerState] INFO  server.RaftServer$Division (RaftServerImpl.java:setRole(317)) - s1@group-469FBF65F7A7: changes role from  FOLLOWER to CANDIDATE at term 2 for changeToCandidate
2022-09-20 10:13:17,314 [s1@group-469FBF65F7A7-FollowerState] INFO  server.RaftServerConfigKeys (ConfUtils.java:logGet(46)) - raft.server.leaderelection.pre-vote = true (default)
2022-09-20 10:13:17,314 [s1@group-469FBF65F7A7-FollowerState] INFO  impl.RoleInfo (RoleInfo.java:updateAndGet(139)) - s1: start s1@group-469FBF65F7A7-LeaderElection128
2022-09-20 10:13:17,315 [s1@group-469FBF65F7A7-LeaderElection128] INFO  impl.LeaderElection (LeaderElection.java:askForVotes(308)) - s1@group-469FBF65F7A7-LeaderElection128 PRE_VOTE round 0: submit vote requests at term 2 for 133: peers:[s0|rpc:localhost:39281|admin:localhost:38455|client:localhost:36053|dataStream:localhost:45769|priority:0|startupRole:FOLLOWER, s1|rpc:localhost:46849|admin:localhost:41515|client:localhost:39119|dataStream:localhost:41703|priority:0|startupRole:FOLLOWER, s2|rpc:localhost:35167|admin:localhost:44965|client:localhost:40979|dataStream:localhost:34151|priority:0|startupRole:FOLLOWER]|listeners:[], old=null
2022-09-20 10:13:17,316 [grpc-default-executor-0] INFO  server.RaftServer$Division (RaftServerImpl.java:requestVote(1281)) - s2@group-469FBF65F7A7: receive requestVote(PRE_VOTE, s1, group-469FBF65F7A7, 2, (t:2, i:134))
2022-09-20 10:13:17,316 [grpc-default-executor-5] INFO  server.RaftServer$Division (RaftServerImpl.java:requestVote(1281)) - s0@group-469FBF65F7A7: receive requestVote(PRE_VOTE, s1, group-469FBF65F7A7, 2, (t:2, i:134))
2022-09-20 10:13:17,316 [grpc-default-executor-5] WARN  server.GrpcServerProtocolService (LogUtils.java:warn(122)) - s0: Failed requestVote s1->s0#0: org.apache.ratis.protocol.exceptions.ServerNotReadyException: s0@group-469FBF65F7A7 is not in [RUNNING]: current state is CLOSED
2022-09-20 10:13:17,316 [grpc-default-executor-0] WARN  server.GrpcServerProtocolService (LogUtils.java:warn(122)) - s2: Failed requestVote s1->s2#0: org.apache.ratis.protocol.exceptions.ServerNotReadyException: s2@group-469FBF65F7A7 is not in [RUNNING]: current state is CLOSED
2022-09-20 10:13:17,317 [s1@group-469FBF65F7A7-LeaderElection128] INFO  impl.LeaderElection (LogUtils.java:infoOrTrace(137)) - s1@group-469FBF65F7A7-LeaderElection128 got exception when requesting votes: java.util.concurrent.ExecutionException: org.apache.ratis.thirdparty.io.grpc.StatusRuntimeException: INTERNAL: s0@group-469FBF65F7A7 is not in [RUNNING]: current state is CLOSED
2022-09-20 10:13:17,317 [s1@group-469FBF65F7A7-LeaderElection128] INFO  impl.LeaderElection (LogUtils.java:infoOrTrace(137)) - s1@group-469FBF65F7A7-LeaderElection128 got exception when requesting votes: java.util.concurrent.ExecutionException: org.apache.ratis.thirdparty.io.grpc.StatusRuntimeException: INTERNAL: s2@group-469FBF65F7A7 is not in [RUNNING]: current state is CLOSED
2022-09-20 10:13:17,318 [s1@group-469FBF65F7A7-LeaderElection128] INFO  impl.LeaderElection (LeaderElection.java:logAndReturn(89)) - s1@group-469FBF65F7A7-LeaderElection128: PRE_VOTE REJECTED received 0 response(s) and 2 exception(s):
2022-09-20 10:13:17,318 [s1@group-469FBF65F7A7-LeaderElection128] INFO  impl.LeaderElection (LogUtils.java:infoOrTrace(137)) -   Exception 0: java.util.concurrent.ExecutionException: org.apache.ratis.thirdparty.io.grpc.StatusRuntimeException: INTERNAL: s0@group-469FBF65F7A7 is not in [RUNNING]: current state is CLOSED
2022-09-20 10:13:17,318 [s1@group-469FBF65F7A7-LeaderElection128] INFO  impl.LeaderElection (LogUtils.java:infoOrTrace(137)) -   Exception 1: java.util.concurrent.ExecutionException: org.apache.ratis.thirdparty.io.grpc.StatusRuntimeException: INTERNAL: s2@group-469FBF65F7A7 is not in [RUNNING]: current state is CLOSED
2022-09-20 10:13:17,318 [s1@group-469FBF65F7A7-LeaderElection128] INFO  impl.LeaderElection (LeaderElection.java:askForVotes(310)) - s1@group-469FBF65F7A7-LeaderElection128 PRE_VOTE round 0: result REJECTED
2022-09-20 10:13:17,318 [s1@group-469FBF65F7A7-LeaderElection128] INFO  server.RaftServer$Division (RaftServerImpl.java:setRole(317)) - s1@group-469FBF65F7A7: changes role from CANDIDATE to FOLLOWER at term 2 for REJECTED
2022-09-20 10:13:17,318 [s1@group-469FBF65F7A7-LeaderElection128] INFO  impl.RoleInfo (RoleInfo.java:shutdownLeaderElection(130)) - s1: shutdown s1@group-469FBF65F7A7-LeaderElection128
2022-09-20 10:13:17,318 [s1@group-469FBF65F7A7-LeaderElection128] INFO  impl.RoleInfo (RoleInfo.java:updateAndGet(139)) - s1: start s1@group-469FBF65F7A7-FollowerState
2022-09-20 10:13:17,491 [s1@group-469FBF65F7A7-FollowerState] INFO  impl.FollowerState (FollowerState.java:run(141)) - s1@group-469FBF65F7A7-FollowerState: change to CANDIDATE, lastRpcElapsedTime:173376158ns, electionTimeout:173ms
2022-09-20 10:13:17,491 [s1@group-469FBF65F7A7-FollowerState] INFO  impl.RoleInfo (RoleInfo.java:shutdownFollowerState(110)) - s1: shutdown s1@group-469FBF65F7A7-FollowerState
2022-09-20 10:13:17,491 [s1@group-469FBF65F7A7-FollowerState] INFO  server.RaftServer$Division (RaftServerImpl.java:setRole(317)) - s1@group-469FBF65F7A7: changes role from  FOLLOWER to CANDIDATE at term 2 for changeToCandidate
2022-09-20 10:13:17,491 [s1@group-469FBF65F7A7-FollowerState] INFO  server.RaftServerConfigKeys (ConfUtils.java:logGet(46)) - raft.server.leaderelection.pre-vote = true (default)
2022-09-20 10:13:17,491 [s1@group-469FBF65F7A7-FollowerState] INFO  impl.RoleInfo (RoleInfo.java:updateAndGet(139)) - s1: start s1@group-469FBF65F7A7-LeaderElection129
2022-09-20 10:13:17,492 [s1@group-469FBF65F7A7-LeaderElection129] INFO  impl.LeaderElection (LeaderElection.java:askForVotes(308)) - s1@group-469FBF65F7A7-LeaderElection129 PRE_VOTE round 0: submit vote requests at term 2 for 133: peers:[s0|rpc:localhost:39281|admin:localhost:38455|client:localhost:36053|dataStream:localhost:45769|priority:0|startupRole:FOLLOWER, s1|rpc:localhost:46849|admin:localhost:41515|client:localhost:39119|dataStream:localhost:41703|priority:0|startupRole:FOLLOWER, s2|rpc:localhost:35167|admin:localhost:44965|client:localhost:40979|dataStream:localhost:34151|priority:0|startupRole:FOLLOWER]|listeners:[], old=null
2022-09-20 10:13:17,493 [grpc-default-executor-8] INFO  server.RaftServer$Division (RaftServerImpl.java:requestVote(1281)) - s0@group-469FBF65F7A7: receive requestVote(PRE_VOTE, s1, group-469FBF65F7A7, 2, (t:2, i:134))
2022-09-20 10:13:17,494 [grpc-default-executor-8] WARN  server.GrpcServerProtocolService (LogUtils.java:warn(122)) - s0: Failed requestVote s1->s0#0: org.apache.ratis.protocol.exceptions.ServerNotReadyException: s0@group-469FBF65F7A7 is not in [RUNNING]: current state is CLOSED
2022-09-20 10:13:17,494 [grpc-default-executor-0] INFO  server.RaftServer$Division (RaftServerImpl.java:requestVote(1281)) - s2@group-469FBF65F7A7: receive requestVote(PRE_VOTE, s1, group-469FBF65F7A7, 2, (t:2, i:134))
2022-09-20 10:13:17,494 [grpc-default-executor-0] WARN  server.GrpcServerProtocolService (LogUtils.java:warn(122)) - s2: Failed requestVote s1->s2#0: org.apache.ratis.protocol.exceptions.ServerNotReadyException: s2@group-469FBF65F7A7 is not in [RUNNING]: current state is CLOSED
2022-09-20 10:13:17,495 [s1@group-469FBF65F7A7-LeaderElection129] INFO  impl.LeaderElection (LogUtils.java:infoOrTrace(137)) - s1@group-469FBF65F7A7-LeaderElection129 got exception when requesting votes: java.util.concurrent.ExecutionException: org.apache.ratis.thirdparty.io.grpc.StatusRuntimeException: INTERNAL: s0@group-469FBF65F7A7 is not in [RUNNING]: current state is CLOSED
2022-09-20 10:13:17,495 [s1@group-469FBF65F7A7-LeaderElection129] INFO  impl.LeaderElection (LogUtils.java:infoOrTrace(137)) - s1@group-469FBF65F7A7-LeaderElection129 got exception when requesting votes: java.util.concurrent.ExecutionException: org.apache.ratis.thirdparty.io.grpc.StatusRuntimeException: INTERNAL: s2@group-469FBF65F7A7 is not in [RUNNING]: current state is CLOSED
2022-09-20 10:13:17,495 [s1@group-469FBF65F7A7-LeaderElection129] INFO  impl.LeaderElection (LeaderElection.java:logAndReturn(89)) - s1@group-469FBF65F7A7-LeaderElection129: PRE_VOTE REJECTED received 0 response(s) and 2 exception(s):
2022-09-20 10:13:17,495 [s1@group-469FBF65F7A7-LeaderElection129] INFO  impl.LeaderElection (LogUtils.java:infoOrTrace(137)) -   Exception 0: java.util.concurrent.ExecutionException: org.apache.ratis.thirdparty.io.grpc.StatusRuntimeException: INTERNAL: s0@group-469FBF65F7A7 is not in [RUNNING]: current state is CLOSED
2022-09-20 10:13:17,495 [s1@group-469FBF65F7A7-LeaderElection129] INFO  impl.LeaderElection (LogUtils.java:infoOrTrace(137)) -   Exception 1: java.util.concurrent.ExecutionException: org.apache.ratis.thirdparty.io.grpc.StatusRuntimeException: INTERNAL: s2@group-469FBF65F7A7 is not in [RUNNING]: current state is CLOSED
2022-09-20 10:13:17,495 [s1@group-469FBF65F7A7-LeaderElection129] INFO  impl.LeaderElection (LeaderElection.java:askForVotes(310)) - s1@group-469FBF65F7A7-LeaderElection129 PRE_VOTE round 0: result REJECTED
2022-09-20 10:13:17,495 [s1@group-469FBF65F7A7-LeaderElection129] INFO  server.RaftServer$Division (RaftServerImpl.java:setRole(317)) - s1@group-469FBF65F7A7: changes role from CANDIDATE to FOLLOWER at term 2 for REJECTED
2022-09-20 10:13:17,495 [s1@group-469FBF65F7A7-LeaderElection129] INFO  impl.RoleInfo (RoleInfo.java:shutdownLeaderElection(130)) - s1: shutdown s1@group-469FBF65F7A7-LeaderElection129
2022-09-20 10:13:17,495 [s1@group-469FBF65F7A7-LeaderElection129] INFO  impl.RoleInfo (RoleInfo.java:updateAndGet(139)) - s1: start s1@group-469FBF65F7A7-FollowerState
2022-09-20 10:13:17,563 [null-request--thread1] INFO  server.GrpcClientProtocolService (GrpcClientProtocolService.java:lambda$processClientRequest$0(284)) - Failed RaftClientRequest:client-76B04C62A16F->s1@group-469FBF65F7A7, cid=451, seq=0, RW, Message:6d3635, reply=RaftClientReply:client-76B04C62A16F->s1@group-469FBF65F7A7, cid=451, FAILED org.apache.ratis.protocol.exceptions.NotLeaderException: Server s1@group-469FBF65F7A7 is not the leader, logIndex=0, commits[s1:c133, s0:c130, s2:c133]
2022-09-20 10:13:17,690 [s1@group-469FBF65F7A7-FollowerState] INFO  impl.FollowerState (FollowerState.java:run(141)) - s1@group-469FBF65F7A7-FollowerState: change to CANDIDATE, lastRpcElapsedTime:194626746ns, electionTimeout:194ms
2022-09-20 10:13:17,690 [s1@group-469FBF65F7A7-FollowerState] INFO  impl.RoleInfo (RoleInfo.java:shutdownFollowerState(110)) - s1: shutdown s1@group-469FBF65F7A7-FollowerState
2022-09-20 10:13:17,690 [s1@group-469FBF65F7A7-FollowerState] INFO  server.RaftServer$Division (RaftServerImpl.java:setRole(317)) - s1@group-469FBF65F7A7: changes role from  FOLLOWER to CANDIDATE at term 2 for changeToCandidate
2022-09-20 10:13:17,690 [s1@group-469FBF65F7A7-FollowerState] INFO  server.RaftServerConfigKeys (ConfUtils.java:logGet(46)) - raft.server.leaderelection.pre-vote = true (default)
2022-09-20 10:13:17,690 [s1@group-469FBF65F7A7-FollowerState] INFO  impl.RoleInfo (RoleInfo.java:updateAndGet(139)) - s1: start s1@group-469FBF65F7A7-LeaderElection130
2022-09-20 10:13:17,690 [s1@group-469FBF65F7A7-LeaderElection130] INFO  impl.LeaderElection (LeaderElection.java:askForVotes(308)) - s1@group-469FBF65F7A7-LeaderElection130 PRE_VOTE round 0: submit vote requests at term 2 for 133: peers:[s0|rpc:localhost:39281|admin:localhost:38455|client:localhost:36053|dataStream:localhost:45769|priority:0|startupRole:FOLLOWER, s1|rpc:localhost:46849|admin:localhost:41515|client:localhost:39119|dataStream:localhost:41703|priority:0|startupRole:FOLLOWER, s2|rpc:localhost:35167|admin:localhost:44965|client:localhost:40979|dataStream:localhost:34151|priority:0|startupRole:FOLLOWER]|listeners:[], old=null
2022-09-20 10:13:17,694 [grpc-default-executor-8] INFO  server.RaftServer$Division (RaftServerImpl.java:requestVote(1281)) - s2@group-469FBF65F7A7: receive requestVote(PRE_VOTE, s1, group-469FBF65F7A7, 2, (t:2, i:134))
2022-09-20 10:13:17,694 [grpc-default-executor-8] WARN  server.GrpcServerProtocolService (LogUtils.java:warn(122)) - s2: Failed requestVote s1->s2#0: org.apache.ratis.protocol.exceptions.ServerNotReadyException: s2@group-469FBF65F7A7 is not in [RUNNING]: current state is CLOSED
2022-09-20 10:13:17,697 [grpc-default-executor-8] INFO  server.RaftServer$Division (RaftServerImpl.java:requestVote(1281)) - s0@group-469FBF65F7A7: receive requestVote(PRE_VOTE, s1, group-469FBF65F7A7, 2, (t:2, i:134))
2022-09-20 10:13:17,697 [grpc-default-executor-8] WARN  server.GrpcServerProtocolService (LogUtils.java:warn(122)) - s0: Failed requestVote s1->s0#0: org.apache.ratis.protocol.exceptions.ServerNotReadyException: s0@group-469FBF65F7A7 is not in [RUNNING]: current state is CLOSED
2022-09-20 10:13:17,698 [s1@group-469FBF65F7A7-LeaderElection130] INFO  impl.LeaderElection (LogUtils.java:infoOrTrace(137)) - s1@group-469FBF65F7A7-LeaderElection130 got exception when requesting votes: java.util.concurrent.ExecutionException: org.apache.ratis.thirdparty.io.grpc.StatusRuntimeException: INTERNAL: s0@group-469FBF65F7A7 is not in [RUNNING]: current state is CLOSED
2022-09-20 10:13:17,703 [s1@group-469FBF65F7A7-LeaderElection130] INFO  impl.LeaderElection (LogUtils.java:infoOrTrace(137)) - s1@group-469FBF65F7A7-LeaderElection130 got exception when requesting votes: java.util.concurrent.ExecutionException: org.apache.ratis.thirdparty.io.grpc.StatusRuntimeException: INTERNAL: s2@group-469FBF65F7A7 is not in [RUNNING]: current state is CLOSED
2022-09-20 10:13:17,703 [s1@group-469FBF65F7A7-LeaderElection130] INFO  impl.LeaderElection (LeaderElection.java:logAndReturn(89)) - s1@group-469FBF65F7A7-LeaderElection130: PRE_VOTE REJECTED received 0 response(s) and 2 exception(s):
2022-09-20 10:13:17,703 [s1@group-469FBF65F7A7-LeaderElection130] INFO  impl.LeaderElection (LogUtils.java:infoOrTrace(137)) -   Exception 0: java.util.concurrent.ExecutionException: org.apache.ratis.thirdparty.io.grpc.StatusRuntimeException: INTERNAL: s0@group-469FBF65F7A7 is not in [RUNNING]: current state is CLOSED
2022-09-20 10:13:17,703 [s1@group-469FBF65F7A7-LeaderElection130] INFO  impl.LeaderElection (LogUtils.java:infoOrTrace(137)) -   Exception 1: java.util.concurrent.ExecutionException: org.apache.ratis.thirdparty.io.grpc.StatusRuntimeException: INTERNAL: s2@group-469FBF65F7A7 is not in [RUNNING]: current state is CLOSED
2022-09-20 10:13:17,703 [s1@group-469FBF65F7A7-LeaderElection130] INFO  impl.LeaderElection (LeaderElection.java:askForVotes(310)) - s1@group-469FBF65F7A7-LeaderElection130 PRE_VOTE round 0: result REJECTED
2022-09-20 10:13:17,703 [s1@group-469FBF65F7A7-LeaderElection130] INFO  server.RaftServer$Division (RaftServerImpl.java:setRole(317)) - s1@group-469FBF65F7A7: changes role from CANDIDATE to FOLLOWER at term 2 for REJECTED
2022-09-20 10:13:17,703 [s1@group-469FBF65F7A7-LeaderElection130] INFO  impl.RoleInfo (RoleInfo.java:shutdownLeaderElection(130)) - s1: shutdown s1@group-469FBF65F7A7-LeaderElection130
2022-09-20 10:13:17,703 [s1@group-469FBF65F7A7-LeaderElection130] INFO  impl.RoleInfo (RoleInfo.java:updateAndGet(139)) - s1: start s1@group-469FBF65F7A7-FollowerState
2022-09-20 10:13:17,773 [null-request--thread1] INFO  server.GrpcClientProtocolService (GrpcClientProtocolService.java:lambda$processClientRequest$0(284)) - Failed RaftClientRequest:client-76B04C62A16F->s1@group-469FBF65F7A7, cid=451, seq=0, RW, Message:6d3635, reply=RaftClientReply:client-76B04C62A16F->s1@group-469FBF65F7A7, cid=451, FAILED org.apache.ratis.protocol.exceptions.NotLeaderException: Server s1@group-469FBF65F7A7 is not the leader, logIndex=0, commits[s1:c133, s0:c130, s2:c133]
2022-09-20 10:13:17,949 [Timer-3] INFO  impl.MiniRaftCluster (MiniRaftCluster.java:lambda$start$6(349)) - TIMED-PRINT: printing ALL groups
  s0:  RUNNING    LEADER s0@group-469FBF65F7A7:t1, leader=s0, voted=s0, raftlog=Memoized:s0@group-469FBF65F7A7-SegmentedRaftLog:CLOSED:c132, conf=0: peers:[s0|rpc:localhost:39281|admin:localhost:38455|client:localhost:36053|dataStream:localhost:45769|priority:0|startupRole:FOLLOWER, s1|rpc:localhost:46849|admin:localhost:41515|client:localhost:39119|dataStream:localhost:41703|priority:0|startupRole:FOLLOWER, s2|rpc:localhost:35167|admin:localhost:44965|client:localhost:40979|dataStream:localhost:34151|priority:0|startupRole:FOLLOWER]|listeners:[], old=null CLOSED
  s1:  RUNNING  FOLLOWER s1@group-469FBF65F7A7:t2, leader=null, voted=s2, raftlog=Memoized:s1@group-469FBF65F7A7-SegmentedRaftLog:OPENED:c133, conf=133: peers:[s0|rpc:localhost:39281|admin:localhost:38455|client:localhost:36053|dataStream:localhost:45769|priority:0|startupRole:FOLLOWER, s1|rpc:localhost:46849|admin:localhost:41515|client:localhost:39119|dataStream:localhost:41703|priority:0|startupRole:FOLLOWER, s2|rpc:localhost:35167|admin:localhost:44965|client:localhost:40979|dataStream:localhost:34151|priority:0|startupRole:FOLLOWER]|listeners:[], old=null RUNNING
  s2:  RUNNING    LEADER s2@group-469FBF65F7A7:t2, leader=s2, voted=s2, raftlog=Memoized:s2@group-469FBF65F7A7-SegmentedRaftLog:CLOSED:c133, conf=133: peers:[s0|rpc:localhost:39281|admin:localhost:38455|client:localhost:36053|dataStream:localhost:45769|priority:0|startupRole:FOLLOWER, s1|rpc:localhost:46849|admin:localhost:41515|client:localhost:39119|dataStream:localhost:41703|priority:0|startupRole:FOLLOWER, s2|rpc:localhost:35167|admin:localhost:44965|client:localhost:40979|dataStream:localhost:34151|priority:0|startupRole:FOLLOWER]|listeners:[], old=null CLOSED
2022-09-20 10:13:17,981 [s1@group-469FBF65F7A7-FollowerState] INFO  impl.FollowerState (FollowerState.java:run(141)) - s1@group-469FBF65F7A7-FollowerState: change to CANDIDATE, lastRpcElapsedTime:278469373ns, electionTimeout:277ms
2022-09-20 10:13:17,981 [s1@group-469FBF65F7A7-FollowerState] INFO  impl.RoleInfo (RoleInfo.java:shutdownFollowerState(110)) - s1: shutdown s1@group-469FBF65F7A7-FollowerState
2022-09-20 10:13:17,982 [s1@group-469FBF65F7A7-FollowerState] INFO  server.RaftServer$Division (RaftServerImpl.java:setRole(317)) - s1@group-469FBF65F7A7: changes role from  FOLLOWER to CANDIDATE at term 2 for changeToCandidate
2022-09-20 10:13:17,982 [s1@group-469FBF65F7A7-FollowerState] INFO  server.RaftServerConfigKeys (ConfUtils.java:logGet(46)) - raft.server.leaderelection.pre-vote = true (default)
2022-09-20 10:13:17,982 [s1@group-469FBF65F7A7-FollowerState] INFO  impl.RoleInfo (RoleInfo.java:updateAndGet(139)) - s1: start s1@group-469FBF65F7A7-LeaderElection131
2022-09-20 10:13:17,982 [s1@group-469FBF65F7A7-LeaderElection131] INFO  impl.LeaderElection (LeaderElection.java:askForVotes(308)) - s1@group-469FBF65F7A7-LeaderElection131 PRE_VOTE round 0: submit vote requests at term 2 for 133: peers:[s0|rpc:localhost:39281|admin:localhost:38455|client:localhost:36053|dataStream:localhost:45769|priority:0|startupRole:FOLLOWER, s1|rpc:localhost:46849|admin:localhost:41515|client:localhost:39119|dataStream:localhost:41703|priority:0|startupRole:FOLLOWER, s2|rpc:localhost:35167|admin:localhost:44965|client:localhost:40979|dataStream:localhost:34151|priority:0|startupRole:FOLLOWER]|listeners:[], old=null
2022-09-20 10:13:17,983 [null-request--thread1] INFO  server.GrpcClientProtocolService (GrpcClientProtocolService.java:lambda$processClientRequest$0(284)) - Failed RaftClientRequest:client-76B04C62A16F->s1@group-469FBF65F7A7, cid=451, seq=0, RW, Message:6d3635, reply=RaftClientReply:client-76B04C62A16F->s1@group-469FBF65F7A7, cid=451, FAILED org.apache.ratis.protocol.exceptions.NotLeaderException: Server s1@group-469FBF65F7A7 is not the leader, logIndex=0, commits[s1:c133, s0:c130, s2:c133]
2022-09-20 10:13:17,985 [grpc-default-executor-0] INFO  server.RaftServer$Division (RaftServerImpl.java:requestVote(1281)) - s0@group-469FBF65F7A7: receive requestVote(PRE_VOTE, s1, group-469FBF65F7A7, 2, (t:2, i:134))
2022-09-20 10:13:17,985 [grpc-default-executor-0] WARN  server.GrpcServerProtocolService (LogUtils.java:warn(122)) - s0: Failed requestVote s1->s0#0: org.apache.ratis.protocol.exceptions.ServerNotReadyException: s0@group-469FBF65F7A7 is not in [RUNNING]: current state is CLOSED
2022-09-20 10:13:17,985 [s1@group-469FBF65F7A7-LeaderElection131] INFO  impl.LeaderElection (LogUtils.java:infoOrTrace(137)) - s1@group-469FBF65F7A7-LeaderElection131 got exception when requesting votes: java.util.concurrent.ExecutionException: org.apache.ratis.thirdparty.io.grpc.StatusRuntimeException: INTERNAL: s0@group-469FBF65F7A7 is not in [RUNNING]: current state is CLOSED
2022-09-20 10:13:17,986 [grpc-default-executor-0] INFO  server.RaftServer$Division (RaftServerImpl.java:requestVote(1281)) - s2@group-469FBF65F7A7: receive requestVote(PRE_VOTE, s1, group-469FBF65F7A7, 2, (t:2, i:134))
2022-09-20 10:13:17,986 [grpc-default-executor-0] WARN  server.GrpcServerProtocolService (LogUtils.java:warn(122)) - s2: Failed requestVote s1->s2#0: org.apache.ratis.protocol.exceptions.ServerNotReadyException: s2@group-469FBF65F7A7 is not in [RUNNING]: current state is CLOSED
2022-09-20 10:13:17,987 [s1@group-469FBF65F7A7-LeaderElection131] INFO  impl.LeaderElection (LogUtils.java:infoOrTrace(137)) - s1@group-469FBF65F7A7-LeaderElection131 got exception when requesting votes: java.util.concurrent.ExecutionException: org.apache.ratis.thirdparty.io.grpc.StatusRuntimeException: INTERNAL: s2@group-469FBF65F7A7 is not in [RUNNING]: current state is CLOSED
2022-09-20 10:13:17,987 [s1@group-469FBF65F7A7-LeaderElection131] INFO  impl.LeaderElection (LeaderElection.java:logAndReturn(89)) - s1@group-469FBF65F7A7-LeaderElection131: PRE_VOTE REJECTED received 0 response(s) and 2 exception(s):
2022-09-20 10:13:17,987 [s1@group-469FBF65F7A7-LeaderElection131] INFO  impl.LeaderElection (LogUtils.java:infoOrTrace(137)) -   Exception 0: java.util.concurrent.ExecutionException: org.apache.ratis.thirdparty.io.grpc.StatusRuntimeException: INTERNAL: s0@group-469FBF65F7A7 is not in [RUNNING]: current state is CLOSED
2022-09-20 10:13:17,987 [s1@group-469FBF65F7A7-LeaderElection131] INFO  impl.LeaderElection (LogUtils.java:infoOrTrace(137)) -   Exception 1: java.util.concurrent.ExecutionException: org.apache.ratis.thirdparty.io.grpc.StatusRuntimeException: INTERNAL: s2@group-469FBF65F7A7 is not in [RUNNING]: current state is CLOSED
2022-09-20 10:13:17,987 [s1@group-469FBF65F7A7-LeaderElection131] INFO  impl.LeaderElection (LeaderElection.java:askForVotes(310)) - s1@group-469FBF65F7A7-LeaderElection131 PRE_VOTE round 0: result REJECTED
2022-09-20 10:13:17,987 [s1@group-469FBF65F7A7-LeaderElection131] INFO  server.RaftServer$Division (RaftServerImpl.java:setRole(317)) - s1@group-469FBF65F7A7: changes role from CANDIDATE to FOLLOWER at term 2 for REJECTED
2022-09-20 10:13:17,987 [s1@group-469FBF65F7A7-LeaderElection131] INFO  impl.RoleInfo (RoleInfo.java:shutdownLeaderElection(130)) - s1: shutdown s1@group-469FBF65F7A7-LeaderElection131
2022-09-20 10:13:17,987 [s1@group-469FBF65F7A7-LeaderElection131] INFO  impl.RoleInfo (RoleInfo.java:updateAndGet(139)) - s1: start s1@group-469FBF65F7A7-FollowerState
2022-09-20 10:13:18,192 [null-request--thread1] INFO  server.GrpcClientProtocolService (GrpcClientProtocolService.java:lambda$processClientRequest$0(284)) - Failed RaftClientRequest:client-76B04C62A16F->s1@group-469FBF65F7A7, cid=451, seq=0, RW, Message:6d3635, reply=RaftClientReply:client-76B04C62A16F->s1@group-469FBF65F7A7, cid=451, FAILED org.apache.ratis.protocol.exceptions.NotLeaderException: Server s1@group-469FBF65F7A7 is not the leader, logIndex=0, commits[s1:c133, s0:c130, s2:c133]
2022-09-20 10:13:18,230 [s1@group-469FBF65F7A7-FollowerState] INFO  impl.FollowerState (FollowerState.java:run(141)) - s1@group-469FBF65F7A7-FollowerState: change to CANDIDATE, lastRpcElapsedTime:242743322ns, electionTimeout:242ms
2022-09-20 10:13:18,230 [s1@group-469FBF65F7A7-FollowerState] INFO  impl.RoleInfo (RoleInfo.java:shutdownFollowerState(110)) - s1: shutdown s1@group-469FBF65F7A7-FollowerState
2022-09-20 10:13:18,230 [s1@group-469FBF65F7A7-FollowerState] INFO  server.RaftServer$Division (RaftServerImpl.java:setRole(317)) - s1@group-469FBF65F7A7: changes role from  FOLLOWER to CANDIDATE at term 2 for changeToCandidate
2022-09-20 10:13:18,230 [s1@group-469FBF65F7A7-FollowerState] INFO  server.RaftServerConfigKeys (ConfUtils.java:logGet(46)) - raft.server.leaderelection.pre-vote = true (default)
2022-09-20 10:13:18,230 [s1@group-469FBF65F7A7-FollowerState] INFO  impl.RoleInfo (RoleInfo.java:updateAndGet(139)) - s1: start s1@group-469FBF65F7A7-LeaderElection132
2022-09-20 10:13:18,230 [s1@group-469FBF65F7A7-LeaderElection132] INFO  impl.LeaderElection (LeaderElection.java:askForVotes(308)) - s1@group-469FBF65F7A7-LeaderElection132 PRE_VOTE round 0: submit vote requests at term 2 for 133: peers:[s0|rpc:localhost:39281|admin:localhost:38455|client:localhost:36053|dataStream:localhost:45769|priority:0|startupRole:FOLLOWER, s1|rpc:localhost:46849|admin:localhost:41515|client:localhost:39119|dataStream:localhost:41703|priority:0|startupRole:FOLLOWER, s2|rpc:localhost:35167|admin:localhost:44965|client:localhost:40979|dataStream:localhost:34151|priority:0|startupRole:FOLLOWER]|listeners:[], old=null
2022-09-20 10:13:18,232 [grpc-default-executor-5] INFO  server.RaftServer$Division (RaftServerImpl.java:requestVote(1281)) - s0@group-469FBF65F7A7: receive requestVote(PRE_VOTE, s1, group-469FBF65F7A7, 2, (t:2, i:134))
2022-09-20 10:13:18,232 [grpc-default-executor-5] WARN  server.GrpcServerProtocolService (LogUtils.java:warn(122)) - s0: Failed requestVote s1->s0#0: org.apache.ratis.protocol.exceptions.ServerNotReadyException: s0@group-469FBF65F7A7 is not in [RUNNING]: current state is CLOSED
2022-09-20 10:13:18,232 [s1@group-469FBF65F7A7-LeaderElection132] INFO  impl.LeaderElection (LogUtils.java:infoOrTrace(137)) - s1@group-469FBF65F7A7-LeaderElection132 got exception when requesting votes: java.util.concurrent.ExecutionException: org.apache.ratis.thirdparty.io.grpc.StatusRuntimeException: INTERNAL: s0@group-469FBF65F7A7 is not in [RUNNING]: current state is CLOSED
2022-09-20 10:13:18,233 [grpc-default-executor-5] INFO  server.RaftServer$Division (RaftServerImpl.java:requestVote(1281)) - s2@group-469FBF65F7A7: receive requestVote(PRE_VOTE, s1, group-469FBF65F7A7, 2, (t:2, i:134))
2022-09-20 10:13:18,233 [grpc-default-executor-5] WARN  server.GrpcServerProtocolService (LogUtils.java:warn(122)) - s2: Failed requestVote s1->s2#0: org.apache.ratis.protocol.exceptions.ServerNotReadyException: s2@group-469FBF65F7A7 is not in [RUNNING]: current state is CLOSED
2022-09-20 10:13:18,233 [s1@group-469FBF65F7A7-LeaderElection132] INFO  impl.LeaderElection (LogUtils.java:infoOrTrace(137)) - s1@group-469FBF65F7A7-LeaderElection132 got exception when requesting votes: java.util.concurrent.ExecutionException: org.apache.ratis.thirdparty.io.grpc.StatusRuntimeException: INTERNAL: s2@group-469FBF65F7A7 is not in [RUNNING]: current state is CLOSED
2022-09-20 10:13:18,233 [s1@group-469FBF65F7A7-LeaderElection132] INFO  impl.LeaderElection (LeaderElection.java:logAndReturn(89)) - s1@group-469FBF65F7A7-LeaderElection132: PRE_VOTE REJECTED received 0 response(s) and 2 exception(s):
2022-09-20 10:13:18,233 [s1@group-469FBF65F7A7-LeaderElection132] INFO  impl.LeaderElection (LogUtils.java:infoOrTrace(137)) -   Exception 0: java.util.concurrent.ExecutionException: org.apache.ratis.thirdparty.io.grpc.StatusRuntimeException: INTERNAL: s0@group-469FBF65F7A7 is not in [RUNNING]: current state is CLOSED
2022-09-20 10:13:18,233 [s1@group-469FBF65F7A7-LeaderElection132] INFO  impl.LeaderElection (LogUtils.java:infoOrTrace(137)) -   Exception 1: java.util.concurrent.ExecutionException: org.apache.ratis.thirdparty.io.grpc.StatusRuntimeException: INTERNAL: s2@group-469FBF65F7A7 is not in [RUNNING]: current state is CLOSED
2022-09-20 10:13:18,233 [s1@group-469FBF65F7A7-LeaderElection132] INFO  impl.LeaderElection (LeaderElection.java:askForVotes(310)) - s1@group-469FBF65F7A7-LeaderElection132 PRE_VOTE round 0: result REJECTED
2022-09-20 10:13:18,234 [s1@group-469FBF65F7A7-LeaderElection132] INFO  server.RaftServer$Division (RaftServerImpl.java:setRole(317)) - s1@group-469FBF65F7A7: changes role from CANDIDATE to FOLLOWER at term 2 for REJECTED
2022-09-20 10:13:18,234 [s1@group-469FBF65F7A7-LeaderElection132] INFO  impl.RoleInfo (RoleInfo.java:shutdownLeaderElection(130)) - s1: shutdown s1@group-469FBF65F7A7-LeaderElection132
2022-09-20 10:13:18,234 [s1@group-469FBF65F7A7-LeaderElection132] INFO  impl.RoleInfo (RoleInfo.java:updateAndGet(139)) - s1: start s1@group-469FBF65F7A7-FollowerState
2022-09-20 10:13:18,445 [s1@group-469FBF65F7A7-FollowerState] INFO  impl.FollowerState (FollowerState.java:run(141)) - s1@group-469FBF65F7A7-FollowerState: change to CANDIDATE, lastRpcElapsedTime:211212147ns, electionTimeout:210ms
2022-09-20 10:13:18,445 [s1@group-469FBF65F7A7-FollowerState] INFO  impl.RoleInfo (RoleInfo.java:shutdownFollowerState(110)) - s1: shutdown s1@group-469FBF65F7A7-FollowerState
2022-09-20 10:13:18,445 [s1@group-469FBF65F7A7-FollowerState] INFO  server.RaftServer$Division (RaftServerImpl.java:setRole(317)) - s1@group-469FBF65F7A7: changes role from  FOLLOWER to CANDIDATE at term 2 for changeToCandidate
2022-09-20 10:13:18,445 [s1@group-469FBF65F7A7-FollowerState] INFO  server.RaftServerConfigKeys (ConfUtils.java:logGet(46)) - raft.server.leaderelection.pre-vote = true (default)
2022-09-20 10:13:18,445 [s1@group-469FBF65F7A7-FollowerState] INFO  impl.RoleInfo (RoleInfo.java:updateAndGet(139)) - s1: start s1@group-469FBF65F7A7-LeaderElection133
2022-09-20 10:13:18,445 [s1@group-469FBF65F7A7-LeaderElection133] INFO  impl.LeaderElection (LeaderElection.java:askForVotes(308)) - s1@group-469FBF65F7A7-LeaderElection133 PRE_VOTE round 0: submit vote requests at term 2 for 133: peers:[s0|rpc:localhost:39281|admin:localhost:38455|client:localhost:36053|dataStream:localhost:45769|priority:0|startupRole:FOLLOWER, s1|rpc:localhost:46849|admin:localhost:41515|client:localhost:39119|dataStream:localhost:41703|priority:0|startupRole:FOLLOWER, s2|rpc:localhost:35167|admin:localhost:44965|client:localhost:40979|dataStream:localhost:34151|priority:0|startupRole:FOLLOWER]|listeners:[], old=null
2022-09-20 10:13:18,447 [grpc-default-executor-8] INFO  server.RaftServer$Division (RaftServerImpl.java:requestVote(1281)) - s0@group-469FBF65F7A7: receive requestVote(PRE_VOTE, s1, group-469FBF65F7A7, 2, (t:2, i:134))
2022-09-20 10:13:18,447 [grpc-default-executor-8] WARN  server.GrpcServerProtocolService (LogUtils.java:warn(122)) - s0: Failed requestVote s1->s0#0: org.apache.ratis.protocol.exceptions.ServerNotReadyException: s0@group-469FBF65F7A7 is not in [RUNNING]: current state is CLOSED
2022-09-20 10:13:18,448 [s1@group-469FBF65F7A7-LeaderElection133] INFO  impl.LeaderElection (LogUtils.java:infoOrTrace(137)) - s1@group-469FBF65F7A7-LeaderElection133 got exception when requesting votes: java.util.concurrent.ExecutionException: org.apache.ratis.thirdparty.io.grpc.StatusRuntimeException: INTERNAL: s0@group-469FBF65F7A7 is not in [RUNNING]: current state is CLOSED
2022-09-20 10:13:18,449 [grpc-default-executor-8] INFO  server.RaftServer$Division (RaftServerImpl.java:requestVote(1281)) - s2@group-469FBF65F7A7: receive requestVote(PRE_VOTE, s1, group-469FBF65F7A7, 2, (t:2, i:134))
2022-09-20 10:13:18,449 [grpc-default-executor-8] WARN  server.GrpcServerProtocolService (LogUtils.java:warn(122)) - s2: Failed requestVote s1->s2#0: org.apache.ratis.protocol.exceptions.ServerNotReadyException: s2@group-469FBF65F7A7 is not in [RUNNING]: current state is CLOSED
2022-09-20 10:13:18,450 [s1@group-469FBF65F7A7-LeaderElection133] INFO  impl.LeaderElection (LogUtils.java:infoOrTrace(137)) - s1@group-469FBF65F7A7-LeaderElection133 got exception when requesting votes: java.util.concurrent.ExecutionException: org.apache.ratis.thirdparty.io.grpc.StatusRuntimeException: INTERNAL: s2@group-469FBF65F7A7 is not in [RUNNING]: current state is CLOSED
2022-09-20 10:13:18,450 [s1@group-469FBF65F7A7-LeaderElection133] INFO  impl.LeaderElection (LeaderElection.java:logAndReturn(89)) - s1@group-469FBF65F7A7-LeaderElection133: PRE_VOTE REJECTED received 0 response(s) and 2 exception(s):
2022-09-20 10:13:18,450 [s1@group-469FBF65F7A7-LeaderElection133] INFO  impl.LeaderElection (LogUtils.java:infoOrTrace(137)) -   Exception 0: java.util.concurrent.ExecutionException: org.apache.ratis.thirdparty.io.grpc.StatusRuntimeException: INTERNAL: s0@group-469FBF65F7A7 is not in [RUNNING]: current state is CLOSED
2022-09-20 10:13:18,450 [s1@group-469FBF65F7A7-LeaderElection133] INFO  impl.LeaderElection (LogUtils.java:infoOrTrace(137)) -   Exception 1: java.util.concurrent.ExecutionException: org.apache.ratis.thirdparty.io.grpc.StatusRuntimeException: INTERNAL: s2@group-469FBF65F7A7 is not in [RUNNING]: current state is CLOSED
2022-09-20 10:13:18,450 [s1@group-469FBF65F7A7-LeaderElection133] INFO  impl.LeaderElection (LeaderElection.java:askForVotes(310)) - s1@group-469FBF65F7A7-LeaderElection133 PRE_VOTE round 0: result REJECTED
2022-09-20 10:13:18,450 [s1@group-469FBF65F7A7-LeaderElection133] INFO  server.RaftServer$Division (RaftServerImpl.java:setRole(317)) - s1@group-469FBF65F7A7: changes role from CANDIDATE to FOLLOWER at term 2 for REJECTED
2022-09-20 10:13:18,450 [s1@group-469FBF65F7A7-LeaderElection133] INFO  impl.RoleInfo (RoleInfo.java:shutdownLeaderElection(130)) - s1: shutdown s1@group-469FBF65F7A7-LeaderElection133
2022-09-20 10:13:18,450 [s1@group-469FBF65F7A7-LeaderElection133] INFO  impl.RoleInfo (RoleInfo.java:updateAndGet(139)) - s1: start s1@group-469FBF65F7A7-FollowerState
2022-09-20 10:13:18,506 [null-request--thread1] INFO  server.GrpcClientProtocolService (GrpcClientProtocolService.java:lambda$processClientRequest$0(284)) - Failed RaftClientRequest:client-76B04C62A16F->s1@group-469FBF65F7A7, cid=451, seq=0, RW, Message:6d3635, reply=RaftClientReply:client-76B04C62A16F->s1@group-469FBF65F7A7, cid=451, FAILED org.apache.ratis.protocol.exceptions.NotLeaderException: Server s1@group-469FBF65F7A7 is not the leader, logIndex=0, commits[s1:c133, s0:c130, s2:c133]
2022-09-20 10:13:18,671 [s1@group-469FBF65F7A7-FollowerState] INFO  impl.FollowerState (FollowerState.java:run(141)) - s1@group-469FBF65F7A7-FollowerState: change to CANDIDATE, lastRpcElapsedTime:221343432ns, electionTimeout:221ms
2022-09-20 10:13:18,671 [s1@group-469FBF65F7A7-FollowerState] INFO  impl.RoleInfo (RoleInfo.java:shutdownFollowerState(110)) - s1: shutdown s1@group-469FBF65F7A7-FollowerState
2022-09-20 10:13:18,672 [s1@group-469FBF65F7A7-FollowerState] INFO  server.RaftServer$Division (RaftServerImpl.java:setRole(317)) - s1@group-469FBF65F7A7: changes role from  FOLLOWER to CANDIDATE at term 2 for changeToCandidate
2022-09-20 10:13:18,672 [s1@group-469FBF65F7A7-FollowerState] INFO  server.RaftServerConfigKeys (ConfUtils.java:logGet(46)) - raft.server.leaderelection.pre-vote = true (default)
2022-09-20 10:13:18,672 [s1@group-469FBF65F7A7-FollowerState] INFO  impl.RoleInfo (RoleInfo.java:updateAndGet(139)) - s1: start s1@group-469FBF65F7A7-LeaderElection134
2022-09-20 10:13:18,672 [s1@group-469FBF65F7A7-LeaderElection134] INFO  impl.LeaderElection (LeaderElection.java:askForVotes(308)) - s1@group-469FBF65F7A7-LeaderElection134 PRE_VOTE round 0: submit vote requests at term 2 for 133: peers:[s0|rpc:localhost:39281|admin:localhost:38455|client:localhost:36053|dataStream:localhost:45769|priority:0|startupRole:FOLLOWER, s1|rpc:localhost:46849|admin:localhost:41515|client:localhost:39119|dataStream:localhost:41703|priority:0|startupRole:FOLLOWER, s2|rpc:localhost:35167|admin:localhost:44965|client:localhost:40979|dataStream:localhost:34151|priority:0|startupRole:FOLLOWER]|listeners:[], old=null
2022-09-20 10:13:18,673 [grpc-default-executor-0] INFO  server.RaftServer$Division (RaftServerImpl.java:requestVote(1281)) - s2@group-469FBF65F7A7: receive requestVote(PRE_VOTE, s1, group-469FBF65F7A7, 2, (t:2, i:134))
2022-09-20 10:13:18,673 [grpc-default-executor-0] WARN  server.GrpcServerProtocolService (LogUtils.java:warn(122)) - s2: Failed requestVote s1->s2#0: org.apache.ratis.protocol.exceptions.ServerNotReadyException: s2@group-469FBF65F7A7 is not in [RUNNING]: current state is CLOSED
2022-09-20 10:13:18,673 [grpc-default-executor-5] INFO  server.RaftServer$Division (RaftServerImpl.java:requestVote(1281)) - s0@group-469FBF65F7A7: receive requestVote(PRE_VOTE, s1, group-469FBF65F7A7, 2, (t:2, i:134))
2022-09-20 10:13:18,674 [grpc-default-executor-5] WARN  server.GrpcServerProtocolService (LogUtils.java:warn(122)) - s0: Failed requestVote s1->s0#0: org.apache.ratis.protocol.exceptions.ServerNotReadyException: s0@group-469FBF65F7A7 is not in [RUNNING]: current state is CLOSED
2022-09-20 10:13:18,674 [s1@group-469FBF65F7A7-LeaderElection134] INFO  impl.LeaderElection (LogUtils.java:infoOrTrace(137)) - s1@group-469FBF65F7A7-LeaderElection134 got exception when requesting votes: java.util.concurrent.ExecutionException: org.apache.ratis.thirdparty.io.grpc.StatusRuntimeException: INTERNAL: s2@group-469FBF65F7A7 is not in [RUNNING]: current state is CLOSED
2022-09-20 10:13:18,674 [s1@group-469FBF65F7A7-LeaderElection134] INFO  impl.LeaderElection (LogUtils.java:infoOrTrace(137)) - s1@group-469FBF65F7A7-LeaderElection134 got exception when requesting votes: java.util.concurrent.ExecutionException: org.apache.ratis.thirdparty.io.grpc.StatusRuntimeException: INTERNAL: s0@group-469FBF65F7A7 is not in [RUNNING]: current state is CLOSED
2022-09-20 10:13:18,674 [s1@group-469FBF65F7A7-LeaderElection134] INFO  impl.LeaderElection (LeaderElection.java:logAndReturn(89)) - s1@group-469FBF65F7A7-LeaderElection134: PRE_VOTE REJECTED received 0 response(s) and 2 exception(s):
2022-09-20 10:13:18,674 [s1@group-469FBF65F7A7-LeaderElection134] INFO  impl.LeaderElection (LogUtils.java:infoOrTrace(137)) -   Exception 0: java.util.concurrent.ExecutionException: org.apache.ratis.thirdparty.io.grpc.StatusRuntimeException: INTERNAL: s2@group-469FBF65F7A7 is not in [RUNNING]: current state is CLOSED
2022-09-20 10:13:18,674 [s1@group-469FBF65F7A7-LeaderElection134] INFO  impl.LeaderElection (LogUtils.java:infoOrTrace(137)) -   Exception 1: java.util.concurrent.ExecutionException: org.apache.ratis.thirdparty.io.grpc.StatusRuntimeException: INTERNAL: s0@group-469FBF65F7A7 is not in [RUNNING]: current state is CLOSED
2022-09-20 10:13:18,674 [s1@group-469FBF65F7A7-LeaderElection134] INFO  impl.LeaderElection (LeaderElection.java:askForVotes(310)) - s1@group-469FBF65F7A7-LeaderElection134 PRE_VOTE round 0: result REJECTED
2022-09-20 10:13:18,674 [s1@group-469FBF65F7A7-LeaderElection134] INFO  server.RaftServer$Division (RaftServerImpl.java:setRole(317)) - s1@group-469FBF65F7A7: changes role from CANDIDATE to FOLLOWER at term 2 for REJECTED
2022-09-20 10:13:18,674 [s1@group-469FBF65F7A7-LeaderElection134] INFO  impl.RoleInfo (RoleInfo.java:shutdownLeaderElection(130)) - s1: shutdown s1@group-469FBF65F7A7-LeaderElection134
2022-09-20 10:13:18,674 [s1@group-469FBF65F7A7-LeaderElection134] INFO  impl.RoleInfo (RoleInfo.java:updateAndGet(139)) - s1: start s1@group-469FBF65F7A7-FollowerState
2022-09-20 10:13:18,715 [null-request--thread1] INFO  server.GrpcClientProtocolService (GrpcClientProtocolService.java:lambda$processClientRequest$0(284)) - Failed RaftClientRequest:client-76B04C62A16F->s1@group-469FBF65F7A7, cid=451, seq=0, RW, Message:6d3635, reply=RaftClientReply:client-76B04C62A16F->s1@group-469FBF65F7A7, cid=451, FAILED org.apache.ratis.protocol.exceptions.NotLeaderException: Server s1@group-469FBF65F7A7 is not the leader, logIndex=0, commits[s1:c133, s0:c130, s2:c133]
2022-09-20 10:13:18,948 [s1@group-469FBF65F7A7-FollowerState] INFO  impl.FollowerState (FollowerState.java:run(141)) - s1@group-469FBF65F7A7-FollowerState: change to CANDIDATE, lastRpcElapsedTime:274382498ns, electionTimeout:274ms
2022-09-20 10:13:18,949 [s1@group-469FBF65F7A7-FollowerState] INFO  impl.RoleInfo (RoleInfo.java:shutdownFollowerState(110)) - s1: shutdown s1@group-469FBF65F7A7-FollowerState
2022-09-20 10:13:18,949 [s1@group-469FBF65F7A7-FollowerState] INFO  server.RaftServer$Division (RaftServerImpl.java:setRole(317)) - s1@group-469FBF65F7A7: changes role from  FOLLOWER to CANDIDATE at term 2 for changeToCandidate
2022-09-20 10:13:18,949 [s1@group-469FBF65F7A7-FollowerState] INFO  server.RaftServerConfigKeys (ConfUtils.java:logGet(46)) - raft.server.leaderelection.pre-vote = true (default)
2022-09-20 10:13:18,949 [s1@group-469FBF65F7A7-FollowerState] INFO  impl.RoleInfo (RoleInfo.java:updateAndGet(139)) - s1: start s1@group-469FBF65F7A7-LeaderElection135
2022-09-20 10:13:18,949 [s1@group-469FBF65F7A7-LeaderElection135] INFO  impl.LeaderElection (LeaderElection.java:askForVotes(308)) - s1@group-469FBF65F7A7-LeaderElection135 PRE_VOTE round 0: submit vote requests at term 2 for 133: peers:[s0|rpc:localhost:39281|admin:localhost:38455|client:localhost:36053|dataStream:localhost:45769|priority:0|startupRole:FOLLOWER, s1|rpc:localhost:46849|admin:localhost:41515|client:localhost:39119|dataStream:localhost:41703|priority:0|startupRole:FOLLOWER, s2|rpc:localhost:35167|admin:localhost:44965|client:localhost:40979|dataStream:localhost:34151|priority:0|startupRole:FOLLOWER]|listeners:[], old=null
2022-09-20 10:13:18,950 [grpc-default-executor-0] INFO  server.RaftServer$Division (RaftServerImpl.java:requestVote(1281)) - s0@group-469FBF65F7A7: receive requestVote(PRE_VOTE, s1, group-469FBF65F7A7, 2, (t:2, i:134))
2022-09-20 10:13:18,950 [grpc-default-executor-0] WARN  server.GrpcServerProtocolService (LogUtils.java:warn(122)) - s0: Failed requestVote s1->s0#0: org.apache.ratis.protocol.exceptions.ServerNotReadyException: s0@group-469FBF65F7A7 is not in [RUNNING]: current state is CLOSED
2022-09-20 10:13:18,951 [grpc-default-executor-8] INFO  server.RaftServer$Division (RaftServerImpl.java:requestVote(1281)) - s2@group-469FBF65F7A7: receive requestVote(PRE_VOTE, s1, group-469FBF65F7A7, 2, (t:2, i:134))
2022-09-20 10:13:18,951 [grpc-default-executor-8] WARN  server.GrpcServerProtocolService (LogUtils.java:warn(122)) - s2: Failed requestVote s1->s2#0: org.apache.ratis.protocol.exceptions.ServerNotReadyException: s2@group-469FBF65F7A7 is not in [RUNNING]: current state is CLOSED
2022-09-20 10:13:18,951 [s1@group-469FBF65F7A7-LeaderElection135] INFO  impl.LeaderElection (LogUtils.java:infoOrTrace(137)) - s1@group-469FBF65F7A7-LeaderElection135 got exception when requesting votes: java.util.concurrent.ExecutionException: org.apache.ratis.thirdparty.io.grpc.StatusRuntimeException: INTERNAL: s2@group-469FBF65F7A7 is not in [RUNNING]: current state is CLOSED
2022-09-20 10:13:18,951 [s1@group-469FBF65F7A7-LeaderElection135] INFO  impl.LeaderElection (LogUtils.java:infoOrTrace(137)) - s1@group-469FBF65F7A7-LeaderElection135 got exception when requesting votes: java.util.concurrent.ExecutionException: org.apache.ratis.thirdparty.io.grpc.StatusRuntimeException: INTERNAL: s0@group-469FBF65F7A7 is not in [RUNNING]: current state is CLOSED
2022-09-20 10:13:18,951 [s1@group-469FBF65F7A7-LeaderElection135] INFO  impl.LeaderElection (LeaderElection.java:logAndReturn(89)) - s1@group-469FBF65F7A7-LeaderElection135: PRE_VOTE REJECTED received 0 response(s) and 2 exception(s):
2022-09-20 10:13:18,951 [s1@group-469FBF65F7A7-LeaderElection135] INFO  impl.LeaderElection (LogUtils.java:infoOrTrace(137)) -   Exception 0: java.util.concurrent.ExecutionException: org.apache.ratis.thirdparty.io.grpc.StatusRuntimeException: INTERNAL: s2@group-469FBF65F7A7 is not in [RUNNING]: current state is CLOSED
2022-09-20 10:13:18,951 [s1@group-469FBF65F7A7-LeaderElection135] INFO  impl.LeaderElection (LogUtils.java:infoOrTrace(137)) -   Exception 1: java.util.concurrent.ExecutionException: org.apache.ratis.thirdparty.io.grpc.StatusRuntimeException: INTERNAL: s0@group-469FBF65F7A7 is not in [RUNNING]: current state is CLOSED
2022-09-20 10:13:18,951 [s1@group-469FBF65F7A7-LeaderElection135] INFO  impl.LeaderElection (LeaderElection.java:askForVotes(310)) - s1@group-469FBF65F7A7-LeaderElection135 PRE_VOTE round 0: result REJECTED
2022-09-20 10:13:18,951 [s1@group-469FBF65F7A7-LeaderElection135] INFO  server.RaftServer$Division (RaftServerImpl.java:setRole(317)) - s1@group-469FBF65F7A7: changes role from CANDIDATE to FOLLOWER at term 2 for REJECTED
2022-09-20 10:13:18,951 [s1@group-469FBF65F7A7-LeaderElection135] INFO  impl.RoleInfo (RoleInfo.java:shutdownLeaderElection(130)) - s1: shutdown s1@group-469FBF65F7A7-LeaderElection135
2022-09-20 10:13:18,952 [s1@group-469FBF65F7A7-LeaderElection135] INFO  impl.RoleInfo (RoleInfo.java:updateAndGet(139)) - s1: start s1@group-469FBF65F7A7-FollowerState
2022-09-20 10:13:19,030 [null-request--thread1] INFO  server.GrpcClientProtocolService (GrpcClientProtocolService.java:lambda$processClientRequest$0(284)) - Failed RaftClientRequest:client-76B04C62A16F->s1@group-469FBF65F7A7, cid=451, seq=0, RW, Message:6d3635, reply=RaftClientReply:client-76B04C62A16F->s1@group-469FBF65F7A7, cid=451, FAILED org.apache.ratis.protocol.exceptions.NotLeaderException: Server s1@group-469FBF65F7A7 is not the leader, logIndex=0, commits[s1:c133, s0:c130, s2:c133]
2022-09-20 10:13:19,228 [s1@group-469FBF65F7A7-FollowerState] INFO  impl.FollowerState (FollowerState.java:run(141)) - s1@group-469FBF65F7A7-FollowerState: change to CANDIDATE, lastRpcElapsedTime:276562038ns, electionTimeout:276ms
2022-09-20 10:13:19,228 [s1@group-469FBF65F7A7-FollowerState] INFO  impl.RoleInfo (RoleInfo.java:shutdownFollowerState(110)) - s1: shutdown s1@group-469FBF65F7A7-FollowerState
2022-09-20 10:13:19,228 [s1@group-469FBF65F7A7-FollowerState] INFO  server.RaftServer$Division (RaftServerImpl.java:setRole(317)) - s1@group-469FBF65F7A7: changes role from  FOLLOWER to CANDIDATE at term 2 for changeToCandidate
2022-09-20 10:13:19,228 [s1@group-469FBF65F7A7-FollowerState] INFO  server.RaftServerConfigKeys (ConfUtils.java:logGet(46)) - raft.server.leaderelection.pre-vote = true (default)
2022-09-20 10:13:19,228 [s1@group-469FBF65F7A7-FollowerState] INFO  impl.RoleInfo (RoleInfo.java:updateAndGet(139)) - s1: start s1@group-469FBF65F7A7-LeaderElection136
2022-09-20 10:13:19,229 [s1@group-469FBF65F7A7-LeaderElection136] INFO  impl.LeaderElection (LeaderElection.java:askForVotes(308)) - s1@group-469FBF65F7A7-LeaderElection136 PRE_VOTE round 0: submit vote requests at term 2 for 133: peers:[s0|rpc:localhost:39281|admin:localhost:38455|client:localhost:36053|dataStream:localhost:45769|priority:0|startupRole:FOLLOWER, s1|rpc:localhost:46849|admin:localhost:41515|client:localhost:39119|dataStream:localhost:41703|priority:0|startupRole:FOLLOWER, s2|rpc:localhost:35167|admin:localhost:44965|client:localhost:40979|dataStream:localhost:34151|priority:0|startupRole:FOLLOWER]|listeners:[], old=null
2022-09-20 10:13:19,230 [grpc-default-executor-0] INFO  server.RaftServer$Division (RaftServerImpl.java:requestVote(1281)) - s0@group-469FBF65F7A7: receive requestVote(PRE_VOTE, s1, group-469FBF65F7A7, 2, (t:2, i:134))
2022-09-20 10:13:19,230 [grpc-default-executor-0] WARN  server.GrpcServerProtocolService (LogUtils.java:warn(122)) - s0: Failed requestVote s1->s0#0: org.apache.ratis.protocol.exceptions.ServerNotReadyException: s0@group-469FBF65F7A7 is not in [RUNNING]: current state is CLOSED
2022-09-20 10:13:19,231 [s1@group-469FBF65F7A7-LeaderElection136] INFO  impl.LeaderElection (LogUtils.java:infoOrTrace(137)) - s1@group-469FBF65F7A7-LeaderElection136 got exception when requesting votes: java.util.concurrent.ExecutionException: org.apache.ratis.thirdparty.io.grpc.StatusRuntimeException: INTERNAL: s0@group-469FBF65F7A7 is not in [RUNNING]: current state is CLOSED
2022-09-20 10:13:19,231 [grpc-default-executor-0] INFO  server.RaftServer$Division (RaftServerImpl.java:requestVote(1281)) - s2@group-469FBF65F7A7: receive requestVote(PRE_VOTE, s1, group-469FBF65F7A7, 2, (t:2, i:134))
2022-09-20 10:13:19,231 [grpc-default-executor-0] WARN  server.GrpcServerProtocolService (LogUtils.java:warn(122)) - s2: Failed requestVote s1->s2#0: org.apache.ratis.protocol.exceptions.ServerNotReadyException: s2@group-469FBF65F7A7 is not in [RUNNING]: current state is CLOSED
2022-09-20 10:13:19,231 [s1@group-469FBF65F7A7-LeaderElection136] INFO  impl.LeaderElection (LogUtils.java:infoOrTrace(137)) - s1@group-469FBF65F7A7-LeaderElection136 got exception when requesting votes: java.util.concurrent.ExecutionException: org.apache.ratis.thirdparty.io.grpc.StatusRuntimeException: INTERNAL: s2@group-469FBF65F7A7 is not in [RUNNING]: current state is CLOSED
2022-09-20 10:13:19,231 [s1@group-469FBF65F7A7-LeaderElection136] INFO  impl.LeaderElection (LeaderElection.java:logAndReturn(89)) - s1@group-469FBF65F7A7-LeaderElection136: PRE_VOTE REJECTED received 0 response(s) and 2 exception(s):
2022-09-20 10:13:19,231 [s1@group-469FBF65F7A7-LeaderElection136] INFO  impl.LeaderElection (LogUtils.java:infoOrTrace(137)) -   Exception 0: java.util.concurrent.ExecutionException: org.apache.ratis.thirdparty.io.grpc.StatusRuntimeException: INTERNAL: s0@group-469FBF65F7A7 is not in [RUNNING]: current state is CLOSED
2022-09-20 10:13:19,232 [s1@group-469FBF65F7A7-LeaderElection136] INFO  impl.LeaderElection (LogUtils.java:infoOrTrace(137)) -   Exception 1: java.util.concurrent.ExecutionException: org.apache.ratis.thirdparty.io.grpc.StatusRuntimeException: INTERNAL: s2@group-469FBF65F7A7 is not in [RUNNING]: current state is CLOSED
2022-09-20 10:13:19,232 [s1@group-469FBF65F7A7-LeaderElection136] INFO  impl.LeaderElection (LeaderElection.java:askForVotes(310)) - s1@group-469FBF65F7A7-LeaderElection136 PRE_VOTE round 0: result REJECTED
2022-09-20 10:13:19,232 [s1@group-469FBF65F7A7-LeaderElection136] INFO  server.RaftServer$Division (RaftServerImpl.java:setRole(317)) - s1@group-469FBF65F7A7: changes role from CANDIDATE to FOLLOWER at term 2 for REJECTED
2022-09-20 10:13:19,232 [s1@group-469FBF65F7A7-LeaderElection136] INFO  impl.RoleInfo (RoleInfo.java:shutdownLeaderElection(130)) - s1: shutdown s1@group-469FBF65F7A7-LeaderElection136
2022-09-20 10:13:19,232 [s1@group-469FBF65F7A7-LeaderElection136] INFO  impl.RoleInfo (RoleInfo.java:updateAndGet(139)) - s1: start s1@group-469FBF65F7A7-FollowerState
2022-09-20 10:13:19,345 [null-request--thread1] INFO  server.GrpcClientProtocolService (GrpcClientProtocolService.java:lambda$processClientRequest$0(284)) - Failed RaftClientRequest:client-76B04C62A16F->s1@group-469FBF65F7A7, cid=451, seq=0, RW, Message:6d3635, reply=RaftClientReply:client-76B04C62A16F->s1@group-469FBF65F7A7, cid=451, FAILED org.apache.ratis.protocol.exceptions.NotLeaderException: Server s1@group-469FBF65F7A7 is not the leader, logIndex=0, commits[s1:c133, s0:c130, s2:c133]
2022-09-20 10:13:19,496 [s1@group-469FBF65F7A7-FollowerState] INFO  impl.FollowerState (FollowerState.java:run(141)) - s1@group-469FBF65F7A7-FollowerState: change to CANDIDATE, lastRpcElapsedTime:263999909ns, electionTimeout:261ms
2022-09-20 10:13:19,496 [s1@group-469FBF65F7A7-FollowerState] INFO  impl.RoleInfo (RoleInfo.java:shutdownFollowerState(110)) - s1: shutdown s1@group-469FBF65F7A7-FollowerState
2022-09-20 10:13:19,496 [s1@group-469FBF65F7A7-FollowerState] INFO  server.RaftServer$Division (RaftServerImpl.java:setRole(317)) - s1@group-469FBF65F7A7: changes role from  FOLLOWER to CANDIDATE at term 2 for changeToCandidate
2022-09-20 10:13:19,496 [s1@group-469FBF65F7A7-FollowerState] INFO  server.RaftServerConfigKeys (ConfUtils.java:logGet(46)) - raft.server.leaderelection.pre-vote = true (default)
2022-09-20 10:13:19,496 [s1@group-469FBF65F7A7-FollowerState] INFO  impl.RoleInfo (RoleInfo.java:updateAndGet(139)) - s1: start s1@group-469FBF65F7A7-LeaderElection137
2022-09-20 10:13:19,496 [s1@group-469FBF65F7A7-LeaderElection137] INFO  impl.LeaderElection (LeaderElection.java:askForVotes(308)) - s1@group-469FBF65F7A7-LeaderElection137 PRE_VOTE round 0: submit vote requests at term 2 for 133: peers:[s0|rpc:localhost:39281|admin:localhost:38455|client:localhost:36053|dataStream:localhost:45769|priority:0|startupRole:FOLLOWER, s1|rpc:localhost:46849|admin:localhost:41515|client:localhost:39119|dataStream:localhost:41703|priority:0|startupRole:FOLLOWER, s2|rpc:localhost:35167|admin:localhost:44965|client:localhost:40979|dataStream:localhost:34151|priority:0|startupRole:FOLLOWER]|listeners:[], old=null
2022-09-20 10:13:19,497 [grpc-default-executor-8] INFO  server.RaftServer$Division (RaftServerImpl.java:requestVote(1281)) - s0@group-469FBF65F7A7: receive requestVote(PRE_VOTE, s1, group-469FBF65F7A7, 2, (t:2, i:134))
2022-09-20 10:13:19,498 [grpc-default-executor-8] WARN  server.GrpcServerProtocolService (LogUtils.java:warn(122)) - s0: Failed requestVote s1->s0#0: org.apache.ratis.protocol.exceptions.ServerNotReadyException: s0@group-469FBF65F7A7 is not in [RUNNING]: current state is CLOSED
2022-09-20 10:13:19,498 [s1@group-469FBF65F7A7-LeaderElection137] INFO  impl.LeaderElection (LogUtils.java:infoOrTrace(137)) - s1@group-469FBF65F7A7-LeaderElection137 got exception when requesting votes: java.util.concurrent.ExecutionException: org.apache.ratis.thirdparty.io.grpc.StatusRuntimeException: INTERNAL: s0@group-469FBF65F7A7 is not in [RUNNING]: current state is CLOSED
2022-09-20 10:13:19,499 [grpc-default-executor-8] INFO  server.RaftServer$Division (RaftServerImpl.java:requestVote(1281)) - s2@group-469FBF65F7A7: receive requestVote(PRE_VOTE, s1, group-469FBF65F7A7, 2, (t:2, i:134))
2022-09-20 10:13:19,499 [grpc-default-executor-8] WARN  server.GrpcServerProtocolService (LogUtils.java:warn(122)) - s2: Failed requestVote s1->s2#0: org.apache.ratis.protocol.exceptions.ServerNotReadyException: s2@group-469FBF65F7A7 is not in [RUNNING]: current state is CLOSED
2022-09-20 10:13:19,499 [s1@group-469FBF65F7A7-LeaderElection137] INFO  impl.LeaderElection (LogUtils.java:infoOrTrace(137)) - s1@group-469FBF65F7A7-LeaderElection137 got exception when requesting votes: java.util.concurrent.ExecutionException: org.apache.ratis.thirdparty.io.grpc.StatusRuntimeException: INTERNAL: s2@group-469FBF65F7A7 is not in [RUNNING]: current state is CLOSED
2022-09-20 10:13:19,499 [s1@group-469FBF65F7A7-LeaderElection137] INFO  impl.LeaderElection (LeaderElection.java:logAndReturn(89)) - s1@group-469FBF65F7A7-LeaderElection137: PRE_VOTE REJECTED received 0 response(s) and 2 exception(s):
2022-09-20 10:13:19,499 [s1@group-469FBF65F7A7-LeaderElection137] INFO  impl.LeaderElection (LogUtils.java:infoOrTrace(137)) -   Exception 0: java.util.concurrent.ExecutionException: org.apache.ratis.thirdparty.io.grpc.StatusRuntimeException: INTERNAL: s0@group-469FBF65F7A7 is not in [RUNNING]: current state is CLOSED
2022-09-20 10:13:19,499 [s1@group-469FBF65F7A7-LeaderElection137] INFO  impl.LeaderElection (LogUtils.java:infoOrTrace(137)) -   Exception 1: java.util.concurrent.ExecutionException: org.apache.ratis.thirdparty.io.grpc.StatusRuntimeException: INTERNAL: s2@group-469FBF65F7A7 is not in [RUNNING]: current state is CLOSED
2022-09-20 10:13:19,499 [s1@group-469FBF65F7A7-LeaderElection137] INFO  impl.LeaderElection (LeaderElection.java:askForVotes(310)) - s1@group-469FBF65F7A7-LeaderElection137 PRE_VOTE round 0: result REJECTED
2022-09-20 10:13:19,500 [s1@group-469FBF65F7A7-LeaderElection137] INFO  server.RaftServer$Division (RaftServerImpl.java:setRole(317)) - s1@group-469FBF65F7A7: changes role from CANDIDATE to FOLLOWER at term 2 for REJECTED
2022-09-20 10:13:19,500 [s1@group-469FBF65F7A7-LeaderElection137] INFO  impl.RoleInfo (RoleInfo.java:shutdownLeaderElection(130)) - s1: shutdown s1@group-469FBF65F7A7-LeaderElection137
2022-09-20 10:13:19,500 [s1@group-469FBF65F7A7-LeaderElection137] INFO  impl.RoleInfo (RoleInfo.java:updateAndGet(139)) - s1: start s1@group-469FBF65F7A7-FollowerState
2022-09-20 10:13:19,659 [null-request--thread1] INFO  server.GrpcClientProtocolService (GrpcClientProtocolService.java:lambda$processClientRequest$0(284)) - Failed RaftClientRequest:client-76B04C62A16F->s1@group-469FBF65F7A7, cid=451, seq=0, RW, Message:6d3635, reply=RaftClientReply:client-76B04C62A16F->s1@group-469FBF65F7A7, cid=451, FAILED org.apache.ratis.protocol.exceptions.NotLeaderException: Server s1@group-469FBF65F7A7 is not the leader, logIndex=0, commits[s1:c133, s0:c130, s2:c133]
2022-09-20 10:13:19,800 [s1@group-469FBF65F7A7-FollowerState] INFO  impl.FollowerState (FollowerState.java:run(141)) - s1@group-469FBF65F7A7-FollowerState: change to CANDIDATE, lastRpcElapsedTime:300052166ns, electionTimeout:299ms
2022-09-20 10:13:19,800 [s1@group-469FBF65F7A7-FollowerState] INFO  impl.RoleInfo (RoleInfo.java:shutdownFollowerState(110)) - s1: shutdown s1@group-469FBF65F7A7-FollowerState
2022-09-20 10:13:19,800 [s1@group-469FBF65F7A7-FollowerState] INFO  server.RaftServer$Division (RaftServerImpl.java:setRole(317)) - s1@group-469FBF65F7A7: changes role from  FOLLOWER to CANDIDATE at term 2 for changeToCandidate
2022-09-20 10:13:19,800 [s1@group-469FBF65F7A7-FollowerState] INFO  server.RaftServerConfigKeys (ConfUtils.java:logGet(46)) - raft.server.leaderelection.pre-vote = true (default)
2022-09-20 10:13:19,800 [s1@group-469FBF65F7A7-FollowerState] INFO  impl.RoleInfo (RoleInfo.java:updateAndGet(139)) - s1: start s1@group-469FBF65F7A7-LeaderElection138
2022-09-20 10:13:19,800 [s1@group-469FBF65F7A7-LeaderElection138] INFO  impl.LeaderElection (LeaderElection.java:askForVotes(308)) - s1@group-469FBF65F7A7-LeaderElection138 PRE_VOTE round 0: submit vote requests at term 2 for 133: peers:[s0|rpc:localhost:39281|admin:localhost:38455|client:localhost:36053|dataStream:localhost:45769|priority:0|startupRole:FOLLOWER, s1|rpc:localhost:46849|admin:localhost:41515|client:localhost:39119|dataStream:localhost:41703|priority:0|startupRole:FOLLOWER, s2|rpc:localhost:35167|admin:localhost:44965|client:localhost:40979|dataStream:localhost:34151|priority:0|startupRole:FOLLOWER]|listeners:[], old=null
2022-09-20 10:13:19,801 [grpc-default-executor-0] INFO  server.RaftServer$Division (RaftServerImpl.java:requestVote(1281)) - s2@group-469FBF65F7A7: receive requestVote(PRE_VOTE, s1, group-469FBF65F7A7, 2, (t:2, i:134))
2022-09-20 10:13:19,801 [grpc-default-executor-0] WARN  server.GrpcServerProtocolService (LogUtils.java:warn(122)) - s2: Failed requestVote s1->s2#0: org.apache.ratis.protocol.exceptions.ServerNotReadyException: s2@group-469FBF65F7A7 is not in [RUNNING]: current state is CLOSED
2022-09-20 10:13:19,802 [grpc-default-executor-8] INFO  server.RaftServer$Division (RaftServerImpl.java:requestVote(1281)) - s0@group-469FBF65F7A7: receive requestVote(PRE_VOTE, s1, group-469FBF65F7A7, 2, (t:2, i:134))
2022-09-20 10:13:19,802 [grpc-default-executor-8] WARN  server.GrpcServerProtocolService (LogUtils.java:warn(122)) - s0: Failed requestVote s1->s0#0: org.apache.ratis.protocol.exceptions.ServerNotReadyException: s0@group-469FBF65F7A7 is not in [RUNNING]: current state is CLOSED
2022-09-20 10:13:19,802 [s1@group-469FBF65F7A7-LeaderElection138] INFO  impl.LeaderElection (LogUtils.java:infoOrTrace(137)) - s1@group-469FBF65F7A7-LeaderElection138 got exception when requesting votes: java.util.concurrent.ExecutionException: org.apache.ratis.thirdparty.io.grpc.StatusRuntimeException: INTERNAL: s0@group-469FBF65F7A7 is not in [RUNNING]: current state is CLOSED
2022-09-20 10:13:19,802 [s1@group-469FBF65F7A7-LeaderElection138] INFO  impl.LeaderElection (LogUtils.java:infoOrTrace(137)) - s1@group-469FBF65F7A7-LeaderElection138 got exception when requesting votes: java.util.concurrent.ExecutionException: org.apache.ratis.thirdparty.io.grpc.StatusRuntimeException: INTERNAL: s2@group-469FBF65F7A7 is not in [RUNNING]: current state is CLOSED
2022-09-20 10:13:19,802 [s1@group-469FBF65F7A7-LeaderElection138] INFO  impl.LeaderElection (LeaderElection.java:logAndReturn(89)) - s1@group-469FBF65F7A7-LeaderElection138: PRE_VOTE REJECTED received 0 response(s) and 2 exception(s):
2022-09-20 10:13:19,802 [s1@group-469FBF65F7A7-LeaderElection138] INFO  impl.LeaderElection (LogUtils.java:infoOrTrace(137)) -   Exception 0: java.util.concurrent.ExecutionException: org.apache.ratis.thirdparty.io.grpc.StatusRuntimeException: INTERNAL: s0@group-469FBF65F7A7 is not in [RUNNING]: current state is CLOSED
2022-09-20 10:13:19,802 [s1@group-469FBF65F7A7-LeaderElection138] INFO  impl.LeaderElection (LogUtils.java:infoOrTrace(137)) -   Exception 1: java.util.concurrent.ExecutionException: org.apache.ratis.thirdparty.io.grpc.StatusRuntimeException: INTERNAL: s2@group-469FBF65F7A7 is not in [RUNNING]: current state is CLOSED
2022-09-20 10:13:19,802 [s1@group-469FBF65F7A7-LeaderElection138] INFO  impl.LeaderElection (LeaderElection.java:askForVotes(310)) - s1@group-469FBF65F7A7-LeaderElection138 PRE_VOTE round 0: result REJECTED
2022-09-20 10:13:19,802 [s1@group-469FBF65F7A7-LeaderElection138] INFO  server.RaftServer$Division (RaftServerImpl.java:setRole(317)) - s1@group-469FBF65F7A7: changes role from CANDIDATE to FOLLOWER at term 2 for REJECTED
2022-09-20 10:13:19,802 [s1@group-469FBF65F7A7-LeaderElection138] INFO  impl.RoleInfo (RoleInfo.java:shutdownLeaderElection(130)) - s1: shutdown s1@group-469FBF65F7A7-LeaderElection138
2022-09-20 10:13:19,802 [s1@group-469FBF65F7A7-LeaderElection138] INFO  impl.RoleInfo (RoleInfo.java:updateAndGet(139)) - s1: start s1@group-469FBF65F7A7-FollowerState
2022-09-20 10:13:19,867 [null-request--thread1] INFO  server.GrpcClientProtocolService (GrpcClientProtocolService.java:lambda$processClientRequest$0(284)) - Failed RaftClientRequest:client-76B04C62A16F->s1@group-469FBF65F7A7, cid=451, seq=0, RW, Message:6d3635, reply=RaftClientReply:client-76B04C62A16F->s1@group-469FBF65F7A7, cid=451, FAILED org.apache.ratis.protocol.exceptions.NotLeaderException: Server s1@group-469FBF65F7A7 is not the leader, logIndex=0, commits[s1:c133, s0:c130, s2:c133]
2022-09-20 10:13:20,037 [s1@group-469FBF65F7A7-FollowerState] INFO  impl.FollowerState (FollowerState.java:run(141)) - s1@group-469FBF65F7A7-FollowerState: change to CANDIDATE, lastRpcElapsedTime:234339169ns, electionTimeout:234ms
2022-09-20 10:13:20,037 [s1@group-469FBF65F7A7-FollowerState] INFO  impl.RoleInfo (RoleInfo.java:shutdownFollowerState(110)) - s1: shutdown s1@group-469FBF65F7A7-FollowerState
2022-09-20 10:13:20,037 [s1@group-469FBF65F7A7-FollowerState] INFO  server.RaftServer$Division (RaftServerImpl.java:setRole(317)) - s1@group-469FBF65F7A7: changes role from  FOLLOWER to CANDIDATE at term 2 for changeToCandidate
2022-09-20 10:13:20,037 [s1@group-469FBF65F7A7-FollowerState] INFO  server.RaftServerConfigKeys (ConfUtils.java:logGet(46)) - raft.server.leaderelection.pre-vote = true (default)
2022-09-20 10:13:20,037 [s1@group-469FBF65F7A7-FollowerState] INFO  impl.RoleInfo (RoleInfo.java:updateAndGet(139)) - s1: start s1@group-469FBF65F7A7-LeaderElection139
2022-09-20 10:13:20,037 [s1@group-469FBF65F7A7-LeaderElection139] INFO  impl.LeaderElection (LeaderElection.java:askForVotes(308)) - s1@group-469FBF65F7A7-LeaderElection139 PRE_VOTE round 0: submit vote requests at term 2 for 133: peers:[s0|rpc:localhost:39281|admin:localhost:38455|client:localhost:36053|dataStream:localhost:45769|priority:0|startupRole:FOLLOWER, s1|rpc:localhost:46849|admin:localhost:41515|client:localhost:39119|dataStream:localhost:41703|priority:0|startupRole:FOLLOWER, s2|rpc:localhost:35167|admin:localhost:44965|client:localhost:40979|dataStream:localhost:34151|priority:0|startupRole:FOLLOWER]|listeners:[], old=null
2022-09-20 10:13:20,039 [grpc-default-executor-5] INFO  server.RaftServer$Division (RaftServerImpl.java:requestVote(1281)) - s0@group-469FBF65F7A7: receive requestVote(PRE_VOTE, s1, group-469FBF65F7A7, 2, (t:2, i:134))
2022-09-20 10:13:20,039 [grpc-default-executor-5] WARN  server.GrpcServerProtocolService (LogUtils.java:warn(122)) - s0: Failed requestVote s1->s0#0: org.apache.ratis.protocol.exceptions.ServerNotReadyException: s0@group-469FBF65F7A7 is not in [RUNNING]: current state is CLOSED
2022-09-20 10:13:20,039 [s1@group-469FBF65F7A7-LeaderElection139] INFO  impl.LeaderElection (LogUtils.java:infoOrTrace(137)) - s1@group-469FBF65F7A7-LeaderElection139 got exception when requesting votes: java.util.concurrent.ExecutionException: org.apache.ratis.thirdparty.io.grpc.StatusRuntimeException: INTERNAL: s0@group-469FBF65F7A7 is not in [RUNNING]: current state is CLOSED
2022-09-20 10:13:20,040 [grpc-default-executor-5] INFO  server.RaftServer$Division (RaftServerImpl.java:requestVote(1281)) - s2@group-469FBF65F7A7: receive requestVote(PRE_VOTE, s1, group-469FBF65F7A7, 2, (t:2, i:134))
2022-09-20 10:13:20,040 [grpc-default-executor-5] WARN  server.GrpcServerProtocolService (LogUtils.java:warn(122)) - s2: Failed requestVote s1->s2#0: org.apache.ratis.protocol.exceptions.ServerNotReadyException: s2@group-469FBF65F7A7 is not in [RUNNING]: current state is CLOSED
2022-09-20 10:13:20,041 [s1@group-469FBF65F7A7-LeaderElection139] INFO  impl.LeaderElection (LogUtils.java:infoOrTrace(137)) - s1@group-469FBF65F7A7-LeaderElection139 got exception when requesting votes: java.util.concurrent.ExecutionException: org.apache.ratis.thirdparty.io.grpc.StatusRuntimeException: INTERNAL: s2@group-469FBF65F7A7 is not in [RUNNING]: current state is CLOSED
2022-09-20 10:13:20,041 [s1@group-469FBF65F7A7-LeaderElection139] INFO  impl.LeaderElection (LeaderElection.java:logAndReturn(89)) - s1@group-469FBF65F7A7-LeaderElection139: PRE_VOTE REJECTED received 0 response(s) and 2 exception(s):
2022-09-20 10:13:20,041 [s1@group-469FBF65F7A7-LeaderElection139] INFO  impl.LeaderElection (LogUtils.java:infoOrTrace(137)) -   Exception 0: java.util.concurrent.ExecutionException: org.apache.ratis.thirdparty.io.grpc.StatusRuntimeException: INTERNAL: s0@group-469FBF65F7A7 is not in [RUNNING]: current state is CLOSED
2022-09-20 10:13:20,041 [s1@group-469FBF65F7A7-LeaderElection139] INFO  impl.LeaderElection (LogUtils.java:infoOrTrace(137)) -   Exception 1: java.util.concurrent.ExecutionException: org.apache.ratis.thirdparty.io.grpc.StatusRuntimeException: INTERNAL: s2@group-469FBF65F7A7 is not in [RUNNING]: current state is CLOSED
2022-09-20 10:13:20,041 [s1@group-469FBF65F7A7-LeaderElection139] INFO  impl.LeaderElection (LeaderElection.java:askForVotes(310)) - s1@group-469FBF65F7A7-LeaderElection139 PRE_VOTE round 0: result REJECTED
2022-09-20 10:13:20,041 [s1@group-469FBF65F7A7-LeaderElection139] INFO  server.RaftServer$Division (RaftServerImpl.java:setRole(317)) - s1@group-469FBF65F7A7: changes role from CANDIDATE to FOLLOWER at term 2 for REJECTED
2022-09-20 10:13:20,041 [s1@group-469FBF65F7A7-LeaderElection139] INFO  impl.RoleInfo (RoleInfo.java:shutdownLeaderElection(130)) - s1: shutdown s1@group-469FBF65F7A7-LeaderElection139
2022-09-20 10:13:20,041 [s1@group-469FBF65F7A7-LeaderElection139] INFO  impl.RoleInfo (RoleInfo.java:updateAndGet(139)) - s1: start s1@group-469FBF65F7A7-FollowerState
2022-09-20 10:13:20,184 [null-request--thread1] INFO  server.GrpcClientProtocolService (GrpcClientProtocolService.java:lambda$processClientRequest$0(284)) - Failed RaftClientRequest:client-76B04C62A16F->s1@group-469FBF65F7A7, cid=451, seq=0, RW, Message:6d3635, reply=RaftClientReply:client-76B04C62A16F->s1@group-469FBF65F7A7, cid=451, FAILED org.apache.ratis.protocol.exceptions.NotLeaderException: Server s1@group-469FBF65F7A7 is not the leader, logIndex=0, commits[s1:c133, s0:c130, s2:c133]
2022-09-20 10:13:20,324 [s1@group-469FBF65F7A7-FollowerState] INFO  impl.FollowerState (FollowerState.java:run(141)) - s1@group-469FBF65F7A7-FollowerState: change to CANDIDATE, lastRpcElapsedTime:283527165ns, electionTimeout:283ms
2022-09-20 10:13:20,324 [s1@group-469FBF65F7A7-FollowerState] INFO  impl.RoleInfo (RoleInfo.java:shutdownFollowerState(110)) - s1: shutdown s1@group-469FBF65F7A7-FollowerState
2022-09-20 10:13:20,324 [s1@group-469FBF65F7A7-FollowerState] INFO  server.RaftServer$Division (RaftServerImpl.java:setRole(317)) - s1@group-469FBF65F7A7: changes role from  FOLLOWER to CANDIDATE at term 2 for changeToCandidate
2022-09-20 10:13:20,325 [s1@group-469FBF65F7A7-FollowerState] INFO  server.RaftServerConfigKeys (ConfUtils.java:logGet(46)) - raft.server.leaderelection.pre-vote = true (default)
2022-09-20 10:13:20,325 [s1@group-469FBF65F7A7-FollowerState] INFO  impl.RoleInfo (RoleInfo.java:updateAndGet(139)) - s1: start s1@group-469FBF65F7A7-LeaderElection140
2022-09-20 10:13:20,325 [s1@group-469FBF65F7A7-LeaderElection140] INFO  impl.LeaderElection (LeaderElection.java:askForVotes(308)) - s1@group-469FBF65F7A7-LeaderElection140 PRE_VOTE round 0: submit vote requests at term 2 for 133: peers:[s0|rpc:localhost:39281|admin:localhost:38455|client:localhost:36053|dataStream:localhost:45769|priority:0|startupRole:FOLLOWER, s1|rpc:localhost:46849|admin:localhost:41515|client:localhost:39119|dataStream:localhost:41703|priority:0|startupRole:FOLLOWER, s2|rpc:localhost:35167|admin:localhost:44965|client:localhost:40979|dataStream:localhost:34151|priority:0|startupRole:FOLLOWER]|listeners:[], old=null
2022-09-20 10:13:20,326 [grpc-default-executor-8] INFO  server.RaftServer$Division (RaftServerImpl.java:requestVote(1281)) - s2@group-469FBF65F7A7: receive requestVote(PRE_VOTE, s1, group-469FBF65F7A7, 2, (t:2, i:134))
2022-09-20 10:13:20,326 [grpc-default-executor-8] WARN  server.GrpcServerProtocolService (LogUtils.java:warn(122)) - s2: Failed requestVote s1->s2#0: org.apache.ratis.protocol.exceptions.ServerNotReadyException: s2@group-469FBF65F7A7 is not in [RUNNING]: current state is CLOSED
2022-09-20 10:13:20,326 [grpc-default-executor-0] INFO  server.RaftServer$Division (RaftServerImpl.java:requestVote(1281)) - s0@group-469FBF65F7A7: receive requestVote(PRE_VOTE, s1, group-469FBF65F7A7, 2, (t:2, i:134))
2022-09-20 10:13:20,326 [grpc-default-executor-0] WARN  server.GrpcServerProtocolService (LogUtils.java:warn(122)) - s0: Failed requestVote s1->s0#0: org.apache.ratis.protocol.exceptions.ServerNotReadyException: s0@group-469FBF65F7A7 is not in [RUNNING]: current state is CLOSED
2022-09-20 10:13:20,327 [s1@group-469FBF65F7A7-LeaderElection140] INFO  impl.LeaderElection (LogUtils.java:infoOrTrace(137)) - s1@group-469FBF65F7A7-LeaderElection140 got exception when requesting votes: java.util.concurrent.ExecutionException: org.apache.ratis.thirdparty.io.grpc.StatusRuntimeException: INTERNAL: s2@group-469FBF65F7A7 is not in [RUNNING]: current state is CLOSED
2022-09-20 10:13:20,327 [s1@group-469FBF65F7A7-LeaderElection140] INFO  impl.LeaderElection (LogUtils.java:infoOrTrace(137)) - s1@group-469FBF65F7A7-LeaderElection140 got exception when requesting votes: java.util.concurrent.ExecutionException: org.apache.ratis.thirdparty.io.grpc.StatusRuntimeException: INTERNAL: s0@group-469FBF65F7A7 is not in [RUNNING]: current state is CLOSED
2022-09-20 10:13:20,327 [s1@group-469FBF65F7A7-LeaderElection140] INFO  impl.LeaderElection (LeaderElection.java:logAndReturn(89)) - s1@group-469FBF65F7A7-LeaderElection140: PRE_VOTE REJECTED received 0 response(s) and 2 exception(s):
2022-09-20 10:13:20,327 [s1@group-469FBF65F7A7-LeaderElection140] INFO  impl.LeaderElection (LogUtils.java:infoOrTrace(137)) -   Exception 0: java.util.concurrent.ExecutionException: org.apache.ratis.thirdparty.io.grpc.StatusRuntimeException: INTERNAL: s2@group-469FBF65F7A7 is not in [RUNNING]: current state is CLOSED
2022-09-20 10:13:20,327 [s1@group-469FBF65F7A7-LeaderElection140] INFO  impl.LeaderElection (LogUtils.java:infoOrTrace(137)) -   Exception 1: java.util.concurrent.ExecutionException: org.apache.ratis.thirdparty.io.grpc.StatusRuntimeException: INTERNAL: s0@group-469FBF65F7A7 is not in [RUNNING]: current state is CLOSED
2022-09-20 10:13:20,327 [s1@group-469FBF65F7A7-LeaderElection140] INFO  impl.LeaderElection (LeaderElection.java:askForVotes(310)) - s1@group-469FBF65F7A7-LeaderElection140 PRE_VOTE round 0: result REJECTED
2022-09-20 10:13:20,327 [s1@group-469FBF65F7A7-LeaderElection140] INFO  server.RaftServer$Division (RaftServerImpl.java:setRole(317)) - s1@group-469FBF65F7A7: changes role from CANDIDATE to FOLLOWER at term 2 for REJECTED
2022-09-20 10:13:20,327 [s1@group-469FBF65F7A7-LeaderElection140] INFO  impl.RoleInfo (RoleInfo.java:shutdownLeaderElection(130)) - s1: shutdown s1@group-469FBF65F7A7-LeaderElection140
2022-09-20 10:13:20,327 [s1@group-469FBF65F7A7-LeaderElection140] INFO  impl.RoleInfo (RoleInfo.java:updateAndGet(139)) - s1: start s1@group-469FBF65F7A7-FollowerState
2022-09-20 10:13:20,393 [null-request--thread1] INFO  server.GrpcClientProtocolService (GrpcClientProtocolService.java:lambda$processClientRequest$0(284)) - Failed RaftClientRequest:client-76B04C62A16F->s1@group-469FBF65F7A7, cid=451, seq=0, RW, Message:6d3635, reply=RaftClientReply:client-76B04C62A16F->s1@group-469FBF65F7A7, cid=451, FAILED org.apache.ratis.protocol.exceptions.NotLeaderException: Server s1@group-469FBF65F7A7 is not the leader, logIndex=0, commits[s1:c133, s0:c130, s2:c133]
2022-09-20 10:13:20,543 [s1@group-469FBF65F7A7-FollowerState] INFO  impl.FollowerState (FollowerState.java:run(141)) - s1@group-469FBF65F7A7-FollowerState: change to CANDIDATE, lastRpcElapsedTime:215483426ns, electionTimeout:215ms
2022-09-20 10:13:20,543 [s1@group-469FBF65F7A7-FollowerState] INFO  impl.RoleInfo (RoleInfo.java:shutdownFollowerState(110)) - s1: shutdown s1@group-469FBF65F7A7-FollowerState
2022-09-20 10:13:20,543 [s1@group-469FBF65F7A7-FollowerState] INFO  server.RaftServer$Division (RaftServerImpl.java:setRole(317)) - s1@group-469FBF65F7A7: changes role from  FOLLOWER to CANDIDATE at term 2 for changeToCandidate
2022-09-20 10:13:20,543 [s1@group-469FBF65F7A7-FollowerState] INFO  server.RaftServerConfigKeys (ConfUtils.java:logGet(46)) - raft.server.leaderelection.pre-vote = true (default)
2022-09-20 10:13:20,543 [s1@group-469FBF65F7A7-FollowerState] INFO  impl.RoleInfo (RoleInfo.java:updateAndGet(139)) - s1: start s1@group-469FBF65F7A7-LeaderElection141
2022-09-20 10:13:20,543 [s1@group-469FBF65F7A7-LeaderElection141] INFO  impl.LeaderElection (LeaderElection.java:askForVotes(308)) - s1@group-469FBF65F7A7-LeaderElection141 PRE_VOTE round 0: submit vote requests at term 2 for 133: peers:[s0|rpc:localhost:39281|admin:localhost:38455|client:localhost:36053|dataStream:localhost:45769|priority:0|startupRole:FOLLOWER, s1|rpc:localhost:46849|admin:localhost:41515|client:localhost:39119|dataStream:localhost:41703|priority:0|startupRole:FOLLOWER, s2|rpc:localhost:35167|admin:localhost:44965|client:localhost:40979|dataStream:localhost:34151|priority:0|startupRole:FOLLOWER]|listeners:[], old=null
2022-09-20 10:13:20,544 [grpc-default-executor-8] INFO  server.RaftServer$Division (RaftServerImpl.java:requestVote(1281)) - s0@group-469FBF65F7A7: receive requestVote(PRE_VOTE, s1, group-469FBF65F7A7, 2, (t:2, i:134))
2022-09-20 10:13:20,544 [grpc-default-executor-8] WARN  server.GrpcServerProtocolService (LogUtils.java:warn(122)) - s0: Failed requestVote s1->s0#0: org.apache.ratis.protocol.exceptions.ServerNotReadyException: s0@group-469FBF65F7A7 is not in [RUNNING]: current state is CLOSED
2022-09-20 10:13:20,545 [grpc-default-executor-8] INFO  server.RaftServer$Division (RaftServerImpl.java:requestVote(1281)) - s2@group-469FBF65F7A7: receive requestVote(PRE_VOTE, s1, group-469FBF65F7A7, 2, (t:2, i:134))
2022-09-20 10:13:20,545 [grpc-default-executor-8] WARN  server.GrpcServerProtocolService (LogUtils.java:warn(122)) - s2: Failed requestVote s1->s2#0: org.apache.ratis.protocol.exceptions.ServerNotReadyException: s2@group-469FBF65F7A7 is not in [RUNNING]: current state is CLOSED
2022-09-20 10:13:20,545 [s1@group-469FBF65F7A7-LeaderElection141] INFO  impl.LeaderElection (LogUtils.java:infoOrTrace(137)) - s1@group-469FBF65F7A7-LeaderElection141 got exception when requesting votes: java.util.concurrent.ExecutionException: org.apache.ratis.thirdparty.io.grpc.StatusRuntimeException: INTERNAL: s0@group-469FBF65F7A7 is not in [RUNNING]: current state is CLOSED
2022-09-20 10:13:20,546 [s1@group-469FBF65F7A7-LeaderElection141] INFO  impl.LeaderElection (LogUtils.java:infoOrTrace(137)) - s1@group-469FBF65F7A7-LeaderElection141 got exception when requesting votes: java.util.concurrent.ExecutionException: org.apache.ratis.thirdparty.io.grpc.StatusRuntimeException: INTERNAL: s2@group-469FBF65F7A7 is not in [RUNNING]: current state is CLOSED
2022-09-20 10:13:20,546 [s1@group-469FBF65F7A7-LeaderElection141] INFO  impl.LeaderElection (LeaderElection.java:logAndReturn(89)) - s1@group-469FBF65F7A7-LeaderElection141: PRE_VOTE REJECTED received 0 response(s) and 2 exception(s):
2022-09-20 10:13:20,546 [s1@group-469FBF65F7A7-LeaderElection141] INFO  impl.LeaderElection (LogUtils.java:infoOrTrace(137)) -   Exception 0: java.util.concurrent.ExecutionException: org.apache.ratis.thirdparty.io.grpc.StatusRuntimeException: INTERNAL: s0@group-469FBF65F7A7 is not in [RUNNING]: current state is CLOSED
2022-09-20 10:13:20,546 [s1@group-469FBF65F7A7-LeaderElection141] INFO  impl.LeaderElection (LogUtils.java:infoOrTrace(137)) -   Exception 1: java.util.concurrent.ExecutionException: org.apache.ratis.thirdparty.io.grpc.StatusRuntimeException: INTERNAL: s2@group-469FBF65F7A7 is not in [RUNNING]: current state is CLOSED
2022-09-20 10:13:20,546 [s1@group-469FBF65F7A7-LeaderElection141] INFO  impl.LeaderElection (LeaderElection.java:askForVotes(310)) - s1@group-469FBF65F7A7-LeaderElection141 PRE_VOTE round 0: result REJECTED
2022-09-20 10:13:20,546 [s1@group-469FBF65F7A7-LeaderElection141] INFO  server.RaftServer$Division (RaftServerImpl.java:setRole(317)) - s1@group-469FBF65F7A7: changes role from CANDIDATE to FOLLOWER at term 2 for REJECTED
2022-09-20 10:13:20,546 [s1@group-469FBF65F7A7-LeaderElection141] INFO  impl.RoleInfo (RoleInfo.java:shutdownLeaderElection(130)) - s1: shutdown s1@group-469FBF65F7A7-LeaderElection141
2022-09-20 10:13:20,546 [s1@group-469FBF65F7A7-LeaderElection141] INFO  impl.RoleInfo (RoleInfo.java:updateAndGet(139)) - s1: start s1@group-469FBF65F7A7-FollowerState
2022-09-20 10:13:20,603 [null-request--thread1] INFO  server.GrpcClientProtocolService (GrpcClientProtocolService.java:lambda$processClientRequest$0(284)) - Failed RaftClientRequest:client-76B04C62A16F->s1@group-469FBF65F7A7, cid=451, seq=0, RW, Message:6d3635, reply=RaftClientReply:client-76B04C62A16F->s1@group-469FBF65F7A7, cid=451, FAILED org.apache.ratis.protocol.exceptions.NotLeaderException: Server s1@group-469FBF65F7A7 is not the leader, logIndex=0, commits[s1:c133, s0:c130, s2:c133]
2022-09-20 10:13:20,805 [s1@group-469FBF65F7A7-FollowerState] INFO  impl.FollowerState (FollowerState.java:run(141)) - s1@group-469FBF65F7A7-FollowerState: change to CANDIDATE, lastRpcElapsedTime:259485520ns, electionTimeout:259ms
2022-09-20 10:13:20,805 [s1@group-469FBF65F7A7-FollowerState] INFO  impl.RoleInfo (RoleInfo.java:shutdownFollowerState(110)) - s1: shutdown s1@group-469FBF65F7A7-FollowerState
2022-09-20 10:13:20,805 [s1@group-469FBF65F7A7-FollowerState] INFO  server.RaftServer$Division (RaftServerImpl.java:setRole(317)) - s1@group-469FBF65F7A7: changes role from  FOLLOWER to CANDIDATE at term 2 for changeToCandidate
2022-09-20 10:13:20,806 [s1@group-469FBF65F7A7-FollowerState] INFO  server.RaftServerConfigKeys (ConfUtils.java:logGet(46)) - raft.server.leaderelection.pre-vote = true (default)
2022-09-20 10:13:20,806 [s1@group-469FBF65F7A7-FollowerState] INFO  impl.RoleInfo (RoleInfo.java:updateAndGet(139)) - s1: start s1@group-469FBF65F7A7-LeaderElection142
2022-09-20 10:13:20,806 [s1@group-469FBF65F7A7-LeaderElection142] INFO  impl.LeaderElection (LeaderElection.java:askForVotes(308)) - s1@group-469FBF65F7A7-LeaderElection142 PRE_VOTE round 0: submit vote requests at term 2 for 133: peers:[s0|rpc:localhost:39281|admin:localhost:38455|client:localhost:36053|dataStream:localhost:45769|priority:0|startupRole:FOLLOWER, s1|rpc:localhost:46849|admin:localhost:41515|client:localhost:39119|dataStream:localhost:41703|priority:0|startupRole:FOLLOWER, s2|rpc:localhost:35167|admin:localhost:44965|client:localhost:40979|dataStream:localhost:34151|priority:0|startupRole:FOLLOWER]|listeners:[], old=null
2022-09-20 10:13:20,807 [grpc-default-executor-5] INFO  server.RaftServer$Division (RaftServerImpl.java:requestVote(1281)) - s0@group-469FBF65F7A7: receive requestVote(PRE_VOTE, s1, group-469FBF65F7A7, 2, (t:2, i:134))
2022-09-20 10:13:20,807 [grpc-default-executor-5] WARN  server.GrpcServerProtocolService (LogUtils.java:warn(122)) - s0: Failed requestVote s1->s0#0: org.apache.ratis.protocol.exceptions.ServerNotReadyException: s0@group-469FBF65F7A7 is not in [RUNNING]: current state is CLOSED
2022-09-20 10:13:20,808 [grpc-default-executor-5] INFO  server.RaftServer$Division (RaftServerImpl.java:requestVote(1281)) - s2@group-469FBF65F7A7: receive requestVote(PRE_VOTE, s1, group-469FBF65F7A7, 2, (t:2, i:134))
2022-09-20 10:13:20,808 [grpc-default-executor-5] WARN  server.GrpcServerProtocolService (LogUtils.java:warn(122)) - s2: Failed requestVote s1->s2#0: org.apache.ratis.protocol.exceptions.ServerNotReadyException: s2@group-469FBF65F7A7 is not in [RUNNING]: current state is CLOSED
2022-09-20 10:13:20,808 [s1@group-469FBF65F7A7-LeaderElection142] INFO  impl.LeaderElection (LogUtils.java:infoOrTrace(137)) - s1@group-469FBF65F7A7-LeaderElection142 got exception when requesting votes: java.util.concurrent.ExecutionException: org.apache.ratis.thirdparty.io.grpc.StatusRuntimeException: INTERNAL: s0@group-469FBF65F7A7 is not in [RUNNING]: current state is CLOSED
2022-09-20 10:13:20,808 [s1@group-469FBF65F7A7-LeaderElection142] INFO  impl.LeaderElection (LogUtils.java:infoOrTrace(137)) - s1@group-469FBF65F7A7-LeaderElection142 got exception when requesting votes: java.util.concurrent.ExecutionException: org.apache.ratis.thirdparty.io.grpc.StatusRuntimeException: INTERNAL: s2@group-469FBF65F7A7 is not in [RUNNING]: current state is CLOSED
2022-09-20 10:13:20,808 [s1@group-469FBF65F7A7-LeaderElection142] INFO  impl.LeaderElection (LeaderElection.java:logAndReturn(89)) - s1@group-469FBF65F7A7-LeaderElection142: PRE_VOTE REJECTED received 0 response(s) and 2 exception(s):
2022-09-20 10:13:20,808 [s1@group-469FBF65F7A7-LeaderElection142] INFO  impl.LeaderElection (LogUtils.java:infoOrTrace(137)) -   Exception 0: java.util.concurrent.ExecutionException: org.apache.ratis.thirdparty.io.grpc.StatusRuntimeException: INTERNAL: s0@group-469FBF65F7A7 is not in [RUNNING]: current state is CLOSED
2022-09-20 10:13:20,808 [s1@group-469FBF65F7A7-LeaderElection142] INFO  impl.LeaderElection (LogUtils.java:infoOrTrace(137)) -   Exception 1: java.util.concurrent.ExecutionException: org.apache.ratis.thirdparty.io.grpc.StatusRuntimeException: INTERNAL: s2@group-469FBF65F7A7 is not in [RUNNING]: current state is CLOSED
2022-09-20 10:13:20,808 [s1@group-469FBF65F7A7-LeaderElection142] INFO  impl.LeaderElection (LeaderElection.java:askForVotes(310)) - s1@group-469FBF65F7A7-LeaderElection142 PRE_VOTE round 0: result REJECTED
2022-09-20 10:13:20,808 [s1@group-469FBF65F7A7-LeaderElection142] INFO  server.RaftServer$Division (RaftServerImpl.java:setRole(317)) - s1@group-469FBF65F7A7: changes role from CANDIDATE to FOLLOWER at term 2 for REJECTED
2022-09-20 10:13:20,808 [s1@group-469FBF65F7A7-LeaderElection142] INFO  impl.RoleInfo (RoleInfo.java:shutdownLeaderElection(130)) - s1: shutdown s1@group-469FBF65F7A7-LeaderElection142
2022-09-20 10:13:20,809 [s1@group-469FBF65F7A7-LeaderElection142] INFO  impl.RoleInfo (RoleInfo.java:updateAndGet(139)) - s1: start s1@group-469FBF65F7A7-FollowerState
2022-09-20 10:13:20,922 [null-request--thread1] INFO  server.GrpcClientProtocolService (GrpcClientProtocolService.java:lambda$processClientRequest$0(284)) - Failed RaftClientRequest:client-76B04C62A16F->s1@group-469FBF65F7A7, cid=451, seq=0, RW, Message:6d3635, reply=RaftClientReply:client-76B04C62A16F->s1@group-469FBF65F7A7, cid=451, FAILED org.apache.ratis.protocol.exceptions.NotLeaderException: Server s1@group-469FBF65F7A7 is not the leader, logIndex=0, commits[s1:c133, s0:c130, s2:c133]
2022-09-20 10:13:21,077 [s1@group-469FBF65F7A7-FollowerState] INFO  impl.FollowerState (FollowerState.java:run(141)) - s1@group-469FBF65F7A7-FollowerState: change to CANDIDATE, lastRpcElapsedTime:268384756ns, electionTimeout:268ms
2022-09-20 10:13:21,077 [s1@group-469FBF65F7A7-FollowerState] INFO  impl.RoleInfo (RoleInfo.java:shutdownFollowerState(110)) - s1: shutdown s1@group-469FBF65F7A7-FollowerState
2022-09-20 10:13:21,077 [s1@group-469FBF65F7A7-FollowerState] INFO  server.RaftServer$Division (RaftServerImpl.java:setRole(317)) - s1@group-469FBF65F7A7: changes role from  FOLLOWER to CANDIDATE at term 2 for changeToCandidate
2022-09-20 10:13:21,077 [s1@group-469FBF65F7A7-FollowerState] INFO  server.RaftServerConfigKeys (ConfUtils.java:logGet(46)) - raft.server.leaderelection.pre-vote = true (default)
2022-09-20 10:13:21,077 [s1@group-469FBF65F7A7-FollowerState] INFO  impl.RoleInfo (RoleInfo.java:updateAndGet(139)) - s1: start s1@group-469FBF65F7A7-LeaderElection143
2022-09-20 10:13:21,078 [s1@group-469FBF65F7A7-LeaderElection143] INFO  impl.LeaderElection (LeaderElection.java:askForVotes(308)) - s1@group-469FBF65F7A7-LeaderElection143 PRE_VOTE round 0: submit vote requests at term 2 for 133: peers:[s0|rpc:localhost:39281|admin:localhost:38455|client:localhost:36053|dataStream:localhost:45769|priority:0|startupRole:FOLLOWER, s1|rpc:localhost:46849|admin:localhost:41515|client:localhost:39119|dataStream:localhost:41703|priority:0|startupRole:FOLLOWER, s2|rpc:localhost:35167|admin:localhost:44965|client:localhost:40979|dataStream:localhost:34151|priority:0|startupRole:FOLLOWER]|listeners:[], old=null
2022-09-20 10:13:21,079 [grpc-default-executor-5] INFO  server.RaftServer$Division (RaftServerImpl.java:requestVote(1281)) - s0@group-469FBF65F7A7: receive requestVote(PRE_VOTE, s1, group-469FBF65F7A7, 2, (t:2, i:134))
2022-09-20 10:13:21,079 [grpc-default-executor-5] WARN  server.GrpcServerProtocolService (LogUtils.java:warn(122)) - s0: Failed requestVote s1->s0#0: org.apache.ratis.protocol.exceptions.ServerNotReadyException: s0@group-469FBF65F7A7 is not in [RUNNING]: current state is CLOSED
2022-09-20 10:13:21,080 [s1@group-469FBF65F7A7-LeaderElection143] INFO  impl.LeaderElection (LogUtils.java:infoOrTrace(137)) - s1@group-469FBF65F7A7-LeaderElection143 got exception when requesting votes: java.util.concurrent.ExecutionException: org.apache.ratis.thirdparty.io.grpc.StatusRuntimeException: INTERNAL: s0@group-469FBF65F7A7 is not in [RUNNING]: current state is CLOSED
2022-09-20 10:13:21,080 [grpc-default-executor-5] INFO  server.RaftServer$Division (RaftServerImpl.java:requestVote(1281)) - s2@group-469FBF65F7A7: receive requestVote(PRE_VOTE, s1, group-469FBF65F7A7, 2, (t:2, i:134))
2022-09-20 10:13:21,080 [grpc-default-executor-5] WARN  server.GrpcServerProtocolService (LogUtils.java:warn(122)) - s2: Failed requestVote s1->s2#0: org.apache.ratis.protocol.exceptions.ServerNotReadyException: s2@group-469FBF65F7A7 is not in [RUNNING]: current state is CLOSED
2022-09-20 10:13:21,081 [s1@group-469FBF65F7A7-LeaderElection143] INFO  impl.LeaderElection (LogUtils.java:infoOrTrace(137)) - s1@group-469FBF65F7A7-LeaderElection143 got exception when requesting votes: java.util.concurrent.ExecutionException: org.apache.ratis.thirdparty.io.grpc.StatusRuntimeException: INTERNAL: s2@group-469FBF65F7A7 is not in [RUNNING]: current state is CLOSED
2022-09-20 10:13:21,081 [s1@group-469FBF65F7A7-LeaderElection143] INFO  impl.LeaderElection (LeaderElection.java:logAndReturn(89)) - s1@group-469FBF65F7A7-LeaderElection143: PRE_VOTE REJECTED received 0 response(s) and 2 exception(s):
2022-09-20 10:13:21,081 [s1@group-469FBF65F7A7-LeaderElection143] INFO  impl.LeaderElection (LogUtils.java:infoOrTrace(137)) -   Exception 0: java.util.concurrent.ExecutionException: org.apache.ratis.thirdparty.io.grpc.StatusRuntimeException: INTERNAL: s0@group-469FBF65F7A7 is not in [RUNNING]: current state is CLOSED
2022-09-20 10:13:21,081 [s1@group-469FBF65F7A7-LeaderElection143] INFO  impl.LeaderElection (LogUtils.java:infoOrTrace(137)) -   Exception 1: java.util.concurrent.ExecutionException: org.apache.ratis.thirdparty.io.grpc.StatusRuntimeException: INTERNAL: s2@group-469FBF65F7A7 is not in [RUNNING]: current state is CLOSED
2022-09-20 10:13:21,081 [s1@group-469FBF65F7A7-LeaderElection143] INFO  impl.LeaderElection (LeaderElection.java:askForVotes(310)) - s1@group-469FBF65F7A7-LeaderElection143 PRE_VOTE round 0: result REJECTED
2022-09-20 10:13:21,081 [s1@group-469FBF65F7A7-LeaderElection143] INFO  server.RaftServer$Division (RaftServerImpl.java:setRole(317)) - s1@group-469FBF65F7A7: changes role from CANDIDATE to FOLLOWER at term 2 for REJECTED
2022-09-20 10:13:21,081 [s1@group-469FBF65F7A7-LeaderElection143] INFO  impl.RoleInfo (RoleInfo.java:shutdownLeaderElection(130)) - s1: shutdown s1@group-469FBF65F7A7-LeaderElection143
2022-09-20 10:13:21,081 [s1@group-469FBF65F7A7-LeaderElection143] INFO  impl.RoleInfo (RoleInfo.java:updateAndGet(139)) - s1: start s1@group-469FBF65F7A7-FollowerState
2022-09-20 10:13:21,236 [null-request--thread1] INFO  server.GrpcClientProtocolService (GrpcClientProtocolService.java:lambda$processClientRequest$0(284)) - Failed RaftClientRequest:client-76B04C62A16F->s1@group-469FBF65F7A7, cid=451, seq=0, RW, Message:6d3635, reply=RaftClientReply:client-76B04C62A16F->s1@group-469FBF65F7A7, cid=451, FAILED org.apache.ratis.protocol.exceptions.NotLeaderException: Server s1@group-469FBF65F7A7 is not the leader, logIndex=0, commits[s1:c133, s0:c130, s2:c133]
2022-09-20 10:13:21,355 [s1@group-469FBF65F7A7-FollowerState] INFO  impl.FollowerState (FollowerState.java:run(141)) - s1@group-469FBF65F7A7-FollowerState: change to CANDIDATE, lastRpcElapsedTime:273574944ns, electionTimeout:273ms
2022-09-20 10:13:21,355 [s1@group-469FBF65F7A7-FollowerState] INFO  impl.RoleInfo (RoleInfo.java:shutdownFollowerState(110)) - s1: shutdown s1@group-469FBF65F7A7-FollowerState
2022-09-20 10:13:21,355 [s1@group-469FBF65F7A7-FollowerState] INFO  server.RaftServer$Division (RaftServerImpl.java:setRole(317)) - s1@group-469FBF65F7A7: changes role from  FOLLOWER to CANDIDATE at term 2 for changeToCandidate
2022-09-20 10:13:21,355 [s1@group-469FBF65F7A7-FollowerState] INFO  server.RaftServerConfigKeys (ConfUtils.java:logGet(46)) - raft.server.leaderelection.pre-vote = true (default)
2022-09-20 10:13:21,355 [s1@group-469FBF65F7A7-FollowerState] INFO  impl.RoleInfo (RoleInfo.java:updateAndGet(139)) - s1: start s1@group-469FBF65F7A7-LeaderElection144
2022-09-20 10:13:21,355 [s1@group-469FBF65F7A7-LeaderElection144] INFO  impl.LeaderElection (LeaderElection.java:askForVotes(308)) - s1@group-469FBF65F7A7-LeaderElection144 PRE_VOTE round 0: submit vote requests at term 2 for 133: peers:[s0|rpc:localhost:39281|admin:localhost:38455|client:localhost:36053|dataStream:localhost:45769|priority:0|startupRole:FOLLOWER, s1|rpc:localhost:46849|admin:localhost:41515|client:localhost:39119|dataStream:localhost:41703|priority:0|startupRole:FOLLOWER, s2|rpc:localhost:35167|admin:localhost:44965|client:localhost:40979|dataStream:localhost:34151|priority:0|startupRole:FOLLOWER]|listeners:[], old=null
2022-09-20 10:13:21,359 [grpc-default-executor-0] INFO  server.RaftServer$Division (RaftServerImpl.java:requestVote(1281)) - s0@group-469FBF65F7A7: receive requestVote(PRE_VOTE, s1, group-469FBF65F7A7, 2, (t:2, i:134))
2022-09-20 10:13:21,359 [grpc-default-executor-5] INFO  server.RaftServer$Division (RaftServerImpl.java:requestVote(1281)) - s2@group-469FBF65F7A7: receive requestVote(PRE_VOTE, s1, group-469FBF65F7A7, 2, (t:2, i:134))
2022-09-20 10:13:21,359 [grpc-default-executor-5] WARN  server.GrpcServerProtocolService (LogUtils.java:warn(122)) - s2: Failed requestVote s1->s2#0: org.apache.ratis.protocol.exceptions.ServerNotReadyException: s2@group-469FBF65F7A7 is not in [RUNNING]: current state is CLOSED
2022-09-20 10:13:21,359 [grpc-default-executor-0] WARN  server.GrpcServerProtocolService (LogUtils.java:warn(122)) - s0: Failed requestVote s1->s0#0: org.apache.ratis.protocol.exceptions.ServerNotReadyException: s0@group-469FBF65F7A7 is not in [RUNNING]: current state is CLOSED
2022-09-20 10:13:21,360 [s1@group-469FBF65F7A7-LeaderElection144] INFO  impl.LeaderElection (LogUtils.java:infoOrTrace(137)) - s1@group-469FBF65F7A7-LeaderElection144 got exception when requesting votes: java.util.concurrent.ExecutionException: org.apache.ratis.thirdparty.io.grpc.StatusRuntimeException: INTERNAL: s0@group-469FBF65F7A7 is not in [RUNNING]: current state is CLOSED
2022-09-20 10:13:21,360 [s1@group-469FBF65F7A7-LeaderElection144] INFO  impl.LeaderElection (LogUtils.java:infoOrTrace(137)) - s1@group-469FBF65F7A7-LeaderElection144 got exception when requesting votes: java.util.concurrent.ExecutionException: org.apache.ratis.thirdparty.io.grpc.StatusRuntimeException: INTERNAL: s2@group-469FBF65F7A7 is not in [RUNNING]: current state is CLOSED
2022-09-20 10:13:21,360 [s1@group-469FBF65F7A7-LeaderElection144] INFO  impl.LeaderElection (LeaderElection.java:logAndReturn(89)) - s1@group-469FBF65F7A7-LeaderElection144: PRE_VOTE REJECTED received 0 response(s) and 2 exception(s):
2022-09-20 10:13:21,360 [s1@group-469FBF65F7A7-LeaderElection144] INFO  impl.LeaderElection (LogUtils.java:infoOrTrace(137)) -   Exception 0: java.util.concurrent.ExecutionException: org.apache.ratis.thirdparty.io.grpc.StatusRuntimeException: INTERNAL: s0@group-469FBF65F7A7 is not in [RUNNING]: current state is CLOSED
2022-09-20 10:13:21,360 [s1@group-469FBF65F7A7-LeaderElection144] INFO  impl.LeaderElection (LogUtils.java:infoOrTrace(137)) -   Exception 1: java.util.concurrent.ExecutionException: org.apache.ratis.thirdparty.io.grpc.StatusRuntimeException: INTERNAL: s2@group-469FBF65F7A7 is not in [RUNNING]: current state is CLOSED
2022-09-20 10:13:21,360 [s1@group-469FBF65F7A7-LeaderElection144] INFO  impl.LeaderElection (LeaderElection.java:askForVotes(310)) - s1@group-469FBF65F7A7-LeaderElection144 PRE_VOTE round 0: result REJECTED
2022-09-20 10:13:21,360 [s1@group-469FBF65F7A7-LeaderElection144] INFO  server.RaftServer$Division (RaftServerImpl.java:setRole(317)) - s1@group-469FBF65F7A7: changes role from CANDIDATE to FOLLOWER at term 2 for REJECTED
2022-09-20 10:13:21,360 [s1@group-469FBF65F7A7-LeaderElection144] INFO  impl.RoleInfo (RoleInfo.java:shutdownLeaderElection(130)) - s1: shutdown s1@group-469FBF65F7A7-LeaderElection144
2022-09-20 10:13:21,360 [s1@group-469FBF65F7A7-LeaderElection144] INFO  impl.RoleInfo (RoleInfo.java:updateAndGet(139)) - s1: start s1@group-469FBF65F7A7-FollowerState
2022-09-20 10:13:21,524 [s1@group-469FBF65F7A7-FollowerState] INFO  impl.FollowerState (FollowerState.java:run(141)) - s1@group-469FBF65F7A7-FollowerState: change to CANDIDATE, lastRpcElapsedTime:163537976ns, electionTimeout:163ms
2022-09-20 10:13:21,524 [s1@group-469FBF65F7A7-FollowerState] INFO  impl.RoleInfo (RoleInfo.java:shutdownFollowerState(110)) - s1: shutdown s1@group-469FBF65F7A7-FollowerState
2022-09-20 10:13:21,524 [s1@group-469FBF65F7A7-FollowerState] INFO  server.RaftServer$Division (RaftServerImpl.java:setRole(317)) - s1@group-469FBF65F7A7: changes role from  FOLLOWER to CANDIDATE at term 2 for changeToCandidate
2022-09-20 10:13:21,524 [s1@group-469FBF65F7A7-FollowerState] INFO  server.RaftServerConfigKeys (ConfUtils.java:logGet(46)) - raft.server.leaderelection.pre-vote = true (default)
2022-09-20 10:13:21,524 [s1@group-469FBF65F7A7-FollowerState] INFO  impl.RoleInfo (RoleInfo.java:updateAndGet(139)) - s1: start s1@group-469FBF65F7A7-LeaderElection145
2022-09-20 10:13:21,525 [s1@group-469FBF65F7A7-LeaderElection145] INFO  impl.LeaderElection (LeaderElection.java:askForVotes(308)) - s1@group-469FBF65F7A7-LeaderElection145 PRE_VOTE round 0: submit vote requests at term 2 for 133: peers:[s0|rpc:localhost:39281|admin:localhost:38455|client:localhost:36053|dataStream:localhost:45769|priority:0|startupRole:FOLLOWER, s1|rpc:localhost:46849|admin:localhost:41515|client:localhost:39119|dataStream:localhost:41703|priority:0|startupRole:FOLLOWER, s2|rpc:localhost:35167|admin:localhost:44965|client:localhost:40979|dataStream:localhost:34151|priority:0|startupRole:FOLLOWER]|listeners:[], old=null
2022-09-20 10:13:21,527 [grpc-default-executor-8] INFO  server.RaftServer$Division (RaftServerImpl.java:requestVote(1281)) - s2@group-469FBF65F7A7: receive requestVote(PRE_VOTE, s1, group-469FBF65F7A7, 2, (t:2, i:134))
2022-09-20 10:13:21,527 [grpc-default-executor-8] WARN  server.GrpcServerProtocolService (LogUtils.java:warn(122)) - s2: Failed requestVote s1->s2#0: org.apache.ratis.protocol.exceptions.ServerNotReadyException: s2@group-469FBF65F7A7 is not in [RUNNING]: current state is CLOSED
2022-09-20 10:13:21,527 [grpc-default-executor-0] INFO  server.RaftServer$Division (RaftServerImpl.java:requestVote(1281)) - s0@group-469FBF65F7A7: receive requestVote(PRE_VOTE, s1, group-469FBF65F7A7, 2, (t:2, i:134))
2022-09-20 10:13:21,527 [grpc-default-executor-0] WARN  server.GrpcServerProtocolService (LogUtils.java:warn(122)) - s0: Failed requestVote s1->s0#0: org.apache.ratis.protocol.exceptions.ServerNotReadyException: s0@group-469FBF65F7A7 is not in [RUNNING]: current state is CLOSED
2022-09-20 10:13:21,528 [s1@group-469FBF65F7A7-LeaderElection145] INFO  impl.LeaderElection (LogUtils.java:infoOrTrace(137)) - s1@group-469FBF65F7A7-LeaderElection145 got exception when requesting votes: java.util.concurrent.ExecutionException: org.apache.ratis.thirdparty.io.grpc.StatusRuntimeException: INTERNAL: s2@group-469FBF65F7A7 is not in [RUNNING]: current state is CLOSED
2022-09-20 10:13:21,528 [s1@group-469FBF65F7A7-LeaderElection145] INFO  impl.LeaderElection (LogUtils.java:infoOrTrace(137)) - s1@group-469FBF65F7A7-LeaderElection145 got exception when requesting votes: java.util.concurrent.ExecutionException: org.apache.ratis.thirdparty.io.grpc.StatusRuntimeException: INTERNAL: s0@group-469FBF65F7A7 is not in [RUNNING]: current state is CLOSED
2022-09-20 10:13:21,528 [s1@group-469FBF65F7A7-LeaderElection145] INFO  impl.LeaderElection (LeaderElection.java:logAndReturn(89)) - s1@group-469FBF65F7A7-LeaderElection145: PRE_VOTE REJECTED received 0 response(s) and 2 exception(s):
2022-09-20 10:13:21,528 [s1@group-469FBF65F7A7-LeaderElection145] INFO  impl.LeaderElection (LogUtils.java:infoOrTrace(137)) -   Exception 0: java.util.concurrent.ExecutionException: org.apache.ratis.thirdparty.io.grpc.StatusRuntimeException: INTERNAL: s2@group-469FBF65F7A7 is not in [RUNNING]: current state is CLOSED
2022-09-20 10:13:21,528 [s1@group-469FBF65F7A7-LeaderElection145] INFO  impl.LeaderElection (LogUtils.java:infoOrTrace(137)) -   Exception 1: java.util.concurrent.ExecutionException: org.apache.ratis.thirdparty.io.grpc.StatusRuntimeException: INTERNAL: s0@group-469FBF65F7A7 is not in [RUNNING]: current state is CLOSED
2022-09-20 10:13:21,528 [s1@group-469FBF65F7A7-LeaderElection145] INFO  impl.LeaderElection (LeaderElection.java:askForVotes(310)) - s1@group-469FBF65F7A7-LeaderElection145 PRE_VOTE round 0: result REJECTED
2022-09-20 10:13:21,528 [s1@group-469FBF65F7A7-LeaderElection145] INFO  server.RaftServer$Division (RaftServerImpl.java:setRole(317)) - s1@group-469FBF65F7A7: changes role from CANDIDATE to FOLLOWER at term 2 for REJECTED
2022-09-20 10:13:21,528 [s1@group-469FBF65F7A7-LeaderElection145] INFO  impl.RoleInfo (RoleInfo.java:shutdownLeaderElection(130)) - s1: shutdown s1@group-469FBF65F7A7-LeaderElection145
2022-09-20 10:13:21,528 [s1@group-469FBF65F7A7-LeaderElection145] INFO  impl.RoleInfo (RoleInfo.java:updateAndGet(139)) - s1: start s1@group-469FBF65F7A7-FollowerState
2022-09-20 10:13:21,699 [s1@group-469FBF65F7A7-FollowerState] INFO  impl.FollowerState (FollowerState.java:run(141)) - s1@group-469FBF65F7A7-FollowerState: change to CANDIDATE, lastRpcElapsedTime:171485711ns, electionTimeout:171ms
2022-09-20 10:13:21,699 [s1@group-469FBF65F7A7-FollowerState] INFO  impl.RoleInfo (RoleInfo.java:shutdownFollowerState(110)) - s1: shutdown s1@group-469FBF65F7A7-FollowerState
2022-09-20 10:13:21,700 [s1@group-469FBF65F7A7-FollowerState] INFO  server.RaftServer$Division (RaftServerImpl.java:setRole(317)) - s1@group-469FBF65F7A7: changes role from  FOLLOWER to CANDIDATE at term 2 for changeToCandidate
2022-09-20 10:13:21,700 [s1@group-469FBF65F7A7-FollowerState] INFO  server.RaftServerConfigKeys (ConfUtils.java:logGet(46)) - raft.server.leaderelection.pre-vote = true (default)
2022-09-20 10:13:21,700 [s1@group-469FBF65F7A7-FollowerState] INFO  impl.RoleInfo (RoleInfo.java:updateAndGet(139)) - s1: start s1@group-469FBF65F7A7-LeaderElection146
2022-09-20 10:13:21,700 [s1@group-469FBF65F7A7-LeaderElection146] INFO  impl.LeaderElection (LeaderElection.java:askForVotes(308)) - s1@group-469FBF65F7A7-LeaderElection146 PRE_VOTE round 0: submit vote requests at term 2 for 133: peers:[s0|rpc:localhost:39281|admin:localhost:38455|client:localhost:36053|dataStream:localhost:45769|priority:0|startupRole:FOLLOWER, s1|rpc:localhost:46849|admin:localhost:41515|client:localhost:39119|dataStream:localhost:41703|priority:0|startupRole:FOLLOWER, s2|rpc:localhost:35167|admin:localhost:44965|client:localhost:40979|dataStream:localhost:34151|priority:0|startupRole:FOLLOWER]|listeners:[], old=null
2022-09-20 10:13:21,701 [grpc-default-executor-8] INFO  server.RaftServer$Division (RaftServerImpl.java:requestVote(1281)) - s2@group-469FBF65F7A7: receive requestVote(PRE_VOTE, s1, group-469FBF65F7A7, 2, (t:2, i:134))
2022-09-20 10:13:21,701 [grpc-default-executor-8] WARN  server.GrpcServerProtocolService (LogUtils.java:warn(122)) - s2: Failed requestVote s1->s2#0: org.apache.ratis.protocol.exceptions.ServerNotReadyException: s2@group-469FBF65F7A7 is not in [RUNNING]: current state is CLOSED
2022-09-20 10:13:21,701 [grpc-default-executor-0] INFO  server.RaftServer$Division (RaftServerImpl.java:requestVote(1281)) - s0@group-469FBF65F7A7: receive requestVote(PRE_VOTE, s1, group-469FBF65F7A7, 2, (t:2, i:134))
2022-09-20 10:13:21,702 [grpc-default-executor-0] WARN  server.GrpcServerProtocolService (LogUtils.java:warn(122)) - s0: Failed requestVote s1->s0#0: org.apache.ratis.protocol.exceptions.ServerNotReadyException: s0@group-469FBF65F7A7 is not in [RUNNING]: current state is CLOSED
2022-09-20 10:13:21,702 [s1@group-469FBF65F7A7-LeaderElection146] INFO  impl.LeaderElection (LogUtils.java:infoOrTrace(137)) - s1@group-469FBF65F7A7-LeaderElection146 got exception when requesting votes: java.util.concurrent.ExecutionException: org.apache.ratis.thirdparty.io.grpc.StatusRuntimeException: INTERNAL: s0@group-469FBF65F7A7 is not in [RUNNING]: current state is CLOSED
2022-09-20 10:13:21,702 [s1@group-469FBF65F7A7-LeaderElection146] INFO  impl.LeaderElection (LogUtils.java:infoOrTrace(137)) - s1@group-469FBF65F7A7-LeaderElection146 got exception when requesting votes: java.util.concurrent.ExecutionException: org.apache.ratis.thirdparty.io.grpc.StatusRuntimeException: INTERNAL: s2@group-469FBF65F7A7 is not in [RUNNING]: current state is CLOSED
2022-09-20 10:13:21,702 [s1@group-469FBF65F7A7-LeaderElection146] INFO  impl.LeaderElection (LeaderElection.java:logAndReturn(89)) - s1@group-469FBF65F7A7-LeaderElection146: PRE_VOTE REJECTED received 0 response(s) and 2 exception(s):
2022-09-20 10:13:21,703 [s1@group-469FBF65F7A7-LeaderElection146] INFO  impl.LeaderElection (LogUtils.java:infoOrTrace(137)) -   Exception 0: java.util.concurrent.ExecutionException: org.apache.ratis.thirdparty.io.grpc.StatusRuntimeException: INTERNAL: s0@group-469FBF65F7A7 is not in [RUNNING]: current state is CLOSED
2022-09-20 10:13:21,703 [s1@group-469FBF65F7A7-LeaderElection146] INFO  impl.LeaderElection (LogUtils.java:infoOrTrace(137)) -   Exception 1: java.util.concurrent.ExecutionException: org.apache.ratis.thirdparty.io.grpc.StatusRuntimeException: INTERNAL: s2@group-469FBF65F7A7 is not in [RUNNING]: current state is CLOSED
2022-09-20 10:13:21,703 [s1@group-469FBF65F7A7-LeaderElection146] INFO  impl.LeaderElection (LeaderElection.java:askForVotes(310)) - s1@group-469FBF65F7A7-LeaderElection146 PRE_VOTE round 0: result REJECTED
2022-09-20 10:13:21,703 [s1@group-469FBF65F7A7-LeaderElection146] INFO  server.RaftServer$Division (RaftServerImpl.java:setRole(317)) - s1@group-469FBF65F7A7: changes role from CANDIDATE to FOLLOWER at term 2 for REJECTED
2022-09-20 10:13:21,703 [s1@group-469FBF65F7A7-LeaderElection146] INFO  impl.RoleInfo (RoleInfo.java:shutdownLeaderElection(130)) - s1: shutdown s1@group-469FBF65F7A7-LeaderElection146
2022-09-20 10:13:21,703 [s1@group-469FBF65F7A7-LeaderElection146] INFO  impl.RoleInfo (RoleInfo.java:updateAndGet(139)) - s1: start s1@group-469FBF65F7A7-FollowerState
2022-09-20 10:13:21,759 [null-request--thread1] INFO  server.GrpcClientProtocolService (GrpcClientProtocolService.java:lambda$processClientRequest$0(284)) - Failed RaftClientRequest:client-76B04C62A16F->s1@group-469FBF65F7A7, cid=451, seq=0, RW, Message:6d3635, reply=RaftClientReply:client-76B04C62A16F->s1@group-469FBF65F7A7, cid=451, FAILED org.apache.ratis.protocol.exceptions.NotLeaderException: Server s1@group-469FBF65F7A7 is not the leader, logIndex=0, commits[s1:c133, s0:c130, s2:c133]
2022-09-20 10:13:21,942 [s1@group-469FBF65F7A7-FollowerState] INFO  impl.FollowerState (FollowerState.java:run(141)) - s1@group-469FBF65F7A7-FollowerState: change to CANDIDATE, lastRpcElapsedTime:239454365ns, electionTimeout:239ms
2022-09-20 10:13:21,942 [s1@group-469FBF65F7A7-FollowerState] INFO  impl.RoleInfo (RoleInfo.java:shutdownFollowerState(110)) - s1: shutdown s1@group-469FBF65F7A7-FollowerState
2022-09-20 10:13:21,942 [s1@group-469FBF65F7A7-FollowerState] INFO  server.RaftServer$Division (RaftServerImpl.java:setRole(317)) - s1@group-469FBF65F7A7: changes role from  FOLLOWER to CANDIDATE at term 2 for changeToCandidate
2022-09-20 10:13:21,943 [s1@group-469FBF65F7A7-FollowerState] INFO  server.RaftServerConfigKeys (ConfUtils.java:logGet(46)) - raft.server.leaderelection.pre-vote = true (default)
2022-09-20 10:13:21,943 [s1@group-469FBF65F7A7-FollowerState] INFO  impl.RoleInfo (RoleInfo.java:updateAndGet(139)) - s1: start s1@group-469FBF65F7A7-LeaderElection147
2022-09-20 10:13:21,943 [s1@group-469FBF65F7A7-LeaderElection147] INFO  impl.LeaderElection (LeaderElection.java:askForVotes(308)) - s1@group-469FBF65F7A7-LeaderElection147 PRE_VOTE round 0: submit vote requests at term 2 for 133: peers:[s0|rpc:localhost:39281|admin:localhost:38455|client:localhost:36053|dataStream:localhost:45769|priority:0|startupRole:FOLLOWER, s1|rpc:localhost:46849|admin:localhost:41515|client:localhost:39119|dataStream:localhost:41703|priority:0|startupRole:FOLLOWER, s2|rpc:localhost:35167|admin:localhost:44965|client:localhost:40979|dataStream:localhost:34151|priority:0|startupRole:FOLLOWER]|listeners:[], old=null
2022-09-20 10:13:21,944 [grpc-default-executor-0] INFO  server.RaftServer$Division (RaftServerImpl.java:requestVote(1281)) - s2@group-469FBF65F7A7: receive requestVote(PRE_VOTE, s1, group-469FBF65F7A7, 2, (t:2, i:134))
2022-09-20 10:13:21,945 [grpc-default-executor-0] WARN  server.GrpcServerProtocolService (LogUtils.java:warn(122)) - s2: Failed requestVote s1->s2#0: org.apache.ratis.protocol.exceptions.ServerNotReadyException: s2@group-469FBF65F7A7 is not in [RUNNING]: current state is CLOSED
2022-09-20 10:13:21,945 [s1@group-469FBF65F7A7-LeaderElection147] INFO  impl.LeaderElection (LogUtils.java:infoOrTrace(137)) - s1@group-469FBF65F7A7-LeaderElection147 got exception when requesting votes: java.util.concurrent.ExecutionException: org.apache.ratis.thirdparty.io.grpc.StatusRuntimeException: INTERNAL: s2@group-469FBF65F7A7 is not in [RUNNING]: current state is CLOSED
2022-09-20 10:13:21,946 [grpc-default-executor-0] INFO  server.RaftServer$Division (RaftServerImpl.java:requestVote(1281)) - s0@group-469FBF65F7A7: receive requestVote(PRE_VOTE, s1, group-469FBF65F7A7, 2, (t:2, i:134))
2022-09-20 10:13:21,946 [grpc-default-executor-0] WARN  server.GrpcServerProtocolService (LogUtils.java:warn(122)) - s0: Failed requestVote s1->s0#0: org.apache.ratis.protocol.exceptions.ServerNotReadyException: s0@group-469FBF65F7A7 is not in [RUNNING]: current state is CLOSED
2022-09-20 10:13:21,946 [s1@group-469FBF65F7A7-LeaderElection147] INFO  impl.LeaderElection (LogUtils.java:infoOrTrace(137)) - s1@group-469FBF65F7A7-LeaderElection147 got exception when requesting votes: java.util.concurrent.ExecutionException: org.apache.ratis.thirdparty.io.grpc.StatusRuntimeException: INTERNAL: s0@group-469FBF65F7A7 is not in [RUNNING]: current state is CLOSED
2022-09-20 10:13:21,946 [s1@group-469FBF65F7A7-LeaderElection147] INFO  impl.LeaderElection (LeaderElection.java:logAndReturn(89)) - s1@group-469FBF65F7A7-LeaderElection147: PRE_VOTE REJECTED received 0 response(s) and 2 exception(s):
2022-09-20 10:13:21,946 [s1@group-469FBF65F7A7-LeaderElection147] INFO  impl.LeaderElection (LogUtils.java:infoOrTrace(137)) -   Exception 0: java.util.concurrent.ExecutionException: org.apache.ratis.thirdparty.io.grpc.StatusRuntimeException: INTERNAL: s2@group-469FBF65F7A7 is not in [RUNNING]: current state is CLOSED
2022-09-20 10:13:21,946 [s1@group-469FBF65F7A7-LeaderElection147] INFO  impl.LeaderElection (LogUtils.java:infoOrTrace(137)) -   Exception 1: java.util.concurrent.ExecutionException: org.apache.ratis.thirdparty.io.grpc.StatusRuntimeException: INTERNAL: s0@group-469FBF65F7A7 is not in [RUNNING]: current state is CLOSED
2022-09-20 10:13:21,946 [s1@group-469FBF65F7A7-LeaderElection147] INFO  impl.LeaderElection (LeaderElection.java:askForVotes(310)) - s1@group-469FBF65F7A7-LeaderElection147 PRE_VOTE round 0: result REJECTED
2022-09-20 10:13:21,946 [s1@group-469FBF65F7A7-LeaderElection147] INFO  server.RaftServer$Division (RaftServerImpl.java:setRole(317)) - s1@group-469FBF65F7A7: changes role from CANDIDATE to FOLLOWER at term 2 for REJECTED
2022-09-20 10:13:21,946 [s1@group-469FBF65F7A7-LeaderElection147] INFO  impl.RoleInfo (RoleInfo.java:shutdownLeaderElection(130)) - s1: shutdown s1@group-469FBF65F7A7-LeaderElection147
2022-09-20 10:13:21,946 [s1@group-469FBF65F7A7-LeaderElection147] INFO  impl.RoleInfo (RoleInfo.java:updateAndGet(139)) - s1: start s1@group-469FBF65F7A7-FollowerState
2022-09-20 10:13:22,076 [null-request--thread1] INFO  server.GrpcClientProtocolService (GrpcClientProtocolService.java:lambda$processClientRequest$0(284)) - Failed RaftClientRequest:client-76B04C62A16F->s1@group-469FBF65F7A7, cid=451, seq=0, RW, Message:6d3635, reply=RaftClientReply:client-76B04C62A16F->s1@group-469FBF65F7A7, cid=451, FAILED org.apache.ratis.protocol.exceptions.NotLeaderException: Server s1@group-469FBF65F7A7 is not the leader, logIndex=0, commits[s1:c133, s0:c130, s2:c133]
2022-09-20 10:13:22,191 [s1@group-469FBF65F7A7-FollowerState] INFO  impl.FollowerState (FollowerState.java:run(141)) - s1@group-469FBF65F7A7-FollowerState: change to CANDIDATE, lastRpcElapsedTime:244567152ns, electionTimeout:244ms
2022-09-20 10:13:22,191 [s1@group-469FBF65F7A7-FollowerState] INFO  impl.RoleInfo (RoleInfo.java:shutdownFollowerState(110)) - s1: shutdown s1@group-469FBF65F7A7-FollowerState
2022-09-20 10:13:22,191 [s1@group-469FBF65F7A7-FollowerState] INFO  server.RaftServer$Division (RaftServerImpl.java:setRole(317)) - s1@group-469FBF65F7A7: changes role from  FOLLOWER to CANDIDATE at term 2 for changeToCandidate
2022-09-20 10:13:22,191 [s1@group-469FBF65F7A7-FollowerState] INFO  server.RaftServerConfigKeys (ConfUtils.java:logGet(46)) - raft.server.leaderelection.pre-vote = true (default)
2022-09-20 10:13:22,191 [s1@group-469FBF65F7A7-FollowerState] INFO  impl.RoleInfo (RoleInfo.java:updateAndGet(139)) - s1: start s1@group-469FBF65F7A7-LeaderElection148
2022-09-20 10:13:22,192 [s1@group-469FBF65F7A7-LeaderElection148] INFO  impl.LeaderElection (LeaderElection.java:askForVotes(308)) - s1@group-469FBF65F7A7-LeaderElection148 PRE_VOTE round 0: submit vote requests at term 2 for 133: peers:[s0|rpc:localhost:39281|admin:localhost:38455|client:localhost:36053|dataStream:localhost:45769|priority:0|startupRole:FOLLOWER, s1|rpc:localhost:46849|admin:localhost:41515|client:localhost:39119|dataStream:localhost:41703|priority:0|startupRole:FOLLOWER, s2|rpc:localhost:35167|admin:localhost:44965|client:localhost:40979|dataStream:localhost:34151|priority:0|startupRole:FOLLOWER]|listeners:[], old=null
2022-09-20 10:13:22,193 [grpc-default-executor-5] INFO  server.RaftServer$Division (RaftServerImpl.java:requestVote(1281)) - s0@group-469FBF65F7A7: receive requestVote(PRE_VOTE, s1, group-469FBF65F7A7, 2, (t:2, i:134))
2022-09-20 10:13:22,193 [grpc-default-executor-0] INFO  server.RaftServer$Division (RaftServerImpl.java:requestVote(1281)) - s2@group-469FBF65F7A7: receive requestVote(PRE_VOTE, s1, group-469FBF65F7A7, 2, (t:2, i:134))
2022-09-20 10:13:22,193 [grpc-default-executor-5] WARN  server.GrpcServerProtocolService (LogUtils.java:warn(122)) - s0: Failed requestVote s1->s0#0: org.apache.ratis.protocol.exceptions.ServerNotReadyException: s0@group-469FBF65F7A7 is not in [RUNNING]: current state is CLOSED
2022-09-20 10:13:22,193 [grpc-default-executor-0] WARN  server.GrpcServerProtocolService (LogUtils.java:warn(122)) - s2: Failed requestVote s1->s2#0: org.apache.ratis.protocol.exceptions.ServerNotReadyException: s2@group-469FBF65F7A7 is not in [RUNNING]: current state is CLOSED
2022-09-20 10:13:22,194 [s1@group-469FBF65F7A7-LeaderElection148] INFO  impl.LeaderElection (LogUtils.java:infoOrTrace(137)) - s1@group-469FBF65F7A7-LeaderElection148 got exception when requesting votes: java.util.concurrent.ExecutionException: org.apache.ratis.thirdparty.io.grpc.StatusRuntimeException: INTERNAL: s0@group-469FBF65F7A7 is not in [RUNNING]: current state is CLOSED
2022-09-20 10:13:22,194 [s1@group-469FBF65F7A7-LeaderElection148] INFO  impl.LeaderElection (LogUtils.java:infoOrTrace(137)) - s1@group-469FBF65F7A7-LeaderElection148 got exception when requesting votes: java.util.concurrent.ExecutionException: org.apache.ratis.thirdparty.io.grpc.StatusRuntimeException: INTERNAL: s2@group-469FBF65F7A7 is not in [RUNNING]: current state is CLOSED
2022-09-20 10:13:22,194 [s1@group-469FBF65F7A7-LeaderElection148] INFO  impl.LeaderElection (LeaderElection.java:logAndReturn(89)) - s1@group-469FBF65F7A7-LeaderElection148: PRE_VOTE REJECTED received 0 response(s) and 2 exception(s):
2022-09-20 10:13:22,194 [s1@group-469FBF65F7A7-LeaderElection148] INFO  impl.LeaderElection (LogUtils.java:infoOrTrace(137)) -   Exception 0: java.util.concurrent.ExecutionException: org.apache.ratis.thirdparty.io.grpc.StatusRuntimeException: INTERNAL: s0@group-469FBF65F7A7 is not in [RUNNING]: current state is CLOSED
2022-09-20 10:13:22,194 [s1@group-469FBF65F7A7-LeaderElection148] INFO  impl.LeaderElection (LogUtils.java:infoOrTrace(137)) -   Exception 1: java.util.concurrent.ExecutionException: org.apache.ratis.thirdparty.io.grpc.StatusRuntimeException: INTERNAL: s2@group-469FBF65F7A7 is not in [RUNNING]: current state is CLOSED
2022-09-20 10:13:22,194 [s1@group-469FBF65F7A7-LeaderElection148] INFO  impl.LeaderElection (LeaderElection.java:askForVotes(310)) - s1@group-469FBF65F7A7-LeaderElection148 PRE_VOTE round 0: result REJECTED
2022-09-20 10:13:22,194 [s1@group-469FBF65F7A7-LeaderElection148] INFO  server.RaftServer$Division (RaftServerImpl.java:setRole(317)) - s1@group-469FBF65F7A7: changes role from CANDIDATE to FOLLOWER at term 2 for REJECTED
2022-09-20 10:13:22,194 [s1@group-469FBF65F7A7-LeaderElection148] INFO  impl.RoleInfo (RoleInfo.java:shutdownLeaderElection(130)) - s1: shutdown s1@group-469FBF65F7A7-LeaderElection148
2022-09-20 10:13:22,194 [s1@group-469FBF65F7A7-LeaderElection148] INFO  impl.RoleInfo (RoleInfo.java:updateAndGet(139)) - s1: start s1@group-469FBF65F7A7-FollowerState
2022-09-20 10:13:22,286 [null-request--thread1] INFO  server.GrpcClientProtocolService (GrpcClientProtocolService.java:lambda$processClientRequest$0(284)) - Failed RaftClientRequest:client-76B04C62A16F->s1@group-469FBF65F7A7, cid=451, seq=0, RW, Message:6d3635, reply=RaftClientReply:client-76B04C62A16F->s1@group-469FBF65F7A7, cid=451, FAILED org.apache.ratis.protocol.exceptions.NotLeaderException: Server s1@group-469FBF65F7A7 is not the leader, logIndex=0, commits[s1:c133, s0:c130, s2:c133]
2022-09-20 10:13:22,481 [s1@group-469FBF65F7A7-FollowerState] INFO  impl.FollowerState (FollowerState.java:run(141)) - s1@group-469FBF65F7A7-FollowerState: change to CANDIDATE, lastRpcElapsedTime:286430363ns, electionTimeout:286ms
2022-09-20 10:13:22,481 [s1@group-469FBF65F7A7-FollowerState] INFO  impl.RoleInfo (RoleInfo.java:shutdownFollowerState(110)) - s1: shutdown s1@group-469FBF65F7A7-FollowerState
2022-09-20 10:13:22,481 [s1@group-469FBF65F7A7-FollowerState] INFO  server.RaftServer$Division (RaftServerImpl.java:setRole(317)) - s1@group-469FBF65F7A7: changes role from  FOLLOWER to CANDIDATE at term 2 for changeToCandidate
2022-09-20 10:13:22,481 [s1@group-469FBF65F7A7-FollowerState] INFO  server.RaftServerConfigKeys (ConfUtils.java:logGet(46)) - raft.server.leaderelection.pre-vote = true (default)
2022-09-20 10:13:22,481 [s1@group-469FBF65F7A7-FollowerState] INFO  impl.RoleInfo (RoleInfo.java:updateAndGet(139)) - s1: start s1@group-469FBF65F7A7-LeaderElection149
2022-09-20 10:13:22,481 [s1@group-469FBF65F7A7-LeaderElection149] INFO  impl.LeaderElection (LeaderElection.java:askForVotes(308)) - s1@group-469FBF65F7A7-LeaderElection149 PRE_VOTE round 0: submit vote requests at term 2 for 133: peers:[s0|rpc:localhost:39281|admin:localhost:38455|client:localhost:36053|dataStream:localhost:45769|priority:0|startupRole:FOLLOWER, s1|rpc:localhost:46849|admin:localhost:41515|client:localhost:39119|dataStream:localhost:41703|priority:0|startupRole:FOLLOWER, s2|rpc:localhost:35167|admin:localhost:44965|client:localhost:40979|dataStream:localhost:34151|priority:0|startupRole:FOLLOWER]|listeners:[], old=null
2022-09-20 10:13:22,483 [grpc-default-executor-0] INFO  server.RaftServer$Division (RaftServerImpl.java:requestVote(1281)) - s0@group-469FBF65F7A7: receive requestVote(PRE_VOTE, s1, group-469FBF65F7A7, 2, (t:2, i:134))
2022-09-20 10:13:22,483 [grpc-default-executor-0] WARN  server.GrpcServerProtocolService (LogUtils.java:warn(122)) - s0: Failed requestVote s1->s0#0: org.apache.ratis.protocol.exceptions.ServerNotReadyException: s0@group-469FBF65F7A7 is not in [RUNNING]: current state is CLOSED
2022-09-20 10:13:22,483 [grpc-default-executor-8] INFO  server.RaftServer$Division (RaftServerImpl.java:requestVote(1281)) - s2@group-469FBF65F7A7: receive requestVote(PRE_VOTE, s1, group-469FBF65F7A7, 2, (t:2, i:134))
2022-09-20 10:13:22,483 [grpc-default-executor-8] WARN  server.GrpcServerProtocolService (LogUtils.java:warn(122)) - s2: Failed requestVote s1->s2#0: org.apache.ratis.protocol.exceptions.ServerNotReadyException: s2@group-469FBF65F7A7 is not in [RUNNING]: current state is CLOSED
2022-09-20 10:13:22,484 [s1@group-469FBF65F7A7-LeaderElection149] INFO  impl.LeaderElection (LogUtils.java:infoOrTrace(137)) - s1@group-469FBF65F7A7-LeaderElection149 got exception when requesting votes: java.util.concurrent.ExecutionException: org.apache.ratis.thirdparty.io.grpc.StatusRuntimeException: INTERNAL: s0@group-469FBF65F7A7 is not in [RUNNING]: current state is CLOSED
2022-09-20 10:13:22,484 [s1@group-469FBF65F7A7-LeaderElection149] INFO  impl.LeaderElection (LogUtils.java:infoOrTrace(137)) - s1@group-469FBF65F7A7-LeaderElection149 got exception when requesting votes: java.util.concurrent.ExecutionException: org.apache.ratis.thirdparty.io.grpc.StatusRuntimeException: INTERNAL: s2@group-469FBF65F7A7 is not in [RUNNING]: current state is CLOSED
2022-09-20 10:13:22,484 [s1@group-469FBF65F7A7-LeaderElection149] INFO  impl.LeaderElection (LeaderElection.java:logAndReturn(89)) - s1@group-469FBF65F7A7-LeaderElection149: PRE_VOTE REJECTED received 0 response(s) and 2 exception(s):
2022-09-20 10:13:22,484 [s1@group-469FBF65F7A7-LeaderElection149] INFO  impl.LeaderElection (LogUtils.java:infoOrTrace(137)) -   Exception 0: java.util.concurrent.ExecutionException: org.apache.ratis.thirdparty.io.grpc.StatusRuntimeException: INTERNAL: s0@group-469FBF65F7A7 is not in [RUNNING]: current state is CLOSED
2022-09-20 10:13:22,484 [s1@group-469FBF65F7A7-LeaderElection149] INFO  impl.LeaderElection (LogUtils.java:infoOrTrace(137)) -   Exception 1: java.util.concurrent.ExecutionException: org.apache.ratis.thirdparty.io.grpc.StatusRuntimeException: INTERNAL: s2@group-469FBF65F7A7 is not in [RUNNING]: current state is CLOSED
2022-09-20 10:13:22,484 [s1@group-469FBF65F7A7-LeaderElection149] INFO  impl.LeaderElection (LeaderElection.java:askForVotes(310)) - s1@group-469FBF65F7A7-LeaderElection149 PRE_VOTE round 0: result REJECTED
2022-09-20 10:13:22,484 [s1@group-469FBF65F7A7-LeaderElection149] INFO  server.RaftServer$Division (RaftServerImpl.java:setRole(317)) - s1@group-469FBF65F7A7: changes role from CANDIDATE to FOLLOWER at term 2 for REJECTED
2022-09-20 10:13:22,484 [s1@group-469FBF65F7A7-LeaderElection149] INFO  impl.RoleInfo (RoleInfo.java:shutdownLeaderElection(130)) - s1: shutdown s1@group-469FBF65F7A7-LeaderElection149
2022-09-20 10:13:22,484 [s1@group-469FBF65F7A7-LeaderElection149] INFO  impl.RoleInfo (RoleInfo.java:updateAndGet(139)) - s1: start s1@group-469FBF65F7A7-FollowerState
2022-09-20 10:13:22,496 [null-request--thread1] INFO  server.GrpcClientProtocolService (GrpcClientProtocolService.java:lambda$processClientRequest$0(284)) - Failed RaftClientRequest:client-76B04C62A16F->s1@group-469FBF65F7A7, cid=451, seq=0, RW, Message:6d3635, reply=RaftClientReply:client-76B04C62A16F->s1@group-469FBF65F7A7, cid=451, FAILED org.apache.ratis.protocol.exceptions.NotLeaderException: Server s1@group-469FBF65F7A7 is not the leader, logIndex=0, commits[s1:c133, s0:c130, s2:c133]
2022-09-20 10:13:22,673 [s1@group-469FBF65F7A7-FollowerState] INFO  impl.FollowerState (FollowerState.java:run(141)) - s1@group-469FBF65F7A7-FollowerState: change to CANDIDATE, lastRpcElapsedTime:189398215ns, electionTimeout:189ms
2022-09-20 10:13:22,673 [s1@group-469FBF65F7A7-FollowerState] INFO  impl.RoleInfo (RoleInfo.java:shutdownFollowerState(110)) - s1: shutdown s1@group-469FBF65F7A7-FollowerState
2022-09-20 10:13:22,673 [s1@group-469FBF65F7A7-FollowerState] INFO  server.RaftServer$Division (RaftServerImpl.java:setRole(317)) - s1@group-469FBF65F7A7: changes role from  FOLLOWER to CANDIDATE at term 2 for changeToCandidate
2022-09-20 10:13:22,674 [s1@group-469FBF65F7A7-FollowerState] INFO  server.RaftServerConfigKeys (ConfUtils.java:logGet(46)) - raft.server.leaderelection.pre-vote = true (default)
2022-09-20 10:13:22,674 [s1@group-469FBF65F7A7-FollowerState] INFO  impl.RoleInfo (RoleInfo.java:updateAndGet(139)) - s1: start s1@group-469FBF65F7A7-LeaderElection150
2022-09-20 10:13:22,674 [s1@group-469FBF65F7A7-LeaderElection150] INFO  impl.LeaderElection (LeaderElection.java:askForVotes(308)) - s1@group-469FBF65F7A7-LeaderElection150 PRE_VOTE round 0: submit vote requests at term 2 for 133: peers:[s0|rpc:localhost:39281|admin:localhost:38455|client:localhost:36053|dataStream:localhost:45769|priority:0|startupRole:FOLLOWER, s1|rpc:localhost:46849|admin:localhost:41515|client:localhost:39119|dataStream:localhost:41703|priority:0|startupRole:FOLLOWER, s2|rpc:localhost:35167|admin:localhost:44965|client:localhost:40979|dataStream:localhost:34151|priority:0|startupRole:FOLLOWER]|listeners:[], old=null
2022-09-20 10:13:22,675 [grpc-default-executor-0] INFO  server.RaftServer$Division (RaftServerImpl.java:requestVote(1281)) - s2@group-469FBF65F7A7: receive requestVote(PRE_VOTE, s1, group-469FBF65F7A7, 2, (t:2, i:134))
2022-09-20 10:13:22,675 [grpc-default-executor-8] INFO  server.RaftServer$Division (RaftServerImpl.java:requestVote(1281)) - s0@group-469FBF65F7A7: receive requestVote(PRE_VOTE, s1, group-469FBF65F7A7, 2, (t:2, i:134))
2022-09-20 10:13:22,675 [grpc-default-executor-0] WARN  server.GrpcServerProtocolService (LogUtils.java:warn(122)) - s2: Failed requestVote s1->s2#0: org.apache.ratis.protocol.exceptions.ServerNotReadyException: s2@group-469FBF65F7A7 is not in [RUNNING]: current state is CLOSED
2022-09-20 10:13:22,675 [grpc-default-executor-8] WARN  server.GrpcServerProtocolService (LogUtils.java:warn(122)) - s0: Failed requestVote s1->s0#0: org.apache.ratis.protocol.exceptions.ServerNotReadyException: s0@group-469FBF65F7A7 is not in [RUNNING]: current state is CLOSED
2022-09-20 10:13:22,676 [s1@group-469FBF65F7A7-LeaderElection150] INFO  impl.LeaderElection (LogUtils.java:infoOrTrace(137)) - s1@group-469FBF65F7A7-LeaderElection150 got exception when requesting votes: java.util.concurrent.ExecutionException: org.apache.ratis.thirdparty.io.grpc.StatusRuntimeException: INTERNAL: s2@group-469FBF65F7A7 is not in [RUNNING]: current state is CLOSED
2022-09-20 10:13:22,676 [s1@group-469FBF65F7A7-LeaderElection150] INFO  impl.LeaderElection (LogUtils.java:infoOrTrace(137)) - s1@group-469FBF65F7A7-LeaderElection150 got exception when requesting votes: java.util.concurrent.ExecutionException: org.apache.ratis.thirdparty.io.grpc.StatusRuntimeException: INTERNAL: s0@group-469FBF65F7A7 is not in [RUNNING]: current state is CLOSED
2022-09-20 10:13:22,676 [s1@group-469FBF65F7A7-LeaderElection150] INFO  impl.LeaderElection (LeaderElection.java:logAndReturn(89)) - s1@group-469FBF65F7A7-LeaderElection150: PRE_VOTE REJECTED received 0 response(s) and 2 exception(s):
2022-09-20 10:13:22,676 [s1@group-469FBF65F7A7-LeaderElection150] INFO  impl.LeaderElection (LogUtils.java:infoOrTrace(137)) -   Exception 0: java.util.concurrent.ExecutionException: org.apache.ratis.thirdparty.io.grpc.StatusRuntimeException: INTERNAL: s2@group-469FBF65F7A7 is not in [RUNNING]: current state is CLOSED
2022-09-20 10:13:22,676 [s1@group-469FBF65F7A7-LeaderElection150] INFO  impl.LeaderElection (LogUtils.java:infoOrTrace(137)) -   Exception 1: java.util.concurrent.ExecutionException: org.apache.ratis.thirdparty.io.grpc.StatusRuntimeException: INTERNAL: s0@group-469FBF65F7A7 is not in [RUNNING]: current state is CLOSED
2022-09-20 10:13:22,676 [s1@group-469FBF65F7A7-LeaderElection150] INFO  impl.LeaderElection (LeaderElection.java:askForVotes(310)) - s1@group-469FBF65F7A7-LeaderElection150 PRE_VOTE round 0: result REJECTED
2022-09-20 10:13:22,676 [s1@group-469FBF65F7A7-LeaderElection150] INFO  server.RaftServer$Division (RaftServerImpl.java:setRole(317)) - s1@group-469FBF65F7A7: changes role from CANDIDATE to FOLLOWER at term 2 for REJECTED
2022-09-20 10:13:22,676 [s1@group-469FBF65F7A7-LeaderElection150] INFO  impl.RoleInfo (RoleInfo.java:shutdownLeaderElection(130)) - s1: shutdown s1@group-469FBF65F7A7-LeaderElection150
2022-09-20 10:13:22,676 [s1@group-469FBF65F7A7-LeaderElection150] INFO  impl.RoleInfo (RoleInfo.java:updateAndGet(139)) - s1: start s1@group-469FBF65F7A7-FollowerState
2022-09-20 10:13:22,707 [null-request--thread1] INFO  server.GrpcClientProtocolService (GrpcClientProtocolService.java:lambda$processClientRequest$0(284)) - Failed RaftClientRequest:client-76B04C62A16F->s1@group-469FBF65F7A7, cid=451, seq=0, RW, Message:6d3635, reply=RaftClientReply:client-76B04C62A16F->s1@group-469FBF65F7A7, cid=451, FAILED org.apache.ratis.protocol.exceptions.NotLeaderException: Server s1@group-469FBF65F7A7 is not the leader, logIndex=0, commits[s1:c133, s0:c130, s2:c133]
2022-09-20 10:13:22,898 [s1@group-469FBF65F7A7-FollowerState] INFO  impl.FollowerState (FollowerState.java:run(141)) - s1@group-469FBF65F7A7-FollowerState: change to CANDIDATE, lastRpcElapsedTime:221499860ns, electionTimeout:221ms
2022-09-20 10:13:22,898 [s1@group-469FBF65F7A7-FollowerState] INFO  impl.RoleInfo (RoleInfo.java:shutdownFollowerState(110)) - s1: shutdown s1@group-469FBF65F7A7-FollowerState
2022-09-20 10:13:22,898 [s1@group-469FBF65F7A7-FollowerState] INFO  server.RaftServer$Division (RaftServerImpl.java:setRole(317)) - s1@group-469FBF65F7A7: changes role from  FOLLOWER to CANDIDATE at term 2 for changeToCandidate
2022-09-20 10:13:22,898 [s1@group-469FBF65F7A7-FollowerState] INFO  server.RaftServerConfigKeys (ConfUtils.java:logGet(46)) - raft.server.leaderelection.pre-vote = true (default)
2022-09-20 10:13:22,898 [s1@group-469FBF65F7A7-FollowerState] INFO  impl.RoleInfo (RoleInfo.java:updateAndGet(139)) - s1: start s1@group-469FBF65F7A7-LeaderElection151
2022-09-20 10:13:22,898 [s1@group-469FBF65F7A7-LeaderElection151] INFO  impl.LeaderElection (LeaderElection.java:askForVotes(308)) - s1@group-469FBF65F7A7-LeaderElection151 PRE_VOTE round 0: submit vote requests at term 2 for 133: peers:[s0|rpc:localhost:39281|admin:localhost:38455|client:localhost:36053|dataStream:localhost:45769|priority:0|startupRole:FOLLOWER, s1|rpc:localhost:46849|admin:localhost:41515|client:localhost:39119|dataStream:localhost:41703|priority:0|startupRole:FOLLOWER, s2|rpc:localhost:35167|admin:localhost:44965|client:localhost:40979|dataStream:localhost:34151|priority:0|startupRole:FOLLOWER]|listeners:[], old=null
2022-09-20 10:13:22,899 [grpc-default-executor-8] INFO  server.RaftServer$Division (RaftServerImpl.java:requestVote(1281)) - s2@group-469FBF65F7A7: receive requestVote(PRE_VOTE, s1, group-469FBF65F7A7, 2, (t:2, i:134))
2022-09-20 10:13:22,899 [grpc-default-executor-8] WARN  server.GrpcServerProtocolService (LogUtils.java:warn(122)) - s2: Failed requestVote s1->s2#0: org.apache.ratis.protocol.exceptions.ServerNotReadyException: s2@group-469FBF65F7A7 is not in [RUNNING]: current state is CLOSED
2022-09-20 10:13:22,900 [grpc-default-executor-0] INFO  server.RaftServer$Division (RaftServerImpl.java:requestVote(1281)) - s0@group-469FBF65F7A7: receive requestVote(PRE_VOTE, s1, group-469FBF65F7A7, 2, (t:2, i:134))
2022-09-20 10:13:22,900 [grpc-default-executor-0] WARN  server.GrpcServerProtocolService (LogUtils.java:warn(122)) - s0: Failed requestVote s1->s0#0: org.apache.ratis.protocol.exceptions.ServerNotReadyException: s0@group-469FBF65F7A7 is not in [RUNNING]: current state is CLOSED
2022-09-20 10:13:22,900 [s1@group-469FBF65F7A7-LeaderElection151] INFO  impl.LeaderElection (LogUtils.java:infoOrTrace(137)) - s1@group-469FBF65F7A7-LeaderElection151 got exception when requesting votes: java.util.concurrent.ExecutionException: org.apache.ratis.thirdparty.io.grpc.StatusRuntimeException: INTERNAL: s2@group-469FBF65F7A7 is not in [RUNNING]: current state is CLOSED
2022-09-20 10:13:22,900 [s1@group-469FBF65F7A7-LeaderElection151] INFO  impl.LeaderElection (LogUtils.java:infoOrTrace(137)) - s1@group-469FBF65F7A7-LeaderElection151 got exception when requesting votes: java.util.concurrent.ExecutionException: org.apache.ratis.thirdparty.io.grpc.StatusRuntimeException: INTERNAL: s0@group-469FBF65F7A7 is not in [RUNNING]: current state is CLOSED
2022-09-20 10:13:22,900 [s1@group-469FBF65F7A7-LeaderElection151] INFO  impl.LeaderElection (LeaderElection.java:logAndReturn(89)) - s1@group-469FBF65F7A7-LeaderElection151: PRE_VOTE REJECTED received 0 response(s) and 2 exception(s):
2022-09-20 10:13:22,900 [s1@group-469FBF65F7A7-LeaderElection151] INFO  impl.LeaderElection (LogUtils.java:infoOrTrace(137)) -   Exception 0: java.util.concurrent.ExecutionException: org.apache.ratis.thirdparty.io.grpc.StatusRuntimeException: INTERNAL: s2@group-469FBF65F7A7 is not in [RUNNING]: current state is CLOSED
2022-09-20 10:13:22,900 [s1@group-469FBF65F7A7-LeaderElection151] INFO  impl.LeaderElection (LogUtils.java:infoOrTrace(137)) -   Exception 1: java.util.concurrent.ExecutionException: org.apache.ratis.thirdparty.io.grpc.StatusRuntimeException: INTERNAL: s0@group-469FBF65F7A7 is not in [RUNNING]: current state is CLOSED
2022-09-20 10:13:22,900 [s1@group-469FBF65F7A7-LeaderElection151] INFO  impl.LeaderElection (LeaderElection.java:askForVotes(310)) - s1@group-469FBF65F7A7-LeaderElection151 PRE_VOTE round 0: result REJECTED
2022-09-20 10:13:22,900 [s1@group-469FBF65F7A7-LeaderElection151] INFO  server.RaftServer$Division (RaftServerImpl.java:setRole(317)) - s1@group-469FBF65F7A7: changes role from CANDIDATE to FOLLOWER at term 2 for REJECTED
2022-09-20 10:13:22,900 [s1@group-469FBF65F7A7-LeaderElection151] INFO  impl.RoleInfo (RoleInfo.java:shutdownLeaderElection(130)) - s1: shutdown s1@group-469FBF65F7A7-LeaderElection151
2022-09-20 10:13:22,900 [s1@group-469FBF65F7A7-LeaderElection151] INFO  impl.RoleInfo (RoleInfo.java:updateAndGet(139)) - s1: start s1@group-469FBF65F7A7-FollowerState
2022-09-20 10:13:22,917 [null-request--thread1] INFO  server.GrpcClientProtocolService (GrpcClientProtocolService.java:lambda$processClientRequest$0(284)) - Failed RaftClientRequest:client-76B04C62A16F->s1@group-469FBF65F7A7, cid=451, seq=0, RW, Message:6d3635, reply=RaftClientReply:client-76B04C62A16F->s1@group-469FBF65F7A7, cid=451, FAILED org.apache.ratis.protocol.exceptions.NotLeaderException: Server s1@group-469FBF65F7A7 is not the leader, logIndex=0, commits[s1:c133, s0:c130, s2:c133]
2022-09-20 10:13:23,062 [s1@group-469FBF65F7A7-FollowerState] INFO  impl.FollowerState (FollowerState.java:run(141)) - s1@group-469FBF65F7A7-FollowerState: change to CANDIDATE, lastRpcElapsedTime:161334039ns, electionTimeout:161ms
2022-09-20 10:13:23,062 [s1@group-469FBF65F7A7-FollowerState] INFO  impl.RoleInfo (RoleInfo.java:shutdownFollowerState(110)) - s1: shutdown s1@group-469FBF65F7A7-FollowerState
2022-09-20 10:13:23,062 [s1@group-469FBF65F7A7-FollowerState] INFO  server.RaftServer$Division (RaftServerImpl.java:setRole(317)) - s1@group-469FBF65F7A7: changes role from  FOLLOWER to CANDIDATE at term 2 for changeToCandidate
2022-09-20 10:13:23,062 [s1@group-469FBF65F7A7-FollowerState] INFO  server.RaftServerConfigKeys (ConfUtils.java:logGet(46)) - raft.server.leaderelection.pre-vote = true (default)
2022-09-20 10:13:23,062 [s1@group-469FBF65F7A7-FollowerState] INFO  impl.RoleInfo (RoleInfo.java:updateAndGet(139)) - s1: start s1@group-469FBF65F7A7-LeaderElection152
2022-09-20 10:13:23,062 [s1@group-469FBF65F7A7-LeaderElection152] INFO  impl.LeaderElection (LeaderElection.java:askForVotes(308)) - s1@group-469FBF65F7A7-LeaderElection152 PRE_VOTE round 0: submit vote requests at term 2 for 133: peers:[s0|rpc:localhost:39281|admin:localhost:38455|client:localhost:36053|dataStream:localhost:45769|priority:0|startupRole:FOLLOWER, s1|rpc:localhost:46849|admin:localhost:41515|client:localhost:39119|dataStream:localhost:41703|priority:0|startupRole:FOLLOWER, s2|rpc:localhost:35167|admin:localhost:44965|client:localhost:40979|dataStream:localhost:34151|priority:0|startupRole:FOLLOWER]|listeners:[], old=null
2022-09-20 10:13:23,064 [grpc-default-executor-8] INFO  server.RaftServer$Division (RaftServerImpl.java:requestVote(1281)) - s2@group-469FBF65F7A7: receive requestVote(PRE_VOTE, s1, group-469FBF65F7A7, 2, (t:2, i:134))
2022-09-20 10:13:23,064 [grpc-default-executor-8] WARN  server.GrpcServerProtocolService (LogUtils.java:warn(122)) - s2: Failed requestVote s1->s2#0: org.apache.ratis.protocol.exceptions.ServerNotReadyException: s2@group-469FBF65F7A7 is not in [RUNNING]: current state is CLOSED
2022-09-20 10:13:23,064 [grpc-default-executor-0] INFO  server.RaftServer$Division (RaftServerImpl.java:requestVote(1281)) - s0@group-469FBF65F7A7: receive requestVote(PRE_VOTE, s1, group-469FBF65F7A7, 2, (t:2, i:134))
2022-09-20 10:13:23,064 [grpc-default-executor-0] WARN  server.GrpcServerProtocolService (LogUtils.java:warn(122)) - s0: Failed requestVote s1->s0#0: org.apache.ratis.protocol.exceptions.ServerNotReadyException: s0@group-469FBF65F7A7 is not in [RUNNING]: current state is CLOSED
2022-09-20 10:13:23,064 [s1@group-469FBF65F7A7-LeaderElection152] INFO  impl.LeaderElection (LogUtils.java:infoOrTrace(137)) - s1@group-469FBF65F7A7-LeaderElection152 got exception when requesting votes: java.util.concurrent.ExecutionException: org.apache.ratis.thirdparty.io.grpc.StatusRuntimeException: INTERNAL: s2@group-469FBF65F7A7 is not in [RUNNING]: current state is CLOSED
2022-09-20 10:13:23,064 [s1@group-469FBF65F7A7-LeaderElection152] INFO  impl.LeaderElection (LogUtils.java:infoOrTrace(137)) - s1@group-469FBF65F7A7-LeaderElection152 got exception when requesting votes: java.util.concurrent.ExecutionException: org.apache.ratis.thirdparty.io.grpc.StatusRuntimeException: INTERNAL: s0@group-469FBF65F7A7 is not in [RUNNING]: current state is CLOSED
2022-09-20 10:13:23,064 [s1@group-469FBF65F7A7-LeaderElection152] INFO  impl.LeaderElection (LeaderElection.java:logAndReturn(89)) - s1@group-469FBF65F7A7-LeaderElection152: PRE_VOTE REJECTED received 0 response(s) and 2 exception(s):
2022-09-20 10:13:23,064 [s1@group-469FBF65F7A7-LeaderElection152] INFO  impl.LeaderElection (LogUtils.java:infoOrTrace(137)) -   Exception 0: java.util.concurrent.ExecutionException: org.apache.ratis.thirdparty.io.grpc.StatusRuntimeException: INTERNAL: s2@group-469FBF65F7A7 is not in [RUNNING]: current state is CLOSED
2022-09-20 10:13:23,064 [s1@group-469FBF65F7A7-LeaderElection152] INFO  impl.LeaderElection (LogUtils.java:infoOrTrace(137)) -   Exception 1: java.util.concurrent.ExecutionException: org.apache.ratis.thirdparty.io.grpc.StatusRuntimeException: INTERNAL: s0@group-469FBF65F7A7 is not in [RUNNING]: current state is CLOSED
2022-09-20 10:13:23,064 [s1@group-469FBF65F7A7-LeaderElection152] INFO  impl.LeaderElection (LeaderElection.java:askForVotes(310)) - s1@group-469FBF65F7A7-LeaderElection152 PRE_VOTE round 0: result REJECTED
2022-09-20 10:13:23,064 [s1@group-469FBF65F7A7-LeaderElection152] INFO  server.RaftServer$Division (RaftServerImpl.java:setRole(317)) - s1@group-469FBF65F7A7: changes role from CANDIDATE to FOLLOWER at term 2 for REJECTED
2022-09-20 10:13:23,064 [s1@group-469FBF65F7A7-LeaderElection152] INFO  impl.RoleInfo (RoleInfo.java:shutdownLeaderElection(130)) - s1: shutdown s1@group-469FBF65F7A7-LeaderElection152
2022-09-20 10:13:23,064 [s1@group-469FBF65F7A7-LeaderElection152] INFO  impl.RoleInfo (RoleInfo.java:updateAndGet(139)) - s1: start s1@group-469FBF65F7A7-FollowerState
2022-09-20 10:13:23,232 [null-request--thread1] INFO  server.GrpcClientProtocolService (GrpcClientProtocolService.java:lambda$processClientRequest$0(284)) - Failed RaftClientRequest:client-76B04C62A16F->s1@group-469FBF65F7A7, cid=451, seq=0, RW, Message:6d3635, reply=RaftClientReply:client-76B04C62A16F->s1@group-469FBF65F7A7, cid=451, FAILED org.apache.ratis.protocol.exceptions.NotLeaderException: Server s1@group-469FBF65F7A7 is not the leader, logIndex=0, commits[s1:c133, s0:c130, s2:c133]
2022-09-20 10:13:23,323 [s1@group-469FBF65F7A7-FollowerState] INFO  impl.FollowerState (FollowerState.java:run(141)) - s1@group-469FBF65F7A7-FollowerState: change to CANDIDATE, lastRpcElapsedTime:258512488ns, electionTimeout:258ms
2022-09-20 10:13:23,323 [s1@group-469FBF65F7A7-FollowerState] INFO  impl.RoleInfo (RoleInfo.java:shutdownFollowerState(110)) - s1: shutdown s1@group-469FBF65F7A7-FollowerState
2022-09-20 10:13:23,323 [s1@group-469FBF65F7A7-FollowerState] INFO  server.RaftServer$Division (RaftServerImpl.java:setRole(317)) - s1@group-469FBF65F7A7: changes role from  FOLLOWER to CANDIDATE at term 2 for changeToCandidate
2022-09-20 10:13:23,323 [s1@group-469FBF65F7A7-FollowerState] INFO  server.RaftServerConfigKeys (ConfUtils.java:logGet(46)) - raft.server.leaderelection.pre-vote = true (default)
2022-09-20 10:13:23,323 [s1@group-469FBF65F7A7-FollowerState] INFO  impl.RoleInfo (RoleInfo.java:updateAndGet(139)) - s1: start s1@group-469FBF65F7A7-LeaderElection153
2022-09-20 10:13:23,324 [s1@group-469FBF65F7A7-LeaderElection153] INFO  impl.LeaderElection (LeaderElection.java:askForVotes(308)) - s1@group-469FBF65F7A7-LeaderElection153 PRE_VOTE round 0: submit vote requests at term 2 for 133: peers:[s0|rpc:localhost:39281|admin:localhost:38455|client:localhost:36053|dataStream:localhost:45769|priority:0|startupRole:FOLLOWER, s1|rpc:localhost:46849|admin:localhost:41515|client:localhost:39119|dataStream:localhost:41703|priority:0|startupRole:FOLLOWER, s2|rpc:localhost:35167|admin:localhost:44965|client:localhost:40979|dataStream:localhost:34151|priority:0|startupRole:FOLLOWER]|listeners:[], old=null
2022-09-20 10:13:23,325 [grpc-default-executor-0] INFO  server.RaftServer$Division (RaftServerImpl.java:requestVote(1281)) - s0@group-469FBF65F7A7: receive requestVote(PRE_VOTE, s1, group-469FBF65F7A7, 2, (t:2, i:134))
2022-09-20 10:13:23,325 [grpc-default-executor-0] WARN  server.GrpcServerProtocolService (LogUtils.java:warn(122)) - s0: Failed requestVote s1->s0#0: org.apache.ratis.protocol.exceptions.ServerNotReadyException: s0@group-469FBF65F7A7 is not in [RUNNING]: current state is CLOSED
2022-09-20 10:13:23,326 [s1@group-469FBF65F7A7-LeaderElection153] INFO  impl.LeaderElection (LogUtils.java:infoOrTrace(137)) - s1@group-469FBF65F7A7-LeaderElection153 got exception when requesting votes: java.util.concurrent.ExecutionException: org.apache.ratis.thirdparty.io.grpc.StatusRuntimeException: INTERNAL: s0@group-469FBF65F7A7 is not in [RUNNING]: current state is CLOSED
2022-09-20 10:13:23,328 [grpc-default-executor-0] INFO  server.RaftServer$Division (RaftServerImpl.java:requestVote(1281)) - s2@group-469FBF65F7A7: receive requestVote(PRE_VOTE, s1, group-469FBF65F7A7, 2, (t:2, i:134))
2022-09-20 10:13:23,328 [grpc-default-executor-0] WARN  server.GrpcServerProtocolService (LogUtils.java:warn(122)) - s2: Failed requestVote s1->s2#0: org.apache.ratis.protocol.exceptions.ServerNotReadyException: s2@group-469FBF65F7A7 is not in [RUNNING]: current state is CLOSED
2022-09-20 10:13:23,329 [s1@group-469FBF65F7A7-LeaderElection153] INFO  impl.LeaderElection (LogUtils.java:infoOrTrace(137)) - s1@group-469FBF65F7A7-LeaderElection153 got exception when requesting votes: java.util.concurrent.ExecutionException: org.apache.ratis.thirdparty.io.grpc.StatusRuntimeException: INTERNAL: s2@group-469FBF65F7A7 is not in [RUNNING]: current state is CLOSED
2022-09-20 10:13:23,329 [s1@group-469FBF65F7A7-LeaderElection153] INFO  impl.LeaderElection (LeaderElection.java:logAndReturn(89)) - s1@group-469FBF65F7A7-LeaderElection153: PRE_VOTE REJECTED received 0 response(s) and 2 exception(s):
2022-09-20 10:13:23,329 [s1@group-469FBF65F7A7-LeaderElection153] INFO  impl.LeaderElection (LogUtils.java:infoOrTrace(137)) -   Exception 0: java.util.concurrent.ExecutionException: org.apache.ratis.thirdparty.io.grpc.StatusRuntimeException: INTERNAL: s0@group-469FBF65F7A7 is not in [RUNNING]: current state is CLOSED
2022-09-20 10:13:23,329 [s1@group-469FBF65F7A7-LeaderElection153] INFO  impl.LeaderElection (LogUtils.java:infoOrTrace(137)) -   Exception 1: java.util.concurrent.ExecutionException: org.apache.ratis.thirdparty.io.grpc.StatusRuntimeException: INTERNAL: s2@group-469FBF65F7A7 is not in [RUNNING]: current state is CLOSED
2022-09-20 10:13:23,329 [s1@group-469FBF65F7A7-LeaderElection153] INFO  impl.LeaderElection (LeaderElection.java:askForVotes(310)) - s1@group-469FBF65F7A7-LeaderElection153 PRE_VOTE round 0: result REJECTED
2022-09-20 10:13:23,329 [s1@group-469FBF65F7A7-LeaderElection153] INFO  server.RaftServer$Division (RaftServerImpl.java:setRole(317)) - s1@group-469FBF65F7A7: changes role from CANDIDATE to FOLLOWER at term 2 for REJECTED
2022-09-20 10:13:23,329 [s1@group-469FBF65F7A7-LeaderElection153] INFO  impl.RoleInfo (RoleInfo.java:shutdownLeaderElection(130)) - s1: shutdown s1@group-469FBF65F7A7-LeaderElection153
2022-09-20 10:13:23,329 [s1@group-469FBF65F7A7-LeaderElection153] INFO  impl.RoleInfo (RoleInfo.java:updateAndGet(139)) - s1: start s1@group-469FBF65F7A7-FollowerState
2022-09-20 10:13:23,545 [null-request--thread1] INFO  server.GrpcClientProtocolService (GrpcClientProtocolService.java:lambda$processClientRequest$0(284)) - Failed RaftClientRequest:client-76B04C62A16F->s1@group-469FBF65F7A7, cid=451, seq=0, RW, Message:6d3635, reply=RaftClientReply:client-76B04C62A16F->s1@group-469FBF65F7A7, cid=451, FAILED org.apache.ratis.protocol.exceptions.NotLeaderException: Server s1@group-469FBF65F7A7 is not the leader, logIndex=0, commits[s1:c133, s0:c130, s2:c133]
2022-09-20 10:13:23,604 [s1@group-469FBF65F7A7-FollowerState] INFO  impl.FollowerState (FollowerState.java:run(141)) - s1@group-469FBF65F7A7-FollowerState: change to CANDIDATE, lastRpcElapsedTime:274736864ns, electionTimeout:274ms
2022-09-20 10:13:23,604 [s1@group-469FBF65F7A7-FollowerState] INFO  impl.RoleInfo (RoleInfo.java:shutdownFollowerState(110)) - s1: shutdown s1@group-469FBF65F7A7-FollowerState
2022-09-20 10:13:23,604 [s1@group-469FBF65F7A7-FollowerState] INFO  server.RaftServer$Division (RaftServerImpl.java:setRole(317)) - s1@group-469FBF65F7A7: changes role from  FOLLOWER to CANDIDATE at term 2 for changeToCandidate
2022-09-20 10:13:23,604 [s1@group-469FBF65F7A7-FollowerState] INFO  server.RaftServerConfigKeys (ConfUtils.java:logGet(46)) - raft.server.leaderelection.pre-vote = true (default)
2022-09-20 10:13:23,604 [s1@group-469FBF65F7A7-FollowerState] INFO  impl.RoleInfo (RoleInfo.java:updateAndGet(139)) - s1: start s1@group-469FBF65F7A7-LeaderElection154
2022-09-20 10:13:23,605 [s1@group-469FBF65F7A7-LeaderElection154] INFO  impl.LeaderElection (LeaderElection.java:askForVotes(308)) - s1@group-469FBF65F7A7-LeaderElection154 PRE_VOTE round 0: submit vote requests at term 2 for 133: peers:[s0|rpc:localhost:39281|admin:localhost:38455|client:localhost:36053|dataStream:localhost:45769|priority:0|startupRole:FOLLOWER, s1|rpc:localhost:46849|admin:localhost:41515|client:localhost:39119|dataStream:localhost:41703|priority:0|startupRole:FOLLOWER, s2|rpc:localhost:35167|admin:localhost:44965|client:localhost:40979|dataStream:localhost:34151|priority:0|startupRole:FOLLOWER]|listeners:[], old=null
2022-09-20 10:13:23,606 [grpc-default-executor-0] INFO  server.RaftServer$Division (RaftServerImpl.java:requestVote(1281)) - s2@group-469FBF65F7A7: receive requestVote(PRE_VOTE, s1, group-469FBF65F7A7, 2, (t:2, i:134))
2022-09-20 10:13:23,606 [grpc-default-executor-0] WARN  server.GrpcServerProtocolService (LogUtils.java:warn(122)) - s2: Failed requestVote s1->s2#0: org.apache.ratis.protocol.exceptions.ServerNotReadyException: s2@group-469FBF65F7A7 is not in [RUNNING]: current state is CLOSED
2022-09-20 10:13:23,607 [s1@group-469FBF65F7A7-LeaderElection154] INFO  impl.LeaderElection (LogUtils.java:infoOrTrace(137)) - s1@group-469FBF65F7A7-LeaderElection154 got exception when requesting votes: java.util.concurrent.ExecutionException: org.apache.ratis.thirdparty.io.grpc.StatusRuntimeException: INTERNAL: s2@group-469FBF65F7A7 is not in [RUNNING]: current state is CLOSED
2022-09-20 10:13:23,607 [grpc-default-executor-0] INFO  server.RaftServer$Division (RaftServerImpl.java:requestVote(1281)) - s0@group-469FBF65F7A7: receive requestVote(PRE_VOTE, s1, group-469FBF65F7A7, 2, (t:2, i:134))
2022-09-20 10:13:23,607 [grpc-default-executor-0] WARN  server.GrpcServerProtocolService (LogUtils.java:warn(122)) - s0: Failed requestVote s1->s0#0: org.apache.ratis.protocol.exceptions.ServerNotReadyException: s0@group-469FBF65F7A7 is not in [RUNNING]: current state is CLOSED
2022-09-20 10:13:23,607 [s1@group-469FBF65F7A7-LeaderElection154] INFO  impl.LeaderElection (LogUtils.java:infoOrTrace(137)) - s1@group-469FBF65F7A7-LeaderElection154 got exception when requesting votes: java.util.concurrent.ExecutionException: org.apache.ratis.thirdparty.io.grpc.StatusRuntimeException: INTERNAL: s0@group-469FBF65F7A7 is not in [RUNNING]: current state is CLOSED
2022-09-20 10:13:23,607 [s1@group-469FBF65F7A7-LeaderElection154] INFO  impl.LeaderElection (LeaderElection.java:logAndReturn(89)) - s1@group-469FBF65F7A7-LeaderElection154: PRE_VOTE REJECTED received 0 response(s) and 2 exception(s):
2022-09-20 10:13:23,607 [s1@group-469FBF65F7A7-LeaderElection154] INFO  impl.LeaderElection (LogUtils.java:infoOrTrace(137)) -   Exception 0: java.util.concurrent.ExecutionException: org.apache.ratis.thirdparty.io.grpc.StatusRuntimeException: INTERNAL: s2@group-469FBF65F7A7 is not in [RUNNING]: current state is CLOSED
2022-09-20 10:13:23,607 [s1@group-469FBF65F7A7-LeaderElection154] INFO  impl.LeaderElection (LogUtils.java:infoOrTrace(137)) -   Exception 1: java.util.concurrent.ExecutionException: org.apache.ratis.thirdparty.io.grpc.StatusRuntimeException: INTERNAL: s0@group-469FBF65F7A7 is not in [RUNNING]: current state is CLOSED
2022-09-20 10:13:23,607 [s1@group-469FBF65F7A7-LeaderElection154] INFO  impl.LeaderElection (LeaderElection.java:askForVotes(310)) - s1@group-469FBF65F7A7-LeaderElection154 PRE_VOTE round 0: result REJECTED
2022-09-20 10:13:23,608 [s1@group-469FBF65F7A7-LeaderElection154] INFO  server.RaftServer$Division (RaftServerImpl.java:setRole(317)) - s1@group-469FBF65F7A7: changes role from CANDIDATE to FOLLOWER at term 2 for REJECTED
2022-09-20 10:13:23,608 [s1@group-469FBF65F7A7-LeaderElection154] INFO  impl.RoleInfo (RoleInfo.java:shutdownLeaderElection(130)) - s1: shutdown s1@group-469FBF65F7A7-LeaderElection154
2022-09-20 10:13:23,608 [s1@group-469FBF65F7A7-LeaderElection154] INFO  impl.RoleInfo (RoleInfo.java:updateAndGet(139)) - s1: start s1@group-469FBF65F7A7-FollowerState
2022-09-20 10:13:23,818 [s1@group-469FBF65F7A7-FollowerState] INFO  impl.FollowerState (FollowerState.java:run(141)) - s1@group-469FBF65F7A7-FollowerState: change to CANDIDATE, lastRpcElapsedTime:210326970ns, electionTimeout:210ms
2022-09-20 10:13:23,818 [s1@group-469FBF65F7A7-FollowerState] INFO  impl.RoleInfo (RoleInfo.java:shutdownFollowerState(110)) - s1: shutdown s1@group-469FBF65F7A7-FollowerState
2022-09-20 10:13:23,818 [s1@group-469FBF65F7A7-FollowerState] INFO  server.RaftServer$Division (RaftServerImpl.java:setRole(317)) - s1@group-469FBF65F7A7: changes role from  FOLLOWER to CANDIDATE at term 2 for changeToCandidate
2022-09-20 10:13:23,818 [s1@group-469FBF65F7A7-FollowerState] INFO  server.RaftServerConfigKeys (ConfUtils.java:logGet(46)) - raft.server.leaderelection.pre-vote = true (default)
2022-09-20 10:13:23,819 [s1@group-469FBF65F7A7-FollowerState] INFO  impl.RoleInfo (RoleInfo.java:updateAndGet(139)) - s1: start s1@group-469FBF65F7A7-LeaderElection155
2022-09-20 10:13:23,819 [s1@group-469FBF65F7A7-LeaderElection155] INFO  impl.LeaderElection (LeaderElection.java:askForVotes(308)) - s1@group-469FBF65F7A7-LeaderElection155 PRE_VOTE round 0: submit vote requests at term 2 for 133: peers:[s0|rpc:localhost:39281|admin:localhost:38455|client:localhost:36053|dataStream:localhost:45769|priority:0|startupRole:FOLLOWER, s1|rpc:localhost:46849|admin:localhost:41515|client:localhost:39119|dataStream:localhost:41703|priority:0|startupRole:FOLLOWER, s2|rpc:localhost:35167|admin:localhost:44965|client:localhost:40979|dataStream:localhost:34151|priority:0|startupRole:FOLLOWER]|listeners:[], old=null
2022-09-20 10:13:23,821 [grpc-default-executor-5] INFO  server.RaftServer$Division (RaftServerImpl.java:requestVote(1281)) - s2@group-469FBF65F7A7: receive requestVote(PRE_VOTE, s1, group-469FBF65F7A7, 2, (t:2, i:134))
2022-09-20 10:13:23,821 [grpc-default-executor-5] WARN  server.GrpcServerProtocolService (LogUtils.java:warn(122)) - s2: Failed requestVote s1->s2#0: org.apache.ratis.protocol.exceptions.ServerNotReadyException: s2@group-469FBF65F7A7 is not in [RUNNING]: current state is CLOSED
2022-09-20 10:13:23,822 [grpc-default-executor-8] INFO  server.RaftServer$Division (RaftServerImpl.java:requestVote(1281)) - s0@group-469FBF65F7A7: receive requestVote(PRE_VOTE, s1, group-469FBF65F7A7, 2, (t:2, i:134))
2022-09-20 10:13:23,822 [grpc-default-executor-8] WARN  server.GrpcServerProtocolService (LogUtils.java:warn(122)) - s0: Failed requestVote s1->s0#0: org.apache.ratis.protocol.exceptions.ServerNotReadyException: s0@group-469FBF65F7A7 is not in [RUNNING]: current state is CLOSED
2022-09-20 10:13:23,822 [s1@group-469FBF65F7A7-LeaderElection155] INFO  impl.LeaderElection (LogUtils.java:infoOrTrace(137)) - s1@group-469FBF65F7A7-LeaderElection155 got exception when requesting votes: java.util.concurrent.ExecutionException: org.apache.ratis.thirdparty.io.grpc.StatusRuntimeException: INTERNAL: s2@group-469FBF65F7A7 is not in [RUNNING]: current state is CLOSED
2022-09-20 10:13:23,822 [s1@group-469FBF65F7A7-LeaderElection155] INFO  impl.LeaderElection (LogUtils.java:infoOrTrace(137)) - s1@group-469FBF65F7A7-LeaderElection155 got exception when requesting votes: java.util.concurrent.ExecutionException: org.apache.ratis.thirdparty.io.grpc.StatusRuntimeException: INTERNAL: s0@group-469FBF65F7A7 is not in [RUNNING]: current state is CLOSED
2022-09-20 10:13:23,822 [s1@group-469FBF65F7A7-LeaderElection155] INFO  impl.LeaderElection (LeaderElection.java:logAndReturn(89)) - s1@group-469FBF65F7A7-LeaderElection155: PRE_VOTE REJECTED received 0 response(s) and 2 exception(s):
2022-09-20 10:13:23,822 [s1@group-469FBF65F7A7-LeaderElection155] INFO  impl.LeaderElection (LogUtils.java:infoOrTrace(137)) -   Exception 0: java.util.concurrent.ExecutionException: org.apache.ratis.thirdparty.io.grpc.StatusRuntimeException: INTERNAL: s2@group-469FBF65F7A7 is not in [RUNNING]: current state is CLOSED
2022-09-20 10:13:23,822 [s1@group-469FBF65F7A7-LeaderElection155] INFO  impl.LeaderElection (LogUtils.java:infoOrTrace(137)) -   Exception 1: java.util.concurrent.ExecutionException: org.apache.ratis.thirdparty.io.grpc.StatusRuntimeException: INTERNAL: s0@group-469FBF65F7A7 is not in [RUNNING]: current state is CLOSED
2022-09-20 10:13:23,822 [s1@group-469FBF65F7A7-LeaderElection155] INFO  impl.LeaderElection (LeaderElection.java:askForVotes(310)) - s1@group-469FBF65F7A7-LeaderElection155 PRE_VOTE round 0: result REJECTED
2022-09-20 10:13:23,822 [s1@group-469FBF65F7A7-LeaderElection155] INFO  server.RaftServer$Division (RaftServerImpl.java:setRole(317)) - s1@group-469FBF65F7A7: changes role from CANDIDATE to FOLLOWER at term 2 for REJECTED
2022-09-20 10:13:23,822 [s1@group-469FBF65F7A7-LeaderElection155] INFO  impl.RoleInfo (RoleInfo.java:shutdownLeaderElection(130)) - s1: shutdown s1@group-469FBF65F7A7-LeaderElection155
2022-09-20 10:13:23,823 [s1@group-469FBF65F7A7-LeaderElection155] INFO  impl.RoleInfo (RoleInfo.java:updateAndGet(139)) - s1: start s1@group-469FBF65F7A7-FollowerState
2022-09-20 10:13:23,862 [null-request--thread1] INFO  server.GrpcClientProtocolService (GrpcClientProtocolService.java:lambda$processClientRequest$0(284)) - Failed RaftClientRequest:client-76B04C62A16F->s1@group-469FBF65F7A7, cid=451, seq=0, RW, Message:6d3635, reply=RaftClientReply:client-76B04C62A16F->s1@group-469FBF65F7A7, cid=451, FAILED org.apache.ratis.protocol.exceptions.NotLeaderException: Server s1@group-469FBF65F7A7 is not the leader, logIndex=0, commits[s1:c133, s0:c130, s2:c133]
2022-09-20 10:13:24,017 [s1@group-469FBF65F7A7-FollowerState] INFO  impl.FollowerState (FollowerState.java:run(141)) - s1@group-469FBF65F7A7-FollowerState: change to CANDIDATE, lastRpcElapsedTime:194423101ns, electionTimeout:194ms
2022-09-20 10:13:24,017 [s1@group-469FBF65F7A7-FollowerState] INFO  impl.RoleInfo (RoleInfo.java:shutdownFollowerState(110)) - s1: shutdown s1@group-469FBF65F7A7-FollowerState
2022-09-20 10:13:24,017 [s1@group-469FBF65F7A7-FollowerState] INFO  server.RaftServer$Division (RaftServerImpl.java:setRole(317)) - s1@group-469FBF65F7A7: changes role from  FOLLOWER to CANDIDATE at term 2 for changeToCandidate
2022-09-20 10:13:24,017 [s1@group-469FBF65F7A7-FollowerState] INFO  server.RaftServerConfigKeys (ConfUtils.java:logGet(46)) - raft.server.leaderelection.pre-vote = true (default)
2022-09-20 10:13:24,017 [s1@group-469FBF65F7A7-FollowerState] INFO  impl.RoleInfo (RoleInfo.java:updateAndGet(139)) - s1: start s1@group-469FBF65F7A7-LeaderElection156
2022-09-20 10:13:24,018 [s1@group-469FBF65F7A7-LeaderElection156] INFO  impl.LeaderElection (LeaderElection.java:askForVotes(308)) - s1@group-469FBF65F7A7-LeaderElection156 PRE_VOTE round 0: submit vote requests at term 2 for 133: peers:[s0|rpc:localhost:39281|admin:localhost:38455|client:localhost:36053|dataStream:localhost:45769|priority:0|startupRole:FOLLOWER, s1|rpc:localhost:46849|admin:localhost:41515|client:localhost:39119|dataStream:localhost:41703|priority:0|startupRole:FOLLOWER, s2|rpc:localhost:35167|admin:localhost:44965|client:localhost:40979|dataStream:localhost:34151|priority:0|startupRole:FOLLOWER]|listeners:[], old=null
2022-09-20 10:13:24,019 [grpc-default-executor-5] INFO  server.RaftServer$Division (RaftServerImpl.java:requestVote(1281)) - s0@group-469FBF65F7A7: receive requestVote(PRE_VOTE, s1, group-469FBF65F7A7, 2, (t:2, i:134))
2022-09-20 10:13:24,019 [grpc-default-executor-5] WARN  server.GrpcServerProtocolService (LogUtils.java:warn(122)) - s0: Failed requestVote s1->s0#0: org.apache.ratis.protocol.exceptions.ServerNotReadyException: s0@group-469FBF65F7A7 is not in [RUNNING]: current state is CLOSED
2022-09-20 10:13:24,020 [s1@group-469FBF65F7A7-LeaderElection156] INFO  impl.LeaderElection (LogUtils.java:infoOrTrace(137)) - s1@group-469FBF65F7A7-LeaderElection156 got exception when requesting votes: java.util.concurrent.ExecutionException: org.apache.ratis.thirdparty.io.grpc.StatusRuntimeException: INTERNAL: s0@group-469FBF65F7A7 is not in [RUNNING]: current state is CLOSED
2022-09-20 10:13:24,020 [grpc-default-executor-5] INFO  server.RaftServer$Division (RaftServerImpl.java:requestVote(1281)) - s2@group-469FBF65F7A7: receive requestVote(PRE_VOTE, s1, group-469FBF65F7A7, 2, (t:2, i:134))
2022-09-20 10:13:24,020 [grpc-default-executor-5] WARN  server.GrpcServerProtocolService (LogUtils.java:warn(122)) - s2: Failed requestVote s1->s2#0: org.apache.ratis.protocol.exceptions.ServerNotReadyException: s2@group-469FBF65F7A7 is not in [RUNNING]: current state is CLOSED
2022-09-20 10:13:24,021 [s1@group-469FBF65F7A7-LeaderElection156] INFO  impl.LeaderElection (LogUtils.java:infoOrTrace(137)) - s1@group-469FBF65F7A7-LeaderElection156 got exception when requesting votes: java.util.concurrent.ExecutionException: org.apache.ratis.thirdparty.io.grpc.StatusRuntimeException: INTERNAL: s2@group-469FBF65F7A7 is not in [RUNNING]: current state is CLOSED
2022-09-20 10:13:24,021 [s1@group-469FBF65F7A7-LeaderElection156] INFO  impl.LeaderElection (LeaderElection.java:logAndReturn(89)) - s1@group-469FBF65F7A7-LeaderElection156: PRE_VOTE REJECTED received 0 response(s) and 2 exception(s):
2022-09-20 10:13:24,021 [s1@group-469FBF65F7A7-LeaderElection156] INFO  impl.LeaderElection (LogUtils.java:infoOrTrace(137)) -   Exception 0: java.util.concurrent.ExecutionException: org.apache.ratis.thirdparty.io.grpc.StatusRuntimeException: INTERNAL: s0@group-469FBF65F7A7 is not in [RUNNING]: current state is CLOSED
2022-09-20 10:13:24,021 [s1@group-469FBF65F7A7-LeaderElection156] INFO  impl.LeaderElection (LogUtils.java:infoOrTrace(137)) -   Exception 1: java.util.concurrent.ExecutionException: org.apache.ratis.thirdparty.io.grpc.StatusRuntimeException: INTERNAL: s2@group-469FBF65F7A7 is not in [RUNNING]: current state is CLOSED
2022-09-20 10:13:24,021 [s1@group-469FBF65F7A7-LeaderElection156] INFO  impl.LeaderElection (LeaderElection.java:askForVotes(310)) - s1@group-469FBF65F7A7-LeaderElection156 PRE_VOTE round 0: result REJECTED
2022-09-20 10:13:24,021 [s1@group-469FBF65F7A7-LeaderElection156] INFO  server.RaftServer$Division (RaftServerImpl.java:setRole(317)) - s1@group-469FBF65F7A7: changes role from CANDIDATE to FOLLOWER at term 2 for REJECTED
2022-09-20 10:13:24,021 [s1@group-469FBF65F7A7-LeaderElection156] INFO  impl.RoleInfo (RoleInfo.java:shutdownLeaderElection(130)) - s1: shutdown s1@group-469FBF65F7A7-LeaderElection156
2022-09-20 10:13:24,021 [s1@group-469FBF65F7A7-LeaderElection156] INFO  impl.RoleInfo (RoleInfo.java:updateAndGet(139)) - s1: start s1@group-469FBF65F7A7-FollowerState
2022-09-20 10:13:24,179 [s1@group-469FBF65F7A7-FollowerState] INFO  impl.FollowerState (FollowerState.java:run(141)) - s1@group-469FBF65F7A7-FollowerState: change to CANDIDATE, lastRpcElapsedTime:157948882ns, electionTimeout:157ms
2022-09-20 10:13:24,179 [s1@group-469FBF65F7A7-FollowerState] INFO  impl.RoleInfo (RoleInfo.java:shutdownFollowerState(110)) - s1: shutdown s1@group-469FBF65F7A7-FollowerState
2022-09-20 10:13:24,180 [s1@group-469FBF65F7A7-FollowerState] INFO  server.RaftServer$Division (RaftServerImpl.java:setRole(317)) - s1@group-469FBF65F7A7: changes role from  FOLLOWER to CANDIDATE at term 2 for changeToCandidate
2022-09-20 10:13:24,180 [s1@group-469FBF65F7A7-FollowerState] INFO  server.RaftServerConfigKeys (ConfUtils.java:logGet(46)) - raft.server.leaderelection.pre-vote = true (default)
2022-09-20 10:13:24,180 [s1@group-469FBF65F7A7-FollowerState] INFO  impl.RoleInfo (RoleInfo.java:updateAndGet(139)) - s1: start s1@group-469FBF65F7A7-LeaderElection157
2022-09-20 10:13:24,180 [s1@group-469FBF65F7A7-LeaderElection157] INFO  impl.LeaderElection (LeaderElection.java:askForVotes(308)) - s1@group-469FBF65F7A7-LeaderElection157 PRE_VOTE round 0: submit vote requests at term 2 for 133: peers:[s0|rpc:localhost:39281|admin:localhost:38455|client:localhost:36053|dataStream:localhost:45769|priority:0|startupRole:FOLLOWER, s1|rpc:localhost:46849|admin:localhost:41515|client:localhost:39119|dataStream:localhost:41703|priority:0|startupRole:FOLLOWER, s2|rpc:localhost:35167|admin:localhost:44965|client:localhost:40979|dataStream:localhost:34151|priority:0|startupRole:FOLLOWER]|listeners:[], old=null
2022-09-20 10:13:24,181 [grpc-default-executor-5] INFO  server.RaftServer$Division (RaftServerImpl.java:requestVote(1281)) - s0@group-469FBF65F7A7: receive requestVote(PRE_VOTE, s1, group-469FBF65F7A7, 2, (t:2, i:134))
2022-09-20 10:13:24,181 [grpc-default-executor-5] WARN  server.GrpcServerProtocolService (LogUtils.java:warn(122)) - s0: Failed requestVote s1->s0#0: org.apache.ratis.protocol.exceptions.ServerNotReadyException: s0@group-469FBF65F7A7 is not in [RUNNING]: current state is CLOSED
2022-09-20 10:13:24,182 [s1@group-469FBF65F7A7-LeaderElection157] INFO  impl.LeaderElection (LogUtils.java:infoOrTrace(137)) - s1@group-469FBF65F7A7-LeaderElection157 got exception when requesting votes: java.util.concurrent.ExecutionException: org.apache.ratis.thirdparty.io.grpc.StatusRuntimeException: INTERNAL: s0@group-469FBF65F7A7 is not in [RUNNING]: current state is CLOSED
2022-09-20 10:13:24,182 [grpc-default-executor-0] INFO  server.RaftServer$Division (RaftServerImpl.java:requestVote(1281)) - s2@group-469FBF65F7A7: receive requestVote(PRE_VOTE, s1, group-469FBF65F7A7, 2, (t:2, i:134))
2022-09-20 10:13:24,182 [grpc-default-executor-0] WARN  server.GrpcServerProtocolService (LogUtils.java:warn(122)) - s2: Failed requestVote s1->s2#0: org.apache.ratis.protocol.exceptions.ServerNotReadyException: s2@group-469FBF65F7A7 is not in [RUNNING]: current state is CLOSED
2022-09-20 10:13:24,183 [s1@group-469FBF65F7A7-LeaderElection157] INFO  impl.LeaderElection (LogUtils.java:infoOrTrace(137)) - s1@group-469FBF65F7A7-LeaderElection157 got exception when requesting votes: java.util.concurrent.ExecutionException: org.apache.ratis.thirdparty.io.grpc.StatusRuntimeException: INTERNAL: s2@group-469FBF65F7A7 is not in [RUNNING]: current state is CLOSED
2022-09-20 10:13:24,183 [s1@group-469FBF65F7A7-LeaderElection157] INFO  impl.LeaderElection (LeaderElection.java:logAndReturn(89)) - s1@group-469FBF65F7A7-LeaderElection157: PRE_VOTE REJECTED received 0 response(s) and 2 exception(s):
2022-09-20 10:13:24,183 [s1@group-469FBF65F7A7-LeaderElection157] INFO  impl.LeaderElection (LogUtils.java:infoOrTrace(137)) -   Exception 0: java.util.concurrent.ExecutionException: org.apache.ratis.thirdparty.io.grpc.StatusRuntimeException: INTERNAL: s0@group-469FBF65F7A7 is not in [RUNNING]: current state is CLOSED
2022-09-20 10:13:24,183 [s1@group-469FBF65F7A7-LeaderElection157] INFO  impl.LeaderElection (LogUtils.java:infoOrTrace(137)) -   Exception 1: java.util.concurrent.ExecutionException: org.apache.ratis.thirdparty.io.grpc.StatusRuntimeException: INTERNAL: s2@group-469FBF65F7A7 is not in [RUNNING]: current state is CLOSED
2022-09-20 10:13:24,183 [s1@group-469FBF65F7A7-LeaderElection157] INFO  impl.LeaderElection (LeaderElection.java:askForVotes(310)) - s1@group-469FBF65F7A7-LeaderElection157 PRE_VOTE round 0: result REJECTED
2022-09-20 10:13:24,183 [s1@group-469FBF65F7A7-LeaderElection157] INFO  server.RaftServer$Division (RaftServerImpl.java:setRole(317)) - s1@group-469FBF65F7A7: changes role from CANDIDATE to FOLLOWER at term 2 for REJECTED
2022-09-20 10:13:24,183 [s1@group-469FBF65F7A7-LeaderElection157] INFO  impl.RoleInfo (RoleInfo.java:shutdownLeaderElection(130)) - s1: shutdown s1@group-469FBF65F7A7-LeaderElection157
2022-09-20 10:13:24,183 [s1@group-469FBF65F7A7-LeaderElection157] INFO  impl.RoleInfo (RoleInfo.java:updateAndGet(139)) - s1: start s1@group-469FBF65F7A7-FollowerState
2022-09-20 10:13:24,285 [null-request--thread1] INFO  server.GrpcClientProtocolService (GrpcClientProtocolService.java:lambda$processClientRequest$0(284)) - Failed RaftClientRequest:client-76B04C62A16F->s1@group-469FBF65F7A7, cid=451, seq=0, RW, Message:6d3635, reply=RaftClientReply:client-76B04C62A16F->s1@group-469FBF65F7A7, cid=451, FAILED org.apache.ratis.protocol.exceptions.NotLeaderException: Server s1@group-469FBF65F7A7 is not the leader, logIndex=0, commits[s1:c133, s0:c130, s2:c133]
2022-09-20 10:13:24,393 [s1@group-469FBF65F7A7-FollowerState] INFO  impl.FollowerState (FollowerState.java:run(141)) - s1@group-469FBF65F7A7-FollowerState: change to CANDIDATE, lastRpcElapsedTime:209534957ns, electionTimeout:209ms
2022-09-20 10:13:24,393 [s1@group-469FBF65F7A7-FollowerState] INFO  impl.RoleInfo (RoleInfo.java:shutdownFollowerState(110)) - s1: shutdown s1@group-469FBF65F7A7-FollowerState
2022-09-20 10:13:24,393 [s1@group-469FBF65F7A7-FollowerState] INFO  server.RaftServer$Division (RaftServerImpl.java:setRole(317)) - s1@group-469FBF65F7A7: changes role from  FOLLOWER to CANDIDATE at term 2 for changeToCandidate
2022-09-20 10:13:24,393 [s1@group-469FBF65F7A7-FollowerState] INFO  server.RaftServerConfigKeys (ConfUtils.java:logGet(46)) - raft.server.leaderelection.pre-vote = true (default)
2022-09-20 10:13:24,393 [s1@group-469FBF65F7A7-FollowerState] INFO  impl.RoleInfo (RoleInfo.java:updateAndGet(139)) - s1: start s1@group-469FBF65F7A7-LeaderElection158
2022-09-20 10:13:24,394 [s1@group-469FBF65F7A7-LeaderElection158] INFO  impl.LeaderElection (LeaderElection.java:askForVotes(308)) - s1@group-469FBF65F7A7-LeaderElection158 PRE_VOTE round 0: submit vote requests at term 2 for 133: peers:[s0|rpc:localhost:39281|admin:localhost:38455|client:localhost:36053|dataStream:localhost:45769|priority:0|startupRole:FOLLOWER, s1|rpc:localhost:46849|admin:localhost:41515|client:localhost:39119|dataStream:localhost:41703|priority:0|startupRole:FOLLOWER, s2|rpc:localhost:35167|admin:localhost:44965|client:localhost:40979|dataStream:localhost:34151|priority:0|startupRole:FOLLOWER]|listeners:[], old=null
2022-09-20 10:13:24,395 [grpc-default-executor-5] INFO  server.RaftServer$Division (RaftServerImpl.java:requestVote(1281)) - s2@group-469FBF65F7A7: receive requestVote(PRE_VOTE, s1, group-469FBF65F7A7, 2, (t:2, i:134))
2022-09-20 10:13:24,395 [grpc-default-executor-5] WARN  server.GrpcServerProtocolService (LogUtils.java:warn(122)) - s2: Failed requestVote s1->s2#0: org.apache.ratis.protocol.exceptions.ServerNotReadyException: s2@group-469FBF65F7A7 is not in [RUNNING]: current state is CLOSED
2022-09-20 10:13:24,395 [grpc-default-executor-0] INFO  server.RaftServer$Division (RaftServerImpl.java:requestVote(1281)) - s0@group-469FBF65F7A7: receive requestVote(PRE_VOTE, s1, group-469FBF65F7A7, 2, (t:2, i:134))
2022-09-20 10:13:24,395 [grpc-default-executor-0] WARN  server.GrpcServerProtocolService (LogUtils.java:warn(122)) - s0: Failed requestVote s1->s0#0: org.apache.ratis.protocol.exceptions.ServerNotReadyException: s0@group-469FBF65F7A7 is not in [RUNNING]: current state is CLOSED
2022-09-20 10:13:24,396 [s1@group-469FBF65F7A7-LeaderElection158] INFO  impl.LeaderElection (LogUtils.java:infoOrTrace(137)) - s1@group-469FBF65F7A7-LeaderElection158 got exception when requesting votes: java.util.concurrent.ExecutionException: org.apache.ratis.thirdparty.io.grpc.StatusRuntimeException: INTERNAL: s0@group-469FBF65F7A7 is not in [RUNNING]: current state is CLOSED
2022-09-20 10:13:24,396 [s1@group-469FBF65F7A7-LeaderElection158] INFO  impl.LeaderElection (LogUtils.java:infoOrTrace(137)) - s1@group-469FBF65F7A7-LeaderElection158 got exception when requesting votes: java.util.concurrent.ExecutionException: org.apache.ratis.thirdparty.io.grpc.StatusRuntimeException: INTERNAL: s2@group-469FBF65F7A7 is not in [RUNNING]: current state is CLOSED
2022-09-20 10:13:24,396 [s1@group-469FBF65F7A7-LeaderElection158] INFO  impl.LeaderElection (LeaderElection.java:logAndReturn(89)) - s1@group-469FBF65F7A7-LeaderElection158: PRE_VOTE REJECTED received 0 response(s) and 2 exception(s):
2022-09-20 10:13:24,396 [s1@group-469FBF65F7A7-LeaderElection158] INFO  impl.LeaderElection (LogUtils.java:infoOrTrace(137)) -   Exception 0: java.util.concurrent.ExecutionException: org.apache.ratis.thirdparty.io.grpc.StatusRuntimeException: INTERNAL: s0@group-469FBF65F7A7 is not in [RUNNING]: current state is CLOSED
2022-09-20 10:13:24,396 [s1@group-469FBF65F7A7-LeaderElection158] INFO  impl.LeaderElection (LogUtils.java:infoOrTrace(137)) -   Exception 1: java.util.concurrent.ExecutionException: org.apache.ratis.thirdparty.io.grpc.StatusRuntimeException: INTERNAL: s2@group-469FBF65F7A7 is not in [RUNNING]: current state is CLOSED
2022-09-20 10:13:24,396 [s1@group-469FBF65F7A7-LeaderElection158] INFO  impl.LeaderElection (LeaderElection.java:askForVotes(310)) - s1@group-469FBF65F7A7-LeaderElection158 PRE_VOTE round 0: result REJECTED
2022-09-20 10:13:24,396 [s1@group-469FBF65F7A7-LeaderElection158] INFO  server.RaftServer$Division (RaftServerImpl.java:setRole(317)) - s1@group-469FBF65F7A7: changes role from CANDIDATE to FOLLOWER at term 2 for REJECTED
2022-09-20 10:13:24,396 [s1@group-469FBF65F7A7-LeaderElection158] INFO  impl.RoleInfo (RoleInfo.java:shutdownLeaderElection(130)) - s1: shutdown s1@group-469FBF65F7A7-LeaderElection158
2022-09-20 10:13:24,396 [s1@group-469FBF65F7A7-LeaderElection158] INFO  impl.RoleInfo (RoleInfo.java:updateAndGet(139)) - s1: start s1@group-469FBF65F7A7-FollowerState
2022-09-20 10:13:24,647 [s1@group-469FBF65F7A7-FollowerState] INFO  impl.FollowerState (FollowerState.java:run(141)) - s1@group-469FBF65F7A7-FollowerState: change to CANDIDATE, lastRpcElapsedTime:250387351ns, electionTimeout:250ms
2022-09-20 10:13:24,647 [s1@group-469FBF65F7A7-FollowerState] INFO  impl.RoleInfo (RoleInfo.java:shutdownFollowerState(110)) - s1: shutdown s1@group-469FBF65F7A7-FollowerState
2022-09-20 10:13:24,647 [s1@group-469FBF65F7A7-FollowerState] INFO  server.RaftServer$Division (RaftServerImpl.java:setRole(317)) - s1@group-469FBF65F7A7: changes role from  FOLLOWER to CANDIDATE at term 2 for changeToCandidate
2022-09-20 10:13:24,647 [s1@group-469FBF65F7A7-FollowerState] INFO  server.RaftServerConfigKeys (ConfUtils.java:logGet(46)) - raft.server.leaderelection.pre-vote = true (default)
2022-09-20 10:13:24,647 [s1@group-469FBF65F7A7-FollowerState] INFO  impl.RoleInfo (RoleInfo.java:updateAndGet(139)) - s1: start s1@group-469FBF65F7A7-LeaderElection159
2022-09-20 10:13:24,647 [s1@group-469FBF65F7A7-LeaderElection159] INFO  impl.LeaderElection (LeaderElection.java:askForVotes(308)) - s1@group-469FBF65F7A7-LeaderElection159 PRE_VOTE round 0: submit vote requests at term 2 for 133: peers:[s0|rpc:localhost:39281|admin:localhost:38455|client:localhost:36053|dataStream:localhost:45769|priority:0|startupRole:FOLLOWER, s1|rpc:localhost:46849|admin:localhost:41515|client:localhost:39119|dataStream:localhost:41703|priority:0|startupRole:FOLLOWER, s2|rpc:localhost:35167|admin:localhost:44965|client:localhost:40979|dataStream:localhost:34151|priority:0|startupRole:FOLLOWER]|listeners:[], old=null
2022-09-20 10:13:24,648 [grpc-default-executor-0] INFO  server.RaftServer$Division (RaftServerImpl.java:requestVote(1281)) - s2@group-469FBF65F7A7: receive requestVote(PRE_VOTE, s1, group-469FBF65F7A7, 2, (t:2, i:134))
2022-09-20 10:13:24,649 [grpc-default-executor-0] WARN  server.GrpcServerProtocolService (LogUtils.java:warn(122)) - s2: Failed requestVote s1->s2#0: org.apache.ratis.protocol.exceptions.ServerNotReadyException: s2@group-469FBF65F7A7 is not in [RUNNING]: current state is CLOSED
2022-09-20 10:13:24,649 [grpc-default-executor-5] INFO  server.RaftServer$Division (RaftServerImpl.java:requestVote(1281)) - s0@group-469FBF65F7A7: receive requestVote(PRE_VOTE, s1, group-469FBF65F7A7, 2, (t:2, i:134))
2022-09-20 10:13:24,649 [grpc-default-executor-5] WARN  server.GrpcServerProtocolService (LogUtils.java:warn(122)) - s0: Failed requestVote s1->s0#0: org.apache.ratis.protocol.exceptions.ServerNotReadyException: s0@group-469FBF65F7A7 is not in [RUNNING]: current state is CLOSED
2022-09-20 10:13:24,649 [s1@group-469FBF65F7A7-LeaderElection159] INFO  impl.LeaderElection (LogUtils.java:infoOrTrace(137)) - s1@group-469FBF65F7A7-LeaderElection159 got exception when requesting votes: java.util.concurrent.ExecutionException: org.apache.ratis.thirdparty.io.grpc.StatusRuntimeException: INTERNAL: s2@group-469FBF65F7A7 is not in [RUNNING]: current state is CLOSED
2022-09-20 10:13:24,650 [s1@group-469FBF65F7A7-LeaderElection159] INFO  impl.LeaderElection (LogUtils.java:infoOrTrace(137)) - s1@group-469FBF65F7A7-LeaderElection159 got exception when requesting votes: java.util.concurrent.ExecutionException: org.apache.ratis.thirdparty.io.grpc.StatusRuntimeException: INTERNAL: s0@group-469FBF65F7A7 is not in [RUNNING]: current state is CLOSED
2022-09-20 10:13:24,650 [s1@group-469FBF65F7A7-LeaderElection159] INFO  impl.LeaderElection (LeaderElection.java:logAndReturn(89)) - s1@group-469FBF65F7A7-LeaderElection159: PRE_VOTE REJECTED received 0 response(s) and 2 exception(s):
2022-09-20 10:13:24,650 [s1@group-469FBF65F7A7-LeaderElection159] INFO  impl.LeaderElection (LogUtils.java:infoOrTrace(137)) -   Exception 0: java.util.concurrent.ExecutionException: org.apache.ratis.thirdparty.io.grpc.StatusRuntimeException: INTERNAL: s2@group-469FBF65F7A7 is not in [RUNNING]: current state is CLOSED
2022-09-20 10:13:24,650 [s1@group-469FBF65F7A7-LeaderElection159] INFO  impl.LeaderElection (LogUtils.java:infoOrTrace(137)) -   Exception 1: java.util.concurrent.ExecutionException: org.apache.ratis.thirdparty.io.grpc.StatusRuntimeException: INTERNAL: s0@group-469FBF65F7A7 is not in [RUNNING]: current state is CLOSED
2022-09-20 10:13:24,650 [s1@group-469FBF65F7A7-LeaderElection159] INFO  impl.LeaderElection (LeaderElection.java:askForVotes(310)) - s1@group-469FBF65F7A7-LeaderElection159 PRE_VOTE round 0: result REJECTED
2022-09-20 10:13:24,650 [s1@group-469FBF65F7A7-LeaderElection159] INFO  server.RaftServer$Division (RaftServerImpl.java:setRole(317)) - s1@group-469FBF65F7A7: changes role from CANDIDATE to FOLLOWER at term 2 for REJECTED
2022-09-20 10:13:24,650 [s1@group-469FBF65F7A7-LeaderElection159] INFO  impl.RoleInfo (RoleInfo.java:shutdownLeaderElection(130)) - s1: shutdown s1@group-469FBF65F7A7-LeaderElection159
2022-09-20 10:13:24,650 [s1@group-469FBF65F7A7-LeaderElection159] INFO  impl.RoleInfo (RoleInfo.java:updateAndGet(139)) - s1: start s1@group-469FBF65F7A7-FollowerState
2022-09-20 10:13:24,905 [s1@group-469FBF65F7A7-FollowerState] INFO  impl.FollowerState (FollowerState.java:run(141)) - s1@group-469FBF65F7A7-FollowerState: change to CANDIDATE, lastRpcElapsedTime:255563138ns, electionTimeout:255ms
2022-09-20 10:13:24,905 [s1@group-469FBF65F7A7-FollowerState] INFO  impl.RoleInfo (RoleInfo.java:shutdownFollowerState(110)) - s1: shutdown s1@group-469FBF65F7A7-FollowerState
2022-09-20 10:13:24,906 [s1@group-469FBF65F7A7-FollowerState] INFO  server.RaftServer$Division (RaftServerImpl.java:setRole(317)) - s1@group-469FBF65F7A7: changes role from  FOLLOWER to CANDIDATE at term 2 for changeToCandidate
2022-09-20 10:13:24,906 [s1@group-469FBF65F7A7-FollowerState] INFO  server.RaftServerConfigKeys (ConfUtils.java:logGet(46)) - raft.server.leaderelection.pre-vote = true (default)
2022-09-20 10:13:24,906 [s1@group-469FBF65F7A7-FollowerState] INFO  impl.RoleInfo (RoleInfo.java:updateAndGet(139)) - s1: start s1@group-469FBF65F7A7-LeaderElection160
2022-09-20 10:13:24,906 [s1@group-469FBF65F7A7-LeaderElection160] INFO  impl.LeaderElection (LeaderElection.java:askForVotes(308)) - s1@group-469FBF65F7A7-LeaderElection160 PRE_VOTE round 0: submit vote requests at term 2 for 133: peers:[s0|rpc:localhost:39281|admin:localhost:38455|client:localhost:36053|dataStream:localhost:45769|priority:0|startupRole:FOLLOWER, s1|rpc:localhost:46849|admin:localhost:41515|client:localhost:39119|dataStream:localhost:41703|priority:0|startupRole:FOLLOWER, s2|rpc:localhost:35167|admin:localhost:44965|client:localhost:40979|dataStream:localhost:34151|priority:0|startupRole:FOLLOWER]|listeners:[], old=null
2022-09-20 10:13:24,907 [grpc-default-executor-5] INFO  server.RaftServer$Division (RaftServerImpl.java:requestVote(1281)) - s2@group-469FBF65F7A7: receive requestVote(PRE_VOTE, s1, group-469FBF65F7A7, 2, (t:2, i:134))
2022-09-20 10:13:24,907 [grpc-default-executor-0] INFO  server.RaftServer$Division (RaftServerImpl.java:requestVote(1281)) - s0@group-469FBF65F7A7: receive requestVote(PRE_VOTE, s1, group-469FBF65F7A7, 2, (t:2, i:134))
2022-09-20 10:13:24,907 [grpc-default-executor-5] WARN  server.GrpcServerProtocolService (LogUtils.java:warn(122)) - s2: Failed requestVote s1->s2#0: org.apache.ratis.protocol.exceptions.ServerNotReadyException: s2@group-469FBF65F7A7 is not in [RUNNING]: current state is CLOSED
2022-09-20 10:13:24,907 [grpc-default-executor-0] WARN  server.GrpcServerProtocolService (LogUtils.java:warn(122)) - s0: Failed requestVote s1->s0#0: org.apache.ratis.protocol.exceptions.ServerNotReadyException: s0@group-469FBF65F7A7 is not in [RUNNING]: current state is CLOSED
2022-09-20 10:13:24,908 [s1@group-469FBF65F7A7-LeaderElection160] INFO  impl.LeaderElection (LogUtils.java:infoOrTrace(137)) - s1@group-469FBF65F7A7-LeaderElection160 got exception when requesting votes: java.util.concurrent.ExecutionException: org.apache.ratis.thirdparty.io.grpc.StatusRuntimeException: INTERNAL: s2@group-469FBF65F7A7 is not in [RUNNING]: current state is CLOSED
2022-09-20 10:13:24,910 [s1@group-469FBF65F7A7-LeaderElection160] INFO  impl.LeaderElection (LogUtils.java:infoOrTrace(137)) - s1@group-469FBF65F7A7-LeaderElection160 got exception when requesting votes: java.util.concurrent.ExecutionException: org.apache.ratis.thirdparty.io.grpc.StatusRuntimeException: INTERNAL: s0@group-469FBF65F7A7 is not in [RUNNING]: current state is CLOSED
2022-09-20 10:13:24,910 [s1@group-469FBF65F7A7-LeaderElection160] INFO  impl.LeaderElection (LeaderElection.java:logAndReturn(89)) - s1@group-469FBF65F7A7-LeaderElection160: PRE_VOTE REJECTED received 0 response(s) and 2 exception(s):
2022-09-20 10:13:24,910 [s1@group-469FBF65F7A7-LeaderElection160] INFO  impl.LeaderElection (LogUtils.java:infoOrTrace(137)) -   Exception 0: java.util.concurrent.ExecutionException: org.apache.ratis.thirdparty.io.grpc.StatusRuntimeException: INTERNAL: s2@group-469FBF65F7A7 is not in [RUNNING]: current state is CLOSED
2022-09-20 10:13:24,910 [s1@group-469FBF65F7A7-LeaderElection160] INFO  impl.LeaderElection (LogUtils.java:infoOrTrace(137)) -   Exception 1: java.util.concurrent.ExecutionException: org.apache.ratis.thirdparty.io.grpc.StatusRuntimeException: INTERNAL: s0@group-469FBF65F7A7 is not in [RUNNING]: current state is CLOSED
2022-09-20 10:13:24,910 [s1@group-469FBF65F7A7-LeaderElection160] INFO  impl.LeaderElection (LeaderElection.java:askForVotes(310)) - s1@group-469FBF65F7A7-LeaderElection160 PRE_VOTE round 0: result REJECTED
2022-09-20 10:13:24,910 [s1@group-469FBF65F7A7-LeaderElection160] INFO  server.RaftServer$Division (RaftServerImpl.java:setRole(317)) - s1@group-469FBF65F7A7: changes role from CANDIDATE to FOLLOWER at term 2 for REJECTED
2022-09-20 10:13:24,910 [s1@group-469FBF65F7A7-LeaderElection160] INFO  impl.RoleInfo (RoleInfo.java:shutdownLeaderElection(130)) - s1: shutdown s1@group-469FBF65F7A7-LeaderElection160
2022-09-20 10:13:24,910 [s1@group-469FBF65F7A7-LeaderElection160] INFO  impl.RoleInfo (RoleInfo.java:updateAndGet(139)) - s1: start s1@group-469FBF65F7A7-FollowerState
2022-09-20 10:13:25,129 [null-request--thread1] INFO  server.GrpcClientProtocolService (GrpcClientProtocolService.java:lambda$processClientRequest$0(284)) - Failed RaftClientRequest:client-76B04C62A16F->s1@group-469FBF65F7A7, cid=451, seq=0, RW, Message:6d3635, reply=RaftClientReply:client-76B04C62A16F->s1@group-469FBF65F7A7, cid=451, FAILED org.apache.ratis.protocol.exceptions.NotLeaderException: Server s1@group-469FBF65F7A7 is not the leader, logIndex=0, commits[s1:c133, s0:c130, s2:c133]
2022-09-20 10:13:25,158 [s1@group-469FBF65F7A7-FollowerState] INFO  impl.FollowerState (FollowerState.java:run(141)) - s1@group-469FBF65F7A7-FollowerState: change to CANDIDATE, lastRpcElapsedTime:247363099ns, electionTimeout:247ms
2022-09-20 10:13:25,158 [s1@group-469FBF65F7A7-FollowerState] INFO  impl.RoleInfo (RoleInfo.java:shutdownFollowerState(110)) - s1: shutdown s1@group-469FBF65F7A7-FollowerState
2022-09-20 10:13:25,158 [s1@group-469FBF65F7A7-FollowerState] INFO  server.RaftServer$Division (RaftServerImpl.java:setRole(317)) - s1@group-469FBF65F7A7: changes role from  FOLLOWER to CANDIDATE at term 2 for changeToCandidate
2022-09-20 10:13:25,158 [s1@group-469FBF65F7A7-FollowerState] INFO  server.RaftServerConfigKeys (ConfUtils.java:logGet(46)) - raft.server.leaderelection.pre-vote = true (default)
2022-09-20 10:13:25,158 [s1@group-469FBF65F7A7-FollowerState] INFO  impl.RoleInfo (RoleInfo.java:updateAndGet(139)) - s1: start s1@group-469FBF65F7A7-LeaderElection161
2022-09-20 10:13:25,158 [s1@group-469FBF65F7A7-LeaderElection161] INFO  impl.LeaderElection (LeaderElection.java:askForVotes(308)) - s1@group-469FBF65F7A7-LeaderElection161 PRE_VOTE round 0: submit vote requests at term 2 for 133: peers:[s0|rpc:localhost:39281|admin:localhost:38455|client:localhost:36053|dataStream:localhost:45769|priority:0|startupRole:FOLLOWER, s1|rpc:localhost:46849|admin:localhost:41515|client:localhost:39119|dataStream:localhost:41703|priority:0|startupRole:FOLLOWER, s2|rpc:localhost:35167|admin:localhost:44965|client:localhost:40979|dataStream:localhost:34151|priority:0|startupRole:FOLLOWER]|listeners:[], old=null
2022-09-20 10:13:25,160 [grpc-default-executor-0] INFO  server.RaftServer$Division (RaftServerImpl.java:requestVote(1281)) - s0@group-469FBF65F7A7: receive requestVote(PRE_VOTE, s1, group-469FBF65F7A7, 2, (t:2, i:134))
2022-09-20 10:13:25,160 [grpc-default-executor-0] WARN  server.GrpcServerProtocolService (LogUtils.java:warn(122)) - s0: Failed requestVote s1->s0#0: org.apache.ratis.protocol.exceptions.ServerNotReadyException: s0@group-469FBF65F7A7 is not in [RUNNING]: current state is CLOSED
2022-09-20 10:13:25,160 [grpc-default-executor-0] INFO  server.RaftServer$Division (RaftServerImpl.java:requestVote(1281)) - s2@group-469FBF65F7A7: receive requestVote(PRE_VOTE, s1, group-469FBF65F7A7, 2, (t:2, i:134))
2022-09-20 10:13:25,160 [grpc-default-executor-0] WARN  server.GrpcServerProtocolService (LogUtils.java:warn(122)) - s2: Failed requestVote s1->s2#0: org.apache.ratis.protocol.exceptions.ServerNotReadyException: s2@group-469FBF65F7A7 is not in [RUNNING]: current state is CLOSED
2022-09-20 10:13:25,160 [s1@group-469FBF65F7A7-LeaderElection161] INFO  impl.LeaderElection (LogUtils.java:infoOrTrace(137)) - s1@group-469FBF65F7A7-LeaderElection161 got exception when requesting votes: java.util.concurrent.ExecutionException: org.apache.ratis.thirdparty.io.grpc.StatusRuntimeException: INTERNAL: s0@group-469FBF65F7A7 is not in [RUNNING]: current state is CLOSED
2022-09-20 10:13:25,160 [s1@group-469FBF65F7A7-LeaderElection161] INFO  impl.LeaderElection (LogUtils.java:infoOrTrace(137)) - s1@group-469FBF65F7A7-LeaderElection161 got exception when requesting votes: java.util.concurrent.ExecutionException: org.apache.ratis.thirdparty.io.grpc.StatusRuntimeException: INTERNAL: s2@group-469FBF65F7A7 is not in [RUNNING]: current state is CLOSED
2022-09-20 10:13:25,160 [s1@group-469FBF65F7A7-LeaderElection161] INFO  impl.LeaderElection (LeaderElection.java:logAndReturn(89)) - s1@group-469FBF65F7A7-LeaderElection161: PRE_VOTE REJECTED received 0 response(s) and 2 exception(s):
2022-09-20 10:13:25,160 [s1@group-469FBF65F7A7-LeaderElection161] INFO  impl.LeaderElection (LogUtils.java:infoOrTrace(137)) -   Exception 0: java.util.concurrent.ExecutionException: org.apache.ratis.thirdparty.io.grpc.StatusRuntimeException: INTERNAL: s0@group-469FBF65F7A7 is not in [RUNNING]: current state is CLOSED
2022-09-20 10:13:25,160 [s1@group-469FBF65F7A7-LeaderElection161] INFO  impl.LeaderElection (LogUtils.java:infoOrTrace(137)) -   Exception 1: java.util.concurrent.ExecutionException: org.apache.ratis.thirdparty.io.grpc.StatusRuntimeException: INTERNAL: s2@group-469FBF65F7A7 is not in [RUNNING]: current state is CLOSED
2022-09-20 10:13:25,161 [s1@group-469FBF65F7A7-LeaderElection161] INFO  impl.LeaderElection (LeaderElection.java:askForVotes(310)) - s1@group-469FBF65F7A7-LeaderElection161 PRE_VOTE round 0: result REJECTED
2022-09-20 10:13:25,161 [s1@group-469FBF65F7A7-LeaderElection161] INFO  server.RaftServer$Division (RaftServerImpl.java:setRole(317)) - s1@group-469FBF65F7A7: changes role from CANDIDATE to FOLLOWER at term 2 for REJECTED
2022-09-20 10:13:25,161 [s1@group-469FBF65F7A7-LeaderElection161] INFO  impl.RoleInfo (RoleInfo.java:shutdownLeaderElection(130)) - s1: shutdown s1@group-469FBF65F7A7-LeaderElection161
2022-09-20 10:13:25,161 [s1@group-469FBF65F7A7-LeaderElection161] INFO  impl.RoleInfo (RoleInfo.java:updateAndGet(139)) - s1: start s1@group-469FBF65F7A7-FollowerState
2022-09-20 10:13:25,442 [null-request--thread1] INFO  server.GrpcClientProtocolService (GrpcClientProtocolService.java:lambda$processClientRequest$0(284)) - Failed RaftClientRequest:client-76B04C62A16F->s1@group-469FBF65F7A7, cid=451, seq=0, RW, Message:6d3635, reply=RaftClientReply:client-76B04C62A16F->s1@group-469FBF65F7A7, cid=451, FAILED org.apache.ratis.protocol.exceptions.NotLeaderException: Server s1@group-469FBF65F7A7 is not the leader, logIndex=0, commits[s1:c133, s0:c130, s2:c133]
2022-09-20 10:13:25,448 [s1@group-469FBF65F7A7-FollowerState] INFO  impl.FollowerState (FollowerState.java:run(141)) - s1@group-469FBF65F7A7-FollowerState: change to CANDIDATE, lastRpcElapsedTime:287376678ns, electionTimeout:287ms
2022-09-20 10:13:25,448 [s1@group-469FBF65F7A7-FollowerState] INFO  impl.RoleInfo (RoleInfo.java:shutdownFollowerState(110)) - s1: shutdown s1@group-469FBF65F7A7-FollowerState
2022-09-20 10:13:25,448 [s1@group-469FBF65F7A7-FollowerState] INFO  server.RaftServer$Division (RaftServerImpl.java:setRole(317)) - s1@group-469FBF65F7A7: changes role from  FOLLOWER to CANDIDATE at term 2 for changeToCandidate
2022-09-20 10:13:25,448 [s1@group-469FBF65F7A7-FollowerState] INFO  server.RaftServerConfigKeys (ConfUtils.java:logGet(46)) - raft.server.leaderelection.pre-vote = true (default)
2022-09-20 10:13:25,448 [s1@group-469FBF65F7A7-FollowerState] INFO  impl.RoleInfo (RoleInfo.java:updateAndGet(139)) - s1: start s1@group-469FBF65F7A7-LeaderElection162
2022-09-20 10:13:25,449 [s1@group-469FBF65F7A7-LeaderElection162] INFO  impl.LeaderElection (LeaderElection.java:askForVotes(308)) - s1@group-469FBF65F7A7-LeaderElection162 PRE_VOTE round 0: submit vote requests at term 2 for 133: peers:[s0|rpc:localhost:39281|admin:localhost:38455|client:localhost:36053|dataStream:localhost:45769|priority:0|startupRole:FOLLOWER, s1|rpc:localhost:46849|admin:localhost:41515|client:localhost:39119|dataStream:localhost:41703|priority:0|startupRole:FOLLOWER, s2|rpc:localhost:35167|admin:localhost:44965|client:localhost:40979|dataStream:localhost:34151|priority:0|startupRole:FOLLOWER]|listeners:[], old=null
2022-09-20 10:13:25,450 [grpc-default-executor-0] INFO  server.RaftServer$Division (RaftServerImpl.java:requestVote(1281)) - s2@group-469FBF65F7A7: receive requestVote(PRE_VOTE, s1, group-469FBF65F7A7, 2, (t:2, i:134))
2022-09-20 10:13:25,450 [grpc-default-executor-0] WARN  server.GrpcServerProtocolService (LogUtils.java:warn(122)) - s2: Failed requestVote s1->s2#0: org.apache.ratis.protocol.exceptions.ServerNotReadyException: s2@group-469FBF65F7A7 is not in [RUNNING]: current state is CLOSED
2022-09-20 10:13:25,450 [grpc-default-executor-8] INFO  server.RaftServer$Division (RaftServerImpl.java:requestVote(1281)) - s0@group-469FBF65F7A7: receive requestVote(PRE_VOTE, s1, group-469FBF65F7A7, 2, (t:2, i:134))
2022-09-20 10:13:25,450 [grpc-default-executor-8] WARN  server.GrpcServerProtocolService (LogUtils.java:warn(122)) - s0: Failed requestVote s1->s0#0: org.apache.ratis.protocol.exceptions.ServerNotReadyException: s0@group-469FBF65F7A7 is not in [RUNNING]: current state is CLOSED
2022-09-20 10:13:25,450 [s1@group-469FBF65F7A7-LeaderElection162] INFO  impl.LeaderElection (LogUtils.java:infoOrTrace(137)) - s1@group-469FBF65F7A7-LeaderElection162 got exception when requesting votes: java.util.concurrent.ExecutionException: org.apache.ratis.thirdparty.io.grpc.StatusRuntimeException: INTERNAL: s0@group-469FBF65F7A7 is not in [RUNNING]: current state is CLOSED
2022-09-20 10:13:25,451 [s1@group-469FBF65F7A7-LeaderElection162] INFO  impl.LeaderElection (LogUtils.java:infoOrTrace(137)) - s1@group-469FBF65F7A7-LeaderElection162 got exception when requesting votes: java.util.concurrent.ExecutionException: org.apache.ratis.thirdparty.io.grpc.StatusRuntimeException: INTERNAL: s2@group-469FBF65F7A7 is not in [RUNNING]: current state is CLOSED
2022-09-20 10:13:25,451 [s1@group-469FBF65F7A7-LeaderElection162] INFO  impl.LeaderElection (LeaderElection.java:logAndReturn(89)) - s1@group-469FBF65F7A7-LeaderElection162: PRE_VOTE REJECTED received 0 response(s) and 2 exception(s):
2022-09-20 10:13:25,451 [s1@group-469FBF65F7A7-LeaderElection162] INFO  impl.LeaderElection (LogUtils.java:infoOrTrace(137)) -   Exception 0: java.util.concurrent.ExecutionException: org.apache.ratis.thirdparty.io.grpc.StatusRuntimeException: INTERNAL: s0@group-469FBF65F7A7 is not in [RUNNING]: current state is CLOSED
2022-09-20 10:13:25,451 [s1@group-469FBF65F7A7-LeaderElection162] INFO  impl.LeaderElection (LogUtils.java:infoOrTrace(137)) -   Exception 1: java.util.concurrent.ExecutionException: org.apache.ratis.thirdparty.io.grpc.StatusRuntimeException: INTERNAL: s2@group-469FBF65F7A7 is not in [RUNNING]: current state is CLOSED
2022-09-20 10:13:25,451 [s1@group-469FBF65F7A7-LeaderElection162] INFO  impl.LeaderElection (LeaderElection.java:askForVotes(310)) - s1@group-469FBF65F7A7-LeaderElection162 PRE_VOTE round 0: result REJECTED
2022-09-20 10:13:25,451 [s1@group-469FBF65F7A7-LeaderElection162] INFO  server.RaftServer$Division (RaftServerImpl.java:setRole(317)) - s1@group-469FBF65F7A7: changes role from CANDIDATE to FOLLOWER at term 2 for REJECTED
2022-09-20 10:13:25,451 [s1@group-469FBF65F7A7-LeaderElection162] INFO  impl.RoleInfo (RoleInfo.java:shutdownLeaderElection(130)) - s1: shutdown s1@group-469FBF65F7A7-LeaderElection162
2022-09-20 10:13:25,451 [s1@group-469FBF65F7A7-LeaderElection162] INFO  impl.RoleInfo (RoleInfo.java:updateAndGet(139)) - s1: start s1@group-469FBF65F7A7-FollowerState
2022-09-20 10:13:25,652 [null-request--thread1] INFO  server.GrpcClientProtocolService (GrpcClientProtocolService.java:lambda$processClientRequest$0(284)) - Failed RaftClientRequest:client-76B04C62A16F->s1@group-469FBF65F7A7, cid=451, seq=0, RW, Message:6d3635, reply=RaftClientReply:client-76B04C62A16F->s1@group-469FBF65F7A7, cid=451, FAILED org.apache.ratis.protocol.exceptions.NotLeaderException: Server s1@group-469FBF65F7A7 is not the leader, logIndex=0, commits[s1:c133, s0:c130, s2:c133]
2022-09-20 10:13:25,684 [s1@group-469FBF65F7A7-FollowerState] INFO  impl.FollowerState (FollowerState.java:run(141)) - s1@group-469FBF65F7A7-FollowerState: change to CANDIDATE, lastRpcElapsedTime:233316461ns, electionTimeout:233ms
2022-09-20 10:13:25,684 [s1@group-469FBF65F7A7-FollowerState] INFO  impl.RoleInfo (RoleInfo.java:shutdownFollowerState(110)) - s1: shutdown s1@group-469FBF65F7A7-FollowerState
2022-09-20 10:13:25,684 [s1@group-469FBF65F7A7-FollowerState] INFO  server.RaftServer$Division (RaftServerImpl.java:setRole(317)) - s1@group-469FBF65F7A7: changes role from  FOLLOWER to CANDIDATE at term 2 for changeToCandidate
2022-09-20 10:13:25,684 [s1@group-469FBF65F7A7-FollowerState] INFO  server.RaftServerConfigKeys (ConfUtils.java:logGet(46)) - raft.server.leaderelection.pre-vote = true (default)
2022-09-20 10:13:25,684 [s1@group-469FBF65F7A7-FollowerState] INFO  impl.RoleInfo (RoleInfo.java:updateAndGet(139)) - s1: start s1@group-469FBF65F7A7-LeaderElection163
2022-09-20 10:13:25,685 [s1@group-469FBF65F7A7-LeaderElection163] INFO  impl.LeaderElection (LeaderElection.java:askForVotes(308)) - s1@group-469FBF65F7A7-LeaderElection163 PRE_VOTE round 0: submit vote requests at term 2 for 133: peers:[s0|rpc:localhost:39281|admin:localhost:38455|client:localhost:36053|dataStream:localhost:45769|priority:0|startupRole:FOLLOWER, s1|rpc:localhost:46849|admin:localhost:41515|client:localhost:39119|dataStream:localhost:41703|priority:0|startupRole:FOLLOWER, s2|rpc:localhost:35167|admin:localhost:44965|client:localhost:40979|dataStream:localhost:34151|priority:0|startupRole:FOLLOWER]|listeners:[], old=null
2022-09-20 10:13:25,686 [grpc-default-executor-5] INFO  server.RaftServer$Division (RaftServerImpl.java:requestVote(1281)) - s2@group-469FBF65F7A7: receive requestVote(PRE_VOTE, s1, group-469FBF65F7A7, 2, (t:2, i:134))
2022-09-20 10:13:25,686 [grpc-default-executor-5] WARN  server.GrpcServerProtocolService (LogUtils.java:warn(122)) - s2: Failed requestVote s1->s2#0: org.apache.ratis.protocol.exceptions.ServerNotReadyException: s2@group-469FBF65F7A7 is not in [RUNNING]: current state is CLOSED
2022-09-20 10:13:25,686 [grpc-default-executor-8] INFO  server.RaftServer$Division (RaftServerImpl.java:requestVote(1281)) - s0@group-469FBF65F7A7: receive requestVote(PRE_VOTE, s1, group-469FBF65F7A7, 2, (t:2, i:134))
2022-09-20 10:13:25,686 [grpc-default-executor-8] WARN  server.GrpcServerProtocolService (LogUtils.java:warn(122)) - s0: Failed requestVote s1->s0#0: org.apache.ratis.protocol.exceptions.ServerNotReadyException: s0@group-469FBF65F7A7 is not in [RUNNING]: current state is CLOSED
2022-09-20 10:13:25,686 [s1@group-469FBF65F7A7-LeaderElection163] INFO  impl.LeaderElection (LogUtils.java:infoOrTrace(137)) - s1@group-469FBF65F7A7-LeaderElection163 got exception when requesting votes: java.util.concurrent.ExecutionException: org.apache.ratis.thirdparty.io.grpc.StatusRuntimeException: INTERNAL: s2@group-469FBF65F7A7 is not in [RUNNING]: current state is CLOSED
2022-09-20 10:13:25,686 [s1@group-469FBF65F7A7-LeaderElection163] INFO  impl.LeaderElection (LogUtils.java:infoOrTrace(137)) - s1@group-469FBF65F7A7-LeaderElection163 got exception when requesting votes: java.util.concurrent.ExecutionException: org.apache.ratis.thirdparty.io.grpc.StatusRuntimeException: INTERNAL: s0@group-469FBF65F7A7 is not in [RUNNING]: current state is CLOSED
2022-09-20 10:13:25,686 [s1@group-469FBF65F7A7-LeaderElection163] INFO  impl.LeaderElection (LeaderElection.java:logAndReturn(89)) - s1@group-469FBF65F7A7-LeaderElection163: PRE_VOTE REJECTED received 0 response(s) and 2 exception(s):
2022-09-20 10:13:25,686 [s1@group-469FBF65F7A7-LeaderElection163] INFO  impl.LeaderElection (LogUtils.java:infoOrTrace(137)) -   Exception 0: java.util.concurrent.ExecutionException: org.apache.ratis.thirdparty.io.grpc.StatusRuntimeException: INTERNAL: s2@group-469FBF65F7A7 is not in [RUNNING]: current state is CLOSED
2022-09-20 10:13:25,686 [s1@group-469FBF65F7A7-LeaderElection163] INFO  impl.LeaderElection (LogUtils.java:infoOrTrace(137)) -   Exception 1: java.util.concurrent.ExecutionException: org.apache.ratis.thirdparty.io.grpc.StatusRuntimeException: INTERNAL: s0@group-469FBF65F7A7 is not in [RUNNING]: current state is CLOSED
2022-09-20 10:13:25,686 [s1@group-469FBF65F7A7-LeaderElection163] INFO  impl.LeaderElection (LeaderElection.java:askForVotes(310)) - s1@group-469FBF65F7A7-LeaderElection163 PRE_VOTE round 0: result REJECTED
2022-09-20 10:13:25,687 [s1@group-469FBF65F7A7-LeaderElection163] INFO  server.RaftServer$Division (RaftServerImpl.java:setRole(317)) - s1@group-469FBF65F7A7: changes role from CANDIDATE to FOLLOWER at term 2 for REJECTED
2022-09-20 10:13:25,687 [s1@group-469FBF65F7A7-LeaderElection163] INFO  impl.RoleInfo (RoleInfo.java:shutdownLeaderElection(130)) - s1: shutdown s1@group-469FBF65F7A7-LeaderElection163
2022-09-20 10:13:25,687 [s1@group-469FBF65F7A7-LeaderElection163] INFO  impl.RoleInfo (RoleInfo.java:updateAndGet(139)) - s1: start s1@group-469FBF65F7A7-FollowerState
2022-09-20 10:13:25,953 [s1@group-469FBF65F7A7-FollowerState] INFO  impl.FollowerState (FollowerState.java:run(141)) - s1@group-469FBF65F7A7-FollowerState: change to CANDIDATE, lastRpcElapsedTime:266491024ns, electionTimeout:266ms
2022-09-20 10:13:25,953 [s1@group-469FBF65F7A7-FollowerState] INFO  impl.RoleInfo (RoleInfo.java:shutdownFollowerState(110)) - s1: shutdown s1@group-469FBF65F7A7-FollowerState
2022-09-20 10:13:25,953 [s1@group-469FBF65F7A7-FollowerState] INFO  server.RaftServer$Division (RaftServerImpl.java:setRole(317)) - s1@group-469FBF65F7A7: changes role from  FOLLOWER to CANDIDATE at term 2 for changeToCandidate
2022-09-20 10:13:25,953 [s1@group-469FBF65F7A7-FollowerState] INFO  server.RaftServerConfigKeys (ConfUtils.java:logGet(46)) - raft.server.leaderelection.pre-vote = true (default)
2022-09-20 10:13:25,953 [s1@group-469FBF65F7A7-FollowerState] INFO  impl.RoleInfo (RoleInfo.java:updateAndGet(139)) - s1: start s1@group-469FBF65F7A7-LeaderElection164
2022-09-20 10:13:25,954 [s1@group-469FBF65F7A7-LeaderElection164] INFO  impl.LeaderElection (LeaderElection.java:askForVotes(308)) - s1@group-469FBF65F7A7-LeaderElection164 PRE_VOTE round 0: submit vote requests at term 2 for 133: peers:[s0|rpc:localhost:39281|admin:localhost:38455|client:localhost:36053|dataStream:localhost:45769|priority:0|startupRole:FOLLOWER, s1|rpc:localhost:46849|admin:localhost:41515|client:localhost:39119|dataStream:localhost:41703|priority:0|startupRole:FOLLOWER, s2|rpc:localhost:35167|admin:localhost:44965|client:localhost:40979|dataStream:localhost:34151|priority:0|startupRole:FOLLOWER]|listeners:[], old=null
2022-09-20 10:13:25,955 [grpc-default-executor-0] INFO  server.RaftServer$Division (RaftServerImpl.java:requestVote(1281)) - s2@group-469FBF65F7A7: receive requestVote(PRE_VOTE, s1, group-469FBF65F7A7, 2, (t:2, i:134))
2022-09-20 10:13:25,955 [grpc-default-executor-0] WARN  server.GrpcServerProtocolService (LogUtils.java:warn(122)) - s2: Failed requestVote s1->s2#0: org.apache.ratis.protocol.exceptions.ServerNotReadyException: s2@group-469FBF65F7A7 is not in [RUNNING]: current state is CLOSED
2022-09-20 10:13:25,955 [grpc-default-executor-5] INFO  server.RaftServer$Division (RaftServerImpl.java:requestVote(1281)) - s0@group-469FBF65F7A7: receive requestVote(PRE_VOTE, s1, group-469FBF65F7A7, 2, (t:2, i:134))
2022-09-20 10:13:25,955 [grpc-default-executor-5] WARN  server.GrpcServerProtocolService (LogUtils.java:warn(122)) - s0: Failed requestVote s1->s0#0: org.apache.ratis.protocol.exceptions.ServerNotReadyException: s0@group-469FBF65F7A7 is not in [RUNNING]: current state is CLOSED
2022-09-20 10:13:25,956 [s1@group-469FBF65F7A7-LeaderElection164] INFO  impl.LeaderElection (LogUtils.java:infoOrTrace(137)) - s1@group-469FBF65F7A7-LeaderElection164 got exception when requesting votes: java.util.concurrent.ExecutionException: org.apache.ratis.thirdparty.io.grpc.StatusRuntimeException: INTERNAL: s2@group-469FBF65F7A7 is not in [RUNNING]: current state is CLOSED
2022-09-20 10:13:25,956 [s1@group-469FBF65F7A7-LeaderElection164] INFO  impl.LeaderElection (LogUtils.java:infoOrTrace(137)) - s1@group-469FBF65F7A7-LeaderElection164 got exception when requesting votes: java.util.concurrent.ExecutionException: org.apache.ratis.thirdparty.io.grpc.StatusRuntimeException: INTERNAL: s0@group-469FBF65F7A7 is not in [RUNNING]: current state is CLOSED
2022-09-20 10:13:25,956 [s1@group-469FBF65F7A7-LeaderElection164] INFO  impl.LeaderElection (LeaderElection.java:logAndReturn(89)) - s1@group-469FBF65F7A7-LeaderElection164: PRE_VOTE REJECTED received 0 response(s) and 2 exception(s):
2022-09-20 10:13:25,956 [s1@group-469FBF65F7A7-LeaderElection164] INFO  impl.LeaderElection (LogUtils.java:infoOrTrace(137)) -   Exception 0: java.util.concurrent.ExecutionException: org.apache.ratis.thirdparty.io.grpc.StatusRuntimeException: INTERNAL: s2@group-469FBF65F7A7 is not in [RUNNING]: current state is CLOSED
2022-09-20 10:13:25,956 [s1@group-469FBF65F7A7-LeaderElection164] INFO  impl.LeaderElection (LogUtils.java:infoOrTrace(137)) -   Exception 1: java.util.concurrent.ExecutionException: org.apache.ratis.thirdparty.io.grpc.StatusRuntimeException: INTERNAL: s0@group-469FBF65F7A7 is not in [RUNNING]: current state is CLOSED
2022-09-20 10:13:25,956 [s1@group-469FBF65F7A7-LeaderElection164] INFO  impl.LeaderElection (LeaderElection.java:askForVotes(310)) - s1@group-469FBF65F7A7-LeaderElection164 PRE_VOTE round 0: result REJECTED
2022-09-20 10:13:25,956 [s1@group-469FBF65F7A7-LeaderElection164] INFO  server.RaftServer$Division (RaftServerImpl.java:setRole(317)) - s1@group-469FBF65F7A7: changes role from CANDIDATE to FOLLOWER at term 2 for REJECTED
2022-09-20 10:13:25,956 [s1@group-469FBF65F7A7-LeaderElection164] INFO  impl.RoleInfo (RoleInfo.java:shutdownLeaderElection(130)) - s1: shutdown s1@group-469FBF65F7A7-LeaderElection164
2022-09-20 10:13:25,956 [s1@group-469FBF65F7A7-LeaderElection164] INFO  impl.RoleInfo (RoleInfo.java:updateAndGet(139)) - s1: start s1@group-469FBF65F7A7-FollowerState
2022-09-20 10:13:25,965 [null-request--thread1] INFO  server.GrpcClientProtocolService (GrpcClientProtocolService.java:lambda$processClientRequest$0(284)) - Failed RaftClientRequest:client-76B04C62A16F->s1@group-469FBF65F7A7, cid=451, seq=0, RW, Message:6d3635, reply=RaftClientReply:client-76B04C62A16F->s1@group-469FBF65F7A7, cid=451, FAILED org.apache.ratis.protocol.exceptions.NotLeaderException: Server s1@group-469FBF65F7A7 is not the leader, logIndex=0, commits[s1:c133, s0:c130, s2:c133]
2022-09-20 10:13:26,175 [null-request--thread1] INFO  server.GrpcClientProtocolService (GrpcClientProtocolService.java:lambda$processClientRequest$0(284)) - Failed RaftClientRequest:client-76B04C62A16F->s1@group-469FBF65F7A7, cid=451, seq=0, RW, Message:6d3635, reply=RaftClientReply:client-76B04C62A16F->s1@group-469FBF65F7A7, cid=451, FAILED org.apache.ratis.protocol.exceptions.NotLeaderException: Server s1@group-469FBF65F7A7 is not the leader, logIndex=0, commits[s1:c133, s0:c130, s2:c133]
2022-09-20 10:13:26,231 [s1@group-469FBF65F7A7-FollowerState] INFO  impl.FollowerState (FollowerState.java:run(141)) - s1@group-469FBF65F7A7-FollowerState: change to CANDIDATE, lastRpcElapsedTime:275381675ns, electionTimeout:275ms
2022-09-20 10:13:26,231 [s1@group-469FBF65F7A7-FollowerState] INFO  impl.RoleInfo (RoleInfo.java:shutdownFollowerState(110)) - s1: shutdown s1@group-469FBF65F7A7-FollowerState
2022-09-20 10:13:26,231 [s1@group-469FBF65F7A7-FollowerState] INFO  server.RaftServer$Division (RaftServerImpl.java:setRole(317)) - s1@group-469FBF65F7A7: changes role from  FOLLOWER to CANDIDATE at term 2 for changeToCandidate
2022-09-20 10:13:26,232 [s1@group-469FBF65F7A7-FollowerState] INFO  server.RaftServerConfigKeys (ConfUtils.java:logGet(46)) - raft.server.leaderelection.pre-vote = true (default)
2022-09-20 10:13:26,232 [s1@group-469FBF65F7A7-FollowerState] INFO  impl.RoleInfo (RoleInfo.java:updateAndGet(139)) - s1: start s1@group-469FBF65F7A7-LeaderElection165
2022-09-20 10:13:26,232 [s1@group-469FBF65F7A7-LeaderElection165] INFO  impl.LeaderElection (LeaderElection.java:askForVotes(308)) - s1@group-469FBF65F7A7-LeaderElection165 PRE_VOTE round 0: submit vote requests at term 2 for 133: peers:[s0|rpc:localhost:39281|admin:localhost:38455|client:localhost:36053|dataStream:localhost:45769|priority:0|startupRole:FOLLOWER, s1|rpc:localhost:46849|admin:localhost:41515|client:localhost:39119|dataStream:localhost:41703|priority:0|startupRole:FOLLOWER, s2|rpc:localhost:35167|admin:localhost:44965|client:localhost:40979|dataStream:localhost:34151|priority:0|startupRole:FOLLOWER]|listeners:[], old=null
2022-09-20 10:13:26,233 [grpc-default-executor-5] INFO  server.RaftServer$Division (RaftServerImpl.java:requestVote(1281)) - s2@group-469FBF65F7A7: receive requestVote(PRE_VOTE, s1, group-469FBF65F7A7, 2, (t:2, i:134))
2022-09-20 10:13:26,233 [grpc-default-executor-5] WARN  server.GrpcServerProtocolService (LogUtils.java:warn(122)) - s2: Failed requestVote s1->s2#0: org.apache.ratis.protocol.exceptions.ServerNotReadyException: s2@group-469FBF65F7A7 is not in [RUNNING]: current state is CLOSED
2022-09-20 10:13:26,233 [grpc-default-executor-0] INFO  server.RaftServer$Division (RaftServerImpl.java:requestVote(1281)) - s0@group-469FBF65F7A7: receive requestVote(PRE_VOTE, s1, group-469FBF65F7A7, 2, (t:2, i:134))
2022-09-20 10:13:26,233 [grpc-default-executor-0] WARN  server.GrpcServerProtocolService (LogUtils.java:warn(122)) - s0: Failed requestVote s1->s0#0: org.apache.ratis.protocol.exceptions.ServerNotReadyException: s0@group-469FBF65F7A7 is not in [RUNNING]: current state is CLOSED
2022-09-20 10:13:26,234 [s1@group-469FBF65F7A7-LeaderElection165] INFO  impl.LeaderElection (LogUtils.java:infoOrTrace(137)) - s1@group-469FBF65F7A7-LeaderElection165 got exception when requesting votes: java.util.concurrent.ExecutionException: org.apache.ratis.thirdparty.io.grpc.StatusRuntimeException: INTERNAL: s2@group-469FBF65F7A7 is not in [RUNNING]: current state is CLOSED
2022-09-20 10:13:26,234 [s1@group-469FBF65F7A7-LeaderElection165] INFO  impl.LeaderElection (LogUtils.java:infoOrTrace(137)) - s1@group-469FBF65F7A7-LeaderElection165 got exception when requesting votes: java.util.concurrent.ExecutionException: org.apache.ratis.thirdparty.io.grpc.StatusRuntimeException: INTERNAL: s0@group-469FBF65F7A7 is not in [RUNNING]: current state is CLOSED
2022-09-20 10:13:26,234 [s1@group-469FBF65F7A7-LeaderElection165] INFO  impl.LeaderElection (LeaderElection.java:logAndReturn(89)) - s1@group-469FBF65F7A7-LeaderElection165: PRE_VOTE REJECTED received 0 response(s) and 2 exception(s):
2022-09-20 10:13:26,234 [s1@group-469FBF65F7A7-LeaderElection165] INFO  impl.LeaderElection (LogUtils.java:infoOrTrace(137)) -   Exception 0: java.util.concurrent.ExecutionException: org.apache.ratis.thirdparty.io.grpc.StatusRuntimeException: INTERNAL: s2@group-469FBF65F7A7 is not in [RUNNING]: current state is CLOSED
2022-09-20 10:13:26,234 [s1@group-469FBF65F7A7-LeaderElection165] INFO  impl.LeaderElection (LogUtils.java:infoOrTrace(137)) -   Exception 1: java.util.concurrent.ExecutionException: org.apache.ratis.thirdparty.io.grpc.StatusRuntimeException: INTERNAL: s0@group-469FBF65F7A7 is not in [RUNNING]: current state is CLOSED
2022-09-20 10:13:26,234 [s1@group-469FBF65F7A7-LeaderElection165] INFO  impl.LeaderElection (LeaderElection.java:askForVotes(310)) - s1@group-469FBF65F7A7-LeaderElection165 PRE_VOTE round 0: result REJECTED
2022-09-20 10:13:26,234 [s1@group-469FBF65F7A7-LeaderElection165] INFO  server.RaftServer$Division (RaftServerImpl.java:setRole(317)) - s1@group-469FBF65F7A7: changes role from CANDIDATE to FOLLOWER at term 2 for REJECTED
2022-09-20 10:13:26,234 [s1@group-469FBF65F7A7-LeaderElection165] INFO  impl.RoleInfo (RoleInfo.java:shutdownLeaderElection(130)) - s1: shutdown s1@group-469FBF65F7A7-LeaderElection165
2022-09-20 10:13:26,234 [s1@group-469FBF65F7A7-LeaderElection165] INFO  impl.RoleInfo (RoleInfo.java:updateAndGet(139)) - s1: start s1@group-469FBF65F7A7-FollowerState
2022-09-20 10:13:26,417 [s1@group-469FBF65F7A7-FollowerState] INFO  impl.FollowerState (FollowerState.java:run(141)) - s1@group-469FBF65F7A7-FollowerState: change to CANDIDATE, lastRpcElapsedTime:183441214ns, electionTimeout:183ms
2022-09-20 10:13:26,417 [s1@group-469FBF65F7A7-FollowerState] INFO  impl.RoleInfo (RoleInfo.java:shutdownFollowerState(110)) - s1: shutdown s1@group-469FBF65F7A7-FollowerState
2022-09-20 10:13:26,417 [s1@group-469FBF65F7A7-FollowerState] INFO  server.RaftServer$Division (RaftServerImpl.java:setRole(317)) - s1@group-469FBF65F7A7: changes role from  FOLLOWER to CANDIDATE at term 2 for changeToCandidate
2022-09-20 10:13:26,418 [s1@group-469FBF65F7A7-FollowerState] INFO  server.RaftServerConfigKeys (ConfUtils.java:logGet(46)) - raft.server.leaderelection.pre-vote = true (default)
2022-09-20 10:13:26,418 [s1@group-469FBF65F7A7-FollowerState] INFO  impl.RoleInfo (RoleInfo.java:updateAndGet(139)) - s1: start s1@group-469FBF65F7A7-LeaderElection166
2022-09-20 10:13:26,418 [s1@group-469FBF65F7A7-LeaderElection166] INFO  impl.LeaderElection (LeaderElection.java:askForVotes(308)) - s1@group-469FBF65F7A7-LeaderElection166 PRE_VOTE round 0: submit vote requests at term 2 for 133: peers:[s0|rpc:localhost:39281|admin:localhost:38455|client:localhost:36053|dataStream:localhost:45769|priority:0|startupRole:FOLLOWER, s1|rpc:localhost:46849|admin:localhost:41515|client:localhost:39119|dataStream:localhost:41703|priority:0|startupRole:FOLLOWER, s2|rpc:localhost:35167|admin:localhost:44965|client:localhost:40979|dataStream:localhost:34151|priority:0|startupRole:FOLLOWER]|listeners:[], old=null
2022-09-20 10:13:26,419 [grpc-default-executor-5] INFO  server.RaftServer$Division (RaftServerImpl.java:requestVote(1281)) - s0@group-469FBF65F7A7: receive requestVote(PRE_VOTE, s1, group-469FBF65F7A7, 2, (t:2, i:134))
2022-09-20 10:13:26,419 [grpc-default-executor-5] WARN  server.GrpcServerProtocolService (LogUtils.java:warn(122)) - s0: Failed requestVote s1->s0#0: org.apache.ratis.protocol.exceptions.ServerNotReadyException: s0@group-469FBF65F7A7 is not in [RUNNING]: current state is CLOSED
2022-09-20 10:13:26,420 [grpc-default-executor-8] INFO  server.RaftServer$Division (RaftServerImpl.java:requestVote(1281)) - s2@group-469FBF65F7A7: receive requestVote(PRE_VOTE, s1, group-469FBF65F7A7, 2, (t:2, i:134))
2022-09-20 10:13:26,420 [s1@group-469FBF65F7A7-LeaderElection166] INFO  impl.LeaderElection (LogUtils.java:infoOrTrace(137)) - s1@group-469FBF65F7A7-LeaderElection166 got exception when requesting votes: java.util.concurrent.ExecutionException: org.apache.ratis.thirdparty.io.grpc.StatusRuntimeException: INTERNAL: s0@group-469FBF65F7A7 is not in [RUNNING]: current state is CLOSED
2022-09-20 10:13:26,420 [grpc-default-executor-8] WARN  server.GrpcServerProtocolService (LogUtils.java:warn(122)) - s2: Failed requestVote s1->s2#0: org.apache.ratis.protocol.exceptions.ServerNotReadyException: s2@group-469FBF65F7A7 is not in [RUNNING]: current state is CLOSED
2022-09-20 10:13:26,420 [s1@group-469FBF65F7A7-LeaderElection166] INFO  impl.LeaderElection (LogUtils.java:infoOrTrace(137)) - s1@group-469FBF65F7A7-LeaderElection166 got exception when requesting votes: java.util.concurrent.ExecutionException: org.apache.ratis.thirdparty.io.grpc.StatusRuntimeException: INTERNAL: s2@group-469FBF65F7A7 is not in [RUNNING]: current state is CLOSED
2022-09-20 10:13:26,420 [s1@group-469FBF65F7A7-LeaderElection166] INFO  impl.LeaderElection (LeaderElection.java:logAndReturn(89)) - s1@group-469FBF65F7A7-LeaderElection166: PRE_VOTE REJECTED received 0 response(s) and 2 exception(s):
2022-09-20 10:13:26,420 [s1@group-469FBF65F7A7-LeaderElection166] INFO  impl.LeaderElection (LogUtils.java:infoOrTrace(137)) -   Exception 0: java.util.concurrent.ExecutionException: org.apache.ratis.thirdparty.io.grpc.StatusRuntimeException: INTERNAL: s0@group-469FBF65F7A7 is not in [RUNNING]: current state is CLOSED
2022-09-20 10:13:26,420 [s1@group-469FBF65F7A7-LeaderElection166] INFO  impl.LeaderElection (LogUtils.java:infoOrTrace(137)) -   Exception 1: java.util.concurrent.ExecutionException: org.apache.ratis.thirdparty.io.grpc.StatusRuntimeException: INTERNAL: s2@group-469FBF65F7A7 is not in [RUNNING]: current state is CLOSED
2022-09-20 10:13:26,420 [s1@group-469FBF65F7A7-LeaderElection166] INFO  impl.LeaderElection (LeaderElection.java:askForVotes(310)) - s1@group-469FBF65F7A7-LeaderElection166 PRE_VOTE round 0: result REJECTED
2022-09-20 10:13:26,420 [s1@group-469FBF65F7A7-LeaderElection166] INFO  server.RaftServer$Division (RaftServerImpl.java:setRole(317)) - s1@group-469FBF65F7A7: changes role from CANDIDATE to FOLLOWER at term 2 for REJECTED
2022-09-20 10:13:26,420 [s1@group-469FBF65F7A7-LeaderElection166] INFO  impl.RoleInfo (RoleInfo.java:shutdownLeaderElection(130)) - s1: shutdown s1@group-469FBF65F7A7-LeaderElection166
2022-09-20 10:13:26,421 [s1@group-469FBF65F7A7-LeaderElection166] INFO  impl.RoleInfo (RoleInfo.java:updateAndGet(139)) - s1: start s1@group-469FBF65F7A7-FollowerState
2022-09-20 10:13:26,490 [null-request--thread1] INFO  server.GrpcClientProtocolService (GrpcClientProtocolService.java:lambda$processClientRequest$0(284)) - Failed RaftClientRequest:client-76B04C62A16F->s1@group-469FBF65F7A7, cid=451, seq=0, RW, Message:6d3635, reply=RaftClientReply:client-76B04C62A16F->s1@group-469FBF65F7A7, cid=451, FAILED org.apache.ratis.protocol.exceptions.NotLeaderException: Server s1@group-469FBF65F7A7 is not the leader, logIndex=0, commits[s1:c133, s0:c130, s2:c133]
2022-09-20 10:13:26,637 [s1@group-469FBF65F7A7-FollowerState] INFO  impl.FollowerState (FollowerState.java:run(141)) - s1@group-469FBF65F7A7-FollowerState: change to CANDIDATE, lastRpcElapsedTime:216424774ns, electionTimeout:216ms
2022-09-20 10:13:26,637 [s1@group-469FBF65F7A7-FollowerState] INFO  impl.RoleInfo (RoleInfo.java:shutdownFollowerState(110)) - s1: shutdown s1@group-469FBF65F7A7-FollowerState
2022-09-20 10:13:26,637 [s1@group-469FBF65F7A7-FollowerState] INFO  server.RaftServer$Division (RaftServerImpl.java:setRole(317)) - s1@group-469FBF65F7A7: changes role from  FOLLOWER to CANDIDATE at term 2 for changeToCandidate
2022-09-20 10:13:26,637 [s1@group-469FBF65F7A7-FollowerState] INFO  server.RaftServerConfigKeys (ConfUtils.java:logGet(46)) - raft.server.leaderelection.pre-vote = true (default)
2022-09-20 10:13:26,637 [s1@group-469FBF65F7A7-FollowerState] INFO  impl.RoleInfo (RoleInfo.java:updateAndGet(139)) - s1: start s1@group-469FBF65F7A7-LeaderElection167
2022-09-20 10:13:26,638 [s1@group-469FBF65F7A7-LeaderElection167] INFO  impl.LeaderElection (LeaderElection.java:askForVotes(308)) - s1@group-469FBF65F7A7-LeaderElection167 PRE_VOTE round 0: submit vote requests at term 2 for 133: peers:[s0|rpc:localhost:39281|admin:localhost:38455|client:localhost:36053|dataStream:localhost:45769|priority:0|startupRole:FOLLOWER, s1|rpc:localhost:46849|admin:localhost:41515|client:localhost:39119|dataStream:localhost:41703|priority:0|startupRole:FOLLOWER, s2|rpc:localhost:35167|admin:localhost:44965|client:localhost:40979|dataStream:localhost:34151|priority:0|startupRole:FOLLOWER]|listeners:[], old=null
2022-09-20 10:13:26,639 [grpc-default-executor-5] INFO  server.RaftServer$Division (RaftServerImpl.java:requestVote(1281)) - s0@group-469FBF65F7A7: receive requestVote(PRE_VOTE, s1, group-469FBF65F7A7, 2, (t:2, i:134))
2022-09-20 10:13:26,639 [grpc-default-executor-5] WARN  server.GrpcServerProtocolService (LogUtils.java:warn(122)) - s0: Failed requestVote s1->s0#0: org.apache.ratis.protocol.exceptions.ServerNotReadyException: s0@group-469FBF65F7A7 is not in [RUNNING]: current state is CLOSED
2022-09-20 10:13:26,640 [grpc-default-executor-8] INFO  server.RaftServer$Division (RaftServerImpl.java:requestVote(1281)) - s2@group-469FBF65F7A7: receive requestVote(PRE_VOTE, s1, group-469FBF65F7A7, 2, (t:2, i:134))
2022-09-20 10:13:26,640 [grpc-default-executor-8] WARN  server.GrpcServerProtocolService (LogUtils.java:warn(122)) - s2: Failed requestVote s1->s2#0: org.apache.ratis.protocol.exceptions.ServerNotReadyException: s2@group-469FBF65F7A7 is not in [RUNNING]: current state is CLOSED
2022-09-20 10:13:26,640 [s1@group-469FBF65F7A7-LeaderElection167] INFO  impl.LeaderElection (LogUtils.java:infoOrTrace(137)) - s1@group-469FBF65F7A7-LeaderElection167 got exception when requesting votes: java.util.concurrent.ExecutionException: org.apache.ratis.thirdparty.io.grpc.StatusRuntimeException: INTERNAL: s0@group-469FBF65F7A7 is not in [RUNNING]: current state is CLOSED
2022-09-20 10:13:26,640 [s1@group-469FBF65F7A7-LeaderElection167] INFO  impl.LeaderElection (LogUtils.java:infoOrTrace(137)) - s1@group-469FBF65F7A7-LeaderElection167 got exception when requesting votes: java.util.concurrent.ExecutionException: org.apache.ratis.thirdparty.io.grpc.StatusRuntimeException: INTERNAL: s2@group-469FBF65F7A7 is not in [RUNNING]: current state is CLOSED
2022-09-20 10:13:26,640 [s1@group-469FBF65F7A7-LeaderElection167] INFO  impl.LeaderElection (LeaderElection.java:logAndReturn(89)) - s1@group-469FBF65F7A7-LeaderElection167: PRE_VOTE REJECTED received 0 response(s) and 2 exception(s):
2022-09-20 10:13:26,640 [s1@group-469FBF65F7A7-LeaderElection167] INFO  impl.LeaderElection (LogUtils.java:infoOrTrace(137)) -   Exception 0: java.util.concurrent.ExecutionException: org.apache.ratis.thirdparty.io.grpc.StatusRuntimeException: INTERNAL: s0@group-469FBF65F7A7 is not in [RUNNING]: current state is CLOSED
2022-09-20 10:13:26,640 [s1@group-469FBF65F7A7-LeaderElection167] INFO  impl.LeaderElection (LogUtils.java:infoOrTrace(137)) -   Exception 1: java.util.concurrent.ExecutionException: org.apache.ratis.thirdparty.io.grpc.StatusRuntimeException: INTERNAL: s2@group-469FBF65F7A7 is not in [RUNNING]: current state is CLOSED
2022-09-20 10:13:26,640 [s1@group-469FBF65F7A7-LeaderElection167] INFO  impl.LeaderElection (LeaderElection.java:askForVotes(310)) - s1@group-469FBF65F7A7-LeaderElection167 PRE_VOTE round 0: result REJECTED
2022-09-20 10:13:26,640 [s1@group-469FBF65F7A7-LeaderElection167] INFO  server.RaftServer$Division (RaftServerImpl.java:setRole(317)) - s1@group-469FBF65F7A7: changes role from CANDIDATE to FOLLOWER at term 2 for REJECTED
2022-09-20 10:13:26,641 [s1@group-469FBF65F7A7-LeaderElection167] INFO  impl.RoleInfo (RoleInfo.java:shutdownLeaderElection(130)) - s1: shutdown s1@group-469FBF65F7A7-LeaderElection167
2022-09-20 10:13:26,641 [s1@group-469FBF65F7A7-LeaderElection167] INFO  impl.RoleInfo (RoleInfo.java:updateAndGet(139)) - s1: start s1@group-469FBF65F7A7-FollowerState
2022-09-20 10:13:26,698 [null-request--thread1] INFO  server.GrpcClientProtocolService (GrpcClientProtocolService.java:lambda$processClientRequest$0(284)) - Failed RaftClientRequest:client-76B04C62A16F->s1@group-469FBF65F7A7, cid=451, seq=0, RW, Message:6d3635, reply=RaftClientReply:client-76B04C62A16F->s1@group-469FBF65F7A7, cid=451, FAILED org.apache.ratis.protocol.exceptions.NotLeaderException: Server s1@group-469FBF65F7A7 is not the leader, logIndex=0, commits[s1:c133, s0:c130, s2:c133]
2022-09-20 10:13:26,907 [null-request--thread1] INFO  server.GrpcClientProtocolService (GrpcClientProtocolService.java:lambda$processClientRequest$0(284)) - Failed RaftClientRequest:client-76B04C62A16F->s1@group-469FBF65F7A7, cid=451, seq=0, RW, Message:6d3635, reply=RaftClientReply:client-76B04C62A16F->s1@group-469FBF65F7A7, cid=451, FAILED org.apache.ratis.protocol.exceptions.NotLeaderException: Server s1@group-469FBF65F7A7 is not the leader, logIndex=0, commits[s1:c133, s0:c130, s2:c133]
2022-09-20 10:13:26,937 [s1@group-469FBF65F7A7-FollowerState] INFO  impl.FollowerState (FollowerState.java:run(141)) - s1@group-469FBF65F7A7-FollowerState: change to CANDIDATE, lastRpcElapsedTime:296623635ns, electionTimeout:296ms
2022-09-20 10:13:26,937 [s1@group-469FBF65F7A7-FollowerState] INFO  impl.RoleInfo (RoleInfo.java:shutdownFollowerState(110)) - s1: shutdown s1@group-469FBF65F7A7-FollowerState
2022-09-20 10:13:26,937 [s1@group-469FBF65F7A7-FollowerState] INFO  server.RaftServer$Division (RaftServerImpl.java:setRole(317)) - s1@group-469FBF65F7A7: changes role from  FOLLOWER to CANDIDATE at term 2 for changeToCandidate
2022-09-20 10:13:26,937 [s1@group-469FBF65F7A7-FollowerState] INFO  server.RaftServerConfigKeys (ConfUtils.java:logGet(46)) - raft.server.leaderelection.pre-vote = true (default)
2022-09-20 10:13:26,937 [s1@group-469FBF65F7A7-FollowerState] INFO  impl.RoleInfo (RoleInfo.java:updateAndGet(139)) - s1: start s1@group-469FBF65F7A7-LeaderElection168
2022-09-20 10:13:26,938 [s1@group-469FBF65F7A7-LeaderElection168] INFO  impl.LeaderElection (LeaderElection.java:askForVotes(308)) - s1@group-469FBF65F7A7-LeaderElection168 PRE_VOTE round 0: submit vote requests at term 2 for 133: peers:[s0|rpc:localhost:39281|admin:localhost:38455|client:localhost:36053|dataStream:localhost:45769|priority:0|startupRole:FOLLOWER, s1|rpc:localhost:46849|admin:localhost:41515|client:localhost:39119|dataStream:localhost:41703|priority:0|startupRole:FOLLOWER, s2|rpc:localhost:35167|admin:localhost:44965|client:localhost:40979|dataStream:localhost:34151|priority:0|startupRole:FOLLOWER]|listeners:[], old=null
2022-09-20 10:13:26,939 [grpc-default-executor-0] INFO  server.RaftServer$Division (RaftServerImpl.java:requestVote(1281)) - s0@group-469FBF65F7A7: receive requestVote(PRE_VOTE, s1, group-469FBF65F7A7, 2, (t:2, i:134))
2022-09-20 10:13:26,939 [grpc-default-executor-0] WARN  server.GrpcServerProtocolService (LogUtils.java:warn(122)) - s0: Failed requestVote s1->s0#0: org.apache.ratis.protocol.exceptions.ServerNotReadyException: s0@group-469FBF65F7A7 is not in [RUNNING]: current state is CLOSED
2022-09-20 10:13:26,939 [grpc-default-executor-5] INFO  server.RaftServer$Division (RaftServerImpl.java:requestVote(1281)) - s2@group-469FBF65F7A7: receive requestVote(PRE_VOTE, s1, group-469FBF65F7A7, 2, (t:2, i:134))
2022-09-20 10:13:26,939 [grpc-default-executor-5] WARN  server.GrpcServerProtocolService (LogUtils.java:warn(122)) - s2: Failed requestVote s1->s2#0: org.apache.ratis.protocol.exceptions.ServerNotReadyException: s2@group-469FBF65F7A7 is not in [RUNNING]: current state is CLOSED
2022-09-20 10:13:26,939 [s1@group-469FBF65F7A7-LeaderElection168] INFO  impl.LeaderElection (LogUtils.java:infoOrTrace(137)) - s1@group-469FBF65F7A7-LeaderElection168 got exception when requesting votes: java.util.concurrent.ExecutionException: org.apache.ratis.thirdparty.io.grpc.StatusRuntimeException: INTERNAL: s0@group-469FBF65F7A7 is not in [RUNNING]: current state is CLOSED
2022-09-20 10:13:26,939 [s1@group-469FBF65F7A7-LeaderElection168] INFO  impl.LeaderElection (LogUtils.java:infoOrTrace(137)) - s1@group-469FBF65F7A7-LeaderElection168 got exception when requesting votes: java.util.concurrent.ExecutionException: org.apache.ratis.thirdparty.io.grpc.StatusRuntimeException: INTERNAL: s2@group-469FBF65F7A7 is not in [RUNNING]: current state is CLOSED
2022-09-20 10:13:26,940 [s1@group-469FBF65F7A7-LeaderElection168] INFO  impl.LeaderElection (LeaderElection.java:logAndReturn(89)) - s1@group-469FBF65F7A7-LeaderElection168: PRE_VOTE REJECTED received 0 response(s) and 2 exception(s):
2022-09-20 10:13:26,940 [s1@group-469FBF65F7A7-LeaderElection168] INFO  impl.LeaderElection (LogUtils.java:infoOrTrace(137)) -   Exception 0: java.util.concurrent.ExecutionException: org.apache.ratis.thirdparty.io.grpc.StatusRuntimeException: INTERNAL: s0@group-469FBF65F7A7 is not in [RUNNING]: current state is CLOSED
2022-09-20 10:13:26,940 [s1@group-469FBF65F7A7-LeaderElection168] INFO  impl.LeaderElection (LogUtils.java:infoOrTrace(137)) -   Exception 1: java.util.concurrent.ExecutionException: org.apache.ratis.thirdparty.io.grpc.StatusRuntimeException: INTERNAL: s2@group-469FBF65F7A7 is not in [RUNNING]: current state is CLOSED
2022-09-20 10:13:26,940 [s1@group-469FBF65F7A7-LeaderElection168] INFO  impl.LeaderElection (LeaderElection.java:askForVotes(310)) - s1@group-469FBF65F7A7-LeaderElection168 PRE_VOTE round 0: result REJECTED
2022-09-20 10:13:26,940 [s1@group-469FBF65F7A7-LeaderElection168] INFO  server.RaftServer$Division (RaftServerImpl.java:setRole(317)) - s1@group-469FBF65F7A7: changes role from CANDIDATE to FOLLOWER at term 2 for REJECTED
2022-09-20 10:13:26,940 [s1@group-469FBF65F7A7-LeaderElection168] INFO  impl.RoleInfo (RoleInfo.java:shutdownLeaderElection(130)) - s1: shutdown s1@group-469FBF65F7A7-LeaderElection168
2022-09-20 10:13:26,940 [s1@group-469FBF65F7A7-LeaderElection168] INFO  impl.RoleInfo (RoleInfo.java:updateAndGet(139)) - s1: start s1@group-469FBF65F7A7-FollowerState
2022-09-20 10:13:27,098 [s1@group-469FBF65F7A7-FollowerState] INFO  impl.FollowerState (FollowerState.java:run(141)) - s1@group-469FBF65F7A7-FollowerState: change to CANDIDATE, lastRpcElapsedTime:158435390ns, electionTimeout:158ms
2022-09-20 10:13:27,098 [s1@group-469FBF65F7A7-FollowerState] INFO  impl.RoleInfo (RoleInfo.java:shutdownFollowerState(110)) - s1: shutdown s1@group-469FBF65F7A7-FollowerState
2022-09-20 10:13:27,098 [s1@group-469FBF65F7A7-FollowerState] INFO  server.RaftServer$Division (RaftServerImpl.java:setRole(317)) - s1@group-469FBF65F7A7: changes role from  FOLLOWER to CANDIDATE at term 2 for changeToCandidate
2022-09-20 10:13:27,098 [s1@group-469FBF65F7A7-FollowerState] INFO  server.RaftServerConfigKeys (ConfUtils.java:logGet(46)) - raft.server.leaderelection.pre-vote = true (default)
2022-09-20 10:13:27,098 [s1@group-469FBF65F7A7-FollowerState] INFO  impl.RoleInfo (RoleInfo.java:updateAndGet(139)) - s1: start s1@group-469FBF65F7A7-LeaderElection169
2022-09-20 10:13:27,099 [s1@group-469FBF65F7A7-LeaderElection169] INFO  impl.LeaderElection (LeaderElection.java:askForVotes(308)) - s1@group-469FBF65F7A7-LeaderElection169 PRE_VOTE round 0: submit vote requests at term 2 for 133: peers:[s0|rpc:localhost:39281|admin:localhost:38455|client:localhost:36053|dataStream:localhost:45769|priority:0|startupRole:FOLLOWER, s1|rpc:localhost:46849|admin:localhost:41515|client:localhost:39119|dataStream:localhost:41703|priority:0|startupRole:FOLLOWER, s2|rpc:localhost:35167|admin:localhost:44965|client:localhost:40979|dataStream:localhost:34151|priority:0|startupRole:FOLLOWER]|listeners:[], old=null
2022-09-20 10:13:27,100 [grpc-default-executor-0] INFO  server.RaftServer$Division (RaftServerImpl.java:requestVote(1281)) - s2@group-469FBF65F7A7: receive requestVote(PRE_VOTE, s1, group-469FBF65F7A7, 2, (t:2, i:134))
2022-09-20 10:13:27,100 [grpc-default-executor-8] INFO  server.RaftServer$Division (RaftServerImpl.java:requestVote(1281)) - s0@group-469FBF65F7A7: receive requestVote(PRE_VOTE, s1, group-469FBF65F7A7, 2, (t:2, i:134))
2022-09-20 10:13:27,101 [grpc-default-executor-0] WARN  server.GrpcServerProtocolService (LogUtils.java:warn(122)) - s2: Failed requestVote s1->s2#0: org.apache.ratis.protocol.exceptions.ServerNotReadyException: s2@group-469FBF65F7A7 is not in [RUNNING]: current state is CLOSED
2022-09-20 10:13:27,101 [grpc-default-executor-8] WARN  server.GrpcServerProtocolService (LogUtils.java:warn(122)) - s0: Failed requestVote s1->s0#0: org.apache.ratis.protocol.exceptions.ServerNotReadyException: s0@group-469FBF65F7A7 is not in [RUNNING]: current state is CLOSED
2022-09-20 10:13:27,104 [s1@group-469FBF65F7A7-LeaderElection169] INFO  impl.LeaderElection (LogUtils.java:infoOrTrace(137)) - s1@group-469FBF65F7A7-LeaderElection169 got exception when requesting votes: java.util.concurrent.ExecutionException: org.apache.ratis.thirdparty.io.grpc.StatusRuntimeException: INTERNAL: s2@group-469FBF65F7A7 is not in [RUNNING]: current state is CLOSED
2022-09-20 10:13:27,104 [s1@group-469FBF65F7A7-LeaderElection169] INFO  impl.LeaderElection (LogUtils.java:infoOrTrace(137)) - s1@group-469FBF65F7A7-LeaderElection169 got exception when requesting votes: java.util.concurrent.ExecutionException: org.apache.ratis.thirdparty.io.grpc.StatusRuntimeException: INTERNAL: s0@group-469FBF65F7A7 is not in [RUNNING]: current state is CLOSED
2022-09-20 10:13:27,104 [s1@group-469FBF65F7A7-LeaderElection169] INFO  impl.LeaderElection (LeaderElection.java:logAndReturn(89)) - s1@group-469FBF65F7A7-LeaderElection169: PRE_VOTE REJECTED received 0 response(s) and 2 exception(s):
2022-09-20 10:13:27,104 [s1@group-469FBF65F7A7-LeaderElection169] INFO  impl.LeaderElection (LogUtils.java:infoOrTrace(137)) -   Exception 0: java.util.concurrent.ExecutionException: org.apache.ratis.thirdparty.io.grpc.StatusRuntimeException: INTERNAL: s2@group-469FBF65F7A7 is not in [RUNNING]: current state is CLOSED
2022-09-20 10:13:27,104 [s1@group-469FBF65F7A7-LeaderElection169] INFO  impl.LeaderElection (LogUtils.java:infoOrTrace(137)) -   Exception 1: java.util.concurrent.ExecutionException: org.apache.ratis.thirdparty.io.grpc.StatusRuntimeException: INTERNAL: s0@group-469FBF65F7A7 is not in [RUNNING]: current state is CLOSED
2022-09-20 10:13:27,104 [s1@group-469FBF65F7A7-LeaderElection169] INFO  impl.LeaderElection (LeaderElection.java:askForVotes(310)) - s1@group-469FBF65F7A7-LeaderElection169 PRE_VOTE round 0: result REJECTED
2022-09-20 10:13:27,104 [s1@group-469FBF65F7A7-LeaderElection169] INFO  server.RaftServer$Division (RaftServerImpl.java:setRole(317)) - s1@group-469FBF65F7A7: changes role from CANDIDATE to FOLLOWER at term 2 for REJECTED
2022-09-20 10:13:27,104 [s1@group-469FBF65F7A7-LeaderElection169] INFO  impl.RoleInfo (RoleInfo.java:shutdownLeaderElection(130)) - s1: shutdown s1@group-469FBF65F7A7-LeaderElection169
2022-09-20 10:13:27,104 [s1@group-469FBF65F7A7-LeaderElection169] INFO  impl.RoleInfo (RoleInfo.java:updateAndGet(139)) - s1: start s1@group-469FBF65F7A7-FollowerState
2022-09-20 10:13:27,327 [null-request--thread1] INFO  server.GrpcClientProtocolService (GrpcClientProtocolService.java:lambda$processClientRequest$0(284)) - Failed RaftClientRequest:client-76B04C62A16F->s1@group-469FBF65F7A7, cid=451, seq=0, RW, Message:6d3635, reply=RaftClientReply:client-76B04C62A16F->s1@group-469FBF65F7A7, cid=451, FAILED org.apache.ratis.protocol.exceptions.NotLeaderException: Server s1@group-469FBF65F7A7 is not the leader, logIndex=0, commits[s1:c133, s0:c130, s2:c133]
2022-09-20 10:13:27,362 [s1@group-469FBF65F7A7-FollowerState] INFO  impl.FollowerState (FollowerState.java:run(141)) - s1@group-469FBF65F7A7-FollowerState: change to CANDIDATE, lastRpcElapsedTime:257530671ns, electionTimeout:257ms
2022-09-20 10:13:27,362 [s1@group-469FBF65F7A7-FollowerState] INFO  impl.RoleInfo (RoleInfo.java:shutdownFollowerState(110)) - s1: shutdown s1@group-469FBF65F7A7-FollowerState
2022-09-20 10:13:27,362 [s1@group-469FBF65F7A7-FollowerState] INFO  server.RaftServer$Division (RaftServerImpl.java:setRole(317)) - s1@group-469FBF65F7A7: changes role from  FOLLOWER to CANDIDATE at term 2 for changeToCandidate
2022-09-20 10:13:27,362 [s1@group-469FBF65F7A7-FollowerState] INFO  server.RaftServerConfigKeys (ConfUtils.java:logGet(46)) - raft.server.leaderelection.pre-vote = true (default)
2022-09-20 10:13:27,362 [s1@group-469FBF65F7A7-FollowerState] INFO  impl.RoleInfo (RoleInfo.java:updateAndGet(139)) - s1: start s1@group-469FBF65F7A7-LeaderElection170
2022-09-20 10:13:27,363 [s1@group-469FBF65F7A7-LeaderElection170] INFO  impl.LeaderElection (LeaderElection.java:askForVotes(308)) - s1@group-469FBF65F7A7-LeaderElection170 PRE_VOTE round 0: submit vote requests at term 2 for 133: peers:[s0|rpc:localhost:39281|admin:localhost:38455|client:localhost:36053|dataStream:localhost:45769|priority:0|startupRole:FOLLOWER, s1|rpc:localhost:46849|admin:localhost:41515|client:localhost:39119|dataStream:localhost:41703|priority:0|startupRole:FOLLOWER, s2|rpc:localhost:35167|admin:localhost:44965|client:localhost:40979|dataStream:localhost:34151|priority:0|startupRole:FOLLOWER]|listeners:[], old=null
2022-09-20 10:13:27,364 [grpc-default-executor-5] INFO  server.RaftServer$Division (RaftServerImpl.java:requestVote(1281)) - s0@group-469FBF65F7A7: receive requestVote(PRE_VOTE, s1, group-469FBF65F7A7, 2, (t:2, i:134))
2022-09-20 10:13:27,364 [grpc-default-executor-5] WARN  server.GrpcServerProtocolService (LogUtils.java:warn(122)) - s0: Failed requestVote s1->s0#0: org.apache.ratis.protocol.exceptions.ServerNotReadyException: s0@group-469FBF65F7A7 is not in [RUNNING]: current state is CLOSED
2022-09-20 10:13:27,364 [grpc-default-executor-0] INFO  server.RaftServer$Division (RaftServerImpl.java:requestVote(1281)) - s2@group-469FBF65F7A7: receive requestVote(PRE_VOTE, s1, group-469FBF65F7A7, 2, (t:2, i:134))
2022-09-20 10:13:27,364 [grpc-default-executor-0] WARN  server.GrpcServerProtocolService (LogUtils.java:warn(122)) - s2: Failed requestVote s1->s2#0: org.apache.ratis.protocol.exceptions.ServerNotReadyException: s2@group-469FBF65F7A7 is not in [RUNNING]: current state is CLOSED
2022-09-20 10:13:27,364 [s1@group-469FBF65F7A7-LeaderElection170] INFO  impl.LeaderElection (LogUtils.java:infoOrTrace(137)) - s1@group-469FBF65F7A7-LeaderElection170 got exception when requesting votes: java.util.concurrent.ExecutionException: org.apache.ratis.thirdparty.io.grpc.StatusRuntimeException: INTERNAL: s0@group-469FBF65F7A7 is not in [RUNNING]: current state is CLOSED
2022-09-20 10:13:27,364 [s1@group-469FBF65F7A7-LeaderElection170] INFO  impl.LeaderElection (LogUtils.java:infoOrTrace(137)) - s1@group-469FBF65F7A7-LeaderElection170 got exception when requesting votes: java.util.concurrent.ExecutionException: org.apache.ratis.thirdparty.io.grpc.StatusRuntimeException: INTERNAL: s2@group-469FBF65F7A7 is not in [RUNNING]: current state is CLOSED
2022-09-20 10:13:27,364 [s1@group-469FBF65F7A7-LeaderElection170] INFO  impl.LeaderElection (LeaderElection.java:logAndReturn(89)) - s1@group-469FBF65F7A7-LeaderElection170: PRE_VOTE REJECTED received 0 response(s) and 2 exception(s):
2022-09-20 10:13:27,364 [s1@group-469FBF65F7A7-LeaderElection170] INFO  impl.LeaderElection (LogUtils.java:infoOrTrace(137)) -   Exception 0: java.util.concurrent.ExecutionException: org.apache.ratis.thirdparty.io.grpc.StatusRuntimeException: INTERNAL: s0@group-469FBF65F7A7 is not in [RUNNING]: current state is CLOSED
2022-09-20 10:13:27,365 [s1@group-469FBF65F7A7-LeaderElection170] INFO  impl.LeaderElection (LogUtils.java:infoOrTrace(137)) -   Exception 1: java.util.concurrent.ExecutionException: org.apache.ratis.thirdparty.io.grpc.StatusRuntimeException: INTERNAL: s2@group-469FBF65F7A7 is not in [RUNNING]: current state is CLOSED
2022-09-20 10:13:27,365 [s1@group-469FBF65F7A7-LeaderElection170] INFO  impl.LeaderElection (LeaderElection.java:askForVotes(310)) - s1@group-469FBF65F7A7-LeaderElection170 PRE_VOTE round 0: result REJECTED
2022-09-20 10:13:27,365 [s1@group-469FBF65F7A7-LeaderElection170] INFO  server.RaftServer$Division (RaftServerImpl.java:setRole(317)) - s1@group-469FBF65F7A7: changes role from CANDIDATE to FOLLOWER at term 2 for REJECTED
2022-09-20 10:13:27,365 [s1@group-469FBF65F7A7-LeaderElection170] INFO  impl.RoleInfo (RoleInfo.java:shutdownLeaderElection(130)) - s1: shutdown s1@group-469FBF65F7A7-LeaderElection170
2022-09-20 10:13:27,365 [s1@group-469FBF65F7A7-LeaderElection170] INFO  impl.RoleInfo (RoleInfo.java:updateAndGet(139)) - s1: start s1@group-469FBF65F7A7-FollowerState
2022-09-20 10:13:27,526 [s1@group-469FBF65F7A7-FollowerState] INFO  impl.FollowerState (FollowerState.java:run(141)) - s1@group-469FBF65F7A7-FollowerState: change to CANDIDATE, lastRpcElapsedTime:161486541ns, electionTimeout:161ms
2022-09-20 10:13:27,527 [s1@group-469FBF65F7A7-FollowerState] INFO  impl.RoleInfo (RoleInfo.java:shutdownFollowerState(110)) - s1: shutdown s1@group-469FBF65F7A7-FollowerState
2022-09-20 10:13:27,527 [s1@group-469FBF65F7A7-FollowerState] INFO  server.RaftServer$Division (RaftServerImpl.java:setRole(317)) - s1@group-469FBF65F7A7: changes role from  FOLLOWER to CANDIDATE at term 2 for changeToCandidate
2022-09-20 10:13:27,527 [s1@group-469FBF65F7A7-FollowerState] INFO  server.RaftServerConfigKeys (ConfUtils.java:logGet(46)) - raft.server.leaderelection.pre-vote = true (default)
2022-09-20 10:13:27,527 [s1@group-469FBF65F7A7-FollowerState] INFO  impl.RoleInfo (RoleInfo.java:updateAndGet(139)) - s1: start s1@group-469FBF65F7A7-LeaderElection171
2022-09-20 10:13:27,527 [s1@group-469FBF65F7A7-LeaderElection171] INFO  impl.LeaderElection (LeaderElection.java:askForVotes(308)) - s1@group-469FBF65F7A7-LeaderElection171 PRE_VOTE round 0: submit vote requests at term 2 for 133: peers:[s0|rpc:localhost:39281|admin:localhost:38455|client:localhost:36053|dataStream:localhost:45769|priority:0|startupRole:FOLLOWER, s1|rpc:localhost:46849|admin:localhost:41515|client:localhost:39119|dataStream:localhost:41703|priority:0|startupRole:FOLLOWER, s2|rpc:localhost:35167|admin:localhost:44965|client:localhost:40979|dataStream:localhost:34151|priority:0|startupRole:FOLLOWER]|listeners:[], old=null
2022-09-20 10:13:27,528 [grpc-default-executor-0] INFO  server.RaftServer$Division (RaftServerImpl.java:requestVote(1281)) - s0@group-469FBF65F7A7: receive requestVote(PRE_VOTE, s1, group-469FBF65F7A7, 2, (t:2, i:134))
2022-09-20 10:13:27,529 [grpc-default-executor-5] INFO  server.RaftServer$Division (RaftServerImpl.java:requestVote(1281)) - s2@group-469FBF65F7A7: receive requestVote(PRE_VOTE, s1, group-469FBF65F7A7, 2, (t:2, i:134))
2022-09-20 10:13:27,529 [grpc-default-executor-5] WARN  server.GrpcServerProtocolService (LogUtils.java:warn(122)) - s2: Failed requestVote s1->s2#0: org.apache.ratis.protocol.exceptions.ServerNotReadyException: s2@group-469FBF65F7A7 is not in [RUNNING]: current state is CLOSED
2022-09-20 10:13:27,529 [grpc-default-executor-0] WARN  server.GrpcServerProtocolService (LogUtils.java:warn(122)) - s0: Failed requestVote s1->s0#0: org.apache.ratis.protocol.exceptions.ServerNotReadyException: s0@group-469FBF65F7A7 is not in [RUNNING]: current state is CLOSED
2022-09-20 10:13:27,529 [s1@group-469FBF65F7A7-LeaderElection171] INFO  impl.LeaderElection (LogUtils.java:infoOrTrace(137)) - s1@group-469FBF65F7A7-LeaderElection171 got exception when requesting votes: java.util.concurrent.ExecutionException: org.apache.ratis.thirdparty.io.grpc.StatusRuntimeException: INTERNAL: s0@group-469FBF65F7A7 is not in [RUNNING]: current state is CLOSED
2022-09-20 10:13:27,530 [s1@group-469FBF65F7A7-LeaderElection171] INFO  impl.LeaderElection (LogUtils.java:infoOrTrace(137)) - s1@group-469FBF65F7A7-LeaderElection171 got exception when requesting votes: java.util.concurrent.ExecutionException: org.apache.ratis.thirdparty.io.grpc.StatusRuntimeException: INTERNAL: s2@group-469FBF65F7A7 is not in [RUNNING]: current state is CLOSED
2022-09-20 10:13:27,530 [s1@group-469FBF65F7A7-LeaderElection171] INFO  impl.LeaderElection (LeaderElection.java:logAndReturn(89)) - s1@group-469FBF65F7A7-LeaderElection171: PRE_VOTE REJECTED received 0 response(s) and 2 exception(s):
2022-09-20 10:13:27,530 [s1@group-469FBF65F7A7-LeaderElection171] INFO  impl.LeaderElection (LogUtils.java:infoOrTrace(137)) -   Exception 0: java.util.concurrent.ExecutionException: org.apache.ratis.thirdparty.io.grpc.StatusRuntimeException: INTERNAL: s0@group-469FBF65F7A7 is not in [RUNNING]: current state is CLOSED
2022-09-20 10:13:27,530 [s1@group-469FBF65F7A7-LeaderElection171] INFO  impl.LeaderElection (LogUtils.java:infoOrTrace(137)) -   Exception 1: java.util.concurrent.ExecutionException: org.apache.ratis.thirdparty.io.grpc.StatusRuntimeException: INTERNAL: s2@group-469FBF65F7A7 is not in [RUNNING]: current state is CLOSED
2022-09-20 10:13:27,530 [s1@group-469FBF65F7A7-LeaderElection171] INFO  impl.LeaderElection (LeaderElection.java:askForVotes(310)) - s1@group-469FBF65F7A7-LeaderElection171 PRE_VOTE round 0: result REJECTED
2022-09-20 10:13:27,530 [s1@group-469FBF65F7A7-LeaderElection171] INFO  server.RaftServer$Division (RaftServerImpl.java:setRole(317)) - s1@group-469FBF65F7A7: changes role from CANDIDATE to FOLLOWER at term 2 for REJECTED
2022-09-20 10:13:27,530 [s1@group-469FBF65F7A7-LeaderElection171] INFO  impl.RoleInfo (RoleInfo.java:shutdownLeaderElection(130)) - s1: shutdown s1@group-469FBF65F7A7-LeaderElection171
2022-09-20 10:13:27,530 [s1@group-469FBF65F7A7-LeaderElection171] INFO  impl.RoleInfo (RoleInfo.java:updateAndGet(139)) - s1: start s1@group-469FBF65F7A7-FollowerState
2022-09-20 10:13:27,641 [null-request--thread1] INFO  server.GrpcClientProtocolService (GrpcClientProtocolService.java:lambda$processClientRequest$0(284)) - Failed RaftClientRequest:client-76B04C62A16F->s1@group-469FBF65F7A7, cid=451, seq=0, RW, Message:6d3635, reply=RaftClientReply:client-76B04C62A16F->s1@group-469FBF65F7A7, cid=451, FAILED org.apache.ratis.protocol.exceptions.NotLeaderException: Server s1@group-469FBF65F7A7 is not the leader, logIndex=0, commits[s1:c133, s0:c130, s2:c133]
2022-09-20 10:13:27,690 [s1@group-469FBF65F7A7-FollowerState] INFO  impl.FollowerState (FollowerState.java:run(141)) - s1@group-469FBF65F7A7-FollowerState: change to CANDIDATE, lastRpcElapsedTime:159719112ns, electionTimeout:159ms
2022-09-20 10:13:27,690 [s1@group-469FBF65F7A7-FollowerState] INFO  impl.RoleInfo (RoleInfo.java:shutdownFollowerState(110)) - s1: shutdown s1@group-469FBF65F7A7-FollowerState
2022-09-20 10:13:27,690 [s1@group-469FBF65F7A7-FollowerState] INFO  server.RaftServer$Division (RaftServerImpl.java:setRole(317)) - s1@group-469FBF65F7A7: changes role from  FOLLOWER to CANDIDATE at term 2 for changeToCandidate
2022-09-20 10:13:27,690 [s1@group-469FBF65F7A7-FollowerState] INFO  server.RaftServerConfigKeys (ConfUtils.java:logGet(46)) - raft.server.leaderelection.pre-vote = true (default)
2022-09-20 10:13:27,690 [s1@group-469FBF65F7A7-FollowerState] INFO  impl.RoleInfo (RoleInfo.java:updateAndGet(139)) - s1: start s1@group-469FBF65F7A7-LeaderElection172
2022-09-20 10:13:27,690 [s1@group-469FBF65F7A7-LeaderElection172] INFO  impl.LeaderElection (LeaderElection.java:askForVotes(308)) - s1@group-469FBF65F7A7-LeaderElection172 PRE_VOTE round 0: submit vote requests at term 2 for 133: peers:[s0|rpc:localhost:39281|admin:localhost:38455|client:localhost:36053|dataStream:localhost:45769|priority:0|startupRole:FOLLOWER, s1|rpc:localhost:46849|admin:localhost:41515|client:localhost:39119|dataStream:localhost:41703|priority:0|startupRole:FOLLOWER, s2|rpc:localhost:35167|admin:localhost:44965|client:localhost:40979|dataStream:localhost:34151|priority:0|startupRole:FOLLOWER]|listeners:[], old=null
2022-09-20 10:13:27,691 [grpc-default-executor-5] INFO  server.RaftServer$Division (RaftServerImpl.java:requestVote(1281)) - s2@group-469FBF65F7A7: receive requestVote(PRE_VOTE, s1, group-469FBF65F7A7, 2, (t:2, i:134))
2022-09-20 10:13:27,691 [grpc-default-executor-0] INFO  server.RaftServer$Division (RaftServerImpl.java:requestVote(1281)) - s0@group-469FBF65F7A7: receive requestVote(PRE_VOTE, s1, group-469FBF65F7A7, 2, (t:2, i:134))
2022-09-20 10:13:27,691 [grpc-default-executor-0] WARN  server.GrpcServerProtocolService (LogUtils.java:warn(122)) - s0: Failed requestVote s1->s0#0: org.apache.ratis.protocol.exceptions.ServerNotReadyException: s0@group-469FBF65F7A7 is not in [RUNNING]: current state is CLOSED
2022-09-20 10:13:27,691 [grpc-default-executor-5] WARN  server.GrpcServerProtocolService (LogUtils.java:warn(122)) - s2: Failed requestVote s1->s2#0: org.apache.ratis.protocol.exceptions.ServerNotReadyException: s2@group-469FBF65F7A7 is not in [RUNNING]: current state is CLOSED
2022-09-20 10:13:27,692 [s1@group-469FBF65F7A7-LeaderElection172] INFO  impl.LeaderElection (LogUtils.java:infoOrTrace(137)) - s1@group-469FBF65F7A7-LeaderElection172 got exception when requesting votes: java.util.concurrent.ExecutionException: org.apache.ratis.thirdparty.io.grpc.StatusRuntimeException: INTERNAL: s0@group-469FBF65F7A7 is not in [RUNNING]: current state is CLOSED
2022-09-20 10:13:27,692 [s1@group-469FBF65F7A7-LeaderElection172] INFO  impl.LeaderElection (LogUtils.java:infoOrTrace(137)) - s1@group-469FBF65F7A7-LeaderElection172 got exception when requesting votes: java.util.concurrent.ExecutionException: org.apache.ratis.thirdparty.io.grpc.StatusRuntimeException: INTERNAL: s2@group-469FBF65F7A7 is not in [RUNNING]: current state is CLOSED
2022-09-20 10:13:27,692 [s1@group-469FBF65F7A7-LeaderElection172] INFO  impl.LeaderElection (LeaderElection.java:logAndReturn(89)) - s1@group-469FBF65F7A7-LeaderElection172: PRE_VOTE REJECTED received 0 response(s) and 2 exception(s):
2022-09-20 10:13:27,692 [s1@group-469FBF65F7A7-LeaderElection172] INFO  impl.LeaderElection (LogUtils.java:infoOrTrace(137)) -   Exception 0: java.util.concurrent.ExecutionException: org.apache.ratis.thirdparty.io.grpc.StatusRuntimeException: INTERNAL: s0@group-469FBF65F7A7 is not in [RUNNING]: current state is CLOSED
2022-09-20 10:13:27,692 [s1@group-469FBF65F7A7-LeaderElection172] INFO  impl.LeaderElection (LogUtils.java:infoOrTrace(137)) -   Exception 1: java.util.concurrent.ExecutionException: org.apache.ratis.thirdparty.io.grpc.StatusRuntimeException: INTERNAL: s2@group-469FBF65F7A7 is not in [RUNNING]: current state is CLOSED
2022-09-20 10:13:27,692 [s1@group-469FBF65F7A7-LeaderElection172] INFO  impl.LeaderElection (LeaderElection.java:askForVotes(310)) - s1@group-469FBF65F7A7-LeaderElection172 PRE_VOTE round 0: result REJECTED
2022-09-20 10:13:27,692 [s1@group-469FBF65F7A7-LeaderElection172] INFO  server.RaftServer$Division (RaftServerImpl.java:setRole(317)) - s1@group-469FBF65F7A7: changes role from CANDIDATE to FOLLOWER at term 2 for REJECTED
2022-09-20 10:13:27,692 [s1@group-469FBF65F7A7-LeaderElection172] INFO  impl.RoleInfo (RoleInfo.java:shutdownLeaderElection(130)) - s1: shutdown s1@group-469FBF65F7A7-LeaderElection172
2022-09-20 10:13:27,692 [s1@group-469FBF65F7A7-LeaderElection172] INFO  impl.RoleInfo (RoleInfo.java:updateAndGet(139)) - s1: start s1@group-469FBF65F7A7-FollowerState
2022-09-20 10:13:27,851 [null-request--thread1] INFO  server.GrpcClientProtocolService (GrpcClientProtocolService.java:lambda$processClientRequest$0(284)) - Failed RaftClientRequest:client-76B04C62A16F->s1@group-469FBF65F7A7, cid=451, seq=0, RW, Message:6d3635, reply=RaftClientReply:client-76B04C62A16F->s1@group-469FBF65F7A7, cid=451, FAILED org.apache.ratis.protocol.exceptions.NotLeaderException: Server s1@group-469FBF65F7A7 is not the leader, logIndex=0, commits[s1:c133, s0:c130, s2:c133]
2022-09-20 10:13:27,869 [Time-limited test] INFO  impl.MiniRaftCluster (MiniRaftCluster.java:runWithNewCluster(143)) - printing ALL groups
  s0:  RUNNING    LEADER s0@group-469FBF65F7A7:t1, leader=s0, voted=s0, raftlog=Memoized:s0@group-469FBF65F7A7-SegmentedRaftLog:CLOSED:c132, conf=0: peers:[s0|rpc:localhost:39281|admin:localhost:38455|client:localhost:36053|dataStream:localhost:45769|priority:0|startupRole:FOLLOWER, s1|rpc:localhost:46849|admin:localhost:41515|client:localhost:39119|dataStream:localhost:41703|priority:0|startupRole:FOLLOWER, s2|rpc:localhost:35167|admin:localhost:44965|client:localhost:40979|dataStream:localhost:34151|priority:0|startupRole:FOLLOWER]|listeners:[], old=null CLOSED
  s1:  RUNNING  FOLLOWER s1@group-469FBF65F7A7:t2, leader=null, voted=s2, raftlog=Memoized:s1@group-469FBF65F7A7-SegmentedRaftLog:OPENED:c133, conf=133: peers:[s0|rpc:localhost:39281|admin:localhost:38455|client:localhost:36053|dataStream:localhost:45769|priority:0|startupRole:FOLLOWER, s1|rpc:localhost:46849|admin:localhost:41515|client:localhost:39119|dataStream:localhost:41703|priority:0|startupRole:FOLLOWER, s2|rpc:localhost:35167|admin:localhost:44965|client:localhost:40979|dataStream:localhost:34151|priority:0|startupRole:FOLLOWER]|listeners:[], old=null RUNNING
  s2:  RUNNING    LEADER s2@group-469FBF65F7A7:t2, leader=s2, voted=s2, raftlog=Memoized:s2@group-469FBF65F7A7-SegmentedRaftLog:CLOSED:c133, conf=133: peers:[s0|rpc:localhost:39281|admin:localhost:38455|client:localhost:36053|dataStream:localhost:45769|priority:0|startupRole:FOLLOWER, s1|rpc:localhost:46849|admin:localhost:41515|client:localhost:39119|dataStream:localhost:41703|priority:0|startupRole:FOLLOWER, s2|rpc:localhost:35167|admin:localhost:44965|client:localhost:40979|dataStream:localhost:34151|priority:0|startupRole:FOLLOWER]|listeners:[], old=null CLOSED
2022-09-20 10:13:27,869 [Time-limited test] ERROR impl.MiniRaftCluster (MiniRaftCluster.java:runWithNewCluster(144)) - Failed org.apache.ratis.server.impl.MiniRaftCluster$Factory$Get.runWithNewCluster(MiniRaftCluster.java:121)
java.io.InterruptedIOException: retry policy=RetryForeverWithSleep(sleepTime = 100ms)
	at org.apache.ratis.client.impl.BlockingImpl.sendRequestWithRetry(BlockingImpl.java:130)
	at org.apache.ratis.client.impl.BlockingImpl.send(BlockingImpl.java:90)
	at org.apache.ratis.client.impl.BlockingImpl.send(BlockingImpl.java:59)
	at org.apache.ratis.InstallSnapshotNotificationTests.testRestartFollower(InstallSnapshotNotificationTests.java:266)
	at org.apache.ratis.server.impl.MiniRaftCluster$Factory$Get.runWithNewCluster(MiniRaftCluster.java:141)
	at org.apache.ratis.server.impl.MiniRaftCluster$Factory$Get.runWithNewCluster(MiniRaftCluster.java:121)
	at org.apache.ratis.InstallSnapshotNotificationTests.testRestartFollower(InstallSnapshotNotificationTests.java:255)
	at java.base/jdk.internal.reflect.NativeMethodAccessorImpl.invoke0(Native Method)
	at java.base/jdk.internal.reflect.NativeMethodAccessorImpl.invoke(NativeMethodAccessorImpl.java:62)
	at java.base/jdk.internal.reflect.DelegatingMethodAccessorImpl.invoke(DelegatingMethodAccessorImpl.java:43)
	at java.base/java.lang.reflect.Method.invoke(Method.java:566)
	at org.junit.runners.model.FrameworkMethod$1.runReflectiveCall(FrameworkMethod.java:59)
	at org.junit.internal.runners.model.ReflectiveCallable.run(ReflectiveCallable.java:12)
	at org.junit.runners.model.FrameworkMethod.invokeExplosively(FrameworkMethod.java:56)
	at org.junit.internal.runners.statements.InvokeMethod.evaluate(InvokeMethod.java:17)
	at org.junit.internal.runners.statements.RunAfters.evaluate(RunAfters.java:27)
	at org.junit.internal.runners.statements.FailOnTimeout$CallableStatement.call(FailOnTimeout.java:299)
	at org.junit.internal.runners.statements.FailOnTimeout$CallableStatement.call(FailOnTimeout.java:293)
	at java.base/java.util.concurrent.FutureTask.run(FutureTask.java:264)
	at java.base/java.lang.Thread.run(Thread.java:829)
2022-09-20 10:13:27,869 [Time-limited test] INFO  impl.MiniRaftCluster (MiniRaftCluster.java:shutdown(831)) - ************************************************************** 
2022-09-20 10:13:27,869 [Time-limited test] INFO  impl.MiniRaftCluster (MiniRaftCluster.java:shutdown(832)) - *** 
2022-09-20 10:13:27,869 [Time-limited test] INFO  impl.MiniRaftCluster (MiniRaftCluster.java:shutdown(833)) - ***     Stopping MiniRaftClusterWithGrpc
2022-09-20 10:13:27,869 [Time-limited test] INFO  impl.MiniRaftCluster (MiniRaftCluster.java:shutdown(834)) - *** 
2022-09-20 10:13:27,869 [Time-limited test] INFO  impl.MiniRaftCluster (MiniRaftCluster.java:shutdown(835)) - ************************************************************** 
2022-09-20 10:13:27,869 [Time-limited test] INFO  impl.MiniRaftCluster (MiniRaftCluster.java:shutdown(836)) - printing ALL groups
  s0:  RUNNING    LEADER s0@group-469FBF65F7A7:t1, leader=s0, voted=s0, raftlog=Memoized:s0@group-469FBF65F7A7-SegmentedRaftLog:CLOSED:c132, conf=0: peers:[s0|rpc:localhost:39281|admin:localhost:38455|client:localhost:36053|dataStream:localhost:45769|priority:0|startupRole:FOLLOWER, s1|rpc:localhost:46849|admin:localhost:41515|client:localhost:39119|dataStream:localhost:41703|priority:0|startupRole:FOLLOWER, s2|rpc:localhost:35167|admin:localhost:44965|client:localhost:40979|dataStream:localhost:34151|priority:0|startupRole:FOLLOWER]|listeners:[], old=null CLOSED
  s1:  RUNNING  FOLLOWER s1@group-469FBF65F7A7:t2, leader=null, voted=s2, raftlog=Memoized:s1@group-469FBF65F7A7-SegmentedRaftLog:OPENED:c133, conf=133: peers:[s0|rpc:localhost:39281|admin:localhost:38455|client:localhost:36053|dataStream:localhost:45769|priority:0|startupRole:FOLLOWER, s1|rpc:localhost:46849|admin:localhost:41515|client:localhost:39119|dataStream:localhost:41703|priority:0|startupRole:FOLLOWER, s2|rpc:localhost:35167|admin:localhost:44965|client:localhost:40979|dataStream:localhost:34151|priority:0|startupRole:FOLLOWER]|listeners:[], old=null RUNNING
  s2:  RUNNING    LEADER s2@group-469FBF65F7A7:t2, leader=s2, voted=s2, raftlog=Memoized:s2@group-469FBF65F7A7-SegmentedRaftLog:CLOSED:c133, conf=133: peers:[s0|rpc:localhost:39281|admin:localhost:38455|client:localhost:36053|dataStream:localhost:45769|priority:0|startupRole:FOLLOWER, s1|rpc:localhost:46849|admin:localhost:41515|client:localhost:39119|dataStream:localhost:41703|priority:0|startupRole:FOLLOWER, s2|rpc:localhost:35167|admin:localhost:44965|client:localhost:40979|dataStream:localhost:34151|priority:0|startupRole:FOLLOWER]|listeners:[], old=null CLOSED
2022-09-20 10:13:27,870 [MiniRaftCluster-21] INFO  server.RaftServer (RaftServerProxy.java:lambda$close$7(406)) - s0: close
2022-09-20 10:13:27,871 [MiniRaftCluster-22] INFO  server.RaftServer (RaftServerProxy.java:lambda$close$7(406)) - s1: close
2022-09-20 10:13:27,871 [Time-limited test] WARN  impl.MiniRaftCluster (MiniRaftCluster.java:shutdown(849)) - shutdown interrupted
java.lang.InterruptedException
	at java.base/java.util.concurrent.locks.AbstractQueuedSynchronizer$ConditionObject.awaitNanos(AbstractQueuedSynchronizer.java:2109)
	at java.base/java.util.concurrent.ThreadPoolExecutor.awaitTermination(ThreadPoolExecutor.java:1454)
	at org.apache.ratis.server.impl.MiniRaftCluster.shutdown(MiniRaftCluster.java:847)
	at org.apache.ratis.server.impl.MiniRaftCluster$Factory$Get.runWithNewCluster(MiniRaftCluster.java:147)
	at org.apache.ratis.server.impl.MiniRaftCluster$Factory$Get.runWithNewCluster(MiniRaftCluster.java:121)
	at org.apache.ratis.InstallSnapshotNotificationTests.testRestartFollower(InstallSnapshotNotificationTests.java:255)
	at java.base/jdk.internal.reflect.NativeMethodAccessorImpl.invoke0(Native Method)
	at java.base/jdk.internal.reflect.NativeMethodAccessorImpl.invoke(NativeMethodAccessorImpl.java:62)
	at java.base/jdk.internal.reflect.DelegatingMethodAccessorImpl.invoke(DelegatingMethodAccessorImpl.java:43)
	at java.base/java.lang.reflect.Method.invoke(Method.java:566)
	at org.junit.runners.model.FrameworkMethod$1.runReflectiveCall(FrameworkMethod.java:59)
	at org.junit.internal.runners.model.ReflectiveCallable.run(ReflectiveCallable.java:12)
	at org.junit.runners.model.FrameworkMethod.invokeExplosively(FrameworkMethod.java:56)
	at org.junit.internal.runners.statements.InvokeMethod.evaluate(InvokeMethod.java:17)
	at org.junit.internal.runners.statements.RunAfters.evaluate(RunAfters.java:27)
	at org.junit.internal.runners.statements.FailOnTimeout$CallableStatement.call(FailOnTimeout.java:299)
	at org.junit.internal.runners.statements.FailOnTimeout$CallableStatement.call(FailOnTimeout.java:293)
	at java.base/java.util.concurrent.FutureTask.run(FutureTask.java:264)
	at java.base/java.lang.Thread.run(Thread.java:829)
2022-09-20 10:13:27,871 [Time-limited test] INFO  impl.MiniRaftCluster (MiniRaftCluster.java:shutdown(855)) - MiniRaftClusterWithGrpc shutdown completed
2022-09-20 10:13:27,871 [MiniRaftCluster-23] INFO  server.RaftServer (RaftServerProxy.java:lambda$close$7(406)) - s2: close
2022-09-20 10:13:27,875 [MiniRaftCluster-22] INFO  server.GrpcService (GrpcService.java:closeImpl(319)) - s1: shutdown server org.apache.ratis.grpc.server.GrpcClientProtocolService now
2022-09-20 10:13:27,875 [MiniRaftCluster-21] INFO  server.GrpcService (GrpcService.java:closeImpl(319)) - s0: shutdown server org.apache.ratis.grpc.server.GrpcClientProtocolService now
2022-09-20 10:13:27,875 [s1-impl-thread2] INFO  server.RaftServer$Division (RaftServerImpl.java:lambda$close$4(454)) - s1@group-469FBF65F7A7: shutdown
2022-09-20 10:13:27,875 [s1-impl-thread2] INFO  util.JmxRegister (JmxRegister.java:unregister(73)) - Successfully un-registered JMX Bean with object name Ratis:service=RaftServer,group=group-469FBF65F7A7,id=s1
]]></system-out>
  </testcase>
  <testcase name="testInstallSnapshotNotificationCount" classname="org.apache.ratis.grpc.TestInstallSnapshotNotificationWithGrpc" time="4.396"/>
</testsuite>