<?xml version="1.0" encoding="UTF-8"?>
<testsuite xmlns:xsi="http://www.w3.org/2001/XMLSchema-instance" xsi:noNamespaceSchemaLocation="https://maven.apache.org/surefire/maven-surefire-plugin/xsd/surefire-test-report-3.0.xsd" version="3.0" name="org.apache.ratis.grpc.TestLeaderInstallSnapshot" time="16.687" tests="4" errors="0" skipped="0" failures="1">
  <properties>
    <property name="awt.toolkit" value="sun.awt.X11.XToolkit"/>
    <property name="java.specification.version" value="11"/>
    <property name="sun.cpu.isalist" value=""/>
    <property name="sun.jnu.encoding" value="UTF-8"/>
    <property name="java.class.path" value="/home/runner/work/ratis/ratis/ratis-test/target/test-classes:/home/runner/work/ratis/ratis/ratis-test/target/classes:/home/runner/work/ratis/ratis/ratis-common/target/classes:/home/runner/.m2/repository/org/apache/ratis/ratis-thirdparty-misc/1.0.5/ratis-thirdparty-misc-1.0.5.jar:/home/runner/work/ratis/ratis/ratis-proto/target/ratis-proto-3.0.0-SNAPSHOT.jar:/home/runner/work/ratis/ratis/ratis-common/target/test-classes:/home/runner/work/ratis/ratis/ratis-client/target/classes:/home/runner/work/ratis/ratis/ratis-server/target/classes:/home/runner/work/ratis/ratis/ratis-server-api/target/classes:/home/runner/work/ratis/ratis/ratis-metrics-api/target/classes:/home/runner/work/ratis/ratis/ratis-server/target/test-classes:/home/runner/work/ratis/ratis/ratis-metrics-default/target/classes:/home/runner/work/ratis/ratis/ratis-netty/target/classes:/home/runner/work/ratis/ratis/ratis-netty/target/test-classes:/home/runner/work/ratis/ratis/ratis-grpc/target/classes:/home/runner/work/ratis/ratis/ratis-grpc/target/test-classes:/home/runner/work/ratis/ratis/ratis-shell/target/classes:/home/runner/.m2/repository/commons-cli/commons-cli/1.5.0/commons-cli-1.5.0.jar:/home/runner/.m2/repository/org/reflections/reflections/0.10.2/reflections-0.10.2.jar:/home/runner/.m2/repository/org/javassist/javassist/3.28.0-GA/javassist-3.28.0-GA.jar:/home/runner/.m2/repository/com/google/code/findbugs/jsr305/3.0.2/jsr305-3.0.2.jar:/home/runner/.m2/repository/org/bouncycastle/bcprov-jdk18on/1.76/bcprov-jdk18on-1.76.jar:/home/runner/.m2/repository/org/bouncycastle/bcpkix-jdk18on/1.76/bcpkix-jdk18on-1.76.jar:/home/runner/.m2/repository/org/bouncycastle/bcutil-jdk18on/1.76/bcutil-jdk18on-1.76.jar:/home/runner/.m2/repository/org/slf4j/slf4j-api/2.0.7/slf4j-api-2.0.7.jar:/home/runner/.m2/repository/org/slf4j/slf4j-reload4j/2.0.7/slf4j-reload4j-2.0.7.jar:/home/runner/.m2/repository/ch/qos/reload4j/reload4j/1.2.22/reload4j-1.2.22.jar:/home/runner/.m2/repository/junit/junit/4.13.2/junit-4.13.2.jar:/home/runner/.m2/repository/org/hamcrest/hamcrest-core/1.3/hamcrest-core-1.3.jar:/home/runner/.m2/repository/org/mockito/mockito-core/4.3.1/mockito-core-4.3.1.jar:/home/runner/.m2/repository/net/bytebuddy/byte-buddy/1.12.7/byte-buddy-1.12.7.jar:/home/runner/.m2/repository/net/bytebuddy/byte-buddy-agent/1.12.7/byte-buddy-agent-1.12.7.jar:/home/runner/.m2/repository/org/objenesis/objenesis/3.2/objenesis-3.2.jar:"/>
    <property name="java.vm.vendor" value="Eclipse Adoptium"/>
    <property name="sun.arch.data.model" value="64"/>
    <property name="java.vendor.url" value="https://adoptium.net/"/>
    <property name="user.timezone" value=""/>
    <property name="java.vm.specification.version" value="11"/>
    <property name="os.name" value="Linux"/>
    <property name="sun.java.launcher" value="SUN_STANDARD"/>
    <property name="sun.boot.library.path" value="/usr/lib/jvm/temurin-11-jdk-amd64/lib"/>
    <property name="sun.java.command" value="/home/runner/work/ratis/ratis/ratis-test/target/surefire/surefirebooter-20231107012354569_288.jar /home/runner/work/ratis/ratis/ratis-test/target/surefire 2023-11-07T01-23-01_032-jvmRun1 surefire-20231107012354569_286tmp surefire_33-20231107012354569_287tmp"/>
    <property name="jdk.debug" value="release"/>
    <property name="surefire.test.class.path" value="/home/runner/work/ratis/ratis/ratis-test/target/test-classes:/home/runner/work/ratis/ratis/ratis-test/target/classes:/home/runner/work/ratis/ratis/ratis-common/target/classes:/home/runner/.m2/repository/org/apache/ratis/ratis-thirdparty-misc/1.0.5/ratis-thirdparty-misc-1.0.5.jar:/home/runner/work/ratis/ratis/ratis-proto/target/ratis-proto-3.0.0-SNAPSHOT.jar:/home/runner/work/ratis/ratis/ratis-common/target/test-classes:/home/runner/work/ratis/ratis/ratis-client/target/classes:/home/runner/work/ratis/ratis/ratis-server/target/classes:/home/runner/work/ratis/ratis/ratis-server-api/target/classes:/home/runner/work/ratis/ratis/ratis-metrics-api/target/classes:/home/runner/work/ratis/ratis/ratis-server/target/test-classes:/home/runner/work/ratis/ratis/ratis-metrics-default/target/classes:/home/runner/work/ratis/ratis/ratis-netty/target/classes:/home/runner/work/ratis/ratis/ratis-netty/target/test-classes:/home/runner/work/ratis/ratis/ratis-grpc/target/classes:/home/runner/work/ratis/ratis/ratis-grpc/target/test-classes:/home/runner/work/ratis/ratis/ratis-shell/target/classes:/home/runner/.m2/repository/commons-cli/commons-cli/1.5.0/commons-cli-1.5.0.jar:/home/runner/.m2/repository/org/reflections/reflections/0.10.2/reflections-0.10.2.jar:/home/runner/.m2/repository/org/javassist/javassist/3.28.0-GA/javassist-3.28.0-GA.jar:/home/runner/.m2/repository/com/google/code/findbugs/jsr305/3.0.2/jsr305-3.0.2.jar:/home/runner/.m2/repository/org/bouncycastle/bcprov-jdk18on/1.76/bcprov-jdk18on-1.76.jar:/home/runner/.m2/repository/org/bouncycastle/bcpkix-jdk18on/1.76/bcpkix-jdk18on-1.76.jar:/home/runner/.m2/repository/org/bouncycastle/bcutil-jdk18on/1.76/bcutil-jdk18on-1.76.jar:/home/runner/.m2/repository/org/slf4j/slf4j-api/2.0.7/slf4j-api-2.0.7.jar:/home/runner/.m2/repository/org/slf4j/slf4j-reload4j/2.0.7/slf4j-reload4j-2.0.7.jar:/home/runner/.m2/repository/ch/qos/reload4j/reload4j/1.2.22/reload4j-1.2.22.jar:/home/runner/.m2/repository/junit/junit/4.13.2/junit-4.13.2.jar:/home/runner/.m2/repository/org/hamcrest/hamcrest-core/1.3/hamcrest-core-1.3.jar:/home/runner/.m2/repository/org/mockito/mockito-core/4.3.1/mockito-core-4.3.1.jar:/home/runner/.m2/repository/net/bytebuddy/byte-buddy/1.12.7/byte-buddy-1.12.7.jar:/home/runner/.m2/repository/net/bytebuddy/byte-buddy-agent/1.12.7/byte-buddy-agent-1.12.7.jar:/home/runner/.m2/repository/org/objenesis/objenesis/3.2/objenesis-3.2.jar:"/>
    <property name="sun.cpu.endian" value="little"/>
    <property name="user.home" value="/home/runner"/>
    <property name="user.language" value="en"/>
    <property name="java.specification.vendor" value="Oracle Corporation"/>
    <property name="java.version.date" value="2023-10-17"/>
    <property name="java.home" value="/usr/lib/jvm/temurin-11-jdk-amd64"/>
    <property name="file.separator" value="/"/>
    <property name="basedir" value="/home/runner/work/ratis/ratis/ratis-test"/>
    <property name="java.vm.compressedOopsMode" value="32-bit"/>
    <property name="line.separator" value="&#10;"/>
    <property name="java.specification.name" value="Java Platform API Specification"/>
    <property name="java.vm.specification.vendor" value="Oracle Corporation"/>
    <property name="java.awt.graphicsenv" value="sun.awt.X11GraphicsEnvironment"/>
    <property name="surefire.real.class.path" value="/home/runner/work/ratis/ratis/ratis-test/target/surefire/surefirebooter-20231107012354569_288.jar"/>
    <property name="sun.management.compiler" value="HotSpot 64-Bit Tiered Compilers"/>
    <property name="java.runtime.version" value="11.0.21+9"/>
    <property name="user.name" value="runner"/>
    <property name="java.net.preferIPv4Stack" value="true"/>
    <property name="path.separator" value=":"/>
    <property name="os.version" value="5.15.0-1050-azure"/>
    <property name="java.runtime.name" value="OpenJDK Runtime Environment"/>
    <property name="file.encoding" value="UTF-8"/>
    <property name="java.vm.name" value="OpenJDK 64-Bit Server VM"/>
    <property name="java.vendor.version" value="Temurin-11.0.21+9"/>
    <property name="localRepository" value="/home/runner/.m2/repository"/>
    <property name="java.vendor.url.bug" value="https://github.com/adoptium/adoptium-support/issues"/>
    <property name="java.io.tmpdir" value="/tmp"/>
    <property name="java.version" value="11.0.21"/>
    <property name="user.dir" value="/home/runner/work/ratis/ratis/ratis-test"/>
    <property name="os.arch" value="amd64"/>
    <property name="ratis.tmp.dir" value="/home/runner/work/ratis/ratis/ratis-test/target/tmp"/>
    <property name="java.vm.specification.name" value="Java Virtual Machine Specification"/>
    <property name="java.awt.printerjob" value="sun.print.PSPrinterJob"/>
    <property name="ratis.log.dir" value="/home/runner/work/ratis/ratis/ratis-test/target/log"/>
    <property name="sun.os.patch.level" value="unknown"/>
    <property name="java.library.path" value="/usr/java/packages/lib:/usr/lib64:/lib64:/lib:/usr/lib"/>
    <property name="java.vm.info" value="mixed mode"/>
    <property name="java.vendor" value="Eclipse Adoptium"/>
    <property name="java.vm.version" value="11.0.21+9"/>
    <property name="java.specification.maintenance.version" value="2"/>
    <property name="sun.io.unicode.encoding" value="UnicodeLittle"/>
    <property name="java.class.version" value="55.0"/>
  </properties>
  <testcase name="testMultiFileInstallSnapshot[0]" classname="org.apache.ratis.grpc.TestLeaderInstallSnapshot" time="9.767">
    <failure type="java.lang.AssertionError"><![CDATA[java.lang.AssertionError
	at org.junit.Assert.fail(Assert.java:87)
	at org.junit.Assert.assertTrue(Assert.java:42)
	at org.junit.Assert.assertTrue(Assert.java:53)
	at org.apache.ratis.server.impl.RaftServerTestUtil.waitAndCheckNewConf(RaftServerTestUtil.java:114)
	at org.apache.ratis.server.impl.RaftServerTestUtil.lambda$waitAndCheckNewConf$3(RaftServerTestUtil.java:89)
	at org.apache.ratis.util.function.CheckedRunnable.lambda$asCheckedSupplier$0(CheckedRunnable.java:32)
	at org.apache.ratis.util.JavaUtils.attempt(JavaUtils.java:217)
	at org.apache.ratis.util.JavaUtils.attemptRepeatedly(JavaUtils.java:203)
	at org.apache.ratis.util.JavaUtils.attempt(JavaUtils.java:237)
	at org.apache.ratis.server.impl.RaftServerTestUtil.waitAndCheckNewConf(RaftServerTestUtil.java:89)
	at org.apache.ratis.InstallSnapshotFromLeaderTests.testMultiFileInstallSnapshot(InstallSnapshotFromLeaderTests.java:119)
	at org.apache.ratis.server.impl.MiniRaftCluster$Factory$Get.runWithNewCluster(MiniRaftCluster.java:141)
	at org.apache.ratis.server.impl.MiniRaftCluster$Factory$Get.runWithNewCluster(MiniRaftCluster.java:121)
	at org.apache.ratis.InstallSnapshotFromLeaderTests.testMultiFileInstallSnapshot(InstallSnapshotFromLeaderTests.java:82)
	at java.base/jdk.internal.reflect.NativeMethodAccessorImpl.invoke0(Native Method)
	at java.base/jdk.internal.reflect.NativeMethodAccessorImpl.invoke(NativeMethodAccessorImpl.java:62)
	at java.base/jdk.internal.reflect.DelegatingMethodAccessorImpl.invoke(DelegatingMethodAccessorImpl.java:43)
	at java.base/java.lang.reflect.Method.invoke(Method.java:566)
	at org.junit.runners.model.FrameworkMethod$1.runReflectiveCall(FrameworkMethod.java:59)
	at org.junit.internal.runners.model.ReflectiveCallable.run(ReflectiveCallable.java:12)
	at org.junit.runners.model.FrameworkMethod.invokeExplosively(FrameworkMethod.java:56)
	at org.junit.internal.runners.statements.InvokeMethod.evaluate(InvokeMethod.java:17)
	at org.junit.internal.runners.statements.RunAfters.evaluate(RunAfters.java:27)
	at org.junit.internal.runners.statements.FailOnTimeout$CallableStatement.call(FailOnTimeout.java:299)
	at org.junit.internal.runners.statements.FailOnTimeout$CallableStatement.call(FailOnTimeout.java:293)
	at java.base/java.util.concurrent.FutureTask.run(FutureTask.java:264)
	at java.base/java.lang.Thread.run(Thread.java:829)
]]></failure>
    <system-out><![CDATA[2023-11-07 01:40:01,079 [main] INFO  util.LogUtils (Slf4jUtils.java:setLogLevel(38)) - Successfully set org.apache.ratis.conf.ConfUtils log level to WARN
2023-11-07 01:40:01,083 [main] INFO  util.LogUtils (Slf4jUtils.java:setLogLevel(38)) - Successfully set org.apache.ratis.util.FileUtils log level to TRACE
2023-11-07 01:40:01,108 [Time-limited test] INFO  impl.MiniRaftCluster (MiniRaftCluster.java:runWithNewCluster(135)) - Running runWithNewCluster
2023-11-07 01:40:01,205 [Time-limited test] INFO  impl.MiniRaftCluster (MiniRaftCluster.java:<init>(306)) - new MiniRaftClusterWithGrpc with group-2CF1A2762F1F:[s0|localhost:39621]
2023-11-07 01:40:01,206 [Time-limited test] INFO  impl.MiniRaftCluster (MiniRaftCluster.java:start(339)) - .............................................................. 
2023-11-07 01:40:01,206 [Time-limited test] INFO  impl.MiniRaftCluster (MiniRaftCluster.java:start(340)) - ... 
2023-11-07 01:40:01,206 [Time-limited test] INFO  impl.MiniRaftCluster (MiniRaftCluster.java:start(341)) - ...     Starting MiniRaftClusterWithGrpc
2023-11-07 01:40:01,206 [Time-limited test] INFO  impl.MiniRaftCluster (MiniRaftCluster.java:start(342)) - ... 
2023-11-07 01:40:01,206 [Time-limited test] INFO  impl.MiniRaftCluster (MiniRaftCluster.java:start(343)) - .............................................................. 
2023-11-07 01:40:01,206 [Time-limited test] INFO  impl.MiniRaftCluster (MiniRaftCluster.java:initServers(318)) - servers = {}
2023-11-07 01:40:01,211 [Time-limited test] INFO  impl.MiniRaftCluster (MiniRaftCluster.java:newRaftServer(382)) - newRaftServer: s0, group-2CF1A2762F1F:[s0|localhost:39621], format? true
2023-11-07 01:40:01,212 [Time-limited test] TRACE util.FileUtils (FileUtils.java:deleteFully(305)) - deleteFully target/test/data/1674ca6a/MiniRaftClusterWithGrpcb561eb18/s0
2023-11-07 01:40:01,213 [Time-limited test] TRACE util.FileUtils (FileUtils.java:deleteFully(318)) - deleteFully: target/test/data/1674ca6a/MiniRaftClusterWithGrpcb561eb18/s0 does not exist.
2023-11-07 01:40:01,213 [Time-limited test] INFO  impl.MiniRaftCluster (MiniRaftCluster.java:newRaftServer(387)) - Formatted directory target/test/data/1674ca6a/MiniRaftClusterWithGrpcb561eb18/s0
2023-11-07 01:40:01,232 [Time-limited test] INFO  server.RaftServer (ConfUtils.java:logGet(46)) - raft.rpc.type = GRPC (default)
2023-11-07 01:40:01,289 [Time-limited test] INFO  grpc.GrpcConfigKeys (ConfUtils.java:logFallback(53)) - raft.grpc.admin.host = null (fallback to raft.grpc.server.host)
2023-11-07 01:40:01,291 [Time-limited test] INFO  grpc.GrpcConfigKeys (ConfUtils.java:logGet(46)) - raft.grpc.admin.port = 35073 (custom)
2023-11-07 01:40:01,291 [Time-limited test] INFO  grpc.GrpcConfigKeys (ConfUtils.java:logFallback(53)) - raft.grpc.client.host = null (fallback to raft.grpc.server.host)
2023-11-07 01:40:01,292 [Time-limited test] INFO  grpc.GrpcConfigKeys (ConfUtils.java:logGet(46)) - raft.grpc.client.port = 37599 (custom)
2023-11-07 01:40:01,293 [Time-limited test] INFO  grpc.GrpcConfigKeys (ConfUtils.java:logGet(46)) - raft.grpc.server.host = null (default)
2023-11-07 01:40:01,293 [Time-limited test] INFO  grpc.GrpcConfigKeys (ConfUtils.java:logGet(46)) - raft.grpc.server.port = 39621 (custom)
2023-11-07 01:40:01,294 [Time-limited test] INFO  server.GrpcService (ConfUtils.java:logGet(46)) - raft.grpc.message.size.max = 64MB (=67108864) (default)
2023-11-07 01:40:01,296 [Time-limited test] INFO  server.RaftServerConfigKeys (ConfUtils.java:logGet(46)) - raft.server.log.appender.buffer.byte-limit = 4MB (=4194304) (default)
2023-11-07 01:40:01,297 [Time-limited test] INFO  server.GrpcService (ConfUtils.java:logGet(46)) - raft.grpc.flow.control.window = 1MB (=1048576) (default)
2023-11-07 01:40:01,300 [Time-limited test] INFO  server.RaftServerConfigKeys (ConfUtils.java:logGet(46)) - raft.server.rpc.request.timeout = 3000ms (default)
2023-11-07 01:40:01,317 [Time-limited test] INFO  grpc.GrpcConfigKeys (ConfUtils.java:logGet(46)) - raft.grpc.server.heartbeat.channel = false (custom)
2023-11-07 01:40:01,322 [Time-limited test] INFO  grpc.GrpcConfigKeys (ConfUtils.java:logGet(46)) - raft.grpc.server.async.request.thread.pool.cached = true (default)
2023-11-07 01:40:01,322 [Time-limited test] INFO  grpc.GrpcConfigKeys (ConfUtils.java:logGet(46)) - raft.grpc.server.async.request.thread.pool.size = 32 (default)
2023-11-07 01:40:01,559 [Time-limited test] INFO  impl.DataStreamServerImpl (ConfUtils.java:logGet(46)) - raft.datastream.type = DISABLED (default)
2023-11-07 01:40:01,562 [Time-limited test] INFO  server.RaftServerConfigKeys (ConfUtils.java:logGet(46)) - raft.server.sleep.deviation.threshold = 300ms (default)
2023-11-07 01:40:01,563 [Time-limited test] INFO  server.RaftServerConfigKeys (ConfUtils.java:logGet(46)) - raft.server.close.threshold = 60s (default)
2023-11-07 01:40:01,567 [Time-limited test] INFO  server.RaftServerConfigKeys (ConfUtils.java:logGet(46)) - raft.server.leaderelection.leader.step-down.wait-time = 10s (default)
2023-11-07 01:40:01,579 [Time-limited test] INFO  server.RaftServerConfigKeys (ConfUtils.java:logGet(46)) - raft.server.storage.dir = [/home/runner/work/ratis/ratis/ratis-test/target/test/data/1674ca6a/MiniRaftClusterWithGrpcb561eb18/s0] (custom)
2023-11-07 01:40:01,581 [Time-limited test] INFO  server.RaftServerConfigKeys (ConfUtils.java:logGet(46)) - raft.server.threadpool.proxy.cached = true (default)
2023-11-07 01:40:01,581 [Time-limited test] INFO  server.RaftServerConfigKeys (ConfUtils.java:logGet(46)) - raft.server.threadpool.proxy.size = 0 (default)
2023-11-07 01:40:01,593 [Time-limited test] INFO  server.RaftServer (RaftServerProxy.java:addNew(100)) - s0: addNew group-2CF1A2762F1F:[s0|localhost:39621] returns group-2CF1A2762F1F:java.util.concurrent.CompletableFuture@4cb192e4[Not completed]
2023-11-07 01:40:01,605 [s0-groupManagement] INFO  server.RaftServerConfigKeys (ConfUtils.java:logGet(46)) - raft.server.log.segment.size.max = 32MB (=33554432) (default)
2023-11-07 01:40:01,606 [s0-groupManagement] INFO  server.RaftServerConfigKeys (ConfUtils.java:logGet(46)) - raft.server.log.preallocated.size = 4MB (=4194304) (default)
2023-11-07 01:40:01,607 [s0-groupManagement] INFO  server.RaftServerConfigKeys (ConfUtils.java:logGet(46)) - raft.server.log.write.buffer.size = 64KB (=65536) (default)
2023-11-07 01:40:01,610 [s0-groupManagement] INFO  server.RaftServer$Division (RaftServerImpl.java:<init>(255)) - s0: new RaftServerImpl for group-2CF1A2762F1F:[s0|localhost:39621] with StateMachineWithMultiNestedSnapshotFile:uninitialized
2023-11-07 01:40:01,611 [s0-groupManagement] INFO  server.RaftServerConfigKeys (ConfUtils.java:logGet(46)) - raft.server.rpc.timeout.min = 150ms (default)
2023-11-07 01:40:01,612 [s0-groupManagement] INFO  server.RaftServerConfigKeys (ConfUtils.java:logGet(46)) - raft.server.rpc.timeout.max = 300ms (default)
2023-11-07 01:40:01,612 [s0-groupManagement] INFO  server.RaftServerConfigKeys (ConfUtils.java:logGet(46)) - raft.server.rpc.sleep.time = 25ms (default)
2023-11-07 01:40:01,612 [s0-groupManagement] INFO  server.RaftServerConfigKeys (ConfUtils.java:logGet(46)) - raft.server.rpc.slowness.timeout = 60s (default)
2023-11-07 01:40:01,612 [s0-groupManagement] INFO  server.RaftServerConfigKeys (ConfUtils.java:logGet(46)) - raft.server.leaderelection.leader.step-down.wait-time = 10s (default)
2023-11-07 01:40:01,613 [s0-groupManagement] INFO  server.RaftServerConfigKeys (ConfUtils.java:logGet(46)) - raft.server.sleep.deviation.threshold = 300ms (default)
2023-11-07 01:40:01,620 [s0-groupManagement] INFO  server.RaftServer$Division (ServerState.java:<init>(113)) - s0@group-2CF1A2762F1F: ConfigurationManager, init=-1: peers:[s0|localhost:39621]|listeners:[], old=null, confs=<EMPTY_MAP>
2023-11-07 01:40:01,626 [s0-groupManagement] INFO  server.RaftServerConfigKeys (ConfUtils.java:logGet(46)) - raft.server.notification.no-leader.timeout = 60s (default)
2023-11-07 01:40:01,630 [s0-groupManagement] INFO  server.RaftServerConfigKeys (ConfUtils.java:logGet(46)) - raft.server.read.timeout = 10s (default)
2023-11-07 01:40:01,634 [s0-groupManagement] INFO  server.RaftServerConfigKeys (ConfUtils.java:logGet(46)) - raft.server.retrycache.expirytime = 60s (default)
2023-11-07 01:40:01,634 [s0-groupManagement] INFO  server.RaftServerConfigKeys (ConfUtils.java:logGet(46)) - raft.server.retrycache.statistics.expirytime = 100ms (default)
2023-11-07 01:40:01,638 [s0-groupManagement] INFO  server.RaftServerConfigKeys (ConfUtils.java:logGet(46)) - raft.server.read.option = DEFAULT (default)
2023-11-07 01:40:01,639 [s0-groupManagement] INFO  server.RaftServerConfigKeys (ConfUtils.java:logGet(46)) - raft.server.read.read-after-write-consistent.write-index-cache.expiry-time = 60s (default)
2023-11-07 01:40:01,647 [s0-groupManagement] INFO  metrics.MetricRegistries (MetricRegistriesLoader.java:load(64)) - Loaded MetricRegistries class org.apache.ratis.metrics.impl.MetricRegistriesImpl
2023-11-07 01:40:01,766 [s0-groupManagement] INFO  server.RaftServerConfigKeys (ConfUtils.java:logGet(46)) - raft.server.rpc.request.timeout = 3000ms (default)
2023-11-07 01:40:01,768 [s0-groupManagement] INFO  server.RaftServerConfigKeys (ConfUtils.java:logGet(46)) - raft.server.log.appender.install.snapshot.enabled = true (default)
2023-11-07 01:40:01,769 [s0-groupManagement] INFO  server.RaftServerConfigKeys (ConfUtils.java:logGet(46)) - raft.server.threadpool.server.cached = true (default)
2023-11-07 01:40:01,769 [s0-groupManagement] INFO  server.RaftServerConfigKeys (ConfUtils.java:logGet(46)) - raft.server.threadpool.server.size = 0 (default)
2023-11-07 01:40:01,770 [s0-groupManagement] INFO  server.RaftServerConfigKeys (ConfUtils.java:logGet(46)) - raft.server.threadpool.client.cached = true (default)
2023-11-07 01:40:01,770 [s0-groupManagement] INFO  server.RaftServerConfigKeys (ConfUtils.java:logGet(46)) - raft.server.threadpool.client.size = 0 (default)
2023-11-07 01:40:01,771 [s0-impl-thread1] INFO  server.RaftServerConfigKeys (ConfUtils.java:logGet(46)) - raft.server.storage.free-space.min = 0MB (=0) (default)
2023-11-07 01:40:01,772 [s0-impl-thread1] INFO  server.RaftServerConfigKeys (ConfUtils.java:logGet(46)) - raft.server.log.corruption.policy = EXCEPTION (default)
2023-11-07 01:40:01,772 [s0-impl-thread1] INFO  server.RaftServerConfigKeys (ConfUtils.java:logGet(46)) - raft.server.storage.dir = [/home/runner/work/ratis/ratis/ratis-test/target/test/data/1674ca6a/MiniRaftClusterWithGrpcb561eb18/s0] (custom)
2023-11-07 01:40:01,787 [s0-impl-thread1] INFO  storage.RaftStorageDirectory (RaftStorageDirectoryImpl.java:analyzeStorage(138)) - The storage directory /home/runner/work/ratis/ratis/ratis-test/target/test/data/1674ca6a/MiniRaftClusterWithGrpcb561eb18/s0/0d456c30-a13a-4fbd-b706-2cf1a2762f1f does not exist. Creating ...
2023-11-07 01:40:01,789 [s0-impl-thread1] TRACE util.FileUtils (LogUtils.java:runAndLog(49)) - Successfully ran Files.createDirectories /home/runner/work/ratis/ratis/ratis-test/target/test/data/1674ca6a/MiniRaftClusterWithGrpcb561eb18/s0/0d456c30-a13a-4fbd-b706-2cf1a2762f1f
2023-11-07 01:40:01,793 [s0-impl-thread1] INFO  storage.RaftStorageDirectory (RaftStorageDirectoryImpl.java:tryLock(232)) - Lock on /home/runner/work/ratis/ratis/ratis-test/target/test/data/1674ca6a/MiniRaftClusterWithGrpcb561eb18/s0/0d456c30-a13a-4fbd-b706-2cf1a2762f1f/in_use.lock acquired by nodename 29351@fv-az1231-351
2023-11-07 01:40:01,794 [s0-impl-thread1] TRACE util.FileUtils (LogUtils.java:runAndLog(49)) - Successfully ran Files.createDirectories /home/runner/work/ratis/ratis/ratis-test/target/test/data/1674ca6a/MiniRaftClusterWithGrpcb561eb18/s0/0d456c30-a13a-4fbd-b706-2cf1a2762f1f/current
2023-11-07 01:40:01,794 [s0-impl-thread1] TRACE util.FileUtils (LogUtils.java:runAndLog(49)) - Successfully ran Files.createDirectories /home/runner/work/ratis/ratis/ratis-test/target/test/data/1674ca6a/MiniRaftClusterWithGrpcb561eb18/s0/0d456c30-a13a-4fbd-b706-2cf1a2762f1f/sm
2023-11-07 01:40:01,801 [s0-impl-thread1] TRACE util.FileUtils (LogUtils.java:supplyAndLog(69)) - Successfully supplied FileChannel.open /home/runner/work/ratis/ratis/ratis-test/target/test/data/1674ca6a/MiniRaftClusterWithGrpcb561eb18/s0/0d456c30-a13a-4fbd-b706-2cf1a2762f1f/current/raft-meta.tmp with options [CREATE, WRITE]: sun.nio.ch.FileChannelImpl@13a69092
2023-11-07 01:40:01,815 [s0-impl-thread1] TRACE util.FileUtils (LogUtils.java:runAndLog(49)) - Successfully ran Atomic Files.move /home/runner/work/ratis/ratis/ratis-test/target/test/data/1674ca6a/MiniRaftClusterWithGrpcb561eb18/s0/0d456c30-a13a-4fbd-b706-2cf1a2762f1f/current/raft-meta.tmp to /home/runner/work/ratis/ratis/ratis-test/target/test/data/1674ca6a/MiniRaftClusterWithGrpcb561eb18/s0/0d456c30-a13a-4fbd-b706-2cf1a2762f1f/current/raft-meta with options [REPLACE_EXISTING]
2023-11-07 01:40:01,816 [s0-impl-thread1] INFO  storage.RaftStorage (RaftStorageImpl.java:format(97)) - Storage directory /home/runner/work/ratis/ratis/ratis-test/target/test/data/1674ca6a/MiniRaftClusterWithGrpcb561eb18/s0/0d456c30-a13a-4fbd-b706-2cf1a2762f1f has been successfully formatted.
2023-11-07 01:40:01,816 [s0-impl-thread1] INFO  impl.SimpleStateMachine4Testing (SimpleStateMachine4Testing.java:initialize(213)) - Initializing StateMachineWithMultiNestedSnapshotFile:uninitialized
2023-11-07 01:40:01,819 [s0-impl-thread1] INFO  impl.SimpleStateMachine4Testing (SimpleStateMachine4Testing.java:loadSnapshot(296)) - Loading snapshot null
2023-11-07 01:40:01,821 [s0-impl-thread1] INFO  server.RaftServerConfigKeys (ConfUtils.java:logGet(46)) - raft.server.log.use.memory = false (default)
2023-11-07 01:40:01,828 [s0-impl-thread1] INFO  server.RaftServerConfigKeys (ConfUtils.java:logGet(46)) - raft.server.log.purge.gap = 8 (custom)
2023-11-07 01:40:01,828 [s0-impl-thread1] INFO  server.RaftServerConfigKeys (ConfUtils.java:logGet(46)) - raft.server.log.appender.buffer.byte-limit = 4MB (=4194304) (default)
2023-11-07 01:40:01,829 [s0-impl-thread1] INFO  server.RaftServerConfigKeys (ConfUtils.java:logGet(46)) - raft.server.log.statemachine.data.read.timeout = 1000ms (default)
2023-11-07 01:40:01,830 [s0-impl-thread1] INFO  server.RaftServerConfigKeys (ConfUtils.java:logGet(46)) - raft.server.log.purge.preservation.log.num = 0 (default)
2023-11-07 01:40:01,834 [s0-impl-thread1] INFO  server.RaftServerConfigKeys (ConfUtils.java:logGet(46)) - raft.server.log.segment.size.max = 32MB (=33554432) (default)
2023-11-07 01:40:01,838 [s0-impl-thread1] INFO  server.RaftServerConfigKeys (ConfUtils.java:logGet(46)) - raft.server.log.segment.cache.num.max = 6 (default)
2023-11-07 01:40:01,839 [s0-impl-thread1] INFO  server.RaftServerConfigKeys (ConfUtils.java:logGet(46)) - raft.server.log.segment.cache.size.max = 200MB (=209715200) (default)
2023-11-07 01:40:01,839 [s0-impl-thread1] INFO  server.RaftServerConfigKeys (ConfUtils.java:logGet(46)) - raft.server.log.appender.buffer.byte-limit = 4MB (=4194304) (default)
2023-11-07 01:40:01,840 [s0-impl-thread1] INFO  util.AwaitToRun (AwaitToRun.java:start(81)) - Thread[s0@group-2CF1A2762F1F-cacheEviction-AwaitToRun,5,main] started
2023-11-07 01:40:01,844 [s0-impl-thread1] INFO  segmented.SegmentedRaftLogWorker (SegmentedRaftLogWorker.java:<init>(184)) - new s0@group-2CF1A2762F1F-SegmentedRaftLogWorker for RaftStorageImpl:Storage Directory /home/runner/work/ratis/ratis/ratis-test/target/test/data/1674ca6a/MiniRaftClusterWithGrpcb561eb18/s0/0d456c30-a13a-4fbd-b706-2cf1a2762f1f
2023-11-07 01:40:01,845 [s0-impl-thread1] INFO  server.RaftServerConfigKeys (ConfUtils.java:logGet(46)) - raft.server.log.queue.byte-limit = 64MB (=67108864) (default)
2023-11-07 01:40:01,845 [s0-impl-thread1] INFO  server.RaftServerConfigKeys (ConfUtils.java:logGet(46)) - raft.server.log.queue.element-limit = 4096 (default)
2023-11-07 01:40:01,846 [s0-impl-thread1] INFO  server.RaftServerConfigKeys (ConfUtils.java:logGet(46)) - raft.server.log.segment.size.max = 32MB (=33554432) (default)
2023-11-07 01:40:01,847 [s0-impl-thread1] INFO  server.RaftServerConfigKeys (ConfUtils.java:logGet(46)) - raft.server.log.preallocated.size = 4MB (=4194304) (default)
2023-11-07 01:40:01,847 [s0-impl-thread1] INFO  server.RaftServerConfigKeys (ConfUtils.java:logGet(46)) - raft.server.log.force.sync.num = 128 (default)
2023-11-07 01:40:01,848 [s0-impl-thread1] INFO  server.RaftServerConfigKeys (ConfUtils.java:logGet(46)) - raft.server.log.statemachine.data.sync = true (default)
2023-11-07 01:40:01,848 [s0-impl-thread1] INFO  server.RaftServerConfigKeys (ConfUtils.java:logGet(46)) - raft.server.log.statemachine.data.sync.timeout = 10s (default)
2023-11-07 01:40:01,848 [s0-impl-thread1] INFO  server.RaftServerConfigKeys (ConfUtils.java:logGet(46)) - raft.server.log.statemachine.data.sync.timeout.retry = -1 (default)
2023-11-07 01:40:01,850 [s0-impl-thread1] INFO  server.RaftServerConfigKeys (ConfUtils.java:logGet(46)) - raft.server.log.write.buffer.size = 64KB (=65536) (default)
2023-11-07 01:40:01,851 [s0-impl-thread1] INFO  server.RaftServerConfigKeys (ConfUtils.java:logGet(46)) - raft.server.log.appender.buffer.byte-limit = 4MB (=4194304) (default)
2023-11-07 01:40:01,853 [s0-impl-thread1] INFO  server.RaftServerConfigKeys (ConfUtils.java:logGet(46)) - raft.server.log.unsafe-flush.enabled = false (default)
2023-11-07 01:40:01,853 [s0-impl-thread1] INFO  server.RaftServerConfigKeys (ConfUtils.java:logGet(46)) - raft.server.log.async-flush.enabled = false (default)
2023-11-07 01:40:01,854 [s0-impl-thread1] INFO  server.RaftServerConfigKeys (ConfUtils.java:logGet(46)) - raft.server.log.statemachine.data.caching.enabled = false (default)
2023-11-07 01:40:01,859 [s0-impl-thread1] INFO  segmented.SegmentedRaftLogWorker (SegmentedRaftLogWorker.java:lambda$new$0(135)) - s0@group-2CF1A2762F1F-SegmentedRaftLogWorker: flushIndex: setUnconditionally 0 -> -1
2023-11-07 01:40:01,859 [s0-impl-thread1] INFO  segmented.SegmentedRaftLogWorker (SegmentedRaftLogWorker.java:lambda$new$0(135)) - s0@group-2CF1A2762F1F-SegmentedRaftLogWorker: safeCacheEvictIndex: setUnconditionally 0 -> -1
2023-11-07 01:40:01,864 [s0-impl-thread1] INFO  server.RaftServer$Division (RaftServerImpl.java:start(390)) - s0@group-2CF1A2762F1F: start as a follower, conf=-1: peers:[s0|localhost:39621]|listeners:[], old=null
2023-11-07 01:40:01,864 [s0-impl-thread1] INFO  server.RaftServer$Division (RaftServerImpl.java:setRole(377)) - s0@group-2CF1A2762F1F: changes role from      null to FOLLOWER at term 0 for startAsFollower
2023-11-07 01:40:01,865 [s0-impl-thread1] INFO  impl.RoleInfo (RoleInfo.java:updateAndGet(139)) - s0: start s0@group-2CF1A2762F1F-FollowerState
2023-11-07 01:40:01,871 [s0-impl-thread1] INFO  util.JmxRegister (JmxRegister.java:tryRegister(44)) - Successfully registered JMX Bean with object name Ratis:service=RaftServer,group=group-2CF1A2762F1F,id=s0
2023-11-07 01:40:01,873 [s0-impl-thread1] INFO  server.RaftServerConfigKeys (ConfUtils.java:logGet(46)) - raft.server.snapshot.trigger-when-stop.enabled = true (default)
2023-11-07 01:40:01,874 [s0-impl-thread1] INFO  server.RaftServerConfigKeys (ConfUtils.java:logGet(46)) - raft.server.snapshot.auto.trigger.enabled = true (custom)
2023-11-07 01:40:01,874 [s0-impl-thread1] INFO  server.RaftServerConfigKeys (ConfUtils.java:logGet(46)) - raft.server.snapshot.auto.trigger.threshold = 64 (custom)
2023-11-07 01:40:01,874 [s0-impl-thread1] INFO  server.RaftServerConfigKeys (ConfUtils.java:logGet(46)) - raft.server.snapshot.retention.file.num = -1 (default)
2023-11-07 01:40:01,876 [s0@group-2CF1A2762F1F-FollowerState] INFO  server.RaftServerConfigKeys (ConfUtils.java:logFallback(53)) - raft.server.rpc.first-election.timeout.min = 150ms (fallback to raft.server.rpc.timeout.min)
2023-11-07 01:40:01,876 [s0@group-2CF1A2762F1F-FollowerState] INFO  server.RaftServerConfigKeys (ConfUtils.java:logFallback(53)) - raft.server.rpc.first-election.timeout.max = 300ms (fallback to raft.server.rpc.timeout.max)
2023-11-07 01:40:01,876 [s0-impl-thread1] INFO  server.RaftServerConfigKeys (ConfUtils.java:logGet(46)) - raft.server.log.purge.upto.snapshot.index = false (default)
2023-11-07 01:40:01,883 [Time-limited test] INFO  server.RaftServer (RaftServerProxy.java:startImpl(406)) - s0: start RPC server
2023-11-07 01:40:01,929 [Time-limited test] INFO  server.GrpcService (GrpcService.java:startImpl(302)) - s0: GrpcService started, listening on 37599
2023-11-07 01:40:01,931 [Time-limited test] INFO  server.GrpcService (GrpcService.java:startImpl(302)) - s0: GrpcService started, listening on 39621
2023-11-07 01:40:01,932 [Time-limited test] INFO  server.GrpcService (GrpcService.java:startImpl(302)) - s0: GrpcService started, listening on 35073
2023-11-07 01:40:01,936 [JvmPauseMonitor0] INFO  util.JvmPauseMonitor (JvmPauseMonitor.java:run(146)) - JvmPauseMonitor-s0: Started
2023-11-07 01:40:01,947 [Time-limited test] INFO  server.RaftServerConfigKeys (ConfUtils.java:logGet(46)) - raft.server.rpc.timeout.max = 300ms (default)
2023-11-07 01:40:01,949 [Time-limited test] INFO  ratis.RaftTestUtil (RaftTestUtil.java:waitForLeader(100)) - printing ALL groups
  s0:  RUNNING  FOLLOWER s0@group-2CF1A2762F1F:t0, leader=null, voted=, raftlog=Memoized:s0@group-2CF1A2762F1F-SegmentedRaftLog:OPENED:c-1, conf=-1: peers:[s0|localhost:39621]|listeners:[], old=null RUNNING
2023-11-07 01:40:01,953 [Time-limited test] WARN  ratis.RaftTestUtil (JavaUtils.java:attempt(223)) - FAILED "waitForLeader-null-(expectLeader? true)", attempt #1/100: java.lang.IllegalStateException: No leader yet : printing ALL groups
  s0:  RUNNING  FOLLOWER s0@group-2CF1A2762F1F:t0, leader=null, voted=, raftlog=Memoized:s0@group-2CF1A2762F1F-SegmentedRaftLog:OPENED:c-1, conf=-1: peers:[s0|localhost:39621]|listeners:[], old=null RUNNING, sleep 450ms and then retry.
java.lang.IllegalStateException: No leader yet : printing ALL groups
  s0:  RUNNING  FOLLOWER s0@group-2CF1A2762F1F:t0, leader=null, voted=, raftlog=Memoized:s0@group-2CF1A2762F1F-SegmentedRaftLog:OPENED:c-1, conf=-1: peers:[s0|localhost:39621]|listeners:[], old=null RUNNING
	at org.apache.ratis.server.impl.MiniRaftCluster.newIllegalStateExceptionForNoLeaders(MiniRaftCluster.java:581)
	at org.apache.ratis.RaftTestUtil.lambda$waitForLeader$1(RaftTestUtil.java:104)
	at org.apache.ratis.server.impl.MiniRaftCluster.getLeader(MiniRaftCluster.java:615)
	at org.apache.ratis.server.impl.MiniRaftCluster.getLeader(MiniRaftCluster.java:608)
	at org.apache.ratis.RaftTestUtil.lambda$waitForLeader$3(RaftTestUtil.java:112)
	at org.apache.ratis.util.JavaUtils.attempt(JavaUtils.java:217)
	at org.apache.ratis.util.JavaUtils.attemptRepeatedly(JavaUtils.java:203)
	at org.apache.ratis.RaftTestUtil.waitForLeader(RaftTestUtil.java:111)
	at org.apache.ratis.RaftTestUtil.waitForLeader(RaftTestUtil.java:92)
	at org.apache.ratis.RaftTestUtil.waitForLeader(RaftTestUtil.java:87)
	at org.apache.ratis.InstallSnapshotFromLeaderTests.testMultiFileInstallSnapshot(InstallSnapshotFromLeaderTests.java:95)
	at org.apache.ratis.server.impl.MiniRaftCluster$Factory$Get.runWithNewCluster(MiniRaftCluster.java:141)
	at org.apache.ratis.server.impl.MiniRaftCluster$Factory$Get.runWithNewCluster(MiniRaftCluster.java:121)
	at org.apache.ratis.InstallSnapshotFromLeaderTests.testMultiFileInstallSnapshot(InstallSnapshotFromLeaderTests.java:82)
	at java.base/jdk.internal.reflect.NativeMethodAccessorImpl.invoke0(Native Method)
	at java.base/jdk.internal.reflect.NativeMethodAccessorImpl.invoke(NativeMethodAccessorImpl.java:62)
	at java.base/jdk.internal.reflect.DelegatingMethodAccessorImpl.invoke(DelegatingMethodAccessorImpl.java:43)
	at java.base/java.lang.reflect.Method.invoke(Method.java:566)
	at org.junit.runners.model.FrameworkMethod$1.runReflectiveCall(FrameworkMethod.java:59)
	at org.junit.internal.runners.model.ReflectiveCallable.run(ReflectiveCallable.java:12)
	at org.junit.runners.model.FrameworkMethod.invokeExplosively(FrameworkMethod.java:56)
	at org.junit.internal.runners.statements.InvokeMethod.evaluate(InvokeMethod.java:17)
	at org.junit.internal.runners.statements.RunAfters.evaluate(RunAfters.java:27)
	at org.junit.internal.runners.statements.FailOnTimeout$CallableStatement.call(FailOnTimeout.java:299)
	at org.junit.internal.runners.statements.FailOnTimeout$CallableStatement.call(FailOnTimeout.java:293)
	at java.base/java.util.concurrent.FutureTask.run(FutureTask.java:264)
	at java.base/java.lang.Thread.run(Thread.java:829)
2023-11-07 01:40:02,135 [s0@group-2CF1A2762F1F-FollowerState] INFO  impl.FollowerState (FollowerState.java:run(143)) - s0@group-2CF1A2762F1F-FollowerState: change to CANDIDATE, lastRpcElapsedTime:270129060ns, electionTimeout:258ms
2023-11-07 01:40:02,136 [s0@group-2CF1A2762F1F-FollowerState] INFO  impl.RoleInfo (RoleInfo.java:shutdownFollowerState(110)) - s0: shutdown s0@group-2CF1A2762F1F-FollowerState
2023-11-07 01:40:02,136 [s0@group-2CF1A2762F1F-FollowerState] INFO  server.RaftServer$Division (RaftServerImpl.java:setRole(377)) - s0@group-2CF1A2762F1F: changes role from  FOLLOWER to CANDIDATE at term 0 for changeToCandidate
2023-11-07 01:40:02,139 [s0@group-2CF1A2762F1F-FollowerState] INFO  server.RaftServerConfigKeys (ConfUtils.java:logGet(46)) - raft.server.leaderelection.pre-vote = true (default)
2023-11-07 01:40:02,139 [s0@group-2CF1A2762F1F-FollowerState] INFO  impl.RoleInfo (RoleInfo.java:updateAndGet(139)) - s0: start s0@group-2CF1A2762F1F-LeaderElection1
2023-11-07 01:40:02,147 [s0@group-2CF1A2762F1F-LeaderElection1] INFO  impl.LeaderElection (LeaderElection.java:askForVotes(323)) - s0@group-2CF1A2762F1F-LeaderElection1 PRE_VOTE round 0: submit vote requests at term 0 for -1: peers:[s0|localhost:39621]|listeners:[], old=null
2023-11-07 01:40:02,148 [s0@group-2CF1A2762F1F-LeaderElection1] INFO  impl.LeaderElection (LeaderElection.java:askForVotes(325)) - s0@group-2CF1A2762F1F-LeaderElection1 PRE_VOTE round 0: result PASSED (term=0)
2023-11-07 01:40:02,148 [s0@group-2CF1A2762F1F-LeaderElection1] TRACE util.FileUtils (LogUtils.java:supplyAndLog(69)) - Successfully supplied FileChannel.open /home/runner/work/ratis/ratis/ratis-test/target/test/data/1674ca6a/MiniRaftClusterWithGrpcb561eb18/s0/0d456c30-a13a-4fbd-b706-2cf1a2762f1f/current/raft-meta.tmp with options [CREATE, WRITE]: sun.nio.ch.FileChannelImpl@4956ce76
2023-11-07 01:40:02,151 [s0@group-2CF1A2762F1F-LeaderElection1] TRACE util.FileUtils (LogUtils.java:runAndLog(49)) - Successfully ran Atomic Files.move /home/runner/work/ratis/ratis/ratis-test/target/test/data/1674ca6a/MiniRaftClusterWithGrpcb561eb18/s0/0d456c30-a13a-4fbd-b706-2cf1a2762f1f/current/raft-meta.tmp to /home/runner/work/ratis/ratis/ratis-test/target/test/data/1674ca6a/MiniRaftClusterWithGrpcb561eb18/s0/0d456c30-a13a-4fbd-b706-2cf1a2762f1f/current/raft-meta with options [REPLACE_EXISTING]
2023-11-07 01:40:02,151 [s0@group-2CF1A2762F1F-LeaderElection1] INFO  impl.LeaderElection (LeaderElection.java:askForVotes(323)) - s0@group-2CF1A2762F1F-LeaderElection1 ELECTION round 0: submit vote requests at term 1 for -1: peers:[s0|localhost:39621]|listeners:[], old=null
2023-11-07 01:40:02,151 [s0@group-2CF1A2762F1F-LeaderElection1] INFO  impl.LeaderElection (LeaderElection.java:askForVotes(325)) - s0@group-2CF1A2762F1F-LeaderElection1 ELECTION round 0: result PASSED (term=1)
2023-11-07 01:40:02,151 [s0@group-2CF1A2762F1F-LeaderElection1] INFO  impl.RoleInfo (RoleInfo.java:shutdownLeaderElection(130)) - s0: shutdown s0@group-2CF1A2762F1F-LeaderElection1
2023-11-07 01:40:02,152 [s0@group-2CF1A2762F1F-LeaderElection1] INFO  server.RaftServer$Division (RaftServerImpl.java:setRole(377)) - s0@group-2CF1A2762F1F: changes role from CANDIDATE to LEADER at term 1 for changeToLeader
2023-11-07 01:40:02,157 [s0@group-2CF1A2762F1F-LeaderElection1] INFO  server.RaftServerConfigKeys (ConfUtils.java:logGet(46)) - raft.server.staging.catchup.gap = 1000 (default)
2023-11-07 01:40:02,161 [s0@group-2CF1A2762F1F-LeaderElection1] INFO  server.RaftServerConfigKeys (ConfUtils.java:logGet(46)) - raft.server.write.element-limit = 4096 (default)
2023-11-07 01:40:02,162 [s0@group-2CF1A2762F1F-LeaderElection1] INFO  server.RaftServerConfigKeys (ConfUtils.java:logGet(46)) - raft.server.write.byte-limit = 64MB (=67108864) (default)
2023-11-07 01:40:02,165 [s0@group-2CF1A2762F1F-LeaderElection1] INFO  server.RaftServerConfigKeys (ConfUtils.java:logGet(46)) - raft.server.watch.timeout = 10s (default)
2023-11-07 01:40:02,165 [s0@group-2CF1A2762F1F-LeaderElection1] INFO  server.RaftServerConfigKeys (ConfUtils.java:logGet(46)) - raft.server.watch.timeout.denomination = 1s (default)
2023-11-07 01:40:02,166 [s0@group-2CF1A2762F1F-LeaderElection1] INFO  server.RaftServerConfigKeys (ConfUtils.java:logGet(46)) - raft.server.watch.element-limit = 65536 (default)
2023-11-07 01:40:02,172 [s0@group-2CF1A2762F1F-LeaderElection1] INFO  server.RaftServerConfigKeys (ConfUtils.java:logGet(46)) - raft.server.read.leader.lease.enabled = false (default)
2023-11-07 01:40:02,174 [s0@group-2CF1A2762F1F-LeaderElection1] INFO  server.RaftServerConfigKeys (ConfUtils.java:logGet(46)) - raft.server.read.leader.lease.timeout.ratio = 0.9 (default)
2023-11-07 01:40:02,175 [s0@group-2CF1A2762F1F-LeaderElection1] INFO  server.RaftServerConfigKeys (ConfUtils.java:logGet(46)) - raft.server.rpc.timeout.min = 150ms (default)
2023-11-07 01:40:02,175 [s0@group-2CF1A2762F1F-LeaderElection1] INFO  server.RaftServerConfigKeys (ConfUtils.java:logGet(46)) - raft.server.write.element-limit = 4096 (default)
2023-11-07 01:40:02,175 [s0@group-2CF1A2762F1F-LeaderElection1] INFO  server.RaftServerConfigKeys (ConfUtils.java:logGet(46)) - raft.server.write.follower.gap.ratio.max = -1.0 (default)
2023-11-07 01:40:02,177 [s0@group-2CF1A2762F1F-LeaderElection1] INFO  impl.RoleInfo (RoleInfo.java:updateAndGet(139)) - s0: start s0@group-2CF1A2762F1F-LeaderStateImpl
2023-11-07 01:40:02,177 [s0@group-2CF1A2762F1F-LeaderElection1] INFO  server.RaftServer$Division (RaftServerImpl.java:setFirstElection(562)) - s0@group-2CF1A2762F1F: set firstElectionSinceStartup to false for becomeLeader
2023-11-07 01:40:02,177 [s0@group-2CF1A2762F1F-LeaderElection1] INFO  server.RaftServer$Division (ServerState.java:setLeader(265)) - s0@group-2CF1A2762F1F: change Leader from null to s0 at term 1 for becomeLeader, leader elected after 551ms
2023-11-07 01:40:02,202 [s0@group-2CF1A2762F1F-LeaderElection1] INFO  segmented.SegmentedRaftLogWorker (SegmentedRaftLogWorker.java:startLogSegment(428)) - s0@group-2CF1A2762F1F-SegmentedRaftLogWorker: Starting segment from index:0
2023-11-07 01:40:02,249 [s0@group-2CF1A2762F1F-LeaderElection1] INFO  server.RaftServer$Division (ServerState.java:setRaftConf(382)) - s0@group-2CF1A2762F1F: set configuration 0: peers:[s0|localhost:39621]|listeners:[], old=null
2023-11-07 01:40:02,281 [s0@group-2CF1A2762F1F-SegmentedRaftLogWorker] INFO  segmented.SegmentedRaftLogWorker (SegmentedRaftLogWorker.java:execute(632)) - s0@group-2CF1A2762F1F-SegmentedRaftLogWorker: created new log segment /home/runner/work/ratis/ratis/ratis-test/target/test/data/1674ca6a/MiniRaftClusterWithGrpcb561eb18/s0/0d456c30-a13a-4fbd-b706-2cf1a2762f1f/current/log_inprogress_0
2023-11-07 01:40:02,291 [s0@group-2CF1A2762F1F-StateMachineUpdater] INFO  server.RaftServer$Division (LeaderStateImpl.java:isApplied(316)) - leader is ready since appliedIndex == 0 >= startIndex == 0
2023-11-07 01:40:02,408 [Time-limited test] INFO  ratis.RaftTestUtil (RaftTestUtil.java:waitForLeader(119)) - printing ALL groups
  s0:  RUNNING    LEADER s0@group-2CF1A2762F1F:t1, leader=s0, voted=s0, raftlog=Memoized:s0@group-2CF1A2762F1F-SegmentedRaftLog:OPENED:c0, conf=0: peers:[s0|localhost:39621]|listeners:[], old=null RUNNING
2023-11-07 01:40:02,768 [s0@group-2CF1A2762F1F-StateMachineUpdater] INFO  impl.SimpleStateMachine4Testing (SimpleStateMachine4Testing.java:applyTransaction(248)) - applyTransaction for log index 1
2023-11-07 01:40:02,769 [s0@group-2CF1A2762F1F-StateMachineUpdater] INFO  impl.SimpleStateMachine4Testing (SimpleStateMachine4Testing.java:put(205)) - s0: put 1, m0 -> (t:1, i:1), STATEMACHINELOGENTRY, 1@client-829475F3BEB0
2023-11-07 01:40:02,817 [s0@group-2CF1A2762F1F-StateMachineUpdater] INFO  impl.SimpleStateMachine4Testing (SimpleStateMachine4Testing.java:applyTransaction(248)) - applyTransaction for log index 3
2023-11-07 01:40:02,817 [s0@group-2CF1A2762F1F-StateMachineUpdater] INFO  impl.SimpleStateMachine4Testing (SimpleStateMachine4Testing.java:put(205)) - s0: put 3, m1 -> (t:1, i:3), STATEMACHINELOGENTRY, 2@client-829475F3BEB0
2023-11-07 01:40:02,828 [s0@group-2CF1A2762F1F-StateMachineUpdater] INFO  impl.SimpleStateMachine4Testing (SimpleStateMachine4Testing.java:applyTransaction(248)) - applyTransaction for log index 5
2023-11-07 01:40:02,828 [s0@group-2CF1A2762F1F-StateMachineUpdater] INFO  impl.SimpleStateMachine4Testing (SimpleStateMachine4Testing.java:put(205)) - s0: put 5, m2 -> (t:1, i:5), STATEMACHINELOGENTRY, 3@client-829475F3BEB0
2023-11-07 01:40:02,844 [s0@group-2CF1A2762F1F-StateMachineUpdater] INFO  impl.SimpleStateMachine4Testing (SimpleStateMachine4Testing.java:applyTransaction(248)) - applyTransaction for log index 7
2023-11-07 01:40:02,844 [s0@group-2CF1A2762F1F-StateMachineUpdater] INFO  impl.SimpleStateMachine4Testing (SimpleStateMachine4Testing.java:put(205)) - s0: put 7, m3 -> (t:1, i:7), STATEMACHINELOGENTRY, 4@client-829475F3BEB0
2023-11-07 01:40:02,852 [s0@group-2CF1A2762F1F-StateMachineUpdater] INFO  impl.SimpleStateMachine4Testing (SimpleStateMachine4Testing.java:applyTransaction(248)) - applyTransaction for log index 9
2023-11-07 01:40:02,852 [s0@group-2CF1A2762F1F-StateMachineUpdater] INFO  impl.SimpleStateMachine4Testing (SimpleStateMachine4Testing.java:put(205)) - s0: put 9, m4 -> (t:1, i:9), STATEMACHINELOGENTRY, 5@client-829475F3BEB0
2023-11-07 01:40:02,860 [s0@group-2CF1A2762F1F-StateMachineUpdater] INFO  impl.SimpleStateMachine4Testing (SimpleStateMachine4Testing.java:applyTransaction(248)) - applyTransaction for log index 11
2023-11-07 01:40:02,860 [s0@group-2CF1A2762F1F-StateMachineUpdater] INFO  impl.SimpleStateMachine4Testing (SimpleStateMachine4Testing.java:put(205)) - s0: put 11, m5 -> (t:1, i:11), STATEMACHINELOGENTRY, 6@client-829475F3BEB0
2023-11-07 01:40:02,867 [s0@group-2CF1A2762F1F-StateMachineUpdater] INFO  impl.SimpleStateMachine4Testing (SimpleStateMachine4Testing.java:applyTransaction(248)) - applyTransaction for log index 13
2023-11-07 01:40:02,868 [s0@group-2CF1A2762F1F-StateMachineUpdater] INFO  impl.SimpleStateMachine4Testing (SimpleStateMachine4Testing.java:put(205)) - s0: put 13, m6 -> (t:1, i:13), STATEMACHINELOGENTRY, 7@client-829475F3BEB0
2023-11-07 01:40:02,876 [s0@group-2CF1A2762F1F-StateMachineUpdater] INFO  impl.SimpleStateMachine4Testing (SimpleStateMachine4Testing.java:applyTransaction(248)) - applyTransaction for log index 15
2023-11-07 01:40:02,876 [s0@group-2CF1A2762F1F-StateMachineUpdater] INFO  impl.SimpleStateMachine4Testing (SimpleStateMachine4Testing.java:put(205)) - s0: put 15, m7 -> (t:1, i:15), STATEMACHINELOGENTRY, 8@client-829475F3BEB0
2023-11-07 01:40:02,883 [s0@group-2CF1A2762F1F-StateMachineUpdater] INFO  impl.SimpleStateMachine4Testing (SimpleStateMachine4Testing.java:applyTransaction(248)) - applyTransaction for log index 17
2023-11-07 01:40:02,883 [s0@group-2CF1A2762F1F-StateMachineUpdater] INFO  impl.SimpleStateMachine4Testing (SimpleStateMachine4Testing.java:put(205)) - s0: put 17, m8 -> (t:1, i:17), STATEMACHINELOGENTRY, 9@client-829475F3BEB0
2023-11-07 01:40:02,890 [s0@group-2CF1A2762F1F-StateMachineUpdater] INFO  impl.SimpleStateMachine4Testing (SimpleStateMachine4Testing.java:applyTransaction(248)) - applyTransaction for log index 19
2023-11-07 01:40:02,890 [s0@group-2CF1A2762F1F-StateMachineUpdater] INFO  impl.SimpleStateMachine4Testing (SimpleStateMachine4Testing.java:put(205)) - s0: put 19, m9 -> (t:1, i:19), STATEMACHINELOGENTRY, 10@client-829475F3BEB0
2023-11-07 01:40:02,898 [s0@group-2CF1A2762F1F-StateMachineUpdater] INFO  impl.SimpleStateMachine4Testing (SimpleStateMachine4Testing.java:applyTransaction(248)) - applyTransaction for log index 21
2023-11-07 01:40:02,899 [s0@group-2CF1A2762F1F-StateMachineUpdater] INFO  impl.SimpleStateMachine4Testing (SimpleStateMachine4Testing.java:put(205)) - s0: put 21, m10 -> (t:1, i:21), STATEMACHINELOGENTRY, 11@client-829475F3BEB0
2023-11-07 01:40:02,905 [s0@group-2CF1A2762F1F-StateMachineUpdater] INFO  impl.SimpleStateMachine4Testing (SimpleStateMachine4Testing.java:applyTransaction(248)) - applyTransaction for log index 23
2023-11-07 01:40:02,906 [s0@group-2CF1A2762F1F-StateMachineUpdater] INFO  impl.SimpleStateMachine4Testing (SimpleStateMachine4Testing.java:put(205)) - s0: put 23, m11 -> (t:1, i:23), STATEMACHINELOGENTRY, 12@client-829475F3BEB0
2023-11-07 01:40:02,913 [s0@group-2CF1A2762F1F-StateMachineUpdater] INFO  impl.SimpleStateMachine4Testing (SimpleStateMachine4Testing.java:applyTransaction(248)) - applyTransaction for log index 25
2023-11-07 01:40:02,913 [s0@group-2CF1A2762F1F-StateMachineUpdater] INFO  impl.SimpleStateMachine4Testing (SimpleStateMachine4Testing.java:put(205)) - s0: put 25, m12 -> (t:1, i:25), STATEMACHINELOGENTRY, 13@client-829475F3BEB0
2023-11-07 01:40:02,926 [s0@group-2CF1A2762F1F-StateMachineUpdater] INFO  impl.SimpleStateMachine4Testing (SimpleStateMachine4Testing.java:applyTransaction(248)) - applyTransaction for log index 27
2023-11-07 01:40:02,926 [s0@group-2CF1A2762F1F-StateMachineUpdater] INFO  impl.SimpleStateMachine4Testing (SimpleStateMachine4Testing.java:put(205)) - s0: put 27, m13 -> (t:1, i:27), STATEMACHINELOGENTRY, 14@client-829475F3BEB0
2023-11-07 01:40:02,933 [s0@group-2CF1A2762F1F-StateMachineUpdater] INFO  impl.SimpleStateMachine4Testing (SimpleStateMachine4Testing.java:applyTransaction(248)) - applyTransaction for log index 29
2023-11-07 01:40:02,933 [s0@group-2CF1A2762F1F-StateMachineUpdater] INFO  impl.SimpleStateMachine4Testing (SimpleStateMachine4Testing.java:put(205)) - s0: put 29, m14 -> (t:1, i:29), STATEMACHINELOGENTRY, 15@client-829475F3BEB0
2023-11-07 01:40:02,942 [s0@group-2CF1A2762F1F-StateMachineUpdater] INFO  impl.SimpleStateMachine4Testing (SimpleStateMachine4Testing.java:applyTransaction(248)) - applyTransaction for log index 31
2023-11-07 01:40:02,943 [s0@group-2CF1A2762F1F-StateMachineUpdater] INFO  impl.SimpleStateMachine4Testing (SimpleStateMachine4Testing.java:put(205)) - s0: put 31, m15 -> (t:1, i:31), STATEMACHINELOGENTRY, 16@client-829475F3BEB0
2023-11-07 01:40:02,951 [s0@group-2CF1A2762F1F-StateMachineUpdater] INFO  impl.SimpleStateMachine4Testing (SimpleStateMachine4Testing.java:applyTransaction(248)) - applyTransaction for log index 33
2023-11-07 01:40:02,951 [s0@group-2CF1A2762F1F-StateMachineUpdater] INFO  impl.SimpleStateMachine4Testing (SimpleStateMachine4Testing.java:put(205)) - s0: put 33, m16 -> (t:1, i:33), STATEMACHINELOGENTRY, 17@client-829475F3BEB0
2023-11-07 01:40:02,961 [s0@group-2CF1A2762F1F-StateMachineUpdater] INFO  impl.SimpleStateMachine4Testing (SimpleStateMachine4Testing.java:applyTransaction(248)) - applyTransaction for log index 35
2023-11-07 01:40:02,962 [s0@group-2CF1A2762F1F-StateMachineUpdater] INFO  impl.SimpleStateMachine4Testing (SimpleStateMachine4Testing.java:put(205)) - s0: put 35, m17 -> (t:1, i:35), STATEMACHINELOGENTRY, 18@client-829475F3BEB0
2023-11-07 01:40:02,967 [s0@group-2CF1A2762F1F-StateMachineUpdater] INFO  impl.SimpleStateMachine4Testing (SimpleStateMachine4Testing.java:applyTransaction(248)) - applyTransaction for log index 37
2023-11-07 01:40:02,967 [s0@group-2CF1A2762F1F-StateMachineUpdater] INFO  impl.SimpleStateMachine4Testing (SimpleStateMachine4Testing.java:put(205)) - s0: put 37, m18 -> (t:1, i:37), STATEMACHINELOGENTRY, 19@client-829475F3BEB0
2023-11-07 01:40:02,974 [s0@group-2CF1A2762F1F-StateMachineUpdater] INFO  impl.SimpleStateMachine4Testing (SimpleStateMachine4Testing.java:applyTransaction(248)) - applyTransaction for log index 39
2023-11-07 01:40:02,974 [s0@group-2CF1A2762F1F-StateMachineUpdater] INFO  impl.SimpleStateMachine4Testing (SimpleStateMachine4Testing.java:put(205)) - s0: put 39, m19 -> (t:1, i:39), STATEMACHINELOGENTRY, 20@client-829475F3BEB0
2023-11-07 01:40:02,980 [s0@group-2CF1A2762F1F-StateMachineUpdater] INFO  impl.SimpleStateMachine4Testing (SimpleStateMachine4Testing.java:applyTransaction(248)) - applyTransaction for log index 41
2023-11-07 01:40:02,980 [s0@group-2CF1A2762F1F-StateMachineUpdater] INFO  impl.SimpleStateMachine4Testing (SimpleStateMachine4Testing.java:put(205)) - s0: put 41, m20 -> (t:1, i:41), STATEMACHINELOGENTRY, 21@client-829475F3BEB0
2023-11-07 01:40:02,987 [s0@group-2CF1A2762F1F-StateMachineUpdater] INFO  impl.SimpleStateMachine4Testing (SimpleStateMachine4Testing.java:applyTransaction(248)) - applyTransaction for log index 43
2023-11-07 01:40:02,987 [s0@group-2CF1A2762F1F-StateMachineUpdater] INFO  impl.SimpleStateMachine4Testing (SimpleStateMachine4Testing.java:put(205)) - s0: put 43, m21 -> (t:1, i:43), STATEMACHINELOGENTRY, 22@client-829475F3BEB0
2023-11-07 01:40:02,993 [s0@group-2CF1A2762F1F-StateMachineUpdater] INFO  impl.SimpleStateMachine4Testing (SimpleStateMachine4Testing.java:applyTransaction(248)) - applyTransaction for log index 45
2023-11-07 01:40:02,993 [s0@group-2CF1A2762F1F-StateMachineUpdater] INFO  impl.SimpleStateMachine4Testing (SimpleStateMachine4Testing.java:put(205)) - s0: put 45, m22 -> (t:1, i:45), STATEMACHINELOGENTRY, 23@client-829475F3BEB0
2023-11-07 01:40:02,999 [s0@group-2CF1A2762F1F-StateMachineUpdater] INFO  impl.SimpleStateMachine4Testing (SimpleStateMachine4Testing.java:applyTransaction(248)) - applyTransaction for log index 47
2023-11-07 01:40:02,999 [s0@group-2CF1A2762F1F-StateMachineUpdater] INFO  impl.SimpleStateMachine4Testing (SimpleStateMachine4Testing.java:put(205)) - s0: put 47, m23 -> (t:1, i:47), STATEMACHINELOGENTRY, 24@client-829475F3BEB0
2023-11-07 01:40:03,006 [s0@group-2CF1A2762F1F-StateMachineUpdater] INFO  impl.SimpleStateMachine4Testing (SimpleStateMachine4Testing.java:applyTransaction(248)) - applyTransaction for log index 49
2023-11-07 01:40:03,006 [s0@group-2CF1A2762F1F-StateMachineUpdater] INFO  impl.SimpleStateMachine4Testing (SimpleStateMachine4Testing.java:put(205)) - s0: put 49, m24 -> (t:1, i:49), STATEMACHINELOGENTRY, 25@client-829475F3BEB0
2023-11-07 01:40:03,013 [s0@group-2CF1A2762F1F-StateMachineUpdater] INFO  impl.SimpleStateMachine4Testing (SimpleStateMachine4Testing.java:applyTransaction(248)) - applyTransaction for log index 51
2023-11-07 01:40:03,013 [s0@group-2CF1A2762F1F-StateMachineUpdater] INFO  impl.SimpleStateMachine4Testing (SimpleStateMachine4Testing.java:put(205)) - s0: put 51, m25 -> (t:1, i:51), STATEMACHINELOGENTRY, 26@client-829475F3BEB0
2023-11-07 01:40:03,018 [s0@group-2CF1A2762F1F-StateMachineUpdater] INFO  impl.SimpleStateMachine4Testing (SimpleStateMachine4Testing.java:applyTransaction(248)) - applyTransaction for log index 53
2023-11-07 01:40:03,019 [s0@group-2CF1A2762F1F-StateMachineUpdater] INFO  impl.SimpleStateMachine4Testing (SimpleStateMachine4Testing.java:put(205)) - s0: put 53, m26 -> (t:1, i:53), STATEMACHINELOGENTRY, 27@client-829475F3BEB0
2023-11-07 01:40:03,025 [s0@group-2CF1A2762F1F-StateMachineUpdater] INFO  impl.SimpleStateMachine4Testing (SimpleStateMachine4Testing.java:applyTransaction(248)) - applyTransaction for log index 55
2023-11-07 01:40:03,025 [s0@group-2CF1A2762F1F-StateMachineUpdater] INFO  impl.SimpleStateMachine4Testing (SimpleStateMachine4Testing.java:put(205)) - s0: put 55, m27 -> (t:1, i:55), STATEMACHINELOGENTRY, 28@client-829475F3BEB0
2023-11-07 01:40:03,030 [s0@group-2CF1A2762F1F-StateMachineUpdater] INFO  impl.SimpleStateMachine4Testing (SimpleStateMachine4Testing.java:applyTransaction(248)) - applyTransaction for log index 57
2023-11-07 01:40:03,030 [s0@group-2CF1A2762F1F-StateMachineUpdater] INFO  impl.SimpleStateMachine4Testing (SimpleStateMachine4Testing.java:put(205)) - s0: put 57, m28 -> (t:1, i:57), STATEMACHINELOGENTRY, 29@client-829475F3BEB0
2023-11-07 01:40:03,037 [s0@group-2CF1A2762F1F-StateMachineUpdater] INFO  impl.SimpleStateMachine4Testing (SimpleStateMachine4Testing.java:applyTransaction(248)) - applyTransaction for log index 59
2023-11-07 01:40:03,038 [s0@group-2CF1A2762F1F-StateMachineUpdater] INFO  impl.SimpleStateMachine4Testing (SimpleStateMachine4Testing.java:put(205)) - s0: put 59, m29 -> (t:1, i:59), STATEMACHINELOGENTRY, 30@client-829475F3BEB0
2023-11-07 01:40:03,048 [s0@group-2CF1A2762F1F-StateMachineUpdater] INFO  impl.SimpleStateMachine4Testing (SimpleStateMachine4Testing.java:applyTransaction(248)) - applyTransaction for log index 61
2023-11-07 01:40:03,049 [s0@group-2CF1A2762F1F-StateMachineUpdater] INFO  impl.SimpleStateMachine4Testing (SimpleStateMachine4Testing.java:put(205)) - s0: put 61, m30 -> (t:1, i:61), STATEMACHINELOGENTRY, 31@client-829475F3BEB0
2023-11-07 01:40:03,057 [s0@group-2CF1A2762F1F-StateMachineUpdater] INFO  impl.SimpleStateMachine4Testing (SimpleStateMachine4Testing.java:applyTransaction(248)) - applyTransaction for log index 63
2023-11-07 01:40:03,057 [s0@group-2CF1A2762F1F-StateMachineUpdater] INFO  impl.SimpleStateMachine4Testing (SimpleStateMachine4Testing.java:put(205)) - s0: put 63, m31 -> (t:1, i:63), STATEMACHINELOGENTRY, 32@client-829475F3BEB0
2023-11-07 01:40:03,058 [s0@group-2CF1A2762F1F-StateMachineUpdater] TRACE util.FileUtils (LogUtils.java:runAndLog(49)) - Successfully ran Files.createDirectories /home/runner/work/ratis/ratis/ratis-test/target/test/data/1674ca6a/MiniRaftClusterWithGrpcb561eb18/s0/0d456c30-a13a-4fbd-b706-2cf1a2762f1f/sm/snapshot
2023-11-07 01:40:03,058 [s0@group-2CF1A2762F1F-StateMachineUpdater] TRACE util.FileUtils (LogUtils.java:runAndLog(49)) - Successfully ran Files.createDirectories /home/runner/work/ratis/ratis/ratis-test/target/test/data/1674ca6a/MiniRaftClusterWithGrpcb561eb18/s0/0d456c30-a13a-4fbd-b706-2cf1a2762f1f/sm/snapshot
2023-11-07 01:40:03,058 [s0@group-2CF1A2762F1F-StateMachineUpdater] TRACE util.FileUtils (LogUtils.java:runAndLog(49)) - Successfully ran Files.createDirectories /home/runner/work/ratis/ratis/ratis-test/target/test/data/1674ca6a/MiniRaftClusterWithGrpcb561eb18/s0/0d456c30-a13a-4fbd-b706-2cf1a2762f1f/sm/snapshot/sub
2023-11-07 01:40:03,061 [s0@group-2CF1A2762F1F-StateMachineUpdater] TRACE util.FileUtils (LogUtils.java:supplyAndLog(69)) - Successfully supplied Files.newOutputStream /home/runner/work/ratis/ratis/ratis-test/target/test/data/1674ca6a/MiniRaftClusterWithGrpcb561eb18/s0/0d456c30-a13a-4fbd-b706-2cf1a2762f1f/sm/snapshot/1.bin with options [CREATE_NEW]: java.nio.channels.Channels$1@217c5cce
2023-11-07 01:40:03,061 [s0@group-2CF1A2762F1F-StateMachineUpdater] TRACE util.FileUtils (LogUtils.java:supplyAndLog(69)) - Successfully supplied Files.newOutputStream /home/runner/work/ratis/ratis/ratis-test/target/test/data/1674ca6a/MiniRaftClusterWithGrpcb561eb18/s0/0d456c30-a13a-4fbd-b706-2cf1a2762f1f/sm/snapshot/sub/2.bin with options [CREATE_NEW]: java.nio.channels.Channels$1@6c1bafe7
2023-11-07 01:40:03,086 [s0@group-2CF1A2762F1F-StateMachineUpdater] TRACE util.FileUtils (LogUtils.java:supplyAndLog(69)) - Successfully supplied FileChannel.open /home/runner/work/ratis/ratis/ratis-test/target/test/data/1674ca6a/MiniRaftClusterWithGrpcb561eb18/s0/0d456c30-a13a-4fbd-b706-2cf1a2762f1f/sm/snapshot.1_63 with options [READ]: sun.nio.ch.FileChannelImpl@4dc1c490
2023-11-07 01:40:03,088 [s0@group-2CF1A2762F1F-StateMachineUpdater] TRACE util.FileUtils (LogUtils.java:supplyAndLog(69)) - Successfully supplied FileChannel.open /home/runner/work/ratis/ratis/ratis-test/target/test/data/1674ca6a/MiniRaftClusterWithGrpcb561eb18/s0/0d456c30-a13a-4fbd-b706-2cf1a2762f1f/sm/snapshot.1_63.md5.tmp with options [CREATE, WRITE]: sun.nio.ch.FileChannelImpl@301bfc13
2023-11-07 01:40:03,090 [s0@group-2CF1A2762F1F-StateMachineUpdater] TRACE util.FileUtils (LogUtils.java:runAndLog(49)) - Successfully ran Atomic Files.move /home/runner/work/ratis/ratis/ratis-test/target/test/data/1674ca6a/MiniRaftClusterWithGrpcb561eb18/s0/0d456c30-a13a-4fbd-b706-2cf1a2762f1f/sm/snapshot.1_63.md5.tmp to /home/runner/work/ratis/ratis/ratis-test/target/test/data/1674ca6a/MiniRaftClusterWithGrpcb561eb18/s0/0d456c30-a13a-4fbd-b706-2cf1a2762f1f/sm/snapshot.1_63.md5 with options [REPLACE_EXISTING]
2023-11-07 01:40:03,092 [s0@group-2CF1A2762F1F-StateMachineUpdater] INFO  impl.StateMachineUpdater (StateMachineUpdater.java:takeSnapshot(295)) - s0@group-2CF1A2762F1F-StateMachineUpdater: Took a snapshot at index 63
2023-11-07 01:40:03,092 [s0@group-2CF1A2762F1F-StateMachineUpdater] INFO  impl.StateMachineUpdater (StateMachineUpdater.java:lambda$new$0(98)) - s0@group-2CF1A2762F1F-StateMachineUpdater: snapshotIndex: updateIncreasingly -1 -> 63
2023-11-07 01:40:03,098 [s0@group-2CF1A2762F1F-StateMachineUpdater] INFO  raftlog.RaftLog (RaftLogBase.java:purge(330)) - s0@group-2CF1A2762F1F-SegmentedRaftLog: purge 63
2023-11-07 01:40:03,099 [s0@group-2CF1A2762F1F-StateMachineUpdater] INFO  raftlog.RaftLog (RaftLogBase.java:lambda$new$0(54)) - s0@group-2CF1A2762F1F-SegmentedRaftLog: snapshotIndex: updateIncreasingly -1 -> 63
2023-11-07 01:40:03,101 [s0@group-2CF1A2762F1F-StateMachineUpdater] INFO  raftlog.RaftLog (RaftLogBase.java:lambda$new$0(54)) - s0@group-2CF1A2762F1F-SegmentedRaftLog: purgeIndex: updateToMax old=-1, new=63, updated? true
2023-11-07 01:40:03,102 [s0@group-2CF1A2762F1F-StateMachineUpdater] INFO  impl.SimpleStateMachine4Testing (SimpleStateMachine4Testing.java:applyTransaction(248)) - applyTransaction for log index 65
2023-11-07 01:40:03,102 [s0@group-2CF1A2762F1F-StateMachineUpdater] INFO  impl.SimpleStateMachine4Testing (SimpleStateMachine4Testing.java:put(205)) - s0: put 65, m32 -> (t:1, i:65), STATEMACHINELOGENTRY, 33@client-829475F3BEB0
2023-11-07 01:40:03,113 [s0@group-2CF1A2762F1F-StateMachineUpdater] INFO  impl.SimpleStateMachine4Testing (SimpleStateMachine4Testing.java:applyTransaction(248)) - applyTransaction for log index 67
2023-11-07 01:40:03,113 [s0@group-2CF1A2762F1F-StateMachineUpdater] INFO  impl.SimpleStateMachine4Testing (SimpleStateMachine4Testing.java:put(205)) - s0: put 67, m33 -> (t:1, i:67), STATEMACHINELOGENTRY, 34@client-829475F3BEB0
2023-11-07 01:40:03,119 [s0@group-2CF1A2762F1F-StateMachineUpdater] INFO  impl.SimpleStateMachine4Testing (SimpleStateMachine4Testing.java:applyTransaction(248)) - applyTransaction for log index 69
2023-11-07 01:40:03,119 [s0@group-2CF1A2762F1F-StateMachineUpdater] INFO  impl.SimpleStateMachine4Testing (SimpleStateMachine4Testing.java:put(205)) - s0: put 69, m34 -> (t:1, i:69), STATEMACHINELOGENTRY, 35@client-829475F3BEB0
2023-11-07 01:40:03,124 [s0@group-2CF1A2762F1F-StateMachineUpdater] INFO  impl.SimpleStateMachine4Testing (SimpleStateMachine4Testing.java:applyTransaction(248)) - applyTransaction for log index 71
2023-11-07 01:40:03,125 [s0@group-2CF1A2762F1F-StateMachineUpdater] INFO  impl.SimpleStateMachine4Testing (SimpleStateMachine4Testing.java:put(205)) - s0: put 71, m35 -> (t:1, i:71), STATEMACHINELOGENTRY, 36@client-829475F3BEB0
2023-11-07 01:40:03,130 [s0@group-2CF1A2762F1F-StateMachineUpdater] INFO  impl.SimpleStateMachine4Testing (SimpleStateMachine4Testing.java:applyTransaction(248)) - applyTransaction for log index 73
2023-11-07 01:40:03,131 [s0@group-2CF1A2762F1F-StateMachineUpdater] INFO  impl.SimpleStateMachine4Testing (SimpleStateMachine4Testing.java:put(205)) - s0: put 73, m36 -> (t:1, i:73), STATEMACHINELOGENTRY, 37@client-829475F3BEB0
2023-11-07 01:40:03,136 [s0@group-2CF1A2762F1F-StateMachineUpdater] INFO  impl.SimpleStateMachine4Testing (SimpleStateMachine4Testing.java:applyTransaction(248)) - applyTransaction for log index 75
2023-11-07 01:40:03,136 [s0@group-2CF1A2762F1F-StateMachineUpdater] INFO  impl.SimpleStateMachine4Testing (SimpleStateMachine4Testing.java:put(205)) - s0: put 75, m37 -> (t:1, i:75), STATEMACHINELOGENTRY, 38@client-829475F3BEB0
2023-11-07 01:40:03,142 [s0@group-2CF1A2762F1F-StateMachineUpdater] INFO  impl.SimpleStateMachine4Testing (SimpleStateMachine4Testing.java:applyTransaction(248)) - applyTransaction for log index 77
2023-11-07 01:40:03,142 [s0@group-2CF1A2762F1F-StateMachineUpdater] INFO  impl.SimpleStateMachine4Testing (SimpleStateMachine4Testing.java:put(205)) - s0: put 77, m38 -> (t:1, i:77), STATEMACHINELOGENTRY, 39@client-829475F3BEB0
2023-11-07 01:40:03,148 [s0@group-2CF1A2762F1F-StateMachineUpdater] INFO  impl.SimpleStateMachine4Testing (SimpleStateMachine4Testing.java:applyTransaction(248)) - applyTransaction for log index 79
2023-11-07 01:40:03,148 [s0@group-2CF1A2762F1F-StateMachineUpdater] INFO  impl.SimpleStateMachine4Testing (SimpleStateMachine4Testing.java:put(205)) - s0: put 79, m39 -> (t:1, i:79), STATEMACHINELOGENTRY, 40@client-829475F3BEB0
2023-11-07 01:40:03,153 [s0@group-2CF1A2762F1F-StateMachineUpdater] INFO  impl.SimpleStateMachine4Testing (SimpleStateMachine4Testing.java:applyTransaction(248)) - applyTransaction for log index 81
2023-11-07 01:40:03,154 [s0@group-2CF1A2762F1F-StateMachineUpdater] INFO  impl.SimpleStateMachine4Testing (SimpleStateMachine4Testing.java:put(205)) - s0: put 81, m40 -> (t:1, i:81), STATEMACHINELOGENTRY, 41@client-829475F3BEB0
2023-11-07 01:40:03,159 [s0@group-2CF1A2762F1F-StateMachineUpdater] INFO  impl.SimpleStateMachine4Testing (SimpleStateMachine4Testing.java:applyTransaction(248)) - applyTransaction for log index 83
2023-11-07 01:40:03,159 [s0@group-2CF1A2762F1F-StateMachineUpdater] INFO  impl.SimpleStateMachine4Testing (SimpleStateMachine4Testing.java:put(205)) - s0: put 83, m41 -> (t:1, i:83), STATEMACHINELOGENTRY, 42@client-829475F3BEB0
2023-11-07 01:40:03,164 [s0@group-2CF1A2762F1F-StateMachineUpdater] INFO  impl.SimpleStateMachine4Testing (SimpleStateMachine4Testing.java:applyTransaction(248)) - applyTransaction for log index 85
2023-11-07 01:40:03,164 [s0@group-2CF1A2762F1F-StateMachineUpdater] INFO  impl.SimpleStateMachine4Testing (SimpleStateMachine4Testing.java:put(205)) - s0: put 85, m42 -> (t:1, i:85), STATEMACHINELOGENTRY, 43@client-829475F3BEB0
2023-11-07 01:40:03,169 [s0@group-2CF1A2762F1F-StateMachineUpdater] INFO  impl.SimpleStateMachine4Testing (SimpleStateMachine4Testing.java:applyTransaction(248)) - applyTransaction for log index 87
2023-11-07 01:40:03,169 [s0@group-2CF1A2762F1F-StateMachineUpdater] INFO  impl.SimpleStateMachine4Testing (SimpleStateMachine4Testing.java:put(205)) - s0: put 87, m43 -> (t:1, i:87), STATEMACHINELOGENTRY, 44@client-829475F3BEB0
2023-11-07 01:40:03,174 [s0@group-2CF1A2762F1F-StateMachineUpdater] INFO  impl.SimpleStateMachine4Testing (SimpleStateMachine4Testing.java:applyTransaction(248)) - applyTransaction for log index 89
2023-11-07 01:40:03,174 [s0@group-2CF1A2762F1F-StateMachineUpdater] INFO  impl.SimpleStateMachine4Testing (SimpleStateMachine4Testing.java:put(205)) - s0: put 89, m44 -> (t:1, i:89), STATEMACHINELOGENTRY, 45@client-829475F3BEB0
2023-11-07 01:40:03,179 [s0@group-2CF1A2762F1F-StateMachineUpdater] INFO  impl.SimpleStateMachine4Testing (SimpleStateMachine4Testing.java:applyTransaction(248)) - applyTransaction for log index 91
2023-11-07 01:40:03,179 [s0@group-2CF1A2762F1F-StateMachineUpdater] INFO  impl.SimpleStateMachine4Testing (SimpleStateMachine4Testing.java:put(205)) - s0: put 91, m45 -> (t:1, i:91), STATEMACHINELOGENTRY, 46@client-829475F3BEB0
2023-11-07 01:40:03,184 [s0@group-2CF1A2762F1F-StateMachineUpdater] INFO  impl.SimpleStateMachine4Testing (SimpleStateMachine4Testing.java:applyTransaction(248)) - applyTransaction for log index 93
2023-11-07 01:40:03,184 [s0@group-2CF1A2762F1F-StateMachineUpdater] INFO  impl.SimpleStateMachine4Testing (SimpleStateMachine4Testing.java:put(205)) - s0: put 93, m46 -> (t:1, i:93), STATEMACHINELOGENTRY, 47@client-829475F3BEB0
2023-11-07 01:40:03,189 [s0@group-2CF1A2762F1F-StateMachineUpdater] INFO  impl.SimpleStateMachine4Testing (SimpleStateMachine4Testing.java:applyTransaction(248)) - applyTransaction for log index 95
2023-11-07 01:40:03,189 [s0@group-2CF1A2762F1F-StateMachineUpdater] INFO  impl.SimpleStateMachine4Testing (SimpleStateMachine4Testing.java:put(205)) - s0: put 95, m47 -> (t:1, i:95), STATEMACHINELOGENTRY, 48@client-829475F3BEB0
2023-11-07 01:40:03,193 [s0@group-2CF1A2762F1F-StateMachineUpdater] INFO  impl.SimpleStateMachine4Testing (SimpleStateMachine4Testing.java:applyTransaction(248)) - applyTransaction for log index 97
2023-11-07 01:40:03,194 [s0@group-2CF1A2762F1F-StateMachineUpdater] INFO  impl.SimpleStateMachine4Testing (SimpleStateMachine4Testing.java:put(205)) - s0: put 97, m48 -> (t:1, i:97), STATEMACHINELOGENTRY, 49@client-829475F3BEB0
2023-11-07 01:40:03,199 [s0@group-2CF1A2762F1F-StateMachineUpdater] INFO  impl.SimpleStateMachine4Testing (SimpleStateMachine4Testing.java:applyTransaction(248)) - applyTransaction for log index 99
2023-11-07 01:40:03,199 [s0@group-2CF1A2762F1F-StateMachineUpdater] INFO  impl.SimpleStateMachine4Testing (SimpleStateMachine4Testing.java:put(205)) - s0: put 99, m49 -> (t:1, i:99), STATEMACHINELOGENTRY, 50@client-829475F3BEB0
2023-11-07 01:40:03,203 [s0@group-2CF1A2762F1F-StateMachineUpdater] INFO  impl.SimpleStateMachine4Testing (SimpleStateMachine4Testing.java:applyTransaction(248)) - applyTransaction for log index 101
2023-11-07 01:40:03,203 [s0@group-2CF1A2762F1F-StateMachineUpdater] INFO  impl.SimpleStateMachine4Testing (SimpleStateMachine4Testing.java:put(205)) - s0: put 101, m50 -> (t:1, i:101), STATEMACHINELOGENTRY, 51@client-829475F3BEB0
2023-11-07 01:40:03,208 [s0@group-2CF1A2762F1F-StateMachineUpdater] INFO  impl.SimpleStateMachine4Testing (SimpleStateMachine4Testing.java:applyTransaction(248)) - applyTransaction for log index 103
2023-11-07 01:40:03,208 [s0@group-2CF1A2762F1F-StateMachineUpdater] INFO  impl.SimpleStateMachine4Testing (SimpleStateMachine4Testing.java:put(205)) - s0: put 103, m51 -> (t:1, i:103), STATEMACHINELOGENTRY, 52@client-829475F3BEB0
2023-11-07 01:40:03,213 [s0@group-2CF1A2762F1F-StateMachineUpdater] INFO  impl.SimpleStateMachine4Testing (SimpleStateMachine4Testing.java:applyTransaction(248)) - applyTransaction for log index 105
2023-11-07 01:40:03,213 [s0@group-2CF1A2762F1F-StateMachineUpdater] INFO  impl.SimpleStateMachine4Testing (SimpleStateMachine4Testing.java:put(205)) - s0: put 105, m52 -> (t:1, i:105), STATEMACHINELOGENTRY, 53@client-829475F3BEB0
2023-11-07 01:40:03,217 [s0@group-2CF1A2762F1F-StateMachineUpdater] INFO  impl.SimpleStateMachine4Testing (SimpleStateMachine4Testing.java:applyTransaction(248)) - applyTransaction for log index 107
2023-11-07 01:40:03,217 [s0@group-2CF1A2762F1F-StateMachineUpdater] INFO  impl.SimpleStateMachine4Testing (SimpleStateMachine4Testing.java:put(205)) - s0: put 107, m53 -> (t:1, i:107), STATEMACHINELOGENTRY, 54@client-829475F3BEB0
2023-11-07 01:40:03,222 [s0@group-2CF1A2762F1F-StateMachineUpdater] INFO  impl.SimpleStateMachine4Testing (SimpleStateMachine4Testing.java:applyTransaction(248)) - applyTransaction for log index 109
2023-11-07 01:40:03,223 [s0@group-2CF1A2762F1F-StateMachineUpdater] INFO  impl.SimpleStateMachine4Testing (SimpleStateMachine4Testing.java:put(205)) - s0: put 109, m54 -> (t:1, i:109), STATEMACHINELOGENTRY, 55@client-829475F3BEB0
2023-11-07 01:40:03,227 [s0@group-2CF1A2762F1F-StateMachineUpdater] INFO  impl.SimpleStateMachine4Testing (SimpleStateMachine4Testing.java:applyTransaction(248)) - applyTransaction for log index 111
2023-11-07 01:40:03,228 [s0@group-2CF1A2762F1F-StateMachineUpdater] INFO  impl.SimpleStateMachine4Testing (SimpleStateMachine4Testing.java:put(205)) - s0: put 111, m55 -> (t:1, i:111), STATEMACHINELOGENTRY, 56@client-829475F3BEB0
2023-11-07 01:40:03,232 [s0@group-2CF1A2762F1F-StateMachineUpdater] INFO  impl.SimpleStateMachine4Testing (SimpleStateMachine4Testing.java:applyTransaction(248)) - applyTransaction for log index 113
2023-11-07 01:40:03,232 [s0@group-2CF1A2762F1F-StateMachineUpdater] INFO  impl.SimpleStateMachine4Testing (SimpleStateMachine4Testing.java:put(205)) - s0: put 113, m56 -> (t:1, i:113), STATEMACHINELOGENTRY, 57@client-829475F3BEB0
2023-11-07 01:40:03,236 [s0@group-2CF1A2762F1F-StateMachineUpdater] INFO  impl.SimpleStateMachine4Testing (SimpleStateMachine4Testing.java:applyTransaction(248)) - applyTransaction for log index 115
2023-11-07 01:40:03,236 [s0@group-2CF1A2762F1F-StateMachineUpdater] INFO  impl.SimpleStateMachine4Testing (SimpleStateMachine4Testing.java:put(205)) - s0: put 115, m57 -> (t:1, i:115), STATEMACHINELOGENTRY, 58@client-829475F3BEB0
2023-11-07 01:40:03,241 [s0@group-2CF1A2762F1F-StateMachineUpdater] INFO  impl.SimpleStateMachine4Testing (SimpleStateMachine4Testing.java:applyTransaction(248)) - applyTransaction for log index 117
2023-11-07 01:40:03,241 [s0@group-2CF1A2762F1F-StateMachineUpdater] INFO  impl.SimpleStateMachine4Testing (SimpleStateMachine4Testing.java:put(205)) - s0: put 117, m58 -> (t:1, i:117), STATEMACHINELOGENTRY, 59@client-829475F3BEB0
2023-11-07 01:40:03,245 [s0@group-2CF1A2762F1F-StateMachineUpdater] INFO  impl.SimpleStateMachine4Testing (SimpleStateMachine4Testing.java:applyTransaction(248)) - applyTransaction for log index 119
2023-11-07 01:40:03,245 [s0@group-2CF1A2762F1F-StateMachineUpdater] INFO  impl.SimpleStateMachine4Testing (SimpleStateMachine4Testing.java:put(205)) - s0: put 119, m59 -> (t:1, i:119), STATEMACHINELOGENTRY, 60@client-829475F3BEB0
2023-11-07 01:40:03,249 [s0@group-2CF1A2762F1F-StateMachineUpdater] INFO  impl.SimpleStateMachine4Testing (SimpleStateMachine4Testing.java:applyTransaction(248)) - applyTransaction for log index 121
2023-11-07 01:40:03,249 [s0@group-2CF1A2762F1F-StateMachineUpdater] INFO  impl.SimpleStateMachine4Testing (SimpleStateMachine4Testing.java:put(205)) - s0: put 121, m60 -> (t:1, i:121), STATEMACHINELOGENTRY, 61@client-829475F3BEB0
2023-11-07 01:40:03,253 [s0@group-2CF1A2762F1F-StateMachineUpdater] INFO  impl.SimpleStateMachine4Testing (SimpleStateMachine4Testing.java:applyTransaction(248)) - applyTransaction for log index 123
2023-11-07 01:40:03,253 [s0@group-2CF1A2762F1F-StateMachineUpdater] INFO  impl.SimpleStateMachine4Testing (SimpleStateMachine4Testing.java:put(205)) - s0: put 123, m61 -> (t:1, i:123), STATEMACHINELOGENTRY, 62@client-829475F3BEB0
2023-11-07 01:40:03,258 [s0@group-2CF1A2762F1F-StateMachineUpdater] INFO  impl.SimpleStateMachine4Testing (SimpleStateMachine4Testing.java:applyTransaction(248)) - applyTransaction for log index 125
2023-11-07 01:40:03,259 [s0@group-2CF1A2762F1F-StateMachineUpdater] INFO  impl.SimpleStateMachine4Testing (SimpleStateMachine4Testing.java:put(205)) - s0: put 125, m62 -> (t:1, i:125), STATEMACHINELOGENTRY, 63@client-829475F3BEB0
2023-11-07 01:40:03,264 [s0@group-2CF1A2762F1F-StateMachineUpdater] INFO  impl.SimpleStateMachine4Testing (SimpleStateMachine4Testing.java:applyTransaction(248)) - applyTransaction for log index 127
2023-11-07 01:40:03,264 [s0@group-2CF1A2762F1F-StateMachineUpdater] INFO  impl.SimpleStateMachine4Testing (SimpleStateMachine4Testing.java:put(205)) - s0: put 127, m63 -> (t:1, i:127), STATEMACHINELOGENTRY, 64@client-829475F3BEB0
2023-11-07 01:40:03,281 [s0@group-2CF1A2762F1F-StateMachineUpdater] TRACE util.FileUtils (LogUtils.java:supplyAndLog(69)) - Successfully supplied FileChannel.open /home/runner/work/ratis/ratis/ratis-test/target/test/data/1674ca6a/MiniRaftClusterWithGrpcb561eb18/s0/0d456c30-a13a-4fbd-b706-2cf1a2762f1f/sm/snapshot.1_127 with options [READ]: sun.nio.ch.FileChannelImpl@5e5ecbea
2023-11-07 01:40:03,282 [s0@group-2CF1A2762F1F-StateMachineUpdater] TRACE util.FileUtils (LogUtils.java:supplyAndLog(69)) - Successfully supplied FileChannel.open /home/runner/work/ratis/ratis/ratis-test/target/test/data/1674ca6a/MiniRaftClusterWithGrpcb561eb18/s0/0d456c30-a13a-4fbd-b706-2cf1a2762f1f/sm/snapshot.1_127.md5.tmp with options [CREATE, WRITE]: sun.nio.ch.FileChannelImpl@7ea21f2d
2023-11-07 01:40:03,287 [s0@group-2CF1A2762F1F-StateMachineUpdater] TRACE util.FileUtils (LogUtils.java:runAndLog(49)) - Successfully ran Atomic Files.move /home/runner/work/ratis/ratis/ratis-test/target/test/data/1674ca6a/MiniRaftClusterWithGrpcb561eb18/s0/0d456c30-a13a-4fbd-b706-2cf1a2762f1f/sm/snapshot.1_127.md5.tmp to /home/runner/work/ratis/ratis/ratis-test/target/test/data/1674ca6a/MiniRaftClusterWithGrpcb561eb18/s0/0d456c30-a13a-4fbd-b706-2cf1a2762f1f/sm/snapshot.1_127.md5 with options [REPLACE_EXISTING]
2023-11-07 01:40:03,287 [s0@group-2CF1A2762F1F-StateMachineUpdater] INFO  impl.StateMachineUpdater (StateMachineUpdater.java:takeSnapshot(295)) - s0@group-2CF1A2762F1F-StateMachineUpdater: Took a snapshot at index 127
2023-11-07 01:40:03,288 [s0@group-2CF1A2762F1F-StateMachineUpdater] INFO  impl.StateMachineUpdater (StateMachineUpdater.java:lambda$new$0(98)) - s0@group-2CF1A2762F1F-StateMachineUpdater: snapshotIndex: updateIncreasingly 63 -> 127
2023-11-07 01:40:03,288 [s0@group-2CF1A2762F1F-StateMachineUpdater] INFO  raftlog.RaftLog (RaftLogBase.java:purge(330)) - s0@group-2CF1A2762F1F-SegmentedRaftLog: purge 127
2023-11-07 01:40:03,288 [s0@group-2CF1A2762F1F-StateMachineUpdater] INFO  raftlog.RaftLog (RaftLogBase.java:lambda$new$0(54)) - s0@group-2CF1A2762F1F-SegmentedRaftLog: snapshotIndex: updateIncreasingly 63 -> 127
2023-11-07 01:40:03,288 [s0@group-2CF1A2762F1F-StateMachineUpdater] INFO  raftlog.RaftLog (RaftLogBase.java:lambda$new$0(54)) - s0@group-2CF1A2762F1F-SegmentedRaftLog: purgeIndex: updateToMax old=63, new=127, updated? true
2023-11-07 01:40:03,288 [s0@group-2CF1A2762F1F-StateMachineUpdater] INFO  impl.SimpleStateMachine4Testing (SimpleStateMachine4Testing.java:applyTransaction(248)) - applyTransaction for log index 129
2023-11-07 01:40:03,289 [s0@group-2CF1A2762F1F-StateMachineUpdater] INFO  impl.SimpleStateMachine4Testing (SimpleStateMachine4Testing.java:put(205)) - s0: put 129, m64 -> (t:1, i:129), STATEMACHINELOGENTRY, 65@client-829475F3BEB0
2023-11-07 01:40:03,294 [s0@group-2CF1A2762F1F-StateMachineUpdater] INFO  impl.SimpleStateMachine4Testing (SimpleStateMachine4Testing.java:applyTransaction(248)) - applyTransaction for log index 131
2023-11-07 01:40:03,294 [s0@group-2CF1A2762F1F-StateMachineUpdater] INFO  impl.SimpleStateMachine4Testing (SimpleStateMachine4Testing.java:put(205)) - s0: put 131, m65 -> (t:1, i:131), STATEMACHINELOGENTRY, 66@client-829475F3BEB0
2023-11-07 01:40:03,300 [s0@group-2CF1A2762F1F-StateMachineUpdater] INFO  impl.SimpleStateMachine4Testing (SimpleStateMachine4Testing.java:applyTransaction(248)) - applyTransaction for log index 133
2023-11-07 01:40:03,300 [s0@group-2CF1A2762F1F-StateMachineUpdater] INFO  impl.SimpleStateMachine4Testing (SimpleStateMachine4Testing.java:put(205)) - s0: put 133, m66 -> (t:1, i:133), STATEMACHINELOGENTRY, 67@client-829475F3BEB0
2023-11-07 01:40:03,305 [s0@group-2CF1A2762F1F-StateMachineUpdater] INFO  impl.SimpleStateMachine4Testing (SimpleStateMachine4Testing.java:applyTransaction(248)) - applyTransaction for log index 135
2023-11-07 01:40:03,305 [s0@group-2CF1A2762F1F-StateMachineUpdater] INFO  impl.SimpleStateMachine4Testing (SimpleStateMachine4Testing.java:put(205)) - s0: put 135, m67 -> (t:1, i:135), STATEMACHINELOGENTRY, 68@client-829475F3BEB0
2023-11-07 01:40:03,309 [s0@group-2CF1A2762F1F-StateMachineUpdater] INFO  impl.SimpleStateMachine4Testing (SimpleStateMachine4Testing.java:applyTransaction(248)) - applyTransaction for log index 137
2023-11-07 01:40:03,309 [s0@group-2CF1A2762F1F-StateMachineUpdater] INFO  impl.SimpleStateMachine4Testing (SimpleStateMachine4Testing.java:put(205)) - s0: put 137, m68 -> (t:1, i:137), STATEMACHINELOGENTRY, 69@client-829475F3BEB0
2023-11-07 01:40:03,313 [s0@group-2CF1A2762F1F-StateMachineUpdater] INFO  impl.SimpleStateMachine4Testing (SimpleStateMachine4Testing.java:applyTransaction(248)) - applyTransaction for log index 139
2023-11-07 01:40:03,314 [s0@group-2CF1A2762F1F-StateMachineUpdater] INFO  impl.SimpleStateMachine4Testing (SimpleStateMachine4Testing.java:put(205)) - s0: put 139, m69 -> (t:1, i:139), STATEMACHINELOGENTRY, 70@client-829475F3BEB0
2023-11-07 01:40:03,318 [s0@group-2CF1A2762F1F-StateMachineUpdater] INFO  impl.SimpleStateMachine4Testing (SimpleStateMachine4Testing.java:applyTransaction(248)) - applyTransaction for log index 141
2023-11-07 01:40:03,318 [s0@group-2CF1A2762F1F-StateMachineUpdater] INFO  impl.SimpleStateMachine4Testing (SimpleStateMachine4Testing.java:put(205)) - s0: put 141, m70 -> (t:1, i:141), STATEMACHINELOGENTRY, 71@client-829475F3BEB0
2023-11-07 01:40:03,322 [s0@group-2CF1A2762F1F-StateMachineUpdater] INFO  impl.SimpleStateMachine4Testing (SimpleStateMachine4Testing.java:applyTransaction(248)) - applyTransaction for log index 143
2023-11-07 01:40:03,323 [s0@group-2CF1A2762F1F-StateMachineUpdater] INFO  impl.SimpleStateMachine4Testing (SimpleStateMachine4Testing.java:put(205)) - s0: put 143, m71 -> (t:1, i:143), STATEMACHINELOGENTRY, 72@client-829475F3BEB0
2023-11-07 01:40:03,328 [s0@group-2CF1A2762F1F-StateMachineUpdater] INFO  impl.SimpleStateMachine4Testing (SimpleStateMachine4Testing.java:applyTransaction(248)) - applyTransaction for log index 145
2023-11-07 01:40:03,328 [s0@group-2CF1A2762F1F-StateMachineUpdater] INFO  impl.SimpleStateMachine4Testing (SimpleStateMachine4Testing.java:put(205)) - s0: put 145, m72 -> (t:1, i:145), STATEMACHINELOGENTRY, 73@client-829475F3BEB0
2023-11-07 01:40:03,332 [s0@group-2CF1A2762F1F-StateMachineUpdater] INFO  impl.SimpleStateMachine4Testing (SimpleStateMachine4Testing.java:applyTransaction(248)) - applyTransaction for log index 147
2023-11-07 01:40:03,333 [s0@group-2CF1A2762F1F-StateMachineUpdater] INFO  impl.SimpleStateMachine4Testing (SimpleStateMachine4Testing.java:put(205)) - s0: put 147, m73 -> (t:1, i:147), STATEMACHINELOGENTRY, 74@client-829475F3BEB0
2023-11-07 01:40:03,337 [s0@group-2CF1A2762F1F-StateMachineUpdater] INFO  impl.SimpleStateMachine4Testing (SimpleStateMachine4Testing.java:applyTransaction(248)) - applyTransaction for log index 149
2023-11-07 01:40:03,337 [s0@group-2CF1A2762F1F-StateMachineUpdater] INFO  impl.SimpleStateMachine4Testing (SimpleStateMachine4Testing.java:put(205)) - s0: put 149, m74 -> (t:1, i:149), STATEMACHINELOGENTRY, 75@client-829475F3BEB0
2023-11-07 01:40:03,343 [s0@group-2CF1A2762F1F-StateMachineUpdater] INFO  impl.SimpleStateMachine4Testing (SimpleStateMachine4Testing.java:applyTransaction(248)) - applyTransaction for log index 151
2023-11-07 01:40:03,343 [s0@group-2CF1A2762F1F-StateMachineUpdater] INFO  impl.SimpleStateMachine4Testing (SimpleStateMachine4Testing.java:put(205)) - s0: put 151, m75 -> (t:1, i:151), STATEMACHINELOGENTRY, 76@client-829475F3BEB0
2023-11-07 01:40:03,347 [s0@group-2CF1A2762F1F-StateMachineUpdater] INFO  impl.SimpleStateMachine4Testing (SimpleStateMachine4Testing.java:applyTransaction(248)) - applyTransaction for log index 153
2023-11-07 01:40:03,348 [s0@group-2CF1A2762F1F-StateMachineUpdater] INFO  impl.SimpleStateMachine4Testing (SimpleStateMachine4Testing.java:put(205)) - s0: put 153, m76 -> (t:1, i:153), STATEMACHINELOGENTRY, 77@client-829475F3BEB0
2023-11-07 01:40:03,353 [s0@group-2CF1A2762F1F-StateMachineUpdater] INFO  impl.SimpleStateMachine4Testing (SimpleStateMachine4Testing.java:applyTransaction(248)) - applyTransaction for log index 155
2023-11-07 01:40:03,353 [s0@group-2CF1A2762F1F-StateMachineUpdater] INFO  impl.SimpleStateMachine4Testing (SimpleStateMachine4Testing.java:put(205)) - s0: put 155, m77 -> (t:1, i:155), STATEMACHINELOGENTRY, 78@client-829475F3BEB0
2023-11-07 01:40:03,358 [s0@group-2CF1A2762F1F-StateMachineUpdater] INFO  impl.SimpleStateMachine4Testing (SimpleStateMachine4Testing.java:applyTransaction(248)) - applyTransaction for log index 157
2023-11-07 01:40:03,358 [s0@group-2CF1A2762F1F-StateMachineUpdater] INFO  impl.SimpleStateMachine4Testing (SimpleStateMachine4Testing.java:put(205)) - s0: put 157, m78 -> (t:1, i:157), STATEMACHINELOGENTRY, 79@client-829475F3BEB0
2023-11-07 01:40:03,364 [s0@group-2CF1A2762F1F-StateMachineUpdater] INFO  impl.SimpleStateMachine4Testing (SimpleStateMachine4Testing.java:applyTransaction(248)) - applyTransaction for log index 159
2023-11-07 01:40:03,364 [s0@group-2CF1A2762F1F-StateMachineUpdater] INFO  impl.SimpleStateMachine4Testing (SimpleStateMachine4Testing.java:put(205)) - s0: put 159, m79 -> (t:1, i:159), STATEMACHINELOGENTRY, 80@client-829475F3BEB0
2023-11-07 01:40:03,368 [s0@group-2CF1A2762F1F-StateMachineUpdater] INFO  impl.SimpleStateMachine4Testing (SimpleStateMachine4Testing.java:applyTransaction(248)) - applyTransaction for log index 161
2023-11-07 01:40:03,369 [s0@group-2CF1A2762F1F-StateMachineUpdater] INFO  impl.SimpleStateMachine4Testing (SimpleStateMachine4Testing.java:put(205)) - s0: put 161, m80 -> (t:1, i:161), STATEMACHINELOGENTRY, 81@client-829475F3BEB0
2023-11-07 01:40:03,376 [s0@group-2CF1A2762F1F-StateMachineUpdater] INFO  impl.SimpleStateMachine4Testing (SimpleStateMachine4Testing.java:applyTransaction(248)) - applyTransaction for log index 163
2023-11-07 01:40:03,376 [s0@group-2CF1A2762F1F-StateMachineUpdater] INFO  impl.SimpleStateMachine4Testing (SimpleStateMachine4Testing.java:put(205)) - s0: put 163, m81 -> (t:1, i:163), STATEMACHINELOGENTRY, 82@client-829475F3BEB0
2023-11-07 01:40:03,381 [s0@group-2CF1A2762F1F-StateMachineUpdater] INFO  impl.SimpleStateMachine4Testing (SimpleStateMachine4Testing.java:applyTransaction(248)) - applyTransaction for log index 165
2023-11-07 01:40:03,381 [s0@group-2CF1A2762F1F-StateMachineUpdater] INFO  impl.SimpleStateMachine4Testing (SimpleStateMachine4Testing.java:put(205)) - s0: put 165, m82 -> (t:1, i:165), STATEMACHINELOGENTRY, 83@client-829475F3BEB0
2023-11-07 01:40:03,385 [s0@group-2CF1A2762F1F-StateMachineUpdater] INFO  impl.SimpleStateMachine4Testing (SimpleStateMachine4Testing.java:applyTransaction(248)) - applyTransaction for log index 167
2023-11-07 01:40:03,385 [s0@group-2CF1A2762F1F-StateMachineUpdater] INFO  impl.SimpleStateMachine4Testing (SimpleStateMachine4Testing.java:put(205)) - s0: put 167, m83 -> (t:1, i:167), STATEMACHINELOGENTRY, 84@client-829475F3BEB0
2023-11-07 01:40:03,390 [s0@group-2CF1A2762F1F-StateMachineUpdater] INFO  impl.SimpleStateMachine4Testing (SimpleStateMachine4Testing.java:applyTransaction(248)) - applyTransaction for log index 169
2023-11-07 01:40:03,390 [s0@group-2CF1A2762F1F-StateMachineUpdater] INFO  impl.SimpleStateMachine4Testing (SimpleStateMachine4Testing.java:put(205)) - s0: put 169, m84 -> (t:1, i:169), STATEMACHINELOGENTRY, 85@client-829475F3BEB0
2023-11-07 01:40:03,396 [s0@group-2CF1A2762F1F-StateMachineUpdater] INFO  impl.SimpleStateMachine4Testing (SimpleStateMachine4Testing.java:applyTransaction(248)) - applyTransaction for log index 171
2023-11-07 01:40:03,396 [s0@group-2CF1A2762F1F-StateMachineUpdater] INFO  impl.SimpleStateMachine4Testing (SimpleStateMachine4Testing.java:put(205)) - s0: put 171, m85 -> (t:1, i:171), STATEMACHINELOGENTRY, 86@client-829475F3BEB0
2023-11-07 01:40:03,401 [s0@group-2CF1A2762F1F-StateMachineUpdater] INFO  impl.SimpleStateMachine4Testing (SimpleStateMachine4Testing.java:applyTransaction(248)) - applyTransaction for log index 173
2023-11-07 01:40:03,401 [s0@group-2CF1A2762F1F-StateMachineUpdater] INFO  impl.SimpleStateMachine4Testing (SimpleStateMachine4Testing.java:put(205)) - s0: put 173, m86 -> (t:1, i:173), STATEMACHINELOGENTRY, 87@client-829475F3BEB0
2023-11-07 01:40:03,405 [s0@group-2CF1A2762F1F-StateMachineUpdater] INFO  impl.SimpleStateMachine4Testing (SimpleStateMachine4Testing.java:applyTransaction(248)) - applyTransaction for log index 175
2023-11-07 01:40:03,406 [s0@group-2CF1A2762F1F-StateMachineUpdater] INFO  impl.SimpleStateMachine4Testing (SimpleStateMachine4Testing.java:put(205)) - s0: put 175, m87 -> (t:1, i:175), STATEMACHINELOGENTRY, 88@client-829475F3BEB0
2023-11-07 01:40:03,411 [s0@group-2CF1A2762F1F-StateMachineUpdater] INFO  impl.SimpleStateMachine4Testing (SimpleStateMachine4Testing.java:applyTransaction(248)) - applyTransaction for log index 177
2023-11-07 01:40:03,411 [s0@group-2CF1A2762F1F-StateMachineUpdater] INFO  impl.SimpleStateMachine4Testing (SimpleStateMachine4Testing.java:put(205)) - s0: put 177, m88 -> (t:1, i:177), STATEMACHINELOGENTRY, 89@client-829475F3BEB0
2023-11-07 01:40:03,416 [s0@group-2CF1A2762F1F-StateMachineUpdater] INFO  impl.SimpleStateMachine4Testing (SimpleStateMachine4Testing.java:applyTransaction(248)) - applyTransaction for log index 179
2023-11-07 01:40:03,416 [s0@group-2CF1A2762F1F-StateMachineUpdater] INFO  impl.SimpleStateMachine4Testing (SimpleStateMachine4Testing.java:put(205)) - s0: put 179, m89 -> (t:1, i:179), STATEMACHINELOGENTRY, 90@client-829475F3BEB0
2023-11-07 01:40:03,420 [s0@group-2CF1A2762F1F-StateMachineUpdater] INFO  impl.SimpleStateMachine4Testing (SimpleStateMachine4Testing.java:applyTransaction(248)) - applyTransaction for log index 181
2023-11-07 01:40:03,421 [s0@group-2CF1A2762F1F-StateMachineUpdater] INFO  impl.SimpleStateMachine4Testing (SimpleStateMachine4Testing.java:put(205)) - s0: put 181, m90 -> (t:1, i:181), STATEMACHINELOGENTRY, 91@client-829475F3BEB0
2023-11-07 01:40:03,424 [s0@group-2CF1A2762F1F-StateMachineUpdater] INFO  impl.SimpleStateMachine4Testing (SimpleStateMachine4Testing.java:applyTransaction(248)) - applyTransaction for log index 183
2023-11-07 01:40:03,425 [s0@group-2CF1A2762F1F-StateMachineUpdater] INFO  impl.SimpleStateMachine4Testing (SimpleStateMachine4Testing.java:put(205)) - s0: put 183, m91 -> (t:1, i:183), STATEMACHINELOGENTRY, 92@client-829475F3BEB0
2023-11-07 01:40:03,428 [s0@group-2CF1A2762F1F-StateMachineUpdater] INFO  impl.SimpleStateMachine4Testing (SimpleStateMachine4Testing.java:applyTransaction(248)) - applyTransaction for log index 185
2023-11-07 01:40:03,429 [s0@group-2CF1A2762F1F-StateMachineUpdater] INFO  impl.SimpleStateMachine4Testing (SimpleStateMachine4Testing.java:put(205)) - s0: put 185, m92 -> (t:1, i:185), STATEMACHINELOGENTRY, 93@client-829475F3BEB0
2023-11-07 01:40:03,433 [s0@group-2CF1A2762F1F-StateMachineUpdater] INFO  impl.SimpleStateMachine4Testing (SimpleStateMachine4Testing.java:applyTransaction(248)) - applyTransaction for log index 187
2023-11-07 01:40:03,434 [s0@group-2CF1A2762F1F-StateMachineUpdater] INFO  impl.SimpleStateMachine4Testing (SimpleStateMachine4Testing.java:put(205)) - s0: put 187, m93 -> (t:1, i:187), STATEMACHINELOGENTRY, 94@client-829475F3BEB0
2023-11-07 01:40:03,438 [s0@group-2CF1A2762F1F-StateMachineUpdater] INFO  impl.SimpleStateMachine4Testing (SimpleStateMachine4Testing.java:applyTransaction(248)) - applyTransaction for log index 189
2023-11-07 01:40:03,438 [s0@group-2CF1A2762F1F-StateMachineUpdater] INFO  impl.SimpleStateMachine4Testing (SimpleStateMachine4Testing.java:put(205)) - s0: put 189, m94 -> (t:1, i:189), STATEMACHINELOGENTRY, 95@client-829475F3BEB0
2023-11-07 01:40:03,443 [s0@group-2CF1A2762F1F-StateMachineUpdater] INFO  impl.SimpleStateMachine4Testing (SimpleStateMachine4Testing.java:applyTransaction(248)) - applyTransaction for log index 191
2023-11-07 01:40:03,443 [s0@group-2CF1A2762F1F-StateMachineUpdater] INFO  impl.SimpleStateMachine4Testing (SimpleStateMachine4Testing.java:put(205)) - s0: put 191, m95 -> (t:1, i:191), STATEMACHINELOGENTRY, 96@client-829475F3BEB0
2023-11-07 01:40:03,461 [s0@group-2CF1A2762F1F-StateMachineUpdater] TRACE util.FileUtils (LogUtils.java:supplyAndLog(69)) - Successfully supplied FileChannel.open /home/runner/work/ratis/ratis/ratis-test/target/test/data/1674ca6a/MiniRaftClusterWithGrpcb561eb18/s0/0d456c30-a13a-4fbd-b706-2cf1a2762f1f/sm/snapshot.1_191 with options [READ]: sun.nio.ch.FileChannelImpl@64c7fa5f
2023-11-07 01:40:03,462 [s0@group-2CF1A2762F1F-StateMachineUpdater] TRACE util.FileUtils (LogUtils.java:supplyAndLog(69)) - Successfully supplied FileChannel.open /home/runner/work/ratis/ratis/ratis-test/target/test/data/1674ca6a/MiniRaftClusterWithGrpcb561eb18/s0/0d456c30-a13a-4fbd-b706-2cf1a2762f1f/sm/snapshot.1_191.md5.tmp with options [CREATE, WRITE]: sun.nio.ch.FileChannelImpl@3eeed85a
2023-11-07 01:40:03,467 [s0@group-2CF1A2762F1F-StateMachineUpdater] TRACE util.FileUtils (LogUtils.java:runAndLog(49)) - Successfully ran Atomic Files.move /home/runner/work/ratis/ratis/ratis-test/target/test/data/1674ca6a/MiniRaftClusterWithGrpcb561eb18/s0/0d456c30-a13a-4fbd-b706-2cf1a2762f1f/sm/snapshot.1_191.md5.tmp to /home/runner/work/ratis/ratis/ratis-test/target/test/data/1674ca6a/MiniRaftClusterWithGrpcb561eb18/s0/0d456c30-a13a-4fbd-b706-2cf1a2762f1f/sm/snapshot.1_191.md5 with options [REPLACE_EXISTING]
2023-11-07 01:40:03,467 [s0@group-2CF1A2762F1F-StateMachineUpdater] INFO  impl.StateMachineUpdater (StateMachineUpdater.java:takeSnapshot(295)) - s0@group-2CF1A2762F1F-StateMachineUpdater: Took a snapshot at index 191
2023-11-07 01:40:03,467 [s0@group-2CF1A2762F1F-StateMachineUpdater] INFO  impl.StateMachineUpdater (StateMachineUpdater.java:lambda$new$0(98)) - s0@group-2CF1A2762F1F-StateMachineUpdater: snapshotIndex: updateIncreasingly 127 -> 191
2023-11-07 01:40:03,467 [s0@group-2CF1A2762F1F-StateMachineUpdater] INFO  raftlog.RaftLog (RaftLogBase.java:purge(330)) - s0@group-2CF1A2762F1F-SegmentedRaftLog: purge 191
2023-11-07 01:40:03,468 [s0@group-2CF1A2762F1F-StateMachineUpdater] INFO  raftlog.RaftLog (RaftLogBase.java:lambda$new$0(54)) - s0@group-2CF1A2762F1F-SegmentedRaftLog: snapshotIndex: updateIncreasingly 127 -> 191
2023-11-07 01:40:03,468 [s0@group-2CF1A2762F1F-StateMachineUpdater] INFO  raftlog.RaftLog (RaftLogBase.java:lambda$new$0(54)) - s0@group-2CF1A2762F1F-SegmentedRaftLog: purgeIndex: updateToMax old=127, new=191, updated? true
2023-11-07 01:40:03,468 [s0@group-2CF1A2762F1F-StateMachineUpdater] INFO  impl.SimpleStateMachine4Testing (SimpleStateMachine4Testing.java:applyTransaction(248)) - applyTransaction for log index 193
2023-11-07 01:40:03,468 [s0@group-2CF1A2762F1F-StateMachineUpdater] INFO  impl.SimpleStateMachine4Testing (SimpleStateMachine4Testing.java:put(205)) - s0: put 193, m96 -> (t:1, i:193), STATEMACHINELOGENTRY, 97@client-829475F3BEB0
2023-11-07 01:40:03,482 [s0@group-2CF1A2762F1F-StateMachineUpdater] INFO  impl.SimpleStateMachine4Testing (SimpleStateMachine4Testing.java:applyTransaction(248)) - applyTransaction for log index 195
2023-11-07 01:40:03,482 [s0@group-2CF1A2762F1F-StateMachineUpdater] INFO  impl.SimpleStateMachine4Testing (SimpleStateMachine4Testing.java:put(205)) - s0: put 195, m97 -> (t:1, i:195), STATEMACHINELOGENTRY, 98@client-829475F3BEB0
2023-11-07 01:40:03,490 [s0@group-2CF1A2762F1F-StateMachineUpdater] INFO  impl.SimpleStateMachine4Testing (SimpleStateMachine4Testing.java:applyTransaction(248)) - applyTransaction for log index 197
2023-11-07 01:40:03,490 [s0@group-2CF1A2762F1F-StateMachineUpdater] INFO  impl.SimpleStateMachine4Testing (SimpleStateMachine4Testing.java:put(205)) - s0: put 197, m98 -> (t:1, i:197), STATEMACHINELOGENTRY, 99@client-829475F3BEB0
2023-11-07 01:40:03,497 [s0@group-2CF1A2762F1F-StateMachineUpdater] INFO  impl.SimpleStateMachine4Testing (SimpleStateMachine4Testing.java:applyTransaction(248)) - applyTransaction for log index 199
2023-11-07 01:40:03,497 [s0@group-2CF1A2762F1F-StateMachineUpdater] INFO  impl.SimpleStateMachine4Testing (SimpleStateMachine4Testing.java:put(205)) - s0: put 199, m99 -> (t:1, i:199), STATEMACHINELOGENTRY, 100@client-829475F3BEB0
2023-11-07 01:40:03,506 [s0@group-2CF1A2762F1F-StateMachineUpdater] INFO  impl.SimpleStateMachine4Testing (SimpleStateMachine4Testing.java:applyTransaction(248)) - applyTransaction for log index 201
2023-11-07 01:40:03,506 [s0@group-2CF1A2762F1F-StateMachineUpdater] INFO  impl.SimpleStateMachine4Testing (SimpleStateMachine4Testing.java:put(205)) - s0: put 201, m100 -> (t:1, i:201), STATEMACHINELOGENTRY, 101@client-829475F3BEB0
2023-11-07 01:40:03,512 [s0@group-2CF1A2762F1F-StateMachineUpdater] INFO  impl.SimpleStateMachine4Testing (SimpleStateMachine4Testing.java:applyTransaction(248)) - applyTransaction for log index 203
2023-11-07 01:40:03,512 [s0@group-2CF1A2762F1F-StateMachineUpdater] INFO  impl.SimpleStateMachine4Testing (SimpleStateMachine4Testing.java:put(205)) - s0: put 203, m101 -> (t:1, i:203), STATEMACHINELOGENTRY, 102@client-829475F3BEB0
2023-11-07 01:40:03,518 [s0@group-2CF1A2762F1F-StateMachineUpdater] INFO  impl.SimpleStateMachine4Testing (SimpleStateMachine4Testing.java:applyTransaction(248)) - applyTransaction for log index 205
2023-11-07 01:40:03,518 [s0@group-2CF1A2762F1F-StateMachineUpdater] INFO  impl.SimpleStateMachine4Testing (SimpleStateMachine4Testing.java:put(205)) - s0: put 205, m102 -> (t:1, i:205), STATEMACHINELOGENTRY, 103@client-829475F3BEB0
2023-11-07 01:40:03,524 [s0@group-2CF1A2762F1F-StateMachineUpdater] INFO  impl.SimpleStateMachine4Testing (SimpleStateMachine4Testing.java:applyTransaction(248)) - applyTransaction for log index 207
2023-11-07 01:40:03,525 [s0@group-2CF1A2762F1F-StateMachineUpdater] INFO  impl.SimpleStateMachine4Testing (SimpleStateMachine4Testing.java:put(205)) - s0: put 207, m103 -> (t:1, i:207), STATEMACHINELOGENTRY, 104@client-829475F3BEB0
2023-11-07 01:40:03,530 [s0@group-2CF1A2762F1F-StateMachineUpdater] INFO  impl.SimpleStateMachine4Testing (SimpleStateMachine4Testing.java:applyTransaction(248)) - applyTransaction for log index 209
2023-11-07 01:40:03,530 [s0@group-2CF1A2762F1F-StateMachineUpdater] INFO  impl.SimpleStateMachine4Testing (SimpleStateMachine4Testing.java:put(205)) - s0: put 209, m104 -> (t:1, i:209), STATEMACHINELOGENTRY, 105@client-829475F3BEB0
2023-11-07 01:40:03,535 [s0@group-2CF1A2762F1F-StateMachineUpdater] INFO  impl.SimpleStateMachine4Testing (SimpleStateMachine4Testing.java:applyTransaction(248)) - applyTransaction for log index 211
2023-11-07 01:40:03,535 [s0@group-2CF1A2762F1F-StateMachineUpdater] INFO  impl.SimpleStateMachine4Testing (SimpleStateMachine4Testing.java:put(205)) - s0: put 211, m105 -> (t:1, i:211), STATEMACHINELOGENTRY, 106@client-829475F3BEB0
2023-11-07 01:40:03,540 [s0@group-2CF1A2762F1F-StateMachineUpdater] INFO  impl.SimpleStateMachine4Testing (SimpleStateMachine4Testing.java:applyTransaction(248)) - applyTransaction for log index 213
2023-11-07 01:40:03,540 [s0@group-2CF1A2762F1F-StateMachineUpdater] INFO  impl.SimpleStateMachine4Testing (SimpleStateMachine4Testing.java:put(205)) - s0: put 213, m106 -> (t:1, i:213), STATEMACHINELOGENTRY, 107@client-829475F3BEB0
2023-11-07 01:40:03,545 [s0@group-2CF1A2762F1F-StateMachineUpdater] INFO  impl.SimpleStateMachine4Testing (SimpleStateMachine4Testing.java:applyTransaction(248)) - applyTransaction for log index 215
2023-11-07 01:40:03,545 [s0@group-2CF1A2762F1F-StateMachineUpdater] INFO  impl.SimpleStateMachine4Testing (SimpleStateMachine4Testing.java:put(205)) - s0: put 215, m107 -> (t:1, i:215), STATEMACHINELOGENTRY, 108@client-829475F3BEB0
2023-11-07 01:40:03,550 [s0@group-2CF1A2762F1F-StateMachineUpdater] INFO  impl.SimpleStateMachine4Testing (SimpleStateMachine4Testing.java:applyTransaction(248)) - applyTransaction for log index 217
2023-11-07 01:40:03,550 [s0@group-2CF1A2762F1F-StateMachineUpdater] INFO  impl.SimpleStateMachine4Testing (SimpleStateMachine4Testing.java:put(205)) - s0: put 217, m108 -> (t:1, i:217), STATEMACHINELOGENTRY, 109@client-829475F3BEB0
2023-11-07 01:40:03,554 [s0@group-2CF1A2762F1F-StateMachineUpdater] INFO  impl.SimpleStateMachine4Testing (SimpleStateMachine4Testing.java:applyTransaction(248)) - applyTransaction for log index 219
2023-11-07 01:40:03,555 [s0@group-2CF1A2762F1F-StateMachineUpdater] INFO  impl.SimpleStateMachine4Testing (SimpleStateMachine4Testing.java:put(205)) - s0: put 219, m109 -> (t:1, i:219), STATEMACHINELOGENTRY, 110@client-829475F3BEB0
2023-11-07 01:40:03,559 [s0@group-2CF1A2762F1F-StateMachineUpdater] INFO  impl.SimpleStateMachine4Testing (SimpleStateMachine4Testing.java:applyTransaction(248)) - applyTransaction for log index 221
2023-11-07 01:40:03,560 [s0@group-2CF1A2762F1F-StateMachineUpdater] INFO  impl.SimpleStateMachine4Testing (SimpleStateMachine4Testing.java:put(205)) - s0: put 221, m110 -> (t:1, i:221), STATEMACHINELOGENTRY, 111@client-829475F3BEB0
2023-11-07 01:40:03,564 [s0@group-2CF1A2762F1F-StateMachineUpdater] INFO  impl.SimpleStateMachine4Testing (SimpleStateMachine4Testing.java:applyTransaction(248)) - applyTransaction for log index 223
2023-11-07 01:40:03,564 [s0@group-2CF1A2762F1F-StateMachineUpdater] INFO  impl.SimpleStateMachine4Testing (SimpleStateMachine4Testing.java:put(205)) - s0: put 223, m111 -> (t:1, i:223), STATEMACHINELOGENTRY, 112@client-829475F3BEB0
2023-11-07 01:40:03,569 [s0@group-2CF1A2762F1F-StateMachineUpdater] INFO  impl.SimpleStateMachine4Testing (SimpleStateMachine4Testing.java:applyTransaction(248)) - applyTransaction for log index 225
2023-11-07 01:40:03,569 [s0@group-2CF1A2762F1F-StateMachineUpdater] INFO  impl.SimpleStateMachine4Testing (SimpleStateMachine4Testing.java:put(205)) - s0: put 225, m112 -> (t:1, i:225), STATEMACHINELOGENTRY, 113@client-829475F3BEB0
2023-11-07 01:40:03,574 [s0@group-2CF1A2762F1F-StateMachineUpdater] INFO  impl.SimpleStateMachine4Testing (SimpleStateMachine4Testing.java:applyTransaction(248)) - applyTransaction for log index 227
2023-11-07 01:40:03,575 [s0@group-2CF1A2762F1F-StateMachineUpdater] INFO  impl.SimpleStateMachine4Testing (SimpleStateMachine4Testing.java:put(205)) - s0: put 227, m113 -> (t:1, i:227), STATEMACHINELOGENTRY, 114@client-829475F3BEB0
2023-11-07 01:40:03,579 [s0@group-2CF1A2762F1F-StateMachineUpdater] INFO  impl.SimpleStateMachine4Testing (SimpleStateMachine4Testing.java:applyTransaction(248)) - applyTransaction for log index 229
2023-11-07 01:40:03,579 [s0@group-2CF1A2762F1F-StateMachineUpdater] INFO  impl.SimpleStateMachine4Testing (SimpleStateMachine4Testing.java:put(205)) - s0: put 229, m114 -> (t:1, i:229), STATEMACHINELOGENTRY, 115@client-829475F3BEB0
2023-11-07 01:40:03,584 [s0@group-2CF1A2762F1F-StateMachineUpdater] INFO  impl.SimpleStateMachine4Testing (SimpleStateMachine4Testing.java:applyTransaction(248)) - applyTransaction for log index 231
2023-11-07 01:40:03,584 [s0@group-2CF1A2762F1F-StateMachineUpdater] INFO  impl.SimpleStateMachine4Testing (SimpleStateMachine4Testing.java:put(205)) - s0: put 231, m115 -> (t:1, i:231), STATEMACHINELOGENTRY, 116@client-829475F3BEB0
2023-11-07 01:40:03,589 [s0@group-2CF1A2762F1F-StateMachineUpdater] INFO  impl.SimpleStateMachine4Testing (SimpleStateMachine4Testing.java:applyTransaction(248)) - applyTransaction for log index 233
2023-11-07 01:40:03,590 [s0@group-2CF1A2762F1F-StateMachineUpdater] INFO  impl.SimpleStateMachine4Testing (SimpleStateMachine4Testing.java:put(205)) - s0: put 233, m116 -> (t:1, i:233), STATEMACHINELOGENTRY, 117@client-829475F3BEB0
2023-11-07 01:40:03,595 [s0@group-2CF1A2762F1F-StateMachineUpdater] INFO  impl.SimpleStateMachine4Testing (SimpleStateMachine4Testing.java:applyTransaction(248)) - applyTransaction for log index 235
2023-11-07 01:40:03,595 [s0@group-2CF1A2762F1F-StateMachineUpdater] INFO  impl.SimpleStateMachine4Testing (SimpleStateMachine4Testing.java:put(205)) - s0: put 235, m117 -> (t:1, i:235), STATEMACHINELOGENTRY, 118@client-829475F3BEB0
2023-11-07 01:40:03,600 [s0@group-2CF1A2762F1F-StateMachineUpdater] INFO  impl.SimpleStateMachine4Testing (SimpleStateMachine4Testing.java:applyTransaction(248)) - applyTransaction for log index 237
2023-11-07 01:40:03,601 [s0@group-2CF1A2762F1F-StateMachineUpdater] INFO  impl.SimpleStateMachine4Testing (SimpleStateMachine4Testing.java:put(205)) - s0: put 237, m118 -> (t:1, i:237), STATEMACHINELOGENTRY, 119@client-829475F3BEB0
2023-11-07 01:40:03,613 [s0@group-2CF1A2762F1F-StateMachineUpdater] INFO  impl.SimpleStateMachine4Testing (SimpleStateMachine4Testing.java:applyTransaction(248)) - applyTransaction for log index 239
2023-11-07 01:40:03,614 [s0@group-2CF1A2762F1F-StateMachineUpdater] INFO  impl.SimpleStateMachine4Testing (SimpleStateMachine4Testing.java:put(205)) - s0: put 239, m119 -> (t:1, i:239), STATEMACHINELOGENTRY, 120@client-829475F3BEB0
2023-11-07 01:40:03,621 [s0@group-2CF1A2762F1F-StateMachineUpdater] INFO  impl.SimpleStateMachine4Testing (SimpleStateMachine4Testing.java:applyTransaction(248)) - applyTransaction for log index 241
2023-11-07 01:40:03,621 [s0@group-2CF1A2762F1F-StateMachineUpdater] INFO  impl.SimpleStateMachine4Testing (SimpleStateMachine4Testing.java:put(205)) - s0: put 241, m120 -> (t:1, i:241), STATEMACHINELOGENTRY, 121@client-829475F3BEB0
2023-11-07 01:40:03,626 [s0@group-2CF1A2762F1F-StateMachineUpdater] INFO  impl.SimpleStateMachine4Testing (SimpleStateMachine4Testing.java:applyTransaction(248)) - applyTransaction for log index 243
2023-11-07 01:40:03,627 [s0@group-2CF1A2762F1F-StateMachineUpdater] INFO  impl.SimpleStateMachine4Testing (SimpleStateMachine4Testing.java:put(205)) - s0: put 243, m121 -> (t:1, i:243), STATEMACHINELOGENTRY, 122@client-829475F3BEB0
2023-11-07 01:40:03,635 [s0@group-2CF1A2762F1F-StateMachineUpdater] INFO  impl.SimpleStateMachine4Testing (SimpleStateMachine4Testing.java:applyTransaction(248)) - applyTransaction for log index 245
2023-11-07 01:40:03,635 [s0@group-2CF1A2762F1F-StateMachineUpdater] INFO  impl.SimpleStateMachine4Testing (SimpleStateMachine4Testing.java:put(205)) - s0: put 245, m122 -> (t:1, i:245), STATEMACHINELOGENTRY, 123@client-829475F3BEB0
2023-11-07 01:40:03,640 [s0@group-2CF1A2762F1F-StateMachineUpdater] INFO  impl.SimpleStateMachine4Testing (SimpleStateMachine4Testing.java:applyTransaction(248)) - applyTransaction for log index 247
2023-11-07 01:40:03,640 [s0@group-2CF1A2762F1F-StateMachineUpdater] INFO  impl.SimpleStateMachine4Testing (SimpleStateMachine4Testing.java:put(205)) - s0: put 247, m123 -> (t:1, i:247), STATEMACHINELOGENTRY, 124@client-829475F3BEB0
2023-11-07 01:40:03,646 [s0@group-2CF1A2762F1F-StateMachineUpdater] INFO  impl.SimpleStateMachine4Testing (SimpleStateMachine4Testing.java:applyTransaction(248)) - applyTransaction for log index 249
2023-11-07 01:40:03,646 [s0@group-2CF1A2762F1F-StateMachineUpdater] INFO  impl.SimpleStateMachine4Testing (SimpleStateMachine4Testing.java:put(205)) - s0: put 249, m124 -> (t:1, i:249), STATEMACHINELOGENTRY, 125@client-829475F3BEB0
2023-11-07 01:40:03,651 [s0@group-2CF1A2762F1F-StateMachineUpdater] INFO  impl.SimpleStateMachine4Testing (SimpleStateMachine4Testing.java:applyTransaction(248)) - applyTransaction for log index 251
2023-11-07 01:40:03,651 [s0@group-2CF1A2762F1F-StateMachineUpdater] INFO  impl.SimpleStateMachine4Testing (SimpleStateMachine4Testing.java:put(205)) - s0: put 251, m125 -> (t:1, i:251), STATEMACHINELOGENTRY, 126@client-829475F3BEB0
2023-11-07 01:40:03,656 [s0@group-2CF1A2762F1F-StateMachineUpdater] INFO  impl.SimpleStateMachine4Testing (SimpleStateMachine4Testing.java:applyTransaction(248)) - applyTransaction for log index 253
2023-11-07 01:40:03,656 [s0@group-2CF1A2762F1F-StateMachineUpdater] INFO  impl.SimpleStateMachine4Testing (SimpleStateMachine4Testing.java:put(205)) - s0: put 253, m126 -> (t:1, i:253), STATEMACHINELOGENTRY, 127@client-829475F3BEB0
2023-11-07 01:40:03,683 [s0-server-thread1] INFO  server.RaftServer$Division (RaftServerImpl.java:takeSnapshotAsync(1194)) - s0@group-2CF1A2762F1F: takeSnapshotAsync SnapshotManagementRequest:client-829475F3BEB0->s0@group-2CF1A2762F1F, cid=128, seq=null, RO, null, Create:
2023-11-07 01:40:03,684 [s0-server-thread1] INFO  server.RaftServerConfigKeys (ConfUtils.java:logGet(46)) - raft.server.snapshot.creation.gap = 1024 (default)
2023-11-07 01:40:03,707 [Time-limited test] INFO  impl.MiniRaftCluster (MiniRaftCluster.java:addNewPeers(464)) - Add new peers [s1, s2]
2023-11-07 01:40:03,707 [Time-limited test] INFO  impl.MiniRaftCluster (MiniRaftCluster.java:newRaftServer(382)) - newRaftServer: s1, group-2CF1A2762F1F:[], format? true
2023-11-07 01:40:03,707 [Time-limited test] TRACE util.FileUtils (FileUtils.java:deleteFully(305)) - deleteFully target/test/data/1674ca6a/MiniRaftClusterWithGrpcb561eb18/s1
2023-11-07 01:40:03,708 [Time-limited test] TRACE util.FileUtils (FileUtils.java:deleteFully(318)) - deleteFully: target/test/data/1674ca6a/MiniRaftClusterWithGrpcb561eb18/s1 does not exist.
2023-11-07 01:40:03,708 [Time-limited test] INFO  impl.MiniRaftCluster (MiniRaftCluster.java:newRaftServer(387)) - Formatted directory target/test/data/1674ca6a/MiniRaftClusterWithGrpcb561eb18/s1
2023-11-07 01:40:03,708 [Time-limited test] INFO  server.RaftServer (ConfUtils.java:logGet(46)) - raft.rpc.type = GRPC (default)
2023-11-07 01:40:03,709 [Time-limited test] INFO  grpc.GrpcConfigKeys (ConfUtils.java:logFallback(53)) - raft.grpc.admin.host = null (fallback to raft.grpc.server.host)
2023-11-07 01:40:03,709 [Time-limited test] INFO  grpc.GrpcConfigKeys (ConfUtils.java:logFallback(53)) - raft.grpc.admin.port = 33345 (fallback to raft.grpc.server.port)
2023-11-07 01:40:03,709 [Time-limited test] INFO  grpc.GrpcConfigKeys (ConfUtils.java:logFallback(53)) - raft.grpc.client.host = null (fallback to raft.grpc.server.host)
2023-11-07 01:40:03,709 [Time-limited test] INFO  grpc.GrpcConfigKeys (ConfUtils.java:logFallback(53)) - raft.grpc.client.port = 33345 (fallback to raft.grpc.server.port)
2023-11-07 01:40:03,709 [Time-limited test] INFO  grpc.GrpcConfigKeys (ConfUtils.java:logGet(46)) - raft.grpc.server.host = null (default)
2023-11-07 01:40:03,709 [Time-limited test] INFO  grpc.GrpcConfigKeys (ConfUtils.java:logGet(46)) - raft.grpc.server.port = 33345 (custom)
2023-11-07 01:40:03,710 [Time-limited test] INFO  server.GrpcService (ConfUtils.java:logGet(46)) - raft.grpc.message.size.max = 64MB (=67108864) (default)
2023-11-07 01:40:03,710 [Time-limited test] INFO  server.RaftServerConfigKeys (ConfUtils.java:logGet(46)) - raft.server.log.appender.buffer.byte-limit = 4MB (=4194304) (default)
2023-11-07 01:40:03,710 [Time-limited test] INFO  server.GrpcService (ConfUtils.java:logGet(46)) - raft.grpc.flow.control.window = 1MB (=1048576) (default)
2023-11-07 01:40:03,710 [Time-limited test] INFO  server.RaftServerConfigKeys (ConfUtils.java:logGet(46)) - raft.server.rpc.request.timeout = 3000ms (default)
2023-11-07 01:40:03,710 [Time-limited test] INFO  grpc.GrpcConfigKeys (ConfUtils.java:logGet(46)) - raft.grpc.server.heartbeat.channel = false (custom)
2023-11-07 01:40:03,710 [Time-limited test] INFO  grpc.GrpcConfigKeys (ConfUtils.java:logGet(46)) - raft.grpc.server.async.request.thread.pool.cached = true (default)
2023-11-07 01:40:03,711 [Time-limited test] INFO  grpc.GrpcConfigKeys (ConfUtils.java:logGet(46)) - raft.grpc.server.async.request.thread.pool.size = 32 (default)
2023-11-07 01:40:03,711 [Time-limited test] INFO  impl.DataStreamServerImpl (ConfUtils.java:logGet(46)) - raft.datastream.type = DISABLED (default)
2023-11-07 01:40:03,712 [Time-limited test] INFO  server.RaftServerConfigKeys (ConfUtils.java:logGet(46)) - raft.server.sleep.deviation.threshold = 300ms (default)
2023-11-07 01:40:03,712 [Time-limited test] INFO  server.RaftServerConfigKeys (ConfUtils.java:logGet(46)) - raft.server.close.threshold = 60s (default)
2023-11-07 01:40:03,712 [Time-limited test] INFO  server.RaftServerConfigKeys (ConfUtils.java:logGet(46)) - raft.server.leaderelection.leader.step-down.wait-time = 10s (default)
2023-11-07 01:40:03,712 [Time-limited test] INFO  server.RaftServerConfigKeys (ConfUtils.java:logGet(46)) - raft.server.storage.dir = [/home/runner/work/ratis/ratis/ratis-test/target/test/data/1674ca6a/MiniRaftClusterWithGrpcb561eb18/s1] (custom)
2023-11-07 01:40:03,713 [Time-limited test] INFO  server.RaftServerConfigKeys (ConfUtils.java:logGet(46)) - raft.server.threadpool.proxy.cached = true (default)
2023-11-07 01:40:03,713 [Time-limited test] INFO  server.RaftServerConfigKeys (ConfUtils.java:logGet(46)) - raft.server.threadpool.proxy.size = 0 (default)
2023-11-07 01:40:03,726 [Time-limited test] INFO  server.RaftServer (RaftServerProxy.java:addNew(100)) - s1: addNew group-2CF1A2762F1F:[] returns group-2CF1A2762F1F:java.util.concurrent.CompletableFuture@16e9cbf9[Not completed]
2023-11-07 01:40:03,727 [Time-limited test] INFO  impl.MiniRaftCluster (MiniRaftCluster.java:newRaftServer(382)) - newRaftServer: s2, group-2CF1A2762F1F:[], format? true
2023-11-07 01:40:03,727 [Time-limited test] TRACE util.FileUtils (FileUtils.java:deleteFully(305)) - deleteFully target/test/data/1674ca6a/MiniRaftClusterWithGrpcb561eb18/s2
2023-11-07 01:40:03,727 [Time-limited test] TRACE util.FileUtils (FileUtils.java:deleteFully(318)) - deleteFully: target/test/data/1674ca6a/MiniRaftClusterWithGrpcb561eb18/s2 does not exist.
2023-11-07 01:40:03,727 [Time-limited test] INFO  impl.MiniRaftCluster (MiniRaftCluster.java:newRaftServer(387)) - Formatted directory target/test/data/1674ca6a/MiniRaftClusterWithGrpcb561eb18/s2
2023-11-07 01:40:03,728 [Time-limited test] INFO  server.RaftServer (ConfUtils.java:logGet(46)) - raft.rpc.type = GRPC (default)
2023-11-07 01:40:03,728 [Time-limited test] INFO  grpc.GrpcConfigKeys (ConfUtils.java:logFallback(53)) - raft.grpc.admin.host = null (fallback to raft.grpc.server.host)
2023-11-07 01:40:03,728 [Time-limited test] INFO  grpc.GrpcConfigKeys (ConfUtils.java:logFallback(53)) - raft.grpc.admin.port = 35933 (fallback to raft.grpc.server.port)
2023-11-07 01:40:03,728 [Time-limited test] INFO  grpc.GrpcConfigKeys (ConfUtils.java:logFallback(53)) - raft.grpc.client.host = null (fallback to raft.grpc.server.host)
2023-11-07 01:40:03,728 [Time-limited test] INFO  grpc.GrpcConfigKeys (ConfUtils.java:logFallback(53)) - raft.grpc.client.port = 35933 (fallback to raft.grpc.server.port)
2023-11-07 01:40:03,728 [Time-limited test] INFO  grpc.GrpcConfigKeys (ConfUtils.java:logGet(46)) - raft.grpc.server.host = null (default)
2023-11-07 01:40:03,728 [Time-limited test] INFO  grpc.GrpcConfigKeys (ConfUtils.java:logGet(46)) - raft.grpc.server.port = 35933 (custom)
2023-11-07 01:40:03,729 [Time-limited test] INFO  server.GrpcService (ConfUtils.java:logGet(46)) - raft.grpc.message.size.max = 64MB (=67108864) (default)
2023-11-07 01:40:03,729 [Time-limited test] INFO  server.RaftServerConfigKeys (ConfUtils.java:logGet(46)) - raft.server.log.appender.buffer.byte-limit = 4MB (=4194304) (default)
2023-11-07 01:40:03,729 [Time-limited test] INFO  server.GrpcService (ConfUtils.java:logGet(46)) - raft.grpc.flow.control.window = 1MB (=1048576) (default)
2023-11-07 01:40:03,729 [Time-limited test] INFO  server.RaftServerConfigKeys (ConfUtils.java:logGet(46)) - raft.server.rpc.request.timeout = 3000ms (default)
2023-11-07 01:40:03,729 [Time-limited test] INFO  grpc.GrpcConfigKeys (ConfUtils.java:logGet(46)) - raft.grpc.server.heartbeat.channel = false (custom)
2023-11-07 01:40:03,729 [Time-limited test] INFO  grpc.GrpcConfigKeys (ConfUtils.java:logGet(46)) - raft.grpc.server.async.request.thread.pool.cached = true (default)
2023-11-07 01:40:03,729 [Time-limited test] INFO  grpc.GrpcConfigKeys (ConfUtils.java:logGet(46)) - raft.grpc.server.async.request.thread.pool.size = 32 (default)
2023-11-07 01:40:03,730 [Time-limited test] INFO  impl.DataStreamServerImpl (ConfUtils.java:logGet(46)) - raft.datastream.type = DISABLED (default)
2023-11-07 01:40:03,730 [Time-limited test] INFO  server.RaftServerConfigKeys (ConfUtils.java:logGet(46)) - raft.server.sleep.deviation.threshold = 300ms (default)
2023-11-07 01:40:03,730 [Time-limited test] INFO  server.RaftServerConfigKeys (ConfUtils.java:logGet(46)) - raft.server.close.threshold = 60s (default)
2023-11-07 01:40:03,731 [Time-limited test] INFO  server.RaftServerConfigKeys (ConfUtils.java:logGet(46)) - raft.server.leaderelection.leader.step-down.wait-time = 10s (default)
2023-11-07 01:40:03,731 [Time-limited test] INFO  server.RaftServerConfigKeys (ConfUtils.java:logGet(46)) - raft.server.storage.dir = [/home/runner/work/ratis/ratis/ratis-test/target/test/data/1674ca6a/MiniRaftClusterWithGrpcb561eb18/s2] (custom)
2023-11-07 01:40:03,731 [Time-limited test] INFO  server.RaftServerConfigKeys (ConfUtils.java:logGet(46)) - raft.server.threadpool.proxy.cached = true (default)
2023-11-07 01:40:03,731 [Time-limited test] INFO  server.RaftServerConfigKeys (ConfUtils.java:logGet(46)) - raft.server.threadpool.proxy.size = 0 (default)
2023-11-07 01:40:03,734 [s1-groupManagement] INFO  server.RaftServerConfigKeys (ConfUtils.java:logGet(46)) - raft.server.log.segment.size.max = 32MB (=33554432) (default)
2023-11-07 01:40:03,734 [s1-groupManagement] INFO  server.RaftServerConfigKeys (ConfUtils.java:logGet(46)) - raft.server.log.preallocated.size = 4MB (=4194304) (default)
2023-11-07 01:40:03,734 [s1-groupManagement] INFO  server.RaftServerConfigKeys (ConfUtils.java:logGet(46)) - raft.server.log.write.buffer.size = 64KB (=65536) (default)
2023-11-07 01:40:03,734 [s1-groupManagement] INFO  server.RaftServer$Division (RaftServerImpl.java:<init>(255)) - s1: new RaftServerImpl for group-2CF1A2762F1F:[] with StateMachineWithMultiNestedSnapshotFile:uninitialized
2023-11-07 01:40:03,734 [s1-groupManagement] INFO  server.RaftServerConfigKeys (ConfUtils.java:logGet(46)) - raft.server.rpc.timeout.min = 150ms (default)
2023-11-07 01:40:03,734 [s1-groupManagement] INFO  server.RaftServerConfigKeys (ConfUtils.java:logGet(46)) - raft.server.rpc.timeout.max = 300ms (default)
2023-11-07 01:40:03,734 [s1-groupManagement] INFO  server.RaftServerConfigKeys (ConfUtils.java:logGet(46)) - raft.server.rpc.sleep.time = 25ms (default)
2023-11-07 01:40:03,735 [s1-groupManagement] INFO  server.RaftServerConfigKeys (ConfUtils.java:logGet(46)) - raft.server.rpc.slowness.timeout = 60s (default)
2023-11-07 01:40:03,735 [s1-groupManagement] INFO  server.RaftServerConfigKeys (ConfUtils.java:logGet(46)) - raft.server.leaderelection.leader.step-down.wait-time = 10s (default)
2023-11-07 01:40:03,735 [s1-groupManagement] INFO  server.RaftServerConfigKeys (ConfUtils.java:logGet(46)) - raft.server.sleep.deviation.threshold = 300ms (default)
2023-11-07 01:40:03,735 [s1-groupManagement] INFO  server.RaftServer$Division (ServerState.java:<init>(113)) - s1@group-2CF1A2762F1F: ConfigurationManager, init=-1: peers:[]|listeners:[], old=null, confs=<EMPTY_MAP>
2023-11-07 01:40:03,735 [s1-groupManagement] INFO  server.RaftServerConfigKeys (ConfUtils.java:logGet(46)) - raft.server.notification.no-leader.timeout = 60s (default)
2023-11-07 01:40:03,735 [s1-groupManagement] INFO  server.RaftServerConfigKeys (ConfUtils.java:logGet(46)) - raft.server.read.timeout = 10s (default)
2023-11-07 01:40:03,735 [s1-groupManagement] INFO  server.RaftServerConfigKeys (ConfUtils.java:logGet(46)) - raft.server.retrycache.expirytime = 60s (default)
2023-11-07 01:40:03,736 [s1-groupManagement] INFO  server.RaftServerConfigKeys (ConfUtils.java:logGet(46)) - raft.server.retrycache.statistics.expirytime = 100ms (default)
2023-11-07 01:40:03,736 [s1-groupManagement] INFO  server.RaftServerConfigKeys (ConfUtils.java:logGet(46)) - raft.server.read.option = DEFAULT (default)
2023-11-07 01:40:03,736 [s1-groupManagement] INFO  server.RaftServerConfigKeys (ConfUtils.java:logGet(46)) - raft.server.read.read-after-write-consistent.write-index-cache.expiry-time = 60s (default)
2023-11-07 01:40:03,738 [s1-groupManagement] INFO  server.RaftServerConfigKeys (ConfUtils.java:logGet(46)) - raft.server.rpc.request.timeout = 3000ms (default)
2023-11-07 01:40:03,738 [s1-groupManagement] INFO  server.RaftServerConfigKeys (ConfUtils.java:logGet(46)) - raft.server.log.appender.install.snapshot.enabled = true (default)
2023-11-07 01:40:03,742 [s1-groupManagement] INFO  server.RaftServerConfigKeys (ConfUtils.java:logGet(46)) - raft.server.threadpool.server.cached = true (default)
2023-11-07 01:40:03,742 [s1-groupManagement] INFO  server.RaftServerConfigKeys (ConfUtils.java:logGet(46)) - raft.server.threadpool.server.size = 0 (default)
2023-11-07 01:40:03,742 [s1-groupManagement] INFO  server.RaftServerConfigKeys (ConfUtils.java:logGet(46)) - raft.server.threadpool.client.cached = true (default)
2023-11-07 01:40:03,742 [s1-groupManagement] INFO  server.RaftServerConfigKeys (ConfUtils.java:logGet(46)) - raft.server.threadpool.client.size = 0 (default)
2023-11-07 01:40:03,747 [Time-limited test] INFO  server.RaftServer (RaftServerProxy.java:addNew(100)) - s2: addNew group-2CF1A2762F1F:[] returns group-2CF1A2762F1F:java.util.concurrent.CompletableFuture@b2c15a0[Not completed]
2023-11-07 01:40:03,747 [s1-impl-thread1] INFO  server.RaftServerConfigKeys (ConfUtils.java:logGet(46)) - raft.server.storage.free-space.min = 0MB (=0) (default)
2023-11-07 01:40:03,747 [s1-impl-thread1] INFO  server.RaftServerConfigKeys (ConfUtils.java:logGet(46)) - raft.server.log.corruption.policy = EXCEPTION (default)
2023-11-07 01:40:03,747 [s1-impl-thread1] INFO  server.RaftServerConfigKeys (ConfUtils.java:logGet(46)) - raft.server.storage.dir = [/home/runner/work/ratis/ratis/ratis-test/target/test/data/1674ca6a/MiniRaftClusterWithGrpcb561eb18/s1] (custom)
2023-11-07 01:40:03,748 [s1-impl-thread1] INFO  storage.RaftStorageDirectory (RaftStorageDirectoryImpl.java:analyzeStorage(138)) - The storage directory /home/runner/work/ratis/ratis/ratis-test/target/test/data/1674ca6a/MiniRaftClusterWithGrpcb561eb18/s1/0d456c30-a13a-4fbd-b706-2cf1a2762f1f does not exist. Creating ...
2023-11-07 01:40:03,748 [s1-impl-thread1] TRACE util.FileUtils (LogUtils.java:runAndLog(49)) - Successfully ran Files.createDirectories /home/runner/work/ratis/ratis/ratis-test/target/test/data/1674ca6a/MiniRaftClusterWithGrpcb561eb18/s1/0d456c30-a13a-4fbd-b706-2cf1a2762f1f
2023-11-07 01:40:03,750 [s1-impl-thread1] INFO  storage.RaftStorageDirectory (RaftStorageDirectoryImpl.java:tryLock(232)) - Lock on /home/runner/work/ratis/ratis/ratis-test/target/test/data/1674ca6a/MiniRaftClusterWithGrpcb561eb18/s1/0d456c30-a13a-4fbd-b706-2cf1a2762f1f/in_use.lock acquired by nodename 29351@fv-az1231-351
2023-11-07 01:40:03,750 [s1-impl-thread1] TRACE util.FileUtils (LogUtils.java:runAndLog(49)) - Successfully ran Files.createDirectories /home/runner/work/ratis/ratis/ratis-test/target/test/data/1674ca6a/MiniRaftClusterWithGrpcb561eb18/s1/0d456c30-a13a-4fbd-b706-2cf1a2762f1f/current
2023-11-07 01:40:03,751 [s1-impl-thread1] TRACE util.FileUtils (LogUtils.java:runAndLog(49)) - Successfully ran Files.createDirectories /home/runner/work/ratis/ratis/ratis-test/target/test/data/1674ca6a/MiniRaftClusterWithGrpcb561eb18/s1/0d456c30-a13a-4fbd-b706-2cf1a2762f1f/sm
2023-11-07 01:40:03,751 [s1-impl-thread1] TRACE util.FileUtils (LogUtils.java:supplyAndLog(69)) - Successfully supplied FileChannel.open /home/runner/work/ratis/ratis/ratis-test/target/test/data/1674ca6a/MiniRaftClusterWithGrpcb561eb18/s1/0d456c30-a13a-4fbd-b706-2cf1a2762f1f/current/raft-meta.tmp with options [CREATE, WRITE]: sun.nio.ch.FileChannelImpl@21cd81d5
2023-11-07 01:40:03,753 [s1-impl-thread1] TRACE util.FileUtils (LogUtils.java:runAndLog(49)) - Successfully ran Atomic Files.move /home/runner/work/ratis/ratis/ratis-test/target/test/data/1674ca6a/MiniRaftClusterWithGrpcb561eb18/s1/0d456c30-a13a-4fbd-b706-2cf1a2762f1f/current/raft-meta.tmp to /home/runner/work/ratis/ratis/ratis-test/target/test/data/1674ca6a/MiniRaftClusterWithGrpcb561eb18/s1/0d456c30-a13a-4fbd-b706-2cf1a2762f1f/current/raft-meta with options [REPLACE_EXISTING]
2023-11-07 01:40:03,753 [s1-impl-thread1] INFO  storage.RaftStorage (RaftStorageImpl.java:format(97)) - Storage directory /home/runner/work/ratis/ratis/ratis-test/target/test/data/1674ca6a/MiniRaftClusterWithGrpcb561eb18/s1/0d456c30-a13a-4fbd-b706-2cf1a2762f1f has been successfully formatted.
2023-11-07 01:40:03,753 [s2-groupManagement] INFO  server.RaftServerConfigKeys (ConfUtils.java:logGet(46)) - raft.server.log.segment.size.max = 32MB (=33554432) (default)
2023-11-07 01:40:03,753 [s1-impl-thread1] INFO  impl.SimpleStateMachine4Testing (SimpleStateMachine4Testing.java:initialize(213)) - Initializing StateMachineWithMultiNestedSnapshotFile:uninitialized
2023-11-07 01:40:03,754 [s2-groupManagement] INFO  server.RaftServerConfigKeys (ConfUtils.java:logGet(46)) - raft.server.log.preallocated.size = 4MB (=4194304) (default)
2023-11-07 01:40:03,754 [s2-groupManagement] INFO  server.RaftServerConfigKeys (ConfUtils.java:logGet(46)) - raft.server.log.write.buffer.size = 64KB (=65536) (default)
2023-11-07 01:40:03,754 [s1-impl-thread1] INFO  impl.SimpleStateMachine4Testing (SimpleStateMachine4Testing.java:loadSnapshot(296)) - Loading snapshot null
2023-11-07 01:40:03,754 [s2-groupManagement] INFO  server.RaftServer$Division (RaftServerImpl.java:<init>(255)) - s2: new RaftServerImpl for group-2CF1A2762F1F:[] with StateMachineWithMultiNestedSnapshotFile:uninitialized
2023-11-07 01:40:03,754 [s1-impl-thread1] INFO  server.RaftServerConfigKeys (ConfUtils.java:logGet(46)) - raft.server.log.use.memory = false (default)
2023-11-07 01:40:03,754 [s2-groupManagement] INFO  server.RaftServerConfigKeys (ConfUtils.java:logGet(46)) - raft.server.rpc.timeout.min = 150ms (default)
2023-11-07 01:40:03,754 [s1-impl-thread1] INFO  server.RaftServerConfigKeys (ConfUtils.java:logGet(46)) - raft.server.log.purge.gap = 8 (custom)
2023-11-07 01:40:03,754 [s2-groupManagement] INFO  server.RaftServerConfigKeys (ConfUtils.java:logGet(46)) - raft.server.rpc.timeout.max = 300ms (default)
2023-11-07 01:40:03,754 [s1-impl-thread1] INFO  server.RaftServerConfigKeys (ConfUtils.java:logGet(46)) - raft.server.log.appender.buffer.byte-limit = 4MB (=4194304) (default)
2023-11-07 01:40:03,754 [s2-groupManagement] INFO  server.RaftServerConfigKeys (ConfUtils.java:logGet(46)) - raft.server.rpc.sleep.time = 25ms (default)
2023-11-07 01:40:03,754 [s1-impl-thread1] INFO  server.RaftServerConfigKeys (ConfUtils.java:logGet(46)) - raft.server.log.statemachine.data.read.timeout = 1000ms (default)
2023-11-07 01:40:03,754 [s2-groupManagement] INFO  server.RaftServerConfigKeys (ConfUtils.java:logGet(46)) - raft.server.rpc.slowness.timeout = 60s (default)
2023-11-07 01:40:03,755 [s1-impl-thread1] INFO  server.RaftServerConfigKeys (ConfUtils.java:logGet(46)) - raft.server.log.purge.preservation.log.num = 0 (default)
2023-11-07 01:40:03,755 [s2-groupManagement] INFO  server.RaftServerConfigKeys (ConfUtils.java:logGet(46)) - raft.server.leaderelection.leader.step-down.wait-time = 10s (default)
2023-11-07 01:40:03,755 [s2-groupManagement] INFO  server.RaftServerConfigKeys (ConfUtils.java:logGet(46)) - raft.server.sleep.deviation.threshold = 300ms (default)
2023-11-07 01:40:03,755 [s2-groupManagement] INFO  server.RaftServer$Division (ServerState.java:<init>(113)) - s2@group-2CF1A2762F1F: ConfigurationManager, init=-1: peers:[]|listeners:[], old=null, confs=<EMPTY_MAP>
2023-11-07 01:40:03,755 [s2-groupManagement] INFO  server.RaftServerConfigKeys (ConfUtils.java:logGet(46)) - raft.server.notification.no-leader.timeout = 60s (default)
2023-11-07 01:40:03,755 [s2-groupManagement] INFO  server.RaftServerConfigKeys (ConfUtils.java:logGet(46)) - raft.server.read.timeout = 10s (default)
2023-11-07 01:40:03,755 [s2-groupManagement] INFO  server.RaftServerConfigKeys (ConfUtils.java:logGet(46)) - raft.server.retrycache.expirytime = 60s (default)
2023-11-07 01:40:03,755 [s2-groupManagement] INFO  server.RaftServerConfigKeys (ConfUtils.java:logGet(46)) - raft.server.retrycache.statistics.expirytime = 100ms (default)
2023-11-07 01:40:03,755 [s2-groupManagement] INFO  server.RaftServerConfigKeys (ConfUtils.java:logGet(46)) - raft.server.read.option = DEFAULT (default)
2023-11-07 01:40:03,756 [s2-groupManagement] INFO  server.RaftServerConfigKeys (ConfUtils.java:logGet(46)) - raft.server.read.read-after-write-consistent.write-index-cache.expiry-time = 60s (default)
2023-11-07 01:40:03,756 [s1-impl-thread1] INFO  server.RaftServerConfigKeys (ConfUtils.java:logGet(46)) - raft.server.log.segment.size.max = 32MB (=33554432) (default)
2023-11-07 01:40:03,756 [s1-impl-thread1] INFO  server.RaftServerConfigKeys (ConfUtils.java:logGet(46)) - raft.server.log.segment.cache.num.max = 6 (default)
2023-11-07 01:40:03,756 [s1-impl-thread1] INFO  server.RaftServerConfigKeys (ConfUtils.java:logGet(46)) - raft.server.log.segment.cache.size.max = 200MB (=209715200) (default)
2023-11-07 01:40:03,757 [s1-impl-thread1] INFO  server.RaftServerConfigKeys (ConfUtils.java:logGet(46)) - raft.server.log.appender.buffer.byte-limit = 4MB (=4194304) (default)
2023-11-07 01:40:03,758 [s2-groupManagement] INFO  server.RaftServerConfigKeys (ConfUtils.java:logGet(46)) - raft.server.rpc.request.timeout = 3000ms (default)
2023-11-07 01:40:03,758 [s2-groupManagement] INFO  server.RaftServerConfigKeys (ConfUtils.java:logGet(46)) - raft.server.log.appender.install.snapshot.enabled = true (default)
2023-11-07 01:40:03,758 [s2-groupManagement] INFO  server.RaftServerConfigKeys (ConfUtils.java:logGet(46)) - raft.server.threadpool.server.cached = true (default)
2023-11-07 01:40:03,758 [s2-groupManagement] INFO  server.RaftServerConfigKeys (ConfUtils.java:logGet(46)) - raft.server.threadpool.server.size = 0 (default)
2023-11-07 01:40:03,759 [s2-groupManagement] INFO  server.RaftServerConfigKeys (ConfUtils.java:logGet(46)) - raft.server.threadpool.client.cached = true (default)
2023-11-07 01:40:03,759 [s2-groupManagement] INFO  server.RaftServerConfigKeys (ConfUtils.java:logGet(46)) - raft.server.threadpool.client.size = 0 (default)
2023-11-07 01:40:03,761 [s1-impl-thread1] INFO  util.AwaitToRun (AwaitToRun.java:start(81)) - Thread[s1@group-2CF1A2762F1F-cacheEviction-AwaitToRun,5,main] started
2023-11-07 01:40:03,761 [s1-impl-thread1] INFO  segmented.SegmentedRaftLogWorker (SegmentedRaftLogWorker.java:<init>(184)) - new s1@group-2CF1A2762F1F-SegmentedRaftLogWorker for RaftStorageImpl:Storage Directory /home/runner/work/ratis/ratis/ratis-test/target/test/data/1674ca6a/MiniRaftClusterWithGrpcb561eb18/s1/0d456c30-a13a-4fbd-b706-2cf1a2762f1f
2023-11-07 01:40:03,761 [s1-impl-thread1] INFO  server.RaftServerConfigKeys (ConfUtils.java:logGet(46)) - raft.server.log.queue.byte-limit = 64MB (=67108864) (default)
2023-11-07 01:40:03,761 [s1-impl-thread1] INFO  server.RaftServerConfigKeys (ConfUtils.java:logGet(46)) - raft.server.log.queue.element-limit = 4096 (default)
2023-11-07 01:40:03,761 [s1-impl-thread1] INFO  server.RaftServerConfigKeys (ConfUtils.java:logGet(46)) - raft.server.log.segment.size.max = 32MB (=33554432) (default)
2023-11-07 01:40:03,761 [s1-impl-thread1] INFO  server.RaftServerConfigKeys (ConfUtils.java:logGet(46)) - raft.server.log.preallocated.size = 4MB (=4194304) (default)
2023-11-07 01:40:03,762 [s1-impl-thread1] INFO  server.RaftServerConfigKeys (ConfUtils.java:logGet(46)) - raft.server.log.force.sync.num = 128 (default)
2023-11-07 01:40:03,762 [s1-impl-thread1] INFO  server.RaftServerConfigKeys (ConfUtils.java:logGet(46)) - raft.server.log.statemachine.data.sync = true (default)
2023-11-07 01:40:03,762 [s1-impl-thread1] INFO  server.RaftServerConfigKeys (ConfUtils.java:logGet(46)) - raft.server.log.statemachine.data.sync.timeout = 10s (default)
2023-11-07 01:40:03,762 [s1-impl-thread1] INFO  server.RaftServerConfigKeys (ConfUtils.java:logGet(46)) - raft.server.log.statemachine.data.sync.timeout.retry = -1 (default)
2023-11-07 01:40:03,762 [s1-impl-thread1] INFO  server.RaftServerConfigKeys (ConfUtils.java:logGet(46)) - raft.server.log.write.buffer.size = 64KB (=65536) (default)
2023-11-07 01:40:03,762 [s1-impl-thread1] INFO  server.RaftServerConfigKeys (ConfUtils.java:logGet(46)) - raft.server.log.appender.buffer.byte-limit = 4MB (=4194304) (default)
2023-11-07 01:40:03,765 [s1-impl-thread1] INFO  server.RaftServerConfigKeys (ConfUtils.java:logGet(46)) - raft.server.log.unsafe-flush.enabled = false (default)
2023-11-07 01:40:03,765 [s1-impl-thread1] INFO  server.RaftServerConfigKeys (ConfUtils.java:logGet(46)) - raft.server.log.async-flush.enabled = false (default)
2023-11-07 01:40:03,765 [s1-impl-thread1] INFO  server.RaftServerConfigKeys (ConfUtils.java:logGet(46)) - raft.server.log.statemachine.data.caching.enabled = false (default)
2023-11-07 01:40:03,766 [s1-impl-thread1] INFO  segmented.SegmentedRaftLogWorker (SegmentedRaftLogWorker.java:lambda$new$0(135)) - s1@group-2CF1A2762F1F-SegmentedRaftLogWorker: flushIndex: setUnconditionally 0 -> -1
2023-11-07 01:40:03,766 [s1-impl-thread1] INFO  segmented.SegmentedRaftLogWorker (SegmentedRaftLogWorker.java:lambda$new$0(135)) - s1@group-2CF1A2762F1F-SegmentedRaftLogWorker: safeCacheEvictIndex: setUnconditionally 0 -> -1
2023-11-07 01:40:03,766 [s1-impl-thread1] INFO  server.RaftServer$Division (RaftServerImpl.java:start(396)) - s1@group-2CF1A2762F1F: start with initializing state, conf=-1: peers:[]|listeners:[], old=null
2023-11-07 01:40:03,767 [s1-impl-thread1] INFO  server.RaftServer$Division (RaftServerImpl.java:setRole(377)) - s1@group-2CF1A2762F1F: changes role from      null to FOLLOWER at term 0 for startInitializing
2023-11-07 01:40:03,767 [s1-impl-thread1] INFO  util.JmxRegister (JmxRegister.java:tryRegister(44)) - Successfully registered JMX Bean with object name Ratis:service=RaftServer,group=group-2CF1A2762F1F,id=s1
2023-11-07 01:40:03,767 [s1-impl-thread1] INFO  server.RaftServerConfigKeys (ConfUtils.java:logGet(46)) - raft.server.snapshot.trigger-when-stop.enabled = true (default)
2023-11-07 01:40:03,767 [s1-impl-thread1] INFO  server.RaftServerConfigKeys (ConfUtils.java:logGet(46)) - raft.server.snapshot.auto.trigger.enabled = true (custom)
2023-11-07 01:40:03,767 [s1-impl-thread1] INFO  server.RaftServerConfigKeys (ConfUtils.java:logGet(46)) - raft.server.snapshot.auto.trigger.threshold = 64 (custom)
2023-11-07 01:40:03,767 [s1-impl-thread1] INFO  server.RaftServerConfigKeys (ConfUtils.java:logGet(46)) - raft.server.snapshot.retention.file.num = -1 (default)
2023-11-07 01:40:03,768 [s1-impl-thread1] INFO  server.RaftServerConfigKeys (ConfUtils.java:logGet(46)) - raft.server.log.purge.upto.snapshot.index = false (default)
2023-11-07 01:40:03,785 [Time-limited test] INFO  server.RaftServer (RaftServerProxy.java:startImpl(406)) - s1: start RPC server
2023-11-07 01:40:03,788 [Time-limited test] INFO  server.GrpcService (GrpcService.java:startImpl(302)) - s1: GrpcService started, listening on 33345
2023-11-07 01:40:03,789 [s2-impl-thread1] INFO  server.RaftServerConfigKeys (ConfUtils.java:logGet(46)) - raft.server.storage.free-space.min = 0MB (=0) (default)
2023-11-07 01:40:03,789 [s2-impl-thread1] INFO  server.RaftServerConfigKeys (ConfUtils.java:logGet(46)) - raft.server.log.corruption.policy = EXCEPTION (default)
2023-11-07 01:40:03,790 [s2-impl-thread1] INFO  server.RaftServerConfigKeys (ConfUtils.java:logGet(46)) - raft.server.storage.dir = [/home/runner/work/ratis/ratis/ratis-test/target/test/data/1674ca6a/MiniRaftClusterWithGrpcb561eb18/s2] (custom)
2023-11-07 01:40:03,790 [s2-impl-thread1] INFO  storage.RaftStorageDirectory (RaftStorageDirectoryImpl.java:analyzeStorage(138)) - The storage directory /home/runner/work/ratis/ratis/ratis-test/target/test/data/1674ca6a/MiniRaftClusterWithGrpcb561eb18/s2/0d456c30-a13a-4fbd-b706-2cf1a2762f1f does not exist. Creating ...
2023-11-07 01:40:03,790 [s2-impl-thread1] TRACE util.FileUtils (LogUtils.java:runAndLog(49)) - Successfully ran Files.createDirectories /home/runner/work/ratis/ratis/ratis-test/target/test/data/1674ca6a/MiniRaftClusterWithGrpcb561eb18/s2/0d456c30-a13a-4fbd-b706-2cf1a2762f1f
2023-11-07 01:40:03,791 [JvmPauseMonitor1] INFO  util.JvmPauseMonitor (JvmPauseMonitor.java:run(146)) - JvmPauseMonitor-s1: Started
2023-11-07 01:40:03,792 [s2-impl-thread1] INFO  storage.RaftStorageDirectory (RaftStorageDirectoryImpl.java:tryLock(232)) - Lock on /home/runner/work/ratis/ratis/ratis-test/target/test/data/1674ca6a/MiniRaftClusterWithGrpcb561eb18/s2/0d456c30-a13a-4fbd-b706-2cf1a2762f1f/in_use.lock acquired by nodename 29351@fv-az1231-351
2023-11-07 01:40:03,793 [s2-impl-thread1] TRACE util.FileUtils (LogUtils.java:runAndLog(49)) - Successfully ran Files.createDirectories /home/runner/work/ratis/ratis/ratis-test/target/test/data/1674ca6a/MiniRaftClusterWithGrpcb561eb18/s2/0d456c30-a13a-4fbd-b706-2cf1a2762f1f/current
2023-11-07 01:40:03,793 [s2-impl-thread1] TRACE util.FileUtils (LogUtils.java:runAndLog(49)) - Successfully ran Files.createDirectories /home/runner/work/ratis/ratis/ratis-test/target/test/data/1674ca6a/MiniRaftClusterWithGrpcb561eb18/s2/0d456c30-a13a-4fbd-b706-2cf1a2762f1f/sm
2023-11-07 01:40:03,793 [s2-impl-thread1] TRACE util.FileUtils (LogUtils.java:supplyAndLog(69)) - Successfully supplied FileChannel.open /home/runner/work/ratis/ratis/ratis-test/target/test/data/1674ca6a/MiniRaftClusterWithGrpcb561eb18/s2/0d456c30-a13a-4fbd-b706-2cf1a2762f1f/current/raft-meta.tmp with options [CREATE, WRITE]: sun.nio.ch.FileChannelImpl@3568cf48
2023-11-07 01:40:03,796 [s2-impl-thread1] TRACE util.FileUtils (LogUtils.java:runAndLog(49)) - Successfully ran Atomic Files.move /home/runner/work/ratis/ratis/ratis-test/target/test/data/1674ca6a/MiniRaftClusterWithGrpcb561eb18/s2/0d456c30-a13a-4fbd-b706-2cf1a2762f1f/current/raft-meta.tmp to /home/runner/work/ratis/ratis/ratis-test/target/test/data/1674ca6a/MiniRaftClusterWithGrpcb561eb18/s2/0d456c30-a13a-4fbd-b706-2cf1a2762f1f/current/raft-meta with options [REPLACE_EXISTING]
2023-11-07 01:40:03,796 [s2-impl-thread1] INFO  storage.RaftStorage (RaftStorageImpl.java:format(97)) - Storage directory /home/runner/work/ratis/ratis/ratis-test/target/test/data/1674ca6a/MiniRaftClusterWithGrpcb561eb18/s2/0d456c30-a13a-4fbd-b706-2cf1a2762f1f has been successfully formatted.
2023-11-07 01:40:03,796 [s2-impl-thread1] INFO  impl.SimpleStateMachine4Testing (SimpleStateMachine4Testing.java:initialize(213)) - Initializing StateMachineWithMultiNestedSnapshotFile:uninitialized
2023-11-07 01:40:03,796 [s2-impl-thread1] INFO  impl.SimpleStateMachine4Testing (SimpleStateMachine4Testing.java:loadSnapshot(296)) - Loading snapshot null
2023-11-07 01:40:03,796 [s2-impl-thread1] INFO  server.RaftServerConfigKeys (ConfUtils.java:logGet(46)) - raft.server.log.use.memory = false (default)
2023-11-07 01:40:03,797 [s2-impl-thread1] INFO  server.RaftServerConfigKeys (ConfUtils.java:logGet(46)) - raft.server.log.purge.gap = 8 (custom)
2023-11-07 01:40:03,797 [s2-impl-thread1] INFO  server.RaftServerConfigKeys (ConfUtils.java:logGet(46)) - raft.server.log.appender.buffer.byte-limit = 4MB (=4194304) (default)
2023-11-07 01:40:03,797 [s2-impl-thread1] INFO  server.RaftServerConfigKeys (ConfUtils.java:logGet(46)) - raft.server.log.statemachine.data.read.timeout = 1000ms (default)
2023-11-07 01:40:03,797 [s2-impl-thread1] INFO  server.RaftServerConfigKeys (ConfUtils.java:logGet(46)) - raft.server.log.purge.preservation.log.num = 0 (default)
2023-11-07 01:40:03,801 [s2-impl-thread1] INFO  server.RaftServerConfigKeys (ConfUtils.java:logGet(46)) - raft.server.log.segment.size.max = 32MB (=33554432) (default)
2023-11-07 01:40:03,801 [s2-impl-thread1] INFO  server.RaftServerConfigKeys (ConfUtils.java:logGet(46)) - raft.server.log.segment.cache.num.max = 6 (default)
2023-11-07 01:40:03,803 [s2-impl-thread1] INFO  server.RaftServerConfigKeys (ConfUtils.java:logGet(46)) - raft.server.log.segment.cache.size.max = 200MB (=209715200) (default)
2023-11-07 01:40:03,803 [s2-impl-thread1] INFO  server.RaftServerConfigKeys (ConfUtils.java:logGet(46)) - raft.server.log.appender.buffer.byte-limit = 4MB (=4194304) (default)
2023-11-07 01:40:03,805 [s2-impl-thread1] INFO  util.AwaitToRun (AwaitToRun.java:start(81)) - Thread[s2@group-2CF1A2762F1F-cacheEviction-AwaitToRun,5,main] started
2023-11-07 01:40:03,805 [s2-impl-thread1] INFO  segmented.SegmentedRaftLogWorker (SegmentedRaftLogWorker.java:<init>(184)) - new s2@group-2CF1A2762F1F-SegmentedRaftLogWorker for RaftStorageImpl:Storage Directory /home/runner/work/ratis/ratis/ratis-test/target/test/data/1674ca6a/MiniRaftClusterWithGrpcb561eb18/s2/0d456c30-a13a-4fbd-b706-2cf1a2762f1f
2023-11-07 01:40:03,805 [s2-impl-thread1] INFO  server.RaftServerConfigKeys (ConfUtils.java:logGet(46)) - raft.server.log.queue.byte-limit = 64MB (=67108864) (default)
2023-11-07 01:40:03,805 [s2-impl-thread1] INFO  server.RaftServerConfigKeys (ConfUtils.java:logGet(46)) - raft.server.log.queue.element-limit = 4096 (default)
2023-11-07 01:40:03,805 [s2-impl-thread1] INFO  server.RaftServerConfigKeys (ConfUtils.java:logGet(46)) - raft.server.log.segment.size.max = 32MB (=33554432) (default)
2023-11-07 01:40:03,805 [s2-impl-thread1] INFO  server.RaftServerConfigKeys (ConfUtils.java:logGet(46)) - raft.server.log.preallocated.size = 4MB (=4194304) (default)
2023-11-07 01:40:03,805 [s2-impl-thread1] INFO  server.RaftServerConfigKeys (ConfUtils.java:logGet(46)) - raft.server.log.force.sync.num = 128 (default)
2023-11-07 01:40:03,806 [s2-impl-thread1] INFO  server.RaftServerConfigKeys (ConfUtils.java:logGet(46)) - raft.server.log.statemachine.data.sync = true (default)
2023-11-07 01:40:03,806 [s2-impl-thread1] INFO  server.RaftServerConfigKeys (ConfUtils.java:logGet(46)) - raft.server.log.statemachine.data.sync.timeout = 10s (default)
2023-11-07 01:40:03,806 [s2-impl-thread1] INFO  server.RaftServerConfigKeys (ConfUtils.java:logGet(46)) - raft.server.log.statemachine.data.sync.timeout.retry = -1 (default)
2023-11-07 01:40:03,806 [s2-impl-thread1] INFO  server.RaftServerConfigKeys (ConfUtils.java:logGet(46)) - raft.server.log.write.buffer.size = 64KB (=65536) (default)
2023-11-07 01:40:03,806 [s2-impl-thread1] INFO  server.RaftServerConfigKeys (ConfUtils.java:logGet(46)) - raft.server.log.appender.buffer.byte-limit = 4MB (=4194304) (default)
2023-11-07 01:40:03,808 [s2-impl-thread1] INFO  server.RaftServerConfigKeys (ConfUtils.java:logGet(46)) - raft.server.log.unsafe-flush.enabled = false (default)
2023-11-07 01:40:03,808 [s2-impl-thread1] INFO  server.RaftServerConfigKeys (ConfUtils.java:logGet(46)) - raft.server.log.async-flush.enabled = false (default)
2023-11-07 01:40:03,810 [s2-impl-thread1] INFO  server.RaftServerConfigKeys (ConfUtils.java:logGet(46)) - raft.server.log.statemachine.data.caching.enabled = false (default)
2023-11-07 01:40:03,810 [s2-impl-thread1] INFO  segmented.SegmentedRaftLogWorker (SegmentedRaftLogWorker.java:lambda$new$0(135)) - s2@group-2CF1A2762F1F-SegmentedRaftLogWorker: flushIndex: setUnconditionally 0 -> -1
2023-11-07 01:40:03,810 [s2-impl-thread1] INFO  segmented.SegmentedRaftLogWorker (SegmentedRaftLogWorker.java:lambda$new$0(135)) - s2@group-2CF1A2762F1F-SegmentedRaftLogWorker: safeCacheEvictIndex: setUnconditionally 0 -> -1
2023-11-07 01:40:03,810 [s2-impl-thread1] INFO  server.RaftServer$Division (RaftServerImpl.java:start(396)) - s2@group-2CF1A2762F1F: start with initializing state, conf=-1: peers:[]|listeners:[], old=null
2023-11-07 01:40:03,810 [s2-impl-thread1] INFO  server.RaftServer$Division (RaftServerImpl.java:setRole(377)) - s2@group-2CF1A2762F1F: changes role from      null to FOLLOWER at term 0 for startInitializing
2023-11-07 01:40:03,811 [s2-impl-thread1] INFO  util.JmxRegister (JmxRegister.java:tryRegister(44)) - Successfully registered JMX Bean with object name Ratis:service=RaftServer,group=group-2CF1A2762F1F,id=s2
2023-11-07 01:40:03,811 [s2-impl-thread1] INFO  server.RaftServerConfigKeys (ConfUtils.java:logGet(46)) - raft.server.snapshot.trigger-when-stop.enabled = true (default)
2023-11-07 01:40:03,811 [s2-impl-thread1] INFO  server.RaftServerConfigKeys (ConfUtils.java:logGet(46)) - raft.server.snapshot.auto.trigger.enabled = true (custom)
2023-11-07 01:40:03,814 [s2-impl-thread1] INFO  server.RaftServerConfigKeys (ConfUtils.java:logGet(46)) - raft.server.snapshot.auto.trigger.threshold = 64 (custom)
2023-11-07 01:40:03,815 [s2-impl-thread1] INFO  server.RaftServerConfigKeys (ConfUtils.java:logGet(46)) - raft.server.snapshot.retention.file.num = -1 (default)
2023-11-07 01:40:03,817 [s2-impl-thread1] INFO  server.RaftServerConfigKeys (ConfUtils.java:logGet(46)) - raft.server.log.purge.upto.snapshot.index = false (default)
2023-11-07 01:40:03,818 [Time-limited test] INFO  server.RaftServer (RaftServerProxy.java:startImpl(406)) - s2: start RPC server
2023-11-07 01:40:03,823 [Time-limited test] INFO  server.GrpcService (GrpcService.java:startImpl(302)) - s2: GrpcService started, listening on 35933
2023-11-07 01:40:03,827 [Time-limited test] INFO  impl.MiniRaftCluster (MiniRaftCluster.java:setConfiguration(819)) - Start changing the configuration: [s0|localhost:39621, s1|0.0.0.0:33345]
2023-11-07 01:40:03,828 [JvmPauseMonitor2] INFO  util.JvmPauseMonitor (JvmPauseMonitor.java:run(146)) - JvmPauseMonitor-s2: Started
2023-11-07 01:40:03,842 [s0-server-thread1] INFO  server.RaftServer$Division (RaftServerImpl.java:setConfigurationAsync(1262)) - s0@group-2CF1A2762F1F: receive setConfiguration SetConfigurationRequest:client-4FAF8BB6F97B->s0@group-2CF1A2762F1F, cid=129, seq=null, RW, null, SET_UNCONDITIONALLY, servers:[s0|localhost:39621, s1|0.0.0.0:33345], listeners:[]
2023-11-07 01:40:03,842 [s0-server-thread1] INFO  server.RaftServer$Division (LeaderStateImpl.java:startSetConfiguration(483)) - s0@group-2CF1A2762F1F-LeaderStateImpl: startSetConfiguration SetConfigurationRequest:client-4FAF8BB6F97B->s0@group-2CF1A2762F1F, cid=129, seq=null, RW, null, SET_UNCONDITIONALLY, servers:[s0|localhost:39621, s1|0.0.0.0:33345], listeners:[]
2023-11-07 01:40:03,853 [s0-server-thread1] INFO  server.RaftServerConfigKeys (ConfUtils.java:logGet(46)) - raft.server.log.appender.snapshot.chunk.size.max = 1k (=1024) (custom)
2023-11-07 01:40:03,853 [s0-server-thread1] INFO  server.RaftServerConfigKeys (ConfUtils.java:logGet(46)) - raft.server.log.appender.buffer.byte-limit = 4MB (=4194304) (default)
2023-11-07 01:40:03,854 [s0-server-thread1] INFO  server.RaftServerConfigKeys (ConfUtils.java:logGet(46)) - raft.server.log.appender.buffer.element-limit = 0 (default)
2023-11-07 01:40:03,865 [s0-server-thread1] INFO  server.RaftServerConfigKeys (ConfUtils.java:logGet(46)) - raft.server.log.appender.wait-time.min = 1ms (default)
2023-11-07 01:40:03,866 [s0-server-thread1] INFO  grpc.GrpcConfigKeys (ConfUtils.java:logGet(46)) - raft.grpc.server.leader.outstanding.appends.max = 8 (default)
2023-11-07 01:40:03,866 [s0-server-thread1] INFO  server.RaftServerConfigKeys (ConfUtils.java:logGet(46)) - raft.server.rpc.request.timeout = 3000ms (default)
2023-11-07 01:40:03,867 [s0-server-thread1] INFO  grpc.GrpcConfigKeys (ConfUtils.java:logGet(46)) - raft.grpc.server.install_snapshot.request.element-limit = 8 (default)
2023-11-07 01:40:03,867 [s0-server-thread1] INFO  grpc.GrpcConfigKeys (ConfUtils.java:logGet(46)) - raft.grpc.server.install_snapshot.request.timeout = 3000ms (default)
2023-11-07 01:40:03,867 [s0-server-thread1] INFO  server.RaftServerConfigKeys (ConfUtils.java:logGet(46)) - raft.server.log.appender.install.snapshot.enabled = true (default)
2023-11-07 01:40:03,867 [s0-server-thread1] INFO  grpc.GrpcConfigKeys (ConfUtils.java:logGet(46)) - raft.grpc.server.heartbeat.channel = false (custom)
2023-11-07 01:40:03,886 [s0@group-2CF1A2762F1F->s1-GrpcLogAppender-LogAppenderDaemon] INFO  server.GrpcLogAppender (GrpcLogAppender.java:installSnapshot(646)) - s0@group-2CF1A2762F1F->s1-GrpcLogAppender: followerNextIndex = 0 but logStartIndex = 0, send snapshot FileListSnapshotInfo(t:1, i:191):[/home/runner/work/ratis/ratis/ratis-test/target/test/data/1674ca6a/MiniRaftClusterWithGrpcb561eb18/s0/0d456c30-a13a-4fbd-b706-2cf1a2762f1f/sm/snapshot/1.bin, /home/runner/work/ratis/ratis/ratis-test/target/test/data/1674ca6a/MiniRaftClusterWithGrpcb561eb18/s0/0d456c30-a13a-4fbd-b706-2cf1a2762f1f/sm/snapshot/sub/2.bin, /home/runner/work/ratis/ratis/ratis-test/target/test/data/1674ca6a/MiniRaftClusterWithGrpcb561eb18/s0/0d456c30-a13a-4fbd-b706-2cf1a2762f1f/sm/snapshot.1_191] to follower
2023-11-07 01:40:03,888 [s0@group-2CF1A2762F1F->s1-GrpcLogAppender-LogAppenderDaemon] INFO  server.GrpcServerProtocolClient (GrpcServerProtocolClient.java:<init>(65)) - Build channel for s1
2023-11-07 01:40:03,910 [grpc-default-executor-1] INFO  impl.SnapshotInstallationHandler (SnapshotInstallationHandler.java:installSnapshot(89)) - s1@group-2CF1A2762F1F: receive installSnapshot: s0->s1#0-t1,chunk:2e231d84-796b-4a54-88ce-6336807e833e,0
2023-11-07 01:40:03,911 [grpc-default-executor-1] TRACE util.FileUtils (LogUtils.java:supplyAndLog(69)) - Successfully supplied FileChannel.open /home/runner/work/ratis/ratis/ratis-test/target/test/data/1674ca6a/MiniRaftClusterWithGrpcb561eb18/s1/0d456c30-a13a-4fbd-b706-2cf1a2762f1f/current/raft-meta.tmp with options [CREATE, WRITE]: sun.nio.ch.FileChannelImpl@4c293de3
2023-11-07 01:40:03,913 [grpc-default-executor-1] TRACE util.FileUtils (LogUtils.java:runAndLog(49)) - Successfully ran Atomic Files.move /home/runner/work/ratis/ratis/ratis-test/target/test/data/1674ca6a/MiniRaftClusterWithGrpcb561eb18/s1/0d456c30-a13a-4fbd-b706-2cf1a2762f1f/current/raft-meta.tmp to /home/runner/work/ratis/ratis/ratis-test/target/test/data/1674ca6a/MiniRaftClusterWithGrpcb561eb18/s1/0d456c30-a13a-4fbd-b706-2cf1a2762f1f/current/raft-meta with options [REPLACE_EXISTING]
2023-11-07 01:40:03,913 [grpc-default-executor-1] INFO  server.RaftServer$Division (RaftServerImpl.java:setFirstElection(562)) - s1@group-2CF1A2762F1F: set firstElectionSinceStartup to false for installSnapshot
2023-11-07 01:40:03,913 [grpc-default-executor-1] INFO  server.RaftServer$Division (ServerState.java:setLeader(265)) - s1@group-2CF1A2762F1F: change Leader from null to s0 at term 1 for installSnapshot, leader elected after 178ms
2023-11-07 01:40:03,917 [grpc-default-executor-1] TRACE util.FileUtils (LogUtils.java:runAndLog(49)) - Successfully ran Files.createDirectories /home/runner/work/ratis/ratis/ratis-test/target/test/data/1674ca6a/MiniRaftClusterWithGrpcb561eb18/s1/0d456c30-a13a-4fbd-b706-2cf1a2762f1f/tmp/snapshot-2e231d84-796b-4a54-88ce-6336807e833e
2023-11-07 01:40:03,917 [grpc-default-executor-1] INFO  storage.SnapshotManager (SnapshotManager.java:installSnapshot(89)) - Installing snapshot:s0->s1#0-t1,chunk:2e231d84-796b-4a54-88ce-6336807e833e,0, to tmp dir:/home/runner/work/ratis/ratis/ratis-test/target/test/data/1674ca6a/MiniRaftClusterWithGrpcb561eb18/s1/0d456c30-a13a-4fbd-b706-2cf1a2762f1f/tmp/snapshot-2e231d84-796b-4a54-88ce-6336807e833e
2023-11-07 01:40:03,917 [grpc-default-executor-1] TRACE util.FileUtils (LogUtils.java:runAndLog(49)) - Successfully ran Files.createDirectories /home/runner/work/ratis/ratis/ratis-test/target/test/data/1674ca6a/MiniRaftClusterWithGrpcb561eb18/s1/0d456c30-a13a-4fbd-b706-2cf1a2762f1f/tmp/snapshot-2e231d84-796b-4a54-88ce-6336807e833e/snapshot
2023-11-07 01:40:03,919 [grpc-default-executor-1] TRACE util.FileUtils (LogUtils.java:supplyAndLog(69)) - Successfully supplied FileChannel.open /home/runner/work/ratis/ratis/ratis-test/target/test/data/1674ca6a/MiniRaftClusterWithGrpcb561eb18/s1/0d456c30-a13a-4fbd-b706-2cf1a2762f1f/tmp/snapshot-2e231d84-796b-4a54-88ce-6336807e833e/snapshot/1.bin.md5.tmp with options [CREATE, WRITE]: sun.nio.ch.FileChannelImpl@149101a0
2023-11-07 01:40:03,920 [grpc-default-executor-1] TRACE util.FileUtils (LogUtils.java:runAndLog(49)) - Successfully ran Atomic Files.move /home/runner/work/ratis/ratis/ratis-test/target/test/data/1674ca6a/MiniRaftClusterWithGrpcb561eb18/s1/0d456c30-a13a-4fbd-b706-2cf1a2762f1f/tmp/snapshot-2e231d84-796b-4a54-88ce-6336807e833e/snapshot/1.bin.md5.tmp to /home/runner/work/ratis/ratis/ratis-test/target/test/data/1674ca6a/MiniRaftClusterWithGrpcb561eb18/s1/0d456c30-a13a-4fbd-b706-2cf1a2762f1f/tmp/snapshot-2e231d84-796b-4a54-88ce-6336807e833e/snapshot/1.bin.md5 with options [REPLACE_EXISTING]
2023-11-07 01:40:04,003 [grpc-default-executor-1] INFO  impl.SnapshotInstallationHandler (SnapshotInstallationHandler.java:installSnapshotImpl(134)) - s1@group-2CF1A2762F1F: set new configuration configurationEntry {
  peers {
    id: "s0"
    address: "localhost:39621"
    dataStreamAddress: "localhost:38295"
    clientAddress: "localhost:37599"
    adminAddress: "localhost:35073"
    startupRole: FOLLOWER
  }
}
 from snapshot
2023-11-07 01:40:04,007 [grpc-default-executor-1] INFO  server.RaftServer$Division (ServerState.java:setRaftConf(382)) - s1@group-2CF1A2762F1F: set configuration 0: peers:[s0|localhost:39621]|listeners:[], old=null
2023-11-07 01:40:04,007 [grpc-default-executor-1] INFO  impl.SnapshotInstallationHandler (SnapshotInstallationHandler.java:installSnapshot(100)) - s1@group-2CF1A2762F1F: reply installSnapshot: s0<-s1#0:OK-t0,SUCCESS,requestIndex=0
2023-11-07 01:40:04,009 [grpc-default-executor-2] INFO  impl.SnapshotInstallationHandler (SnapshotInstallationHandler.java:installSnapshot(89)) - s1@group-2CF1A2762F1F: receive installSnapshot: s0->s1#0-t1,chunk:2e231d84-796b-4a54-88ce-6336807e833e,1
2023-11-07 01:40:04,010 [grpc-default-executor-2] TRACE util.FileUtils (LogUtils.java:runAndLog(49)) - Successfully ran Files.createDirectories /home/runner/work/ratis/ratis/ratis-test/target/test/data/1674ca6a/MiniRaftClusterWithGrpcb561eb18/s1/0d456c30-a13a-4fbd-b706-2cf1a2762f1f/tmp/snapshot-2e231d84-796b-4a54-88ce-6336807e833e
2023-11-07 01:40:04,010 [grpc-default-executor-2] INFO  storage.SnapshotManager (SnapshotManager.java:installSnapshot(89)) - Installing snapshot:s0->s1#0-t1,chunk:2e231d84-796b-4a54-88ce-6336807e833e,1, to tmp dir:/home/runner/work/ratis/ratis/ratis-test/target/test/data/1674ca6a/MiniRaftClusterWithGrpcb561eb18/s1/0d456c30-a13a-4fbd-b706-2cf1a2762f1f/tmp/snapshot-2e231d84-796b-4a54-88ce-6336807e833e
2023-11-07 01:40:04,010 [grpc-default-executor-2] TRACE util.FileUtils (LogUtils.java:runAndLog(49)) - Successfully ran Files.createDirectories /home/runner/work/ratis/ratis/ratis-test/target/test/data/1674ca6a/MiniRaftClusterWithGrpcb561eb18/s1/0d456c30-a13a-4fbd-b706-2cf1a2762f1f/tmp/snapshot-2e231d84-796b-4a54-88ce-6336807e833e/snapshot/sub
2023-11-07 01:40:04,010 [grpc-default-executor-2] INFO  impl.SnapshotInstallationHandler (SnapshotInstallationHandler.java:installSnapshot(100)) - s1@group-2CF1A2762F1F: reply installSnapshot: s0<-s1#0:OK-t1,SUCCESS,requestIndex=1
2023-11-07 01:40:04,011 [grpc-default-executor-2] INFO  impl.SnapshotInstallationHandler (SnapshotInstallationHandler.java:installSnapshot(89)) - s1@group-2CF1A2762F1F: receive installSnapshot: s0->s1#0-t1,chunk:2e231d84-796b-4a54-88ce-6336807e833e,2
2023-11-07 01:40:04,011 [grpc-default-executor-2] TRACE util.FileUtils (LogUtils.java:runAndLog(49)) - Successfully ran Files.createDirectories /home/runner/work/ratis/ratis/ratis-test/target/test/data/1674ca6a/MiniRaftClusterWithGrpcb561eb18/s1/0d456c30-a13a-4fbd-b706-2cf1a2762f1f/tmp/snapshot-2e231d84-796b-4a54-88ce-6336807e833e
2023-11-07 01:40:04,011 [grpc-default-executor-2] INFO  storage.SnapshotManager (SnapshotManager.java:installSnapshot(89)) - Installing snapshot:s0->s1#0-t1,chunk:2e231d84-796b-4a54-88ce-6336807e833e,2, to tmp dir:/home/runner/work/ratis/ratis/ratis-test/target/test/data/1674ca6a/MiniRaftClusterWithGrpcb561eb18/s1/0d456c30-a13a-4fbd-b706-2cf1a2762f1f/tmp/snapshot-2e231d84-796b-4a54-88ce-6336807e833e
2023-11-07 01:40:04,012 [grpc-default-executor-2] TRACE util.FileUtils (LogUtils.java:runAndLog(49)) - Successfully ran Files.createDirectories /home/runner/work/ratis/ratis/ratis-test/target/test/data/1674ca6a/MiniRaftClusterWithGrpcb561eb18/s1/0d456c30-a13a-4fbd-b706-2cf1a2762f1f/tmp/snapshot-2e231d84-796b-4a54-88ce-6336807e833e/snapshot/sub
2023-11-07 01:40:04,012 [grpc-default-executor-2] INFO  impl.SnapshotInstallationHandler (SnapshotInstallationHandler.java:installSnapshot(100)) - s1@group-2CF1A2762F1F: reply installSnapshot: s0<-s1#0:OK-t1,SUCCESS,requestIndex=2
2023-11-07 01:40:04,012 [grpc-default-executor-2] INFO  impl.SnapshotInstallationHandler (SnapshotInstallationHandler.java:installSnapshot(89)) - s1@group-2CF1A2762F1F: receive installSnapshot: s0->s1#0-t1,chunk:2e231d84-796b-4a54-88ce-6336807e833e,3
2023-11-07 01:40:04,013 [grpc-default-executor-2] TRACE util.FileUtils (LogUtils.java:runAndLog(49)) - Successfully ran Files.createDirectories /home/runner/work/ratis/ratis/ratis-test/target/test/data/1674ca6a/MiniRaftClusterWithGrpcb561eb18/s1/0d456c30-a13a-4fbd-b706-2cf1a2762f1f/tmp/snapshot-2e231d84-796b-4a54-88ce-6336807e833e
2023-11-07 01:40:04,013 [grpc-default-executor-2] INFO  storage.SnapshotManager (SnapshotManager.java:installSnapshot(89)) - Installing snapshot:s0->s1#0-t1,chunk:2e231d84-796b-4a54-88ce-6336807e833e,3, to tmp dir:/home/runner/work/ratis/ratis/ratis-test/target/test/data/1674ca6a/MiniRaftClusterWithGrpcb561eb18/s1/0d456c30-a13a-4fbd-b706-2cf1a2762f1f/tmp/snapshot-2e231d84-796b-4a54-88ce-6336807e833e
2023-11-07 01:40:04,013 [grpc-default-executor-2] TRACE util.FileUtils (LogUtils.java:runAndLog(49)) - Successfully ran Files.createDirectories /home/runner/work/ratis/ratis/ratis-test/target/test/data/1674ca6a/MiniRaftClusterWithGrpcb561eb18/s1/0d456c30-a13a-4fbd-b706-2cf1a2762f1f/tmp/snapshot-2e231d84-796b-4a54-88ce-6336807e833e/snapshot/sub
2023-11-07 01:40:04,013 [grpc-default-executor-2] INFO  impl.SnapshotInstallationHandler (SnapshotInstallationHandler.java:installSnapshot(100)) - s1@group-2CF1A2762F1F: reply installSnapshot: s0<-s1#0:OK-t1,SUCCESS,requestIndex=3
2023-11-07 01:40:04,014 [grpc-default-executor-2] INFO  impl.SnapshotInstallationHandler (SnapshotInstallationHandler.java:installSnapshot(89)) - s1@group-2CF1A2762F1F: receive installSnapshot: s0->s1#0-t1,chunk:2e231d84-796b-4a54-88ce-6336807e833e,4
2023-11-07 01:40:04,014 [grpc-default-executor-2] TRACE util.FileUtils (LogUtils.java:runAndLog(49)) - Successfully ran Files.createDirectories /home/runner/work/ratis/ratis/ratis-test/target/test/data/1674ca6a/MiniRaftClusterWithGrpcb561eb18/s1/0d456c30-a13a-4fbd-b706-2cf1a2762f1f/tmp/snapshot-2e231d84-796b-4a54-88ce-6336807e833e
2023-11-07 01:40:04,014 [grpc-default-executor-2] INFO  storage.SnapshotManager (SnapshotManager.java:installSnapshot(89)) - Installing snapshot:s0->s1#0-t1,chunk:2e231d84-796b-4a54-88ce-6336807e833e,4, to tmp dir:/home/runner/work/ratis/ratis/ratis-test/target/test/data/1674ca6a/MiniRaftClusterWithGrpcb561eb18/s1/0d456c30-a13a-4fbd-b706-2cf1a2762f1f/tmp/snapshot-2e231d84-796b-4a54-88ce-6336807e833e
2023-11-07 01:40:04,014 [grpc-default-executor-2] TRACE util.FileUtils (LogUtils.java:runAndLog(49)) - Successfully ran Files.createDirectories /home/runner/work/ratis/ratis/ratis-test/target/test/data/1674ca6a/MiniRaftClusterWithGrpcb561eb18/s1/0d456c30-a13a-4fbd-b706-2cf1a2762f1f/tmp/snapshot-2e231d84-796b-4a54-88ce-6336807e833e/snapshot/sub
2023-11-07 01:40:04,015 [grpc-default-executor-2] TRACE util.FileUtils (LogUtils.java:supplyAndLog(69)) - Successfully supplied FileChannel.open /home/runner/work/ratis/ratis/ratis-test/target/test/data/1674ca6a/MiniRaftClusterWithGrpcb561eb18/s1/0d456c30-a13a-4fbd-b706-2cf1a2762f1f/tmp/snapshot-2e231d84-796b-4a54-88ce-6336807e833e/snapshot/sub/2.bin.md5.tmp with options [CREATE, WRITE]: sun.nio.ch.FileChannelImpl@2c9ae83b
2023-11-07 01:40:04,016 [grpc-default-executor-1] INFO  server.GrpcLogAppender (GrpcLogAppender.java:onNext(549)) - s0@group-2CF1A2762F1F->s1-InstallSnapshotResponseHandler: received the first reply s0<-s1#0:OK-t0,SUCCESS,requestIndex=0
2023-11-07 01:40:04,017 [grpc-default-executor-2] TRACE util.FileUtils (LogUtils.java:runAndLog(49)) - Successfully ran Atomic Files.move /home/runner/work/ratis/ratis/ratis-test/target/test/data/1674ca6a/MiniRaftClusterWithGrpcb561eb18/s1/0d456c30-a13a-4fbd-b706-2cf1a2762f1f/tmp/snapshot-2e231d84-796b-4a54-88ce-6336807e833e/snapshot/sub/2.bin.md5.tmp to /home/runner/work/ratis/ratis/ratis-test/target/test/data/1674ca6a/MiniRaftClusterWithGrpcb561eb18/s1/0d456c30-a13a-4fbd-b706-2cf1a2762f1f/tmp/snapshot-2e231d84-796b-4a54-88ce-6336807e833e/snapshot/sub/2.bin.md5 with options [REPLACE_EXISTING]
2023-11-07 01:40:04,017 [grpc-default-executor-2] INFO  impl.SnapshotInstallationHandler (SnapshotInstallationHandler.java:installSnapshot(100)) - s1@group-2CF1A2762F1F: reply installSnapshot: s0<-s1#0:OK-t1,SUCCESS,requestIndex=4
2023-11-07 01:40:04,018 [grpc-default-executor-2] INFO  impl.SnapshotInstallationHandler (SnapshotInstallationHandler.java:installSnapshot(89)) - s1@group-2CF1A2762F1F: receive installSnapshot: s0->s1#0-t1,chunk:2e231d84-796b-4a54-88ce-6336807e833e,5
2023-11-07 01:40:04,018 [grpc-default-executor-2] TRACE util.FileUtils (LogUtils.java:runAndLog(49)) - Successfully ran Files.createDirectories /home/runner/work/ratis/ratis/ratis-test/target/test/data/1674ca6a/MiniRaftClusterWithGrpcb561eb18/s1/0d456c30-a13a-4fbd-b706-2cf1a2762f1f/tmp/snapshot-2e231d84-796b-4a54-88ce-6336807e833e
2023-11-07 01:40:04,018 [grpc-default-executor-2] INFO  storage.SnapshotManager (SnapshotManager.java:installSnapshot(89)) - Installing snapshot:s0->s1#0-t1,chunk:2e231d84-796b-4a54-88ce-6336807e833e,5, to tmp dir:/home/runner/work/ratis/ratis/ratis-test/target/test/data/1674ca6a/MiniRaftClusterWithGrpcb561eb18/s1/0d456c30-a13a-4fbd-b706-2cf1a2762f1f/tmp/snapshot-2e231d84-796b-4a54-88ce-6336807e833e
2023-11-07 01:40:04,018 [grpc-default-executor-2] TRACE util.FileUtils (LogUtils.java:runAndLog(49)) - Successfully ran Files.createDirectories /home/runner/work/ratis/ratis/ratis-test/target/test/data/1674ca6a/MiniRaftClusterWithGrpcb561eb18/s1/0d456c30-a13a-4fbd-b706-2cf1a2762f1f/tmp/snapshot-2e231d84-796b-4a54-88ce-6336807e833e
2023-11-07 01:40:04,018 [grpc-default-executor-2] INFO  impl.SnapshotInstallationHandler (SnapshotInstallationHandler.java:installSnapshot(100)) - s1@group-2CF1A2762F1F: reply installSnapshot: s0<-s1#0:OK-t1,SUCCESS,requestIndex=5
2023-11-07 01:40:04,019 [grpc-default-executor-2] INFO  impl.SnapshotInstallationHandler (SnapshotInstallationHandler.java:installSnapshot(89)) - s1@group-2CF1A2762F1F: receive installSnapshot: s0->s1#0-t1,chunk:2e231d84-796b-4a54-88ce-6336807e833e,6
2023-11-07 01:40:04,019 [grpc-default-executor-2] TRACE util.FileUtils (LogUtils.java:runAndLog(49)) - Successfully ran Files.createDirectories /home/runner/work/ratis/ratis/ratis-test/target/test/data/1674ca6a/MiniRaftClusterWithGrpcb561eb18/s1/0d456c30-a13a-4fbd-b706-2cf1a2762f1f/tmp/snapshot-2e231d84-796b-4a54-88ce-6336807e833e
2023-11-07 01:40:04,019 [grpc-default-executor-2] INFO  storage.SnapshotManager (SnapshotManager.java:installSnapshot(89)) - Installing snapshot:s0->s1#0-t1,chunk:2e231d84-796b-4a54-88ce-6336807e833e,6, to tmp dir:/home/runner/work/ratis/ratis/ratis-test/target/test/data/1674ca6a/MiniRaftClusterWithGrpcb561eb18/s1/0d456c30-a13a-4fbd-b706-2cf1a2762f1f/tmp/snapshot-2e231d84-796b-4a54-88ce-6336807e833e
2023-11-07 01:40:04,020 [grpc-default-executor-2] TRACE util.FileUtils (LogUtils.java:runAndLog(49)) - Successfully ran Files.createDirectories /home/runner/work/ratis/ratis/ratis-test/target/test/data/1674ca6a/MiniRaftClusterWithGrpcb561eb18/s1/0d456c30-a13a-4fbd-b706-2cf1a2762f1f/tmp/snapshot-2e231d84-796b-4a54-88ce-6336807e833e
2023-11-07 01:40:04,020 [grpc-default-executor-2] INFO  impl.SnapshotInstallationHandler (SnapshotInstallationHandler.java:installSnapshot(100)) - s1@group-2CF1A2762F1F: reply installSnapshot: s0<-s1#0:OK-t1,SUCCESS,requestIndex=6
2023-11-07 01:40:04,026 [grpc-default-executor-1] INFO  server.GrpcLogAppender (GrpcLogAppender.java:onNext(563)) - s0@group-2CF1A2762F1F->s1-InstallSnapshotResponseHandler: Completed InstallSnapshot. Reply: serverReply {
  requestorId: "s0"
  replyId: "s1"
  raftGroupId {
    id: "\rEl0\241:O\275\267\006,\361\242v/\037"
  }
  success: true
}
requestIndex: 0

2023-11-07 01:40:04,027 [grpc-default-executor-2] INFO  impl.SnapshotInstallationHandler (SnapshotInstallationHandler.java:installSnapshot(89)) - s1@group-2CF1A2762F1F: receive installSnapshot: s0->s1#0-t1,chunk:2e231d84-796b-4a54-88ce-6336807e833e,7
2023-11-07 01:40:04,027 [grpc-default-executor-2] TRACE util.FileUtils (LogUtils.java:runAndLog(49)) - Successfully ran Files.createDirectories /home/runner/work/ratis/ratis/ratis-test/target/test/data/1674ca6a/MiniRaftClusterWithGrpcb561eb18/s1/0d456c30-a13a-4fbd-b706-2cf1a2762f1f/tmp/snapshot-2e231d84-796b-4a54-88ce-6336807e833e
2023-11-07 01:40:04,027 [grpc-default-executor-2] INFO  storage.SnapshotManager (SnapshotManager.java:installSnapshot(89)) - Installing snapshot:s0->s1#0-t1,chunk:2e231d84-796b-4a54-88ce-6336807e833e,7, to tmp dir:/home/runner/work/ratis/ratis/ratis-test/target/test/data/1674ca6a/MiniRaftClusterWithGrpcb561eb18/s1/0d456c30-a13a-4fbd-b706-2cf1a2762f1f/tmp/snapshot-2e231d84-796b-4a54-88ce-6336807e833e
2023-11-07 01:40:04,027 [grpc-default-executor-2] TRACE util.FileUtils (LogUtils.java:runAndLog(49)) - Successfully ran Files.createDirectories /home/runner/work/ratis/ratis/ratis-test/target/test/data/1674ca6a/MiniRaftClusterWithGrpcb561eb18/s1/0d456c30-a13a-4fbd-b706-2cf1a2762f1f/tmp/snapshot-2e231d84-796b-4a54-88ce-6336807e833e
2023-11-07 01:40:04,028 [grpc-default-executor-2] INFO  impl.SnapshotInstallationHandler (SnapshotInstallationHandler.java:installSnapshot(100)) - s1@group-2CF1A2762F1F: reply installSnapshot: s0<-s1#0:OK-t1,SUCCESS,requestIndex=7
2023-11-07 01:40:04,028 [grpc-default-executor-2] INFO  impl.SnapshotInstallationHandler (SnapshotInstallationHandler.java:installSnapshot(89)) - s1@group-2CF1A2762F1F: receive installSnapshot: s0->s1#0-t1,chunk:2e231d84-796b-4a54-88ce-6336807e833e,8
2023-11-07 01:40:04,028 [grpc-default-executor-2] TRACE util.FileUtils (LogUtils.java:runAndLog(49)) - Successfully ran Files.createDirectories /home/runner/work/ratis/ratis/ratis-test/target/test/data/1674ca6a/MiniRaftClusterWithGrpcb561eb18/s1/0d456c30-a13a-4fbd-b706-2cf1a2762f1f/tmp/snapshot-2e231d84-796b-4a54-88ce-6336807e833e
2023-11-07 01:40:04,028 [grpc-default-executor-2] INFO  storage.SnapshotManager (SnapshotManager.java:installSnapshot(89)) - Installing snapshot:s0->s1#0-t1,chunk:2e231d84-796b-4a54-88ce-6336807e833e,8, to tmp dir:/home/runner/work/ratis/ratis/ratis-test/target/test/data/1674ca6a/MiniRaftClusterWithGrpcb561eb18/s1/0d456c30-a13a-4fbd-b706-2cf1a2762f1f/tmp/snapshot-2e231d84-796b-4a54-88ce-6336807e833e
2023-11-07 01:40:04,029 [grpc-default-executor-2] TRACE util.FileUtils (LogUtils.java:runAndLog(49)) - Successfully ran Files.createDirectories /home/runner/work/ratis/ratis/ratis-test/target/test/data/1674ca6a/MiniRaftClusterWithGrpcb561eb18/s1/0d456c30-a13a-4fbd-b706-2cf1a2762f1f/tmp/snapshot-2e231d84-796b-4a54-88ce-6336807e833e
2023-11-07 01:40:04,029 [grpc-default-executor-2] INFO  impl.SnapshotInstallationHandler (SnapshotInstallationHandler.java:installSnapshot(100)) - s1@group-2CF1A2762F1F: reply installSnapshot: s0<-s1#0:OK-t1,SUCCESS,requestIndex=8
2023-11-07 01:40:04,029 [grpc-default-executor-1] INFO  leader.FollowerInfo (FollowerInfoImpl.java:setAttemptedToInstallSnapshot(154)) - Follower s0@group-2CF1A2762F1F->s1 acknowledged installing snapshot
2023-11-07 01:40:04,030 [grpc-default-executor-1] INFO  server.GrpcLogAppender (GrpcLogAppender.java:onNext(549)) - s0@group-2CF1A2762F1F->s1-InstallSnapshotResponseHandler: received a reply s0<-s1#0:OK-t1,SUCCESS,requestIndex=1
2023-11-07 01:40:04,030 [grpc-default-executor-1] INFO  server.GrpcLogAppender (GrpcLogAppender.java:onNext(563)) - s0@group-2CF1A2762F1F->s1-InstallSnapshotResponseHandler: Completed InstallSnapshot. Reply: serverReply {
  requestorId: "s0"
  replyId: "s1"
  raftGroupId {
    id: "\rEl0\241:O\275\267\006,\361\242v/\037"
  }
  success: true
}
term: 1
requestIndex: 1

2023-11-07 01:40:04,030 [grpc-default-executor-1] INFO  leader.FollowerInfo (FollowerInfoImpl.java:setAttemptedToInstallSnapshot(154)) - Follower s0@group-2CF1A2762F1F->s1 acknowledged installing snapshot
2023-11-07 01:40:04,031 [grpc-default-executor-2] INFO  impl.SnapshotInstallationHandler (SnapshotInstallationHandler.java:installSnapshot(89)) - s1@group-2CF1A2762F1F: receive installSnapshot: s0->s1#0-t1,chunk:2e231d84-796b-4a54-88ce-6336807e833e,9
2023-11-07 01:40:04,031 [grpc-default-executor-2] TRACE util.FileUtils (LogUtils.java:runAndLog(49)) - Successfully ran Files.createDirectories /home/runner/work/ratis/ratis/ratis-test/target/test/data/1674ca6a/MiniRaftClusterWithGrpcb561eb18/s1/0d456c30-a13a-4fbd-b706-2cf1a2762f1f/tmp/snapshot-2e231d84-796b-4a54-88ce-6336807e833e
2023-11-07 01:40:04,031 [grpc-default-executor-2] INFO  storage.SnapshotManager (SnapshotManager.java:installSnapshot(89)) - Installing snapshot:s0->s1#0-t1,chunk:2e231d84-796b-4a54-88ce-6336807e833e,9, to tmp dir:/home/runner/work/ratis/ratis/ratis-test/target/test/data/1674ca6a/MiniRaftClusterWithGrpcb561eb18/s1/0d456c30-a13a-4fbd-b706-2cf1a2762f1f/tmp/snapshot-2e231d84-796b-4a54-88ce-6336807e833e
2023-11-07 01:40:04,031 [grpc-default-executor-2] TRACE util.FileUtils (LogUtils.java:runAndLog(49)) - Successfully ran Files.createDirectories /home/runner/work/ratis/ratis/ratis-test/target/test/data/1674ca6a/MiniRaftClusterWithGrpcb561eb18/s1/0d456c30-a13a-4fbd-b706-2cf1a2762f1f/tmp/snapshot-2e231d84-796b-4a54-88ce-6336807e833e
2023-11-07 01:40:04,031 [grpc-default-executor-2] INFO  impl.SnapshotInstallationHandler (SnapshotInstallationHandler.java:installSnapshot(100)) - s1@group-2CF1A2762F1F: reply installSnapshot: s0<-s1#0:OK-t1,SUCCESS,requestIndex=9
2023-11-07 01:40:04,033 [grpc-default-executor-1] INFO  server.GrpcLogAppender (GrpcLogAppender.java:onNext(549)) - s0@group-2CF1A2762F1F->s1-InstallSnapshotResponseHandler: received a reply s0<-s1#0:OK-t1,SUCCESS,requestIndex=2
2023-11-07 01:40:04,033 [grpc-default-executor-1] INFO  server.GrpcLogAppender (GrpcLogAppender.java:onNext(563)) - s0@group-2CF1A2762F1F->s1-InstallSnapshotResponseHandler: Completed InstallSnapshot. Reply: serverReply {
  requestorId: "s0"
  replyId: "s1"
  raftGroupId {
    id: "\rEl0\241:O\275\267\006,\361\242v/\037"
  }
  success: true
}
term: 1
requestIndex: 2

2023-11-07 01:40:04,033 [grpc-default-executor-1] INFO  leader.FollowerInfo (FollowerInfoImpl.java:setAttemptedToInstallSnapshot(154)) - Follower s0@group-2CF1A2762F1F->s1 acknowledged installing snapshot
2023-11-07 01:40:04,033 [grpc-default-executor-1] INFO  server.GrpcLogAppender (GrpcLogAppender.java:onNext(549)) - s0@group-2CF1A2762F1F->s1-InstallSnapshotResponseHandler: received a reply s0<-s1#0:OK-t1,SUCCESS,requestIndex=3
2023-11-07 01:40:04,033 [grpc-default-executor-1] INFO  server.GrpcLogAppender (GrpcLogAppender.java:onNext(563)) - s0@group-2CF1A2762F1F->s1-InstallSnapshotResponseHandler: Completed InstallSnapshot. Reply: serverReply {
  requestorId: "s0"
  replyId: "s1"
  raftGroupId {
    id: "\rEl0\241:O\275\267\006,\361\242v/\037"
  }
  success: true
}
term: 1
requestIndex: 3

2023-11-07 01:40:04,033 [grpc-default-executor-1] INFO  leader.FollowerInfo (FollowerInfoImpl.java:setAttemptedToInstallSnapshot(154)) - Follower s0@group-2CF1A2762F1F->s1 acknowledged installing snapshot
2023-11-07 01:40:04,034 [grpc-default-executor-2] INFO  impl.SnapshotInstallationHandler (SnapshotInstallationHandler.java:installSnapshot(89)) - s1@group-2CF1A2762F1F: receive installSnapshot: s0->s1#0-t1,chunk:2e231d84-796b-4a54-88ce-6336807e833e,10
2023-11-07 01:40:04,034 [grpc-default-executor-2] TRACE util.FileUtils (LogUtils.java:runAndLog(49)) - Successfully ran Files.createDirectories /home/runner/work/ratis/ratis/ratis-test/target/test/data/1674ca6a/MiniRaftClusterWithGrpcb561eb18/s1/0d456c30-a13a-4fbd-b706-2cf1a2762f1f/tmp/snapshot-2e231d84-796b-4a54-88ce-6336807e833e
2023-11-07 01:40:04,034 [grpc-default-executor-2] INFO  storage.SnapshotManager (SnapshotManager.java:installSnapshot(89)) - Installing snapshot:s0->s1#0-t1,chunk:2e231d84-796b-4a54-88ce-6336807e833e,10, to tmp dir:/home/runner/work/ratis/ratis/ratis-test/target/test/data/1674ca6a/MiniRaftClusterWithGrpcb561eb18/s1/0d456c30-a13a-4fbd-b706-2cf1a2762f1f/tmp/snapshot-2e231d84-796b-4a54-88ce-6336807e833e
2023-11-07 01:40:04,034 [grpc-default-executor-2] TRACE util.FileUtils (LogUtils.java:runAndLog(49)) - Successfully ran Files.createDirectories /home/runner/work/ratis/ratis/ratis-test/target/test/data/1674ca6a/MiniRaftClusterWithGrpcb561eb18/s1/0d456c30-a13a-4fbd-b706-2cf1a2762f1f/tmp/snapshot-2e231d84-796b-4a54-88ce-6336807e833e
2023-11-07 01:40:04,035 [grpc-default-executor-2] TRACE util.FileUtils (LogUtils.java:supplyAndLog(69)) - Successfully supplied FileChannel.open /home/runner/work/ratis/ratis/ratis-test/target/test/data/1674ca6a/MiniRaftClusterWithGrpcb561eb18/s1/0d456c30-a13a-4fbd-b706-2cf1a2762f1f/tmp/snapshot-2e231d84-796b-4a54-88ce-6336807e833e/snapshot.1_191.md5.tmp with options [CREATE, WRITE]: sun.nio.ch.FileChannelImpl@413b0536
2023-11-07 01:40:04,035 [grpc-default-executor-1] INFO  server.GrpcLogAppender (GrpcLogAppender.java:onNext(549)) - s0@group-2CF1A2762F1F->s1-InstallSnapshotResponseHandler: received a reply s0<-s1#0:OK-t1,SUCCESS,requestIndex=4
2023-11-07 01:40:04,036 [grpc-default-executor-1] INFO  server.GrpcLogAppender (GrpcLogAppender.java:onNext(563)) - s0@group-2CF1A2762F1F->s1-InstallSnapshotResponseHandler: Completed InstallSnapshot. Reply: serverReply {
  requestorId: "s0"
  replyId: "s1"
  raftGroupId {
    id: "\rEl0\241:O\275\267\006,\361\242v/\037"
  }
  success: true
}
term: 1
requestIndex: 4

2023-11-07 01:40:04,036 [grpc-default-executor-1] INFO  leader.FollowerInfo (FollowerInfoImpl.java:setAttemptedToInstallSnapshot(154)) - Follower s0@group-2CF1A2762F1F->s1 acknowledged installing snapshot
2023-11-07 01:40:04,036 [grpc-default-executor-1] INFO  server.GrpcLogAppender (GrpcLogAppender.java:onNext(549)) - s0@group-2CF1A2762F1F->s1-InstallSnapshotResponseHandler: received a reply s0<-s1#0:OK-t1,SUCCESS,requestIndex=5
2023-11-07 01:40:04,037 [grpc-default-executor-1] INFO  server.GrpcLogAppender (GrpcLogAppender.java:onNext(563)) - s0@group-2CF1A2762F1F->s1-InstallSnapshotResponseHandler: Completed InstallSnapshot. Reply: serverReply {
  requestorId: "s0"
  replyId: "s1"
  raftGroupId {
    id: "\rEl0\241:O\275\267\006,\361\242v/\037"
  }
  success: true
}
term: 1
requestIndex: 5

2023-11-07 01:40:04,037 [grpc-default-executor-1] INFO  leader.FollowerInfo (FollowerInfoImpl.java:setAttemptedToInstallSnapshot(154)) - Follower s0@group-2CF1A2762F1F->s1 acknowledged installing snapshot
2023-11-07 01:40:04,037 [grpc-default-executor-1] INFO  server.GrpcLogAppender (GrpcLogAppender.java:onNext(549)) - s0@group-2CF1A2762F1F->s1-InstallSnapshotResponseHandler: received a reply s0<-s1#0:OK-t1,SUCCESS,requestIndex=6
2023-11-07 01:40:04,037 [grpc-default-executor-1] INFO  server.GrpcLogAppender (GrpcLogAppender.java:onNext(563)) - s0@group-2CF1A2762F1F->s1-InstallSnapshotResponseHandler: Completed InstallSnapshot. Reply: serverReply {
  requestorId: "s0"
  replyId: "s1"
  raftGroupId {
    id: "\rEl0\241:O\275\267\006,\361\242v/\037"
  }
  success: true
}
term: 1
requestIndex: 6

2023-11-07 01:40:04,037 [grpc-default-executor-1] INFO  leader.FollowerInfo (FollowerInfoImpl.java:setAttemptedToInstallSnapshot(154)) - Follower s0@group-2CF1A2762F1F->s1 acknowledged installing snapshot
2023-11-07 01:40:04,037 [grpc-default-executor-1] INFO  server.GrpcLogAppender (GrpcLogAppender.java:onNext(549)) - s0@group-2CF1A2762F1F->s1-InstallSnapshotResponseHandler: received a reply s0<-s1#0:OK-t1,SUCCESS,requestIndex=7
2023-11-07 01:40:04,038 [grpc-default-executor-2] TRACE util.FileUtils (LogUtils.java:runAndLog(49)) - Successfully ran Atomic Files.move /home/runner/work/ratis/ratis/ratis-test/target/test/data/1674ca6a/MiniRaftClusterWithGrpcb561eb18/s1/0d456c30-a13a-4fbd-b706-2cf1a2762f1f/tmp/snapshot-2e231d84-796b-4a54-88ce-6336807e833e/snapshot.1_191.md5.tmp to /home/runner/work/ratis/ratis/ratis-test/target/test/data/1674ca6a/MiniRaftClusterWithGrpcb561eb18/s1/0d456c30-a13a-4fbd-b706-2cf1a2762f1f/tmp/snapshot-2e231d84-796b-4a54-88ce-6336807e833e/snapshot.1_191.md5 with options [REPLACE_EXISTING]
2023-11-07 01:40:04,038 [grpc-default-executor-2] INFO  storage.SnapshotManager (SnapshotManager.java:rename(168)) - Installed snapshot, renaming temporary dir /home/runner/work/ratis/ratis/ratis-test/target/test/data/1674ca6a/MiniRaftClusterWithGrpcb561eb18/s1/0d456c30-a13a-4fbd-b706-2cf1a2762f1f/tmp/snapshot-2e231d84-796b-4a54-88ce-6336807e833e to /home/runner/work/ratis/ratis/ratis-test/target/test/data/1674ca6a/MiniRaftClusterWithGrpcb561eb18/s1/0d456c30-a13a-4fbd-b706-2cf1a2762f1f/sm
2023-11-07 01:40:04,042 [grpc-default-executor-1] INFO  server.GrpcLogAppender (GrpcLogAppender.java:onNext(563)) - s0@group-2CF1A2762F1F->s1-InstallSnapshotResponseHandler: Completed InstallSnapshot. Reply: serverReply {
  requestorId: "s0"
  replyId: "s1"
  raftGroupId {
    id: "\rEl0\241:O\275\267\006,\361\242v/\037"
  }
  success: true
}
term: 1
requestIndex: 7

2023-11-07 01:40:04,045 [grpc-default-executor-1] INFO  leader.FollowerInfo (FollowerInfoImpl.java:setAttemptedToInstallSnapshot(154)) - Follower s0@group-2CF1A2762F1F->s1 acknowledged installing snapshot
2023-11-07 01:40:04,045 [grpc-default-executor-1] INFO  server.GrpcLogAppender (GrpcLogAppender.java:onNext(549)) - s0@group-2CF1A2762F1F->s1-InstallSnapshotResponseHandler: received a reply s0<-s1#0:OK-t1,SUCCESS,requestIndex=8
2023-11-07 01:40:04,047 [grpc-default-executor-1] INFO  server.GrpcLogAppender (GrpcLogAppender.java:onNext(563)) - s0@group-2CF1A2762F1F->s1-InstallSnapshotResponseHandler: Completed InstallSnapshot. Reply: serverReply {
  requestorId: "s0"
  replyId: "s1"
  raftGroupId {
    id: "\rEl0\241:O\275\267\006,\361\242v/\037"
  }
  success: true
}
term: 1
requestIndex: 8

2023-11-07 01:40:04,047 [grpc-default-executor-1] INFO  leader.FollowerInfo (FollowerInfoImpl.java:setAttemptedToInstallSnapshot(154)) - Follower s0@group-2CF1A2762F1F->s1 acknowledged installing snapshot
2023-11-07 01:40:04,047 [grpc-default-executor-1] INFO  server.GrpcLogAppender (GrpcLogAppender.java:onNext(549)) - s0@group-2CF1A2762F1F->s1-InstallSnapshotResponseHandler: received a reply s0<-s1#0:OK-t1,SUCCESS,requestIndex=9
2023-11-07 01:40:04,047 [grpc-default-executor-1] INFO  server.GrpcLogAppender (GrpcLogAppender.java:onNext(563)) - s0@group-2CF1A2762F1F->s1-InstallSnapshotResponseHandler: Completed InstallSnapshot. Reply: serverReply {
  requestorId: "s0"
  replyId: "s1"
  raftGroupId {
    id: "\rEl0\241:O\275\267\006,\361\242v/\037"
  }
  success: true
}
term: 1
requestIndex: 9

2023-11-07 01:40:04,047 [grpc-default-executor-1] INFO  leader.FollowerInfo (FollowerInfoImpl.java:setAttemptedToInstallSnapshot(154)) - Follower s0@group-2CF1A2762F1F->s1 acknowledged installing snapshot
2023-11-07 01:40:04,047 [grpc-default-executor-2] TRACE util.FileUtils (LogUtils.java:runAndLog(49)) - Successfully ran Atomic Files.move /home/runner/work/ratis/ratis/ratis-test/target/test/data/1674ca6a/MiniRaftClusterWithGrpcb561eb18/s1/0d456c30-a13a-4fbd-b706-2cf1a2762f1f/sm to /home/runner/work/ratis/ratis/ratis-test/target/test/data/1674ca6a/MiniRaftClusterWithGrpcb561eb18/s1/0d456c30-a13a-4fbd-b706-2cf1a2762f1f/sm.tmp20231107-014004_040
2023-11-07 01:40:04,048 [grpc-default-executor-2] TRACE util.FileUtils (LogUtils.java:runAndLog(49)) - Successfully ran Atomic Files.move /home/runner/work/ratis/ratis/ratis-test/target/test/data/1674ca6a/MiniRaftClusterWithGrpcb561eb18/s1/0d456c30-a13a-4fbd-b706-2cf1a2762f1f/tmp/snapshot-2e231d84-796b-4a54-88ce-6336807e833e to /home/runner/work/ratis/ratis/ratis-test/target/test/data/1674ca6a/MiniRaftClusterWithGrpcb561eb18/s1/0d456c30-a13a-4fbd-b706-2cf1a2762f1f/sm
2023-11-07 01:40:04,048 [grpc-default-executor-2] TRACE util.FileUtils (FileUtils.java:deleteFully(305)) - deleteFully /home/runner/work/ratis/ratis/ratis-test/target/test/data/1674ca6a/MiniRaftClusterWithGrpcb561eb18/s1/0d456c30-a13a-4fbd-b706-2cf1a2762f1f/sm.tmp20231107-014004_040
2023-11-07 01:40:04,049 [grpc-default-executor-2] TRACE util.FileUtils (LogUtils.java:runAndLog(49)) - Successfully ran Files.delete /home/runner/work/ratis/ratis/ratis-test/target/test/data/1674ca6a/MiniRaftClusterWithGrpcb561eb18/s1/0d456c30-a13a-4fbd-b706-2cf1a2762f1f/sm.tmp20231107-014004_040
2023-11-07 01:40:04,051 [s1@group-2CF1A2762F1F-StateMachineUpdater] INFO  impl.SimpleStateMachine4Testing (SimpleStateMachine4Testing.java:reinitialize(236)) - Reinitializing StateMachineWithMultiNestedSnapshotFile:s1:group-2CF1A2762F1F
2023-11-07 01:40:04,052 [s1@group-2CF1A2762F1F-StateMachineUpdater] TRACE util.FileUtils (LogUtils.java:supplyAndLog(69)) - Successfully supplied Files.newInputStream /home/runner/work/ratis/ratis/ratis-test/target/test/data/1674ca6a/MiniRaftClusterWithGrpcb561eb18/s1/0d456c30-a13a-4fbd-b706-2cf1a2762f1f/sm/snapshot.1_191.md5 with options []: sun.nio.ch.ChannelInputStream@10ad3053
2023-11-07 01:40:04,053 [s1@group-2CF1A2762F1F-StateMachineUpdater] INFO  impl.SimpleStateMachine4Testing (SimpleStateMachine4Testing.java:loadSnapshot(296)) - Loading snapshot SingleFileSnapshotInfo(t:1, i:191):[/home/runner/work/ratis/ratis/ratis-test/target/test/data/1674ca6a/MiniRaftClusterWithGrpcb561eb18/s1/0d456c30-a13a-4fbd-b706-2cf1a2762f1f/sm/snapshot.1_191]
2023-11-07 01:40:04,060 [s1@group-2CF1A2762F1F-StateMachineUpdater] INFO  impl.SimpleStateMachine4Testing (SimpleStateMachine4Testing.java:put(205)) - s1: put 1, m0 -> (t:1, i:1), STATEMACHINELOGENTRY, 1@client-829475F3BEB0
2023-11-07 01:40:04,060 [s1@group-2CF1A2762F1F-StateMachineUpdater] INFO  impl.SimpleStateMachine4Testing (SimpleStateMachine4Testing.java:put(205)) - s1: put 3, m1 -> (t:1, i:3), STATEMACHINELOGENTRY, 2@client-829475F3BEB0
2023-11-07 01:40:04,060 [s1@group-2CF1A2762F1F-StateMachineUpdater] INFO  impl.SimpleStateMachine4Testing (SimpleStateMachine4Testing.java:put(205)) - s1: put 5, m2 -> (t:1, i:5), STATEMACHINELOGENTRY, 3@client-829475F3BEB0
2023-11-07 01:40:04,060 [s1@group-2CF1A2762F1F-StateMachineUpdater] INFO  impl.SimpleStateMachine4Testing (SimpleStateMachine4Testing.java:put(205)) - s1: put 7, m3 -> (t:1, i:7), STATEMACHINELOGENTRY, 4@client-829475F3BEB0
2023-11-07 01:40:04,060 [s1@group-2CF1A2762F1F-StateMachineUpdater] INFO  impl.SimpleStateMachine4Testing (SimpleStateMachine4Testing.java:put(205)) - s1: put 9, m4 -> (t:1, i:9), STATEMACHINELOGENTRY, 5@client-829475F3BEB0
2023-11-07 01:40:04,061 [s1@group-2CF1A2762F1F-StateMachineUpdater] INFO  impl.SimpleStateMachine4Testing (SimpleStateMachine4Testing.java:put(205)) - s1: put 11, m5 -> (t:1, i:11), STATEMACHINELOGENTRY, 6@client-829475F3BEB0
2023-11-07 01:40:04,061 [s1@group-2CF1A2762F1F-StateMachineUpdater] INFO  impl.SimpleStateMachine4Testing (SimpleStateMachine4Testing.java:put(205)) - s1: put 13, m6 -> (t:1, i:13), STATEMACHINELOGENTRY, 7@client-829475F3BEB0
2023-11-07 01:40:04,061 [s1@group-2CF1A2762F1F-StateMachineUpdater] INFO  impl.SimpleStateMachine4Testing (SimpleStateMachine4Testing.java:put(205)) - s1: put 15, m7 -> (t:1, i:15), STATEMACHINELOGENTRY, 8@client-829475F3BEB0
2023-11-07 01:40:04,061 [s1@group-2CF1A2762F1F-StateMachineUpdater] INFO  impl.SimpleStateMachine4Testing (SimpleStateMachine4Testing.java:put(205)) - s1: put 17, m8 -> (t:1, i:17), STATEMACHINELOGENTRY, 9@client-829475F3BEB0
2023-11-07 01:40:04,061 [s1@group-2CF1A2762F1F-StateMachineUpdater] INFO  impl.SimpleStateMachine4Testing (SimpleStateMachine4Testing.java:put(205)) - s1: put 19, m9 -> (t:1, i:19), STATEMACHINELOGENTRY, 10@client-829475F3BEB0
2023-11-07 01:40:04,061 [s1@group-2CF1A2762F1F-StateMachineUpdater] INFO  impl.SimpleStateMachine4Testing (SimpleStateMachine4Testing.java:put(205)) - s1: put 21, m10 -> (t:1, i:21), STATEMACHINELOGENTRY, 11@client-829475F3BEB0
2023-11-07 01:40:04,061 [s1@group-2CF1A2762F1F-StateMachineUpdater] INFO  impl.SimpleStateMachine4Testing (SimpleStateMachine4Testing.java:put(205)) - s1: put 23, m11 -> (t:1, i:23), STATEMACHINELOGENTRY, 12@client-829475F3BEB0
2023-11-07 01:40:04,061 [s1@group-2CF1A2762F1F-StateMachineUpdater] INFO  impl.SimpleStateMachine4Testing (SimpleStateMachine4Testing.java:put(205)) - s1: put 25, m12 -> (t:1, i:25), STATEMACHINELOGENTRY, 13@client-829475F3BEB0
2023-11-07 01:40:04,062 [s1@group-2CF1A2762F1F-StateMachineUpdater] INFO  impl.SimpleStateMachine4Testing (SimpleStateMachine4Testing.java:put(205)) - s1: put 27, m13 -> (t:1, i:27), STATEMACHINELOGENTRY, 14@client-829475F3BEB0
2023-11-07 01:40:04,062 [s1@group-2CF1A2762F1F-StateMachineUpdater] INFO  impl.SimpleStateMachine4Testing (SimpleStateMachine4Testing.java:put(205)) - s1: put 29, m14 -> (t:1, i:29), STATEMACHINELOGENTRY, 15@client-829475F3BEB0
2023-11-07 01:40:04,062 [s1@group-2CF1A2762F1F-StateMachineUpdater] INFO  impl.SimpleStateMachine4Testing (SimpleStateMachine4Testing.java:put(205)) - s1: put 31, m15 -> (t:1, i:31), STATEMACHINELOGENTRY, 16@client-829475F3BEB0
2023-11-07 01:40:04,062 [s1@group-2CF1A2762F1F-StateMachineUpdater] INFO  impl.SimpleStateMachine4Testing (SimpleStateMachine4Testing.java:put(205)) - s1: put 33, m16 -> (t:1, i:33), STATEMACHINELOGENTRY, 17@client-829475F3BEB0
2023-11-07 01:40:04,062 [s1@group-2CF1A2762F1F-StateMachineUpdater] INFO  impl.SimpleStateMachine4Testing (SimpleStateMachine4Testing.java:put(205)) - s1: put 35, m17 -> (t:1, i:35), STATEMACHINELOGENTRY, 18@client-829475F3BEB0
2023-11-07 01:40:04,062 [s1@group-2CF1A2762F1F-StateMachineUpdater] INFO  impl.SimpleStateMachine4Testing (SimpleStateMachine4Testing.java:put(205)) - s1: put 37, m18 -> (t:1, i:37), STATEMACHINELOGENTRY, 19@client-829475F3BEB0
2023-11-07 01:40:04,062 [s1@group-2CF1A2762F1F-StateMachineUpdater] INFO  impl.SimpleStateMachine4Testing (SimpleStateMachine4Testing.java:put(205)) - s1: put 39, m19 -> (t:1, i:39), STATEMACHINELOGENTRY, 20@client-829475F3BEB0
2023-11-07 01:40:04,062 [s1@group-2CF1A2762F1F-StateMachineUpdater] INFO  impl.SimpleStateMachine4Testing (SimpleStateMachine4Testing.java:put(205)) - s1: put 41, m20 -> (t:1, i:41), STATEMACHINELOGENTRY, 21@client-829475F3BEB0
2023-11-07 01:40:04,063 [s1@group-2CF1A2762F1F-StateMachineUpdater] INFO  impl.SimpleStateMachine4Testing (SimpleStateMachine4Testing.java:put(205)) - s1: put 43, m21 -> (t:1, i:43), STATEMACHINELOGENTRY, 22@client-829475F3BEB0
2023-11-07 01:40:04,063 [s1@group-2CF1A2762F1F-StateMachineUpdater] INFO  impl.SimpleStateMachine4Testing (SimpleStateMachine4Testing.java:put(205)) - s1: put 45, m22 -> (t:1, i:45), STATEMACHINELOGENTRY, 23@client-829475F3BEB0
2023-11-07 01:40:04,063 [s1@group-2CF1A2762F1F-StateMachineUpdater] INFO  impl.SimpleStateMachine4Testing (SimpleStateMachine4Testing.java:put(205)) - s1: put 47, m23 -> (t:1, i:47), STATEMACHINELOGENTRY, 24@client-829475F3BEB0
2023-11-07 01:40:04,063 [s1@group-2CF1A2762F1F-StateMachineUpdater] INFO  impl.SimpleStateMachine4Testing (SimpleStateMachine4Testing.java:put(205)) - s1: put 49, m24 -> (t:1, i:49), STATEMACHINELOGENTRY, 25@client-829475F3BEB0
2023-11-07 01:40:04,063 [s1@group-2CF1A2762F1F-StateMachineUpdater] INFO  impl.SimpleStateMachine4Testing (SimpleStateMachine4Testing.java:put(205)) - s1: put 51, m25 -> (t:1, i:51), STATEMACHINELOGENTRY, 26@client-829475F3BEB0
2023-11-07 01:40:04,063 [s1@group-2CF1A2762F1F-StateMachineUpdater] INFO  impl.SimpleStateMachine4Testing (SimpleStateMachine4Testing.java:put(205)) - s1: put 53, m26 -> (t:1, i:53), STATEMACHINELOGENTRY, 27@client-829475F3BEB0
2023-11-07 01:40:04,063 [s1@group-2CF1A2762F1F-StateMachineUpdater] INFO  impl.SimpleStateMachine4Testing (SimpleStateMachine4Testing.java:put(205)) - s1: put 55, m27 -> (t:1, i:55), STATEMACHINELOGENTRY, 28@client-829475F3BEB0
2023-11-07 01:40:04,063 [s1@group-2CF1A2762F1F-StateMachineUpdater] INFO  impl.SimpleStateMachine4Testing (SimpleStateMachine4Testing.java:put(205)) - s1: put 57, m28 -> (t:1, i:57), STATEMACHINELOGENTRY, 29@client-829475F3BEB0
2023-11-07 01:40:04,064 [s1@group-2CF1A2762F1F-StateMachineUpdater] INFO  impl.SimpleStateMachine4Testing (SimpleStateMachine4Testing.java:put(205)) - s1: put 59, m29 -> (t:1, i:59), STATEMACHINELOGENTRY, 30@client-829475F3BEB0
2023-11-07 01:40:04,064 [s1@group-2CF1A2762F1F-StateMachineUpdater] INFO  impl.SimpleStateMachine4Testing (SimpleStateMachine4Testing.java:put(205)) - s1: put 61, m30 -> (t:1, i:61), STATEMACHINELOGENTRY, 31@client-829475F3BEB0
2023-11-07 01:40:04,064 [s1@group-2CF1A2762F1F-StateMachineUpdater] INFO  impl.SimpleStateMachine4Testing (SimpleStateMachine4Testing.java:put(205)) - s1: put 63, m31 -> (t:1, i:63), STATEMACHINELOGENTRY, 32@client-829475F3BEB0
2023-11-07 01:40:04,064 [s1@group-2CF1A2762F1F-StateMachineUpdater] INFO  impl.SimpleStateMachine4Testing (SimpleStateMachine4Testing.java:put(205)) - s1: put 65, m32 -> (t:1, i:65), STATEMACHINELOGENTRY, 33@client-829475F3BEB0
2023-11-07 01:40:04,064 [s1@group-2CF1A2762F1F-StateMachineUpdater] INFO  impl.SimpleStateMachine4Testing (SimpleStateMachine4Testing.java:put(205)) - s1: put 67, m33 -> (t:1, i:67), STATEMACHINELOGENTRY, 34@client-829475F3BEB0
2023-11-07 01:40:04,064 [s1@group-2CF1A2762F1F-StateMachineUpdater] INFO  impl.SimpleStateMachine4Testing (SimpleStateMachine4Testing.java:put(205)) - s1: put 69, m34 -> (t:1, i:69), STATEMACHINELOGENTRY, 35@client-829475F3BEB0
2023-11-07 01:40:04,064 [s1@group-2CF1A2762F1F-StateMachineUpdater] INFO  impl.SimpleStateMachine4Testing (SimpleStateMachine4Testing.java:put(205)) - s1: put 71, m35 -> (t:1, i:71), STATEMACHINELOGENTRY, 36@client-829475F3BEB0
2023-11-07 01:40:04,065 [s1@group-2CF1A2762F1F-StateMachineUpdater] INFO  impl.SimpleStateMachine4Testing (SimpleStateMachine4Testing.java:put(205)) - s1: put 73, m36 -> (t:1, i:73), STATEMACHINELOGENTRY, 37@client-829475F3BEB0
2023-11-07 01:40:04,065 [s1@group-2CF1A2762F1F-StateMachineUpdater] INFO  impl.SimpleStateMachine4Testing (SimpleStateMachine4Testing.java:put(205)) - s1: put 75, m37 -> (t:1, i:75), STATEMACHINELOGENTRY, 38@client-829475F3BEB0
2023-11-07 01:40:04,065 [s1@group-2CF1A2762F1F-StateMachineUpdater] INFO  impl.SimpleStateMachine4Testing (SimpleStateMachine4Testing.java:put(205)) - s1: put 77, m38 -> (t:1, i:77), STATEMACHINELOGENTRY, 39@client-829475F3BEB0
2023-11-07 01:40:04,065 [s1@group-2CF1A2762F1F-StateMachineUpdater] INFO  impl.SimpleStateMachine4Testing (SimpleStateMachine4Testing.java:put(205)) - s1: put 79, m39 -> (t:1, i:79), STATEMACHINELOGENTRY, 40@client-829475F3BEB0
2023-11-07 01:40:04,065 [s1@group-2CF1A2762F1F-StateMachineUpdater] INFO  impl.SimpleStateMachine4Testing (SimpleStateMachine4Testing.java:put(205)) - s1: put 81, m40 -> (t:1, i:81), STATEMACHINELOGENTRY, 41@client-829475F3BEB0
2023-11-07 01:40:04,065 [s1@group-2CF1A2762F1F-StateMachineUpdater] INFO  impl.SimpleStateMachine4Testing (SimpleStateMachine4Testing.java:put(205)) - s1: put 83, m41 -> (t:1, i:83), STATEMACHINELOGENTRY, 42@client-829475F3BEB0
2023-11-07 01:40:04,066 [s1@group-2CF1A2762F1F-StateMachineUpdater] INFO  impl.SimpleStateMachine4Testing (SimpleStateMachine4Testing.java:put(205)) - s1: put 85, m42 -> (t:1, i:85), STATEMACHINELOGENTRY, 43@client-829475F3BEB0
2023-11-07 01:40:04,066 [s1@group-2CF1A2762F1F-StateMachineUpdater] INFO  impl.SimpleStateMachine4Testing (SimpleStateMachine4Testing.java:put(205)) - s1: put 87, m43 -> (t:1, i:87), STATEMACHINELOGENTRY, 44@client-829475F3BEB0
2023-11-07 01:40:04,066 [s1@group-2CF1A2762F1F-StateMachineUpdater] INFO  impl.SimpleStateMachine4Testing (SimpleStateMachine4Testing.java:put(205)) - s1: put 89, m44 -> (t:1, i:89), STATEMACHINELOGENTRY, 45@client-829475F3BEB0
2023-11-07 01:40:04,066 [s1@group-2CF1A2762F1F-StateMachineUpdater] INFO  impl.SimpleStateMachine4Testing (SimpleStateMachine4Testing.java:put(205)) - s1: put 91, m45 -> (t:1, i:91), STATEMACHINELOGENTRY, 46@client-829475F3BEB0
2023-11-07 01:40:04,066 [s1@group-2CF1A2762F1F-StateMachineUpdater] INFO  impl.SimpleStateMachine4Testing (SimpleStateMachine4Testing.java:put(205)) - s1: put 93, m46 -> (t:1, i:93), STATEMACHINELOGENTRY, 47@client-829475F3BEB0
2023-11-07 01:40:04,066 [s1@group-2CF1A2762F1F-StateMachineUpdater] INFO  impl.SimpleStateMachine4Testing (SimpleStateMachine4Testing.java:put(205)) - s1: put 95, m47 -> (t:1, i:95), STATEMACHINELOGENTRY, 48@client-829475F3BEB0
2023-11-07 01:40:04,051 [grpc-default-executor-2] INFO  raftlog.RaftLog (RaftLogBase.java:lambda$new$0(54)) - s1@group-2CF1A2762F1F-SegmentedRaftLog: snapshotIndex: updateIncreasingly -1 -> 191
2023-11-07 01:40:04,068 [grpc-default-executor-2] INFO  segmented.SegmentedRaftLogWorker (SegmentedRaftLogWorker.java:lambda$new$0(135)) - s1@group-2CF1A2762F1F-SegmentedRaftLogWorker: flushIndex: setUnconditionally -1 -> 191
2023-11-07 01:40:04,068 [grpc-default-executor-2] INFO  segmented.SegmentedRaftLogWorker (SegmentedRaftLogWorker.java:lambda$new$0(135)) - s1@group-2CF1A2762F1F-SegmentedRaftLogWorker: safeCacheEvictIndex: setUnconditionally -1 -> 191
2023-11-07 01:40:04,069 [grpc-default-executor-2] INFO  impl.SnapshotInstallationHandler (SnapshotInstallationHandler.java:checkAndInstallSnapshot(194)) - s1@group-2CF1A2762F1F: successfully install the entire snapshot-191
2023-11-07 01:40:04,069 [grpc-default-executor-2] INFO  impl.SnapshotInstallationHandler (SnapshotInstallationHandler.java:installSnapshot(100)) - s1@group-2CF1A2762F1F: reply installSnapshot: s0<-s1#0:OK-t1,SUCCESS,requestIndex=10
2023-11-07 01:40:04,070 [grpc-default-executor-2] INFO  server.GrpcServerProtocolService (GrpcServerProtocolService.java:onCompleted(157)) - s1: Completed INSTALL_SNAPSHOT, lastRequest: s0->s1#0-t1,chunk:2e231d84-796b-4a54-88ce-6336807e833e,10
2023-11-07 01:40:04,070 [grpc-default-executor-1] INFO  server.GrpcLogAppender (GrpcLogAppender.java:onNext(549)) - s0@group-2CF1A2762F1F->s1-InstallSnapshotResponseHandler: received a reply s0<-s1#0:OK-t1,SUCCESS,requestIndex=10
2023-11-07 01:40:04,070 [grpc-default-executor-2] INFO  server.GrpcServerProtocolService (GrpcServerProtocolService.java:lambda$onCompleted$5(159)) - s1: Completed INSTALL_SNAPSHOT, lastReply: null
2023-11-07 01:40:04,070 [grpc-default-executor-1] INFO  server.GrpcLogAppender (GrpcLogAppender.java:onNext(563)) - s0@group-2CF1A2762F1F->s1-InstallSnapshotResponseHandler: Completed InstallSnapshot. Reply: serverReply {
  requestorId: "s0"
  replyId: "s1"
  raftGroupId {
    id: "\rEl0\241:O\275\267\006,\361\242v/\037"
  }
  success: true
}
term: 1
requestIndex: 10

2023-11-07 01:40:04,070 [grpc-default-executor-1] INFO  leader.FollowerInfo (FollowerInfoImpl.java:setAttemptedToInstallSnapshot(154)) - Follower s0@group-2CF1A2762F1F->s1 acknowledged installing snapshot
2023-11-07 01:40:04,071 [grpc-default-executor-1] INFO  server.GrpcLogAppender (GrpcLogAppender.java:onCompleted(629)) - s0@group-2CF1A2762F1F->s1-InstallSnapshotResponseHandler: follower responded installSnapshot COMPLETED
2023-11-07 01:40:04,072 [s0@group-2CF1A2762F1F->s1-GrpcLogAppender-LogAppenderDaemon] INFO  leader.FollowerInfo (FollowerInfoImpl.java:info(64)) - s0@group-2CF1A2762F1F->s1: snapshotIndex: setUnconditionally 0 -> 191
2023-11-07 01:40:04,072 [s0@group-2CF1A2762F1F->s1-GrpcLogAppender-LogAppenderDaemon] INFO  leader.FollowerInfo (FollowerInfoImpl.java:info(64)) - s0@group-2CF1A2762F1F->s1: matchIndex: setUnconditionally -1 -> 191
2023-11-07 01:40:04,072 [s0@group-2CF1A2762F1F->s1-GrpcLogAppender-LogAppenderDaemon] INFO  leader.FollowerInfo (FollowerInfoImpl.java:info(64)) - s0@group-2CF1A2762F1F->s1: nextIndex: setUnconditionally 0 -> 192
2023-11-07 01:40:04,072 [s0@group-2CF1A2762F1F->s1-GrpcLogAppender-LogAppenderDaemon] INFO  server.GrpcLogAppender (GrpcLogAppender.java:installSnapshot(685)) - s0@group-2CF1A2762F1F->s1-GrpcLogAppender: installed snapshot FileListSnapshotInfo(t:1, i:191):[/home/runner/work/ratis/ratis/ratis-test/target/test/data/1674ca6a/MiniRaftClusterWithGrpcb561eb18/s0/0d456c30-a13a-4fbd-b706-2cf1a2762f1f/sm/snapshot/1.bin, /home/runner/work/ratis/ratis/ratis-test/target/test/data/1674ca6a/MiniRaftClusterWithGrpcb561eb18/s0/0d456c30-a13a-4fbd-b706-2cf1a2762f1f/sm/snapshot/sub/2.bin, /home/runner/work/ratis/ratis/ratis-test/target/test/data/1674ca6a/MiniRaftClusterWithGrpcb561eb18/s0/0d456c30-a13a-4fbd-b706-2cf1a2762f1f/sm/snapshot.1_191] successfully
2023-11-07 01:40:04,074 [s1@group-2CF1A2762F1F-StateMachineUpdater] INFO  impl.SimpleStateMachine4Testing (SimpleStateMachine4Testing.java:put(205)) - s1: put 97, m48 -> (t:1, i:97), STATEMACHINELOGENTRY, 49@client-829475F3BEB0
2023-11-07 01:40:04,074 [s1@group-2CF1A2762F1F-StateMachineUpdater] INFO  impl.SimpleStateMachine4Testing (SimpleStateMachine4Testing.java:put(205)) - s1: put 99, m49 -> (t:1, i:99), STATEMACHINELOGENTRY, 50@client-829475F3BEB0
2023-11-07 01:40:04,075 [s1@group-2CF1A2762F1F-StateMachineUpdater] INFO  impl.SimpleStateMachine4Testing (SimpleStateMachine4Testing.java:put(205)) - s1: put 101, m50 -> (t:1, i:101), STATEMACHINELOGENTRY, 51@client-829475F3BEB0
2023-11-07 01:40:04,075 [s1@group-2CF1A2762F1F-StateMachineUpdater] INFO  impl.SimpleStateMachine4Testing (SimpleStateMachine4Testing.java:put(205)) - s1: put 103, m51 -> (t:1, i:103), STATEMACHINELOGENTRY, 52@client-829475F3BEB0
2023-11-07 01:40:04,075 [s1@group-2CF1A2762F1F-StateMachineUpdater] INFO  impl.SimpleStateMachine4Testing (SimpleStateMachine4Testing.java:put(205)) - s1: put 105, m52 -> (t:1, i:105), STATEMACHINELOGENTRY, 53@client-829475F3BEB0
2023-11-07 01:40:04,075 [s1@group-2CF1A2762F1F-StateMachineUpdater] INFO  impl.SimpleStateMachine4Testing (SimpleStateMachine4Testing.java:put(205)) - s1: put 107, m53 -> (t:1, i:107), STATEMACHINELOGENTRY, 54@client-829475F3BEB0
2023-11-07 01:40:04,075 [s1@group-2CF1A2762F1F-StateMachineUpdater] INFO  impl.SimpleStateMachine4Testing (SimpleStateMachine4Testing.java:put(205)) - s1: put 109, m54 -> (t:1, i:109), STATEMACHINELOGENTRY, 55@client-829475F3BEB0
2023-11-07 01:40:04,075 [s1@group-2CF1A2762F1F-StateMachineUpdater] INFO  impl.SimpleStateMachine4Testing (SimpleStateMachine4Testing.java:put(205)) - s1: put 111, m55 -> (t:1, i:111), STATEMACHINELOGENTRY, 56@client-829475F3BEB0
2023-11-07 01:40:04,075 [s1@group-2CF1A2762F1F-StateMachineUpdater] INFO  impl.SimpleStateMachine4Testing (SimpleStateMachine4Testing.java:put(205)) - s1: put 113, m56 -> (t:1, i:113), STATEMACHINELOGENTRY, 57@client-829475F3BEB0
2023-11-07 01:40:04,076 [s1@group-2CF1A2762F1F-StateMachineUpdater] INFO  impl.SimpleStateMachine4Testing (SimpleStateMachine4Testing.java:put(205)) - s1: put 115, m57 -> (t:1, i:115), STATEMACHINELOGENTRY, 58@client-829475F3BEB0
2023-11-07 01:40:04,076 [s1@group-2CF1A2762F1F-StateMachineUpdater] INFO  impl.SimpleStateMachine4Testing (SimpleStateMachine4Testing.java:put(205)) - s1: put 117, m58 -> (t:1, i:117), STATEMACHINELOGENTRY, 59@client-829475F3BEB0
2023-11-07 01:40:04,076 [s1@group-2CF1A2762F1F-StateMachineUpdater] INFO  impl.SimpleStateMachine4Testing (SimpleStateMachine4Testing.java:put(205)) - s1: put 119, m59 -> (t:1, i:119), STATEMACHINELOGENTRY, 60@client-829475F3BEB0
2023-11-07 01:40:04,076 [s1@group-2CF1A2762F1F-StateMachineUpdater] INFO  impl.SimpleStateMachine4Testing (SimpleStateMachine4Testing.java:put(205)) - s1: put 121, m60 -> (t:1, i:121), STATEMACHINELOGENTRY, 61@client-829475F3BEB0
2023-11-07 01:40:04,076 [s1@group-2CF1A2762F1F-StateMachineUpdater] INFO  impl.SimpleStateMachine4Testing (SimpleStateMachine4Testing.java:put(205)) - s1: put 123, m61 -> (t:1, i:123), STATEMACHINELOGENTRY, 62@client-829475F3BEB0
2023-11-07 01:40:04,076 [s1@group-2CF1A2762F1F-StateMachineUpdater] INFO  impl.SimpleStateMachine4Testing (SimpleStateMachine4Testing.java:put(205)) - s1: put 125, m62 -> (t:1, i:125), STATEMACHINELOGENTRY, 63@client-829475F3BEB0
2023-11-07 01:40:04,076 [s1@group-2CF1A2762F1F-StateMachineUpdater] INFO  impl.SimpleStateMachine4Testing (SimpleStateMachine4Testing.java:put(205)) - s1: put 127, m63 -> (t:1, i:127), STATEMACHINELOGENTRY, 64@client-829475F3BEB0
2023-11-07 01:40:04,076 [s1@group-2CF1A2762F1F-StateMachineUpdater] INFO  impl.SimpleStateMachine4Testing (SimpleStateMachine4Testing.java:put(205)) - s1: put 129, m64 -> (t:1, i:129), STATEMACHINELOGENTRY, 65@client-829475F3BEB0
2023-11-07 01:40:04,077 [s1@group-2CF1A2762F1F-StateMachineUpdater] INFO  impl.SimpleStateMachine4Testing (SimpleStateMachine4Testing.java:put(205)) - s1: put 131, m65 -> (t:1, i:131), STATEMACHINELOGENTRY, 66@client-829475F3BEB0
2023-11-07 01:40:04,077 [s1@group-2CF1A2762F1F-StateMachineUpdater] INFO  impl.SimpleStateMachine4Testing (SimpleStateMachine4Testing.java:put(205)) - s1: put 133, m66 -> (t:1, i:133), STATEMACHINELOGENTRY, 67@client-829475F3BEB0
2023-11-07 01:40:04,077 [s1@group-2CF1A2762F1F-StateMachineUpdater] INFO  impl.SimpleStateMachine4Testing (SimpleStateMachine4Testing.java:put(205)) - s1: put 135, m67 -> (t:1, i:135), STATEMACHINELOGENTRY, 68@client-829475F3BEB0
2023-11-07 01:40:04,077 [s1@group-2CF1A2762F1F-StateMachineUpdater] INFO  impl.SimpleStateMachine4Testing (SimpleStateMachine4Testing.java:put(205)) - s1: put 137, m68 -> (t:1, i:137), STATEMACHINELOGENTRY, 69@client-829475F3BEB0
2023-11-07 01:40:04,077 [s1@group-2CF1A2762F1F-StateMachineUpdater] INFO  impl.SimpleStateMachine4Testing (SimpleStateMachine4Testing.java:put(205)) - s1: put 139, m69 -> (t:1, i:139), STATEMACHINELOGENTRY, 70@client-829475F3BEB0
2023-11-07 01:40:04,077 [s1@group-2CF1A2762F1F-StateMachineUpdater] INFO  impl.SimpleStateMachine4Testing (SimpleStateMachine4Testing.java:put(205)) - s1: put 141, m70 -> (t:1, i:141), STATEMACHINELOGENTRY, 71@client-829475F3BEB0
2023-11-07 01:40:04,077 [s1@group-2CF1A2762F1F-StateMachineUpdater] INFO  impl.SimpleStateMachine4Testing (SimpleStateMachine4Testing.java:put(205)) - s1: put 143, m71 -> (t:1, i:143), STATEMACHINELOGENTRY, 72@client-829475F3BEB0
2023-11-07 01:40:04,081 [s1@group-2CF1A2762F1F-StateMachineUpdater] INFO  impl.SimpleStateMachine4Testing (SimpleStateMachine4Testing.java:put(205)) - s1: put 145, m72 -> (t:1, i:145), STATEMACHINELOGENTRY, 73@client-829475F3BEB0
2023-11-07 01:40:04,081 [s1@group-2CF1A2762F1F-StateMachineUpdater] INFO  impl.SimpleStateMachine4Testing (SimpleStateMachine4Testing.java:put(205)) - s1: put 147, m73 -> (t:1, i:147), STATEMACHINELOGENTRY, 74@client-829475F3BEB0
2023-11-07 01:40:04,081 [s1@group-2CF1A2762F1F-StateMachineUpdater] INFO  impl.SimpleStateMachine4Testing (SimpleStateMachine4Testing.java:put(205)) - s1: put 149, m74 -> (t:1, i:149), STATEMACHINELOGENTRY, 75@client-829475F3BEB0
2023-11-07 01:40:04,082 [s1@group-2CF1A2762F1F-StateMachineUpdater] INFO  impl.SimpleStateMachine4Testing (SimpleStateMachine4Testing.java:put(205)) - s1: put 151, m75 -> (t:1, i:151), STATEMACHINELOGENTRY, 76@client-829475F3BEB0
2023-11-07 01:40:04,082 [s1@group-2CF1A2762F1F-StateMachineUpdater] INFO  impl.SimpleStateMachine4Testing (SimpleStateMachine4Testing.java:put(205)) - s1: put 153, m76 -> (t:1, i:153), STATEMACHINELOGENTRY, 77@client-829475F3BEB0
2023-11-07 01:40:04,082 [s1@group-2CF1A2762F1F-StateMachineUpdater] INFO  impl.SimpleStateMachine4Testing (SimpleStateMachine4Testing.java:put(205)) - s1: put 155, m77 -> (t:1, i:155), STATEMACHINELOGENTRY, 78@client-829475F3BEB0
2023-11-07 01:40:04,082 [s1@group-2CF1A2762F1F-StateMachineUpdater] INFO  impl.SimpleStateMachine4Testing (SimpleStateMachine4Testing.java:put(205)) - s1: put 157, m78 -> (t:1, i:157), STATEMACHINELOGENTRY, 79@client-829475F3BEB0
2023-11-07 01:40:04,082 [s1@group-2CF1A2762F1F-StateMachineUpdater] INFO  impl.SimpleStateMachine4Testing (SimpleStateMachine4Testing.java:put(205)) - s1: put 159, m79 -> (t:1, i:159), STATEMACHINELOGENTRY, 80@client-829475F3BEB0
2023-11-07 01:40:04,082 [s1@group-2CF1A2762F1F-StateMachineUpdater] INFO  impl.SimpleStateMachine4Testing (SimpleStateMachine4Testing.java:put(205)) - s1: put 161, m80 -> (t:1, i:161), STATEMACHINELOGENTRY, 81@client-829475F3BEB0
2023-11-07 01:40:04,084 [s1-server-thread1] INFO  impl.RoleInfo (RoleInfo.java:updateAndGet(139)) - s1: start s1@group-2CF1A2762F1F-FollowerState
2023-11-07 01:40:04,088 [s1@group-2CF1A2762F1F-StateMachineUpdater] INFO  impl.SimpleStateMachine4Testing (SimpleStateMachine4Testing.java:put(205)) - s1: put 163, m81 -> (t:1, i:163), STATEMACHINELOGENTRY, 82@client-829475F3BEB0
2023-11-07 01:40:04,093 [s1@group-2CF1A2762F1F-StateMachineUpdater] INFO  impl.SimpleStateMachine4Testing (SimpleStateMachine4Testing.java:put(205)) - s1: put 165, m82 -> (t:1, i:165), STATEMACHINELOGENTRY, 83@client-829475F3BEB0
2023-11-07 01:40:04,100 [s1-server-thread2] INFO  segmented.SegmentedRaftLogWorker (SegmentedRaftLogWorker.java:startLogSegment(428)) - s1@group-2CF1A2762F1F-SegmentedRaftLogWorker: Starting segment from index:192
2023-11-07 01:40:04,102 [s1@group-2CF1A2762F1F-StateMachineUpdater] INFO  impl.SimpleStateMachine4Testing (SimpleStateMachine4Testing.java:put(205)) - s1: put 167, m83 -> (t:1, i:167), STATEMACHINELOGENTRY, 84@client-829475F3BEB0
2023-11-07 01:40:04,103 [s1@group-2CF1A2762F1F-StateMachineUpdater] INFO  impl.SimpleStateMachine4Testing (SimpleStateMachine4Testing.java:put(205)) - s1: put 169, m84 -> (t:1, i:169), STATEMACHINELOGENTRY, 85@client-829475F3BEB0
2023-11-07 01:40:04,103 [s1@group-2CF1A2762F1F-StateMachineUpdater] INFO  impl.SimpleStateMachine4Testing (SimpleStateMachine4Testing.java:put(205)) - s1: put 171, m85 -> (t:1, i:171), STATEMACHINELOGENTRY, 86@client-829475F3BEB0
2023-11-07 01:40:04,103 [s1@group-2CF1A2762F1F-StateMachineUpdater] INFO  impl.SimpleStateMachine4Testing (SimpleStateMachine4Testing.java:put(205)) - s1: put 173, m86 -> (t:1, i:173), STATEMACHINELOGENTRY, 87@client-829475F3BEB0
2023-11-07 01:40:04,103 [s1@group-2CF1A2762F1F-StateMachineUpdater] INFO  impl.SimpleStateMachine4Testing (SimpleStateMachine4Testing.java:put(205)) - s1: put 175, m87 -> (t:1, i:175), STATEMACHINELOGENTRY, 88@client-829475F3BEB0
2023-11-07 01:40:04,103 [s1@group-2CF1A2762F1F-StateMachineUpdater] INFO  impl.SimpleStateMachine4Testing (SimpleStateMachine4Testing.java:put(205)) - s1: put 177, m88 -> (t:1, i:177), STATEMACHINELOGENTRY, 89@client-829475F3BEB0
2023-11-07 01:40:04,103 [s1@group-2CF1A2762F1F-StateMachineUpdater] INFO  impl.SimpleStateMachine4Testing (SimpleStateMachine4Testing.java:put(205)) - s1: put 179, m89 -> (t:1, i:179), STATEMACHINELOGENTRY, 90@client-829475F3BEB0
2023-11-07 01:40:04,104 [s1@group-2CF1A2762F1F-StateMachineUpdater] INFO  impl.SimpleStateMachine4Testing (SimpleStateMachine4Testing.java:put(205)) - s1: put 181, m90 -> (t:1, i:181), STATEMACHINELOGENTRY, 91@client-829475F3BEB0
2023-11-07 01:40:04,104 [s1@group-2CF1A2762F1F-StateMachineUpdater] INFO  impl.SimpleStateMachine4Testing (SimpleStateMachine4Testing.java:put(205)) - s1: put 183, m91 -> (t:1, i:183), STATEMACHINELOGENTRY, 92@client-829475F3BEB0
2023-11-07 01:40:04,104 [s1@group-2CF1A2762F1F-StateMachineUpdater] INFO  impl.SimpleStateMachine4Testing (SimpleStateMachine4Testing.java:put(205)) - s1: put 185, m92 -> (t:1, i:185), STATEMACHINELOGENTRY, 93@client-829475F3BEB0
2023-11-07 01:40:04,104 [s1@group-2CF1A2762F1F-StateMachineUpdater] INFO  impl.SimpleStateMachine4Testing (SimpleStateMachine4Testing.java:put(205)) - s1: put 187, m93 -> (t:1, i:187), STATEMACHINELOGENTRY, 94@client-829475F3BEB0
2023-11-07 01:40:04,104 [s1@group-2CF1A2762F1F-StateMachineUpdater] INFO  impl.SimpleStateMachine4Testing (SimpleStateMachine4Testing.java:put(205)) - s1: put 189, m94 -> (t:1, i:189), STATEMACHINELOGENTRY, 95@client-829475F3BEB0
2023-11-07 01:40:04,104 [s1@group-2CF1A2762F1F-StateMachineUpdater] INFO  impl.SimpleStateMachine4Testing (SimpleStateMachine4Testing.java:put(205)) - s1: put 191, m95 -> (t:1, i:191), STATEMACHINELOGENTRY, 96@client-829475F3BEB0
2023-11-07 01:40:04,112 [s1@group-2CF1A2762F1F-SegmentedRaftLogWorker] INFO  segmented.SegmentedRaftLogWorker (SegmentedRaftLogWorker.java:execute(632)) - s1@group-2CF1A2762F1F-SegmentedRaftLogWorker: created new log segment /home/runner/work/ratis/ratis/ratis-test/target/test/data/1674ca6a/MiniRaftClusterWithGrpcb561eb18/s1/0d456c30-a13a-4fbd-b706-2cf1a2762f1f/current/log_inprogress_192
2023-11-07 01:40:04,116 [s1@group-2CF1A2762F1F-StateMachineUpdater] INFO  impl.StateMachineUpdater (StateMachineUpdater.java:lambda$new$0(98)) - s1@group-2CF1A2762F1F-StateMachineUpdater: snapshotIndex: setUnconditionally -1 -> 191
2023-11-07 01:40:04,121 [s0@group-2CF1A2762F1F-LeaderStateImpl] INFO  server.RaftServer$Division (ServerState.java:setRaftConf(382)) - s0@group-2CF1A2762F1F: set configuration 255: peers:[s0|localhost:39621, s1|0.0.0.0:33345]|listeners:[], old=peers:[s0|localhost:39621]|listeners:[]
2023-11-07 01:40:04,124 [s1-server-thread1] INFO  server.RaftServer$Division (ServerState.java:setRaftConf(382)) - s1@group-2CF1A2762F1F: set configuration 255: peers:[s0|localhost:39621, s1|0.0.0.0:33345]|listeners:[], old=peers:[s0|localhost:39621]|listeners:[]
2023-11-07 01:40:04,125 [s1@group-2CF1A2762F1F-StateMachineUpdater] INFO  impl.StateMachineUpdater (StateMachineUpdater.java:lambda$new$0(98)) - s1@group-2CF1A2762F1F-StateMachineUpdater: appliedIndex: setUnconditionally -1 -> 191
2023-11-07 01:40:04,125 [s1@group-2CF1A2762F1F-StateMachineUpdater] INFO  impl.SimpleStateMachine4Testing (SimpleStateMachine4Testing.java:applyTransaction(248)) - applyTransaction for log index 193
2023-11-07 01:40:04,125 [s1@group-2CF1A2762F1F-StateMachineUpdater] INFO  impl.SimpleStateMachine4Testing (SimpleStateMachine4Testing.java:put(205)) - s1: put 193, m96 -> (t:1, i:193), STATEMACHINELOGENTRY, 97@client-829475F3BEB0
2023-11-07 01:40:04,127 [s1@group-2CF1A2762F1F-StateMachineUpdater] INFO  impl.SimpleStateMachine4Testing (SimpleStateMachine4Testing.java:applyTransaction(248)) - applyTransaction for log index 195
2023-11-07 01:40:04,127 [s1@group-2CF1A2762F1F-StateMachineUpdater] INFO  impl.SimpleStateMachine4Testing (SimpleStateMachine4Testing.java:put(205)) - s1: put 195, m97 -> (t:1, i:195), STATEMACHINELOGENTRY, 98@client-829475F3BEB0
2023-11-07 01:40:04,127 [s1@group-2CF1A2762F1F-StateMachineUpdater] INFO  impl.SimpleStateMachine4Testing (SimpleStateMachine4Testing.java:applyTransaction(248)) - applyTransaction for log index 197
2023-11-07 01:40:04,128 [s1@group-2CF1A2762F1F-StateMachineUpdater] INFO  impl.SimpleStateMachine4Testing (SimpleStateMachine4Testing.java:put(205)) - s1: put 197, m98 -> (t:1, i:197), STATEMACHINELOGENTRY, 99@client-829475F3BEB0
2023-11-07 01:40:04,128 [s1@group-2CF1A2762F1F-StateMachineUpdater] INFO  impl.SimpleStateMachine4Testing (SimpleStateMachine4Testing.java:applyTransaction(248)) - applyTransaction for log index 199
2023-11-07 01:40:04,128 [s1@group-2CF1A2762F1F-StateMachineUpdater] INFO  impl.SimpleStateMachine4Testing (SimpleStateMachine4Testing.java:put(205)) - s1: put 199, m99 -> (t:1, i:199), STATEMACHINELOGENTRY, 100@client-829475F3BEB0
2023-11-07 01:40:04,128 [s1@group-2CF1A2762F1F-StateMachineUpdater] INFO  impl.SimpleStateMachine4Testing (SimpleStateMachine4Testing.java:applyTransaction(248)) - applyTransaction for log index 201
2023-11-07 01:40:04,128 [s1@group-2CF1A2762F1F-StateMachineUpdater] INFO  impl.SimpleStateMachine4Testing (SimpleStateMachine4Testing.java:put(205)) - s1: put 201, m100 -> (t:1, i:201), STATEMACHINELOGENTRY, 101@client-829475F3BEB0
2023-11-07 01:40:04,129 [s1@group-2CF1A2762F1F-StateMachineUpdater] INFO  impl.SimpleStateMachine4Testing (SimpleStateMachine4Testing.java:applyTransaction(248)) - applyTransaction for log index 203
2023-11-07 01:40:04,129 [s1@group-2CF1A2762F1F-StateMachineUpdater] INFO  impl.SimpleStateMachine4Testing (SimpleStateMachine4Testing.java:put(205)) - s1: put 203, m101 -> (t:1, i:203), STATEMACHINELOGENTRY, 102@client-829475F3BEB0
2023-11-07 01:40:04,129 [s1@group-2CF1A2762F1F-StateMachineUpdater] INFO  impl.SimpleStateMachine4Testing (SimpleStateMachine4Testing.java:applyTransaction(248)) - applyTransaction for log index 205
2023-11-07 01:40:04,130 [s1@group-2CF1A2762F1F-StateMachineUpdater] INFO  impl.SimpleStateMachine4Testing (SimpleStateMachine4Testing.java:put(205)) - s1: put 205, m102 -> (t:1, i:205), STATEMACHINELOGENTRY, 103@client-829475F3BEB0
2023-11-07 01:40:04,131 [s0@group-2CF1A2762F1F-LeaderStateImpl] INFO  server.RaftServer$Division (ServerState.java:setRaftConf(382)) - s0@group-2CF1A2762F1F: set configuration 257: peers:[s0|localhost:39621, s1|0.0.0.0:33345]|listeners:[], old=null
2023-11-07 01:40:04,140 [s1@group-2CF1A2762F1F-StateMachineUpdater] INFO  impl.SimpleStateMachine4Testing (SimpleStateMachine4Testing.java:applyTransaction(248)) - applyTransaction for log index 207
2023-11-07 01:40:04,141 [s1@group-2CF1A2762F1F-StateMachineUpdater] INFO  impl.SimpleStateMachine4Testing (SimpleStateMachine4Testing.java:put(205)) - s1: put 207, m103 -> (t:1, i:207), STATEMACHINELOGENTRY, 104@client-829475F3BEB0
2023-11-07 01:40:04,141 [s1@group-2CF1A2762F1F-StateMachineUpdater] INFO  impl.SimpleStateMachine4Testing (SimpleStateMachine4Testing.java:applyTransaction(248)) - applyTransaction for log index 209
2023-11-07 01:40:04,141 [s1@group-2CF1A2762F1F-StateMachineUpdater] INFO  impl.SimpleStateMachine4Testing (SimpleStateMachine4Testing.java:put(205)) - s1: put 209, m104 -> (t:1, i:209), STATEMACHINELOGENTRY, 105@client-829475F3BEB0
2023-11-07 01:40:04,141 [s1@group-2CF1A2762F1F-StateMachineUpdater] INFO  impl.SimpleStateMachine4Testing (SimpleStateMachine4Testing.java:applyTransaction(248)) - applyTransaction for log index 211
2023-11-07 01:40:04,142 [s1@group-2CF1A2762F1F-StateMachineUpdater] INFO  impl.SimpleStateMachine4Testing (SimpleStateMachine4Testing.java:put(205)) - s1: put 211, m105 -> (t:1, i:211), STATEMACHINELOGENTRY, 106@client-829475F3BEB0
2023-11-07 01:40:04,142 [s1@group-2CF1A2762F1F-StateMachineUpdater] INFO  impl.SimpleStateMachine4Testing (SimpleStateMachine4Testing.java:applyTransaction(248)) - applyTransaction for log index 213
2023-11-07 01:40:04,142 [s1@group-2CF1A2762F1F-StateMachineUpdater] INFO  impl.SimpleStateMachine4Testing (SimpleStateMachine4Testing.java:put(205)) - s1: put 213, m106 -> (t:1, i:213), STATEMACHINELOGENTRY, 107@client-829475F3BEB0
2023-11-07 01:40:04,142 [s1@group-2CF1A2762F1F-StateMachineUpdater] INFO  impl.SimpleStateMachine4Testing (SimpleStateMachine4Testing.java:applyTransaction(248)) - applyTransaction for log index 215
2023-11-07 01:40:04,142 [s1@group-2CF1A2762F1F-StateMachineUpdater] INFO  impl.SimpleStateMachine4Testing (SimpleStateMachine4Testing.java:put(205)) - s1: put 215, m107 -> (t:1, i:215), STATEMACHINELOGENTRY, 108@client-829475F3BEB0
2023-11-07 01:40:04,143 [s1@group-2CF1A2762F1F-StateMachineUpdater] INFO  impl.SimpleStateMachine4Testing (SimpleStateMachine4Testing.java:applyTransaction(248)) - applyTransaction for log index 217
2023-11-07 01:40:04,143 [s1@group-2CF1A2762F1F-StateMachineUpdater] INFO  impl.SimpleStateMachine4Testing (SimpleStateMachine4Testing.java:put(205)) - s1: put 217, m108 -> (t:1, i:217), STATEMACHINELOGENTRY, 109@client-829475F3BEB0
2023-11-07 01:40:04,143 [s1@group-2CF1A2762F1F-StateMachineUpdater] INFO  impl.SimpleStateMachine4Testing (SimpleStateMachine4Testing.java:applyTransaction(248)) - applyTransaction for log index 219
2023-11-07 01:40:04,143 [s1@group-2CF1A2762F1F-StateMachineUpdater] INFO  impl.SimpleStateMachine4Testing (SimpleStateMachine4Testing.java:put(205)) - s1: put 219, m109 -> (t:1, i:219), STATEMACHINELOGENTRY, 110@client-829475F3BEB0
2023-11-07 01:40:04,143 [s1@group-2CF1A2762F1F-StateMachineUpdater] INFO  impl.SimpleStateMachine4Testing (SimpleStateMachine4Testing.java:applyTransaction(248)) - applyTransaction for log index 221
2023-11-07 01:40:04,143 [s1@group-2CF1A2762F1F-StateMachineUpdater] INFO  impl.SimpleStateMachine4Testing (SimpleStateMachine4Testing.java:put(205)) - s1: put 221, m110 -> (t:1, i:221), STATEMACHINELOGENTRY, 111@client-829475F3BEB0
2023-11-07 01:40:04,144 [s1@group-2CF1A2762F1F-StateMachineUpdater] INFO  impl.SimpleStateMachine4Testing (SimpleStateMachine4Testing.java:applyTransaction(248)) - applyTransaction for log index 223
2023-11-07 01:40:04,144 [s1@group-2CF1A2762F1F-StateMachineUpdater] INFO  impl.SimpleStateMachine4Testing (SimpleStateMachine4Testing.java:put(205)) - s1: put 223, m111 -> (t:1, i:223), STATEMACHINELOGENTRY, 112@client-829475F3BEB0
2023-11-07 01:40:04,144 [s1@group-2CF1A2762F1F-StateMachineUpdater] INFO  impl.SimpleStateMachine4Testing (SimpleStateMachine4Testing.java:applyTransaction(248)) - applyTransaction for log index 225
2023-11-07 01:40:04,144 [s1@group-2CF1A2762F1F-StateMachineUpdater] INFO  impl.SimpleStateMachine4Testing (SimpleStateMachine4Testing.java:put(205)) - s1: put 225, m112 -> (t:1, i:225), STATEMACHINELOGENTRY, 113@client-829475F3BEB0
2023-11-07 01:40:04,144 [s1@group-2CF1A2762F1F-StateMachineUpdater] INFO  impl.SimpleStateMachine4Testing (SimpleStateMachine4Testing.java:applyTransaction(248)) - applyTransaction for log index 227
2023-11-07 01:40:04,144 [s1@group-2CF1A2762F1F-StateMachineUpdater] INFO  impl.SimpleStateMachine4Testing (SimpleStateMachine4Testing.java:put(205)) - s1: put 227, m113 -> (t:1, i:227), STATEMACHINELOGENTRY, 114@client-829475F3BEB0
2023-11-07 01:40:04,145 [s1@group-2CF1A2762F1F-StateMachineUpdater] INFO  impl.SimpleStateMachine4Testing (SimpleStateMachine4Testing.java:applyTransaction(248)) - applyTransaction for log index 229
2023-11-07 01:40:04,145 [s1@group-2CF1A2762F1F-StateMachineUpdater] INFO  impl.SimpleStateMachine4Testing (SimpleStateMachine4Testing.java:put(205)) - s1: put 229, m114 -> (t:1, i:229), STATEMACHINELOGENTRY, 115@client-829475F3BEB0
2023-11-07 01:40:04,145 [s1@group-2CF1A2762F1F-StateMachineUpdater] INFO  impl.SimpleStateMachine4Testing (SimpleStateMachine4Testing.java:applyTransaction(248)) - applyTransaction for log index 231
2023-11-07 01:40:04,145 [s1@group-2CF1A2762F1F-StateMachineUpdater] INFO  impl.SimpleStateMachine4Testing (SimpleStateMachine4Testing.java:put(205)) - s1: put 231, m115 -> (t:1, i:231), STATEMACHINELOGENTRY, 116@client-829475F3BEB0
2023-11-07 01:40:04,145 [s1@group-2CF1A2762F1F-StateMachineUpdater] INFO  impl.SimpleStateMachine4Testing (SimpleStateMachine4Testing.java:applyTransaction(248)) - applyTransaction for log index 233
2023-11-07 01:40:04,145 [s1@group-2CF1A2762F1F-StateMachineUpdater] INFO  impl.SimpleStateMachine4Testing (SimpleStateMachine4Testing.java:put(205)) - s1: put 233, m116 -> (t:1, i:233), STATEMACHINELOGENTRY, 117@client-829475F3BEB0
2023-11-07 01:40:04,146 [s1@group-2CF1A2762F1F-StateMachineUpdater] INFO  impl.SimpleStateMachine4Testing (SimpleStateMachine4Testing.java:applyTransaction(248)) - applyTransaction for log index 235
2023-11-07 01:40:04,146 [s1@group-2CF1A2762F1F-StateMachineUpdater] INFO  impl.SimpleStateMachine4Testing (SimpleStateMachine4Testing.java:put(205)) - s1: put 235, m117 -> (t:1, i:235), STATEMACHINELOGENTRY, 118@client-829475F3BEB0
2023-11-07 01:40:04,146 [s1@group-2CF1A2762F1F-StateMachineUpdater] INFO  impl.SimpleStateMachine4Testing (SimpleStateMachine4Testing.java:applyTransaction(248)) - applyTransaction for log index 237
2023-11-07 01:40:04,146 [s1@group-2CF1A2762F1F-StateMachineUpdater] INFO  impl.SimpleStateMachine4Testing (SimpleStateMachine4Testing.java:put(205)) - s1: put 237, m118 -> (t:1, i:237), STATEMACHINELOGENTRY, 119@client-829475F3BEB0
2023-11-07 01:40:04,147 [s1@group-2CF1A2762F1F-StateMachineUpdater] INFO  impl.SimpleStateMachine4Testing (SimpleStateMachine4Testing.java:applyTransaction(248)) - applyTransaction for log index 239
2023-11-07 01:40:04,141 [s1-server-thread2] INFO  server.RaftServer$Division (ServerState.java:setRaftConf(382)) - s1@group-2CF1A2762F1F: set configuration 257: peers:[s0|localhost:39621, s1|0.0.0.0:33345]|listeners:[], old=null
2023-11-07 01:40:04,153 [s0@group-2CF1A2762F1F-StateMachineUpdater] TRACE util.FileUtils (LogUtils.java:supplyAndLog(69)) - Successfully supplied FileChannel.open /home/runner/work/ratis/ratis/ratis-test/target/test/data/1674ca6a/MiniRaftClusterWithGrpcb561eb18/s0/0d456c30-a13a-4fbd-b706-2cf1a2762f1f/sm/snapshot.1_255 with options [READ]: sun.nio.ch.FileChannelImpl@16c745f6
2023-11-07 01:40:04,155 [s0@group-2CF1A2762F1F-StateMachineUpdater] TRACE util.FileUtils (LogUtils.java:supplyAndLog(69)) - Successfully supplied FileChannel.open /home/runner/work/ratis/ratis/ratis-test/target/test/data/1674ca6a/MiniRaftClusterWithGrpcb561eb18/s0/0d456c30-a13a-4fbd-b706-2cf1a2762f1f/sm/snapshot.1_255.md5.tmp with options [CREATE, WRITE]: sun.nio.ch.FileChannelImpl@78f26b74
2023-11-07 01:40:04,157 [s0@group-2CF1A2762F1F-StateMachineUpdater] TRACE util.FileUtils (LogUtils.java:runAndLog(49)) - Successfully ran Atomic Files.move /home/runner/work/ratis/ratis/ratis-test/target/test/data/1674ca6a/MiniRaftClusterWithGrpcb561eb18/s0/0d456c30-a13a-4fbd-b706-2cf1a2762f1f/sm/snapshot.1_255.md5.tmp to /home/runner/work/ratis/ratis/ratis-test/target/test/data/1674ca6a/MiniRaftClusterWithGrpcb561eb18/s0/0d456c30-a13a-4fbd-b706-2cf1a2762f1f/sm/snapshot.1_255.md5 with options [REPLACE_EXISTING]
2023-11-07 01:40:04,157 [s0@group-2CF1A2762F1F-StateMachineUpdater] INFO  impl.StateMachineUpdater (StateMachineUpdater.java:takeSnapshot(295)) - s0@group-2CF1A2762F1F-StateMachineUpdater: Took a snapshot at index 255
2023-11-07 01:40:04,157 [s0@group-2CF1A2762F1F-StateMachineUpdater] INFO  impl.StateMachineUpdater (StateMachineUpdater.java:lambda$new$0(98)) - s0@group-2CF1A2762F1F-StateMachineUpdater: snapshotIndex: updateIncreasingly 191 -> 255
2023-11-07 01:40:04,158 [s0@group-2CF1A2762F1F-StateMachineUpdater] INFO  raftlog.RaftLog (RaftLogBase.java:purge(330)) - s0@group-2CF1A2762F1F-SegmentedRaftLog: purge 255
2023-11-07 01:40:04,158 [s0@group-2CF1A2762F1F-StateMachineUpdater] INFO  raftlog.RaftLog (RaftLogBase.java:lambda$new$0(54)) - s0@group-2CF1A2762F1F-SegmentedRaftLog: snapshotIndex: updateIncreasingly 191 -> 255
2023-11-07 01:40:04,158 [s0@group-2CF1A2762F1F-StateMachineUpdater] INFO  raftlog.RaftLog (RaftLogBase.java:lambda$new$0(54)) - s0@group-2CF1A2762F1F-SegmentedRaftLog: purgeIndex: updateToMax old=191, new=255, updated? true
2023-11-07 01:40:04,160 [s1@group-2CF1A2762F1F-StateMachineUpdater] INFO  impl.SimpleStateMachine4Testing (SimpleStateMachine4Testing.java:put(205)) - s1: put 239, m119 -> (t:1, i:239), STATEMACHINELOGENTRY, 120@client-829475F3BEB0
2023-11-07 01:40:04,161 [s1@group-2CF1A2762F1F-StateMachineUpdater] INFO  impl.SimpleStateMachine4Testing (SimpleStateMachine4Testing.java:applyTransaction(248)) - applyTransaction for log index 241
2023-11-07 01:40:04,161 [s1@group-2CF1A2762F1F-StateMachineUpdater] INFO  impl.SimpleStateMachine4Testing (SimpleStateMachine4Testing.java:put(205)) - s1: put 241, m120 -> (t:1, i:241), STATEMACHINELOGENTRY, 121@client-829475F3BEB0
2023-11-07 01:40:04,161 [s1@group-2CF1A2762F1F-StateMachineUpdater] INFO  impl.SimpleStateMachine4Testing (SimpleStateMachine4Testing.java:applyTransaction(248)) - applyTransaction for log index 243
2023-11-07 01:40:04,161 [s1@group-2CF1A2762F1F-StateMachineUpdater] INFO  impl.SimpleStateMachine4Testing (SimpleStateMachine4Testing.java:put(205)) - s1: put 243, m121 -> (t:1, i:243), STATEMACHINELOGENTRY, 122@client-829475F3BEB0
2023-11-07 01:40:04,161 [s1@group-2CF1A2762F1F-StateMachineUpdater] INFO  impl.SimpleStateMachine4Testing (SimpleStateMachine4Testing.java:applyTransaction(248)) - applyTransaction for log index 245
2023-11-07 01:40:04,162 [s1@group-2CF1A2762F1F-StateMachineUpdater] INFO  impl.SimpleStateMachine4Testing (SimpleStateMachine4Testing.java:put(205)) - s1: put 245, m122 -> (t:1, i:245), STATEMACHINELOGENTRY, 123@client-829475F3BEB0
2023-11-07 01:40:04,162 [s1@group-2CF1A2762F1F-StateMachineUpdater] INFO  impl.SimpleStateMachine4Testing (SimpleStateMachine4Testing.java:applyTransaction(248)) - applyTransaction for log index 247
2023-11-07 01:40:04,162 [s1@group-2CF1A2762F1F-StateMachineUpdater] INFO  impl.SimpleStateMachine4Testing (SimpleStateMachine4Testing.java:put(205)) - s1: put 247, m123 -> (t:1, i:247), STATEMACHINELOGENTRY, 124@client-829475F3BEB0
2023-11-07 01:40:04,162 [s1@group-2CF1A2762F1F-StateMachineUpdater] INFO  impl.SimpleStateMachine4Testing (SimpleStateMachine4Testing.java:applyTransaction(248)) - applyTransaction for log index 249
2023-11-07 01:40:04,162 [s1@group-2CF1A2762F1F-StateMachineUpdater] INFO  impl.SimpleStateMachine4Testing (SimpleStateMachine4Testing.java:put(205)) - s1: put 249, m124 -> (t:1, i:249), STATEMACHINELOGENTRY, 125@client-829475F3BEB0
2023-11-07 01:40:04,162 [s1@group-2CF1A2762F1F-StateMachineUpdater] INFO  impl.SimpleStateMachine4Testing (SimpleStateMachine4Testing.java:applyTransaction(248)) - applyTransaction for log index 251
2023-11-07 01:40:04,163 [s1@group-2CF1A2762F1F-StateMachineUpdater] INFO  impl.SimpleStateMachine4Testing (SimpleStateMachine4Testing.java:put(205)) - s1: put 251, m125 -> (t:1, i:251), STATEMACHINELOGENTRY, 126@client-829475F3BEB0
2023-11-07 01:40:04,163 [s1@group-2CF1A2762F1F-StateMachineUpdater] INFO  impl.SimpleStateMachine4Testing (SimpleStateMachine4Testing.java:applyTransaction(248)) - applyTransaction for log index 253
2023-11-07 01:40:04,163 [s1@group-2CF1A2762F1F-StateMachineUpdater] INFO  impl.SimpleStateMachine4Testing (SimpleStateMachine4Testing.java:put(205)) - s1: put 253, m126 -> (t:1, i:253), STATEMACHINELOGENTRY, 127@client-829475F3BEB0
2023-11-07 01:40:04,170 [Time-limited test] INFO  impl.MiniRaftCluster (MiniRaftCluster.java:setConfiguration(819)) - Start changing the configuration: [s0|localhost:39621, s1|0.0.0.0:33345, s2|0.0.0.0:35933]
2023-11-07 01:40:04,176 [s0-server-thread1] INFO  server.RaftServer$Division (RaftServerImpl.java:setConfigurationAsync(1262)) - s0@group-2CF1A2762F1F: receive setConfiguration SetConfigurationRequest:client-BFA952556DA7->s0@group-2CF1A2762F1F, cid=130, seq=null, RW, null, SET_UNCONDITIONALLY, servers:[s0|localhost:39621, s1|0.0.0.0:33345, s2|0.0.0.0:35933], listeners:[]
2023-11-07 01:40:04,177 [s0-server-thread1] INFO  server.RaftServer$Division (LeaderStateImpl.java:startSetConfiguration(483)) - s0@group-2CF1A2762F1F-LeaderStateImpl: startSetConfiguration SetConfigurationRequest:client-BFA952556DA7->s0@group-2CF1A2762F1F, cid=130, seq=null, RW, null, SET_UNCONDITIONALLY, servers:[s0|localhost:39621, s1|0.0.0.0:33345, s2|0.0.0.0:35933], listeners:[]
2023-11-07 01:40:04,177 [s0-server-thread1] INFO  server.RaftServerConfigKeys (ConfUtils.java:logGet(46)) - raft.server.log.appender.snapshot.chunk.size.max = 1k (=1024) (custom)
2023-11-07 01:40:04,177 [s0-server-thread1] INFO  server.RaftServerConfigKeys (ConfUtils.java:logGet(46)) - raft.server.log.appender.buffer.byte-limit = 4MB (=4194304) (default)
2023-11-07 01:40:04,177 [s0-server-thread1] INFO  server.RaftServerConfigKeys (ConfUtils.java:logGet(46)) - raft.server.log.appender.buffer.element-limit = 0 (default)
2023-11-07 01:40:04,178 [s0-server-thread1] INFO  server.RaftServerConfigKeys (ConfUtils.java:logGet(46)) - raft.server.log.appender.wait-time.min = 1ms (default)
2023-11-07 01:40:04,178 [s0-server-thread1] INFO  grpc.GrpcConfigKeys (ConfUtils.java:logGet(46)) - raft.grpc.server.leader.outstanding.appends.max = 8 (default)
2023-11-07 01:40:04,178 [s0-server-thread1] INFO  server.RaftServerConfigKeys (ConfUtils.java:logGet(46)) - raft.server.rpc.request.timeout = 3000ms (default)
2023-11-07 01:40:04,178 [s0-server-thread1] INFO  grpc.GrpcConfigKeys (ConfUtils.java:logGet(46)) - raft.grpc.server.install_snapshot.request.element-limit = 8 (default)
2023-11-07 01:40:04,178 [s0-server-thread1] INFO  grpc.GrpcConfigKeys (ConfUtils.java:logGet(46)) - raft.grpc.server.install_snapshot.request.timeout = 3000ms (default)
2023-11-07 01:40:04,178 [s0-server-thread1] INFO  server.RaftServerConfigKeys (ConfUtils.java:logGet(46)) - raft.server.log.appender.install.snapshot.enabled = true (default)
2023-11-07 01:40:04,178 [s0-server-thread1] INFO  grpc.GrpcConfigKeys (ConfUtils.java:logGet(46)) - raft.grpc.server.heartbeat.channel = false (custom)
2023-11-07 01:40:04,180 [s0@group-2CF1A2762F1F->s2-GrpcLogAppender-LogAppenderDaemon] INFO  server.GrpcLogAppender (GrpcLogAppender.java:installSnapshot(646)) - s0@group-2CF1A2762F1F->s2-GrpcLogAppender: followerNextIndex = 0 but logStartIndex = 0, send snapshot FileListSnapshotInfo(t:1, i:255):[/home/runner/work/ratis/ratis/ratis-test/target/test/data/1674ca6a/MiniRaftClusterWithGrpcb561eb18/s0/0d456c30-a13a-4fbd-b706-2cf1a2762f1f/sm/snapshot/1.bin, /home/runner/work/ratis/ratis/ratis-test/target/test/data/1674ca6a/MiniRaftClusterWithGrpcb561eb18/s0/0d456c30-a13a-4fbd-b706-2cf1a2762f1f/sm/snapshot/sub/2.bin, /home/runner/work/ratis/ratis/ratis-test/target/test/data/1674ca6a/MiniRaftClusterWithGrpcb561eb18/s0/0d456c30-a13a-4fbd-b706-2cf1a2762f1f/sm/snapshot.1_255] to follower
2023-11-07 01:40:04,181 [s0@group-2CF1A2762F1F->s2-GrpcLogAppender-LogAppenderDaemon] INFO  server.GrpcServerProtocolClient (GrpcServerProtocolClient.java:<init>(65)) - Build channel for s2
2023-11-07 01:40:04,189 [s1@group-2CF1A2762F1F-StateMachineUpdater] TRACE util.FileUtils (LogUtils.java:supplyAndLog(69)) - Successfully supplied FileChannel.open /home/runner/work/ratis/ratis/ratis-test/target/test/data/1674ca6a/MiniRaftClusterWithGrpcb561eb18/s1/0d456c30-a13a-4fbd-b706-2cf1a2762f1f/sm/snapshot.1_257 with options [READ]: sun.nio.ch.FileChannelImpl@7000e730
2023-11-07 01:40:04,190 [s1@group-2CF1A2762F1F-StateMachineUpdater] TRACE util.FileUtils (LogUtils.java:supplyAndLog(69)) - Successfully supplied FileChannel.open /home/runner/work/ratis/ratis/ratis-test/target/test/data/1674ca6a/MiniRaftClusterWithGrpcb561eb18/s1/0d456c30-a13a-4fbd-b706-2cf1a2762f1f/sm/snapshot.1_257.md5.tmp with options [CREATE, WRITE]: sun.nio.ch.FileChannelImpl@47874b12
2023-11-07 01:40:04,191 [s1@group-2CF1A2762F1F-StateMachineUpdater] TRACE util.FileUtils (LogUtils.java:runAndLog(49)) - Successfully ran Atomic Files.move /home/runner/work/ratis/ratis/ratis-test/target/test/data/1674ca6a/MiniRaftClusterWithGrpcb561eb18/s1/0d456c30-a13a-4fbd-b706-2cf1a2762f1f/sm/snapshot.1_257.md5.tmp to /home/runner/work/ratis/ratis/ratis-test/target/test/data/1674ca6a/MiniRaftClusterWithGrpcb561eb18/s1/0d456c30-a13a-4fbd-b706-2cf1a2762f1f/sm/snapshot.1_257.md5 with options [REPLACE_EXISTING]
2023-11-07 01:40:04,191 [s1@group-2CF1A2762F1F-StateMachineUpdater] INFO  impl.StateMachineUpdater (StateMachineUpdater.java:takeSnapshot(295)) - s1@group-2CF1A2762F1F-StateMachineUpdater: Took a snapshot at index 257
2023-11-07 01:40:04,191 [s1@group-2CF1A2762F1F-StateMachineUpdater] INFO  impl.StateMachineUpdater (StateMachineUpdater.java:lambda$new$0(98)) - s1@group-2CF1A2762F1F-StateMachineUpdater: snapshotIndex: updateIncreasingly 191 -> 257
2023-11-07 01:40:04,191 [s1@group-2CF1A2762F1F-StateMachineUpdater] INFO  raftlog.RaftLog (RaftLogBase.java:purge(330)) - s1@group-2CF1A2762F1F-SegmentedRaftLog: purge 257
2023-11-07 01:40:04,191 [s1@group-2CF1A2762F1F-StateMachineUpdater] INFO  raftlog.RaftLog (RaftLogBase.java:lambda$new$0(54)) - s1@group-2CF1A2762F1F-SegmentedRaftLog: snapshotIndex: updateIncreasingly 191 -> 257
2023-11-07 01:40:04,191 [s1@group-2CF1A2762F1F-StateMachineUpdater] INFO  raftlog.RaftLog (RaftLogBase.java:lambda$new$0(54)) - s1@group-2CF1A2762F1F-SegmentedRaftLog: purgeIndex: updateToMax old=-1, new=257, updated? true
2023-11-07 01:40:04,196 [grpc-default-executor-2] INFO  impl.SnapshotInstallationHandler (SnapshotInstallationHandler.java:installSnapshot(89)) - s2@group-2CF1A2762F1F: receive installSnapshot: s0->s2#0-t1,chunk:f8bb6a65-7be2-4593-81e9-ae443156a36b,0
2023-11-07 01:40:04,196 [grpc-default-executor-2] TRACE util.FileUtils (LogUtils.java:supplyAndLog(69)) - Successfully supplied FileChannel.open /home/runner/work/ratis/ratis/ratis-test/target/test/data/1674ca6a/MiniRaftClusterWithGrpcb561eb18/s2/0d456c30-a13a-4fbd-b706-2cf1a2762f1f/current/raft-meta.tmp with options [CREATE, WRITE]: sun.nio.ch.FileChannelImpl@4b594738
2023-11-07 01:40:04,198 [grpc-default-executor-2] TRACE util.FileUtils (LogUtils.java:runAndLog(49)) - Successfully ran Atomic Files.move /home/runner/work/ratis/ratis/ratis-test/target/test/data/1674ca6a/MiniRaftClusterWithGrpcb561eb18/s2/0d456c30-a13a-4fbd-b706-2cf1a2762f1f/current/raft-meta.tmp to /home/runner/work/ratis/ratis/ratis-test/target/test/data/1674ca6a/MiniRaftClusterWithGrpcb561eb18/s2/0d456c30-a13a-4fbd-b706-2cf1a2762f1f/current/raft-meta with options [REPLACE_EXISTING]
2023-11-07 01:40:04,198 [grpc-default-executor-2] INFO  server.RaftServer$Division (RaftServerImpl.java:setFirstElection(562)) - s2@group-2CF1A2762F1F: set firstElectionSinceStartup to false for installSnapshot
2023-11-07 01:40:04,198 [grpc-default-executor-2] INFO  server.RaftServer$Division (ServerState.java:setLeader(265)) - s2@group-2CF1A2762F1F: change Leader from null to s0 at term 1 for installSnapshot, leader elected after 442ms
2023-11-07 01:40:04,198 [grpc-default-executor-2] TRACE util.FileUtils (LogUtils.java:runAndLog(49)) - Successfully ran Files.createDirectories /home/runner/work/ratis/ratis/ratis-test/target/test/data/1674ca6a/MiniRaftClusterWithGrpcb561eb18/s2/0d456c30-a13a-4fbd-b706-2cf1a2762f1f/tmp/snapshot-f8bb6a65-7be2-4593-81e9-ae443156a36b
2023-11-07 01:40:04,198 [grpc-default-executor-2] INFO  storage.SnapshotManager (SnapshotManager.java:installSnapshot(89)) - Installing snapshot:s0->s2#0-t1,chunk:f8bb6a65-7be2-4593-81e9-ae443156a36b,0, to tmp dir:/home/runner/work/ratis/ratis/ratis-test/target/test/data/1674ca6a/MiniRaftClusterWithGrpcb561eb18/s2/0d456c30-a13a-4fbd-b706-2cf1a2762f1f/tmp/snapshot-f8bb6a65-7be2-4593-81e9-ae443156a36b
2023-11-07 01:40:04,199 [grpc-default-executor-2] TRACE util.FileUtils (LogUtils.java:runAndLog(49)) - Successfully ran Files.createDirectories /home/runner/work/ratis/ratis/ratis-test/target/test/data/1674ca6a/MiniRaftClusterWithGrpcb561eb18/s2/0d456c30-a13a-4fbd-b706-2cf1a2762f1f/tmp/snapshot-f8bb6a65-7be2-4593-81e9-ae443156a36b/snapshot
2023-11-07 01:40:04,199 [grpc-default-executor-2] TRACE util.FileUtils (LogUtils.java:supplyAndLog(69)) - Successfully supplied FileChannel.open /home/runner/work/ratis/ratis/ratis-test/target/test/data/1674ca6a/MiniRaftClusterWithGrpcb561eb18/s2/0d456c30-a13a-4fbd-b706-2cf1a2762f1f/tmp/snapshot-f8bb6a65-7be2-4593-81e9-ae443156a36b/snapshot/1.bin.md5.tmp with options [CREATE, WRITE]: sun.nio.ch.FileChannelImpl@107577e0
2023-11-07 01:40:04,201 [grpc-default-executor-2] TRACE util.FileUtils (LogUtils.java:runAndLog(49)) - Successfully ran Atomic Files.move /home/runner/work/ratis/ratis/ratis-test/target/test/data/1674ca6a/MiniRaftClusterWithGrpcb561eb18/s2/0d456c30-a13a-4fbd-b706-2cf1a2762f1f/tmp/snapshot-f8bb6a65-7be2-4593-81e9-ae443156a36b/snapshot/1.bin.md5.tmp to /home/runner/work/ratis/ratis/ratis-test/target/test/data/1674ca6a/MiniRaftClusterWithGrpcb561eb18/s2/0d456c30-a13a-4fbd-b706-2cf1a2762f1f/tmp/snapshot-f8bb6a65-7be2-4593-81e9-ae443156a36b/snapshot/1.bin.md5 with options [REPLACE_EXISTING]
2023-11-07 01:40:04,201 [grpc-default-executor-2] INFO  impl.SnapshotInstallationHandler (SnapshotInstallationHandler.java:installSnapshotImpl(134)) - s2@group-2CF1A2762F1F: set new configuration index: 257
configurationEntry {
  peers {
    id: "s0"
    address: "localhost:39621"
    dataStreamAddress: "localhost:38295"
    clientAddress: "localhost:37599"
    adminAddress: "localhost:35073"
    startupRole: FOLLOWER
  }
  peers {
    id: "s1"
    address: "0.0.0.0:33345"
    clientAddress: "0.0.0.0:33345"
    adminAddress: "0.0.0.0:33345"
    startupRole: FOLLOWER
  }
}
 from snapshot
2023-11-07 01:40:04,201 [grpc-default-executor-2] INFO  server.RaftServer$Division (ServerState.java:setRaftConf(382)) - s2@group-2CF1A2762F1F: set configuration 257: peers:[s0|localhost:39621, s1|0.0.0.0:33345]|listeners:[], old=null
2023-11-07 01:40:04,202 [grpc-default-executor-2] INFO  impl.SnapshotInstallationHandler (SnapshotInstallationHandler.java:installSnapshot(100)) - s2@group-2CF1A2762F1F: reply installSnapshot: s0<-s2#0:OK-t0,SUCCESS,requestIndex=0
2023-11-07 01:40:04,202 [grpc-default-executor-1] INFO  server.GrpcLogAppender (GrpcLogAppender.java:onNext(549)) - s0@group-2CF1A2762F1F->s2-InstallSnapshotResponseHandler: received the first reply s0<-s2#0:OK-t0,SUCCESS,requestIndex=0
2023-11-07 01:40:04,203 [grpc-default-executor-1] INFO  server.GrpcLogAppender (GrpcLogAppender.java:onNext(563)) - s0@group-2CF1A2762F1F->s2-InstallSnapshotResponseHandler: Completed InstallSnapshot. Reply: serverReply {
  requestorId: "s0"
  replyId: "s2"
  raftGroupId {
    id: "\rEl0\241:O\275\267\006,\361\242v/\037"
  }
  success: true
}
requestIndex: 0

2023-11-07 01:40:04,203 [grpc-default-executor-1] INFO  leader.FollowerInfo (FollowerInfoImpl.java:setAttemptedToInstallSnapshot(154)) - Follower s0@group-2CF1A2762F1F->s2 acknowledged installing snapshot
2023-11-07 01:40:04,203 [grpc-default-executor-2] INFO  impl.SnapshotInstallationHandler (SnapshotInstallationHandler.java:installSnapshot(89)) - s2@group-2CF1A2762F1F: receive installSnapshot: s0->s2#0-t1,chunk:f8bb6a65-7be2-4593-81e9-ae443156a36b,1
2023-11-07 01:40:04,203 [grpc-default-executor-2] TRACE util.FileUtils (LogUtils.java:runAndLog(49)) - Successfully ran Files.createDirectories /home/runner/work/ratis/ratis/ratis-test/target/test/data/1674ca6a/MiniRaftClusterWithGrpcb561eb18/s2/0d456c30-a13a-4fbd-b706-2cf1a2762f1f/tmp/snapshot-f8bb6a65-7be2-4593-81e9-ae443156a36b
2023-11-07 01:40:04,203 [grpc-default-executor-2] INFO  storage.SnapshotManager (SnapshotManager.java:installSnapshot(89)) - Installing snapshot:s0->s2#0-t1,chunk:f8bb6a65-7be2-4593-81e9-ae443156a36b,1, to tmp dir:/home/runner/work/ratis/ratis/ratis-test/target/test/data/1674ca6a/MiniRaftClusterWithGrpcb561eb18/s2/0d456c30-a13a-4fbd-b706-2cf1a2762f1f/tmp/snapshot-f8bb6a65-7be2-4593-81e9-ae443156a36b
2023-11-07 01:40:04,204 [grpc-default-executor-2] TRACE util.FileUtils (LogUtils.java:runAndLog(49)) - Successfully ran Files.createDirectories /home/runner/work/ratis/ratis/ratis-test/target/test/data/1674ca6a/MiniRaftClusterWithGrpcb561eb18/s2/0d456c30-a13a-4fbd-b706-2cf1a2762f1f/tmp/snapshot-f8bb6a65-7be2-4593-81e9-ae443156a36b/snapshot/sub
2023-11-07 01:40:04,204 [grpc-default-executor-2] INFO  impl.SnapshotInstallationHandler (SnapshotInstallationHandler.java:installSnapshot(100)) - s2@group-2CF1A2762F1F: reply installSnapshot: s0<-s2#0:OK-t1,SUCCESS,requestIndex=1
2023-11-07 01:40:04,204 [grpc-default-executor-1] INFO  server.GrpcLogAppender (GrpcLogAppender.java:onNext(549)) - s0@group-2CF1A2762F1F->s2-InstallSnapshotResponseHandler: received a reply s0<-s2#0:OK-t1,SUCCESS,requestIndex=1
2023-11-07 01:40:04,205 [grpc-default-executor-1] INFO  server.GrpcLogAppender (GrpcLogAppender.java:onNext(563)) - s0@group-2CF1A2762F1F->s2-InstallSnapshotResponseHandler: Completed InstallSnapshot. Reply: serverReply {
  requestorId: "s0"
  replyId: "s2"
  raftGroupId {
    id: "\rEl0\241:O\275\267\006,\361\242v/\037"
  }
  success: true
}
term: 1
requestIndex: 1

2023-11-07 01:40:04,205 [grpc-default-executor-1] INFO  leader.FollowerInfo (FollowerInfoImpl.java:setAttemptedToInstallSnapshot(154)) - Follower s0@group-2CF1A2762F1F->s2 acknowledged installing snapshot
2023-11-07 01:40:04,205 [grpc-default-executor-2] INFO  impl.SnapshotInstallationHandler (SnapshotInstallationHandler.java:installSnapshot(89)) - s2@group-2CF1A2762F1F: receive installSnapshot: s0->s2#0-t1,chunk:f8bb6a65-7be2-4593-81e9-ae443156a36b,2
2023-11-07 01:40:04,205 [grpc-default-executor-2] TRACE util.FileUtils (LogUtils.java:runAndLog(49)) - Successfully ran Files.createDirectories /home/runner/work/ratis/ratis/ratis-test/target/test/data/1674ca6a/MiniRaftClusterWithGrpcb561eb18/s2/0d456c30-a13a-4fbd-b706-2cf1a2762f1f/tmp/snapshot-f8bb6a65-7be2-4593-81e9-ae443156a36b
2023-11-07 01:40:04,205 [grpc-default-executor-2] INFO  storage.SnapshotManager (SnapshotManager.java:installSnapshot(89)) - Installing snapshot:s0->s2#0-t1,chunk:f8bb6a65-7be2-4593-81e9-ae443156a36b,2, to tmp dir:/home/runner/work/ratis/ratis/ratis-test/target/test/data/1674ca6a/MiniRaftClusterWithGrpcb561eb18/s2/0d456c30-a13a-4fbd-b706-2cf1a2762f1f/tmp/snapshot-f8bb6a65-7be2-4593-81e9-ae443156a36b
2023-11-07 01:40:04,206 [grpc-default-executor-2] TRACE util.FileUtils (LogUtils.java:runAndLog(49)) - Successfully ran Files.createDirectories /home/runner/work/ratis/ratis/ratis-test/target/test/data/1674ca6a/MiniRaftClusterWithGrpcb561eb18/s2/0d456c30-a13a-4fbd-b706-2cf1a2762f1f/tmp/snapshot-f8bb6a65-7be2-4593-81e9-ae443156a36b/snapshot/sub
2023-11-07 01:40:04,206 [grpc-default-executor-2] INFO  impl.SnapshotInstallationHandler (SnapshotInstallationHandler.java:installSnapshot(100)) - s2@group-2CF1A2762F1F: reply installSnapshot: s0<-s2#0:OK-t1,SUCCESS,requestIndex=2
2023-11-07 01:40:04,206 [grpc-default-executor-1] INFO  server.GrpcLogAppender (GrpcLogAppender.java:onNext(549)) - s0@group-2CF1A2762F1F->s2-InstallSnapshotResponseHandler: received a reply s0<-s2#0:OK-t1,SUCCESS,requestIndex=2
2023-11-07 01:40:04,207 [grpc-default-executor-1] INFO  server.GrpcLogAppender (GrpcLogAppender.java:onNext(563)) - s0@group-2CF1A2762F1F->s2-InstallSnapshotResponseHandler: Completed InstallSnapshot. Reply: serverReply {
  requestorId: "s0"
  replyId: "s2"
  raftGroupId {
    id: "\rEl0\241:O\275\267\006,\361\242v/\037"
  }
  success: true
}
term: 1
requestIndex: 2

2023-11-07 01:40:04,207 [grpc-default-executor-1] INFO  leader.FollowerInfo (FollowerInfoImpl.java:setAttemptedToInstallSnapshot(154)) - Follower s0@group-2CF1A2762F1F->s2 acknowledged installing snapshot
2023-11-07 01:40:04,207 [grpc-default-executor-2] INFO  impl.SnapshotInstallationHandler (SnapshotInstallationHandler.java:installSnapshot(89)) - s2@group-2CF1A2762F1F: receive installSnapshot: s0->s2#0-t1,chunk:f8bb6a65-7be2-4593-81e9-ae443156a36b,3
2023-11-07 01:40:04,207 [grpc-default-executor-2] TRACE util.FileUtils (LogUtils.java:runAndLog(49)) - Successfully ran Files.createDirectories /home/runner/work/ratis/ratis/ratis-test/target/test/data/1674ca6a/MiniRaftClusterWithGrpcb561eb18/s2/0d456c30-a13a-4fbd-b706-2cf1a2762f1f/tmp/snapshot-f8bb6a65-7be2-4593-81e9-ae443156a36b
2023-11-07 01:40:04,207 [grpc-default-executor-2] INFO  storage.SnapshotManager (SnapshotManager.java:installSnapshot(89)) - Installing snapshot:s0->s2#0-t1,chunk:f8bb6a65-7be2-4593-81e9-ae443156a36b,3, to tmp dir:/home/runner/work/ratis/ratis/ratis-test/target/test/data/1674ca6a/MiniRaftClusterWithGrpcb561eb18/s2/0d456c30-a13a-4fbd-b706-2cf1a2762f1f/tmp/snapshot-f8bb6a65-7be2-4593-81e9-ae443156a36b
2023-11-07 01:40:04,207 [grpc-default-executor-2] TRACE util.FileUtils (LogUtils.java:runAndLog(49)) - Successfully ran Files.createDirectories /home/runner/work/ratis/ratis/ratis-test/target/test/data/1674ca6a/MiniRaftClusterWithGrpcb561eb18/s2/0d456c30-a13a-4fbd-b706-2cf1a2762f1f/tmp/snapshot-f8bb6a65-7be2-4593-81e9-ae443156a36b/snapshot/sub
2023-11-07 01:40:04,208 [grpc-default-executor-2] INFO  impl.SnapshotInstallationHandler (SnapshotInstallationHandler.java:installSnapshot(100)) - s2@group-2CF1A2762F1F: reply installSnapshot: s0<-s2#0:OK-t1,SUCCESS,requestIndex=3
2023-11-07 01:40:04,208 [grpc-default-executor-1] INFO  server.GrpcLogAppender (GrpcLogAppender.java:onNext(549)) - s0@group-2CF1A2762F1F->s2-InstallSnapshotResponseHandler: received a reply s0<-s2#0:OK-t1,SUCCESS,requestIndex=3
2023-11-07 01:40:04,208 [grpc-default-executor-1] INFO  server.GrpcLogAppender (GrpcLogAppender.java:onNext(563)) - s0@group-2CF1A2762F1F->s2-InstallSnapshotResponseHandler: Completed InstallSnapshot. Reply: serverReply {
  requestorId: "s0"
  replyId: "s2"
  raftGroupId {
    id: "\rEl0\241:O\275\267\006,\361\242v/\037"
  }
  success: true
}
term: 1
requestIndex: 3

2023-11-07 01:40:04,208 [grpc-default-executor-1] INFO  leader.FollowerInfo (FollowerInfoImpl.java:setAttemptedToInstallSnapshot(154)) - Follower s0@group-2CF1A2762F1F->s2 acknowledged installing snapshot
2023-11-07 01:40:04,210 [grpc-default-executor-1] WARN  server.GrpcLogAppender (LogUtils.java:warn(121)) - s0@group-2CF1A2762F1F->s2-InstallSnapshotResponseHandler: Failed InstallSnapshot: org.apache.ratis.thirdparty.io.grpc.StatusRuntimeException: CANCELLED: Failed to read message.
2023-11-07 01:40:04,212 [grpc-default-executor-1] WARN  server.GrpcLogAppender (GrpcLogAppender.java:resetClient(140)) - s0@group-2CF1A2762F1F->s2-GrpcLogAppender: Follower failed and request == null,  keep nextIndex (0) unchanged and retry.
2023-11-07 01:40:04,214 [grpc-default-executor-2] WARN  server.GrpcServerProtocolService (LogUtils.java:warn(121)) - s2: INSTALL_SNAPSHOT onError, lastRequest: s0->s2#0-t1,chunk:f8bb6a65-7be2-4593-81e9-ae443156a36b,3: org.apache.ratis.thirdparty.io.grpc.StatusRuntimeException: CANCELLED: client cancelled
2023-11-07 01:40:04,460 [s0@group-2CF1A2762F1F-LeaderStateImpl] INFO  server.RaftServer$Division (ServerState.java:setRaftConf(382)) - s0@group-2CF1A2762F1F: set configuration 259: peers:[s0|localhost:39621, s1|0.0.0.0:33345, s2|0.0.0.0:35933]|listeners:[], old=peers:[s0|localhost:39621, s1|0.0.0.0:33345]|listeners:[]
2023-11-07 01:40:04,463 [s1-server-thread1] INFO  server.RaftServer$Division (ServerState.java:setRaftConf(382)) - s1@group-2CF1A2762F1F: set configuration 259: peers:[s0|localhost:39621, s1|0.0.0.0:33345, s2|0.0.0.0:35933]|listeners:[], old=peers:[s0|localhost:39621, s1|0.0.0.0:33345]|listeners:[]
2023-11-07 01:40:04,465 [s0@group-2CF1A2762F1F-LeaderStateImpl] INFO  server.RaftServer$Division (ServerState.java:setRaftConf(382)) - s0@group-2CF1A2762F1F: set configuration 261: peers:[s0|localhost:39621, s1|0.0.0.0:33345, s2|0.0.0.0:35933]|listeners:[], old=null
2023-11-07 01:40:04,466 [s1-server-thread1] INFO  server.RaftServer$Division (ServerState.java:setRaftConf(382)) - s1@group-2CF1A2762F1F: set configuration 261: peers:[s0|localhost:39621, s1|0.0.0.0:33345, s2|0.0.0.0:35933]|listeners:[], old=null
2023-11-07 01:40:04,477 [Time-limited test] INFO  server.RaftServerConfigKeys (ConfUtils.java:logGet(46)) - raft.server.rpc.timeout.max = 300ms (default)
2023-11-07 01:40:04,479 [Time-limited test] INFO  impl.RaftServerTestUtil (RaftServerTestUtil.java:waitAndCheckNewConf(94)) - waitAndCheckNewConf: peers=[s1|0.0.0.0:33345, s2|0.0.0.0:35933, s0|localhost:39621], deadPeers=null, printing ALL groups
  s0:  RUNNING    LEADER s0@group-2CF1A2762F1F:t1, leader=s0, voted=s0, raftlog=Memoized:s0@group-2CF1A2762F1F-SegmentedRaftLog:OPENED:c262, conf=261: peers:[s0|localhost:39621, s1|0.0.0.0:33345, s2|0.0.0.0:35933]|listeners:[], old=null RUNNING
  s1:  RUNNING  FOLLOWER s1@group-2CF1A2762F1F:t1, leader=s0, voted=null, raftlog=Memoized:s1@group-2CF1A2762F1F-SegmentedRaftLog:OPENED:c261, conf=261: peers:[s0|localhost:39621, s1|0.0.0.0:33345, s2|0.0.0.0:35933]|listeners:[], old=null RUNNING
  s2:  RUNNING  FOLLOWER s2@group-2CF1A2762F1F:t1, leader=s0, voted=null, raftlog=Memoized:s2@group-2CF1A2762F1F-SegmentedRaftLog:OPENED:c-1, conf=257: peers:[s0|localhost:39621, s1|0.0.0.0:33345]|listeners:[], old=null STARTING
2023-11-07 01:40:04,480 [Time-limited test] INFO  impl.RaftServerTestUtil (RaftServerTestUtil.java:waitAndCheckNewConf(103)) - checking    LEADER s0@group-2CF1A2762F1F:t1, leader=s0, voted=s0, raftlog=Memoized:s0@group-2CF1A2762F1F-SegmentedRaftLog:OPENED:c262, conf=261: peers:[s0|localhost:39621, s1|0.0.0.0:33345, s2|0.0.0.0:35933]|listeners:[], old=null RUNNING
2023-11-07 01:40:04,480 [Time-limited test] INFO  impl.RaftServerTestUtil (RaftServerTestUtil.java:waitAndCheckNewConf(103)) - checking  FOLLOWER s1@group-2CF1A2762F1F:t1, leader=s0, voted=null, raftlog=Memoized:s1@group-2CF1A2762F1F-SegmentedRaftLog:OPENED:c261, conf=261: peers:[s0|localhost:39621, s1|0.0.0.0:33345, s2|0.0.0.0:35933]|listeners:[], old=null RUNNING
2023-11-07 01:40:04,480 [Time-limited test] INFO  impl.RaftServerTestUtil (RaftServerTestUtil.java:waitAndCheckNewConf(103)) - checking  FOLLOWER s2@group-2CF1A2762F1F:t1, leader=s0, voted=null, raftlog=Memoized:s2@group-2CF1A2762F1F-SegmentedRaftLog:OPENED:c-1, conf=257: peers:[s0|localhost:39621, s1|0.0.0.0:33345]|listeners:[], old=null STARTING
2023-11-07 01:40:04,480 [Time-limited test] WARN  impl.RaftServerTestUtil (JavaUtils.java:attempt(223)) - FAILED "waitAndCheckNewConf", attempt #1/10: java.lang.AssertionError, sleep 600ms and then retry.
java.lang.AssertionError
	at org.junit.Assert.fail(Assert.java:87)
	at org.junit.Assert.assertTrue(Assert.java:42)
	at org.junit.Assert.assertTrue(Assert.java:53)
	at org.apache.ratis.server.impl.RaftServerTestUtil.waitAndCheckNewConf(RaftServerTestUtil.java:114)
	at org.apache.ratis.server.impl.RaftServerTestUtil.lambda$waitAndCheckNewConf$3(RaftServerTestUtil.java:89)
	at org.apache.ratis.util.function.CheckedRunnable.lambda$asCheckedSupplier$0(CheckedRunnable.java:32)
	at org.apache.ratis.util.JavaUtils.attempt(JavaUtils.java:217)
	at org.apache.ratis.util.JavaUtils.attemptRepeatedly(JavaUtils.java:203)
	at org.apache.ratis.util.JavaUtils.attempt(JavaUtils.java:237)
	at org.apache.ratis.server.impl.RaftServerTestUtil.waitAndCheckNewConf(RaftServerTestUtil.java:89)
	at org.apache.ratis.InstallSnapshotFromLeaderTests.testMultiFileInstallSnapshot(InstallSnapshotFromLeaderTests.java:119)
	at org.apache.ratis.server.impl.MiniRaftCluster$Factory$Get.runWithNewCluster(MiniRaftCluster.java:141)
	at org.apache.ratis.server.impl.MiniRaftCluster$Factory$Get.runWithNewCluster(MiniRaftCluster.java:121)
	at org.apache.ratis.InstallSnapshotFromLeaderTests.testMultiFileInstallSnapshot(InstallSnapshotFromLeaderTests.java:82)
	at java.base/jdk.internal.reflect.NativeMethodAccessorImpl.invoke0(Native Method)
	at java.base/jdk.internal.reflect.NativeMethodAccessorImpl.invoke(NativeMethodAccessorImpl.java:62)
	at java.base/jdk.internal.reflect.DelegatingMethodAccessorImpl.invoke(DelegatingMethodAccessorImpl.java:43)
	at java.base/java.lang.reflect.Method.invoke(Method.java:566)
	at org.junit.runners.model.FrameworkMethod$1.runReflectiveCall(FrameworkMethod.java:59)
	at org.junit.internal.runners.model.ReflectiveCallable.run(ReflectiveCallable.java:12)
	at org.junit.runners.model.FrameworkMethod.invokeExplosively(FrameworkMethod.java:56)
	at org.junit.internal.runners.statements.InvokeMethod.evaluate(InvokeMethod.java:17)
	at org.junit.internal.runners.statements.RunAfters.evaluate(RunAfters.java:27)
	at org.junit.internal.runners.statements.FailOnTimeout$CallableStatement.call(FailOnTimeout.java:299)
	at org.junit.internal.runners.statements.FailOnTimeout$CallableStatement.call(FailOnTimeout.java:293)
	at java.base/java.util.concurrent.FutureTask.run(FutureTask.java:264)
	at java.base/java.lang.Thread.run(Thread.java:829)
2023-11-07 01:40:05,081 [Time-limited test] INFO  impl.RaftServerTestUtil (RaftServerTestUtil.java:waitAndCheckNewConf(94)) - waitAndCheckNewConf: peers=[s1|0.0.0.0:33345, s2|0.0.0.0:35933, s0|localhost:39621], deadPeers=null, printing ALL groups
  s0:  RUNNING    LEADER s0@group-2CF1A2762F1F:t1, leader=s0, voted=s0, raftlog=Memoized:s0@group-2CF1A2762F1F-SegmentedRaftLog:OPENED:c262, conf=261: peers:[s0|localhost:39621, s1|0.0.0.0:33345, s2|0.0.0.0:35933]|listeners:[], old=null RUNNING
  s1:  RUNNING  FOLLOWER s1@group-2CF1A2762F1F:t1, leader=s0, voted=null, raftlog=Memoized:s1@group-2CF1A2762F1F-SegmentedRaftLog:OPENED:c262, conf=261: peers:[s0|localhost:39621, s1|0.0.0.0:33345, s2|0.0.0.0:35933]|listeners:[], old=null RUNNING
  s2:  RUNNING  FOLLOWER s2@group-2CF1A2762F1F:t1, leader=s0, voted=null, raftlog=Memoized:s2@group-2CF1A2762F1F-SegmentedRaftLog:OPENED:c-1, conf=257: peers:[s0|localhost:39621, s1|0.0.0.0:33345]|listeners:[], old=null STARTING
2023-11-07 01:40:05,081 [Time-limited test] INFO  impl.RaftServerTestUtil (RaftServerTestUtil.java:waitAndCheckNewConf(103)) - checking    LEADER s0@group-2CF1A2762F1F:t1, leader=s0, voted=s0, raftlog=Memoized:s0@group-2CF1A2762F1F-SegmentedRaftLog:OPENED:c262, conf=261: peers:[s0|localhost:39621, s1|0.0.0.0:33345, s2|0.0.0.0:35933]|listeners:[], old=null RUNNING
2023-11-07 01:40:05,081 [Time-limited test] INFO  impl.RaftServerTestUtil (RaftServerTestUtil.java:waitAndCheckNewConf(103)) - checking  FOLLOWER s1@group-2CF1A2762F1F:t1, leader=s0, voted=null, raftlog=Memoized:s1@group-2CF1A2762F1F-SegmentedRaftLog:OPENED:c262, conf=261: peers:[s0|localhost:39621, s1|0.0.0.0:33345, s2|0.0.0.0:35933]|listeners:[], old=null RUNNING
2023-11-07 01:40:05,082 [Time-limited test] INFO  impl.RaftServerTestUtil (RaftServerTestUtil.java:waitAndCheckNewConf(103)) - checking  FOLLOWER s2@group-2CF1A2762F1F:t1, leader=s0, voted=null, raftlog=Memoized:s2@group-2CF1A2762F1F-SegmentedRaftLog:OPENED:c-1, conf=257: peers:[s0|localhost:39621, s1|0.0.0.0:33345]|listeners:[], old=null STARTING
2023-11-07 01:40:05,082 [Time-limited test] WARN  impl.RaftServerTestUtil (JavaUtils.java:attempt(223)) - FAILED "waitAndCheckNewConf", attempt #2/10: java.lang.AssertionError, sleep 600ms and then retry.
java.lang.AssertionError
	at org.junit.Assert.fail(Assert.java:87)
	at org.junit.Assert.assertTrue(Assert.java:42)
	at org.junit.Assert.assertTrue(Assert.java:53)
	at org.apache.ratis.server.impl.RaftServerTestUtil.waitAndCheckNewConf(RaftServerTestUtil.java:114)
	at org.apache.ratis.server.impl.RaftServerTestUtil.lambda$waitAndCheckNewConf$3(RaftServerTestUtil.java:89)
	at org.apache.ratis.util.function.CheckedRunnable.lambda$asCheckedSupplier$0(CheckedRunnable.java:32)
	at org.apache.ratis.util.JavaUtils.attempt(JavaUtils.java:217)
	at org.apache.ratis.util.JavaUtils.attemptRepeatedly(JavaUtils.java:203)
	at org.apache.ratis.util.JavaUtils.attempt(JavaUtils.java:237)
	at org.apache.ratis.server.impl.RaftServerTestUtil.waitAndCheckNewConf(RaftServerTestUtil.java:89)
	at org.apache.ratis.InstallSnapshotFromLeaderTests.testMultiFileInstallSnapshot(InstallSnapshotFromLeaderTests.java:119)
	at org.apache.ratis.server.impl.MiniRaftCluster$Factory$Get.runWithNewCluster(MiniRaftCluster.java:141)
	at org.apache.ratis.server.impl.MiniRaftCluster$Factory$Get.runWithNewCluster(MiniRaftCluster.java:121)
	at org.apache.ratis.InstallSnapshotFromLeaderTests.testMultiFileInstallSnapshot(InstallSnapshotFromLeaderTests.java:82)
	at java.base/jdk.internal.reflect.NativeMethodAccessorImpl.invoke0(Native Method)
	at java.base/jdk.internal.reflect.NativeMethodAccessorImpl.invoke(NativeMethodAccessorImpl.java:62)
	at java.base/jdk.internal.reflect.DelegatingMethodAccessorImpl.invoke(DelegatingMethodAccessorImpl.java:43)
	at java.base/java.lang.reflect.Method.invoke(Method.java:566)
	at org.junit.runners.model.FrameworkMethod$1.runReflectiveCall(FrameworkMethod.java:59)
	at org.junit.internal.runners.model.ReflectiveCallable.run(ReflectiveCallable.java:12)
	at org.junit.runners.model.FrameworkMethod.invokeExplosively(FrameworkMethod.java:56)
	at org.junit.internal.runners.statements.InvokeMethod.evaluate(InvokeMethod.java:17)
	at org.junit.internal.runners.statements.RunAfters.evaluate(RunAfters.java:27)
	at org.junit.internal.runners.statements.FailOnTimeout$CallableStatement.call(FailOnTimeout.java:299)
	at org.junit.internal.runners.statements.FailOnTimeout$CallableStatement.call(FailOnTimeout.java:293)
	at java.base/java.util.concurrent.FutureTask.run(FutureTask.java:264)
	at java.base/java.lang.Thread.run(Thread.java:829)
2023-11-07 01:40:05,683 [Time-limited test] INFO  impl.RaftServerTestUtil (RaftServerTestUtil.java:waitAndCheckNewConf(94)) - waitAndCheckNewConf: peers=[s1|0.0.0.0:33345, s2|0.0.0.0:35933, s0|localhost:39621], deadPeers=null, printing ALL groups
  s0:  RUNNING    LEADER s0@group-2CF1A2762F1F:t1, leader=s0, voted=s0, raftlog=Memoized:s0@group-2CF1A2762F1F-SegmentedRaftLog:OPENED:c262, conf=261: peers:[s0|localhost:39621, s1|0.0.0.0:33345, s2|0.0.0.0:35933]|listeners:[], old=null RUNNING
  s1:  RUNNING  FOLLOWER s1@group-2CF1A2762F1F:t1, leader=s0, voted=null, raftlog=Memoized:s1@group-2CF1A2762F1F-SegmentedRaftLog:OPENED:c262, conf=261: peers:[s0|localhost:39621, s1|0.0.0.0:33345, s2|0.0.0.0:35933]|listeners:[], old=null RUNNING
  s2:  RUNNING  FOLLOWER s2@group-2CF1A2762F1F:t1, leader=s0, voted=null, raftlog=Memoized:s2@group-2CF1A2762F1F-SegmentedRaftLog:OPENED:c-1, conf=257: peers:[s0|localhost:39621, s1|0.0.0.0:33345]|listeners:[], old=null STARTING
2023-11-07 01:40:05,683 [Time-limited test] INFO  impl.RaftServerTestUtil (RaftServerTestUtil.java:waitAndCheckNewConf(103)) - checking    LEADER s0@group-2CF1A2762F1F:t1, leader=s0, voted=s0, raftlog=Memoized:s0@group-2CF1A2762F1F-SegmentedRaftLog:OPENED:c262, conf=261: peers:[s0|localhost:39621, s1|0.0.0.0:33345, s2|0.0.0.0:35933]|listeners:[], old=null RUNNING
2023-11-07 01:40:05,683 [Time-limited test] INFO  impl.RaftServerTestUtil (RaftServerTestUtil.java:waitAndCheckNewConf(103)) - checking  FOLLOWER s1@group-2CF1A2762F1F:t1, leader=s0, voted=null, raftlog=Memoized:s1@group-2CF1A2762F1F-SegmentedRaftLog:OPENED:c262, conf=261: peers:[s0|localhost:39621, s1|0.0.0.0:33345, s2|0.0.0.0:35933]|listeners:[], old=null RUNNING
2023-11-07 01:40:05,683 [Time-limited test] INFO  impl.RaftServerTestUtil (RaftServerTestUtil.java:waitAndCheckNewConf(103)) - checking  FOLLOWER s2@group-2CF1A2762F1F:t1, leader=s0, voted=null, raftlog=Memoized:s2@group-2CF1A2762F1F-SegmentedRaftLog:OPENED:c-1, conf=257: peers:[s0|localhost:39621, s1|0.0.0.0:33345]|listeners:[], old=null STARTING
2023-11-07 01:40:05,684 [Time-limited test] WARN  impl.RaftServerTestUtil (JavaUtils.java:attempt(223)) - FAILED "waitAndCheckNewConf", attempt #3/10: java.lang.AssertionError, sleep 600ms and then retry.
java.lang.AssertionError
	at org.junit.Assert.fail(Assert.java:87)
	at org.junit.Assert.assertTrue(Assert.java:42)
	at org.junit.Assert.assertTrue(Assert.java:53)
	at org.apache.ratis.server.impl.RaftServerTestUtil.waitAndCheckNewConf(RaftServerTestUtil.java:114)
	at org.apache.ratis.server.impl.RaftServerTestUtil.lambda$waitAndCheckNewConf$3(RaftServerTestUtil.java:89)
	at org.apache.ratis.util.function.CheckedRunnable.lambda$asCheckedSupplier$0(CheckedRunnable.java:32)
	at org.apache.ratis.util.JavaUtils.attempt(JavaUtils.java:217)
	at org.apache.ratis.util.JavaUtils.attemptRepeatedly(JavaUtils.java:203)
	at org.apache.ratis.util.JavaUtils.attempt(JavaUtils.java:237)
	at org.apache.ratis.server.impl.RaftServerTestUtil.waitAndCheckNewConf(RaftServerTestUtil.java:89)
	at org.apache.ratis.InstallSnapshotFromLeaderTests.testMultiFileInstallSnapshot(InstallSnapshotFromLeaderTests.java:119)
	at org.apache.ratis.server.impl.MiniRaftCluster$Factory$Get.runWithNewCluster(MiniRaftCluster.java:141)
	at org.apache.ratis.server.impl.MiniRaftCluster$Factory$Get.runWithNewCluster(MiniRaftCluster.java:121)
	at org.apache.ratis.InstallSnapshotFromLeaderTests.testMultiFileInstallSnapshot(InstallSnapshotFromLeaderTests.java:82)
	at java.base/jdk.internal.reflect.NativeMethodAccessorImpl.invoke0(Native Method)
	at java.base/jdk.internal.reflect.NativeMethodAccessorImpl.invoke(NativeMethodAccessorImpl.java:62)
	at java.base/jdk.internal.reflect.DelegatingMethodAccessorImpl.invoke(DelegatingMethodAccessorImpl.java:43)
	at java.base/java.lang.reflect.Method.invoke(Method.java:566)
	at org.junit.runners.model.FrameworkMethod$1.runReflectiveCall(FrameworkMethod.java:59)
	at org.junit.internal.runners.model.ReflectiveCallable.run(ReflectiveCallable.java:12)
	at org.junit.runners.model.FrameworkMethod.invokeExplosively(FrameworkMethod.java:56)
	at org.junit.internal.runners.statements.InvokeMethod.evaluate(InvokeMethod.java:17)
	at org.junit.internal.runners.statements.RunAfters.evaluate(RunAfters.java:27)
	at org.junit.internal.runners.statements.FailOnTimeout$CallableStatement.call(FailOnTimeout.java:299)
	at org.junit.internal.runners.statements.FailOnTimeout$CallableStatement.call(FailOnTimeout.java:293)
	at java.base/java.util.concurrent.FutureTask.run(FutureTask.java:264)
	at java.base/java.lang.Thread.run(Thread.java:829)
2023-11-07 01:40:06,284 [Time-limited test] INFO  impl.RaftServerTestUtil (RaftServerTestUtil.java:waitAndCheckNewConf(94)) - waitAndCheckNewConf: peers=[s1|0.0.0.0:33345, s2|0.0.0.0:35933, s0|localhost:39621], deadPeers=null, printing ALL groups
  s0:  RUNNING    LEADER s0@group-2CF1A2762F1F:t1, leader=s0, voted=s0, raftlog=Memoized:s0@group-2CF1A2762F1F-SegmentedRaftLog:OPENED:c262, conf=261: peers:[s0|localhost:39621, s1|0.0.0.0:33345, s2|0.0.0.0:35933]|listeners:[], old=null RUNNING
  s1:  RUNNING  FOLLOWER s1@group-2CF1A2762F1F:t1, leader=s0, voted=null, raftlog=Memoized:s1@group-2CF1A2762F1F-SegmentedRaftLog:OPENED:c262, conf=261: peers:[s0|localhost:39621, s1|0.0.0.0:33345, s2|0.0.0.0:35933]|listeners:[], old=null RUNNING
  s2:  RUNNING  FOLLOWER s2@group-2CF1A2762F1F:t1, leader=s0, voted=null, raftlog=Memoized:s2@group-2CF1A2762F1F-SegmentedRaftLog:OPENED:c-1, conf=257: peers:[s0|localhost:39621, s1|0.0.0.0:33345]|listeners:[], old=null STARTING
2023-11-07 01:40:06,285 [Time-limited test] INFO  impl.RaftServerTestUtil (RaftServerTestUtil.java:waitAndCheckNewConf(103)) - checking    LEADER s0@group-2CF1A2762F1F:t1, leader=s0, voted=s0, raftlog=Memoized:s0@group-2CF1A2762F1F-SegmentedRaftLog:OPENED:c262, conf=261: peers:[s0|localhost:39621, s1|0.0.0.0:33345, s2|0.0.0.0:35933]|listeners:[], old=null RUNNING
2023-11-07 01:40:06,285 [Time-limited test] INFO  impl.RaftServerTestUtil (RaftServerTestUtil.java:waitAndCheckNewConf(103)) - checking  FOLLOWER s1@group-2CF1A2762F1F:t1, leader=s0, voted=null, raftlog=Memoized:s1@group-2CF1A2762F1F-SegmentedRaftLog:OPENED:c262, conf=261: peers:[s0|localhost:39621, s1|0.0.0.0:33345, s2|0.0.0.0:35933]|listeners:[], old=null RUNNING
2023-11-07 01:40:06,285 [Time-limited test] INFO  impl.RaftServerTestUtil (RaftServerTestUtil.java:waitAndCheckNewConf(103)) - checking  FOLLOWER s2@group-2CF1A2762F1F:t1, leader=s0, voted=null, raftlog=Memoized:s2@group-2CF1A2762F1F-SegmentedRaftLog:OPENED:c-1, conf=257: peers:[s0|localhost:39621, s1|0.0.0.0:33345]|listeners:[], old=null STARTING
2023-11-07 01:40:06,285 [Time-limited test] WARN  impl.RaftServerTestUtil (JavaUtils.java:attempt(223)) - FAILED "waitAndCheckNewConf", attempt #4/10: java.lang.AssertionError, sleep 600ms and then retry.
java.lang.AssertionError
	at org.junit.Assert.fail(Assert.java:87)
	at org.junit.Assert.assertTrue(Assert.java:42)
	at org.junit.Assert.assertTrue(Assert.java:53)
	at org.apache.ratis.server.impl.RaftServerTestUtil.waitAndCheckNewConf(RaftServerTestUtil.java:114)
	at org.apache.ratis.server.impl.RaftServerTestUtil.lambda$waitAndCheckNewConf$3(RaftServerTestUtil.java:89)
	at org.apache.ratis.util.function.CheckedRunnable.lambda$asCheckedSupplier$0(CheckedRunnable.java:32)
	at org.apache.ratis.util.JavaUtils.attempt(JavaUtils.java:217)
	at org.apache.ratis.util.JavaUtils.attemptRepeatedly(JavaUtils.java:203)
	at org.apache.ratis.util.JavaUtils.attempt(JavaUtils.java:237)
	at org.apache.ratis.server.impl.RaftServerTestUtil.waitAndCheckNewConf(RaftServerTestUtil.java:89)
	at org.apache.ratis.InstallSnapshotFromLeaderTests.testMultiFileInstallSnapshot(InstallSnapshotFromLeaderTests.java:119)
	at org.apache.ratis.server.impl.MiniRaftCluster$Factory$Get.runWithNewCluster(MiniRaftCluster.java:141)
	at org.apache.ratis.server.impl.MiniRaftCluster$Factory$Get.runWithNewCluster(MiniRaftCluster.java:121)
	at org.apache.ratis.InstallSnapshotFromLeaderTests.testMultiFileInstallSnapshot(InstallSnapshotFromLeaderTests.java:82)
	at java.base/jdk.internal.reflect.NativeMethodAccessorImpl.invoke0(Native Method)
	at java.base/jdk.internal.reflect.NativeMethodAccessorImpl.invoke(NativeMethodAccessorImpl.java:62)
	at java.base/jdk.internal.reflect.DelegatingMethodAccessorImpl.invoke(DelegatingMethodAccessorImpl.java:43)
	at java.base/java.lang.reflect.Method.invoke(Method.java:566)
	at org.junit.runners.model.FrameworkMethod$1.runReflectiveCall(FrameworkMethod.java:59)
	at org.junit.internal.runners.model.ReflectiveCallable.run(ReflectiveCallable.java:12)
	at org.junit.runners.model.FrameworkMethod.invokeExplosively(FrameworkMethod.java:56)
	at org.junit.internal.runners.statements.InvokeMethod.evaluate(InvokeMethod.java:17)
	at org.junit.internal.runners.statements.RunAfters.evaluate(RunAfters.java:27)
	at org.junit.internal.runners.statements.FailOnTimeout$CallableStatement.call(FailOnTimeout.java:299)
	at org.junit.internal.runners.statements.FailOnTimeout$CallableStatement.call(FailOnTimeout.java:293)
	at java.base/java.util.concurrent.FutureTask.run(FutureTask.java:264)
	at java.base/java.lang.Thread.run(Thread.java:829)
2023-11-07 01:40:06,886 [Time-limited test] INFO  impl.RaftServerTestUtil (RaftServerTestUtil.java:waitAndCheckNewConf(94)) - waitAndCheckNewConf: peers=[s1|0.0.0.0:33345, s2|0.0.0.0:35933, s0|localhost:39621], deadPeers=null, printing ALL groups
  s0:  RUNNING    LEADER s0@group-2CF1A2762F1F:t1, leader=s0, voted=s0, raftlog=Memoized:s0@group-2CF1A2762F1F-SegmentedRaftLog:OPENED:c262, conf=261: peers:[s0|localhost:39621, s1|0.0.0.0:33345, s2|0.0.0.0:35933]|listeners:[], old=null RUNNING
  s1:  RUNNING  FOLLOWER s1@group-2CF1A2762F1F:t1, leader=s0, voted=null, raftlog=Memoized:s1@group-2CF1A2762F1F-SegmentedRaftLog:OPENED:c262, conf=261: peers:[s0|localhost:39621, s1|0.0.0.0:33345, s2|0.0.0.0:35933]|listeners:[], old=null RUNNING
  s2:  RUNNING  FOLLOWER s2@group-2CF1A2762F1F:t1, leader=s0, voted=null, raftlog=Memoized:s2@group-2CF1A2762F1F-SegmentedRaftLog:OPENED:c-1, conf=257: peers:[s0|localhost:39621, s1|0.0.0.0:33345]|listeners:[], old=null STARTING
2023-11-07 01:40:06,886 [Time-limited test] INFO  impl.RaftServerTestUtil (RaftServerTestUtil.java:waitAndCheckNewConf(103)) - checking    LEADER s0@group-2CF1A2762F1F:t1, leader=s0, voted=s0, raftlog=Memoized:s0@group-2CF1A2762F1F-SegmentedRaftLog:OPENED:c262, conf=261: peers:[s0|localhost:39621, s1|0.0.0.0:33345, s2|0.0.0.0:35933]|listeners:[], old=null RUNNING
2023-11-07 01:40:06,886 [Time-limited test] INFO  impl.RaftServerTestUtil (RaftServerTestUtil.java:waitAndCheckNewConf(103)) - checking  FOLLOWER s1@group-2CF1A2762F1F:t1, leader=s0, voted=null, raftlog=Memoized:s1@group-2CF1A2762F1F-SegmentedRaftLog:OPENED:c262, conf=261: peers:[s0|localhost:39621, s1|0.0.0.0:33345, s2|0.0.0.0:35933]|listeners:[], old=null RUNNING
2023-11-07 01:40:06,886 [Time-limited test] INFO  impl.RaftServerTestUtil (RaftServerTestUtil.java:waitAndCheckNewConf(103)) - checking  FOLLOWER s2@group-2CF1A2762F1F:t1, leader=s0, voted=null, raftlog=Memoized:s2@group-2CF1A2762F1F-SegmentedRaftLog:OPENED:c-1, conf=257: peers:[s0|localhost:39621, s1|0.0.0.0:33345]|listeners:[], old=null STARTING
2023-11-07 01:40:06,886 [Time-limited test] WARN  impl.RaftServerTestUtil (JavaUtils.java:attempt(223)) - FAILED "waitAndCheckNewConf", attempt #5/10: java.lang.AssertionError, sleep 600ms and then retry.
java.lang.AssertionError
	at org.junit.Assert.fail(Assert.java:87)
	at org.junit.Assert.assertTrue(Assert.java:42)
	at org.junit.Assert.assertTrue(Assert.java:53)
	at org.apache.ratis.server.impl.RaftServerTestUtil.waitAndCheckNewConf(RaftServerTestUtil.java:114)
	at org.apache.ratis.server.impl.RaftServerTestUtil.lambda$waitAndCheckNewConf$3(RaftServerTestUtil.java:89)
	at org.apache.ratis.util.function.CheckedRunnable.lambda$asCheckedSupplier$0(CheckedRunnable.java:32)
	at org.apache.ratis.util.JavaUtils.attempt(JavaUtils.java:217)
	at org.apache.ratis.util.JavaUtils.attemptRepeatedly(JavaUtils.java:203)
	at org.apache.ratis.util.JavaUtils.attempt(JavaUtils.java:237)
	at org.apache.ratis.server.impl.RaftServerTestUtil.waitAndCheckNewConf(RaftServerTestUtil.java:89)
	at org.apache.ratis.InstallSnapshotFromLeaderTests.testMultiFileInstallSnapshot(InstallSnapshotFromLeaderTests.java:119)
	at org.apache.ratis.server.impl.MiniRaftCluster$Factory$Get.runWithNewCluster(MiniRaftCluster.java:141)
	at org.apache.ratis.server.impl.MiniRaftCluster$Factory$Get.runWithNewCluster(MiniRaftCluster.java:121)
	at org.apache.ratis.InstallSnapshotFromLeaderTests.testMultiFileInstallSnapshot(InstallSnapshotFromLeaderTests.java:82)
	at java.base/jdk.internal.reflect.NativeMethodAccessorImpl.invoke0(Native Method)
	at java.base/jdk.internal.reflect.NativeMethodAccessorImpl.invoke(NativeMethodAccessorImpl.java:62)
	at java.base/jdk.internal.reflect.DelegatingMethodAccessorImpl.invoke(DelegatingMethodAccessorImpl.java:43)
	at java.base/java.lang.reflect.Method.invoke(Method.java:566)
	at org.junit.runners.model.FrameworkMethod$1.runReflectiveCall(FrameworkMethod.java:59)
	at org.junit.internal.runners.model.ReflectiveCallable.run(ReflectiveCallable.java:12)
	at org.junit.runners.model.FrameworkMethod.invokeExplosively(FrameworkMethod.java:56)
	at org.junit.internal.runners.statements.InvokeMethod.evaluate(InvokeMethod.java:17)
	at org.junit.internal.runners.statements.RunAfters.evaluate(RunAfters.java:27)
	at org.junit.internal.runners.statements.FailOnTimeout$CallableStatement.call(FailOnTimeout.java:299)
	at org.junit.internal.runners.statements.FailOnTimeout$CallableStatement.call(FailOnTimeout.java:293)
	at java.base/java.util.concurrent.FutureTask.run(FutureTask.java:264)
	at java.base/java.lang.Thread.run(Thread.java:829)
2023-11-07 01:40:07,487 [Time-limited test] INFO  impl.RaftServerTestUtil (RaftServerTestUtil.java:waitAndCheckNewConf(94)) - waitAndCheckNewConf: peers=[s1|0.0.0.0:33345, s2|0.0.0.0:35933, s0|localhost:39621], deadPeers=null, printing ALL groups
  s0:  RUNNING    LEADER s0@group-2CF1A2762F1F:t1, leader=s0, voted=s0, raftlog=Memoized:s0@group-2CF1A2762F1F-SegmentedRaftLog:OPENED:c262, conf=261: peers:[s0|localhost:39621, s1|0.0.0.0:33345, s2|0.0.0.0:35933]|listeners:[], old=null RUNNING
  s1:  RUNNING  FOLLOWER s1@group-2CF1A2762F1F:t1, leader=s0, voted=null, raftlog=Memoized:s1@group-2CF1A2762F1F-SegmentedRaftLog:OPENED:c262, conf=261: peers:[s0|localhost:39621, s1|0.0.0.0:33345, s2|0.0.0.0:35933]|listeners:[], old=null RUNNING
  s2:  RUNNING  FOLLOWER s2@group-2CF1A2762F1F:t1, leader=s0, voted=null, raftlog=Memoized:s2@group-2CF1A2762F1F-SegmentedRaftLog:OPENED:c-1, conf=257: peers:[s0|localhost:39621, s1|0.0.0.0:33345]|listeners:[], old=null STARTING
2023-11-07 01:40:07,488 [Time-limited test] INFO  impl.RaftServerTestUtil (RaftServerTestUtil.java:waitAndCheckNewConf(103)) - checking    LEADER s0@group-2CF1A2762F1F:t1, leader=s0, voted=s0, raftlog=Memoized:s0@group-2CF1A2762F1F-SegmentedRaftLog:OPENED:c262, conf=261: peers:[s0|localhost:39621, s1|0.0.0.0:33345, s2|0.0.0.0:35933]|listeners:[], old=null RUNNING
2023-11-07 01:40:07,488 [Time-limited test] INFO  impl.RaftServerTestUtil (RaftServerTestUtil.java:waitAndCheckNewConf(103)) - checking  FOLLOWER s1@group-2CF1A2762F1F:t1, leader=s0, voted=null, raftlog=Memoized:s1@group-2CF1A2762F1F-SegmentedRaftLog:OPENED:c262, conf=261: peers:[s0|localhost:39621, s1|0.0.0.0:33345, s2|0.0.0.0:35933]|listeners:[], old=null RUNNING
2023-11-07 01:40:07,488 [Time-limited test] INFO  impl.RaftServerTestUtil (RaftServerTestUtil.java:waitAndCheckNewConf(103)) - checking  FOLLOWER s2@group-2CF1A2762F1F:t1, leader=s0, voted=null, raftlog=Memoized:s2@group-2CF1A2762F1F-SegmentedRaftLog:OPENED:c-1, conf=257: peers:[s0|localhost:39621, s1|0.0.0.0:33345]|listeners:[], old=null STARTING
2023-11-07 01:40:07,488 [Time-limited test] WARN  impl.RaftServerTestUtil (JavaUtils.java:attempt(223)) - FAILED "waitAndCheckNewConf", attempt #6/10: java.lang.AssertionError, sleep 600ms and then retry.
java.lang.AssertionError
	at org.junit.Assert.fail(Assert.java:87)
	at org.junit.Assert.assertTrue(Assert.java:42)
	at org.junit.Assert.assertTrue(Assert.java:53)
	at org.apache.ratis.server.impl.RaftServerTestUtil.waitAndCheckNewConf(RaftServerTestUtil.java:114)
	at org.apache.ratis.server.impl.RaftServerTestUtil.lambda$waitAndCheckNewConf$3(RaftServerTestUtil.java:89)
	at org.apache.ratis.util.function.CheckedRunnable.lambda$asCheckedSupplier$0(CheckedRunnable.java:32)
	at org.apache.ratis.util.JavaUtils.attempt(JavaUtils.java:217)
	at org.apache.ratis.util.JavaUtils.attemptRepeatedly(JavaUtils.java:203)
	at org.apache.ratis.util.JavaUtils.attempt(JavaUtils.java:237)
	at org.apache.ratis.server.impl.RaftServerTestUtil.waitAndCheckNewConf(RaftServerTestUtil.java:89)
	at org.apache.ratis.InstallSnapshotFromLeaderTests.testMultiFileInstallSnapshot(InstallSnapshotFromLeaderTests.java:119)
	at org.apache.ratis.server.impl.MiniRaftCluster$Factory$Get.runWithNewCluster(MiniRaftCluster.java:141)
	at org.apache.ratis.server.impl.MiniRaftCluster$Factory$Get.runWithNewCluster(MiniRaftCluster.java:121)
	at org.apache.ratis.InstallSnapshotFromLeaderTests.testMultiFileInstallSnapshot(InstallSnapshotFromLeaderTests.java:82)
	at java.base/jdk.internal.reflect.NativeMethodAccessorImpl.invoke0(Native Method)
	at java.base/jdk.internal.reflect.NativeMethodAccessorImpl.invoke(NativeMethodAccessorImpl.java:62)
	at java.base/jdk.internal.reflect.DelegatingMethodAccessorImpl.invoke(DelegatingMethodAccessorImpl.java:43)
	at java.base/java.lang.reflect.Method.invoke(Method.java:566)
	at org.junit.runners.model.FrameworkMethod$1.runReflectiveCall(FrameworkMethod.java:59)
	at org.junit.internal.runners.model.ReflectiveCallable.run(ReflectiveCallable.java:12)
	at org.junit.runners.model.FrameworkMethod.invokeExplosively(FrameworkMethod.java:56)
	at org.junit.internal.runners.statements.InvokeMethod.evaluate(InvokeMethod.java:17)
	at org.junit.internal.runners.statements.RunAfters.evaluate(RunAfters.java:27)
	at org.junit.internal.runners.statements.FailOnTimeout$CallableStatement.call(FailOnTimeout.java:299)
	at org.junit.internal.runners.statements.FailOnTimeout$CallableStatement.call(FailOnTimeout.java:293)
	at java.base/java.util.concurrent.FutureTask.run(FutureTask.java:264)
	at java.base/java.lang.Thread.run(Thread.java:829)
2023-11-07 01:40:08,089 [Time-limited test] INFO  impl.RaftServerTestUtil (RaftServerTestUtil.java:waitAndCheckNewConf(94)) - waitAndCheckNewConf: peers=[s1|0.0.0.0:33345, s2|0.0.0.0:35933, s0|localhost:39621], deadPeers=null, printing ALL groups
  s0:  RUNNING    LEADER s0@group-2CF1A2762F1F:t1, leader=s0, voted=s0, raftlog=Memoized:s0@group-2CF1A2762F1F-SegmentedRaftLog:OPENED:c262, conf=261: peers:[s0|localhost:39621, s1|0.0.0.0:33345, s2|0.0.0.0:35933]|listeners:[], old=null RUNNING
  s1:  RUNNING  FOLLOWER s1@group-2CF1A2762F1F:t1, leader=s0, voted=null, raftlog=Memoized:s1@group-2CF1A2762F1F-SegmentedRaftLog:OPENED:c262, conf=261: peers:[s0|localhost:39621, s1|0.0.0.0:33345, s2|0.0.0.0:35933]|listeners:[], old=null RUNNING
  s2:  RUNNING  FOLLOWER s2@group-2CF1A2762F1F:t1, leader=s0, voted=null, raftlog=Memoized:s2@group-2CF1A2762F1F-SegmentedRaftLog:OPENED:c-1, conf=257: peers:[s0|localhost:39621, s1|0.0.0.0:33345]|listeners:[], old=null STARTING
2023-11-07 01:40:08,090 [Time-limited test] INFO  impl.RaftServerTestUtil (RaftServerTestUtil.java:waitAndCheckNewConf(103)) - checking    LEADER s0@group-2CF1A2762F1F:t1, leader=s0, voted=s0, raftlog=Memoized:s0@group-2CF1A2762F1F-SegmentedRaftLog:OPENED:c262, conf=261: peers:[s0|localhost:39621, s1|0.0.0.0:33345, s2|0.0.0.0:35933]|listeners:[], old=null RUNNING
2023-11-07 01:40:08,090 [Time-limited test] INFO  impl.RaftServerTestUtil (RaftServerTestUtil.java:waitAndCheckNewConf(103)) - checking  FOLLOWER s1@group-2CF1A2762F1F:t1, leader=s0, voted=null, raftlog=Memoized:s1@group-2CF1A2762F1F-SegmentedRaftLog:OPENED:c262, conf=261: peers:[s0|localhost:39621, s1|0.0.0.0:33345, s2|0.0.0.0:35933]|listeners:[], old=null RUNNING
2023-11-07 01:40:08,090 [Time-limited test] INFO  impl.RaftServerTestUtil (RaftServerTestUtil.java:waitAndCheckNewConf(103)) - checking  FOLLOWER s2@group-2CF1A2762F1F:t1, leader=s0, voted=null, raftlog=Memoized:s2@group-2CF1A2762F1F-SegmentedRaftLog:OPENED:c-1, conf=257: peers:[s0|localhost:39621, s1|0.0.0.0:33345]|listeners:[], old=null STARTING
2023-11-07 01:40:08,090 [Time-limited test] WARN  impl.RaftServerTestUtil (JavaUtils.java:attempt(223)) - FAILED "waitAndCheckNewConf", attempt #7/10: java.lang.AssertionError, sleep 600ms and then retry.
java.lang.AssertionError
	at org.junit.Assert.fail(Assert.java:87)
	at org.junit.Assert.assertTrue(Assert.java:42)
	at org.junit.Assert.assertTrue(Assert.java:53)
	at org.apache.ratis.server.impl.RaftServerTestUtil.waitAndCheckNewConf(RaftServerTestUtil.java:114)
	at org.apache.ratis.server.impl.RaftServerTestUtil.lambda$waitAndCheckNewConf$3(RaftServerTestUtil.java:89)
	at org.apache.ratis.util.function.CheckedRunnable.lambda$asCheckedSupplier$0(CheckedRunnable.java:32)
	at org.apache.ratis.util.JavaUtils.attempt(JavaUtils.java:217)
	at org.apache.ratis.util.JavaUtils.attemptRepeatedly(JavaUtils.java:203)
	at org.apache.ratis.util.JavaUtils.attempt(JavaUtils.java:237)
	at org.apache.ratis.server.impl.RaftServerTestUtil.waitAndCheckNewConf(RaftServerTestUtil.java:89)
	at org.apache.ratis.InstallSnapshotFromLeaderTests.testMultiFileInstallSnapshot(InstallSnapshotFromLeaderTests.java:119)
	at org.apache.ratis.server.impl.MiniRaftCluster$Factory$Get.runWithNewCluster(MiniRaftCluster.java:141)
	at org.apache.ratis.server.impl.MiniRaftCluster$Factory$Get.runWithNewCluster(MiniRaftCluster.java:121)
	at org.apache.ratis.InstallSnapshotFromLeaderTests.testMultiFileInstallSnapshot(InstallSnapshotFromLeaderTests.java:82)
	at java.base/jdk.internal.reflect.NativeMethodAccessorImpl.invoke0(Native Method)
	at java.base/jdk.internal.reflect.NativeMethodAccessorImpl.invoke(NativeMethodAccessorImpl.java:62)
	at java.base/jdk.internal.reflect.DelegatingMethodAccessorImpl.invoke(DelegatingMethodAccessorImpl.java:43)
	at java.base/java.lang.reflect.Method.invoke(Method.java:566)
	at org.junit.runners.model.FrameworkMethod$1.runReflectiveCall(FrameworkMethod.java:59)
	at org.junit.internal.runners.model.ReflectiveCallable.run(ReflectiveCallable.java:12)
	at org.junit.runners.model.FrameworkMethod.invokeExplosively(FrameworkMethod.java:56)
	at org.junit.internal.runners.statements.InvokeMethod.evaluate(InvokeMethod.java:17)
	at org.junit.internal.runners.statements.RunAfters.evaluate(RunAfters.java:27)
	at org.junit.internal.runners.statements.FailOnTimeout$CallableStatement.call(FailOnTimeout.java:299)
	at org.junit.internal.runners.statements.FailOnTimeout$CallableStatement.call(FailOnTimeout.java:293)
	at java.base/java.util.concurrent.FutureTask.run(FutureTask.java:264)
	at java.base/java.lang.Thread.run(Thread.java:829)
2023-11-07 01:40:08,691 [Time-limited test] INFO  impl.RaftServerTestUtil (RaftServerTestUtil.java:waitAndCheckNewConf(94)) - waitAndCheckNewConf: peers=[s1|0.0.0.0:33345, s2|0.0.0.0:35933, s0|localhost:39621], deadPeers=null, printing ALL groups
  s0:  RUNNING    LEADER s0@group-2CF1A2762F1F:t1, leader=s0, voted=s0, raftlog=Memoized:s0@group-2CF1A2762F1F-SegmentedRaftLog:OPENED:c262, conf=261: peers:[s0|localhost:39621, s1|0.0.0.0:33345, s2|0.0.0.0:35933]|listeners:[], old=null RUNNING
  s1:  RUNNING  FOLLOWER s1@group-2CF1A2762F1F:t1, leader=s0, voted=null, raftlog=Memoized:s1@group-2CF1A2762F1F-SegmentedRaftLog:OPENED:c262, conf=261: peers:[s0|localhost:39621, s1|0.0.0.0:33345, s2|0.0.0.0:35933]|listeners:[], old=null RUNNING
  s2:  RUNNING  FOLLOWER s2@group-2CF1A2762F1F:t1, leader=s0, voted=null, raftlog=Memoized:s2@group-2CF1A2762F1F-SegmentedRaftLog:OPENED:c-1, conf=257: peers:[s0|localhost:39621, s1|0.0.0.0:33345]|listeners:[], old=null STARTING
2023-11-07 01:40:08,691 [Time-limited test] INFO  impl.RaftServerTestUtil (RaftServerTestUtil.java:waitAndCheckNewConf(103)) - checking    LEADER s0@group-2CF1A2762F1F:t1, leader=s0, voted=s0, raftlog=Memoized:s0@group-2CF1A2762F1F-SegmentedRaftLog:OPENED:c262, conf=261: peers:[s0|localhost:39621, s1|0.0.0.0:33345, s2|0.0.0.0:35933]|listeners:[], old=null RUNNING
2023-11-07 01:40:08,692 [Time-limited test] INFO  impl.RaftServerTestUtil (RaftServerTestUtil.java:waitAndCheckNewConf(103)) - checking  FOLLOWER s1@group-2CF1A2762F1F:t1, leader=s0, voted=null, raftlog=Memoized:s1@group-2CF1A2762F1F-SegmentedRaftLog:OPENED:c262, conf=261: peers:[s0|localhost:39621, s1|0.0.0.0:33345, s2|0.0.0.0:35933]|listeners:[], old=null RUNNING
2023-11-07 01:40:08,692 [Time-limited test] INFO  impl.RaftServerTestUtil (RaftServerTestUtil.java:waitAndCheckNewConf(103)) - checking  FOLLOWER s2@group-2CF1A2762F1F:t1, leader=s0, voted=null, raftlog=Memoized:s2@group-2CF1A2762F1F-SegmentedRaftLog:OPENED:c-1, conf=257: peers:[s0|localhost:39621, s1|0.0.0.0:33345]|listeners:[], old=null STARTING
2023-11-07 01:40:08,692 [Time-limited test] WARN  impl.RaftServerTestUtil (JavaUtils.java:attempt(223)) - FAILED "waitAndCheckNewConf", attempt #8/10: java.lang.AssertionError, sleep 600ms and then retry.
java.lang.AssertionError
	at org.junit.Assert.fail(Assert.java:87)
	at org.junit.Assert.assertTrue(Assert.java:42)
	at org.junit.Assert.assertTrue(Assert.java:53)
	at org.apache.ratis.server.impl.RaftServerTestUtil.waitAndCheckNewConf(RaftServerTestUtil.java:114)
	at org.apache.ratis.server.impl.RaftServerTestUtil.lambda$waitAndCheckNewConf$3(RaftServerTestUtil.java:89)
	at org.apache.ratis.util.function.CheckedRunnable.lambda$asCheckedSupplier$0(CheckedRunnable.java:32)
	at org.apache.ratis.util.JavaUtils.attempt(JavaUtils.java:217)
	at org.apache.ratis.util.JavaUtils.attemptRepeatedly(JavaUtils.java:203)
	at org.apache.ratis.util.JavaUtils.attempt(JavaUtils.java:237)
	at org.apache.ratis.server.impl.RaftServerTestUtil.waitAndCheckNewConf(RaftServerTestUtil.java:89)
	at org.apache.ratis.InstallSnapshotFromLeaderTests.testMultiFileInstallSnapshot(InstallSnapshotFromLeaderTests.java:119)
	at org.apache.ratis.server.impl.MiniRaftCluster$Factory$Get.runWithNewCluster(MiniRaftCluster.java:141)
	at org.apache.ratis.server.impl.MiniRaftCluster$Factory$Get.runWithNewCluster(MiniRaftCluster.java:121)
	at org.apache.ratis.InstallSnapshotFromLeaderTests.testMultiFileInstallSnapshot(InstallSnapshotFromLeaderTests.java:82)
	at java.base/jdk.internal.reflect.NativeMethodAccessorImpl.invoke0(Native Method)
	at java.base/jdk.internal.reflect.NativeMethodAccessorImpl.invoke(NativeMethodAccessorImpl.java:62)
	at java.base/jdk.internal.reflect.DelegatingMethodAccessorImpl.invoke(DelegatingMethodAccessorImpl.java:43)
	at java.base/java.lang.reflect.Method.invoke(Method.java:566)
	at org.junit.runners.model.FrameworkMethod$1.runReflectiveCall(FrameworkMethod.java:59)
	at org.junit.internal.runners.model.ReflectiveCallable.run(ReflectiveCallable.java:12)
	at org.junit.runners.model.FrameworkMethod.invokeExplosively(FrameworkMethod.java:56)
	at org.junit.internal.runners.statements.InvokeMethod.evaluate(InvokeMethod.java:17)
	at org.junit.internal.runners.statements.RunAfters.evaluate(RunAfters.java:27)
	at org.junit.internal.runners.statements.FailOnTimeout$CallableStatement.call(FailOnTimeout.java:299)
	at org.junit.internal.runners.statements.FailOnTimeout$CallableStatement.call(FailOnTimeout.java:293)
	at java.base/java.util.concurrent.FutureTask.run(FutureTask.java:264)
	at java.base/java.lang.Thread.run(Thread.java:829)
2023-11-07 01:40:09,293 [Time-limited test] INFO  impl.RaftServerTestUtil (RaftServerTestUtil.java:waitAndCheckNewConf(94)) - waitAndCheckNewConf: peers=[s1|0.0.0.0:33345, s2|0.0.0.0:35933, s0|localhost:39621], deadPeers=null, printing ALL groups
  s0:  RUNNING    LEADER s0@group-2CF1A2762F1F:t1, leader=s0, voted=s0, raftlog=Memoized:s0@group-2CF1A2762F1F-SegmentedRaftLog:OPENED:c262, conf=261: peers:[s0|localhost:39621, s1|0.0.0.0:33345, s2|0.0.0.0:35933]|listeners:[], old=null RUNNING
  s1:  RUNNING  FOLLOWER s1@group-2CF1A2762F1F:t1, leader=s0, voted=null, raftlog=Memoized:s1@group-2CF1A2762F1F-SegmentedRaftLog:OPENED:c262, conf=261: peers:[s0|localhost:39621, s1|0.0.0.0:33345, s2|0.0.0.0:35933]|listeners:[], old=null RUNNING
  s2:  RUNNING  FOLLOWER s2@group-2CF1A2762F1F:t1, leader=s0, voted=null, raftlog=Memoized:s2@group-2CF1A2762F1F-SegmentedRaftLog:OPENED:c-1, conf=257: peers:[s0|localhost:39621, s1|0.0.0.0:33345]|listeners:[], old=null STARTING
2023-11-07 01:40:09,293 [Time-limited test] INFO  impl.RaftServerTestUtil (RaftServerTestUtil.java:waitAndCheckNewConf(103)) - checking    LEADER s0@group-2CF1A2762F1F:t1, leader=s0, voted=s0, raftlog=Memoized:s0@group-2CF1A2762F1F-SegmentedRaftLog:OPENED:c262, conf=261: peers:[s0|localhost:39621, s1|0.0.0.0:33345, s2|0.0.0.0:35933]|listeners:[], old=null RUNNING
2023-11-07 01:40:09,293 [Time-limited test] INFO  impl.RaftServerTestUtil (RaftServerTestUtil.java:waitAndCheckNewConf(103)) - checking  FOLLOWER s1@group-2CF1A2762F1F:t1, leader=s0, voted=null, raftlog=Memoized:s1@group-2CF1A2762F1F-SegmentedRaftLog:OPENED:c262, conf=261: peers:[s0|localhost:39621, s1|0.0.0.0:33345, s2|0.0.0.0:35933]|listeners:[], old=null RUNNING
2023-11-07 01:40:09,293 [Time-limited test] INFO  impl.RaftServerTestUtil (RaftServerTestUtil.java:waitAndCheckNewConf(103)) - checking  FOLLOWER s2@group-2CF1A2762F1F:t1, leader=s0, voted=null, raftlog=Memoized:s2@group-2CF1A2762F1F-SegmentedRaftLog:OPENED:c-1, conf=257: peers:[s0|localhost:39621, s1|0.0.0.0:33345]|listeners:[], old=null STARTING
2023-11-07 01:40:09,293 [Time-limited test] WARN  impl.RaftServerTestUtil (JavaUtils.java:attempt(223)) - FAILED "waitAndCheckNewConf", attempt #9/10: java.lang.AssertionError, sleep 600ms and then retry.
java.lang.AssertionError
	at org.junit.Assert.fail(Assert.java:87)
	at org.junit.Assert.assertTrue(Assert.java:42)
	at org.junit.Assert.assertTrue(Assert.java:53)
	at org.apache.ratis.server.impl.RaftServerTestUtil.waitAndCheckNewConf(RaftServerTestUtil.java:114)
	at org.apache.ratis.server.impl.RaftServerTestUtil.lambda$waitAndCheckNewConf$3(RaftServerTestUtil.java:89)
	at org.apache.ratis.util.function.CheckedRunnable.lambda$asCheckedSupplier$0(CheckedRunnable.java:32)
	at org.apache.ratis.util.JavaUtils.attempt(JavaUtils.java:217)
	at org.apache.ratis.util.JavaUtils.attemptRepeatedly(JavaUtils.java:203)
	at org.apache.ratis.util.JavaUtils.attempt(JavaUtils.java:237)
	at org.apache.ratis.server.impl.RaftServerTestUtil.waitAndCheckNewConf(RaftServerTestUtil.java:89)
	at org.apache.ratis.InstallSnapshotFromLeaderTests.testMultiFileInstallSnapshot(InstallSnapshotFromLeaderTests.java:119)
	at org.apache.ratis.server.impl.MiniRaftCluster$Factory$Get.runWithNewCluster(MiniRaftCluster.java:141)
	at org.apache.ratis.server.impl.MiniRaftCluster$Factory$Get.runWithNewCluster(MiniRaftCluster.java:121)
	at org.apache.ratis.InstallSnapshotFromLeaderTests.testMultiFileInstallSnapshot(InstallSnapshotFromLeaderTests.java:82)
	at java.base/jdk.internal.reflect.NativeMethodAccessorImpl.invoke0(Native Method)
	at java.base/jdk.internal.reflect.NativeMethodAccessorImpl.invoke(NativeMethodAccessorImpl.java:62)
	at java.base/jdk.internal.reflect.DelegatingMethodAccessorImpl.invoke(DelegatingMethodAccessorImpl.java:43)
	at java.base/java.lang.reflect.Method.invoke(Method.java:566)
	at org.junit.runners.model.FrameworkMethod$1.runReflectiveCall(FrameworkMethod.java:59)
	at org.junit.internal.runners.model.ReflectiveCallable.run(ReflectiveCallable.java:12)
	at org.junit.runners.model.FrameworkMethod.invokeExplosively(FrameworkMethod.java:56)
	at org.junit.internal.runners.statements.InvokeMethod.evaluate(InvokeMethod.java:17)
	at org.junit.internal.runners.statements.RunAfters.evaluate(RunAfters.java:27)
	at org.junit.internal.runners.statements.FailOnTimeout$CallableStatement.call(FailOnTimeout.java:299)
	at org.junit.internal.runners.statements.FailOnTimeout$CallableStatement.call(FailOnTimeout.java:293)
	at java.base/java.util.concurrent.FutureTask.run(FutureTask.java:264)
	at java.base/java.lang.Thread.run(Thread.java:829)
2023-11-07 01:40:09,894 [Time-limited test] INFO  impl.RaftServerTestUtil (RaftServerTestUtil.java:waitAndCheckNewConf(94)) - waitAndCheckNewConf: peers=[s1|0.0.0.0:33345, s2|0.0.0.0:35933, s0|localhost:39621], deadPeers=null, printing ALL groups
  s0:  RUNNING    LEADER s0@group-2CF1A2762F1F:t1, leader=s0, voted=s0, raftlog=Memoized:s0@group-2CF1A2762F1F-SegmentedRaftLog:OPENED:c262, conf=261: peers:[s0|localhost:39621, s1|0.0.0.0:33345, s2|0.0.0.0:35933]|listeners:[], old=null RUNNING
  s1:  RUNNING  FOLLOWER s1@group-2CF1A2762F1F:t1, leader=s0, voted=null, raftlog=Memoized:s1@group-2CF1A2762F1F-SegmentedRaftLog:OPENED:c262, conf=261: peers:[s0|localhost:39621, s1|0.0.0.0:33345, s2|0.0.0.0:35933]|listeners:[], old=null RUNNING
  s2:  RUNNING  FOLLOWER s2@group-2CF1A2762F1F:t1, leader=s0, voted=null, raftlog=Memoized:s2@group-2CF1A2762F1F-SegmentedRaftLog:OPENED:c-1, conf=257: peers:[s0|localhost:39621, s1|0.0.0.0:33345]|listeners:[], old=null STARTING
2023-11-07 01:40:09,895 [Time-limited test] INFO  impl.RaftServerTestUtil (RaftServerTestUtil.java:waitAndCheckNewConf(103)) - checking    LEADER s0@group-2CF1A2762F1F:t1, leader=s0, voted=s0, raftlog=Memoized:s0@group-2CF1A2762F1F-SegmentedRaftLog:OPENED:c262, conf=261: peers:[s0|localhost:39621, s1|0.0.0.0:33345, s2|0.0.0.0:35933]|listeners:[], old=null RUNNING
2023-11-07 01:40:09,895 [Time-limited test] INFO  impl.RaftServerTestUtil (RaftServerTestUtil.java:waitAndCheckNewConf(103)) - checking  FOLLOWER s1@group-2CF1A2762F1F:t1, leader=s0, voted=null, raftlog=Memoized:s1@group-2CF1A2762F1F-SegmentedRaftLog:OPENED:c262, conf=261: peers:[s0|localhost:39621, s1|0.0.0.0:33345, s2|0.0.0.0:35933]|listeners:[], old=null RUNNING
2023-11-07 01:40:09,895 [Time-limited test] INFO  impl.RaftServerTestUtil (RaftServerTestUtil.java:waitAndCheckNewConf(103)) - checking  FOLLOWER s2@group-2CF1A2762F1F:t1, leader=s0, voted=null, raftlog=Memoized:s2@group-2CF1A2762F1F-SegmentedRaftLog:OPENED:c-1, conf=257: peers:[s0|localhost:39621, s1|0.0.0.0:33345]|listeners:[], old=null STARTING
2023-11-07 01:40:09,895 [Time-limited test] INFO  impl.MiniRaftCluster (MiniRaftCluster.java:shutdown(831)) - ************************************************************** 
2023-11-07 01:40:09,895 [Time-limited test] INFO  impl.MiniRaftCluster (MiniRaftCluster.java:shutdown(832)) - *** 
2023-11-07 01:40:09,895 [Time-limited test] INFO  impl.MiniRaftCluster (MiniRaftCluster.java:shutdown(833)) - ***     Stopping MiniRaftClusterWithGrpc
2023-11-07 01:40:09,895 [Time-limited test] INFO  impl.MiniRaftCluster (MiniRaftCluster.java:shutdown(834)) - *** 
2023-11-07 01:40:09,895 [Time-limited test] INFO  impl.MiniRaftCluster (MiniRaftCluster.java:shutdown(835)) - ************************************************************** 
2023-11-07 01:40:09,895 [Time-limited test] INFO  impl.MiniRaftCluster (MiniRaftCluster.java:shutdown(836)) - printing ALL groups
  s0:  RUNNING    LEADER s0@group-2CF1A2762F1F:t1, leader=s0, voted=s0, raftlog=Memoized:s0@group-2CF1A2762F1F-SegmentedRaftLog:OPENED:c262, conf=261: peers:[s0|localhost:39621, s1|0.0.0.0:33345, s2|0.0.0.0:35933]|listeners:[], old=null RUNNING
  s1:  RUNNING  FOLLOWER s1@group-2CF1A2762F1F:t1, leader=s0, voted=null, raftlog=Memoized:s1@group-2CF1A2762F1F-SegmentedRaftLog:OPENED:c262, conf=261: peers:[s0|localhost:39621, s1|0.0.0.0:33345, s2|0.0.0.0:35933]|listeners:[], old=null RUNNING
  s2:  RUNNING  FOLLOWER s2@group-2CF1A2762F1F:t1, leader=s0, voted=null, raftlog=Memoized:s2@group-2CF1A2762F1F-SegmentedRaftLog:OPENED:c-1, conf=257: peers:[s0|localhost:39621, s1|0.0.0.0:33345]|listeners:[], old=null STARTING
2023-11-07 01:40:09,897 [MiniRaftCluster-1] INFO  server.RaftServer (RaftServerProxy.java:lambda$close$9(416)) - s0: close
2023-11-07 01:40:09,900 [MiniRaftCluster-3] INFO  server.RaftServer (RaftServerProxy.java:lambda$close$9(416)) - s2: close
2023-11-07 01:40:09,898 [MiniRaftCluster-2] INFO  server.RaftServer (RaftServerProxy.java:lambda$close$9(416)) - s1: close
2023-11-07 01:40:09,904 [MiniRaftCluster-1] INFO  server.GrpcService (GrpcService.java:closeImpl(311)) - s0: shutdown server org.apache.ratis.grpc.server.GrpcClientProtocolService now
2023-11-07 01:40:09,904 [s0-impl-thread1] INFO  server.RaftServer$Division (RaftServerImpl.java:lambda$close$3(514)) - s0@group-2CF1A2762F1F: shutdown
2023-11-07 01:40:09,905 [s0-impl-thread1] INFO  util.JmxRegister (JmxRegister.java:unregister(73)) - Successfully un-registered JMX Bean with object name Ratis:service=RaftServer,group=group-2CF1A2762F1F,id=s0
2023-11-07 01:40:09,905 [s0-impl-thread1] INFO  impl.RoleInfo (RoleInfo.java:shutdownLeaderState(94)) - s0: shutdown s0@group-2CF1A2762F1F-LeaderStateImpl
2023-11-07 01:40:09,905 [s0-impl-thread1] INFO  impl.PendingRequests (PendingRequests.java:sendNotLeaderResponses(289)) - s0@group-2CF1A2762F1F-PendingRequests: sendNotLeaderResponses
2023-11-07 01:40:09,906 [s0@group-2CF1A2762F1F->s1-GrpcLogAppender-LogAppenderDaemon] WARN  server.GrpcLogAppender (GrpcLogAppender.java:mayWait(212)) - s0@group-2CF1A2762F1F->s1-GrpcLogAppender: Wait interrupted by java.lang.InterruptedException
2023-11-07 01:40:09,907 [s0@group-2CF1A2762F1F->s2-GrpcLogAppender-LogAppenderDaemon] WARN  server.GrpcLogAppender (GrpcLogAppender.java:installSnapshot(668)) - s0@group-2CF1A2762F1F->s2-GrpcLogAppender: failed to installSnapshot FileListSnapshotInfo(t:1, i:255):[/home/runner/work/ratis/ratis/ratis-test/target/test/data/1674ca6a/MiniRaftClusterWithGrpcb561eb18/s0/0d456c30-a13a-4fbd-b706-2cf1a2762f1f/sm/snapshot/1.bin, /home/runner/work/ratis/ratis/ratis-test/target/test/data/1674ca6a/MiniRaftClusterWithGrpcb561eb18/s0/0d456c30-a13a-4fbd-b706-2cf1a2762f1f/sm/snapshot/sub/2.bin, /home/runner/work/ratis/ratis/ratis-test/target/test/data/1674ca6a/MiniRaftClusterWithGrpcb561eb18/s0/0d456c30-a13a-4fbd-b706-2cf1a2762f1f/sm/snapshot.1_255]
java.lang.IllegalStateException: Interrupted onNext s0->s2#0-t1,chunk:f8bb6a65-7be2-4593-81e9-ae443156a36b,12
	at org.apache.ratis.grpc.util.StreamObserverWithTimeout.acquire(StreamObserverWithTimeout.java:88)
	at org.apache.ratis.grpc.util.StreamObserverWithTimeout.onNext(StreamObserverWithTimeout.java:99)
	at org.apache.ratis.grpc.server.GrpcLogAppender.installSnapshot(GrpcLogAppender.java:658)
	at org.apache.ratis.grpc.server.GrpcLogAppender.installSnapshot(GrpcLogAppender.java:161)
	at org.apache.ratis.grpc.server.GrpcLogAppender.run(GrpcLogAppender.java:180)
	at org.apache.ratis.server.leader.LogAppenderDaemon.run(LogAppenderDaemon.java:80)
	at java.base/java.lang.Thread.run(Thread.java:829)
Caused by: java.lang.InterruptedException
	at java.base/java.util.concurrent.locks.AbstractQueuedSynchronizer.doAcquireSharedNanos(AbstractQueuedSynchronizer.java:1081)
	at java.base/java.util.concurrent.locks.AbstractQueuedSynchronizer.tryAcquireSharedNanos(AbstractQueuedSynchronizer.java:1369)
	at java.base/java.util.concurrent.Semaphore.tryAcquire(Semaphore.java:415)
	at org.apache.ratis.grpc.util.StreamObserverWithTimeout.acquire(StreamObserverWithTimeout.java:85)
	... 6 more
2023-11-07 01:40:09,908 [grpc-default-executor-2] INFO  server.GrpcServerProtocolService (GrpcServerProtocolService.java:onCompleted(157)) - s1: Completed APPEND_ENTRIES, lastRequest: s0->s1#15-t1,previous=(t:1, i:261),leaderCommit=261,initializing? true,entries: size=1, first=(t:1, i:262), METADATAENTRY(c:261)
2023-11-07 01:40:09,909 [s1-impl-thread1] INFO  server.RaftServer$Division (RaftServerImpl.java:lambda$close$3(514)) - s1@group-2CF1A2762F1F: shutdown
2023-11-07 01:40:09,910 [s1-impl-thread1] INFO  util.JmxRegister (JmxRegister.java:unregister(73)) - Successfully un-registered JMX Bean with object name Ratis:service=RaftServer,group=group-2CF1A2762F1F,id=s1
2023-11-07 01:40:09,910 [s1-impl-thread1] INFO  impl.RoleInfo (RoleInfo.java:shutdownFollowerState(110)) - s1: shutdown s1@group-2CF1A2762F1F-FollowerState
2023-11-07 01:40:09,910 [s1-impl-thread1] INFO  impl.StateMachineUpdater (StateMachineUpdater.java:stopAndJoin(157)) - s1@group-2CF1A2762F1F-StateMachineUpdater: set stopIndex = 262
2023-11-07 01:40:09,910 [s1@group-2CF1A2762F1F-FollowerState] INFO  impl.FollowerState (FollowerState.java:run(152)) - s1@group-2CF1A2762F1F-FollowerState was interrupted
2023-11-07 01:40:09,909 [MiniRaftCluster-2] INFO  server.GrpcService (GrpcService.java:closeImpl(311)) - s1: shutdown server GrpcServerProtocolService now
2023-11-07 01:40:09,915 [grpc-default-executor-2] INFO  server.GrpcServerProtocolService (GrpcServerProtocolService.java:lambda$onCompleted$5(159)) - s1: Completed APPEND_ENTRIES, lastReply: serverReply {
  requestorId: "s0"
  replyId: "s1"
  raftGroupId {
    id: "\rEl0\241:O\275\267\006,\361\242v/\037"
  }
  callId: 85
  success: true
}
term: 1
nextIndex: 263
followerCommit: 262
matchIndex: 18446744073709551615
isHearbeat: true

2023-11-07 01:40:09,916 [grpc-default-executor-1] INFO  server.GrpcLogAppender (GrpcLogAppender.java:onCompleted(469)) - s0@group-2CF1A2762F1F->s1-AppendLogResponseHandler: follower responses appendEntries COMPLETED
2023-11-07 01:40:09,918 [MiniRaftCluster-3] INFO  server.GrpcService (GrpcService.java:closeImpl(311)) - s2: shutdown server GrpcServerProtocolService now
2023-11-07 01:40:09,918 [s2-impl-thread1] INFO  server.RaftServer$Division (RaftServerImpl.java:lambda$close$3(514)) - s2@group-2CF1A2762F1F: shutdown
2023-11-07 01:40:09,918 [s2-impl-thread1] INFO  util.JmxRegister (JmxRegister.java:unregister(73)) - Successfully un-registered JMX Bean with object name Ratis:service=RaftServer,group=group-2CF1A2762F1F,id=s2
2023-11-07 01:40:09,919 [s2-impl-thread1] INFO  impl.StateMachineUpdater (StateMachineUpdater.java:stopAndJoin(157)) - s2@group-2CF1A2762F1F-StateMachineUpdater: set stopIndex = -1
2023-11-07 01:40:09,911 [grpc-default-executor-0] INFO  server.GrpcServerProtocolService (GrpcServerProtocolService.java:onCompleted(157)) - s2: Completed APPEND_ENTRIES, lastRequest: null
2023-11-07 01:40:09,919 [grpc-default-executor-0] INFO  server.GrpcServerProtocolService (GrpcServerProtocolService.java:lambda$onCompleted$5(159)) - s2: Completed APPEND_ENTRIES, lastReply: null
2023-11-07 01:40:09,920 [grpc-default-executor-2] INFO  server.GrpcLogAppender (GrpcLogAppender.java:onCompleted(469)) - s0@group-2CF1A2762F1F->s2-AppendLogResponseHandler: follower responses appendEntries COMPLETED
2023-11-07 01:40:09,922 [s2-impl-thread1] INFO  server.RaftServer$Division (ServerState.java:close(423)) - s2@group-2CF1A2762F1F: applyIndex: -1
2023-11-07 01:40:09,923 [s0-impl-thread1] INFO  impl.StateMachineUpdater (StateMachineUpdater.java:stopAndJoin(157)) - s0@group-2CF1A2762F1F-StateMachineUpdater: set stopIndex = 262
2023-11-07 01:40:09,924 [s2@group-2CF1A2762F1F-cacheEviction-AwaitToRun] INFO  util.AwaitToRun (AwaitToRun.java:run(49)) - s2@group-2CF1A2762F1F-cacheEviction-AwaitToRun-AwaitForSignal is interrupted
2023-11-07 01:40:09,939 [Thread-57] INFO  server.GrpcServerProtocolClient (GrpcServerProtocolClient.java:close(103)) - s1 Close channels
2023-11-07 01:40:09,939 [MiniRaftCluster-2] INFO  server.GrpcService (GrpcService.java:closeImpl(320)) - s1: shutdown server GrpcServerProtocolService successfully
2023-11-07 01:40:09,940 [s1@group-2CF1A2762F1F-StateMachineUpdater] TRACE util.FileUtils (LogUtils.java:supplyAndLog(69)) - Successfully supplied FileChannel.open /home/runner/work/ratis/ratis/ratis-test/target/test/data/1674ca6a/MiniRaftClusterWithGrpcb561eb18/s1/0d456c30-a13a-4fbd-b706-2cf1a2762f1f/sm/snapshot.1_262 with options [READ]: sun.nio.ch.FileChannelImpl@74d5051
2023-11-07 01:40:09,942 [s1@group-2CF1A2762F1F-StateMachineUpdater] TRACE util.FileUtils (LogUtils.java:supplyAndLog(69)) - Successfully supplied FileChannel.open /home/runner/work/ratis/ratis/ratis-test/target/test/data/1674ca6a/MiniRaftClusterWithGrpcb561eb18/s1/0d456c30-a13a-4fbd-b706-2cf1a2762f1f/sm/snapshot.1_262.md5.tmp with options [CREATE, WRITE]: sun.nio.ch.FileChannelImpl@57bf475e
2023-11-07 01:40:09,942 [s0@group-2CF1A2762F1F-StateMachineUpdater] TRACE util.FileUtils (LogUtils.java:supplyAndLog(69)) - Successfully supplied FileChannel.open /home/runner/work/ratis/ratis/ratis-test/target/test/data/1674ca6a/MiniRaftClusterWithGrpcb561eb18/s0/0d456c30-a13a-4fbd-b706-2cf1a2762f1f/sm/snapshot.1_262 with options [READ]: sun.nio.ch.FileChannelImpl@23bc7337
2023-11-07 01:40:09,942 [s0@group-2CF1A2762F1F-StateMachineUpdater] TRACE util.FileUtils (LogUtils.java:supplyAndLog(69)) - Successfully supplied FileChannel.open /home/runner/work/ratis/ratis/ratis-test/target/test/data/1674ca6a/MiniRaftClusterWithGrpcb561eb18/s0/0d456c30-a13a-4fbd-b706-2cf1a2762f1f/sm/snapshot.1_262.md5.tmp with options [CREATE, WRITE]: sun.nio.ch.FileChannelImpl@6bd85312
2023-11-07 01:40:09,944 [Thread-58] INFO  server.GrpcServerProtocolClient (GrpcServerProtocolClient.java:close(103)) - s2 Close channels
2023-11-07 01:40:09,944 [s1@group-2CF1A2762F1F-StateMachineUpdater] TRACE util.FileUtils (LogUtils.java:runAndLog(49)) - Successfully ran Atomic Files.move /home/runner/work/ratis/ratis/ratis-test/target/test/data/1674ca6a/MiniRaftClusterWithGrpcb561eb18/s1/0d456c30-a13a-4fbd-b706-2cf1a2762f1f/sm/snapshot.1_262.md5.tmp to /home/runner/work/ratis/ratis/ratis-test/target/test/data/1674ca6a/MiniRaftClusterWithGrpcb561eb18/s1/0d456c30-a13a-4fbd-b706-2cf1a2762f1f/sm/snapshot.1_262.md5 with options [REPLACE_EXISTING]
2023-11-07 01:40:09,944 [s1@group-2CF1A2762F1F-StateMachineUpdater] INFO  impl.StateMachineUpdater (StateMachineUpdater.java:takeSnapshot(295)) - s1@group-2CF1A2762F1F-StateMachineUpdater: Took a snapshot at index 262
2023-11-07 01:40:09,944 [s0@group-2CF1A2762F1F-StateMachineUpdater] TRACE util.FileUtils (LogUtils.java:runAndLog(49)) - Successfully ran Atomic Files.move /home/runner/work/ratis/ratis/ratis-test/target/test/data/1674ca6a/MiniRaftClusterWithGrpcb561eb18/s0/0d456c30-a13a-4fbd-b706-2cf1a2762f1f/sm/snapshot.1_262.md5.tmp to /home/runner/work/ratis/ratis/ratis-test/target/test/data/1674ca6a/MiniRaftClusterWithGrpcb561eb18/s0/0d456c30-a13a-4fbd-b706-2cf1a2762f1f/sm/snapshot.1_262.md5 with options [REPLACE_EXISTING]
2023-11-07 01:40:09,944 [s1@group-2CF1A2762F1F-StateMachineUpdater] INFO  impl.StateMachineUpdater (StateMachineUpdater.java:lambda$new$0(98)) - s1@group-2CF1A2762F1F-StateMachineUpdater: snapshotIndex: updateIncreasingly 257 -> 262
2023-11-07 01:40:09,945 [s0@group-2CF1A2762F1F-StateMachineUpdater] INFO  impl.StateMachineUpdater (StateMachineUpdater.java:takeSnapshot(295)) - s0@group-2CF1A2762F1F-StateMachineUpdater: Took a snapshot at index 262
2023-11-07 01:40:09,945 [s0@group-2CF1A2762F1F-StateMachineUpdater] INFO  impl.StateMachineUpdater (StateMachineUpdater.java:lambda$new$0(98)) - s0@group-2CF1A2762F1F-StateMachineUpdater: snapshotIndex: updateIncreasingly 255 -> 262
2023-11-07 01:40:09,945 [s0-impl-thread1] INFO  server.RaftServer$Division (ServerState.java:close(423)) - s0@group-2CF1A2762F1F: applyIndex: 262
2023-11-07 01:40:09,946 [s1-impl-thread1] INFO  server.RaftServer$Division (ServerState.java:close(423)) - s1@group-2CF1A2762F1F: applyIndex: 262
2023-11-07 01:40:09,946 [s1@group-2CF1A2762F1F-cacheEviction-AwaitToRun] INFO  util.AwaitToRun (AwaitToRun.java:run(49)) - s1@group-2CF1A2762F1F-cacheEviction-AwaitToRun-AwaitForSignal is interrupted
2023-11-07 01:40:09,947 [MiniRaftCluster-3] INFO  server.GrpcService (GrpcService.java:closeImpl(320)) - s2: shutdown server GrpcServerProtocolService successfully
2023-11-07 01:40:09,948 [s0@group-2CF1A2762F1F-cacheEviction-AwaitToRun] INFO  util.AwaitToRun (AwaitToRun.java:run(49)) - s0@group-2CF1A2762F1F-cacheEviction-AwaitToRun-AwaitForSignal is interrupted
2023-11-07 01:40:09,948 [MiniRaftCluster-1] INFO  server.GrpcService (GrpcService.java:closeImpl(320)) - s0: shutdown server org.apache.ratis.grpc.server.GrpcClientProtocolService successfully
2023-11-07 01:40:09,948 [MiniRaftCluster-1] INFO  server.GrpcService (GrpcService.java:closeImpl(311)) - s0: shutdown server GrpcServerProtocolService now
2023-11-07 01:40:09,951 [MiniRaftCluster-1] INFO  server.GrpcService (GrpcService.java:closeImpl(320)) - s0: shutdown server GrpcServerProtocolService successfully
2023-11-07 01:40:09,952 [MiniRaftCluster-1] INFO  server.GrpcService (GrpcService.java:closeImpl(311)) - s0: shutdown server org.apache.ratis.grpc.server.GrpcAdminProtocolService now
2023-11-07 01:40:09,964 [MiniRaftCluster-1] INFO  server.GrpcService (GrpcService.java:closeImpl(320)) - s0: shutdown server org.apache.ratis.grpc.server.GrpcAdminProtocolService successfully
2023-11-07 01:40:10,471 [s0-impl-thread1] INFO  segmented.SegmentedRaftLogWorker (SegmentedRaftLogWorker.java:close(243)) - s0@group-2CF1A2762F1F-SegmentedRaftLogWorker close()
2023-11-07 01:40:10,472 [JvmPauseMonitor0] INFO  util.JvmPauseMonitor (JvmPauseMonitor.java:run(152)) - JvmPauseMonitor-s0: Stopped
2023-11-07 01:40:10,474 [s1-impl-thread1] INFO  segmented.SegmentedRaftLogWorker (SegmentedRaftLogWorker.java:close(243)) - s1@group-2CF1A2762F1F-SegmentedRaftLogWorker close()
2023-11-07 01:40:10,477 [JvmPauseMonitor1] INFO  util.JvmPauseMonitor (JvmPauseMonitor.java:run(152)) - JvmPauseMonitor-s1: Stopped
2023-11-07 01:40:10,811 [s2-impl-thread1] INFO  segmented.SegmentedRaftLogWorker (SegmentedRaftLogWorker.java:close(243)) - s2@group-2CF1A2762F1F-SegmentedRaftLogWorker close()
2023-11-07 01:40:10,813 [JvmPauseMonitor2] INFO  util.JvmPauseMonitor (JvmPauseMonitor.java:run(152)) - JvmPauseMonitor-s2: Stopped
2023-11-07 01:40:10,814 [Time-limited test] INFO  impl.MiniRaftCluster (MiniRaftCluster.java:shutdown(855)) - MiniRaftClusterWithGrpc shutdown completed
2023-11-07 01:40:10,814 [Time-limited test] INFO  impl.MiniRaftCluster (MiniRaftCluster.java:shutdown(831)) - ************************************************************** 
2023-11-07 01:40:10,814 [Time-limited test] INFO  impl.MiniRaftCluster (MiniRaftCluster.java:shutdown(832)) - *** 
2023-11-07 01:40:10,814 [Time-limited test] INFO  impl.MiniRaftCluster (MiniRaftCluster.java:shutdown(833)) - ***     Stopping MiniRaftClusterWithGrpc
2023-11-07 01:40:10,815 [Time-limited test] INFO  impl.MiniRaftCluster (MiniRaftCluster.java:shutdown(834)) - *** 
2023-11-07 01:40:10,815 [Time-limited test] INFO  impl.MiniRaftCluster (MiniRaftCluster.java:shutdown(835)) - ************************************************************** 
2023-11-07 01:40:10,815 [Time-limited test] INFO  impl.MiniRaftCluster (MiniRaftCluster.java:shutdown(836)) - printing ALL groups
  s0:   CLOSED    LEADER s0@group-2CF1A2762F1F:t1, leader=s0, voted=s0, raftlog=Memoized:s0@group-2CF1A2762F1F-SegmentedRaftLog:CLOSED:c262, conf=261: peers:[s0|localhost:39621, s1|0.0.0.0:33345, s2|0.0.0.0:35933]|listeners:[], old=null CLOSED
  s1:   CLOSED  FOLLOWER s1@group-2CF1A2762F1F:t1, leader=s0, voted=null, raftlog=Memoized:s1@group-2CF1A2762F1F-SegmentedRaftLog:CLOSED:c262, conf=261: peers:[s0|localhost:39621, s1|0.0.0.0:33345, s2|0.0.0.0:35933]|listeners:[], old=null CLOSED
  s2:   CLOSED  FOLLOWER s2@group-2CF1A2762F1F:t1, leader=s0, voted=null, raftlog=Memoized:s2@group-2CF1A2762F1F-SegmentedRaftLog:CLOSED:c-1, conf=257: peers:[s0|localhost:39621, s1|0.0.0.0:33345]|listeners:[], old=null CLOSED
2023-11-07 01:40:10,819 [Time-limited test] INFO  impl.MiniRaftCluster (MiniRaftCluster.java:shutdown(855)) - MiniRaftClusterWithGrpc shutdown completed
]]></system-out>
  </testcase>
  <testcase name="testSeparateSnapshotInstallPath[0]" classname="org.apache.ratis.grpc.TestLeaderInstallSnapshot" time="2.252">
    <system-out><![CDATA[2023-11-07 01:40:10,826 [main] INFO  util.LogUtils (Slf4jUtils.java:setLogLevel(38)) - Successfully set org.apache.ratis.conf.ConfUtils log level to WARN
2023-11-07 01:40:10,826 [main] INFO  util.LogUtils (Slf4jUtils.java:setLogLevel(38)) - Successfully set org.apache.ratis.util.FileUtils log level to TRACE
2023-11-07 01:40:10,827 [Time-limited test] INFO  impl.MiniRaftCluster (MiniRaftCluster.java:runWithNewCluster(135)) - Running runWithNewCluster
2023-11-07 01:40:10,828 [Time-limited test] INFO  impl.MiniRaftCluster (MiniRaftCluster.java:<init>(306)) - new MiniRaftClusterWithGrpc with group-932FD4798A9C:[s0|localhost:38001]
2023-11-07 01:40:10,828 [Time-limited test] INFO  impl.MiniRaftCluster (MiniRaftCluster.java:start(339)) - .............................................................. 
2023-11-07 01:40:10,828 [Time-limited test] INFO  impl.MiniRaftCluster (MiniRaftCluster.java:start(340)) - ... 
2023-11-07 01:40:10,828 [Time-limited test] INFO  impl.MiniRaftCluster (MiniRaftCluster.java:start(341)) - ...     Starting MiniRaftClusterWithGrpc
2023-11-07 01:40:10,828 [Time-limited test] INFO  impl.MiniRaftCluster (MiniRaftCluster.java:start(342)) - ... 
2023-11-07 01:40:10,828 [Time-limited test] INFO  impl.MiniRaftCluster (MiniRaftCluster.java:start(343)) - .............................................................. 
2023-11-07 01:40:10,828 [Time-limited test] INFO  impl.MiniRaftCluster (MiniRaftCluster.java:initServers(318)) - servers = {}
2023-11-07 01:40:10,828 [Time-limited test] INFO  impl.MiniRaftCluster (MiniRaftCluster.java:newRaftServer(382)) - newRaftServer: s0, group-932FD4798A9C:[s0|localhost:38001], format? true
2023-11-07 01:40:10,829 [Time-limited test] TRACE util.FileUtils (FileUtils.java:deleteFully(305)) - deleteFully target/test/data/1674ca6a/MiniRaftClusterWithGrpc4bdb6f51/s0
2023-11-07 01:40:10,829 [Time-limited test] TRACE util.FileUtils (FileUtils.java:deleteFully(318)) - deleteFully: target/test/data/1674ca6a/MiniRaftClusterWithGrpc4bdb6f51/s0 does not exist.
2023-11-07 01:40:10,829 [Time-limited test] INFO  impl.MiniRaftCluster (MiniRaftCluster.java:newRaftServer(387)) - Formatted directory target/test/data/1674ca6a/MiniRaftClusterWithGrpc4bdb6f51/s0
2023-11-07 01:40:10,830 [Time-limited test] INFO  server.RaftServer (ConfUtils.java:logGet(46)) - raft.rpc.type = GRPC (default)
2023-11-07 01:40:10,830 [Time-limited test] INFO  grpc.GrpcConfigKeys (ConfUtils.java:logFallback(53)) - raft.grpc.admin.host = null (fallback to raft.grpc.server.host)
2023-11-07 01:40:10,830 [Time-limited test] INFO  grpc.GrpcConfigKeys (ConfUtils.java:logGet(46)) - raft.grpc.admin.port = 44139 (custom)
2023-11-07 01:40:10,830 [Time-limited test] INFO  grpc.GrpcConfigKeys (ConfUtils.java:logFallback(53)) - raft.grpc.client.host = null (fallback to raft.grpc.server.host)
2023-11-07 01:40:10,831 [Time-limited test] INFO  grpc.GrpcConfigKeys (ConfUtils.java:logGet(46)) - raft.grpc.client.port = 36435 (custom)
2023-11-07 01:40:10,831 [Time-limited test] INFO  grpc.GrpcConfigKeys (ConfUtils.java:logGet(46)) - raft.grpc.server.host = null (default)
2023-11-07 01:40:10,831 [Time-limited test] INFO  grpc.GrpcConfigKeys (ConfUtils.java:logGet(46)) - raft.grpc.server.port = 38001 (custom)
2023-11-07 01:40:10,831 [Time-limited test] INFO  server.GrpcService (ConfUtils.java:logGet(46)) - raft.grpc.message.size.max = 64MB (=67108864) (default)
2023-11-07 01:40:10,831 [Time-limited test] INFO  server.RaftServerConfigKeys (ConfUtils.java:logGet(46)) - raft.server.log.appender.buffer.byte-limit = 4MB (=4194304) (default)
2023-11-07 01:40:10,831 [Time-limited test] INFO  server.GrpcService (ConfUtils.java:logGet(46)) - raft.grpc.flow.control.window = 1MB (=1048576) (default)
2023-11-07 01:40:10,831 [Time-limited test] INFO  server.RaftServerConfigKeys (ConfUtils.java:logGet(46)) - raft.server.rpc.request.timeout = 3000ms (default)
2023-11-07 01:40:10,831 [Time-limited test] INFO  grpc.GrpcConfigKeys (ConfUtils.java:logGet(46)) - raft.grpc.server.heartbeat.channel = false (custom)
2023-11-07 01:40:10,831 [Time-limited test] INFO  grpc.GrpcConfigKeys (ConfUtils.java:logGet(46)) - raft.grpc.server.async.request.thread.pool.cached = true (default)
2023-11-07 01:40:10,831 [Time-limited test] INFO  grpc.GrpcConfigKeys (ConfUtils.java:logGet(46)) - raft.grpc.server.async.request.thread.pool.size = 32 (default)
2023-11-07 01:40:10,833 [Time-limited test] INFO  impl.DataStreamServerImpl (ConfUtils.java:logGet(46)) - raft.datastream.type = DISABLED (default)
2023-11-07 01:40:10,833 [Time-limited test] INFO  server.RaftServerConfigKeys (ConfUtils.java:logGet(46)) - raft.server.sleep.deviation.threshold = 300ms (default)
2023-11-07 01:40:10,833 [Time-limited test] INFO  server.RaftServerConfigKeys (ConfUtils.java:logGet(46)) - raft.server.close.threshold = 60s (default)
2023-11-07 01:40:10,833 [Time-limited test] INFO  server.RaftServerConfigKeys (ConfUtils.java:logGet(46)) - raft.server.leaderelection.leader.step-down.wait-time = 10s (default)
2023-11-07 01:40:10,833 [Time-limited test] INFO  server.RaftServerConfigKeys (ConfUtils.java:logGet(46)) - raft.server.storage.dir = [/home/runner/work/ratis/ratis/ratis-test/target/test/data/1674ca6a/MiniRaftClusterWithGrpc4bdb6f51/s0] (custom)
2023-11-07 01:40:10,833 [Time-limited test] INFO  server.RaftServerConfigKeys (ConfUtils.java:logGet(46)) - raft.server.threadpool.proxy.cached = true (default)
2023-11-07 01:40:10,833 [Time-limited test] INFO  server.RaftServerConfigKeys (ConfUtils.java:logGet(46)) - raft.server.threadpool.proxy.size = 0 (default)
2023-11-07 01:40:10,834 [Time-limited test] INFO  server.RaftServer (RaftServerProxy.java:addNew(100)) - s0: addNew group-932FD4798A9C:[s0|localhost:38001] returns group-932FD4798A9C:java.util.concurrent.CompletableFuture@4a5d54a5[Not completed]
2023-11-07 01:40:10,834 [s0-groupManagement] INFO  server.RaftServerConfigKeys (ConfUtils.java:logGet(46)) - raft.server.log.segment.size.max = 32MB (=33554432) (default)
2023-11-07 01:40:10,835 [s0-groupManagement] INFO  server.RaftServerConfigKeys (ConfUtils.java:logGet(46)) - raft.server.log.preallocated.size = 4MB (=4194304) (default)
2023-11-07 01:40:10,835 [s0-groupManagement] INFO  server.RaftServerConfigKeys (ConfUtils.java:logGet(46)) - raft.server.log.write.buffer.size = 64KB (=65536) (default)
2023-11-07 01:40:10,835 [s0-groupManagement] INFO  server.RaftServer$Division (RaftServerImpl.java:<init>(255)) - s0: new RaftServerImpl for group-932FD4798A9C:[s0|localhost:38001] with StateMachineWithSeparatedSnapshotPath:uninitialized
2023-11-07 01:40:10,835 [s0-groupManagement] INFO  server.RaftServerConfigKeys (ConfUtils.java:logGet(46)) - raft.server.rpc.timeout.min = 150ms (default)
2023-11-07 01:40:10,835 [s0-groupManagement] INFO  server.RaftServerConfigKeys (ConfUtils.java:logGet(46)) - raft.server.rpc.timeout.max = 300ms (default)
2023-11-07 01:40:10,835 [s0-groupManagement] INFO  server.RaftServerConfigKeys (ConfUtils.java:logGet(46)) - raft.server.rpc.sleep.time = 25ms (default)
2023-11-07 01:40:10,835 [s0-groupManagement] INFO  server.RaftServerConfigKeys (ConfUtils.java:logGet(46)) - raft.server.rpc.slowness.timeout = 60s (default)
2023-11-07 01:40:10,835 [s0-groupManagement] INFO  server.RaftServerConfigKeys (ConfUtils.java:logGet(46)) - raft.server.leaderelection.leader.step-down.wait-time = 10s (default)
2023-11-07 01:40:10,835 [s0-groupManagement] INFO  server.RaftServerConfigKeys (ConfUtils.java:logGet(46)) - raft.server.sleep.deviation.threshold = 300ms (default)
2023-11-07 01:40:10,836 [s0-groupManagement] INFO  server.RaftServer$Division (ServerState.java:<init>(113)) - s0@group-932FD4798A9C: ConfigurationManager, init=-1: peers:[s0|localhost:38001]|listeners:[], old=null, confs=<EMPTY_MAP>
2023-11-07 01:40:10,836 [s0-groupManagement] INFO  server.RaftServerConfigKeys (ConfUtils.java:logGet(46)) - raft.server.notification.no-leader.timeout = 60s (default)
2023-11-07 01:40:10,836 [s0-groupManagement] INFO  server.RaftServerConfigKeys (ConfUtils.java:logGet(46)) - raft.server.read.timeout = 10s (default)
2023-11-07 01:40:10,836 [s0-groupManagement] INFO  server.RaftServerConfigKeys (ConfUtils.java:logGet(46)) - raft.server.retrycache.expirytime = 60s (default)
2023-11-07 01:40:10,836 [s0-groupManagement] INFO  server.RaftServerConfigKeys (ConfUtils.java:logGet(46)) - raft.server.retrycache.statistics.expirytime = 100ms (default)
2023-11-07 01:40:10,836 [s0-groupManagement] INFO  server.RaftServerConfigKeys (ConfUtils.java:logGet(46)) - raft.server.read.option = DEFAULT (default)
2023-11-07 01:40:10,836 [s0-groupManagement] INFO  server.RaftServerConfigKeys (ConfUtils.java:logGet(46)) - raft.server.read.read-after-write-consistent.write-index-cache.expiry-time = 60s (default)
2023-11-07 01:40:10,841 [s0-groupManagement] INFO  server.RaftServerConfigKeys (ConfUtils.java:logGet(46)) - raft.server.rpc.request.timeout = 3000ms (default)
2023-11-07 01:40:10,841 [s0-groupManagement] INFO  server.RaftServerConfigKeys (ConfUtils.java:logGet(46)) - raft.server.log.appender.install.snapshot.enabled = true (default)
2023-11-07 01:40:10,841 [s0-groupManagement] INFO  server.RaftServerConfigKeys (ConfUtils.java:logGet(46)) - raft.server.threadpool.server.cached = true (default)
2023-11-07 01:40:10,842 [s0-groupManagement] INFO  server.RaftServerConfigKeys (ConfUtils.java:logGet(46)) - raft.server.threadpool.server.size = 0 (default)
2023-11-07 01:40:10,842 [s0-groupManagement] INFO  server.RaftServerConfigKeys (ConfUtils.java:logGet(46)) - raft.server.threadpool.client.cached = true (default)
2023-11-07 01:40:10,842 [s0-groupManagement] INFO  server.RaftServerConfigKeys (ConfUtils.java:logGet(46)) - raft.server.threadpool.client.size = 0 (default)
2023-11-07 01:40:10,842 [s0-impl-thread1] INFO  server.RaftServerConfigKeys (ConfUtils.java:logGet(46)) - raft.server.storage.free-space.min = 0MB (=0) (default)
2023-11-07 01:40:10,842 [s0-impl-thread1] INFO  server.RaftServerConfigKeys (ConfUtils.java:logGet(46)) - raft.server.log.corruption.policy = EXCEPTION (default)
2023-11-07 01:40:10,842 [s0-impl-thread1] INFO  server.RaftServerConfigKeys (ConfUtils.java:logGet(46)) - raft.server.storage.dir = [/home/runner/work/ratis/ratis/ratis-test/target/test/data/1674ca6a/MiniRaftClusterWithGrpc4bdb6f51/s0] (custom)
2023-11-07 01:40:10,842 [s0-impl-thread1] INFO  storage.RaftStorageDirectory (RaftStorageDirectoryImpl.java:analyzeStorage(138)) - The storage directory /home/runner/work/ratis/ratis/ratis-test/target/test/data/1674ca6a/MiniRaftClusterWithGrpc4bdb6f51/s0/e1a4504d-09b4-4f2b-a409-932fd4798a9c does not exist. Creating ...
2023-11-07 01:40:10,843 [s0-impl-thread1] TRACE util.FileUtils (LogUtils.java:runAndLog(49)) - Successfully ran Files.createDirectories /home/runner/work/ratis/ratis/ratis-test/target/test/data/1674ca6a/MiniRaftClusterWithGrpc4bdb6f51/s0/e1a4504d-09b4-4f2b-a409-932fd4798a9c
2023-11-07 01:40:10,846 [s0-impl-thread1] INFO  storage.RaftStorageDirectory (RaftStorageDirectoryImpl.java:tryLock(232)) - Lock on /home/runner/work/ratis/ratis/ratis-test/target/test/data/1674ca6a/MiniRaftClusterWithGrpc4bdb6f51/s0/e1a4504d-09b4-4f2b-a409-932fd4798a9c/in_use.lock acquired by nodename 29351@fv-az1231-351
2023-11-07 01:40:10,846 [s0-impl-thread1] TRACE util.FileUtils (LogUtils.java:runAndLog(49)) - Successfully ran Files.createDirectories /home/runner/work/ratis/ratis/ratis-test/target/test/data/1674ca6a/MiniRaftClusterWithGrpc4bdb6f51/s0/e1a4504d-09b4-4f2b-a409-932fd4798a9c/current
2023-11-07 01:40:10,846 [s0-impl-thread1] TRACE util.FileUtils (LogUtils.java:runAndLog(49)) - Successfully ran Files.createDirectories /home/runner/work/ratis/ratis/ratis-test/target/test/data/1674ca6a/MiniRaftClusterWithGrpc4bdb6f51/s0/e1a4504d-09b4-4f2b-a409-932fd4798a9c/sm
2023-11-07 01:40:10,847 [s0-impl-thread1] TRACE util.FileUtils (LogUtils.java:supplyAndLog(69)) - Successfully supplied FileChannel.open /home/runner/work/ratis/ratis/ratis-test/target/test/data/1674ca6a/MiniRaftClusterWithGrpc4bdb6f51/s0/e1a4504d-09b4-4f2b-a409-932fd4798a9c/current/raft-meta.tmp with options [CREATE, WRITE]: sun.nio.ch.FileChannelImpl@6b029c55
2023-11-07 01:40:10,848 [s0-impl-thread1] TRACE util.FileUtils (LogUtils.java:runAndLog(49)) - Successfully ran Atomic Files.move /home/runner/work/ratis/ratis/ratis-test/target/test/data/1674ca6a/MiniRaftClusterWithGrpc4bdb6f51/s0/e1a4504d-09b4-4f2b-a409-932fd4798a9c/current/raft-meta.tmp to /home/runner/work/ratis/ratis/ratis-test/target/test/data/1674ca6a/MiniRaftClusterWithGrpc4bdb6f51/s0/e1a4504d-09b4-4f2b-a409-932fd4798a9c/current/raft-meta with options [REPLACE_EXISTING]
2023-11-07 01:40:10,848 [s0-impl-thread1] INFO  storage.RaftStorage (RaftStorageImpl.java:format(97)) - Storage directory /home/runner/work/ratis/ratis/ratis-test/target/test/data/1674ca6a/MiniRaftClusterWithGrpc4bdb6f51/s0/e1a4504d-09b4-4f2b-a409-932fd4798a9c has been successfully formatted.
2023-11-07 01:40:10,848 [s0-impl-thread1] INFO  impl.SimpleStateMachine4Testing (SimpleStateMachine4Testing.java:initialize(213)) - Initializing StateMachineWithSeparatedSnapshotPath:uninitialized
2023-11-07 01:40:10,848 [s0-impl-thread1] INFO  impl.SimpleStateMachine4Testing (SimpleStateMachine4Testing.java:loadSnapshot(296)) - Loading snapshot null
2023-11-07 01:40:10,848 [s0-impl-thread1] TRACE util.FileUtils (FileUtils.java:deleteFully(305)) - deleteFully /tmp/ratis-tests/statemachine/s0
2023-11-07 01:40:10,848 [s0-impl-thread1] TRACE util.FileUtils (FileUtils.java:deleteFully(318)) - deleteFully: /tmp/ratis-tests/statemachine/s0 does not exist.
2023-11-07 01:40:10,849 [s0-impl-thread1] INFO  server.RaftServerConfigKeys (ConfUtils.java:logGet(46)) - raft.server.log.use.memory = false (default)
2023-11-07 01:40:10,849 [s0-impl-thread1] INFO  server.RaftServerConfigKeys (ConfUtils.java:logGet(46)) - raft.server.log.purge.gap = 8 (custom)
2023-11-07 01:40:10,849 [s0-impl-thread1] INFO  server.RaftServerConfigKeys (ConfUtils.java:logGet(46)) - raft.server.log.appender.buffer.byte-limit = 4MB (=4194304) (default)
2023-11-07 01:40:10,850 [s0-impl-thread1] INFO  server.RaftServerConfigKeys (ConfUtils.java:logGet(46)) - raft.server.log.statemachine.data.read.timeout = 1000ms (default)
2023-11-07 01:40:10,850 [s0-impl-thread1] INFO  server.RaftServerConfigKeys (ConfUtils.java:logGet(46)) - raft.server.log.purge.preservation.log.num = 0 (default)
2023-11-07 01:40:10,851 [s0-impl-thread1] INFO  server.RaftServerConfigKeys (ConfUtils.java:logGet(46)) - raft.server.log.segment.size.max = 32MB (=33554432) (default)
2023-11-07 01:40:10,851 [s0-impl-thread1] INFO  server.RaftServerConfigKeys (ConfUtils.java:logGet(46)) - raft.server.log.segment.cache.num.max = 6 (default)
2023-11-07 01:40:10,851 [s0-impl-thread1] INFO  server.RaftServerConfigKeys (ConfUtils.java:logGet(46)) - raft.server.log.segment.cache.size.max = 200MB (=209715200) (default)
2023-11-07 01:40:10,851 [s0-impl-thread1] INFO  server.RaftServerConfigKeys (ConfUtils.java:logGet(46)) - raft.server.log.appender.buffer.byte-limit = 4MB (=4194304) (default)
2023-11-07 01:40:10,851 [s0-impl-thread1] INFO  util.AwaitToRun (AwaitToRun.java:start(81)) - Thread[s0@group-932FD4798A9C-cacheEviction-AwaitToRun,5,main] started
2023-11-07 01:40:10,851 [s0-impl-thread1] INFO  segmented.SegmentedRaftLogWorker (SegmentedRaftLogWorker.java:<init>(184)) - new s0@group-932FD4798A9C-SegmentedRaftLogWorker for RaftStorageImpl:Storage Directory /home/runner/work/ratis/ratis/ratis-test/target/test/data/1674ca6a/MiniRaftClusterWithGrpc4bdb6f51/s0/e1a4504d-09b4-4f2b-a409-932fd4798a9c
2023-11-07 01:40:10,851 [s0-impl-thread1] INFO  server.RaftServerConfigKeys (ConfUtils.java:logGet(46)) - raft.server.log.queue.byte-limit = 64MB (=67108864) (default)
2023-11-07 01:40:10,851 [s0-impl-thread1] INFO  server.RaftServerConfigKeys (ConfUtils.java:logGet(46)) - raft.server.log.queue.element-limit = 4096 (default)
2023-11-07 01:40:10,851 [s0-impl-thread1] INFO  server.RaftServerConfigKeys (ConfUtils.java:logGet(46)) - raft.server.log.segment.size.max = 32MB (=33554432) (default)
2023-11-07 01:40:10,852 [s0-impl-thread1] INFO  server.RaftServerConfigKeys (ConfUtils.java:logGet(46)) - raft.server.log.preallocated.size = 4MB (=4194304) (default)
2023-11-07 01:40:10,852 [s0-impl-thread1] INFO  server.RaftServerConfigKeys (ConfUtils.java:logGet(46)) - raft.server.log.force.sync.num = 128 (default)
2023-11-07 01:40:10,852 [s0-impl-thread1] INFO  server.RaftServerConfigKeys (ConfUtils.java:logGet(46)) - raft.server.log.statemachine.data.sync = true (default)
2023-11-07 01:40:10,852 [s0-impl-thread1] INFO  server.RaftServerConfigKeys (ConfUtils.java:logGet(46)) - raft.server.log.statemachine.data.sync.timeout = 10s (default)
2023-11-07 01:40:10,852 [s0-impl-thread1] INFO  server.RaftServerConfigKeys (ConfUtils.java:logGet(46)) - raft.server.log.statemachine.data.sync.timeout.retry = -1 (default)
2023-11-07 01:40:10,852 [s0-impl-thread1] INFO  server.RaftServerConfigKeys (ConfUtils.java:logGet(46)) - raft.server.log.write.buffer.size = 64KB (=65536) (default)
2023-11-07 01:40:10,852 [s0-impl-thread1] INFO  server.RaftServerConfigKeys (ConfUtils.java:logGet(46)) - raft.server.log.appender.buffer.byte-limit = 4MB (=4194304) (default)
2023-11-07 01:40:10,854 [s0-impl-thread1] INFO  server.RaftServerConfigKeys (ConfUtils.java:logGet(46)) - raft.server.log.unsafe-flush.enabled = false (default)
2023-11-07 01:40:10,854 [s0-impl-thread1] INFO  server.RaftServerConfigKeys (ConfUtils.java:logGet(46)) - raft.server.log.async-flush.enabled = false (default)
2023-11-07 01:40:10,854 [s0-impl-thread1] INFO  server.RaftServerConfigKeys (ConfUtils.java:logGet(46)) - raft.server.log.statemachine.data.caching.enabled = false (default)
2023-11-07 01:40:10,855 [s0-impl-thread1] INFO  segmented.SegmentedRaftLogWorker (SegmentedRaftLogWorker.java:lambda$new$0(135)) - s0@group-932FD4798A9C-SegmentedRaftLogWorker: flushIndex: setUnconditionally 0 -> -1
2023-11-07 01:40:10,855 [s0-impl-thread1] INFO  segmented.SegmentedRaftLogWorker (SegmentedRaftLogWorker.java:lambda$new$0(135)) - s0@group-932FD4798A9C-SegmentedRaftLogWorker: safeCacheEvictIndex: setUnconditionally 0 -> -1
2023-11-07 01:40:10,859 [s0-impl-thread1] INFO  server.RaftServer$Division (RaftServerImpl.java:start(390)) - s0@group-932FD4798A9C: start as a follower, conf=-1: peers:[s0|localhost:38001]|listeners:[], old=null
2023-11-07 01:40:10,859 [s0-impl-thread1] INFO  server.RaftServer$Division (RaftServerImpl.java:setRole(377)) - s0@group-932FD4798A9C: changes role from      null to FOLLOWER at term 0 for startAsFollower
2023-11-07 01:40:10,859 [s0-impl-thread1] INFO  impl.RoleInfo (RoleInfo.java:updateAndGet(139)) - s0: start s0@group-932FD4798A9C-FollowerState
2023-11-07 01:40:10,859 [s0-impl-thread1] INFO  util.JmxRegister (JmxRegister.java:tryRegister(44)) - Successfully registered JMX Bean with object name Ratis:service=RaftServer,group=group-932FD4798A9C,id=s0
2023-11-07 01:40:10,859 [s0-impl-thread1] INFO  server.RaftServerConfigKeys (ConfUtils.java:logGet(46)) - raft.server.snapshot.trigger-when-stop.enabled = true (default)
2023-11-07 01:40:10,859 [s0-impl-thread1] INFO  server.RaftServerConfigKeys (ConfUtils.java:logGet(46)) - raft.server.snapshot.auto.trigger.enabled = true (custom)
2023-11-07 01:40:10,859 [s0-impl-thread1] INFO  server.RaftServerConfigKeys (ConfUtils.java:logGet(46)) - raft.server.snapshot.auto.trigger.threshold = 64 (custom)
2023-11-07 01:40:10,859 [s0-impl-thread1] INFO  server.RaftServerConfigKeys (ConfUtils.java:logGet(46)) - raft.server.snapshot.retention.file.num = -1 (default)
2023-11-07 01:40:10,859 [s0-impl-thread1] INFO  server.RaftServerConfigKeys (ConfUtils.java:logGet(46)) - raft.server.log.purge.upto.snapshot.index = false (default)
2023-11-07 01:40:10,860 [s0@group-932FD4798A9C-FollowerState] INFO  server.RaftServerConfigKeys (ConfUtils.java:logFallback(53)) - raft.server.rpc.first-election.timeout.min = 150ms (fallback to raft.server.rpc.timeout.min)
2023-11-07 01:40:10,860 [s0@group-932FD4798A9C-FollowerState] INFO  server.RaftServerConfigKeys (ConfUtils.java:logFallback(53)) - raft.server.rpc.first-election.timeout.max = 300ms (fallback to raft.server.rpc.timeout.max)
2023-11-07 01:40:10,861 [Time-limited test] INFO  server.RaftServer (RaftServerProxy.java:startImpl(406)) - s0: start RPC server
2023-11-07 01:40:10,862 [Time-limited test] INFO  server.GrpcService (GrpcService.java:startImpl(302)) - s0: GrpcService started, listening on 36435
2023-11-07 01:40:10,863 [Time-limited test] INFO  server.GrpcService (GrpcService.java:startImpl(302)) - s0: GrpcService started, listening on 38001
2023-11-07 01:40:10,863 [Time-limited test] INFO  server.GrpcService (GrpcService.java:startImpl(302)) - s0: GrpcService started, listening on 44139
2023-11-07 01:40:10,864 [JvmPauseMonitor3] INFO  util.JvmPauseMonitor (JvmPauseMonitor.java:run(146)) - JvmPauseMonitor-s0: Started
2023-11-07 01:40:10,866 [Time-limited test] INFO  server.RaftServerConfigKeys (ConfUtils.java:logGet(46)) - raft.server.rpc.timeout.max = 300ms (default)
2023-11-07 01:40:10,866 [Time-limited test] INFO  ratis.RaftTestUtil (RaftTestUtil.java:waitForLeader(100)) - printing ALL groups
  s0:  RUNNING  FOLLOWER s0@group-932FD4798A9C:t0, leader=null, voted=, raftlog=Memoized:s0@group-932FD4798A9C-SegmentedRaftLog:OPENED:c-1, conf=-1: peers:[s0|localhost:38001]|listeners:[], old=null RUNNING
2023-11-07 01:40:10,867 [Time-limited test] WARN  ratis.RaftTestUtil (JavaUtils.java:attempt(223)) - FAILED "waitForLeader-null-(expectLeader? true)", attempt #1/100: java.lang.IllegalStateException: No leader yet : printing ALL groups
  s0:  RUNNING  FOLLOWER s0@group-932FD4798A9C:t0, leader=null, voted=, raftlog=Memoized:s0@group-932FD4798A9C-SegmentedRaftLog:OPENED:c-1, conf=-1: peers:[s0|localhost:38001]|listeners:[], old=null RUNNING, sleep 450ms and then retry.
java.lang.IllegalStateException: No leader yet : printing ALL groups
  s0:  RUNNING  FOLLOWER s0@group-932FD4798A9C:t0, leader=null, voted=, raftlog=Memoized:s0@group-932FD4798A9C-SegmentedRaftLog:OPENED:c-1, conf=-1: peers:[s0|localhost:38001]|listeners:[], old=null RUNNING
	at org.apache.ratis.server.impl.MiniRaftCluster.newIllegalStateExceptionForNoLeaders(MiniRaftCluster.java:581)
	at org.apache.ratis.RaftTestUtil.lambda$waitForLeader$1(RaftTestUtil.java:104)
	at org.apache.ratis.server.impl.MiniRaftCluster.getLeader(MiniRaftCluster.java:615)
	at org.apache.ratis.server.impl.MiniRaftCluster.getLeader(MiniRaftCluster.java:608)
	at org.apache.ratis.RaftTestUtil.lambda$waitForLeader$3(RaftTestUtil.java:112)
	at org.apache.ratis.util.JavaUtils.attempt(JavaUtils.java:217)
	at org.apache.ratis.util.JavaUtils.attemptRepeatedly(JavaUtils.java:203)
	at org.apache.ratis.RaftTestUtil.waitForLeader(RaftTestUtil.java:111)
	at org.apache.ratis.RaftTestUtil.waitForLeader(RaftTestUtil.java:92)
	at org.apache.ratis.RaftTestUtil.waitForLeader(RaftTestUtil.java:87)
	at org.apache.ratis.InstallSnapshotFromLeaderTests.testMultiFileInstallSnapshot(InstallSnapshotFromLeaderTests.java:95)
	at org.apache.ratis.server.impl.MiniRaftCluster$Factory$Get.runWithNewCluster(MiniRaftCluster.java:141)
	at org.apache.ratis.server.impl.MiniRaftCluster$Factory$Get.runWithNewCluster(MiniRaftCluster.java:121)
	at org.apache.ratis.InstallSnapshotFromLeaderTests.testSeparateSnapshotInstallPath(InstallSnapshotFromLeaderTests.java:89)
	at java.base/jdk.internal.reflect.NativeMethodAccessorImpl.invoke0(Native Method)
	at java.base/jdk.internal.reflect.NativeMethodAccessorImpl.invoke(NativeMethodAccessorImpl.java:62)
	at java.base/jdk.internal.reflect.DelegatingMethodAccessorImpl.invoke(DelegatingMethodAccessorImpl.java:43)
	at java.base/java.lang.reflect.Method.invoke(Method.java:566)
	at org.junit.runners.model.FrameworkMethod$1.runReflectiveCall(FrameworkMethod.java:59)
	at org.junit.internal.runners.model.ReflectiveCallable.run(ReflectiveCallable.java:12)
	at org.junit.runners.model.FrameworkMethod.invokeExplosively(FrameworkMethod.java:56)
	at org.junit.internal.runners.statements.InvokeMethod.evaluate(InvokeMethod.java:17)
	at org.junit.internal.runners.statements.RunAfters.evaluate(RunAfters.java:27)
	at org.junit.internal.runners.statements.FailOnTimeout$CallableStatement.call(FailOnTimeout.java:299)
	at org.junit.internal.runners.statements.FailOnTimeout$CallableStatement.call(FailOnTimeout.java:293)
	at java.base/java.util.concurrent.FutureTask.run(FutureTask.java:264)
	at java.base/java.lang.Thread.run(Thread.java:829)
2023-11-07 01:40:11,027 [s0@group-932FD4798A9C-FollowerState] INFO  impl.FollowerState (FollowerState.java:run(143)) - s0@group-932FD4798A9C-FollowerState: change to CANDIDATE, lastRpcElapsedTime:168490957ns, electionTimeout:167ms
2023-11-07 01:40:11,028 [s0@group-932FD4798A9C-FollowerState] INFO  impl.RoleInfo (RoleInfo.java:shutdownFollowerState(110)) - s0: shutdown s0@group-932FD4798A9C-FollowerState
2023-11-07 01:40:11,028 [s0@group-932FD4798A9C-FollowerState] INFO  server.RaftServer$Division (RaftServerImpl.java:setRole(377)) - s0@group-932FD4798A9C: changes role from  FOLLOWER to CANDIDATE at term 0 for changeToCandidate
2023-11-07 01:40:11,028 [s0@group-932FD4798A9C-FollowerState] INFO  server.RaftServerConfigKeys (ConfUtils.java:logGet(46)) - raft.server.leaderelection.pre-vote = true (default)
2023-11-07 01:40:11,028 [s0@group-932FD4798A9C-FollowerState] INFO  impl.RoleInfo (RoleInfo.java:updateAndGet(139)) - s0: start s0@group-932FD4798A9C-LeaderElection2
2023-11-07 01:40:11,029 [s0@group-932FD4798A9C-LeaderElection2] INFO  impl.LeaderElection (LeaderElection.java:askForVotes(323)) - s0@group-932FD4798A9C-LeaderElection2 PRE_VOTE round 0: submit vote requests at term 0 for -1: peers:[s0|localhost:38001]|listeners:[], old=null
2023-11-07 01:40:11,029 [s0@group-932FD4798A9C-LeaderElection2] INFO  impl.LeaderElection (LeaderElection.java:askForVotes(325)) - s0@group-932FD4798A9C-LeaderElection2 PRE_VOTE round 0: result PASSED (term=0)
2023-11-07 01:40:11,029 [s0@group-932FD4798A9C-LeaderElection2] TRACE util.FileUtils (LogUtils.java:supplyAndLog(69)) - Successfully supplied FileChannel.open /home/runner/work/ratis/ratis/ratis-test/target/test/data/1674ca6a/MiniRaftClusterWithGrpc4bdb6f51/s0/e1a4504d-09b4-4f2b-a409-932fd4798a9c/current/raft-meta.tmp with options [CREATE, WRITE]: sun.nio.ch.FileChannelImpl@1bc38bcc
2023-11-07 01:40:11,031 [s0@group-932FD4798A9C-LeaderElection2] TRACE util.FileUtils (LogUtils.java:runAndLog(49)) - Successfully ran Atomic Files.move /home/runner/work/ratis/ratis/ratis-test/target/test/data/1674ca6a/MiniRaftClusterWithGrpc4bdb6f51/s0/e1a4504d-09b4-4f2b-a409-932fd4798a9c/current/raft-meta.tmp to /home/runner/work/ratis/ratis/ratis-test/target/test/data/1674ca6a/MiniRaftClusterWithGrpc4bdb6f51/s0/e1a4504d-09b4-4f2b-a409-932fd4798a9c/current/raft-meta with options [REPLACE_EXISTING]
2023-11-07 01:40:11,031 [s0@group-932FD4798A9C-LeaderElection2] INFO  impl.LeaderElection (LeaderElection.java:askForVotes(323)) - s0@group-932FD4798A9C-LeaderElection2 ELECTION round 0: submit vote requests at term 1 for -1: peers:[s0|localhost:38001]|listeners:[], old=null
2023-11-07 01:40:11,031 [s0@group-932FD4798A9C-LeaderElection2] INFO  impl.LeaderElection (LeaderElection.java:askForVotes(325)) - s0@group-932FD4798A9C-LeaderElection2 ELECTION round 0: result PASSED (term=1)
2023-11-07 01:40:11,031 [s0@group-932FD4798A9C-LeaderElection2] INFO  impl.RoleInfo (RoleInfo.java:shutdownLeaderElection(130)) - s0: shutdown s0@group-932FD4798A9C-LeaderElection2
2023-11-07 01:40:11,031 [s0@group-932FD4798A9C-LeaderElection2] INFO  server.RaftServer$Division (RaftServerImpl.java:setRole(377)) - s0@group-932FD4798A9C: changes role from CANDIDATE to LEADER at term 1 for changeToLeader
2023-11-07 01:40:11,031 [s0@group-932FD4798A9C-LeaderElection2] INFO  server.RaftServerConfigKeys (ConfUtils.java:logGet(46)) - raft.server.staging.catchup.gap = 1000 (default)
2023-11-07 01:40:11,031 [s0@group-932FD4798A9C-LeaderElection2] INFO  server.RaftServerConfigKeys (ConfUtils.java:logGet(46)) - raft.server.write.element-limit = 4096 (default)
2023-11-07 01:40:11,031 [s0@group-932FD4798A9C-LeaderElection2] INFO  server.RaftServerConfigKeys (ConfUtils.java:logGet(46)) - raft.server.write.byte-limit = 64MB (=67108864) (default)
2023-11-07 01:40:11,032 [s0@group-932FD4798A9C-LeaderElection2] INFO  server.RaftServerConfigKeys (ConfUtils.java:logGet(46)) - raft.server.watch.timeout = 10s (default)
2023-11-07 01:40:11,032 [s0@group-932FD4798A9C-LeaderElection2] INFO  server.RaftServerConfigKeys (ConfUtils.java:logGet(46)) - raft.server.watch.timeout.denomination = 1s (default)
2023-11-07 01:40:11,032 [s0@group-932FD4798A9C-LeaderElection2] INFO  server.RaftServerConfigKeys (ConfUtils.java:logGet(46)) - raft.server.watch.element-limit = 65536 (default)
2023-11-07 01:40:11,032 [s0@group-932FD4798A9C-LeaderElection2] INFO  server.RaftServerConfigKeys (ConfUtils.java:logGet(46)) - raft.server.read.leader.lease.enabled = false (default)
2023-11-07 01:40:11,032 [s0@group-932FD4798A9C-LeaderElection2] INFO  server.RaftServerConfigKeys (ConfUtils.java:logGet(46)) - raft.server.read.leader.lease.timeout.ratio = 0.9 (default)
2023-11-07 01:40:11,032 [s0@group-932FD4798A9C-LeaderElection2] INFO  server.RaftServerConfigKeys (ConfUtils.java:logGet(46)) - raft.server.rpc.timeout.min = 150ms (default)
2023-11-07 01:40:11,032 [s0@group-932FD4798A9C-LeaderElection2] INFO  server.RaftServerConfigKeys (ConfUtils.java:logGet(46)) - raft.server.write.element-limit = 4096 (default)
2023-11-07 01:40:11,032 [s0@group-932FD4798A9C-LeaderElection2] INFO  server.RaftServerConfigKeys (ConfUtils.java:logGet(46)) - raft.server.write.follower.gap.ratio.max = -1.0 (default)
2023-11-07 01:40:11,033 [s0@group-932FD4798A9C-LeaderElection2] INFO  impl.RoleInfo (RoleInfo.java:updateAndGet(139)) - s0: start s0@group-932FD4798A9C-LeaderStateImpl
2023-11-07 01:40:11,033 [s0@group-932FD4798A9C-LeaderElection2] INFO  server.RaftServer$Division (RaftServerImpl.java:setFirstElection(562)) - s0@group-932FD4798A9C: set firstElectionSinceStartup to false for becomeLeader
2023-11-07 01:40:11,033 [s0@group-932FD4798A9C-LeaderElection2] INFO  server.RaftServer$Division (ServerState.java:setLeader(265)) - s0@group-932FD4798A9C: change Leader from null to s0 at term 1 for becomeLeader, leader elected after 197ms
2023-11-07 01:40:11,033 [s0@group-932FD4798A9C-LeaderElection2] INFO  segmented.SegmentedRaftLogWorker (SegmentedRaftLogWorker.java:startLogSegment(428)) - s0@group-932FD4798A9C-SegmentedRaftLogWorker: Starting segment from index:0
2023-11-07 01:40:11,039 [s0@group-932FD4798A9C-LeaderElection2] INFO  server.RaftServer$Division (ServerState.java:setRaftConf(382)) - s0@group-932FD4798A9C: set configuration 0: peers:[s0|localhost:38001]|listeners:[], old=null
2023-11-07 01:40:11,045 [s0@group-932FD4798A9C-SegmentedRaftLogWorker] INFO  segmented.SegmentedRaftLogWorker (SegmentedRaftLogWorker.java:execute(632)) - s0@group-932FD4798A9C-SegmentedRaftLogWorker: created new log segment /home/runner/work/ratis/ratis/ratis-test/target/test/data/1674ca6a/MiniRaftClusterWithGrpc4bdb6f51/s0/e1a4504d-09b4-4f2b-a409-932fd4798a9c/current/log_inprogress_0
2023-11-07 01:40:11,046 [s0@group-932FD4798A9C-StateMachineUpdater] INFO  server.RaftServer$Division (LeaderStateImpl.java:isApplied(316)) - leader is ready since appliedIndex == 0 >= startIndex == 0
2023-11-07 01:40:11,317 [Time-limited test] INFO  ratis.RaftTestUtil (RaftTestUtil.java:waitForLeader(119)) - printing ALL groups
  s0:  RUNNING    LEADER s0@group-932FD4798A9C:t1, leader=s0, voted=s0, raftlog=Memoized:s0@group-932FD4798A9C-SegmentedRaftLog:OPENED:c0, conf=0: peers:[s0|localhost:38001]|listeners:[], old=null RUNNING
2023-11-07 01:40:11,331 [s0@group-932FD4798A9C-StateMachineUpdater] INFO  impl.SimpleStateMachine4Testing (SimpleStateMachine4Testing.java:applyTransaction(248)) - applyTransaction for log index 1
2023-11-07 01:40:11,331 [s0@group-932FD4798A9C-StateMachineUpdater] INFO  impl.SimpleStateMachine4Testing (SimpleStateMachine4Testing.java:put(205)) - s0: put 1, m0 -> (t:1, i:1), STATEMACHINELOGENTRY, 131@client-7B7F49E119E2
2023-11-07 01:40:11,341 [s0@group-932FD4798A9C-StateMachineUpdater] INFO  impl.SimpleStateMachine4Testing (SimpleStateMachine4Testing.java:applyTransaction(248)) - applyTransaction for log index 3
2023-11-07 01:40:11,341 [s0@group-932FD4798A9C-StateMachineUpdater] INFO  impl.SimpleStateMachine4Testing (SimpleStateMachine4Testing.java:put(205)) - s0: put 3, m1 -> (t:1, i:3), STATEMACHINELOGENTRY, 132@client-7B7F49E119E2
2023-11-07 01:40:11,346 [s0@group-932FD4798A9C-StateMachineUpdater] INFO  impl.SimpleStateMachine4Testing (SimpleStateMachine4Testing.java:applyTransaction(248)) - applyTransaction for log index 5
2023-11-07 01:40:11,346 [s0@group-932FD4798A9C-StateMachineUpdater] INFO  impl.SimpleStateMachine4Testing (SimpleStateMachine4Testing.java:put(205)) - s0: put 5, m2 -> (t:1, i:5), STATEMACHINELOGENTRY, 133@client-7B7F49E119E2
2023-11-07 01:40:11,350 [s0@group-932FD4798A9C-StateMachineUpdater] INFO  impl.SimpleStateMachine4Testing (SimpleStateMachine4Testing.java:applyTransaction(248)) - applyTransaction for log index 7
2023-11-07 01:40:11,350 [s0@group-932FD4798A9C-StateMachineUpdater] INFO  impl.SimpleStateMachine4Testing (SimpleStateMachine4Testing.java:put(205)) - s0: put 7, m3 -> (t:1, i:7), STATEMACHINELOGENTRY, 134@client-7B7F49E119E2
2023-11-07 01:40:11,354 [s0@group-932FD4798A9C-StateMachineUpdater] INFO  impl.SimpleStateMachine4Testing (SimpleStateMachine4Testing.java:applyTransaction(248)) - applyTransaction for log index 9
2023-11-07 01:40:11,354 [s0@group-932FD4798A9C-StateMachineUpdater] INFO  impl.SimpleStateMachine4Testing (SimpleStateMachine4Testing.java:put(205)) - s0: put 9, m4 -> (t:1, i:9), STATEMACHINELOGENTRY, 135@client-7B7F49E119E2
2023-11-07 01:40:11,357 [s0@group-932FD4798A9C-StateMachineUpdater] INFO  impl.SimpleStateMachine4Testing (SimpleStateMachine4Testing.java:applyTransaction(248)) - applyTransaction for log index 11
2023-11-07 01:40:11,357 [s0@group-932FD4798A9C-StateMachineUpdater] INFO  impl.SimpleStateMachine4Testing (SimpleStateMachine4Testing.java:put(205)) - s0: put 11, m5 -> (t:1, i:11), STATEMACHINELOGENTRY, 136@client-7B7F49E119E2
2023-11-07 01:40:11,361 [s0@group-932FD4798A9C-StateMachineUpdater] INFO  impl.SimpleStateMachine4Testing (SimpleStateMachine4Testing.java:applyTransaction(248)) - applyTransaction for log index 13
2023-11-07 01:40:11,361 [s0@group-932FD4798A9C-StateMachineUpdater] INFO  impl.SimpleStateMachine4Testing (SimpleStateMachine4Testing.java:put(205)) - s0: put 13, m6 -> (t:1, i:13), STATEMACHINELOGENTRY, 137@client-7B7F49E119E2
2023-11-07 01:40:11,364 [s0@group-932FD4798A9C-StateMachineUpdater] INFO  impl.SimpleStateMachine4Testing (SimpleStateMachine4Testing.java:applyTransaction(248)) - applyTransaction for log index 15
2023-11-07 01:40:11,364 [s0@group-932FD4798A9C-StateMachineUpdater] INFO  impl.SimpleStateMachine4Testing (SimpleStateMachine4Testing.java:put(205)) - s0: put 15, m7 -> (t:1, i:15), STATEMACHINELOGENTRY, 138@client-7B7F49E119E2
2023-11-07 01:40:11,368 [s0@group-932FD4798A9C-StateMachineUpdater] INFO  impl.SimpleStateMachine4Testing (SimpleStateMachine4Testing.java:applyTransaction(248)) - applyTransaction for log index 17
2023-11-07 01:40:11,368 [s0@group-932FD4798A9C-StateMachineUpdater] INFO  impl.SimpleStateMachine4Testing (SimpleStateMachine4Testing.java:put(205)) - s0: put 17, m8 -> (t:1, i:17), STATEMACHINELOGENTRY, 139@client-7B7F49E119E2
2023-11-07 01:40:11,371 [s0@group-932FD4798A9C-StateMachineUpdater] INFO  impl.SimpleStateMachine4Testing (SimpleStateMachine4Testing.java:applyTransaction(248)) - applyTransaction for log index 19
2023-11-07 01:40:11,371 [s0@group-932FD4798A9C-StateMachineUpdater] INFO  impl.SimpleStateMachine4Testing (SimpleStateMachine4Testing.java:put(205)) - s0: put 19, m9 -> (t:1, i:19), STATEMACHINELOGENTRY, 140@client-7B7F49E119E2
2023-11-07 01:40:11,376 [s0@group-932FD4798A9C-StateMachineUpdater] INFO  impl.SimpleStateMachine4Testing (SimpleStateMachine4Testing.java:applyTransaction(248)) - applyTransaction for log index 21
2023-11-07 01:40:11,376 [s0@group-932FD4798A9C-StateMachineUpdater] INFO  impl.SimpleStateMachine4Testing (SimpleStateMachine4Testing.java:put(205)) - s0: put 21, m10 -> (t:1, i:21), STATEMACHINELOGENTRY, 141@client-7B7F49E119E2
2023-11-07 01:40:11,379 [s0@group-932FD4798A9C-StateMachineUpdater] INFO  impl.SimpleStateMachine4Testing (SimpleStateMachine4Testing.java:applyTransaction(248)) - applyTransaction for log index 23
2023-11-07 01:40:11,379 [s0@group-932FD4798A9C-StateMachineUpdater] INFO  impl.SimpleStateMachine4Testing (SimpleStateMachine4Testing.java:put(205)) - s0: put 23, m11 -> (t:1, i:23), STATEMACHINELOGENTRY, 142@client-7B7F49E119E2
2023-11-07 01:40:11,383 [s0@group-932FD4798A9C-StateMachineUpdater] INFO  impl.SimpleStateMachine4Testing (SimpleStateMachine4Testing.java:applyTransaction(248)) - applyTransaction for log index 25
2023-11-07 01:40:11,383 [s0@group-932FD4798A9C-StateMachineUpdater] INFO  impl.SimpleStateMachine4Testing (SimpleStateMachine4Testing.java:put(205)) - s0: put 25, m12 -> (t:1, i:25), STATEMACHINELOGENTRY, 143@client-7B7F49E119E2
2023-11-07 01:40:11,387 [s0@group-932FD4798A9C-StateMachineUpdater] INFO  impl.SimpleStateMachine4Testing (SimpleStateMachine4Testing.java:applyTransaction(248)) - applyTransaction for log index 27
2023-11-07 01:40:11,387 [s0@group-932FD4798A9C-StateMachineUpdater] INFO  impl.SimpleStateMachine4Testing (SimpleStateMachine4Testing.java:put(205)) - s0: put 27, m13 -> (t:1, i:27), STATEMACHINELOGENTRY, 144@client-7B7F49E119E2
2023-11-07 01:40:11,390 [s0@group-932FD4798A9C-StateMachineUpdater] INFO  impl.SimpleStateMachine4Testing (SimpleStateMachine4Testing.java:applyTransaction(248)) - applyTransaction for log index 29
2023-11-07 01:40:11,390 [s0@group-932FD4798A9C-StateMachineUpdater] INFO  impl.SimpleStateMachine4Testing (SimpleStateMachine4Testing.java:put(205)) - s0: put 29, m14 -> (t:1, i:29), STATEMACHINELOGENTRY, 145@client-7B7F49E119E2
2023-11-07 01:40:11,393 [s0@group-932FD4798A9C-StateMachineUpdater] INFO  impl.SimpleStateMachine4Testing (SimpleStateMachine4Testing.java:applyTransaction(248)) - applyTransaction for log index 31
2023-11-07 01:40:11,394 [s0@group-932FD4798A9C-StateMachineUpdater] INFO  impl.SimpleStateMachine4Testing (SimpleStateMachine4Testing.java:put(205)) - s0: put 31, m15 -> (t:1, i:31), STATEMACHINELOGENTRY, 146@client-7B7F49E119E2
2023-11-07 01:40:11,397 [s0@group-932FD4798A9C-StateMachineUpdater] INFO  impl.SimpleStateMachine4Testing (SimpleStateMachine4Testing.java:applyTransaction(248)) - applyTransaction for log index 33
2023-11-07 01:40:11,397 [s0@group-932FD4798A9C-StateMachineUpdater] INFO  impl.SimpleStateMachine4Testing (SimpleStateMachine4Testing.java:put(205)) - s0: put 33, m16 -> (t:1, i:33), STATEMACHINELOGENTRY, 147@client-7B7F49E119E2
2023-11-07 01:40:11,401 [s0@group-932FD4798A9C-StateMachineUpdater] INFO  impl.SimpleStateMachine4Testing (SimpleStateMachine4Testing.java:applyTransaction(248)) - applyTransaction for log index 35
2023-11-07 01:40:11,401 [s0@group-932FD4798A9C-StateMachineUpdater] INFO  impl.SimpleStateMachine4Testing (SimpleStateMachine4Testing.java:put(205)) - s0: put 35, m17 -> (t:1, i:35), STATEMACHINELOGENTRY, 148@client-7B7F49E119E2
2023-11-07 01:40:11,404 [s0@group-932FD4798A9C-StateMachineUpdater] INFO  impl.SimpleStateMachine4Testing (SimpleStateMachine4Testing.java:applyTransaction(248)) - applyTransaction for log index 37
2023-11-07 01:40:11,404 [s0@group-932FD4798A9C-StateMachineUpdater] INFO  impl.SimpleStateMachine4Testing (SimpleStateMachine4Testing.java:put(205)) - s0: put 37, m18 -> (t:1, i:37), STATEMACHINELOGENTRY, 149@client-7B7F49E119E2
2023-11-07 01:40:11,407 [s0@group-932FD4798A9C-StateMachineUpdater] INFO  impl.SimpleStateMachine4Testing (SimpleStateMachine4Testing.java:applyTransaction(248)) - applyTransaction for log index 39
2023-11-07 01:40:11,408 [s0@group-932FD4798A9C-StateMachineUpdater] INFO  impl.SimpleStateMachine4Testing (SimpleStateMachine4Testing.java:put(205)) - s0: put 39, m19 -> (t:1, i:39), STATEMACHINELOGENTRY, 150@client-7B7F49E119E2
2023-11-07 01:40:11,411 [s0@group-932FD4798A9C-StateMachineUpdater] INFO  impl.SimpleStateMachine4Testing (SimpleStateMachine4Testing.java:applyTransaction(248)) - applyTransaction for log index 41
2023-11-07 01:40:11,411 [s0@group-932FD4798A9C-StateMachineUpdater] INFO  impl.SimpleStateMachine4Testing (SimpleStateMachine4Testing.java:put(205)) - s0: put 41, m20 -> (t:1, i:41), STATEMACHINELOGENTRY, 151@client-7B7F49E119E2
2023-11-07 01:40:11,414 [s0@group-932FD4798A9C-StateMachineUpdater] INFO  impl.SimpleStateMachine4Testing (SimpleStateMachine4Testing.java:applyTransaction(248)) - applyTransaction for log index 43
2023-11-07 01:40:11,414 [s0@group-932FD4798A9C-StateMachineUpdater] INFO  impl.SimpleStateMachine4Testing (SimpleStateMachine4Testing.java:put(205)) - s0: put 43, m21 -> (t:1, i:43), STATEMACHINELOGENTRY, 152@client-7B7F49E119E2
2023-11-07 01:40:11,417 [s0@group-932FD4798A9C-StateMachineUpdater] INFO  impl.SimpleStateMachine4Testing (SimpleStateMachine4Testing.java:applyTransaction(248)) - applyTransaction for log index 45
2023-11-07 01:40:11,417 [s0@group-932FD4798A9C-StateMachineUpdater] INFO  impl.SimpleStateMachine4Testing (SimpleStateMachine4Testing.java:put(205)) - s0: put 45, m22 -> (t:1, i:45), STATEMACHINELOGENTRY, 153@client-7B7F49E119E2
2023-11-07 01:40:11,421 [s0@group-932FD4798A9C-StateMachineUpdater] INFO  impl.SimpleStateMachine4Testing (SimpleStateMachine4Testing.java:applyTransaction(248)) - applyTransaction for log index 47
2023-11-07 01:40:11,422 [s0@group-932FD4798A9C-StateMachineUpdater] INFO  impl.SimpleStateMachine4Testing (SimpleStateMachine4Testing.java:put(205)) - s0: put 47, m23 -> (t:1, i:47), STATEMACHINELOGENTRY, 154@client-7B7F49E119E2
2023-11-07 01:40:11,424 [s0@group-932FD4798A9C-StateMachineUpdater] INFO  impl.SimpleStateMachine4Testing (SimpleStateMachine4Testing.java:applyTransaction(248)) - applyTransaction for log index 49
2023-11-07 01:40:11,425 [s0@group-932FD4798A9C-StateMachineUpdater] INFO  impl.SimpleStateMachine4Testing (SimpleStateMachine4Testing.java:put(205)) - s0: put 49, m24 -> (t:1, i:49), STATEMACHINELOGENTRY, 155@client-7B7F49E119E2
2023-11-07 01:40:11,428 [s0@group-932FD4798A9C-StateMachineUpdater] INFO  impl.SimpleStateMachine4Testing (SimpleStateMachine4Testing.java:applyTransaction(248)) - applyTransaction for log index 51
2023-11-07 01:40:11,428 [s0@group-932FD4798A9C-StateMachineUpdater] INFO  impl.SimpleStateMachine4Testing (SimpleStateMachine4Testing.java:put(205)) - s0: put 51, m25 -> (t:1, i:51), STATEMACHINELOGENTRY, 156@client-7B7F49E119E2
2023-11-07 01:40:11,434 [s0@group-932FD4798A9C-StateMachineUpdater] INFO  impl.SimpleStateMachine4Testing (SimpleStateMachine4Testing.java:applyTransaction(248)) - applyTransaction for log index 53
2023-11-07 01:40:11,434 [s0@group-932FD4798A9C-StateMachineUpdater] INFO  impl.SimpleStateMachine4Testing (SimpleStateMachine4Testing.java:put(205)) - s0: put 53, m26 -> (t:1, i:53), STATEMACHINELOGENTRY, 157@client-7B7F49E119E2
2023-11-07 01:40:11,438 [s0@group-932FD4798A9C-StateMachineUpdater] INFO  impl.SimpleStateMachine4Testing (SimpleStateMachine4Testing.java:applyTransaction(248)) - applyTransaction for log index 55
2023-11-07 01:40:11,438 [s0@group-932FD4798A9C-StateMachineUpdater] INFO  impl.SimpleStateMachine4Testing (SimpleStateMachine4Testing.java:put(205)) - s0: put 55, m27 -> (t:1, i:55), STATEMACHINELOGENTRY, 158@client-7B7F49E119E2
2023-11-07 01:40:11,442 [s0@group-932FD4798A9C-StateMachineUpdater] INFO  impl.SimpleStateMachine4Testing (SimpleStateMachine4Testing.java:applyTransaction(248)) - applyTransaction for log index 57
2023-11-07 01:40:11,442 [s0@group-932FD4798A9C-StateMachineUpdater] INFO  impl.SimpleStateMachine4Testing (SimpleStateMachine4Testing.java:put(205)) - s0: put 57, m28 -> (t:1, i:57), STATEMACHINELOGENTRY, 159@client-7B7F49E119E2
2023-11-07 01:40:11,446 [s0@group-932FD4798A9C-StateMachineUpdater] INFO  impl.SimpleStateMachine4Testing (SimpleStateMachine4Testing.java:applyTransaction(248)) - applyTransaction for log index 59
2023-11-07 01:40:11,446 [s0@group-932FD4798A9C-StateMachineUpdater] INFO  impl.SimpleStateMachine4Testing (SimpleStateMachine4Testing.java:put(205)) - s0: put 59, m29 -> (t:1, i:59), STATEMACHINELOGENTRY, 160@client-7B7F49E119E2
2023-11-07 01:40:11,450 [s0@group-932FD4798A9C-StateMachineUpdater] INFO  impl.SimpleStateMachine4Testing (SimpleStateMachine4Testing.java:applyTransaction(248)) - applyTransaction for log index 61
2023-11-07 01:40:11,450 [s0@group-932FD4798A9C-StateMachineUpdater] INFO  impl.SimpleStateMachine4Testing (SimpleStateMachine4Testing.java:put(205)) - s0: put 61, m30 -> (t:1, i:61), STATEMACHINELOGENTRY, 161@client-7B7F49E119E2
2023-11-07 01:40:11,453 [s0@group-932FD4798A9C-StateMachineUpdater] INFO  impl.SimpleStateMachine4Testing (SimpleStateMachine4Testing.java:applyTransaction(248)) - applyTransaction for log index 63
2023-11-07 01:40:11,453 [s0@group-932FD4798A9C-StateMachineUpdater] INFO  impl.SimpleStateMachine4Testing (SimpleStateMachine4Testing.java:put(205)) - s0: put 63, m31 -> (t:1, i:63), STATEMACHINELOGENTRY, 162@client-7B7F49E119E2
2023-11-07 01:40:11,454 [s0@group-932FD4798A9C-StateMachineUpdater] TRACE util.FileUtils (FileUtils.java:deleteFully(305)) - deleteFully /tmp/ratis-tests/statemachine/s0/snapshot/1_63
2023-11-07 01:40:11,454 [s0@group-932FD4798A9C-StateMachineUpdater] TRACE util.FileUtils (FileUtils.java:deleteFully(318)) - deleteFully: /tmp/ratis-tests/statemachine/s0/snapshot/1_63 does not exist.
2023-11-07 01:40:11,454 [s0@group-932FD4798A9C-StateMachineUpdater] TRACE util.FileUtils (FileUtils.java:deleteFully(305)) - deleteFully /tmp/ratis-tests/statemachine/s0/tmp/e8c59c5a-f4f1-44f5-b421-63c040a39110
2023-11-07 01:40:11,454 [s0@group-932FD4798A9C-StateMachineUpdater] TRACE util.FileUtils (FileUtils.java:deleteFully(318)) - deleteFully: /tmp/ratis-tests/statemachine/s0/tmp/e8c59c5a-f4f1-44f5-b421-63c040a39110 does not exist.
2023-11-07 01:40:11,454 [s0@group-932FD4798A9C-StateMachineUpdater] TRACE util.FileUtils (LogUtils.java:runAndLog(49)) - Successfully ran Atomic Files.move /tmp/ratis-tests/statemachine/s0/tmp/e8c59c5a-f4f1-44f5-b421-63c040a39110 to /tmp/ratis-tests/statemachine/s0/snapshot/1_63
2023-11-07 01:40:11,454 [s0@group-932FD4798A9C-StateMachineUpdater] INFO  impl.StateMachineUpdater (StateMachineUpdater.java:takeSnapshot(295)) - s0@group-932FD4798A9C-StateMachineUpdater: Took a snapshot at index 63
2023-11-07 01:40:11,454 [s0@group-932FD4798A9C-StateMachineUpdater] INFO  impl.StateMachineUpdater (StateMachineUpdater.java:lambda$new$0(98)) - s0@group-932FD4798A9C-StateMachineUpdater: snapshotIndex: updateIncreasingly -1 -> 63
2023-11-07 01:40:11,454 [s0@group-932FD4798A9C-StateMachineUpdater] INFO  raftlog.RaftLog (RaftLogBase.java:purge(330)) - s0@group-932FD4798A9C-SegmentedRaftLog: purge 63
2023-11-07 01:40:11,455 [s0@group-932FD4798A9C-StateMachineUpdater] INFO  raftlog.RaftLog (RaftLogBase.java:lambda$new$0(54)) - s0@group-932FD4798A9C-SegmentedRaftLog: snapshotIndex: updateIncreasingly -1 -> 63
2023-11-07 01:40:11,455 [s0@group-932FD4798A9C-StateMachineUpdater] INFO  raftlog.RaftLog (RaftLogBase.java:lambda$new$0(54)) - s0@group-932FD4798A9C-SegmentedRaftLog: purgeIndex: updateToMax old=-1, new=63, updated? true
2023-11-07 01:40:11,458 [s0@group-932FD4798A9C-StateMachineUpdater] INFO  impl.SimpleStateMachine4Testing (SimpleStateMachine4Testing.java:applyTransaction(248)) - applyTransaction for log index 65
2023-11-07 01:40:11,459 [s0@group-932FD4798A9C-StateMachineUpdater] INFO  impl.SimpleStateMachine4Testing (SimpleStateMachine4Testing.java:put(205)) - s0: put 65, m32 -> (t:1, i:65), STATEMACHINELOGENTRY, 163@client-7B7F49E119E2
2023-11-07 01:40:11,463 [s0@group-932FD4798A9C-StateMachineUpdater] INFO  impl.SimpleStateMachine4Testing (SimpleStateMachine4Testing.java:applyTransaction(248)) - applyTransaction for log index 67
2023-11-07 01:40:11,463 [s0@group-932FD4798A9C-StateMachineUpdater] INFO  impl.SimpleStateMachine4Testing (SimpleStateMachine4Testing.java:put(205)) - s0: put 67, m33 -> (t:1, i:67), STATEMACHINELOGENTRY, 164@client-7B7F49E119E2
2023-11-07 01:40:11,466 [s0@group-932FD4798A9C-StateMachineUpdater] INFO  impl.SimpleStateMachine4Testing (SimpleStateMachine4Testing.java:applyTransaction(248)) - applyTransaction for log index 69
2023-11-07 01:40:11,466 [s0@group-932FD4798A9C-StateMachineUpdater] INFO  impl.SimpleStateMachine4Testing (SimpleStateMachine4Testing.java:put(205)) - s0: put 69, m34 -> (t:1, i:69), STATEMACHINELOGENTRY, 165@client-7B7F49E119E2
2023-11-07 01:40:11,471 [s0@group-932FD4798A9C-StateMachineUpdater] INFO  impl.SimpleStateMachine4Testing (SimpleStateMachine4Testing.java:applyTransaction(248)) - applyTransaction for log index 71
2023-11-07 01:40:11,471 [s0@group-932FD4798A9C-StateMachineUpdater] INFO  impl.SimpleStateMachine4Testing (SimpleStateMachine4Testing.java:put(205)) - s0: put 71, m35 -> (t:1, i:71), STATEMACHINELOGENTRY, 166@client-7B7F49E119E2
2023-11-07 01:40:11,474 [s0@group-932FD4798A9C-StateMachineUpdater] INFO  impl.SimpleStateMachine4Testing (SimpleStateMachine4Testing.java:applyTransaction(248)) - applyTransaction for log index 73
2023-11-07 01:40:11,474 [s0@group-932FD4798A9C-StateMachineUpdater] INFO  impl.SimpleStateMachine4Testing (SimpleStateMachine4Testing.java:put(205)) - s0: put 73, m36 -> (t:1, i:73), STATEMACHINELOGENTRY, 167@client-7B7F49E119E2
2023-11-07 01:40:11,480 [s0@group-932FD4798A9C-StateMachineUpdater] INFO  impl.SimpleStateMachine4Testing (SimpleStateMachine4Testing.java:applyTransaction(248)) - applyTransaction for log index 75
2023-11-07 01:40:11,480 [s0@group-932FD4798A9C-StateMachineUpdater] INFO  impl.SimpleStateMachine4Testing (SimpleStateMachine4Testing.java:put(205)) - s0: put 75, m37 -> (t:1, i:75), STATEMACHINELOGENTRY, 168@client-7B7F49E119E2
2023-11-07 01:40:11,484 [s0@group-932FD4798A9C-StateMachineUpdater] INFO  impl.SimpleStateMachine4Testing (SimpleStateMachine4Testing.java:applyTransaction(248)) - applyTransaction for log index 77
2023-11-07 01:40:11,484 [s0@group-932FD4798A9C-StateMachineUpdater] INFO  impl.SimpleStateMachine4Testing (SimpleStateMachine4Testing.java:put(205)) - s0: put 77, m38 -> (t:1, i:77), STATEMACHINELOGENTRY, 169@client-7B7F49E119E2
2023-11-07 01:40:11,488 [s0@group-932FD4798A9C-StateMachineUpdater] INFO  impl.SimpleStateMachine4Testing (SimpleStateMachine4Testing.java:applyTransaction(248)) - applyTransaction for log index 79
2023-11-07 01:40:11,488 [s0@group-932FD4798A9C-StateMachineUpdater] INFO  impl.SimpleStateMachine4Testing (SimpleStateMachine4Testing.java:put(205)) - s0: put 79, m39 -> (t:1, i:79), STATEMACHINELOGENTRY, 170@client-7B7F49E119E2
2023-11-07 01:40:11,492 [s0@group-932FD4798A9C-StateMachineUpdater] INFO  impl.SimpleStateMachine4Testing (SimpleStateMachine4Testing.java:applyTransaction(248)) - applyTransaction for log index 81
2023-11-07 01:40:11,492 [s0@group-932FD4798A9C-StateMachineUpdater] INFO  impl.SimpleStateMachine4Testing (SimpleStateMachine4Testing.java:put(205)) - s0: put 81, m40 -> (t:1, i:81), STATEMACHINELOGENTRY, 171@client-7B7F49E119E2
2023-11-07 01:40:11,495 [s0@group-932FD4798A9C-StateMachineUpdater] INFO  impl.SimpleStateMachine4Testing (SimpleStateMachine4Testing.java:applyTransaction(248)) - applyTransaction for log index 83
2023-11-07 01:40:11,496 [s0@group-932FD4798A9C-StateMachineUpdater] INFO  impl.SimpleStateMachine4Testing (SimpleStateMachine4Testing.java:put(205)) - s0: put 83, m41 -> (t:1, i:83), STATEMACHINELOGENTRY, 172@client-7B7F49E119E2
2023-11-07 01:40:11,499 [s0@group-932FD4798A9C-StateMachineUpdater] INFO  impl.SimpleStateMachine4Testing (SimpleStateMachine4Testing.java:applyTransaction(248)) - applyTransaction for log index 85
2023-11-07 01:40:11,499 [s0@group-932FD4798A9C-StateMachineUpdater] INFO  impl.SimpleStateMachine4Testing (SimpleStateMachine4Testing.java:put(205)) - s0: put 85, m42 -> (t:1, i:85), STATEMACHINELOGENTRY, 173@client-7B7F49E119E2
2023-11-07 01:40:11,503 [s0@group-932FD4798A9C-StateMachineUpdater] INFO  impl.SimpleStateMachine4Testing (SimpleStateMachine4Testing.java:applyTransaction(248)) - applyTransaction for log index 87
2023-11-07 01:40:11,503 [s0@group-932FD4798A9C-StateMachineUpdater] INFO  impl.SimpleStateMachine4Testing (SimpleStateMachine4Testing.java:put(205)) - s0: put 87, m43 -> (t:1, i:87), STATEMACHINELOGENTRY, 174@client-7B7F49E119E2
2023-11-07 01:40:11,506 [s0@group-932FD4798A9C-StateMachineUpdater] INFO  impl.SimpleStateMachine4Testing (SimpleStateMachine4Testing.java:applyTransaction(248)) - applyTransaction for log index 89
2023-11-07 01:40:11,506 [s0@group-932FD4798A9C-StateMachineUpdater] INFO  impl.SimpleStateMachine4Testing (SimpleStateMachine4Testing.java:put(205)) - s0: put 89, m44 -> (t:1, i:89), STATEMACHINELOGENTRY, 175@client-7B7F49E119E2
2023-11-07 01:40:11,510 [s0@group-932FD4798A9C-StateMachineUpdater] INFO  impl.SimpleStateMachine4Testing (SimpleStateMachine4Testing.java:applyTransaction(248)) - applyTransaction for log index 91
2023-11-07 01:40:11,510 [s0@group-932FD4798A9C-StateMachineUpdater] INFO  impl.SimpleStateMachine4Testing (SimpleStateMachine4Testing.java:put(205)) - s0: put 91, m45 -> (t:1, i:91), STATEMACHINELOGENTRY, 176@client-7B7F49E119E2
2023-11-07 01:40:11,514 [s0@group-932FD4798A9C-StateMachineUpdater] INFO  impl.SimpleStateMachine4Testing (SimpleStateMachine4Testing.java:applyTransaction(248)) - applyTransaction for log index 93
2023-11-07 01:40:11,514 [s0@group-932FD4798A9C-StateMachineUpdater] INFO  impl.SimpleStateMachine4Testing (SimpleStateMachine4Testing.java:put(205)) - s0: put 93, m46 -> (t:1, i:93), STATEMACHINELOGENTRY, 177@client-7B7F49E119E2
2023-11-07 01:40:11,518 [s0@group-932FD4798A9C-StateMachineUpdater] INFO  impl.SimpleStateMachine4Testing (SimpleStateMachine4Testing.java:applyTransaction(248)) - applyTransaction for log index 95
2023-11-07 01:40:11,518 [s0@group-932FD4798A9C-StateMachineUpdater] INFO  impl.SimpleStateMachine4Testing (SimpleStateMachine4Testing.java:put(205)) - s0: put 95, m47 -> (t:1, i:95), STATEMACHINELOGENTRY, 178@client-7B7F49E119E2
2023-11-07 01:40:11,521 [s0@group-932FD4798A9C-StateMachineUpdater] INFO  impl.SimpleStateMachine4Testing (SimpleStateMachine4Testing.java:applyTransaction(248)) - applyTransaction for log index 97
2023-11-07 01:40:11,521 [s0@group-932FD4798A9C-StateMachineUpdater] INFO  impl.SimpleStateMachine4Testing (SimpleStateMachine4Testing.java:put(205)) - s0: put 97, m48 -> (t:1, i:97), STATEMACHINELOGENTRY, 179@client-7B7F49E119E2
2023-11-07 01:40:11,525 [s0@group-932FD4798A9C-StateMachineUpdater] INFO  impl.SimpleStateMachine4Testing (SimpleStateMachine4Testing.java:applyTransaction(248)) - applyTransaction for log index 99
2023-11-07 01:40:11,525 [s0@group-932FD4798A9C-StateMachineUpdater] INFO  impl.SimpleStateMachine4Testing (SimpleStateMachine4Testing.java:put(205)) - s0: put 99, m49 -> (t:1, i:99), STATEMACHINELOGENTRY, 180@client-7B7F49E119E2
2023-11-07 01:40:11,529 [s0@group-932FD4798A9C-StateMachineUpdater] INFO  impl.SimpleStateMachine4Testing (SimpleStateMachine4Testing.java:applyTransaction(248)) - applyTransaction for log index 101
2023-11-07 01:40:11,529 [s0@group-932FD4798A9C-StateMachineUpdater] INFO  impl.SimpleStateMachine4Testing (SimpleStateMachine4Testing.java:put(205)) - s0: put 101, m50 -> (t:1, i:101), STATEMACHINELOGENTRY, 181@client-7B7F49E119E2
2023-11-07 01:40:11,532 [s0@group-932FD4798A9C-StateMachineUpdater] INFO  impl.SimpleStateMachine4Testing (SimpleStateMachine4Testing.java:applyTransaction(248)) - applyTransaction for log index 103
2023-11-07 01:40:11,532 [s0@group-932FD4798A9C-StateMachineUpdater] INFO  impl.SimpleStateMachine4Testing (SimpleStateMachine4Testing.java:put(205)) - s0: put 103, m51 -> (t:1, i:103), STATEMACHINELOGENTRY, 182@client-7B7F49E119E2
2023-11-07 01:40:11,536 [s0@group-932FD4798A9C-StateMachineUpdater] INFO  impl.SimpleStateMachine4Testing (SimpleStateMachine4Testing.java:applyTransaction(248)) - applyTransaction for log index 105
2023-11-07 01:40:11,536 [s0@group-932FD4798A9C-StateMachineUpdater] INFO  impl.SimpleStateMachine4Testing (SimpleStateMachine4Testing.java:put(205)) - s0: put 105, m52 -> (t:1, i:105), STATEMACHINELOGENTRY, 183@client-7B7F49E119E2
2023-11-07 01:40:11,539 [s0@group-932FD4798A9C-StateMachineUpdater] INFO  impl.SimpleStateMachine4Testing (SimpleStateMachine4Testing.java:applyTransaction(248)) - applyTransaction for log index 107
2023-11-07 01:40:11,539 [s0@group-932FD4798A9C-StateMachineUpdater] INFO  impl.SimpleStateMachine4Testing (SimpleStateMachine4Testing.java:put(205)) - s0: put 107, m53 -> (t:1, i:107), STATEMACHINELOGENTRY, 184@client-7B7F49E119E2
2023-11-07 01:40:11,543 [s0@group-932FD4798A9C-StateMachineUpdater] INFO  impl.SimpleStateMachine4Testing (SimpleStateMachine4Testing.java:applyTransaction(248)) - applyTransaction for log index 109
2023-11-07 01:40:11,543 [s0@group-932FD4798A9C-StateMachineUpdater] INFO  impl.SimpleStateMachine4Testing (SimpleStateMachine4Testing.java:put(205)) - s0: put 109, m54 -> (t:1, i:109), STATEMACHINELOGENTRY, 185@client-7B7F49E119E2
2023-11-07 01:40:11,547 [s0@group-932FD4798A9C-StateMachineUpdater] INFO  impl.SimpleStateMachine4Testing (SimpleStateMachine4Testing.java:applyTransaction(248)) - applyTransaction for log index 111
2023-11-07 01:40:11,547 [s0@group-932FD4798A9C-StateMachineUpdater] INFO  impl.SimpleStateMachine4Testing (SimpleStateMachine4Testing.java:put(205)) - s0: put 111, m55 -> (t:1, i:111), STATEMACHINELOGENTRY, 186@client-7B7F49E119E2
2023-11-07 01:40:11,551 [s0@group-932FD4798A9C-StateMachineUpdater] INFO  impl.SimpleStateMachine4Testing (SimpleStateMachine4Testing.java:applyTransaction(248)) - applyTransaction for log index 113
2023-11-07 01:40:11,551 [s0@group-932FD4798A9C-StateMachineUpdater] INFO  impl.SimpleStateMachine4Testing (SimpleStateMachine4Testing.java:put(205)) - s0: put 113, m56 -> (t:1, i:113), STATEMACHINELOGENTRY, 187@client-7B7F49E119E2
2023-11-07 01:40:11,555 [s0@group-932FD4798A9C-StateMachineUpdater] INFO  impl.SimpleStateMachine4Testing (SimpleStateMachine4Testing.java:applyTransaction(248)) - applyTransaction for log index 115
2023-11-07 01:40:11,555 [s0@group-932FD4798A9C-StateMachineUpdater] INFO  impl.SimpleStateMachine4Testing (SimpleStateMachine4Testing.java:put(205)) - s0: put 115, m57 -> (t:1, i:115), STATEMACHINELOGENTRY, 188@client-7B7F49E119E2
2023-11-07 01:40:11,562 [s0@group-932FD4798A9C-StateMachineUpdater] INFO  impl.SimpleStateMachine4Testing (SimpleStateMachine4Testing.java:applyTransaction(248)) - applyTransaction for log index 117
2023-11-07 01:40:11,562 [s0@group-932FD4798A9C-StateMachineUpdater] INFO  impl.SimpleStateMachine4Testing (SimpleStateMachine4Testing.java:put(205)) - s0: put 117, m58 -> (t:1, i:117), STATEMACHINELOGENTRY, 189@client-7B7F49E119E2
2023-11-07 01:40:11,565 [s0@group-932FD4798A9C-StateMachineUpdater] INFO  impl.SimpleStateMachine4Testing (SimpleStateMachine4Testing.java:applyTransaction(248)) - applyTransaction for log index 119
2023-11-07 01:40:11,566 [s0@group-932FD4798A9C-StateMachineUpdater] INFO  impl.SimpleStateMachine4Testing (SimpleStateMachine4Testing.java:put(205)) - s0: put 119, m59 -> (t:1, i:119), STATEMACHINELOGENTRY, 190@client-7B7F49E119E2
2023-11-07 01:40:11,569 [s0@group-932FD4798A9C-StateMachineUpdater] INFO  impl.SimpleStateMachine4Testing (SimpleStateMachine4Testing.java:applyTransaction(248)) - applyTransaction for log index 121
2023-11-07 01:40:11,569 [s0@group-932FD4798A9C-StateMachineUpdater] INFO  impl.SimpleStateMachine4Testing (SimpleStateMachine4Testing.java:put(205)) - s0: put 121, m60 -> (t:1, i:121), STATEMACHINELOGENTRY, 191@client-7B7F49E119E2
2023-11-07 01:40:11,573 [s0@group-932FD4798A9C-StateMachineUpdater] INFO  impl.SimpleStateMachine4Testing (SimpleStateMachine4Testing.java:applyTransaction(248)) - applyTransaction for log index 123
2023-11-07 01:40:11,573 [s0@group-932FD4798A9C-StateMachineUpdater] INFO  impl.SimpleStateMachine4Testing (SimpleStateMachine4Testing.java:put(205)) - s0: put 123, m61 -> (t:1, i:123), STATEMACHINELOGENTRY, 192@client-7B7F49E119E2
2023-11-07 01:40:11,576 [s0@group-932FD4798A9C-StateMachineUpdater] INFO  impl.SimpleStateMachine4Testing (SimpleStateMachine4Testing.java:applyTransaction(248)) - applyTransaction for log index 125
2023-11-07 01:40:11,577 [s0@group-932FD4798A9C-StateMachineUpdater] INFO  impl.SimpleStateMachine4Testing (SimpleStateMachine4Testing.java:put(205)) - s0: put 125, m62 -> (t:1, i:125), STATEMACHINELOGENTRY, 193@client-7B7F49E119E2
2023-11-07 01:40:11,580 [s0@group-932FD4798A9C-StateMachineUpdater] INFO  impl.SimpleStateMachine4Testing (SimpleStateMachine4Testing.java:applyTransaction(248)) - applyTransaction for log index 127
2023-11-07 01:40:11,580 [s0@group-932FD4798A9C-StateMachineUpdater] INFO  impl.SimpleStateMachine4Testing (SimpleStateMachine4Testing.java:put(205)) - s0: put 127, m63 -> (t:1, i:127), STATEMACHINELOGENTRY, 194@client-7B7F49E119E2
2023-11-07 01:40:11,581 [s0@group-932FD4798A9C-StateMachineUpdater] TRACE util.FileUtils (FileUtils.java:deleteFully(305)) - deleteFully /tmp/ratis-tests/statemachine/s0/snapshot/1_127
2023-11-07 01:40:11,581 [s0@group-932FD4798A9C-StateMachineUpdater] TRACE util.FileUtils (FileUtils.java:deleteFully(318)) - deleteFully: /tmp/ratis-tests/statemachine/s0/snapshot/1_127 does not exist.
2023-11-07 01:40:11,581 [s0@group-932FD4798A9C-StateMachineUpdater] TRACE util.FileUtils (FileUtils.java:deleteFully(305)) - deleteFully /tmp/ratis-tests/statemachine/s0/tmp/e3764386-6c84-46a7-a105-dd9a5a312521
2023-11-07 01:40:11,581 [s0@group-932FD4798A9C-StateMachineUpdater] TRACE util.FileUtils (FileUtils.java:deleteFully(318)) - deleteFully: /tmp/ratis-tests/statemachine/s0/tmp/e3764386-6c84-46a7-a105-dd9a5a312521 does not exist.
2023-11-07 01:40:11,581 [s0@group-932FD4798A9C-StateMachineUpdater] TRACE util.FileUtils (LogUtils.java:runAndLog(49)) - Successfully ran Atomic Files.move /tmp/ratis-tests/statemachine/s0/tmp/e3764386-6c84-46a7-a105-dd9a5a312521 to /tmp/ratis-tests/statemachine/s0/snapshot/1_127
2023-11-07 01:40:11,581 [s0@group-932FD4798A9C-StateMachineUpdater] INFO  impl.StateMachineUpdater (StateMachineUpdater.java:takeSnapshot(295)) - s0@group-932FD4798A9C-StateMachineUpdater: Took a snapshot at index 127
2023-11-07 01:40:11,581 [s0@group-932FD4798A9C-StateMachineUpdater] INFO  impl.StateMachineUpdater (StateMachineUpdater.java:lambda$new$0(98)) - s0@group-932FD4798A9C-StateMachineUpdater: snapshotIndex: updateIncreasingly 63 -> 127
2023-11-07 01:40:11,581 [s0@group-932FD4798A9C-StateMachineUpdater] INFO  raftlog.RaftLog (RaftLogBase.java:purge(330)) - s0@group-932FD4798A9C-SegmentedRaftLog: purge 127
2023-11-07 01:40:11,582 [s0@group-932FD4798A9C-StateMachineUpdater] INFO  raftlog.RaftLog (RaftLogBase.java:lambda$new$0(54)) - s0@group-932FD4798A9C-SegmentedRaftLog: snapshotIndex: updateIncreasingly 63 -> 127
2023-11-07 01:40:11,582 [s0@group-932FD4798A9C-StateMachineUpdater] INFO  raftlog.RaftLog (RaftLogBase.java:lambda$new$0(54)) - s0@group-932FD4798A9C-SegmentedRaftLog: purgeIndex: updateToMax old=63, new=127, updated? true
2023-11-07 01:40:11,585 [s0@group-932FD4798A9C-StateMachineUpdater] INFO  impl.SimpleStateMachine4Testing (SimpleStateMachine4Testing.java:applyTransaction(248)) - applyTransaction for log index 129
2023-11-07 01:40:11,585 [s0@group-932FD4798A9C-StateMachineUpdater] INFO  impl.SimpleStateMachine4Testing (SimpleStateMachine4Testing.java:put(205)) - s0: put 129, m64 -> (t:1, i:129), STATEMACHINELOGENTRY, 195@client-7B7F49E119E2
2023-11-07 01:40:11,589 [s0@group-932FD4798A9C-StateMachineUpdater] INFO  impl.SimpleStateMachine4Testing (SimpleStateMachine4Testing.java:applyTransaction(248)) - applyTransaction for log index 131
2023-11-07 01:40:11,589 [s0@group-932FD4798A9C-StateMachineUpdater] INFO  impl.SimpleStateMachine4Testing (SimpleStateMachine4Testing.java:put(205)) - s0: put 131, m65 -> (t:1, i:131), STATEMACHINELOGENTRY, 196@client-7B7F49E119E2
2023-11-07 01:40:11,593 [s0@group-932FD4798A9C-StateMachineUpdater] INFO  impl.SimpleStateMachine4Testing (SimpleStateMachine4Testing.java:applyTransaction(248)) - applyTransaction for log index 133
2023-11-07 01:40:11,593 [s0@group-932FD4798A9C-StateMachineUpdater] INFO  impl.SimpleStateMachine4Testing (SimpleStateMachine4Testing.java:put(205)) - s0: put 133, m66 -> (t:1, i:133), STATEMACHINELOGENTRY, 197@client-7B7F49E119E2
2023-11-07 01:40:11,597 [s0@group-932FD4798A9C-StateMachineUpdater] INFO  impl.SimpleStateMachine4Testing (SimpleStateMachine4Testing.java:applyTransaction(248)) - applyTransaction for log index 135
2023-11-07 01:40:11,597 [s0@group-932FD4798A9C-StateMachineUpdater] INFO  impl.SimpleStateMachine4Testing (SimpleStateMachine4Testing.java:put(205)) - s0: put 135, m67 -> (t:1, i:135), STATEMACHINELOGENTRY, 198@client-7B7F49E119E2
2023-11-07 01:40:11,600 [s0@group-932FD4798A9C-StateMachineUpdater] INFO  impl.SimpleStateMachine4Testing (SimpleStateMachine4Testing.java:applyTransaction(248)) - applyTransaction for log index 137
2023-11-07 01:40:11,601 [s0@group-932FD4798A9C-StateMachineUpdater] INFO  impl.SimpleStateMachine4Testing (SimpleStateMachine4Testing.java:put(205)) - s0: put 137, m68 -> (t:1, i:137), STATEMACHINELOGENTRY, 199@client-7B7F49E119E2
2023-11-07 01:40:11,604 [s0@group-932FD4798A9C-StateMachineUpdater] INFO  impl.SimpleStateMachine4Testing (SimpleStateMachine4Testing.java:applyTransaction(248)) - applyTransaction for log index 139
2023-11-07 01:40:11,604 [s0@group-932FD4798A9C-StateMachineUpdater] INFO  impl.SimpleStateMachine4Testing (SimpleStateMachine4Testing.java:put(205)) - s0: put 139, m69 -> (t:1, i:139), STATEMACHINELOGENTRY, 200@client-7B7F49E119E2
2023-11-07 01:40:11,608 [s0@group-932FD4798A9C-StateMachineUpdater] INFO  impl.SimpleStateMachine4Testing (SimpleStateMachine4Testing.java:applyTransaction(248)) - applyTransaction for log index 141
2023-11-07 01:40:11,608 [s0@group-932FD4798A9C-StateMachineUpdater] INFO  impl.SimpleStateMachine4Testing (SimpleStateMachine4Testing.java:put(205)) - s0: put 141, m70 -> (t:1, i:141), STATEMACHINELOGENTRY, 201@client-7B7F49E119E2
2023-11-07 01:40:11,611 [s0@group-932FD4798A9C-StateMachineUpdater] INFO  impl.SimpleStateMachine4Testing (SimpleStateMachine4Testing.java:applyTransaction(248)) - applyTransaction for log index 143
2023-11-07 01:40:11,611 [s0@group-932FD4798A9C-StateMachineUpdater] INFO  impl.SimpleStateMachine4Testing (SimpleStateMachine4Testing.java:put(205)) - s0: put 143, m71 -> (t:1, i:143), STATEMACHINELOGENTRY, 202@client-7B7F49E119E2
2023-11-07 01:40:11,615 [s0@group-932FD4798A9C-StateMachineUpdater] INFO  impl.SimpleStateMachine4Testing (SimpleStateMachine4Testing.java:applyTransaction(248)) - applyTransaction for log index 145
2023-11-07 01:40:11,615 [s0@group-932FD4798A9C-StateMachineUpdater] INFO  impl.SimpleStateMachine4Testing (SimpleStateMachine4Testing.java:put(205)) - s0: put 145, m72 -> (t:1, i:145), STATEMACHINELOGENTRY, 203@client-7B7F49E119E2
2023-11-07 01:40:11,618 [s0@group-932FD4798A9C-StateMachineUpdater] INFO  impl.SimpleStateMachine4Testing (SimpleStateMachine4Testing.java:applyTransaction(248)) - applyTransaction for log index 147
2023-11-07 01:40:11,618 [s0@group-932FD4798A9C-StateMachineUpdater] INFO  impl.SimpleStateMachine4Testing (SimpleStateMachine4Testing.java:put(205)) - s0: put 147, m73 -> (t:1, i:147), STATEMACHINELOGENTRY, 204@client-7B7F49E119E2
2023-11-07 01:40:11,622 [s0@group-932FD4798A9C-StateMachineUpdater] INFO  impl.SimpleStateMachine4Testing (SimpleStateMachine4Testing.java:applyTransaction(248)) - applyTransaction for log index 149
2023-11-07 01:40:11,622 [s0@group-932FD4798A9C-StateMachineUpdater] INFO  impl.SimpleStateMachine4Testing (SimpleStateMachine4Testing.java:put(205)) - s0: put 149, m74 -> (t:1, i:149), STATEMACHINELOGENTRY, 205@client-7B7F49E119E2
2023-11-07 01:40:11,625 [s0@group-932FD4798A9C-StateMachineUpdater] INFO  impl.SimpleStateMachine4Testing (SimpleStateMachine4Testing.java:applyTransaction(248)) - applyTransaction for log index 151
2023-11-07 01:40:11,626 [s0@group-932FD4798A9C-StateMachineUpdater] INFO  impl.SimpleStateMachine4Testing (SimpleStateMachine4Testing.java:put(205)) - s0: put 151, m75 -> (t:1, i:151), STATEMACHINELOGENTRY, 206@client-7B7F49E119E2
2023-11-07 01:40:11,629 [s0@group-932FD4798A9C-StateMachineUpdater] INFO  impl.SimpleStateMachine4Testing (SimpleStateMachine4Testing.java:applyTransaction(248)) - applyTransaction for log index 153
2023-11-07 01:40:11,629 [s0@group-932FD4798A9C-StateMachineUpdater] INFO  impl.SimpleStateMachine4Testing (SimpleStateMachine4Testing.java:put(205)) - s0: put 153, m76 -> (t:1, i:153), STATEMACHINELOGENTRY, 207@client-7B7F49E119E2
2023-11-07 01:40:11,632 [s0@group-932FD4798A9C-StateMachineUpdater] INFO  impl.SimpleStateMachine4Testing (SimpleStateMachine4Testing.java:applyTransaction(248)) - applyTransaction for log index 155
2023-11-07 01:40:11,632 [s0@group-932FD4798A9C-StateMachineUpdater] INFO  impl.SimpleStateMachine4Testing (SimpleStateMachine4Testing.java:put(205)) - s0: put 155, m77 -> (t:1, i:155), STATEMACHINELOGENTRY, 208@client-7B7F49E119E2
2023-11-07 01:40:11,636 [s0@group-932FD4798A9C-StateMachineUpdater] INFO  impl.SimpleStateMachine4Testing (SimpleStateMachine4Testing.java:applyTransaction(248)) - applyTransaction for log index 157
2023-11-07 01:40:11,636 [s0@group-932FD4798A9C-StateMachineUpdater] INFO  impl.SimpleStateMachine4Testing (SimpleStateMachine4Testing.java:put(205)) - s0: put 157, m78 -> (t:1, i:157), STATEMACHINELOGENTRY, 209@client-7B7F49E119E2
2023-11-07 01:40:11,640 [s0@group-932FD4798A9C-StateMachineUpdater] INFO  impl.SimpleStateMachine4Testing (SimpleStateMachine4Testing.java:applyTransaction(248)) - applyTransaction for log index 159
2023-11-07 01:40:11,640 [s0@group-932FD4798A9C-StateMachineUpdater] INFO  impl.SimpleStateMachine4Testing (SimpleStateMachine4Testing.java:put(205)) - s0: put 159, m79 -> (t:1, i:159), STATEMACHINELOGENTRY, 210@client-7B7F49E119E2
2023-11-07 01:40:11,644 [s0@group-932FD4798A9C-StateMachineUpdater] INFO  impl.SimpleStateMachine4Testing (SimpleStateMachine4Testing.java:applyTransaction(248)) - applyTransaction for log index 161
2023-11-07 01:40:11,644 [s0@group-932FD4798A9C-StateMachineUpdater] INFO  impl.SimpleStateMachine4Testing (SimpleStateMachine4Testing.java:put(205)) - s0: put 161, m80 -> (t:1, i:161), STATEMACHINELOGENTRY, 211@client-7B7F49E119E2
2023-11-07 01:40:11,647 [s0@group-932FD4798A9C-StateMachineUpdater] INFO  impl.SimpleStateMachine4Testing (SimpleStateMachine4Testing.java:applyTransaction(248)) - applyTransaction for log index 163
2023-11-07 01:40:11,647 [s0@group-932FD4798A9C-StateMachineUpdater] INFO  impl.SimpleStateMachine4Testing (SimpleStateMachine4Testing.java:put(205)) - s0: put 163, m81 -> (t:1, i:163), STATEMACHINELOGENTRY, 212@client-7B7F49E119E2
2023-11-07 01:40:11,651 [s0@group-932FD4798A9C-StateMachineUpdater] INFO  impl.SimpleStateMachine4Testing (SimpleStateMachine4Testing.java:applyTransaction(248)) - applyTransaction for log index 165
2023-11-07 01:40:11,651 [s0@group-932FD4798A9C-StateMachineUpdater] INFO  impl.SimpleStateMachine4Testing (SimpleStateMachine4Testing.java:put(205)) - s0: put 165, m82 -> (t:1, i:165), STATEMACHINELOGENTRY, 213@client-7B7F49E119E2
2023-11-07 01:40:11,654 [s0@group-932FD4798A9C-StateMachineUpdater] INFO  impl.SimpleStateMachine4Testing (SimpleStateMachine4Testing.java:applyTransaction(248)) - applyTransaction for log index 167
2023-11-07 01:40:11,655 [s0@group-932FD4798A9C-StateMachineUpdater] INFO  impl.SimpleStateMachine4Testing (SimpleStateMachine4Testing.java:put(205)) - s0: put 167, m83 -> (t:1, i:167), STATEMACHINELOGENTRY, 214@client-7B7F49E119E2
2023-11-07 01:40:11,657 [s0@group-932FD4798A9C-StateMachineUpdater] INFO  impl.SimpleStateMachine4Testing (SimpleStateMachine4Testing.java:applyTransaction(248)) - applyTransaction for log index 169
2023-11-07 01:40:11,658 [s0@group-932FD4798A9C-StateMachineUpdater] INFO  impl.SimpleStateMachine4Testing (SimpleStateMachine4Testing.java:put(205)) - s0: put 169, m84 -> (t:1, i:169), STATEMACHINELOGENTRY, 215@client-7B7F49E119E2
2023-11-07 01:40:11,661 [s0@group-932FD4798A9C-StateMachineUpdater] INFO  impl.SimpleStateMachine4Testing (SimpleStateMachine4Testing.java:applyTransaction(248)) - applyTransaction for log index 171
2023-11-07 01:40:11,661 [s0@group-932FD4798A9C-StateMachineUpdater] INFO  impl.SimpleStateMachine4Testing (SimpleStateMachine4Testing.java:put(205)) - s0: put 171, m85 -> (t:1, i:171), STATEMACHINELOGENTRY, 216@client-7B7F49E119E2
2023-11-07 01:40:11,665 [s0@group-932FD4798A9C-StateMachineUpdater] INFO  impl.SimpleStateMachine4Testing (SimpleStateMachine4Testing.java:applyTransaction(248)) - applyTransaction for log index 173
2023-11-07 01:40:11,665 [s0@group-932FD4798A9C-StateMachineUpdater] INFO  impl.SimpleStateMachine4Testing (SimpleStateMachine4Testing.java:put(205)) - s0: put 173, m86 -> (t:1, i:173), STATEMACHINELOGENTRY, 217@client-7B7F49E119E2
2023-11-07 01:40:11,668 [s0@group-932FD4798A9C-StateMachineUpdater] INFO  impl.SimpleStateMachine4Testing (SimpleStateMachine4Testing.java:applyTransaction(248)) - applyTransaction for log index 175
2023-11-07 01:40:11,668 [s0@group-932FD4798A9C-StateMachineUpdater] INFO  impl.SimpleStateMachine4Testing (SimpleStateMachine4Testing.java:put(205)) - s0: put 175, m87 -> (t:1, i:175), STATEMACHINELOGENTRY, 218@client-7B7F49E119E2
2023-11-07 01:40:11,671 [s0@group-932FD4798A9C-StateMachineUpdater] INFO  impl.SimpleStateMachine4Testing (SimpleStateMachine4Testing.java:applyTransaction(248)) - applyTransaction for log index 177
2023-11-07 01:40:11,672 [s0@group-932FD4798A9C-StateMachineUpdater] INFO  impl.SimpleStateMachine4Testing (SimpleStateMachine4Testing.java:put(205)) - s0: put 177, m88 -> (t:1, i:177), STATEMACHINELOGENTRY, 219@client-7B7F49E119E2
2023-11-07 01:40:11,675 [s0@group-932FD4798A9C-StateMachineUpdater] INFO  impl.SimpleStateMachine4Testing (SimpleStateMachine4Testing.java:applyTransaction(248)) - applyTransaction for log index 179
2023-11-07 01:40:11,675 [s0@group-932FD4798A9C-StateMachineUpdater] INFO  impl.SimpleStateMachine4Testing (SimpleStateMachine4Testing.java:put(205)) - s0: put 179, m89 -> (t:1, i:179), STATEMACHINELOGENTRY, 220@client-7B7F49E119E2
2023-11-07 01:40:11,678 [s0@group-932FD4798A9C-StateMachineUpdater] INFO  impl.SimpleStateMachine4Testing (SimpleStateMachine4Testing.java:applyTransaction(248)) - applyTransaction for log index 181
2023-11-07 01:40:11,678 [s0@group-932FD4798A9C-StateMachineUpdater] INFO  impl.SimpleStateMachine4Testing (SimpleStateMachine4Testing.java:put(205)) - s0: put 181, m90 -> (t:1, i:181), STATEMACHINELOGENTRY, 221@client-7B7F49E119E2
2023-11-07 01:40:11,682 [s0@group-932FD4798A9C-StateMachineUpdater] INFO  impl.SimpleStateMachine4Testing (SimpleStateMachine4Testing.java:applyTransaction(248)) - applyTransaction for log index 183
2023-11-07 01:40:11,682 [s0@group-932FD4798A9C-StateMachineUpdater] INFO  impl.SimpleStateMachine4Testing (SimpleStateMachine4Testing.java:put(205)) - s0: put 183, m91 -> (t:1, i:183), STATEMACHINELOGENTRY, 222@client-7B7F49E119E2
2023-11-07 01:40:11,687 [s0@group-932FD4798A9C-StateMachineUpdater] INFO  impl.SimpleStateMachine4Testing (SimpleStateMachine4Testing.java:applyTransaction(248)) - applyTransaction for log index 185
2023-11-07 01:40:11,687 [s0@group-932FD4798A9C-StateMachineUpdater] INFO  impl.SimpleStateMachine4Testing (SimpleStateMachine4Testing.java:put(205)) - s0: put 185, m92 -> (t:1, i:185), STATEMACHINELOGENTRY, 223@client-7B7F49E119E2
2023-11-07 01:40:11,691 [s0@group-932FD4798A9C-StateMachineUpdater] INFO  impl.SimpleStateMachine4Testing (SimpleStateMachine4Testing.java:applyTransaction(248)) - applyTransaction for log index 187
2023-11-07 01:40:11,691 [s0@group-932FD4798A9C-StateMachineUpdater] INFO  impl.SimpleStateMachine4Testing (SimpleStateMachine4Testing.java:put(205)) - s0: put 187, m93 -> (t:1, i:187), STATEMACHINELOGENTRY, 224@client-7B7F49E119E2
2023-11-07 01:40:11,695 [s0@group-932FD4798A9C-StateMachineUpdater] INFO  impl.SimpleStateMachine4Testing (SimpleStateMachine4Testing.java:applyTransaction(248)) - applyTransaction for log index 189
2023-11-07 01:40:11,695 [s0@group-932FD4798A9C-StateMachineUpdater] INFO  impl.SimpleStateMachine4Testing (SimpleStateMachine4Testing.java:put(205)) - s0: put 189, m94 -> (t:1, i:189), STATEMACHINELOGENTRY, 225@client-7B7F49E119E2
2023-11-07 01:40:11,698 [s0@group-932FD4798A9C-StateMachineUpdater] INFO  impl.SimpleStateMachine4Testing (SimpleStateMachine4Testing.java:applyTransaction(248)) - applyTransaction for log index 191
2023-11-07 01:40:11,698 [s0@group-932FD4798A9C-StateMachineUpdater] INFO  impl.SimpleStateMachine4Testing (SimpleStateMachine4Testing.java:put(205)) - s0: put 191, m95 -> (t:1, i:191), STATEMACHINELOGENTRY, 226@client-7B7F49E119E2
2023-11-07 01:40:11,699 [s0@group-932FD4798A9C-StateMachineUpdater] TRACE util.FileUtils (FileUtils.java:deleteFully(305)) - deleteFully /tmp/ratis-tests/statemachine/s0/snapshot/1_191
2023-11-07 01:40:11,699 [s0@group-932FD4798A9C-StateMachineUpdater] TRACE util.FileUtils (FileUtils.java:deleteFully(318)) - deleteFully: /tmp/ratis-tests/statemachine/s0/snapshot/1_191 does not exist.
2023-11-07 01:40:11,699 [s0@group-932FD4798A9C-StateMachineUpdater] TRACE util.FileUtils (FileUtils.java:deleteFully(305)) - deleteFully /tmp/ratis-tests/statemachine/s0/tmp/655a5b18-ad6f-455c-aea1-8d79eeeb1c6a
2023-11-07 01:40:11,699 [s0@group-932FD4798A9C-StateMachineUpdater] TRACE util.FileUtils (FileUtils.java:deleteFully(318)) - deleteFully: /tmp/ratis-tests/statemachine/s0/tmp/655a5b18-ad6f-455c-aea1-8d79eeeb1c6a does not exist.
2023-11-07 01:40:11,699 [s0@group-932FD4798A9C-StateMachineUpdater] TRACE util.FileUtils (LogUtils.java:runAndLog(49)) - Successfully ran Atomic Files.move /tmp/ratis-tests/statemachine/s0/tmp/655a5b18-ad6f-455c-aea1-8d79eeeb1c6a to /tmp/ratis-tests/statemachine/s0/snapshot/1_191
2023-11-07 01:40:11,699 [s0@group-932FD4798A9C-StateMachineUpdater] INFO  impl.StateMachineUpdater (StateMachineUpdater.java:takeSnapshot(295)) - s0@group-932FD4798A9C-StateMachineUpdater: Took a snapshot at index 191
2023-11-07 01:40:11,699 [s0@group-932FD4798A9C-StateMachineUpdater] INFO  impl.StateMachineUpdater (StateMachineUpdater.java:lambda$new$0(98)) - s0@group-932FD4798A9C-StateMachineUpdater: snapshotIndex: updateIncreasingly 127 -> 191
2023-11-07 01:40:11,699 [s0@group-932FD4798A9C-StateMachineUpdater] INFO  raftlog.RaftLog (RaftLogBase.java:purge(330)) - s0@group-932FD4798A9C-SegmentedRaftLog: purge 191
2023-11-07 01:40:11,700 [s0@group-932FD4798A9C-StateMachineUpdater] INFO  raftlog.RaftLog (RaftLogBase.java:lambda$new$0(54)) - s0@group-932FD4798A9C-SegmentedRaftLog: snapshotIndex: updateIncreasingly 127 -> 191
2023-11-07 01:40:11,700 [s0@group-932FD4798A9C-StateMachineUpdater] INFO  raftlog.RaftLog (RaftLogBase.java:lambda$new$0(54)) - s0@group-932FD4798A9C-SegmentedRaftLog: purgeIndex: updateToMax old=127, new=191, updated? true
2023-11-07 01:40:11,703 [s0@group-932FD4798A9C-StateMachineUpdater] INFO  impl.SimpleStateMachine4Testing (SimpleStateMachine4Testing.java:applyTransaction(248)) - applyTransaction for log index 193
2023-11-07 01:40:11,703 [s0@group-932FD4798A9C-StateMachineUpdater] INFO  impl.SimpleStateMachine4Testing (SimpleStateMachine4Testing.java:put(205)) - s0: put 193, m96 -> (t:1, i:193), STATEMACHINELOGENTRY, 227@client-7B7F49E119E2
2023-11-07 01:40:11,706 [s0@group-932FD4798A9C-StateMachineUpdater] INFO  impl.SimpleStateMachine4Testing (SimpleStateMachine4Testing.java:applyTransaction(248)) - applyTransaction for log index 195
2023-11-07 01:40:11,706 [s0@group-932FD4798A9C-StateMachineUpdater] INFO  impl.SimpleStateMachine4Testing (SimpleStateMachine4Testing.java:put(205)) - s0: put 195, m97 -> (t:1, i:195), STATEMACHINELOGENTRY, 228@client-7B7F49E119E2
2023-11-07 01:40:11,709 [s0@group-932FD4798A9C-StateMachineUpdater] INFO  impl.SimpleStateMachine4Testing (SimpleStateMachine4Testing.java:applyTransaction(248)) - applyTransaction for log index 197
2023-11-07 01:40:11,709 [s0@group-932FD4798A9C-StateMachineUpdater] INFO  impl.SimpleStateMachine4Testing (SimpleStateMachine4Testing.java:put(205)) - s0: put 197, m98 -> (t:1, i:197), STATEMACHINELOGENTRY, 229@client-7B7F49E119E2
2023-11-07 01:40:11,713 [s0@group-932FD4798A9C-StateMachineUpdater] INFO  impl.SimpleStateMachine4Testing (SimpleStateMachine4Testing.java:applyTransaction(248)) - applyTransaction for log index 199
2023-11-07 01:40:11,713 [s0@group-932FD4798A9C-StateMachineUpdater] INFO  impl.SimpleStateMachine4Testing (SimpleStateMachine4Testing.java:put(205)) - s0: put 199, m99 -> (t:1, i:199), STATEMACHINELOGENTRY, 230@client-7B7F49E119E2
2023-11-07 01:40:11,716 [s0@group-932FD4798A9C-StateMachineUpdater] INFO  impl.SimpleStateMachine4Testing (SimpleStateMachine4Testing.java:applyTransaction(248)) - applyTransaction for log index 201
2023-11-07 01:40:11,717 [s0@group-932FD4798A9C-StateMachineUpdater] INFO  impl.SimpleStateMachine4Testing (SimpleStateMachine4Testing.java:put(205)) - s0: put 201, m100 -> (t:1, i:201), STATEMACHINELOGENTRY, 231@client-7B7F49E119E2
2023-11-07 01:40:11,720 [s0@group-932FD4798A9C-StateMachineUpdater] INFO  impl.SimpleStateMachine4Testing (SimpleStateMachine4Testing.java:applyTransaction(248)) - applyTransaction for log index 203
2023-11-07 01:40:11,720 [s0@group-932FD4798A9C-StateMachineUpdater] INFO  impl.SimpleStateMachine4Testing (SimpleStateMachine4Testing.java:put(205)) - s0: put 203, m101 -> (t:1, i:203), STATEMACHINELOGENTRY, 232@client-7B7F49E119E2
2023-11-07 01:40:11,723 [s0@group-932FD4798A9C-StateMachineUpdater] INFO  impl.SimpleStateMachine4Testing (SimpleStateMachine4Testing.java:applyTransaction(248)) - applyTransaction for log index 205
2023-11-07 01:40:11,723 [s0@group-932FD4798A9C-StateMachineUpdater] INFO  impl.SimpleStateMachine4Testing (SimpleStateMachine4Testing.java:put(205)) - s0: put 205, m102 -> (t:1, i:205), STATEMACHINELOGENTRY, 233@client-7B7F49E119E2
2023-11-07 01:40:11,727 [s0@group-932FD4798A9C-StateMachineUpdater] INFO  impl.SimpleStateMachine4Testing (SimpleStateMachine4Testing.java:applyTransaction(248)) - applyTransaction for log index 207
2023-11-07 01:40:11,727 [s0@group-932FD4798A9C-StateMachineUpdater] INFO  impl.SimpleStateMachine4Testing (SimpleStateMachine4Testing.java:put(205)) - s0: put 207, m103 -> (t:1, i:207), STATEMACHINELOGENTRY, 234@client-7B7F49E119E2
2023-11-07 01:40:11,730 [s0@group-932FD4798A9C-StateMachineUpdater] INFO  impl.SimpleStateMachine4Testing (SimpleStateMachine4Testing.java:applyTransaction(248)) - applyTransaction for log index 209
2023-11-07 01:40:11,730 [s0@group-932FD4798A9C-StateMachineUpdater] INFO  impl.SimpleStateMachine4Testing (SimpleStateMachine4Testing.java:put(205)) - s0: put 209, m104 -> (t:1, i:209), STATEMACHINELOGENTRY, 235@client-7B7F49E119E2
2023-11-07 01:40:11,733 [s0@group-932FD4798A9C-StateMachineUpdater] INFO  impl.SimpleStateMachine4Testing (SimpleStateMachine4Testing.java:applyTransaction(248)) - applyTransaction for log index 211
2023-11-07 01:40:11,733 [s0@group-932FD4798A9C-StateMachineUpdater] INFO  impl.SimpleStateMachine4Testing (SimpleStateMachine4Testing.java:put(205)) - s0: put 211, m105 -> (t:1, i:211), STATEMACHINELOGENTRY, 236@client-7B7F49E119E2
2023-11-07 01:40:11,736 [s0@group-932FD4798A9C-StateMachineUpdater] INFO  impl.SimpleStateMachine4Testing (SimpleStateMachine4Testing.java:applyTransaction(248)) - applyTransaction for log index 213
2023-11-07 01:40:11,736 [s0@group-932FD4798A9C-StateMachineUpdater] INFO  impl.SimpleStateMachine4Testing (SimpleStateMachine4Testing.java:put(205)) - s0: put 213, m106 -> (t:1, i:213), STATEMACHINELOGENTRY, 237@client-7B7F49E119E2
2023-11-07 01:40:11,740 [s0@group-932FD4798A9C-StateMachineUpdater] INFO  impl.SimpleStateMachine4Testing (SimpleStateMachine4Testing.java:applyTransaction(248)) - applyTransaction for log index 215
2023-11-07 01:40:11,740 [s0@group-932FD4798A9C-StateMachineUpdater] INFO  impl.SimpleStateMachine4Testing (SimpleStateMachine4Testing.java:put(205)) - s0: put 215, m107 -> (t:1, i:215), STATEMACHINELOGENTRY, 238@client-7B7F49E119E2
2023-11-07 01:40:11,743 [s0@group-932FD4798A9C-StateMachineUpdater] INFO  impl.SimpleStateMachine4Testing (SimpleStateMachine4Testing.java:applyTransaction(248)) - applyTransaction for log index 217
2023-11-07 01:40:11,743 [s0@group-932FD4798A9C-StateMachineUpdater] INFO  impl.SimpleStateMachine4Testing (SimpleStateMachine4Testing.java:put(205)) - s0: put 217, m108 -> (t:1, i:217), STATEMACHINELOGENTRY, 239@client-7B7F49E119E2
2023-11-07 01:40:11,747 [s0@group-932FD4798A9C-StateMachineUpdater] INFO  impl.SimpleStateMachine4Testing (SimpleStateMachine4Testing.java:applyTransaction(248)) - applyTransaction for log index 219
2023-11-07 01:40:11,747 [s0@group-932FD4798A9C-StateMachineUpdater] INFO  impl.SimpleStateMachine4Testing (SimpleStateMachine4Testing.java:put(205)) - s0: put 219, m109 -> (t:1, i:219), STATEMACHINELOGENTRY, 240@client-7B7F49E119E2
2023-11-07 01:40:11,750 [s0@group-932FD4798A9C-StateMachineUpdater] INFO  impl.SimpleStateMachine4Testing (SimpleStateMachine4Testing.java:applyTransaction(248)) - applyTransaction for log index 221
2023-11-07 01:40:11,750 [s0@group-932FD4798A9C-StateMachineUpdater] INFO  impl.SimpleStateMachine4Testing (SimpleStateMachine4Testing.java:put(205)) - s0: put 221, m110 -> (t:1, i:221), STATEMACHINELOGENTRY, 241@client-7B7F49E119E2
2023-11-07 01:40:11,753 [s0@group-932FD4798A9C-StateMachineUpdater] INFO  impl.SimpleStateMachine4Testing (SimpleStateMachine4Testing.java:applyTransaction(248)) - applyTransaction for log index 223
2023-11-07 01:40:11,753 [s0@group-932FD4798A9C-StateMachineUpdater] INFO  impl.SimpleStateMachine4Testing (SimpleStateMachine4Testing.java:put(205)) - s0: put 223, m111 -> (t:1, i:223), STATEMACHINELOGENTRY, 242@client-7B7F49E119E2
2023-11-07 01:40:11,756 [s0@group-932FD4798A9C-StateMachineUpdater] INFO  impl.SimpleStateMachine4Testing (SimpleStateMachine4Testing.java:applyTransaction(248)) - applyTransaction for log index 225
2023-11-07 01:40:11,757 [s0@group-932FD4798A9C-StateMachineUpdater] INFO  impl.SimpleStateMachine4Testing (SimpleStateMachine4Testing.java:put(205)) - s0: put 225, m112 -> (t:1, i:225), STATEMACHINELOGENTRY, 243@client-7B7F49E119E2
2023-11-07 01:40:11,760 [s0@group-932FD4798A9C-StateMachineUpdater] INFO  impl.SimpleStateMachine4Testing (SimpleStateMachine4Testing.java:applyTransaction(248)) - applyTransaction for log index 227
2023-11-07 01:40:11,760 [s0@group-932FD4798A9C-StateMachineUpdater] INFO  impl.SimpleStateMachine4Testing (SimpleStateMachine4Testing.java:put(205)) - s0: put 227, m113 -> (t:1, i:227), STATEMACHINELOGENTRY, 244@client-7B7F49E119E2
2023-11-07 01:40:11,763 [s0@group-932FD4798A9C-StateMachineUpdater] INFO  impl.SimpleStateMachine4Testing (SimpleStateMachine4Testing.java:applyTransaction(248)) - applyTransaction for log index 229
2023-11-07 01:40:11,763 [s0@group-932FD4798A9C-StateMachineUpdater] INFO  impl.SimpleStateMachine4Testing (SimpleStateMachine4Testing.java:put(205)) - s0: put 229, m114 -> (t:1, i:229), STATEMACHINELOGENTRY, 245@client-7B7F49E119E2
2023-11-07 01:40:11,770 [s0@group-932FD4798A9C-StateMachineUpdater] INFO  impl.SimpleStateMachine4Testing (SimpleStateMachine4Testing.java:applyTransaction(248)) - applyTransaction for log index 231
2023-11-07 01:40:11,770 [s0@group-932FD4798A9C-StateMachineUpdater] INFO  impl.SimpleStateMachine4Testing (SimpleStateMachine4Testing.java:put(205)) - s0: put 231, m115 -> (t:1, i:231), STATEMACHINELOGENTRY, 246@client-7B7F49E119E2
2023-11-07 01:40:11,773 [s0@group-932FD4798A9C-StateMachineUpdater] INFO  impl.SimpleStateMachine4Testing (SimpleStateMachine4Testing.java:applyTransaction(248)) - applyTransaction for log index 233
2023-11-07 01:40:11,773 [s0@group-932FD4798A9C-StateMachineUpdater] INFO  impl.SimpleStateMachine4Testing (SimpleStateMachine4Testing.java:put(205)) - s0: put 233, m116 -> (t:1, i:233), STATEMACHINELOGENTRY, 247@client-7B7F49E119E2
2023-11-07 01:40:11,776 [s0@group-932FD4798A9C-StateMachineUpdater] INFO  impl.SimpleStateMachine4Testing (SimpleStateMachine4Testing.java:applyTransaction(248)) - applyTransaction for log index 235
2023-11-07 01:40:11,777 [s0@group-932FD4798A9C-StateMachineUpdater] INFO  impl.SimpleStateMachine4Testing (SimpleStateMachine4Testing.java:put(205)) - s0: put 235, m117 -> (t:1, i:235), STATEMACHINELOGENTRY, 248@client-7B7F49E119E2
2023-11-07 01:40:11,780 [s0@group-932FD4798A9C-StateMachineUpdater] INFO  impl.SimpleStateMachine4Testing (SimpleStateMachine4Testing.java:applyTransaction(248)) - applyTransaction for log index 237
2023-11-07 01:40:11,780 [s0@group-932FD4798A9C-StateMachineUpdater] INFO  impl.SimpleStateMachine4Testing (SimpleStateMachine4Testing.java:put(205)) - s0: put 237, m118 -> (t:1, i:237), STATEMACHINELOGENTRY, 249@client-7B7F49E119E2
2023-11-07 01:40:11,783 [s0@group-932FD4798A9C-StateMachineUpdater] INFO  impl.SimpleStateMachine4Testing (SimpleStateMachine4Testing.java:applyTransaction(248)) - applyTransaction for log index 239
2023-11-07 01:40:11,783 [s0@group-932FD4798A9C-StateMachineUpdater] INFO  impl.SimpleStateMachine4Testing (SimpleStateMachine4Testing.java:put(205)) - s0: put 239, m119 -> (t:1, i:239), STATEMACHINELOGENTRY, 250@client-7B7F49E119E2
2023-11-07 01:40:11,786 [s0@group-932FD4798A9C-StateMachineUpdater] INFO  impl.SimpleStateMachine4Testing (SimpleStateMachine4Testing.java:applyTransaction(248)) - applyTransaction for log index 241
2023-11-07 01:40:11,786 [s0@group-932FD4798A9C-StateMachineUpdater] INFO  impl.SimpleStateMachine4Testing (SimpleStateMachine4Testing.java:put(205)) - s0: put 241, m120 -> (t:1, i:241), STATEMACHINELOGENTRY, 251@client-7B7F49E119E2
2023-11-07 01:40:11,790 [s0@group-932FD4798A9C-StateMachineUpdater] INFO  impl.SimpleStateMachine4Testing (SimpleStateMachine4Testing.java:applyTransaction(248)) - applyTransaction for log index 243
2023-11-07 01:40:11,790 [s0@group-932FD4798A9C-StateMachineUpdater] INFO  impl.SimpleStateMachine4Testing (SimpleStateMachine4Testing.java:put(205)) - s0: put 243, m121 -> (t:1, i:243), STATEMACHINELOGENTRY, 252@client-7B7F49E119E2
2023-11-07 01:40:11,793 [s0@group-932FD4798A9C-StateMachineUpdater] INFO  impl.SimpleStateMachine4Testing (SimpleStateMachine4Testing.java:applyTransaction(248)) - applyTransaction for log index 245
2023-11-07 01:40:11,793 [s0@group-932FD4798A9C-StateMachineUpdater] INFO  impl.SimpleStateMachine4Testing (SimpleStateMachine4Testing.java:put(205)) - s0: put 245, m122 -> (t:1, i:245), STATEMACHINELOGENTRY, 253@client-7B7F49E119E2
2023-11-07 01:40:11,797 [s0@group-932FD4798A9C-StateMachineUpdater] INFO  impl.SimpleStateMachine4Testing (SimpleStateMachine4Testing.java:applyTransaction(248)) - applyTransaction for log index 247
2023-11-07 01:40:11,797 [s0@group-932FD4798A9C-StateMachineUpdater] INFO  impl.SimpleStateMachine4Testing (SimpleStateMachine4Testing.java:put(205)) - s0: put 247, m123 -> (t:1, i:247), STATEMACHINELOGENTRY, 254@client-7B7F49E119E2
2023-11-07 01:40:11,800 [s0@group-932FD4798A9C-StateMachineUpdater] INFO  impl.SimpleStateMachine4Testing (SimpleStateMachine4Testing.java:applyTransaction(248)) - applyTransaction for log index 249
2023-11-07 01:40:11,801 [s0@group-932FD4798A9C-StateMachineUpdater] INFO  impl.SimpleStateMachine4Testing (SimpleStateMachine4Testing.java:put(205)) - s0: put 249, m124 -> (t:1, i:249), STATEMACHINELOGENTRY, 255@client-7B7F49E119E2
2023-11-07 01:40:11,804 [s0@group-932FD4798A9C-StateMachineUpdater] INFO  impl.SimpleStateMachine4Testing (SimpleStateMachine4Testing.java:applyTransaction(248)) - applyTransaction for log index 251
2023-11-07 01:40:11,804 [s0@group-932FD4798A9C-StateMachineUpdater] INFO  impl.SimpleStateMachine4Testing (SimpleStateMachine4Testing.java:put(205)) - s0: put 251, m125 -> (t:1, i:251), STATEMACHINELOGENTRY, 256@client-7B7F49E119E2
2023-11-07 01:40:11,808 [s0@group-932FD4798A9C-StateMachineUpdater] INFO  impl.SimpleStateMachine4Testing (SimpleStateMachine4Testing.java:applyTransaction(248)) - applyTransaction for log index 253
2023-11-07 01:40:11,808 [s0@group-932FD4798A9C-StateMachineUpdater] INFO  impl.SimpleStateMachine4Testing (SimpleStateMachine4Testing.java:put(205)) - s0: put 253, m126 -> (t:1, i:253), STATEMACHINELOGENTRY, 257@client-7B7F49E119E2
2023-11-07 01:40:11,823 [s0-server-thread1] INFO  server.RaftServer$Division (RaftServerImpl.java:takeSnapshotAsync(1194)) - s0@group-932FD4798A9C: takeSnapshotAsync SnapshotManagementRequest:client-7B7F49E119E2->s0@group-932FD4798A9C, cid=258, seq=null, RO, null, Create:
2023-11-07 01:40:11,823 [s0-server-thread1] INFO  server.RaftServerConfigKeys (ConfUtils.java:logGet(46)) - raft.server.snapshot.creation.gap = 1024 (default)
2023-11-07 01:40:11,828 [Time-limited test] INFO  impl.MiniRaftCluster (MiniRaftCluster.java:addNewPeers(464)) - Add new peers [s1, s2]
2023-11-07 01:40:11,829 [Time-limited test] INFO  impl.MiniRaftCluster (MiniRaftCluster.java:newRaftServer(382)) - newRaftServer: s1, group-932FD4798A9C:[], format? true
2023-11-07 01:40:11,829 [Time-limited test] TRACE util.FileUtils (FileUtils.java:deleteFully(305)) - deleteFully target/test/data/1674ca6a/MiniRaftClusterWithGrpc4bdb6f51/s1
2023-11-07 01:40:11,829 [Time-limited test] TRACE util.FileUtils (FileUtils.java:deleteFully(318)) - deleteFully: target/test/data/1674ca6a/MiniRaftClusterWithGrpc4bdb6f51/s1 does not exist.
2023-11-07 01:40:11,829 [Time-limited test] INFO  impl.MiniRaftCluster (MiniRaftCluster.java:newRaftServer(387)) - Formatted directory target/test/data/1674ca6a/MiniRaftClusterWithGrpc4bdb6f51/s1
2023-11-07 01:40:11,829 [Time-limited test] INFO  server.RaftServer (ConfUtils.java:logGet(46)) - raft.rpc.type = GRPC (default)
2023-11-07 01:40:11,829 [Time-limited test] INFO  grpc.GrpcConfigKeys (ConfUtils.java:logFallback(53)) - raft.grpc.admin.host = null (fallback to raft.grpc.server.host)
2023-11-07 01:40:11,829 [Time-limited test] INFO  grpc.GrpcConfigKeys (ConfUtils.java:logFallback(53)) - raft.grpc.admin.port = 35499 (fallback to raft.grpc.server.port)
2023-11-07 01:40:11,829 [Time-limited test] INFO  grpc.GrpcConfigKeys (ConfUtils.java:logFallback(53)) - raft.grpc.client.host = null (fallback to raft.grpc.server.host)
2023-11-07 01:40:11,829 [Time-limited test] INFO  grpc.GrpcConfigKeys (ConfUtils.java:logFallback(53)) - raft.grpc.client.port = 35499 (fallback to raft.grpc.server.port)
2023-11-07 01:40:11,830 [Time-limited test] INFO  grpc.GrpcConfigKeys (ConfUtils.java:logGet(46)) - raft.grpc.server.host = null (default)
2023-11-07 01:40:11,830 [Time-limited test] INFO  grpc.GrpcConfigKeys (ConfUtils.java:logGet(46)) - raft.grpc.server.port = 35499 (custom)
2023-11-07 01:40:11,830 [Time-limited test] INFO  server.GrpcService (ConfUtils.java:logGet(46)) - raft.grpc.message.size.max = 64MB (=67108864) (default)
2023-11-07 01:40:11,830 [Time-limited test] INFO  server.RaftServerConfigKeys (ConfUtils.java:logGet(46)) - raft.server.log.appender.buffer.byte-limit = 4MB (=4194304) (default)
2023-11-07 01:40:11,830 [Time-limited test] INFO  server.GrpcService (ConfUtils.java:logGet(46)) - raft.grpc.flow.control.window = 1MB (=1048576) (default)
2023-11-07 01:40:11,830 [Time-limited test] INFO  server.RaftServerConfigKeys (ConfUtils.java:logGet(46)) - raft.server.rpc.request.timeout = 3000ms (default)
2023-11-07 01:40:11,830 [Time-limited test] INFO  grpc.GrpcConfigKeys (ConfUtils.java:logGet(46)) - raft.grpc.server.heartbeat.channel = false (custom)
2023-11-07 01:40:11,830 [Time-limited test] INFO  grpc.GrpcConfigKeys (ConfUtils.java:logGet(46)) - raft.grpc.server.async.request.thread.pool.cached = true (default)
2023-11-07 01:40:11,830 [Time-limited test] INFO  grpc.GrpcConfigKeys (ConfUtils.java:logGet(46)) - raft.grpc.server.async.request.thread.pool.size = 32 (default)
2023-11-07 01:40:11,831 [Time-limited test] INFO  impl.DataStreamServerImpl (ConfUtils.java:logGet(46)) - raft.datastream.type = DISABLED (default)
2023-11-07 01:40:11,831 [Time-limited test] INFO  server.RaftServerConfigKeys (ConfUtils.java:logGet(46)) - raft.server.sleep.deviation.threshold = 300ms (default)
2023-11-07 01:40:11,831 [Time-limited test] INFO  server.RaftServerConfigKeys (ConfUtils.java:logGet(46)) - raft.server.close.threshold = 60s (default)
2023-11-07 01:40:11,831 [Time-limited test] INFO  server.RaftServerConfigKeys (ConfUtils.java:logGet(46)) - raft.server.leaderelection.leader.step-down.wait-time = 10s (default)
2023-11-07 01:40:11,832 [Time-limited test] INFO  server.RaftServerConfigKeys (ConfUtils.java:logGet(46)) - raft.server.storage.dir = [/home/runner/work/ratis/ratis/ratis-test/target/test/data/1674ca6a/MiniRaftClusterWithGrpc4bdb6f51/s1] (custom)
2023-11-07 01:40:11,832 [Time-limited test] INFO  server.RaftServerConfigKeys (ConfUtils.java:logGet(46)) - raft.server.threadpool.proxy.cached = true (default)
2023-11-07 01:40:11,832 [Time-limited test] INFO  server.RaftServerConfigKeys (ConfUtils.java:logGet(46)) - raft.server.threadpool.proxy.size = 0 (default)
2023-11-07 01:40:11,835 [Time-limited test] INFO  server.RaftServer (RaftServerProxy.java:addNew(100)) - s1: addNew group-932FD4798A9C:[] returns group-932FD4798A9C:java.util.concurrent.CompletableFuture@7ef74904[Not completed]
2023-11-07 01:40:11,835 [s1-groupManagement] INFO  server.RaftServerConfigKeys (ConfUtils.java:logGet(46)) - raft.server.log.segment.size.max = 32MB (=33554432) (default)
2023-11-07 01:40:11,835 [Time-limited test] INFO  impl.MiniRaftCluster (MiniRaftCluster.java:newRaftServer(382)) - newRaftServer: s2, group-932FD4798A9C:[], format? true
2023-11-07 01:40:11,835 [s1-groupManagement] INFO  server.RaftServerConfigKeys (ConfUtils.java:logGet(46)) - raft.server.log.preallocated.size = 4MB (=4194304) (default)
2023-11-07 01:40:11,835 [Time-limited test] TRACE util.FileUtils (FileUtils.java:deleteFully(305)) - deleteFully target/test/data/1674ca6a/MiniRaftClusterWithGrpc4bdb6f51/s2
2023-11-07 01:40:11,835 [s1-groupManagement] INFO  server.RaftServerConfigKeys (ConfUtils.java:logGet(46)) - raft.server.log.write.buffer.size = 64KB (=65536) (default)
2023-11-07 01:40:11,836 [Time-limited test] TRACE util.FileUtils (FileUtils.java:deleteFully(318)) - deleteFully: target/test/data/1674ca6a/MiniRaftClusterWithGrpc4bdb6f51/s2 does not exist.
2023-11-07 01:40:11,836 [s1-groupManagement] INFO  server.RaftServer$Division (RaftServerImpl.java:<init>(255)) - s1: new RaftServerImpl for group-932FD4798A9C:[] with StateMachineWithSeparatedSnapshotPath:uninitialized
2023-11-07 01:40:11,836 [Time-limited test] INFO  impl.MiniRaftCluster (MiniRaftCluster.java:newRaftServer(387)) - Formatted directory target/test/data/1674ca6a/MiniRaftClusterWithGrpc4bdb6f51/s2
2023-11-07 01:40:11,836 [Time-limited test] INFO  server.RaftServer (ConfUtils.java:logGet(46)) - raft.rpc.type = GRPC (default)
2023-11-07 01:40:11,836 [Time-limited test] INFO  grpc.GrpcConfigKeys (ConfUtils.java:logFallback(53)) - raft.grpc.admin.host = null (fallback to raft.grpc.server.host)
2023-11-07 01:40:11,836 [Time-limited test] INFO  grpc.GrpcConfigKeys (ConfUtils.java:logFallback(53)) - raft.grpc.admin.port = 40977 (fallback to raft.grpc.server.port)
2023-11-07 01:40:11,836 [Time-limited test] INFO  grpc.GrpcConfigKeys (ConfUtils.java:logFallback(53)) - raft.grpc.client.host = null (fallback to raft.grpc.server.host)
2023-11-07 01:40:11,836 [Time-limited test] INFO  grpc.GrpcConfigKeys (ConfUtils.java:logFallback(53)) - raft.grpc.client.port = 40977 (fallback to raft.grpc.server.port)
2023-11-07 01:40:11,836 [Time-limited test] INFO  grpc.GrpcConfigKeys (ConfUtils.java:logGet(46)) - raft.grpc.server.host = null (default)
2023-11-07 01:40:11,837 [Time-limited test] INFO  grpc.GrpcConfigKeys (ConfUtils.java:logGet(46)) - raft.grpc.server.port = 40977 (custom)
2023-11-07 01:40:11,837 [Time-limited test] INFO  server.GrpcService (ConfUtils.java:logGet(46)) - raft.grpc.message.size.max = 64MB (=67108864) (default)
2023-11-07 01:40:11,837 [Time-limited test] INFO  server.RaftServerConfigKeys (ConfUtils.java:logGet(46)) - raft.server.log.appender.buffer.byte-limit = 4MB (=4194304) (default)
2023-11-07 01:40:11,838 [Time-limited test] INFO  server.GrpcService (ConfUtils.java:logGet(46)) - raft.grpc.flow.control.window = 1MB (=1048576) (default)
2023-11-07 01:40:11,838 [Time-limited test] INFO  server.RaftServerConfigKeys (ConfUtils.java:logGet(46)) - raft.server.rpc.request.timeout = 3000ms (default)
2023-11-07 01:40:11,838 [Time-limited test] INFO  grpc.GrpcConfigKeys (ConfUtils.java:logGet(46)) - raft.grpc.server.heartbeat.channel = false (custom)
2023-11-07 01:40:11,838 [Time-limited test] INFO  grpc.GrpcConfigKeys (ConfUtils.java:logGet(46)) - raft.grpc.server.async.request.thread.pool.cached = true (default)
2023-11-07 01:40:11,838 [Time-limited test] INFO  grpc.GrpcConfigKeys (ConfUtils.java:logGet(46)) - raft.grpc.server.async.request.thread.pool.size = 32 (default)
2023-11-07 01:40:11,839 [Time-limited test] INFO  impl.DataStreamServerImpl (ConfUtils.java:logGet(46)) - raft.datastream.type = DISABLED (default)
2023-11-07 01:40:11,839 [Time-limited test] INFO  server.RaftServerConfigKeys (ConfUtils.java:logGet(46)) - raft.server.sleep.deviation.threshold = 300ms (default)
2023-11-07 01:40:11,840 [Time-limited test] INFO  server.RaftServerConfigKeys (ConfUtils.java:logGet(46)) - raft.server.close.threshold = 60s (default)
2023-11-07 01:40:11,840 [Time-limited test] INFO  server.RaftServerConfigKeys (ConfUtils.java:logGet(46)) - raft.server.leaderelection.leader.step-down.wait-time = 10s (default)
2023-11-07 01:40:11,840 [Time-limited test] INFO  server.RaftServerConfigKeys (ConfUtils.java:logGet(46)) - raft.server.storage.dir = [/home/runner/work/ratis/ratis/ratis-test/target/test/data/1674ca6a/MiniRaftClusterWithGrpc4bdb6f51/s2] (custom)
2023-11-07 01:40:11,840 [Time-limited test] INFO  server.RaftServerConfigKeys (ConfUtils.java:logGet(46)) - raft.server.threadpool.proxy.cached = true (default)
2023-11-07 01:40:11,840 [Time-limited test] INFO  server.RaftServerConfigKeys (ConfUtils.java:logGet(46)) - raft.server.threadpool.proxy.size = 0 (default)
2023-11-07 01:40:11,840 [Time-limited test] INFO  server.RaftServer (RaftServerProxy.java:addNew(100)) - s2: addNew group-932FD4798A9C:[] returns group-932FD4798A9C:java.util.concurrent.CompletableFuture@545d24b2[Not completed]
2023-11-07 01:40:11,841 [s2-groupManagement] INFO  server.RaftServerConfigKeys (ConfUtils.java:logGet(46)) - raft.server.log.segment.size.max = 32MB (=33554432) (default)
2023-11-07 01:40:11,841 [s2-groupManagement] INFO  server.RaftServerConfigKeys (ConfUtils.java:logGet(46)) - raft.server.log.preallocated.size = 4MB (=4194304) (default)
2023-11-07 01:40:11,841 [s2-groupManagement] INFO  server.RaftServerConfigKeys (ConfUtils.java:logGet(46)) - raft.server.log.write.buffer.size = 64KB (=65536) (default)
2023-11-07 01:40:11,841 [s2-groupManagement] INFO  server.RaftServer$Division (RaftServerImpl.java:<init>(255)) - s2: new RaftServerImpl for group-932FD4798A9C:[] with StateMachineWithSeparatedSnapshotPath:uninitialized
2023-11-07 01:40:11,841 [s2-groupManagement] INFO  server.RaftServerConfigKeys (ConfUtils.java:logGet(46)) - raft.server.rpc.timeout.min = 150ms (default)
2023-11-07 01:40:11,841 [s2-groupManagement] INFO  server.RaftServerConfigKeys (ConfUtils.java:logGet(46)) - raft.server.rpc.timeout.max = 300ms (default)
2023-11-07 01:40:11,841 [s2-groupManagement] INFO  server.RaftServerConfigKeys (ConfUtils.java:logGet(46)) - raft.server.rpc.sleep.time = 25ms (default)
2023-11-07 01:40:11,841 [s2-groupManagement] INFO  server.RaftServerConfigKeys (ConfUtils.java:logGet(46)) - raft.server.rpc.slowness.timeout = 60s (default)
2023-11-07 01:40:11,836 [s1-groupManagement] INFO  server.RaftServerConfigKeys (ConfUtils.java:logGet(46)) - raft.server.rpc.timeout.min = 150ms (default)
2023-11-07 01:40:11,841 [s2-groupManagement] INFO  server.RaftServerConfigKeys (ConfUtils.java:logGet(46)) - raft.server.leaderelection.leader.step-down.wait-time = 10s (default)
2023-11-07 01:40:11,842 [s1-groupManagement] INFO  server.RaftServerConfigKeys (ConfUtils.java:logGet(46)) - raft.server.rpc.timeout.max = 300ms (default)
2023-11-07 01:40:11,842 [s2-groupManagement] INFO  server.RaftServerConfigKeys (ConfUtils.java:logGet(46)) - raft.server.sleep.deviation.threshold = 300ms (default)
2023-11-07 01:40:11,842 [s1-groupManagement] INFO  server.RaftServerConfigKeys (ConfUtils.java:logGet(46)) - raft.server.rpc.sleep.time = 25ms (default)
2023-11-07 01:40:11,842 [s2-groupManagement] INFO  server.RaftServer$Division (ServerState.java:<init>(113)) - s2@group-932FD4798A9C: ConfigurationManager, init=-1: peers:[]|listeners:[], old=null, confs=<EMPTY_MAP>
2023-11-07 01:40:11,842 [s1-groupManagement] INFO  server.RaftServerConfigKeys (ConfUtils.java:logGet(46)) - raft.server.rpc.slowness.timeout = 60s (default)
2023-11-07 01:40:11,842 [s2-groupManagement] INFO  server.RaftServerConfigKeys (ConfUtils.java:logGet(46)) - raft.server.notification.no-leader.timeout = 60s (default)
2023-11-07 01:40:11,842 [s1-groupManagement] INFO  server.RaftServerConfigKeys (ConfUtils.java:logGet(46)) - raft.server.leaderelection.leader.step-down.wait-time = 10s (default)
2023-11-07 01:40:11,842 [s2-groupManagement] INFO  server.RaftServerConfigKeys (ConfUtils.java:logGet(46)) - raft.server.read.timeout = 10s (default)
2023-11-07 01:40:11,842 [s1-groupManagement] INFO  server.RaftServerConfigKeys (ConfUtils.java:logGet(46)) - raft.server.sleep.deviation.threshold = 300ms (default)
2023-11-07 01:40:11,842 [s2-groupManagement] INFO  server.RaftServerConfigKeys (ConfUtils.java:logGet(46)) - raft.server.retrycache.expirytime = 60s (default)
2023-11-07 01:40:11,842 [s1-groupManagement] INFO  server.RaftServer$Division (ServerState.java:<init>(113)) - s1@group-932FD4798A9C: ConfigurationManager, init=-1: peers:[]|listeners:[], old=null, confs=<EMPTY_MAP>
2023-11-07 01:40:11,842 [s2-groupManagement] INFO  server.RaftServerConfigKeys (ConfUtils.java:logGet(46)) - raft.server.retrycache.statistics.expirytime = 100ms (default)
2023-11-07 01:40:11,842 [s1-groupManagement] INFO  server.RaftServerConfigKeys (ConfUtils.java:logGet(46)) - raft.server.notification.no-leader.timeout = 60s (default)
2023-11-07 01:40:11,842 [s1-groupManagement] INFO  server.RaftServerConfigKeys (ConfUtils.java:logGet(46)) - raft.server.read.timeout = 10s (default)
2023-11-07 01:40:11,842 [s2-groupManagement] INFO  server.RaftServerConfigKeys (ConfUtils.java:logGet(46)) - raft.server.read.option = DEFAULT (default)
2023-11-07 01:40:11,842 [s1-groupManagement] INFO  server.RaftServerConfigKeys (ConfUtils.java:logGet(46)) - raft.server.retrycache.expirytime = 60s (default)
2023-11-07 01:40:11,842 [s2-groupManagement] INFO  server.RaftServerConfigKeys (ConfUtils.java:logGet(46)) - raft.server.read.read-after-write-consistent.write-index-cache.expiry-time = 60s (default)
2023-11-07 01:40:11,842 [s1-groupManagement] INFO  server.RaftServerConfigKeys (ConfUtils.java:logGet(46)) - raft.server.retrycache.statistics.expirytime = 100ms (default)
2023-11-07 01:40:11,842 [s1-groupManagement] INFO  server.RaftServerConfigKeys (ConfUtils.java:logGet(46)) - raft.server.read.option = DEFAULT (default)
2023-11-07 01:40:11,842 [s1-groupManagement] INFO  server.RaftServerConfigKeys (ConfUtils.java:logGet(46)) - raft.server.read.read-after-write-consistent.write-index-cache.expiry-time = 60s (default)
2023-11-07 01:40:11,844 [s1-groupManagement] INFO  server.RaftServerConfigKeys (ConfUtils.java:logGet(46)) - raft.server.rpc.request.timeout = 3000ms (default)
2023-11-07 01:40:11,844 [s1-groupManagement] INFO  server.RaftServerConfigKeys (ConfUtils.java:logGet(46)) - raft.server.log.appender.install.snapshot.enabled = true (default)
2023-11-07 01:40:11,844 [s1-groupManagement] INFO  server.RaftServerConfigKeys (ConfUtils.java:logGet(46)) - raft.server.threadpool.server.cached = true (default)
2023-11-07 01:40:11,844 [s1-groupManagement] INFO  server.RaftServerConfigKeys (ConfUtils.java:logGet(46)) - raft.server.threadpool.server.size = 0 (default)
2023-11-07 01:40:11,844 [s1-groupManagement] INFO  server.RaftServerConfigKeys (ConfUtils.java:logGet(46)) - raft.server.threadpool.client.cached = true (default)
2023-11-07 01:40:11,845 [s1-groupManagement] INFO  server.RaftServerConfigKeys (ConfUtils.java:logGet(46)) - raft.server.threadpool.client.size = 0 (default)
2023-11-07 01:40:11,845 [s1-impl-thread1] INFO  server.RaftServerConfigKeys (ConfUtils.java:logGet(46)) - raft.server.storage.free-space.min = 0MB (=0) (default)
2023-11-07 01:40:11,845 [s1-impl-thread1] INFO  server.RaftServerConfigKeys (ConfUtils.java:logGet(46)) - raft.server.log.corruption.policy = EXCEPTION (default)
2023-11-07 01:40:11,845 [s1-impl-thread1] INFO  server.RaftServerConfigKeys (ConfUtils.java:logGet(46)) - raft.server.storage.dir = [/home/runner/work/ratis/ratis/ratis-test/target/test/data/1674ca6a/MiniRaftClusterWithGrpc4bdb6f51/s1] (custom)
2023-11-07 01:40:11,845 [s1-impl-thread1] INFO  storage.RaftStorageDirectory (RaftStorageDirectoryImpl.java:analyzeStorage(138)) - The storage directory /home/runner/work/ratis/ratis/ratis-test/target/test/data/1674ca6a/MiniRaftClusterWithGrpc4bdb6f51/s1/e1a4504d-09b4-4f2b-a409-932fd4798a9c does not exist. Creating ...
2023-11-07 01:40:11,845 [s1-impl-thread1] TRACE util.FileUtils (LogUtils.java:runAndLog(49)) - Successfully ran Files.createDirectories /home/runner/work/ratis/ratis/ratis-test/target/test/data/1674ca6a/MiniRaftClusterWithGrpc4bdb6f51/s1/e1a4504d-09b4-4f2b-a409-932fd4798a9c
2023-11-07 01:40:11,848 [s1-impl-thread1] INFO  storage.RaftStorageDirectory (RaftStorageDirectoryImpl.java:tryLock(232)) - Lock on /home/runner/work/ratis/ratis/ratis-test/target/test/data/1674ca6a/MiniRaftClusterWithGrpc4bdb6f51/s1/e1a4504d-09b4-4f2b-a409-932fd4798a9c/in_use.lock acquired by nodename 29351@fv-az1231-351
2023-11-07 01:40:11,848 [s1-impl-thread1] TRACE util.FileUtils (LogUtils.java:runAndLog(49)) - Successfully ran Files.createDirectories /home/runner/work/ratis/ratis/ratis-test/target/test/data/1674ca6a/MiniRaftClusterWithGrpc4bdb6f51/s1/e1a4504d-09b4-4f2b-a409-932fd4798a9c/current
2023-11-07 01:40:11,848 [s1-impl-thread1] TRACE util.FileUtils (LogUtils.java:runAndLog(49)) - Successfully ran Files.createDirectories /home/runner/work/ratis/ratis/ratis-test/target/test/data/1674ca6a/MiniRaftClusterWithGrpc4bdb6f51/s1/e1a4504d-09b4-4f2b-a409-932fd4798a9c/sm
2023-11-07 01:40:11,848 [s1-impl-thread1] TRACE util.FileUtils (LogUtils.java:supplyAndLog(69)) - Successfully supplied FileChannel.open /home/runner/work/ratis/ratis/ratis-test/target/test/data/1674ca6a/MiniRaftClusterWithGrpc4bdb6f51/s1/e1a4504d-09b4-4f2b-a409-932fd4798a9c/current/raft-meta.tmp with options [CREATE, WRITE]: sun.nio.ch.FileChannelImpl@7888e263
2023-11-07 01:40:11,849 [s1-impl-thread1] TRACE util.FileUtils (LogUtils.java:runAndLog(49)) - Successfully ran Atomic Files.move /home/runner/work/ratis/ratis/ratis-test/target/test/data/1674ca6a/MiniRaftClusterWithGrpc4bdb6f51/s1/e1a4504d-09b4-4f2b-a409-932fd4798a9c/current/raft-meta.tmp to /home/runner/work/ratis/ratis/ratis-test/target/test/data/1674ca6a/MiniRaftClusterWithGrpc4bdb6f51/s1/e1a4504d-09b4-4f2b-a409-932fd4798a9c/current/raft-meta with options [REPLACE_EXISTING]
2023-11-07 01:40:11,850 [s1-impl-thread1] INFO  storage.RaftStorage (RaftStorageImpl.java:format(97)) - Storage directory /home/runner/work/ratis/ratis/ratis-test/target/test/data/1674ca6a/MiniRaftClusterWithGrpc4bdb6f51/s1/e1a4504d-09b4-4f2b-a409-932fd4798a9c has been successfully formatted.
2023-11-07 01:40:11,850 [s1-impl-thread1] INFO  impl.SimpleStateMachine4Testing (SimpleStateMachine4Testing.java:initialize(213)) - Initializing StateMachineWithSeparatedSnapshotPath:uninitialized
2023-11-07 01:40:11,850 [s1-impl-thread1] INFO  impl.SimpleStateMachine4Testing (SimpleStateMachine4Testing.java:loadSnapshot(296)) - Loading snapshot null
2023-11-07 01:40:11,850 [s1-impl-thread1] TRACE util.FileUtils (FileUtils.java:deleteFully(305)) - deleteFully /tmp/ratis-tests/statemachine/s1
2023-11-07 01:40:11,850 [s1-impl-thread1] TRACE util.FileUtils (FileUtils.java:deleteFully(318)) - deleteFully: /tmp/ratis-tests/statemachine/s1 does not exist.
2023-11-07 01:40:11,850 [s1-impl-thread1] INFO  server.RaftServerConfigKeys (ConfUtils.java:logGet(46)) - raft.server.log.use.memory = false (default)
2023-11-07 01:40:11,851 [s1-impl-thread1] INFO  server.RaftServerConfigKeys (ConfUtils.java:logGet(46)) - raft.server.log.purge.gap = 8 (custom)
2023-11-07 01:40:11,851 [s1-impl-thread1] INFO  server.RaftServerConfigKeys (ConfUtils.java:logGet(46)) - raft.server.log.appender.buffer.byte-limit = 4MB (=4194304) (default)
2023-11-07 01:40:11,851 [s1-impl-thread1] INFO  server.RaftServerConfigKeys (ConfUtils.java:logGet(46)) - raft.server.log.statemachine.data.read.timeout = 1000ms (default)
2023-11-07 01:40:11,851 [s1-impl-thread1] INFO  server.RaftServerConfigKeys (ConfUtils.java:logGet(46)) - raft.server.log.purge.preservation.log.num = 0 (default)
2023-11-07 01:40:11,851 [s2-groupManagement] INFO  server.RaftServerConfigKeys (ConfUtils.java:logGet(46)) - raft.server.rpc.request.timeout = 3000ms (default)
2023-11-07 01:40:11,851 [s2-groupManagement] INFO  server.RaftServerConfigKeys (ConfUtils.java:logGet(46)) - raft.server.log.appender.install.snapshot.enabled = true (default)
2023-11-07 01:40:11,851 [s2-groupManagement] INFO  server.RaftServerConfigKeys (ConfUtils.java:logGet(46)) - raft.server.threadpool.server.cached = true (default)
2023-11-07 01:40:11,851 [s2-groupManagement] INFO  server.RaftServerConfigKeys (ConfUtils.java:logGet(46)) - raft.server.threadpool.server.size = 0 (default)
2023-11-07 01:40:11,851 [s2-groupManagement] INFO  server.RaftServerConfigKeys (ConfUtils.java:logGet(46)) - raft.server.threadpool.client.cached = true (default)
2023-11-07 01:40:11,851 [s2-groupManagement] INFO  server.RaftServerConfigKeys (ConfUtils.java:logGet(46)) - raft.server.threadpool.client.size = 0 (default)
2023-11-07 01:40:11,852 [s1-impl-thread1] INFO  server.RaftServerConfigKeys (ConfUtils.java:logGet(46)) - raft.server.log.segment.size.max = 32MB (=33554432) (default)
2023-11-07 01:40:11,852 [s1-impl-thread1] INFO  server.RaftServerConfigKeys (ConfUtils.java:logGet(46)) - raft.server.log.segment.cache.num.max = 6 (default)
2023-11-07 01:40:11,852 [s1-impl-thread1] INFO  server.RaftServerConfigKeys (ConfUtils.java:logGet(46)) - raft.server.log.segment.cache.size.max = 200MB (=209715200) (default)
2023-11-07 01:40:11,852 [s1-impl-thread1] INFO  server.RaftServerConfigKeys (ConfUtils.java:logGet(46)) - raft.server.log.appender.buffer.byte-limit = 4MB (=4194304) (default)
2023-11-07 01:40:11,852 [s1-impl-thread1] INFO  util.AwaitToRun (AwaitToRun.java:start(81)) - Thread[s1@group-932FD4798A9C-cacheEviction-AwaitToRun,5,main] started
2023-11-07 01:40:11,852 [s1-impl-thread1] INFO  segmented.SegmentedRaftLogWorker (SegmentedRaftLogWorker.java:<init>(184)) - new s1@group-932FD4798A9C-SegmentedRaftLogWorker for RaftStorageImpl:Storage Directory /home/runner/work/ratis/ratis/ratis-test/target/test/data/1674ca6a/MiniRaftClusterWithGrpc4bdb6f51/s1/e1a4504d-09b4-4f2b-a409-932fd4798a9c
2023-11-07 01:40:11,853 [s1-impl-thread1] INFO  server.RaftServerConfigKeys (ConfUtils.java:logGet(46)) - raft.server.log.queue.byte-limit = 64MB (=67108864) (default)
2023-11-07 01:40:11,853 [s1-impl-thread1] INFO  server.RaftServerConfigKeys (ConfUtils.java:logGet(46)) - raft.server.log.queue.element-limit = 4096 (default)
2023-11-07 01:40:11,853 [s1-impl-thread1] INFO  server.RaftServerConfigKeys (ConfUtils.java:logGet(46)) - raft.server.log.segment.size.max = 32MB (=33554432) (default)
2023-11-07 01:40:11,853 [s1-impl-thread1] INFO  server.RaftServerConfigKeys (ConfUtils.java:logGet(46)) - raft.server.log.preallocated.size = 4MB (=4194304) (default)
2023-11-07 01:40:11,853 [s1-impl-thread1] INFO  server.RaftServerConfigKeys (ConfUtils.java:logGet(46)) - raft.server.log.force.sync.num = 128 (default)
2023-11-07 01:40:11,853 [s1-impl-thread1] INFO  server.RaftServerConfigKeys (ConfUtils.java:logGet(46)) - raft.server.log.statemachine.data.sync = true (default)
2023-11-07 01:40:11,853 [s1-impl-thread1] INFO  server.RaftServerConfigKeys (ConfUtils.java:logGet(46)) - raft.server.log.statemachine.data.sync.timeout = 10s (default)
2023-11-07 01:40:11,853 [s1-impl-thread1] INFO  server.RaftServerConfigKeys (ConfUtils.java:logGet(46)) - raft.server.log.statemachine.data.sync.timeout.retry = -1 (default)
2023-11-07 01:40:11,853 [s1-impl-thread1] INFO  server.RaftServerConfigKeys (ConfUtils.java:logGet(46)) - raft.server.log.write.buffer.size = 64KB (=65536) (default)
2023-11-07 01:40:11,853 [s1-impl-thread1] INFO  server.RaftServerConfigKeys (ConfUtils.java:logGet(46)) - raft.server.log.appender.buffer.byte-limit = 4MB (=4194304) (default)
2023-11-07 01:40:11,856 [s1-impl-thread1] INFO  server.RaftServerConfigKeys (ConfUtils.java:logGet(46)) - raft.server.log.unsafe-flush.enabled = false (default)
2023-11-07 01:40:11,856 [s1-impl-thread1] INFO  server.RaftServerConfigKeys (ConfUtils.java:logGet(46)) - raft.server.log.async-flush.enabled = false (default)
2023-11-07 01:40:11,856 [s1-impl-thread1] INFO  server.RaftServerConfigKeys (ConfUtils.java:logGet(46)) - raft.server.log.statemachine.data.caching.enabled = false (default)
2023-11-07 01:40:11,856 [s1-impl-thread1] INFO  segmented.SegmentedRaftLogWorker (SegmentedRaftLogWorker.java:lambda$new$0(135)) - s1@group-932FD4798A9C-SegmentedRaftLogWorker: flushIndex: setUnconditionally 0 -> -1
2023-11-07 01:40:11,856 [s1-impl-thread1] INFO  segmented.SegmentedRaftLogWorker (SegmentedRaftLogWorker.java:lambda$new$0(135)) - s1@group-932FD4798A9C-SegmentedRaftLogWorker: safeCacheEvictIndex: setUnconditionally 0 -> -1
2023-11-07 01:40:11,856 [s1-impl-thread1] INFO  server.RaftServer$Division (RaftServerImpl.java:start(396)) - s1@group-932FD4798A9C: start with initializing state, conf=-1: peers:[]|listeners:[], old=null
2023-11-07 01:40:11,856 [s1-impl-thread1] INFO  server.RaftServer$Division (RaftServerImpl.java:setRole(377)) - s1@group-932FD4798A9C: changes role from      null to FOLLOWER at term 0 for startInitializing
2023-11-07 01:40:11,856 [s1-impl-thread1] INFO  util.JmxRegister (JmxRegister.java:tryRegister(44)) - Successfully registered JMX Bean with object name Ratis:service=RaftServer,group=group-932FD4798A9C,id=s1
2023-11-07 01:40:11,857 [s1-impl-thread1] INFO  server.RaftServerConfigKeys (ConfUtils.java:logGet(46)) - raft.server.snapshot.trigger-when-stop.enabled = true (default)
2023-11-07 01:40:11,857 [s1-impl-thread1] INFO  server.RaftServerConfigKeys (ConfUtils.java:logGet(46)) - raft.server.snapshot.auto.trigger.enabled = true (custom)
2023-11-07 01:40:11,857 [s1-impl-thread1] INFO  server.RaftServerConfigKeys (ConfUtils.java:logGet(46)) - raft.server.snapshot.auto.trigger.threshold = 64 (custom)
2023-11-07 01:40:11,857 [s1-impl-thread1] INFO  server.RaftServerConfigKeys (ConfUtils.java:logGet(46)) - raft.server.snapshot.retention.file.num = -1 (default)
2023-11-07 01:40:11,857 [s1-impl-thread1] INFO  server.RaftServerConfigKeys (ConfUtils.java:logGet(46)) - raft.server.log.purge.upto.snapshot.index = false (default)
2023-11-07 01:40:11,859 [Time-limited test] INFO  server.RaftServer (RaftServerProxy.java:startImpl(406)) - s1: start RPC server
2023-11-07 01:40:11,860 [Time-limited test] INFO  server.GrpcService (GrpcService.java:startImpl(302)) - s1: GrpcService started, listening on 35499
2023-11-07 01:40:11,860 [JvmPauseMonitor4] INFO  util.JvmPauseMonitor (JvmPauseMonitor.java:run(146)) - JvmPauseMonitor-s1: Started
2023-11-07 01:40:11,860 [s2-impl-thread1] INFO  server.RaftServerConfigKeys (ConfUtils.java:logGet(46)) - raft.server.storage.free-space.min = 0MB (=0) (default)
2023-11-07 01:40:11,861 [s2-impl-thread1] INFO  server.RaftServerConfigKeys (ConfUtils.java:logGet(46)) - raft.server.log.corruption.policy = EXCEPTION (default)
2023-11-07 01:40:11,861 [s2-impl-thread1] INFO  server.RaftServerConfigKeys (ConfUtils.java:logGet(46)) - raft.server.storage.dir = [/home/runner/work/ratis/ratis/ratis-test/target/test/data/1674ca6a/MiniRaftClusterWithGrpc4bdb6f51/s2] (custom)
2023-11-07 01:40:11,861 [s2-impl-thread1] INFO  storage.RaftStorageDirectory (RaftStorageDirectoryImpl.java:analyzeStorage(138)) - The storage directory /home/runner/work/ratis/ratis/ratis-test/target/test/data/1674ca6a/MiniRaftClusterWithGrpc4bdb6f51/s2/e1a4504d-09b4-4f2b-a409-932fd4798a9c does not exist. Creating ...
2023-11-07 01:40:11,861 [s2-impl-thread1] TRACE util.FileUtils (LogUtils.java:runAndLog(49)) - Successfully ran Files.createDirectories /home/runner/work/ratis/ratis/ratis-test/target/test/data/1674ca6a/MiniRaftClusterWithGrpc4bdb6f51/s2/e1a4504d-09b4-4f2b-a409-932fd4798a9c
2023-11-07 01:40:11,862 [s2-impl-thread1] INFO  storage.RaftStorageDirectory (RaftStorageDirectoryImpl.java:tryLock(232)) - Lock on /home/runner/work/ratis/ratis/ratis-test/target/test/data/1674ca6a/MiniRaftClusterWithGrpc4bdb6f51/s2/e1a4504d-09b4-4f2b-a409-932fd4798a9c/in_use.lock acquired by nodename 29351@fv-az1231-351
2023-11-07 01:40:11,863 [s2-impl-thread1] TRACE util.FileUtils (LogUtils.java:runAndLog(49)) - Successfully ran Files.createDirectories /home/runner/work/ratis/ratis/ratis-test/target/test/data/1674ca6a/MiniRaftClusterWithGrpc4bdb6f51/s2/e1a4504d-09b4-4f2b-a409-932fd4798a9c/current
2023-11-07 01:40:11,863 [s2-impl-thread1] TRACE util.FileUtils (LogUtils.java:runAndLog(49)) - Successfully ran Files.createDirectories /home/runner/work/ratis/ratis/ratis-test/target/test/data/1674ca6a/MiniRaftClusterWithGrpc4bdb6f51/s2/e1a4504d-09b4-4f2b-a409-932fd4798a9c/sm
2023-11-07 01:40:11,863 [s2-impl-thread1] TRACE util.FileUtils (LogUtils.java:supplyAndLog(69)) - Successfully supplied FileChannel.open /home/runner/work/ratis/ratis/ratis-test/target/test/data/1674ca6a/MiniRaftClusterWithGrpc4bdb6f51/s2/e1a4504d-09b4-4f2b-a409-932fd4798a9c/current/raft-meta.tmp with options [CREATE, WRITE]: sun.nio.ch.FileChannelImpl@63083f83
2023-11-07 01:40:11,865 [s2-impl-thread1] TRACE util.FileUtils (LogUtils.java:runAndLog(49)) - Successfully ran Atomic Files.move /home/runner/work/ratis/ratis/ratis-test/target/test/data/1674ca6a/MiniRaftClusterWithGrpc4bdb6f51/s2/e1a4504d-09b4-4f2b-a409-932fd4798a9c/current/raft-meta.tmp to /home/runner/work/ratis/ratis/ratis-test/target/test/data/1674ca6a/MiniRaftClusterWithGrpc4bdb6f51/s2/e1a4504d-09b4-4f2b-a409-932fd4798a9c/current/raft-meta with options [REPLACE_EXISTING]
2023-11-07 01:40:11,865 [s2-impl-thread1] INFO  storage.RaftStorage (RaftStorageImpl.java:format(97)) - Storage directory /home/runner/work/ratis/ratis/ratis-test/target/test/data/1674ca6a/MiniRaftClusterWithGrpc4bdb6f51/s2/e1a4504d-09b4-4f2b-a409-932fd4798a9c has been successfully formatted.
2023-11-07 01:40:11,865 [s2-impl-thread1] INFO  impl.SimpleStateMachine4Testing (SimpleStateMachine4Testing.java:initialize(213)) - Initializing StateMachineWithSeparatedSnapshotPath:uninitialized
2023-11-07 01:40:11,865 [s2-impl-thread1] INFO  impl.SimpleStateMachine4Testing (SimpleStateMachine4Testing.java:loadSnapshot(296)) - Loading snapshot null
2023-11-07 01:40:11,865 [s2-impl-thread1] TRACE util.FileUtils (FileUtils.java:deleteFully(305)) - deleteFully /tmp/ratis-tests/statemachine/s2
2023-11-07 01:40:11,865 [s2-impl-thread1] TRACE util.FileUtils (FileUtils.java:deleteFully(318)) - deleteFully: /tmp/ratis-tests/statemachine/s2 does not exist.
2023-11-07 01:40:11,866 [s2-impl-thread1] INFO  server.RaftServerConfigKeys (ConfUtils.java:logGet(46)) - raft.server.log.use.memory = false (default)
2023-11-07 01:40:11,866 [s2-impl-thread1] INFO  server.RaftServerConfigKeys (ConfUtils.java:logGet(46)) - raft.server.log.purge.gap = 8 (custom)
2023-11-07 01:40:11,866 [s2-impl-thread1] INFO  server.RaftServerConfigKeys (ConfUtils.java:logGet(46)) - raft.server.log.appender.buffer.byte-limit = 4MB (=4194304) (default)
2023-11-07 01:40:11,866 [s2-impl-thread1] INFO  server.RaftServerConfigKeys (ConfUtils.java:logGet(46)) - raft.server.log.statemachine.data.read.timeout = 1000ms (default)
2023-11-07 01:40:11,866 [s2-impl-thread1] INFO  server.RaftServerConfigKeys (ConfUtils.java:logGet(46)) - raft.server.log.purge.preservation.log.num = 0 (default)
2023-11-07 01:40:11,869 [s2-impl-thread1] INFO  server.RaftServerConfigKeys (ConfUtils.java:logGet(46)) - raft.server.log.segment.size.max = 32MB (=33554432) (default)
2023-11-07 01:40:11,869 [s2-impl-thread1] INFO  server.RaftServerConfigKeys (ConfUtils.java:logGet(46)) - raft.server.log.segment.cache.num.max = 6 (default)
2023-11-07 01:40:11,870 [s2-impl-thread1] INFO  server.RaftServerConfigKeys (ConfUtils.java:logGet(46)) - raft.server.log.segment.cache.size.max = 200MB (=209715200) (default)
2023-11-07 01:40:11,870 [s2-impl-thread1] INFO  server.RaftServerConfigKeys (ConfUtils.java:logGet(46)) - raft.server.log.appender.buffer.byte-limit = 4MB (=4194304) (default)
2023-11-07 01:40:11,874 [s2-impl-thread1] INFO  util.AwaitToRun (AwaitToRun.java:start(81)) - Thread[s2@group-932FD4798A9C-cacheEviction-AwaitToRun,5,main] started
2023-11-07 01:40:11,874 [s2-impl-thread1] INFO  segmented.SegmentedRaftLogWorker (SegmentedRaftLogWorker.java:<init>(184)) - new s2@group-932FD4798A9C-SegmentedRaftLogWorker for RaftStorageImpl:Storage Directory /home/runner/work/ratis/ratis/ratis-test/target/test/data/1674ca6a/MiniRaftClusterWithGrpc4bdb6f51/s2/e1a4504d-09b4-4f2b-a409-932fd4798a9c
2023-11-07 01:40:11,874 [s2-impl-thread1] INFO  server.RaftServerConfigKeys (ConfUtils.java:logGet(46)) - raft.server.log.queue.byte-limit = 64MB (=67108864) (default)
2023-11-07 01:40:11,874 [s2-impl-thread1] INFO  server.RaftServerConfigKeys (ConfUtils.java:logGet(46)) - raft.server.log.queue.element-limit = 4096 (default)
2023-11-07 01:40:11,874 [s2-impl-thread1] INFO  server.RaftServerConfigKeys (ConfUtils.java:logGet(46)) - raft.server.log.segment.size.max = 32MB (=33554432) (default)
2023-11-07 01:40:11,875 [s2-impl-thread1] INFO  server.RaftServerConfigKeys (ConfUtils.java:logGet(46)) - raft.server.log.preallocated.size = 4MB (=4194304) (default)
2023-11-07 01:40:11,875 [s2-impl-thread1] INFO  server.RaftServerConfigKeys (ConfUtils.java:logGet(46)) - raft.server.log.force.sync.num = 128 (default)
2023-11-07 01:40:11,875 [s2-impl-thread1] INFO  server.RaftServerConfigKeys (ConfUtils.java:logGet(46)) - raft.server.log.statemachine.data.sync = true (default)
2023-11-07 01:40:11,875 [s2-impl-thread1] INFO  server.RaftServerConfigKeys (ConfUtils.java:logGet(46)) - raft.server.log.statemachine.data.sync.timeout = 10s (default)
2023-11-07 01:40:11,875 [s2-impl-thread1] INFO  server.RaftServerConfigKeys (ConfUtils.java:logGet(46)) - raft.server.log.statemachine.data.sync.timeout.retry = -1 (default)
2023-11-07 01:40:11,875 [s2-impl-thread1] INFO  server.RaftServerConfigKeys (ConfUtils.java:logGet(46)) - raft.server.log.write.buffer.size = 64KB (=65536) (default)
2023-11-07 01:40:11,875 [s2-impl-thread1] INFO  server.RaftServerConfigKeys (ConfUtils.java:logGet(46)) - raft.server.log.appender.buffer.byte-limit = 4MB (=4194304) (default)
2023-11-07 01:40:11,877 [s2-impl-thread1] INFO  server.RaftServerConfigKeys (ConfUtils.java:logGet(46)) - raft.server.log.unsafe-flush.enabled = false (default)
2023-11-07 01:40:11,877 [s2-impl-thread1] INFO  server.RaftServerConfigKeys (ConfUtils.java:logGet(46)) - raft.server.log.async-flush.enabled = false (default)
2023-11-07 01:40:11,877 [s2-impl-thread1] INFO  server.RaftServerConfigKeys (ConfUtils.java:logGet(46)) - raft.server.log.statemachine.data.caching.enabled = false (default)
2023-11-07 01:40:11,877 [s2-impl-thread1] INFO  segmented.SegmentedRaftLogWorker (SegmentedRaftLogWorker.java:lambda$new$0(135)) - s2@group-932FD4798A9C-SegmentedRaftLogWorker: flushIndex: setUnconditionally 0 -> -1
2023-11-07 01:40:11,877 [s2-impl-thread1] INFO  segmented.SegmentedRaftLogWorker (SegmentedRaftLogWorker.java:lambda$new$0(135)) - s2@group-932FD4798A9C-SegmentedRaftLogWorker: safeCacheEvictIndex: setUnconditionally 0 -> -1
2023-11-07 01:40:11,878 [s2-impl-thread1] INFO  server.RaftServer$Division (RaftServerImpl.java:start(396)) - s2@group-932FD4798A9C: start with initializing state, conf=-1: peers:[]|listeners:[], old=null
2023-11-07 01:40:11,879 [s2-impl-thread1] INFO  server.RaftServer$Division (RaftServerImpl.java:setRole(377)) - s2@group-932FD4798A9C: changes role from      null to FOLLOWER at term 0 for startInitializing
2023-11-07 01:40:11,879 [s2-impl-thread1] INFO  util.JmxRegister (JmxRegister.java:tryRegister(44)) - Successfully registered JMX Bean with object name Ratis:service=RaftServer,group=group-932FD4798A9C,id=s2
2023-11-07 01:40:11,879 [s2-impl-thread1] INFO  server.RaftServerConfigKeys (ConfUtils.java:logGet(46)) - raft.server.snapshot.trigger-when-stop.enabled = true (default)
2023-11-07 01:40:11,879 [s2-impl-thread1] INFO  server.RaftServerConfigKeys (ConfUtils.java:logGet(46)) - raft.server.snapshot.auto.trigger.enabled = true (custom)
2023-11-07 01:40:11,879 [s2-impl-thread1] INFO  server.RaftServerConfigKeys (ConfUtils.java:logGet(46)) - raft.server.snapshot.auto.trigger.threshold = 64 (custom)
2023-11-07 01:40:11,879 [s2-impl-thread1] INFO  server.RaftServerConfigKeys (ConfUtils.java:logGet(46)) - raft.server.snapshot.retention.file.num = -1 (default)
2023-11-07 01:40:11,879 [s2-impl-thread1] INFO  server.RaftServerConfigKeys (ConfUtils.java:logGet(46)) - raft.server.log.purge.upto.snapshot.index = false (default)
2023-11-07 01:40:11,882 [Time-limited test] INFO  server.RaftServer (RaftServerProxy.java:startImpl(406)) - s2: start RPC server
2023-11-07 01:40:11,884 [Time-limited test] INFO  server.GrpcService (GrpcService.java:startImpl(302)) - s2: GrpcService started, listening on 40977
2023-11-07 01:40:11,884 [JvmPauseMonitor5] INFO  util.JvmPauseMonitor (JvmPauseMonitor.java:run(146)) - JvmPauseMonitor-s2: Started
2023-11-07 01:40:11,885 [Time-limited test] INFO  impl.MiniRaftCluster (MiniRaftCluster.java:setConfiguration(819)) - Start changing the configuration: [s0|localhost:38001, s1|0.0.0.0:35499]
2023-11-07 01:40:11,891 [s0-server-thread1] INFO  server.RaftServer$Division (RaftServerImpl.java:setConfigurationAsync(1262)) - s0@group-932FD4798A9C: receive setConfiguration SetConfigurationRequest:client-860AD8F17583->s0@group-932FD4798A9C, cid=259, seq=null, RW, null, SET_UNCONDITIONALLY, servers:[s0|localhost:38001, s1|0.0.0.0:35499], listeners:[]
2023-11-07 01:40:11,891 [s0-server-thread1] INFO  server.RaftServer$Division (LeaderStateImpl.java:startSetConfiguration(483)) - s0@group-932FD4798A9C-LeaderStateImpl: startSetConfiguration SetConfigurationRequest:client-860AD8F17583->s0@group-932FD4798A9C, cid=259, seq=null, RW, null, SET_UNCONDITIONALLY, servers:[s0|localhost:38001, s1|0.0.0.0:35499], listeners:[]
2023-11-07 01:40:11,892 [s0-server-thread1] INFO  server.RaftServerConfigKeys (ConfUtils.java:logGet(46)) - raft.server.log.appender.snapshot.chunk.size.max = 1k (=1024) (custom)
2023-11-07 01:40:11,892 [s0-server-thread1] INFO  server.RaftServerConfigKeys (ConfUtils.java:logGet(46)) - raft.server.log.appender.buffer.byte-limit = 4MB (=4194304) (default)
2023-11-07 01:40:11,892 [s0-server-thread1] INFO  server.RaftServerConfigKeys (ConfUtils.java:logGet(46)) - raft.server.log.appender.buffer.element-limit = 0 (default)
2023-11-07 01:40:11,892 [s0-server-thread1] INFO  server.RaftServerConfigKeys (ConfUtils.java:logGet(46)) - raft.server.log.appender.wait-time.min = 1ms (default)
2023-11-07 01:40:11,892 [s0-server-thread1] INFO  grpc.GrpcConfigKeys (ConfUtils.java:logGet(46)) - raft.grpc.server.leader.outstanding.appends.max = 8 (default)
2023-11-07 01:40:11,892 [s0-server-thread1] INFO  server.RaftServerConfigKeys (ConfUtils.java:logGet(46)) - raft.server.rpc.request.timeout = 3000ms (default)
2023-11-07 01:40:11,892 [s0-server-thread1] INFO  grpc.GrpcConfigKeys (ConfUtils.java:logGet(46)) - raft.grpc.server.install_snapshot.request.element-limit = 8 (default)
2023-11-07 01:40:11,892 [s0-server-thread1] INFO  grpc.GrpcConfigKeys (ConfUtils.java:logGet(46)) - raft.grpc.server.install_snapshot.request.timeout = 3000ms (default)
2023-11-07 01:40:11,892 [s0-server-thread1] INFO  server.RaftServerConfigKeys (ConfUtils.java:logGet(46)) - raft.server.log.appender.install.snapshot.enabled = true (default)
2023-11-07 01:40:11,892 [s0-server-thread1] INFO  grpc.GrpcConfigKeys (ConfUtils.java:logGet(46)) - raft.grpc.server.heartbeat.channel = false (custom)
2023-11-07 01:40:11,895 [s0@group-932FD4798A9C->s1-GrpcLogAppender-LogAppenderDaemon] INFO  server.GrpcLogAppender (GrpcLogAppender.java:installSnapshot(646)) - s0@group-932FD4798A9C->s1-GrpcLogAppender: followerNextIndex = 0 but logStartIndex = 0, send snapshot FileListSnapshotInfo(t:1, i:191):[/tmp/ratis-tests/statemachine/s0/snapshot/1_191/vegetable, /tmp/ratis-tests/statemachine/s0/snapshot/1_191/deer, /tmp/ratis-tests/statemachine/s0/snapshot/1_191/loves] to follower
2023-11-07 01:40:11,895 [s0@group-932FD4798A9C->s1-GrpcLogAppender-LogAppenderDaemon] INFO  server.GrpcServerProtocolClient (GrpcServerProtocolClient.java:<init>(65)) - Build channel for s1
2023-11-07 01:40:11,903 [grpc-default-executor-1] INFO  impl.SnapshotInstallationHandler (SnapshotInstallationHandler.java:installSnapshot(89)) - s1@group-932FD4798A9C: receive installSnapshot: s0->s1#0-t1,chunk:67982267-a3ea-4afc-8b51-3aa7292f1ca0,0
2023-11-07 01:40:11,903 [grpc-default-executor-1] TRACE util.FileUtils (LogUtils.java:supplyAndLog(69)) - Successfully supplied FileChannel.open /home/runner/work/ratis/ratis/ratis-test/target/test/data/1674ca6a/MiniRaftClusterWithGrpc4bdb6f51/s1/e1a4504d-09b4-4f2b-a409-932fd4798a9c/current/raft-meta.tmp with options [CREATE, WRITE]: sun.nio.ch.FileChannelImpl@74ce21ae
2023-11-07 01:40:11,905 [grpc-default-executor-1] TRACE util.FileUtils (LogUtils.java:runAndLog(49)) - Successfully ran Atomic Files.move /home/runner/work/ratis/ratis/ratis-test/target/test/data/1674ca6a/MiniRaftClusterWithGrpc4bdb6f51/s1/e1a4504d-09b4-4f2b-a409-932fd4798a9c/current/raft-meta.tmp to /home/runner/work/ratis/ratis/ratis-test/target/test/data/1674ca6a/MiniRaftClusterWithGrpc4bdb6f51/s1/e1a4504d-09b4-4f2b-a409-932fd4798a9c/current/raft-meta with options [REPLACE_EXISTING]
2023-11-07 01:40:11,905 [grpc-default-executor-1] INFO  server.RaftServer$Division (RaftServerImpl.java:setFirstElection(562)) - s1@group-932FD4798A9C: set firstElectionSinceStartup to false for installSnapshot
2023-11-07 01:40:11,905 [grpc-default-executor-1] INFO  server.RaftServer$Division (ServerState.java:setLeader(265)) - s1@group-932FD4798A9C: change Leader from null to s0 at term 1 for installSnapshot, leader elected after 63ms
2023-11-07 01:40:11,907 [grpc-default-executor-1] TRACE util.FileUtils (LogUtils.java:runAndLog(49)) - Successfully ran Files.createDirectories /tmp/ratis-tests/statemachine/s1/tmp/snapshot-67982267-a3ea-4afc-8b51-3aa7292f1ca0
2023-11-07 01:40:11,907 [grpc-default-executor-1] INFO  storage.SnapshotManager (SnapshotManager.java:installSnapshot(89)) - Installing snapshot:s0->s1#0-t1,chunk:67982267-a3ea-4afc-8b51-3aa7292f1ca0,0, to tmp dir:/tmp/ratis-tests/statemachine/s1/tmp/snapshot-67982267-a3ea-4afc-8b51-3aa7292f1ca0
2023-11-07 01:40:11,907 [grpc-default-executor-1] TRACE util.FileUtils (LogUtils.java:runAndLog(49)) - Successfully ran Files.createDirectories /tmp/ratis-tests/statemachine/s1/tmp/snapshot-67982267-a3ea-4afc-8b51-3aa7292f1ca0/1_191
2023-11-07 01:40:11,907 [grpc-default-executor-1] TRACE util.FileUtils (LogUtils.java:supplyAndLog(69)) - Successfully supplied FileChannel.open /tmp/ratis-tests/statemachine/s1/tmp/snapshot-67982267-a3ea-4afc-8b51-3aa7292f1ca0/1_191/vegetable.md5.tmp with options [CREATE, WRITE]: sun.nio.ch.FileChannelImpl@2cf70df
2023-11-07 01:40:11,909 [grpc-default-executor-1] TRACE util.FileUtils (LogUtils.java:runAndLog(49)) - Successfully ran Atomic Files.move /tmp/ratis-tests/statemachine/s1/tmp/snapshot-67982267-a3ea-4afc-8b51-3aa7292f1ca0/1_191/vegetable.md5.tmp to /tmp/ratis-tests/statemachine/s1/tmp/snapshot-67982267-a3ea-4afc-8b51-3aa7292f1ca0/1_191/vegetable.md5 with options [REPLACE_EXISTING]
2023-11-07 01:40:11,909 [grpc-default-executor-1] INFO  impl.SnapshotInstallationHandler (SnapshotInstallationHandler.java:installSnapshotImpl(134)) - s1@group-932FD4798A9C: set new configuration configurationEntry {
  peers {
    id: "s0"
    address: "localhost:38001"
    dataStreamAddress: "localhost:45441"
    clientAddress: "localhost:36435"
    adminAddress: "localhost:44139"
    startupRole: FOLLOWER
  }
}
 from snapshot
2023-11-07 01:40:11,910 [grpc-default-executor-1] INFO  server.RaftServer$Division (ServerState.java:setRaftConf(382)) - s1@group-932FD4798A9C: set configuration 0: peers:[s0|localhost:38001]|listeners:[], old=null
2023-11-07 01:40:11,910 [grpc-default-executor-1] INFO  impl.SnapshotInstallationHandler (SnapshotInstallationHandler.java:installSnapshot(100)) - s1@group-932FD4798A9C: reply installSnapshot: s0<-s1#0:OK-t0,SUCCESS,requestIndex=0
2023-11-07 01:40:11,911 [grpc-default-executor-0] INFO  server.GrpcLogAppender (GrpcLogAppender.java:onNext(549)) - s0@group-932FD4798A9C->s1-InstallSnapshotResponseHandler: received the first reply s0<-s1#0:OK-t0,SUCCESS,requestIndex=0
2023-11-07 01:40:11,912 [grpc-default-executor-0] INFO  server.GrpcLogAppender (GrpcLogAppender.java:onNext(563)) - s0@group-932FD4798A9C->s1-InstallSnapshotResponseHandler: Completed InstallSnapshot. Reply: serverReply {
  requestorId: "s0"
  replyId: "s1"
  raftGroupId {
    id: "\341\244PM\t\264O+\244\t\223/\324y\212\234"
  }
  success: true
}
requestIndex: 0

2023-11-07 01:40:11,912 [grpc-default-executor-0] INFO  leader.FollowerInfo (FollowerInfoImpl.java:setAttemptedToInstallSnapshot(154)) - Follower s0@group-932FD4798A9C->s1 acknowledged installing snapshot
2023-11-07 01:40:11,912 [grpc-default-executor-1] INFO  impl.SnapshotInstallationHandler (SnapshotInstallationHandler.java:installSnapshot(89)) - s1@group-932FD4798A9C: receive installSnapshot: s0->s1#0-t1,chunk:67982267-a3ea-4afc-8b51-3aa7292f1ca0,1
2023-11-07 01:40:11,912 [grpc-default-executor-1] TRACE util.FileUtils (LogUtils.java:runAndLog(49)) - Successfully ran Files.createDirectories /tmp/ratis-tests/statemachine/s1/tmp/snapshot-67982267-a3ea-4afc-8b51-3aa7292f1ca0
2023-11-07 01:40:11,913 [grpc-default-executor-1] INFO  storage.SnapshotManager (SnapshotManager.java:installSnapshot(89)) - Installing snapshot:s0->s1#0-t1,chunk:67982267-a3ea-4afc-8b51-3aa7292f1ca0,1, to tmp dir:/tmp/ratis-tests/statemachine/s1/tmp/snapshot-67982267-a3ea-4afc-8b51-3aa7292f1ca0
2023-11-07 01:40:11,914 [grpc-default-executor-1] TRACE util.FileUtils (LogUtils.java:runAndLog(49)) - Successfully ran Files.createDirectories /tmp/ratis-tests/statemachine/s1/tmp/snapshot-67982267-a3ea-4afc-8b51-3aa7292f1ca0/1_191
2023-11-07 01:40:11,914 [grpc-default-executor-1] TRACE util.FileUtils (LogUtils.java:supplyAndLog(69)) - Successfully supplied FileChannel.open /tmp/ratis-tests/statemachine/s1/tmp/snapshot-67982267-a3ea-4afc-8b51-3aa7292f1ca0/1_191/deer.md5.tmp with options [CREATE, WRITE]: sun.nio.ch.FileChannelImpl@7f69e8dc
2023-11-07 01:40:11,915 [grpc-default-executor-1] TRACE util.FileUtils (LogUtils.java:runAndLog(49)) - Successfully ran Atomic Files.move /tmp/ratis-tests/statemachine/s1/tmp/snapshot-67982267-a3ea-4afc-8b51-3aa7292f1ca0/1_191/deer.md5.tmp to /tmp/ratis-tests/statemachine/s1/tmp/snapshot-67982267-a3ea-4afc-8b51-3aa7292f1ca0/1_191/deer.md5 with options [REPLACE_EXISTING]
2023-11-07 01:40:11,915 [grpc-default-executor-1] INFO  impl.SnapshotInstallationHandler (SnapshotInstallationHandler.java:installSnapshot(100)) - s1@group-932FD4798A9C: reply installSnapshot: s0<-s1#0:OK-t1,SUCCESS,requestIndex=1
2023-11-07 01:40:11,916 [grpc-default-executor-0] INFO  server.GrpcLogAppender (GrpcLogAppender.java:onNext(549)) - s0@group-932FD4798A9C->s1-InstallSnapshotResponseHandler: received a reply s0<-s1#0:OK-t1,SUCCESS,requestIndex=1
2023-11-07 01:40:11,916 [grpc-default-executor-0] INFO  server.GrpcLogAppender (GrpcLogAppender.java:onNext(563)) - s0@group-932FD4798A9C->s1-InstallSnapshotResponseHandler: Completed InstallSnapshot. Reply: serverReply {
  requestorId: "s0"
  replyId: "s1"
  raftGroupId {
    id: "\341\244PM\t\264O+\244\t\223/\324y\212\234"
  }
  success: true
}
term: 1
requestIndex: 1

2023-11-07 01:40:11,916 [grpc-default-executor-0] INFO  leader.FollowerInfo (FollowerInfoImpl.java:setAttemptedToInstallSnapshot(154)) - Follower s0@group-932FD4798A9C->s1 acknowledged installing snapshot
2023-11-07 01:40:11,916 [grpc-default-executor-1] INFO  impl.SnapshotInstallationHandler (SnapshotInstallationHandler.java:installSnapshot(89)) - s1@group-932FD4798A9C: receive installSnapshot: s0->s1#0-t1,chunk:67982267-a3ea-4afc-8b51-3aa7292f1ca0,2
2023-11-07 01:40:11,916 [grpc-default-executor-1] TRACE util.FileUtils (LogUtils.java:runAndLog(49)) - Successfully ran Files.createDirectories /tmp/ratis-tests/statemachine/s1/tmp/snapshot-67982267-a3ea-4afc-8b51-3aa7292f1ca0
2023-11-07 01:40:11,917 [grpc-default-executor-1] INFO  storage.SnapshotManager (SnapshotManager.java:installSnapshot(89)) - Installing snapshot:s0->s1#0-t1,chunk:67982267-a3ea-4afc-8b51-3aa7292f1ca0,2, to tmp dir:/tmp/ratis-tests/statemachine/s1/tmp/snapshot-67982267-a3ea-4afc-8b51-3aa7292f1ca0
2023-11-07 01:40:11,917 [grpc-default-executor-1] TRACE util.FileUtils (LogUtils.java:runAndLog(49)) - Successfully ran Files.createDirectories /tmp/ratis-tests/statemachine/s1/tmp/snapshot-67982267-a3ea-4afc-8b51-3aa7292f1ca0/1_191
2023-11-07 01:40:11,917 [grpc-default-executor-1] TRACE util.FileUtils (LogUtils.java:supplyAndLog(69)) - Successfully supplied FileChannel.open /tmp/ratis-tests/statemachine/s1/tmp/snapshot-67982267-a3ea-4afc-8b51-3aa7292f1ca0/1_191/loves.md5.tmp with options [CREATE, WRITE]: sun.nio.ch.FileChannelImpl@36382440
2023-11-07 01:40:11,918 [grpc-default-executor-1] TRACE util.FileUtils (LogUtils.java:runAndLog(49)) - Successfully ran Atomic Files.move /tmp/ratis-tests/statemachine/s1/tmp/snapshot-67982267-a3ea-4afc-8b51-3aa7292f1ca0/1_191/loves.md5.tmp to /tmp/ratis-tests/statemachine/s1/tmp/snapshot-67982267-a3ea-4afc-8b51-3aa7292f1ca0/1_191/loves.md5 with options [REPLACE_EXISTING]
2023-11-07 01:40:11,918 [grpc-default-executor-1] INFO  storage.SnapshotManager (SnapshotManager.java:rename(168)) - Installed snapshot, renaming temporary dir /tmp/ratis-tests/statemachine/s1/tmp/snapshot-67982267-a3ea-4afc-8b51-3aa7292f1ca0 to /tmp/ratis-tests/statemachine/s1/snapshot
2023-11-07 01:40:11,918 [grpc-default-executor-1] TRACE util.FileUtils (LogUtils.java:runAndLog(49)) - Successfully ran Atomic Files.move /tmp/ratis-tests/statemachine/s1/snapshot to /tmp/ratis-tests/statemachine/s1/snapshot.tmp20231107-014011_918
2023-11-07 01:40:11,918 [grpc-default-executor-1] TRACE util.FileUtils (LogUtils.java:runAndLog(49)) - Successfully ran Atomic Files.move /tmp/ratis-tests/statemachine/s1/tmp/snapshot-67982267-a3ea-4afc-8b51-3aa7292f1ca0 to /tmp/ratis-tests/statemachine/s1/snapshot
2023-11-07 01:40:11,918 [grpc-default-executor-1] TRACE util.FileUtils (FileUtils.java:deleteFully(305)) - deleteFully /tmp/ratis-tests/statemachine/s1/snapshot.tmp20231107-014011_918
2023-11-07 01:40:11,918 [grpc-default-executor-1] TRACE util.FileUtils (LogUtils.java:runAndLog(49)) - Successfully ran Files.delete /tmp/ratis-tests/statemachine/s1/snapshot.tmp20231107-014011_918
2023-11-07 01:40:11,919 [grpc-default-executor-1] INFO  raftlog.RaftLog (RaftLogBase.java:lambda$new$0(54)) - s1@group-932FD4798A9C-SegmentedRaftLog: snapshotIndex: updateIncreasingly -1 -> 191
2023-11-07 01:40:11,919 [s1@group-932FD4798A9C-StateMachineUpdater] INFO  impl.SimpleStateMachine4Testing (SimpleStateMachine4Testing.java:reinitialize(236)) - Reinitializing StateMachineWithSeparatedSnapshotPath:s1:group-932FD4798A9C
2023-11-07 01:40:11,919 [grpc-default-executor-1] INFO  segmented.SegmentedRaftLogWorker (SegmentedRaftLogWorker.java:lambda$new$0(135)) - s1@group-932FD4798A9C-SegmentedRaftLogWorker: flushIndex: setUnconditionally -1 -> 191
2023-11-07 01:40:11,919 [grpc-default-executor-1] INFO  segmented.SegmentedRaftLogWorker (SegmentedRaftLogWorker.java:lambda$new$0(135)) - s1@group-932FD4798A9C-SegmentedRaftLogWorker: safeCacheEvictIndex: setUnconditionally -1 -> 191
2023-11-07 01:40:11,919 [s1@group-932FD4798A9C-StateMachineUpdater] INFO  impl.SimpleStateMachine4Testing (SimpleStateMachine4Testing.java:loadSnapshot(296)) - Loading snapshot null
2023-11-07 01:40:11,919 [s1@group-932FD4798A9C-StateMachineUpdater] INFO  impl.StateMachineUpdater (StateMachineUpdater.java:lambda$new$0(98)) - s1@group-932FD4798A9C-StateMachineUpdater: snapshotIndex: setUnconditionally -1 -> 191
2023-11-07 01:40:11,919 [s1@group-932FD4798A9C-StateMachineUpdater] INFO  impl.StateMachineUpdater (StateMachineUpdater.java:lambda$new$0(98)) - s1@group-932FD4798A9C-StateMachineUpdater: appliedIndex: setUnconditionally -1 -> 191
2023-11-07 01:40:11,919 [grpc-default-executor-1] INFO  impl.SnapshotInstallationHandler (SnapshotInstallationHandler.java:checkAndInstallSnapshot(194)) - s1@group-932FD4798A9C: successfully install the entire snapshot-191
2023-11-07 01:40:11,919 [grpc-default-executor-1] INFO  impl.SnapshotInstallationHandler (SnapshotInstallationHandler.java:installSnapshot(100)) - s1@group-932FD4798A9C: reply installSnapshot: s0<-s1#0:OK-t1,SUCCESS,requestIndex=2
2023-11-07 01:40:11,920 [grpc-default-executor-0] INFO  server.GrpcLogAppender (GrpcLogAppender.java:onNext(549)) - s0@group-932FD4798A9C->s1-InstallSnapshotResponseHandler: received a reply s0<-s1#0:OK-t1,SUCCESS,requestIndex=2
2023-11-07 01:40:11,920 [grpc-default-executor-0] INFO  server.GrpcLogAppender (GrpcLogAppender.java:onNext(563)) - s0@group-932FD4798A9C->s1-InstallSnapshotResponseHandler: Completed InstallSnapshot. Reply: serverReply {
  requestorId: "s0"
  replyId: "s1"
  raftGroupId {
    id: "\341\244PM\t\264O+\244\t\223/\324y\212\234"
  }
  success: true
}
term: 1
requestIndex: 2

2023-11-07 01:40:11,920 [grpc-default-executor-0] INFO  leader.FollowerInfo (FollowerInfoImpl.java:setAttemptedToInstallSnapshot(154)) - Follower s0@group-932FD4798A9C->s1 acknowledged installing snapshot
2023-11-07 01:40:11,920 [grpc-default-executor-1] INFO  server.GrpcServerProtocolService (GrpcServerProtocolService.java:onCompleted(157)) - s1: Completed INSTALL_SNAPSHOT, lastRequest: s0->s1#0-t1,chunk:67982267-a3ea-4afc-8b51-3aa7292f1ca0,2
2023-11-07 01:40:11,920 [grpc-default-executor-1] INFO  server.GrpcServerProtocolService (GrpcServerProtocolService.java:lambda$onCompleted$5(159)) - s1: Completed INSTALL_SNAPSHOT, lastReply: null
2023-11-07 01:40:11,921 [grpc-default-executor-0] INFO  server.GrpcLogAppender (GrpcLogAppender.java:onCompleted(629)) - s0@group-932FD4798A9C->s1-InstallSnapshotResponseHandler: follower responded installSnapshot COMPLETED
2023-11-07 01:40:11,922 [s0@group-932FD4798A9C->s1-GrpcLogAppender-LogAppenderDaemon] INFO  leader.FollowerInfo (FollowerInfoImpl.java:info(64)) - s0@group-932FD4798A9C->s1: snapshotIndex: setUnconditionally 0 -> 191
2023-11-07 01:40:11,922 [s0@group-932FD4798A9C->s1-GrpcLogAppender-LogAppenderDaemon] INFO  leader.FollowerInfo (FollowerInfoImpl.java:info(64)) - s0@group-932FD4798A9C->s1: matchIndex: setUnconditionally -1 -> 191
2023-11-07 01:40:11,922 [s0@group-932FD4798A9C->s1-GrpcLogAppender-LogAppenderDaemon] INFO  leader.FollowerInfo (FollowerInfoImpl.java:info(64)) - s0@group-932FD4798A9C->s1: nextIndex: setUnconditionally 0 -> 192
2023-11-07 01:40:11,923 [s0@group-932FD4798A9C->s1-GrpcLogAppender-LogAppenderDaemon] INFO  server.GrpcLogAppender (GrpcLogAppender.java:installSnapshot(685)) - s0@group-932FD4798A9C->s1-GrpcLogAppender: installed snapshot FileListSnapshotInfo(t:1, i:191):[/tmp/ratis-tests/statemachine/s0/snapshot/1_191/vegetable, /tmp/ratis-tests/statemachine/s0/snapshot/1_191/deer, /tmp/ratis-tests/statemachine/s0/snapshot/1_191/loves] successfully
2023-11-07 01:40:11,934 [s1-server-thread1] INFO  impl.RoleInfo (RoleInfo.java:updateAndGet(139)) - s1: start s1@group-932FD4798A9C-FollowerState
2023-11-07 01:40:11,936 [s1-server-thread1] INFO  segmented.SegmentedRaftLogWorker (SegmentedRaftLogWorker.java:startLogSegment(428)) - s1@group-932FD4798A9C-SegmentedRaftLogWorker: Starting segment from index:192
2023-11-07 01:40:11,951 [s1@group-932FD4798A9C-SegmentedRaftLogWorker] INFO  segmented.SegmentedRaftLogWorker (SegmentedRaftLogWorker.java:execute(632)) - s1@group-932FD4798A9C-SegmentedRaftLogWorker: created new log segment /home/runner/work/ratis/ratis/ratis-test/target/test/data/1674ca6a/MiniRaftClusterWithGrpc4bdb6f51/s1/e1a4504d-09b4-4f2b-a409-932fd4798a9c/current/log_inprogress_192
2023-11-07 01:40:11,953 [s1@group-932FD4798A9C-StateMachineUpdater] INFO  impl.SimpleStateMachine4Testing (SimpleStateMachine4Testing.java:applyTransaction(248)) - applyTransaction for log index 193
2023-11-07 01:40:11,954 [s1@group-932FD4798A9C-StateMachineUpdater] INFO  impl.SimpleStateMachine4Testing (SimpleStateMachine4Testing.java:put(205)) - s1: put 193, m96 -> (t:1, i:193), STATEMACHINELOGENTRY, 227@client-7B7F49E119E2
2023-11-07 01:40:11,954 [s1@group-932FD4798A9C-StateMachineUpdater] INFO  impl.SimpleStateMachine4Testing (SimpleStateMachine4Testing.java:applyTransaction(248)) - applyTransaction for log index 195
2023-11-07 01:40:11,954 [s1@group-932FD4798A9C-StateMachineUpdater] INFO  impl.SimpleStateMachine4Testing (SimpleStateMachine4Testing.java:put(205)) - s1: put 195, m97 -> (t:1, i:195), STATEMACHINELOGENTRY, 228@client-7B7F49E119E2
2023-11-07 01:40:11,954 [s1@group-932FD4798A9C-StateMachineUpdater] INFO  impl.SimpleStateMachine4Testing (SimpleStateMachine4Testing.java:applyTransaction(248)) - applyTransaction for log index 197
2023-11-07 01:40:11,954 [s1@group-932FD4798A9C-StateMachineUpdater] INFO  impl.SimpleStateMachine4Testing (SimpleStateMachine4Testing.java:put(205)) - s1: put 197, m98 -> (t:1, i:197), STATEMACHINELOGENTRY, 229@client-7B7F49E119E2
2023-11-07 01:40:11,955 [s1@group-932FD4798A9C-StateMachineUpdater] INFO  impl.SimpleStateMachine4Testing (SimpleStateMachine4Testing.java:applyTransaction(248)) - applyTransaction for log index 199
2023-11-07 01:40:11,955 [s1@group-932FD4798A9C-StateMachineUpdater] INFO  impl.SimpleStateMachine4Testing (SimpleStateMachine4Testing.java:put(205)) - s1: put 199, m99 -> (t:1, i:199), STATEMACHINELOGENTRY, 230@client-7B7F49E119E2
2023-11-07 01:40:11,955 [s1@group-932FD4798A9C-StateMachineUpdater] INFO  impl.SimpleStateMachine4Testing (SimpleStateMachine4Testing.java:applyTransaction(248)) - applyTransaction for log index 201
2023-11-07 01:40:11,955 [s1@group-932FD4798A9C-StateMachineUpdater] INFO  impl.SimpleStateMachine4Testing (SimpleStateMachine4Testing.java:put(205)) - s1: put 201, m100 -> (t:1, i:201), STATEMACHINELOGENTRY, 231@client-7B7F49E119E2
2023-11-07 01:40:11,955 [s1@group-932FD4798A9C-StateMachineUpdater] INFO  impl.SimpleStateMachine4Testing (SimpleStateMachine4Testing.java:applyTransaction(248)) - applyTransaction for log index 203
2023-11-07 01:40:11,955 [s1@group-932FD4798A9C-StateMachineUpdater] INFO  impl.SimpleStateMachine4Testing (SimpleStateMachine4Testing.java:put(205)) - s1: put 203, m101 -> (t:1, i:203), STATEMACHINELOGENTRY, 232@client-7B7F49E119E2
2023-11-07 01:40:11,956 [s1@group-932FD4798A9C-StateMachineUpdater] INFO  impl.SimpleStateMachine4Testing (SimpleStateMachine4Testing.java:applyTransaction(248)) - applyTransaction for log index 205
2023-11-07 01:40:11,956 [s1@group-932FD4798A9C-StateMachineUpdater] INFO  impl.SimpleStateMachine4Testing (SimpleStateMachine4Testing.java:put(205)) - s1: put 205, m102 -> (t:1, i:205), STATEMACHINELOGENTRY, 233@client-7B7F49E119E2
2023-11-07 01:40:11,956 [s1@group-932FD4798A9C-StateMachineUpdater] INFO  impl.SimpleStateMachine4Testing (SimpleStateMachine4Testing.java:applyTransaction(248)) - applyTransaction for log index 207
2023-11-07 01:40:11,956 [s1@group-932FD4798A9C-StateMachineUpdater] INFO  impl.SimpleStateMachine4Testing (SimpleStateMachine4Testing.java:put(205)) - s1: put 207, m103 -> (t:1, i:207), STATEMACHINELOGENTRY, 234@client-7B7F49E119E2
2023-11-07 01:40:11,956 [s1@group-932FD4798A9C-StateMachineUpdater] INFO  impl.SimpleStateMachine4Testing (SimpleStateMachine4Testing.java:applyTransaction(248)) - applyTransaction for log index 209
2023-11-07 01:40:11,956 [s1@group-932FD4798A9C-StateMachineUpdater] INFO  impl.SimpleStateMachine4Testing (SimpleStateMachine4Testing.java:put(205)) - s1: put 209, m104 -> (t:1, i:209), STATEMACHINELOGENTRY, 235@client-7B7F49E119E2
2023-11-07 01:40:11,956 [s1@group-932FD4798A9C-StateMachineUpdater] INFO  impl.SimpleStateMachine4Testing (SimpleStateMachine4Testing.java:applyTransaction(248)) - applyTransaction for log index 211
2023-11-07 01:40:11,956 [s1@group-932FD4798A9C-StateMachineUpdater] INFO  impl.SimpleStateMachine4Testing (SimpleStateMachine4Testing.java:put(205)) - s1: put 211, m105 -> (t:1, i:211), STATEMACHINELOGENTRY, 236@client-7B7F49E119E2
2023-11-07 01:40:11,956 [s1@group-932FD4798A9C-StateMachineUpdater] INFO  impl.SimpleStateMachine4Testing (SimpleStateMachine4Testing.java:applyTransaction(248)) - applyTransaction for log index 213
2023-11-07 01:40:11,957 [s1@group-932FD4798A9C-StateMachineUpdater] INFO  impl.SimpleStateMachine4Testing (SimpleStateMachine4Testing.java:put(205)) - s1: put 213, m106 -> (t:1, i:213), STATEMACHINELOGENTRY, 237@client-7B7F49E119E2
2023-11-07 01:40:11,957 [s1@group-932FD4798A9C-StateMachineUpdater] INFO  impl.SimpleStateMachine4Testing (SimpleStateMachine4Testing.java:applyTransaction(248)) - applyTransaction for log index 215
2023-11-07 01:40:11,957 [s1@group-932FD4798A9C-StateMachineUpdater] INFO  impl.SimpleStateMachine4Testing (SimpleStateMachine4Testing.java:put(205)) - s1: put 215, m107 -> (t:1, i:215), STATEMACHINELOGENTRY, 238@client-7B7F49E119E2
2023-11-07 01:40:11,957 [s1@group-932FD4798A9C-StateMachineUpdater] INFO  impl.SimpleStateMachine4Testing (SimpleStateMachine4Testing.java:applyTransaction(248)) - applyTransaction for log index 217
2023-11-07 01:40:11,957 [s1@group-932FD4798A9C-StateMachineUpdater] INFO  impl.SimpleStateMachine4Testing (SimpleStateMachine4Testing.java:put(205)) - s1: put 217, m108 -> (t:1, i:217), STATEMACHINELOGENTRY, 239@client-7B7F49E119E2
2023-11-07 01:40:11,957 [s1@group-932FD4798A9C-StateMachineUpdater] INFO  impl.SimpleStateMachine4Testing (SimpleStateMachine4Testing.java:applyTransaction(248)) - applyTransaction for log index 219
2023-11-07 01:40:11,957 [s1@group-932FD4798A9C-StateMachineUpdater] INFO  impl.SimpleStateMachine4Testing (SimpleStateMachine4Testing.java:put(205)) - s1: put 219, m109 -> (t:1, i:219), STATEMACHINELOGENTRY, 240@client-7B7F49E119E2
2023-11-07 01:40:11,957 [s1@group-932FD4798A9C-StateMachineUpdater] INFO  impl.SimpleStateMachine4Testing (SimpleStateMachine4Testing.java:applyTransaction(248)) - applyTransaction for log index 221
2023-11-07 01:40:11,957 [s1@group-932FD4798A9C-StateMachineUpdater] INFO  impl.SimpleStateMachine4Testing (SimpleStateMachine4Testing.java:put(205)) - s1: put 221, m110 -> (t:1, i:221), STATEMACHINELOGENTRY, 241@client-7B7F49E119E2
2023-11-07 01:40:11,957 [s1@group-932FD4798A9C-StateMachineUpdater] INFO  impl.SimpleStateMachine4Testing (SimpleStateMachine4Testing.java:applyTransaction(248)) - applyTransaction for log index 223
2023-11-07 01:40:11,958 [s1@group-932FD4798A9C-StateMachineUpdater] INFO  impl.SimpleStateMachine4Testing (SimpleStateMachine4Testing.java:put(205)) - s1: put 223, m111 -> (t:1, i:223), STATEMACHINELOGENTRY, 242@client-7B7F49E119E2
2023-11-07 01:40:11,958 [s1@group-932FD4798A9C-StateMachineUpdater] INFO  impl.SimpleStateMachine4Testing (SimpleStateMachine4Testing.java:applyTransaction(248)) - applyTransaction for log index 225
2023-11-07 01:40:11,958 [s1@group-932FD4798A9C-StateMachineUpdater] INFO  impl.SimpleStateMachine4Testing (SimpleStateMachine4Testing.java:put(205)) - s1: put 225, m112 -> (t:1, i:225), STATEMACHINELOGENTRY, 243@client-7B7F49E119E2
2023-11-07 01:40:11,958 [s1@group-932FD4798A9C-StateMachineUpdater] INFO  impl.SimpleStateMachine4Testing (SimpleStateMachine4Testing.java:applyTransaction(248)) - applyTransaction for log index 227
2023-11-07 01:40:11,958 [s1@group-932FD4798A9C-StateMachineUpdater] INFO  impl.SimpleStateMachine4Testing (SimpleStateMachine4Testing.java:put(205)) - s1: put 227, m113 -> (t:1, i:227), STATEMACHINELOGENTRY, 244@client-7B7F49E119E2
2023-11-07 01:40:11,958 [s1@group-932FD4798A9C-StateMachineUpdater] INFO  impl.SimpleStateMachine4Testing (SimpleStateMachine4Testing.java:applyTransaction(248)) - applyTransaction for log index 229
2023-11-07 01:40:11,958 [s1@group-932FD4798A9C-StateMachineUpdater] INFO  impl.SimpleStateMachine4Testing (SimpleStateMachine4Testing.java:put(205)) - s1: put 229, m114 -> (t:1, i:229), STATEMACHINELOGENTRY, 245@client-7B7F49E119E2
2023-11-07 01:40:11,958 [s1@group-932FD4798A9C-StateMachineUpdater] INFO  impl.SimpleStateMachine4Testing (SimpleStateMachine4Testing.java:applyTransaction(248)) - applyTransaction for log index 231
2023-11-07 01:40:11,958 [s1@group-932FD4798A9C-StateMachineUpdater] INFO  impl.SimpleStateMachine4Testing (SimpleStateMachine4Testing.java:put(205)) - s1: put 231, m115 -> (t:1, i:231), STATEMACHINELOGENTRY, 246@client-7B7F49E119E2
2023-11-07 01:40:11,959 [s0@group-932FD4798A9C-LeaderStateImpl] INFO  server.RaftServer$Division (ServerState.java:setRaftConf(382)) - s0@group-932FD4798A9C: set configuration 255: peers:[s0|localhost:38001, s1|0.0.0.0:35499]|listeners:[], old=peers:[s0|localhost:38001]|listeners:[]
2023-11-07 01:40:11,963 [s1@group-932FD4798A9C-StateMachineUpdater] INFO  impl.SimpleStateMachine4Testing (SimpleStateMachine4Testing.java:applyTransaction(248)) - applyTransaction for log index 233
2023-11-07 01:40:11,963 [s1@group-932FD4798A9C-StateMachineUpdater] INFO  impl.SimpleStateMachine4Testing (SimpleStateMachine4Testing.java:put(205)) - s1: put 233, m116 -> (t:1, i:233), STATEMACHINELOGENTRY, 247@client-7B7F49E119E2
2023-11-07 01:40:11,964 [s1-server-thread1] INFO  server.RaftServer$Division (ServerState.java:setRaftConf(382)) - s1@group-932FD4798A9C: set configuration 255: peers:[s0|localhost:38001, s1|0.0.0.0:35499]|listeners:[], old=peers:[s0|localhost:38001]|listeners:[]
2023-11-07 01:40:11,965 [s1@group-932FD4798A9C-StateMachineUpdater] INFO  impl.SimpleStateMachine4Testing (SimpleStateMachine4Testing.java:applyTransaction(248)) - applyTransaction for log index 235
2023-11-07 01:40:11,966 [s0@group-932FD4798A9C-LeaderStateImpl] INFO  server.RaftServer$Division (ServerState.java:setRaftConf(382)) - s0@group-932FD4798A9C: set configuration 257: peers:[s0|localhost:38001, s1|0.0.0.0:35499]|listeners:[], old=null
2023-11-07 01:40:11,966 [s0@group-932FD4798A9C-StateMachineUpdater] TRACE util.FileUtils (FileUtils.java:deleteFully(305)) - deleteFully /tmp/ratis-tests/statemachine/s0/snapshot/1_255
2023-11-07 01:40:11,966 [s0@group-932FD4798A9C-StateMachineUpdater] TRACE util.FileUtils (FileUtils.java:deleteFully(318)) - deleteFully: /tmp/ratis-tests/statemachine/s0/snapshot/1_255 does not exist.
2023-11-07 01:40:11,966 [s0@group-932FD4798A9C-StateMachineUpdater] TRACE util.FileUtils (FileUtils.java:deleteFully(305)) - deleteFully /tmp/ratis-tests/statemachine/s0/tmp/a4d1054f-c438-4d6b-ad30-5bb965dadfa5
2023-11-07 01:40:11,966 [s0@group-932FD4798A9C-StateMachineUpdater] TRACE util.FileUtils (FileUtils.java:deleteFully(318)) - deleteFully: /tmp/ratis-tests/statemachine/s0/tmp/a4d1054f-c438-4d6b-ad30-5bb965dadfa5 does not exist.
2023-11-07 01:40:11,967 [s0@group-932FD4798A9C-StateMachineUpdater] TRACE util.FileUtils (LogUtils.java:runAndLog(49)) - Successfully ran Atomic Files.move /tmp/ratis-tests/statemachine/s0/tmp/a4d1054f-c438-4d6b-ad30-5bb965dadfa5 to /tmp/ratis-tests/statemachine/s0/snapshot/1_255
2023-11-07 01:40:11,967 [s0@group-932FD4798A9C-StateMachineUpdater] INFO  impl.StateMachineUpdater (StateMachineUpdater.java:takeSnapshot(295)) - s0@group-932FD4798A9C-StateMachineUpdater: Took a snapshot at index 255
2023-11-07 01:40:11,967 [s0@group-932FD4798A9C-StateMachineUpdater] INFO  impl.StateMachineUpdater (StateMachineUpdater.java:lambda$new$0(98)) - s0@group-932FD4798A9C-StateMachineUpdater: snapshotIndex: updateIncreasingly 191 -> 255
2023-11-07 01:40:11,967 [s0@group-932FD4798A9C-StateMachineUpdater] INFO  raftlog.RaftLog (RaftLogBase.java:purge(330)) - s0@group-932FD4798A9C-SegmentedRaftLog: purge 254
2023-11-07 01:40:11,967 [s0@group-932FD4798A9C-StateMachineUpdater] INFO  raftlog.RaftLog (RaftLogBase.java:lambda$new$0(54)) - s0@group-932FD4798A9C-SegmentedRaftLog: snapshotIndex: updateIncreasingly 191 -> 255
2023-11-07 01:40:11,967 [s0@group-932FD4798A9C-StateMachineUpdater] INFO  raftlog.RaftLog (RaftLogBase.java:lambda$new$0(54)) - s0@group-932FD4798A9C-SegmentedRaftLog: purgeIndex: updateToMax old=191, new=254, updated? true
2023-11-07 01:40:11,968 [s1-server-thread1] INFO  server.RaftServer$Division (ServerState.java:setRaftConf(382)) - s1@group-932FD4798A9C: set configuration 257: peers:[s0|localhost:38001, s1|0.0.0.0:35499]|listeners:[], old=null
2023-11-07 01:40:11,976 [s1@group-932FD4798A9C-StateMachineUpdater] INFO  impl.SimpleStateMachine4Testing (SimpleStateMachine4Testing.java:put(205)) - s1: put 235, m117 -> (t:1, i:235), STATEMACHINELOGENTRY, 248@client-7B7F49E119E2
2023-11-07 01:40:11,976 [s1@group-932FD4798A9C-StateMachineUpdater] INFO  impl.SimpleStateMachine4Testing (SimpleStateMachine4Testing.java:applyTransaction(248)) - applyTransaction for log index 237
2023-11-07 01:40:11,976 [s1@group-932FD4798A9C-StateMachineUpdater] INFO  impl.SimpleStateMachine4Testing (SimpleStateMachine4Testing.java:put(205)) - s1: put 237, m118 -> (t:1, i:237), STATEMACHINELOGENTRY, 249@client-7B7F49E119E2
2023-11-07 01:40:11,976 [s1@group-932FD4798A9C-StateMachineUpdater] INFO  impl.SimpleStateMachine4Testing (SimpleStateMachine4Testing.java:applyTransaction(248)) - applyTransaction for log index 239
2023-11-07 01:40:11,976 [s1@group-932FD4798A9C-StateMachineUpdater] INFO  impl.SimpleStateMachine4Testing (SimpleStateMachine4Testing.java:put(205)) - s1: put 239, m119 -> (t:1, i:239), STATEMACHINELOGENTRY, 250@client-7B7F49E119E2
2023-11-07 01:40:11,977 [s1@group-932FD4798A9C-StateMachineUpdater] INFO  impl.SimpleStateMachine4Testing (SimpleStateMachine4Testing.java:applyTransaction(248)) - applyTransaction for log index 241
2023-11-07 01:40:11,977 [s1@group-932FD4798A9C-StateMachineUpdater] INFO  impl.SimpleStateMachine4Testing (SimpleStateMachine4Testing.java:put(205)) - s1: put 241, m120 -> (t:1, i:241), STATEMACHINELOGENTRY, 251@client-7B7F49E119E2
2023-11-07 01:40:11,977 [s1@group-932FD4798A9C-StateMachineUpdater] INFO  impl.SimpleStateMachine4Testing (SimpleStateMachine4Testing.java:applyTransaction(248)) - applyTransaction for log index 243
2023-11-07 01:40:11,977 [s1@group-932FD4798A9C-StateMachineUpdater] INFO  impl.SimpleStateMachine4Testing (SimpleStateMachine4Testing.java:put(205)) - s1: put 243, m121 -> (t:1, i:243), STATEMACHINELOGENTRY, 252@client-7B7F49E119E2
2023-11-07 01:40:11,977 [s1@group-932FD4798A9C-StateMachineUpdater] INFO  impl.SimpleStateMachine4Testing (SimpleStateMachine4Testing.java:applyTransaction(248)) - applyTransaction for log index 245
2023-11-07 01:40:11,977 [s1@group-932FD4798A9C-StateMachineUpdater] INFO  impl.SimpleStateMachine4Testing (SimpleStateMachine4Testing.java:put(205)) - s1: put 245, m122 -> (t:1, i:245), STATEMACHINELOGENTRY, 253@client-7B7F49E119E2
2023-11-07 01:40:11,977 [s1@group-932FD4798A9C-StateMachineUpdater] INFO  impl.SimpleStateMachine4Testing (SimpleStateMachine4Testing.java:applyTransaction(248)) - applyTransaction for log index 247
2023-11-07 01:40:11,977 [s1@group-932FD4798A9C-StateMachineUpdater] INFO  impl.SimpleStateMachine4Testing (SimpleStateMachine4Testing.java:put(205)) - s1: put 247, m123 -> (t:1, i:247), STATEMACHINELOGENTRY, 254@client-7B7F49E119E2
2023-11-07 01:40:11,977 [s1@group-932FD4798A9C-StateMachineUpdater] INFO  impl.SimpleStateMachine4Testing (SimpleStateMachine4Testing.java:applyTransaction(248)) - applyTransaction for log index 249
2023-11-07 01:40:11,978 [s1@group-932FD4798A9C-StateMachineUpdater] INFO  impl.SimpleStateMachine4Testing (SimpleStateMachine4Testing.java:put(205)) - s1: put 249, m124 -> (t:1, i:249), STATEMACHINELOGENTRY, 255@client-7B7F49E119E2
2023-11-07 01:40:11,978 [s1@group-932FD4798A9C-StateMachineUpdater] INFO  impl.SimpleStateMachine4Testing (SimpleStateMachine4Testing.java:applyTransaction(248)) - applyTransaction for log index 251
2023-11-07 01:40:11,978 [s1@group-932FD4798A9C-StateMachineUpdater] INFO  impl.SimpleStateMachine4Testing (SimpleStateMachine4Testing.java:put(205)) - s1: put 251, m125 -> (t:1, i:251), STATEMACHINELOGENTRY, 256@client-7B7F49E119E2
2023-11-07 01:40:11,978 [s1@group-932FD4798A9C-StateMachineUpdater] INFO  impl.SimpleStateMachine4Testing (SimpleStateMachine4Testing.java:applyTransaction(248)) - applyTransaction for log index 253
2023-11-07 01:40:11,978 [s1@group-932FD4798A9C-StateMachineUpdater] INFO  impl.SimpleStateMachine4Testing (SimpleStateMachine4Testing.java:put(205)) - s1: put 253, m126 -> (t:1, i:253), STATEMACHINELOGENTRY, 257@client-7B7F49E119E2
2023-11-07 01:40:11,984 [s1@group-932FD4798A9C-StateMachineUpdater] TRACE util.FileUtils (FileUtils.java:deleteFully(305)) - deleteFully /tmp/ratis-tests/statemachine/s1/snapshot/1_257
2023-11-07 01:40:11,984 [s1@group-932FD4798A9C-StateMachineUpdater] TRACE util.FileUtils (FileUtils.java:deleteFully(318)) - deleteFully: /tmp/ratis-tests/statemachine/s1/snapshot/1_257 does not exist.
2023-11-07 01:40:11,984 [s1@group-932FD4798A9C-StateMachineUpdater] TRACE util.FileUtils (FileUtils.java:deleteFully(305)) - deleteFully /tmp/ratis-tests/statemachine/s1/tmp/4074f484-7021-4a7d-ad8d-89024619a14f
2023-11-07 01:40:11,986 [s1@group-932FD4798A9C-StateMachineUpdater] TRACE util.FileUtils (FileUtils.java:deleteFully(318)) - deleteFully: /tmp/ratis-tests/statemachine/s1/tmp/4074f484-7021-4a7d-ad8d-89024619a14f does not exist.
2023-11-07 01:40:11,986 [s1@group-932FD4798A9C-StateMachineUpdater] TRACE util.FileUtils (LogUtils.java:runAndLog(49)) - Successfully ran Atomic Files.move /tmp/ratis-tests/statemachine/s1/tmp/4074f484-7021-4a7d-ad8d-89024619a14f to /tmp/ratis-tests/statemachine/s1/snapshot/1_257
2023-11-07 01:40:11,986 [s1@group-932FD4798A9C-StateMachineUpdater] INFO  impl.StateMachineUpdater (StateMachineUpdater.java:takeSnapshot(295)) - s1@group-932FD4798A9C-StateMachineUpdater: Took a snapshot at index 257
2023-11-07 01:40:11,986 [s1@group-932FD4798A9C-StateMachineUpdater] INFO  impl.StateMachineUpdater (StateMachineUpdater.java:lambda$new$0(98)) - s1@group-932FD4798A9C-StateMachineUpdater: snapshotIndex: updateIncreasingly 191 -> 257
2023-11-07 01:40:11,986 [s1@group-932FD4798A9C-StateMachineUpdater] INFO  raftlog.RaftLog (RaftLogBase.java:purge(330)) - s1@group-932FD4798A9C-SegmentedRaftLog: purge 257
2023-11-07 01:40:11,986 [s1@group-932FD4798A9C-StateMachineUpdater] INFO  raftlog.RaftLog (RaftLogBase.java:lambda$new$0(54)) - s1@group-932FD4798A9C-SegmentedRaftLog: snapshotIndex: updateIncreasingly 191 -> 257
2023-11-07 01:40:11,986 [s1@group-932FD4798A9C-StateMachineUpdater] INFO  raftlog.RaftLog (RaftLogBase.java:lambda$new$0(54)) - s1@group-932FD4798A9C-SegmentedRaftLog: purgeIndex: updateToMax old=-1, new=257, updated? true
2023-11-07 01:40:11,990 [Time-limited test] INFO  impl.MiniRaftCluster (MiniRaftCluster.java:setConfiguration(819)) - Start changing the configuration: [s0|localhost:38001, s1|0.0.0.0:35499, s2|0.0.0.0:40977]
2023-11-07 01:40:11,995 [s0-server-thread1] INFO  server.RaftServer$Division (RaftServerImpl.java:setConfigurationAsync(1262)) - s0@group-932FD4798A9C: receive setConfiguration SetConfigurationRequest:client-8B737036C183->s0@group-932FD4798A9C, cid=260, seq=null, RW, null, SET_UNCONDITIONALLY, servers:[s0|localhost:38001, s1|0.0.0.0:35499, s2|0.0.0.0:40977], listeners:[]
2023-11-07 01:40:11,995 [s0-server-thread1] INFO  server.RaftServer$Division (LeaderStateImpl.java:startSetConfiguration(483)) - s0@group-932FD4798A9C-LeaderStateImpl: startSetConfiguration SetConfigurationRequest:client-8B737036C183->s0@group-932FD4798A9C, cid=260, seq=null, RW, null, SET_UNCONDITIONALLY, servers:[s0|localhost:38001, s1|0.0.0.0:35499, s2|0.0.0.0:40977], listeners:[]
2023-11-07 01:40:11,996 [s0-server-thread1] INFO  server.RaftServerConfigKeys (ConfUtils.java:logGet(46)) - raft.server.log.appender.snapshot.chunk.size.max = 1k (=1024) (custom)
2023-11-07 01:40:11,996 [s0-server-thread1] INFO  server.RaftServerConfigKeys (ConfUtils.java:logGet(46)) - raft.server.log.appender.buffer.byte-limit = 4MB (=4194304) (default)
2023-11-07 01:40:11,996 [s0-server-thread1] INFO  server.RaftServerConfigKeys (ConfUtils.java:logGet(46)) - raft.server.log.appender.buffer.element-limit = 0 (default)
2023-11-07 01:40:11,996 [s0-server-thread1] INFO  server.RaftServerConfigKeys (ConfUtils.java:logGet(46)) - raft.server.log.appender.wait-time.min = 1ms (default)
2023-11-07 01:40:11,996 [s0-server-thread1] INFO  grpc.GrpcConfigKeys (ConfUtils.java:logGet(46)) - raft.grpc.server.leader.outstanding.appends.max = 8 (default)
2023-11-07 01:40:11,996 [s0-server-thread1] INFO  server.RaftServerConfigKeys (ConfUtils.java:logGet(46)) - raft.server.rpc.request.timeout = 3000ms (default)
2023-11-07 01:40:11,996 [s0-server-thread1] INFO  grpc.GrpcConfigKeys (ConfUtils.java:logGet(46)) - raft.grpc.server.install_snapshot.request.element-limit = 8 (default)
2023-11-07 01:40:11,996 [s0-server-thread1] INFO  grpc.GrpcConfigKeys (ConfUtils.java:logGet(46)) - raft.grpc.server.install_snapshot.request.timeout = 3000ms (default)
2023-11-07 01:40:11,996 [s0-server-thread1] INFO  server.RaftServerConfigKeys (ConfUtils.java:logGet(46)) - raft.server.log.appender.install.snapshot.enabled = true (default)
2023-11-07 01:40:11,997 [s0-server-thread1] INFO  grpc.GrpcConfigKeys (ConfUtils.java:logGet(46)) - raft.grpc.server.heartbeat.channel = false (custom)
2023-11-07 01:40:11,998 [s0@group-932FD4798A9C->s2-GrpcLogAppender-LogAppenderDaemon] INFO  server.GrpcLogAppender (GrpcLogAppender.java:installSnapshot(646)) - s0@group-932FD4798A9C->s2-GrpcLogAppender: followerNextIndex = 0 but logStartIndex = 0, send snapshot FileListSnapshotInfo(t:1, i:255):[/tmp/ratis-tests/statemachine/s0/snapshot/1_255/vegetable, /tmp/ratis-tests/statemachine/s0/snapshot/1_255/deer, /tmp/ratis-tests/statemachine/s0/snapshot/1_255/loves] to follower
2023-11-07 01:40:11,998 [s0@group-932FD4798A9C->s2-GrpcLogAppender-LogAppenderDaemon] INFO  server.GrpcServerProtocolClient (GrpcServerProtocolClient.java:<init>(65)) - Build channel for s2
2023-11-07 01:40:12,006 [grpc-default-executor-0] INFO  impl.SnapshotInstallationHandler (SnapshotInstallationHandler.java:installSnapshot(89)) - s2@group-932FD4798A9C: receive installSnapshot: s0->s2#0-t1,chunk:c3674c32-c1e6-4bf6-9b31-06dd494906b2,0
2023-11-07 01:40:12,006 [grpc-default-executor-0] TRACE util.FileUtils (LogUtils.java:supplyAndLog(69)) - Successfully supplied FileChannel.open /home/runner/work/ratis/ratis/ratis-test/target/test/data/1674ca6a/MiniRaftClusterWithGrpc4bdb6f51/s2/e1a4504d-09b4-4f2b-a409-932fd4798a9c/current/raft-meta.tmp with options [CREATE, WRITE]: sun.nio.ch.FileChannelImpl@ffa3e61
2023-11-07 01:40:12,008 [grpc-default-executor-0] TRACE util.FileUtils (LogUtils.java:runAndLog(49)) - Successfully ran Atomic Files.move /home/runner/work/ratis/ratis/ratis-test/target/test/data/1674ca6a/MiniRaftClusterWithGrpc4bdb6f51/s2/e1a4504d-09b4-4f2b-a409-932fd4798a9c/current/raft-meta.tmp to /home/runner/work/ratis/ratis/ratis-test/target/test/data/1674ca6a/MiniRaftClusterWithGrpc4bdb6f51/s2/e1a4504d-09b4-4f2b-a409-932fd4798a9c/current/raft-meta with options [REPLACE_EXISTING]
2023-11-07 01:40:12,008 [grpc-default-executor-0] INFO  server.RaftServer$Division (RaftServerImpl.java:setFirstElection(562)) - s2@group-932FD4798A9C: set firstElectionSinceStartup to false for installSnapshot
2023-11-07 01:40:12,008 [grpc-default-executor-0] INFO  server.RaftServer$Division (ServerState.java:setLeader(265)) - s2@group-932FD4798A9C: change Leader from null to s0 at term 1 for installSnapshot, leader elected after 166ms
2023-11-07 01:40:12,009 [grpc-default-executor-0] TRACE util.FileUtils (LogUtils.java:runAndLog(49)) - Successfully ran Files.createDirectories /tmp/ratis-tests/statemachine/s2/tmp/snapshot-c3674c32-c1e6-4bf6-9b31-06dd494906b2
2023-11-07 01:40:12,009 [grpc-default-executor-0] INFO  storage.SnapshotManager (SnapshotManager.java:installSnapshot(89)) - Installing snapshot:s0->s2#0-t1,chunk:c3674c32-c1e6-4bf6-9b31-06dd494906b2,0, to tmp dir:/tmp/ratis-tests/statemachine/s2/tmp/snapshot-c3674c32-c1e6-4bf6-9b31-06dd494906b2
2023-11-07 01:40:12,009 [grpc-default-executor-0] TRACE util.FileUtils (LogUtils.java:runAndLog(49)) - Successfully ran Files.createDirectories /tmp/ratis-tests/statemachine/s2/tmp/snapshot-c3674c32-c1e6-4bf6-9b31-06dd494906b2/1_255
2023-11-07 01:40:12,010 [grpc-default-executor-0] TRACE util.FileUtils (LogUtils.java:supplyAndLog(69)) - Successfully supplied FileChannel.open /tmp/ratis-tests/statemachine/s2/tmp/snapshot-c3674c32-c1e6-4bf6-9b31-06dd494906b2/1_255/vegetable.md5.tmp with options [CREATE, WRITE]: sun.nio.ch.FileChannelImpl@4156428a
2023-11-07 01:40:12,011 [grpc-default-executor-0] TRACE util.FileUtils (LogUtils.java:runAndLog(49)) - Successfully ran Atomic Files.move /tmp/ratis-tests/statemachine/s2/tmp/snapshot-c3674c32-c1e6-4bf6-9b31-06dd494906b2/1_255/vegetable.md5.tmp to /tmp/ratis-tests/statemachine/s2/tmp/snapshot-c3674c32-c1e6-4bf6-9b31-06dd494906b2/1_255/vegetable.md5 with options [REPLACE_EXISTING]
2023-11-07 01:40:12,011 [grpc-default-executor-0] INFO  impl.SnapshotInstallationHandler (SnapshotInstallationHandler.java:installSnapshotImpl(134)) - s2@group-932FD4798A9C: set new configuration index: 257
configurationEntry {
  peers {
    id: "s0"
    address: "localhost:38001"
    dataStreamAddress: "localhost:45441"
    clientAddress: "localhost:36435"
    adminAddress: "localhost:44139"
    startupRole: FOLLOWER
  }
  peers {
    id: "s1"
    address: "0.0.0.0:35499"
    clientAddress: "0.0.0.0:35499"
    adminAddress: "0.0.0.0:35499"
    startupRole: FOLLOWER
  }
}
 from snapshot
2023-11-07 01:40:12,012 [grpc-default-executor-0] INFO  server.RaftServer$Division (ServerState.java:setRaftConf(382)) - s2@group-932FD4798A9C: set configuration 257: peers:[s0|localhost:38001, s1|0.0.0.0:35499]|listeners:[], old=null
2023-11-07 01:40:12,012 [grpc-default-executor-0] INFO  impl.SnapshotInstallationHandler (SnapshotInstallationHandler.java:installSnapshot(100)) - s2@group-932FD4798A9C: reply installSnapshot: s0<-s2#0:OK-t0,SUCCESS,requestIndex=0
2023-11-07 01:40:12,012 [grpc-default-executor-0] INFO  impl.SnapshotInstallationHandler (SnapshotInstallationHandler.java:installSnapshot(89)) - s2@group-932FD4798A9C: receive installSnapshot: s0->s2#0-t1,chunk:c3674c32-c1e6-4bf6-9b31-06dd494906b2,1
2023-11-07 01:40:12,013 [grpc-default-executor-0] TRACE util.FileUtils (LogUtils.java:runAndLog(49)) - Successfully ran Files.createDirectories /tmp/ratis-tests/statemachine/s2/tmp/snapshot-c3674c32-c1e6-4bf6-9b31-06dd494906b2
2023-11-07 01:40:12,013 [grpc-default-executor-0] INFO  storage.SnapshotManager (SnapshotManager.java:installSnapshot(89)) - Installing snapshot:s0->s2#0-t1,chunk:c3674c32-c1e6-4bf6-9b31-06dd494906b2,1, to tmp dir:/tmp/ratis-tests/statemachine/s2/tmp/snapshot-c3674c32-c1e6-4bf6-9b31-06dd494906b2
2023-11-07 01:40:12,013 [grpc-default-executor-0] TRACE util.FileUtils (LogUtils.java:runAndLog(49)) - Successfully ran Files.createDirectories /tmp/ratis-tests/statemachine/s2/tmp/snapshot-c3674c32-c1e6-4bf6-9b31-06dd494906b2/1_255
2023-11-07 01:40:12,013 [grpc-default-executor-0] TRACE util.FileUtils (LogUtils.java:supplyAndLog(69)) - Successfully supplied FileChannel.open /tmp/ratis-tests/statemachine/s2/tmp/snapshot-c3674c32-c1e6-4bf6-9b31-06dd494906b2/1_255/deer.md5.tmp with options [CREATE, WRITE]: sun.nio.ch.FileChannelImpl@12be40cd
2023-11-07 01:40:12,014 [grpc-default-executor-1] INFO  server.GrpcLogAppender (GrpcLogAppender.java:onNext(549)) - s0@group-932FD4798A9C->s2-InstallSnapshotResponseHandler: received the first reply s0<-s2#0:OK-t0,SUCCESS,requestIndex=0
2023-11-07 01:40:12,014 [grpc-default-executor-1] INFO  server.GrpcLogAppender (GrpcLogAppender.java:onNext(563)) - s0@group-932FD4798A9C->s2-InstallSnapshotResponseHandler: Completed InstallSnapshot. Reply: serverReply {
  requestorId: "s0"
  replyId: "s2"
  raftGroupId {
    id: "\341\244PM\t\264O+\244\t\223/\324y\212\234"
  }
  success: true
}
requestIndex: 0

2023-11-07 01:40:12,015 [grpc-default-executor-1] INFO  leader.FollowerInfo (FollowerInfoImpl.java:setAttemptedToInstallSnapshot(154)) - Follower s0@group-932FD4798A9C->s2 acknowledged installing snapshot
2023-11-07 01:40:12,015 [grpc-default-executor-0] TRACE util.FileUtils (LogUtils.java:runAndLog(49)) - Successfully ran Atomic Files.move /tmp/ratis-tests/statemachine/s2/tmp/snapshot-c3674c32-c1e6-4bf6-9b31-06dd494906b2/1_255/deer.md5.tmp to /tmp/ratis-tests/statemachine/s2/tmp/snapshot-c3674c32-c1e6-4bf6-9b31-06dd494906b2/1_255/deer.md5 with options [REPLACE_EXISTING]
2023-11-07 01:40:12,015 [grpc-default-executor-0] INFO  impl.SnapshotInstallationHandler (SnapshotInstallationHandler.java:installSnapshot(100)) - s2@group-932FD4798A9C: reply installSnapshot: s0<-s2#0:OK-t1,SUCCESS,requestIndex=1
2023-11-07 01:40:12,015 [grpc-default-executor-0] INFO  impl.SnapshotInstallationHandler (SnapshotInstallationHandler.java:installSnapshot(89)) - s2@group-932FD4798A9C: receive installSnapshot: s0->s2#0-t1,chunk:c3674c32-c1e6-4bf6-9b31-06dd494906b2,2
2023-11-07 01:40:12,015 [grpc-default-executor-0] TRACE util.FileUtils (LogUtils.java:runAndLog(49)) - Successfully ran Files.createDirectories /tmp/ratis-tests/statemachine/s2/tmp/snapshot-c3674c32-c1e6-4bf6-9b31-06dd494906b2
2023-11-07 01:40:12,016 [grpc-default-executor-0] INFO  storage.SnapshotManager (SnapshotManager.java:installSnapshot(89)) - Installing snapshot:s0->s2#0-t1,chunk:c3674c32-c1e6-4bf6-9b31-06dd494906b2,2, to tmp dir:/tmp/ratis-tests/statemachine/s2/tmp/snapshot-c3674c32-c1e6-4bf6-9b31-06dd494906b2
2023-11-07 01:40:12,016 [grpc-default-executor-0] TRACE util.FileUtils (LogUtils.java:runAndLog(49)) - Successfully ran Files.createDirectories /tmp/ratis-tests/statemachine/s2/tmp/snapshot-c3674c32-c1e6-4bf6-9b31-06dd494906b2/1_255
2023-11-07 01:40:12,016 [grpc-default-executor-0] TRACE util.FileUtils (LogUtils.java:supplyAndLog(69)) - Successfully supplied FileChannel.open /tmp/ratis-tests/statemachine/s2/tmp/snapshot-c3674c32-c1e6-4bf6-9b31-06dd494906b2/1_255/loves.md5.tmp with options [CREATE, WRITE]: sun.nio.ch.FileChannelImpl@3460004d
2023-11-07 01:40:12,018 [grpc-default-executor-1] INFO  server.GrpcLogAppender (GrpcLogAppender.java:onNext(549)) - s0@group-932FD4798A9C->s2-InstallSnapshotResponseHandler: received a reply s0<-s2#0:OK-t1,SUCCESS,requestIndex=1
2023-11-07 01:40:12,019 [grpc-default-executor-1] INFO  server.GrpcLogAppender (GrpcLogAppender.java:onNext(563)) - s0@group-932FD4798A9C->s2-InstallSnapshotResponseHandler: Completed InstallSnapshot. Reply: serverReply {
  requestorId: "s0"
  replyId: "s2"
  raftGroupId {
    id: "\341\244PM\t\264O+\244\t\223/\324y\212\234"
  }
  success: true
}
term: 1
requestIndex: 1

2023-11-07 01:40:12,019 [grpc-default-executor-1] INFO  leader.FollowerInfo (FollowerInfoImpl.java:setAttemptedToInstallSnapshot(154)) - Follower s0@group-932FD4798A9C->s2 acknowledged installing snapshot
2023-11-07 01:40:12,019 [grpc-default-executor-0] TRACE util.FileUtils (LogUtils.java:runAndLog(49)) - Successfully ran Atomic Files.move /tmp/ratis-tests/statemachine/s2/tmp/snapshot-c3674c32-c1e6-4bf6-9b31-06dd494906b2/1_255/loves.md5.tmp to /tmp/ratis-tests/statemachine/s2/tmp/snapshot-c3674c32-c1e6-4bf6-9b31-06dd494906b2/1_255/loves.md5 with options [REPLACE_EXISTING]
2023-11-07 01:40:12,019 [grpc-default-executor-0] INFO  storage.SnapshotManager (SnapshotManager.java:rename(168)) - Installed snapshot, renaming temporary dir /tmp/ratis-tests/statemachine/s2/tmp/snapshot-c3674c32-c1e6-4bf6-9b31-06dd494906b2 to /tmp/ratis-tests/statemachine/s2/snapshot
2023-11-07 01:40:12,020 [grpc-default-executor-0] TRACE util.FileUtils (LogUtils.java:runAndLog(49)) - Successfully ran Atomic Files.move /tmp/ratis-tests/statemachine/s2/snapshot to /tmp/ratis-tests/statemachine/s2/snapshot.tmp20231107-014012_020
2023-11-07 01:40:12,020 [grpc-default-executor-0] TRACE util.FileUtils (LogUtils.java:runAndLog(49)) - Successfully ran Atomic Files.move /tmp/ratis-tests/statemachine/s2/tmp/snapshot-c3674c32-c1e6-4bf6-9b31-06dd494906b2 to /tmp/ratis-tests/statemachine/s2/snapshot
2023-11-07 01:40:12,020 [grpc-default-executor-0] TRACE util.FileUtils (FileUtils.java:deleteFully(305)) - deleteFully /tmp/ratis-tests/statemachine/s2/snapshot.tmp20231107-014012_020
2023-11-07 01:40:12,020 [grpc-default-executor-0] TRACE util.FileUtils (LogUtils.java:runAndLog(49)) - Successfully ran Files.delete /tmp/ratis-tests/statemachine/s2/snapshot.tmp20231107-014012_020
2023-11-07 01:40:12,020 [grpc-default-executor-0] INFO  raftlog.RaftLog (RaftLogBase.java:lambda$new$0(54)) - s2@group-932FD4798A9C-SegmentedRaftLog: snapshotIndex: updateIncreasingly -1 -> 255
2023-11-07 01:40:12,020 [s2@group-932FD4798A9C-StateMachineUpdater] INFO  impl.SimpleStateMachine4Testing (SimpleStateMachine4Testing.java:reinitialize(236)) - Reinitializing StateMachineWithSeparatedSnapshotPath:s2:group-932FD4798A9C
2023-11-07 01:40:12,020 [s2@group-932FD4798A9C-StateMachineUpdater] INFO  impl.SimpleStateMachine4Testing (SimpleStateMachine4Testing.java:loadSnapshot(296)) - Loading snapshot null
2023-11-07 01:40:12,021 [s2@group-932FD4798A9C-StateMachineUpdater] INFO  impl.StateMachineUpdater (StateMachineUpdater.java:lambda$new$0(98)) - s2@group-932FD4798A9C-StateMachineUpdater: snapshotIndex: setUnconditionally -1 -> 255
2023-11-07 01:40:12,021 [s2@group-932FD4798A9C-StateMachineUpdater] INFO  impl.StateMachineUpdater (StateMachineUpdater.java:lambda$new$0(98)) - s2@group-932FD4798A9C-StateMachineUpdater: appliedIndex: setUnconditionally -1 -> 255
2023-11-07 01:40:12,020 [grpc-default-executor-0] INFO  segmented.SegmentedRaftLogWorker (SegmentedRaftLogWorker.java:lambda$new$0(135)) - s2@group-932FD4798A9C-SegmentedRaftLogWorker: flushIndex: setUnconditionally -1 -> 255
2023-11-07 01:40:12,022 [grpc-default-executor-0] INFO  segmented.SegmentedRaftLogWorker (SegmentedRaftLogWorker.java:lambda$new$0(135)) - s2@group-932FD4798A9C-SegmentedRaftLogWorker: safeCacheEvictIndex: setUnconditionally -1 -> 255
2023-11-07 01:40:12,022 [grpc-default-executor-0] INFO  impl.SnapshotInstallationHandler (SnapshotInstallationHandler.java:checkAndInstallSnapshot(194)) - s2@group-932FD4798A9C: successfully install the entire snapshot-255
2023-11-07 01:40:12,022 [grpc-default-executor-0] INFO  impl.SnapshotInstallationHandler (SnapshotInstallationHandler.java:installSnapshot(100)) - s2@group-932FD4798A9C: reply installSnapshot: s0<-s2#0:OK-t1,SUCCESS,requestIndex=2
2023-11-07 01:40:12,023 [grpc-default-executor-1] INFO  server.GrpcLogAppender (GrpcLogAppender.java:onNext(549)) - s0@group-932FD4798A9C->s2-InstallSnapshotResponseHandler: received a reply s0<-s2#0:OK-t1,SUCCESS,requestIndex=2
2023-11-07 01:40:12,023 [grpc-default-executor-1] INFO  server.GrpcLogAppender (GrpcLogAppender.java:onNext(563)) - s0@group-932FD4798A9C->s2-InstallSnapshotResponseHandler: Completed InstallSnapshot. Reply: serverReply {
  requestorId: "s0"
  replyId: "s2"
  raftGroupId {
    id: "\341\244PM\t\264O+\244\t\223/\324y\212\234"
  }
  success: true
}
term: 1
requestIndex: 2

2023-11-07 01:40:12,023 [grpc-default-executor-1] INFO  leader.FollowerInfo (FollowerInfoImpl.java:setAttemptedToInstallSnapshot(154)) - Follower s0@group-932FD4798A9C->s2 acknowledged installing snapshot
2023-11-07 01:40:12,023 [grpc-default-executor-0] INFO  server.GrpcServerProtocolService (GrpcServerProtocolService.java:onCompleted(157)) - s2: Completed INSTALL_SNAPSHOT, lastRequest: s0->s2#0-t1,chunk:c3674c32-c1e6-4bf6-9b31-06dd494906b2,2
2023-11-07 01:40:12,023 [grpc-default-executor-0] INFO  server.GrpcServerProtocolService (GrpcServerProtocolService.java:lambda$onCompleted$5(159)) - s2: Completed INSTALL_SNAPSHOT, lastReply: null
2023-11-07 01:40:12,024 [grpc-default-executor-1] INFO  server.GrpcLogAppender (GrpcLogAppender.java:onCompleted(629)) - s0@group-932FD4798A9C->s2-InstallSnapshotResponseHandler: follower responded installSnapshot COMPLETED
2023-11-07 01:40:12,024 [s0@group-932FD4798A9C->s2-GrpcLogAppender-LogAppenderDaemon] INFO  leader.FollowerInfo (FollowerInfoImpl.java:info(64)) - s0@group-932FD4798A9C->s2: snapshotIndex: setUnconditionally 0 -> 255
2023-11-07 01:40:12,024 [s0@group-932FD4798A9C->s2-GrpcLogAppender-LogAppenderDaemon] INFO  leader.FollowerInfo (FollowerInfoImpl.java:info(64)) - s0@group-932FD4798A9C->s2: matchIndex: setUnconditionally -1 -> 255
2023-11-07 01:40:12,024 [s0@group-932FD4798A9C->s2-GrpcLogAppender-LogAppenderDaemon] INFO  leader.FollowerInfo (FollowerInfoImpl.java:info(64)) - s0@group-932FD4798A9C->s2: nextIndex: setUnconditionally 0 -> 256
2023-11-07 01:40:12,024 [s0@group-932FD4798A9C->s2-GrpcLogAppender-LogAppenderDaemon] INFO  server.GrpcLogAppender (GrpcLogAppender.java:installSnapshot(685)) - s0@group-932FD4798A9C->s2-GrpcLogAppender: installed snapshot FileListSnapshotInfo(t:1, i:255):[/tmp/ratis-tests/statemachine/s0/snapshot/1_255/vegetable, /tmp/ratis-tests/statemachine/s0/snapshot/1_255/deer, /tmp/ratis-tests/statemachine/s0/snapshot/1_255/loves] successfully
2023-11-07 01:40:12,027 [s2-server-thread1] INFO  impl.RoleInfo (RoleInfo.java:updateAndGet(139)) - s2: start s2@group-932FD4798A9C-FollowerState
2023-11-07 01:40:12,030 [s2-server-thread1] INFO  server.RaftServer$Division (ServerState.java:setRaftConf(382)) - s2@group-932FD4798A9C: set configuration 257: peers:[s0|localhost:38001, s1|0.0.0.0:35499]|listeners:[], old=null
2023-11-07 01:40:12,030 [s2-server-thread1] INFO  segmented.SegmentedRaftLogWorker (SegmentedRaftLogWorker.java:startLogSegment(428)) - s2@group-932FD4798A9C-SegmentedRaftLogWorker: Starting segment from index:256
2023-11-07 01:40:12,042 [s2@group-932FD4798A9C-SegmentedRaftLogWorker] INFO  segmented.SegmentedRaftLogWorker (SegmentedRaftLogWorker.java:execute(632)) - s2@group-932FD4798A9C-SegmentedRaftLogWorker: created new log segment /home/runner/work/ratis/ratis/ratis-test/target/test/data/1674ca6a/MiniRaftClusterWithGrpc4bdb6f51/s2/e1a4504d-09b4-4f2b-a409-932fd4798a9c/current/log_inprogress_256
2023-11-07 01:40:12,044 [s0@group-932FD4798A9C-LeaderStateImpl] INFO  server.RaftServer$Division (ServerState.java:setRaftConf(382)) - s0@group-932FD4798A9C: set configuration 259: peers:[s0|localhost:38001, s1|0.0.0.0:35499, s2|0.0.0.0:40977]|listeners:[], old=peers:[s0|localhost:38001, s1|0.0.0.0:35499]|listeners:[]
2023-11-07 01:40:12,045 [s1-server-thread1] INFO  server.RaftServer$Division (ServerState.java:setRaftConf(382)) - s1@group-932FD4798A9C: set configuration 259: peers:[s0|localhost:38001, s1|0.0.0.0:35499, s2|0.0.0.0:40977]|listeners:[], old=peers:[s0|localhost:38001, s1|0.0.0.0:35499]|listeners:[]
2023-11-07 01:40:12,047 [s2-server-thread2] INFO  server.RaftServer$Division (ServerState.java:setRaftConf(382)) - s2@group-932FD4798A9C: set configuration 259: peers:[s0|localhost:38001, s1|0.0.0.0:35499, s2|0.0.0.0:40977]|listeners:[], old=peers:[s0|localhost:38001, s1|0.0.0.0:35499]|listeners:[]
2023-11-07 01:40:12,048 [s0@group-932FD4798A9C-LeaderStateImpl] INFO  server.RaftServer$Division (ServerState.java:setRaftConf(382)) - s0@group-932FD4798A9C: set configuration 261: peers:[s0|localhost:38001, s1|0.0.0.0:35499, s2|0.0.0.0:40977]|listeners:[], old=null
2023-11-07 01:40:12,050 [s2-server-thread1] INFO  server.RaftServer$Division (ServerState.java:setRaftConf(382)) - s2@group-932FD4798A9C: set configuration 261: peers:[s0|localhost:38001, s1|0.0.0.0:35499, s2|0.0.0.0:40977]|listeners:[], old=null
2023-11-07 01:40:12,051 [s1-server-thread1] INFO  server.RaftServer$Division (ServerState.java:setRaftConf(382)) - s1@group-932FD4798A9C: set configuration 261: peers:[s0|localhost:38001, s1|0.0.0.0:35499, s2|0.0.0.0:40977]|listeners:[], old=null
2023-11-07 01:40:12,061 [Time-limited test] INFO  server.RaftServerConfigKeys (ConfUtils.java:logGet(46)) - raft.server.rpc.timeout.max = 300ms (default)
2023-11-07 01:40:12,062 [Time-limited test] INFO  impl.RaftServerTestUtil (RaftServerTestUtil.java:waitAndCheckNewConf(94)) - waitAndCheckNewConf: peers=[s1|0.0.0.0:35499, s2|0.0.0.0:40977, s0|localhost:38001], deadPeers=null, printing ALL groups
  s0:  RUNNING    LEADER s0@group-932FD4798A9C:t1, leader=s0, voted=s0, raftlog=Memoized:s0@group-932FD4798A9C-SegmentedRaftLog:OPENED:c261, conf=261: peers:[s0|localhost:38001, s1|0.0.0.0:35499, s2|0.0.0.0:40977]|listeners:[], old=null RUNNING
  s1:  RUNNING  FOLLOWER s1@group-932FD4798A9C:t1, leader=s0, voted=null, raftlog=Memoized:s1@group-932FD4798A9C-SegmentedRaftLog:OPENED:c259, conf=261: peers:[s0|localhost:38001, s1|0.0.0.0:35499, s2|0.0.0.0:40977]|listeners:[], old=null RUNNING
  s2:  RUNNING  FOLLOWER s2@group-932FD4798A9C:t1, leader=s0, voted=null, raftlog=Memoized:s2@group-932FD4798A9C-SegmentedRaftLog:OPENED:c258, conf=261: peers:[s0|localhost:38001, s1|0.0.0.0:35499, s2|0.0.0.0:40977]|listeners:[], old=null RUNNING
2023-11-07 01:40:12,062 [Time-limited test] INFO  impl.RaftServerTestUtil (RaftServerTestUtil.java:waitAndCheckNewConf(103)) - checking    LEADER s0@group-932FD4798A9C:t1, leader=s0, voted=s0, raftlog=Memoized:s0@group-932FD4798A9C-SegmentedRaftLog:OPENED:c261, conf=261: peers:[s0|localhost:38001, s1|0.0.0.0:35499, s2|0.0.0.0:40977]|listeners:[], old=null RUNNING
2023-11-07 01:40:12,062 [Time-limited test] INFO  impl.RaftServerTestUtil (RaftServerTestUtil.java:waitAndCheckNewConf(103)) - checking  FOLLOWER s1@group-932FD4798A9C:t1, leader=s0, voted=null, raftlog=Memoized:s1@group-932FD4798A9C-SegmentedRaftLog:OPENED:c259, conf=261: peers:[s0|localhost:38001, s1|0.0.0.0:35499, s2|0.0.0.0:40977]|listeners:[], old=null RUNNING
2023-11-07 01:40:12,062 [Time-limited test] INFO  impl.RaftServerTestUtil (RaftServerTestUtil.java:waitAndCheckNewConf(103)) - checking  FOLLOWER s2@group-932FD4798A9C:t1, leader=s0, voted=null, raftlog=Memoized:s2@group-932FD4798A9C-SegmentedRaftLog:OPENED:c258, conf=261: peers:[s0|localhost:38001, s1|0.0.0.0:35499, s2|0.0.0.0:40977]|listeners:[], old=null RUNNING
2023-11-07 01:40:12,064 [Time-limited test] INFO  impl.MiniRaftCluster (MiniRaftCluster.java:shutdown(831)) - ************************************************************** 
2023-11-07 01:40:12,064 [Time-limited test] INFO  impl.MiniRaftCluster (MiniRaftCluster.java:shutdown(832)) - *** 
2023-11-07 01:40:12,064 [Time-limited test] INFO  impl.MiniRaftCluster (MiniRaftCluster.java:shutdown(833)) - ***     Stopping MiniRaftClusterWithGrpc
2023-11-07 01:40:12,064 [Time-limited test] INFO  impl.MiniRaftCluster (MiniRaftCluster.java:shutdown(834)) - *** 
2023-11-07 01:40:12,064 [Time-limited test] INFO  impl.MiniRaftCluster (MiniRaftCluster.java:shutdown(835)) - ************************************************************** 
2023-11-07 01:40:12,064 [Time-limited test] INFO  impl.MiniRaftCluster (MiniRaftCluster.java:shutdown(836)) - printing ALL groups
  s0:  RUNNING    LEADER s0@group-932FD4798A9C:t1, leader=s0, voted=s0, raftlog=Memoized:s0@group-932FD4798A9C-SegmentedRaftLog:OPENED:c261, conf=261: peers:[s0|localhost:38001, s1|0.0.0.0:35499, s2|0.0.0.0:40977]|listeners:[], old=null RUNNING
  s1:  RUNNING  FOLLOWER s1@group-932FD4798A9C:t1, leader=s0, voted=null, raftlog=Memoized:s1@group-932FD4798A9C-SegmentedRaftLog:OPENED:c259, conf=261: peers:[s0|localhost:38001, s1|0.0.0.0:35499, s2|0.0.0.0:40977]|listeners:[], old=null RUNNING
  s2:  RUNNING  FOLLOWER s2@group-932FD4798A9C:t1, leader=s0, voted=null, raftlog=Memoized:s2@group-932FD4798A9C-SegmentedRaftLog:OPENED:c258, conf=261: peers:[s0|localhost:38001, s1|0.0.0.0:35499, s2|0.0.0.0:40977]|listeners:[], old=null RUNNING
2023-11-07 01:40:12,066 [MiniRaftCluster-8] INFO  server.RaftServer (RaftServerProxy.java:lambda$close$9(416)) - s1: close
2023-11-07 01:40:12,067 [s1-impl-thread1] INFO  server.RaftServer$Division (RaftServerImpl.java:lambda$close$3(514)) - s1@group-932FD4798A9C: shutdown
2023-11-07 01:40:12,068 [s1-impl-thread1] INFO  util.JmxRegister (JmxRegister.java:unregister(73)) - Successfully un-registered JMX Bean with object name Ratis:service=RaftServer,group=group-932FD4798A9C,id=s1
2023-11-07 01:40:12,068 [s1-impl-thread1] INFO  impl.RoleInfo (RoleInfo.java:shutdownFollowerState(110)) - s1: shutdown s1@group-932FD4798A9C-FollowerState
2023-11-07 01:40:12,068 [s1-impl-thread1] INFO  impl.StateMachineUpdater (StateMachineUpdater.java:stopAndJoin(157)) - s1@group-932FD4798A9C-StateMachineUpdater: set stopIndex = 259
2023-11-07 01:40:12,068 [s1@group-932FD4798A9C-FollowerState] INFO  impl.FollowerState (FollowerState.java:run(152)) - s1@group-932FD4798A9C-FollowerState was interrupted
2023-11-07 01:40:12,068 [s1@group-932FD4798A9C-StateMachineUpdater] TRACE util.FileUtils (FileUtils.java:deleteFully(305)) - deleteFully /tmp/ratis-tests/statemachine/s1/snapshot/1_259
2023-11-07 01:40:12,068 [s1@group-932FD4798A9C-StateMachineUpdater] TRACE util.FileUtils (FileUtils.java:deleteFully(318)) - deleteFully: /tmp/ratis-tests/statemachine/s1/snapshot/1_259 does not exist.
2023-11-07 01:40:12,068 [s1@group-932FD4798A9C-StateMachineUpdater] TRACE util.FileUtils (FileUtils.java:deleteFully(305)) - deleteFully /tmp/ratis-tests/statemachine/s1/tmp/ea94aa00-02dc-4a6b-bc9f-ef407a715532
2023-11-07 01:40:12,068 [s1@group-932FD4798A9C-StateMachineUpdater] TRACE util.FileUtils (FileUtils.java:deleteFully(318)) - deleteFully: /tmp/ratis-tests/statemachine/s1/tmp/ea94aa00-02dc-4a6b-bc9f-ef407a715532 does not exist.
2023-11-07 01:40:12,069 [s1@group-932FD4798A9C-StateMachineUpdater] TRACE util.FileUtils (LogUtils.java:runAndLog(49)) - Successfully ran Atomic Files.move /tmp/ratis-tests/statemachine/s1/tmp/ea94aa00-02dc-4a6b-bc9f-ef407a715532 to /tmp/ratis-tests/statemachine/s1/snapshot/1_259
2023-11-07 01:40:12,069 [s1@group-932FD4798A9C-StateMachineUpdater] INFO  impl.StateMachineUpdater (StateMachineUpdater.java:takeSnapshot(295)) - s1@group-932FD4798A9C-StateMachineUpdater: Took a snapshot at index 259
2023-11-07 01:40:12,069 [s1@group-932FD4798A9C-StateMachineUpdater] INFO  impl.StateMachineUpdater (StateMachineUpdater.java:lambda$new$0(98)) - s1@group-932FD4798A9C-StateMachineUpdater: snapshotIndex: updateIncreasingly 257 -> 259
2023-11-07 01:40:12,070 [s1-impl-thread1] INFO  server.RaftServer$Division (ServerState.java:close(423)) - s1@group-932FD4798A9C: applyIndex: 259
2023-11-07 01:40:12,070 [s1@group-932FD4798A9C-cacheEviction-AwaitToRun] INFO  util.AwaitToRun (AwaitToRun.java:run(49)) - s1@group-932FD4798A9C-cacheEviction-AwaitToRun-AwaitForSignal is interrupted
2023-11-07 01:40:12,071 [MiniRaftCluster-8] INFO  server.GrpcService (GrpcService.java:closeImpl(311)) - s1: shutdown server GrpcServerProtocolService now
2023-11-07 01:40:12,071 [MiniRaftCluster-7] INFO  server.RaftServer (RaftServerProxy.java:lambda$close$9(416)) - s0: close
2023-11-07 01:40:12,072 [MiniRaftCluster-9] INFO  server.RaftServer (RaftServerProxy.java:lambda$close$9(416)) - s2: close
2023-11-07 01:40:12,074 [grpc-default-executor-1] WARN  server.GrpcLogAppender (LogUtils.java:warn(121)) - s0@group-932FD4798A9C->s1-AppendLogResponseHandler: Failed appendEntries: org.apache.ratis.thirdparty.io.grpc.StatusRuntimeException: CANCELLED: RST_STREAM closed stream. HTTP/2 error code: CANCEL
2023-11-07 01:40:12,075 [grpc-default-executor-1] WARN  server.GrpcLogAppender (GrpcLogAppender.java:resetClient(140)) - s0@group-932FD4798A9C->s1-GrpcLogAppender: Follower failed and request == null,  keep nextIndex (263) unchanged and retry.
2023-11-07 01:40:12,073 [grpc-default-executor-0] WARN  server.GrpcServerProtocolService (LogUtils.java:warn(121)) - s1: APPEND_ENTRIES onError, lastRequest: s0->s1#10-t1,previous=(t:1, i:261),leaderCommit=261,initializing? true,entries: size=1, first=(t:1, i:262), METADATAENTRY(c:261): org.apache.ratis.thirdparty.io.grpc.StatusRuntimeException: CANCELLED: client cancelled
2023-11-07 01:40:12,073 [MiniRaftCluster-8] INFO  server.GrpcService (GrpcService.java:closeImpl(320)) - s1: shutdown server GrpcServerProtocolService successfully
2023-11-07 01:40:12,075 [s2-impl-thread1] INFO  server.RaftServer$Division (RaftServerImpl.java:lambda$close$3(514)) - s2@group-932FD4798A9C: shutdown
2023-11-07 01:40:12,075 [s2-impl-thread1] INFO  util.JmxRegister (JmxRegister.java:unregister(73)) - Successfully un-registered JMX Bean with object name Ratis:service=RaftServer,group=group-932FD4798A9C,id=s2
2023-11-07 01:40:12,075 [s2-impl-thread1] INFO  impl.RoleInfo (RoleInfo.java:shutdownFollowerState(110)) - s2: shutdown s2@group-932FD4798A9C-FollowerState
2023-11-07 01:40:12,075 [s2-impl-thread1] INFO  impl.StateMachineUpdater (StateMachineUpdater.java:stopAndJoin(157)) - s2@group-932FD4798A9C-StateMachineUpdater: set stopIndex = 259
2023-11-07 01:40:12,075 [s2@group-932FD4798A9C-FollowerState] INFO  impl.FollowerState (FollowerState.java:run(152)) - s2@group-932FD4798A9C-FollowerState was interrupted
2023-11-07 01:40:12,072 [s0-impl-thread1] INFO  server.RaftServer$Division (RaftServerImpl.java:lambda$close$3(514)) - s0@group-932FD4798A9C: shutdown
2023-11-07 01:40:12,079 [s0-impl-thread1] INFO  util.JmxRegister (JmxRegister.java:unregister(73)) - Successfully un-registered JMX Bean with object name Ratis:service=RaftServer,group=group-932FD4798A9C,id=s0
2023-11-07 01:40:12,079 [s0-impl-thread1] INFO  impl.RoleInfo (RoleInfo.java:shutdownLeaderState(94)) - s0: shutdown s0@group-932FD4798A9C-LeaderStateImpl
2023-11-07 01:40:12,072 [MiniRaftCluster-7] INFO  server.GrpcService (GrpcService.java:closeImpl(311)) - s0: shutdown server org.apache.ratis.grpc.server.GrpcClientProtocolService now
2023-11-07 01:40:12,079 [s0@group-932FD4798A9C->s1-GrpcLogAppender-LogAppenderDaemon] WARN  server.GrpcLogAppender (GrpcLogAppender.java:mayWait(212)) - s0@group-932FD4798A9C->s1-GrpcLogAppender: Wait interrupted by java.lang.InterruptedException
2023-11-07 01:40:12,080 [s0@group-932FD4798A9C->s2-GrpcLogAppender-LogAppenderDaemon] WARN  server.GrpcLogAppender (GrpcLogAppender.java:mayWait(212)) - s0@group-932FD4798A9C->s2-GrpcLogAppender: Wait interrupted by java.lang.InterruptedException
2023-11-07 01:40:12,080 [grpc-default-executor-0] WARN  server.GrpcServerProtocolService (LogUtils.java:warn(123)) - s2: Failed APPEND_ENTRIES request s0->s2#6-t1,previous=(t:1, i:261),leaderCommit=262,initializing? true,entries: size=1, first=(t:1, i:262), METADATAENTRY(c:261)
java.util.concurrent.CompletionException: org.apache.ratis.protocol.exceptions.ServerNotReadyException: s2@group-932FD4798A9C is not in [STARTING, RUNNING]: current state is CLOSING
	at org.apache.ratis.util.JavaUtils.callAsUnchecked(JavaUtils.java:121)
	at org.apache.ratis.server.impl.RaftServerImpl.lambda$executeSubmitServerRequestAsync$10(RaftServerImpl.java:877)
	at java.base/java.util.concurrent.CompletableFuture$AsyncSupply.run(CompletableFuture.java:1700)
	at java.base/java.util.concurrent.ThreadPoolExecutor.runWorker(ThreadPoolExecutor.java:1128)
	at java.base/java.util.concurrent.ThreadPoolExecutor$Worker.run(ThreadPoolExecutor.java:628)
	at java.base/java.lang.Thread.run(Thread.java:829)
Caused by: org.apache.ratis.protocol.exceptions.ServerNotReadyException: s2@group-932FD4798A9C is not in [STARTING, RUNNING]: current state is CLOSING
	at org.apache.ratis.server.impl.RaftServerImpl.lambda$assertLifeCycleState$8(RaftServerImpl.java:798)
	at org.apache.ratis.util.LifeCycle.assertCurrentState(LifeCycle.java:253)
	at org.apache.ratis.server.impl.RaftServerImpl.assertLifeCycleState(RaftServerImpl.java:797)
	at org.apache.ratis.server.impl.RaftServerImpl.preAppendEntriesAsync(RaftServerImpl.java:1519)
	at org.apache.ratis.server.impl.RaftServerImpl.appendEntriesAsync(RaftServerImpl.java:1463)
	at org.apache.ratis.server.impl.RaftServerProxy.lambda$appendEntriesAsync$28(RaftServerProxy.java:644)
	at org.apache.ratis.util.JavaUtils.callAsUnchecked(JavaUtils.java:117)
	... 5 more
2023-11-07 01:40:12,088 [Thread-120] INFO  server.GrpcServerProtocolClient (GrpcServerProtocolClient.java:close(103)) - s2 Close channels
2023-11-07 01:40:12,088 [Thread-119] INFO  server.GrpcServerProtocolClient (GrpcServerProtocolClient.java:close(103)) - s1 Close channels
2023-11-07 01:40:12,079 [s0-impl-thread1] INFO  impl.PendingRequests (PendingRequests.java:sendNotLeaderResponses(289)) - s0@group-932FD4798A9C-PendingRequests: sendNotLeaderResponses
2023-11-07 01:40:12,087 [s2@group-932FD4798A9C-StateMachineUpdater] TRACE util.FileUtils (FileUtils.java:deleteFully(305)) - deleteFully /tmp/ratis-tests/statemachine/s2/snapshot/1_259
2023-11-07 01:40:12,095 [s2@group-932FD4798A9C-StateMachineUpdater] TRACE util.FileUtils (FileUtils.java:deleteFully(318)) - deleteFully: /tmp/ratis-tests/statemachine/s2/snapshot/1_259 does not exist.
2023-11-07 01:40:12,095 [s2@group-932FD4798A9C-StateMachineUpdater] TRACE util.FileUtils (FileUtils.java:deleteFully(305)) - deleteFully /tmp/ratis-tests/statemachine/s2/tmp/91874bdd-9b2d-4a35-a9af-6e8142a58f05
2023-11-07 01:40:12,096 [s2@group-932FD4798A9C-StateMachineUpdater] TRACE util.FileUtils (FileUtils.java:deleteFully(318)) - deleteFully: /tmp/ratis-tests/statemachine/s2/tmp/91874bdd-9b2d-4a35-a9af-6e8142a58f05 does not exist.
2023-11-07 01:40:12,096 [s2@group-932FD4798A9C-StateMachineUpdater] TRACE util.FileUtils (LogUtils.java:runAndLog(49)) - Successfully ran Atomic Files.move /tmp/ratis-tests/statemachine/s2/tmp/91874bdd-9b2d-4a35-a9af-6e8142a58f05 to /tmp/ratis-tests/statemachine/s2/snapshot/1_259
2023-11-07 01:40:12,096 [s2@group-932FD4798A9C-StateMachineUpdater] INFO  impl.StateMachineUpdater (StateMachineUpdater.java:takeSnapshot(295)) - s2@group-932FD4798A9C-StateMachineUpdater: Took a snapshot at index 259
2023-11-07 01:40:12,096 [s2@group-932FD4798A9C-StateMachineUpdater] INFO  impl.StateMachineUpdater (StateMachineUpdater.java:lambda$new$0(98)) - s2@group-932FD4798A9C-StateMachineUpdater: snapshotIndex: updateIncreasingly 255 -> 259
2023-11-07 01:40:12,096 [s2@group-932FD4798A9C-StateMachineUpdater] INFO  raftlog.RaftLog (RaftLogBase.java:purge(330)) - s2@group-932FD4798A9C-SegmentedRaftLog: purge 258
2023-11-07 01:40:12,097 [s2@group-932FD4798A9C-StateMachineUpdater] INFO  raftlog.RaftLog (RaftLogBase.java:lambda$new$0(54)) - s2@group-932FD4798A9C-SegmentedRaftLog: snapshotIndex: updateIncreasingly 255 -> 259
2023-11-07 01:40:12,097 [s2@group-932FD4798A9C-StateMachineUpdater] INFO  raftlog.RaftLog (RaftLogBase.java:lambda$new$0(54)) - s2@group-932FD4798A9C-SegmentedRaftLog: purgeIndex: updateToMax old=-1, new=258, updated? true
2023-11-07 01:40:12,087 [MiniRaftCluster-9] INFO  server.GrpcService (GrpcService.java:closeImpl(311)) - s2: shutdown server GrpcServerProtocolService now
2023-11-07 01:40:12,097 [s2-impl-thread1] INFO  server.RaftServer$Division (ServerState.java:close(423)) - s2@group-932FD4798A9C: applyIndex: 259
2023-11-07 01:40:12,098 [s2@group-932FD4798A9C-cacheEviction-AwaitToRun] INFO  util.AwaitToRun (AwaitToRun.java:run(49)) - s2@group-932FD4798A9C-cacheEviction-AwaitToRun-AwaitForSignal is interrupted
2023-11-07 01:40:12,110 [s0-impl-thread1] INFO  impl.StateMachineUpdater (StateMachineUpdater.java:stopAndJoin(157)) - s0@group-932FD4798A9C-StateMachineUpdater: set stopIndex = 262
2023-11-07 01:40:12,110 [s0@group-932FD4798A9C-StateMachineUpdater] TRACE util.FileUtils (FileUtils.java:deleteFully(305)) - deleteFully /tmp/ratis-tests/statemachine/s0/snapshot/1_262
2023-11-07 01:40:12,110 [s0@group-932FD4798A9C-StateMachineUpdater] TRACE util.FileUtils (FileUtils.java:deleteFully(318)) - deleteFully: /tmp/ratis-tests/statemachine/s0/snapshot/1_262 does not exist.
2023-11-07 01:40:12,110 [s0@group-932FD4798A9C-StateMachineUpdater] TRACE util.FileUtils (FileUtils.java:deleteFully(305)) - deleteFully /tmp/ratis-tests/statemachine/s0/tmp/69c3744d-cf2d-4202-8a83-a45f11cd87ed
2023-11-07 01:40:12,110 [s0@group-932FD4798A9C-StateMachineUpdater] TRACE util.FileUtils (FileUtils.java:deleteFully(318)) - deleteFully: /tmp/ratis-tests/statemachine/s0/tmp/69c3744d-cf2d-4202-8a83-a45f11cd87ed does not exist.
2023-11-07 01:40:12,111 [grpc-default-executor-1] INFO  server.GrpcLogAppender (GrpcLogAppender.java:onError(457)) - s0@group-932FD4798A9C->s2-GrpcLogAppender is already stopped
2023-11-07 01:40:12,111 [s0@group-932FD4798A9C-StateMachineUpdater] TRACE util.FileUtils (LogUtils.java:runAndLog(49)) - Successfully ran Atomic Files.move /tmp/ratis-tests/statemachine/s0/tmp/69c3744d-cf2d-4202-8a83-a45f11cd87ed to /tmp/ratis-tests/statemachine/s0/snapshot/1_262
2023-11-07 01:40:12,111 [s0@group-932FD4798A9C-StateMachineUpdater] INFO  impl.StateMachineUpdater (StateMachineUpdater.java:takeSnapshot(295)) - s0@group-932FD4798A9C-StateMachineUpdater: Took a snapshot at index 262
2023-11-07 01:40:12,111 [s0@group-932FD4798A9C-StateMachineUpdater] INFO  impl.StateMachineUpdater (StateMachineUpdater.java:lambda$new$0(98)) - s0@group-932FD4798A9C-StateMachineUpdater: snapshotIndex: updateIncreasingly 255 -> 262
2023-11-07 01:40:12,111 [s0@group-932FD4798A9C-StateMachineUpdater] INFO  raftlog.RaftLog (RaftLogBase.java:purge(330)) - s0@group-932FD4798A9C-SegmentedRaftLog: purge 262
2023-11-07 01:40:12,111 [s0@group-932FD4798A9C-StateMachineUpdater] INFO  raftlog.RaftLog (RaftLogBase.java:lambda$new$0(54)) - s0@group-932FD4798A9C-SegmentedRaftLog: snapshotIndex: updateIncreasingly 255 -> 262
2023-11-07 01:40:12,111 [s0@group-932FD4798A9C-StateMachineUpdater] INFO  raftlog.RaftLog (RaftLogBase.java:lambda$new$0(54)) - s0@group-932FD4798A9C-SegmentedRaftLog: purgeIndex: updateToMax old=254, new=262, updated? true
2023-11-07 01:40:12,112 [MiniRaftCluster-9] INFO  server.GrpcService (GrpcService.java:closeImpl(320)) - s2: shutdown server GrpcServerProtocolService successfully
2023-11-07 01:40:12,112 [s0-impl-thread1] INFO  server.RaftServer$Division (ServerState.java:close(423)) - s0@group-932FD4798A9C: applyIndex: 262
2023-11-07 01:40:12,112 [s0@group-932FD4798A9C-cacheEviction-AwaitToRun] INFO  util.AwaitToRun (AwaitToRun.java:run(49)) - s0@group-932FD4798A9C-cacheEviction-AwaitToRun-AwaitForSignal is interrupted
2023-11-07 01:40:12,116 [MiniRaftCluster-7] INFO  server.GrpcService (GrpcService.java:closeImpl(320)) - s0: shutdown server org.apache.ratis.grpc.server.GrpcClientProtocolService successfully
2023-11-07 01:40:12,116 [MiniRaftCluster-7] INFO  server.GrpcService (GrpcService.java:closeImpl(311)) - s0: shutdown server GrpcServerProtocolService now
2023-11-07 01:40:12,117 [MiniRaftCluster-7] INFO  server.GrpcService (GrpcService.java:closeImpl(320)) - s0: shutdown server GrpcServerProtocolService successfully
2023-11-07 01:40:12,117 [MiniRaftCluster-7] INFO  server.GrpcService (GrpcService.java:closeImpl(311)) - s0: shutdown server org.apache.ratis.grpc.server.GrpcAdminProtocolService now
2023-11-07 01:40:12,122 [MiniRaftCluster-7] INFO  server.GrpcService (GrpcService.java:closeImpl(320)) - s0: shutdown server org.apache.ratis.grpc.server.GrpcAdminProtocolService successfully
2023-11-07 01:40:12,123 [grpc-default-executor-0] WARN  server.GrpcServerProtocolService (LogUtils.java:warn(121)) - s2: APPEND_ENTRIES onError, lastRequest: s0->s2#6-t1,previous=(t:1, i:261),leaderCommit=262,initializing? true,entries: size=1, first=(t:1, i:262), METADATAENTRY(c:261): org.apache.ratis.thirdparty.io.grpc.StatusRuntimeException: CANCELLED: client cancelled
2023-11-07 01:40:13,056 [s0-impl-thread1] INFO  segmented.SegmentedRaftLogWorker (SegmentedRaftLogWorker.java:close(243)) - s0@group-932FD4798A9C-SegmentedRaftLogWorker close()
2023-11-07 01:40:13,057 [JvmPauseMonitor3] INFO  util.JvmPauseMonitor (JvmPauseMonitor.java:run(152)) - JvmPauseMonitor-s0: Stopped
2023-11-07 01:40:13,067 [s2-impl-thread1] INFO  segmented.SegmentedRaftLogWorker (SegmentedRaftLogWorker.java:close(243)) - s2@group-932FD4798A9C-SegmentedRaftLogWorker close()
2023-11-07 01:40:13,067 [s1-impl-thread1] INFO  segmented.SegmentedRaftLogWorker (SegmentedRaftLogWorker.java:close(243)) - s1@group-932FD4798A9C-SegmentedRaftLogWorker close()
2023-11-07 01:40:13,069 [JvmPauseMonitor5] INFO  util.JvmPauseMonitor (JvmPauseMonitor.java:run(152)) - JvmPauseMonitor-s2: Stopped
2023-11-07 01:40:13,069 [JvmPauseMonitor4] INFO  util.JvmPauseMonitor (JvmPauseMonitor.java:run(152)) - JvmPauseMonitor-s1: Stopped
2023-11-07 01:40:13,070 [Time-limited test] INFO  impl.MiniRaftCluster (MiniRaftCluster.java:shutdown(855)) - MiniRaftClusterWithGrpc shutdown completed
2023-11-07 01:40:13,070 [Time-limited test] INFO  impl.MiniRaftCluster (MiniRaftCluster.java:shutdown(831)) - ************************************************************** 
2023-11-07 01:40:13,071 [Time-limited test] INFO  impl.MiniRaftCluster (MiniRaftCluster.java:shutdown(832)) - *** 
2023-11-07 01:40:13,071 [Time-limited test] INFO  impl.MiniRaftCluster (MiniRaftCluster.java:shutdown(833)) - ***     Stopping MiniRaftClusterWithGrpc
2023-11-07 01:40:13,071 [Time-limited test] INFO  impl.MiniRaftCluster (MiniRaftCluster.java:shutdown(834)) - *** 
2023-11-07 01:40:13,071 [Time-limited test] INFO  impl.MiniRaftCluster (MiniRaftCluster.java:shutdown(835)) - ************************************************************** 
2023-11-07 01:40:13,071 [Time-limited test] INFO  impl.MiniRaftCluster (MiniRaftCluster.java:shutdown(836)) - printing ALL groups
  s0:   CLOSED    LEADER s0@group-932FD4798A9C:t1, leader=s0, voted=s0, raftlog=Memoized:s0@group-932FD4798A9C-SegmentedRaftLog:CLOSED:c262, conf=261: peers:[s0|localhost:38001, s1|0.0.0.0:35499, s2|0.0.0.0:40977]|listeners:[], old=null CLOSED
  s1:   CLOSED  FOLLOWER s1@group-932FD4798A9C:t1, leader=s0, voted=null, raftlog=Memoized:s1@group-932FD4798A9C-SegmentedRaftLog:CLOSED:c261, conf=261: peers:[s0|localhost:38001, s1|0.0.0.0:35499, s2|0.0.0.0:40977]|listeners:[], old=null CLOSED
  s2:   CLOSED  FOLLOWER s2@group-932FD4798A9C:t1, leader=s0, voted=null, raftlog=Memoized:s2@group-932FD4798A9C-SegmentedRaftLog:CLOSED:c259, conf=261: peers:[s0|localhost:38001, s1|0.0.0.0:35499, s2|0.0.0.0:40977]|listeners:[], old=null CLOSED
2023-11-07 01:40:13,078 [Time-limited test] INFO  impl.MiniRaftCluster (MiniRaftCluster.java:shutdown(855)) - MiniRaftClusterWithGrpc shutdown completed
]]></system-out>
  </testcase>
  <testcase name="testMultiFileInstallSnapshot[1]" classname="org.apache.ratis.grpc.TestLeaderInstallSnapshot" time="2.315">
    <system-out><![CDATA[2023-11-07 01:40:13,079 [main] INFO  util.LogUtils (Slf4jUtils.java:setLogLevel(38)) - Successfully set org.apache.ratis.conf.ConfUtils log level to WARN
2023-11-07 01:40:13,079 [main] INFO  util.LogUtils (Slf4jUtils.java:setLogLevel(38)) - Successfully set org.apache.ratis.util.FileUtils log level to TRACE
2023-11-07 01:40:13,080 [Time-limited test] INFO  impl.MiniRaftCluster (MiniRaftCluster.java:runWithNewCluster(135)) - Running runWithNewCluster
2023-11-07 01:40:13,081 [Time-limited test] INFO  impl.MiniRaftCluster (MiniRaftCluster.java:<init>(306)) - new MiniRaftClusterWithGrpc with group-9374E8E70514:[s0|localhost:43101]
2023-11-07 01:40:13,081 [Time-limited test] INFO  impl.MiniRaftCluster (MiniRaftCluster.java:start(339)) - .............................................................. 
2023-11-07 01:40:13,081 [Time-limited test] INFO  impl.MiniRaftCluster (MiniRaftCluster.java:start(340)) - ... 
2023-11-07 01:40:13,081 [Time-limited test] INFO  impl.MiniRaftCluster (MiniRaftCluster.java:start(341)) - ...     Starting MiniRaftClusterWithGrpc
2023-11-07 01:40:13,081 [Time-limited test] INFO  impl.MiniRaftCluster (MiniRaftCluster.java:start(342)) - ... 
2023-11-07 01:40:13,081 [Time-limited test] INFO  impl.MiniRaftCluster (MiniRaftCluster.java:start(343)) - .............................................................. 
2023-11-07 01:40:13,081 [Time-limited test] INFO  impl.MiniRaftCluster (MiniRaftCluster.java:initServers(318)) - servers = {}
2023-11-07 01:40:13,081 [Time-limited test] INFO  impl.MiniRaftCluster (MiniRaftCluster.java:newRaftServer(382)) - newRaftServer: s0, group-9374E8E70514:[s0|localhost:43101], format? true
2023-11-07 01:40:13,081 [Time-limited test] TRACE util.FileUtils (FileUtils.java:deleteFully(305)) - deleteFully target/test/data/1674ca6a/MiniRaftClusterWithGrpccd30c539/s0
2023-11-07 01:40:13,081 [Time-limited test] TRACE util.FileUtils (FileUtils.java:deleteFully(318)) - deleteFully: target/test/data/1674ca6a/MiniRaftClusterWithGrpccd30c539/s0 does not exist.
2023-11-07 01:40:13,081 [Time-limited test] INFO  impl.MiniRaftCluster (MiniRaftCluster.java:newRaftServer(387)) - Formatted directory target/test/data/1674ca6a/MiniRaftClusterWithGrpccd30c539/s0
2023-11-07 01:40:13,082 [Time-limited test] INFO  server.RaftServer (ConfUtils.java:logGet(46)) - raft.rpc.type = GRPC (default)
2023-11-07 01:40:13,082 [Time-limited test] INFO  grpc.GrpcConfigKeys (ConfUtils.java:logFallback(53)) - raft.grpc.admin.host = null (fallback to raft.grpc.server.host)
2023-11-07 01:40:13,082 [Time-limited test] INFO  grpc.GrpcConfigKeys (ConfUtils.java:logGet(46)) - raft.grpc.admin.port = 46667 (custom)
2023-11-07 01:40:13,082 [Time-limited test] INFO  grpc.GrpcConfigKeys (ConfUtils.java:logFallback(53)) - raft.grpc.client.host = null (fallback to raft.grpc.server.host)
2023-11-07 01:40:13,082 [Time-limited test] INFO  grpc.GrpcConfigKeys (ConfUtils.java:logGet(46)) - raft.grpc.client.port = 34339 (custom)
2023-11-07 01:40:13,082 [Time-limited test] INFO  grpc.GrpcConfigKeys (ConfUtils.java:logGet(46)) - raft.grpc.server.host = null (default)
2023-11-07 01:40:13,082 [Time-limited test] INFO  grpc.GrpcConfigKeys (ConfUtils.java:logGet(46)) - raft.grpc.server.port = 43101 (custom)
2023-11-07 01:40:13,082 [Time-limited test] INFO  server.GrpcService (ConfUtils.java:logGet(46)) - raft.grpc.message.size.max = 64MB (=67108864) (default)
2023-11-07 01:40:13,082 [Time-limited test] INFO  server.RaftServerConfigKeys (ConfUtils.java:logGet(46)) - raft.server.log.appender.buffer.byte-limit = 4MB (=4194304) (default)
2023-11-07 01:40:13,082 [Time-limited test] INFO  server.GrpcService (ConfUtils.java:logGet(46)) - raft.grpc.flow.control.window = 1MB (=1048576) (default)
2023-11-07 01:40:13,083 [Time-limited test] INFO  server.RaftServerConfigKeys (ConfUtils.java:logGet(46)) - raft.server.rpc.request.timeout = 3000ms (default)
2023-11-07 01:40:13,083 [Time-limited test] INFO  grpc.GrpcConfigKeys (ConfUtils.java:logGet(46)) - raft.grpc.server.heartbeat.channel = true (default)
2023-11-07 01:40:13,083 [Time-limited test] INFO  grpc.GrpcConfigKeys (ConfUtils.java:logGet(46)) - raft.grpc.server.async.request.thread.pool.cached = true (default)
2023-11-07 01:40:13,083 [Time-limited test] INFO  grpc.GrpcConfigKeys (ConfUtils.java:logGet(46)) - raft.grpc.server.async.request.thread.pool.size = 32 (default)
2023-11-07 01:40:13,084 [Time-limited test] INFO  impl.DataStreamServerImpl (ConfUtils.java:logGet(46)) - raft.datastream.type = DISABLED (default)
2023-11-07 01:40:13,084 [Time-limited test] INFO  server.RaftServerConfigKeys (ConfUtils.java:logGet(46)) - raft.server.sleep.deviation.threshold = 300ms (default)
2023-11-07 01:40:13,085 [Time-limited test] INFO  server.RaftServerConfigKeys (ConfUtils.java:logGet(46)) - raft.server.close.threshold = 60s (default)
2023-11-07 01:40:13,085 [Time-limited test] INFO  server.RaftServerConfigKeys (ConfUtils.java:logGet(46)) - raft.server.leaderelection.leader.step-down.wait-time = 10s (default)
2023-11-07 01:40:13,085 [Time-limited test] INFO  server.RaftServerConfigKeys (ConfUtils.java:logGet(46)) - raft.server.storage.dir = [/home/runner/work/ratis/ratis/ratis-test/target/test/data/1674ca6a/MiniRaftClusterWithGrpccd30c539/s0] (custom)
2023-11-07 01:40:13,085 [Time-limited test] INFO  server.RaftServerConfigKeys (ConfUtils.java:logGet(46)) - raft.server.threadpool.proxy.cached = true (default)
2023-11-07 01:40:13,085 [Time-limited test] INFO  server.RaftServerConfigKeys (ConfUtils.java:logGet(46)) - raft.server.threadpool.proxy.size = 0 (default)
2023-11-07 01:40:13,086 [Time-limited test] INFO  server.RaftServer (RaftServerProxy.java:addNew(100)) - s0: addNew group-9374E8E70514:[s0|localhost:43101] returns group-9374E8E70514:java.util.concurrent.CompletableFuture@5d00b257[Not completed]
2023-11-07 01:40:13,086 [s0-groupManagement] INFO  server.RaftServerConfigKeys (ConfUtils.java:logGet(46)) - raft.server.log.segment.size.max = 32MB (=33554432) (default)
2023-11-07 01:40:13,086 [s0-groupManagement] INFO  server.RaftServerConfigKeys (ConfUtils.java:logGet(46)) - raft.server.log.preallocated.size = 4MB (=4194304) (default)
2023-11-07 01:40:13,086 [s0-groupManagement] INFO  server.RaftServerConfigKeys (ConfUtils.java:logGet(46)) - raft.server.log.write.buffer.size = 64KB (=65536) (default)
2023-11-07 01:40:13,086 [s0-groupManagement] INFO  server.RaftServer$Division (RaftServerImpl.java:<init>(255)) - s0: new RaftServerImpl for group-9374E8E70514:[s0|localhost:43101] with StateMachineWithMultiNestedSnapshotFile:uninitialized
2023-11-07 01:40:13,087 [s0-groupManagement] INFO  server.RaftServerConfigKeys (ConfUtils.java:logGet(46)) - raft.server.rpc.timeout.min = 150ms (default)
2023-11-07 01:40:13,087 [s0-groupManagement] INFO  server.RaftServerConfigKeys (ConfUtils.java:logGet(46)) - raft.server.rpc.timeout.max = 300ms (default)
2023-11-07 01:40:13,087 [s0-groupManagement] INFO  server.RaftServerConfigKeys (ConfUtils.java:logGet(46)) - raft.server.rpc.sleep.time = 25ms (default)
2023-11-07 01:40:13,087 [s0-groupManagement] INFO  server.RaftServerConfigKeys (ConfUtils.java:logGet(46)) - raft.server.rpc.slowness.timeout = 60s (default)
2023-11-07 01:40:13,087 [s0-groupManagement] INFO  server.RaftServerConfigKeys (ConfUtils.java:logGet(46)) - raft.server.leaderelection.leader.step-down.wait-time = 10s (default)
2023-11-07 01:40:13,087 [s0-groupManagement] INFO  server.RaftServerConfigKeys (ConfUtils.java:logGet(46)) - raft.server.sleep.deviation.threshold = 300ms (default)
2023-11-07 01:40:13,087 [s0-groupManagement] INFO  server.RaftServer$Division (ServerState.java:<init>(113)) - s0@group-9374E8E70514: ConfigurationManager, init=-1: peers:[s0|localhost:43101]|listeners:[], old=null, confs=<EMPTY_MAP>
2023-11-07 01:40:13,087 [s0-groupManagement] INFO  server.RaftServerConfigKeys (ConfUtils.java:logGet(46)) - raft.server.notification.no-leader.timeout = 60s (default)
2023-11-07 01:40:13,087 [s0-groupManagement] INFO  server.RaftServerConfigKeys (ConfUtils.java:logGet(46)) - raft.server.read.timeout = 10s (default)
2023-11-07 01:40:13,087 [s0-groupManagement] INFO  server.RaftServerConfigKeys (ConfUtils.java:logGet(46)) - raft.server.retrycache.expirytime = 60s (default)
2023-11-07 01:40:13,087 [s0-groupManagement] INFO  server.RaftServerConfigKeys (ConfUtils.java:logGet(46)) - raft.server.retrycache.statistics.expirytime = 100ms (default)
2023-11-07 01:40:13,087 [s0-groupManagement] INFO  server.RaftServerConfigKeys (ConfUtils.java:logGet(46)) - raft.server.read.option = DEFAULT (default)
2023-11-07 01:40:13,087 [s0-groupManagement] INFO  server.RaftServerConfigKeys (ConfUtils.java:logGet(46)) - raft.server.read.read-after-write-consistent.write-index-cache.expiry-time = 60s (default)
2023-11-07 01:40:13,089 [s0-groupManagement] INFO  server.RaftServerConfigKeys (ConfUtils.java:logGet(46)) - raft.server.rpc.request.timeout = 3000ms (default)
2023-11-07 01:40:13,089 [s0-groupManagement] INFO  server.RaftServerConfigKeys (ConfUtils.java:logGet(46)) - raft.server.log.appender.install.snapshot.enabled = true (default)
2023-11-07 01:40:13,089 [s0-groupManagement] INFO  server.RaftServerConfigKeys (ConfUtils.java:logGet(46)) - raft.server.threadpool.server.cached = true (default)
2023-11-07 01:40:13,089 [s0-groupManagement] INFO  server.RaftServerConfigKeys (ConfUtils.java:logGet(46)) - raft.server.threadpool.server.size = 0 (default)
2023-11-07 01:40:13,089 [s0-groupManagement] INFO  server.RaftServerConfigKeys (ConfUtils.java:logGet(46)) - raft.server.threadpool.client.cached = true (default)
2023-11-07 01:40:13,089 [s0-groupManagement] INFO  server.RaftServerConfigKeys (ConfUtils.java:logGet(46)) - raft.server.threadpool.client.size = 0 (default)
2023-11-07 01:40:13,090 [s0-impl-thread1] INFO  server.RaftServerConfigKeys (ConfUtils.java:logGet(46)) - raft.server.storage.free-space.min = 0MB (=0) (default)
2023-11-07 01:40:13,090 [s0-impl-thread1] INFO  server.RaftServerConfigKeys (ConfUtils.java:logGet(46)) - raft.server.log.corruption.policy = EXCEPTION (default)
2023-11-07 01:40:13,090 [s0-impl-thread1] INFO  server.RaftServerConfigKeys (ConfUtils.java:logGet(46)) - raft.server.storage.dir = [/home/runner/work/ratis/ratis/ratis-test/target/test/data/1674ca6a/MiniRaftClusterWithGrpccd30c539/s0] (custom)
2023-11-07 01:40:13,091 [s0-impl-thread1] INFO  storage.RaftStorageDirectory (RaftStorageDirectoryImpl.java:analyzeStorage(138)) - The storage directory /home/runner/work/ratis/ratis/ratis-test/target/test/data/1674ca6a/MiniRaftClusterWithGrpccd30c539/s0/a03e6c99-360c-48ec-a7cd-9374e8e70514 does not exist. Creating ...
2023-11-07 01:40:13,094 [s0-impl-thread1] TRACE util.FileUtils (LogUtils.java:runAndLog(49)) - Successfully ran Files.createDirectories /home/runner/work/ratis/ratis/ratis-test/target/test/data/1674ca6a/MiniRaftClusterWithGrpccd30c539/s0/a03e6c99-360c-48ec-a7cd-9374e8e70514
2023-11-07 01:40:13,096 [s0-impl-thread1] INFO  storage.RaftStorageDirectory (RaftStorageDirectoryImpl.java:tryLock(232)) - Lock on /home/runner/work/ratis/ratis/ratis-test/target/test/data/1674ca6a/MiniRaftClusterWithGrpccd30c539/s0/a03e6c99-360c-48ec-a7cd-9374e8e70514/in_use.lock acquired by nodename 29351@fv-az1231-351
2023-11-07 01:40:13,096 [s0-impl-thread1] TRACE util.FileUtils (LogUtils.java:runAndLog(49)) - Successfully ran Files.createDirectories /home/runner/work/ratis/ratis/ratis-test/target/test/data/1674ca6a/MiniRaftClusterWithGrpccd30c539/s0/a03e6c99-360c-48ec-a7cd-9374e8e70514/current
2023-11-07 01:40:13,096 [s0-impl-thread1] TRACE util.FileUtils (LogUtils.java:runAndLog(49)) - Successfully ran Files.createDirectories /home/runner/work/ratis/ratis/ratis-test/target/test/data/1674ca6a/MiniRaftClusterWithGrpccd30c539/s0/a03e6c99-360c-48ec-a7cd-9374e8e70514/sm
2023-11-07 01:40:13,096 [s0-impl-thread1] TRACE util.FileUtils (LogUtils.java:supplyAndLog(69)) - Successfully supplied FileChannel.open /home/runner/work/ratis/ratis/ratis-test/target/test/data/1674ca6a/MiniRaftClusterWithGrpccd30c539/s0/a03e6c99-360c-48ec-a7cd-9374e8e70514/current/raft-meta.tmp with options [CREATE, WRITE]: sun.nio.ch.FileChannelImpl@287f8cb2
2023-11-07 01:40:13,098 [s0-impl-thread1] TRACE util.FileUtils (LogUtils.java:runAndLog(49)) - Successfully ran Atomic Files.move /home/runner/work/ratis/ratis/ratis-test/target/test/data/1674ca6a/MiniRaftClusterWithGrpccd30c539/s0/a03e6c99-360c-48ec-a7cd-9374e8e70514/current/raft-meta.tmp to /home/runner/work/ratis/ratis/ratis-test/target/test/data/1674ca6a/MiniRaftClusterWithGrpccd30c539/s0/a03e6c99-360c-48ec-a7cd-9374e8e70514/current/raft-meta with options [REPLACE_EXISTING]
2023-11-07 01:40:13,098 [s0-impl-thread1] INFO  storage.RaftStorage (RaftStorageImpl.java:format(97)) - Storage directory /home/runner/work/ratis/ratis/ratis-test/target/test/data/1674ca6a/MiniRaftClusterWithGrpccd30c539/s0/a03e6c99-360c-48ec-a7cd-9374e8e70514 has been successfully formatted.
2023-11-07 01:40:13,098 [s0-impl-thread1] INFO  impl.SimpleStateMachine4Testing (SimpleStateMachine4Testing.java:initialize(213)) - Initializing StateMachineWithMultiNestedSnapshotFile:uninitialized
2023-11-07 01:40:13,098 [s0-impl-thread1] INFO  impl.SimpleStateMachine4Testing (SimpleStateMachine4Testing.java:loadSnapshot(296)) - Loading snapshot null
2023-11-07 01:40:13,098 [s0-impl-thread1] INFO  server.RaftServerConfigKeys (ConfUtils.java:logGet(46)) - raft.server.log.use.memory = false (default)
2023-11-07 01:40:13,098 [s0-impl-thread1] INFO  server.RaftServerConfigKeys (ConfUtils.java:logGet(46)) - raft.server.log.purge.gap = 8 (custom)
2023-11-07 01:40:13,098 [s0-impl-thread1] INFO  server.RaftServerConfigKeys (ConfUtils.java:logGet(46)) - raft.server.log.appender.buffer.byte-limit = 4MB (=4194304) (default)
2023-11-07 01:40:13,099 [s0-impl-thread1] INFO  server.RaftServerConfigKeys (ConfUtils.java:logGet(46)) - raft.server.log.statemachine.data.read.timeout = 1000ms (default)
2023-11-07 01:40:13,099 [s0-impl-thread1] INFO  server.RaftServerConfigKeys (ConfUtils.java:logGet(46)) - raft.server.log.purge.preservation.log.num = 0 (default)
2023-11-07 01:40:13,103 [s0-impl-thread1] INFO  server.RaftServerConfigKeys (ConfUtils.java:logGet(46)) - raft.server.log.segment.size.max = 32MB (=33554432) (default)
2023-11-07 01:40:13,103 [s0-impl-thread1] INFO  server.RaftServerConfigKeys (ConfUtils.java:logGet(46)) - raft.server.log.segment.cache.num.max = 6 (default)
2023-11-07 01:40:13,103 [s0-impl-thread1] INFO  server.RaftServerConfigKeys (ConfUtils.java:logGet(46)) - raft.server.log.segment.cache.size.max = 200MB (=209715200) (default)
2023-11-07 01:40:13,104 [s0-impl-thread1] INFO  server.RaftServerConfigKeys (ConfUtils.java:logGet(46)) - raft.server.log.appender.buffer.byte-limit = 4MB (=4194304) (default)
2023-11-07 01:40:13,104 [s0-impl-thread1] INFO  util.AwaitToRun (AwaitToRun.java:start(81)) - Thread[s0@group-9374E8E70514-cacheEviction-AwaitToRun,5,main] started
2023-11-07 01:40:13,104 [s0-impl-thread1] INFO  segmented.SegmentedRaftLogWorker (SegmentedRaftLogWorker.java:<init>(184)) - new s0@group-9374E8E70514-SegmentedRaftLogWorker for RaftStorageImpl:Storage Directory /home/runner/work/ratis/ratis/ratis-test/target/test/data/1674ca6a/MiniRaftClusterWithGrpccd30c539/s0/a03e6c99-360c-48ec-a7cd-9374e8e70514
2023-11-07 01:40:13,104 [s0-impl-thread1] INFO  server.RaftServerConfigKeys (ConfUtils.java:logGet(46)) - raft.server.log.queue.byte-limit = 64MB (=67108864) (default)
2023-11-07 01:40:13,104 [s0-impl-thread1] INFO  server.RaftServerConfigKeys (ConfUtils.java:logGet(46)) - raft.server.log.queue.element-limit = 4096 (default)
2023-11-07 01:40:13,104 [s0-impl-thread1] INFO  server.RaftServerConfigKeys (ConfUtils.java:logGet(46)) - raft.server.log.segment.size.max = 32MB (=33554432) (default)
2023-11-07 01:40:13,104 [s0-impl-thread1] INFO  server.RaftServerConfigKeys (ConfUtils.java:logGet(46)) - raft.server.log.preallocated.size = 4MB (=4194304) (default)
2023-11-07 01:40:13,104 [s0-impl-thread1] INFO  server.RaftServerConfigKeys (ConfUtils.java:logGet(46)) - raft.server.log.force.sync.num = 128 (default)
2023-11-07 01:40:13,104 [s0-impl-thread1] INFO  server.RaftServerConfigKeys (ConfUtils.java:logGet(46)) - raft.server.log.statemachine.data.sync = true (default)
2023-11-07 01:40:13,104 [s0-impl-thread1] INFO  server.RaftServerConfigKeys (ConfUtils.java:logGet(46)) - raft.server.log.statemachine.data.sync.timeout = 10s (default)
2023-11-07 01:40:13,104 [s0-impl-thread1] INFO  server.RaftServerConfigKeys (ConfUtils.java:logGet(46)) - raft.server.log.statemachine.data.sync.timeout.retry = -1 (default)
2023-11-07 01:40:13,105 [s0-impl-thread1] INFO  server.RaftServerConfigKeys (ConfUtils.java:logGet(46)) - raft.server.log.write.buffer.size = 64KB (=65536) (default)
2023-11-07 01:40:13,105 [s0-impl-thread1] INFO  server.RaftServerConfigKeys (ConfUtils.java:logGet(46)) - raft.server.log.appender.buffer.byte-limit = 4MB (=4194304) (default)
2023-11-07 01:40:13,107 [s0-impl-thread1] INFO  server.RaftServerConfigKeys (ConfUtils.java:logGet(46)) - raft.server.log.unsafe-flush.enabled = false (default)
2023-11-07 01:40:13,107 [s0-impl-thread1] INFO  server.RaftServerConfigKeys (ConfUtils.java:logGet(46)) - raft.server.log.async-flush.enabled = false (default)
2023-11-07 01:40:13,107 [s0-impl-thread1] INFO  server.RaftServerConfigKeys (ConfUtils.java:logGet(46)) - raft.server.log.statemachine.data.caching.enabled = false (default)
2023-11-07 01:40:13,107 [s0-impl-thread1] INFO  segmented.SegmentedRaftLogWorker (SegmentedRaftLogWorker.java:lambda$new$0(135)) - s0@group-9374E8E70514-SegmentedRaftLogWorker: flushIndex: setUnconditionally 0 -> -1
2023-11-07 01:40:13,107 [s0-impl-thread1] INFO  segmented.SegmentedRaftLogWorker (SegmentedRaftLogWorker.java:lambda$new$0(135)) - s0@group-9374E8E70514-SegmentedRaftLogWorker: safeCacheEvictIndex: setUnconditionally 0 -> -1
2023-11-07 01:40:13,112 [s0-impl-thread1] INFO  server.RaftServer$Division (RaftServerImpl.java:start(390)) - s0@group-9374E8E70514: start as a follower, conf=-1: peers:[s0|localhost:43101]|listeners:[], old=null
2023-11-07 01:40:13,112 [s0-impl-thread1] INFO  server.RaftServer$Division (RaftServerImpl.java:setRole(377)) - s0@group-9374E8E70514: changes role from      null to FOLLOWER at term 0 for startAsFollower
2023-11-07 01:40:13,112 [s0-impl-thread1] INFO  impl.RoleInfo (RoleInfo.java:updateAndGet(139)) - s0: start s0@group-9374E8E70514-FollowerState
2023-11-07 01:40:13,112 [s0@group-9374E8E70514-FollowerState] INFO  server.RaftServerConfigKeys (ConfUtils.java:logFallback(53)) - raft.server.rpc.first-election.timeout.min = 150ms (fallback to raft.server.rpc.timeout.min)
2023-11-07 01:40:13,112 [s0@group-9374E8E70514-FollowerState] INFO  server.RaftServerConfigKeys (ConfUtils.java:logFallback(53)) - raft.server.rpc.first-election.timeout.max = 300ms (fallback to raft.server.rpc.timeout.max)
2023-11-07 01:40:13,112 [s0-impl-thread1] INFO  util.JmxRegister (JmxRegister.java:tryRegister(44)) - Successfully registered JMX Bean with object name Ratis:service=RaftServer,group=group-9374E8E70514,id=s0
2023-11-07 01:40:13,114 [s0-impl-thread1] INFO  server.RaftServerConfigKeys (ConfUtils.java:logGet(46)) - raft.server.snapshot.trigger-when-stop.enabled = true (default)
2023-11-07 01:40:13,114 [s0-impl-thread1] INFO  server.RaftServerConfigKeys (ConfUtils.java:logGet(46)) - raft.server.snapshot.auto.trigger.enabled = true (custom)
2023-11-07 01:40:13,115 [s0-impl-thread1] INFO  server.RaftServerConfigKeys (ConfUtils.java:logGet(46)) - raft.server.snapshot.auto.trigger.threshold = 64 (custom)
2023-11-07 01:40:13,115 [s0-impl-thread1] INFO  server.RaftServerConfigKeys (ConfUtils.java:logGet(46)) - raft.server.snapshot.retention.file.num = -1 (default)
2023-11-07 01:40:13,115 [s0-impl-thread1] INFO  server.RaftServerConfigKeys (ConfUtils.java:logGet(46)) - raft.server.log.purge.upto.snapshot.index = false (default)
2023-11-07 01:40:13,115 [Time-limited test] INFO  server.RaftServer (RaftServerProxy.java:startImpl(406)) - s0: start RPC server
2023-11-07 01:40:13,116 [Time-limited test] INFO  server.GrpcService (GrpcService.java:startImpl(302)) - s0: GrpcService started, listening on 34339
2023-11-07 01:40:13,117 [Time-limited test] INFO  server.GrpcService (GrpcService.java:startImpl(302)) - s0: GrpcService started, listening on 43101
2023-11-07 01:40:13,118 [Time-limited test] INFO  server.GrpcService (GrpcService.java:startImpl(302)) - s0: GrpcService started, listening on 46667
2023-11-07 01:40:13,119 [JvmPauseMonitor6] INFO  util.JvmPauseMonitor (JvmPauseMonitor.java:run(146)) - JvmPauseMonitor-s0: Started
2023-11-07 01:40:13,120 [Time-limited test] INFO  server.RaftServerConfigKeys (ConfUtils.java:logGet(46)) - raft.server.rpc.timeout.max = 300ms (default)
2023-11-07 01:40:13,120 [Time-limited test] INFO  ratis.RaftTestUtil (RaftTestUtil.java:waitForLeader(100)) - printing ALL groups
  s0:  RUNNING  FOLLOWER s0@group-9374E8E70514:t0, leader=null, voted=, raftlog=Memoized:s0@group-9374E8E70514-SegmentedRaftLog:OPENED:c-1, conf=-1: peers:[s0|localhost:43101]|listeners:[], old=null RUNNING
2023-11-07 01:40:13,120 [Time-limited test] WARN  ratis.RaftTestUtil (JavaUtils.java:attempt(223)) - FAILED "waitForLeader-null-(expectLeader? true)", attempt #1/100: java.lang.IllegalStateException: No leader yet : printing ALL groups
  s0:  RUNNING  FOLLOWER s0@group-9374E8E70514:t0, leader=null, voted=, raftlog=Memoized:s0@group-9374E8E70514-SegmentedRaftLog:OPENED:c-1, conf=-1: peers:[s0|localhost:43101]|listeners:[], old=null RUNNING, sleep 450ms and then retry.
java.lang.IllegalStateException: No leader yet : printing ALL groups
  s0:  RUNNING  FOLLOWER s0@group-9374E8E70514:t0, leader=null, voted=, raftlog=Memoized:s0@group-9374E8E70514-SegmentedRaftLog:OPENED:c-1, conf=-1: peers:[s0|localhost:43101]|listeners:[], old=null RUNNING
	at org.apache.ratis.server.impl.MiniRaftCluster.newIllegalStateExceptionForNoLeaders(MiniRaftCluster.java:581)
	at org.apache.ratis.RaftTestUtil.lambda$waitForLeader$1(RaftTestUtil.java:104)
	at org.apache.ratis.server.impl.MiniRaftCluster.getLeader(MiniRaftCluster.java:615)
	at org.apache.ratis.server.impl.MiniRaftCluster.getLeader(MiniRaftCluster.java:608)
	at org.apache.ratis.RaftTestUtil.lambda$waitForLeader$3(RaftTestUtil.java:112)
	at org.apache.ratis.util.JavaUtils.attempt(JavaUtils.java:217)
	at org.apache.ratis.util.JavaUtils.attemptRepeatedly(JavaUtils.java:203)
	at org.apache.ratis.RaftTestUtil.waitForLeader(RaftTestUtil.java:111)
	at org.apache.ratis.RaftTestUtil.waitForLeader(RaftTestUtil.java:92)
	at org.apache.ratis.RaftTestUtil.waitForLeader(RaftTestUtil.java:87)
	at org.apache.ratis.InstallSnapshotFromLeaderTests.testMultiFileInstallSnapshot(InstallSnapshotFromLeaderTests.java:95)
	at org.apache.ratis.server.impl.MiniRaftCluster$Factory$Get.runWithNewCluster(MiniRaftCluster.java:141)
	at org.apache.ratis.server.impl.MiniRaftCluster$Factory$Get.runWithNewCluster(MiniRaftCluster.java:121)
	at org.apache.ratis.InstallSnapshotFromLeaderTests.testMultiFileInstallSnapshot(InstallSnapshotFromLeaderTests.java:82)
	at java.base/jdk.internal.reflect.NativeMethodAccessorImpl.invoke0(Native Method)
	at java.base/jdk.internal.reflect.NativeMethodAccessorImpl.invoke(NativeMethodAccessorImpl.java:62)
	at java.base/jdk.internal.reflect.DelegatingMethodAccessorImpl.invoke(DelegatingMethodAccessorImpl.java:43)
	at java.base/java.lang.reflect.Method.invoke(Method.java:566)
	at org.junit.runners.model.FrameworkMethod$1.runReflectiveCall(FrameworkMethod.java:59)
	at org.junit.internal.runners.model.ReflectiveCallable.run(ReflectiveCallable.java:12)
	at org.junit.runners.model.FrameworkMethod.invokeExplosively(FrameworkMethod.java:56)
	at org.junit.internal.runners.statements.InvokeMethod.evaluate(InvokeMethod.java:17)
	at org.junit.internal.runners.statements.RunAfters.evaluate(RunAfters.java:27)
	at org.junit.internal.runners.statements.FailOnTimeout$CallableStatement.call(FailOnTimeout.java:299)
	at org.junit.internal.runners.statements.FailOnTimeout$CallableStatement.call(FailOnTimeout.java:293)
	at java.base/java.util.concurrent.FutureTask.run(FutureTask.java:264)
	at java.base/java.lang.Thread.run(Thread.java:829)
2023-11-07 01:40:13,398 [s0@group-9374E8E70514-FollowerState] INFO  impl.FollowerState (FollowerState.java:run(143)) - s0@group-9374E8E70514-FollowerState: change to CANDIDATE, lastRpcElapsedTime:285714271ns, electionTimeout:285ms
2023-11-07 01:40:13,398 [s0@group-9374E8E70514-FollowerState] INFO  impl.RoleInfo (RoleInfo.java:shutdownFollowerState(110)) - s0: shutdown s0@group-9374E8E70514-FollowerState
2023-11-07 01:40:13,398 [s0@group-9374E8E70514-FollowerState] INFO  server.RaftServer$Division (RaftServerImpl.java:setRole(377)) - s0@group-9374E8E70514: changes role from  FOLLOWER to CANDIDATE at term 0 for changeToCandidate
2023-11-07 01:40:13,398 [s0@group-9374E8E70514-FollowerState] INFO  server.RaftServerConfigKeys (ConfUtils.java:logGet(46)) - raft.server.leaderelection.pre-vote = true (default)
2023-11-07 01:40:13,398 [s0@group-9374E8E70514-FollowerState] INFO  impl.RoleInfo (RoleInfo.java:updateAndGet(139)) - s0: start s0@group-9374E8E70514-LeaderElection3
2023-11-07 01:40:13,402 [s0@group-9374E8E70514-LeaderElection3] INFO  impl.LeaderElection (LeaderElection.java:askForVotes(323)) - s0@group-9374E8E70514-LeaderElection3 PRE_VOTE round 0: submit vote requests at term 0 for -1: peers:[s0|localhost:43101]|listeners:[], old=null
2023-11-07 01:40:13,402 [s0@group-9374E8E70514-LeaderElection3] INFO  impl.LeaderElection (LeaderElection.java:askForVotes(325)) - s0@group-9374E8E70514-LeaderElection3 PRE_VOTE round 0: result PASSED (term=0)
2023-11-07 01:40:13,403 [s0@group-9374E8E70514-LeaderElection3] TRACE util.FileUtils (LogUtils.java:supplyAndLog(69)) - Successfully supplied FileChannel.open /home/runner/work/ratis/ratis/ratis-test/target/test/data/1674ca6a/MiniRaftClusterWithGrpccd30c539/s0/a03e6c99-360c-48ec-a7cd-9374e8e70514/current/raft-meta.tmp with options [CREATE, WRITE]: sun.nio.ch.FileChannelImpl@5b98272
2023-11-07 01:40:13,404 [s0@group-9374E8E70514-LeaderElection3] TRACE util.FileUtils (LogUtils.java:runAndLog(49)) - Successfully ran Atomic Files.move /home/runner/work/ratis/ratis/ratis-test/target/test/data/1674ca6a/MiniRaftClusterWithGrpccd30c539/s0/a03e6c99-360c-48ec-a7cd-9374e8e70514/current/raft-meta.tmp to /home/runner/work/ratis/ratis/ratis-test/target/test/data/1674ca6a/MiniRaftClusterWithGrpccd30c539/s0/a03e6c99-360c-48ec-a7cd-9374e8e70514/current/raft-meta with options [REPLACE_EXISTING]
2023-11-07 01:40:13,404 [s0@group-9374E8E70514-LeaderElection3] INFO  impl.LeaderElection (LeaderElection.java:askForVotes(323)) - s0@group-9374E8E70514-LeaderElection3 ELECTION round 0: submit vote requests at term 1 for -1: peers:[s0|localhost:43101]|listeners:[], old=null
2023-11-07 01:40:13,404 [s0@group-9374E8E70514-LeaderElection3] INFO  impl.LeaderElection (LeaderElection.java:askForVotes(325)) - s0@group-9374E8E70514-LeaderElection3 ELECTION round 0: result PASSED (term=1)
2023-11-07 01:40:13,405 [s0@group-9374E8E70514-LeaderElection3] INFO  impl.RoleInfo (RoleInfo.java:shutdownLeaderElection(130)) - s0: shutdown s0@group-9374E8E70514-LeaderElection3
2023-11-07 01:40:13,405 [s0@group-9374E8E70514-LeaderElection3] INFO  server.RaftServer$Division (RaftServerImpl.java:setRole(377)) - s0@group-9374E8E70514: changes role from CANDIDATE to LEADER at term 1 for changeToLeader
2023-11-07 01:40:13,405 [s0@group-9374E8E70514-LeaderElection3] INFO  server.RaftServerConfigKeys (ConfUtils.java:logGet(46)) - raft.server.staging.catchup.gap = 1000 (default)
2023-11-07 01:40:13,405 [s0@group-9374E8E70514-LeaderElection3] INFO  server.RaftServerConfigKeys (ConfUtils.java:logGet(46)) - raft.server.write.element-limit = 4096 (default)
2023-11-07 01:40:13,405 [s0@group-9374E8E70514-LeaderElection3] INFO  server.RaftServerConfigKeys (ConfUtils.java:logGet(46)) - raft.server.write.byte-limit = 64MB (=67108864) (default)
2023-11-07 01:40:13,405 [s0@group-9374E8E70514-LeaderElection3] INFO  server.RaftServerConfigKeys (ConfUtils.java:logGet(46)) - raft.server.watch.timeout = 10s (default)
2023-11-07 01:40:13,405 [s0@group-9374E8E70514-LeaderElection3] INFO  server.RaftServerConfigKeys (ConfUtils.java:logGet(46)) - raft.server.watch.timeout.denomination = 1s (default)
2023-11-07 01:40:13,405 [s0@group-9374E8E70514-LeaderElection3] INFO  server.RaftServerConfigKeys (ConfUtils.java:logGet(46)) - raft.server.watch.element-limit = 65536 (default)
2023-11-07 01:40:13,405 [s0@group-9374E8E70514-LeaderElection3] INFO  server.RaftServerConfigKeys (ConfUtils.java:logGet(46)) - raft.server.read.leader.lease.enabled = false (default)
2023-11-07 01:40:13,405 [s0@group-9374E8E70514-LeaderElection3] INFO  server.RaftServerConfigKeys (ConfUtils.java:logGet(46)) - raft.server.read.leader.lease.timeout.ratio = 0.9 (default)
2023-11-07 01:40:13,405 [s0@group-9374E8E70514-LeaderElection3] INFO  server.RaftServerConfigKeys (ConfUtils.java:logGet(46)) - raft.server.rpc.timeout.min = 150ms (default)
2023-11-07 01:40:13,406 [s0@group-9374E8E70514-LeaderElection3] INFO  server.RaftServerConfigKeys (ConfUtils.java:logGet(46)) - raft.server.write.element-limit = 4096 (default)
2023-11-07 01:40:13,406 [s0@group-9374E8E70514-LeaderElection3] INFO  server.RaftServerConfigKeys (ConfUtils.java:logGet(46)) - raft.server.write.follower.gap.ratio.max = -1.0 (default)
2023-11-07 01:40:13,406 [s0@group-9374E8E70514-LeaderElection3] INFO  impl.RoleInfo (RoleInfo.java:updateAndGet(139)) - s0: start s0@group-9374E8E70514-LeaderStateImpl
2023-11-07 01:40:13,406 [s0@group-9374E8E70514-LeaderElection3] INFO  server.RaftServer$Division (RaftServerImpl.java:setFirstElection(562)) - s0@group-9374E8E70514: set firstElectionSinceStartup to false for becomeLeader
2023-11-07 01:40:13,406 [s0@group-9374E8E70514-LeaderElection3] INFO  server.RaftServer$Division (ServerState.java:setLeader(265)) - s0@group-9374E8E70514: change Leader from null to s0 at term 1 for becomeLeader, leader elected after 318ms
2023-11-07 01:40:13,406 [s0@group-9374E8E70514-LeaderElection3] INFO  segmented.SegmentedRaftLogWorker (SegmentedRaftLogWorker.java:startLogSegment(428)) - s0@group-9374E8E70514-SegmentedRaftLogWorker: Starting segment from index:0
2023-11-07 01:40:13,408 [s0@group-9374E8E70514-LeaderElection3] INFO  server.RaftServer$Division (ServerState.java:setRaftConf(382)) - s0@group-9374E8E70514: set configuration 0: peers:[s0|localhost:43101]|listeners:[], old=null
2023-11-07 01:40:13,419 [s0@group-9374E8E70514-SegmentedRaftLogWorker] INFO  segmented.SegmentedRaftLogWorker (SegmentedRaftLogWorker.java:execute(632)) - s0@group-9374E8E70514-SegmentedRaftLogWorker: created new log segment /home/runner/work/ratis/ratis/ratis-test/target/test/data/1674ca6a/MiniRaftClusterWithGrpccd30c539/s0/a03e6c99-360c-48ec-a7cd-9374e8e70514/current/log_inprogress_0
2023-11-07 01:40:13,421 [s0@group-9374E8E70514-StateMachineUpdater] INFO  server.RaftServer$Division (LeaderStateImpl.java:isApplied(316)) - leader is ready since appliedIndex == 0 >= startIndex == 0
2023-11-07 01:40:13,571 [Time-limited test] INFO  ratis.RaftTestUtil (RaftTestUtil.java:waitForLeader(119)) - printing ALL groups
  s0:  RUNNING    LEADER s0@group-9374E8E70514:t1, leader=s0, voted=s0, raftlog=Memoized:s0@group-9374E8E70514-SegmentedRaftLog:OPENED:c0, conf=0: peers:[s0|localhost:43101]|listeners:[], old=null RUNNING
2023-11-07 01:40:13,582 [s0@group-9374E8E70514-StateMachineUpdater] INFO  impl.SimpleStateMachine4Testing (SimpleStateMachine4Testing.java:applyTransaction(248)) - applyTransaction for log index 1
2023-11-07 01:40:13,582 [s0@group-9374E8E70514-StateMachineUpdater] INFO  impl.SimpleStateMachine4Testing (SimpleStateMachine4Testing.java:put(205)) - s0: put 1, m0 -> (t:1, i:1), STATEMACHINELOGENTRY, 261@client-3518E60E60AE
2023-11-07 01:40:13,590 [s0@group-9374E8E70514-StateMachineUpdater] INFO  impl.SimpleStateMachine4Testing (SimpleStateMachine4Testing.java:applyTransaction(248)) - applyTransaction for log index 3
2023-11-07 01:40:13,590 [s0@group-9374E8E70514-StateMachineUpdater] INFO  impl.SimpleStateMachine4Testing (SimpleStateMachine4Testing.java:put(205)) - s0: put 3, m1 -> (t:1, i:3), STATEMACHINELOGENTRY, 262@client-3518E60E60AE
2023-11-07 01:40:13,599 [s0@group-9374E8E70514-StateMachineUpdater] INFO  impl.SimpleStateMachine4Testing (SimpleStateMachine4Testing.java:applyTransaction(248)) - applyTransaction for log index 5
2023-11-07 01:40:13,599 [s0@group-9374E8E70514-StateMachineUpdater] INFO  impl.SimpleStateMachine4Testing (SimpleStateMachine4Testing.java:put(205)) - s0: put 5, m2 -> (t:1, i:5), STATEMACHINELOGENTRY, 263@client-3518E60E60AE
2023-11-07 01:40:13,603 [s0@group-9374E8E70514-StateMachineUpdater] INFO  impl.SimpleStateMachine4Testing (SimpleStateMachine4Testing.java:applyTransaction(248)) - applyTransaction for log index 7
2023-11-07 01:40:13,603 [s0@group-9374E8E70514-StateMachineUpdater] INFO  impl.SimpleStateMachine4Testing (SimpleStateMachine4Testing.java:put(205)) - s0: put 7, m3 -> (t:1, i:7), STATEMACHINELOGENTRY, 264@client-3518E60E60AE
2023-11-07 01:40:13,606 [s0@group-9374E8E70514-StateMachineUpdater] INFO  impl.SimpleStateMachine4Testing (SimpleStateMachine4Testing.java:applyTransaction(248)) - applyTransaction for log index 9
2023-11-07 01:40:13,607 [s0@group-9374E8E70514-StateMachineUpdater] INFO  impl.SimpleStateMachine4Testing (SimpleStateMachine4Testing.java:put(205)) - s0: put 9, m4 -> (t:1, i:9), STATEMACHINELOGENTRY, 265@client-3518E60E60AE
2023-11-07 01:40:13,611 [s0@group-9374E8E70514-StateMachineUpdater] INFO  impl.SimpleStateMachine4Testing (SimpleStateMachine4Testing.java:applyTransaction(248)) - applyTransaction for log index 11
2023-11-07 01:40:13,611 [s0@group-9374E8E70514-StateMachineUpdater] INFO  impl.SimpleStateMachine4Testing (SimpleStateMachine4Testing.java:put(205)) - s0: put 11, m5 -> (t:1, i:11), STATEMACHINELOGENTRY, 266@client-3518E60E60AE
2023-11-07 01:40:13,614 [s0@group-9374E8E70514-StateMachineUpdater] INFO  impl.SimpleStateMachine4Testing (SimpleStateMachine4Testing.java:applyTransaction(248)) - applyTransaction for log index 13
2023-11-07 01:40:13,614 [s0@group-9374E8E70514-StateMachineUpdater] INFO  impl.SimpleStateMachine4Testing (SimpleStateMachine4Testing.java:put(205)) - s0: put 13, m6 -> (t:1, i:13), STATEMACHINELOGENTRY, 267@client-3518E60E60AE
2023-11-07 01:40:13,618 [s0@group-9374E8E70514-StateMachineUpdater] INFO  impl.SimpleStateMachine4Testing (SimpleStateMachine4Testing.java:applyTransaction(248)) - applyTransaction for log index 15
2023-11-07 01:40:13,618 [s0@group-9374E8E70514-StateMachineUpdater] INFO  impl.SimpleStateMachine4Testing (SimpleStateMachine4Testing.java:put(205)) - s0: put 15, m7 -> (t:1, i:15), STATEMACHINELOGENTRY, 268@client-3518E60E60AE
2023-11-07 01:40:13,621 [s0@group-9374E8E70514-StateMachineUpdater] INFO  impl.SimpleStateMachine4Testing (SimpleStateMachine4Testing.java:applyTransaction(248)) - applyTransaction for log index 17
2023-11-07 01:40:13,621 [s0@group-9374E8E70514-StateMachineUpdater] INFO  impl.SimpleStateMachine4Testing (SimpleStateMachine4Testing.java:put(205)) - s0: put 17, m8 -> (t:1, i:17), STATEMACHINELOGENTRY, 269@client-3518E60E60AE
2023-11-07 01:40:13,623 [s0@group-9374E8E70514-StateMachineUpdater] INFO  impl.SimpleStateMachine4Testing (SimpleStateMachine4Testing.java:applyTransaction(248)) - applyTransaction for log index 19
2023-11-07 01:40:13,623 [s0@group-9374E8E70514-StateMachineUpdater] INFO  impl.SimpleStateMachine4Testing (SimpleStateMachine4Testing.java:put(205)) - s0: put 19, m9 -> (t:1, i:19), STATEMACHINELOGENTRY, 270@client-3518E60E60AE
2023-11-07 01:40:13,627 [s0@group-9374E8E70514-StateMachineUpdater] INFO  impl.SimpleStateMachine4Testing (SimpleStateMachine4Testing.java:applyTransaction(248)) - applyTransaction for log index 21
2023-11-07 01:40:13,627 [s0@group-9374E8E70514-StateMachineUpdater] INFO  impl.SimpleStateMachine4Testing (SimpleStateMachine4Testing.java:put(205)) - s0: put 21, m10 -> (t:1, i:21), STATEMACHINELOGENTRY, 271@client-3518E60E60AE
2023-11-07 01:40:13,630 [s0@group-9374E8E70514-StateMachineUpdater] INFO  impl.SimpleStateMachine4Testing (SimpleStateMachine4Testing.java:applyTransaction(248)) - applyTransaction for log index 23
2023-11-07 01:40:13,630 [s0@group-9374E8E70514-StateMachineUpdater] INFO  impl.SimpleStateMachine4Testing (SimpleStateMachine4Testing.java:put(205)) - s0: put 23, m11 -> (t:1, i:23), STATEMACHINELOGENTRY, 272@client-3518E60E60AE
2023-11-07 01:40:13,633 [s0@group-9374E8E70514-StateMachineUpdater] INFO  impl.SimpleStateMachine4Testing (SimpleStateMachine4Testing.java:applyTransaction(248)) - applyTransaction for log index 25
2023-11-07 01:40:13,633 [s0@group-9374E8E70514-StateMachineUpdater] INFO  impl.SimpleStateMachine4Testing (SimpleStateMachine4Testing.java:put(205)) - s0: put 25, m12 -> (t:1, i:25), STATEMACHINELOGENTRY, 273@client-3518E60E60AE
2023-11-07 01:40:13,636 [s0@group-9374E8E70514-StateMachineUpdater] INFO  impl.SimpleStateMachine4Testing (SimpleStateMachine4Testing.java:applyTransaction(248)) - applyTransaction for log index 27
2023-11-07 01:40:13,636 [s0@group-9374E8E70514-StateMachineUpdater] INFO  impl.SimpleStateMachine4Testing (SimpleStateMachine4Testing.java:put(205)) - s0: put 27, m13 -> (t:1, i:27), STATEMACHINELOGENTRY, 274@client-3518E60E60AE
2023-11-07 01:40:13,639 [s0@group-9374E8E70514-StateMachineUpdater] INFO  impl.SimpleStateMachine4Testing (SimpleStateMachine4Testing.java:applyTransaction(248)) - applyTransaction for log index 29
2023-11-07 01:40:13,639 [s0@group-9374E8E70514-StateMachineUpdater] INFO  impl.SimpleStateMachine4Testing (SimpleStateMachine4Testing.java:put(205)) - s0: put 29, m14 -> (t:1, i:29), STATEMACHINELOGENTRY, 275@client-3518E60E60AE
2023-11-07 01:40:13,645 [s0@group-9374E8E70514-StateMachineUpdater] INFO  impl.SimpleStateMachine4Testing (SimpleStateMachine4Testing.java:applyTransaction(248)) - applyTransaction for log index 31
2023-11-07 01:40:13,645 [s0@group-9374E8E70514-StateMachineUpdater] INFO  impl.SimpleStateMachine4Testing (SimpleStateMachine4Testing.java:put(205)) - s0: put 31, m15 -> (t:1, i:31), STATEMACHINELOGENTRY, 276@client-3518E60E60AE
2023-11-07 01:40:13,649 [s0@group-9374E8E70514-StateMachineUpdater] INFO  impl.SimpleStateMachine4Testing (SimpleStateMachine4Testing.java:applyTransaction(248)) - applyTransaction for log index 33
2023-11-07 01:40:13,649 [s0@group-9374E8E70514-StateMachineUpdater] INFO  impl.SimpleStateMachine4Testing (SimpleStateMachine4Testing.java:put(205)) - s0: put 33, m16 -> (t:1, i:33), STATEMACHINELOGENTRY, 277@client-3518E60E60AE
2023-11-07 01:40:13,652 [s0@group-9374E8E70514-StateMachineUpdater] INFO  impl.SimpleStateMachine4Testing (SimpleStateMachine4Testing.java:applyTransaction(248)) - applyTransaction for log index 35
2023-11-07 01:40:13,652 [s0@group-9374E8E70514-StateMachineUpdater] INFO  impl.SimpleStateMachine4Testing (SimpleStateMachine4Testing.java:put(205)) - s0: put 35, m17 -> (t:1, i:35), STATEMACHINELOGENTRY, 278@client-3518E60E60AE
2023-11-07 01:40:13,666 [s0@group-9374E8E70514-StateMachineUpdater] INFO  impl.SimpleStateMachine4Testing (SimpleStateMachine4Testing.java:applyTransaction(248)) - applyTransaction for log index 37
2023-11-07 01:40:13,666 [s0@group-9374E8E70514-StateMachineUpdater] INFO  impl.SimpleStateMachine4Testing (SimpleStateMachine4Testing.java:put(205)) - s0: put 37, m18 -> (t:1, i:37), STATEMACHINELOGENTRY, 279@client-3518E60E60AE
2023-11-07 01:40:13,670 [s0@group-9374E8E70514-StateMachineUpdater] INFO  impl.SimpleStateMachine4Testing (SimpleStateMachine4Testing.java:applyTransaction(248)) - applyTransaction for log index 39
2023-11-07 01:40:13,670 [s0@group-9374E8E70514-StateMachineUpdater] INFO  impl.SimpleStateMachine4Testing (SimpleStateMachine4Testing.java:put(205)) - s0: put 39, m19 -> (t:1, i:39), STATEMACHINELOGENTRY, 280@client-3518E60E60AE
2023-11-07 01:40:13,673 [s0@group-9374E8E70514-StateMachineUpdater] INFO  impl.SimpleStateMachine4Testing (SimpleStateMachine4Testing.java:applyTransaction(248)) - applyTransaction for log index 41
2023-11-07 01:40:13,673 [s0@group-9374E8E70514-StateMachineUpdater] INFO  impl.SimpleStateMachine4Testing (SimpleStateMachine4Testing.java:put(205)) - s0: put 41, m20 -> (t:1, i:41), STATEMACHINELOGENTRY, 281@client-3518E60E60AE
2023-11-07 01:40:13,678 [s0@group-9374E8E70514-StateMachineUpdater] INFO  impl.SimpleStateMachine4Testing (SimpleStateMachine4Testing.java:applyTransaction(248)) - applyTransaction for log index 43
2023-11-07 01:40:13,678 [s0@group-9374E8E70514-StateMachineUpdater] INFO  impl.SimpleStateMachine4Testing (SimpleStateMachine4Testing.java:put(205)) - s0: put 43, m21 -> (t:1, i:43), STATEMACHINELOGENTRY, 282@client-3518E60E60AE
2023-11-07 01:40:13,682 [s0@group-9374E8E70514-StateMachineUpdater] INFO  impl.SimpleStateMachine4Testing (SimpleStateMachine4Testing.java:applyTransaction(248)) - applyTransaction for log index 45
2023-11-07 01:40:13,683 [s0@group-9374E8E70514-StateMachineUpdater] INFO  impl.SimpleStateMachine4Testing (SimpleStateMachine4Testing.java:put(205)) - s0: put 45, m22 -> (t:1, i:45), STATEMACHINELOGENTRY, 283@client-3518E60E60AE
2023-11-07 01:40:13,686 [s0@group-9374E8E70514-StateMachineUpdater] INFO  impl.SimpleStateMachine4Testing (SimpleStateMachine4Testing.java:applyTransaction(248)) - applyTransaction for log index 47
2023-11-07 01:40:13,686 [s0@group-9374E8E70514-StateMachineUpdater] INFO  impl.SimpleStateMachine4Testing (SimpleStateMachine4Testing.java:put(205)) - s0: put 47, m23 -> (t:1, i:47), STATEMACHINELOGENTRY, 284@client-3518E60E60AE
2023-11-07 01:40:13,691 [s0@group-9374E8E70514-StateMachineUpdater] INFO  impl.SimpleStateMachine4Testing (SimpleStateMachine4Testing.java:applyTransaction(248)) - applyTransaction for log index 49
2023-11-07 01:40:13,691 [s0@group-9374E8E70514-StateMachineUpdater] INFO  impl.SimpleStateMachine4Testing (SimpleStateMachine4Testing.java:put(205)) - s0: put 49, m24 -> (t:1, i:49), STATEMACHINELOGENTRY, 285@client-3518E60E60AE
2023-11-07 01:40:13,694 [s0@group-9374E8E70514-StateMachineUpdater] INFO  impl.SimpleStateMachine4Testing (SimpleStateMachine4Testing.java:applyTransaction(248)) - applyTransaction for log index 51
2023-11-07 01:40:13,694 [s0@group-9374E8E70514-StateMachineUpdater] INFO  impl.SimpleStateMachine4Testing (SimpleStateMachine4Testing.java:put(205)) - s0: put 51, m25 -> (t:1, i:51), STATEMACHINELOGENTRY, 286@client-3518E60E60AE
2023-11-07 01:40:13,698 [s0@group-9374E8E70514-StateMachineUpdater] INFO  impl.SimpleStateMachine4Testing (SimpleStateMachine4Testing.java:applyTransaction(248)) - applyTransaction for log index 53
2023-11-07 01:40:13,698 [s0@group-9374E8E70514-StateMachineUpdater] INFO  impl.SimpleStateMachine4Testing (SimpleStateMachine4Testing.java:put(205)) - s0: put 53, m26 -> (t:1, i:53), STATEMACHINELOGENTRY, 287@client-3518E60E60AE
2023-11-07 01:40:13,700 [s0@group-9374E8E70514-StateMachineUpdater] INFO  impl.SimpleStateMachine4Testing (SimpleStateMachine4Testing.java:applyTransaction(248)) - applyTransaction for log index 55
2023-11-07 01:40:13,700 [s0@group-9374E8E70514-StateMachineUpdater] INFO  impl.SimpleStateMachine4Testing (SimpleStateMachine4Testing.java:put(205)) - s0: put 55, m27 -> (t:1, i:55), STATEMACHINELOGENTRY, 288@client-3518E60E60AE
2023-11-07 01:40:13,703 [s0@group-9374E8E70514-StateMachineUpdater] INFO  impl.SimpleStateMachine4Testing (SimpleStateMachine4Testing.java:applyTransaction(248)) - applyTransaction for log index 57
2023-11-07 01:40:13,703 [s0@group-9374E8E70514-StateMachineUpdater] INFO  impl.SimpleStateMachine4Testing (SimpleStateMachine4Testing.java:put(205)) - s0: put 57, m28 -> (t:1, i:57), STATEMACHINELOGENTRY, 289@client-3518E60E60AE
2023-11-07 01:40:13,706 [s0@group-9374E8E70514-StateMachineUpdater] INFO  impl.SimpleStateMachine4Testing (SimpleStateMachine4Testing.java:applyTransaction(248)) - applyTransaction for log index 59
2023-11-07 01:40:13,706 [s0@group-9374E8E70514-StateMachineUpdater] INFO  impl.SimpleStateMachine4Testing (SimpleStateMachine4Testing.java:put(205)) - s0: put 59, m29 -> (t:1, i:59), STATEMACHINELOGENTRY, 290@client-3518E60E60AE
2023-11-07 01:40:13,713 [s0@group-9374E8E70514-StateMachineUpdater] INFO  impl.SimpleStateMachine4Testing (SimpleStateMachine4Testing.java:applyTransaction(248)) - applyTransaction for log index 61
2023-11-07 01:40:13,713 [s0@group-9374E8E70514-StateMachineUpdater] INFO  impl.SimpleStateMachine4Testing (SimpleStateMachine4Testing.java:put(205)) - s0: put 61, m30 -> (t:1, i:61), STATEMACHINELOGENTRY, 291@client-3518E60E60AE
2023-11-07 01:40:13,716 [s0@group-9374E8E70514-StateMachineUpdater] INFO  impl.SimpleStateMachine4Testing (SimpleStateMachine4Testing.java:applyTransaction(248)) - applyTransaction for log index 63
2023-11-07 01:40:13,716 [s0@group-9374E8E70514-StateMachineUpdater] INFO  impl.SimpleStateMachine4Testing (SimpleStateMachine4Testing.java:put(205)) - s0: put 63, m31 -> (t:1, i:63), STATEMACHINELOGENTRY, 292@client-3518E60E60AE
2023-11-07 01:40:13,716 [s0@group-9374E8E70514-StateMachineUpdater] TRACE util.FileUtils (LogUtils.java:runAndLog(49)) - Successfully ran Files.createDirectories /home/runner/work/ratis/ratis/ratis-test/target/test/data/1674ca6a/MiniRaftClusterWithGrpccd30c539/s0/a03e6c99-360c-48ec-a7cd-9374e8e70514/sm/snapshot
2023-11-07 01:40:13,716 [s0@group-9374E8E70514-StateMachineUpdater] TRACE util.FileUtils (LogUtils.java:runAndLog(49)) - Successfully ran Files.createDirectories /home/runner/work/ratis/ratis/ratis-test/target/test/data/1674ca6a/MiniRaftClusterWithGrpccd30c539/s0/a03e6c99-360c-48ec-a7cd-9374e8e70514/sm/snapshot
2023-11-07 01:40:13,717 [s0@group-9374E8E70514-StateMachineUpdater] TRACE util.FileUtils (LogUtils.java:runAndLog(49)) - Successfully ran Files.createDirectories /home/runner/work/ratis/ratis/ratis-test/target/test/data/1674ca6a/MiniRaftClusterWithGrpccd30c539/s0/a03e6c99-360c-48ec-a7cd-9374e8e70514/sm/snapshot/sub
2023-11-07 01:40:13,717 [s0@group-9374E8E70514-StateMachineUpdater] TRACE util.FileUtils (LogUtils.java:supplyAndLog(69)) - Successfully supplied Files.newOutputStream /home/runner/work/ratis/ratis/ratis-test/target/test/data/1674ca6a/MiniRaftClusterWithGrpccd30c539/s0/a03e6c99-360c-48ec-a7cd-9374e8e70514/sm/snapshot/1.bin with options [CREATE_NEW]: java.nio.channels.Channels$1@f43de09
2023-11-07 01:40:13,717 [s0@group-9374E8E70514-StateMachineUpdater] TRACE util.FileUtils (LogUtils.java:supplyAndLog(69)) - Successfully supplied Files.newOutputStream /home/runner/work/ratis/ratis/ratis-test/target/test/data/1674ca6a/MiniRaftClusterWithGrpccd30c539/s0/a03e6c99-360c-48ec-a7cd-9374e8e70514/sm/snapshot/sub/2.bin with options [CREATE_NEW]: java.nio.channels.Channels$1@b7c5b39
2023-11-07 01:40:13,733 [s0@group-9374E8E70514-StateMachineUpdater] TRACE util.FileUtils (LogUtils.java:supplyAndLog(69)) - Successfully supplied FileChannel.open /home/runner/work/ratis/ratis/ratis-test/target/test/data/1674ca6a/MiniRaftClusterWithGrpccd30c539/s0/a03e6c99-360c-48ec-a7cd-9374e8e70514/sm/snapshot.1_63 with options [READ]: sun.nio.ch.FileChannelImpl@4e7ed432
2023-11-07 01:40:13,734 [s0@group-9374E8E70514-StateMachineUpdater] TRACE util.FileUtils (LogUtils.java:supplyAndLog(69)) - Successfully supplied FileChannel.open /home/runner/work/ratis/ratis/ratis-test/target/test/data/1674ca6a/MiniRaftClusterWithGrpccd30c539/s0/a03e6c99-360c-48ec-a7cd-9374e8e70514/sm/snapshot.1_63.md5.tmp with options [CREATE, WRITE]: sun.nio.ch.FileChannelImpl@6ed8a3cc
2023-11-07 01:40:13,735 [s0@group-9374E8E70514-StateMachineUpdater] TRACE util.FileUtils (LogUtils.java:runAndLog(49)) - Successfully ran Atomic Files.move /home/runner/work/ratis/ratis/ratis-test/target/test/data/1674ca6a/MiniRaftClusterWithGrpccd30c539/s0/a03e6c99-360c-48ec-a7cd-9374e8e70514/sm/snapshot.1_63.md5.tmp to /home/runner/work/ratis/ratis/ratis-test/target/test/data/1674ca6a/MiniRaftClusterWithGrpccd30c539/s0/a03e6c99-360c-48ec-a7cd-9374e8e70514/sm/snapshot.1_63.md5 with options [REPLACE_EXISTING]
2023-11-07 01:40:13,736 [s0@group-9374E8E70514-StateMachineUpdater] INFO  impl.StateMachineUpdater (StateMachineUpdater.java:takeSnapshot(295)) - s0@group-9374E8E70514-StateMachineUpdater: Took a snapshot at index 63
2023-11-07 01:40:13,736 [s0@group-9374E8E70514-StateMachineUpdater] INFO  impl.StateMachineUpdater (StateMachineUpdater.java:lambda$new$0(98)) - s0@group-9374E8E70514-StateMachineUpdater: snapshotIndex: updateIncreasingly -1 -> 63
2023-11-07 01:40:13,736 [s0@group-9374E8E70514-StateMachineUpdater] INFO  raftlog.RaftLog (RaftLogBase.java:purge(330)) - s0@group-9374E8E70514-SegmentedRaftLog: purge 63
2023-11-07 01:40:13,736 [s0@group-9374E8E70514-StateMachineUpdater] INFO  raftlog.RaftLog (RaftLogBase.java:lambda$new$0(54)) - s0@group-9374E8E70514-SegmentedRaftLog: snapshotIndex: updateIncreasingly -1 -> 63
2023-11-07 01:40:13,736 [s0@group-9374E8E70514-StateMachineUpdater] INFO  raftlog.RaftLog (RaftLogBase.java:lambda$new$0(54)) - s0@group-9374E8E70514-SegmentedRaftLog: purgeIndex: updateToMax old=-1, new=63, updated? true
2023-11-07 01:40:13,736 [s0@group-9374E8E70514-StateMachineUpdater] INFO  impl.SimpleStateMachine4Testing (SimpleStateMachine4Testing.java:applyTransaction(248)) - applyTransaction for log index 65
2023-11-07 01:40:13,736 [s0@group-9374E8E70514-StateMachineUpdater] INFO  impl.SimpleStateMachine4Testing (SimpleStateMachine4Testing.java:put(205)) - s0: put 65, m32 -> (t:1, i:65), STATEMACHINELOGENTRY, 293@client-3518E60E60AE
2023-11-07 01:40:13,739 [s0@group-9374E8E70514-StateMachineUpdater] INFO  impl.SimpleStateMachine4Testing (SimpleStateMachine4Testing.java:applyTransaction(248)) - applyTransaction for log index 67
2023-11-07 01:40:13,739 [s0@group-9374E8E70514-StateMachineUpdater] INFO  impl.SimpleStateMachine4Testing (SimpleStateMachine4Testing.java:put(205)) - s0: put 67, m33 -> (t:1, i:67), STATEMACHINELOGENTRY, 294@client-3518E60E60AE
2023-11-07 01:40:13,742 [s0@group-9374E8E70514-StateMachineUpdater] INFO  impl.SimpleStateMachine4Testing (SimpleStateMachine4Testing.java:applyTransaction(248)) - applyTransaction for log index 69
2023-11-07 01:40:13,742 [s0@group-9374E8E70514-StateMachineUpdater] INFO  impl.SimpleStateMachine4Testing (SimpleStateMachine4Testing.java:put(205)) - s0: put 69, m34 -> (t:1, i:69), STATEMACHINELOGENTRY, 295@client-3518E60E60AE
2023-11-07 01:40:13,744 [s0@group-9374E8E70514-StateMachineUpdater] INFO  impl.SimpleStateMachine4Testing (SimpleStateMachine4Testing.java:applyTransaction(248)) - applyTransaction for log index 71
2023-11-07 01:40:13,744 [s0@group-9374E8E70514-StateMachineUpdater] INFO  impl.SimpleStateMachine4Testing (SimpleStateMachine4Testing.java:put(205)) - s0: put 71, m35 -> (t:1, i:71), STATEMACHINELOGENTRY, 296@client-3518E60E60AE
2023-11-07 01:40:13,746 [s0@group-9374E8E70514-StateMachineUpdater] INFO  impl.SimpleStateMachine4Testing (SimpleStateMachine4Testing.java:applyTransaction(248)) - applyTransaction for log index 73
2023-11-07 01:40:13,746 [s0@group-9374E8E70514-StateMachineUpdater] INFO  impl.SimpleStateMachine4Testing (SimpleStateMachine4Testing.java:put(205)) - s0: put 73, m36 -> (t:1, i:73), STATEMACHINELOGENTRY, 297@client-3518E60E60AE
2023-11-07 01:40:13,750 [s0@group-9374E8E70514-StateMachineUpdater] INFO  impl.SimpleStateMachine4Testing (SimpleStateMachine4Testing.java:applyTransaction(248)) - applyTransaction for log index 75
2023-11-07 01:40:13,750 [s0@group-9374E8E70514-StateMachineUpdater] INFO  impl.SimpleStateMachine4Testing (SimpleStateMachine4Testing.java:put(205)) - s0: put 75, m37 -> (t:1, i:75), STATEMACHINELOGENTRY, 298@client-3518E60E60AE
2023-11-07 01:40:13,753 [s0@group-9374E8E70514-StateMachineUpdater] INFO  impl.SimpleStateMachine4Testing (SimpleStateMachine4Testing.java:applyTransaction(248)) - applyTransaction for log index 77
2023-11-07 01:40:13,754 [s0@group-9374E8E70514-StateMachineUpdater] INFO  impl.SimpleStateMachine4Testing (SimpleStateMachine4Testing.java:put(205)) - s0: put 77, m38 -> (t:1, i:77), STATEMACHINELOGENTRY, 299@client-3518E60E60AE
2023-11-07 01:40:13,760 [s0@group-9374E8E70514-StateMachineUpdater] INFO  impl.SimpleStateMachine4Testing (SimpleStateMachine4Testing.java:applyTransaction(248)) - applyTransaction for log index 79
2023-11-07 01:40:13,760 [s0@group-9374E8E70514-StateMachineUpdater] INFO  impl.SimpleStateMachine4Testing (SimpleStateMachine4Testing.java:put(205)) - s0: put 79, m39 -> (t:1, i:79), STATEMACHINELOGENTRY, 300@client-3518E60E60AE
2023-11-07 01:40:13,763 [s0@group-9374E8E70514-StateMachineUpdater] INFO  impl.SimpleStateMachine4Testing (SimpleStateMachine4Testing.java:applyTransaction(248)) - applyTransaction for log index 81
2023-11-07 01:40:13,763 [s0@group-9374E8E70514-StateMachineUpdater] INFO  impl.SimpleStateMachine4Testing (SimpleStateMachine4Testing.java:put(205)) - s0: put 81, m40 -> (t:1, i:81), STATEMACHINELOGENTRY, 301@client-3518E60E60AE
2023-11-07 01:40:13,766 [s0@group-9374E8E70514-StateMachineUpdater] INFO  impl.SimpleStateMachine4Testing (SimpleStateMachine4Testing.java:applyTransaction(248)) - applyTransaction for log index 83
2023-11-07 01:40:13,766 [s0@group-9374E8E70514-StateMachineUpdater] INFO  impl.SimpleStateMachine4Testing (SimpleStateMachine4Testing.java:put(205)) - s0: put 83, m41 -> (t:1, i:83), STATEMACHINELOGENTRY, 302@client-3518E60E60AE
2023-11-07 01:40:13,769 [s0@group-9374E8E70514-StateMachineUpdater] INFO  impl.SimpleStateMachine4Testing (SimpleStateMachine4Testing.java:applyTransaction(248)) - applyTransaction for log index 85
2023-11-07 01:40:13,770 [s0@group-9374E8E70514-StateMachineUpdater] INFO  impl.SimpleStateMachine4Testing (SimpleStateMachine4Testing.java:put(205)) - s0: put 85, m42 -> (t:1, i:85), STATEMACHINELOGENTRY, 303@client-3518E60E60AE
2023-11-07 01:40:13,772 [s0@group-9374E8E70514-StateMachineUpdater] INFO  impl.SimpleStateMachine4Testing (SimpleStateMachine4Testing.java:applyTransaction(248)) - applyTransaction for log index 87
2023-11-07 01:40:13,772 [s0@group-9374E8E70514-StateMachineUpdater] INFO  impl.SimpleStateMachine4Testing (SimpleStateMachine4Testing.java:put(205)) - s0: put 87, m43 -> (t:1, i:87), STATEMACHINELOGENTRY, 304@client-3518E60E60AE
2023-11-07 01:40:13,775 [s0@group-9374E8E70514-StateMachineUpdater] INFO  impl.SimpleStateMachine4Testing (SimpleStateMachine4Testing.java:applyTransaction(248)) - applyTransaction for log index 89
2023-11-07 01:40:13,775 [s0@group-9374E8E70514-StateMachineUpdater] INFO  impl.SimpleStateMachine4Testing (SimpleStateMachine4Testing.java:put(205)) - s0: put 89, m44 -> (t:1, i:89), STATEMACHINELOGENTRY, 305@client-3518E60E60AE
2023-11-07 01:40:13,778 [s0@group-9374E8E70514-StateMachineUpdater] INFO  impl.SimpleStateMachine4Testing (SimpleStateMachine4Testing.java:applyTransaction(248)) - applyTransaction for log index 91
2023-11-07 01:40:13,778 [s0@group-9374E8E70514-StateMachineUpdater] INFO  impl.SimpleStateMachine4Testing (SimpleStateMachine4Testing.java:put(205)) - s0: put 91, m45 -> (t:1, i:91), STATEMACHINELOGENTRY, 306@client-3518E60E60AE
2023-11-07 01:40:13,781 [s0@group-9374E8E70514-StateMachineUpdater] INFO  impl.SimpleStateMachine4Testing (SimpleStateMachine4Testing.java:applyTransaction(248)) - applyTransaction for log index 93
2023-11-07 01:40:13,781 [s0@group-9374E8E70514-StateMachineUpdater] INFO  impl.SimpleStateMachine4Testing (SimpleStateMachine4Testing.java:put(205)) - s0: put 93, m46 -> (t:1, i:93), STATEMACHINELOGENTRY, 307@client-3518E60E60AE
2023-11-07 01:40:13,783 [s0@group-9374E8E70514-StateMachineUpdater] INFO  impl.SimpleStateMachine4Testing (SimpleStateMachine4Testing.java:applyTransaction(248)) - applyTransaction for log index 95
2023-11-07 01:40:13,783 [s0@group-9374E8E70514-StateMachineUpdater] INFO  impl.SimpleStateMachine4Testing (SimpleStateMachine4Testing.java:put(205)) - s0: put 95, m47 -> (t:1, i:95), STATEMACHINELOGENTRY, 308@client-3518E60E60AE
2023-11-07 01:40:13,786 [s0@group-9374E8E70514-StateMachineUpdater] INFO  impl.SimpleStateMachine4Testing (SimpleStateMachine4Testing.java:applyTransaction(248)) - applyTransaction for log index 97
2023-11-07 01:40:13,786 [s0@group-9374E8E70514-StateMachineUpdater] INFO  impl.SimpleStateMachine4Testing (SimpleStateMachine4Testing.java:put(205)) - s0: put 97, m48 -> (t:1, i:97), STATEMACHINELOGENTRY, 309@client-3518E60E60AE
2023-11-07 01:40:13,790 [s0@group-9374E8E70514-StateMachineUpdater] INFO  impl.SimpleStateMachine4Testing (SimpleStateMachine4Testing.java:applyTransaction(248)) - applyTransaction for log index 99
2023-11-07 01:40:13,790 [s0@group-9374E8E70514-StateMachineUpdater] INFO  impl.SimpleStateMachine4Testing (SimpleStateMachine4Testing.java:put(205)) - s0: put 99, m49 -> (t:1, i:99), STATEMACHINELOGENTRY, 310@client-3518E60E60AE
2023-11-07 01:40:13,793 [s0@group-9374E8E70514-StateMachineUpdater] INFO  impl.SimpleStateMachine4Testing (SimpleStateMachine4Testing.java:applyTransaction(248)) - applyTransaction for log index 101
2023-11-07 01:40:13,793 [s0@group-9374E8E70514-StateMachineUpdater] INFO  impl.SimpleStateMachine4Testing (SimpleStateMachine4Testing.java:put(205)) - s0: put 101, m50 -> (t:1, i:101), STATEMACHINELOGENTRY, 311@client-3518E60E60AE
2023-11-07 01:40:13,796 [s0@group-9374E8E70514-StateMachineUpdater] INFO  impl.SimpleStateMachine4Testing (SimpleStateMachine4Testing.java:applyTransaction(248)) - applyTransaction for log index 103
2023-11-07 01:40:13,796 [s0@group-9374E8E70514-StateMachineUpdater] INFO  impl.SimpleStateMachine4Testing (SimpleStateMachine4Testing.java:put(205)) - s0: put 103, m51 -> (t:1, i:103), STATEMACHINELOGENTRY, 312@client-3518E60E60AE
2023-11-07 01:40:13,798 [s0@group-9374E8E70514-StateMachineUpdater] INFO  impl.SimpleStateMachine4Testing (SimpleStateMachine4Testing.java:applyTransaction(248)) - applyTransaction for log index 105
2023-11-07 01:40:13,799 [s0@group-9374E8E70514-StateMachineUpdater] INFO  impl.SimpleStateMachine4Testing (SimpleStateMachine4Testing.java:put(205)) - s0: put 105, m52 -> (t:1, i:105), STATEMACHINELOGENTRY, 313@client-3518E60E60AE
2023-11-07 01:40:13,801 [s0@group-9374E8E70514-StateMachineUpdater] INFO  impl.SimpleStateMachine4Testing (SimpleStateMachine4Testing.java:applyTransaction(248)) - applyTransaction for log index 107
2023-11-07 01:40:13,801 [s0@group-9374E8E70514-StateMachineUpdater] INFO  impl.SimpleStateMachine4Testing (SimpleStateMachine4Testing.java:put(205)) - s0: put 107, m53 -> (t:1, i:107), STATEMACHINELOGENTRY, 314@client-3518E60E60AE
2023-11-07 01:40:13,804 [s0@group-9374E8E70514-StateMachineUpdater] INFO  impl.SimpleStateMachine4Testing (SimpleStateMachine4Testing.java:applyTransaction(248)) - applyTransaction for log index 109
2023-11-07 01:40:13,804 [s0@group-9374E8E70514-StateMachineUpdater] INFO  impl.SimpleStateMachine4Testing (SimpleStateMachine4Testing.java:put(205)) - s0: put 109, m54 -> (t:1, i:109), STATEMACHINELOGENTRY, 315@client-3518E60E60AE
2023-11-07 01:40:13,807 [s0@group-9374E8E70514-StateMachineUpdater] INFO  impl.SimpleStateMachine4Testing (SimpleStateMachine4Testing.java:applyTransaction(248)) - applyTransaction for log index 111
2023-11-07 01:40:13,807 [s0@group-9374E8E70514-StateMachineUpdater] INFO  impl.SimpleStateMachine4Testing (SimpleStateMachine4Testing.java:put(205)) - s0: put 111, m55 -> (t:1, i:111), STATEMACHINELOGENTRY, 316@client-3518E60E60AE
2023-11-07 01:40:13,810 [s0@group-9374E8E70514-StateMachineUpdater] INFO  impl.SimpleStateMachine4Testing (SimpleStateMachine4Testing.java:applyTransaction(248)) - applyTransaction for log index 113
2023-11-07 01:40:13,810 [s0@group-9374E8E70514-StateMachineUpdater] INFO  impl.SimpleStateMachine4Testing (SimpleStateMachine4Testing.java:put(205)) - s0: put 113, m56 -> (t:1, i:113), STATEMACHINELOGENTRY, 317@client-3518E60E60AE
2023-11-07 01:40:13,813 [s0@group-9374E8E70514-StateMachineUpdater] INFO  impl.SimpleStateMachine4Testing (SimpleStateMachine4Testing.java:applyTransaction(248)) - applyTransaction for log index 115
2023-11-07 01:40:13,813 [s0@group-9374E8E70514-StateMachineUpdater] INFO  impl.SimpleStateMachine4Testing (SimpleStateMachine4Testing.java:put(205)) - s0: put 115, m57 -> (t:1, i:115), STATEMACHINELOGENTRY, 318@client-3518E60E60AE
2023-11-07 01:40:13,816 [s0@group-9374E8E70514-StateMachineUpdater] INFO  impl.SimpleStateMachine4Testing (SimpleStateMachine4Testing.java:applyTransaction(248)) - applyTransaction for log index 117
2023-11-07 01:40:13,816 [s0@group-9374E8E70514-StateMachineUpdater] INFO  impl.SimpleStateMachine4Testing (SimpleStateMachine4Testing.java:put(205)) - s0: put 117, m58 -> (t:1, i:117), STATEMACHINELOGENTRY, 319@client-3518E60E60AE
2023-11-07 01:40:13,818 [s0@group-9374E8E70514-StateMachineUpdater] INFO  impl.SimpleStateMachine4Testing (SimpleStateMachine4Testing.java:applyTransaction(248)) - applyTransaction for log index 119
2023-11-07 01:40:13,818 [s0@group-9374E8E70514-StateMachineUpdater] INFO  impl.SimpleStateMachine4Testing (SimpleStateMachine4Testing.java:put(205)) - s0: put 119, m59 -> (t:1, i:119), STATEMACHINELOGENTRY, 320@client-3518E60E60AE
2023-11-07 01:40:13,821 [s0@group-9374E8E70514-StateMachineUpdater] INFO  impl.SimpleStateMachine4Testing (SimpleStateMachine4Testing.java:applyTransaction(248)) - applyTransaction for log index 121
2023-11-07 01:40:13,821 [s0@group-9374E8E70514-StateMachineUpdater] INFO  impl.SimpleStateMachine4Testing (SimpleStateMachine4Testing.java:put(205)) - s0: put 121, m60 -> (t:1, i:121), STATEMACHINELOGENTRY, 321@client-3518E60E60AE
2023-11-07 01:40:13,824 [s0@group-9374E8E70514-StateMachineUpdater] INFO  impl.SimpleStateMachine4Testing (SimpleStateMachine4Testing.java:applyTransaction(248)) - applyTransaction for log index 123
2023-11-07 01:40:13,824 [s0@group-9374E8E70514-StateMachineUpdater] INFO  impl.SimpleStateMachine4Testing (SimpleStateMachine4Testing.java:put(205)) - s0: put 123, m61 -> (t:1, i:123), STATEMACHINELOGENTRY, 322@client-3518E60E60AE
2023-11-07 01:40:13,827 [s0@group-9374E8E70514-StateMachineUpdater] INFO  impl.SimpleStateMachine4Testing (SimpleStateMachine4Testing.java:applyTransaction(248)) - applyTransaction for log index 125
2023-11-07 01:40:13,827 [s0@group-9374E8E70514-StateMachineUpdater] INFO  impl.SimpleStateMachine4Testing (SimpleStateMachine4Testing.java:put(205)) - s0: put 125, m62 -> (t:1, i:125), STATEMACHINELOGENTRY, 323@client-3518E60E60AE
2023-11-07 01:40:13,829 [s0@group-9374E8E70514-StateMachineUpdater] INFO  impl.SimpleStateMachine4Testing (SimpleStateMachine4Testing.java:applyTransaction(248)) - applyTransaction for log index 127
2023-11-07 01:40:13,829 [s0@group-9374E8E70514-StateMachineUpdater] INFO  impl.SimpleStateMachine4Testing (SimpleStateMachine4Testing.java:put(205)) - s0: put 127, m63 -> (t:1, i:127), STATEMACHINELOGENTRY, 324@client-3518E60E60AE
2023-11-07 01:40:13,842 [s0@group-9374E8E70514-StateMachineUpdater] TRACE util.FileUtils (LogUtils.java:supplyAndLog(69)) - Successfully supplied FileChannel.open /home/runner/work/ratis/ratis/ratis-test/target/test/data/1674ca6a/MiniRaftClusterWithGrpccd30c539/s0/a03e6c99-360c-48ec-a7cd-9374e8e70514/sm/snapshot.1_127 with options [READ]: sun.nio.ch.FileChannelImpl@7f7a9b88
2023-11-07 01:40:13,843 [s0@group-9374E8E70514-StateMachineUpdater] TRACE util.FileUtils (LogUtils.java:supplyAndLog(69)) - Successfully supplied FileChannel.open /home/runner/work/ratis/ratis/ratis-test/target/test/data/1674ca6a/MiniRaftClusterWithGrpccd30c539/s0/a03e6c99-360c-48ec-a7cd-9374e8e70514/sm/snapshot.1_127.md5.tmp with options [CREATE, WRITE]: sun.nio.ch.FileChannelImpl@1636b2cd
2023-11-07 01:40:13,844 [s0@group-9374E8E70514-StateMachineUpdater] TRACE util.FileUtils (LogUtils.java:runAndLog(49)) - Successfully ran Atomic Files.move /home/runner/work/ratis/ratis/ratis-test/target/test/data/1674ca6a/MiniRaftClusterWithGrpccd30c539/s0/a03e6c99-360c-48ec-a7cd-9374e8e70514/sm/snapshot.1_127.md5.tmp to /home/runner/work/ratis/ratis/ratis-test/target/test/data/1674ca6a/MiniRaftClusterWithGrpccd30c539/s0/a03e6c99-360c-48ec-a7cd-9374e8e70514/sm/snapshot.1_127.md5 with options [REPLACE_EXISTING]
2023-11-07 01:40:13,844 [s0@group-9374E8E70514-StateMachineUpdater] INFO  impl.StateMachineUpdater (StateMachineUpdater.java:takeSnapshot(295)) - s0@group-9374E8E70514-StateMachineUpdater: Took a snapshot at index 127
2023-11-07 01:40:13,844 [s0@group-9374E8E70514-StateMachineUpdater] INFO  impl.StateMachineUpdater (StateMachineUpdater.java:lambda$new$0(98)) - s0@group-9374E8E70514-StateMachineUpdater: snapshotIndex: updateIncreasingly 63 -> 127
2023-11-07 01:40:13,844 [s0@group-9374E8E70514-StateMachineUpdater] INFO  raftlog.RaftLog (RaftLogBase.java:purge(330)) - s0@group-9374E8E70514-SegmentedRaftLog: purge 127
2023-11-07 01:40:13,844 [s0@group-9374E8E70514-StateMachineUpdater] INFO  raftlog.RaftLog (RaftLogBase.java:lambda$new$0(54)) - s0@group-9374E8E70514-SegmentedRaftLog: snapshotIndex: updateIncreasingly 63 -> 127
2023-11-07 01:40:13,844 [s0@group-9374E8E70514-StateMachineUpdater] INFO  raftlog.RaftLog (RaftLogBase.java:lambda$new$0(54)) - s0@group-9374E8E70514-SegmentedRaftLog: purgeIndex: updateToMax old=63, new=127, updated? true
2023-11-07 01:40:13,844 [s0@group-9374E8E70514-StateMachineUpdater] INFO  impl.SimpleStateMachine4Testing (SimpleStateMachine4Testing.java:applyTransaction(248)) - applyTransaction for log index 129
2023-11-07 01:40:13,844 [s0@group-9374E8E70514-StateMachineUpdater] INFO  impl.SimpleStateMachine4Testing (SimpleStateMachine4Testing.java:put(205)) - s0: put 129, m64 -> (t:1, i:129), STATEMACHINELOGENTRY, 325@client-3518E60E60AE
2023-11-07 01:40:13,847 [s0@group-9374E8E70514-StateMachineUpdater] INFO  impl.SimpleStateMachine4Testing (SimpleStateMachine4Testing.java:applyTransaction(248)) - applyTransaction for log index 131
2023-11-07 01:40:13,847 [s0@group-9374E8E70514-StateMachineUpdater] INFO  impl.SimpleStateMachine4Testing (SimpleStateMachine4Testing.java:put(205)) - s0: put 131, m65 -> (t:1, i:131), STATEMACHINELOGENTRY, 326@client-3518E60E60AE
2023-11-07 01:40:13,850 [s0@group-9374E8E70514-StateMachineUpdater] INFO  impl.SimpleStateMachine4Testing (SimpleStateMachine4Testing.java:applyTransaction(248)) - applyTransaction for log index 133
2023-11-07 01:40:13,850 [s0@group-9374E8E70514-StateMachineUpdater] INFO  impl.SimpleStateMachine4Testing (SimpleStateMachine4Testing.java:put(205)) - s0: put 133, m66 -> (t:1, i:133), STATEMACHINELOGENTRY, 327@client-3518E60E60AE
2023-11-07 01:40:13,852 [s0@group-9374E8E70514-StateMachineUpdater] INFO  impl.SimpleStateMachine4Testing (SimpleStateMachine4Testing.java:applyTransaction(248)) - applyTransaction for log index 135
2023-11-07 01:40:13,853 [s0@group-9374E8E70514-StateMachineUpdater] INFO  impl.SimpleStateMachine4Testing (SimpleStateMachine4Testing.java:put(205)) - s0: put 135, m67 -> (t:1, i:135), STATEMACHINELOGENTRY, 328@client-3518E60E60AE
2023-11-07 01:40:13,856 [s0@group-9374E8E70514-StateMachineUpdater] INFO  impl.SimpleStateMachine4Testing (SimpleStateMachine4Testing.java:applyTransaction(248)) - applyTransaction for log index 137
2023-11-07 01:40:13,856 [s0@group-9374E8E70514-StateMachineUpdater] INFO  impl.SimpleStateMachine4Testing (SimpleStateMachine4Testing.java:put(205)) - s0: put 137, m68 -> (t:1, i:137), STATEMACHINELOGENTRY, 329@client-3518E60E60AE
2023-11-07 01:40:13,858 [s0@group-9374E8E70514-StateMachineUpdater] INFO  impl.SimpleStateMachine4Testing (SimpleStateMachine4Testing.java:applyTransaction(248)) - applyTransaction for log index 139
2023-11-07 01:40:13,858 [s0@group-9374E8E70514-StateMachineUpdater] INFO  impl.SimpleStateMachine4Testing (SimpleStateMachine4Testing.java:put(205)) - s0: put 139, m69 -> (t:1, i:139), STATEMACHINELOGENTRY, 330@client-3518E60E60AE
2023-11-07 01:40:13,861 [s0@group-9374E8E70514-StateMachineUpdater] INFO  impl.SimpleStateMachine4Testing (SimpleStateMachine4Testing.java:applyTransaction(248)) - applyTransaction for log index 141
2023-11-07 01:40:13,861 [s0@group-9374E8E70514-StateMachineUpdater] INFO  impl.SimpleStateMachine4Testing (SimpleStateMachine4Testing.java:put(205)) - s0: put 141, m70 -> (t:1, i:141), STATEMACHINELOGENTRY, 331@client-3518E60E60AE
2023-11-07 01:40:13,864 [s0@group-9374E8E70514-StateMachineUpdater] INFO  impl.SimpleStateMachine4Testing (SimpleStateMachine4Testing.java:applyTransaction(248)) - applyTransaction for log index 143
2023-11-07 01:40:13,864 [s0@group-9374E8E70514-StateMachineUpdater] INFO  impl.SimpleStateMachine4Testing (SimpleStateMachine4Testing.java:put(205)) - s0: put 143, m71 -> (t:1, i:143), STATEMACHINELOGENTRY, 332@client-3518E60E60AE
2023-11-07 01:40:13,867 [s0@group-9374E8E70514-StateMachineUpdater] INFO  impl.SimpleStateMachine4Testing (SimpleStateMachine4Testing.java:applyTransaction(248)) - applyTransaction for log index 145
2023-11-07 01:40:13,867 [s0@group-9374E8E70514-StateMachineUpdater] INFO  impl.SimpleStateMachine4Testing (SimpleStateMachine4Testing.java:put(205)) - s0: put 145, m72 -> (t:1, i:145), STATEMACHINELOGENTRY, 333@client-3518E60E60AE
2023-11-07 01:40:13,870 [s0@group-9374E8E70514-StateMachineUpdater] INFO  impl.SimpleStateMachine4Testing (SimpleStateMachine4Testing.java:applyTransaction(248)) - applyTransaction for log index 147
2023-11-07 01:40:13,870 [s0@group-9374E8E70514-StateMachineUpdater] INFO  impl.SimpleStateMachine4Testing (SimpleStateMachine4Testing.java:put(205)) - s0: put 147, m73 -> (t:1, i:147), STATEMACHINELOGENTRY, 334@client-3518E60E60AE
2023-11-07 01:40:13,872 [s0@group-9374E8E70514-StateMachineUpdater] INFO  impl.SimpleStateMachine4Testing (SimpleStateMachine4Testing.java:applyTransaction(248)) - applyTransaction for log index 149
2023-11-07 01:40:13,872 [s0@group-9374E8E70514-StateMachineUpdater] INFO  impl.SimpleStateMachine4Testing (SimpleStateMachine4Testing.java:put(205)) - s0: put 149, m74 -> (t:1, i:149), STATEMACHINELOGENTRY, 335@client-3518E60E60AE
2023-11-07 01:40:13,874 [s0@group-9374E8E70514-StateMachineUpdater] INFO  impl.SimpleStateMachine4Testing (SimpleStateMachine4Testing.java:applyTransaction(248)) - applyTransaction for log index 151
2023-11-07 01:40:13,875 [s0@group-9374E8E70514-StateMachineUpdater] INFO  impl.SimpleStateMachine4Testing (SimpleStateMachine4Testing.java:put(205)) - s0: put 151, m75 -> (t:1, i:151), STATEMACHINELOGENTRY, 336@client-3518E60E60AE
2023-11-07 01:40:13,877 [s0@group-9374E8E70514-StateMachineUpdater] INFO  impl.SimpleStateMachine4Testing (SimpleStateMachine4Testing.java:applyTransaction(248)) - applyTransaction for log index 153
2023-11-07 01:40:13,877 [s0@group-9374E8E70514-StateMachineUpdater] INFO  impl.SimpleStateMachine4Testing (SimpleStateMachine4Testing.java:put(205)) - s0: put 153, m76 -> (t:1, i:153), STATEMACHINELOGENTRY, 337@client-3518E60E60AE
2023-11-07 01:40:13,879 [s0@group-9374E8E70514-StateMachineUpdater] INFO  impl.SimpleStateMachine4Testing (SimpleStateMachine4Testing.java:applyTransaction(248)) - applyTransaction for log index 155
2023-11-07 01:40:13,880 [s0@group-9374E8E70514-StateMachineUpdater] INFO  impl.SimpleStateMachine4Testing (SimpleStateMachine4Testing.java:put(205)) - s0: put 155, m77 -> (t:1, i:155), STATEMACHINELOGENTRY, 338@client-3518E60E60AE
2023-11-07 01:40:13,882 [s0@group-9374E8E70514-StateMachineUpdater] INFO  impl.SimpleStateMachine4Testing (SimpleStateMachine4Testing.java:applyTransaction(248)) - applyTransaction for log index 157
2023-11-07 01:40:13,882 [s0@group-9374E8E70514-StateMachineUpdater] INFO  impl.SimpleStateMachine4Testing (SimpleStateMachine4Testing.java:put(205)) - s0: put 157, m78 -> (t:1, i:157), STATEMACHINELOGENTRY, 339@client-3518E60E60AE
2023-11-07 01:40:13,885 [s0@group-9374E8E70514-StateMachineUpdater] INFO  impl.SimpleStateMachine4Testing (SimpleStateMachine4Testing.java:applyTransaction(248)) - applyTransaction for log index 159
2023-11-07 01:40:13,885 [s0@group-9374E8E70514-StateMachineUpdater] INFO  impl.SimpleStateMachine4Testing (SimpleStateMachine4Testing.java:put(205)) - s0: put 159, m79 -> (t:1, i:159), STATEMACHINELOGENTRY, 340@client-3518E60E60AE
2023-11-07 01:40:13,890 [s0@group-9374E8E70514-StateMachineUpdater] INFO  impl.SimpleStateMachine4Testing (SimpleStateMachine4Testing.java:applyTransaction(248)) - applyTransaction for log index 161
2023-11-07 01:40:13,890 [s0@group-9374E8E70514-StateMachineUpdater] INFO  impl.SimpleStateMachine4Testing (SimpleStateMachine4Testing.java:put(205)) - s0: put 161, m80 -> (t:1, i:161), STATEMACHINELOGENTRY, 341@client-3518E60E60AE
2023-11-07 01:40:13,892 [s0@group-9374E8E70514-StateMachineUpdater] INFO  impl.SimpleStateMachine4Testing (SimpleStateMachine4Testing.java:applyTransaction(248)) - applyTransaction for log index 163
2023-11-07 01:40:13,893 [s0@group-9374E8E70514-StateMachineUpdater] INFO  impl.SimpleStateMachine4Testing (SimpleStateMachine4Testing.java:put(205)) - s0: put 163, m81 -> (t:1, i:163), STATEMACHINELOGENTRY, 342@client-3518E60E60AE
2023-11-07 01:40:13,895 [s0@group-9374E8E70514-StateMachineUpdater] INFO  impl.SimpleStateMachine4Testing (SimpleStateMachine4Testing.java:applyTransaction(248)) - applyTransaction for log index 165
2023-11-07 01:40:13,895 [s0@group-9374E8E70514-StateMachineUpdater] INFO  impl.SimpleStateMachine4Testing (SimpleStateMachine4Testing.java:put(205)) - s0: put 165, m82 -> (t:1, i:165), STATEMACHINELOGENTRY, 343@client-3518E60E60AE
2023-11-07 01:40:13,897 [s0@group-9374E8E70514-StateMachineUpdater] INFO  impl.SimpleStateMachine4Testing (SimpleStateMachine4Testing.java:applyTransaction(248)) - applyTransaction for log index 167
2023-11-07 01:40:13,897 [s0@group-9374E8E70514-StateMachineUpdater] INFO  impl.SimpleStateMachine4Testing (SimpleStateMachine4Testing.java:put(205)) - s0: put 167, m83 -> (t:1, i:167), STATEMACHINELOGENTRY, 344@client-3518E60E60AE
2023-11-07 01:40:13,903 [s0@group-9374E8E70514-StateMachineUpdater] INFO  impl.SimpleStateMachine4Testing (SimpleStateMachine4Testing.java:applyTransaction(248)) - applyTransaction for log index 169
2023-11-07 01:40:13,903 [s0@group-9374E8E70514-StateMachineUpdater] INFO  impl.SimpleStateMachine4Testing (SimpleStateMachine4Testing.java:put(205)) - s0: put 169, m84 -> (t:1, i:169), STATEMACHINELOGENTRY, 345@client-3518E60E60AE
2023-11-07 01:40:13,908 [s0@group-9374E8E70514-StateMachineUpdater] INFO  impl.SimpleStateMachine4Testing (SimpleStateMachine4Testing.java:applyTransaction(248)) - applyTransaction for log index 171
2023-11-07 01:40:13,908 [s0@group-9374E8E70514-StateMachineUpdater] INFO  impl.SimpleStateMachine4Testing (SimpleStateMachine4Testing.java:put(205)) - s0: put 171, m85 -> (t:1, i:171), STATEMACHINELOGENTRY, 346@client-3518E60E60AE
2023-11-07 01:40:13,911 [s0@group-9374E8E70514-StateMachineUpdater] INFO  impl.SimpleStateMachine4Testing (SimpleStateMachine4Testing.java:applyTransaction(248)) - applyTransaction for log index 173
2023-11-07 01:40:13,911 [s0@group-9374E8E70514-StateMachineUpdater] INFO  impl.SimpleStateMachine4Testing (SimpleStateMachine4Testing.java:put(205)) - s0: put 173, m86 -> (t:1, i:173), STATEMACHINELOGENTRY, 347@client-3518E60E60AE
2023-11-07 01:40:13,914 [s0@group-9374E8E70514-StateMachineUpdater] INFO  impl.SimpleStateMachine4Testing (SimpleStateMachine4Testing.java:applyTransaction(248)) - applyTransaction for log index 175
2023-11-07 01:40:13,914 [s0@group-9374E8E70514-StateMachineUpdater] INFO  impl.SimpleStateMachine4Testing (SimpleStateMachine4Testing.java:put(205)) - s0: put 175, m87 -> (t:1, i:175), STATEMACHINELOGENTRY, 348@client-3518E60E60AE
2023-11-07 01:40:13,917 [s0@group-9374E8E70514-StateMachineUpdater] INFO  impl.SimpleStateMachine4Testing (SimpleStateMachine4Testing.java:applyTransaction(248)) - applyTransaction for log index 177
2023-11-07 01:40:13,917 [s0@group-9374E8E70514-StateMachineUpdater] INFO  impl.SimpleStateMachine4Testing (SimpleStateMachine4Testing.java:put(205)) - s0: put 177, m88 -> (t:1, i:177), STATEMACHINELOGENTRY, 349@client-3518E60E60AE
2023-11-07 01:40:13,919 [s0@group-9374E8E70514-StateMachineUpdater] INFO  impl.SimpleStateMachine4Testing (SimpleStateMachine4Testing.java:applyTransaction(248)) - applyTransaction for log index 179
2023-11-07 01:40:13,919 [s0@group-9374E8E70514-StateMachineUpdater] INFO  impl.SimpleStateMachine4Testing (SimpleStateMachine4Testing.java:put(205)) - s0: put 179, m89 -> (t:1, i:179), STATEMACHINELOGENTRY, 350@client-3518E60E60AE
2023-11-07 01:40:13,924 [s0@group-9374E8E70514-StateMachineUpdater] INFO  impl.SimpleStateMachine4Testing (SimpleStateMachine4Testing.java:applyTransaction(248)) - applyTransaction for log index 181
2023-11-07 01:40:13,924 [s0@group-9374E8E70514-StateMachineUpdater] INFO  impl.SimpleStateMachine4Testing (SimpleStateMachine4Testing.java:put(205)) - s0: put 181, m90 -> (t:1, i:181), STATEMACHINELOGENTRY, 351@client-3518E60E60AE
2023-11-07 01:40:13,927 [s0@group-9374E8E70514-StateMachineUpdater] INFO  impl.SimpleStateMachine4Testing (SimpleStateMachine4Testing.java:applyTransaction(248)) - applyTransaction for log index 183
2023-11-07 01:40:13,927 [s0@group-9374E8E70514-StateMachineUpdater] INFO  impl.SimpleStateMachine4Testing (SimpleStateMachine4Testing.java:put(205)) - s0: put 183, m91 -> (t:1, i:183), STATEMACHINELOGENTRY, 352@client-3518E60E60AE
2023-11-07 01:40:13,930 [s0@group-9374E8E70514-StateMachineUpdater] INFO  impl.SimpleStateMachine4Testing (SimpleStateMachine4Testing.java:applyTransaction(248)) - applyTransaction for log index 185
2023-11-07 01:40:13,930 [s0@group-9374E8E70514-StateMachineUpdater] INFO  impl.SimpleStateMachine4Testing (SimpleStateMachine4Testing.java:put(205)) - s0: put 185, m92 -> (t:1, i:185), STATEMACHINELOGENTRY, 353@client-3518E60E60AE
2023-11-07 01:40:13,934 [s0@group-9374E8E70514-StateMachineUpdater] INFO  impl.SimpleStateMachine4Testing (SimpleStateMachine4Testing.java:applyTransaction(248)) - applyTransaction for log index 187
2023-11-07 01:40:13,934 [s0@group-9374E8E70514-StateMachineUpdater] INFO  impl.SimpleStateMachine4Testing (SimpleStateMachine4Testing.java:put(205)) - s0: put 187, m93 -> (t:1, i:187), STATEMACHINELOGENTRY, 354@client-3518E60E60AE
2023-11-07 01:40:13,944 [s0@group-9374E8E70514-StateMachineUpdater] INFO  impl.SimpleStateMachine4Testing (SimpleStateMachine4Testing.java:applyTransaction(248)) - applyTransaction for log index 189
2023-11-07 01:40:13,944 [s0@group-9374E8E70514-StateMachineUpdater] INFO  impl.SimpleStateMachine4Testing (SimpleStateMachine4Testing.java:put(205)) - s0: put 189, m94 -> (t:1, i:189), STATEMACHINELOGENTRY, 355@client-3518E60E60AE
2023-11-07 01:40:13,947 [s0@group-9374E8E70514-StateMachineUpdater] INFO  impl.SimpleStateMachine4Testing (SimpleStateMachine4Testing.java:applyTransaction(248)) - applyTransaction for log index 191
2023-11-07 01:40:13,947 [s0@group-9374E8E70514-StateMachineUpdater] INFO  impl.SimpleStateMachine4Testing (SimpleStateMachine4Testing.java:put(205)) - s0: put 191, m95 -> (t:1, i:191), STATEMACHINELOGENTRY, 356@client-3518E60E60AE
2023-11-07 01:40:13,961 [s0@group-9374E8E70514-StateMachineUpdater] TRACE util.FileUtils (LogUtils.java:supplyAndLog(69)) - Successfully supplied FileChannel.open /home/runner/work/ratis/ratis/ratis-test/target/test/data/1674ca6a/MiniRaftClusterWithGrpccd30c539/s0/a03e6c99-360c-48ec-a7cd-9374e8e70514/sm/snapshot.1_191 with options [READ]: sun.nio.ch.FileChannelImpl@2e512b7d
2023-11-07 01:40:13,962 [s0@group-9374E8E70514-StateMachineUpdater] TRACE util.FileUtils (LogUtils.java:supplyAndLog(69)) - Successfully supplied FileChannel.open /home/runner/work/ratis/ratis/ratis-test/target/test/data/1674ca6a/MiniRaftClusterWithGrpccd30c539/s0/a03e6c99-360c-48ec-a7cd-9374e8e70514/sm/snapshot.1_191.md5.tmp with options [CREATE, WRITE]: sun.nio.ch.FileChannelImpl@5bc3bb8
2023-11-07 01:40:13,963 [s0@group-9374E8E70514-StateMachineUpdater] TRACE util.FileUtils (LogUtils.java:runAndLog(49)) - Successfully ran Atomic Files.move /home/runner/work/ratis/ratis/ratis-test/target/test/data/1674ca6a/MiniRaftClusterWithGrpccd30c539/s0/a03e6c99-360c-48ec-a7cd-9374e8e70514/sm/snapshot.1_191.md5.tmp to /home/runner/work/ratis/ratis/ratis-test/target/test/data/1674ca6a/MiniRaftClusterWithGrpccd30c539/s0/a03e6c99-360c-48ec-a7cd-9374e8e70514/sm/snapshot.1_191.md5 with options [REPLACE_EXISTING]
2023-11-07 01:40:13,963 [s0@group-9374E8E70514-StateMachineUpdater] INFO  impl.StateMachineUpdater (StateMachineUpdater.java:takeSnapshot(295)) - s0@group-9374E8E70514-StateMachineUpdater: Took a snapshot at index 191
2023-11-07 01:40:13,963 [s0@group-9374E8E70514-StateMachineUpdater] INFO  impl.StateMachineUpdater (StateMachineUpdater.java:lambda$new$0(98)) - s0@group-9374E8E70514-StateMachineUpdater: snapshotIndex: updateIncreasingly 127 -> 191
2023-11-07 01:40:13,964 [s0@group-9374E8E70514-StateMachineUpdater] INFO  raftlog.RaftLog (RaftLogBase.java:purge(330)) - s0@group-9374E8E70514-SegmentedRaftLog: purge 191
2023-11-07 01:40:13,964 [s0@group-9374E8E70514-StateMachineUpdater] INFO  raftlog.RaftLog (RaftLogBase.java:lambda$new$0(54)) - s0@group-9374E8E70514-SegmentedRaftLog: snapshotIndex: updateIncreasingly 127 -> 191
2023-11-07 01:40:13,964 [s0@group-9374E8E70514-StateMachineUpdater] INFO  raftlog.RaftLog (RaftLogBase.java:lambda$new$0(54)) - s0@group-9374E8E70514-SegmentedRaftLog: purgeIndex: updateToMax old=127, new=191, updated? true
2023-11-07 01:40:13,964 [s0@group-9374E8E70514-StateMachineUpdater] INFO  impl.SimpleStateMachine4Testing (SimpleStateMachine4Testing.java:applyTransaction(248)) - applyTransaction for log index 193
2023-11-07 01:40:13,964 [s0@group-9374E8E70514-StateMachineUpdater] INFO  impl.SimpleStateMachine4Testing (SimpleStateMachine4Testing.java:put(205)) - s0: put 193, m96 -> (t:1, i:193), STATEMACHINELOGENTRY, 357@client-3518E60E60AE
2023-11-07 01:40:13,967 [s0@group-9374E8E70514-StateMachineUpdater] INFO  impl.SimpleStateMachine4Testing (SimpleStateMachine4Testing.java:applyTransaction(248)) - applyTransaction for log index 195
2023-11-07 01:40:13,967 [s0@group-9374E8E70514-StateMachineUpdater] INFO  impl.SimpleStateMachine4Testing (SimpleStateMachine4Testing.java:put(205)) - s0: put 195, m97 -> (t:1, i:195), STATEMACHINELOGENTRY, 358@client-3518E60E60AE
2023-11-07 01:40:13,970 [s0@group-9374E8E70514-StateMachineUpdater] INFO  impl.SimpleStateMachine4Testing (SimpleStateMachine4Testing.java:applyTransaction(248)) - applyTransaction for log index 197
2023-11-07 01:40:13,970 [s0@group-9374E8E70514-StateMachineUpdater] INFO  impl.SimpleStateMachine4Testing (SimpleStateMachine4Testing.java:put(205)) - s0: put 197, m98 -> (t:1, i:197), STATEMACHINELOGENTRY, 359@client-3518E60E60AE
2023-11-07 01:40:13,973 [s0@group-9374E8E70514-StateMachineUpdater] INFO  impl.SimpleStateMachine4Testing (SimpleStateMachine4Testing.java:applyTransaction(248)) - applyTransaction for log index 199
2023-11-07 01:40:13,973 [s0@group-9374E8E70514-StateMachineUpdater] INFO  impl.SimpleStateMachine4Testing (SimpleStateMachine4Testing.java:put(205)) - s0: put 199, m99 -> (t:1, i:199), STATEMACHINELOGENTRY, 360@client-3518E60E60AE
2023-11-07 01:40:13,975 [s0@group-9374E8E70514-StateMachineUpdater] INFO  impl.SimpleStateMachine4Testing (SimpleStateMachine4Testing.java:applyTransaction(248)) - applyTransaction for log index 201
2023-11-07 01:40:13,975 [s0@group-9374E8E70514-StateMachineUpdater] INFO  impl.SimpleStateMachine4Testing (SimpleStateMachine4Testing.java:put(205)) - s0: put 201, m100 -> (t:1, i:201), STATEMACHINELOGENTRY, 361@client-3518E60E60AE
2023-11-07 01:40:13,978 [s0@group-9374E8E70514-StateMachineUpdater] INFO  impl.SimpleStateMachine4Testing (SimpleStateMachine4Testing.java:applyTransaction(248)) - applyTransaction for log index 203
2023-11-07 01:40:13,978 [s0@group-9374E8E70514-StateMachineUpdater] INFO  impl.SimpleStateMachine4Testing (SimpleStateMachine4Testing.java:put(205)) - s0: put 203, m101 -> (t:1, i:203), STATEMACHINELOGENTRY, 362@client-3518E60E60AE
2023-11-07 01:40:13,980 [s0@group-9374E8E70514-StateMachineUpdater] INFO  impl.SimpleStateMachine4Testing (SimpleStateMachine4Testing.java:applyTransaction(248)) - applyTransaction for log index 205
2023-11-07 01:40:13,980 [s0@group-9374E8E70514-StateMachineUpdater] INFO  impl.SimpleStateMachine4Testing (SimpleStateMachine4Testing.java:put(205)) - s0: put 205, m102 -> (t:1, i:205), STATEMACHINELOGENTRY, 363@client-3518E60E60AE
2023-11-07 01:40:13,982 [s0@group-9374E8E70514-StateMachineUpdater] INFO  impl.SimpleStateMachine4Testing (SimpleStateMachine4Testing.java:applyTransaction(248)) - applyTransaction for log index 207
2023-11-07 01:40:13,983 [s0@group-9374E8E70514-StateMachineUpdater] INFO  impl.SimpleStateMachine4Testing (SimpleStateMachine4Testing.java:put(205)) - s0: put 207, m103 -> (t:1, i:207), STATEMACHINELOGENTRY, 364@client-3518E60E60AE
2023-11-07 01:40:13,985 [s0@group-9374E8E70514-StateMachineUpdater] INFO  impl.SimpleStateMachine4Testing (SimpleStateMachine4Testing.java:applyTransaction(248)) - applyTransaction for log index 209
2023-11-07 01:40:13,985 [s0@group-9374E8E70514-StateMachineUpdater] INFO  impl.SimpleStateMachine4Testing (SimpleStateMachine4Testing.java:put(205)) - s0: put 209, m104 -> (t:1, i:209), STATEMACHINELOGENTRY, 365@client-3518E60E60AE
2023-11-07 01:40:13,988 [s0@group-9374E8E70514-StateMachineUpdater] INFO  impl.SimpleStateMachine4Testing (SimpleStateMachine4Testing.java:applyTransaction(248)) - applyTransaction for log index 211
2023-11-07 01:40:13,988 [s0@group-9374E8E70514-StateMachineUpdater] INFO  impl.SimpleStateMachine4Testing (SimpleStateMachine4Testing.java:put(205)) - s0: put 211, m105 -> (t:1, i:211), STATEMACHINELOGENTRY, 366@client-3518E60E60AE
2023-11-07 01:40:13,990 [s0@group-9374E8E70514-StateMachineUpdater] INFO  impl.SimpleStateMachine4Testing (SimpleStateMachine4Testing.java:applyTransaction(248)) - applyTransaction for log index 213
2023-11-07 01:40:13,990 [s0@group-9374E8E70514-StateMachineUpdater] INFO  impl.SimpleStateMachine4Testing (SimpleStateMachine4Testing.java:put(205)) - s0: put 213, m106 -> (t:1, i:213), STATEMACHINELOGENTRY, 367@client-3518E60E60AE
2023-11-07 01:40:13,993 [s0@group-9374E8E70514-StateMachineUpdater] INFO  impl.SimpleStateMachine4Testing (SimpleStateMachine4Testing.java:applyTransaction(248)) - applyTransaction for log index 215
2023-11-07 01:40:13,993 [s0@group-9374E8E70514-StateMachineUpdater] INFO  impl.SimpleStateMachine4Testing (SimpleStateMachine4Testing.java:put(205)) - s0: put 215, m107 -> (t:1, i:215), STATEMACHINELOGENTRY, 368@client-3518E60E60AE
2023-11-07 01:40:13,997 [s0@group-9374E8E70514-StateMachineUpdater] INFO  impl.SimpleStateMachine4Testing (SimpleStateMachine4Testing.java:applyTransaction(248)) - applyTransaction for log index 217
2023-11-07 01:40:13,997 [s0@group-9374E8E70514-StateMachineUpdater] INFO  impl.SimpleStateMachine4Testing (SimpleStateMachine4Testing.java:put(205)) - s0: put 217, m108 -> (t:1, i:217), STATEMACHINELOGENTRY, 369@client-3518E60E60AE
2023-11-07 01:40:13,999 [s0@group-9374E8E70514-StateMachineUpdater] INFO  impl.SimpleStateMachine4Testing (SimpleStateMachine4Testing.java:applyTransaction(248)) - applyTransaction for log index 219
2023-11-07 01:40:13,999 [s0@group-9374E8E70514-StateMachineUpdater] INFO  impl.SimpleStateMachine4Testing (SimpleStateMachine4Testing.java:put(205)) - s0: put 219, m109 -> (t:1, i:219), STATEMACHINELOGENTRY, 370@client-3518E60E60AE
2023-11-07 01:40:14,002 [s0@group-9374E8E70514-StateMachineUpdater] INFO  impl.SimpleStateMachine4Testing (SimpleStateMachine4Testing.java:applyTransaction(248)) - applyTransaction for log index 221
2023-11-07 01:40:14,002 [s0@group-9374E8E70514-StateMachineUpdater] INFO  impl.SimpleStateMachine4Testing (SimpleStateMachine4Testing.java:put(205)) - s0: put 221, m110 -> (t:1, i:221), STATEMACHINELOGENTRY, 371@client-3518E60E60AE
2023-11-07 01:40:14,005 [s0@group-9374E8E70514-StateMachineUpdater] INFO  impl.SimpleStateMachine4Testing (SimpleStateMachine4Testing.java:applyTransaction(248)) - applyTransaction for log index 223
2023-11-07 01:40:14,005 [s0@group-9374E8E70514-StateMachineUpdater] INFO  impl.SimpleStateMachine4Testing (SimpleStateMachine4Testing.java:put(205)) - s0: put 223, m111 -> (t:1, i:223), STATEMACHINELOGENTRY, 372@client-3518E60E60AE
2023-11-07 01:40:14,008 [s0@group-9374E8E70514-StateMachineUpdater] INFO  impl.SimpleStateMachine4Testing (SimpleStateMachine4Testing.java:applyTransaction(248)) - applyTransaction for log index 225
2023-11-07 01:40:14,008 [s0@group-9374E8E70514-StateMachineUpdater] INFO  impl.SimpleStateMachine4Testing (SimpleStateMachine4Testing.java:put(205)) - s0: put 225, m112 -> (t:1, i:225), STATEMACHINELOGENTRY, 373@client-3518E60E60AE
2023-11-07 01:40:14,010 [s0@group-9374E8E70514-StateMachineUpdater] INFO  impl.SimpleStateMachine4Testing (SimpleStateMachine4Testing.java:applyTransaction(248)) - applyTransaction for log index 227
2023-11-07 01:40:14,010 [s0@group-9374E8E70514-StateMachineUpdater] INFO  impl.SimpleStateMachine4Testing (SimpleStateMachine4Testing.java:put(205)) - s0: put 227, m113 -> (t:1, i:227), STATEMACHINELOGENTRY, 374@client-3518E60E60AE
2023-11-07 01:40:14,013 [s0@group-9374E8E70514-StateMachineUpdater] INFO  impl.SimpleStateMachine4Testing (SimpleStateMachine4Testing.java:applyTransaction(248)) - applyTransaction for log index 229
2023-11-07 01:40:14,013 [s0@group-9374E8E70514-StateMachineUpdater] INFO  impl.SimpleStateMachine4Testing (SimpleStateMachine4Testing.java:put(205)) - s0: put 229, m114 -> (t:1, i:229), STATEMACHINELOGENTRY, 375@client-3518E60E60AE
2023-11-07 01:40:14,015 [s0@group-9374E8E70514-StateMachineUpdater] INFO  impl.SimpleStateMachine4Testing (SimpleStateMachine4Testing.java:applyTransaction(248)) - applyTransaction for log index 231
2023-11-07 01:40:14,016 [s0@group-9374E8E70514-StateMachineUpdater] INFO  impl.SimpleStateMachine4Testing (SimpleStateMachine4Testing.java:put(205)) - s0: put 231, m115 -> (t:1, i:231), STATEMACHINELOGENTRY, 376@client-3518E60E60AE
2023-11-07 01:40:14,019 [s0@group-9374E8E70514-StateMachineUpdater] INFO  impl.SimpleStateMachine4Testing (SimpleStateMachine4Testing.java:applyTransaction(248)) - applyTransaction for log index 233
2023-11-07 01:40:14,019 [s0@group-9374E8E70514-StateMachineUpdater] INFO  impl.SimpleStateMachine4Testing (SimpleStateMachine4Testing.java:put(205)) - s0: put 233, m116 -> (t:1, i:233), STATEMACHINELOGENTRY, 377@client-3518E60E60AE
2023-11-07 01:40:14,022 [s0@group-9374E8E70514-StateMachineUpdater] INFO  impl.SimpleStateMachine4Testing (SimpleStateMachine4Testing.java:applyTransaction(248)) - applyTransaction for log index 235
2023-11-07 01:40:14,022 [s0@group-9374E8E70514-StateMachineUpdater] INFO  impl.SimpleStateMachine4Testing (SimpleStateMachine4Testing.java:put(205)) - s0: put 235, m117 -> (t:1, i:235), STATEMACHINELOGENTRY, 378@client-3518E60E60AE
2023-11-07 01:40:14,024 [s0@group-9374E8E70514-StateMachineUpdater] INFO  impl.SimpleStateMachine4Testing (SimpleStateMachine4Testing.java:applyTransaction(248)) - applyTransaction for log index 237
2023-11-07 01:40:14,024 [s0@group-9374E8E70514-StateMachineUpdater] INFO  impl.SimpleStateMachine4Testing (SimpleStateMachine4Testing.java:put(205)) - s0: put 237, m118 -> (t:1, i:237), STATEMACHINELOGENTRY, 379@client-3518E60E60AE
2023-11-07 01:40:14,027 [s0@group-9374E8E70514-StateMachineUpdater] INFO  impl.SimpleStateMachine4Testing (SimpleStateMachine4Testing.java:applyTransaction(248)) - applyTransaction for log index 239
2023-11-07 01:40:14,027 [s0@group-9374E8E70514-StateMachineUpdater] INFO  impl.SimpleStateMachine4Testing (SimpleStateMachine4Testing.java:put(205)) - s0: put 239, m119 -> (t:1, i:239), STATEMACHINELOGENTRY, 380@client-3518E60E60AE
2023-11-07 01:40:14,029 [s0@group-9374E8E70514-StateMachineUpdater] INFO  impl.SimpleStateMachine4Testing (SimpleStateMachine4Testing.java:applyTransaction(248)) - applyTransaction for log index 241
2023-11-07 01:40:14,029 [s0@group-9374E8E70514-StateMachineUpdater] INFO  impl.SimpleStateMachine4Testing (SimpleStateMachine4Testing.java:put(205)) - s0: put 241, m120 -> (t:1, i:241), STATEMACHINELOGENTRY, 381@client-3518E60E60AE
2023-11-07 01:40:14,032 [s0@group-9374E8E70514-StateMachineUpdater] INFO  impl.SimpleStateMachine4Testing (SimpleStateMachine4Testing.java:applyTransaction(248)) - applyTransaction for log index 243
2023-11-07 01:40:14,032 [s0@group-9374E8E70514-StateMachineUpdater] INFO  impl.SimpleStateMachine4Testing (SimpleStateMachine4Testing.java:put(205)) - s0: put 243, m121 -> (t:1, i:243), STATEMACHINELOGENTRY, 382@client-3518E60E60AE
2023-11-07 01:40:14,034 [s0@group-9374E8E70514-StateMachineUpdater] INFO  impl.SimpleStateMachine4Testing (SimpleStateMachine4Testing.java:applyTransaction(248)) - applyTransaction for log index 245
2023-11-07 01:40:14,034 [s0@group-9374E8E70514-StateMachineUpdater] INFO  impl.SimpleStateMachine4Testing (SimpleStateMachine4Testing.java:put(205)) - s0: put 245, m122 -> (t:1, i:245), STATEMACHINELOGENTRY, 383@client-3518E60E60AE
2023-11-07 01:40:14,037 [s0@group-9374E8E70514-StateMachineUpdater] INFO  impl.SimpleStateMachine4Testing (SimpleStateMachine4Testing.java:applyTransaction(248)) - applyTransaction for log index 247
2023-11-07 01:40:14,037 [s0@group-9374E8E70514-StateMachineUpdater] INFO  impl.SimpleStateMachine4Testing (SimpleStateMachine4Testing.java:put(205)) - s0: put 247, m123 -> (t:1, i:247), STATEMACHINELOGENTRY, 384@client-3518E60E60AE
2023-11-07 01:40:14,039 [s0@group-9374E8E70514-StateMachineUpdater] INFO  impl.SimpleStateMachine4Testing (SimpleStateMachine4Testing.java:applyTransaction(248)) - applyTransaction for log index 249
2023-11-07 01:40:14,039 [s0@group-9374E8E70514-StateMachineUpdater] INFO  impl.SimpleStateMachine4Testing (SimpleStateMachine4Testing.java:put(205)) - s0: put 249, m124 -> (t:1, i:249), STATEMACHINELOGENTRY, 385@client-3518E60E60AE
2023-11-07 01:40:14,042 [s0@group-9374E8E70514-StateMachineUpdater] INFO  impl.SimpleStateMachine4Testing (SimpleStateMachine4Testing.java:applyTransaction(248)) - applyTransaction for log index 251
2023-11-07 01:40:14,042 [s0@group-9374E8E70514-StateMachineUpdater] INFO  impl.SimpleStateMachine4Testing (SimpleStateMachine4Testing.java:put(205)) - s0: put 251, m125 -> (t:1, i:251), STATEMACHINELOGENTRY, 386@client-3518E60E60AE
2023-11-07 01:40:14,044 [s0@group-9374E8E70514-StateMachineUpdater] INFO  impl.SimpleStateMachine4Testing (SimpleStateMachine4Testing.java:applyTransaction(248)) - applyTransaction for log index 253
2023-11-07 01:40:14,044 [s0@group-9374E8E70514-StateMachineUpdater] INFO  impl.SimpleStateMachine4Testing (SimpleStateMachine4Testing.java:put(205)) - s0: put 253, m126 -> (t:1, i:253), STATEMACHINELOGENTRY, 387@client-3518E60E60AE
2023-11-07 01:40:14,059 [s0-server-thread1] INFO  server.RaftServer$Division (RaftServerImpl.java:takeSnapshotAsync(1194)) - s0@group-9374E8E70514: takeSnapshotAsync SnapshotManagementRequest:client-3518E60E60AE->s0@group-9374E8E70514, cid=388, seq=null, RO, null, Create:
2023-11-07 01:40:14,059 [s0-server-thread1] INFO  server.RaftServerConfigKeys (ConfUtils.java:logGet(46)) - raft.server.snapshot.creation.gap = 1024 (default)
2023-11-07 01:40:14,068 [Time-limited test] INFO  impl.MiniRaftCluster (MiniRaftCluster.java:addNewPeers(464)) - Add new peers [s1, s2]
2023-11-07 01:40:14,069 [Time-limited test] INFO  impl.MiniRaftCluster (MiniRaftCluster.java:newRaftServer(382)) - newRaftServer: s1, group-9374E8E70514:[], format? true
2023-11-07 01:40:14,069 [Time-limited test] TRACE util.FileUtils (FileUtils.java:deleteFully(305)) - deleteFully target/test/data/1674ca6a/MiniRaftClusterWithGrpccd30c539/s1
2023-11-07 01:40:14,069 [Time-limited test] TRACE util.FileUtils (FileUtils.java:deleteFully(318)) - deleteFully: target/test/data/1674ca6a/MiniRaftClusterWithGrpccd30c539/s1 does not exist.
2023-11-07 01:40:14,069 [Time-limited test] INFO  impl.MiniRaftCluster (MiniRaftCluster.java:newRaftServer(387)) - Formatted directory target/test/data/1674ca6a/MiniRaftClusterWithGrpccd30c539/s1
2023-11-07 01:40:14,069 [Time-limited test] INFO  server.RaftServer (ConfUtils.java:logGet(46)) - raft.rpc.type = GRPC (default)
2023-11-07 01:40:14,070 [Time-limited test] INFO  grpc.GrpcConfigKeys (ConfUtils.java:logFallback(53)) - raft.grpc.admin.host = null (fallback to raft.grpc.server.host)
2023-11-07 01:40:14,070 [Time-limited test] INFO  grpc.GrpcConfigKeys (ConfUtils.java:logFallback(53)) - raft.grpc.admin.port = 38659 (fallback to raft.grpc.server.port)
2023-11-07 01:40:14,070 [Time-limited test] INFO  grpc.GrpcConfigKeys (ConfUtils.java:logFallback(53)) - raft.grpc.client.host = null (fallback to raft.grpc.server.host)
2023-11-07 01:40:14,070 [Time-limited test] INFO  grpc.GrpcConfigKeys (ConfUtils.java:logFallback(53)) - raft.grpc.client.port = 38659 (fallback to raft.grpc.server.port)
2023-11-07 01:40:14,070 [Time-limited test] INFO  grpc.GrpcConfigKeys (ConfUtils.java:logGet(46)) - raft.grpc.server.host = null (default)
2023-11-07 01:40:14,070 [Time-limited test] INFO  grpc.GrpcConfigKeys (ConfUtils.java:logGet(46)) - raft.grpc.server.port = 38659 (custom)
2023-11-07 01:40:14,070 [Time-limited test] INFO  server.GrpcService (ConfUtils.java:logGet(46)) - raft.grpc.message.size.max = 64MB (=67108864) (default)
2023-11-07 01:40:14,070 [Time-limited test] INFO  server.RaftServerConfigKeys (ConfUtils.java:logGet(46)) - raft.server.log.appender.buffer.byte-limit = 4MB (=4194304) (default)
2023-11-07 01:40:14,070 [Time-limited test] INFO  server.GrpcService (ConfUtils.java:logGet(46)) - raft.grpc.flow.control.window = 1MB (=1048576) (default)
2023-11-07 01:40:14,070 [Time-limited test] INFO  server.RaftServerConfigKeys (ConfUtils.java:logGet(46)) - raft.server.rpc.request.timeout = 3000ms (default)
2023-11-07 01:40:14,071 [Time-limited test] INFO  grpc.GrpcConfigKeys (ConfUtils.java:logGet(46)) - raft.grpc.server.heartbeat.channel = true (default)
2023-11-07 01:40:14,071 [Time-limited test] INFO  grpc.GrpcConfigKeys (ConfUtils.java:logGet(46)) - raft.grpc.server.async.request.thread.pool.cached = true (default)
2023-11-07 01:40:14,071 [Time-limited test] INFO  grpc.GrpcConfigKeys (ConfUtils.java:logGet(46)) - raft.grpc.server.async.request.thread.pool.size = 32 (default)
2023-11-07 01:40:14,072 [Time-limited test] INFO  impl.DataStreamServerImpl (ConfUtils.java:logGet(46)) - raft.datastream.type = DISABLED (default)
2023-11-07 01:40:14,072 [Time-limited test] INFO  server.RaftServerConfigKeys (ConfUtils.java:logGet(46)) - raft.server.sleep.deviation.threshold = 300ms (default)
2023-11-07 01:40:14,072 [Time-limited test] INFO  server.RaftServerConfigKeys (ConfUtils.java:logGet(46)) - raft.server.close.threshold = 60s (default)
2023-11-07 01:40:14,072 [Time-limited test] INFO  server.RaftServerConfigKeys (ConfUtils.java:logGet(46)) - raft.server.leaderelection.leader.step-down.wait-time = 10s (default)
2023-11-07 01:40:14,072 [Time-limited test] INFO  server.RaftServerConfigKeys (ConfUtils.java:logGet(46)) - raft.server.storage.dir = [/home/runner/work/ratis/ratis/ratis-test/target/test/data/1674ca6a/MiniRaftClusterWithGrpccd30c539/s1] (custom)
2023-11-07 01:40:14,072 [Time-limited test] INFO  server.RaftServerConfigKeys (ConfUtils.java:logGet(46)) - raft.server.threadpool.proxy.cached = true (default)
2023-11-07 01:40:14,072 [Time-limited test] INFO  server.RaftServerConfigKeys (ConfUtils.java:logGet(46)) - raft.server.threadpool.proxy.size = 0 (default)
2023-11-07 01:40:14,073 [Time-limited test] INFO  server.RaftServer (RaftServerProxy.java:addNew(100)) - s1: addNew group-9374E8E70514:[] returns group-9374E8E70514:java.util.concurrent.CompletableFuture@6c8d75e5[Not completed]
2023-11-07 01:40:14,073 [Time-limited test] INFO  impl.MiniRaftCluster (MiniRaftCluster.java:newRaftServer(382)) - newRaftServer: s2, group-9374E8E70514:[], format? true
2023-11-07 01:40:14,073 [Time-limited test] TRACE util.FileUtils (FileUtils.java:deleteFully(305)) - deleteFully target/test/data/1674ca6a/MiniRaftClusterWithGrpccd30c539/s2
2023-11-07 01:40:14,073 [Time-limited test] TRACE util.FileUtils (FileUtils.java:deleteFully(318)) - deleteFully: target/test/data/1674ca6a/MiniRaftClusterWithGrpccd30c539/s2 does not exist.
2023-11-07 01:40:14,073 [Time-limited test] INFO  impl.MiniRaftCluster (MiniRaftCluster.java:newRaftServer(387)) - Formatted directory target/test/data/1674ca6a/MiniRaftClusterWithGrpccd30c539/s2
2023-11-07 01:40:14,074 [Time-limited test] INFO  server.RaftServer (ConfUtils.java:logGet(46)) - raft.rpc.type = GRPC (default)
2023-11-07 01:40:14,074 [Time-limited test] INFO  grpc.GrpcConfigKeys (ConfUtils.java:logFallback(53)) - raft.grpc.admin.host = null (fallback to raft.grpc.server.host)
2023-11-07 01:40:14,074 [Time-limited test] INFO  grpc.GrpcConfigKeys (ConfUtils.java:logFallback(53)) - raft.grpc.admin.port = 35899 (fallback to raft.grpc.server.port)
2023-11-07 01:40:14,074 [Time-limited test] INFO  grpc.GrpcConfigKeys (ConfUtils.java:logFallback(53)) - raft.grpc.client.host = null (fallback to raft.grpc.server.host)
2023-11-07 01:40:14,074 [Time-limited test] INFO  grpc.GrpcConfigKeys (ConfUtils.java:logFallback(53)) - raft.grpc.client.port = 35899 (fallback to raft.grpc.server.port)
2023-11-07 01:40:14,074 [Time-limited test] INFO  grpc.GrpcConfigKeys (ConfUtils.java:logGet(46)) - raft.grpc.server.host = null (default)
2023-11-07 01:40:14,075 [Time-limited test] INFO  grpc.GrpcConfigKeys (ConfUtils.java:logGet(46)) - raft.grpc.server.port = 35899 (custom)
2023-11-07 01:40:14,075 [Time-limited test] INFO  server.GrpcService (ConfUtils.java:logGet(46)) - raft.grpc.message.size.max = 64MB (=67108864) (default)
2023-11-07 01:40:14,075 [Time-limited test] INFO  server.RaftServerConfigKeys (ConfUtils.java:logGet(46)) - raft.server.log.appender.buffer.byte-limit = 4MB (=4194304) (default)
2023-11-07 01:40:14,075 [Time-limited test] INFO  server.GrpcService (ConfUtils.java:logGet(46)) - raft.grpc.flow.control.window = 1MB (=1048576) (default)
2023-11-07 01:40:14,075 [Time-limited test] INFO  server.RaftServerConfigKeys (ConfUtils.java:logGet(46)) - raft.server.rpc.request.timeout = 3000ms (default)
2023-11-07 01:40:14,075 [Time-limited test] INFO  grpc.GrpcConfigKeys (ConfUtils.java:logGet(46)) - raft.grpc.server.heartbeat.channel = true (default)
2023-11-07 01:40:14,075 [Time-limited test] INFO  grpc.GrpcConfigKeys (ConfUtils.java:logGet(46)) - raft.grpc.server.async.request.thread.pool.cached = true (default)
2023-11-07 01:40:14,075 [Time-limited test] INFO  grpc.GrpcConfigKeys (ConfUtils.java:logGet(46)) - raft.grpc.server.async.request.thread.pool.size = 32 (default)
2023-11-07 01:40:14,076 [Time-limited test] INFO  impl.DataStreamServerImpl (ConfUtils.java:logGet(46)) - raft.datastream.type = DISABLED (default)
2023-11-07 01:40:14,076 [Time-limited test] INFO  server.RaftServerConfigKeys (ConfUtils.java:logGet(46)) - raft.server.sleep.deviation.threshold = 300ms (default)
2023-11-07 01:40:14,076 [Time-limited test] INFO  server.RaftServerConfigKeys (ConfUtils.java:logGet(46)) - raft.server.close.threshold = 60s (default)
2023-11-07 01:40:14,076 [Time-limited test] INFO  server.RaftServerConfigKeys (ConfUtils.java:logGet(46)) - raft.server.leaderelection.leader.step-down.wait-time = 10s (default)
2023-11-07 01:40:14,076 [Time-limited test] INFO  server.RaftServerConfigKeys (ConfUtils.java:logGet(46)) - raft.server.storage.dir = [/home/runner/work/ratis/ratis/ratis-test/target/test/data/1674ca6a/MiniRaftClusterWithGrpccd30c539/s2] (custom)
2023-11-07 01:40:14,076 [Time-limited test] INFO  server.RaftServerConfigKeys (ConfUtils.java:logGet(46)) - raft.server.threadpool.proxy.cached = true (default)
2023-11-07 01:40:14,076 [Time-limited test] INFO  server.RaftServerConfigKeys (ConfUtils.java:logGet(46)) - raft.server.threadpool.proxy.size = 0 (default)
2023-11-07 01:40:14,077 [s1-groupManagement] INFO  server.RaftServerConfigKeys (ConfUtils.java:logGet(46)) - raft.server.log.segment.size.max = 32MB (=33554432) (default)
2023-11-07 01:40:14,077 [s1-groupManagement] INFO  server.RaftServerConfigKeys (ConfUtils.java:logGet(46)) - raft.server.log.preallocated.size = 4MB (=4194304) (default)
2023-11-07 01:40:14,077 [s1-groupManagement] INFO  server.RaftServerConfigKeys (ConfUtils.java:logGet(46)) - raft.server.log.write.buffer.size = 64KB (=65536) (default)
2023-11-07 01:40:14,077 [s1-groupManagement] INFO  server.RaftServer$Division (RaftServerImpl.java:<init>(255)) - s1: new RaftServerImpl for group-9374E8E70514:[] with StateMachineWithMultiNestedSnapshotFile:uninitialized
2023-11-07 01:40:14,077 [s1-groupManagement] INFO  server.RaftServerConfigKeys (ConfUtils.java:logGet(46)) - raft.server.rpc.timeout.min = 150ms (default)
2023-11-07 01:40:14,077 [s1-groupManagement] INFO  server.RaftServerConfigKeys (ConfUtils.java:logGet(46)) - raft.server.rpc.timeout.max = 300ms (default)
2023-11-07 01:40:14,077 [s1-groupManagement] INFO  server.RaftServerConfigKeys (ConfUtils.java:logGet(46)) - raft.server.rpc.sleep.time = 25ms (default)
2023-11-07 01:40:14,077 [s1-groupManagement] INFO  server.RaftServerConfigKeys (ConfUtils.java:logGet(46)) - raft.server.rpc.slowness.timeout = 60s (default)
2023-11-07 01:40:14,077 [s1-groupManagement] INFO  server.RaftServerConfigKeys (ConfUtils.java:logGet(46)) - raft.server.leaderelection.leader.step-down.wait-time = 10s (default)
2023-11-07 01:40:14,077 [s1-groupManagement] INFO  server.RaftServerConfigKeys (ConfUtils.java:logGet(46)) - raft.server.sleep.deviation.threshold = 300ms (default)
2023-11-07 01:40:14,077 [s1-groupManagement] INFO  server.RaftServer$Division (ServerState.java:<init>(113)) - s1@group-9374E8E70514: ConfigurationManager, init=-1: peers:[]|listeners:[], old=null, confs=<EMPTY_MAP>
2023-11-07 01:40:14,077 [s1-groupManagement] INFO  server.RaftServerConfigKeys (ConfUtils.java:logGet(46)) - raft.server.notification.no-leader.timeout = 60s (default)
2023-11-07 01:40:14,077 [s1-groupManagement] INFO  server.RaftServerConfigKeys (ConfUtils.java:logGet(46)) - raft.server.read.timeout = 10s (default)
2023-11-07 01:40:14,077 [s1-groupManagement] INFO  server.RaftServerConfigKeys (ConfUtils.java:logGet(46)) - raft.server.retrycache.expirytime = 60s (default)
2023-11-07 01:40:14,077 [s1-groupManagement] INFO  server.RaftServerConfigKeys (ConfUtils.java:logGet(46)) - raft.server.retrycache.statistics.expirytime = 100ms (default)
2023-11-07 01:40:14,078 [s1-groupManagement] INFO  server.RaftServerConfigKeys (ConfUtils.java:logGet(46)) - raft.server.read.option = DEFAULT (default)
2023-11-07 01:40:14,078 [s1-groupManagement] INFO  server.RaftServerConfigKeys (ConfUtils.java:logGet(46)) - raft.server.read.read-after-write-consistent.write-index-cache.expiry-time = 60s (default)
2023-11-07 01:40:14,079 [s1-groupManagement] INFO  server.RaftServerConfigKeys (ConfUtils.java:logGet(46)) - raft.server.rpc.request.timeout = 3000ms (default)
2023-11-07 01:40:14,079 [s1-groupManagement] INFO  server.RaftServerConfigKeys (ConfUtils.java:logGet(46)) - raft.server.log.appender.install.snapshot.enabled = true (default)
2023-11-07 01:40:14,079 [s1-groupManagement] INFO  server.RaftServerConfigKeys (ConfUtils.java:logGet(46)) - raft.server.threadpool.server.cached = true (default)
2023-11-07 01:40:14,079 [s1-groupManagement] INFO  server.RaftServerConfigKeys (ConfUtils.java:logGet(46)) - raft.server.threadpool.server.size = 0 (default)
2023-11-07 01:40:14,079 [s1-groupManagement] INFO  server.RaftServerConfigKeys (ConfUtils.java:logGet(46)) - raft.server.threadpool.client.cached = true (default)
2023-11-07 01:40:14,079 [s1-groupManagement] INFO  server.RaftServerConfigKeys (ConfUtils.java:logGet(46)) - raft.server.threadpool.client.size = 0 (default)
2023-11-07 01:40:14,083 [Time-limited test] INFO  server.RaftServer (RaftServerProxy.java:addNew(100)) - s2: addNew group-9374E8E70514:[] returns group-9374E8E70514:java.util.concurrent.CompletableFuture@64df8c10[Not completed]
2023-11-07 01:40:14,083 [s1-impl-thread1] INFO  server.RaftServerConfigKeys (ConfUtils.java:logGet(46)) - raft.server.storage.free-space.min = 0MB (=0) (default)
2023-11-07 01:40:14,083 [s1-impl-thread1] INFO  server.RaftServerConfigKeys (ConfUtils.java:logGet(46)) - raft.server.log.corruption.policy = EXCEPTION (default)
2023-11-07 01:40:14,083 [s1-impl-thread1] INFO  server.RaftServerConfigKeys (ConfUtils.java:logGet(46)) - raft.server.storage.dir = [/home/runner/work/ratis/ratis/ratis-test/target/test/data/1674ca6a/MiniRaftClusterWithGrpccd30c539/s1] (custom)
2023-11-07 01:40:14,083 [s1-impl-thread1] INFO  storage.RaftStorageDirectory (RaftStorageDirectoryImpl.java:analyzeStorage(138)) - The storage directory /home/runner/work/ratis/ratis/ratis-test/target/test/data/1674ca6a/MiniRaftClusterWithGrpccd30c539/s1/a03e6c99-360c-48ec-a7cd-9374e8e70514 does not exist. Creating ...
2023-11-07 01:40:14,084 [s1-impl-thread1] TRACE util.FileUtils (LogUtils.java:runAndLog(49)) - Successfully ran Files.createDirectories /home/runner/work/ratis/ratis/ratis-test/target/test/data/1674ca6a/MiniRaftClusterWithGrpccd30c539/s1/a03e6c99-360c-48ec-a7cd-9374e8e70514
2023-11-07 01:40:14,084 [s2-groupManagement] INFO  server.RaftServerConfigKeys (ConfUtils.java:logGet(46)) - raft.server.log.segment.size.max = 32MB (=33554432) (default)
2023-11-07 01:40:14,084 [s2-groupManagement] INFO  server.RaftServerConfigKeys (ConfUtils.java:logGet(46)) - raft.server.log.preallocated.size = 4MB (=4194304) (default)
2023-11-07 01:40:14,084 [s2-groupManagement] INFO  server.RaftServerConfigKeys (ConfUtils.java:logGet(46)) - raft.server.log.write.buffer.size = 64KB (=65536) (default)
2023-11-07 01:40:14,084 [s2-groupManagement] INFO  server.RaftServer$Division (RaftServerImpl.java:<init>(255)) - s2: new RaftServerImpl for group-9374E8E70514:[] with StateMachineWithMultiNestedSnapshotFile:uninitialized
2023-11-07 01:40:14,085 [s2-groupManagement] INFO  server.RaftServerConfigKeys (ConfUtils.java:logGet(46)) - raft.server.rpc.timeout.min = 150ms (default)
2023-11-07 01:40:14,085 [s2-groupManagement] INFO  server.RaftServerConfigKeys (ConfUtils.java:logGet(46)) - raft.server.rpc.timeout.max = 300ms (default)
2023-11-07 01:40:14,085 [s2-groupManagement] INFO  server.RaftServerConfigKeys (ConfUtils.java:logGet(46)) - raft.server.rpc.sleep.time = 25ms (default)
2023-11-07 01:40:14,085 [s2-groupManagement] INFO  server.RaftServerConfigKeys (ConfUtils.java:logGet(46)) - raft.server.rpc.slowness.timeout = 60s (default)
2023-11-07 01:40:14,085 [s2-groupManagement] INFO  server.RaftServerConfigKeys (ConfUtils.java:logGet(46)) - raft.server.leaderelection.leader.step-down.wait-time = 10s (default)
2023-11-07 01:40:14,085 [s2-groupManagement] INFO  server.RaftServerConfigKeys (ConfUtils.java:logGet(46)) - raft.server.sleep.deviation.threshold = 300ms (default)
2023-11-07 01:40:14,085 [s2-groupManagement] INFO  server.RaftServer$Division (ServerState.java:<init>(113)) - s2@group-9374E8E70514: ConfigurationManager, init=-1: peers:[]|listeners:[], old=null, confs=<EMPTY_MAP>
2023-11-07 01:40:14,085 [s2-groupManagement] INFO  server.RaftServerConfigKeys (ConfUtils.java:logGet(46)) - raft.server.notification.no-leader.timeout = 60s (default)
2023-11-07 01:40:14,085 [s2-groupManagement] INFO  server.RaftServerConfigKeys (ConfUtils.java:logGet(46)) - raft.server.read.timeout = 10s (default)
2023-11-07 01:40:14,085 [s2-groupManagement] INFO  server.RaftServerConfigKeys (ConfUtils.java:logGet(46)) - raft.server.retrycache.expirytime = 60s (default)
2023-11-07 01:40:14,085 [s2-groupManagement] INFO  server.RaftServerConfigKeys (ConfUtils.java:logGet(46)) - raft.server.retrycache.statistics.expirytime = 100ms (default)
2023-11-07 01:40:14,085 [s2-groupManagement] INFO  server.RaftServerConfigKeys (ConfUtils.java:logGet(46)) - raft.server.read.option = DEFAULT (default)
2023-11-07 01:40:14,085 [s2-groupManagement] INFO  server.RaftServerConfigKeys (ConfUtils.java:logGet(46)) - raft.server.read.read-after-write-consistent.write-index-cache.expiry-time = 60s (default)
2023-11-07 01:40:14,085 [s1-impl-thread1] INFO  storage.RaftStorageDirectory (RaftStorageDirectoryImpl.java:tryLock(232)) - Lock on /home/runner/work/ratis/ratis/ratis-test/target/test/data/1674ca6a/MiniRaftClusterWithGrpccd30c539/s1/a03e6c99-360c-48ec-a7cd-9374e8e70514/in_use.lock acquired by nodename 29351@fv-az1231-351
2023-11-07 01:40:14,086 [s1-impl-thread1] TRACE util.FileUtils (LogUtils.java:runAndLog(49)) - Successfully ran Files.createDirectories /home/runner/work/ratis/ratis/ratis-test/target/test/data/1674ca6a/MiniRaftClusterWithGrpccd30c539/s1/a03e6c99-360c-48ec-a7cd-9374e8e70514/current
2023-11-07 01:40:14,086 [s1-impl-thread1] TRACE util.FileUtils (LogUtils.java:runAndLog(49)) - Successfully ran Files.createDirectories /home/runner/work/ratis/ratis/ratis-test/target/test/data/1674ca6a/MiniRaftClusterWithGrpccd30c539/s1/a03e6c99-360c-48ec-a7cd-9374e8e70514/sm
2023-11-07 01:40:14,086 [s1-impl-thread1] TRACE util.FileUtils (LogUtils.java:supplyAndLog(69)) - Successfully supplied FileChannel.open /home/runner/work/ratis/ratis/ratis-test/target/test/data/1674ca6a/MiniRaftClusterWithGrpccd30c539/s1/a03e6c99-360c-48ec-a7cd-9374e8e70514/current/raft-meta.tmp with options [CREATE, WRITE]: sun.nio.ch.FileChannelImpl@3c3cc0c7
2023-11-07 01:40:14,087 [s2-groupManagement] INFO  server.RaftServerConfigKeys (ConfUtils.java:logGet(46)) - raft.server.rpc.request.timeout = 3000ms (default)
2023-11-07 01:40:14,087 [s2-groupManagement] INFO  server.RaftServerConfigKeys (ConfUtils.java:logGet(46)) - raft.server.log.appender.install.snapshot.enabled = true (default)
2023-11-07 01:40:14,087 [s1-impl-thread1] TRACE util.FileUtils (LogUtils.java:runAndLog(49)) - Successfully ran Atomic Files.move /home/runner/work/ratis/ratis/ratis-test/target/test/data/1674ca6a/MiniRaftClusterWithGrpccd30c539/s1/a03e6c99-360c-48ec-a7cd-9374e8e70514/current/raft-meta.tmp to /home/runner/work/ratis/ratis/ratis-test/target/test/data/1674ca6a/MiniRaftClusterWithGrpccd30c539/s1/a03e6c99-360c-48ec-a7cd-9374e8e70514/current/raft-meta with options [REPLACE_EXISTING]
2023-11-07 01:40:14,088 [s2-groupManagement] INFO  server.RaftServerConfigKeys (ConfUtils.java:logGet(46)) - raft.server.threadpool.server.cached = true (default)
2023-11-07 01:40:14,088 [s1-impl-thread1] INFO  storage.RaftStorage (RaftStorageImpl.java:format(97)) - Storage directory /home/runner/work/ratis/ratis/ratis-test/target/test/data/1674ca6a/MiniRaftClusterWithGrpccd30c539/s1/a03e6c99-360c-48ec-a7cd-9374e8e70514 has been successfully formatted.
2023-11-07 01:40:14,088 [s2-groupManagement] INFO  server.RaftServerConfigKeys (ConfUtils.java:logGet(46)) - raft.server.threadpool.server.size = 0 (default)
2023-11-07 01:40:14,088 [s2-groupManagement] INFO  server.RaftServerConfigKeys (ConfUtils.java:logGet(46)) - raft.server.threadpool.client.cached = true (default)
2023-11-07 01:40:14,088 [s2-groupManagement] INFO  server.RaftServerConfigKeys (ConfUtils.java:logGet(46)) - raft.server.threadpool.client.size = 0 (default)
2023-11-07 01:40:14,088 [s1-impl-thread1] INFO  impl.SimpleStateMachine4Testing (SimpleStateMachine4Testing.java:initialize(213)) - Initializing StateMachineWithMultiNestedSnapshotFile:uninitialized
2023-11-07 01:40:14,089 [s1-impl-thread1] INFO  impl.SimpleStateMachine4Testing (SimpleStateMachine4Testing.java:loadSnapshot(296)) - Loading snapshot null
2023-11-07 01:40:14,089 [s1-impl-thread1] INFO  server.RaftServerConfigKeys (ConfUtils.java:logGet(46)) - raft.server.log.use.memory = false (default)
2023-11-07 01:40:14,089 [s1-impl-thread1] INFO  server.RaftServerConfigKeys (ConfUtils.java:logGet(46)) - raft.server.log.purge.gap = 8 (custom)
2023-11-07 01:40:14,089 [s1-impl-thread1] INFO  server.RaftServerConfigKeys (ConfUtils.java:logGet(46)) - raft.server.log.appender.buffer.byte-limit = 4MB (=4194304) (default)
2023-11-07 01:40:14,089 [s1-impl-thread1] INFO  server.RaftServerConfigKeys (ConfUtils.java:logGet(46)) - raft.server.log.statemachine.data.read.timeout = 1000ms (default)
2023-11-07 01:40:14,089 [s1-impl-thread1] INFO  server.RaftServerConfigKeys (ConfUtils.java:logGet(46)) - raft.server.log.purge.preservation.log.num = 0 (default)
2023-11-07 01:40:14,089 [s1-impl-thread1] INFO  server.RaftServerConfigKeys (ConfUtils.java:logGet(46)) - raft.server.log.segment.size.max = 32MB (=33554432) (default)
2023-11-07 01:40:14,090 [s1-impl-thread1] INFO  server.RaftServerConfigKeys (ConfUtils.java:logGet(46)) - raft.server.log.segment.cache.num.max = 6 (default)
2023-11-07 01:40:14,090 [s1-impl-thread1] INFO  server.RaftServerConfigKeys (ConfUtils.java:logGet(46)) - raft.server.log.segment.cache.size.max = 200MB (=209715200) (default)
2023-11-07 01:40:14,090 [s1-impl-thread1] INFO  server.RaftServerConfigKeys (ConfUtils.java:logGet(46)) - raft.server.log.appender.buffer.byte-limit = 4MB (=4194304) (default)
2023-11-07 01:40:14,090 [s1-impl-thread1] INFO  util.AwaitToRun (AwaitToRun.java:start(81)) - Thread[s1@group-9374E8E70514-cacheEviction-AwaitToRun,5,main] started
2023-11-07 01:40:14,090 [s1-impl-thread1] INFO  segmented.SegmentedRaftLogWorker (SegmentedRaftLogWorker.java:<init>(184)) - new s1@group-9374E8E70514-SegmentedRaftLogWorker for RaftStorageImpl:Storage Directory /home/runner/work/ratis/ratis/ratis-test/target/test/data/1674ca6a/MiniRaftClusterWithGrpccd30c539/s1/a03e6c99-360c-48ec-a7cd-9374e8e70514
2023-11-07 01:40:14,090 [s1-impl-thread1] INFO  server.RaftServerConfigKeys (ConfUtils.java:logGet(46)) - raft.server.log.queue.byte-limit = 64MB (=67108864) (default)
2023-11-07 01:40:14,090 [s1-impl-thread1] INFO  server.RaftServerConfigKeys (ConfUtils.java:logGet(46)) - raft.server.log.queue.element-limit = 4096 (default)
2023-11-07 01:40:14,090 [s1-impl-thread1] INFO  server.RaftServerConfigKeys (ConfUtils.java:logGet(46)) - raft.server.log.segment.size.max = 32MB (=33554432) (default)
2023-11-07 01:40:14,090 [s1-impl-thread1] INFO  server.RaftServerConfigKeys (ConfUtils.java:logGet(46)) - raft.server.log.preallocated.size = 4MB (=4194304) (default)
2023-11-07 01:40:14,091 [s1-impl-thread1] INFO  server.RaftServerConfigKeys (ConfUtils.java:logGet(46)) - raft.server.log.force.sync.num = 128 (default)
2023-11-07 01:40:14,091 [s1-impl-thread1] INFO  server.RaftServerConfigKeys (ConfUtils.java:logGet(46)) - raft.server.log.statemachine.data.sync = true (default)
2023-11-07 01:40:14,091 [s1-impl-thread1] INFO  server.RaftServerConfigKeys (ConfUtils.java:logGet(46)) - raft.server.log.statemachine.data.sync.timeout = 10s (default)
2023-11-07 01:40:14,091 [s1-impl-thread1] INFO  server.RaftServerConfigKeys (ConfUtils.java:logGet(46)) - raft.server.log.statemachine.data.sync.timeout.retry = -1 (default)
2023-11-07 01:40:14,091 [s1-impl-thread1] INFO  server.RaftServerConfigKeys (ConfUtils.java:logGet(46)) - raft.server.log.write.buffer.size = 64KB (=65536) (default)
2023-11-07 01:40:14,091 [s1-impl-thread1] INFO  server.RaftServerConfigKeys (ConfUtils.java:logGet(46)) - raft.server.log.appender.buffer.byte-limit = 4MB (=4194304) (default)
2023-11-07 01:40:14,093 [s1-impl-thread1] INFO  server.RaftServerConfigKeys (ConfUtils.java:logGet(46)) - raft.server.log.unsafe-flush.enabled = false (default)
2023-11-07 01:40:14,093 [s1-impl-thread1] INFO  server.RaftServerConfigKeys (ConfUtils.java:logGet(46)) - raft.server.log.async-flush.enabled = false (default)
2023-11-07 01:40:14,093 [s1-impl-thread1] INFO  server.RaftServerConfigKeys (ConfUtils.java:logGet(46)) - raft.server.log.statemachine.data.caching.enabled = false (default)
2023-11-07 01:40:14,094 [s1-impl-thread1] INFO  segmented.SegmentedRaftLogWorker (SegmentedRaftLogWorker.java:lambda$new$0(135)) - s1@group-9374E8E70514-SegmentedRaftLogWorker: flushIndex: setUnconditionally 0 -> -1
2023-11-07 01:40:14,094 [s1-impl-thread1] INFO  segmented.SegmentedRaftLogWorker (SegmentedRaftLogWorker.java:lambda$new$0(135)) - s1@group-9374E8E70514-SegmentedRaftLogWorker: safeCacheEvictIndex: setUnconditionally 0 -> -1
2023-11-07 01:40:14,095 [s1-impl-thread1] INFO  server.RaftServer$Division (RaftServerImpl.java:start(396)) - s1@group-9374E8E70514: start with initializing state, conf=-1: peers:[]|listeners:[], old=null
2023-11-07 01:40:14,095 [s1-impl-thread1] INFO  server.RaftServer$Division (RaftServerImpl.java:setRole(377)) - s1@group-9374E8E70514: changes role from      null to FOLLOWER at term 0 for startInitializing
2023-11-07 01:40:14,095 [s1-impl-thread1] INFO  util.JmxRegister (JmxRegister.java:tryRegister(44)) - Successfully registered JMX Bean with object name Ratis:service=RaftServer,group=group-9374E8E70514,id=s1
2023-11-07 01:40:14,095 [s1-impl-thread1] INFO  server.RaftServerConfigKeys (ConfUtils.java:logGet(46)) - raft.server.snapshot.trigger-when-stop.enabled = true (default)
2023-11-07 01:40:14,095 [s1-impl-thread1] INFO  server.RaftServerConfigKeys (ConfUtils.java:logGet(46)) - raft.server.snapshot.auto.trigger.enabled = true (custom)
2023-11-07 01:40:14,095 [s1-impl-thread1] INFO  server.RaftServerConfigKeys (ConfUtils.java:logGet(46)) - raft.server.snapshot.auto.trigger.threshold = 64 (custom)
2023-11-07 01:40:14,096 [s1-impl-thread1] INFO  server.RaftServerConfigKeys (ConfUtils.java:logGet(46)) - raft.server.snapshot.retention.file.num = -1 (default)
2023-11-07 01:40:14,096 [s1-impl-thread1] INFO  server.RaftServerConfigKeys (ConfUtils.java:logGet(46)) - raft.server.log.purge.upto.snapshot.index = false (default)
2023-11-07 01:40:14,096 [Time-limited test] INFO  server.RaftServer (RaftServerProxy.java:startImpl(406)) - s1: start RPC server
2023-11-07 01:40:14,097 [Time-limited test] INFO  server.GrpcService (GrpcService.java:startImpl(302)) - s1: GrpcService started, listening on 38659
2023-11-07 01:40:14,098 [JvmPauseMonitor7] INFO  util.JvmPauseMonitor (JvmPauseMonitor.java:run(146)) - JvmPauseMonitor-s1: Started
2023-11-07 01:40:14,098 [s2-impl-thread1] INFO  server.RaftServerConfigKeys (ConfUtils.java:logGet(46)) - raft.server.storage.free-space.min = 0MB (=0) (default)
2023-11-07 01:40:14,098 [s2-impl-thread1] INFO  server.RaftServerConfigKeys (ConfUtils.java:logGet(46)) - raft.server.log.corruption.policy = EXCEPTION (default)
2023-11-07 01:40:14,098 [s2-impl-thread1] INFO  server.RaftServerConfigKeys (ConfUtils.java:logGet(46)) - raft.server.storage.dir = [/home/runner/work/ratis/ratis/ratis-test/target/test/data/1674ca6a/MiniRaftClusterWithGrpccd30c539/s2] (custom)
2023-11-07 01:40:14,098 [s2-impl-thread1] INFO  storage.RaftStorageDirectory (RaftStorageDirectoryImpl.java:analyzeStorage(138)) - The storage directory /home/runner/work/ratis/ratis/ratis-test/target/test/data/1674ca6a/MiniRaftClusterWithGrpccd30c539/s2/a03e6c99-360c-48ec-a7cd-9374e8e70514 does not exist. Creating ...
2023-11-07 01:40:14,098 [s2-impl-thread1] TRACE util.FileUtils (LogUtils.java:runAndLog(49)) - Successfully ran Files.createDirectories /home/runner/work/ratis/ratis/ratis-test/target/test/data/1674ca6a/MiniRaftClusterWithGrpccd30c539/s2/a03e6c99-360c-48ec-a7cd-9374e8e70514
2023-11-07 01:40:14,100 [s2-impl-thread1] INFO  storage.RaftStorageDirectory (RaftStorageDirectoryImpl.java:tryLock(232)) - Lock on /home/runner/work/ratis/ratis/ratis-test/target/test/data/1674ca6a/MiniRaftClusterWithGrpccd30c539/s2/a03e6c99-360c-48ec-a7cd-9374e8e70514/in_use.lock acquired by nodename 29351@fv-az1231-351
2023-11-07 01:40:14,100 [s2-impl-thread1] TRACE util.FileUtils (LogUtils.java:runAndLog(49)) - Successfully ran Files.createDirectories /home/runner/work/ratis/ratis/ratis-test/target/test/data/1674ca6a/MiniRaftClusterWithGrpccd30c539/s2/a03e6c99-360c-48ec-a7cd-9374e8e70514/current
2023-11-07 01:40:14,100 [s2-impl-thread1] TRACE util.FileUtils (LogUtils.java:runAndLog(49)) - Successfully ran Files.createDirectories /home/runner/work/ratis/ratis/ratis-test/target/test/data/1674ca6a/MiniRaftClusterWithGrpccd30c539/s2/a03e6c99-360c-48ec-a7cd-9374e8e70514/sm
2023-11-07 01:40:14,100 [s2-impl-thread1] TRACE util.FileUtils (LogUtils.java:supplyAndLog(69)) - Successfully supplied FileChannel.open /home/runner/work/ratis/ratis/ratis-test/target/test/data/1674ca6a/MiniRaftClusterWithGrpccd30c539/s2/a03e6c99-360c-48ec-a7cd-9374e8e70514/current/raft-meta.tmp with options [CREATE, WRITE]: sun.nio.ch.FileChannelImpl@7810965f
2023-11-07 01:40:14,101 [s2-impl-thread1] TRACE util.FileUtils (LogUtils.java:runAndLog(49)) - Successfully ran Atomic Files.move /home/runner/work/ratis/ratis/ratis-test/target/test/data/1674ca6a/MiniRaftClusterWithGrpccd30c539/s2/a03e6c99-360c-48ec-a7cd-9374e8e70514/current/raft-meta.tmp to /home/runner/work/ratis/ratis/ratis-test/target/test/data/1674ca6a/MiniRaftClusterWithGrpccd30c539/s2/a03e6c99-360c-48ec-a7cd-9374e8e70514/current/raft-meta with options [REPLACE_EXISTING]
2023-11-07 01:40:14,101 [s2-impl-thread1] INFO  storage.RaftStorage (RaftStorageImpl.java:format(97)) - Storage directory /home/runner/work/ratis/ratis/ratis-test/target/test/data/1674ca6a/MiniRaftClusterWithGrpccd30c539/s2/a03e6c99-360c-48ec-a7cd-9374e8e70514 has been successfully formatted.
2023-11-07 01:40:14,102 [s2-impl-thread1] INFO  impl.SimpleStateMachine4Testing (SimpleStateMachine4Testing.java:initialize(213)) - Initializing StateMachineWithMultiNestedSnapshotFile:uninitialized
2023-11-07 01:40:14,102 [s2-impl-thread1] INFO  impl.SimpleStateMachine4Testing (SimpleStateMachine4Testing.java:loadSnapshot(296)) - Loading snapshot null
2023-11-07 01:40:14,102 [s2-impl-thread1] INFO  server.RaftServerConfigKeys (ConfUtils.java:logGet(46)) - raft.server.log.use.memory = false (default)
2023-11-07 01:40:14,102 [s2-impl-thread1] INFO  server.RaftServerConfigKeys (ConfUtils.java:logGet(46)) - raft.server.log.purge.gap = 8 (custom)
2023-11-07 01:40:14,102 [s2-impl-thread1] INFO  server.RaftServerConfigKeys (ConfUtils.java:logGet(46)) - raft.server.log.appender.buffer.byte-limit = 4MB (=4194304) (default)
2023-11-07 01:40:14,102 [s2-impl-thread1] INFO  server.RaftServerConfigKeys (ConfUtils.java:logGet(46)) - raft.server.log.statemachine.data.read.timeout = 1000ms (default)
2023-11-07 01:40:14,102 [s2-impl-thread1] INFO  server.RaftServerConfigKeys (ConfUtils.java:logGet(46)) - raft.server.log.purge.preservation.log.num = 0 (default)
2023-11-07 01:40:14,103 [s2-impl-thread1] INFO  server.RaftServerConfigKeys (ConfUtils.java:logGet(46)) - raft.server.log.segment.size.max = 32MB (=33554432) (default)
2023-11-07 01:40:14,103 [s2-impl-thread1] INFO  server.RaftServerConfigKeys (ConfUtils.java:logGet(46)) - raft.server.log.segment.cache.num.max = 6 (default)
2023-11-07 01:40:14,103 [s2-impl-thread1] INFO  server.RaftServerConfigKeys (ConfUtils.java:logGet(46)) - raft.server.log.segment.cache.size.max = 200MB (=209715200) (default)
2023-11-07 01:40:14,103 [s2-impl-thread1] INFO  server.RaftServerConfigKeys (ConfUtils.java:logGet(46)) - raft.server.log.appender.buffer.byte-limit = 4MB (=4194304) (default)
2023-11-07 01:40:14,103 [s2-impl-thread1] INFO  util.AwaitToRun (AwaitToRun.java:start(81)) - Thread[s2@group-9374E8E70514-cacheEviction-AwaitToRun,5,main] started
2023-11-07 01:40:14,103 [s2-impl-thread1] INFO  segmented.SegmentedRaftLogWorker (SegmentedRaftLogWorker.java:<init>(184)) - new s2@group-9374E8E70514-SegmentedRaftLogWorker for RaftStorageImpl:Storage Directory /home/runner/work/ratis/ratis/ratis-test/target/test/data/1674ca6a/MiniRaftClusterWithGrpccd30c539/s2/a03e6c99-360c-48ec-a7cd-9374e8e70514
2023-11-07 01:40:14,103 [s2-impl-thread1] INFO  server.RaftServerConfigKeys (ConfUtils.java:logGet(46)) - raft.server.log.queue.byte-limit = 64MB (=67108864) (default)
2023-11-07 01:40:14,103 [s2-impl-thread1] INFO  server.RaftServerConfigKeys (ConfUtils.java:logGet(46)) - raft.server.log.queue.element-limit = 4096 (default)
2023-11-07 01:40:14,103 [s2-impl-thread1] INFO  server.RaftServerConfigKeys (ConfUtils.java:logGet(46)) - raft.server.log.segment.size.max = 32MB (=33554432) (default)
2023-11-07 01:40:14,104 [s2-impl-thread1] INFO  server.RaftServerConfigKeys (ConfUtils.java:logGet(46)) - raft.server.log.preallocated.size = 4MB (=4194304) (default)
2023-11-07 01:40:14,104 [s2-impl-thread1] INFO  server.RaftServerConfigKeys (ConfUtils.java:logGet(46)) - raft.server.log.force.sync.num = 128 (default)
2023-11-07 01:40:14,104 [s2-impl-thread1] INFO  server.RaftServerConfigKeys (ConfUtils.java:logGet(46)) - raft.server.log.statemachine.data.sync = true (default)
2023-11-07 01:40:14,104 [s2-impl-thread1] INFO  server.RaftServerConfigKeys (ConfUtils.java:logGet(46)) - raft.server.log.statemachine.data.sync.timeout = 10s (default)
2023-11-07 01:40:14,104 [s2-impl-thread1] INFO  server.RaftServerConfigKeys (ConfUtils.java:logGet(46)) - raft.server.log.statemachine.data.sync.timeout.retry = -1 (default)
2023-11-07 01:40:14,104 [s2-impl-thread1] INFO  server.RaftServerConfigKeys (ConfUtils.java:logGet(46)) - raft.server.log.write.buffer.size = 64KB (=65536) (default)
2023-11-07 01:40:14,104 [s2-impl-thread1] INFO  server.RaftServerConfigKeys (ConfUtils.java:logGet(46)) - raft.server.log.appender.buffer.byte-limit = 4MB (=4194304) (default)
2023-11-07 01:40:14,106 [s2-impl-thread1] INFO  server.RaftServerConfigKeys (ConfUtils.java:logGet(46)) - raft.server.log.unsafe-flush.enabled = false (default)
2023-11-07 01:40:14,106 [s2-impl-thread1] INFO  server.RaftServerConfigKeys (ConfUtils.java:logGet(46)) - raft.server.log.async-flush.enabled = false (default)
2023-11-07 01:40:14,106 [s2-impl-thread1] INFO  server.RaftServerConfigKeys (ConfUtils.java:logGet(46)) - raft.server.log.statemachine.data.caching.enabled = false (default)
2023-11-07 01:40:14,107 [s2-impl-thread1] INFO  segmented.SegmentedRaftLogWorker (SegmentedRaftLogWorker.java:lambda$new$0(135)) - s2@group-9374E8E70514-SegmentedRaftLogWorker: flushIndex: setUnconditionally 0 -> -1
2023-11-07 01:40:14,107 [s2-impl-thread1] INFO  segmented.SegmentedRaftLogWorker (SegmentedRaftLogWorker.java:lambda$new$0(135)) - s2@group-9374E8E70514-SegmentedRaftLogWorker: safeCacheEvictIndex: setUnconditionally 0 -> -1
2023-11-07 01:40:14,111 [s2-impl-thread1] INFO  server.RaftServer$Division (RaftServerImpl.java:start(396)) - s2@group-9374E8E70514: start with initializing state, conf=-1: peers:[]|listeners:[], old=null
2023-11-07 01:40:14,111 [s2-impl-thread1] INFO  server.RaftServer$Division (RaftServerImpl.java:setRole(377)) - s2@group-9374E8E70514: changes role from      null to FOLLOWER at term 0 for startInitializing
2023-11-07 01:40:14,111 [s2-impl-thread1] INFO  util.JmxRegister (JmxRegister.java:tryRegister(44)) - Successfully registered JMX Bean with object name Ratis:service=RaftServer,group=group-9374E8E70514,id=s2
2023-11-07 01:40:14,111 [s2-impl-thread1] INFO  server.RaftServerConfigKeys (ConfUtils.java:logGet(46)) - raft.server.snapshot.trigger-when-stop.enabled = true (default)
2023-11-07 01:40:14,112 [s2-impl-thread1] INFO  server.RaftServerConfigKeys (ConfUtils.java:logGet(46)) - raft.server.snapshot.auto.trigger.enabled = true (custom)
2023-11-07 01:40:14,114 [s2-impl-thread1] INFO  server.RaftServerConfigKeys (ConfUtils.java:logGet(46)) - raft.server.snapshot.auto.trigger.threshold = 64 (custom)
2023-11-07 01:40:14,115 [s2-impl-thread1] INFO  server.RaftServerConfigKeys (ConfUtils.java:logGet(46)) - raft.server.snapshot.retention.file.num = -1 (default)
2023-11-07 01:40:14,115 [s2-impl-thread1] INFO  server.RaftServerConfigKeys (ConfUtils.java:logGet(46)) - raft.server.log.purge.upto.snapshot.index = false (default)
2023-11-07 01:40:14,117 [Time-limited test] INFO  server.RaftServer (RaftServerProxy.java:startImpl(406)) - s2: start RPC server
2023-11-07 01:40:14,118 [Time-limited test] INFO  server.GrpcService (GrpcService.java:startImpl(302)) - s2: GrpcService started, listening on 35899
2023-11-07 01:40:14,118 [JvmPauseMonitor8] INFO  util.JvmPauseMonitor (JvmPauseMonitor.java:run(146)) - JvmPauseMonitor-s2: Started
2023-11-07 01:40:14,119 [Time-limited test] INFO  impl.MiniRaftCluster (MiniRaftCluster.java:setConfiguration(819)) - Start changing the configuration: [s0|localhost:43101, s1|0.0.0.0:38659]
2023-11-07 01:40:14,127 [s0-server-thread1] INFO  server.RaftServer$Division (RaftServerImpl.java:setConfigurationAsync(1262)) - s0@group-9374E8E70514: receive setConfiguration SetConfigurationRequest:client-B2BADD592923->s0@group-9374E8E70514, cid=389, seq=null, RW, null, SET_UNCONDITIONALLY, servers:[s0|localhost:43101, s1|0.0.0.0:38659], listeners:[]
2023-11-07 01:40:14,127 [s0-server-thread1] INFO  server.RaftServer$Division (LeaderStateImpl.java:startSetConfiguration(483)) - s0@group-9374E8E70514-LeaderStateImpl: startSetConfiguration SetConfigurationRequest:client-B2BADD592923->s0@group-9374E8E70514, cid=389, seq=null, RW, null, SET_UNCONDITIONALLY, servers:[s0|localhost:43101, s1|0.0.0.0:38659], listeners:[]
2023-11-07 01:40:14,127 [s0-server-thread1] INFO  server.RaftServerConfigKeys (ConfUtils.java:logGet(46)) - raft.server.log.appender.snapshot.chunk.size.max = 1k (=1024) (custom)
2023-11-07 01:40:14,127 [s0-server-thread1] INFO  server.RaftServerConfigKeys (ConfUtils.java:logGet(46)) - raft.server.log.appender.buffer.byte-limit = 4MB (=4194304) (default)
2023-11-07 01:40:14,127 [s0-server-thread1] INFO  server.RaftServerConfigKeys (ConfUtils.java:logGet(46)) - raft.server.log.appender.buffer.element-limit = 0 (default)
2023-11-07 01:40:14,127 [s0-server-thread1] INFO  server.RaftServerConfigKeys (ConfUtils.java:logGet(46)) - raft.server.log.appender.wait-time.min = 1ms (default)
2023-11-07 01:40:14,127 [s0-server-thread1] INFO  grpc.GrpcConfigKeys (ConfUtils.java:logGet(46)) - raft.grpc.server.leader.outstanding.appends.max = 8 (default)
2023-11-07 01:40:14,128 [s0-server-thread1] INFO  server.RaftServerConfigKeys (ConfUtils.java:logGet(46)) - raft.server.rpc.request.timeout = 3000ms (default)
2023-11-07 01:40:14,128 [s0-server-thread1] INFO  grpc.GrpcConfigKeys (ConfUtils.java:logGet(46)) - raft.grpc.server.install_snapshot.request.element-limit = 8 (default)
2023-11-07 01:40:14,128 [s0-server-thread1] INFO  grpc.GrpcConfigKeys (ConfUtils.java:logGet(46)) - raft.grpc.server.install_snapshot.request.timeout = 3000ms (default)
2023-11-07 01:40:14,128 [s0-server-thread1] INFO  server.RaftServerConfigKeys (ConfUtils.java:logGet(46)) - raft.server.log.appender.install.snapshot.enabled = true (default)
2023-11-07 01:40:14,128 [s0-server-thread1] INFO  grpc.GrpcConfigKeys (ConfUtils.java:logGet(46)) - raft.grpc.server.heartbeat.channel = true (default)
2023-11-07 01:40:14,131 [s0@group-9374E8E70514->s1-GrpcLogAppender-LogAppenderDaemon] INFO  server.GrpcLogAppender (GrpcLogAppender.java:installSnapshot(646)) - s0@group-9374E8E70514->s1-GrpcLogAppender: followerNextIndex = 0 but logStartIndex = 0, send snapshot FileListSnapshotInfo(t:1, i:191):[/home/runner/work/ratis/ratis/ratis-test/target/test/data/1674ca6a/MiniRaftClusterWithGrpccd30c539/s0/a03e6c99-360c-48ec-a7cd-9374e8e70514/sm/snapshot/1.bin, /home/runner/work/ratis/ratis/ratis-test/target/test/data/1674ca6a/MiniRaftClusterWithGrpccd30c539/s0/a03e6c99-360c-48ec-a7cd-9374e8e70514/sm/snapshot/sub/2.bin, /home/runner/work/ratis/ratis/ratis-test/target/test/data/1674ca6a/MiniRaftClusterWithGrpccd30c539/s0/a03e6c99-360c-48ec-a7cd-9374e8e70514/sm/snapshot.1_191] to follower
2023-11-07 01:40:14,131 [s0@group-9374E8E70514->s1-GrpcLogAppender-LogAppenderDaemon] INFO  server.GrpcServerProtocolClient (GrpcServerProtocolClient.java:<init>(65)) - Build channel for s1
2023-11-07 01:40:14,138 [grpc-default-executor-1] INFO  impl.SnapshotInstallationHandler (SnapshotInstallationHandler.java:installSnapshot(89)) - s1@group-9374E8E70514: receive installSnapshot: s0->s1#0-t1,chunk:645767c0-44ea-4e4d-8e3d-7db94da585eb,0
2023-11-07 01:40:14,138 [grpc-default-executor-1] TRACE util.FileUtils (LogUtils.java:supplyAndLog(69)) - Successfully supplied FileChannel.open /home/runner/work/ratis/ratis/ratis-test/target/test/data/1674ca6a/MiniRaftClusterWithGrpccd30c539/s1/a03e6c99-360c-48ec-a7cd-9374e8e70514/current/raft-meta.tmp with options [CREATE, WRITE]: sun.nio.ch.FileChannelImpl@72cafe9b
2023-11-07 01:40:14,140 [grpc-default-executor-1] TRACE util.FileUtils (LogUtils.java:runAndLog(49)) - Successfully ran Atomic Files.move /home/runner/work/ratis/ratis/ratis-test/target/test/data/1674ca6a/MiniRaftClusterWithGrpccd30c539/s1/a03e6c99-360c-48ec-a7cd-9374e8e70514/current/raft-meta.tmp to /home/runner/work/ratis/ratis/ratis-test/target/test/data/1674ca6a/MiniRaftClusterWithGrpccd30c539/s1/a03e6c99-360c-48ec-a7cd-9374e8e70514/current/raft-meta with options [REPLACE_EXISTING]
2023-11-07 01:40:14,140 [grpc-default-executor-1] INFO  server.RaftServer$Division (RaftServerImpl.java:setFirstElection(562)) - s1@group-9374E8E70514: set firstElectionSinceStartup to false for installSnapshot
2023-11-07 01:40:14,140 [grpc-default-executor-1] INFO  server.RaftServer$Division (ServerState.java:setLeader(265)) - s1@group-9374E8E70514: change Leader from null to s0 at term 1 for installSnapshot, leader elected after 62ms
2023-11-07 01:40:14,141 [grpc-default-executor-1] TRACE util.FileUtils (LogUtils.java:runAndLog(49)) - Successfully ran Files.createDirectories /home/runner/work/ratis/ratis/ratis-test/target/test/data/1674ca6a/MiniRaftClusterWithGrpccd30c539/s1/a03e6c99-360c-48ec-a7cd-9374e8e70514/tmp/snapshot-645767c0-44ea-4e4d-8e3d-7db94da585eb
2023-11-07 01:40:14,141 [grpc-default-executor-1] INFO  storage.SnapshotManager (SnapshotManager.java:installSnapshot(89)) - Installing snapshot:s0->s1#0-t1,chunk:645767c0-44ea-4e4d-8e3d-7db94da585eb,0, to tmp dir:/home/runner/work/ratis/ratis/ratis-test/target/test/data/1674ca6a/MiniRaftClusterWithGrpccd30c539/s1/a03e6c99-360c-48ec-a7cd-9374e8e70514/tmp/snapshot-645767c0-44ea-4e4d-8e3d-7db94da585eb
2023-11-07 01:40:14,141 [grpc-default-executor-1] TRACE util.FileUtils (LogUtils.java:runAndLog(49)) - Successfully ran Files.createDirectories /home/runner/work/ratis/ratis/ratis-test/target/test/data/1674ca6a/MiniRaftClusterWithGrpccd30c539/s1/a03e6c99-360c-48ec-a7cd-9374e8e70514/tmp/snapshot-645767c0-44ea-4e4d-8e3d-7db94da585eb/snapshot
2023-11-07 01:40:14,141 [grpc-default-executor-1] TRACE util.FileUtils (LogUtils.java:supplyAndLog(69)) - Successfully supplied FileChannel.open /home/runner/work/ratis/ratis/ratis-test/target/test/data/1674ca6a/MiniRaftClusterWithGrpccd30c539/s1/a03e6c99-360c-48ec-a7cd-9374e8e70514/tmp/snapshot-645767c0-44ea-4e4d-8e3d-7db94da585eb/snapshot/1.bin.md5.tmp with options [CREATE, WRITE]: sun.nio.ch.FileChannelImpl@2255eae
2023-11-07 01:40:14,143 [grpc-default-executor-1] TRACE util.FileUtils (LogUtils.java:runAndLog(49)) - Successfully ran Atomic Files.move /home/runner/work/ratis/ratis/ratis-test/target/test/data/1674ca6a/MiniRaftClusterWithGrpccd30c539/s1/a03e6c99-360c-48ec-a7cd-9374e8e70514/tmp/snapshot-645767c0-44ea-4e4d-8e3d-7db94da585eb/snapshot/1.bin.md5.tmp to /home/runner/work/ratis/ratis/ratis-test/target/test/data/1674ca6a/MiniRaftClusterWithGrpccd30c539/s1/a03e6c99-360c-48ec-a7cd-9374e8e70514/tmp/snapshot-645767c0-44ea-4e4d-8e3d-7db94da585eb/snapshot/1.bin.md5 with options [REPLACE_EXISTING]
2023-11-07 01:40:14,144 [grpc-default-executor-1] INFO  impl.SnapshotInstallationHandler (SnapshotInstallationHandler.java:installSnapshotImpl(134)) - s1@group-9374E8E70514: set new configuration configurationEntry {
  peers {
    id: "s0"
    address: "localhost:43101"
    dataStreamAddress: "localhost:46049"
    clientAddress: "localhost:34339"
    adminAddress: "localhost:46667"
    startupRole: FOLLOWER
  }
}
 from snapshot
2023-11-07 01:40:14,144 [grpc-default-executor-1] INFO  server.RaftServer$Division (ServerState.java:setRaftConf(382)) - s1@group-9374E8E70514: set configuration 0: peers:[s0|localhost:43101]|listeners:[], old=null
2023-11-07 01:40:14,144 [grpc-default-executor-1] INFO  impl.SnapshotInstallationHandler (SnapshotInstallationHandler.java:installSnapshot(100)) - s1@group-9374E8E70514: reply installSnapshot: s0<-s1#0:OK-t0,SUCCESS,requestIndex=0
2023-11-07 01:40:14,145 [grpc-default-executor-0] INFO  server.GrpcLogAppender (GrpcLogAppender.java:onNext(549)) - s0@group-9374E8E70514->s1-InstallSnapshotResponseHandler: received the first reply s0<-s1#0:OK-t0,SUCCESS,requestIndex=0
2023-11-07 01:40:14,145 [grpc-default-executor-0] INFO  server.GrpcLogAppender (GrpcLogAppender.java:onNext(563)) - s0@group-9374E8E70514->s1-InstallSnapshotResponseHandler: Completed InstallSnapshot. Reply: serverReply {
  requestorId: "s0"
  replyId: "s1"
  raftGroupId {
    id: "\240>l\2316\fH\354\247\315\223t\350\347\005\024"
  }
  success: true
}
requestIndex: 0

2023-11-07 01:40:14,145 [grpc-default-executor-0] INFO  leader.FollowerInfo (FollowerInfoImpl.java:setAttemptedToInstallSnapshot(154)) - Follower s0@group-9374E8E70514->s1 acknowledged installing snapshot
2023-11-07 01:40:14,146 [grpc-default-executor-1] INFO  impl.SnapshotInstallationHandler (SnapshotInstallationHandler.java:installSnapshot(89)) - s1@group-9374E8E70514: receive installSnapshot: s0->s1#0-t1,chunk:645767c0-44ea-4e4d-8e3d-7db94da585eb,1
2023-11-07 01:40:14,146 [grpc-default-executor-1] TRACE util.FileUtils (LogUtils.java:runAndLog(49)) - Successfully ran Files.createDirectories /home/runner/work/ratis/ratis/ratis-test/target/test/data/1674ca6a/MiniRaftClusterWithGrpccd30c539/s1/a03e6c99-360c-48ec-a7cd-9374e8e70514/tmp/snapshot-645767c0-44ea-4e4d-8e3d-7db94da585eb
2023-11-07 01:40:14,146 [grpc-default-executor-1] INFO  storage.SnapshotManager (SnapshotManager.java:installSnapshot(89)) - Installing snapshot:s0->s1#0-t1,chunk:645767c0-44ea-4e4d-8e3d-7db94da585eb,1, to tmp dir:/home/runner/work/ratis/ratis/ratis-test/target/test/data/1674ca6a/MiniRaftClusterWithGrpccd30c539/s1/a03e6c99-360c-48ec-a7cd-9374e8e70514/tmp/snapshot-645767c0-44ea-4e4d-8e3d-7db94da585eb
2023-11-07 01:40:14,146 [grpc-default-executor-1] TRACE util.FileUtils (LogUtils.java:runAndLog(49)) - Successfully ran Files.createDirectories /home/runner/work/ratis/ratis/ratis-test/target/test/data/1674ca6a/MiniRaftClusterWithGrpccd30c539/s1/a03e6c99-360c-48ec-a7cd-9374e8e70514/tmp/snapshot-645767c0-44ea-4e4d-8e3d-7db94da585eb/snapshot/sub
2023-11-07 01:40:14,146 [grpc-default-executor-1] INFO  impl.SnapshotInstallationHandler (SnapshotInstallationHandler.java:installSnapshot(100)) - s1@group-9374E8E70514: reply installSnapshot: s0<-s1#0:OK-t1,SUCCESS,requestIndex=1
2023-11-07 01:40:14,146 [grpc-default-executor-0] INFO  server.GrpcLogAppender (GrpcLogAppender.java:onNext(549)) - s0@group-9374E8E70514->s1-InstallSnapshotResponseHandler: received a reply s0<-s1#0:OK-t1,SUCCESS,requestIndex=1
2023-11-07 01:40:14,147 [grpc-default-executor-0] INFO  server.GrpcLogAppender (GrpcLogAppender.java:onNext(563)) - s0@group-9374E8E70514->s1-InstallSnapshotResponseHandler: Completed InstallSnapshot. Reply: serverReply {
  requestorId: "s0"
  replyId: "s1"
  raftGroupId {
    id: "\240>l\2316\fH\354\247\315\223t\350\347\005\024"
  }
  success: true
}
term: 1
requestIndex: 1

2023-11-07 01:40:14,147 [grpc-default-executor-0] INFO  leader.FollowerInfo (FollowerInfoImpl.java:setAttemptedToInstallSnapshot(154)) - Follower s0@group-9374E8E70514->s1 acknowledged installing snapshot
2023-11-07 01:40:14,147 [grpc-default-executor-1] INFO  impl.SnapshotInstallationHandler (SnapshotInstallationHandler.java:installSnapshot(89)) - s1@group-9374E8E70514: receive installSnapshot: s0->s1#0-t1,chunk:645767c0-44ea-4e4d-8e3d-7db94da585eb,2
2023-11-07 01:40:14,147 [grpc-default-executor-1] TRACE util.FileUtils (LogUtils.java:runAndLog(49)) - Successfully ran Files.createDirectories /home/runner/work/ratis/ratis/ratis-test/target/test/data/1674ca6a/MiniRaftClusterWithGrpccd30c539/s1/a03e6c99-360c-48ec-a7cd-9374e8e70514/tmp/snapshot-645767c0-44ea-4e4d-8e3d-7db94da585eb
2023-11-07 01:40:14,147 [grpc-default-executor-1] INFO  storage.SnapshotManager (SnapshotManager.java:installSnapshot(89)) - Installing snapshot:s0->s1#0-t1,chunk:645767c0-44ea-4e4d-8e3d-7db94da585eb,2, to tmp dir:/home/runner/work/ratis/ratis/ratis-test/target/test/data/1674ca6a/MiniRaftClusterWithGrpccd30c539/s1/a03e6c99-360c-48ec-a7cd-9374e8e70514/tmp/snapshot-645767c0-44ea-4e4d-8e3d-7db94da585eb
2023-11-07 01:40:14,147 [grpc-default-executor-1] TRACE util.FileUtils (LogUtils.java:runAndLog(49)) - Successfully ran Files.createDirectories /home/runner/work/ratis/ratis/ratis-test/target/test/data/1674ca6a/MiniRaftClusterWithGrpccd30c539/s1/a03e6c99-360c-48ec-a7cd-9374e8e70514/tmp/snapshot-645767c0-44ea-4e4d-8e3d-7db94da585eb/snapshot/sub
2023-11-07 01:40:14,148 [grpc-default-executor-1] INFO  impl.SnapshotInstallationHandler (SnapshotInstallationHandler.java:installSnapshot(100)) - s1@group-9374E8E70514: reply installSnapshot: s0<-s1#0:OK-t1,SUCCESS,requestIndex=2
2023-11-07 01:40:14,148 [grpc-default-executor-0] INFO  server.GrpcLogAppender (GrpcLogAppender.java:onNext(549)) - s0@group-9374E8E70514->s1-InstallSnapshotResponseHandler: received a reply s0<-s1#0:OK-t1,SUCCESS,requestIndex=2
2023-11-07 01:40:14,148 [grpc-default-executor-0] INFO  server.GrpcLogAppender (GrpcLogAppender.java:onNext(563)) - s0@group-9374E8E70514->s1-InstallSnapshotResponseHandler: Completed InstallSnapshot. Reply: serverReply {
  requestorId: "s0"
  replyId: "s1"
  raftGroupId {
    id: "\240>l\2316\fH\354\247\315\223t\350\347\005\024"
  }
  success: true
}
term: 1
requestIndex: 2

2023-11-07 01:40:14,148 [grpc-default-executor-0] INFO  leader.FollowerInfo (FollowerInfoImpl.java:setAttemptedToInstallSnapshot(154)) - Follower s0@group-9374E8E70514->s1 acknowledged installing snapshot
2023-11-07 01:40:14,149 [grpc-default-executor-1] INFO  impl.SnapshotInstallationHandler (SnapshotInstallationHandler.java:installSnapshot(89)) - s1@group-9374E8E70514: receive installSnapshot: s0->s1#0-t1,chunk:645767c0-44ea-4e4d-8e3d-7db94da585eb,3
2023-11-07 01:40:14,150 [grpc-default-executor-1] TRACE util.FileUtils (LogUtils.java:runAndLog(49)) - Successfully ran Files.createDirectories /home/runner/work/ratis/ratis/ratis-test/target/test/data/1674ca6a/MiniRaftClusterWithGrpccd30c539/s1/a03e6c99-360c-48ec-a7cd-9374e8e70514/tmp/snapshot-645767c0-44ea-4e4d-8e3d-7db94da585eb
2023-11-07 01:40:14,150 [grpc-default-executor-1] INFO  storage.SnapshotManager (SnapshotManager.java:installSnapshot(89)) - Installing snapshot:s0->s1#0-t1,chunk:645767c0-44ea-4e4d-8e3d-7db94da585eb,3, to tmp dir:/home/runner/work/ratis/ratis/ratis-test/target/test/data/1674ca6a/MiniRaftClusterWithGrpccd30c539/s1/a03e6c99-360c-48ec-a7cd-9374e8e70514/tmp/snapshot-645767c0-44ea-4e4d-8e3d-7db94da585eb
2023-11-07 01:40:14,150 [grpc-default-executor-1] TRACE util.FileUtils (LogUtils.java:runAndLog(49)) - Successfully ran Files.createDirectories /home/runner/work/ratis/ratis/ratis-test/target/test/data/1674ca6a/MiniRaftClusterWithGrpccd30c539/s1/a03e6c99-360c-48ec-a7cd-9374e8e70514/tmp/snapshot-645767c0-44ea-4e4d-8e3d-7db94da585eb/snapshot/sub
2023-11-07 01:40:14,150 [grpc-default-executor-1] INFO  impl.SnapshotInstallationHandler (SnapshotInstallationHandler.java:installSnapshot(100)) - s1@group-9374E8E70514: reply installSnapshot: s0<-s1#0:OK-t1,SUCCESS,requestIndex=3
2023-11-07 01:40:14,150 [grpc-default-executor-0] INFO  server.GrpcLogAppender (GrpcLogAppender.java:onNext(549)) - s0@group-9374E8E70514->s1-InstallSnapshotResponseHandler: received a reply s0<-s1#0:OK-t1,SUCCESS,requestIndex=3
2023-11-07 01:40:14,151 [grpc-default-executor-0] INFO  server.GrpcLogAppender (GrpcLogAppender.java:onNext(563)) - s0@group-9374E8E70514->s1-InstallSnapshotResponseHandler: Completed InstallSnapshot. Reply: serverReply {
  requestorId: "s0"
  replyId: "s1"
  raftGroupId {
    id: "\240>l\2316\fH\354\247\315\223t\350\347\005\024"
  }
  success: true
}
term: 1
requestIndex: 3

2023-11-07 01:40:14,151 [grpc-default-executor-0] INFO  leader.FollowerInfo (FollowerInfoImpl.java:setAttemptedToInstallSnapshot(154)) - Follower s0@group-9374E8E70514->s1 acknowledged installing snapshot
2023-11-07 01:40:14,151 [grpc-default-executor-1] INFO  impl.SnapshotInstallationHandler (SnapshotInstallationHandler.java:installSnapshot(89)) - s1@group-9374E8E70514: receive installSnapshot: s0->s1#0-t1,chunk:645767c0-44ea-4e4d-8e3d-7db94da585eb,4
2023-11-07 01:40:14,151 [grpc-default-executor-1] TRACE util.FileUtils (LogUtils.java:runAndLog(49)) - Successfully ran Files.createDirectories /home/runner/work/ratis/ratis/ratis-test/target/test/data/1674ca6a/MiniRaftClusterWithGrpccd30c539/s1/a03e6c99-360c-48ec-a7cd-9374e8e70514/tmp/snapshot-645767c0-44ea-4e4d-8e3d-7db94da585eb
2023-11-07 01:40:14,151 [grpc-default-executor-1] INFO  storage.SnapshotManager (SnapshotManager.java:installSnapshot(89)) - Installing snapshot:s0->s1#0-t1,chunk:645767c0-44ea-4e4d-8e3d-7db94da585eb,4, to tmp dir:/home/runner/work/ratis/ratis/ratis-test/target/test/data/1674ca6a/MiniRaftClusterWithGrpccd30c539/s1/a03e6c99-360c-48ec-a7cd-9374e8e70514/tmp/snapshot-645767c0-44ea-4e4d-8e3d-7db94da585eb
2023-11-07 01:40:14,151 [grpc-default-executor-1] TRACE util.FileUtils (LogUtils.java:runAndLog(49)) - Successfully ran Files.createDirectories /home/runner/work/ratis/ratis/ratis-test/target/test/data/1674ca6a/MiniRaftClusterWithGrpccd30c539/s1/a03e6c99-360c-48ec-a7cd-9374e8e70514/tmp/snapshot-645767c0-44ea-4e4d-8e3d-7db94da585eb/snapshot/sub
2023-11-07 01:40:14,152 [grpc-default-executor-1] TRACE util.FileUtils (LogUtils.java:supplyAndLog(69)) - Successfully supplied FileChannel.open /home/runner/work/ratis/ratis/ratis-test/target/test/data/1674ca6a/MiniRaftClusterWithGrpccd30c539/s1/a03e6c99-360c-48ec-a7cd-9374e8e70514/tmp/snapshot-645767c0-44ea-4e4d-8e3d-7db94da585eb/snapshot/sub/2.bin.md5.tmp with options [CREATE, WRITE]: sun.nio.ch.FileChannelImpl@6c304579
2023-11-07 01:40:14,154 [grpc-default-executor-1] TRACE util.FileUtils (LogUtils.java:runAndLog(49)) - Successfully ran Atomic Files.move /home/runner/work/ratis/ratis/ratis-test/target/test/data/1674ca6a/MiniRaftClusterWithGrpccd30c539/s1/a03e6c99-360c-48ec-a7cd-9374e8e70514/tmp/snapshot-645767c0-44ea-4e4d-8e3d-7db94da585eb/snapshot/sub/2.bin.md5.tmp to /home/runner/work/ratis/ratis/ratis-test/target/test/data/1674ca6a/MiniRaftClusterWithGrpccd30c539/s1/a03e6c99-360c-48ec-a7cd-9374e8e70514/tmp/snapshot-645767c0-44ea-4e4d-8e3d-7db94da585eb/snapshot/sub/2.bin.md5 with options [REPLACE_EXISTING]
2023-11-07 01:40:14,154 [grpc-default-executor-1] INFO  impl.SnapshotInstallationHandler (SnapshotInstallationHandler.java:installSnapshot(100)) - s1@group-9374E8E70514: reply installSnapshot: s0<-s1#0:OK-t1,SUCCESS,requestIndex=4
2023-11-07 01:40:14,154 [grpc-default-executor-0] INFO  server.GrpcLogAppender (GrpcLogAppender.java:onNext(549)) - s0@group-9374E8E70514->s1-InstallSnapshotResponseHandler: received a reply s0<-s1#0:OK-t1,SUCCESS,requestIndex=4
2023-11-07 01:40:14,155 [grpc-default-executor-0] INFO  server.GrpcLogAppender (GrpcLogAppender.java:onNext(563)) - s0@group-9374E8E70514->s1-InstallSnapshotResponseHandler: Completed InstallSnapshot. Reply: serverReply {
  requestorId: "s0"
  replyId: "s1"
  raftGroupId {
    id: "\240>l\2316\fH\354\247\315\223t\350\347\005\024"
  }
  success: true
}
term: 1
requestIndex: 4

2023-11-07 01:40:14,155 [grpc-default-executor-0] INFO  leader.FollowerInfo (FollowerInfoImpl.java:setAttemptedToInstallSnapshot(154)) - Follower s0@group-9374E8E70514->s1 acknowledged installing snapshot
2023-11-07 01:40:14,155 [grpc-default-executor-1] INFO  impl.SnapshotInstallationHandler (SnapshotInstallationHandler.java:installSnapshot(89)) - s1@group-9374E8E70514: receive installSnapshot: s0->s1#0-t1,chunk:645767c0-44ea-4e4d-8e3d-7db94da585eb,5
2023-11-07 01:40:14,155 [grpc-default-executor-1] TRACE util.FileUtils (LogUtils.java:runAndLog(49)) - Successfully ran Files.createDirectories /home/runner/work/ratis/ratis/ratis-test/target/test/data/1674ca6a/MiniRaftClusterWithGrpccd30c539/s1/a03e6c99-360c-48ec-a7cd-9374e8e70514/tmp/snapshot-645767c0-44ea-4e4d-8e3d-7db94da585eb
2023-11-07 01:40:14,155 [grpc-default-executor-1] INFO  storage.SnapshotManager (SnapshotManager.java:installSnapshot(89)) - Installing snapshot:s0->s1#0-t1,chunk:645767c0-44ea-4e4d-8e3d-7db94da585eb,5, to tmp dir:/home/runner/work/ratis/ratis/ratis-test/target/test/data/1674ca6a/MiniRaftClusterWithGrpccd30c539/s1/a03e6c99-360c-48ec-a7cd-9374e8e70514/tmp/snapshot-645767c0-44ea-4e4d-8e3d-7db94da585eb
2023-11-07 01:40:14,155 [grpc-default-executor-1] TRACE util.FileUtils (LogUtils.java:runAndLog(49)) - Successfully ran Files.createDirectories /home/runner/work/ratis/ratis/ratis-test/target/test/data/1674ca6a/MiniRaftClusterWithGrpccd30c539/s1/a03e6c99-360c-48ec-a7cd-9374e8e70514/tmp/snapshot-645767c0-44ea-4e4d-8e3d-7db94da585eb
2023-11-07 01:40:14,156 [grpc-default-executor-1] INFO  impl.SnapshotInstallationHandler (SnapshotInstallationHandler.java:installSnapshot(100)) - s1@group-9374E8E70514: reply installSnapshot: s0<-s1#0:OK-t1,SUCCESS,requestIndex=5
2023-11-07 01:40:14,156 [grpc-default-executor-0] INFO  server.GrpcLogAppender (GrpcLogAppender.java:onNext(549)) - s0@group-9374E8E70514->s1-InstallSnapshotResponseHandler: received a reply s0<-s1#0:OK-t1,SUCCESS,requestIndex=5
2023-11-07 01:40:14,156 [grpc-default-executor-0] INFO  server.GrpcLogAppender (GrpcLogAppender.java:onNext(563)) - s0@group-9374E8E70514->s1-InstallSnapshotResponseHandler: Completed InstallSnapshot. Reply: serverReply {
  requestorId: "s0"
  replyId: "s1"
  raftGroupId {
    id: "\240>l\2316\fH\354\247\315\223t\350\347\005\024"
  }
  success: true
}
term: 1
requestIndex: 5

2023-11-07 01:40:14,156 [grpc-default-executor-0] INFO  leader.FollowerInfo (FollowerInfoImpl.java:setAttemptedToInstallSnapshot(154)) - Follower s0@group-9374E8E70514->s1 acknowledged installing snapshot
2023-11-07 01:40:14,156 [grpc-default-executor-1] INFO  impl.SnapshotInstallationHandler (SnapshotInstallationHandler.java:installSnapshot(89)) - s1@group-9374E8E70514: receive installSnapshot: s0->s1#0-t1,chunk:645767c0-44ea-4e4d-8e3d-7db94da585eb,6
2023-11-07 01:40:14,157 [grpc-default-executor-1] TRACE util.FileUtils (LogUtils.java:runAndLog(49)) - Successfully ran Files.createDirectories /home/runner/work/ratis/ratis/ratis-test/target/test/data/1674ca6a/MiniRaftClusterWithGrpccd30c539/s1/a03e6c99-360c-48ec-a7cd-9374e8e70514/tmp/snapshot-645767c0-44ea-4e4d-8e3d-7db94da585eb
2023-11-07 01:40:14,157 [grpc-default-executor-1] INFO  storage.SnapshotManager (SnapshotManager.java:installSnapshot(89)) - Installing snapshot:s0->s1#0-t1,chunk:645767c0-44ea-4e4d-8e3d-7db94da585eb,6, to tmp dir:/home/runner/work/ratis/ratis/ratis-test/target/test/data/1674ca6a/MiniRaftClusterWithGrpccd30c539/s1/a03e6c99-360c-48ec-a7cd-9374e8e70514/tmp/snapshot-645767c0-44ea-4e4d-8e3d-7db94da585eb
2023-11-07 01:40:14,157 [grpc-default-executor-1] TRACE util.FileUtils (LogUtils.java:runAndLog(49)) - Successfully ran Files.createDirectories /home/runner/work/ratis/ratis/ratis-test/target/test/data/1674ca6a/MiniRaftClusterWithGrpccd30c539/s1/a03e6c99-360c-48ec-a7cd-9374e8e70514/tmp/snapshot-645767c0-44ea-4e4d-8e3d-7db94da585eb
2023-11-07 01:40:14,157 [grpc-default-executor-1] INFO  impl.SnapshotInstallationHandler (SnapshotInstallationHandler.java:installSnapshot(100)) - s1@group-9374E8E70514: reply installSnapshot: s0<-s1#0:OK-t1,SUCCESS,requestIndex=6
2023-11-07 01:40:14,157 [grpc-default-executor-0] INFO  server.GrpcLogAppender (GrpcLogAppender.java:onNext(549)) - s0@group-9374E8E70514->s1-InstallSnapshotResponseHandler: received a reply s0<-s1#0:OK-t1,SUCCESS,requestIndex=6
2023-11-07 01:40:14,157 [grpc-default-executor-0] INFO  server.GrpcLogAppender (GrpcLogAppender.java:onNext(563)) - s0@group-9374E8E70514->s1-InstallSnapshotResponseHandler: Completed InstallSnapshot. Reply: serverReply {
  requestorId: "s0"
  replyId: "s1"
  raftGroupId {
    id: "\240>l\2316\fH\354\247\315\223t\350\347\005\024"
  }
  success: true
}
term: 1
requestIndex: 6

2023-11-07 01:40:14,158 [grpc-default-executor-0] INFO  leader.FollowerInfo (FollowerInfoImpl.java:setAttemptedToInstallSnapshot(154)) - Follower s0@group-9374E8E70514->s1 acknowledged installing snapshot
2023-11-07 01:40:14,158 [grpc-default-executor-1] INFO  impl.SnapshotInstallationHandler (SnapshotInstallationHandler.java:installSnapshot(89)) - s1@group-9374E8E70514: receive installSnapshot: s0->s1#0-t1,chunk:645767c0-44ea-4e4d-8e3d-7db94da585eb,7
2023-11-07 01:40:14,158 [grpc-default-executor-1] TRACE util.FileUtils (LogUtils.java:runAndLog(49)) - Successfully ran Files.createDirectories /home/runner/work/ratis/ratis/ratis-test/target/test/data/1674ca6a/MiniRaftClusterWithGrpccd30c539/s1/a03e6c99-360c-48ec-a7cd-9374e8e70514/tmp/snapshot-645767c0-44ea-4e4d-8e3d-7db94da585eb
2023-11-07 01:40:14,158 [grpc-default-executor-1] INFO  storage.SnapshotManager (SnapshotManager.java:installSnapshot(89)) - Installing snapshot:s0->s1#0-t1,chunk:645767c0-44ea-4e4d-8e3d-7db94da585eb,7, to tmp dir:/home/runner/work/ratis/ratis/ratis-test/target/test/data/1674ca6a/MiniRaftClusterWithGrpccd30c539/s1/a03e6c99-360c-48ec-a7cd-9374e8e70514/tmp/snapshot-645767c0-44ea-4e4d-8e3d-7db94da585eb
2023-11-07 01:40:14,158 [grpc-default-executor-1] TRACE util.FileUtils (LogUtils.java:runAndLog(49)) - Successfully ran Files.createDirectories /home/runner/work/ratis/ratis/ratis-test/target/test/data/1674ca6a/MiniRaftClusterWithGrpccd30c539/s1/a03e6c99-360c-48ec-a7cd-9374e8e70514/tmp/snapshot-645767c0-44ea-4e4d-8e3d-7db94da585eb
2023-11-07 01:40:14,158 [grpc-default-executor-1] INFO  impl.SnapshotInstallationHandler (SnapshotInstallationHandler.java:installSnapshot(100)) - s1@group-9374E8E70514: reply installSnapshot: s0<-s1#0:OK-t1,SUCCESS,requestIndex=7
2023-11-07 01:40:14,159 [grpc-default-executor-0] INFO  server.GrpcLogAppender (GrpcLogAppender.java:onNext(549)) - s0@group-9374E8E70514->s1-InstallSnapshotResponseHandler: received a reply s0<-s1#0:OK-t1,SUCCESS,requestIndex=7
2023-11-07 01:40:14,159 [grpc-default-executor-0] INFO  server.GrpcLogAppender (GrpcLogAppender.java:onNext(563)) - s0@group-9374E8E70514->s1-InstallSnapshotResponseHandler: Completed InstallSnapshot. Reply: serverReply {
  requestorId: "s0"
  replyId: "s1"
  raftGroupId {
    id: "\240>l\2316\fH\354\247\315\223t\350\347\005\024"
  }
  success: true
}
term: 1
requestIndex: 7

2023-11-07 01:40:14,159 [grpc-default-executor-0] INFO  leader.FollowerInfo (FollowerInfoImpl.java:setAttemptedToInstallSnapshot(154)) - Follower s0@group-9374E8E70514->s1 acknowledged installing snapshot
2023-11-07 01:40:14,159 [grpc-default-executor-1] INFO  impl.SnapshotInstallationHandler (SnapshotInstallationHandler.java:installSnapshot(89)) - s1@group-9374E8E70514: receive installSnapshot: s0->s1#0-t1,chunk:645767c0-44ea-4e4d-8e3d-7db94da585eb,8
2023-11-07 01:40:14,159 [grpc-default-executor-1] TRACE util.FileUtils (LogUtils.java:runAndLog(49)) - Successfully ran Files.createDirectories /home/runner/work/ratis/ratis/ratis-test/target/test/data/1674ca6a/MiniRaftClusterWithGrpccd30c539/s1/a03e6c99-360c-48ec-a7cd-9374e8e70514/tmp/snapshot-645767c0-44ea-4e4d-8e3d-7db94da585eb
2023-11-07 01:40:14,159 [grpc-default-executor-1] INFO  storage.SnapshotManager (SnapshotManager.java:installSnapshot(89)) - Installing snapshot:s0->s1#0-t1,chunk:645767c0-44ea-4e4d-8e3d-7db94da585eb,8, to tmp dir:/home/runner/work/ratis/ratis/ratis-test/target/test/data/1674ca6a/MiniRaftClusterWithGrpccd30c539/s1/a03e6c99-360c-48ec-a7cd-9374e8e70514/tmp/snapshot-645767c0-44ea-4e4d-8e3d-7db94da585eb
2023-11-07 01:40:14,160 [grpc-default-executor-1] TRACE util.FileUtils (LogUtils.java:runAndLog(49)) - Successfully ran Files.createDirectories /home/runner/work/ratis/ratis/ratis-test/target/test/data/1674ca6a/MiniRaftClusterWithGrpccd30c539/s1/a03e6c99-360c-48ec-a7cd-9374e8e70514/tmp/snapshot-645767c0-44ea-4e4d-8e3d-7db94da585eb
2023-11-07 01:40:14,160 [grpc-default-executor-1] INFO  impl.SnapshotInstallationHandler (SnapshotInstallationHandler.java:installSnapshot(100)) - s1@group-9374E8E70514: reply installSnapshot: s0<-s1#0:OK-t1,SUCCESS,requestIndex=8
2023-11-07 01:40:14,160 [grpc-default-executor-0] INFO  server.GrpcLogAppender (GrpcLogAppender.java:onNext(549)) - s0@group-9374E8E70514->s1-InstallSnapshotResponseHandler: received a reply s0<-s1#0:OK-t1,SUCCESS,requestIndex=8
2023-11-07 01:40:14,160 [grpc-default-executor-0] INFO  server.GrpcLogAppender (GrpcLogAppender.java:onNext(563)) - s0@group-9374E8E70514->s1-InstallSnapshotResponseHandler: Completed InstallSnapshot. Reply: serverReply {
  requestorId: "s0"
  replyId: "s1"
  raftGroupId {
    id: "\240>l\2316\fH\354\247\315\223t\350\347\005\024"
  }
  success: true
}
term: 1
requestIndex: 8

2023-11-07 01:40:14,160 [grpc-default-executor-0] INFO  leader.FollowerInfo (FollowerInfoImpl.java:setAttemptedToInstallSnapshot(154)) - Follower s0@group-9374E8E70514->s1 acknowledged installing snapshot
2023-11-07 01:40:14,161 [grpc-default-executor-1] INFO  impl.SnapshotInstallationHandler (SnapshotInstallationHandler.java:installSnapshot(89)) - s1@group-9374E8E70514: receive installSnapshot: s0->s1#0-t1,chunk:645767c0-44ea-4e4d-8e3d-7db94da585eb,9
2023-11-07 01:40:14,161 [grpc-default-executor-1] TRACE util.FileUtils (LogUtils.java:runAndLog(49)) - Successfully ran Files.createDirectories /home/runner/work/ratis/ratis/ratis-test/target/test/data/1674ca6a/MiniRaftClusterWithGrpccd30c539/s1/a03e6c99-360c-48ec-a7cd-9374e8e70514/tmp/snapshot-645767c0-44ea-4e4d-8e3d-7db94da585eb
2023-11-07 01:40:14,161 [grpc-default-executor-1] INFO  storage.SnapshotManager (SnapshotManager.java:installSnapshot(89)) - Installing snapshot:s0->s1#0-t1,chunk:645767c0-44ea-4e4d-8e3d-7db94da585eb,9, to tmp dir:/home/runner/work/ratis/ratis/ratis-test/target/test/data/1674ca6a/MiniRaftClusterWithGrpccd30c539/s1/a03e6c99-360c-48ec-a7cd-9374e8e70514/tmp/snapshot-645767c0-44ea-4e4d-8e3d-7db94da585eb
2023-11-07 01:40:14,161 [grpc-default-executor-1] TRACE util.FileUtils (LogUtils.java:runAndLog(49)) - Successfully ran Files.createDirectories /home/runner/work/ratis/ratis/ratis-test/target/test/data/1674ca6a/MiniRaftClusterWithGrpccd30c539/s1/a03e6c99-360c-48ec-a7cd-9374e8e70514/tmp/snapshot-645767c0-44ea-4e4d-8e3d-7db94da585eb
2023-11-07 01:40:14,161 [grpc-default-executor-1] INFO  impl.SnapshotInstallationHandler (SnapshotInstallationHandler.java:installSnapshot(100)) - s1@group-9374E8E70514: reply installSnapshot: s0<-s1#0:OK-t1,SUCCESS,requestIndex=9
2023-11-07 01:40:14,162 [grpc-default-executor-0] INFO  server.GrpcLogAppender (GrpcLogAppender.java:onNext(549)) - s0@group-9374E8E70514->s1-InstallSnapshotResponseHandler: received a reply s0<-s1#0:OK-t1,SUCCESS,requestIndex=9
2023-11-07 01:40:14,162 [grpc-default-executor-0] INFO  server.GrpcLogAppender (GrpcLogAppender.java:onNext(563)) - s0@group-9374E8E70514->s1-InstallSnapshotResponseHandler: Completed InstallSnapshot. Reply: serverReply {
  requestorId: "s0"
  replyId: "s1"
  raftGroupId {
    id: "\240>l\2316\fH\354\247\315\223t\350\347\005\024"
  }
  success: true
}
term: 1
requestIndex: 9

2023-11-07 01:40:14,162 [grpc-default-executor-0] INFO  leader.FollowerInfo (FollowerInfoImpl.java:setAttemptedToInstallSnapshot(154)) - Follower s0@group-9374E8E70514->s1 acknowledged installing snapshot
2023-11-07 01:40:14,163 [grpc-default-executor-1] INFO  impl.SnapshotInstallationHandler (SnapshotInstallationHandler.java:installSnapshot(89)) - s1@group-9374E8E70514: receive installSnapshot: s0->s1#0-t1,chunk:645767c0-44ea-4e4d-8e3d-7db94da585eb,10
2023-11-07 01:40:14,163 [grpc-default-executor-1] TRACE util.FileUtils (LogUtils.java:runAndLog(49)) - Successfully ran Files.createDirectories /home/runner/work/ratis/ratis/ratis-test/target/test/data/1674ca6a/MiniRaftClusterWithGrpccd30c539/s1/a03e6c99-360c-48ec-a7cd-9374e8e70514/tmp/snapshot-645767c0-44ea-4e4d-8e3d-7db94da585eb
2023-11-07 01:40:14,163 [grpc-default-executor-1] INFO  storage.SnapshotManager (SnapshotManager.java:installSnapshot(89)) - Installing snapshot:s0->s1#0-t1,chunk:645767c0-44ea-4e4d-8e3d-7db94da585eb,10, to tmp dir:/home/runner/work/ratis/ratis/ratis-test/target/test/data/1674ca6a/MiniRaftClusterWithGrpccd30c539/s1/a03e6c99-360c-48ec-a7cd-9374e8e70514/tmp/snapshot-645767c0-44ea-4e4d-8e3d-7db94da585eb
2023-11-07 01:40:14,163 [grpc-default-executor-1] TRACE util.FileUtils (LogUtils.java:runAndLog(49)) - Successfully ran Files.createDirectories /home/runner/work/ratis/ratis/ratis-test/target/test/data/1674ca6a/MiniRaftClusterWithGrpccd30c539/s1/a03e6c99-360c-48ec-a7cd-9374e8e70514/tmp/snapshot-645767c0-44ea-4e4d-8e3d-7db94da585eb
2023-11-07 01:40:14,164 [grpc-default-executor-1] TRACE util.FileUtils (LogUtils.java:supplyAndLog(69)) - Successfully supplied FileChannel.open /home/runner/work/ratis/ratis/ratis-test/target/test/data/1674ca6a/MiniRaftClusterWithGrpccd30c539/s1/a03e6c99-360c-48ec-a7cd-9374e8e70514/tmp/snapshot-645767c0-44ea-4e4d-8e3d-7db94da585eb/snapshot.1_191.md5.tmp with options [CREATE, WRITE]: sun.nio.ch.FileChannelImpl@1c6569a7
2023-11-07 01:40:14,165 [grpc-default-executor-1] TRACE util.FileUtils (LogUtils.java:runAndLog(49)) - Successfully ran Atomic Files.move /home/runner/work/ratis/ratis/ratis-test/target/test/data/1674ca6a/MiniRaftClusterWithGrpccd30c539/s1/a03e6c99-360c-48ec-a7cd-9374e8e70514/tmp/snapshot-645767c0-44ea-4e4d-8e3d-7db94da585eb/snapshot.1_191.md5.tmp to /home/runner/work/ratis/ratis/ratis-test/target/test/data/1674ca6a/MiniRaftClusterWithGrpccd30c539/s1/a03e6c99-360c-48ec-a7cd-9374e8e70514/tmp/snapshot-645767c0-44ea-4e4d-8e3d-7db94da585eb/snapshot.1_191.md5 with options [REPLACE_EXISTING]
2023-11-07 01:40:14,165 [grpc-default-executor-1] INFO  storage.SnapshotManager (SnapshotManager.java:rename(168)) - Installed snapshot, renaming temporary dir /home/runner/work/ratis/ratis/ratis-test/target/test/data/1674ca6a/MiniRaftClusterWithGrpccd30c539/s1/a03e6c99-360c-48ec-a7cd-9374e8e70514/tmp/snapshot-645767c0-44ea-4e4d-8e3d-7db94da585eb to /home/runner/work/ratis/ratis/ratis-test/target/test/data/1674ca6a/MiniRaftClusterWithGrpccd30c539/s1/a03e6c99-360c-48ec-a7cd-9374e8e70514/sm
2023-11-07 01:40:14,165 [grpc-default-executor-1] TRACE util.FileUtils (LogUtils.java:runAndLog(49)) - Successfully ran Atomic Files.move /home/runner/work/ratis/ratis/ratis-test/target/test/data/1674ca6a/MiniRaftClusterWithGrpccd30c539/s1/a03e6c99-360c-48ec-a7cd-9374e8e70514/sm to /home/runner/work/ratis/ratis/ratis-test/target/test/data/1674ca6a/MiniRaftClusterWithGrpccd30c539/s1/a03e6c99-360c-48ec-a7cd-9374e8e70514/sm.tmp20231107-014014_165
2023-11-07 01:40:14,165 [grpc-default-executor-1] TRACE util.FileUtils (LogUtils.java:runAndLog(49)) - Successfully ran Atomic Files.move /home/runner/work/ratis/ratis/ratis-test/target/test/data/1674ca6a/MiniRaftClusterWithGrpccd30c539/s1/a03e6c99-360c-48ec-a7cd-9374e8e70514/tmp/snapshot-645767c0-44ea-4e4d-8e3d-7db94da585eb to /home/runner/work/ratis/ratis/ratis-test/target/test/data/1674ca6a/MiniRaftClusterWithGrpccd30c539/s1/a03e6c99-360c-48ec-a7cd-9374e8e70514/sm
2023-11-07 01:40:14,165 [grpc-default-executor-1] TRACE util.FileUtils (FileUtils.java:deleteFully(305)) - deleteFully /home/runner/work/ratis/ratis/ratis-test/target/test/data/1674ca6a/MiniRaftClusterWithGrpccd30c539/s1/a03e6c99-360c-48ec-a7cd-9374e8e70514/sm.tmp20231107-014014_165
2023-11-07 01:40:14,165 [grpc-default-executor-1] TRACE util.FileUtils (LogUtils.java:runAndLog(49)) - Successfully ran Files.delete /home/runner/work/ratis/ratis/ratis-test/target/test/data/1674ca6a/MiniRaftClusterWithGrpccd30c539/s1/a03e6c99-360c-48ec-a7cd-9374e8e70514/sm.tmp20231107-014014_165
2023-11-07 01:40:14,166 [grpc-default-executor-1] INFO  raftlog.RaftLog (RaftLogBase.java:lambda$new$0(54)) - s1@group-9374E8E70514-SegmentedRaftLog: snapshotIndex: updateIncreasingly -1 -> 191
2023-11-07 01:40:14,166 [s1@group-9374E8E70514-StateMachineUpdater] INFO  impl.SimpleStateMachine4Testing (SimpleStateMachine4Testing.java:reinitialize(236)) - Reinitializing StateMachineWithMultiNestedSnapshotFile:s1:group-9374E8E70514
2023-11-07 01:40:14,169 [s1@group-9374E8E70514-StateMachineUpdater] TRACE util.FileUtils (LogUtils.java:supplyAndLog(69)) - Successfully supplied Files.newInputStream /home/runner/work/ratis/ratis/ratis-test/target/test/data/1674ca6a/MiniRaftClusterWithGrpccd30c539/s1/a03e6c99-360c-48ec-a7cd-9374e8e70514/sm/snapshot.1_191.md5 with options []: sun.nio.ch.ChannelInputStream@6bf57f6e
2023-11-07 01:40:14,170 [s1@group-9374E8E70514-StateMachineUpdater] INFO  impl.SimpleStateMachine4Testing (SimpleStateMachine4Testing.java:loadSnapshot(296)) - Loading snapshot SingleFileSnapshotInfo(t:1, i:191):[/home/runner/work/ratis/ratis/ratis-test/target/test/data/1674ca6a/MiniRaftClusterWithGrpccd30c539/s1/a03e6c99-360c-48ec-a7cd-9374e8e70514/sm/snapshot.1_191]
2023-11-07 01:40:14,170 [s1@group-9374E8E70514-StateMachineUpdater] INFO  impl.SimpleStateMachine4Testing (SimpleStateMachine4Testing.java:put(205)) - s1: put 1, m0 -> (t:1, i:1), STATEMACHINELOGENTRY, 261@client-3518E60E60AE
2023-11-07 01:40:14,170 [s1@group-9374E8E70514-StateMachineUpdater] INFO  impl.SimpleStateMachine4Testing (SimpleStateMachine4Testing.java:put(205)) - s1: put 3, m1 -> (t:1, i:3), STATEMACHINELOGENTRY, 262@client-3518E60E60AE
2023-11-07 01:40:14,170 [s1@group-9374E8E70514-StateMachineUpdater] INFO  impl.SimpleStateMachine4Testing (SimpleStateMachine4Testing.java:put(205)) - s1: put 5, m2 -> (t:1, i:5), STATEMACHINELOGENTRY, 263@client-3518E60E60AE
2023-11-07 01:40:14,170 [s1@group-9374E8E70514-StateMachineUpdater] INFO  impl.SimpleStateMachine4Testing (SimpleStateMachine4Testing.java:put(205)) - s1: put 7, m3 -> (t:1, i:7), STATEMACHINELOGENTRY, 264@client-3518E60E60AE
2023-11-07 01:40:14,170 [s1@group-9374E8E70514-StateMachineUpdater] INFO  impl.SimpleStateMachine4Testing (SimpleStateMachine4Testing.java:put(205)) - s1: put 9, m4 -> (t:1, i:9), STATEMACHINELOGENTRY, 265@client-3518E60E60AE
2023-11-07 01:40:14,170 [grpc-default-executor-1] INFO  segmented.SegmentedRaftLogWorker (SegmentedRaftLogWorker.java:lambda$new$0(135)) - s1@group-9374E8E70514-SegmentedRaftLogWorker: flushIndex: setUnconditionally -1 -> 191
2023-11-07 01:40:14,170 [s1@group-9374E8E70514-StateMachineUpdater] INFO  impl.SimpleStateMachine4Testing (SimpleStateMachine4Testing.java:put(205)) - s1: put 11, m5 -> (t:1, i:11), STATEMACHINELOGENTRY, 266@client-3518E60E60AE
2023-11-07 01:40:14,171 [grpc-default-executor-1] INFO  segmented.SegmentedRaftLogWorker (SegmentedRaftLogWorker.java:lambda$new$0(135)) - s1@group-9374E8E70514-SegmentedRaftLogWorker: safeCacheEvictIndex: setUnconditionally -1 -> 191
2023-11-07 01:40:14,171 [s1@group-9374E8E70514-StateMachineUpdater] INFO  impl.SimpleStateMachine4Testing (SimpleStateMachine4Testing.java:put(205)) - s1: put 13, m6 -> (t:1, i:13), STATEMACHINELOGENTRY, 267@client-3518E60E60AE
2023-11-07 01:40:14,171 [grpc-default-executor-1] INFO  impl.SnapshotInstallationHandler (SnapshotInstallationHandler.java:checkAndInstallSnapshot(194)) - s1@group-9374E8E70514: successfully install the entire snapshot-191
2023-11-07 01:40:14,171 [s1@group-9374E8E70514-StateMachineUpdater] INFO  impl.SimpleStateMachine4Testing (SimpleStateMachine4Testing.java:put(205)) - s1: put 15, m7 -> (t:1, i:15), STATEMACHINELOGENTRY, 268@client-3518E60E60AE
2023-11-07 01:40:14,171 [s1@group-9374E8E70514-StateMachineUpdater] INFO  impl.SimpleStateMachine4Testing (SimpleStateMachine4Testing.java:put(205)) - s1: put 17, m8 -> (t:1, i:17), STATEMACHINELOGENTRY, 269@client-3518E60E60AE
2023-11-07 01:40:14,171 [grpc-default-executor-1] INFO  impl.SnapshotInstallationHandler (SnapshotInstallationHandler.java:installSnapshot(100)) - s1@group-9374E8E70514: reply installSnapshot: s0<-s1#0:OK-t1,SUCCESS,requestIndex=10
2023-11-07 01:40:14,171 [s1@group-9374E8E70514-StateMachineUpdater] INFO  impl.SimpleStateMachine4Testing (SimpleStateMachine4Testing.java:put(205)) - s1: put 19, m9 -> (t:1, i:19), STATEMACHINELOGENTRY, 270@client-3518E60E60AE
2023-11-07 01:40:14,171 [s1@group-9374E8E70514-StateMachineUpdater] INFO  impl.SimpleStateMachine4Testing (SimpleStateMachine4Testing.java:put(205)) - s1: put 21, m10 -> (t:1, i:21), STATEMACHINELOGENTRY, 271@client-3518E60E60AE
2023-11-07 01:40:14,171 [s1@group-9374E8E70514-StateMachineUpdater] INFO  impl.SimpleStateMachine4Testing (SimpleStateMachine4Testing.java:put(205)) - s1: put 23, m11 -> (t:1, i:23), STATEMACHINELOGENTRY, 272@client-3518E60E60AE
2023-11-07 01:40:14,171 [s1@group-9374E8E70514-StateMachineUpdater] INFO  impl.SimpleStateMachine4Testing (SimpleStateMachine4Testing.java:put(205)) - s1: put 25, m12 -> (t:1, i:25), STATEMACHINELOGENTRY, 273@client-3518E60E60AE
2023-11-07 01:40:14,171 [grpc-default-executor-0] INFO  server.GrpcLogAppender (GrpcLogAppender.java:onNext(549)) - s0@group-9374E8E70514->s1-InstallSnapshotResponseHandler: received a reply s0<-s1#0:OK-t1,SUCCESS,requestIndex=10
2023-11-07 01:40:14,171 [s1@group-9374E8E70514-StateMachineUpdater] INFO  impl.SimpleStateMachine4Testing (SimpleStateMachine4Testing.java:put(205)) - s1: put 27, m13 -> (t:1, i:27), STATEMACHINELOGENTRY, 274@client-3518E60E60AE
2023-11-07 01:40:14,171 [s1@group-9374E8E70514-StateMachineUpdater] INFO  impl.SimpleStateMachine4Testing (SimpleStateMachine4Testing.java:put(205)) - s1: put 29, m14 -> (t:1, i:29), STATEMACHINELOGENTRY, 275@client-3518E60E60AE
2023-11-07 01:40:14,171 [grpc-default-executor-0] INFO  server.GrpcLogAppender (GrpcLogAppender.java:onNext(563)) - s0@group-9374E8E70514->s1-InstallSnapshotResponseHandler: Completed InstallSnapshot. Reply: serverReply {
  requestorId: "s0"
  replyId: "s1"
  raftGroupId {
    id: "\240>l\2316\fH\354\247\315\223t\350\347\005\024"
  }
  success: true
}
term: 1
requestIndex: 10

2023-11-07 01:40:14,171 [s1@group-9374E8E70514-StateMachineUpdater] INFO  impl.SimpleStateMachine4Testing (SimpleStateMachine4Testing.java:put(205)) - s1: put 31, m15 -> (t:1, i:31), STATEMACHINELOGENTRY, 276@client-3518E60E60AE
2023-11-07 01:40:14,171 [grpc-default-executor-0] INFO  leader.FollowerInfo (FollowerInfoImpl.java:setAttemptedToInstallSnapshot(154)) - Follower s0@group-9374E8E70514->s1 acknowledged installing snapshot
2023-11-07 01:40:14,172 [s1@group-9374E8E70514-StateMachineUpdater] INFO  impl.SimpleStateMachine4Testing (SimpleStateMachine4Testing.java:put(205)) - s1: put 33, m16 -> (t:1, i:33), STATEMACHINELOGENTRY, 277@client-3518E60E60AE
2023-11-07 01:40:14,172 [s1@group-9374E8E70514-StateMachineUpdater] INFO  impl.SimpleStateMachine4Testing (SimpleStateMachine4Testing.java:put(205)) - s1: put 35, m17 -> (t:1, i:35), STATEMACHINELOGENTRY, 278@client-3518E60E60AE
2023-11-07 01:40:14,172 [s1@group-9374E8E70514-StateMachineUpdater] INFO  impl.SimpleStateMachine4Testing (SimpleStateMachine4Testing.java:put(205)) - s1: put 37, m18 -> (t:1, i:37), STATEMACHINELOGENTRY, 279@client-3518E60E60AE
2023-11-07 01:40:14,172 [s1@group-9374E8E70514-StateMachineUpdater] INFO  impl.SimpleStateMachine4Testing (SimpleStateMachine4Testing.java:put(205)) - s1: put 39, m19 -> (t:1, i:39), STATEMACHINELOGENTRY, 280@client-3518E60E60AE
2023-11-07 01:40:14,172 [s1@group-9374E8E70514-StateMachineUpdater] INFO  impl.SimpleStateMachine4Testing (SimpleStateMachine4Testing.java:put(205)) - s1: put 41, m20 -> (t:1, i:41), STATEMACHINELOGENTRY, 281@client-3518E60E60AE
2023-11-07 01:40:14,172 [s1@group-9374E8E70514-StateMachineUpdater] INFO  impl.SimpleStateMachine4Testing (SimpleStateMachine4Testing.java:put(205)) - s1: put 43, m21 -> (t:1, i:43), STATEMACHINELOGENTRY, 282@client-3518E60E60AE
2023-11-07 01:40:14,172 [s1@group-9374E8E70514-StateMachineUpdater] INFO  impl.SimpleStateMachine4Testing (SimpleStateMachine4Testing.java:put(205)) - s1: put 45, m22 -> (t:1, i:45), STATEMACHINELOGENTRY, 283@client-3518E60E60AE
2023-11-07 01:40:14,172 [s1@group-9374E8E70514-StateMachineUpdater] INFO  impl.SimpleStateMachine4Testing (SimpleStateMachine4Testing.java:put(205)) - s1: put 47, m23 -> (t:1, i:47), STATEMACHINELOGENTRY, 284@client-3518E60E60AE
2023-11-07 01:40:14,172 [s1@group-9374E8E70514-StateMachineUpdater] INFO  impl.SimpleStateMachine4Testing (SimpleStateMachine4Testing.java:put(205)) - s1: put 49, m24 -> (t:1, i:49), STATEMACHINELOGENTRY, 285@client-3518E60E60AE
2023-11-07 01:40:14,172 [s1@group-9374E8E70514-StateMachineUpdater] INFO  impl.SimpleStateMachine4Testing (SimpleStateMachine4Testing.java:put(205)) - s1: put 51, m25 -> (t:1, i:51), STATEMACHINELOGENTRY, 286@client-3518E60E60AE
2023-11-07 01:40:14,172 [s1@group-9374E8E70514-StateMachineUpdater] INFO  impl.SimpleStateMachine4Testing (SimpleStateMachine4Testing.java:put(205)) - s1: put 53, m26 -> (t:1, i:53), STATEMACHINELOGENTRY, 287@client-3518E60E60AE
2023-11-07 01:40:14,173 [s1@group-9374E8E70514-StateMachineUpdater] INFO  impl.SimpleStateMachine4Testing (SimpleStateMachine4Testing.java:put(205)) - s1: put 55, m27 -> (t:1, i:55), STATEMACHINELOGENTRY, 288@client-3518E60E60AE
2023-11-07 01:40:14,173 [s1@group-9374E8E70514-StateMachineUpdater] INFO  impl.SimpleStateMachine4Testing (SimpleStateMachine4Testing.java:put(205)) - s1: put 57, m28 -> (t:1, i:57), STATEMACHINELOGENTRY, 289@client-3518E60E60AE
2023-11-07 01:40:14,173 [s1@group-9374E8E70514-StateMachineUpdater] INFO  impl.SimpleStateMachine4Testing (SimpleStateMachine4Testing.java:put(205)) - s1: put 59, m29 -> (t:1, i:59), STATEMACHINELOGENTRY, 290@client-3518E60E60AE
2023-11-07 01:40:14,173 [s1@group-9374E8E70514-StateMachineUpdater] INFO  impl.SimpleStateMachine4Testing (SimpleStateMachine4Testing.java:put(205)) - s1: put 61, m30 -> (t:1, i:61), STATEMACHINELOGENTRY, 291@client-3518E60E60AE
2023-11-07 01:40:14,173 [s1@group-9374E8E70514-StateMachineUpdater] INFO  impl.SimpleStateMachine4Testing (SimpleStateMachine4Testing.java:put(205)) - s1: put 63, m31 -> (t:1, i:63), STATEMACHINELOGENTRY, 292@client-3518E60E60AE
2023-11-07 01:40:14,173 [s1@group-9374E8E70514-StateMachineUpdater] INFO  impl.SimpleStateMachine4Testing (SimpleStateMachine4Testing.java:put(205)) - s1: put 65, m32 -> (t:1, i:65), STATEMACHINELOGENTRY, 293@client-3518E60E60AE
2023-11-07 01:40:14,173 [s1@group-9374E8E70514-StateMachineUpdater] INFO  impl.SimpleStateMachine4Testing (SimpleStateMachine4Testing.java:put(205)) - s1: put 67, m33 -> (t:1, i:67), STATEMACHINELOGENTRY, 294@client-3518E60E60AE
2023-11-07 01:40:14,173 [s1@group-9374E8E70514-StateMachineUpdater] INFO  impl.SimpleStateMachine4Testing (SimpleStateMachine4Testing.java:put(205)) - s1: put 69, m34 -> (t:1, i:69), STATEMACHINELOGENTRY, 295@client-3518E60E60AE
2023-11-07 01:40:14,173 [s1@group-9374E8E70514-StateMachineUpdater] INFO  impl.SimpleStateMachine4Testing (SimpleStateMachine4Testing.java:put(205)) - s1: put 71, m35 -> (t:1, i:71), STATEMACHINELOGENTRY, 296@client-3518E60E60AE
2023-11-07 01:40:14,173 [s1@group-9374E8E70514-StateMachineUpdater] INFO  impl.SimpleStateMachine4Testing (SimpleStateMachine4Testing.java:put(205)) - s1: put 73, m36 -> (t:1, i:73), STATEMACHINELOGENTRY, 297@client-3518E60E60AE
2023-11-07 01:40:14,173 [s1@group-9374E8E70514-StateMachineUpdater] INFO  impl.SimpleStateMachine4Testing (SimpleStateMachine4Testing.java:put(205)) - s1: put 75, m37 -> (t:1, i:75), STATEMACHINELOGENTRY, 298@client-3518E60E60AE
2023-11-07 01:40:14,173 [s1@group-9374E8E70514-StateMachineUpdater] INFO  impl.SimpleStateMachine4Testing (SimpleStateMachine4Testing.java:put(205)) - s1: put 77, m38 -> (t:1, i:77), STATEMACHINELOGENTRY, 299@client-3518E60E60AE
2023-11-07 01:40:14,174 [s1@group-9374E8E70514-StateMachineUpdater] INFO  impl.SimpleStateMachine4Testing (SimpleStateMachine4Testing.java:put(205)) - s1: put 79, m39 -> (t:1, i:79), STATEMACHINELOGENTRY, 300@client-3518E60E60AE
2023-11-07 01:40:14,174 [s1@group-9374E8E70514-StateMachineUpdater] INFO  impl.SimpleStateMachine4Testing (SimpleStateMachine4Testing.java:put(205)) - s1: put 81, m40 -> (t:1, i:81), STATEMACHINELOGENTRY, 301@client-3518E60E60AE
2023-11-07 01:40:14,174 [grpc-default-executor-1] INFO  server.GrpcServerProtocolService (GrpcServerProtocolService.java:onCompleted(157)) - s1: Completed INSTALL_SNAPSHOT, lastRequest: s0->s1#0-t1,chunk:645767c0-44ea-4e4d-8e3d-7db94da585eb,10
2023-11-07 01:40:14,174 [s1@group-9374E8E70514-StateMachineUpdater] INFO  impl.SimpleStateMachine4Testing (SimpleStateMachine4Testing.java:put(205)) - s1: put 83, m41 -> (t:1, i:83), STATEMACHINELOGENTRY, 302@client-3518E60E60AE
2023-11-07 01:40:14,174 [grpc-default-executor-1] INFO  server.GrpcServerProtocolService (GrpcServerProtocolService.java:lambda$onCompleted$5(159)) - s1: Completed INSTALL_SNAPSHOT, lastReply: null
2023-11-07 01:40:14,174 [s1@group-9374E8E70514-StateMachineUpdater] INFO  impl.SimpleStateMachine4Testing (SimpleStateMachine4Testing.java:put(205)) - s1: put 85, m42 -> (t:1, i:85), STATEMACHINELOGENTRY, 303@client-3518E60E60AE
2023-11-07 01:40:14,174 [s1@group-9374E8E70514-StateMachineUpdater] INFO  impl.SimpleStateMachine4Testing (SimpleStateMachine4Testing.java:put(205)) - s1: put 87, m43 -> (t:1, i:87), STATEMACHINELOGENTRY, 304@client-3518E60E60AE
2023-11-07 01:40:14,174 [s1@group-9374E8E70514-StateMachineUpdater] INFO  impl.SimpleStateMachine4Testing (SimpleStateMachine4Testing.java:put(205)) - s1: put 89, m44 -> (t:1, i:89), STATEMACHINELOGENTRY, 305@client-3518E60E60AE
2023-11-07 01:40:14,174 [s1@group-9374E8E70514-StateMachineUpdater] INFO  impl.SimpleStateMachine4Testing (SimpleStateMachine4Testing.java:put(205)) - s1: put 91, m45 -> (t:1, i:91), STATEMACHINELOGENTRY, 306@client-3518E60E60AE
2023-11-07 01:40:14,174 [s1@group-9374E8E70514-StateMachineUpdater] INFO  impl.SimpleStateMachine4Testing (SimpleStateMachine4Testing.java:put(205)) - s1: put 93, m46 -> (t:1, i:93), STATEMACHINELOGENTRY, 307@client-3518E60E60AE
2023-11-07 01:40:14,174 [grpc-default-executor-0] INFO  server.GrpcLogAppender (GrpcLogAppender.java:onCompleted(629)) - s0@group-9374E8E70514->s1-InstallSnapshotResponseHandler: follower responded installSnapshot COMPLETED
2023-11-07 01:40:14,176 [s0@group-9374E8E70514->s1-GrpcLogAppender-LogAppenderDaemon] INFO  leader.FollowerInfo (FollowerInfoImpl.java:info(64)) - s0@group-9374E8E70514->s1: snapshotIndex: setUnconditionally 0 -> 191
2023-11-07 01:40:14,176 [s0@group-9374E8E70514->s1-GrpcLogAppender-LogAppenderDaemon] INFO  leader.FollowerInfo (FollowerInfoImpl.java:info(64)) - s0@group-9374E8E70514->s1: matchIndex: setUnconditionally -1 -> 191
2023-11-07 01:40:14,176 [s0@group-9374E8E70514->s1-GrpcLogAppender-LogAppenderDaemon] INFO  leader.FollowerInfo (FollowerInfoImpl.java:info(64)) - s0@group-9374E8E70514->s1: nextIndex: setUnconditionally 0 -> 192
2023-11-07 01:40:14,176 [s0@group-9374E8E70514->s1-GrpcLogAppender-LogAppenderDaemon] INFO  server.GrpcLogAppender (GrpcLogAppender.java:installSnapshot(685)) - s0@group-9374E8E70514->s1-GrpcLogAppender: installed snapshot FileListSnapshotInfo(t:1, i:191):[/home/runner/work/ratis/ratis/ratis-test/target/test/data/1674ca6a/MiniRaftClusterWithGrpccd30c539/s0/a03e6c99-360c-48ec-a7cd-9374e8e70514/sm/snapshot/1.bin, /home/runner/work/ratis/ratis/ratis-test/target/test/data/1674ca6a/MiniRaftClusterWithGrpccd30c539/s0/a03e6c99-360c-48ec-a7cd-9374e8e70514/sm/snapshot/sub/2.bin, /home/runner/work/ratis/ratis/ratis-test/target/test/data/1674ca6a/MiniRaftClusterWithGrpccd30c539/s0/a03e6c99-360c-48ec-a7cd-9374e8e70514/sm/snapshot.1_191] successfully
2023-11-07 01:40:14,175 [s1@group-9374E8E70514-StateMachineUpdater] INFO  impl.SimpleStateMachine4Testing (SimpleStateMachine4Testing.java:put(205)) - s1: put 95, m47 -> (t:1, i:95), STATEMACHINELOGENTRY, 308@client-3518E60E60AE
2023-11-07 01:40:14,180 [s1@group-9374E8E70514-StateMachineUpdater] INFO  impl.SimpleStateMachine4Testing (SimpleStateMachine4Testing.java:put(205)) - s1: put 97, m48 -> (t:1, i:97), STATEMACHINELOGENTRY, 309@client-3518E60E60AE
2023-11-07 01:40:14,180 [s1@group-9374E8E70514-StateMachineUpdater] INFO  impl.SimpleStateMachine4Testing (SimpleStateMachine4Testing.java:put(205)) - s1: put 99, m49 -> (t:1, i:99), STATEMACHINELOGENTRY, 310@client-3518E60E60AE
2023-11-07 01:40:14,180 [s1@group-9374E8E70514-StateMachineUpdater] INFO  impl.SimpleStateMachine4Testing (SimpleStateMachine4Testing.java:put(205)) - s1: put 101, m50 -> (t:1, i:101), STATEMACHINELOGENTRY, 311@client-3518E60E60AE
2023-11-07 01:40:14,180 [s1@group-9374E8E70514-StateMachineUpdater] INFO  impl.SimpleStateMachine4Testing (SimpleStateMachine4Testing.java:put(205)) - s1: put 103, m51 -> (t:1, i:103), STATEMACHINELOGENTRY, 312@client-3518E60E60AE
2023-11-07 01:40:14,180 [s1@group-9374E8E70514-StateMachineUpdater] INFO  impl.SimpleStateMachine4Testing (SimpleStateMachine4Testing.java:put(205)) - s1: put 105, m52 -> (t:1, i:105), STATEMACHINELOGENTRY, 313@client-3518E60E60AE
2023-11-07 01:40:14,180 [s1@group-9374E8E70514-StateMachineUpdater] INFO  impl.SimpleStateMachine4Testing (SimpleStateMachine4Testing.java:put(205)) - s1: put 107, m53 -> (t:1, i:107), STATEMACHINELOGENTRY, 314@client-3518E60E60AE
2023-11-07 01:40:14,180 [s1@group-9374E8E70514-StateMachineUpdater] INFO  impl.SimpleStateMachine4Testing (SimpleStateMachine4Testing.java:put(205)) - s1: put 109, m54 -> (t:1, i:109), STATEMACHINELOGENTRY, 315@client-3518E60E60AE
2023-11-07 01:40:14,180 [s1@group-9374E8E70514-StateMachineUpdater] INFO  impl.SimpleStateMachine4Testing (SimpleStateMachine4Testing.java:put(205)) - s1: put 111, m55 -> (t:1, i:111), STATEMACHINELOGENTRY, 316@client-3518E60E60AE
2023-11-07 01:40:14,180 [s1@group-9374E8E70514-StateMachineUpdater] INFO  impl.SimpleStateMachine4Testing (SimpleStateMachine4Testing.java:put(205)) - s1: put 113, m56 -> (t:1, i:113), STATEMACHINELOGENTRY, 317@client-3518E60E60AE
2023-11-07 01:40:14,180 [s1@group-9374E8E70514-StateMachineUpdater] INFO  impl.SimpleStateMachine4Testing (SimpleStateMachine4Testing.java:put(205)) - s1: put 115, m57 -> (t:1, i:115), STATEMACHINELOGENTRY, 318@client-3518E60E60AE
2023-11-07 01:40:14,181 [s1@group-9374E8E70514-StateMachineUpdater] INFO  impl.SimpleStateMachine4Testing (SimpleStateMachine4Testing.java:put(205)) - s1: put 117, m58 -> (t:1, i:117), STATEMACHINELOGENTRY, 319@client-3518E60E60AE
2023-11-07 01:40:14,184 [s1@group-9374E8E70514-StateMachineUpdater] INFO  impl.SimpleStateMachine4Testing (SimpleStateMachine4Testing.java:put(205)) - s1: put 119, m59 -> (t:1, i:119), STATEMACHINELOGENTRY, 320@client-3518E60E60AE
2023-11-07 01:40:14,184 [s1@group-9374E8E70514-StateMachineUpdater] INFO  impl.SimpleStateMachine4Testing (SimpleStateMachine4Testing.java:put(205)) - s1: put 121, m60 -> (t:1, i:121), STATEMACHINELOGENTRY, 321@client-3518E60E60AE
2023-11-07 01:40:14,184 [s1@group-9374E8E70514-StateMachineUpdater] INFO  impl.SimpleStateMachine4Testing (SimpleStateMachine4Testing.java:put(205)) - s1: put 123, m61 -> (t:1, i:123), STATEMACHINELOGENTRY, 322@client-3518E60E60AE
2023-11-07 01:40:14,184 [s1@group-9374E8E70514-StateMachineUpdater] INFO  impl.SimpleStateMachine4Testing (SimpleStateMachine4Testing.java:put(205)) - s1: put 125, m62 -> (t:1, i:125), STATEMACHINELOGENTRY, 323@client-3518E60E60AE
2023-11-07 01:40:14,184 [s1@group-9374E8E70514-StateMachineUpdater] INFO  impl.SimpleStateMachine4Testing (SimpleStateMachine4Testing.java:put(205)) - s1: put 127, m63 -> (t:1, i:127), STATEMACHINELOGENTRY, 324@client-3518E60E60AE
2023-11-07 01:40:14,184 [s1@group-9374E8E70514-StateMachineUpdater] INFO  impl.SimpleStateMachine4Testing (SimpleStateMachine4Testing.java:put(205)) - s1: put 129, m64 -> (t:1, i:129), STATEMACHINELOGENTRY, 325@client-3518E60E60AE
2023-11-07 01:40:14,185 [s1@group-9374E8E70514-StateMachineUpdater] INFO  impl.SimpleStateMachine4Testing (SimpleStateMachine4Testing.java:put(205)) - s1: put 131, m65 -> (t:1, i:131), STATEMACHINELOGENTRY, 326@client-3518E60E60AE
2023-11-07 01:40:14,185 [s1@group-9374E8E70514-StateMachineUpdater] INFO  impl.SimpleStateMachine4Testing (SimpleStateMachine4Testing.java:put(205)) - s1: put 133, m66 -> (t:1, i:133), STATEMACHINELOGENTRY, 327@client-3518E60E60AE
2023-11-07 01:40:14,185 [s1@group-9374E8E70514-StateMachineUpdater] INFO  impl.SimpleStateMachine4Testing (SimpleStateMachine4Testing.java:put(205)) - s1: put 135, m67 -> (t:1, i:135), STATEMACHINELOGENTRY, 328@client-3518E60E60AE
2023-11-07 01:40:14,185 [s1@group-9374E8E70514-StateMachineUpdater] INFO  impl.SimpleStateMachine4Testing (SimpleStateMachine4Testing.java:put(205)) - s1: put 137, m68 -> (t:1, i:137), STATEMACHINELOGENTRY, 329@client-3518E60E60AE
2023-11-07 01:40:14,185 [s1@group-9374E8E70514-StateMachineUpdater] INFO  impl.SimpleStateMachine4Testing (SimpleStateMachine4Testing.java:put(205)) - s1: put 139, m69 -> (t:1, i:139), STATEMACHINELOGENTRY, 330@client-3518E60E60AE
2023-11-07 01:40:14,185 [s1@group-9374E8E70514-StateMachineUpdater] INFO  impl.SimpleStateMachine4Testing (SimpleStateMachine4Testing.java:put(205)) - s1: put 141, m70 -> (t:1, i:141), STATEMACHINELOGENTRY, 331@client-3518E60E60AE
2023-11-07 01:40:14,185 [s1@group-9374E8E70514-StateMachineUpdater] INFO  impl.SimpleStateMachine4Testing (SimpleStateMachine4Testing.java:put(205)) - s1: put 143, m71 -> (t:1, i:143), STATEMACHINELOGENTRY, 332@client-3518E60E60AE
2023-11-07 01:40:14,185 [s1@group-9374E8E70514-StateMachineUpdater] INFO  impl.SimpleStateMachine4Testing (SimpleStateMachine4Testing.java:put(205)) - s1: put 145, m72 -> (t:1, i:145), STATEMACHINELOGENTRY, 333@client-3518E60E60AE
2023-11-07 01:40:14,185 [s1@group-9374E8E70514-StateMachineUpdater] INFO  impl.SimpleStateMachine4Testing (SimpleStateMachine4Testing.java:put(205)) - s1: put 147, m73 -> (t:1, i:147), STATEMACHINELOGENTRY, 334@client-3518E60E60AE
2023-11-07 01:40:14,185 [s1@group-9374E8E70514-StateMachineUpdater] INFO  impl.SimpleStateMachine4Testing (SimpleStateMachine4Testing.java:put(205)) - s1: put 149, m74 -> (t:1, i:149), STATEMACHINELOGENTRY, 335@client-3518E60E60AE
2023-11-07 01:40:14,185 [s1@group-9374E8E70514-StateMachineUpdater] INFO  impl.SimpleStateMachine4Testing (SimpleStateMachine4Testing.java:put(205)) - s1: put 151, m75 -> (t:1, i:151), STATEMACHINELOGENTRY, 336@client-3518E60E60AE
2023-11-07 01:40:14,185 [s1@group-9374E8E70514-StateMachineUpdater] INFO  impl.SimpleStateMachine4Testing (SimpleStateMachine4Testing.java:put(205)) - s1: put 153, m76 -> (t:1, i:153), STATEMACHINELOGENTRY, 337@client-3518E60E60AE
2023-11-07 01:40:14,185 [s1@group-9374E8E70514-StateMachineUpdater] INFO  impl.SimpleStateMachine4Testing (SimpleStateMachine4Testing.java:put(205)) - s1: put 155, m77 -> (t:1, i:155), STATEMACHINELOGENTRY, 338@client-3518E60E60AE
2023-11-07 01:40:14,185 [s1@group-9374E8E70514-StateMachineUpdater] INFO  impl.SimpleStateMachine4Testing (SimpleStateMachine4Testing.java:put(205)) - s1: put 157, m78 -> (t:1, i:157), STATEMACHINELOGENTRY, 339@client-3518E60E60AE
2023-11-07 01:40:14,185 [s1@group-9374E8E70514-StateMachineUpdater] INFO  impl.SimpleStateMachine4Testing (SimpleStateMachine4Testing.java:put(205)) - s1: put 159, m79 -> (t:1, i:159), STATEMACHINELOGENTRY, 340@client-3518E60E60AE
2023-11-07 01:40:14,186 [s1@group-9374E8E70514-StateMachineUpdater] INFO  impl.SimpleStateMachine4Testing (SimpleStateMachine4Testing.java:put(205)) - s1: put 161, m80 -> (t:1, i:161), STATEMACHINELOGENTRY, 341@client-3518E60E60AE
2023-11-07 01:40:14,186 [s1@group-9374E8E70514-StateMachineUpdater] INFO  impl.SimpleStateMachine4Testing (SimpleStateMachine4Testing.java:put(205)) - s1: put 163, m81 -> (t:1, i:163), STATEMACHINELOGENTRY, 342@client-3518E60E60AE
2023-11-07 01:40:14,186 [s1@group-9374E8E70514-StateMachineUpdater] INFO  impl.SimpleStateMachine4Testing (SimpleStateMachine4Testing.java:put(205)) - s1: put 165, m82 -> (t:1, i:165), STATEMACHINELOGENTRY, 343@client-3518E60E60AE
2023-11-07 01:40:14,186 [s1@group-9374E8E70514-StateMachineUpdater] INFO  impl.SimpleStateMachine4Testing (SimpleStateMachine4Testing.java:put(205)) - s1: put 167, m83 -> (t:1, i:167), STATEMACHINELOGENTRY, 344@client-3518E60E60AE
2023-11-07 01:40:14,186 [s1@group-9374E8E70514-StateMachineUpdater] INFO  impl.SimpleStateMachine4Testing (SimpleStateMachine4Testing.java:put(205)) - s1: put 169, m84 -> (t:1, i:169), STATEMACHINELOGENTRY, 345@client-3518E60E60AE
2023-11-07 01:40:14,186 [s1@group-9374E8E70514-StateMachineUpdater] INFO  impl.SimpleStateMachine4Testing (SimpleStateMachine4Testing.java:put(205)) - s1: put 171, m85 -> (t:1, i:171), STATEMACHINELOGENTRY, 346@client-3518E60E60AE
2023-11-07 01:40:14,186 [s1@group-9374E8E70514-StateMachineUpdater] INFO  impl.SimpleStateMachine4Testing (SimpleStateMachine4Testing.java:put(205)) - s1: put 173, m86 -> (t:1, i:173), STATEMACHINELOGENTRY, 347@client-3518E60E60AE
2023-11-07 01:40:14,186 [s1@group-9374E8E70514-StateMachineUpdater] INFO  impl.SimpleStateMachine4Testing (SimpleStateMachine4Testing.java:put(205)) - s1: put 175, m87 -> (t:1, i:175), STATEMACHINELOGENTRY, 348@client-3518E60E60AE
2023-11-07 01:40:14,186 [s1@group-9374E8E70514-StateMachineUpdater] INFO  impl.SimpleStateMachine4Testing (SimpleStateMachine4Testing.java:put(205)) - s1: put 177, m88 -> (t:1, i:177), STATEMACHINELOGENTRY, 349@client-3518E60E60AE
2023-11-07 01:40:14,186 [s1@group-9374E8E70514-StateMachineUpdater] INFO  impl.SimpleStateMachine4Testing (SimpleStateMachine4Testing.java:put(205)) - s1: put 179, m89 -> (t:1, i:179), STATEMACHINELOGENTRY, 350@client-3518E60E60AE
2023-11-07 01:40:14,186 [s1@group-9374E8E70514-StateMachineUpdater] INFO  impl.SimpleStateMachine4Testing (SimpleStateMachine4Testing.java:put(205)) - s1: put 181, m90 -> (t:1, i:181), STATEMACHINELOGENTRY, 351@client-3518E60E60AE
2023-11-07 01:40:14,186 [s1@group-9374E8E70514-StateMachineUpdater] INFO  impl.SimpleStateMachine4Testing (SimpleStateMachine4Testing.java:put(205)) - s1: put 183, m91 -> (t:1, i:183), STATEMACHINELOGENTRY, 352@client-3518E60E60AE
2023-11-07 01:40:14,186 [s1@group-9374E8E70514-StateMachineUpdater] INFO  impl.SimpleStateMachine4Testing (SimpleStateMachine4Testing.java:put(205)) - s1: put 185, m92 -> (t:1, i:185), STATEMACHINELOGENTRY, 353@client-3518E60E60AE
2023-11-07 01:40:14,187 [s1@group-9374E8E70514-StateMachineUpdater] INFO  impl.SimpleStateMachine4Testing (SimpleStateMachine4Testing.java:put(205)) - s1: put 187, m93 -> (t:1, i:187), STATEMACHINELOGENTRY, 354@client-3518E60E60AE
2023-11-07 01:40:14,187 [s1@group-9374E8E70514-StateMachineUpdater] INFO  impl.SimpleStateMachine4Testing (SimpleStateMachine4Testing.java:put(205)) - s1: put 189, m94 -> (t:1, i:189), STATEMACHINELOGENTRY, 355@client-3518E60E60AE
2023-11-07 01:40:14,187 [s1@group-9374E8E70514-StateMachineUpdater] INFO  impl.SimpleStateMachine4Testing (SimpleStateMachine4Testing.java:put(205)) - s1: put 191, m95 -> (t:1, i:191), STATEMACHINELOGENTRY, 356@client-3518E60E60AE
2023-11-07 01:40:14,187 [s1@group-9374E8E70514-StateMachineUpdater] INFO  impl.StateMachineUpdater (StateMachineUpdater.java:lambda$new$0(98)) - s1@group-9374E8E70514-StateMachineUpdater: snapshotIndex: setUnconditionally -1 -> 191
2023-11-07 01:40:14,187 [s1@group-9374E8E70514-StateMachineUpdater] INFO  impl.StateMachineUpdater (StateMachineUpdater.java:lambda$new$0(98)) - s1@group-9374E8E70514-StateMachineUpdater: appliedIndex: setUnconditionally -1 -> 191
2023-11-07 01:40:14,194 [s1-server-thread1] INFO  impl.RoleInfo (RoleInfo.java:updateAndGet(139)) - s1: start s1@group-9374E8E70514-FollowerState
2023-11-07 01:40:14,195 [s1-server-thread2] INFO  segmented.SegmentedRaftLogWorker (SegmentedRaftLogWorker.java:startLogSegment(428)) - s1@group-9374E8E70514-SegmentedRaftLogWorker: Starting segment from index:192
2023-11-07 01:40:14,207 [s1@group-9374E8E70514-SegmentedRaftLogWorker] INFO  segmented.SegmentedRaftLogWorker (SegmentedRaftLogWorker.java:execute(632)) - s1@group-9374E8E70514-SegmentedRaftLogWorker: created new log segment /home/runner/work/ratis/ratis/ratis-test/target/test/data/1674ca6a/MiniRaftClusterWithGrpccd30c539/s1/a03e6c99-360c-48ec-a7cd-9374e8e70514/current/log_inprogress_192
2023-11-07 01:40:14,209 [s1@group-9374E8E70514-StateMachineUpdater] INFO  impl.SimpleStateMachine4Testing (SimpleStateMachine4Testing.java:applyTransaction(248)) - applyTransaction for log index 193
2023-11-07 01:40:14,209 [s1@group-9374E8E70514-StateMachineUpdater] INFO  impl.SimpleStateMachine4Testing (SimpleStateMachine4Testing.java:put(205)) - s1: put 193, m96 -> (t:1, i:193), STATEMACHINELOGENTRY, 357@client-3518E60E60AE
2023-11-07 01:40:14,209 [s1@group-9374E8E70514-StateMachineUpdater] INFO  impl.SimpleStateMachine4Testing (SimpleStateMachine4Testing.java:applyTransaction(248)) - applyTransaction for log index 195
2023-11-07 01:40:14,209 [s1@group-9374E8E70514-StateMachineUpdater] INFO  impl.SimpleStateMachine4Testing (SimpleStateMachine4Testing.java:put(205)) - s1: put 195, m97 -> (t:1, i:195), STATEMACHINELOGENTRY, 358@client-3518E60E60AE
2023-11-07 01:40:14,209 [s1@group-9374E8E70514-StateMachineUpdater] INFO  impl.SimpleStateMachine4Testing (SimpleStateMachine4Testing.java:applyTransaction(248)) - applyTransaction for log index 197
2023-11-07 01:40:14,209 [s1@group-9374E8E70514-StateMachineUpdater] INFO  impl.SimpleStateMachine4Testing (SimpleStateMachine4Testing.java:put(205)) - s1: put 197, m98 -> (t:1, i:197), STATEMACHINELOGENTRY, 359@client-3518E60E60AE
2023-11-07 01:40:14,209 [s1@group-9374E8E70514-StateMachineUpdater] INFO  impl.SimpleStateMachine4Testing (SimpleStateMachine4Testing.java:applyTransaction(248)) - applyTransaction for log index 199
2023-11-07 01:40:14,209 [s1@group-9374E8E70514-StateMachineUpdater] INFO  impl.SimpleStateMachine4Testing (SimpleStateMachine4Testing.java:put(205)) - s1: put 199, m99 -> (t:1, i:199), STATEMACHINELOGENTRY, 360@client-3518E60E60AE
2023-11-07 01:40:14,210 [s1@group-9374E8E70514-StateMachineUpdater] INFO  impl.SimpleStateMachine4Testing (SimpleStateMachine4Testing.java:applyTransaction(248)) - applyTransaction for log index 201
2023-11-07 01:40:14,210 [s1@group-9374E8E70514-StateMachineUpdater] INFO  impl.SimpleStateMachine4Testing (SimpleStateMachine4Testing.java:put(205)) - s1: put 201, m100 -> (t:1, i:201), STATEMACHINELOGENTRY, 361@client-3518E60E60AE
2023-11-07 01:40:14,210 [s1@group-9374E8E70514-StateMachineUpdater] INFO  impl.SimpleStateMachine4Testing (SimpleStateMachine4Testing.java:applyTransaction(248)) - applyTransaction for log index 203
2023-11-07 01:40:14,210 [s1@group-9374E8E70514-StateMachineUpdater] INFO  impl.SimpleStateMachine4Testing (SimpleStateMachine4Testing.java:put(205)) - s1: put 203, m101 -> (t:1, i:203), STATEMACHINELOGENTRY, 362@client-3518E60E60AE
2023-11-07 01:40:14,210 [s1@group-9374E8E70514-StateMachineUpdater] INFO  impl.SimpleStateMachine4Testing (SimpleStateMachine4Testing.java:applyTransaction(248)) - applyTransaction for log index 205
2023-11-07 01:40:14,210 [s1@group-9374E8E70514-StateMachineUpdater] INFO  impl.SimpleStateMachine4Testing (SimpleStateMachine4Testing.java:put(205)) - s1: put 205, m102 -> (t:1, i:205), STATEMACHINELOGENTRY, 363@client-3518E60E60AE
2023-11-07 01:40:14,210 [s1@group-9374E8E70514-StateMachineUpdater] INFO  impl.SimpleStateMachine4Testing (SimpleStateMachine4Testing.java:applyTransaction(248)) - applyTransaction for log index 207
2023-11-07 01:40:14,210 [s1@group-9374E8E70514-StateMachineUpdater] INFO  impl.SimpleStateMachine4Testing (SimpleStateMachine4Testing.java:put(205)) - s1: put 207, m103 -> (t:1, i:207), STATEMACHINELOGENTRY, 364@client-3518E60E60AE
2023-11-07 01:40:14,210 [s1@group-9374E8E70514-StateMachineUpdater] INFO  impl.SimpleStateMachine4Testing (SimpleStateMachine4Testing.java:applyTransaction(248)) - applyTransaction for log index 209
2023-11-07 01:40:14,210 [s1@group-9374E8E70514-StateMachineUpdater] INFO  impl.SimpleStateMachine4Testing (SimpleStateMachine4Testing.java:put(205)) - s1: put 209, m104 -> (t:1, i:209), STATEMACHINELOGENTRY, 365@client-3518E60E60AE
2023-11-07 01:40:14,210 [s1@group-9374E8E70514-StateMachineUpdater] INFO  impl.SimpleStateMachine4Testing (SimpleStateMachine4Testing.java:applyTransaction(248)) - applyTransaction for log index 211
2023-11-07 01:40:14,211 [s1@group-9374E8E70514-StateMachineUpdater] INFO  impl.SimpleStateMachine4Testing (SimpleStateMachine4Testing.java:put(205)) - s1: put 211, m105 -> (t:1, i:211), STATEMACHINELOGENTRY, 366@client-3518E60E60AE
2023-11-07 01:40:14,211 [s1@group-9374E8E70514-StateMachineUpdater] INFO  impl.SimpleStateMachine4Testing (SimpleStateMachine4Testing.java:applyTransaction(248)) - applyTransaction for log index 213
2023-11-07 01:40:14,211 [s1@group-9374E8E70514-StateMachineUpdater] INFO  impl.SimpleStateMachine4Testing (SimpleStateMachine4Testing.java:put(205)) - s1: put 213, m106 -> (t:1, i:213), STATEMACHINELOGENTRY, 367@client-3518E60E60AE
2023-11-07 01:40:14,211 [s1@group-9374E8E70514-StateMachineUpdater] INFO  impl.SimpleStateMachine4Testing (SimpleStateMachine4Testing.java:applyTransaction(248)) - applyTransaction for log index 215
2023-11-07 01:40:14,211 [s1@group-9374E8E70514-StateMachineUpdater] INFO  impl.SimpleStateMachine4Testing (SimpleStateMachine4Testing.java:put(205)) - s1: put 215, m107 -> (t:1, i:215), STATEMACHINELOGENTRY, 368@client-3518E60E60AE
2023-11-07 01:40:14,211 [s1@group-9374E8E70514-StateMachineUpdater] INFO  impl.SimpleStateMachine4Testing (SimpleStateMachine4Testing.java:applyTransaction(248)) - applyTransaction for log index 217
2023-11-07 01:40:14,211 [s1@group-9374E8E70514-StateMachineUpdater] INFO  impl.SimpleStateMachine4Testing (SimpleStateMachine4Testing.java:put(205)) - s1: put 217, m108 -> (t:1, i:217), STATEMACHINELOGENTRY, 369@client-3518E60E60AE
2023-11-07 01:40:14,211 [s1@group-9374E8E70514-StateMachineUpdater] INFO  impl.SimpleStateMachine4Testing (SimpleStateMachine4Testing.java:applyTransaction(248)) - applyTransaction for log index 219
2023-11-07 01:40:14,211 [s1@group-9374E8E70514-StateMachineUpdater] INFO  impl.SimpleStateMachine4Testing (SimpleStateMachine4Testing.java:put(205)) - s1: put 219, m109 -> (t:1, i:219), STATEMACHINELOGENTRY, 370@client-3518E60E60AE
2023-11-07 01:40:14,211 [s1@group-9374E8E70514-StateMachineUpdater] INFO  impl.SimpleStateMachine4Testing (SimpleStateMachine4Testing.java:applyTransaction(248)) - applyTransaction for log index 221
2023-11-07 01:40:14,211 [s1@group-9374E8E70514-StateMachineUpdater] INFO  impl.SimpleStateMachine4Testing (SimpleStateMachine4Testing.java:put(205)) - s1: put 221, m110 -> (t:1, i:221), STATEMACHINELOGENTRY, 371@client-3518E60E60AE
2023-11-07 01:40:14,211 [s1@group-9374E8E70514-StateMachineUpdater] INFO  impl.SimpleStateMachine4Testing (SimpleStateMachine4Testing.java:applyTransaction(248)) - applyTransaction for log index 223
2023-11-07 01:40:14,213 [s1@group-9374E8E70514-StateMachineUpdater] INFO  impl.SimpleStateMachine4Testing (SimpleStateMachine4Testing.java:put(205)) - s1: put 223, m111 -> (t:1, i:223), STATEMACHINELOGENTRY, 372@client-3518E60E60AE
2023-11-07 01:40:14,213 [s1@group-9374E8E70514-StateMachineUpdater] INFO  impl.SimpleStateMachine4Testing (SimpleStateMachine4Testing.java:applyTransaction(248)) - applyTransaction for log index 225
2023-11-07 01:40:14,213 [s1@group-9374E8E70514-StateMachineUpdater] INFO  impl.SimpleStateMachine4Testing (SimpleStateMachine4Testing.java:put(205)) - s1: put 225, m112 -> (t:1, i:225), STATEMACHINELOGENTRY, 373@client-3518E60E60AE
2023-11-07 01:40:14,213 [s1@group-9374E8E70514-StateMachineUpdater] INFO  impl.SimpleStateMachine4Testing (SimpleStateMachine4Testing.java:applyTransaction(248)) - applyTransaction for log index 227
2023-11-07 01:40:14,213 [s1@group-9374E8E70514-StateMachineUpdater] INFO  impl.SimpleStateMachine4Testing (SimpleStateMachine4Testing.java:put(205)) - s1: put 227, m113 -> (t:1, i:227), STATEMACHINELOGENTRY, 374@client-3518E60E60AE
2023-11-07 01:40:14,213 [s0@group-9374E8E70514-LeaderStateImpl] INFO  server.RaftServer$Division (ServerState.java:setRaftConf(382)) - s0@group-9374E8E70514: set configuration 255: peers:[s0|localhost:43101, s1|0.0.0.0:38659]|listeners:[], old=peers:[s0|localhost:43101]|listeners:[]
2023-11-07 01:40:14,215 [s1-server-thread1] INFO  server.RaftServer$Division (ServerState.java:setRaftConf(382)) - s1@group-9374E8E70514: set configuration 255: peers:[s0|localhost:43101, s1|0.0.0.0:38659]|listeners:[], old=peers:[s0|localhost:43101]|listeners:[]
2023-11-07 01:40:14,217 [s0@group-9374E8E70514-LeaderStateImpl] INFO  server.RaftServer$Division (ServerState.java:setRaftConf(382)) - s0@group-9374E8E70514: set configuration 257: peers:[s0|localhost:43101, s1|0.0.0.0:38659]|listeners:[], old=null
2023-11-07 01:40:14,213 [s1@group-9374E8E70514-StateMachineUpdater] INFO  impl.SimpleStateMachine4Testing (SimpleStateMachine4Testing.java:applyTransaction(248)) - applyTransaction for log index 229
2023-11-07 01:40:14,217 [s1@group-9374E8E70514-StateMachineUpdater] INFO  impl.SimpleStateMachine4Testing (SimpleStateMachine4Testing.java:put(205)) - s1: put 229, m114 -> (t:1, i:229), STATEMACHINELOGENTRY, 375@client-3518E60E60AE
2023-11-07 01:40:14,218 [s1@group-9374E8E70514-StateMachineUpdater] INFO  impl.SimpleStateMachine4Testing (SimpleStateMachine4Testing.java:applyTransaction(248)) - applyTransaction for log index 231
2023-11-07 01:40:14,218 [s1@group-9374E8E70514-StateMachineUpdater] INFO  impl.SimpleStateMachine4Testing (SimpleStateMachine4Testing.java:put(205)) - s1: put 231, m115 -> (t:1, i:231), STATEMACHINELOGENTRY, 376@client-3518E60E60AE
2023-11-07 01:40:14,218 [s1@group-9374E8E70514-StateMachineUpdater] INFO  impl.SimpleStateMachine4Testing (SimpleStateMachine4Testing.java:applyTransaction(248)) - applyTransaction for log index 233
2023-11-07 01:40:14,218 [s1@group-9374E8E70514-StateMachineUpdater] INFO  impl.SimpleStateMachine4Testing (SimpleStateMachine4Testing.java:put(205)) - s1: put 233, m116 -> (t:1, i:233), STATEMACHINELOGENTRY, 377@client-3518E60E60AE
2023-11-07 01:40:14,218 [s1@group-9374E8E70514-StateMachineUpdater] INFO  impl.SimpleStateMachine4Testing (SimpleStateMachine4Testing.java:applyTransaction(248)) - applyTransaction for log index 235
2023-11-07 01:40:14,218 [s1@group-9374E8E70514-StateMachineUpdater] INFO  impl.SimpleStateMachine4Testing (SimpleStateMachine4Testing.java:put(205)) - s1: put 235, m117 -> (t:1, i:235), STATEMACHINELOGENTRY, 378@client-3518E60E60AE
2023-11-07 01:40:14,218 [s1@group-9374E8E70514-StateMachineUpdater] INFO  impl.SimpleStateMachine4Testing (SimpleStateMachine4Testing.java:applyTransaction(248)) - applyTransaction for log index 237
2023-11-07 01:40:14,218 [s1@group-9374E8E70514-StateMachineUpdater] INFO  impl.SimpleStateMachine4Testing (SimpleStateMachine4Testing.java:put(205)) - s1: put 237, m118 -> (t:1, i:237), STATEMACHINELOGENTRY, 379@client-3518E60E60AE
2023-11-07 01:40:14,219 [s1-server-thread1] INFO  server.RaftServer$Division (ServerState.java:setRaftConf(382)) - s1@group-9374E8E70514: set configuration 257: peers:[s0|localhost:43101, s1|0.0.0.0:38659]|listeners:[], old=null
2023-11-07 01:40:14,222 [s1@group-9374E8E70514-StateMachineUpdater] INFO  impl.SimpleStateMachine4Testing (SimpleStateMachine4Testing.java:applyTransaction(248)) - applyTransaction for log index 239
2023-11-07 01:40:14,222 [s1@group-9374E8E70514-StateMachineUpdater] INFO  impl.SimpleStateMachine4Testing (SimpleStateMachine4Testing.java:put(205)) - s1: put 239, m119 -> (t:1, i:239), STATEMACHINELOGENTRY, 380@client-3518E60E60AE
2023-11-07 01:40:14,222 [s1@group-9374E8E70514-StateMachineUpdater] INFO  impl.SimpleStateMachine4Testing (SimpleStateMachine4Testing.java:applyTransaction(248)) - applyTransaction for log index 241
2023-11-07 01:40:14,223 [s1@group-9374E8E70514-StateMachineUpdater] INFO  impl.SimpleStateMachine4Testing (SimpleStateMachine4Testing.java:put(205)) - s1: put 241, m120 -> (t:1, i:241), STATEMACHINELOGENTRY, 381@client-3518E60E60AE
2023-11-07 01:40:14,223 [s1@group-9374E8E70514-StateMachineUpdater] INFO  impl.SimpleStateMachine4Testing (SimpleStateMachine4Testing.java:applyTransaction(248)) - applyTransaction for log index 243
2023-11-07 01:40:14,223 [s1@group-9374E8E70514-StateMachineUpdater] INFO  impl.SimpleStateMachine4Testing (SimpleStateMachine4Testing.java:put(205)) - s1: put 243, m121 -> (t:1, i:243), STATEMACHINELOGENTRY, 382@client-3518E60E60AE
2023-11-07 01:40:14,223 [s1@group-9374E8E70514-StateMachineUpdater] INFO  impl.SimpleStateMachine4Testing (SimpleStateMachine4Testing.java:applyTransaction(248)) - applyTransaction for log index 245
2023-11-07 01:40:14,223 [s1@group-9374E8E70514-StateMachineUpdater] INFO  impl.SimpleStateMachine4Testing (SimpleStateMachine4Testing.java:put(205)) - s1: put 245, m122 -> (t:1, i:245), STATEMACHINELOGENTRY, 383@client-3518E60E60AE
2023-11-07 01:40:14,223 [s1@group-9374E8E70514-StateMachineUpdater] INFO  impl.SimpleStateMachine4Testing (SimpleStateMachine4Testing.java:applyTransaction(248)) - applyTransaction for log index 247
2023-11-07 01:40:14,223 [s1@group-9374E8E70514-StateMachineUpdater] INFO  impl.SimpleStateMachine4Testing (SimpleStateMachine4Testing.java:put(205)) - s1: put 247, m123 -> (t:1, i:247), STATEMACHINELOGENTRY, 384@client-3518E60E60AE
2023-11-07 01:40:14,223 [s1@group-9374E8E70514-StateMachineUpdater] INFO  impl.SimpleStateMachine4Testing (SimpleStateMachine4Testing.java:applyTransaction(248)) - applyTransaction for log index 249
2023-11-07 01:40:14,223 [s1@group-9374E8E70514-StateMachineUpdater] INFO  impl.SimpleStateMachine4Testing (SimpleStateMachine4Testing.java:put(205)) - s1: put 249, m124 -> (t:1, i:249), STATEMACHINELOGENTRY, 385@client-3518E60E60AE
2023-11-07 01:40:14,224 [s1@group-9374E8E70514-StateMachineUpdater] INFO  impl.SimpleStateMachine4Testing (SimpleStateMachine4Testing.java:applyTransaction(248)) - applyTransaction for log index 251
2023-11-07 01:40:14,224 [s1@group-9374E8E70514-StateMachineUpdater] INFO  impl.SimpleStateMachine4Testing (SimpleStateMachine4Testing.java:put(205)) - s1: put 251, m125 -> (t:1, i:251), STATEMACHINELOGENTRY, 386@client-3518E60E60AE
2023-11-07 01:40:14,224 [s1@group-9374E8E70514-StateMachineUpdater] INFO  impl.SimpleStateMachine4Testing (SimpleStateMachine4Testing.java:applyTransaction(248)) - applyTransaction for log index 253
2023-11-07 01:40:14,224 [s1@group-9374E8E70514-StateMachineUpdater] INFO  impl.SimpleStateMachine4Testing (SimpleStateMachine4Testing.java:put(205)) - s1: put 253, m126 -> (t:1, i:253), STATEMACHINELOGENTRY, 387@client-3518E60E60AE
2023-11-07 01:40:14,237 [Time-limited test] INFO  impl.MiniRaftCluster (MiniRaftCluster.java:setConfiguration(819)) - Start changing the configuration: [s0|localhost:43101, s1|0.0.0.0:38659, s2|0.0.0.0:35899]
2023-11-07 01:40:14,238 [s0@group-9374E8E70514-StateMachineUpdater] TRACE util.FileUtils (LogUtils.java:supplyAndLog(69)) - Successfully supplied FileChannel.open /home/runner/work/ratis/ratis/ratis-test/target/test/data/1674ca6a/MiniRaftClusterWithGrpccd30c539/s0/a03e6c99-360c-48ec-a7cd-9374e8e70514/sm/snapshot.1_255 with options [READ]: sun.nio.ch.FileChannelImpl@2e31565c
2023-11-07 01:40:14,238 [s0@group-9374E8E70514-StateMachineUpdater] TRACE util.FileUtils (LogUtils.java:supplyAndLog(69)) - Successfully supplied FileChannel.open /home/runner/work/ratis/ratis/ratis-test/target/test/data/1674ca6a/MiniRaftClusterWithGrpccd30c539/s0/a03e6c99-360c-48ec-a7cd-9374e8e70514/sm/snapshot.1_255.md5.tmp with options [CREATE, WRITE]: sun.nio.ch.FileChannelImpl@d32398d
2023-11-07 01:40:14,243 [s0@group-9374E8E70514-StateMachineUpdater] TRACE util.FileUtils (LogUtils.java:runAndLog(49)) - Successfully ran Atomic Files.move /home/runner/work/ratis/ratis/ratis-test/target/test/data/1674ca6a/MiniRaftClusterWithGrpccd30c539/s0/a03e6c99-360c-48ec-a7cd-9374e8e70514/sm/snapshot.1_255.md5.tmp to /home/runner/work/ratis/ratis/ratis-test/target/test/data/1674ca6a/MiniRaftClusterWithGrpccd30c539/s0/a03e6c99-360c-48ec-a7cd-9374e8e70514/sm/snapshot.1_255.md5 with options [REPLACE_EXISTING]
2023-11-07 01:40:14,243 [s0@group-9374E8E70514-StateMachineUpdater] INFO  impl.StateMachineUpdater (StateMachineUpdater.java:takeSnapshot(295)) - s0@group-9374E8E70514-StateMachineUpdater: Took a snapshot at index 255
2023-11-07 01:40:14,243 [s0@group-9374E8E70514-StateMachineUpdater] INFO  impl.StateMachineUpdater (StateMachineUpdater.java:lambda$new$0(98)) - s0@group-9374E8E70514-StateMachineUpdater: snapshotIndex: updateIncreasingly 191 -> 255
2023-11-07 01:40:14,243 [s0@group-9374E8E70514-StateMachineUpdater] INFO  raftlog.RaftLog (RaftLogBase.java:purge(330)) - s0@group-9374E8E70514-SegmentedRaftLog: purge 255
2023-11-07 01:40:14,243 [s0@group-9374E8E70514-StateMachineUpdater] INFO  raftlog.RaftLog (RaftLogBase.java:lambda$new$0(54)) - s0@group-9374E8E70514-SegmentedRaftLog: snapshotIndex: updateIncreasingly 191 -> 255
2023-11-07 01:40:14,243 [s0@group-9374E8E70514-StateMachineUpdater] INFO  raftlog.RaftLog (RaftLogBase.java:lambda$new$0(54)) - s0@group-9374E8E70514-SegmentedRaftLog: purgeIndex: updateToMax old=191, new=255, updated? true
2023-11-07 01:40:14,245 [s1@group-9374E8E70514-StateMachineUpdater] TRACE util.FileUtils (LogUtils.java:supplyAndLog(69)) - Successfully supplied FileChannel.open /home/runner/work/ratis/ratis/ratis-test/target/test/data/1674ca6a/MiniRaftClusterWithGrpccd30c539/s1/a03e6c99-360c-48ec-a7cd-9374e8e70514/sm/snapshot.1_255 with options [READ]: sun.nio.ch.FileChannelImpl@65328c60
2023-11-07 01:40:14,245 [s1@group-9374E8E70514-StateMachineUpdater] TRACE util.FileUtils (LogUtils.java:supplyAndLog(69)) - Successfully supplied FileChannel.open /home/runner/work/ratis/ratis/ratis-test/target/test/data/1674ca6a/MiniRaftClusterWithGrpccd30c539/s1/a03e6c99-360c-48ec-a7cd-9374e8e70514/sm/snapshot.1_255.md5.tmp with options [CREATE, WRITE]: sun.nio.ch.FileChannelImpl@610d141e
2023-11-07 01:40:14,246 [s0-server-thread1] INFO  server.RaftServer$Division (RaftServerImpl.java:setConfigurationAsync(1262)) - s0@group-9374E8E70514: receive setConfiguration SetConfigurationRequest:client-4FA7996D6C67->s0@group-9374E8E70514, cid=390, seq=null, RW, null, SET_UNCONDITIONALLY, servers:[s0|localhost:43101, s1|0.0.0.0:38659, s2|0.0.0.0:35899], listeners:[]
2023-11-07 01:40:14,246 [s0-server-thread1] INFO  server.RaftServer$Division (LeaderStateImpl.java:startSetConfiguration(483)) - s0@group-9374E8E70514-LeaderStateImpl: startSetConfiguration SetConfigurationRequest:client-4FA7996D6C67->s0@group-9374E8E70514, cid=390, seq=null, RW, null, SET_UNCONDITIONALLY, servers:[s0|localhost:43101, s1|0.0.0.0:38659, s2|0.0.0.0:35899], listeners:[]
2023-11-07 01:40:14,247 [s1@group-9374E8E70514-StateMachineUpdater] TRACE util.FileUtils (LogUtils.java:runAndLog(49)) - Successfully ran Atomic Files.move /home/runner/work/ratis/ratis/ratis-test/target/test/data/1674ca6a/MiniRaftClusterWithGrpccd30c539/s1/a03e6c99-360c-48ec-a7cd-9374e8e70514/sm/snapshot.1_255.md5.tmp to /home/runner/work/ratis/ratis/ratis-test/target/test/data/1674ca6a/MiniRaftClusterWithGrpccd30c539/s1/a03e6c99-360c-48ec-a7cd-9374e8e70514/sm/snapshot.1_255.md5 with options [REPLACE_EXISTING]
2023-11-07 01:40:14,247 [s1@group-9374E8E70514-StateMachineUpdater] INFO  impl.StateMachineUpdater (StateMachineUpdater.java:takeSnapshot(295)) - s1@group-9374E8E70514-StateMachineUpdater: Took a snapshot at index 255
2023-11-07 01:40:14,247 [s1@group-9374E8E70514-StateMachineUpdater] INFO  impl.StateMachineUpdater (StateMachineUpdater.java:lambda$new$0(98)) - s1@group-9374E8E70514-StateMachineUpdater: snapshotIndex: updateIncreasingly 191 -> 255
2023-11-07 01:40:14,247 [s0-server-thread1] INFO  server.RaftServerConfigKeys (ConfUtils.java:logGet(46)) - raft.server.log.appender.snapshot.chunk.size.max = 1k (=1024) (custom)
2023-11-07 01:40:14,247 [s1@group-9374E8E70514-StateMachineUpdater] INFO  raftlog.RaftLog (RaftLogBase.java:purge(330)) - s1@group-9374E8E70514-SegmentedRaftLog: purge 255
2023-11-07 01:40:14,247 [s0-server-thread1] INFO  server.RaftServerConfigKeys (ConfUtils.java:logGet(46)) - raft.server.log.appender.buffer.byte-limit = 4MB (=4194304) (default)
2023-11-07 01:40:14,247 [s1@group-9374E8E70514-StateMachineUpdater] INFO  raftlog.RaftLog (RaftLogBase.java:lambda$new$0(54)) - s1@group-9374E8E70514-SegmentedRaftLog: snapshotIndex: updateIncreasingly 191 -> 255
2023-11-07 01:40:14,247 [s0-server-thread1] INFO  server.RaftServerConfigKeys (ConfUtils.java:logGet(46)) - raft.server.log.appender.buffer.element-limit = 0 (default)
2023-11-07 01:40:14,247 [s1@group-9374E8E70514-StateMachineUpdater] INFO  raftlog.RaftLog (RaftLogBase.java:lambda$new$0(54)) - s1@group-9374E8E70514-SegmentedRaftLog: purgeIndex: updateToMax old=-1, new=255, updated? true
2023-11-07 01:40:14,247 [s0-server-thread1] INFO  server.RaftServerConfigKeys (ConfUtils.java:logGet(46)) - raft.server.log.appender.wait-time.min = 1ms (default)
2023-11-07 01:40:14,247 [s0-server-thread1] INFO  grpc.GrpcConfigKeys (ConfUtils.java:logGet(46)) - raft.grpc.server.leader.outstanding.appends.max = 8 (default)
2023-11-07 01:40:14,248 [s0-server-thread1] INFO  server.RaftServerConfigKeys (ConfUtils.java:logGet(46)) - raft.server.rpc.request.timeout = 3000ms (default)
2023-11-07 01:40:14,248 [s0-server-thread1] INFO  grpc.GrpcConfigKeys (ConfUtils.java:logGet(46)) - raft.grpc.server.install_snapshot.request.element-limit = 8 (default)
2023-11-07 01:40:14,248 [s0-server-thread1] INFO  grpc.GrpcConfigKeys (ConfUtils.java:logGet(46)) - raft.grpc.server.install_snapshot.request.timeout = 3000ms (default)
2023-11-07 01:40:14,248 [s0-server-thread1] INFO  server.RaftServerConfigKeys (ConfUtils.java:logGet(46)) - raft.server.log.appender.install.snapshot.enabled = true (default)
2023-11-07 01:40:14,248 [s0-server-thread1] INFO  grpc.GrpcConfigKeys (ConfUtils.java:logGet(46)) - raft.grpc.server.heartbeat.channel = true (default)
2023-11-07 01:40:14,249 [s0@group-9374E8E70514->s2-GrpcLogAppender-LogAppenderDaemon] INFO  server.GrpcLogAppender (GrpcLogAppender.java:installSnapshot(646)) - s0@group-9374E8E70514->s2-GrpcLogAppender: followerNextIndex = 0 but logStartIndex = 0, send snapshot FileListSnapshotInfo(t:1, i:255):[/home/runner/work/ratis/ratis/ratis-test/target/test/data/1674ca6a/MiniRaftClusterWithGrpccd30c539/s0/a03e6c99-360c-48ec-a7cd-9374e8e70514/sm/snapshot/1.bin, /home/runner/work/ratis/ratis/ratis-test/target/test/data/1674ca6a/MiniRaftClusterWithGrpccd30c539/s0/a03e6c99-360c-48ec-a7cd-9374e8e70514/sm/snapshot/sub/2.bin, /home/runner/work/ratis/ratis/ratis-test/target/test/data/1674ca6a/MiniRaftClusterWithGrpccd30c539/s0/a03e6c99-360c-48ec-a7cd-9374e8e70514/sm/snapshot.1_255] to follower
2023-11-07 01:40:14,249 [s0@group-9374E8E70514->s2-GrpcLogAppender-LogAppenderDaemon] INFO  server.GrpcServerProtocolClient (GrpcServerProtocolClient.java:<init>(65)) - Build channel for s2
2023-11-07 01:40:14,257 [grpc-default-executor-2] INFO  impl.SnapshotInstallationHandler (SnapshotInstallationHandler.java:installSnapshot(89)) - s2@group-9374E8E70514: receive installSnapshot: s0->s2#0-t1,chunk:ed11d1eb-2ed2-46e9-beff-0446a5510237,0
2023-11-07 01:40:14,257 [grpc-default-executor-2] TRACE util.FileUtils (LogUtils.java:supplyAndLog(69)) - Successfully supplied FileChannel.open /home/runner/work/ratis/ratis/ratis-test/target/test/data/1674ca6a/MiniRaftClusterWithGrpccd30c539/s2/a03e6c99-360c-48ec-a7cd-9374e8e70514/current/raft-meta.tmp with options [CREATE, WRITE]: sun.nio.ch.FileChannelImpl@c026272
2023-11-07 01:40:14,258 [grpc-default-executor-2] TRACE util.FileUtils (LogUtils.java:runAndLog(49)) - Successfully ran Atomic Files.move /home/runner/work/ratis/ratis/ratis-test/target/test/data/1674ca6a/MiniRaftClusterWithGrpccd30c539/s2/a03e6c99-360c-48ec-a7cd-9374e8e70514/current/raft-meta.tmp to /home/runner/work/ratis/ratis/ratis-test/target/test/data/1674ca6a/MiniRaftClusterWithGrpccd30c539/s2/a03e6c99-360c-48ec-a7cd-9374e8e70514/current/raft-meta with options [REPLACE_EXISTING]
2023-11-07 01:40:14,258 [grpc-default-executor-2] INFO  server.RaftServer$Division (RaftServerImpl.java:setFirstElection(562)) - s2@group-9374E8E70514: set firstElectionSinceStartup to false for installSnapshot
2023-11-07 01:40:14,258 [grpc-default-executor-2] INFO  server.RaftServer$Division (ServerState.java:setLeader(265)) - s2@group-9374E8E70514: change Leader from null to s0 at term 1 for installSnapshot, leader elected after 173ms
2023-11-07 01:40:14,259 [grpc-default-executor-2] TRACE util.FileUtils (LogUtils.java:runAndLog(49)) - Successfully ran Files.createDirectories /home/runner/work/ratis/ratis/ratis-test/target/test/data/1674ca6a/MiniRaftClusterWithGrpccd30c539/s2/a03e6c99-360c-48ec-a7cd-9374e8e70514/tmp/snapshot-ed11d1eb-2ed2-46e9-beff-0446a5510237
2023-11-07 01:40:14,259 [grpc-default-executor-2] INFO  storage.SnapshotManager (SnapshotManager.java:installSnapshot(89)) - Installing snapshot:s0->s2#0-t1,chunk:ed11d1eb-2ed2-46e9-beff-0446a5510237,0, to tmp dir:/home/runner/work/ratis/ratis/ratis-test/target/test/data/1674ca6a/MiniRaftClusterWithGrpccd30c539/s2/a03e6c99-360c-48ec-a7cd-9374e8e70514/tmp/snapshot-ed11d1eb-2ed2-46e9-beff-0446a5510237
2023-11-07 01:40:14,259 [grpc-default-executor-2] TRACE util.FileUtils (LogUtils.java:runAndLog(49)) - Successfully ran Files.createDirectories /home/runner/work/ratis/ratis/ratis-test/target/test/data/1674ca6a/MiniRaftClusterWithGrpccd30c539/s2/a03e6c99-360c-48ec-a7cd-9374e8e70514/tmp/snapshot-ed11d1eb-2ed2-46e9-beff-0446a5510237/snapshot
2023-11-07 01:40:14,259 [grpc-default-executor-2] TRACE util.FileUtils (LogUtils.java:supplyAndLog(69)) - Successfully supplied FileChannel.open /home/runner/work/ratis/ratis/ratis-test/target/test/data/1674ca6a/MiniRaftClusterWithGrpccd30c539/s2/a03e6c99-360c-48ec-a7cd-9374e8e70514/tmp/snapshot-ed11d1eb-2ed2-46e9-beff-0446a5510237/snapshot/1.bin.md5.tmp with options [CREATE, WRITE]: sun.nio.ch.FileChannelImpl@77452268
2023-11-07 01:40:14,261 [grpc-default-executor-2] TRACE util.FileUtils (LogUtils.java:runAndLog(49)) - Successfully ran Atomic Files.move /home/runner/work/ratis/ratis/ratis-test/target/test/data/1674ca6a/MiniRaftClusterWithGrpccd30c539/s2/a03e6c99-360c-48ec-a7cd-9374e8e70514/tmp/snapshot-ed11d1eb-2ed2-46e9-beff-0446a5510237/snapshot/1.bin.md5.tmp to /home/runner/work/ratis/ratis/ratis-test/target/test/data/1674ca6a/MiniRaftClusterWithGrpccd30c539/s2/a03e6c99-360c-48ec-a7cd-9374e8e70514/tmp/snapshot-ed11d1eb-2ed2-46e9-beff-0446a5510237/snapshot/1.bin.md5 with options [REPLACE_EXISTING]
2023-11-07 01:40:14,262 [grpc-default-executor-2] INFO  impl.SnapshotInstallationHandler (SnapshotInstallationHandler.java:installSnapshotImpl(134)) - s2@group-9374E8E70514: set new configuration index: 257
configurationEntry {
  peers {
    id: "s0"
    address: "localhost:43101"
    dataStreamAddress: "localhost:46049"
    clientAddress: "localhost:34339"
    adminAddress: "localhost:46667"
    startupRole: FOLLOWER
  }
  peers {
    id: "s1"
    address: "0.0.0.0:38659"
    clientAddress: "0.0.0.0:38659"
    adminAddress: "0.0.0.0:38659"
    startupRole: FOLLOWER
  }
}
 from snapshot
2023-11-07 01:40:14,263 [grpc-default-executor-2] INFO  server.RaftServer$Division (ServerState.java:setRaftConf(382)) - s2@group-9374E8E70514: set configuration 257: peers:[s0|localhost:43101, s1|0.0.0.0:38659]|listeners:[], old=null
2023-11-07 01:40:14,263 [grpc-default-executor-2] INFO  impl.SnapshotInstallationHandler (SnapshotInstallationHandler.java:installSnapshot(100)) - s2@group-9374E8E70514: reply installSnapshot: s0<-s2#0:OK-t0,SUCCESS,requestIndex=0
2023-11-07 01:40:14,263 [grpc-default-executor-2] INFO  impl.SnapshotInstallationHandler (SnapshotInstallationHandler.java:installSnapshot(89)) - s2@group-9374E8E70514: receive installSnapshot: s0->s2#0-t1,chunk:ed11d1eb-2ed2-46e9-beff-0446a5510237,1
2023-11-07 01:40:14,263 [grpc-default-executor-1] INFO  server.GrpcLogAppender (GrpcLogAppender.java:onNext(549)) - s0@group-9374E8E70514->s2-InstallSnapshotResponseHandler: received the first reply s0<-s2#0:OK-t0,SUCCESS,requestIndex=0
2023-11-07 01:40:14,267 [grpc-default-executor-1] INFO  server.GrpcLogAppender (GrpcLogAppender.java:onNext(563)) - s0@group-9374E8E70514->s2-InstallSnapshotResponseHandler: Completed InstallSnapshot. Reply: serverReply {
  requestorId: "s0"
  replyId: "s2"
  raftGroupId {
    id: "\240>l\2316\fH\354\247\315\223t\350\347\005\024"
  }
  success: true
}
requestIndex: 0

2023-11-07 01:40:14,267 [grpc-default-executor-1] INFO  leader.FollowerInfo (FollowerInfoImpl.java:setAttemptedToInstallSnapshot(154)) - Follower s0@group-9374E8E70514->s2 acknowledged installing snapshot
2023-11-07 01:40:14,267 [grpc-default-executor-2] TRACE util.FileUtils (LogUtils.java:runAndLog(49)) - Successfully ran Files.createDirectories /home/runner/work/ratis/ratis/ratis-test/target/test/data/1674ca6a/MiniRaftClusterWithGrpccd30c539/s2/a03e6c99-360c-48ec-a7cd-9374e8e70514/tmp/snapshot-ed11d1eb-2ed2-46e9-beff-0446a5510237
2023-11-07 01:40:14,267 [grpc-default-executor-2] INFO  storage.SnapshotManager (SnapshotManager.java:installSnapshot(89)) - Installing snapshot:s0->s2#0-t1,chunk:ed11d1eb-2ed2-46e9-beff-0446a5510237,1, to tmp dir:/home/runner/work/ratis/ratis/ratis-test/target/test/data/1674ca6a/MiniRaftClusterWithGrpccd30c539/s2/a03e6c99-360c-48ec-a7cd-9374e8e70514/tmp/snapshot-ed11d1eb-2ed2-46e9-beff-0446a5510237
2023-11-07 01:40:14,267 [grpc-default-executor-2] TRACE util.FileUtils (LogUtils.java:runAndLog(49)) - Successfully ran Files.createDirectories /home/runner/work/ratis/ratis/ratis-test/target/test/data/1674ca6a/MiniRaftClusterWithGrpccd30c539/s2/a03e6c99-360c-48ec-a7cd-9374e8e70514/tmp/snapshot-ed11d1eb-2ed2-46e9-beff-0446a5510237/snapshot/sub
2023-11-07 01:40:14,268 [grpc-default-executor-2] INFO  impl.SnapshotInstallationHandler (SnapshotInstallationHandler.java:installSnapshot(100)) - s2@group-9374E8E70514: reply installSnapshot: s0<-s2#0:OK-t1,SUCCESS,requestIndex=1
2023-11-07 01:40:14,268 [grpc-default-executor-2] INFO  impl.SnapshotInstallationHandler (SnapshotInstallationHandler.java:installSnapshot(89)) - s2@group-9374E8E70514: receive installSnapshot: s0->s2#0-t1,chunk:ed11d1eb-2ed2-46e9-beff-0446a5510237,2
2023-11-07 01:40:14,268 [grpc-default-executor-2] TRACE util.FileUtils (LogUtils.java:runAndLog(49)) - Successfully ran Files.createDirectories /home/runner/work/ratis/ratis/ratis-test/target/test/data/1674ca6a/MiniRaftClusterWithGrpccd30c539/s2/a03e6c99-360c-48ec-a7cd-9374e8e70514/tmp/snapshot-ed11d1eb-2ed2-46e9-beff-0446a5510237
2023-11-07 01:40:14,268 [grpc-default-executor-2] INFO  storage.SnapshotManager (SnapshotManager.java:installSnapshot(89)) - Installing snapshot:s0->s2#0-t1,chunk:ed11d1eb-2ed2-46e9-beff-0446a5510237,2, to tmp dir:/home/runner/work/ratis/ratis/ratis-test/target/test/data/1674ca6a/MiniRaftClusterWithGrpccd30c539/s2/a03e6c99-360c-48ec-a7cd-9374e8e70514/tmp/snapshot-ed11d1eb-2ed2-46e9-beff-0446a5510237
2023-11-07 01:40:14,269 [grpc-default-executor-2] TRACE util.FileUtils (LogUtils.java:runAndLog(49)) - Successfully ran Files.createDirectories /home/runner/work/ratis/ratis/ratis-test/target/test/data/1674ca6a/MiniRaftClusterWithGrpccd30c539/s2/a03e6c99-360c-48ec-a7cd-9374e8e70514/tmp/snapshot-ed11d1eb-2ed2-46e9-beff-0446a5510237/snapshot/sub
2023-11-07 01:40:14,269 [grpc-default-executor-2] INFO  impl.SnapshotInstallationHandler (SnapshotInstallationHandler.java:installSnapshot(100)) - s2@group-9374E8E70514: reply installSnapshot: s0<-s2#0:OK-t1,SUCCESS,requestIndex=2
2023-11-07 01:40:14,269 [grpc-default-executor-2] INFO  server.GrpcLogAppender (GrpcLogAppender.java:onNext(549)) - s0@group-9374E8E70514->s2-InstallSnapshotResponseHandler: received a reply s0<-s2#0:OK-t1,SUCCESS,requestIndex=1
2023-11-07 01:40:14,270 [grpc-default-executor-1] INFO  impl.SnapshotInstallationHandler (SnapshotInstallationHandler.java:installSnapshot(89)) - s2@group-9374E8E70514: receive installSnapshot: s0->s2#0-t1,chunk:ed11d1eb-2ed2-46e9-beff-0446a5510237,3
2023-11-07 01:40:14,273 [grpc-default-executor-1] TRACE util.FileUtils (LogUtils.java:runAndLog(49)) - Successfully ran Files.createDirectories /home/runner/work/ratis/ratis/ratis-test/target/test/data/1674ca6a/MiniRaftClusterWithGrpccd30c539/s2/a03e6c99-360c-48ec-a7cd-9374e8e70514/tmp/snapshot-ed11d1eb-2ed2-46e9-beff-0446a5510237
2023-11-07 01:40:14,273 [grpc-default-executor-1] INFO  storage.SnapshotManager (SnapshotManager.java:installSnapshot(89)) - Installing snapshot:s0->s2#0-t1,chunk:ed11d1eb-2ed2-46e9-beff-0446a5510237,3, to tmp dir:/home/runner/work/ratis/ratis/ratis-test/target/test/data/1674ca6a/MiniRaftClusterWithGrpccd30c539/s2/a03e6c99-360c-48ec-a7cd-9374e8e70514/tmp/snapshot-ed11d1eb-2ed2-46e9-beff-0446a5510237
2023-11-07 01:40:14,273 [grpc-default-executor-1] TRACE util.FileUtils (LogUtils.java:runAndLog(49)) - Successfully ran Files.createDirectories /home/runner/work/ratis/ratis/ratis-test/target/test/data/1674ca6a/MiniRaftClusterWithGrpccd30c539/s2/a03e6c99-360c-48ec-a7cd-9374e8e70514/tmp/snapshot-ed11d1eb-2ed2-46e9-beff-0446a5510237/snapshot/sub
2023-11-07 01:40:14,274 [grpc-default-executor-1] INFO  impl.SnapshotInstallationHandler (SnapshotInstallationHandler.java:installSnapshot(100)) - s2@group-9374E8E70514: reply installSnapshot: s0<-s2#0:OK-t1,SUCCESS,requestIndex=3
2023-11-07 01:40:14,274 [grpc-default-executor-2] INFO  server.GrpcLogAppender (GrpcLogAppender.java:onNext(563)) - s0@group-9374E8E70514->s2-InstallSnapshotResponseHandler: Completed InstallSnapshot. Reply: serverReply {
  requestorId: "s0"
  replyId: "s2"
  raftGroupId {
    id: "\240>l\2316\fH\354\247\315\223t\350\347\005\024"
  }
  success: true
}
term: 1
requestIndex: 1

2023-11-07 01:40:14,274 [grpc-default-executor-1] INFO  impl.SnapshotInstallationHandler (SnapshotInstallationHandler.java:installSnapshot(89)) - s2@group-9374E8E70514: receive installSnapshot: s0->s2#0-t1,chunk:ed11d1eb-2ed2-46e9-beff-0446a5510237,4
2023-11-07 01:40:14,274 [grpc-default-executor-1] TRACE util.FileUtils (LogUtils.java:runAndLog(49)) - Successfully ran Files.createDirectories /home/runner/work/ratis/ratis/ratis-test/target/test/data/1674ca6a/MiniRaftClusterWithGrpccd30c539/s2/a03e6c99-360c-48ec-a7cd-9374e8e70514/tmp/snapshot-ed11d1eb-2ed2-46e9-beff-0446a5510237
2023-11-07 01:40:14,275 [grpc-default-executor-1] INFO  storage.SnapshotManager (SnapshotManager.java:installSnapshot(89)) - Installing snapshot:s0->s2#0-t1,chunk:ed11d1eb-2ed2-46e9-beff-0446a5510237,4, to tmp dir:/home/runner/work/ratis/ratis/ratis-test/target/test/data/1674ca6a/MiniRaftClusterWithGrpccd30c539/s2/a03e6c99-360c-48ec-a7cd-9374e8e70514/tmp/snapshot-ed11d1eb-2ed2-46e9-beff-0446a5510237
2023-11-07 01:40:14,275 [grpc-default-executor-1] TRACE util.FileUtils (LogUtils.java:runAndLog(49)) - Successfully ran Files.createDirectories /home/runner/work/ratis/ratis/ratis-test/target/test/data/1674ca6a/MiniRaftClusterWithGrpccd30c539/s2/a03e6c99-360c-48ec-a7cd-9374e8e70514/tmp/snapshot-ed11d1eb-2ed2-46e9-beff-0446a5510237/snapshot/sub
2023-11-07 01:40:14,275 [grpc-default-executor-1] TRACE util.FileUtils (LogUtils.java:supplyAndLog(69)) - Successfully supplied FileChannel.open /home/runner/work/ratis/ratis/ratis-test/target/test/data/1674ca6a/MiniRaftClusterWithGrpccd30c539/s2/a03e6c99-360c-48ec-a7cd-9374e8e70514/tmp/snapshot-ed11d1eb-2ed2-46e9-beff-0446a5510237/snapshot/sub/2.bin.md5.tmp with options [CREATE, WRITE]: sun.nio.ch.FileChannelImpl@6bd541cc
2023-11-07 01:40:14,275 [grpc-default-executor-2] INFO  leader.FollowerInfo (FollowerInfoImpl.java:setAttemptedToInstallSnapshot(154)) - Follower s0@group-9374E8E70514->s2 acknowledged installing snapshot
2023-11-07 01:40:14,276 [grpc-default-executor-1] TRACE util.FileUtils (LogUtils.java:runAndLog(49)) - Successfully ran Atomic Files.move /home/runner/work/ratis/ratis/ratis-test/target/test/data/1674ca6a/MiniRaftClusterWithGrpccd30c539/s2/a03e6c99-360c-48ec-a7cd-9374e8e70514/tmp/snapshot-ed11d1eb-2ed2-46e9-beff-0446a5510237/snapshot/sub/2.bin.md5.tmp to /home/runner/work/ratis/ratis/ratis-test/target/test/data/1674ca6a/MiniRaftClusterWithGrpccd30c539/s2/a03e6c99-360c-48ec-a7cd-9374e8e70514/tmp/snapshot-ed11d1eb-2ed2-46e9-beff-0446a5510237/snapshot/sub/2.bin.md5 with options [REPLACE_EXISTING]
2023-11-07 01:40:14,276 [grpc-default-executor-1] INFO  impl.SnapshotInstallationHandler (SnapshotInstallationHandler.java:installSnapshot(100)) - s2@group-9374E8E70514: reply installSnapshot: s0<-s2#0:OK-t1,SUCCESS,requestIndex=4
2023-11-07 01:40:14,276 [grpc-default-executor-1] INFO  impl.SnapshotInstallationHandler (SnapshotInstallationHandler.java:installSnapshot(89)) - s2@group-9374E8E70514: receive installSnapshot: s0->s2#0-t1,chunk:ed11d1eb-2ed2-46e9-beff-0446a5510237,5
2023-11-07 01:40:14,277 [grpc-default-executor-1] TRACE util.FileUtils (LogUtils.java:runAndLog(49)) - Successfully ran Files.createDirectories /home/runner/work/ratis/ratis/ratis-test/target/test/data/1674ca6a/MiniRaftClusterWithGrpccd30c539/s2/a03e6c99-360c-48ec-a7cd-9374e8e70514/tmp/snapshot-ed11d1eb-2ed2-46e9-beff-0446a5510237
2023-11-07 01:40:14,277 [grpc-default-executor-1] INFO  storage.SnapshotManager (SnapshotManager.java:installSnapshot(89)) - Installing snapshot:s0->s2#0-t1,chunk:ed11d1eb-2ed2-46e9-beff-0446a5510237,5, to tmp dir:/home/runner/work/ratis/ratis/ratis-test/target/test/data/1674ca6a/MiniRaftClusterWithGrpccd30c539/s2/a03e6c99-360c-48ec-a7cd-9374e8e70514/tmp/snapshot-ed11d1eb-2ed2-46e9-beff-0446a5510237
2023-11-07 01:40:14,277 [grpc-default-executor-1] TRACE util.FileUtils (LogUtils.java:runAndLog(49)) - Successfully ran Files.createDirectories /home/runner/work/ratis/ratis/ratis-test/target/test/data/1674ca6a/MiniRaftClusterWithGrpccd30c539/s2/a03e6c99-360c-48ec-a7cd-9374e8e70514/tmp/snapshot-ed11d1eb-2ed2-46e9-beff-0446a5510237
2023-11-07 01:40:14,277 [grpc-default-executor-1] INFO  impl.SnapshotInstallationHandler (SnapshotInstallationHandler.java:installSnapshot(100)) - s2@group-9374E8E70514: reply installSnapshot: s0<-s2#0:OK-t1,SUCCESS,requestIndex=5
2023-11-07 01:40:14,277 [grpc-default-executor-1] INFO  impl.SnapshotInstallationHandler (SnapshotInstallationHandler.java:installSnapshot(89)) - s2@group-9374E8E70514: receive installSnapshot: s0->s2#0-t1,chunk:ed11d1eb-2ed2-46e9-beff-0446a5510237,6
2023-11-07 01:40:14,278 [grpc-default-executor-1] TRACE util.FileUtils (LogUtils.java:runAndLog(49)) - Successfully ran Files.createDirectories /home/runner/work/ratis/ratis/ratis-test/target/test/data/1674ca6a/MiniRaftClusterWithGrpccd30c539/s2/a03e6c99-360c-48ec-a7cd-9374e8e70514/tmp/snapshot-ed11d1eb-2ed2-46e9-beff-0446a5510237
2023-11-07 01:40:14,278 [grpc-default-executor-1] INFO  storage.SnapshotManager (SnapshotManager.java:installSnapshot(89)) - Installing snapshot:s0->s2#0-t1,chunk:ed11d1eb-2ed2-46e9-beff-0446a5510237,6, to tmp dir:/home/runner/work/ratis/ratis/ratis-test/target/test/data/1674ca6a/MiniRaftClusterWithGrpccd30c539/s2/a03e6c99-360c-48ec-a7cd-9374e8e70514/tmp/snapshot-ed11d1eb-2ed2-46e9-beff-0446a5510237
2023-11-07 01:40:14,278 [grpc-default-executor-1] TRACE util.FileUtils (LogUtils.java:runAndLog(49)) - Successfully ran Files.createDirectories /home/runner/work/ratis/ratis/ratis-test/target/test/data/1674ca6a/MiniRaftClusterWithGrpccd30c539/s2/a03e6c99-360c-48ec-a7cd-9374e8e70514/tmp/snapshot-ed11d1eb-2ed2-46e9-beff-0446a5510237
2023-11-07 01:40:14,278 [grpc-default-executor-1] INFO  impl.SnapshotInstallationHandler (SnapshotInstallationHandler.java:installSnapshot(100)) - s2@group-9374E8E70514: reply installSnapshot: s0<-s2#0:OK-t1,SUCCESS,requestIndex=6
2023-11-07 01:40:14,279 [grpc-default-executor-1] INFO  impl.SnapshotInstallationHandler (SnapshotInstallationHandler.java:installSnapshot(89)) - s2@group-9374E8E70514: receive installSnapshot: s0->s2#0-t1,chunk:ed11d1eb-2ed2-46e9-beff-0446a5510237,7
2023-11-07 01:40:14,279 [grpc-default-executor-1] TRACE util.FileUtils (LogUtils.java:runAndLog(49)) - Successfully ran Files.createDirectories /home/runner/work/ratis/ratis/ratis-test/target/test/data/1674ca6a/MiniRaftClusterWithGrpccd30c539/s2/a03e6c99-360c-48ec-a7cd-9374e8e70514/tmp/snapshot-ed11d1eb-2ed2-46e9-beff-0446a5510237
2023-11-07 01:40:14,279 [grpc-default-executor-1] INFO  storage.SnapshotManager (SnapshotManager.java:installSnapshot(89)) - Installing snapshot:s0->s2#0-t1,chunk:ed11d1eb-2ed2-46e9-beff-0446a5510237,7, to tmp dir:/home/runner/work/ratis/ratis/ratis-test/target/test/data/1674ca6a/MiniRaftClusterWithGrpccd30c539/s2/a03e6c99-360c-48ec-a7cd-9374e8e70514/tmp/snapshot-ed11d1eb-2ed2-46e9-beff-0446a5510237
2023-11-07 01:40:14,279 [grpc-default-executor-1] TRACE util.FileUtils (LogUtils.java:runAndLog(49)) - Successfully ran Files.createDirectories /home/runner/work/ratis/ratis/ratis-test/target/test/data/1674ca6a/MiniRaftClusterWithGrpccd30c539/s2/a03e6c99-360c-48ec-a7cd-9374e8e70514/tmp/snapshot-ed11d1eb-2ed2-46e9-beff-0446a5510237
2023-11-07 01:40:14,280 [grpc-default-executor-1] INFO  impl.SnapshotInstallationHandler (SnapshotInstallationHandler.java:installSnapshot(100)) - s2@group-9374E8E70514: reply installSnapshot: s0<-s2#0:OK-t1,SUCCESS,requestIndex=7
2023-11-07 01:40:14,280 [grpc-default-executor-1] INFO  impl.SnapshotInstallationHandler (SnapshotInstallationHandler.java:installSnapshot(89)) - s2@group-9374E8E70514: receive installSnapshot: s0->s2#0-t1,chunk:ed11d1eb-2ed2-46e9-beff-0446a5510237,8
2023-11-07 01:40:14,280 [grpc-default-executor-1] TRACE util.FileUtils (LogUtils.java:runAndLog(49)) - Successfully ran Files.createDirectories /home/runner/work/ratis/ratis/ratis-test/target/test/data/1674ca6a/MiniRaftClusterWithGrpccd30c539/s2/a03e6c99-360c-48ec-a7cd-9374e8e70514/tmp/snapshot-ed11d1eb-2ed2-46e9-beff-0446a5510237
2023-11-07 01:40:14,280 [grpc-default-executor-1] INFO  storage.SnapshotManager (SnapshotManager.java:installSnapshot(89)) - Installing snapshot:s0->s2#0-t1,chunk:ed11d1eb-2ed2-46e9-beff-0446a5510237,8, to tmp dir:/home/runner/work/ratis/ratis/ratis-test/target/test/data/1674ca6a/MiniRaftClusterWithGrpccd30c539/s2/a03e6c99-360c-48ec-a7cd-9374e8e70514/tmp/snapshot-ed11d1eb-2ed2-46e9-beff-0446a5510237
2023-11-07 01:40:14,280 [grpc-default-executor-1] TRACE util.FileUtils (LogUtils.java:runAndLog(49)) - Successfully ran Files.createDirectories /home/runner/work/ratis/ratis/ratis-test/target/test/data/1674ca6a/MiniRaftClusterWithGrpccd30c539/s2/a03e6c99-360c-48ec-a7cd-9374e8e70514/tmp/snapshot-ed11d1eb-2ed2-46e9-beff-0446a5510237
2023-11-07 01:40:14,281 [grpc-default-executor-1] INFO  impl.SnapshotInstallationHandler (SnapshotInstallationHandler.java:installSnapshot(100)) - s2@group-9374E8E70514: reply installSnapshot: s0<-s2#0:OK-t1,SUCCESS,requestIndex=8
2023-11-07 01:40:14,281 [grpc-default-executor-2] INFO  server.GrpcLogAppender (GrpcLogAppender.java:onNext(549)) - s0@group-9374E8E70514->s2-InstallSnapshotResponseHandler: received a reply s0<-s2#0:OK-t1,SUCCESS,requestIndex=2
2023-11-07 01:40:14,283 [grpc-default-executor-2] INFO  server.GrpcLogAppender (GrpcLogAppender.java:onNext(563)) - s0@group-9374E8E70514->s2-InstallSnapshotResponseHandler: Completed InstallSnapshot. Reply: serverReply {
  requestorId: "s0"
  replyId: "s2"
  raftGroupId {
    id: "\240>l\2316\fH\354\247\315\223t\350\347\005\024"
  }
  success: true
}
term: 1
requestIndex: 2

2023-11-07 01:40:14,283 [grpc-default-executor-2] INFO  leader.FollowerInfo (FollowerInfoImpl.java:setAttemptedToInstallSnapshot(154)) - Follower s0@group-9374E8E70514->s2 acknowledged installing snapshot
2023-11-07 01:40:14,283 [grpc-default-executor-1] INFO  server.GrpcLogAppender (GrpcLogAppender.java:onNext(549)) - s0@group-9374E8E70514->s2-InstallSnapshotResponseHandler: received a reply s0<-s2#0:OK-t1,SUCCESS,requestIndex=3
2023-11-07 01:40:14,283 [grpc-default-executor-1] INFO  server.GrpcLogAppender (GrpcLogAppender.java:onNext(563)) - s0@group-9374E8E70514->s2-InstallSnapshotResponseHandler: Completed InstallSnapshot. Reply: serverReply {
  requestorId: "s0"
  replyId: "s2"
  raftGroupId {
    id: "\240>l\2316\fH\354\247\315\223t\350\347\005\024"
  }
  success: true
}
term: 1
requestIndex: 3

2023-11-07 01:40:14,284 [grpc-default-executor-1] INFO  leader.FollowerInfo (FollowerInfoImpl.java:setAttemptedToInstallSnapshot(154)) - Follower s0@group-9374E8E70514->s2 acknowledged installing snapshot
2023-11-07 01:40:14,284 [grpc-default-executor-2] INFO  impl.SnapshotInstallationHandler (SnapshotInstallationHandler.java:installSnapshot(89)) - s2@group-9374E8E70514: receive installSnapshot: s0->s2#0-t1,chunk:ed11d1eb-2ed2-46e9-beff-0446a5510237,9
2023-11-07 01:40:14,284 [grpc-default-executor-2] TRACE util.FileUtils (LogUtils.java:runAndLog(49)) - Successfully ran Files.createDirectories /home/runner/work/ratis/ratis/ratis-test/target/test/data/1674ca6a/MiniRaftClusterWithGrpccd30c539/s2/a03e6c99-360c-48ec-a7cd-9374e8e70514/tmp/snapshot-ed11d1eb-2ed2-46e9-beff-0446a5510237
2023-11-07 01:40:14,284 [grpc-default-executor-2] INFO  storage.SnapshotManager (SnapshotManager.java:installSnapshot(89)) - Installing snapshot:s0->s2#0-t1,chunk:ed11d1eb-2ed2-46e9-beff-0446a5510237,9, to tmp dir:/home/runner/work/ratis/ratis/ratis-test/target/test/data/1674ca6a/MiniRaftClusterWithGrpccd30c539/s2/a03e6c99-360c-48ec-a7cd-9374e8e70514/tmp/snapshot-ed11d1eb-2ed2-46e9-beff-0446a5510237
2023-11-07 01:40:14,284 [grpc-default-executor-2] TRACE util.FileUtils (LogUtils.java:runAndLog(49)) - Successfully ran Files.createDirectories /home/runner/work/ratis/ratis/ratis-test/target/test/data/1674ca6a/MiniRaftClusterWithGrpccd30c539/s2/a03e6c99-360c-48ec-a7cd-9374e8e70514/tmp/snapshot-ed11d1eb-2ed2-46e9-beff-0446a5510237
2023-11-07 01:40:14,285 [grpc-default-executor-2] INFO  impl.SnapshotInstallationHandler (SnapshotInstallationHandler.java:installSnapshot(100)) - s2@group-9374E8E70514: reply installSnapshot: s0<-s2#0:OK-t1,SUCCESS,requestIndex=9
2023-11-07 01:40:14,285 [grpc-default-executor-1] INFO  server.GrpcLogAppender (GrpcLogAppender.java:onNext(549)) - s0@group-9374E8E70514->s2-InstallSnapshotResponseHandler: received a reply s0<-s2#0:OK-t1,SUCCESS,requestIndex=4
2023-11-07 01:40:14,285 [grpc-default-executor-1] INFO  server.GrpcLogAppender (GrpcLogAppender.java:onNext(563)) - s0@group-9374E8E70514->s2-InstallSnapshotResponseHandler: Completed InstallSnapshot. Reply: serverReply {
  requestorId: "s0"
  replyId: "s2"
  raftGroupId {
    id: "\240>l\2316\fH\354\247\315\223t\350\347\005\024"
  }
  success: true
}
term: 1
requestIndex: 4

2023-11-07 01:40:14,285 [grpc-default-executor-1] INFO  leader.FollowerInfo (FollowerInfoImpl.java:setAttemptedToInstallSnapshot(154)) - Follower s0@group-9374E8E70514->s2 acknowledged installing snapshot
2023-11-07 01:40:14,286 [grpc-default-executor-2] INFO  impl.SnapshotInstallationHandler (SnapshotInstallationHandler.java:installSnapshot(89)) - s2@group-9374E8E70514: receive installSnapshot: s0->s2#0-t1,chunk:ed11d1eb-2ed2-46e9-beff-0446a5510237,10
2023-11-07 01:40:14,286 [grpc-default-executor-1] INFO  server.GrpcLogAppender (GrpcLogAppender.java:onNext(549)) - s0@group-9374E8E70514->s2-InstallSnapshotResponseHandler: received a reply s0<-s2#0:OK-t1,SUCCESS,requestIndex=5
2023-11-07 01:40:14,286 [grpc-default-executor-2] TRACE util.FileUtils (LogUtils.java:runAndLog(49)) - Successfully ran Files.createDirectories /home/runner/work/ratis/ratis/ratis-test/target/test/data/1674ca6a/MiniRaftClusterWithGrpccd30c539/s2/a03e6c99-360c-48ec-a7cd-9374e8e70514/tmp/snapshot-ed11d1eb-2ed2-46e9-beff-0446a5510237
2023-11-07 01:40:14,286 [grpc-default-executor-2] INFO  storage.SnapshotManager (SnapshotManager.java:installSnapshot(89)) - Installing snapshot:s0->s2#0-t1,chunk:ed11d1eb-2ed2-46e9-beff-0446a5510237,10, to tmp dir:/home/runner/work/ratis/ratis/ratis-test/target/test/data/1674ca6a/MiniRaftClusterWithGrpccd30c539/s2/a03e6c99-360c-48ec-a7cd-9374e8e70514/tmp/snapshot-ed11d1eb-2ed2-46e9-beff-0446a5510237
2023-11-07 01:40:14,287 [grpc-default-executor-1] INFO  server.GrpcLogAppender (GrpcLogAppender.java:onNext(563)) - s0@group-9374E8E70514->s2-InstallSnapshotResponseHandler: Completed InstallSnapshot. Reply: serverReply {
  requestorId: "s0"
  replyId: "s2"
  raftGroupId {
    id: "\240>l\2316\fH\354\247\315\223t\350\347\005\024"
  }
  success: true
}
term: 1
requestIndex: 5

2023-11-07 01:40:14,287 [grpc-default-executor-1] INFO  leader.FollowerInfo (FollowerInfoImpl.java:setAttemptedToInstallSnapshot(154)) - Follower s0@group-9374E8E70514->s2 acknowledged installing snapshot
2023-11-07 01:40:14,287 [grpc-default-executor-2] TRACE util.FileUtils (LogUtils.java:runAndLog(49)) - Successfully ran Files.createDirectories /home/runner/work/ratis/ratis/ratis-test/target/test/data/1674ca6a/MiniRaftClusterWithGrpccd30c539/s2/a03e6c99-360c-48ec-a7cd-9374e8e70514/tmp/snapshot-ed11d1eb-2ed2-46e9-beff-0446a5510237
2023-11-07 01:40:14,287 [grpc-default-executor-1] INFO  server.GrpcLogAppender (GrpcLogAppender.java:onNext(549)) - s0@group-9374E8E70514->s2-InstallSnapshotResponseHandler: received a reply s0<-s2#0:OK-t1,SUCCESS,requestIndex=6
2023-11-07 01:40:14,287 [grpc-default-executor-2] INFO  impl.SnapshotInstallationHandler (SnapshotInstallationHandler.java:installSnapshot(100)) - s2@group-9374E8E70514: reply installSnapshot: s0<-s2#0:OK-t1,SUCCESS,requestIndex=10
2023-11-07 01:40:14,287 [grpc-default-executor-1] INFO  server.GrpcLogAppender (GrpcLogAppender.java:onNext(563)) - s0@group-9374E8E70514->s2-InstallSnapshotResponseHandler: Completed InstallSnapshot. Reply: serverReply {
  requestorId: "s0"
  replyId: "s2"
  raftGroupId {
    id: "\240>l\2316\fH\354\247\315\223t\350\347\005\024"
  }
  success: true
}
term: 1
requestIndex: 6

2023-11-07 01:40:14,288 [grpc-default-executor-1] INFO  leader.FollowerInfo (FollowerInfoImpl.java:setAttemptedToInstallSnapshot(154)) - Follower s0@group-9374E8E70514->s2 acknowledged installing snapshot
2023-11-07 01:40:14,288 [grpc-default-executor-1] INFO  server.GrpcLogAppender (GrpcLogAppender.java:onNext(549)) - s0@group-9374E8E70514->s2-InstallSnapshotResponseHandler: received a reply s0<-s2#0:OK-t1,SUCCESS,requestIndex=7
2023-11-07 01:40:14,289 [grpc-default-executor-1] INFO  server.GrpcLogAppender (GrpcLogAppender.java:onNext(563)) - s0@group-9374E8E70514->s2-InstallSnapshotResponseHandler: Completed InstallSnapshot. Reply: serverReply {
  requestorId: "s0"
  replyId: "s2"
  raftGroupId {
    id: "\240>l\2316\fH\354\247\315\223t\350\347\005\024"
  }
  success: true
}
term: 1
requestIndex: 7

2023-11-07 01:40:14,289 [grpc-default-executor-1] INFO  leader.FollowerInfo (FollowerInfoImpl.java:setAttemptedToInstallSnapshot(154)) - Follower s0@group-9374E8E70514->s2 acknowledged installing snapshot
2023-11-07 01:40:14,289 [grpc-default-executor-1] INFO  server.GrpcLogAppender (GrpcLogAppender.java:onNext(549)) - s0@group-9374E8E70514->s2-InstallSnapshotResponseHandler: received a reply s0<-s2#0:OK-t1,SUCCESS,requestIndex=8
2023-11-07 01:40:14,289 [grpc-default-executor-1] INFO  server.GrpcLogAppender (GrpcLogAppender.java:onNext(563)) - s0@group-9374E8E70514->s2-InstallSnapshotResponseHandler: Completed InstallSnapshot. Reply: serverReply {
  requestorId: "s0"
  replyId: "s2"
  raftGroupId {
    id: "\240>l\2316\fH\354\247\315\223t\350\347\005\024"
  }
  success: true
}
term: 1
requestIndex: 8

2023-11-07 01:40:14,307 [grpc-default-executor-1] INFO  leader.FollowerInfo (FollowerInfoImpl.java:setAttemptedToInstallSnapshot(154)) - Follower s0@group-9374E8E70514->s2 acknowledged installing snapshot
2023-11-07 01:40:14,307 [grpc-default-executor-2] INFO  impl.SnapshotInstallationHandler (SnapshotInstallationHandler.java:installSnapshot(89)) - s2@group-9374E8E70514: receive installSnapshot: s0->s2#0-t1,chunk:ed11d1eb-2ed2-46e9-beff-0446a5510237,11
2023-11-07 01:40:14,308 [grpc-default-executor-1] INFO  server.GrpcLogAppender (GrpcLogAppender.java:onNext(549)) - s0@group-9374E8E70514->s2-InstallSnapshotResponseHandler: received a reply s0<-s2#0:OK-t1,SUCCESS,requestIndex=9
2023-11-07 01:40:14,308 [grpc-default-executor-2] TRACE util.FileUtils (LogUtils.java:runAndLog(49)) - Successfully ran Files.createDirectories /home/runner/work/ratis/ratis/ratis-test/target/test/data/1674ca6a/MiniRaftClusterWithGrpccd30c539/s2/a03e6c99-360c-48ec-a7cd-9374e8e70514/tmp/snapshot-ed11d1eb-2ed2-46e9-beff-0446a5510237
2023-11-07 01:40:14,308 [grpc-default-executor-2] INFO  storage.SnapshotManager (SnapshotManager.java:installSnapshot(89)) - Installing snapshot:s0->s2#0-t1,chunk:ed11d1eb-2ed2-46e9-beff-0446a5510237,11, to tmp dir:/home/runner/work/ratis/ratis/ratis-test/target/test/data/1674ca6a/MiniRaftClusterWithGrpccd30c539/s2/a03e6c99-360c-48ec-a7cd-9374e8e70514/tmp/snapshot-ed11d1eb-2ed2-46e9-beff-0446a5510237
2023-11-07 01:40:14,308 [grpc-default-executor-1] INFO  server.GrpcLogAppender (GrpcLogAppender.java:onNext(563)) - s0@group-9374E8E70514->s2-InstallSnapshotResponseHandler: Completed InstallSnapshot. Reply: serverReply {
  requestorId: "s0"
  replyId: "s2"
  raftGroupId {
    id: "\240>l\2316\fH\354\247\315\223t\350\347\005\024"
  }
  success: true
}
term: 1
requestIndex: 9

2023-11-07 01:40:14,308 [grpc-default-executor-1] INFO  leader.FollowerInfo (FollowerInfoImpl.java:setAttemptedToInstallSnapshot(154)) - Follower s0@group-9374E8E70514->s2 acknowledged installing snapshot
2023-11-07 01:40:14,308 [grpc-default-executor-2] TRACE util.FileUtils (LogUtils.java:runAndLog(49)) - Successfully ran Files.createDirectories /home/runner/work/ratis/ratis/ratis-test/target/test/data/1674ca6a/MiniRaftClusterWithGrpccd30c539/s2/a03e6c99-360c-48ec-a7cd-9374e8e70514/tmp/snapshot-ed11d1eb-2ed2-46e9-beff-0446a5510237
2023-11-07 01:40:14,308 [grpc-default-executor-1] INFO  server.GrpcLogAppender (GrpcLogAppender.java:onNext(549)) - s0@group-9374E8E70514->s2-InstallSnapshotResponseHandler: received a reply s0<-s2#0:OK-t1,SUCCESS,requestIndex=10
2023-11-07 01:40:14,308 [grpc-default-executor-1] INFO  server.GrpcLogAppender (GrpcLogAppender.java:onNext(563)) - s0@group-9374E8E70514->s2-InstallSnapshotResponseHandler: Completed InstallSnapshot. Reply: serverReply {
  requestorId: "s0"
  replyId: "s2"
  raftGroupId {
    id: "\240>l\2316\fH\354\247\315\223t\350\347\005\024"
  }
  success: true
}
term: 1
requestIndex: 10

2023-11-07 01:40:14,308 [grpc-default-executor-2] INFO  impl.SnapshotInstallationHandler (SnapshotInstallationHandler.java:installSnapshot(100)) - s2@group-9374E8E70514: reply installSnapshot: s0<-s2#0:OK-t1,SUCCESS,requestIndex=11
2023-11-07 01:40:14,308 [grpc-default-executor-1] INFO  leader.FollowerInfo (FollowerInfoImpl.java:setAttemptedToInstallSnapshot(154)) - Follower s0@group-9374E8E70514->s2 acknowledged installing snapshot
2023-11-07 01:40:14,309 [grpc-default-executor-1] INFO  server.GrpcLogAppender (GrpcLogAppender.java:onNext(549)) - s0@group-9374E8E70514->s2-InstallSnapshotResponseHandler: received a reply s0<-s2#0:OK-t1,SUCCESS,requestIndex=11
2023-11-07 01:40:14,309 [grpc-default-executor-1] INFO  server.GrpcLogAppender (GrpcLogAppender.java:onNext(563)) - s0@group-9374E8E70514->s2-InstallSnapshotResponseHandler: Completed InstallSnapshot. Reply: serverReply {
  requestorId: "s0"
  replyId: "s2"
  raftGroupId {
    id: "\240>l\2316\fH\354\247\315\223t\350\347\005\024"
  }
  success: true
}
term: 1
requestIndex: 11

2023-11-07 01:40:14,309 [grpc-default-executor-1] INFO  leader.FollowerInfo (FollowerInfoImpl.java:setAttemptedToInstallSnapshot(154)) - Follower s0@group-9374E8E70514->s2 acknowledged installing snapshot
2023-11-07 01:40:14,311 [grpc-default-executor-2] INFO  impl.SnapshotInstallationHandler (SnapshotInstallationHandler.java:installSnapshot(89)) - s2@group-9374E8E70514: receive installSnapshot: s0->s2#0-t1,chunk:ed11d1eb-2ed2-46e9-beff-0446a5510237,12
2023-11-07 01:40:14,311 [grpc-default-executor-2] TRACE util.FileUtils (LogUtils.java:runAndLog(49)) - Successfully ran Files.createDirectories /home/runner/work/ratis/ratis/ratis-test/target/test/data/1674ca6a/MiniRaftClusterWithGrpccd30c539/s2/a03e6c99-360c-48ec-a7cd-9374e8e70514/tmp/snapshot-ed11d1eb-2ed2-46e9-beff-0446a5510237
2023-11-07 01:40:14,311 [grpc-default-executor-2] INFO  storage.SnapshotManager (SnapshotManager.java:installSnapshot(89)) - Installing snapshot:s0->s2#0-t1,chunk:ed11d1eb-2ed2-46e9-beff-0446a5510237,12, to tmp dir:/home/runner/work/ratis/ratis/ratis-test/target/test/data/1674ca6a/MiniRaftClusterWithGrpccd30c539/s2/a03e6c99-360c-48ec-a7cd-9374e8e70514/tmp/snapshot-ed11d1eb-2ed2-46e9-beff-0446a5510237
2023-11-07 01:40:14,311 [grpc-default-executor-2] TRACE util.FileUtils (LogUtils.java:runAndLog(49)) - Successfully ran Files.createDirectories /home/runner/work/ratis/ratis/ratis-test/target/test/data/1674ca6a/MiniRaftClusterWithGrpccd30c539/s2/a03e6c99-360c-48ec-a7cd-9374e8e70514/tmp/snapshot-ed11d1eb-2ed2-46e9-beff-0446a5510237
2023-11-07 01:40:14,312 [grpc-default-executor-2] TRACE util.FileUtils (LogUtils.java:supplyAndLog(69)) - Successfully supplied FileChannel.open /home/runner/work/ratis/ratis/ratis-test/target/test/data/1674ca6a/MiniRaftClusterWithGrpccd30c539/s2/a03e6c99-360c-48ec-a7cd-9374e8e70514/tmp/snapshot-ed11d1eb-2ed2-46e9-beff-0446a5510237/snapshot.1_255.md5.tmp with options [CREATE, WRITE]: sun.nio.ch.FileChannelImpl@11a96867
2023-11-07 01:40:14,314 [grpc-default-executor-2] TRACE util.FileUtils (LogUtils.java:runAndLog(49)) - Successfully ran Atomic Files.move /home/runner/work/ratis/ratis/ratis-test/target/test/data/1674ca6a/MiniRaftClusterWithGrpccd30c539/s2/a03e6c99-360c-48ec-a7cd-9374e8e70514/tmp/snapshot-ed11d1eb-2ed2-46e9-beff-0446a5510237/snapshot.1_255.md5.tmp to /home/runner/work/ratis/ratis/ratis-test/target/test/data/1674ca6a/MiniRaftClusterWithGrpccd30c539/s2/a03e6c99-360c-48ec-a7cd-9374e8e70514/tmp/snapshot-ed11d1eb-2ed2-46e9-beff-0446a5510237/snapshot.1_255.md5 with options [REPLACE_EXISTING]
2023-11-07 01:40:14,314 [grpc-default-executor-2] INFO  storage.SnapshotManager (SnapshotManager.java:rename(168)) - Installed snapshot, renaming temporary dir /home/runner/work/ratis/ratis/ratis-test/target/test/data/1674ca6a/MiniRaftClusterWithGrpccd30c539/s2/a03e6c99-360c-48ec-a7cd-9374e8e70514/tmp/snapshot-ed11d1eb-2ed2-46e9-beff-0446a5510237 to /home/runner/work/ratis/ratis/ratis-test/target/test/data/1674ca6a/MiniRaftClusterWithGrpccd30c539/s2/a03e6c99-360c-48ec-a7cd-9374e8e70514/sm
2023-11-07 01:40:14,314 [grpc-default-executor-2] TRACE util.FileUtils (LogUtils.java:runAndLog(49)) - Successfully ran Atomic Files.move /home/runner/work/ratis/ratis/ratis-test/target/test/data/1674ca6a/MiniRaftClusterWithGrpccd30c539/s2/a03e6c99-360c-48ec-a7cd-9374e8e70514/sm to /home/runner/work/ratis/ratis/ratis-test/target/test/data/1674ca6a/MiniRaftClusterWithGrpccd30c539/s2/a03e6c99-360c-48ec-a7cd-9374e8e70514/sm.tmp20231107-014014_314
2023-11-07 01:40:14,314 [grpc-default-executor-2] TRACE util.FileUtils (LogUtils.java:runAndLog(49)) - Successfully ran Atomic Files.move /home/runner/work/ratis/ratis/ratis-test/target/test/data/1674ca6a/MiniRaftClusterWithGrpccd30c539/s2/a03e6c99-360c-48ec-a7cd-9374e8e70514/tmp/snapshot-ed11d1eb-2ed2-46e9-beff-0446a5510237 to /home/runner/work/ratis/ratis/ratis-test/target/test/data/1674ca6a/MiniRaftClusterWithGrpccd30c539/s2/a03e6c99-360c-48ec-a7cd-9374e8e70514/sm
2023-11-07 01:40:14,314 [grpc-default-executor-2] TRACE util.FileUtils (FileUtils.java:deleteFully(305)) - deleteFully /home/runner/work/ratis/ratis/ratis-test/target/test/data/1674ca6a/MiniRaftClusterWithGrpccd30c539/s2/a03e6c99-360c-48ec-a7cd-9374e8e70514/sm.tmp20231107-014014_314
2023-11-07 01:40:14,315 [grpc-default-executor-2] TRACE util.FileUtils (LogUtils.java:runAndLog(49)) - Successfully ran Files.delete /home/runner/work/ratis/ratis/ratis-test/target/test/data/1674ca6a/MiniRaftClusterWithGrpccd30c539/s2/a03e6c99-360c-48ec-a7cd-9374e8e70514/sm.tmp20231107-014014_314
2023-11-07 01:40:14,315 [s2@group-9374E8E70514-StateMachineUpdater] INFO  impl.SimpleStateMachine4Testing (SimpleStateMachine4Testing.java:reinitialize(236)) - Reinitializing StateMachineWithMultiNestedSnapshotFile:s2:group-9374E8E70514
2023-11-07 01:40:14,315 [s2@group-9374E8E70514-StateMachineUpdater] TRACE util.FileUtils (LogUtils.java:supplyAndLog(69)) - Successfully supplied Files.newInputStream /home/runner/work/ratis/ratis/ratis-test/target/test/data/1674ca6a/MiniRaftClusterWithGrpccd30c539/s2/a03e6c99-360c-48ec-a7cd-9374e8e70514/sm/snapshot.1_255.md5 with options []: sun.nio.ch.ChannelInputStream@6729d94c
2023-11-07 01:40:14,315 [s2@group-9374E8E70514-StateMachineUpdater] INFO  impl.SimpleStateMachine4Testing (SimpleStateMachine4Testing.java:loadSnapshot(296)) - Loading snapshot SingleFileSnapshotInfo(t:1, i:255):[/home/runner/work/ratis/ratis/ratis-test/target/test/data/1674ca6a/MiniRaftClusterWithGrpccd30c539/s2/a03e6c99-360c-48ec-a7cd-9374e8e70514/sm/snapshot.1_255]
2023-11-07 01:40:14,316 [s2@group-9374E8E70514-StateMachineUpdater] INFO  impl.SimpleStateMachine4Testing (SimpleStateMachine4Testing.java:put(205)) - s2: put 1, m0 -> (t:1, i:1), STATEMACHINELOGENTRY, 261@client-3518E60E60AE
2023-11-07 01:40:14,316 [s2@group-9374E8E70514-StateMachineUpdater] INFO  impl.SimpleStateMachine4Testing (SimpleStateMachine4Testing.java:put(205)) - s2: put 3, m1 -> (t:1, i:3), STATEMACHINELOGENTRY, 262@client-3518E60E60AE
2023-11-07 01:40:14,316 [s2@group-9374E8E70514-StateMachineUpdater] INFO  impl.SimpleStateMachine4Testing (SimpleStateMachine4Testing.java:put(205)) - s2: put 5, m2 -> (t:1, i:5), STATEMACHINELOGENTRY, 263@client-3518E60E60AE
2023-11-07 01:40:14,316 [s2@group-9374E8E70514-StateMachineUpdater] INFO  impl.SimpleStateMachine4Testing (SimpleStateMachine4Testing.java:put(205)) - s2: put 7, m3 -> (t:1, i:7), STATEMACHINELOGENTRY, 264@client-3518E60E60AE
2023-11-07 01:40:14,316 [s2@group-9374E8E70514-StateMachineUpdater] INFO  impl.SimpleStateMachine4Testing (SimpleStateMachine4Testing.java:put(205)) - s2: put 9, m4 -> (t:1, i:9), STATEMACHINELOGENTRY, 265@client-3518E60E60AE
2023-11-07 01:40:14,316 [s2@group-9374E8E70514-StateMachineUpdater] INFO  impl.SimpleStateMachine4Testing (SimpleStateMachine4Testing.java:put(205)) - s2: put 11, m5 -> (t:1, i:11), STATEMACHINELOGENTRY, 266@client-3518E60E60AE
2023-11-07 01:40:14,316 [s2@group-9374E8E70514-StateMachineUpdater] INFO  impl.SimpleStateMachine4Testing (SimpleStateMachine4Testing.java:put(205)) - s2: put 13, m6 -> (t:1, i:13), STATEMACHINELOGENTRY, 267@client-3518E60E60AE
2023-11-07 01:40:14,316 [s2@group-9374E8E70514-StateMachineUpdater] INFO  impl.SimpleStateMachine4Testing (SimpleStateMachine4Testing.java:put(205)) - s2: put 15, m7 -> (t:1, i:15), STATEMACHINELOGENTRY, 268@client-3518E60E60AE
2023-11-07 01:40:14,316 [s2@group-9374E8E70514-StateMachineUpdater] INFO  impl.SimpleStateMachine4Testing (SimpleStateMachine4Testing.java:put(205)) - s2: put 17, m8 -> (t:1, i:17), STATEMACHINELOGENTRY, 269@client-3518E60E60AE
2023-11-07 01:40:14,316 [s2@group-9374E8E70514-StateMachineUpdater] INFO  impl.SimpleStateMachine4Testing (SimpleStateMachine4Testing.java:put(205)) - s2: put 19, m9 -> (t:1, i:19), STATEMACHINELOGENTRY, 270@client-3518E60E60AE
2023-11-07 01:40:14,316 [s2@group-9374E8E70514-StateMachineUpdater] INFO  impl.SimpleStateMachine4Testing (SimpleStateMachine4Testing.java:put(205)) - s2: put 21, m10 -> (t:1, i:21), STATEMACHINELOGENTRY, 271@client-3518E60E60AE
2023-11-07 01:40:14,317 [s2@group-9374E8E70514-StateMachineUpdater] INFO  impl.SimpleStateMachine4Testing (SimpleStateMachine4Testing.java:put(205)) - s2: put 23, m11 -> (t:1, i:23), STATEMACHINELOGENTRY, 272@client-3518E60E60AE
2023-11-07 01:40:14,317 [s2@group-9374E8E70514-StateMachineUpdater] INFO  impl.SimpleStateMachine4Testing (SimpleStateMachine4Testing.java:put(205)) - s2: put 25, m12 -> (t:1, i:25), STATEMACHINELOGENTRY, 273@client-3518E60E60AE
2023-11-07 01:40:14,317 [s2@group-9374E8E70514-StateMachineUpdater] INFO  impl.SimpleStateMachine4Testing (SimpleStateMachine4Testing.java:put(205)) - s2: put 27, m13 -> (t:1, i:27), STATEMACHINELOGENTRY, 274@client-3518E60E60AE
2023-11-07 01:40:14,317 [s2@group-9374E8E70514-StateMachineUpdater] INFO  impl.SimpleStateMachine4Testing (SimpleStateMachine4Testing.java:put(205)) - s2: put 29, m14 -> (t:1, i:29), STATEMACHINELOGENTRY, 275@client-3518E60E60AE
2023-11-07 01:40:14,317 [s2@group-9374E8E70514-StateMachineUpdater] INFO  impl.SimpleStateMachine4Testing (SimpleStateMachine4Testing.java:put(205)) - s2: put 31, m15 -> (t:1, i:31), STATEMACHINELOGENTRY, 276@client-3518E60E60AE
2023-11-07 01:40:14,317 [s2@group-9374E8E70514-StateMachineUpdater] INFO  impl.SimpleStateMachine4Testing (SimpleStateMachine4Testing.java:put(205)) - s2: put 33, m16 -> (t:1, i:33), STATEMACHINELOGENTRY, 277@client-3518E60E60AE
2023-11-07 01:40:14,317 [s2@group-9374E8E70514-StateMachineUpdater] INFO  impl.SimpleStateMachine4Testing (SimpleStateMachine4Testing.java:put(205)) - s2: put 35, m17 -> (t:1, i:35), STATEMACHINELOGENTRY, 278@client-3518E60E60AE
2023-11-07 01:40:14,317 [s2@group-9374E8E70514-StateMachineUpdater] INFO  impl.SimpleStateMachine4Testing (SimpleStateMachine4Testing.java:put(205)) - s2: put 37, m18 -> (t:1, i:37), STATEMACHINELOGENTRY, 279@client-3518E60E60AE
2023-11-07 01:40:14,317 [s2@group-9374E8E70514-StateMachineUpdater] INFO  impl.SimpleStateMachine4Testing (SimpleStateMachine4Testing.java:put(205)) - s2: put 39, m19 -> (t:1, i:39), STATEMACHINELOGENTRY, 280@client-3518E60E60AE
2023-11-07 01:40:14,317 [s2@group-9374E8E70514-StateMachineUpdater] INFO  impl.SimpleStateMachine4Testing (SimpleStateMachine4Testing.java:put(205)) - s2: put 41, m20 -> (t:1, i:41), STATEMACHINELOGENTRY, 281@client-3518E60E60AE
2023-11-07 01:40:14,317 [s2@group-9374E8E70514-StateMachineUpdater] INFO  impl.SimpleStateMachine4Testing (SimpleStateMachine4Testing.java:put(205)) - s2: put 43, m21 -> (t:1, i:43), STATEMACHINELOGENTRY, 282@client-3518E60E60AE
2023-11-07 01:40:14,317 [s2@group-9374E8E70514-StateMachineUpdater] INFO  impl.SimpleStateMachine4Testing (SimpleStateMachine4Testing.java:put(205)) - s2: put 45, m22 -> (t:1, i:45), STATEMACHINELOGENTRY, 283@client-3518E60E60AE
2023-11-07 01:40:14,318 [s2@group-9374E8E70514-StateMachineUpdater] INFO  impl.SimpleStateMachine4Testing (SimpleStateMachine4Testing.java:put(205)) - s2: put 47, m23 -> (t:1, i:47), STATEMACHINELOGENTRY, 284@client-3518E60E60AE
2023-11-07 01:40:14,318 [s2@group-9374E8E70514-StateMachineUpdater] INFO  impl.SimpleStateMachine4Testing (SimpleStateMachine4Testing.java:put(205)) - s2: put 49, m24 -> (t:1, i:49), STATEMACHINELOGENTRY, 285@client-3518E60E60AE
2023-11-07 01:40:14,318 [s2@group-9374E8E70514-StateMachineUpdater] INFO  impl.SimpleStateMachine4Testing (SimpleStateMachine4Testing.java:put(205)) - s2: put 51, m25 -> (t:1, i:51), STATEMACHINELOGENTRY, 286@client-3518E60E60AE
2023-11-07 01:40:14,318 [s2@group-9374E8E70514-StateMachineUpdater] INFO  impl.SimpleStateMachine4Testing (SimpleStateMachine4Testing.java:put(205)) - s2: put 53, m26 -> (t:1, i:53), STATEMACHINELOGENTRY, 287@client-3518E60E60AE
2023-11-07 01:40:14,318 [s2@group-9374E8E70514-StateMachineUpdater] INFO  impl.SimpleStateMachine4Testing (SimpleStateMachine4Testing.java:put(205)) - s2: put 55, m27 -> (t:1, i:55), STATEMACHINELOGENTRY, 288@client-3518E60E60AE
2023-11-07 01:40:14,318 [s2@group-9374E8E70514-StateMachineUpdater] INFO  impl.SimpleStateMachine4Testing (SimpleStateMachine4Testing.java:put(205)) - s2: put 57, m28 -> (t:1, i:57), STATEMACHINELOGENTRY, 289@client-3518E60E60AE
2023-11-07 01:40:14,318 [s2@group-9374E8E70514-StateMachineUpdater] INFO  impl.SimpleStateMachine4Testing (SimpleStateMachine4Testing.java:put(205)) - s2: put 59, m29 -> (t:1, i:59), STATEMACHINELOGENTRY, 290@client-3518E60E60AE
2023-11-07 01:40:14,318 [s2@group-9374E8E70514-StateMachineUpdater] INFO  impl.SimpleStateMachine4Testing (SimpleStateMachine4Testing.java:put(205)) - s2: put 61, m30 -> (t:1, i:61), STATEMACHINELOGENTRY, 291@client-3518E60E60AE
2023-11-07 01:40:14,318 [s2@group-9374E8E70514-StateMachineUpdater] INFO  impl.SimpleStateMachine4Testing (SimpleStateMachine4Testing.java:put(205)) - s2: put 63, m31 -> (t:1, i:63), STATEMACHINELOGENTRY, 292@client-3518E60E60AE
2023-11-07 01:40:14,318 [s2@group-9374E8E70514-StateMachineUpdater] INFO  impl.SimpleStateMachine4Testing (SimpleStateMachine4Testing.java:put(205)) - s2: put 65, m32 -> (t:1, i:65), STATEMACHINELOGENTRY, 293@client-3518E60E60AE
2023-11-07 01:40:14,320 [grpc-default-executor-2] INFO  raftlog.RaftLog (RaftLogBase.java:lambda$new$0(54)) - s2@group-9374E8E70514-SegmentedRaftLog: snapshotIndex: updateIncreasingly -1 -> 255
2023-11-07 01:40:14,320 [grpc-default-executor-2] INFO  segmented.SegmentedRaftLogWorker (SegmentedRaftLogWorker.java:lambda$new$0(135)) - s2@group-9374E8E70514-SegmentedRaftLogWorker: flushIndex: setUnconditionally -1 -> 255
2023-11-07 01:40:14,320 [grpc-default-executor-2] INFO  segmented.SegmentedRaftLogWorker (SegmentedRaftLogWorker.java:lambda$new$0(135)) - s2@group-9374E8E70514-SegmentedRaftLogWorker: safeCacheEvictIndex: setUnconditionally -1 -> 255
2023-11-07 01:40:14,320 [grpc-default-executor-2] INFO  impl.SnapshotInstallationHandler (SnapshotInstallationHandler.java:checkAndInstallSnapshot(194)) - s2@group-9374E8E70514: successfully install the entire snapshot-255
2023-11-07 01:40:14,320 [grpc-default-executor-2] INFO  impl.SnapshotInstallationHandler (SnapshotInstallationHandler.java:installSnapshot(100)) - s2@group-9374E8E70514: reply installSnapshot: s0<-s2#0:OK-t1,SUCCESS,requestIndex=12
2023-11-07 01:40:14,321 [grpc-default-executor-1] INFO  server.GrpcLogAppender (GrpcLogAppender.java:onNext(549)) - s0@group-9374E8E70514->s2-InstallSnapshotResponseHandler: received a reply s0<-s2#0:OK-t1,SUCCESS,requestIndex=12
2023-11-07 01:40:14,321 [s2@group-9374E8E70514-StateMachineUpdater] INFO  impl.SimpleStateMachine4Testing (SimpleStateMachine4Testing.java:put(205)) - s2: put 67, m33 -> (t:1, i:67), STATEMACHINELOGENTRY, 294@client-3518E60E60AE
2023-11-07 01:40:14,321 [s2@group-9374E8E70514-StateMachineUpdater] INFO  impl.SimpleStateMachine4Testing (SimpleStateMachine4Testing.java:put(205)) - s2: put 69, m34 -> (t:1, i:69), STATEMACHINELOGENTRY, 295@client-3518E60E60AE
2023-11-07 01:40:14,321 [grpc-default-executor-1] INFO  server.GrpcLogAppender (GrpcLogAppender.java:onNext(563)) - s0@group-9374E8E70514->s2-InstallSnapshotResponseHandler: Completed InstallSnapshot. Reply: serverReply {
  requestorId: "s0"
  replyId: "s2"
  raftGroupId {
    id: "\240>l\2316\fH\354\247\315\223t\350\347\005\024"
  }
  success: true
}
term: 1
requestIndex: 12

2023-11-07 01:40:14,321 [s2@group-9374E8E70514-StateMachineUpdater] INFO  impl.SimpleStateMachine4Testing (SimpleStateMachine4Testing.java:put(205)) - s2: put 71, m35 -> (t:1, i:71), STATEMACHINELOGENTRY, 296@client-3518E60E60AE
2023-11-07 01:40:14,321 [grpc-default-executor-1] INFO  leader.FollowerInfo (FollowerInfoImpl.java:setAttemptedToInstallSnapshot(154)) - Follower s0@group-9374E8E70514->s2 acknowledged installing snapshot
2023-11-07 01:40:14,321 [s2@group-9374E8E70514-StateMachineUpdater] INFO  impl.SimpleStateMachine4Testing (SimpleStateMachine4Testing.java:put(205)) - s2: put 73, m36 -> (t:1, i:73), STATEMACHINELOGENTRY, 297@client-3518E60E60AE
2023-11-07 01:40:14,321 [s2@group-9374E8E70514-StateMachineUpdater] INFO  impl.SimpleStateMachine4Testing (SimpleStateMachine4Testing.java:put(205)) - s2: put 75, m37 -> (t:1, i:75), STATEMACHINELOGENTRY, 298@client-3518E60E60AE
2023-11-07 01:40:14,321 [s2@group-9374E8E70514-StateMachineUpdater] INFO  impl.SimpleStateMachine4Testing (SimpleStateMachine4Testing.java:put(205)) - s2: put 77, m38 -> (t:1, i:77), STATEMACHINELOGENTRY, 299@client-3518E60E60AE
2023-11-07 01:40:14,322 [s2@group-9374E8E70514-StateMachineUpdater] INFO  impl.SimpleStateMachine4Testing (SimpleStateMachine4Testing.java:put(205)) - s2: put 79, m39 -> (t:1, i:79), STATEMACHINELOGENTRY, 300@client-3518E60E60AE
2023-11-07 01:40:14,322 [s2@group-9374E8E70514-StateMachineUpdater] INFO  impl.SimpleStateMachine4Testing (SimpleStateMachine4Testing.java:put(205)) - s2: put 81, m40 -> (t:1, i:81), STATEMACHINELOGENTRY, 301@client-3518E60E60AE
2023-11-07 01:40:14,322 [s2@group-9374E8E70514-StateMachineUpdater] INFO  impl.SimpleStateMachine4Testing (SimpleStateMachine4Testing.java:put(205)) - s2: put 83, m41 -> (t:1, i:83), STATEMACHINELOGENTRY, 302@client-3518E60E60AE
2023-11-07 01:40:14,322 [s2@group-9374E8E70514-StateMachineUpdater] INFO  impl.SimpleStateMachine4Testing (SimpleStateMachine4Testing.java:put(205)) - s2: put 85, m42 -> (t:1, i:85), STATEMACHINELOGENTRY, 303@client-3518E60E60AE
2023-11-07 01:40:14,322 [s2@group-9374E8E70514-StateMachineUpdater] INFO  impl.SimpleStateMachine4Testing (SimpleStateMachine4Testing.java:put(205)) - s2: put 87, m43 -> (t:1, i:87), STATEMACHINELOGENTRY, 304@client-3518E60E60AE
2023-11-07 01:40:14,322 [s2@group-9374E8E70514-StateMachineUpdater] INFO  impl.SimpleStateMachine4Testing (SimpleStateMachine4Testing.java:put(205)) - s2: put 89, m44 -> (t:1, i:89), STATEMACHINELOGENTRY, 305@client-3518E60E60AE
2023-11-07 01:40:14,322 [s2@group-9374E8E70514-StateMachineUpdater] INFO  impl.SimpleStateMachine4Testing (SimpleStateMachine4Testing.java:put(205)) - s2: put 91, m45 -> (t:1, i:91), STATEMACHINELOGENTRY, 306@client-3518E60E60AE
2023-11-07 01:40:14,322 [s2@group-9374E8E70514-StateMachineUpdater] INFO  impl.SimpleStateMachine4Testing (SimpleStateMachine4Testing.java:put(205)) - s2: put 93, m46 -> (t:1, i:93), STATEMACHINELOGENTRY, 307@client-3518E60E60AE
2023-11-07 01:40:14,322 [s2@group-9374E8E70514-StateMachineUpdater] INFO  impl.SimpleStateMachine4Testing (SimpleStateMachine4Testing.java:put(205)) - s2: put 95, m47 -> (t:1, i:95), STATEMACHINELOGENTRY, 308@client-3518E60E60AE
2023-11-07 01:40:14,322 [s2@group-9374E8E70514-StateMachineUpdater] INFO  impl.SimpleStateMachine4Testing (SimpleStateMachine4Testing.java:put(205)) - s2: put 97, m48 -> (t:1, i:97), STATEMACHINELOGENTRY, 309@client-3518E60E60AE
2023-11-07 01:40:14,322 [s2@group-9374E8E70514-StateMachineUpdater] INFO  impl.SimpleStateMachine4Testing (SimpleStateMachine4Testing.java:put(205)) - s2: put 99, m49 -> (t:1, i:99), STATEMACHINELOGENTRY, 310@client-3518E60E60AE
2023-11-07 01:40:14,322 [s2@group-9374E8E70514-StateMachineUpdater] INFO  impl.SimpleStateMachine4Testing (SimpleStateMachine4Testing.java:put(205)) - s2: put 101, m50 -> (t:1, i:101), STATEMACHINELOGENTRY, 311@client-3518E60E60AE
2023-11-07 01:40:14,322 [s2@group-9374E8E70514-StateMachineUpdater] INFO  impl.SimpleStateMachine4Testing (SimpleStateMachine4Testing.java:put(205)) - s2: put 103, m51 -> (t:1, i:103), STATEMACHINELOGENTRY, 312@client-3518E60E60AE
2023-11-07 01:40:14,323 [s2@group-9374E8E70514-StateMachineUpdater] INFO  impl.SimpleStateMachine4Testing (SimpleStateMachine4Testing.java:put(205)) - s2: put 105, m52 -> (t:1, i:105), STATEMACHINELOGENTRY, 313@client-3518E60E60AE
2023-11-07 01:40:14,323 [s2@group-9374E8E70514-StateMachineUpdater] INFO  impl.SimpleStateMachine4Testing (SimpleStateMachine4Testing.java:put(205)) - s2: put 107, m53 -> (t:1, i:107), STATEMACHINELOGENTRY, 314@client-3518E60E60AE
2023-11-07 01:40:14,323 [s2@group-9374E8E70514-StateMachineUpdater] INFO  impl.SimpleStateMachine4Testing (SimpleStateMachine4Testing.java:put(205)) - s2: put 109, m54 -> (t:1, i:109), STATEMACHINELOGENTRY, 315@client-3518E60E60AE
2023-11-07 01:40:14,323 [s2@group-9374E8E70514-StateMachineUpdater] INFO  impl.SimpleStateMachine4Testing (SimpleStateMachine4Testing.java:put(205)) - s2: put 111, m55 -> (t:1, i:111), STATEMACHINELOGENTRY, 316@client-3518E60E60AE
2023-11-07 01:40:14,323 [s2@group-9374E8E70514-StateMachineUpdater] INFO  impl.SimpleStateMachine4Testing (SimpleStateMachine4Testing.java:put(205)) - s2: put 113, m56 -> (t:1, i:113), STATEMACHINELOGENTRY, 317@client-3518E60E60AE
2023-11-07 01:40:14,323 [s2@group-9374E8E70514-StateMachineUpdater] INFO  impl.SimpleStateMachine4Testing (SimpleStateMachine4Testing.java:put(205)) - s2: put 115, m57 -> (t:1, i:115), STATEMACHINELOGENTRY, 318@client-3518E60E60AE
2023-11-07 01:40:14,323 [s2@group-9374E8E70514-StateMachineUpdater] INFO  impl.SimpleStateMachine4Testing (SimpleStateMachine4Testing.java:put(205)) - s2: put 117, m58 -> (t:1, i:117), STATEMACHINELOGENTRY, 319@client-3518E60E60AE
2023-11-07 01:40:14,323 [s2@group-9374E8E70514-StateMachineUpdater] INFO  impl.SimpleStateMachine4Testing (SimpleStateMachine4Testing.java:put(205)) - s2: put 119, m59 -> (t:1, i:119), STATEMACHINELOGENTRY, 320@client-3518E60E60AE
2023-11-07 01:40:14,323 [s2@group-9374E8E70514-StateMachineUpdater] INFO  impl.SimpleStateMachine4Testing (SimpleStateMachine4Testing.java:put(205)) - s2: put 121, m60 -> (t:1, i:121), STATEMACHINELOGENTRY, 321@client-3518E60E60AE
2023-11-07 01:40:14,323 [s2@group-9374E8E70514-StateMachineUpdater] INFO  impl.SimpleStateMachine4Testing (SimpleStateMachine4Testing.java:put(205)) - s2: put 123, m61 -> (t:1, i:123), STATEMACHINELOGENTRY, 322@client-3518E60E60AE
2023-11-07 01:40:14,323 [s2@group-9374E8E70514-StateMachineUpdater] INFO  impl.SimpleStateMachine4Testing (SimpleStateMachine4Testing.java:put(205)) - s2: put 125, m62 -> (t:1, i:125), STATEMACHINELOGENTRY, 323@client-3518E60E60AE
2023-11-07 01:40:14,323 [s2@group-9374E8E70514-StateMachineUpdater] INFO  impl.SimpleStateMachine4Testing (SimpleStateMachine4Testing.java:put(205)) - s2: put 127, m63 -> (t:1, i:127), STATEMACHINELOGENTRY, 324@client-3518E60E60AE
2023-11-07 01:40:14,324 [s2@group-9374E8E70514-StateMachineUpdater] INFO  impl.SimpleStateMachine4Testing (SimpleStateMachine4Testing.java:put(205)) - s2: put 129, m64 -> (t:1, i:129), STATEMACHINELOGENTRY, 325@client-3518E60E60AE
2023-11-07 01:40:14,324 [s2@group-9374E8E70514-StateMachineUpdater] INFO  impl.SimpleStateMachine4Testing (SimpleStateMachine4Testing.java:put(205)) - s2: put 131, m65 -> (t:1, i:131), STATEMACHINELOGENTRY, 326@client-3518E60E60AE
2023-11-07 01:40:14,324 [s2@group-9374E8E70514-StateMachineUpdater] INFO  impl.SimpleStateMachine4Testing (SimpleStateMachine4Testing.java:put(205)) - s2: put 133, m66 -> (t:1, i:133), STATEMACHINELOGENTRY, 327@client-3518E60E60AE
2023-11-07 01:40:14,324 [s2@group-9374E8E70514-StateMachineUpdater] INFO  impl.SimpleStateMachine4Testing (SimpleStateMachine4Testing.java:put(205)) - s2: put 135, m67 -> (t:1, i:135), STATEMACHINELOGENTRY, 328@client-3518E60E60AE
2023-11-07 01:40:14,324 [s2@group-9374E8E70514-StateMachineUpdater] INFO  impl.SimpleStateMachine4Testing (SimpleStateMachine4Testing.java:put(205)) - s2: put 137, m68 -> (t:1, i:137), STATEMACHINELOGENTRY, 329@client-3518E60E60AE
2023-11-07 01:40:14,324 [s2@group-9374E8E70514-StateMachineUpdater] INFO  impl.SimpleStateMachine4Testing (SimpleStateMachine4Testing.java:put(205)) - s2: put 139, m69 -> (t:1, i:139), STATEMACHINELOGENTRY, 330@client-3518E60E60AE
2023-11-07 01:40:14,324 [s2@group-9374E8E70514-StateMachineUpdater] INFO  impl.SimpleStateMachine4Testing (SimpleStateMachine4Testing.java:put(205)) - s2: put 141, m70 -> (t:1, i:141), STATEMACHINELOGENTRY, 331@client-3518E60E60AE
2023-11-07 01:40:14,324 [s2@group-9374E8E70514-StateMachineUpdater] INFO  impl.SimpleStateMachine4Testing (SimpleStateMachine4Testing.java:put(205)) - s2: put 143, m71 -> (t:1, i:143), STATEMACHINELOGENTRY, 332@client-3518E60E60AE
2023-11-07 01:40:14,324 [s2@group-9374E8E70514-StateMachineUpdater] INFO  impl.SimpleStateMachine4Testing (SimpleStateMachine4Testing.java:put(205)) - s2: put 145, m72 -> (t:1, i:145), STATEMACHINELOGENTRY, 333@client-3518E60E60AE
2023-11-07 01:40:14,324 [s2@group-9374E8E70514-StateMachineUpdater] INFO  impl.SimpleStateMachine4Testing (SimpleStateMachine4Testing.java:put(205)) - s2: put 147, m73 -> (t:1, i:147), STATEMACHINELOGENTRY, 334@client-3518E60E60AE
2023-11-07 01:40:14,324 [s2@group-9374E8E70514-StateMachineUpdater] INFO  impl.SimpleStateMachine4Testing (SimpleStateMachine4Testing.java:put(205)) - s2: put 149, m74 -> (t:1, i:149), STATEMACHINELOGENTRY, 335@client-3518E60E60AE
2023-11-07 01:40:14,325 [s2@group-9374E8E70514-StateMachineUpdater] INFO  impl.SimpleStateMachine4Testing (SimpleStateMachine4Testing.java:put(205)) - s2: put 151, m75 -> (t:1, i:151), STATEMACHINELOGENTRY, 336@client-3518E60E60AE
2023-11-07 01:40:14,325 [s2@group-9374E8E70514-StateMachineUpdater] INFO  impl.SimpleStateMachine4Testing (SimpleStateMachine4Testing.java:put(205)) - s2: put 153, m76 -> (t:1, i:153), STATEMACHINELOGENTRY, 337@client-3518E60E60AE
2023-11-07 01:40:14,325 [s2@group-9374E8E70514-StateMachineUpdater] INFO  impl.SimpleStateMachine4Testing (SimpleStateMachine4Testing.java:put(205)) - s2: put 155, m77 -> (t:1, i:155), STATEMACHINELOGENTRY, 338@client-3518E60E60AE
2023-11-07 01:40:14,325 [s2@group-9374E8E70514-StateMachineUpdater] INFO  impl.SimpleStateMachine4Testing (SimpleStateMachine4Testing.java:put(205)) - s2: put 157, m78 -> (t:1, i:157), STATEMACHINELOGENTRY, 339@client-3518E60E60AE
2023-11-07 01:40:14,325 [s2@group-9374E8E70514-StateMachineUpdater] INFO  impl.SimpleStateMachine4Testing (SimpleStateMachine4Testing.java:put(205)) - s2: put 159, m79 -> (t:1, i:159), STATEMACHINELOGENTRY, 340@client-3518E60E60AE
2023-11-07 01:40:14,325 [s2@group-9374E8E70514-StateMachineUpdater] INFO  impl.SimpleStateMachine4Testing (SimpleStateMachine4Testing.java:put(205)) - s2: put 161, m80 -> (t:1, i:161), STATEMACHINELOGENTRY, 341@client-3518E60E60AE
2023-11-07 01:40:14,325 [s2@group-9374E8E70514-StateMachineUpdater] INFO  impl.SimpleStateMachine4Testing (SimpleStateMachine4Testing.java:put(205)) - s2: put 163, m81 -> (t:1, i:163), STATEMACHINELOGENTRY, 342@client-3518E60E60AE
2023-11-07 01:40:14,325 [s2@group-9374E8E70514-StateMachineUpdater] INFO  impl.SimpleStateMachine4Testing (SimpleStateMachine4Testing.java:put(205)) - s2: put 165, m82 -> (t:1, i:165), STATEMACHINELOGENTRY, 343@client-3518E60E60AE
2023-11-07 01:40:14,325 [s2@group-9374E8E70514-StateMachineUpdater] INFO  impl.SimpleStateMachine4Testing (SimpleStateMachine4Testing.java:put(205)) - s2: put 167, m83 -> (t:1, i:167), STATEMACHINELOGENTRY, 344@client-3518E60E60AE
2023-11-07 01:40:14,325 [s2@group-9374E8E70514-StateMachineUpdater] INFO  impl.SimpleStateMachine4Testing (SimpleStateMachine4Testing.java:put(205)) - s2: put 169, m84 -> (t:1, i:169), STATEMACHINELOGENTRY, 345@client-3518E60E60AE
2023-11-07 01:40:14,325 [s2@group-9374E8E70514-StateMachineUpdater] INFO  impl.SimpleStateMachine4Testing (SimpleStateMachine4Testing.java:put(205)) - s2: put 171, m85 -> (t:1, i:171), STATEMACHINELOGENTRY, 346@client-3518E60E60AE
2023-11-07 01:40:14,326 [s2@group-9374E8E70514-StateMachineUpdater] INFO  impl.SimpleStateMachine4Testing (SimpleStateMachine4Testing.java:put(205)) - s2: put 173, m86 -> (t:1, i:173), STATEMACHINELOGENTRY, 347@client-3518E60E60AE
2023-11-07 01:40:14,326 [s2@group-9374E8E70514-StateMachineUpdater] INFO  impl.SimpleStateMachine4Testing (SimpleStateMachine4Testing.java:put(205)) - s2: put 175, m87 -> (t:1, i:175), STATEMACHINELOGENTRY, 348@client-3518E60E60AE
2023-11-07 01:40:14,326 [s2@group-9374E8E70514-StateMachineUpdater] INFO  impl.SimpleStateMachine4Testing (SimpleStateMachine4Testing.java:put(205)) - s2: put 177, m88 -> (t:1, i:177), STATEMACHINELOGENTRY, 349@client-3518E60E60AE
2023-11-07 01:40:14,326 [s2@group-9374E8E70514-StateMachineUpdater] INFO  impl.SimpleStateMachine4Testing (SimpleStateMachine4Testing.java:put(205)) - s2: put 179, m89 -> (t:1, i:179), STATEMACHINELOGENTRY, 350@client-3518E60E60AE
2023-11-07 01:40:14,326 [s2@group-9374E8E70514-StateMachineUpdater] INFO  impl.SimpleStateMachine4Testing (SimpleStateMachine4Testing.java:put(205)) - s2: put 181, m90 -> (t:1, i:181), STATEMACHINELOGENTRY, 351@client-3518E60E60AE
2023-11-07 01:40:14,326 [s2@group-9374E8E70514-StateMachineUpdater] INFO  impl.SimpleStateMachine4Testing (SimpleStateMachine4Testing.java:put(205)) - s2: put 183, m91 -> (t:1, i:183), STATEMACHINELOGENTRY, 352@client-3518E60E60AE
2023-11-07 01:40:14,326 [s2@group-9374E8E70514-StateMachineUpdater] INFO  impl.SimpleStateMachine4Testing (SimpleStateMachine4Testing.java:put(205)) - s2: put 185, m92 -> (t:1, i:185), STATEMACHINELOGENTRY, 353@client-3518E60E60AE
2023-11-07 01:40:14,326 [s2@group-9374E8E70514-StateMachineUpdater] INFO  impl.SimpleStateMachine4Testing (SimpleStateMachine4Testing.java:put(205)) - s2: put 187, m93 -> (t:1, i:187), STATEMACHINELOGENTRY, 354@client-3518E60E60AE
2023-11-07 01:40:14,326 [s2@group-9374E8E70514-StateMachineUpdater] INFO  impl.SimpleStateMachine4Testing (SimpleStateMachine4Testing.java:put(205)) - s2: put 189, m94 -> (t:1, i:189), STATEMACHINELOGENTRY, 355@client-3518E60E60AE
2023-11-07 01:40:14,327 [grpc-default-executor-2] INFO  server.GrpcServerProtocolService (GrpcServerProtocolService.java:onCompleted(157)) - s2: Completed INSTALL_SNAPSHOT, lastRequest: s0->s2#0-t1,chunk:ed11d1eb-2ed2-46e9-beff-0446a5510237,12
2023-11-07 01:40:14,328 [grpc-default-executor-2] INFO  server.GrpcServerProtocolService (GrpcServerProtocolService.java:lambda$onCompleted$5(159)) - s2: Completed INSTALL_SNAPSHOT, lastReply: null
2023-11-07 01:40:14,329 [s2@group-9374E8E70514-StateMachineUpdater] INFO  impl.SimpleStateMachine4Testing (SimpleStateMachine4Testing.java:put(205)) - s2: put 191, m95 -> (t:1, i:191), STATEMACHINELOGENTRY, 356@client-3518E60E60AE
2023-11-07 01:40:14,329 [s2@group-9374E8E70514-StateMachineUpdater] INFO  impl.SimpleStateMachine4Testing (SimpleStateMachine4Testing.java:put(205)) - s2: put 193, m96 -> (t:1, i:193), STATEMACHINELOGENTRY, 357@client-3518E60E60AE
2023-11-07 01:40:14,330 [s2@group-9374E8E70514-StateMachineUpdater] INFO  impl.SimpleStateMachine4Testing (SimpleStateMachine4Testing.java:put(205)) - s2: put 195, m97 -> (t:1, i:195), STATEMACHINELOGENTRY, 358@client-3518E60E60AE
2023-11-07 01:40:14,331 [grpc-default-executor-2] INFO  server.GrpcLogAppender (GrpcLogAppender.java:onCompleted(629)) - s0@group-9374E8E70514->s2-InstallSnapshotResponseHandler: follower responded installSnapshot COMPLETED
2023-11-07 01:40:14,331 [s0@group-9374E8E70514->s2-GrpcLogAppender-LogAppenderDaemon] INFO  leader.FollowerInfo (FollowerInfoImpl.java:info(64)) - s0@group-9374E8E70514->s2: snapshotIndex: setUnconditionally 0 -> 255
2023-11-07 01:40:14,331 [s0@group-9374E8E70514->s2-GrpcLogAppender-LogAppenderDaemon] INFO  leader.FollowerInfo (FollowerInfoImpl.java:info(64)) - s0@group-9374E8E70514->s2: matchIndex: setUnconditionally -1 -> 255
2023-11-07 01:40:14,331 [s0@group-9374E8E70514->s2-GrpcLogAppender-LogAppenderDaemon] INFO  leader.FollowerInfo (FollowerInfoImpl.java:info(64)) - s0@group-9374E8E70514->s2: nextIndex: setUnconditionally 0 -> 256
2023-11-07 01:40:14,331 [s0@group-9374E8E70514->s2-GrpcLogAppender-LogAppenderDaemon] INFO  server.GrpcLogAppender (GrpcLogAppender.java:installSnapshot(685)) - s0@group-9374E8E70514->s2-GrpcLogAppender: installed snapshot FileListSnapshotInfo(t:1, i:255):[/home/runner/work/ratis/ratis/ratis-test/target/test/data/1674ca6a/MiniRaftClusterWithGrpccd30c539/s0/a03e6c99-360c-48ec-a7cd-9374e8e70514/sm/snapshot/1.bin, /home/runner/work/ratis/ratis/ratis-test/target/test/data/1674ca6a/MiniRaftClusterWithGrpccd30c539/s0/a03e6c99-360c-48ec-a7cd-9374e8e70514/sm/snapshot/sub/2.bin, /home/runner/work/ratis/ratis/ratis-test/target/test/data/1674ca6a/MiniRaftClusterWithGrpccd30c539/s0/a03e6c99-360c-48ec-a7cd-9374e8e70514/sm/snapshot.1_255] successfully
2023-11-07 01:40:14,333 [s2@group-9374E8E70514-StateMachineUpdater] INFO  impl.SimpleStateMachine4Testing (SimpleStateMachine4Testing.java:put(205)) - s2: put 197, m98 -> (t:1, i:197), STATEMACHINELOGENTRY, 359@client-3518E60E60AE
2023-11-07 01:40:14,334 [s2@group-9374E8E70514-StateMachineUpdater] INFO  impl.SimpleStateMachine4Testing (SimpleStateMachine4Testing.java:put(205)) - s2: put 199, m99 -> (t:1, i:199), STATEMACHINELOGENTRY, 360@client-3518E60E60AE
2023-11-07 01:40:14,334 [s2@group-9374E8E70514-StateMachineUpdater] INFO  impl.SimpleStateMachine4Testing (SimpleStateMachine4Testing.java:put(205)) - s2: put 201, m100 -> (t:1, i:201), STATEMACHINELOGENTRY, 361@client-3518E60E60AE
2023-11-07 01:40:14,336 [s2@group-9374E8E70514-StateMachineUpdater] INFO  impl.SimpleStateMachine4Testing (SimpleStateMachine4Testing.java:put(205)) - s2: put 203, m101 -> (t:1, i:203), STATEMACHINELOGENTRY, 362@client-3518E60E60AE
2023-11-07 01:40:14,336 [s2@group-9374E8E70514-StateMachineUpdater] INFO  impl.SimpleStateMachine4Testing (SimpleStateMachine4Testing.java:put(205)) - s2: put 205, m102 -> (t:1, i:205), STATEMACHINELOGENTRY, 363@client-3518E60E60AE
2023-11-07 01:40:14,336 [s2@group-9374E8E70514-StateMachineUpdater] INFO  impl.SimpleStateMachine4Testing (SimpleStateMachine4Testing.java:put(205)) - s2: put 207, m103 -> (t:1, i:207), STATEMACHINELOGENTRY, 364@client-3518E60E60AE
2023-11-07 01:40:14,336 [s2@group-9374E8E70514-StateMachineUpdater] INFO  impl.SimpleStateMachine4Testing (SimpleStateMachine4Testing.java:put(205)) - s2: put 209, m104 -> (t:1, i:209), STATEMACHINELOGENTRY, 365@client-3518E60E60AE
2023-11-07 01:40:14,336 [s2@group-9374E8E70514-StateMachineUpdater] INFO  impl.SimpleStateMachine4Testing (SimpleStateMachine4Testing.java:put(205)) - s2: put 211, m105 -> (t:1, i:211), STATEMACHINELOGENTRY, 366@client-3518E60E60AE
2023-11-07 01:40:14,336 [s2@group-9374E8E70514-StateMachineUpdater] INFO  impl.SimpleStateMachine4Testing (SimpleStateMachine4Testing.java:put(205)) - s2: put 213, m106 -> (t:1, i:213), STATEMACHINELOGENTRY, 367@client-3518E60E60AE
2023-11-07 01:40:14,336 [s2@group-9374E8E70514-StateMachineUpdater] INFO  impl.SimpleStateMachine4Testing (SimpleStateMachine4Testing.java:put(205)) - s2: put 215, m107 -> (t:1, i:215), STATEMACHINELOGENTRY, 368@client-3518E60E60AE
2023-11-07 01:40:14,336 [s2@group-9374E8E70514-StateMachineUpdater] INFO  impl.SimpleStateMachine4Testing (SimpleStateMachine4Testing.java:put(205)) - s2: put 217, m108 -> (t:1, i:217), STATEMACHINELOGENTRY, 369@client-3518E60E60AE
2023-11-07 01:40:14,337 [s2@group-9374E8E70514-StateMachineUpdater] INFO  impl.SimpleStateMachine4Testing (SimpleStateMachine4Testing.java:put(205)) - s2: put 219, m109 -> (t:1, i:219), STATEMACHINELOGENTRY, 370@client-3518E60E60AE
2023-11-07 01:40:14,337 [s2@group-9374E8E70514-StateMachineUpdater] INFO  impl.SimpleStateMachine4Testing (SimpleStateMachine4Testing.java:put(205)) - s2: put 221, m110 -> (t:1, i:221), STATEMACHINELOGENTRY, 371@client-3518E60E60AE
2023-11-07 01:40:14,337 [s2@group-9374E8E70514-StateMachineUpdater] INFO  impl.SimpleStateMachine4Testing (SimpleStateMachine4Testing.java:put(205)) - s2: put 223, m111 -> (t:1, i:223), STATEMACHINELOGENTRY, 372@client-3518E60E60AE
2023-11-07 01:40:14,337 [s2@group-9374E8E70514-StateMachineUpdater] INFO  impl.SimpleStateMachine4Testing (SimpleStateMachine4Testing.java:put(205)) - s2: put 225, m112 -> (t:1, i:225), STATEMACHINELOGENTRY, 373@client-3518E60E60AE
2023-11-07 01:40:14,337 [s2@group-9374E8E70514-StateMachineUpdater] INFO  impl.SimpleStateMachine4Testing (SimpleStateMachine4Testing.java:put(205)) - s2: put 227, m113 -> (t:1, i:227), STATEMACHINELOGENTRY, 374@client-3518E60E60AE
2023-11-07 01:40:14,337 [s2@group-9374E8E70514-StateMachineUpdater] INFO  impl.SimpleStateMachine4Testing (SimpleStateMachine4Testing.java:put(205)) - s2: put 229, m114 -> (t:1, i:229), STATEMACHINELOGENTRY, 375@client-3518E60E60AE
2023-11-07 01:40:14,342 [s2@group-9374E8E70514-StateMachineUpdater] INFO  impl.SimpleStateMachine4Testing (SimpleStateMachine4Testing.java:put(205)) - s2: put 231, m115 -> (t:1, i:231), STATEMACHINELOGENTRY, 376@client-3518E60E60AE
2023-11-07 01:40:14,342 [s2@group-9374E8E70514-StateMachineUpdater] INFO  impl.SimpleStateMachine4Testing (SimpleStateMachine4Testing.java:put(205)) - s2: put 233, m116 -> (t:1, i:233), STATEMACHINELOGENTRY, 377@client-3518E60E60AE
2023-11-07 01:40:14,342 [s2@group-9374E8E70514-StateMachineUpdater] INFO  impl.SimpleStateMachine4Testing (SimpleStateMachine4Testing.java:put(205)) - s2: put 235, m117 -> (t:1, i:235), STATEMACHINELOGENTRY, 378@client-3518E60E60AE
2023-11-07 01:40:14,351 [s2@group-9374E8E70514-StateMachineUpdater] INFO  impl.SimpleStateMachine4Testing (SimpleStateMachine4Testing.java:put(205)) - s2: put 237, m118 -> (t:1, i:237), STATEMACHINELOGENTRY, 379@client-3518E60E60AE
2023-11-07 01:40:14,351 [s2@group-9374E8E70514-StateMachineUpdater] INFO  impl.SimpleStateMachine4Testing (SimpleStateMachine4Testing.java:put(205)) - s2: put 239, m119 -> (t:1, i:239), STATEMACHINELOGENTRY, 380@client-3518E60E60AE
2023-11-07 01:40:14,351 [s2@group-9374E8E70514-StateMachineUpdater] INFO  impl.SimpleStateMachine4Testing (SimpleStateMachine4Testing.java:put(205)) - s2: put 241, m120 -> (t:1, i:241), STATEMACHINELOGENTRY, 381@client-3518E60E60AE
2023-11-07 01:40:14,351 [s2@group-9374E8E70514-StateMachineUpdater] INFO  impl.SimpleStateMachine4Testing (SimpleStateMachine4Testing.java:put(205)) - s2: put 243, m121 -> (t:1, i:243), STATEMACHINELOGENTRY, 382@client-3518E60E60AE
2023-11-07 01:40:14,351 [s2@group-9374E8E70514-StateMachineUpdater] INFO  impl.SimpleStateMachine4Testing (SimpleStateMachine4Testing.java:put(205)) - s2: put 245, m122 -> (t:1, i:245), STATEMACHINELOGENTRY, 383@client-3518E60E60AE
2023-11-07 01:40:14,351 [s2@group-9374E8E70514-StateMachineUpdater] INFO  impl.SimpleStateMachine4Testing (SimpleStateMachine4Testing.java:put(205)) - s2: put 247, m123 -> (t:1, i:247), STATEMACHINELOGENTRY, 384@client-3518E60E60AE
2023-11-07 01:40:14,351 [s2@group-9374E8E70514-StateMachineUpdater] INFO  impl.SimpleStateMachine4Testing (SimpleStateMachine4Testing.java:put(205)) - s2: put 249, m124 -> (t:1, i:249), STATEMACHINELOGENTRY, 385@client-3518E60E60AE
2023-11-07 01:40:14,351 [s2@group-9374E8E70514-StateMachineUpdater] INFO  impl.SimpleStateMachine4Testing (SimpleStateMachine4Testing.java:put(205)) - s2: put 251, m125 -> (t:1, i:251), STATEMACHINELOGENTRY, 386@client-3518E60E60AE
2023-11-07 01:40:14,352 [s2@group-9374E8E70514-StateMachineUpdater] INFO  impl.SimpleStateMachine4Testing (SimpleStateMachine4Testing.java:put(205)) - s2: put 253, m126 -> (t:1, i:253), STATEMACHINELOGENTRY, 387@client-3518E60E60AE
2023-11-07 01:40:14,352 [s2@group-9374E8E70514-StateMachineUpdater] INFO  impl.StateMachineUpdater (StateMachineUpdater.java:lambda$new$0(98)) - s2@group-9374E8E70514-StateMachineUpdater: snapshotIndex: setUnconditionally -1 -> 255
2023-11-07 01:40:14,352 [s2@group-9374E8E70514-StateMachineUpdater] INFO  impl.StateMachineUpdater (StateMachineUpdater.java:lambda$new$0(98)) - s2@group-9374E8E70514-StateMachineUpdater: appliedIndex: setUnconditionally -1 -> 255
2023-11-07 01:40:14,356 [s2-server-thread1] INFO  impl.RoleInfo (RoleInfo.java:updateAndGet(139)) - s2: start s2@group-9374E8E70514-FollowerState
2023-11-07 01:40:14,356 [s2-server-thread2] INFO  server.RaftServer$Division (ServerState.java:setRaftConf(382)) - s2@group-9374E8E70514: set configuration 257: peers:[s0|localhost:43101, s1|0.0.0.0:38659]|listeners:[], old=null
2023-11-07 01:40:14,357 [s2-server-thread2] INFO  segmented.SegmentedRaftLogWorker (SegmentedRaftLogWorker.java:startLogSegment(428)) - s2@group-9374E8E70514-SegmentedRaftLogWorker: Starting segment from index:256
2023-11-07 01:40:14,370 [s2@group-9374E8E70514-SegmentedRaftLogWorker] INFO  segmented.SegmentedRaftLogWorker (SegmentedRaftLogWorker.java:execute(632)) - s2@group-9374E8E70514-SegmentedRaftLogWorker: created new log segment /home/runner/work/ratis/ratis/ratis-test/target/test/data/1674ca6a/MiniRaftClusterWithGrpccd30c539/s2/a03e6c99-360c-48ec-a7cd-9374e8e70514/current/log_inprogress_256
2023-11-07 01:40:14,373 [s0@group-9374E8E70514-LeaderStateImpl] INFO  server.RaftServer$Division (ServerState.java:setRaftConf(382)) - s0@group-9374E8E70514: set configuration 259: peers:[s0|localhost:43101, s1|0.0.0.0:38659, s2|0.0.0.0:35899]|listeners:[], old=peers:[s0|localhost:43101, s1|0.0.0.0:38659]|listeners:[]
2023-11-07 01:40:14,374 [s1-server-thread2] INFO  server.RaftServer$Division (ServerState.java:setRaftConf(382)) - s1@group-9374E8E70514: set configuration 259: peers:[s0|localhost:43101, s1|0.0.0.0:38659, s2|0.0.0.0:35899]|listeners:[], old=peers:[s0|localhost:43101, s1|0.0.0.0:38659]|listeners:[]
2023-11-07 01:40:14,374 [s2-server-thread3] INFO  server.RaftServer$Division (ServerState.java:setRaftConf(382)) - s2@group-9374E8E70514: set configuration 259: peers:[s0|localhost:43101, s1|0.0.0.0:38659, s2|0.0.0.0:35899]|listeners:[], old=peers:[s0|localhost:43101, s1|0.0.0.0:38659]|listeners:[]
2023-11-07 01:40:14,377 [s0@group-9374E8E70514-LeaderStateImpl] INFO  server.RaftServer$Division (ServerState.java:setRaftConf(382)) - s0@group-9374E8E70514: set configuration 261: peers:[s0|localhost:43101, s1|0.0.0.0:38659, s2|0.0.0.0:35899]|listeners:[], old=null
2023-11-07 01:40:14,378 [s1-server-thread2] INFO  server.RaftServer$Division (ServerState.java:setRaftConf(382)) - s1@group-9374E8E70514: set configuration 261: peers:[s0|localhost:43101, s1|0.0.0.0:38659, s2|0.0.0.0:35899]|listeners:[], old=null
2023-11-07 01:40:14,379 [s2-server-thread3] INFO  server.RaftServer$Division (ServerState.java:setRaftConf(382)) - s2@group-9374E8E70514: set configuration 261: peers:[s0|localhost:43101, s1|0.0.0.0:38659, s2|0.0.0.0:35899]|listeners:[], old=null
2023-11-07 01:40:14,396 [Time-limited test] INFO  server.RaftServerConfigKeys (ConfUtils.java:logGet(46)) - raft.server.rpc.timeout.max = 300ms (default)
2023-11-07 01:40:14,396 [Time-limited test] INFO  impl.RaftServerTestUtil (RaftServerTestUtil.java:waitAndCheckNewConf(94)) - waitAndCheckNewConf: peers=[s1|0.0.0.0:38659, s2|0.0.0.0:35899, s0|localhost:43101], deadPeers=null, printing ALL groups
  s0:  RUNNING    LEADER s0@group-9374E8E70514:t1, leader=s0, voted=s0, raftlog=Memoized:s0@group-9374E8E70514-SegmentedRaftLog:OPENED:c262, conf=261: peers:[s0|localhost:43101, s1|0.0.0.0:38659, s2|0.0.0.0:35899]|listeners:[], old=null RUNNING
  s1:  RUNNING  FOLLOWER s1@group-9374E8E70514:t1, leader=s0, voted=null, raftlog=Memoized:s1@group-9374E8E70514-SegmentedRaftLog:OPENED:c261, conf=261: peers:[s0|localhost:43101, s1|0.0.0.0:38659, s2|0.0.0.0:35899]|listeners:[], old=null RUNNING
  s2:  RUNNING  FOLLOWER s2@group-9374E8E70514:t1, leader=s0, voted=null, raftlog=Memoized:s2@group-9374E8E70514-SegmentedRaftLog:OPENED:c261, conf=261: peers:[s0|localhost:43101, s1|0.0.0.0:38659, s2|0.0.0.0:35899]|listeners:[], old=null RUNNING
2023-11-07 01:40:14,396 [Time-limited test] INFO  impl.RaftServerTestUtil (RaftServerTestUtil.java:waitAndCheckNewConf(103)) - checking    LEADER s0@group-9374E8E70514:t1, leader=s0, voted=s0, raftlog=Memoized:s0@group-9374E8E70514-SegmentedRaftLog:OPENED:c262, conf=261: peers:[s0|localhost:43101, s1|0.0.0.0:38659, s2|0.0.0.0:35899]|listeners:[], old=null RUNNING
2023-11-07 01:40:14,396 [Time-limited test] INFO  impl.RaftServerTestUtil (RaftServerTestUtil.java:waitAndCheckNewConf(103)) - checking  FOLLOWER s1@group-9374E8E70514:t1, leader=s0, voted=null, raftlog=Memoized:s1@group-9374E8E70514-SegmentedRaftLog:OPENED:c261, conf=261: peers:[s0|localhost:43101, s1|0.0.0.0:38659, s2|0.0.0.0:35899]|listeners:[], old=null RUNNING
2023-11-07 01:40:14,396 [Time-limited test] INFO  impl.RaftServerTestUtil (RaftServerTestUtil.java:waitAndCheckNewConf(103)) - checking  FOLLOWER s2@group-9374E8E70514:t1, leader=s0, voted=null, raftlog=Memoized:s2@group-9374E8E70514-SegmentedRaftLog:OPENED:c261, conf=261: peers:[s0|localhost:43101, s1|0.0.0.0:38659, s2|0.0.0.0:35899]|listeners:[], old=null RUNNING
2023-11-07 01:40:14,396 [Time-limited test] INFO  impl.MiniRaftCluster (MiniRaftCluster.java:shutdown(831)) - ************************************************************** 
2023-11-07 01:40:14,396 [Time-limited test] INFO  impl.MiniRaftCluster (MiniRaftCluster.java:shutdown(832)) - *** 
2023-11-07 01:40:14,396 [Time-limited test] INFO  impl.MiniRaftCluster (MiniRaftCluster.java:shutdown(833)) - ***     Stopping MiniRaftClusterWithGrpc
2023-11-07 01:40:14,396 [Time-limited test] INFO  impl.MiniRaftCluster (MiniRaftCluster.java:shutdown(834)) - *** 
2023-11-07 01:40:14,396 [Time-limited test] INFO  impl.MiniRaftCluster (MiniRaftCluster.java:shutdown(835)) - ************************************************************** 
2023-11-07 01:40:14,397 [Time-limited test] INFO  impl.MiniRaftCluster (MiniRaftCluster.java:shutdown(836)) - printing ALL groups
  s0:  RUNNING    LEADER s0@group-9374E8E70514:t1, leader=s0, voted=s0, raftlog=Memoized:s0@group-9374E8E70514-SegmentedRaftLog:OPENED:c262, conf=261: peers:[s0|localhost:43101, s1|0.0.0.0:38659, s2|0.0.0.0:35899]|listeners:[], old=null RUNNING
  s1:  RUNNING  FOLLOWER s1@group-9374E8E70514:t1, leader=s0, voted=null, raftlog=Memoized:s1@group-9374E8E70514-SegmentedRaftLog:OPENED:c261, conf=261: peers:[s0|localhost:43101, s1|0.0.0.0:38659, s2|0.0.0.0:35899]|listeners:[], old=null RUNNING
  s2:  RUNNING  FOLLOWER s2@group-9374E8E70514:t1, leader=s0, voted=null, raftlog=Memoized:s2@group-9374E8E70514-SegmentedRaftLog:OPENED:c261, conf=261: peers:[s0|localhost:43101, s1|0.0.0.0:38659, s2|0.0.0.0:35899]|listeners:[], old=null RUNNING
2023-11-07 01:40:14,398 [MiniRaftCluster-13] INFO  server.RaftServer (RaftServerProxy.java:lambda$close$9(416)) - s0: close
2023-11-07 01:40:14,399 [MiniRaftCluster-14] INFO  server.RaftServer (RaftServerProxy.java:lambda$close$9(416)) - s1: close
2023-11-07 01:40:14,399 [s0-impl-thread1] INFO  server.RaftServer$Division (RaftServerImpl.java:lambda$close$3(514)) - s0@group-9374E8E70514: shutdown
2023-11-07 01:40:14,399 [s0-impl-thread1] INFO  util.JmxRegister (JmxRegister.java:unregister(73)) - Successfully un-registered JMX Bean with object name Ratis:service=RaftServer,group=group-9374E8E70514,id=s0
2023-11-07 01:40:14,399 [s0-impl-thread1] INFO  impl.RoleInfo (RoleInfo.java:shutdownLeaderState(94)) - s0: shutdown s0@group-9374E8E70514-LeaderStateImpl
2023-11-07 01:40:14,400 [s0-impl-thread1] INFO  impl.PendingRequests (PendingRequests.java:sendNotLeaderResponses(289)) - s0@group-9374E8E70514-PendingRequests: sendNotLeaderResponses
2023-11-07 01:40:14,400 [s0@group-9374E8E70514->s1-GrpcLogAppender-LogAppenderDaemon] WARN  server.GrpcLogAppender (GrpcLogAppender.java:mayWait(212)) - s0@group-9374E8E70514->s1-GrpcLogAppender: Wait interrupted by java.lang.InterruptedException
2023-11-07 01:40:14,400 [s0@group-9374E8E70514->s2-GrpcLogAppender-LogAppenderDaemon] WARN  server.GrpcLogAppender (GrpcLogAppender.java:mayWait(212)) - s0@group-9374E8E70514->s2-GrpcLogAppender: Wait interrupted by java.lang.InterruptedException
2023-11-07 01:40:14,401 [grpc-default-executor-2] INFO  server.GrpcServerProtocolService (GrpcServerProtocolService.java:onCompleted(157)) - s1: Completed APPEND_ENTRIES, lastRequest: null
2023-11-07 01:40:14,401 [grpc-default-executor-2] INFO  server.GrpcServerProtocolService (GrpcServerProtocolService.java:lambda$onCompleted$5(159)) - s1: Completed APPEND_ENTRIES, lastReply: serverReply {
  requestorId: "s0"
  replyId: "s1"
  raftGroupId {
    id: "\240>l\2316\fH\354\247\315\223t\350\347\005\024"
  }
  callId: 7
  success: true
}
term: 1
nextIndex: 259
followerCommit: 258
matchIndex: 18446744073709551615
isHearbeat: true

2023-11-07 01:40:14,401 [grpc-default-executor-3] INFO  server.GrpcServerProtocolService (GrpcServerProtocolService.java:onCompleted(157)) - s2: Completed APPEND_ENTRIES, lastRequest: s0->s2#7-t1,previous=(t:1, i:261),leaderCommit=261,initializing? true,entries: size=1, first=(t:1, i:262), METADATAENTRY(c:261)
2023-11-07 01:40:14,401 [grpc-default-executor-3] INFO  server.GrpcServerProtocolService (GrpcServerProtocolService.java:lambda$onCompleted$5(159)) - s2: Completed APPEND_ENTRIES, lastReply: null
2023-11-07 01:40:14,399 [MiniRaftCluster-13] INFO  server.GrpcService (GrpcService.java:closeImpl(311)) - s0: shutdown server org.apache.ratis.grpc.server.GrpcClientProtocolService now
2023-11-07 01:40:14,402 [grpc-default-executor-3] INFO  server.GrpcServerProtocolService (GrpcServerProtocolService.java:onCompleted(157)) - s1: Completed APPEND_ENTRIES, lastRequest: s0->s1#10-t1,previous=(t:1, i:261),leaderCommit=261,initializing? true,entries: size=1, first=(t:1, i:262), METADATAENTRY(c:261)
2023-11-07 01:40:14,407 [grpc-default-executor-3] INFO  server.GrpcServerProtocolService (GrpcServerProtocolService.java:lambda$onCompleted$5(159)) - s1: Completed APPEND_ENTRIES, lastReply: null
2023-11-07 01:40:14,403 [s0-impl-thread1] INFO  impl.StateMachineUpdater (StateMachineUpdater.java:stopAndJoin(157)) - s0@group-9374E8E70514-StateMachineUpdater: set stopIndex = 262
2023-11-07 01:40:14,408 [grpc-default-executor-2] INFO  server.GrpcServerProtocolService (GrpcServerProtocolService.java:onCompleted(157)) - s2: Completed APPEND_ENTRIES, lastRequest: null
2023-11-07 01:40:14,408 [grpc-default-executor-2] INFO  server.GrpcServerProtocolService (GrpcServerProtocolService.java:lambda$onCompleted$5(159)) - s2: Completed APPEND_ENTRIES, lastReply: serverReply {
  requestorId: "s0"
  replyId: "s2"
  raftGroupId {
    id: "\240>l\2316\fH\354\247\315\223t\350\347\005\024"
  }
  success: true
}
term: 1
nextIndex: 259
followerCommit: 255
matchIndex: 18446744073709551615
isHearbeat: true

2023-11-07 01:40:14,408 [MiniRaftCluster-15] INFO  server.RaftServer (RaftServerProxy.java:lambda$close$9(416)) - s2: close
2023-11-07 01:40:14,413 [grpc-default-executor-3] INFO  server.GrpcLogAppender (GrpcLogAppender.java:onCompleted(469)) - s0@group-9374E8E70514->s2-AppendLogResponseHandler: follower responses appendEntries COMPLETED
2023-11-07 01:40:14,414 [grpc-default-executor-3] INFO  server.GrpcLogAppender (GrpcLogAppender.java:onCompleted(469)) - s0@group-9374E8E70514->s1-AppendLogResponseHandler: follower responses appendEntries COMPLETED
2023-11-07 01:40:14,418 [MiniRaftCluster-14] INFO  server.GrpcService (GrpcService.java:closeImpl(311)) - s1: shutdown server GrpcServerProtocolService now
2023-11-07 01:40:14,418 [s1-impl-thread1] INFO  server.RaftServer$Division (RaftServerImpl.java:lambda$close$3(514)) - s1@group-9374E8E70514: shutdown
2023-11-07 01:40:14,418 [s1-impl-thread1] INFO  util.JmxRegister (JmxRegister.java:unregister(73)) - Successfully un-registered JMX Bean with object name Ratis:service=RaftServer,group=group-9374E8E70514,id=s1
2023-11-07 01:40:14,418 [s1-impl-thread1] INFO  impl.RoleInfo (RoleInfo.java:shutdownFollowerState(110)) - s1: shutdown s1@group-9374E8E70514-FollowerState
2023-11-07 01:40:14,418 [s1-impl-thread1] INFO  impl.StateMachineUpdater (StateMachineUpdater.java:stopAndJoin(157)) - s1@group-9374E8E70514-StateMachineUpdater: set stopIndex = 261
2023-11-07 01:40:14,420 [s1@group-9374E8E70514-FollowerState] INFO  impl.FollowerState (FollowerState.java:run(152)) - s1@group-9374E8E70514-FollowerState was interrupted
2023-11-07 01:40:14,421 [grpc-default-executor-2] INFO  server.GrpcLogAppender (GrpcLogAppender.java:onCompleted(469)) - s0@group-9374E8E70514->s1-AppendLogResponseHandler: follower responses appendEntries COMPLETED
2023-11-07 01:40:14,421 [MiniRaftCluster-15] INFO  server.GrpcService (GrpcService.java:closeImpl(311)) - s2: shutdown server GrpcServerProtocolService now
2023-11-07 01:40:14,421 [s2-impl-thread1] INFO  server.RaftServer$Division (RaftServerImpl.java:lambda$close$3(514)) - s2@group-9374E8E70514: shutdown
2023-11-07 01:40:14,421 [s2-impl-thread1] INFO  util.JmxRegister (JmxRegister.java:unregister(73)) - Successfully un-registered JMX Bean with object name Ratis:service=RaftServer,group=group-9374E8E70514,id=s2
2023-11-07 01:40:14,421 [s2-impl-thread1] INFO  impl.RoleInfo (RoleInfo.java:shutdownFollowerState(110)) - s2: shutdown s2@group-9374E8E70514-FollowerState
2023-11-07 01:40:14,421 [s2-impl-thread1] INFO  impl.StateMachineUpdater (StateMachineUpdater.java:stopAndJoin(157)) - s2@group-9374E8E70514-StateMachineUpdater: set stopIndex = 261
2023-11-07 01:40:14,423 [s2@group-9374E8E70514-FollowerState] INFO  impl.FollowerState (FollowerState.java:run(152)) - s2@group-9374E8E70514-FollowerState was interrupted
2023-11-07 01:40:14,423 [Thread-181] INFO  server.GrpcServerProtocolClient (GrpcServerProtocolClient.java:close(103)) - s1 Close channels
2023-11-07 01:40:14,423 [Thread-182] INFO  server.GrpcServerProtocolClient (GrpcServerProtocolClient.java:close(103)) - s2 Close channels
2023-11-07 01:40:14,426 [s0@group-9374E8E70514-StateMachineUpdater] TRACE util.FileUtils (LogUtils.java:supplyAndLog(69)) - Successfully supplied FileChannel.open /home/runner/work/ratis/ratis/ratis-test/target/test/data/1674ca6a/MiniRaftClusterWithGrpccd30c539/s0/a03e6c99-360c-48ec-a7cd-9374e8e70514/sm/snapshot.1_262 with options [READ]: sun.nio.ch.FileChannelImpl@2a1ff195
2023-11-07 01:40:14,427 [s0@group-9374E8E70514-StateMachineUpdater] TRACE util.FileUtils (LogUtils.java:supplyAndLog(69)) - Successfully supplied FileChannel.open /home/runner/work/ratis/ratis/ratis-test/target/test/data/1674ca6a/MiniRaftClusterWithGrpccd30c539/s0/a03e6c99-360c-48ec-a7cd-9374e8e70514/sm/snapshot.1_262.md5.tmp with options [CREATE, WRITE]: sun.nio.ch.FileChannelImpl@4e1a6e95
2023-11-07 01:40:14,430 [grpc-default-executor-4] INFO  server.GrpcLogAppender (GrpcLogAppender.java:onCompleted(469)) - s0@group-9374E8E70514->s2-AppendLogResponseHandler: follower responses appendEntries COMPLETED
2023-11-07 01:40:14,430 [grpc-default-executor-4] WARN  server.GrpcLogAppender (GrpcLogAppender.java:resetClient(149)) - s0@group-9374E8E70514->s2-GrpcLogAppender: Failed to getClient for s2
org.apache.ratis.protocol.exceptions.AlreadyClosedException: s0 is already CLOSED
	at org.apache.ratis.util.PeerProxyMap$PeerAndProxy.getProxy(PeerProxyMap.java:61)
	at org.apache.ratis.util.PeerProxyMap.getProxy(PeerProxyMap.java:110)
	at org.apache.ratis.grpc.server.GrpcLogAppender.getClient(GrpcLogAppender.java:121)
	at org.apache.ratis.grpc.server.GrpcLogAppender.resetClient(GrpcLogAppender.java:126)
	at org.apache.ratis.grpc.server.GrpcLogAppender.access$800(GrpcLogAppender.java:61)
	at org.apache.ratis.grpc.server.GrpcLogAppender$AppendLogResponseHandler.onCompleted(GrpcLogAppender.java:471)
	at org.apache.ratis.thirdparty.io.grpc.stub.ClientCalls$StreamObserverToCallListenerAdapter.onClose(ClientCalls.java:479)
	at org.apache.ratis.thirdparty.io.grpc.internal.DelayedClientCall$DelayedListener$3.run(DelayedClientCall.java:489)
	at org.apache.ratis.thirdparty.io.grpc.internal.DelayedClientCall$DelayedListener.delayOrExecute(DelayedClientCall.java:453)
	at org.apache.ratis.thirdparty.io.grpc.internal.DelayedClientCall$DelayedListener.onClose(DelayedClientCall.java:486)
	at org.apache.ratis.thirdparty.io.grpc.internal.ClientCallImpl.closeObserver(ClientCallImpl.java:567)
	at org.apache.ratis.thirdparty.io.grpc.internal.ClientCallImpl.access$300(ClientCallImpl.java:71)
	at org.apache.ratis.thirdparty.io.grpc.internal.ClientCallImpl$ClientStreamListenerImpl$1StreamClosed.runInternal(ClientCallImpl.java:735)
	at org.apache.ratis.thirdparty.io.grpc.internal.ClientCallImpl$ClientStreamListenerImpl$1StreamClosed.runInContext(ClientCallImpl.java:716)
	at org.apache.ratis.thirdparty.io.grpc.internal.ContextRunnable.run(ContextRunnable.java:37)
	at org.apache.ratis.thirdparty.io.grpc.internal.SerializingExecutor.run(SerializingExecutor.java:133)
	at java.base/java.util.concurrent.ThreadPoolExecutor.runWorker(ThreadPoolExecutor.java:1128)
	at java.base/java.util.concurrent.ThreadPoolExecutor$Worker.run(ThreadPoolExecutor.java:628)
	at java.base/java.lang.Thread.run(Thread.java:829)
2023-11-07 01:40:14,434 [MiniRaftCluster-15] INFO  server.GrpcService (GrpcService.java:closeImpl(320)) - s2: shutdown server GrpcServerProtocolService successfully
2023-11-07 01:40:14,435 [MiniRaftCluster-14] INFO  server.GrpcService (GrpcService.java:closeImpl(320)) - s1: shutdown server GrpcServerProtocolService successfully
2023-11-07 01:40:14,436 [MiniRaftCluster-13] INFO  server.GrpcService (GrpcService.java:closeImpl(320)) - s0: shutdown server org.apache.ratis.grpc.server.GrpcClientProtocolService successfully
2023-11-07 01:40:14,436 [MiniRaftCluster-13] INFO  server.GrpcService (GrpcService.java:closeImpl(311)) - s0: shutdown server GrpcServerProtocolService now
2023-11-07 01:40:14,439 [s0@group-9374E8E70514-StateMachineUpdater] TRACE util.FileUtils (LogUtils.java:runAndLog(49)) - Successfully ran Atomic Files.move /home/runner/work/ratis/ratis/ratis-test/target/test/data/1674ca6a/MiniRaftClusterWithGrpccd30c539/s0/a03e6c99-360c-48ec-a7cd-9374e8e70514/sm/snapshot.1_262.md5.tmp to /home/runner/work/ratis/ratis/ratis-test/target/test/data/1674ca6a/MiniRaftClusterWithGrpccd30c539/s0/a03e6c99-360c-48ec-a7cd-9374e8e70514/sm/snapshot.1_262.md5 with options [REPLACE_EXISTING]
2023-11-07 01:40:14,439 [s0@group-9374E8E70514-StateMachineUpdater] INFO  impl.StateMachineUpdater (StateMachineUpdater.java:takeSnapshot(295)) - s0@group-9374E8E70514-StateMachineUpdater: Took a snapshot at index 262
2023-11-07 01:40:14,439 [s0@group-9374E8E70514-StateMachineUpdater] INFO  impl.StateMachineUpdater (StateMachineUpdater.java:lambda$new$0(98)) - s0@group-9374E8E70514-StateMachineUpdater: snapshotIndex: updateIncreasingly 255 -> 262
2023-11-07 01:40:14,440 [s0-impl-thread1] INFO  server.RaftServer$Division (ServerState.java:close(423)) - s0@group-9374E8E70514: applyIndex: 262
2023-11-07 01:40:14,442 [s2@group-9374E8E70514-StateMachineUpdater] TRACE util.FileUtils (LogUtils.java:supplyAndLog(69)) - Successfully supplied FileChannel.open /home/runner/work/ratis/ratis/ratis-test/target/test/data/1674ca6a/MiniRaftClusterWithGrpccd30c539/s2/a03e6c99-360c-48ec-a7cd-9374e8e70514/sm/snapshot.1_261 with options [READ]: sun.nio.ch.FileChannelImpl@69ee2bd9
2023-11-07 01:40:14,444 [s2@group-9374E8E70514-StateMachineUpdater] TRACE util.FileUtils (LogUtils.java:supplyAndLog(69)) - Successfully supplied FileChannel.open /home/runner/work/ratis/ratis/ratis-test/target/test/data/1674ca6a/MiniRaftClusterWithGrpccd30c539/s2/a03e6c99-360c-48ec-a7cd-9374e8e70514/sm/snapshot.1_261.md5.tmp with options [CREATE, WRITE]: sun.nio.ch.FileChannelImpl@6dd1b23c
2023-11-07 01:40:14,445 [s0@group-9374E8E70514-cacheEviction-AwaitToRun] INFO  util.AwaitToRun (AwaitToRun.java:run(49)) - s0@group-9374E8E70514-cacheEviction-AwaitToRun-AwaitForSignal is interrupted
2023-11-07 01:40:14,442 [s1@group-9374E8E70514-StateMachineUpdater] TRACE util.FileUtils (LogUtils.java:supplyAndLog(69)) - Successfully supplied FileChannel.open /home/runner/work/ratis/ratis/ratis-test/target/test/data/1674ca6a/MiniRaftClusterWithGrpccd30c539/s1/a03e6c99-360c-48ec-a7cd-9374e8e70514/sm/snapshot.1_261 with options [READ]: sun.nio.ch.FileChannelImpl@240f865b
2023-11-07 01:40:14,445 [s1@group-9374E8E70514-StateMachineUpdater] TRACE util.FileUtils (LogUtils.java:supplyAndLog(69)) - Successfully supplied FileChannel.open /home/runner/work/ratis/ratis/ratis-test/target/test/data/1674ca6a/MiniRaftClusterWithGrpccd30c539/s1/a03e6c99-360c-48ec-a7cd-9374e8e70514/sm/snapshot.1_261.md5.tmp with options [CREATE, WRITE]: sun.nio.ch.FileChannelImpl@64c193bb
2023-11-07 01:40:14,446 [s1@group-9374E8E70514-StateMachineUpdater] TRACE util.FileUtils (LogUtils.java:runAndLog(49)) - Successfully ran Atomic Files.move /home/runner/work/ratis/ratis/ratis-test/target/test/data/1674ca6a/MiniRaftClusterWithGrpccd30c539/s1/a03e6c99-360c-48ec-a7cd-9374e8e70514/sm/snapshot.1_261.md5.tmp to /home/runner/work/ratis/ratis/ratis-test/target/test/data/1674ca6a/MiniRaftClusterWithGrpccd30c539/s1/a03e6c99-360c-48ec-a7cd-9374e8e70514/sm/snapshot.1_261.md5 with options [REPLACE_EXISTING]
2023-11-07 01:40:14,446 [s1@group-9374E8E70514-StateMachineUpdater] INFO  impl.StateMachineUpdater (StateMachineUpdater.java:takeSnapshot(295)) - s1@group-9374E8E70514-StateMachineUpdater: Took a snapshot at index 261
2023-11-07 01:40:14,446 [s1@group-9374E8E70514-StateMachineUpdater] INFO  impl.StateMachineUpdater (StateMachineUpdater.java:lambda$new$0(98)) - s1@group-9374E8E70514-StateMachineUpdater: snapshotIndex: updateIncreasingly 255 -> 261
2023-11-07 01:40:14,447 [s1-impl-thread1] INFO  server.RaftServer$Division (ServerState.java:close(423)) - s1@group-9374E8E70514: applyIndex: 261
2023-11-07 01:40:14,448 [s2@group-9374E8E70514-StateMachineUpdater] TRACE util.FileUtils (LogUtils.java:runAndLog(49)) - Successfully ran Atomic Files.move /home/runner/work/ratis/ratis/ratis-test/target/test/data/1674ca6a/MiniRaftClusterWithGrpccd30c539/s2/a03e6c99-360c-48ec-a7cd-9374e8e70514/sm/snapshot.1_261.md5.tmp to /home/runner/work/ratis/ratis/ratis-test/target/test/data/1674ca6a/MiniRaftClusterWithGrpccd30c539/s2/a03e6c99-360c-48ec-a7cd-9374e8e70514/sm/snapshot.1_261.md5 with options [REPLACE_EXISTING]
2023-11-07 01:40:14,451 [s1@group-9374E8E70514-cacheEviction-AwaitToRun] INFO  util.AwaitToRun (AwaitToRun.java:run(49)) - s1@group-9374E8E70514-cacheEviction-AwaitToRun-AwaitForSignal is interrupted
2023-11-07 01:40:14,451 [s2@group-9374E8E70514-StateMachineUpdater] INFO  impl.StateMachineUpdater (StateMachineUpdater.java:takeSnapshot(295)) - s2@group-9374E8E70514-StateMachineUpdater: Took a snapshot at index 261
2023-11-07 01:40:14,452 [s2@group-9374E8E70514-StateMachineUpdater] INFO  impl.StateMachineUpdater (StateMachineUpdater.java:lambda$new$0(98)) - s2@group-9374E8E70514-StateMachineUpdater: snapshotIndex: updateIncreasingly 255 -> 261
2023-11-07 01:40:14,452 [s2@group-9374E8E70514-StateMachineUpdater] INFO  raftlog.RaftLog (RaftLogBase.java:purge(330)) - s2@group-9374E8E70514-SegmentedRaftLog: purge 259
2023-11-07 01:40:14,452 [s2@group-9374E8E70514-StateMachineUpdater] INFO  raftlog.RaftLog (RaftLogBase.java:lambda$new$0(54)) - s2@group-9374E8E70514-SegmentedRaftLog: snapshotIndex: updateIncreasingly 255 -> 261
2023-11-07 01:40:14,452 [s2@group-9374E8E70514-StateMachineUpdater] INFO  raftlog.RaftLog (RaftLogBase.java:lambda$new$0(54)) - s2@group-9374E8E70514-SegmentedRaftLog: purgeIndex: updateToMax old=-1, new=259, updated? true
2023-11-07 01:40:14,452 [s2-impl-thread1] INFO  server.RaftServer$Division (ServerState.java:close(423)) - s2@group-9374E8E70514: applyIndex: 261
2023-11-07 01:40:14,452 [s2@group-9374E8E70514-cacheEviction-AwaitToRun] INFO  util.AwaitToRun (AwaitToRun.java:run(49)) - s2@group-9374E8E70514-cacheEviction-AwaitToRun-AwaitForSignal is interrupted
2023-11-07 01:40:14,452 [MiniRaftCluster-13] INFO  server.GrpcService (GrpcService.java:closeImpl(320)) - s0: shutdown server GrpcServerProtocolService successfully
2023-11-07 01:40:14,453 [MiniRaftCluster-13] INFO  server.GrpcService (GrpcService.java:closeImpl(311)) - s0: shutdown server org.apache.ratis.grpc.server.GrpcAdminProtocolService now
2023-11-07 01:40:14,459 [MiniRaftCluster-13] INFO  server.GrpcService (GrpcService.java:closeImpl(320)) - s0: shutdown server org.apache.ratis.grpc.server.GrpcAdminProtocolService successfully
2023-11-07 01:40:15,079 [timer5] WARN  server.GrpcLogAppender (GrpcLogAppender.java:timeoutAppendRequest(358)) - s0@group-932FD4798A9C->s2-GrpcLogAppender:  appendEntries Timeout, request=AppendEntriesRequest:cid=6,entriesCount=1,entry=(t:1, i:262)
2023-11-07 01:40:15,382 [s0-impl-thread1] INFO  segmented.SegmentedRaftLogWorker (SegmentedRaftLogWorker.java:close(243)) - s0@group-9374E8E70514-SegmentedRaftLogWorker close()
2023-11-07 01:40:15,383 [JvmPauseMonitor6] INFO  util.JvmPauseMonitor (JvmPauseMonitor.java:run(152)) - JvmPauseMonitor-s0: Stopped
2023-11-07 01:40:15,387 [s1-impl-thread1] INFO  segmented.SegmentedRaftLogWorker (SegmentedRaftLogWorker.java:close(243)) - s1@group-9374E8E70514-SegmentedRaftLogWorker close()
2023-11-07 01:40:15,388 [s2-impl-thread1] INFO  segmented.SegmentedRaftLogWorker (SegmentedRaftLogWorker.java:close(243)) - s2@group-9374E8E70514-SegmentedRaftLogWorker close()
2023-11-07 01:40:15,389 [JvmPauseMonitor7] INFO  util.JvmPauseMonitor (JvmPauseMonitor.java:run(152)) - JvmPauseMonitor-s1: Stopped
2023-11-07 01:40:15,390 [JvmPauseMonitor8] INFO  util.JvmPauseMonitor (JvmPauseMonitor.java:run(152)) - JvmPauseMonitor-s2: Stopped
2023-11-07 01:40:15,390 [Time-limited test] INFO  impl.MiniRaftCluster (MiniRaftCluster.java:shutdown(855)) - MiniRaftClusterWithGrpc shutdown completed
2023-11-07 01:40:15,390 [Time-limited test] INFO  impl.MiniRaftCluster (MiniRaftCluster.java:shutdown(831)) - ************************************************************** 
2023-11-07 01:40:15,390 [Time-limited test] INFO  impl.MiniRaftCluster (MiniRaftCluster.java:shutdown(832)) - *** 
2023-11-07 01:40:15,390 [Time-limited test] INFO  impl.MiniRaftCluster (MiniRaftCluster.java:shutdown(833)) - ***     Stopping MiniRaftClusterWithGrpc
2023-11-07 01:40:15,391 [Time-limited test] INFO  impl.MiniRaftCluster (MiniRaftCluster.java:shutdown(834)) - *** 
2023-11-07 01:40:15,391 [Time-limited test] INFO  impl.MiniRaftCluster (MiniRaftCluster.java:shutdown(835)) - ************************************************************** 
2023-11-07 01:40:15,391 [Time-limited test] INFO  impl.MiniRaftCluster (MiniRaftCluster.java:shutdown(836)) - printing ALL groups
  s0:   CLOSED    LEADER s0@group-9374E8E70514:t1, leader=s0, voted=s0, raftlog=Memoized:s0@group-9374E8E70514-SegmentedRaftLog:CLOSED:c262, conf=261: peers:[s0|localhost:43101, s1|0.0.0.0:38659, s2|0.0.0.0:35899]|listeners:[], old=null CLOSED
  s1:   CLOSED  FOLLOWER s1@group-9374E8E70514:t1, leader=s0, voted=null, raftlog=Memoized:s1@group-9374E8E70514-SegmentedRaftLog:CLOSED:c261, conf=261: peers:[s0|localhost:43101, s1|0.0.0.0:38659, s2|0.0.0.0:35899]|listeners:[], old=null CLOSED
  s2:   CLOSED  FOLLOWER s2@group-9374E8E70514:t1, leader=s0, voted=null, raftlog=Memoized:s2@group-9374E8E70514-SegmentedRaftLog:CLOSED:c261, conf=261: peers:[s0|localhost:43101, s1|0.0.0.0:38659, s2|0.0.0.0:35899]|listeners:[], old=null CLOSED
2023-11-07 01:40:15,392 [Time-limited test] INFO  impl.MiniRaftCluster (MiniRaftCluster.java:shutdown(855)) - MiniRaftClusterWithGrpc shutdown completed
]]></system-out>
  </testcase>
  <testcase name="testSeparateSnapshotInstallPath[1]" classname="org.apache.ratis.grpc.TestLeaderInstallSnapshot" time="2.106">
    <system-out><![CDATA[2023-11-07 01:40:15,393 [main] INFO  util.LogUtils (Slf4jUtils.java:setLogLevel(38)) - Successfully set org.apache.ratis.conf.ConfUtils log level to WARN
2023-11-07 01:40:15,393 [main] INFO  util.LogUtils (Slf4jUtils.java:setLogLevel(38)) - Successfully set org.apache.ratis.util.FileUtils log level to TRACE
2023-11-07 01:40:15,395 [Time-limited test] INFO  impl.MiniRaftCluster (MiniRaftCluster.java:runWithNewCluster(135)) - Running runWithNewCluster
2023-11-07 01:40:15,395 [Time-limited test] INFO  impl.MiniRaftCluster (MiniRaftCluster.java:<init>(306)) - new MiniRaftClusterWithGrpc with group-F9544BEBFE50:[s0|localhost:43653]
2023-11-07 01:40:15,395 [Time-limited test] INFO  impl.MiniRaftCluster (MiniRaftCluster.java:start(339)) - .............................................................. 
2023-11-07 01:40:15,395 [Time-limited test] INFO  impl.MiniRaftCluster (MiniRaftCluster.java:start(340)) - ... 
2023-11-07 01:40:15,395 [Time-limited test] INFO  impl.MiniRaftCluster (MiniRaftCluster.java:start(341)) - ...     Starting MiniRaftClusterWithGrpc
2023-11-07 01:40:15,395 [Time-limited test] INFO  impl.MiniRaftCluster (MiniRaftCluster.java:start(342)) - ... 
2023-11-07 01:40:15,395 [Time-limited test] INFO  impl.MiniRaftCluster (MiniRaftCluster.java:start(343)) - .............................................................. 
2023-11-07 01:40:15,395 [Time-limited test] INFO  impl.MiniRaftCluster (MiniRaftCluster.java:initServers(318)) - servers = {}
2023-11-07 01:40:15,396 [Time-limited test] INFO  impl.MiniRaftCluster (MiniRaftCluster.java:newRaftServer(382)) - newRaftServer: s0, group-F9544BEBFE50:[s0|localhost:43653], format? true
2023-11-07 01:40:15,396 [Time-limited test] TRACE util.FileUtils (FileUtils.java:deleteFully(305)) - deleteFully target/test/data/1674ca6a/MiniRaftClusterWithGrpc36950c6c/s0
2023-11-07 01:40:15,396 [Time-limited test] TRACE util.FileUtils (FileUtils.java:deleteFully(318)) - deleteFully: target/test/data/1674ca6a/MiniRaftClusterWithGrpc36950c6c/s0 does not exist.
2023-11-07 01:40:15,396 [Time-limited test] INFO  impl.MiniRaftCluster (MiniRaftCluster.java:newRaftServer(387)) - Formatted directory target/test/data/1674ca6a/MiniRaftClusterWithGrpc36950c6c/s0
2023-11-07 01:40:15,396 [Time-limited test] INFO  server.RaftServer (ConfUtils.java:logGet(46)) - raft.rpc.type = GRPC (default)
2023-11-07 01:40:15,396 [Time-limited test] INFO  grpc.GrpcConfigKeys (ConfUtils.java:logFallback(53)) - raft.grpc.admin.host = null (fallback to raft.grpc.server.host)
2023-11-07 01:40:15,396 [Time-limited test] INFO  grpc.GrpcConfigKeys (ConfUtils.java:logGet(46)) - raft.grpc.admin.port = 42967 (custom)
2023-11-07 01:40:15,397 [Time-limited test] INFO  grpc.GrpcConfigKeys (ConfUtils.java:logFallback(53)) - raft.grpc.client.host = null (fallback to raft.grpc.server.host)
2023-11-07 01:40:15,397 [Time-limited test] INFO  grpc.GrpcConfigKeys (ConfUtils.java:logGet(46)) - raft.grpc.client.port = 34411 (custom)
2023-11-07 01:40:15,397 [Time-limited test] INFO  grpc.GrpcConfigKeys (ConfUtils.java:logGet(46)) - raft.grpc.server.host = null (default)
2023-11-07 01:40:15,397 [Time-limited test] INFO  grpc.GrpcConfigKeys (ConfUtils.java:logGet(46)) - raft.grpc.server.port = 43653 (custom)
2023-11-07 01:40:15,397 [Time-limited test] INFO  server.GrpcService (ConfUtils.java:logGet(46)) - raft.grpc.message.size.max = 64MB (=67108864) (default)
2023-11-07 01:40:15,397 [Time-limited test] INFO  server.RaftServerConfigKeys (ConfUtils.java:logGet(46)) - raft.server.log.appender.buffer.byte-limit = 4MB (=4194304) (default)
2023-11-07 01:40:15,397 [Time-limited test] INFO  server.GrpcService (ConfUtils.java:logGet(46)) - raft.grpc.flow.control.window = 1MB (=1048576) (default)
2023-11-07 01:40:15,397 [Time-limited test] INFO  server.RaftServerConfigKeys (ConfUtils.java:logGet(46)) - raft.server.rpc.request.timeout = 3000ms (default)
2023-11-07 01:40:15,397 [Time-limited test] INFO  grpc.GrpcConfigKeys (ConfUtils.java:logGet(46)) - raft.grpc.server.heartbeat.channel = true (default)
2023-11-07 01:40:15,397 [Time-limited test] INFO  grpc.GrpcConfigKeys (ConfUtils.java:logGet(46)) - raft.grpc.server.async.request.thread.pool.cached = true (default)
2023-11-07 01:40:15,397 [Time-limited test] INFO  grpc.GrpcConfigKeys (ConfUtils.java:logGet(46)) - raft.grpc.server.async.request.thread.pool.size = 32 (default)
2023-11-07 01:40:15,399 [Time-limited test] INFO  impl.DataStreamServerImpl (ConfUtils.java:logGet(46)) - raft.datastream.type = DISABLED (default)
2023-11-07 01:40:15,399 [Time-limited test] INFO  server.RaftServerConfigKeys (ConfUtils.java:logGet(46)) - raft.server.sleep.deviation.threshold = 300ms (default)
2023-11-07 01:40:15,399 [Time-limited test] INFO  server.RaftServerConfigKeys (ConfUtils.java:logGet(46)) - raft.server.close.threshold = 60s (default)
2023-11-07 01:40:15,399 [Time-limited test] INFO  server.RaftServerConfigKeys (ConfUtils.java:logGet(46)) - raft.server.leaderelection.leader.step-down.wait-time = 10s (default)
2023-11-07 01:40:15,399 [Time-limited test] INFO  server.RaftServerConfigKeys (ConfUtils.java:logGet(46)) - raft.server.storage.dir = [/home/runner/work/ratis/ratis/ratis-test/target/test/data/1674ca6a/MiniRaftClusterWithGrpc36950c6c/s0] (custom)
2023-11-07 01:40:15,399 [Time-limited test] INFO  server.RaftServerConfigKeys (ConfUtils.java:logGet(46)) - raft.server.threadpool.proxy.cached = true (default)
2023-11-07 01:40:15,399 [Time-limited test] INFO  server.RaftServerConfigKeys (ConfUtils.java:logGet(46)) - raft.server.threadpool.proxy.size = 0 (default)
2023-11-07 01:40:15,400 [Time-limited test] INFO  server.RaftServer (RaftServerProxy.java:addNew(100)) - s0: addNew group-F9544BEBFE50:[s0|localhost:43653] returns group-F9544BEBFE50:java.util.concurrent.CompletableFuture@6527f437[Not completed]
2023-11-07 01:40:15,400 [s0-groupManagement] INFO  server.RaftServerConfigKeys (ConfUtils.java:logGet(46)) - raft.server.log.segment.size.max = 32MB (=33554432) (default)
2023-11-07 01:40:15,400 [s0-groupManagement] INFO  server.RaftServerConfigKeys (ConfUtils.java:logGet(46)) - raft.server.log.preallocated.size = 4MB (=4194304) (default)
2023-11-07 01:40:15,400 [s0-groupManagement] INFO  server.RaftServerConfigKeys (ConfUtils.java:logGet(46)) - raft.server.log.write.buffer.size = 64KB (=65536) (default)
2023-11-07 01:40:15,400 [s0-groupManagement] INFO  server.RaftServer$Division (RaftServerImpl.java:<init>(255)) - s0: new RaftServerImpl for group-F9544BEBFE50:[s0|localhost:43653] with StateMachineWithSeparatedSnapshotPath:uninitialized
2023-11-07 01:40:15,400 [s0-groupManagement] INFO  server.RaftServerConfigKeys (ConfUtils.java:logGet(46)) - raft.server.rpc.timeout.min = 150ms (default)
2023-11-07 01:40:15,400 [s0-groupManagement] INFO  server.RaftServerConfigKeys (ConfUtils.java:logGet(46)) - raft.server.rpc.timeout.max = 300ms (default)
2023-11-07 01:40:15,401 [s0-groupManagement] INFO  server.RaftServerConfigKeys (ConfUtils.java:logGet(46)) - raft.server.rpc.sleep.time = 25ms (default)
2023-11-07 01:40:15,401 [s0-groupManagement] INFO  server.RaftServerConfigKeys (ConfUtils.java:logGet(46)) - raft.server.rpc.slowness.timeout = 60s (default)
2023-11-07 01:40:15,401 [s0-groupManagement] INFO  server.RaftServerConfigKeys (ConfUtils.java:logGet(46)) - raft.server.leaderelection.leader.step-down.wait-time = 10s (default)
2023-11-07 01:40:15,401 [s0-groupManagement] INFO  server.RaftServerConfigKeys (ConfUtils.java:logGet(46)) - raft.server.sleep.deviation.threshold = 300ms (default)
2023-11-07 01:40:15,403 [s0-groupManagement] INFO  server.RaftServer$Division (ServerState.java:<init>(113)) - s0@group-F9544BEBFE50: ConfigurationManager, init=-1: peers:[s0|localhost:43653]|listeners:[], old=null, confs=<EMPTY_MAP>
2023-11-07 01:40:15,403 [s0-groupManagement] INFO  server.RaftServerConfigKeys (ConfUtils.java:logGet(46)) - raft.server.notification.no-leader.timeout = 60s (default)
2023-11-07 01:40:15,403 [s0-groupManagement] INFO  server.RaftServerConfigKeys (ConfUtils.java:logGet(46)) - raft.server.read.timeout = 10s (default)
2023-11-07 01:40:15,403 [s0-groupManagement] INFO  server.RaftServerConfigKeys (ConfUtils.java:logGet(46)) - raft.server.retrycache.expirytime = 60s (default)
2023-11-07 01:40:15,403 [s0-groupManagement] INFO  server.RaftServerConfigKeys (ConfUtils.java:logGet(46)) - raft.server.retrycache.statistics.expirytime = 100ms (default)
2023-11-07 01:40:15,403 [s0-groupManagement] INFO  server.RaftServerConfigKeys (ConfUtils.java:logGet(46)) - raft.server.read.option = DEFAULT (default)
2023-11-07 01:40:15,403 [s0-groupManagement] INFO  server.RaftServerConfigKeys (ConfUtils.java:logGet(46)) - raft.server.read.read-after-write-consistent.write-index-cache.expiry-time = 60s (default)
2023-11-07 01:40:15,405 [s0-groupManagement] INFO  server.RaftServerConfigKeys (ConfUtils.java:logGet(46)) - raft.server.rpc.request.timeout = 3000ms (default)
2023-11-07 01:40:15,405 [s0-groupManagement] INFO  server.RaftServerConfigKeys (ConfUtils.java:logGet(46)) - raft.server.log.appender.install.snapshot.enabled = true (default)
2023-11-07 01:40:15,405 [s0-groupManagement] INFO  server.RaftServerConfigKeys (ConfUtils.java:logGet(46)) - raft.server.threadpool.server.cached = true (default)
2023-11-07 01:40:15,405 [s0-groupManagement] INFO  server.RaftServerConfigKeys (ConfUtils.java:logGet(46)) - raft.server.threadpool.server.size = 0 (default)
2023-11-07 01:40:15,405 [s0-groupManagement] INFO  server.RaftServerConfigKeys (ConfUtils.java:logGet(46)) - raft.server.threadpool.client.cached = true (default)
2023-11-07 01:40:15,405 [s0-groupManagement] INFO  server.RaftServerConfigKeys (ConfUtils.java:logGet(46)) - raft.server.threadpool.client.size = 0 (default)
2023-11-07 01:40:15,405 [s0-impl-thread1] INFO  server.RaftServerConfigKeys (ConfUtils.java:logGet(46)) - raft.server.storage.free-space.min = 0MB (=0) (default)
2023-11-07 01:40:15,405 [s0-impl-thread1] INFO  server.RaftServerConfigKeys (ConfUtils.java:logGet(46)) - raft.server.log.corruption.policy = EXCEPTION (default)
2023-11-07 01:40:15,405 [s0-impl-thread1] INFO  server.RaftServerConfigKeys (ConfUtils.java:logGet(46)) - raft.server.storage.dir = [/home/runner/work/ratis/ratis/ratis-test/target/test/data/1674ca6a/MiniRaftClusterWithGrpc36950c6c/s0] (custom)
2023-11-07 01:40:15,405 [s0-impl-thread1] INFO  storage.RaftStorageDirectory (RaftStorageDirectoryImpl.java:analyzeStorage(138)) - The storage directory /home/runner/work/ratis/ratis/ratis-test/target/test/data/1674ca6a/MiniRaftClusterWithGrpc36950c6c/s0/d54660ea-d2ea-4cbf-b3e3-f9544bebfe50 does not exist. Creating ...
2023-11-07 01:40:15,406 [s0-impl-thread1] TRACE util.FileUtils (LogUtils.java:runAndLog(49)) - Successfully ran Files.createDirectories /home/runner/work/ratis/ratis/ratis-test/target/test/data/1674ca6a/MiniRaftClusterWithGrpc36950c6c/s0/d54660ea-d2ea-4cbf-b3e3-f9544bebfe50
2023-11-07 01:40:15,408 [s0-impl-thread1] INFO  storage.RaftStorageDirectory (RaftStorageDirectoryImpl.java:tryLock(232)) - Lock on /home/runner/work/ratis/ratis/ratis-test/target/test/data/1674ca6a/MiniRaftClusterWithGrpc36950c6c/s0/d54660ea-d2ea-4cbf-b3e3-f9544bebfe50/in_use.lock acquired by nodename 29351@fv-az1231-351
2023-11-07 01:40:15,408 [s0-impl-thread1] TRACE util.FileUtils (LogUtils.java:runAndLog(49)) - Successfully ran Files.createDirectories /home/runner/work/ratis/ratis/ratis-test/target/test/data/1674ca6a/MiniRaftClusterWithGrpc36950c6c/s0/d54660ea-d2ea-4cbf-b3e3-f9544bebfe50/current
2023-11-07 01:40:15,408 [s0-impl-thread1] TRACE util.FileUtils (LogUtils.java:runAndLog(49)) - Successfully ran Files.createDirectories /home/runner/work/ratis/ratis/ratis-test/target/test/data/1674ca6a/MiniRaftClusterWithGrpc36950c6c/s0/d54660ea-d2ea-4cbf-b3e3-f9544bebfe50/sm
2023-11-07 01:40:15,408 [s0-impl-thread1] TRACE util.FileUtils (LogUtils.java:supplyAndLog(69)) - Successfully supplied FileChannel.open /home/runner/work/ratis/ratis/ratis-test/target/test/data/1674ca6a/MiniRaftClusterWithGrpc36950c6c/s0/d54660ea-d2ea-4cbf-b3e3-f9544bebfe50/current/raft-meta.tmp with options [CREATE, WRITE]: sun.nio.ch.FileChannelImpl@4e3d809b
2023-11-07 01:40:15,410 [s0-impl-thread1] TRACE util.FileUtils (LogUtils.java:runAndLog(49)) - Successfully ran Atomic Files.move /home/runner/work/ratis/ratis/ratis-test/target/test/data/1674ca6a/MiniRaftClusterWithGrpc36950c6c/s0/d54660ea-d2ea-4cbf-b3e3-f9544bebfe50/current/raft-meta.tmp to /home/runner/work/ratis/ratis/ratis-test/target/test/data/1674ca6a/MiniRaftClusterWithGrpc36950c6c/s0/d54660ea-d2ea-4cbf-b3e3-f9544bebfe50/current/raft-meta with options [REPLACE_EXISTING]
2023-11-07 01:40:15,410 [s0-impl-thread1] INFO  storage.RaftStorage (RaftStorageImpl.java:format(97)) - Storage directory /home/runner/work/ratis/ratis/ratis-test/target/test/data/1674ca6a/MiniRaftClusterWithGrpc36950c6c/s0/d54660ea-d2ea-4cbf-b3e3-f9544bebfe50 has been successfully formatted.
2023-11-07 01:40:15,410 [s0-impl-thread1] INFO  impl.SimpleStateMachine4Testing (SimpleStateMachine4Testing.java:initialize(213)) - Initializing StateMachineWithSeparatedSnapshotPath:uninitialized
2023-11-07 01:40:15,410 [s0-impl-thread1] INFO  impl.SimpleStateMachine4Testing (SimpleStateMachine4Testing.java:loadSnapshot(296)) - Loading snapshot null
2023-11-07 01:40:15,410 [s0-impl-thread1] TRACE util.FileUtils (FileUtils.java:deleteFully(305)) - deleteFully /tmp/ratis-tests/statemachine/s0
2023-11-07 01:40:15,411 [s0-impl-thread1] TRACE util.FileUtils (LogUtils.java:runAndLog(49)) - Successfully ran Files.delete /tmp/ratis-tests/statemachine/s0/tmp
2023-11-07 01:40:15,411 [s0-impl-thread1] TRACE util.FileUtils (LogUtils.java:runAndLog(49)) - Successfully ran Files.delete /tmp/ratis-tests/statemachine/s0/snapshot/1_255/vegetable
2023-11-07 01:40:15,411 [s0-impl-thread1] TRACE util.FileUtils (LogUtils.java:runAndLog(49)) - Successfully ran Files.delete /tmp/ratis-tests/statemachine/s0/snapshot/1_255/deer
2023-11-07 01:40:15,411 [s0-impl-thread1] TRACE util.FileUtils (LogUtils.java:runAndLog(49)) - Successfully ran Files.delete /tmp/ratis-tests/statemachine/s0/snapshot/1_255/loves
2023-11-07 01:40:15,411 [s0-impl-thread1] TRACE util.FileUtils (LogUtils.java:runAndLog(49)) - Successfully ran Files.delete /tmp/ratis-tests/statemachine/s0/snapshot/1_255
2023-11-07 01:40:15,411 [s0-impl-thread1] TRACE util.FileUtils (LogUtils.java:runAndLog(49)) - Successfully ran Files.delete /tmp/ratis-tests/statemachine/s0/snapshot/1_127/vegetable
2023-11-07 01:40:15,411 [s0-impl-thread1] TRACE util.FileUtils (LogUtils.java:runAndLog(49)) - Successfully ran Files.delete /tmp/ratis-tests/statemachine/s0/snapshot/1_127/deer
2023-11-07 01:40:15,411 [s0-impl-thread1] TRACE util.FileUtils (LogUtils.java:runAndLog(49)) - Successfully ran Files.delete /tmp/ratis-tests/statemachine/s0/snapshot/1_127/loves
2023-11-07 01:40:15,412 [s0-impl-thread1] TRACE util.FileUtils (LogUtils.java:runAndLog(49)) - Successfully ran Files.delete /tmp/ratis-tests/statemachine/s0/snapshot/1_127
2023-11-07 01:40:15,412 [s0-impl-thread1] TRACE util.FileUtils (LogUtils.java:runAndLog(49)) - Successfully ran Files.delete /tmp/ratis-tests/statemachine/s0/snapshot/1_63/vegetable
2023-11-07 01:40:15,412 [s0-impl-thread1] TRACE util.FileUtils (LogUtils.java:runAndLog(49)) - Successfully ran Files.delete /tmp/ratis-tests/statemachine/s0/snapshot/1_63/deer
2023-11-07 01:40:15,412 [s0-impl-thread1] TRACE util.FileUtils (LogUtils.java:runAndLog(49)) - Successfully ran Files.delete /tmp/ratis-tests/statemachine/s0/snapshot/1_63/loves
2023-11-07 01:40:15,412 [s0-impl-thread1] TRACE util.FileUtils (LogUtils.java:runAndLog(49)) - Successfully ran Files.delete /tmp/ratis-tests/statemachine/s0/snapshot/1_63
2023-11-07 01:40:15,412 [s0-impl-thread1] TRACE util.FileUtils (LogUtils.java:runAndLog(49)) - Successfully ran Files.delete /tmp/ratis-tests/statemachine/s0/snapshot/1_191/vegetable
2023-11-07 01:40:15,412 [s0-impl-thread1] TRACE util.FileUtils (LogUtils.java:runAndLog(49)) - Successfully ran Files.delete /tmp/ratis-tests/statemachine/s0/snapshot/1_191/deer
2023-11-07 01:40:15,412 [s0-impl-thread1] TRACE util.FileUtils (LogUtils.java:runAndLog(49)) - Successfully ran Files.delete /tmp/ratis-tests/statemachine/s0/snapshot/1_191/loves
2023-11-07 01:40:15,412 [s0-impl-thread1] TRACE util.FileUtils (LogUtils.java:runAndLog(49)) - Successfully ran Files.delete /tmp/ratis-tests/statemachine/s0/snapshot/1_191
2023-11-07 01:40:15,412 [s0-impl-thread1] TRACE util.FileUtils (LogUtils.java:runAndLog(49)) - Successfully ran Files.delete /tmp/ratis-tests/statemachine/s0/snapshot/1_262/vegetable
2023-11-07 01:40:15,413 [s0-impl-thread1] TRACE util.FileUtils (LogUtils.java:runAndLog(49)) - Successfully ran Files.delete /tmp/ratis-tests/statemachine/s0/snapshot/1_262/deer
2023-11-07 01:40:15,413 [s0-impl-thread1] TRACE util.FileUtils (LogUtils.java:runAndLog(49)) - Successfully ran Files.delete /tmp/ratis-tests/statemachine/s0/snapshot/1_262/loves
2023-11-07 01:40:15,413 [s0-impl-thread1] TRACE util.FileUtils (LogUtils.java:runAndLog(49)) - Successfully ran Files.delete /tmp/ratis-tests/statemachine/s0/snapshot/1_262
2023-11-07 01:40:15,413 [s0-impl-thread1] TRACE util.FileUtils (LogUtils.java:runAndLog(49)) - Successfully ran Files.delete /tmp/ratis-tests/statemachine/s0/snapshot
2023-11-07 01:40:15,413 [s0-impl-thread1] TRACE util.FileUtils (LogUtils.java:runAndLog(49)) - Successfully ran Files.delete /tmp/ratis-tests/statemachine/s0
2023-11-07 01:40:15,413 [s0-impl-thread1] INFO  server.RaftServerConfigKeys (ConfUtils.java:logGet(46)) - raft.server.log.use.memory = false (default)
2023-11-07 01:40:15,413 [s0-impl-thread1] INFO  server.RaftServerConfigKeys (ConfUtils.java:logGet(46)) - raft.server.log.purge.gap = 8 (custom)
2023-11-07 01:40:15,413 [s0-impl-thread1] INFO  server.RaftServerConfigKeys (ConfUtils.java:logGet(46)) - raft.server.log.appender.buffer.byte-limit = 4MB (=4194304) (default)
2023-11-07 01:40:15,414 [s0-impl-thread1] INFO  server.RaftServerConfigKeys (ConfUtils.java:logGet(46)) - raft.server.log.statemachine.data.read.timeout = 1000ms (default)
2023-11-07 01:40:15,414 [s0-impl-thread1] INFO  server.RaftServerConfigKeys (ConfUtils.java:logGet(46)) - raft.server.log.purge.preservation.log.num = 0 (default)
2023-11-07 01:40:15,414 [s0-impl-thread1] INFO  server.RaftServerConfigKeys (ConfUtils.java:logGet(46)) - raft.server.log.segment.size.max = 32MB (=33554432) (default)
2023-11-07 01:40:15,414 [s0-impl-thread1] INFO  server.RaftServerConfigKeys (ConfUtils.java:logGet(46)) - raft.server.log.segment.cache.num.max = 6 (default)
2023-11-07 01:40:15,414 [s0-impl-thread1] INFO  server.RaftServerConfigKeys (ConfUtils.java:logGet(46)) - raft.server.log.segment.cache.size.max = 200MB (=209715200) (default)
2023-11-07 01:40:15,414 [s0-impl-thread1] INFO  server.RaftServerConfigKeys (ConfUtils.java:logGet(46)) - raft.server.log.appender.buffer.byte-limit = 4MB (=4194304) (default)
2023-11-07 01:40:15,418 [s0-impl-thread1] INFO  util.AwaitToRun (AwaitToRun.java:start(81)) - Thread[s0@group-F9544BEBFE50-cacheEviction-AwaitToRun,5,main] started
2023-11-07 01:40:15,419 [s0-impl-thread1] INFO  segmented.SegmentedRaftLogWorker (SegmentedRaftLogWorker.java:<init>(184)) - new s0@group-F9544BEBFE50-SegmentedRaftLogWorker for RaftStorageImpl:Storage Directory /home/runner/work/ratis/ratis/ratis-test/target/test/data/1674ca6a/MiniRaftClusterWithGrpc36950c6c/s0/d54660ea-d2ea-4cbf-b3e3-f9544bebfe50
2023-11-07 01:40:15,419 [s0-impl-thread1] INFO  server.RaftServerConfigKeys (ConfUtils.java:logGet(46)) - raft.server.log.queue.byte-limit = 64MB (=67108864) (default)
2023-11-07 01:40:15,419 [s0-impl-thread1] INFO  server.RaftServerConfigKeys (ConfUtils.java:logGet(46)) - raft.server.log.queue.element-limit = 4096 (default)
2023-11-07 01:40:15,419 [s0-impl-thread1] INFO  server.RaftServerConfigKeys (ConfUtils.java:logGet(46)) - raft.server.log.segment.size.max = 32MB (=33554432) (default)
2023-11-07 01:40:15,419 [s0-impl-thread1] INFO  server.RaftServerConfigKeys (ConfUtils.java:logGet(46)) - raft.server.log.preallocated.size = 4MB (=4194304) (default)
2023-11-07 01:40:15,419 [s0-impl-thread1] INFO  server.RaftServerConfigKeys (ConfUtils.java:logGet(46)) - raft.server.log.force.sync.num = 128 (default)
2023-11-07 01:40:15,419 [s0-impl-thread1] INFO  server.RaftServerConfigKeys (ConfUtils.java:logGet(46)) - raft.server.log.statemachine.data.sync = true (default)
2023-11-07 01:40:15,419 [s0-impl-thread1] INFO  server.RaftServerConfigKeys (ConfUtils.java:logGet(46)) - raft.server.log.statemachine.data.sync.timeout = 10s (default)
2023-11-07 01:40:15,419 [s0-impl-thread1] INFO  server.RaftServerConfigKeys (ConfUtils.java:logGet(46)) - raft.server.log.statemachine.data.sync.timeout.retry = -1 (default)
2023-11-07 01:40:15,419 [s0-impl-thread1] INFO  server.RaftServerConfigKeys (ConfUtils.java:logGet(46)) - raft.server.log.write.buffer.size = 64KB (=65536) (default)
2023-11-07 01:40:15,419 [s0-impl-thread1] INFO  server.RaftServerConfigKeys (ConfUtils.java:logGet(46)) - raft.server.log.appender.buffer.byte-limit = 4MB (=4194304) (default)
2023-11-07 01:40:15,420 [s0-impl-thread1] INFO  server.RaftServerConfigKeys (ConfUtils.java:logGet(46)) - raft.server.log.unsafe-flush.enabled = false (default)
2023-11-07 01:40:15,420 [s0-impl-thread1] INFO  server.RaftServerConfigKeys (ConfUtils.java:logGet(46)) - raft.server.log.async-flush.enabled = false (default)
2023-11-07 01:40:15,420 [s0-impl-thread1] INFO  server.RaftServerConfigKeys (ConfUtils.java:logGet(46)) - raft.server.log.statemachine.data.caching.enabled = false (default)
2023-11-07 01:40:15,420 [s0-impl-thread1] INFO  segmented.SegmentedRaftLogWorker (SegmentedRaftLogWorker.java:lambda$new$0(135)) - s0@group-F9544BEBFE50-SegmentedRaftLogWorker: flushIndex: setUnconditionally 0 -> -1
2023-11-07 01:40:15,421 [s0-impl-thread1] INFO  segmented.SegmentedRaftLogWorker (SegmentedRaftLogWorker.java:lambda$new$0(135)) - s0@group-F9544BEBFE50-SegmentedRaftLogWorker: safeCacheEvictIndex: setUnconditionally 0 -> -1
2023-11-07 01:40:15,421 [s0-impl-thread1] INFO  server.RaftServer$Division (RaftServerImpl.java:start(390)) - s0@group-F9544BEBFE50: start as a follower, conf=-1: peers:[s0|localhost:43653]|listeners:[], old=null
2023-11-07 01:40:15,421 [s0-impl-thread1] INFO  server.RaftServer$Division (RaftServerImpl.java:setRole(377)) - s0@group-F9544BEBFE50: changes role from      null to FOLLOWER at term 0 for startAsFollower
2023-11-07 01:40:15,421 [s0-impl-thread1] INFO  impl.RoleInfo (RoleInfo.java:updateAndGet(139)) - s0: start s0@group-F9544BEBFE50-FollowerState
2023-11-07 01:40:15,421 [s0-impl-thread1] INFO  util.JmxRegister (JmxRegister.java:tryRegister(44)) - Successfully registered JMX Bean with object name Ratis:service=RaftServer,group=group-F9544BEBFE50,id=s0
2023-11-07 01:40:15,422 [s0-impl-thread1] INFO  server.RaftServerConfigKeys (ConfUtils.java:logGet(46)) - raft.server.snapshot.trigger-when-stop.enabled = true (default)
2023-11-07 01:40:15,422 [s0-impl-thread1] INFO  server.RaftServerConfigKeys (ConfUtils.java:logGet(46)) - raft.server.snapshot.auto.trigger.enabled = true (custom)
2023-11-07 01:40:15,422 [s0-impl-thread1] INFO  server.RaftServerConfigKeys (ConfUtils.java:logGet(46)) - raft.server.snapshot.auto.trigger.threshold = 64 (custom)
2023-11-07 01:40:15,422 [s0-impl-thread1] INFO  server.RaftServerConfigKeys (ConfUtils.java:logGet(46)) - raft.server.snapshot.retention.file.num = -1 (default)
2023-11-07 01:40:15,422 [s0-impl-thread1] INFO  server.RaftServerConfigKeys (ConfUtils.java:logGet(46)) - raft.server.log.purge.upto.snapshot.index = false (default)
2023-11-07 01:40:15,422 [s0@group-F9544BEBFE50-FollowerState] INFO  server.RaftServerConfigKeys (ConfUtils.java:logFallback(53)) - raft.server.rpc.first-election.timeout.min = 150ms (fallback to raft.server.rpc.timeout.min)
2023-11-07 01:40:15,422 [s0@group-F9544BEBFE50-FollowerState] INFO  server.RaftServerConfigKeys (ConfUtils.java:logFallback(53)) - raft.server.rpc.first-election.timeout.max = 300ms (fallback to raft.server.rpc.timeout.max)
2023-11-07 01:40:15,422 [Time-limited test] INFO  server.RaftServer (RaftServerProxy.java:startImpl(406)) - s0: start RPC server
2023-11-07 01:40:15,424 [Time-limited test] INFO  server.GrpcService (GrpcService.java:startImpl(302)) - s0: GrpcService started, listening on 34411
2023-11-07 01:40:15,425 [Time-limited test] INFO  server.GrpcService (GrpcService.java:startImpl(302)) - s0: GrpcService started, listening on 43653
2023-11-07 01:40:15,426 [Time-limited test] INFO  server.GrpcService (GrpcService.java:startImpl(302)) - s0: GrpcService started, listening on 42967
2023-11-07 01:40:15,427 [JvmPauseMonitor9] INFO  util.JvmPauseMonitor (JvmPauseMonitor.java:run(146)) - JvmPauseMonitor-s0: Started
2023-11-07 01:40:15,428 [Time-limited test] INFO  server.RaftServerConfigKeys (ConfUtils.java:logGet(46)) - raft.server.rpc.timeout.max = 300ms (default)
2023-11-07 01:40:15,428 [Time-limited test] INFO  ratis.RaftTestUtil (RaftTestUtil.java:waitForLeader(100)) - printing ALL groups
  s0:  RUNNING  FOLLOWER s0@group-F9544BEBFE50:t0, leader=null, voted=, raftlog=Memoized:s0@group-F9544BEBFE50-SegmentedRaftLog:OPENED:c-1, conf=-1: peers:[s0|localhost:43653]|listeners:[], old=null RUNNING
2023-11-07 01:40:15,428 [Time-limited test] WARN  ratis.RaftTestUtil (JavaUtils.java:attempt(223)) - FAILED "waitForLeader-null-(expectLeader? true)", attempt #1/100: java.lang.IllegalStateException: No leader yet : printing ALL groups
  s0:  RUNNING  FOLLOWER s0@group-F9544BEBFE50:t0, leader=null, voted=, raftlog=Memoized:s0@group-F9544BEBFE50-SegmentedRaftLog:OPENED:c-1, conf=-1: peers:[s0|localhost:43653]|listeners:[], old=null RUNNING, sleep 450ms and then retry.
java.lang.IllegalStateException: No leader yet : printing ALL groups
  s0:  RUNNING  FOLLOWER s0@group-F9544BEBFE50:t0, leader=null, voted=, raftlog=Memoized:s0@group-F9544BEBFE50-SegmentedRaftLog:OPENED:c-1, conf=-1: peers:[s0|localhost:43653]|listeners:[], old=null RUNNING
	at org.apache.ratis.server.impl.MiniRaftCluster.newIllegalStateExceptionForNoLeaders(MiniRaftCluster.java:581)
	at org.apache.ratis.RaftTestUtil.lambda$waitForLeader$1(RaftTestUtil.java:104)
	at org.apache.ratis.server.impl.MiniRaftCluster.getLeader(MiniRaftCluster.java:615)
	at org.apache.ratis.server.impl.MiniRaftCluster.getLeader(MiniRaftCluster.java:608)
	at org.apache.ratis.RaftTestUtil.lambda$waitForLeader$3(RaftTestUtil.java:112)
	at org.apache.ratis.util.JavaUtils.attempt(JavaUtils.java:217)
	at org.apache.ratis.util.JavaUtils.attemptRepeatedly(JavaUtils.java:203)
	at org.apache.ratis.RaftTestUtil.waitForLeader(RaftTestUtil.java:111)
	at org.apache.ratis.RaftTestUtil.waitForLeader(RaftTestUtil.java:92)
	at org.apache.ratis.RaftTestUtil.waitForLeader(RaftTestUtil.java:87)
	at org.apache.ratis.InstallSnapshotFromLeaderTests.testMultiFileInstallSnapshot(InstallSnapshotFromLeaderTests.java:95)
	at org.apache.ratis.server.impl.MiniRaftCluster$Factory$Get.runWithNewCluster(MiniRaftCluster.java:141)
	at org.apache.ratis.server.impl.MiniRaftCluster$Factory$Get.runWithNewCluster(MiniRaftCluster.java:121)
	at org.apache.ratis.InstallSnapshotFromLeaderTests.testSeparateSnapshotInstallPath(InstallSnapshotFromLeaderTests.java:89)
	at java.base/jdk.internal.reflect.NativeMethodAccessorImpl.invoke0(Native Method)
	at java.base/jdk.internal.reflect.NativeMethodAccessorImpl.invoke(NativeMethodAccessorImpl.java:62)
	at java.base/jdk.internal.reflect.DelegatingMethodAccessorImpl.invoke(DelegatingMethodAccessorImpl.java:43)
	at java.base/java.lang.reflect.Method.invoke(Method.java:566)
	at org.junit.runners.model.FrameworkMethod$1.runReflectiveCall(FrameworkMethod.java:59)
	at org.junit.internal.runners.model.ReflectiveCallable.run(ReflectiveCallable.java:12)
	at org.junit.runners.model.FrameworkMethod.invokeExplosively(FrameworkMethod.java:56)
	at org.junit.internal.runners.statements.InvokeMethod.evaluate(InvokeMethod.java:17)
	at org.junit.internal.runners.statements.RunAfters.evaluate(RunAfters.java:27)
	at org.junit.internal.runners.statements.FailOnTimeout$CallableStatement.call(FailOnTimeout.java:299)
	at org.junit.internal.runners.statements.FailOnTimeout$CallableStatement.call(FailOnTimeout.java:293)
	at java.base/java.util.concurrent.FutureTask.run(FutureTask.java:264)
	at java.base/java.lang.Thread.run(Thread.java:829)
2023-11-07 01:40:15,638 [s0@group-F9544BEBFE50-FollowerState] INFO  impl.FollowerState (FollowerState.java:run(143)) - s0@group-F9544BEBFE50-FollowerState: change to CANDIDATE, lastRpcElapsedTime:217428176ns, electionTimeout:216ms
2023-11-07 01:40:15,639 [s0@group-F9544BEBFE50-FollowerState] INFO  impl.RoleInfo (RoleInfo.java:shutdownFollowerState(110)) - s0: shutdown s0@group-F9544BEBFE50-FollowerState
2023-11-07 01:40:15,639 [s0@group-F9544BEBFE50-FollowerState] INFO  server.RaftServer$Division (RaftServerImpl.java:setRole(377)) - s0@group-F9544BEBFE50: changes role from  FOLLOWER to CANDIDATE at term 0 for changeToCandidate
2023-11-07 01:40:15,639 [s0@group-F9544BEBFE50-FollowerState] INFO  server.RaftServerConfigKeys (ConfUtils.java:logGet(46)) - raft.server.leaderelection.pre-vote = true (default)
2023-11-07 01:40:15,639 [s0@group-F9544BEBFE50-FollowerState] INFO  impl.RoleInfo (RoleInfo.java:updateAndGet(139)) - s0: start s0@group-F9544BEBFE50-LeaderElection4
2023-11-07 01:40:15,640 [s0@group-F9544BEBFE50-LeaderElection4] INFO  impl.LeaderElection (LeaderElection.java:askForVotes(323)) - s0@group-F9544BEBFE50-LeaderElection4 PRE_VOTE round 0: submit vote requests at term 0 for -1: peers:[s0|localhost:43653]|listeners:[], old=null
2023-11-07 01:40:15,640 [s0@group-F9544BEBFE50-LeaderElection4] INFO  impl.LeaderElection (LeaderElection.java:askForVotes(325)) - s0@group-F9544BEBFE50-LeaderElection4 PRE_VOTE round 0: result PASSED (term=0)
2023-11-07 01:40:15,640 [s0@group-F9544BEBFE50-LeaderElection4] TRACE util.FileUtils (LogUtils.java:supplyAndLog(69)) - Successfully supplied FileChannel.open /home/runner/work/ratis/ratis/ratis-test/target/test/data/1674ca6a/MiniRaftClusterWithGrpc36950c6c/s0/d54660ea-d2ea-4cbf-b3e3-f9544bebfe50/current/raft-meta.tmp with options [CREATE, WRITE]: sun.nio.ch.FileChannelImpl@20b66579
2023-11-07 01:40:15,642 [s0@group-F9544BEBFE50-LeaderElection4] TRACE util.FileUtils (LogUtils.java:runAndLog(49)) - Successfully ran Atomic Files.move /home/runner/work/ratis/ratis/ratis-test/target/test/data/1674ca6a/MiniRaftClusterWithGrpc36950c6c/s0/d54660ea-d2ea-4cbf-b3e3-f9544bebfe50/current/raft-meta.tmp to /home/runner/work/ratis/ratis/ratis-test/target/test/data/1674ca6a/MiniRaftClusterWithGrpc36950c6c/s0/d54660ea-d2ea-4cbf-b3e3-f9544bebfe50/current/raft-meta with options [REPLACE_EXISTING]
2023-11-07 01:40:15,642 [s0@group-F9544BEBFE50-LeaderElection4] INFO  impl.LeaderElection (LeaderElection.java:askForVotes(323)) - s0@group-F9544BEBFE50-LeaderElection4 ELECTION round 0: submit vote requests at term 1 for -1: peers:[s0|localhost:43653]|listeners:[], old=null
2023-11-07 01:40:15,642 [s0@group-F9544BEBFE50-LeaderElection4] INFO  impl.LeaderElection (LeaderElection.java:askForVotes(325)) - s0@group-F9544BEBFE50-LeaderElection4 ELECTION round 0: result PASSED (term=1)
2023-11-07 01:40:15,642 [s0@group-F9544BEBFE50-LeaderElection4] INFO  impl.RoleInfo (RoleInfo.java:shutdownLeaderElection(130)) - s0: shutdown s0@group-F9544BEBFE50-LeaderElection4
2023-11-07 01:40:15,642 [s0@group-F9544BEBFE50-LeaderElection4] INFO  server.RaftServer$Division (RaftServerImpl.java:setRole(377)) - s0@group-F9544BEBFE50: changes role from CANDIDATE to LEADER at term 1 for changeToLeader
2023-11-07 01:40:15,642 [s0@group-F9544BEBFE50-LeaderElection4] INFO  server.RaftServerConfigKeys (ConfUtils.java:logGet(46)) - raft.server.staging.catchup.gap = 1000 (default)
2023-11-07 01:40:15,643 [s0@group-F9544BEBFE50-LeaderElection4] INFO  server.RaftServerConfigKeys (ConfUtils.java:logGet(46)) - raft.server.write.element-limit = 4096 (default)
2023-11-07 01:40:15,643 [s0@group-F9544BEBFE50-LeaderElection4] INFO  server.RaftServerConfigKeys (ConfUtils.java:logGet(46)) - raft.server.write.byte-limit = 64MB (=67108864) (default)
2023-11-07 01:40:15,643 [s0@group-F9544BEBFE50-LeaderElection4] INFO  server.RaftServerConfigKeys (ConfUtils.java:logGet(46)) - raft.server.watch.timeout = 10s (default)
2023-11-07 01:40:15,643 [s0@group-F9544BEBFE50-LeaderElection4] INFO  server.RaftServerConfigKeys (ConfUtils.java:logGet(46)) - raft.server.watch.timeout.denomination = 1s (default)
2023-11-07 01:40:15,643 [s0@group-F9544BEBFE50-LeaderElection4] INFO  server.RaftServerConfigKeys (ConfUtils.java:logGet(46)) - raft.server.watch.element-limit = 65536 (default)
2023-11-07 01:40:15,643 [s0@group-F9544BEBFE50-LeaderElection4] INFO  server.RaftServerConfigKeys (ConfUtils.java:logGet(46)) - raft.server.read.leader.lease.enabled = false (default)
2023-11-07 01:40:15,643 [s0@group-F9544BEBFE50-LeaderElection4] INFO  server.RaftServerConfigKeys (ConfUtils.java:logGet(46)) - raft.server.read.leader.lease.timeout.ratio = 0.9 (default)
2023-11-07 01:40:15,643 [s0@group-F9544BEBFE50-LeaderElection4] INFO  server.RaftServerConfigKeys (ConfUtils.java:logGet(46)) - raft.server.rpc.timeout.min = 150ms (default)
2023-11-07 01:40:15,643 [s0@group-F9544BEBFE50-LeaderElection4] INFO  server.RaftServerConfigKeys (ConfUtils.java:logGet(46)) - raft.server.write.element-limit = 4096 (default)
2023-11-07 01:40:15,643 [s0@group-F9544BEBFE50-LeaderElection4] INFO  server.RaftServerConfigKeys (ConfUtils.java:logGet(46)) - raft.server.write.follower.gap.ratio.max = -1.0 (default)
2023-11-07 01:40:15,644 [s0@group-F9544BEBFE50-LeaderElection4] INFO  impl.RoleInfo (RoleInfo.java:updateAndGet(139)) - s0: start s0@group-F9544BEBFE50-LeaderStateImpl
2023-11-07 01:40:15,644 [s0@group-F9544BEBFE50-LeaderElection4] INFO  server.RaftServer$Division (RaftServerImpl.java:setFirstElection(562)) - s0@group-F9544BEBFE50: set firstElectionSinceStartup to false for becomeLeader
2023-11-07 01:40:15,644 [s0@group-F9544BEBFE50-LeaderElection4] INFO  server.RaftServer$Division (ServerState.java:setLeader(265)) - s0@group-F9544BEBFE50: change Leader from null to s0 at term 1 for becomeLeader, leader elected after 240ms
2023-11-07 01:40:15,644 [s0@group-F9544BEBFE50-LeaderElection4] INFO  segmented.SegmentedRaftLogWorker (SegmentedRaftLogWorker.java:startLogSegment(428)) - s0@group-F9544BEBFE50-SegmentedRaftLogWorker: Starting segment from index:0
2023-11-07 01:40:15,644 [s0@group-F9544BEBFE50-LeaderElection4] INFO  server.RaftServer$Division (ServerState.java:setRaftConf(382)) - s0@group-F9544BEBFE50: set configuration 0: peers:[s0|localhost:43653]|listeners:[], old=null
2023-11-07 01:40:15,655 [s0@group-F9544BEBFE50-SegmentedRaftLogWorker] INFO  segmented.SegmentedRaftLogWorker (SegmentedRaftLogWorker.java:execute(632)) - s0@group-F9544BEBFE50-SegmentedRaftLogWorker: created new log segment /home/runner/work/ratis/ratis/ratis-test/target/test/data/1674ca6a/MiniRaftClusterWithGrpc36950c6c/s0/d54660ea-d2ea-4cbf-b3e3-f9544bebfe50/current/log_inprogress_0
2023-11-07 01:40:15,656 [s0@group-F9544BEBFE50-StateMachineUpdater] INFO  server.RaftServer$Division (LeaderStateImpl.java:isApplied(316)) - leader is ready since appliedIndex == 0 >= startIndex == 0
2023-11-07 01:40:15,879 [Time-limited test] INFO  ratis.RaftTestUtil (RaftTestUtil.java:waitForLeader(119)) - printing ALL groups
  s0:  RUNNING    LEADER s0@group-F9544BEBFE50:t1, leader=s0, voted=s0, raftlog=Memoized:s0@group-F9544BEBFE50-SegmentedRaftLog:OPENED:c0, conf=0: peers:[s0|localhost:43653]|listeners:[], old=null RUNNING
2023-11-07 01:40:15,888 [s0@group-F9544BEBFE50-StateMachineUpdater] INFO  impl.SimpleStateMachine4Testing (SimpleStateMachine4Testing.java:applyTransaction(248)) - applyTransaction for log index 1
2023-11-07 01:40:15,888 [s0@group-F9544BEBFE50-StateMachineUpdater] INFO  impl.SimpleStateMachine4Testing (SimpleStateMachine4Testing.java:put(205)) - s0: put 1, m0 -> (t:1, i:1), STATEMACHINELOGENTRY, 391@client-228C6D0CB344
2023-11-07 01:40:15,893 [s0@group-F9544BEBFE50-StateMachineUpdater] INFO  impl.SimpleStateMachine4Testing (SimpleStateMachine4Testing.java:applyTransaction(248)) - applyTransaction for log index 3
2023-11-07 01:40:15,893 [s0@group-F9544BEBFE50-StateMachineUpdater] INFO  impl.SimpleStateMachine4Testing (SimpleStateMachine4Testing.java:put(205)) - s0: put 3, m1 -> (t:1, i:3), STATEMACHINELOGENTRY, 392@client-228C6D0CB344
2023-11-07 01:40:15,896 [s0@group-F9544BEBFE50-StateMachineUpdater] INFO  impl.SimpleStateMachine4Testing (SimpleStateMachine4Testing.java:applyTransaction(248)) - applyTransaction for log index 5
2023-11-07 01:40:15,896 [s0@group-F9544BEBFE50-StateMachineUpdater] INFO  impl.SimpleStateMachine4Testing (SimpleStateMachine4Testing.java:put(205)) - s0: put 5, m2 -> (t:1, i:5), STATEMACHINELOGENTRY, 393@client-228C6D0CB344
2023-11-07 01:40:15,900 [s0@group-F9544BEBFE50-StateMachineUpdater] INFO  impl.SimpleStateMachine4Testing (SimpleStateMachine4Testing.java:applyTransaction(248)) - applyTransaction for log index 7
2023-11-07 01:40:15,900 [s0@group-F9544BEBFE50-StateMachineUpdater] INFO  impl.SimpleStateMachine4Testing (SimpleStateMachine4Testing.java:put(205)) - s0: put 7, m3 -> (t:1, i:7), STATEMACHINELOGENTRY, 394@client-228C6D0CB344
2023-11-07 01:40:15,902 [s0@group-F9544BEBFE50-StateMachineUpdater] INFO  impl.SimpleStateMachine4Testing (SimpleStateMachine4Testing.java:applyTransaction(248)) - applyTransaction for log index 9
2023-11-07 01:40:15,903 [s0@group-F9544BEBFE50-StateMachineUpdater] INFO  impl.SimpleStateMachine4Testing (SimpleStateMachine4Testing.java:put(205)) - s0: put 9, m4 -> (t:1, i:9), STATEMACHINELOGENTRY, 395@client-228C6D0CB344
2023-11-07 01:40:15,905 [s0@group-F9544BEBFE50-StateMachineUpdater] INFO  impl.SimpleStateMachine4Testing (SimpleStateMachine4Testing.java:applyTransaction(248)) - applyTransaction for log index 11
2023-11-07 01:40:15,906 [s0@group-F9544BEBFE50-StateMachineUpdater] INFO  impl.SimpleStateMachine4Testing (SimpleStateMachine4Testing.java:put(205)) - s0: put 11, m5 -> (t:1, i:11), STATEMACHINELOGENTRY, 396@client-228C6D0CB344
2023-11-07 01:40:15,908 [s0@group-F9544BEBFE50-StateMachineUpdater] INFO  impl.SimpleStateMachine4Testing (SimpleStateMachine4Testing.java:applyTransaction(248)) - applyTransaction for log index 13
2023-11-07 01:40:15,908 [s0@group-F9544BEBFE50-StateMachineUpdater] INFO  impl.SimpleStateMachine4Testing (SimpleStateMachine4Testing.java:put(205)) - s0: put 13, m6 -> (t:1, i:13), STATEMACHINELOGENTRY, 397@client-228C6D0CB344
2023-11-07 01:40:15,910 [s0@group-F9544BEBFE50-StateMachineUpdater] INFO  impl.SimpleStateMachine4Testing (SimpleStateMachine4Testing.java:applyTransaction(248)) - applyTransaction for log index 15
2023-11-07 01:40:15,911 [s0@group-F9544BEBFE50-StateMachineUpdater] INFO  impl.SimpleStateMachine4Testing (SimpleStateMachine4Testing.java:put(205)) - s0: put 15, m7 -> (t:1, i:15), STATEMACHINELOGENTRY, 398@client-228C6D0CB344
2023-11-07 01:40:15,913 [s0@group-F9544BEBFE50-StateMachineUpdater] INFO  impl.SimpleStateMachine4Testing (SimpleStateMachine4Testing.java:applyTransaction(248)) - applyTransaction for log index 17
2023-11-07 01:40:15,913 [s0@group-F9544BEBFE50-StateMachineUpdater] INFO  impl.SimpleStateMachine4Testing (SimpleStateMachine4Testing.java:put(205)) - s0: put 17, m8 -> (t:1, i:17), STATEMACHINELOGENTRY, 399@client-228C6D0CB344
2023-11-07 01:40:15,916 [s0@group-F9544BEBFE50-StateMachineUpdater] INFO  impl.SimpleStateMachine4Testing (SimpleStateMachine4Testing.java:applyTransaction(248)) - applyTransaction for log index 19
2023-11-07 01:40:15,916 [s0@group-F9544BEBFE50-StateMachineUpdater] INFO  impl.SimpleStateMachine4Testing (SimpleStateMachine4Testing.java:put(205)) - s0: put 19, m9 -> (t:1, i:19), STATEMACHINELOGENTRY, 400@client-228C6D0CB344
2023-11-07 01:40:15,918 [s0@group-F9544BEBFE50-StateMachineUpdater] INFO  impl.SimpleStateMachine4Testing (SimpleStateMachine4Testing.java:applyTransaction(248)) - applyTransaction for log index 21
2023-11-07 01:40:15,918 [s0@group-F9544BEBFE50-StateMachineUpdater] INFO  impl.SimpleStateMachine4Testing (SimpleStateMachine4Testing.java:put(205)) - s0: put 21, m10 -> (t:1, i:21), STATEMACHINELOGENTRY, 401@client-228C6D0CB344
2023-11-07 01:40:15,921 [s0@group-F9544BEBFE50-StateMachineUpdater] INFO  impl.SimpleStateMachine4Testing (SimpleStateMachine4Testing.java:applyTransaction(248)) - applyTransaction for log index 23
2023-11-07 01:40:15,921 [s0@group-F9544BEBFE50-StateMachineUpdater] INFO  impl.SimpleStateMachine4Testing (SimpleStateMachine4Testing.java:put(205)) - s0: put 23, m11 -> (t:1, i:23), STATEMACHINELOGENTRY, 402@client-228C6D0CB344
2023-11-07 01:40:15,923 [s0@group-F9544BEBFE50-StateMachineUpdater] INFO  impl.SimpleStateMachine4Testing (SimpleStateMachine4Testing.java:applyTransaction(248)) - applyTransaction for log index 25
2023-11-07 01:40:15,924 [s0@group-F9544BEBFE50-StateMachineUpdater] INFO  impl.SimpleStateMachine4Testing (SimpleStateMachine4Testing.java:put(205)) - s0: put 25, m12 -> (t:1, i:25), STATEMACHINELOGENTRY, 403@client-228C6D0CB344
2023-11-07 01:40:15,926 [s0@group-F9544BEBFE50-StateMachineUpdater] INFO  impl.SimpleStateMachine4Testing (SimpleStateMachine4Testing.java:applyTransaction(248)) - applyTransaction for log index 27
2023-11-07 01:40:15,926 [s0@group-F9544BEBFE50-StateMachineUpdater] INFO  impl.SimpleStateMachine4Testing (SimpleStateMachine4Testing.java:put(205)) - s0: put 27, m13 -> (t:1, i:27), STATEMACHINELOGENTRY, 404@client-228C6D0CB344
2023-11-07 01:40:15,928 [s0@group-F9544BEBFE50-StateMachineUpdater] INFO  impl.SimpleStateMachine4Testing (SimpleStateMachine4Testing.java:applyTransaction(248)) - applyTransaction for log index 29
2023-11-07 01:40:15,928 [s0@group-F9544BEBFE50-StateMachineUpdater] INFO  impl.SimpleStateMachine4Testing (SimpleStateMachine4Testing.java:put(205)) - s0: put 29, m14 -> (t:1, i:29), STATEMACHINELOGENTRY, 405@client-228C6D0CB344
2023-11-07 01:40:15,931 [s0@group-F9544BEBFE50-StateMachineUpdater] INFO  impl.SimpleStateMachine4Testing (SimpleStateMachine4Testing.java:applyTransaction(248)) - applyTransaction for log index 31
2023-11-07 01:40:15,931 [s0@group-F9544BEBFE50-StateMachineUpdater] INFO  impl.SimpleStateMachine4Testing (SimpleStateMachine4Testing.java:put(205)) - s0: put 31, m15 -> (t:1, i:31), STATEMACHINELOGENTRY, 406@client-228C6D0CB344
2023-11-07 01:40:15,933 [s0@group-F9544BEBFE50-StateMachineUpdater] INFO  impl.SimpleStateMachine4Testing (SimpleStateMachine4Testing.java:applyTransaction(248)) - applyTransaction for log index 33
2023-11-07 01:40:15,933 [s0@group-F9544BEBFE50-StateMachineUpdater] INFO  impl.SimpleStateMachine4Testing (SimpleStateMachine4Testing.java:put(205)) - s0: put 33, m16 -> (t:1, i:33), STATEMACHINELOGENTRY, 407@client-228C6D0CB344
2023-11-07 01:40:15,936 [s0@group-F9544BEBFE50-StateMachineUpdater] INFO  impl.SimpleStateMachine4Testing (SimpleStateMachine4Testing.java:applyTransaction(248)) - applyTransaction for log index 35
2023-11-07 01:40:15,936 [s0@group-F9544BEBFE50-StateMachineUpdater] INFO  impl.SimpleStateMachine4Testing (SimpleStateMachine4Testing.java:put(205)) - s0: put 35, m17 -> (t:1, i:35), STATEMACHINELOGENTRY, 408@client-228C6D0CB344
2023-11-07 01:40:15,938 [s0@group-F9544BEBFE50-StateMachineUpdater] INFO  impl.SimpleStateMachine4Testing (SimpleStateMachine4Testing.java:applyTransaction(248)) - applyTransaction for log index 37
2023-11-07 01:40:15,938 [s0@group-F9544BEBFE50-StateMachineUpdater] INFO  impl.SimpleStateMachine4Testing (SimpleStateMachine4Testing.java:put(205)) - s0: put 37, m18 -> (t:1, i:37), STATEMACHINELOGENTRY, 409@client-228C6D0CB344
2023-11-07 01:40:15,941 [s0@group-F9544BEBFE50-StateMachineUpdater] INFO  impl.SimpleStateMachine4Testing (SimpleStateMachine4Testing.java:applyTransaction(248)) - applyTransaction for log index 39
2023-11-07 01:40:15,941 [s0@group-F9544BEBFE50-StateMachineUpdater] INFO  impl.SimpleStateMachine4Testing (SimpleStateMachine4Testing.java:put(205)) - s0: put 39, m19 -> (t:1, i:39), STATEMACHINELOGENTRY, 410@client-228C6D0CB344
2023-11-07 01:40:15,944 [s0@group-F9544BEBFE50-StateMachineUpdater] INFO  impl.SimpleStateMachine4Testing (SimpleStateMachine4Testing.java:applyTransaction(248)) - applyTransaction for log index 41
2023-11-07 01:40:15,944 [s0@group-F9544BEBFE50-StateMachineUpdater] INFO  impl.SimpleStateMachine4Testing (SimpleStateMachine4Testing.java:put(205)) - s0: put 41, m20 -> (t:1, i:41), STATEMACHINELOGENTRY, 411@client-228C6D0CB344
2023-11-07 01:40:15,947 [s0@group-F9544BEBFE50-StateMachineUpdater] INFO  impl.SimpleStateMachine4Testing (SimpleStateMachine4Testing.java:applyTransaction(248)) - applyTransaction for log index 43
2023-11-07 01:40:15,947 [s0@group-F9544BEBFE50-StateMachineUpdater] INFO  impl.SimpleStateMachine4Testing (SimpleStateMachine4Testing.java:put(205)) - s0: put 43, m21 -> (t:1, i:43), STATEMACHINELOGENTRY, 412@client-228C6D0CB344
2023-11-07 01:40:15,949 [s0@group-F9544BEBFE50-StateMachineUpdater] INFO  impl.SimpleStateMachine4Testing (SimpleStateMachine4Testing.java:applyTransaction(248)) - applyTransaction for log index 45
2023-11-07 01:40:15,949 [s0@group-F9544BEBFE50-StateMachineUpdater] INFO  impl.SimpleStateMachine4Testing (SimpleStateMachine4Testing.java:put(205)) - s0: put 45, m22 -> (t:1, i:45), STATEMACHINELOGENTRY, 413@client-228C6D0CB344
2023-11-07 01:40:15,952 [s0@group-F9544BEBFE50-StateMachineUpdater] INFO  impl.SimpleStateMachine4Testing (SimpleStateMachine4Testing.java:applyTransaction(248)) - applyTransaction for log index 47
2023-11-07 01:40:15,952 [s0@group-F9544BEBFE50-StateMachineUpdater] INFO  impl.SimpleStateMachine4Testing (SimpleStateMachine4Testing.java:put(205)) - s0: put 47, m23 -> (t:1, i:47), STATEMACHINELOGENTRY, 414@client-228C6D0CB344
2023-11-07 01:40:15,954 [s0@group-F9544BEBFE50-StateMachineUpdater] INFO  impl.SimpleStateMachine4Testing (SimpleStateMachine4Testing.java:applyTransaction(248)) - applyTransaction for log index 49
2023-11-07 01:40:15,954 [s0@group-F9544BEBFE50-StateMachineUpdater] INFO  impl.SimpleStateMachine4Testing (SimpleStateMachine4Testing.java:put(205)) - s0: put 49, m24 -> (t:1, i:49), STATEMACHINELOGENTRY, 415@client-228C6D0CB344
2023-11-07 01:40:15,956 [s0@group-F9544BEBFE50-StateMachineUpdater] INFO  impl.SimpleStateMachine4Testing (SimpleStateMachine4Testing.java:applyTransaction(248)) - applyTransaction for log index 51
2023-11-07 01:40:15,957 [s0@group-F9544BEBFE50-StateMachineUpdater] INFO  impl.SimpleStateMachine4Testing (SimpleStateMachine4Testing.java:put(205)) - s0: put 51, m25 -> (t:1, i:51), STATEMACHINELOGENTRY, 416@client-228C6D0CB344
2023-11-07 01:40:15,959 [s0@group-F9544BEBFE50-StateMachineUpdater] INFO  impl.SimpleStateMachine4Testing (SimpleStateMachine4Testing.java:applyTransaction(248)) - applyTransaction for log index 53
2023-11-07 01:40:15,959 [s0@group-F9544BEBFE50-StateMachineUpdater] INFO  impl.SimpleStateMachine4Testing (SimpleStateMachine4Testing.java:put(205)) - s0: put 53, m26 -> (t:1, i:53), STATEMACHINELOGENTRY, 417@client-228C6D0CB344
2023-11-07 01:40:15,962 [s0@group-F9544BEBFE50-StateMachineUpdater] INFO  impl.SimpleStateMachine4Testing (SimpleStateMachine4Testing.java:applyTransaction(248)) - applyTransaction for log index 55
2023-11-07 01:40:15,962 [s0@group-F9544BEBFE50-StateMachineUpdater] INFO  impl.SimpleStateMachine4Testing (SimpleStateMachine4Testing.java:put(205)) - s0: put 55, m27 -> (t:1, i:55), STATEMACHINELOGENTRY, 418@client-228C6D0CB344
2023-11-07 01:40:15,964 [s0@group-F9544BEBFE50-StateMachineUpdater] INFO  impl.SimpleStateMachine4Testing (SimpleStateMachine4Testing.java:applyTransaction(248)) - applyTransaction for log index 57
2023-11-07 01:40:15,964 [s0@group-F9544BEBFE50-StateMachineUpdater] INFO  impl.SimpleStateMachine4Testing (SimpleStateMachine4Testing.java:put(205)) - s0: put 57, m28 -> (t:1, i:57), STATEMACHINELOGENTRY, 419@client-228C6D0CB344
2023-11-07 01:40:15,967 [s0@group-F9544BEBFE50-StateMachineUpdater] INFO  impl.SimpleStateMachine4Testing (SimpleStateMachine4Testing.java:applyTransaction(248)) - applyTransaction for log index 59
2023-11-07 01:40:15,967 [s0@group-F9544BEBFE50-StateMachineUpdater] INFO  impl.SimpleStateMachine4Testing (SimpleStateMachine4Testing.java:put(205)) - s0: put 59, m29 -> (t:1, i:59), STATEMACHINELOGENTRY, 420@client-228C6D0CB344
2023-11-07 01:40:15,969 [s0@group-F9544BEBFE50-StateMachineUpdater] INFO  impl.SimpleStateMachine4Testing (SimpleStateMachine4Testing.java:applyTransaction(248)) - applyTransaction for log index 61
2023-11-07 01:40:15,969 [s0@group-F9544BEBFE50-StateMachineUpdater] INFO  impl.SimpleStateMachine4Testing (SimpleStateMachine4Testing.java:put(205)) - s0: put 61, m30 -> (t:1, i:61), STATEMACHINELOGENTRY, 421@client-228C6D0CB344
2023-11-07 01:40:15,972 [s0@group-F9544BEBFE50-StateMachineUpdater] INFO  impl.SimpleStateMachine4Testing (SimpleStateMachine4Testing.java:applyTransaction(248)) - applyTransaction for log index 63
2023-11-07 01:40:15,972 [s0@group-F9544BEBFE50-StateMachineUpdater] INFO  impl.SimpleStateMachine4Testing (SimpleStateMachine4Testing.java:put(205)) - s0: put 63, m31 -> (t:1, i:63), STATEMACHINELOGENTRY, 422@client-228C6D0CB344
2023-11-07 01:40:15,973 [s0@group-F9544BEBFE50-StateMachineUpdater] TRACE util.FileUtils (FileUtils.java:deleteFully(305)) - deleteFully /tmp/ratis-tests/statemachine/s0/snapshot/1_63
2023-11-07 01:40:15,973 [s0@group-F9544BEBFE50-StateMachineUpdater] TRACE util.FileUtils (FileUtils.java:deleteFully(318)) - deleteFully: /tmp/ratis-tests/statemachine/s0/snapshot/1_63 does not exist.
2023-11-07 01:40:15,973 [s0@group-F9544BEBFE50-StateMachineUpdater] TRACE util.FileUtils (FileUtils.java:deleteFully(305)) - deleteFully /tmp/ratis-tests/statemachine/s0/tmp/8b9c2ac0-9ee6-4e9d-83dc-822d33628316
2023-11-07 01:40:15,973 [s0@group-F9544BEBFE50-StateMachineUpdater] TRACE util.FileUtils (FileUtils.java:deleteFully(318)) - deleteFully: /tmp/ratis-tests/statemachine/s0/tmp/8b9c2ac0-9ee6-4e9d-83dc-822d33628316 does not exist.
2023-11-07 01:40:15,973 [s0@group-F9544BEBFE50-StateMachineUpdater] TRACE util.FileUtils (LogUtils.java:runAndLog(49)) - Successfully ran Atomic Files.move /tmp/ratis-tests/statemachine/s0/tmp/8b9c2ac0-9ee6-4e9d-83dc-822d33628316 to /tmp/ratis-tests/statemachine/s0/snapshot/1_63
2023-11-07 01:40:15,973 [s0@group-F9544BEBFE50-StateMachineUpdater] INFO  impl.StateMachineUpdater (StateMachineUpdater.java:takeSnapshot(295)) - s0@group-F9544BEBFE50-StateMachineUpdater: Took a snapshot at index 63
2023-11-07 01:40:15,973 [s0@group-F9544BEBFE50-StateMachineUpdater] INFO  impl.StateMachineUpdater (StateMachineUpdater.java:lambda$new$0(98)) - s0@group-F9544BEBFE50-StateMachineUpdater: snapshotIndex: updateIncreasingly -1 -> 63
2023-11-07 01:40:15,974 [s0@group-F9544BEBFE50-StateMachineUpdater] INFO  raftlog.RaftLog (RaftLogBase.java:purge(330)) - s0@group-F9544BEBFE50-SegmentedRaftLog: purge 63
2023-11-07 01:40:15,974 [s0@group-F9544BEBFE50-StateMachineUpdater] INFO  raftlog.RaftLog (RaftLogBase.java:lambda$new$0(54)) - s0@group-F9544BEBFE50-SegmentedRaftLog: snapshotIndex: updateIncreasingly -1 -> 63
2023-11-07 01:40:15,974 [s0@group-F9544BEBFE50-StateMachineUpdater] INFO  raftlog.RaftLog (RaftLogBase.java:lambda$new$0(54)) - s0@group-F9544BEBFE50-SegmentedRaftLog: purgeIndex: updateToMax old=-1, new=63, updated? true
2023-11-07 01:40:15,976 [s0@group-F9544BEBFE50-StateMachineUpdater] INFO  impl.SimpleStateMachine4Testing (SimpleStateMachine4Testing.java:applyTransaction(248)) - applyTransaction for log index 65
2023-11-07 01:40:15,977 [s0@group-F9544BEBFE50-StateMachineUpdater] INFO  impl.SimpleStateMachine4Testing (SimpleStateMachine4Testing.java:put(205)) - s0: put 65, m32 -> (t:1, i:65), STATEMACHINELOGENTRY, 423@client-228C6D0CB344
2023-11-07 01:40:15,979 [s0@group-F9544BEBFE50-StateMachineUpdater] INFO  impl.SimpleStateMachine4Testing (SimpleStateMachine4Testing.java:applyTransaction(248)) - applyTransaction for log index 67
2023-11-07 01:40:15,979 [s0@group-F9544BEBFE50-StateMachineUpdater] INFO  impl.SimpleStateMachine4Testing (SimpleStateMachine4Testing.java:put(205)) - s0: put 67, m33 -> (t:1, i:67), STATEMACHINELOGENTRY, 424@client-228C6D0CB344
2023-11-07 01:40:15,982 [s0@group-F9544BEBFE50-StateMachineUpdater] INFO  impl.SimpleStateMachine4Testing (SimpleStateMachine4Testing.java:applyTransaction(248)) - applyTransaction for log index 69
2023-11-07 01:40:15,982 [s0@group-F9544BEBFE50-StateMachineUpdater] INFO  impl.SimpleStateMachine4Testing (SimpleStateMachine4Testing.java:put(205)) - s0: put 69, m34 -> (t:1, i:69), STATEMACHINELOGENTRY, 425@client-228C6D0CB344
2023-11-07 01:40:15,984 [s0@group-F9544BEBFE50-StateMachineUpdater] INFO  impl.SimpleStateMachine4Testing (SimpleStateMachine4Testing.java:applyTransaction(248)) - applyTransaction for log index 71
2023-11-07 01:40:15,985 [s0@group-F9544BEBFE50-StateMachineUpdater] INFO  impl.SimpleStateMachine4Testing (SimpleStateMachine4Testing.java:put(205)) - s0: put 71, m35 -> (t:1, i:71), STATEMACHINELOGENTRY, 426@client-228C6D0CB344
2023-11-07 01:40:15,987 [s0@group-F9544BEBFE50-StateMachineUpdater] INFO  impl.SimpleStateMachine4Testing (SimpleStateMachine4Testing.java:applyTransaction(248)) - applyTransaction for log index 73
2023-11-07 01:40:15,987 [s0@group-F9544BEBFE50-StateMachineUpdater] INFO  impl.SimpleStateMachine4Testing (SimpleStateMachine4Testing.java:put(205)) - s0: put 73, m36 -> (t:1, i:73), STATEMACHINELOGENTRY, 427@client-228C6D0CB344
2023-11-07 01:40:15,990 [s0@group-F9544BEBFE50-StateMachineUpdater] INFO  impl.SimpleStateMachine4Testing (SimpleStateMachine4Testing.java:applyTransaction(248)) - applyTransaction for log index 75
2023-11-07 01:40:15,990 [s0@group-F9544BEBFE50-StateMachineUpdater] INFO  impl.SimpleStateMachine4Testing (SimpleStateMachine4Testing.java:put(205)) - s0: put 75, m37 -> (t:1, i:75), STATEMACHINELOGENTRY, 428@client-228C6D0CB344
2023-11-07 01:40:15,993 [s0@group-F9544BEBFE50-StateMachineUpdater] INFO  impl.SimpleStateMachine4Testing (SimpleStateMachine4Testing.java:applyTransaction(248)) - applyTransaction for log index 77
2023-11-07 01:40:15,993 [s0@group-F9544BEBFE50-StateMachineUpdater] INFO  impl.SimpleStateMachine4Testing (SimpleStateMachine4Testing.java:put(205)) - s0: put 77, m38 -> (t:1, i:77), STATEMACHINELOGENTRY, 429@client-228C6D0CB344
2023-11-07 01:40:15,995 [s0@group-F9544BEBFE50-StateMachineUpdater] INFO  impl.SimpleStateMachine4Testing (SimpleStateMachine4Testing.java:applyTransaction(248)) - applyTransaction for log index 79
2023-11-07 01:40:15,995 [s0@group-F9544BEBFE50-StateMachineUpdater] INFO  impl.SimpleStateMachine4Testing (SimpleStateMachine4Testing.java:put(205)) - s0: put 79, m39 -> (t:1, i:79), STATEMACHINELOGENTRY, 430@client-228C6D0CB344
2023-11-07 01:40:15,998 [s0@group-F9544BEBFE50-StateMachineUpdater] INFO  impl.SimpleStateMachine4Testing (SimpleStateMachine4Testing.java:applyTransaction(248)) - applyTransaction for log index 81
2023-11-07 01:40:15,998 [s0@group-F9544BEBFE50-StateMachineUpdater] INFO  impl.SimpleStateMachine4Testing (SimpleStateMachine4Testing.java:put(205)) - s0: put 81, m40 -> (t:1, i:81), STATEMACHINELOGENTRY, 431@client-228C6D0CB344
2023-11-07 01:40:16,000 [s0@group-F9544BEBFE50-StateMachineUpdater] INFO  impl.SimpleStateMachine4Testing (SimpleStateMachine4Testing.java:applyTransaction(248)) - applyTransaction for log index 83
2023-11-07 01:40:16,000 [s0@group-F9544BEBFE50-StateMachineUpdater] INFO  impl.SimpleStateMachine4Testing (SimpleStateMachine4Testing.java:put(205)) - s0: put 83, m41 -> (t:1, i:83), STATEMACHINELOGENTRY, 432@client-228C6D0CB344
2023-11-07 01:40:16,003 [s0@group-F9544BEBFE50-StateMachineUpdater] INFO  impl.SimpleStateMachine4Testing (SimpleStateMachine4Testing.java:applyTransaction(248)) - applyTransaction for log index 85
2023-11-07 01:40:16,003 [s0@group-F9544BEBFE50-StateMachineUpdater] INFO  impl.SimpleStateMachine4Testing (SimpleStateMachine4Testing.java:put(205)) - s0: put 85, m42 -> (t:1, i:85), STATEMACHINELOGENTRY, 433@client-228C6D0CB344
2023-11-07 01:40:16,006 [s0@group-F9544BEBFE50-StateMachineUpdater] INFO  impl.SimpleStateMachine4Testing (SimpleStateMachine4Testing.java:applyTransaction(248)) - applyTransaction for log index 87
2023-11-07 01:40:16,006 [s0@group-F9544BEBFE50-StateMachineUpdater] INFO  impl.SimpleStateMachine4Testing (SimpleStateMachine4Testing.java:put(205)) - s0: put 87, m43 -> (t:1, i:87), STATEMACHINELOGENTRY, 434@client-228C6D0CB344
2023-11-07 01:40:16,008 [s0@group-F9544BEBFE50-StateMachineUpdater] INFO  impl.SimpleStateMachine4Testing (SimpleStateMachine4Testing.java:applyTransaction(248)) - applyTransaction for log index 89
2023-11-07 01:40:16,008 [s0@group-F9544BEBFE50-StateMachineUpdater] INFO  impl.SimpleStateMachine4Testing (SimpleStateMachine4Testing.java:put(205)) - s0: put 89, m44 -> (t:1, i:89), STATEMACHINELOGENTRY, 435@client-228C6D0CB344
2023-11-07 01:40:16,011 [s0@group-F9544BEBFE50-StateMachineUpdater] INFO  impl.SimpleStateMachine4Testing (SimpleStateMachine4Testing.java:applyTransaction(248)) - applyTransaction for log index 91
2023-11-07 01:40:16,012 [s0@group-F9544BEBFE50-StateMachineUpdater] INFO  impl.SimpleStateMachine4Testing (SimpleStateMachine4Testing.java:put(205)) - s0: put 91, m45 -> (t:1, i:91), STATEMACHINELOGENTRY, 436@client-228C6D0CB344
2023-11-07 01:40:16,016 [s0@group-F9544BEBFE50-StateMachineUpdater] INFO  impl.SimpleStateMachine4Testing (SimpleStateMachine4Testing.java:applyTransaction(248)) - applyTransaction for log index 93
2023-11-07 01:40:16,017 [s0@group-F9544BEBFE50-StateMachineUpdater] INFO  impl.SimpleStateMachine4Testing (SimpleStateMachine4Testing.java:put(205)) - s0: put 93, m46 -> (t:1, i:93), STATEMACHINELOGENTRY, 437@client-228C6D0CB344
2023-11-07 01:40:16,019 [s0@group-F9544BEBFE50-StateMachineUpdater] INFO  impl.SimpleStateMachine4Testing (SimpleStateMachine4Testing.java:applyTransaction(248)) - applyTransaction for log index 95
2023-11-07 01:40:16,019 [s0@group-F9544BEBFE50-StateMachineUpdater] INFO  impl.SimpleStateMachine4Testing (SimpleStateMachine4Testing.java:put(205)) - s0: put 95, m47 -> (t:1, i:95), STATEMACHINELOGENTRY, 438@client-228C6D0CB344
2023-11-07 01:40:16,022 [s0@group-F9544BEBFE50-StateMachineUpdater] INFO  impl.SimpleStateMachine4Testing (SimpleStateMachine4Testing.java:applyTransaction(248)) - applyTransaction for log index 97
2023-11-07 01:40:16,022 [s0@group-F9544BEBFE50-StateMachineUpdater] INFO  impl.SimpleStateMachine4Testing (SimpleStateMachine4Testing.java:put(205)) - s0: put 97, m48 -> (t:1, i:97), STATEMACHINELOGENTRY, 439@client-228C6D0CB344
2023-11-07 01:40:16,024 [s0@group-F9544BEBFE50-StateMachineUpdater] INFO  impl.SimpleStateMachine4Testing (SimpleStateMachine4Testing.java:applyTransaction(248)) - applyTransaction for log index 99
2023-11-07 01:40:16,025 [s0@group-F9544BEBFE50-StateMachineUpdater] INFO  impl.SimpleStateMachine4Testing (SimpleStateMachine4Testing.java:put(205)) - s0: put 99, m49 -> (t:1, i:99), STATEMACHINELOGENTRY, 440@client-228C6D0CB344
2023-11-07 01:40:16,027 [s0@group-F9544BEBFE50-StateMachineUpdater] INFO  impl.SimpleStateMachine4Testing (SimpleStateMachine4Testing.java:applyTransaction(248)) - applyTransaction for log index 101
2023-11-07 01:40:16,027 [s0@group-F9544BEBFE50-StateMachineUpdater] INFO  impl.SimpleStateMachine4Testing (SimpleStateMachine4Testing.java:put(205)) - s0: put 101, m50 -> (t:1, i:101), STATEMACHINELOGENTRY, 441@client-228C6D0CB344
2023-11-07 01:40:16,029 [s0@group-F9544BEBFE50-StateMachineUpdater] INFO  impl.SimpleStateMachine4Testing (SimpleStateMachine4Testing.java:applyTransaction(248)) - applyTransaction for log index 103
2023-11-07 01:40:16,030 [s0@group-F9544BEBFE50-StateMachineUpdater] INFO  impl.SimpleStateMachine4Testing (SimpleStateMachine4Testing.java:put(205)) - s0: put 103, m51 -> (t:1, i:103), STATEMACHINELOGENTRY, 442@client-228C6D0CB344
2023-11-07 01:40:16,032 [s0@group-F9544BEBFE50-StateMachineUpdater] INFO  impl.SimpleStateMachine4Testing (SimpleStateMachine4Testing.java:applyTransaction(248)) - applyTransaction for log index 105
2023-11-07 01:40:16,032 [s0@group-F9544BEBFE50-StateMachineUpdater] INFO  impl.SimpleStateMachine4Testing (SimpleStateMachine4Testing.java:put(205)) - s0: put 105, m52 -> (t:1, i:105), STATEMACHINELOGENTRY, 443@client-228C6D0CB344
2023-11-07 01:40:16,035 [s0@group-F9544BEBFE50-StateMachineUpdater] INFO  impl.SimpleStateMachine4Testing (SimpleStateMachine4Testing.java:applyTransaction(248)) - applyTransaction for log index 107
2023-11-07 01:40:16,035 [s0@group-F9544BEBFE50-StateMachineUpdater] INFO  impl.SimpleStateMachine4Testing (SimpleStateMachine4Testing.java:put(205)) - s0: put 107, m53 -> (t:1, i:107), STATEMACHINELOGENTRY, 444@client-228C6D0CB344
2023-11-07 01:40:16,037 [s0@group-F9544BEBFE50-StateMachineUpdater] INFO  impl.SimpleStateMachine4Testing (SimpleStateMachine4Testing.java:applyTransaction(248)) - applyTransaction for log index 109
2023-11-07 01:40:16,037 [s0@group-F9544BEBFE50-StateMachineUpdater] INFO  impl.SimpleStateMachine4Testing (SimpleStateMachine4Testing.java:put(205)) - s0: put 109, m54 -> (t:1, i:109), STATEMACHINELOGENTRY, 445@client-228C6D0CB344
2023-11-07 01:40:16,040 [s0@group-F9544BEBFE50-StateMachineUpdater] INFO  impl.SimpleStateMachine4Testing (SimpleStateMachine4Testing.java:applyTransaction(248)) - applyTransaction for log index 111
2023-11-07 01:40:16,040 [s0@group-F9544BEBFE50-StateMachineUpdater] INFO  impl.SimpleStateMachine4Testing (SimpleStateMachine4Testing.java:put(205)) - s0: put 111, m55 -> (t:1, i:111), STATEMACHINELOGENTRY, 446@client-228C6D0CB344
2023-11-07 01:40:16,042 [s0@group-F9544BEBFE50-StateMachineUpdater] INFO  impl.SimpleStateMachine4Testing (SimpleStateMachine4Testing.java:applyTransaction(248)) - applyTransaction for log index 113
2023-11-07 01:40:16,042 [s0@group-F9544BEBFE50-StateMachineUpdater] INFO  impl.SimpleStateMachine4Testing (SimpleStateMachine4Testing.java:put(205)) - s0: put 113, m56 -> (t:1, i:113), STATEMACHINELOGENTRY, 447@client-228C6D0CB344
2023-11-07 01:40:16,045 [s0@group-F9544BEBFE50-StateMachineUpdater] INFO  impl.SimpleStateMachine4Testing (SimpleStateMachine4Testing.java:applyTransaction(248)) - applyTransaction for log index 115
2023-11-07 01:40:16,045 [s0@group-F9544BEBFE50-StateMachineUpdater] INFO  impl.SimpleStateMachine4Testing (SimpleStateMachine4Testing.java:put(205)) - s0: put 115, m57 -> (t:1, i:115), STATEMACHINELOGENTRY, 448@client-228C6D0CB344
2023-11-07 01:40:16,047 [s0@group-F9544BEBFE50-StateMachineUpdater] INFO  impl.SimpleStateMachine4Testing (SimpleStateMachine4Testing.java:applyTransaction(248)) - applyTransaction for log index 117
2023-11-07 01:40:16,048 [s0@group-F9544BEBFE50-StateMachineUpdater] INFO  impl.SimpleStateMachine4Testing (SimpleStateMachine4Testing.java:put(205)) - s0: put 117, m58 -> (t:1, i:117), STATEMACHINELOGENTRY, 449@client-228C6D0CB344
2023-11-07 01:40:16,050 [s0@group-F9544BEBFE50-StateMachineUpdater] INFO  impl.SimpleStateMachine4Testing (SimpleStateMachine4Testing.java:applyTransaction(248)) - applyTransaction for log index 119
2023-11-07 01:40:16,050 [s0@group-F9544BEBFE50-StateMachineUpdater] INFO  impl.SimpleStateMachine4Testing (SimpleStateMachine4Testing.java:put(205)) - s0: put 119, m59 -> (t:1, i:119), STATEMACHINELOGENTRY, 450@client-228C6D0CB344
2023-11-07 01:40:16,054 [s0@group-F9544BEBFE50-StateMachineUpdater] INFO  impl.SimpleStateMachine4Testing (SimpleStateMachine4Testing.java:applyTransaction(248)) - applyTransaction for log index 121
2023-11-07 01:40:16,054 [s0@group-F9544BEBFE50-StateMachineUpdater] INFO  impl.SimpleStateMachine4Testing (SimpleStateMachine4Testing.java:put(205)) - s0: put 121, m60 -> (t:1, i:121), STATEMACHINELOGENTRY, 451@client-228C6D0CB344
2023-11-07 01:40:16,057 [s0@group-F9544BEBFE50-StateMachineUpdater] INFO  impl.SimpleStateMachine4Testing (SimpleStateMachine4Testing.java:applyTransaction(248)) - applyTransaction for log index 123
2023-11-07 01:40:16,057 [s0@group-F9544BEBFE50-StateMachineUpdater] INFO  impl.SimpleStateMachine4Testing (SimpleStateMachine4Testing.java:put(205)) - s0: put 123, m61 -> (t:1, i:123), STATEMACHINELOGENTRY, 452@client-228C6D0CB344
2023-11-07 01:40:16,059 [s0@group-F9544BEBFE50-StateMachineUpdater] INFO  impl.SimpleStateMachine4Testing (SimpleStateMachine4Testing.java:applyTransaction(248)) - applyTransaction for log index 125
2023-11-07 01:40:16,059 [s0@group-F9544BEBFE50-StateMachineUpdater] INFO  impl.SimpleStateMachine4Testing (SimpleStateMachine4Testing.java:put(205)) - s0: put 125, m62 -> (t:1, i:125), STATEMACHINELOGENTRY, 453@client-228C6D0CB344
2023-11-07 01:40:16,062 [s0@group-F9544BEBFE50-StateMachineUpdater] INFO  impl.SimpleStateMachine4Testing (SimpleStateMachine4Testing.java:applyTransaction(248)) - applyTransaction for log index 127
2023-11-07 01:40:16,062 [s0@group-F9544BEBFE50-StateMachineUpdater] INFO  impl.SimpleStateMachine4Testing (SimpleStateMachine4Testing.java:put(205)) - s0: put 127, m63 -> (t:1, i:127), STATEMACHINELOGENTRY, 454@client-228C6D0CB344
2023-11-07 01:40:16,062 [s0@group-F9544BEBFE50-StateMachineUpdater] TRACE util.FileUtils (FileUtils.java:deleteFully(305)) - deleteFully /tmp/ratis-tests/statemachine/s0/snapshot/1_127
2023-11-07 01:40:16,062 [s0@group-F9544BEBFE50-StateMachineUpdater] TRACE util.FileUtils (FileUtils.java:deleteFully(318)) - deleteFully: /tmp/ratis-tests/statemachine/s0/snapshot/1_127 does not exist.
2023-11-07 01:40:16,062 [s0@group-F9544BEBFE50-StateMachineUpdater] TRACE util.FileUtils (FileUtils.java:deleteFully(305)) - deleteFully /tmp/ratis-tests/statemachine/s0/tmp/d383c496-9336-4b58-bd9e-7b954df77a57
2023-11-07 01:40:16,062 [s0@group-F9544BEBFE50-StateMachineUpdater] TRACE util.FileUtils (FileUtils.java:deleteFully(318)) - deleteFully: /tmp/ratis-tests/statemachine/s0/tmp/d383c496-9336-4b58-bd9e-7b954df77a57 does not exist.
2023-11-07 01:40:16,062 [s0@group-F9544BEBFE50-StateMachineUpdater] TRACE util.FileUtils (LogUtils.java:runAndLog(49)) - Successfully ran Atomic Files.move /tmp/ratis-tests/statemachine/s0/tmp/d383c496-9336-4b58-bd9e-7b954df77a57 to /tmp/ratis-tests/statemachine/s0/snapshot/1_127
2023-11-07 01:40:16,063 [s0@group-F9544BEBFE50-StateMachineUpdater] INFO  impl.StateMachineUpdater (StateMachineUpdater.java:takeSnapshot(295)) - s0@group-F9544BEBFE50-StateMachineUpdater: Took a snapshot at index 127
2023-11-07 01:40:16,063 [s0@group-F9544BEBFE50-StateMachineUpdater] INFO  impl.StateMachineUpdater (StateMachineUpdater.java:lambda$new$0(98)) - s0@group-F9544BEBFE50-StateMachineUpdater: snapshotIndex: updateIncreasingly 63 -> 127
2023-11-07 01:40:16,063 [s0@group-F9544BEBFE50-StateMachineUpdater] INFO  raftlog.RaftLog (RaftLogBase.java:purge(330)) - s0@group-F9544BEBFE50-SegmentedRaftLog: purge 127
2023-11-07 01:40:16,063 [s0@group-F9544BEBFE50-StateMachineUpdater] INFO  raftlog.RaftLog (RaftLogBase.java:lambda$new$0(54)) - s0@group-F9544BEBFE50-SegmentedRaftLog: snapshotIndex: updateIncreasingly 63 -> 127
2023-11-07 01:40:16,063 [s0@group-F9544BEBFE50-StateMachineUpdater] INFO  raftlog.RaftLog (RaftLogBase.java:lambda$new$0(54)) - s0@group-F9544BEBFE50-SegmentedRaftLog: purgeIndex: updateToMax old=63, new=127, updated? true
2023-11-07 01:40:16,066 [s0@group-F9544BEBFE50-StateMachineUpdater] INFO  impl.SimpleStateMachine4Testing (SimpleStateMachine4Testing.java:applyTransaction(248)) - applyTransaction for log index 129
2023-11-07 01:40:16,066 [s0@group-F9544BEBFE50-StateMachineUpdater] INFO  impl.SimpleStateMachine4Testing (SimpleStateMachine4Testing.java:put(205)) - s0: put 129, m64 -> (t:1, i:129), STATEMACHINELOGENTRY, 455@client-228C6D0CB344
2023-11-07 01:40:16,068 [s0@group-F9544BEBFE50-StateMachineUpdater] INFO  impl.SimpleStateMachine4Testing (SimpleStateMachine4Testing.java:applyTransaction(248)) - applyTransaction for log index 131
2023-11-07 01:40:16,068 [s0@group-F9544BEBFE50-StateMachineUpdater] INFO  impl.SimpleStateMachine4Testing (SimpleStateMachine4Testing.java:put(205)) - s0: put 131, m65 -> (t:1, i:131), STATEMACHINELOGENTRY, 456@client-228C6D0CB344
2023-11-07 01:40:16,070 [s0@group-F9544BEBFE50-StateMachineUpdater] INFO  impl.SimpleStateMachine4Testing (SimpleStateMachine4Testing.java:applyTransaction(248)) - applyTransaction for log index 133
2023-11-07 01:40:16,070 [s0@group-F9544BEBFE50-StateMachineUpdater] INFO  impl.SimpleStateMachine4Testing (SimpleStateMachine4Testing.java:put(205)) - s0: put 133, m66 -> (t:1, i:133), STATEMACHINELOGENTRY, 457@client-228C6D0CB344
2023-11-07 01:40:16,073 [s0@group-F9544BEBFE50-StateMachineUpdater] INFO  impl.SimpleStateMachine4Testing (SimpleStateMachine4Testing.java:applyTransaction(248)) - applyTransaction for log index 135
2023-11-07 01:40:16,073 [s0@group-F9544BEBFE50-StateMachineUpdater] INFO  impl.SimpleStateMachine4Testing (SimpleStateMachine4Testing.java:put(205)) - s0: put 135, m67 -> (t:1, i:135), STATEMACHINELOGENTRY, 458@client-228C6D0CB344
2023-11-07 01:40:16,075 [s0@group-F9544BEBFE50-StateMachineUpdater] INFO  impl.SimpleStateMachine4Testing (SimpleStateMachine4Testing.java:applyTransaction(248)) - applyTransaction for log index 137
2023-11-07 01:40:16,075 [s0@group-F9544BEBFE50-StateMachineUpdater] INFO  impl.SimpleStateMachine4Testing (SimpleStateMachine4Testing.java:put(205)) - s0: put 137, m68 -> (t:1, i:137), STATEMACHINELOGENTRY, 459@client-228C6D0CB344
2023-11-07 01:40:16,077 [s0@group-F9544BEBFE50-StateMachineUpdater] INFO  impl.SimpleStateMachine4Testing (SimpleStateMachine4Testing.java:applyTransaction(248)) - applyTransaction for log index 139
2023-11-07 01:40:16,078 [s0@group-F9544BEBFE50-StateMachineUpdater] INFO  impl.SimpleStateMachine4Testing (SimpleStateMachine4Testing.java:put(205)) - s0: put 139, m69 -> (t:1, i:139), STATEMACHINELOGENTRY, 460@client-228C6D0CB344
2023-11-07 01:40:16,080 [s0@group-F9544BEBFE50-StateMachineUpdater] INFO  impl.SimpleStateMachine4Testing (SimpleStateMachine4Testing.java:applyTransaction(248)) - applyTransaction for log index 141
2023-11-07 01:40:16,080 [s0@group-F9544BEBFE50-StateMachineUpdater] INFO  impl.SimpleStateMachine4Testing (SimpleStateMachine4Testing.java:put(205)) - s0: put 141, m70 -> (t:1, i:141), STATEMACHINELOGENTRY, 461@client-228C6D0CB344
2023-11-07 01:40:16,082 [s0@group-F9544BEBFE50-StateMachineUpdater] INFO  impl.SimpleStateMachine4Testing (SimpleStateMachine4Testing.java:applyTransaction(248)) - applyTransaction for log index 143
2023-11-07 01:40:16,082 [s0@group-F9544BEBFE50-StateMachineUpdater] INFO  impl.SimpleStateMachine4Testing (SimpleStateMachine4Testing.java:put(205)) - s0: put 143, m71 -> (t:1, i:143), STATEMACHINELOGENTRY, 462@client-228C6D0CB344
2023-11-07 01:40:16,084 [s0@group-F9544BEBFE50-StateMachineUpdater] INFO  impl.SimpleStateMachine4Testing (SimpleStateMachine4Testing.java:applyTransaction(248)) - applyTransaction for log index 145
2023-11-07 01:40:16,084 [s0@group-F9544BEBFE50-StateMachineUpdater] INFO  impl.SimpleStateMachine4Testing (SimpleStateMachine4Testing.java:put(205)) - s0: put 145, m72 -> (t:1, i:145), STATEMACHINELOGENTRY, 463@client-228C6D0CB344
2023-11-07 01:40:16,087 [s0@group-F9544BEBFE50-StateMachineUpdater] INFO  impl.SimpleStateMachine4Testing (SimpleStateMachine4Testing.java:applyTransaction(248)) - applyTransaction for log index 147
2023-11-07 01:40:16,087 [s0@group-F9544BEBFE50-StateMachineUpdater] INFO  impl.SimpleStateMachine4Testing (SimpleStateMachine4Testing.java:put(205)) - s0: put 147, m73 -> (t:1, i:147), STATEMACHINELOGENTRY, 464@client-228C6D0CB344
2023-11-07 01:40:16,089 [s0@group-F9544BEBFE50-StateMachineUpdater] INFO  impl.SimpleStateMachine4Testing (SimpleStateMachine4Testing.java:applyTransaction(248)) - applyTransaction for log index 149
2023-11-07 01:40:16,089 [s0@group-F9544BEBFE50-StateMachineUpdater] INFO  impl.SimpleStateMachine4Testing (SimpleStateMachine4Testing.java:put(205)) - s0: put 149, m74 -> (t:1, i:149), STATEMACHINELOGENTRY, 465@client-228C6D0CB344
2023-11-07 01:40:16,092 [s0@group-F9544BEBFE50-StateMachineUpdater] INFO  impl.SimpleStateMachine4Testing (SimpleStateMachine4Testing.java:applyTransaction(248)) - applyTransaction for log index 151
2023-11-07 01:40:16,092 [s0@group-F9544BEBFE50-StateMachineUpdater] INFO  impl.SimpleStateMachine4Testing (SimpleStateMachine4Testing.java:put(205)) - s0: put 151, m75 -> (t:1, i:151), STATEMACHINELOGENTRY, 466@client-228C6D0CB344
2023-11-07 01:40:16,094 [s0@group-F9544BEBFE50-StateMachineUpdater] INFO  impl.SimpleStateMachine4Testing (SimpleStateMachine4Testing.java:applyTransaction(248)) - applyTransaction for log index 153
2023-11-07 01:40:16,094 [s0@group-F9544BEBFE50-StateMachineUpdater] INFO  impl.SimpleStateMachine4Testing (SimpleStateMachine4Testing.java:put(205)) - s0: put 153, m76 -> (t:1, i:153), STATEMACHINELOGENTRY, 467@client-228C6D0CB344
2023-11-07 01:40:16,096 [s0@group-F9544BEBFE50-StateMachineUpdater] INFO  impl.SimpleStateMachine4Testing (SimpleStateMachine4Testing.java:applyTransaction(248)) - applyTransaction for log index 155
2023-11-07 01:40:16,096 [s0@group-F9544BEBFE50-StateMachineUpdater] INFO  impl.SimpleStateMachine4Testing (SimpleStateMachine4Testing.java:put(205)) - s0: put 155, m77 -> (t:1, i:155), STATEMACHINELOGENTRY, 468@client-228C6D0CB344
2023-11-07 01:40:16,098 [s0@group-F9544BEBFE50-StateMachineUpdater] INFO  impl.SimpleStateMachine4Testing (SimpleStateMachine4Testing.java:applyTransaction(248)) - applyTransaction for log index 157
2023-11-07 01:40:16,098 [s0@group-F9544BEBFE50-StateMachineUpdater] INFO  impl.SimpleStateMachine4Testing (SimpleStateMachine4Testing.java:put(205)) - s0: put 157, m78 -> (t:1, i:157), STATEMACHINELOGENTRY, 469@client-228C6D0CB344
2023-11-07 01:40:16,101 [s0@group-F9544BEBFE50-StateMachineUpdater] INFO  impl.SimpleStateMachine4Testing (SimpleStateMachine4Testing.java:applyTransaction(248)) - applyTransaction for log index 159
2023-11-07 01:40:16,101 [s0@group-F9544BEBFE50-StateMachineUpdater] INFO  impl.SimpleStateMachine4Testing (SimpleStateMachine4Testing.java:put(205)) - s0: put 159, m79 -> (t:1, i:159), STATEMACHINELOGENTRY, 470@client-228C6D0CB344
2023-11-07 01:40:16,104 [s0@group-F9544BEBFE50-StateMachineUpdater] INFO  impl.SimpleStateMachine4Testing (SimpleStateMachine4Testing.java:applyTransaction(248)) - applyTransaction for log index 161
2023-11-07 01:40:16,104 [s0@group-F9544BEBFE50-StateMachineUpdater] INFO  impl.SimpleStateMachine4Testing (SimpleStateMachine4Testing.java:put(205)) - s0: put 161, m80 -> (t:1, i:161), STATEMACHINELOGENTRY, 471@client-228C6D0CB344
2023-11-07 01:40:16,108 [s0@group-F9544BEBFE50-StateMachineUpdater] INFO  impl.SimpleStateMachine4Testing (SimpleStateMachine4Testing.java:applyTransaction(248)) - applyTransaction for log index 163
2023-11-07 01:40:16,108 [s0@group-F9544BEBFE50-StateMachineUpdater] INFO  impl.SimpleStateMachine4Testing (SimpleStateMachine4Testing.java:put(205)) - s0: put 163, m81 -> (t:1, i:163), STATEMACHINELOGENTRY, 472@client-228C6D0CB344
2023-11-07 01:40:16,111 [s0@group-F9544BEBFE50-StateMachineUpdater] INFO  impl.SimpleStateMachine4Testing (SimpleStateMachine4Testing.java:applyTransaction(248)) - applyTransaction for log index 165
2023-11-07 01:40:16,111 [s0@group-F9544BEBFE50-StateMachineUpdater] INFO  impl.SimpleStateMachine4Testing (SimpleStateMachine4Testing.java:put(205)) - s0: put 165, m82 -> (t:1, i:165), STATEMACHINELOGENTRY, 473@client-228C6D0CB344
2023-11-07 01:40:16,113 [s0@group-F9544BEBFE50-StateMachineUpdater] INFO  impl.SimpleStateMachine4Testing (SimpleStateMachine4Testing.java:applyTransaction(248)) - applyTransaction for log index 167
2023-11-07 01:40:16,113 [s0@group-F9544BEBFE50-StateMachineUpdater] INFO  impl.SimpleStateMachine4Testing (SimpleStateMachine4Testing.java:put(205)) - s0: put 167, m83 -> (t:1, i:167), STATEMACHINELOGENTRY, 474@client-228C6D0CB344
2023-11-07 01:40:16,116 [s0@group-F9544BEBFE50-StateMachineUpdater] INFO  impl.SimpleStateMachine4Testing (SimpleStateMachine4Testing.java:applyTransaction(248)) - applyTransaction for log index 169
2023-11-07 01:40:16,116 [s0@group-F9544BEBFE50-StateMachineUpdater] INFO  impl.SimpleStateMachine4Testing (SimpleStateMachine4Testing.java:put(205)) - s0: put 169, m84 -> (t:1, i:169), STATEMACHINELOGENTRY, 475@client-228C6D0CB344
2023-11-07 01:40:16,118 [s0@group-F9544BEBFE50-StateMachineUpdater] INFO  impl.SimpleStateMachine4Testing (SimpleStateMachine4Testing.java:applyTransaction(248)) - applyTransaction for log index 171
2023-11-07 01:40:16,118 [s0@group-F9544BEBFE50-StateMachineUpdater] INFO  impl.SimpleStateMachine4Testing (SimpleStateMachine4Testing.java:put(205)) - s0: put 171, m85 -> (t:1, i:171), STATEMACHINELOGENTRY, 476@client-228C6D0CB344
2023-11-07 01:40:16,121 [s0@group-F9544BEBFE50-StateMachineUpdater] INFO  impl.SimpleStateMachine4Testing (SimpleStateMachine4Testing.java:applyTransaction(248)) - applyTransaction for log index 173
2023-11-07 01:40:16,121 [s0@group-F9544BEBFE50-StateMachineUpdater] INFO  impl.SimpleStateMachine4Testing (SimpleStateMachine4Testing.java:put(205)) - s0: put 173, m86 -> (t:1, i:173), STATEMACHINELOGENTRY, 477@client-228C6D0CB344
2023-11-07 01:40:16,123 [s0@group-F9544BEBFE50-StateMachineUpdater] INFO  impl.SimpleStateMachine4Testing (SimpleStateMachine4Testing.java:applyTransaction(248)) - applyTransaction for log index 175
2023-11-07 01:40:16,123 [s0@group-F9544BEBFE50-StateMachineUpdater] INFO  impl.SimpleStateMachine4Testing (SimpleStateMachine4Testing.java:put(205)) - s0: put 175, m87 -> (t:1, i:175), STATEMACHINELOGENTRY, 478@client-228C6D0CB344
2023-11-07 01:40:16,128 [s0@group-F9544BEBFE50-StateMachineUpdater] INFO  impl.SimpleStateMachine4Testing (SimpleStateMachine4Testing.java:applyTransaction(248)) - applyTransaction for log index 177
2023-11-07 01:40:16,128 [s0@group-F9544BEBFE50-StateMachineUpdater] INFO  impl.SimpleStateMachine4Testing (SimpleStateMachine4Testing.java:put(205)) - s0: put 177, m88 -> (t:1, i:177), STATEMACHINELOGENTRY, 479@client-228C6D0CB344
2023-11-07 01:40:16,131 [s0@group-F9544BEBFE50-StateMachineUpdater] INFO  impl.SimpleStateMachine4Testing (SimpleStateMachine4Testing.java:applyTransaction(248)) - applyTransaction for log index 179
2023-11-07 01:40:16,131 [s0@group-F9544BEBFE50-StateMachineUpdater] INFO  impl.SimpleStateMachine4Testing (SimpleStateMachine4Testing.java:put(205)) - s0: put 179, m89 -> (t:1, i:179), STATEMACHINELOGENTRY, 480@client-228C6D0CB344
2023-11-07 01:40:16,134 [s0@group-F9544BEBFE50-StateMachineUpdater] INFO  impl.SimpleStateMachine4Testing (SimpleStateMachine4Testing.java:applyTransaction(248)) - applyTransaction for log index 181
2023-11-07 01:40:16,134 [s0@group-F9544BEBFE50-StateMachineUpdater] INFO  impl.SimpleStateMachine4Testing (SimpleStateMachine4Testing.java:put(205)) - s0: put 181, m90 -> (t:1, i:181), STATEMACHINELOGENTRY, 481@client-228C6D0CB344
2023-11-07 01:40:16,136 [s0@group-F9544BEBFE50-StateMachineUpdater] INFO  impl.SimpleStateMachine4Testing (SimpleStateMachine4Testing.java:applyTransaction(248)) - applyTransaction for log index 183
2023-11-07 01:40:16,136 [s0@group-F9544BEBFE50-StateMachineUpdater] INFO  impl.SimpleStateMachine4Testing (SimpleStateMachine4Testing.java:put(205)) - s0: put 183, m91 -> (t:1, i:183), STATEMACHINELOGENTRY, 482@client-228C6D0CB344
2023-11-07 01:40:16,139 [s0@group-F9544BEBFE50-StateMachineUpdater] INFO  impl.SimpleStateMachine4Testing (SimpleStateMachine4Testing.java:applyTransaction(248)) - applyTransaction for log index 185
2023-11-07 01:40:16,139 [s0@group-F9544BEBFE50-StateMachineUpdater] INFO  impl.SimpleStateMachine4Testing (SimpleStateMachine4Testing.java:put(205)) - s0: put 185, m92 -> (t:1, i:185), STATEMACHINELOGENTRY, 483@client-228C6D0CB344
2023-11-07 01:40:16,141 [s0@group-F9544BEBFE50-StateMachineUpdater] INFO  impl.SimpleStateMachine4Testing (SimpleStateMachine4Testing.java:applyTransaction(248)) - applyTransaction for log index 187
2023-11-07 01:40:16,142 [s0@group-F9544BEBFE50-StateMachineUpdater] INFO  impl.SimpleStateMachine4Testing (SimpleStateMachine4Testing.java:put(205)) - s0: put 187, m93 -> (t:1, i:187), STATEMACHINELOGENTRY, 484@client-228C6D0CB344
2023-11-07 01:40:16,144 [s0@group-F9544BEBFE50-StateMachineUpdater] INFO  impl.SimpleStateMachine4Testing (SimpleStateMachine4Testing.java:applyTransaction(248)) - applyTransaction for log index 189
2023-11-07 01:40:16,144 [s0@group-F9544BEBFE50-StateMachineUpdater] INFO  impl.SimpleStateMachine4Testing (SimpleStateMachine4Testing.java:put(205)) - s0: put 189, m94 -> (t:1, i:189), STATEMACHINELOGENTRY, 485@client-228C6D0CB344
2023-11-07 01:40:16,147 [s0@group-F9544BEBFE50-StateMachineUpdater] INFO  impl.SimpleStateMachine4Testing (SimpleStateMachine4Testing.java:applyTransaction(248)) - applyTransaction for log index 191
2023-11-07 01:40:16,147 [s0@group-F9544BEBFE50-StateMachineUpdater] INFO  impl.SimpleStateMachine4Testing (SimpleStateMachine4Testing.java:put(205)) - s0: put 191, m95 -> (t:1, i:191), STATEMACHINELOGENTRY, 486@client-228C6D0CB344
2023-11-07 01:40:16,147 [s0@group-F9544BEBFE50-StateMachineUpdater] TRACE util.FileUtils (FileUtils.java:deleteFully(305)) - deleteFully /tmp/ratis-tests/statemachine/s0/snapshot/1_191
2023-11-07 01:40:16,147 [s0@group-F9544BEBFE50-StateMachineUpdater] TRACE util.FileUtils (FileUtils.java:deleteFully(318)) - deleteFully: /tmp/ratis-tests/statemachine/s0/snapshot/1_191 does not exist.
2023-11-07 01:40:16,147 [s0@group-F9544BEBFE50-StateMachineUpdater] TRACE util.FileUtils (FileUtils.java:deleteFully(305)) - deleteFully /tmp/ratis-tests/statemachine/s0/tmp/e8650fa5-26ad-4049-ad59-a3a634e94fe3
2023-11-07 01:40:16,147 [s0@group-F9544BEBFE50-StateMachineUpdater] TRACE util.FileUtils (FileUtils.java:deleteFully(318)) - deleteFully: /tmp/ratis-tests/statemachine/s0/tmp/e8650fa5-26ad-4049-ad59-a3a634e94fe3 does not exist.
2023-11-07 01:40:16,148 [s0@group-F9544BEBFE50-StateMachineUpdater] TRACE util.FileUtils (LogUtils.java:runAndLog(49)) - Successfully ran Atomic Files.move /tmp/ratis-tests/statemachine/s0/tmp/e8650fa5-26ad-4049-ad59-a3a634e94fe3 to /tmp/ratis-tests/statemachine/s0/snapshot/1_191
2023-11-07 01:40:16,148 [s0@group-F9544BEBFE50-StateMachineUpdater] INFO  impl.StateMachineUpdater (StateMachineUpdater.java:takeSnapshot(295)) - s0@group-F9544BEBFE50-StateMachineUpdater: Took a snapshot at index 191
2023-11-07 01:40:16,148 [s0@group-F9544BEBFE50-StateMachineUpdater] INFO  impl.StateMachineUpdater (StateMachineUpdater.java:lambda$new$0(98)) - s0@group-F9544BEBFE50-StateMachineUpdater: snapshotIndex: updateIncreasingly 127 -> 191
2023-11-07 01:40:16,148 [s0@group-F9544BEBFE50-StateMachineUpdater] INFO  raftlog.RaftLog (RaftLogBase.java:purge(330)) - s0@group-F9544BEBFE50-SegmentedRaftLog: purge 191
2023-11-07 01:40:16,148 [s0@group-F9544BEBFE50-StateMachineUpdater] INFO  raftlog.RaftLog (RaftLogBase.java:lambda$new$0(54)) - s0@group-F9544BEBFE50-SegmentedRaftLog: snapshotIndex: updateIncreasingly 127 -> 191
2023-11-07 01:40:16,148 [s0@group-F9544BEBFE50-StateMachineUpdater] INFO  raftlog.RaftLog (RaftLogBase.java:lambda$new$0(54)) - s0@group-F9544BEBFE50-SegmentedRaftLog: purgeIndex: updateToMax old=127, new=191, updated? true
2023-11-07 01:40:16,151 [s0@group-F9544BEBFE50-StateMachineUpdater] INFO  impl.SimpleStateMachine4Testing (SimpleStateMachine4Testing.java:applyTransaction(248)) - applyTransaction for log index 193
2023-11-07 01:40:16,151 [s0@group-F9544BEBFE50-StateMachineUpdater] INFO  impl.SimpleStateMachine4Testing (SimpleStateMachine4Testing.java:put(205)) - s0: put 193, m96 -> (t:1, i:193), STATEMACHINELOGENTRY, 487@client-228C6D0CB344
2023-11-07 01:40:16,153 [s0@group-F9544BEBFE50-StateMachineUpdater] INFO  impl.SimpleStateMachine4Testing (SimpleStateMachine4Testing.java:applyTransaction(248)) - applyTransaction for log index 195
2023-11-07 01:40:16,154 [s0@group-F9544BEBFE50-StateMachineUpdater] INFO  impl.SimpleStateMachine4Testing (SimpleStateMachine4Testing.java:put(205)) - s0: put 195, m97 -> (t:1, i:195), STATEMACHINELOGENTRY, 488@client-228C6D0CB344
2023-11-07 01:40:16,156 [s0@group-F9544BEBFE50-StateMachineUpdater] INFO  impl.SimpleStateMachine4Testing (SimpleStateMachine4Testing.java:applyTransaction(248)) - applyTransaction for log index 197
2023-11-07 01:40:16,157 [s0@group-F9544BEBFE50-StateMachineUpdater] INFO  impl.SimpleStateMachine4Testing (SimpleStateMachine4Testing.java:put(205)) - s0: put 197, m98 -> (t:1, i:197), STATEMACHINELOGENTRY, 489@client-228C6D0CB344
2023-11-07 01:40:16,159 [s0@group-F9544BEBFE50-StateMachineUpdater] INFO  impl.SimpleStateMachine4Testing (SimpleStateMachine4Testing.java:applyTransaction(248)) - applyTransaction for log index 199
2023-11-07 01:40:16,159 [s0@group-F9544BEBFE50-StateMachineUpdater] INFO  impl.SimpleStateMachine4Testing (SimpleStateMachine4Testing.java:put(205)) - s0: put 199, m99 -> (t:1, i:199), STATEMACHINELOGENTRY, 490@client-228C6D0CB344
2023-11-07 01:40:16,162 [s0@group-F9544BEBFE50-StateMachineUpdater] INFO  impl.SimpleStateMachine4Testing (SimpleStateMachine4Testing.java:applyTransaction(248)) - applyTransaction for log index 201
2023-11-07 01:40:16,162 [s0@group-F9544BEBFE50-StateMachineUpdater] INFO  impl.SimpleStateMachine4Testing (SimpleStateMachine4Testing.java:put(205)) - s0: put 201, m100 -> (t:1, i:201), STATEMACHINELOGENTRY, 491@client-228C6D0CB344
2023-11-07 01:40:16,164 [s0@group-F9544BEBFE50-StateMachineUpdater] INFO  impl.SimpleStateMachine4Testing (SimpleStateMachine4Testing.java:applyTransaction(248)) - applyTransaction for log index 203
2023-11-07 01:40:16,164 [s0@group-F9544BEBFE50-StateMachineUpdater] INFO  impl.SimpleStateMachine4Testing (SimpleStateMachine4Testing.java:put(205)) - s0: put 203, m101 -> (t:1, i:203), STATEMACHINELOGENTRY, 492@client-228C6D0CB344
2023-11-07 01:40:16,166 [s0@group-F9544BEBFE50-StateMachineUpdater] INFO  impl.SimpleStateMachine4Testing (SimpleStateMachine4Testing.java:applyTransaction(248)) - applyTransaction for log index 205
2023-11-07 01:40:16,167 [s0@group-F9544BEBFE50-StateMachineUpdater] INFO  impl.SimpleStateMachine4Testing (SimpleStateMachine4Testing.java:put(205)) - s0: put 205, m102 -> (t:1, i:205), STATEMACHINELOGENTRY, 493@client-228C6D0CB344
2023-11-07 01:40:16,169 [s0@group-F9544BEBFE50-StateMachineUpdater] INFO  impl.SimpleStateMachine4Testing (SimpleStateMachine4Testing.java:applyTransaction(248)) - applyTransaction for log index 207
2023-11-07 01:40:16,170 [s0@group-F9544BEBFE50-StateMachineUpdater] INFO  impl.SimpleStateMachine4Testing (SimpleStateMachine4Testing.java:put(205)) - s0: put 207, m103 -> (t:1, i:207), STATEMACHINELOGENTRY, 494@client-228C6D0CB344
2023-11-07 01:40:16,173 [s0@group-F9544BEBFE50-StateMachineUpdater] INFO  impl.SimpleStateMachine4Testing (SimpleStateMachine4Testing.java:applyTransaction(248)) - applyTransaction for log index 209
2023-11-07 01:40:16,173 [s0@group-F9544BEBFE50-StateMachineUpdater] INFO  impl.SimpleStateMachine4Testing (SimpleStateMachine4Testing.java:put(205)) - s0: put 209, m104 -> (t:1, i:209), STATEMACHINELOGENTRY, 495@client-228C6D0CB344
2023-11-07 01:40:16,176 [s0@group-F9544BEBFE50-StateMachineUpdater] INFO  impl.SimpleStateMachine4Testing (SimpleStateMachine4Testing.java:applyTransaction(248)) - applyTransaction for log index 211
2023-11-07 01:40:16,176 [s0@group-F9544BEBFE50-StateMachineUpdater] INFO  impl.SimpleStateMachine4Testing (SimpleStateMachine4Testing.java:put(205)) - s0: put 211, m105 -> (t:1, i:211), STATEMACHINELOGENTRY, 496@client-228C6D0CB344
2023-11-07 01:40:16,179 [s0@group-F9544BEBFE50-StateMachineUpdater] INFO  impl.SimpleStateMachine4Testing (SimpleStateMachine4Testing.java:applyTransaction(248)) - applyTransaction for log index 213
2023-11-07 01:40:16,180 [s0@group-F9544BEBFE50-StateMachineUpdater] INFO  impl.SimpleStateMachine4Testing (SimpleStateMachine4Testing.java:put(205)) - s0: put 213, m106 -> (t:1, i:213), STATEMACHINELOGENTRY, 497@client-228C6D0CB344
2023-11-07 01:40:16,182 [s0@group-F9544BEBFE50-StateMachineUpdater] INFO  impl.SimpleStateMachine4Testing (SimpleStateMachine4Testing.java:applyTransaction(248)) - applyTransaction for log index 215
2023-11-07 01:40:16,183 [s0@group-F9544BEBFE50-StateMachineUpdater] INFO  impl.SimpleStateMachine4Testing (SimpleStateMachine4Testing.java:put(205)) - s0: put 215, m107 -> (t:1, i:215), STATEMACHINELOGENTRY, 498@client-228C6D0CB344
2023-11-07 01:40:16,185 [s0@group-F9544BEBFE50-StateMachineUpdater] INFO  impl.SimpleStateMachine4Testing (SimpleStateMachine4Testing.java:applyTransaction(248)) - applyTransaction for log index 217
2023-11-07 01:40:16,186 [s0@group-F9544BEBFE50-StateMachineUpdater] INFO  impl.SimpleStateMachine4Testing (SimpleStateMachine4Testing.java:put(205)) - s0: put 217, m108 -> (t:1, i:217), STATEMACHINELOGENTRY, 499@client-228C6D0CB344
2023-11-07 01:40:16,188 [s0@group-F9544BEBFE50-StateMachineUpdater] INFO  impl.SimpleStateMachine4Testing (SimpleStateMachine4Testing.java:applyTransaction(248)) - applyTransaction for log index 219
2023-11-07 01:40:16,188 [s0@group-F9544BEBFE50-StateMachineUpdater] INFO  impl.SimpleStateMachine4Testing (SimpleStateMachine4Testing.java:put(205)) - s0: put 219, m109 -> (t:1, i:219), STATEMACHINELOGENTRY, 500@client-228C6D0CB344
2023-11-07 01:40:16,191 [s0@group-F9544BEBFE50-StateMachineUpdater] INFO  impl.SimpleStateMachine4Testing (SimpleStateMachine4Testing.java:applyTransaction(248)) - applyTransaction for log index 221
2023-11-07 01:40:16,191 [s0@group-F9544BEBFE50-StateMachineUpdater] INFO  impl.SimpleStateMachine4Testing (SimpleStateMachine4Testing.java:put(205)) - s0: put 221, m110 -> (t:1, i:221), STATEMACHINELOGENTRY, 501@client-228C6D0CB344
2023-11-07 01:40:16,193 [s0@group-F9544BEBFE50-StateMachineUpdater] INFO  impl.SimpleStateMachine4Testing (SimpleStateMachine4Testing.java:applyTransaction(248)) - applyTransaction for log index 223
2023-11-07 01:40:16,193 [s0@group-F9544BEBFE50-StateMachineUpdater] INFO  impl.SimpleStateMachine4Testing (SimpleStateMachine4Testing.java:put(205)) - s0: put 223, m111 -> (t:1, i:223), STATEMACHINELOGENTRY, 502@client-228C6D0CB344
2023-11-07 01:40:16,196 [s0@group-F9544BEBFE50-StateMachineUpdater] INFO  impl.SimpleStateMachine4Testing (SimpleStateMachine4Testing.java:applyTransaction(248)) - applyTransaction for log index 225
2023-11-07 01:40:16,196 [s0@group-F9544BEBFE50-StateMachineUpdater] INFO  impl.SimpleStateMachine4Testing (SimpleStateMachine4Testing.java:put(205)) - s0: put 225, m112 -> (t:1, i:225), STATEMACHINELOGENTRY, 503@client-228C6D0CB344
2023-11-07 01:40:16,199 [s0@group-F9544BEBFE50-StateMachineUpdater] INFO  impl.SimpleStateMachine4Testing (SimpleStateMachine4Testing.java:applyTransaction(248)) - applyTransaction for log index 227
2023-11-07 01:40:16,199 [s0@group-F9544BEBFE50-StateMachineUpdater] INFO  impl.SimpleStateMachine4Testing (SimpleStateMachine4Testing.java:put(205)) - s0: put 227, m113 -> (t:1, i:227), STATEMACHINELOGENTRY, 504@client-228C6D0CB344
2023-11-07 01:40:16,202 [s0@group-F9544BEBFE50-StateMachineUpdater] INFO  impl.SimpleStateMachine4Testing (SimpleStateMachine4Testing.java:applyTransaction(248)) - applyTransaction for log index 229
2023-11-07 01:40:16,202 [s0@group-F9544BEBFE50-StateMachineUpdater] INFO  impl.SimpleStateMachine4Testing (SimpleStateMachine4Testing.java:put(205)) - s0: put 229, m114 -> (t:1, i:229), STATEMACHINELOGENTRY, 505@client-228C6D0CB344
2023-11-07 01:40:16,205 [s0@group-F9544BEBFE50-StateMachineUpdater] INFO  impl.SimpleStateMachine4Testing (SimpleStateMachine4Testing.java:applyTransaction(248)) - applyTransaction for log index 231
2023-11-07 01:40:16,205 [s0@group-F9544BEBFE50-StateMachineUpdater] INFO  impl.SimpleStateMachine4Testing (SimpleStateMachine4Testing.java:put(205)) - s0: put 231, m115 -> (t:1, i:231), STATEMACHINELOGENTRY, 506@client-228C6D0CB344
2023-11-07 01:40:16,207 [s0@group-F9544BEBFE50-StateMachineUpdater] INFO  impl.SimpleStateMachine4Testing (SimpleStateMachine4Testing.java:applyTransaction(248)) - applyTransaction for log index 233
2023-11-07 01:40:16,207 [s0@group-F9544BEBFE50-StateMachineUpdater] INFO  impl.SimpleStateMachine4Testing (SimpleStateMachine4Testing.java:put(205)) - s0: put 233, m116 -> (t:1, i:233), STATEMACHINELOGENTRY, 507@client-228C6D0CB344
2023-11-07 01:40:16,210 [s0@group-F9544BEBFE50-StateMachineUpdater] INFO  impl.SimpleStateMachine4Testing (SimpleStateMachine4Testing.java:applyTransaction(248)) - applyTransaction for log index 235
2023-11-07 01:40:16,211 [s0@group-F9544BEBFE50-StateMachineUpdater] INFO  impl.SimpleStateMachine4Testing (SimpleStateMachine4Testing.java:put(205)) - s0: put 235, m117 -> (t:1, i:235), STATEMACHINELOGENTRY, 508@client-228C6D0CB344
2023-11-07 01:40:16,215 [s0@group-F9544BEBFE50-StateMachineUpdater] INFO  impl.SimpleStateMachine4Testing (SimpleStateMachine4Testing.java:applyTransaction(248)) - applyTransaction for log index 237
2023-11-07 01:40:16,215 [s0@group-F9544BEBFE50-StateMachineUpdater] INFO  impl.SimpleStateMachine4Testing (SimpleStateMachine4Testing.java:put(205)) - s0: put 237, m118 -> (t:1, i:237), STATEMACHINELOGENTRY, 509@client-228C6D0CB344
2023-11-07 01:40:16,218 [s0@group-F9544BEBFE50-StateMachineUpdater] INFO  impl.SimpleStateMachine4Testing (SimpleStateMachine4Testing.java:applyTransaction(248)) - applyTransaction for log index 239
2023-11-07 01:40:16,219 [s0@group-F9544BEBFE50-StateMachineUpdater] INFO  impl.SimpleStateMachine4Testing (SimpleStateMachine4Testing.java:put(205)) - s0: put 239, m119 -> (t:1, i:239), STATEMACHINELOGENTRY, 510@client-228C6D0CB344
2023-11-07 01:40:16,222 [s0@group-F9544BEBFE50-StateMachineUpdater] INFO  impl.SimpleStateMachine4Testing (SimpleStateMachine4Testing.java:applyTransaction(248)) - applyTransaction for log index 241
2023-11-07 01:40:16,222 [s0@group-F9544BEBFE50-StateMachineUpdater] INFO  impl.SimpleStateMachine4Testing (SimpleStateMachine4Testing.java:put(205)) - s0: put 241, m120 -> (t:1, i:241), STATEMACHINELOGENTRY, 511@client-228C6D0CB344
2023-11-07 01:40:16,224 [s0@group-F9544BEBFE50-StateMachineUpdater] INFO  impl.SimpleStateMachine4Testing (SimpleStateMachine4Testing.java:applyTransaction(248)) - applyTransaction for log index 243
2023-11-07 01:40:16,224 [s0@group-F9544BEBFE50-StateMachineUpdater] INFO  impl.SimpleStateMachine4Testing (SimpleStateMachine4Testing.java:put(205)) - s0: put 243, m121 -> (t:1, i:243), STATEMACHINELOGENTRY, 512@client-228C6D0CB344
2023-11-07 01:40:16,227 [s0@group-F9544BEBFE50-StateMachineUpdater] INFO  impl.SimpleStateMachine4Testing (SimpleStateMachine4Testing.java:applyTransaction(248)) - applyTransaction for log index 245
2023-11-07 01:40:16,227 [s0@group-F9544BEBFE50-StateMachineUpdater] INFO  impl.SimpleStateMachine4Testing (SimpleStateMachine4Testing.java:put(205)) - s0: put 245, m122 -> (t:1, i:245), STATEMACHINELOGENTRY, 513@client-228C6D0CB344
2023-11-07 01:40:16,229 [s0@group-F9544BEBFE50-StateMachineUpdater] INFO  impl.SimpleStateMachine4Testing (SimpleStateMachine4Testing.java:applyTransaction(248)) - applyTransaction for log index 247
2023-11-07 01:40:16,229 [s0@group-F9544BEBFE50-StateMachineUpdater] INFO  impl.SimpleStateMachine4Testing (SimpleStateMachine4Testing.java:put(205)) - s0: put 247, m123 -> (t:1, i:247), STATEMACHINELOGENTRY, 514@client-228C6D0CB344
2023-11-07 01:40:16,231 [s0@group-F9544BEBFE50-StateMachineUpdater] INFO  impl.SimpleStateMachine4Testing (SimpleStateMachine4Testing.java:applyTransaction(248)) - applyTransaction for log index 249
2023-11-07 01:40:16,232 [s0@group-F9544BEBFE50-StateMachineUpdater] INFO  impl.SimpleStateMachine4Testing (SimpleStateMachine4Testing.java:put(205)) - s0: put 249, m124 -> (t:1, i:249), STATEMACHINELOGENTRY, 515@client-228C6D0CB344
2023-11-07 01:40:16,234 [s0@group-F9544BEBFE50-StateMachineUpdater] INFO  impl.SimpleStateMachine4Testing (SimpleStateMachine4Testing.java:applyTransaction(248)) - applyTransaction for log index 251
2023-11-07 01:40:16,234 [s0@group-F9544BEBFE50-StateMachineUpdater] INFO  impl.SimpleStateMachine4Testing (SimpleStateMachine4Testing.java:put(205)) - s0: put 251, m125 -> (t:1, i:251), STATEMACHINELOGENTRY, 516@client-228C6D0CB344
2023-11-07 01:40:16,236 [s0@group-F9544BEBFE50-StateMachineUpdater] INFO  impl.SimpleStateMachine4Testing (SimpleStateMachine4Testing.java:applyTransaction(248)) - applyTransaction for log index 253
2023-11-07 01:40:16,236 [s0@group-F9544BEBFE50-StateMachineUpdater] INFO  impl.SimpleStateMachine4Testing (SimpleStateMachine4Testing.java:put(205)) - s0: put 253, m126 -> (t:1, i:253), STATEMACHINELOGENTRY, 517@client-228C6D0CB344
2023-11-07 01:40:16,242 [s0-server-thread1] INFO  server.RaftServer$Division (RaftServerImpl.java:takeSnapshotAsync(1194)) - s0@group-F9544BEBFE50: takeSnapshotAsync SnapshotManagementRequest:client-228C6D0CB344->s0@group-F9544BEBFE50, cid=518, seq=null, RO, null, Create:
2023-11-07 01:40:16,242 [s0-server-thread1] INFO  server.RaftServerConfigKeys (ConfUtils.java:logGet(46)) - raft.server.snapshot.creation.gap = 1024 (default)
2023-11-07 01:40:16,249 [Time-limited test] INFO  impl.MiniRaftCluster (MiniRaftCluster.java:addNewPeers(464)) - Add new peers [s1, s2]
2023-11-07 01:40:16,249 [Time-limited test] INFO  impl.MiniRaftCluster (MiniRaftCluster.java:newRaftServer(382)) - newRaftServer: s1, group-F9544BEBFE50:[], format? true
2023-11-07 01:40:16,249 [Time-limited test] TRACE util.FileUtils (FileUtils.java:deleteFully(305)) - deleteFully target/test/data/1674ca6a/MiniRaftClusterWithGrpc36950c6c/s1
2023-11-07 01:40:16,249 [Time-limited test] TRACE util.FileUtils (FileUtils.java:deleteFully(318)) - deleteFully: target/test/data/1674ca6a/MiniRaftClusterWithGrpc36950c6c/s1 does not exist.
2023-11-07 01:40:16,249 [Time-limited test] INFO  impl.MiniRaftCluster (MiniRaftCluster.java:newRaftServer(387)) - Formatted directory target/test/data/1674ca6a/MiniRaftClusterWithGrpc36950c6c/s1
2023-11-07 01:40:16,250 [Time-limited test] INFO  server.RaftServer (ConfUtils.java:logGet(46)) - raft.rpc.type = GRPC (default)
2023-11-07 01:40:16,250 [Time-limited test] INFO  grpc.GrpcConfigKeys (ConfUtils.java:logFallback(53)) - raft.grpc.admin.host = null (fallback to raft.grpc.server.host)
2023-11-07 01:40:16,250 [Time-limited test] INFO  grpc.GrpcConfigKeys (ConfUtils.java:logFallback(53)) - raft.grpc.admin.port = 42403 (fallback to raft.grpc.server.port)
2023-11-07 01:40:16,250 [Time-limited test] INFO  grpc.GrpcConfigKeys (ConfUtils.java:logFallback(53)) - raft.grpc.client.host = null (fallback to raft.grpc.server.host)
2023-11-07 01:40:16,250 [Time-limited test] INFO  grpc.GrpcConfigKeys (ConfUtils.java:logFallback(53)) - raft.grpc.client.port = 42403 (fallback to raft.grpc.server.port)
2023-11-07 01:40:16,250 [Time-limited test] INFO  grpc.GrpcConfigKeys (ConfUtils.java:logGet(46)) - raft.grpc.server.host = null (default)
2023-11-07 01:40:16,250 [Time-limited test] INFO  grpc.GrpcConfigKeys (ConfUtils.java:logGet(46)) - raft.grpc.server.port = 42403 (custom)
2023-11-07 01:40:16,250 [Time-limited test] INFO  server.GrpcService (ConfUtils.java:logGet(46)) - raft.grpc.message.size.max = 64MB (=67108864) (default)
2023-11-07 01:40:16,250 [Time-limited test] INFO  server.RaftServerConfigKeys (ConfUtils.java:logGet(46)) - raft.server.log.appender.buffer.byte-limit = 4MB (=4194304) (default)
2023-11-07 01:40:16,251 [Time-limited test] INFO  server.GrpcService (ConfUtils.java:logGet(46)) - raft.grpc.flow.control.window = 1MB (=1048576) (default)
2023-11-07 01:40:16,251 [Time-limited test] INFO  server.RaftServerConfigKeys (ConfUtils.java:logGet(46)) - raft.server.rpc.request.timeout = 3000ms (default)
2023-11-07 01:40:16,251 [Time-limited test] INFO  grpc.GrpcConfigKeys (ConfUtils.java:logGet(46)) - raft.grpc.server.heartbeat.channel = true (default)
2023-11-07 01:40:16,251 [Time-limited test] INFO  grpc.GrpcConfigKeys (ConfUtils.java:logGet(46)) - raft.grpc.server.async.request.thread.pool.cached = true (default)
2023-11-07 01:40:16,251 [Time-limited test] INFO  grpc.GrpcConfigKeys (ConfUtils.java:logGet(46)) - raft.grpc.server.async.request.thread.pool.size = 32 (default)
2023-11-07 01:40:16,252 [Time-limited test] INFO  impl.DataStreamServerImpl (ConfUtils.java:logGet(46)) - raft.datastream.type = DISABLED (default)
2023-11-07 01:40:16,252 [Time-limited test] INFO  server.RaftServerConfigKeys (ConfUtils.java:logGet(46)) - raft.server.sleep.deviation.threshold = 300ms (default)
2023-11-07 01:40:16,252 [Time-limited test] INFO  server.RaftServerConfigKeys (ConfUtils.java:logGet(46)) - raft.server.close.threshold = 60s (default)
2023-11-07 01:40:16,252 [Time-limited test] INFO  server.RaftServerConfigKeys (ConfUtils.java:logGet(46)) - raft.server.leaderelection.leader.step-down.wait-time = 10s (default)
2023-11-07 01:40:16,252 [Time-limited test] INFO  server.RaftServerConfigKeys (ConfUtils.java:logGet(46)) - raft.server.storage.dir = [/home/runner/work/ratis/ratis/ratis-test/target/test/data/1674ca6a/MiniRaftClusterWithGrpc36950c6c/s1] (custom)
2023-11-07 01:40:16,252 [Time-limited test] INFO  server.RaftServerConfigKeys (ConfUtils.java:logGet(46)) - raft.server.threadpool.proxy.cached = true (default)
2023-11-07 01:40:16,252 [Time-limited test] INFO  server.RaftServerConfigKeys (ConfUtils.java:logGet(46)) - raft.server.threadpool.proxy.size = 0 (default)
2023-11-07 01:40:16,258 [Time-limited test] INFO  server.RaftServer (RaftServerProxy.java:addNew(100)) - s1: addNew group-F9544BEBFE50:[] returns group-F9544BEBFE50:java.util.concurrent.CompletableFuture@26e27ac1[Not completed]
2023-11-07 01:40:16,259 [Time-limited test] INFO  impl.MiniRaftCluster (MiniRaftCluster.java:newRaftServer(382)) - newRaftServer: s2, group-F9544BEBFE50:[], format? true
2023-11-07 01:40:16,259 [Time-limited test] TRACE util.FileUtils (FileUtils.java:deleteFully(305)) - deleteFully target/test/data/1674ca6a/MiniRaftClusterWithGrpc36950c6c/s2
2023-11-07 01:40:16,259 [Time-limited test] TRACE util.FileUtils (FileUtils.java:deleteFully(318)) - deleteFully: target/test/data/1674ca6a/MiniRaftClusterWithGrpc36950c6c/s2 does not exist.
2023-11-07 01:40:16,259 [Time-limited test] INFO  impl.MiniRaftCluster (MiniRaftCluster.java:newRaftServer(387)) - Formatted directory target/test/data/1674ca6a/MiniRaftClusterWithGrpc36950c6c/s2
2023-11-07 01:40:16,259 [Time-limited test] INFO  server.RaftServer (ConfUtils.java:logGet(46)) - raft.rpc.type = GRPC (default)
2023-11-07 01:40:16,259 [Time-limited test] INFO  grpc.GrpcConfigKeys (ConfUtils.java:logFallback(53)) - raft.grpc.admin.host = null (fallback to raft.grpc.server.host)
2023-11-07 01:40:16,259 [Time-limited test] INFO  grpc.GrpcConfigKeys (ConfUtils.java:logFallback(53)) - raft.grpc.admin.port = 39865 (fallback to raft.grpc.server.port)
2023-11-07 01:40:16,259 [Time-limited test] INFO  grpc.GrpcConfigKeys (ConfUtils.java:logFallback(53)) - raft.grpc.client.host = null (fallback to raft.grpc.server.host)
2023-11-07 01:40:16,259 [Time-limited test] INFO  grpc.GrpcConfigKeys (ConfUtils.java:logFallback(53)) - raft.grpc.client.port = 39865 (fallback to raft.grpc.server.port)
2023-11-07 01:40:16,259 [Time-limited test] INFO  grpc.GrpcConfigKeys (ConfUtils.java:logGet(46)) - raft.grpc.server.host = null (default)
2023-11-07 01:40:16,260 [Time-limited test] INFO  grpc.GrpcConfigKeys (ConfUtils.java:logGet(46)) - raft.grpc.server.port = 39865 (custom)
2023-11-07 01:40:16,260 [Time-limited test] INFO  server.GrpcService (ConfUtils.java:logGet(46)) - raft.grpc.message.size.max = 64MB (=67108864) (default)
2023-11-07 01:40:16,260 [Time-limited test] INFO  server.RaftServerConfigKeys (ConfUtils.java:logGet(46)) - raft.server.log.appender.buffer.byte-limit = 4MB (=4194304) (default)
2023-11-07 01:40:16,260 [Time-limited test] INFO  server.GrpcService (ConfUtils.java:logGet(46)) - raft.grpc.flow.control.window = 1MB (=1048576) (default)
2023-11-07 01:40:16,260 [Time-limited test] INFO  server.RaftServerConfigKeys (ConfUtils.java:logGet(46)) - raft.server.rpc.request.timeout = 3000ms (default)
2023-11-07 01:40:16,260 [Time-limited test] INFO  grpc.GrpcConfigKeys (ConfUtils.java:logGet(46)) - raft.grpc.server.heartbeat.channel = true (default)
2023-11-07 01:40:16,260 [Time-limited test] INFO  grpc.GrpcConfigKeys (ConfUtils.java:logGet(46)) - raft.grpc.server.async.request.thread.pool.cached = true (default)
2023-11-07 01:40:16,260 [Time-limited test] INFO  grpc.GrpcConfigKeys (ConfUtils.java:logGet(46)) - raft.grpc.server.async.request.thread.pool.size = 32 (default)
2023-11-07 01:40:16,261 [Time-limited test] INFO  impl.DataStreamServerImpl (ConfUtils.java:logGet(46)) - raft.datastream.type = DISABLED (default)
2023-11-07 01:40:16,261 [Time-limited test] INFO  server.RaftServerConfigKeys (ConfUtils.java:logGet(46)) - raft.server.sleep.deviation.threshold = 300ms (default)
2023-11-07 01:40:16,261 [Time-limited test] INFO  server.RaftServerConfigKeys (ConfUtils.java:logGet(46)) - raft.server.close.threshold = 60s (default)
2023-11-07 01:40:16,261 [Time-limited test] INFO  server.RaftServerConfigKeys (ConfUtils.java:logGet(46)) - raft.server.leaderelection.leader.step-down.wait-time = 10s (default)
2023-11-07 01:40:16,262 [Time-limited test] INFO  server.RaftServerConfigKeys (ConfUtils.java:logGet(46)) - raft.server.storage.dir = [/home/runner/work/ratis/ratis/ratis-test/target/test/data/1674ca6a/MiniRaftClusterWithGrpc36950c6c/s2] (custom)
2023-11-07 01:40:16,262 [Time-limited test] INFO  server.RaftServerConfigKeys (ConfUtils.java:logGet(46)) - raft.server.threadpool.proxy.cached = true (default)
2023-11-07 01:40:16,262 [Time-limited test] INFO  server.RaftServerConfigKeys (ConfUtils.java:logGet(46)) - raft.server.threadpool.proxy.size = 0 (default)
2023-11-07 01:40:16,262 [s1-groupManagement] INFO  server.RaftServerConfigKeys (ConfUtils.java:logGet(46)) - raft.server.log.segment.size.max = 32MB (=33554432) (default)
2023-11-07 01:40:16,262 [s1-groupManagement] INFO  server.RaftServerConfigKeys (ConfUtils.java:logGet(46)) - raft.server.log.preallocated.size = 4MB (=4194304) (default)
2023-11-07 01:40:16,262 [s1-groupManagement] INFO  server.RaftServerConfigKeys (ConfUtils.java:logGet(46)) - raft.server.log.write.buffer.size = 64KB (=65536) (default)
2023-11-07 01:40:16,264 [s1-groupManagement] INFO  server.RaftServer$Division (RaftServerImpl.java:<init>(255)) - s1: new RaftServerImpl for group-F9544BEBFE50:[] with StateMachineWithSeparatedSnapshotPath:uninitialized
2023-11-07 01:40:16,264 [s1-groupManagement] INFO  server.RaftServerConfigKeys (ConfUtils.java:logGet(46)) - raft.server.rpc.timeout.min = 150ms (default)
2023-11-07 01:40:16,264 [s1-groupManagement] INFO  server.RaftServerConfigKeys (ConfUtils.java:logGet(46)) - raft.server.rpc.timeout.max = 300ms (default)
2023-11-07 01:40:16,264 [s1-groupManagement] INFO  server.RaftServerConfigKeys (ConfUtils.java:logGet(46)) - raft.server.rpc.sleep.time = 25ms (default)
2023-11-07 01:40:16,264 [s1-groupManagement] INFO  server.RaftServerConfigKeys (ConfUtils.java:logGet(46)) - raft.server.rpc.slowness.timeout = 60s (default)
2023-11-07 01:40:16,264 [s1-groupManagement] INFO  server.RaftServerConfigKeys (ConfUtils.java:logGet(46)) - raft.server.leaderelection.leader.step-down.wait-time = 10s (default)
2023-11-07 01:40:16,264 [s1-groupManagement] INFO  server.RaftServerConfigKeys (ConfUtils.java:logGet(46)) - raft.server.sleep.deviation.threshold = 300ms (default)
2023-11-07 01:40:16,264 [s1-groupManagement] INFO  server.RaftServer$Division (ServerState.java:<init>(113)) - s1@group-F9544BEBFE50: ConfigurationManager, init=-1: peers:[]|listeners:[], old=null, confs=<EMPTY_MAP>
2023-11-07 01:40:16,265 [s1-groupManagement] INFO  server.RaftServerConfigKeys (ConfUtils.java:logGet(46)) - raft.server.notification.no-leader.timeout = 60s (default)
2023-11-07 01:40:16,265 [s1-groupManagement] INFO  server.RaftServerConfigKeys (ConfUtils.java:logGet(46)) - raft.server.read.timeout = 10s (default)
2023-11-07 01:40:16,265 [s1-groupManagement] INFO  server.RaftServerConfigKeys (ConfUtils.java:logGet(46)) - raft.server.retrycache.expirytime = 60s (default)
2023-11-07 01:40:16,265 [s1-groupManagement] INFO  server.RaftServerConfigKeys (ConfUtils.java:logGet(46)) - raft.server.retrycache.statistics.expirytime = 100ms (default)
2023-11-07 01:40:16,265 [s1-groupManagement] INFO  server.RaftServerConfigKeys (ConfUtils.java:logGet(46)) - raft.server.read.option = DEFAULT (default)
2023-11-07 01:40:16,265 [s1-groupManagement] INFO  server.RaftServerConfigKeys (ConfUtils.java:logGet(46)) - raft.server.read.read-after-write-consistent.write-index-cache.expiry-time = 60s (default)
2023-11-07 01:40:16,266 [s1-groupManagement] INFO  server.RaftServerConfigKeys (ConfUtils.java:logGet(46)) - raft.server.rpc.request.timeout = 3000ms (default)
2023-11-07 01:40:16,266 [s1-groupManagement] INFO  server.RaftServerConfigKeys (ConfUtils.java:logGet(46)) - raft.server.log.appender.install.snapshot.enabled = true (default)
2023-11-07 01:40:16,266 [s1-groupManagement] INFO  server.RaftServerConfigKeys (ConfUtils.java:logGet(46)) - raft.server.threadpool.server.cached = true (default)
2023-11-07 01:40:16,266 [s1-groupManagement] INFO  server.RaftServerConfigKeys (ConfUtils.java:logGet(46)) - raft.server.threadpool.server.size = 0 (default)
2023-11-07 01:40:16,266 [s1-groupManagement] INFO  server.RaftServerConfigKeys (ConfUtils.java:logGet(46)) - raft.server.threadpool.client.cached = true (default)
2023-11-07 01:40:16,266 [s1-groupManagement] INFO  server.RaftServerConfigKeys (ConfUtils.java:logGet(46)) - raft.server.threadpool.client.size = 0 (default)
2023-11-07 01:40:16,267 [Time-limited test] INFO  server.RaftServer (RaftServerProxy.java:addNew(100)) - s2: addNew group-F9544BEBFE50:[] returns group-F9544BEBFE50:java.util.concurrent.CompletableFuture@1654d153[Not completed]
2023-11-07 01:40:16,267 [s1-impl-thread1] INFO  server.RaftServerConfigKeys (ConfUtils.java:logGet(46)) - raft.server.storage.free-space.min = 0MB (=0) (default)
2023-11-07 01:40:16,267 [s1-impl-thread1] INFO  server.RaftServerConfigKeys (ConfUtils.java:logGet(46)) - raft.server.log.corruption.policy = EXCEPTION (default)
2023-11-07 01:40:16,267 [s1-impl-thread1] INFO  server.RaftServerConfigKeys (ConfUtils.java:logGet(46)) - raft.server.storage.dir = [/home/runner/work/ratis/ratis/ratis-test/target/test/data/1674ca6a/MiniRaftClusterWithGrpc36950c6c/s1] (custom)
2023-11-07 01:40:16,267 [s1-impl-thread1] INFO  storage.RaftStorageDirectory (RaftStorageDirectoryImpl.java:analyzeStorage(138)) - The storage directory /home/runner/work/ratis/ratis/ratis-test/target/test/data/1674ca6a/MiniRaftClusterWithGrpc36950c6c/s1/d54660ea-d2ea-4cbf-b3e3-f9544bebfe50 does not exist. Creating ...
2023-11-07 01:40:16,268 [s1-impl-thread1] TRACE util.FileUtils (LogUtils.java:runAndLog(49)) - Successfully ran Files.createDirectories /home/runner/work/ratis/ratis/ratis-test/target/test/data/1674ca6a/MiniRaftClusterWithGrpc36950c6c/s1/d54660ea-d2ea-4cbf-b3e3-f9544bebfe50
2023-11-07 01:40:16,268 [s2-groupManagement] INFO  server.RaftServerConfigKeys (ConfUtils.java:logGet(46)) - raft.server.log.segment.size.max = 32MB (=33554432) (default)
2023-11-07 01:40:16,268 [s2-groupManagement] INFO  server.RaftServerConfigKeys (ConfUtils.java:logGet(46)) - raft.server.log.preallocated.size = 4MB (=4194304) (default)
2023-11-07 01:40:16,269 [s2-groupManagement] INFO  server.RaftServerConfigKeys (ConfUtils.java:logGet(46)) - raft.server.log.write.buffer.size = 64KB (=65536) (default)
2023-11-07 01:40:16,269 [s2-groupManagement] INFO  server.RaftServer$Division (RaftServerImpl.java:<init>(255)) - s2: new RaftServerImpl for group-F9544BEBFE50:[] with StateMachineWithSeparatedSnapshotPath:uninitialized
2023-11-07 01:40:16,269 [s2-groupManagement] INFO  server.RaftServerConfigKeys (ConfUtils.java:logGet(46)) - raft.server.rpc.timeout.min = 150ms (default)
2023-11-07 01:40:16,269 [s2-groupManagement] INFO  server.RaftServerConfigKeys (ConfUtils.java:logGet(46)) - raft.server.rpc.timeout.max = 300ms (default)
2023-11-07 01:40:16,269 [s2-groupManagement] INFO  server.RaftServerConfigKeys (ConfUtils.java:logGet(46)) - raft.server.rpc.sleep.time = 25ms (default)
2023-11-07 01:40:16,269 [s2-groupManagement] INFO  server.RaftServerConfigKeys (ConfUtils.java:logGet(46)) - raft.server.rpc.slowness.timeout = 60s (default)
2023-11-07 01:40:16,269 [s2-groupManagement] INFO  server.RaftServerConfigKeys (ConfUtils.java:logGet(46)) - raft.server.leaderelection.leader.step-down.wait-time = 10s (default)
2023-11-07 01:40:16,269 [s2-groupManagement] INFO  server.RaftServerConfigKeys (ConfUtils.java:logGet(46)) - raft.server.sleep.deviation.threshold = 300ms (default)
2023-11-07 01:40:16,269 [s2-groupManagement] INFO  server.RaftServer$Division (ServerState.java:<init>(113)) - s2@group-F9544BEBFE50: ConfigurationManager, init=-1: peers:[]|listeners:[], old=null, confs=<EMPTY_MAP>
2023-11-07 01:40:16,269 [s1-impl-thread1] INFO  storage.RaftStorageDirectory (RaftStorageDirectoryImpl.java:tryLock(232)) - Lock on /home/runner/work/ratis/ratis/ratis-test/target/test/data/1674ca6a/MiniRaftClusterWithGrpc36950c6c/s1/d54660ea-d2ea-4cbf-b3e3-f9544bebfe50/in_use.lock acquired by nodename 29351@fv-az1231-351
2023-11-07 01:40:16,269 [s1-impl-thread1] TRACE util.FileUtils (LogUtils.java:runAndLog(49)) - Successfully ran Files.createDirectories /home/runner/work/ratis/ratis/ratis-test/target/test/data/1674ca6a/MiniRaftClusterWithGrpc36950c6c/s1/d54660ea-d2ea-4cbf-b3e3-f9544bebfe50/current
2023-11-07 01:40:16,270 [s1-impl-thread1] TRACE util.FileUtils (LogUtils.java:runAndLog(49)) - Successfully ran Files.createDirectories /home/runner/work/ratis/ratis/ratis-test/target/test/data/1674ca6a/MiniRaftClusterWithGrpc36950c6c/s1/d54660ea-d2ea-4cbf-b3e3-f9544bebfe50/sm
2023-11-07 01:40:16,270 [s1-impl-thread1] TRACE util.FileUtils (LogUtils.java:supplyAndLog(69)) - Successfully supplied FileChannel.open /home/runner/work/ratis/ratis/ratis-test/target/test/data/1674ca6a/MiniRaftClusterWithGrpc36950c6c/s1/d54660ea-d2ea-4cbf-b3e3-f9544bebfe50/current/raft-meta.tmp with options [CREATE, WRITE]: sun.nio.ch.FileChannelImpl@25d6b322
2023-11-07 01:40:16,270 [s2-groupManagement] INFO  server.RaftServerConfigKeys (ConfUtils.java:logGet(46)) - raft.server.notification.no-leader.timeout = 60s (default)
2023-11-07 01:40:16,270 [s2-groupManagement] INFO  server.RaftServerConfigKeys (ConfUtils.java:logGet(46)) - raft.server.read.timeout = 10s (default)
2023-11-07 01:40:16,270 [s2-groupManagement] INFO  server.RaftServerConfigKeys (ConfUtils.java:logGet(46)) - raft.server.retrycache.expirytime = 60s (default)
2023-11-07 01:40:16,270 [s2-groupManagement] INFO  server.RaftServerConfigKeys (ConfUtils.java:logGet(46)) - raft.server.retrycache.statistics.expirytime = 100ms (default)
2023-11-07 01:40:16,271 [s1-impl-thread1] TRACE util.FileUtils (LogUtils.java:runAndLog(49)) - Successfully ran Atomic Files.move /home/runner/work/ratis/ratis/ratis-test/target/test/data/1674ca6a/MiniRaftClusterWithGrpc36950c6c/s1/d54660ea-d2ea-4cbf-b3e3-f9544bebfe50/current/raft-meta.tmp to /home/runner/work/ratis/ratis/ratis-test/target/test/data/1674ca6a/MiniRaftClusterWithGrpc36950c6c/s1/d54660ea-d2ea-4cbf-b3e3-f9544bebfe50/current/raft-meta with options [REPLACE_EXISTING]
2023-11-07 01:40:16,271 [s1-impl-thread1] INFO  storage.RaftStorage (RaftStorageImpl.java:format(97)) - Storage directory /home/runner/work/ratis/ratis/ratis-test/target/test/data/1674ca6a/MiniRaftClusterWithGrpc36950c6c/s1/d54660ea-d2ea-4cbf-b3e3-f9544bebfe50 has been successfully formatted.
2023-11-07 01:40:16,271 [s1-impl-thread1] INFO  impl.SimpleStateMachine4Testing (SimpleStateMachine4Testing.java:initialize(213)) - Initializing StateMachineWithSeparatedSnapshotPath:uninitialized
2023-11-07 01:40:16,271 [s1-impl-thread1] INFO  impl.SimpleStateMachine4Testing (SimpleStateMachine4Testing.java:loadSnapshot(296)) - Loading snapshot null
2023-11-07 01:40:16,271 [s1-impl-thread1] TRACE util.FileUtils (FileUtils.java:deleteFully(305)) - deleteFully /tmp/ratis-tests/statemachine/s1
2023-11-07 01:40:16,272 [s1-impl-thread1] TRACE util.FileUtils (LogUtils.java:runAndLog(49)) - Successfully ran Files.delete /tmp/ratis-tests/statemachine/s1/tmp
2023-11-07 01:40:16,272 [s1-impl-thread1] TRACE util.FileUtils (LogUtils.java:runAndLog(49)) - Successfully ran Files.delete /tmp/ratis-tests/statemachine/s1/snapshot/1_259/vegetable
2023-11-07 01:40:16,272 [s1-impl-thread1] TRACE util.FileUtils (LogUtils.java:runAndLog(49)) - Successfully ran Files.delete /tmp/ratis-tests/statemachine/s1/snapshot/1_259/deer
2023-11-07 01:40:16,272 [s1-impl-thread1] TRACE util.FileUtils (LogUtils.java:runAndLog(49)) - Successfully ran Files.delete /tmp/ratis-tests/statemachine/s1/snapshot/1_259/loves
2023-11-07 01:40:16,272 [s1-impl-thread1] TRACE util.FileUtils (LogUtils.java:runAndLog(49)) - Successfully ran Files.delete /tmp/ratis-tests/statemachine/s1/snapshot/1_259
2023-11-07 01:40:16,272 [s1-impl-thread1] TRACE util.FileUtils (LogUtils.java:runAndLog(49)) - Successfully ran Files.delete /tmp/ratis-tests/statemachine/s1/snapshot/1_257/vegetable
2023-11-07 01:40:16,272 [s1-impl-thread1] TRACE util.FileUtils (LogUtils.java:runAndLog(49)) - Successfully ran Files.delete /tmp/ratis-tests/statemachine/s1/snapshot/1_257/deer
2023-11-07 01:40:16,272 [s1-impl-thread1] TRACE util.FileUtils (LogUtils.java:runAndLog(49)) - Successfully ran Files.delete /tmp/ratis-tests/statemachine/s1/snapshot/1_257/loves
2023-11-07 01:40:16,273 [s1-impl-thread1] TRACE util.FileUtils (LogUtils.java:runAndLog(49)) - Successfully ran Files.delete /tmp/ratis-tests/statemachine/s1/snapshot/1_257
2023-11-07 01:40:16,273 [s1-impl-thread1] TRACE util.FileUtils (LogUtils.java:runAndLog(49)) - Successfully ran Files.delete /tmp/ratis-tests/statemachine/s1/snapshot/1_191/vegetable
2023-11-07 01:40:16,273 [s1-impl-thread1] TRACE util.FileUtils (LogUtils.java:runAndLog(49)) - Successfully ran Files.delete /tmp/ratis-tests/statemachine/s1/snapshot/1_191/loves.md5
2023-11-07 01:40:16,273 [s1-impl-thread1] TRACE util.FileUtils (LogUtils.java:runAndLog(49)) - Successfully ran Files.delete /tmp/ratis-tests/statemachine/s1/snapshot/1_191/deer
2023-11-07 01:40:16,273 [s1-impl-thread1] TRACE util.FileUtils (LogUtils.java:runAndLog(49)) - Successfully ran Files.delete /tmp/ratis-tests/statemachine/s1/snapshot/1_191/vegetable.md5
2023-11-07 01:40:16,273 [s1-impl-thread1] TRACE util.FileUtils (LogUtils.java:runAndLog(49)) - Successfully ran Files.delete /tmp/ratis-tests/statemachine/s1/snapshot/1_191/loves
2023-11-07 01:40:16,273 [s1-impl-thread1] TRACE util.FileUtils (LogUtils.java:runAndLog(49)) - Successfully ran Files.delete /tmp/ratis-tests/statemachine/s1/snapshot/1_191/deer.md5
2023-11-07 01:40:16,273 [s1-impl-thread1] TRACE util.FileUtils (LogUtils.java:runAndLog(49)) - Successfully ran Files.delete /tmp/ratis-tests/statemachine/s1/snapshot/1_191
2023-11-07 01:40:16,273 [s1-impl-thread1] TRACE util.FileUtils (LogUtils.java:runAndLog(49)) - Successfully ran Files.delete /tmp/ratis-tests/statemachine/s1/snapshot
2023-11-07 01:40:16,273 [s1-impl-thread1] TRACE util.FileUtils (LogUtils.java:runAndLog(49)) - Successfully ran Files.delete /tmp/ratis-tests/statemachine/s1
2023-11-07 01:40:16,274 [s1-impl-thread1] INFO  server.RaftServerConfigKeys (ConfUtils.java:logGet(46)) - raft.server.log.use.memory = false (default)
2023-11-07 01:40:16,274 [s1-impl-thread1] INFO  server.RaftServerConfigKeys (ConfUtils.java:logGet(46)) - raft.server.log.purge.gap = 8 (custom)
2023-11-07 01:40:16,274 [s1-impl-thread1] INFO  server.RaftServerConfigKeys (ConfUtils.java:logGet(46)) - raft.server.log.appender.buffer.byte-limit = 4MB (=4194304) (default)
2023-11-07 01:40:16,274 [s1-impl-thread1] INFO  server.RaftServerConfigKeys (ConfUtils.java:logGet(46)) - raft.server.log.statemachine.data.read.timeout = 1000ms (default)
2023-11-07 01:40:16,274 [s1-impl-thread1] INFO  server.RaftServerConfigKeys (ConfUtils.java:logGet(46)) - raft.server.log.purge.preservation.log.num = 0 (default)
2023-11-07 01:40:16,275 [s1-impl-thread1] INFO  server.RaftServerConfigKeys (ConfUtils.java:logGet(46)) - raft.server.log.segment.size.max = 32MB (=33554432) (default)
2023-11-07 01:40:16,275 [s1-impl-thread1] INFO  server.RaftServerConfigKeys (ConfUtils.java:logGet(46)) - raft.server.log.segment.cache.num.max = 6 (default)
2023-11-07 01:40:16,275 [s1-impl-thread1] INFO  server.RaftServerConfigKeys (ConfUtils.java:logGet(46)) - raft.server.log.segment.cache.size.max = 200MB (=209715200) (default)
2023-11-07 01:40:16,275 [s1-impl-thread1] INFO  server.RaftServerConfigKeys (ConfUtils.java:logGet(46)) - raft.server.log.appender.buffer.byte-limit = 4MB (=4194304) (default)
2023-11-07 01:40:16,275 [s2-groupManagement] INFO  server.RaftServerConfigKeys (ConfUtils.java:logGet(46)) - raft.server.read.option = DEFAULT (default)
2023-11-07 01:40:16,275 [s2-groupManagement] INFO  server.RaftServerConfigKeys (ConfUtils.java:logGet(46)) - raft.server.read.read-after-write-consistent.write-index-cache.expiry-time = 60s (default)
2023-11-07 01:40:16,279 [s2-groupManagement] INFO  server.RaftServerConfigKeys (ConfUtils.java:logGet(46)) - raft.server.rpc.request.timeout = 3000ms (default)
2023-11-07 01:40:16,280 [s1-impl-thread1] INFO  util.AwaitToRun (AwaitToRun.java:start(81)) - Thread[s1@group-F9544BEBFE50-cacheEviction-AwaitToRun,5,main] started
2023-11-07 01:40:16,280 [s1-impl-thread1] INFO  segmented.SegmentedRaftLogWorker (SegmentedRaftLogWorker.java:<init>(184)) - new s1@group-F9544BEBFE50-SegmentedRaftLogWorker for RaftStorageImpl:Storage Directory /home/runner/work/ratis/ratis/ratis-test/target/test/data/1674ca6a/MiniRaftClusterWithGrpc36950c6c/s1/d54660ea-d2ea-4cbf-b3e3-f9544bebfe50
2023-11-07 01:40:16,280 [s1-impl-thread1] INFO  server.RaftServerConfigKeys (ConfUtils.java:logGet(46)) - raft.server.log.queue.byte-limit = 64MB (=67108864) (default)
2023-11-07 01:40:16,280 [s1-impl-thread1] INFO  server.RaftServerConfigKeys (ConfUtils.java:logGet(46)) - raft.server.log.queue.element-limit = 4096 (default)
2023-11-07 01:40:16,280 [s1-impl-thread1] INFO  server.RaftServerConfigKeys (ConfUtils.java:logGet(46)) - raft.server.log.segment.size.max = 32MB (=33554432) (default)
2023-11-07 01:40:16,280 [s1-impl-thread1] INFO  server.RaftServerConfigKeys (ConfUtils.java:logGet(46)) - raft.server.log.preallocated.size = 4MB (=4194304) (default)
2023-11-07 01:40:16,280 [s1-impl-thread1] INFO  server.RaftServerConfigKeys (ConfUtils.java:logGet(46)) - raft.server.log.force.sync.num = 128 (default)
2023-11-07 01:40:16,280 [s1-impl-thread1] INFO  server.RaftServerConfigKeys (ConfUtils.java:logGet(46)) - raft.server.log.statemachine.data.sync = true (default)
2023-11-07 01:40:16,280 [s1-impl-thread1] INFO  server.RaftServerConfigKeys (ConfUtils.java:logGet(46)) - raft.server.log.statemachine.data.sync.timeout = 10s (default)
2023-11-07 01:40:16,280 [s1-impl-thread1] INFO  server.RaftServerConfigKeys (ConfUtils.java:logGet(46)) - raft.server.log.statemachine.data.sync.timeout.retry = -1 (default)
2023-11-07 01:40:16,280 [s1-impl-thread1] INFO  server.RaftServerConfigKeys (ConfUtils.java:logGet(46)) - raft.server.log.write.buffer.size = 64KB (=65536) (default)
2023-11-07 01:40:16,280 [s1-impl-thread1] INFO  server.RaftServerConfigKeys (ConfUtils.java:logGet(46)) - raft.server.log.appender.buffer.byte-limit = 4MB (=4194304) (default)
2023-11-07 01:40:16,281 [s1-impl-thread1] INFO  server.RaftServerConfigKeys (ConfUtils.java:logGet(46)) - raft.server.log.unsafe-flush.enabled = false (default)
2023-11-07 01:40:16,281 [s1-impl-thread1] INFO  server.RaftServerConfigKeys (ConfUtils.java:logGet(46)) - raft.server.log.async-flush.enabled = false (default)
2023-11-07 01:40:16,281 [s1-impl-thread1] INFO  server.RaftServerConfigKeys (ConfUtils.java:logGet(46)) - raft.server.log.statemachine.data.caching.enabled = false (default)
2023-11-07 01:40:16,282 [s1-impl-thread1] INFO  segmented.SegmentedRaftLogWorker (SegmentedRaftLogWorker.java:lambda$new$0(135)) - s1@group-F9544BEBFE50-SegmentedRaftLogWorker: flushIndex: setUnconditionally 0 -> -1
2023-11-07 01:40:16,282 [s1-impl-thread1] INFO  segmented.SegmentedRaftLogWorker (SegmentedRaftLogWorker.java:lambda$new$0(135)) - s1@group-F9544BEBFE50-SegmentedRaftLogWorker: safeCacheEvictIndex: setUnconditionally 0 -> -1
2023-11-07 01:40:16,282 [s2-groupManagement] INFO  server.RaftServerConfigKeys (ConfUtils.java:logGet(46)) - raft.server.log.appender.install.snapshot.enabled = true (default)
2023-11-07 01:40:16,282 [s2-groupManagement] INFO  server.RaftServerConfigKeys (ConfUtils.java:logGet(46)) - raft.server.threadpool.server.cached = true (default)
2023-11-07 01:40:16,283 [s2-groupManagement] INFO  server.RaftServerConfigKeys (ConfUtils.java:logGet(46)) - raft.server.threadpool.server.size = 0 (default)
2023-11-07 01:40:16,283 [s2-groupManagement] INFO  server.RaftServerConfigKeys (ConfUtils.java:logGet(46)) - raft.server.threadpool.client.cached = true (default)
2023-11-07 01:40:16,283 [s2-groupManagement] INFO  server.RaftServerConfigKeys (ConfUtils.java:logGet(46)) - raft.server.threadpool.client.size = 0 (default)
2023-11-07 01:40:16,283 [s1-impl-thread1] INFO  server.RaftServer$Division (RaftServerImpl.java:start(396)) - s1@group-F9544BEBFE50: start with initializing state, conf=-1: peers:[]|listeners:[], old=null
2023-11-07 01:40:16,283 [s1-impl-thread1] INFO  server.RaftServer$Division (RaftServerImpl.java:setRole(377)) - s1@group-F9544BEBFE50: changes role from      null to FOLLOWER at term 0 for startInitializing
2023-11-07 01:40:16,283 [s1-impl-thread1] INFO  util.JmxRegister (JmxRegister.java:tryRegister(44)) - Successfully registered JMX Bean with object name Ratis:service=RaftServer,group=group-F9544BEBFE50,id=s1
2023-11-07 01:40:16,283 [s1-impl-thread1] INFO  server.RaftServerConfigKeys (ConfUtils.java:logGet(46)) - raft.server.snapshot.trigger-when-stop.enabled = true (default)
2023-11-07 01:40:16,283 [s1-impl-thread1] INFO  server.RaftServerConfigKeys (ConfUtils.java:logGet(46)) - raft.server.snapshot.auto.trigger.enabled = true (custom)
2023-11-07 01:40:16,283 [s1-impl-thread1] INFO  server.RaftServerConfigKeys (ConfUtils.java:logGet(46)) - raft.server.snapshot.auto.trigger.threshold = 64 (custom)
2023-11-07 01:40:16,283 [s1-impl-thread1] INFO  server.RaftServerConfigKeys (ConfUtils.java:logGet(46)) - raft.server.snapshot.retention.file.num = -1 (default)
2023-11-07 01:40:16,283 [s1-impl-thread1] INFO  server.RaftServerConfigKeys (ConfUtils.java:logGet(46)) - raft.server.log.purge.upto.snapshot.index = false (default)
2023-11-07 01:40:16,284 [Time-limited test] INFO  server.RaftServer (RaftServerProxy.java:startImpl(406)) - s1: start RPC server
2023-11-07 01:40:16,285 [Time-limited test] INFO  server.GrpcService (GrpcService.java:startImpl(302)) - s1: GrpcService started, listening on 42403
2023-11-07 01:40:16,287 [s2-impl-thread1] INFO  server.RaftServerConfigKeys (ConfUtils.java:logGet(46)) - raft.server.storage.free-space.min = 0MB (=0) (default)
2023-11-07 01:40:16,287 [JvmPauseMonitor10] INFO  util.JvmPauseMonitor (JvmPauseMonitor.java:run(146)) - JvmPauseMonitor-s1: Started
2023-11-07 01:40:16,287 [s2-impl-thread1] INFO  server.RaftServerConfigKeys (ConfUtils.java:logGet(46)) - raft.server.log.corruption.policy = EXCEPTION (default)
2023-11-07 01:40:16,287 [s2-impl-thread1] INFO  server.RaftServerConfigKeys (ConfUtils.java:logGet(46)) - raft.server.storage.dir = [/home/runner/work/ratis/ratis/ratis-test/target/test/data/1674ca6a/MiniRaftClusterWithGrpc36950c6c/s2] (custom)
2023-11-07 01:40:16,287 [s2-impl-thread1] INFO  storage.RaftStorageDirectory (RaftStorageDirectoryImpl.java:analyzeStorage(138)) - The storage directory /home/runner/work/ratis/ratis/ratis-test/target/test/data/1674ca6a/MiniRaftClusterWithGrpc36950c6c/s2/d54660ea-d2ea-4cbf-b3e3-f9544bebfe50 does not exist. Creating ...
2023-11-07 01:40:16,287 [s2-impl-thread1] TRACE util.FileUtils (LogUtils.java:runAndLog(49)) - Successfully ran Files.createDirectories /home/runner/work/ratis/ratis/ratis-test/target/test/data/1674ca6a/MiniRaftClusterWithGrpc36950c6c/s2/d54660ea-d2ea-4cbf-b3e3-f9544bebfe50
2023-11-07 01:40:16,289 [s2-impl-thread1] INFO  storage.RaftStorageDirectory (RaftStorageDirectoryImpl.java:tryLock(232)) - Lock on /home/runner/work/ratis/ratis/ratis-test/target/test/data/1674ca6a/MiniRaftClusterWithGrpc36950c6c/s2/d54660ea-d2ea-4cbf-b3e3-f9544bebfe50/in_use.lock acquired by nodename 29351@fv-az1231-351
2023-11-07 01:40:16,289 [s2-impl-thread1] TRACE util.FileUtils (LogUtils.java:runAndLog(49)) - Successfully ran Files.createDirectories /home/runner/work/ratis/ratis/ratis-test/target/test/data/1674ca6a/MiniRaftClusterWithGrpc36950c6c/s2/d54660ea-d2ea-4cbf-b3e3-f9544bebfe50/current
2023-11-07 01:40:16,289 [s2-impl-thread1] TRACE util.FileUtils (LogUtils.java:runAndLog(49)) - Successfully ran Files.createDirectories /home/runner/work/ratis/ratis/ratis-test/target/test/data/1674ca6a/MiniRaftClusterWithGrpc36950c6c/s2/d54660ea-d2ea-4cbf-b3e3-f9544bebfe50/sm
2023-11-07 01:40:16,289 [s2-impl-thread1] TRACE util.FileUtils (LogUtils.java:supplyAndLog(69)) - Successfully supplied FileChannel.open /home/runner/work/ratis/ratis/ratis-test/target/test/data/1674ca6a/MiniRaftClusterWithGrpc36950c6c/s2/d54660ea-d2ea-4cbf-b3e3-f9544bebfe50/current/raft-meta.tmp with options [CREATE, WRITE]: sun.nio.ch.FileChannelImpl@32e71fb
2023-11-07 01:40:16,291 [s2-impl-thread1] TRACE util.FileUtils (LogUtils.java:runAndLog(49)) - Successfully ran Atomic Files.move /home/runner/work/ratis/ratis/ratis-test/target/test/data/1674ca6a/MiniRaftClusterWithGrpc36950c6c/s2/d54660ea-d2ea-4cbf-b3e3-f9544bebfe50/current/raft-meta.tmp to /home/runner/work/ratis/ratis/ratis-test/target/test/data/1674ca6a/MiniRaftClusterWithGrpc36950c6c/s2/d54660ea-d2ea-4cbf-b3e3-f9544bebfe50/current/raft-meta with options [REPLACE_EXISTING]
2023-11-07 01:40:16,291 [s2-impl-thread1] INFO  storage.RaftStorage (RaftStorageImpl.java:format(97)) - Storage directory /home/runner/work/ratis/ratis/ratis-test/target/test/data/1674ca6a/MiniRaftClusterWithGrpc36950c6c/s2/d54660ea-d2ea-4cbf-b3e3-f9544bebfe50 has been successfully formatted.
2023-11-07 01:40:16,291 [s2-impl-thread1] INFO  impl.SimpleStateMachine4Testing (SimpleStateMachine4Testing.java:initialize(213)) - Initializing StateMachineWithSeparatedSnapshotPath:uninitialized
2023-11-07 01:40:16,291 [s2-impl-thread1] INFO  impl.SimpleStateMachine4Testing (SimpleStateMachine4Testing.java:loadSnapshot(296)) - Loading snapshot null
2023-11-07 01:40:16,291 [s2-impl-thread1] TRACE util.FileUtils (FileUtils.java:deleteFully(305)) - deleteFully /tmp/ratis-tests/statemachine/s2
2023-11-07 01:40:16,291 [s2-impl-thread1] TRACE util.FileUtils (LogUtils.java:runAndLog(49)) - Successfully ran Files.delete /tmp/ratis-tests/statemachine/s2/tmp
2023-11-07 01:40:16,291 [s2-impl-thread1] TRACE util.FileUtils (LogUtils.java:runAndLog(49)) - Successfully ran Files.delete /tmp/ratis-tests/statemachine/s2/snapshot/1_259/vegetable
2023-11-07 01:40:16,291 [s2-impl-thread1] TRACE util.FileUtils (LogUtils.java:runAndLog(49)) - Successfully ran Files.delete /tmp/ratis-tests/statemachine/s2/snapshot/1_259/deer
2023-11-07 01:40:16,292 [s2-impl-thread1] TRACE util.FileUtils (LogUtils.java:runAndLog(49)) - Successfully ran Files.delete /tmp/ratis-tests/statemachine/s2/snapshot/1_259/loves
2023-11-07 01:40:16,292 [s2-impl-thread1] TRACE util.FileUtils (LogUtils.java:runAndLog(49)) - Successfully ran Files.delete /tmp/ratis-tests/statemachine/s2/snapshot/1_259
2023-11-07 01:40:16,292 [s2-impl-thread1] TRACE util.FileUtils (LogUtils.java:runAndLog(49)) - Successfully ran Files.delete /tmp/ratis-tests/statemachine/s2/snapshot/1_255/vegetable
2023-11-07 01:40:16,292 [s2-impl-thread1] TRACE util.FileUtils (LogUtils.java:runAndLog(49)) - Successfully ran Files.delete /tmp/ratis-tests/statemachine/s2/snapshot/1_255/loves.md5
2023-11-07 01:40:16,292 [s2-impl-thread1] TRACE util.FileUtils (LogUtils.java:runAndLog(49)) - Successfully ran Files.delete /tmp/ratis-tests/statemachine/s2/snapshot/1_255/deer
2023-11-07 01:40:16,292 [s2-impl-thread1] TRACE util.FileUtils (LogUtils.java:runAndLog(49)) - Successfully ran Files.delete /tmp/ratis-tests/statemachine/s2/snapshot/1_255/vegetable.md5
2023-11-07 01:40:16,292 [s2-impl-thread1] TRACE util.FileUtils (LogUtils.java:runAndLog(49)) - Successfully ran Files.delete /tmp/ratis-tests/statemachine/s2/snapshot/1_255/loves
2023-11-07 01:40:16,292 [s2-impl-thread1] TRACE util.FileUtils (LogUtils.java:runAndLog(49)) - Successfully ran Files.delete /tmp/ratis-tests/statemachine/s2/snapshot/1_255/deer.md5
2023-11-07 01:40:16,292 [s2-impl-thread1] TRACE util.FileUtils (LogUtils.java:runAndLog(49)) - Successfully ran Files.delete /tmp/ratis-tests/statemachine/s2/snapshot/1_255
2023-11-07 01:40:16,292 [s2-impl-thread1] TRACE util.FileUtils (LogUtils.java:runAndLog(49)) - Successfully ran Files.delete /tmp/ratis-tests/statemachine/s2/snapshot
2023-11-07 01:40:16,293 [s2-impl-thread1] TRACE util.FileUtils (LogUtils.java:runAndLog(49)) - Successfully ran Files.delete /tmp/ratis-tests/statemachine/s2
2023-11-07 01:40:16,293 [s2-impl-thread1] INFO  server.RaftServerConfigKeys (ConfUtils.java:logGet(46)) - raft.server.log.use.memory = false (default)
2023-11-07 01:40:16,293 [s2-impl-thread1] INFO  server.RaftServerConfigKeys (ConfUtils.java:logGet(46)) - raft.server.log.purge.gap = 8 (custom)
2023-11-07 01:40:16,293 [s2-impl-thread1] INFO  server.RaftServerConfigKeys (ConfUtils.java:logGet(46)) - raft.server.log.appender.buffer.byte-limit = 4MB (=4194304) (default)
2023-11-07 01:40:16,293 [s2-impl-thread1] INFO  server.RaftServerConfigKeys (ConfUtils.java:logGet(46)) - raft.server.log.statemachine.data.read.timeout = 1000ms (default)
2023-11-07 01:40:16,293 [s2-impl-thread1] INFO  server.RaftServerConfigKeys (ConfUtils.java:logGet(46)) - raft.server.log.purge.preservation.log.num = 0 (default)
2023-11-07 01:40:16,294 [s2-impl-thread1] INFO  server.RaftServerConfigKeys (ConfUtils.java:logGet(46)) - raft.server.log.segment.size.max = 32MB (=33554432) (default)
2023-11-07 01:40:16,294 [s2-impl-thread1] INFO  server.RaftServerConfigKeys (ConfUtils.java:logGet(46)) - raft.server.log.segment.cache.num.max = 6 (default)
2023-11-07 01:40:16,294 [s2-impl-thread1] INFO  server.RaftServerConfigKeys (ConfUtils.java:logGet(46)) - raft.server.log.segment.cache.size.max = 200MB (=209715200) (default)
2023-11-07 01:40:16,294 [s2-impl-thread1] INFO  server.RaftServerConfigKeys (ConfUtils.java:logGet(46)) - raft.server.log.appender.buffer.byte-limit = 4MB (=4194304) (default)
2023-11-07 01:40:16,294 [s2-impl-thread1] INFO  util.AwaitToRun (AwaitToRun.java:start(81)) - Thread[s2@group-F9544BEBFE50-cacheEviction-AwaitToRun,5,main] started
2023-11-07 01:40:16,295 [s2-impl-thread1] INFO  segmented.SegmentedRaftLogWorker (SegmentedRaftLogWorker.java:<init>(184)) - new s2@group-F9544BEBFE50-SegmentedRaftLogWorker for RaftStorageImpl:Storage Directory /home/runner/work/ratis/ratis/ratis-test/target/test/data/1674ca6a/MiniRaftClusterWithGrpc36950c6c/s2/d54660ea-d2ea-4cbf-b3e3-f9544bebfe50
2023-11-07 01:40:16,295 [s2-impl-thread1] INFO  server.RaftServerConfigKeys (ConfUtils.java:logGet(46)) - raft.server.log.queue.byte-limit = 64MB (=67108864) (default)
2023-11-07 01:40:16,295 [s2-impl-thread1] INFO  server.RaftServerConfigKeys (ConfUtils.java:logGet(46)) - raft.server.log.queue.element-limit = 4096 (default)
2023-11-07 01:40:16,295 [s2-impl-thread1] INFO  server.RaftServerConfigKeys (ConfUtils.java:logGet(46)) - raft.server.log.segment.size.max = 32MB (=33554432) (default)
2023-11-07 01:40:16,295 [s2-impl-thread1] INFO  server.RaftServerConfigKeys (ConfUtils.java:logGet(46)) - raft.server.log.preallocated.size = 4MB (=4194304) (default)
2023-11-07 01:40:16,295 [s2-impl-thread1] INFO  server.RaftServerConfigKeys (ConfUtils.java:logGet(46)) - raft.server.log.force.sync.num = 128 (default)
2023-11-07 01:40:16,295 [s2-impl-thread1] INFO  server.RaftServerConfigKeys (ConfUtils.java:logGet(46)) - raft.server.log.statemachine.data.sync = true (default)
2023-11-07 01:40:16,295 [s2-impl-thread1] INFO  server.RaftServerConfigKeys (ConfUtils.java:logGet(46)) - raft.server.log.statemachine.data.sync.timeout = 10s (default)
2023-11-07 01:40:16,295 [s2-impl-thread1] INFO  server.RaftServerConfigKeys (ConfUtils.java:logGet(46)) - raft.server.log.statemachine.data.sync.timeout.retry = -1 (default)
2023-11-07 01:40:16,295 [s2-impl-thread1] INFO  server.RaftServerConfigKeys (ConfUtils.java:logGet(46)) - raft.server.log.write.buffer.size = 64KB (=65536) (default)
2023-11-07 01:40:16,295 [s2-impl-thread1] INFO  server.RaftServerConfigKeys (ConfUtils.java:logGet(46)) - raft.server.log.appender.buffer.byte-limit = 4MB (=4194304) (default)
2023-11-07 01:40:16,296 [s2-impl-thread1] INFO  server.RaftServerConfigKeys (ConfUtils.java:logGet(46)) - raft.server.log.unsafe-flush.enabled = false (default)
2023-11-07 01:40:16,296 [s2-impl-thread1] INFO  server.RaftServerConfigKeys (ConfUtils.java:logGet(46)) - raft.server.log.async-flush.enabled = false (default)
2023-11-07 01:40:16,296 [s2-impl-thread1] INFO  server.RaftServerConfigKeys (ConfUtils.java:logGet(46)) - raft.server.log.statemachine.data.caching.enabled = false (default)
2023-11-07 01:40:16,297 [s2-impl-thread1] INFO  segmented.SegmentedRaftLogWorker (SegmentedRaftLogWorker.java:lambda$new$0(135)) - s2@group-F9544BEBFE50-SegmentedRaftLogWorker: flushIndex: setUnconditionally 0 -> -1
2023-11-07 01:40:16,297 [s2-impl-thread1] INFO  segmented.SegmentedRaftLogWorker (SegmentedRaftLogWorker.java:lambda$new$0(135)) - s2@group-F9544BEBFE50-SegmentedRaftLogWorker: safeCacheEvictIndex: setUnconditionally 0 -> -1
2023-11-07 01:40:16,298 [s2-impl-thread1] INFO  server.RaftServer$Division (RaftServerImpl.java:start(396)) - s2@group-F9544BEBFE50: start with initializing state, conf=-1: peers:[]|listeners:[], old=null
2023-11-07 01:40:16,299 [s2-impl-thread1] INFO  server.RaftServer$Division (RaftServerImpl.java:setRole(377)) - s2@group-F9544BEBFE50: changes role from      null to FOLLOWER at term 0 for startInitializing
2023-11-07 01:40:16,299 [s2-impl-thread1] INFO  util.JmxRegister (JmxRegister.java:tryRegister(44)) - Successfully registered JMX Bean with object name Ratis:service=RaftServer,group=group-F9544BEBFE50,id=s2
2023-11-07 01:40:16,299 [s2-impl-thread1] INFO  server.RaftServerConfigKeys (ConfUtils.java:logGet(46)) - raft.server.snapshot.trigger-when-stop.enabled = true (default)
2023-11-07 01:40:16,299 [s2-impl-thread1] INFO  server.RaftServerConfigKeys (ConfUtils.java:logGet(46)) - raft.server.snapshot.auto.trigger.enabled = true (custom)
2023-11-07 01:40:16,299 [s2-impl-thread1] INFO  server.RaftServerConfigKeys (ConfUtils.java:logGet(46)) - raft.server.snapshot.auto.trigger.threshold = 64 (custom)
2023-11-07 01:40:16,299 [s2-impl-thread1] INFO  server.RaftServerConfigKeys (ConfUtils.java:logGet(46)) - raft.server.snapshot.retention.file.num = -1 (default)
2023-11-07 01:40:16,299 [s2-impl-thread1] INFO  server.RaftServerConfigKeys (ConfUtils.java:logGet(46)) - raft.server.log.purge.upto.snapshot.index = false (default)
2023-11-07 01:40:16,303 [Time-limited test] INFO  server.RaftServer (RaftServerProxy.java:startImpl(406)) - s2: start RPC server
2023-11-07 01:40:16,305 [Time-limited test] INFO  server.GrpcService (GrpcService.java:startImpl(302)) - s2: GrpcService started, listening on 39865
2023-11-07 01:40:16,307 [Time-limited test] INFO  impl.MiniRaftCluster (MiniRaftCluster.java:setConfiguration(819)) - Start changing the configuration: [s0|localhost:43653, s1|0.0.0.0:42403]
2023-11-07 01:40:16,310 [JvmPauseMonitor11] INFO  util.JvmPauseMonitor (JvmPauseMonitor.java:run(146)) - JvmPauseMonitor-s2: Started
2023-11-07 01:40:16,313 [s0-server-thread1] INFO  server.RaftServer$Division (RaftServerImpl.java:setConfigurationAsync(1262)) - s0@group-F9544BEBFE50: receive setConfiguration SetConfigurationRequest:client-3FCC0FF3E810->s0@group-F9544BEBFE50, cid=519, seq=null, RW, null, SET_UNCONDITIONALLY, servers:[s0|localhost:43653, s1|0.0.0.0:42403], listeners:[]
2023-11-07 01:40:16,313 [s0-server-thread1] INFO  server.RaftServer$Division (LeaderStateImpl.java:startSetConfiguration(483)) - s0@group-F9544BEBFE50-LeaderStateImpl: startSetConfiguration SetConfigurationRequest:client-3FCC0FF3E810->s0@group-F9544BEBFE50, cid=519, seq=null, RW, null, SET_UNCONDITIONALLY, servers:[s0|localhost:43653, s1|0.0.0.0:42403], listeners:[]
2023-11-07 01:40:16,314 [s0-server-thread1] INFO  server.RaftServerConfigKeys (ConfUtils.java:logGet(46)) - raft.server.log.appender.snapshot.chunk.size.max = 1k (=1024) (custom)
2023-11-07 01:40:16,314 [s0-server-thread1] INFO  server.RaftServerConfigKeys (ConfUtils.java:logGet(46)) - raft.server.log.appender.buffer.byte-limit = 4MB (=4194304) (default)
2023-11-07 01:40:16,314 [s0-server-thread1] INFO  server.RaftServerConfigKeys (ConfUtils.java:logGet(46)) - raft.server.log.appender.buffer.element-limit = 0 (default)
2023-11-07 01:40:16,314 [s0-server-thread1] INFO  server.RaftServerConfigKeys (ConfUtils.java:logGet(46)) - raft.server.log.appender.wait-time.min = 1ms (default)
2023-11-07 01:40:16,314 [s0-server-thread1] INFO  grpc.GrpcConfigKeys (ConfUtils.java:logGet(46)) - raft.grpc.server.leader.outstanding.appends.max = 8 (default)
2023-11-07 01:40:16,314 [s0-server-thread1] INFO  server.RaftServerConfigKeys (ConfUtils.java:logGet(46)) - raft.server.rpc.request.timeout = 3000ms (default)
2023-11-07 01:40:16,314 [s0-server-thread1] INFO  grpc.GrpcConfigKeys (ConfUtils.java:logGet(46)) - raft.grpc.server.install_snapshot.request.element-limit = 8 (default)
2023-11-07 01:40:16,314 [s0-server-thread1] INFO  grpc.GrpcConfigKeys (ConfUtils.java:logGet(46)) - raft.grpc.server.install_snapshot.request.timeout = 3000ms (default)
2023-11-07 01:40:16,315 [s0-server-thread1] INFO  server.RaftServerConfigKeys (ConfUtils.java:logGet(46)) - raft.server.log.appender.install.snapshot.enabled = true (default)
2023-11-07 01:40:16,315 [s0-server-thread1] INFO  grpc.GrpcConfigKeys (ConfUtils.java:logGet(46)) - raft.grpc.server.heartbeat.channel = true (default)
2023-11-07 01:40:16,319 [s0@group-F9544BEBFE50->s1-GrpcLogAppender-LogAppenderDaemon] INFO  server.GrpcLogAppender (GrpcLogAppender.java:installSnapshot(646)) - s0@group-F9544BEBFE50->s1-GrpcLogAppender: followerNextIndex = 0 but logStartIndex = 0, send snapshot FileListSnapshotInfo(t:1, i:191):[/tmp/ratis-tests/statemachine/s0/snapshot/1_191/vegetable, /tmp/ratis-tests/statemachine/s0/snapshot/1_191/deer, /tmp/ratis-tests/statemachine/s0/snapshot/1_191/loves] to follower
2023-11-07 01:40:16,319 [s0@group-F9544BEBFE50->s1-GrpcLogAppender-LogAppenderDaemon] INFO  server.GrpcServerProtocolClient (GrpcServerProtocolClient.java:<init>(65)) - Build channel for s1
2023-11-07 01:40:16,325 [grpc-default-executor-4] INFO  impl.SnapshotInstallationHandler (SnapshotInstallationHandler.java:installSnapshot(89)) - s1@group-F9544BEBFE50: receive installSnapshot: s0->s1#0-t1,chunk:1f415b66-188a-488c-9bcb-5f140cd8d940,0
2023-11-07 01:40:16,326 [grpc-default-executor-4] TRACE util.FileUtils (LogUtils.java:supplyAndLog(69)) - Successfully supplied FileChannel.open /home/runner/work/ratis/ratis/ratis-test/target/test/data/1674ca6a/MiniRaftClusterWithGrpc36950c6c/s1/d54660ea-d2ea-4cbf-b3e3-f9544bebfe50/current/raft-meta.tmp with options [CREATE, WRITE]: sun.nio.ch.FileChannelImpl@606c6d1a
2023-11-07 01:40:16,329 [grpc-default-executor-4] TRACE util.FileUtils (LogUtils.java:runAndLog(49)) - Successfully ran Atomic Files.move /home/runner/work/ratis/ratis/ratis-test/target/test/data/1674ca6a/MiniRaftClusterWithGrpc36950c6c/s1/d54660ea-d2ea-4cbf-b3e3-f9544bebfe50/current/raft-meta.tmp to /home/runner/work/ratis/ratis/ratis-test/target/test/data/1674ca6a/MiniRaftClusterWithGrpc36950c6c/s1/d54660ea-d2ea-4cbf-b3e3-f9544bebfe50/current/raft-meta with options [REPLACE_EXISTING]
2023-11-07 01:40:16,329 [grpc-default-executor-4] INFO  server.RaftServer$Division (RaftServerImpl.java:setFirstElection(562)) - s1@group-F9544BEBFE50: set firstElectionSinceStartup to false for installSnapshot
2023-11-07 01:40:16,329 [grpc-default-executor-4] INFO  server.RaftServer$Division (ServerState.java:setLeader(265)) - s1@group-F9544BEBFE50: change Leader from null to s0 at term 1 for installSnapshot, leader elected after 64ms
2023-11-07 01:40:16,330 [grpc-default-executor-4] TRACE util.FileUtils (LogUtils.java:runAndLog(49)) - Successfully ran Files.createDirectories /tmp/ratis-tests/statemachine/s1/tmp/snapshot-1f415b66-188a-488c-9bcb-5f140cd8d940
2023-11-07 01:40:16,330 [grpc-default-executor-4] INFO  storage.SnapshotManager (SnapshotManager.java:installSnapshot(89)) - Installing snapshot:s0->s1#0-t1,chunk:1f415b66-188a-488c-9bcb-5f140cd8d940,0, to tmp dir:/tmp/ratis-tests/statemachine/s1/tmp/snapshot-1f415b66-188a-488c-9bcb-5f140cd8d940
2023-11-07 01:40:16,330 [grpc-default-executor-4] TRACE util.FileUtils (LogUtils.java:runAndLog(49)) - Successfully ran Files.createDirectories /tmp/ratis-tests/statemachine/s1/tmp/snapshot-1f415b66-188a-488c-9bcb-5f140cd8d940/1_191
2023-11-07 01:40:16,331 [grpc-default-executor-4] TRACE util.FileUtils (LogUtils.java:supplyAndLog(69)) - Successfully supplied FileChannel.open /tmp/ratis-tests/statemachine/s1/tmp/snapshot-1f415b66-188a-488c-9bcb-5f140cd8d940/1_191/vegetable.md5.tmp with options [CREATE, WRITE]: sun.nio.ch.FileChannelImpl@63f0fc2a
2023-11-07 01:40:16,332 [grpc-default-executor-4] TRACE util.FileUtils (LogUtils.java:runAndLog(49)) - Successfully ran Atomic Files.move /tmp/ratis-tests/statemachine/s1/tmp/snapshot-1f415b66-188a-488c-9bcb-5f140cd8d940/1_191/vegetable.md5.tmp to /tmp/ratis-tests/statemachine/s1/tmp/snapshot-1f415b66-188a-488c-9bcb-5f140cd8d940/1_191/vegetable.md5 with options [REPLACE_EXISTING]
2023-11-07 01:40:16,333 [grpc-default-executor-4] INFO  impl.SnapshotInstallationHandler (SnapshotInstallationHandler.java:installSnapshotImpl(134)) - s1@group-F9544BEBFE50: set new configuration configurationEntry {
  peers {
    id: "s0"
    address: "localhost:43653"
    dataStreamAddress: "localhost:39955"
    clientAddress: "localhost:34411"
    adminAddress: "localhost:42967"
    startupRole: FOLLOWER
  }
}
 from snapshot
2023-11-07 01:40:16,333 [grpc-default-executor-4] INFO  server.RaftServer$Division (ServerState.java:setRaftConf(382)) - s1@group-F9544BEBFE50: set configuration 0: peers:[s0|localhost:43653]|listeners:[], old=null
2023-11-07 01:40:16,333 [grpc-default-executor-4] INFO  impl.SnapshotInstallationHandler (SnapshotInstallationHandler.java:installSnapshot(100)) - s1@group-F9544BEBFE50: reply installSnapshot: s0<-s1#0:OK-t0,SUCCESS,requestIndex=0
2023-11-07 01:40:16,334 [grpc-default-executor-3] INFO  server.GrpcLogAppender (GrpcLogAppender.java:onNext(549)) - s0@group-F9544BEBFE50->s1-InstallSnapshotResponseHandler: received the first reply s0<-s1#0:OK-t0,SUCCESS,requestIndex=0
2023-11-07 01:40:16,334 [grpc-default-executor-3] INFO  server.GrpcLogAppender (GrpcLogAppender.java:onNext(563)) - s0@group-F9544BEBFE50->s1-InstallSnapshotResponseHandler: Completed InstallSnapshot. Reply: serverReply {
  requestorId: "s0"
  replyId: "s1"
  raftGroupId {
    id: "\325F`\352\322\352L\277\263\343\371TK\353\376P"
  }
  success: true
}
requestIndex: 0

2023-11-07 01:40:16,334 [grpc-default-executor-3] INFO  leader.FollowerInfo (FollowerInfoImpl.java:setAttemptedToInstallSnapshot(154)) - Follower s0@group-F9544BEBFE50->s1 acknowledged installing snapshot
2023-11-07 01:40:16,335 [grpc-default-executor-4] INFO  impl.SnapshotInstallationHandler (SnapshotInstallationHandler.java:installSnapshot(89)) - s1@group-F9544BEBFE50: receive installSnapshot: s0->s1#0-t1,chunk:1f415b66-188a-488c-9bcb-5f140cd8d940,1
2023-11-07 01:40:16,335 [grpc-default-executor-4] TRACE util.FileUtils (LogUtils.java:runAndLog(49)) - Successfully ran Files.createDirectories /tmp/ratis-tests/statemachine/s1/tmp/snapshot-1f415b66-188a-488c-9bcb-5f140cd8d940
2023-11-07 01:40:16,335 [grpc-default-executor-4] INFO  storage.SnapshotManager (SnapshotManager.java:installSnapshot(89)) - Installing snapshot:s0->s1#0-t1,chunk:1f415b66-188a-488c-9bcb-5f140cd8d940,1, to tmp dir:/tmp/ratis-tests/statemachine/s1/tmp/snapshot-1f415b66-188a-488c-9bcb-5f140cd8d940
2023-11-07 01:40:16,335 [grpc-default-executor-4] TRACE util.FileUtils (LogUtils.java:runAndLog(49)) - Successfully ran Files.createDirectories /tmp/ratis-tests/statemachine/s1/tmp/snapshot-1f415b66-188a-488c-9bcb-5f140cd8d940/1_191
2023-11-07 01:40:16,336 [grpc-default-executor-4] TRACE util.FileUtils (LogUtils.java:supplyAndLog(69)) - Successfully supplied FileChannel.open /tmp/ratis-tests/statemachine/s1/tmp/snapshot-1f415b66-188a-488c-9bcb-5f140cd8d940/1_191/deer.md5.tmp with options [CREATE, WRITE]: sun.nio.ch.FileChannelImpl@34b5e84
2023-11-07 01:40:16,337 [grpc-default-executor-4] TRACE util.FileUtils (LogUtils.java:runAndLog(49)) - Successfully ran Atomic Files.move /tmp/ratis-tests/statemachine/s1/tmp/snapshot-1f415b66-188a-488c-9bcb-5f140cd8d940/1_191/deer.md5.tmp to /tmp/ratis-tests/statemachine/s1/tmp/snapshot-1f415b66-188a-488c-9bcb-5f140cd8d940/1_191/deer.md5 with options [REPLACE_EXISTING]
2023-11-07 01:40:16,337 [grpc-default-executor-4] INFO  impl.SnapshotInstallationHandler (SnapshotInstallationHandler.java:installSnapshot(100)) - s1@group-F9544BEBFE50: reply installSnapshot: s0<-s1#0:OK-t1,SUCCESS,requestIndex=1
2023-11-07 01:40:16,338 [grpc-default-executor-3] INFO  server.GrpcLogAppender (GrpcLogAppender.java:onNext(549)) - s0@group-F9544BEBFE50->s1-InstallSnapshotResponseHandler: received a reply s0<-s1#0:OK-t1,SUCCESS,requestIndex=1
2023-11-07 01:40:16,338 [grpc-default-executor-3] INFO  server.GrpcLogAppender (GrpcLogAppender.java:onNext(563)) - s0@group-F9544BEBFE50->s1-InstallSnapshotResponseHandler: Completed InstallSnapshot. Reply: serverReply {
  requestorId: "s0"
  replyId: "s1"
  raftGroupId {
    id: "\325F`\352\322\352L\277\263\343\371TK\353\376P"
  }
  success: true
}
term: 1
requestIndex: 1

2023-11-07 01:40:16,338 [grpc-default-executor-3] INFO  leader.FollowerInfo (FollowerInfoImpl.java:setAttemptedToInstallSnapshot(154)) - Follower s0@group-F9544BEBFE50->s1 acknowledged installing snapshot
2023-11-07 01:40:16,338 [grpc-default-executor-4] INFO  impl.SnapshotInstallationHandler (SnapshotInstallationHandler.java:installSnapshot(89)) - s1@group-F9544BEBFE50: receive installSnapshot: s0->s1#0-t1,chunk:1f415b66-188a-488c-9bcb-5f140cd8d940,2
2023-11-07 01:40:16,338 [grpc-default-executor-4] TRACE util.FileUtils (LogUtils.java:runAndLog(49)) - Successfully ran Files.createDirectories /tmp/ratis-tests/statemachine/s1/tmp/snapshot-1f415b66-188a-488c-9bcb-5f140cd8d940
2023-11-07 01:40:16,339 [grpc-default-executor-4] INFO  storage.SnapshotManager (SnapshotManager.java:installSnapshot(89)) - Installing snapshot:s0->s1#0-t1,chunk:1f415b66-188a-488c-9bcb-5f140cd8d940,2, to tmp dir:/tmp/ratis-tests/statemachine/s1/tmp/snapshot-1f415b66-188a-488c-9bcb-5f140cd8d940
2023-11-07 01:40:16,339 [grpc-default-executor-4] TRACE util.FileUtils (LogUtils.java:runAndLog(49)) - Successfully ran Files.createDirectories /tmp/ratis-tests/statemachine/s1/tmp/snapshot-1f415b66-188a-488c-9bcb-5f140cd8d940/1_191
2023-11-07 01:40:16,339 [grpc-default-executor-4] TRACE util.FileUtils (LogUtils.java:supplyAndLog(69)) - Successfully supplied FileChannel.open /tmp/ratis-tests/statemachine/s1/tmp/snapshot-1f415b66-188a-488c-9bcb-5f140cd8d940/1_191/loves.md5.tmp with options [CREATE, WRITE]: sun.nio.ch.FileChannelImpl@67bee36b
2023-11-07 01:40:16,340 [grpc-default-executor-4] TRACE util.FileUtils (LogUtils.java:runAndLog(49)) - Successfully ran Atomic Files.move /tmp/ratis-tests/statemachine/s1/tmp/snapshot-1f415b66-188a-488c-9bcb-5f140cd8d940/1_191/loves.md5.tmp to /tmp/ratis-tests/statemachine/s1/tmp/snapshot-1f415b66-188a-488c-9bcb-5f140cd8d940/1_191/loves.md5 with options [REPLACE_EXISTING]
2023-11-07 01:40:16,340 [grpc-default-executor-4] INFO  storage.SnapshotManager (SnapshotManager.java:rename(168)) - Installed snapshot, renaming temporary dir /tmp/ratis-tests/statemachine/s1/tmp/snapshot-1f415b66-188a-488c-9bcb-5f140cd8d940 to /tmp/ratis-tests/statemachine/s1/snapshot
2023-11-07 01:40:16,341 [grpc-default-executor-4] TRACE util.FileUtils (LogUtils.java:runAndLog(49)) - Successfully ran Atomic Files.move /tmp/ratis-tests/statemachine/s1/snapshot to /tmp/ratis-tests/statemachine/s1/snapshot.tmp20231107-014016_340
2023-11-07 01:40:16,341 [grpc-default-executor-4] TRACE util.FileUtils (LogUtils.java:runAndLog(49)) - Successfully ran Atomic Files.move /tmp/ratis-tests/statemachine/s1/tmp/snapshot-1f415b66-188a-488c-9bcb-5f140cd8d940 to /tmp/ratis-tests/statemachine/s1/snapshot
2023-11-07 01:40:16,341 [grpc-default-executor-4] TRACE util.FileUtils (FileUtils.java:deleteFully(305)) - deleteFully /tmp/ratis-tests/statemachine/s1/snapshot.tmp20231107-014016_340
2023-11-07 01:40:16,341 [grpc-default-executor-4] TRACE util.FileUtils (LogUtils.java:runAndLog(49)) - Successfully ran Files.delete /tmp/ratis-tests/statemachine/s1/snapshot.tmp20231107-014016_340
2023-11-07 01:40:16,341 [grpc-default-executor-4] INFO  raftlog.RaftLog (RaftLogBase.java:lambda$new$0(54)) - s1@group-F9544BEBFE50-SegmentedRaftLog: snapshotIndex: updateIncreasingly -1 -> 191
2023-11-07 01:40:16,341 [s1@group-F9544BEBFE50-StateMachineUpdater] INFO  impl.SimpleStateMachine4Testing (SimpleStateMachine4Testing.java:reinitialize(236)) - Reinitializing StateMachineWithSeparatedSnapshotPath:s1:group-F9544BEBFE50
2023-11-07 01:40:16,341 [grpc-default-executor-4] INFO  segmented.SegmentedRaftLogWorker (SegmentedRaftLogWorker.java:lambda$new$0(135)) - s1@group-F9544BEBFE50-SegmentedRaftLogWorker: flushIndex: setUnconditionally -1 -> 191
2023-11-07 01:40:16,341 [grpc-default-executor-4] INFO  segmented.SegmentedRaftLogWorker (SegmentedRaftLogWorker.java:lambda$new$0(135)) - s1@group-F9544BEBFE50-SegmentedRaftLogWorker: safeCacheEvictIndex: setUnconditionally -1 -> 191
2023-11-07 01:40:16,341 [s1@group-F9544BEBFE50-StateMachineUpdater] INFO  impl.SimpleStateMachine4Testing (SimpleStateMachine4Testing.java:loadSnapshot(296)) - Loading snapshot null
2023-11-07 01:40:16,342 [grpc-default-executor-4] INFO  impl.SnapshotInstallationHandler (SnapshotInstallationHandler.java:checkAndInstallSnapshot(194)) - s1@group-F9544BEBFE50: successfully install the entire snapshot-191
2023-11-07 01:40:16,342 [s1@group-F9544BEBFE50-StateMachineUpdater] INFO  impl.StateMachineUpdater (StateMachineUpdater.java:lambda$new$0(98)) - s1@group-F9544BEBFE50-StateMachineUpdater: snapshotIndex: setUnconditionally -1 -> 191
2023-11-07 01:40:16,342 [s1@group-F9544BEBFE50-StateMachineUpdater] INFO  impl.StateMachineUpdater (StateMachineUpdater.java:lambda$new$0(98)) - s1@group-F9544BEBFE50-StateMachineUpdater: appliedIndex: setUnconditionally -1 -> 191
2023-11-07 01:40:16,342 [grpc-default-executor-4] INFO  impl.SnapshotInstallationHandler (SnapshotInstallationHandler.java:installSnapshot(100)) - s1@group-F9544BEBFE50: reply installSnapshot: s0<-s1#0:OK-t1,SUCCESS,requestIndex=2
2023-11-07 01:40:16,342 [grpc-default-executor-3] INFO  server.GrpcLogAppender (GrpcLogAppender.java:onNext(549)) - s0@group-F9544BEBFE50->s1-InstallSnapshotResponseHandler: received a reply s0<-s1#0:OK-t1,SUCCESS,requestIndex=2
2023-11-07 01:40:16,342 [grpc-default-executor-3] INFO  server.GrpcLogAppender (GrpcLogAppender.java:onNext(563)) - s0@group-F9544BEBFE50->s1-InstallSnapshotResponseHandler: Completed InstallSnapshot. Reply: serverReply {
  requestorId: "s0"
  replyId: "s1"
  raftGroupId {
    id: "\325F`\352\322\352L\277\263\343\371TK\353\376P"
  }
  success: true
}
term: 1
requestIndex: 2

2023-11-07 01:40:16,342 [grpc-default-executor-3] INFO  leader.FollowerInfo (FollowerInfoImpl.java:setAttemptedToInstallSnapshot(154)) - Follower s0@group-F9544BEBFE50->s1 acknowledged installing snapshot
2023-11-07 01:40:16,343 [grpc-default-executor-4] INFO  server.GrpcServerProtocolService (GrpcServerProtocolService.java:onCompleted(157)) - s1: Completed INSTALL_SNAPSHOT, lastRequest: s0->s1#0-t1,chunk:1f415b66-188a-488c-9bcb-5f140cd8d940,2
2023-11-07 01:40:16,343 [grpc-default-executor-4] INFO  server.GrpcServerProtocolService (GrpcServerProtocolService.java:lambda$onCompleted$5(159)) - s1: Completed INSTALL_SNAPSHOT, lastReply: null
2023-11-07 01:40:16,343 [grpc-default-executor-3] INFO  server.GrpcLogAppender (GrpcLogAppender.java:onCompleted(629)) - s0@group-F9544BEBFE50->s1-InstallSnapshotResponseHandler: follower responded installSnapshot COMPLETED
2023-11-07 01:40:16,343 [s0@group-F9544BEBFE50->s1-GrpcLogAppender-LogAppenderDaemon] INFO  leader.FollowerInfo (FollowerInfoImpl.java:info(64)) - s0@group-F9544BEBFE50->s1: snapshotIndex: setUnconditionally 0 -> 191
2023-11-07 01:40:16,344 [s0@group-F9544BEBFE50->s1-GrpcLogAppender-LogAppenderDaemon] INFO  leader.FollowerInfo (FollowerInfoImpl.java:info(64)) - s0@group-F9544BEBFE50->s1: matchIndex: setUnconditionally -1 -> 191
2023-11-07 01:40:16,344 [s0@group-F9544BEBFE50->s1-GrpcLogAppender-LogAppenderDaemon] INFO  leader.FollowerInfo (FollowerInfoImpl.java:info(64)) - s0@group-F9544BEBFE50->s1: nextIndex: setUnconditionally 0 -> 192
2023-11-07 01:40:16,344 [s0@group-F9544BEBFE50->s1-GrpcLogAppender-LogAppenderDaemon] INFO  server.GrpcLogAppender (GrpcLogAppender.java:installSnapshot(685)) - s0@group-F9544BEBFE50->s1-GrpcLogAppender: installed snapshot FileListSnapshotInfo(t:1, i:191):[/tmp/ratis-tests/statemachine/s0/snapshot/1_191/vegetable, /tmp/ratis-tests/statemachine/s0/snapshot/1_191/deer, /tmp/ratis-tests/statemachine/s0/snapshot/1_191/loves] successfully
2023-11-07 01:40:16,357 [s1-server-thread1] INFO  impl.RoleInfo (RoleInfo.java:updateAndGet(139)) - s1: start s1@group-F9544BEBFE50-FollowerState
2023-11-07 01:40:16,363 [s1-server-thread2] INFO  segmented.SegmentedRaftLogWorker (SegmentedRaftLogWorker.java:startLogSegment(428)) - s1@group-F9544BEBFE50-SegmentedRaftLogWorker: Starting segment from index:192
2023-11-07 01:40:16,375 [s1@group-F9544BEBFE50-SegmentedRaftLogWorker] INFO  segmented.SegmentedRaftLogWorker (SegmentedRaftLogWorker.java:execute(632)) - s1@group-F9544BEBFE50-SegmentedRaftLogWorker: created new log segment /home/runner/work/ratis/ratis/ratis-test/target/test/data/1674ca6a/MiniRaftClusterWithGrpc36950c6c/s1/d54660ea-d2ea-4cbf-b3e3-f9544bebfe50/current/log_inprogress_192
2023-11-07 01:40:16,378 [s1@group-F9544BEBFE50-StateMachineUpdater] INFO  impl.SimpleStateMachine4Testing (SimpleStateMachine4Testing.java:applyTransaction(248)) - applyTransaction for log index 193
2023-11-07 01:40:16,378 [s1@group-F9544BEBFE50-StateMachineUpdater] INFO  impl.SimpleStateMachine4Testing (SimpleStateMachine4Testing.java:put(205)) - s1: put 193, m96 -> (t:1, i:193), STATEMACHINELOGENTRY, 487@client-228C6D0CB344
2023-11-07 01:40:16,378 [s1@group-F9544BEBFE50-StateMachineUpdater] INFO  impl.SimpleStateMachine4Testing (SimpleStateMachine4Testing.java:applyTransaction(248)) - applyTransaction for log index 195
2023-11-07 01:40:16,378 [s1@group-F9544BEBFE50-StateMachineUpdater] INFO  impl.SimpleStateMachine4Testing (SimpleStateMachine4Testing.java:put(205)) - s1: put 195, m97 -> (t:1, i:195), STATEMACHINELOGENTRY, 488@client-228C6D0CB344
2023-11-07 01:40:16,378 [s1@group-F9544BEBFE50-StateMachineUpdater] INFO  impl.SimpleStateMachine4Testing (SimpleStateMachine4Testing.java:applyTransaction(248)) - applyTransaction for log index 197
2023-11-07 01:40:16,378 [s1@group-F9544BEBFE50-StateMachineUpdater] INFO  impl.SimpleStateMachine4Testing (SimpleStateMachine4Testing.java:put(205)) - s1: put 197, m98 -> (t:1, i:197), STATEMACHINELOGENTRY, 489@client-228C6D0CB344
2023-11-07 01:40:16,378 [s1@group-F9544BEBFE50-StateMachineUpdater] INFO  impl.SimpleStateMachine4Testing (SimpleStateMachine4Testing.java:applyTransaction(248)) - applyTransaction for log index 199
2023-11-07 01:40:16,378 [s1@group-F9544BEBFE50-StateMachineUpdater] INFO  impl.SimpleStateMachine4Testing (SimpleStateMachine4Testing.java:put(205)) - s1: put 199, m99 -> (t:1, i:199), STATEMACHINELOGENTRY, 490@client-228C6D0CB344
2023-11-07 01:40:16,379 [s1@group-F9544BEBFE50-StateMachineUpdater] INFO  impl.SimpleStateMachine4Testing (SimpleStateMachine4Testing.java:applyTransaction(248)) - applyTransaction for log index 201
2023-11-07 01:40:16,379 [s1@group-F9544BEBFE50-StateMachineUpdater] INFO  impl.SimpleStateMachine4Testing (SimpleStateMachine4Testing.java:put(205)) - s1: put 201, m100 -> (t:1, i:201), STATEMACHINELOGENTRY, 491@client-228C6D0CB344
2023-11-07 01:40:16,379 [s1@group-F9544BEBFE50-StateMachineUpdater] INFO  impl.SimpleStateMachine4Testing (SimpleStateMachine4Testing.java:applyTransaction(248)) - applyTransaction for log index 203
2023-11-07 01:40:16,379 [s1@group-F9544BEBFE50-StateMachineUpdater] INFO  impl.SimpleStateMachine4Testing (SimpleStateMachine4Testing.java:put(205)) - s1: put 203, m101 -> (t:1, i:203), STATEMACHINELOGENTRY, 492@client-228C6D0CB344
2023-11-07 01:40:16,379 [s1@group-F9544BEBFE50-StateMachineUpdater] INFO  impl.SimpleStateMachine4Testing (SimpleStateMachine4Testing.java:applyTransaction(248)) - applyTransaction for log index 205
2023-11-07 01:40:16,379 [s1@group-F9544BEBFE50-StateMachineUpdater] INFO  impl.SimpleStateMachine4Testing (SimpleStateMachine4Testing.java:put(205)) - s1: put 205, m102 -> (t:1, i:205), STATEMACHINELOGENTRY, 493@client-228C6D0CB344
2023-11-07 01:40:16,379 [s1@group-F9544BEBFE50-StateMachineUpdater] INFO  impl.SimpleStateMachine4Testing (SimpleStateMachine4Testing.java:applyTransaction(248)) - applyTransaction for log index 207
2023-11-07 01:40:16,379 [s1@group-F9544BEBFE50-StateMachineUpdater] INFO  impl.SimpleStateMachine4Testing (SimpleStateMachine4Testing.java:put(205)) - s1: put 207, m103 -> (t:1, i:207), STATEMACHINELOGENTRY, 494@client-228C6D0CB344
2023-11-07 01:40:16,379 [s1@group-F9544BEBFE50-StateMachineUpdater] INFO  impl.SimpleStateMachine4Testing (SimpleStateMachine4Testing.java:applyTransaction(248)) - applyTransaction for log index 209
2023-11-07 01:40:16,379 [s1@group-F9544BEBFE50-StateMachineUpdater] INFO  impl.SimpleStateMachine4Testing (SimpleStateMachine4Testing.java:put(205)) - s1: put 209, m104 -> (t:1, i:209), STATEMACHINELOGENTRY, 495@client-228C6D0CB344
2023-11-07 01:40:16,379 [s1@group-F9544BEBFE50-StateMachineUpdater] INFO  impl.SimpleStateMachine4Testing (SimpleStateMachine4Testing.java:applyTransaction(248)) - applyTransaction for log index 211
2023-11-07 01:40:16,379 [s1@group-F9544BEBFE50-StateMachineUpdater] INFO  impl.SimpleStateMachine4Testing (SimpleStateMachine4Testing.java:put(205)) - s1: put 211, m105 -> (t:1, i:211), STATEMACHINELOGENTRY, 496@client-228C6D0CB344
2023-11-07 01:40:16,379 [s1@group-F9544BEBFE50-StateMachineUpdater] INFO  impl.SimpleStateMachine4Testing (SimpleStateMachine4Testing.java:applyTransaction(248)) - applyTransaction for log index 213
2023-11-07 01:40:16,380 [s1@group-F9544BEBFE50-StateMachineUpdater] INFO  impl.SimpleStateMachine4Testing (SimpleStateMachine4Testing.java:put(205)) - s1: put 213, m106 -> (t:1, i:213), STATEMACHINELOGENTRY, 497@client-228C6D0CB344
2023-11-07 01:40:16,380 [s1@group-F9544BEBFE50-StateMachineUpdater] INFO  impl.SimpleStateMachine4Testing (SimpleStateMachine4Testing.java:applyTransaction(248)) - applyTransaction for log index 215
2023-11-07 01:40:16,380 [s1@group-F9544BEBFE50-StateMachineUpdater] INFO  impl.SimpleStateMachine4Testing (SimpleStateMachine4Testing.java:put(205)) - s1: put 215, m107 -> (t:1, i:215), STATEMACHINELOGENTRY, 498@client-228C6D0CB344
2023-11-07 01:40:16,380 [s1@group-F9544BEBFE50-StateMachineUpdater] INFO  impl.SimpleStateMachine4Testing (SimpleStateMachine4Testing.java:applyTransaction(248)) - applyTransaction for log index 217
2023-11-07 01:40:16,380 [s1@group-F9544BEBFE50-StateMachineUpdater] INFO  impl.SimpleStateMachine4Testing (SimpleStateMachine4Testing.java:put(205)) - s1: put 217, m108 -> (t:1, i:217), STATEMACHINELOGENTRY, 499@client-228C6D0CB344
2023-11-07 01:40:16,380 [s1@group-F9544BEBFE50-StateMachineUpdater] INFO  impl.SimpleStateMachine4Testing (SimpleStateMachine4Testing.java:applyTransaction(248)) - applyTransaction for log index 219
2023-11-07 01:40:16,380 [s1@group-F9544BEBFE50-StateMachineUpdater] INFO  impl.SimpleStateMachine4Testing (SimpleStateMachine4Testing.java:put(205)) - s1: put 219, m109 -> (t:1, i:219), STATEMACHINELOGENTRY, 500@client-228C6D0CB344
2023-11-07 01:40:16,380 [s1@group-F9544BEBFE50-StateMachineUpdater] INFO  impl.SimpleStateMachine4Testing (SimpleStateMachine4Testing.java:applyTransaction(248)) - applyTransaction for log index 221
2023-11-07 01:40:16,380 [s1@group-F9544BEBFE50-StateMachineUpdater] INFO  impl.SimpleStateMachine4Testing (SimpleStateMachine4Testing.java:put(205)) - s1: put 221, m110 -> (t:1, i:221), STATEMACHINELOGENTRY, 501@client-228C6D0CB344
2023-11-07 01:40:16,380 [s1@group-F9544BEBFE50-StateMachineUpdater] INFO  impl.SimpleStateMachine4Testing (SimpleStateMachine4Testing.java:applyTransaction(248)) - applyTransaction for log index 223
2023-11-07 01:40:16,380 [s1@group-F9544BEBFE50-StateMachineUpdater] INFO  impl.SimpleStateMachine4Testing (SimpleStateMachine4Testing.java:put(205)) - s1: put 223, m111 -> (t:1, i:223), STATEMACHINELOGENTRY, 502@client-228C6D0CB344
2023-11-07 01:40:16,381 [s1@group-F9544BEBFE50-StateMachineUpdater] INFO  impl.SimpleStateMachine4Testing (SimpleStateMachine4Testing.java:applyTransaction(248)) - applyTransaction for log index 225
2023-11-07 01:40:16,381 [s1@group-F9544BEBFE50-StateMachineUpdater] INFO  impl.SimpleStateMachine4Testing (SimpleStateMachine4Testing.java:put(205)) - s1: put 225, m112 -> (t:1, i:225), STATEMACHINELOGENTRY, 503@client-228C6D0CB344
2023-11-07 01:40:16,381 [s1@group-F9544BEBFE50-StateMachineUpdater] INFO  impl.SimpleStateMachine4Testing (SimpleStateMachine4Testing.java:applyTransaction(248)) - applyTransaction for log index 227
2023-11-07 01:40:16,381 [s1@group-F9544BEBFE50-StateMachineUpdater] INFO  impl.SimpleStateMachine4Testing (SimpleStateMachine4Testing.java:put(205)) - s1: put 227, m113 -> (t:1, i:227), STATEMACHINELOGENTRY, 504@client-228C6D0CB344
2023-11-07 01:40:16,381 [s1@group-F9544BEBFE50-StateMachineUpdater] INFO  impl.SimpleStateMachine4Testing (SimpleStateMachine4Testing.java:applyTransaction(248)) - applyTransaction for log index 229
2023-11-07 01:40:16,381 [s1@group-F9544BEBFE50-StateMachineUpdater] INFO  impl.SimpleStateMachine4Testing (SimpleStateMachine4Testing.java:put(205)) - s1: put 229, m114 -> (t:1, i:229), STATEMACHINELOGENTRY, 505@client-228C6D0CB344
2023-11-07 01:40:16,381 [s1@group-F9544BEBFE50-StateMachineUpdater] INFO  impl.SimpleStateMachine4Testing (SimpleStateMachine4Testing.java:applyTransaction(248)) - applyTransaction for log index 231
2023-11-07 01:40:16,381 [s1@group-F9544BEBFE50-StateMachineUpdater] INFO  impl.SimpleStateMachine4Testing (SimpleStateMachine4Testing.java:put(205)) - s1: put 231, m115 -> (t:1, i:231), STATEMACHINELOGENTRY, 506@client-228C6D0CB344
2023-11-07 01:40:16,381 [s1@group-F9544BEBFE50-StateMachineUpdater] INFO  impl.SimpleStateMachine4Testing (SimpleStateMachine4Testing.java:applyTransaction(248)) - applyTransaction for log index 233
2023-11-07 01:40:16,381 [s1@group-F9544BEBFE50-StateMachineUpdater] INFO  impl.SimpleStateMachine4Testing (SimpleStateMachine4Testing.java:put(205)) - s1: put 233, m116 -> (t:1, i:233), STATEMACHINELOGENTRY, 507@client-228C6D0CB344
2023-11-07 01:40:16,381 [s1@group-F9544BEBFE50-StateMachineUpdater] INFO  impl.SimpleStateMachine4Testing (SimpleStateMachine4Testing.java:applyTransaction(248)) - applyTransaction for log index 235
2023-11-07 01:40:16,381 [s1@group-F9544BEBFE50-StateMachineUpdater] INFO  impl.SimpleStateMachine4Testing (SimpleStateMachine4Testing.java:put(205)) - s1: put 235, m117 -> (t:1, i:235), STATEMACHINELOGENTRY, 508@client-228C6D0CB344
2023-11-07 01:40:16,381 [s1@group-F9544BEBFE50-StateMachineUpdater] INFO  impl.SimpleStateMachine4Testing (SimpleStateMachine4Testing.java:applyTransaction(248)) - applyTransaction for log index 237
2023-11-07 01:40:16,382 [s1@group-F9544BEBFE50-StateMachineUpdater] INFO  impl.SimpleStateMachine4Testing (SimpleStateMachine4Testing.java:put(205)) - s1: put 237, m118 -> (t:1, i:237), STATEMACHINELOGENTRY, 509@client-228C6D0CB344
2023-11-07 01:40:16,382 [s1@group-F9544BEBFE50-StateMachineUpdater] INFO  impl.SimpleStateMachine4Testing (SimpleStateMachine4Testing.java:applyTransaction(248)) - applyTransaction for log index 239
2023-11-07 01:40:16,382 [s1@group-F9544BEBFE50-StateMachineUpdater] INFO  impl.SimpleStateMachine4Testing (SimpleStateMachine4Testing.java:put(205)) - s1: put 239, m119 -> (t:1, i:239), STATEMACHINELOGENTRY, 510@client-228C6D0CB344
2023-11-07 01:40:16,382 [s1@group-F9544BEBFE50-StateMachineUpdater] INFO  impl.SimpleStateMachine4Testing (SimpleStateMachine4Testing.java:applyTransaction(248)) - applyTransaction for log index 241
2023-11-07 01:40:16,382 [s1@group-F9544BEBFE50-StateMachineUpdater] INFO  impl.SimpleStateMachine4Testing (SimpleStateMachine4Testing.java:put(205)) - s1: put 241, m120 -> (t:1, i:241), STATEMACHINELOGENTRY, 511@client-228C6D0CB344
2023-11-07 01:40:16,382 [s1@group-F9544BEBFE50-StateMachineUpdater] INFO  impl.SimpleStateMachine4Testing (SimpleStateMachine4Testing.java:applyTransaction(248)) - applyTransaction for log index 243
2023-11-07 01:40:16,382 [s1@group-F9544BEBFE50-StateMachineUpdater] INFO  impl.SimpleStateMachine4Testing (SimpleStateMachine4Testing.java:put(205)) - s1: put 243, m121 -> (t:1, i:243), STATEMACHINELOGENTRY, 512@client-228C6D0CB344
2023-11-07 01:40:16,382 [s1@group-F9544BEBFE50-StateMachineUpdater] INFO  impl.SimpleStateMachine4Testing (SimpleStateMachine4Testing.java:applyTransaction(248)) - applyTransaction for log index 245
2023-11-07 01:40:16,382 [s1@group-F9544BEBFE50-StateMachineUpdater] INFO  impl.SimpleStateMachine4Testing (SimpleStateMachine4Testing.java:put(205)) - s1: put 245, m122 -> (t:1, i:245), STATEMACHINELOGENTRY, 513@client-228C6D0CB344
2023-11-07 01:40:16,382 [s1@group-F9544BEBFE50-StateMachineUpdater] INFO  impl.SimpleStateMachine4Testing (SimpleStateMachine4Testing.java:applyTransaction(248)) - applyTransaction for log index 247
2023-11-07 01:40:16,382 [s1@group-F9544BEBFE50-StateMachineUpdater] INFO  impl.SimpleStateMachine4Testing (SimpleStateMachine4Testing.java:put(205)) - s1: put 247, m123 -> (t:1, i:247), STATEMACHINELOGENTRY, 514@client-228C6D0CB344
2023-11-07 01:40:16,382 [s1@group-F9544BEBFE50-StateMachineUpdater] INFO  impl.SimpleStateMachine4Testing (SimpleStateMachine4Testing.java:applyTransaction(248)) - applyTransaction for log index 249
2023-11-07 01:40:16,382 [s1@group-F9544BEBFE50-StateMachineUpdater] INFO  impl.SimpleStateMachine4Testing (SimpleStateMachine4Testing.java:put(205)) - s1: put 249, m124 -> (t:1, i:249), STATEMACHINELOGENTRY, 515@client-228C6D0CB344
2023-11-07 01:40:16,383 [s1@group-F9544BEBFE50-StateMachineUpdater] INFO  impl.SimpleStateMachine4Testing (SimpleStateMachine4Testing.java:applyTransaction(248)) - applyTransaction for log index 251
2023-11-07 01:40:16,383 [s1@group-F9544BEBFE50-StateMachineUpdater] INFO  impl.SimpleStateMachine4Testing (SimpleStateMachine4Testing.java:put(205)) - s1: put 251, m125 -> (t:1, i:251), STATEMACHINELOGENTRY, 516@client-228C6D0CB344
2023-11-07 01:40:16,383 [s1@group-F9544BEBFE50-StateMachineUpdater] INFO  impl.SimpleStateMachine4Testing (SimpleStateMachine4Testing.java:applyTransaction(248)) - applyTransaction for log index 253
2023-11-07 01:40:16,383 [s1@group-F9544BEBFE50-StateMachineUpdater] INFO  impl.SimpleStateMachine4Testing (SimpleStateMachine4Testing.java:put(205)) - s1: put 253, m126 -> (t:1, i:253), STATEMACHINELOGENTRY, 517@client-228C6D0CB344
2023-11-07 01:40:16,383 [s0@group-F9544BEBFE50-LeaderStateImpl] INFO  server.RaftServer$Division (ServerState.java:setRaftConf(382)) - s0@group-F9544BEBFE50: set configuration 255: peers:[s0|localhost:43653, s1|0.0.0.0:42403]|listeners:[], old=peers:[s0|localhost:43653]|listeners:[]
2023-11-07 01:40:16,385 [s1-server-thread2] INFO  server.RaftServer$Division (ServerState.java:setRaftConf(382)) - s1@group-F9544BEBFE50: set configuration 255: peers:[s0|localhost:43653, s1|0.0.0.0:42403]|listeners:[], old=peers:[s0|localhost:43653]|listeners:[]
2023-11-07 01:40:16,387 [s0@group-F9544BEBFE50-LeaderStateImpl] INFO  server.RaftServer$Division (ServerState.java:setRaftConf(382)) - s0@group-F9544BEBFE50: set configuration 257: peers:[s0|localhost:43653, s1|0.0.0.0:42403]|listeners:[], old=null
2023-11-07 01:40:16,387 [s0@group-F9544BEBFE50-StateMachineUpdater] TRACE util.FileUtils (FileUtils.java:deleteFully(305)) - deleteFully /tmp/ratis-tests/statemachine/s0/snapshot/1_255
2023-11-07 01:40:16,387 [s0@group-F9544BEBFE50-StateMachineUpdater] TRACE util.FileUtils (FileUtils.java:deleteFully(318)) - deleteFully: /tmp/ratis-tests/statemachine/s0/snapshot/1_255 does not exist.
2023-11-07 01:40:16,387 [s0@group-F9544BEBFE50-StateMachineUpdater] TRACE util.FileUtils (FileUtils.java:deleteFully(305)) - deleteFully /tmp/ratis-tests/statemachine/s0/tmp/2e8dd6c9-f36c-432c-9236-1decfc429aeb
2023-11-07 01:40:16,387 [s0@group-F9544BEBFE50-StateMachineUpdater] TRACE util.FileUtils (FileUtils.java:deleteFully(318)) - deleteFully: /tmp/ratis-tests/statemachine/s0/tmp/2e8dd6c9-f36c-432c-9236-1decfc429aeb does not exist.
2023-11-07 01:40:16,388 [s0@group-F9544BEBFE50-StateMachineUpdater] TRACE util.FileUtils (LogUtils.java:runAndLog(49)) - Successfully ran Atomic Files.move /tmp/ratis-tests/statemachine/s0/tmp/2e8dd6c9-f36c-432c-9236-1decfc429aeb to /tmp/ratis-tests/statemachine/s0/snapshot/1_255
2023-11-07 01:40:16,388 [s0@group-F9544BEBFE50-StateMachineUpdater] INFO  impl.StateMachineUpdater (StateMachineUpdater.java:takeSnapshot(295)) - s0@group-F9544BEBFE50-StateMachineUpdater: Took a snapshot at index 255
2023-11-07 01:40:16,389 [s0@group-F9544BEBFE50-StateMachineUpdater] INFO  impl.StateMachineUpdater (StateMachineUpdater.java:lambda$new$0(98)) - s0@group-F9544BEBFE50-StateMachineUpdater: snapshotIndex: updateIncreasingly 191 -> 255
2023-11-07 01:40:16,390 [s0@group-F9544BEBFE50-StateMachineUpdater] INFO  raftlog.RaftLog (RaftLogBase.java:purge(330)) - s0@group-F9544BEBFE50-SegmentedRaftLog: purge 254
2023-11-07 01:40:16,390 [s0@group-F9544BEBFE50-StateMachineUpdater] INFO  raftlog.RaftLog (RaftLogBase.java:lambda$new$0(54)) - s0@group-F9544BEBFE50-SegmentedRaftLog: snapshotIndex: updateIncreasingly 191 -> 255
2023-11-07 01:40:16,390 [s0@group-F9544BEBFE50-StateMachineUpdater] INFO  raftlog.RaftLog (RaftLogBase.java:lambda$new$0(54)) - s0@group-F9544BEBFE50-SegmentedRaftLog: purgeIndex: updateToMax old=191, new=254, updated? true
2023-11-07 01:40:16,390 [s1-server-thread3] INFO  server.RaftServer$Division (ServerState.java:setRaftConf(382)) - s1@group-F9544BEBFE50: set configuration 257: peers:[s0|localhost:43653, s1|0.0.0.0:42403]|listeners:[], old=null
2023-11-07 01:40:16,391 [s1@group-F9544BEBFE50-StateMachineUpdater] TRACE util.FileUtils (FileUtils.java:deleteFully(305)) - deleteFully /tmp/ratis-tests/statemachine/s1/snapshot/1_255
2023-11-07 01:40:16,393 [s1@group-F9544BEBFE50-StateMachineUpdater] TRACE util.FileUtils (FileUtils.java:deleteFully(318)) - deleteFully: /tmp/ratis-tests/statemachine/s1/snapshot/1_255 does not exist.
2023-11-07 01:40:16,393 [s1@group-F9544BEBFE50-StateMachineUpdater] TRACE util.FileUtils (FileUtils.java:deleteFully(305)) - deleteFully /tmp/ratis-tests/statemachine/s1/tmp/915f12cd-5794-4944-b397-b8e6b8e5a3a1
2023-11-07 01:40:16,394 [s1@group-F9544BEBFE50-StateMachineUpdater] TRACE util.FileUtils (FileUtils.java:deleteFully(318)) - deleteFully: /tmp/ratis-tests/statemachine/s1/tmp/915f12cd-5794-4944-b397-b8e6b8e5a3a1 does not exist.
2023-11-07 01:40:16,398 [s1@group-F9544BEBFE50-StateMachineUpdater] TRACE util.FileUtils (LogUtils.java:runAndLog(49)) - Successfully ran Atomic Files.move /tmp/ratis-tests/statemachine/s1/tmp/915f12cd-5794-4944-b397-b8e6b8e5a3a1 to /tmp/ratis-tests/statemachine/s1/snapshot/1_255
2023-11-07 01:40:16,398 [s1@group-F9544BEBFE50-StateMachineUpdater] INFO  impl.StateMachineUpdater (StateMachineUpdater.java:takeSnapshot(295)) - s1@group-F9544BEBFE50-StateMachineUpdater: Took a snapshot at index 255
2023-11-07 01:40:16,398 [s1@group-F9544BEBFE50-StateMachineUpdater] INFO  impl.StateMachineUpdater (StateMachineUpdater.java:lambda$new$0(98)) - s1@group-F9544BEBFE50-StateMachineUpdater: snapshotIndex: updateIncreasingly 191 -> 255
2023-11-07 01:40:16,398 [s1@group-F9544BEBFE50-StateMachineUpdater] INFO  raftlog.RaftLog (RaftLogBase.java:purge(330)) - s1@group-F9544BEBFE50-SegmentedRaftLog: purge 255
2023-11-07 01:40:16,400 [s1@group-F9544BEBFE50-StateMachineUpdater] INFO  raftlog.RaftLog (RaftLogBase.java:lambda$new$0(54)) - s1@group-F9544BEBFE50-SegmentedRaftLog: snapshotIndex: updateIncreasingly 191 -> 255
2023-11-07 01:40:16,400 [Time-limited test] INFO  impl.MiniRaftCluster (MiniRaftCluster.java:setConfiguration(819)) - Start changing the configuration: [s0|localhost:43653, s1|0.0.0.0:42403, s2|0.0.0.0:39865]
2023-11-07 01:40:16,400 [s1@group-F9544BEBFE50-StateMachineUpdater] INFO  raftlog.RaftLog (RaftLogBase.java:lambda$new$0(54)) - s1@group-F9544BEBFE50-SegmentedRaftLog: purgeIndex: updateToMax old=-1, new=255, updated? true
2023-11-07 01:40:16,410 [s0-server-thread1] INFO  server.RaftServer$Division (RaftServerImpl.java:setConfigurationAsync(1262)) - s0@group-F9544BEBFE50: receive setConfiguration SetConfigurationRequest:client-14E4AF123D7A->s0@group-F9544BEBFE50, cid=520, seq=null, RW, null, SET_UNCONDITIONALLY, servers:[s0|localhost:43653, s1|0.0.0.0:42403, s2|0.0.0.0:39865], listeners:[]
2023-11-07 01:40:16,410 [s0-server-thread1] INFO  server.RaftServer$Division (LeaderStateImpl.java:startSetConfiguration(483)) - s0@group-F9544BEBFE50-LeaderStateImpl: startSetConfiguration SetConfigurationRequest:client-14E4AF123D7A->s0@group-F9544BEBFE50, cid=520, seq=null, RW, null, SET_UNCONDITIONALLY, servers:[s0|localhost:43653, s1|0.0.0.0:42403, s2|0.0.0.0:39865], listeners:[]
2023-11-07 01:40:16,411 [s0-server-thread1] INFO  server.RaftServerConfigKeys (ConfUtils.java:logGet(46)) - raft.server.log.appender.snapshot.chunk.size.max = 1k (=1024) (custom)
2023-11-07 01:40:16,411 [s0-server-thread1] INFO  server.RaftServerConfigKeys (ConfUtils.java:logGet(46)) - raft.server.log.appender.buffer.byte-limit = 4MB (=4194304) (default)
2023-11-07 01:40:16,411 [s0-server-thread1] INFO  server.RaftServerConfigKeys (ConfUtils.java:logGet(46)) - raft.server.log.appender.buffer.element-limit = 0 (default)
2023-11-07 01:40:16,411 [s0-server-thread1] INFO  server.RaftServerConfigKeys (ConfUtils.java:logGet(46)) - raft.server.log.appender.wait-time.min = 1ms (default)
2023-11-07 01:40:16,411 [s0-server-thread1] INFO  grpc.GrpcConfigKeys (ConfUtils.java:logGet(46)) - raft.grpc.server.leader.outstanding.appends.max = 8 (default)
2023-11-07 01:40:16,411 [s0-server-thread1] INFO  server.RaftServerConfigKeys (ConfUtils.java:logGet(46)) - raft.server.rpc.request.timeout = 3000ms (default)
2023-11-07 01:40:16,411 [s0-server-thread1] INFO  grpc.GrpcConfigKeys (ConfUtils.java:logGet(46)) - raft.grpc.server.install_snapshot.request.element-limit = 8 (default)
2023-11-07 01:40:16,412 [s0-server-thread1] INFO  grpc.GrpcConfigKeys (ConfUtils.java:logGet(46)) - raft.grpc.server.install_snapshot.request.timeout = 3000ms (default)
2023-11-07 01:40:16,412 [s0-server-thread1] INFO  server.RaftServerConfigKeys (ConfUtils.java:logGet(46)) - raft.server.log.appender.install.snapshot.enabled = true (default)
2023-11-07 01:40:16,412 [s0-server-thread1] INFO  grpc.GrpcConfigKeys (ConfUtils.java:logGet(46)) - raft.grpc.server.heartbeat.channel = true (default)
2023-11-07 01:40:16,413 [s0@group-F9544BEBFE50->s2-GrpcLogAppender-LogAppenderDaemon] INFO  server.GrpcLogAppender (GrpcLogAppender.java:installSnapshot(646)) - s0@group-F9544BEBFE50->s2-GrpcLogAppender: followerNextIndex = 0 but logStartIndex = 0, send snapshot FileListSnapshotInfo(t:1, i:255):[/tmp/ratis-tests/statemachine/s0/snapshot/1_255/vegetable, /tmp/ratis-tests/statemachine/s0/snapshot/1_255/deer, /tmp/ratis-tests/statemachine/s0/snapshot/1_255/loves] to follower
2023-11-07 01:40:16,413 [s0@group-F9544BEBFE50->s2-GrpcLogAppender-LogAppenderDaemon] INFO  server.GrpcServerProtocolClient (GrpcServerProtocolClient.java:<init>(65)) - Build channel for s2
2023-11-07 01:40:16,420 [grpc-default-executor-3] INFO  impl.SnapshotInstallationHandler (SnapshotInstallationHandler.java:installSnapshot(89)) - s2@group-F9544BEBFE50: receive installSnapshot: s0->s2#0-t1,chunk:72cba26f-73d2-4294-99e8-cb9918d55e30,0
2023-11-07 01:40:16,421 [grpc-default-executor-3] TRACE util.FileUtils (LogUtils.java:supplyAndLog(69)) - Successfully supplied FileChannel.open /home/runner/work/ratis/ratis/ratis-test/target/test/data/1674ca6a/MiniRaftClusterWithGrpc36950c6c/s2/d54660ea-d2ea-4cbf-b3e3-f9544bebfe50/current/raft-meta.tmp with options [CREATE, WRITE]: sun.nio.ch.FileChannelImpl@7f84b096
2023-11-07 01:40:16,422 [grpc-default-executor-3] TRACE util.FileUtils (LogUtils.java:runAndLog(49)) - Successfully ran Atomic Files.move /home/runner/work/ratis/ratis/ratis-test/target/test/data/1674ca6a/MiniRaftClusterWithGrpc36950c6c/s2/d54660ea-d2ea-4cbf-b3e3-f9544bebfe50/current/raft-meta.tmp to /home/runner/work/ratis/ratis/ratis-test/target/test/data/1674ca6a/MiniRaftClusterWithGrpc36950c6c/s2/d54660ea-d2ea-4cbf-b3e3-f9544bebfe50/current/raft-meta with options [REPLACE_EXISTING]
2023-11-07 01:40:16,422 [grpc-default-executor-3] INFO  server.RaftServer$Division (RaftServerImpl.java:setFirstElection(562)) - s2@group-F9544BEBFE50: set firstElectionSinceStartup to false for installSnapshot
2023-11-07 01:40:16,422 [grpc-default-executor-3] INFO  server.RaftServer$Division (ServerState.java:setLeader(265)) - s2@group-F9544BEBFE50: change Leader from null to s0 at term 1 for installSnapshot, leader elected after 152ms
2023-11-07 01:40:16,423 [grpc-default-executor-3] TRACE util.FileUtils (LogUtils.java:runAndLog(49)) - Successfully ran Files.createDirectories /tmp/ratis-tests/statemachine/s2/tmp/snapshot-72cba26f-73d2-4294-99e8-cb9918d55e30
2023-11-07 01:40:16,423 [grpc-default-executor-3] INFO  storage.SnapshotManager (SnapshotManager.java:installSnapshot(89)) - Installing snapshot:s0->s2#0-t1,chunk:72cba26f-73d2-4294-99e8-cb9918d55e30,0, to tmp dir:/tmp/ratis-tests/statemachine/s2/tmp/snapshot-72cba26f-73d2-4294-99e8-cb9918d55e30
2023-11-07 01:40:16,423 [grpc-default-executor-3] TRACE util.FileUtils (LogUtils.java:runAndLog(49)) - Successfully ran Files.createDirectories /tmp/ratis-tests/statemachine/s2/tmp/snapshot-72cba26f-73d2-4294-99e8-cb9918d55e30/1_255
2023-11-07 01:40:16,423 [grpc-default-executor-3] TRACE util.FileUtils (LogUtils.java:supplyAndLog(69)) - Successfully supplied FileChannel.open /tmp/ratis-tests/statemachine/s2/tmp/snapshot-72cba26f-73d2-4294-99e8-cb9918d55e30/1_255/vegetable.md5.tmp with options [CREATE, WRITE]: sun.nio.ch.FileChannelImpl@2aa824b9
2023-11-07 01:40:16,424 [grpc-default-executor-3] TRACE util.FileUtils (LogUtils.java:runAndLog(49)) - Successfully ran Atomic Files.move /tmp/ratis-tests/statemachine/s2/tmp/snapshot-72cba26f-73d2-4294-99e8-cb9918d55e30/1_255/vegetable.md5.tmp to /tmp/ratis-tests/statemachine/s2/tmp/snapshot-72cba26f-73d2-4294-99e8-cb9918d55e30/1_255/vegetable.md5 with options [REPLACE_EXISTING]
2023-11-07 01:40:16,427 [grpc-default-executor-3] INFO  impl.SnapshotInstallationHandler (SnapshotInstallationHandler.java:installSnapshotImpl(134)) - s2@group-F9544BEBFE50: set new configuration index: 257
configurationEntry {
  peers {
    id: "s0"
    address: "localhost:43653"
    dataStreamAddress: "localhost:39955"
    clientAddress: "localhost:34411"
    adminAddress: "localhost:42967"
    startupRole: FOLLOWER
  }
  peers {
    id: "s1"
    address: "0.0.0.0:42403"
    clientAddress: "0.0.0.0:42403"
    adminAddress: "0.0.0.0:42403"
    startupRole: FOLLOWER
  }
}
 from snapshot
2023-11-07 01:40:16,427 [grpc-default-executor-3] INFO  server.RaftServer$Division (ServerState.java:setRaftConf(382)) - s2@group-F9544BEBFE50: set configuration 257: peers:[s0|localhost:43653, s1|0.0.0.0:42403]|listeners:[], old=null
2023-11-07 01:40:16,427 [grpc-default-executor-3] INFO  impl.SnapshotInstallationHandler (SnapshotInstallationHandler.java:installSnapshot(100)) - s2@group-F9544BEBFE50: reply installSnapshot: s0<-s2#0:OK-t0,SUCCESS,requestIndex=0
2023-11-07 01:40:16,428 [grpc-default-executor-2] INFO  server.GrpcLogAppender (GrpcLogAppender.java:onNext(549)) - s0@group-F9544BEBFE50->s2-InstallSnapshotResponseHandler: received the first reply s0<-s2#0:OK-t0,SUCCESS,requestIndex=0
2023-11-07 01:40:16,428 [grpc-default-executor-3] INFO  impl.SnapshotInstallationHandler (SnapshotInstallationHandler.java:installSnapshot(89)) - s2@group-F9544BEBFE50: receive installSnapshot: s0->s2#0-t1,chunk:72cba26f-73d2-4294-99e8-cb9918d55e30,1
2023-11-07 01:40:16,428 [grpc-default-executor-2] INFO  server.GrpcLogAppender (GrpcLogAppender.java:onNext(563)) - s0@group-F9544BEBFE50->s2-InstallSnapshotResponseHandler: Completed InstallSnapshot. Reply: serverReply {
  requestorId: "s0"
  replyId: "s2"
  raftGroupId {
    id: "\325F`\352\322\352L\277\263\343\371TK\353\376P"
  }
  success: true
}
requestIndex: 0

2023-11-07 01:40:16,429 [grpc-default-executor-2] INFO  leader.FollowerInfo (FollowerInfoImpl.java:setAttemptedToInstallSnapshot(154)) - Follower s0@group-F9544BEBFE50->s2 acknowledged installing snapshot
2023-11-07 01:40:16,429 [grpc-default-executor-3] TRACE util.FileUtils (LogUtils.java:runAndLog(49)) - Successfully ran Files.createDirectories /tmp/ratis-tests/statemachine/s2/tmp/snapshot-72cba26f-73d2-4294-99e8-cb9918d55e30
2023-11-07 01:40:16,429 [grpc-default-executor-3] INFO  storage.SnapshotManager (SnapshotManager.java:installSnapshot(89)) - Installing snapshot:s0->s2#0-t1,chunk:72cba26f-73d2-4294-99e8-cb9918d55e30,1, to tmp dir:/tmp/ratis-tests/statemachine/s2/tmp/snapshot-72cba26f-73d2-4294-99e8-cb9918d55e30
2023-11-07 01:40:16,429 [grpc-default-executor-3] TRACE util.FileUtils (LogUtils.java:runAndLog(49)) - Successfully ran Files.createDirectories /tmp/ratis-tests/statemachine/s2/tmp/snapshot-72cba26f-73d2-4294-99e8-cb9918d55e30/1_255
2023-11-07 01:40:16,429 [grpc-default-executor-3] TRACE util.FileUtils (LogUtils.java:supplyAndLog(69)) - Successfully supplied FileChannel.open /tmp/ratis-tests/statemachine/s2/tmp/snapshot-72cba26f-73d2-4294-99e8-cb9918d55e30/1_255/deer.md5.tmp with options [CREATE, WRITE]: sun.nio.ch.FileChannelImpl@a6b8580
2023-11-07 01:40:16,430 [grpc-default-executor-3] TRACE util.FileUtils (LogUtils.java:runAndLog(49)) - Successfully ran Atomic Files.move /tmp/ratis-tests/statemachine/s2/tmp/snapshot-72cba26f-73d2-4294-99e8-cb9918d55e30/1_255/deer.md5.tmp to /tmp/ratis-tests/statemachine/s2/tmp/snapshot-72cba26f-73d2-4294-99e8-cb9918d55e30/1_255/deer.md5 with options [REPLACE_EXISTING]
2023-11-07 01:40:16,431 [grpc-default-executor-3] INFO  impl.SnapshotInstallationHandler (SnapshotInstallationHandler.java:installSnapshot(100)) - s2@group-F9544BEBFE50: reply installSnapshot: s0<-s2#0:OK-t1,SUCCESS,requestIndex=1
2023-11-07 01:40:16,431 [grpc-default-executor-2] INFO  server.GrpcLogAppender (GrpcLogAppender.java:onNext(549)) - s0@group-F9544BEBFE50->s2-InstallSnapshotResponseHandler: received a reply s0<-s2#0:OK-t1,SUCCESS,requestIndex=1
2023-11-07 01:40:16,431 [grpc-default-executor-2] INFO  server.GrpcLogAppender (GrpcLogAppender.java:onNext(563)) - s0@group-F9544BEBFE50->s2-InstallSnapshotResponseHandler: Completed InstallSnapshot. Reply: serverReply {
  requestorId: "s0"
  replyId: "s2"
  raftGroupId {
    id: "\325F`\352\322\352L\277\263\343\371TK\353\376P"
  }
  success: true
}
term: 1
requestIndex: 1

2023-11-07 01:40:16,431 [grpc-default-executor-2] INFO  leader.FollowerInfo (FollowerInfoImpl.java:setAttemptedToInstallSnapshot(154)) - Follower s0@group-F9544BEBFE50->s2 acknowledged installing snapshot
2023-11-07 01:40:16,433 [grpc-default-executor-3] INFO  impl.SnapshotInstallationHandler (SnapshotInstallationHandler.java:installSnapshot(89)) - s2@group-F9544BEBFE50: receive installSnapshot: s0->s2#0-t1,chunk:72cba26f-73d2-4294-99e8-cb9918d55e30,2
2023-11-07 01:40:16,433 [grpc-default-executor-3] TRACE util.FileUtils (LogUtils.java:runAndLog(49)) - Successfully ran Files.createDirectories /tmp/ratis-tests/statemachine/s2/tmp/snapshot-72cba26f-73d2-4294-99e8-cb9918d55e30
2023-11-07 01:40:16,433 [grpc-default-executor-3] INFO  storage.SnapshotManager (SnapshotManager.java:installSnapshot(89)) - Installing snapshot:s0->s2#0-t1,chunk:72cba26f-73d2-4294-99e8-cb9918d55e30,2, to tmp dir:/tmp/ratis-tests/statemachine/s2/tmp/snapshot-72cba26f-73d2-4294-99e8-cb9918d55e30
2023-11-07 01:40:16,433 [grpc-default-executor-3] TRACE util.FileUtils (LogUtils.java:runAndLog(49)) - Successfully ran Files.createDirectories /tmp/ratis-tests/statemachine/s2/tmp/snapshot-72cba26f-73d2-4294-99e8-cb9918d55e30/1_255
2023-11-07 01:40:16,433 [grpc-default-executor-3] TRACE util.FileUtils (LogUtils.java:supplyAndLog(69)) - Successfully supplied FileChannel.open /tmp/ratis-tests/statemachine/s2/tmp/snapshot-72cba26f-73d2-4294-99e8-cb9918d55e30/1_255/loves.md5.tmp with options [CREATE, WRITE]: sun.nio.ch.FileChannelImpl@610df598
2023-11-07 01:40:16,434 [grpc-default-executor-3] TRACE util.FileUtils (LogUtils.java:runAndLog(49)) - Successfully ran Atomic Files.move /tmp/ratis-tests/statemachine/s2/tmp/snapshot-72cba26f-73d2-4294-99e8-cb9918d55e30/1_255/loves.md5.tmp to /tmp/ratis-tests/statemachine/s2/tmp/snapshot-72cba26f-73d2-4294-99e8-cb9918d55e30/1_255/loves.md5 with options [REPLACE_EXISTING]
2023-11-07 01:40:16,434 [grpc-default-executor-3] INFO  storage.SnapshotManager (SnapshotManager.java:rename(168)) - Installed snapshot, renaming temporary dir /tmp/ratis-tests/statemachine/s2/tmp/snapshot-72cba26f-73d2-4294-99e8-cb9918d55e30 to /tmp/ratis-tests/statemachine/s2/snapshot
2023-11-07 01:40:16,435 [grpc-default-executor-3] TRACE util.FileUtils (LogUtils.java:runAndLog(49)) - Successfully ran Atomic Files.move /tmp/ratis-tests/statemachine/s2/snapshot to /tmp/ratis-tests/statemachine/s2/snapshot.tmp20231107-014016_435
2023-11-07 01:40:16,435 [grpc-default-executor-3] TRACE util.FileUtils (LogUtils.java:runAndLog(49)) - Successfully ran Atomic Files.move /tmp/ratis-tests/statemachine/s2/tmp/snapshot-72cba26f-73d2-4294-99e8-cb9918d55e30 to /tmp/ratis-tests/statemachine/s2/snapshot
2023-11-07 01:40:16,435 [grpc-default-executor-3] TRACE util.FileUtils (FileUtils.java:deleteFully(305)) - deleteFully /tmp/ratis-tests/statemachine/s2/snapshot.tmp20231107-014016_435
2023-11-07 01:40:16,435 [grpc-default-executor-3] TRACE util.FileUtils (LogUtils.java:runAndLog(49)) - Successfully ran Files.delete /tmp/ratis-tests/statemachine/s2/snapshot.tmp20231107-014016_435
2023-11-07 01:40:16,435 [s2@group-F9544BEBFE50-StateMachineUpdater] INFO  impl.SimpleStateMachine4Testing (SimpleStateMachine4Testing.java:reinitialize(236)) - Reinitializing StateMachineWithSeparatedSnapshotPath:s2:group-F9544BEBFE50
2023-11-07 01:40:16,435 [s2@group-F9544BEBFE50-StateMachineUpdater] INFO  impl.SimpleStateMachine4Testing (SimpleStateMachine4Testing.java:loadSnapshot(296)) - Loading snapshot null
2023-11-07 01:40:16,435 [s2@group-F9544BEBFE50-StateMachineUpdater] INFO  impl.StateMachineUpdater (StateMachineUpdater.java:lambda$new$0(98)) - s2@group-F9544BEBFE50-StateMachineUpdater: snapshotIndex: setUnconditionally -1 -> 255
2023-11-07 01:40:16,435 [s2@group-F9544BEBFE50-StateMachineUpdater] INFO  impl.StateMachineUpdater (StateMachineUpdater.java:lambda$new$0(98)) - s2@group-F9544BEBFE50-StateMachineUpdater: appliedIndex: setUnconditionally -1 -> 255
2023-11-07 01:40:16,436 [grpc-default-executor-3] INFO  raftlog.RaftLog (RaftLogBase.java:lambda$new$0(54)) - s2@group-F9544BEBFE50-SegmentedRaftLog: snapshotIndex: updateIncreasingly -1 -> 255
2023-11-07 01:40:16,436 [grpc-default-executor-3] INFO  segmented.SegmentedRaftLogWorker (SegmentedRaftLogWorker.java:lambda$new$0(135)) - s2@group-F9544BEBFE50-SegmentedRaftLogWorker: flushIndex: setUnconditionally -1 -> 255
2023-11-07 01:40:16,436 [grpc-default-executor-3] INFO  segmented.SegmentedRaftLogWorker (SegmentedRaftLogWorker.java:lambda$new$0(135)) - s2@group-F9544BEBFE50-SegmentedRaftLogWorker: safeCacheEvictIndex: setUnconditionally -1 -> 255
2023-11-07 01:40:16,436 [grpc-default-executor-3] INFO  impl.SnapshotInstallationHandler (SnapshotInstallationHandler.java:checkAndInstallSnapshot(194)) - s2@group-F9544BEBFE50: successfully install the entire snapshot-255
2023-11-07 01:40:16,436 [grpc-default-executor-3] INFO  impl.SnapshotInstallationHandler (SnapshotInstallationHandler.java:installSnapshot(100)) - s2@group-F9544BEBFE50: reply installSnapshot: s0<-s2#0:OK-t1,SUCCESS,requestIndex=2
2023-11-07 01:40:16,436 [grpc-default-executor-2] INFO  server.GrpcLogAppender (GrpcLogAppender.java:onNext(549)) - s0@group-F9544BEBFE50->s2-InstallSnapshotResponseHandler: received a reply s0<-s2#0:OK-t1,SUCCESS,requestIndex=2
2023-11-07 01:40:16,437 [grpc-default-executor-3] INFO  server.GrpcServerProtocolService (GrpcServerProtocolService.java:onCompleted(157)) - s2: Completed INSTALL_SNAPSHOT, lastRequest: s0->s2#0-t1,chunk:72cba26f-73d2-4294-99e8-cb9918d55e30,2
2023-11-07 01:40:16,437 [grpc-default-executor-3] INFO  server.GrpcServerProtocolService (GrpcServerProtocolService.java:lambda$onCompleted$5(159)) - s2: Completed INSTALL_SNAPSHOT, lastReply: null
2023-11-07 01:40:16,437 [grpc-default-executor-2] INFO  server.GrpcLogAppender (GrpcLogAppender.java:onNext(563)) - s0@group-F9544BEBFE50->s2-InstallSnapshotResponseHandler: Completed InstallSnapshot. Reply: serverReply {
  requestorId: "s0"
  replyId: "s2"
  raftGroupId {
    id: "\325F`\352\322\352L\277\263\343\371TK\353\376P"
  }
  success: true
}
term: 1
requestIndex: 2

2023-11-07 01:40:16,437 [grpc-default-executor-2] INFO  leader.FollowerInfo (FollowerInfoImpl.java:setAttemptedToInstallSnapshot(154)) - Follower s0@group-F9544BEBFE50->s2 acknowledged installing snapshot
2023-11-07 01:40:16,437 [grpc-default-executor-2] INFO  server.GrpcLogAppender (GrpcLogAppender.java:onCompleted(629)) - s0@group-F9544BEBFE50->s2-InstallSnapshotResponseHandler: follower responded installSnapshot COMPLETED
2023-11-07 01:40:16,437 [s0@group-F9544BEBFE50->s2-GrpcLogAppender-LogAppenderDaemon] INFO  leader.FollowerInfo (FollowerInfoImpl.java:info(64)) - s0@group-F9544BEBFE50->s2: snapshotIndex: setUnconditionally 0 -> 255
2023-11-07 01:40:16,437 [s0@group-F9544BEBFE50->s2-GrpcLogAppender-LogAppenderDaemon] INFO  leader.FollowerInfo (FollowerInfoImpl.java:info(64)) - s0@group-F9544BEBFE50->s2: matchIndex: setUnconditionally -1 -> 255
2023-11-07 01:40:16,437 [s0@group-F9544BEBFE50->s2-GrpcLogAppender-LogAppenderDaemon] INFO  leader.FollowerInfo (FollowerInfoImpl.java:info(64)) - s0@group-F9544BEBFE50->s2: nextIndex: setUnconditionally 0 -> 256
2023-11-07 01:40:16,437 [s0@group-F9544BEBFE50->s2-GrpcLogAppender-LogAppenderDaemon] INFO  server.GrpcLogAppender (GrpcLogAppender.java:installSnapshot(685)) - s0@group-F9544BEBFE50->s2-GrpcLogAppender: installed snapshot FileListSnapshotInfo(t:1, i:255):[/tmp/ratis-tests/statemachine/s0/snapshot/1_255/vegetable, /tmp/ratis-tests/statemachine/s0/snapshot/1_255/deer, /tmp/ratis-tests/statemachine/s0/snapshot/1_255/loves] successfully
2023-11-07 01:40:16,452 [s2-server-thread1] INFO  impl.RoleInfo (RoleInfo.java:updateAndGet(139)) - s2: start s2@group-F9544BEBFE50-FollowerState
2023-11-07 01:40:16,459 [s2-server-thread2] INFO  server.RaftServer$Division (ServerState.java:setRaftConf(382)) - s2@group-F9544BEBFE50: set configuration 257: peers:[s0|localhost:43653, s1|0.0.0.0:42403]|listeners:[], old=null
2023-11-07 01:40:16,459 [s2-server-thread2] INFO  segmented.SegmentedRaftLogWorker (SegmentedRaftLogWorker.java:startLogSegment(428)) - s2@group-F9544BEBFE50-SegmentedRaftLogWorker: Starting segment from index:256
2023-11-07 01:40:16,475 [s2@group-F9544BEBFE50-SegmentedRaftLogWorker] INFO  segmented.SegmentedRaftLogWorker (SegmentedRaftLogWorker.java:execute(632)) - s2@group-F9544BEBFE50-SegmentedRaftLogWorker: created new log segment /home/runner/work/ratis/ratis/ratis-test/target/test/data/1674ca6a/MiniRaftClusterWithGrpc36950c6c/s2/d54660ea-d2ea-4cbf-b3e3-f9544bebfe50/current/log_inprogress_256
2023-11-07 01:40:16,478 [s0@group-F9544BEBFE50-LeaderStateImpl] INFO  server.RaftServer$Division (ServerState.java:setRaftConf(382)) - s0@group-F9544BEBFE50: set configuration 259: peers:[s0|localhost:43653, s1|0.0.0.0:42403, s2|0.0.0.0:39865]|listeners:[], old=peers:[s0|localhost:43653, s1|0.0.0.0:42403]|listeners:[]
2023-11-07 01:40:16,480 [s1-server-thread3] INFO  server.RaftServer$Division (ServerState.java:setRaftConf(382)) - s1@group-F9544BEBFE50: set configuration 259: peers:[s0|localhost:43653, s1|0.0.0.0:42403, s2|0.0.0.0:39865]|listeners:[], old=peers:[s0|localhost:43653, s1|0.0.0.0:42403]|listeners:[]
2023-11-07 01:40:16,480 [s2-server-thread3] INFO  server.RaftServer$Division (ServerState.java:setRaftConf(382)) - s2@group-F9544BEBFE50: set configuration 259: peers:[s0|localhost:43653, s1|0.0.0.0:42403, s2|0.0.0.0:39865]|listeners:[], old=peers:[s0|localhost:43653, s1|0.0.0.0:42403]|listeners:[]
2023-11-07 01:40:16,481 [s0@group-F9544BEBFE50-LeaderStateImpl] INFO  server.RaftServer$Division (ServerState.java:setRaftConf(382)) - s0@group-F9544BEBFE50: set configuration 261: peers:[s0|localhost:43653, s1|0.0.0.0:42403, s2|0.0.0.0:39865]|listeners:[], old=null
2023-11-07 01:40:16,483 [s1-server-thread3] INFO  server.RaftServer$Division (ServerState.java:setRaftConf(382)) - s1@group-F9544BEBFE50: set configuration 261: peers:[s0|localhost:43653, s1|0.0.0.0:42403, s2|0.0.0.0:39865]|listeners:[], old=null
2023-11-07 01:40:16,484 [s2-server-thread1] INFO  server.RaftServer$Division (ServerState.java:setRaftConf(382)) - s2@group-F9544BEBFE50: set configuration 261: peers:[s0|localhost:43653, s1|0.0.0.0:42403, s2|0.0.0.0:39865]|listeners:[], old=null
2023-11-07 01:40:16,504 [Time-limited test] INFO  server.RaftServerConfigKeys (ConfUtils.java:logGet(46)) - raft.server.rpc.timeout.max = 300ms (default)
2023-11-07 01:40:16,505 [Time-limited test] INFO  impl.RaftServerTestUtil (RaftServerTestUtil.java:waitAndCheckNewConf(94)) - waitAndCheckNewConf: peers=[s1|0.0.0.0:42403, s2|0.0.0.0:39865, s0|localhost:43653], deadPeers=null, printing ALL groups
  s0:  RUNNING    LEADER s0@group-F9544BEBFE50:t1, leader=s0, voted=s0, raftlog=Memoized:s0@group-F9544BEBFE50-SegmentedRaftLog:OPENED:c262, conf=261: peers:[s0|localhost:43653, s1|0.0.0.0:42403, s2|0.0.0.0:39865]|listeners:[], old=null RUNNING
  s1:  RUNNING  FOLLOWER s1@group-F9544BEBFE50:t1, leader=s0, voted=null, raftlog=Memoized:s1@group-F9544BEBFE50-SegmentedRaftLog:OPENED:c261, conf=261: peers:[s0|localhost:43653, s1|0.0.0.0:42403, s2|0.0.0.0:39865]|listeners:[], old=null RUNNING
  s2:  RUNNING  FOLLOWER s2@group-F9544BEBFE50:t1, leader=s0, voted=null, raftlog=Memoized:s2@group-F9544BEBFE50-SegmentedRaftLog:OPENED:c261, conf=261: peers:[s0|localhost:43653, s1|0.0.0.0:42403, s2|0.0.0.0:39865]|listeners:[], old=null RUNNING
2023-11-07 01:40:16,505 [Time-limited test] INFO  impl.RaftServerTestUtil (RaftServerTestUtil.java:waitAndCheckNewConf(103)) - checking    LEADER s0@group-F9544BEBFE50:t1, leader=s0, voted=s0, raftlog=Memoized:s0@group-F9544BEBFE50-SegmentedRaftLog:OPENED:c262, conf=261: peers:[s0|localhost:43653, s1|0.0.0.0:42403, s2|0.0.0.0:39865]|listeners:[], old=null RUNNING
2023-11-07 01:40:16,505 [Time-limited test] INFO  impl.RaftServerTestUtil (RaftServerTestUtil.java:waitAndCheckNewConf(103)) - checking  FOLLOWER s1@group-F9544BEBFE50:t1, leader=s0, voted=null, raftlog=Memoized:s1@group-F9544BEBFE50-SegmentedRaftLog:OPENED:c261, conf=261: peers:[s0|localhost:43653, s1|0.0.0.0:42403, s2|0.0.0.0:39865]|listeners:[], old=null RUNNING
2023-11-07 01:40:16,505 [Time-limited test] INFO  impl.RaftServerTestUtil (RaftServerTestUtil.java:waitAndCheckNewConf(103)) - checking  FOLLOWER s2@group-F9544BEBFE50:t1, leader=s0, voted=null, raftlog=Memoized:s2@group-F9544BEBFE50-SegmentedRaftLog:OPENED:c261, conf=261: peers:[s0|localhost:43653, s1|0.0.0.0:42403, s2|0.0.0.0:39865]|listeners:[], old=null RUNNING
2023-11-07 01:40:16,505 [Time-limited test] INFO  impl.MiniRaftCluster (MiniRaftCluster.java:shutdown(831)) - ************************************************************** 
2023-11-07 01:40:16,505 [Time-limited test] INFO  impl.MiniRaftCluster (MiniRaftCluster.java:shutdown(832)) - *** 
2023-11-07 01:40:16,505 [Time-limited test] INFO  impl.MiniRaftCluster (MiniRaftCluster.java:shutdown(833)) - ***     Stopping MiniRaftClusterWithGrpc
2023-11-07 01:40:16,505 [Time-limited test] INFO  impl.MiniRaftCluster (MiniRaftCluster.java:shutdown(834)) - *** 
2023-11-07 01:40:16,505 [Time-limited test] INFO  impl.MiniRaftCluster (MiniRaftCluster.java:shutdown(835)) - ************************************************************** 
2023-11-07 01:40:16,506 [Time-limited test] INFO  impl.MiniRaftCluster (MiniRaftCluster.java:shutdown(836)) - printing ALL groups
  s0:  RUNNING    LEADER s0@group-F9544BEBFE50:t1, leader=s0, voted=s0, raftlog=Memoized:s0@group-F9544BEBFE50-SegmentedRaftLog:OPENED:c262, conf=261: peers:[s0|localhost:43653, s1|0.0.0.0:42403, s2|0.0.0.0:39865]|listeners:[], old=null RUNNING
  s1:  RUNNING  FOLLOWER s1@group-F9544BEBFE50:t1, leader=s0, voted=null, raftlog=Memoized:s1@group-F9544BEBFE50-SegmentedRaftLog:OPENED:c261, conf=261: peers:[s0|localhost:43653, s1|0.0.0.0:42403, s2|0.0.0.0:39865]|listeners:[], old=null RUNNING
  s2:  RUNNING  FOLLOWER s2@group-F9544BEBFE50:t1, leader=s0, voted=null, raftlog=Memoized:s2@group-F9544BEBFE50-SegmentedRaftLog:OPENED:c261, conf=261: peers:[s0|localhost:43653, s1|0.0.0.0:42403, s2|0.0.0.0:39865]|listeners:[], old=null RUNNING
2023-11-07 01:40:16,506 [MiniRaftCluster-19] INFO  server.RaftServer (RaftServerProxy.java:lambda$close$9(416)) - s0: close
2023-11-07 01:40:16,506 [MiniRaftCluster-20] INFO  server.RaftServer (RaftServerProxy.java:lambda$close$9(416)) - s1: close
2023-11-07 01:40:16,510 [MiniRaftCluster-19] INFO  server.GrpcService (GrpcService.java:closeImpl(311)) - s0: shutdown server org.apache.ratis.grpc.server.GrpcClientProtocolService now
2023-11-07 01:40:16,510 [s0-impl-thread1] INFO  server.RaftServer$Division (RaftServerImpl.java:lambda$close$3(514)) - s0@group-F9544BEBFE50: shutdown
2023-11-07 01:40:16,511 [s0-impl-thread1] INFO  util.JmxRegister (JmxRegister.java:unregister(73)) - Successfully un-registered JMX Bean with object name Ratis:service=RaftServer,group=group-F9544BEBFE50,id=s0
2023-11-07 01:40:16,511 [s0-impl-thread1] INFO  impl.RoleInfo (RoleInfo.java:shutdownLeaderState(94)) - s0: shutdown s0@group-F9544BEBFE50-LeaderStateImpl
2023-11-07 01:40:16,511 [MiniRaftCluster-20] INFO  server.GrpcService (GrpcService.java:closeImpl(311)) - s1: shutdown server GrpcServerProtocolService now
2023-11-07 01:40:16,511 [s1-impl-thread1] INFO  server.RaftServer$Division (RaftServerImpl.java:lambda$close$3(514)) - s1@group-F9544BEBFE50: shutdown
2023-11-07 01:40:16,511 [s0@group-F9544BEBFE50->s2-GrpcLogAppender-LogAppenderDaemon] WARN  server.GrpcLogAppender (GrpcLogAppender.java:mayWait(212)) - s0@group-F9544BEBFE50->s2-GrpcLogAppender: Wait interrupted by java.lang.InterruptedException
2023-11-07 01:40:16,511 [s1-impl-thread1] INFO  util.JmxRegister (JmxRegister.java:unregister(73)) - Successfully un-registered JMX Bean with object name Ratis:service=RaftServer,group=group-F9544BEBFE50,id=s1
2023-11-07 01:40:16,511 [s1-impl-thread1] INFO  impl.RoleInfo (RoleInfo.java:shutdownFollowerState(110)) - s1: shutdown s1@group-F9544BEBFE50-FollowerState
2023-11-07 01:40:16,511 [s1-impl-thread1] INFO  impl.StateMachineUpdater (StateMachineUpdater.java:stopAndJoin(157)) - s1@group-F9544BEBFE50-StateMachineUpdater: set stopIndex = 261
2023-11-07 01:40:16,512 [s1@group-F9544BEBFE50-StateMachineUpdater] TRACE util.FileUtils (FileUtils.java:deleteFully(305)) - deleteFully /tmp/ratis-tests/statemachine/s1/snapshot/1_261
2023-11-07 01:40:16,512 [s1@group-F9544BEBFE50-StateMachineUpdater] TRACE util.FileUtils (FileUtils.java:deleteFully(318)) - deleteFully: /tmp/ratis-tests/statemachine/s1/snapshot/1_261 does not exist.
2023-11-07 01:40:16,512 [s1@group-F9544BEBFE50-StateMachineUpdater] TRACE util.FileUtils (FileUtils.java:deleteFully(305)) - deleteFully /tmp/ratis-tests/statemachine/s1/tmp/3768ceea-de17-4a18-9e32-d6ac8bff7473
2023-11-07 01:40:16,512 [s1@group-F9544BEBFE50-FollowerState] INFO  impl.FollowerState (FollowerState.java:run(152)) - s1@group-F9544BEBFE50-FollowerState was interrupted
2023-11-07 01:40:16,511 [s0-impl-thread1] INFO  impl.PendingRequests (PendingRequests.java:sendNotLeaderResponses(289)) - s0@group-F9544BEBFE50-PendingRequests: sendNotLeaderResponses
2023-11-07 01:40:16,512 [grpc-default-executor-2] INFO  server.GrpcServerProtocolService (GrpcServerProtocolService.java:onCompleted(157)) - s2: Completed APPEND_ENTRIES, lastRequest: s0->s2#6-t1,previous=(t:1, i:261),leaderCommit=261,initializing? true,entries: size=1, first=(t:1, i:262), METADATAENTRY(c:261)
2023-11-07 01:40:16,512 [grpc-default-executor-2] INFO  server.GrpcServerProtocolService (GrpcServerProtocolService.java:lambda$onCompleted$5(159)) - s2: Completed APPEND_ENTRIES, lastReply: null
2023-11-07 01:40:16,511 [s0@group-F9544BEBFE50->s1-GrpcLogAppender-LogAppenderDaemon] WARN  server.GrpcLogAppender (GrpcLogAppender.java:mayWait(212)) - s0@group-F9544BEBFE50->s1-GrpcLogAppender: Wait interrupted by java.lang.InterruptedException
2023-11-07 01:40:16,512 [s1@group-F9544BEBFE50-StateMachineUpdater] TRACE util.FileUtils (FileUtils.java:deleteFully(318)) - deleteFully: /tmp/ratis-tests/statemachine/s1/tmp/3768ceea-de17-4a18-9e32-d6ac8bff7473 does not exist.
2023-11-07 01:40:16,513 [s1@group-F9544BEBFE50-StateMachineUpdater] TRACE util.FileUtils (LogUtils.java:runAndLog(49)) - Successfully ran Atomic Files.move /tmp/ratis-tests/statemachine/s1/tmp/3768ceea-de17-4a18-9e32-d6ac8bff7473 to /tmp/ratis-tests/statemachine/s1/snapshot/1_261
2023-11-07 01:40:16,513 [s1@group-F9544BEBFE50-StateMachineUpdater] INFO  impl.StateMachineUpdater (StateMachineUpdater.java:takeSnapshot(295)) - s1@group-F9544BEBFE50-StateMachineUpdater: Took a snapshot at index 261
2023-11-07 01:40:16,513 [s1@group-F9544BEBFE50-StateMachineUpdater] INFO  impl.StateMachineUpdater (StateMachineUpdater.java:lambda$new$0(98)) - s1@group-F9544BEBFE50-StateMachineUpdater: snapshotIndex: updateIncreasingly 255 -> 261
2023-11-07 01:40:16,513 [grpc-default-executor-4] INFO  server.GrpcServerProtocolService (GrpcServerProtocolService.java:onCompleted(157)) - s1: Completed APPEND_ENTRIES, lastRequest: s0->s1#11-t1,previous=(t:1, i:261),leaderCommit=261,initializing? true,entries: size=1, first=(t:1, i:262), METADATAENTRY(c:261)
2023-11-07 01:40:16,513 [grpc-default-executor-4] INFO  server.GrpcServerProtocolService (GrpcServerProtocolService.java:lambda$onCompleted$5(159)) - s1: Completed APPEND_ENTRIES, lastReply: null
2023-11-07 01:40:16,513 [s1-impl-thread1] INFO  server.RaftServer$Division (ServerState.java:close(423)) - s1@group-F9544BEBFE50: applyIndex: 261
2023-11-07 01:40:16,513 [grpc-default-executor-3] INFO  server.GrpcServerProtocolService (GrpcServerProtocolService.java:onCompleted(157)) - s1: Completed APPEND_ENTRIES, lastRequest: null
2023-11-07 01:40:16,513 [s1@group-F9544BEBFE50-cacheEviction-AwaitToRun] INFO  util.AwaitToRun (AwaitToRun.java:run(49)) - s1@group-F9544BEBFE50-cacheEviction-AwaitToRun-AwaitForSignal is interrupted
2023-11-07 01:40:16,513 [grpc-default-executor-4] INFO  server.GrpcLogAppender (GrpcLogAppender.java:onCompleted(469)) - s0@group-F9544BEBFE50->s2-AppendLogResponseHandler: follower responses appendEntries COMPLETED
2023-11-07 01:40:16,514 [grpc-default-executor-3] INFO  server.GrpcServerProtocolService (GrpcServerProtocolService.java:lambda$onCompleted$5(159)) - s1: Completed APPEND_ENTRIES, lastReply: serverReply {
  requestorId: "s0"
  replyId: "s1"
  raftGroupId {
    id: "\325F`\352\322\352L\277\263\343\371TK\353\376P"
  }
  success: true
}
term: 1
nextIndex: 192
followerCommit: 191
matchIndex: 18446744073709551615
isHearbeat: true

2023-11-07 01:40:16,514 [grpc-default-executor-2] INFO  server.GrpcServerProtocolService (GrpcServerProtocolService.java:onCompleted(157)) - s2: Completed APPEND_ENTRIES, lastRequest: null
2023-11-07 01:40:16,514 [grpc-default-executor-2] INFO  server.GrpcServerProtocolService (GrpcServerProtocolService.java:lambda$onCompleted$5(159)) - s2: Completed APPEND_ENTRIES, lastReply: serverReply {
  requestorId: "s0"
  replyId: "s2"
  raftGroupId {
    id: "\325F`\352\322\352L\277\263\343\371TK\353\376P"
  }
  success: true
}
term: 1
nextIndex: 259
followerCommit: 255
matchIndex: 18446744073709551615
isHearbeat: true

2023-11-07 01:40:16,514 [grpc-default-executor-2] INFO  server.GrpcLogAppender (GrpcLogAppender.java:onCompleted(469)) - s0@group-F9544BEBFE50->s1-AppendLogResponseHandler: follower responses appendEntries COMPLETED
2023-11-07 01:40:16,515 [grpc-default-executor-2] INFO  server.GrpcLogAppender (GrpcLogAppender.java:onCompleted(469)) - s0@group-F9544BEBFE50->s1-AppendLogResponseHandler: follower responses appendEntries COMPLETED
2023-11-07 01:40:16,515 [MiniRaftCluster-21] INFO  server.RaftServer (RaftServerProxy.java:lambda$close$9(416)) - s2: close
2023-11-07 01:40:16,520 [grpc-default-executor-0] INFO  server.GrpcLogAppender (GrpcLogAppender.java:onCompleted(469)) - s0@group-F9544BEBFE50->s2-AppendLogResponseHandler: follower responses appendEntries COMPLETED
2023-11-07 01:40:16,522 [MiniRaftCluster-21] INFO  server.GrpcService (GrpcService.java:closeImpl(311)) - s2: shutdown server GrpcServerProtocolService now
2023-11-07 01:40:16,522 [s2-impl-thread1] INFO  server.RaftServer$Division (RaftServerImpl.java:lambda$close$3(514)) - s2@group-F9544BEBFE50: shutdown
2023-11-07 01:40:16,522 [s2-impl-thread1] INFO  util.JmxRegister (JmxRegister.java:unregister(73)) - Successfully un-registered JMX Bean with object name Ratis:service=RaftServer,group=group-F9544BEBFE50,id=s2
2023-11-07 01:40:16,522 [Thread-247] INFO  server.GrpcServerProtocolClient (GrpcServerProtocolClient.java:close(103)) - s1 Close channels
2023-11-07 01:40:16,522 [Thread-248] INFO  server.GrpcServerProtocolClient (GrpcServerProtocolClient.java:close(103)) - s2 Close channels
2023-11-07 01:40:16,522 [s2-impl-thread1] INFO  impl.RoleInfo (RoleInfo.java:shutdownFollowerState(110)) - s2: shutdown s2@group-F9544BEBFE50-FollowerState
2023-11-07 01:40:16,524 [s2-impl-thread1] INFO  impl.StateMachineUpdater (StateMachineUpdater.java:stopAndJoin(157)) - s2@group-F9544BEBFE50-StateMachineUpdater: set stopIndex = 261
2023-11-07 01:40:16,524 [s2@group-F9544BEBFE50-FollowerState] INFO  impl.FollowerState (FollowerState.java:run(152)) - s2@group-F9544BEBFE50-FollowerState was interrupted
2023-11-07 01:40:16,524 [s2@group-F9544BEBFE50-StateMachineUpdater] TRACE util.FileUtils (FileUtils.java:deleteFully(305)) - deleteFully /tmp/ratis-tests/statemachine/s2/snapshot/1_261
2023-11-07 01:40:16,524 [s2@group-F9544BEBFE50-StateMachineUpdater] TRACE util.FileUtils (FileUtils.java:deleteFully(318)) - deleteFully: /tmp/ratis-tests/statemachine/s2/snapshot/1_261 does not exist.
2023-11-07 01:40:16,524 [s2@group-F9544BEBFE50-StateMachineUpdater] TRACE util.FileUtils (FileUtils.java:deleteFully(305)) - deleteFully /tmp/ratis-tests/statemachine/s2/tmp/f5a59aee-eef7-4474-9ece-342d1b0aa804
2023-11-07 01:40:16,525 [s2@group-F9544BEBFE50-StateMachineUpdater] TRACE util.FileUtils (FileUtils.java:deleteFully(318)) - deleteFully: /tmp/ratis-tests/statemachine/s2/tmp/f5a59aee-eef7-4474-9ece-342d1b0aa804 does not exist.
2023-11-07 01:40:16,525 [s2@group-F9544BEBFE50-StateMachineUpdater] TRACE util.FileUtils (LogUtils.java:runAndLog(49)) - Successfully ran Atomic Files.move /tmp/ratis-tests/statemachine/s2/tmp/f5a59aee-eef7-4474-9ece-342d1b0aa804 to /tmp/ratis-tests/statemachine/s2/snapshot/1_261
2023-11-07 01:40:16,525 [s2@group-F9544BEBFE50-StateMachineUpdater] INFO  impl.StateMachineUpdater (StateMachineUpdater.java:takeSnapshot(295)) - s2@group-F9544BEBFE50-StateMachineUpdater: Took a snapshot at index 261
2023-11-07 01:40:16,525 [s2@group-F9544BEBFE50-StateMachineUpdater] INFO  impl.StateMachineUpdater (StateMachineUpdater.java:lambda$new$0(98)) - s2@group-F9544BEBFE50-StateMachineUpdater: snapshotIndex: updateIncreasingly 255 -> 261
2023-11-07 01:40:16,525 [s2@group-F9544BEBFE50-StateMachineUpdater] INFO  raftlog.RaftLog (RaftLogBase.java:purge(330)) - s2@group-F9544BEBFE50-SegmentedRaftLog: purge 259
2023-11-07 01:40:16,525 [s2@group-F9544BEBFE50-StateMachineUpdater] INFO  raftlog.RaftLog (RaftLogBase.java:lambda$new$0(54)) - s2@group-F9544BEBFE50-SegmentedRaftLog: snapshotIndex: updateIncreasingly 255 -> 261
2023-11-07 01:40:16,525 [s2@group-F9544BEBFE50-StateMachineUpdater] INFO  raftlog.RaftLog (RaftLogBase.java:lambda$new$0(54)) - s2@group-F9544BEBFE50-SegmentedRaftLog: purgeIndex: updateToMax old=-1, new=259, updated? true
2023-11-07 01:40:16,526 [s2-impl-thread1] INFO  server.RaftServer$Division (ServerState.java:close(423)) - s2@group-F9544BEBFE50: applyIndex: 261
2023-11-07 01:40:16,526 [s2@group-F9544BEBFE50-cacheEviction-AwaitToRun] INFO  util.AwaitToRun (AwaitToRun.java:run(49)) - s2@group-F9544BEBFE50-cacheEviction-AwaitToRun-AwaitForSignal is interrupted
2023-11-07 01:40:16,526 [MiniRaftCluster-20] INFO  server.GrpcService (GrpcService.java:closeImpl(320)) - s1: shutdown server GrpcServerProtocolService successfully
2023-11-07 01:40:16,528 [s0-impl-thread1] INFO  impl.StateMachineUpdater (StateMachineUpdater.java:stopAndJoin(157)) - s0@group-F9544BEBFE50-StateMachineUpdater: set stopIndex = 262
2023-11-07 01:40:16,528 [s0@group-F9544BEBFE50-StateMachineUpdater] TRACE util.FileUtils (FileUtils.java:deleteFully(305)) - deleteFully /tmp/ratis-tests/statemachine/s0/snapshot/1_262
2023-11-07 01:40:16,528 [s0@group-F9544BEBFE50-StateMachineUpdater] TRACE util.FileUtils (FileUtils.java:deleteFully(318)) - deleteFully: /tmp/ratis-tests/statemachine/s0/snapshot/1_262 does not exist.
2023-11-07 01:40:16,528 [s0@group-F9544BEBFE50-StateMachineUpdater] TRACE util.FileUtils (FileUtils.java:deleteFully(305)) - deleteFully /tmp/ratis-tests/statemachine/s0/tmp/45c5ade7-852f-4418-a225-e70c547ffece
2023-11-07 01:40:16,528 [s0@group-F9544BEBFE50-StateMachineUpdater] TRACE util.FileUtils (FileUtils.java:deleteFully(318)) - deleteFully: /tmp/ratis-tests/statemachine/s0/tmp/45c5ade7-852f-4418-a225-e70c547ffece does not exist.
2023-11-07 01:40:16,529 [s0@group-F9544BEBFE50-StateMachineUpdater] TRACE util.FileUtils (LogUtils.java:runAndLog(49)) - Successfully ran Atomic Files.move /tmp/ratis-tests/statemachine/s0/tmp/45c5ade7-852f-4418-a225-e70c547ffece to /tmp/ratis-tests/statemachine/s0/snapshot/1_262
2023-11-07 01:40:16,529 [s0@group-F9544BEBFE50-StateMachineUpdater] INFO  impl.StateMachineUpdater (StateMachineUpdater.java:takeSnapshot(295)) - s0@group-F9544BEBFE50-StateMachineUpdater: Took a snapshot at index 262
2023-11-07 01:40:16,529 [s0@group-F9544BEBFE50-StateMachineUpdater] INFO  impl.StateMachineUpdater (StateMachineUpdater.java:lambda$new$0(98)) - s0@group-F9544BEBFE50-StateMachineUpdater: snapshotIndex: updateIncreasingly 255 -> 262
2023-11-07 01:40:16,529 [s0@group-F9544BEBFE50-StateMachineUpdater] INFO  raftlog.RaftLog (RaftLogBase.java:purge(330)) - s0@group-F9544BEBFE50-SegmentedRaftLog: purge 262
2023-11-07 01:40:16,529 [s0@group-F9544BEBFE50-StateMachineUpdater] INFO  raftlog.RaftLog (RaftLogBase.java:lambda$new$0(54)) - s0@group-F9544BEBFE50-SegmentedRaftLog: snapshotIndex: updateIncreasingly 255 -> 262
2023-11-07 01:40:16,529 [s0@group-F9544BEBFE50-StateMachineUpdater] INFO  raftlog.RaftLog (RaftLogBase.java:lambda$new$0(54)) - s0@group-F9544BEBFE50-SegmentedRaftLog: purgeIndex: updateToMax old=254, new=262, updated? true
2023-11-07 01:40:16,530 [s0-impl-thread1] INFO  server.RaftServer$Division (ServerState.java:close(423)) - s0@group-F9544BEBFE50: applyIndex: 262
2023-11-07 01:40:16,530 [s0@group-F9544BEBFE50-cacheEviction-AwaitToRun] INFO  util.AwaitToRun (AwaitToRun.java:run(49)) - s0@group-F9544BEBFE50-cacheEviction-AwaitToRun-AwaitForSignal is interrupted
2023-11-07 01:40:16,536 [MiniRaftCluster-19] INFO  server.GrpcService (GrpcService.java:closeImpl(320)) - s0: shutdown server org.apache.ratis.grpc.server.GrpcClientProtocolService successfully
2023-11-07 01:40:16,536 [MiniRaftCluster-19] INFO  server.GrpcService (GrpcService.java:closeImpl(311)) - s0: shutdown server GrpcServerProtocolService now
2023-11-07 01:40:16,536 [MiniRaftCluster-21] INFO  server.GrpcService (GrpcService.java:closeImpl(320)) - s2: shutdown server GrpcServerProtocolService successfully
2023-11-07 01:40:16,539 [MiniRaftCluster-19] INFO  server.GrpcService (GrpcService.java:closeImpl(320)) - s0: shutdown server GrpcServerProtocolService successfully
2023-11-07 01:40:16,539 [MiniRaftCluster-19] INFO  server.GrpcService (GrpcService.java:closeImpl(311)) - s0: shutdown server org.apache.ratis.grpc.server.GrpcAdminProtocolService now
2023-11-07 01:40:16,541 [MiniRaftCluster-19] INFO  server.GrpcService (GrpcService.java:closeImpl(320)) - s0: shutdown server org.apache.ratis.grpc.server.GrpcAdminProtocolService successfully
2023-11-07 01:40:17,488 [s0-impl-thread1] INFO  segmented.SegmentedRaftLogWorker (SegmentedRaftLogWorker.java:close(243)) - s0@group-F9544BEBFE50-SegmentedRaftLogWorker close()
2023-11-07 01:40:17,490 [JvmPauseMonitor9] INFO  util.JvmPauseMonitor (JvmPauseMonitor.java:run(152)) - JvmPauseMonitor-s0: Stopped
2023-11-07 01:40:17,493 [s2-impl-thread1] INFO  segmented.SegmentedRaftLogWorker (SegmentedRaftLogWorker.java:close(243)) - s2@group-F9544BEBFE50-SegmentedRaftLogWorker close()
2023-11-07 01:40:17,494 [s1-impl-thread1] INFO  segmented.SegmentedRaftLogWorker (SegmentedRaftLogWorker.java:close(243)) - s1@group-F9544BEBFE50-SegmentedRaftLogWorker close()
2023-11-07 01:40:17,496 [JvmPauseMonitor11] INFO  util.JvmPauseMonitor (JvmPauseMonitor.java:run(152)) - JvmPauseMonitor-s2: Stopped
2023-11-07 01:40:17,497 [JvmPauseMonitor10] INFO  util.JvmPauseMonitor (JvmPauseMonitor.java:run(152)) - JvmPauseMonitor-s1: Stopped
2023-11-07 01:40:17,497 [Time-limited test] INFO  impl.MiniRaftCluster (MiniRaftCluster.java:shutdown(855)) - MiniRaftClusterWithGrpc shutdown completed
2023-11-07 01:40:17,497 [Time-limited test] INFO  impl.MiniRaftCluster (MiniRaftCluster.java:shutdown(831)) - ************************************************************** 
2023-11-07 01:40:17,497 [Time-limited test] INFO  impl.MiniRaftCluster (MiniRaftCluster.java:shutdown(832)) - *** 
2023-11-07 01:40:17,498 [Time-limited test] INFO  impl.MiniRaftCluster (MiniRaftCluster.java:shutdown(833)) - ***     Stopping MiniRaftClusterWithGrpc
2023-11-07 01:40:17,498 [Time-limited test] INFO  impl.MiniRaftCluster (MiniRaftCluster.java:shutdown(834)) - *** 
2023-11-07 01:40:17,498 [Time-limited test] INFO  impl.MiniRaftCluster (MiniRaftCluster.java:shutdown(835)) - ************************************************************** 
2023-11-07 01:40:17,498 [Time-limited test] INFO  impl.MiniRaftCluster (MiniRaftCluster.java:shutdown(836)) - printing ALL groups
  s0:   CLOSED    LEADER s0@group-F9544BEBFE50:t1, leader=s0, voted=s0, raftlog=Memoized:s0@group-F9544BEBFE50-SegmentedRaftLog:CLOSED:c262, conf=261: peers:[s0|localhost:43653, s1|0.0.0.0:42403, s2|0.0.0.0:39865]|listeners:[], old=null CLOSED
  s1:   CLOSED  FOLLOWER s1@group-F9544BEBFE50:t1, leader=s0, voted=null, raftlog=Memoized:s1@group-F9544BEBFE50-SegmentedRaftLog:CLOSED:c261, conf=261: peers:[s0|localhost:43653, s1|0.0.0.0:42403, s2|0.0.0.0:39865]|listeners:[], old=null CLOSED
  s2:   CLOSED  FOLLOWER s2@group-F9544BEBFE50:t1, leader=s0, voted=null, raftlog=Memoized:s2@group-F9544BEBFE50-SegmentedRaftLog:CLOSED:c261, conf=261: peers:[s0|localhost:43653, s1|0.0.0.0:42403, s2|0.0.0.0:39865]|listeners:[], old=null CLOSED
2023-11-07 01:40:17,500 [Time-limited test] INFO  impl.MiniRaftCluster (MiniRaftCluster.java:shutdown(855)) - MiniRaftClusterWithGrpc shutdown completed
]]></system-out>
  </testcase>
</testsuite>