<?xml version="1.0" encoding="UTF-8"?>
<testsuite xmlns:xsi="http://www.w3.org/2001/XMLSchema-instance" xsi:noNamespaceSchemaLocation="https://maven.apache.org/surefire/maven-surefire-plugin/xsd/surefire-test-report.xsd" version="3.0.2" name="org.apache.ratis.grpc.TestReadOnlyRequestWithGrpc" time="24.543" tests="13" errors="0" skipped="0" failures="1">
  <properties>
    <property name="awt.toolkit" value="sun.awt.X11.XToolkit"/>
    <property name="file.encoding.pkg" value="sun.io"/>
    <property name="java.specification.version" value="1.8"/>
    <property name="sun.cpu.isalist" value=""/>
    <property name="sun.jnu.encoding" value="UTF-8"/>
    <property name="java.class.path" value="/home/runner/work/ratis/ratis/ratis-test/target/test-classes:/home/runner/work/ratis/ratis/ratis-test/target/classes:/home/runner/work/ratis/ratis/ratis-common/target/classes:/home/runner/.m2/repository/org/apache/ratis/ratis-thirdparty-misc/1.0.10/ratis-thirdparty-misc-1.0.10.jar:/home/runner/work/ratis/ratis/ratis-proto/target/classes:/home/runner/.m2/repository/jakarta/annotation/jakarta.annotation-api/1.3.5/jakarta.annotation-api-1.3.5.jar:/home/runner/work/ratis/ratis/ratis-common/target/test-classes:/home/runner/work/ratis/ratis/ratis-client/target/classes:/home/runner/work/ratis/ratis/ratis-server/target/classes:/home/runner/work/ratis/ratis/ratis-server-api/target/classes:/home/runner/work/ratis/ratis/ratis-metrics-api/target/classes:/home/runner/work/ratis/ratis/ratis-server/target/test-classes:/home/runner/work/ratis/ratis/ratis-metrics-default/target/classes:/home/runner/work/ratis/ratis/ratis-netty/target/classes:/home/runner/work/ratis/ratis/ratis-netty/target/test-classes:/home/runner/work/ratis/ratis/ratis-grpc/target/classes:/home/runner/work/ratis/ratis/ratis-grpc/target/test-classes:/home/runner/work/ratis/ratis/ratis-shell/target/classes:/home/runner/.m2/repository/commons-cli/commons-cli/1.5.0/commons-cli-1.5.0.jar:/home/runner/.m2/repository/org/reflections/reflections/0.10.2/reflections-0.10.2.jar:/home/runner/.m2/repository/org/javassist/javassist/3.28.0-GA/javassist-3.28.0-GA.jar:/home/runner/.m2/repository/com/google/code/findbugs/jsr305/3.0.2/jsr305-3.0.2.jar:/home/runner/.m2/repository/org/bouncycastle/bcprov-jdk18on/1.78.1/bcprov-jdk18on-1.78.1.jar:/home/runner/.m2/repository/org/bouncycastle/bcpkix-jdk18on/1.78.1/bcpkix-jdk18on-1.78.1.jar:/home/runner/.m2/repository/org/bouncycastle/bcutil-jdk18on/1.78.1/bcutil-jdk18on-1.78.1.jar:/home/runner/.m2/repository/org/slf4j/slf4j-api/2.0.7/slf4j-api-2.0.7.jar:/home/runner/.m2/repository/org/slf4j/slf4j-reload4j/2.0.7/slf4j-reload4j-2.0.7.jar:/home/runner/.m2/repository/ch/qos/reload4j/reload4j/1.2.22/reload4j-1.2.22.jar:/home/runner/.m2/repository/org/junit/jupiter/junit-jupiter-engine/5.13.3/junit-jupiter-engine-5.13.3.jar:/home/runner/.m2/repository/org/junit/platform/junit-platform-engine/1.13.3/junit-platform-engine-1.13.3.jar:/home/runner/.m2/repository/org/apiguardian/apiguardian-api/1.1.2/apiguardian-api-1.1.2.jar:/home/runner/.m2/repository/org/junit/jupiter/junit-jupiter-api/5.13.3/junit-jupiter-api-5.13.3.jar:/home/runner/.m2/repository/org/opentest4j/opentest4j/1.3.0/opentest4j-1.3.0.jar:/home/runner/.m2/repository/org/junit/platform/junit-platform-commons/1.13.3/junit-platform-commons-1.13.3.jar:/home/runner/.m2/repository/org/junit/jupiter/junit-jupiter-params/5.13.3/junit-jupiter-params-5.13.3.jar:/home/runner/.m2/repository/org/junit/platform/junit-platform-launcher/1.13.3/junit-platform-launcher-1.13.3.jar:/home/runner/.m2/repository/org/mockito/mockito-core/4.11.0/mockito-core-4.11.0.jar:/home/runner/.m2/repository/net/bytebuddy/byte-buddy/1.12.19/byte-buddy-1.12.19.jar:/home/runner/.m2/repository/net/bytebuddy/byte-buddy-agent/1.12.19/byte-buddy-agent-1.12.19.jar:/home/runner/.m2/repository/org/objenesis/objenesis/3.3/objenesis-3.3.jar:/home/runner/work/ratis/ratis/ratis-test/target/gradle-enterprise/test-listeners.jar:"/>
    <property name="java.vm.vendor" value="Temurin"/>
    <property name="sun.arch.data.model" value="64"/>
    <property name="java.vendor.url" value="https://adoptium.net/"/>
    <property name="user.timezone" value="Etc/UTC"/>
    <property name="java.vm.specification.version" value="1.8"/>
    <property name="os.name" value="Linux"/>
    <property name="sun.java.launcher" value="SUN_STANDARD"/>
    <property name="sun.boot.library.path" value="/usr/lib/jvm/temurin-8-jdk-amd64/jre/lib/amd64"/>
    <property name="sun.java.command" value="/home/runner/work/ratis/ratis/ratis-test/target/surefire/surefirebooter-20250929065925444_299.jar /home/runner/work/ratis/ratis/ratis-test/target/surefire 2025-09-29T06-59-06_380-jvmRun1 surefire-20250929065925444_297tmp surefire_38-20250929065925444_298tmp"/>
    <property name="surefire.test.class.path" value="/home/runner/work/ratis/ratis/ratis-test/target/test-classes:/home/runner/work/ratis/ratis/ratis-test/target/classes:/home/runner/work/ratis/ratis/ratis-common/target/classes:/home/runner/.m2/repository/org/apache/ratis/ratis-thirdparty-misc/1.0.10/ratis-thirdparty-misc-1.0.10.jar:/home/runner/work/ratis/ratis/ratis-proto/target/classes:/home/runner/.m2/repository/jakarta/annotation/jakarta.annotation-api/1.3.5/jakarta.annotation-api-1.3.5.jar:/home/runner/work/ratis/ratis/ratis-common/target/test-classes:/home/runner/work/ratis/ratis/ratis-client/target/classes:/home/runner/work/ratis/ratis/ratis-server/target/classes:/home/runner/work/ratis/ratis/ratis-server-api/target/classes:/home/runner/work/ratis/ratis/ratis-metrics-api/target/classes:/home/runner/work/ratis/ratis/ratis-server/target/test-classes:/home/runner/work/ratis/ratis/ratis-metrics-default/target/classes:/home/runner/work/ratis/ratis/ratis-netty/target/classes:/home/runner/work/ratis/ratis/ratis-netty/target/test-classes:/home/runner/work/ratis/ratis/ratis-grpc/target/classes:/home/runner/work/ratis/ratis/ratis-grpc/target/test-classes:/home/runner/work/ratis/ratis/ratis-shell/target/classes:/home/runner/.m2/repository/commons-cli/commons-cli/1.5.0/commons-cli-1.5.0.jar:/home/runner/.m2/repository/org/reflections/reflections/0.10.2/reflections-0.10.2.jar:/home/runner/.m2/repository/org/javassist/javassist/3.28.0-GA/javassist-3.28.0-GA.jar:/home/runner/.m2/repository/com/google/code/findbugs/jsr305/3.0.2/jsr305-3.0.2.jar:/home/runner/.m2/repository/org/bouncycastle/bcprov-jdk18on/1.78.1/bcprov-jdk18on-1.78.1.jar:/home/runner/.m2/repository/org/bouncycastle/bcpkix-jdk18on/1.78.1/bcpkix-jdk18on-1.78.1.jar:/home/runner/.m2/repository/org/bouncycastle/bcutil-jdk18on/1.78.1/bcutil-jdk18on-1.78.1.jar:/home/runner/.m2/repository/org/slf4j/slf4j-api/2.0.7/slf4j-api-2.0.7.jar:/home/runner/.m2/repository/org/slf4j/slf4j-reload4j/2.0.7/slf4j-reload4j-2.0.7.jar:/home/runner/.m2/repository/ch/qos/reload4j/reload4j/1.2.22/reload4j-1.2.22.jar:/home/runner/.m2/repository/org/junit/jupiter/junit-jupiter-engine/5.13.3/junit-jupiter-engine-5.13.3.jar:/home/runner/.m2/repository/org/junit/platform/junit-platform-engine/1.13.3/junit-platform-engine-1.13.3.jar:/home/runner/.m2/repository/org/apiguardian/apiguardian-api/1.1.2/apiguardian-api-1.1.2.jar:/home/runner/.m2/repository/org/junit/jupiter/junit-jupiter-api/5.13.3/junit-jupiter-api-5.13.3.jar:/home/runner/.m2/repository/org/opentest4j/opentest4j/1.3.0/opentest4j-1.3.0.jar:/home/runner/.m2/repository/org/junit/platform/junit-platform-commons/1.13.3/junit-platform-commons-1.13.3.jar:/home/runner/.m2/repository/org/junit/jupiter/junit-jupiter-params/5.13.3/junit-jupiter-params-5.13.3.jar:/home/runner/.m2/repository/org/junit/platform/junit-platform-launcher/1.13.3/junit-platform-launcher-1.13.3.jar:/home/runner/.m2/repository/org/mockito/mockito-core/4.11.0/mockito-core-4.11.0.jar:/home/runner/.m2/repository/net/bytebuddy/byte-buddy/1.12.19/byte-buddy-1.12.19.jar:/home/runner/.m2/repository/net/bytebuddy/byte-buddy-agent/1.12.19/byte-buddy-agent-1.12.19.jar:/home/runner/.m2/repository/org/objenesis/objenesis/3.3/objenesis-3.3.jar:/home/runner/work/ratis/ratis/ratis-test/target/gradle-enterprise/test-listeners.jar:"/>
    <property name="sun.cpu.endian" value="little"/>
    <property name="user.home" value="/home/runner"/>
    <property name="user.language" value="en"/>
    <property name="java.specification.vendor" value="Oracle Corporation"/>
    <property name="java.home" value="/usr/lib/jvm/temurin-8-jdk-amd64/jre"/>
    <property name="basedir" value="/home/runner/work/ratis/ratis/ratis-test"/>
    <property name="file.separator" value="/"/>
    <property name="line.separator" value="&#10;"/>
    <property name="java.vm.specification.vendor" value="Oracle Corporation"/>
    <property name="java.specification.name" value="Java Platform API Specification"/>
    <property name="java.awt.graphicsenv" value="sun.awt.X11GraphicsEnvironment"/>
    <property name="surefire.real.class.path" value="/home/runner/work/ratis/ratis/ratis-test/target/surefire/surefirebooter-20250929065925444_299.jar:/home/runner/.m2/repository/org/jacoco/org.jacoco.agent/0.8.12/org.jacoco.agent-0.8.12-runtime.jar"/>
    <property name="sun.boot.class.path" value="/usr/lib/jvm/temurin-8-jdk-amd64/jre/lib/resources.jar:/usr/lib/jvm/temurin-8-jdk-amd64/jre/lib/rt.jar:/usr/lib/jvm/temurin-8-jdk-amd64/jre/lib/sunrsasign.jar:/usr/lib/jvm/temurin-8-jdk-amd64/jre/lib/jsse.jar:/usr/lib/jvm/temurin-8-jdk-amd64/jre/lib/jce.jar:/usr/lib/jvm/temurin-8-jdk-amd64/jre/lib/charsets.jar:/usr/lib/jvm/temurin-8-jdk-amd64/jre/lib/jfr.jar:/usr/lib/jvm/temurin-8-jdk-amd64/jre/classes"/>
    <property name="sun.management.compiler" value="HotSpot 64-Bit Tiered Compilers"/>
    <property name="java.runtime.version" value="1.8.0_462-b08"/>
    <property name="java.net.preferIPv4Stack" value="true"/>
    <property name="user.name" value="runner"/>
    <property name="path.separator" value=":"/>
    <property name="os.version" value="6.11.0-1018-azure"/>
    <property name="java.endorsed.dirs" value="/usr/lib/jvm/temurin-8-jdk-amd64/jre/lib/endorsed"/>
    <property name="java.runtime.name" value="OpenJDK Runtime Environment"/>
    <property name="com.gradle.maven.scan.extension.test.listener.junitplatform.NestedExecutionSafeDelegatingTestExecutionListener" value="3af9c5b7"/>
    <property name="file.encoding" value="UTF-8"/>
    <property name="java.vm.name" value="OpenJDK 64-Bit Server VM"/>
    <property name="develocity.listener.surefire.forkId" value="1"/>
    <property name="localRepository" value="/home/runner/.m2/repository"/>
    <property name="java.vendor.url.bug" value="https://github.com/adoptium/adoptium-support/issues"/>
    <property name="java.io.tmpdir" value="/tmp"/>
    <property name="java.version" value="1.8.0_462"/>
    <property name="user.dir" value="/home/runner/work/ratis/ratis/ratis-test"/>
    <property name="os.arch" value="amd64"/>
    <property name="ratis.tmp.dir" value="/home/runner/work/ratis/ratis/ratis-test/target/tmp"/>
    <property name="java.vm.specification.name" value="Java Virtual Machine Specification"/>
    <property name="java.awt.printerjob" value="sun.print.PSPrinterJob"/>
    <property name="ratis.log.dir" value="/home/runner/work/ratis/ratis/ratis-test/target/log"/>
    <property name="sun.os.patch.level" value="unknown"/>
    <property name="org.apache.ratis.thirdparty.io.netty.allocator.useCacheForAllThreads" value="false"/>
    <property name="java.library.path" value="/usr/java/packages/lib/amd64:/usr/lib64:/lib64:/lib:/usr/lib"/>
    <property name="java.vm.info" value="mixed mode"/>
    <property name="java.vendor" value="Temurin"/>
    <property name="java.vm.version" value="25.462-b08"/>
    <property name="java.specification.maintenance.version" value="6"/>
    <property name="develocity.listener.port" value="39931"/>
    <property name="java.ext.dirs" value="/usr/lib/jvm/temurin-8-jdk-amd64/jre/lib/ext:/usr/java/packages/lib/ext"/>
    <property name="sun.io.unicode.encoding" value="UnicodeLittle"/>
    <property name="java.class.version" value="52.0"/>
  </properties>
  <testcase name="testFollowerLinearizableReadFailWhenLeaderDown" classname="org.apache.ratis.grpc.TestReadOnlyRequestWithGrpc" time="4.013">
    <system-out><![CDATA[2025-09-29 07:14:39,942 [main] INFO  util.LogUtils (Slf4jUtils.java:setLogLevel(38)) - Successfully set org.apache.ratis.conf.ConfUtils log level to WARN
2025-09-29 07:14:39,950 [main] INFO  util.LogUtils (Slf4jUtils.java:setLogLevel(38)) - Successfully set org.apache.ratis.util.FileUtils log level to TRACE
2025-09-29 07:14:39,954 [main] INFO  util.LogUtils (Slf4jUtils.java:setLogLevel(38)) - Successfully set org.apache.ratis.server.RaftServer$Division log level to DEBUG
2025-09-29 07:14:40,022 [main] INFO  impl.MiniRaftCluster (MiniRaftCluster.java:runWithNewCluster(136)) - Running runWithNewCluster
2025-09-29 07:14:40,091 [main] INFO  impl.MiniRaftCluster (MiniRaftCluster.java:<init>(296)) - new MiniRaftClusterWithGrpc with group-49D6801573FA:[s0|localhost:15000, s1|localhost:15004, s2|localhost:15008]
2025-09-29 07:14:40,092 [main] INFO  impl.MiniRaftCluster (MiniRaftCluster.java:start(329)) - .............................................................. 
2025-09-29 07:14:40,092 [main] INFO  impl.MiniRaftCluster (MiniRaftCluster.java:start(330)) - ... 
2025-09-29 07:14:40,092 [main] INFO  impl.MiniRaftCluster (MiniRaftCluster.java:start(331)) - ...     Starting MiniRaftClusterWithGrpc
2025-09-29 07:14:40,093 [main] INFO  impl.MiniRaftCluster (MiniRaftCluster.java:start(332)) - ... 
2025-09-29 07:14:40,093 [main] INFO  impl.MiniRaftCluster (MiniRaftCluster.java:start(333)) - .............................................................. 
2025-09-29 07:14:40,093 [main] INFO  impl.MiniRaftCluster (MiniRaftCluster.java:initServers(308)) - servers = {}
2025-09-29 07:14:40,100 [main] INFO  impl.MiniRaftCluster (MiniRaftCluster.java:newRaftServer(375)) - newRaftServer: s0, group-49D6801573FA:[s0|localhost:15000, s1|localhost:15004, s2|localhost:15008], format? true
2025-09-29 07:14:40,102 [main] TRACE util.FileUtils (FileUtils.java:deleteFully(355)) - deleteFully target/test/data/6b14e155/MiniRaftClusterWithGrpc8e200d96/s0
2025-09-29 07:14:40,103 [main] TRACE util.FileUtils (FileUtils.java:deleteFully(368)) - deleteFully: target/test/data/6b14e155/MiniRaftClusterWithGrpc8e200d96/s0 does not exist.
2025-09-29 07:14:40,103 [main] INFO  impl.MiniRaftCluster (MiniRaftCluster.java:newRaftServer(380)) - Formatted directory target/test/data/6b14e155/MiniRaftClusterWithGrpc8e200d96/s0
2025-09-29 07:14:40,127 [main] INFO  server.RaftServer (VersionInfo.java:printStartupMessages(132)) - Starting Apache Ratis Test -- RaftServerProxy s0
2025-09-29 07:14:40,128 [main] INFO  server.RaftServer (VersionInfo.java:printStartupMessages(136)) -                version: 3.1.3
2025-09-29 07:14:40,128 [main] INFO  server.RaftServer (VersionInfo.java:printStartupMessages(136)) -                    url: https://github.com/apache/ratis
2025-09-29 07:14:40,128 [main] INFO  server.RaftServer (VersionInfo.java:printStartupMessages(136)) -               revision: d902c593e11de03b157527cf3ee9a12cdd9ad451
2025-09-29 07:14:40,129 [main] INFO  server.RaftServer (VersionInfo.java:printStartupMessages(139)) -                   java: OpenJDK 64-Bit Server VM 1.8.0_462-b08
2025-09-29 07:14:40,129 [main] INFO  server.RaftServer (VersionInfo.java:printStartupMessages(139)) -                   user: runner
2025-09-29 07:14:40,131 [main] INFO  server.RaftServer (ConfUtils.java:logGet(62)) - raft.rpc.type = GRPC (default)
2025-09-29 07:14:40,257 [main] INFO  grpc.GrpcConfigKeys (ConfUtils.java:logFallback(69)) - raft.grpc.admin.host = null (fallback to raft.grpc.server.host)
2025-09-29 07:14:40,259 [main] INFO  grpc.GrpcConfigKeys (ConfUtils.java:logGet(62)) - raft.grpc.admin.port = 15001 (custom)
2025-09-29 07:14:40,259 [main] INFO  grpc.GrpcConfigKeys (ConfUtils.java:logFallback(69)) - raft.grpc.client.host = null (fallback to raft.grpc.server.host)
2025-09-29 07:14:40,260 [main] INFO  grpc.GrpcConfigKeys (ConfUtils.java:logGet(62)) - raft.grpc.client.port = 15002 (custom)
2025-09-29 07:14:40,261 [main] INFO  grpc.GrpcConfigKeys (ConfUtils.java:logGet(62)) - raft.grpc.server.port = 15000 (custom)
2025-09-29 07:14:40,261 [main] INFO  server.GrpcServicesImpl (ConfUtils.java:logGet(62)) - raft.grpc.message.size.max = 64MB (=67108864) (default)
2025-09-29 07:14:40,263 [main] INFO  server.GrpcServicesImpl (ConfUtils.java:logGet(62)) - raft.grpc.flow.control.window = 1MB (=1048576) (default)
2025-09-29 07:14:40,266 [main] INFO  server.RaftServerConfigKeys (ConfUtils.java:logGet(62)) - raft.server.rpc.request.timeout = 3000ms (default)
2025-09-29 07:14:40,272 [main] INFO  grpc.GrpcConfigKeys (ConfUtils.java:logGet(62)) - raft.grpc.server.heartbeat.channel = true (default)
2025-09-29 07:14:40,273 [main] INFO  grpc.GrpcConfigKeys (ConfUtils.java:logGet(62)) - raft.grpc.server.stub.pool.size = 10 (default)
2025-09-29 07:14:40,275 [main] INFO  server.RaftServerConfigKeys (ConfUtils.java:logGet(62)) - raft.server.log.appender.buffer.byte-limit = 4MB (=4194304) (default)
2025-09-29 07:14:40,323 [main] INFO  grpc.GrpcConfigKeys (ConfUtils.java:logGet(62)) - raft.grpc.server.async.request.thread.pool.cached = true (default)
2025-09-29 07:14:40,324 [main] INFO  grpc.GrpcConfigKeys (ConfUtils.java:logGet(62)) - raft.grpc.server.async.request.thread.pool.size = 32 (default)
2025-09-29 07:14:40,609 [main] INFO  impl.DataStreamServerImpl (ConfUtils.java:logGet(62)) - raft.datastream.type = DISABLED (default)
2025-09-29 07:14:40,612 [main] INFO  server.RaftServerConfigKeys (ConfUtils.java:logGet(62)) - raft.server.sleep.deviation.threshold = 300ms (default)
2025-09-29 07:14:40,612 [main] INFO  server.RaftServerConfigKeys (ConfUtils.java:logGet(62)) - raft.server.close.threshold = 60s (default)
2025-09-29 07:14:40,613 [main] INFO  server.RaftServerConfigKeys (ConfUtils.java:logGet(62)) - raft.server.leaderelection.leader.step-down.wait-time = 10s (default)
2025-09-29 07:14:40,617 [main] INFO  server.RaftServerConfigKeys (ConfUtils.java:logGet(62)) - raft.server.storage.dir = [/home/runner/work/ratis/ratis/ratis-test/target/test/data/6b14e155/MiniRaftClusterWithGrpc8e200d96/s0] (custom)
2025-09-29 07:14:40,619 [main] INFO  server.RaftServerConfigKeys (ConfUtils.java:logGet(62)) - raft.server.threadpool.proxy.cached = true (default)
2025-09-29 07:14:40,619 [main] INFO  server.RaftServerConfigKeys (ConfUtils.java:logGet(62)) - raft.server.threadpool.proxy.size = 0 (default)
2025-09-29 07:14:40,628 [main] INFO  server.RaftServer (RaftServerProxy.java:addNew(106)) - s0: addNew group-49D6801573FA:[s0|localhost:15000, s1|localhost:15004, s2|localhost:15008] returns group-49D6801573FA:java.util.concurrent.CompletableFuture@3c3cd7a5[Not completed]
2025-09-29 07:14:40,629 [main] INFO  impl.MiniRaftCluster (MiniRaftCluster.java:newRaftServer(375)) - newRaftServer: s1, group-49D6801573FA:[s0|localhost:15000, s1|localhost:15004, s2|localhost:15008], format? true
2025-09-29 07:14:40,629 [main] TRACE util.FileUtils (FileUtils.java:deleteFully(355)) - deleteFully target/test/data/6b14e155/MiniRaftClusterWithGrpc8e200d96/s1
2025-09-29 07:14:40,630 [main] TRACE util.FileUtils (FileUtils.java:deleteFully(368)) - deleteFully: target/test/data/6b14e155/MiniRaftClusterWithGrpc8e200d96/s1 does not exist.
2025-09-29 07:14:40,630 [main] INFO  impl.MiniRaftCluster (MiniRaftCluster.java:newRaftServer(380)) - Formatted directory target/test/data/6b14e155/MiniRaftClusterWithGrpc8e200d96/s1
2025-09-29 07:14:40,631 [main] INFO  server.RaftServer (VersionInfo.java:printStartupMessages(132)) - Starting Apache Ratis Test -- RaftServerProxy s1
2025-09-29 07:14:40,631 [main] INFO  server.RaftServer (VersionInfo.java:printStartupMessages(136)) -                version: 3.1.3
2025-09-29 07:14:40,632 [main] INFO  server.RaftServer (VersionInfo.java:printStartupMessages(136)) -                    url: https://github.com/apache/ratis
2025-09-29 07:14:40,632 [main] INFO  server.RaftServer (VersionInfo.java:printStartupMessages(136)) -               revision: d902c593e11de03b157527cf3ee9a12cdd9ad451
2025-09-29 07:14:40,632 [main] INFO  server.RaftServer (VersionInfo.java:printStartupMessages(139)) -                   java: OpenJDK 64-Bit Server VM 1.8.0_462-b08
2025-09-29 07:14:40,633 [main] INFO  server.RaftServer (VersionInfo.java:printStartupMessages(139)) -                   user: runner
2025-09-29 07:14:40,633 [main] INFO  grpc.GrpcConfigKeys (ConfUtils.java:logFallback(69)) - raft.grpc.admin.host = null (fallback to raft.grpc.server.host)
2025-09-29 07:14:40,635 [main] INFO  grpc.GrpcConfigKeys (ConfUtils.java:logGet(62)) - raft.grpc.admin.port = 15005 (custom)
2025-09-29 07:14:40,636 [main] INFO  grpc.GrpcConfigKeys (ConfUtils.java:logFallback(69)) - raft.grpc.client.host = null (fallback to raft.grpc.server.host)
2025-09-29 07:14:40,636 [main] INFO  grpc.GrpcConfigKeys (ConfUtils.java:logGet(62)) - raft.grpc.client.port = 15006 (custom)
2025-09-29 07:14:40,637 [main] INFO  grpc.GrpcConfigKeys (ConfUtils.java:logGet(62)) - raft.grpc.server.port = 15004 (custom)
2025-09-29 07:14:40,640 [main] INFO  server.RaftServerConfigKeys (ConfUtils.java:logGet(62)) - raft.server.storage.dir = [/home/runner/work/ratis/ratis/ratis-test/target/test/data/6b14e155/MiniRaftClusterWithGrpc8e200d96/s1] (custom)
2025-09-29 07:14:40,642 [main] INFO  server.RaftServer (RaftServerProxy.java:addNew(106)) - s1: addNew group-49D6801573FA:[s0|localhost:15000, s1|localhost:15004, s2|localhost:15008] returns group-49D6801573FA:java.util.concurrent.CompletableFuture@7b8cb283[Not completed]
2025-09-29 07:14:40,646 [main] INFO  impl.MiniRaftCluster (MiniRaftCluster.java:newRaftServer(375)) - newRaftServer: s2, group-49D6801573FA:[s0|localhost:15000, s1|localhost:15004, s2|localhost:15008], format? true
2025-09-29 07:14:40,647 [main] TRACE util.FileUtils (FileUtils.java:deleteFully(355)) - deleteFully target/test/data/6b14e155/MiniRaftClusterWithGrpc8e200d96/s2
2025-09-29 07:14:40,648 [main] TRACE util.FileUtils (FileUtils.java:deleteFully(368)) - deleteFully: target/test/data/6b14e155/MiniRaftClusterWithGrpc8e200d96/s2 does not exist.
2025-09-29 07:14:40,648 [main] INFO  impl.MiniRaftCluster (MiniRaftCluster.java:newRaftServer(380)) - Formatted directory target/test/data/6b14e155/MiniRaftClusterWithGrpc8e200d96/s2
2025-09-29 07:14:40,651 [main] INFO  server.RaftServer (VersionInfo.java:printStartupMessages(132)) - Starting Apache Ratis Test -- RaftServerProxy s2
2025-09-29 07:14:40,652 [main] INFO  server.RaftServer (VersionInfo.java:printStartupMessages(136)) -                version: 3.1.3
2025-09-29 07:14:40,652 [main] INFO  server.RaftServer (VersionInfo.java:printStartupMessages(136)) -                    url: https://github.com/apache/ratis
2025-09-29 07:14:40,653 [main] INFO  server.RaftServer (VersionInfo.java:printStartupMessages(136)) -               revision: d902c593e11de03b157527cf3ee9a12cdd9ad451
2025-09-29 07:14:40,654 [main] INFO  server.RaftServer (VersionInfo.java:printStartupMessages(139)) -                   java: OpenJDK 64-Bit Server VM 1.8.0_462-b08
2025-09-29 07:14:40,654 [main] INFO  server.RaftServer (VersionInfo.java:printStartupMessages(139)) -                   user: runner
2025-09-29 07:14:40,655 [main] INFO  grpc.GrpcConfigKeys (ConfUtils.java:logFallback(69)) - raft.grpc.admin.host = null (fallback to raft.grpc.server.host)
2025-09-29 07:14:40,655 [main] INFO  grpc.GrpcConfigKeys (ConfUtils.java:logGet(62)) - raft.grpc.admin.port = 15009 (custom)
2025-09-29 07:14:40,655 [main] INFO  grpc.GrpcConfigKeys (ConfUtils.java:logFallback(69)) - raft.grpc.client.host = null (fallback to raft.grpc.server.host)
2025-09-29 07:14:40,656 [main] INFO  grpc.GrpcConfigKeys (ConfUtils.java:logGet(62)) - raft.grpc.client.port = 15010 (custom)
2025-09-29 07:14:40,656 [main] INFO  grpc.GrpcConfigKeys (ConfUtils.java:logGet(62)) - raft.grpc.server.port = 15008 (custom)
2025-09-29 07:14:40,658 [s1-groupManagement] INFO  server.RaftServer$Division (RaftServerImpl.java:<init>(268)) - s1: new RaftServerImpl for group-49D6801573FA:[s0|localhost:15000, s1|localhost:15004, s2|localhost:15008] with CounterStateMachine-1:uninitialized
2025-09-29 07:14:40,661 [main] INFO  server.RaftServerConfigKeys (ConfUtils.java:logGet(62)) - raft.server.storage.dir = [/home/runner/work/ratis/ratis/ratis-test/target/test/data/6b14e155/MiniRaftClusterWithGrpc8e200d96/s2] (custom)
2025-09-29 07:14:40,658 [s0-groupManagement] INFO  server.RaftServer$Division (RaftServerImpl.java:<init>(268)) - s0: new RaftServerImpl for group-49D6801573FA:[s0|localhost:15000, s1|localhost:15004, s2|localhost:15008] with CounterStateMachine-2:uninitialized
2025-09-29 07:14:40,664 [main] INFO  server.RaftServer (RaftServerProxy.java:addNew(106)) - s2: addNew group-49D6801573FA:[s0|localhost:15000, s1|localhost:15004, s2|localhost:15008] returns group-49D6801573FA:java.util.concurrent.CompletableFuture@27ec74a3[Not completed]
2025-09-29 07:14:40,664 [s2-groupManagement] INFO  server.RaftServer$Division (RaftServerImpl.java:<init>(268)) - s2: new RaftServerImpl for group-49D6801573FA:[s0|localhost:15000, s1|localhost:15004, s2|localhost:15008] with CounterStateMachine-3:uninitialized
2025-09-29 07:14:40,665 [s2-groupManagement] INFO  server.RaftServerConfigKeys (ConfUtils.java:logGet(62)) - raft.server.rpc.sleep.time = 25ms (default)
2025-09-29 07:14:40,665 [s2-groupManagement] INFO  server.RaftServerConfigKeys (ConfUtils.java:logGet(62)) - raft.server.rpc.slowness.timeout = 60s (default)
2025-09-29 07:14:40,666 [s2-groupManagement] INFO  server.RaftServerConfigKeys (ConfUtils.java:logGet(62)) - raft.server.leaderelection.member.majority-add = false (default)
2025-09-29 07:14:40,664 [s1-groupManagement] INFO  server.RaftServerConfigKeys (ConfUtils.java:logGet(62)) - raft.server.rpc.timeout.max = 300ms (default)
2025-09-29 07:14:40,664 [s0-groupManagement] INFO  server.RaftServerConfigKeys (ConfUtils.java:logGet(62)) - raft.server.rpc.timeout.min = 150ms (default)
2025-09-29 07:14:40,676 [s2-groupManagement] INFO  server.RaftServer$Division (ServerState.java:<init>(114)) - s2@group-49D6801573FA: ConfigurationManager, init=conf: {index: -1, cur=peers:[s0|localhost:15000, s1|localhost:15004, s2|localhost:15008]|listeners:[], old=null}, confs=<EMPTY_MAP>
2025-09-29 07:14:40,676 [s0-groupManagement] INFO  server.RaftServer$Division (ServerState.java:<init>(114)) - s0@group-49D6801573FA: ConfigurationManager, init=conf: {index: -1, cur=peers:[s0|localhost:15000, s1|localhost:15004, s2|localhost:15008]|listeners:[], old=null}, confs=<EMPTY_MAP>
2025-09-29 07:14:40,676 [s1-groupManagement] INFO  server.RaftServer$Division (ServerState.java:<init>(114)) - s1@group-49D6801573FA: ConfigurationManager, init=conf: {index: -1, cur=peers:[s0|localhost:15000, s1|localhost:15004, s2|localhost:15008]|listeners:[], old=null}, confs=<EMPTY_MAP>
2025-09-29 07:14:40,684 [s2-groupManagement] INFO  server.RaftServerConfigKeys (ConfUtils.java:logGet(62)) - raft.server.notification.no-leader.timeout = 60s (default)
2025-09-29 07:14:40,685 [s1-groupManagement] INFO  server.RaftServerConfigKeys (ConfUtils.java:logGet(62)) - raft.server.read.timeout = 10s (default)
2025-09-29 07:14:40,690 [s0-groupManagement] INFO  server.RaftServerConfigKeys (ConfUtils.java:logGet(62)) - raft.server.retrycache.expirytime = 60s (default)
2025-09-29 07:14:40,690 [s2-groupManagement] INFO  server.RaftServerConfigKeys (ConfUtils.java:logGet(62)) - raft.server.retrycache.statistics.expirytime = 100ms (default)
2025-09-29 07:14:40,718 [s0-groupManagement] INFO  server.RaftServerConfigKeys (ConfUtils.java:logGet(62)) - raft.server.read.option = LINEARIZABLE (custom)
2025-09-29 07:14:40,719 [s2-groupManagement] INFO  server.RaftServerConfigKeys (ConfUtils.java:logGet(62)) - raft.server.read.read-after-write-consistent.write-index-cache.expiry-time = 60s (default)
2025-09-29 07:14:40,814 [s1-groupManagement] INFO  server.RaftServerConfigKeys (ConfUtils.java:logGet(62)) - raft.server.log.appender.install.snapshot.enabled = true (default)
2025-09-29 07:14:40,815 [s0-groupManagement] INFO  server.RaftServerConfigKeys (ConfUtils.java:logGet(62)) - raft.server.threadpool.server.size = 0 (default)
2025-09-29 07:14:40,815 [s0-groupManagement] INFO  server.RaftServerConfigKeys (ConfUtils.java:logGet(62)) - raft.server.threadpool.client.cached = true (default)
2025-09-29 07:14:40,814 [s2-groupManagement] INFO  server.RaftServerConfigKeys (ConfUtils.java:logGet(62)) - raft.server.threadpool.server.cached = true (default)
2025-09-29 07:14:40,816 [s1-groupManagement] INFO  server.RaftServerConfigKeys (ConfUtils.java:logGet(62)) - raft.server.threadpool.client.size = 0 (default)
2025-09-29 07:14:40,818 [s0-impl-thread1] INFO  server.RaftServerConfigKeys (ConfUtils.java:logGet(62)) - raft.server.storage.free-space.min = 0MB (=0) (default)
2025-09-29 07:14:40,819 [s0-impl-thread1] INFO  server.RaftServerConfigKeys (ConfUtils.java:logGet(62)) - raft.server.log.corruption.policy = EXCEPTION (default)
2025-09-29 07:14:40,820 [s0-impl-thread1] INFO  server.RaftServerConfigKeys (ConfUtils.java:logGet(62)) - raft.server.storage.dir = [/home/runner/work/ratis/ratis/ratis-test/target/test/data/6b14e155/MiniRaftClusterWithGrpc8e200d96/s0] (custom)
2025-09-29 07:14:40,824 [s0-impl-thread1] INFO  storage.RaftStorageDirectory (RaftStorageDirectoryImpl.java:analyzeStorage(138)) - The storage directory /home/runner/work/ratis/ratis/ratis-test/target/test/data/6b14e155/MiniRaftClusterWithGrpc8e200d96/s0/0b6e91af-e493-4dcf-bb01-49d6801573fa does not exist. Creating ...
2025-09-29 07:14:40,826 [s0-impl-thread1] TRACE util.FileUtils (LogUtils.java:runAndLog(49)) - Successfully ran Files.createDirectories /home/runner/work/ratis/ratis/ratis-test/target/test/data/6b14e155/MiniRaftClusterWithGrpc8e200d96/s0/0b6e91af-e493-4dcf-bb01-49d6801573fa
2025-09-29 07:14:40,828 [s0-impl-thread1] INFO  storage.RaftStorageDirectory (RaftStorageDirectoryImpl.java:tryLock(229)) - Lock on /home/runner/work/ratis/ratis/ratis-test/target/test/data/6b14e155/MiniRaftClusterWithGrpc8e200d96/s0/0b6e91af-e493-4dcf-bb01-49d6801573fa/in_use.lock acquired by nodename 24167@runnervm3ublj
2025-09-29 07:14:40,828 [s0-impl-thread1] TRACE util.FileUtils (LogUtils.java:runAndLog(49)) - Successfully ran Files.createDirectories /home/runner/work/ratis/ratis/ratis-test/target/test/data/6b14e155/MiniRaftClusterWithGrpc8e200d96/s0/0b6e91af-e493-4dcf-bb01-49d6801573fa/current
2025-09-29 07:14:40,829 [s0-impl-thread1] TRACE util.FileUtils (LogUtils.java:runAndLog(49)) - Successfully ran Files.createDirectories /home/runner/work/ratis/ratis/ratis-test/target/test/data/6b14e155/MiniRaftClusterWithGrpc8e200d96/s0/0b6e91af-e493-4dcf-bb01-49d6801573fa/sm
2025-09-29 07:14:40,832 [s0-impl-thread1] TRACE util.FileUtils (LogUtils.java:supplyAndLog(69)) - Successfully supplied FileChannel.open /home/runner/work/ratis/ratis/ratis-test/target/test/data/6b14e155/MiniRaftClusterWithGrpc8e200d96/s0/0b6e91af-e493-4dcf-bb01-49d6801573fa/current/raft-meta.tmp with options [CREATE, TRUNCATE_EXISTING, WRITE]: sun.nio.ch.FileChannelImpl@6f7e307c
2025-09-29 07:14:40,837 [s0-impl-thread1] TRACE util.FileUtils (LogUtils.java:runAndLog(49)) - Successfully ran Atomic Files.move /home/runner/work/ratis/ratis/ratis-test/target/test/data/6b14e155/MiniRaftClusterWithGrpc8e200d96/s0/0b6e91af-e493-4dcf-bb01-49d6801573fa/current/raft-meta.tmp to /home/runner/work/ratis/ratis/ratis-test/target/test/data/6b14e155/MiniRaftClusterWithGrpc8e200d96/s0/0b6e91af-e493-4dcf-bb01-49d6801573fa/current/raft-meta with options [REPLACE_EXISTING]
2025-09-29 07:14:40,837 [s0-impl-thread1] INFO  storage.RaftStorage (RaftStorageImpl.java:format(98)) - Storage directory /home/runner/work/ratis/ratis/ratis-test/target/test/data/6b14e155/MiniRaftClusterWithGrpc8e200d96/s0/0b6e91af-e493-4dcf-bb01-49d6801573fa has been successfully formatted.
2025-09-29 07:14:40,839 [s0-impl-thread1] INFO  server.RaftServerConfigKeys (ConfUtils.java:logGet(62)) - raft.server.log.use.memory = false (default)
2025-09-29 07:14:40,848 [s0-impl-thread1] INFO  server.RaftServer$Division (ServerState.java:getSnapshotIndexFromStateMachine(154)) - s0@group-49D6801573FA: getLatestSnapshot(CounterStateMachine-2:s0:group-49D6801573FA) returns null
2025-09-29 07:14:40,849 [s0-impl-thread1] INFO  raftlog.RaftLog (RaftLogBase.java:<init>(90)) - s0@group-49D6801573FA-SegmentedRaftLog: snapshotIndexFromStateMachine = -1
2025-09-29 07:14:40,850 [s0-impl-thread1] INFO  server.RaftServerConfigKeys (ConfUtils.java:logGet(62)) - raft.server.log.purge.gap = 1024 (default)
2025-09-29 07:14:40,852 [s0-impl-thread1] INFO  server.RaftServerConfigKeys (ConfUtils.java:logGet(62)) - raft.server.log.statemachine.data.read.timeout = 1000ms (default)
2025-09-29 07:14:40,852 [s0-impl-thread1] INFO  server.RaftServerConfigKeys (ConfUtils.java:logGet(62)) - raft.server.log.purge.preservation.log.num = 0 (default)
2025-09-29 07:14:40,856 [s0-impl-thread1] INFO  server.RaftServerConfigKeys (ConfUtils.java:logGet(62)) - raft.server.log.segment.size.max = 32MB (=33554432) (default)
2025-09-29 07:14:40,862 [s0-impl-thread1] INFO  server.RaftServerConfigKeys (ConfUtils.java:logGet(62)) - raft.server.log.segment.cache.num.max = 6 (default)
2025-09-29 07:14:40,863 [s0-impl-thread1] INFO  server.RaftServerConfigKeys (ConfUtils.java:logGet(62)) - raft.server.log.segment.cache.size.max = 200MB (=209715200) (default)
2025-09-29 07:14:40,865 [s0-impl-thread1] INFO  util.AwaitToRun (AwaitToRun.java:start(81)) - Thread[s0@group-49D6801573FA-cacheEviction-AwaitToRun,5,main] started
2025-09-29 07:14:40,871 [s0-impl-thread1] INFO  segmented.SegmentedRaftLogWorker (SegmentedRaftLogWorker.java:<init>(190)) - new s0@group-49D6801573FA-SegmentedRaftLogWorker for RaftStorageImpl:Storage Directory /home/runner/work/ratis/ratis/ratis-test/target/test/data/6b14e155/MiniRaftClusterWithGrpc8e200d96/s0/0b6e91af-e493-4dcf-bb01-49d6801573fa
2025-09-29 07:14:40,871 [s0-impl-thread1] INFO  server.RaftServerConfigKeys (ConfUtils.java:logGet(62)) - raft.server.log.queue.byte-limit = 64MB (=67108864) (default)
2025-09-29 07:14:40,872 [s0-impl-thread1] INFO  server.RaftServerConfigKeys (ConfUtils.java:logGet(62)) - raft.server.log.queue.element-limit = 4096 (default)
2025-09-29 07:14:40,875 [s0-impl-thread1] INFO  server.RaftServerConfigKeys (ConfUtils.java:logGet(62)) - raft.server.log.preallocated.size = 4MB (=4194304) (default)
2025-09-29 07:14:40,875 [s0-impl-thread1] INFO  server.RaftServerConfigKeys (ConfUtils.java:logGet(62)) - raft.server.log.force.sync.num = 128 (default)
2025-09-29 07:14:40,876 [s0-impl-thread1] INFO  server.RaftServerConfigKeys (ConfUtils.java:logGet(62)) - raft.server.log.statemachine.data.sync = true (default)
2025-09-29 07:14:40,877 [s0-impl-thread1] INFO  server.RaftServerConfigKeys (ConfUtils.java:logGet(62)) - raft.server.log.statemachine.data.sync.timeout = 10s (default)
2025-09-29 07:14:40,877 [s0-impl-thread1] INFO  server.RaftServerConfigKeys (ConfUtils.java:logGet(62)) - raft.server.log.statemachine.data.sync.timeout.retry = -1 (default)
2025-09-29 07:14:40,880 [s0-impl-thread1] INFO  server.RaftServerConfigKeys (ConfUtils.java:logGet(62)) - raft.server.log.write.buffer.size = 8MB (=8388608) (default)
2025-09-29 07:14:40,882 [s0-impl-thread1] INFO  server.RaftServerConfigKeys (ConfUtils.java:logGet(62)) - raft.server.log.unsafe-flush.enabled = false (default)
2025-09-29 07:14:40,883 [s0-impl-thread1] INFO  server.RaftServerConfigKeys (ConfUtils.java:logGet(62)) - raft.server.log.async-flush.enabled = false (default)
2025-09-29 07:14:40,883 [s0-impl-thread1] INFO  server.RaftServerConfigKeys (ConfUtils.java:logGet(62)) - raft.server.log.statemachine.data.caching.enabled = false (default)
2025-09-29 07:14:40,891 [s0-impl-thread1] INFO  segmented.SegmentedRaftLogWorker (SegmentedRaftLogWorker.java:lambda$new$0(141)) - s0@group-49D6801573FA-SegmentedRaftLogWorker: flushIndex: setUnconditionally 0 -> -1
2025-09-29 07:14:40,891 [s0-impl-thread1] INFO  segmented.SegmentedRaftLogWorker (SegmentedRaftLogWorker.java:lambda$new$0(141)) - s0@group-49D6801573FA-SegmentedRaftLogWorker: safeCacheEvictIndex: setUnconditionally 0 -> -1
2025-09-29 07:14:40,893 [s0-impl-thread1] INFO  server.RaftServer$Division (RaftServerImpl.java:start(405)) - s0@group-49D6801573FA: start as a follower, conf=conf: {index: -1, cur=peers:[s0|localhost:15000, s1|localhost:15004, s2|localhost:15008]|listeners:[], old=null}
2025-09-29 07:14:40,893 [s0-impl-thread1] INFO  server.RaftServer$Division (RaftServerImpl.java:setRole(392)) - s0@group-49D6801573FA: changes role from      null to FOLLOWER at term 0 for startAsFollower
2025-09-29 07:14:40,895 [s0-impl-thread1] INFO  impl.RoleInfo (RoleInfo.java:updateAndGet(148)) - s0: start s0@group-49D6801573FA-FollowerState
2025-09-29 07:14:40,896 [s0@group-49D6801573FA-FollowerState] INFO  server.RaftServerConfigKeys (ConfUtils.java:logFallback(69)) - raft.server.rpc.first-election.timeout.min = 150ms (fallback to raft.server.rpc.timeout.min)
2025-09-29 07:14:40,897 [s0@group-49D6801573FA-FollowerState] INFO  server.RaftServerConfigKeys (ConfUtils.java:logFallback(69)) - raft.server.rpc.first-election.timeout.max = 300ms (fallback to raft.server.rpc.timeout.max)
2025-09-29 07:14:40,897 [s0-impl-thread1] INFO  util.JmxRegister (JmxRegister.java:tryRegister(44)) - Successfully registered JMX Bean with object name Ratis:service=RaftServer,group=group-49D6801573FA,id=s0
2025-09-29 07:14:40,897 [s0-impl-thread1] INFO  util.JmxRegister (JmxRegister.java:register(58)) - register mxBean class org.apache.ratis.server.impl.RaftServerJmxAdapter as Ratis:service=RaftServer,group=group-49D6801573FA,id=s0
2025-09-29 07:14:40,899 [s0-impl-thread1] INFO  server.RaftServerConfigKeys (ConfUtils.java:logGet(62)) - raft.server.snapshot.trigger-when-stop.enabled = true (default)
2025-09-29 07:14:40,899 [s0-impl-thread1] INFO  server.RaftServerConfigKeys (ConfUtils.java:logGet(62)) - raft.server.snapshot.trigger-when-remove.enabled = true (default)
2025-09-29 07:14:40,900 [s0-impl-thread1] INFO  server.RaftServerConfigKeys (ConfUtils.java:logGet(62)) - raft.server.snapshot.auto.trigger.enabled = false (default)
2025-09-29 07:14:40,900 [s0-impl-thread1] INFO  server.RaftServerConfigKeys (ConfUtils.java:logGet(62)) - raft.server.snapshot.retention.file.num = -1 (default)
2025-09-29 07:14:40,901 [s0-impl-thread1] INFO  server.RaftServerConfigKeys (ConfUtils.java:logGet(62)) - raft.server.log.purge.upto.snapshot.index = false (default)
2025-09-29 07:14:40,905 [s0-impl-thread1] INFO  server.RaftServer$Division (RaftServerImpl.java:start(419)) - s0@group-49D6801573FA: Successfully started.
2025-09-29 07:14:40,905 [main] INFO  server.RaftServer (RaftServerProxy.java:startImpl(415)) - s0: start RPC server
2025-09-29 07:14:40,960 [main] INFO  server.GrpcServicesImpl (GrpcServicesImpl.java:startImpl(338)) - s0: GrpcServicesImpl started, listening on 15002
2025-09-29 07:14:40,961 [main] INFO  server.GrpcServicesImpl (GrpcServicesImpl.java:startImpl(338)) - s0: GrpcServicesImpl started, listening on 15000
2025-09-29 07:14:40,963 [main] INFO  server.GrpcServicesImpl (GrpcServicesImpl.java:startImpl(338)) - s0: GrpcServicesImpl started, listening on 15001
2025-09-29 07:14:40,973 [JvmPauseMonitor0] INFO  util.JvmPauseMonitor (JvmPauseMonitor.java:run(146)) - JvmPauseMonitor-s0: Started
2025-09-29 07:14:40,974 [s1-impl-thread1] INFO  server.RaftServerConfigKeys (ConfUtils.java:logGet(62)) - raft.server.storage.dir = [/home/runner/work/ratis/ratis/ratis-test/target/test/data/6b14e155/MiniRaftClusterWithGrpc8e200d96/s1] (custom)
2025-09-29 07:14:40,974 [s1-impl-thread1] INFO  storage.RaftStorageDirectory (RaftStorageDirectoryImpl.java:analyzeStorage(138)) - The storage directory /home/runner/work/ratis/ratis/ratis-test/target/test/data/6b14e155/MiniRaftClusterWithGrpc8e200d96/s1/0b6e91af-e493-4dcf-bb01-49d6801573fa does not exist. Creating ...
2025-09-29 07:14:40,975 [s1-impl-thread1] TRACE util.FileUtils (LogUtils.java:runAndLog(49)) - Successfully ran Files.createDirectories /home/runner/work/ratis/ratis/ratis-test/target/test/data/6b14e155/MiniRaftClusterWithGrpc8e200d96/s1/0b6e91af-e493-4dcf-bb01-49d6801573fa
2025-09-29 07:14:40,976 [s1-impl-thread1] INFO  storage.RaftStorageDirectory (RaftStorageDirectoryImpl.java:tryLock(229)) - Lock on /home/runner/work/ratis/ratis/ratis-test/target/test/data/6b14e155/MiniRaftClusterWithGrpc8e200d96/s1/0b6e91af-e493-4dcf-bb01-49d6801573fa/in_use.lock acquired by nodename 24167@runnervm3ublj
2025-09-29 07:14:40,976 [s1-impl-thread1] TRACE util.FileUtils (LogUtils.java:runAndLog(49)) - Successfully ran Files.createDirectories /home/runner/work/ratis/ratis/ratis-test/target/test/data/6b14e155/MiniRaftClusterWithGrpc8e200d96/s1/0b6e91af-e493-4dcf-bb01-49d6801573fa/current
2025-09-29 07:14:40,977 [s1-impl-thread1] TRACE util.FileUtils (LogUtils.java:runAndLog(49)) - Successfully ran Files.createDirectories /home/runner/work/ratis/ratis/ratis-test/target/test/data/6b14e155/MiniRaftClusterWithGrpc8e200d96/s1/0b6e91af-e493-4dcf-bb01-49d6801573fa/sm
2025-09-29 07:14:40,977 [s1-impl-thread1] TRACE util.FileUtils (LogUtils.java:supplyAndLog(69)) - Successfully supplied FileChannel.open /home/runner/work/ratis/ratis/ratis-test/target/test/data/6b14e155/MiniRaftClusterWithGrpc8e200d96/s1/0b6e91af-e493-4dcf-bb01-49d6801573fa/current/raft-meta.tmp with options [CREATE, TRUNCATE_EXISTING, WRITE]: sun.nio.ch.FileChannelImpl@5384a897
2025-09-29 07:14:40,979 [s1-impl-thread1] TRACE util.FileUtils (LogUtils.java:runAndLog(49)) - Successfully ran Atomic Files.move /home/runner/work/ratis/ratis/ratis-test/target/test/data/6b14e155/MiniRaftClusterWithGrpc8e200d96/s1/0b6e91af-e493-4dcf-bb01-49d6801573fa/current/raft-meta.tmp to /home/runner/work/ratis/ratis/ratis-test/target/test/data/6b14e155/MiniRaftClusterWithGrpc8e200d96/s1/0b6e91af-e493-4dcf-bb01-49d6801573fa/current/raft-meta with options [REPLACE_EXISTING]
2025-09-29 07:14:40,979 [s1-impl-thread1] INFO  storage.RaftStorage (RaftStorageImpl.java:format(98)) - Storage directory /home/runner/work/ratis/ratis/ratis-test/target/test/data/6b14e155/MiniRaftClusterWithGrpc8e200d96/s1/0b6e91af-e493-4dcf-bb01-49d6801573fa has been successfully formatted.
2025-09-29 07:14:40,979 [s1-impl-thread1] INFO  server.RaftServer$Division (ServerState.java:getSnapshotIndexFromStateMachine(154)) - s1@group-49D6801573FA: getLatestSnapshot(CounterStateMachine-1:s1:group-49D6801573FA) returns null
2025-09-29 07:14:40,979 [s1-impl-thread1] INFO  raftlog.RaftLog (RaftLogBase.java:<init>(90)) - s1@group-49D6801573FA-SegmentedRaftLog: snapshotIndexFromStateMachine = -1
2025-09-29 07:14:40,981 [s1-impl-thread1] INFO  util.AwaitToRun (AwaitToRun.java:start(81)) - Thread[s1@group-49D6801573FA-cacheEviction-AwaitToRun,5,main] started
2025-09-29 07:14:40,981 [s1-impl-thread1] INFO  segmented.SegmentedRaftLogWorker (SegmentedRaftLogWorker.java:<init>(190)) - new s1@group-49D6801573FA-SegmentedRaftLogWorker for RaftStorageImpl:Storage Directory /home/runner/work/ratis/ratis/ratis-test/target/test/data/6b14e155/MiniRaftClusterWithGrpc8e200d96/s1/0b6e91af-e493-4dcf-bb01-49d6801573fa
2025-09-29 07:14:40,984 [s1-impl-thread1] INFO  segmented.SegmentedRaftLogWorker (SegmentedRaftLogWorker.java:lambda$new$0(141)) - s1@group-49D6801573FA-SegmentedRaftLogWorker: flushIndex: setUnconditionally 0 -> -1
2025-09-29 07:14:40,984 [s1-impl-thread1] INFO  segmented.SegmentedRaftLogWorker (SegmentedRaftLogWorker.java:lambda$new$0(141)) - s1@group-49D6801573FA-SegmentedRaftLogWorker: safeCacheEvictIndex: setUnconditionally 0 -> -1
2025-09-29 07:14:40,984 [s1-impl-thread1] INFO  server.RaftServer$Division (RaftServerImpl.java:start(405)) - s1@group-49D6801573FA: start as a follower, conf=conf: {index: -1, cur=peers:[s0|localhost:15000, s1|localhost:15004, s2|localhost:15008]|listeners:[], old=null}
2025-09-29 07:14:40,984 [s1-impl-thread1] INFO  server.RaftServer$Division (RaftServerImpl.java:setRole(392)) - s1@group-49D6801573FA: changes role from      null to FOLLOWER at term 0 for startAsFollower
2025-09-29 07:14:40,985 [s1-impl-thread1] INFO  impl.RoleInfo (RoleInfo.java:updateAndGet(148)) - s1: start s1@group-49D6801573FA-FollowerState
2025-09-29 07:14:40,985 [s1-impl-thread1] INFO  util.JmxRegister (JmxRegister.java:tryRegister(44)) - Successfully registered JMX Bean with object name Ratis:service=RaftServer,group=group-49D6801573FA,id=s1
2025-09-29 07:14:40,985 [s1-impl-thread1] INFO  util.JmxRegister (JmxRegister.java:register(58)) - register mxBean class org.apache.ratis.server.impl.RaftServerJmxAdapter as Ratis:service=RaftServer,group=group-49D6801573FA,id=s1
2025-09-29 07:14:40,985 [s1@group-49D6801573FA-FollowerState] INFO  server.RaftServerConfigKeys (ConfUtils.java:logFallback(69)) - raft.server.rpc.first-election.timeout.min = 150ms (fallback to raft.server.rpc.timeout.min)
2025-09-29 07:14:40,985 [s1@group-49D6801573FA-FollowerState] INFO  server.RaftServerConfigKeys (ConfUtils.java:logFallback(69)) - raft.server.rpc.first-election.timeout.max = 300ms (fallback to raft.server.rpc.timeout.max)
2025-09-29 07:14:40,986 [s1-impl-thread1] INFO  server.RaftServer$Division (RaftServerImpl.java:start(419)) - s1@group-49D6801573FA: Successfully started.
2025-09-29 07:14:40,986 [main] INFO  server.RaftServer (RaftServerProxy.java:startImpl(415)) - s1: start RPC server
2025-09-29 07:14:40,988 [main] INFO  server.GrpcServicesImpl (GrpcServicesImpl.java:startImpl(338)) - s1: GrpcServicesImpl started, listening on 15006
2025-09-29 07:14:40,989 [main] INFO  server.GrpcServicesImpl (GrpcServicesImpl.java:startImpl(338)) - s1: GrpcServicesImpl started, listening on 15004
2025-09-29 07:14:40,990 [main] INFO  server.GrpcServicesImpl (GrpcServicesImpl.java:startImpl(338)) - s1: GrpcServicesImpl started, listening on 15005
2025-09-29 07:14:40,991 [JvmPauseMonitor1] INFO  util.JvmPauseMonitor (JvmPauseMonitor.java:run(146)) - JvmPauseMonitor-s1: Started
2025-09-29 07:14:40,991 [s2-impl-thread1] INFO  server.RaftServerConfigKeys (ConfUtils.java:logGet(62)) - raft.server.storage.dir = [/home/runner/work/ratis/ratis/ratis-test/target/test/data/6b14e155/MiniRaftClusterWithGrpc8e200d96/s2] (custom)
2025-09-29 07:14:40,992 [s2-impl-thread1] INFO  storage.RaftStorageDirectory (RaftStorageDirectoryImpl.java:analyzeStorage(138)) - The storage directory /home/runner/work/ratis/ratis/ratis-test/target/test/data/6b14e155/MiniRaftClusterWithGrpc8e200d96/s2/0b6e91af-e493-4dcf-bb01-49d6801573fa does not exist. Creating ...
2025-09-29 07:14:40,992 [s2-impl-thread1] TRACE util.FileUtils (LogUtils.java:runAndLog(49)) - Successfully ran Files.createDirectories /home/runner/work/ratis/ratis/ratis-test/target/test/data/6b14e155/MiniRaftClusterWithGrpc8e200d96/s2/0b6e91af-e493-4dcf-bb01-49d6801573fa
2025-09-29 07:14:40,993 [s2-impl-thread1] INFO  storage.RaftStorageDirectory (RaftStorageDirectoryImpl.java:tryLock(229)) - Lock on /home/runner/work/ratis/ratis/ratis-test/target/test/data/6b14e155/MiniRaftClusterWithGrpc8e200d96/s2/0b6e91af-e493-4dcf-bb01-49d6801573fa/in_use.lock acquired by nodename 24167@runnervm3ublj
2025-09-29 07:14:40,993 [s2-impl-thread1] TRACE util.FileUtils (LogUtils.java:runAndLog(49)) - Successfully ran Files.createDirectories /home/runner/work/ratis/ratis/ratis-test/target/test/data/6b14e155/MiniRaftClusterWithGrpc8e200d96/s2/0b6e91af-e493-4dcf-bb01-49d6801573fa/current
2025-09-29 07:14:40,994 [s2-impl-thread1] TRACE util.FileUtils (LogUtils.java:runAndLog(49)) - Successfully ran Files.createDirectories /home/runner/work/ratis/ratis/ratis-test/target/test/data/6b14e155/MiniRaftClusterWithGrpc8e200d96/s2/0b6e91af-e493-4dcf-bb01-49d6801573fa/sm
2025-09-29 07:14:40,994 [s2-impl-thread1] TRACE util.FileUtils (LogUtils.java:supplyAndLog(69)) - Successfully supplied FileChannel.open /home/runner/work/ratis/ratis/ratis-test/target/test/data/6b14e155/MiniRaftClusterWithGrpc8e200d96/s2/0b6e91af-e493-4dcf-bb01-49d6801573fa/current/raft-meta.tmp with options [CREATE, TRUNCATE_EXISTING, WRITE]: sun.nio.ch.FileChannelImpl@4ba6d1ee
2025-09-29 07:14:40,995 [s2-impl-thread1] TRACE util.FileUtils (LogUtils.java:runAndLog(49)) - Successfully ran Atomic Files.move /home/runner/work/ratis/ratis/ratis-test/target/test/data/6b14e155/MiniRaftClusterWithGrpc8e200d96/s2/0b6e91af-e493-4dcf-bb01-49d6801573fa/current/raft-meta.tmp to /home/runner/work/ratis/ratis/ratis-test/target/test/data/6b14e155/MiniRaftClusterWithGrpc8e200d96/s2/0b6e91af-e493-4dcf-bb01-49d6801573fa/current/raft-meta with options [REPLACE_EXISTING]
2025-09-29 07:14:40,995 [s2-impl-thread1] INFO  storage.RaftStorage (RaftStorageImpl.java:format(98)) - Storage directory /home/runner/work/ratis/ratis/ratis-test/target/test/data/6b14e155/MiniRaftClusterWithGrpc8e200d96/s2/0b6e91af-e493-4dcf-bb01-49d6801573fa has been successfully formatted.
2025-09-29 07:14:40,996 [s2-impl-thread1] INFO  server.RaftServer$Division (ServerState.java:getSnapshotIndexFromStateMachine(154)) - s2@group-49D6801573FA: getLatestSnapshot(CounterStateMachine-3:s2:group-49D6801573FA) returns null
2025-09-29 07:14:40,996 [s2-impl-thread1] INFO  raftlog.RaftLog (RaftLogBase.java:<init>(90)) - s2@group-49D6801573FA-SegmentedRaftLog: snapshotIndexFromStateMachine = -1
2025-09-29 07:14:40,997 [s2-impl-thread1] INFO  util.AwaitToRun (AwaitToRun.java:start(81)) - Thread[s2@group-49D6801573FA-cacheEviction-AwaitToRun,5,main] started
2025-09-29 07:14:40,998 [s2-impl-thread1] INFO  segmented.SegmentedRaftLogWorker (SegmentedRaftLogWorker.java:<init>(190)) - new s2@group-49D6801573FA-SegmentedRaftLogWorker for RaftStorageImpl:Storage Directory /home/runner/work/ratis/ratis/ratis-test/target/test/data/6b14e155/MiniRaftClusterWithGrpc8e200d96/s2/0b6e91af-e493-4dcf-bb01-49d6801573fa
2025-09-29 07:14:41,000 [s2-impl-thread1] INFO  segmented.SegmentedRaftLogWorker (SegmentedRaftLogWorker.java:lambda$new$0(141)) - s2@group-49D6801573FA-SegmentedRaftLogWorker: flushIndex: setUnconditionally 0 -> -1
2025-09-29 07:14:41,000 [s2-impl-thread1] INFO  segmented.SegmentedRaftLogWorker (SegmentedRaftLogWorker.java:lambda$new$0(141)) - s2@group-49D6801573FA-SegmentedRaftLogWorker: safeCacheEvictIndex: setUnconditionally 0 -> -1
2025-09-29 07:14:41,001 [s2-impl-thread1] INFO  server.RaftServer$Division (RaftServerImpl.java:start(405)) - s2@group-49D6801573FA: start as a follower, conf=conf: {index: -1, cur=peers:[s0|localhost:15000, s1|localhost:15004, s2|localhost:15008]|listeners:[], old=null}
2025-09-29 07:14:41,001 [s2-impl-thread1] INFO  server.RaftServer$Division (RaftServerImpl.java:setRole(392)) - s2@group-49D6801573FA: changes role from      null to FOLLOWER at term 0 for startAsFollower
2025-09-29 07:14:41,002 [s2-impl-thread1] INFO  impl.RoleInfo (RoleInfo.java:updateAndGet(148)) - s2: start s2@group-49D6801573FA-FollowerState
2025-09-29 07:14:41,002 [s2@group-49D6801573FA-FollowerState] INFO  server.RaftServerConfigKeys (ConfUtils.java:logFallback(69)) - raft.server.rpc.first-election.timeout.min = 150ms (fallback to raft.server.rpc.timeout.min)
2025-09-29 07:14:41,003 [s2@group-49D6801573FA-FollowerState] INFO  server.RaftServerConfigKeys (ConfUtils.java:logFallback(69)) - raft.server.rpc.first-election.timeout.max = 300ms (fallback to raft.server.rpc.timeout.max)
2025-09-29 07:14:41,003 [s2-impl-thread1] INFO  util.JmxRegister (JmxRegister.java:tryRegister(44)) - Successfully registered JMX Bean with object name Ratis:service=RaftServer,group=group-49D6801573FA,id=s2
2025-09-29 07:14:41,003 [s2-impl-thread1] INFO  util.JmxRegister (JmxRegister.java:register(58)) - register mxBean class org.apache.ratis.server.impl.RaftServerJmxAdapter as Ratis:service=RaftServer,group=group-49D6801573FA,id=s2
2025-09-29 07:14:41,004 [s2-impl-thread1] INFO  server.RaftServer$Division (RaftServerImpl.java:start(419)) - s2@group-49D6801573FA: Successfully started.
2025-09-29 07:14:41,004 [main] INFO  server.RaftServer (RaftServerProxy.java:startImpl(415)) - s2: start RPC server
2025-09-29 07:14:41,005 [main] INFO  server.GrpcServicesImpl (GrpcServicesImpl.java:startImpl(338)) - s2: GrpcServicesImpl started, listening on 15010
2025-09-29 07:14:41,006 [main] INFO  server.GrpcServicesImpl (GrpcServicesImpl.java:startImpl(338)) - s2: GrpcServicesImpl started, listening on 15008
2025-09-29 07:14:41,007 [main] INFO  server.GrpcServicesImpl (GrpcServicesImpl.java:startImpl(338)) - s2: GrpcServicesImpl started, listening on 15009
2025-09-29 07:14:41,008 [JvmPauseMonitor2] INFO  util.JvmPauseMonitor (JvmPauseMonitor.java:run(146)) - JvmPauseMonitor-s2: Started
2025-09-29 07:14:41,013 [main] INFO  ratis.RaftTestUtil (RaftTestUtil.java:waitForLeader(107)) - printing ALL groups
  s0:  RUNNING  FOLLOWER (RUNNING): s0@group-49D6801573FA:t0, leader=null, voted=, raftlog=Memoized:s0@group-49D6801573FA-SegmentedRaftLog:OPENED:c-1:lastnull, conf=conf: {index: -1, cur=peers:[s0|localhost:15000, s1|localhost:15004, s2|localhost:15008]|listeners:[], old=null}
  s1:  RUNNING  FOLLOWER (RUNNING): s1@group-49D6801573FA:t0, leader=null, voted=, raftlog=Memoized:s1@group-49D6801573FA-SegmentedRaftLog:OPENED:c-1:lastnull, conf=conf: {index: -1, cur=peers:[s0|localhost:15000, s1|localhost:15004, s2|localhost:15008]|listeners:[], old=null}
  s2:  RUNNING  FOLLOWER (RUNNING): s2@group-49D6801573FA:t0, leader=null, voted=, raftlog=Memoized:s2@group-49D6801573FA-SegmentedRaftLog:OPENED:c-1:lastnull, conf=conf: {index: -1, cur=peers:[s0|localhost:15000, s1|localhost:15004, s2|localhost:15008]|listeners:[], old=null}
2025-09-29 07:14:41,016 [main] WARN  ratis.RaftTestUtil (RaftTestUtil.java:lambda$waitForLeader$3(126)) - Attempt #1 failed: java.lang.IllegalStateException: No leader yet : printing ALL groups
  s0:  RUNNING  FOLLOWER (RUNNING): s0@group-49D6801573FA:t0, leader=null, voted=, raftlog=Memoized:s0@group-49D6801573FA-SegmentedRaftLog:OPENED:c-1:lastnull, conf=conf: {index: -1, cur=peers:[s0|localhost:15000, s1|localhost:15004, s2|localhost:15008]|listeners:[], old=null}
  s1:  RUNNING  FOLLOWER (RUNNING): s1@group-49D6801573FA:t0, leader=null, voted=, raftlog=Memoized:s1@group-49D6801573FA-SegmentedRaftLog:OPENED:c-1:lastnull, conf=conf: {index: -1, cur=peers:[s0|localhost:15000, s1|localhost:15004, s2|localhost:15008]|listeners:[], old=null}
  s2:  RUNNING  FOLLOWER (RUNNING): s2@group-49D6801573FA:t0, leader=null, voted=, raftlog=Memoized:s2@group-49D6801573FA-SegmentedRaftLog:OPENED:c-1:lastnull, conf=conf: {index: -1, cur=peers:[s0|localhost:15000, s1|localhost:15004, s2|localhost:15008]|listeners:[], old=null}
2025-09-29 07:14:41,144 [s0@group-49D6801573FA-FollowerState] INFO  impl.FollowerState (FollowerState.java:runImpl(161)) - s0@group-49D6801573FA-FollowerState: change to CANDIDATE, lastRpcElapsedTime:249276447ns, electionTimeout:246ms
2025-09-29 07:14:41,145 [s0@group-49D6801573FA-FollowerState] INFO  impl.RoleInfo (RoleInfo.java:shutdownFollowerState(121)) - s0: shutdown s0@group-49D6801573FA-FollowerState
2025-09-29 07:14:41,145 [s0@group-49D6801573FA-FollowerState] INFO  server.RaftServer$Division (RaftServerImpl.java:setRole(392)) - s0@group-49D6801573FA: changes role from  FOLLOWER to CANDIDATE at term 0 for changeToCandidate
2025-09-29 07:14:41,150 [s0@group-49D6801573FA-FollowerState] INFO  server.RaftServerConfigKeys (ConfUtils.java:logGet(62)) - raft.server.leaderelection.pre-vote = true (default)
2025-09-29 07:14:41,151 [s0@group-49D6801573FA-FollowerState] INFO  impl.RoleInfo (RoleInfo.java:updateAndGet(148)) - s0: start s0@group-49D6801573FA-LeaderElection1
2025-09-29 07:14:41,155 [s0@group-49D6801573FA-LeaderElection1] INFO  impl.LeaderElection (LeaderElection.java:askForVotes(448)) - s0@group-49D6801573FA-LeaderElection1 PRE_VOTE round 0: submit vote requests at term 0 for conf: {index: -1, cur=peers:[s0|localhost:15000, s1|localhost:15004, s2|localhost:15008]|listeners:[], old=null}
2025-09-29 07:14:41,185 [s0@group-49D6801573FA-LeaderElection1] INFO  server.RaftServerConfigKeys (ConfUtils.java:logFallback(69)) - raft.server.rpc.first-election.timeout.min = 150ms (fallback to raft.server.rpc.timeout.min)
2025-09-29 07:14:41,186 [s0@group-49D6801573FA-LeaderElection1] INFO  server.RaftServerConfigKeys (ConfUtils.java:logFallback(69)) - raft.server.rpc.first-election.timeout.max = 300ms (fallback to raft.server.rpc.timeout.max)
2025-09-29 07:14:41,187 [s0@group-49D6801573FA-LeaderElection1-1] INFO  server.GrpcServerProtocolClient (GrpcServerProtocolClient.java:<init>(64)) - Build channel for s1|localhost:15004
2025-09-29 07:14:41,188 [s0@group-49D6801573FA-LeaderElection1-2] INFO  server.GrpcServerProtocolClient (GrpcServerProtocolClient.java:<init>(64)) - Build channel for s2|localhost:15008
2025-09-29 07:14:41,201 [s1@group-49D6801573FA-FollowerState] INFO  impl.FollowerState (FollowerState.java:runImpl(161)) - s1@group-49D6801573FA-FollowerState: change to CANDIDATE, lastRpcElapsedTime:215958523ns, electionTimeout:213ms
2025-09-29 07:14:41,201 [s1@group-49D6801573FA-FollowerState] INFO  impl.RoleInfo (RoleInfo.java:shutdownFollowerState(121)) - s1: shutdown s1@group-49D6801573FA-FollowerState
2025-09-29 07:14:41,201 [s1@group-49D6801573FA-FollowerState] INFO  server.RaftServer$Division (RaftServerImpl.java:setRole(392)) - s1@group-49D6801573FA: changes role from  FOLLOWER to CANDIDATE at term 0 for changeToCandidate
2025-09-29 07:14:41,201 [s1@group-49D6801573FA-FollowerState] INFO  impl.RoleInfo (RoleInfo.java:updateAndGet(148)) - s1: start s1@group-49D6801573FA-LeaderElection2
2025-09-29 07:14:41,202 [s1@group-49D6801573FA-LeaderElection2] INFO  impl.LeaderElection (LeaderElection.java:askForVotes(448)) - s1@group-49D6801573FA-LeaderElection2 PRE_VOTE round 0: submit vote requests at term 0 for conf: {index: -1, cur=peers:[s0|localhost:15000, s1|localhost:15004, s2|localhost:15008]|listeners:[], old=null}
2025-09-29 07:14:41,202 [s1@group-49D6801573FA-LeaderElection2-1] INFO  server.GrpcServerProtocolClient (GrpcServerProtocolClient.java:<init>(64)) - Build channel for s0|localhost:15000
2025-09-29 07:14:41,203 [s1@group-49D6801573FA-LeaderElection2] INFO  server.RaftServerConfigKeys (ConfUtils.java:logFallback(69)) - raft.server.rpc.first-election.timeout.min = 150ms (fallback to raft.server.rpc.timeout.min)
2025-09-29 07:14:41,203 [s1@group-49D6801573FA-LeaderElection2] INFO  server.RaftServerConfigKeys (ConfUtils.java:logFallback(69)) - raft.server.rpc.first-election.timeout.max = 300ms (fallback to raft.server.rpc.timeout.max)
2025-09-29 07:14:41,203 [s1@group-49D6801573FA-LeaderElection2-2] INFO  server.GrpcServerProtocolClient (GrpcServerProtocolClient.java:<init>(64)) - Build channel for s2|localhost:15008
2025-09-29 07:14:41,296 [s2@group-49D6801573FA-FollowerState] INFO  impl.FollowerState (FollowerState.java:runImpl(161)) - s2@group-49D6801573FA-FollowerState: change to CANDIDATE, lastRpcElapsedTime:294178923ns, electionTimeout:293ms
2025-09-29 07:14:41,297 [s2@group-49D6801573FA-FollowerState] INFO  impl.RoleInfo (RoleInfo.java:shutdownFollowerState(121)) - s2: shutdown s2@group-49D6801573FA-FollowerState
2025-09-29 07:14:41,297 [s2@group-49D6801573FA-FollowerState] INFO  server.RaftServer$Division (RaftServerImpl.java:setRole(392)) - s2@group-49D6801573FA: changes role from  FOLLOWER to CANDIDATE at term 0 for changeToCandidate
2025-09-29 07:14:41,298 [s2@group-49D6801573FA-FollowerState] INFO  impl.RoleInfo (RoleInfo.java:updateAndGet(148)) - s2: start s2@group-49D6801573FA-LeaderElection3
2025-09-29 07:14:41,300 [s2@group-49D6801573FA-LeaderElection3] INFO  impl.LeaderElection (LeaderElection.java:askForVotes(448)) - s2@group-49D6801573FA-LeaderElection3 PRE_VOTE round 0: submit vote requests at term 0 for conf: {index: -1, cur=peers:[s0|localhost:15000, s1|localhost:15004, s2|localhost:15008]|listeners:[], old=null}
2025-09-29 07:14:41,301 [s2@group-49D6801573FA-LeaderElection3-1] INFO  server.GrpcServerProtocolClient (GrpcServerProtocolClient.java:<init>(64)) - Build channel for s0|localhost:15000
2025-09-29 07:14:41,304 [s2@group-49D6801573FA-LeaderElection3] INFO  server.RaftServerConfigKeys (ConfUtils.java:logFallback(69)) - raft.server.rpc.first-election.timeout.min = 150ms (fallback to raft.server.rpc.timeout.min)
2025-09-29 07:14:41,304 [s2@group-49D6801573FA-LeaderElection3-2] INFO  server.GrpcServerProtocolClient (GrpcServerProtocolClient.java:<init>(64)) - Build channel for s1|localhost:15004
2025-09-29 07:14:41,304 [s2@group-49D6801573FA-LeaderElection3] INFO  server.RaftServerConfigKeys (ConfUtils.java:logFallback(69)) - raft.server.rpc.first-election.timeout.max = 300ms (fallback to raft.server.rpc.timeout.max)
2025-09-29 07:14:41,451 [s1@group-49D6801573FA-LeaderElection2] INFO  impl.LeaderElection (LeaderElection.java:logAndReturn(206)) - s1@group-49D6801573FA-LeaderElection2: PRE_VOTE TIMEOUT received 0 response(s) and 0 exception(s):
2025-09-29 07:14:41,451 [s1@group-49D6801573FA-LeaderElection2] INFO  impl.LeaderElection (LeaderElection.java:askForVotes(450)) - s1@group-49D6801573FA-LeaderElection2 PRE_VOTE round 0: result TIMEOUT
2025-09-29 07:14:41,454 [s1@group-49D6801573FA-LeaderElection2] INFO  impl.LeaderElection (LeaderElection.java:askForVotes(448)) - s1@group-49D6801573FA-LeaderElection2 PRE_VOTE round 1: submit vote requests at term 0 for conf: {index: -1, cur=peers:[s0|localhost:15000, s1|localhost:15004, s2|localhost:15008]|listeners:[], old=null}
2025-09-29 07:14:41,456 [s1@group-49D6801573FA-LeaderElection2] INFO  server.RaftServerConfigKeys (ConfUtils.java:logFallback(69)) - raft.server.rpc.first-election.timeout.min = 150ms (fallback to raft.server.rpc.timeout.min)
2025-09-29 07:14:41,456 [s1@group-49D6801573FA-LeaderElection2] INFO  server.RaftServerConfigKeys (ConfUtils.java:logFallback(69)) - raft.server.rpc.first-election.timeout.max = 300ms (fallback to raft.server.rpc.timeout.max)
2025-09-29 07:14:41,469 [main] WARN  ratis.RaftTestUtil (RaftTestUtil.java:lambda$waitForLeader$3(126)) - Attempt #2 failed: java.lang.IllegalStateException: No leader yet : printing ALL groups
  s0:  RUNNING CANDIDATE (RUNNING): s0@group-49D6801573FA:t0, leader=null, voted=, raftlog=Memoized:s0@group-49D6801573FA-SegmentedRaftLog:OPENED:c-1:lastnull, conf=conf: {index: -1, cur=peers:[s0|localhost:15000, s1|localhost:15004, s2|localhost:15008]|listeners:[], old=null}
  s1:  RUNNING CANDIDATE (RUNNING): s1@group-49D6801573FA:t0, leader=null, voted=, raftlog=Memoized:s1@group-49D6801573FA-SegmentedRaftLog:OPENED:c-1:lastnull, conf=conf: {index: -1, cur=peers:[s0|localhost:15000, s1|localhost:15004, s2|localhost:15008]|listeners:[], old=null}
  s2:  RUNNING CANDIDATE (RUNNING): s2@group-49D6801573FA:t0, leader=null, voted=, raftlog=Memoized:s2@group-49D6801573FA-SegmentedRaftLog:OPENED:c-1:lastnull, conf=conf: {index: -1, cur=peers:[s0|localhost:15000, s1|localhost:15004, s2|localhost:15008]|listeners:[], old=null}
2025-09-29 07:14:41,479 [s0@group-49D6801573FA-LeaderElection1] INFO  impl.LeaderElection (LeaderElection.java:logAndReturn(206)) - s0@group-49D6801573FA-LeaderElection1: PRE_VOTE TIMEOUT received 0 response(s) and 0 exception(s):
2025-09-29 07:14:41,480 [s0@group-49D6801573FA-LeaderElection1] INFO  impl.LeaderElection (LeaderElection.java:askForVotes(450)) - s0@group-49D6801573FA-LeaderElection1 PRE_VOTE round 0: result TIMEOUT
2025-09-29 07:14:41,480 [s0@group-49D6801573FA-LeaderElection1] INFO  impl.LeaderElection (LeaderElection.java:askForVotes(448)) - s0@group-49D6801573FA-LeaderElection1 PRE_VOTE round 1: submit vote requests at term 0 for conf: {index: -1, cur=peers:[s0|localhost:15000, s1|localhost:15004, s2|localhost:15008]|listeners:[], old=null}
2025-09-29 07:14:41,481 [s0@group-49D6801573FA-LeaderElection1] INFO  server.RaftServerConfigKeys (ConfUtils.java:logFallback(69)) - raft.server.rpc.first-election.timeout.min = 150ms (fallback to raft.server.rpc.timeout.min)
2025-09-29 07:14:41,482 [s0@group-49D6801573FA-LeaderElection1] INFO  server.RaftServerConfigKeys (ConfUtils.java:logFallback(69)) - raft.server.rpc.first-election.timeout.max = 300ms (fallback to raft.server.rpc.timeout.max)
2025-09-29 07:14:41,538 [s2@group-49D6801573FA-LeaderElection3] INFO  impl.LeaderElection (LeaderElection.java:logAndReturn(206)) - s2@group-49D6801573FA-LeaderElection3: PRE_VOTE TIMEOUT received 0 response(s) and 0 exception(s):
2025-09-29 07:14:41,538 [s2@group-49D6801573FA-LeaderElection3] INFO  impl.LeaderElection (LeaderElection.java:askForVotes(450)) - s2@group-49D6801573FA-LeaderElection3 PRE_VOTE round 0: result TIMEOUT
2025-09-29 07:14:41,539 [s2@group-49D6801573FA-LeaderElection3] INFO  impl.LeaderElection (LeaderElection.java:askForVotes(448)) - s2@group-49D6801573FA-LeaderElection3 PRE_VOTE round 1: submit vote requests at term 0 for conf: {index: -1, cur=peers:[s0|localhost:15000, s1|localhost:15004, s2|localhost:15008]|listeners:[], old=null}
2025-09-29 07:14:41,542 [s2@group-49D6801573FA-LeaderElection3] INFO  server.RaftServerConfigKeys (ConfUtils.java:logFallback(69)) - raft.server.rpc.first-election.timeout.min = 150ms (fallback to raft.server.rpc.timeout.min)
2025-09-29 07:14:41,543 [s2@group-49D6801573FA-LeaderElection3] INFO  server.RaftServerConfigKeys (ConfUtils.java:logFallback(69)) - raft.server.rpc.first-election.timeout.max = 300ms (fallback to raft.server.rpc.timeout.max)
2025-09-29 07:14:41,620 [s1@group-49D6801573FA-LeaderElection2] INFO  impl.LeaderElection (LeaderElection.java:logAndReturn(206)) - s1@group-49D6801573FA-LeaderElection2: PRE_VOTE TIMEOUT received 0 response(s) and 0 exception(s):
2025-09-29 07:14:41,620 [s1@group-49D6801573FA-LeaderElection2] INFO  impl.LeaderElection (LeaderElection.java:askForVotes(450)) - s1@group-49D6801573FA-LeaderElection2 PRE_VOTE round 1: result TIMEOUT
2025-09-29 07:14:41,620 [s1@group-49D6801573FA-LeaderElection2] INFO  impl.LeaderElection (LeaderElection.java:askForVotes(448)) - s1@group-49D6801573FA-LeaderElection2 PRE_VOTE round 2: submit vote requests at term 0 for conf: {index: -1, cur=peers:[s0|localhost:15000, s1|localhost:15004, s2|localhost:15008]|listeners:[], old=null}
2025-09-29 07:14:41,622 [s1@group-49D6801573FA-LeaderElection2] INFO  server.RaftServerConfigKeys (ConfUtils.java:logFallback(69)) - raft.server.rpc.first-election.timeout.min = 150ms (fallback to raft.server.rpc.timeout.min)
2025-09-29 07:14:41,622 [s1@group-49D6801573FA-LeaderElection2] INFO  server.RaftServerConfigKeys (ConfUtils.java:logFallback(69)) - raft.server.rpc.first-election.timeout.max = 300ms (fallback to raft.server.rpc.timeout.max)
2025-09-29 07:14:41,646 [s0@group-49D6801573FA-LeaderElection1] INFO  impl.LeaderElection (LeaderElection.java:logAndReturn(206)) - s0@group-49D6801573FA-LeaderElection1: PRE_VOTE TIMEOUT received 0 response(s) and 0 exception(s):
2025-09-29 07:14:41,647 [s0@group-49D6801573FA-LeaderElection1] INFO  impl.LeaderElection (LeaderElection.java:askForVotes(450)) - s0@group-49D6801573FA-LeaderElection1 PRE_VOTE round 1: result TIMEOUT
2025-09-29 07:14:41,647 [s0@group-49D6801573FA-LeaderElection1] INFO  impl.LeaderElection (LeaderElection.java:askForVotes(448)) - s0@group-49D6801573FA-LeaderElection1 PRE_VOTE round 2: submit vote requests at term 0 for conf: {index: -1, cur=peers:[s0|localhost:15000, s1|localhost:15004, s2|localhost:15008]|listeners:[], old=null}
2025-09-29 07:14:41,649 [s0@group-49D6801573FA-LeaderElection1] INFO  server.RaftServerConfigKeys (ConfUtils.java:logFallback(69)) - raft.server.rpc.first-election.timeout.min = 150ms (fallback to raft.server.rpc.timeout.min)
2025-09-29 07:14:41,650 [s0@group-49D6801573FA-LeaderElection1] INFO  server.RaftServerConfigKeys (ConfUtils.java:logFallback(69)) - raft.server.rpc.first-election.timeout.max = 300ms (fallback to raft.server.rpc.timeout.max)
2025-09-29 07:14:41,696 [s2@group-49D6801573FA-LeaderElection3] INFO  impl.LeaderElection (LeaderElection.java:logAndReturn(206)) - s2@group-49D6801573FA-LeaderElection3: PRE_VOTE TIMEOUT received 0 response(s) and 0 exception(s):
2025-09-29 07:14:41,699 [s2@group-49D6801573FA-LeaderElection3] INFO  impl.LeaderElection (LeaderElection.java:askForVotes(450)) - s2@group-49D6801573FA-LeaderElection3 PRE_VOTE round 1: result TIMEOUT
2025-09-29 07:14:41,700 [s2@group-49D6801573FA-LeaderElection3] INFO  impl.LeaderElection (LeaderElection.java:askForVotes(448)) - s2@group-49D6801573FA-LeaderElection3 PRE_VOTE round 2: submit vote requests at term 0 for conf: {index: -1, cur=peers:[s0|localhost:15000, s1|localhost:15004, s2|localhost:15008]|listeners:[], old=null}
2025-09-29 07:14:41,709 [s2@group-49D6801573FA-LeaderElection3] INFO  server.RaftServerConfigKeys (ConfUtils.java:logFallback(69)) - raft.server.rpc.first-election.timeout.min = 150ms (fallback to raft.server.rpc.timeout.min)
2025-09-29 07:14:41,710 [s2@group-49D6801573FA-LeaderElection3] INFO  server.RaftServerConfigKeys (ConfUtils.java:logFallback(69)) - raft.server.rpc.first-election.timeout.max = 300ms (fallback to raft.server.rpc.timeout.max)
2025-09-29 07:14:41,906 [s1@group-49D6801573FA-LeaderElection2] INFO  impl.LeaderElection (LeaderElection.java:logAndReturn(206)) - s1@group-49D6801573FA-LeaderElection2: PRE_VOTE TIMEOUT received 0 response(s) and 0 exception(s):
2025-09-29 07:14:41,907 [s1@group-49D6801573FA-LeaderElection2] INFO  impl.LeaderElection (LeaderElection.java:askForVotes(450)) - s1@group-49D6801573FA-LeaderElection2 PRE_VOTE round 2: result TIMEOUT
2025-09-29 07:14:41,907 [s1@group-49D6801573FA-LeaderElection2] INFO  impl.LeaderElection (LeaderElection.java:askForVotes(448)) - s1@group-49D6801573FA-LeaderElection2 PRE_VOTE round 3: submit vote requests at term 0 for conf: {index: -1, cur=peers:[s0|localhost:15000, s1|localhost:15004, s2|localhost:15008]|listeners:[], old=null}
2025-09-29 07:14:41,908 [grpc-default-executor-8] INFO  server.RaftServer$Division (RaftServerImpl.java:requestVote(1433)) - s1@group-49D6801573FA: receive requestVote(PRE_VOTE, s2, group-49D6801573FA, 0, <PROTO_DEFAULT>)
2025-09-29 07:14:41,908 [grpc-default-executor-9] INFO  server.RaftServer$Division (RaftServerImpl.java:requestVote(1433)) - s0@group-49D6801573FA: receive requestVote(PRE_VOTE, s2, group-49D6801573FA, 0, <PROTO_DEFAULT>)
2025-09-29 07:14:41,909 [s1@group-49D6801573FA-LeaderElection2] INFO  server.RaftServerConfigKeys (ConfUtils.java:logFallback(69)) - raft.server.rpc.first-election.timeout.min = 150ms (fallback to raft.server.rpc.timeout.min)
2025-09-29 07:14:41,909 [s1@group-49D6801573FA-LeaderElection2] INFO  server.RaftServerConfigKeys (ConfUtils.java:logFallback(69)) - raft.server.rpc.first-election.timeout.max = 300ms (fallback to raft.server.rpc.timeout.max)
2025-09-29 07:14:41,909 [grpc-default-executor-6] INFO  server.RaftServer$Division (RaftServerImpl.java:requestVote(1433)) - s1@group-49D6801573FA: receive requestVote(PRE_VOTE, s0, group-49D6801573FA, 0, <PROTO_DEFAULT>)
2025-09-29 07:14:41,911 [grpc-default-executor-7] INFO  server.RaftServer$Division (RaftServerImpl.java:requestVote(1433)) - s0@group-49D6801573FA: receive requestVote(PRE_VOTE, s1, group-49D6801573FA, 0, <PROTO_DEFAULT>)
2025-09-29 07:14:41,912 [grpc-default-executor-14] INFO  server.RaftServer$Division (RaftServerImpl.java:requestVote(1433)) - s2@group-49D6801573FA: receive requestVote(PRE_VOTE, s1, group-49D6801573FA, 0, <PROTO_DEFAULT>)
2025-09-29 07:14:41,913 [grpc-default-executor-12] INFO  server.RaftServer$Division (RaftServerImpl.java:requestVote(1433)) - s2@group-49D6801573FA: receive requestVote(PRE_VOTE, s0, group-49D6801573FA, 0, <PROTO_DEFAULT>)
2025-09-29 07:14:41,915 [grpc-default-executor-14] INFO  impl.VoteContext (VoteContext.java:log(49)) - s2@group-49D6801573FA-CANDIDATE: accept PRE_VOTE from s1: our priority 0 <= candidate's priority 0
2025-09-29 07:14:41,917 [grpc-default-executor-0] INFO  server.RaftServer$Division (RaftServerImpl.java:requestVote(1433)) - s0@group-49D6801573FA: receive requestVote(PRE_VOTE, s1, group-49D6801573FA, 0, <PROTO_DEFAULT>)
2025-09-29 07:14:41,917 [grpc-default-executor-9] INFO  impl.VoteContext (VoteContext.java:log(49)) - s0@group-49D6801573FA-CANDIDATE: accept PRE_VOTE from s2: our priority 0 <= candidate's priority 0
2025-09-29 07:14:41,919 [grpc-default-executor-8] INFO  impl.VoteContext (VoteContext.java:log(49)) - s1@group-49D6801573FA-CANDIDATE: accept PRE_VOTE from s2: our priority 0 <= candidate's priority 0
2025-09-29 07:14:41,919 [grpc-default-executor-11] INFO  server.RaftServer$Division (RaftServerImpl.java:requestVote(1433)) - s2@group-49D6801573FA: receive requestVote(PRE_VOTE, s1, group-49D6801573FA, 0, <PROTO_DEFAULT>)
2025-09-29 07:14:41,921 [main] WARN  ratis.RaftTestUtil (RaftTestUtil.java:lambda$waitForLeader$3(126)) - Attempt #3 failed: java.lang.IllegalStateException: No leader yet : printing ALL groups
  s0:  RUNNING CANDIDATE (RUNNING): s0@group-49D6801573FA:t0, leader=null, voted=, raftlog=Memoized:s0@group-49D6801573FA-SegmentedRaftLog:OPENED:c-1:lastnull, conf=conf: {index: -1, cur=peers:[s0|localhost:15000, s1|localhost:15004, s2|localhost:15008]|listeners:[], old=null}
  s1:  RUNNING CANDIDATE (RUNNING): s1@group-49D6801573FA:t0, leader=null, voted=, raftlog=Memoized:s1@group-49D6801573FA-SegmentedRaftLog:OPENED:c-1:lastnull, conf=conf: {index: -1, cur=peers:[s0|localhost:15000, s1|localhost:15004, s2|localhost:15008]|listeners:[], old=null}
  s2:  RUNNING CANDIDATE (RUNNING): s2@group-49D6801573FA:t0, leader=null, voted=, raftlog=Memoized:s2@group-49D6801573FA-SegmentedRaftLog:OPENED:c-1:lastnull, conf=conf: {index: -1, cur=peers:[s0|localhost:15000, s1|localhost:15004, s2|localhost:15008]|listeners:[], old=null}
2025-09-29 07:14:41,927 [grpc-default-executor-9] INFO  server.RaftServer$Division (RaftServerImpl.java:requestVote(1467)) - s0@group-49D6801573FA replies to PRE_VOTE vote request: s2<-s0#0:OK-t0-last:<INITIAL_VALUE>. Peer's state: s0@group-49D6801573FA:t0, leader=null, voted=, raftlog=Memoized:s0@group-49D6801573FA-SegmentedRaftLog:OPENED:c-1:lastnull, conf=conf: {index: -1, cur=peers:[s0|localhost:15000, s1|localhost:15004, s2|localhost:15008]|listeners:[], old=null}
2025-09-29 07:14:41,928 [grpc-default-executor-14] INFO  server.RaftServer$Division (RaftServerImpl.java:requestVote(1467)) - s2@group-49D6801573FA replies to PRE_VOTE vote request: s1<-s2#0:OK-t0-last:<INITIAL_VALUE>. Peer's state: s2@group-49D6801573FA:t0, leader=null, voted=, raftlog=Memoized:s2@group-49D6801573FA-SegmentedRaftLog:OPENED:c-1:lastnull, conf=conf: {index: -1, cur=peers:[s0|localhost:15000, s1|localhost:15004, s2|localhost:15008]|listeners:[], old=null}
2025-09-29 07:14:41,928 [grpc-default-executor-8] INFO  server.RaftServer$Division (RaftServerImpl.java:requestVote(1467)) - s1@group-49D6801573FA replies to PRE_VOTE vote request: s2<-s1#0:OK-t0-last:<INITIAL_VALUE>. Peer's state: s1@group-49D6801573FA:t0, leader=null, voted=, raftlog=Memoized:s1@group-49D6801573FA-SegmentedRaftLog:OPENED:c-1:lastnull, conf=conf: {index: -1, cur=peers:[s0|localhost:15000, s1|localhost:15004, s2|localhost:15008]|listeners:[], old=null}
2025-09-29 07:14:41,930 [grpc-default-executor-0] INFO  impl.VoteContext (VoteContext.java:log(49)) - s0@group-49D6801573FA-CANDIDATE: accept PRE_VOTE from s1: our priority 0 <= candidate's priority 0
2025-09-29 07:14:41,931 [grpc-default-executor-0] INFO  server.RaftServer$Division (RaftServerImpl.java:requestVote(1467)) - s0@group-49D6801573FA replies to PRE_VOTE vote request: s1<-s0#0:OK-t0-last:<INITIAL_VALUE>. Peer's state: s0@group-49D6801573FA:t0, leader=null, voted=, raftlog=Memoized:s0@group-49D6801573FA-SegmentedRaftLog:OPENED:c-1:lastnull, conf=conf: {index: -1, cur=peers:[s0|localhost:15000, s1|localhost:15004, s2|localhost:15008]|listeners:[], old=null}
2025-09-29 07:14:41,931 [grpc-default-executor-6] INFO  impl.VoteContext (VoteContext.java:log(49)) - s1@group-49D6801573FA-CANDIDATE: accept PRE_VOTE from s0: our priority 0 <= candidate's priority 0
2025-09-29 07:14:41,932 [grpc-default-executor-6] INFO  server.RaftServer$Division (RaftServerImpl.java:requestVote(1467)) - s1@group-49D6801573FA replies to PRE_VOTE vote request: s0<-s1#0:OK-t0-last:<INITIAL_VALUE>. Peer's state: s1@group-49D6801573FA:t0, leader=null, voted=, raftlog=Memoized:s1@group-49D6801573FA-SegmentedRaftLog:OPENED:c-1:lastnull, conf=conf: {index: -1, cur=peers:[s0|localhost:15000, s1|localhost:15004, s2|localhost:15008]|listeners:[], old=null}
2025-09-29 07:14:41,931 [grpc-default-executor-11] INFO  impl.VoteContext (VoteContext.java:log(49)) - s2@group-49D6801573FA-CANDIDATE: accept PRE_VOTE from s1: our priority 0 <= candidate's priority 0
2025-09-29 07:14:41,934 [grpc-default-executor-11] INFO  server.RaftServer$Division (RaftServerImpl.java:requestVote(1467)) - s2@group-49D6801573FA replies to PRE_VOTE vote request: s1<-s2#0:OK-t0-last:<INITIAL_VALUE>. Peer's state: s2@group-49D6801573FA:t0, leader=null, voted=, raftlog=Memoized:s2@group-49D6801573FA-SegmentedRaftLog:OPENED:c-1:lastnull, conf=conf: {index: -1, cur=peers:[s0|localhost:15000, s1|localhost:15004, s2|localhost:15008]|listeners:[], old=null}
2025-09-29 07:14:41,934 [grpc-default-executor-7] INFO  impl.VoteContext (VoteContext.java:log(49)) - s0@group-49D6801573FA-CANDIDATE: accept PRE_VOTE from s1: our priority 0 <= candidate's priority 0
2025-09-29 07:14:41,934 [grpc-default-executor-7] INFO  server.RaftServer$Division (RaftServerImpl.java:requestVote(1467)) - s0@group-49D6801573FA replies to PRE_VOTE vote request: s1<-s0#0:OK-t0-last:<INITIAL_VALUE>. Peer's state: s0@group-49D6801573FA:t0, leader=null, voted=, raftlog=Memoized:s0@group-49D6801573FA-SegmentedRaftLog:OPENED:c-1:lastnull, conf=conf: {index: -1, cur=peers:[s0|localhost:15000, s1|localhost:15004, s2|localhost:15008]|listeners:[], old=null}
2025-09-29 07:14:41,935 [grpc-default-executor-12] INFO  impl.VoteContext (VoteContext.java:log(49)) - s2@group-49D6801573FA-CANDIDATE: accept PRE_VOTE from s0: our priority 0 <= candidate's priority 0
2025-09-29 07:14:41,935 [grpc-default-executor-12] INFO  server.RaftServer$Division (RaftServerImpl.java:requestVote(1467)) - s2@group-49D6801573FA replies to PRE_VOTE vote request: s0<-s2#0:OK-t0-last:<INITIAL_VALUE>. Peer's state: s2@group-49D6801573FA:t0, leader=null, voted=, raftlog=Memoized:s2@group-49D6801573FA-SegmentedRaftLog:OPENED:c-1:lastnull, conf=conf: {index: -1, cur=peers:[s0|localhost:15000, s1|localhost:15004, s2|localhost:15008]|listeners:[], old=null}
2025-09-29 07:14:41,941 [s0@group-49D6801573FA-LeaderElection1] INFO  impl.LeaderElection (LeaderElection.java:logAndReturn(206)) - s0@group-49D6801573FA-LeaderElection1: PRE_VOTE TIMEOUT received 0 response(s) and 0 exception(s):
2025-09-29 07:14:41,941 [s0@group-49D6801573FA-LeaderElection1] INFO  impl.LeaderElection (LeaderElection.java:askForVotes(450)) - s0@group-49D6801573FA-LeaderElection1 PRE_VOTE round 2: result TIMEOUT
2025-09-29 07:14:41,941 [s0@group-49D6801573FA-LeaderElection1] INFO  impl.LeaderElection (LeaderElection.java:askForVotes(448)) - s0@group-49D6801573FA-LeaderElection1 PRE_VOTE round 3: submit vote requests at term 0 for conf: {index: -1, cur=peers:[s0|localhost:15000, s1|localhost:15004, s2|localhost:15008]|listeners:[], old=null}
2025-09-29 07:14:41,946 [s1@group-49D6801573FA-LeaderElection2] INFO  impl.LeaderElection (LeaderElection.java:logAndReturn(206)) - s1@group-49D6801573FA-LeaderElection2: PRE_VOTE PASSED received 1 response(s) and 0 exception(s):
2025-09-29 07:14:41,948 [grpc-default-executor-0] INFO  server.RaftServer$Division (RaftServerImpl.java:requestVote(1433)) - s1@group-49D6801573FA: receive requestVote(PRE_VOTE, s0, group-49D6801573FA, 0, <PROTO_DEFAULT>)
2025-09-29 07:14:41,949 [grpc-default-executor-0] INFO  impl.VoteContext (VoteContext.java:log(49)) - s1@group-49D6801573FA-CANDIDATE: accept PRE_VOTE from s0: our priority 0 <= candidate's priority 0
2025-09-29 07:14:41,949 [grpc-default-executor-0] INFO  server.RaftServer$Division (RaftServerImpl.java:requestVote(1467)) - s1@group-49D6801573FA replies to PRE_VOTE vote request: s0<-s1#0:OK-t0-last:<INITIAL_VALUE>. Peer's state: s1@group-49D6801573FA:t0, leader=null, voted=, raftlog=Memoized:s1@group-49D6801573FA-SegmentedRaftLog:OPENED:c-1:lastnull, conf=conf: {index: -1, cur=peers:[s0|localhost:15000, s1|localhost:15004, s2|localhost:15008]|listeners:[], old=null}
2025-09-29 07:14:41,947 [s0@group-49D6801573FA-LeaderElection1] INFO  server.RaftServerConfigKeys (ConfUtils.java:logFallback(69)) - raft.server.rpc.first-election.timeout.min = 150ms (fallback to raft.server.rpc.timeout.min)
2025-09-29 07:14:41,950 [s0@group-49D6801573FA-LeaderElection1] INFO  server.RaftServerConfigKeys (ConfUtils.java:logFallback(69)) - raft.server.rpc.first-election.timeout.max = 300ms (fallback to raft.server.rpc.timeout.max)
2025-09-29 07:14:41,947 [s2@group-49D6801573FA-LeaderElection3] INFO  impl.LeaderElection (LeaderElection.java:logAndReturn(206)) - s2@group-49D6801573FA-LeaderElection3: PRE_VOTE PASSED received 1 response(s) and 0 exception(s):
2025-09-29 07:14:41,949 [s1@group-49D6801573FA-LeaderElection2] INFO  impl.LeaderElection (LeaderElection.java:logAndReturn(210)) -   Response 0: s1<-s0#0:OK-t0-last:<INITIAL_VALUE>
2025-09-29 07:14:41,950 [s1@group-49D6801573FA-LeaderElection2] INFO  impl.LeaderElection (LeaderElection.java:askForVotes(450)) - s1@group-49D6801573FA-LeaderElection2 PRE_VOTE round 3: result PASSED
2025-09-29 07:14:41,950 [s1@group-49D6801573FA-LeaderElection2] TRACE util.FileUtils (LogUtils.java:supplyAndLog(69)) - Successfully supplied FileChannel.open /home/runner/work/ratis/ratis/ratis-test/target/test/data/6b14e155/MiniRaftClusterWithGrpc8e200d96/s1/0b6e91af-e493-4dcf-bb01-49d6801573fa/current/raft-meta.tmp with options [CREATE, TRUNCATE_EXISTING, WRITE]: sun.nio.ch.FileChannelImpl@356c00e8
2025-09-29 07:14:41,951 [s2@group-49D6801573FA-LeaderElection3] INFO  impl.LeaderElection (LeaderElection.java:logAndReturn(210)) -   Response 0: s2<-s1#0:OK-t0-last:<INITIAL_VALUE>
2025-09-29 07:14:41,951 [s2@group-49D6801573FA-LeaderElection3] INFO  impl.LeaderElection (LeaderElection.java:askForVotes(450)) - s2@group-49D6801573FA-LeaderElection3 PRE_VOTE round 2: result PASSED
2025-09-29 07:14:41,952 [s2@group-49D6801573FA-LeaderElection3] TRACE util.FileUtils (LogUtils.java:supplyAndLog(69)) - Successfully supplied FileChannel.open /home/runner/work/ratis/ratis/ratis-test/target/test/data/6b14e155/MiniRaftClusterWithGrpc8e200d96/s2/0b6e91af-e493-4dcf-bb01-49d6801573fa/current/raft-meta.tmp with options [CREATE, TRUNCATE_EXISTING, WRITE]: sun.nio.ch.FileChannelImpl@138af6a8
2025-09-29 07:14:41,956 [s1@group-49D6801573FA-LeaderElection2] TRACE util.FileUtils (LogUtils.java:runAndLog(49)) - Successfully ran Atomic Files.move /home/runner/work/ratis/ratis/ratis-test/target/test/data/6b14e155/MiniRaftClusterWithGrpc8e200d96/s1/0b6e91af-e493-4dcf-bb01-49d6801573fa/current/raft-meta.tmp to /home/runner/work/ratis/ratis/ratis-test/target/test/data/6b14e155/MiniRaftClusterWithGrpc8e200d96/s1/0b6e91af-e493-4dcf-bb01-49d6801573fa/current/raft-meta with options [REPLACE_EXISTING]
2025-09-29 07:14:41,956 [s1@group-49D6801573FA-LeaderElection2] INFO  impl.LeaderElection (LeaderElection.java:askForVotes(448)) - s1@group-49D6801573FA-LeaderElection2 ELECTION round 3: submit vote requests at term 1 for conf: {index: -1, cur=peers:[s0|localhost:15000, s1|localhost:15004, s2|localhost:15008]|listeners:[], old=null}
2025-09-29 07:14:41,956 [s2@group-49D6801573FA-LeaderElection3] TRACE util.FileUtils (LogUtils.java:runAndLog(49)) - Successfully ran Atomic Files.move /home/runner/work/ratis/ratis/ratis-test/target/test/data/6b14e155/MiniRaftClusterWithGrpc8e200d96/s2/0b6e91af-e493-4dcf-bb01-49d6801573fa/current/raft-meta.tmp to /home/runner/work/ratis/ratis/ratis-test/target/test/data/6b14e155/MiniRaftClusterWithGrpc8e200d96/s2/0b6e91af-e493-4dcf-bb01-49d6801573fa/current/raft-meta with options [REPLACE_EXISTING]
2025-09-29 07:14:41,956 [s2@group-49D6801573FA-LeaderElection3] INFO  impl.LeaderElection (LeaderElection.java:askForVotes(448)) - s2@group-49D6801573FA-LeaderElection3 ELECTION round 2: submit vote requests at term 1 for conf: {index: -1, cur=peers:[s0|localhost:15000, s1|localhost:15004, s2|localhost:15008]|listeners:[], old=null}
2025-09-29 07:14:41,958 [s0@group-49D6801573FA-LeaderElection1] INFO  impl.LeaderElection (LeaderElection.java:logAndReturn(206)) - s0@group-49D6801573FA-LeaderElection1: PRE_VOTE PASSED received 1 response(s) and 0 exception(s):
2025-09-29 07:14:41,959 [grpc-default-executor-0] INFO  server.RaftServer$Division (RaftServerImpl.java:requestVote(1433)) - s2@group-49D6801573FA: receive requestVote(PRE_VOTE, s0, group-49D6801573FA, 0, <PROTO_DEFAULT>)
2025-09-29 07:14:41,959 [grpc-default-executor-0] INFO  impl.VoteContext (VoteContext.java:log(49)) - s2@group-49D6801573FA-CANDIDATE: accept PRE_VOTE from s0: our priority 0 <= candidate's priority 0
2025-09-29 07:14:41,959 [grpc-default-executor-0] INFO  server.RaftServer$Division (RaftServerImpl.java:requestVote(1467)) - s2@group-49D6801573FA replies to PRE_VOTE vote request: s0<-s2#0:OK-t1-last:<INITIAL_VALUE>. Peer's state: s2@group-49D6801573FA:t1, leader=null, voted=s2, raftlog=Memoized:s2@group-49D6801573FA-SegmentedRaftLog:OPENED:c-1:lastnull, conf=conf: {index: -1, cur=peers:[s0|localhost:15000, s1|localhost:15004, s2|localhost:15008]|listeners:[], old=null}
2025-09-29 07:14:41,959 [s0@group-49D6801573FA-LeaderElection1] INFO  impl.LeaderElection (LeaderElection.java:logAndReturn(210)) -   Response 0: s0<-s1#0:OK-t0-last:<INITIAL_VALUE>
2025-09-29 07:14:41,959 [s1@group-49D6801573FA-LeaderElection2] INFO  server.RaftServerConfigKeys (ConfUtils.java:logFallback(69)) - raft.server.rpc.first-election.timeout.min = 150ms (fallback to raft.server.rpc.timeout.min)
2025-09-29 07:14:41,960 [s1@group-49D6801573FA-LeaderElection2] INFO  server.RaftServerConfigKeys (ConfUtils.java:logFallback(69)) - raft.server.rpc.first-election.timeout.max = 300ms (fallback to raft.server.rpc.timeout.max)
2025-09-29 07:14:41,962 [s2@group-49D6801573FA-LeaderElection3] INFO  server.RaftServerConfigKeys (ConfUtils.java:logFallback(69)) - raft.server.rpc.first-election.timeout.min = 150ms (fallback to raft.server.rpc.timeout.min)
2025-09-29 07:14:41,963 [s2@group-49D6801573FA-LeaderElection3] INFO  server.RaftServerConfigKeys (ConfUtils.java:logFallback(69)) - raft.server.rpc.first-election.timeout.max = 300ms (fallback to raft.server.rpc.timeout.max)
2025-09-29 07:14:41,963 [s0@group-49D6801573FA-LeaderElection1] INFO  impl.LeaderElection (LeaderElection.java:askForVotes(450)) - s0@group-49D6801573FA-LeaderElection1 PRE_VOTE round 3: result PASSED
2025-09-29 07:14:41,963 [s0@group-49D6801573FA-LeaderElection1] TRACE util.FileUtils (LogUtils.java:supplyAndLog(69)) - Successfully supplied FileChannel.open /home/runner/work/ratis/ratis/ratis-test/target/test/data/6b14e155/MiniRaftClusterWithGrpc8e200d96/s0/0b6e91af-e493-4dcf-bb01-49d6801573fa/current/raft-meta.tmp with options [CREATE, TRUNCATE_EXISTING, WRITE]: sun.nio.ch.FileChannelImpl@569a05a2
2025-09-29 07:14:41,964 [grpc-default-executor-0] INFO  server.RaftServer$Division (RaftServerImpl.java:requestVote(1433)) - s0@group-49D6801573FA: receive requestVote(ELECTION, s1, group-49D6801573FA, 1, <PROTO_DEFAULT>)
2025-09-29 07:14:41,964 [grpc-default-executor-0] INFO  impl.VoteContext (VoteContext.java:log(49)) - s0@group-49D6801573FA-CANDIDATE: reject ELECTION from s1: already has voted for s0 at current term 1
2025-09-29 07:14:41,964 [grpc-default-executor-0] INFO  server.RaftServer$Division (RaftServerImpl.java:requestVote(1467)) - s0@group-49D6801573FA replies to ELECTION vote request: s1<-s0#0:FAIL-t1-last:<INITIAL_VALUE>. Peer's state: s0@group-49D6801573FA:t1, leader=null, voted=s0, raftlog=Memoized:s0@group-49D6801573FA-SegmentedRaftLog:OPENED:c-1:lastnull, conf=conf: {index: -1, cur=peers:[s0|localhost:15000, s1|localhost:15004, s2|localhost:15008]|listeners:[], old=null}
2025-09-29 07:14:41,967 [s0@group-49D6801573FA-LeaderElection1] TRACE util.FileUtils (LogUtils.java:runAndLog(49)) - Successfully ran Atomic Files.move /home/runner/work/ratis/ratis/ratis-test/target/test/data/6b14e155/MiniRaftClusterWithGrpc8e200d96/s0/0b6e91af-e493-4dcf-bb01-49d6801573fa/current/raft-meta.tmp to /home/runner/work/ratis/ratis/ratis-test/target/test/data/6b14e155/MiniRaftClusterWithGrpc8e200d96/s0/0b6e91af-e493-4dcf-bb01-49d6801573fa/current/raft-meta with options [REPLACE_EXISTING]
2025-09-29 07:14:41,968 [s0@group-49D6801573FA-LeaderElection1] INFO  impl.LeaderElection (LeaderElection.java:askForVotes(448)) - s0@group-49D6801573FA-LeaderElection1 ELECTION round 3: submit vote requests at term 1 for conf: {index: -1, cur=peers:[s0|localhost:15000, s1|localhost:15004, s2|localhost:15008]|listeners:[], old=null}
2025-09-29 07:14:41,970 [grpc-default-executor-7] INFO  server.RaftServer$Division (RaftServerImpl.java:requestVote(1433)) - s0@group-49D6801573FA: receive requestVote(ELECTION, s2, group-49D6801573FA, 1, <PROTO_DEFAULT>)
2025-09-29 07:14:41,971 [grpc-default-executor-7] INFO  impl.VoteContext (VoteContext.java:log(49)) - s0@group-49D6801573FA-CANDIDATE: reject ELECTION from s2: already has voted for s0 at current term 1
2025-09-29 07:14:41,971 [grpc-default-executor-7] INFO  server.RaftServer$Division (RaftServerImpl.java:requestVote(1467)) - s0@group-49D6801573FA replies to ELECTION vote request: s2<-s0#0:FAIL-t1-last:<INITIAL_VALUE>. Peer's state: s0@group-49D6801573FA:t1, leader=null, voted=s0, raftlog=Memoized:s0@group-49D6801573FA-SegmentedRaftLog:OPENED:c-1:lastnull, conf=conf: {index: -1, cur=peers:[s0|localhost:15000, s1|localhost:15004, s2|localhost:15008]|listeners:[], old=null}
2025-09-29 07:14:41,971 [grpc-default-executor-12] INFO  server.RaftServer$Division (RaftServerImpl.java:requestVote(1433)) - s2@group-49D6801573FA: receive requestVote(ELECTION, s1, group-49D6801573FA, 1, <PROTO_DEFAULT>)
2025-09-29 07:14:41,972 [grpc-default-executor-12] INFO  impl.VoteContext (VoteContext.java:log(49)) - s2@group-49D6801573FA-CANDIDATE: reject ELECTION from s1: already has voted for s2 at current term 1
2025-09-29 07:14:41,972 [grpc-default-executor-0] INFO  server.RaftServer$Division (RaftServerImpl.java:requestVote(1433)) - s1@group-49D6801573FA: receive requestVote(ELECTION, s2, group-49D6801573FA, 1, <PROTO_DEFAULT>)
2025-09-29 07:14:41,972 [grpc-default-executor-12] INFO  server.RaftServer$Division (RaftServerImpl.java:requestVote(1467)) - s2@group-49D6801573FA replies to ELECTION vote request: s1<-s2#0:FAIL-t1-last:<INITIAL_VALUE>. Peer's state: s2@group-49D6801573FA:t1, leader=null, voted=s2, raftlog=Memoized:s2@group-49D6801573FA-SegmentedRaftLog:OPENED:c-1:lastnull, conf=conf: {index: -1, cur=peers:[s0|localhost:15000, s1|localhost:15004, s2|localhost:15008]|listeners:[], old=null}
2025-09-29 07:14:41,972 [grpc-default-executor-0] INFO  impl.VoteContext (VoteContext.java:log(49)) - s1@group-49D6801573FA-CANDIDATE: reject ELECTION from s2: already has voted for s1 at current term 1
2025-09-29 07:14:41,972 [grpc-default-executor-0] INFO  server.RaftServer$Division (RaftServerImpl.java:requestVote(1467)) - s1@group-49D6801573FA replies to ELECTION vote request: s2<-s1#0:FAIL-t1-last:<INITIAL_VALUE>. Peer's state: s1@group-49D6801573FA:t1, leader=null, voted=s1, raftlog=Memoized:s1@group-49D6801573FA-SegmentedRaftLog:OPENED:c-1:lastnull, conf=conf: {index: -1, cur=peers:[s0|localhost:15000, s1|localhost:15004, s2|localhost:15008]|listeners:[], old=null}
2025-09-29 07:14:41,974 [s0@group-49D6801573FA-LeaderElection1] INFO  server.RaftServerConfigKeys (ConfUtils.java:logFallback(69)) - raft.server.rpc.first-election.timeout.min = 150ms (fallback to raft.server.rpc.timeout.min)
2025-09-29 07:14:41,974 [s0@group-49D6801573FA-LeaderElection1] INFO  server.RaftServerConfigKeys (ConfUtils.java:logFallback(69)) - raft.server.rpc.first-election.timeout.max = 300ms (fallback to raft.server.rpc.timeout.max)
2025-09-29 07:14:41,977 [s1@group-49D6801573FA-LeaderElection2] INFO  impl.LeaderElection (LeaderElection.java:waitForResults(573)) - rejectedPeers: [s0, s2], emptyCommit? true
2025-09-29 07:14:41,977 [s1@group-49D6801573FA-LeaderElection2] INFO  impl.LeaderElection (LeaderElection.java:logAndReturn(206)) - s1@group-49D6801573FA-LeaderElection2: ELECTION REJECTED received 2 response(s) and 0 exception(s):
2025-09-29 07:14:41,977 [s1@group-49D6801573FA-LeaderElection2] INFO  impl.LeaderElection (LeaderElection.java:logAndReturn(210)) -   Response 0: s1<-s0#0:FAIL-t1-last:<INITIAL_VALUE>
2025-09-29 07:14:41,979 [s1@group-49D6801573FA-LeaderElection2] INFO  impl.LeaderElection (LeaderElection.java:logAndReturn(210)) -   Response 1: s1<-s2#0:FAIL-t1-last:<INITIAL_VALUE>
2025-09-29 07:14:41,979 [s1@group-49D6801573FA-LeaderElection2] INFO  impl.LeaderElection (LeaderElection.java:askForVotes(450)) - s1@group-49D6801573FA-LeaderElection2 ELECTION round 3: result REJECTED
2025-09-29 07:14:41,979 [s1@group-49D6801573FA-LeaderElection2] INFO  server.RaftServer$Division (RaftServerImpl.java:setRole(392)) - s1@group-49D6801573FA: changes role from CANDIDATE to FOLLOWER at term 1 for REJECTED
2025-09-29 07:14:41,979 [s1@group-49D6801573FA-LeaderElection2] INFO  impl.RoleInfo (RoleInfo.java:shutdownLeaderElection(141)) - s1: shutdown s1@group-49D6801573FA-LeaderElection2
2025-09-29 07:14:41,979 [s2@group-49D6801573FA-LeaderElection3] INFO  impl.LeaderElection (LeaderElection.java:waitForResults(573)) - rejectedPeers: [s0, s1], emptyCommit? true
2025-09-29 07:14:41,979 [s2@group-49D6801573FA-LeaderElection3] INFO  impl.LeaderElection (LeaderElection.java:logAndReturn(206)) - s2@group-49D6801573FA-LeaderElection3: ELECTION REJECTED received 2 response(s) and 0 exception(s):
2025-09-29 07:14:41,979 [s2@group-49D6801573FA-LeaderElection3] INFO  impl.LeaderElection (LeaderElection.java:logAndReturn(210)) -   Response 0: s2<-s0#0:FAIL-t1-last:<INITIAL_VALUE>
2025-09-29 07:14:41,979 [s2@group-49D6801573FA-LeaderElection3] INFO  impl.LeaderElection (LeaderElection.java:logAndReturn(210)) -   Response 1: s2<-s1#0:FAIL-t1-last:<INITIAL_VALUE>
2025-09-29 07:14:41,981 [grpc-default-executor-12] INFO  server.RaftServer$Division (RaftServerImpl.java:requestVote(1433)) - s1@group-49D6801573FA: receive requestVote(ELECTION, s0, group-49D6801573FA, 1, <PROTO_DEFAULT>)
2025-09-29 07:14:41,981 [s1@group-49D6801573FA-LeaderElection2] INFO  impl.RoleInfo (RoleInfo.java:updateAndGet(148)) - s1: start s1@group-49D6801573FA-FollowerState
2025-09-29 07:14:41,982 [grpc-default-executor-7] INFO  server.RaftServer$Division (RaftServerImpl.java:requestVote(1433)) - s2@group-49D6801573FA: receive requestVote(ELECTION, s0, group-49D6801573FA, 1, <PROTO_DEFAULT>)
2025-09-29 07:14:41,982 [grpc-default-executor-7] INFO  impl.VoteContext (VoteContext.java:log(49)) - s2@group-49D6801573FA-CANDIDATE: reject ELECTION from s0: already has voted for s2 at current term 1
2025-09-29 07:14:41,982 [grpc-default-executor-7] INFO  server.RaftServer$Division (RaftServerImpl.java:requestVote(1467)) - s2@group-49D6801573FA replies to ELECTION vote request: s0<-s2#0:FAIL-t1-last:<INITIAL_VALUE>. Peer's state: s2@group-49D6801573FA:t1, leader=null, voted=s2, raftlog=Memoized:s2@group-49D6801573FA-SegmentedRaftLog:OPENED:c-1:lastnull, conf=conf: {index: -1, cur=peers:[s0|localhost:15000, s1|localhost:15004, s2|localhost:15008]|listeners:[], old=null}
2025-09-29 07:14:41,982 [s2@group-49D6801573FA-LeaderElection3] INFO  impl.LeaderElection (LeaderElection.java:askForVotes(450)) - s2@group-49D6801573FA-LeaderElection3 ELECTION round 2: result REJECTED
2025-09-29 07:14:41,982 [s2@group-49D6801573FA-LeaderElection3] INFO  server.RaftServer$Division (RaftServerImpl.java:setRole(392)) - s2@group-49D6801573FA: changes role from CANDIDATE to FOLLOWER at term 1 for REJECTED
2025-09-29 07:14:41,982 [s2@group-49D6801573FA-LeaderElection3] INFO  impl.RoleInfo (RoleInfo.java:shutdownLeaderElection(141)) - s2: shutdown s2@group-49D6801573FA-LeaderElection3
2025-09-29 07:14:41,982 [s2@group-49D6801573FA-LeaderElection3] INFO  impl.RoleInfo (RoleInfo.java:updateAndGet(148)) - s2: start s2@group-49D6801573FA-FollowerState
2025-09-29 07:14:41,983 [s1@group-49D6801573FA-LeaderElection2] INFO  server.RaftServer$Division (RaftServerImpl.java:setFirstElection(576)) - s1@group-49D6801573FA: set firstElectionSinceStartup to false for REJECTED
2025-09-29 07:14:41,983 [grpc-default-executor-12] INFO  impl.VoteContext (VoteContext.java:log(49)) - s1@group-49D6801573FA-FOLLOWER: reject ELECTION from s0: already has voted for s1 at current term 1
2025-09-29 07:14:41,983 [grpc-default-executor-12] INFO  server.RaftServer$Division (RaftServerImpl.java:requestVote(1467)) - s1@group-49D6801573FA replies to ELECTION vote request: s0<-s1#0:FAIL-t1-last:<INITIAL_VALUE>. Peer's state: s1@group-49D6801573FA:t1, leader=null, voted=s1, raftlog=Memoized:s1@group-49D6801573FA-SegmentedRaftLog:OPENED:c-1:lastnull, conf=conf: {index: -1, cur=peers:[s0|localhost:15000, s1|localhost:15004, s2|localhost:15008]|listeners:[], old=null}
2025-09-29 07:14:41,984 [s2@group-49D6801573FA-FollowerState] INFO  server.RaftServerConfigKeys (ConfUtils.java:logFallback(69)) - raft.server.rpc.first-election.timeout.min = 150ms (fallback to raft.server.rpc.timeout.min)
2025-09-29 07:14:41,984 [s2@group-49D6801573FA-FollowerState] INFO  server.RaftServerConfigKeys (ConfUtils.java:logFallback(69)) - raft.server.rpc.first-election.timeout.max = 300ms (fallback to raft.server.rpc.timeout.max)
2025-09-29 07:14:41,984 [s2@group-49D6801573FA-LeaderElection3] INFO  server.RaftServer$Division (RaftServerImpl.java:setFirstElection(576)) - s2@group-49D6801573FA: set firstElectionSinceStartup to false for REJECTED
2025-09-29 07:14:41,987 [s0@group-49D6801573FA-LeaderElection1] INFO  impl.LeaderElection (LeaderElection.java:waitForResults(573)) - rejectedPeers: [s1, s2], emptyCommit? true
2025-09-29 07:14:41,987 [s0@group-49D6801573FA-LeaderElection1] INFO  impl.LeaderElection (LeaderElection.java:logAndReturn(206)) - s0@group-49D6801573FA-LeaderElection1: ELECTION REJECTED received 2 response(s) and 0 exception(s):
2025-09-29 07:14:41,987 [s0@group-49D6801573FA-LeaderElection1] INFO  impl.LeaderElection (LeaderElection.java:logAndReturn(210)) -   Response 0: s0<-s1#0:FAIL-t1-last:<INITIAL_VALUE>
2025-09-29 07:14:41,988 [s0@group-49D6801573FA-LeaderElection1] INFO  impl.LeaderElection (LeaderElection.java:logAndReturn(210)) -   Response 1: s0<-s2#0:FAIL-t1-last:<INITIAL_VALUE>
2025-09-29 07:14:41,988 [s0@group-49D6801573FA-LeaderElection1] INFO  impl.LeaderElection (LeaderElection.java:askForVotes(450)) - s0@group-49D6801573FA-LeaderElection1 ELECTION round 3: result REJECTED
2025-09-29 07:14:41,988 [s0@group-49D6801573FA-LeaderElection1] INFO  server.RaftServer$Division (RaftServerImpl.java:setRole(392)) - s0@group-49D6801573FA: changes role from CANDIDATE to FOLLOWER at term 1 for REJECTED
2025-09-29 07:14:41,988 [s0@group-49D6801573FA-LeaderElection1] INFO  impl.RoleInfo (RoleInfo.java:shutdownLeaderElection(141)) - s0: shutdown s0@group-49D6801573FA-LeaderElection1
2025-09-29 07:14:41,988 [s0@group-49D6801573FA-LeaderElection1] INFO  impl.RoleInfo (RoleInfo.java:updateAndGet(148)) - s0: start s0@group-49D6801573FA-FollowerState
2025-09-29 07:14:41,989 [s0@group-49D6801573FA-FollowerState] INFO  server.RaftServerConfigKeys (ConfUtils.java:logFallback(69)) - raft.server.rpc.first-election.timeout.min = 150ms (fallback to raft.server.rpc.timeout.min)
2025-09-29 07:14:41,989 [s0@group-49D6801573FA-FollowerState] INFO  server.RaftServerConfigKeys (ConfUtils.java:logFallback(69)) - raft.server.rpc.first-election.timeout.max = 300ms (fallback to raft.server.rpc.timeout.max)
2025-09-29 07:14:41,989 [s0@group-49D6801573FA-LeaderElection1] INFO  server.RaftServer$Division (RaftServerImpl.java:setFirstElection(576)) - s0@group-49D6801573FA: set firstElectionSinceStartup to false for REJECTED
2025-09-29 07:14:42,168 [s0@group-49D6801573FA-FollowerState] INFO  impl.FollowerState (FollowerState.java:runImpl(161)) - s0@group-49D6801573FA-FollowerState: change to CANDIDATE, lastRpcElapsedTime:179898174ns, electionTimeout:179ms
2025-09-29 07:14:42,168 [s0@group-49D6801573FA-FollowerState] INFO  impl.RoleInfo (RoleInfo.java:shutdownFollowerState(121)) - s0: shutdown s0@group-49D6801573FA-FollowerState
2025-09-29 07:14:42,169 [s0@group-49D6801573FA-FollowerState] INFO  server.RaftServer$Division (RaftServerImpl.java:setRole(392)) - s0@group-49D6801573FA: changes role from  FOLLOWER to CANDIDATE at term 1 for changeToCandidate
2025-09-29 07:14:42,169 [s0@group-49D6801573FA-FollowerState] INFO  impl.RoleInfo (RoleInfo.java:updateAndGet(148)) - s0: start s0@group-49D6801573FA-LeaderElection4
2025-09-29 07:14:42,169 [s0@group-49D6801573FA-LeaderElection4] INFO  impl.LeaderElection (LeaderElection.java:askForVotes(448)) - s0@group-49D6801573FA-LeaderElection4 PRE_VOTE round 0: submit vote requests at term 1 for conf: {index: -1, cur=peers:[s0|localhost:15000, s1|localhost:15004, s2|localhost:15008]|listeners:[], old=null}
2025-09-29 07:14:42,174 [grpc-default-executor-12] INFO  server.RaftServer$Division (RaftServerImpl.java:requestVote(1433)) - s1@group-49D6801573FA: receive requestVote(PRE_VOTE, s0, group-49D6801573FA, 1, <PROTO_DEFAULT>)
2025-09-29 07:14:42,174 [grpc-default-executor-7] INFO  server.RaftServer$Division (RaftServerImpl.java:requestVote(1433)) - s2@group-49D6801573FA: receive requestVote(PRE_VOTE, s0, group-49D6801573FA, 1, <PROTO_DEFAULT>)
2025-09-29 07:14:42,174 [grpc-default-executor-12] INFO  impl.VoteContext (VoteContext.java:log(49)) - s1@group-49D6801573FA-FOLLOWER: accept PRE_VOTE from s0: our priority 0 <= candidate's priority 0
2025-09-29 07:14:42,174 [grpc-default-executor-7] INFO  impl.VoteContext (VoteContext.java:log(49)) - s2@group-49D6801573FA-FOLLOWER: accept PRE_VOTE from s0: our priority 0 <= candidate's priority 0
2025-09-29 07:14:42,176 [grpc-default-executor-12] INFO  server.RaftServer$Division (RaftServerImpl.java:requestVote(1467)) - s1@group-49D6801573FA replies to PRE_VOTE vote request: s0<-s1#0:OK-t1-last:<INITIAL_VALUE>. Peer's state: s1@group-49D6801573FA:t1, leader=null, voted=s1, raftlog=Memoized:s1@group-49D6801573FA-SegmentedRaftLog:OPENED:c-1:lastnull, conf=conf: {index: -1, cur=peers:[s0|localhost:15000, s1|localhost:15004, s2|localhost:15008]|listeners:[], old=null}
2025-09-29 07:14:42,177 [grpc-default-executor-7] INFO  server.RaftServer$Division (RaftServerImpl.java:requestVote(1467)) - s2@group-49D6801573FA replies to PRE_VOTE vote request: s0<-s2#0:OK-t1-last:<INITIAL_VALUE>. Peer's state: s2@group-49D6801573FA:t1, leader=null, voted=s2, raftlog=Memoized:s2@group-49D6801573FA-SegmentedRaftLog:OPENED:c-1:lastnull, conf=conf: {index: -1, cur=peers:[s0|localhost:15000, s1|localhost:15004, s2|localhost:15008]|listeners:[], old=null}
2025-09-29 07:14:42,180 [s0@group-49D6801573FA-LeaderElection4] INFO  impl.LeaderElection (LeaderElection.java:logAndReturn(206)) - s0@group-49D6801573FA-LeaderElection4: PRE_VOTE PASSED received 1 response(s) and 0 exception(s):
2025-09-29 07:14:42,180 [s0@group-49D6801573FA-LeaderElection4] INFO  impl.LeaderElection (LeaderElection.java:logAndReturn(210)) -   Response 0: s0<-s1#0:OK-t1-last:<INITIAL_VALUE>
2025-09-29 07:14:42,183 [s0@group-49D6801573FA-LeaderElection4] INFO  impl.LeaderElection (LeaderElection.java:askForVotes(450)) - s0@group-49D6801573FA-LeaderElection4 PRE_VOTE round 0: result PASSED
2025-09-29 07:14:42,183 [s0@group-49D6801573FA-LeaderElection4] TRACE util.FileUtils (LogUtils.java:supplyAndLog(69)) - Successfully supplied FileChannel.open /home/runner/work/ratis/ratis/ratis-test/target/test/data/6b14e155/MiniRaftClusterWithGrpc8e200d96/s0/0b6e91af-e493-4dcf-bb01-49d6801573fa/current/raft-meta.tmp with options [CREATE, TRUNCATE_EXISTING, WRITE]: sun.nio.ch.FileChannelImpl@793b3ef
2025-09-29 07:14:42,185 [s0@group-49D6801573FA-LeaderElection4] TRACE util.FileUtils (LogUtils.java:runAndLog(49)) - Successfully ran Atomic Files.move /home/runner/work/ratis/ratis/ratis-test/target/test/data/6b14e155/MiniRaftClusterWithGrpc8e200d96/s0/0b6e91af-e493-4dcf-bb01-49d6801573fa/current/raft-meta.tmp to /home/runner/work/ratis/ratis/ratis-test/target/test/data/6b14e155/MiniRaftClusterWithGrpc8e200d96/s0/0b6e91af-e493-4dcf-bb01-49d6801573fa/current/raft-meta with options [REPLACE_EXISTING]
2025-09-29 07:14:42,185 [s0@group-49D6801573FA-LeaderElection4] INFO  impl.LeaderElection (LeaderElection.java:askForVotes(448)) - s0@group-49D6801573FA-LeaderElection4 ELECTION round 0: submit vote requests at term 2 for conf: {index: -1, cur=peers:[s0|localhost:15000, s1|localhost:15004, s2|localhost:15008]|listeners:[], old=null}
2025-09-29 07:14:42,190 [grpc-default-executor-7] INFO  server.RaftServer$Division (RaftServerImpl.java:requestVote(1433)) - s1@group-49D6801573FA: receive requestVote(ELECTION, s0, group-49D6801573FA, 2, <PROTO_DEFAULT>)
2025-09-29 07:14:42,190 [grpc-default-executor-7] INFO  impl.VoteContext (VoteContext.java:log(49)) - s1@group-49D6801573FA-FOLLOWER: accept ELECTION from s0: our priority 0 <= candidate's priority 0
2025-09-29 07:14:42,190 [grpc-default-executor-7] INFO  server.RaftServer$Division (RaftServerImpl.java:setRole(392)) - s1@group-49D6801573FA: changes role from  FOLLOWER to FOLLOWER at term 1 for candidate:s0
2025-09-29 07:14:42,190 [grpc-default-executor-7] INFO  impl.RoleInfo (RoleInfo.java:shutdownFollowerState(121)) - s1: shutdown s1@group-49D6801573FA-FollowerState
2025-09-29 07:14:42,190 [grpc-default-executor-7] INFO  impl.RoleInfo (RoleInfo.java:updateAndGet(148)) - s1: start s1@group-49D6801573FA-FollowerState
2025-09-29 07:14:42,191 [grpc-default-executor-7] TRACE util.FileUtils (LogUtils.java:supplyAndLog(69)) - Successfully supplied FileChannel.open /home/runner/work/ratis/ratis/ratis-test/target/test/data/6b14e155/MiniRaftClusterWithGrpc8e200d96/s1/0b6e91af-e493-4dcf-bb01-49d6801573fa/current/raft-meta.tmp with options [CREATE, TRUNCATE_EXISTING, WRITE]: sun.nio.ch.FileChannelImpl@55d329d3
2025-09-29 07:14:42,190 [s1@group-49D6801573FA-FollowerState] INFO  impl.FollowerState (FollowerState.java:runImpl(170)) - s1@group-49D6801573FA-FollowerState was interrupted
2025-09-29 07:14:42,193 [grpc-default-executor-7] TRACE util.FileUtils (LogUtils.java:runAndLog(49)) - Successfully ran Atomic Files.move /home/runner/work/ratis/ratis/ratis-test/target/test/data/6b14e155/MiniRaftClusterWithGrpc8e200d96/s1/0b6e91af-e493-4dcf-bb01-49d6801573fa/current/raft-meta.tmp to /home/runner/work/ratis/ratis/ratis-test/target/test/data/6b14e155/MiniRaftClusterWithGrpc8e200d96/s1/0b6e91af-e493-4dcf-bb01-49d6801573fa/current/raft-meta with options [REPLACE_EXISTING]
2025-09-29 07:14:42,193 [grpc-default-executor-12] INFO  server.RaftServer$Division (RaftServerImpl.java:requestVote(1433)) - s2@group-49D6801573FA: receive requestVote(ELECTION, s0, group-49D6801573FA, 2, <PROTO_DEFAULT>)
2025-09-29 07:14:42,193 [grpc-default-executor-12] INFO  impl.VoteContext (VoteContext.java:log(49)) - s2@group-49D6801573FA-FOLLOWER: accept ELECTION from s0: our priority 0 <= candidate's priority 0
2025-09-29 07:14:42,193 [grpc-default-executor-12] INFO  server.RaftServer$Division (RaftServerImpl.java:setRole(392)) - s2@group-49D6801573FA: changes role from  FOLLOWER to FOLLOWER at term 1 for candidate:s0
2025-09-29 07:14:42,193 [grpc-default-executor-12] INFO  impl.RoleInfo (RoleInfo.java:shutdownFollowerState(121)) - s2: shutdown s2@group-49D6801573FA-FollowerState
2025-09-29 07:14:42,194 [grpc-default-executor-12] INFO  impl.RoleInfo (RoleInfo.java:updateAndGet(148)) - s2: start s2@group-49D6801573FA-FollowerState
2025-09-29 07:14:42,193 [grpc-default-executor-7] INFO  server.RaftServer$Division (RaftServerImpl.java:requestVote(1467)) - s1@group-49D6801573FA replies to ELECTION vote request: s0<-s1#0:OK-t2-last:<INITIAL_VALUE>. Peer's state: s1@group-49D6801573FA:t2, leader=null, voted=s0, raftlog=Memoized:s1@group-49D6801573FA-SegmentedRaftLog:OPENED:c-1:lastnull, conf=conf: {index: -1, cur=peers:[s0|localhost:15000, s1|localhost:15004, s2|localhost:15008]|listeners:[], old=null}
2025-09-29 07:14:42,194 [s2@group-49D6801573FA-FollowerState] INFO  impl.FollowerState (FollowerState.java:runImpl(170)) - s2@group-49D6801573FA-FollowerState was interrupted
2025-09-29 07:14:42,194 [grpc-default-executor-12] TRACE util.FileUtils (LogUtils.java:supplyAndLog(69)) - Successfully supplied FileChannel.open /home/runner/work/ratis/ratis/ratis-test/target/test/data/6b14e155/MiniRaftClusterWithGrpc8e200d96/s2/0b6e91af-e493-4dcf-bb01-49d6801573fa/current/raft-meta.tmp with options [CREATE, TRUNCATE_EXISTING, WRITE]: sun.nio.ch.FileChannelImpl@658b3f11
2025-09-29 07:14:42,196 [grpc-default-executor-12] TRACE util.FileUtils (LogUtils.java:runAndLog(49)) - Successfully ran Atomic Files.move /home/runner/work/ratis/ratis/ratis-test/target/test/data/6b14e155/MiniRaftClusterWithGrpc8e200d96/s2/0b6e91af-e493-4dcf-bb01-49d6801573fa/current/raft-meta.tmp to /home/runner/work/ratis/ratis/ratis-test/target/test/data/6b14e155/MiniRaftClusterWithGrpc8e200d96/s2/0b6e91af-e493-4dcf-bb01-49d6801573fa/current/raft-meta with options [REPLACE_EXISTING]
2025-09-29 07:14:42,196 [grpc-default-executor-12] INFO  server.RaftServer$Division (RaftServerImpl.java:requestVote(1467)) - s2@group-49D6801573FA replies to ELECTION vote request: s0<-s2#0:OK-t2-last:<INITIAL_VALUE>. Peer's state: s2@group-49D6801573FA:t2, leader=null, voted=s0, raftlog=Memoized:s2@group-49D6801573FA-SegmentedRaftLog:OPENED:c-1:lastnull, conf=conf: {index: -1, cur=peers:[s0|localhost:15000, s1|localhost:15004, s2|localhost:15008]|listeners:[], old=null}
2025-09-29 07:14:42,197 [s0@group-49D6801573FA-LeaderElection4] INFO  impl.LeaderElection (LeaderElection.java:logAndReturn(206)) - s0@group-49D6801573FA-LeaderElection4: ELECTION PASSED received 1 response(s) and 0 exception(s):
2025-09-29 07:14:42,197 [s0@group-49D6801573FA-LeaderElection4] INFO  impl.LeaderElection (LeaderElection.java:logAndReturn(210)) -   Response 0: s0<-s1#0:OK-t2-last:<INITIAL_VALUE>
2025-09-29 07:14:42,197 [s0@group-49D6801573FA-LeaderElection4] INFO  impl.LeaderElection (LeaderElection.java:askForVotes(450)) - s0@group-49D6801573FA-LeaderElection4 ELECTION round 0: result PASSED
2025-09-29 07:14:42,197 [s0@group-49D6801573FA-LeaderElection4] INFO  impl.RoleInfo (RoleInfo.java:shutdownLeaderElection(141)) - s0: shutdown s0@group-49D6801573FA-LeaderElection4
2025-09-29 07:14:42,198 [s0@group-49D6801573FA-LeaderElection4] INFO  server.RaftServer$Division (RaftServerImpl.java:setRole(392)) - s0@group-49D6801573FA: changes role from CANDIDATE to LEADER at term 2 for changeToLeader
2025-09-29 07:14:42,207 [s0@group-49D6801573FA-LeaderElection4] INFO  server.RaftServerConfigKeys (ConfUtils.java:logGet(62)) - raft.server.staging.catchup.gap = 1000 (default)
2025-09-29 07:14:42,207 [s0@group-49D6801573FA-LeaderElection4] INFO  server.RaftServerConfigKeys (ConfUtils.java:logFallback(69)) - raft.server.staging.timeout = 900ms (fallback to raft.server.rpc.timeout.max)
2025-09-29 07:14:42,212 [s0@group-49D6801573FA-LeaderElection4] INFO  server.RaftServerConfigKeys (ConfUtils.java:logGet(62)) - raft.server.write.element-limit = 4096 (default)
2025-09-29 07:14:42,212 [s0@group-49D6801573FA-LeaderElection4] INFO  server.RaftServerConfigKeys (ConfUtils.java:logGet(62)) - raft.server.write.byte-limit = 64MB (=67108864) (default)
2025-09-29 07:14:42,216 [s0@group-49D6801573FA-LeaderElection4] INFO  server.RaftServerConfigKeys (ConfUtils.java:logGet(62)) - raft.server.watch.timeout = 10s (default)
2025-09-29 07:14:42,216 [s0@group-49D6801573FA-LeaderElection4] INFO  server.RaftServerConfigKeys (ConfUtils.java:logGet(62)) - raft.server.watch.timeout.denomination = 1s (default)
2025-09-29 07:14:42,217 [s0@group-49D6801573FA-LeaderElection4] INFO  server.RaftServerConfigKeys (ConfUtils.java:logGet(62)) - raft.server.watch.element-limit = 65536 (default)
2025-09-29 07:14:42,225 [s0@group-49D6801573FA-LeaderElection4] INFO  server.RaftServerConfigKeys (ConfUtils.java:logGet(62)) - raft.server.read.leader.lease.enabled = false (default)
2025-09-29 07:14:42,227 [s0@group-49D6801573FA-LeaderElection4] INFO  server.RaftServerConfigKeys (ConfUtils.java:logGet(62)) - raft.server.read.leader.lease.timeout.ratio = 0.9 (default)
2025-09-29 07:14:42,227 [s0@group-49D6801573FA-LeaderElection4] INFO  server.RaftServerConfigKeys (ConfUtils.java:logGet(62)) - raft.server.log.log-metadata.enabled = true (default)
2025-09-29 07:14:42,228 [s0@group-49D6801573FA-LeaderElection4] INFO  server.RaftServerConfigKeys (ConfUtils.java:logGet(62)) - raft.server.write.follower.gap.ratio.max = -1.0 (default)
2025-09-29 07:14:42,239 [s0@group-49D6801573FA-LeaderElection4] INFO  server.RaftServerConfigKeys (ConfUtils.java:logGet(62)) - raft.server.log.appender.snapshot.chunk.size.max = 16MB (=16777216) (default)
2025-09-29 07:14:42,239 [s0@group-49D6801573FA-LeaderElection4] INFO  server.RaftServerConfigKeys (ConfUtils.java:logGet(62)) - raft.server.log.appender.buffer.element-limit = 0 (default)
2025-09-29 07:14:42,241 [s0@group-49D6801573FA-LeaderElection4] INFO  server.RaftServerConfigKeys (ConfUtils.java:logGet(62)) - raft.server.log.appender.wait-time.min = 1ms (default)
2025-09-29 07:14:42,242 [s0@group-49D6801573FA-LeaderElection4] INFO  grpc.GrpcConfigKeys (ConfUtils.java:logGet(62)) - raft.grpc.server.leader.outstanding.appends.max = 8 (default)
2025-09-29 07:14:42,243 [s0@group-49D6801573FA-LeaderElection4] INFO  grpc.GrpcConfigKeys (ConfUtils.java:logGet(62)) - raft.grpc.server.install_snapshot.request.element-limit = 8 (default)
2025-09-29 07:14:42,243 [s0@group-49D6801573FA-LeaderElection4] INFO  grpc.GrpcConfigKeys (ConfUtils.java:logGet(62)) - raft.grpc.server.install_snapshot.request.timeout = 3000ms (default)
2025-09-29 07:14:42,243 [s0@group-49D6801573FA-LeaderElection4] INFO  grpc.GrpcConfigKeys (ConfUtils.java:logGet(62)) - raft.grpc.server.log-message.batch.duration = 5s (default)
2025-09-29 07:14:42,248 [s0@group-49D6801573FA-LeaderElection4] INFO  impl.RoleInfo (RoleInfo.java:updateAndGet(148)) - s0: start s0@group-49D6801573FA-LeaderStateImpl
2025-09-29 07:14:42,248 [s0@group-49D6801573FA-LeaderElection4] INFO  server.RaftServer$Division (ServerState.java:setLeader(277)) - s0@group-49D6801573FA: change Leader from null to s0 at term 2 for becomeLeader, leader elected after 1564ms
2025-09-29 07:14:42,273 [s0@group-49D6801573FA-LeaderElection4] INFO  segmented.SegmentedRaftLogWorker (SegmentedRaftLogWorker.java:startLogSegment(440)) - s0@group-49D6801573FA-SegmentedRaftLogWorker: Starting segment from index:0
2025-09-29 07:14:42,287 [s0@group-49D6801573FA-LeaderElection4] INFO  server.RaftServer$Division (ServerState.java:setRaftConf(391)) - s0@group-49D6801573FA: set configuration conf: {index: 0, cur=peers:[s0|localhost:15000, s1|localhost:15004, s2|localhost:15008]|listeners:[], old=null}
2025-09-29 07:14:42,313 [s0@group-49D6801573FA-SegmentedRaftLogWorker] INFO  segmented.BufferedWriteChannel (BufferedWriteChannel.java:open(61)) - open log_inprogress_0 at position 0
2025-09-29 07:14:42,324 [s0@group-49D6801573FA-SegmentedRaftLogWorker] INFO  segmented.SegmentedRaftLogWorker (SegmentedRaftLogWorker.java:execute(647)) - s0@group-49D6801573FA-SegmentedRaftLogWorker: created new log segment /home/runner/work/ratis/ratis/ratis-test/target/test/data/6b14e155/MiniRaftClusterWithGrpc8e200d96/s0/0b6e91af-e493-4dcf-bb01-49d6801573fa/current/log_inprogress_0
2025-09-29 07:14:42,325 [grpc-default-executor-7] INFO  server.RaftServer$Division (ServerState.java:setLeader(277)) - s1@group-49D6801573FA: change Leader from null to s0 at term 2 for appendEntries, leader elected after 1641ms
2025-09-29 07:14:42,325 [grpc-default-executor-12] INFO  server.RaftServer$Division (ServerState.java:setLeader(277)) - s2@group-49D6801573FA: change Leader from null to s0 at term 2 for appendEntries, leader elected after 1642ms
2025-09-29 07:14:42,373 [main] WARN  ratis.RaftTestUtil (RaftTestUtil.java:lambda$waitForLeader$3(126)) - Attempt #4 failed: java.lang.IllegalStateException: Leader: s0@group-49D6801573FA not ready
2025-09-29 07:14:42,490 [grpc-default-executor-14] DEBUG server.RaftServer$Division (RaftServerImpl.java:logAppendEntries(1536)) - s1@group-49D6801573FA: appendEntries* s0->s1#1-t2,previous=<PROTO_DEFAULT>,leaderCommit=-1,initializing? false,entries: size=1, first=(t:2, i:0), CONFIGURATIONENTRY(current:id:"s0"address:"localhost:15000"dataStreamAddress:"localhost:15003"clientAddress:"localhost:15002"adminAddress:"localhost:15001"startupRole:FOLLOWER, id:"s1"address:"localhost:15004"dataStreamAddress:"localhost:15007"clientAddress:"localhost:15006"adminAddress:"localhost:15005"startupRole:FOLLOWER, id:"s2"address:"localhost:15008"dataStreamAddress:"localhost:15011"clientAddress:"localhost:15010"adminAddress:"localhost:15009"startupRole:FOLLOWER, old:)
2025-09-29 07:14:42,492 [grpc-default-executor-14] INFO  server.RaftServer$Division (ServerState.java:setRaftConf(391)) - s1@group-49D6801573FA: set configuration conf: {index: 0, cur=peers:[s0|localhost:15000, s1|localhost:15004, s2|localhost:15008]|listeners:[], old=null}
2025-09-29 07:14:42,490 [grpc-default-executor-0] DEBUG server.RaftServer$Division (RaftServerImpl.java:logAppendEntries(1536)) - s2@group-49D6801573FA: appendEntries* s0->s2#1-t2,previous=<PROTO_DEFAULT>,leaderCommit=-1,initializing? false,entries: size=1, first=(t:2, i:0), CONFIGURATIONENTRY(current:id:"s0"address:"localhost:15000"dataStreamAddress:"localhost:15003"clientAddress:"localhost:15002"adminAddress:"localhost:15001"startupRole:FOLLOWER, id:"s1"address:"localhost:15004"dataStreamAddress:"localhost:15007"clientAddress:"localhost:15006"adminAddress:"localhost:15005"startupRole:FOLLOWER, id:"s2"address:"localhost:15008"dataStreamAddress:"localhost:15011"clientAddress:"localhost:15010"adminAddress:"localhost:15009"startupRole:FOLLOWER, old:)
2025-09-29 07:14:42,492 [grpc-default-executor-0] INFO  server.RaftServer$Division (ServerState.java:setRaftConf(391)) - s2@group-49D6801573FA: set configuration conf: {index: 0, cur=peers:[s0|localhost:15000, s1|localhost:15004, s2|localhost:15008]|listeners:[], old=null}
2025-09-29 07:14:42,496 [s2-server-thread1] INFO  segmented.SegmentedRaftLogWorker (SegmentedRaftLogWorker.java:startLogSegment(440)) - s2@group-49D6801573FA-SegmentedRaftLogWorker: Starting segment from index:0
2025-09-29 07:14:42,496 [s1-server-thread1] INFO  segmented.SegmentedRaftLogWorker (SegmentedRaftLogWorker.java:startLogSegment(440)) - s1@group-49D6801573FA-SegmentedRaftLogWorker: Starting segment from index:0
2025-09-29 07:14:42,498 [s1@group-49D6801573FA-SegmentedRaftLogWorker] INFO  segmented.BufferedWriteChannel (BufferedWriteChannel.java:open(61)) - open log_inprogress_0 at position 0
2025-09-29 07:14:42,499 [s2@group-49D6801573FA-SegmentedRaftLogWorker] INFO  segmented.BufferedWriteChannel (BufferedWriteChannel.java:open(61)) - open log_inprogress_0 at position 0
2025-09-29 07:14:42,508 [s1@group-49D6801573FA-SegmentedRaftLogWorker] INFO  segmented.SegmentedRaftLogWorker (SegmentedRaftLogWorker.java:execute(647)) - s1@group-49D6801573FA-SegmentedRaftLogWorker: created new log segment /home/runner/work/ratis/ratis/ratis-test/target/test/data/6b14e155/MiniRaftClusterWithGrpc8e200d96/s1/0b6e91af-e493-4dcf-bb01-49d6801573fa/current/log_inprogress_0
2025-09-29 07:14:42,508 [s2@group-49D6801573FA-SegmentedRaftLogWorker] INFO  segmented.SegmentedRaftLogWorker (SegmentedRaftLogWorker.java:execute(647)) - s2@group-49D6801573FA-SegmentedRaftLogWorker: created new log segment /home/runner/work/ratis/ratis/ratis-test/target/test/data/6b14e155/MiniRaftClusterWithGrpc8e200d96/s2/0b6e91af-e493-4dcf-bb01-49d6801573fa/current/log_inprogress_0
2025-09-29 07:14:42,511 [s2-server-thread1] DEBUG server.RaftServer$Division (RaftServerImpl.java:logAppendEntries(1536)) - s2@group-49D6801573FA: appendEntries* reply s0<-s2#1:OK-t2,SUCCESS,nextIndex=1,followerCommit=-1,matchIndex=0
2025-09-29 07:14:42,511 [s1-server-thread1] DEBUG server.RaftServer$Division (RaftServerImpl.java:logAppendEntries(1536)) - s1@group-49D6801573FA: appendEntries* reply s0<-s1#1:OK-t2,SUCCESS,nextIndex=1,followerCommit=-1,matchIndex=0
2025-09-29 07:14:42,518 [s0@group-49D6801573FA-StateMachineUpdater] TRACE util.FileUtils (LogUtils.java:supplyAndLog(69)) - Successfully supplied FileChannel.open /home/runner/work/ratis/ratis/ratis-test/target/test/data/6b14e155/MiniRaftClusterWithGrpc8e200d96/s0/0b6e91af-e493-4dcf-bb01-49d6801573fa/current/raft-meta.conf.tmp with options [CREATE, TRUNCATE_EXISTING, WRITE]: sun.nio.ch.FileChannelImpl@38f84816
2025-09-29 07:14:42,521 [s0@group-49D6801573FA-StateMachineUpdater] TRACE util.FileUtils (LogUtils.java:runAndLog(49)) - Successfully ran Atomic Files.move /home/runner/work/ratis/ratis/ratis-test/target/test/data/6b14e155/MiniRaftClusterWithGrpc8e200d96/s0/0b6e91af-e493-4dcf-bb01-49d6801573fa/current/raft-meta.conf.tmp to /home/runner/work/ratis/ratis/ratis-test/target/test/data/6b14e155/MiniRaftClusterWithGrpc8e200d96/s0/0b6e91af-e493-4dcf-bb01-49d6801573fa/current/raft-meta.conf with options [REPLACE_EXISTING]
2025-09-29 07:14:42,521 [s0@group-49D6801573FA-StateMachineUpdater] INFO  server.RaftServer$Division (LeaderStateImpl.java:checkStartIndex(309)) - Leader s0@group-49D6801573FA-LeaderStateImpl is ready since appliedIndex == startIndex == 0
2025-09-29 07:14:42,594 [s2@group-49D6801573FA-StateMachineUpdater] TRACE util.FileUtils (LogUtils.java:supplyAndLog(69)) - Successfully supplied FileChannel.open /home/runner/work/ratis/ratis/ratis-test/target/test/data/6b14e155/MiniRaftClusterWithGrpc8e200d96/s2/0b6e91af-e493-4dcf-bb01-49d6801573fa/current/raft-meta.conf.tmp with options [CREATE, TRUNCATE_EXISTING, WRITE]: sun.nio.ch.FileChannelImpl@2a13b3b4
2025-09-29 07:14:42,594 [s1@group-49D6801573FA-StateMachineUpdater] TRACE util.FileUtils (LogUtils.java:supplyAndLog(69)) - Successfully supplied FileChannel.open /home/runner/work/ratis/ratis/ratis-test/target/test/data/6b14e155/MiniRaftClusterWithGrpc8e200d96/s1/0b6e91af-e493-4dcf-bb01-49d6801573fa/current/raft-meta.conf.tmp with options [CREATE, TRUNCATE_EXISTING, WRITE]: sun.nio.ch.FileChannelImpl@5f6d336d
2025-09-29 07:14:42,597 [s2@group-49D6801573FA-StateMachineUpdater] TRACE util.FileUtils (LogUtils.java:runAndLog(49)) - Successfully ran Atomic Files.move /home/runner/work/ratis/ratis/ratis-test/target/test/data/6b14e155/MiniRaftClusterWithGrpc8e200d96/s2/0b6e91af-e493-4dcf-bb01-49d6801573fa/current/raft-meta.conf.tmp to /home/runner/work/ratis/ratis/ratis-test/target/test/data/6b14e155/MiniRaftClusterWithGrpc8e200d96/s2/0b6e91af-e493-4dcf-bb01-49d6801573fa/current/raft-meta.conf with options [REPLACE_EXISTING]
2025-09-29 07:14:42,598 [s1@group-49D6801573FA-StateMachineUpdater] TRACE util.FileUtils (LogUtils.java:runAndLog(49)) - Successfully ran Atomic Files.move /home/runner/work/ratis/ratis/ratis-test/target/test/data/6b14e155/MiniRaftClusterWithGrpc8e200d96/s1/0b6e91af-e493-4dcf-bb01-49d6801573fa/current/raft-meta.conf.tmp to /home/runner/work/ratis/ratis/ratis-test/target/test/data/6b14e155/MiniRaftClusterWithGrpc8e200d96/s1/0b6e91af-e493-4dcf-bb01-49d6801573fa/current/raft-meta.conf with options [REPLACE_EXISTING]
2025-09-29 07:14:42,825 [main] INFO  ratis.RaftTestUtil (RaftTestUtil.java:waitForLeader(131)) - printing ALL groups
  s0:  RUNNING    LEADER (RUNNING): s0@group-49D6801573FA:t2, leader=s0, voted=s0, raftlog=Memoized:s0@group-49D6801573FA-SegmentedRaftLog:OPENED:c0:last(t:2, i:0), conf=conf: {index: 0, cur=peers:[s0|localhost:15000, s1|localhost:15004, s2|localhost:15008]|listeners:[], old=null}
  s1:  RUNNING  FOLLOWER (RUNNING): s1@group-49D6801573FA:t2, leader=s0, voted=s0, raftlog=Memoized:s1@group-49D6801573FA-SegmentedRaftLog:OPENED:c0:last(t:2, i:0), conf=conf: {index: 0, cur=peers:[s0|localhost:15000, s1|localhost:15004, s2|localhost:15008]|listeners:[], old=null}
  s2:  RUNNING  FOLLOWER (RUNNING): s2@group-49D6801573FA:t2, leader=s0, voted=s0, raftlog=Memoized:s2@group-49D6801573FA-SegmentedRaftLog:OPENED:c0:last(t:2, i:0), conf=conf: {index: 0, cur=peers:[s0|localhost:15000, s1|localhost:15004, s2|localhost:15008]|listeners:[], old=null}
2025-09-29 07:14:42,909 [s0-client-thread1] DEBUG server.RaftServer$Division (RaftServerImpl.java:submitClientRequestAsync(939)) - s0@group-49D6801573FA: receive client request(RaftClientRequest:client-567A37F8B8FF->s0@group-49D6801573FA, cid=1, seq=null, RW, Message:494e4352454d454e54)
2025-09-29 07:14:42,930 [s0-client-thread1] DEBUG server.RaftServer$Division (LeaderStateImpl.java:addPendingRequest(526)) - s0@group-49D6801573FA-LeaderStateImpl: addPendingRequest at RaftClientRequest:client-567A37F8B8FF->s0@group-49D6801573FA, cid=1, seq=null, RW, Message:494e4352454d454e54, entry=(t:2, i:1), STATEMACHINELOGENTRY, WRITE: logData.size=9, stateMachineData.size=0, logEntryProtoSerializedSize=0
2025-09-29 07:14:42,964 [grpc-default-executor-14] DEBUG server.RaftServer$Division (RaftServerImpl.java:logAppendEntries(1536)) - s1@group-49D6801573FA: appendEntries* s0->s1#11-t2,previous=(t:2, i:0),leaderCommit=0,initializing? false,entries: size=1, first=(t:2, i:1), STATEMACHINELOGENTRY, StateMachineLogEntryProto:1@client-567A37F8B8FF
2025-09-29 07:14:42,964 [grpc-default-executor-12] DEBUG server.RaftServer$Division (RaftServerImpl.java:logAppendEntries(1536)) - s2@group-49D6801573FA: appendEntries* s0->s2#11-t2,previous=(t:2, i:0),leaderCommit=0,initializing? false,entries: size=1, first=(t:2, i:1), STATEMACHINELOGENTRY, StateMachineLogEntryProto:1@client-567A37F8B8FF
2025-09-29 07:14:42,967 [s1-server-thread1] DEBUG server.RaftServer$Division (RaftServerImpl.java:logAppendEntries(1536)) - s1@group-49D6801573FA: appendEntries* reply s0<-s1#11:OK-t2,SUCCESS,nextIndex=2,followerCommit=0,matchIndex=1
2025-09-29 07:14:42,967 [s2-server-thread1] DEBUG server.RaftServer$Division (RaftServerImpl.java:logAppendEntries(1536)) - s2@group-49D6801573FA: appendEntries* reply s0<-s2#11:OK-t2,SUCCESS,nextIndex=2,followerCommit=0,matchIndex=1
2025-09-29 07:14:42,970 [s0@group-49D6801573FA-StateMachineUpdater] INFO  statemachine.StateMachine (ReadOnlyRequestTests.java:applyTransaction(375)) - receive command: INCREMENT
2025-09-29 07:14:42,977 [grpc-default-executor-12] DEBUG server.RaftServer$Division (RaftServerImpl.java:logAppendEntries(1536)) - s2@group-49D6801573FA: appendEntries* s0->s2#12-t2,previous=(t:2, i:1),leaderCommit=1,initializing? false,entries: size=1, first=(t:2, i:2), METADATAENTRY(c:1)
2025-09-29 07:14:42,979 [grpc-default-executor-14] DEBUG server.RaftServer$Division (RaftServerImpl.java:logAppendEntries(1536)) - s1@group-49D6801573FA: appendEntries* s0->s1#12-t2,previous=(t:2, i:1),leaderCommit=1,initializing? false,entries: size=1, first=(t:2, i:2), METADATAENTRY(c:1)
2025-09-29 07:14:42,981 [s1@group-49D6801573FA-StateMachineUpdater] INFO  statemachine.StateMachine (ReadOnlyRequestTests.java:applyTransaction(375)) - receive command: INCREMENT
2025-09-29 07:14:42,983 [s2@group-49D6801573FA-StateMachineUpdater] INFO  statemachine.StateMachine (ReadOnlyRequestTests.java:applyTransaction(375)) - receive command: INCREMENT
2025-09-29 07:14:42,984 [s1-server-thread1] DEBUG server.RaftServer$Division (RaftServerImpl.java:logAppendEntries(1536)) - s1@group-49D6801573FA: appendEntries* reply s0<-s1#12:OK-t2,SUCCESS,nextIndex=3,followerCommit=1,matchIndex=2
2025-09-29 07:14:42,984 [s2-server-thread1] DEBUG server.RaftServer$Division (RaftServerImpl.java:logAppendEntries(1536)) - s2@group-49D6801573FA: appendEntries* reply s0<-s2#12:OK-t2,SUCCESS,nextIndex=3,followerCommit=1,matchIndex=2
2025-09-29 07:14:43,012 [s1-client-thread1] DEBUG server.RaftServer$Division (RaftServerImpl.java:submitClientRequestAsync(939)) - s1@group-49D6801573FA: receive client request(RaftClientRequest:client-8C1215F318A2->s1@group-49D6801573FA, cid=2, seq=null, RO, Message:5155455259)
2025-09-29 07:14:43,027 [s0-server-thread1] DEBUG server.RaftServer$Division (LeaderStateImpl.java:getReadIndex(1147)) - readIndex=2, readAfterWriteConsistentIndex=null
2025-09-29 07:14:43,059 [s0-server-thread1] INFO  server.RaftServer$Division (RaftServerImpl.java:stepDownLeaderAsync(1305)) - s0@group-49D6801573FA receive stepDown leader request TransferLeadershipRequest:client-567A37F8B8FF->s0@group-49D6801573FA, cid=3, seq=null, RO, null
2025-09-29 07:14:43,061 [s0@group-49D6801573FA-LeaderStateImpl] INFO  server.RaftServer$Division (RaftServerImpl.java:setRole(392)) - s0@group-49D6801573FA: changes role from    LEADER to FOLLOWER at term 2 for StepDownReason:FORCE
2025-09-29 07:14:43,062 [s0@group-49D6801573FA-LeaderStateImpl] INFO  impl.RoleInfo (RoleInfo.java:shutdownLeaderState(103)) - s0: shutdown s0@group-49D6801573FA-LeaderStateImpl
2025-09-29 07:14:43,063 [s0@group-49D6801573FA->s1-GrpcLogAppender-LogAppenderDaemon] WARN  server.GrpcLogAppender (GrpcLogAppender.java:mayWait(300)) - s0@group-49D6801573FA->s1-GrpcLogAppender: Wait interrupted by java.lang.InterruptedException
2025-09-29 07:14:43,064 [s0@group-49D6801573FA->s2-GrpcLogAppender-LogAppenderDaemon] WARN  server.GrpcLogAppender (GrpcLogAppender.java:mayWait(300)) - s0@group-49D6801573FA->s2-GrpcLogAppender: Wait interrupted by java.lang.InterruptedException
2025-09-29 07:14:43,065 [s0@group-49D6801573FA-LeaderStateImpl] INFO  impl.PendingRequests (PendingRequests.java:sendNotLeaderResponses(281)) - s0@group-49D6801573FA-PendingRequests: sendNotLeaderResponses
2025-09-29 07:14:43,069 [s0@group-49D6801573FA-LeaderStateImpl] INFO  server.RaftServer$Division (ServerState.java:setLeader(277)) - s0@group-49D6801573FA: change Leader from s0 to null at term 2 for StepDownReason:FORCE
2025-09-29 07:14:43,069 [s0@group-49D6801573FA-LeaderStateImpl] INFO  impl.RoleInfo (RoleInfo.java:updateAndGet(148)) - s0: start s0@group-49D6801573FA-FollowerState
2025-09-29 07:14:43,070 [grpc-default-executor-12] INFO  server.GrpcServerProtocolService (GrpcServerProtocolService.java:lambda$onCompleted$6(174)) - s1: Completed APPEND_ENTRIES, lastRequest: null 
2025-09-29 07:14:43,071 [grpc-default-executor-14] INFO  server.GrpcServerProtocolService (GrpcServerProtocolService.java:lambda$onCompleted$6(174)) - s2: Completed APPEND_ENTRIES, lastRequest: null 
2025-09-29 07:14:43,071 [s0@group-49D6801573FA-LeaderStateImpl] INFO  impl.PendingStepDown (PendingStepDown.java:complete(55)) - Successfully step down leader at s0@group-49D6801573FA-LeaderStateImpl for request TransferLeadershipRequest:client-567A37F8B8FF->s0@group-49D6801573FA, cid=3, seq=null, RO, null
2025-09-29 07:14:43,076 [grpc-default-executor-12] INFO  server.GrpcLogAppender (GrpcLogAppender.java:onCompleted(558)) - s0@group-49D6801573FA->s2-AppendLogResponseHandler: follower responses appendEntries COMPLETED
2025-09-29 07:14:43,076 [grpc-default-executor-0] INFO  server.GrpcLogAppender (GrpcLogAppender.java:onCompleted(558)) - s0@group-49D6801573FA->s1-AppendLogResponseHandler: follower responses appendEntries COMPLETED
2025-09-29 07:14:43,084 [s1-client-thread1] DEBUG server.RaftServer$Division (RaftServerImpl.java:submitClientRequestAsync(939)) - s1@group-49D6801573FA: receive client request(RaftClientRequest:client-8C1215F318A2->s1@group-49D6801573FA, cid=4, seq=null, RO, Message:5155455259)
2025-09-29 07:14:43,092 [null-request--thread1] INFO  server.GrpcClientProtocolService (GrpcClientProtocolService.java:lambda$processClientRequest$0(284)) - Failed RaftClientRequest:client-8C1215F318A2->s1@group-49D6801573FA, cid=4, seq=null, RO, Message:5155455259, reply=RaftClientReply:client-8C1215F318A2->s1@group-49D6801573FA, cid=4, FAILED org.apache.ratis.protocol.exceptions.ReadIndexException: s1: Failed to get read index from the leader: serverReply {
  requestorId: "s1"
  replyId: "s0"
  raftGroupId {
    id: "\vn\221\257\344\223M\317\273\001I\326\200\025s\372"
  }
}
readIndex: 18446744073709551615
, logIndex=0, commits[s1:c2, s0:c2, s2:c1]
2025-09-29 07:14:43,124 [main] INFO  impl.MiniRaftCluster (MiniRaftCluster.java:shutdown(824)) - ************************************************************** 
2025-09-29 07:14:43,125 [main] INFO  impl.MiniRaftCluster (MiniRaftCluster.java:shutdown(825)) - *** 
2025-09-29 07:14:43,126 [main] INFO  impl.MiniRaftCluster (MiniRaftCluster.java:shutdown(826)) - ***     Stopping MiniRaftClusterWithGrpc
2025-09-29 07:14:43,126 [main] INFO  impl.MiniRaftCluster (MiniRaftCluster.java:shutdown(827)) - *** 
2025-09-29 07:14:43,126 [main] INFO  impl.MiniRaftCluster (MiniRaftCluster.java:shutdown(828)) - ************************************************************** 
2025-09-29 07:14:43,127 [main] INFO  impl.MiniRaftCluster (MiniRaftCluster.java:shutdown(829)) - printing ALL groups
  s0:  RUNNING  FOLLOWER (RUNNING): s0@group-49D6801573FA:t2, leader=null, voted=s0, raftlog=Memoized:s0@group-49D6801573FA-SegmentedRaftLog:OPENED:c2:last(t:2, i:2), conf=conf: {index: 0, cur=peers:[s0|localhost:15000, s1|localhost:15004, s2|localhost:15008]|listeners:[], old=null}
  s1:  RUNNING  FOLLOWER (RUNNING): s1@group-49D6801573FA:t2, leader=s0, voted=s0, raftlog=Memoized:s1@group-49D6801573FA-SegmentedRaftLog:OPENED:c2:last(t:2, i:2), conf=conf: {index: 0, cur=peers:[s0|localhost:15000, s1|localhost:15004, s2|localhost:15008]|listeners:[], old=null}
  s2:  RUNNING  FOLLOWER (RUNNING): s2@group-49D6801573FA:t2, leader=s0, voted=s0, raftlog=Memoized:s2@group-49D6801573FA-SegmentedRaftLog:OPENED:c2:last(t:2, i:2), conf=conf: {index: 0, cur=peers:[s0|localhost:15000, s1|localhost:15004, s2|localhost:15008]|listeners:[], old=null}
2025-09-29 07:14:43,129 [MiniRaftCluster-1] INFO  server.RaftServer (RaftServerProxy.java:lambda$close$9(425)) - s0: close
2025-09-29 07:14:43,130 [MiniRaftCluster-3] INFO  server.RaftServer (RaftServerProxy.java:lambda$close$9(425)) - s2: close
2025-09-29 07:14:43,129 [MiniRaftCluster-2] INFO  server.RaftServer (RaftServerProxy.java:lambda$close$9(425)) - s1: close
2025-09-29 07:14:43,132 [MiniRaftCluster-1] INFO  server.GrpcServicesImpl (GrpcServicesImpl.java:closeImpl(347)) - s0: shutdown server org.apache.ratis.grpc.server.GrpcClientProtocolService now
2025-09-29 07:14:43,132 [MiniRaftCluster-3] INFO  server.GrpcServicesImpl (GrpcServicesImpl.java:closeImpl(347)) - s2: shutdown server org.apache.ratis.grpc.server.GrpcClientProtocolService now
2025-09-29 07:14:43,133 [s0-impl-thread1] INFO  server.RaftServer$Division (RaftServerImpl.java:lambda$close$1(527)) - s0@group-49D6801573FA: shutdown
2025-09-29 07:14:43,133 [s0-impl-thread1] INFO  util.JmxRegister (JmxRegister.java:unregister(74)) - Successfully un-registered JMX Bean with object name Ratis:service=RaftServer,group=group-49D6801573FA,id=s0
2025-09-29 07:14:43,133 [s0-impl-thread1] INFO  impl.RoleInfo (RoleInfo.java:shutdownFollowerState(121)) - s0: shutdown s0@group-49D6801573FA-FollowerState
2025-09-29 07:14:43,133 [MiniRaftCluster-2] INFO  server.GrpcServicesImpl (GrpcServicesImpl.java:closeImpl(347)) - s1: shutdown server org.apache.ratis.grpc.server.GrpcClientProtocolService now
2025-09-29 07:14:43,133 [s0@group-49D6801573FA-StateMachineUpdater] INFO  impl.StateMachineUpdater (StateMachineUpdater.java:stop(140)) - s0@group-49D6801573FA-StateMachineUpdater: closing CounterStateMachine, lastApplied=(t:2, i:2)
2025-09-29 07:14:43,133 [s0@group-49D6801573FA-FollowerState] INFO  impl.FollowerState (FollowerState.java:runImpl(170)) - s0@group-49D6801573FA-FollowerState was interrupted
2025-09-29 07:14:43,134 [s1-impl-thread1] INFO  server.RaftServer$Division (RaftServerImpl.java:lambda$close$1(527)) - s1@group-49D6801573FA: shutdown
2025-09-29 07:14:43,134 [s1-impl-thread1] INFO  util.JmxRegister (JmxRegister.java:unregister(74)) - Successfully un-registered JMX Bean with object name Ratis:service=RaftServer,group=group-49D6801573FA,id=s1
2025-09-29 07:14:43,134 [s1-impl-thread1] INFO  impl.RoleInfo (RoleInfo.java:shutdownFollowerState(121)) - s1: shutdown s1@group-49D6801573FA-FollowerState
2025-09-29 07:14:43,134 [s1-impl-thread1] INFO  impl.StateMachineUpdater (StateMachineUpdater.java:stopAndJoin(163)) - s1@group-49D6801573FA-StateMachineUpdater: set stopIndex = 2
2025-09-29 07:14:43,134 [s1@group-49D6801573FA-StateMachineUpdater] INFO  impl.StateMachineUpdater (StateMachineUpdater.java:stop(140)) - s1@group-49D6801573FA-StateMachineUpdater: closing CounterStateMachine, lastApplied=(t:2, i:2)
2025-09-29 07:14:43,134 [s0-impl-thread1] INFO  impl.StateMachineUpdater (StateMachineUpdater.java:stopAndJoin(163)) - s0@group-49D6801573FA-StateMachineUpdater: set stopIndex = 2
2025-09-29 07:14:43,135 [s2-impl-thread1] INFO  server.RaftServer$Division (RaftServerImpl.java:lambda$close$1(527)) - s2@group-49D6801573FA: shutdown
2025-09-29 07:14:43,135 [s2-impl-thread1] INFO  util.JmxRegister (JmxRegister.java:unregister(74)) - Successfully un-registered JMX Bean with object name Ratis:service=RaftServer,group=group-49D6801573FA,id=s2
2025-09-29 07:14:43,135 [s2-impl-thread1] INFO  impl.RoleInfo (RoleInfo.java:shutdownFollowerState(121)) - s2: shutdown s2@group-49D6801573FA-FollowerState
2025-09-29 07:14:43,135 [s1@group-49D6801573FA-FollowerState] INFO  impl.FollowerState (FollowerState.java:runImpl(170)) - s1@group-49D6801573FA-FollowerState was interrupted
2025-09-29 07:14:43,135 [s2-impl-thread1] INFO  impl.StateMachineUpdater (StateMachineUpdater.java:stopAndJoin(163)) - s2@group-49D6801573FA-StateMachineUpdater: set stopIndex = 2
2025-09-29 07:14:43,135 [s2@group-49D6801573FA-FollowerState] INFO  impl.FollowerState (FollowerState.java:runImpl(170)) - s2@group-49D6801573FA-FollowerState was interrupted
2025-09-29 07:14:43,135 [s2@group-49D6801573FA-StateMachineUpdater] INFO  impl.StateMachineUpdater (StateMachineUpdater.java:stop(140)) - s2@group-49D6801573FA-StateMachineUpdater: closing CounterStateMachine, lastApplied=(t:2, i:2)
2025-09-29 07:14:43,136 [s0@group-49D6801573FA-cacheEviction-AwaitToRun] INFO  util.AwaitToRun (AwaitToRun.java:run(49)) - s0@group-49D6801573FA-cacheEviction-AwaitToRun-AwaitForSignal is interrupted
2025-09-29 07:14:43,136 [s1@group-49D6801573FA-cacheEviction-AwaitToRun] INFO  util.AwaitToRun (AwaitToRun.java:run(49)) - s1@group-49D6801573FA-cacheEviction-AwaitToRun-AwaitForSignal is interrupted
2025-09-29 07:14:43,136 [s2@group-49D6801573FA-cacheEviction-AwaitToRun] INFO  util.AwaitToRun (AwaitToRun.java:run(49)) - s2@group-49D6801573FA-cacheEviction-AwaitToRun-AwaitForSignal is interrupted
2025-09-29 07:14:43,141 [Thread-97] INFO  server.GrpcServerProtocolClient (GrpcServerProtocolClient.java:close(94)) - s0 Close channels
2025-09-29 07:14:43,142 [Thread-101] INFO  server.GrpcServerProtocolClient (GrpcServerProtocolClient.java:close(94)) - s1 Close channels
2025-09-29 07:14:43,142 [Thread-102] INFO  server.GrpcServerProtocolClient (GrpcServerProtocolClient.java:close(94)) - s2 Close channels
2025-09-29 07:14:43,142 [Thread-98] INFO  server.GrpcServerProtocolClient (GrpcServerProtocolClient.java:close(94)) - s1 Close channels
2025-09-29 07:14:43,144 [Thread-104] INFO  server.GrpcServerProtocolClient (GrpcServerProtocolClient.java:close(94)) - s2 Close channels
2025-09-29 07:14:43,144 [Thread-100] INFO  server.GrpcServerProtocolClient (GrpcServerProtocolClient.java:close(94)) - s0 Close channels
2025-09-29 07:14:43,151 [MiniRaftCluster-2] INFO  server.GrpcServicesImpl (GrpcServicesImpl.java:closeImpl(356)) - s1: shutdown server org.apache.ratis.grpc.server.GrpcClientProtocolService successfully
2025-09-29 07:14:43,152 [MiniRaftCluster-2] INFO  server.GrpcServicesImpl (GrpcServicesImpl.java:closeImpl(347)) - s1: shutdown server GrpcServerProtocolService now
2025-09-29 07:14:43,153 [MiniRaftCluster-3] INFO  server.GrpcServicesImpl (GrpcServicesImpl.java:closeImpl(356)) - s2: shutdown server org.apache.ratis.grpc.server.GrpcClientProtocolService successfully
2025-09-29 07:14:43,153 [MiniRaftCluster-3] INFO  server.GrpcServicesImpl (GrpcServicesImpl.java:closeImpl(347)) - s2: shutdown server GrpcServerProtocolService now
2025-09-29 07:14:43,176 [grpc-default-executor-12] INFO  server.GrpcLogAppender (GrpcLogAppender.java:onError(545)) - s0@group-49D6801573FA->s1-GrpcLogAppender is already stopped
2025-09-29 07:14:43,179 [grpc-default-executor-12] INFO  server.GrpcLogAppender (GrpcLogAppender.java:onError(545)) - s0@group-49D6801573FA->s2-GrpcLogAppender is already stopped
2025-09-29 07:14:43,179 [MiniRaftCluster-2] INFO  server.GrpcServicesImpl (GrpcServicesImpl.java:closeImpl(356)) - s1: shutdown server GrpcServerProtocolService successfully
2025-09-29 07:14:43,179 [MiniRaftCluster-2] INFO  server.GrpcServicesImpl (GrpcServicesImpl.java:closeImpl(347)) - s1: shutdown server org.apache.ratis.grpc.server.GrpcAdminProtocolService now
2025-09-29 07:14:43,179 [MiniRaftCluster-2] INFO  server.GrpcServicesImpl (GrpcServicesImpl.java:closeImpl(356)) - s1: shutdown server org.apache.ratis.grpc.server.GrpcAdminProtocolService successfully
2025-09-29 07:14:43,179 [MiniRaftCluster-3] INFO  server.GrpcServicesImpl (GrpcServicesImpl.java:closeImpl(356)) - s2: shutdown server GrpcServerProtocolService successfully
2025-09-29 07:14:43,180 [MiniRaftCluster-3] INFO  server.GrpcServicesImpl (GrpcServicesImpl.java:closeImpl(347)) - s2: shutdown server org.apache.ratis.grpc.server.GrpcAdminProtocolService now
2025-09-29 07:14:43,182 [MiniRaftCluster-1] INFO  server.GrpcServicesImpl (GrpcServicesImpl.java:closeImpl(356)) - s0: shutdown server org.apache.ratis.grpc.server.GrpcClientProtocolService successfully
2025-09-29 07:14:43,182 [MiniRaftCluster-1] INFO  server.GrpcServicesImpl (GrpcServicesImpl.java:closeImpl(347)) - s0: shutdown server GrpcServerProtocolService now
2025-09-29 07:14:43,182 [MiniRaftCluster-3] INFO  server.GrpcServicesImpl (GrpcServicesImpl.java:closeImpl(356)) - s2: shutdown server org.apache.ratis.grpc.server.GrpcAdminProtocolService successfully
2025-09-29 07:14:43,182 [MiniRaftCluster-1] INFO  server.GrpcServicesImpl (GrpcServicesImpl.java:closeImpl(356)) - s0: shutdown server GrpcServerProtocolService successfully
2025-09-29 07:14:43,182 [MiniRaftCluster-1] INFO  server.GrpcServicesImpl (GrpcServicesImpl.java:closeImpl(347)) - s0: shutdown server org.apache.ratis.grpc.server.GrpcAdminProtocolService now
2025-09-29 07:14:43,184 [MiniRaftCluster-1] INFO  server.GrpcServicesImpl (GrpcServicesImpl.java:closeImpl(356)) - s0: shutdown server org.apache.ratis.grpc.server.GrpcAdminProtocolService successfully
2025-09-29 07:14:43,975 [s0-impl-thread1] INFO  segmented.SegmentedRaftLogWorker (SegmentedRaftLogWorker.java:close(254)) - s0@group-49D6801573FA-SegmentedRaftLogWorker close()
2025-09-29 07:14:43,982 [s2-impl-thread1] INFO  segmented.SegmentedRaftLogWorker (SegmentedRaftLogWorker.java:close(254)) - s2@group-49D6801573FA-SegmentedRaftLogWorker close()
2025-09-29 07:14:43,982 [s1-impl-thread1] INFO  segmented.SegmentedRaftLogWorker (SegmentedRaftLogWorker.java:close(254)) - s1@group-49D6801573FA-SegmentedRaftLogWorker close()
2025-09-29 07:14:43,984 [JvmPauseMonitor0] INFO  util.JvmPauseMonitor (JvmPauseMonitor.java:run(152)) - JvmPauseMonitor-s0: Stopped
2025-09-29 07:14:43,986 [JvmPauseMonitor2] INFO  util.JvmPauseMonitor (JvmPauseMonitor.java:run(152)) - JvmPauseMonitor-s2: Stopped
2025-09-29 07:14:43,986 [JvmPauseMonitor1] INFO  util.JvmPauseMonitor (JvmPauseMonitor.java:run(152)) - JvmPauseMonitor-s1: Stopped
2025-09-29 07:14:43,987 [main] INFO  impl.MiniRaftCluster (MiniRaftCluster.java:shutdown(848)) - MiniRaftClusterWithGrpc shutdown completed
2025-09-29 07:14:43,988 [main] INFO  impl.MiniRaftCluster (MiniRaftCluster.java:shutdown(824)) - ************************************************************** 
2025-09-29 07:14:43,988 [main] INFO  impl.MiniRaftCluster (MiniRaftCluster.java:shutdown(825)) - *** 
2025-09-29 07:14:43,988 [main] INFO  impl.MiniRaftCluster (MiniRaftCluster.java:shutdown(826)) - ***     Stopping MiniRaftClusterWithGrpc
2025-09-29 07:14:43,988 [main] INFO  impl.MiniRaftCluster (MiniRaftCluster.java:shutdown(827)) - *** 
2025-09-29 07:14:43,988 [main] INFO  impl.MiniRaftCluster (MiniRaftCluster.java:shutdown(828)) - ************************************************************** 
2025-09-29 07:14:43,989 [main] INFO  impl.MiniRaftCluster (MiniRaftCluster.java:shutdown(829)) - printing ALL groups
  s0:   CLOSED  FOLLOWER (CLOSED): s0@group-49D6801573FA:t2, leader=null, voted=s0, raftlog=Memoized:s0@group-49D6801573FA-SegmentedRaftLog:CLOSED:c2, conf=conf: {index: 0, cur=peers:[s0|localhost:15000, s1|localhost:15004, s2|localhost:15008]|listeners:[], old=null}
  s1:   CLOSED  FOLLOWER (CLOSED): s1@group-49D6801573FA:t2, leader=s0, voted=s0, raftlog=Memoized:s1@group-49D6801573FA-SegmentedRaftLog:CLOSED:c2, conf=conf: {index: 0, cur=peers:[s0|localhost:15000, s1|localhost:15004, s2|localhost:15008]|listeners:[], old=null}
  s2:   CLOSED  FOLLOWER (CLOSED): s2@group-49D6801573FA:t2, leader=s0, voted=s0, raftlog=Memoized:s2@group-49D6801573FA-SegmentedRaftLog:CLOSED:c2, conf=conf: {index: 0, cur=peers:[s0|localhost:15000, s1|localhost:15004, s2|localhost:15008]|listeners:[], old=null}
2025-09-29 07:14:43,990 [main] INFO  impl.MiniRaftCluster (MiniRaftCluster.java:shutdown(848)) - MiniRaftClusterWithGrpc shutdown completed
]]></system-out>
  </testcase>
  <testcase name="testFollowerLinearizableRead" classname="org.apache.ratis.grpc.TestReadOnlyRequestWithGrpc" time="1.996">
    <system-out><![CDATA[2025-09-29 07:14:44,003 [main] INFO  util.LogUtils (Slf4jUtils.java:setLogLevel(38)) - Successfully set org.apache.ratis.conf.ConfUtils log level to WARN
2025-09-29 07:14:44,003 [main] INFO  util.LogUtils (Slf4jUtils.java:setLogLevel(38)) - Successfully set org.apache.ratis.util.FileUtils log level to TRACE
2025-09-29 07:14:44,003 [main] INFO  util.LogUtils (Slf4jUtils.java:setLogLevel(38)) - Successfully set org.apache.ratis.server.RaftServer$Division log level to DEBUG
2025-09-29 07:14:44,005 [main] INFO  impl.MiniRaftCluster (MiniRaftCluster.java:runWithNewCluster(136)) - Running runWithNewCluster
2025-09-29 07:14:44,006 [main] INFO  impl.MiniRaftCluster (MiniRaftCluster.java:<init>(296)) - new MiniRaftClusterWithGrpc with group-BB9A90D547DD:[s0|localhost:15012, s1|localhost:15016, s2|localhost:15020]
2025-09-29 07:14:44,007 [main] INFO  impl.MiniRaftCluster (MiniRaftCluster.java:start(329)) - .............................................................. 
2025-09-29 07:14:44,007 [main] INFO  impl.MiniRaftCluster (MiniRaftCluster.java:start(330)) - ... 
2025-09-29 07:14:44,007 [main] INFO  impl.MiniRaftCluster (MiniRaftCluster.java:start(331)) - ...     Starting MiniRaftClusterWithGrpc
2025-09-29 07:14:44,007 [main] INFO  impl.MiniRaftCluster (MiniRaftCluster.java:start(332)) - ... 
2025-09-29 07:14:44,007 [main] INFO  impl.MiniRaftCluster (MiniRaftCluster.java:start(333)) - .............................................................. 
2025-09-29 07:14:44,007 [main] INFO  impl.MiniRaftCluster (MiniRaftCluster.java:initServers(308)) - servers = {}
2025-09-29 07:14:44,008 [main] INFO  impl.MiniRaftCluster (MiniRaftCluster.java:newRaftServer(375)) - newRaftServer: s0, group-BB9A90D547DD:[s0|localhost:15012, s1|localhost:15016, s2|localhost:15020], format? true
2025-09-29 07:14:44,008 [main] TRACE util.FileUtils (FileUtils.java:deleteFully(355)) - deleteFully target/test/data/6b14e155/MiniRaftClusterWithGrpc8d8bca63/s0
2025-09-29 07:14:44,008 [main] TRACE util.FileUtils (FileUtils.java:deleteFully(368)) - deleteFully: target/test/data/6b14e155/MiniRaftClusterWithGrpc8d8bca63/s0 does not exist.
2025-09-29 07:14:44,008 [main] INFO  impl.MiniRaftCluster (MiniRaftCluster.java:newRaftServer(380)) - Formatted directory target/test/data/6b14e155/MiniRaftClusterWithGrpc8d8bca63/s0
2025-09-29 07:14:44,009 [main] INFO  server.RaftServer (VersionInfo.java:printStartupMessages(132)) - Starting Apache Ratis Test -- RaftServerProxy s0
2025-09-29 07:14:44,009 [main] INFO  server.RaftServer (VersionInfo.java:printStartupMessages(136)) -                version: 3.1.3
2025-09-29 07:14:44,010 [main] INFO  server.RaftServer (VersionInfo.java:printStartupMessages(136)) -                    url: https://github.com/apache/ratis
2025-09-29 07:14:44,010 [main] INFO  server.RaftServer (VersionInfo.java:printStartupMessages(136)) -               revision: d902c593e11de03b157527cf3ee9a12cdd9ad451
2025-09-29 07:14:44,010 [main] INFO  server.RaftServer (VersionInfo.java:printStartupMessages(139)) -                   java: OpenJDK 64-Bit Server VM 1.8.0_462-b08
2025-09-29 07:14:44,010 [main] INFO  server.RaftServer (VersionInfo.java:printStartupMessages(139)) -                   user: runner
2025-09-29 07:14:44,010 [main] INFO  grpc.GrpcConfigKeys (ConfUtils.java:logFallback(69)) - raft.grpc.admin.host = null (fallback to raft.grpc.server.host)
2025-09-29 07:14:44,011 [main] INFO  grpc.GrpcConfigKeys (ConfUtils.java:logGet(62)) - raft.grpc.admin.port = 15013 (custom)
2025-09-29 07:14:44,011 [main] INFO  grpc.GrpcConfigKeys (ConfUtils.java:logFallback(69)) - raft.grpc.client.host = null (fallback to raft.grpc.server.host)
2025-09-29 07:14:44,011 [main] INFO  grpc.GrpcConfigKeys (ConfUtils.java:logGet(62)) - raft.grpc.client.port = 15014 (custom)
2025-09-29 07:14:44,011 [main] INFO  grpc.GrpcConfigKeys (ConfUtils.java:logGet(62)) - raft.grpc.server.port = 15012 (custom)
2025-09-29 07:14:44,013 [main] INFO  server.RaftServerConfigKeys (ConfUtils.java:logGet(62)) - raft.server.storage.dir = [/home/runner/work/ratis/ratis/ratis-test/target/test/data/6b14e155/MiniRaftClusterWithGrpc8d8bca63/s0] (custom)
2025-09-29 07:14:44,014 [main] INFO  server.RaftServer (RaftServerProxy.java:addNew(106)) - s0: addNew group-BB9A90D547DD:[s0|localhost:15012, s1|localhost:15016, s2|localhost:15020] returns group-BB9A90D547DD:java.util.concurrent.CompletableFuture@38a52072[Not completed]
2025-09-29 07:14:44,014 [main] INFO  impl.MiniRaftCluster (MiniRaftCluster.java:newRaftServer(375)) - newRaftServer: s1, group-BB9A90D547DD:[s0|localhost:15012, s1|localhost:15016, s2|localhost:15020], format? true
2025-09-29 07:14:44,015 [main] TRACE util.FileUtils (FileUtils.java:deleteFully(355)) - deleteFully target/test/data/6b14e155/MiniRaftClusterWithGrpc8d8bca63/s1
2025-09-29 07:14:44,015 [s0-groupManagement] INFO  server.RaftServer$Division (RaftServerImpl.java:<init>(268)) - s0: new RaftServerImpl for group-BB9A90D547DD:[s0|localhost:15012, s1|localhost:15016, s2|localhost:15020] with CounterStateMachine-4:uninitialized
2025-09-29 07:14:44,015 [main] TRACE util.FileUtils (FileUtils.java:deleteFully(368)) - deleteFully: target/test/data/6b14e155/MiniRaftClusterWithGrpc8d8bca63/s1 does not exist.
2025-09-29 07:14:44,016 [main] INFO  impl.MiniRaftCluster (MiniRaftCluster.java:newRaftServer(380)) - Formatted directory target/test/data/6b14e155/MiniRaftClusterWithGrpc8d8bca63/s1
2025-09-29 07:14:44,016 [s0-groupManagement] INFO  server.RaftServer$Division (ServerState.java:<init>(114)) - s0@group-BB9A90D547DD: ConfigurationManager, init=conf: {index: -1, cur=peers:[s0|localhost:15012, s1|localhost:15016, s2|localhost:15020]|listeners:[], old=null}, confs=<EMPTY_MAP>
2025-09-29 07:14:44,016 [main] INFO  server.RaftServer (VersionInfo.java:printStartupMessages(132)) - Starting Apache Ratis Test -- RaftServerProxy s1
2025-09-29 07:14:44,016 [main] INFO  server.RaftServer (VersionInfo.java:printStartupMessages(136)) -                version: 3.1.3
2025-09-29 07:14:44,017 [main] INFO  server.RaftServer (VersionInfo.java:printStartupMessages(136)) -                    url: https://github.com/apache/ratis
2025-09-29 07:14:44,017 [main] INFO  server.RaftServer (VersionInfo.java:printStartupMessages(136)) -               revision: d902c593e11de03b157527cf3ee9a12cdd9ad451
2025-09-29 07:14:44,017 [main] INFO  server.RaftServer (VersionInfo.java:printStartupMessages(139)) -                   java: OpenJDK 64-Bit Server VM 1.8.0_462-b08
2025-09-29 07:14:44,017 [main] INFO  server.RaftServer (VersionInfo.java:printStartupMessages(139)) -                   user: runner
2025-09-29 07:14:44,018 [main] INFO  grpc.GrpcConfigKeys (ConfUtils.java:logFallback(69)) - raft.grpc.admin.host = null (fallback to raft.grpc.server.host)
2025-09-29 07:14:44,018 [main] INFO  grpc.GrpcConfigKeys (ConfUtils.java:logGet(62)) - raft.grpc.admin.port = 15017 (custom)
2025-09-29 07:14:44,018 [main] INFO  grpc.GrpcConfigKeys (ConfUtils.java:logFallback(69)) - raft.grpc.client.host = null (fallback to raft.grpc.server.host)
2025-09-29 07:14:44,019 [main] INFO  grpc.GrpcConfigKeys (ConfUtils.java:logGet(62)) - raft.grpc.client.port = 15018 (custom)
2025-09-29 07:14:44,019 [main] INFO  grpc.GrpcConfigKeys (ConfUtils.java:logGet(62)) - raft.grpc.server.port = 15016 (custom)
2025-09-29 07:14:44,020 [main] INFO  server.RaftServerConfigKeys (ConfUtils.java:logGet(62)) - raft.server.storage.dir = [/home/runner/work/ratis/ratis/ratis-test/target/test/data/6b14e155/MiniRaftClusterWithGrpc8d8bca63/s1] (custom)
2025-09-29 07:14:44,021 [main] INFO  server.RaftServer (RaftServerProxy.java:addNew(106)) - s1: addNew group-BB9A90D547DD:[s0|localhost:15012, s1|localhost:15016, s2|localhost:15020] returns group-BB9A90D547DD:java.util.concurrent.CompletableFuture@4219a4cc[Not completed]
2025-09-29 07:14:44,021 [s1-groupManagement] INFO  server.RaftServer$Division (RaftServerImpl.java:<init>(268)) - s1: new RaftServerImpl for group-BB9A90D547DD:[s0|localhost:15012, s1|localhost:15016, s2|localhost:15020] with CounterStateMachine-5:uninitialized
2025-09-29 07:14:44,021 [main] INFO  impl.MiniRaftCluster (MiniRaftCluster.java:newRaftServer(375)) - newRaftServer: s2, group-BB9A90D547DD:[s0|localhost:15012, s1|localhost:15016, s2|localhost:15020], format? true
2025-09-29 07:14:44,021 [s1-groupManagement] INFO  server.RaftServer$Division (ServerState.java:<init>(114)) - s1@group-BB9A90D547DD: ConfigurationManager, init=conf: {index: -1, cur=peers:[s0|localhost:15012, s1|localhost:15016, s2|localhost:15020]|listeners:[], old=null}, confs=<EMPTY_MAP>
2025-09-29 07:14:44,021 [main] TRACE util.FileUtils (FileUtils.java:deleteFully(355)) - deleteFully target/test/data/6b14e155/MiniRaftClusterWithGrpc8d8bca63/s2
2025-09-29 07:14:44,022 [main] TRACE util.FileUtils (FileUtils.java:deleteFully(368)) - deleteFully: target/test/data/6b14e155/MiniRaftClusterWithGrpc8d8bca63/s2 does not exist.
2025-09-29 07:14:44,022 [main] INFO  impl.MiniRaftCluster (MiniRaftCluster.java:newRaftServer(380)) - Formatted directory target/test/data/6b14e155/MiniRaftClusterWithGrpc8d8bca63/s2
2025-09-29 07:14:44,023 [main] INFO  server.RaftServer (VersionInfo.java:printStartupMessages(132)) - Starting Apache Ratis Test -- RaftServerProxy s2
2025-09-29 07:14:44,023 [main] INFO  server.RaftServer (VersionInfo.java:printStartupMessages(136)) -                version: 3.1.3
2025-09-29 07:14:44,023 [main] INFO  server.RaftServer (VersionInfo.java:printStartupMessages(136)) -                    url: https://github.com/apache/ratis
2025-09-29 07:14:44,023 [main] INFO  server.RaftServer (VersionInfo.java:printStartupMessages(136)) -               revision: d902c593e11de03b157527cf3ee9a12cdd9ad451
2025-09-29 07:14:44,023 [main] INFO  server.RaftServer (VersionInfo.java:printStartupMessages(139)) -                   java: OpenJDK 64-Bit Server VM 1.8.0_462-b08
2025-09-29 07:14:44,024 [main] INFO  server.RaftServer (VersionInfo.java:printStartupMessages(139)) -                   user: runner
2025-09-29 07:14:44,024 [main] INFO  grpc.GrpcConfigKeys (ConfUtils.java:logFallback(69)) - raft.grpc.admin.host = null (fallback to raft.grpc.server.host)
2025-09-29 07:14:44,024 [main] INFO  grpc.GrpcConfigKeys (ConfUtils.java:logGet(62)) - raft.grpc.admin.port = 15021 (custom)
2025-09-29 07:14:44,024 [main] INFO  grpc.GrpcConfigKeys (ConfUtils.java:logFallback(69)) - raft.grpc.client.host = null (fallback to raft.grpc.server.host)
2025-09-29 07:14:44,024 [main] INFO  grpc.GrpcConfigKeys (ConfUtils.java:logGet(62)) - raft.grpc.client.port = 15022 (custom)
2025-09-29 07:14:44,025 [main] INFO  grpc.GrpcConfigKeys (ConfUtils.java:logGet(62)) - raft.grpc.server.port = 15020 (custom)
2025-09-29 07:14:44,026 [main] INFO  server.RaftServerConfigKeys (ConfUtils.java:logGet(62)) - raft.server.storage.dir = [/home/runner/work/ratis/ratis/ratis-test/target/test/data/6b14e155/MiniRaftClusterWithGrpc8d8bca63/s2] (custom)
2025-09-29 07:14:44,027 [main] INFO  server.RaftServer (RaftServerProxy.java:addNew(106)) - s2: addNew group-BB9A90D547DD:[s0|localhost:15012, s1|localhost:15016, s2|localhost:15020] returns group-BB9A90D547DD:java.util.concurrent.CompletableFuture@184bb873[Not completed]
2025-09-29 07:14:44,027 [s2-groupManagement] INFO  server.RaftServer$Division (RaftServerImpl.java:<init>(268)) - s2: new RaftServerImpl for group-BB9A90D547DD:[s0|localhost:15012, s1|localhost:15016, s2|localhost:15020] with CounterStateMachine-6:uninitialized
2025-09-29 07:14:44,028 [s0-impl-thread1] INFO  server.RaftServerConfigKeys (ConfUtils.java:logGet(62)) - raft.server.storage.dir = [/home/runner/work/ratis/ratis/ratis-test/target/test/data/6b14e155/MiniRaftClusterWithGrpc8d8bca63/s0] (custom)
2025-09-29 07:14:44,028 [s2-groupManagement] INFO  server.RaftServer$Division (ServerState.java:<init>(114)) - s2@group-BB9A90D547DD: ConfigurationManager, init=conf: {index: -1, cur=peers:[s0|localhost:15012, s1|localhost:15016, s2|localhost:15020]|listeners:[], old=null}, confs=<EMPTY_MAP>
2025-09-29 07:14:44,028 [s0-impl-thread1] INFO  storage.RaftStorageDirectory (RaftStorageDirectoryImpl.java:analyzeStorage(138)) - The storage directory /home/runner/work/ratis/ratis/ratis-test/target/test/data/6b14e155/MiniRaftClusterWithGrpc8d8bca63/s0/8d280bda-3b54-48c3-9c20-bb9a90d547dd does not exist. Creating ...
2025-09-29 07:14:44,029 [s0-impl-thread1] TRACE util.FileUtils (LogUtils.java:runAndLog(49)) - Successfully ran Files.createDirectories /home/runner/work/ratis/ratis/ratis-test/target/test/data/6b14e155/MiniRaftClusterWithGrpc8d8bca63/s0/8d280bda-3b54-48c3-9c20-bb9a90d547dd
2025-09-29 07:14:44,030 [s0-impl-thread1] INFO  storage.RaftStorageDirectory (RaftStorageDirectoryImpl.java:tryLock(229)) - Lock on /home/runner/work/ratis/ratis/ratis-test/target/test/data/6b14e155/MiniRaftClusterWithGrpc8d8bca63/s0/8d280bda-3b54-48c3-9c20-bb9a90d547dd/in_use.lock acquired by nodename 24167@runnervm3ublj
2025-09-29 07:14:44,030 [s0-impl-thread1] TRACE util.FileUtils (LogUtils.java:runAndLog(49)) - Successfully ran Files.createDirectories /home/runner/work/ratis/ratis/ratis-test/target/test/data/6b14e155/MiniRaftClusterWithGrpc8d8bca63/s0/8d280bda-3b54-48c3-9c20-bb9a90d547dd/current
2025-09-29 07:14:44,030 [s0-impl-thread1] TRACE util.FileUtils (LogUtils.java:runAndLog(49)) - Successfully ran Files.createDirectories /home/runner/work/ratis/ratis/ratis-test/target/test/data/6b14e155/MiniRaftClusterWithGrpc8d8bca63/s0/8d280bda-3b54-48c3-9c20-bb9a90d547dd/sm
2025-09-29 07:14:44,031 [s0-impl-thread1] TRACE util.FileUtils (LogUtils.java:supplyAndLog(69)) - Successfully supplied FileChannel.open /home/runner/work/ratis/ratis/ratis-test/target/test/data/6b14e155/MiniRaftClusterWithGrpc8d8bca63/s0/8d280bda-3b54-48c3-9c20-bb9a90d547dd/current/raft-meta.tmp with options [CREATE, TRUNCATE_EXISTING, WRITE]: sun.nio.ch.FileChannelImpl@1970c365
2025-09-29 07:14:44,031 [s0-impl-thread1] TRACE util.FileUtils (LogUtils.java:runAndLog(49)) - Successfully ran Atomic Files.move /home/runner/work/ratis/ratis/ratis-test/target/test/data/6b14e155/MiniRaftClusterWithGrpc8d8bca63/s0/8d280bda-3b54-48c3-9c20-bb9a90d547dd/current/raft-meta.tmp to /home/runner/work/ratis/ratis/ratis-test/target/test/data/6b14e155/MiniRaftClusterWithGrpc8d8bca63/s0/8d280bda-3b54-48c3-9c20-bb9a90d547dd/current/raft-meta with options [REPLACE_EXISTING]
2025-09-29 07:14:44,032 [s0-impl-thread1] INFO  storage.RaftStorage (RaftStorageImpl.java:format(98)) - Storage directory /home/runner/work/ratis/ratis/ratis-test/target/test/data/6b14e155/MiniRaftClusterWithGrpc8d8bca63/s0/8d280bda-3b54-48c3-9c20-bb9a90d547dd has been successfully formatted.
2025-09-29 07:14:44,032 [s0-impl-thread1] INFO  server.RaftServer$Division (ServerState.java:getSnapshotIndexFromStateMachine(154)) - s0@group-BB9A90D547DD: getLatestSnapshot(CounterStateMachine-4:s0:group-BB9A90D547DD) returns null
2025-09-29 07:14:44,032 [s0-impl-thread1] INFO  raftlog.RaftLog (RaftLogBase.java:<init>(90)) - s0@group-BB9A90D547DD-SegmentedRaftLog: snapshotIndexFromStateMachine = -1
2025-09-29 07:14:44,033 [s0-impl-thread1] INFO  util.AwaitToRun (AwaitToRun.java:start(81)) - Thread[s0@group-BB9A90D547DD-cacheEviction-AwaitToRun,5,main] started
2025-09-29 07:14:44,033 [s0-impl-thread1] INFO  segmented.SegmentedRaftLogWorker (SegmentedRaftLogWorker.java:<init>(190)) - new s0@group-BB9A90D547DD-SegmentedRaftLogWorker for RaftStorageImpl:Storage Directory /home/runner/work/ratis/ratis/ratis-test/target/test/data/6b14e155/MiniRaftClusterWithGrpc8d8bca63/s0/8d280bda-3b54-48c3-9c20-bb9a90d547dd
2025-09-29 07:14:44,035 [s0-impl-thread1] INFO  segmented.SegmentedRaftLogWorker (SegmentedRaftLogWorker.java:lambda$new$0(141)) - s0@group-BB9A90D547DD-SegmentedRaftLogWorker: flushIndex: setUnconditionally 0 -> -1
2025-09-29 07:14:44,035 [s0-impl-thread1] INFO  segmented.SegmentedRaftLogWorker (SegmentedRaftLogWorker.java:lambda$new$0(141)) - s0@group-BB9A90D547DD-SegmentedRaftLogWorker: safeCacheEvictIndex: setUnconditionally 0 -> -1
2025-09-29 07:14:44,036 [s0-impl-thread1] INFO  server.RaftServer$Division (RaftServerImpl.java:start(405)) - s0@group-BB9A90D547DD: start as a follower, conf=conf: {index: -1, cur=peers:[s0|localhost:15012, s1|localhost:15016, s2|localhost:15020]|listeners:[], old=null}
2025-09-29 07:14:44,036 [s0-impl-thread1] INFO  server.RaftServer$Division (RaftServerImpl.java:setRole(392)) - s0@group-BB9A90D547DD: changes role from      null to FOLLOWER at term 0 for startAsFollower
2025-09-29 07:14:44,036 [s0-impl-thread1] INFO  impl.RoleInfo (RoleInfo.java:updateAndGet(148)) - s0: start s0@group-BB9A90D547DD-FollowerState
2025-09-29 07:14:44,036 [s0-impl-thread1] INFO  util.JmxRegister (JmxRegister.java:tryRegister(44)) - Successfully registered JMX Bean with object name Ratis:service=RaftServer,group=group-BB9A90D547DD,id=s0
2025-09-29 07:14:44,036 [s0-impl-thread1] INFO  util.JmxRegister (JmxRegister.java:register(58)) - register mxBean class org.apache.ratis.server.impl.RaftServerJmxAdapter as Ratis:service=RaftServer,group=group-BB9A90D547DD,id=s0
2025-09-29 07:14:44,037 [s0@group-BB9A90D547DD-FollowerState] INFO  server.RaftServerConfigKeys (ConfUtils.java:logFallback(69)) - raft.server.rpc.first-election.timeout.min = 150ms (fallback to raft.server.rpc.timeout.min)
2025-09-29 07:14:44,037 [s0@group-BB9A90D547DD-FollowerState] INFO  server.RaftServerConfigKeys (ConfUtils.java:logFallback(69)) - raft.server.rpc.first-election.timeout.max = 300ms (fallback to raft.server.rpc.timeout.max)
2025-09-29 07:14:44,037 [s0-impl-thread1] INFO  server.RaftServer$Division (RaftServerImpl.java:start(419)) - s0@group-BB9A90D547DD: Successfully started.
2025-09-29 07:14:44,037 [main] INFO  server.RaftServer (RaftServerProxy.java:startImpl(415)) - s0: start RPC server
2025-09-29 07:14:44,039 [main] INFO  server.GrpcServicesImpl (GrpcServicesImpl.java:startImpl(338)) - s0: GrpcServicesImpl started, listening on 15014
2025-09-29 07:14:44,040 [main] INFO  server.GrpcServicesImpl (GrpcServicesImpl.java:startImpl(338)) - s0: GrpcServicesImpl started, listening on 15012
2025-09-29 07:14:44,040 [main] INFO  server.GrpcServicesImpl (GrpcServicesImpl.java:startImpl(338)) - s0: GrpcServicesImpl started, listening on 15013
2025-09-29 07:14:44,041 [JvmPauseMonitor3] INFO  util.JvmPauseMonitor (JvmPauseMonitor.java:run(146)) - JvmPauseMonitor-s0: Started
2025-09-29 07:14:44,041 [s1-impl-thread1] INFO  server.RaftServerConfigKeys (ConfUtils.java:logGet(62)) - raft.server.storage.dir = [/home/runner/work/ratis/ratis/ratis-test/target/test/data/6b14e155/MiniRaftClusterWithGrpc8d8bca63/s1] (custom)
2025-09-29 07:14:44,041 [s1-impl-thread1] INFO  storage.RaftStorageDirectory (RaftStorageDirectoryImpl.java:analyzeStorage(138)) - The storage directory /home/runner/work/ratis/ratis/ratis-test/target/test/data/6b14e155/MiniRaftClusterWithGrpc8d8bca63/s1/8d280bda-3b54-48c3-9c20-bb9a90d547dd does not exist. Creating ...
2025-09-29 07:14:44,042 [s1-impl-thread1] TRACE util.FileUtils (LogUtils.java:runAndLog(49)) - Successfully ran Files.createDirectories /home/runner/work/ratis/ratis/ratis-test/target/test/data/6b14e155/MiniRaftClusterWithGrpc8d8bca63/s1/8d280bda-3b54-48c3-9c20-bb9a90d547dd
2025-09-29 07:14:44,044 [s1-impl-thread1] INFO  storage.RaftStorageDirectory (RaftStorageDirectoryImpl.java:tryLock(229)) - Lock on /home/runner/work/ratis/ratis/ratis-test/target/test/data/6b14e155/MiniRaftClusterWithGrpc8d8bca63/s1/8d280bda-3b54-48c3-9c20-bb9a90d547dd/in_use.lock acquired by nodename 24167@runnervm3ublj
2025-09-29 07:14:44,044 [s1-impl-thread1] TRACE util.FileUtils (LogUtils.java:runAndLog(49)) - Successfully ran Files.createDirectories /home/runner/work/ratis/ratis/ratis-test/target/test/data/6b14e155/MiniRaftClusterWithGrpc8d8bca63/s1/8d280bda-3b54-48c3-9c20-bb9a90d547dd/current
2025-09-29 07:14:44,044 [s1-impl-thread1] TRACE util.FileUtils (LogUtils.java:runAndLog(49)) - Successfully ran Files.createDirectories /home/runner/work/ratis/ratis/ratis-test/target/test/data/6b14e155/MiniRaftClusterWithGrpc8d8bca63/s1/8d280bda-3b54-48c3-9c20-bb9a90d547dd/sm
2025-09-29 07:14:44,044 [s1-impl-thread1] TRACE util.FileUtils (LogUtils.java:supplyAndLog(69)) - Successfully supplied FileChannel.open /home/runner/work/ratis/ratis/ratis-test/target/test/data/6b14e155/MiniRaftClusterWithGrpc8d8bca63/s1/8d280bda-3b54-48c3-9c20-bb9a90d547dd/current/raft-meta.tmp with options [CREATE, TRUNCATE_EXISTING, WRITE]: sun.nio.ch.FileChannelImpl@6bbbf1d0
2025-09-29 07:14:44,045 [s1-impl-thread1] TRACE util.FileUtils (LogUtils.java:runAndLog(49)) - Successfully ran Atomic Files.move /home/runner/work/ratis/ratis/ratis-test/target/test/data/6b14e155/MiniRaftClusterWithGrpc8d8bca63/s1/8d280bda-3b54-48c3-9c20-bb9a90d547dd/current/raft-meta.tmp to /home/runner/work/ratis/ratis/ratis-test/target/test/data/6b14e155/MiniRaftClusterWithGrpc8d8bca63/s1/8d280bda-3b54-48c3-9c20-bb9a90d547dd/current/raft-meta with options [REPLACE_EXISTING]
2025-09-29 07:14:44,045 [s1-impl-thread1] INFO  storage.RaftStorage (RaftStorageImpl.java:format(98)) - Storage directory /home/runner/work/ratis/ratis/ratis-test/target/test/data/6b14e155/MiniRaftClusterWithGrpc8d8bca63/s1/8d280bda-3b54-48c3-9c20-bb9a90d547dd has been successfully formatted.
2025-09-29 07:14:44,046 [s1-impl-thread1] INFO  server.RaftServer$Division (ServerState.java:getSnapshotIndexFromStateMachine(154)) - s1@group-BB9A90D547DD: getLatestSnapshot(CounterStateMachine-5:s1:group-BB9A90D547DD) returns null
2025-09-29 07:14:44,048 [s1-impl-thread1] INFO  raftlog.RaftLog (RaftLogBase.java:<init>(90)) - s1@group-BB9A90D547DD-SegmentedRaftLog: snapshotIndexFromStateMachine = -1
2025-09-29 07:14:44,049 [s1-impl-thread1] INFO  util.AwaitToRun (AwaitToRun.java:start(81)) - Thread[s1@group-BB9A90D547DD-cacheEviction-AwaitToRun,5,main] started
2025-09-29 07:14:44,049 [s1-impl-thread1] INFO  segmented.SegmentedRaftLogWorker (SegmentedRaftLogWorker.java:<init>(190)) - new s1@group-BB9A90D547DD-SegmentedRaftLogWorker for RaftStorageImpl:Storage Directory /home/runner/work/ratis/ratis/ratis-test/target/test/data/6b14e155/MiniRaftClusterWithGrpc8d8bca63/s1/8d280bda-3b54-48c3-9c20-bb9a90d547dd
2025-09-29 07:14:44,052 [s1-impl-thread1] INFO  segmented.SegmentedRaftLogWorker (SegmentedRaftLogWorker.java:lambda$new$0(141)) - s1@group-BB9A90D547DD-SegmentedRaftLogWorker: flushIndex: setUnconditionally 0 -> -1
2025-09-29 07:14:44,052 [s1-impl-thread1] INFO  segmented.SegmentedRaftLogWorker (SegmentedRaftLogWorker.java:lambda$new$0(141)) - s1@group-BB9A90D547DD-SegmentedRaftLogWorker: safeCacheEvictIndex: setUnconditionally 0 -> -1
2025-09-29 07:14:44,052 [s1-impl-thread1] INFO  server.RaftServer$Division (RaftServerImpl.java:start(405)) - s1@group-BB9A90D547DD: start as a follower, conf=conf: {index: -1, cur=peers:[s0|localhost:15012, s1|localhost:15016, s2|localhost:15020]|listeners:[], old=null}
2025-09-29 07:14:44,053 [s1-impl-thread1] INFO  server.RaftServer$Division (RaftServerImpl.java:setRole(392)) - s1@group-BB9A90D547DD: changes role from      null to FOLLOWER at term 0 for startAsFollower
2025-09-29 07:14:44,053 [s1-impl-thread1] INFO  impl.RoleInfo (RoleInfo.java:updateAndGet(148)) - s1: start s1@group-BB9A90D547DD-FollowerState
2025-09-29 07:14:44,053 [s1-impl-thread1] INFO  util.JmxRegister (JmxRegister.java:tryRegister(44)) - Successfully registered JMX Bean with object name Ratis:service=RaftServer,group=group-BB9A90D547DD,id=s1
2025-09-29 07:14:44,053 [s1-impl-thread1] INFO  util.JmxRegister (JmxRegister.java:register(58)) - register mxBean class org.apache.ratis.server.impl.RaftServerJmxAdapter as Ratis:service=RaftServer,group=group-BB9A90D547DD,id=s1
2025-09-29 07:14:44,053 [s1@group-BB9A90D547DD-FollowerState] INFO  server.RaftServerConfigKeys (ConfUtils.java:logFallback(69)) - raft.server.rpc.first-election.timeout.min = 150ms (fallback to raft.server.rpc.timeout.min)
2025-09-29 07:14:44,053 [s1@group-BB9A90D547DD-FollowerState] INFO  server.RaftServerConfigKeys (ConfUtils.java:logFallback(69)) - raft.server.rpc.first-election.timeout.max = 300ms (fallback to raft.server.rpc.timeout.max)
2025-09-29 07:14:44,054 [s1-impl-thread1] INFO  server.RaftServer$Division (RaftServerImpl.java:start(419)) - s1@group-BB9A90D547DD: Successfully started.
2025-09-29 07:14:44,054 [main] INFO  server.RaftServer (RaftServerProxy.java:startImpl(415)) - s1: start RPC server
2025-09-29 07:14:44,055 [main] INFO  server.GrpcServicesImpl (GrpcServicesImpl.java:startImpl(338)) - s1: GrpcServicesImpl started, listening on 15018
2025-09-29 07:14:44,059 [main] INFO  server.GrpcServicesImpl (GrpcServicesImpl.java:startImpl(338)) - s1: GrpcServicesImpl started, listening on 15016
2025-09-29 07:14:44,059 [main] INFO  server.GrpcServicesImpl (GrpcServicesImpl.java:startImpl(338)) - s1: GrpcServicesImpl started, listening on 15017
2025-09-29 07:14:44,060 [JvmPauseMonitor4] INFO  util.JvmPauseMonitor (JvmPauseMonitor.java:run(146)) - JvmPauseMonitor-s1: Started
2025-09-29 07:14:44,060 [s2-impl-thread1] INFO  server.RaftServerConfigKeys (ConfUtils.java:logGet(62)) - raft.server.storage.dir = [/home/runner/work/ratis/ratis/ratis-test/target/test/data/6b14e155/MiniRaftClusterWithGrpc8d8bca63/s2] (custom)
2025-09-29 07:14:44,060 [s2-impl-thread1] INFO  storage.RaftStorageDirectory (RaftStorageDirectoryImpl.java:analyzeStorage(138)) - The storage directory /home/runner/work/ratis/ratis/ratis-test/target/test/data/6b14e155/MiniRaftClusterWithGrpc8d8bca63/s2/8d280bda-3b54-48c3-9c20-bb9a90d547dd does not exist. Creating ...
2025-09-29 07:14:44,061 [s2-impl-thread1] TRACE util.FileUtils (LogUtils.java:runAndLog(49)) - Successfully ran Files.createDirectories /home/runner/work/ratis/ratis/ratis-test/target/test/data/6b14e155/MiniRaftClusterWithGrpc8d8bca63/s2/8d280bda-3b54-48c3-9c20-bb9a90d547dd
2025-09-29 07:14:44,062 [s2-impl-thread1] INFO  storage.RaftStorageDirectory (RaftStorageDirectoryImpl.java:tryLock(229)) - Lock on /home/runner/work/ratis/ratis/ratis-test/target/test/data/6b14e155/MiniRaftClusterWithGrpc8d8bca63/s2/8d280bda-3b54-48c3-9c20-bb9a90d547dd/in_use.lock acquired by nodename 24167@runnervm3ublj
2025-09-29 07:14:44,062 [s2-impl-thread1] TRACE util.FileUtils (LogUtils.java:runAndLog(49)) - Successfully ran Files.createDirectories /home/runner/work/ratis/ratis/ratis-test/target/test/data/6b14e155/MiniRaftClusterWithGrpc8d8bca63/s2/8d280bda-3b54-48c3-9c20-bb9a90d547dd/current
2025-09-29 07:14:44,062 [s2-impl-thread1] TRACE util.FileUtils (LogUtils.java:runAndLog(49)) - Successfully ran Files.createDirectories /home/runner/work/ratis/ratis/ratis-test/target/test/data/6b14e155/MiniRaftClusterWithGrpc8d8bca63/s2/8d280bda-3b54-48c3-9c20-bb9a90d547dd/sm
2025-09-29 07:14:44,062 [s2-impl-thread1] TRACE util.FileUtils (LogUtils.java:supplyAndLog(69)) - Successfully supplied FileChannel.open /home/runner/work/ratis/ratis/ratis-test/target/test/data/6b14e155/MiniRaftClusterWithGrpc8d8bca63/s2/8d280bda-3b54-48c3-9c20-bb9a90d547dd/current/raft-meta.tmp with options [CREATE, TRUNCATE_EXISTING, WRITE]: sun.nio.ch.FileChannelImpl@3320235f
2025-09-29 07:14:44,063 [s2-impl-thread1] TRACE util.FileUtils (LogUtils.java:runAndLog(49)) - Successfully ran Atomic Files.move /home/runner/work/ratis/ratis/ratis-test/target/test/data/6b14e155/MiniRaftClusterWithGrpc8d8bca63/s2/8d280bda-3b54-48c3-9c20-bb9a90d547dd/current/raft-meta.tmp to /home/runner/work/ratis/ratis/ratis-test/target/test/data/6b14e155/MiniRaftClusterWithGrpc8d8bca63/s2/8d280bda-3b54-48c3-9c20-bb9a90d547dd/current/raft-meta with options [REPLACE_EXISTING]
2025-09-29 07:14:44,063 [s2-impl-thread1] INFO  storage.RaftStorage (RaftStorageImpl.java:format(98)) - Storage directory /home/runner/work/ratis/ratis/ratis-test/target/test/data/6b14e155/MiniRaftClusterWithGrpc8d8bca63/s2/8d280bda-3b54-48c3-9c20-bb9a90d547dd has been successfully formatted.
2025-09-29 07:14:44,063 [s2-impl-thread1] INFO  server.RaftServer$Division (ServerState.java:getSnapshotIndexFromStateMachine(154)) - s2@group-BB9A90D547DD: getLatestSnapshot(CounterStateMachine-6:s2:group-BB9A90D547DD) returns null
2025-09-29 07:14:44,063 [s2-impl-thread1] INFO  raftlog.RaftLog (RaftLogBase.java:<init>(90)) - s2@group-BB9A90D547DD-SegmentedRaftLog: snapshotIndexFromStateMachine = -1
2025-09-29 07:14:44,064 [s2-impl-thread1] INFO  util.AwaitToRun (AwaitToRun.java:start(81)) - Thread[s2@group-BB9A90D547DD-cacheEviction-AwaitToRun,5,main] started
2025-09-29 07:14:44,064 [s2-impl-thread1] INFO  segmented.SegmentedRaftLogWorker (SegmentedRaftLogWorker.java:<init>(190)) - new s2@group-BB9A90D547DD-SegmentedRaftLogWorker for RaftStorageImpl:Storage Directory /home/runner/work/ratis/ratis/ratis-test/target/test/data/6b14e155/MiniRaftClusterWithGrpc8d8bca63/s2/8d280bda-3b54-48c3-9c20-bb9a90d547dd
2025-09-29 07:14:44,066 [s2-impl-thread1] INFO  segmented.SegmentedRaftLogWorker (SegmentedRaftLogWorker.java:lambda$new$0(141)) - s2@group-BB9A90D547DD-SegmentedRaftLogWorker: flushIndex: setUnconditionally 0 -> -1
2025-09-29 07:14:44,066 [s2-impl-thread1] INFO  segmented.SegmentedRaftLogWorker (SegmentedRaftLogWorker.java:lambda$new$0(141)) - s2@group-BB9A90D547DD-SegmentedRaftLogWorker: safeCacheEvictIndex: setUnconditionally 0 -> -1
2025-09-29 07:14:44,067 [s2-impl-thread1] INFO  server.RaftServer$Division (RaftServerImpl.java:start(405)) - s2@group-BB9A90D547DD: start as a follower, conf=conf: {index: -1, cur=peers:[s0|localhost:15012, s1|localhost:15016, s2|localhost:15020]|listeners:[], old=null}
2025-09-29 07:14:44,067 [s2-impl-thread1] INFO  server.RaftServer$Division (RaftServerImpl.java:setRole(392)) - s2@group-BB9A90D547DD: changes role from      null to FOLLOWER at term 0 for startAsFollower
2025-09-29 07:14:44,067 [s2-impl-thread1] INFO  impl.RoleInfo (RoleInfo.java:updateAndGet(148)) - s2: start s2@group-BB9A90D547DD-FollowerState
2025-09-29 07:14:44,067 [s2-impl-thread1] INFO  util.JmxRegister (JmxRegister.java:tryRegister(44)) - Successfully registered JMX Bean with object name Ratis:service=RaftServer,group=group-BB9A90D547DD,id=s2
2025-09-29 07:14:44,067 [s2-impl-thread1] INFO  util.JmxRegister (JmxRegister.java:register(58)) - register mxBean class org.apache.ratis.server.impl.RaftServerJmxAdapter as Ratis:service=RaftServer,group=group-BB9A90D547DD,id=s2
2025-09-29 07:14:44,068 [s2@group-BB9A90D547DD-FollowerState] INFO  server.RaftServerConfigKeys (ConfUtils.java:logFallback(69)) - raft.server.rpc.first-election.timeout.min = 150ms (fallback to raft.server.rpc.timeout.min)
2025-09-29 07:14:44,068 [s2@group-BB9A90D547DD-FollowerState] INFO  server.RaftServerConfigKeys (ConfUtils.java:logFallback(69)) - raft.server.rpc.first-election.timeout.max = 300ms (fallback to raft.server.rpc.timeout.max)
2025-09-29 07:14:44,068 [s2-impl-thread1] INFO  server.RaftServer$Division (RaftServerImpl.java:start(419)) - s2@group-BB9A90D547DD: Successfully started.
2025-09-29 07:14:44,068 [main] INFO  server.RaftServer (RaftServerProxy.java:startImpl(415)) - s2: start RPC server
2025-09-29 07:14:44,070 [main] INFO  server.GrpcServicesImpl (GrpcServicesImpl.java:startImpl(338)) - s2: GrpcServicesImpl started, listening on 15022
2025-09-29 07:14:44,071 [main] INFO  server.GrpcServicesImpl (GrpcServicesImpl.java:startImpl(338)) - s2: GrpcServicesImpl started, listening on 15020
2025-09-29 07:14:44,072 [main] INFO  server.GrpcServicesImpl (GrpcServicesImpl.java:startImpl(338)) - s2: GrpcServicesImpl started, listening on 15021
2025-09-29 07:14:44,072 [JvmPauseMonitor5] INFO  util.JvmPauseMonitor (JvmPauseMonitor.java:run(146)) - JvmPauseMonitor-s2: Started
2025-09-29 07:14:44,072 [main] INFO  ratis.RaftTestUtil (RaftTestUtil.java:waitForLeader(107)) - printing ALL groups
  s0:  RUNNING  FOLLOWER (RUNNING): s0@group-BB9A90D547DD:t0, leader=null, voted=, raftlog=Memoized:s0@group-BB9A90D547DD-SegmentedRaftLog:OPENED:c-1:lastnull, conf=conf: {index: -1, cur=peers:[s0|localhost:15012, s1|localhost:15016, s2|localhost:15020]|listeners:[], old=null}
  s1:  RUNNING  FOLLOWER (RUNNING): s1@group-BB9A90D547DD:t0, leader=null, voted=, raftlog=Memoized:s1@group-BB9A90D547DD-SegmentedRaftLog:OPENED:c-1:lastnull, conf=conf: {index: -1, cur=peers:[s0|localhost:15012, s1|localhost:15016, s2|localhost:15020]|listeners:[], old=null}
  s2:  RUNNING  FOLLOWER (RUNNING): s2@group-BB9A90D547DD:t0, leader=null, voted=, raftlog=Memoized:s2@group-BB9A90D547DD-SegmentedRaftLog:OPENED:c-1:lastnull, conf=conf: {index: -1, cur=peers:[s0|localhost:15012, s1|localhost:15016, s2|localhost:15020]|listeners:[], old=null}
2025-09-29 07:14:44,073 [main] WARN  ratis.RaftTestUtil (RaftTestUtil.java:lambda$waitForLeader$3(126)) - Attempt #1 failed: java.lang.IllegalStateException: No leader yet : printing ALL groups
  s0:  RUNNING  FOLLOWER (RUNNING): s0@group-BB9A90D547DD:t0, leader=null, voted=, raftlog=Memoized:s0@group-BB9A90D547DD-SegmentedRaftLog:OPENED:c-1:lastnull, conf=conf: {index: -1, cur=peers:[s0|localhost:15012, s1|localhost:15016, s2|localhost:15020]|listeners:[], old=null}
  s1:  RUNNING  FOLLOWER (RUNNING): s1@group-BB9A90D547DD:t0, leader=null, voted=, raftlog=Memoized:s1@group-BB9A90D547DD-SegmentedRaftLog:OPENED:c-1:lastnull, conf=conf: {index: -1, cur=peers:[s0|localhost:15012, s1|localhost:15016, s2|localhost:15020]|listeners:[], old=null}
  s2:  RUNNING  FOLLOWER (RUNNING): s2@group-BB9A90D547DD:t0, leader=null, voted=, raftlog=Memoized:s2@group-BB9A90D547DD-SegmentedRaftLog:OPENED:c-1:lastnull, conf=conf: {index: -1, cur=peers:[s0|localhost:15012, s1|localhost:15016, s2|localhost:15020]|listeners:[], old=null}
2025-09-29 07:14:44,207 [s0@group-BB9A90D547DD-FollowerState] INFO  impl.FollowerState (FollowerState.java:runImpl(161)) - s0@group-BB9A90D547DD-FollowerState: change to CANDIDATE, lastRpcElapsedTime:171241839ns, electionTimeout:170ms
2025-09-29 07:14:44,208 [s0@group-BB9A90D547DD-FollowerState] INFO  impl.RoleInfo (RoleInfo.java:shutdownFollowerState(121)) - s0: shutdown s0@group-BB9A90D547DD-FollowerState
2025-09-29 07:14:44,208 [s0@group-BB9A90D547DD-FollowerState] INFO  server.RaftServer$Division (RaftServerImpl.java:setRole(392)) - s0@group-BB9A90D547DD: changes role from  FOLLOWER to CANDIDATE at term 0 for changeToCandidate
2025-09-29 07:14:44,208 [s0@group-BB9A90D547DD-FollowerState] INFO  impl.RoleInfo (RoleInfo.java:updateAndGet(148)) - s0: start s0@group-BB9A90D547DD-LeaderElection5
2025-09-29 07:14:44,209 [s0@group-BB9A90D547DD-LeaderElection5] INFO  impl.LeaderElection (LeaderElection.java:askForVotes(448)) - s0@group-BB9A90D547DD-LeaderElection5 PRE_VOTE round 0: submit vote requests at term 0 for conf: {index: -1, cur=peers:[s0|localhost:15012, s1|localhost:15016, s2|localhost:15020]|listeners:[], old=null}
2025-09-29 07:14:44,209 [s0@group-BB9A90D547DD-LeaderElection5-1] INFO  server.GrpcServerProtocolClient (GrpcServerProtocolClient.java:<init>(64)) - Build channel for s1|localhost:15016
2025-09-29 07:14:44,209 [s0@group-BB9A90D547DD-LeaderElection5] INFO  server.RaftServerConfigKeys (ConfUtils.java:logFallback(69)) - raft.server.rpc.first-election.timeout.min = 150ms (fallback to raft.server.rpc.timeout.min)
2025-09-29 07:14:44,210 [s0@group-BB9A90D547DD-LeaderElection5] INFO  server.RaftServerConfigKeys (ConfUtils.java:logFallback(69)) - raft.server.rpc.first-election.timeout.max = 300ms (fallback to raft.server.rpc.timeout.max)
2025-09-29 07:14:44,209 [s0@group-BB9A90D547DD-LeaderElection5-2] INFO  server.GrpcServerProtocolClient (GrpcServerProtocolClient.java:<init>(64)) - Build channel for s2|localhost:15020
2025-09-29 07:14:44,214 [s1@group-BB9A90D547DD-FollowerState] INFO  impl.FollowerState (FollowerState.java:runImpl(161)) - s1@group-BB9A90D547DD-FollowerState: change to CANDIDATE, lastRpcElapsedTime:160860186ns, electionTimeout:159ms
2025-09-29 07:14:44,214 [s1@group-BB9A90D547DD-FollowerState] INFO  impl.RoleInfo (RoleInfo.java:shutdownFollowerState(121)) - s1: shutdown s1@group-BB9A90D547DD-FollowerState
2025-09-29 07:14:44,214 [s1@group-BB9A90D547DD-FollowerState] INFO  server.RaftServer$Division (RaftServerImpl.java:setRole(392)) - s1@group-BB9A90D547DD: changes role from  FOLLOWER to CANDIDATE at term 0 for changeToCandidate
2025-09-29 07:14:44,214 [s1@group-BB9A90D547DD-FollowerState] INFO  impl.RoleInfo (RoleInfo.java:updateAndGet(148)) - s1: start s1@group-BB9A90D547DD-LeaderElection6
2025-09-29 07:14:44,216 [s1@group-BB9A90D547DD-LeaderElection6] INFO  impl.LeaderElection (LeaderElection.java:askForVotes(448)) - s1@group-BB9A90D547DD-LeaderElection6 PRE_VOTE round 0: submit vote requests at term 0 for conf: {index: -1, cur=peers:[s0|localhost:15012, s1|localhost:15016, s2|localhost:15020]|listeners:[], old=null}
2025-09-29 07:14:44,217 [s1@group-BB9A90D547DD-LeaderElection6-1] INFO  server.GrpcServerProtocolClient (GrpcServerProtocolClient.java:<init>(64)) - Build channel for s0|localhost:15012
2025-09-29 07:14:44,218 [s1@group-BB9A90D547DD-LeaderElection6] INFO  server.RaftServerConfigKeys (ConfUtils.java:logFallback(69)) - raft.server.rpc.first-election.timeout.min = 150ms (fallback to raft.server.rpc.timeout.min)
2025-09-29 07:14:44,218 [s1@group-BB9A90D547DD-LeaderElection6-2] INFO  server.GrpcServerProtocolClient (GrpcServerProtocolClient.java:<init>(64)) - Build channel for s2|localhost:15020
2025-09-29 07:14:44,218 [s1@group-BB9A90D547DD-LeaderElection6] INFO  server.RaftServerConfigKeys (ConfUtils.java:logFallback(69)) - raft.server.rpc.first-election.timeout.max = 300ms (fallback to raft.server.rpc.timeout.max)
2025-09-29 07:14:44,300 [grpc-default-executor-1] INFO  server.RaftServer$Division (RaftServerImpl.java:requestVote(1433)) - s1@group-BB9A90D547DD: receive requestVote(PRE_VOTE, s0, group-BB9A90D547DD, 0, <PROTO_DEFAULT>)
2025-09-29 07:14:44,302 [grpc-default-executor-1] INFO  impl.VoteContext (VoteContext.java:log(49)) - s1@group-BB9A90D547DD-CANDIDATE: accept PRE_VOTE from s0: our priority 0 <= candidate's priority 0
2025-09-29 07:14:44,302 [grpc-default-executor-1] INFO  server.RaftServer$Division (RaftServerImpl.java:requestVote(1467)) - s1@group-BB9A90D547DD replies to PRE_VOTE vote request: s0<-s1#0:OK-t0-last:<INITIAL_VALUE>. Peer's state: s1@group-BB9A90D547DD:t0, leader=null, voted=, raftlog=Memoized:s1@group-BB9A90D547DD-SegmentedRaftLog:OPENED:c-1:lastnull, conf=conf: {index: -1, cur=peers:[s0|localhost:15012, s1|localhost:15016, s2|localhost:15020]|listeners:[], old=null}
2025-09-29 07:14:44,304 [grpc-default-executor-9] INFO  server.RaftServer$Division (RaftServerImpl.java:requestVote(1433)) - s0@group-BB9A90D547DD: receive requestVote(PRE_VOTE, s1, group-BB9A90D547DD, 0, <PROTO_DEFAULT>)
2025-09-29 07:14:44,304 [grpc-default-executor-18] INFO  server.RaftServer$Division (RaftServerImpl.java:requestVote(1433)) - s2@group-BB9A90D547DD: receive requestVote(PRE_VOTE, s1, group-BB9A90D547DD, 0, <PROTO_DEFAULT>)
2025-09-29 07:14:44,304 [grpc-default-executor-18] INFO  impl.VoteContext (VoteContext.java:log(49)) - s2@group-BB9A90D547DD-FOLLOWER: accept PRE_VOTE from s1: our priority 0 <= candidate's priority 0
2025-09-29 07:14:44,305 [grpc-default-executor-18] INFO  server.RaftServer$Division (RaftServerImpl.java:requestVote(1467)) - s2@group-BB9A90D547DD replies to PRE_VOTE vote request: s1<-s2#0:OK-t0-last:<INITIAL_VALUE>. Peer's state: s2@group-BB9A90D547DD:t0, leader=null, voted=, raftlog=Memoized:s2@group-BB9A90D547DD-SegmentedRaftLog:OPENED:c-1:lastnull, conf=conf: {index: -1, cur=peers:[s0|localhost:15012, s1|localhost:15016, s2|localhost:15020]|listeners:[], old=null}
2025-09-29 07:14:44,304 [grpc-default-executor-9] INFO  impl.VoteContext (VoteContext.java:log(49)) - s0@group-BB9A90D547DD-CANDIDATE: accept PRE_VOTE from s1: our priority 0 <= candidate's priority 0
2025-09-29 07:14:44,306 [grpc-default-executor-9] INFO  server.RaftServer$Division (RaftServerImpl.java:requestVote(1467)) - s0@group-BB9A90D547DD replies to PRE_VOTE vote request: s1<-s0#0:OK-t0-last:<INITIAL_VALUE>. Peer's state: s0@group-BB9A90D547DD:t0, leader=null, voted=, raftlog=Memoized:s0@group-BB9A90D547DD-SegmentedRaftLog:OPENED:c-1:lastnull, conf=conf: {index: -1, cur=peers:[s0|localhost:15012, s1|localhost:15016, s2|localhost:15020]|listeners:[], old=null}
2025-09-29 07:14:44,305 [grpc-default-executor-1] INFO  server.RaftServer$Division (RaftServerImpl.java:requestVote(1433)) - s2@group-BB9A90D547DD: receive requestVote(PRE_VOTE, s0, group-BB9A90D547DD, 0, <PROTO_DEFAULT>)
2025-09-29 07:14:44,306 [grpc-default-executor-1] INFO  impl.VoteContext (VoteContext.java:log(49)) - s2@group-BB9A90D547DD-FOLLOWER: accept PRE_VOTE from s0: our priority 0 <= candidate's priority 0
2025-09-29 07:14:44,306 [grpc-default-executor-1] INFO  server.RaftServer$Division (RaftServerImpl.java:requestVote(1467)) - s2@group-BB9A90D547DD replies to PRE_VOTE vote request: s0<-s2#0:OK-t0-last:<INITIAL_VALUE>. Peer's state: s2@group-BB9A90D547DD:t0, leader=null, voted=, raftlog=Memoized:s2@group-BB9A90D547DD-SegmentedRaftLog:OPENED:c-1:lastnull, conf=conf: {index: -1, cur=peers:[s0|localhost:15012, s1|localhost:15016, s2|localhost:15020]|listeners:[], old=null}
2025-09-29 07:14:44,309 [s0@group-BB9A90D547DD-LeaderElection5] INFO  impl.LeaderElection (LeaderElection.java:logAndReturn(206)) - s0@group-BB9A90D547DD-LeaderElection5: PRE_VOTE PASSED received 1 response(s) and 0 exception(s):
2025-09-29 07:14:44,309 [s0@group-BB9A90D547DD-LeaderElection5] INFO  impl.LeaderElection (LeaderElection.java:logAndReturn(210)) -   Response 0: s0<-s1#0:OK-t0-last:<INITIAL_VALUE>
2025-09-29 07:14:44,309 [s0@group-BB9A90D547DD-LeaderElection5] INFO  impl.LeaderElection (LeaderElection.java:askForVotes(450)) - s0@group-BB9A90D547DD-LeaderElection5 PRE_VOTE round 0: result PASSED
2025-09-29 07:14:44,310 [s0@group-BB9A90D547DD-LeaderElection5] TRACE util.FileUtils (LogUtils.java:supplyAndLog(69)) - Successfully supplied FileChannel.open /home/runner/work/ratis/ratis/ratis-test/target/test/data/6b14e155/MiniRaftClusterWithGrpc8d8bca63/s0/8d280bda-3b54-48c3-9c20-bb9a90d547dd/current/raft-meta.tmp with options [CREATE, TRUNCATE_EXISTING, WRITE]: sun.nio.ch.FileChannelImpl@4158418
2025-09-29 07:14:44,311 [s0@group-BB9A90D547DD-LeaderElection5] TRACE util.FileUtils (LogUtils.java:runAndLog(49)) - Successfully ran Atomic Files.move /home/runner/work/ratis/ratis/ratis-test/target/test/data/6b14e155/MiniRaftClusterWithGrpc8d8bca63/s0/8d280bda-3b54-48c3-9c20-bb9a90d547dd/current/raft-meta.tmp to /home/runner/work/ratis/ratis/ratis-test/target/test/data/6b14e155/MiniRaftClusterWithGrpc8d8bca63/s0/8d280bda-3b54-48c3-9c20-bb9a90d547dd/current/raft-meta with options [REPLACE_EXISTING]
2025-09-29 07:14:44,311 [s0@group-BB9A90D547DD-LeaderElection5] INFO  impl.LeaderElection (LeaderElection.java:askForVotes(448)) - s0@group-BB9A90D547DD-LeaderElection5 ELECTION round 0: submit vote requests at term 1 for conf: {index: -1, cur=peers:[s0|localhost:15012, s1|localhost:15016, s2|localhost:15020]|listeners:[], old=null}
2025-09-29 07:14:44,314 [s1@group-BB9A90D547DD-LeaderElection6] INFO  impl.LeaderElection (LeaderElection.java:logAndReturn(206)) - s1@group-BB9A90D547DD-LeaderElection6: PRE_VOTE PASSED received 1 response(s) and 0 exception(s):
2025-09-29 07:14:44,314 [s1@group-BB9A90D547DD-LeaderElection6] INFO  impl.LeaderElection (LeaderElection.java:logAndReturn(210)) -   Response 0: s1<-s2#0:OK-t0-last:<INITIAL_VALUE>
2025-09-29 07:14:44,314 [s0@group-BB9A90D547DD-LeaderElection5] INFO  server.RaftServerConfigKeys (ConfUtils.java:logFallback(69)) - raft.server.rpc.first-election.timeout.min = 150ms (fallback to raft.server.rpc.timeout.min)
2025-09-29 07:14:44,314 [s0@group-BB9A90D547DD-LeaderElection5] INFO  server.RaftServerConfigKeys (ConfUtils.java:logFallback(69)) - raft.server.rpc.first-election.timeout.max = 300ms (fallback to raft.server.rpc.timeout.max)
2025-09-29 07:14:44,315 [s1@group-BB9A90D547DD-LeaderElection6] INFO  impl.LeaderElection (LeaderElection.java:askForVotes(450)) - s1@group-BB9A90D547DD-LeaderElection6 PRE_VOTE round 0: result PASSED
2025-09-29 07:14:44,315 [s1@group-BB9A90D547DD-LeaderElection6] TRACE util.FileUtils (LogUtils.java:supplyAndLog(69)) - Successfully supplied FileChannel.open /home/runner/work/ratis/ratis/ratis-test/target/test/data/6b14e155/MiniRaftClusterWithGrpc8d8bca63/s1/8d280bda-3b54-48c3-9c20-bb9a90d547dd/current/raft-meta.tmp with options [CREATE, TRUNCATE_EXISTING, WRITE]: sun.nio.ch.FileChannelImpl@3aacb019
2025-09-29 07:14:44,317 [grpc-default-executor-1] INFO  server.RaftServer$Division (RaftServerImpl.java:requestVote(1433)) - s1@group-BB9A90D547DD: receive requestVote(ELECTION, s0, group-BB9A90D547DD, 1, <PROTO_DEFAULT>)
2025-09-29 07:14:44,317 [grpc-default-executor-1] INFO  impl.VoteContext (VoteContext.java:log(49)) - s1@group-BB9A90D547DD-CANDIDATE: reject ELECTION from s0: already has voted for s1 at current term 1
2025-09-29 07:14:44,317 [grpc-default-executor-1] INFO  server.RaftServer$Division (RaftServerImpl.java:requestVote(1467)) - s1@group-BB9A90D547DD replies to ELECTION vote request: s0<-s1#0:FAIL-t1-last:<INITIAL_VALUE>. Peer's state: s1@group-BB9A90D547DD:t1, leader=null, voted=s1, raftlog=Memoized:s1@group-BB9A90D547DD-SegmentedRaftLog:OPENED:c-1:lastnull, conf=conf: {index: -1, cur=peers:[s0|localhost:15012, s1|localhost:15016, s2|localhost:15020]|listeners:[], old=null}
2025-09-29 07:14:44,317 [s1@group-BB9A90D547DD-LeaderElection6] TRACE util.FileUtils (LogUtils.java:runAndLog(49)) - Successfully ran Atomic Files.move /home/runner/work/ratis/ratis/ratis-test/target/test/data/6b14e155/MiniRaftClusterWithGrpc8d8bca63/s1/8d280bda-3b54-48c3-9c20-bb9a90d547dd/current/raft-meta.tmp to /home/runner/work/ratis/ratis/ratis-test/target/test/data/6b14e155/MiniRaftClusterWithGrpc8d8bca63/s1/8d280bda-3b54-48c3-9c20-bb9a90d547dd/current/raft-meta with options [REPLACE_EXISTING]
2025-09-29 07:14:44,318 [s1@group-BB9A90D547DD-LeaderElection6] INFO  impl.LeaderElection (LeaderElection.java:askForVotes(448)) - s1@group-BB9A90D547DD-LeaderElection6 ELECTION round 0: submit vote requests at term 1 for conf: {index: -1, cur=peers:[s0|localhost:15012, s1|localhost:15016, s2|localhost:15020]|listeners:[], old=null}
2025-09-29 07:14:44,321 [s1@group-BB9A90D547DD-LeaderElection6] INFO  server.RaftServerConfigKeys (ConfUtils.java:logFallback(69)) - raft.server.rpc.first-election.timeout.min = 150ms (fallback to raft.server.rpc.timeout.min)
2025-09-29 07:14:44,321 [s1@group-BB9A90D547DD-LeaderElection6] INFO  server.RaftServerConfigKeys (ConfUtils.java:logFallback(69)) - raft.server.rpc.first-election.timeout.max = 300ms (fallback to raft.server.rpc.timeout.max)
2025-09-29 07:14:44,322 [grpc-default-executor-18] INFO  server.RaftServer$Division (RaftServerImpl.java:requestVote(1433)) - s0@group-BB9A90D547DD: receive requestVote(ELECTION, s1, group-BB9A90D547DD, 1, <PROTO_DEFAULT>)
2025-09-29 07:14:44,322 [grpc-default-executor-18] INFO  impl.VoteContext (VoteContext.java:log(49)) - s0@group-BB9A90D547DD-CANDIDATE: reject ELECTION from s1: already has voted for s0 at current term 1
2025-09-29 07:14:44,322 [grpc-default-executor-18] INFO  server.RaftServer$Division (RaftServerImpl.java:requestVote(1467)) - s0@group-BB9A90D547DD replies to ELECTION vote request: s1<-s0#0:FAIL-t1-last:<INITIAL_VALUE>. Peer's state: s0@group-BB9A90D547DD:t1, leader=null, voted=s0, raftlog=Memoized:s0@group-BB9A90D547DD-SegmentedRaftLog:OPENED:c-1:lastnull, conf=conf: {index: -1, cur=peers:[s0|localhost:15012, s1|localhost:15016, s2|localhost:15020]|listeners:[], old=null}
2025-09-29 07:14:44,324 [grpc-default-executor-1] INFO  server.RaftServer$Division (RaftServerImpl.java:requestVote(1433)) - s2@group-BB9A90D547DD: receive requestVote(ELECTION, s0, group-BB9A90D547DD, 1, <PROTO_DEFAULT>)
2025-09-29 07:14:44,325 [grpc-default-executor-1] INFO  impl.VoteContext (VoteContext.java:log(49)) - s2@group-BB9A90D547DD-FOLLOWER: accept ELECTION from s0: our priority 0 <= candidate's priority 0
2025-09-29 07:14:44,325 [grpc-default-executor-1] INFO  server.RaftServer$Division (RaftServerImpl.java:setRole(392)) - s2@group-BB9A90D547DD: changes role from  FOLLOWER to FOLLOWER at term 0 for candidate:s0
2025-09-29 07:14:44,325 [grpc-default-executor-1] INFO  impl.RoleInfo (RoleInfo.java:shutdownFollowerState(121)) - s2: shutdown s2@group-BB9A90D547DD-FollowerState
2025-09-29 07:14:44,325 [grpc-default-executor-18] INFO  server.RaftServer$Division (RaftServerImpl.java:requestVote(1433)) - s2@group-BB9A90D547DD: receive requestVote(ELECTION, s1, group-BB9A90D547DD, 1, <PROTO_DEFAULT>)
2025-09-29 07:14:44,326 [grpc-default-executor-1] INFO  impl.RoleInfo (RoleInfo.java:updateAndGet(148)) - s2: start s2@group-BB9A90D547DD-FollowerState
2025-09-29 07:14:44,326 [grpc-default-executor-1] INFO  server.RaftServer$Division (RaftServerImpl.java:setFirstElection(576)) - s2@group-BB9A90D547DD: set firstElectionSinceStartup to false for candidate:s0
2025-09-29 07:14:44,326 [grpc-default-executor-1] TRACE util.FileUtils (LogUtils.java:supplyAndLog(69)) - Successfully supplied FileChannel.open /home/runner/work/ratis/ratis/ratis-test/target/test/data/6b14e155/MiniRaftClusterWithGrpc8d8bca63/s2/8d280bda-3b54-48c3-9c20-bb9a90d547dd/current/raft-meta.tmp with options [CREATE, TRUNCATE_EXISTING, WRITE]: sun.nio.ch.FileChannelImpl@4f42328c
2025-09-29 07:14:44,327 [s2@group-BB9A90D547DD-FollowerState] INFO  impl.FollowerState (FollowerState.java:runImpl(170)) - s2@group-BB9A90D547DD-FollowerState was interrupted
2025-09-29 07:14:44,328 [grpc-default-executor-1] TRACE util.FileUtils (LogUtils.java:runAndLog(49)) - Successfully ran Atomic Files.move /home/runner/work/ratis/ratis/ratis-test/target/test/data/6b14e155/MiniRaftClusterWithGrpc8d8bca63/s2/8d280bda-3b54-48c3-9c20-bb9a90d547dd/current/raft-meta.tmp to /home/runner/work/ratis/ratis/ratis-test/target/test/data/6b14e155/MiniRaftClusterWithGrpc8d8bca63/s2/8d280bda-3b54-48c3-9c20-bb9a90d547dd/current/raft-meta with options [REPLACE_EXISTING]
2025-09-29 07:14:44,328 [grpc-default-executor-1] INFO  server.RaftServer$Division (RaftServerImpl.java:requestVote(1467)) - s2@group-BB9A90D547DD replies to ELECTION vote request: s0<-s2#0:OK-t1-last:<INITIAL_VALUE>. Peer's state: s2@group-BB9A90D547DD:t1, leader=null, voted=s0, raftlog=Memoized:s2@group-BB9A90D547DD-SegmentedRaftLog:OPENED:c-1:lastnull, conf=conf: {index: -1, cur=peers:[s0|localhost:15012, s1|localhost:15016, s2|localhost:15020]|listeners:[], old=null}
2025-09-29 07:14:44,329 [grpc-default-executor-18] INFO  impl.VoteContext (VoteContext.java:log(49)) - s2@group-BB9A90D547DD-FOLLOWER: reject ELECTION from s1: already has voted for s0 at current term 1
2025-09-29 07:14:44,330 [grpc-default-executor-18] INFO  server.RaftServer$Division (RaftServerImpl.java:requestVote(1467)) - s2@group-BB9A90D547DD replies to ELECTION vote request: s1<-s2#0:FAIL-t1-last:<INITIAL_VALUE>. Peer's state: s2@group-BB9A90D547DD:t1, leader=null, voted=s0, raftlog=Memoized:s2@group-BB9A90D547DD-SegmentedRaftLog:OPENED:c-1:lastnull, conf=conf: {index: -1, cur=peers:[s0|localhost:15012, s1|localhost:15016, s2|localhost:15020]|listeners:[], old=null}
2025-09-29 07:14:44,330 [s0@group-BB9A90D547DD-LeaderElection5] INFO  impl.LeaderElection (LeaderElection.java:logAndReturn(206)) - s0@group-BB9A90D547DD-LeaderElection5: ELECTION PASSED received 2 response(s) and 0 exception(s):
2025-09-29 07:14:44,331 [s0@group-BB9A90D547DD-LeaderElection5] INFO  impl.LeaderElection (LeaderElection.java:logAndReturn(210)) -   Response 0: s0<-s1#0:FAIL-t1-last:<INITIAL_VALUE>
2025-09-29 07:14:44,331 [s0@group-BB9A90D547DD-LeaderElection5] INFO  impl.LeaderElection (LeaderElection.java:logAndReturn(210)) -   Response 1: s0<-s2#0:OK-t1-last:<INITIAL_VALUE>
2025-09-29 07:14:44,331 [s0@group-BB9A90D547DD-LeaderElection5] INFO  impl.LeaderElection (LeaderElection.java:askForVotes(450)) - s0@group-BB9A90D547DD-LeaderElection5 ELECTION round 0: result PASSED
2025-09-29 07:14:44,332 [s0@group-BB9A90D547DD-LeaderElection5] INFO  impl.RoleInfo (RoleInfo.java:shutdownLeaderElection(141)) - s0: shutdown s0@group-BB9A90D547DD-LeaderElection5
2025-09-29 07:14:44,332 [s0@group-BB9A90D547DD-LeaderElection5] INFO  server.RaftServer$Division (RaftServerImpl.java:setRole(392)) - s0@group-BB9A90D547DD: changes role from CANDIDATE to LEADER at term 1 for changeToLeader
2025-09-29 07:14:44,332 [s0@group-BB9A90D547DD-LeaderElection5] INFO  server.RaftServerConfigKeys (ConfUtils.java:logFallback(69)) - raft.server.staging.timeout = 900ms (fallback to raft.server.rpc.timeout.max)
2025-09-29 07:14:44,334 [s1@group-BB9A90D547DD-LeaderElection6] INFO  impl.LeaderElection (LeaderElection.java:waitForResults(573)) - rejectedPeers: [s0, s2], emptyCommit? true
2025-09-29 07:14:44,334 [s1@group-BB9A90D547DD-LeaderElection6] INFO  impl.LeaderElection (LeaderElection.java:logAndReturn(206)) - s1@group-BB9A90D547DD-LeaderElection6: ELECTION REJECTED received 2 response(s) and 0 exception(s):
2025-09-29 07:14:44,334 [s1@group-BB9A90D547DD-LeaderElection6] INFO  impl.LeaderElection (LeaderElection.java:logAndReturn(210)) -   Response 0: s1<-s0#0:FAIL-t1-last:<INITIAL_VALUE>
2025-09-29 07:14:44,334 [s1@group-BB9A90D547DD-LeaderElection6] INFO  impl.LeaderElection (LeaderElection.java:logAndReturn(210)) -   Response 1: s1<-s2#0:FAIL-t1-last:<INITIAL_VALUE>
2025-09-29 07:14:44,334 [s1@group-BB9A90D547DD-LeaderElection6] INFO  impl.LeaderElection (LeaderElection.java:askForVotes(450)) - s1@group-BB9A90D547DD-LeaderElection6 ELECTION round 0: result REJECTED
2025-09-29 07:14:44,334 [s1@group-BB9A90D547DD-LeaderElection6] INFO  server.RaftServer$Division (RaftServerImpl.java:setRole(392)) - s1@group-BB9A90D547DD: changes role from CANDIDATE to FOLLOWER at term 1 for REJECTED
2025-09-29 07:14:44,334 [s1@group-BB9A90D547DD-LeaderElection6] INFO  impl.RoleInfo (RoleInfo.java:shutdownLeaderElection(141)) - s1: shutdown s1@group-BB9A90D547DD-LeaderElection6
2025-09-29 07:14:44,334 [s1@group-BB9A90D547DD-LeaderElection6] INFO  impl.RoleInfo (RoleInfo.java:updateAndGet(148)) - s1: start s1@group-BB9A90D547DD-FollowerState
2025-09-29 07:14:44,336 [s1@group-BB9A90D547DD-LeaderElection6] INFO  server.RaftServer$Division (RaftServerImpl.java:setFirstElection(576)) - s1@group-BB9A90D547DD: set firstElectionSinceStartup to false for REJECTED
2025-09-29 07:14:44,341 [s0@group-BB9A90D547DD-LeaderElection5] INFO  impl.RoleInfo (RoleInfo.java:updateAndGet(148)) - s0: start s0@group-BB9A90D547DD-LeaderStateImpl
2025-09-29 07:14:44,342 [s0@group-BB9A90D547DD-LeaderElection5] INFO  server.RaftServer$Division (RaftServerImpl.java:setFirstElection(576)) - s0@group-BB9A90D547DD: set firstElectionSinceStartup to false for becomeLeader
2025-09-29 07:14:44,342 [s0@group-BB9A90D547DD-LeaderElection5] INFO  server.RaftServer$Division (ServerState.java:setLeader(277)) - s0@group-BB9A90D547DD: change Leader from null to s0 at term 1 for becomeLeader, leader elected after 325ms
2025-09-29 07:14:44,342 [s0@group-BB9A90D547DD-LeaderElection5] INFO  segmented.SegmentedRaftLogWorker (SegmentedRaftLogWorker.java:startLogSegment(440)) - s0@group-BB9A90D547DD-SegmentedRaftLogWorker: Starting segment from index:0
2025-09-29 07:14:44,343 [s0@group-BB9A90D547DD-LeaderElection5] INFO  server.RaftServer$Division (ServerState.java:setRaftConf(391)) - s0@group-BB9A90D547DD: set configuration conf: {index: 0, cur=peers:[s0|localhost:15012, s1|localhost:15016, s2|localhost:15020]|listeners:[], old=null}
2025-09-29 07:14:44,347 [s0@group-BB9A90D547DD-SegmentedRaftLogWorker] INFO  segmented.BufferedWriteChannel (BufferedWriteChannel.java:open(61)) - open log_inprogress_0 at position 0
2025-09-29 07:14:44,356 [s0@group-BB9A90D547DD-SegmentedRaftLogWorker] INFO  segmented.SegmentedRaftLogWorker (SegmentedRaftLogWorker.java:execute(647)) - s0@group-BB9A90D547DD-SegmentedRaftLogWorker: created new log segment /home/runner/work/ratis/ratis/ratis-test/target/test/data/6b14e155/MiniRaftClusterWithGrpc8d8bca63/s0/8d280bda-3b54-48c3-9c20-bb9a90d547dd/current/log_inprogress_0
2025-09-29 07:14:44,356 [grpc-default-executor-1] INFO  server.RaftServer$Division (ServerState.java:setLeader(277)) - s1@group-BB9A90D547DD: change Leader from null to s0 at term 1 for appendEntries, leader elected after 334ms
2025-09-29 07:14:44,357 [grpc-default-executor-12] INFO  server.RaftServer$Division (ServerState.java:setLeader(277)) - s2@group-BB9A90D547DD: change Leader from null to s0 at term 1 for appendEntries, leader elected after 328ms
2025-09-29 07:14:44,360 [grpc-default-executor-18] DEBUG server.RaftServer$Division (RaftServerImpl.java:logAppendEntries(1536)) - s1@group-BB9A90D547DD: appendEntries* s0->s1#1-t1,previous=<PROTO_DEFAULT>,leaderCommit=-1,initializing? false,entries: size=1, first=(t:1, i:0), CONFIGURATIONENTRY(current:id:"s0"address:"localhost:15012"dataStreamAddress:"localhost:15015"clientAddress:"localhost:15014"adminAddress:"localhost:15013"startupRole:FOLLOWER, id:"s1"address:"localhost:15016"dataStreamAddress:"localhost:15019"clientAddress:"localhost:15018"adminAddress:"localhost:15017"startupRole:FOLLOWER, id:"s2"address:"localhost:15020"dataStreamAddress:"localhost:15023"clientAddress:"localhost:15022"adminAddress:"localhost:15021"startupRole:FOLLOWER, old:)
2025-09-29 07:14:44,361 [grpc-default-executor-18] INFO  server.RaftServer$Division (ServerState.java:setRaftConf(391)) - s1@group-BB9A90D547DD: set configuration conf: {index: 0, cur=peers:[s0|localhost:15012, s1|localhost:15016, s2|localhost:15020]|listeners:[], old=null}
2025-09-29 07:14:44,362 [s1-server-thread1] INFO  segmented.SegmentedRaftLogWorker (SegmentedRaftLogWorker.java:startLogSegment(440)) - s1@group-BB9A90D547DD-SegmentedRaftLogWorker: Starting segment from index:0
2025-09-29 07:14:44,364 [s1@group-BB9A90D547DD-SegmentedRaftLogWorker] INFO  segmented.BufferedWriteChannel (BufferedWriteChannel.java:open(61)) - open log_inprogress_0 at position 0
2025-09-29 07:14:44,369 [grpc-default-executor-18] DEBUG server.RaftServer$Division (RaftServerImpl.java:logAppendEntries(1536)) - s2@group-BB9A90D547DD: appendEntries* s0->s2#1-t1,previous=<PROTO_DEFAULT>,leaderCommit=-1,initializing? false,entries: size=1, first=(t:1, i:0), CONFIGURATIONENTRY(current:id:"s0"address:"localhost:15012"dataStreamAddress:"localhost:15015"clientAddress:"localhost:15014"adminAddress:"localhost:15013"startupRole:FOLLOWER, id:"s1"address:"localhost:15016"dataStreamAddress:"localhost:15019"clientAddress:"localhost:15018"adminAddress:"localhost:15017"startupRole:FOLLOWER, id:"s2"address:"localhost:15020"dataStreamAddress:"localhost:15023"clientAddress:"localhost:15022"adminAddress:"localhost:15021"startupRole:FOLLOWER, old:)
2025-09-29 07:14:44,369 [grpc-default-executor-18] INFO  server.RaftServer$Division (ServerState.java:setRaftConf(391)) - s2@group-BB9A90D547DD: set configuration conf: {index: 0, cur=peers:[s0|localhost:15012, s1|localhost:15016, s2|localhost:15020]|listeners:[], old=null}
2025-09-29 07:14:44,371 [s2-server-thread1] INFO  segmented.SegmentedRaftLogWorker (SegmentedRaftLogWorker.java:startLogSegment(440)) - s2@group-BB9A90D547DD-SegmentedRaftLogWorker: Starting segment from index:0
2025-09-29 07:14:44,374 [s2@group-BB9A90D547DD-SegmentedRaftLogWorker] INFO  segmented.BufferedWriteChannel (BufferedWriteChannel.java:open(61)) - open log_inprogress_0 at position 0
2025-09-29 07:14:44,374 [s1@group-BB9A90D547DD-SegmentedRaftLogWorker] INFO  segmented.SegmentedRaftLogWorker (SegmentedRaftLogWorker.java:execute(647)) - s1@group-BB9A90D547DD-SegmentedRaftLogWorker: created new log segment /home/runner/work/ratis/ratis/ratis-test/target/test/data/6b14e155/MiniRaftClusterWithGrpc8d8bca63/s1/8d280bda-3b54-48c3-9c20-bb9a90d547dd/current/log_inprogress_0
2025-09-29 07:14:44,378 [s1-server-thread1] DEBUG server.RaftServer$Division (RaftServerImpl.java:logAppendEntries(1536)) - s1@group-BB9A90D547DD: appendEntries* reply s0<-s1#1:OK-t1,SUCCESS,nextIndex=1,followerCommit=-1,matchIndex=0
2025-09-29 07:14:44,382 [s0@group-BB9A90D547DD-StateMachineUpdater] TRACE util.FileUtils (LogUtils.java:supplyAndLog(69)) - Successfully supplied FileChannel.open /home/runner/work/ratis/ratis/ratis-test/target/test/data/6b14e155/MiniRaftClusterWithGrpc8d8bca63/s0/8d280bda-3b54-48c3-9c20-bb9a90d547dd/current/raft-meta.conf.tmp with options [CREATE, TRUNCATE_EXISTING, WRITE]: sun.nio.ch.FileChannelImpl@625c1136
2025-09-29 07:14:44,382 [s2@group-BB9A90D547DD-SegmentedRaftLogWorker] INFO  segmented.SegmentedRaftLogWorker (SegmentedRaftLogWorker.java:execute(647)) - s2@group-BB9A90D547DD-SegmentedRaftLogWorker: created new log segment /home/runner/work/ratis/ratis/ratis-test/target/test/data/6b14e155/MiniRaftClusterWithGrpc8d8bca63/s2/8d280bda-3b54-48c3-9c20-bb9a90d547dd/current/log_inprogress_0
2025-09-29 07:14:44,385 [s0@group-BB9A90D547DD-StateMachineUpdater] TRACE util.FileUtils (LogUtils.java:runAndLog(49)) - Successfully ran Atomic Files.move /home/runner/work/ratis/ratis/ratis-test/target/test/data/6b14e155/MiniRaftClusterWithGrpc8d8bca63/s0/8d280bda-3b54-48c3-9c20-bb9a90d547dd/current/raft-meta.conf.tmp to /home/runner/work/ratis/ratis/ratis-test/target/test/data/6b14e155/MiniRaftClusterWithGrpc8d8bca63/s0/8d280bda-3b54-48c3-9c20-bb9a90d547dd/current/raft-meta.conf with options [REPLACE_EXISTING]
2025-09-29 07:14:44,385 [s0@group-BB9A90D547DD-StateMachineUpdater] INFO  server.RaftServer$Division (LeaderStateImpl.java:checkStartIndex(309)) - Leader s0@group-BB9A90D547DD-LeaderStateImpl is ready since appliedIndex == startIndex == 0
2025-09-29 07:14:44,385 [s2-server-thread1] DEBUG server.RaftServer$Division (RaftServerImpl.java:logAppendEntries(1536)) - s2@group-BB9A90D547DD: appendEntries* reply s0<-s2#1:OK-t1,SUCCESS,nextIndex=1,followerCommit=-1,matchIndex=0
2025-09-29 07:14:44,460 [s1@group-BB9A90D547DD-StateMachineUpdater] TRACE util.FileUtils (LogUtils.java:supplyAndLog(69)) - Successfully supplied FileChannel.open /home/runner/work/ratis/ratis/ratis-test/target/test/data/6b14e155/MiniRaftClusterWithGrpc8d8bca63/s1/8d280bda-3b54-48c3-9c20-bb9a90d547dd/current/raft-meta.conf.tmp with options [CREATE, TRUNCATE_EXISTING, WRITE]: sun.nio.ch.FileChannelImpl@4b56a6b0
2025-09-29 07:14:44,464 [s1@group-BB9A90D547DD-StateMachineUpdater] TRACE util.FileUtils (LogUtils.java:runAndLog(49)) - Successfully ran Atomic Files.move /home/runner/work/ratis/ratis/ratis-test/target/test/data/6b14e155/MiniRaftClusterWithGrpc8d8bca63/s1/8d280bda-3b54-48c3-9c20-bb9a90d547dd/current/raft-meta.conf.tmp to /home/runner/work/ratis/ratis/ratis-test/target/test/data/6b14e155/MiniRaftClusterWithGrpc8d8bca63/s1/8d280bda-3b54-48c3-9c20-bb9a90d547dd/current/raft-meta.conf with options [REPLACE_EXISTING]
2025-09-29 07:14:44,469 [s2@group-BB9A90D547DD-StateMachineUpdater] TRACE util.FileUtils (LogUtils.java:supplyAndLog(69)) - Successfully supplied FileChannel.open /home/runner/work/ratis/ratis/ratis-test/target/test/data/6b14e155/MiniRaftClusterWithGrpc8d8bca63/s2/8d280bda-3b54-48c3-9c20-bb9a90d547dd/current/raft-meta.conf.tmp with options [CREATE, TRUNCATE_EXISTING, WRITE]: sun.nio.ch.FileChannelImpl@8d93b7d
2025-09-29 07:14:44,471 [s2@group-BB9A90D547DD-StateMachineUpdater] TRACE util.FileUtils (LogUtils.java:runAndLog(49)) - Successfully ran Atomic Files.move /home/runner/work/ratis/ratis/ratis-test/target/test/data/6b14e155/MiniRaftClusterWithGrpc8d8bca63/s2/8d280bda-3b54-48c3-9c20-bb9a90d547dd/current/raft-meta.conf.tmp to /home/runner/work/ratis/ratis/ratis-test/target/test/data/6b14e155/MiniRaftClusterWithGrpc8d8bca63/s2/8d280bda-3b54-48c3-9c20-bb9a90d547dd/current/raft-meta.conf with options [REPLACE_EXISTING]
2025-09-29 07:14:44,524 [main] INFO  ratis.RaftTestUtil (RaftTestUtil.java:waitForLeader(131)) - printing ALL groups
  s0:  RUNNING    LEADER (RUNNING): s0@group-BB9A90D547DD:t1, leader=s0, voted=s0, raftlog=Memoized:s0@group-BB9A90D547DD-SegmentedRaftLog:OPENED:c0:last(t:1, i:0), conf=conf: {index: 0, cur=peers:[s0|localhost:15012, s1|localhost:15016, s2|localhost:15020]|listeners:[], old=null}
  s1:  RUNNING  FOLLOWER (RUNNING): s1@group-BB9A90D547DD:t1, leader=s0, voted=s1, raftlog=Memoized:s1@group-BB9A90D547DD-SegmentedRaftLog:OPENED:c0:last(t:1, i:0), conf=conf: {index: 0, cur=peers:[s0|localhost:15012, s1|localhost:15016, s2|localhost:15020]|listeners:[], old=null}
  s2:  RUNNING  FOLLOWER (RUNNING): s2@group-BB9A90D547DD:t1, leader=s0, voted=s0, raftlog=Memoized:s2@group-BB9A90D547DD-SegmentedRaftLog:OPENED:c0:last(t:1, i:0), conf=conf: {index: 0, cur=peers:[s0|localhost:15012, s1|localhost:15016, s2|localhost:15020]|listeners:[], old=null}
2025-09-29 07:14:44,533 [s0-client-thread1] DEBUG server.RaftServer$Division (RaftServerImpl.java:submitClientRequestAsync(939)) - s0@group-BB9A90D547DD: receive client request(RaftClientRequest:client-A0A9049F9945->s0@group-BB9A90D547DD, cid=5, seq=null, RW, Message:494e4352454d454e54)
2025-09-29 07:14:44,534 [s0-client-thread1] DEBUG server.RaftServer$Division (LeaderStateImpl.java:addPendingRequest(526)) - s0@group-BB9A90D547DD-LeaderStateImpl: addPendingRequest at RaftClientRequest:client-A0A9049F9945->s0@group-BB9A90D547DD, cid=5, seq=null, RW, Message:494e4352454d454e54, entry=(t:1, i:1), STATEMACHINELOGENTRY, WRITE: logData.size=9, stateMachineData.size=0, logEntryProtoSerializedSize=0
2025-09-29 07:14:44,536 [grpc-default-executor-12] DEBUG server.RaftServer$Division (RaftServerImpl.java:logAppendEntries(1536)) - s1@group-BB9A90D547DD: appendEntries* s0->s1#4-t1,previous=(t:1, i:0),leaderCommit=0,initializing? false,entries: size=1, first=(t:1, i:1), STATEMACHINELOGENTRY, StateMachineLogEntryProto:5@client-A0A9049F9945
2025-09-29 07:14:44,538 [grpc-default-executor-9] DEBUG server.RaftServer$Division (RaftServerImpl.java:logAppendEntries(1536)) - s2@group-BB9A90D547DD: appendEntries* s0->s2#6-t1,previous=(t:1, i:0),leaderCommit=0,initializing? false,entries: size=1, first=(t:1, i:1), STATEMACHINELOGENTRY, StateMachineLogEntryProto:5@client-A0A9049F9945
2025-09-29 07:14:44,538 [s1-server-thread1] DEBUG server.RaftServer$Division (RaftServerImpl.java:logAppendEntries(1536)) - s1@group-BB9A90D547DD: appendEntries* reply s0<-s1#4:OK-t1,SUCCESS,nextIndex=2,followerCommit=0,matchIndex=1
2025-09-29 07:14:44,541 [s2-server-thread1] DEBUG server.RaftServer$Division (RaftServerImpl.java:logAppendEntries(1536)) - s2@group-BB9A90D547DD: appendEntries* reply s0<-s2#6:OK-t1,SUCCESS,nextIndex=2,followerCommit=0,matchIndex=1
2025-09-29 07:14:44,542 [s0@group-BB9A90D547DD-StateMachineUpdater] INFO  statemachine.StateMachine (ReadOnlyRequestTests.java:applyTransaction(375)) - receive command: INCREMENT
2025-09-29 07:14:44,544 [grpc-default-executor-12] DEBUG server.RaftServer$Division (RaftServerImpl.java:logAppendEntries(1536)) - s1@group-BB9A90D547DD: appendEntries* s0->s1#6-t1,previous=(t:1, i:1),leaderCommit=1,initializing? false,entries: size=1, first=(t:1, i:2), METADATAENTRY(c:1)
2025-09-29 07:14:44,545 [grpc-default-executor-18] DEBUG server.RaftServer$Division (RaftServerImpl.java:logAppendEntries(1536)) - s2@group-BB9A90D547DD: appendEntries* s0->s2#7-t1,previous=(t:1, i:1),leaderCommit=1,initializing? false,entries: size=1, first=(t:1, i:2), METADATAENTRY(c:1)
2025-09-29 07:14:44,547 [s1@group-BB9A90D547DD-StateMachineUpdater] INFO  statemachine.StateMachine (ReadOnlyRequestTests.java:applyTransaction(375)) - receive command: INCREMENT
2025-09-29 07:14:44,546 [s1-server-thread1] DEBUG server.RaftServer$Division (RaftServerImpl.java:logAppendEntries(1536)) - s1@group-BB9A90D547DD: appendEntries* reply s0<-s1#6:OK-t1,SUCCESS,nextIndex=3,followerCommit=1,matchIndex=2
2025-09-29 07:14:44,550 [s2-server-thread1] DEBUG server.RaftServer$Division (RaftServerImpl.java:logAppendEntries(1536)) - s2@group-BB9A90D547DD: appendEntries* reply s0<-s2#7:OK-t1,SUCCESS,nextIndex=3,followerCommit=1,matchIndex=2
2025-09-29 07:14:44,550 [s2@group-BB9A90D547DD-StateMachineUpdater] INFO  statemachine.StateMachine (ReadOnlyRequestTests.java:applyTransaction(375)) - receive command: INCREMENT
2025-09-29 07:14:44,561 [s1-client-thread1] DEBUG server.RaftServer$Division (RaftServerImpl.java:submitClientRequestAsync(939)) - s1@group-BB9A90D547DD: receive client request(RaftClientRequest:client-A0A9049F9945->s1@group-BB9A90D547DD, cid=6, seq=null, RO, Message:5155455259)
2025-09-29 07:14:44,565 [s0-server-thread1] DEBUG server.RaftServer$Division (LeaderStateImpl.java:getReadIndex(1147)) - readIndex=2, readAfterWriteConsistentIndex=null
2025-09-29 07:14:44,598 [s0-client-thread1] DEBUG server.RaftServer$Division (RaftServerImpl.java:submitClientRequestAsync(939)) - s0@group-BB9A90D547DD: receive client request(RaftClientRequest:client-A0A9049F9945->s0@group-BB9A90D547DD, cid=7, seq=1*, Watch(0), Message:<EMPTY>)
2025-09-29 07:14:44,606 [s2-client-thread1] DEBUG server.RaftServer$Division (RaftServerImpl.java:submitClientRequestAsync(939)) - s2@group-BB9A90D547DD: receive client request(RaftClientRequest:client-A0A9049F9945->s2@group-BB9A90D547DD, cid=8, seq=1*, RO, Message:5155455259)
2025-09-29 07:14:44,606 [s2-client-thread1] INFO  server.GrpcServerProtocolClient (GrpcServerProtocolClient.java:<init>(64)) - Build channel for s0|localhost:15012
2025-09-29 07:14:44,609 [s0-client-thread1] DEBUG server.RaftServer$Division (LeaderStateImpl.java:addWatchRequest(544)) - s0@group-BB9A90D547DD-LeaderStateImpl: addWatchRequest RaftClientRequest:client-A0A9049F9945->s0@group-BB9A90D547DD, cid=7, seq=1*, Watch(0), Message:<EMPTY>
2025-09-29 07:14:44,634 [s0-server-thread1] DEBUG server.RaftServer$Division (LeaderStateImpl.java:getReadIndex(1147)) - readIndex=2, readAfterWriteConsistentIndex=null
2025-09-29 07:14:44,643 [s0-client-thread1] DEBUG server.RaftServer$Division (RaftServerImpl.java:submitClientRequestAsync(939)) - s0@group-BB9A90D547DD: receive client request(RaftClientRequest:client-A0A9049F9945->s0@group-BB9A90D547DD, cid=9, seq=null, RW, Message:494e4352454d454e54)
2025-09-29 07:14:44,644 [s0-client-thread1] DEBUG server.RaftServer$Division (LeaderStateImpl.java:addPendingRequest(526)) - s0@group-BB9A90D547DD-LeaderStateImpl: addPendingRequest at RaftClientRequest:client-A0A9049F9945->s0@group-BB9A90D547DD, cid=9, seq=null, RW, Message:494e4352454d454e54, entry=(t:1, i:3), STATEMACHINELOGENTRY, WRITE: logData.size=9, stateMachineData.size=0, logEntryProtoSerializedSize=0
2025-09-29 07:14:44,646 [grpc-default-executor-1] DEBUG server.RaftServer$Division (RaftServerImpl.java:logAppendEntries(1536)) - s2@group-BB9A90D547DD: appendEntries* s0->s2#12-t1,previous=(t:1, i:2),leaderCommit=2,initializing? false,entries: size=1, first=(t:1, i:3), STATEMACHINELOGENTRY, StateMachineLogEntryProto:9@client-A0A9049F9945
2025-09-29 07:14:44,649 [grpc-default-executor-12] DEBUG server.RaftServer$Division (RaftServerImpl.java:logAppendEntries(1536)) - s1@group-BB9A90D547DD: appendEntries* s0->s1#10-t1,previous=(t:1, i:2),leaderCommit=2,initializing? false,entries: size=1, first=(t:1, i:3), STATEMACHINELOGENTRY, StateMachineLogEntryProto:9@client-A0A9049F9945
2025-09-29 07:14:44,650 [s2-server-thread1] DEBUG server.RaftServer$Division (RaftServerImpl.java:logAppendEntries(1536)) - s2@group-BB9A90D547DD: appendEntries* reply s0<-s2#12:OK-t1,SUCCESS,nextIndex=4,followerCommit=2,matchIndex=3
2025-09-29 07:14:44,652 [s0@group-BB9A90D547DD-StateMachineUpdater] INFO  statemachine.StateMachine (ReadOnlyRequestTests.java:applyTransaction(375)) - receive command: INCREMENT
2025-09-29 07:14:44,654 [grpc-default-executor-2] DEBUG server.RaftServer$Division (RaftServerImpl.java:logAppendEntries(1536)) - s2@group-BB9A90D547DD: appendEntries* s0->s2#14-t1,previous=(t:1, i:3),leaderCommit=3,initializing? false,entries: size=1, first=(t:1, i:4), METADATAENTRY(c:3)
2025-09-29 07:14:44,653 [s1-server-thread1] DEBUG server.RaftServer$Division (RaftServerImpl.java:logAppendEntries(1536)) - s1@group-BB9A90D547DD: appendEntries* reply s0<-s1#10:OK-t1,SUCCESS,nextIndex=4,followerCommit=2,matchIndex=3
2025-09-29 07:14:44,659 [s2-server-thread1] DEBUG server.RaftServer$Division (RaftServerImpl.java:logAppendEntries(1536)) - s2@group-BB9A90D547DD: appendEntries* reply s0<-s2#14:OK-t1,SUCCESS,nextIndex=5,followerCommit=3,matchIndex=4
2025-09-29 07:14:44,659 [s2@group-BB9A90D547DD-StateMachineUpdater] INFO  statemachine.StateMachine (ReadOnlyRequestTests.java:applyTransaction(375)) - receive command: INCREMENT
2025-09-29 07:14:44,660 [grpc-default-executor-2] DEBUG server.RaftServer$Division (RaftServerImpl.java:logAppendEntries(1536)) - s1@group-BB9A90D547DD: appendEntries* s0->s1#11-t1,previous=(t:1, i:3),leaderCommit=3,initializing? false,entries: size=1, first=(t:1, i:4), METADATAENTRY(c:3)
2025-09-29 07:14:44,662 [s1-server-thread1] DEBUG server.RaftServer$Division (RaftServerImpl.java:logAppendEntries(1536)) - s1@group-BB9A90D547DD: appendEntries* reply s0<-s1#11:OK-t1,SUCCESS,nextIndex=5,followerCommit=3,matchIndex=4
2025-09-29 07:14:44,663 [s1@group-BB9A90D547DD-StateMachineUpdater] INFO  statemachine.StateMachine (ReadOnlyRequestTests.java:applyTransaction(375)) - receive command: INCREMENT
2025-09-29 07:14:44,665 [s1-client-thread1] DEBUG server.RaftServer$Division (RaftServerImpl.java:submitClientRequestAsync(939)) - s1@group-BB9A90D547DD: receive client request(RaftClientRequest:client-A0A9049F9945->s1@group-BB9A90D547DD, cid=10, seq=null, RO, Message:5155455259)
2025-09-29 07:14:44,670 [s0-server-thread1] DEBUG server.RaftServer$Division (LeaderStateImpl.java:getReadIndex(1147)) - readIndex=4, readAfterWriteConsistentIndex=null
2025-09-29 07:14:44,758 [s2-client-thread1] DEBUG server.RaftServer$Division (RaftServerImpl.java:submitClientRequestAsync(939)) - s2@group-BB9A90D547DD: receive client request(RaftClientRequest:client-A0A9049F9945->s2@group-BB9A90D547DD, cid=11, seq=2, RO, Message:5155455259)
2025-09-29 07:14:44,761 [s0-server-thread1] DEBUG server.RaftServer$Division (LeaderStateImpl.java:getReadIndex(1147)) - readIndex=4, readAfterWriteConsistentIndex=null
2025-09-29 07:14:44,766 [s0-client-thread1] DEBUG server.RaftServer$Division (RaftServerImpl.java:submitClientRequestAsync(939)) - s0@group-BB9A90D547DD: receive client request(RaftClientRequest:client-A0A9049F9945->s0@group-BB9A90D547DD, cid=12, seq=null, RW, Message:494e4352454d454e54)
2025-09-29 07:14:44,767 [s0-client-thread1] DEBUG server.RaftServer$Division (LeaderStateImpl.java:addPendingRequest(526)) - s0@group-BB9A90D547DD-LeaderStateImpl: addPendingRequest at RaftClientRequest:client-A0A9049F9945->s0@group-BB9A90D547DD, cid=12, seq=null, RW, Message:494e4352454d454e54, entry=(t:1, i:5), STATEMACHINELOGENTRY, WRITE: logData.size=9, stateMachineData.size=0, logEntryProtoSerializedSize=0
2025-09-29 07:14:44,769 [grpc-default-executor-12] DEBUG server.RaftServer$Division (RaftServerImpl.java:logAppendEntries(1536)) - s2@group-BB9A90D547DD: appendEntries* s0->s2#18-t1,previous=(t:1, i:4),leaderCommit=4,initializing? false,entries: size=1, first=(t:1, i:5), STATEMACHINELOGENTRY, StateMachineLogEntryProto:12@client-A0A9049F9945
2025-09-29 07:14:44,769 [grpc-default-executor-3] DEBUG server.RaftServer$Division (RaftServerImpl.java:logAppendEntries(1536)) - s1@group-BB9A90D547DD: appendEntries* s0->s1#18-t1,previous=(t:1, i:4),leaderCommit=4,initializing? false,entries: size=1, first=(t:1, i:5), STATEMACHINELOGENTRY, StateMachineLogEntryProto:12@client-A0A9049F9945
2025-09-29 07:14:44,770 [s2-server-thread1] DEBUG server.RaftServer$Division (RaftServerImpl.java:logAppendEntries(1536)) - s2@group-BB9A90D547DD: appendEntries* reply s0<-s2#18:OK-t1,SUCCESS,nextIndex=6,followerCommit=4,matchIndex=5
2025-09-29 07:14:44,771 [s1-server-thread1] DEBUG server.RaftServer$Division (RaftServerImpl.java:logAppendEntries(1536)) - s1@group-BB9A90D547DD: appendEntries* reply s0<-s1#18:OK-t1,SUCCESS,nextIndex=6,followerCommit=4,matchIndex=5
2025-09-29 07:14:44,773 [s0@group-BB9A90D547DD-StateMachineUpdater] INFO  statemachine.StateMachine (ReadOnlyRequestTests.java:applyTransaction(375)) - receive command: INCREMENT
2025-09-29 07:14:44,773 [grpc-default-executor-3] DEBUG server.RaftServer$Division (RaftServerImpl.java:logAppendEntries(1536)) - s2@group-BB9A90D547DD: appendEntries* s0->s2#19-t1,previous=(t:1, i:5),leaderCommit=5,initializing? false,entries: size=1, first=(t:1, i:6), METADATAENTRY(c:5)
2025-09-29 07:14:44,775 [grpc-default-executor-3] DEBUG server.RaftServer$Division (RaftServerImpl.java:logAppendEntries(1536)) - s1@group-BB9A90D547DD: appendEntries* s0->s1#19-t1,previous=(t:1, i:5),leaderCommit=5,initializing? false,entries: size=1, first=(t:1, i:6), METADATAENTRY(c:5)
2025-09-29 07:14:44,776 [s2-server-thread1] DEBUG server.RaftServer$Division (RaftServerImpl.java:logAppendEntries(1536)) - s2@group-BB9A90D547DD: appendEntries* reply s0<-s2#19:OK-t1,SUCCESS,nextIndex=7,followerCommit=5,matchIndex=6
2025-09-29 07:14:44,777 [s2@group-BB9A90D547DD-StateMachineUpdater] INFO  statemachine.StateMachine (ReadOnlyRequestTests.java:applyTransaction(375)) - receive command: INCREMENT
2025-09-29 07:14:44,779 [s1-server-thread1] DEBUG server.RaftServer$Division (RaftServerImpl.java:logAppendEntries(1536)) - s1@group-BB9A90D547DD: appendEntries* reply s0<-s1#19:OK-t1,SUCCESS,nextIndex=7,followerCommit=5,matchIndex=6
2025-09-29 07:14:44,779 [s1@group-BB9A90D547DD-StateMachineUpdater] INFO  statemachine.StateMachine (ReadOnlyRequestTests.java:applyTransaction(375)) - receive command: INCREMENT
2025-09-29 07:14:44,781 [s1-client-thread1] DEBUG server.RaftServer$Division (RaftServerImpl.java:submitClientRequestAsync(939)) - s1@group-BB9A90D547DD: receive client request(RaftClientRequest:client-A0A9049F9945->s1@group-BB9A90D547DD, cid=13, seq=null, RO, Message:5155455259)
2025-09-29 07:14:44,784 [s0-server-thread1] DEBUG server.RaftServer$Division (LeaderStateImpl.java:getReadIndex(1147)) - readIndex=6, readAfterWriteConsistentIndex=null
2025-09-29 07:14:44,792 [s2-client-thread1] DEBUG server.RaftServer$Division (RaftServerImpl.java:submitClientRequestAsync(939)) - s2@group-BB9A90D547DD: receive client request(RaftClientRequest:client-A0A9049F9945->s2@group-BB9A90D547DD, cid=14, seq=3, RO, Message:5155455259)
2025-09-29 07:14:44,795 [s0-server-thread1] DEBUG server.RaftServer$Division (LeaderStateImpl.java:getReadIndex(1147)) - readIndex=6, readAfterWriteConsistentIndex=null
2025-09-29 07:14:44,800 [s0-client-thread1] DEBUG server.RaftServer$Division (RaftServerImpl.java:submitClientRequestAsync(939)) - s0@group-BB9A90D547DD: receive client request(RaftClientRequest:client-A0A9049F9945->s0@group-BB9A90D547DD, cid=15, seq=null, RW, Message:494e4352454d454e54)
2025-09-29 07:14:44,801 [s0-client-thread1] DEBUG server.RaftServer$Division (LeaderStateImpl.java:addPendingRequest(526)) - s0@group-BB9A90D547DD-LeaderStateImpl: addPendingRequest at RaftClientRequest:client-A0A9049F9945->s0@group-BB9A90D547DD, cid=15, seq=null, RW, Message:494e4352454d454e54, entry=(t:1, i:7), STATEMACHINELOGENTRY, WRITE: logData.size=9, stateMachineData.size=0, logEntryProtoSerializedSize=0
2025-09-29 07:14:44,804 [grpc-default-executor-12] DEBUG server.RaftServer$Division (RaftServerImpl.java:logAppendEntries(1536)) - s2@group-BB9A90D547DD: appendEntries* s0->s2#23-t1,previous=(t:1, i:6),leaderCommit=6,initializing? false,entries: size=1, first=(t:1, i:7), STATEMACHINELOGENTRY, StateMachineLogEntryProto:15@client-A0A9049F9945
2025-09-29 07:14:44,804 [grpc-default-executor-2] DEBUG server.RaftServer$Division (RaftServerImpl.java:logAppendEntries(1536)) - s1@group-BB9A90D547DD: appendEntries* s0->s1#22-t1,previous=(t:1, i:6),leaderCommit=6,initializing? false,entries: size=1, first=(t:1, i:7), STATEMACHINELOGENTRY, StateMachineLogEntryProto:15@client-A0A9049F9945
2025-09-29 07:14:44,805 [s2-server-thread1] DEBUG server.RaftServer$Division (RaftServerImpl.java:logAppendEntries(1536)) - s2@group-BB9A90D547DD: appendEntries* reply s0<-s2#23:OK-t1,SUCCESS,nextIndex=8,followerCommit=6,matchIndex=7
2025-09-29 07:14:44,806 [s1-server-thread1] DEBUG server.RaftServer$Division (RaftServerImpl.java:logAppendEntries(1536)) - s1@group-BB9A90D547DD: appendEntries* reply s0<-s1#22:OK-t1,SUCCESS,nextIndex=8,followerCommit=6,matchIndex=7
2025-09-29 07:14:44,806 [s0@group-BB9A90D547DD-StateMachineUpdater] INFO  statemachine.StateMachine (ReadOnlyRequestTests.java:applyTransaction(375)) - receive command: INCREMENT
2025-09-29 07:14:44,810 [grpc-default-executor-2] DEBUG server.RaftServer$Division (RaftServerImpl.java:logAppendEntries(1536)) - s2@group-BB9A90D547DD: appendEntries* s0->s2#25-t1,previous=(t:1, i:7),leaderCommit=7,initializing? false,entries: size=1, first=(t:1, i:8), METADATAENTRY(c:7)
2025-09-29 07:14:44,812 [grpc-default-executor-3] DEBUG server.RaftServer$Division (RaftServerImpl.java:logAppendEntries(1536)) - s1@group-BB9A90D547DD: appendEntries* s0->s1#23-t1,previous=(t:1, i:7),leaderCommit=7,initializing? false,entries: size=1, first=(t:1, i:8), METADATAENTRY(c:7)
2025-09-29 07:14:44,812 [s2@group-BB9A90D547DD-StateMachineUpdater] INFO  statemachine.StateMachine (ReadOnlyRequestTests.java:applyTransaction(375)) - receive command: INCREMENT
2025-09-29 07:14:44,813 [s2-server-thread1] DEBUG server.RaftServer$Division (RaftServerImpl.java:logAppendEntries(1536)) - s2@group-BB9A90D547DD: appendEntries* reply s0<-s2#25:OK-t1,SUCCESS,nextIndex=9,followerCommit=7,matchIndex=8
2025-09-29 07:14:44,813 [s1-server-thread1] DEBUG server.RaftServer$Division (RaftServerImpl.java:logAppendEntries(1536)) - s1@group-BB9A90D547DD: appendEntries* reply s0<-s1#23:OK-t1,SUCCESS,nextIndex=9,followerCommit=7,matchIndex=8
2025-09-29 07:14:44,814 [s1@group-BB9A90D547DD-StateMachineUpdater] INFO  statemachine.StateMachine (ReadOnlyRequestTests.java:applyTransaction(375)) - receive command: INCREMENT
2025-09-29 07:14:44,816 [s1-client-thread1] DEBUG server.RaftServer$Division (RaftServerImpl.java:submitClientRequestAsync(939)) - s1@group-BB9A90D547DD: receive client request(RaftClientRequest:client-A0A9049F9945->s1@group-BB9A90D547DD, cid=16, seq=null, RO, Message:5155455259)
2025-09-29 07:14:44,819 [s0-server-thread1] DEBUG server.RaftServer$Division (LeaderStateImpl.java:getReadIndex(1147)) - readIndex=8, readAfterWriteConsistentIndex=null
2025-09-29 07:14:44,825 [s2-client-thread1] DEBUG server.RaftServer$Division (RaftServerImpl.java:submitClientRequestAsync(939)) - s2@group-BB9A90D547DD: receive client request(RaftClientRequest:client-A0A9049F9945->s2@group-BB9A90D547DD, cid=17, seq=4, RO, Message:5155455259)
2025-09-29 07:14:44,827 [s0-server-thread1] DEBUG server.RaftServer$Division (LeaderStateImpl.java:getReadIndex(1147)) - readIndex=8, readAfterWriteConsistentIndex=null
2025-09-29 07:14:44,831 [s0-client-thread1] DEBUG server.RaftServer$Division (RaftServerImpl.java:submitClientRequestAsync(939)) - s0@group-BB9A90D547DD: receive client request(RaftClientRequest:client-A0A9049F9945->s0@group-BB9A90D547DD, cid=18, seq=null, RW, Message:494e4352454d454e54)
2025-09-29 07:14:44,831 [s0-client-thread1] DEBUG server.RaftServer$Division (LeaderStateImpl.java:addPendingRequest(526)) - s0@group-BB9A90D547DD-LeaderStateImpl: addPendingRequest at RaftClientRequest:client-A0A9049F9945->s0@group-BB9A90D547DD, cid=18, seq=null, RW, Message:494e4352454d454e54, entry=(t:1, i:9), STATEMACHINELOGENTRY, WRITE: logData.size=9, stateMachineData.size=0, logEntryProtoSerializedSize=0
2025-09-29 07:14:44,833 [grpc-default-executor-2] DEBUG server.RaftServer$Division (RaftServerImpl.java:logAppendEntries(1536)) - s1@group-BB9A90D547DD: appendEntries* s0->s1#28-t1,previous=(t:1, i:8),leaderCommit=8,initializing? false,entries: size=1, first=(t:1, i:9), STATEMACHINELOGENTRY, StateMachineLogEntryProto:18@client-A0A9049F9945
2025-09-29 07:14:44,833 [grpc-default-executor-12] DEBUG server.RaftServer$Division (RaftServerImpl.java:logAppendEntries(1536)) - s2@group-BB9A90D547DD: appendEntries* s0->s2#29-t1,previous=(t:1, i:8),leaderCommit=8,initializing? false,entries: size=1, first=(t:1, i:9), STATEMACHINELOGENTRY, StateMachineLogEntryProto:18@client-A0A9049F9945
2025-09-29 07:14:44,834 [s1-server-thread1] DEBUG server.RaftServer$Division (RaftServerImpl.java:logAppendEntries(1536)) - s1@group-BB9A90D547DD: appendEntries* reply s0<-s1#28:OK-t1,SUCCESS,nextIndex=10,followerCommit=8,matchIndex=9
2025-09-29 07:14:44,834 [s2-server-thread1] DEBUG server.RaftServer$Division (RaftServerImpl.java:logAppendEntries(1536)) - s2@group-BB9A90D547DD: appendEntries* reply s0<-s2#29:OK-t1,SUCCESS,nextIndex=10,followerCommit=8,matchIndex=9
2025-09-29 07:14:44,835 [s0@group-BB9A90D547DD-StateMachineUpdater] INFO  statemachine.StateMachine (ReadOnlyRequestTests.java:applyTransaction(375)) - receive command: INCREMENT
2025-09-29 07:14:44,837 [grpc-default-executor-2] DEBUG server.RaftServer$Division (RaftServerImpl.java:logAppendEntries(1536)) - s2@group-BB9A90D547DD: appendEntries* s0->s2#30-t1,previous=(t:1, i:9),leaderCommit=9,initializing? false,entries: size=1, first=(t:1, i:10), METADATAENTRY(c:9)
2025-09-29 07:14:44,838 [grpc-default-executor-2] DEBUG server.RaftServer$Division (RaftServerImpl.java:logAppendEntries(1536)) - s1@group-BB9A90D547DD: appendEntries* s0->s1#29-t1,previous=(t:1, i:9),leaderCommit=9,initializing? false,entries: size=1, first=(t:1, i:10), METADATAENTRY(c:9)
2025-09-29 07:14:44,840 [s2-server-thread1] DEBUG server.RaftServer$Division (RaftServerImpl.java:logAppendEntries(1536)) - s2@group-BB9A90D547DD: appendEntries* reply s0<-s2#30:OK-t1,SUCCESS,nextIndex=11,followerCommit=9,matchIndex=10
2025-09-29 07:14:44,841 [s1-server-thread2] DEBUG server.RaftServer$Division (RaftServerImpl.java:logAppendEntries(1536)) - s1@group-BB9A90D547DD: appendEntries* reply s0<-s1#29:OK-t1,SUCCESS,nextIndex=11,followerCommit=9,matchIndex=10
2025-09-29 07:14:44,841 [s1@group-BB9A90D547DD-StateMachineUpdater] INFO  statemachine.StateMachine (ReadOnlyRequestTests.java:applyTransaction(375)) - receive command: INCREMENT
2025-09-29 07:14:44,841 [s2@group-BB9A90D547DD-StateMachineUpdater] INFO  statemachine.StateMachine (ReadOnlyRequestTests.java:applyTransaction(375)) - receive command: INCREMENT
2025-09-29 07:14:44,844 [s1-client-thread1] DEBUG server.RaftServer$Division (RaftServerImpl.java:submitClientRequestAsync(939)) - s1@group-BB9A90D547DD: receive client request(RaftClientRequest:client-A0A9049F9945->s1@group-BB9A90D547DD, cid=19, seq=null, RO, Message:5155455259)
2025-09-29 07:14:44,846 [s0-server-thread1] DEBUG server.RaftServer$Division (LeaderStateImpl.java:getReadIndex(1147)) - readIndex=10, readAfterWriteConsistentIndex=null
2025-09-29 07:14:44,853 [s2-client-thread1] DEBUG server.RaftServer$Division (RaftServerImpl.java:submitClientRequestAsync(939)) - s2@group-BB9A90D547DD: receive client request(RaftClientRequest:client-A0A9049F9945->s2@group-BB9A90D547DD, cid=20, seq=5, RO, Message:5155455259)
2025-09-29 07:14:44,856 [s0-server-thread1] DEBUG server.RaftServer$Division (LeaderStateImpl.java:getReadIndex(1147)) - readIndex=10, readAfterWriteConsistentIndex=null
2025-09-29 07:14:44,860 [s0-client-thread1] DEBUG server.RaftServer$Division (RaftServerImpl.java:submitClientRequestAsync(939)) - s0@group-BB9A90D547DD: receive client request(RaftClientRequest:client-A0A9049F9945->s0@group-BB9A90D547DD, cid=21, seq=null, RW, Message:494e4352454d454e54)
2025-09-29 07:14:44,861 [s0-client-thread1] DEBUG server.RaftServer$Division (LeaderStateImpl.java:addPendingRequest(526)) - s0@group-BB9A90D547DD-LeaderStateImpl: addPendingRequest at RaftClientRequest:client-A0A9049F9945->s0@group-BB9A90D547DD, cid=21, seq=null, RW, Message:494e4352454d454e54, entry=(t:1, i:11), STATEMACHINELOGENTRY, WRITE: logData.size=9, stateMachineData.size=0, logEntryProtoSerializedSize=0
2025-09-29 07:14:44,863 [grpc-default-executor-9] DEBUG server.RaftServer$Division (RaftServerImpl.java:logAppendEntries(1536)) - s1@group-BB9A90D547DD: appendEntries* s0->s1#32-t1,previous=(t:1, i:10),leaderCommit=10,initializing? false,entries: size=1, first=(t:1, i:11), STATEMACHINELOGENTRY, StateMachineLogEntryProto:21@client-A0A9049F9945
2025-09-29 07:14:44,863 [grpc-default-executor-12] DEBUG server.RaftServer$Division (RaftServerImpl.java:logAppendEntries(1536)) - s2@group-BB9A90D547DD: appendEntries* s0->s2#33-t1,previous=(t:1, i:10),leaderCommit=10,initializing? false,entries: size=1, first=(t:1, i:11), STATEMACHINELOGENTRY, StateMachineLogEntryProto:21@client-A0A9049F9945
2025-09-29 07:14:44,864 [s1-server-thread1] DEBUG server.RaftServer$Division (RaftServerImpl.java:logAppendEntries(1536)) - s1@group-BB9A90D547DD: appendEntries* reply s0<-s1#32:OK-t1,SUCCESS,nextIndex=12,followerCommit=10,matchIndex=11
2025-09-29 07:14:44,865 [s2-server-thread1] DEBUG server.RaftServer$Division (RaftServerImpl.java:logAppendEntries(1536)) - s2@group-BB9A90D547DD: appendEntries* reply s0<-s2#33:OK-t1,SUCCESS,nextIndex=12,followerCommit=10,matchIndex=11
2025-09-29 07:14:44,866 [s0@group-BB9A90D547DD-StateMachineUpdater] INFO  statemachine.StateMachine (ReadOnlyRequestTests.java:applyTransaction(375)) - receive command: INCREMENT
2025-09-29 07:14:44,869 [grpc-default-executor-2] DEBUG server.RaftServer$Division (RaftServerImpl.java:logAppendEntries(1536)) - s2@group-BB9A90D547DD: appendEntries* s0->s2#34-t1,previous=(t:1, i:11),leaderCommit=11,initializing? false,entries: size=1, first=(t:1, i:12), METADATAENTRY(c:11)
2025-09-29 07:14:44,870 [grpc-default-executor-3] DEBUG server.RaftServer$Division (RaftServerImpl.java:logAppendEntries(1536)) - s1@group-BB9A90D547DD: appendEntries* s0->s1#33-t1,previous=(t:1, i:11),leaderCommit=11,initializing? false,entries: size=1, first=(t:1, i:12), METADATAENTRY(c:11)
2025-09-29 07:14:44,871 [s2-server-thread1] DEBUG server.RaftServer$Division (RaftServerImpl.java:logAppendEntries(1536)) - s2@group-BB9A90D547DD: appendEntries* reply s0<-s2#34:OK-t1,SUCCESS,nextIndex=13,followerCommit=11,matchIndex=12
2025-09-29 07:14:44,871 [s2@group-BB9A90D547DD-StateMachineUpdater] INFO  statemachine.StateMachine (ReadOnlyRequestTests.java:applyTransaction(375)) - receive command: INCREMENT
2025-09-29 07:14:44,871 [s1-server-thread1] DEBUG server.RaftServer$Division (RaftServerImpl.java:logAppendEntries(1536)) - s1@group-BB9A90D547DD: appendEntries* reply s0<-s1#33:OK-t1,SUCCESS,nextIndex=13,followerCommit=11,matchIndex=12
2025-09-29 07:14:44,872 [s1-client-thread1] DEBUG server.RaftServer$Division (RaftServerImpl.java:submitClientRequestAsync(939)) - s1@group-BB9A90D547DD: receive client request(RaftClientRequest:client-A0A9049F9945->s1@group-BB9A90D547DD, cid=22, seq=null, RO, Message:5155455259)
2025-09-29 07:14:44,873 [s1@group-BB9A90D547DD-StateMachineUpdater] INFO  statemachine.StateMachine (ReadOnlyRequestTests.java:applyTransaction(375)) - receive command: INCREMENT
2025-09-29 07:14:44,875 [s0-server-thread1] DEBUG server.RaftServer$Division (LeaderStateImpl.java:getReadIndex(1147)) - readIndex=12, readAfterWriteConsistentIndex=null
2025-09-29 07:14:44,880 [s2-client-thread1] DEBUG server.RaftServer$Division (RaftServerImpl.java:submitClientRequestAsync(939)) - s2@group-BB9A90D547DD: receive client request(RaftClientRequest:client-A0A9049F9945->s2@group-BB9A90D547DD, cid=23, seq=6, RO, Message:5155455259)
2025-09-29 07:14:44,883 [s0-server-thread1] DEBUG server.RaftServer$Division (LeaderStateImpl.java:getReadIndex(1147)) - readIndex=12, readAfterWriteConsistentIndex=null
2025-09-29 07:14:44,887 [s0-client-thread1] DEBUG server.RaftServer$Division (RaftServerImpl.java:submitClientRequestAsync(939)) - s0@group-BB9A90D547DD: receive client request(RaftClientRequest:client-A0A9049F9945->s0@group-BB9A90D547DD, cid=24, seq=null, RW, Message:494e4352454d454e54)
2025-09-29 07:14:44,888 [s0-client-thread1] DEBUG server.RaftServer$Division (LeaderStateImpl.java:addPendingRequest(526)) - s0@group-BB9A90D547DD-LeaderStateImpl: addPendingRequest at RaftClientRequest:client-A0A9049F9945->s0@group-BB9A90D547DD, cid=24, seq=null, RW, Message:494e4352454d454e54, entry=(t:1, i:13), STATEMACHINELOGENTRY, WRITE: logData.size=9, stateMachineData.size=0, logEntryProtoSerializedSize=0
2025-09-29 07:14:44,889 [grpc-default-executor-9] DEBUG server.RaftServer$Division (RaftServerImpl.java:logAppendEntries(1536)) - s2@group-BB9A90D547DD: appendEntries* s0->s2#38-t1,previous=(t:1, i:12),leaderCommit=12,initializing? false,entries: size=1, first=(t:1, i:13), STATEMACHINELOGENTRY, StateMachineLogEntryProto:24@client-A0A9049F9945
2025-09-29 07:14:44,889 [grpc-default-executor-2] DEBUG server.RaftServer$Division (RaftServerImpl.java:logAppendEntries(1536)) - s1@group-BB9A90D547DD: appendEntries* s0->s1#37-t1,previous=(t:1, i:12),leaderCommit=12,initializing? false,entries: size=1, first=(t:1, i:13), STATEMACHINELOGENTRY, StateMachineLogEntryProto:24@client-A0A9049F9945
2025-09-29 07:14:44,891 [s2-server-thread1] DEBUG server.RaftServer$Division (RaftServerImpl.java:logAppendEntries(1536)) - s2@group-BB9A90D547DD: appendEntries* reply s0<-s2#38:OK-t1,SUCCESS,nextIndex=14,followerCommit=12,matchIndex=13
2025-09-29 07:14:44,891 [s1-server-thread1] DEBUG server.RaftServer$Division (RaftServerImpl.java:logAppendEntries(1536)) - s1@group-BB9A90D547DD: appendEntries* reply s0<-s1#37:OK-t1,SUCCESS,nextIndex=14,followerCommit=12,matchIndex=13
2025-09-29 07:14:44,893 [s0@group-BB9A90D547DD-StateMachineUpdater] INFO  statemachine.StateMachine (ReadOnlyRequestTests.java:applyTransaction(375)) - receive command: INCREMENT
2025-09-29 07:14:44,894 [grpc-default-executor-2] DEBUG server.RaftServer$Division (RaftServerImpl.java:logAppendEntries(1536)) - s2@group-BB9A90D547DD: appendEntries* s0->s2#39-t1,previous=(t:1, i:13),leaderCommit=13,initializing? false,entries: size=1, first=(t:1, i:14), METADATAENTRY(c:13)
2025-09-29 07:14:44,895 [s2-server-thread1] DEBUG server.RaftServer$Division (RaftServerImpl.java:logAppendEntries(1536)) - s2@group-BB9A90D547DD: appendEntries* reply s0<-s2#39:OK-t1,SUCCESS,nextIndex=15,followerCommit=13,matchIndex=14
2025-09-29 07:14:44,896 [s2@group-BB9A90D547DD-StateMachineUpdater] INFO  statemachine.StateMachine (ReadOnlyRequestTests.java:applyTransaction(375)) - receive command: INCREMENT
2025-09-29 07:14:44,897 [grpc-default-executor-2] DEBUG server.RaftServer$Division (RaftServerImpl.java:logAppendEntries(1536)) - s1@group-BB9A90D547DD: appendEntries* s0->s1#38-t1,previous=(t:1, i:13),leaderCommit=13,initializing? false,entries: size=1, first=(t:1, i:14), METADATAENTRY(c:13)
2025-09-29 07:14:44,899 [s1-server-thread1] DEBUG server.RaftServer$Division (RaftServerImpl.java:logAppendEntries(1536)) - s1@group-BB9A90D547DD: appendEntries* reply s0<-s1#38:OK-t1,SUCCESS,nextIndex=15,followerCommit=13,matchIndex=14
2025-09-29 07:14:44,899 [s1@group-BB9A90D547DD-StateMachineUpdater] INFO  statemachine.StateMachine (ReadOnlyRequestTests.java:applyTransaction(375)) - receive command: INCREMENT
2025-09-29 07:14:44,900 [s1-client-thread1] DEBUG server.RaftServer$Division (RaftServerImpl.java:submitClientRequestAsync(939)) - s1@group-BB9A90D547DD: receive client request(RaftClientRequest:client-A0A9049F9945->s1@group-BB9A90D547DD, cid=25, seq=null, RO, Message:5155455259)
2025-09-29 07:14:44,903 [s0-server-thread1] DEBUG server.RaftServer$Division (LeaderStateImpl.java:getReadIndex(1147)) - readIndex=14, readAfterWriteConsistentIndex=null
2025-09-29 07:14:44,909 [s2-client-thread1] DEBUG server.RaftServer$Division (RaftServerImpl.java:submitClientRequestAsync(939)) - s2@group-BB9A90D547DD: receive client request(RaftClientRequest:client-A0A9049F9945->s2@group-BB9A90D547DD, cid=26, seq=7, RO, Message:5155455259)
2025-09-29 07:14:44,911 [s0-server-thread1] DEBUG server.RaftServer$Division (LeaderStateImpl.java:getReadIndex(1147)) - readIndex=14, readAfterWriteConsistentIndex=null
2025-09-29 07:14:44,916 [s0-client-thread1] DEBUG server.RaftServer$Division (RaftServerImpl.java:submitClientRequestAsync(939)) - s0@group-BB9A90D547DD: receive client request(RaftClientRequest:client-A0A9049F9945->s0@group-BB9A90D547DD, cid=27, seq=null, RW, Message:494e4352454d454e54)
2025-09-29 07:14:44,916 [s0-client-thread1] DEBUG server.RaftServer$Division (LeaderStateImpl.java:addPendingRequest(526)) - s0@group-BB9A90D547DD-LeaderStateImpl: addPendingRequest at RaftClientRequest:client-A0A9049F9945->s0@group-BB9A90D547DD, cid=27, seq=null, RW, Message:494e4352454d454e54, entry=(t:1, i:15), STATEMACHINELOGENTRY, WRITE: logData.size=9, stateMachineData.size=0, logEntryProtoSerializedSize=0
2025-09-29 07:14:44,918 [grpc-default-executor-3] DEBUG server.RaftServer$Division (RaftServerImpl.java:logAppendEntries(1536)) - s2@group-BB9A90D547DD: appendEntries* s0->s2#43-t1,previous=(t:1, i:14),leaderCommit=14,initializing? false,entries: size=1, first=(t:1, i:15), STATEMACHINELOGENTRY, StateMachineLogEntryProto:27@client-A0A9049F9945
2025-09-29 07:14:44,918 [grpc-default-executor-2] DEBUG server.RaftServer$Division (RaftServerImpl.java:logAppendEntries(1536)) - s1@group-BB9A90D547DD: appendEntries* s0->s1#44-t1,previous=(t:1, i:14),leaderCommit=14,initializing? false,entries: size=1, first=(t:1, i:15), STATEMACHINELOGENTRY, StateMachineLogEntryProto:27@client-A0A9049F9945
2025-09-29 07:14:44,919 [s1-server-thread1] DEBUG server.RaftServer$Division (RaftServerImpl.java:logAppendEntries(1536)) - s1@group-BB9A90D547DD: appendEntries* reply s0<-s1#44:OK-t1,SUCCESS,nextIndex=16,followerCommit=14,matchIndex=15
2025-09-29 07:14:44,919 [s2-server-thread1] DEBUG server.RaftServer$Division (RaftServerImpl.java:logAppendEntries(1536)) - s2@group-BB9A90D547DD: appendEntries* reply s0<-s2#43:OK-t1,SUCCESS,nextIndex=16,followerCommit=14,matchIndex=15
2025-09-29 07:14:44,921 [s0@group-BB9A90D547DD-StateMachineUpdater] INFO  statemachine.StateMachine (ReadOnlyRequestTests.java:applyTransaction(375)) - receive command: INCREMENT
2025-09-29 07:14:44,922 [grpc-default-executor-3] DEBUG server.RaftServer$Division (RaftServerImpl.java:logAppendEntries(1536)) - s2@group-BB9A90D547DD: appendEntries* s0->s2#44-t1,previous=(t:1, i:15),leaderCommit=15,initializing? false,entries: size=1, first=(t:1, i:16), METADATAENTRY(c:15)
2025-09-29 07:14:44,922 [grpc-default-executor-2] DEBUG server.RaftServer$Division (RaftServerImpl.java:logAppendEntries(1536)) - s1@group-BB9A90D547DD: appendEntries* s0->s1#45-t1,previous=(t:1, i:15),leaderCommit=15,initializing? false,entries: size=1, first=(t:1, i:16), METADATAENTRY(c:15)
2025-09-29 07:14:44,923 [s1-server-thread1] DEBUG server.RaftServer$Division (RaftServerImpl.java:logAppendEntries(1536)) - s1@group-BB9A90D547DD: appendEntries* reply s0<-s1#45:OK-t1,SUCCESS,nextIndex=17,followerCommit=15,matchIndex=16
2025-09-29 07:14:44,924 [s1@group-BB9A90D547DD-StateMachineUpdater] INFO  statemachine.StateMachine (ReadOnlyRequestTests.java:applyTransaction(375)) - receive command: INCREMENT
2025-09-29 07:14:44,924 [s2-server-thread1] DEBUG server.RaftServer$Division (RaftServerImpl.java:logAppendEntries(1536)) - s2@group-BB9A90D547DD: appendEntries* reply s0<-s2#44:OK-t1,SUCCESS,nextIndex=17,followerCommit=15,matchIndex=16
2025-09-29 07:14:44,924 [s2@group-BB9A90D547DD-StateMachineUpdater] INFO  statemachine.StateMachine (ReadOnlyRequestTests.java:applyTransaction(375)) - receive command: INCREMENT
2025-09-29 07:14:44,928 [s1-client-thread1] DEBUG server.RaftServer$Division (RaftServerImpl.java:submitClientRequestAsync(939)) - s1@group-BB9A90D547DD: receive client request(RaftClientRequest:client-A0A9049F9945->s1@group-BB9A90D547DD, cid=28, seq=null, RO, Message:5155455259)
2025-09-29 07:14:44,930 [s0-server-thread1] DEBUG server.RaftServer$Division (LeaderStateImpl.java:getReadIndex(1147)) - readIndex=16, readAfterWriteConsistentIndex=null
2025-09-29 07:14:44,937 [s2-client-thread1] DEBUG server.RaftServer$Division (RaftServerImpl.java:submitClientRequestAsync(939)) - s2@group-BB9A90D547DD: receive client request(RaftClientRequest:client-A0A9049F9945->s2@group-BB9A90D547DD, cid=29, seq=8, RO, Message:5155455259)
2025-09-29 07:14:44,949 [s0-server-thread1] DEBUG server.RaftServer$Division (LeaderStateImpl.java:getReadIndex(1147)) - readIndex=16, readAfterWriteConsistentIndex=null
2025-09-29 07:14:44,954 [s0-client-thread1] DEBUG server.RaftServer$Division (RaftServerImpl.java:submitClientRequestAsync(939)) - s0@group-BB9A90D547DD: receive client request(RaftClientRequest:client-A0A9049F9945->s0@group-BB9A90D547DD, cid=30, seq=null, RW, Message:494e4352454d454e54)
2025-09-29 07:14:44,955 [s0-client-thread1] DEBUG server.RaftServer$Division (LeaderStateImpl.java:addPendingRequest(526)) - s0@group-BB9A90D547DD-LeaderStateImpl: addPendingRequest at RaftClientRequest:client-A0A9049F9945->s0@group-BB9A90D547DD, cid=30, seq=null, RW, Message:494e4352454d454e54, entry=(t:1, i:17), STATEMACHINELOGENTRY, WRITE: logData.size=9, stateMachineData.size=0, logEntryProtoSerializedSize=0
2025-09-29 07:14:44,957 [grpc-default-executor-2] DEBUG server.RaftServer$Division (RaftServerImpl.java:logAppendEntries(1536)) - s1@group-BB9A90D547DD: appendEntries* s0->s1#51-t1,previous=(t:1, i:16),leaderCommit=16,initializing? false,entries: size=1, first=(t:1, i:17), STATEMACHINELOGENTRY, StateMachineLogEntryProto:30@client-A0A9049F9945
2025-09-29 07:14:44,957 [grpc-default-executor-9] DEBUG server.RaftServer$Division (RaftServerImpl.java:logAppendEntries(1536)) - s2@group-BB9A90D547DD: appendEntries* s0->s2#48-t1,previous=(t:1, i:16),leaderCommit=16,initializing? false,entries: size=1, first=(t:1, i:17), STATEMACHINELOGENTRY, StateMachineLogEntryProto:30@client-A0A9049F9945
2025-09-29 07:14:44,959 [s1-server-thread1] DEBUG server.RaftServer$Division (RaftServerImpl.java:logAppendEntries(1536)) - s1@group-BB9A90D547DD: appendEntries* reply s0<-s1#51:OK-t1,SUCCESS,nextIndex=18,followerCommit=16,matchIndex=17
2025-09-29 07:14:44,959 [s2-server-thread1] DEBUG server.RaftServer$Division (RaftServerImpl.java:logAppendEntries(1536)) - s2@group-BB9A90D547DD: appendEntries* reply s0<-s2#48:OK-t1,SUCCESS,nextIndex=18,followerCommit=16,matchIndex=17
2025-09-29 07:14:44,962 [s0@group-BB9A90D547DD-StateMachineUpdater] INFO  statemachine.StateMachine (ReadOnlyRequestTests.java:applyTransaction(375)) - receive command: INCREMENT
2025-09-29 07:14:44,962 [grpc-default-executor-2] DEBUG server.RaftServer$Division (RaftServerImpl.java:logAppendEntries(1536)) - s1@group-BB9A90D547DD: appendEntries* s0->s1#52-t1,previous=(t:1, i:17),leaderCommit=17,initializing? false,entries: size=1, first=(t:1, i:18), METADATAENTRY(c:17)
2025-09-29 07:14:44,964 [s1-server-thread1] DEBUG server.RaftServer$Division (RaftServerImpl.java:logAppendEntries(1536)) - s1@group-BB9A90D547DD: appendEntries* reply s0<-s1#52:OK-t1,SUCCESS,nextIndex=19,followerCommit=17,matchIndex=18
2025-09-29 07:14:44,964 [s1@group-BB9A90D547DD-StateMachineUpdater] INFO  statemachine.StateMachine (ReadOnlyRequestTests.java:applyTransaction(375)) - receive command: INCREMENT
2025-09-29 07:14:44,967 [grpc-default-executor-2] DEBUG server.RaftServer$Division (RaftServerImpl.java:logAppendEntries(1536)) - s2@group-BB9A90D547DD: appendEntries* s0->s2#49-t1,previous=(t:1, i:17),leaderCommit=17,initializing? false,entries: size=1, first=(t:1, i:18), METADATAENTRY(c:17)
2025-09-29 07:14:44,969 [s2-server-thread1] DEBUG server.RaftServer$Division (RaftServerImpl.java:logAppendEntries(1536)) - s2@group-BB9A90D547DD: appendEntries* reply s0<-s2#49:OK-t1,SUCCESS,nextIndex=19,followerCommit=17,matchIndex=18
2025-09-29 07:14:44,969 [s2@group-BB9A90D547DD-StateMachineUpdater] INFO  statemachine.StateMachine (ReadOnlyRequestTests.java:applyTransaction(375)) - receive command: INCREMENT
2025-09-29 07:14:44,969 [s1-client-thread1] DEBUG server.RaftServer$Division (RaftServerImpl.java:submitClientRequestAsync(939)) - s1@group-BB9A90D547DD: receive client request(RaftClientRequest:client-A0A9049F9945->s1@group-BB9A90D547DD, cid=31, seq=null, RO, Message:5155455259)
2025-09-29 07:14:44,972 [s0-server-thread1] DEBUG server.RaftServer$Division (LeaderStateImpl.java:getReadIndex(1147)) - readIndex=18, readAfterWriteConsistentIndex=null
2025-09-29 07:14:44,977 [s2-client-thread1] DEBUG server.RaftServer$Division (RaftServerImpl.java:submitClientRequestAsync(939)) - s2@group-BB9A90D547DD: receive client request(RaftClientRequest:client-A0A9049F9945->s2@group-BB9A90D547DD, cid=32, seq=9, RO, Message:5155455259)
2025-09-29 07:14:44,979 [s0-server-thread1] DEBUG server.RaftServer$Division (LeaderStateImpl.java:getReadIndex(1147)) - readIndex=18, readAfterWriteConsistentIndex=null
2025-09-29 07:14:44,983 [s0-client-thread1] DEBUG server.RaftServer$Division (RaftServerImpl.java:submitClientRequestAsync(939)) - s0@group-BB9A90D547DD: receive client request(RaftClientRequest:client-A0A9049F9945->s0@group-BB9A90D547DD, cid=33, seq=null, RW, Message:494e4352454d454e54)
2025-09-29 07:14:44,984 [s0-client-thread1] DEBUG server.RaftServer$Division (LeaderStateImpl.java:addPendingRequest(526)) - s0@group-BB9A90D547DD-LeaderStateImpl: addPendingRequest at RaftClientRequest:client-A0A9049F9945->s0@group-BB9A90D547DD, cid=33, seq=null, RW, Message:494e4352454d454e54, entry=(t:1, i:19), STATEMACHINELOGENTRY, WRITE: logData.size=9, stateMachineData.size=0, logEntryProtoSerializedSize=0
2025-09-29 07:14:44,986 [grpc-default-executor-12] DEBUG server.RaftServer$Division (RaftServerImpl.java:logAppendEntries(1536)) - s2@group-BB9A90D547DD: appendEntries* s0->s2#54-t1,previous=(t:1, i:18),leaderCommit=18,initializing? false,entries: size=1, first=(t:1, i:19), STATEMACHINELOGENTRY, StateMachineLogEntryProto:33@client-A0A9049F9945
2025-09-29 07:14:44,986 [grpc-default-executor-2] DEBUG server.RaftServer$Division (RaftServerImpl.java:logAppendEntries(1536)) - s1@group-BB9A90D547DD: appendEntries* s0->s1#57-t1,previous=(t:1, i:18),leaderCommit=18,initializing? false,entries: size=1, first=(t:1, i:19), STATEMACHINELOGENTRY, StateMachineLogEntryProto:33@client-A0A9049F9945
2025-09-29 07:14:44,987 [s1-server-thread1] DEBUG server.RaftServer$Division (RaftServerImpl.java:logAppendEntries(1536)) - s1@group-BB9A90D547DD: appendEntries* reply s0<-s1#57:OK-t1,SUCCESS,nextIndex=20,followerCommit=18,matchIndex=19
2025-09-29 07:14:44,988 [s2-server-thread1] DEBUG server.RaftServer$Division (RaftServerImpl.java:logAppendEntries(1536)) - s2@group-BB9A90D547DD: appendEntries* reply s0<-s2#54:OK-t1,SUCCESS,nextIndex=20,followerCommit=18,matchIndex=19
2025-09-29 07:14:44,990 [s0@group-BB9A90D547DD-StateMachineUpdater] INFO  statemachine.StateMachine (ReadOnlyRequestTests.java:applyTransaction(375)) - receive command: INCREMENT
2025-09-29 07:14:44,990 [grpc-default-executor-12] DEBUG server.RaftServer$Division (RaftServerImpl.java:logAppendEntries(1536)) - s2@group-BB9A90D547DD: appendEntries* s0->s2#55-t1,previous=(t:1, i:19),leaderCommit=19,initializing? false,entries: size=1, first=(t:1, i:20), METADATAENTRY(c:19)
2025-09-29 07:14:44,990 [grpc-default-executor-2] DEBUG server.RaftServer$Division (RaftServerImpl.java:logAppendEntries(1536)) - s1@group-BB9A90D547DD: appendEntries* s0->s1#58-t1,previous=(t:1, i:19),leaderCommit=19,initializing? false,entries: size=1, first=(t:1, i:20), METADATAENTRY(c:19)
2025-09-29 07:14:44,992 [s1-server-thread1] DEBUG server.RaftServer$Division (RaftServerImpl.java:logAppendEntries(1536)) - s1@group-BB9A90D547DD: appendEntries* reply s0<-s1#58:OK-t1,SUCCESS,nextIndex=21,followerCommit=19,matchIndex=20
2025-09-29 07:14:44,992 [s1@group-BB9A90D547DD-StateMachineUpdater] INFO  statemachine.StateMachine (ReadOnlyRequestTests.java:applyTransaction(375)) - receive command: INCREMENT
2025-09-29 07:14:44,993 [s2-server-thread1] DEBUG server.RaftServer$Division (RaftServerImpl.java:logAppendEntries(1536)) - s2@group-BB9A90D547DD: appendEntries* reply s0<-s2#55:OK-t1,SUCCESS,nextIndex=21,followerCommit=19,matchIndex=20
2025-09-29 07:14:44,993 [s2@group-BB9A90D547DD-StateMachineUpdater] INFO  statemachine.StateMachine (ReadOnlyRequestTests.java:applyTransaction(375)) - receive command: INCREMENT
2025-09-29 07:14:44,995 [s1-client-thread1] DEBUG server.RaftServer$Division (RaftServerImpl.java:submitClientRequestAsync(939)) - s1@group-BB9A90D547DD: receive client request(RaftClientRequest:client-A0A9049F9945->s1@group-BB9A90D547DD, cid=34, seq=null, RO, Message:5155455259)
2025-09-29 07:14:44,997 [s0-server-thread1] DEBUG server.RaftServer$Division (LeaderStateImpl.java:getReadIndex(1147)) - readIndex=20, readAfterWriteConsistentIndex=null
2025-09-29 07:14:45,003 [s2-client-thread1] DEBUG server.RaftServer$Division (RaftServerImpl.java:submitClientRequestAsync(939)) - s2@group-BB9A90D547DD: receive client request(RaftClientRequest:client-A0A9049F9945->s2@group-BB9A90D547DD, cid=35, seq=10, RO, Message:5155455259)
2025-09-29 07:14:45,005 [s0-server-thread1] DEBUG server.RaftServer$Division (LeaderStateImpl.java:getReadIndex(1147)) - readIndex=20, readAfterWriteConsistentIndex=null
2025-09-29 07:14:45,012 [main] INFO  impl.MiniRaftCluster (MiniRaftCluster.java:shutdown(824)) - ************************************************************** 
2025-09-29 07:14:45,013 [main] INFO  impl.MiniRaftCluster (MiniRaftCluster.java:shutdown(825)) - *** 
2025-09-29 07:14:45,013 [main] INFO  impl.MiniRaftCluster (MiniRaftCluster.java:shutdown(826)) - ***     Stopping MiniRaftClusterWithGrpc
2025-09-29 07:14:45,013 [main] INFO  impl.MiniRaftCluster (MiniRaftCluster.java:shutdown(827)) - *** 
2025-09-29 07:14:45,013 [main] INFO  impl.MiniRaftCluster (MiniRaftCluster.java:shutdown(828)) - ************************************************************** 
2025-09-29 07:14:45,014 [main] INFO  impl.MiniRaftCluster (MiniRaftCluster.java:shutdown(829)) - printing ALL groups
  s0:  RUNNING    LEADER (RUNNING): s0@group-BB9A90D547DD:t1, leader=s0, voted=s0, raftlog=Memoized:s0@group-BB9A90D547DD-SegmentedRaftLog:OPENED:c20:last(t:1, i:20), conf=conf: {index: 0, cur=peers:[s0|localhost:15012, s1|localhost:15016, s2|localhost:15020]|listeners:[], old=null}
  s1:  RUNNING  FOLLOWER (RUNNING): s1@group-BB9A90D547DD:t1, leader=s0, voted=s1, raftlog=Memoized:s1@group-BB9A90D547DD-SegmentedRaftLog:OPENED:c20:last(t:1, i:20), conf=conf: {index: 0, cur=peers:[s0|localhost:15012, s1|localhost:15016, s2|localhost:15020]|listeners:[], old=null}
  s2:  RUNNING  FOLLOWER (RUNNING): s2@group-BB9A90D547DD:t1, leader=s0, voted=s0, raftlog=Memoized:s2@group-BB9A90D547DD-SegmentedRaftLog:OPENED:c20:last(t:1, i:20), conf=conf: {index: 0, cur=peers:[s0|localhost:15012, s1|localhost:15016, s2|localhost:15020]|listeners:[], old=null}
2025-09-29 07:14:45,014 [MiniRaftCluster-7] INFO  server.RaftServer (RaftServerProxy.java:lambda$close$9(425)) - s0: close
2025-09-29 07:14:45,015 [MiniRaftCluster-8] INFO  server.RaftServer (RaftServerProxy.java:lambda$close$9(425)) - s1: close
2025-09-29 07:14:45,015 [MiniRaftCluster-9] INFO  server.RaftServer (RaftServerProxy.java:lambda$close$9(425)) - s2: close
2025-09-29 07:14:45,015 [MiniRaftCluster-7] INFO  server.GrpcServicesImpl (GrpcServicesImpl.java:closeImpl(347)) - s0: shutdown server org.apache.ratis.grpc.server.GrpcClientProtocolService now
2025-09-29 07:14:45,015 [s0-impl-thread1] INFO  server.RaftServer$Division (RaftServerImpl.java:lambda$close$1(527)) - s0@group-BB9A90D547DD: shutdown
2025-09-29 07:14:45,016 [s0-impl-thread1] INFO  util.JmxRegister (JmxRegister.java:unregister(74)) - Successfully un-registered JMX Bean with object name Ratis:service=RaftServer,group=group-BB9A90D547DD,id=s0
2025-09-29 07:14:45,016 [s0-impl-thread1] INFO  impl.RoleInfo (RoleInfo.java:shutdownLeaderState(103)) - s0: shutdown s0@group-BB9A90D547DD-LeaderStateImpl
2025-09-29 07:14:45,017 [MiniRaftCluster-9] INFO  server.GrpcServicesImpl (GrpcServicesImpl.java:closeImpl(347)) - s2: shutdown server org.apache.ratis.grpc.server.GrpcClientProtocolService now
2025-09-29 07:14:45,017 [s2-impl-thread1] INFO  server.RaftServer$Division (RaftServerImpl.java:lambda$close$1(527)) - s2@group-BB9A90D547DD: shutdown
2025-09-29 07:14:45,017 [MiniRaftCluster-8] INFO  server.GrpcServicesImpl (GrpcServicesImpl.java:closeImpl(347)) - s1: shutdown server org.apache.ratis.grpc.server.GrpcClientProtocolService now
2025-09-29 07:14:45,017 [Thread-163] INFO  server.GrpcServerProtocolClient (GrpcServerProtocolClient.java:close(94)) - s1 Close channels
2025-09-29 07:14:45,017 [s0-impl-thread1] INFO  impl.PendingRequests (PendingRequests.java:sendNotLeaderResponses(281)) - s0@group-BB9A90D547DD-PendingRequests: sendNotLeaderResponses
2025-09-29 07:14:45,017 [s1-impl-thread1] INFO  server.RaftServer$Division (RaftServerImpl.java:lambda$close$1(527)) - s1@group-BB9A90D547DD: shutdown
2025-09-29 07:14:45,017 [s0@group-BB9A90D547DD->s2-GrpcLogAppender-LogAppenderDaemon] WARN  server.GrpcLogAppender (GrpcLogAppender.java:mayWait(300)) - s0@group-BB9A90D547DD->s2-GrpcLogAppender: Wait interrupted by java.lang.InterruptedException
2025-09-29 07:14:45,018 [s2-impl-thread1] INFO  util.JmxRegister (JmxRegister.java:unregister(74)) - Successfully un-registered JMX Bean with object name Ratis:service=RaftServer,group=group-BB9A90D547DD,id=s2
2025-09-29 07:14:45,018 [s2-impl-thread1] INFO  impl.RoleInfo (RoleInfo.java:shutdownFollowerState(121)) - s2: shutdown s2@group-BB9A90D547DD-FollowerState
2025-09-29 07:14:45,017 [Thread-164] INFO  server.GrpcServerProtocolClient (GrpcServerProtocolClient.java:close(94)) - s2 Close channels
2025-09-29 07:14:45,017 [s1-impl-thread1] INFO  util.JmxRegister (JmxRegister.java:unregister(74)) - Successfully un-registered JMX Bean with object name Ratis:service=RaftServer,group=group-BB9A90D547DD,id=s1
2025-09-29 07:14:45,017 [s0@group-BB9A90D547DD->s1-GrpcLogAppender-LogAppenderDaemon] WARN  server.GrpcLogAppender (GrpcLogAppender.java:mayWait(300)) - s0@group-BB9A90D547DD->s1-GrpcLogAppender: Wait interrupted by java.lang.InterruptedException
2025-09-29 07:14:45,020 [s1-impl-thread1] INFO  impl.RoleInfo (RoleInfo.java:shutdownFollowerState(121)) - s1: shutdown s1@group-BB9A90D547DD-FollowerState
2025-09-29 07:14:45,020 [s2@group-BB9A90D547DD-FollowerState] INFO  impl.FollowerState (FollowerState.java:runImpl(170)) - s2@group-BB9A90D547DD-FollowerState was interrupted
2025-09-29 07:14:45,021 [s2-impl-thread1] INFO  impl.StateMachineUpdater (StateMachineUpdater.java:stopAndJoin(163)) - s2@group-BB9A90D547DD-StateMachineUpdater: set stopIndex = 20
2025-09-29 07:14:45,021 [s1@group-BB9A90D547DD-StateMachineUpdater] INFO  impl.StateMachineUpdater (StateMachineUpdater.java:stop(140)) - s1@group-BB9A90D547DD-StateMachineUpdater: closing CounterStateMachine, lastApplied=(t:1, i:20)
2025-09-29 07:14:45,021 [s2@group-BB9A90D547DD-StateMachineUpdater] INFO  impl.StateMachineUpdater (StateMachineUpdater.java:stop(140)) - s2@group-BB9A90D547DD-StateMachineUpdater: closing CounterStateMachine, lastApplied=(t:1, i:20)
2025-09-29 07:14:45,021 [Thread-165] INFO  server.GrpcServerProtocolClient (GrpcServerProtocolClient.java:close(94)) - s0 Close channels
2025-09-29 07:14:45,020 [grpc-default-executor-3] INFO  server.GrpcLogAppender (GrpcLogAppender.java:onCompleted(558)) - s0@group-BB9A90D547DD->s2-AppendLogResponseHandler: follower responses appendEntries COMPLETED
2025-09-29 07:14:45,022 [grpc-default-executor-9] INFO  server.GrpcLogAppender (GrpcLogAppender.java:onCompleted(558)) - s0@group-BB9A90D547DD->s1-AppendLogResponseHandler: follower responses appendEntries COMPLETED
2025-09-29 07:14:45,022 [Thread-169] INFO  server.GrpcServerProtocolClient (GrpcServerProtocolClient.java:close(94)) - s2 Close channels
2025-09-29 07:14:45,022 [grpc-default-executor-3] WARN  server.GrpcLogAppender (GrpcLogAppender.java:resetClient(237)) - s0@group-BB9A90D547DD->s2-GrpcLogAppender: Failed to getClient for s2
org.apache.ratis.protocol.exceptions.AlreadyClosedException: s0 is already CLOSED
	at org.apache.ratis.util.PeerProxyMap$PeerAndProxy.getProxy(PeerProxyMap.java:70)
	at org.apache.ratis.util.PeerProxyMap.getProxy(PeerProxyMap.java:127)
	at org.apache.ratis.grpc.server.GrpcLogAppender.getClient(GrpcLogAppender.java:207)
	at org.apache.ratis.grpc.server.GrpcLogAppender.resetClient(GrpcLogAppender.java:212)
	at org.apache.ratis.grpc.server.GrpcLogAppender.access$800(GrpcLogAppender.java:70)
	at org.apache.ratis.grpc.server.GrpcLogAppender$AppendLogResponseHandler.onCompleted(GrpcLogAppender.java:559)
	at org.apache.ratis.thirdparty.io.grpc.stub.ClientCalls$StreamObserverToCallListenerAdapter.onClose(ClientCalls.java:579)
	at org.apache.ratis.thirdparty.io.grpc.internal.ClientCallImpl.closeObserver(ClientCallImpl.java:565)
	at org.apache.ratis.thirdparty.io.grpc.internal.ClientCallImpl.access$100(ClientCallImpl.java:72)
	at org.apache.ratis.thirdparty.io.grpc.internal.ClientCallImpl$ClientStreamListenerImpl$1StreamClosed.runInternal(ClientCallImpl.java:733)
	at org.apache.ratis.thirdparty.io.grpc.internal.ClientCallImpl$ClientStreamListenerImpl$1StreamClosed.runInContext(ClientCallImpl.java:714)
	at org.apache.ratis.thirdparty.io.grpc.internal.ContextRunnable.run(ContextRunnable.java:37)
	at org.apache.ratis.thirdparty.io.grpc.internal.SerializingExecutor.run(SerializingExecutor.java:133)
	at java.util.concurrent.ThreadPoolExecutor.runWorker(ThreadPoolExecutor.java:1149)
	at java.util.concurrent.ThreadPoolExecutor$Worker.run(ThreadPoolExecutor.java:624)
	at java.lang.Thread.run(Thread.java:750)
2025-09-29 07:14:45,021 [s1@group-BB9A90D547DD-FollowerState] INFO  impl.FollowerState (FollowerState.java:runImpl(170)) - s1@group-BB9A90D547DD-FollowerState was interrupted
2025-09-29 07:14:45,021 [s1-impl-thread1] INFO  impl.StateMachineUpdater (StateMachineUpdater.java:stopAndJoin(163)) - s1@group-BB9A90D547DD-StateMachineUpdater: set stopIndex = 20
2025-09-29 07:14:45,029 [grpc-default-executor-1] INFO  server.GrpcLogAppender (GrpcLogAppender.java:onCompleted(558)) - s0@group-BB9A90D547DD->s2-AppendLogResponseHandler: follower responses appendEntries COMPLETED
2025-09-29 07:14:45,029 [s0@group-BB9A90D547DD-StateMachineUpdater] INFO  impl.StateMachineUpdater (StateMachineUpdater.java:stop(140)) - s0@group-BB9A90D547DD-StateMachineUpdater: closing CounterStateMachine, lastApplied=(t:1, i:20)
2025-09-29 07:14:45,034 [grpc-default-executor-1] WARN  server.GrpcLogAppender (GrpcLogAppender.java:resetClient(237)) - s0@group-BB9A90D547DD->s2-GrpcLogAppender: Failed to getClient for s2
org.apache.ratis.protocol.exceptions.AlreadyClosedException: s0 is already CLOSED
	at org.apache.ratis.util.PeerProxyMap$PeerAndProxy.getProxy(PeerProxyMap.java:70)
	at org.apache.ratis.util.PeerProxyMap.getProxy(PeerProxyMap.java:127)
	at org.apache.ratis.grpc.server.GrpcLogAppender.getClient(GrpcLogAppender.java:207)
	at org.apache.ratis.grpc.server.GrpcLogAppender.resetClient(GrpcLogAppender.java:212)
	at org.apache.ratis.grpc.server.GrpcLogAppender.access$800(GrpcLogAppender.java:70)
	at org.apache.ratis.grpc.server.GrpcLogAppender$AppendLogResponseHandler.onCompleted(GrpcLogAppender.java:559)
	at org.apache.ratis.thirdparty.io.grpc.stub.ClientCalls$StreamObserverToCallListenerAdapter.onClose(ClientCalls.java:579)
	at org.apache.ratis.thirdparty.io.grpc.internal.DelayedClientCall$DelayedListener$3.run(DelayedClientCall.java:487)
	at org.apache.ratis.thirdparty.io.grpc.internal.DelayedClientCall$DelayedListener.delayOrExecute(DelayedClientCall.java:451)
	at org.apache.ratis.thirdparty.io.grpc.internal.DelayedClientCall$DelayedListener.onClose(DelayedClientCall.java:484)
	at org.apache.ratis.thirdparty.io.grpc.internal.ClientCallImpl.closeObserver(ClientCallImpl.java:565)
	at org.apache.ratis.thirdparty.io.grpc.internal.ClientCallImpl.access$100(ClientCallImpl.java:72)
	at org.apache.ratis.thirdparty.io.grpc.internal.ClientCallImpl$ClientStreamListenerImpl$1StreamClosed.runInternal(ClientCallImpl.java:733)
	at org.apache.ratis.thirdparty.io.grpc.internal.ClientCallImpl$ClientStreamListenerImpl$1StreamClosed.runInContext(ClientCallImpl.java:714)
	at org.apache.ratis.thirdparty.io.grpc.internal.ContextRunnable.run(ContextRunnable.java:37)
	at org.apache.ratis.thirdparty.io.grpc.internal.SerializingExecutor.run(SerializingExecutor.java:133)
	at java.util.concurrent.ThreadPoolExecutor.runWorker(ThreadPoolExecutor.java:1149)
	at java.util.concurrent.ThreadPoolExecutor$Worker.run(ThreadPoolExecutor.java:624)
	at java.lang.Thread.run(Thread.java:750)
2025-09-29 07:14:45,029 [s0-impl-thread1] INFO  impl.StateMachineUpdater (StateMachineUpdater.java:stopAndJoin(163)) - s0@group-BB9A90D547DD-StateMachineUpdater: set stopIndex = 20
2025-09-29 07:14:45,027 [grpc-default-executor-12] INFO  server.GrpcLogAppender (GrpcLogAppender.java:onCompleted(558)) - s0@group-BB9A90D547DD->s1-AppendLogResponseHandler: follower responses appendEntries COMPLETED
2025-09-29 07:14:45,036 [grpc-default-executor-12] WARN  server.GrpcLogAppender (GrpcLogAppender.java:resetClient(237)) - s0@group-BB9A90D547DD->s1-GrpcLogAppender: Failed to getClient for s1
org.apache.ratis.protocol.exceptions.AlreadyClosedException: s0 is already CLOSED
	at org.apache.ratis.util.PeerProxyMap$PeerAndProxy.getProxy(PeerProxyMap.java:70)
	at org.apache.ratis.util.PeerProxyMap.getProxy(PeerProxyMap.java:127)
	at org.apache.ratis.grpc.server.GrpcLogAppender.getClient(GrpcLogAppender.java:207)
	at org.apache.ratis.grpc.server.GrpcLogAppender.resetClient(GrpcLogAppender.java:212)
	at org.apache.ratis.grpc.server.GrpcLogAppender.access$800(GrpcLogAppender.java:70)
	at org.apache.ratis.grpc.server.GrpcLogAppender$AppendLogResponseHandler.onCompleted(GrpcLogAppender.java:559)
	at org.apache.ratis.thirdparty.io.grpc.stub.ClientCalls$StreamObserverToCallListenerAdapter.onClose(ClientCalls.java:579)
	at org.apache.ratis.thirdparty.io.grpc.internal.ClientCallImpl.closeObserver(ClientCallImpl.java:565)
	at org.apache.ratis.thirdparty.io.grpc.internal.ClientCallImpl.access$100(ClientCallImpl.java:72)
	at org.apache.ratis.thirdparty.io.grpc.internal.ClientCallImpl$ClientStreamListenerImpl$1StreamClosed.runInternal(ClientCallImpl.java:733)
	at org.apache.ratis.thirdparty.io.grpc.internal.ClientCallImpl$ClientStreamListenerImpl$1StreamClosed.runInContext(ClientCallImpl.java:714)
	at org.apache.ratis.thirdparty.io.grpc.internal.ContextRunnable.run(ContextRunnable.java:37)
	at org.apache.ratis.thirdparty.io.grpc.internal.SerializingExecutor.run(SerializingExecutor.java:133)
	at java.util.concurrent.ThreadPoolExecutor.runWorker(ThreadPoolExecutor.java:1149)
	at java.util.concurrent.ThreadPoolExecutor$Worker.run(ThreadPoolExecutor.java:624)
	at java.lang.Thread.run(Thread.java:750)
2025-09-29 07:14:45,027 [s2@group-BB9A90D547DD-cacheEviction-AwaitToRun] INFO  util.AwaitToRun (AwaitToRun.java:run(49)) - s2@group-BB9A90D547DD-cacheEviction-AwaitToRun-AwaitForSignal is interrupted
2025-09-29 07:14:45,026 [grpc-default-executor-9] WARN  server.GrpcLogAppender (GrpcLogAppender.java:resetClient(237)) - s0@group-BB9A90D547DD->s1-GrpcLogAppender: Failed to getClient for s1
org.apache.ratis.protocol.exceptions.AlreadyClosedException: s0 is already CLOSED
	at org.apache.ratis.util.PeerProxyMap$PeerAndProxy.getProxy(PeerProxyMap.java:70)
	at org.apache.ratis.util.PeerProxyMap.getProxy(PeerProxyMap.java:127)
	at org.apache.ratis.grpc.server.GrpcLogAppender.getClient(GrpcLogAppender.java:207)
	at org.apache.ratis.grpc.server.GrpcLogAppender.resetClient(GrpcLogAppender.java:212)
	at org.apache.ratis.grpc.server.GrpcLogAppender.access$800(GrpcLogAppender.java:70)
	at org.apache.ratis.grpc.server.GrpcLogAppender$AppendLogResponseHandler.onCompleted(GrpcLogAppender.java:559)
	at org.apache.ratis.thirdparty.io.grpc.stub.ClientCalls$StreamObserverToCallListenerAdapter.onClose(ClientCalls.java:579)
	at org.apache.ratis.thirdparty.io.grpc.internal.DelayedClientCall$DelayedListener$3.run(DelayedClientCall.java:487)
	at org.apache.ratis.thirdparty.io.grpc.internal.DelayedClientCall$DelayedListener.delayOrExecute(DelayedClientCall.java:451)
	at org.apache.ratis.thirdparty.io.grpc.internal.DelayedClientCall$DelayedListener.onClose(DelayedClientCall.java:484)
	at org.apache.ratis.thirdparty.io.grpc.internal.ClientCallImpl.closeObserver(ClientCallImpl.java:565)
	at org.apache.ratis.thirdparty.io.grpc.internal.ClientCallImpl.access$100(ClientCallImpl.java:72)
	at org.apache.ratis.thirdparty.io.grpc.internal.ClientCallImpl$ClientStreamListenerImpl$1StreamClosed.runInternal(ClientCallImpl.java:733)
	at org.apache.ratis.thirdparty.io.grpc.internal.ClientCallImpl$ClientStreamListenerImpl$1StreamClosed.runInContext(ClientCallImpl.java:714)
	at org.apache.ratis.thirdparty.io.grpc.internal.ContextRunnable.run(ContextRunnable.java:37)
	at org.apache.ratis.thirdparty.io.grpc.internal.SerializingExecutor.run(SerializingExecutor.java:133)
	at java.util.concurrent.ThreadPoolExecutor.runWorker(ThreadPoolExecutor.java:1149)
	at java.util.concurrent.ThreadPoolExecutor$Worker.run(ThreadPoolExecutor.java:624)
	at java.lang.Thread.run(Thread.java:750)
2025-09-29 07:14:45,037 [s0@group-BB9A90D547DD-cacheEviction-AwaitToRun] INFO  util.AwaitToRun (AwaitToRun.java:run(49)) - s0@group-BB9A90D547DD-cacheEviction-AwaitToRun-AwaitForSignal is interrupted
2025-09-29 07:14:45,038 [MiniRaftCluster-7] INFO  server.GrpcServicesImpl (GrpcServicesImpl.java:closeImpl(356)) - s0: shutdown server org.apache.ratis.grpc.server.GrpcClientProtocolService successfully
2025-09-29 07:14:45,038 [MiniRaftCluster-7] INFO  server.GrpcServicesImpl (GrpcServicesImpl.java:closeImpl(347)) - s0: shutdown server GrpcServerProtocolService now
2025-09-29 07:14:45,022 [Thread-167] INFO  server.GrpcServerProtocolClient (GrpcServerProtocolClient.java:close(94)) - s0 Close channels
2025-09-29 07:14:45,022 [MiniRaftCluster-9] INFO  server.GrpcServicesImpl (GrpcServicesImpl.java:closeImpl(356)) - s2: shutdown server org.apache.ratis.grpc.server.GrpcClientProtocolService successfully
2025-09-29 07:14:45,039 [MiniRaftCluster-9] INFO  server.GrpcServicesImpl (GrpcServicesImpl.java:closeImpl(347)) - s2: shutdown server GrpcServerProtocolService now
2025-09-29 07:14:45,034 [s1@group-BB9A90D547DD-cacheEviction-AwaitToRun] INFO  util.AwaitToRun (AwaitToRun.java:run(49)) - s1@group-BB9A90D547DD-cacheEviction-AwaitToRun-AwaitForSignal is interrupted
2025-09-29 07:14:45,041 [MiniRaftCluster-9] INFO  server.GrpcServicesImpl (GrpcServicesImpl.java:closeImpl(356)) - s2: shutdown server GrpcServerProtocolService successfully
2025-09-29 07:14:45,041 [MiniRaftCluster-9] INFO  server.GrpcServicesImpl (GrpcServicesImpl.java:closeImpl(347)) - s2: shutdown server org.apache.ratis.grpc.server.GrpcAdminProtocolService now
2025-09-29 07:14:45,041 [MiniRaftCluster-9] INFO  server.GrpcServicesImpl (GrpcServicesImpl.java:closeImpl(356)) - s2: shutdown server org.apache.ratis.grpc.server.GrpcAdminProtocolService successfully
2025-09-29 07:14:45,043 [MiniRaftCluster-7] INFO  server.GrpcServicesImpl (GrpcServicesImpl.java:closeImpl(356)) - s0: shutdown server GrpcServerProtocolService successfully
2025-09-29 07:14:45,043 [MiniRaftCluster-7] INFO  server.GrpcServicesImpl (GrpcServicesImpl.java:closeImpl(347)) - s0: shutdown server org.apache.ratis.grpc.server.GrpcAdminProtocolService now
2025-09-29 07:14:45,043 [MiniRaftCluster-7] INFO  server.GrpcServicesImpl (GrpcServicesImpl.java:closeImpl(356)) - s0: shutdown server org.apache.ratis.grpc.server.GrpcAdminProtocolService successfully
2025-09-29 07:14:45,045 [MiniRaftCluster-8] INFO  server.GrpcServicesImpl (GrpcServicesImpl.java:closeImpl(356)) - s1: shutdown server org.apache.ratis.grpc.server.GrpcClientProtocolService successfully
2025-09-29 07:14:45,045 [MiniRaftCluster-8] INFO  server.GrpcServicesImpl (GrpcServicesImpl.java:closeImpl(347)) - s1: shutdown server GrpcServerProtocolService now
2025-09-29 07:14:45,045 [MiniRaftCluster-8] INFO  server.GrpcServicesImpl (GrpcServicesImpl.java:closeImpl(356)) - s1: shutdown server GrpcServerProtocolService successfully
2025-09-29 07:14:45,045 [MiniRaftCluster-8] INFO  server.GrpcServicesImpl (GrpcServicesImpl.java:closeImpl(347)) - s1: shutdown server org.apache.ratis.grpc.server.GrpcAdminProtocolService now
2025-09-29 07:14:45,045 [MiniRaftCluster-8] INFO  server.GrpcServicesImpl (GrpcServicesImpl.java:closeImpl(356)) - s1: shutdown server org.apache.ratis.grpc.server.GrpcAdminProtocolService successfully
2025-09-29 07:14:45,991 [s0-impl-thread1] INFO  segmented.SegmentedRaftLogWorker (SegmentedRaftLogWorker.java:close(254)) - s0@group-BB9A90D547DD-SegmentedRaftLogWorker close()
2025-09-29 07:14:45,993 [JvmPauseMonitor3] INFO  util.JvmPauseMonitor (JvmPauseMonitor.java:run(152)) - JvmPauseMonitor-s0: Stopped
2025-09-29 07:14:45,994 [s2-impl-thread1] INFO  segmented.SegmentedRaftLogWorker (SegmentedRaftLogWorker.java:close(254)) - s2@group-BB9A90D547DD-SegmentedRaftLogWorker close()
2025-09-29 07:14:45,994 [s1-impl-thread1] INFO  segmented.SegmentedRaftLogWorker (SegmentedRaftLogWorker.java:close(254)) - s1@group-BB9A90D547DD-SegmentedRaftLogWorker close()
2025-09-29 07:14:45,996 [JvmPauseMonitor5] INFO  util.JvmPauseMonitor (JvmPauseMonitor.java:run(152)) - JvmPauseMonitor-s2: Stopped
2025-09-29 07:14:45,996 [JvmPauseMonitor4] INFO  util.JvmPauseMonitor (JvmPauseMonitor.java:run(152)) - JvmPauseMonitor-s1: Stopped
2025-09-29 07:14:45,996 [main] INFO  impl.MiniRaftCluster (MiniRaftCluster.java:shutdown(848)) - MiniRaftClusterWithGrpc shutdown completed
2025-09-29 07:14:45,997 [main] INFO  impl.MiniRaftCluster (MiniRaftCluster.java:shutdown(824)) - ************************************************************** 
2025-09-29 07:14:45,997 [main] INFO  impl.MiniRaftCluster (MiniRaftCluster.java:shutdown(825)) - *** 
2025-09-29 07:14:45,997 [main] INFO  impl.MiniRaftCluster (MiniRaftCluster.java:shutdown(826)) - ***     Stopping MiniRaftClusterWithGrpc
2025-09-29 07:14:45,997 [main] INFO  impl.MiniRaftCluster (MiniRaftCluster.java:shutdown(827)) - *** 
2025-09-29 07:14:45,997 [main] INFO  impl.MiniRaftCluster (MiniRaftCluster.java:shutdown(828)) - ************************************************************** 
2025-09-29 07:14:45,998 [main] INFO  impl.MiniRaftCluster (MiniRaftCluster.java:shutdown(829)) - printing ALL groups
  s0:   CLOSED    LEADER (CLOSED): s0@group-BB9A90D547DD:t1, leader=s0, voted=s0, raftlog=Memoized:s0@group-BB9A90D547DD-SegmentedRaftLog:CLOSED:c20, conf=conf: {index: 0, cur=peers:[s0|localhost:15012, s1|localhost:15016, s2|localhost:15020]|listeners:[], old=null}
  s1:   CLOSED  FOLLOWER (CLOSED): s1@group-BB9A90D547DD:t1, leader=s0, voted=s1, raftlog=Memoized:s1@group-BB9A90D547DD-SegmentedRaftLog:CLOSED:c20, conf=conf: {index: 0, cur=peers:[s0|localhost:15012, s1|localhost:15016, s2|localhost:15020]|listeners:[], old=null}
  s2:   CLOSED  FOLLOWER (CLOSED): s2@group-BB9A90D547DD:t1, leader=s0, voted=s0, raftlog=Memoized:s2@group-BB9A90D547DD-SegmentedRaftLog:CLOSED:c20, conf=conf: {index: 0, cur=peers:[s0|localhost:15012, s1|localhost:15016, s2|localhost:15020]|listeners:[], old=null}
2025-09-29 07:14:45,999 [main] INFO  impl.MiniRaftCluster (MiniRaftCluster.java:shutdown(848)) - MiniRaftClusterWithGrpc shutdown completed
]]></system-out>
  </testcase>
  <testcase name="testLeaseRead" classname="org.apache.ratis.grpc.TestReadOnlyRequestWithGrpc" time="1.699">
    <system-out><![CDATA[2025-09-29 07:14:46,000 [main] INFO  util.LogUtils (Slf4jUtils.java:setLogLevel(38)) - Successfully set org.apache.ratis.conf.ConfUtils log level to WARN
2025-09-29 07:14:46,000 [main] INFO  util.LogUtils (Slf4jUtils.java:setLogLevel(38)) - Successfully set org.apache.ratis.util.FileUtils log level to TRACE
2025-09-29 07:14:46,001 [main] INFO  util.LogUtils (Slf4jUtils.java:setLogLevel(38)) - Successfully set org.apache.ratis.server.RaftServer$Division log level to DEBUG
2025-09-29 07:14:46,002 [main] INFO  impl.MiniRaftCluster (MiniRaftCluster.java:runWithNewCluster(136)) - Running runWithNewCluster
2025-09-29 07:14:46,003 [main] INFO  impl.MiniRaftCluster (MiniRaftCluster.java:<init>(296)) - new MiniRaftClusterWithGrpc with group-67C52453B921:[s0|localhost:15024, s1|localhost:15028, s2|localhost:15032]
2025-09-29 07:14:46,003 [main] INFO  impl.MiniRaftCluster (MiniRaftCluster.java:start(329)) - .............................................................. 
2025-09-29 07:14:46,003 [main] INFO  impl.MiniRaftCluster (MiniRaftCluster.java:start(330)) - ... 
2025-09-29 07:14:46,003 [main] INFO  impl.MiniRaftCluster (MiniRaftCluster.java:start(331)) - ...     Starting MiniRaftClusterWithGrpc
2025-09-29 07:14:46,003 [main] INFO  impl.MiniRaftCluster (MiniRaftCluster.java:start(332)) - ... 
2025-09-29 07:14:46,004 [main] INFO  impl.MiniRaftCluster (MiniRaftCluster.java:start(333)) - .............................................................. 
2025-09-29 07:14:46,004 [main] INFO  impl.MiniRaftCluster (MiniRaftCluster.java:initServers(308)) - servers = {}
2025-09-29 07:14:46,004 [main] INFO  impl.MiniRaftCluster (MiniRaftCluster.java:newRaftServer(375)) - newRaftServer: s0, group-67C52453B921:[s0|localhost:15024, s1|localhost:15028, s2|localhost:15032], format? true
2025-09-29 07:14:46,004 [main] TRACE util.FileUtils (FileUtils.java:deleteFully(355)) - deleteFully target/test/data/6b14e155/MiniRaftClusterWithGrpc64e1f99e/s0
2025-09-29 07:14:46,004 [main] TRACE util.FileUtils (FileUtils.java:deleteFully(368)) - deleteFully: target/test/data/6b14e155/MiniRaftClusterWithGrpc64e1f99e/s0 does not exist.
2025-09-29 07:14:46,004 [main] INFO  impl.MiniRaftCluster (MiniRaftCluster.java:newRaftServer(380)) - Formatted directory target/test/data/6b14e155/MiniRaftClusterWithGrpc64e1f99e/s0
2025-09-29 07:14:46,005 [main] INFO  server.RaftServer (VersionInfo.java:printStartupMessages(132)) - Starting Apache Ratis Test -- RaftServerProxy s0
2025-09-29 07:14:46,005 [main] INFO  server.RaftServer (VersionInfo.java:printStartupMessages(136)) -                version: 3.1.3
2025-09-29 07:14:46,005 [main] INFO  server.RaftServer (VersionInfo.java:printStartupMessages(136)) -                    url: https://github.com/apache/ratis
2025-09-29 07:14:46,005 [main] INFO  server.RaftServer (VersionInfo.java:printStartupMessages(136)) -               revision: d902c593e11de03b157527cf3ee9a12cdd9ad451
2025-09-29 07:14:46,006 [main] INFO  server.RaftServer (VersionInfo.java:printStartupMessages(139)) -                   java: OpenJDK 64-Bit Server VM 1.8.0_462-b08
2025-09-29 07:14:46,006 [main] INFO  server.RaftServer (VersionInfo.java:printStartupMessages(139)) -                   user: runner
2025-09-29 07:14:46,006 [main] INFO  grpc.GrpcConfigKeys (ConfUtils.java:logFallback(69)) - raft.grpc.admin.host = null (fallback to raft.grpc.server.host)
2025-09-29 07:14:46,006 [main] INFO  grpc.GrpcConfigKeys (ConfUtils.java:logGet(62)) - raft.grpc.admin.port = 15025 (custom)
2025-09-29 07:14:46,006 [main] INFO  grpc.GrpcConfigKeys (ConfUtils.java:logFallback(69)) - raft.grpc.client.host = null (fallback to raft.grpc.server.host)
2025-09-29 07:14:46,007 [main] INFO  grpc.GrpcConfigKeys (ConfUtils.java:logGet(62)) - raft.grpc.client.port = 15026 (custom)
2025-09-29 07:14:46,007 [main] INFO  grpc.GrpcConfigKeys (ConfUtils.java:logGet(62)) - raft.grpc.server.port = 15024 (custom)
2025-09-29 07:14:46,008 [main] INFO  server.RaftServerConfigKeys (ConfUtils.java:logGet(62)) - raft.server.storage.dir = [/home/runner/work/ratis/ratis/ratis-test/target/test/data/6b14e155/MiniRaftClusterWithGrpc64e1f99e/s0] (custom)
2025-09-29 07:14:46,009 [main] INFO  server.RaftServer (RaftServerProxy.java:addNew(106)) - s0: addNew group-67C52453B921:[s0|localhost:15024, s1|localhost:15028, s2|localhost:15032] returns group-67C52453B921:java.util.concurrent.CompletableFuture@75ac326f[Not completed]
2025-09-29 07:14:46,009 [s0-groupManagement] INFO  server.RaftServer$Division (RaftServerImpl.java:<init>(268)) - s0: new RaftServerImpl for group-67C52453B921:[s0|localhost:15024, s1|localhost:15028, s2|localhost:15032] with CounterStateMachine-7:uninitialized
2025-09-29 07:14:46,010 [main] INFO  impl.MiniRaftCluster (MiniRaftCluster.java:newRaftServer(375)) - newRaftServer: s1, group-67C52453B921:[s0|localhost:15024, s1|localhost:15028, s2|localhost:15032], format? true
2025-09-29 07:14:46,010 [main] TRACE util.FileUtils (FileUtils.java:deleteFully(355)) - deleteFully target/test/data/6b14e155/MiniRaftClusterWithGrpc64e1f99e/s1
2025-09-29 07:14:46,010 [s0-groupManagement] INFO  server.RaftServer$Division (ServerState.java:<init>(114)) - s0@group-67C52453B921: ConfigurationManager, init=conf: {index: -1, cur=peers:[s0|localhost:15024, s1|localhost:15028, s2|localhost:15032]|listeners:[], old=null}, confs=<EMPTY_MAP>
2025-09-29 07:14:46,010 [main] TRACE util.FileUtils (FileUtils.java:deleteFully(368)) - deleteFully: target/test/data/6b14e155/MiniRaftClusterWithGrpc64e1f99e/s1 does not exist.
2025-09-29 07:14:46,011 [main] INFO  impl.MiniRaftCluster (MiniRaftCluster.java:newRaftServer(380)) - Formatted directory target/test/data/6b14e155/MiniRaftClusterWithGrpc64e1f99e/s1
2025-09-29 07:14:46,011 [main] INFO  server.RaftServer (VersionInfo.java:printStartupMessages(132)) - Starting Apache Ratis Test -- RaftServerProxy s1
2025-09-29 07:14:46,011 [main] INFO  server.RaftServer (VersionInfo.java:printStartupMessages(136)) -                version: 3.1.3
2025-09-29 07:14:46,011 [main] INFO  server.RaftServer (VersionInfo.java:printStartupMessages(136)) -                    url: https://github.com/apache/ratis
2025-09-29 07:14:46,012 [main] INFO  server.RaftServer (VersionInfo.java:printStartupMessages(136)) -               revision: d902c593e11de03b157527cf3ee9a12cdd9ad451
2025-09-29 07:14:46,012 [main] INFO  server.RaftServer (VersionInfo.java:printStartupMessages(139)) -                   java: OpenJDK 64-Bit Server VM 1.8.0_462-b08
2025-09-29 07:14:46,012 [main] INFO  server.RaftServer (VersionInfo.java:printStartupMessages(139)) -                   user: runner
2025-09-29 07:14:46,012 [main] INFO  grpc.GrpcConfigKeys (ConfUtils.java:logFallback(69)) - raft.grpc.admin.host = null (fallback to raft.grpc.server.host)
2025-09-29 07:14:46,013 [main] INFO  grpc.GrpcConfigKeys (ConfUtils.java:logGet(62)) - raft.grpc.admin.port = 15029 (custom)
2025-09-29 07:14:46,013 [main] INFO  grpc.GrpcConfigKeys (ConfUtils.java:logFallback(69)) - raft.grpc.client.host = null (fallback to raft.grpc.server.host)
2025-09-29 07:14:46,013 [main] INFO  grpc.GrpcConfigKeys (ConfUtils.java:logGet(62)) - raft.grpc.client.port = 15030 (custom)
2025-09-29 07:14:46,013 [main] INFO  grpc.GrpcConfigKeys (ConfUtils.java:logGet(62)) - raft.grpc.server.port = 15028 (custom)
2025-09-29 07:14:46,015 [main] INFO  server.RaftServerConfigKeys (ConfUtils.java:logGet(62)) - raft.server.storage.dir = [/home/runner/work/ratis/ratis/ratis-test/target/test/data/6b14e155/MiniRaftClusterWithGrpc64e1f99e/s1] (custom)
2025-09-29 07:14:46,015 [main] INFO  server.RaftServer (RaftServerProxy.java:addNew(106)) - s1: addNew group-67C52453B921:[s0|localhost:15024, s1|localhost:15028, s2|localhost:15032] returns group-67C52453B921:java.util.concurrent.CompletableFuture@f453129[Not completed]
2025-09-29 07:14:46,016 [s1-groupManagement] INFO  server.RaftServer$Division (RaftServerImpl.java:<init>(268)) - s1: new RaftServerImpl for group-67C52453B921:[s0|localhost:15024, s1|localhost:15028, s2|localhost:15032] with CounterStateMachine-8:uninitialized
2025-09-29 07:14:46,016 [main] INFO  impl.MiniRaftCluster (MiniRaftCluster.java:newRaftServer(375)) - newRaftServer: s2, group-67C52453B921:[s0|localhost:15024, s1|localhost:15028, s2|localhost:15032], format? true
2025-09-29 07:14:46,016 [main] TRACE util.FileUtils (FileUtils.java:deleteFully(355)) - deleteFully target/test/data/6b14e155/MiniRaftClusterWithGrpc64e1f99e/s2
2025-09-29 07:14:46,016 [s1-groupManagement] INFO  server.RaftServer$Division (ServerState.java:<init>(114)) - s1@group-67C52453B921: ConfigurationManager, init=conf: {index: -1, cur=peers:[s0|localhost:15024, s1|localhost:15028, s2|localhost:15032]|listeners:[], old=null}, confs=<EMPTY_MAP>
2025-09-29 07:14:46,016 [main] TRACE util.FileUtils (FileUtils.java:deleteFully(368)) - deleteFully: target/test/data/6b14e155/MiniRaftClusterWithGrpc64e1f99e/s2 does not exist.
2025-09-29 07:14:46,016 [main] INFO  impl.MiniRaftCluster (MiniRaftCluster.java:newRaftServer(380)) - Formatted directory target/test/data/6b14e155/MiniRaftClusterWithGrpc64e1f99e/s2
2025-09-29 07:14:46,017 [main] INFO  server.RaftServer (VersionInfo.java:printStartupMessages(132)) - Starting Apache Ratis Test -- RaftServerProxy s2
2025-09-29 07:14:46,017 [main] INFO  server.RaftServer (VersionInfo.java:printStartupMessages(136)) -                version: 3.1.3
2025-09-29 07:14:46,017 [main] INFO  server.RaftServer (VersionInfo.java:printStartupMessages(136)) -                    url: https://github.com/apache/ratis
2025-09-29 07:14:46,018 [main] INFO  server.RaftServer (VersionInfo.java:printStartupMessages(136)) -               revision: d902c593e11de03b157527cf3ee9a12cdd9ad451
2025-09-29 07:14:46,018 [main] INFO  server.RaftServer (VersionInfo.java:printStartupMessages(139)) -                   java: OpenJDK 64-Bit Server VM 1.8.0_462-b08
2025-09-29 07:14:46,018 [main] INFO  server.RaftServer (VersionInfo.java:printStartupMessages(139)) -                   user: runner
2025-09-29 07:14:46,018 [main] INFO  grpc.GrpcConfigKeys (ConfUtils.java:logFallback(69)) - raft.grpc.admin.host = null (fallback to raft.grpc.server.host)
2025-09-29 07:14:46,018 [main] INFO  grpc.GrpcConfigKeys (ConfUtils.java:logGet(62)) - raft.grpc.admin.port = 15033 (custom)
2025-09-29 07:14:46,019 [main] INFO  grpc.GrpcConfigKeys (ConfUtils.java:logFallback(69)) - raft.grpc.client.host = null (fallback to raft.grpc.server.host)
2025-09-29 07:14:46,019 [main] INFO  grpc.GrpcConfigKeys (ConfUtils.java:logGet(62)) - raft.grpc.client.port = 15034 (custom)
2025-09-29 07:14:46,019 [main] INFO  grpc.GrpcConfigKeys (ConfUtils.java:logGet(62)) - raft.grpc.server.port = 15032 (custom)
2025-09-29 07:14:46,021 [main] INFO  server.RaftServerConfigKeys (ConfUtils.java:logGet(62)) - raft.server.storage.dir = [/home/runner/work/ratis/ratis/ratis-test/target/test/data/6b14e155/MiniRaftClusterWithGrpc64e1f99e/s2] (custom)
2025-09-29 07:14:46,022 [main] INFO  server.RaftServer (RaftServerProxy.java:addNew(106)) - s2: addNew group-67C52453B921:[s0|localhost:15024, s1|localhost:15028, s2|localhost:15032] returns group-67C52453B921:java.util.concurrent.CompletableFuture@49809275[Not completed]
2025-09-29 07:14:46,022 [s2-groupManagement] INFO  server.RaftServer$Division (RaftServerImpl.java:<init>(268)) - s2: new RaftServerImpl for group-67C52453B921:[s0|localhost:15024, s1|localhost:15028, s2|localhost:15032] with CounterStateMachine-9:uninitialized
2025-09-29 07:14:46,022 [s0-impl-thread1] INFO  server.RaftServerConfigKeys (ConfUtils.java:logGet(62)) - raft.server.storage.dir = [/home/runner/work/ratis/ratis/ratis-test/target/test/data/6b14e155/MiniRaftClusterWithGrpc64e1f99e/s0] (custom)
2025-09-29 07:14:46,022 [s2-groupManagement] INFO  server.RaftServer$Division (ServerState.java:<init>(114)) - s2@group-67C52453B921: ConfigurationManager, init=conf: {index: -1, cur=peers:[s0|localhost:15024, s1|localhost:15028, s2|localhost:15032]|listeners:[], old=null}, confs=<EMPTY_MAP>
2025-09-29 07:14:46,022 [s0-impl-thread1] INFO  storage.RaftStorageDirectory (RaftStorageDirectoryImpl.java:analyzeStorage(138)) - The storage directory /home/runner/work/ratis/ratis/ratis-test/target/test/data/6b14e155/MiniRaftClusterWithGrpc64e1f99e/s0/563597b8-5c36-4eff-a703-67c52453b921 does not exist. Creating ...
2025-09-29 07:14:46,023 [s0-impl-thread1] TRACE util.FileUtils (LogUtils.java:runAndLog(49)) - Successfully ran Files.createDirectories /home/runner/work/ratis/ratis/ratis-test/target/test/data/6b14e155/MiniRaftClusterWithGrpc64e1f99e/s0/563597b8-5c36-4eff-a703-67c52453b921
2025-09-29 07:14:46,024 [s0-impl-thread1] INFO  storage.RaftStorageDirectory (RaftStorageDirectoryImpl.java:tryLock(229)) - Lock on /home/runner/work/ratis/ratis/ratis-test/target/test/data/6b14e155/MiniRaftClusterWithGrpc64e1f99e/s0/563597b8-5c36-4eff-a703-67c52453b921/in_use.lock acquired by nodename 24167@runnervm3ublj
2025-09-29 07:14:46,024 [s0-impl-thread1] TRACE util.FileUtils (LogUtils.java:runAndLog(49)) - Successfully ran Files.createDirectories /home/runner/work/ratis/ratis/ratis-test/target/test/data/6b14e155/MiniRaftClusterWithGrpc64e1f99e/s0/563597b8-5c36-4eff-a703-67c52453b921/current
2025-09-29 07:14:46,024 [s0-impl-thread1] TRACE util.FileUtils (LogUtils.java:runAndLog(49)) - Successfully ran Files.createDirectories /home/runner/work/ratis/ratis/ratis-test/target/test/data/6b14e155/MiniRaftClusterWithGrpc64e1f99e/s0/563597b8-5c36-4eff-a703-67c52453b921/sm
2025-09-29 07:14:46,025 [s0-impl-thread1] TRACE util.FileUtils (LogUtils.java:supplyAndLog(69)) - Successfully supplied FileChannel.open /home/runner/work/ratis/ratis/ratis-test/target/test/data/6b14e155/MiniRaftClusterWithGrpc64e1f99e/s0/563597b8-5c36-4eff-a703-67c52453b921/current/raft-meta.tmp with options [CREATE, TRUNCATE_EXISTING, WRITE]: sun.nio.ch.FileChannelImpl@52dbb84b
2025-09-29 07:14:46,025 [s0-impl-thread1] TRACE util.FileUtils (LogUtils.java:runAndLog(49)) - Successfully ran Atomic Files.move /home/runner/work/ratis/ratis/ratis-test/target/test/data/6b14e155/MiniRaftClusterWithGrpc64e1f99e/s0/563597b8-5c36-4eff-a703-67c52453b921/current/raft-meta.tmp to /home/runner/work/ratis/ratis/ratis-test/target/test/data/6b14e155/MiniRaftClusterWithGrpc64e1f99e/s0/563597b8-5c36-4eff-a703-67c52453b921/current/raft-meta with options [REPLACE_EXISTING]
2025-09-29 07:14:46,026 [s0-impl-thread1] INFO  storage.RaftStorage (RaftStorageImpl.java:format(98)) - Storage directory /home/runner/work/ratis/ratis/ratis-test/target/test/data/6b14e155/MiniRaftClusterWithGrpc64e1f99e/s0/563597b8-5c36-4eff-a703-67c52453b921 has been successfully formatted.
2025-09-29 07:14:46,026 [s0-impl-thread1] INFO  server.RaftServer$Division (ServerState.java:getSnapshotIndexFromStateMachine(154)) - s0@group-67C52453B921: getLatestSnapshot(CounterStateMachine-7:s0:group-67C52453B921) returns null
2025-09-29 07:14:46,026 [s0-impl-thread1] INFO  raftlog.RaftLog (RaftLogBase.java:<init>(90)) - s0@group-67C52453B921-SegmentedRaftLog: snapshotIndexFromStateMachine = -1
2025-09-29 07:14:46,026 [s0-impl-thread1] INFO  util.AwaitToRun (AwaitToRun.java:start(81)) - Thread[s0@group-67C52453B921-cacheEviction-AwaitToRun,5,main] started
2025-09-29 07:14:46,027 [s0-impl-thread1] INFO  segmented.SegmentedRaftLogWorker (SegmentedRaftLogWorker.java:<init>(190)) - new s0@group-67C52453B921-SegmentedRaftLogWorker for RaftStorageImpl:Storage Directory /home/runner/work/ratis/ratis/ratis-test/target/test/data/6b14e155/MiniRaftClusterWithGrpc64e1f99e/s0/563597b8-5c36-4eff-a703-67c52453b921
2025-09-29 07:14:46,028 [s0-impl-thread1] INFO  segmented.SegmentedRaftLogWorker (SegmentedRaftLogWorker.java:lambda$new$0(141)) - s0@group-67C52453B921-SegmentedRaftLogWorker: flushIndex: setUnconditionally 0 -> -1
2025-09-29 07:14:46,028 [s0-impl-thread1] INFO  segmented.SegmentedRaftLogWorker (SegmentedRaftLogWorker.java:lambda$new$0(141)) - s0@group-67C52453B921-SegmentedRaftLogWorker: safeCacheEvictIndex: setUnconditionally 0 -> -1
2025-09-29 07:14:46,029 [s0-impl-thread1] INFO  server.RaftServer$Division (RaftServerImpl.java:start(405)) - s0@group-67C52453B921: start as a follower, conf=conf: {index: -1, cur=peers:[s0|localhost:15024, s1|localhost:15028, s2|localhost:15032]|listeners:[], old=null}
2025-09-29 07:14:46,029 [s0-impl-thread1] INFO  server.RaftServer$Division (RaftServerImpl.java:setRole(392)) - s0@group-67C52453B921: changes role from      null to FOLLOWER at term 0 for startAsFollower
2025-09-29 07:14:46,029 [s0-impl-thread1] INFO  impl.RoleInfo (RoleInfo.java:updateAndGet(148)) - s0: start s0@group-67C52453B921-FollowerState
2025-09-29 07:14:46,029 [s0-impl-thread1] INFO  util.JmxRegister (JmxRegister.java:tryRegister(44)) - Successfully registered JMX Bean with object name Ratis:service=RaftServer,group=group-67C52453B921,id=s0
2025-09-29 07:14:46,029 [s0-impl-thread1] INFO  util.JmxRegister (JmxRegister.java:register(58)) - register mxBean class org.apache.ratis.server.impl.RaftServerJmxAdapter as Ratis:service=RaftServer,group=group-67C52453B921,id=s0
2025-09-29 07:14:46,030 [s0@group-67C52453B921-FollowerState] INFO  server.RaftServerConfigKeys (ConfUtils.java:logFallback(69)) - raft.server.rpc.first-election.timeout.min = 150ms (fallback to raft.server.rpc.timeout.min)
2025-09-29 07:14:46,030 [s0-impl-thread1] INFO  server.RaftServer$Division (RaftServerImpl.java:start(419)) - s0@group-67C52453B921: Successfully started.
2025-09-29 07:14:46,030 [s0@group-67C52453B921-FollowerState] INFO  server.RaftServerConfigKeys (ConfUtils.java:logFallback(69)) - raft.server.rpc.first-election.timeout.max = 300ms (fallback to raft.server.rpc.timeout.max)
2025-09-29 07:14:46,030 [main] INFO  server.RaftServer (RaftServerProxy.java:startImpl(415)) - s0: start RPC server
2025-09-29 07:14:46,032 [main] INFO  server.GrpcServicesImpl (GrpcServicesImpl.java:startImpl(338)) - s0: GrpcServicesImpl started, listening on 15026
2025-09-29 07:14:46,033 [main] INFO  server.GrpcServicesImpl (GrpcServicesImpl.java:startImpl(338)) - s0: GrpcServicesImpl started, listening on 15024
2025-09-29 07:14:46,033 [main] INFO  server.GrpcServicesImpl (GrpcServicesImpl.java:startImpl(338)) - s0: GrpcServicesImpl started, listening on 15025
2025-09-29 07:14:46,034 [JvmPauseMonitor6] INFO  util.JvmPauseMonitor (JvmPauseMonitor.java:run(146)) - JvmPauseMonitor-s0: Started
2025-09-29 07:14:46,034 [s1-impl-thread1] INFO  server.RaftServerConfigKeys (ConfUtils.java:logGet(62)) - raft.server.storage.dir = [/home/runner/work/ratis/ratis/ratis-test/target/test/data/6b14e155/MiniRaftClusterWithGrpc64e1f99e/s1] (custom)
2025-09-29 07:14:46,034 [s1-impl-thread1] INFO  storage.RaftStorageDirectory (RaftStorageDirectoryImpl.java:analyzeStorage(138)) - The storage directory /home/runner/work/ratis/ratis/ratis-test/target/test/data/6b14e155/MiniRaftClusterWithGrpc64e1f99e/s1/563597b8-5c36-4eff-a703-67c52453b921 does not exist. Creating ...
2025-09-29 07:14:46,035 [s1-impl-thread1] TRACE util.FileUtils (LogUtils.java:runAndLog(49)) - Successfully ran Files.createDirectories /home/runner/work/ratis/ratis/ratis-test/target/test/data/6b14e155/MiniRaftClusterWithGrpc64e1f99e/s1/563597b8-5c36-4eff-a703-67c52453b921
2025-09-29 07:14:46,035 [s1-impl-thread1] INFO  storage.RaftStorageDirectory (RaftStorageDirectoryImpl.java:tryLock(229)) - Lock on /home/runner/work/ratis/ratis/ratis-test/target/test/data/6b14e155/MiniRaftClusterWithGrpc64e1f99e/s1/563597b8-5c36-4eff-a703-67c52453b921/in_use.lock acquired by nodename 24167@runnervm3ublj
2025-09-29 07:14:46,035 [s1-impl-thread1] TRACE util.FileUtils (LogUtils.java:runAndLog(49)) - Successfully ran Files.createDirectories /home/runner/work/ratis/ratis/ratis-test/target/test/data/6b14e155/MiniRaftClusterWithGrpc64e1f99e/s1/563597b8-5c36-4eff-a703-67c52453b921/current
2025-09-29 07:14:46,036 [s1-impl-thread1] TRACE util.FileUtils (LogUtils.java:runAndLog(49)) - Successfully ran Files.createDirectories /home/runner/work/ratis/ratis/ratis-test/target/test/data/6b14e155/MiniRaftClusterWithGrpc64e1f99e/s1/563597b8-5c36-4eff-a703-67c52453b921/sm
2025-09-29 07:14:46,036 [s1-impl-thread1] TRACE util.FileUtils (LogUtils.java:supplyAndLog(69)) - Successfully supplied FileChannel.open /home/runner/work/ratis/ratis/ratis-test/target/test/data/6b14e155/MiniRaftClusterWithGrpc64e1f99e/s1/563597b8-5c36-4eff-a703-67c52453b921/current/raft-meta.tmp with options [CREATE, TRUNCATE_EXISTING, WRITE]: sun.nio.ch.FileChannelImpl@484a43c7
2025-09-29 07:14:46,036 [s1-impl-thread1] TRACE util.FileUtils (LogUtils.java:runAndLog(49)) - Successfully ran Atomic Files.move /home/runner/work/ratis/ratis/ratis-test/target/test/data/6b14e155/MiniRaftClusterWithGrpc64e1f99e/s1/563597b8-5c36-4eff-a703-67c52453b921/current/raft-meta.tmp to /home/runner/work/ratis/ratis/ratis-test/target/test/data/6b14e155/MiniRaftClusterWithGrpc64e1f99e/s1/563597b8-5c36-4eff-a703-67c52453b921/current/raft-meta with options [REPLACE_EXISTING]
2025-09-29 07:14:46,036 [s1-impl-thread1] INFO  storage.RaftStorage (RaftStorageImpl.java:format(98)) - Storage directory /home/runner/work/ratis/ratis/ratis-test/target/test/data/6b14e155/MiniRaftClusterWithGrpc64e1f99e/s1/563597b8-5c36-4eff-a703-67c52453b921 has been successfully formatted.
2025-09-29 07:14:46,037 [s1-impl-thread1] INFO  server.RaftServer$Division (ServerState.java:getSnapshotIndexFromStateMachine(154)) - s1@group-67C52453B921: getLatestSnapshot(CounterStateMachine-8:s1:group-67C52453B921) returns null
2025-09-29 07:14:46,037 [s1-impl-thread1] INFO  raftlog.RaftLog (RaftLogBase.java:<init>(90)) - s1@group-67C52453B921-SegmentedRaftLog: snapshotIndexFromStateMachine = -1
2025-09-29 07:14:46,037 [s1-impl-thread1] INFO  util.AwaitToRun (AwaitToRun.java:start(81)) - Thread[s1@group-67C52453B921-cacheEviction-AwaitToRun,5,main] started
2025-09-29 07:14:46,037 [s1-impl-thread1] INFO  segmented.SegmentedRaftLogWorker (SegmentedRaftLogWorker.java:<init>(190)) - new s1@group-67C52453B921-SegmentedRaftLogWorker for RaftStorageImpl:Storage Directory /home/runner/work/ratis/ratis/ratis-test/target/test/data/6b14e155/MiniRaftClusterWithGrpc64e1f99e/s1/563597b8-5c36-4eff-a703-67c52453b921
2025-09-29 07:14:46,039 [s1-impl-thread1] INFO  segmented.SegmentedRaftLogWorker (SegmentedRaftLogWorker.java:lambda$new$0(141)) - s1@group-67C52453B921-SegmentedRaftLogWorker: flushIndex: setUnconditionally 0 -> -1
2025-09-29 07:14:46,039 [s1-impl-thread1] INFO  segmented.SegmentedRaftLogWorker (SegmentedRaftLogWorker.java:lambda$new$0(141)) - s1@group-67C52453B921-SegmentedRaftLogWorker: safeCacheEvictIndex: setUnconditionally 0 -> -1
2025-09-29 07:14:46,040 [s1-impl-thread1] INFO  server.RaftServer$Division (RaftServerImpl.java:start(405)) - s1@group-67C52453B921: start as a follower, conf=conf: {index: -1, cur=peers:[s0|localhost:15024, s1|localhost:15028, s2|localhost:15032]|listeners:[], old=null}
2025-09-29 07:14:46,040 [s1-impl-thread1] INFO  server.RaftServer$Division (RaftServerImpl.java:setRole(392)) - s1@group-67C52453B921: changes role from      null to FOLLOWER at term 0 for startAsFollower
2025-09-29 07:14:46,040 [s1-impl-thread1] INFO  impl.RoleInfo (RoleInfo.java:updateAndGet(148)) - s1: start s1@group-67C52453B921-FollowerState
2025-09-29 07:14:46,040 [s1@group-67C52453B921-FollowerState] INFO  server.RaftServerConfigKeys (ConfUtils.java:logFallback(69)) - raft.server.rpc.first-election.timeout.min = 150ms (fallback to raft.server.rpc.timeout.min)
2025-09-29 07:14:46,040 [s1-impl-thread1] INFO  util.JmxRegister (JmxRegister.java:tryRegister(44)) - Successfully registered JMX Bean with object name Ratis:service=RaftServer,group=group-67C52453B921,id=s1
2025-09-29 07:14:46,040 [s1-impl-thread1] INFO  util.JmxRegister (JmxRegister.java:register(58)) - register mxBean class org.apache.ratis.server.impl.RaftServerJmxAdapter as Ratis:service=RaftServer,group=group-67C52453B921,id=s1
2025-09-29 07:14:46,040 [s1@group-67C52453B921-FollowerState] INFO  server.RaftServerConfigKeys (ConfUtils.java:logFallback(69)) - raft.server.rpc.first-election.timeout.max = 300ms (fallback to raft.server.rpc.timeout.max)
2025-09-29 07:14:46,041 [s1-impl-thread1] INFO  server.RaftServer$Division (RaftServerImpl.java:start(419)) - s1@group-67C52453B921: Successfully started.
2025-09-29 07:14:46,041 [main] INFO  server.RaftServer (RaftServerProxy.java:startImpl(415)) - s1: start RPC server
2025-09-29 07:14:46,042 [main] INFO  server.GrpcServicesImpl (GrpcServicesImpl.java:startImpl(338)) - s1: GrpcServicesImpl started, listening on 15030
2025-09-29 07:14:46,043 [main] INFO  server.GrpcServicesImpl (GrpcServicesImpl.java:startImpl(338)) - s1: GrpcServicesImpl started, listening on 15028
2025-09-29 07:14:46,044 [main] INFO  server.GrpcServicesImpl (GrpcServicesImpl.java:startImpl(338)) - s1: GrpcServicesImpl started, listening on 15029
2025-09-29 07:14:46,045 [JvmPauseMonitor7] INFO  util.JvmPauseMonitor (JvmPauseMonitor.java:run(146)) - JvmPauseMonitor-s1: Started
2025-09-29 07:14:46,045 [s2-impl-thread1] INFO  server.RaftServerConfigKeys (ConfUtils.java:logGet(62)) - raft.server.storage.dir = [/home/runner/work/ratis/ratis/ratis-test/target/test/data/6b14e155/MiniRaftClusterWithGrpc64e1f99e/s2] (custom)
2025-09-29 07:14:46,045 [s2-impl-thread1] INFO  storage.RaftStorageDirectory (RaftStorageDirectoryImpl.java:analyzeStorage(138)) - The storage directory /home/runner/work/ratis/ratis/ratis-test/target/test/data/6b14e155/MiniRaftClusterWithGrpc64e1f99e/s2/563597b8-5c36-4eff-a703-67c52453b921 does not exist. Creating ...
2025-09-29 07:14:46,046 [s2-impl-thread1] TRACE util.FileUtils (LogUtils.java:runAndLog(49)) - Successfully ran Files.createDirectories /home/runner/work/ratis/ratis/ratis-test/target/test/data/6b14e155/MiniRaftClusterWithGrpc64e1f99e/s2/563597b8-5c36-4eff-a703-67c52453b921
2025-09-29 07:14:46,047 [s2-impl-thread1] INFO  storage.RaftStorageDirectory (RaftStorageDirectoryImpl.java:tryLock(229)) - Lock on /home/runner/work/ratis/ratis/ratis-test/target/test/data/6b14e155/MiniRaftClusterWithGrpc64e1f99e/s2/563597b8-5c36-4eff-a703-67c52453b921/in_use.lock acquired by nodename 24167@runnervm3ublj
2025-09-29 07:14:46,047 [s2-impl-thread1] TRACE util.FileUtils (LogUtils.java:runAndLog(49)) - Successfully ran Files.createDirectories /home/runner/work/ratis/ratis/ratis-test/target/test/data/6b14e155/MiniRaftClusterWithGrpc64e1f99e/s2/563597b8-5c36-4eff-a703-67c52453b921/current
2025-09-29 07:14:46,047 [s2-impl-thread1] TRACE util.FileUtils (LogUtils.java:runAndLog(49)) - Successfully ran Files.createDirectories /home/runner/work/ratis/ratis/ratis-test/target/test/data/6b14e155/MiniRaftClusterWithGrpc64e1f99e/s2/563597b8-5c36-4eff-a703-67c52453b921/sm
2025-09-29 07:14:46,047 [s2-impl-thread1] TRACE util.FileUtils (LogUtils.java:supplyAndLog(69)) - Successfully supplied FileChannel.open /home/runner/work/ratis/ratis/ratis-test/target/test/data/6b14e155/MiniRaftClusterWithGrpc64e1f99e/s2/563597b8-5c36-4eff-a703-67c52453b921/current/raft-meta.tmp with options [CREATE, TRUNCATE_EXISTING, WRITE]: sun.nio.ch.FileChannelImpl@1f8b457e
2025-09-29 07:14:46,048 [s2-impl-thread1] TRACE util.FileUtils (LogUtils.java:runAndLog(49)) - Successfully ran Atomic Files.move /home/runner/work/ratis/ratis/ratis-test/target/test/data/6b14e155/MiniRaftClusterWithGrpc64e1f99e/s2/563597b8-5c36-4eff-a703-67c52453b921/current/raft-meta.tmp to /home/runner/work/ratis/ratis/ratis-test/target/test/data/6b14e155/MiniRaftClusterWithGrpc64e1f99e/s2/563597b8-5c36-4eff-a703-67c52453b921/current/raft-meta with options [REPLACE_EXISTING]
2025-09-29 07:14:46,048 [s2-impl-thread1] INFO  storage.RaftStorage (RaftStorageImpl.java:format(98)) - Storage directory /home/runner/work/ratis/ratis/ratis-test/target/test/data/6b14e155/MiniRaftClusterWithGrpc64e1f99e/s2/563597b8-5c36-4eff-a703-67c52453b921 has been successfully formatted.
2025-09-29 07:14:46,049 [s2-impl-thread1] INFO  server.RaftServer$Division (ServerState.java:getSnapshotIndexFromStateMachine(154)) - s2@group-67C52453B921: getLatestSnapshot(CounterStateMachine-9:s2:group-67C52453B921) returns null
2025-09-29 07:14:46,049 [s2-impl-thread1] INFO  raftlog.RaftLog (RaftLogBase.java:<init>(90)) - s2@group-67C52453B921-SegmentedRaftLog: snapshotIndexFromStateMachine = -1
2025-09-29 07:14:46,050 [s2-impl-thread1] INFO  util.AwaitToRun (AwaitToRun.java:start(81)) - Thread[s2@group-67C52453B921-cacheEviction-AwaitToRun,5,main] started
2025-09-29 07:14:46,050 [s2-impl-thread1] INFO  segmented.SegmentedRaftLogWorker (SegmentedRaftLogWorker.java:<init>(190)) - new s2@group-67C52453B921-SegmentedRaftLogWorker for RaftStorageImpl:Storage Directory /home/runner/work/ratis/ratis/ratis-test/target/test/data/6b14e155/MiniRaftClusterWithGrpc64e1f99e/s2/563597b8-5c36-4eff-a703-67c52453b921
2025-09-29 07:14:46,053 [s2-impl-thread1] INFO  segmented.SegmentedRaftLogWorker (SegmentedRaftLogWorker.java:lambda$new$0(141)) - s2@group-67C52453B921-SegmentedRaftLogWorker: flushIndex: setUnconditionally 0 -> -1
2025-09-29 07:14:46,053 [s2-impl-thread1] INFO  segmented.SegmentedRaftLogWorker (SegmentedRaftLogWorker.java:lambda$new$0(141)) - s2@group-67C52453B921-SegmentedRaftLogWorker: safeCacheEvictIndex: setUnconditionally 0 -> -1
2025-09-29 07:14:46,054 [s2-impl-thread1] INFO  server.RaftServer$Division (RaftServerImpl.java:start(405)) - s2@group-67C52453B921: start as a follower, conf=conf: {index: -1, cur=peers:[s0|localhost:15024, s1|localhost:15028, s2|localhost:15032]|listeners:[], old=null}
2025-09-29 07:14:46,054 [s2-impl-thread1] INFO  server.RaftServer$Division (RaftServerImpl.java:setRole(392)) - s2@group-67C52453B921: changes role from      null to FOLLOWER at term 0 for startAsFollower
2025-09-29 07:14:46,055 [s2-impl-thread1] INFO  impl.RoleInfo (RoleInfo.java:updateAndGet(148)) - s2: start s2@group-67C52453B921-FollowerState
2025-09-29 07:14:46,055 [s2-impl-thread1] INFO  util.JmxRegister (JmxRegister.java:tryRegister(44)) - Successfully registered JMX Bean with object name Ratis:service=RaftServer,group=group-67C52453B921,id=s2
2025-09-29 07:14:46,055 [s2@group-67C52453B921-FollowerState] INFO  server.RaftServerConfigKeys (ConfUtils.java:logFallback(69)) - raft.server.rpc.first-election.timeout.min = 150ms (fallback to raft.server.rpc.timeout.min)
2025-09-29 07:14:46,056 [s2@group-67C52453B921-FollowerState] INFO  server.RaftServerConfigKeys (ConfUtils.java:logFallback(69)) - raft.server.rpc.first-election.timeout.max = 300ms (fallback to raft.server.rpc.timeout.max)
2025-09-29 07:14:46,055 [s2-impl-thread1] INFO  util.JmxRegister (JmxRegister.java:register(58)) - register mxBean class org.apache.ratis.server.impl.RaftServerJmxAdapter as Ratis:service=RaftServer,group=group-67C52453B921,id=s2
2025-09-29 07:14:46,057 [s2-impl-thread1] INFO  server.RaftServer$Division (RaftServerImpl.java:start(419)) - s2@group-67C52453B921: Successfully started.
2025-09-29 07:14:46,057 [main] INFO  server.RaftServer (RaftServerProxy.java:startImpl(415)) - s2: start RPC server
2025-09-29 07:14:46,059 [main] INFO  server.GrpcServicesImpl (GrpcServicesImpl.java:startImpl(338)) - s2: GrpcServicesImpl started, listening on 15034
2025-09-29 07:14:46,060 [main] INFO  server.GrpcServicesImpl (GrpcServicesImpl.java:startImpl(338)) - s2: GrpcServicesImpl started, listening on 15032
2025-09-29 07:14:46,062 [main] INFO  server.GrpcServicesImpl (GrpcServicesImpl.java:startImpl(338)) - s2: GrpcServicesImpl started, listening on 15033
2025-09-29 07:14:46,063 [JvmPauseMonitor8] INFO  util.JvmPauseMonitor (JvmPauseMonitor.java:run(146)) - JvmPauseMonitor-s2: Started
2025-09-29 07:14:46,063 [main] INFO  ratis.RaftTestUtil (RaftTestUtil.java:waitForLeader(107)) - printing ALL groups
  s0:  RUNNING  FOLLOWER (RUNNING): s0@group-67C52453B921:t0, leader=null, voted=, raftlog=Memoized:s0@group-67C52453B921-SegmentedRaftLog:OPENED:c-1:lastnull, conf=conf: {index: -1, cur=peers:[s0|localhost:15024, s1|localhost:15028, s2|localhost:15032]|listeners:[], old=null}
  s1:  RUNNING  FOLLOWER (RUNNING): s1@group-67C52453B921:t0, leader=null, voted=, raftlog=Memoized:s1@group-67C52453B921-SegmentedRaftLog:OPENED:c-1:lastnull, conf=conf: {index: -1, cur=peers:[s0|localhost:15024, s1|localhost:15028, s2|localhost:15032]|listeners:[], old=null}
  s2:  RUNNING  FOLLOWER (RUNNING): s2@group-67C52453B921:t0, leader=null, voted=, raftlog=Memoized:s2@group-67C52453B921-SegmentedRaftLog:OPENED:c-1:lastnull, conf=conf: {index: -1, cur=peers:[s0|localhost:15024, s1|localhost:15028, s2|localhost:15032]|listeners:[], old=null}
2025-09-29 07:14:46,064 [main] WARN  ratis.RaftTestUtil (RaftTestUtil.java:lambda$waitForLeader$3(126)) - Attempt #1 failed: java.lang.IllegalStateException: No leader yet : printing ALL groups
  s0:  RUNNING  FOLLOWER (RUNNING): s0@group-67C52453B921:t0, leader=null, voted=, raftlog=Memoized:s0@group-67C52453B921-SegmentedRaftLog:OPENED:c-1:lastnull, conf=conf: {index: -1, cur=peers:[s0|localhost:15024, s1|localhost:15028, s2|localhost:15032]|listeners:[], old=null}
  s1:  RUNNING  FOLLOWER (RUNNING): s1@group-67C52453B921:t0, leader=null, voted=, raftlog=Memoized:s1@group-67C52453B921-SegmentedRaftLog:OPENED:c-1:lastnull, conf=conf: {index: -1, cur=peers:[s0|localhost:15024, s1|localhost:15028, s2|localhost:15032]|listeners:[], old=null}
  s2:  RUNNING  FOLLOWER (RUNNING): s2@group-67C52453B921:t0, leader=null, voted=, raftlog=Memoized:s2@group-67C52453B921-SegmentedRaftLog:OPENED:c-1:lastnull, conf=conf: {index: -1, cur=peers:[s0|localhost:15024, s1|localhost:15028, s2|localhost:15032]|listeners:[], old=null}
2025-09-29 07:14:46,218 [s1@group-67C52453B921-FollowerState] INFO  impl.FollowerState (FollowerState.java:runImpl(161)) - s1@group-67C52453B921-FollowerState: change to CANDIDATE, lastRpcElapsedTime:178716338ns, electionTimeout:178ms
2025-09-29 07:14:46,219 [s1@group-67C52453B921-FollowerState] INFO  impl.RoleInfo (RoleInfo.java:shutdownFollowerState(121)) - s1: shutdown s1@group-67C52453B921-FollowerState
2025-09-29 07:14:46,219 [s1@group-67C52453B921-FollowerState] INFO  server.RaftServer$Division (RaftServerImpl.java:setRole(392)) - s1@group-67C52453B921: changes role from  FOLLOWER to CANDIDATE at term 0 for changeToCandidate
2025-09-29 07:14:46,220 [s1@group-67C52453B921-FollowerState] INFO  impl.RoleInfo (RoleInfo.java:updateAndGet(148)) - s1: start s1@group-67C52453B921-LeaderElection7
2025-09-29 07:14:46,220 [s1@group-67C52453B921-LeaderElection7] INFO  impl.LeaderElection (LeaderElection.java:askForVotes(448)) - s1@group-67C52453B921-LeaderElection7 PRE_VOTE round 0: submit vote requests at term 0 for conf: {index: -1, cur=peers:[s0|localhost:15024, s1|localhost:15028, s2|localhost:15032]|listeners:[], old=null}
2025-09-29 07:14:46,221 [s1@group-67C52453B921-LeaderElection7-1] INFO  server.GrpcServerProtocolClient (GrpcServerProtocolClient.java:<init>(64)) - Build channel for s0|localhost:15024
2025-09-29 07:14:46,221 [s1@group-67C52453B921-LeaderElection7] INFO  server.RaftServerConfigKeys (ConfUtils.java:logFallback(69)) - raft.server.rpc.first-election.timeout.min = 150ms (fallback to raft.server.rpc.timeout.min)
2025-09-29 07:14:46,221 [s1@group-67C52453B921-LeaderElection7] INFO  server.RaftServerConfigKeys (ConfUtils.java:logFallback(69)) - raft.server.rpc.first-election.timeout.max = 300ms (fallback to raft.server.rpc.timeout.max)
2025-09-29 07:14:46,221 [s1@group-67C52453B921-LeaderElection7-2] INFO  server.GrpcServerProtocolClient (GrpcServerProtocolClient.java:<init>(64)) - Build channel for s2|localhost:15032
2025-09-29 07:14:46,245 [grpc-default-executor-18] INFO  server.RaftServer$Division (RaftServerImpl.java:requestVote(1433)) - s0@group-67C52453B921: receive requestVote(PRE_VOTE, s1, group-67C52453B921, 0, <PROTO_DEFAULT>)
2025-09-29 07:14:46,245 [grpc-default-executor-18] INFO  impl.VoteContext (VoteContext.java:log(49)) - s0@group-67C52453B921-FOLLOWER: accept PRE_VOTE from s1: our priority 0 <= candidate's priority 0
2025-09-29 07:14:46,245 [grpc-default-executor-18] INFO  server.RaftServer$Division (RaftServerImpl.java:requestVote(1467)) - s0@group-67C52453B921 replies to PRE_VOTE vote request: s1<-s0#0:OK-t0-last:<INITIAL_VALUE>. Peer's state: s0@group-67C52453B921:t0, leader=null, voted=, raftlog=Memoized:s0@group-67C52453B921-SegmentedRaftLog:OPENED:c-1:lastnull, conf=conf: {index: -1, cur=peers:[s0|localhost:15024, s1|localhost:15028, s2|localhost:15032]|listeners:[], old=null}
2025-09-29 07:14:46,249 [s1@group-67C52453B921-LeaderElection7] INFO  impl.LeaderElection (LeaderElection.java:logAndReturn(206)) - s1@group-67C52453B921-LeaderElection7: PRE_VOTE PASSED received 1 response(s) and 0 exception(s):
2025-09-29 07:14:46,249 [s1@group-67C52453B921-LeaderElection7] INFO  impl.LeaderElection (LeaderElection.java:logAndReturn(210)) -   Response 0: s1<-s0#0:OK-t0-last:<INITIAL_VALUE>
2025-09-29 07:14:46,250 [s1@group-67C52453B921-LeaderElection7] INFO  impl.LeaderElection (LeaderElection.java:askForVotes(450)) - s1@group-67C52453B921-LeaderElection7 PRE_VOTE round 0: result PASSED
2025-09-29 07:14:46,250 [s1@group-67C52453B921-LeaderElection7] TRACE util.FileUtils (LogUtils.java:supplyAndLog(69)) - Successfully supplied FileChannel.open /home/runner/work/ratis/ratis/ratis-test/target/test/data/6b14e155/MiniRaftClusterWithGrpc64e1f99e/s1/563597b8-5c36-4eff-a703-67c52453b921/current/raft-meta.tmp with options [CREATE, TRUNCATE_EXISTING, WRITE]: sun.nio.ch.FileChannelImpl@717ea45c
2025-09-29 07:14:46,251 [s1@group-67C52453B921-LeaderElection7] TRACE util.FileUtils (LogUtils.java:runAndLog(49)) - Successfully ran Atomic Files.move /home/runner/work/ratis/ratis/ratis-test/target/test/data/6b14e155/MiniRaftClusterWithGrpc64e1f99e/s1/563597b8-5c36-4eff-a703-67c52453b921/current/raft-meta.tmp to /home/runner/work/ratis/ratis/ratis-test/target/test/data/6b14e155/MiniRaftClusterWithGrpc64e1f99e/s1/563597b8-5c36-4eff-a703-67c52453b921/current/raft-meta with options [REPLACE_EXISTING]
2025-09-29 07:14:46,251 [s1@group-67C52453B921-LeaderElection7] INFO  impl.LeaderElection (LeaderElection.java:askForVotes(448)) - s1@group-67C52453B921-LeaderElection7 ELECTION round 0: submit vote requests at term 1 for conf: {index: -1, cur=peers:[s0|localhost:15024, s1|localhost:15028, s2|localhost:15032]|listeners:[], old=null}
2025-09-29 07:14:46,253 [s1@group-67C52453B921-LeaderElection7] INFO  server.RaftServerConfigKeys (ConfUtils.java:logFallback(69)) - raft.server.rpc.first-election.timeout.min = 150ms (fallback to raft.server.rpc.timeout.min)
2025-09-29 07:14:46,253 [s1@group-67C52453B921-LeaderElection7] INFO  server.RaftServerConfigKeys (ConfUtils.java:logFallback(69)) - raft.server.rpc.first-election.timeout.max = 300ms (fallback to raft.server.rpc.timeout.max)
2025-09-29 07:14:46,255 [grpc-default-executor-18] INFO  server.RaftServer$Division (RaftServerImpl.java:requestVote(1433)) - s0@group-67C52453B921: receive requestVote(ELECTION, s1, group-67C52453B921, 1, <PROTO_DEFAULT>)
2025-09-29 07:14:46,255 [grpc-default-executor-18] INFO  impl.VoteContext (VoteContext.java:log(49)) - s0@group-67C52453B921-FOLLOWER: accept ELECTION from s1: our priority 0 <= candidate's priority 0
2025-09-29 07:14:46,255 [grpc-default-executor-18] INFO  server.RaftServer$Division (RaftServerImpl.java:setRole(392)) - s0@group-67C52453B921: changes role from  FOLLOWER to FOLLOWER at term 0 for candidate:s1
2025-09-29 07:14:46,255 [grpc-default-executor-18] INFO  impl.RoleInfo (RoleInfo.java:shutdownFollowerState(121)) - s0: shutdown s0@group-67C52453B921-FollowerState
2025-09-29 07:14:46,255 [grpc-default-executor-18] INFO  impl.RoleInfo (RoleInfo.java:updateAndGet(148)) - s0: start s0@group-67C52453B921-FollowerState
2025-09-29 07:14:46,255 [s0@group-67C52453B921-FollowerState] INFO  impl.FollowerState (FollowerState.java:runImpl(170)) - s0@group-67C52453B921-FollowerState was interrupted
2025-09-29 07:14:46,256 [grpc-default-executor-18] INFO  server.RaftServer$Division (RaftServerImpl.java:setFirstElection(576)) - s0@group-67C52453B921: set firstElectionSinceStartup to false for candidate:s1
2025-09-29 07:14:46,256 [grpc-default-executor-18] TRACE util.FileUtils (LogUtils.java:supplyAndLog(69)) - Successfully supplied FileChannel.open /home/runner/work/ratis/ratis/ratis-test/target/test/data/6b14e155/MiniRaftClusterWithGrpc64e1f99e/s0/563597b8-5c36-4eff-a703-67c52453b921/current/raft-meta.tmp with options [CREATE, TRUNCATE_EXISTING, WRITE]: sun.nio.ch.FileChannelImpl@266db776
2025-09-29 07:14:46,257 [grpc-default-executor-3] INFO  server.RaftServer$Division (RaftServerImpl.java:requestVote(1433)) - s2@group-67C52453B921: receive requestVote(ELECTION, s1, group-67C52453B921, 1, <PROTO_DEFAULT>)
2025-09-29 07:14:46,257 [grpc-default-executor-3] INFO  impl.VoteContext (VoteContext.java:log(49)) - s2@group-67C52453B921-FOLLOWER: accept ELECTION from s1: our priority 0 <= candidate's priority 0
2025-09-29 07:14:46,257 [grpc-default-executor-3] INFO  server.RaftServer$Division (RaftServerImpl.java:setRole(392)) - s2@group-67C52453B921: changes role from  FOLLOWER to FOLLOWER at term 0 for candidate:s1
2025-09-29 07:14:46,257 [grpc-default-executor-3] INFO  impl.RoleInfo (RoleInfo.java:shutdownFollowerState(121)) - s2: shutdown s2@group-67C52453B921-FollowerState
2025-09-29 07:14:46,257 [s2@group-67C52453B921-FollowerState] INFO  impl.FollowerState (FollowerState.java:runImpl(170)) - s2@group-67C52453B921-FollowerState was interrupted
2025-09-29 07:14:46,258 [grpc-default-executor-3] INFO  impl.RoleInfo (RoleInfo.java:updateAndGet(148)) - s2: start s2@group-67C52453B921-FollowerState
2025-09-29 07:14:46,258 [grpc-default-executor-18] TRACE util.FileUtils (LogUtils.java:runAndLog(49)) - Successfully ran Atomic Files.move /home/runner/work/ratis/ratis/ratis-test/target/test/data/6b14e155/MiniRaftClusterWithGrpc64e1f99e/s0/563597b8-5c36-4eff-a703-67c52453b921/current/raft-meta.tmp to /home/runner/work/ratis/ratis/ratis-test/target/test/data/6b14e155/MiniRaftClusterWithGrpc64e1f99e/s0/563597b8-5c36-4eff-a703-67c52453b921/current/raft-meta with options [REPLACE_EXISTING]
2025-09-29 07:14:46,258 [grpc-default-executor-3] INFO  server.RaftServer$Division (RaftServerImpl.java:setFirstElection(576)) - s2@group-67C52453B921: set firstElectionSinceStartup to false for candidate:s1
2025-09-29 07:14:46,258 [grpc-default-executor-18] INFO  server.RaftServer$Division (RaftServerImpl.java:requestVote(1467)) - s0@group-67C52453B921 replies to ELECTION vote request: s1<-s0#0:OK-t1-last:<INITIAL_VALUE>. Peer's state: s0@group-67C52453B921:t1, leader=null, voted=s1, raftlog=Memoized:s0@group-67C52453B921-SegmentedRaftLog:OPENED:c-1:lastnull, conf=conf: {index: -1, cur=peers:[s0|localhost:15024, s1|localhost:15028, s2|localhost:15032]|listeners:[], old=null}
2025-09-29 07:14:46,259 [grpc-default-executor-3] TRACE util.FileUtils (LogUtils.java:supplyAndLog(69)) - Successfully supplied FileChannel.open /home/runner/work/ratis/ratis/ratis-test/target/test/data/6b14e155/MiniRaftClusterWithGrpc64e1f99e/s2/563597b8-5c36-4eff-a703-67c52453b921/current/raft-meta.tmp with options [CREATE, TRUNCATE_EXISTING, WRITE]: sun.nio.ch.FileChannelImpl@6925ce6f
2025-09-29 07:14:46,260 [grpc-default-executor-3] TRACE util.FileUtils (LogUtils.java:runAndLog(49)) - Successfully ran Atomic Files.move /home/runner/work/ratis/ratis/ratis-test/target/test/data/6b14e155/MiniRaftClusterWithGrpc64e1f99e/s2/563597b8-5c36-4eff-a703-67c52453b921/current/raft-meta.tmp to /home/runner/work/ratis/ratis/ratis-test/target/test/data/6b14e155/MiniRaftClusterWithGrpc64e1f99e/s2/563597b8-5c36-4eff-a703-67c52453b921/current/raft-meta with options [REPLACE_EXISTING]
2025-09-29 07:14:46,260 [s1@group-67C52453B921-LeaderElection7] INFO  impl.LeaderElection (LeaderElection.java:logAndReturn(206)) - s1@group-67C52453B921-LeaderElection7: ELECTION PASSED received 1 response(s) and 0 exception(s):
2025-09-29 07:14:46,260 [s1@group-67C52453B921-LeaderElection7] INFO  impl.LeaderElection (LeaderElection.java:logAndReturn(210)) -   Response 0: s1<-s0#0:OK-t1-last:<INITIAL_VALUE>
2025-09-29 07:14:46,260 [s1@group-67C52453B921-LeaderElection7] INFO  impl.LeaderElection (LeaderElection.java:askForVotes(450)) - s1@group-67C52453B921-LeaderElection7 ELECTION round 0: result PASSED
2025-09-29 07:14:46,260 [grpc-default-executor-3] INFO  server.RaftServer$Division (RaftServerImpl.java:requestVote(1467)) - s2@group-67C52453B921 replies to ELECTION vote request: s1<-s2#0:OK-t1-last:<INITIAL_VALUE>. Peer's state: s2@group-67C52453B921:t1, leader=null, voted=s1, raftlog=Memoized:s2@group-67C52453B921-SegmentedRaftLog:OPENED:c-1:lastnull, conf=conf: {index: -1, cur=peers:[s0|localhost:15024, s1|localhost:15028, s2|localhost:15032]|listeners:[], old=null}
2025-09-29 07:14:46,261 [s1@group-67C52453B921-LeaderElection7] INFO  impl.RoleInfo (RoleInfo.java:shutdownLeaderElection(141)) - s1: shutdown s1@group-67C52453B921-LeaderElection7
2025-09-29 07:14:46,261 [s1@group-67C52453B921-LeaderElection7] INFO  server.RaftServer$Division (RaftServerImpl.java:setRole(392)) - s1@group-67C52453B921: changes role from CANDIDATE to LEADER at term 1 for changeToLeader
2025-09-29 07:14:46,262 [s1@group-67C52453B921-LeaderElection7] INFO  server.RaftServerConfigKeys (ConfUtils.java:logFallback(69)) - raft.server.staging.timeout = 900ms (fallback to raft.server.rpc.timeout.max)
2025-09-29 07:14:46,262 [s1@group-67C52453B921-LeaderElection7] INFO  server.RaftServerConfigKeys (ConfUtils.java:logGet(62)) - raft.server.read.leader.lease.enabled = true (custom)
2025-09-29 07:14:46,264 [s1@group-67C52453B921-LeaderElection7] INFO  impl.RoleInfo (RoleInfo.java:updateAndGet(148)) - s1: start s1@group-67C52453B921-LeaderStateImpl
2025-09-29 07:14:46,264 [s1@group-67C52453B921-LeaderElection7] INFO  server.RaftServer$Division (RaftServerImpl.java:setFirstElection(576)) - s1@group-67C52453B921: set firstElectionSinceStartup to false for becomeLeader
2025-09-29 07:14:46,264 [s1@group-67C52453B921-LeaderElection7] INFO  server.RaftServer$Division (ServerState.java:setLeader(277)) - s1@group-67C52453B921: change Leader from null to s1 at term 1 for becomeLeader, leader elected after 247ms
2025-09-29 07:14:46,264 [s1@group-67C52453B921-LeaderElection7] INFO  segmented.SegmentedRaftLogWorker (SegmentedRaftLogWorker.java:startLogSegment(440)) - s1@group-67C52453B921-SegmentedRaftLogWorker: Starting segment from index:0
2025-09-29 07:14:46,266 [s1@group-67C52453B921-SegmentedRaftLogWorker] INFO  segmented.BufferedWriteChannel (BufferedWriteChannel.java:open(61)) - open log_inprogress_0 at position 0
2025-09-29 07:14:46,266 [s1@group-67C52453B921-LeaderElection7] INFO  server.RaftServer$Division (ServerState.java:setRaftConf(391)) - s1@group-67C52453B921: set configuration conf: {index: 0, cur=peers:[s0|localhost:15024, s1|localhost:15028, s2|localhost:15032]|listeners:[], old=null}
2025-09-29 07:14:46,273 [s1@group-67C52453B921-SegmentedRaftLogWorker] INFO  segmented.SegmentedRaftLogWorker (SegmentedRaftLogWorker.java:execute(647)) - s1@group-67C52453B921-SegmentedRaftLogWorker: created new log segment /home/runner/work/ratis/ratis/ratis-test/target/test/data/6b14e155/MiniRaftClusterWithGrpc64e1f99e/s1/563597b8-5c36-4eff-a703-67c52453b921/current/log_inprogress_0
2025-09-29 07:14:46,274 [grpc-default-executor-3] INFO  server.RaftServer$Division (ServerState.java:setLeader(277)) - s0@group-67C52453B921: change Leader from null to s1 at term 1 for appendEntries, leader elected after 263ms
2025-09-29 07:14:46,274 [grpc-default-executor-1] INFO  server.RaftServer$Division (ServerState.java:setLeader(277)) - s2@group-67C52453B921: change Leader from null to s1 at term 1 for appendEntries, leader elected after 251ms
2025-09-29 07:14:46,280 [grpc-default-executor-12] DEBUG server.RaftServer$Division (RaftServerImpl.java:logAppendEntries(1536)) - s2@group-67C52453B921: appendEntries* s1->s2#1-t1,previous=<PROTO_DEFAULT>,leaderCommit=-1,initializing? false,entries: size=1, first=(t:1, i:0), CONFIGURATIONENTRY(current:id:"s0"address:"localhost:15024"dataStreamAddress:"localhost:15027"clientAddress:"localhost:15026"adminAddress:"localhost:15025"startupRole:FOLLOWER, id:"s1"address:"localhost:15028"dataStreamAddress:"localhost:15031"clientAddress:"localhost:15030"adminAddress:"localhost:15029"startupRole:FOLLOWER, id:"s2"address:"localhost:15032"dataStreamAddress:"localhost:15035"clientAddress:"localhost:15034"adminAddress:"localhost:15033"startupRole:FOLLOWER, old:)
2025-09-29 07:14:46,280 [grpc-default-executor-12] INFO  server.RaftServer$Division (ServerState.java:setRaftConf(391)) - s2@group-67C52453B921: set configuration conf: {index: 0, cur=peers:[s0|localhost:15024, s1|localhost:15028, s2|localhost:15032]|listeners:[], old=null}
2025-09-29 07:14:46,281 [s2-server-thread1] INFO  segmented.SegmentedRaftLogWorker (SegmentedRaftLogWorker.java:startLogSegment(440)) - s2@group-67C52453B921-SegmentedRaftLogWorker: Starting segment from index:0
2025-09-29 07:14:46,282 [grpc-default-executor-1] DEBUG server.RaftServer$Division (RaftServerImpl.java:logAppendEntries(1536)) - s0@group-67C52453B921: appendEntries* s1->s0#1-t1,previous=<PROTO_DEFAULT>,leaderCommit=-1,initializing? false,entries: size=1, first=(t:1, i:0), CONFIGURATIONENTRY(current:id:"s0"address:"localhost:15024"dataStreamAddress:"localhost:15027"clientAddress:"localhost:15026"adminAddress:"localhost:15025"startupRole:FOLLOWER, id:"s1"address:"localhost:15028"dataStreamAddress:"localhost:15031"clientAddress:"localhost:15030"adminAddress:"localhost:15029"startupRole:FOLLOWER, id:"s2"address:"localhost:15032"dataStreamAddress:"localhost:15035"clientAddress:"localhost:15034"adminAddress:"localhost:15033"startupRole:FOLLOWER, old:)
2025-09-29 07:14:46,282 [grpc-default-executor-1] INFO  server.RaftServer$Division (ServerState.java:setRaftConf(391)) - s0@group-67C52453B921: set configuration conf: {index: 0, cur=peers:[s0|localhost:15024, s1|localhost:15028, s2|localhost:15032]|listeners:[], old=null}
2025-09-29 07:14:46,283 [s2@group-67C52453B921-SegmentedRaftLogWorker] INFO  segmented.BufferedWriteChannel (BufferedWriteChannel.java:open(61)) - open log_inprogress_0 at position 0
2025-09-29 07:14:46,284 [s0-server-thread1] INFO  segmented.SegmentedRaftLogWorker (SegmentedRaftLogWorker.java:startLogSegment(440)) - s0@group-67C52453B921-SegmentedRaftLogWorker: Starting segment from index:0
2025-09-29 07:14:46,284 [s0@group-67C52453B921-SegmentedRaftLogWorker] INFO  segmented.BufferedWriteChannel (BufferedWriteChannel.java:open(61)) - open log_inprogress_0 at position 0
2025-09-29 07:14:46,291 [s2@group-67C52453B921-SegmentedRaftLogWorker] INFO  segmented.SegmentedRaftLogWorker (SegmentedRaftLogWorker.java:execute(647)) - s2@group-67C52453B921-SegmentedRaftLogWorker: created new log segment /home/runner/work/ratis/ratis/ratis-test/target/test/data/6b14e155/MiniRaftClusterWithGrpc64e1f99e/s2/563597b8-5c36-4eff-a703-67c52453b921/current/log_inprogress_0
2025-09-29 07:14:46,291 [s0@group-67C52453B921-SegmentedRaftLogWorker] INFO  segmented.SegmentedRaftLogWorker (SegmentedRaftLogWorker.java:execute(647)) - s0@group-67C52453B921-SegmentedRaftLogWorker: created new log segment /home/runner/work/ratis/ratis/ratis-test/target/test/data/6b14e155/MiniRaftClusterWithGrpc64e1f99e/s0/563597b8-5c36-4eff-a703-67c52453b921/current/log_inprogress_0
2025-09-29 07:14:46,293 [s2-server-thread1] DEBUG server.RaftServer$Division (RaftServerImpl.java:logAppendEntries(1536)) - s2@group-67C52453B921: appendEntries* reply s1<-s2#1:OK-t1,SUCCESS,nextIndex=1,followerCommit=-1,matchIndex=0
2025-09-29 07:14:46,293 [s0-server-thread1] DEBUG server.RaftServer$Division (RaftServerImpl.java:logAppendEntries(1536)) - s0@group-67C52453B921: appendEntries* reply s1<-s0#1:OK-t1,SUCCESS,nextIndex=1,followerCommit=-1,matchIndex=0
2025-09-29 07:14:46,295 [s1@group-67C52453B921-StateMachineUpdater] TRACE util.FileUtils (LogUtils.java:supplyAndLog(69)) - Successfully supplied FileChannel.open /home/runner/work/ratis/ratis/ratis-test/target/test/data/6b14e155/MiniRaftClusterWithGrpc64e1f99e/s1/563597b8-5c36-4eff-a703-67c52453b921/current/raft-meta.conf.tmp with options [CREATE, TRUNCATE_EXISTING, WRITE]: sun.nio.ch.FileChannelImpl@5c4a801c
2025-09-29 07:14:46,296 [s1@group-67C52453B921-StateMachineUpdater] TRACE util.FileUtils (LogUtils.java:runAndLog(49)) - Successfully ran Atomic Files.move /home/runner/work/ratis/ratis/ratis-test/target/test/data/6b14e155/MiniRaftClusterWithGrpc64e1f99e/s1/563597b8-5c36-4eff-a703-67c52453b921/current/raft-meta.conf.tmp to /home/runner/work/ratis/ratis/ratis-test/target/test/data/6b14e155/MiniRaftClusterWithGrpc64e1f99e/s1/563597b8-5c36-4eff-a703-67c52453b921/current/raft-meta.conf with options [REPLACE_EXISTING]
2025-09-29 07:14:46,297 [s1@group-67C52453B921-StateMachineUpdater] INFO  server.RaftServer$Division (LeaderStateImpl.java:checkStartIndex(309)) - Leader s1@group-67C52453B921-LeaderStateImpl is ready since appliedIndex == startIndex == 0
2025-09-29 07:14:46,372 [s0@group-67C52453B921-StateMachineUpdater] TRACE util.FileUtils (LogUtils.java:supplyAndLog(69)) - Successfully supplied FileChannel.open /home/runner/work/ratis/ratis/ratis-test/target/test/data/6b14e155/MiniRaftClusterWithGrpc64e1f99e/s0/563597b8-5c36-4eff-a703-67c52453b921/current/raft-meta.conf.tmp with options [CREATE, TRUNCATE_EXISTING, WRITE]: sun.nio.ch.FileChannelImpl@6a5ebf8f
2025-09-29 07:14:46,372 [s2@group-67C52453B921-StateMachineUpdater] TRACE util.FileUtils (LogUtils.java:supplyAndLog(69)) - Successfully supplied FileChannel.open /home/runner/work/ratis/ratis/ratis-test/target/test/data/6b14e155/MiniRaftClusterWithGrpc64e1f99e/s2/563597b8-5c36-4eff-a703-67c52453b921/current/raft-meta.conf.tmp with options [CREATE, TRUNCATE_EXISTING, WRITE]: sun.nio.ch.FileChannelImpl@70fa555a
2025-09-29 07:14:46,375 [s0@group-67C52453B921-StateMachineUpdater] TRACE util.FileUtils (LogUtils.java:runAndLog(49)) - Successfully ran Atomic Files.move /home/runner/work/ratis/ratis/ratis-test/target/test/data/6b14e155/MiniRaftClusterWithGrpc64e1f99e/s0/563597b8-5c36-4eff-a703-67c52453b921/current/raft-meta.conf.tmp to /home/runner/work/ratis/ratis/ratis-test/target/test/data/6b14e155/MiniRaftClusterWithGrpc64e1f99e/s0/563597b8-5c36-4eff-a703-67c52453b921/current/raft-meta.conf with options [REPLACE_EXISTING]
2025-09-29 07:14:46,375 [s2@group-67C52453B921-StateMachineUpdater] TRACE util.FileUtils (LogUtils.java:runAndLog(49)) - Successfully ran Atomic Files.move /home/runner/work/ratis/ratis/ratis-test/target/test/data/6b14e155/MiniRaftClusterWithGrpc64e1f99e/s2/563597b8-5c36-4eff-a703-67c52453b921/current/raft-meta.conf.tmp to /home/runner/work/ratis/ratis/ratis-test/target/test/data/6b14e155/MiniRaftClusterWithGrpc64e1f99e/s2/563597b8-5c36-4eff-a703-67c52453b921/current/raft-meta.conf with options [REPLACE_EXISTING]
2025-09-29 07:14:46,515 [main] INFO  ratis.RaftTestUtil (RaftTestUtil.java:waitForLeader(131)) - printing ALL groups
  s0:  RUNNING  FOLLOWER (RUNNING): s0@group-67C52453B921:t1, leader=s1, voted=s1, raftlog=Memoized:s0@group-67C52453B921-SegmentedRaftLog:OPENED:c0:last(t:1, i:0), conf=conf: {index: 0, cur=peers:[s0|localhost:15024, s1|localhost:15028, s2|localhost:15032]|listeners:[], old=null}
  s1:  RUNNING    LEADER (RUNNING): s1@group-67C52453B921:t1, leader=s1, voted=s1, raftlog=Memoized:s1@group-67C52453B921-SegmentedRaftLog:OPENED:c0:last(t:1, i:0), conf=conf: {index: 0, cur=peers:[s0|localhost:15024, s1|localhost:15028, s2|localhost:15032]|listeners:[], old=null}
  s2:  RUNNING  FOLLOWER (RUNNING): s2@group-67C52453B921:t1, leader=s1, voted=s1, raftlog=Memoized:s2@group-67C52453B921-SegmentedRaftLog:OPENED:c0:last(t:1, i:0), conf=conf: {index: 0, cur=peers:[s0|localhost:15024, s1|localhost:15028, s2|localhost:15032]|listeners:[], old=null}
2025-09-29 07:14:46,521 [s1-client-thread1] DEBUG server.RaftServer$Division (RaftServerImpl.java:submitClientRequestAsync(939)) - s1@group-67C52453B921: receive client request(RaftClientRequest:client-EE428A00F514->s1@group-67C52453B921, cid=36, seq=null, RW, Message:494e4352454d454e54)
2025-09-29 07:14:46,522 [s1-client-thread1] DEBUG server.RaftServer$Division (LeaderStateImpl.java:addPendingRequest(526)) - s1@group-67C52453B921-LeaderStateImpl: addPendingRequest at RaftClientRequest:client-EE428A00F514->s1@group-67C52453B921, cid=36, seq=null, RW, Message:494e4352454d454e54, entry=(t:1, i:1), STATEMACHINELOGENTRY, WRITE: logData.size=9, stateMachineData.size=0, logEntryProtoSerializedSize=0
2025-09-29 07:14:46,523 [grpc-default-executor-1] DEBUG server.RaftServer$Division (RaftServerImpl.java:logAppendEntries(1536)) - s2@group-67C52453B921: appendEntries* s1->s2#6-t1,previous=(t:1, i:0),leaderCommit=0,initializing? false,entries: size=1, first=(t:1, i:1), STATEMACHINELOGENTRY, StateMachineLogEntryProto:36@client-EE428A00F514
2025-09-29 07:14:46,523 [grpc-default-executor-12] DEBUG server.RaftServer$Division (RaftServerImpl.java:logAppendEntries(1536)) - s0@group-67C52453B921: appendEntries* s1->s0#6-t1,previous=(t:1, i:0),leaderCommit=0,initializing? false,entries: size=1, first=(t:1, i:1), STATEMACHINELOGENTRY, StateMachineLogEntryProto:36@client-EE428A00F514
2025-09-29 07:14:46,525 [s2-server-thread1] DEBUG server.RaftServer$Division (RaftServerImpl.java:logAppendEntries(1536)) - s2@group-67C52453B921: appendEntries* reply s1<-s2#6:OK-t1,SUCCESS,nextIndex=2,followerCommit=0,matchIndex=1
2025-09-29 07:14:46,525 [s0-server-thread1] DEBUG server.RaftServer$Division (RaftServerImpl.java:logAppendEntries(1536)) - s0@group-67C52453B921: appendEntries* reply s1<-s0#6:OK-t1,SUCCESS,nextIndex=2,followerCommit=0,matchIndex=1
2025-09-29 07:14:46,526 [s1@group-67C52453B921-StateMachineUpdater] INFO  statemachine.StateMachine (ReadOnlyRequestTests.java:applyTransaction(375)) - receive command: INCREMENT
2025-09-29 07:14:46,527 [grpc-default-executor-12] DEBUG server.RaftServer$Division (RaftServerImpl.java:logAppendEntries(1536)) - s0@group-67C52453B921: appendEntries* s1->s0#7-t1,previous=(t:1, i:1),leaderCommit=1,initializing? false,entries: size=1, first=(t:1, i:2), METADATAENTRY(c:1)
2025-09-29 07:14:46,528 [grpc-default-executor-1] DEBUG server.RaftServer$Division (RaftServerImpl.java:logAppendEntries(1536)) - s2@group-67C52453B921: appendEntries* s1->s2#7-t1,previous=(t:1, i:1),leaderCommit=1,initializing? false,entries: size=1, first=(t:1, i:2), METADATAENTRY(c:1)
2025-09-29 07:14:46,529 [s0-server-thread1] DEBUG server.RaftServer$Division (RaftServerImpl.java:logAppendEntries(1536)) - s0@group-67C52453B921: appendEntries* reply s1<-s0#7:OK-t1,SUCCESS,nextIndex=3,followerCommit=1,matchIndex=2
2025-09-29 07:14:46,529 [s0@group-67C52453B921-StateMachineUpdater] INFO  statemachine.StateMachine (ReadOnlyRequestTests.java:applyTransaction(375)) - receive command: INCREMENT
2025-09-29 07:14:46,530 [s2-server-thread1] DEBUG server.RaftServer$Division (RaftServerImpl.java:logAppendEntries(1536)) - s2@group-67C52453B921: appendEntries* reply s1<-s2#7:OK-t1,SUCCESS,nextIndex=3,followerCommit=1,matchIndex=2
2025-09-29 07:14:46,530 [s2@group-67C52453B921-StateMachineUpdater] INFO  statemachine.StateMachine (ReadOnlyRequestTests.java:applyTransaction(375)) - receive command: INCREMENT
2025-09-29 07:14:46,532 [s1-client-thread1] DEBUG server.RaftServer$Division (RaftServerImpl.java:submitClientRequestAsync(939)) - s1@group-67C52453B921: receive client request(RaftClientRequest:client-EE428A00F514->s1@group-67C52453B921, cid=37, seq=null, RO, Message:5155455259)
2025-09-29 07:14:46,533 [s1-client-thread1] DEBUG server.RaftServer$Division (LeaderStateImpl.java:getReadIndex(1147)) - readIndex=2, readAfterWriteConsistentIndex=null
2025-09-29 07:14:46,539 [s1-client-thread1] DEBUG server.RaftServer$Division (RaftServerImpl.java:submitClientRequestAsync(939)) - s1@group-67C52453B921: receive client request(RaftClientRequest:client-EE428A00F514->s1@group-67C52453B921, cid=38, seq=null, RW, Message:494e4352454d454e54)
2025-09-29 07:14:46,540 [s1-client-thread1] DEBUG server.RaftServer$Division (LeaderStateImpl.java:addPendingRequest(526)) - s1@group-67C52453B921-LeaderStateImpl: addPendingRequest at RaftClientRequest:client-EE428A00F514->s1@group-67C52453B921, cid=38, seq=null, RW, Message:494e4352454d454e54, entry=(t:1, i:3), STATEMACHINELOGENTRY, WRITE: logData.size=9, stateMachineData.size=0, logEntryProtoSerializedSize=0
2025-09-29 07:14:46,541 [grpc-default-executor-1] DEBUG server.RaftServer$Division (RaftServerImpl.java:logAppendEntries(1536)) - s2@group-67C52453B921: appendEntries* s1->s2#9-t1,previous=(t:1, i:2),leaderCommit=2,initializing? false,entries: size=1, first=(t:1, i:3), STATEMACHINELOGENTRY, StateMachineLogEntryProto:38@client-EE428A00F514
2025-09-29 07:14:46,542 [grpc-default-executor-1] DEBUG server.RaftServer$Division (RaftServerImpl.java:logAppendEntries(1536)) - s0@group-67C52453B921: appendEntries* s1->s0#9-t1,previous=(t:1, i:2),leaderCommit=2,initializing? false,entries: size=1, first=(t:1, i:3), STATEMACHINELOGENTRY, StateMachineLogEntryProto:38@client-EE428A00F514
2025-09-29 07:14:46,543 [s2-server-thread1] DEBUG server.RaftServer$Division (RaftServerImpl.java:logAppendEntries(1536)) - s2@group-67C52453B921: appendEntries* reply s1<-s2#9:OK-t1,SUCCESS,nextIndex=4,followerCommit=2,matchIndex=3
2025-09-29 07:14:46,543 [s0-server-thread1] DEBUG server.RaftServer$Division (RaftServerImpl.java:logAppendEntries(1536)) - s0@group-67C52453B921: appendEntries* reply s1<-s0#9:OK-t1,SUCCESS,nextIndex=4,followerCommit=2,matchIndex=3
2025-09-29 07:14:46,545 [s1@group-67C52453B921-StateMachineUpdater] INFO  statemachine.StateMachine (ReadOnlyRequestTests.java:applyTransaction(375)) - receive command: INCREMENT
2025-09-29 07:14:46,548 [grpc-default-executor-1] DEBUG server.RaftServer$Division (RaftServerImpl.java:logAppendEntries(1536)) - s2@group-67C52453B921: appendEntries* s1->s2#10-t1,previous=(t:1, i:3),leaderCommit=3,initializing? false,entries: size=1, first=(t:1, i:4), METADATAENTRY(c:3)
2025-09-29 07:14:46,548 [grpc-default-executor-12] DEBUG server.RaftServer$Division (RaftServerImpl.java:logAppendEntries(1536)) - s0@group-67C52453B921: appendEntries* s1->s0#10-t1,previous=(t:1, i:3),leaderCommit=3,initializing? false,entries: size=1, first=(t:1, i:4), METADATAENTRY(c:3)
2025-09-29 07:14:46,549 [s0-server-thread1] DEBUG server.RaftServer$Division (RaftServerImpl.java:logAppendEntries(1536)) - s0@group-67C52453B921: appendEntries* reply s1<-s0#10:OK-t1,SUCCESS,nextIndex=5,followerCommit=3,matchIndex=4
2025-09-29 07:14:46,549 [s0@group-67C52453B921-StateMachineUpdater] INFO  statemachine.StateMachine (ReadOnlyRequestTests.java:applyTransaction(375)) - receive command: INCREMENT
2025-09-29 07:14:46,549 [s2-server-thread1] DEBUG server.RaftServer$Division (RaftServerImpl.java:logAppendEntries(1536)) - s2@group-67C52453B921: appendEntries* reply s1<-s2#10:OK-t1,SUCCESS,nextIndex=5,followerCommit=3,matchIndex=4
2025-09-29 07:14:46,550 [s2@group-67C52453B921-StateMachineUpdater] INFO  statemachine.StateMachine (ReadOnlyRequestTests.java:applyTransaction(375)) - receive command: INCREMENT
2025-09-29 07:14:46,552 [s1-client-thread1] DEBUG server.RaftServer$Division (RaftServerImpl.java:submitClientRequestAsync(939)) - s1@group-67C52453B921: receive client request(RaftClientRequest:client-EE428A00F514->s1@group-67C52453B921, cid=39, seq=null, RO, Message:5155455259)
2025-09-29 07:14:46,552 [s1-client-thread1] DEBUG server.RaftServer$Division (LeaderStateImpl.java:getReadIndex(1147)) - readIndex=4, readAfterWriteConsistentIndex=null
2025-09-29 07:14:46,555 [s1-client-thread1] DEBUG server.RaftServer$Division (RaftServerImpl.java:submitClientRequestAsync(939)) - s1@group-67C52453B921: receive client request(RaftClientRequest:client-EE428A00F514->s1@group-67C52453B921, cid=40, seq=null, RW, Message:494e4352454d454e54)
2025-09-29 07:14:46,556 [s1-client-thread1] DEBUG server.RaftServer$Division (LeaderStateImpl.java:addPendingRequest(526)) - s1@group-67C52453B921-LeaderStateImpl: addPendingRequest at RaftClientRequest:client-EE428A00F514->s1@group-67C52453B921, cid=40, seq=null, RW, Message:494e4352454d454e54, entry=(t:1, i:5), STATEMACHINELOGENTRY, WRITE: logData.size=9, stateMachineData.size=0, logEntryProtoSerializedSize=0
2025-09-29 07:14:46,558 [grpc-default-executor-2] DEBUG server.RaftServer$Division (RaftServerImpl.java:logAppendEntries(1536)) - s2@group-67C52453B921: appendEntries* s1->s2#14-t1,previous=(t:1, i:4),leaderCommit=4,initializing? false,entries: size=1, first=(t:1, i:5), STATEMACHINELOGENTRY, StateMachineLogEntryProto:40@client-EE428A00F514
2025-09-29 07:14:46,559 [grpc-default-executor-18] DEBUG server.RaftServer$Division (RaftServerImpl.java:logAppendEntries(1536)) - s0@group-67C52453B921: appendEntries* s1->s0#13-t1,previous=(t:1, i:4),leaderCommit=4,initializing? false,entries: size=1, first=(t:1, i:5), STATEMACHINELOGENTRY, StateMachineLogEntryProto:40@client-EE428A00F514
2025-09-29 07:14:46,560 [s0-server-thread1] DEBUG server.RaftServer$Division (RaftServerImpl.java:logAppendEntries(1536)) - s0@group-67C52453B921: appendEntries* reply s1<-s0#13:OK-t1,SUCCESS,nextIndex=6,followerCommit=4,matchIndex=5
2025-09-29 07:14:46,560 [s2-server-thread1] DEBUG server.RaftServer$Division (RaftServerImpl.java:logAppendEntries(1536)) - s2@group-67C52453B921: appendEntries* reply s1<-s2#14:OK-t1,SUCCESS,nextIndex=6,followerCommit=4,matchIndex=5
2025-09-29 07:14:46,561 [s1@group-67C52453B921-StateMachineUpdater] INFO  statemachine.StateMachine (ReadOnlyRequestTests.java:applyTransaction(375)) - receive command: INCREMENT
2025-09-29 07:14:46,563 [grpc-default-executor-2] DEBUG server.RaftServer$Division (RaftServerImpl.java:logAppendEntries(1536)) - s2@group-67C52453B921: appendEntries* s1->s2#15-t1,previous=(t:1, i:5),leaderCommit=5,initializing? false,entries: size=1, first=(t:1, i:6), METADATAENTRY(c:5)
2025-09-29 07:14:46,565 [s2-server-thread1] DEBUG server.RaftServer$Division (RaftServerImpl.java:logAppendEntries(1536)) - s2@group-67C52453B921: appendEntries* reply s1<-s2#15:OK-t1,SUCCESS,nextIndex=7,followerCommit=5,matchIndex=6
2025-09-29 07:14:46,565 [s2@group-67C52453B921-StateMachineUpdater] INFO  statemachine.StateMachine (ReadOnlyRequestTests.java:applyTransaction(375)) - receive command: INCREMENT
2025-09-29 07:14:46,566 [grpc-default-executor-18] DEBUG server.RaftServer$Division (RaftServerImpl.java:logAppendEntries(1536)) - s0@group-67C52453B921: appendEntries* s1->s0#14-t1,previous=(t:1, i:5),leaderCommit=5,initializing? false,entries: size=1, first=(t:1, i:6), METADATAENTRY(c:5)
2025-09-29 07:14:46,566 [s0-server-thread1] DEBUG server.RaftServer$Division (RaftServerImpl.java:logAppendEntries(1536)) - s0@group-67C52453B921: appendEntries* reply s1<-s0#14:OK-t1,SUCCESS,nextIndex=7,followerCommit=5,matchIndex=6
2025-09-29 07:14:46,567 [s0@group-67C52453B921-StateMachineUpdater] INFO  statemachine.StateMachine (ReadOnlyRequestTests.java:applyTransaction(375)) - receive command: INCREMENT
2025-09-29 07:14:46,568 [s1-client-thread1] DEBUG server.RaftServer$Division (RaftServerImpl.java:submitClientRequestAsync(939)) - s1@group-67C52453B921: receive client request(RaftClientRequest:client-EE428A00F514->s1@group-67C52453B921, cid=41, seq=null, RO, Message:5155455259)
2025-09-29 07:14:46,569 [s1-client-thread1] DEBUG server.RaftServer$Division (LeaderStateImpl.java:getReadIndex(1147)) - readIndex=6, readAfterWriteConsistentIndex=null
2025-09-29 07:14:46,573 [s1-client-thread1] DEBUG server.RaftServer$Division (RaftServerImpl.java:submitClientRequestAsync(939)) - s1@group-67C52453B921: receive client request(RaftClientRequest:client-EE428A00F514->s1@group-67C52453B921, cid=42, seq=null, RW, Message:494e4352454d454e54)
2025-09-29 07:14:46,574 [s1-client-thread1] DEBUG server.RaftServer$Division (LeaderStateImpl.java:addPendingRequest(526)) - s1@group-67C52453B921-LeaderStateImpl: addPendingRequest at RaftClientRequest:client-EE428A00F514->s1@group-67C52453B921, cid=42, seq=null, RW, Message:494e4352454d454e54, entry=(t:1, i:7), STATEMACHINELOGENTRY, WRITE: logData.size=9, stateMachineData.size=0, logEntryProtoSerializedSize=0
2025-09-29 07:14:46,575 [grpc-default-executor-2] DEBUG server.RaftServer$Division (RaftServerImpl.java:logAppendEntries(1536)) - s0@group-67C52453B921: appendEntries* s1->s0#17-t1,previous=(t:1, i:6),leaderCommit=6,initializing? false,entries: size=1, first=(t:1, i:7), STATEMACHINELOGENTRY, StateMachineLogEntryProto:42@client-EE428A00F514
2025-09-29 07:14:46,576 [grpc-default-executor-18] DEBUG server.RaftServer$Division (RaftServerImpl.java:logAppendEntries(1536)) - s2@group-67C52453B921: appendEntries* s1->s2#18-t1,previous=(t:1, i:6),leaderCommit=6,initializing? false,entries: size=1, first=(t:1, i:7), STATEMACHINELOGENTRY, StateMachineLogEntryProto:42@client-EE428A00F514
2025-09-29 07:14:46,576 [s0-server-thread1] DEBUG server.RaftServer$Division (RaftServerImpl.java:logAppendEntries(1536)) - s0@group-67C52453B921: appendEntries* reply s1<-s0#17:OK-t1,SUCCESS,nextIndex=8,followerCommit=6,matchIndex=7
2025-09-29 07:14:46,577 [s2-server-thread1] DEBUG server.RaftServer$Division (RaftServerImpl.java:logAppendEntries(1536)) - s2@group-67C52453B921: appendEntries* reply s1<-s2#18:OK-t1,SUCCESS,nextIndex=8,followerCommit=6,matchIndex=7
2025-09-29 07:14:46,578 [s1@group-67C52453B921-StateMachineUpdater] INFO  statemachine.StateMachine (ReadOnlyRequestTests.java:applyTransaction(375)) - receive command: INCREMENT
2025-09-29 07:14:46,580 [grpc-default-executor-2] DEBUG server.RaftServer$Division (RaftServerImpl.java:logAppendEntries(1536)) - s2@group-67C52453B921: appendEntries* s1->s2#20-t1,previous=(t:1, i:7),leaderCommit=7,initializing? false,entries: size=1, first=(t:1, i:8), METADATAENTRY(c:7)
2025-09-29 07:14:46,580 [grpc-default-executor-18] DEBUG server.RaftServer$Division (RaftServerImpl.java:logAppendEntries(1536)) - s0@group-67C52453B921: appendEntries* s1->s0#18-t1,previous=(t:1, i:7),leaderCommit=7,initializing? false,entries: size=1, first=(t:1, i:8), METADATAENTRY(c:7)
2025-09-29 07:14:46,582 [s2-server-thread1] DEBUG server.RaftServer$Division (RaftServerImpl.java:logAppendEntries(1536)) - s2@group-67C52453B921: appendEntries* reply s1<-s2#20:OK-t1,SUCCESS,nextIndex=9,followerCommit=7,matchIndex=8
2025-09-29 07:14:46,582 [s2@group-67C52453B921-StateMachineUpdater] INFO  statemachine.StateMachine (ReadOnlyRequestTests.java:applyTransaction(375)) - receive command: INCREMENT
2025-09-29 07:14:46,585 [s0-server-thread1] DEBUG server.RaftServer$Division (RaftServerImpl.java:logAppendEntries(1536)) - s0@group-67C52453B921: appendEntries* reply s1<-s0#18:OK-t1,SUCCESS,nextIndex=9,followerCommit=7,matchIndex=8
2025-09-29 07:14:46,585 [s0@group-67C52453B921-StateMachineUpdater] INFO  statemachine.StateMachine (ReadOnlyRequestTests.java:applyTransaction(375)) - receive command: INCREMENT
2025-09-29 07:14:46,586 [s1-client-thread1] DEBUG server.RaftServer$Division (RaftServerImpl.java:submitClientRequestAsync(939)) - s1@group-67C52453B921: receive client request(RaftClientRequest:client-EE428A00F514->s1@group-67C52453B921, cid=43, seq=null, RO, Message:5155455259)
2025-09-29 07:14:46,586 [s1-client-thread1] DEBUG server.RaftServer$Division (LeaderStateImpl.java:getReadIndex(1147)) - readIndex=8, readAfterWriteConsistentIndex=null
2025-09-29 07:14:46,590 [s1-client-thread1] DEBUG server.RaftServer$Division (RaftServerImpl.java:submitClientRequestAsync(939)) - s1@group-67C52453B921: receive client request(RaftClientRequest:client-EE428A00F514->s1@group-67C52453B921, cid=44, seq=null, RW, Message:494e4352454d454e54)
2025-09-29 07:14:46,591 [s1-client-thread1] DEBUG server.RaftServer$Division (LeaderStateImpl.java:addPendingRequest(526)) - s1@group-67C52453B921-LeaderStateImpl: addPendingRequest at RaftClientRequest:client-EE428A00F514->s1@group-67C52453B921, cid=44, seq=null, RW, Message:494e4352454d454e54, entry=(t:1, i:9), STATEMACHINELOGENTRY, WRITE: logData.size=9, stateMachineData.size=0, logEntryProtoSerializedSize=0
2025-09-29 07:14:46,593 [grpc-default-executor-2] DEBUG server.RaftServer$Division (RaftServerImpl.java:logAppendEntries(1536)) - s0@group-67C52453B921: appendEntries* s1->s0#23-t1,previous=(t:1, i:8),leaderCommit=8,initializing? false,entries: size=1, first=(t:1, i:9), STATEMACHINELOGENTRY, StateMachineLogEntryProto:44@client-EE428A00F514
2025-09-29 07:14:46,593 [s0-server-thread1] DEBUG server.RaftServer$Division (RaftServerImpl.java:logAppendEntries(1536)) - s0@group-67C52453B921: appendEntries* reply s1<-s0#23:OK-t1,SUCCESS,nextIndex=10,followerCommit=8,matchIndex=9
2025-09-29 07:14:46,594 [grpc-default-executor-18] DEBUG server.RaftServer$Division (RaftServerImpl.java:logAppendEntries(1536)) - s2@group-67C52453B921: appendEntries* s1->s2#23-t1,previous=(t:1, i:8),leaderCommit=8,initializing? false,entries: size=1, first=(t:1, i:9), STATEMACHINELOGENTRY, StateMachineLogEntryProto:44@client-EE428A00F514
2025-09-29 07:14:46,595 [s2-server-thread1] DEBUG server.RaftServer$Division (RaftServerImpl.java:logAppendEntries(1536)) - s2@group-67C52453B921: appendEntries* reply s1<-s2#23:OK-t1,SUCCESS,nextIndex=10,followerCommit=8,matchIndex=9
2025-09-29 07:14:46,596 [s1@group-67C52453B921-StateMachineUpdater] INFO  statemachine.StateMachine (ReadOnlyRequestTests.java:applyTransaction(375)) - receive command: INCREMENT
2025-09-29 07:14:46,597 [grpc-default-executor-18] DEBUG server.RaftServer$Division (RaftServerImpl.java:logAppendEntries(1536)) - s2@group-67C52453B921: appendEntries* s1->s2#24-t1,previous=(t:1, i:9),leaderCommit=9,initializing? false,entries: size=1, first=(t:1, i:10), METADATAENTRY(c:9)
2025-09-29 07:14:46,598 [grpc-default-executor-18] DEBUG server.RaftServer$Division (RaftServerImpl.java:logAppendEntries(1536)) - s0@group-67C52453B921: appendEntries* s1->s0#24-t1,previous=(t:1, i:9),leaderCommit=9,initializing? false,entries: size=1, first=(t:1, i:10), METADATAENTRY(c:9)
2025-09-29 07:14:46,599 [s2-server-thread1] DEBUG server.RaftServer$Division (RaftServerImpl.java:logAppendEntries(1536)) - s2@group-67C52453B921: appendEntries* reply s1<-s2#24:OK-t1,SUCCESS,nextIndex=11,followerCommit=9,matchIndex=10
2025-09-29 07:14:46,599 [s0-server-thread1] DEBUG server.RaftServer$Division (RaftServerImpl.java:logAppendEntries(1536)) - s0@group-67C52453B921: appendEntries* reply s1<-s0#24:OK-t1,SUCCESS,nextIndex=11,followerCommit=9,matchIndex=10
2025-09-29 07:14:46,599 [s0@group-67C52453B921-StateMachineUpdater] INFO  statemachine.StateMachine (ReadOnlyRequestTests.java:applyTransaction(375)) - receive command: INCREMENT
2025-09-29 07:14:46,599 [s2@group-67C52453B921-StateMachineUpdater] INFO  statemachine.StateMachine (ReadOnlyRequestTests.java:applyTransaction(375)) - receive command: INCREMENT
2025-09-29 07:14:46,602 [s1-client-thread1] DEBUG server.RaftServer$Division (RaftServerImpl.java:submitClientRequestAsync(939)) - s1@group-67C52453B921: receive client request(RaftClientRequest:client-EE428A00F514->s1@group-67C52453B921, cid=45, seq=null, RO, Message:5155455259)
2025-09-29 07:14:46,602 [s1-client-thread1] DEBUG server.RaftServer$Division (LeaderStateImpl.java:getReadIndex(1147)) - readIndex=10, readAfterWriteConsistentIndex=null
2025-09-29 07:14:46,608 [s1-client-thread1] DEBUG server.RaftServer$Division (RaftServerImpl.java:submitClientRequestAsync(939)) - s1@group-67C52453B921: receive client request(RaftClientRequest:client-EE428A00F514->s1@group-67C52453B921, cid=46, seq=null, RW, Message:494e4352454d454e54)
2025-09-29 07:14:46,609 [s1-client-thread1] DEBUG server.RaftServer$Division (LeaderStateImpl.java:addPendingRequest(526)) - s1@group-67C52453B921-LeaderStateImpl: addPendingRequest at RaftClientRequest:client-EE428A00F514->s1@group-67C52453B921, cid=46, seq=null, RW, Message:494e4352454d454e54, entry=(t:1, i:11), STATEMACHINELOGENTRY, WRITE: logData.size=9, stateMachineData.size=0, logEntryProtoSerializedSize=0
2025-09-29 07:14:46,610 [grpc-default-executor-2] DEBUG server.RaftServer$Division (RaftServerImpl.java:logAppendEntries(1536)) - s0@group-67C52453B921: appendEntries* s1->s0#26-t1,previous=(t:1, i:10),leaderCommit=10,initializing? false,entries: size=1, first=(t:1, i:11), STATEMACHINELOGENTRY, StateMachineLogEntryProto:46@client-EE428A00F514
2025-09-29 07:14:46,611 [grpc-default-executor-3] DEBUG server.RaftServer$Division (RaftServerImpl.java:logAppendEntries(1536)) - s2@group-67C52453B921: appendEntries* s1->s2#26-t1,previous=(t:1, i:10),leaderCommit=10,initializing? false,entries: size=1, first=(t:1, i:11), STATEMACHINELOGENTRY, StateMachineLogEntryProto:46@client-EE428A00F514
2025-09-29 07:14:46,611 [s0-server-thread1] DEBUG server.RaftServer$Division (RaftServerImpl.java:logAppendEntries(1536)) - s0@group-67C52453B921: appendEntries* reply s1<-s0#26:OK-t1,SUCCESS,nextIndex=12,followerCommit=10,matchIndex=11
2025-09-29 07:14:46,612 [s2-server-thread2] DEBUG server.RaftServer$Division (RaftServerImpl.java:logAppendEntries(1536)) - s2@group-67C52453B921: appendEntries* reply s1<-s2#26:OK-t1,SUCCESS,nextIndex=12,followerCommit=10,matchIndex=11
2025-09-29 07:14:46,614 [s1@group-67C52453B921-StateMachineUpdater] INFO  statemachine.StateMachine (ReadOnlyRequestTests.java:applyTransaction(375)) - receive command: INCREMENT
2025-09-29 07:14:46,618 [grpc-default-executor-2] DEBUG server.RaftServer$Division (RaftServerImpl.java:logAppendEntries(1536)) - s0@group-67C52453B921: appendEntries* s1->s0#27-t1,previous=(t:1, i:11),leaderCommit=11,initializing? false,entries: size=1, first=(t:1, i:12), METADATAENTRY(c:11)
2025-09-29 07:14:46,620 [grpc-default-executor-18] DEBUG server.RaftServer$Division (RaftServerImpl.java:logAppendEntries(1536)) - s2@group-67C52453B921: appendEntries* s1->s2#27-t1,previous=(t:1, i:11),leaderCommit=11,initializing? false,entries: size=1, first=(t:1, i:12), METADATAENTRY(c:11)
2025-09-29 07:14:46,621 [s0-server-thread1] DEBUG server.RaftServer$Division (RaftServerImpl.java:logAppendEntries(1536)) - s0@group-67C52453B921: appendEntries* reply s1<-s0#27:OK-t1,SUCCESS,nextIndex=13,followerCommit=11,matchIndex=12
2025-09-29 07:14:46,621 [s0@group-67C52453B921-StateMachineUpdater] INFO  statemachine.StateMachine (ReadOnlyRequestTests.java:applyTransaction(375)) - receive command: INCREMENT
2025-09-29 07:14:46,622 [s1-client-thread1] DEBUG server.RaftServer$Division (RaftServerImpl.java:submitClientRequestAsync(939)) - s1@group-67C52453B921: receive client request(RaftClientRequest:client-EE428A00F514->s1@group-67C52453B921, cid=47, seq=null, RO, Message:5155455259)
2025-09-29 07:14:46,622 [s1-client-thread1] DEBUG server.RaftServer$Division (LeaderStateImpl.java:getReadIndex(1147)) - readIndex=12, readAfterWriteConsistentIndex=null
2025-09-29 07:14:46,624 [s2-server-thread2] DEBUG server.RaftServer$Division (RaftServerImpl.java:logAppendEntries(1536)) - s2@group-67C52453B921: appendEntries* reply s1<-s2#27:OK-t1,SUCCESS,nextIndex=13,followerCommit=11,matchIndex=12
2025-09-29 07:14:46,624 [s2@group-67C52453B921-StateMachineUpdater] INFO  statemachine.StateMachine (ReadOnlyRequestTests.java:applyTransaction(375)) - receive command: INCREMENT
2025-09-29 07:14:46,629 [s1-client-thread1] DEBUG server.RaftServer$Division (RaftServerImpl.java:submitClientRequestAsync(939)) - s1@group-67C52453B921: receive client request(RaftClientRequest:client-EE428A00F514->s1@group-67C52453B921, cid=48, seq=null, RW, Message:494e4352454d454e54)
2025-09-29 07:14:46,630 [s1-client-thread1] DEBUG server.RaftServer$Division (LeaderStateImpl.java:addPendingRequest(526)) - s1@group-67C52453B921-LeaderStateImpl: addPendingRequest at RaftClientRequest:client-EE428A00F514->s1@group-67C52453B921, cid=48, seq=null, RW, Message:494e4352454d454e54, entry=(t:1, i:13), STATEMACHINELOGENTRY, WRITE: logData.size=9, stateMachineData.size=0, logEntryProtoSerializedSize=0
2025-09-29 07:14:46,631 [grpc-default-executor-2] DEBUG server.RaftServer$Division (RaftServerImpl.java:logAppendEntries(1536)) - s2@group-67C52453B921: appendEntries* s1->s2#31-t1,previous=(t:1, i:12),leaderCommit=12,initializing? false,entries: size=1, first=(t:1, i:13), STATEMACHINELOGENTRY, StateMachineLogEntryProto:48@client-EE428A00F514
2025-09-29 07:14:46,632 [grpc-default-executor-2] DEBUG server.RaftServer$Division (RaftServerImpl.java:logAppendEntries(1536)) - s0@group-67C52453B921: appendEntries* s1->s0#30-t1,previous=(t:1, i:12),leaderCommit=12,initializing? false,entries: size=1, first=(t:1, i:13), STATEMACHINELOGENTRY, StateMachineLogEntryProto:48@client-EE428A00F514
2025-09-29 07:14:46,632 [s2-server-thread2] DEBUG server.RaftServer$Division (RaftServerImpl.java:logAppendEntries(1536)) - s2@group-67C52453B921: appendEntries* reply s1<-s2#31:OK-t1,SUCCESS,nextIndex=14,followerCommit=12,matchIndex=13
2025-09-29 07:14:46,633 [s0-server-thread1] DEBUG server.RaftServer$Division (RaftServerImpl.java:logAppendEntries(1536)) - s0@group-67C52453B921: appendEntries* reply s1<-s0#30:OK-t1,SUCCESS,nextIndex=14,followerCommit=12,matchIndex=13
2025-09-29 07:14:46,635 [s1@group-67C52453B921-StateMachineUpdater] INFO  statemachine.StateMachine (ReadOnlyRequestTests.java:applyTransaction(375)) - receive command: INCREMENT
2025-09-29 07:14:46,635 [grpc-default-executor-18] DEBUG server.RaftServer$Division (RaftServerImpl.java:logAppendEntries(1536)) - s2@group-67C52453B921: appendEntries* s1->s2#32-t1,previous=(t:1, i:13),leaderCommit=13,initializing? false,entries: size=1, first=(t:1, i:14), METADATAENTRY(c:13)
2025-09-29 07:14:46,636 [s2-server-thread2] DEBUG server.RaftServer$Division (RaftServerImpl.java:logAppendEntries(1536)) - s2@group-67C52453B921: appendEntries* reply s1<-s2#32:OK-t1,SUCCESS,nextIndex=15,followerCommit=13,matchIndex=14
2025-09-29 07:14:46,636 [s2@group-67C52453B921-StateMachineUpdater] INFO  statemachine.StateMachine (ReadOnlyRequestTests.java:applyTransaction(375)) - receive command: INCREMENT
2025-09-29 07:14:46,639 [grpc-default-executor-18] DEBUG server.RaftServer$Division (RaftServerImpl.java:logAppendEntries(1536)) - s0@group-67C52453B921: appendEntries* s1->s0#31-t1,previous=(t:1, i:13),leaderCommit=13,initializing? false,entries: size=1, first=(t:1, i:14), METADATAENTRY(c:13)
2025-09-29 07:14:46,640 [s0-server-thread1] DEBUG server.RaftServer$Division (RaftServerImpl.java:logAppendEntries(1536)) - s0@group-67C52453B921: appendEntries* reply s1<-s0#31:OK-t1,SUCCESS,nextIndex=15,followerCommit=13,matchIndex=14
2025-09-29 07:14:46,640 [s0@group-67C52453B921-StateMachineUpdater] INFO  statemachine.StateMachine (ReadOnlyRequestTests.java:applyTransaction(375)) - receive command: INCREMENT
2025-09-29 07:14:46,644 [s1-client-thread1] DEBUG server.RaftServer$Division (RaftServerImpl.java:submitClientRequestAsync(939)) - s1@group-67C52453B921: receive client request(RaftClientRequest:client-EE428A00F514->s1@group-67C52453B921, cid=49, seq=null, RO, Message:5155455259)
2025-09-29 07:14:46,645 [s1-client-thread1] DEBUG server.RaftServer$Division (LeaderStateImpl.java:getReadIndex(1147)) - readIndex=14, readAfterWriteConsistentIndex=null
2025-09-29 07:14:46,650 [s1-client-thread1] DEBUG server.RaftServer$Division (RaftServerImpl.java:submitClientRequestAsync(939)) - s1@group-67C52453B921: receive client request(RaftClientRequest:client-EE428A00F514->s1@group-67C52453B921, cid=50, seq=null, RW, Message:494e4352454d454e54)
2025-09-29 07:14:46,651 [s1-client-thread1] DEBUG server.RaftServer$Division (LeaderStateImpl.java:addPendingRequest(526)) - s1@group-67C52453B921-LeaderStateImpl: addPendingRequest at RaftClientRequest:client-EE428A00F514->s1@group-67C52453B921, cid=50, seq=null, RW, Message:494e4352454d454e54, entry=(t:1, i:15), STATEMACHINELOGENTRY, WRITE: logData.size=9, stateMachineData.size=0, logEntryProtoSerializedSize=0
2025-09-29 07:14:46,653 [grpc-default-executor-18] DEBUG server.RaftServer$Division (RaftServerImpl.java:logAppendEntries(1536)) - s0@group-67C52453B921: appendEntries* s1->s0#34-t1,previous=(t:1, i:14),leaderCommit=14,initializing? false,entries: size=1, first=(t:1, i:15), STATEMACHINELOGENTRY, StateMachineLogEntryProto:50@client-EE428A00F514
2025-09-29 07:14:46,654 [grpc-default-executor-18] DEBUG server.RaftServer$Division (RaftServerImpl.java:logAppendEntries(1536)) - s2@group-67C52453B921: appendEntries* s1->s2#35-t1,previous=(t:1, i:14),leaderCommit=14,initializing? false,entries: size=1, first=(t:1, i:15), STATEMACHINELOGENTRY, StateMachineLogEntryProto:50@client-EE428A00F514
2025-09-29 07:14:46,654 [s0-server-thread1] DEBUG server.RaftServer$Division (RaftServerImpl.java:logAppendEntries(1536)) - s0@group-67C52453B921: appendEntries* reply s1<-s0#34:OK-t1,SUCCESS,nextIndex=16,followerCommit=14,matchIndex=15
2025-09-29 07:14:46,655 [grpc-default-executor-18] DEBUG server.RaftServer$Division (RaftServerImpl.java:logAppendEntries(1536)) - s2@group-67C52453B921: appendEntries* reply s1<-s2#35:OK-t1,SUCCESS,nextIndex=16,followerCommit=14,matchIndex=15
2025-09-29 07:14:46,656 [s1@group-67C52453B921-StateMachineUpdater] INFO  statemachine.StateMachine (ReadOnlyRequestTests.java:applyTransaction(375)) - receive command: INCREMENT
2025-09-29 07:14:46,658 [grpc-default-executor-18] DEBUG server.RaftServer$Division (RaftServerImpl.java:logAppendEntries(1536)) - s0@group-67C52453B921: appendEntries* s1->s0#35-t1,previous=(t:1, i:15),leaderCommit=15,initializing? false,entries: size=1, first=(t:1, i:16), METADATAENTRY(c:15)
2025-09-29 07:14:46,659 [s0-server-thread1] DEBUG server.RaftServer$Division (RaftServerImpl.java:logAppendEntries(1536)) - s0@group-67C52453B921: appendEntries* reply s1<-s0#35:OK-t1,SUCCESS,nextIndex=17,followerCommit=15,matchIndex=16
2025-09-29 07:14:46,659 [s0@group-67C52453B921-StateMachineUpdater] INFO  statemachine.StateMachine (ReadOnlyRequestTests.java:applyTransaction(375)) - receive command: INCREMENT
2025-09-29 07:14:46,660 [grpc-default-executor-3] DEBUG server.RaftServer$Division (RaftServerImpl.java:logAppendEntries(1536)) - s2@group-67C52453B921: appendEntries* s1->s2#36-t1,previous=(t:1, i:15),leaderCommit=15,initializing? false,entries: size=1, first=(t:1, i:16), METADATAENTRY(c:15)
2025-09-29 07:14:46,663 [s1-client-thread1] DEBUG server.RaftServer$Division (RaftServerImpl.java:submitClientRequestAsync(939)) - s1@group-67C52453B921: receive client request(RaftClientRequest:client-EE428A00F514->s1@group-67C52453B921, cid=51, seq=null, RO, Message:5155455259)
2025-09-29 07:14:46,663 [s1-client-thread1] DEBUG server.RaftServer$Division (LeaderStateImpl.java:getReadIndex(1147)) - readIndex=16, readAfterWriteConsistentIndex=null
2025-09-29 07:14:46,663 [s2-server-thread2] DEBUG server.RaftServer$Division (RaftServerImpl.java:logAppendEntries(1536)) - s2@group-67C52453B921: appendEntries* reply s1<-s2#36:OK-t1,SUCCESS,nextIndex=17,followerCommit=15,matchIndex=16
2025-09-29 07:14:46,663 [s2@group-67C52453B921-StateMachineUpdater] INFO  statemachine.StateMachine (ReadOnlyRequestTests.java:applyTransaction(375)) - receive command: INCREMENT
2025-09-29 07:14:46,667 [s1-client-thread1] DEBUG server.RaftServer$Division (RaftServerImpl.java:submitClientRequestAsync(939)) - s1@group-67C52453B921: receive client request(RaftClientRequest:client-EE428A00F514->s1@group-67C52453B921, cid=52, seq=null, RW, Message:494e4352454d454e54)
2025-09-29 07:14:46,668 [s1-client-thread1] DEBUG server.RaftServer$Division (LeaderStateImpl.java:addPendingRequest(526)) - s1@group-67C52453B921-LeaderStateImpl: addPendingRequest at RaftClientRequest:client-EE428A00F514->s1@group-67C52453B921, cid=52, seq=null, RW, Message:494e4352454d454e54, entry=(t:1, i:17), STATEMACHINELOGENTRY, WRITE: logData.size=9, stateMachineData.size=0, logEntryProtoSerializedSize=0
2025-09-29 07:14:46,669 [grpc-default-executor-2] DEBUG server.RaftServer$Division (RaftServerImpl.java:logAppendEntries(1536)) - s0@group-67C52453B921: appendEntries* s1->s0#39-t1,previous=(t:1, i:16),leaderCommit=16,initializing? false,entries: size=1, first=(t:1, i:17), STATEMACHINELOGENTRY, StateMachineLogEntryProto:52@client-EE428A00F514
2025-09-29 07:14:46,670 [grpc-default-executor-2] DEBUG server.RaftServer$Division (RaftServerImpl.java:logAppendEntries(1536)) - s2@group-67C52453B921: appendEntries* s1->s2#40-t1,previous=(t:1, i:16),leaderCommit=16,initializing? false,entries: size=1, first=(t:1, i:17), STATEMACHINELOGENTRY, StateMachineLogEntryProto:52@client-EE428A00F514
2025-09-29 07:14:46,671 [s2-server-thread2] DEBUG server.RaftServer$Division (RaftServerImpl.java:logAppendEntries(1536)) - s2@group-67C52453B921: appendEntries* reply s1<-s2#40:OK-t1,SUCCESS,nextIndex=18,followerCommit=16,matchIndex=17
2025-09-29 07:14:46,672 [s1@group-67C52453B921-StateMachineUpdater] INFO  statemachine.StateMachine (ReadOnlyRequestTests.java:applyTransaction(375)) - receive command: INCREMENT
2025-09-29 07:14:46,673 [grpc-default-executor-2] DEBUG server.RaftServer$Division (RaftServerImpl.java:logAppendEntries(1536)) - s2@group-67C52453B921: appendEntries* s1->s2#41-t1,previous=(t:1, i:17),leaderCommit=17,initializing? false,entries: size=1, first=(t:1, i:18), METADATAENTRY(c:17)
2025-09-29 07:14:46,675 [s2@group-67C52453B921-StateMachineUpdater] INFO  statemachine.StateMachine (ReadOnlyRequestTests.java:applyTransaction(375)) - receive command: INCREMENT
2025-09-29 07:14:46,675 [s0-server-thread1] DEBUG server.RaftServer$Division (RaftServerImpl.java:logAppendEntries(1536)) - s0@group-67C52453B921: appendEntries* reply s1<-s0#39:OK-t1,SUCCESS,nextIndex=18,followerCommit=16,matchIndex=17
2025-09-29 07:14:46,675 [s2-server-thread2] DEBUG server.RaftServer$Division (RaftServerImpl.java:logAppendEntries(1536)) - s2@group-67C52453B921: appendEntries* reply s1<-s2#41:OK-t1,SUCCESS,nextIndex=19,followerCommit=17,matchIndex=18
2025-09-29 07:14:46,678 [grpc-default-executor-3] DEBUG server.RaftServer$Division (RaftServerImpl.java:logAppendEntries(1536)) - s0@group-67C52453B921: appendEntries* s1->s0#40-t1,previous=(t:1, i:17),leaderCommit=17,initializing? false,entries: size=1, first=(t:1, i:18), METADATAENTRY(c:17)
2025-09-29 07:14:46,679 [s0-server-thread1] DEBUG server.RaftServer$Division (RaftServerImpl.java:logAppendEntries(1536)) - s0@group-67C52453B921: appendEntries* reply s1<-s0#40:OK-t1,SUCCESS,nextIndex=19,followerCommit=17,matchIndex=18
2025-09-29 07:14:46,680 [s1-client-thread1] DEBUG server.RaftServer$Division (RaftServerImpl.java:submitClientRequestAsync(939)) - s1@group-67C52453B921: receive client request(RaftClientRequest:client-EE428A00F514->s1@group-67C52453B921, cid=53, seq=null, RO, Message:5155455259)
2025-09-29 07:14:46,680 [s1-client-thread1] DEBUG server.RaftServer$Division (LeaderStateImpl.java:getReadIndex(1147)) - readIndex=18, readAfterWriteConsistentIndex=null
2025-09-29 07:14:46,681 [s0@group-67C52453B921-StateMachineUpdater] INFO  statemachine.StateMachine (ReadOnlyRequestTests.java:applyTransaction(375)) - receive command: INCREMENT
2025-09-29 07:14:46,685 [s1-client-thread1] DEBUG server.RaftServer$Division (RaftServerImpl.java:submitClientRequestAsync(939)) - s1@group-67C52453B921: receive client request(RaftClientRequest:client-EE428A00F514->s1@group-67C52453B921, cid=54, seq=null, RW, Message:494e4352454d454e54)
2025-09-29 07:14:46,686 [s1-client-thread1] DEBUG server.RaftServer$Division (LeaderStateImpl.java:addPendingRequest(526)) - s1@group-67C52453B921-LeaderStateImpl: addPendingRequest at RaftClientRequest:client-EE428A00F514->s1@group-67C52453B921, cid=54, seq=null, RW, Message:494e4352454d454e54, entry=(t:1, i:19), STATEMACHINELOGENTRY, WRITE: logData.size=9, stateMachineData.size=0, logEntryProtoSerializedSize=0
2025-09-29 07:14:46,688 [grpc-default-executor-3] DEBUG server.RaftServer$Division (RaftServerImpl.java:logAppendEntries(1536)) - s2@group-67C52453B921: appendEntries* s1->s2#45-t1,previous=(t:1, i:18),leaderCommit=18,initializing? false,entries: size=1, first=(t:1, i:19), STATEMACHINELOGENTRY, StateMachineLogEntryProto:54@client-EE428A00F514
2025-09-29 07:14:46,689 [grpc-default-executor-18] DEBUG server.RaftServer$Division (RaftServerImpl.java:logAppendEntries(1536)) - s0@group-67C52453B921: appendEntries* s1->s0#46-t1,previous=(t:1, i:18),leaderCommit=18,initializing? false,entries: size=1, first=(t:1, i:19), STATEMACHINELOGENTRY, StateMachineLogEntryProto:54@client-EE428A00F514
2025-09-29 07:14:46,689 [s0-server-thread1] DEBUG server.RaftServer$Division (RaftServerImpl.java:logAppendEntries(1536)) - s0@group-67C52453B921: appendEntries* reply s1<-s0#46:OK-t1,SUCCESS,nextIndex=20,followerCommit=18,matchIndex=19
2025-09-29 07:14:46,689 [s2-server-thread2] DEBUG server.RaftServer$Division (RaftServerImpl.java:logAppendEntries(1536)) - s2@group-67C52453B921: appendEntries* reply s1<-s2#45:OK-t1,SUCCESS,nextIndex=20,followerCommit=18,matchIndex=19
2025-09-29 07:14:46,690 [s1@group-67C52453B921-StateMachineUpdater] INFO  statemachine.StateMachine (ReadOnlyRequestTests.java:applyTransaction(375)) - receive command: INCREMENT
2025-09-29 07:14:46,692 [grpc-default-executor-18] DEBUG server.RaftServer$Division (RaftServerImpl.java:logAppendEntries(1536)) - s0@group-67C52453B921: appendEntries* s1->s0#48-t1,previous=(t:1, i:19),leaderCommit=19,initializing? false,entries: size=1, first=(t:1, i:20), METADATAENTRY(c:19)
2025-09-29 07:14:46,693 [grpc-default-executor-3] DEBUG server.RaftServer$Division (RaftServerImpl.java:logAppendEntries(1536)) - s2@group-67C52453B921: appendEntries* s1->s2#47-t1,previous=(t:1, i:19),leaderCommit=19,initializing? false,entries: size=1, first=(t:1, i:20), METADATAENTRY(c:19)
2025-09-29 07:14:46,694 [s0-server-thread1] DEBUG server.RaftServer$Division (RaftServerImpl.java:logAppendEntries(1536)) - s0@group-67C52453B921: appendEntries* reply s1<-s0#48:OK-t1,SUCCESS,nextIndex=21,followerCommit=19,matchIndex=20
2025-09-29 07:14:46,694 [s0@group-67C52453B921-StateMachineUpdater] INFO  statemachine.StateMachine (ReadOnlyRequestTests.java:applyTransaction(375)) - receive command: INCREMENT
2025-09-29 07:14:46,695 [s2-server-thread2] DEBUG server.RaftServer$Division (RaftServerImpl.java:logAppendEntries(1536)) - s2@group-67C52453B921: appendEntries* reply s1<-s2#47:OK-t1,SUCCESS,nextIndex=21,followerCommit=19,matchIndex=20
2025-09-29 07:14:46,696 [s2@group-67C52453B921-StateMachineUpdater] INFO  statemachine.StateMachine (ReadOnlyRequestTests.java:applyTransaction(375)) - receive command: INCREMENT
2025-09-29 07:14:46,697 [s1-client-thread1] DEBUG server.RaftServer$Division (RaftServerImpl.java:submitClientRequestAsync(939)) - s1@group-67C52453B921: receive client request(RaftClientRequest:client-EE428A00F514->s1@group-67C52453B921, cid=55, seq=null, RO, Message:5155455259)
2025-09-29 07:14:46,698 [s1-client-thread1] DEBUG server.RaftServer$Division (LeaderStateImpl.java:getReadIndex(1147)) - readIndex=20, readAfterWriteConsistentIndex=null
2025-09-29 07:14:46,703 [main] INFO  impl.MiniRaftCluster (MiniRaftCluster.java:shutdown(824)) - ************************************************************** 
2025-09-29 07:14:46,704 [main] INFO  impl.MiniRaftCluster (MiniRaftCluster.java:shutdown(825)) - *** 
2025-09-29 07:14:46,704 [main] INFO  impl.MiniRaftCluster (MiniRaftCluster.java:shutdown(826)) - ***     Stopping MiniRaftClusterWithGrpc
2025-09-29 07:14:46,704 [main] INFO  impl.MiniRaftCluster (MiniRaftCluster.java:shutdown(827)) - *** 
2025-09-29 07:14:46,704 [main] INFO  impl.MiniRaftCluster (MiniRaftCluster.java:shutdown(828)) - ************************************************************** 
2025-09-29 07:14:46,705 [main] INFO  impl.MiniRaftCluster (MiniRaftCluster.java:shutdown(829)) - printing ALL groups
  s0:  RUNNING  FOLLOWER (RUNNING): s0@group-67C52453B921:t1, leader=s1, voted=s1, raftlog=Memoized:s0@group-67C52453B921-SegmentedRaftLog:OPENED:c19:last(t:1, i:20), conf=conf: {index: 0, cur=peers:[s0|localhost:15024, s1|localhost:15028, s2|localhost:15032]|listeners:[], old=null}
  s1:  RUNNING    LEADER (RUNNING): s1@group-67C52453B921:t1, leader=s1, voted=s1, raftlog=Memoized:s1@group-67C52453B921-SegmentedRaftLog:OPENED:c20:last(t:1, i:20), conf=conf: {index: 0, cur=peers:[s0|localhost:15024, s1|localhost:15028, s2|localhost:15032]|listeners:[], old=null}
  s2:  RUNNING  FOLLOWER (RUNNING): s2@group-67C52453B921:t1, leader=s1, voted=s1, raftlog=Memoized:s2@group-67C52453B921-SegmentedRaftLog:OPENED:c19:last(t:1, i:20), conf=conf: {index: 0, cur=peers:[s0|localhost:15024, s1|localhost:15028, s2|localhost:15032]|listeners:[], old=null}
2025-09-29 07:14:46,706 [MiniRaftCluster-13] INFO  server.RaftServer (RaftServerProxy.java:lambda$close$9(425)) - s0: close
2025-09-29 07:14:46,706 [MiniRaftCluster-14] INFO  server.RaftServer (RaftServerProxy.java:lambda$close$9(425)) - s1: close
2025-09-29 07:14:46,707 [MiniRaftCluster-15] INFO  server.RaftServer (RaftServerProxy.java:lambda$close$9(425)) - s2: close
2025-09-29 07:14:46,708 [s1-impl-thread1] INFO  server.RaftServer$Division (RaftServerImpl.java:lambda$close$1(527)) - s1@group-67C52453B921: shutdown
2025-09-29 07:14:46,709 [MiniRaftCluster-15] INFO  server.GrpcServicesImpl (GrpcServicesImpl.java:closeImpl(347)) - s2: shutdown server org.apache.ratis.grpc.server.GrpcClientProtocolService now
2025-09-29 07:14:46,709 [s1-impl-thread1] INFO  util.JmxRegister (JmxRegister.java:unregister(74)) - Successfully un-registered JMX Bean with object name Ratis:service=RaftServer,group=group-67C52453B921,id=s1
2025-09-29 07:14:46,709 [s1-impl-thread1] INFO  impl.RoleInfo (RoleInfo.java:shutdownLeaderState(103)) - s1: shutdown s1@group-67C52453B921-LeaderStateImpl
2025-09-29 07:14:46,709 [s1@group-67C52453B921->s0-GrpcLogAppender-LogAppenderDaemon] WARN  server.GrpcLogAppender (GrpcLogAppender.java:mayWait(300)) - s1@group-67C52453B921->s0-GrpcLogAppender: Wait interrupted by java.lang.InterruptedException
2025-09-29 07:14:46,707 [s0-impl-thread1] INFO  server.RaftServer$Division (RaftServerImpl.java:lambda$close$1(527)) - s0@group-67C52453B921: shutdown
2025-09-29 07:14:46,711 [s0-impl-thread1] INFO  util.JmxRegister (JmxRegister.java:unregister(74)) - Successfully un-registered JMX Bean with object name Ratis:service=RaftServer,group=group-67C52453B921,id=s0
2025-09-29 07:14:46,711 [s0-impl-thread1] INFO  impl.RoleInfo (RoleInfo.java:shutdownFollowerState(121)) - s0: shutdown s0@group-67C52453B921-FollowerState
2025-09-29 07:14:46,712 [s0-impl-thread1] INFO  impl.StateMachineUpdater (StateMachineUpdater.java:stopAndJoin(163)) - s0@group-67C52453B921-StateMachineUpdater: set stopIndex = 19
2025-09-29 07:14:46,707 [MiniRaftCluster-13] INFO  server.GrpcServicesImpl (GrpcServicesImpl.java:closeImpl(347)) - s0: shutdown server org.apache.ratis.grpc.server.GrpcClientProtocolService now
2025-09-29 07:14:46,712 [grpc-default-executor-3] INFO  server.GrpcServerProtocolService (GrpcServerProtocolService.java:lambda$onCompleted$6(174)) - s0: Completed APPEND_ENTRIES, lastRequest: null 
2025-09-29 07:14:46,711 [s1@group-67C52453B921->s2-GrpcLogAppender-LogAppenderDaemon] WARN  server.GrpcLogAppender (GrpcLogAppender.java:mayWait(300)) - s1@group-67C52453B921->s2-GrpcLogAppender: Wait interrupted by java.lang.InterruptedException
2025-09-29 07:14:46,712 [s0@group-67C52453B921-FollowerState] INFO  impl.FollowerState (FollowerState.java:runImpl(170)) - s0@group-67C52453B921-FollowerState was interrupted
2025-09-29 07:14:46,713 [s0@group-67C52453B921-StateMachineUpdater] INFO  impl.StateMachineUpdater (StateMachineUpdater.java:stop(140)) - s0@group-67C52453B921-StateMachineUpdater: closing CounterStateMachine, lastApplied=(t:1, i:19)
2025-09-29 07:14:46,713 [grpc-default-executor-3] INFO  server.GrpcServerProtocolService (GrpcServerProtocolService.java:lambda$null$7(178)) - s0: Completed APPEND_ENTRIES, lastReply: serverReply { requestorId: "s1" replyId: "s0" raftGroupId { id: "V5\227\270\\6N\377\247\003g\305$S\271!" } callId: 5 success: true } term: 1 nextIndex: 1 matchIndex: 18446744073709551615 isHearbeat: true 
2025-09-29 07:14:46,711 [s1-impl-thread1] INFO  impl.PendingRequests (PendingRequests.java:sendNotLeaderResponses(281)) - s1@group-67C52453B921-PendingRequests: sendNotLeaderResponses
2025-09-29 07:14:46,709 [s2-impl-thread1] INFO  server.RaftServer$Division (RaftServerImpl.java:lambda$close$1(527)) - s2@group-67C52453B921: shutdown
2025-09-29 07:14:46,715 [s2-impl-thread1] INFO  util.JmxRegister (JmxRegister.java:unregister(74)) - Successfully un-registered JMX Bean with object name Ratis:service=RaftServer,group=group-67C52453B921,id=s2
2025-09-29 07:14:46,715 [s2-impl-thread1] INFO  impl.RoleInfo (RoleInfo.java:shutdownFollowerState(121)) - s2: shutdown s2@group-67C52453B921-FollowerState
2025-09-29 07:14:46,715 [MiniRaftCluster-13] INFO  server.GrpcServicesImpl (GrpcServicesImpl.java:closeImpl(356)) - s0: shutdown server org.apache.ratis.grpc.server.GrpcClientProtocolService successfully
2025-09-29 07:14:46,715 [MiniRaftCluster-13] INFO  server.GrpcServicesImpl (GrpcServicesImpl.java:closeImpl(347)) - s0: shutdown server GrpcServerProtocolService now
2025-09-29 07:14:46,715 [s2@group-67C52453B921-FollowerState] INFO  impl.FollowerState (FollowerState.java:runImpl(170)) - s2@group-67C52453B921-FollowerState was interrupted
2025-09-29 07:14:46,717 [s2-impl-thread1] INFO  impl.StateMachineUpdater (StateMachineUpdater.java:stopAndJoin(163)) - s2@group-67C52453B921-StateMachineUpdater: set stopIndex = 19
2025-09-29 07:14:46,717 [s2@group-67C52453B921-StateMachineUpdater] INFO  impl.StateMachineUpdater (StateMachineUpdater.java:stop(140)) - s2@group-67C52453B921-StateMachineUpdater: closing CounterStateMachine, lastApplied=(t:1, i:19)
2025-09-29 07:14:46,718 [s2@group-67C52453B921-cacheEviction-AwaitToRun] INFO  util.AwaitToRun (AwaitToRun.java:run(49)) - s2@group-67C52453B921-cacheEviction-AwaitToRun-AwaitForSignal is interrupted
2025-09-29 07:14:46,708 [MiniRaftCluster-14] INFO  server.GrpcServicesImpl (GrpcServicesImpl.java:closeImpl(347)) - s1: shutdown server org.apache.ratis.grpc.server.GrpcClientProtocolService now
2025-09-29 07:14:46,715 [s0@group-67C52453B921-cacheEviction-AwaitToRun] INFO  util.AwaitToRun (AwaitToRun.java:run(49)) - s0@group-67C52453B921-cacheEviction-AwaitToRun-AwaitForSignal is interrupted
2025-09-29 07:14:46,714 [MiniRaftCluster-15] INFO  server.GrpcServicesImpl (GrpcServicesImpl.java:closeImpl(356)) - s2: shutdown server org.apache.ratis.grpc.server.GrpcClientProtocolService successfully
2025-09-29 07:14:46,720 [MiniRaftCluster-15] INFO  server.GrpcServicesImpl (GrpcServicesImpl.java:closeImpl(347)) - s2: shutdown server GrpcServerProtocolService now
2025-09-29 07:14:46,719 [grpc-default-executor-3] INFO  server.GrpcLogAppender (GrpcLogAppender.java:onCompleted(558)) - s1@group-67C52453B921->s2-AppendLogResponseHandler: follower responses appendEntries COMPLETED
2025-09-29 07:14:46,720 [grpc-default-executor-12] INFO  server.GrpcLogAppender (GrpcLogAppender.java:onCompleted(558)) - s1@group-67C52453B921->s2-AppendLogResponseHandler: follower responses appendEntries COMPLETED
2025-09-29 07:14:46,721 [s1-impl-thread1] INFO  impl.StateMachineUpdater (StateMachineUpdater.java:stopAndJoin(163)) - s1@group-67C52453B921-StateMachineUpdater: set stopIndex = 20
2025-09-29 07:14:46,722 [s1@group-67C52453B921-StateMachineUpdater] INFO  impl.StateMachineUpdater (StateMachineUpdater.java:stop(140)) - s1@group-67C52453B921-StateMachineUpdater: closing CounterStateMachine, lastApplied=(t:1, i:20)
2025-09-29 07:14:46,722 [grpc-default-executor-18] INFO  server.GrpcLogAppender (GrpcLogAppender.java:onError(545)) - s1@group-67C52453B921->s0-GrpcLogAppender is already stopped
2025-09-29 07:14:46,723 [MiniRaftCluster-13] INFO  server.GrpcServicesImpl (GrpcServicesImpl.java:closeImpl(356)) - s0: shutdown server GrpcServerProtocolService successfully
2025-09-29 07:14:46,724 [grpc-default-executor-2] INFO  server.GrpcLogAppender (GrpcLogAppender.java:onCompleted(558)) - s1@group-67C52453B921->s0-AppendLogResponseHandler: follower responses appendEntries COMPLETED
2025-09-29 07:14:46,724 [grpc-default-executor-2] WARN  server.GrpcLogAppender (GrpcLogAppender.java:resetClient(237)) - s1@group-67C52453B921->s0-GrpcLogAppender: Failed to getClient for s0
org.apache.ratis.protocol.exceptions.AlreadyClosedException: s1 is already CLOSED
	at org.apache.ratis.util.PeerProxyMap$PeerAndProxy.getProxy(PeerProxyMap.java:70)
	at org.apache.ratis.util.PeerProxyMap.getProxy(PeerProxyMap.java:127)
	at org.apache.ratis.grpc.server.GrpcLogAppender.getClient(GrpcLogAppender.java:207)
	at org.apache.ratis.grpc.server.GrpcLogAppender.resetClient(GrpcLogAppender.java:212)
	at org.apache.ratis.grpc.server.GrpcLogAppender.access$800(GrpcLogAppender.java:70)
	at org.apache.ratis.grpc.server.GrpcLogAppender$AppendLogResponseHandler.onCompleted(GrpcLogAppender.java:559)
	at org.apache.ratis.thirdparty.io.grpc.stub.ClientCalls$StreamObserverToCallListenerAdapter.onClose(ClientCalls.java:579)
	at org.apache.ratis.thirdparty.io.grpc.internal.DelayedClientCall$DelayedListener$3.run(DelayedClientCall.java:487)
	at org.apache.ratis.thirdparty.io.grpc.internal.DelayedClientCall$DelayedListener.delayOrExecute(DelayedClientCall.java:451)
	at org.apache.ratis.thirdparty.io.grpc.internal.DelayedClientCall$DelayedListener.onClose(DelayedClientCall.java:484)
	at org.apache.ratis.thirdparty.io.grpc.internal.ClientCallImpl.closeObserver(ClientCallImpl.java:565)
	at org.apache.ratis.thirdparty.io.grpc.internal.ClientCallImpl.access$100(ClientCallImpl.java:72)
	at org.apache.ratis.thirdparty.io.grpc.internal.ClientCallImpl$ClientStreamListenerImpl$1StreamClosed.runInternal(ClientCallImpl.java:733)
	at org.apache.ratis.thirdparty.io.grpc.internal.ClientCallImpl$ClientStreamListenerImpl$1StreamClosed.runInContext(ClientCallImpl.java:714)
	at org.apache.ratis.thirdparty.io.grpc.internal.ContextRunnable.run(ContextRunnable.java:37)
	at org.apache.ratis.thirdparty.io.grpc.internal.SerializingExecutor.run(SerializingExecutor.java:133)
	at java.util.concurrent.ThreadPoolExecutor.runWorker(ThreadPoolExecutor.java:1149)
	at java.util.concurrent.ThreadPoolExecutor$Worker.run(ThreadPoolExecutor.java:624)
	at java.lang.Thread.run(Thread.java:750)
2025-09-29 07:14:46,724 [Thread-223] INFO  server.GrpcServerProtocolClient (GrpcServerProtocolClient.java:close(94)) - s0 Close channels
2025-09-29 07:14:46,726 [Thread-225] INFO  server.GrpcServerProtocolClient (GrpcServerProtocolClient.java:close(94)) - s2 Close channels
2025-09-29 07:14:46,726 [s1@group-67C52453B921-cacheEviction-AwaitToRun] INFO  util.AwaitToRun (AwaitToRun.java:run(49)) - s1@group-67C52453B921-cacheEviction-AwaitToRun-AwaitForSignal is interrupted
2025-09-29 07:14:46,724 [MiniRaftCluster-13] INFO  server.GrpcServicesImpl (GrpcServicesImpl.java:closeImpl(347)) - s0: shutdown server org.apache.ratis.grpc.server.GrpcAdminProtocolService now
2025-09-29 07:14:46,729 [MiniRaftCluster-13] INFO  server.GrpcServicesImpl (GrpcServicesImpl.java:closeImpl(356)) - s0: shutdown server org.apache.ratis.grpc.server.GrpcAdminProtocolService successfully
2025-09-29 07:14:46,729 [MiniRaftCluster-15] INFO  server.GrpcServicesImpl (GrpcServicesImpl.java:closeImpl(356)) - s2: shutdown server GrpcServerProtocolService successfully
2025-09-29 07:14:46,729 [MiniRaftCluster-15] INFO  server.GrpcServicesImpl (GrpcServicesImpl.java:closeImpl(347)) - s2: shutdown server org.apache.ratis.grpc.server.GrpcAdminProtocolService now
2025-09-29 07:14:46,731 [MiniRaftCluster-15] INFO  server.GrpcServicesImpl (GrpcServicesImpl.java:closeImpl(356)) - s2: shutdown server org.apache.ratis.grpc.server.GrpcAdminProtocolService successfully
2025-09-29 07:14:46,739 [MiniRaftCluster-14] INFO  server.GrpcServicesImpl (GrpcServicesImpl.java:closeImpl(356)) - s1: shutdown server org.apache.ratis.grpc.server.GrpcClientProtocolService successfully
2025-09-29 07:14:46,740 [MiniRaftCluster-14] INFO  server.GrpcServicesImpl (GrpcServicesImpl.java:closeImpl(347)) - s1: shutdown server GrpcServerProtocolService now
2025-09-29 07:14:46,742 [MiniRaftCluster-14] INFO  server.GrpcServicesImpl (GrpcServicesImpl.java:closeImpl(356)) - s1: shutdown server GrpcServerProtocolService successfully
2025-09-29 07:14:46,742 [MiniRaftCluster-14] INFO  server.GrpcServicesImpl (GrpcServicesImpl.java:closeImpl(347)) - s1: shutdown server org.apache.ratis.grpc.server.GrpcAdminProtocolService now
2025-09-29 07:14:46,742 [MiniRaftCluster-14] INFO  server.GrpcServicesImpl (GrpcServicesImpl.java:closeImpl(356)) - s1: shutdown server org.apache.ratis.grpc.server.GrpcAdminProtocolService successfully
2025-09-29 07:14:47,693 [s1-impl-thread1] INFO  segmented.SegmentedRaftLogWorker (SegmentedRaftLogWorker.java:close(254)) - s1@group-67C52453B921-SegmentedRaftLogWorker close()
2025-09-29 07:14:47,694 [JvmPauseMonitor7] INFO  util.JvmPauseMonitor (JvmPauseMonitor.java:run(152)) - JvmPauseMonitor-s1: Stopped
2025-09-29 07:14:47,695 [s0-impl-thread1] INFO  segmented.SegmentedRaftLogWorker (SegmentedRaftLogWorker.java:close(254)) - s0@group-67C52453B921-SegmentedRaftLogWorker close()
2025-09-29 07:14:47,696 [JvmPauseMonitor6] INFO  util.JvmPauseMonitor (JvmPauseMonitor.java:run(152)) - JvmPauseMonitor-s0: Stopped
2025-09-29 07:14:47,697 [s2-impl-thread1] INFO  segmented.SegmentedRaftLogWorker (SegmentedRaftLogWorker.java:close(254)) - s2@group-67C52453B921-SegmentedRaftLogWorker close()
2025-09-29 07:14:47,697 [JvmPauseMonitor8] INFO  util.JvmPauseMonitor (JvmPauseMonitor.java:run(152)) - JvmPauseMonitor-s2: Stopped
2025-09-29 07:14:47,697 [main] INFO  impl.MiniRaftCluster (MiniRaftCluster.java:shutdown(848)) - MiniRaftClusterWithGrpc shutdown completed
2025-09-29 07:14:47,698 [main] INFO  impl.MiniRaftCluster (MiniRaftCluster.java:shutdown(824)) - ************************************************************** 
2025-09-29 07:14:47,698 [main] INFO  impl.MiniRaftCluster (MiniRaftCluster.java:shutdown(825)) - *** 
2025-09-29 07:14:47,698 [main] INFO  impl.MiniRaftCluster (MiniRaftCluster.java:shutdown(826)) - ***     Stopping MiniRaftClusterWithGrpc
2025-09-29 07:14:47,698 [main] INFO  impl.MiniRaftCluster (MiniRaftCluster.java:shutdown(827)) - *** 
2025-09-29 07:14:47,698 [main] INFO  impl.MiniRaftCluster (MiniRaftCluster.java:shutdown(828)) - ************************************************************** 
2025-09-29 07:14:47,699 [main] INFO  impl.MiniRaftCluster (MiniRaftCluster.java:shutdown(829)) - printing ALL groups
  s0:   CLOSED  FOLLOWER (CLOSED): s0@group-67C52453B921:t1, leader=s1, voted=s1, raftlog=Memoized:s0@group-67C52453B921-SegmentedRaftLog:CLOSED:c19, conf=conf: {index: 0, cur=peers:[s0|localhost:15024, s1|localhost:15028, s2|localhost:15032]|listeners:[], old=null}
  s1:   CLOSED    LEADER (CLOSED): s1@group-67C52453B921:t1, leader=s1, voted=s1, raftlog=Memoized:s1@group-67C52453B921-SegmentedRaftLog:CLOSED:c20, conf=conf: {index: 0, cur=peers:[s0|localhost:15024, s1|localhost:15028, s2|localhost:15032]|listeners:[], old=null}
  s2:   CLOSED  FOLLOWER (CLOSED): s2@group-67C52453B921:t1, leader=s1, voted=s1, raftlog=Memoized:s2@group-67C52453B921-SegmentedRaftLog:CLOSED:c19, conf=conf: {index: 0, cur=peers:[s0|localhost:15024, s1|localhost:15028, s2|localhost:15032]|listeners:[], old=null}
2025-09-29 07:14:47,700 [main] INFO  impl.MiniRaftCluster (MiniRaftCluster.java:shutdown(848)) - MiniRaftClusterWithGrpc shutdown completed
]]></system-out>
  </testcase>
  <testcase name="testFollowerLeaseReadWhenLeaderDown" classname="org.apache.ratis.grpc.TestReadOnlyRequestWithGrpc" time="1.528">
    <system-out><![CDATA[2025-09-29 07:14:47,701 [main] INFO  util.LogUtils (Slf4jUtils.java:setLogLevel(38)) - Successfully set org.apache.ratis.conf.ConfUtils log level to WARN
2025-09-29 07:14:47,701 [main] INFO  util.LogUtils (Slf4jUtils.java:setLogLevel(38)) - Successfully set org.apache.ratis.util.FileUtils log level to TRACE
2025-09-29 07:14:47,701 [main] INFO  util.LogUtils (Slf4jUtils.java:setLogLevel(38)) - Successfully set org.apache.ratis.server.RaftServer$Division log level to DEBUG
2025-09-29 07:14:47,703 [main] INFO  impl.MiniRaftCluster (MiniRaftCluster.java:runWithNewCluster(136)) - Running runWithNewCluster
2025-09-29 07:14:47,704 [main] INFO  impl.MiniRaftCluster (MiniRaftCluster.java:<init>(296)) - new MiniRaftClusterWithGrpc with group-B3E3AF147792:[s0|localhost:15036, s1|localhost:15040, s2|localhost:15044]
2025-09-29 07:14:47,704 [main] INFO  impl.MiniRaftCluster (MiniRaftCluster.java:start(329)) - .............................................................. 
2025-09-29 07:14:47,704 [main] INFO  impl.MiniRaftCluster (MiniRaftCluster.java:start(330)) - ... 
2025-09-29 07:14:47,705 [main] INFO  impl.MiniRaftCluster (MiniRaftCluster.java:start(331)) - ...     Starting MiniRaftClusterWithGrpc
2025-09-29 07:14:47,705 [main] INFO  impl.MiniRaftCluster (MiniRaftCluster.java:start(332)) - ... 
2025-09-29 07:14:47,705 [main] INFO  impl.MiniRaftCluster (MiniRaftCluster.java:start(333)) - .............................................................. 
2025-09-29 07:14:47,705 [main] INFO  impl.MiniRaftCluster (MiniRaftCluster.java:initServers(308)) - servers = {}
2025-09-29 07:14:47,705 [main] INFO  impl.MiniRaftCluster (MiniRaftCluster.java:newRaftServer(375)) - newRaftServer: s0, group-B3E3AF147792:[s0|localhost:15036, s1|localhost:15040, s2|localhost:15044], format? true
2025-09-29 07:14:47,705 [main] TRACE util.FileUtils (FileUtils.java:deleteFully(355)) - deleteFully target/test/data/6b14e155/MiniRaftClusterWithGrpc537e7c07/s0
2025-09-29 07:14:47,706 [main] TRACE util.FileUtils (FileUtils.java:deleteFully(368)) - deleteFully: target/test/data/6b14e155/MiniRaftClusterWithGrpc537e7c07/s0 does not exist.
2025-09-29 07:14:47,706 [main] INFO  impl.MiniRaftCluster (MiniRaftCluster.java:newRaftServer(380)) - Formatted directory target/test/data/6b14e155/MiniRaftClusterWithGrpc537e7c07/s0
2025-09-29 07:14:47,706 [main] INFO  server.RaftServer (VersionInfo.java:printStartupMessages(132)) - Starting Apache Ratis Test -- RaftServerProxy s0
2025-09-29 07:14:47,707 [main] INFO  server.RaftServer (VersionInfo.java:printStartupMessages(136)) -                version: 3.1.3
2025-09-29 07:14:47,707 [main] INFO  server.RaftServer (VersionInfo.java:printStartupMessages(136)) -                    url: https://github.com/apache/ratis
2025-09-29 07:14:47,707 [main] INFO  server.RaftServer (VersionInfo.java:printStartupMessages(136)) -               revision: d902c593e11de03b157527cf3ee9a12cdd9ad451
2025-09-29 07:14:47,707 [main] INFO  server.RaftServer (VersionInfo.java:printStartupMessages(139)) -                   java: OpenJDK 64-Bit Server VM 1.8.0_462-b08
2025-09-29 07:14:47,708 [main] INFO  server.RaftServer (VersionInfo.java:printStartupMessages(139)) -                   user: runner
2025-09-29 07:14:47,708 [main] INFO  grpc.GrpcConfigKeys (ConfUtils.java:logFallback(69)) - raft.grpc.admin.host = null (fallback to raft.grpc.server.host)
2025-09-29 07:14:47,708 [main] INFO  grpc.GrpcConfigKeys (ConfUtils.java:logGet(62)) - raft.grpc.admin.port = 15037 (custom)
2025-09-29 07:14:47,709 [main] INFO  grpc.GrpcConfigKeys (ConfUtils.java:logFallback(69)) - raft.grpc.client.host = null (fallback to raft.grpc.server.host)
2025-09-29 07:14:47,709 [main] INFO  grpc.GrpcConfigKeys (ConfUtils.java:logGet(62)) - raft.grpc.client.port = 15038 (custom)
2025-09-29 07:14:47,709 [main] INFO  grpc.GrpcConfigKeys (ConfUtils.java:logGet(62)) - raft.grpc.server.port = 15036 (custom)
2025-09-29 07:14:47,711 [main] INFO  server.RaftServerConfigKeys (ConfUtils.java:logGet(62)) - raft.server.storage.dir = [/home/runner/work/ratis/ratis/ratis-test/target/test/data/6b14e155/MiniRaftClusterWithGrpc537e7c07/s0] (custom)
2025-09-29 07:14:47,712 [main] INFO  server.RaftServer (RaftServerProxy.java:addNew(106)) - s0: addNew group-B3E3AF147792:[s0|localhost:15036, s1|localhost:15040, s2|localhost:15044] returns group-B3E3AF147792:java.util.concurrent.CompletableFuture@4eec5fa6[Not completed]
2025-09-29 07:14:47,712 [s0-groupManagement] INFO  server.RaftServer$Division (RaftServerImpl.java:<init>(268)) - s0: new RaftServerImpl for group-B3E3AF147792:[s0|localhost:15036, s1|localhost:15040, s2|localhost:15044] with CounterStateMachine-10:uninitialized
2025-09-29 07:14:47,712 [main] INFO  impl.MiniRaftCluster (MiniRaftCluster.java:newRaftServer(375)) - newRaftServer: s1, group-B3E3AF147792:[s0|localhost:15036, s1|localhost:15040, s2|localhost:15044], format? true
2025-09-29 07:14:47,713 [main] TRACE util.FileUtils (FileUtils.java:deleteFully(355)) - deleteFully target/test/data/6b14e155/MiniRaftClusterWithGrpc537e7c07/s1
2025-09-29 07:14:47,713 [s0-groupManagement] INFO  server.RaftServer$Division (ServerState.java:<init>(114)) - s0@group-B3E3AF147792: ConfigurationManager, init=conf: {index: -1, cur=peers:[s0|localhost:15036, s1|localhost:15040, s2|localhost:15044]|listeners:[], old=null}, confs=<EMPTY_MAP>
2025-09-29 07:14:47,713 [main] TRACE util.FileUtils (FileUtils.java:deleteFully(368)) - deleteFully: target/test/data/6b14e155/MiniRaftClusterWithGrpc537e7c07/s1 does not exist.
2025-09-29 07:14:47,713 [main] INFO  impl.MiniRaftCluster (MiniRaftCluster.java:newRaftServer(380)) - Formatted directory target/test/data/6b14e155/MiniRaftClusterWithGrpc537e7c07/s1
2025-09-29 07:14:47,714 [main] INFO  server.RaftServer (VersionInfo.java:printStartupMessages(132)) - Starting Apache Ratis Test -- RaftServerProxy s1
2025-09-29 07:14:47,714 [main] INFO  server.RaftServer (VersionInfo.java:printStartupMessages(136)) -                version: 3.1.3
2025-09-29 07:14:47,714 [main] INFO  server.RaftServer (VersionInfo.java:printStartupMessages(136)) -                    url: https://github.com/apache/ratis
2025-09-29 07:14:47,714 [main] INFO  server.RaftServer (VersionInfo.java:printStartupMessages(136)) -               revision: d902c593e11de03b157527cf3ee9a12cdd9ad451
2025-09-29 07:14:47,715 [main] INFO  server.RaftServer (VersionInfo.java:printStartupMessages(139)) -                   java: OpenJDK 64-Bit Server VM 1.8.0_462-b08
2025-09-29 07:14:47,715 [main] INFO  server.RaftServer (VersionInfo.java:printStartupMessages(139)) -                   user: runner
2025-09-29 07:14:47,715 [main] INFO  grpc.GrpcConfigKeys (ConfUtils.java:logFallback(69)) - raft.grpc.admin.host = null (fallback to raft.grpc.server.host)
2025-09-29 07:14:47,715 [main] INFO  grpc.GrpcConfigKeys (ConfUtils.java:logGet(62)) - raft.grpc.admin.port = 15041 (custom)
2025-09-29 07:14:47,716 [main] INFO  grpc.GrpcConfigKeys (ConfUtils.java:logFallback(69)) - raft.grpc.client.host = null (fallback to raft.grpc.server.host)
2025-09-29 07:14:47,716 [main] INFO  grpc.GrpcConfigKeys (ConfUtils.java:logGet(62)) - raft.grpc.client.port = 15042 (custom)
2025-09-29 07:14:47,716 [main] INFO  grpc.GrpcConfigKeys (ConfUtils.java:logGet(62)) - raft.grpc.server.port = 15040 (custom)
2025-09-29 07:14:47,718 [main] INFO  server.RaftServerConfigKeys (ConfUtils.java:logGet(62)) - raft.server.storage.dir = [/home/runner/work/ratis/ratis/ratis-test/target/test/data/6b14e155/MiniRaftClusterWithGrpc537e7c07/s1] (custom)
2025-09-29 07:14:47,719 [main] INFO  server.RaftServer (RaftServerProxy.java:addNew(106)) - s1: addNew group-B3E3AF147792:[s0|localhost:15036, s1|localhost:15040, s2|localhost:15044] returns group-B3E3AF147792:java.util.concurrent.CompletableFuture@5870fc05[Not completed]
2025-09-29 07:14:47,719 [s1-groupManagement] INFO  server.RaftServer$Division (RaftServerImpl.java:<init>(268)) - s1: new RaftServerImpl for group-B3E3AF147792:[s0|localhost:15036, s1|localhost:15040, s2|localhost:15044] with CounterStateMachine-11:uninitialized
2025-09-29 07:14:47,719 [main] INFO  impl.MiniRaftCluster (MiniRaftCluster.java:newRaftServer(375)) - newRaftServer: s2, group-B3E3AF147792:[s0|localhost:15036, s1|localhost:15040, s2|localhost:15044], format? true
2025-09-29 07:14:47,719 [main] TRACE util.FileUtils (FileUtils.java:deleteFully(355)) - deleteFully target/test/data/6b14e155/MiniRaftClusterWithGrpc537e7c07/s2
2025-09-29 07:14:47,719 [s1-groupManagement] INFO  server.RaftServer$Division (ServerState.java:<init>(114)) - s1@group-B3E3AF147792: ConfigurationManager, init=conf: {index: -1, cur=peers:[s0|localhost:15036, s1|localhost:15040, s2|localhost:15044]|listeners:[], old=null}, confs=<EMPTY_MAP>
2025-09-29 07:14:47,719 [main] TRACE util.FileUtils (FileUtils.java:deleteFully(368)) - deleteFully: target/test/data/6b14e155/MiniRaftClusterWithGrpc537e7c07/s2 does not exist.
2025-09-29 07:14:47,720 [main] INFO  impl.MiniRaftCluster (MiniRaftCluster.java:newRaftServer(380)) - Formatted directory target/test/data/6b14e155/MiniRaftClusterWithGrpc537e7c07/s2
2025-09-29 07:14:47,720 [main] INFO  server.RaftServer (VersionInfo.java:printStartupMessages(132)) - Starting Apache Ratis Test -- RaftServerProxy s2
2025-09-29 07:14:47,720 [main] INFO  server.RaftServer (VersionInfo.java:printStartupMessages(136)) -                version: 3.1.3
2025-09-29 07:14:47,720 [main] INFO  server.RaftServer (VersionInfo.java:printStartupMessages(136)) -                    url: https://github.com/apache/ratis
2025-09-29 07:14:47,720 [main] INFO  server.RaftServer (VersionInfo.java:printStartupMessages(136)) -               revision: d902c593e11de03b157527cf3ee9a12cdd9ad451
2025-09-29 07:14:47,721 [main] INFO  server.RaftServer (VersionInfo.java:printStartupMessages(139)) -                   java: OpenJDK 64-Bit Server VM 1.8.0_462-b08
2025-09-29 07:14:47,721 [main] INFO  server.RaftServer (VersionInfo.java:printStartupMessages(139)) -                   user: runner
2025-09-29 07:14:47,721 [main] INFO  grpc.GrpcConfigKeys (ConfUtils.java:logFallback(69)) - raft.grpc.admin.host = null (fallback to raft.grpc.server.host)
2025-09-29 07:14:47,721 [main] INFO  grpc.GrpcConfigKeys (ConfUtils.java:logGet(62)) - raft.grpc.admin.port = 15045 (custom)
2025-09-29 07:14:47,722 [main] INFO  grpc.GrpcConfigKeys (ConfUtils.java:logFallback(69)) - raft.grpc.client.host = null (fallback to raft.grpc.server.host)
2025-09-29 07:14:47,722 [main] INFO  grpc.GrpcConfigKeys (ConfUtils.java:logGet(62)) - raft.grpc.client.port = 15046 (custom)
2025-09-29 07:14:47,722 [main] INFO  grpc.GrpcConfigKeys (ConfUtils.java:logGet(62)) - raft.grpc.server.port = 15044 (custom)
2025-09-29 07:14:47,724 [main] INFO  server.RaftServerConfigKeys (ConfUtils.java:logGet(62)) - raft.server.storage.dir = [/home/runner/work/ratis/ratis/ratis-test/target/test/data/6b14e155/MiniRaftClusterWithGrpc537e7c07/s2] (custom)
2025-09-29 07:14:47,724 [main] INFO  server.RaftServer (RaftServerProxy.java:addNew(106)) - s2: addNew group-B3E3AF147792:[s0|localhost:15036, s1|localhost:15040, s2|localhost:15044] returns group-B3E3AF147792:java.util.concurrent.CompletableFuture@3945886e[Not completed]
2025-09-29 07:14:47,724 [s2-groupManagement] INFO  server.RaftServer$Division (RaftServerImpl.java:<init>(268)) - s2: new RaftServerImpl for group-B3E3AF147792:[s0|localhost:15036, s1|localhost:15040, s2|localhost:15044] with CounterStateMachine-12:uninitialized
2025-09-29 07:14:47,724 [s2-groupManagement] INFO  server.RaftServer$Division (ServerState.java:<init>(114)) - s2@group-B3E3AF147792: ConfigurationManager, init=conf: {index: -1, cur=peers:[s0|localhost:15036, s1|localhost:15040, s2|localhost:15044]|listeners:[], old=null}, confs=<EMPTY_MAP>
2025-09-29 07:14:47,724 [s0-impl-thread1] INFO  server.RaftServerConfigKeys (ConfUtils.java:logGet(62)) - raft.server.storage.dir = [/home/runner/work/ratis/ratis/ratis-test/target/test/data/6b14e155/MiniRaftClusterWithGrpc537e7c07/s0] (custom)
2025-09-29 07:14:47,725 [s0-impl-thread1] INFO  storage.RaftStorageDirectory (RaftStorageDirectoryImpl.java:analyzeStorage(138)) - The storage directory /home/runner/work/ratis/ratis/ratis-test/target/test/data/6b14e155/MiniRaftClusterWithGrpc537e7c07/s0/2b09430c-6232-4475-9635-b3e3af147792 does not exist. Creating ...
2025-09-29 07:14:47,725 [s0-impl-thread1] TRACE util.FileUtils (LogUtils.java:runAndLog(49)) - Successfully ran Files.createDirectories /home/runner/work/ratis/ratis/ratis-test/target/test/data/6b14e155/MiniRaftClusterWithGrpc537e7c07/s0/2b09430c-6232-4475-9635-b3e3af147792
2025-09-29 07:14:47,726 [s0-impl-thread1] INFO  storage.RaftStorageDirectory (RaftStorageDirectoryImpl.java:tryLock(229)) - Lock on /home/runner/work/ratis/ratis/ratis-test/target/test/data/6b14e155/MiniRaftClusterWithGrpc537e7c07/s0/2b09430c-6232-4475-9635-b3e3af147792/in_use.lock acquired by nodename 24167@runnervm3ublj
2025-09-29 07:14:47,726 [s0-impl-thread1] TRACE util.FileUtils (LogUtils.java:runAndLog(49)) - Successfully ran Files.createDirectories /home/runner/work/ratis/ratis/ratis-test/target/test/data/6b14e155/MiniRaftClusterWithGrpc537e7c07/s0/2b09430c-6232-4475-9635-b3e3af147792/current
2025-09-29 07:14:47,726 [s0-impl-thread1] TRACE util.FileUtils (LogUtils.java:runAndLog(49)) - Successfully ran Files.createDirectories /home/runner/work/ratis/ratis/ratis-test/target/test/data/6b14e155/MiniRaftClusterWithGrpc537e7c07/s0/2b09430c-6232-4475-9635-b3e3af147792/sm
2025-09-29 07:14:47,726 [s0-impl-thread1] TRACE util.FileUtils (LogUtils.java:supplyAndLog(69)) - Successfully supplied FileChannel.open /home/runner/work/ratis/ratis/ratis-test/target/test/data/6b14e155/MiniRaftClusterWithGrpc537e7c07/s0/2b09430c-6232-4475-9635-b3e3af147792/current/raft-meta.tmp with options [CREATE, TRUNCATE_EXISTING, WRITE]: sun.nio.ch.FileChannelImpl@4c013382
2025-09-29 07:14:47,727 [s0-impl-thread1] TRACE util.FileUtils (LogUtils.java:runAndLog(49)) - Successfully ran Atomic Files.move /home/runner/work/ratis/ratis/ratis-test/target/test/data/6b14e155/MiniRaftClusterWithGrpc537e7c07/s0/2b09430c-6232-4475-9635-b3e3af147792/current/raft-meta.tmp to /home/runner/work/ratis/ratis/ratis-test/target/test/data/6b14e155/MiniRaftClusterWithGrpc537e7c07/s0/2b09430c-6232-4475-9635-b3e3af147792/current/raft-meta with options [REPLACE_EXISTING]
2025-09-29 07:14:47,727 [s0-impl-thread1] INFO  storage.RaftStorage (RaftStorageImpl.java:format(98)) - Storage directory /home/runner/work/ratis/ratis/ratis-test/target/test/data/6b14e155/MiniRaftClusterWithGrpc537e7c07/s0/2b09430c-6232-4475-9635-b3e3af147792 has been successfully formatted.
2025-09-29 07:14:47,727 [s0-impl-thread1] INFO  server.RaftServer$Division (ServerState.java:getSnapshotIndexFromStateMachine(154)) - s0@group-B3E3AF147792: getLatestSnapshot(CounterStateMachine-10:s0:group-B3E3AF147792) returns null
2025-09-29 07:14:47,727 [s0-impl-thread1] INFO  raftlog.RaftLog (RaftLogBase.java:<init>(90)) - s0@group-B3E3AF147792-SegmentedRaftLog: snapshotIndexFromStateMachine = -1
2025-09-29 07:14:47,728 [s0-impl-thread1] INFO  util.AwaitToRun (AwaitToRun.java:start(81)) - Thread[s0@group-B3E3AF147792-cacheEviction-AwaitToRun,5,main] started
2025-09-29 07:14:47,728 [s0-impl-thread1] INFO  segmented.SegmentedRaftLogWorker (SegmentedRaftLogWorker.java:<init>(190)) - new s0@group-B3E3AF147792-SegmentedRaftLogWorker for RaftStorageImpl:Storage Directory /home/runner/work/ratis/ratis/ratis-test/target/test/data/6b14e155/MiniRaftClusterWithGrpc537e7c07/s0/2b09430c-6232-4475-9635-b3e3af147792
2025-09-29 07:14:47,731 [s0-impl-thread1] INFO  segmented.SegmentedRaftLogWorker (SegmentedRaftLogWorker.java:lambda$new$0(141)) - s0@group-B3E3AF147792-SegmentedRaftLogWorker: flushIndex: setUnconditionally 0 -> -1
2025-09-29 07:14:47,731 [s0-impl-thread1] INFO  segmented.SegmentedRaftLogWorker (SegmentedRaftLogWorker.java:lambda$new$0(141)) - s0@group-B3E3AF147792-SegmentedRaftLogWorker: safeCacheEvictIndex: setUnconditionally 0 -> -1
2025-09-29 07:14:47,731 [s0-impl-thread1] INFO  server.RaftServer$Division (RaftServerImpl.java:start(405)) - s0@group-B3E3AF147792: start as a follower, conf=conf: {index: -1, cur=peers:[s0|localhost:15036, s1|localhost:15040, s2|localhost:15044]|listeners:[], old=null}
2025-09-29 07:14:47,731 [s0-impl-thread1] INFO  server.RaftServer$Division (RaftServerImpl.java:setRole(392)) - s0@group-B3E3AF147792: changes role from      null to FOLLOWER at term 0 for startAsFollower
2025-09-29 07:14:47,731 [s0-impl-thread1] INFO  impl.RoleInfo (RoleInfo.java:updateAndGet(148)) - s0: start s0@group-B3E3AF147792-FollowerState
2025-09-29 07:14:47,732 [s0@group-B3E3AF147792-FollowerState] INFO  server.RaftServerConfigKeys (ConfUtils.java:logFallback(69)) - raft.server.rpc.first-election.timeout.min = 150ms (fallback to raft.server.rpc.timeout.min)
2025-09-29 07:14:47,732 [s0-impl-thread1] INFO  util.JmxRegister (JmxRegister.java:tryRegister(44)) - Successfully registered JMX Bean with object name Ratis:service=RaftServer,group=group-B3E3AF147792,id=s0
2025-09-29 07:14:47,732 [s0-impl-thread1] INFO  util.JmxRegister (JmxRegister.java:register(58)) - register mxBean class org.apache.ratis.server.impl.RaftServerJmxAdapter as Ratis:service=RaftServer,group=group-B3E3AF147792,id=s0
2025-09-29 07:14:47,732 [s0@group-B3E3AF147792-FollowerState] INFO  server.RaftServerConfigKeys (ConfUtils.java:logFallback(69)) - raft.server.rpc.first-election.timeout.max = 300ms (fallback to raft.server.rpc.timeout.max)
2025-09-29 07:14:47,732 [s0-impl-thread1] INFO  server.RaftServer$Division (RaftServerImpl.java:start(419)) - s0@group-B3E3AF147792: Successfully started.
2025-09-29 07:14:47,732 [main] INFO  server.RaftServer (RaftServerProxy.java:startImpl(415)) - s0: start RPC server
2025-09-29 07:14:47,733 [main] INFO  server.GrpcServicesImpl (GrpcServicesImpl.java:startImpl(338)) - s0: GrpcServicesImpl started, listening on 15038
2025-09-29 07:14:47,735 [main] INFO  server.GrpcServicesImpl (GrpcServicesImpl.java:startImpl(338)) - s0: GrpcServicesImpl started, listening on 15036
2025-09-29 07:14:47,735 [main] INFO  server.GrpcServicesImpl (GrpcServicesImpl.java:startImpl(338)) - s0: GrpcServicesImpl started, listening on 15037
2025-09-29 07:14:47,735 [JvmPauseMonitor9] INFO  util.JvmPauseMonitor (JvmPauseMonitor.java:run(146)) - JvmPauseMonitor-s0: Started
2025-09-29 07:14:47,736 [s1-impl-thread1] INFO  server.RaftServerConfigKeys (ConfUtils.java:logGet(62)) - raft.server.storage.dir = [/home/runner/work/ratis/ratis/ratis-test/target/test/data/6b14e155/MiniRaftClusterWithGrpc537e7c07/s1] (custom)
2025-09-29 07:14:47,736 [s1-impl-thread1] INFO  storage.RaftStorageDirectory (RaftStorageDirectoryImpl.java:analyzeStorage(138)) - The storage directory /home/runner/work/ratis/ratis/ratis-test/target/test/data/6b14e155/MiniRaftClusterWithGrpc537e7c07/s1/2b09430c-6232-4475-9635-b3e3af147792 does not exist. Creating ...
2025-09-29 07:14:47,736 [s1-impl-thread1] TRACE util.FileUtils (LogUtils.java:runAndLog(49)) - Successfully ran Files.createDirectories /home/runner/work/ratis/ratis/ratis-test/target/test/data/6b14e155/MiniRaftClusterWithGrpc537e7c07/s1/2b09430c-6232-4475-9635-b3e3af147792
2025-09-29 07:14:47,737 [s1-impl-thread1] INFO  storage.RaftStorageDirectory (RaftStorageDirectoryImpl.java:tryLock(229)) - Lock on /home/runner/work/ratis/ratis/ratis-test/target/test/data/6b14e155/MiniRaftClusterWithGrpc537e7c07/s1/2b09430c-6232-4475-9635-b3e3af147792/in_use.lock acquired by nodename 24167@runnervm3ublj
2025-09-29 07:14:47,737 [s1-impl-thread1] TRACE util.FileUtils (LogUtils.java:runAndLog(49)) - Successfully ran Files.createDirectories /home/runner/work/ratis/ratis/ratis-test/target/test/data/6b14e155/MiniRaftClusterWithGrpc537e7c07/s1/2b09430c-6232-4475-9635-b3e3af147792/current
2025-09-29 07:14:47,737 [s1-impl-thread1] TRACE util.FileUtils (LogUtils.java:runAndLog(49)) - Successfully ran Files.createDirectories /home/runner/work/ratis/ratis/ratis-test/target/test/data/6b14e155/MiniRaftClusterWithGrpc537e7c07/s1/2b09430c-6232-4475-9635-b3e3af147792/sm
2025-09-29 07:14:47,738 [s1-impl-thread1] TRACE util.FileUtils (LogUtils.java:supplyAndLog(69)) - Successfully supplied FileChannel.open /home/runner/work/ratis/ratis/ratis-test/target/test/data/6b14e155/MiniRaftClusterWithGrpc537e7c07/s1/2b09430c-6232-4475-9635-b3e3af147792/current/raft-meta.tmp with options [CREATE, TRUNCATE_EXISTING, WRITE]: sun.nio.ch.FileChannelImpl@6a2118e6
2025-09-29 07:14:47,738 [s1-impl-thread1] TRACE util.FileUtils (LogUtils.java:runAndLog(49)) - Successfully ran Atomic Files.move /home/runner/work/ratis/ratis/ratis-test/target/test/data/6b14e155/MiniRaftClusterWithGrpc537e7c07/s1/2b09430c-6232-4475-9635-b3e3af147792/current/raft-meta.tmp to /home/runner/work/ratis/ratis/ratis-test/target/test/data/6b14e155/MiniRaftClusterWithGrpc537e7c07/s1/2b09430c-6232-4475-9635-b3e3af147792/current/raft-meta with options [REPLACE_EXISTING]
2025-09-29 07:14:47,738 [s1-impl-thread1] INFO  storage.RaftStorage (RaftStorageImpl.java:format(98)) - Storage directory /home/runner/work/ratis/ratis/ratis-test/target/test/data/6b14e155/MiniRaftClusterWithGrpc537e7c07/s1/2b09430c-6232-4475-9635-b3e3af147792 has been successfully formatted.
2025-09-29 07:14:47,738 [s1-impl-thread1] INFO  server.RaftServer$Division (ServerState.java:getSnapshotIndexFromStateMachine(154)) - s1@group-B3E3AF147792: getLatestSnapshot(CounterStateMachine-11:s1:group-B3E3AF147792) returns null
2025-09-29 07:14:47,739 [s1-impl-thread1] INFO  raftlog.RaftLog (RaftLogBase.java:<init>(90)) - s1@group-B3E3AF147792-SegmentedRaftLog: snapshotIndexFromStateMachine = -1
2025-09-29 07:14:47,739 [s1-impl-thread1] INFO  util.AwaitToRun (AwaitToRun.java:start(81)) - Thread[s1@group-B3E3AF147792-cacheEviction-AwaitToRun,5,main] started
2025-09-29 07:14:47,739 [s1-impl-thread1] INFO  segmented.SegmentedRaftLogWorker (SegmentedRaftLogWorker.java:<init>(190)) - new s1@group-B3E3AF147792-SegmentedRaftLogWorker for RaftStorageImpl:Storage Directory /home/runner/work/ratis/ratis/ratis-test/target/test/data/6b14e155/MiniRaftClusterWithGrpc537e7c07/s1/2b09430c-6232-4475-9635-b3e3af147792
2025-09-29 07:14:47,742 [s1-impl-thread1] INFO  segmented.SegmentedRaftLogWorker (SegmentedRaftLogWorker.java:lambda$new$0(141)) - s1@group-B3E3AF147792-SegmentedRaftLogWorker: flushIndex: setUnconditionally 0 -> -1
2025-09-29 07:14:47,742 [s1-impl-thread1] INFO  segmented.SegmentedRaftLogWorker (SegmentedRaftLogWorker.java:lambda$new$0(141)) - s1@group-B3E3AF147792-SegmentedRaftLogWorker: safeCacheEvictIndex: setUnconditionally 0 -> -1
2025-09-29 07:14:47,742 [s1-impl-thread1] INFO  server.RaftServer$Division (RaftServerImpl.java:start(405)) - s1@group-B3E3AF147792: start as a follower, conf=conf: {index: -1, cur=peers:[s0|localhost:15036, s1|localhost:15040, s2|localhost:15044]|listeners:[], old=null}
2025-09-29 07:14:47,742 [s1-impl-thread1] INFO  server.RaftServer$Division (RaftServerImpl.java:setRole(392)) - s1@group-B3E3AF147792: changes role from      null to FOLLOWER at term 0 for startAsFollower
2025-09-29 07:14:47,742 [s1-impl-thread1] INFO  impl.RoleInfo (RoleInfo.java:updateAndGet(148)) - s1: start s1@group-B3E3AF147792-FollowerState
2025-09-29 07:14:47,743 [s1-impl-thread1] INFO  util.JmxRegister (JmxRegister.java:tryRegister(44)) - Successfully registered JMX Bean with object name Ratis:service=RaftServer,group=group-B3E3AF147792,id=s1
2025-09-29 07:14:47,743 [s1-impl-thread1] INFO  util.JmxRegister (JmxRegister.java:register(58)) - register mxBean class org.apache.ratis.server.impl.RaftServerJmxAdapter as Ratis:service=RaftServer,group=group-B3E3AF147792,id=s1
2025-09-29 07:14:47,743 [s1@group-B3E3AF147792-FollowerState] INFO  server.RaftServerConfigKeys (ConfUtils.java:logFallback(69)) - raft.server.rpc.first-election.timeout.min = 150ms (fallback to raft.server.rpc.timeout.min)
2025-09-29 07:14:47,743 [s1@group-B3E3AF147792-FollowerState] INFO  server.RaftServerConfigKeys (ConfUtils.java:logFallback(69)) - raft.server.rpc.first-election.timeout.max = 300ms (fallback to raft.server.rpc.timeout.max)
2025-09-29 07:14:47,743 [s1-impl-thread1] INFO  server.RaftServer$Division (RaftServerImpl.java:start(419)) - s1@group-B3E3AF147792: Successfully started.
2025-09-29 07:14:47,743 [main] INFO  server.RaftServer (RaftServerProxy.java:startImpl(415)) - s1: start RPC server
2025-09-29 07:14:47,744 [main] INFO  server.GrpcServicesImpl (GrpcServicesImpl.java:startImpl(338)) - s1: GrpcServicesImpl started, listening on 15042
2025-09-29 07:14:47,745 [main] INFO  server.GrpcServicesImpl (GrpcServicesImpl.java:startImpl(338)) - s1: GrpcServicesImpl started, listening on 15040
2025-09-29 07:14:47,746 [main] INFO  server.GrpcServicesImpl (GrpcServicesImpl.java:startImpl(338)) - s1: GrpcServicesImpl started, listening on 15041
2025-09-29 07:14:47,746 [JvmPauseMonitor10] INFO  util.JvmPauseMonitor (JvmPauseMonitor.java:run(146)) - JvmPauseMonitor-s1: Started
2025-09-29 07:14:47,748 [s2-impl-thread1] INFO  server.RaftServerConfigKeys (ConfUtils.java:logGet(62)) - raft.server.storage.dir = [/home/runner/work/ratis/ratis/ratis-test/target/test/data/6b14e155/MiniRaftClusterWithGrpc537e7c07/s2] (custom)
2025-09-29 07:14:47,748 [s2-impl-thread1] INFO  storage.RaftStorageDirectory (RaftStorageDirectoryImpl.java:analyzeStorage(138)) - The storage directory /home/runner/work/ratis/ratis/ratis-test/target/test/data/6b14e155/MiniRaftClusterWithGrpc537e7c07/s2/2b09430c-6232-4475-9635-b3e3af147792 does not exist. Creating ...
2025-09-29 07:14:47,749 [s2-impl-thread1] TRACE util.FileUtils (LogUtils.java:runAndLog(49)) - Successfully ran Files.createDirectories /home/runner/work/ratis/ratis/ratis-test/target/test/data/6b14e155/MiniRaftClusterWithGrpc537e7c07/s2/2b09430c-6232-4475-9635-b3e3af147792
2025-09-29 07:14:47,749 [s2-impl-thread1] INFO  storage.RaftStorageDirectory (RaftStorageDirectoryImpl.java:tryLock(229)) - Lock on /home/runner/work/ratis/ratis/ratis-test/target/test/data/6b14e155/MiniRaftClusterWithGrpc537e7c07/s2/2b09430c-6232-4475-9635-b3e3af147792/in_use.lock acquired by nodename 24167@runnervm3ublj
2025-09-29 07:14:47,749 [s2-impl-thread1] TRACE util.FileUtils (LogUtils.java:runAndLog(49)) - Successfully ran Files.createDirectories /home/runner/work/ratis/ratis/ratis-test/target/test/data/6b14e155/MiniRaftClusterWithGrpc537e7c07/s2/2b09430c-6232-4475-9635-b3e3af147792/current
2025-09-29 07:14:47,750 [s2-impl-thread1] TRACE util.FileUtils (LogUtils.java:runAndLog(49)) - Successfully ran Files.createDirectories /home/runner/work/ratis/ratis/ratis-test/target/test/data/6b14e155/MiniRaftClusterWithGrpc537e7c07/s2/2b09430c-6232-4475-9635-b3e3af147792/sm
2025-09-29 07:14:47,750 [s2-impl-thread1] TRACE util.FileUtils (LogUtils.java:supplyAndLog(69)) - Successfully supplied FileChannel.open /home/runner/work/ratis/ratis/ratis-test/target/test/data/6b14e155/MiniRaftClusterWithGrpc537e7c07/s2/2b09430c-6232-4475-9635-b3e3af147792/current/raft-meta.tmp with options [CREATE, TRUNCATE_EXISTING, WRITE]: sun.nio.ch.FileChannelImpl@35d6a882
2025-09-29 07:14:47,751 [s2-impl-thread1] TRACE util.FileUtils (LogUtils.java:runAndLog(49)) - Successfully ran Atomic Files.move /home/runner/work/ratis/ratis/ratis-test/target/test/data/6b14e155/MiniRaftClusterWithGrpc537e7c07/s2/2b09430c-6232-4475-9635-b3e3af147792/current/raft-meta.tmp to /home/runner/work/ratis/ratis/ratis-test/target/test/data/6b14e155/MiniRaftClusterWithGrpc537e7c07/s2/2b09430c-6232-4475-9635-b3e3af147792/current/raft-meta with options [REPLACE_EXISTING]
2025-09-29 07:14:47,751 [s2-impl-thread1] INFO  storage.RaftStorage (RaftStorageImpl.java:format(98)) - Storage directory /home/runner/work/ratis/ratis/ratis-test/target/test/data/6b14e155/MiniRaftClusterWithGrpc537e7c07/s2/2b09430c-6232-4475-9635-b3e3af147792 has been successfully formatted.
2025-09-29 07:14:47,751 [s2-impl-thread1] INFO  server.RaftServer$Division (ServerState.java:getSnapshotIndexFromStateMachine(154)) - s2@group-B3E3AF147792: getLatestSnapshot(CounterStateMachine-12:s2:group-B3E3AF147792) returns null
2025-09-29 07:14:47,751 [s2-impl-thread1] INFO  raftlog.RaftLog (RaftLogBase.java:<init>(90)) - s2@group-B3E3AF147792-SegmentedRaftLog: snapshotIndexFromStateMachine = -1
2025-09-29 07:14:47,752 [s2-impl-thread1] INFO  util.AwaitToRun (AwaitToRun.java:start(81)) - Thread[s2@group-B3E3AF147792-cacheEviction-AwaitToRun,5,main] started
2025-09-29 07:14:47,752 [s2-impl-thread1] INFO  segmented.SegmentedRaftLogWorker (SegmentedRaftLogWorker.java:<init>(190)) - new s2@group-B3E3AF147792-SegmentedRaftLogWorker for RaftStorageImpl:Storage Directory /home/runner/work/ratis/ratis/ratis-test/target/test/data/6b14e155/MiniRaftClusterWithGrpc537e7c07/s2/2b09430c-6232-4475-9635-b3e3af147792
2025-09-29 07:14:47,754 [s2-impl-thread1] INFO  segmented.SegmentedRaftLogWorker (SegmentedRaftLogWorker.java:lambda$new$0(141)) - s2@group-B3E3AF147792-SegmentedRaftLogWorker: flushIndex: setUnconditionally 0 -> -1
2025-09-29 07:14:47,754 [s2-impl-thread1] INFO  segmented.SegmentedRaftLogWorker (SegmentedRaftLogWorker.java:lambda$new$0(141)) - s2@group-B3E3AF147792-SegmentedRaftLogWorker: safeCacheEvictIndex: setUnconditionally 0 -> -1
2025-09-29 07:14:47,755 [s2-impl-thread1] INFO  server.RaftServer$Division (RaftServerImpl.java:start(405)) - s2@group-B3E3AF147792: start as a follower, conf=conf: {index: -1, cur=peers:[s0|localhost:15036, s1|localhost:15040, s2|localhost:15044]|listeners:[], old=null}
2025-09-29 07:14:47,755 [s2-impl-thread1] INFO  server.RaftServer$Division (RaftServerImpl.java:setRole(392)) - s2@group-B3E3AF147792: changes role from      null to FOLLOWER at term 0 for startAsFollower
2025-09-29 07:14:47,755 [s2-impl-thread1] INFO  impl.RoleInfo (RoleInfo.java:updateAndGet(148)) - s2: start s2@group-B3E3AF147792-FollowerState
2025-09-29 07:14:47,755 [s2@group-B3E3AF147792-FollowerState] INFO  server.RaftServerConfigKeys (ConfUtils.java:logFallback(69)) - raft.server.rpc.first-election.timeout.min = 150ms (fallback to raft.server.rpc.timeout.min)
2025-09-29 07:14:47,755 [s2@group-B3E3AF147792-FollowerState] INFO  server.RaftServerConfigKeys (ConfUtils.java:logFallback(69)) - raft.server.rpc.first-election.timeout.max = 300ms (fallback to raft.server.rpc.timeout.max)
2025-09-29 07:14:47,755 [s2-impl-thread1] INFO  util.JmxRegister (JmxRegister.java:tryRegister(44)) - Successfully registered JMX Bean with object name Ratis:service=RaftServer,group=group-B3E3AF147792,id=s2
2025-09-29 07:14:47,755 [s2-impl-thread1] INFO  util.JmxRegister (JmxRegister.java:register(58)) - register mxBean class org.apache.ratis.server.impl.RaftServerJmxAdapter as Ratis:service=RaftServer,group=group-B3E3AF147792,id=s2
2025-09-29 07:14:47,756 [s2-impl-thread1] INFO  server.RaftServer$Division (RaftServerImpl.java:start(419)) - s2@group-B3E3AF147792: Successfully started.
2025-09-29 07:14:47,756 [main] INFO  server.RaftServer (RaftServerProxy.java:startImpl(415)) - s2: start RPC server
2025-09-29 07:14:47,757 [main] INFO  server.GrpcServicesImpl (GrpcServicesImpl.java:startImpl(338)) - s2: GrpcServicesImpl started, listening on 15046
2025-09-29 07:14:47,757 [main] INFO  server.GrpcServicesImpl (GrpcServicesImpl.java:startImpl(338)) - s2: GrpcServicesImpl started, listening on 15044
2025-09-29 07:14:47,758 [main] INFO  server.GrpcServicesImpl (GrpcServicesImpl.java:startImpl(338)) - s2: GrpcServicesImpl started, listening on 15045
2025-09-29 07:14:47,758 [JvmPauseMonitor11] INFO  util.JvmPauseMonitor (JvmPauseMonitor.java:run(146)) - JvmPauseMonitor-s2: Started
2025-09-29 07:14:47,759 [main] INFO  ratis.RaftTestUtil (RaftTestUtil.java:waitForLeader(107)) - printing ALL groups
  s0:  RUNNING  FOLLOWER (RUNNING): s0@group-B3E3AF147792:t0, leader=null, voted=, raftlog=Memoized:s0@group-B3E3AF147792-SegmentedRaftLog:OPENED:c-1:lastnull, conf=conf: {index: -1, cur=peers:[s0|localhost:15036, s1|localhost:15040, s2|localhost:15044]|listeners:[], old=null}
  s1:  RUNNING  FOLLOWER (RUNNING): s1@group-B3E3AF147792:t0, leader=null, voted=, raftlog=Memoized:s1@group-B3E3AF147792-SegmentedRaftLog:OPENED:c-1:lastnull, conf=conf: {index: -1, cur=peers:[s0|localhost:15036, s1|localhost:15040, s2|localhost:15044]|listeners:[], old=null}
  s2:  RUNNING  FOLLOWER (RUNNING): s2@group-B3E3AF147792:t0, leader=null, voted=, raftlog=Memoized:s2@group-B3E3AF147792-SegmentedRaftLog:OPENED:c-1:lastnull, conf=conf: {index: -1, cur=peers:[s0|localhost:15036, s1|localhost:15040, s2|localhost:15044]|listeners:[], old=null}
2025-09-29 07:14:47,759 [main] WARN  ratis.RaftTestUtil (RaftTestUtil.java:lambda$waitForLeader$3(126)) - Attempt #1 failed: java.lang.IllegalStateException: No leader yet : printing ALL groups
  s0:  RUNNING  FOLLOWER (RUNNING): s0@group-B3E3AF147792:t0, leader=null, voted=, raftlog=Memoized:s0@group-B3E3AF147792-SegmentedRaftLog:OPENED:c-1:lastnull, conf=conf: {index: -1, cur=peers:[s0|localhost:15036, s1|localhost:15040, s2|localhost:15044]|listeners:[], old=null}
  s1:  RUNNING  FOLLOWER (RUNNING): s1@group-B3E3AF147792:t0, leader=null, voted=, raftlog=Memoized:s1@group-B3E3AF147792-SegmentedRaftLog:OPENED:c-1:lastnull, conf=conf: {index: -1, cur=peers:[s0|localhost:15036, s1|localhost:15040, s2|localhost:15044]|listeners:[], old=null}
  s2:  RUNNING  FOLLOWER (RUNNING): s2@group-B3E3AF147792:t0, leader=null, voted=, raftlog=Memoized:s2@group-B3E3AF147792-SegmentedRaftLog:OPENED:c-1:lastnull, conf=conf: {index: -1, cur=peers:[s0|localhost:15036, s1|localhost:15040, s2|localhost:15044]|listeners:[], old=null}
2025-09-29 07:14:47,912 [s0@group-B3E3AF147792-FollowerState] INFO  impl.FollowerState (FollowerState.java:runImpl(161)) - s0@group-B3E3AF147792-FollowerState: change to CANDIDATE, lastRpcElapsedTime:180672840ns, electionTimeout:180ms
2025-09-29 07:14:47,912 [s0@group-B3E3AF147792-FollowerState] INFO  impl.RoleInfo (RoleInfo.java:shutdownFollowerState(121)) - s0: shutdown s0@group-B3E3AF147792-FollowerState
2025-09-29 07:14:47,912 [s0@group-B3E3AF147792-FollowerState] INFO  server.RaftServer$Division (RaftServerImpl.java:setRole(392)) - s0@group-B3E3AF147792: changes role from  FOLLOWER to CANDIDATE at term 0 for changeToCandidate
2025-09-29 07:14:47,913 [s0@group-B3E3AF147792-FollowerState] INFO  impl.RoleInfo (RoleInfo.java:updateAndGet(148)) - s0: start s0@group-B3E3AF147792-LeaderElection8
2025-09-29 07:14:47,913 [s0@group-B3E3AF147792-LeaderElection8] INFO  impl.LeaderElection (LeaderElection.java:askForVotes(448)) - s0@group-B3E3AF147792-LeaderElection8 PRE_VOTE round 0: submit vote requests at term 0 for conf: {index: -1, cur=peers:[s0|localhost:15036, s1|localhost:15040, s2|localhost:15044]|listeners:[], old=null}
2025-09-29 07:14:47,914 [s0@group-B3E3AF147792-LeaderElection8-1] INFO  server.GrpcServerProtocolClient (GrpcServerProtocolClient.java:<init>(64)) - Build channel for s1|localhost:15040
2025-09-29 07:14:47,914 [s0@group-B3E3AF147792-LeaderElection8-2] INFO  server.GrpcServerProtocolClient (GrpcServerProtocolClient.java:<init>(64)) - Build channel for s2|localhost:15044
2025-09-29 07:14:47,914 [s0@group-B3E3AF147792-LeaderElection8] INFO  server.RaftServerConfigKeys (ConfUtils.java:logFallback(69)) - raft.server.rpc.first-election.timeout.min = 150ms (fallback to raft.server.rpc.timeout.min)
2025-09-29 07:14:47,914 [s0@group-B3E3AF147792-LeaderElection8] INFO  server.RaftServerConfigKeys (ConfUtils.java:logFallback(69)) - raft.server.rpc.first-election.timeout.max = 300ms (fallback to raft.server.rpc.timeout.max)
2025-09-29 07:14:47,935 [grpc-default-executor-1] INFO  server.RaftServer$Division (RaftServerImpl.java:requestVote(1433)) - s2@group-B3E3AF147792: receive requestVote(PRE_VOTE, s0, group-B3E3AF147792, 0, <PROTO_DEFAULT>)
2025-09-29 07:14:47,935 [grpc-default-executor-1] INFO  impl.VoteContext (VoteContext.java:log(49)) - s2@group-B3E3AF147792-FOLLOWER: accept PRE_VOTE from s0: our priority 0 <= candidate's priority 0
2025-09-29 07:14:47,936 [grpc-default-executor-1] INFO  server.RaftServer$Division (RaftServerImpl.java:requestVote(1467)) - s2@group-B3E3AF147792 replies to PRE_VOTE vote request: s0<-s2#0:OK-t0-last:<INITIAL_VALUE>. Peer's state: s2@group-B3E3AF147792:t0, leader=null, voted=, raftlog=Memoized:s2@group-B3E3AF147792-SegmentedRaftLog:OPENED:c-1:lastnull, conf=conf: {index: -1, cur=peers:[s0|localhost:15036, s1|localhost:15040, s2|localhost:15044]|listeners:[], old=null}
2025-09-29 07:14:47,937 [grpc-default-executor-15] INFO  server.RaftServer$Division (RaftServerImpl.java:requestVote(1433)) - s1@group-B3E3AF147792: receive requestVote(PRE_VOTE, s0, group-B3E3AF147792, 0, <PROTO_DEFAULT>)
2025-09-29 07:14:47,937 [s0@group-B3E3AF147792-LeaderElection8] INFO  impl.LeaderElection (LeaderElection.java:logAndReturn(206)) - s0@group-B3E3AF147792-LeaderElection8: PRE_VOTE PASSED received 1 response(s) and 0 exception(s):
2025-09-29 07:14:47,937 [grpc-default-executor-15] INFO  impl.VoteContext (VoteContext.java:log(49)) - s1@group-B3E3AF147792-FOLLOWER: accept PRE_VOTE from s0: our priority 0 <= candidate's priority 0
2025-09-29 07:14:47,938 [grpc-default-executor-15] INFO  server.RaftServer$Division (RaftServerImpl.java:requestVote(1467)) - s1@group-B3E3AF147792 replies to PRE_VOTE vote request: s0<-s1#0:OK-t0-last:<INITIAL_VALUE>. Peer's state: s1@group-B3E3AF147792:t0, leader=null, voted=, raftlog=Memoized:s1@group-B3E3AF147792-SegmentedRaftLog:OPENED:c-1:lastnull, conf=conf: {index: -1, cur=peers:[s0|localhost:15036, s1|localhost:15040, s2|localhost:15044]|listeners:[], old=null}
2025-09-29 07:14:47,937 [s0@group-B3E3AF147792-LeaderElection8] INFO  impl.LeaderElection (LeaderElection.java:logAndReturn(210)) -   Response 0: s0<-s2#0:OK-t0-last:<INITIAL_VALUE>
2025-09-29 07:14:47,938 [s0@group-B3E3AF147792-LeaderElection8] INFO  impl.LeaderElection (LeaderElection.java:askForVotes(450)) - s0@group-B3E3AF147792-LeaderElection8 PRE_VOTE round 0: result PASSED
2025-09-29 07:14:47,939 [s0@group-B3E3AF147792-LeaderElection8] TRACE util.FileUtils (LogUtils.java:supplyAndLog(69)) - Successfully supplied FileChannel.open /home/runner/work/ratis/ratis/ratis-test/target/test/data/6b14e155/MiniRaftClusterWithGrpc537e7c07/s0/2b09430c-6232-4475-9635-b3e3af147792/current/raft-meta.tmp with options [CREATE, TRUNCATE_EXISTING, WRITE]: sun.nio.ch.FileChannelImpl@4e82dc6b
2025-09-29 07:14:47,940 [s0@group-B3E3AF147792-LeaderElection8] TRACE util.FileUtils (LogUtils.java:runAndLog(49)) - Successfully ran Atomic Files.move /home/runner/work/ratis/ratis/ratis-test/target/test/data/6b14e155/MiniRaftClusterWithGrpc537e7c07/s0/2b09430c-6232-4475-9635-b3e3af147792/current/raft-meta.tmp to /home/runner/work/ratis/ratis/ratis-test/target/test/data/6b14e155/MiniRaftClusterWithGrpc537e7c07/s0/2b09430c-6232-4475-9635-b3e3af147792/current/raft-meta with options [REPLACE_EXISTING]
2025-09-29 07:14:47,940 [s0@group-B3E3AF147792-LeaderElection8] INFO  impl.LeaderElection (LeaderElection.java:askForVotes(448)) - s0@group-B3E3AF147792-LeaderElection8 ELECTION round 0: submit vote requests at term 1 for conf: {index: -1, cur=peers:[s0|localhost:15036, s1|localhost:15040, s2|localhost:15044]|listeners:[], old=null}
2025-09-29 07:14:47,941 [s0@group-B3E3AF147792-LeaderElection8] INFO  server.RaftServerConfigKeys (ConfUtils.java:logFallback(69)) - raft.server.rpc.first-election.timeout.min = 150ms (fallback to raft.server.rpc.timeout.min)
2025-09-29 07:14:47,941 [s0@group-B3E3AF147792-LeaderElection8] INFO  server.RaftServerConfigKeys (ConfUtils.java:logFallback(69)) - raft.server.rpc.first-election.timeout.max = 300ms (fallback to raft.server.rpc.timeout.max)
2025-09-29 07:14:47,942 [grpc-default-executor-15] INFO  server.RaftServer$Division (RaftServerImpl.java:requestVote(1433)) - s2@group-B3E3AF147792: receive requestVote(ELECTION, s0, group-B3E3AF147792, 1, <PROTO_DEFAULT>)
2025-09-29 07:14:47,943 [grpc-default-executor-15] INFO  impl.VoteContext (VoteContext.java:log(49)) - s2@group-B3E3AF147792-FOLLOWER: accept ELECTION from s0: our priority 0 <= candidate's priority 0
2025-09-29 07:14:47,943 [grpc-default-executor-15] INFO  server.RaftServer$Division (RaftServerImpl.java:setRole(392)) - s2@group-B3E3AF147792: changes role from  FOLLOWER to FOLLOWER at term 0 for candidate:s0
2025-09-29 07:14:47,943 [grpc-default-executor-15] INFO  impl.RoleInfo (RoleInfo.java:shutdownFollowerState(121)) - s2: shutdown s2@group-B3E3AF147792-FollowerState
2025-09-29 07:14:47,943 [grpc-default-executor-15] INFO  impl.RoleInfo (RoleInfo.java:updateAndGet(148)) - s2: start s2@group-B3E3AF147792-FollowerState
2025-09-29 07:14:47,943 [grpc-default-executor-1] INFO  server.RaftServer$Division (RaftServerImpl.java:requestVote(1433)) - s1@group-B3E3AF147792: receive requestVote(ELECTION, s0, group-B3E3AF147792, 1, <PROTO_DEFAULT>)
2025-09-29 07:14:47,943 [s2@group-B3E3AF147792-FollowerState] INFO  impl.FollowerState (FollowerState.java:runImpl(170)) - s2@group-B3E3AF147792-FollowerState was interrupted
2025-09-29 07:14:47,944 [grpc-default-executor-15] INFO  server.RaftServer$Division (RaftServerImpl.java:setFirstElection(576)) - s2@group-B3E3AF147792: set firstElectionSinceStartup to false for candidate:s0
2025-09-29 07:14:47,944 [grpc-default-executor-1] INFO  impl.VoteContext (VoteContext.java:log(49)) - s1@group-B3E3AF147792-FOLLOWER: accept ELECTION from s0: our priority 0 <= candidate's priority 0
2025-09-29 07:14:47,944 [grpc-default-executor-1] INFO  server.RaftServer$Division (RaftServerImpl.java:setRole(392)) - s1@group-B3E3AF147792: changes role from  FOLLOWER to FOLLOWER at term 0 for candidate:s0
2025-09-29 07:14:47,944 [grpc-default-executor-1] INFO  impl.RoleInfo (RoleInfo.java:shutdownFollowerState(121)) - s1: shutdown s1@group-B3E3AF147792-FollowerState
2025-09-29 07:14:47,945 [grpc-default-executor-15] TRACE util.FileUtils (LogUtils.java:supplyAndLog(69)) - Successfully supplied FileChannel.open /home/runner/work/ratis/ratis/ratis-test/target/test/data/6b14e155/MiniRaftClusterWithGrpc537e7c07/s2/2b09430c-6232-4475-9635-b3e3af147792/current/raft-meta.tmp with options [CREATE, TRUNCATE_EXISTING, WRITE]: sun.nio.ch.FileChannelImpl@49575171
2025-09-29 07:14:47,945 [s1@group-B3E3AF147792-FollowerState] INFO  impl.FollowerState (FollowerState.java:runImpl(170)) - s1@group-B3E3AF147792-FollowerState was interrupted
2025-09-29 07:14:47,946 [grpc-default-executor-1] INFO  impl.RoleInfo (RoleInfo.java:updateAndGet(148)) - s1: start s1@group-B3E3AF147792-FollowerState
2025-09-29 07:14:47,946 [grpc-default-executor-1] INFO  server.RaftServer$Division (RaftServerImpl.java:setFirstElection(576)) - s1@group-B3E3AF147792: set firstElectionSinceStartup to false for candidate:s0
2025-09-29 07:14:47,946 [grpc-default-executor-15] TRACE util.FileUtils (LogUtils.java:runAndLog(49)) - Successfully ran Atomic Files.move /home/runner/work/ratis/ratis/ratis-test/target/test/data/6b14e155/MiniRaftClusterWithGrpc537e7c07/s2/2b09430c-6232-4475-9635-b3e3af147792/current/raft-meta.tmp to /home/runner/work/ratis/ratis/ratis-test/target/test/data/6b14e155/MiniRaftClusterWithGrpc537e7c07/s2/2b09430c-6232-4475-9635-b3e3af147792/current/raft-meta with options [REPLACE_EXISTING]
2025-09-29 07:14:47,946 [grpc-default-executor-1] TRACE util.FileUtils (LogUtils.java:supplyAndLog(69)) - Successfully supplied FileChannel.open /home/runner/work/ratis/ratis/ratis-test/target/test/data/6b14e155/MiniRaftClusterWithGrpc537e7c07/s1/2b09430c-6232-4475-9635-b3e3af147792/current/raft-meta.tmp with options [CREATE, TRUNCATE_EXISTING, WRITE]: sun.nio.ch.FileChannelImpl@5ba314f3
2025-09-29 07:14:47,947 [grpc-default-executor-15] INFO  server.RaftServer$Division (RaftServerImpl.java:requestVote(1467)) - s2@group-B3E3AF147792 replies to ELECTION vote request: s0<-s2#0:OK-t1-last:<INITIAL_VALUE>. Peer's state: s2@group-B3E3AF147792:t1, leader=null, voted=s0, raftlog=Memoized:s2@group-B3E3AF147792-SegmentedRaftLog:OPENED:c-1:lastnull, conf=conf: {index: -1, cur=peers:[s0|localhost:15036, s1|localhost:15040, s2|localhost:15044]|listeners:[], old=null}
2025-09-29 07:14:47,948 [s0@group-B3E3AF147792-LeaderElection8] INFO  impl.LeaderElection (LeaderElection.java:logAndReturn(206)) - s0@group-B3E3AF147792-LeaderElection8: ELECTION PASSED received 1 response(s) and 0 exception(s):
2025-09-29 07:14:47,948 [s0@group-B3E3AF147792-LeaderElection8] INFO  impl.LeaderElection (LeaderElection.java:logAndReturn(210)) -   Response 0: s0<-s2#0:OK-t1-last:<INITIAL_VALUE>
2025-09-29 07:14:47,948 [s0@group-B3E3AF147792-LeaderElection8] INFO  impl.LeaderElection (LeaderElection.java:askForVotes(450)) - s0@group-B3E3AF147792-LeaderElection8 ELECTION round 0: result PASSED
2025-09-29 07:14:47,949 [s0@group-B3E3AF147792-LeaderElection8] INFO  impl.RoleInfo (RoleInfo.java:shutdownLeaderElection(141)) - s0: shutdown s0@group-B3E3AF147792-LeaderElection8
2025-09-29 07:14:47,949 [s0@group-B3E3AF147792-LeaderElection8] INFO  server.RaftServer$Division (RaftServerImpl.java:setRole(392)) - s0@group-B3E3AF147792: changes role from CANDIDATE to LEADER at term 1 for changeToLeader
2025-09-29 07:14:47,949 [grpc-default-executor-1] TRACE util.FileUtils (LogUtils.java:runAndLog(49)) - Successfully ran Atomic Files.move /home/runner/work/ratis/ratis/ratis-test/target/test/data/6b14e155/MiniRaftClusterWithGrpc537e7c07/s1/2b09430c-6232-4475-9635-b3e3af147792/current/raft-meta.tmp to /home/runner/work/ratis/ratis/ratis-test/target/test/data/6b14e155/MiniRaftClusterWithGrpc537e7c07/s1/2b09430c-6232-4475-9635-b3e3af147792/current/raft-meta with options [REPLACE_EXISTING]
2025-09-29 07:14:47,950 [s0@group-B3E3AF147792-LeaderElection8] INFO  server.RaftServerConfigKeys (ConfUtils.java:logFallback(69)) - raft.server.staging.timeout = 900ms (fallback to raft.server.rpc.timeout.max)
2025-09-29 07:14:47,950 [grpc-default-executor-1] INFO  server.RaftServer$Division (RaftServerImpl.java:requestVote(1467)) - s1@group-B3E3AF147792 replies to ELECTION vote request: s0<-s1#0:OK-t1-last:<INITIAL_VALUE>. Peer's state: s1@group-B3E3AF147792:t1, leader=null, voted=s0, raftlog=Memoized:s1@group-B3E3AF147792-SegmentedRaftLog:OPENED:c-1:lastnull, conf=conf: {index: -1, cur=peers:[s0|localhost:15036, s1|localhost:15040, s2|localhost:15044]|listeners:[], old=null}
2025-09-29 07:14:47,951 [s0@group-B3E3AF147792-LeaderElection8] INFO  impl.RoleInfo (RoleInfo.java:updateAndGet(148)) - s0: start s0@group-B3E3AF147792-LeaderStateImpl
2025-09-29 07:14:47,951 [s0@group-B3E3AF147792-LeaderElection8] INFO  server.RaftServer$Division (RaftServerImpl.java:setFirstElection(576)) - s0@group-B3E3AF147792: set firstElectionSinceStartup to false for becomeLeader
2025-09-29 07:14:47,951 [s0@group-B3E3AF147792-LeaderElection8] INFO  server.RaftServer$Division (ServerState.java:setLeader(277)) - s0@group-B3E3AF147792: change Leader from null to s0 at term 1 for becomeLeader, leader elected after 238ms
2025-09-29 07:14:47,952 [s0@group-B3E3AF147792-LeaderElection8] INFO  segmented.SegmentedRaftLogWorker (SegmentedRaftLogWorker.java:startLogSegment(440)) - s0@group-B3E3AF147792-SegmentedRaftLogWorker: Starting segment from index:0
2025-09-29 07:14:47,952 [s0@group-B3E3AF147792-LeaderElection8] INFO  server.RaftServer$Division (ServerState.java:setRaftConf(391)) - s0@group-B3E3AF147792: set configuration conf: {index: 0, cur=peers:[s0|localhost:15036, s1|localhost:15040, s2|localhost:15044]|listeners:[], old=null}
2025-09-29 07:14:47,953 [s0@group-B3E3AF147792-SegmentedRaftLogWorker] INFO  segmented.BufferedWriteChannel (BufferedWriteChannel.java:open(61)) - open log_inprogress_0 at position 0
2025-09-29 07:14:47,962 [s0@group-B3E3AF147792-SegmentedRaftLogWorker] INFO  segmented.SegmentedRaftLogWorker (SegmentedRaftLogWorker.java:execute(647)) - s0@group-B3E3AF147792-SegmentedRaftLogWorker: created new log segment /home/runner/work/ratis/ratis/ratis-test/target/test/data/6b14e155/MiniRaftClusterWithGrpc537e7c07/s0/2b09430c-6232-4475-9635-b3e3af147792/current/log_inprogress_0
2025-09-29 07:14:47,962 [grpc-default-executor-12] INFO  server.RaftServer$Division (ServerState.java:setLeader(277)) - s2@group-B3E3AF147792: change Leader from null to s0 at term 1 for appendEntries, leader elected after 237ms
2025-09-29 07:14:47,963 [grpc-default-executor-3] INFO  server.RaftServer$Division (ServerState.java:setLeader(277)) - s1@group-B3E3AF147792: change Leader from null to s0 at term 1 for appendEntries, leader elected after 243ms
2025-09-29 07:14:47,964 [grpc-default-executor-1] DEBUG server.RaftServer$Division (RaftServerImpl.java:logAppendEntries(1536)) - s1@group-B3E3AF147792: appendEntries* s0->s1#1-t1,previous=<PROTO_DEFAULT>,leaderCommit=-1,initializing? false,entries: size=1, first=(t:1, i:0), CONFIGURATIONENTRY(current:id:"s0"address:"localhost:15036"dataStreamAddress:"localhost:15039"clientAddress:"localhost:15038"adminAddress:"localhost:15037"startupRole:FOLLOWER, id:"s1"address:"localhost:15040"dataStreamAddress:"localhost:15043"clientAddress:"localhost:15042"adminAddress:"localhost:15041"startupRole:FOLLOWER, id:"s2"address:"localhost:15044"dataStreamAddress:"localhost:15047"clientAddress:"localhost:15046"adminAddress:"localhost:15045"startupRole:FOLLOWER, old:)
2025-09-29 07:14:47,965 [grpc-default-executor-1] INFO  server.RaftServer$Division (ServerState.java:setRaftConf(391)) - s1@group-B3E3AF147792: set configuration conf: {index: 0, cur=peers:[s0|localhost:15036, s1|localhost:15040, s2|localhost:15044]|listeners:[], old=null}
2025-09-29 07:14:47,964 [grpc-default-executor-15] DEBUG server.RaftServer$Division (RaftServerImpl.java:logAppendEntries(1536)) - s2@group-B3E3AF147792: appendEntries* s0->s2#1-t1,previous=<PROTO_DEFAULT>,leaderCommit=-1,initializing? false,entries: size=1, first=(t:1, i:0), CONFIGURATIONENTRY(current:id:"s0"address:"localhost:15036"dataStreamAddress:"localhost:15039"clientAddress:"localhost:15038"adminAddress:"localhost:15037"startupRole:FOLLOWER, id:"s1"address:"localhost:15040"dataStreamAddress:"localhost:15043"clientAddress:"localhost:15042"adminAddress:"localhost:15041"startupRole:FOLLOWER, id:"s2"address:"localhost:15044"dataStreamAddress:"localhost:15047"clientAddress:"localhost:15046"adminAddress:"localhost:15045"startupRole:FOLLOWER, old:)
2025-09-29 07:14:47,967 [s1-server-thread1] INFO  segmented.SegmentedRaftLogWorker (SegmentedRaftLogWorker.java:startLogSegment(440)) - s1@group-B3E3AF147792-SegmentedRaftLogWorker: Starting segment from index:0
2025-09-29 07:14:47,967 [grpc-default-executor-15] INFO  server.RaftServer$Division (ServerState.java:setRaftConf(391)) - s2@group-B3E3AF147792: set configuration conf: {index: 0, cur=peers:[s0|localhost:15036, s1|localhost:15040, s2|localhost:15044]|listeners:[], old=null}
2025-09-29 07:14:47,968 [s1@group-B3E3AF147792-SegmentedRaftLogWorker] INFO  segmented.BufferedWriteChannel (BufferedWriteChannel.java:open(61)) - open log_inprogress_0 at position 0
2025-09-29 07:14:47,968 [s2-server-thread1] INFO  segmented.SegmentedRaftLogWorker (SegmentedRaftLogWorker.java:startLogSegment(440)) - s2@group-B3E3AF147792-SegmentedRaftLogWorker: Starting segment from index:0
2025-09-29 07:14:47,969 [s2@group-B3E3AF147792-SegmentedRaftLogWorker] INFO  segmented.BufferedWriteChannel (BufferedWriteChannel.java:open(61)) - open log_inprogress_0 at position 0
2025-09-29 07:14:47,974 [s1@group-B3E3AF147792-SegmentedRaftLogWorker] INFO  segmented.SegmentedRaftLogWorker (SegmentedRaftLogWorker.java:execute(647)) - s1@group-B3E3AF147792-SegmentedRaftLogWorker: created new log segment /home/runner/work/ratis/ratis/ratis-test/target/test/data/6b14e155/MiniRaftClusterWithGrpc537e7c07/s1/2b09430c-6232-4475-9635-b3e3af147792/current/log_inprogress_0
2025-09-29 07:14:47,975 [s2@group-B3E3AF147792-SegmentedRaftLogWorker] INFO  segmented.SegmentedRaftLogWorker (SegmentedRaftLogWorker.java:execute(647)) - s2@group-B3E3AF147792-SegmentedRaftLogWorker: created new log segment /home/runner/work/ratis/ratis/ratis-test/target/test/data/6b14e155/MiniRaftClusterWithGrpc537e7c07/s2/2b09430c-6232-4475-9635-b3e3af147792/current/log_inprogress_0
2025-09-29 07:14:47,976 [s1-server-thread1] DEBUG server.RaftServer$Division (RaftServerImpl.java:logAppendEntries(1536)) - s1@group-B3E3AF147792: appendEntries* reply s0<-s1#1:OK-t1,SUCCESS,nextIndex=1,followerCommit=-1,matchIndex=0
2025-09-29 07:14:47,976 [s2-server-thread1] DEBUG server.RaftServer$Division (RaftServerImpl.java:logAppendEntries(1536)) - s2@group-B3E3AF147792: appendEntries* reply s0<-s2#1:OK-t1,SUCCESS,nextIndex=1,followerCommit=-1,matchIndex=0
2025-09-29 07:14:47,978 [s0@group-B3E3AF147792-StateMachineUpdater] TRACE util.FileUtils (LogUtils.java:supplyAndLog(69)) - Successfully supplied FileChannel.open /home/runner/work/ratis/ratis/ratis-test/target/test/data/6b14e155/MiniRaftClusterWithGrpc537e7c07/s0/2b09430c-6232-4475-9635-b3e3af147792/current/raft-meta.conf.tmp with options [CREATE, TRUNCATE_EXISTING, WRITE]: sun.nio.ch.FileChannelImpl@630e7fb2
2025-09-29 07:14:47,979 [s0@group-B3E3AF147792-StateMachineUpdater] TRACE util.FileUtils (LogUtils.java:runAndLog(49)) - Successfully ran Atomic Files.move /home/runner/work/ratis/ratis/ratis-test/target/test/data/6b14e155/MiniRaftClusterWithGrpc537e7c07/s0/2b09430c-6232-4475-9635-b3e3af147792/current/raft-meta.conf.tmp to /home/runner/work/ratis/ratis/ratis-test/target/test/data/6b14e155/MiniRaftClusterWithGrpc537e7c07/s0/2b09430c-6232-4475-9635-b3e3af147792/current/raft-meta.conf with options [REPLACE_EXISTING]
2025-09-29 07:14:47,980 [s0@group-B3E3AF147792-StateMachineUpdater] INFO  server.RaftServer$Division (LeaderStateImpl.java:checkStartIndex(309)) - Leader s0@group-B3E3AF147792-LeaderStateImpl is ready since appliedIndex == startIndex == 0
2025-09-29 07:14:48,055 [s2@group-B3E3AF147792-StateMachineUpdater] TRACE util.FileUtils (LogUtils.java:supplyAndLog(69)) - Successfully supplied FileChannel.open /home/runner/work/ratis/ratis/ratis-test/target/test/data/6b14e155/MiniRaftClusterWithGrpc537e7c07/s2/2b09430c-6232-4475-9635-b3e3af147792/current/raft-meta.conf.tmp with options [CREATE, TRUNCATE_EXISTING, WRITE]: sun.nio.ch.FileChannelImpl@3117d488
2025-09-29 07:14:48,055 [s1@group-B3E3AF147792-StateMachineUpdater] TRACE util.FileUtils (LogUtils.java:supplyAndLog(69)) - Successfully supplied FileChannel.open /home/runner/work/ratis/ratis/ratis-test/target/test/data/6b14e155/MiniRaftClusterWithGrpc537e7c07/s1/2b09430c-6232-4475-9635-b3e3af147792/current/raft-meta.conf.tmp with options [CREATE, TRUNCATE_EXISTING, WRITE]: sun.nio.ch.FileChannelImpl@742368fc
2025-09-29 07:14:48,058 [s2@group-B3E3AF147792-StateMachineUpdater] TRACE util.FileUtils (LogUtils.java:runAndLog(49)) - Successfully ran Atomic Files.move /home/runner/work/ratis/ratis/ratis-test/target/test/data/6b14e155/MiniRaftClusterWithGrpc537e7c07/s2/2b09430c-6232-4475-9635-b3e3af147792/current/raft-meta.conf.tmp to /home/runner/work/ratis/ratis/ratis-test/target/test/data/6b14e155/MiniRaftClusterWithGrpc537e7c07/s2/2b09430c-6232-4475-9635-b3e3af147792/current/raft-meta.conf with options [REPLACE_EXISTING]
2025-09-29 07:14:48,059 [s1@group-B3E3AF147792-StateMachineUpdater] TRACE util.FileUtils (LogUtils.java:runAndLog(49)) - Successfully ran Atomic Files.move /home/runner/work/ratis/ratis/ratis-test/target/test/data/6b14e155/MiniRaftClusterWithGrpc537e7c07/s1/2b09430c-6232-4475-9635-b3e3af147792/current/raft-meta.conf.tmp to /home/runner/work/ratis/ratis/ratis-test/target/test/data/6b14e155/MiniRaftClusterWithGrpc537e7c07/s1/2b09430c-6232-4475-9635-b3e3af147792/current/raft-meta.conf with options [REPLACE_EXISTING]
2025-09-29 07:14:48,074 [timer2] INFO  server.GrpcServerProtocolService (GrpcServerProtocolService.java:lambda$onCompleted$6(174)) - s1: Completed APPEND_ENTRIES, lastRequest: s0->s1#58-t1,previous=(t:1, i:19),leaderCommit=19,initializing? false,entries: size=1, first=(t:1, i:20), METADATAENTRY(c:19)  (Repeated 4 times in the last 5.003s)
2025-09-29 07:14:48,074 [timer3] INFO  server.GrpcServerProtocolService (GrpcServerProtocolService.java:lambda$onCompleted$6(174)) - s2: Completed APPEND_ENTRIES, lastRequest: s1->s2#47-t1,previous=(t:1, i:19),leaderCommit=19,initializing? false,entries: size=1, first=(t:1, i:20), METADATAENTRY(c:19)  (Repeated 6 times in the last 5.003s)
2025-09-29 07:14:48,210 [main] INFO  ratis.RaftTestUtil (RaftTestUtil.java:waitForLeader(131)) - printing ALL groups
  s0:  RUNNING    LEADER (RUNNING): s0@group-B3E3AF147792:t1, leader=s0, voted=s0, raftlog=Memoized:s0@group-B3E3AF147792-SegmentedRaftLog:OPENED:c0:last(t:1, i:0), conf=conf: {index: 0, cur=peers:[s0|localhost:15036, s1|localhost:15040, s2|localhost:15044]|listeners:[], old=null}
  s1:  RUNNING  FOLLOWER (RUNNING): s1@group-B3E3AF147792:t1, leader=s0, voted=s0, raftlog=Memoized:s1@group-B3E3AF147792-SegmentedRaftLog:OPENED:c0:last(t:1, i:0), conf=conf: {index: 0, cur=peers:[s0|localhost:15036, s1|localhost:15040, s2|localhost:15044]|listeners:[], old=null}
  s2:  RUNNING  FOLLOWER (RUNNING): s2@group-B3E3AF147792:t1, leader=s0, voted=s0, raftlog=Memoized:s2@group-B3E3AF147792-SegmentedRaftLog:OPENED:c0:last(t:1, i:0), conf=conf: {index: 0, cur=peers:[s0|localhost:15036, s1|localhost:15040, s2|localhost:15044]|listeners:[], old=null}
2025-09-29 07:14:48,217 [s0-client-thread1] DEBUG server.RaftServer$Division (RaftServerImpl.java:submitClientRequestAsync(939)) - s0@group-B3E3AF147792: receive client request(RaftClientRequest:client-8581DCB46733->s0@group-B3E3AF147792, cid=56, seq=null, RW, Message:494e4352454d454e54)
2025-09-29 07:14:48,217 [s0-client-thread1] DEBUG server.RaftServer$Division (LeaderStateImpl.java:addPendingRequest(526)) - s0@group-B3E3AF147792-LeaderStateImpl: addPendingRequest at RaftClientRequest:client-8581DCB46733->s0@group-B3E3AF147792, cid=56, seq=null, RW, Message:494e4352454d454e54, entry=(t:1, i:1), STATEMACHINELOGENTRY, WRITE: logData.size=9, stateMachineData.size=0, logEntryProtoSerializedSize=0
2025-09-29 07:14:48,219 [grpc-default-executor-12] DEBUG server.RaftServer$Division (RaftServerImpl.java:logAppendEntries(1536)) - s2@group-B3E3AF147792: appendEntries* s0->s2#7-t1,previous=(t:1, i:0),leaderCommit=0,initializing? false,entries: size=1, first=(t:1, i:1), STATEMACHINELOGENTRY, StateMachineLogEntryProto:56@client-8581DCB46733
2025-09-29 07:14:48,219 [grpc-default-executor-1] DEBUG server.RaftServer$Division (RaftServerImpl.java:logAppendEntries(1536)) - s1@group-B3E3AF147792: appendEntries* s0->s1#6-t1,previous=(t:1, i:0),leaderCommit=0,initializing? false,entries: size=1, first=(t:1, i:1), STATEMACHINELOGENTRY, StateMachineLogEntryProto:56@client-8581DCB46733
2025-09-29 07:14:48,220 [s2-server-thread1] DEBUG server.RaftServer$Division (RaftServerImpl.java:logAppendEntries(1536)) - s2@group-B3E3AF147792: appendEntries* reply s0<-s2#7:OK-t1,SUCCESS,nextIndex=2,followerCommit=0,matchIndex=1
2025-09-29 07:14:48,220 [s1-server-thread1] DEBUG server.RaftServer$Division (RaftServerImpl.java:logAppendEntries(1536)) - s1@group-B3E3AF147792: appendEntries* reply s0<-s1#6:OK-t1,SUCCESS,nextIndex=2,followerCommit=0,matchIndex=1
2025-09-29 07:14:48,222 [s0@group-B3E3AF147792-StateMachineUpdater] INFO  statemachine.StateMachine (ReadOnlyRequestTests.java:applyTransaction(375)) - receive command: INCREMENT
2025-09-29 07:14:48,223 [grpc-default-executor-12] DEBUG server.RaftServer$Division (RaftServerImpl.java:logAppendEntries(1536)) - s1@group-B3E3AF147792: appendEntries* s0->s1#7-t1,previous=(t:1, i:1),leaderCommit=1,initializing? false,entries: size=1, first=(t:1, i:2), METADATAENTRY(c:1)
2025-09-29 07:14:48,223 [grpc-default-executor-1] DEBUG server.RaftServer$Division (RaftServerImpl.java:logAppendEntries(1536)) - s2@group-B3E3AF147792: appendEntries* s0->s2#8-t1,previous=(t:1, i:1),leaderCommit=1,initializing? false,entries: size=1, first=(t:1, i:2), METADATAENTRY(c:1)
2025-09-29 07:14:48,224 [s2-server-thread1] DEBUG server.RaftServer$Division (RaftServerImpl.java:logAppendEntries(1536)) - s2@group-B3E3AF147792: appendEntries* reply s0<-s2#8:OK-t1,SUCCESS,nextIndex=3,followerCommit=1,matchIndex=2
2025-09-29 07:14:48,224 [s1-server-thread1] DEBUG server.RaftServer$Division (RaftServerImpl.java:logAppendEntries(1536)) - s1@group-B3E3AF147792: appendEntries* reply s0<-s1#7:OK-t1,SUCCESS,nextIndex=3,followerCommit=1,matchIndex=2
2025-09-29 07:14:48,224 [s2@group-B3E3AF147792-StateMachineUpdater] INFO  statemachine.StateMachine (ReadOnlyRequestTests.java:applyTransaction(375)) - receive command: INCREMENT
2025-09-29 07:14:48,224 [s1@group-B3E3AF147792-StateMachineUpdater] INFO  statemachine.StateMachine (ReadOnlyRequestTests.java:applyTransaction(375)) - receive command: INCREMENT
2025-09-29 07:14:48,230 [s1-client-thread1] DEBUG server.RaftServer$Division (RaftServerImpl.java:submitClientRequestAsync(939)) - s1@group-B3E3AF147792: receive client request(RaftClientRequest:client-A0E3133358A3->s1@group-B3E3AF147792, cid=57, seq=null, RO, Message:5155455259)
2025-09-29 07:14:48,231 [s1-client-thread1] INFO  server.GrpcServerProtocolClient (GrpcServerProtocolClient.java:<init>(64)) - Build channel for s0|localhost:15036
2025-09-29 07:14:48,246 [s0-server-thread1] DEBUG server.RaftServer$Division (LeaderStateImpl.java:getReadIndex(1147)) - readIndex=2, readAfterWriteConsistentIndex=null
2025-09-29 07:14:48,310 [s0-server-thread1] INFO  server.RaftServer$Division (RaftServerImpl.java:stepDownLeaderAsync(1305)) - s0@group-B3E3AF147792 receive stepDown leader request TransferLeadershipRequest:client-8581DCB46733->s0@group-B3E3AF147792, cid=58, seq=null, RO, null
2025-09-29 07:14:48,311 [s0@group-B3E3AF147792-LeaderStateImpl] INFO  server.RaftServer$Division (RaftServerImpl.java:setRole(392)) - s0@group-B3E3AF147792: changes role from    LEADER to FOLLOWER at term 1 for StepDownReason:FORCE
2025-09-29 07:14:48,311 [s0@group-B3E3AF147792-LeaderStateImpl] INFO  impl.RoleInfo (RoleInfo.java:shutdownLeaderState(103)) - s0: shutdown s0@group-B3E3AF147792-LeaderStateImpl
2025-09-29 07:14:48,311 [s0@group-B3E3AF147792-LeaderStateImpl] INFO  impl.PendingRequests (PendingRequests.java:sendNotLeaderResponses(281)) - s0@group-B3E3AF147792-PendingRequests: sendNotLeaderResponses
2025-09-29 07:14:48,311 [s0@group-B3E3AF147792->s2-GrpcLogAppender-LogAppenderDaemon] WARN  server.GrpcLogAppender (GrpcLogAppender.java:mayWait(300)) - s0@group-B3E3AF147792->s2-GrpcLogAppender: Wait interrupted by java.lang.InterruptedException
2025-09-29 07:14:48,312 [s0@group-B3E3AF147792->s1-GrpcLogAppender-LogAppenderDaemon] WARN  server.GrpcLogAppender (GrpcLogAppender.java:mayWait(300)) - s0@group-B3E3AF147792->s1-GrpcLogAppender: Wait interrupted by java.lang.InterruptedException
2025-09-29 07:14:48,313 [s0@group-B3E3AF147792-LeaderStateImpl] INFO  server.RaftServer$Division (ServerState.java:setLeader(277)) - s0@group-B3E3AF147792: change Leader from s0 to null at term 1 for StepDownReason:FORCE
2025-09-29 07:14:48,314 [s0@group-B3E3AF147792-LeaderStateImpl] INFO  impl.RoleInfo (RoleInfo.java:updateAndGet(148)) - s0: start s0@group-B3E3AF147792-FollowerState
2025-09-29 07:14:48,313 [grpc-default-executor-18] INFO  server.GrpcServerProtocolService (GrpcServerProtocolService.java:lambda$onCompleted$6(174)) - s2: Completed APPEND_ENTRIES, lastRequest: s0->s2#8-t1,previous=(t:1, i:1),leaderCommit=1,initializing? false,entries: size=1, first=(t:1, i:2), METADATAENTRY(c:1) 
2025-09-29 07:14:48,314 [grpc-default-executor-12] INFO  server.GrpcServerProtocolService (GrpcServerProtocolService.java:lambda$onCompleted$6(174)) - s1: Completed APPEND_ENTRIES, lastRequest: s0->s1#7-t1,previous=(t:1, i:1),leaderCommit=1,initializing? false,entries: size=1, first=(t:1, i:2), METADATAENTRY(c:1) 
2025-09-29 07:14:48,315 [grpc-default-executor-12] INFO  server.GrpcLogAppender (GrpcLogAppender.java:onCompleted(558)) - s0@group-B3E3AF147792->s1-AppendLogResponseHandler: follower responses appendEntries COMPLETED
2025-09-29 07:14:48,316 [grpc-default-executor-1] INFO  server.GrpcLogAppender (GrpcLogAppender.java:onCompleted(558)) - s0@group-B3E3AF147792->s2-AppendLogResponseHandler: follower responses appendEntries COMPLETED
2025-09-29 07:14:48,316 [grpc-default-executor-12] INFO  server.GrpcLogAppender (GrpcLogAppender.java:onCompleted(558)) - s0@group-B3E3AF147792->s2-AppendLogResponseHandler: follower responses appendEntries COMPLETED
2025-09-29 07:14:48,316 [s0@group-B3E3AF147792-LeaderStateImpl] INFO  impl.PendingStepDown (PendingStepDown.java:complete(55)) - Successfully step down leader at s0@group-B3E3AF147792-LeaderStateImpl for request TransferLeadershipRequest:client-8581DCB46733->s0@group-B3E3AF147792, cid=58, seq=null, RO, null
2025-09-29 07:14:48,318 [grpc-default-executor-1] INFO  server.GrpcLogAppender (GrpcLogAppender.java:onCompleted(558)) - s0@group-B3E3AF147792->s1-AppendLogResponseHandler: follower responses appendEntries COMPLETED
2025-09-29 07:14:48,320 [s1-client-thread1] DEBUG server.RaftServer$Division (RaftServerImpl.java:submitClientRequestAsync(939)) - s1@group-B3E3AF147792: receive client request(RaftClientRequest:client-A0E3133358A3->s1@group-B3E3AF147792, cid=59, seq=null, RO, Message:5155455259)
2025-09-29 07:14:48,325 [null-request--thread1] INFO  server.GrpcClientProtocolService (GrpcClientProtocolService.java:lambda$processClientRequest$0(284)) - Failed RaftClientRequest:client-A0E3133358A3->s1@group-B3E3AF147792, cid=59, seq=null, RO, Message:5155455259, reply=RaftClientReply:client-A0E3133358A3->s1@group-B3E3AF147792, cid=59, FAILED org.apache.ratis.protocol.exceptions.ReadIndexException: s1: Failed to get read index from the leader: serverReply {
  requestorId: "s1"
  replyId: "s0"
  raftGroupId {
    id: "+\tC\fb2Du\2265\263\343\257\024w\222"
  }
}
readIndex: 18446744073709551615
, logIndex=0, commits[s1:c2, s0:c2, s2:c1]
2025-09-29 07:14:48,331 [main] INFO  impl.MiniRaftCluster (MiniRaftCluster.java:shutdown(824)) - ************************************************************** 
2025-09-29 07:14:48,332 [main] INFO  impl.MiniRaftCluster (MiniRaftCluster.java:shutdown(825)) - *** 
2025-09-29 07:14:48,332 [main] INFO  impl.MiniRaftCluster (MiniRaftCluster.java:shutdown(826)) - ***     Stopping MiniRaftClusterWithGrpc
2025-09-29 07:14:48,332 [main] INFO  impl.MiniRaftCluster (MiniRaftCluster.java:shutdown(827)) - *** 
2025-09-29 07:14:48,332 [main] INFO  impl.MiniRaftCluster (MiniRaftCluster.java:shutdown(828)) - ************************************************************** 
2025-09-29 07:14:48,332 [main] INFO  impl.MiniRaftCluster (MiniRaftCluster.java:shutdown(829)) - printing ALL groups
  s0:  RUNNING  FOLLOWER (RUNNING): s0@group-B3E3AF147792:t1, leader=null, voted=s0, raftlog=Memoized:s0@group-B3E3AF147792-SegmentedRaftLog:OPENED:c2:last(t:1, i:2), conf=conf: {index: 0, cur=peers:[s0|localhost:15036, s1|localhost:15040, s2|localhost:15044]|listeners:[], old=null}
  s1:  RUNNING  FOLLOWER (RUNNING): s1@group-B3E3AF147792:t1, leader=s0, voted=s0, raftlog=Memoized:s1@group-B3E3AF147792-SegmentedRaftLog:OPENED:c2:last(t:1, i:2), conf=conf: {index: 0, cur=peers:[s0|localhost:15036, s1|localhost:15040, s2|localhost:15044]|listeners:[], old=null}
  s2:  RUNNING  FOLLOWER (RUNNING): s2@group-B3E3AF147792:t1, leader=s0, voted=s0, raftlog=Memoized:s2@group-B3E3AF147792-SegmentedRaftLog:OPENED:c2:last(t:1, i:2), conf=conf: {index: 0, cur=peers:[s0|localhost:15036, s1|localhost:15040, s2|localhost:15044]|listeners:[], old=null}
2025-09-29 07:14:48,333 [MiniRaftCluster-19] INFO  server.RaftServer (RaftServerProxy.java:lambda$close$9(425)) - s0: close
2025-09-29 07:14:48,333 [MiniRaftCluster-20] INFO  server.RaftServer (RaftServerProxy.java:lambda$close$9(425)) - s1: close
2025-09-29 07:14:48,334 [MiniRaftCluster-19] INFO  server.GrpcServicesImpl (GrpcServicesImpl.java:closeImpl(347)) - s0: shutdown server org.apache.ratis.grpc.server.GrpcClientProtocolService now
2025-09-29 07:14:48,333 [MiniRaftCluster-21] INFO  server.RaftServer (RaftServerProxy.java:lambda$close$9(425)) - s2: close
2025-09-29 07:14:48,334 [s1-impl-thread1] INFO  server.RaftServer$Division (RaftServerImpl.java:lambda$close$1(527)) - s1@group-B3E3AF147792: shutdown
2025-09-29 07:14:48,335 [Thread-279] INFO  server.GrpcServerProtocolClient (GrpcServerProtocolClient.java:close(94)) - s1 Close channels
2025-09-29 07:14:48,334 [MiniRaftCluster-20] INFO  server.GrpcServicesImpl (GrpcServicesImpl.java:closeImpl(347)) - s1: shutdown server org.apache.ratis.grpc.server.GrpcClientProtocolService now
2025-09-29 07:14:48,334 [s0-impl-thread1] INFO  server.RaftServer$Division (RaftServerImpl.java:lambda$close$1(527)) - s0@group-B3E3AF147792: shutdown
2025-09-29 07:14:48,336 [s0-impl-thread1] INFO  util.JmxRegister (JmxRegister.java:unregister(74)) - Successfully un-registered JMX Bean with object name Ratis:service=RaftServer,group=group-B3E3AF147792,id=s0
2025-09-29 07:14:48,336 [s0-impl-thread1] INFO  impl.RoleInfo (RoleInfo.java:shutdownFollowerState(121)) - s0: shutdown s0@group-B3E3AF147792-FollowerState
2025-09-29 07:14:48,336 [s0@group-B3E3AF147792-FollowerState] INFO  impl.FollowerState (FollowerState.java:runImpl(170)) - s0@group-B3E3AF147792-FollowerState was interrupted
2025-09-29 07:14:48,336 [Thread-280] INFO  server.GrpcServerProtocolClient (GrpcServerProtocolClient.java:close(94)) - s2 Close channels
2025-09-29 07:14:48,336 [s1-impl-thread1] INFO  util.JmxRegister (JmxRegister.java:unregister(74)) - Successfully un-registered JMX Bean with object name Ratis:service=RaftServer,group=group-B3E3AF147792,id=s1
2025-09-29 07:14:48,337 [s1-impl-thread1] INFO  impl.RoleInfo (RoleInfo.java:shutdownFollowerState(121)) - s1: shutdown s1@group-B3E3AF147792-FollowerState
2025-09-29 07:14:48,338 [s1-impl-thread1] INFO  impl.StateMachineUpdater (StateMachineUpdater.java:stopAndJoin(163)) - s1@group-B3E3AF147792-StateMachineUpdater: set stopIndex = 2
2025-09-29 07:14:48,335 [s2-impl-thread1] INFO  server.RaftServer$Division (RaftServerImpl.java:lambda$close$1(527)) - s2@group-B3E3AF147792: shutdown
2025-09-29 07:14:48,338 [s2-impl-thread1] INFO  util.JmxRegister (JmxRegister.java:unregister(74)) - Successfully un-registered JMX Bean with object name Ratis:service=RaftServer,group=group-B3E3AF147792,id=s2
2025-09-29 07:14:48,338 [s2-impl-thread1] INFO  impl.RoleInfo (RoleInfo.java:shutdownFollowerState(121)) - s2: shutdown s2@group-B3E3AF147792-FollowerState
2025-09-29 07:14:48,338 [s2-impl-thread1] INFO  impl.StateMachineUpdater (StateMachineUpdater.java:stopAndJoin(163)) - s2@group-B3E3AF147792-StateMachineUpdater: set stopIndex = 2
2025-09-29 07:14:48,338 [s1@group-B3E3AF147792-StateMachineUpdater] INFO  impl.StateMachineUpdater (StateMachineUpdater.java:stop(140)) - s1@group-B3E3AF147792-StateMachineUpdater: closing CounterStateMachine, lastApplied=(t:1, i:2)
2025-09-29 07:14:48,338 [s2@group-B3E3AF147792-FollowerState] INFO  impl.FollowerState (FollowerState.java:runImpl(170)) - s2@group-B3E3AF147792-FollowerState was interrupted
2025-09-29 07:14:48,335 [MiniRaftCluster-21] INFO  server.GrpcServicesImpl (GrpcServicesImpl.java:closeImpl(347)) - s2: shutdown server org.apache.ratis.grpc.server.GrpcClientProtocolService now
2025-09-29 07:14:48,339 [s2@group-B3E3AF147792-StateMachineUpdater] INFO  impl.StateMachineUpdater (StateMachineUpdater.java:stop(140)) - s2@group-B3E3AF147792-StateMachineUpdater: closing CounterStateMachine, lastApplied=(t:1, i:2)
2025-09-29 07:14:48,338 [s0@group-B3E3AF147792-StateMachineUpdater] INFO  impl.StateMachineUpdater (StateMachineUpdater.java:stop(140)) - s0@group-B3E3AF147792-StateMachineUpdater: closing CounterStateMachine, lastApplied=(t:1, i:2)
2025-09-29 07:14:48,338 [s1@group-B3E3AF147792-FollowerState] INFO  impl.FollowerState (FollowerState.java:runImpl(170)) - s1@group-B3E3AF147792-FollowerState was interrupted
2025-09-29 07:14:48,340 [MiniRaftCluster-19] INFO  server.GrpcServicesImpl (GrpcServicesImpl.java:closeImpl(356)) - s0: shutdown server org.apache.ratis.grpc.server.GrpcClientProtocolService successfully
2025-09-29 07:14:48,341 [MiniRaftCluster-19] INFO  server.GrpcServicesImpl (GrpcServicesImpl.java:closeImpl(347)) - s0: shutdown server GrpcServerProtocolService now
2025-09-29 07:14:48,336 [s0-impl-thread1] INFO  impl.StateMachineUpdater (StateMachineUpdater.java:stopAndJoin(163)) - s0@group-B3E3AF147792-StateMachineUpdater: set stopIndex = 2
2025-09-29 07:14:48,342 [s0@group-B3E3AF147792-cacheEviction-AwaitToRun] INFO  util.AwaitToRun (AwaitToRun.java:run(49)) - s0@group-B3E3AF147792-cacheEviction-AwaitToRun-AwaitForSignal is interrupted
2025-09-29 07:14:48,343 [s2@group-B3E3AF147792-cacheEviction-AwaitToRun] INFO  util.AwaitToRun (AwaitToRun.java:run(49)) - s2@group-B3E3AF147792-cacheEviction-AwaitToRun-AwaitForSignal is interrupted
2025-09-29 07:14:48,342 [MiniRaftCluster-21] INFO  server.GrpcServicesImpl (GrpcServicesImpl.java:closeImpl(356)) - s2: shutdown server org.apache.ratis.grpc.server.GrpcClientProtocolService successfully
2025-09-29 07:14:48,345 [MiniRaftCluster-21] INFO  server.GrpcServicesImpl (GrpcServicesImpl.java:closeImpl(347)) - s2: shutdown server GrpcServerProtocolService now
2025-09-29 07:14:48,344 [s1@group-B3E3AF147792-cacheEviction-AwaitToRun] INFO  util.AwaitToRun (AwaitToRun.java:run(49)) - s1@group-B3E3AF147792-cacheEviction-AwaitToRun-AwaitForSignal is interrupted
2025-09-29 07:14:48,346 [MiniRaftCluster-21] INFO  server.GrpcServicesImpl (GrpcServicesImpl.java:closeImpl(356)) - s2: shutdown server GrpcServerProtocolService successfully
2025-09-29 07:14:48,346 [MiniRaftCluster-21] INFO  server.GrpcServicesImpl (GrpcServicesImpl.java:closeImpl(347)) - s2: shutdown server org.apache.ratis.grpc.server.GrpcAdminProtocolService now
2025-09-29 07:14:48,347 [MiniRaftCluster-19] INFO  server.GrpcServicesImpl (GrpcServicesImpl.java:closeImpl(356)) - s0: shutdown server GrpcServerProtocolService successfully
2025-09-29 07:14:48,347 [MiniRaftCluster-19] INFO  server.GrpcServicesImpl (GrpcServicesImpl.java:closeImpl(347)) - s0: shutdown server org.apache.ratis.grpc.server.GrpcAdminProtocolService now
2025-09-29 07:14:48,345 [Thread-281] INFO  server.GrpcServerProtocolClient (GrpcServerProtocolClient.java:close(94)) - s0 Close channels
2025-09-29 07:14:48,347 [MiniRaftCluster-21] INFO  server.GrpcServicesImpl (GrpcServicesImpl.java:closeImpl(356)) - s2: shutdown server org.apache.ratis.grpc.server.GrpcAdminProtocolService successfully
2025-09-29 07:14:48,348 [MiniRaftCluster-19] INFO  server.GrpcServicesImpl (GrpcServicesImpl.java:closeImpl(356)) - s0: shutdown server org.apache.ratis.grpc.server.GrpcAdminProtocolService successfully
2025-09-29 07:14:48,348 [MiniRaftCluster-20] INFO  server.GrpcServicesImpl (GrpcServicesImpl.java:closeImpl(356)) - s1: shutdown server org.apache.ratis.grpc.server.GrpcClientProtocolService successfully
2025-09-29 07:14:48,348 [MiniRaftCluster-20] INFO  server.GrpcServicesImpl (GrpcServicesImpl.java:closeImpl(347)) - s1: shutdown server GrpcServerProtocolService now
2025-09-29 07:14:48,348 [MiniRaftCluster-20] INFO  server.GrpcServicesImpl (GrpcServicesImpl.java:closeImpl(356)) - s1: shutdown server GrpcServerProtocolService successfully
2025-09-29 07:14:48,349 [MiniRaftCluster-20] INFO  server.GrpcServicesImpl (GrpcServicesImpl.java:closeImpl(347)) - s1: shutdown server org.apache.ratis.grpc.server.GrpcAdminProtocolService now
2025-09-29 07:14:48,349 [MiniRaftCluster-20] INFO  server.GrpcServicesImpl (GrpcServicesImpl.java:closeImpl(356)) - s1: shutdown server org.apache.ratis.grpc.server.GrpcAdminProtocolService successfully
2025-09-29 07:14:49,224 [s0-impl-thread1] INFO  segmented.SegmentedRaftLogWorker (SegmentedRaftLogWorker.java:close(254)) - s0@group-B3E3AF147792-SegmentedRaftLogWorker close()
2025-09-29 07:14:49,225 [s1-impl-thread1] INFO  segmented.SegmentedRaftLogWorker (SegmentedRaftLogWorker.java:close(254)) - s1@group-B3E3AF147792-SegmentedRaftLogWorker close()
2025-09-29 07:14:49,225 [s2-impl-thread1] INFO  segmented.SegmentedRaftLogWorker (SegmentedRaftLogWorker.java:close(254)) - s2@group-B3E3AF147792-SegmentedRaftLogWorker close()
2025-09-29 07:14:49,225 [JvmPauseMonitor9] INFO  util.JvmPauseMonitor (JvmPauseMonitor.java:run(152)) - JvmPauseMonitor-s0: Stopped
2025-09-29 07:14:49,226 [JvmPauseMonitor10] INFO  util.JvmPauseMonitor (JvmPauseMonitor.java:run(152)) - JvmPauseMonitor-s1: Stopped
2025-09-29 07:14:49,226 [JvmPauseMonitor11] INFO  util.JvmPauseMonitor (JvmPauseMonitor.java:run(152)) - JvmPauseMonitor-s2: Stopped
2025-09-29 07:14:49,227 [main] INFO  impl.MiniRaftCluster (MiniRaftCluster.java:shutdown(848)) - MiniRaftClusterWithGrpc shutdown completed
2025-09-29 07:14:49,227 [main] INFO  impl.MiniRaftCluster (MiniRaftCluster.java:shutdown(824)) - ************************************************************** 
2025-09-29 07:14:49,227 [main] INFO  impl.MiniRaftCluster (MiniRaftCluster.java:shutdown(825)) - *** 
2025-09-29 07:14:49,228 [main] INFO  impl.MiniRaftCluster (MiniRaftCluster.java:shutdown(826)) - ***     Stopping MiniRaftClusterWithGrpc
2025-09-29 07:14:49,228 [main] INFO  impl.MiniRaftCluster (MiniRaftCluster.java:shutdown(827)) - *** 
2025-09-29 07:14:49,228 [main] INFO  impl.MiniRaftCluster (MiniRaftCluster.java:shutdown(828)) - ************************************************************** 
2025-09-29 07:14:49,228 [main] INFO  impl.MiniRaftCluster (MiniRaftCluster.java:shutdown(829)) - printing ALL groups
  s0:   CLOSED  FOLLOWER (CLOSED): s0@group-B3E3AF147792:t1, leader=null, voted=s0, raftlog=Memoized:s0@group-B3E3AF147792-SegmentedRaftLog:CLOSED:c2, conf=conf: {index: 0, cur=peers:[s0|localhost:15036, s1|localhost:15040, s2|localhost:15044]|listeners:[], old=null}
  s1:   CLOSED  FOLLOWER (CLOSED): s1@group-B3E3AF147792:t1, leader=s0, voted=s0, raftlog=Memoized:s1@group-B3E3AF147792-SegmentedRaftLog:CLOSED:c2, conf=conf: {index: 0, cur=peers:[s0|localhost:15036, s1|localhost:15040, s2|localhost:15044]|listeners:[], old=null}
  s2:   CLOSED  FOLLOWER (CLOSED): s2@group-B3E3AF147792:t1, leader=s0, voted=s0, raftlog=Memoized:s2@group-B3E3AF147792-SegmentedRaftLog:CLOSED:c2, conf=conf: {index: 0, cur=peers:[s0|localhost:15036, s1|localhost:15040, s2|localhost:15044]|listeners:[], old=null}
2025-09-29 07:14:49,229 [main] INFO  impl.MiniRaftCluster (MiniRaftCluster.java:shutdown(848)) - MiniRaftClusterWithGrpc shutdown completed
]]></system-out>
  </testcase>
  <testcase name="testFollowerLeaseRead" classname="org.apache.ratis.grpc.TestReadOnlyRequestWithGrpc" time="2.424">
    <system-out><![CDATA[2025-09-29 07:14:49,231 [main] INFO  util.LogUtils (Slf4jUtils.java:setLogLevel(38)) - Successfully set org.apache.ratis.conf.ConfUtils log level to WARN
2025-09-29 07:14:49,231 [main] INFO  util.LogUtils (Slf4jUtils.java:setLogLevel(38)) - Successfully set org.apache.ratis.util.FileUtils log level to TRACE
2025-09-29 07:14:49,231 [main] INFO  util.LogUtils (Slf4jUtils.java:setLogLevel(38)) - Successfully set org.apache.ratis.server.RaftServer$Division log level to DEBUG
2025-09-29 07:14:49,234 [main] INFO  impl.MiniRaftCluster (MiniRaftCluster.java:runWithNewCluster(136)) - Running runWithNewCluster
2025-09-29 07:14:49,235 [main] INFO  impl.MiniRaftCluster (MiniRaftCluster.java:<init>(296)) - new MiniRaftClusterWithGrpc with group-39511C4E8760:[s0|localhost:15048, s1|localhost:15052, s2|localhost:15056]
2025-09-29 07:14:49,235 [main] INFO  impl.MiniRaftCluster (MiniRaftCluster.java:start(329)) - .............................................................. 
2025-09-29 07:14:49,235 [main] INFO  impl.MiniRaftCluster (MiniRaftCluster.java:start(330)) - ... 
2025-09-29 07:14:49,236 [main] INFO  impl.MiniRaftCluster (MiniRaftCluster.java:start(331)) - ...     Starting MiniRaftClusterWithGrpc
2025-09-29 07:14:49,236 [main] INFO  impl.MiniRaftCluster (MiniRaftCluster.java:start(332)) - ... 
2025-09-29 07:14:49,236 [main] INFO  impl.MiniRaftCluster (MiniRaftCluster.java:start(333)) - .............................................................. 
2025-09-29 07:14:49,236 [main] INFO  impl.MiniRaftCluster (MiniRaftCluster.java:initServers(308)) - servers = {}
2025-09-29 07:14:49,236 [main] INFO  impl.MiniRaftCluster (MiniRaftCluster.java:newRaftServer(375)) - newRaftServer: s0, group-39511C4E8760:[s0|localhost:15048, s1|localhost:15052, s2|localhost:15056], format? true
2025-09-29 07:14:49,236 [main] TRACE util.FileUtils (FileUtils.java:deleteFully(355)) - deleteFully target/test/data/6b14e155/MiniRaftClusterWithGrpc84f90eb4/s0
2025-09-29 07:14:49,237 [main] TRACE util.FileUtils (FileUtils.java:deleteFully(368)) - deleteFully: target/test/data/6b14e155/MiniRaftClusterWithGrpc84f90eb4/s0 does not exist.
2025-09-29 07:14:49,237 [main] INFO  impl.MiniRaftCluster (MiniRaftCluster.java:newRaftServer(380)) - Formatted directory target/test/data/6b14e155/MiniRaftClusterWithGrpc84f90eb4/s0
2025-09-29 07:14:49,238 [main] INFO  server.RaftServer (VersionInfo.java:printStartupMessages(132)) - Starting Apache Ratis Test -- RaftServerProxy s0
2025-09-29 07:14:49,238 [main] INFO  server.RaftServer (VersionInfo.java:printStartupMessages(136)) -                version: 3.1.3
2025-09-29 07:14:49,238 [main] INFO  server.RaftServer (VersionInfo.java:printStartupMessages(136)) -                    url: https://github.com/apache/ratis
2025-09-29 07:14:49,238 [main] INFO  server.RaftServer (VersionInfo.java:printStartupMessages(136)) -               revision: d902c593e11de03b157527cf3ee9a12cdd9ad451
2025-09-29 07:14:49,239 [main] INFO  server.RaftServer (VersionInfo.java:printStartupMessages(139)) -                   java: OpenJDK 64-Bit Server VM 1.8.0_462-b08
2025-09-29 07:14:49,239 [main] INFO  server.RaftServer (VersionInfo.java:printStartupMessages(139)) -                   user: runner
2025-09-29 07:14:49,239 [main] INFO  grpc.GrpcConfigKeys (ConfUtils.java:logFallback(69)) - raft.grpc.admin.host = null (fallback to raft.grpc.server.host)
2025-09-29 07:14:49,239 [main] INFO  grpc.GrpcConfigKeys (ConfUtils.java:logGet(62)) - raft.grpc.admin.port = 15049 (custom)
2025-09-29 07:14:49,240 [main] INFO  grpc.GrpcConfigKeys (ConfUtils.java:logFallback(69)) - raft.grpc.client.host = null (fallback to raft.grpc.server.host)
2025-09-29 07:14:49,240 [main] INFO  grpc.GrpcConfigKeys (ConfUtils.java:logGet(62)) - raft.grpc.client.port = 15050 (custom)
2025-09-29 07:14:49,240 [main] INFO  grpc.GrpcConfigKeys (ConfUtils.java:logGet(62)) - raft.grpc.server.port = 15048 (custom)
2025-09-29 07:14:49,242 [main] INFO  server.RaftServerConfigKeys (ConfUtils.java:logGet(62)) - raft.server.storage.dir = [/home/runner/work/ratis/ratis/ratis-test/target/test/data/6b14e155/MiniRaftClusterWithGrpc84f90eb4/s0] (custom)
2025-09-29 07:14:49,243 [main] INFO  server.RaftServer (RaftServerProxy.java:addNew(106)) - s0: addNew group-39511C4E8760:[s0|localhost:15048, s1|localhost:15052, s2|localhost:15056] returns group-39511C4E8760:java.util.concurrent.CompletableFuture@77d3c3d7[Not completed]
2025-09-29 07:14:49,244 [main] INFO  impl.MiniRaftCluster (MiniRaftCluster.java:newRaftServer(375)) - newRaftServer: s1, group-39511C4E8760:[s0|localhost:15048, s1|localhost:15052, s2|localhost:15056], format? true
2025-09-29 07:14:49,244 [main] TRACE util.FileUtils (FileUtils.java:deleteFully(355)) - deleteFully target/test/data/6b14e155/MiniRaftClusterWithGrpc84f90eb4/s1
2025-09-29 07:14:49,244 [main] TRACE util.FileUtils (FileUtils.java:deleteFully(368)) - deleteFully: target/test/data/6b14e155/MiniRaftClusterWithGrpc84f90eb4/s1 does not exist.
2025-09-29 07:14:49,245 [main] INFO  impl.MiniRaftCluster (MiniRaftCluster.java:newRaftServer(380)) - Formatted directory target/test/data/6b14e155/MiniRaftClusterWithGrpc84f90eb4/s1
2025-09-29 07:14:49,245 [main] INFO  server.RaftServer (VersionInfo.java:printStartupMessages(132)) - Starting Apache Ratis Test -- RaftServerProxy s1
2025-09-29 07:14:49,245 [main] INFO  server.RaftServer (VersionInfo.java:printStartupMessages(136)) -                version: 3.1.3
2025-09-29 07:14:49,246 [main] INFO  server.RaftServer (VersionInfo.java:printStartupMessages(136)) -                    url: https://github.com/apache/ratis
2025-09-29 07:14:49,246 [main] INFO  server.RaftServer (VersionInfo.java:printStartupMessages(136)) -               revision: d902c593e11de03b157527cf3ee9a12cdd9ad451
2025-09-29 07:14:49,246 [main] INFO  server.RaftServer (VersionInfo.java:printStartupMessages(139)) -                   java: OpenJDK 64-Bit Server VM 1.8.0_462-b08
2025-09-29 07:14:49,243 [s0-groupManagement] INFO  server.RaftServer$Division (RaftServerImpl.java:<init>(268)) - s0: new RaftServerImpl for group-39511C4E8760:[s0|localhost:15048, s1|localhost:15052, s2|localhost:15056] with CounterStateMachine-13:uninitialized
2025-09-29 07:14:49,248 [s0-groupManagement] INFO  server.RaftServer$Division (ServerState.java:<init>(114)) - s0@group-39511C4E8760: ConfigurationManager, init=conf: {index: -1, cur=peers:[s0|localhost:15048, s1|localhost:15052, s2|localhost:15056]|listeners:[], old=null}, confs=<EMPTY_MAP>
2025-09-29 07:14:49,248 [main] INFO  server.RaftServer (VersionInfo.java:printStartupMessages(139)) -                   user: runner
2025-09-29 07:14:49,249 [main] INFO  grpc.GrpcConfigKeys (ConfUtils.java:logFallback(69)) - raft.grpc.admin.host = null (fallback to raft.grpc.server.host)
2025-09-29 07:14:49,249 [main] INFO  grpc.GrpcConfigKeys (ConfUtils.java:logGet(62)) - raft.grpc.admin.port = 15053 (custom)
2025-09-29 07:14:49,249 [main] INFO  grpc.GrpcConfigKeys (ConfUtils.java:logFallback(69)) - raft.grpc.client.host = null (fallback to raft.grpc.server.host)
2025-09-29 07:14:49,249 [main] INFO  grpc.GrpcConfigKeys (ConfUtils.java:logGet(62)) - raft.grpc.client.port = 15054 (custom)
2025-09-29 07:14:49,250 [main] INFO  grpc.GrpcConfigKeys (ConfUtils.java:logGet(62)) - raft.grpc.server.port = 15052 (custom)
2025-09-29 07:14:49,252 [main] INFO  server.RaftServerConfigKeys (ConfUtils.java:logGet(62)) - raft.server.storage.dir = [/home/runner/work/ratis/ratis/ratis-test/target/test/data/6b14e155/MiniRaftClusterWithGrpc84f90eb4/s1] (custom)
2025-09-29 07:14:49,252 [main] INFO  server.RaftServer (RaftServerProxy.java:addNew(106)) - s1: addNew group-39511C4E8760:[s0|localhost:15048, s1|localhost:15052, s2|localhost:15056] returns group-39511C4E8760:java.util.concurrent.CompletableFuture@21f479cd[Not completed]
2025-09-29 07:14:49,253 [s1-groupManagement] INFO  server.RaftServer$Division (RaftServerImpl.java:<init>(268)) - s1: new RaftServerImpl for group-39511C4E8760:[s0|localhost:15048, s1|localhost:15052, s2|localhost:15056] with CounterStateMachine-14:uninitialized
2025-09-29 07:14:49,253 [main] INFO  impl.MiniRaftCluster (MiniRaftCluster.java:newRaftServer(375)) - newRaftServer: s2, group-39511C4E8760:[s0|localhost:15048, s1|localhost:15052, s2|localhost:15056], format? true
2025-09-29 07:14:49,253 [main] TRACE util.FileUtils (FileUtils.java:deleteFully(355)) - deleteFully target/test/data/6b14e155/MiniRaftClusterWithGrpc84f90eb4/s2
2025-09-29 07:14:49,253 [s1-groupManagement] INFO  server.RaftServer$Division (ServerState.java:<init>(114)) - s1@group-39511C4E8760: ConfigurationManager, init=conf: {index: -1, cur=peers:[s0|localhost:15048, s1|localhost:15052, s2|localhost:15056]|listeners:[], old=null}, confs=<EMPTY_MAP>
2025-09-29 07:14:49,253 [main] TRACE util.FileUtils (FileUtils.java:deleteFully(368)) - deleteFully: target/test/data/6b14e155/MiniRaftClusterWithGrpc84f90eb4/s2 does not exist.
2025-09-29 07:14:49,253 [main] INFO  impl.MiniRaftCluster (MiniRaftCluster.java:newRaftServer(380)) - Formatted directory target/test/data/6b14e155/MiniRaftClusterWithGrpc84f90eb4/s2
2025-09-29 07:14:49,254 [main] INFO  server.RaftServer (VersionInfo.java:printStartupMessages(132)) - Starting Apache Ratis Test -- RaftServerProxy s2
2025-09-29 07:14:49,254 [main] INFO  server.RaftServer (VersionInfo.java:printStartupMessages(136)) -                version: 3.1.3
2025-09-29 07:14:49,254 [main] INFO  server.RaftServer (VersionInfo.java:printStartupMessages(136)) -                    url: https://github.com/apache/ratis
2025-09-29 07:14:49,255 [main] INFO  server.RaftServer (VersionInfo.java:printStartupMessages(136)) -               revision: d902c593e11de03b157527cf3ee9a12cdd9ad451
2025-09-29 07:14:49,255 [main] INFO  server.RaftServer (VersionInfo.java:printStartupMessages(139)) -                   java: OpenJDK 64-Bit Server VM 1.8.0_462-b08
2025-09-29 07:14:49,255 [main] INFO  server.RaftServer (VersionInfo.java:printStartupMessages(139)) -                   user: runner
2025-09-29 07:14:49,255 [main] INFO  grpc.GrpcConfigKeys (ConfUtils.java:logFallback(69)) - raft.grpc.admin.host = null (fallback to raft.grpc.server.host)
2025-09-29 07:14:49,255 [main] INFO  grpc.GrpcConfigKeys (ConfUtils.java:logGet(62)) - raft.grpc.admin.port = 15057 (custom)
2025-09-29 07:14:49,256 [main] INFO  grpc.GrpcConfigKeys (ConfUtils.java:logFallback(69)) - raft.grpc.client.host = null (fallback to raft.grpc.server.host)
2025-09-29 07:14:49,256 [main] INFO  grpc.GrpcConfigKeys (ConfUtils.java:logGet(62)) - raft.grpc.client.port = 15058 (custom)
2025-09-29 07:14:49,256 [main] INFO  grpc.GrpcConfigKeys (ConfUtils.java:logGet(62)) - raft.grpc.server.port = 15056 (custom)
2025-09-29 07:14:49,258 [main] INFO  server.RaftServerConfigKeys (ConfUtils.java:logGet(62)) - raft.server.storage.dir = [/home/runner/work/ratis/ratis/ratis-test/target/test/data/6b14e155/MiniRaftClusterWithGrpc84f90eb4/s2] (custom)
2025-09-29 07:14:49,258 [main] INFO  server.RaftServer (RaftServerProxy.java:addNew(106)) - s2: addNew group-39511C4E8760:[s0|localhost:15048, s1|localhost:15052, s2|localhost:15056] returns group-39511C4E8760:java.util.concurrent.CompletableFuture@447543ee[Not completed]
2025-09-29 07:14:49,258 [s2-groupManagement] INFO  server.RaftServer$Division (RaftServerImpl.java:<init>(268)) - s2: new RaftServerImpl for group-39511C4E8760:[s0|localhost:15048, s1|localhost:15052, s2|localhost:15056] with CounterStateMachine-15:uninitialized
2025-09-29 07:14:49,259 [s2-groupManagement] INFO  server.RaftServer$Division (ServerState.java:<init>(114)) - s2@group-39511C4E8760: ConfigurationManager, init=conf: {index: -1, cur=peers:[s0|localhost:15048, s1|localhost:15052, s2|localhost:15056]|listeners:[], old=null}, confs=<EMPTY_MAP>
2025-09-29 07:14:49,259 [s0-impl-thread1] INFO  server.RaftServerConfigKeys (ConfUtils.java:logGet(62)) - raft.server.storage.dir = [/home/runner/work/ratis/ratis/ratis-test/target/test/data/6b14e155/MiniRaftClusterWithGrpc84f90eb4/s0] (custom)
2025-09-29 07:14:49,259 [s0-impl-thread1] INFO  storage.RaftStorageDirectory (RaftStorageDirectoryImpl.java:analyzeStorage(138)) - The storage directory /home/runner/work/ratis/ratis/ratis-test/target/test/data/6b14e155/MiniRaftClusterWithGrpc84f90eb4/s0/05977896-be65-49ae-acdb-39511c4e8760 does not exist. Creating ...
2025-09-29 07:14:49,260 [s0-impl-thread1] TRACE util.FileUtils (LogUtils.java:runAndLog(49)) - Successfully ran Files.createDirectories /home/runner/work/ratis/ratis/ratis-test/target/test/data/6b14e155/MiniRaftClusterWithGrpc84f90eb4/s0/05977896-be65-49ae-acdb-39511c4e8760
2025-09-29 07:14:49,261 [s0-impl-thread1] INFO  storage.RaftStorageDirectory (RaftStorageDirectoryImpl.java:tryLock(229)) - Lock on /home/runner/work/ratis/ratis/ratis-test/target/test/data/6b14e155/MiniRaftClusterWithGrpc84f90eb4/s0/05977896-be65-49ae-acdb-39511c4e8760/in_use.lock acquired by nodename 24167@runnervm3ublj
2025-09-29 07:14:49,261 [s0-impl-thread1] TRACE util.FileUtils (LogUtils.java:runAndLog(49)) - Successfully ran Files.createDirectories /home/runner/work/ratis/ratis/ratis-test/target/test/data/6b14e155/MiniRaftClusterWithGrpc84f90eb4/s0/05977896-be65-49ae-acdb-39511c4e8760/current
2025-09-29 07:14:49,261 [s0-impl-thread1] TRACE util.FileUtils (LogUtils.java:runAndLog(49)) - Successfully ran Files.createDirectories /home/runner/work/ratis/ratis/ratis-test/target/test/data/6b14e155/MiniRaftClusterWithGrpc84f90eb4/s0/05977896-be65-49ae-acdb-39511c4e8760/sm
2025-09-29 07:14:49,261 [s0-impl-thread1] TRACE util.FileUtils (LogUtils.java:supplyAndLog(69)) - Successfully supplied FileChannel.open /home/runner/work/ratis/ratis/ratis-test/target/test/data/6b14e155/MiniRaftClusterWithGrpc84f90eb4/s0/05977896-be65-49ae-acdb-39511c4e8760/current/raft-meta.tmp with options [CREATE, TRUNCATE_EXISTING, WRITE]: sun.nio.ch.FileChannelImpl@26b87615
2025-09-29 07:14:49,262 [s0-impl-thread1] TRACE util.FileUtils (LogUtils.java:runAndLog(49)) - Successfully ran Atomic Files.move /home/runner/work/ratis/ratis/ratis-test/target/test/data/6b14e155/MiniRaftClusterWithGrpc84f90eb4/s0/05977896-be65-49ae-acdb-39511c4e8760/current/raft-meta.tmp to /home/runner/work/ratis/ratis/ratis-test/target/test/data/6b14e155/MiniRaftClusterWithGrpc84f90eb4/s0/05977896-be65-49ae-acdb-39511c4e8760/current/raft-meta with options [REPLACE_EXISTING]
2025-09-29 07:14:49,262 [s0-impl-thread1] INFO  storage.RaftStorage (RaftStorageImpl.java:format(98)) - Storage directory /home/runner/work/ratis/ratis/ratis-test/target/test/data/6b14e155/MiniRaftClusterWithGrpc84f90eb4/s0/05977896-be65-49ae-acdb-39511c4e8760 has been successfully formatted.
2025-09-29 07:14:49,263 [s0-impl-thread1] INFO  server.RaftServer$Division (ServerState.java:getSnapshotIndexFromStateMachine(154)) - s0@group-39511C4E8760: getLatestSnapshot(CounterStateMachine-13:s0:group-39511C4E8760) returns null
2025-09-29 07:14:49,263 [s0-impl-thread1] INFO  raftlog.RaftLog (RaftLogBase.java:<init>(90)) - s0@group-39511C4E8760-SegmentedRaftLog: snapshotIndexFromStateMachine = -1
2025-09-29 07:14:49,264 [s0-impl-thread1] INFO  util.AwaitToRun (AwaitToRun.java:start(81)) - Thread[s0@group-39511C4E8760-cacheEviction-AwaitToRun,5,main] started
2025-09-29 07:14:49,264 [s0-impl-thread1] INFO  segmented.SegmentedRaftLogWorker (SegmentedRaftLogWorker.java:<init>(190)) - new s0@group-39511C4E8760-SegmentedRaftLogWorker for RaftStorageImpl:Storage Directory /home/runner/work/ratis/ratis/ratis-test/target/test/data/6b14e155/MiniRaftClusterWithGrpc84f90eb4/s0/05977896-be65-49ae-acdb-39511c4e8760
2025-09-29 07:14:49,265 [s0-impl-thread1] INFO  segmented.SegmentedRaftLogWorker (SegmentedRaftLogWorker.java:lambda$new$0(141)) - s0@group-39511C4E8760-SegmentedRaftLogWorker: flushIndex: setUnconditionally 0 -> -1
2025-09-29 07:14:49,265 [s0-impl-thread1] INFO  segmented.SegmentedRaftLogWorker (SegmentedRaftLogWorker.java:lambda$new$0(141)) - s0@group-39511C4E8760-SegmentedRaftLogWorker: safeCacheEvictIndex: setUnconditionally 0 -> -1
2025-09-29 07:14:49,266 [s0-impl-thread1] INFO  server.RaftServer$Division (RaftServerImpl.java:start(405)) - s0@group-39511C4E8760: start as a follower, conf=conf: {index: -1, cur=peers:[s0|localhost:15048, s1|localhost:15052, s2|localhost:15056]|listeners:[], old=null}
2025-09-29 07:14:49,266 [s0-impl-thread1] INFO  server.RaftServer$Division (RaftServerImpl.java:setRole(392)) - s0@group-39511C4E8760: changes role from      null to FOLLOWER at term 0 for startAsFollower
2025-09-29 07:14:49,266 [s0-impl-thread1] INFO  impl.RoleInfo (RoleInfo.java:updateAndGet(148)) - s0: start s0@group-39511C4E8760-FollowerState
2025-09-29 07:14:49,267 [s0@group-39511C4E8760-FollowerState] INFO  server.RaftServerConfigKeys (ConfUtils.java:logFallback(69)) - raft.server.rpc.first-election.timeout.min = 150ms (fallback to raft.server.rpc.timeout.min)
2025-09-29 07:14:49,267 [s0@group-39511C4E8760-FollowerState] INFO  server.RaftServerConfigKeys (ConfUtils.java:logFallback(69)) - raft.server.rpc.first-election.timeout.max = 300ms (fallback to raft.server.rpc.timeout.max)
2025-09-29 07:14:49,267 [s0-impl-thread1] INFO  util.JmxRegister (JmxRegister.java:tryRegister(44)) - Successfully registered JMX Bean with object name Ratis:service=RaftServer,group=group-39511C4E8760,id=s0
2025-09-29 07:14:49,267 [s0-impl-thread1] INFO  util.JmxRegister (JmxRegister.java:register(58)) - register mxBean class org.apache.ratis.server.impl.RaftServerJmxAdapter as Ratis:service=RaftServer,group=group-39511C4E8760,id=s0
2025-09-29 07:14:49,268 [s0-impl-thread1] INFO  server.RaftServer$Division (RaftServerImpl.java:start(419)) - s0@group-39511C4E8760: Successfully started.
2025-09-29 07:14:49,268 [main] INFO  server.RaftServer (RaftServerProxy.java:startImpl(415)) - s0: start RPC server
2025-09-29 07:14:49,269 [main] INFO  server.GrpcServicesImpl (GrpcServicesImpl.java:startImpl(338)) - s0: GrpcServicesImpl started, listening on 15050
2025-09-29 07:14:49,270 [main] INFO  server.GrpcServicesImpl (GrpcServicesImpl.java:startImpl(338)) - s0: GrpcServicesImpl started, listening on 15048
2025-09-29 07:14:49,271 [main] INFO  server.GrpcServicesImpl (GrpcServicesImpl.java:startImpl(338)) - s0: GrpcServicesImpl started, listening on 15049
2025-09-29 07:14:49,272 [JvmPauseMonitor12] INFO  util.JvmPauseMonitor (JvmPauseMonitor.java:run(146)) - JvmPauseMonitor-s0: Started
2025-09-29 07:14:49,272 [s1-impl-thread1] INFO  server.RaftServerConfigKeys (ConfUtils.java:logGet(62)) - raft.server.storage.dir = [/home/runner/work/ratis/ratis/ratis-test/target/test/data/6b14e155/MiniRaftClusterWithGrpc84f90eb4/s1] (custom)
2025-09-29 07:14:49,272 [s1-impl-thread1] INFO  storage.RaftStorageDirectory (RaftStorageDirectoryImpl.java:analyzeStorage(138)) - The storage directory /home/runner/work/ratis/ratis/ratis-test/target/test/data/6b14e155/MiniRaftClusterWithGrpc84f90eb4/s1/05977896-be65-49ae-acdb-39511c4e8760 does not exist. Creating ...
2025-09-29 07:14:49,273 [s1-impl-thread1] TRACE util.FileUtils (LogUtils.java:runAndLog(49)) - Successfully ran Files.createDirectories /home/runner/work/ratis/ratis/ratis-test/target/test/data/6b14e155/MiniRaftClusterWithGrpc84f90eb4/s1/05977896-be65-49ae-acdb-39511c4e8760
2025-09-29 07:14:49,273 [s1-impl-thread1] INFO  storage.RaftStorageDirectory (RaftStorageDirectoryImpl.java:tryLock(229)) - Lock on /home/runner/work/ratis/ratis/ratis-test/target/test/data/6b14e155/MiniRaftClusterWithGrpc84f90eb4/s1/05977896-be65-49ae-acdb-39511c4e8760/in_use.lock acquired by nodename 24167@runnervm3ublj
2025-09-29 07:14:49,273 [s1-impl-thread1] TRACE util.FileUtils (LogUtils.java:runAndLog(49)) - Successfully ran Files.createDirectories /home/runner/work/ratis/ratis/ratis-test/target/test/data/6b14e155/MiniRaftClusterWithGrpc84f90eb4/s1/05977896-be65-49ae-acdb-39511c4e8760/current
2025-09-29 07:14:49,274 [s1-impl-thread1] TRACE util.FileUtils (LogUtils.java:runAndLog(49)) - Successfully ran Files.createDirectories /home/runner/work/ratis/ratis/ratis-test/target/test/data/6b14e155/MiniRaftClusterWithGrpc84f90eb4/s1/05977896-be65-49ae-acdb-39511c4e8760/sm
2025-09-29 07:14:49,274 [s1-impl-thread1] TRACE util.FileUtils (LogUtils.java:supplyAndLog(69)) - Successfully supplied FileChannel.open /home/runner/work/ratis/ratis/ratis-test/target/test/data/6b14e155/MiniRaftClusterWithGrpc84f90eb4/s1/05977896-be65-49ae-acdb-39511c4e8760/current/raft-meta.tmp with options [CREATE, TRUNCATE_EXISTING, WRITE]: sun.nio.ch.FileChannelImpl@17f822c8
2025-09-29 07:14:49,275 [s1-impl-thread1] TRACE util.FileUtils (LogUtils.java:runAndLog(49)) - Successfully ran Atomic Files.move /home/runner/work/ratis/ratis/ratis-test/target/test/data/6b14e155/MiniRaftClusterWithGrpc84f90eb4/s1/05977896-be65-49ae-acdb-39511c4e8760/current/raft-meta.tmp to /home/runner/work/ratis/ratis/ratis-test/target/test/data/6b14e155/MiniRaftClusterWithGrpc84f90eb4/s1/05977896-be65-49ae-acdb-39511c4e8760/current/raft-meta with options [REPLACE_EXISTING]
2025-09-29 07:14:49,275 [s1-impl-thread1] INFO  storage.RaftStorage (RaftStorageImpl.java:format(98)) - Storage directory /home/runner/work/ratis/ratis/ratis-test/target/test/data/6b14e155/MiniRaftClusterWithGrpc84f90eb4/s1/05977896-be65-49ae-acdb-39511c4e8760 has been successfully formatted.
2025-09-29 07:14:49,275 [s1-impl-thread1] INFO  server.RaftServer$Division (ServerState.java:getSnapshotIndexFromStateMachine(154)) - s1@group-39511C4E8760: getLatestSnapshot(CounterStateMachine-14:s1:group-39511C4E8760) returns null
2025-09-29 07:14:49,275 [s1-impl-thread1] INFO  raftlog.RaftLog (RaftLogBase.java:<init>(90)) - s1@group-39511C4E8760-SegmentedRaftLog: snapshotIndexFromStateMachine = -1
2025-09-29 07:14:49,276 [s1-impl-thread1] INFO  util.AwaitToRun (AwaitToRun.java:start(81)) - Thread[s1@group-39511C4E8760-cacheEviction-AwaitToRun,5,main] started
2025-09-29 07:14:49,276 [s1-impl-thread1] INFO  segmented.SegmentedRaftLogWorker (SegmentedRaftLogWorker.java:<init>(190)) - new s1@group-39511C4E8760-SegmentedRaftLogWorker for RaftStorageImpl:Storage Directory /home/runner/work/ratis/ratis/ratis-test/target/test/data/6b14e155/MiniRaftClusterWithGrpc84f90eb4/s1/05977896-be65-49ae-acdb-39511c4e8760
2025-09-29 07:14:49,278 [s1-impl-thread1] INFO  segmented.SegmentedRaftLogWorker (SegmentedRaftLogWorker.java:lambda$new$0(141)) - s1@group-39511C4E8760-SegmentedRaftLogWorker: flushIndex: setUnconditionally 0 -> -1
2025-09-29 07:14:49,279 [s1-impl-thread1] INFO  segmented.SegmentedRaftLogWorker (SegmentedRaftLogWorker.java:lambda$new$0(141)) - s1@group-39511C4E8760-SegmentedRaftLogWorker: safeCacheEvictIndex: setUnconditionally 0 -> -1
2025-09-29 07:14:49,279 [s1-impl-thread1] INFO  server.RaftServer$Division (RaftServerImpl.java:start(405)) - s1@group-39511C4E8760: start as a follower, conf=conf: {index: -1, cur=peers:[s0|localhost:15048, s1|localhost:15052, s2|localhost:15056]|listeners:[], old=null}
2025-09-29 07:14:49,279 [s1-impl-thread1] INFO  server.RaftServer$Division (RaftServerImpl.java:setRole(392)) - s1@group-39511C4E8760: changes role from      null to FOLLOWER at term 0 for startAsFollower
2025-09-29 07:14:49,279 [s1-impl-thread1] INFO  impl.RoleInfo (RoleInfo.java:updateAndGet(148)) - s1: start s1@group-39511C4E8760-FollowerState
2025-09-29 07:14:49,280 [s1-impl-thread1] INFO  util.JmxRegister (JmxRegister.java:tryRegister(44)) - Successfully registered JMX Bean with object name Ratis:service=RaftServer,group=group-39511C4E8760,id=s1
2025-09-29 07:14:49,280 [s1-impl-thread1] INFO  util.JmxRegister (JmxRegister.java:register(58)) - register mxBean class org.apache.ratis.server.impl.RaftServerJmxAdapter as Ratis:service=RaftServer,group=group-39511C4E8760,id=s1
2025-09-29 07:14:49,281 [s1@group-39511C4E8760-FollowerState] INFO  server.RaftServerConfigKeys (ConfUtils.java:logFallback(69)) - raft.server.rpc.first-election.timeout.min = 150ms (fallback to raft.server.rpc.timeout.min)
2025-09-29 07:14:49,281 [s1@group-39511C4E8760-FollowerState] INFO  server.RaftServerConfigKeys (ConfUtils.java:logFallback(69)) - raft.server.rpc.first-election.timeout.max = 300ms (fallback to raft.server.rpc.timeout.max)
2025-09-29 07:14:49,281 [s1-impl-thread1] INFO  server.RaftServer$Division (RaftServerImpl.java:start(419)) - s1@group-39511C4E8760: Successfully started.
2025-09-29 07:14:49,282 [main] INFO  server.RaftServer (RaftServerProxy.java:startImpl(415)) - s1: start RPC server
2025-09-29 07:14:49,283 [main] INFO  server.GrpcServicesImpl (GrpcServicesImpl.java:startImpl(338)) - s1: GrpcServicesImpl started, listening on 15054
2025-09-29 07:14:49,283 [main] INFO  server.GrpcServicesImpl (GrpcServicesImpl.java:startImpl(338)) - s1: GrpcServicesImpl started, listening on 15052
2025-09-29 07:14:49,284 [main] INFO  server.GrpcServicesImpl (GrpcServicesImpl.java:startImpl(338)) - s1: GrpcServicesImpl started, listening on 15053
2025-09-29 07:14:49,285 [s2-impl-thread1] INFO  server.RaftServerConfigKeys (ConfUtils.java:logGet(62)) - raft.server.storage.dir = [/home/runner/work/ratis/ratis/ratis-test/target/test/data/6b14e155/MiniRaftClusterWithGrpc84f90eb4/s2] (custom)
2025-09-29 07:14:49,285 [s2-impl-thread1] INFO  storage.RaftStorageDirectory (RaftStorageDirectoryImpl.java:analyzeStorage(138)) - The storage directory /home/runner/work/ratis/ratis/ratis-test/target/test/data/6b14e155/MiniRaftClusterWithGrpc84f90eb4/s2/05977896-be65-49ae-acdb-39511c4e8760 does not exist. Creating ...
2025-09-29 07:14:49,285 [s2-impl-thread1] TRACE util.FileUtils (LogUtils.java:runAndLog(49)) - Successfully ran Files.createDirectories /home/runner/work/ratis/ratis/ratis-test/target/test/data/6b14e155/MiniRaftClusterWithGrpc84f90eb4/s2/05977896-be65-49ae-acdb-39511c4e8760
2025-09-29 07:14:49,286 [JvmPauseMonitor13] INFO  util.JvmPauseMonitor (JvmPauseMonitor.java:run(146)) - JvmPauseMonitor-s1: Started
2025-09-29 07:14:49,286 [s2-impl-thread1] INFO  storage.RaftStorageDirectory (RaftStorageDirectoryImpl.java:tryLock(229)) - Lock on /home/runner/work/ratis/ratis/ratis-test/target/test/data/6b14e155/MiniRaftClusterWithGrpc84f90eb4/s2/05977896-be65-49ae-acdb-39511c4e8760/in_use.lock acquired by nodename 24167@runnervm3ublj
2025-09-29 07:14:49,287 [s2-impl-thread1] TRACE util.FileUtils (LogUtils.java:runAndLog(49)) - Successfully ran Files.createDirectories /home/runner/work/ratis/ratis/ratis-test/target/test/data/6b14e155/MiniRaftClusterWithGrpc84f90eb4/s2/05977896-be65-49ae-acdb-39511c4e8760/current
2025-09-29 07:14:49,287 [s2-impl-thread1] TRACE util.FileUtils (LogUtils.java:runAndLog(49)) - Successfully ran Files.createDirectories /home/runner/work/ratis/ratis/ratis-test/target/test/data/6b14e155/MiniRaftClusterWithGrpc84f90eb4/s2/05977896-be65-49ae-acdb-39511c4e8760/sm
2025-09-29 07:14:49,287 [s2-impl-thread1] TRACE util.FileUtils (LogUtils.java:supplyAndLog(69)) - Successfully supplied FileChannel.open /home/runner/work/ratis/ratis/ratis-test/target/test/data/6b14e155/MiniRaftClusterWithGrpc84f90eb4/s2/05977896-be65-49ae-acdb-39511c4e8760/current/raft-meta.tmp with options [CREATE, TRUNCATE_EXISTING, WRITE]: sun.nio.ch.FileChannelImpl@ec59327
2025-09-29 07:14:49,288 [s2-impl-thread1] TRACE util.FileUtils (LogUtils.java:runAndLog(49)) - Successfully ran Atomic Files.move /home/runner/work/ratis/ratis/ratis-test/target/test/data/6b14e155/MiniRaftClusterWithGrpc84f90eb4/s2/05977896-be65-49ae-acdb-39511c4e8760/current/raft-meta.tmp to /home/runner/work/ratis/ratis/ratis-test/target/test/data/6b14e155/MiniRaftClusterWithGrpc84f90eb4/s2/05977896-be65-49ae-acdb-39511c4e8760/current/raft-meta with options [REPLACE_EXISTING]
2025-09-29 07:14:49,288 [s2-impl-thread1] INFO  storage.RaftStorage (RaftStorageImpl.java:format(98)) - Storage directory /home/runner/work/ratis/ratis/ratis-test/target/test/data/6b14e155/MiniRaftClusterWithGrpc84f90eb4/s2/05977896-be65-49ae-acdb-39511c4e8760 has been successfully formatted.
2025-09-29 07:14:49,288 [s2-impl-thread1] INFO  server.RaftServer$Division (ServerState.java:getSnapshotIndexFromStateMachine(154)) - s2@group-39511C4E8760: getLatestSnapshot(CounterStateMachine-15:s2:group-39511C4E8760) returns null
2025-09-29 07:14:49,288 [s2-impl-thread1] INFO  raftlog.RaftLog (RaftLogBase.java:<init>(90)) - s2@group-39511C4E8760-SegmentedRaftLog: snapshotIndexFromStateMachine = -1
2025-09-29 07:14:49,289 [s2-impl-thread1] INFO  util.AwaitToRun (AwaitToRun.java:start(81)) - Thread[s2@group-39511C4E8760-cacheEviction-AwaitToRun,5,main] started
2025-09-29 07:14:49,289 [s2-impl-thread1] INFO  segmented.SegmentedRaftLogWorker (SegmentedRaftLogWorker.java:<init>(190)) - new s2@group-39511C4E8760-SegmentedRaftLogWorker for RaftStorageImpl:Storage Directory /home/runner/work/ratis/ratis/ratis-test/target/test/data/6b14e155/MiniRaftClusterWithGrpc84f90eb4/s2/05977896-be65-49ae-acdb-39511c4e8760
2025-09-29 07:14:49,292 [s2-impl-thread1] INFO  segmented.SegmentedRaftLogWorker (SegmentedRaftLogWorker.java:lambda$new$0(141)) - s2@group-39511C4E8760-SegmentedRaftLogWorker: flushIndex: setUnconditionally 0 -> -1
2025-09-29 07:14:49,292 [s2-impl-thread1] INFO  segmented.SegmentedRaftLogWorker (SegmentedRaftLogWorker.java:lambda$new$0(141)) - s2@group-39511C4E8760-SegmentedRaftLogWorker: safeCacheEvictIndex: setUnconditionally 0 -> -1
2025-09-29 07:14:49,293 [s2-impl-thread1] INFO  server.RaftServer$Division (RaftServerImpl.java:start(405)) - s2@group-39511C4E8760: start as a follower, conf=conf: {index: -1, cur=peers:[s0|localhost:15048, s1|localhost:15052, s2|localhost:15056]|listeners:[], old=null}
2025-09-29 07:14:49,293 [s2-impl-thread1] INFO  server.RaftServer$Division (RaftServerImpl.java:setRole(392)) - s2@group-39511C4E8760: changes role from      null to FOLLOWER at term 0 for startAsFollower
2025-09-29 07:14:49,293 [s2-impl-thread1] INFO  impl.RoleInfo (RoleInfo.java:updateAndGet(148)) - s2: start s2@group-39511C4E8760-FollowerState
2025-09-29 07:14:49,294 [s2-impl-thread1] INFO  util.JmxRegister (JmxRegister.java:tryRegister(44)) - Successfully registered JMX Bean with object name Ratis:service=RaftServer,group=group-39511C4E8760,id=s2
2025-09-29 07:14:49,294 [s2-impl-thread1] INFO  util.JmxRegister (JmxRegister.java:register(58)) - register mxBean class org.apache.ratis.server.impl.RaftServerJmxAdapter as Ratis:service=RaftServer,group=group-39511C4E8760,id=s2
2025-09-29 07:14:49,294 [s2@group-39511C4E8760-FollowerState] INFO  server.RaftServerConfigKeys (ConfUtils.java:logFallback(69)) - raft.server.rpc.first-election.timeout.min = 150ms (fallback to raft.server.rpc.timeout.min)
2025-09-29 07:14:49,294 [s2@group-39511C4E8760-FollowerState] INFO  server.RaftServerConfigKeys (ConfUtils.java:logFallback(69)) - raft.server.rpc.first-election.timeout.max = 300ms (fallback to raft.server.rpc.timeout.max)
2025-09-29 07:14:49,294 [s2-impl-thread1] INFO  server.RaftServer$Division (RaftServerImpl.java:start(419)) - s2@group-39511C4E8760: Successfully started.
2025-09-29 07:14:49,295 [main] INFO  server.RaftServer (RaftServerProxy.java:startImpl(415)) - s2: start RPC server
2025-09-29 07:14:49,296 [main] INFO  server.GrpcServicesImpl (GrpcServicesImpl.java:startImpl(338)) - s2: GrpcServicesImpl started, listening on 15058
2025-09-29 07:14:49,296 [main] INFO  server.GrpcServicesImpl (GrpcServicesImpl.java:startImpl(338)) - s2: GrpcServicesImpl started, listening on 15056
2025-09-29 07:14:49,297 [main] INFO  server.GrpcServicesImpl (GrpcServicesImpl.java:startImpl(338)) - s2: GrpcServicesImpl started, listening on 15057
2025-09-29 07:14:49,298 [JvmPauseMonitor14] INFO  util.JvmPauseMonitor (JvmPauseMonitor.java:run(146)) - JvmPauseMonitor-s2: Started
2025-09-29 07:14:49,298 [main] INFO  ratis.RaftTestUtil (RaftTestUtil.java:waitForLeader(107)) - printing ALL groups
  s0:  RUNNING  FOLLOWER (RUNNING): s0@group-39511C4E8760:t0, leader=null, voted=, raftlog=Memoized:s0@group-39511C4E8760-SegmentedRaftLog:OPENED:c-1:lastnull, conf=conf: {index: -1, cur=peers:[s0|localhost:15048, s1|localhost:15052, s2|localhost:15056]|listeners:[], old=null}
  s1:  RUNNING  FOLLOWER (RUNNING): s1@group-39511C4E8760:t0, leader=null, voted=, raftlog=Memoized:s1@group-39511C4E8760-SegmentedRaftLog:OPENED:c-1:lastnull, conf=conf: {index: -1, cur=peers:[s0|localhost:15048, s1|localhost:15052, s2|localhost:15056]|listeners:[], old=null}
  s2:  RUNNING  FOLLOWER (RUNNING): s2@group-39511C4E8760:t0, leader=null, voted=, raftlog=Memoized:s2@group-39511C4E8760-SegmentedRaftLog:OPENED:c-1:lastnull, conf=conf: {index: -1, cur=peers:[s0|localhost:15048, s1|localhost:15052, s2|localhost:15056]|listeners:[], old=null}
2025-09-29 07:14:49,299 [main] WARN  ratis.RaftTestUtil (RaftTestUtil.java:lambda$waitForLeader$3(126)) - Attempt #1 failed: java.lang.IllegalStateException: No leader yet : printing ALL groups
  s0:  RUNNING  FOLLOWER (RUNNING): s0@group-39511C4E8760:t0, leader=null, voted=, raftlog=Memoized:s0@group-39511C4E8760-SegmentedRaftLog:OPENED:c-1:lastnull, conf=conf: {index: -1, cur=peers:[s0|localhost:15048, s1|localhost:15052, s2|localhost:15056]|listeners:[], old=null}
  s1:  RUNNING  FOLLOWER (RUNNING): s1@group-39511C4E8760:t0, leader=null, voted=, raftlog=Memoized:s1@group-39511C4E8760-SegmentedRaftLog:OPENED:c-1:lastnull, conf=conf: {index: -1, cur=peers:[s0|localhost:15048, s1|localhost:15052, s2|localhost:15056]|listeners:[], old=null}
  s2:  RUNNING  FOLLOWER (RUNNING): s2@group-39511C4E8760:t0, leader=null, voted=, raftlog=Memoized:s2@group-39511C4E8760-SegmentedRaftLog:OPENED:c-1:lastnull, conf=conf: {index: -1, cur=peers:[s0|localhost:15048, s1|localhost:15052, s2|localhost:15056]|listeners:[], old=null}
2025-09-29 07:14:49,437 [s1@group-39511C4E8760-FollowerState] INFO  impl.FollowerState (FollowerState.java:runImpl(161)) - s1@group-39511C4E8760-FollowerState: change to CANDIDATE, lastRpcElapsedTime:157900585ns, electionTimeout:156ms
2025-09-29 07:14:49,438 [s1@group-39511C4E8760-FollowerState] INFO  impl.RoleInfo (RoleInfo.java:shutdownFollowerState(121)) - s1: shutdown s1@group-39511C4E8760-FollowerState
2025-09-29 07:14:49,438 [s1@group-39511C4E8760-FollowerState] INFO  server.RaftServer$Division (RaftServerImpl.java:setRole(392)) - s1@group-39511C4E8760: changes role from  FOLLOWER to CANDIDATE at term 0 for changeToCandidate
2025-09-29 07:14:49,438 [s1@group-39511C4E8760-FollowerState] INFO  impl.RoleInfo (RoleInfo.java:updateAndGet(148)) - s1: start s1@group-39511C4E8760-LeaderElection9
2025-09-29 07:14:49,439 [s1@group-39511C4E8760-LeaderElection9] INFO  impl.LeaderElection (LeaderElection.java:askForVotes(448)) - s1@group-39511C4E8760-LeaderElection9 PRE_VOTE round 0: submit vote requests at term 0 for conf: {index: -1, cur=peers:[s0|localhost:15048, s1|localhost:15052, s2|localhost:15056]|listeners:[], old=null}
2025-09-29 07:14:49,439 [s1@group-39511C4E8760-LeaderElection9-1] INFO  server.GrpcServerProtocolClient (GrpcServerProtocolClient.java:<init>(64)) - Build channel for s0|localhost:15048
2025-09-29 07:14:49,439 [s1@group-39511C4E8760-LeaderElection9-2] INFO  server.GrpcServerProtocolClient (GrpcServerProtocolClient.java:<init>(64)) - Build channel for s2|localhost:15056
2025-09-29 07:14:49,439 [s1@group-39511C4E8760-LeaderElection9] INFO  server.RaftServerConfigKeys (ConfUtils.java:logFallback(69)) - raft.server.rpc.first-election.timeout.min = 150ms (fallback to raft.server.rpc.timeout.min)
2025-09-29 07:14:49,440 [s1@group-39511C4E8760-LeaderElection9] INFO  server.RaftServerConfigKeys (ConfUtils.java:logFallback(69)) - raft.server.rpc.first-election.timeout.max = 300ms (fallback to raft.server.rpc.timeout.max)
2025-09-29 07:14:49,462 [grpc-default-executor-2] INFO  server.RaftServer$Division (RaftServerImpl.java:requestVote(1433)) - s2@group-39511C4E8760: receive requestVote(PRE_VOTE, s1, group-39511C4E8760, 0, <PROTO_DEFAULT>)
2025-09-29 07:14:49,462 [grpc-default-executor-18] INFO  server.RaftServer$Division (RaftServerImpl.java:requestVote(1433)) - s0@group-39511C4E8760: receive requestVote(PRE_VOTE, s1, group-39511C4E8760, 0, <PROTO_DEFAULT>)
2025-09-29 07:14:49,462 [grpc-default-executor-2] INFO  impl.VoteContext (VoteContext.java:log(49)) - s2@group-39511C4E8760-FOLLOWER: accept PRE_VOTE from s1: our priority 0 <= candidate's priority 0
2025-09-29 07:14:49,462 [grpc-default-executor-2] INFO  server.RaftServer$Division (RaftServerImpl.java:requestVote(1467)) - s2@group-39511C4E8760 replies to PRE_VOTE vote request: s1<-s2#0:OK-t0-last:<INITIAL_VALUE>. Peer's state: s2@group-39511C4E8760:t0, leader=null, voted=, raftlog=Memoized:s2@group-39511C4E8760-SegmentedRaftLog:OPENED:c-1:lastnull, conf=conf: {index: -1, cur=peers:[s0|localhost:15048, s1|localhost:15052, s2|localhost:15056]|listeners:[], old=null}
2025-09-29 07:14:49,462 [grpc-default-executor-18] INFO  impl.VoteContext (VoteContext.java:log(49)) - s0@group-39511C4E8760-FOLLOWER: accept PRE_VOTE from s1: our priority 0 <= candidate's priority 0
2025-09-29 07:14:49,462 [grpc-default-executor-18] INFO  server.RaftServer$Division (RaftServerImpl.java:requestVote(1467)) - s0@group-39511C4E8760 replies to PRE_VOTE vote request: s1<-s0#0:OK-t0-last:<INITIAL_VALUE>. Peer's state: s0@group-39511C4E8760:t0, leader=null, voted=, raftlog=Memoized:s0@group-39511C4E8760-SegmentedRaftLog:OPENED:c-1:lastnull, conf=conf: {index: -1, cur=peers:[s0|localhost:15048, s1|localhost:15052, s2|localhost:15056]|listeners:[], old=null}
2025-09-29 07:14:49,463 [s1@group-39511C4E8760-LeaderElection9] INFO  impl.LeaderElection (LeaderElection.java:logAndReturn(206)) - s1@group-39511C4E8760-LeaderElection9: PRE_VOTE PASSED received 1 response(s) and 0 exception(s):
2025-09-29 07:14:49,464 [s1@group-39511C4E8760-LeaderElection9] INFO  impl.LeaderElection (LeaderElection.java:logAndReturn(210)) -   Response 0: s1<-s2#0:OK-t0-last:<INITIAL_VALUE>
2025-09-29 07:14:49,464 [s1@group-39511C4E8760-LeaderElection9] INFO  impl.LeaderElection (LeaderElection.java:askForVotes(450)) - s1@group-39511C4E8760-LeaderElection9 PRE_VOTE round 0: result PASSED
2025-09-29 07:14:49,464 [s1@group-39511C4E8760-LeaderElection9] TRACE util.FileUtils (LogUtils.java:supplyAndLog(69)) - Successfully supplied FileChannel.open /home/runner/work/ratis/ratis/ratis-test/target/test/data/6b14e155/MiniRaftClusterWithGrpc84f90eb4/s1/05977896-be65-49ae-acdb-39511c4e8760/current/raft-meta.tmp with options [CREATE, TRUNCATE_EXISTING, WRITE]: sun.nio.ch.FileChannelImpl@3e9a0d0e
2025-09-29 07:14:49,465 [s1@group-39511C4E8760-LeaderElection9] TRACE util.FileUtils (LogUtils.java:runAndLog(49)) - Successfully ran Atomic Files.move /home/runner/work/ratis/ratis/ratis-test/target/test/data/6b14e155/MiniRaftClusterWithGrpc84f90eb4/s1/05977896-be65-49ae-acdb-39511c4e8760/current/raft-meta.tmp to /home/runner/work/ratis/ratis/ratis-test/target/test/data/6b14e155/MiniRaftClusterWithGrpc84f90eb4/s1/05977896-be65-49ae-acdb-39511c4e8760/current/raft-meta with options [REPLACE_EXISTING]
2025-09-29 07:14:49,465 [s1@group-39511C4E8760-LeaderElection9] INFO  impl.LeaderElection (LeaderElection.java:askForVotes(448)) - s1@group-39511C4E8760-LeaderElection9 ELECTION round 0: submit vote requests at term 1 for conf: {index: -1, cur=peers:[s0|localhost:15048, s1|localhost:15052, s2|localhost:15056]|listeners:[], old=null}
2025-09-29 07:14:49,466 [s1@group-39511C4E8760-LeaderElection9] INFO  server.RaftServerConfigKeys (ConfUtils.java:logFallback(69)) - raft.server.rpc.first-election.timeout.min = 150ms (fallback to raft.server.rpc.timeout.min)
2025-09-29 07:14:49,466 [s1@group-39511C4E8760-LeaderElection9] INFO  server.RaftServerConfigKeys (ConfUtils.java:logFallback(69)) - raft.server.rpc.first-election.timeout.max = 300ms (fallback to raft.server.rpc.timeout.max)
2025-09-29 07:14:49,468 [grpc-default-executor-2] INFO  server.RaftServer$Division (RaftServerImpl.java:requestVote(1433)) - s0@group-39511C4E8760: receive requestVote(ELECTION, s1, group-39511C4E8760, 1, <PROTO_DEFAULT>)
2025-09-29 07:14:49,468 [grpc-default-executor-2] INFO  impl.VoteContext (VoteContext.java:log(49)) - s0@group-39511C4E8760-FOLLOWER: accept ELECTION from s1: our priority 0 <= candidate's priority 0
2025-09-29 07:14:49,468 [grpc-default-executor-18] INFO  server.RaftServer$Division (RaftServerImpl.java:requestVote(1433)) - s2@group-39511C4E8760: receive requestVote(ELECTION, s1, group-39511C4E8760, 1, <PROTO_DEFAULT>)
2025-09-29 07:14:49,469 [grpc-default-executor-2] INFO  server.RaftServer$Division (RaftServerImpl.java:setRole(392)) - s0@group-39511C4E8760: changes role from  FOLLOWER to FOLLOWER at term 0 for candidate:s1
2025-09-29 07:14:49,469 [grpc-default-executor-2] INFO  impl.RoleInfo (RoleInfo.java:shutdownFollowerState(121)) - s0: shutdown s0@group-39511C4E8760-FollowerState
2025-09-29 07:14:49,469 [grpc-default-executor-18] INFO  impl.VoteContext (VoteContext.java:log(49)) - s2@group-39511C4E8760-FOLLOWER: accept ELECTION from s1: our priority 0 <= candidate's priority 0
2025-09-29 07:14:49,469 [grpc-default-executor-2] INFO  impl.RoleInfo (RoleInfo.java:updateAndGet(148)) - s0: start s0@group-39511C4E8760-FollowerState
2025-09-29 07:14:49,469 [s0@group-39511C4E8760-FollowerState] INFO  impl.FollowerState (FollowerState.java:runImpl(170)) - s0@group-39511C4E8760-FollowerState was interrupted
2025-09-29 07:14:49,470 [grpc-default-executor-2] INFO  server.RaftServer$Division (RaftServerImpl.java:setFirstElection(576)) - s0@group-39511C4E8760: set firstElectionSinceStartup to false for candidate:s1
2025-09-29 07:14:49,470 [grpc-default-executor-2] TRACE util.FileUtils (LogUtils.java:supplyAndLog(69)) - Successfully supplied FileChannel.open /home/runner/work/ratis/ratis/ratis-test/target/test/data/6b14e155/MiniRaftClusterWithGrpc84f90eb4/s0/05977896-be65-49ae-acdb-39511c4e8760/current/raft-meta.tmp with options [CREATE, TRUNCATE_EXISTING, WRITE]: sun.nio.ch.FileChannelImpl@46784804
2025-09-29 07:14:49,469 [grpc-default-executor-18] INFO  server.RaftServer$Division (RaftServerImpl.java:setRole(392)) - s2@group-39511C4E8760: changes role from  FOLLOWER to FOLLOWER at term 0 for candidate:s1
2025-09-29 07:14:49,470 [grpc-default-executor-18] INFO  impl.RoleInfo (RoleInfo.java:shutdownFollowerState(121)) - s2: shutdown s2@group-39511C4E8760-FollowerState
2025-09-29 07:14:49,471 [grpc-default-executor-18] INFO  impl.RoleInfo (RoleInfo.java:updateAndGet(148)) - s2: start s2@group-39511C4E8760-FollowerState
2025-09-29 07:14:49,471 [s2@group-39511C4E8760-FollowerState] INFO  impl.FollowerState (FollowerState.java:runImpl(170)) - s2@group-39511C4E8760-FollowerState was interrupted
2025-09-29 07:14:49,472 [grpc-default-executor-18] INFO  server.RaftServer$Division (RaftServerImpl.java:setFirstElection(576)) - s2@group-39511C4E8760: set firstElectionSinceStartup to false for candidate:s1
2025-09-29 07:14:49,472 [grpc-default-executor-18] TRACE util.FileUtils (LogUtils.java:supplyAndLog(69)) - Successfully supplied FileChannel.open /home/runner/work/ratis/ratis/ratis-test/target/test/data/6b14e155/MiniRaftClusterWithGrpc84f90eb4/s2/05977896-be65-49ae-acdb-39511c4e8760/current/raft-meta.tmp with options [CREATE, TRUNCATE_EXISTING, WRITE]: sun.nio.ch.FileChannelImpl@3e6227cb
2025-09-29 07:14:49,472 [grpc-default-executor-2] TRACE util.FileUtils (LogUtils.java:runAndLog(49)) - Successfully ran Atomic Files.move /home/runner/work/ratis/ratis/ratis-test/target/test/data/6b14e155/MiniRaftClusterWithGrpc84f90eb4/s0/05977896-be65-49ae-acdb-39511c4e8760/current/raft-meta.tmp to /home/runner/work/ratis/ratis/ratis-test/target/test/data/6b14e155/MiniRaftClusterWithGrpc84f90eb4/s0/05977896-be65-49ae-acdb-39511c4e8760/current/raft-meta with options [REPLACE_EXISTING]
2025-09-29 07:14:49,473 [grpc-default-executor-2] INFO  server.RaftServer$Division (RaftServerImpl.java:requestVote(1467)) - s0@group-39511C4E8760 replies to ELECTION vote request: s1<-s0#0:OK-t1-last:<INITIAL_VALUE>. Peer's state: s0@group-39511C4E8760:t1, leader=null, voted=s1, raftlog=Memoized:s0@group-39511C4E8760-SegmentedRaftLog:OPENED:c-1:lastnull, conf=conf: {index: -1, cur=peers:[s0|localhost:15048, s1|localhost:15052, s2|localhost:15056]|listeners:[], old=null}
2025-09-29 07:14:49,473 [grpc-default-executor-18] TRACE util.FileUtils (LogUtils.java:runAndLog(49)) - Successfully ran Atomic Files.move /home/runner/work/ratis/ratis/ratis-test/target/test/data/6b14e155/MiniRaftClusterWithGrpc84f90eb4/s2/05977896-be65-49ae-acdb-39511c4e8760/current/raft-meta.tmp to /home/runner/work/ratis/ratis/ratis-test/target/test/data/6b14e155/MiniRaftClusterWithGrpc84f90eb4/s2/05977896-be65-49ae-acdb-39511c4e8760/current/raft-meta with options [REPLACE_EXISTING]
2025-09-29 07:14:49,473 [grpc-default-executor-18] INFO  server.RaftServer$Division (RaftServerImpl.java:requestVote(1467)) - s2@group-39511C4E8760 replies to ELECTION vote request: s1<-s2#0:OK-t1-last:<INITIAL_VALUE>. Peer's state: s2@group-39511C4E8760:t1, leader=null, voted=s1, raftlog=Memoized:s2@group-39511C4E8760-SegmentedRaftLog:OPENED:c-1:lastnull, conf=conf: {index: -1, cur=peers:[s0|localhost:15048, s1|localhost:15052, s2|localhost:15056]|listeners:[], old=null}
2025-09-29 07:14:49,475 [s1@group-39511C4E8760-LeaderElection9] INFO  impl.LeaderElection (LeaderElection.java:logAndReturn(206)) - s1@group-39511C4E8760-LeaderElection9: ELECTION PASSED received 1 response(s) and 0 exception(s):
2025-09-29 07:14:49,475 [s1@group-39511C4E8760-LeaderElection9] INFO  impl.LeaderElection (LeaderElection.java:logAndReturn(210)) -   Response 0: s1<-s0#0:OK-t1-last:<INITIAL_VALUE>
2025-09-29 07:14:49,475 [s1@group-39511C4E8760-LeaderElection9] INFO  impl.LeaderElection (LeaderElection.java:askForVotes(450)) - s1@group-39511C4E8760-LeaderElection9 ELECTION round 0: result PASSED
2025-09-29 07:14:49,475 [s1@group-39511C4E8760-LeaderElection9] INFO  impl.RoleInfo (RoleInfo.java:shutdownLeaderElection(141)) - s1: shutdown s1@group-39511C4E8760-LeaderElection9
2025-09-29 07:14:49,475 [s1@group-39511C4E8760-LeaderElection9] INFO  server.RaftServer$Division (RaftServerImpl.java:setRole(392)) - s1@group-39511C4E8760: changes role from CANDIDATE to LEADER at term 1 for changeToLeader
2025-09-29 07:14:49,476 [s1@group-39511C4E8760-LeaderElection9] INFO  server.RaftServerConfigKeys (ConfUtils.java:logFallback(69)) - raft.server.staging.timeout = 900ms (fallback to raft.server.rpc.timeout.max)
2025-09-29 07:14:49,477 [s1@group-39511C4E8760-LeaderElection9] INFO  impl.RoleInfo (RoleInfo.java:updateAndGet(148)) - s1: start s1@group-39511C4E8760-LeaderStateImpl
2025-09-29 07:14:49,477 [s1@group-39511C4E8760-LeaderElection9] INFO  server.RaftServer$Division (RaftServerImpl.java:setFirstElection(576)) - s1@group-39511C4E8760: set firstElectionSinceStartup to false for becomeLeader
2025-09-29 07:14:49,477 [s1@group-39511C4E8760-LeaderElection9] INFO  server.RaftServer$Division (ServerState.java:setLeader(277)) - s1@group-39511C4E8760: change Leader from null to s1 at term 1 for becomeLeader, leader elected after 223ms
2025-09-29 07:14:49,477 [s1@group-39511C4E8760-LeaderElection9] INFO  segmented.SegmentedRaftLogWorker (SegmentedRaftLogWorker.java:startLogSegment(440)) - s1@group-39511C4E8760-SegmentedRaftLogWorker: Starting segment from index:0
2025-09-29 07:14:49,478 [s1@group-39511C4E8760-LeaderElection9] INFO  server.RaftServer$Division (ServerState.java:setRaftConf(391)) - s1@group-39511C4E8760: set configuration conf: {index: 0, cur=peers:[s0|localhost:15048, s1|localhost:15052, s2|localhost:15056]|listeners:[], old=null}
2025-09-29 07:14:49,479 [s1@group-39511C4E8760-SegmentedRaftLogWorker] INFO  segmented.BufferedWriteChannel (BufferedWriteChannel.java:open(61)) - open log_inprogress_0 at position 0
2025-09-29 07:14:49,487 [s1@group-39511C4E8760-SegmentedRaftLogWorker] INFO  segmented.SegmentedRaftLogWorker (SegmentedRaftLogWorker.java:execute(647)) - s1@group-39511C4E8760-SegmentedRaftLogWorker: created new log segment /home/runner/work/ratis/ratis/ratis-test/target/test/data/6b14e155/MiniRaftClusterWithGrpc84f90eb4/s1/05977896-be65-49ae-acdb-39511c4e8760/current/log_inprogress_0
2025-09-29 07:14:49,490 [grpc-default-executor-18] INFO  server.RaftServer$Division (ServerState.java:setLeader(277)) - s2@group-39511C4E8760: change Leader from null to s1 at term 1 for appendEntries, leader elected after 230ms
2025-09-29 07:14:49,491 [grpc-default-executor-18] INFO  server.RaftServer$Division (ServerState.java:setLeader(277)) - s0@group-39511C4E8760: change Leader from null to s1 at term 1 for appendEntries, leader elected after 242ms
2025-09-29 07:14:49,494 [grpc-default-executor-18] DEBUG server.RaftServer$Division (RaftServerImpl.java:logAppendEntries(1536)) - s2@group-39511C4E8760: appendEntries* s1->s2#1-t1,previous=<PROTO_DEFAULT>,leaderCommit=-1,initializing? false,entries: size=1, first=(t:1, i:0), CONFIGURATIONENTRY(current:id:"s0"address:"localhost:15048"dataStreamAddress:"localhost:15051"clientAddress:"localhost:15050"adminAddress:"localhost:15049"startupRole:FOLLOWER, id:"s1"address:"localhost:15052"dataStreamAddress:"localhost:15055"clientAddress:"localhost:15054"adminAddress:"localhost:15053"startupRole:FOLLOWER, id:"s2"address:"localhost:15056"dataStreamAddress:"localhost:15059"clientAddress:"localhost:15058"adminAddress:"localhost:15057"startupRole:FOLLOWER, old:)
2025-09-29 07:14:49,494 [grpc-default-executor-15] DEBUG server.RaftServer$Division (RaftServerImpl.java:logAppendEntries(1536)) - s0@group-39511C4E8760: appendEntries* s1->s0#1-t1,previous=<PROTO_DEFAULT>,leaderCommit=-1,initializing? false,entries: size=1, first=(t:1, i:0), CONFIGURATIONENTRY(current:id:"s0"address:"localhost:15048"dataStreamAddress:"localhost:15051"clientAddress:"localhost:15050"adminAddress:"localhost:15049"startupRole:FOLLOWER, id:"s1"address:"localhost:15052"dataStreamAddress:"localhost:15055"clientAddress:"localhost:15054"adminAddress:"localhost:15053"startupRole:FOLLOWER, id:"s2"address:"localhost:15056"dataStreamAddress:"localhost:15059"clientAddress:"localhost:15058"adminAddress:"localhost:15057"startupRole:FOLLOWER, old:)
2025-09-29 07:14:49,494 [grpc-default-executor-15] INFO  server.RaftServer$Division (ServerState.java:setRaftConf(391)) - s0@group-39511C4E8760: set configuration conf: {index: 0, cur=peers:[s0|localhost:15048, s1|localhost:15052, s2|localhost:15056]|listeners:[], old=null}
2025-09-29 07:14:49,495 [s0-server-thread1] INFO  segmented.SegmentedRaftLogWorker (SegmentedRaftLogWorker.java:startLogSegment(440)) - s0@group-39511C4E8760-SegmentedRaftLogWorker: Starting segment from index:0
2025-09-29 07:14:49,494 [grpc-default-executor-18] INFO  server.RaftServer$Division (ServerState.java:setRaftConf(391)) - s2@group-39511C4E8760: set configuration conf: {index: 0, cur=peers:[s0|localhost:15048, s1|localhost:15052, s2|localhost:15056]|listeners:[], old=null}
2025-09-29 07:14:49,496 [s2-server-thread1] INFO  segmented.SegmentedRaftLogWorker (SegmentedRaftLogWorker.java:startLogSegment(440)) - s2@group-39511C4E8760-SegmentedRaftLogWorker: Starting segment from index:0
2025-09-29 07:14:49,497 [s2@group-39511C4E8760-SegmentedRaftLogWorker] INFO  segmented.BufferedWriteChannel (BufferedWriteChannel.java:open(61)) - open log_inprogress_0 at position 0
2025-09-29 07:14:49,498 [s0@group-39511C4E8760-SegmentedRaftLogWorker] INFO  segmented.BufferedWriteChannel (BufferedWriteChannel.java:open(61)) - open log_inprogress_0 at position 0
2025-09-29 07:14:49,504 [s2@group-39511C4E8760-SegmentedRaftLogWorker] INFO  segmented.SegmentedRaftLogWorker (SegmentedRaftLogWorker.java:execute(647)) - s2@group-39511C4E8760-SegmentedRaftLogWorker: created new log segment /home/runner/work/ratis/ratis/ratis-test/target/test/data/6b14e155/MiniRaftClusterWithGrpc84f90eb4/s2/05977896-be65-49ae-acdb-39511c4e8760/current/log_inprogress_0
2025-09-29 07:14:49,505 [s0@group-39511C4E8760-SegmentedRaftLogWorker] INFO  segmented.SegmentedRaftLogWorker (SegmentedRaftLogWorker.java:execute(647)) - s0@group-39511C4E8760-SegmentedRaftLogWorker: created new log segment /home/runner/work/ratis/ratis/ratis-test/target/test/data/6b14e155/MiniRaftClusterWithGrpc84f90eb4/s0/05977896-be65-49ae-acdb-39511c4e8760/current/log_inprogress_0
2025-09-29 07:14:49,506 [s0-server-thread1] DEBUG server.RaftServer$Division (RaftServerImpl.java:logAppendEntries(1536)) - s0@group-39511C4E8760: appendEntries* reply s1<-s0#1:OK-t1,SUCCESS,nextIndex=1,followerCommit=-1,matchIndex=0
2025-09-29 07:14:49,506 [s2-server-thread1] DEBUG server.RaftServer$Division (RaftServerImpl.java:logAppendEntries(1536)) - s2@group-39511C4E8760: appendEntries* reply s1<-s2#1:OK-t1,SUCCESS,nextIndex=1,followerCommit=-1,matchIndex=0
2025-09-29 07:14:49,508 [s1@group-39511C4E8760-StateMachineUpdater] TRACE util.FileUtils (LogUtils.java:supplyAndLog(69)) - Successfully supplied FileChannel.open /home/runner/work/ratis/ratis/ratis-test/target/test/data/6b14e155/MiniRaftClusterWithGrpc84f90eb4/s1/05977896-be65-49ae-acdb-39511c4e8760/current/raft-meta.conf.tmp with options [CREATE, TRUNCATE_EXISTING, WRITE]: sun.nio.ch.FileChannelImpl@f3c01ed
2025-09-29 07:14:49,509 [s1@group-39511C4E8760-StateMachineUpdater] TRACE util.FileUtils (LogUtils.java:runAndLog(49)) - Successfully ran Atomic Files.move /home/runner/work/ratis/ratis/ratis-test/target/test/data/6b14e155/MiniRaftClusterWithGrpc84f90eb4/s1/05977896-be65-49ae-acdb-39511c4e8760/current/raft-meta.conf.tmp to /home/runner/work/ratis/ratis/ratis-test/target/test/data/6b14e155/MiniRaftClusterWithGrpc84f90eb4/s1/05977896-be65-49ae-acdb-39511c4e8760/current/raft-meta.conf with options [REPLACE_EXISTING]
2025-09-29 07:14:49,509 [s1@group-39511C4E8760-StateMachineUpdater] INFO  server.RaftServer$Division (LeaderStateImpl.java:checkStartIndex(309)) - Leader s1@group-39511C4E8760-LeaderStateImpl is ready since appliedIndex == startIndex == 0
2025-09-29 07:14:49,585 [s0@group-39511C4E8760-StateMachineUpdater] TRACE util.FileUtils (LogUtils.java:supplyAndLog(69)) - Successfully supplied FileChannel.open /home/runner/work/ratis/ratis/ratis-test/target/test/data/6b14e155/MiniRaftClusterWithGrpc84f90eb4/s0/05977896-be65-49ae-acdb-39511c4e8760/current/raft-meta.conf.tmp with options [CREATE, TRUNCATE_EXISTING, WRITE]: sun.nio.ch.FileChannelImpl@1f94101d
2025-09-29 07:14:49,586 [s2@group-39511C4E8760-StateMachineUpdater] TRACE util.FileUtils (LogUtils.java:supplyAndLog(69)) - Successfully supplied FileChannel.open /home/runner/work/ratis/ratis/ratis-test/target/test/data/6b14e155/MiniRaftClusterWithGrpc84f90eb4/s2/05977896-be65-49ae-acdb-39511c4e8760/current/raft-meta.conf.tmp with options [CREATE, TRUNCATE_EXISTING, WRITE]: sun.nio.ch.FileChannelImpl@3f2f5bbe
2025-09-29 07:14:49,587 [s0@group-39511C4E8760-StateMachineUpdater] TRACE util.FileUtils (LogUtils.java:runAndLog(49)) - Successfully ran Atomic Files.move /home/runner/work/ratis/ratis/ratis-test/target/test/data/6b14e155/MiniRaftClusterWithGrpc84f90eb4/s0/05977896-be65-49ae-acdb-39511c4e8760/current/raft-meta.conf.tmp to /home/runner/work/ratis/ratis/ratis-test/target/test/data/6b14e155/MiniRaftClusterWithGrpc84f90eb4/s0/05977896-be65-49ae-acdb-39511c4e8760/current/raft-meta.conf with options [REPLACE_EXISTING]
2025-09-29 07:14:49,587 [s2@group-39511C4E8760-StateMachineUpdater] TRACE util.FileUtils (LogUtils.java:runAndLog(49)) - Successfully ran Atomic Files.move /home/runner/work/ratis/ratis/ratis-test/target/test/data/6b14e155/MiniRaftClusterWithGrpc84f90eb4/s2/05977896-be65-49ae-acdb-39511c4e8760/current/raft-meta.conf.tmp to /home/runner/work/ratis/ratis/ratis-test/target/test/data/6b14e155/MiniRaftClusterWithGrpc84f90eb4/s2/05977896-be65-49ae-acdb-39511c4e8760/current/raft-meta.conf with options [REPLACE_EXISTING]
2025-09-29 07:14:49,750 [main] INFO  ratis.RaftTestUtil (RaftTestUtil.java:waitForLeader(131)) - printing ALL groups
  s0:  RUNNING  FOLLOWER (RUNNING): s0@group-39511C4E8760:t1, leader=s1, voted=s1, raftlog=Memoized:s0@group-39511C4E8760-SegmentedRaftLog:OPENED:c0:last(t:1, i:0), conf=conf: {index: 0, cur=peers:[s0|localhost:15048, s1|localhost:15052, s2|localhost:15056]|listeners:[], old=null}
  s1:  RUNNING    LEADER (RUNNING): s1@group-39511C4E8760:t1, leader=s1, voted=s1, raftlog=Memoized:s1@group-39511C4E8760-SegmentedRaftLog:OPENED:c0:last(t:1, i:0), conf=conf: {index: 0, cur=peers:[s0|localhost:15048, s1|localhost:15052, s2|localhost:15056]|listeners:[], old=null}
  s2:  RUNNING  FOLLOWER (RUNNING): s2@group-39511C4E8760:t1, leader=s1, voted=s1, raftlog=Memoized:s2@group-39511C4E8760-SegmentedRaftLog:OPENED:c0:last(t:1, i:0), conf=conf: {index: 0, cur=peers:[s0|localhost:15048, s1|localhost:15052, s2|localhost:15056]|listeners:[], old=null}
2025-09-29 07:14:49,756 [s1-client-thread1] DEBUG server.RaftServer$Division (RaftServerImpl.java:submitClientRequestAsync(939)) - s1@group-39511C4E8760: receive client request(RaftClientRequest:client-817D3B86F409->s1@group-39511C4E8760, cid=60, seq=null, RW, Message:494e4352454d454e54)
2025-09-29 07:14:49,757 [s1-client-thread1] DEBUG server.RaftServer$Division (LeaderStateImpl.java:addPendingRequest(526)) - s1@group-39511C4E8760-LeaderStateImpl: addPendingRequest at RaftClientRequest:client-817D3B86F409->s1@group-39511C4E8760, cid=60, seq=null, RW, Message:494e4352454d454e54, entry=(t:1, i:1), STATEMACHINELOGENTRY, WRITE: logData.size=9, stateMachineData.size=0, logEntryProtoSerializedSize=0
2025-09-29 07:14:49,759 [grpc-default-executor-18] DEBUG server.RaftServer$Division (RaftServerImpl.java:logAppendEntries(1536)) - s0@group-39511C4E8760: appendEntries* s1->s0#7-t1,previous=(t:1, i:0),leaderCommit=0,initializing? false,entries: size=1, first=(t:1, i:1), STATEMACHINELOGENTRY, StateMachineLogEntryProto:60@client-817D3B86F409
2025-09-29 07:14:49,760 [grpc-default-executor-2] DEBUG server.RaftServer$Division (RaftServerImpl.java:logAppendEntries(1536)) - s2@group-39511C4E8760: appendEntries* s1->s2#7-t1,previous=(t:1, i:0),leaderCommit=0,initializing? false,entries: size=1, first=(t:1, i:1), STATEMACHINELOGENTRY, StateMachineLogEntryProto:60@client-817D3B86F409
2025-09-29 07:14:49,761 [s0-server-thread1] DEBUG server.RaftServer$Division (RaftServerImpl.java:logAppendEntries(1536)) - s0@group-39511C4E8760: appendEntries* reply s1<-s0#7:OK-t1,SUCCESS,nextIndex=2,followerCommit=0,matchIndex=1
2025-09-29 07:14:49,762 [s2-server-thread1] DEBUG server.RaftServer$Division (RaftServerImpl.java:logAppendEntries(1536)) - s2@group-39511C4E8760: appendEntries* reply s1<-s2#7:OK-t1,SUCCESS,nextIndex=2,followerCommit=0,matchIndex=1
2025-09-29 07:14:49,762 [s1@group-39511C4E8760-StateMachineUpdater] INFO  statemachine.StateMachine (ReadOnlyRequestTests.java:applyTransaction(375)) - receive command: INCREMENT
2025-09-29 07:14:49,764 [grpc-default-executor-18] DEBUG server.RaftServer$Division (RaftServerImpl.java:logAppendEntries(1536)) - s2@group-39511C4E8760: appendEntries* s1->s2#8-t1,previous=(t:1, i:1),leaderCommit=1,initializing? false,entries: size=1, first=(t:1, i:2), METADATAENTRY(c:1)
2025-09-29 07:14:49,765 [grpc-default-executor-2] DEBUG server.RaftServer$Division (RaftServerImpl.java:logAppendEntries(1536)) - s0@group-39511C4E8760: appendEntries* s1->s0#8-t1,previous=(t:1, i:1),leaderCommit=1,initializing? false,entries: size=1, first=(t:1, i:2), METADATAENTRY(c:1)
2025-09-29 07:14:49,766 [s2-server-thread1] DEBUG server.RaftServer$Division (RaftServerImpl.java:logAppendEntries(1536)) - s2@group-39511C4E8760: appendEntries* reply s1<-s2#8:OK-t1,SUCCESS,nextIndex=3,followerCommit=1,matchIndex=2
2025-09-29 07:14:49,767 [s2@group-39511C4E8760-StateMachineUpdater] INFO  statemachine.StateMachine (ReadOnlyRequestTests.java:applyTransaction(375)) - receive command: INCREMENT
2025-09-29 07:14:49,768 [s0-server-thread2] DEBUG server.RaftServer$Division (RaftServerImpl.java:logAppendEntries(1536)) - s0@group-39511C4E8760: appendEntries* reply s1<-s0#8:OK-t1,SUCCESS,nextIndex=3,followerCommit=1,matchIndex=2
2025-09-29 07:14:49,769 [s0@group-39511C4E8760-StateMachineUpdater] INFO  statemachine.StateMachine (ReadOnlyRequestTests.java:applyTransaction(375)) - receive command: INCREMENT
2025-09-29 07:14:49,772 [s0-client-thread1] DEBUG server.RaftServer$Division (RaftServerImpl.java:submitClientRequestAsync(939)) - s0@group-39511C4E8760: receive client request(RaftClientRequest:client-817D3B86F409->s0@group-39511C4E8760, cid=61, seq=null, RO, Message:5155455259)
2025-09-29 07:14:49,773 [s0-client-thread1] INFO  server.GrpcServerProtocolClient (GrpcServerProtocolClient.java:<init>(64)) - Build channel for s1|localhost:15052
2025-09-29 07:14:49,792 [s1-server-thread1] DEBUG server.RaftServer$Division (LeaderStateImpl.java:getReadIndex(1147)) - readIndex=2, readAfterWriteConsistentIndex=null
2025-09-29 07:14:49,856 [s1-client-thread1] DEBUG server.RaftServer$Division (RaftServerImpl.java:submitClientRequestAsync(939)) - s1@group-39511C4E8760: receive client request(RaftClientRequest:client-817D3B86F409->s1@group-39511C4E8760, cid=62, seq=1*, Watch(0), Message:<EMPTY>)
2025-09-29 07:14:49,856 [s1-client-thread1] DEBUG server.RaftServer$Division (LeaderStateImpl.java:addWatchRequest(544)) - s1@group-39511C4E8760-LeaderStateImpl: addWatchRequest RaftClientRequest:client-817D3B86F409->s1@group-39511C4E8760, cid=62, seq=1*, Watch(0), Message:<EMPTY>
2025-09-29 07:14:49,862 [s2-client-thread1] DEBUG server.RaftServer$Division (RaftServerImpl.java:submitClientRequestAsync(939)) - s2@group-39511C4E8760: receive client request(RaftClientRequest:client-817D3B86F409->s2@group-39511C4E8760, cid=63, seq=1*, RO, Message:5155455259)
2025-09-29 07:14:49,862 [s2-client-thread1] INFO  server.GrpcServerProtocolClient (GrpcServerProtocolClient.java:<init>(64)) - Build channel for s1|localhost:15052
2025-09-29 07:14:49,881 [s1-server-thread1] DEBUG server.RaftServer$Division (LeaderStateImpl.java:getReadIndex(1147)) - readIndex=2, readAfterWriteConsistentIndex=null
2025-09-29 07:14:49,888 [s1-client-thread1] DEBUG server.RaftServer$Division (RaftServerImpl.java:submitClientRequestAsync(939)) - s1@group-39511C4E8760: receive client request(RaftClientRequest:client-817D3B86F409->s1@group-39511C4E8760, cid=64, seq=null, RW, Message:494e4352454d454e54)
2025-09-29 07:14:49,889 [s1-client-thread1] DEBUG server.RaftServer$Division (LeaderStateImpl.java:addPendingRequest(526)) - s1@group-39511C4E8760-LeaderStateImpl: addPendingRequest at RaftClientRequest:client-817D3B86F409->s1@group-39511C4E8760, cid=64, seq=null, RW, Message:494e4352454d454e54, entry=(t:1, i:3), STATEMACHINELOGENTRY, WRITE: logData.size=9, stateMachineData.size=0, logEntryProtoSerializedSize=0
2025-09-29 07:14:49,890 [grpc-default-executor-3] DEBUG server.RaftServer$Division (RaftServerImpl.java:logAppendEntries(1536)) - s2@group-39511C4E8760: appendEntries* s1->s2#12-t1,previous=(t:1, i:2),leaderCommit=2,initializing? false,entries: size=1, first=(t:1, i:3), STATEMACHINELOGENTRY, StateMachineLogEntryProto:64@client-817D3B86F409
2025-09-29 07:14:49,891 [s2-server-thread1] DEBUG server.RaftServer$Division (RaftServerImpl.java:logAppendEntries(1536)) - s2@group-39511C4E8760: appendEntries* reply s1<-s2#12:OK-t1,SUCCESS,nextIndex=4,followerCommit=2,matchIndex=3
2025-09-29 07:14:49,892 [s1@group-39511C4E8760-StateMachineUpdater] INFO  statemachine.StateMachine (ReadOnlyRequestTests.java:applyTransaction(375)) - receive command: INCREMENT
2025-09-29 07:14:49,893 [grpc-default-executor-12] DEBUG server.RaftServer$Division (RaftServerImpl.java:logAppendEntries(1536)) - s0@group-39511C4E8760: appendEntries* s1->s0#14-t1,previous=(t:1, i:2),leaderCommit=2,initializing? false,entries: size=1, first=(t:1, i:3), STATEMACHINELOGENTRY, StateMachineLogEntryProto:64@client-817D3B86F409
2025-09-29 07:14:49,894 [s0-server-thread2] DEBUG server.RaftServer$Division (RaftServerImpl.java:logAppendEntries(1536)) - s0@group-39511C4E8760: appendEntries* reply s1<-s0#14:OK-t1,SUCCESS,nextIndex=4,followerCommit=2,matchIndex=3
2025-09-29 07:14:49,894 [grpc-default-executor-12] DEBUG server.RaftServer$Division (RaftServerImpl.java:logAppendEntries(1536)) - s0@group-39511C4E8760: appendEntries* s1->s0#15-t1,previous=(t:1, i:3),leaderCommit=3,initializing? false,entries: size=1, first=(t:1, i:4), METADATAENTRY(c:3)
2025-09-29 07:14:49,895 [s0-server-thread2] DEBUG server.RaftServer$Division (RaftServerImpl.java:logAppendEntries(1536)) - s0@group-39511C4E8760: appendEntries* reply s1<-s0#15:OK-t1,SUCCESS,nextIndex=5,followerCommit=3,matchIndex=4
2025-09-29 07:14:49,895 [grpc-default-executor-3] DEBUG server.RaftServer$Division (RaftServerImpl.java:logAppendEntries(1536)) - s2@group-39511C4E8760: appendEntries* s1->s2#13-t1,previous=(t:1, i:3),leaderCommit=3,initializing? false,entries: size=1, first=(t:1, i:4), METADATAENTRY(c:3)
2025-09-29 07:14:49,896 [s0@group-39511C4E8760-StateMachineUpdater] INFO  statemachine.StateMachine (ReadOnlyRequestTests.java:applyTransaction(375)) - receive command: INCREMENT
2025-09-29 07:14:49,898 [s2-server-thread1] DEBUG server.RaftServer$Division (RaftServerImpl.java:logAppendEntries(1536)) - s2@group-39511C4E8760: appendEntries* reply s1<-s2#13:OK-t1,SUCCESS,nextIndex=5,followerCommit=3,matchIndex=4
2025-09-29 07:14:49,898 [s2@group-39511C4E8760-StateMachineUpdater] INFO  statemachine.StateMachine (ReadOnlyRequestTests.java:applyTransaction(375)) - receive command: INCREMENT
2025-09-29 07:14:49,901 [s0-client-thread1] DEBUG server.RaftServer$Division (RaftServerImpl.java:submitClientRequestAsync(939)) - s0@group-39511C4E8760: receive client request(RaftClientRequest:client-817D3B86F409->s0@group-39511C4E8760, cid=65, seq=null, RO, Message:5155455259)
2025-09-29 07:14:49,903 [s1-server-thread1] DEBUG server.RaftServer$Division (LeaderStateImpl.java:getReadIndex(1147)) - readIndex=4, readAfterWriteConsistentIndex=null
2025-09-29 07:14:49,978 [s2-client-thread1] DEBUG server.RaftServer$Division (RaftServerImpl.java:submitClientRequestAsync(939)) - s2@group-39511C4E8760: receive client request(RaftClientRequest:client-817D3B86F409->s2@group-39511C4E8760, cid=66, seq=2, RO, Message:5155455259)
2025-09-29 07:14:49,980 [s1-server-thread1] DEBUG server.RaftServer$Division (LeaderStateImpl.java:getReadIndex(1147)) - readIndex=4, readAfterWriteConsistentIndex=null
2025-09-29 07:14:49,985 [s1-client-thread1] DEBUG server.RaftServer$Division (RaftServerImpl.java:submitClientRequestAsync(939)) - s1@group-39511C4E8760: receive client request(RaftClientRequest:client-817D3B86F409->s1@group-39511C4E8760, cid=67, seq=null, RW, Message:494e4352454d454e54)
2025-09-29 07:14:49,986 [s1-client-thread1] DEBUG server.RaftServer$Division (LeaderStateImpl.java:addPendingRequest(526)) - s1@group-39511C4E8760-LeaderStateImpl: addPendingRequest at RaftClientRequest:client-817D3B86F409->s1@group-39511C4E8760, cid=67, seq=null, RW, Message:494e4352454d454e54, entry=(t:1, i:5), STATEMACHINELOGENTRY, WRITE: logData.size=9, stateMachineData.size=0, logEntryProtoSerializedSize=0
2025-09-29 07:14:49,988 [grpc-default-executor-9] DEBUG server.RaftServer$Division (RaftServerImpl.java:logAppendEntries(1536)) - s0@group-39511C4E8760: appendEntries* s1->s0#20-t1,previous=(t:1, i:4),leaderCommit=4,initializing? false,entries: size=1, first=(t:1, i:5), STATEMACHINELOGENTRY, StateMachineLogEntryProto:67@client-817D3B86F409
2025-09-29 07:14:49,989 [s0-server-thread2] DEBUG server.RaftServer$Division (RaftServerImpl.java:logAppendEntries(1536)) - s0@group-39511C4E8760: appendEntries* reply s1<-s0#20:OK-t1,SUCCESS,nextIndex=6,followerCommit=4,matchIndex=5
2025-09-29 07:14:49,989 [grpc-default-executor-3] DEBUG server.RaftServer$Division (RaftServerImpl.java:logAppendEntries(1536)) - s2@group-39511C4E8760: appendEntries* s1->s2#17-t1,previous=(t:1, i:4),leaderCommit=4,initializing? false,entries: size=1, first=(t:1, i:5), STATEMACHINELOGENTRY, StateMachineLogEntryProto:67@client-817D3B86F409
2025-09-29 07:14:49,989 [s2-server-thread1] DEBUG server.RaftServer$Division (RaftServerImpl.java:logAppendEntries(1536)) - s2@group-39511C4E8760: appendEntries* reply s1<-s2#17:OK-t1,SUCCESS,nextIndex=6,followerCommit=4,matchIndex=5
2025-09-29 07:14:49,990 [s1@group-39511C4E8760-StateMachineUpdater] INFO  statemachine.StateMachine (ReadOnlyRequestTests.java:applyTransaction(375)) - receive command: INCREMENT
2025-09-29 07:14:49,991 [grpc-default-executor-3] DEBUG server.RaftServer$Division (RaftServerImpl.java:logAppendEntries(1536)) - s0@group-39511C4E8760: appendEntries* s1->s0#21-t1,previous=(t:1, i:5),leaderCommit=5,initializing? false,entries: size=1, first=(t:1, i:6), METADATAENTRY(c:5)
2025-09-29 07:14:49,992 [grpc-default-executor-12] DEBUG server.RaftServer$Division (RaftServerImpl.java:logAppendEntries(1536)) - s2@group-39511C4E8760: appendEntries* s1->s2#18-t1,previous=(t:1, i:5),leaderCommit=5,initializing? false,entries: size=1, first=(t:1, i:6), METADATAENTRY(c:5)
2025-09-29 07:14:49,993 [s0-server-thread2] DEBUG server.RaftServer$Division (RaftServerImpl.java:logAppendEntries(1536)) - s0@group-39511C4E8760: appendEntries* reply s1<-s0#21:OK-t1,SUCCESS,nextIndex=7,followerCommit=5,matchIndex=6
2025-09-29 07:14:49,993 [s0@group-39511C4E8760-StateMachineUpdater] INFO  statemachine.StateMachine (ReadOnlyRequestTests.java:applyTransaction(375)) - receive command: INCREMENT
2025-09-29 07:14:49,994 [s2@group-39511C4E8760-StateMachineUpdater] INFO  statemachine.StateMachine (ReadOnlyRequestTests.java:applyTransaction(375)) - receive command: INCREMENT
2025-09-29 07:14:49,994 [s2-server-thread1] DEBUG server.RaftServer$Division (RaftServerImpl.java:logAppendEntries(1536)) - s2@group-39511C4E8760: appendEntries* reply s1<-s2#18:OK-t1,SUCCESS,nextIndex=7,followerCommit=5,matchIndex=6
2025-09-29 07:14:49,997 [s0-client-thread1] DEBUG server.RaftServer$Division (RaftServerImpl.java:submitClientRequestAsync(939)) - s0@group-39511C4E8760: receive client request(RaftClientRequest:client-817D3B86F409->s0@group-39511C4E8760, cid=68, seq=null, RO, Message:5155455259)
2025-09-29 07:14:49,999 [s1-server-thread1] DEBUG server.RaftServer$Division (LeaderStateImpl.java:getReadIndex(1147)) - readIndex=6, readAfterWriteConsistentIndex=null
2025-09-29 07:14:50,076 [s2-client-thread1] DEBUG server.RaftServer$Division (RaftServerImpl.java:submitClientRequestAsync(939)) - s2@group-39511C4E8760: receive client request(RaftClientRequest:client-817D3B86F409->s2@group-39511C4E8760, cid=69, seq=3, RO, Message:5155455259)
2025-09-29 07:14:50,078 [s1-server-thread1] DEBUG server.RaftServer$Division (LeaderStateImpl.java:getReadIndex(1147)) - readIndex=6, readAfterWriteConsistentIndex=null
2025-09-29 07:14:50,081 [s1-client-thread1] DEBUG server.RaftServer$Division (RaftServerImpl.java:submitClientRequestAsync(939)) - s1@group-39511C4E8760: receive client request(RaftClientRequest:client-817D3B86F409->s1@group-39511C4E8760, cid=70, seq=null, RW, Message:494e4352454d454e54)
2025-09-29 07:14:50,081 [s1-client-thread1] DEBUG server.RaftServer$Division (LeaderStateImpl.java:addPendingRequest(526)) - s1@group-39511C4E8760-LeaderStateImpl: addPendingRequest at RaftClientRequest:client-817D3B86F409->s1@group-39511C4E8760, cid=70, seq=null, RW, Message:494e4352454d454e54, entry=(t:1, i:7), STATEMACHINELOGENTRY, WRITE: logData.size=9, stateMachineData.size=0, logEntryProtoSerializedSize=0
2025-09-29 07:14:50,082 [grpc-default-executor-9] DEBUG server.RaftServer$Division (RaftServerImpl.java:logAppendEntries(1536)) - s0@group-39511C4E8760: appendEntries* s1->s0#26-t1,previous=(t:1, i:6),leaderCommit=6,initializing? false,entries: size=1, first=(t:1, i:7), STATEMACHINELOGENTRY, StateMachineLogEntryProto:70@client-817D3B86F409
2025-09-29 07:14:50,082 [grpc-default-executor-3] DEBUG server.RaftServer$Division (RaftServerImpl.java:logAppendEntries(1536)) - s2@group-39511C4E8760: appendEntries* s1->s2#23-t1,previous=(t:1, i:6),leaderCommit=6,initializing? false,entries: size=1, first=(t:1, i:7), STATEMACHINELOGENTRY, StateMachineLogEntryProto:70@client-817D3B86F409
2025-09-29 07:14:50,083 [s0-server-thread2] DEBUG server.RaftServer$Division (RaftServerImpl.java:logAppendEntries(1536)) - s0@group-39511C4E8760: appendEntries* reply s1<-s0#26:OK-t1,SUCCESS,nextIndex=8,followerCommit=6,matchIndex=7
2025-09-29 07:14:50,083 [s2-server-thread1] DEBUG server.RaftServer$Division (RaftServerImpl.java:logAppendEntries(1536)) - s2@group-39511C4E8760: appendEntries* reply s1<-s2#23:OK-t1,SUCCESS,nextIndex=8,followerCommit=6,matchIndex=7
2025-09-29 07:14:50,084 [s1@group-39511C4E8760-StateMachineUpdater] INFO  statemachine.StateMachine (ReadOnlyRequestTests.java:applyTransaction(375)) - receive command: INCREMENT
2025-09-29 07:14:50,085 [grpc-default-executor-3] DEBUG server.RaftServer$Division (RaftServerImpl.java:logAppendEntries(1536)) - s2@group-39511C4E8760: appendEntries* s1->s2#24-t1,previous=(t:1, i:7),leaderCommit=7,initializing? false,entries: size=1, first=(t:1, i:8), METADATAENTRY(c:7)
2025-09-29 07:14:50,085 [grpc-default-executor-9] DEBUG server.RaftServer$Division (RaftServerImpl.java:logAppendEntries(1536)) - s0@group-39511C4E8760: appendEntries* s1->s0#27-t1,previous=(t:1, i:7),leaderCommit=7,initializing? false,entries: size=1, first=(t:1, i:8), METADATAENTRY(c:7)
2025-09-29 07:14:50,086 [s2-server-thread1] DEBUG server.RaftServer$Division (RaftServerImpl.java:logAppendEntries(1536)) - s2@group-39511C4E8760: appendEntries* reply s1<-s2#24:OK-t1,SUCCESS,nextIndex=9,followerCommit=7,matchIndex=8
2025-09-29 07:14:50,086 [s0-server-thread2] DEBUG server.RaftServer$Division (RaftServerImpl.java:logAppendEntries(1536)) - s0@group-39511C4E8760: appendEntries* reply s1<-s0#27:OK-t1,SUCCESS,nextIndex=9,followerCommit=7,matchIndex=8
2025-09-29 07:14:50,087 [s0-client-thread1] DEBUG server.RaftServer$Division (RaftServerImpl.java:submitClientRequestAsync(939)) - s0@group-39511C4E8760: receive client request(RaftClientRequest:client-817D3B86F409->s0@group-39511C4E8760, cid=71, seq=null, RO, Message:5155455259)
2025-09-29 07:14:50,087 [s2@group-39511C4E8760-StateMachineUpdater] INFO  statemachine.StateMachine (ReadOnlyRequestTests.java:applyTransaction(375)) - receive command: INCREMENT
2025-09-29 07:14:50,086 [s0@group-39511C4E8760-StateMachineUpdater] INFO  statemachine.StateMachine (ReadOnlyRequestTests.java:applyTransaction(375)) - receive command: INCREMENT
2025-09-29 07:14:50,088 [s1-server-thread1] DEBUG server.RaftServer$Division (LeaderStateImpl.java:getReadIndex(1147)) - readIndex=8, readAfterWriteConsistentIndex=null
2025-09-29 07:14:50,166 [s2-client-thread1] DEBUG server.RaftServer$Division (RaftServerImpl.java:submitClientRequestAsync(939)) - s2@group-39511C4E8760: receive client request(RaftClientRequest:client-817D3B86F409->s2@group-39511C4E8760, cid=72, seq=4, RO, Message:5155455259)
2025-09-29 07:14:50,167 [s1-server-thread1] DEBUG server.RaftServer$Division (LeaderStateImpl.java:getReadIndex(1147)) - readIndex=8, readAfterWriteConsistentIndex=null
2025-09-29 07:14:50,170 [s1-client-thread1] DEBUG server.RaftServer$Division (RaftServerImpl.java:submitClientRequestAsync(939)) - s1@group-39511C4E8760: receive client request(RaftClientRequest:client-817D3B86F409->s1@group-39511C4E8760, cid=73, seq=null, RW, Message:494e4352454d454e54)
2025-09-29 07:14:50,170 [s1-client-thread1] DEBUG server.RaftServer$Division (LeaderStateImpl.java:addPendingRequest(526)) - s1@group-39511C4E8760-LeaderStateImpl: addPendingRequest at RaftClientRequest:client-817D3B86F409->s1@group-39511C4E8760, cid=73, seq=null, RW, Message:494e4352454d454e54, entry=(t:1, i:9), STATEMACHINELOGENTRY, WRITE: logData.size=9, stateMachineData.size=0, logEntryProtoSerializedSize=0
2025-09-29 07:14:50,171 [grpc-default-executor-9] DEBUG server.RaftServer$Division (RaftServerImpl.java:logAppendEntries(1536)) - s0@group-39511C4E8760: appendEntries* s1->s0#32-t1,previous=(t:1, i:8),leaderCommit=8,initializing? false,entries: size=1, first=(t:1, i:9), STATEMACHINELOGENTRY, StateMachineLogEntryProto:73@client-817D3B86F409
2025-09-29 07:14:50,171 [grpc-default-executor-3] DEBUG server.RaftServer$Division (RaftServerImpl.java:logAppendEntries(1536)) - s2@group-39511C4E8760: appendEntries* s1->s2#27-t1,previous=(t:1, i:8),leaderCommit=8,initializing? false,entries: size=1, first=(t:1, i:9), STATEMACHINELOGENTRY, StateMachineLogEntryProto:73@client-817D3B86F409
2025-09-29 07:14:50,173 [s2-server-thread1] DEBUG server.RaftServer$Division (RaftServerImpl.java:logAppendEntries(1536)) - s2@group-39511C4E8760: appendEntries* reply s1<-s2#27:OK-t1,SUCCESS,nextIndex=10,followerCommit=8,matchIndex=9
2025-09-29 07:14:50,173 [s0-server-thread2] DEBUG server.RaftServer$Division (RaftServerImpl.java:logAppendEntries(1536)) - s0@group-39511C4E8760: appendEntries* reply s1<-s0#32:OK-t1,SUCCESS,nextIndex=10,followerCommit=8,matchIndex=9
2025-09-29 07:14:50,174 [s1@group-39511C4E8760-StateMachineUpdater] INFO  statemachine.StateMachine (ReadOnlyRequestTests.java:applyTransaction(375)) - receive command: INCREMENT
2025-09-29 07:14:50,176 [grpc-default-executor-9] DEBUG server.RaftServer$Division (RaftServerImpl.java:logAppendEntries(1536)) - s0@group-39511C4E8760: appendEntries* s1->s0#33-t1,previous=(t:1, i:9),leaderCommit=9,initializing? false,entries: size=1, first=(t:1, i:10), METADATAENTRY(c:9)
2025-09-29 07:14:50,177 [s0-server-thread2] DEBUG server.RaftServer$Division (RaftServerImpl.java:logAppendEntries(1536)) - s0@group-39511C4E8760: appendEntries* reply s1<-s0#33:OK-t1,SUCCESS,nextIndex=11,followerCommit=9,matchIndex=10
2025-09-29 07:14:50,177 [s0@group-39511C4E8760-StateMachineUpdater] INFO  statemachine.StateMachine (ReadOnlyRequestTests.java:applyTransaction(375)) - receive command: INCREMENT
2025-09-29 07:14:50,178 [grpc-default-executor-12] DEBUG server.RaftServer$Division (RaftServerImpl.java:logAppendEntries(1536)) - s2@group-39511C4E8760: appendEntries* s1->s2#28-t1,previous=(t:1, i:9),leaderCommit=9,initializing? false,entries: size=1, first=(t:1, i:10), METADATAENTRY(c:9)
2025-09-29 07:14:50,178 [s0-client-thread1] DEBUG server.RaftServer$Division (RaftServerImpl.java:submitClientRequestAsync(939)) - s0@group-39511C4E8760: receive client request(RaftClientRequest:client-817D3B86F409->s0@group-39511C4E8760, cid=74, seq=null, RO, Message:5155455259)
2025-09-29 07:14:50,179 [s2-server-thread1] DEBUG server.RaftServer$Division (RaftServerImpl.java:logAppendEntries(1536)) - s2@group-39511C4E8760: appendEntries* reply s1<-s2#28:OK-t1,SUCCESS,nextIndex=11,followerCommit=9,matchIndex=10
2025-09-29 07:14:50,179 [s2@group-39511C4E8760-StateMachineUpdater] INFO  statemachine.StateMachine (ReadOnlyRequestTests.java:applyTransaction(375)) - receive command: INCREMENT
2025-09-29 07:14:50,181 [s1-server-thread1] DEBUG server.RaftServer$Division (LeaderStateImpl.java:getReadIndex(1147)) - readIndex=10, readAfterWriteConsistentIndex=null
2025-09-29 07:14:50,257 [s2-client-thread1] DEBUG server.RaftServer$Division (RaftServerImpl.java:submitClientRequestAsync(939)) - s2@group-39511C4E8760: receive client request(RaftClientRequest:client-817D3B86F409->s2@group-39511C4E8760, cid=75, seq=5, RO, Message:5155455259)
2025-09-29 07:14:50,259 [s1-server-thread1] DEBUG server.RaftServer$Division (LeaderStateImpl.java:getReadIndex(1147)) - readIndex=10, readAfterWriteConsistentIndex=null
2025-09-29 07:14:50,263 [s1-client-thread1] DEBUG server.RaftServer$Division (RaftServerImpl.java:submitClientRequestAsync(939)) - s1@group-39511C4E8760: receive client request(RaftClientRequest:client-817D3B86F409->s1@group-39511C4E8760, cid=76, seq=null, RW, Message:494e4352454d454e54)
2025-09-29 07:14:50,264 [s1-client-thread1] DEBUG server.RaftServer$Division (LeaderStateImpl.java:addPendingRequest(526)) - s1@group-39511C4E8760-LeaderStateImpl: addPendingRequest at RaftClientRequest:client-817D3B86F409->s1@group-39511C4E8760, cid=76, seq=null, RW, Message:494e4352454d454e54, entry=(t:1, i:11), STATEMACHINELOGENTRY, WRITE: logData.size=9, stateMachineData.size=0, logEntryProtoSerializedSize=0
2025-09-29 07:14:50,265 [grpc-default-executor-3] DEBUG server.RaftServer$Division (RaftServerImpl.java:logAppendEntries(1536)) - s0@group-39511C4E8760: appendEntries* s1->s0#38-t1,previous=(t:1, i:10),leaderCommit=10,initializing? false,entries: size=1, first=(t:1, i:11), STATEMACHINELOGENTRY, StateMachineLogEntryProto:76@client-817D3B86F409
2025-09-29 07:14:50,265 [grpc-default-executor-12] DEBUG server.RaftServer$Division (RaftServerImpl.java:logAppendEntries(1536)) - s2@group-39511C4E8760: appendEntries* s1->s2#32-t1,previous=(t:1, i:10),leaderCommit=10,initializing? false,entries: size=1, first=(t:1, i:11), STATEMACHINELOGENTRY, StateMachineLogEntryProto:76@client-817D3B86F409
2025-09-29 07:14:50,267 [s2-server-thread1] DEBUG server.RaftServer$Division (RaftServerImpl.java:logAppendEntries(1536)) - s2@group-39511C4E8760: appendEntries* reply s1<-s2#32:OK-t1,SUCCESS,nextIndex=12,followerCommit=10,matchIndex=11
2025-09-29 07:14:50,267 [s0-server-thread2] DEBUG server.RaftServer$Division (RaftServerImpl.java:logAppendEntries(1536)) - s0@group-39511C4E8760: appendEntries* reply s1<-s0#38:OK-t1,SUCCESS,nextIndex=12,followerCommit=10,matchIndex=11
2025-09-29 07:14:50,269 [s1@group-39511C4E8760-StateMachineUpdater] INFO  statemachine.StateMachine (ReadOnlyRequestTests.java:applyTransaction(375)) - receive command: INCREMENT
2025-09-29 07:14:50,271 [grpc-default-executor-12] DEBUG server.RaftServer$Division (RaftServerImpl.java:logAppendEntries(1536)) - s2@group-39511C4E8760: appendEntries* s1->s2#33-t1,previous=(t:1, i:11),leaderCommit=11,initializing? false,entries: size=1, first=(t:1, i:12), METADATAENTRY(c:11)
2025-09-29 07:14:50,272 [grpc-default-executor-12] DEBUG server.RaftServer$Division (RaftServerImpl.java:logAppendEntries(1536)) - s0@group-39511C4E8760: appendEntries* s1->s0#39-t1,previous=(t:1, i:11),leaderCommit=11,initializing? false,entries: size=1, first=(t:1, i:12), METADATAENTRY(c:11)
2025-09-29 07:14:50,272 [s2-server-thread1] DEBUG server.RaftServer$Division (RaftServerImpl.java:logAppendEntries(1536)) - s2@group-39511C4E8760: appendEntries* reply s1<-s2#33:OK-t1,SUCCESS,nextIndex=13,followerCommit=11,matchIndex=12
2025-09-29 07:14:50,272 [s2@group-39511C4E8760-StateMachineUpdater] INFO  statemachine.StateMachine (ReadOnlyRequestTests.java:applyTransaction(375)) - receive command: INCREMENT
2025-09-29 07:14:50,273 [s0-server-thread2] DEBUG server.RaftServer$Division (RaftServerImpl.java:logAppendEntries(1536)) - s0@group-39511C4E8760: appendEntries* reply s1<-s0#39:OK-t1,SUCCESS,nextIndex=13,followerCommit=11,matchIndex=12
2025-09-29 07:14:50,273 [s0@group-39511C4E8760-StateMachineUpdater] INFO  statemachine.StateMachine (ReadOnlyRequestTests.java:applyTransaction(375)) - receive command: INCREMENT
2025-09-29 07:14:50,274 [s0-client-thread1] DEBUG server.RaftServer$Division (RaftServerImpl.java:submitClientRequestAsync(939)) - s0@group-39511C4E8760: receive client request(RaftClientRequest:client-817D3B86F409->s0@group-39511C4E8760, cid=77, seq=null, RO, Message:5155455259)
2025-09-29 07:14:50,277 [s1-server-thread1] DEBUG server.RaftServer$Division (LeaderStateImpl.java:getReadIndex(1147)) - readIndex=12, readAfterWriteConsistentIndex=null
2025-09-29 07:14:50,355 [s2-client-thread1] DEBUG server.RaftServer$Division (RaftServerImpl.java:submitClientRequestAsync(939)) - s2@group-39511C4E8760: receive client request(RaftClientRequest:client-817D3B86F409->s2@group-39511C4E8760, cid=78, seq=6, RO, Message:5155455259)
2025-09-29 07:14:50,356 [s1-server-thread1] DEBUG server.RaftServer$Division (LeaderStateImpl.java:getReadIndex(1147)) - readIndex=12, readAfterWriteConsistentIndex=null
2025-09-29 07:14:50,359 [s1-client-thread1] DEBUG server.RaftServer$Division (RaftServerImpl.java:submitClientRequestAsync(939)) - s1@group-39511C4E8760: receive client request(RaftClientRequest:client-817D3B86F409->s1@group-39511C4E8760, cid=79, seq=null, RW, Message:494e4352454d454e54)
2025-09-29 07:14:50,360 [s1-client-thread1] DEBUG server.RaftServer$Division (LeaderStateImpl.java:addPendingRequest(526)) - s1@group-39511C4E8760-LeaderStateImpl: addPendingRequest at RaftClientRequest:client-817D3B86F409->s1@group-39511C4E8760, cid=79, seq=null, RW, Message:494e4352454d454e54, entry=(t:1, i:13), STATEMACHINELOGENTRY, WRITE: logData.size=9, stateMachineData.size=0, logEntryProtoSerializedSize=0
2025-09-29 07:14:50,361 [grpc-default-executor-9] DEBUG server.RaftServer$Division (RaftServerImpl.java:logAppendEntries(1536)) - s2@group-39511C4E8760: appendEntries* s1->s2#37-t1,previous=(t:1, i:12),leaderCommit=12,initializing? false,entries: size=1, first=(t:1, i:13), STATEMACHINELOGENTRY, StateMachineLogEntryProto:79@client-817D3B86F409
2025-09-29 07:14:50,361 [grpc-default-executor-12] DEBUG server.RaftServer$Division (RaftServerImpl.java:logAppendEntries(1536)) - s0@group-39511C4E8760: appendEntries* s1->s0#45-t1,previous=(t:1, i:12),leaderCommit=12,initializing? false,entries: size=1, first=(t:1, i:13), STATEMACHINELOGENTRY, StateMachineLogEntryProto:79@client-817D3B86F409
2025-09-29 07:14:50,362 [s2-server-thread1] DEBUG server.RaftServer$Division (RaftServerImpl.java:logAppendEntries(1536)) - s2@group-39511C4E8760: appendEntries* reply s1<-s2#37:OK-t1,SUCCESS,nextIndex=14,followerCommit=12,matchIndex=13
2025-09-29 07:14:50,362 [s0-server-thread2] DEBUG server.RaftServer$Division (RaftServerImpl.java:logAppendEntries(1536)) - s0@group-39511C4E8760: appendEntries* reply s1<-s0#45:OK-t1,SUCCESS,nextIndex=14,followerCommit=12,matchIndex=13
2025-09-29 07:14:50,363 [s1@group-39511C4E8760-StateMachineUpdater] INFO  statemachine.StateMachine (ReadOnlyRequestTests.java:applyTransaction(375)) - receive command: INCREMENT
2025-09-29 07:14:50,364 [grpc-default-executor-12] DEBUG server.RaftServer$Division (RaftServerImpl.java:logAppendEntries(1536)) - s0@group-39511C4E8760: appendEntries* s1->s0#46-t1,previous=(t:1, i:13),leaderCommit=13,initializing? false,entries: size=1, first=(t:1, i:14), METADATAENTRY(c:13)
2025-09-29 07:14:50,365 [s0-server-thread2] DEBUG server.RaftServer$Division (RaftServerImpl.java:logAppendEntries(1536)) - s0@group-39511C4E8760: appendEntries* reply s1<-s0#46:OK-t1,SUCCESS,nextIndex=15,followerCommit=13,matchIndex=14
2025-09-29 07:14:50,365 [s0@group-39511C4E8760-StateMachineUpdater] INFO  statemachine.StateMachine (ReadOnlyRequestTests.java:applyTransaction(375)) - receive command: INCREMENT
2025-09-29 07:14:50,366 [grpc-default-executor-9] DEBUG server.RaftServer$Division (RaftServerImpl.java:logAppendEntries(1536)) - s2@group-39511C4E8760: appendEntries* s1->s2#39-t1,previous=(t:1, i:13),leaderCommit=13,initializing? false,entries: size=1, first=(t:1, i:14), METADATAENTRY(c:13)
2025-09-29 07:14:50,366 [s0-client-thread1] DEBUG server.RaftServer$Division (RaftServerImpl.java:submitClientRequestAsync(939)) - s0@group-39511C4E8760: receive client request(RaftClientRequest:client-817D3B86F409->s0@group-39511C4E8760, cid=80, seq=null, RO, Message:5155455259)
2025-09-29 07:14:50,366 [s2-server-thread1] DEBUG server.RaftServer$Division (RaftServerImpl.java:logAppendEntries(1536)) - s2@group-39511C4E8760: appendEntries* reply s1<-s2#39:OK-t1,SUCCESS,nextIndex=15,followerCommit=13,matchIndex=14
2025-09-29 07:14:50,366 [s2@group-39511C4E8760-StateMachineUpdater] INFO  statemachine.StateMachine (ReadOnlyRequestTests.java:applyTransaction(375)) - receive command: INCREMENT
2025-09-29 07:14:50,369 [s1-server-thread1] DEBUG server.RaftServer$Division (LeaderStateImpl.java:getReadIndex(1147)) - readIndex=14, readAfterWriteConsistentIndex=null
2025-09-29 07:14:50,444 [s2-client-thread1] DEBUG server.RaftServer$Division (RaftServerImpl.java:submitClientRequestAsync(939)) - s2@group-39511C4E8760: receive client request(RaftClientRequest:client-817D3B86F409->s2@group-39511C4E8760, cid=81, seq=7, RO, Message:5155455259)
2025-09-29 07:14:50,446 [s1-server-thread1] DEBUG server.RaftServer$Division (LeaderStateImpl.java:getReadIndex(1147)) - readIndex=14, readAfterWriteConsistentIndex=null
2025-09-29 07:14:50,450 [s1-client-thread1] DEBUG server.RaftServer$Division (RaftServerImpl.java:submitClientRequestAsync(939)) - s1@group-39511C4E8760: receive client request(RaftClientRequest:client-817D3B86F409->s1@group-39511C4E8760, cid=82, seq=null, RW, Message:494e4352454d454e54)
2025-09-29 07:14:50,450 [s1-client-thread1] DEBUG server.RaftServer$Division (LeaderStateImpl.java:addPendingRequest(526)) - s1@group-39511C4E8760-LeaderStateImpl: addPendingRequest at RaftClientRequest:client-817D3B86F409->s1@group-39511C4E8760, cid=82, seq=null, RW, Message:494e4352454d454e54, entry=(t:1, i:15), STATEMACHINELOGENTRY, WRITE: logData.size=9, stateMachineData.size=0, logEntryProtoSerializedSize=0
2025-09-29 07:14:50,451 [grpc-default-executor-12] DEBUG server.RaftServer$Division (RaftServerImpl.java:logAppendEntries(1536)) - s0@group-39511C4E8760: appendEntries* s1->s0#51-t1,previous=(t:1, i:14),leaderCommit=14,initializing? false,entries: size=1, first=(t:1, i:15), STATEMACHINELOGENTRY, StateMachineLogEntryProto:82@client-817D3B86F409
2025-09-29 07:14:50,451 [grpc-default-executor-9] DEBUG server.RaftServer$Division (RaftServerImpl.java:logAppendEntries(1536)) - s2@group-39511C4E8760: appendEntries* s1->s2#45-t1,previous=(t:1, i:14),leaderCommit=14,initializing? false,entries: size=1, first=(t:1, i:15), STATEMACHINELOGENTRY, StateMachineLogEntryProto:82@client-817D3B86F409
2025-09-29 07:14:50,453 [s2-server-thread1] DEBUG server.RaftServer$Division (RaftServerImpl.java:logAppendEntries(1536)) - s2@group-39511C4E8760: appendEntries* reply s1<-s2#45:OK-t1,SUCCESS,nextIndex=16,followerCommit=14,matchIndex=15
2025-09-29 07:14:50,453 [s0-server-thread2] DEBUG server.RaftServer$Division (RaftServerImpl.java:logAppendEntries(1536)) - s0@group-39511C4E8760: appendEntries* reply s1<-s0#51:OK-t1,SUCCESS,nextIndex=16,followerCommit=14,matchIndex=15
2025-09-29 07:14:50,454 [s1@group-39511C4E8760-StateMachineUpdater] INFO  statemachine.StateMachine (ReadOnlyRequestTests.java:applyTransaction(375)) - receive command: INCREMENT
2025-09-29 07:14:50,458 [grpc-default-executor-18] DEBUG server.RaftServer$Division (RaftServerImpl.java:logAppendEntries(1536)) - s0@group-39511C4E8760: appendEntries* s1->s0#52-t1,previous=(t:1, i:15),leaderCommit=15,initializing? false,entries: size=1, first=(t:1, i:16), METADATAENTRY(c:15)
2025-09-29 07:14:50,459 [grpc-default-executor-12] DEBUG server.RaftServer$Division (RaftServerImpl.java:logAppendEntries(1536)) - s2@group-39511C4E8760: appendEntries* s1->s2#46-t1,previous=(t:1, i:15),leaderCommit=15,initializing? false,entries: size=1, first=(t:1, i:16), METADATAENTRY(c:15)
2025-09-29 07:14:50,459 [s0-client-thread1] DEBUG server.RaftServer$Division (RaftServerImpl.java:submitClientRequestAsync(939)) - s0@group-39511C4E8760: receive client request(RaftClientRequest:client-817D3B86F409->s0@group-39511C4E8760, cid=83, seq=null, RO, Message:5155455259)
2025-09-29 07:14:50,460 [s2-server-thread1] DEBUG server.RaftServer$Division (RaftServerImpl.java:logAppendEntries(1536)) - s2@group-39511C4E8760: appendEntries* reply s1<-s2#46:OK-t1,SUCCESS,nextIndex=17,followerCommit=15,matchIndex=16
2025-09-29 07:14:50,461 [s2@group-39511C4E8760-StateMachineUpdater] INFO  statemachine.StateMachine (ReadOnlyRequestTests.java:applyTransaction(375)) - receive command: INCREMENT
2025-09-29 07:14:50,462 [s0-server-thread2] DEBUG server.RaftServer$Division (RaftServerImpl.java:logAppendEntries(1536)) - s0@group-39511C4E8760: appendEntries* reply s1<-s0#52:OK-t1,SUCCESS,nextIndex=17,followerCommit=15,matchIndex=16
2025-09-29 07:14:50,462 [s0@group-39511C4E8760-StateMachineUpdater] INFO  statemachine.StateMachine (ReadOnlyRequestTests.java:applyTransaction(375)) - receive command: INCREMENT
2025-09-29 07:14:50,462 [s1-server-thread1] DEBUG server.RaftServer$Division (LeaderStateImpl.java:getReadIndex(1147)) - readIndex=15, readAfterWriteConsistentIndex=null
2025-09-29 07:14:50,466 [s2-client-thread1] DEBUG server.RaftServer$Division (RaftServerImpl.java:submitClientRequestAsync(939)) - s2@group-39511C4E8760: receive client request(RaftClientRequest:client-817D3B86F409->s2@group-39511C4E8760, cid=84, seq=8, RO, Message:5155455259)
2025-09-29 07:14:50,468 [s1-server-thread1] DEBUG server.RaftServer$Division (LeaderStateImpl.java:getReadIndex(1147)) - readIndex=16, readAfterWriteConsistentIndex=null
2025-09-29 07:14:50,544 [s1-client-thread1] DEBUG server.RaftServer$Division (RaftServerImpl.java:submitClientRequestAsync(939)) - s1@group-39511C4E8760: receive client request(RaftClientRequest:client-817D3B86F409->s1@group-39511C4E8760, cid=85, seq=null, RW, Message:494e4352454d454e54)
2025-09-29 07:14:50,545 [s1-client-thread1] DEBUG server.RaftServer$Division (LeaderStateImpl.java:addPendingRequest(526)) - s1@group-39511C4E8760-LeaderStateImpl: addPendingRequest at RaftClientRequest:client-817D3B86F409->s1@group-39511C4E8760, cid=85, seq=null, RW, Message:494e4352454d454e54, entry=(t:1, i:17), STATEMACHINELOGENTRY, WRITE: logData.size=9, stateMachineData.size=0, logEntryProtoSerializedSize=0
2025-09-29 07:14:50,547 [grpc-default-executor-18] DEBUG server.RaftServer$Division (RaftServerImpl.java:logAppendEntries(1536)) - s0@group-39511C4E8760: appendEntries* s1->s0#57-t1,previous=(t:1, i:16),leaderCommit=16,initializing? false,entries: size=1, first=(t:1, i:17), STATEMACHINELOGENTRY, StateMachineLogEntryProto:85@client-817D3B86F409
2025-09-29 07:14:50,547 [s0-server-thread2] DEBUG server.RaftServer$Division (RaftServerImpl.java:logAppendEntries(1536)) - s0@group-39511C4E8760: appendEntries* reply s1<-s0#57:OK-t1,SUCCESS,nextIndex=18,followerCommit=16,matchIndex=17
2025-09-29 07:14:50,549 [grpc-default-executor-18] DEBUG server.RaftServer$Division (RaftServerImpl.java:logAppendEntries(1536)) - s2@group-39511C4E8760: appendEntries* s1->s2#51-t1,previous=(t:1, i:16),leaderCommit=16,initializing? false,entries: size=1, first=(t:1, i:17), STATEMACHINELOGENTRY, StateMachineLogEntryProto:85@client-817D3B86F409
2025-09-29 07:14:50,549 [s1@group-39511C4E8760-StateMachineUpdater] INFO  statemachine.StateMachine (ReadOnlyRequestTests.java:applyTransaction(375)) - receive command: INCREMENT
2025-09-29 07:14:50,550 [grpc-default-executor-18] DEBUG server.RaftServer$Division (RaftServerImpl.java:logAppendEntries(1536)) - s2@group-39511C4E8760: appendEntries* s1->s2#52-t1,previous=(t:1, i:17),leaderCommit=17,initializing? false,entries: size=1, first=(t:1, i:18), METADATAENTRY(c:17)
2025-09-29 07:14:50,550 [grpc-default-executor-12] DEBUG server.RaftServer$Division (RaftServerImpl.java:logAppendEntries(1536)) - s0@group-39511C4E8760: appendEntries* s1->s0#58-t1,previous=(t:1, i:17),leaderCommit=17,initializing? false,entries: size=1, first=(t:1, i:18), METADATAENTRY(c:17)
2025-09-29 07:14:50,552 [s2-server-thread1] DEBUG server.RaftServer$Division (RaftServerImpl.java:logAppendEntries(1536)) - s2@group-39511C4E8760: appendEntries* reply s1<-s2#51:OK-t1,SUCCESS,nextIndex=18,followerCommit=16,matchIndex=17
2025-09-29 07:14:50,552 [s0-server-thread2] DEBUG server.RaftServer$Division (RaftServerImpl.java:logAppendEntries(1536)) - s0@group-39511C4E8760: appendEntries* reply s1<-s0#58:OK-t1,SUCCESS,nextIndex=19,followerCommit=17,matchIndex=18
2025-09-29 07:14:50,552 [s2-server-thread1] DEBUG server.RaftServer$Division (RaftServerImpl.java:logAppendEntries(1536)) - s2@group-39511C4E8760: appendEntries* reply s1<-s2#52:OK-t1,SUCCESS,nextIndex=19,followerCommit=17,matchIndex=18
2025-09-29 07:14:50,552 [s0@group-39511C4E8760-StateMachineUpdater] INFO  statemachine.StateMachine (ReadOnlyRequestTests.java:applyTransaction(375)) - receive command: INCREMENT
2025-09-29 07:14:50,553 [s2@group-39511C4E8760-StateMachineUpdater] INFO  statemachine.StateMachine (ReadOnlyRequestTests.java:applyTransaction(375)) - receive command: INCREMENT
2025-09-29 07:14:50,556 [s0-client-thread1] DEBUG server.RaftServer$Division (RaftServerImpl.java:submitClientRequestAsync(939)) - s0@group-39511C4E8760: receive client request(RaftClientRequest:client-817D3B86F409->s0@group-39511C4E8760, cid=86, seq=null, RO, Message:5155455259)
2025-09-29 07:14:50,558 [s1-server-thread1] DEBUG server.RaftServer$Division (LeaderStateImpl.java:getReadIndex(1147)) - readIndex=18, readAfterWriteConsistentIndex=null
2025-09-29 07:14:50,634 [s2-client-thread1] DEBUG server.RaftServer$Division (RaftServerImpl.java:submitClientRequestAsync(939)) - s2@group-39511C4E8760: receive client request(RaftClientRequest:client-817D3B86F409->s2@group-39511C4E8760, cid=87, seq=9, RO, Message:5155455259)
2025-09-29 07:14:50,636 [s1-server-thread1] DEBUG server.RaftServer$Division (LeaderStateImpl.java:getReadIndex(1147)) - readIndex=18, readAfterWriteConsistentIndex=null
2025-09-29 07:14:50,639 [s1-client-thread1] DEBUG server.RaftServer$Division (RaftServerImpl.java:submitClientRequestAsync(939)) - s1@group-39511C4E8760: receive client request(RaftClientRequest:client-817D3B86F409->s1@group-39511C4E8760, cid=88, seq=null, RW, Message:494e4352454d454e54)
2025-09-29 07:14:50,640 [s1-client-thread1] DEBUG server.RaftServer$Division (LeaderStateImpl.java:addPendingRequest(526)) - s1@group-39511C4E8760-LeaderStateImpl: addPendingRequest at RaftClientRequest:client-817D3B86F409->s1@group-39511C4E8760, cid=88, seq=null, RW, Message:494e4352454d454e54, entry=(t:1, i:19), STATEMACHINELOGENTRY, WRITE: logData.size=9, stateMachineData.size=0, logEntryProtoSerializedSize=0
2025-09-29 07:14:50,642 [grpc-default-executor-9] DEBUG server.RaftServer$Division (RaftServerImpl.java:logAppendEntries(1536)) - s2@group-39511C4E8760: appendEntries* s1->s2#58-t1,previous=(t:1, i:18),leaderCommit=18,initializing? false,entries: size=1, first=(t:1, i:19), STATEMACHINELOGENTRY, StateMachineLogEntryProto:88@client-817D3B86F409
2025-09-29 07:14:50,642 [grpc-default-executor-12] DEBUG server.RaftServer$Division (RaftServerImpl.java:logAppendEntries(1536)) - s0@group-39511C4E8760: appendEntries* s1->s0#63-t1,previous=(t:1, i:18),leaderCommit=18,initializing? false,entries: size=1, first=(t:1, i:19), STATEMACHINELOGENTRY, StateMachineLogEntryProto:88@client-817D3B86F409
2025-09-29 07:14:50,643 [s2-server-thread1] DEBUG server.RaftServer$Division (RaftServerImpl.java:logAppendEntries(1536)) - s2@group-39511C4E8760: appendEntries* reply s1<-s2#58:OK-t1,SUCCESS,nextIndex=20,followerCommit=18,matchIndex=19
2025-09-29 07:14:50,643 [s0-server-thread2] DEBUG server.RaftServer$Division (RaftServerImpl.java:logAppendEntries(1536)) - s0@group-39511C4E8760: appendEntries* reply s1<-s0#63:OK-t1,SUCCESS,nextIndex=20,followerCommit=18,matchIndex=19
2025-09-29 07:14:50,645 [s1@group-39511C4E8760-StateMachineUpdater] INFO  statemachine.StateMachine (ReadOnlyRequestTests.java:applyTransaction(375)) - receive command: INCREMENT
2025-09-29 07:14:50,646 [grpc-default-executor-12] DEBUG server.RaftServer$Division (RaftServerImpl.java:logAppendEntries(1536)) - s2@group-39511C4E8760: appendEntries* s1->s2#59-t1,previous=(t:1, i:19),leaderCommit=19,initializing? false,entries: size=1, first=(t:1, i:20), METADATAENTRY(c:19)
2025-09-29 07:14:50,647 [s2-server-thread1] DEBUG server.RaftServer$Division (RaftServerImpl.java:logAppendEntries(1536)) - s2@group-39511C4E8760: appendEntries* reply s1<-s2#59:OK-t1,SUCCESS,nextIndex=21,followerCommit=19,matchIndex=20
2025-09-29 07:14:50,648 [grpc-default-executor-18] DEBUG server.RaftServer$Division (RaftServerImpl.java:logAppendEntries(1536)) - s0@group-39511C4E8760: appendEntries* s1->s0#64-t1,previous=(t:1, i:19),leaderCommit=19,initializing? false,entries: size=1, first=(t:1, i:20), METADATAENTRY(c:19)
2025-09-29 07:14:50,649 [s2@group-39511C4E8760-StateMachineUpdater] INFO  statemachine.StateMachine (ReadOnlyRequestTests.java:applyTransaction(375)) - receive command: INCREMENT
2025-09-29 07:14:50,650 [s0-server-thread2] DEBUG server.RaftServer$Division (RaftServerImpl.java:logAppendEntries(1536)) - s0@group-39511C4E8760: appendEntries* reply s1<-s0#64:OK-t1,SUCCESS,nextIndex=21,followerCommit=19,matchIndex=20
2025-09-29 07:14:50,650 [s0@group-39511C4E8760-StateMachineUpdater] INFO  statemachine.StateMachine (ReadOnlyRequestTests.java:applyTransaction(375)) - receive command: INCREMENT
2025-09-29 07:14:50,651 [s0-client-thread1] DEBUG server.RaftServer$Division (RaftServerImpl.java:submitClientRequestAsync(939)) - s0@group-39511C4E8760: receive client request(RaftClientRequest:client-817D3B86F409->s0@group-39511C4E8760, cid=89, seq=null, RO, Message:5155455259)
2025-09-29 07:14:50,653 [s1-server-thread1] DEBUG server.RaftServer$Division (LeaderStateImpl.java:getReadIndex(1147)) - readIndex=20, readAfterWriteConsistentIndex=null
2025-09-29 07:14:50,729 [s2-client-thread1] DEBUG server.RaftServer$Division (RaftServerImpl.java:submitClientRequestAsync(939)) - s2@group-39511C4E8760: receive client request(RaftClientRequest:client-817D3B86F409->s2@group-39511C4E8760, cid=90, seq=10, RO, Message:5155455259)
2025-09-29 07:14:50,731 [s1-server-thread1] DEBUG server.RaftServer$Division (LeaderStateImpl.java:getReadIndex(1147)) - readIndex=20, readAfterWriteConsistentIndex=null
2025-09-29 07:14:50,737 [main] INFO  impl.MiniRaftCluster (MiniRaftCluster.java:shutdown(824)) - ************************************************************** 
2025-09-29 07:14:50,737 [main] INFO  impl.MiniRaftCluster (MiniRaftCluster.java:shutdown(825)) - *** 
2025-09-29 07:14:50,738 [main] INFO  impl.MiniRaftCluster (MiniRaftCluster.java:shutdown(826)) - ***     Stopping MiniRaftClusterWithGrpc
2025-09-29 07:14:50,738 [main] INFO  impl.MiniRaftCluster (MiniRaftCluster.java:shutdown(827)) - *** 
2025-09-29 07:14:50,738 [main] INFO  impl.MiniRaftCluster (MiniRaftCluster.java:shutdown(828)) - ************************************************************** 
2025-09-29 07:14:50,738 [main] INFO  impl.MiniRaftCluster (MiniRaftCluster.java:shutdown(829)) - printing ALL groups
  s0:  RUNNING  FOLLOWER (RUNNING): s0@group-39511C4E8760:t1, leader=s1, voted=s1, raftlog=Memoized:s0@group-39511C4E8760-SegmentedRaftLog:OPENED:c20:last(t:1, i:20), conf=conf: {index: 0, cur=peers:[s0|localhost:15048, s1|localhost:15052, s2|localhost:15056]|listeners:[], old=null}
  s1:  RUNNING    LEADER (RUNNING): s1@group-39511C4E8760:t1, leader=s1, voted=s1, raftlog=Memoized:s1@group-39511C4E8760-SegmentedRaftLog:OPENED:c20:last(t:1, i:20), conf=conf: {index: 0, cur=peers:[s0|localhost:15048, s1|localhost:15052, s2|localhost:15056]|listeners:[], old=null}
  s2:  RUNNING  FOLLOWER (RUNNING): s2@group-39511C4E8760:t1, leader=s1, voted=s1, raftlog=Memoized:s2@group-39511C4E8760-SegmentedRaftLog:OPENED:c20:last(t:1, i:20), conf=conf: {index: 0, cur=peers:[s0|localhost:15048, s1|localhost:15052, s2|localhost:15056]|listeners:[], old=null}
2025-09-29 07:14:50,739 [MiniRaftCluster-25] INFO  server.RaftServer (RaftServerProxy.java:lambda$close$9(425)) - s0: close
2025-09-29 07:14:50,739 [MiniRaftCluster-26] INFO  server.RaftServer (RaftServerProxy.java:lambda$close$9(425)) - s1: close
2025-09-29 07:14:50,740 [MiniRaftCluster-27] INFO  server.RaftServer (RaftServerProxy.java:lambda$close$9(425)) - s2: close
2025-09-29 07:14:50,740 [MiniRaftCluster-25] INFO  server.GrpcServicesImpl (GrpcServicesImpl.java:closeImpl(347)) - s0: shutdown server org.apache.ratis.grpc.server.GrpcClientProtocolService now
2025-09-29 07:14:50,740 [s0-impl-thread1] INFO  server.RaftServer$Division (RaftServerImpl.java:lambda$close$1(527)) - s0@group-39511C4E8760: shutdown
2025-09-29 07:14:50,740 [s0-impl-thread1] INFO  util.JmxRegister (JmxRegister.java:unregister(74)) - Successfully un-registered JMX Bean with object name Ratis:service=RaftServer,group=group-39511C4E8760,id=s0
2025-09-29 07:14:50,740 [s0-impl-thread1] INFO  impl.RoleInfo (RoleInfo.java:shutdownFollowerState(121)) - s0: shutdown s0@group-39511C4E8760-FollowerState
2025-09-29 07:14:50,741 [s0-impl-thread1] INFO  impl.StateMachineUpdater (StateMachineUpdater.java:stopAndJoin(163)) - s0@group-39511C4E8760-StateMachineUpdater: set stopIndex = 20
2025-09-29 07:14:50,740 [MiniRaftCluster-26] INFO  server.GrpcServicesImpl (GrpcServicesImpl.java:closeImpl(347)) - s1: shutdown server org.apache.ratis.grpc.server.GrpcClientProtocolService now
2025-09-29 07:14:50,741 [s0@group-39511C4E8760-StateMachineUpdater] INFO  impl.StateMachineUpdater (StateMachineUpdater.java:stop(140)) - s0@group-39511C4E8760-StateMachineUpdater: closing CounterStateMachine, lastApplied=(t:1, i:20)
2025-09-29 07:14:50,741 [s0@group-39511C4E8760-FollowerState] INFO  impl.FollowerState (FollowerState.java:runImpl(170)) - s0@group-39511C4E8760-FollowerState was interrupted
2025-09-29 07:14:50,741 [s2-impl-thread1] INFO  server.RaftServer$Division (RaftServerImpl.java:lambda$close$1(527)) - s2@group-39511C4E8760: shutdown
2025-09-29 07:14:50,742 [s0@group-39511C4E8760-cacheEviction-AwaitToRun] INFO  util.AwaitToRun (AwaitToRun.java:run(49)) - s0@group-39511C4E8760-cacheEviction-AwaitToRun-AwaitForSignal is interrupted
2025-09-29 07:14:50,741 [Thread-340] INFO  server.GrpcServerProtocolClient (GrpcServerProtocolClient.java:close(94)) - s1 Close channels
2025-09-29 07:14:50,743 [Thread-342] INFO  server.GrpcServerProtocolClient (GrpcServerProtocolClient.java:close(94)) - s0 Close channels
2025-09-29 07:14:50,743 [Thread-344] INFO  server.GrpcServerProtocolClient (GrpcServerProtocolClient.java:close(94)) - s2 Close channels
2025-09-29 07:14:50,741 [MiniRaftCluster-27] INFO  server.GrpcServicesImpl (GrpcServicesImpl.java:closeImpl(347)) - s2: shutdown server org.apache.ratis.grpc.server.GrpcClientProtocolService now
2025-09-29 07:14:50,741 [s1-impl-thread1] INFO  server.RaftServer$Division (RaftServerImpl.java:lambda$close$1(527)) - s1@group-39511C4E8760: shutdown
2025-09-29 07:14:50,744 [s1-impl-thread1] INFO  util.JmxRegister (JmxRegister.java:unregister(74)) - Successfully un-registered JMX Bean with object name Ratis:service=RaftServer,group=group-39511C4E8760,id=s1
2025-09-29 07:14:50,744 [s1-impl-thread1] INFO  impl.RoleInfo (RoleInfo.java:shutdownLeaderState(103)) - s1: shutdown s1@group-39511C4E8760-LeaderStateImpl
2025-09-29 07:14:50,744 [s1-impl-thread1] INFO  impl.PendingRequests (PendingRequests.java:sendNotLeaderResponses(281)) - s1@group-39511C4E8760-PendingRequests: sendNotLeaderResponses
2025-09-29 07:14:50,742 [s2-impl-thread1] INFO  util.JmxRegister (JmxRegister.java:unregister(74)) - Successfully un-registered JMX Bean with object name Ratis:service=RaftServer,group=group-39511C4E8760,id=s2
2025-09-29 07:14:50,744 [s2-impl-thread1] INFO  impl.RoleInfo (RoleInfo.java:shutdownFollowerState(121)) - s2: shutdown s2@group-39511C4E8760-FollowerState
2025-09-29 07:14:50,744 [s2-impl-thread1] INFO  impl.StateMachineUpdater (StateMachineUpdater.java:stopAndJoin(163)) - s2@group-39511C4E8760-StateMachineUpdater: set stopIndex = 20
2025-09-29 07:14:50,744 [MiniRaftCluster-25] INFO  server.GrpcServicesImpl (GrpcServicesImpl.java:closeImpl(356)) - s0: shutdown server org.apache.ratis.grpc.server.GrpcClientProtocolService successfully
2025-09-29 07:14:50,745 [MiniRaftCluster-25] INFO  server.GrpcServicesImpl (GrpcServicesImpl.java:closeImpl(347)) - s0: shutdown server GrpcServerProtocolService now
2025-09-29 07:14:50,745 [s1@group-39511C4E8760->s0-GrpcLogAppender-LogAppenderDaemon] WARN  server.GrpcLogAppender (GrpcLogAppender.java:mayWait(300)) - s1@group-39511C4E8760->s0-GrpcLogAppender: Wait interrupted by java.lang.InterruptedException
2025-09-29 07:14:50,745 [s1@group-39511C4E8760->s2-GrpcLogAppender-LogAppenderDaemon] WARN  server.GrpcLogAppender (GrpcLogAppender.java:mayWait(300)) - s1@group-39511C4E8760->s2-GrpcLogAppender: Wait interrupted by java.lang.InterruptedException
2025-09-29 07:14:50,745 [s2@group-39511C4E8760-FollowerState] INFO  impl.FollowerState (FollowerState.java:runImpl(170)) - s2@group-39511C4E8760-FollowerState was interrupted
2025-09-29 07:14:50,745 [s2@group-39511C4E8760-StateMachineUpdater] INFO  impl.StateMachineUpdater (StateMachineUpdater.java:stop(140)) - s2@group-39511C4E8760-StateMachineUpdater: closing CounterStateMachine, lastApplied=(t:1, i:20)
2025-09-29 07:14:50,747 [Thread-346] INFO  server.GrpcServerProtocolClient (GrpcServerProtocolClient.java:close(94)) - s1 Close channels
2025-09-29 07:14:50,747 [s1-impl-thread1] INFO  impl.StateMachineUpdater (StateMachineUpdater.java:stopAndJoin(163)) - s1@group-39511C4E8760-StateMachineUpdater: set stopIndex = 20
2025-09-29 07:14:50,747 [s2@group-39511C4E8760-cacheEviction-AwaitToRun] INFO  util.AwaitToRun (AwaitToRun.java:run(49)) - s2@group-39511C4E8760-cacheEviction-AwaitToRun-AwaitForSignal is interrupted
2025-09-29 07:14:50,748 [s1@group-39511C4E8760-StateMachineUpdater] INFO  impl.StateMachineUpdater (StateMachineUpdater.java:stop(140)) - s1@group-39511C4E8760-StateMachineUpdater: closing CounterStateMachine, lastApplied=(t:1, i:20)
2025-09-29 07:14:50,749 [grpc-default-executor-15] INFO  server.GrpcLogAppender (GrpcLogAppender.java:onCompleted(558)) - s1@group-39511C4E8760->s2-AppendLogResponseHandler: follower responses appendEntries COMPLETED
2025-09-29 07:14:50,749 [MiniRaftCluster-27] INFO  server.GrpcServicesImpl (GrpcServicesImpl.java:closeImpl(356)) - s2: shutdown server org.apache.ratis.grpc.server.GrpcClientProtocolService successfully
2025-09-29 07:14:50,750 [MiniRaftCluster-27] INFO  server.GrpcServicesImpl (GrpcServicesImpl.java:closeImpl(347)) - s2: shutdown server GrpcServerProtocolService now
2025-09-29 07:14:50,750 [grpc-default-executor-15] WARN  server.GrpcLogAppender (GrpcLogAppender.java:resetClient(237)) - s1@group-39511C4E8760->s2-GrpcLogAppender: Failed to getClient for s2
org.apache.ratis.protocol.exceptions.AlreadyClosedException: s1 is already CLOSED
	at org.apache.ratis.util.PeerProxyMap$PeerAndProxy.getProxy(PeerProxyMap.java:70)
	at org.apache.ratis.util.PeerProxyMap.getProxy(PeerProxyMap.java:127)
	at org.apache.ratis.grpc.server.GrpcLogAppender.getClient(GrpcLogAppender.java:207)
	at org.apache.ratis.grpc.server.GrpcLogAppender.resetClient(GrpcLogAppender.java:212)
	at org.apache.ratis.grpc.server.GrpcLogAppender.access$800(GrpcLogAppender.java:70)
	at org.apache.ratis.grpc.server.GrpcLogAppender$AppendLogResponseHandler.onCompleted(GrpcLogAppender.java:559)
	at org.apache.ratis.thirdparty.io.grpc.stub.ClientCalls$StreamObserverToCallListenerAdapter.onClose(ClientCalls.java:579)
	at org.apache.ratis.thirdparty.io.grpc.internal.ClientCallImpl.closeObserver(ClientCallImpl.java:565)
	at org.apache.ratis.thirdparty.io.grpc.internal.ClientCallImpl.access$100(ClientCallImpl.java:72)
	at org.apache.ratis.thirdparty.io.grpc.internal.ClientCallImpl$ClientStreamListenerImpl$1StreamClosed.runInternal(ClientCallImpl.java:733)
	at org.apache.ratis.thirdparty.io.grpc.internal.ClientCallImpl$ClientStreamListenerImpl$1StreamClosed.runInContext(ClientCallImpl.java:714)
	at org.apache.ratis.thirdparty.io.grpc.internal.ContextRunnable.run(ContextRunnable.java:37)
	at org.apache.ratis.thirdparty.io.grpc.internal.SerializingExecutor.run(SerializingExecutor.java:133)
	at java.util.concurrent.ThreadPoolExecutor.runWorker(ThreadPoolExecutor.java:1149)
	at java.util.concurrent.ThreadPoolExecutor$Worker.run(ThreadPoolExecutor.java:624)
	at java.lang.Thread.run(Thread.java:750)
2025-09-29 07:14:50,753 [grpc-default-executor-12] INFO  server.GrpcLogAppender (GrpcLogAppender.java:onCompleted(558)) - s1@group-39511C4E8760->s0-AppendLogResponseHandler: follower responses appendEntries COMPLETED
2025-09-29 07:14:50,753 [grpc-default-executor-3] INFO  server.GrpcLogAppender (GrpcLogAppender.java:onCompleted(558)) - s1@group-39511C4E8760->s0-AppendLogResponseHandler: follower responses appendEntries COMPLETED
2025-09-29 07:14:50,757 [grpc-default-executor-3] WARN  server.GrpcLogAppender (GrpcLogAppender.java:resetClient(237)) - s1@group-39511C4E8760->s0-GrpcLogAppender: Failed to getClient for s0
org.apache.ratis.protocol.exceptions.AlreadyClosedException: s1 is already CLOSED
	at org.apache.ratis.util.PeerProxyMap$PeerAndProxy.getProxy(PeerProxyMap.java:70)
	at org.apache.ratis.util.PeerProxyMap.getProxy(PeerProxyMap.java:127)
	at org.apache.ratis.grpc.server.GrpcLogAppender.getClient(GrpcLogAppender.java:207)
	at org.apache.ratis.grpc.server.GrpcLogAppender.resetClient(GrpcLogAppender.java:212)
	at org.apache.ratis.grpc.server.GrpcLogAppender.access$800(GrpcLogAppender.java:70)
	at org.apache.ratis.grpc.server.GrpcLogAppender$AppendLogResponseHandler.onCompleted(GrpcLogAppender.java:559)
	at org.apache.ratis.thirdparty.io.grpc.stub.ClientCalls$StreamObserverToCallListenerAdapter.onClose(ClientCalls.java:579)
	at org.apache.ratis.thirdparty.io.grpc.internal.ClientCallImpl.closeObserver(ClientCallImpl.java:565)
	at org.apache.ratis.thirdparty.io.grpc.internal.ClientCallImpl.access$100(ClientCallImpl.java:72)
	at org.apache.ratis.thirdparty.io.grpc.internal.ClientCallImpl$ClientStreamListenerImpl$1StreamClosed.runInternal(ClientCallImpl.java:733)
	at org.apache.ratis.thirdparty.io.grpc.internal.ClientCallImpl$ClientStreamListenerImpl$1StreamClosed.runInContext(ClientCallImpl.java:714)
	at org.apache.ratis.thirdparty.io.grpc.internal.ContextRunnable.run(ContextRunnable.java:37)
	at org.apache.ratis.thirdparty.io.grpc.internal.SerializingExecutor.run(SerializingExecutor.java:133)
	at java.util.concurrent.ThreadPoolExecutor.runWorker(ThreadPoolExecutor.java:1149)
	at java.util.concurrent.ThreadPoolExecutor$Worker.run(ThreadPoolExecutor.java:624)
	at java.lang.Thread.run(Thread.java:750)
2025-09-29 07:14:50,757 [MiniRaftCluster-27] INFO  server.GrpcServicesImpl (GrpcServicesImpl.java:closeImpl(356)) - s2: shutdown server GrpcServerProtocolService successfully
2025-09-29 07:14:50,756 [MiniRaftCluster-25] INFO  server.GrpcServicesImpl (GrpcServicesImpl.java:closeImpl(356)) - s0: shutdown server GrpcServerProtocolService successfully
2025-09-29 07:14:50,756 [grpc-default-executor-15] INFO  server.GrpcLogAppender (GrpcLogAppender.java:onError(545)) - s1@group-39511C4E8760->s2-GrpcLogAppender is already stopped
2025-09-29 07:14:50,756 [grpc-default-executor-12] WARN  server.GrpcLogAppender (GrpcLogAppender.java:resetClient(237)) - s1@group-39511C4E8760->s0-GrpcLogAppender: Failed to getClient for s0
org.apache.ratis.protocol.exceptions.AlreadyClosedException: s1 is already CLOSED
	at org.apache.ratis.util.PeerProxyMap$PeerAndProxy.getProxy(PeerProxyMap.java:70)
	at org.apache.ratis.util.PeerProxyMap.getProxy(PeerProxyMap.java:127)
	at org.apache.ratis.grpc.server.GrpcLogAppender.getClient(GrpcLogAppender.java:207)
	at org.apache.ratis.grpc.server.GrpcLogAppender.resetClient(GrpcLogAppender.java:212)
	at org.apache.ratis.grpc.server.GrpcLogAppender.access$800(GrpcLogAppender.java:70)
	at org.apache.ratis.grpc.server.GrpcLogAppender$AppendLogResponseHandler.onCompleted(GrpcLogAppender.java:559)
	at org.apache.ratis.thirdparty.io.grpc.stub.ClientCalls$StreamObserverToCallListenerAdapter.onClose(ClientCalls.java:579)
	at org.apache.ratis.thirdparty.io.grpc.internal.DelayedClientCall$DelayedListener$3.run(DelayedClientCall.java:487)
	at org.apache.ratis.thirdparty.io.grpc.internal.DelayedClientCall$DelayedListener.delayOrExecute(DelayedClientCall.java:451)
	at org.apache.ratis.thirdparty.io.grpc.internal.DelayedClientCall$DelayedListener.onClose(DelayedClientCall.java:484)
	at org.apache.ratis.thirdparty.io.grpc.internal.ClientCallImpl.closeObserver(ClientCallImpl.java:565)
	at org.apache.ratis.thirdparty.io.grpc.internal.ClientCallImpl.access$100(ClientCallImpl.java:72)
	at org.apache.ratis.thirdparty.io.grpc.internal.ClientCallImpl$ClientStreamListenerImpl$1StreamClosed.runInternal(ClientCallImpl.java:733)
	at org.apache.ratis.thirdparty.io.grpc.internal.ClientCallImpl$ClientStreamListenerImpl$1StreamClosed.runInContext(ClientCallImpl.java:714)
	at org.apache.ratis.thirdparty.io.grpc.internal.ContextRunnable.run(ContextRunnable.java:37)
	at org.apache.ratis.thirdparty.io.grpc.internal.SerializingExecutor.run(SerializingExecutor.java:133)
	at java.util.concurrent.ThreadPoolExecutor.runWorker(ThreadPoolExecutor.java:1149)
	at java.util.concurrent.ThreadPoolExecutor$Worker.run(ThreadPoolExecutor.java:624)
	at java.lang.Thread.run(Thread.java:750)
2025-09-29 07:14:50,754 [s1@group-39511C4E8760-cacheEviction-AwaitToRun] INFO  util.AwaitToRun (AwaitToRun.java:run(49)) - s1@group-39511C4E8760-cacheEviction-AwaitToRun-AwaitForSignal is interrupted
2025-09-29 07:14:50,758 [MiniRaftCluster-27] INFO  server.GrpcServicesImpl (GrpcServicesImpl.java:closeImpl(347)) - s2: shutdown server org.apache.ratis.grpc.server.GrpcAdminProtocolService now
2025-09-29 07:14:50,758 [MiniRaftCluster-25] INFO  server.GrpcServicesImpl (GrpcServicesImpl.java:closeImpl(347)) - s0: shutdown server org.apache.ratis.grpc.server.GrpcAdminProtocolService now
2025-09-29 07:14:50,758 [MiniRaftCluster-26] INFO  server.GrpcServicesImpl (GrpcServicesImpl.java:closeImpl(356)) - s1: shutdown server org.apache.ratis.grpc.server.GrpcClientProtocolService successfully
2025-09-29 07:14:50,759 [MiniRaftCluster-26] INFO  server.GrpcServicesImpl (GrpcServicesImpl.java:closeImpl(347)) - s1: shutdown server GrpcServerProtocolService now
2025-09-29 07:14:50,759 [MiniRaftCluster-27] INFO  server.GrpcServicesImpl (GrpcServicesImpl.java:closeImpl(356)) - s2: shutdown server org.apache.ratis.grpc.server.GrpcAdminProtocolService successfully
2025-09-29 07:14:50,759 [MiniRaftCluster-25] INFO  server.GrpcServicesImpl (GrpcServicesImpl.java:closeImpl(356)) - s0: shutdown server org.apache.ratis.grpc.server.GrpcAdminProtocolService successfully
2025-09-29 07:14:50,760 [MiniRaftCluster-26] INFO  server.GrpcServicesImpl (GrpcServicesImpl.java:closeImpl(356)) - s1: shutdown server GrpcServerProtocolService successfully
2025-09-29 07:14:50,760 [MiniRaftCluster-26] INFO  server.GrpcServicesImpl (GrpcServicesImpl.java:closeImpl(347)) - s1: shutdown server org.apache.ratis.grpc.server.GrpcAdminProtocolService now
2025-09-29 07:14:50,761 [MiniRaftCluster-26] INFO  server.GrpcServicesImpl (GrpcServicesImpl.java:closeImpl(356)) - s1: shutdown server org.apache.ratis.grpc.server.GrpcAdminProtocolService successfully
2025-09-29 07:14:51,646 [s1-impl-thread1] INFO  segmented.SegmentedRaftLogWorker (SegmentedRaftLogWorker.java:close(254)) - s1@group-39511C4E8760-SegmentedRaftLogWorker close()
2025-09-29 07:14:51,647 [JvmPauseMonitor13] INFO  util.JvmPauseMonitor (JvmPauseMonitor.java:run(152)) - JvmPauseMonitor-s1: Stopped
2025-09-29 07:14:51,649 [s2-impl-thread1] INFO  segmented.SegmentedRaftLogWorker (SegmentedRaftLogWorker.java:close(254)) - s2@group-39511C4E8760-SegmentedRaftLogWorker close()
2025-09-29 07:14:51,649 [JvmPauseMonitor14] INFO  util.JvmPauseMonitor (JvmPauseMonitor.java:run(152)) - JvmPauseMonitor-s2: Stopped
2025-09-29 07:14:51,651 [s0-impl-thread1] INFO  segmented.SegmentedRaftLogWorker (SegmentedRaftLogWorker.java:close(254)) - s0@group-39511C4E8760-SegmentedRaftLogWorker close()
2025-09-29 07:14:51,652 [JvmPauseMonitor12] INFO  util.JvmPauseMonitor (JvmPauseMonitor.java:run(152)) - JvmPauseMonitor-s0: Stopped
2025-09-29 07:14:51,652 [main] INFO  impl.MiniRaftCluster (MiniRaftCluster.java:shutdown(848)) - MiniRaftClusterWithGrpc shutdown completed
2025-09-29 07:14:51,652 [main] INFO  impl.MiniRaftCluster (MiniRaftCluster.java:shutdown(824)) - ************************************************************** 
2025-09-29 07:14:51,652 [main] INFO  impl.MiniRaftCluster (MiniRaftCluster.java:shutdown(825)) - *** 
2025-09-29 07:14:51,653 [main] INFO  impl.MiniRaftCluster (MiniRaftCluster.java:shutdown(826)) - ***     Stopping MiniRaftClusterWithGrpc
2025-09-29 07:14:51,653 [main] INFO  impl.MiniRaftCluster (MiniRaftCluster.java:shutdown(827)) - *** 
2025-09-29 07:14:51,653 [main] INFO  impl.MiniRaftCluster (MiniRaftCluster.java:shutdown(828)) - ************************************************************** 
2025-09-29 07:14:51,653 [main] INFO  impl.MiniRaftCluster (MiniRaftCluster.java:shutdown(829)) - printing ALL groups
  s0:   CLOSED  FOLLOWER (CLOSED): s0@group-39511C4E8760:t1, leader=s1, voted=s1, raftlog=Memoized:s0@group-39511C4E8760-SegmentedRaftLog:CLOSED:c20, conf=conf: {index: 0, cur=peers:[s0|localhost:15048, s1|localhost:15052, s2|localhost:15056]|listeners:[], old=null}
  s1:   CLOSED    LEADER (CLOSED): s1@group-39511C4E8760:t1, leader=s1, voted=s1, raftlog=Memoized:s1@group-39511C4E8760-SegmentedRaftLog:CLOSED:c20, conf=conf: {index: 0, cur=peers:[s0|localhost:15048, s1|localhost:15052, s2|localhost:15056]|listeners:[], old=null}
  s2:   CLOSED  FOLLOWER (CLOSED): s2@group-39511C4E8760:t1, leader=s1, voted=s1, raftlog=Memoized:s2@group-39511C4E8760-SegmentedRaftLog:CLOSED:c20, conf=conf: {index: 0, cur=peers:[s0|localhost:15048, s1|localhost:15052, s2|localhost:15056]|listeners:[], old=null}
2025-09-29 07:14:51,654 [main] INFO  impl.MiniRaftCluster (MiniRaftCluster.java:shutdown(848)) - MiniRaftClusterWithGrpc shutdown completed
]]></system-out>
  </testcase>
  <testcase name="testLeaseReadTimeout" classname="org.apache.ratis.grpc.TestReadOnlyRequestWithGrpc" time="1.336">
    <system-out><![CDATA[2025-09-29 07:14:51,656 [main] INFO  util.LogUtils (Slf4jUtils.java:setLogLevel(38)) - Successfully set org.apache.ratis.conf.ConfUtils log level to WARN
2025-09-29 07:14:51,656 [main] INFO  util.LogUtils (Slf4jUtils.java:setLogLevel(38)) - Successfully set org.apache.ratis.util.FileUtils log level to TRACE
2025-09-29 07:14:51,656 [main] INFO  util.LogUtils (Slf4jUtils.java:setLogLevel(38)) - Successfully set org.apache.ratis.server.RaftServer$Division log level to DEBUG
2025-09-29 07:14:51,658 [main] INFO  impl.MiniRaftCluster (MiniRaftCluster.java:runWithNewCluster(136)) - Running runWithNewCluster
2025-09-29 07:14:51,659 [main] INFO  impl.MiniRaftCluster (MiniRaftCluster.java:<init>(296)) - new MiniRaftClusterWithGrpc with group-9C0D4625E276:[s0|localhost:15060, s1|localhost:15064, s2|localhost:15068]
2025-09-29 07:14:51,659 [main] INFO  impl.MiniRaftCluster (MiniRaftCluster.java:start(329)) - .............................................................. 
2025-09-29 07:14:51,659 [main] INFO  impl.MiniRaftCluster (MiniRaftCluster.java:start(330)) - ... 
2025-09-29 07:14:51,659 [main] INFO  impl.MiniRaftCluster (MiniRaftCluster.java:start(331)) - ...     Starting MiniRaftClusterWithGrpc
2025-09-29 07:14:51,659 [main] INFO  impl.MiniRaftCluster (MiniRaftCluster.java:start(332)) - ... 
2025-09-29 07:14:51,659 [main] INFO  impl.MiniRaftCluster (MiniRaftCluster.java:start(333)) - .............................................................. 
2025-09-29 07:14:51,660 [main] INFO  impl.MiniRaftCluster (MiniRaftCluster.java:initServers(308)) - servers = {}
2025-09-29 07:14:51,660 [main] INFO  impl.MiniRaftCluster (MiniRaftCluster.java:newRaftServer(375)) - newRaftServer: s0, group-9C0D4625E276:[s0|localhost:15060, s1|localhost:15064, s2|localhost:15068], format? true
2025-09-29 07:14:51,660 [main] TRACE util.FileUtils (FileUtils.java:deleteFully(355)) - deleteFully target/test/data/6b14e155/MiniRaftClusterWithGrpc649e1ebc/s0
2025-09-29 07:14:51,660 [main] TRACE util.FileUtils (FileUtils.java:deleteFully(368)) - deleteFully: target/test/data/6b14e155/MiniRaftClusterWithGrpc649e1ebc/s0 does not exist.
2025-09-29 07:14:51,660 [main] INFO  impl.MiniRaftCluster (MiniRaftCluster.java:newRaftServer(380)) - Formatted directory target/test/data/6b14e155/MiniRaftClusterWithGrpc649e1ebc/s0
2025-09-29 07:14:51,661 [main] INFO  server.RaftServer (VersionInfo.java:printStartupMessages(132)) - Starting Apache Ratis Test -- RaftServerProxy s0
2025-09-29 07:14:51,661 [main] INFO  server.RaftServer (VersionInfo.java:printStartupMessages(136)) -                version: 3.1.3
2025-09-29 07:14:51,661 [main] INFO  server.RaftServer (VersionInfo.java:printStartupMessages(136)) -                    url: https://github.com/apache/ratis
2025-09-29 07:14:51,662 [main] INFO  server.RaftServer (VersionInfo.java:printStartupMessages(136)) -               revision: d902c593e11de03b157527cf3ee9a12cdd9ad451
2025-09-29 07:14:51,662 [main] INFO  server.RaftServer (VersionInfo.java:printStartupMessages(139)) -                   java: OpenJDK 64-Bit Server VM 1.8.0_462-b08
2025-09-29 07:14:51,662 [main] INFO  server.RaftServer (VersionInfo.java:printStartupMessages(139)) -                   user: runner
2025-09-29 07:14:51,662 [main] INFO  grpc.GrpcConfigKeys (ConfUtils.java:logFallback(69)) - raft.grpc.admin.host = null (fallback to raft.grpc.server.host)
2025-09-29 07:14:51,662 [main] INFO  grpc.GrpcConfigKeys (ConfUtils.java:logGet(62)) - raft.grpc.admin.port = 15061 (custom)
2025-09-29 07:14:51,663 [main] INFO  grpc.GrpcConfigKeys (ConfUtils.java:logFallback(69)) - raft.grpc.client.host = null (fallback to raft.grpc.server.host)
2025-09-29 07:14:51,663 [main] INFO  grpc.GrpcConfigKeys (ConfUtils.java:logGet(62)) - raft.grpc.client.port = 15062 (custom)
2025-09-29 07:14:51,663 [main] INFO  grpc.GrpcConfigKeys (ConfUtils.java:logGet(62)) - raft.grpc.server.port = 15060 (custom)
2025-09-29 07:14:51,665 [main] INFO  server.RaftServerConfigKeys (ConfUtils.java:logGet(62)) - raft.server.storage.dir = [/home/runner/work/ratis/ratis/ratis-test/target/test/data/6b14e155/MiniRaftClusterWithGrpc649e1ebc/s0] (custom)
2025-09-29 07:14:51,665 [main] INFO  server.RaftServer (RaftServerProxy.java:addNew(106)) - s0: addNew group-9C0D4625E276:[s0|localhost:15060, s1|localhost:15064, s2|localhost:15068] returns group-9C0D4625E276:java.util.concurrent.CompletableFuture@61ca5134[Not completed]
2025-09-29 07:14:51,666 [main] INFO  impl.MiniRaftCluster (MiniRaftCluster.java:newRaftServer(375)) - newRaftServer: s1, group-9C0D4625E276:[s0|localhost:15060, s1|localhost:15064, s2|localhost:15068], format? true
2025-09-29 07:14:51,666 [s0-groupManagement] INFO  server.RaftServer$Division (RaftServerImpl.java:<init>(268)) - s0: new RaftServerImpl for group-9C0D4625E276:[s0|localhost:15060, s1|localhost:15064, s2|localhost:15068] with CounterStateMachine-16:uninitialized
2025-09-29 07:14:51,666 [main] TRACE util.FileUtils (FileUtils.java:deleteFully(355)) - deleteFully target/test/data/6b14e155/MiniRaftClusterWithGrpc649e1ebc/s1
2025-09-29 07:14:51,666 [s0-groupManagement] INFO  server.RaftServer$Division (ServerState.java:<init>(114)) - s0@group-9C0D4625E276: ConfigurationManager, init=conf: {index: -1, cur=peers:[s0|localhost:15060, s1|localhost:15064, s2|localhost:15068]|listeners:[], old=null}, confs=<EMPTY_MAP>
2025-09-29 07:14:51,666 [main] TRACE util.FileUtils (FileUtils.java:deleteFully(368)) - deleteFully: target/test/data/6b14e155/MiniRaftClusterWithGrpc649e1ebc/s1 does not exist.
2025-09-29 07:14:51,667 [main] INFO  impl.MiniRaftCluster (MiniRaftCluster.java:newRaftServer(380)) - Formatted directory target/test/data/6b14e155/MiniRaftClusterWithGrpc649e1ebc/s1
2025-09-29 07:14:51,667 [main] INFO  server.RaftServer (VersionInfo.java:printStartupMessages(132)) - Starting Apache Ratis Test -- RaftServerProxy s1
2025-09-29 07:14:51,667 [main] INFO  server.RaftServer (VersionInfo.java:printStartupMessages(136)) -                version: 3.1.3
2025-09-29 07:14:51,667 [main] INFO  server.RaftServer (VersionInfo.java:printStartupMessages(136)) -                    url: https://github.com/apache/ratis
2025-09-29 07:14:51,668 [main] INFO  server.RaftServer (VersionInfo.java:printStartupMessages(136)) -               revision: d902c593e11de03b157527cf3ee9a12cdd9ad451
2025-09-29 07:14:51,668 [main] INFO  server.RaftServer (VersionInfo.java:printStartupMessages(139)) -                   java: OpenJDK 64-Bit Server VM 1.8.0_462-b08
2025-09-29 07:14:51,668 [main] INFO  server.RaftServer (VersionInfo.java:printStartupMessages(139)) -                   user: runner
2025-09-29 07:14:51,668 [main] INFO  grpc.GrpcConfigKeys (ConfUtils.java:logFallback(69)) - raft.grpc.admin.host = null (fallback to raft.grpc.server.host)
2025-09-29 07:14:51,668 [main] INFO  grpc.GrpcConfigKeys (ConfUtils.java:logGet(62)) - raft.grpc.admin.port = 15065 (custom)
2025-09-29 07:14:51,669 [main] INFO  grpc.GrpcConfigKeys (ConfUtils.java:logFallback(69)) - raft.grpc.client.host = null (fallback to raft.grpc.server.host)
2025-09-29 07:14:51,669 [main] INFO  grpc.GrpcConfigKeys (ConfUtils.java:logGet(62)) - raft.grpc.client.port = 15066 (custom)
2025-09-29 07:14:51,669 [main] INFO  grpc.GrpcConfigKeys (ConfUtils.java:logGet(62)) - raft.grpc.server.port = 15064 (custom)
2025-09-29 07:14:51,671 [main] INFO  server.RaftServerConfigKeys (ConfUtils.java:logGet(62)) - raft.server.storage.dir = [/home/runner/work/ratis/ratis/ratis-test/target/test/data/6b14e155/MiniRaftClusterWithGrpc649e1ebc/s1] (custom)
2025-09-29 07:14:51,671 [main] INFO  server.RaftServer (RaftServerProxy.java:addNew(106)) - s1: addNew group-9C0D4625E276:[s0|localhost:15060, s1|localhost:15064, s2|localhost:15068] returns group-9C0D4625E276:java.util.concurrent.CompletableFuture@4f65af91[Not completed]
2025-09-29 07:14:51,672 [s1-groupManagement] INFO  server.RaftServer$Division (RaftServerImpl.java:<init>(268)) - s1: new RaftServerImpl for group-9C0D4625E276:[s0|localhost:15060, s1|localhost:15064, s2|localhost:15068] with CounterStateMachine-17:uninitialized
2025-09-29 07:14:51,672 [main] INFO  impl.MiniRaftCluster (MiniRaftCluster.java:newRaftServer(375)) - newRaftServer: s2, group-9C0D4625E276:[s0|localhost:15060, s1|localhost:15064, s2|localhost:15068], format? true
2025-09-29 07:14:51,672 [main] TRACE util.FileUtils (FileUtils.java:deleteFully(355)) - deleteFully target/test/data/6b14e155/MiniRaftClusterWithGrpc649e1ebc/s2
2025-09-29 07:14:51,672 [main] TRACE util.FileUtils (FileUtils.java:deleteFully(368)) - deleteFully: target/test/data/6b14e155/MiniRaftClusterWithGrpc649e1ebc/s2 does not exist.
2025-09-29 07:14:51,672 [main] INFO  impl.MiniRaftCluster (MiniRaftCluster.java:newRaftServer(380)) - Formatted directory target/test/data/6b14e155/MiniRaftClusterWithGrpc649e1ebc/s2
2025-09-29 07:14:51,673 [main] INFO  server.RaftServer (VersionInfo.java:printStartupMessages(132)) - Starting Apache Ratis Test -- RaftServerProxy s2
2025-09-29 07:14:51,673 [main] INFO  server.RaftServer (VersionInfo.java:printStartupMessages(136)) -                version: 3.1.3
2025-09-29 07:14:51,673 [main] INFO  server.RaftServer (VersionInfo.java:printStartupMessages(136)) -                    url: https://github.com/apache/ratis
2025-09-29 07:14:51,673 [main] INFO  server.RaftServer (VersionInfo.java:printStartupMessages(136)) -               revision: d902c593e11de03b157527cf3ee9a12cdd9ad451
2025-09-29 07:14:51,674 [main] INFO  server.RaftServer (VersionInfo.java:printStartupMessages(139)) -                   java: OpenJDK 64-Bit Server VM 1.8.0_462-b08
2025-09-29 07:14:51,674 [main] INFO  server.RaftServer (VersionInfo.java:printStartupMessages(139)) -                   user: runner
2025-09-29 07:14:51,674 [main] INFO  grpc.GrpcConfigKeys (ConfUtils.java:logFallback(69)) - raft.grpc.admin.host = null (fallback to raft.grpc.server.host)
2025-09-29 07:14:51,674 [main] INFO  grpc.GrpcConfigKeys (ConfUtils.java:logGet(62)) - raft.grpc.admin.port = 15069 (custom)
2025-09-29 07:14:51,675 [main] INFO  grpc.GrpcConfigKeys (ConfUtils.java:logFallback(69)) - raft.grpc.client.host = null (fallback to raft.grpc.server.host)
2025-09-29 07:14:51,675 [main] INFO  grpc.GrpcConfigKeys (ConfUtils.java:logGet(62)) - raft.grpc.client.port = 15070 (custom)
2025-09-29 07:14:51,675 [main] INFO  grpc.GrpcConfigKeys (ConfUtils.java:logGet(62)) - raft.grpc.server.port = 15068 (custom)
2025-09-29 07:14:51,672 [s1-groupManagement] INFO  server.RaftServer$Division (ServerState.java:<init>(114)) - s1@group-9C0D4625E276: ConfigurationManager, init=conf: {index: -1, cur=peers:[s0|localhost:15060, s1|localhost:15064, s2|localhost:15068]|listeners:[], old=null}, confs=<EMPTY_MAP>
2025-09-29 07:14:51,677 [main] INFO  server.RaftServerConfigKeys (ConfUtils.java:logGet(62)) - raft.server.storage.dir = [/home/runner/work/ratis/ratis/ratis-test/target/test/data/6b14e155/MiniRaftClusterWithGrpc649e1ebc/s2] (custom)
2025-09-29 07:14:51,677 [main] INFO  server.RaftServer (RaftServerProxy.java:addNew(106)) - s2: addNew group-9C0D4625E276:[s0|localhost:15060, s1|localhost:15064, s2|localhost:15068] returns group-9C0D4625E276:java.util.concurrent.CompletableFuture@3ec211cc[Not completed]
2025-09-29 07:14:51,677 [s2-groupManagement] INFO  server.RaftServer$Division (RaftServerImpl.java:<init>(268)) - s2: new RaftServerImpl for group-9C0D4625E276:[s0|localhost:15060, s1|localhost:15064, s2|localhost:15068] with CounterStateMachine-18:uninitialized
2025-09-29 07:14:51,677 [s0-impl-thread1] INFO  server.RaftServerConfigKeys (ConfUtils.java:logGet(62)) - raft.server.storage.dir = [/home/runner/work/ratis/ratis/ratis-test/target/test/data/6b14e155/MiniRaftClusterWithGrpc649e1ebc/s0] (custom)
2025-09-29 07:14:51,678 [s2-groupManagement] INFO  server.RaftServer$Division (ServerState.java:<init>(114)) - s2@group-9C0D4625E276: ConfigurationManager, init=conf: {index: -1, cur=peers:[s0|localhost:15060, s1|localhost:15064, s2|localhost:15068]|listeners:[], old=null}, confs=<EMPTY_MAP>
2025-09-29 07:14:51,678 [s0-impl-thread1] INFO  storage.RaftStorageDirectory (RaftStorageDirectoryImpl.java:analyzeStorage(138)) - The storage directory /home/runner/work/ratis/ratis/ratis-test/target/test/data/6b14e155/MiniRaftClusterWithGrpc649e1ebc/s0/aeb3418f-feb8-485c-ac7d-9c0d4625e276 does not exist. Creating ...
2025-09-29 07:14:51,678 [s0-impl-thread1] TRACE util.FileUtils (LogUtils.java:runAndLog(49)) - Successfully ran Files.createDirectories /home/runner/work/ratis/ratis/ratis-test/target/test/data/6b14e155/MiniRaftClusterWithGrpc649e1ebc/s0/aeb3418f-feb8-485c-ac7d-9c0d4625e276
2025-09-29 07:14:51,679 [s0-impl-thread1] INFO  storage.RaftStorageDirectory (RaftStorageDirectoryImpl.java:tryLock(229)) - Lock on /home/runner/work/ratis/ratis/ratis-test/target/test/data/6b14e155/MiniRaftClusterWithGrpc649e1ebc/s0/aeb3418f-feb8-485c-ac7d-9c0d4625e276/in_use.lock acquired by nodename 24167@runnervm3ublj
2025-09-29 07:14:51,680 [s0-impl-thread1] TRACE util.FileUtils (LogUtils.java:runAndLog(49)) - Successfully ran Files.createDirectories /home/runner/work/ratis/ratis/ratis-test/target/test/data/6b14e155/MiniRaftClusterWithGrpc649e1ebc/s0/aeb3418f-feb8-485c-ac7d-9c0d4625e276/current
2025-09-29 07:14:51,680 [s0-impl-thread1] TRACE util.FileUtils (LogUtils.java:runAndLog(49)) - Successfully ran Files.createDirectories /home/runner/work/ratis/ratis/ratis-test/target/test/data/6b14e155/MiniRaftClusterWithGrpc649e1ebc/s0/aeb3418f-feb8-485c-ac7d-9c0d4625e276/sm
2025-09-29 07:14:51,680 [s0-impl-thread1] TRACE util.FileUtils (LogUtils.java:supplyAndLog(69)) - Successfully supplied FileChannel.open /home/runner/work/ratis/ratis/ratis-test/target/test/data/6b14e155/MiniRaftClusterWithGrpc649e1ebc/s0/aeb3418f-feb8-485c-ac7d-9c0d4625e276/current/raft-meta.tmp with options [CREATE, TRUNCATE_EXISTING, WRITE]: sun.nio.ch.FileChannelImpl@353c0b67
2025-09-29 07:14:51,681 [s0-impl-thread1] TRACE util.FileUtils (LogUtils.java:runAndLog(49)) - Successfully ran Atomic Files.move /home/runner/work/ratis/ratis/ratis-test/target/test/data/6b14e155/MiniRaftClusterWithGrpc649e1ebc/s0/aeb3418f-feb8-485c-ac7d-9c0d4625e276/current/raft-meta.tmp to /home/runner/work/ratis/ratis/ratis-test/target/test/data/6b14e155/MiniRaftClusterWithGrpc649e1ebc/s0/aeb3418f-feb8-485c-ac7d-9c0d4625e276/current/raft-meta with options [REPLACE_EXISTING]
2025-09-29 07:14:51,681 [s0-impl-thread1] INFO  storage.RaftStorage (RaftStorageImpl.java:format(98)) - Storage directory /home/runner/work/ratis/ratis/ratis-test/target/test/data/6b14e155/MiniRaftClusterWithGrpc649e1ebc/s0/aeb3418f-feb8-485c-ac7d-9c0d4625e276 has been successfully formatted.
2025-09-29 07:14:51,681 [s0-impl-thread1] INFO  server.RaftServer$Division (ServerState.java:getSnapshotIndexFromStateMachine(154)) - s0@group-9C0D4625E276: getLatestSnapshot(CounterStateMachine-16:s0:group-9C0D4625E276) returns null
2025-09-29 07:14:51,681 [s0-impl-thread1] INFO  raftlog.RaftLog (RaftLogBase.java:<init>(90)) - s0@group-9C0D4625E276-SegmentedRaftLog: snapshotIndexFromStateMachine = -1
2025-09-29 07:14:51,682 [s0-impl-thread1] INFO  util.AwaitToRun (AwaitToRun.java:start(81)) - Thread[s0@group-9C0D4625E276-cacheEviction-AwaitToRun,5,main] started
2025-09-29 07:14:51,682 [s0-impl-thread1] INFO  segmented.SegmentedRaftLogWorker (SegmentedRaftLogWorker.java:<init>(190)) - new s0@group-9C0D4625E276-SegmentedRaftLogWorker for RaftStorageImpl:Storage Directory /home/runner/work/ratis/ratis/ratis-test/target/test/data/6b14e155/MiniRaftClusterWithGrpc649e1ebc/s0/aeb3418f-feb8-485c-ac7d-9c0d4625e276
2025-09-29 07:14:51,683 [s0-impl-thread1] INFO  segmented.SegmentedRaftLogWorker (SegmentedRaftLogWorker.java:lambda$new$0(141)) - s0@group-9C0D4625E276-SegmentedRaftLogWorker: flushIndex: setUnconditionally 0 -> -1
2025-09-29 07:14:51,683 [s0-impl-thread1] INFO  segmented.SegmentedRaftLogWorker (SegmentedRaftLogWorker.java:lambda$new$0(141)) - s0@group-9C0D4625E276-SegmentedRaftLogWorker: safeCacheEvictIndex: setUnconditionally 0 -> -1
2025-09-29 07:14:51,683 [s0-impl-thread1] INFO  server.RaftServer$Division (RaftServerImpl.java:start(405)) - s0@group-9C0D4625E276: start as a follower, conf=conf: {index: -1, cur=peers:[s0|localhost:15060, s1|localhost:15064, s2|localhost:15068]|listeners:[], old=null}
2025-09-29 07:14:51,684 [s0-impl-thread1] INFO  server.RaftServer$Division (RaftServerImpl.java:setRole(392)) - s0@group-9C0D4625E276: changes role from      null to FOLLOWER at term 0 for startAsFollower
2025-09-29 07:14:51,684 [s0-impl-thread1] INFO  impl.RoleInfo (RoleInfo.java:updateAndGet(148)) - s0: start s0@group-9C0D4625E276-FollowerState
2025-09-29 07:14:51,684 [s0-impl-thread1] INFO  util.JmxRegister (JmxRegister.java:tryRegister(44)) - Successfully registered JMX Bean with object name Ratis:service=RaftServer,group=group-9C0D4625E276,id=s0
2025-09-29 07:14:51,684 [s0@group-9C0D4625E276-FollowerState] INFO  server.RaftServerConfigKeys (ConfUtils.java:logFallback(69)) - raft.server.rpc.first-election.timeout.min = 150ms (fallback to raft.server.rpc.timeout.min)
2025-09-29 07:14:51,685 [s0@group-9C0D4625E276-FollowerState] INFO  server.RaftServerConfigKeys (ConfUtils.java:logFallback(69)) - raft.server.rpc.first-election.timeout.max = 300ms (fallback to raft.server.rpc.timeout.max)
2025-09-29 07:14:51,684 [s0-impl-thread1] INFO  util.JmxRegister (JmxRegister.java:register(58)) - register mxBean class org.apache.ratis.server.impl.RaftServerJmxAdapter as Ratis:service=RaftServer,group=group-9C0D4625E276,id=s0
2025-09-29 07:14:51,686 [s0-impl-thread1] INFO  server.RaftServer$Division (RaftServerImpl.java:start(419)) - s0@group-9C0D4625E276: Successfully started.
2025-09-29 07:14:51,686 [main] INFO  server.RaftServer (RaftServerProxy.java:startImpl(415)) - s0: start RPC server
2025-09-29 07:14:51,687 [main] INFO  server.GrpcServicesImpl (GrpcServicesImpl.java:startImpl(338)) - s0: GrpcServicesImpl started, listening on 15062
2025-09-29 07:14:51,687 [main] INFO  server.GrpcServicesImpl (GrpcServicesImpl.java:startImpl(338)) - s0: GrpcServicesImpl started, listening on 15060
2025-09-29 07:14:51,688 [main] INFO  server.GrpcServicesImpl (GrpcServicesImpl.java:startImpl(338)) - s0: GrpcServicesImpl started, listening on 15061
2025-09-29 07:14:51,688 [JvmPauseMonitor15] INFO  util.JvmPauseMonitor (JvmPauseMonitor.java:run(146)) - JvmPauseMonitor-s0: Started
2025-09-29 07:14:51,688 [s1-impl-thread1] INFO  server.RaftServerConfigKeys (ConfUtils.java:logGet(62)) - raft.server.storage.dir = [/home/runner/work/ratis/ratis/ratis-test/target/test/data/6b14e155/MiniRaftClusterWithGrpc649e1ebc/s1] (custom)
2025-09-29 07:14:51,689 [s1-impl-thread1] INFO  storage.RaftStorageDirectory (RaftStorageDirectoryImpl.java:analyzeStorage(138)) - The storage directory /home/runner/work/ratis/ratis/ratis-test/target/test/data/6b14e155/MiniRaftClusterWithGrpc649e1ebc/s1/aeb3418f-feb8-485c-ac7d-9c0d4625e276 does not exist. Creating ...
2025-09-29 07:14:51,689 [s1-impl-thread1] TRACE util.FileUtils (LogUtils.java:runAndLog(49)) - Successfully ran Files.createDirectories /home/runner/work/ratis/ratis/ratis-test/target/test/data/6b14e155/MiniRaftClusterWithGrpc649e1ebc/s1/aeb3418f-feb8-485c-ac7d-9c0d4625e276
2025-09-29 07:14:51,690 [s1-impl-thread1] INFO  storage.RaftStorageDirectory (RaftStorageDirectoryImpl.java:tryLock(229)) - Lock on /home/runner/work/ratis/ratis/ratis-test/target/test/data/6b14e155/MiniRaftClusterWithGrpc649e1ebc/s1/aeb3418f-feb8-485c-ac7d-9c0d4625e276/in_use.lock acquired by nodename 24167@runnervm3ublj
2025-09-29 07:14:51,690 [s1-impl-thread1] TRACE util.FileUtils (LogUtils.java:runAndLog(49)) - Successfully ran Files.createDirectories /home/runner/work/ratis/ratis/ratis-test/target/test/data/6b14e155/MiniRaftClusterWithGrpc649e1ebc/s1/aeb3418f-feb8-485c-ac7d-9c0d4625e276/current
2025-09-29 07:14:51,690 [s1-impl-thread1] TRACE util.FileUtils (LogUtils.java:runAndLog(49)) - Successfully ran Files.createDirectories /home/runner/work/ratis/ratis/ratis-test/target/test/data/6b14e155/MiniRaftClusterWithGrpc649e1ebc/s1/aeb3418f-feb8-485c-ac7d-9c0d4625e276/sm
2025-09-29 07:14:51,690 [s1-impl-thread1] TRACE util.FileUtils (LogUtils.java:supplyAndLog(69)) - Successfully supplied FileChannel.open /home/runner/work/ratis/ratis/ratis-test/target/test/data/6b14e155/MiniRaftClusterWithGrpc649e1ebc/s1/aeb3418f-feb8-485c-ac7d-9c0d4625e276/current/raft-meta.tmp with options [CREATE, TRUNCATE_EXISTING, WRITE]: sun.nio.ch.FileChannelImpl@23bac9ef
2025-09-29 07:14:51,691 [s1-impl-thread1] TRACE util.FileUtils (LogUtils.java:runAndLog(49)) - Successfully ran Atomic Files.move /home/runner/work/ratis/ratis/ratis-test/target/test/data/6b14e155/MiniRaftClusterWithGrpc649e1ebc/s1/aeb3418f-feb8-485c-ac7d-9c0d4625e276/current/raft-meta.tmp to /home/runner/work/ratis/ratis/ratis-test/target/test/data/6b14e155/MiniRaftClusterWithGrpc649e1ebc/s1/aeb3418f-feb8-485c-ac7d-9c0d4625e276/current/raft-meta with options [REPLACE_EXISTING]
2025-09-29 07:14:51,691 [s1-impl-thread1] INFO  storage.RaftStorage (RaftStorageImpl.java:format(98)) - Storage directory /home/runner/work/ratis/ratis/ratis-test/target/test/data/6b14e155/MiniRaftClusterWithGrpc649e1ebc/s1/aeb3418f-feb8-485c-ac7d-9c0d4625e276 has been successfully formatted.
2025-09-29 07:14:51,691 [s1-impl-thread1] INFO  server.RaftServer$Division (ServerState.java:getSnapshotIndexFromStateMachine(154)) - s1@group-9C0D4625E276: getLatestSnapshot(CounterStateMachine-17:s1:group-9C0D4625E276) returns null
2025-09-29 07:14:51,691 [s1-impl-thread1] INFO  raftlog.RaftLog (RaftLogBase.java:<init>(90)) - s1@group-9C0D4625E276-SegmentedRaftLog: snapshotIndexFromStateMachine = -1
2025-09-29 07:14:51,692 [s1-impl-thread1] INFO  util.AwaitToRun (AwaitToRun.java:start(81)) - Thread[s1@group-9C0D4625E276-cacheEviction-AwaitToRun,5,main] started
2025-09-29 07:14:51,692 [s1-impl-thread1] INFO  segmented.SegmentedRaftLogWorker (SegmentedRaftLogWorker.java:<init>(190)) - new s1@group-9C0D4625E276-SegmentedRaftLogWorker for RaftStorageImpl:Storage Directory /home/runner/work/ratis/ratis/ratis-test/target/test/data/6b14e155/MiniRaftClusterWithGrpc649e1ebc/s1/aeb3418f-feb8-485c-ac7d-9c0d4625e276
2025-09-29 07:14:51,693 [s1-impl-thread1] INFO  segmented.SegmentedRaftLogWorker (SegmentedRaftLogWorker.java:lambda$new$0(141)) - s1@group-9C0D4625E276-SegmentedRaftLogWorker: flushIndex: setUnconditionally 0 -> -1
2025-09-29 07:14:51,693 [s1-impl-thread1] INFO  segmented.SegmentedRaftLogWorker (SegmentedRaftLogWorker.java:lambda$new$0(141)) - s1@group-9C0D4625E276-SegmentedRaftLogWorker: safeCacheEvictIndex: setUnconditionally 0 -> -1
2025-09-29 07:14:51,693 [s1-impl-thread1] INFO  server.RaftServer$Division (RaftServerImpl.java:start(405)) - s1@group-9C0D4625E276: start as a follower, conf=conf: {index: -1, cur=peers:[s0|localhost:15060, s1|localhost:15064, s2|localhost:15068]|listeners:[], old=null}
2025-09-29 07:14:51,693 [s1-impl-thread1] INFO  server.RaftServer$Division (RaftServerImpl.java:setRole(392)) - s1@group-9C0D4625E276: changes role from      null to FOLLOWER at term 0 for startAsFollower
2025-09-29 07:14:51,694 [s1-impl-thread1] INFO  impl.RoleInfo (RoleInfo.java:updateAndGet(148)) - s1: start s1@group-9C0D4625E276-FollowerState
2025-09-29 07:14:51,694 [s1-impl-thread1] INFO  util.JmxRegister (JmxRegister.java:tryRegister(44)) - Successfully registered JMX Bean with object name Ratis:service=RaftServer,group=group-9C0D4625E276,id=s1
2025-09-29 07:14:51,694 [s1-impl-thread1] INFO  util.JmxRegister (JmxRegister.java:register(58)) - register mxBean class org.apache.ratis.server.impl.RaftServerJmxAdapter as Ratis:service=RaftServer,group=group-9C0D4625E276,id=s1
2025-09-29 07:14:51,694 [s1@group-9C0D4625E276-FollowerState] INFO  server.RaftServerConfigKeys (ConfUtils.java:logFallback(69)) - raft.server.rpc.first-election.timeout.min = 150ms (fallback to raft.server.rpc.timeout.min)
2025-09-29 07:14:51,694 [s1@group-9C0D4625E276-FollowerState] INFO  server.RaftServerConfigKeys (ConfUtils.java:logFallback(69)) - raft.server.rpc.first-election.timeout.max = 300ms (fallback to raft.server.rpc.timeout.max)
2025-09-29 07:14:51,695 [s1-impl-thread1] INFO  server.RaftServer$Division (RaftServerImpl.java:start(419)) - s1@group-9C0D4625E276: Successfully started.
2025-09-29 07:14:51,695 [main] INFO  server.RaftServer (RaftServerProxy.java:startImpl(415)) - s1: start RPC server
2025-09-29 07:14:51,695 [main] INFO  server.GrpcServicesImpl (GrpcServicesImpl.java:startImpl(338)) - s1: GrpcServicesImpl started, listening on 15066
2025-09-29 07:14:51,696 [main] INFO  server.GrpcServicesImpl (GrpcServicesImpl.java:startImpl(338)) - s1: GrpcServicesImpl started, listening on 15064
2025-09-29 07:14:51,696 [main] INFO  server.GrpcServicesImpl (GrpcServicesImpl.java:startImpl(338)) - s1: GrpcServicesImpl started, listening on 15065
2025-09-29 07:14:51,697 [s2-impl-thread1] INFO  server.RaftServerConfigKeys (ConfUtils.java:logGet(62)) - raft.server.storage.dir = [/home/runner/work/ratis/ratis/ratis-test/target/test/data/6b14e155/MiniRaftClusterWithGrpc649e1ebc/s2] (custom)
2025-09-29 07:14:51,697 [s2-impl-thread1] INFO  storage.RaftStorageDirectory (RaftStorageDirectoryImpl.java:analyzeStorage(138)) - The storage directory /home/runner/work/ratis/ratis/ratis-test/target/test/data/6b14e155/MiniRaftClusterWithGrpc649e1ebc/s2/aeb3418f-feb8-485c-ac7d-9c0d4625e276 does not exist. Creating ...
2025-09-29 07:14:51,698 [JvmPauseMonitor16] INFO  util.JvmPauseMonitor (JvmPauseMonitor.java:run(146)) - JvmPauseMonitor-s1: Started
2025-09-29 07:14:51,698 [s2-impl-thread1] TRACE util.FileUtils (LogUtils.java:runAndLog(49)) - Successfully ran Files.createDirectories /home/runner/work/ratis/ratis/ratis-test/target/test/data/6b14e155/MiniRaftClusterWithGrpc649e1ebc/s2/aeb3418f-feb8-485c-ac7d-9c0d4625e276
2025-09-29 07:14:51,698 [s2-impl-thread1] INFO  storage.RaftStorageDirectory (RaftStorageDirectoryImpl.java:tryLock(229)) - Lock on /home/runner/work/ratis/ratis/ratis-test/target/test/data/6b14e155/MiniRaftClusterWithGrpc649e1ebc/s2/aeb3418f-feb8-485c-ac7d-9c0d4625e276/in_use.lock acquired by nodename 24167@runnervm3ublj
2025-09-29 07:14:51,698 [s2-impl-thread1] TRACE util.FileUtils (LogUtils.java:runAndLog(49)) - Successfully ran Files.createDirectories /home/runner/work/ratis/ratis/ratis-test/target/test/data/6b14e155/MiniRaftClusterWithGrpc649e1ebc/s2/aeb3418f-feb8-485c-ac7d-9c0d4625e276/current
2025-09-29 07:14:51,698 [s2-impl-thread1] TRACE util.FileUtils (LogUtils.java:runAndLog(49)) - Successfully ran Files.createDirectories /home/runner/work/ratis/ratis/ratis-test/target/test/data/6b14e155/MiniRaftClusterWithGrpc649e1ebc/s2/aeb3418f-feb8-485c-ac7d-9c0d4625e276/sm
2025-09-29 07:14:51,699 [s2-impl-thread1] TRACE util.FileUtils (LogUtils.java:supplyAndLog(69)) - Successfully supplied FileChannel.open /home/runner/work/ratis/ratis/ratis-test/target/test/data/6b14e155/MiniRaftClusterWithGrpc649e1ebc/s2/aeb3418f-feb8-485c-ac7d-9c0d4625e276/current/raft-meta.tmp with options [CREATE, TRUNCATE_EXISTING, WRITE]: sun.nio.ch.FileChannelImpl@4cac74ad
2025-09-29 07:14:51,699 [s2-impl-thread1] TRACE util.FileUtils (LogUtils.java:runAndLog(49)) - Successfully ran Atomic Files.move /home/runner/work/ratis/ratis/ratis-test/target/test/data/6b14e155/MiniRaftClusterWithGrpc649e1ebc/s2/aeb3418f-feb8-485c-ac7d-9c0d4625e276/current/raft-meta.tmp to /home/runner/work/ratis/ratis/ratis-test/target/test/data/6b14e155/MiniRaftClusterWithGrpc649e1ebc/s2/aeb3418f-feb8-485c-ac7d-9c0d4625e276/current/raft-meta with options [REPLACE_EXISTING]
2025-09-29 07:14:51,699 [s2-impl-thread1] INFO  storage.RaftStorage (RaftStorageImpl.java:format(98)) - Storage directory /home/runner/work/ratis/ratis/ratis-test/target/test/data/6b14e155/MiniRaftClusterWithGrpc649e1ebc/s2/aeb3418f-feb8-485c-ac7d-9c0d4625e276 has been successfully formatted.
2025-09-29 07:14:51,700 [s2-impl-thread1] INFO  server.RaftServer$Division (ServerState.java:getSnapshotIndexFromStateMachine(154)) - s2@group-9C0D4625E276: getLatestSnapshot(CounterStateMachine-18:s2:group-9C0D4625E276) returns null
2025-09-29 07:14:51,700 [s2-impl-thread1] INFO  raftlog.RaftLog (RaftLogBase.java:<init>(90)) - s2@group-9C0D4625E276-SegmentedRaftLog: snapshotIndexFromStateMachine = -1
2025-09-29 07:14:51,700 [s2-impl-thread1] INFO  util.AwaitToRun (AwaitToRun.java:start(81)) - Thread[s2@group-9C0D4625E276-cacheEviction-AwaitToRun,5,main] started
2025-09-29 07:14:51,700 [s2-impl-thread1] INFO  segmented.SegmentedRaftLogWorker (SegmentedRaftLogWorker.java:<init>(190)) - new s2@group-9C0D4625E276-SegmentedRaftLogWorker for RaftStorageImpl:Storage Directory /home/runner/work/ratis/ratis/ratis-test/target/test/data/6b14e155/MiniRaftClusterWithGrpc649e1ebc/s2/aeb3418f-feb8-485c-ac7d-9c0d4625e276
2025-09-29 07:14:51,702 [s2-impl-thread1] INFO  segmented.SegmentedRaftLogWorker (SegmentedRaftLogWorker.java:lambda$new$0(141)) - s2@group-9C0D4625E276-SegmentedRaftLogWorker: flushIndex: setUnconditionally 0 -> -1
2025-09-29 07:14:51,702 [s2-impl-thread1] INFO  segmented.SegmentedRaftLogWorker (SegmentedRaftLogWorker.java:lambda$new$0(141)) - s2@group-9C0D4625E276-SegmentedRaftLogWorker: safeCacheEvictIndex: setUnconditionally 0 -> -1
2025-09-29 07:14:51,702 [s2-impl-thread1] INFO  server.RaftServer$Division (RaftServerImpl.java:start(405)) - s2@group-9C0D4625E276: start as a follower, conf=conf: {index: -1, cur=peers:[s0|localhost:15060, s1|localhost:15064, s2|localhost:15068]|listeners:[], old=null}
2025-09-29 07:14:51,702 [s2-impl-thread1] INFO  server.RaftServer$Division (RaftServerImpl.java:setRole(392)) - s2@group-9C0D4625E276: changes role from      null to FOLLOWER at term 0 for startAsFollower
2025-09-29 07:14:51,703 [s2-impl-thread1] INFO  impl.RoleInfo (RoleInfo.java:updateAndGet(148)) - s2: start s2@group-9C0D4625E276-FollowerState
2025-09-29 07:14:51,703 [s2-impl-thread1] INFO  util.JmxRegister (JmxRegister.java:tryRegister(44)) - Successfully registered JMX Bean with object name Ratis:service=RaftServer,group=group-9C0D4625E276,id=s2
2025-09-29 07:14:51,703 [s2@group-9C0D4625E276-FollowerState] INFO  server.RaftServerConfigKeys (ConfUtils.java:logFallback(69)) - raft.server.rpc.first-election.timeout.min = 150ms (fallback to raft.server.rpc.timeout.min)
2025-09-29 07:14:51,703 [s2-impl-thread1] INFO  util.JmxRegister (JmxRegister.java:register(58)) - register mxBean class org.apache.ratis.server.impl.RaftServerJmxAdapter as Ratis:service=RaftServer,group=group-9C0D4625E276,id=s2
2025-09-29 07:14:51,703 [s2@group-9C0D4625E276-FollowerState] INFO  server.RaftServerConfigKeys (ConfUtils.java:logFallback(69)) - raft.server.rpc.first-election.timeout.max = 300ms (fallback to raft.server.rpc.timeout.max)
2025-09-29 07:14:51,703 [s2-impl-thread1] INFO  server.RaftServer$Division (RaftServerImpl.java:start(419)) - s2@group-9C0D4625E276: Successfully started.
2025-09-29 07:14:51,703 [main] INFO  server.RaftServer (RaftServerProxy.java:startImpl(415)) - s2: start RPC server
2025-09-29 07:14:51,704 [main] INFO  server.GrpcServicesImpl (GrpcServicesImpl.java:startImpl(338)) - s2: GrpcServicesImpl started, listening on 15070
2025-09-29 07:14:51,704 [main] INFO  server.GrpcServicesImpl (GrpcServicesImpl.java:startImpl(338)) - s2: GrpcServicesImpl started, listening on 15068
2025-09-29 07:14:51,705 [main] INFO  server.GrpcServicesImpl (GrpcServicesImpl.java:startImpl(338)) - s2: GrpcServicesImpl started, listening on 15069
2025-09-29 07:14:51,705 [JvmPauseMonitor17] INFO  util.JvmPauseMonitor (JvmPauseMonitor.java:run(146)) - JvmPauseMonitor-s2: Started
2025-09-29 07:14:51,706 [main] INFO  ratis.RaftTestUtil (RaftTestUtil.java:waitForLeader(107)) - printing ALL groups
  s0:  RUNNING  FOLLOWER (RUNNING): s0@group-9C0D4625E276:t0, leader=null, voted=, raftlog=Memoized:s0@group-9C0D4625E276-SegmentedRaftLog:OPENED:c-1:lastnull, conf=conf: {index: -1, cur=peers:[s0|localhost:15060, s1|localhost:15064, s2|localhost:15068]|listeners:[], old=null}
  s1:  RUNNING  FOLLOWER (RUNNING): s1@group-9C0D4625E276:t0, leader=null, voted=, raftlog=Memoized:s1@group-9C0D4625E276-SegmentedRaftLog:OPENED:c-1:lastnull, conf=conf: {index: -1, cur=peers:[s0|localhost:15060, s1|localhost:15064, s2|localhost:15068]|listeners:[], old=null}
  s2:  RUNNING  FOLLOWER (RUNNING): s2@group-9C0D4625E276:t0, leader=null, voted=, raftlog=Memoized:s2@group-9C0D4625E276-SegmentedRaftLog:OPENED:c-1:lastnull, conf=conf: {index: -1, cur=peers:[s0|localhost:15060, s1|localhost:15064, s2|localhost:15068]|listeners:[], old=null}
2025-09-29 07:14:51,706 [main] WARN  ratis.RaftTestUtil (RaftTestUtil.java:lambda$waitForLeader$3(126)) - Attempt #1 failed: java.lang.IllegalStateException: No leader yet : printing ALL groups
  s0:  RUNNING  FOLLOWER (RUNNING): s0@group-9C0D4625E276:t0, leader=null, voted=, raftlog=Memoized:s0@group-9C0D4625E276-SegmentedRaftLog:OPENED:c-1:lastnull, conf=conf: {index: -1, cur=peers:[s0|localhost:15060, s1|localhost:15064, s2|localhost:15068]|listeners:[], old=null}
  s1:  RUNNING  FOLLOWER (RUNNING): s1@group-9C0D4625E276:t0, leader=null, voted=, raftlog=Memoized:s1@group-9C0D4625E276-SegmentedRaftLog:OPENED:c-1:lastnull, conf=conf: {index: -1, cur=peers:[s0|localhost:15060, s1|localhost:15064, s2|localhost:15068]|listeners:[], old=null}
  s2:  RUNNING  FOLLOWER (RUNNING): s2@group-9C0D4625E276:t0, leader=null, voted=, raftlog=Memoized:s2@group-9C0D4625E276-SegmentedRaftLog:OPENED:c-1:lastnull, conf=conf: {index: -1, cur=peers:[s0|localhost:15060, s1|localhost:15064, s2|localhost:15068]|listeners:[], old=null}
2025-09-29 07:14:51,712 [timer5] INFO  server.GrpcServerProtocolService (GrpcServerProtocolService.java:lambda$onCompleted$6(174)) - s0: Completed APPEND_ENTRIES, lastRequest: null  (Repeated 4 times in the last 5.000s)
2025-09-29 07:14:51,714 [timer6] INFO  server.GrpcServerProtocolService (GrpcServerProtocolService.java:lambda$null$7(178)) - s0: Completed APPEND_ENTRIES, lastReply: serverReply { requestorId: "s1" replyId: "s0" raftGroupId { id: "\005\227x\226\276eI\256\254\3339Q\034N\207`" } callId: 66 success: true } term: 1 nextIndex: 21 followerCommit: 20 matchIndex: 18446744073709551615 isHearbeat: true  (Repeated 4 times in the last 5.002s)
2025-09-29 07:14:51,929 [s0@group-9C0D4625E276-FollowerState] INFO  impl.FollowerState (FollowerState.java:runImpl(161)) - s0@group-9C0D4625E276-FollowerState: change to CANDIDATE, lastRpcElapsedTime:245164301ns, electionTimeout:244ms
2025-09-29 07:14:51,929 [s0@group-9C0D4625E276-FollowerState] INFO  impl.RoleInfo (RoleInfo.java:shutdownFollowerState(121)) - s0: shutdown s0@group-9C0D4625E276-FollowerState
2025-09-29 07:14:51,929 [s0@group-9C0D4625E276-FollowerState] INFO  server.RaftServer$Division (RaftServerImpl.java:setRole(392)) - s0@group-9C0D4625E276: changes role from  FOLLOWER to CANDIDATE at term 0 for changeToCandidate
2025-09-29 07:14:51,930 [s0@group-9C0D4625E276-FollowerState] INFO  impl.RoleInfo (RoleInfo.java:updateAndGet(148)) - s0: start s0@group-9C0D4625E276-LeaderElection10
2025-09-29 07:14:51,930 [s0@group-9C0D4625E276-LeaderElection10] INFO  impl.LeaderElection (LeaderElection.java:askForVotes(448)) - s0@group-9C0D4625E276-LeaderElection10 PRE_VOTE round 0: submit vote requests at term 0 for conf: {index: -1, cur=peers:[s0|localhost:15060, s1|localhost:15064, s2|localhost:15068]|listeners:[], old=null}
2025-09-29 07:14:51,931 [s0@group-9C0D4625E276-LeaderElection10-1] INFO  server.GrpcServerProtocolClient (GrpcServerProtocolClient.java:<init>(64)) - Build channel for s1|localhost:15064
2025-09-29 07:14:51,931 [s0@group-9C0D4625E276-LeaderElection10-2] INFO  server.GrpcServerProtocolClient (GrpcServerProtocolClient.java:<init>(64)) - Build channel for s2|localhost:15068
2025-09-29 07:14:51,931 [s0@group-9C0D4625E276-LeaderElection10] INFO  server.RaftServerConfigKeys (ConfUtils.java:logFallback(69)) - raft.server.rpc.first-election.timeout.min = 150ms (fallback to raft.server.rpc.timeout.min)
2025-09-29 07:14:51,931 [s0@group-9C0D4625E276-LeaderElection10] INFO  server.RaftServerConfigKeys (ConfUtils.java:logFallback(69)) - raft.server.rpc.first-election.timeout.max = 300ms (fallback to raft.server.rpc.timeout.max)
2025-09-29 07:14:51,951 [grpc-default-executor-15] INFO  server.RaftServer$Division (RaftServerImpl.java:requestVote(1433)) - s1@group-9C0D4625E276: receive requestVote(PRE_VOTE, s0, group-9C0D4625E276, 0, <PROTO_DEFAULT>)
2025-09-29 07:14:51,951 [grpc-default-executor-15] INFO  impl.VoteContext (VoteContext.java:log(49)) - s1@group-9C0D4625E276-FOLLOWER: accept PRE_VOTE from s0: our priority 0 <= candidate's priority 0
2025-09-29 07:14:51,952 [grpc-default-executor-15] INFO  server.RaftServer$Division (RaftServerImpl.java:requestVote(1467)) - s1@group-9C0D4625E276 replies to PRE_VOTE vote request: s0<-s1#0:OK-t0-last:<INITIAL_VALUE>. Peer's state: s1@group-9C0D4625E276:t0, leader=null, voted=, raftlog=Memoized:s1@group-9C0D4625E276-SegmentedRaftLog:OPENED:c-1:lastnull, conf=conf: {index: -1, cur=peers:[s0|localhost:15060, s1|localhost:15064, s2|localhost:15068]|listeners:[], old=null}
2025-09-29 07:14:51,953 [s1@group-9C0D4625E276-FollowerState] INFO  server.RaftServerConfigKeys (ConfUtils.java:logFallback(69)) - raft.server.rpc.first-election.timeout.min = 150ms (fallback to raft.server.rpc.timeout.min)
2025-09-29 07:14:51,953 [s0@group-9C0D4625E276-LeaderElection10] INFO  impl.LeaderElection (LeaderElection.java:logAndReturn(206)) - s0@group-9C0D4625E276-LeaderElection10: PRE_VOTE PASSED received 1 response(s) and 0 exception(s):
2025-09-29 07:14:51,953 [s1@group-9C0D4625E276-FollowerState] INFO  server.RaftServerConfigKeys (ConfUtils.java:logFallback(69)) - raft.server.rpc.first-election.timeout.max = 300ms (fallback to raft.server.rpc.timeout.max)
2025-09-29 07:14:51,953 [s0@group-9C0D4625E276-LeaderElection10] INFO  impl.LeaderElection (LeaderElection.java:logAndReturn(210)) -   Response 0: s0<-s1#0:OK-t0-last:<INITIAL_VALUE>
2025-09-29 07:14:51,953 [s0@group-9C0D4625E276-LeaderElection10] INFO  impl.LeaderElection (LeaderElection.java:askForVotes(450)) - s0@group-9C0D4625E276-LeaderElection10 PRE_VOTE round 0: result PASSED
2025-09-29 07:14:51,954 [s0@group-9C0D4625E276-LeaderElection10] TRACE util.FileUtils (LogUtils.java:supplyAndLog(69)) - Successfully supplied FileChannel.open /home/runner/work/ratis/ratis/ratis-test/target/test/data/6b14e155/MiniRaftClusterWithGrpc649e1ebc/s0/aeb3418f-feb8-485c-ac7d-9c0d4625e276/current/raft-meta.tmp with options [CREATE, TRUNCATE_EXISTING, WRITE]: sun.nio.ch.FileChannelImpl@46e9d295
2025-09-29 07:14:51,956 [s0@group-9C0D4625E276-LeaderElection10] TRACE util.FileUtils (LogUtils.java:runAndLog(49)) - Successfully ran Atomic Files.move /home/runner/work/ratis/ratis/ratis-test/target/test/data/6b14e155/MiniRaftClusterWithGrpc649e1ebc/s0/aeb3418f-feb8-485c-ac7d-9c0d4625e276/current/raft-meta.tmp to /home/runner/work/ratis/ratis/ratis-test/target/test/data/6b14e155/MiniRaftClusterWithGrpc649e1ebc/s0/aeb3418f-feb8-485c-ac7d-9c0d4625e276/current/raft-meta with options [REPLACE_EXISTING]
2025-09-29 07:14:51,956 [s0@group-9C0D4625E276-LeaderElection10] INFO  impl.LeaderElection (LeaderElection.java:askForVotes(448)) - s0@group-9C0D4625E276-LeaderElection10 ELECTION round 0: submit vote requests at term 1 for conf: {index: -1, cur=peers:[s0|localhost:15060, s1|localhost:15064, s2|localhost:15068]|listeners:[], old=null}
2025-09-29 07:14:51,957 [s0@group-9C0D4625E276-LeaderElection10] INFO  server.RaftServerConfigKeys (ConfUtils.java:logFallback(69)) - raft.server.rpc.first-election.timeout.min = 150ms (fallback to raft.server.rpc.timeout.min)
2025-09-29 07:14:51,958 [s0@group-9C0D4625E276-LeaderElection10] INFO  server.RaftServerConfigKeys (ConfUtils.java:logFallback(69)) - raft.server.rpc.first-election.timeout.max = 300ms (fallback to raft.server.rpc.timeout.max)
2025-09-29 07:14:51,958 [grpc-default-executor-12] INFO  server.RaftServer$Division (RaftServerImpl.java:requestVote(1433)) - s1@group-9C0D4625E276: receive requestVote(ELECTION, s0, group-9C0D4625E276, 1, <PROTO_DEFAULT>)
2025-09-29 07:14:51,959 [grpc-default-executor-15] INFO  server.RaftServer$Division (RaftServerImpl.java:requestVote(1433)) - s2@group-9C0D4625E276: receive requestVote(ELECTION, s0, group-9C0D4625E276, 1, <PROTO_DEFAULT>)
2025-09-29 07:14:51,959 [grpc-default-executor-15] INFO  impl.VoteContext (VoteContext.java:log(49)) - s2@group-9C0D4625E276-FOLLOWER: accept ELECTION from s0: our priority 0 <= candidate's priority 0
2025-09-29 07:14:51,959 [grpc-default-executor-15] INFO  server.RaftServer$Division (RaftServerImpl.java:setRole(392)) - s2@group-9C0D4625E276: changes role from  FOLLOWER to FOLLOWER at term 0 for candidate:s0
2025-09-29 07:14:51,959 [grpc-default-executor-15] INFO  impl.RoleInfo (RoleInfo.java:shutdownFollowerState(121)) - s2: shutdown s2@group-9C0D4625E276-FollowerState
2025-09-29 07:14:51,959 [grpc-default-executor-12] INFO  impl.VoteContext (VoteContext.java:log(49)) - s1@group-9C0D4625E276-FOLLOWER: accept ELECTION from s0: our priority 0 <= candidate's priority 0
2025-09-29 07:14:51,960 [grpc-default-executor-12] INFO  server.RaftServer$Division (RaftServerImpl.java:setRole(392)) - s1@group-9C0D4625E276: changes role from  FOLLOWER to FOLLOWER at term 0 for candidate:s0
2025-09-29 07:14:51,960 [grpc-default-executor-15] INFO  impl.RoleInfo (RoleInfo.java:updateAndGet(148)) - s2: start s2@group-9C0D4625E276-FollowerState
2025-09-29 07:14:51,960 [grpc-default-executor-12] INFO  impl.RoleInfo (RoleInfo.java:shutdownFollowerState(121)) - s1: shutdown s1@group-9C0D4625E276-FollowerState
2025-09-29 07:14:51,960 [grpc-default-executor-15] INFO  server.RaftServer$Division (RaftServerImpl.java:setFirstElection(576)) - s2@group-9C0D4625E276: set firstElectionSinceStartup to false for candidate:s0
2025-09-29 07:14:51,960 [s1@group-9C0D4625E276-FollowerState] INFO  impl.FollowerState (FollowerState.java:runImpl(170)) - s1@group-9C0D4625E276-FollowerState was interrupted
2025-09-29 07:14:51,960 [s2@group-9C0D4625E276-FollowerState] INFO  impl.FollowerState (FollowerState.java:runImpl(170)) - s2@group-9C0D4625E276-FollowerState was interrupted
2025-09-29 07:14:51,960 [grpc-default-executor-15] TRACE util.FileUtils (LogUtils.java:supplyAndLog(69)) - Successfully supplied FileChannel.open /home/runner/work/ratis/ratis/ratis-test/target/test/data/6b14e155/MiniRaftClusterWithGrpc649e1ebc/s2/aeb3418f-feb8-485c-ac7d-9c0d4625e276/current/raft-meta.tmp with options [CREATE, TRUNCATE_EXISTING, WRITE]: sun.nio.ch.FileChannelImpl@6a277fee
2025-09-29 07:14:51,960 [grpc-default-executor-12] INFO  impl.RoleInfo (RoleInfo.java:updateAndGet(148)) - s1: start s1@group-9C0D4625E276-FollowerState
2025-09-29 07:14:51,962 [grpc-default-executor-12] INFO  server.RaftServer$Division (RaftServerImpl.java:setFirstElection(576)) - s1@group-9C0D4625E276: set firstElectionSinceStartup to false for candidate:s0
2025-09-29 07:14:51,962 [grpc-default-executor-12] TRACE util.FileUtils (LogUtils.java:supplyAndLog(69)) - Successfully supplied FileChannel.open /home/runner/work/ratis/ratis/ratis-test/target/test/data/6b14e155/MiniRaftClusterWithGrpc649e1ebc/s1/aeb3418f-feb8-485c-ac7d-9c0d4625e276/current/raft-meta.tmp with options [CREATE, TRUNCATE_EXISTING, WRITE]: sun.nio.ch.FileChannelImpl@5a5510b
2025-09-29 07:14:51,963 [grpc-default-executor-15] TRACE util.FileUtils (LogUtils.java:runAndLog(49)) - Successfully ran Atomic Files.move /home/runner/work/ratis/ratis/ratis-test/target/test/data/6b14e155/MiniRaftClusterWithGrpc649e1ebc/s2/aeb3418f-feb8-485c-ac7d-9c0d4625e276/current/raft-meta.tmp to /home/runner/work/ratis/ratis/ratis-test/target/test/data/6b14e155/MiniRaftClusterWithGrpc649e1ebc/s2/aeb3418f-feb8-485c-ac7d-9c0d4625e276/current/raft-meta with options [REPLACE_EXISTING]
2025-09-29 07:14:51,963 [grpc-default-executor-12] TRACE util.FileUtils (LogUtils.java:runAndLog(49)) - Successfully ran Atomic Files.move /home/runner/work/ratis/ratis/ratis-test/target/test/data/6b14e155/MiniRaftClusterWithGrpc649e1ebc/s1/aeb3418f-feb8-485c-ac7d-9c0d4625e276/current/raft-meta.tmp to /home/runner/work/ratis/ratis/ratis-test/target/test/data/6b14e155/MiniRaftClusterWithGrpc649e1ebc/s1/aeb3418f-feb8-485c-ac7d-9c0d4625e276/current/raft-meta with options [REPLACE_EXISTING]
2025-09-29 07:14:51,963 [grpc-default-executor-12] INFO  server.RaftServer$Division (RaftServerImpl.java:requestVote(1467)) - s1@group-9C0D4625E276 replies to ELECTION vote request: s0<-s1#0:OK-t1-last:<INITIAL_VALUE>. Peer's state: s1@group-9C0D4625E276:t1, leader=null, voted=s0, raftlog=Memoized:s1@group-9C0D4625E276-SegmentedRaftLog:OPENED:c-1:lastnull, conf=conf: {index: -1, cur=peers:[s0|localhost:15060, s1|localhost:15064, s2|localhost:15068]|listeners:[], old=null}
2025-09-29 07:14:51,963 [grpc-default-executor-15] INFO  server.RaftServer$Division (RaftServerImpl.java:requestVote(1467)) - s2@group-9C0D4625E276 replies to ELECTION vote request: s0<-s2#0:OK-t1-last:<INITIAL_VALUE>. Peer's state: s2@group-9C0D4625E276:t1, leader=null, voted=s0, raftlog=Memoized:s2@group-9C0D4625E276-SegmentedRaftLog:OPENED:c-1:lastnull, conf=conf: {index: -1, cur=peers:[s0|localhost:15060, s1|localhost:15064, s2|localhost:15068]|listeners:[], old=null}
2025-09-29 07:14:51,964 [s0@group-9C0D4625E276-LeaderElection10] INFO  impl.LeaderElection (LeaderElection.java:logAndReturn(206)) - s0@group-9C0D4625E276-LeaderElection10: ELECTION PASSED received 1 response(s) and 0 exception(s):
2025-09-29 07:14:51,964 [s0@group-9C0D4625E276-LeaderElection10] INFO  impl.LeaderElection (LeaderElection.java:logAndReturn(210)) -   Response 0: s0<-s1#0:OK-t1-last:<INITIAL_VALUE>
2025-09-29 07:14:51,964 [s0@group-9C0D4625E276-LeaderElection10] INFO  impl.LeaderElection (LeaderElection.java:askForVotes(450)) - s0@group-9C0D4625E276-LeaderElection10 ELECTION round 0: result PASSED
2025-09-29 07:14:51,965 [s0@group-9C0D4625E276-LeaderElection10] INFO  impl.RoleInfo (RoleInfo.java:shutdownLeaderElection(141)) - s0: shutdown s0@group-9C0D4625E276-LeaderElection10
2025-09-29 07:14:51,965 [s0@group-9C0D4625E276-LeaderElection10] INFO  server.RaftServer$Division (RaftServerImpl.java:setRole(392)) - s0@group-9C0D4625E276: changes role from CANDIDATE to LEADER at term 1 for changeToLeader
2025-09-29 07:14:51,965 [s0@group-9C0D4625E276-LeaderElection10] INFO  server.RaftServerConfigKeys (ConfUtils.java:logFallback(69)) - raft.server.staging.timeout = 900ms (fallback to raft.server.rpc.timeout.max)
2025-09-29 07:14:51,967 [s0@group-9C0D4625E276-LeaderElection10] INFO  impl.RoleInfo (RoleInfo.java:updateAndGet(148)) - s0: start s0@group-9C0D4625E276-LeaderStateImpl
2025-09-29 07:14:51,967 [s0@group-9C0D4625E276-LeaderElection10] INFO  server.RaftServer$Division (RaftServerImpl.java:setFirstElection(576)) - s0@group-9C0D4625E276: set firstElectionSinceStartup to false for becomeLeader
2025-09-29 07:14:51,967 [s0@group-9C0D4625E276-LeaderElection10] INFO  server.RaftServer$Division (ServerState.java:setLeader(277)) - s0@group-9C0D4625E276: change Leader from null to s0 at term 1 for becomeLeader, leader elected after 300ms
2025-09-29 07:14:51,967 [s0@group-9C0D4625E276-LeaderElection10] INFO  segmented.SegmentedRaftLogWorker (SegmentedRaftLogWorker.java:startLogSegment(440)) - s0@group-9C0D4625E276-SegmentedRaftLogWorker: Starting segment from index:0
2025-09-29 07:14:51,967 [s0@group-9C0D4625E276-LeaderElection10] INFO  server.RaftServer$Division (ServerState.java:setRaftConf(391)) - s0@group-9C0D4625E276: set configuration conf: {index: 0, cur=peers:[s0|localhost:15060, s1|localhost:15064, s2|localhost:15068]|listeners:[], old=null}
2025-09-29 07:14:51,968 [s0@group-9C0D4625E276-SegmentedRaftLogWorker] INFO  segmented.BufferedWriteChannel (BufferedWriteChannel.java:open(61)) - open log_inprogress_0 at position 0
2025-09-29 07:14:51,974 [s0@group-9C0D4625E276-SegmentedRaftLogWorker] INFO  segmented.SegmentedRaftLogWorker (SegmentedRaftLogWorker.java:execute(647)) - s0@group-9C0D4625E276-SegmentedRaftLogWorker: created new log segment /home/runner/work/ratis/ratis/ratis-test/target/test/data/6b14e155/MiniRaftClusterWithGrpc649e1ebc/s0/aeb3418f-feb8-485c-ac7d-9c0d4625e276/current/log_inprogress_0
2025-09-29 07:14:51,974 [grpc-default-executor-12] INFO  server.RaftServer$Division (ServerState.java:setLeader(277)) - s1@group-9C0D4625E276: change Leader from null to s0 at term 1 for appendEntries, leader elected after 298ms
2025-09-29 07:14:51,977 [grpc-default-executor-12] INFO  server.RaftServer$Division (ServerState.java:setLeader(277)) - s2@group-9C0D4625E276: change Leader from null to s0 at term 1 for appendEntries, leader elected after 299ms
2025-09-29 07:14:51,978 [grpc-default-executor-14] DEBUG server.RaftServer$Division (RaftServerImpl.java:logAppendEntries(1536)) - s1@group-9C0D4625E276: appendEntries* s0->s1#1-t1,previous=<PROTO_DEFAULT>,leaderCommit=-1,initializing? false,entries: size=1, first=(t:1, i:0), CONFIGURATIONENTRY(current:id:"s0"address:"localhost:15060"dataStreamAddress:"localhost:15063"clientAddress:"localhost:15062"adminAddress:"localhost:15061"startupRole:FOLLOWER, id:"s1"address:"localhost:15064"dataStreamAddress:"localhost:15067"clientAddress:"localhost:15066"adminAddress:"localhost:15065"startupRole:FOLLOWER, id:"s2"address:"localhost:15068"dataStreamAddress:"localhost:15071"clientAddress:"localhost:15070"adminAddress:"localhost:15069"startupRole:FOLLOWER, old:)
2025-09-29 07:14:51,978 [grpc-default-executor-14] INFO  server.RaftServer$Division (ServerState.java:setRaftConf(391)) - s1@group-9C0D4625E276: set configuration conf: {index: 0, cur=peers:[s0|localhost:15060, s1|localhost:15064, s2|localhost:15068]|listeners:[], old=null}
2025-09-29 07:14:51,978 [s1-server-thread1] INFO  segmented.SegmentedRaftLogWorker (SegmentedRaftLogWorker.java:startLogSegment(440)) - s1@group-9C0D4625E276-SegmentedRaftLogWorker: Starting segment from index:0
2025-09-29 07:14:51,979 [s1@group-9C0D4625E276-SegmentedRaftLogWorker] INFO  segmented.BufferedWriteChannel (BufferedWriteChannel.java:open(61)) - open log_inprogress_0 at position 0
2025-09-29 07:14:51,980 [grpc-default-executor-15] DEBUG server.RaftServer$Division (RaftServerImpl.java:logAppendEntries(1536)) - s2@group-9C0D4625E276: appendEntries* s0->s2#1-t1,previous=<PROTO_DEFAULT>,leaderCommit=-1,initializing? false,entries: size=1, first=(t:1, i:0), CONFIGURATIONENTRY(current:id:"s0"address:"localhost:15060"dataStreamAddress:"localhost:15063"clientAddress:"localhost:15062"adminAddress:"localhost:15061"startupRole:FOLLOWER, id:"s1"address:"localhost:15064"dataStreamAddress:"localhost:15067"clientAddress:"localhost:15066"adminAddress:"localhost:15065"startupRole:FOLLOWER, id:"s2"address:"localhost:15068"dataStreamAddress:"localhost:15071"clientAddress:"localhost:15070"adminAddress:"localhost:15069"startupRole:FOLLOWER, old:)
2025-09-29 07:14:51,980 [grpc-default-executor-15] INFO  server.RaftServer$Division (ServerState.java:setRaftConf(391)) - s2@group-9C0D4625E276: set configuration conf: {index: 0, cur=peers:[s0|localhost:15060, s1|localhost:15064, s2|localhost:15068]|listeners:[], old=null}
2025-09-29 07:14:51,980 [s2-server-thread1] INFO  segmented.SegmentedRaftLogWorker (SegmentedRaftLogWorker.java:startLogSegment(440)) - s2@group-9C0D4625E276-SegmentedRaftLogWorker: Starting segment from index:0
2025-09-29 07:14:51,981 [s2@group-9C0D4625E276-SegmentedRaftLogWorker] INFO  segmented.BufferedWriteChannel (BufferedWriteChannel.java:open(61)) - open log_inprogress_0 at position 0
2025-09-29 07:14:51,985 [s1@group-9C0D4625E276-SegmentedRaftLogWorker] INFO  segmented.SegmentedRaftLogWorker (SegmentedRaftLogWorker.java:execute(647)) - s1@group-9C0D4625E276-SegmentedRaftLogWorker: created new log segment /home/runner/work/ratis/ratis/ratis-test/target/test/data/6b14e155/MiniRaftClusterWithGrpc649e1ebc/s1/aeb3418f-feb8-485c-ac7d-9c0d4625e276/current/log_inprogress_0
2025-09-29 07:14:51,987 [s2@group-9C0D4625E276-SegmentedRaftLogWorker] INFO  segmented.SegmentedRaftLogWorker (SegmentedRaftLogWorker.java:execute(647)) - s2@group-9C0D4625E276-SegmentedRaftLogWorker: created new log segment /home/runner/work/ratis/ratis/ratis-test/target/test/data/6b14e155/MiniRaftClusterWithGrpc649e1ebc/s2/aeb3418f-feb8-485c-ac7d-9c0d4625e276/current/log_inprogress_0
2025-09-29 07:14:51,987 [s1-server-thread1] DEBUG server.RaftServer$Division (RaftServerImpl.java:logAppendEntries(1536)) - s1@group-9C0D4625E276: appendEntries* reply s0<-s1#1:OK-t1,SUCCESS,nextIndex=1,followerCommit=-1,matchIndex=0
2025-09-29 07:14:51,988 [s2-server-thread1] DEBUG server.RaftServer$Division (RaftServerImpl.java:logAppendEntries(1536)) - s2@group-9C0D4625E276: appendEntries* reply s0<-s2#1:OK-t1,SUCCESS,nextIndex=1,followerCommit=-1,matchIndex=0
2025-09-29 07:14:51,989 [s0@group-9C0D4625E276-StateMachineUpdater] TRACE util.FileUtils (LogUtils.java:supplyAndLog(69)) - Successfully supplied FileChannel.open /home/runner/work/ratis/ratis/ratis-test/target/test/data/6b14e155/MiniRaftClusterWithGrpc649e1ebc/s0/aeb3418f-feb8-485c-ac7d-9c0d4625e276/current/raft-meta.conf.tmp with options [CREATE, TRUNCATE_EXISTING, WRITE]: sun.nio.ch.FileChannelImpl@3f6c2c3e
2025-09-29 07:14:51,991 [s0@group-9C0D4625E276-StateMachineUpdater] TRACE util.FileUtils (LogUtils.java:runAndLog(49)) - Successfully ran Atomic Files.move /home/runner/work/ratis/ratis/ratis-test/target/test/data/6b14e155/MiniRaftClusterWithGrpc649e1ebc/s0/aeb3418f-feb8-485c-ac7d-9c0d4625e276/current/raft-meta.conf.tmp to /home/runner/work/ratis/ratis/ratis-test/target/test/data/6b14e155/MiniRaftClusterWithGrpc649e1ebc/s0/aeb3418f-feb8-485c-ac7d-9c0d4625e276/current/raft-meta.conf with options [REPLACE_EXISTING]
2025-09-29 07:14:51,991 [s0@group-9C0D4625E276-StateMachineUpdater] INFO  server.RaftServer$Division (LeaderStateImpl.java:checkStartIndex(309)) - Leader s0@group-9C0D4625E276-LeaderStateImpl is ready since appliedIndex == startIndex == 0
2025-09-29 07:14:52,067 [s2@group-9C0D4625E276-StateMachineUpdater] TRACE util.FileUtils (LogUtils.java:supplyAndLog(69)) - Successfully supplied FileChannel.open /home/runner/work/ratis/ratis/ratis-test/target/test/data/6b14e155/MiniRaftClusterWithGrpc649e1ebc/s2/aeb3418f-feb8-485c-ac7d-9c0d4625e276/current/raft-meta.conf.tmp with options [CREATE, TRUNCATE_EXISTING, WRITE]: sun.nio.ch.FileChannelImpl@1f48928a
2025-09-29 07:14:52,067 [s1@group-9C0D4625E276-StateMachineUpdater] TRACE util.FileUtils (LogUtils.java:supplyAndLog(69)) - Successfully supplied FileChannel.open /home/runner/work/ratis/ratis/ratis-test/target/test/data/6b14e155/MiniRaftClusterWithGrpc649e1ebc/s1/aeb3418f-feb8-485c-ac7d-9c0d4625e276/current/raft-meta.conf.tmp with options [CREATE, TRUNCATE_EXISTING, WRITE]: sun.nio.ch.FileChannelImpl@1d6e1c82
2025-09-29 07:14:52,069 [s1@group-9C0D4625E276-StateMachineUpdater] TRACE util.FileUtils (LogUtils.java:runAndLog(49)) - Successfully ran Atomic Files.move /home/runner/work/ratis/ratis/ratis-test/target/test/data/6b14e155/MiniRaftClusterWithGrpc649e1ebc/s1/aeb3418f-feb8-485c-ac7d-9c0d4625e276/current/raft-meta.conf.tmp to /home/runner/work/ratis/ratis/ratis-test/target/test/data/6b14e155/MiniRaftClusterWithGrpc649e1ebc/s1/aeb3418f-feb8-485c-ac7d-9c0d4625e276/current/raft-meta.conf with options [REPLACE_EXISTING]
2025-09-29 07:14:52,069 [s2@group-9C0D4625E276-StateMachineUpdater] TRACE util.FileUtils (LogUtils.java:runAndLog(49)) - Successfully ran Atomic Files.move /home/runner/work/ratis/ratis/ratis-test/target/test/data/6b14e155/MiniRaftClusterWithGrpc649e1ebc/s2/aeb3418f-feb8-485c-ac7d-9c0d4625e276/current/raft-meta.conf.tmp to /home/runner/work/ratis/ratis/ratis-test/target/test/data/6b14e155/MiniRaftClusterWithGrpc649e1ebc/s2/aeb3418f-feb8-485c-ac7d-9c0d4625e276/current/raft-meta.conf with options [REPLACE_EXISTING]
2025-09-29 07:14:52,157 [main] INFO  ratis.RaftTestUtil (RaftTestUtil.java:waitForLeader(131)) - printing ALL groups
  s0:  RUNNING    LEADER (RUNNING): s0@group-9C0D4625E276:t1, leader=s0, voted=s0, raftlog=Memoized:s0@group-9C0D4625E276-SegmentedRaftLog:OPENED:c0:last(t:1, i:0), conf=conf: {index: 0, cur=peers:[s0|localhost:15060, s1|localhost:15064, s2|localhost:15068]|listeners:[], old=null}
  s1:  RUNNING  FOLLOWER (RUNNING): s1@group-9C0D4625E276:t1, leader=s0, voted=s0, raftlog=Memoized:s1@group-9C0D4625E276-SegmentedRaftLog:OPENED:c0:last(t:1, i:0), conf=conf: {index: 0, cur=peers:[s0|localhost:15060, s1|localhost:15064, s2|localhost:15068]|listeners:[], old=null}
  s2:  RUNNING  FOLLOWER (RUNNING): s2@group-9C0D4625E276:t1, leader=s0, voted=s0, raftlog=Memoized:s2@group-9C0D4625E276-SegmentedRaftLog:OPENED:c0:last(t:1, i:0), conf=conf: {index: 0, cur=peers:[s0|localhost:15060, s1|localhost:15064, s2|localhost:15068]|listeners:[], old=null}
2025-09-29 07:14:52,163 [s0-client-thread1] DEBUG server.RaftServer$Division (RaftServerImpl.java:submitClientRequestAsync(939)) - s0@group-9C0D4625E276: receive client request(RaftClientRequest:client-BCBF279CB8CA->s0@group-9C0D4625E276, cid=91, seq=1*, Watch(0), Message:<EMPTY>)
2025-09-29 07:14:52,163 [s0-client-thread1] DEBUG server.RaftServer$Division (LeaderStateImpl.java:addWatchRequest(544)) - s0@group-9C0D4625E276-LeaderStateImpl: addWatchRequest RaftClientRequest:client-BCBF279CB8CA->s0@group-9C0D4625E276, cid=91, seq=1*, Watch(0), Message:<EMPTY>
2025-09-29 07:14:52,167 [s0-server-thread1] INFO  server.RaftServer$Division (RaftServerImpl.java:stepDownLeaderAsync(1305)) - s0@group-9C0D4625E276 receive stepDown leader request TransferLeadershipRequest:client-BCBF279CB8CA->s0@group-9C0D4625E276, cid=93, seq=null, RO, null
2025-09-29 07:14:52,167 [s0@group-9C0D4625E276-LeaderStateImpl] INFO  server.RaftServer$Division (RaftServerImpl.java:setRole(392)) - s0@group-9C0D4625E276: changes role from    LEADER to FOLLOWER at term 1 for StepDownReason:FORCE
2025-09-29 07:14:52,167 [s0@group-9C0D4625E276-LeaderStateImpl] INFO  impl.RoleInfo (RoleInfo.java:shutdownLeaderState(103)) - s0: shutdown s0@group-9C0D4625E276-LeaderStateImpl
2025-09-29 07:14:52,168 [s0@group-9C0D4625E276-LeaderStateImpl] INFO  impl.PendingRequests (PendingRequests.java:sendNotLeaderResponses(281)) - s0@group-9C0D4625E276-PendingRequests: sendNotLeaderResponses
2025-09-29 07:14:52,168 [s0-client-thread1] DEBUG server.RaftServer$Division (RaftServerImpl.java:submitClientRequestAsync(939)) - s0@group-9C0D4625E276: receive client request(RaftClientRequest:client-BCBF279CB8CA->s0@group-9C0D4625E276, cid=92, seq=2, RW, Message:494e4352454d454e54)
2025-09-29 07:14:52,168 [s0@group-9C0D4625E276->s2-GrpcLogAppender-LogAppenderDaemon] WARN  server.GrpcLogAppender (GrpcLogAppender.java:mayWait(300)) - s0@group-9C0D4625E276->s2-GrpcLogAppender: Wait interrupted by java.lang.InterruptedException
2025-09-29 07:14:52,168 [s0@group-9C0D4625E276->s1-GrpcLogAppender-LogAppenderDaemon] WARN  server.GrpcLogAppender (GrpcLogAppender.java:mayWait(300)) - s0@group-9C0D4625E276->s1-GrpcLogAppender: Wait interrupted by java.lang.InterruptedException
2025-09-29 07:14:52,169 [s0@group-9C0D4625E276-LeaderStateImpl] INFO  server.RaftServer$Division (ServerState.java:setLeader(277)) - s0@group-9C0D4625E276: change Leader from s0 to null at term 1 for StepDownReason:FORCE
2025-09-29 07:14:52,170 [s0@group-9C0D4625E276-LeaderStateImpl] INFO  impl.RoleInfo (RoleInfo.java:updateAndGet(148)) - s0: start s0@group-9C0D4625E276-FollowerState
2025-09-29 07:14:52,170 [s0@group-9C0D4625E276-LeaderStateImpl] INFO  impl.PendingStepDown (PendingStepDown.java:complete(55)) - Successfully step down leader at s0@group-9C0D4625E276-LeaderStateImpl for request TransferLeadershipRequest:client-BCBF279CB8CA->s0@group-9C0D4625E276, cid=93, seq=null, RO, null
2025-09-29 07:14:52,172 [grpc-default-executor-12] INFO  server.GrpcLogAppender (GrpcLogAppender.java:onCompleted(558)) - s0@group-9C0D4625E276->s2-AppendLogResponseHandler: follower responses appendEntries COMPLETED
2025-09-29 07:14:52,172 [grpc-default-executor-15] INFO  server.GrpcLogAppender (GrpcLogAppender.java:onCompleted(558)) - s0@group-9C0D4625E276->s1-AppendLogResponseHandler: follower responses appendEntries COMPLETED
2025-09-29 07:14:52,173 [grpc-default-executor-14] INFO  server.GrpcLogAppender (GrpcLogAppender.java:onCompleted(558)) - s0@group-9C0D4625E276->s2-AppendLogResponseHandler: follower responses appendEntries COMPLETED
2025-09-29 07:14:52,173 [grpc-default-executor-18] ERROR impl.OrderedAsync (OrderedAsync.java:lambda$null$6(215)) -  client-BCBF279CB8CA: Failed* RaftClientRequest:client-BCBF279CB8CA->s0@group-9C0D4625E276, cid=92, seq=2, RW, INCREMENT
java.util.concurrent.CompletionException: org.apache.ratis.protocol.exceptions.AlreadyClosedException: client-BCBF279CB8CA->s0: Stream completed: no reply for async request cid=92
	at java.util.concurrent.CompletableFuture.encodeThrowable(CompletableFuture.java:292)
	at java.util.concurrent.CompletableFuture.completeThrowable(CompletableFuture.java:308)
	at java.util.concurrent.CompletableFuture.uniAccept(CompletableFuture.java:661)
	at java.util.concurrent.CompletableFuture$UniAccept.tryFire(CompletableFuture.java:646)
	at java.util.concurrent.CompletableFuture.postComplete(CompletableFuture.java:488)
	at java.util.concurrent.CompletableFuture.completeExceptionally(CompletableFuture.java:1990)
	at org.apache.ratis.grpc.client.GrpcClientProtocolClient$AsyncStreamObservers.completeReplyExceptionally(GrpcClientProtocolClient.java:383)
	at org.apache.ratis.grpc.client.GrpcClientProtocolClient$AsyncStreamObservers.access$000(GrpcClientProtocolClient.java:289)
	at org.apache.ratis.grpc.client.GrpcClientProtocolClient$AsyncStreamObservers$1.onCompleted(GrpcClientProtocolClient.java:325)
	at org.apache.ratis.thirdparty.io.grpc.stub.ClientCalls$StreamObserverToCallListenerAdapter.onClose(ClientCalls.java:579)
	at org.apache.ratis.thirdparty.io.grpc.PartialForwardingClientCallListener.onClose(PartialForwardingClientCallListener.java:39)
	at org.apache.ratis.thirdparty.io.grpc.ForwardingClientCallListener.onClose(ForwardingClientCallListener.java:23)
	at org.apache.ratis.grpc.metrics.intercept.client.MetricClientCallListener.onClose(MetricClientCallListener.java:47)
	at org.apache.ratis.thirdparty.io.grpc.internal.DelayedClientCall$DelayedListener$3.run(DelayedClientCall.java:487)
	at org.apache.ratis.thirdparty.io.grpc.internal.DelayedClientCall$DelayedListener.delayOrExecute(DelayedClientCall.java:451)
	at org.apache.ratis.thirdparty.io.grpc.internal.DelayedClientCall$DelayedListener.onClose(DelayedClientCall.java:484)
	at org.apache.ratis.thirdparty.io.grpc.internal.ClientCallImpl.closeObserver(ClientCallImpl.java:565)
	at org.apache.ratis.thirdparty.io.grpc.internal.ClientCallImpl.access$100(ClientCallImpl.java:72)
	at org.apache.ratis.thirdparty.io.grpc.internal.ClientCallImpl$ClientStreamListenerImpl$1StreamClosed.runInternal(ClientCallImpl.java:733)
	at org.apache.ratis.thirdparty.io.grpc.internal.ClientCallImpl$ClientStreamListenerImpl$1StreamClosed.runInContext(ClientCallImpl.java:714)
	at org.apache.ratis.thirdparty.io.grpc.internal.ContextRunnable.run(ContextRunnable.java:37)
	at org.apache.ratis.thirdparty.io.grpc.internal.SerializingExecutor.run(SerializingExecutor.java:133)
	at java.util.concurrent.ThreadPoolExecutor.runWorker(ThreadPoolExecutor.java:1149)
	at java.util.concurrent.ThreadPoolExecutor$Worker.run(ThreadPoolExecutor.java:624)
	at java.lang.Thread.run(Thread.java:750)
Caused by: org.apache.ratis.protocol.exceptions.AlreadyClosedException: client-BCBF279CB8CA->s0: Stream completed: no reply for async request cid=92
	at org.apache.ratis.grpc.client.GrpcClientProtocolClient$AsyncStreamObservers.completeReplyExceptionally(GrpcClientProtocolClient.java:385)
	... 18 more
2025-09-29 07:14:52,175 [grpc-default-executor-15] INFO  server.GrpcLogAppender (GrpcLogAppender.java:onCompleted(558)) - s0@group-9C0D4625E276->s1-AppendLogResponseHandler: follower responses appendEntries COMPLETED
2025-09-29 07:14:52,183 [s0-client-thread1] DEBUG server.RaftServer$Division (RaftServerImpl.java:submitClientRequestAsync(939)) - s0@group-9C0D4625E276: receive client request(RaftClientRequest:client-A65AC8068FC3->s0@group-9C0D4625E276, cid=94, seq=null, RO, Message:5155455259)
2025-09-29 07:14:52,183 [null-request--thread1] INFO  server.GrpcClientProtocolService (GrpcClientProtocolService.java:lambda$processClientRequest$0(284)) - Failed RaftClientRequest:client-A65AC8068FC3->s0@group-9C0D4625E276, cid=94, seq=null, RO, Message:5155455259, reply=RaftClientReply:client-A65AC8068FC3->s0@group-9C0D4625E276, cid=94, FAILED org.apache.ratis.protocol.exceptions.ReadIndexException: s0@group-9C0D4625E276: Leader is unknown., logIndex=0, commits[s0:c0, s1:c0, s2:c0]
2025-09-29 07:14:52,189 [main] INFO  impl.MiniRaftCluster (MiniRaftCluster.java:shutdown(824)) - ************************************************************** 
2025-09-29 07:14:52,189 [main] INFO  impl.MiniRaftCluster (MiniRaftCluster.java:shutdown(825)) - *** 
2025-09-29 07:14:52,189 [main] INFO  impl.MiniRaftCluster (MiniRaftCluster.java:shutdown(826)) - ***     Stopping MiniRaftClusterWithGrpc
2025-09-29 07:14:52,189 [main] INFO  impl.MiniRaftCluster (MiniRaftCluster.java:shutdown(827)) - *** 
2025-09-29 07:14:52,189 [main] INFO  impl.MiniRaftCluster (MiniRaftCluster.java:shutdown(828)) - ************************************************************** 
2025-09-29 07:14:52,190 [main] INFO  impl.MiniRaftCluster (MiniRaftCluster.java:shutdown(829)) - printing ALL groups
  s0:  RUNNING  FOLLOWER (RUNNING): s0@group-9C0D4625E276:t1, leader=null, voted=s0, raftlog=Memoized:s0@group-9C0D4625E276-SegmentedRaftLog:OPENED:c0:last(t:1, i:0), conf=conf: {index: 0, cur=peers:[s0|localhost:15060, s1|localhost:15064, s2|localhost:15068]|listeners:[], old=null}
  s1:  RUNNING  FOLLOWER (RUNNING): s1@group-9C0D4625E276:t1, leader=s0, voted=s0, raftlog=Memoized:s1@group-9C0D4625E276-SegmentedRaftLog:OPENED:c0:last(t:1, i:0), conf=conf: {index: 0, cur=peers:[s0|localhost:15060, s1|localhost:15064, s2|localhost:15068]|listeners:[], old=null}
  s2:  RUNNING  FOLLOWER (RUNNING): s2@group-9C0D4625E276:t1, leader=s0, voted=s0, raftlog=Memoized:s2@group-9C0D4625E276-SegmentedRaftLog:OPENED:c0:last(t:1, i:0), conf=conf: {index: 0, cur=peers:[s0|localhost:15060, s1|localhost:15064, s2|localhost:15068]|listeners:[], old=null}
2025-09-29 07:14:52,190 [MiniRaftCluster-31] INFO  server.RaftServer (RaftServerProxy.java:lambda$close$9(425)) - s0: close
2025-09-29 07:14:52,191 [MiniRaftCluster-32] INFO  server.RaftServer (RaftServerProxy.java:lambda$close$9(425)) - s1: close
2025-09-29 07:14:52,191 [MiniRaftCluster-33] INFO  server.RaftServer (RaftServerProxy.java:lambda$close$9(425)) - s2: close
2025-09-29 07:14:52,191 [MiniRaftCluster-32] INFO  server.GrpcServicesImpl (GrpcServicesImpl.java:closeImpl(347)) - s1: shutdown server org.apache.ratis.grpc.server.GrpcClientProtocolService now
2025-09-29 07:14:52,191 [s1-impl-thread1] INFO  server.RaftServer$Division (RaftServerImpl.java:lambda$close$1(527)) - s1@group-9C0D4625E276: shutdown
2025-09-29 07:14:52,192 [s1-impl-thread1] INFO  util.JmxRegister (JmxRegister.java:unregister(74)) - Successfully un-registered JMX Bean with object name Ratis:service=RaftServer,group=group-9C0D4625E276,id=s1
2025-09-29 07:14:52,192 [s1-impl-thread1] INFO  impl.RoleInfo (RoleInfo.java:shutdownFollowerState(121)) - s1: shutdown s1@group-9C0D4625E276-FollowerState
2025-09-29 07:14:52,192 [s1@group-9C0D4625E276-FollowerState] INFO  impl.FollowerState (FollowerState.java:runImpl(170)) - s1@group-9C0D4625E276-FollowerState was interrupted
2025-09-29 07:14:52,193 [MiniRaftCluster-33] INFO  server.GrpcServicesImpl (GrpcServicesImpl.java:closeImpl(347)) - s2: shutdown server org.apache.ratis.grpc.server.GrpcClientProtocolService now
2025-09-29 07:14:52,193 [s2-impl-thread1] INFO  server.RaftServer$Division (RaftServerImpl.java:lambda$close$1(527)) - s2@group-9C0D4625E276: shutdown
2025-09-29 07:14:52,193 [MiniRaftCluster-31] INFO  server.GrpcServicesImpl (GrpcServicesImpl.java:closeImpl(347)) - s0: shutdown server org.apache.ratis.grpc.server.GrpcClientProtocolService now
2025-09-29 07:14:52,193 [s1-impl-thread1] INFO  impl.StateMachineUpdater (StateMachineUpdater.java:stopAndJoin(163)) - s1@group-9C0D4625E276-StateMachineUpdater: set stopIndex = 0
2025-09-29 07:14:52,193 [s1@group-9C0D4625E276-StateMachineUpdater] INFO  impl.StateMachineUpdater (StateMachineUpdater.java:stop(140)) - s1@group-9C0D4625E276-StateMachineUpdater: closing CounterStateMachine, lastApplied=(t:1, i:0)
2025-09-29 07:14:52,193 [s2-impl-thread1] INFO  util.JmxRegister (JmxRegister.java:unregister(74)) - Successfully un-registered JMX Bean with object name Ratis:service=RaftServer,group=group-9C0D4625E276,id=s2
2025-09-29 07:14:52,195 [s2-impl-thread1] INFO  impl.RoleInfo (RoleInfo.java:shutdownFollowerState(121)) - s2: shutdown s2@group-9C0D4625E276-FollowerState
2025-09-29 07:14:52,195 [s2-impl-thread1] INFO  impl.StateMachineUpdater (StateMachineUpdater.java:stopAndJoin(163)) - s2@group-9C0D4625E276-StateMachineUpdater: set stopIndex = 0
2025-09-29 07:14:52,196 [s2@group-9C0D4625E276-FollowerState] INFO  impl.FollowerState (FollowerState.java:runImpl(170)) - s2@group-9C0D4625E276-FollowerState was interrupted
2025-09-29 07:14:52,196 [s2@group-9C0D4625E276-StateMachineUpdater] INFO  impl.StateMachineUpdater (StateMachineUpdater.java:stop(140)) - s2@group-9C0D4625E276-StateMachineUpdater: closing CounterStateMachine, lastApplied=(t:1, i:0)
2025-09-29 07:14:52,195 [MiniRaftCluster-33] INFO  server.GrpcServicesImpl (GrpcServicesImpl.java:closeImpl(356)) - s2: shutdown server org.apache.ratis.grpc.server.GrpcClientProtocolService successfully
2025-09-29 07:14:52,196 [MiniRaftCluster-33] INFO  server.GrpcServicesImpl (GrpcServicesImpl.java:closeImpl(347)) - s2: shutdown server GrpcServerProtocolService now
2025-09-29 07:14:52,195 [s0-impl-thread1] INFO  server.RaftServer$Division (RaftServerImpl.java:lambda$close$1(527)) - s0@group-9C0D4625E276: shutdown
2025-09-29 07:14:52,196 [s0-impl-thread1] INFO  util.JmxRegister (JmxRegister.java:unregister(74)) - Successfully un-registered JMX Bean with object name Ratis:service=RaftServer,group=group-9C0D4625E276,id=s0
2025-09-29 07:14:52,196 [s0-impl-thread1] INFO  impl.RoleInfo (RoleInfo.java:shutdownFollowerState(121)) - s0: shutdown s0@group-9C0D4625E276-FollowerState
2025-09-29 07:14:52,195 [MiniRaftCluster-32] INFO  server.GrpcServicesImpl (GrpcServicesImpl.java:closeImpl(356)) - s1: shutdown server org.apache.ratis.grpc.server.GrpcClientProtocolService successfully
2025-09-29 07:14:52,196 [MiniRaftCluster-32] INFO  server.GrpcServicesImpl (GrpcServicesImpl.java:closeImpl(347)) - s1: shutdown server GrpcServerProtocolService now
2025-09-29 07:14:52,197 [s1@group-9C0D4625E276-cacheEviction-AwaitToRun] INFO  util.AwaitToRun (AwaitToRun.java:run(49)) - s1@group-9C0D4625E276-cacheEviction-AwaitToRun-AwaitForSignal is interrupted
2025-09-29 07:14:52,197 [s0-impl-thread1] INFO  impl.StateMachineUpdater (StateMachineUpdater.java:stopAndJoin(163)) - s0@group-9C0D4625E276-StateMachineUpdater: set stopIndex = 0
2025-09-29 07:14:52,198 [s2@group-9C0D4625E276-cacheEviction-AwaitToRun] INFO  util.AwaitToRun (AwaitToRun.java:run(49)) - s2@group-9C0D4625E276-cacheEviction-AwaitToRun-AwaitForSignal is interrupted
2025-09-29 07:14:52,198 [Thread-405] INFO  server.GrpcServerProtocolClient (GrpcServerProtocolClient.java:close(94)) - s1 Close channels
2025-09-29 07:14:52,198 [s0@group-9C0D4625E276-FollowerState] INFO  impl.FollowerState (FollowerState.java:runImpl(170)) - s0@group-9C0D4625E276-FollowerState was interrupted
2025-09-29 07:14:52,198 [s0@group-9C0D4625E276-StateMachineUpdater] INFO  impl.StateMachineUpdater (StateMachineUpdater.java:stop(140)) - s0@group-9C0D4625E276-StateMachineUpdater: closing CounterStateMachine, lastApplied=(t:1, i:0)
2025-09-29 07:14:52,201 [Thread-406] INFO  server.GrpcServerProtocolClient (GrpcServerProtocolClient.java:close(94)) - s2 Close channels
2025-09-29 07:14:52,204 [MiniRaftCluster-32] INFO  server.GrpcServicesImpl (GrpcServicesImpl.java:closeImpl(356)) - s1: shutdown server GrpcServerProtocolService successfully
2025-09-29 07:14:52,204 [MiniRaftCluster-32] INFO  server.GrpcServicesImpl (GrpcServicesImpl.java:closeImpl(347)) - s1: shutdown server org.apache.ratis.grpc.server.GrpcAdminProtocolService now
2025-09-29 07:14:52,204 [s0@group-9C0D4625E276-cacheEviction-AwaitToRun] INFO  util.AwaitToRun (AwaitToRun.java:run(49)) - s0@group-9C0D4625E276-cacheEviction-AwaitToRun-AwaitForSignal is interrupted
2025-09-29 07:14:52,204 [MiniRaftCluster-33] INFO  server.GrpcServicesImpl (GrpcServicesImpl.java:closeImpl(356)) - s2: shutdown server GrpcServerProtocolService successfully
2025-09-29 07:14:52,204 [MiniRaftCluster-33] INFO  server.GrpcServicesImpl (GrpcServicesImpl.java:closeImpl(347)) - s2: shutdown server org.apache.ratis.grpc.server.GrpcAdminProtocolService now
2025-09-29 07:14:52,205 [MiniRaftCluster-33] INFO  server.GrpcServicesImpl (GrpcServicesImpl.java:closeImpl(356)) - s2: shutdown server org.apache.ratis.grpc.server.GrpcAdminProtocolService successfully
2025-09-29 07:14:52,205 [MiniRaftCluster-32] INFO  server.GrpcServicesImpl (GrpcServicesImpl.java:closeImpl(356)) - s1: shutdown server org.apache.ratis.grpc.server.GrpcAdminProtocolService successfully
2025-09-29 07:14:52,206 [MiniRaftCluster-31] INFO  server.GrpcServicesImpl (GrpcServicesImpl.java:closeImpl(356)) - s0: shutdown server org.apache.ratis.grpc.server.GrpcClientProtocolService successfully
2025-09-29 07:14:52,206 [MiniRaftCluster-31] INFO  server.GrpcServicesImpl (GrpcServicesImpl.java:closeImpl(347)) - s0: shutdown server GrpcServerProtocolService now
2025-09-29 07:14:52,207 [MiniRaftCluster-31] INFO  server.GrpcServicesImpl (GrpcServicesImpl.java:closeImpl(356)) - s0: shutdown server GrpcServerProtocolService successfully
2025-09-29 07:14:52,207 [MiniRaftCluster-31] INFO  server.GrpcServicesImpl (GrpcServicesImpl.java:closeImpl(347)) - s0: shutdown server org.apache.ratis.grpc.server.GrpcAdminProtocolService now
2025-09-29 07:14:52,208 [MiniRaftCluster-31] INFO  server.GrpcServicesImpl (GrpcServicesImpl.java:closeImpl(356)) - s0: shutdown server org.apache.ratis.grpc.server.GrpcAdminProtocolService successfully
2025-09-29 07:14:52,281 [timer4] ERROR impl.OrderedAsync (OrderedAsync.java:lambda$null$6(215)) -  client-BCBF279CB8CA: Failed* RaftClientRequest:client-BCBF279CB8CA->s1@group-9C0D4625E276, cid=92, seq=2*, RW, INCREMENT
java.util.concurrent.CompletionException: org.apache.ratis.protocol.exceptions.AlreadyClosedException: client-BCBF279CB8CA is already CLOSED
	at java.util.concurrent.CompletableFuture.encodeThrowable(CompletableFuture.java:292)
	at java.util.concurrent.CompletableFuture.completeThrowable(CompletableFuture.java:308)
	at java.util.concurrent.CompletableFuture.uniAccept(CompletableFuture.java:661)
	at java.util.concurrent.CompletableFuture.uniAcceptStage(CompletableFuture.java:683)
	at java.util.concurrent.CompletableFuture.thenAccept(CompletableFuture.java:2010)
	at org.apache.ratis.client.impl.OrderedAsync.sendRequestWithRetry(OrderedAsync.java:206)
	at org.apache.ratis.util.SlidingWindow$Client.sendOrDelayRequest(SlidingWindow.java:315)
	at org.apache.ratis.util.SlidingWindow$Client.retry(SlidingWindow.java:331)
	at org.apache.ratis.client.impl.OrderedAsync.lambda$handleException$8(OrderedAsync.java:253)
	at org.apache.ratis.util.TimeoutTimer.lambda$onTimeout$2(TimeoutTimer.java:101)
	at org.apache.ratis.util.LogUtils.runAndLog(LogUtils.java:38)
	at org.apache.ratis.util.LogUtils$1.run(LogUtils.java:78)
	at org.apache.ratis.util.TimeoutTimer$Task.run(TimeoutTimer.java:55)
	at java.util.TimerThread.mainLoop(Timer.java:555)
	at java.util.TimerThread.run(Timer.java:505)
Caused by: org.apache.ratis.protocol.exceptions.AlreadyClosedException: client-BCBF279CB8CA is already CLOSED
	at org.apache.ratis.util.PeerProxyMap$PeerAndProxy.getProxy(PeerProxyMap.java:70)
	at org.apache.ratis.util.PeerProxyMap.getProxy(PeerProxyMap.java:127)
	at org.apache.ratis.grpc.client.GrpcClientRpc.sendRequestAsync(GrpcClientRpc.java:69)
	... 10 more
2025-09-29 07:14:52,282 [timer4] ERROR impl.OrderedAsync (OrderedAsync.java:lambda$send$4(179)) - Failed to send request, message=INCREMENT due to java.util.concurrent.CompletionException: org.apache.ratis.protocol.exceptions.AlreadyClosedException: org.apache.ratis.client.impl.RaftClientImpl@9556e33 is closed.
2025-09-29 07:14:52,978 [s0-impl-thread1] INFO  segmented.SegmentedRaftLogWorker (SegmentedRaftLogWorker.java:close(254)) - s0@group-9C0D4625E276-SegmentedRaftLogWorker close()
2025-09-29 07:14:52,979 [JvmPauseMonitor15] INFO  util.JvmPauseMonitor (JvmPauseMonitor.java:run(152)) - JvmPauseMonitor-s0: Stopped
2025-09-29 07:14:52,988 [s1-impl-thread1] INFO  segmented.SegmentedRaftLogWorker (SegmentedRaftLogWorker.java:close(254)) - s1@group-9C0D4625E276-SegmentedRaftLogWorker close()
2025-09-29 07:14:52,989 [JvmPauseMonitor16] INFO  util.JvmPauseMonitor (JvmPauseMonitor.java:run(152)) - JvmPauseMonitor-s1: Stopped
2025-09-29 07:14:52,989 [s2-impl-thread1] INFO  segmented.SegmentedRaftLogWorker (SegmentedRaftLogWorker.java:close(254)) - s2@group-9C0D4625E276-SegmentedRaftLogWorker close()
2025-09-29 07:14:52,990 [JvmPauseMonitor17] INFO  util.JvmPauseMonitor (JvmPauseMonitor.java:run(152)) - JvmPauseMonitor-s2: Stopped
2025-09-29 07:14:52,990 [main] INFO  impl.MiniRaftCluster (MiniRaftCluster.java:shutdown(848)) - MiniRaftClusterWithGrpc shutdown completed
2025-09-29 07:14:52,990 [main] INFO  impl.MiniRaftCluster (MiniRaftCluster.java:shutdown(824)) - ************************************************************** 
2025-09-29 07:14:52,990 [main] INFO  impl.MiniRaftCluster (MiniRaftCluster.java:shutdown(825)) - *** 
2025-09-29 07:14:52,990 [main] INFO  impl.MiniRaftCluster (MiniRaftCluster.java:shutdown(826)) - ***     Stopping MiniRaftClusterWithGrpc
2025-09-29 07:14:52,990 [main] INFO  impl.MiniRaftCluster (MiniRaftCluster.java:shutdown(827)) - *** 
2025-09-29 07:14:52,991 [main] INFO  impl.MiniRaftCluster (MiniRaftCluster.java:shutdown(828)) - ************************************************************** 
2025-09-29 07:14:52,991 [main] INFO  impl.MiniRaftCluster (MiniRaftCluster.java:shutdown(829)) - printing ALL groups
  s0:   CLOSED  FOLLOWER (CLOSED): s0@group-9C0D4625E276:t1, leader=null, voted=s0, raftlog=Memoized:s0@group-9C0D4625E276-SegmentedRaftLog:CLOSED:c0, conf=conf: {index: 0, cur=peers:[s0|localhost:15060, s1|localhost:15064, s2|localhost:15068]|listeners:[], old=null}
  s1:   CLOSED  FOLLOWER (CLOSED): s1@group-9C0D4625E276:t1, leader=s0, voted=s0, raftlog=Memoized:s1@group-9C0D4625E276-SegmentedRaftLog:CLOSED:c0, conf=conf: {index: 0, cur=peers:[s0|localhost:15060, s1|localhost:15064, s2|localhost:15068]|listeners:[], old=null}
  s2:   CLOSED  FOLLOWER (CLOSED): s2@group-9C0D4625E276:t1, leader=s0, voted=s0, raftlog=Memoized:s2@group-9C0D4625E276-SegmentedRaftLog:CLOSED:c0, conf=conf: {index: 0, cur=peers:[s0|localhost:15060, s1|localhost:15064, s2|localhost:15068]|listeners:[], old=null}
2025-09-29 07:14:52,991 [main] INFO  impl.MiniRaftCluster (MiniRaftCluster.java:shutdown(848)) - MiniRaftClusterWithGrpc shutdown completed
]]></system-out>
  </testcase>
  <testcase name="testFollowerLinearizableReadParallel" classname="org.apache.ratis.grpc.TestReadOnlyRequestWithGrpc" time="1.534">
    <system-out><![CDATA[2025-09-29 07:14:52,993 [main] INFO  util.LogUtils (Slf4jUtils.java:setLogLevel(38)) - Successfully set org.apache.ratis.conf.ConfUtils log level to WARN
2025-09-29 07:14:52,993 [main] INFO  util.LogUtils (Slf4jUtils.java:setLogLevel(38)) - Successfully set org.apache.ratis.util.FileUtils log level to TRACE
2025-09-29 07:14:52,993 [main] INFO  util.LogUtils (Slf4jUtils.java:setLogLevel(38)) - Successfully set org.apache.ratis.server.RaftServer$Division log level to DEBUG
2025-09-29 07:14:52,995 [main] INFO  impl.MiniRaftCluster (MiniRaftCluster.java:runWithNewCluster(136)) - Running runWithNewCluster
2025-09-29 07:14:52,995 [main] INFO  impl.MiniRaftCluster (MiniRaftCluster.java:<init>(296)) - new MiniRaftClusterWithGrpc with group-618A3D31D3DF:[s0|localhost:15072, s1|localhost:15076, s2|localhost:15080]
2025-09-29 07:14:52,995 [main] INFO  impl.MiniRaftCluster (MiniRaftCluster.java:start(329)) - .............................................................. 
2025-09-29 07:14:52,996 [main] INFO  impl.MiniRaftCluster (MiniRaftCluster.java:start(330)) - ... 
2025-09-29 07:14:52,996 [main] INFO  impl.MiniRaftCluster (MiniRaftCluster.java:start(331)) - ...     Starting MiniRaftClusterWithGrpc
2025-09-29 07:14:52,996 [main] INFO  impl.MiniRaftCluster (MiniRaftCluster.java:start(332)) - ... 
2025-09-29 07:14:52,996 [main] INFO  impl.MiniRaftCluster (MiniRaftCluster.java:start(333)) - .............................................................. 
2025-09-29 07:14:52,996 [main] INFO  impl.MiniRaftCluster (MiniRaftCluster.java:initServers(308)) - servers = {}
2025-09-29 07:14:52,996 [main] INFO  impl.MiniRaftCluster (MiniRaftCluster.java:newRaftServer(375)) - newRaftServer: s0, group-618A3D31D3DF:[s0|localhost:15072, s1|localhost:15076, s2|localhost:15080], format? true
2025-09-29 07:14:52,997 [main] TRACE util.FileUtils (FileUtils.java:deleteFully(355)) - deleteFully target/test/data/6b14e155/MiniRaftClusterWithGrpc59473e79/s0
2025-09-29 07:14:52,997 [main] TRACE util.FileUtils (FileUtils.java:deleteFully(368)) - deleteFully: target/test/data/6b14e155/MiniRaftClusterWithGrpc59473e79/s0 does not exist.
2025-09-29 07:14:52,997 [main] INFO  impl.MiniRaftCluster (MiniRaftCluster.java:newRaftServer(380)) - Formatted directory target/test/data/6b14e155/MiniRaftClusterWithGrpc59473e79/s0
2025-09-29 07:14:52,998 [main] INFO  server.RaftServer (VersionInfo.java:printStartupMessages(132)) - Starting Apache Ratis Test -- RaftServerProxy s0
2025-09-29 07:14:52,998 [main] INFO  server.RaftServer (VersionInfo.java:printStartupMessages(136)) -                version: 3.1.3
2025-09-29 07:14:52,998 [main] INFO  server.RaftServer (VersionInfo.java:printStartupMessages(136)) -                    url: https://github.com/apache/ratis
2025-09-29 07:14:52,998 [main] INFO  server.RaftServer (VersionInfo.java:printStartupMessages(136)) -               revision: d902c593e11de03b157527cf3ee9a12cdd9ad451
2025-09-29 07:14:52,998 [main] INFO  server.RaftServer (VersionInfo.java:printStartupMessages(139)) -                   java: OpenJDK 64-Bit Server VM 1.8.0_462-b08
2025-09-29 07:14:52,998 [main] INFO  server.RaftServer (VersionInfo.java:printStartupMessages(139)) -                   user: runner
2025-09-29 07:14:52,999 [main] INFO  grpc.GrpcConfigKeys (ConfUtils.java:logFallback(69)) - raft.grpc.admin.host = null (fallback to raft.grpc.server.host)
2025-09-29 07:14:52,999 [main] INFO  grpc.GrpcConfigKeys (ConfUtils.java:logGet(62)) - raft.grpc.admin.port = 15073 (custom)
2025-09-29 07:14:52,999 [main] INFO  grpc.GrpcConfigKeys (ConfUtils.java:logFallback(69)) - raft.grpc.client.host = null (fallback to raft.grpc.server.host)
2025-09-29 07:14:52,999 [main] INFO  grpc.GrpcConfigKeys (ConfUtils.java:logGet(62)) - raft.grpc.client.port = 15074 (custom)
2025-09-29 07:14:53,000 [main] INFO  grpc.GrpcConfigKeys (ConfUtils.java:logGet(62)) - raft.grpc.server.port = 15072 (custom)
2025-09-29 07:14:53,001 [main] INFO  server.RaftServerConfigKeys (ConfUtils.java:logGet(62)) - raft.server.storage.dir = [/home/runner/work/ratis/ratis/ratis-test/target/test/data/6b14e155/MiniRaftClusterWithGrpc59473e79/s0] (custom)
2025-09-29 07:14:53,002 [main] INFO  server.RaftServer (RaftServerProxy.java:addNew(106)) - s0: addNew group-618A3D31D3DF:[s0|localhost:15072, s1|localhost:15076, s2|localhost:15080] returns group-618A3D31D3DF:java.util.concurrent.CompletableFuture@565c887e[Not completed]
2025-09-29 07:14:53,002 [s0-groupManagement] INFO  server.RaftServer$Division (RaftServerImpl.java:<init>(268)) - s0: new RaftServerImpl for group-618A3D31D3DF:[s0|localhost:15072, s1|localhost:15076, s2|localhost:15080] with CounterStateMachine-19:uninitialized
2025-09-29 07:14:53,002 [main] INFO  impl.MiniRaftCluster (MiniRaftCluster.java:newRaftServer(375)) - newRaftServer: s1, group-618A3D31D3DF:[s0|localhost:15072, s1|localhost:15076, s2|localhost:15080], format? true
2025-09-29 07:14:53,002 [main] TRACE util.FileUtils (FileUtils.java:deleteFully(355)) - deleteFully target/test/data/6b14e155/MiniRaftClusterWithGrpc59473e79/s1
2025-09-29 07:14:53,002 [s0-groupManagement] INFO  server.RaftServer$Division (ServerState.java:<init>(114)) - s0@group-618A3D31D3DF: ConfigurationManager, init=conf: {index: -1, cur=peers:[s0|localhost:15072, s1|localhost:15076, s2|localhost:15080]|listeners:[], old=null}, confs=<EMPTY_MAP>
2025-09-29 07:14:53,002 [main] TRACE util.FileUtils (FileUtils.java:deleteFully(368)) - deleteFully: target/test/data/6b14e155/MiniRaftClusterWithGrpc59473e79/s1 does not exist.
2025-09-29 07:14:53,002 [main] INFO  impl.MiniRaftCluster (MiniRaftCluster.java:newRaftServer(380)) - Formatted directory target/test/data/6b14e155/MiniRaftClusterWithGrpc59473e79/s1
2025-09-29 07:14:53,003 [main] INFO  server.RaftServer (VersionInfo.java:printStartupMessages(132)) - Starting Apache Ratis Test -- RaftServerProxy s1
2025-09-29 07:14:53,003 [main] INFO  server.RaftServer (VersionInfo.java:printStartupMessages(136)) -                version: 3.1.3
2025-09-29 07:14:53,003 [main] INFO  server.RaftServer (VersionInfo.java:printStartupMessages(136)) -                    url: https://github.com/apache/ratis
2025-09-29 07:14:53,004 [main] INFO  server.RaftServer (VersionInfo.java:printStartupMessages(136)) -               revision: d902c593e11de03b157527cf3ee9a12cdd9ad451
2025-09-29 07:14:53,004 [main] INFO  server.RaftServer (VersionInfo.java:printStartupMessages(139)) -                   java: OpenJDK 64-Bit Server VM 1.8.0_462-b08
2025-09-29 07:14:53,004 [main] INFO  server.RaftServer (VersionInfo.java:printStartupMessages(139)) -                   user: runner
2025-09-29 07:14:53,004 [main] INFO  grpc.GrpcConfigKeys (ConfUtils.java:logFallback(69)) - raft.grpc.admin.host = null (fallback to raft.grpc.server.host)
2025-09-29 07:14:53,004 [main] INFO  grpc.GrpcConfigKeys (ConfUtils.java:logGet(62)) - raft.grpc.admin.port = 15077 (custom)
2025-09-29 07:14:53,005 [main] INFO  grpc.GrpcConfigKeys (ConfUtils.java:logFallback(69)) - raft.grpc.client.host = null (fallback to raft.grpc.server.host)
2025-09-29 07:14:53,005 [main] INFO  grpc.GrpcConfigKeys (ConfUtils.java:logGet(62)) - raft.grpc.client.port = 15078 (custom)
2025-09-29 07:14:53,005 [main] INFO  grpc.GrpcConfigKeys (ConfUtils.java:logGet(62)) - raft.grpc.server.port = 15076 (custom)
2025-09-29 07:14:53,007 [main] INFO  server.RaftServerConfigKeys (ConfUtils.java:logGet(62)) - raft.server.storage.dir = [/home/runner/work/ratis/ratis/ratis-test/target/test/data/6b14e155/MiniRaftClusterWithGrpc59473e79/s1] (custom)
2025-09-29 07:14:53,008 [main] INFO  server.RaftServer (RaftServerProxy.java:addNew(106)) - s1: addNew group-618A3D31D3DF:[s0|localhost:15072, s1|localhost:15076, s2|localhost:15080] returns group-618A3D31D3DF:java.util.concurrent.CompletableFuture@363ba634[Not completed]
2025-09-29 07:14:53,008 [s1-groupManagement] INFO  server.RaftServer$Division (RaftServerImpl.java:<init>(268)) - s1: new RaftServerImpl for group-618A3D31D3DF:[s0|localhost:15072, s1|localhost:15076, s2|localhost:15080] with CounterStateMachine-20:uninitialized
2025-09-29 07:14:53,008 [s1-groupManagement] INFO  server.RaftServer$Division (ServerState.java:<init>(114)) - s1@group-618A3D31D3DF: ConfigurationManager, init=conf: {index: -1, cur=peers:[s0|localhost:15072, s1|localhost:15076, s2|localhost:15080]|listeners:[], old=null}, confs=<EMPTY_MAP>
2025-09-29 07:14:53,008 [main] INFO  impl.MiniRaftCluster (MiniRaftCluster.java:newRaftServer(375)) - newRaftServer: s2, group-618A3D31D3DF:[s0|localhost:15072, s1|localhost:15076, s2|localhost:15080], format? true
2025-09-29 07:14:53,009 [main] TRACE util.FileUtils (FileUtils.java:deleteFully(355)) - deleteFully target/test/data/6b14e155/MiniRaftClusterWithGrpc59473e79/s2
2025-09-29 07:14:53,009 [main] TRACE util.FileUtils (FileUtils.java:deleteFully(368)) - deleteFully: target/test/data/6b14e155/MiniRaftClusterWithGrpc59473e79/s2 does not exist.
2025-09-29 07:14:53,009 [main] INFO  impl.MiniRaftCluster (MiniRaftCluster.java:newRaftServer(380)) - Formatted directory target/test/data/6b14e155/MiniRaftClusterWithGrpc59473e79/s2
2025-09-29 07:14:53,010 [main] INFO  server.RaftServer (VersionInfo.java:printStartupMessages(132)) - Starting Apache Ratis Test -- RaftServerProxy s2
2025-09-29 07:14:53,010 [main] INFO  server.RaftServer (VersionInfo.java:printStartupMessages(136)) -                version: 3.1.3
2025-09-29 07:14:53,010 [main] INFO  server.RaftServer (VersionInfo.java:printStartupMessages(136)) -                    url: https://github.com/apache/ratis
2025-09-29 07:14:53,010 [main] INFO  server.RaftServer (VersionInfo.java:printStartupMessages(136)) -               revision: d902c593e11de03b157527cf3ee9a12cdd9ad451
2025-09-29 07:14:53,011 [main] INFO  server.RaftServer (VersionInfo.java:printStartupMessages(139)) -                   java: OpenJDK 64-Bit Server VM 1.8.0_462-b08
2025-09-29 07:14:53,011 [main] INFO  server.RaftServer (VersionInfo.java:printStartupMessages(139)) -                   user: runner
2025-09-29 07:14:53,011 [main] INFO  grpc.GrpcConfigKeys (ConfUtils.java:logFallback(69)) - raft.grpc.admin.host = null (fallback to raft.grpc.server.host)
2025-09-29 07:14:53,011 [main] INFO  grpc.GrpcConfigKeys (ConfUtils.java:logGet(62)) - raft.grpc.admin.port = 15081 (custom)
2025-09-29 07:14:53,011 [main] INFO  grpc.GrpcConfigKeys (ConfUtils.java:logFallback(69)) - raft.grpc.client.host = null (fallback to raft.grpc.server.host)
2025-09-29 07:14:53,012 [main] INFO  grpc.GrpcConfigKeys (ConfUtils.java:logGet(62)) - raft.grpc.client.port = 15082 (custom)
2025-09-29 07:14:53,012 [main] INFO  grpc.GrpcConfigKeys (ConfUtils.java:logGet(62)) - raft.grpc.server.port = 15080 (custom)
2025-09-29 07:14:53,014 [main] INFO  server.RaftServerConfigKeys (ConfUtils.java:logGet(62)) - raft.server.storage.dir = [/home/runner/work/ratis/ratis/ratis-test/target/test/data/6b14e155/MiniRaftClusterWithGrpc59473e79/s2] (custom)
2025-09-29 07:14:53,014 [main] INFO  server.RaftServer (RaftServerProxy.java:addNew(106)) - s2: addNew group-618A3D31D3DF:[s0|localhost:15072, s1|localhost:15076, s2|localhost:15080] returns group-618A3D31D3DF:java.util.concurrent.CompletableFuture@176e839e[Not completed]
2025-09-29 07:14:53,014 [s2-groupManagement] INFO  server.RaftServer$Division (RaftServerImpl.java:<init>(268)) - s2: new RaftServerImpl for group-618A3D31D3DF:[s0|localhost:15072, s1|localhost:15076, s2|localhost:15080] with CounterStateMachine-21:uninitialized
2025-09-29 07:14:53,015 [s0-impl-thread1] INFO  server.RaftServerConfigKeys (ConfUtils.java:logGet(62)) - raft.server.storage.dir = [/home/runner/work/ratis/ratis/ratis-test/target/test/data/6b14e155/MiniRaftClusterWithGrpc59473e79/s0] (custom)
2025-09-29 07:14:53,015 [s2-groupManagement] INFO  server.RaftServer$Division (ServerState.java:<init>(114)) - s2@group-618A3D31D3DF: ConfigurationManager, init=conf: {index: -1, cur=peers:[s0|localhost:15072, s1|localhost:15076, s2|localhost:15080]|listeners:[], old=null}, confs=<EMPTY_MAP>
2025-09-29 07:14:53,015 [s0-impl-thread1] INFO  storage.RaftStorageDirectory (RaftStorageDirectoryImpl.java:analyzeStorage(138)) - The storage directory /home/runner/work/ratis/ratis/ratis-test/target/test/data/6b14e155/MiniRaftClusterWithGrpc59473e79/s0/36d5dd6c-925f-4111-afef-618a3d31d3df does not exist. Creating ...
2025-09-29 07:14:53,015 [s0-impl-thread1] TRACE util.FileUtils (LogUtils.java:runAndLog(49)) - Successfully ran Files.createDirectories /home/runner/work/ratis/ratis/ratis-test/target/test/data/6b14e155/MiniRaftClusterWithGrpc59473e79/s0/36d5dd6c-925f-4111-afef-618a3d31d3df
2025-09-29 07:14:53,016 [s0-impl-thread1] INFO  storage.RaftStorageDirectory (RaftStorageDirectoryImpl.java:tryLock(229)) - Lock on /home/runner/work/ratis/ratis/ratis-test/target/test/data/6b14e155/MiniRaftClusterWithGrpc59473e79/s0/36d5dd6c-925f-4111-afef-618a3d31d3df/in_use.lock acquired by nodename 24167@runnervm3ublj
2025-09-29 07:14:53,016 [s0-impl-thread1] TRACE util.FileUtils (LogUtils.java:runAndLog(49)) - Successfully ran Files.createDirectories /home/runner/work/ratis/ratis/ratis-test/target/test/data/6b14e155/MiniRaftClusterWithGrpc59473e79/s0/36d5dd6c-925f-4111-afef-618a3d31d3df/current
2025-09-29 07:14:53,017 [s0-impl-thread1] TRACE util.FileUtils (LogUtils.java:runAndLog(49)) - Successfully ran Files.createDirectories /home/runner/work/ratis/ratis/ratis-test/target/test/data/6b14e155/MiniRaftClusterWithGrpc59473e79/s0/36d5dd6c-925f-4111-afef-618a3d31d3df/sm
2025-09-29 07:14:53,017 [s0-impl-thread1] TRACE util.FileUtils (LogUtils.java:supplyAndLog(69)) - Successfully supplied FileChannel.open /home/runner/work/ratis/ratis/ratis-test/target/test/data/6b14e155/MiniRaftClusterWithGrpc59473e79/s0/36d5dd6c-925f-4111-afef-618a3d31d3df/current/raft-meta.tmp with options [CREATE, TRUNCATE_EXISTING, WRITE]: sun.nio.ch.FileChannelImpl@4ac38866
2025-09-29 07:14:53,018 [s0-impl-thread1] TRACE util.FileUtils (LogUtils.java:runAndLog(49)) - Successfully ran Atomic Files.move /home/runner/work/ratis/ratis/ratis-test/target/test/data/6b14e155/MiniRaftClusterWithGrpc59473e79/s0/36d5dd6c-925f-4111-afef-618a3d31d3df/current/raft-meta.tmp to /home/runner/work/ratis/ratis/ratis-test/target/test/data/6b14e155/MiniRaftClusterWithGrpc59473e79/s0/36d5dd6c-925f-4111-afef-618a3d31d3df/current/raft-meta with options [REPLACE_EXISTING]
2025-09-29 07:14:53,018 [s0-impl-thread1] INFO  storage.RaftStorage (RaftStorageImpl.java:format(98)) - Storage directory /home/runner/work/ratis/ratis/ratis-test/target/test/data/6b14e155/MiniRaftClusterWithGrpc59473e79/s0/36d5dd6c-925f-4111-afef-618a3d31d3df has been successfully formatted.
2025-09-29 07:14:53,018 [s0-impl-thread1] INFO  server.RaftServer$Division (ServerState.java:getSnapshotIndexFromStateMachine(154)) - s0@group-618A3D31D3DF: getLatestSnapshot(CounterStateMachine-19:s0:group-618A3D31D3DF) returns null
2025-09-29 07:14:53,018 [s0-impl-thread1] INFO  raftlog.RaftLog (RaftLogBase.java:<init>(90)) - s0@group-618A3D31D3DF-SegmentedRaftLog: snapshotIndexFromStateMachine = -1
2025-09-29 07:14:53,018 [s0-impl-thread1] INFO  util.AwaitToRun (AwaitToRun.java:start(81)) - Thread[s0@group-618A3D31D3DF-cacheEviction-AwaitToRun,5,main] started
2025-09-29 07:14:53,018 [s0-impl-thread1] INFO  segmented.SegmentedRaftLogWorker (SegmentedRaftLogWorker.java:<init>(190)) - new s0@group-618A3D31D3DF-SegmentedRaftLogWorker for RaftStorageImpl:Storage Directory /home/runner/work/ratis/ratis/ratis-test/target/test/data/6b14e155/MiniRaftClusterWithGrpc59473e79/s0/36d5dd6c-925f-4111-afef-618a3d31d3df
2025-09-29 07:14:53,019 [s0-impl-thread1] INFO  segmented.SegmentedRaftLogWorker (SegmentedRaftLogWorker.java:lambda$new$0(141)) - s0@group-618A3D31D3DF-SegmentedRaftLogWorker: flushIndex: setUnconditionally 0 -> -1
2025-09-29 07:14:53,019 [s0-impl-thread1] INFO  segmented.SegmentedRaftLogWorker (SegmentedRaftLogWorker.java:lambda$new$0(141)) - s0@group-618A3D31D3DF-SegmentedRaftLogWorker: safeCacheEvictIndex: setUnconditionally 0 -> -1
2025-09-29 07:14:53,020 [s0-impl-thread1] INFO  server.RaftServer$Division (RaftServerImpl.java:start(405)) - s0@group-618A3D31D3DF: start as a follower, conf=conf: {index: -1, cur=peers:[s0|localhost:15072, s1|localhost:15076, s2|localhost:15080]|listeners:[], old=null}
2025-09-29 07:14:53,020 [s0-impl-thread1] INFO  server.RaftServer$Division (RaftServerImpl.java:setRole(392)) - s0@group-618A3D31D3DF: changes role from      null to FOLLOWER at term 0 for startAsFollower
2025-09-29 07:14:53,020 [s0-impl-thread1] INFO  impl.RoleInfo (RoleInfo.java:updateAndGet(148)) - s0: start s0@group-618A3D31D3DF-FollowerState
2025-09-29 07:14:53,020 [s0@group-618A3D31D3DF-FollowerState] INFO  server.RaftServerConfigKeys (ConfUtils.java:logFallback(69)) - raft.server.rpc.first-election.timeout.min = 150ms (fallback to raft.server.rpc.timeout.min)
2025-09-29 07:14:53,020 [s0-impl-thread1] INFO  util.JmxRegister (JmxRegister.java:tryRegister(44)) - Successfully registered JMX Bean with object name Ratis:service=RaftServer,group=group-618A3D31D3DF,id=s0
2025-09-29 07:14:53,020 [s0@group-618A3D31D3DF-FollowerState] INFO  server.RaftServerConfigKeys (ConfUtils.java:logFallback(69)) - raft.server.rpc.first-election.timeout.max = 300ms (fallback to raft.server.rpc.timeout.max)
2025-09-29 07:14:53,020 [s0-impl-thread1] INFO  util.JmxRegister (JmxRegister.java:register(58)) - register mxBean class org.apache.ratis.server.impl.RaftServerJmxAdapter as Ratis:service=RaftServer,group=group-618A3D31D3DF,id=s0
2025-09-29 07:14:53,020 [s0-impl-thread1] INFO  server.RaftServer$Division (RaftServerImpl.java:start(419)) - s0@group-618A3D31D3DF: Successfully started.
2025-09-29 07:14:53,021 [main] INFO  server.RaftServer (RaftServerProxy.java:startImpl(415)) - s0: start RPC server
2025-09-29 07:14:53,021 [main] INFO  server.GrpcServicesImpl (GrpcServicesImpl.java:startImpl(338)) - s0: GrpcServicesImpl started, listening on 15074
2025-09-29 07:14:53,022 [main] INFO  server.GrpcServicesImpl (GrpcServicesImpl.java:startImpl(338)) - s0: GrpcServicesImpl started, listening on 15072
2025-09-29 07:14:53,022 [main] INFO  server.GrpcServicesImpl (GrpcServicesImpl.java:startImpl(338)) - s0: GrpcServicesImpl started, listening on 15073
2025-09-29 07:14:53,023 [JvmPauseMonitor18] INFO  util.JvmPauseMonitor (JvmPauseMonitor.java:run(146)) - JvmPauseMonitor-s0: Started
2025-09-29 07:14:53,023 [s1-impl-thread1] INFO  server.RaftServerConfigKeys (ConfUtils.java:logGet(62)) - raft.server.storage.dir = [/home/runner/work/ratis/ratis/ratis-test/target/test/data/6b14e155/MiniRaftClusterWithGrpc59473e79/s1] (custom)
2025-09-29 07:14:53,023 [s1-impl-thread1] INFO  storage.RaftStorageDirectory (RaftStorageDirectoryImpl.java:analyzeStorage(138)) - The storage directory /home/runner/work/ratis/ratis/ratis-test/target/test/data/6b14e155/MiniRaftClusterWithGrpc59473e79/s1/36d5dd6c-925f-4111-afef-618a3d31d3df does not exist. Creating ...
2025-09-29 07:14:53,024 [s1-impl-thread1] TRACE util.FileUtils (LogUtils.java:runAndLog(49)) - Successfully ran Files.createDirectories /home/runner/work/ratis/ratis/ratis-test/target/test/data/6b14e155/MiniRaftClusterWithGrpc59473e79/s1/36d5dd6c-925f-4111-afef-618a3d31d3df
2025-09-29 07:14:53,024 [s1-impl-thread1] INFO  storage.RaftStorageDirectory (RaftStorageDirectoryImpl.java:tryLock(229)) - Lock on /home/runner/work/ratis/ratis/ratis-test/target/test/data/6b14e155/MiniRaftClusterWithGrpc59473e79/s1/36d5dd6c-925f-4111-afef-618a3d31d3df/in_use.lock acquired by nodename 24167@runnervm3ublj
2025-09-29 07:14:53,024 [s1-impl-thread1] TRACE util.FileUtils (LogUtils.java:runAndLog(49)) - Successfully ran Files.createDirectories /home/runner/work/ratis/ratis/ratis-test/target/test/data/6b14e155/MiniRaftClusterWithGrpc59473e79/s1/36d5dd6c-925f-4111-afef-618a3d31d3df/current
2025-09-29 07:14:53,024 [s1-impl-thread1] TRACE util.FileUtils (LogUtils.java:runAndLog(49)) - Successfully ran Files.createDirectories /home/runner/work/ratis/ratis/ratis-test/target/test/data/6b14e155/MiniRaftClusterWithGrpc59473e79/s1/36d5dd6c-925f-4111-afef-618a3d31d3df/sm
2025-09-29 07:14:53,025 [s1-impl-thread1] TRACE util.FileUtils (LogUtils.java:supplyAndLog(69)) - Successfully supplied FileChannel.open /home/runner/work/ratis/ratis/ratis-test/target/test/data/6b14e155/MiniRaftClusterWithGrpc59473e79/s1/36d5dd6c-925f-4111-afef-618a3d31d3df/current/raft-meta.tmp with options [CREATE, TRUNCATE_EXISTING, WRITE]: sun.nio.ch.FileChannelImpl@5d4980f3
2025-09-29 07:14:53,025 [s1-impl-thread1] TRACE util.FileUtils (LogUtils.java:runAndLog(49)) - Successfully ran Atomic Files.move /home/runner/work/ratis/ratis/ratis-test/target/test/data/6b14e155/MiniRaftClusterWithGrpc59473e79/s1/36d5dd6c-925f-4111-afef-618a3d31d3df/current/raft-meta.tmp to /home/runner/work/ratis/ratis/ratis-test/target/test/data/6b14e155/MiniRaftClusterWithGrpc59473e79/s1/36d5dd6c-925f-4111-afef-618a3d31d3df/current/raft-meta with options [REPLACE_EXISTING]
2025-09-29 07:14:53,026 [s1-impl-thread1] INFO  storage.RaftStorage (RaftStorageImpl.java:format(98)) - Storage directory /home/runner/work/ratis/ratis/ratis-test/target/test/data/6b14e155/MiniRaftClusterWithGrpc59473e79/s1/36d5dd6c-925f-4111-afef-618a3d31d3df has been successfully formatted.
2025-09-29 07:14:53,026 [s1-impl-thread1] INFO  server.RaftServer$Division (ServerState.java:getSnapshotIndexFromStateMachine(154)) - s1@group-618A3D31D3DF: getLatestSnapshot(CounterStateMachine-20:s1:group-618A3D31D3DF) returns null
2025-09-29 07:14:53,026 [s1-impl-thread1] INFO  raftlog.RaftLog (RaftLogBase.java:<init>(90)) - s1@group-618A3D31D3DF-SegmentedRaftLog: snapshotIndexFromStateMachine = -1
2025-09-29 07:14:53,027 [s1-impl-thread1] INFO  util.AwaitToRun (AwaitToRun.java:start(81)) - Thread[s1@group-618A3D31D3DF-cacheEviction-AwaitToRun,5,main] started
2025-09-29 07:14:53,027 [s1-impl-thread1] INFO  segmented.SegmentedRaftLogWorker (SegmentedRaftLogWorker.java:<init>(190)) - new s1@group-618A3D31D3DF-SegmentedRaftLogWorker for RaftStorageImpl:Storage Directory /home/runner/work/ratis/ratis/ratis-test/target/test/data/6b14e155/MiniRaftClusterWithGrpc59473e79/s1/36d5dd6c-925f-4111-afef-618a3d31d3df
2025-09-29 07:14:53,028 [s1-impl-thread1] INFO  segmented.SegmentedRaftLogWorker (SegmentedRaftLogWorker.java:lambda$new$0(141)) - s1@group-618A3D31D3DF-SegmentedRaftLogWorker: flushIndex: setUnconditionally 0 -> -1
2025-09-29 07:14:53,028 [s1-impl-thread1] INFO  segmented.SegmentedRaftLogWorker (SegmentedRaftLogWorker.java:lambda$new$0(141)) - s1@group-618A3D31D3DF-SegmentedRaftLogWorker: safeCacheEvictIndex: setUnconditionally 0 -> -1
2025-09-29 07:14:53,028 [s1-impl-thread1] INFO  server.RaftServer$Division (RaftServerImpl.java:start(405)) - s1@group-618A3D31D3DF: start as a follower, conf=conf: {index: -1, cur=peers:[s0|localhost:15072, s1|localhost:15076, s2|localhost:15080]|listeners:[], old=null}
2025-09-29 07:14:53,029 [s1-impl-thread1] INFO  server.RaftServer$Division (RaftServerImpl.java:setRole(392)) - s1@group-618A3D31D3DF: changes role from      null to FOLLOWER at term 0 for startAsFollower
2025-09-29 07:14:53,029 [s1-impl-thread1] INFO  impl.RoleInfo (RoleInfo.java:updateAndGet(148)) - s1: start s1@group-618A3D31D3DF-FollowerState
2025-09-29 07:14:53,029 [s1-impl-thread1] INFO  util.JmxRegister (JmxRegister.java:tryRegister(44)) - Successfully registered JMX Bean with object name Ratis:service=RaftServer,group=group-618A3D31D3DF,id=s1
2025-09-29 07:14:53,029 [s1-impl-thread1] INFO  util.JmxRegister (JmxRegister.java:register(58)) - register mxBean class org.apache.ratis.server.impl.RaftServerJmxAdapter as Ratis:service=RaftServer,group=group-618A3D31D3DF,id=s1
2025-09-29 07:14:53,029 [s1@group-618A3D31D3DF-FollowerState] INFO  server.RaftServerConfigKeys (ConfUtils.java:logFallback(69)) - raft.server.rpc.first-election.timeout.min = 150ms (fallback to raft.server.rpc.timeout.min)
2025-09-29 07:14:53,029 [s1@group-618A3D31D3DF-FollowerState] INFO  server.RaftServerConfigKeys (ConfUtils.java:logFallback(69)) - raft.server.rpc.first-election.timeout.max = 300ms (fallback to raft.server.rpc.timeout.max)
2025-09-29 07:14:53,030 [s1-impl-thread1] INFO  server.RaftServer$Division (RaftServerImpl.java:start(419)) - s1@group-618A3D31D3DF: Successfully started.
2025-09-29 07:14:53,030 [main] INFO  server.RaftServer (RaftServerProxy.java:startImpl(415)) - s1: start RPC server
2025-09-29 07:14:53,030 [main] INFO  server.GrpcServicesImpl (GrpcServicesImpl.java:startImpl(338)) - s1: GrpcServicesImpl started, listening on 15078
2025-09-29 07:14:53,031 [main] INFO  server.GrpcServicesImpl (GrpcServicesImpl.java:startImpl(338)) - s1: GrpcServicesImpl started, listening on 15076
2025-09-29 07:14:53,032 [main] INFO  server.GrpcServicesImpl (GrpcServicesImpl.java:startImpl(338)) - s1: GrpcServicesImpl started, listening on 15077
2025-09-29 07:14:53,032 [JvmPauseMonitor19] INFO  util.JvmPauseMonitor (JvmPauseMonitor.java:run(146)) - JvmPauseMonitor-s1: Started
2025-09-29 07:14:53,033 [s2-impl-thread1] INFO  server.RaftServerConfigKeys (ConfUtils.java:logGet(62)) - raft.server.storage.dir = [/home/runner/work/ratis/ratis/ratis-test/target/test/data/6b14e155/MiniRaftClusterWithGrpc59473e79/s2] (custom)
2025-09-29 07:14:53,033 [s2-impl-thread1] INFO  storage.RaftStorageDirectory (RaftStorageDirectoryImpl.java:analyzeStorage(138)) - The storage directory /home/runner/work/ratis/ratis/ratis-test/target/test/data/6b14e155/MiniRaftClusterWithGrpc59473e79/s2/36d5dd6c-925f-4111-afef-618a3d31d3df does not exist. Creating ...
2025-09-29 07:14:53,033 [s2-impl-thread1] TRACE util.FileUtils (LogUtils.java:runAndLog(49)) - Successfully ran Files.createDirectories /home/runner/work/ratis/ratis/ratis-test/target/test/data/6b14e155/MiniRaftClusterWithGrpc59473e79/s2/36d5dd6c-925f-4111-afef-618a3d31d3df
2025-09-29 07:14:53,034 [s2-impl-thread1] INFO  storage.RaftStorageDirectory (RaftStorageDirectoryImpl.java:tryLock(229)) - Lock on /home/runner/work/ratis/ratis/ratis-test/target/test/data/6b14e155/MiniRaftClusterWithGrpc59473e79/s2/36d5dd6c-925f-4111-afef-618a3d31d3df/in_use.lock acquired by nodename 24167@runnervm3ublj
2025-09-29 07:14:53,034 [s2-impl-thread1] TRACE util.FileUtils (LogUtils.java:runAndLog(49)) - Successfully ran Files.createDirectories /home/runner/work/ratis/ratis/ratis-test/target/test/data/6b14e155/MiniRaftClusterWithGrpc59473e79/s2/36d5dd6c-925f-4111-afef-618a3d31d3df/current
2025-09-29 07:14:53,035 [s2-impl-thread1] TRACE util.FileUtils (LogUtils.java:runAndLog(49)) - Successfully ran Files.createDirectories /home/runner/work/ratis/ratis/ratis-test/target/test/data/6b14e155/MiniRaftClusterWithGrpc59473e79/s2/36d5dd6c-925f-4111-afef-618a3d31d3df/sm
2025-09-29 07:14:53,035 [s2-impl-thread1] TRACE util.FileUtils (LogUtils.java:supplyAndLog(69)) - Successfully supplied FileChannel.open /home/runner/work/ratis/ratis/ratis-test/target/test/data/6b14e155/MiniRaftClusterWithGrpc59473e79/s2/36d5dd6c-925f-4111-afef-618a3d31d3df/current/raft-meta.tmp with options [CREATE, TRUNCATE_EXISTING, WRITE]: sun.nio.ch.FileChannelImpl@52c1a976
2025-09-29 07:14:53,035 [s2-impl-thread1] TRACE util.FileUtils (LogUtils.java:runAndLog(49)) - Successfully ran Atomic Files.move /home/runner/work/ratis/ratis/ratis-test/target/test/data/6b14e155/MiniRaftClusterWithGrpc59473e79/s2/36d5dd6c-925f-4111-afef-618a3d31d3df/current/raft-meta.tmp to /home/runner/work/ratis/ratis/ratis-test/target/test/data/6b14e155/MiniRaftClusterWithGrpc59473e79/s2/36d5dd6c-925f-4111-afef-618a3d31d3df/current/raft-meta with options [REPLACE_EXISTING]
2025-09-29 07:14:53,036 [s2-impl-thread1] INFO  storage.RaftStorage (RaftStorageImpl.java:format(98)) - Storage directory /home/runner/work/ratis/ratis/ratis-test/target/test/data/6b14e155/MiniRaftClusterWithGrpc59473e79/s2/36d5dd6c-925f-4111-afef-618a3d31d3df has been successfully formatted.
2025-09-29 07:14:53,036 [s2-impl-thread1] INFO  server.RaftServer$Division (ServerState.java:getSnapshotIndexFromStateMachine(154)) - s2@group-618A3D31D3DF: getLatestSnapshot(CounterStateMachine-21:s2:group-618A3D31D3DF) returns null
2025-09-29 07:14:53,036 [s2-impl-thread1] INFO  raftlog.RaftLog (RaftLogBase.java:<init>(90)) - s2@group-618A3D31D3DF-SegmentedRaftLog: snapshotIndexFromStateMachine = -1
2025-09-29 07:14:53,036 [s2-impl-thread1] INFO  util.AwaitToRun (AwaitToRun.java:start(81)) - Thread[s2@group-618A3D31D3DF-cacheEviction-AwaitToRun,5,main] started
2025-09-29 07:14:53,036 [s2-impl-thread1] INFO  segmented.SegmentedRaftLogWorker (SegmentedRaftLogWorker.java:<init>(190)) - new s2@group-618A3D31D3DF-SegmentedRaftLogWorker for RaftStorageImpl:Storage Directory /home/runner/work/ratis/ratis/ratis-test/target/test/data/6b14e155/MiniRaftClusterWithGrpc59473e79/s2/36d5dd6c-925f-4111-afef-618a3d31d3df
2025-09-29 07:14:53,039 [s2-impl-thread1] INFO  segmented.SegmentedRaftLogWorker (SegmentedRaftLogWorker.java:lambda$new$0(141)) - s2@group-618A3D31D3DF-SegmentedRaftLogWorker: flushIndex: setUnconditionally 0 -> -1
2025-09-29 07:14:53,039 [s2-impl-thread1] INFO  segmented.SegmentedRaftLogWorker (SegmentedRaftLogWorker.java:lambda$new$0(141)) - s2@group-618A3D31D3DF-SegmentedRaftLogWorker: safeCacheEvictIndex: setUnconditionally 0 -> -1
2025-09-29 07:14:53,039 [s2-impl-thread1] INFO  server.RaftServer$Division (RaftServerImpl.java:start(405)) - s2@group-618A3D31D3DF: start as a follower, conf=conf: {index: -1, cur=peers:[s0|localhost:15072, s1|localhost:15076, s2|localhost:15080]|listeners:[], old=null}
2025-09-29 07:14:53,040 [s2-impl-thread1] INFO  server.RaftServer$Division (RaftServerImpl.java:setRole(392)) - s2@group-618A3D31D3DF: changes role from      null to FOLLOWER at term 0 for startAsFollower
2025-09-29 07:14:53,040 [s2-impl-thread1] INFO  impl.RoleInfo (RoleInfo.java:updateAndGet(148)) - s2: start s2@group-618A3D31D3DF-FollowerState
2025-09-29 07:14:53,040 [s2-impl-thread1] INFO  util.JmxRegister (JmxRegister.java:tryRegister(44)) - Successfully registered JMX Bean with object name Ratis:service=RaftServer,group=group-618A3D31D3DF,id=s2
2025-09-29 07:14:53,040 [s2-impl-thread1] INFO  util.JmxRegister (JmxRegister.java:register(58)) - register mxBean class org.apache.ratis.server.impl.RaftServerJmxAdapter as Ratis:service=RaftServer,group=group-618A3D31D3DF,id=s2
2025-09-29 07:14:53,040 [s2@group-618A3D31D3DF-FollowerState] INFO  server.RaftServerConfigKeys (ConfUtils.java:logFallback(69)) - raft.server.rpc.first-election.timeout.min = 150ms (fallback to raft.server.rpc.timeout.min)
2025-09-29 07:14:53,041 [s2@group-618A3D31D3DF-FollowerState] INFO  server.RaftServerConfigKeys (ConfUtils.java:logFallback(69)) - raft.server.rpc.first-election.timeout.max = 300ms (fallback to raft.server.rpc.timeout.max)
2025-09-29 07:14:53,041 [s2-impl-thread1] INFO  server.RaftServer$Division (RaftServerImpl.java:start(419)) - s2@group-618A3D31D3DF: Successfully started.
2025-09-29 07:14:53,041 [main] INFO  server.RaftServer (RaftServerProxy.java:startImpl(415)) - s2: start RPC server
2025-09-29 07:14:53,042 [main] INFO  server.GrpcServicesImpl (GrpcServicesImpl.java:startImpl(338)) - s2: GrpcServicesImpl started, listening on 15082
2025-09-29 07:14:53,042 [main] INFO  server.GrpcServicesImpl (GrpcServicesImpl.java:startImpl(338)) - s2: GrpcServicesImpl started, listening on 15080
2025-09-29 07:14:53,042 [main] INFO  server.GrpcServicesImpl (GrpcServicesImpl.java:startImpl(338)) - s2: GrpcServicesImpl started, listening on 15081
2025-09-29 07:14:53,043 [JvmPauseMonitor20] INFO  util.JvmPauseMonitor (JvmPauseMonitor.java:run(146)) - JvmPauseMonitor-s2: Started
2025-09-29 07:14:53,043 [main] INFO  ratis.RaftTestUtil (RaftTestUtil.java:waitForLeader(107)) - printing ALL groups
  s0:  RUNNING  FOLLOWER (RUNNING): s0@group-618A3D31D3DF:t0, leader=null, voted=, raftlog=Memoized:s0@group-618A3D31D3DF-SegmentedRaftLog:OPENED:c-1:lastnull, conf=conf: {index: -1, cur=peers:[s0|localhost:15072, s1|localhost:15076, s2|localhost:15080]|listeners:[], old=null}
  s1:  RUNNING  FOLLOWER (RUNNING): s1@group-618A3D31D3DF:t0, leader=null, voted=, raftlog=Memoized:s1@group-618A3D31D3DF-SegmentedRaftLog:OPENED:c-1:lastnull, conf=conf: {index: -1, cur=peers:[s0|localhost:15072, s1|localhost:15076, s2|localhost:15080]|listeners:[], old=null}
  s2:  RUNNING  FOLLOWER (RUNNING): s2@group-618A3D31D3DF:t0, leader=null, voted=, raftlog=Memoized:s2@group-618A3D31D3DF-SegmentedRaftLog:OPENED:c-1:lastnull, conf=conf: {index: -1, cur=peers:[s0|localhost:15072, s1|localhost:15076, s2|localhost:15080]|listeners:[], old=null}
2025-09-29 07:14:53,044 [main] WARN  ratis.RaftTestUtil (RaftTestUtil.java:lambda$waitForLeader$3(126)) - Attempt #1 failed: java.lang.IllegalStateException: No leader yet : printing ALL groups
  s0:  RUNNING  FOLLOWER (RUNNING): s0@group-618A3D31D3DF:t0, leader=null, voted=, raftlog=Memoized:s0@group-618A3D31D3DF-SegmentedRaftLog:OPENED:c-1:lastnull, conf=conf: {index: -1, cur=peers:[s0|localhost:15072, s1|localhost:15076, s2|localhost:15080]|listeners:[], old=null}
  s1:  RUNNING  FOLLOWER (RUNNING): s1@group-618A3D31D3DF:t0, leader=null, voted=, raftlog=Memoized:s1@group-618A3D31D3DF-SegmentedRaftLog:OPENED:c-1:lastnull, conf=conf: {index: -1, cur=peers:[s0|localhost:15072, s1|localhost:15076, s2|localhost:15080]|listeners:[], old=null}
  s2:  RUNNING  FOLLOWER (RUNNING): s2@group-618A3D31D3DF:t0, leader=null, voted=, raftlog=Memoized:s2@group-618A3D31D3DF-SegmentedRaftLog:OPENED:c-1:lastnull, conf=conf: {index: -1, cur=peers:[s0|localhost:15072, s1|localhost:15076, s2|localhost:15080]|listeners:[], old=null}
2025-09-29 07:14:53,249 [s1@group-618A3D31D3DF-FollowerState] INFO  impl.FollowerState (FollowerState.java:runImpl(161)) - s1@group-618A3D31D3DF-FollowerState: change to CANDIDATE, lastRpcElapsedTime:220011145ns, electionTimeout:219ms
2025-09-29 07:14:53,249 [s1@group-618A3D31D3DF-FollowerState] INFO  impl.RoleInfo (RoleInfo.java:shutdownFollowerState(121)) - s1: shutdown s1@group-618A3D31D3DF-FollowerState
2025-09-29 07:14:53,249 [s1@group-618A3D31D3DF-FollowerState] INFO  server.RaftServer$Division (RaftServerImpl.java:setRole(392)) - s1@group-618A3D31D3DF: changes role from  FOLLOWER to CANDIDATE at term 0 for changeToCandidate
2025-09-29 07:14:53,249 [s1@group-618A3D31D3DF-FollowerState] INFO  impl.RoleInfo (RoleInfo.java:updateAndGet(148)) - s1: start s1@group-618A3D31D3DF-LeaderElection11
2025-09-29 07:14:53,250 [s1@group-618A3D31D3DF-LeaderElection11] INFO  impl.LeaderElection (LeaderElection.java:askForVotes(448)) - s1@group-618A3D31D3DF-LeaderElection11 PRE_VOTE round 0: submit vote requests at term 0 for conf: {index: -1, cur=peers:[s0|localhost:15072, s1|localhost:15076, s2|localhost:15080]|listeners:[], old=null}
2025-09-29 07:14:53,250 [s1@group-618A3D31D3DF-LeaderElection11-1] INFO  server.GrpcServerProtocolClient (GrpcServerProtocolClient.java:<init>(64)) - Build channel for s0|localhost:15072
2025-09-29 07:14:53,251 [s1@group-618A3D31D3DF-LeaderElection11-2] INFO  server.GrpcServerProtocolClient (GrpcServerProtocolClient.java:<init>(64)) - Build channel for s2|localhost:15080
2025-09-29 07:14:53,251 [s1@group-618A3D31D3DF-LeaderElection11] INFO  server.RaftServerConfigKeys (ConfUtils.java:logFallback(69)) - raft.server.rpc.first-election.timeout.min = 150ms (fallback to raft.server.rpc.timeout.min)
2025-09-29 07:14:53,251 [s1@group-618A3D31D3DF-LeaderElection11] INFO  server.RaftServerConfigKeys (ConfUtils.java:logFallback(69)) - raft.server.rpc.first-election.timeout.max = 300ms (fallback to raft.server.rpc.timeout.max)
2025-09-29 07:14:53,252 [s0@group-618A3D31D3DF-FollowerState] INFO  impl.FollowerState (FollowerState.java:runImpl(161)) - s0@group-618A3D31D3DF-FollowerState: change to CANDIDATE, lastRpcElapsedTime:232495131ns, electionTimeout:232ms
2025-09-29 07:14:53,252 [s0@group-618A3D31D3DF-FollowerState] INFO  impl.RoleInfo (RoleInfo.java:shutdownFollowerState(121)) - s0: shutdown s0@group-618A3D31D3DF-FollowerState
2025-09-29 07:14:53,252 [s0@group-618A3D31D3DF-FollowerState] INFO  server.RaftServer$Division (RaftServerImpl.java:setRole(392)) - s0@group-618A3D31D3DF: changes role from  FOLLOWER to CANDIDATE at term 0 for changeToCandidate
2025-09-29 07:14:53,254 [s0@group-618A3D31D3DF-FollowerState] INFO  impl.RoleInfo (RoleInfo.java:updateAndGet(148)) - s0: start s0@group-618A3D31D3DF-LeaderElection12
2025-09-29 07:14:53,254 [s0@group-618A3D31D3DF-LeaderElection12] INFO  impl.LeaderElection (LeaderElection.java:askForVotes(448)) - s0@group-618A3D31D3DF-LeaderElection12 PRE_VOTE round 0: submit vote requests at term 0 for conf: {index: -1, cur=peers:[s0|localhost:15072, s1|localhost:15076, s2|localhost:15080]|listeners:[], old=null}
2025-09-29 07:14:53,254 [s0@group-618A3D31D3DF-LeaderElection12] INFO  server.RaftServerConfigKeys (ConfUtils.java:logFallback(69)) - raft.server.rpc.first-election.timeout.min = 150ms (fallback to raft.server.rpc.timeout.min)
2025-09-29 07:14:53,255 [s0@group-618A3D31D3DF-LeaderElection12] INFO  server.RaftServerConfigKeys (ConfUtils.java:logFallback(69)) - raft.server.rpc.first-election.timeout.max = 300ms (fallback to raft.server.rpc.timeout.max)
2025-09-29 07:14:53,255 [s0@group-618A3D31D3DF-LeaderElection12-1] INFO  server.GrpcServerProtocolClient (GrpcServerProtocolClient.java:<init>(64)) - Build channel for s1|localhost:15076
2025-09-29 07:14:53,255 [s0@group-618A3D31D3DF-LeaderElection12-2] INFO  server.GrpcServerProtocolClient (GrpcServerProtocolClient.java:<init>(64)) - Build channel for s2|localhost:15080
2025-09-29 07:14:53,280 [s2@group-618A3D31D3DF-FollowerState] INFO  impl.FollowerState (FollowerState.java:runImpl(161)) - s2@group-618A3D31D3DF-FollowerState: change to CANDIDATE, lastRpcElapsedTime:240042865ns, electionTimeout:239ms
2025-09-29 07:14:53,280 [s2@group-618A3D31D3DF-FollowerState] INFO  impl.RoleInfo (RoleInfo.java:shutdownFollowerState(121)) - s2: shutdown s2@group-618A3D31D3DF-FollowerState
2025-09-29 07:14:53,280 [s2@group-618A3D31D3DF-FollowerState] INFO  server.RaftServer$Division (RaftServerImpl.java:setRole(392)) - s2@group-618A3D31D3DF: changes role from  FOLLOWER to CANDIDATE at term 0 for changeToCandidate
2025-09-29 07:14:53,282 [s2@group-618A3D31D3DF-FollowerState] INFO  impl.RoleInfo (RoleInfo.java:updateAndGet(148)) - s2: start s2@group-618A3D31D3DF-LeaderElection13
2025-09-29 07:14:53,285 [s2@group-618A3D31D3DF-LeaderElection13] INFO  impl.LeaderElection (LeaderElection.java:askForVotes(448)) - s2@group-618A3D31D3DF-LeaderElection13 PRE_VOTE round 0: submit vote requests at term 0 for conf: {index: -1, cur=peers:[s0|localhost:15072, s1|localhost:15076, s2|localhost:15080]|listeners:[], old=null}
2025-09-29 07:14:53,286 [grpc-default-executor-15] INFO  server.RaftServer$Division (RaftServerImpl.java:requestVote(1433)) - s0@group-618A3D31D3DF: receive requestVote(PRE_VOTE, s1, group-618A3D31D3DF, 0, <PROTO_DEFAULT>)
2025-09-29 07:14:53,286 [s2@group-618A3D31D3DF-LeaderElection13-1] INFO  server.GrpcServerProtocolClient (GrpcServerProtocolClient.java:<init>(64)) - Build channel for s0|localhost:15072
2025-09-29 07:14:53,288 [grpc-default-executor-15] INFO  impl.VoteContext (VoteContext.java:log(49)) - s0@group-618A3D31D3DF-CANDIDATE: accept PRE_VOTE from s1: our priority 0 <= candidate's priority 0
2025-09-29 07:14:53,288 [grpc-default-executor-15] INFO  server.RaftServer$Division (RaftServerImpl.java:requestVote(1467)) - s0@group-618A3D31D3DF replies to PRE_VOTE vote request: s1<-s0#0:OK-t0-last:<INITIAL_VALUE>. Peer's state: s0@group-618A3D31D3DF:t0, leader=null, voted=, raftlog=Memoized:s0@group-618A3D31D3DF-SegmentedRaftLog:OPENED:c-1:lastnull, conf=conf: {index: -1, cur=peers:[s0|localhost:15072, s1|localhost:15076, s2|localhost:15080]|listeners:[], old=null}
2025-09-29 07:14:53,290 [s2@group-618A3D31D3DF-LeaderElection13] INFO  server.RaftServerConfigKeys (ConfUtils.java:logFallback(69)) - raft.server.rpc.first-election.timeout.min = 150ms (fallback to raft.server.rpc.timeout.min)
2025-09-29 07:14:53,290 [s2@group-618A3D31D3DF-LeaderElection13] INFO  server.RaftServerConfigKeys (ConfUtils.java:logFallback(69)) - raft.server.rpc.first-election.timeout.max = 300ms (fallback to raft.server.rpc.timeout.max)
2025-09-29 07:14:53,291 [s2@group-618A3D31D3DF-LeaderElection13-2] INFO  server.GrpcServerProtocolClient (GrpcServerProtocolClient.java:<init>(64)) - Build channel for s1|localhost:15076
2025-09-29 07:14:53,297 [grpc-default-executor-9] INFO  server.RaftServer$Division (RaftServerImpl.java:requestVote(1433)) - s2@group-618A3D31D3DF: receive requestVote(PRE_VOTE, s1, group-618A3D31D3DF, 0, <PROTO_DEFAULT>)
2025-09-29 07:14:53,302 [grpc-default-executor-9] INFO  impl.VoteContext (VoteContext.java:log(49)) - s2@group-618A3D31D3DF-CANDIDATE: accept PRE_VOTE from s1: our priority 0 <= candidate's priority 0
2025-09-29 07:14:53,302 [grpc-default-executor-9] INFO  server.RaftServer$Division (RaftServerImpl.java:requestVote(1467)) - s2@group-618A3D31D3DF replies to PRE_VOTE vote request: s1<-s2#0:OK-t0-last:<INITIAL_VALUE>. Peer's state: s2@group-618A3D31D3DF:t0, leader=null, voted=, raftlog=Memoized:s2@group-618A3D31D3DF-SegmentedRaftLog:OPENED:c-1:lastnull, conf=conf: {index: -1, cur=peers:[s0|localhost:15072, s1|localhost:15076, s2|localhost:15080]|listeners:[], old=null}
2025-09-29 07:14:53,303 [s1@group-618A3D31D3DF-LeaderElection11] INFO  impl.LeaderElection (LeaderElection.java:logAndReturn(206)) - s1@group-618A3D31D3DF-LeaderElection11: PRE_VOTE PASSED received 1 response(s) and 0 exception(s):
2025-09-29 07:14:53,303 [s1@group-618A3D31D3DF-LeaderElection11] INFO  impl.LeaderElection (LeaderElection.java:logAndReturn(210)) -   Response 0: s1<-s0#0:OK-t0-last:<INITIAL_VALUE>
2025-09-29 07:14:53,303 [s1@group-618A3D31D3DF-LeaderElection11] INFO  impl.LeaderElection (LeaderElection.java:askForVotes(450)) - s1@group-618A3D31D3DF-LeaderElection11 PRE_VOTE round 0: result PASSED
2025-09-29 07:14:53,304 [s1@group-618A3D31D3DF-LeaderElection11] TRACE util.FileUtils (LogUtils.java:supplyAndLog(69)) - Successfully supplied FileChannel.open /home/runner/work/ratis/ratis/ratis-test/target/test/data/6b14e155/MiniRaftClusterWithGrpc59473e79/s1/36d5dd6c-925f-4111-afef-618a3d31d3df/current/raft-meta.tmp with options [CREATE, TRUNCATE_EXISTING, WRITE]: sun.nio.ch.FileChannelImpl@4c7c0b53
2025-09-29 07:14:53,308 [s1@group-618A3D31D3DF-LeaderElection11] TRACE util.FileUtils (LogUtils.java:runAndLog(49)) - Successfully ran Atomic Files.move /home/runner/work/ratis/ratis/ratis-test/target/test/data/6b14e155/MiniRaftClusterWithGrpc59473e79/s1/36d5dd6c-925f-4111-afef-618a3d31d3df/current/raft-meta.tmp to /home/runner/work/ratis/ratis/ratis-test/target/test/data/6b14e155/MiniRaftClusterWithGrpc59473e79/s1/36d5dd6c-925f-4111-afef-618a3d31d3df/current/raft-meta with options [REPLACE_EXISTING]
2025-09-29 07:14:53,308 [s1@group-618A3D31D3DF-LeaderElection11] INFO  impl.LeaderElection (LeaderElection.java:askForVotes(448)) - s1@group-618A3D31D3DF-LeaderElection11 ELECTION round 0: submit vote requests at term 1 for conf: {index: -1, cur=peers:[s0|localhost:15072, s1|localhost:15076, s2|localhost:15080]|listeners:[], old=null}
2025-09-29 07:14:53,309 [grpc-default-executor-18] INFO  server.RaftServer$Division (RaftServerImpl.java:requestVote(1433)) - s1@group-618A3D31D3DF: receive requestVote(PRE_VOTE, s0, group-618A3D31D3DF, 0, <PROTO_DEFAULT>)
2025-09-29 07:14:53,309 [grpc-default-executor-0] INFO  server.RaftServer$Division (RaftServerImpl.java:requestVote(1433)) - s2@group-618A3D31D3DF: receive requestVote(PRE_VOTE, s0, group-618A3D31D3DF, 0, <PROTO_DEFAULT>)
2025-09-29 07:14:53,309 [grpc-default-executor-0] INFO  impl.VoteContext (VoteContext.java:log(49)) - s2@group-618A3D31D3DF-CANDIDATE: accept PRE_VOTE from s0: our priority 0 <= candidate's priority 0
2025-09-29 07:14:53,310 [grpc-default-executor-0] INFO  server.RaftServer$Division (RaftServerImpl.java:requestVote(1467)) - s2@group-618A3D31D3DF replies to PRE_VOTE vote request: s0<-s2#0:OK-t0-last:<INITIAL_VALUE>. Peer's state: s2@group-618A3D31D3DF:t0, leader=null, voted=, raftlog=Memoized:s2@group-618A3D31D3DF-SegmentedRaftLog:OPENED:c-1:lastnull, conf=conf: {index: -1, cur=peers:[s0|localhost:15072, s1|localhost:15076, s2|localhost:15080]|listeners:[], old=null}
2025-09-29 07:14:53,310 [s1@group-618A3D31D3DF-LeaderElection11] INFO  server.RaftServerConfigKeys (ConfUtils.java:logFallback(69)) - raft.server.rpc.first-election.timeout.min = 150ms (fallback to raft.server.rpc.timeout.min)
2025-09-29 07:14:53,310 [s1@group-618A3D31D3DF-LeaderElection11] INFO  server.RaftServerConfigKeys (ConfUtils.java:logFallback(69)) - raft.server.rpc.first-election.timeout.max = 300ms (fallback to raft.server.rpc.timeout.max)
2025-09-29 07:14:53,314 [grpc-default-executor-12] INFO  server.RaftServer$Division (RaftServerImpl.java:requestVote(1433)) - s0@group-618A3D31D3DF: receive requestVote(ELECTION, s1, group-618A3D31D3DF, 1, <PROTO_DEFAULT>)
2025-09-29 07:14:53,314 [grpc-default-executor-12] INFO  impl.VoteContext (VoteContext.java:log(49)) - s0@group-618A3D31D3DF-CANDIDATE: accept ELECTION from s1: our priority 0 <= candidate's priority 0
2025-09-29 07:14:53,314 [grpc-default-executor-12] INFO  server.RaftServer$Division (RaftServerImpl.java:setRole(392)) - s0@group-618A3D31D3DF: changes role from CANDIDATE to FOLLOWER at term 0 for candidate:s1
2025-09-29 07:14:53,314 [grpc-default-executor-12] INFO  impl.RoleInfo (RoleInfo.java:shutdownLeaderElection(141)) - s0: shutdown s0@group-618A3D31D3DF-LeaderElection12
2025-09-29 07:14:53,314 [grpc-default-executor-12] INFO  impl.RoleInfo (RoleInfo.java:updateAndGet(148)) - s0: start s0@group-618A3D31D3DF-FollowerState
2025-09-29 07:14:53,315 [timer6] INFO  server.GrpcServerProtocolService (GrpcServerProtocolService.java:lambda$onCompleted$6(174)) - s2: Completed APPEND_ENTRIES, lastRequest: s0->s2#1-t1,previous=<PROTO_DEFAULT>,leaderCommit=-1,initializing? false,entries: size=1, first=(t:1, i:0), CONFIGURATIONENTRY(current:id:"s0"address:"localhost:15060"dataStreamAddress:"localhost:15063"clientAddress:"localhost:15062"adminAddress:"localhost:15061"startupRole:FOLLOWER, id:"s1"address:"localhost:15064"dataStreamAddress:"localhost:15067"clientAddress:"localhost:15066"adminAddress:"localhost:15065"startupRole:FOLLOWER, id:"s2"address:"localhost:15068"dataStreamAddress:"localhost:15071"clientAddress:"localhost:15070"adminAddress:"localhost:15069"startupRole:FOLLOWER, old:)  (Repeated 6 times in the last 5.002s)
2025-09-29 07:14:53,316 [timer7] INFO  server.GrpcServerProtocolService (GrpcServerProtocolService.java:lambda$onCompleted$6(174)) - s1: Completed APPEND_ENTRIES, lastRequest: null  (Repeated 4 times in the last 5.002s)
2025-09-29 07:14:53,317 [grpc-default-executor-18] INFO  impl.VoteContext (VoteContext.java:log(49)) - s1@group-618A3D31D3DF-CANDIDATE: accept PRE_VOTE from s0: our priority 0 <= candidate's priority 0
2025-09-29 07:14:53,318 [grpc-default-executor-18] INFO  server.RaftServer$Division (RaftServerImpl.java:requestVote(1467)) - s1@group-618A3D31D3DF replies to PRE_VOTE vote request: s0<-s1#0:OK-t1-last:<INITIAL_VALUE>. Peer's state: s1@group-618A3D31D3DF:t1, leader=null, voted=s1, raftlog=Memoized:s1@group-618A3D31D3DF-SegmentedRaftLog:OPENED:c-1:lastnull, conf=conf: {index: -1, cur=peers:[s0|localhost:15072, s1|localhost:15076, s2|localhost:15080]|listeners:[], old=null}
2025-09-29 07:14:53,318 [grpc-default-executor-12] INFO  server.RaftServer$Division (RaftServerImpl.java:setFirstElection(576)) - s0@group-618A3D31D3DF: set firstElectionSinceStartup to false for candidate:s1
2025-09-29 07:14:53,321 [grpc-default-executor-14] INFO  server.RaftServer$Division (RaftServerImpl.java:requestVote(1433)) - s2@group-618A3D31D3DF: receive requestVote(ELECTION, s1, group-618A3D31D3DF, 1, <PROTO_DEFAULT>)
2025-09-29 07:14:53,319 [s0@group-618A3D31D3DF-LeaderElection12] INFO  impl.LeaderElection (LeaderElection.java:logAndReturn(206)) - s0@group-618A3D31D3DF-LeaderElection12: PRE_VOTE PASSED received 1 response(s) and 0 exception(s):
2025-09-29 07:14:53,322 [s0@group-618A3D31D3DF-LeaderElection12] INFO  impl.LeaderElection (LeaderElection.java:logAndReturn(210)) -   Response 0: s0<-s2#0:OK-t0-last:<INITIAL_VALUE>
2025-09-29 07:14:53,322 [s0@group-618A3D31D3DF-LeaderElection12] INFO  impl.LeaderElection (LeaderElection.java:askForVotes(450)) - s0@group-618A3D31D3DF-LeaderElection12 PRE_VOTE round 0: result PASSED
2025-09-29 07:14:53,322 [grpc-default-executor-14] INFO  impl.VoteContext (VoteContext.java:log(49)) - s2@group-618A3D31D3DF-CANDIDATE: accept ELECTION from s1: our priority 0 <= candidate's priority 0
2025-09-29 07:14:53,322 [grpc-default-executor-14] INFO  server.RaftServer$Division (RaftServerImpl.java:setRole(392)) - s2@group-618A3D31D3DF: changes role from CANDIDATE to FOLLOWER at term 0 for candidate:s1
2025-09-29 07:14:53,322 [grpc-default-executor-14] INFO  impl.RoleInfo (RoleInfo.java:shutdownLeaderElection(141)) - s2: shutdown s2@group-618A3D31D3DF-LeaderElection13
2025-09-29 07:14:53,322 [grpc-default-executor-14] INFO  impl.RoleInfo (RoleInfo.java:updateAndGet(148)) - s2: start s2@group-618A3D31D3DF-FollowerState
2025-09-29 07:14:53,323 [grpc-default-executor-12] TRACE util.FileUtils (LogUtils.java:supplyAndLog(69)) - Successfully supplied FileChannel.open /home/runner/work/ratis/ratis/ratis-test/target/test/data/6b14e155/MiniRaftClusterWithGrpc59473e79/s0/36d5dd6c-925f-4111-afef-618a3d31d3df/current/raft-meta.tmp with options [CREATE, TRUNCATE_EXISTING, WRITE]: sun.nio.ch.FileChannelImpl@71beb4ec
2025-09-29 07:14:53,323 [grpc-default-executor-0] INFO  server.RaftServer$Division (RaftServerImpl.java:requestVote(1433)) - s1@group-618A3D31D3DF: receive requestVote(PRE_VOTE, s2, group-618A3D31D3DF, 0, <PROTO_DEFAULT>)
2025-09-29 07:14:53,323 [grpc-default-executor-14] INFO  server.RaftServer$Division (RaftServerImpl.java:setFirstElection(576)) - s2@group-618A3D31D3DF: set firstElectionSinceStartup to false for candidate:s1
2025-09-29 07:14:53,323 [grpc-default-executor-14] TRACE util.FileUtils (LogUtils.java:supplyAndLog(69)) - Successfully supplied FileChannel.open /home/runner/work/ratis/ratis/ratis-test/target/test/data/6b14e155/MiniRaftClusterWithGrpc59473e79/s2/36d5dd6c-925f-4111-afef-618a3d31d3df/current/raft-meta.tmp with options [CREATE, TRUNCATE_EXISTING, WRITE]: sun.nio.ch.FileChannelImpl@35d0139a
2025-09-29 07:14:53,323 [grpc-default-executor-0] INFO  impl.VoteContext (VoteContext.java:log(49)) - s1@group-618A3D31D3DF-CANDIDATE: accept PRE_VOTE from s2: our priority 0 <= candidate's priority 0
2025-09-29 07:14:53,324 [grpc-default-executor-0] INFO  server.RaftServer$Division (RaftServerImpl.java:requestVote(1467)) - s1@group-618A3D31D3DF replies to PRE_VOTE vote request: s2<-s1#0:OK-t1-last:<INITIAL_VALUE>. Peer's state: s1@group-618A3D31D3DF:t1, leader=null, voted=s1, raftlog=Memoized:s1@group-618A3D31D3DF-SegmentedRaftLog:OPENED:c-1:lastnull, conf=conf: {index: -1, cur=peers:[s0|localhost:15072, s1|localhost:15076, s2|localhost:15080]|listeners:[], old=null}
2025-09-29 07:14:53,325 [s2@group-618A3D31D3DF-LeaderElection13] INFO  impl.LeaderElection (LeaderElection.java:logAndReturn(206)) - s2@group-618A3D31D3DF-LeaderElection13: PRE_VOTE DISCOVERED_A_NEW_TERM (term=1) received 1 response(s) and 0 exception(s):
2025-09-29 07:14:53,325 [s2@group-618A3D31D3DF-LeaderElection13] INFO  impl.LeaderElection (LeaderElection.java:logAndReturn(210)) -   Response 0: s2<-s1#0:OK-t1-last:<INITIAL_VALUE>
2025-09-29 07:14:53,325 [s2@group-618A3D31D3DF-LeaderElection13] INFO  impl.LeaderElection (LeaderElection.java:askForVotes(450)) - s2@group-618A3D31D3DF-LeaderElection13 PRE_VOTE round 0: result DISCOVERED_A_NEW_TERM (term=1)
2025-09-29 07:14:53,326 [grpc-default-executor-12] TRACE util.FileUtils (LogUtils.java:runAndLog(49)) - Successfully ran Atomic Files.move /home/runner/work/ratis/ratis/ratis-test/target/test/data/6b14e155/MiniRaftClusterWithGrpc59473e79/s0/36d5dd6c-925f-4111-afef-618a3d31d3df/current/raft-meta.tmp to /home/runner/work/ratis/ratis/ratis-test/target/test/data/6b14e155/MiniRaftClusterWithGrpc59473e79/s0/36d5dd6c-925f-4111-afef-618a3d31d3df/current/raft-meta with options [REPLACE_EXISTING]
2025-09-29 07:14:53,326 [grpc-default-executor-12] INFO  server.RaftServer$Division (RaftServerImpl.java:requestVote(1467)) - s0@group-618A3D31D3DF replies to ELECTION vote request: s1<-s0#0:OK-t1-last:<INITIAL_VALUE>. Peer's state: s0@group-618A3D31D3DF:t1, leader=null, voted=s1, raftlog=Memoized:s0@group-618A3D31D3DF-SegmentedRaftLog:OPENED:c-1:lastnull, conf=conf: {index: -1, cur=peers:[s0|localhost:15072, s1|localhost:15076, s2|localhost:15080]|listeners:[], old=null}
2025-09-29 07:14:53,327 [grpc-default-executor-14] TRACE util.FileUtils (LogUtils.java:runAndLog(49)) - Successfully ran Atomic Files.move /home/runner/work/ratis/ratis/ratis-test/target/test/data/6b14e155/MiniRaftClusterWithGrpc59473e79/s2/36d5dd6c-925f-4111-afef-618a3d31d3df/current/raft-meta.tmp to /home/runner/work/ratis/ratis/ratis-test/target/test/data/6b14e155/MiniRaftClusterWithGrpc59473e79/s2/36d5dd6c-925f-4111-afef-618a3d31d3df/current/raft-meta with options [REPLACE_EXISTING]
2025-09-29 07:14:53,327 [grpc-default-executor-14] INFO  server.RaftServer$Division (RaftServerImpl.java:requestVote(1467)) - s2@group-618A3D31D3DF replies to ELECTION vote request: s1<-s2#0:OK-t1-last:<INITIAL_VALUE>. Peer's state: s2@group-618A3D31D3DF:t1, leader=null, voted=s1, raftlog=Memoized:s2@group-618A3D31D3DF-SegmentedRaftLog:OPENED:c-1:lastnull, conf=conf: {index: -1, cur=peers:[s0|localhost:15072, s1|localhost:15076, s2|localhost:15080]|listeners:[], old=null}
2025-09-29 07:14:53,328 [s1@group-618A3D31D3DF-LeaderElection11] INFO  impl.LeaderElection (LeaderElection.java:logAndReturn(206)) - s1@group-618A3D31D3DF-LeaderElection11: ELECTION PASSED received 1 response(s) and 0 exception(s):
2025-09-29 07:14:53,328 [s1@group-618A3D31D3DF-LeaderElection11] INFO  impl.LeaderElection (LeaderElection.java:logAndReturn(210)) -   Response 0: s1<-s2#0:OK-t1-last:<INITIAL_VALUE>
2025-09-29 07:14:53,328 [s1@group-618A3D31D3DF-LeaderElection11] INFO  impl.LeaderElection (LeaderElection.java:askForVotes(450)) - s1@group-618A3D31D3DF-LeaderElection11 ELECTION round 0: result PASSED
2025-09-29 07:14:53,329 [s1@group-618A3D31D3DF-LeaderElection11] INFO  impl.RoleInfo (RoleInfo.java:shutdownLeaderElection(141)) - s1: shutdown s1@group-618A3D31D3DF-LeaderElection11
2025-09-29 07:14:53,329 [s1@group-618A3D31D3DF-LeaderElection11] INFO  server.RaftServer$Division (RaftServerImpl.java:setRole(392)) - s1@group-618A3D31D3DF: changes role from CANDIDATE to LEADER at term 1 for changeToLeader
2025-09-29 07:14:53,329 [s1@group-618A3D31D3DF-LeaderElection11] INFO  server.RaftServerConfigKeys (ConfUtils.java:logFallback(69)) - raft.server.staging.timeout = 900ms (fallback to raft.server.rpc.timeout.max)
2025-09-29 07:14:53,330 [s1@group-618A3D31D3DF-LeaderElection11] INFO  impl.RoleInfo (RoleInfo.java:updateAndGet(148)) - s1: start s1@group-618A3D31D3DF-LeaderStateImpl
2025-09-29 07:14:53,330 [s1@group-618A3D31D3DF-LeaderElection11] INFO  server.RaftServer$Division (RaftServerImpl.java:setFirstElection(576)) - s1@group-618A3D31D3DF: set firstElectionSinceStartup to false for becomeLeader
2025-09-29 07:14:53,330 [s1@group-618A3D31D3DF-LeaderElection11] INFO  server.RaftServer$Division (ServerState.java:setLeader(277)) - s1@group-618A3D31D3DF: change Leader from null to s1 at term 1 for becomeLeader, leader elected after 321ms
2025-09-29 07:14:53,331 [s1@group-618A3D31D3DF-LeaderElection11] INFO  segmented.SegmentedRaftLogWorker (SegmentedRaftLogWorker.java:startLogSegment(440)) - s1@group-618A3D31D3DF-SegmentedRaftLogWorker: Starting segment from index:0
2025-09-29 07:14:53,331 [s1@group-618A3D31D3DF-LeaderElection11] INFO  server.RaftServer$Division (ServerState.java:setRaftConf(391)) - s1@group-618A3D31D3DF: set configuration conf: {index: 0, cur=peers:[s0|localhost:15072, s1|localhost:15076, s2|localhost:15080]|listeners:[], old=null}
2025-09-29 07:14:53,332 [s1@group-618A3D31D3DF-SegmentedRaftLogWorker] INFO  segmented.BufferedWriteChannel (BufferedWriteChannel.java:open(61)) - open log_inprogress_0 at position 0
2025-09-29 07:14:53,337 [grpc-default-executor-0] INFO  server.RaftServer$Division (ServerState.java:setLeader(277)) - s2@group-618A3D31D3DF: change Leader from null to s1 at term 1 for appendEntries, leader elected after 322ms
2025-09-29 07:14:53,339 [grpc-default-executor-14] INFO  server.RaftServer$Division (ServerState.java:setLeader(277)) - s0@group-618A3D31D3DF: change Leader from null to s1 at term 1 for appendEntries, leader elected after 336ms
2025-09-29 07:14:53,339 [grpc-default-executor-0] DEBUG server.RaftServer$Division (RaftServerImpl.java:logAppendEntries(1536)) - s0@group-618A3D31D3DF: appendEntries* s1->s0#1-t1,previous=<PROTO_DEFAULT>,leaderCommit=-1,initializing? false,entries: size=1, first=(t:1, i:0), CONFIGURATIONENTRY(current:id:"s0"address:"localhost:15072"dataStreamAddress:"localhost:15075"clientAddress:"localhost:15074"adminAddress:"localhost:15073"startupRole:FOLLOWER, id:"s1"address:"localhost:15076"dataStreamAddress:"localhost:15079"clientAddress:"localhost:15078"adminAddress:"localhost:15077"startupRole:FOLLOWER, id:"s2"address:"localhost:15080"dataStreamAddress:"localhost:15083"clientAddress:"localhost:15082"adminAddress:"localhost:15081"startupRole:FOLLOWER, old:)
2025-09-29 07:14:53,340 [grpc-default-executor-0] INFO  server.RaftServer$Division (ServerState.java:setRaftConf(391)) - s0@group-618A3D31D3DF: set configuration conf: {index: 0, cur=peers:[s0|localhost:15072, s1|localhost:15076, s2|localhost:15080]|listeners:[], old=null}
2025-09-29 07:14:53,344 [grpc-default-executor-18] DEBUG server.RaftServer$Division (RaftServerImpl.java:logAppendEntries(1536)) - s2@group-618A3D31D3DF: appendEntries* s1->s2#1-t1,previous=<PROTO_DEFAULT>,leaderCommit=-1,initializing? false,entries: size=1, first=(t:1, i:0), CONFIGURATIONENTRY(current:id:"s0"address:"localhost:15072"dataStreamAddress:"localhost:15075"clientAddress:"localhost:15074"adminAddress:"localhost:15073"startupRole:FOLLOWER, id:"s1"address:"localhost:15076"dataStreamAddress:"localhost:15079"clientAddress:"localhost:15078"adminAddress:"localhost:15077"startupRole:FOLLOWER, id:"s2"address:"localhost:15080"dataStreamAddress:"localhost:15083"clientAddress:"localhost:15082"adminAddress:"localhost:15081"startupRole:FOLLOWER, old:)
2025-09-29 07:14:53,345 [grpc-default-executor-18] INFO  server.RaftServer$Division (ServerState.java:setRaftConf(391)) - s2@group-618A3D31D3DF: set configuration conf: {index: 0, cur=peers:[s0|localhost:15072, s1|localhost:15076, s2|localhost:15080]|listeners:[], old=null}
2025-09-29 07:14:53,346 [s2-server-thread1] INFO  segmented.SegmentedRaftLogWorker (SegmentedRaftLogWorker.java:startLogSegment(440)) - s2@group-618A3D31D3DF-SegmentedRaftLogWorker: Starting segment from index:0
2025-09-29 07:14:53,345 [s0-server-thread1] INFO  segmented.SegmentedRaftLogWorker (SegmentedRaftLogWorker.java:startLogSegment(440)) - s0@group-618A3D31D3DF-SegmentedRaftLogWorker: Starting segment from index:0
2025-09-29 07:14:53,349 [s2@group-618A3D31D3DF-SegmentedRaftLogWorker] INFO  segmented.BufferedWriteChannel (BufferedWriteChannel.java:open(61)) - open log_inprogress_0 at position 0
2025-09-29 07:14:53,347 [s1@group-618A3D31D3DF-SegmentedRaftLogWorker] INFO  segmented.SegmentedRaftLogWorker (SegmentedRaftLogWorker.java:execute(647)) - s1@group-618A3D31D3DF-SegmentedRaftLogWorker: created new log segment /home/runner/work/ratis/ratis/ratis-test/target/test/data/6b14e155/MiniRaftClusterWithGrpc59473e79/s1/36d5dd6c-925f-4111-afef-618a3d31d3df/current/log_inprogress_0
2025-09-29 07:14:53,349 [s0@group-618A3D31D3DF-SegmentedRaftLogWorker] INFO  segmented.BufferedWriteChannel (BufferedWriteChannel.java:open(61)) - open log_inprogress_0 at position 0
2025-09-29 07:14:53,356 [s0@group-618A3D31D3DF-SegmentedRaftLogWorker] INFO  segmented.SegmentedRaftLogWorker (SegmentedRaftLogWorker.java:execute(647)) - s0@group-618A3D31D3DF-SegmentedRaftLogWorker: created new log segment /home/runner/work/ratis/ratis/ratis-test/target/test/data/6b14e155/MiniRaftClusterWithGrpc59473e79/s0/36d5dd6c-925f-4111-afef-618a3d31d3df/current/log_inprogress_0
2025-09-29 07:14:53,357 [s2@group-618A3D31D3DF-SegmentedRaftLogWorker] INFO  segmented.SegmentedRaftLogWorker (SegmentedRaftLogWorker.java:execute(647)) - s2@group-618A3D31D3DF-SegmentedRaftLogWorker: created new log segment /home/runner/work/ratis/ratis/ratis-test/target/test/data/6b14e155/MiniRaftClusterWithGrpc59473e79/s2/36d5dd6c-925f-4111-afef-618a3d31d3df/current/log_inprogress_0
2025-09-29 07:14:53,357 [s0-server-thread1] DEBUG server.RaftServer$Division (RaftServerImpl.java:logAppendEntries(1536)) - s0@group-618A3D31D3DF: appendEntries* reply s1<-s0#1:OK-t1,SUCCESS,nextIndex=1,followerCommit=-1,matchIndex=0
2025-09-29 07:14:53,358 [s2-server-thread1] DEBUG server.RaftServer$Division (RaftServerImpl.java:logAppendEntries(1536)) - s2@group-618A3D31D3DF: appendEntries* reply s1<-s2#1:OK-t1,SUCCESS,nextIndex=1,followerCommit=-1,matchIndex=0
2025-09-29 07:14:53,359 [s1@group-618A3D31D3DF-StateMachineUpdater] TRACE util.FileUtils (LogUtils.java:supplyAndLog(69)) - Successfully supplied FileChannel.open /home/runner/work/ratis/ratis/ratis-test/target/test/data/6b14e155/MiniRaftClusterWithGrpc59473e79/s1/36d5dd6c-925f-4111-afef-618a3d31d3df/current/raft-meta.conf.tmp with options [CREATE, TRUNCATE_EXISTING, WRITE]: sun.nio.ch.FileChannelImpl@367fd06f
2025-09-29 07:14:53,361 [s1@group-618A3D31D3DF-StateMachineUpdater] TRACE util.FileUtils (LogUtils.java:runAndLog(49)) - Successfully ran Atomic Files.move /home/runner/work/ratis/ratis/ratis-test/target/test/data/6b14e155/MiniRaftClusterWithGrpc59473e79/s1/36d5dd6c-925f-4111-afef-618a3d31d3df/current/raft-meta.conf.tmp to /home/runner/work/ratis/ratis/ratis-test/target/test/data/6b14e155/MiniRaftClusterWithGrpc59473e79/s1/36d5dd6c-925f-4111-afef-618a3d31d3df/current/raft-meta.conf with options [REPLACE_EXISTING]
2025-09-29 07:14:53,361 [s1@group-618A3D31D3DF-StateMachineUpdater] INFO  server.RaftServer$Division (LeaderStateImpl.java:checkStartIndex(309)) - Leader s1@group-618A3D31D3DF-LeaderStateImpl is ready since appliedIndex == startIndex == 0
2025-09-29 07:14:53,436 [s2@group-618A3D31D3DF-StateMachineUpdater] TRACE util.FileUtils (LogUtils.java:supplyAndLog(69)) - Successfully supplied FileChannel.open /home/runner/work/ratis/ratis/ratis-test/target/test/data/6b14e155/MiniRaftClusterWithGrpc59473e79/s2/36d5dd6c-925f-4111-afef-618a3d31d3df/current/raft-meta.conf.tmp with options [CREATE, TRUNCATE_EXISTING, WRITE]: sun.nio.ch.FileChannelImpl@13c12450
2025-09-29 07:14:53,436 [s0@group-618A3D31D3DF-StateMachineUpdater] TRACE util.FileUtils (LogUtils.java:supplyAndLog(69)) - Successfully supplied FileChannel.open /home/runner/work/ratis/ratis/ratis-test/target/test/data/6b14e155/MiniRaftClusterWithGrpc59473e79/s0/36d5dd6c-925f-4111-afef-618a3d31d3df/current/raft-meta.conf.tmp with options [CREATE, TRUNCATE_EXISTING, WRITE]: sun.nio.ch.FileChannelImpl@2106d7be
2025-09-29 07:14:53,438 [s0@group-618A3D31D3DF-StateMachineUpdater] TRACE util.FileUtils (LogUtils.java:runAndLog(49)) - Successfully ran Atomic Files.move /home/runner/work/ratis/ratis/ratis-test/target/test/data/6b14e155/MiniRaftClusterWithGrpc59473e79/s0/36d5dd6c-925f-4111-afef-618a3d31d3df/current/raft-meta.conf.tmp to /home/runner/work/ratis/ratis/ratis-test/target/test/data/6b14e155/MiniRaftClusterWithGrpc59473e79/s0/36d5dd6c-925f-4111-afef-618a3d31d3df/current/raft-meta.conf with options [REPLACE_EXISTING]
2025-09-29 07:14:53,438 [s2@group-618A3D31D3DF-StateMachineUpdater] TRACE util.FileUtils (LogUtils.java:runAndLog(49)) - Successfully ran Atomic Files.move /home/runner/work/ratis/ratis/ratis-test/target/test/data/6b14e155/MiniRaftClusterWithGrpc59473e79/s2/36d5dd6c-925f-4111-afef-618a3d31d3df/current/raft-meta.conf.tmp to /home/runner/work/ratis/ratis/ratis-test/target/test/data/6b14e155/MiniRaftClusterWithGrpc59473e79/s2/36d5dd6c-925f-4111-afef-618a3d31d3df/current/raft-meta.conf with options [REPLACE_EXISTING]
2025-09-29 07:14:53,494 [main] INFO  ratis.RaftTestUtil (RaftTestUtil.java:waitForLeader(131)) - printing ALL groups
  s0:  RUNNING  FOLLOWER (RUNNING): s0@group-618A3D31D3DF:t1, leader=s1, voted=s1, raftlog=Memoized:s0@group-618A3D31D3DF-SegmentedRaftLog:OPENED:c0:last(t:1, i:0), conf=conf: {index: 0, cur=peers:[s0|localhost:15072, s1|localhost:15076, s2|localhost:15080]|listeners:[], old=null}
  s1:  RUNNING    LEADER (RUNNING): s1@group-618A3D31D3DF:t1, leader=s1, voted=s1, raftlog=Memoized:s1@group-618A3D31D3DF-SegmentedRaftLog:OPENED:c0:last(t:1, i:0), conf=conf: {index: 0, cur=peers:[s0|localhost:15072, s1|localhost:15076, s2|localhost:15080]|listeners:[], old=null}
  s2:  RUNNING  FOLLOWER (RUNNING): s2@group-618A3D31D3DF:t1, leader=s1, voted=s1, raftlog=Memoized:s2@group-618A3D31D3DF-SegmentedRaftLog:OPENED:c0:last(t:1, i:0), conf=conf: {index: 0, cur=peers:[s0|localhost:15072, s1|localhost:15076, s2|localhost:15080]|listeners:[], old=null}
2025-09-29 07:14:53,500 [s1-client-thread1] DEBUG server.RaftServer$Division (RaftServerImpl.java:submitClientRequestAsync(939)) - s1@group-618A3D31D3DF: receive client request(RaftClientRequest:client-46E38A732847->s1@group-618A3D31D3DF, cid=95, seq=null, RW, Message:494e4352454d454e54)
2025-09-29 07:14:53,500 [s1-client-thread1] DEBUG server.RaftServer$Division (LeaderStateImpl.java:addPendingRequest(526)) - s1@group-618A3D31D3DF-LeaderStateImpl: addPendingRequest at RaftClientRequest:client-46E38A732847->s1@group-618A3D31D3DF, cid=95, seq=null, RW, Message:494e4352454d454e54, entry=(t:1, i:1), STATEMACHINELOGENTRY, WRITE: logData.size=9, stateMachineData.size=0, logEntryProtoSerializedSize=0
2025-09-29 07:14:53,501 [grpc-default-executor-14] DEBUG server.RaftServer$Division (RaftServerImpl.java:logAppendEntries(1536)) - s0@group-618A3D31D3DF: appendEntries* s1->s0#6-t1,previous=(t:1, i:0),leaderCommit=0,initializing? false,entries: size=1, first=(t:1, i:1), STATEMACHINELOGENTRY, StateMachineLogEntryProto:95@client-46E38A732847
2025-09-29 07:14:53,501 [grpc-default-executor-18] DEBUG server.RaftServer$Division (RaftServerImpl.java:logAppendEntries(1536)) - s2@group-618A3D31D3DF: appendEntries* s1->s2#5-t1,previous=(t:1, i:0),leaderCommit=0,initializing? false,entries: size=1, first=(t:1, i:1), STATEMACHINELOGENTRY, StateMachineLogEntryProto:95@client-46E38A732847
2025-09-29 07:14:53,502 [s0-server-thread1] DEBUG server.RaftServer$Division (RaftServerImpl.java:logAppendEntries(1536)) - s0@group-618A3D31D3DF: appendEntries* reply s1<-s0#6:OK-t1,SUCCESS,nextIndex=2,followerCommit=0,matchIndex=1
2025-09-29 07:14:53,502 [s2-server-thread1] DEBUG server.RaftServer$Division (RaftServerImpl.java:logAppendEntries(1536)) - s2@group-618A3D31D3DF: appendEntries* reply s1<-s2#5:OK-t1,SUCCESS,nextIndex=2,followerCommit=0,matchIndex=1
2025-09-29 07:14:53,503 [s1@group-618A3D31D3DF-StateMachineUpdater] INFO  statemachine.StateMachine (ReadOnlyRequestTests.java:applyTransaction(375)) - receive command: INCREMENT
2025-09-29 07:14:53,504 [grpc-default-executor-14] DEBUG server.RaftServer$Division (RaftServerImpl.java:logAppendEntries(1536)) - s0@group-618A3D31D3DF: appendEntries* s1->s0#7-t1,previous=(t:1, i:1),leaderCommit=1,initializing? false,entries: size=1, first=(t:1, i:2), METADATAENTRY(c:1)
2025-09-29 07:14:53,505 [grpc-default-executor-18] DEBUG server.RaftServer$Division (RaftServerImpl.java:logAppendEntries(1536)) - s2@group-618A3D31D3DF: appendEntries* s1->s2#7-t1,previous=(t:1, i:1),leaderCommit=1,initializing? false,entries: size=1, first=(t:1, i:2), METADATAENTRY(c:1)
2025-09-29 07:14:53,506 [s0-server-thread1] DEBUG server.RaftServer$Division (RaftServerImpl.java:logAppendEntries(1536)) - s0@group-618A3D31D3DF: appendEntries* reply s1<-s0#7:OK-t1,SUCCESS,nextIndex=3,followerCommit=1,matchIndex=2
2025-09-29 07:14:53,506 [s2-server-thread1] DEBUG server.RaftServer$Division (RaftServerImpl.java:logAppendEntries(1536)) - s2@group-618A3D31D3DF: appendEntries* reply s1<-s2#7:OK-t1,SUCCESS,nextIndex=3,followerCommit=1,matchIndex=2
2025-09-29 07:14:53,506 [s2@group-618A3D31D3DF-StateMachineUpdater] INFO  statemachine.StateMachine (ReadOnlyRequestTests.java:applyTransaction(375)) - receive command: INCREMENT
2025-09-29 07:14:53,507 [s0@group-618A3D31D3DF-StateMachineUpdater] INFO  statemachine.StateMachine (ReadOnlyRequestTests.java:applyTransaction(375)) - receive command: INCREMENT
2025-09-29 07:14:53,508 [s1-client-thread1] DEBUG server.RaftServer$Division (RaftServerImpl.java:submitClientRequestAsync(939)) - s1@group-618A3D31D3DF: receive client request(RaftClientRequest:client-46E38A732847->s1@group-618A3D31D3DF, cid=96, seq=1*, Watch(0), Message:<EMPTY>)
2025-09-29 07:14:53,509 [s1-client-thread1] DEBUG server.RaftServer$Division (LeaderStateImpl.java:addWatchRequest(544)) - s1@group-618A3D31D3DF-LeaderStateImpl: addWatchRequest RaftClientRequest:client-46E38A732847->s1@group-618A3D31D3DF, cid=96, seq=1*, Watch(0), Message:<EMPTY>
2025-09-29 07:14:53,514 [s1-client-thread1] DEBUG server.RaftServer$Division (RaftServerImpl.java:submitClientRequestAsync(939)) - s1@group-618A3D31D3DF: receive client request(RaftClientRequest:client-46E38A732847->s1@group-618A3D31D3DF, cid=97, seq=2, RW, Message:574149545f414e445f49...(size=18))
2025-09-29 07:14:53,514 [s1-client-thread1] DEBUG server.RaftServer$Division (LeaderStateImpl.java:addPendingRequest(526)) - s1@group-618A3D31D3DF-LeaderStateImpl: addPendingRequest at RaftClientRequest:client-46E38A732847->s1@group-618A3D31D3DF, cid=97, seq=2, RW, Message:574149545f414e445f49...(size=18), entry=(t:1, i:3), STATEMACHINELOGENTRY, WRITE: logData.size=18, stateMachineData.size=0, logEntryProtoSerializedSize=0
2025-09-29 07:14:53,515 [grpc-default-executor-18] DEBUG server.RaftServer$Division (RaftServerImpl.java:logAppendEntries(1536)) - s0@group-618A3D31D3DF: appendEntries* s1->s0#10-t1,previous=(t:1, i:2),leaderCommit=2,initializing? false,entries: size=1, first=(t:1, i:3), STATEMACHINELOGENTRY, StateMachineLogEntryProto:97@client-46E38A732847
2025-09-29 07:14:53,515 [grpc-default-executor-14] DEBUG server.RaftServer$Division (RaftServerImpl.java:logAppendEntries(1536)) - s2@group-618A3D31D3DF: appendEntries* s1->s2#11-t1,previous=(t:1, i:2),leaderCommit=2,initializing? false,entries: size=1, first=(t:1, i:3), STATEMACHINELOGENTRY, StateMachineLogEntryProto:97@client-46E38A732847
2025-09-29 07:14:53,516 [s0-server-thread1] DEBUG server.RaftServer$Division (RaftServerImpl.java:logAppendEntries(1536)) - s0@group-618A3D31D3DF: appendEntries* reply s1<-s0#10:OK-t1,SUCCESS,nextIndex=4,followerCommit=2,matchIndex=3
2025-09-29 07:14:53,516 [s2-server-thread1] DEBUG server.RaftServer$Division (RaftServerImpl.java:logAppendEntries(1536)) - s2@group-618A3D31D3DF: appendEntries* reply s1<-s2#11:OK-t1,SUCCESS,nextIndex=4,followerCommit=2,matchIndex=3
2025-09-29 07:14:53,517 [s1@group-618A3D31D3DF-StateMachineUpdater] INFO  statemachine.StateMachine (ReadOnlyRequestTests.java:applyTransaction(375)) - receive command: WAIT_AND_INCREMENT
2025-09-29 07:14:53,518 [grpc-default-executor-14] DEBUG server.RaftServer$Division (RaftServerImpl.java:logAppendEntries(1536)) - s0@group-618A3D31D3DF: appendEntries* s1->s0#11-t1,previous=(t:1, i:3),leaderCommit=3,initializing? false,entries: size=1, first=(t:1, i:4), METADATAENTRY(c:3)
2025-09-29 07:14:53,518 [grpc-default-executor-18] DEBUG server.RaftServer$Division (RaftServerImpl.java:logAppendEntries(1536)) - s2@group-618A3D31D3DF: appendEntries* s1->s2#13-t1,previous=(t:1, i:3),leaderCommit=3,initializing? false,entries: size=1, first=(t:1, i:4), METADATAENTRY(c:3)
2025-09-29 07:14:53,519 [s0@group-618A3D31D3DF-StateMachineUpdater] INFO  statemachine.StateMachine (ReadOnlyRequestTests.java:applyTransaction(375)) - receive command: WAIT_AND_INCREMENT
2025-09-29 07:14:53,519 [s0-server-thread1] DEBUG server.RaftServer$Division (RaftServerImpl.java:logAppendEntries(1536)) - s0@group-618A3D31D3DF: appendEntries* reply s1<-s0#11:OK-t1,SUCCESS,nextIndex=5,followerCommit=3,matchIndex=4
2025-09-29 07:14:53,522 [s2@group-618A3D31D3DF-StateMachineUpdater] INFO  statemachine.StateMachine (ReadOnlyRequestTests.java:applyTransaction(375)) - receive command: WAIT_AND_INCREMENT
2025-09-29 07:14:53,522 [s2-server-thread1] DEBUG server.RaftServer$Division (RaftServerImpl.java:logAppendEntries(1536)) - s2@group-618A3D31D3DF: appendEntries* reply s1<-s2#13:OK-t1,SUCCESS,nextIndex=5,followerCommit=3,matchIndex=4
2025-09-29 07:14:53,610 [s0-client-thread1] DEBUG server.RaftServer$Division (RaftServerImpl.java:submitClientRequestAsync(939)) - s0@group-618A3D31D3DF: receive client request(RaftClientRequest:client-C955FA89BA08->s0@group-618A3D31D3DF, cid=98, seq=null, RO, Message:5155455259)
2025-09-29 07:14:53,612 [s1-server-thread1] DEBUG server.RaftServer$Division (LeaderStateImpl.java:getReadIndex(1147)) - readIndex=4, readAfterWriteConsistentIndex=null
2025-09-29 07:14:54,024 [main] INFO  impl.MiniRaftCluster (MiniRaftCluster.java:shutdown(824)) - ************************************************************** 
2025-09-29 07:14:54,024 [main] INFO  impl.MiniRaftCluster (MiniRaftCluster.java:shutdown(825)) - *** 
2025-09-29 07:14:54,024 [main] INFO  impl.MiniRaftCluster (MiniRaftCluster.java:shutdown(826)) - ***     Stopping MiniRaftClusterWithGrpc
2025-09-29 07:14:54,024 [main] INFO  impl.MiniRaftCluster (MiniRaftCluster.java:shutdown(827)) - *** 
2025-09-29 07:14:54,025 [main] INFO  impl.MiniRaftCluster (MiniRaftCluster.java:shutdown(828)) - ************************************************************** 
2025-09-29 07:14:54,025 [main] INFO  impl.MiniRaftCluster (MiniRaftCluster.java:shutdown(829)) - printing ALL groups
  s0:  RUNNING  FOLLOWER (RUNNING): s0@group-618A3D31D3DF:t1, leader=s1, voted=s1, raftlog=Memoized:s0@group-618A3D31D3DF-SegmentedRaftLog:OPENED:c4:last(t:1, i:4), conf=conf: {index: 0, cur=peers:[s0|localhost:15072, s1|localhost:15076, s2|localhost:15080]|listeners:[], old=null}
  s1:  RUNNING    LEADER (RUNNING): s1@group-618A3D31D3DF:t1, leader=s1, voted=s1, raftlog=Memoized:s1@group-618A3D31D3DF-SegmentedRaftLog:OPENED:c4:last(t:1, i:4), conf=conf: {index: 0, cur=peers:[s0|localhost:15072, s1|localhost:15076, s2|localhost:15080]|listeners:[], old=null}
  s2:  RUNNING  FOLLOWER (RUNNING): s2@group-618A3D31D3DF:t1, leader=s1, voted=s1, raftlog=Memoized:s2@group-618A3D31D3DF-SegmentedRaftLog:OPENED:c4:last(t:1, i:4), conf=conf: {index: 0, cur=peers:[s0|localhost:15072, s1|localhost:15076, s2|localhost:15080]|listeners:[], old=null}
2025-09-29 07:14:54,025 [MiniRaftCluster-37] INFO  server.RaftServer (RaftServerProxy.java:lambda$close$9(425)) - s0: close
2025-09-29 07:14:54,025 [MiniRaftCluster-38] INFO  server.RaftServer (RaftServerProxy.java:lambda$close$9(425)) - s1: close
2025-09-29 07:14:54,025 [MiniRaftCluster-39] INFO  server.RaftServer (RaftServerProxy.java:lambda$close$9(425)) - s2: close
2025-09-29 07:14:54,026 [MiniRaftCluster-37] INFO  server.GrpcServicesImpl (GrpcServicesImpl.java:closeImpl(347)) - s0: shutdown server org.apache.ratis.grpc.server.GrpcClientProtocolService now
2025-09-29 07:14:54,026 [s0-impl-thread1] INFO  server.RaftServer$Division (RaftServerImpl.java:lambda$close$1(527)) - s0@group-618A3D31D3DF: shutdown
2025-09-29 07:14:54,026 [MiniRaftCluster-39] INFO  server.GrpcServicesImpl (GrpcServicesImpl.java:closeImpl(347)) - s2: shutdown server org.apache.ratis.grpc.server.GrpcClientProtocolService now
2025-09-29 07:14:54,026 [s1-impl-thread1] INFO  server.RaftServer$Division (RaftServerImpl.java:lambda$close$1(527)) - s1@group-618A3D31D3DF: shutdown
2025-09-29 07:14:54,026 [s2-impl-thread1] INFO  server.RaftServer$Division (RaftServerImpl.java:lambda$close$1(527)) - s2@group-618A3D31D3DF: shutdown
2025-09-29 07:14:54,026 [s0-impl-thread1] INFO  util.JmxRegister (JmxRegister.java:unregister(74)) - Successfully un-registered JMX Bean with object name Ratis:service=RaftServer,group=group-618A3D31D3DF,id=s0
2025-09-29 07:14:54,026 [s0-impl-thread1] INFO  impl.RoleInfo (RoleInfo.java:shutdownFollowerState(121)) - s0: shutdown s0@group-618A3D31D3DF-FollowerState
2025-09-29 07:14:54,026 [MiniRaftCluster-38] INFO  server.GrpcServicesImpl (GrpcServicesImpl.java:closeImpl(347)) - s1: shutdown server org.apache.ratis.grpc.server.GrpcClientProtocolService now
2025-09-29 07:14:54,026 [s2-impl-thread1] INFO  util.JmxRegister (JmxRegister.java:unregister(74)) - Successfully un-registered JMX Bean with object name Ratis:service=RaftServer,group=group-618A3D31D3DF,id=s2
2025-09-29 07:14:54,027 [s0@group-618A3D31D3DF-FollowerState] INFO  impl.FollowerState (FollowerState.java:runImpl(170)) - s0@group-618A3D31D3DF-FollowerState was interrupted
2025-09-29 07:14:54,027 [s0@group-618A3D31D3DF-StateMachineUpdater] INFO  impl.StateMachineUpdater (StateMachineUpdater.java:stop(140)) - s0@group-618A3D31D3DF-StateMachineUpdater: closing CounterStateMachine, lastApplied=(t:1, i:4)
2025-09-29 07:14:54,026 [s1-impl-thread1] INFO  util.JmxRegister (JmxRegister.java:unregister(74)) - Successfully un-registered JMX Bean with object name Ratis:service=RaftServer,group=group-618A3D31D3DF,id=s1
2025-09-29 07:14:54,027 [s1-impl-thread1] INFO  impl.RoleInfo (RoleInfo.java:shutdownLeaderState(103)) - s1: shutdown s1@group-618A3D31D3DF-LeaderStateImpl
2025-09-29 07:14:54,027 [Thread-465] INFO  server.GrpcServerProtocolClient (GrpcServerProtocolClient.java:close(94)) - s1 Close channels
2025-09-29 07:14:54,027 [s2-impl-thread1] INFO  impl.RoleInfo (RoleInfo.java:shutdownFollowerState(121)) - s2: shutdown s2@group-618A3D31D3DF-FollowerState
2025-09-29 07:14:54,028 [s2-impl-thread1] INFO  impl.StateMachineUpdater (StateMachineUpdater.java:stopAndJoin(163)) - s2@group-618A3D31D3DF-StateMachineUpdater: set stopIndex = 4
2025-09-29 07:14:54,028 [s2@group-618A3D31D3DF-StateMachineUpdater] INFO  impl.StateMachineUpdater (StateMachineUpdater.java:stop(140)) - s2@group-618A3D31D3DF-StateMachineUpdater: closing CounterStateMachine, lastApplied=(t:1, i:4)
2025-09-29 07:14:54,027 [s0-impl-thread1] INFO  impl.StateMachineUpdater (StateMachineUpdater.java:stopAndJoin(163)) - s0@group-618A3D31D3DF-StateMachineUpdater: set stopIndex = 4
2025-09-29 07:14:54,028 [s2@group-618A3D31D3DF-FollowerState] INFO  impl.FollowerState (FollowerState.java:runImpl(170)) - s2@group-618A3D31D3DF-FollowerState was interrupted
2025-09-29 07:14:54,028 [Thread-466] INFO  server.GrpcServerProtocolClient (GrpcServerProtocolClient.java:close(94)) - s0 Close channels
2025-09-29 07:14:54,028 [Thread-467] INFO  server.GrpcServerProtocolClient (GrpcServerProtocolClient.java:close(94)) - s2 Close channels
2025-09-29 07:14:54,030 [Thread-468] INFO  server.GrpcServerProtocolClient (GrpcServerProtocolClient.java:close(94)) - s1 Close channels
2025-09-29 07:14:54,030 [Thread-472] INFO  server.GrpcServerProtocolClient (GrpcServerProtocolClient.java:close(94)) - s2 Close channels
2025-09-29 07:14:54,030 [Thread-469] INFO  server.GrpcServerProtocolClient (GrpcServerProtocolClient.java:close(94)) - s0 Close channels
2025-09-29 07:14:54,034 [MiniRaftCluster-39] INFO  server.GrpcServicesImpl (GrpcServicesImpl.java:closeImpl(356)) - s2: shutdown server org.apache.ratis.grpc.server.GrpcClientProtocolService successfully
2025-09-29 07:14:54,034 [MiniRaftCluster-39] INFO  server.GrpcServicesImpl (GrpcServicesImpl.java:closeImpl(347)) - s2: shutdown server GrpcServerProtocolService now
2025-09-29 07:14:54,036 [s2@group-618A3D31D3DF-cacheEviction-AwaitToRun] INFO  util.AwaitToRun (AwaitToRun.java:run(49)) - s2@group-618A3D31D3DF-cacheEviction-AwaitToRun-AwaitForSignal is interrupted
2025-09-29 07:14:54,038 [grpc-default-executor-14] WARN  server.GrpcServerProtocolService (LogUtils.java:warn(127)) - s2: APPEND_ENTRIES onError, lastRequest: null: org.apache.ratis.thirdparty.io.grpc.StatusRuntimeException: CANCELLED: client cancelled
2025-09-29 07:14:54,039 [grpc-default-executor-0] WARN  server.GrpcServerProtocolService (LogUtils.java:warn(127)) - s2: APPEND_ENTRIES onError, lastRequest: s1->s2#13-t1,previous=(t:1, i:3),leaderCommit=3,initializing? false,entries: size=1, first=(t:1, i:4), METADATAENTRY(c:3): org.apache.ratis.thirdparty.io.grpc.StatusRuntimeException: CANCELLED: client cancelled
2025-09-29 07:14:54,038 [MiniRaftCluster-37] INFO  server.GrpcServicesImpl (GrpcServicesImpl.java:closeImpl(356)) - s0: shutdown server org.apache.ratis.grpc.server.GrpcClientProtocolService successfully
2025-09-29 07:14:54,039 [MiniRaftCluster-37] INFO  server.GrpcServicesImpl (GrpcServicesImpl.java:closeImpl(347)) - s0: shutdown server GrpcServerProtocolService now
2025-09-29 07:14:54,039 [s0@group-618A3D31D3DF-cacheEviction-AwaitToRun] INFO  util.AwaitToRun (AwaitToRun.java:run(49)) - s0@group-618A3D31D3DF-cacheEviction-AwaitToRun-AwaitForSignal is interrupted
2025-09-29 07:14:54,040 [s1-impl-thread1] INFO  impl.PendingRequests (PendingRequests.java:sendNotLeaderResponses(281)) - s1@group-618A3D31D3DF-PendingRequests: sendNotLeaderResponses
2025-09-29 07:14:54,041 [grpc-default-executor-12] INFO  server.GrpcLogAppender (GrpcLogAppender.java:onError(545)) - s1@group-618A3D31D3DF->s2-GrpcLogAppender is already stopped
2025-09-29 07:14:54,042 [s1@group-618A3D31D3DF->s0-GrpcLogAppender-LogAppenderDaemon] WARN  server.GrpcLogAppender (GrpcLogAppender.java:mayWait(300)) - s1@group-618A3D31D3DF->s0-GrpcLogAppender: Wait interrupted by java.lang.InterruptedException
2025-09-29 07:14:54,043 [grpc-default-executor-1] INFO  server.GrpcLogAppender (GrpcLogAppender.java:onError(545)) - s1@group-618A3D31D3DF->s2-GrpcLogAppender is already stopped
2025-09-29 07:14:54,044 [s1@group-618A3D31D3DF->s2-GrpcLogAppender-LogAppenderDaemon] WARN  server.GrpcLogAppender (GrpcLogAppender.java:mayWait(300)) - s1@group-618A3D31D3DF->s2-GrpcLogAppender: Wait interrupted by java.lang.InterruptedException
2025-09-29 07:14:54,045 [grpc-default-executor-1] WARN  server.GrpcServerProtocolService (LogUtils.java:warn(127)) - s0: APPEND_ENTRIES onError, lastRequest: s1->s0#11-t1,previous=(t:1, i:3),leaderCommit=3,initializing? false,entries: size=1, first=(t:1, i:4), METADATAENTRY(c:3): org.apache.ratis.thirdparty.io.grpc.StatusRuntimeException: CANCELLED: client cancelled
2025-09-29 07:14:54,043 [MiniRaftCluster-39] INFO  server.GrpcServicesImpl (GrpcServicesImpl.java:closeImpl(356)) - s2: shutdown server GrpcServerProtocolService successfully
2025-09-29 07:14:54,046 [MiniRaftCluster-39] INFO  server.GrpcServicesImpl (GrpcServicesImpl.java:closeImpl(347)) - s2: shutdown server org.apache.ratis.grpc.server.GrpcAdminProtocolService now
2025-09-29 07:14:54,046 [grpc-default-executor-12] WARN  server.GrpcServerProtocolService (LogUtils.java:warn(127)) - s0: APPEND_ENTRIES onError, lastRequest: null: org.apache.ratis.thirdparty.io.grpc.StatusRuntimeException: CANCELLED: client cancelled
2025-09-29 07:14:54,047 [s1-impl-thread1] INFO  impl.StateMachineUpdater (StateMachineUpdater.java:stopAndJoin(163)) - s1@group-618A3D31D3DF-StateMachineUpdater: set stopIndex = 4
2025-09-29 07:14:54,047 [s1@group-618A3D31D3DF-StateMachineUpdater] INFO  impl.StateMachineUpdater (StateMachineUpdater.java:stop(140)) - s1@group-618A3D31D3DF-StateMachineUpdater: closing CounterStateMachine, lastApplied=(t:1, i:4)
2025-09-29 07:14:54,046 [grpc-default-executor-14] INFO  server.GrpcLogAppender (GrpcLogAppender.java:onError(545)) - s1@group-618A3D31D3DF->s0-GrpcLogAppender is already stopped
2025-09-29 07:14:54,046 [MiniRaftCluster-37] INFO  server.GrpcServicesImpl (GrpcServicesImpl.java:closeImpl(356)) - s0: shutdown server GrpcServerProtocolService successfully
2025-09-29 07:14:54,047 [MiniRaftCluster-37] INFO  server.GrpcServicesImpl (GrpcServicesImpl.java:closeImpl(347)) - s0: shutdown server org.apache.ratis.grpc.server.GrpcAdminProtocolService now
2025-09-29 07:14:54,047 [s1@group-618A3D31D3DF-cacheEviction-AwaitToRun] INFO  util.AwaitToRun (AwaitToRun.java:run(49)) - s1@group-618A3D31D3DF-cacheEviction-AwaitToRun-AwaitForSignal is interrupted
2025-09-29 07:14:54,048 [MiniRaftCluster-37] INFO  server.GrpcServicesImpl (GrpcServicesImpl.java:closeImpl(356)) - s0: shutdown server org.apache.ratis.grpc.server.GrpcAdminProtocolService successfully
2025-09-29 07:14:54,048 [grpc-default-executor-12] INFO  server.GrpcLogAppender (GrpcLogAppender.java:onError(545)) - s1@group-618A3D31D3DF->s0-GrpcLogAppender is already stopped
2025-09-29 07:14:54,049 [MiniRaftCluster-39] INFO  server.GrpcServicesImpl (GrpcServicesImpl.java:closeImpl(356)) - s2: shutdown server org.apache.ratis.grpc.server.GrpcAdminProtocolService successfully
2025-09-29 07:14:54,050 [MiniRaftCluster-38] INFO  server.GrpcServicesImpl (GrpcServicesImpl.java:closeImpl(356)) - s1: shutdown server org.apache.ratis.grpc.server.GrpcClientProtocolService successfully
2025-09-29 07:14:54,050 [MiniRaftCluster-38] INFO  server.GrpcServicesImpl (GrpcServicesImpl.java:closeImpl(347)) - s1: shutdown server GrpcServerProtocolService now
2025-09-29 07:14:54,051 [MiniRaftCluster-38] INFO  server.GrpcServicesImpl (GrpcServicesImpl.java:closeImpl(356)) - s1: shutdown server GrpcServerProtocolService successfully
2025-09-29 07:14:54,051 [MiniRaftCluster-38] INFO  server.GrpcServicesImpl (GrpcServicesImpl.java:closeImpl(347)) - s1: shutdown server org.apache.ratis.grpc.server.GrpcAdminProtocolService now
2025-09-29 07:14:54,051 [MiniRaftCluster-38] INFO  server.GrpcServicesImpl (GrpcServicesImpl.java:closeImpl(356)) - s1: shutdown server org.apache.ratis.grpc.server.GrpcAdminProtocolService successfully
2025-09-29 07:14:54,519 [s1-impl-thread1] INFO  segmented.SegmentedRaftLogWorker (SegmentedRaftLogWorker.java:close(254)) - s1@group-618A3D31D3DF-SegmentedRaftLogWorker close()
2025-09-29 07:14:54,520 [s0-impl-thread1] INFO  segmented.SegmentedRaftLogWorker (SegmentedRaftLogWorker.java:close(254)) - s0@group-618A3D31D3DF-SegmentedRaftLogWorker close()
2025-09-29 07:14:54,521 [JvmPauseMonitor18] INFO  util.JvmPauseMonitor (JvmPauseMonitor.java:run(152)) - JvmPauseMonitor-s0: Stopped
2025-09-29 07:14:54,521 [JvmPauseMonitor19] INFO  util.JvmPauseMonitor (JvmPauseMonitor.java:run(152)) - JvmPauseMonitor-s1: Stopped
2025-09-29 07:14:54,523 [s2-impl-thread1] INFO  segmented.SegmentedRaftLogWorker (SegmentedRaftLogWorker.java:close(254)) - s2@group-618A3D31D3DF-SegmentedRaftLogWorker close()
2025-09-29 07:14:54,524 [JvmPauseMonitor20] INFO  util.JvmPauseMonitor (JvmPauseMonitor.java:run(152)) - JvmPauseMonitor-s2: Stopped
2025-09-29 07:14:54,524 [main] INFO  impl.MiniRaftCluster (MiniRaftCluster.java:shutdown(848)) - MiniRaftClusterWithGrpc shutdown completed
2025-09-29 07:14:54,524 [main] INFO  impl.MiniRaftCluster (MiniRaftCluster.java:shutdown(824)) - ************************************************************** 
2025-09-29 07:14:54,525 [main] INFO  impl.MiniRaftCluster (MiniRaftCluster.java:shutdown(825)) - *** 
2025-09-29 07:14:54,525 [main] INFO  impl.MiniRaftCluster (MiniRaftCluster.java:shutdown(826)) - ***     Stopping MiniRaftClusterWithGrpc
2025-09-29 07:14:54,525 [main] INFO  impl.MiniRaftCluster (MiniRaftCluster.java:shutdown(827)) - *** 
2025-09-29 07:14:54,525 [main] INFO  impl.MiniRaftCluster (MiniRaftCluster.java:shutdown(828)) - ************************************************************** 
2025-09-29 07:14:54,525 [main] INFO  impl.MiniRaftCluster (MiniRaftCluster.java:shutdown(829)) - printing ALL groups
  s0:   CLOSED  FOLLOWER (CLOSED): s0@group-618A3D31D3DF:t1, leader=s1, voted=s1, raftlog=Memoized:s0@group-618A3D31D3DF-SegmentedRaftLog:CLOSED:c4, conf=conf: {index: 0, cur=peers:[s0|localhost:15072, s1|localhost:15076, s2|localhost:15080]|listeners:[], old=null}
  s1:   CLOSED    LEADER (CLOSED): s1@group-618A3D31D3DF:t1, leader=s1, voted=s1, raftlog=Memoized:s1@group-618A3D31D3DF-SegmentedRaftLog:CLOSED:c4, conf=conf: {index: 0, cur=peers:[s0|localhost:15072, s1|localhost:15076, s2|localhost:15080]|listeners:[], old=null}
  s2:   CLOSED  FOLLOWER (CLOSED): s2@group-618A3D31D3DF:t1, leader=s1, voted=s1, raftlog=Memoized:s2@group-618A3D31D3DF-SegmentedRaftLog:CLOSED:c4, conf=conf: {index: 0, cur=peers:[s0|localhost:15072, s1|localhost:15076, s2|localhost:15080]|listeners:[], old=null}
2025-09-29 07:14:54,526 [main] INFO  impl.MiniRaftCluster (MiniRaftCluster.java:shutdown(848)) - MiniRaftClusterWithGrpc shutdown completed
]]></system-out>
  </testcase>
  <testcase name="testFollowerLeaseReadRetryWhenLeaderDown" classname="org.apache.ratis.grpc.TestReadOnlyRequestWithGrpc" time="1.83">
    <system-out><![CDATA[2025-09-29 07:14:54,528 [main] INFO  util.LogUtils (Slf4jUtils.java:setLogLevel(38)) - Successfully set org.apache.ratis.conf.ConfUtils log level to WARN
2025-09-29 07:14:54,528 [main] INFO  util.LogUtils (Slf4jUtils.java:setLogLevel(38)) - Successfully set org.apache.ratis.util.FileUtils log level to TRACE
2025-09-29 07:14:54,528 [main] INFO  util.LogUtils (Slf4jUtils.java:setLogLevel(38)) - Successfully set org.apache.ratis.server.RaftServer$Division log level to DEBUG
2025-09-29 07:14:54,530 [main] INFO  impl.MiniRaftCluster (MiniRaftCluster.java:runWithNewCluster(136)) - Running runWithNewCluster
2025-09-29 07:14:54,531 [main] INFO  impl.MiniRaftCluster (MiniRaftCluster.java:<init>(296)) - new MiniRaftClusterWithGrpc with group-838139DA6374:[s0|localhost:15084, s1|localhost:15088, s2|localhost:15092]
2025-09-29 07:14:54,531 [main] INFO  impl.MiniRaftCluster (MiniRaftCluster.java:start(329)) - .............................................................. 
2025-09-29 07:14:54,531 [main] INFO  impl.MiniRaftCluster (MiniRaftCluster.java:start(330)) - ... 
2025-09-29 07:14:54,531 [main] INFO  impl.MiniRaftCluster (MiniRaftCluster.java:start(331)) - ...     Starting MiniRaftClusterWithGrpc
2025-09-29 07:14:54,531 [main] INFO  impl.MiniRaftCluster (MiniRaftCluster.java:start(332)) - ... 
2025-09-29 07:14:54,531 [main] INFO  impl.MiniRaftCluster (MiniRaftCluster.java:start(333)) - .............................................................. 
2025-09-29 07:14:54,532 [main] INFO  impl.MiniRaftCluster (MiniRaftCluster.java:initServers(308)) - servers = {}
2025-09-29 07:14:54,532 [main] INFO  impl.MiniRaftCluster (MiniRaftCluster.java:newRaftServer(375)) - newRaftServer: s0, group-838139DA6374:[s0|localhost:15084, s1|localhost:15088, s2|localhost:15092], format? true
2025-09-29 07:14:54,532 [main] TRACE util.FileUtils (FileUtils.java:deleteFully(355)) - deleteFully target/test/data/6b14e155/MiniRaftClusterWithGrpcfb4bdedf/s0
2025-09-29 07:14:54,532 [main] TRACE util.FileUtils (FileUtils.java:deleteFully(368)) - deleteFully: target/test/data/6b14e155/MiniRaftClusterWithGrpcfb4bdedf/s0 does not exist.
2025-09-29 07:14:54,533 [main] INFO  impl.MiniRaftCluster (MiniRaftCluster.java:newRaftServer(380)) - Formatted directory target/test/data/6b14e155/MiniRaftClusterWithGrpcfb4bdedf/s0
2025-09-29 07:14:54,533 [main] INFO  server.RaftServer (VersionInfo.java:printStartupMessages(132)) - Starting Apache Ratis Test -- RaftServerProxy s0
2025-09-29 07:14:54,533 [main] INFO  server.RaftServer (VersionInfo.java:printStartupMessages(136)) -                version: 3.1.3
2025-09-29 07:14:54,534 [main] INFO  server.RaftServer (VersionInfo.java:printStartupMessages(136)) -                    url: https://github.com/apache/ratis
2025-09-29 07:14:54,534 [main] INFO  server.RaftServer (VersionInfo.java:printStartupMessages(136)) -               revision: d902c593e11de03b157527cf3ee9a12cdd9ad451
2025-09-29 07:14:54,534 [main] INFO  server.RaftServer (VersionInfo.java:printStartupMessages(139)) -                   java: OpenJDK 64-Bit Server VM 1.8.0_462-b08
2025-09-29 07:14:54,534 [main] INFO  server.RaftServer (VersionInfo.java:printStartupMessages(139)) -                   user: runner
2025-09-29 07:14:54,534 [main] INFO  grpc.GrpcConfigKeys (ConfUtils.java:logFallback(69)) - raft.grpc.admin.host = null (fallback to raft.grpc.server.host)
2025-09-29 07:14:54,535 [main] INFO  grpc.GrpcConfigKeys (ConfUtils.java:logGet(62)) - raft.grpc.admin.port = 15085 (custom)
2025-09-29 07:14:54,535 [main] INFO  grpc.GrpcConfigKeys (ConfUtils.java:logFallback(69)) - raft.grpc.client.host = null (fallback to raft.grpc.server.host)
2025-09-29 07:14:54,535 [main] INFO  grpc.GrpcConfigKeys (ConfUtils.java:logGet(62)) - raft.grpc.client.port = 15086 (custom)
2025-09-29 07:14:54,535 [main] INFO  grpc.GrpcConfigKeys (ConfUtils.java:logGet(62)) - raft.grpc.server.port = 15084 (custom)
2025-09-29 07:14:54,537 [main] INFO  server.RaftServerConfigKeys (ConfUtils.java:logGet(62)) - raft.server.storage.dir = [/home/runner/work/ratis/ratis/ratis-test/target/test/data/6b14e155/MiniRaftClusterWithGrpcfb4bdedf/s0] (custom)
2025-09-29 07:14:54,538 [main] INFO  server.RaftServer (RaftServerProxy.java:addNew(106)) - s0: addNew group-838139DA6374:[s0|localhost:15084, s1|localhost:15088, s2|localhost:15092] returns group-838139DA6374:java.util.concurrent.CompletableFuture@1331d6fd[Not completed]
2025-09-29 07:14:54,538 [s0-groupManagement] INFO  server.RaftServer$Division (RaftServerImpl.java:<init>(268)) - s0: new RaftServerImpl for group-838139DA6374:[s0|localhost:15084, s1|localhost:15088, s2|localhost:15092] with CounterStateMachine-22:uninitialized
2025-09-29 07:14:54,538 [main] INFO  impl.MiniRaftCluster (MiniRaftCluster.java:newRaftServer(375)) - newRaftServer: s1, group-838139DA6374:[s0|localhost:15084, s1|localhost:15088, s2|localhost:15092], format? true
2025-09-29 07:14:54,539 [main] TRACE util.FileUtils (FileUtils.java:deleteFully(355)) - deleteFully target/test/data/6b14e155/MiniRaftClusterWithGrpcfb4bdedf/s1
2025-09-29 07:14:54,538 [s0-groupManagement] INFO  server.RaftServer$Division (ServerState.java:<init>(114)) - s0@group-838139DA6374: ConfigurationManager, init=conf: {index: -1, cur=peers:[s0|localhost:15084, s1|localhost:15088, s2|localhost:15092]|listeners:[], old=null}, confs=<EMPTY_MAP>
2025-09-29 07:14:54,539 [main] TRACE util.FileUtils (FileUtils.java:deleteFully(368)) - deleteFully: target/test/data/6b14e155/MiniRaftClusterWithGrpcfb4bdedf/s1 does not exist.
2025-09-29 07:14:54,539 [main] INFO  impl.MiniRaftCluster (MiniRaftCluster.java:newRaftServer(380)) - Formatted directory target/test/data/6b14e155/MiniRaftClusterWithGrpcfb4bdedf/s1
2025-09-29 07:14:54,540 [main] INFO  server.RaftServer (VersionInfo.java:printStartupMessages(132)) - Starting Apache Ratis Test -- RaftServerProxy s1
2025-09-29 07:14:54,540 [main] INFO  server.RaftServer (VersionInfo.java:printStartupMessages(136)) -                version: 3.1.3
2025-09-29 07:14:54,540 [main] INFO  server.RaftServer (VersionInfo.java:printStartupMessages(136)) -                    url: https://github.com/apache/ratis
2025-09-29 07:14:54,540 [main] INFO  server.RaftServer (VersionInfo.java:printStartupMessages(136)) -               revision: d902c593e11de03b157527cf3ee9a12cdd9ad451
2025-09-29 07:14:54,541 [main] INFO  server.RaftServer (VersionInfo.java:printStartupMessages(139)) -                   java: OpenJDK 64-Bit Server VM 1.8.0_462-b08
2025-09-29 07:14:54,541 [main] INFO  server.RaftServer (VersionInfo.java:printStartupMessages(139)) -                   user: runner
2025-09-29 07:14:54,541 [main] INFO  grpc.GrpcConfigKeys (ConfUtils.java:logFallback(69)) - raft.grpc.admin.host = null (fallback to raft.grpc.server.host)
2025-09-29 07:14:54,541 [main] INFO  grpc.GrpcConfigKeys (ConfUtils.java:logGet(62)) - raft.grpc.admin.port = 15089 (custom)
2025-09-29 07:14:54,541 [main] INFO  grpc.GrpcConfigKeys (ConfUtils.java:logFallback(69)) - raft.grpc.client.host = null (fallback to raft.grpc.server.host)
2025-09-29 07:14:54,542 [main] INFO  grpc.GrpcConfigKeys (ConfUtils.java:logGet(62)) - raft.grpc.client.port = 15090 (custom)
2025-09-29 07:14:54,542 [main] INFO  grpc.GrpcConfigKeys (ConfUtils.java:logGet(62)) - raft.grpc.server.port = 15088 (custom)
2025-09-29 07:14:54,543 [main] INFO  server.RaftServerConfigKeys (ConfUtils.java:logGet(62)) - raft.server.storage.dir = [/home/runner/work/ratis/ratis/ratis-test/target/test/data/6b14e155/MiniRaftClusterWithGrpcfb4bdedf/s1] (custom)
2025-09-29 07:14:54,544 [main] INFO  server.RaftServer (RaftServerProxy.java:addNew(106)) - s1: addNew group-838139DA6374:[s0|localhost:15084, s1|localhost:15088, s2|localhost:15092] returns group-838139DA6374:java.util.concurrent.CompletableFuture@6cbb6c41[Not completed]
2025-09-29 07:14:54,544 [main] INFO  impl.MiniRaftCluster (MiniRaftCluster.java:newRaftServer(375)) - newRaftServer: s2, group-838139DA6374:[s0|localhost:15084, s1|localhost:15088, s2|localhost:15092], format? true
2025-09-29 07:14:54,544 [main] TRACE util.FileUtils (FileUtils.java:deleteFully(355)) - deleteFully target/test/data/6b14e155/MiniRaftClusterWithGrpcfb4bdedf/s2
2025-09-29 07:14:54,545 [main] TRACE util.FileUtils (FileUtils.java:deleteFully(368)) - deleteFully: target/test/data/6b14e155/MiniRaftClusterWithGrpcfb4bdedf/s2 does not exist.
2025-09-29 07:14:54,545 [main] INFO  impl.MiniRaftCluster (MiniRaftCluster.java:newRaftServer(380)) - Formatted directory target/test/data/6b14e155/MiniRaftClusterWithGrpcfb4bdedf/s2
2025-09-29 07:14:54,544 [s1-groupManagement] INFO  server.RaftServer$Division (RaftServerImpl.java:<init>(268)) - s1: new RaftServerImpl for group-838139DA6374:[s0|localhost:15084, s1|localhost:15088, s2|localhost:15092] with CounterStateMachine-23:uninitialized
2025-09-29 07:14:54,545 [main] INFO  server.RaftServer (VersionInfo.java:printStartupMessages(132)) - Starting Apache Ratis Test -- RaftServerProxy s2
2025-09-29 07:14:54,545 [main] INFO  server.RaftServer (VersionInfo.java:printStartupMessages(136)) -                version: 3.1.3
2025-09-29 07:14:54,546 [main] INFO  server.RaftServer (VersionInfo.java:printStartupMessages(136)) -                    url: https://github.com/apache/ratis
2025-09-29 07:14:54,546 [main] INFO  server.RaftServer (VersionInfo.java:printStartupMessages(136)) -               revision: d902c593e11de03b157527cf3ee9a12cdd9ad451
2025-09-29 07:14:54,546 [main] INFO  server.RaftServer (VersionInfo.java:printStartupMessages(139)) -                   java: OpenJDK 64-Bit Server VM 1.8.0_462-b08
2025-09-29 07:14:54,546 [main] INFO  server.RaftServer (VersionInfo.java:printStartupMessages(139)) -                   user: runner
2025-09-29 07:14:54,545 [s1-groupManagement] INFO  server.RaftServer$Division (ServerState.java:<init>(114)) - s1@group-838139DA6374: ConfigurationManager, init=conf: {index: -1, cur=peers:[s0|localhost:15084, s1|localhost:15088, s2|localhost:15092]|listeners:[], old=null}, confs=<EMPTY_MAP>
2025-09-29 07:14:54,546 [main] INFO  grpc.GrpcConfigKeys (ConfUtils.java:logFallback(69)) - raft.grpc.admin.host = null (fallback to raft.grpc.server.host)
2025-09-29 07:14:54,547 [main] INFO  grpc.GrpcConfigKeys (ConfUtils.java:logGet(62)) - raft.grpc.admin.port = 15093 (custom)
2025-09-29 07:14:54,547 [main] INFO  grpc.GrpcConfigKeys (ConfUtils.java:logFallback(69)) - raft.grpc.client.host = null (fallback to raft.grpc.server.host)
2025-09-29 07:14:54,547 [main] INFO  grpc.GrpcConfigKeys (ConfUtils.java:logGet(62)) - raft.grpc.client.port = 15094 (custom)
2025-09-29 07:14:54,547 [main] INFO  grpc.GrpcConfigKeys (ConfUtils.java:logGet(62)) - raft.grpc.server.port = 15092 (custom)
2025-09-29 07:14:54,549 [main] INFO  server.RaftServerConfigKeys (ConfUtils.java:logGet(62)) - raft.server.storage.dir = [/home/runner/work/ratis/ratis/ratis-test/target/test/data/6b14e155/MiniRaftClusterWithGrpcfb4bdedf/s2] (custom)
2025-09-29 07:14:54,550 [main] INFO  server.RaftServer (RaftServerProxy.java:addNew(106)) - s2: addNew group-838139DA6374:[s0|localhost:15084, s1|localhost:15088, s2|localhost:15092] returns group-838139DA6374:java.util.concurrent.CompletableFuture@42e4431[Not completed]
2025-09-29 07:14:54,550 [s2-groupManagement] INFO  server.RaftServer$Division (RaftServerImpl.java:<init>(268)) - s2: new RaftServerImpl for group-838139DA6374:[s0|localhost:15084, s1|localhost:15088, s2|localhost:15092] with CounterStateMachine-24:uninitialized
2025-09-29 07:14:54,550 [s2-groupManagement] INFO  server.RaftServer$Division (ServerState.java:<init>(114)) - s2@group-838139DA6374: ConfigurationManager, init=conf: {index: -1, cur=peers:[s0|localhost:15084, s1|localhost:15088, s2|localhost:15092]|listeners:[], old=null}, confs=<EMPTY_MAP>
2025-09-29 07:14:54,550 [s0-impl-thread1] INFO  server.RaftServerConfigKeys (ConfUtils.java:logGet(62)) - raft.server.storage.dir = [/home/runner/work/ratis/ratis/ratis-test/target/test/data/6b14e155/MiniRaftClusterWithGrpcfb4bdedf/s0] (custom)
2025-09-29 07:14:54,550 [s0-impl-thread1] INFO  storage.RaftStorageDirectory (RaftStorageDirectoryImpl.java:analyzeStorage(138)) - The storage directory /home/runner/work/ratis/ratis/ratis-test/target/test/data/6b14e155/MiniRaftClusterWithGrpcfb4bdedf/s0/8ced62b2-60d1-4832-91fa-838139da6374 does not exist. Creating ...
2025-09-29 07:14:54,551 [s0-impl-thread1] TRACE util.FileUtils (LogUtils.java:runAndLog(49)) - Successfully ran Files.createDirectories /home/runner/work/ratis/ratis/ratis-test/target/test/data/6b14e155/MiniRaftClusterWithGrpcfb4bdedf/s0/8ced62b2-60d1-4832-91fa-838139da6374
2025-09-29 07:14:54,552 [s0-impl-thread1] INFO  storage.RaftStorageDirectory (RaftStorageDirectoryImpl.java:tryLock(229)) - Lock on /home/runner/work/ratis/ratis/ratis-test/target/test/data/6b14e155/MiniRaftClusterWithGrpcfb4bdedf/s0/8ced62b2-60d1-4832-91fa-838139da6374/in_use.lock acquired by nodename 24167@runnervm3ublj
2025-09-29 07:14:54,552 [s0-impl-thread1] TRACE util.FileUtils (LogUtils.java:runAndLog(49)) - Successfully ran Files.createDirectories /home/runner/work/ratis/ratis/ratis-test/target/test/data/6b14e155/MiniRaftClusterWithGrpcfb4bdedf/s0/8ced62b2-60d1-4832-91fa-838139da6374/current
2025-09-29 07:14:54,552 [s0-impl-thread1] TRACE util.FileUtils (LogUtils.java:runAndLog(49)) - Successfully ran Files.createDirectories /home/runner/work/ratis/ratis/ratis-test/target/test/data/6b14e155/MiniRaftClusterWithGrpcfb4bdedf/s0/8ced62b2-60d1-4832-91fa-838139da6374/sm
2025-09-29 07:14:54,552 [s0-impl-thread1] TRACE util.FileUtils (LogUtils.java:supplyAndLog(69)) - Successfully supplied FileChannel.open /home/runner/work/ratis/ratis/ratis-test/target/test/data/6b14e155/MiniRaftClusterWithGrpcfb4bdedf/s0/8ced62b2-60d1-4832-91fa-838139da6374/current/raft-meta.tmp with options [CREATE, TRUNCATE_EXISTING, WRITE]: sun.nio.ch.FileChannelImpl@1b473c95
2025-09-29 07:14:54,553 [s0-impl-thread1] TRACE util.FileUtils (LogUtils.java:runAndLog(49)) - Successfully ran Atomic Files.move /home/runner/work/ratis/ratis/ratis-test/target/test/data/6b14e155/MiniRaftClusterWithGrpcfb4bdedf/s0/8ced62b2-60d1-4832-91fa-838139da6374/current/raft-meta.tmp to /home/runner/work/ratis/ratis/ratis-test/target/test/data/6b14e155/MiniRaftClusterWithGrpcfb4bdedf/s0/8ced62b2-60d1-4832-91fa-838139da6374/current/raft-meta with options [REPLACE_EXISTING]
2025-09-29 07:14:54,553 [s0-impl-thread1] INFO  storage.RaftStorage (RaftStorageImpl.java:format(98)) - Storage directory /home/runner/work/ratis/ratis/ratis-test/target/test/data/6b14e155/MiniRaftClusterWithGrpcfb4bdedf/s0/8ced62b2-60d1-4832-91fa-838139da6374 has been successfully formatted.
2025-09-29 07:14:54,553 [s0-impl-thread1] INFO  server.RaftServer$Division (ServerState.java:getSnapshotIndexFromStateMachine(154)) - s0@group-838139DA6374: getLatestSnapshot(CounterStateMachine-22:s0:group-838139DA6374) returns null
2025-09-29 07:14:54,554 [s0-impl-thread1] INFO  raftlog.RaftLog (RaftLogBase.java:<init>(90)) - s0@group-838139DA6374-SegmentedRaftLog: snapshotIndexFromStateMachine = -1
2025-09-29 07:14:54,554 [s0-impl-thread1] INFO  util.AwaitToRun (AwaitToRun.java:start(81)) - Thread[s0@group-838139DA6374-cacheEviction-AwaitToRun,5,main] started
2025-09-29 07:14:54,554 [s0-impl-thread1] INFO  segmented.SegmentedRaftLogWorker (SegmentedRaftLogWorker.java:<init>(190)) - new s0@group-838139DA6374-SegmentedRaftLogWorker for RaftStorageImpl:Storage Directory /home/runner/work/ratis/ratis/ratis-test/target/test/data/6b14e155/MiniRaftClusterWithGrpcfb4bdedf/s0/8ced62b2-60d1-4832-91fa-838139da6374
2025-09-29 07:14:54,555 [s0-impl-thread1] INFO  segmented.SegmentedRaftLogWorker (SegmentedRaftLogWorker.java:lambda$new$0(141)) - s0@group-838139DA6374-SegmentedRaftLogWorker: flushIndex: setUnconditionally 0 -> -1
2025-09-29 07:14:54,555 [s0-impl-thread1] INFO  segmented.SegmentedRaftLogWorker (SegmentedRaftLogWorker.java:lambda$new$0(141)) - s0@group-838139DA6374-SegmentedRaftLogWorker: safeCacheEvictIndex: setUnconditionally 0 -> -1
2025-09-29 07:14:54,556 [s0-impl-thread1] INFO  server.RaftServer$Division (RaftServerImpl.java:start(405)) - s0@group-838139DA6374: start as a follower, conf=conf: {index: -1, cur=peers:[s0|localhost:15084, s1|localhost:15088, s2|localhost:15092]|listeners:[], old=null}
2025-09-29 07:14:54,556 [s0-impl-thread1] INFO  server.RaftServer$Division (RaftServerImpl.java:setRole(392)) - s0@group-838139DA6374: changes role from      null to FOLLOWER at term 0 for startAsFollower
2025-09-29 07:14:54,556 [s0-impl-thread1] INFO  impl.RoleInfo (RoleInfo.java:updateAndGet(148)) - s0: start s0@group-838139DA6374-FollowerState
2025-09-29 07:14:54,556 [s0@group-838139DA6374-FollowerState] INFO  server.RaftServerConfigKeys (ConfUtils.java:logFallback(69)) - raft.server.rpc.first-election.timeout.min = 150ms (fallback to raft.server.rpc.timeout.min)
2025-09-29 07:14:54,556 [s0-impl-thread1] INFO  util.JmxRegister (JmxRegister.java:tryRegister(44)) - Successfully registered JMX Bean with object name Ratis:service=RaftServer,group=group-838139DA6374,id=s0
2025-09-29 07:14:54,556 [s0-impl-thread1] INFO  util.JmxRegister (JmxRegister.java:register(58)) - register mxBean class org.apache.ratis.server.impl.RaftServerJmxAdapter as Ratis:service=RaftServer,group=group-838139DA6374,id=s0
2025-09-29 07:14:54,556 [s0@group-838139DA6374-FollowerState] INFO  server.RaftServerConfigKeys (ConfUtils.java:logFallback(69)) - raft.server.rpc.first-election.timeout.max = 300ms (fallback to raft.server.rpc.timeout.max)
2025-09-29 07:14:54,556 [s0-impl-thread1] INFO  server.RaftServer$Division (RaftServerImpl.java:start(419)) - s0@group-838139DA6374: Successfully started.
2025-09-29 07:14:54,556 [main] INFO  server.RaftServer (RaftServerProxy.java:startImpl(415)) - s0: start RPC server
2025-09-29 07:14:54,557 [main] INFO  server.GrpcServicesImpl (GrpcServicesImpl.java:startImpl(338)) - s0: GrpcServicesImpl started, listening on 15086
2025-09-29 07:14:54,557 [main] INFO  server.GrpcServicesImpl (GrpcServicesImpl.java:startImpl(338)) - s0: GrpcServicesImpl started, listening on 15084
2025-09-29 07:14:54,558 [main] INFO  server.GrpcServicesImpl (GrpcServicesImpl.java:startImpl(338)) - s0: GrpcServicesImpl started, listening on 15085
2025-09-29 07:14:54,558 [JvmPauseMonitor21] INFO  util.JvmPauseMonitor (JvmPauseMonitor.java:run(146)) - JvmPauseMonitor-s0: Started
2025-09-29 07:14:54,558 [s1-impl-thread1] INFO  server.RaftServerConfigKeys (ConfUtils.java:logGet(62)) - raft.server.storage.dir = [/home/runner/work/ratis/ratis/ratis-test/target/test/data/6b14e155/MiniRaftClusterWithGrpcfb4bdedf/s1] (custom)
2025-09-29 07:14:54,559 [s1-impl-thread1] INFO  storage.RaftStorageDirectory (RaftStorageDirectoryImpl.java:analyzeStorage(138)) - The storage directory /home/runner/work/ratis/ratis/ratis-test/target/test/data/6b14e155/MiniRaftClusterWithGrpcfb4bdedf/s1/8ced62b2-60d1-4832-91fa-838139da6374 does not exist. Creating ...
2025-09-29 07:14:54,559 [s1-impl-thread1] TRACE util.FileUtils (LogUtils.java:runAndLog(49)) - Successfully ran Files.createDirectories /home/runner/work/ratis/ratis/ratis-test/target/test/data/6b14e155/MiniRaftClusterWithGrpcfb4bdedf/s1/8ced62b2-60d1-4832-91fa-838139da6374
2025-09-29 07:14:54,560 [s1-impl-thread1] INFO  storage.RaftStorageDirectory (RaftStorageDirectoryImpl.java:tryLock(229)) - Lock on /home/runner/work/ratis/ratis/ratis-test/target/test/data/6b14e155/MiniRaftClusterWithGrpcfb4bdedf/s1/8ced62b2-60d1-4832-91fa-838139da6374/in_use.lock acquired by nodename 24167@runnervm3ublj
2025-09-29 07:14:54,560 [s1-impl-thread1] TRACE util.FileUtils (LogUtils.java:runAndLog(49)) - Successfully ran Files.createDirectories /home/runner/work/ratis/ratis/ratis-test/target/test/data/6b14e155/MiniRaftClusterWithGrpcfb4bdedf/s1/8ced62b2-60d1-4832-91fa-838139da6374/current
2025-09-29 07:14:54,560 [s1-impl-thread1] TRACE util.FileUtils (LogUtils.java:runAndLog(49)) - Successfully ran Files.createDirectories /home/runner/work/ratis/ratis/ratis-test/target/test/data/6b14e155/MiniRaftClusterWithGrpcfb4bdedf/s1/8ced62b2-60d1-4832-91fa-838139da6374/sm
2025-09-29 07:14:54,560 [s1-impl-thread1] TRACE util.FileUtils (LogUtils.java:supplyAndLog(69)) - Successfully supplied FileChannel.open /home/runner/work/ratis/ratis/ratis-test/target/test/data/6b14e155/MiniRaftClusterWithGrpcfb4bdedf/s1/8ced62b2-60d1-4832-91fa-838139da6374/current/raft-meta.tmp with options [CREATE, TRUNCATE_EXISTING, WRITE]: sun.nio.ch.FileChannelImpl@69177d70
2025-09-29 07:14:54,561 [s1-impl-thread1] TRACE util.FileUtils (LogUtils.java:runAndLog(49)) - Successfully ran Atomic Files.move /home/runner/work/ratis/ratis/ratis-test/target/test/data/6b14e155/MiniRaftClusterWithGrpcfb4bdedf/s1/8ced62b2-60d1-4832-91fa-838139da6374/current/raft-meta.tmp to /home/runner/work/ratis/ratis/ratis-test/target/test/data/6b14e155/MiniRaftClusterWithGrpcfb4bdedf/s1/8ced62b2-60d1-4832-91fa-838139da6374/current/raft-meta with options [REPLACE_EXISTING]
2025-09-29 07:14:54,561 [s1-impl-thread1] INFO  storage.RaftStorage (RaftStorageImpl.java:format(98)) - Storage directory /home/runner/work/ratis/ratis/ratis-test/target/test/data/6b14e155/MiniRaftClusterWithGrpcfb4bdedf/s1/8ced62b2-60d1-4832-91fa-838139da6374 has been successfully formatted.
2025-09-29 07:14:54,561 [s1-impl-thread1] INFO  server.RaftServer$Division (ServerState.java:getSnapshotIndexFromStateMachine(154)) - s1@group-838139DA6374: getLatestSnapshot(CounterStateMachine-23:s1:group-838139DA6374) returns null
2025-09-29 07:14:54,561 [s1-impl-thread1] INFO  raftlog.RaftLog (RaftLogBase.java:<init>(90)) - s1@group-838139DA6374-SegmentedRaftLog: snapshotIndexFromStateMachine = -1
2025-09-29 07:14:54,562 [s1-impl-thread1] INFO  util.AwaitToRun (AwaitToRun.java:start(81)) - Thread[s1@group-838139DA6374-cacheEviction-AwaitToRun,5,main] started
2025-09-29 07:14:54,562 [s1-impl-thread1] INFO  segmented.SegmentedRaftLogWorker (SegmentedRaftLogWorker.java:<init>(190)) - new s1@group-838139DA6374-SegmentedRaftLogWorker for RaftStorageImpl:Storage Directory /home/runner/work/ratis/ratis/ratis-test/target/test/data/6b14e155/MiniRaftClusterWithGrpcfb4bdedf/s1/8ced62b2-60d1-4832-91fa-838139da6374
2025-09-29 07:14:54,563 [s1-impl-thread1] INFO  segmented.SegmentedRaftLogWorker (SegmentedRaftLogWorker.java:lambda$new$0(141)) - s1@group-838139DA6374-SegmentedRaftLogWorker: flushIndex: setUnconditionally 0 -> -1
2025-09-29 07:14:54,563 [s1-impl-thread1] INFO  segmented.SegmentedRaftLogWorker (SegmentedRaftLogWorker.java:lambda$new$0(141)) - s1@group-838139DA6374-SegmentedRaftLogWorker: safeCacheEvictIndex: setUnconditionally 0 -> -1
2025-09-29 07:14:54,563 [s1-impl-thread1] INFO  server.RaftServer$Division (RaftServerImpl.java:start(405)) - s1@group-838139DA6374: start as a follower, conf=conf: {index: -1, cur=peers:[s0|localhost:15084, s1|localhost:15088, s2|localhost:15092]|listeners:[], old=null}
2025-09-29 07:14:54,563 [s1-impl-thread1] INFO  server.RaftServer$Division (RaftServerImpl.java:setRole(392)) - s1@group-838139DA6374: changes role from      null to FOLLOWER at term 0 for startAsFollower
2025-09-29 07:14:54,563 [s1-impl-thread1] INFO  impl.RoleInfo (RoleInfo.java:updateAndGet(148)) - s1: start s1@group-838139DA6374-FollowerState
2025-09-29 07:14:54,564 [s1@group-838139DA6374-FollowerState] INFO  server.RaftServerConfigKeys (ConfUtils.java:logFallback(69)) - raft.server.rpc.first-election.timeout.min = 150ms (fallback to raft.server.rpc.timeout.min)
2025-09-29 07:14:54,564 [s1-impl-thread1] INFO  util.JmxRegister (JmxRegister.java:tryRegister(44)) - Successfully registered JMX Bean with object name Ratis:service=RaftServer,group=group-838139DA6374,id=s1
2025-09-29 07:14:54,564 [s1-impl-thread1] INFO  util.JmxRegister (JmxRegister.java:register(58)) - register mxBean class org.apache.ratis.server.impl.RaftServerJmxAdapter as Ratis:service=RaftServer,group=group-838139DA6374,id=s1
2025-09-29 07:14:54,564 [s1@group-838139DA6374-FollowerState] INFO  server.RaftServerConfigKeys (ConfUtils.java:logFallback(69)) - raft.server.rpc.first-election.timeout.max = 300ms (fallback to raft.server.rpc.timeout.max)
2025-09-29 07:14:54,564 [s1-impl-thread1] INFO  server.RaftServer$Division (RaftServerImpl.java:start(419)) - s1@group-838139DA6374: Successfully started.
2025-09-29 07:14:54,564 [main] INFO  server.RaftServer (RaftServerProxy.java:startImpl(415)) - s1: start RPC server
2025-09-29 07:14:54,565 [main] INFO  server.GrpcServicesImpl (GrpcServicesImpl.java:startImpl(338)) - s1: GrpcServicesImpl started, listening on 15090
2025-09-29 07:14:54,565 [main] INFO  server.GrpcServicesImpl (GrpcServicesImpl.java:startImpl(338)) - s1: GrpcServicesImpl started, listening on 15088
2025-09-29 07:14:54,566 [main] INFO  server.GrpcServicesImpl (GrpcServicesImpl.java:startImpl(338)) - s1: GrpcServicesImpl started, listening on 15089
2025-09-29 07:14:54,566 [JvmPauseMonitor22] INFO  util.JvmPauseMonitor (JvmPauseMonitor.java:run(146)) - JvmPauseMonitor-s1: Started
2025-09-29 07:14:54,566 [s2-impl-thread1] INFO  server.RaftServerConfigKeys (ConfUtils.java:logGet(62)) - raft.server.storage.dir = [/home/runner/work/ratis/ratis/ratis-test/target/test/data/6b14e155/MiniRaftClusterWithGrpcfb4bdedf/s2] (custom)
2025-09-29 07:14:54,566 [s2-impl-thread1] INFO  storage.RaftStorageDirectory (RaftStorageDirectoryImpl.java:analyzeStorage(138)) - The storage directory /home/runner/work/ratis/ratis/ratis-test/target/test/data/6b14e155/MiniRaftClusterWithGrpcfb4bdedf/s2/8ced62b2-60d1-4832-91fa-838139da6374 does not exist. Creating ...
2025-09-29 07:14:54,567 [s2-impl-thread1] TRACE util.FileUtils (LogUtils.java:runAndLog(49)) - Successfully ran Files.createDirectories /home/runner/work/ratis/ratis/ratis-test/target/test/data/6b14e155/MiniRaftClusterWithGrpcfb4bdedf/s2/8ced62b2-60d1-4832-91fa-838139da6374
2025-09-29 07:14:54,567 [s2-impl-thread1] INFO  storage.RaftStorageDirectory (RaftStorageDirectoryImpl.java:tryLock(229)) - Lock on /home/runner/work/ratis/ratis/ratis-test/target/test/data/6b14e155/MiniRaftClusterWithGrpcfb4bdedf/s2/8ced62b2-60d1-4832-91fa-838139da6374/in_use.lock acquired by nodename 24167@runnervm3ublj
2025-09-29 07:14:54,567 [s2-impl-thread1] TRACE util.FileUtils (LogUtils.java:runAndLog(49)) - Successfully ran Files.createDirectories /home/runner/work/ratis/ratis/ratis-test/target/test/data/6b14e155/MiniRaftClusterWithGrpcfb4bdedf/s2/8ced62b2-60d1-4832-91fa-838139da6374/current
2025-09-29 07:14:54,568 [s2-impl-thread1] TRACE util.FileUtils (LogUtils.java:runAndLog(49)) - Successfully ran Files.createDirectories /home/runner/work/ratis/ratis/ratis-test/target/test/data/6b14e155/MiniRaftClusterWithGrpcfb4bdedf/s2/8ced62b2-60d1-4832-91fa-838139da6374/sm
2025-09-29 07:14:54,568 [s2-impl-thread1] TRACE util.FileUtils (LogUtils.java:supplyAndLog(69)) - Successfully supplied FileChannel.open /home/runner/work/ratis/ratis/ratis-test/target/test/data/6b14e155/MiniRaftClusterWithGrpcfb4bdedf/s2/8ced62b2-60d1-4832-91fa-838139da6374/current/raft-meta.tmp with options [CREATE, TRUNCATE_EXISTING, WRITE]: sun.nio.ch.FileChannelImpl@16ff96bb
2025-09-29 07:14:54,568 [s2-impl-thread1] TRACE util.FileUtils (LogUtils.java:runAndLog(49)) - Successfully ran Atomic Files.move /home/runner/work/ratis/ratis/ratis-test/target/test/data/6b14e155/MiniRaftClusterWithGrpcfb4bdedf/s2/8ced62b2-60d1-4832-91fa-838139da6374/current/raft-meta.tmp to /home/runner/work/ratis/ratis/ratis-test/target/test/data/6b14e155/MiniRaftClusterWithGrpcfb4bdedf/s2/8ced62b2-60d1-4832-91fa-838139da6374/current/raft-meta with options [REPLACE_EXISTING]
2025-09-29 07:14:54,568 [s2-impl-thread1] INFO  storage.RaftStorage (RaftStorageImpl.java:format(98)) - Storage directory /home/runner/work/ratis/ratis/ratis-test/target/test/data/6b14e155/MiniRaftClusterWithGrpcfb4bdedf/s2/8ced62b2-60d1-4832-91fa-838139da6374 has been successfully formatted.
2025-09-29 07:14:54,569 [s2-impl-thread1] INFO  server.RaftServer$Division (ServerState.java:getSnapshotIndexFromStateMachine(154)) - s2@group-838139DA6374: getLatestSnapshot(CounterStateMachine-24:s2:group-838139DA6374) returns null
2025-09-29 07:14:54,569 [s2-impl-thread1] INFO  raftlog.RaftLog (RaftLogBase.java:<init>(90)) - s2@group-838139DA6374-SegmentedRaftLog: snapshotIndexFromStateMachine = -1
2025-09-29 07:14:54,569 [s2-impl-thread1] INFO  util.AwaitToRun (AwaitToRun.java:start(81)) - Thread[s2@group-838139DA6374-cacheEviction-AwaitToRun,5,main] started
2025-09-29 07:14:54,569 [s2-impl-thread1] INFO  segmented.SegmentedRaftLogWorker (SegmentedRaftLogWorker.java:<init>(190)) - new s2@group-838139DA6374-SegmentedRaftLogWorker for RaftStorageImpl:Storage Directory /home/runner/work/ratis/ratis/ratis-test/target/test/data/6b14e155/MiniRaftClusterWithGrpcfb4bdedf/s2/8ced62b2-60d1-4832-91fa-838139da6374
2025-09-29 07:14:54,572 [s2-impl-thread1] INFO  segmented.SegmentedRaftLogWorker (SegmentedRaftLogWorker.java:lambda$new$0(141)) - s2@group-838139DA6374-SegmentedRaftLogWorker: flushIndex: setUnconditionally 0 -> -1
2025-09-29 07:14:54,572 [s2-impl-thread1] INFO  segmented.SegmentedRaftLogWorker (SegmentedRaftLogWorker.java:lambda$new$0(141)) - s2@group-838139DA6374-SegmentedRaftLogWorker: safeCacheEvictIndex: setUnconditionally 0 -> -1
2025-09-29 07:14:54,572 [s2-impl-thread1] INFO  server.RaftServer$Division (RaftServerImpl.java:start(405)) - s2@group-838139DA6374: start as a follower, conf=conf: {index: -1, cur=peers:[s0|localhost:15084, s1|localhost:15088, s2|localhost:15092]|listeners:[], old=null}
2025-09-29 07:14:54,572 [s2-impl-thread1] INFO  server.RaftServer$Division (RaftServerImpl.java:setRole(392)) - s2@group-838139DA6374: changes role from      null to FOLLOWER at term 0 for startAsFollower
2025-09-29 07:14:54,572 [s2-impl-thread1] INFO  impl.RoleInfo (RoleInfo.java:updateAndGet(148)) - s2: start s2@group-838139DA6374-FollowerState
2025-09-29 07:14:54,573 [s2@group-838139DA6374-FollowerState] INFO  server.RaftServerConfigKeys (ConfUtils.java:logFallback(69)) - raft.server.rpc.first-election.timeout.min = 150ms (fallback to raft.server.rpc.timeout.min)
2025-09-29 07:14:54,573 [s2-impl-thread1] INFO  util.JmxRegister (JmxRegister.java:tryRegister(44)) - Successfully registered JMX Bean with object name Ratis:service=RaftServer,group=group-838139DA6374,id=s2
2025-09-29 07:14:54,573 [s2-impl-thread1] INFO  util.JmxRegister (JmxRegister.java:register(58)) - register mxBean class org.apache.ratis.server.impl.RaftServerJmxAdapter as Ratis:service=RaftServer,group=group-838139DA6374,id=s2
2025-09-29 07:14:54,573 [s2@group-838139DA6374-FollowerState] INFO  server.RaftServerConfigKeys (ConfUtils.java:logFallback(69)) - raft.server.rpc.first-election.timeout.max = 300ms (fallback to raft.server.rpc.timeout.max)
2025-09-29 07:14:54,573 [s2-impl-thread1] INFO  server.RaftServer$Division (RaftServerImpl.java:start(419)) - s2@group-838139DA6374: Successfully started.
2025-09-29 07:14:54,573 [main] INFO  server.RaftServer (RaftServerProxy.java:startImpl(415)) - s2: start RPC server
2025-09-29 07:14:54,574 [main] INFO  server.GrpcServicesImpl (GrpcServicesImpl.java:startImpl(338)) - s2: GrpcServicesImpl started, listening on 15094
2025-09-29 07:14:54,574 [main] INFO  server.GrpcServicesImpl (GrpcServicesImpl.java:startImpl(338)) - s2: GrpcServicesImpl started, listening on 15092
2025-09-29 07:14:54,575 [main] INFO  server.GrpcServicesImpl (GrpcServicesImpl.java:startImpl(338)) - s2: GrpcServicesImpl started, listening on 15093
2025-09-29 07:14:54,576 [JvmPauseMonitor23] INFO  util.JvmPauseMonitor (JvmPauseMonitor.java:run(146)) - JvmPauseMonitor-s2: Started
2025-09-29 07:14:54,579 [main] INFO  ratis.RaftTestUtil (RaftTestUtil.java:waitForLeader(107)) - printing ALL groups
  s0:  RUNNING  FOLLOWER (RUNNING): s0@group-838139DA6374:t0, leader=null, voted=, raftlog=Memoized:s0@group-838139DA6374-SegmentedRaftLog:OPENED:c-1:lastnull, conf=conf: {index: -1, cur=peers:[s0|localhost:15084, s1|localhost:15088, s2|localhost:15092]|listeners:[], old=null}
  s1:  RUNNING  FOLLOWER (RUNNING): s1@group-838139DA6374:t0, leader=null, voted=, raftlog=Memoized:s1@group-838139DA6374-SegmentedRaftLog:OPENED:c-1:lastnull, conf=conf: {index: -1, cur=peers:[s0|localhost:15084, s1|localhost:15088, s2|localhost:15092]|listeners:[], old=null}
  s2:  RUNNING  FOLLOWER (RUNNING): s2@group-838139DA6374:t0, leader=null, voted=, raftlog=Memoized:s2@group-838139DA6374-SegmentedRaftLog:OPENED:c-1:lastnull, conf=conf: {index: -1, cur=peers:[s0|localhost:15084, s1|localhost:15088, s2|localhost:15092]|listeners:[], old=null}
2025-09-29 07:14:54,579 [main] WARN  ratis.RaftTestUtil (RaftTestUtil.java:lambda$waitForLeader$3(126)) - Attempt #1 failed: java.lang.IllegalStateException: No leader yet : printing ALL groups
  s0:  RUNNING  FOLLOWER (RUNNING): s0@group-838139DA6374:t0, leader=null, voted=, raftlog=Memoized:s0@group-838139DA6374-SegmentedRaftLog:OPENED:c-1:lastnull, conf=conf: {index: -1, cur=peers:[s0|localhost:15084, s1|localhost:15088, s2|localhost:15092]|listeners:[], old=null}
  s1:  RUNNING  FOLLOWER (RUNNING): s1@group-838139DA6374:t0, leader=null, voted=, raftlog=Memoized:s1@group-838139DA6374-SegmentedRaftLog:OPENED:c-1:lastnull, conf=conf: {index: -1, cur=peers:[s0|localhost:15084, s1|localhost:15088, s2|localhost:15092]|listeners:[], old=null}
  s2:  RUNNING  FOLLOWER (RUNNING): s2@group-838139DA6374:t0, leader=null, voted=, raftlog=Memoized:s2@group-838139DA6374-SegmentedRaftLog:OPENED:c-1:lastnull, conf=conf: {index: -1, cur=peers:[s0|localhost:15084, s1|localhost:15088, s2|localhost:15092]|listeners:[], old=null}
2025-09-29 07:14:54,733 [s1@group-838139DA6374-FollowerState] INFO  impl.FollowerState (FollowerState.java:runImpl(161)) - s1@group-838139DA6374-FollowerState: change to CANDIDATE, lastRpcElapsedTime:169879734ns, electionTimeout:169ms
2025-09-29 07:14:54,733 [s1@group-838139DA6374-FollowerState] INFO  impl.RoleInfo (RoleInfo.java:shutdownFollowerState(121)) - s1: shutdown s1@group-838139DA6374-FollowerState
2025-09-29 07:14:54,734 [s1@group-838139DA6374-FollowerState] INFO  server.RaftServer$Division (RaftServerImpl.java:setRole(392)) - s1@group-838139DA6374: changes role from  FOLLOWER to CANDIDATE at term 0 for changeToCandidate
2025-09-29 07:14:54,734 [s1@group-838139DA6374-FollowerState] INFO  impl.RoleInfo (RoleInfo.java:updateAndGet(148)) - s1: start s1@group-838139DA6374-LeaderElection14
2025-09-29 07:14:54,735 [s1@group-838139DA6374-LeaderElection14] INFO  impl.LeaderElection (LeaderElection.java:askForVotes(448)) - s1@group-838139DA6374-LeaderElection14 PRE_VOTE round 0: submit vote requests at term 0 for conf: {index: -1, cur=peers:[s0|localhost:15084, s1|localhost:15088, s2|localhost:15092]|listeners:[], old=null}
2025-09-29 07:14:54,735 [s1@group-838139DA6374-LeaderElection14-1] INFO  server.GrpcServerProtocolClient (GrpcServerProtocolClient.java:<init>(64)) - Build channel for s0|localhost:15084
2025-09-29 07:14:54,736 [s1@group-838139DA6374-LeaderElection14-2] INFO  server.GrpcServerProtocolClient (GrpcServerProtocolClient.java:<init>(64)) - Build channel for s2|localhost:15092
2025-09-29 07:14:54,736 [s2@group-838139DA6374-FollowerState] INFO  impl.FollowerState (FollowerState.java:runImpl(161)) - s2@group-838139DA6374-FollowerState: change to CANDIDATE, lastRpcElapsedTime:163744120ns, electionTimeout:163ms
2025-09-29 07:14:54,736 [s2@group-838139DA6374-FollowerState] INFO  impl.RoleInfo (RoleInfo.java:shutdownFollowerState(121)) - s2: shutdown s2@group-838139DA6374-FollowerState
2025-09-29 07:14:54,736 [s1@group-838139DA6374-LeaderElection14] INFO  server.RaftServerConfigKeys (ConfUtils.java:logFallback(69)) - raft.server.rpc.first-election.timeout.min = 150ms (fallback to raft.server.rpc.timeout.min)
2025-09-29 07:14:54,736 [s1@group-838139DA6374-LeaderElection14] INFO  server.RaftServerConfigKeys (ConfUtils.java:logFallback(69)) - raft.server.rpc.first-election.timeout.max = 300ms (fallback to raft.server.rpc.timeout.max)
2025-09-29 07:14:54,736 [s2@group-838139DA6374-FollowerState] INFO  server.RaftServer$Division (RaftServerImpl.java:setRole(392)) - s2@group-838139DA6374: changes role from  FOLLOWER to CANDIDATE at term 0 for changeToCandidate
2025-09-29 07:14:54,738 [s2@group-838139DA6374-FollowerState] INFO  impl.RoleInfo (RoleInfo.java:updateAndGet(148)) - s2: start s2@group-838139DA6374-LeaderElection15
2025-09-29 07:14:54,738 [s2@group-838139DA6374-LeaderElection15] INFO  impl.LeaderElection (LeaderElection.java:askForVotes(448)) - s2@group-838139DA6374-LeaderElection15 PRE_VOTE round 0: submit vote requests at term 0 for conf: {index: -1, cur=peers:[s0|localhost:15084, s1|localhost:15088, s2|localhost:15092]|listeners:[], old=null}
2025-09-29 07:14:54,739 [s2@group-838139DA6374-LeaderElection15-1] INFO  server.GrpcServerProtocolClient (GrpcServerProtocolClient.java:<init>(64)) - Build channel for s0|localhost:15084
2025-09-29 07:14:54,740 [s2@group-838139DA6374-LeaderElection15-2] INFO  server.GrpcServerProtocolClient (GrpcServerProtocolClient.java:<init>(64)) - Build channel for s1|localhost:15088
2025-09-29 07:14:54,740 [s2@group-838139DA6374-LeaderElection15] INFO  server.RaftServerConfigKeys (ConfUtils.java:logFallback(69)) - raft.server.rpc.first-election.timeout.min = 150ms (fallback to raft.server.rpc.timeout.min)
2025-09-29 07:14:54,740 [s2@group-838139DA6374-LeaderElection15] INFO  server.RaftServerConfigKeys (ConfUtils.java:logFallback(69)) - raft.server.rpc.first-election.timeout.max = 300ms (fallback to raft.server.rpc.timeout.max)
2025-09-29 07:14:54,762 [grpc-default-executor-3] INFO  server.RaftServer$Division (RaftServerImpl.java:requestVote(1433)) - s2@group-838139DA6374: receive requestVote(PRE_VOTE, s1, group-838139DA6374, 0, <PROTO_DEFAULT>)
2025-09-29 07:14:54,764 [grpc-default-executor-14] INFO  server.RaftServer$Division (RaftServerImpl.java:requestVote(1433)) - s0@group-838139DA6374: receive requestVote(PRE_VOTE, s1, group-838139DA6374, 0, <PROTO_DEFAULT>)
2025-09-29 07:14:54,764 [grpc-default-executor-14] INFO  impl.VoteContext (VoteContext.java:log(49)) - s0@group-838139DA6374-FOLLOWER: accept PRE_VOTE from s1: our priority 0 <= candidate's priority 0
2025-09-29 07:14:54,765 [grpc-default-executor-14] INFO  server.RaftServer$Division (RaftServerImpl.java:requestVote(1467)) - s0@group-838139DA6374 replies to PRE_VOTE vote request: s1<-s0#0:OK-t0-last:<INITIAL_VALUE>. Peer's state: s0@group-838139DA6374:t0, leader=null, voted=, raftlog=Memoized:s0@group-838139DA6374-SegmentedRaftLog:OPENED:c-1:lastnull, conf=conf: {index: -1, cur=peers:[s0|localhost:15084, s1|localhost:15088, s2|localhost:15092]|listeners:[], old=null}
2025-09-29 07:14:54,765 [grpc-default-executor-3] INFO  impl.VoteContext (VoteContext.java:log(49)) - s2@group-838139DA6374-CANDIDATE: accept PRE_VOTE from s1: our priority 0 <= candidate's priority 0
2025-09-29 07:14:54,765 [grpc-default-executor-3] INFO  server.RaftServer$Division (RaftServerImpl.java:requestVote(1467)) - s2@group-838139DA6374 replies to PRE_VOTE vote request: s1<-s2#0:OK-t0-last:<INITIAL_VALUE>. Peer's state: s2@group-838139DA6374:t0, leader=null, voted=, raftlog=Memoized:s2@group-838139DA6374-SegmentedRaftLog:OPENED:c-1:lastnull, conf=conf: {index: -1, cur=peers:[s0|localhost:15084, s1|localhost:15088, s2|localhost:15092]|listeners:[], old=null}
2025-09-29 07:14:54,769 [s1@group-838139DA6374-LeaderElection14] INFO  impl.LeaderElection (LeaderElection.java:logAndReturn(206)) - s1@group-838139DA6374-LeaderElection14: PRE_VOTE PASSED received 1 response(s) and 0 exception(s):
2025-09-29 07:14:54,769 [s1@group-838139DA6374-LeaderElection14] INFO  impl.LeaderElection (LeaderElection.java:logAndReturn(210)) -   Response 0: s1<-s0#0:OK-t0-last:<INITIAL_VALUE>
2025-09-29 07:14:54,769 [s1@group-838139DA6374-LeaderElection14] INFO  impl.LeaderElection (LeaderElection.java:askForVotes(450)) - s1@group-838139DA6374-LeaderElection14 PRE_VOTE round 0: result PASSED
2025-09-29 07:14:54,770 [s1@group-838139DA6374-LeaderElection14] TRACE util.FileUtils (LogUtils.java:supplyAndLog(69)) - Successfully supplied FileChannel.open /home/runner/work/ratis/ratis/ratis-test/target/test/data/6b14e155/MiniRaftClusterWithGrpcfb4bdedf/s1/8ced62b2-60d1-4832-91fa-838139da6374/current/raft-meta.tmp with options [CREATE, TRUNCATE_EXISTING, WRITE]: sun.nio.ch.FileChannelImpl@7325b4c3
2025-09-29 07:14:54,771 [s1@group-838139DA6374-LeaderElection14] TRACE util.FileUtils (LogUtils.java:runAndLog(49)) - Successfully ran Atomic Files.move /home/runner/work/ratis/ratis/ratis-test/target/test/data/6b14e155/MiniRaftClusterWithGrpcfb4bdedf/s1/8ced62b2-60d1-4832-91fa-838139da6374/current/raft-meta.tmp to /home/runner/work/ratis/ratis/ratis-test/target/test/data/6b14e155/MiniRaftClusterWithGrpcfb4bdedf/s1/8ced62b2-60d1-4832-91fa-838139da6374/current/raft-meta with options [REPLACE_EXISTING]
2025-09-29 07:14:54,771 [s1@group-838139DA6374-LeaderElection14] INFO  impl.LeaderElection (LeaderElection.java:askForVotes(448)) - s1@group-838139DA6374-LeaderElection14 ELECTION round 0: submit vote requests at term 1 for conf: {index: -1, cur=peers:[s0|localhost:15084, s1|localhost:15088, s2|localhost:15092]|listeners:[], old=null}
2025-09-29 07:14:54,771 [grpc-default-executor-3] INFO  server.RaftServer$Division (RaftServerImpl.java:requestVote(1433)) - s0@group-838139DA6374: receive requestVote(PRE_VOTE, s2, group-838139DA6374, 0, <PROTO_DEFAULT>)
2025-09-29 07:14:54,774 [grpc-default-executor-14] INFO  server.RaftServer$Division (RaftServerImpl.java:requestVote(1433)) - s0@group-838139DA6374: receive requestVote(ELECTION, s1, group-838139DA6374, 1, <PROTO_DEFAULT>)
2025-09-29 07:14:54,774 [s1@group-838139DA6374-LeaderElection14] INFO  server.RaftServerConfigKeys (ConfUtils.java:logFallback(69)) - raft.server.rpc.first-election.timeout.min = 150ms (fallback to raft.server.rpc.timeout.min)
2025-09-29 07:14:54,775 [s1@group-838139DA6374-LeaderElection14] INFO  server.RaftServerConfigKeys (ConfUtils.java:logFallback(69)) - raft.server.rpc.first-election.timeout.max = 300ms (fallback to raft.server.rpc.timeout.max)
2025-09-29 07:14:54,775 [grpc-default-executor-14] INFO  impl.VoteContext (VoteContext.java:log(49)) - s0@group-838139DA6374-FOLLOWER: accept ELECTION from s1: our priority 0 <= candidate's priority 0
2025-09-29 07:14:54,776 [grpc-default-executor-14] INFO  server.RaftServer$Division (RaftServerImpl.java:setRole(392)) - s0@group-838139DA6374: changes role from  FOLLOWER to FOLLOWER at term 0 for candidate:s1
2025-09-29 07:14:54,776 [grpc-default-executor-14] INFO  impl.RoleInfo (RoleInfo.java:shutdownFollowerState(121)) - s0: shutdown s0@group-838139DA6374-FollowerState
2025-09-29 07:14:54,776 [grpc-default-executor-14] INFO  impl.RoleInfo (RoleInfo.java:updateAndGet(148)) - s0: start s0@group-838139DA6374-FollowerState
2025-09-29 07:14:54,776 [grpc-default-executor-10] INFO  server.RaftServer$Division (RaftServerImpl.java:requestVote(1433)) - s1@group-838139DA6374: receive requestVote(PRE_VOTE, s2, group-838139DA6374, 0, <PROTO_DEFAULT>)
2025-09-29 07:14:54,776 [grpc-default-executor-10] INFO  impl.VoteContext (VoteContext.java:log(49)) - s1@group-838139DA6374-CANDIDATE: accept PRE_VOTE from s2: our priority 0 <= candidate's priority 0
2025-09-29 07:14:54,776 [grpc-default-executor-10] INFO  server.RaftServer$Division (RaftServerImpl.java:requestVote(1467)) - s1@group-838139DA6374 replies to PRE_VOTE vote request: s2<-s1#0:OK-t1-last:<INITIAL_VALUE>. Peer's state: s1@group-838139DA6374:t1, leader=null, voted=s1, raftlog=Memoized:s1@group-838139DA6374-SegmentedRaftLog:OPENED:c-1:lastnull, conf=conf: {index: -1, cur=peers:[s0|localhost:15084, s1|localhost:15088, s2|localhost:15092]|listeners:[], old=null}
2025-09-29 07:14:54,776 [s0@group-838139DA6374-FollowerState] INFO  impl.FollowerState (FollowerState.java:runImpl(170)) - s0@group-838139DA6374-FollowerState was interrupted
2025-09-29 07:14:54,777 [grpc-default-executor-1] INFO  server.RaftServer$Division (RaftServerImpl.java:requestVote(1433)) - s2@group-838139DA6374: receive requestVote(ELECTION, s1, group-838139DA6374, 1, <PROTO_DEFAULT>)
2025-09-29 07:14:54,777 [grpc-default-executor-1] INFO  impl.VoteContext (VoteContext.java:log(49)) - s2@group-838139DA6374-CANDIDATE: accept ELECTION from s1: our priority 0 <= candidate's priority 0
2025-09-29 07:14:54,778 [grpc-default-executor-1] INFO  server.RaftServer$Division (RaftServerImpl.java:setRole(392)) - s2@group-838139DA6374: changes role from CANDIDATE to FOLLOWER at term 0 for candidate:s1
2025-09-29 07:14:54,778 [grpc-default-executor-1] INFO  impl.RoleInfo (RoleInfo.java:shutdownLeaderElection(141)) - s2: shutdown s2@group-838139DA6374-LeaderElection15
2025-09-29 07:14:54,778 [grpc-default-executor-1] INFO  impl.RoleInfo (RoleInfo.java:updateAndGet(148)) - s2: start s2@group-838139DA6374-FollowerState
2025-09-29 07:14:54,777 [grpc-default-executor-14] INFO  server.RaftServer$Division (RaftServerImpl.java:setFirstElection(576)) - s0@group-838139DA6374: set firstElectionSinceStartup to false for candidate:s1
2025-09-29 07:14:54,778 [grpc-default-executor-14] TRACE util.FileUtils (LogUtils.java:supplyAndLog(69)) - Successfully supplied FileChannel.open /home/runner/work/ratis/ratis/ratis-test/target/test/data/6b14e155/MiniRaftClusterWithGrpcfb4bdedf/s0/8ced62b2-60d1-4832-91fa-838139da6374/current/raft-meta.tmp with options [CREATE, TRUNCATE_EXISTING, WRITE]: sun.nio.ch.FileChannelImpl@6f3ed438
2025-09-29 07:14:54,778 [grpc-default-executor-1] INFO  server.RaftServer$Division (RaftServerImpl.java:setFirstElection(576)) - s2@group-838139DA6374: set firstElectionSinceStartup to false for candidate:s1
2025-09-29 07:14:54,779 [grpc-default-executor-1] TRACE util.FileUtils (LogUtils.java:supplyAndLog(69)) - Successfully supplied FileChannel.open /home/runner/work/ratis/ratis/ratis-test/target/test/data/6b14e155/MiniRaftClusterWithGrpcfb4bdedf/s2/8ced62b2-60d1-4832-91fa-838139da6374/current/raft-meta.tmp with options [CREATE, TRUNCATE_EXISTING, WRITE]: sun.nio.ch.FileChannelImpl@30cdd546
2025-09-29 07:14:54,778 [s2@group-838139DA6374-FollowerState] INFO  server.RaftServerConfigKeys (ConfUtils.java:logFallback(69)) - raft.server.rpc.first-election.timeout.min = 150ms (fallback to raft.server.rpc.timeout.min)
2025-09-29 07:14:54,779 [s2@group-838139DA6374-LeaderElection15] INFO  impl.LeaderElection (LeaderElection.java:logAndReturn(206)) - s2@group-838139DA6374-LeaderElection15: PRE_VOTE DISCOVERED_A_NEW_TERM (term=1) received 1 response(s) and 0 exception(s):
2025-09-29 07:14:54,779 [s2@group-838139DA6374-FollowerState] INFO  server.RaftServerConfigKeys (ConfUtils.java:logFallback(69)) - raft.server.rpc.first-election.timeout.max = 300ms (fallback to raft.server.rpc.timeout.max)
2025-09-29 07:14:54,779 [s2@group-838139DA6374-LeaderElection15] INFO  impl.LeaderElection (LeaderElection.java:logAndReturn(210)) -   Response 0: s2<-s1#0:OK-t1-last:<INITIAL_VALUE>
2025-09-29 07:14:54,779 [grpc-default-executor-14] TRACE util.FileUtils (LogUtils.java:runAndLog(49)) - Successfully ran Atomic Files.move /home/runner/work/ratis/ratis/ratis-test/target/test/data/6b14e155/MiniRaftClusterWithGrpcfb4bdedf/s0/8ced62b2-60d1-4832-91fa-838139da6374/current/raft-meta.tmp to /home/runner/work/ratis/ratis/ratis-test/target/test/data/6b14e155/MiniRaftClusterWithGrpcfb4bdedf/s0/8ced62b2-60d1-4832-91fa-838139da6374/current/raft-meta with options [REPLACE_EXISTING]
2025-09-29 07:14:54,780 [grpc-default-executor-14] INFO  server.RaftServer$Division (RaftServerImpl.java:requestVote(1467)) - s0@group-838139DA6374 replies to ELECTION vote request: s1<-s0#0:OK-t1-last:<INITIAL_VALUE>. Peer's state: s0@group-838139DA6374:t1, leader=null, voted=s1, raftlog=Memoized:s0@group-838139DA6374-SegmentedRaftLog:OPENED:c-1:lastnull, conf=conf: {index: -1, cur=peers:[s0|localhost:15084, s1|localhost:15088, s2|localhost:15092]|listeners:[], old=null}
2025-09-29 07:14:54,780 [s2@group-838139DA6374-LeaderElection15] INFO  impl.LeaderElection (LeaderElection.java:askForVotes(450)) - s2@group-838139DA6374-LeaderElection15 PRE_VOTE round 0: result DISCOVERED_A_NEW_TERM (term=1)
2025-09-29 07:14:54,780 [grpc-default-executor-3] INFO  impl.VoteContext (VoteContext.java:log(49)) - s0@group-838139DA6374-FOLLOWER: accept PRE_VOTE from s2: our priority 0 <= candidate's priority 0
2025-09-29 07:14:54,780 [grpc-default-executor-3] INFO  server.RaftServer$Division (RaftServerImpl.java:requestVote(1467)) - s0@group-838139DA6374 replies to PRE_VOTE vote request: s2<-s0#0:OK-t1-last:<INITIAL_VALUE>. Peer's state: s0@group-838139DA6374:t1, leader=null, voted=s1, raftlog=Memoized:s0@group-838139DA6374-SegmentedRaftLog:OPENED:c-1:lastnull, conf=conf: {index: -1, cur=peers:[s0|localhost:15084, s1|localhost:15088, s2|localhost:15092]|listeners:[], old=null}
2025-09-29 07:14:54,781 [s1@group-838139DA6374-LeaderElection14] INFO  impl.LeaderElection (LeaderElection.java:logAndReturn(206)) - s1@group-838139DA6374-LeaderElection14: ELECTION PASSED received 1 response(s) and 0 exception(s):
2025-09-29 07:14:54,781 [s1@group-838139DA6374-LeaderElection14] INFO  impl.LeaderElection (LeaderElection.java:logAndReturn(210)) -   Response 0: s1<-s0#0:OK-t1-last:<INITIAL_VALUE>
2025-09-29 07:14:54,782 [grpc-default-executor-1] TRACE util.FileUtils (LogUtils.java:runAndLog(49)) - Successfully ran Atomic Files.move /home/runner/work/ratis/ratis/ratis-test/target/test/data/6b14e155/MiniRaftClusterWithGrpcfb4bdedf/s2/8ced62b2-60d1-4832-91fa-838139da6374/current/raft-meta.tmp to /home/runner/work/ratis/ratis/ratis-test/target/test/data/6b14e155/MiniRaftClusterWithGrpcfb4bdedf/s2/8ced62b2-60d1-4832-91fa-838139da6374/current/raft-meta with options [REPLACE_EXISTING]
2025-09-29 07:14:54,782 [grpc-default-executor-1] INFO  server.RaftServer$Division (RaftServerImpl.java:requestVote(1467)) - s2@group-838139DA6374 replies to ELECTION vote request: s1<-s2#0:OK-t1-last:<INITIAL_VALUE>. Peer's state: s2@group-838139DA6374:t1, leader=null, voted=s1, raftlog=Memoized:s2@group-838139DA6374-SegmentedRaftLog:OPENED:c-1:lastnull, conf=conf: {index: -1, cur=peers:[s0|localhost:15084, s1|localhost:15088, s2|localhost:15092]|listeners:[], old=null}
2025-09-29 07:14:54,782 [s1@group-838139DA6374-LeaderElection14] INFO  impl.LeaderElection (LeaderElection.java:askForVotes(450)) - s1@group-838139DA6374-LeaderElection14 ELECTION round 0: result PASSED
2025-09-29 07:14:54,782 [s1@group-838139DA6374-LeaderElection14] INFO  impl.RoleInfo (RoleInfo.java:shutdownLeaderElection(141)) - s1: shutdown s1@group-838139DA6374-LeaderElection14
2025-09-29 07:14:54,782 [s1@group-838139DA6374-LeaderElection14] INFO  server.RaftServer$Division (RaftServerImpl.java:setRole(392)) - s1@group-838139DA6374: changes role from CANDIDATE to LEADER at term 1 for changeToLeader
2025-09-29 07:14:54,782 [s1@group-838139DA6374-LeaderElection14] INFO  server.RaftServerConfigKeys (ConfUtils.java:logFallback(69)) - raft.server.staging.timeout = 900ms (fallback to raft.server.rpc.timeout.max)
2025-09-29 07:14:54,784 [s1@group-838139DA6374-LeaderElection14] INFO  impl.RoleInfo (RoleInfo.java:updateAndGet(148)) - s1: start s1@group-838139DA6374-LeaderStateImpl
2025-09-29 07:14:54,784 [s1@group-838139DA6374-LeaderElection14] INFO  server.RaftServer$Division (RaftServerImpl.java:setFirstElection(576)) - s1@group-838139DA6374: set firstElectionSinceStartup to false for becomeLeader
2025-09-29 07:14:54,784 [s1@group-838139DA6374-LeaderElection14] INFO  server.RaftServer$Division (ServerState.java:setLeader(277)) - s1@group-838139DA6374: change Leader from null to s1 at term 1 for becomeLeader, leader elected after 237ms
2025-09-29 07:14:54,784 [s1@group-838139DA6374-LeaderElection14] INFO  segmented.SegmentedRaftLogWorker (SegmentedRaftLogWorker.java:startLogSegment(440)) - s1@group-838139DA6374-SegmentedRaftLogWorker: Starting segment from index:0
2025-09-29 07:14:54,784 [s1@group-838139DA6374-LeaderElection14] INFO  server.RaftServer$Division (ServerState.java:setRaftConf(391)) - s1@group-838139DA6374: set configuration conf: {index: 0, cur=peers:[s0|localhost:15084, s1|localhost:15088, s2|localhost:15092]|listeners:[], old=null}
2025-09-29 07:14:54,785 [s1@group-838139DA6374-SegmentedRaftLogWorker] INFO  segmented.BufferedWriteChannel (BufferedWriteChannel.java:open(61)) - open log_inprogress_0 at position 0
2025-09-29 07:14:54,792 [s1@group-838139DA6374-SegmentedRaftLogWorker] INFO  segmented.SegmentedRaftLogWorker (SegmentedRaftLogWorker.java:execute(647)) - s1@group-838139DA6374-SegmentedRaftLogWorker: created new log segment /home/runner/work/ratis/ratis/ratis-test/target/test/data/6b14e155/MiniRaftClusterWithGrpcfb4bdedf/s1/8ced62b2-60d1-4832-91fa-838139da6374/current/log_inprogress_0
2025-09-29 07:14:54,797 [grpc-default-executor-1] INFO  server.RaftServer$Division (ServerState.java:setLeader(277)) - s0@group-838139DA6374: change Leader from null to s1 at term 1 for appendEntries, leader elected after 257ms
2025-09-29 07:14:54,798 [grpc-default-executor-10] INFO  server.RaftServer$Division (ServerState.java:setLeader(277)) - s2@group-838139DA6374: change Leader from null to s1 at term 1 for appendEntries, leader elected after 247ms
2025-09-29 07:14:54,799 [grpc-default-executor-12] DEBUG server.RaftServer$Division (RaftServerImpl.java:logAppendEntries(1536)) - s0@group-838139DA6374: appendEntries* s1->s0#1-t1,previous=<PROTO_DEFAULT>,leaderCommit=-1,initializing? false,entries: size=1, first=(t:1, i:0), CONFIGURATIONENTRY(current:id:"s0"address:"localhost:15084"dataStreamAddress:"localhost:15087"clientAddress:"localhost:15086"adminAddress:"localhost:15085"startupRole:FOLLOWER, id:"s1"address:"localhost:15088"dataStreamAddress:"localhost:15091"clientAddress:"localhost:15090"adminAddress:"localhost:15089"startupRole:FOLLOWER, id:"s2"address:"localhost:15092"dataStreamAddress:"localhost:15095"clientAddress:"localhost:15094"adminAddress:"localhost:15093"startupRole:FOLLOWER, old:)
2025-09-29 07:14:54,799 [grpc-default-executor-2] DEBUG server.RaftServer$Division (RaftServerImpl.java:logAppendEntries(1536)) - s2@group-838139DA6374: appendEntries* s1->s2#1-t1,previous=<PROTO_DEFAULT>,leaderCommit=-1,initializing? false,entries: size=1, first=(t:1, i:0), CONFIGURATIONENTRY(current:id:"s0"address:"localhost:15084"dataStreamAddress:"localhost:15087"clientAddress:"localhost:15086"adminAddress:"localhost:15085"startupRole:FOLLOWER, id:"s1"address:"localhost:15088"dataStreamAddress:"localhost:15091"clientAddress:"localhost:15090"adminAddress:"localhost:15089"startupRole:FOLLOWER, id:"s2"address:"localhost:15092"dataStreamAddress:"localhost:15095"clientAddress:"localhost:15094"adminAddress:"localhost:15093"startupRole:FOLLOWER, old:)
2025-09-29 07:14:54,800 [grpc-default-executor-12] INFO  server.RaftServer$Division (ServerState.java:setRaftConf(391)) - s0@group-838139DA6374: set configuration conf: {index: 0, cur=peers:[s0|localhost:15084, s1|localhost:15088, s2|localhost:15092]|listeners:[], old=null}
2025-09-29 07:14:54,801 [grpc-default-executor-2] INFO  server.RaftServer$Division (ServerState.java:setRaftConf(391)) - s2@group-838139DA6374: set configuration conf: {index: 0, cur=peers:[s0|localhost:15084, s1|localhost:15088, s2|localhost:15092]|listeners:[], old=null}
2025-09-29 07:14:54,803 [s0-server-thread1] INFO  segmented.SegmentedRaftLogWorker (SegmentedRaftLogWorker.java:startLogSegment(440)) - s0@group-838139DA6374-SegmentedRaftLogWorker: Starting segment from index:0
2025-09-29 07:14:54,803 [s2-server-thread2] INFO  segmented.SegmentedRaftLogWorker (SegmentedRaftLogWorker.java:startLogSegment(440)) - s2@group-838139DA6374-SegmentedRaftLogWorker: Starting segment from index:0
2025-09-29 07:14:54,804 [s2@group-838139DA6374-SegmentedRaftLogWorker] INFO  segmented.BufferedWriteChannel (BufferedWriteChannel.java:open(61)) - open log_inprogress_0 at position 0
2025-09-29 07:14:54,807 [s0@group-838139DA6374-SegmentedRaftLogWorker] INFO  segmented.BufferedWriteChannel (BufferedWriteChannel.java:open(61)) - open log_inprogress_0 at position 0
2025-09-29 07:14:54,811 [s2@group-838139DA6374-SegmentedRaftLogWorker] INFO  segmented.SegmentedRaftLogWorker (SegmentedRaftLogWorker.java:execute(647)) - s2@group-838139DA6374-SegmentedRaftLogWorker: created new log segment /home/runner/work/ratis/ratis/ratis-test/target/test/data/6b14e155/MiniRaftClusterWithGrpcfb4bdedf/s2/8ced62b2-60d1-4832-91fa-838139da6374/current/log_inprogress_0
2025-09-29 07:14:54,812 [s2-server-thread2] DEBUG server.RaftServer$Division (RaftServerImpl.java:logAppendEntries(1536)) - s2@group-838139DA6374: appendEntries* reply s1<-s2#1:OK-t1,SUCCESS,nextIndex=1,followerCommit=-1,matchIndex=0
2025-09-29 07:14:54,814 [s1@group-838139DA6374-StateMachineUpdater] TRACE util.FileUtils (LogUtils.java:supplyAndLog(69)) - Successfully supplied FileChannel.open /home/runner/work/ratis/ratis/ratis-test/target/test/data/6b14e155/MiniRaftClusterWithGrpcfb4bdedf/s1/8ced62b2-60d1-4832-91fa-838139da6374/current/raft-meta.conf.tmp with options [CREATE, TRUNCATE_EXISTING, WRITE]: sun.nio.ch.FileChannelImpl@17930444
2025-09-29 07:14:54,814 [s0@group-838139DA6374-SegmentedRaftLogWorker] INFO  segmented.SegmentedRaftLogWorker (SegmentedRaftLogWorker.java:execute(647)) - s0@group-838139DA6374-SegmentedRaftLogWorker: created new log segment /home/runner/work/ratis/ratis/ratis-test/target/test/data/6b14e155/MiniRaftClusterWithGrpcfb4bdedf/s0/8ced62b2-60d1-4832-91fa-838139da6374/current/log_inprogress_0
2025-09-29 07:14:54,815 [s1@group-838139DA6374-StateMachineUpdater] TRACE util.FileUtils (LogUtils.java:runAndLog(49)) - Successfully ran Atomic Files.move /home/runner/work/ratis/ratis/ratis-test/target/test/data/6b14e155/MiniRaftClusterWithGrpcfb4bdedf/s1/8ced62b2-60d1-4832-91fa-838139da6374/current/raft-meta.conf.tmp to /home/runner/work/ratis/ratis/ratis-test/target/test/data/6b14e155/MiniRaftClusterWithGrpcfb4bdedf/s1/8ced62b2-60d1-4832-91fa-838139da6374/current/raft-meta.conf with options [REPLACE_EXISTING]
2025-09-29 07:14:54,815 [s1@group-838139DA6374-StateMachineUpdater] INFO  server.RaftServer$Division (LeaderStateImpl.java:checkStartIndex(309)) - Leader s1@group-838139DA6374-LeaderStateImpl is ready since appliedIndex == startIndex == 0
2025-09-29 07:14:54,815 [s0-server-thread1] DEBUG server.RaftServer$Division (RaftServerImpl.java:logAppendEntries(1536)) - s0@group-838139DA6374: appendEntries* reply s1<-s0#1:OK-t1,SUCCESS,nextIndex=1,followerCommit=-1,matchIndex=0
2025-09-29 07:14:54,890 [s2@group-838139DA6374-StateMachineUpdater] TRACE util.FileUtils (LogUtils.java:supplyAndLog(69)) - Successfully supplied FileChannel.open /home/runner/work/ratis/ratis/ratis-test/target/test/data/6b14e155/MiniRaftClusterWithGrpcfb4bdedf/s2/8ced62b2-60d1-4832-91fa-838139da6374/current/raft-meta.conf.tmp with options [CREATE, TRUNCATE_EXISTING, WRITE]: sun.nio.ch.FileChannelImpl@63479904
2025-09-29 07:14:54,892 [s2@group-838139DA6374-StateMachineUpdater] TRACE util.FileUtils (LogUtils.java:runAndLog(49)) - Successfully ran Atomic Files.move /home/runner/work/ratis/ratis/ratis-test/target/test/data/6b14e155/MiniRaftClusterWithGrpcfb4bdedf/s2/8ced62b2-60d1-4832-91fa-838139da6374/current/raft-meta.conf.tmp to /home/runner/work/ratis/ratis/ratis-test/target/test/data/6b14e155/MiniRaftClusterWithGrpcfb4bdedf/s2/8ced62b2-60d1-4832-91fa-838139da6374/current/raft-meta.conf with options [REPLACE_EXISTING]
2025-09-29 07:14:54,893 [s0@group-838139DA6374-StateMachineUpdater] TRACE util.FileUtils (LogUtils.java:supplyAndLog(69)) - Successfully supplied FileChannel.open /home/runner/work/ratis/ratis/ratis-test/target/test/data/6b14e155/MiniRaftClusterWithGrpcfb4bdedf/s0/8ced62b2-60d1-4832-91fa-838139da6374/current/raft-meta.conf.tmp with options [CREATE, TRUNCATE_EXISTING, WRITE]: sun.nio.ch.FileChannelImpl@6135ef5
2025-09-29 07:14:54,894 [s0@group-838139DA6374-StateMachineUpdater] TRACE util.FileUtils (LogUtils.java:runAndLog(49)) - Successfully ran Atomic Files.move /home/runner/work/ratis/ratis/ratis-test/target/test/data/6b14e155/MiniRaftClusterWithGrpcfb4bdedf/s0/8ced62b2-60d1-4832-91fa-838139da6374/current/raft-meta.conf.tmp to /home/runner/work/ratis/ratis/ratis-test/target/test/data/6b14e155/MiniRaftClusterWithGrpcfb4bdedf/s0/8ced62b2-60d1-4832-91fa-838139da6374/current/raft-meta.conf with options [REPLACE_EXISTING]
2025-09-29 07:14:55,030 [main] INFO  ratis.RaftTestUtil (RaftTestUtil.java:waitForLeader(131)) - printing ALL groups
  s0:  RUNNING  FOLLOWER (RUNNING): s0@group-838139DA6374:t1, leader=s1, voted=s1, raftlog=Memoized:s0@group-838139DA6374-SegmentedRaftLog:OPENED:c0:last(t:1, i:0), conf=conf: {index: 0, cur=peers:[s0|localhost:15084, s1|localhost:15088, s2|localhost:15092]|listeners:[], old=null}
  s1:  RUNNING    LEADER (RUNNING): s1@group-838139DA6374:t1, leader=s1, voted=s1, raftlog=Memoized:s1@group-838139DA6374-SegmentedRaftLog:OPENED:c0:last(t:1, i:0), conf=conf: {index: 0, cur=peers:[s0|localhost:15084, s1|localhost:15088, s2|localhost:15092]|listeners:[], old=null}
  s2:  RUNNING  FOLLOWER (RUNNING): s2@group-838139DA6374:t1, leader=s1, voted=s1, raftlog=Memoized:s2@group-838139DA6374-SegmentedRaftLog:OPENED:c0:last(t:1, i:0), conf=conf: {index: 0, cur=peers:[s0|localhost:15084, s1|localhost:15088, s2|localhost:15092]|listeners:[], old=null}
2025-09-29 07:14:55,035 [s1-client-thread1] DEBUG server.RaftServer$Division (RaftServerImpl.java:submitClientRequestAsync(939)) - s1@group-838139DA6374: receive client request(RaftClientRequest:client-DE9D94A83913->s1@group-838139DA6374, cid=99, seq=null, RW, Message:494e4352454d454e54)
2025-09-29 07:14:55,035 [s1-client-thread1] DEBUG server.RaftServer$Division (LeaderStateImpl.java:addPendingRequest(526)) - s1@group-838139DA6374-LeaderStateImpl: addPendingRequest at RaftClientRequest:client-DE9D94A83913->s1@group-838139DA6374, cid=99, seq=null, RW, Message:494e4352454d454e54, entry=(t:1, i:1), STATEMACHINELOGENTRY, WRITE: logData.size=9, stateMachineData.size=0, logEntryProtoSerializedSize=0
2025-09-29 07:14:55,036 [grpc-default-executor-12] DEBUG server.RaftServer$Division (RaftServerImpl.java:logAppendEntries(1536)) - s0@group-838139DA6374: appendEntries* s1->s0#7-t1,previous=(t:1, i:0),leaderCommit=0,initializing? false,entries: size=1, first=(t:1, i:1), STATEMACHINELOGENTRY, StateMachineLogEntryProto:99@client-DE9D94A83913
2025-09-29 07:14:55,036 [grpc-default-executor-2] DEBUG server.RaftServer$Division (RaftServerImpl.java:logAppendEntries(1536)) - s2@group-838139DA6374: appendEntries* s1->s2#5-t1,previous=(t:1, i:0),leaderCommit=0,initializing? false,entries: size=1, first=(t:1, i:1), STATEMACHINELOGENTRY, StateMachineLogEntryProto:99@client-DE9D94A83913
2025-09-29 07:14:55,037 [s2-server-thread2] DEBUG server.RaftServer$Division (RaftServerImpl.java:logAppendEntries(1536)) - s2@group-838139DA6374: appendEntries* reply s1<-s2#5:OK-t1,SUCCESS,nextIndex=2,followerCommit=0,matchIndex=1
2025-09-29 07:14:55,038 [s0-server-thread1] DEBUG server.RaftServer$Division (RaftServerImpl.java:logAppendEntries(1536)) - s0@group-838139DA6374: appendEntries* reply s1<-s0#7:OK-t1,SUCCESS,nextIndex=2,followerCommit=0,matchIndex=1
2025-09-29 07:14:55,038 [s1@group-838139DA6374-StateMachineUpdater] INFO  statemachine.StateMachine (ReadOnlyRequestTests.java:applyTransaction(375)) - receive command: INCREMENT
2025-09-29 07:14:55,042 [s1-client-thread1] DEBUG server.RaftServer$Division (RaftServerImpl.java:submitClientRequestAsync(939)) - s1@group-838139DA6374: receive client request(RaftClientRequest:client-DE9D94A83913->s1@group-838139DA6374, cid=100, seq=null, RO, Message:5155455259)
2025-09-29 07:14:55,042 [grpc-default-executor-10] DEBUG server.RaftServer$Division (RaftServerImpl.java:logAppendEntries(1536)) - s2@group-838139DA6374: appendEntries* s1->s2#6-t1,previous=(t:1, i:1),leaderCommit=1,initializing? false,entries: size=1, first=(t:1, i:2), METADATAENTRY(c:1)
2025-09-29 07:14:55,042 [s1-client-thread1] DEBUG server.RaftServer$Division (LeaderStateImpl.java:getReadIndex(1147)) - readIndex=1, readAfterWriteConsistentIndex=null
2025-09-29 07:14:55,043 [grpc-default-executor-2] DEBUG server.RaftServer$Division (RaftServerImpl.java:logAppendEntries(1536)) - s0@group-838139DA6374: appendEntries* s1->s0#8-t1,previous=(t:1, i:1),leaderCommit=1,initializing? false,entries: size=1, first=(t:1, i:2), METADATAENTRY(c:1)
2025-09-29 07:14:55,044 [s2-server-thread2] DEBUG server.RaftServer$Division (RaftServerImpl.java:logAppendEntries(1536)) - s2@group-838139DA6374: appendEntries* reply s1<-s2#6:OK-t1,SUCCESS,nextIndex=3,followerCommit=1,matchIndex=2
2025-09-29 07:14:55,044 [s2@group-838139DA6374-StateMachineUpdater] INFO  statemachine.StateMachine (ReadOnlyRequestTests.java:applyTransaction(375)) - receive command: INCREMENT
2025-09-29 07:14:55,047 [s0-server-thread1] DEBUG server.RaftServer$Division (RaftServerImpl.java:logAppendEntries(1536)) - s0@group-838139DA6374: appendEntries* reply s1<-s0#8:OK-t1,SUCCESS,nextIndex=3,followerCommit=1,matchIndex=2
2025-09-29 07:14:55,047 [s0@group-838139DA6374-StateMachineUpdater] INFO  statemachine.StateMachine (ReadOnlyRequestTests.java:applyTransaction(375)) - receive command: INCREMENT
2025-09-29 07:14:55,048 [s1-server-thread1] INFO  server.RaftServer$Division (RaftServerImpl.java:stepDownLeaderAsync(1305)) - s1@group-838139DA6374 receive stepDown leader request TransferLeadershipRequest:client-DE9D94A83913->s1@group-838139DA6374, cid=101, seq=null, RO, null
2025-09-29 07:14:55,049 [s1@group-838139DA6374-LeaderStateImpl] INFO  server.RaftServer$Division (RaftServerImpl.java:setRole(392)) - s1@group-838139DA6374: changes role from    LEADER to FOLLOWER at term 1 for StepDownReason:FORCE
2025-09-29 07:14:55,049 [s1@group-838139DA6374-LeaderStateImpl] INFO  impl.RoleInfo (RoleInfo.java:shutdownLeaderState(103)) - s1: shutdown s1@group-838139DA6374-LeaderStateImpl
2025-09-29 07:14:55,049 [s1@group-838139DA6374->s2-GrpcLogAppender-LogAppenderDaemon] WARN  server.GrpcLogAppender (GrpcLogAppender.java:mayWait(300)) - s1@group-838139DA6374->s2-GrpcLogAppender: Wait interrupted by java.lang.InterruptedException
2025-09-29 07:14:55,049 [s1@group-838139DA6374-LeaderStateImpl] INFO  impl.PendingRequests (PendingRequests.java:sendNotLeaderResponses(281)) - s1@group-838139DA6374-PendingRequests: sendNotLeaderResponses
2025-09-29 07:14:55,049 [s1@group-838139DA6374->s0-GrpcLogAppender-LogAppenderDaemon] WARN  server.GrpcLogAppender (GrpcLogAppender.java:mayWait(300)) - s1@group-838139DA6374->s0-GrpcLogAppender: Wait interrupted by java.lang.InterruptedException
2025-09-29 07:14:55,050 [grpc-default-executor-12] INFO  server.GrpcServerProtocolService (GrpcServerProtocolService.java:lambda$onCompleted$6(174)) - s2: Completed APPEND_ENTRIES, lastRequest: s1->s2#6-t1,previous=(t:1, i:1),leaderCommit=1,initializing? false,entries: size=1, first=(t:1, i:2), METADATAENTRY(c:1) 
2025-09-29 07:14:55,050 [grpc-default-executor-10] INFO  server.GrpcServerProtocolService (GrpcServerProtocolService.java:lambda$onCompleted$6(174)) - s0: Completed APPEND_ENTRIES, lastRequest: s1->s0#8-t1,previous=(t:1, i:1),leaderCommit=1,initializing? false,entries: size=1, first=(t:1, i:2), METADATAENTRY(c:1) 
2025-09-29 07:14:55,050 [grpc-default-executor-10] INFO  server.GrpcLogAppender (GrpcLogAppender.java:onCompleted(558)) - s1@group-838139DA6374->s2-AppendLogResponseHandler: follower responses appendEntries COMPLETED
2025-09-29 07:14:55,051 [grpc-default-executor-2] INFO  server.GrpcLogAppender (GrpcLogAppender.java:onCompleted(558)) - s1@group-838139DA6374->s2-AppendLogResponseHandler: follower responses appendEntries COMPLETED
2025-09-29 07:14:55,052 [grpc-default-executor-10] INFO  server.GrpcLogAppender (GrpcLogAppender.java:onCompleted(558)) - s1@group-838139DA6374->s0-AppendLogResponseHandler: follower responses appendEntries COMPLETED
2025-09-29 07:14:55,052 [s1@group-838139DA6374-LeaderStateImpl] INFO  server.RaftServer$Division (ServerState.java:setLeader(277)) - s1@group-838139DA6374: change Leader from s1 to null at term 1 for StepDownReason:FORCE
2025-09-29 07:14:55,052 [s1@group-838139DA6374-LeaderStateImpl] INFO  impl.RoleInfo (RoleInfo.java:updateAndGet(148)) - s1: start s1@group-838139DA6374-FollowerState
2025-09-29 07:14:55,052 [s1@group-838139DA6374-LeaderStateImpl] INFO  impl.PendingStepDown (PendingStepDown.java:complete(55)) - Successfully step down leader at s1@group-838139DA6374-LeaderStateImpl for request TransferLeadershipRequest:client-DE9D94A83913->s1@group-838139DA6374, cid=101, seq=null, RO, null
2025-09-29 07:14:55,056 [s1-client-thread1] DEBUG server.RaftServer$Division (RaftServerImpl.java:submitClientRequestAsync(939)) - s1@group-838139DA6374: receive client request(RaftClientRequest:client-DE9D94A83913->s1@group-838139DA6374, cid=102, seq=null, RO, Message:5155455259)
2025-09-29 07:14:55,056 [null-request--thread1] INFO  server.GrpcClientProtocolService (GrpcClientProtocolService.java:lambda$processClientRequest$0(284)) - Failed RaftClientRequest:client-DE9D94A83913->s1@group-838139DA6374, cid=102, seq=null, RO, Message:5155455259, reply=RaftClientReply:client-DE9D94A83913->s1@group-838139DA6374, cid=102, FAILED org.apache.ratis.protocol.exceptions.ReadIndexException: s1@group-838139DA6374: Leader is unknown., logIndex=0, commits[s1:c2, s0:c0, s2:c0]
2025-09-29 07:14:55,317 [s1@group-838139DA6374-FollowerState] INFO  impl.FollowerState (FollowerState.java:runImpl(161)) - s1@group-838139DA6374-FollowerState: change to CANDIDATE, lastRpcElapsedTime:264783032ns, electionTimeout:264ms
2025-09-29 07:14:55,317 [s1@group-838139DA6374-FollowerState] INFO  impl.RoleInfo (RoleInfo.java:shutdownFollowerState(121)) - s1: shutdown s1@group-838139DA6374-FollowerState
2025-09-29 07:14:55,317 [s1@group-838139DA6374-FollowerState] INFO  server.RaftServer$Division (RaftServerImpl.java:setRole(392)) - s1@group-838139DA6374: changes role from  FOLLOWER to CANDIDATE at term 1 for changeToCandidate
2025-09-29 07:14:55,317 [s1@group-838139DA6374-FollowerState] INFO  impl.RoleInfo (RoleInfo.java:updateAndGet(148)) - s1: start s1@group-838139DA6374-LeaderElection16
2025-09-29 07:14:55,318 [s1@group-838139DA6374-LeaderElection16] INFO  impl.LeaderElection (LeaderElection.java:askForVotes(448)) - s1@group-838139DA6374-LeaderElection16 PRE_VOTE round 0: submit vote requests at term 1 for conf: {index: 0, cur=peers:[s0|localhost:15084, s1|localhost:15088, s2|localhost:15092]|listeners:[], old=null}
2025-09-29 07:14:55,320 [grpc-default-executor-1] INFO  server.RaftServer$Division (RaftServerImpl.java:requestVote(1433)) - s0@group-838139DA6374: receive requestVote(PRE_VOTE, s1, group-838139DA6374, 1, (t:1, i:2))
2025-09-29 07:14:55,320 [grpc-default-executor-1] INFO  impl.VoteContext (VoteContext.java:log(49)) - s0@group-838139DA6374-FOLLOWER: accept PRE_VOTE from s1: our priority 0 <= candidate's priority 0
2025-09-29 07:14:55,320 [grpc-default-executor-12] INFO  server.RaftServer$Division (RaftServerImpl.java:requestVote(1433)) - s2@group-838139DA6374: receive requestVote(PRE_VOTE, s1, group-838139DA6374, 1, (t:1, i:2))
2025-09-29 07:14:55,321 [grpc-default-executor-1] INFO  server.RaftServer$Division (RaftServerImpl.java:requestVote(1467)) - s0@group-838139DA6374 replies to PRE_VOTE vote request: s1<-s0#0:OK-t1-last:(t:1, i:2). Peer's state: s0@group-838139DA6374:t1, leader=s1, voted=s1, raftlog=Memoized:s0@group-838139DA6374-SegmentedRaftLog:OPENED:c1:last(t:1, i:2), conf=conf: {index: 0, cur=peers:[s0|localhost:15084, s1|localhost:15088, s2|localhost:15092]|listeners:[], old=null}
2025-09-29 07:14:55,321 [grpc-default-executor-12] INFO  impl.VoteContext (VoteContext.java:log(49)) - s2@group-838139DA6374-FOLLOWER: accept PRE_VOTE from s1: our priority 0 <= candidate's priority 0
2025-09-29 07:14:55,321 [grpc-default-executor-12] INFO  server.RaftServer$Division (RaftServerImpl.java:requestVote(1467)) - s2@group-838139DA6374 replies to PRE_VOTE vote request: s1<-s2#0:OK-t1-last:(t:1, i:2). Peer's state: s2@group-838139DA6374:t1, leader=s1, voted=s1, raftlog=Memoized:s2@group-838139DA6374-SegmentedRaftLog:OPENED:c1:last(t:1, i:2), conf=conf: {index: 0, cur=peers:[s0|localhost:15084, s1|localhost:15088, s2|localhost:15092]|listeners:[], old=null}
2025-09-29 07:14:55,322 [s1@group-838139DA6374-LeaderElection16] INFO  impl.LeaderElection (LeaderElection.java:logAndReturn(206)) - s1@group-838139DA6374-LeaderElection16: PRE_VOTE PASSED received 1 response(s) and 0 exception(s):
2025-09-29 07:14:55,322 [s1@group-838139DA6374-LeaderElection16] INFO  impl.LeaderElection (LeaderElection.java:logAndReturn(210)) -   Response 0: s1<-s0#0:OK-t1-last:(t:1, i:2)
2025-09-29 07:14:55,322 [s1@group-838139DA6374-LeaderElection16] INFO  impl.LeaderElection (LeaderElection.java:askForVotes(450)) - s1@group-838139DA6374-LeaderElection16 PRE_VOTE round 0: result PASSED
2025-09-29 07:14:55,322 [s1@group-838139DA6374-LeaderElection16] TRACE util.FileUtils (LogUtils.java:supplyAndLog(69)) - Successfully supplied FileChannel.open /home/runner/work/ratis/ratis/ratis-test/target/test/data/6b14e155/MiniRaftClusterWithGrpcfb4bdedf/s1/8ced62b2-60d1-4832-91fa-838139da6374/current/raft-meta.tmp with options [CREATE, TRUNCATE_EXISTING, WRITE]: sun.nio.ch.FileChannelImpl@15ea6363
2025-09-29 07:14:55,323 [s1@group-838139DA6374-LeaderElection16] TRACE util.FileUtils (LogUtils.java:runAndLog(49)) - Successfully ran Atomic Files.move /home/runner/work/ratis/ratis/ratis-test/target/test/data/6b14e155/MiniRaftClusterWithGrpcfb4bdedf/s1/8ced62b2-60d1-4832-91fa-838139da6374/current/raft-meta.tmp to /home/runner/work/ratis/ratis/ratis-test/target/test/data/6b14e155/MiniRaftClusterWithGrpcfb4bdedf/s1/8ced62b2-60d1-4832-91fa-838139da6374/current/raft-meta with options [REPLACE_EXISTING]
2025-09-29 07:14:55,323 [s1@group-838139DA6374-LeaderElection16] INFO  impl.LeaderElection (LeaderElection.java:askForVotes(448)) - s1@group-838139DA6374-LeaderElection16 ELECTION round 0: submit vote requests at term 2 for conf: {index: 0, cur=peers:[s0|localhost:15084, s1|localhost:15088, s2|localhost:15092]|listeners:[], old=null}
2025-09-29 07:14:55,325 [grpc-default-executor-12] INFO  server.RaftServer$Division (RaftServerImpl.java:requestVote(1433)) - s0@group-838139DA6374: receive requestVote(ELECTION, s1, group-838139DA6374, 2, (t:1, i:2))
2025-09-29 07:14:55,325 [grpc-default-executor-1] INFO  server.RaftServer$Division (RaftServerImpl.java:requestVote(1433)) - s2@group-838139DA6374: receive requestVote(ELECTION, s1, group-838139DA6374, 2, (t:1, i:2))
2025-09-29 07:14:55,325 [grpc-default-executor-12] INFO  impl.VoteContext (VoteContext.java:log(49)) - s0@group-838139DA6374-FOLLOWER: accept ELECTION from s1: our priority 0 <= candidate's priority 0
2025-09-29 07:14:55,325 [grpc-default-executor-1] INFO  impl.VoteContext (VoteContext.java:log(49)) - s2@group-838139DA6374-FOLLOWER: accept ELECTION from s1: our priority 0 <= candidate's priority 0
2025-09-29 07:14:55,325 [grpc-default-executor-12] INFO  server.RaftServer$Division (RaftServerImpl.java:setRole(392)) - s0@group-838139DA6374: changes role from  FOLLOWER to FOLLOWER at term 1 for candidate:s1
2025-09-29 07:14:55,325 [grpc-default-executor-1] INFO  server.RaftServer$Division (RaftServerImpl.java:setRole(392)) - s2@group-838139DA6374: changes role from  FOLLOWER to FOLLOWER at term 1 for candidate:s1
2025-09-29 07:14:55,325 [grpc-default-executor-1] INFO  impl.RoleInfo (RoleInfo.java:shutdownFollowerState(121)) - s2: shutdown s2@group-838139DA6374-FollowerState
2025-09-29 07:14:55,325 [grpc-default-executor-1] INFO  server.RaftServer$Division (ServerState.java:setLeader(277)) - s2@group-838139DA6374: change Leader from s1 to null at term 2 for updateCurrentTerm
2025-09-29 07:14:55,325 [grpc-default-executor-1] INFO  impl.RoleInfo (RoleInfo.java:updateAndGet(148)) - s2: start s2@group-838139DA6374-FollowerState
2025-09-29 07:14:55,325 [s2@group-838139DA6374-FollowerState] INFO  impl.FollowerState (FollowerState.java:runImpl(170)) - s2@group-838139DA6374-FollowerState was interrupted
2025-09-29 07:14:55,325 [grpc-default-executor-12] INFO  impl.RoleInfo (RoleInfo.java:shutdownFollowerState(121)) - s0: shutdown s0@group-838139DA6374-FollowerState
2025-09-29 07:14:55,326 [grpc-default-executor-12] INFO  server.RaftServer$Division (ServerState.java:setLeader(277)) - s0@group-838139DA6374: change Leader from s1 to null at term 2 for updateCurrentTerm
2025-09-29 07:14:55,326 [grpc-default-executor-12] INFO  impl.RoleInfo (RoleInfo.java:updateAndGet(148)) - s0: start s0@group-838139DA6374-FollowerState
2025-09-29 07:14:55,326 [s0@group-838139DA6374-FollowerState] INFO  impl.FollowerState (FollowerState.java:runImpl(170)) - s0@group-838139DA6374-FollowerState was interrupted
2025-09-29 07:14:55,326 [grpc-default-executor-1] TRACE util.FileUtils (LogUtils.java:supplyAndLog(69)) - Successfully supplied FileChannel.open /home/runner/work/ratis/ratis/ratis-test/target/test/data/6b14e155/MiniRaftClusterWithGrpcfb4bdedf/s2/8ced62b2-60d1-4832-91fa-838139da6374/current/raft-meta.tmp with options [CREATE, TRUNCATE_EXISTING, WRITE]: sun.nio.ch.FileChannelImpl@14e0eabb
2025-09-29 07:14:55,327 [grpc-default-executor-12] TRACE util.FileUtils (LogUtils.java:supplyAndLog(69)) - Successfully supplied FileChannel.open /home/runner/work/ratis/ratis/ratis-test/target/test/data/6b14e155/MiniRaftClusterWithGrpcfb4bdedf/s0/8ced62b2-60d1-4832-91fa-838139da6374/current/raft-meta.tmp with options [CREATE, TRUNCATE_EXISTING, WRITE]: sun.nio.ch.FileChannelImpl@4a3c9ba5
2025-09-29 07:14:55,328 [grpc-default-executor-12] TRACE util.FileUtils (LogUtils.java:runAndLog(49)) - Successfully ran Atomic Files.move /home/runner/work/ratis/ratis/ratis-test/target/test/data/6b14e155/MiniRaftClusterWithGrpcfb4bdedf/s0/8ced62b2-60d1-4832-91fa-838139da6374/current/raft-meta.tmp to /home/runner/work/ratis/ratis/ratis-test/target/test/data/6b14e155/MiniRaftClusterWithGrpcfb4bdedf/s0/8ced62b2-60d1-4832-91fa-838139da6374/current/raft-meta with options [REPLACE_EXISTING]
2025-09-29 07:14:55,328 [grpc-default-executor-12] INFO  server.RaftServer$Division (RaftServerImpl.java:requestVote(1467)) - s0@group-838139DA6374 replies to ELECTION vote request: s1<-s0#0:OK-t2-last:(t:1, i:2). Peer's state: s0@group-838139DA6374:t2, leader=null, voted=s1, raftlog=Memoized:s0@group-838139DA6374-SegmentedRaftLog:OPENED:c1:last(t:1, i:2), conf=conf: {index: 0, cur=peers:[s0|localhost:15084, s1|localhost:15088, s2|localhost:15092]|listeners:[], old=null}
2025-09-29 07:14:55,329 [grpc-default-executor-1] TRACE util.FileUtils (LogUtils.java:runAndLog(49)) - Successfully ran Atomic Files.move /home/runner/work/ratis/ratis/ratis-test/target/test/data/6b14e155/MiniRaftClusterWithGrpcfb4bdedf/s2/8ced62b2-60d1-4832-91fa-838139da6374/current/raft-meta.tmp to /home/runner/work/ratis/ratis/ratis-test/target/test/data/6b14e155/MiniRaftClusterWithGrpcfb4bdedf/s2/8ced62b2-60d1-4832-91fa-838139da6374/current/raft-meta with options [REPLACE_EXISTING]
2025-09-29 07:14:55,330 [grpc-default-executor-1] INFO  server.RaftServer$Division (RaftServerImpl.java:requestVote(1467)) - s2@group-838139DA6374 replies to ELECTION vote request: s1<-s2#0:OK-t2-last:(t:1, i:2). Peer's state: s2@group-838139DA6374:t2, leader=null, voted=s1, raftlog=Memoized:s2@group-838139DA6374-SegmentedRaftLog:OPENED:c1:last(t:1, i:2), conf=conf: {index: 0, cur=peers:[s0|localhost:15084, s1|localhost:15088, s2|localhost:15092]|listeners:[], old=null}
2025-09-29 07:14:55,330 [s1@group-838139DA6374-LeaderElection16] INFO  impl.LeaderElection (LeaderElection.java:logAndReturn(206)) - s1@group-838139DA6374-LeaderElection16: ELECTION PASSED received 1 response(s) and 0 exception(s):
2025-09-29 07:14:55,330 [s1@group-838139DA6374-LeaderElection16] INFO  impl.LeaderElection (LeaderElection.java:logAndReturn(210)) -   Response 0: s1<-s0#0:OK-t2-last:(t:1, i:2)
2025-09-29 07:14:55,331 [s1@group-838139DA6374-LeaderElection16] INFO  impl.LeaderElection (LeaderElection.java:askForVotes(450)) - s1@group-838139DA6374-LeaderElection16 ELECTION round 0: result PASSED
2025-09-29 07:14:55,331 [s1@group-838139DA6374-LeaderElection16] INFO  impl.RoleInfo (RoleInfo.java:shutdownLeaderElection(141)) - s1: shutdown s1@group-838139DA6374-LeaderElection16
2025-09-29 07:14:55,331 [s1@group-838139DA6374-LeaderElection16] INFO  server.RaftServer$Division (RaftServerImpl.java:setRole(392)) - s1@group-838139DA6374: changes role from CANDIDATE to LEADER at term 2 for changeToLeader
2025-09-29 07:14:55,331 [s1@group-838139DA6374-LeaderElection16] INFO  server.RaftServerConfigKeys (ConfUtils.java:logFallback(69)) - raft.server.staging.timeout = 900ms (fallback to raft.server.rpc.timeout.max)
2025-09-29 07:14:55,332 [s1@group-838139DA6374-LeaderElection16] INFO  impl.RoleInfo (RoleInfo.java:updateAndGet(148)) - s1: start s1@group-838139DA6374-LeaderStateImpl
2025-09-29 07:14:55,332 [s1@group-838139DA6374-LeaderElection16] INFO  server.RaftServer$Division (ServerState.java:setLeader(277)) - s1@group-838139DA6374: change Leader from null to s1 at term 2 for becomeLeader, leader elected after 280ms
2025-09-29 07:14:55,333 [s1@group-838139DA6374-LeaderElection16] INFO  segmented.SegmentedRaftLogWorker (SegmentedRaftLogWorker.java:rollLogSegment(445)) - s1@group-838139DA6374-SegmentedRaftLogWorker: Rolling segment log-0_2 to index:2
2025-09-29 07:14:55,333 [s1@group-838139DA6374-LeaderElection16] INFO  server.RaftServer$Division (ServerState.java:setRaftConf(391)) - s1@group-838139DA6374: set configuration conf: {index: 3, cur=peers:[s0|localhost:15084, s1|localhost:15088, s2|localhost:15092]|listeners:[], old=null}
2025-09-29 07:14:55,335 [s1@group-838139DA6374-SegmentedRaftLogWorker] TRACE util.FileUtils (LogUtils.java:runAndLog(49)) - Successfully ran Atomic Files.move /home/runner/work/ratis/ratis/ratis-test/target/test/data/6b14e155/MiniRaftClusterWithGrpcfb4bdedf/s1/8ced62b2-60d1-4832-91fa-838139da6374/current/log_inprogress_0 to /home/runner/work/ratis/ratis/ratis-test/target/test/data/6b14e155/MiniRaftClusterWithGrpcfb4bdedf/s1/8ced62b2-60d1-4832-91fa-838139da6374/current/log_0-2
2025-09-29 07:14:55,335 [s1@group-838139DA6374-SegmentedRaftLogWorker] INFO  segmented.SegmentedRaftLogWorker (SegmentedRaftLogWorker.java:execute(604)) - s1@group-838139DA6374-SegmentedRaftLogWorker: Rolled log segment from /home/runner/work/ratis/ratis/ratis-test/target/test/data/6b14e155/MiniRaftClusterWithGrpcfb4bdedf/s1/8ced62b2-60d1-4832-91fa-838139da6374/current/log_inprogress_0 to /home/runner/work/ratis/ratis/ratis-test/target/test/data/6b14e155/MiniRaftClusterWithGrpcfb4bdedf/s1/8ced62b2-60d1-4832-91fa-838139da6374/current/log_0-2
2025-09-29 07:14:55,335 [s1@group-838139DA6374-SegmentedRaftLogWorker] INFO  segmented.BufferedWriteChannel (BufferedWriteChannel.java:open(61)) - open log_inprogress_3 at position 0
2025-09-29 07:14:55,337 [grpc-default-executor-3] INFO  server.RaftServer$Division (ServerState.java:setLeader(277)) - s2@group-838139DA6374: change Leader from null to s1 at term 2 for appendEntries, leader elected after 11ms
2025-09-29 07:14:55,338 [grpc-default-executor-10] INFO  server.RaftServer$Division (ServerState.java:setLeader(277)) - s0@group-838139DA6374: change Leader from null to s1 at term 2 for appendEntries, leader elected after 12ms
2025-09-29 07:14:55,339 [grpc-default-executor-3] DEBUG server.RaftServer$Division (RaftServerImpl.java:logAppendEntries(1536)) - s2@group-838139DA6374: appendEntries* s1->s2#1-t2,previous=(t:1, i:2),leaderCommit=2,initializing? false,entries: size=1, first=(t:2, i:3), CONFIGURATIONENTRY(current:id:"s0"address:"localhost:15084"dataStreamAddress:"localhost:15087"clientAddress:"localhost:15086"adminAddress:"localhost:15085"startupRole:FOLLOWER, id:"s1"address:"localhost:15088"dataStreamAddress:"localhost:15091"clientAddress:"localhost:15090"adminAddress:"localhost:15089"startupRole:FOLLOWER, id:"s2"address:"localhost:15092"dataStreamAddress:"localhost:15095"clientAddress:"localhost:15094"adminAddress:"localhost:15093"startupRole:FOLLOWER, old:)
2025-09-29 07:14:55,339 [grpc-default-executor-3] INFO  server.RaftServer$Division (ServerState.java:setRaftConf(391)) - s2@group-838139DA6374: set configuration conf: {index: 3, cur=peers:[s0|localhost:15084, s1|localhost:15088, s2|localhost:15092]|listeners:[], old=null}
2025-09-29 07:14:55,340 [grpc-default-executor-10] DEBUG server.RaftServer$Division (RaftServerImpl.java:logAppendEntries(1536)) - s0@group-838139DA6374: appendEntries* s1->s0#1-t2,previous=(t:1, i:2),leaderCommit=2,initializing? false,entries: size=1, first=(t:2, i:3), CONFIGURATIONENTRY(current:id:"s0"address:"localhost:15084"dataStreamAddress:"localhost:15087"clientAddress:"localhost:15086"adminAddress:"localhost:15085"startupRole:FOLLOWER, id:"s1"address:"localhost:15088"dataStreamAddress:"localhost:15091"clientAddress:"localhost:15090"adminAddress:"localhost:15089"startupRole:FOLLOWER, id:"s2"address:"localhost:15092"dataStreamAddress:"localhost:15095"clientAddress:"localhost:15094"adminAddress:"localhost:15093"startupRole:FOLLOWER, old:)
2025-09-29 07:14:55,341 [grpc-default-executor-10] INFO  server.RaftServer$Division (ServerState.java:setRaftConf(391)) - s0@group-838139DA6374: set configuration conf: {index: 3, cur=peers:[s0|localhost:15084, s1|localhost:15088, s2|localhost:15092]|listeners:[], old=null}
2025-09-29 07:14:55,341 [s0-server-thread1] INFO  segmented.SegmentedRaftLogWorker (SegmentedRaftLogWorker.java:rollLogSegment(445)) - s0@group-838139DA6374-SegmentedRaftLogWorker: Rolling segment log-0_2 to index:2
2025-09-29 07:14:55,341 [s2-server-thread2] INFO  segmented.SegmentedRaftLogWorker (SegmentedRaftLogWorker.java:rollLogSegment(445)) - s2@group-838139DA6374-SegmentedRaftLogWorker: Rolling segment log-0_2 to index:2
2025-09-29 07:14:55,342 [s0@group-838139DA6374-SegmentedRaftLogWorker] TRACE util.FileUtils (LogUtils.java:runAndLog(49)) - Successfully ran Atomic Files.move /home/runner/work/ratis/ratis/ratis-test/target/test/data/6b14e155/MiniRaftClusterWithGrpcfb4bdedf/s0/8ced62b2-60d1-4832-91fa-838139da6374/current/log_inprogress_0 to /home/runner/work/ratis/ratis/ratis-test/target/test/data/6b14e155/MiniRaftClusterWithGrpcfb4bdedf/s0/8ced62b2-60d1-4832-91fa-838139da6374/current/log_0-2
2025-09-29 07:14:55,343 [s2@group-838139DA6374-SegmentedRaftLogWorker] TRACE util.FileUtils (LogUtils.java:runAndLog(49)) - Successfully ran Atomic Files.move /home/runner/work/ratis/ratis/ratis-test/target/test/data/6b14e155/MiniRaftClusterWithGrpcfb4bdedf/s2/8ced62b2-60d1-4832-91fa-838139da6374/current/log_inprogress_0 to /home/runner/work/ratis/ratis/ratis-test/target/test/data/6b14e155/MiniRaftClusterWithGrpcfb4bdedf/s2/8ced62b2-60d1-4832-91fa-838139da6374/current/log_0-2
2025-09-29 07:14:55,343 [s2@group-838139DA6374-SegmentedRaftLogWorker] INFO  segmented.SegmentedRaftLogWorker (SegmentedRaftLogWorker.java:execute(604)) - s2@group-838139DA6374-SegmentedRaftLogWorker: Rolled log segment from /home/runner/work/ratis/ratis/ratis-test/target/test/data/6b14e155/MiniRaftClusterWithGrpcfb4bdedf/s2/8ced62b2-60d1-4832-91fa-838139da6374/current/log_inprogress_0 to /home/runner/work/ratis/ratis/ratis-test/target/test/data/6b14e155/MiniRaftClusterWithGrpcfb4bdedf/s2/8ced62b2-60d1-4832-91fa-838139da6374/current/log_0-2
2025-09-29 07:14:55,343 [s0@group-838139DA6374-SegmentedRaftLogWorker] INFO  segmented.SegmentedRaftLogWorker (SegmentedRaftLogWorker.java:execute(604)) - s0@group-838139DA6374-SegmentedRaftLogWorker: Rolled log segment from /home/runner/work/ratis/ratis/ratis-test/target/test/data/6b14e155/MiniRaftClusterWithGrpcfb4bdedf/s0/8ced62b2-60d1-4832-91fa-838139da6374/current/log_inprogress_0 to /home/runner/work/ratis/ratis/ratis-test/target/test/data/6b14e155/MiniRaftClusterWithGrpcfb4bdedf/s0/8ced62b2-60d1-4832-91fa-838139da6374/current/log_0-2
2025-09-29 07:14:55,343 [s1@group-838139DA6374-SegmentedRaftLogWorker] INFO  segmented.SegmentedRaftLogWorker (SegmentedRaftLogWorker.java:execute(647)) - s1@group-838139DA6374-SegmentedRaftLogWorker: created new log segment /home/runner/work/ratis/ratis/ratis-test/target/test/data/6b14e155/MiniRaftClusterWithGrpcfb4bdedf/s1/8ced62b2-60d1-4832-91fa-838139da6374/current/log_inprogress_3
2025-09-29 07:14:55,344 [s0@group-838139DA6374-SegmentedRaftLogWorker] INFO  segmented.BufferedWriteChannel (BufferedWriteChannel.java:open(61)) - open log_inprogress_3 at position 0
2025-09-29 07:14:55,343 [s2@group-838139DA6374-SegmentedRaftLogWorker] INFO  segmented.BufferedWriteChannel (BufferedWriteChannel.java:open(61)) - open log_inprogress_3 at position 0
2025-09-29 07:14:55,350 [s0@group-838139DA6374-SegmentedRaftLogWorker] INFO  segmented.SegmentedRaftLogWorker (SegmentedRaftLogWorker.java:execute(647)) - s0@group-838139DA6374-SegmentedRaftLogWorker: created new log segment /home/runner/work/ratis/ratis/ratis-test/target/test/data/6b14e155/MiniRaftClusterWithGrpcfb4bdedf/s0/8ced62b2-60d1-4832-91fa-838139da6374/current/log_inprogress_3
2025-09-29 07:14:55,350 [s0-server-thread1] DEBUG server.RaftServer$Division (RaftServerImpl.java:logAppendEntries(1536)) - s0@group-838139DA6374: appendEntries* reply s1<-s0#1:OK-t2,SUCCESS,nextIndex=4,followerCommit=2,matchIndex=3
2025-09-29 07:14:55,350 [s2@group-838139DA6374-SegmentedRaftLogWorker] INFO  segmented.SegmentedRaftLogWorker (SegmentedRaftLogWorker.java:execute(647)) - s2@group-838139DA6374-SegmentedRaftLogWorker: created new log segment /home/runner/work/ratis/ratis/ratis-test/target/test/data/6b14e155/MiniRaftClusterWithGrpcfb4bdedf/s2/8ced62b2-60d1-4832-91fa-838139da6374/current/log_inprogress_3
2025-09-29 07:14:55,351 [s2-server-thread2] DEBUG server.RaftServer$Division (RaftServerImpl.java:logAppendEntries(1536)) - s2@group-838139DA6374: appendEntries* reply s1<-s2#1:OK-t2,SUCCESS,nextIndex=4,followerCommit=2,matchIndex=3
2025-09-29 07:14:55,352 [s1@group-838139DA6374-StateMachineUpdater] TRACE util.FileUtils (LogUtils.java:supplyAndLog(69)) - Successfully supplied FileChannel.open /home/runner/work/ratis/ratis/ratis-test/target/test/data/6b14e155/MiniRaftClusterWithGrpcfb4bdedf/s1/8ced62b2-60d1-4832-91fa-838139da6374/current/raft-meta.conf.tmp with options [CREATE, TRUNCATE_EXISTING, WRITE]: sun.nio.ch.FileChannelImpl@1d6b6f34
2025-09-29 07:14:55,353 [s1@group-838139DA6374-StateMachineUpdater] TRACE util.FileUtils (LogUtils.java:runAndLog(49)) - Successfully ran Atomic Files.move /home/runner/work/ratis/ratis/ratis-test/target/test/data/6b14e155/MiniRaftClusterWithGrpcfb4bdedf/s1/8ced62b2-60d1-4832-91fa-838139da6374/current/raft-meta.conf.tmp to /home/runner/work/ratis/ratis/ratis-test/target/test/data/6b14e155/MiniRaftClusterWithGrpcfb4bdedf/s1/8ced62b2-60d1-4832-91fa-838139da6374/current/raft-meta.conf with options [REPLACE_EXISTING]
2025-09-29 07:14:55,353 [s1@group-838139DA6374-StateMachineUpdater] INFO  server.RaftServer$Division (LeaderStateImpl.java:checkStartIndex(309)) - Leader s1@group-838139DA6374-LeaderStateImpl is ready since appliedIndex == startIndex == 3
2025-09-29 07:14:55,353 [grpc-default-executor-12] DEBUG server.RaftServer$Division (RaftServerImpl.java:logAppendEntries(1536)) - s2@group-838139DA6374: appendEntries* s1->s2#3-t2,previous=(t:2, i:3),leaderCommit=3,initializing? false,entries: size=1, first=(t:2, i:4), METADATAENTRY(c:3)
2025-09-29 07:14:55,353 [grpc-default-executor-3] DEBUG server.RaftServer$Division (RaftServerImpl.java:logAppendEntries(1536)) - s0@group-838139DA6374: appendEntries* s1->s0#2-t2,previous=(t:2, i:3),leaderCommit=3,initializing? false,entries: size=1, first=(t:2, i:4), METADATAENTRY(c:3)
2025-09-29 07:14:55,354 [s2-server-thread2] DEBUG server.RaftServer$Division (RaftServerImpl.java:logAppendEntries(1536)) - s2@group-838139DA6374: appendEntries* reply s1<-s2#3:OK-t2,SUCCESS,nextIndex=5,followerCommit=3,matchIndex=4
2025-09-29 07:14:55,354 [s0@group-838139DA6374-StateMachineUpdater] TRACE util.FileUtils (LogUtils.java:supplyAndLog(69)) - Successfully supplied FileChannel.open /home/runner/work/ratis/ratis/ratis-test/target/test/data/6b14e155/MiniRaftClusterWithGrpcfb4bdedf/s0/8ced62b2-60d1-4832-91fa-838139da6374/current/raft-meta.conf.tmp with options [CREATE, TRUNCATE_EXISTING, WRITE]: sun.nio.ch.FileChannelImpl@8d4b047
2025-09-29 07:14:55,354 [s0-server-thread1] DEBUG server.RaftServer$Division (RaftServerImpl.java:logAppendEntries(1536)) - s0@group-838139DA6374: appendEntries* reply s1<-s0#2:OK-t2,SUCCESS,nextIndex=5,followerCommit=3,matchIndex=4
2025-09-29 07:14:55,354 [s2@group-838139DA6374-StateMachineUpdater] TRACE util.FileUtils (LogUtils.java:supplyAndLog(69)) - Successfully supplied FileChannel.open /home/runner/work/ratis/ratis/ratis-test/target/test/data/6b14e155/MiniRaftClusterWithGrpcfb4bdedf/s2/8ced62b2-60d1-4832-91fa-838139da6374/current/raft-meta.conf.tmp with options [CREATE, TRUNCATE_EXISTING, WRITE]: sun.nio.ch.FileChannelImpl@6d807b1c
2025-09-29 07:14:55,355 [s0@group-838139DA6374-StateMachineUpdater] TRACE util.FileUtils (LogUtils.java:runAndLog(49)) - Successfully ran Atomic Files.move /home/runner/work/ratis/ratis/ratis-test/target/test/data/6b14e155/MiniRaftClusterWithGrpcfb4bdedf/s0/8ced62b2-60d1-4832-91fa-838139da6374/current/raft-meta.conf.tmp to /home/runner/work/ratis/ratis/ratis-test/target/test/data/6b14e155/MiniRaftClusterWithGrpcfb4bdedf/s0/8ced62b2-60d1-4832-91fa-838139da6374/current/raft-meta.conf with options [REPLACE_EXISTING]
2025-09-29 07:14:55,356 [s2@group-838139DA6374-StateMachineUpdater] TRACE util.FileUtils (LogUtils.java:runAndLog(49)) - Successfully ran Atomic Files.move /home/runner/work/ratis/ratis/ratis-test/target/test/data/6b14e155/MiniRaftClusterWithGrpcfb4bdedf/s2/8ced62b2-60d1-4832-91fa-838139da6374/current/raft-meta.conf.tmp to /home/runner/work/ratis/ratis/ratis-test/target/test/data/6b14e155/MiniRaftClusterWithGrpcfb4bdedf/s2/8ced62b2-60d1-4832-91fa-838139da6374/current/raft-meta.conf with options [REPLACE_EXISTING]
2025-09-29 07:14:55,561 [s1-client-thread1] DEBUG server.RaftServer$Division (RaftServerImpl.java:submitClientRequestAsync(939)) - s1@group-838139DA6374: receive client request(RaftClientRequest:client-DE9D94A83913->s1@group-838139DA6374, cid=102, seq=null, RO, Message:5155455259)
2025-09-29 07:14:55,562 [s1-client-thread1] DEBUG server.RaftServer$Division (LeaderStateImpl.java:getReadIndex(1147)) - readIndex=4, readAfterWriteConsistentIndex=null
2025-09-29 07:14:55,565 [main] INFO  impl.MiniRaftCluster (MiniRaftCluster.java:shutdown(824)) - ************************************************************** 
2025-09-29 07:14:55,565 [main] INFO  impl.MiniRaftCluster (MiniRaftCluster.java:shutdown(825)) - *** 
2025-09-29 07:14:55,565 [main] INFO  impl.MiniRaftCluster (MiniRaftCluster.java:shutdown(826)) - ***     Stopping MiniRaftClusterWithGrpc
2025-09-29 07:14:55,565 [main] INFO  impl.MiniRaftCluster (MiniRaftCluster.java:shutdown(827)) - *** 
2025-09-29 07:14:55,565 [main] INFO  impl.MiniRaftCluster (MiniRaftCluster.java:shutdown(828)) - ************************************************************** 
2025-09-29 07:14:55,565 [main] INFO  impl.MiniRaftCluster (MiniRaftCluster.java:shutdown(829)) - printing ALL groups
  s0:  RUNNING  FOLLOWER (RUNNING): s0@group-838139DA6374:t2, leader=s1, voted=s1, raftlog=Memoized:s0@group-838139DA6374-SegmentedRaftLog:OPENED:c4:last(t:2, i:4), conf=conf: {index: 3, cur=peers:[s0|localhost:15084, s1|localhost:15088, s2|localhost:15092]|listeners:[], old=null}
  s1:  RUNNING    LEADER (RUNNING): s1@group-838139DA6374:t2, leader=s1, voted=s1, raftlog=Memoized:s1@group-838139DA6374-SegmentedRaftLog:OPENED:c4:last(t:2, i:4), conf=conf: {index: 3, cur=peers:[s0|localhost:15084, s1|localhost:15088, s2|localhost:15092]|listeners:[], old=null}
  s2:  RUNNING  FOLLOWER (RUNNING): s2@group-838139DA6374:t2, leader=s1, voted=s1, raftlog=Memoized:s2@group-838139DA6374-SegmentedRaftLog:OPENED:c4:last(t:2, i:4), conf=conf: {index: 3, cur=peers:[s0|localhost:15084, s1|localhost:15088, s2|localhost:15092]|listeners:[], old=null}
2025-09-29 07:14:55,566 [MiniRaftCluster-43] INFO  server.RaftServer (RaftServerProxy.java:lambda$close$9(425)) - s0: close
2025-09-29 07:14:55,566 [MiniRaftCluster-44] INFO  server.RaftServer (RaftServerProxy.java:lambda$close$9(425)) - s1: close
2025-09-29 07:14:55,566 [MiniRaftCluster-45] INFO  server.RaftServer (RaftServerProxy.java:lambda$close$9(425)) - s2: close
2025-09-29 07:14:55,567 [MiniRaftCluster-44] INFO  server.GrpcServicesImpl (GrpcServicesImpl.java:closeImpl(347)) - s1: shutdown server org.apache.ratis.grpc.server.GrpcClientProtocolService now
2025-09-29 07:14:55,567 [MiniRaftCluster-45] INFO  server.GrpcServicesImpl (GrpcServicesImpl.java:closeImpl(347)) - s2: shutdown server org.apache.ratis.grpc.server.GrpcClientProtocolService now
2025-09-29 07:14:55,567 [s0-impl-thread1] INFO  server.RaftServer$Division (RaftServerImpl.java:lambda$close$1(527)) - s0@group-838139DA6374: shutdown
2025-09-29 07:14:55,567 [s0-impl-thread1] INFO  util.JmxRegister (JmxRegister.java:unregister(74)) - Successfully un-registered JMX Bean with object name Ratis:service=RaftServer,group=group-838139DA6374,id=s0
2025-09-29 07:14:55,567 [s0-impl-thread1] INFO  impl.RoleInfo (RoleInfo.java:shutdownFollowerState(121)) - s0: shutdown s0@group-838139DA6374-FollowerState
2025-09-29 07:14:55,567 [s0-impl-thread1] INFO  impl.StateMachineUpdater (StateMachineUpdater.java:stopAndJoin(163)) - s0@group-838139DA6374-StateMachineUpdater: set stopIndex = 4
2025-09-29 07:14:55,567 [MiniRaftCluster-43] INFO  server.GrpcServicesImpl (GrpcServicesImpl.java:closeImpl(347)) - s0: shutdown server org.apache.ratis.grpc.server.GrpcClientProtocolService now
2025-09-29 07:14:55,567 [s0@group-838139DA6374-StateMachineUpdater] INFO  impl.StateMachineUpdater (StateMachineUpdater.java:stop(140)) - s0@group-838139DA6374-StateMachineUpdater: closing CounterStateMachine, lastApplied=(t:2, i:4)
2025-09-29 07:14:55,568 [s0@group-838139DA6374-FollowerState] INFO  impl.FollowerState (FollowerState.java:runImpl(170)) - s0@group-838139DA6374-FollowerState was interrupted
2025-09-29 07:14:55,567 [s2-impl-thread1] INFO  server.RaftServer$Division (RaftServerImpl.java:lambda$close$1(527)) - s2@group-838139DA6374: shutdown
2025-09-29 07:14:55,567 [s1-impl-thread1] INFO  server.RaftServer$Division (RaftServerImpl.java:lambda$close$1(527)) - s1@group-838139DA6374: shutdown
2025-09-29 07:14:55,568 [Thread-534] INFO  server.GrpcServerProtocolClient (GrpcServerProtocolClient.java:close(94)) - s0 Close channels
2025-09-29 07:14:55,569 [s1-impl-thread1] INFO  util.JmxRegister (JmxRegister.java:unregister(74)) - Successfully un-registered JMX Bean with object name Ratis:service=RaftServer,group=group-838139DA6374,id=s1
2025-09-29 07:14:55,569 [s1-impl-thread1] INFO  impl.RoleInfo (RoleInfo.java:shutdownLeaderState(103)) - s1: shutdown s1@group-838139DA6374-LeaderStateImpl
2025-09-29 07:14:55,569 [s2-impl-thread1] INFO  util.JmxRegister (JmxRegister.java:unregister(74)) - Successfully un-registered JMX Bean with object name Ratis:service=RaftServer,group=group-838139DA6374,id=s2
2025-09-29 07:14:55,569 [s2-impl-thread1] INFO  impl.RoleInfo (RoleInfo.java:shutdownFollowerState(121)) - s2: shutdown s2@group-838139DA6374-FollowerState
2025-09-29 07:14:55,569 [s2-impl-thread1] INFO  impl.StateMachineUpdater (StateMachineUpdater.java:stopAndJoin(163)) - s2@group-838139DA6374-StateMachineUpdater: set stopIndex = 4
2025-09-29 07:14:55,569 [s0@group-838139DA6374-cacheEviction-AwaitToRun] INFO  util.AwaitToRun (AwaitToRun.java:run(49)) - s0@group-838139DA6374-cacheEviction-AwaitToRun-AwaitForSignal is interrupted
2025-09-29 07:14:55,569 [s2@group-838139DA6374-FollowerState] INFO  impl.FollowerState (FollowerState.java:runImpl(170)) - s2@group-838139DA6374-FollowerState was interrupted
2025-09-29 07:14:55,570 [s2@group-838139DA6374-StateMachineUpdater] INFO  impl.StateMachineUpdater (StateMachineUpdater.java:stop(140)) - s2@group-838139DA6374-StateMachineUpdater: closing CounterStateMachine, lastApplied=(t:2, i:4)
2025-09-29 07:14:55,569 [Thread-536] INFO  server.GrpcServerProtocolClient (GrpcServerProtocolClient.java:close(94)) - s2 Close channels
2025-09-29 07:14:55,571 [Thread-537] INFO  server.GrpcServerProtocolClient (GrpcServerProtocolClient.java:close(94)) - s0 Close channels
2025-09-29 07:14:55,571 [Thread-539] INFO  server.GrpcServerProtocolClient (GrpcServerProtocolClient.java:close(94)) - s1 Close channels
2025-09-29 07:14:55,571 [s2@group-838139DA6374-cacheEviction-AwaitToRun] INFO  util.AwaitToRun (AwaitToRun.java:run(49)) - s2@group-838139DA6374-cacheEviction-AwaitToRun-AwaitForSignal is interrupted
2025-09-29 07:14:55,572 [s1@group-838139DA6374->s2-GrpcLogAppender-LogAppenderDaemon] WARN  server.GrpcLogAppender (GrpcLogAppender.java:mayWait(300)) - s1@group-838139DA6374->s2-GrpcLogAppender: Wait interrupted by java.lang.InterruptedException
2025-09-29 07:14:55,572 [s1@group-838139DA6374->s0-GrpcLogAppender-LogAppenderDaemon] WARN  server.GrpcLogAppender (GrpcLogAppender.java:mayWait(300)) - s1@group-838139DA6374->s0-GrpcLogAppender: Wait interrupted by java.lang.InterruptedException
2025-09-29 07:14:55,572 [s1-impl-thread1] INFO  impl.PendingRequests (PendingRequests.java:sendNotLeaderResponses(281)) - s1@group-838139DA6374-PendingRequests: sendNotLeaderResponses
2025-09-29 07:14:55,571 [MiniRaftCluster-43] INFO  server.GrpcServicesImpl (GrpcServicesImpl.java:closeImpl(356)) - s0: shutdown server org.apache.ratis.grpc.server.GrpcClientProtocolService successfully
2025-09-29 07:14:55,576 [MiniRaftCluster-43] INFO  server.GrpcServicesImpl (GrpcServicesImpl.java:closeImpl(347)) - s0: shutdown server GrpcServerProtocolService now
2025-09-29 07:14:55,575 [grpc-default-executor-3] INFO  server.GrpcLogAppender (GrpcLogAppender.java:onCompleted(558)) - s1@group-838139DA6374->s0-AppendLogResponseHandler: follower responses appendEntries COMPLETED
2025-09-29 07:14:55,576 [grpc-default-executor-3] WARN  server.GrpcLogAppender (GrpcLogAppender.java:resetClient(237)) - s1@group-838139DA6374->s0-GrpcLogAppender: Failed to getClient for s0
org.apache.ratis.protocol.exceptions.AlreadyClosedException: s1 is already CLOSED
	at org.apache.ratis.util.PeerProxyMap$PeerAndProxy.getProxy(PeerProxyMap.java:70)
	at org.apache.ratis.util.PeerProxyMap.getProxy(PeerProxyMap.java:127)
	at org.apache.ratis.grpc.server.GrpcLogAppender.getClient(GrpcLogAppender.java:207)
	at org.apache.ratis.grpc.server.GrpcLogAppender.resetClient(GrpcLogAppender.java:212)
	at org.apache.ratis.grpc.server.GrpcLogAppender.access$800(GrpcLogAppender.java:70)
	at org.apache.ratis.grpc.server.GrpcLogAppender$AppendLogResponseHandler.onCompleted(GrpcLogAppender.java:559)
	at org.apache.ratis.thirdparty.io.grpc.stub.ClientCalls$StreamObserverToCallListenerAdapter.onClose(ClientCalls.java:579)
	at org.apache.ratis.thirdparty.io.grpc.internal.ClientCallImpl.closeObserver(ClientCallImpl.java:565)
	at org.apache.ratis.thirdparty.io.grpc.internal.ClientCallImpl.access$100(ClientCallImpl.java:72)
	at org.apache.ratis.thirdparty.io.grpc.internal.ClientCallImpl$ClientStreamListenerImpl$1StreamClosed.runInternal(ClientCallImpl.java:733)
	at org.apache.ratis.thirdparty.io.grpc.internal.ClientCallImpl$ClientStreamListenerImpl$1StreamClosed.runInContext(ClientCallImpl.java:714)
	at org.apache.ratis.thirdparty.io.grpc.internal.ContextRunnable.run(ContextRunnable.java:37)
	at org.apache.ratis.thirdparty.io.grpc.internal.SerializingExecutor.run(SerializingExecutor.java:133)
	at java.util.concurrent.ThreadPoolExecutor.runWorker(ThreadPoolExecutor.java:1149)
	at java.util.concurrent.ThreadPoolExecutor$Worker.run(ThreadPoolExecutor.java:624)
	at java.lang.Thread.run(Thread.java:750)
2025-09-29 07:14:55,574 [MiniRaftCluster-45] INFO  server.GrpcServicesImpl (GrpcServicesImpl.java:closeImpl(356)) - s2: shutdown server org.apache.ratis.grpc.server.GrpcClientProtocolService successfully
2025-09-29 07:14:55,576 [MiniRaftCluster-45] INFO  server.GrpcServicesImpl (GrpcServicesImpl.java:closeImpl(347)) - s2: shutdown server GrpcServerProtocolService now
2025-09-29 07:14:55,576 [grpc-default-executor-3] INFO  server.GrpcLogAppender (GrpcLogAppender.java:onCompleted(558)) - s1@group-838139DA6374->s0-AppendLogResponseHandler: follower responses appendEntries COMPLETED
2025-09-29 07:14:55,577 [s1-impl-thread1] INFO  impl.StateMachineUpdater (StateMachineUpdater.java:stopAndJoin(163)) - s1@group-838139DA6374-StateMachineUpdater: set stopIndex = 4
2025-09-29 07:14:55,577 [s1@group-838139DA6374-StateMachineUpdater] INFO  impl.StateMachineUpdater (StateMachineUpdater.java:stop(140)) - s1@group-838139DA6374-StateMachineUpdater: closing CounterStateMachine, lastApplied=(t:2, i:4)
2025-09-29 07:14:55,578 [s1@group-838139DA6374-cacheEviction-AwaitToRun] INFO  util.AwaitToRun (AwaitToRun.java:run(49)) - s1@group-838139DA6374-cacheEviction-AwaitToRun-AwaitForSignal is interrupted
2025-09-29 07:14:55,578 [grpc-default-executor-3] WARN  server.GrpcLogAppender (GrpcLogAppender.java:resetClient(237)) - s1@group-838139DA6374->s0-GrpcLogAppender: Failed to getClient for s0
org.apache.ratis.protocol.exceptions.AlreadyClosedException: s1 is already CLOSED
	at org.apache.ratis.util.PeerProxyMap$PeerAndProxy.getProxy(PeerProxyMap.java:70)
	at org.apache.ratis.util.PeerProxyMap.getProxy(PeerProxyMap.java:127)
	at org.apache.ratis.grpc.server.GrpcLogAppender.getClient(GrpcLogAppender.java:207)
	at org.apache.ratis.grpc.server.GrpcLogAppender.resetClient(GrpcLogAppender.java:212)
	at org.apache.ratis.grpc.server.GrpcLogAppender.access$800(GrpcLogAppender.java:70)
	at org.apache.ratis.grpc.server.GrpcLogAppender$AppendLogResponseHandler.onCompleted(GrpcLogAppender.java:559)
	at org.apache.ratis.thirdparty.io.grpc.stub.ClientCalls$StreamObserverToCallListenerAdapter.onClose(ClientCalls.java:579)
	at org.apache.ratis.thirdparty.io.grpc.internal.ClientCallImpl.closeObserver(ClientCallImpl.java:565)
	at org.apache.ratis.thirdparty.io.grpc.internal.ClientCallImpl.access$100(ClientCallImpl.java:72)
	at org.apache.ratis.thirdparty.io.grpc.internal.ClientCallImpl$ClientStreamListenerImpl$1StreamClosed.runInternal(ClientCallImpl.java:733)
	at org.apache.ratis.thirdparty.io.grpc.internal.ClientCallImpl$ClientStreamListenerImpl$1StreamClosed.runInContext(ClientCallImpl.java:714)
	at org.apache.ratis.thirdparty.io.grpc.internal.ContextRunnable.run(ContextRunnable.java:37)
	at org.apache.ratis.thirdparty.io.grpc.internal.SerializingExecutor.run(SerializingExecutor.java:133)
	at java.util.concurrent.ThreadPoolExecutor.runWorker(ThreadPoolExecutor.java:1149)
	at java.util.concurrent.ThreadPoolExecutor$Worker.run(ThreadPoolExecutor.java:624)
	at java.lang.Thread.run(Thread.java:750)
2025-09-29 07:14:55,580 [MiniRaftCluster-43] INFO  server.GrpcServicesImpl (GrpcServicesImpl.java:closeImpl(356)) - s0: shutdown server GrpcServerProtocolService successfully
2025-09-29 07:14:55,580 [MiniRaftCluster-43] INFO  server.GrpcServicesImpl (GrpcServicesImpl.java:closeImpl(347)) - s0: shutdown server org.apache.ratis.grpc.server.GrpcAdminProtocolService now
2025-09-29 07:14:55,580 [grpc-default-executor-12] INFO  server.GrpcLogAppender (GrpcLogAppender.java:onCompleted(558)) - s1@group-838139DA6374->s2-AppendLogResponseHandler: follower responses appendEntries COMPLETED
2025-09-29 07:14:55,580 [grpc-default-executor-12] WARN  server.GrpcLogAppender (GrpcLogAppender.java:resetClient(237)) - s1@group-838139DA6374->s2-GrpcLogAppender: Failed to getClient for s2
org.apache.ratis.protocol.exceptions.AlreadyClosedException: s1 is already CLOSED
	at org.apache.ratis.util.PeerProxyMap$PeerAndProxy.getProxy(PeerProxyMap.java:70)
	at org.apache.ratis.util.PeerProxyMap.getProxy(PeerProxyMap.java:127)
	at org.apache.ratis.grpc.server.GrpcLogAppender.getClient(GrpcLogAppender.java:207)
	at org.apache.ratis.grpc.server.GrpcLogAppender.resetClient(GrpcLogAppender.java:212)
	at org.apache.ratis.grpc.server.GrpcLogAppender.access$800(GrpcLogAppender.java:70)
	at org.apache.ratis.grpc.server.GrpcLogAppender$AppendLogResponseHandler.onCompleted(GrpcLogAppender.java:559)
	at org.apache.ratis.thirdparty.io.grpc.stub.ClientCalls$StreamObserverToCallListenerAdapter.onClose(ClientCalls.java:579)
	at org.apache.ratis.thirdparty.io.grpc.internal.ClientCallImpl.closeObserver(ClientCallImpl.java:565)
	at org.apache.ratis.thirdparty.io.grpc.internal.ClientCallImpl.access$100(ClientCallImpl.java:72)
	at org.apache.ratis.thirdparty.io.grpc.internal.ClientCallImpl$ClientStreamListenerImpl$1StreamClosed.runInternal(ClientCallImpl.java:733)
	at org.apache.ratis.thirdparty.io.grpc.internal.ClientCallImpl$ClientStreamListenerImpl$1StreamClosed.runInContext(ClientCallImpl.java:714)
	at org.apache.ratis.thirdparty.io.grpc.internal.ContextRunnable.run(ContextRunnable.java:37)
	at org.apache.ratis.thirdparty.io.grpc.internal.SerializingExecutor.run(SerializingExecutor.java:133)
	at java.util.concurrent.ThreadPoolExecutor.runWorker(ThreadPoolExecutor.java:1149)
	at java.util.concurrent.ThreadPoolExecutor$Worker.run(ThreadPoolExecutor.java:624)
	at java.lang.Thread.run(Thread.java:750)
2025-09-29 07:14:55,581 [MiniRaftCluster-43] INFO  server.GrpcServicesImpl (GrpcServicesImpl.java:closeImpl(356)) - s0: shutdown server org.apache.ratis.grpc.server.GrpcAdminProtocolService successfully
2025-09-29 07:14:55,582 [grpc-default-executor-3] INFO  server.GrpcLogAppender (GrpcLogAppender.java:onCompleted(558)) - s1@group-838139DA6374->s2-AppendLogResponseHandler: follower responses appendEntries COMPLETED
2025-09-29 07:14:55,582 [grpc-default-executor-3] WARN  server.GrpcLogAppender (GrpcLogAppender.java:resetClient(237)) - s1@group-838139DA6374->s2-GrpcLogAppender: Failed to getClient for s2
org.apache.ratis.protocol.exceptions.AlreadyClosedException: s1 is already CLOSED
	at org.apache.ratis.util.PeerProxyMap$PeerAndProxy.getProxy(PeerProxyMap.java:70)
	at org.apache.ratis.util.PeerProxyMap.getProxy(PeerProxyMap.java:127)
	at org.apache.ratis.grpc.server.GrpcLogAppender.getClient(GrpcLogAppender.java:207)
	at org.apache.ratis.grpc.server.GrpcLogAppender.resetClient(GrpcLogAppender.java:212)
	at org.apache.ratis.grpc.server.GrpcLogAppender.access$800(GrpcLogAppender.java:70)
	at org.apache.ratis.grpc.server.GrpcLogAppender$AppendLogResponseHandler.onCompleted(GrpcLogAppender.java:559)
	at org.apache.ratis.thirdparty.io.grpc.stub.ClientCalls$StreamObserverToCallListenerAdapter.onClose(ClientCalls.java:579)
	at org.apache.ratis.thirdparty.io.grpc.internal.ClientCallImpl.closeObserver(ClientCallImpl.java:565)
	at org.apache.ratis.thirdparty.io.grpc.internal.ClientCallImpl.access$100(ClientCallImpl.java:72)
	at org.apache.ratis.thirdparty.io.grpc.internal.ClientCallImpl$ClientStreamListenerImpl$1StreamClosed.runInternal(ClientCallImpl.java:733)
	at org.apache.ratis.thirdparty.io.grpc.internal.ClientCallImpl$ClientStreamListenerImpl$1StreamClosed.runInContext(ClientCallImpl.java:714)
	at org.apache.ratis.thirdparty.io.grpc.internal.ContextRunnable.run(ContextRunnable.java:37)
	at org.apache.ratis.thirdparty.io.grpc.internal.SerializingExecutor.run(SerializingExecutor.java:133)
	at java.util.concurrent.ThreadPoolExecutor.runWorker(ThreadPoolExecutor.java:1149)
	at java.util.concurrent.ThreadPoolExecutor$Worker.run(ThreadPoolExecutor.java:624)
	at java.lang.Thread.run(Thread.java:750)
2025-09-29 07:14:55,583 [grpc-default-executor-3] INFO  server.GrpcLogAppender (GrpcLogAppender.java:onError(545)) - s1@group-838139DA6374->s0-GrpcLogAppender is already stopped
2025-09-29 07:14:55,583 [MiniRaftCluster-45] INFO  server.GrpcServicesImpl (GrpcServicesImpl.java:closeImpl(356)) - s2: shutdown server GrpcServerProtocolService successfully
2025-09-29 07:14:55,583 [MiniRaftCluster-45] INFO  server.GrpcServicesImpl (GrpcServicesImpl.java:closeImpl(347)) - s2: shutdown server org.apache.ratis.grpc.server.GrpcAdminProtocolService now
2025-09-29 07:14:55,584 [MiniRaftCluster-45] INFO  server.GrpcServicesImpl (GrpcServicesImpl.java:closeImpl(356)) - s2: shutdown server org.apache.ratis.grpc.server.GrpcAdminProtocolService successfully
2025-09-29 07:14:55,585 [MiniRaftCluster-44] INFO  server.GrpcServicesImpl (GrpcServicesImpl.java:closeImpl(356)) - s1: shutdown server org.apache.ratis.grpc.server.GrpcClientProtocolService successfully
2025-09-29 07:14:55,585 [MiniRaftCluster-44] INFO  server.GrpcServicesImpl (GrpcServicesImpl.java:closeImpl(347)) - s1: shutdown server GrpcServerProtocolService now
2025-09-29 07:14:55,585 [MiniRaftCluster-44] INFO  server.GrpcServicesImpl (GrpcServicesImpl.java:closeImpl(356)) - s1: shutdown server GrpcServerProtocolService successfully
2025-09-29 07:14:55,585 [MiniRaftCluster-44] INFO  server.GrpcServicesImpl (GrpcServicesImpl.java:closeImpl(347)) - s1: shutdown server org.apache.ratis.grpc.server.GrpcAdminProtocolService now
2025-09-29 07:14:55,586 [MiniRaftCluster-44] INFO  server.GrpcServicesImpl (GrpcServicesImpl.java:closeImpl(356)) - s1: shutdown server org.apache.ratis.grpc.server.GrpcAdminProtocolService successfully
2025-09-29 07:14:56,354 [s1-impl-thread1] INFO  segmented.SegmentedRaftLogWorker (SegmentedRaftLogWorker.java:close(254)) - s1@group-838139DA6374-SegmentedRaftLogWorker close()
2025-09-29 07:14:56,355 [JvmPauseMonitor22] INFO  util.JvmPauseMonitor (JvmPauseMonitor.java:run(152)) - JvmPauseMonitor-s1: Stopped
2025-09-29 07:14:56,355 [s2-impl-thread1] INFO  segmented.SegmentedRaftLogWorker (SegmentedRaftLogWorker.java:close(254)) - s2@group-838139DA6374-SegmentedRaftLogWorker close()
2025-09-29 07:14:56,355 [s0-impl-thread1] INFO  segmented.SegmentedRaftLogWorker (SegmentedRaftLogWorker.java:close(254)) - s0@group-838139DA6374-SegmentedRaftLogWorker close()
2025-09-29 07:14:56,358 [JvmPauseMonitor23] INFO  util.JvmPauseMonitor (JvmPauseMonitor.java:run(152)) - JvmPauseMonitor-s2: Stopped
2025-09-29 07:14:56,358 [JvmPauseMonitor21] INFO  util.JvmPauseMonitor (JvmPauseMonitor.java:run(152)) - JvmPauseMonitor-s0: Stopped
2025-09-29 07:14:56,358 [main] INFO  impl.MiniRaftCluster (MiniRaftCluster.java:shutdown(848)) - MiniRaftClusterWithGrpc shutdown completed
]]></system-out>
  </testcase>
  <testcase name="testFollowerLeaseReadParallel" classname="org.apache.ratis.grpc.TestReadOnlyRequestWithGrpc" time="1.528">
    <system-out><![CDATA[2025-09-29 07:14:56,360 [main] INFO  util.LogUtils (Slf4jUtils.java:setLogLevel(38)) - Successfully set org.apache.ratis.conf.ConfUtils log level to WARN
2025-09-29 07:14:56,360 [main] INFO  util.LogUtils (Slf4jUtils.java:setLogLevel(38)) - Successfully set org.apache.ratis.util.FileUtils log level to TRACE
2025-09-29 07:14:56,360 [main] INFO  util.LogUtils (Slf4jUtils.java:setLogLevel(38)) - Successfully set org.apache.ratis.server.RaftServer$Division log level to DEBUG
2025-09-29 07:14:56,362 [main] INFO  impl.MiniRaftCluster (MiniRaftCluster.java:runWithNewCluster(136)) - Running runWithNewCluster
2025-09-29 07:14:56,362 [main] INFO  impl.MiniRaftCluster (MiniRaftCluster.java:<init>(296)) - new MiniRaftClusterWithGrpc with group-045CE378E2DF:[s0|localhost:15096, s1|localhost:15100, s2|localhost:15104]
2025-09-29 07:14:56,363 [main] INFO  impl.MiniRaftCluster (MiniRaftCluster.java:start(329)) - .............................................................. 
2025-09-29 07:14:56,363 [main] INFO  impl.MiniRaftCluster (MiniRaftCluster.java:start(330)) - ... 
2025-09-29 07:14:56,363 [main] INFO  impl.MiniRaftCluster (MiniRaftCluster.java:start(331)) - ...     Starting MiniRaftClusterWithGrpc
2025-09-29 07:14:56,363 [main] INFO  impl.MiniRaftCluster (MiniRaftCluster.java:start(332)) - ... 
2025-09-29 07:14:56,363 [main] INFO  impl.MiniRaftCluster (MiniRaftCluster.java:start(333)) - .............................................................. 
2025-09-29 07:14:56,363 [main] INFO  impl.MiniRaftCluster (MiniRaftCluster.java:initServers(308)) - servers = {}
2025-09-29 07:14:56,363 [main] INFO  impl.MiniRaftCluster (MiniRaftCluster.java:newRaftServer(375)) - newRaftServer: s0, group-045CE378E2DF:[s0|localhost:15096, s1|localhost:15100, s2|localhost:15104], format? true
2025-09-29 07:14:56,363 [main] TRACE util.FileUtils (FileUtils.java:deleteFully(355)) - deleteFully target/test/data/6b14e155/MiniRaftClusterWithGrpc2c9f1ac7/s0
2025-09-29 07:14:56,364 [main] TRACE util.FileUtils (FileUtils.java:deleteFully(368)) - deleteFully: target/test/data/6b14e155/MiniRaftClusterWithGrpc2c9f1ac7/s0 does not exist.
2025-09-29 07:14:56,364 [main] INFO  impl.MiniRaftCluster (MiniRaftCluster.java:newRaftServer(380)) - Formatted directory target/test/data/6b14e155/MiniRaftClusterWithGrpc2c9f1ac7/s0
2025-09-29 07:14:56,364 [main] INFO  server.RaftServer (VersionInfo.java:printStartupMessages(132)) - Starting Apache Ratis Test -- RaftServerProxy s0
2025-09-29 07:14:56,365 [main] INFO  server.RaftServer (VersionInfo.java:printStartupMessages(136)) -                version: 3.1.3
2025-09-29 07:14:56,365 [main] INFO  server.RaftServer (VersionInfo.java:printStartupMessages(136)) -                    url: https://github.com/apache/ratis
2025-09-29 07:14:56,365 [main] INFO  server.RaftServer (VersionInfo.java:printStartupMessages(136)) -               revision: d902c593e11de03b157527cf3ee9a12cdd9ad451
2025-09-29 07:14:56,365 [main] INFO  server.RaftServer (VersionInfo.java:printStartupMessages(139)) -                   java: OpenJDK 64-Bit Server VM 1.8.0_462-b08
2025-09-29 07:14:56,365 [main] INFO  server.RaftServer (VersionInfo.java:printStartupMessages(139)) -                   user: runner
2025-09-29 07:14:56,365 [main] INFO  grpc.GrpcConfigKeys (ConfUtils.java:logFallback(69)) - raft.grpc.admin.host = null (fallback to raft.grpc.server.host)
2025-09-29 07:14:56,366 [main] INFO  grpc.GrpcConfigKeys (ConfUtils.java:logGet(62)) - raft.grpc.admin.port = 15097 (custom)
2025-09-29 07:14:56,366 [main] INFO  grpc.GrpcConfigKeys (ConfUtils.java:logFallback(69)) - raft.grpc.client.host = null (fallback to raft.grpc.server.host)
2025-09-29 07:14:56,366 [main] INFO  grpc.GrpcConfigKeys (ConfUtils.java:logGet(62)) - raft.grpc.client.port = 15098 (custom)
2025-09-29 07:14:56,366 [main] INFO  grpc.GrpcConfigKeys (ConfUtils.java:logGet(62)) - raft.grpc.server.port = 15096 (custom)
2025-09-29 07:14:56,368 [main] INFO  server.RaftServerConfigKeys (ConfUtils.java:logGet(62)) - raft.server.storage.dir = [/home/runner/work/ratis/ratis/ratis-test/target/test/data/6b14e155/MiniRaftClusterWithGrpc2c9f1ac7/s0] (custom)
2025-09-29 07:14:56,368 [main] INFO  server.RaftServer (RaftServerProxy.java:addNew(106)) - s0: addNew group-045CE378E2DF:[s0|localhost:15096, s1|localhost:15100, s2|localhost:15104] returns group-045CE378E2DF:java.util.concurrent.CompletableFuture@78f4d15d[Not completed]
2025-09-29 07:14:56,368 [s0-groupManagement] INFO  server.RaftServer$Division (RaftServerImpl.java:<init>(268)) - s0: new RaftServerImpl for group-045CE378E2DF:[s0|localhost:15096, s1|localhost:15100, s2|localhost:15104] with CounterStateMachine-25:uninitialized
2025-09-29 07:14:56,368 [main] INFO  impl.MiniRaftCluster (MiniRaftCluster.java:newRaftServer(375)) - newRaftServer: s1, group-045CE378E2DF:[s0|localhost:15096, s1|localhost:15100, s2|localhost:15104], format? true
2025-09-29 07:14:56,369 [main] TRACE util.FileUtils (FileUtils.java:deleteFully(355)) - deleteFully target/test/data/6b14e155/MiniRaftClusterWithGrpc2c9f1ac7/s1
2025-09-29 07:14:56,368 [s0-groupManagement] INFO  server.RaftServer$Division (ServerState.java:<init>(114)) - s0@group-045CE378E2DF: ConfigurationManager, init=conf: {index: -1, cur=peers:[s0|localhost:15096, s1|localhost:15100, s2|localhost:15104]|listeners:[], old=null}, confs=<EMPTY_MAP>
2025-09-29 07:14:56,369 [main] TRACE util.FileUtils (FileUtils.java:deleteFully(368)) - deleteFully: target/test/data/6b14e155/MiniRaftClusterWithGrpc2c9f1ac7/s1 does not exist.
2025-09-29 07:14:56,369 [main] INFO  impl.MiniRaftCluster (MiniRaftCluster.java:newRaftServer(380)) - Formatted directory target/test/data/6b14e155/MiniRaftClusterWithGrpc2c9f1ac7/s1
2025-09-29 07:14:56,369 [main] INFO  server.RaftServer (VersionInfo.java:printStartupMessages(132)) - Starting Apache Ratis Test -- RaftServerProxy s1
2025-09-29 07:14:56,370 [main] INFO  server.RaftServer (VersionInfo.java:printStartupMessages(136)) -                version: 3.1.3
2025-09-29 07:14:56,370 [main] INFO  server.RaftServer (VersionInfo.java:printStartupMessages(136)) -                    url: https://github.com/apache/ratis
2025-09-29 07:14:56,370 [main] INFO  server.RaftServer (VersionInfo.java:printStartupMessages(136)) -               revision: d902c593e11de03b157527cf3ee9a12cdd9ad451
2025-09-29 07:14:56,370 [main] INFO  server.RaftServer (VersionInfo.java:printStartupMessages(139)) -                   java: OpenJDK 64-Bit Server VM 1.8.0_462-b08
2025-09-29 07:14:56,370 [main] INFO  server.RaftServer (VersionInfo.java:printStartupMessages(139)) -                   user: runner
2025-09-29 07:14:56,370 [main] INFO  grpc.GrpcConfigKeys (ConfUtils.java:logFallback(69)) - raft.grpc.admin.host = null (fallback to raft.grpc.server.host)
2025-09-29 07:14:56,371 [main] INFO  grpc.GrpcConfigKeys (ConfUtils.java:logGet(62)) - raft.grpc.admin.port = 15101 (custom)
2025-09-29 07:14:56,371 [main] INFO  grpc.GrpcConfigKeys (ConfUtils.java:logFallback(69)) - raft.grpc.client.host = null (fallback to raft.grpc.server.host)
2025-09-29 07:14:56,371 [main] INFO  grpc.GrpcConfigKeys (ConfUtils.java:logGet(62)) - raft.grpc.client.port = 15102 (custom)
2025-09-29 07:14:56,371 [main] INFO  grpc.GrpcConfigKeys (ConfUtils.java:logGet(62)) - raft.grpc.server.port = 15100 (custom)
2025-09-29 07:14:56,373 [main] INFO  server.RaftServerConfigKeys (ConfUtils.java:logGet(62)) - raft.server.storage.dir = [/home/runner/work/ratis/ratis/ratis-test/target/test/data/6b14e155/MiniRaftClusterWithGrpc2c9f1ac7/s1] (custom)
2025-09-29 07:14:56,373 [main] INFO  server.RaftServer (RaftServerProxy.java:addNew(106)) - s1: addNew group-045CE378E2DF:[s0|localhost:15096, s1|localhost:15100, s2|localhost:15104] returns group-045CE378E2DF:java.util.concurrent.CompletableFuture@2f498f21[Not completed]
2025-09-29 07:14:56,373 [s1-groupManagement] INFO  server.RaftServer$Division (RaftServerImpl.java:<init>(268)) - s1: new RaftServerImpl for group-045CE378E2DF:[s0|localhost:15096, s1|localhost:15100, s2|localhost:15104] with CounterStateMachine-26:uninitialized
2025-09-29 07:14:56,374 [main] INFO  impl.MiniRaftCluster (MiniRaftCluster.java:newRaftServer(375)) - newRaftServer: s2, group-045CE378E2DF:[s0|localhost:15096, s1|localhost:15100, s2|localhost:15104], format? true
2025-09-29 07:14:56,374 [main] TRACE util.FileUtils (FileUtils.java:deleteFully(355)) - deleteFully target/test/data/6b14e155/MiniRaftClusterWithGrpc2c9f1ac7/s2
2025-09-29 07:14:56,374 [s1-groupManagement] INFO  server.RaftServer$Division (ServerState.java:<init>(114)) - s1@group-045CE378E2DF: ConfigurationManager, init=conf: {index: -1, cur=peers:[s0|localhost:15096, s1|localhost:15100, s2|localhost:15104]|listeners:[], old=null}, confs=<EMPTY_MAP>
2025-09-29 07:14:56,374 [main] TRACE util.FileUtils (FileUtils.java:deleteFully(368)) - deleteFully: target/test/data/6b14e155/MiniRaftClusterWithGrpc2c9f1ac7/s2 does not exist.
2025-09-29 07:14:56,374 [main] INFO  impl.MiniRaftCluster (MiniRaftCluster.java:newRaftServer(380)) - Formatted directory target/test/data/6b14e155/MiniRaftClusterWithGrpc2c9f1ac7/s2
2025-09-29 07:14:56,375 [main] INFO  server.RaftServer (VersionInfo.java:printStartupMessages(132)) - Starting Apache Ratis Test -- RaftServerProxy s2
2025-09-29 07:14:56,375 [main] INFO  server.RaftServer (VersionInfo.java:printStartupMessages(136)) -                version: 3.1.3
2025-09-29 07:14:56,375 [main] INFO  server.RaftServer (VersionInfo.java:printStartupMessages(136)) -                    url: https://github.com/apache/ratis
2025-09-29 07:14:56,375 [main] INFO  server.RaftServer (VersionInfo.java:printStartupMessages(136)) -               revision: d902c593e11de03b157527cf3ee9a12cdd9ad451
2025-09-29 07:14:56,375 [main] INFO  server.RaftServer (VersionInfo.java:printStartupMessages(139)) -                   java: OpenJDK 64-Bit Server VM 1.8.0_462-b08
2025-09-29 07:14:56,376 [main] INFO  server.RaftServer (VersionInfo.java:printStartupMessages(139)) -                   user: runner
2025-09-29 07:14:56,376 [main] INFO  grpc.GrpcConfigKeys (ConfUtils.java:logFallback(69)) - raft.grpc.admin.host = null (fallback to raft.grpc.server.host)
2025-09-29 07:14:56,376 [main] INFO  grpc.GrpcConfigKeys (ConfUtils.java:logGet(62)) - raft.grpc.admin.port = 15105 (custom)
2025-09-29 07:14:56,376 [main] INFO  grpc.GrpcConfigKeys (ConfUtils.java:logFallback(69)) - raft.grpc.client.host = null (fallback to raft.grpc.server.host)
2025-09-29 07:14:56,376 [main] INFO  grpc.GrpcConfigKeys (ConfUtils.java:logGet(62)) - raft.grpc.client.port = 15106 (custom)
2025-09-29 07:14:56,377 [main] INFO  grpc.GrpcConfigKeys (ConfUtils.java:logGet(62)) - raft.grpc.server.port = 15104 (custom)
2025-09-29 07:14:56,378 [main] INFO  server.RaftServerConfigKeys (ConfUtils.java:logGet(62)) - raft.server.storage.dir = [/home/runner/work/ratis/ratis/ratis-test/target/test/data/6b14e155/MiniRaftClusterWithGrpc2c9f1ac7/s2] (custom)
2025-09-29 07:14:56,379 [main] INFO  server.RaftServer (RaftServerProxy.java:addNew(106)) - s2: addNew group-045CE378E2DF:[s0|localhost:15096, s1|localhost:15100, s2|localhost:15104] returns group-045CE378E2DF:java.util.concurrent.CompletableFuture@c7c07ff[Not completed]
2025-09-29 07:14:56,379 [s2-groupManagement] INFO  server.RaftServer$Division (RaftServerImpl.java:<init>(268)) - s2: new RaftServerImpl for group-045CE378E2DF:[s0|localhost:15096, s1|localhost:15100, s2|localhost:15104] with CounterStateMachine-27:uninitialized
2025-09-29 07:14:56,379 [s2-groupManagement] INFO  server.RaftServer$Division (ServerState.java:<init>(114)) - s2@group-045CE378E2DF: ConfigurationManager, init=conf: {index: -1, cur=peers:[s0|localhost:15096, s1|localhost:15100, s2|localhost:15104]|listeners:[], old=null}, confs=<EMPTY_MAP>
2025-09-29 07:14:56,379 [s0-impl-thread1] INFO  server.RaftServerConfigKeys (ConfUtils.java:logGet(62)) - raft.server.storage.dir = [/home/runner/work/ratis/ratis/ratis-test/target/test/data/6b14e155/MiniRaftClusterWithGrpc2c9f1ac7/s0] (custom)
2025-09-29 07:14:56,379 [s0-impl-thread1] INFO  storage.RaftStorageDirectory (RaftStorageDirectoryImpl.java:analyzeStorage(138)) - The storage directory /home/runner/work/ratis/ratis/ratis-test/target/test/data/6b14e155/MiniRaftClusterWithGrpc2c9f1ac7/s0/bada8538-6238-44aa-a8cf-045ce378e2df does not exist. Creating ...
2025-09-29 07:14:56,380 [s0-impl-thread1] TRACE util.FileUtils (LogUtils.java:runAndLog(49)) - Successfully ran Files.createDirectories /home/runner/work/ratis/ratis/ratis-test/target/test/data/6b14e155/MiniRaftClusterWithGrpc2c9f1ac7/s0/bada8538-6238-44aa-a8cf-045ce378e2df
2025-09-29 07:14:56,380 [s0-impl-thread1] INFO  storage.RaftStorageDirectory (RaftStorageDirectoryImpl.java:tryLock(229)) - Lock on /home/runner/work/ratis/ratis/ratis-test/target/test/data/6b14e155/MiniRaftClusterWithGrpc2c9f1ac7/s0/bada8538-6238-44aa-a8cf-045ce378e2df/in_use.lock acquired by nodename 24167@runnervm3ublj
2025-09-29 07:14:56,381 [s0-impl-thread1] TRACE util.FileUtils (LogUtils.java:runAndLog(49)) - Successfully ran Files.createDirectories /home/runner/work/ratis/ratis/ratis-test/target/test/data/6b14e155/MiniRaftClusterWithGrpc2c9f1ac7/s0/bada8538-6238-44aa-a8cf-045ce378e2df/current
2025-09-29 07:14:56,381 [s0-impl-thread1] TRACE util.FileUtils (LogUtils.java:runAndLog(49)) - Successfully ran Files.createDirectories /home/runner/work/ratis/ratis/ratis-test/target/test/data/6b14e155/MiniRaftClusterWithGrpc2c9f1ac7/s0/bada8538-6238-44aa-a8cf-045ce378e2df/sm
2025-09-29 07:14:56,381 [s0-impl-thread1] TRACE util.FileUtils (LogUtils.java:supplyAndLog(69)) - Successfully supplied FileChannel.open /home/runner/work/ratis/ratis/ratis-test/target/test/data/6b14e155/MiniRaftClusterWithGrpc2c9f1ac7/s0/bada8538-6238-44aa-a8cf-045ce378e2df/current/raft-meta.tmp with options [CREATE, TRUNCATE_EXISTING, WRITE]: sun.nio.ch.FileChannelImpl@739a46a2
2025-09-29 07:14:56,382 [s0-impl-thread1] TRACE util.FileUtils (LogUtils.java:runAndLog(49)) - Successfully ran Atomic Files.move /home/runner/work/ratis/ratis/ratis-test/target/test/data/6b14e155/MiniRaftClusterWithGrpc2c9f1ac7/s0/bada8538-6238-44aa-a8cf-045ce378e2df/current/raft-meta.tmp to /home/runner/work/ratis/ratis/ratis-test/target/test/data/6b14e155/MiniRaftClusterWithGrpc2c9f1ac7/s0/bada8538-6238-44aa-a8cf-045ce378e2df/current/raft-meta with options [REPLACE_EXISTING]
2025-09-29 07:14:56,382 [s0-impl-thread1] INFO  storage.RaftStorage (RaftStorageImpl.java:format(98)) - Storage directory /home/runner/work/ratis/ratis/ratis-test/target/test/data/6b14e155/MiniRaftClusterWithGrpc2c9f1ac7/s0/bada8538-6238-44aa-a8cf-045ce378e2df has been successfully formatted.
2025-09-29 07:14:56,382 [s0-impl-thread1] INFO  server.RaftServer$Division (ServerState.java:getSnapshotIndexFromStateMachine(154)) - s0@group-045CE378E2DF: getLatestSnapshot(CounterStateMachine-25:s0:group-045CE378E2DF) returns null
2025-09-29 07:14:56,382 [s0-impl-thread1] INFO  raftlog.RaftLog (RaftLogBase.java:<init>(90)) - s0@group-045CE378E2DF-SegmentedRaftLog: snapshotIndexFromStateMachine = -1
2025-09-29 07:14:56,382 [s0-impl-thread1] INFO  util.AwaitToRun (AwaitToRun.java:start(81)) - Thread[s0@group-045CE378E2DF-cacheEviction-AwaitToRun,5,main] started
2025-09-29 07:14:56,382 [s0-impl-thread1] INFO  segmented.SegmentedRaftLogWorker (SegmentedRaftLogWorker.java:<init>(190)) - new s0@group-045CE378E2DF-SegmentedRaftLogWorker for RaftStorageImpl:Storage Directory /home/runner/work/ratis/ratis/ratis-test/target/test/data/6b14e155/MiniRaftClusterWithGrpc2c9f1ac7/s0/bada8538-6238-44aa-a8cf-045ce378e2df
2025-09-29 07:14:56,383 [s0-impl-thread1] INFO  segmented.SegmentedRaftLogWorker (SegmentedRaftLogWorker.java:lambda$new$0(141)) - s0@group-045CE378E2DF-SegmentedRaftLogWorker: flushIndex: setUnconditionally 0 -> -1
2025-09-29 07:14:56,383 [s0-impl-thread1] INFO  segmented.SegmentedRaftLogWorker (SegmentedRaftLogWorker.java:lambda$new$0(141)) - s0@group-045CE378E2DF-SegmentedRaftLogWorker: safeCacheEvictIndex: setUnconditionally 0 -> -1
2025-09-29 07:14:56,383 [s0-impl-thread1] INFO  server.RaftServer$Division (RaftServerImpl.java:start(405)) - s0@group-045CE378E2DF: start as a follower, conf=conf: {index: -1, cur=peers:[s0|localhost:15096, s1|localhost:15100, s2|localhost:15104]|listeners:[], old=null}
2025-09-29 07:14:56,384 [s0-impl-thread1] INFO  server.RaftServer$Division (RaftServerImpl.java:setRole(392)) - s0@group-045CE378E2DF: changes role from      null to FOLLOWER at term 0 for startAsFollower
2025-09-29 07:14:56,384 [s0-impl-thread1] INFO  impl.RoleInfo (RoleInfo.java:updateAndGet(148)) - s0: start s0@group-045CE378E2DF-FollowerState
2025-09-29 07:14:56,384 [s0@group-045CE378E2DF-FollowerState] INFO  server.RaftServerConfigKeys (ConfUtils.java:logFallback(69)) - raft.server.rpc.first-election.timeout.min = 150ms (fallback to raft.server.rpc.timeout.min)
2025-09-29 07:14:56,384 [s0-impl-thread1] INFO  util.JmxRegister (JmxRegister.java:tryRegister(44)) - Successfully registered JMX Bean with object name Ratis:service=RaftServer,group=group-045CE378E2DF,id=s0
2025-09-29 07:14:56,384 [s0@group-045CE378E2DF-FollowerState] INFO  server.RaftServerConfigKeys (ConfUtils.java:logFallback(69)) - raft.server.rpc.first-election.timeout.max = 300ms (fallback to raft.server.rpc.timeout.max)
2025-09-29 07:14:56,384 [s0-impl-thread1] INFO  util.JmxRegister (JmxRegister.java:register(58)) - register mxBean class org.apache.ratis.server.impl.RaftServerJmxAdapter as Ratis:service=RaftServer,group=group-045CE378E2DF,id=s0
2025-09-29 07:14:56,384 [s0-impl-thread1] INFO  server.RaftServer$Division (RaftServerImpl.java:start(419)) - s0@group-045CE378E2DF: Successfully started.
2025-09-29 07:14:56,385 [main] INFO  server.RaftServer (RaftServerProxy.java:startImpl(415)) - s0: start RPC server
2025-09-29 07:14:56,385 [main] INFO  server.GrpcServicesImpl (GrpcServicesImpl.java:startImpl(338)) - s0: GrpcServicesImpl started, listening on 15098
2025-09-29 07:14:56,386 [main] INFO  server.GrpcServicesImpl (GrpcServicesImpl.java:startImpl(338)) - s0: GrpcServicesImpl started, listening on 15096
2025-09-29 07:14:56,386 [main] INFO  server.GrpcServicesImpl (GrpcServicesImpl.java:startImpl(338)) - s0: GrpcServicesImpl started, listening on 15097
2025-09-29 07:14:56,386 [JvmPauseMonitor24] INFO  util.JvmPauseMonitor (JvmPauseMonitor.java:run(146)) - JvmPauseMonitor-s0: Started
2025-09-29 07:14:56,387 [s1-impl-thread1] INFO  server.RaftServerConfigKeys (ConfUtils.java:logGet(62)) - raft.server.storage.dir = [/home/runner/work/ratis/ratis/ratis-test/target/test/data/6b14e155/MiniRaftClusterWithGrpc2c9f1ac7/s1] (custom)
2025-09-29 07:14:56,387 [s1-impl-thread1] INFO  storage.RaftStorageDirectory (RaftStorageDirectoryImpl.java:analyzeStorage(138)) - The storage directory /home/runner/work/ratis/ratis/ratis-test/target/test/data/6b14e155/MiniRaftClusterWithGrpc2c9f1ac7/s1/bada8538-6238-44aa-a8cf-045ce378e2df does not exist. Creating ...
2025-09-29 07:14:56,387 [s1-impl-thread1] TRACE util.FileUtils (LogUtils.java:runAndLog(49)) - Successfully ran Files.createDirectories /home/runner/work/ratis/ratis/ratis-test/target/test/data/6b14e155/MiniRaftClusterWithGrpc2c9f1ac7/s1/bada8538-6238-44aa-a8cf-045ce378e2df
2025-09-29 07:14:56,388 [s1-impl-thread1] INFO  storage.RaftStorageDirectory (RaftStorageDirectoryImpl.java:tryLock(229)) - Lock on /home/runner/work/ratis/ratis/ratis-test/target/test/data/6b14e155/MiniRaftClusterWithGrpc2c9f1ac7/s1/bada8538-6238-44aa-a8cf-045ce378e2df/in_use.lock acquired by nodename 24167@runnervm3ublj
2025-09-29 07:14:56,388 [s1-impl-thread1] TRACE util.FileUtils (LogUtils.java:runAndLog(49)) - Successfully ran Files.createDirectories /home/runner/work/ratis/ratis/ratis-test/target/test/data/6b14e155/MiniRaftClusterWithGrpc2c9f1ac7/s1/bada8538-6238-44aa-a8cf-045ce378e2df/current
2025-09-29 07:14:56,388 [s1-impl-thread1] TRACE util.FileUtils (LogUtils.java:runAndLog(49)) - Successfully ran Files.createDirectories /home/runner/work/ratis/ratis/ratis-test/target/test/data/6b14e155/MiniRaftClusterWithGrpc2c9f1ac7/s1/bada8538-6238-44aa-a8cf-045ce378e2df/sm
2025-09-29 07:14:56,388 [s1-impl-thread1] TRACE util.FileUtils (LogUtils.java:supplyAndLog(69)) - Successfully supplied FileChannel.open /home/runner/work/ratis/ratis/ratis-test/target/test/data/6b14e155/MiniRaftClusterWithGrpc2c9f1ac7/s1/bada8538-6238-44aa-a8cf-045ce378e2df/current/raft-meta.tmp with options [CREATE, TRUNCATE_EXISTING, WRITE]: sun.nio.ch.FileChannelImpl@529dcb87
2025-09-29 07:14:56,389 [s1-impl-thread1] TRACE util.FileUtils (LogUtils.java:runAndLog(49)) - Successfully ran Atomic Files.move /home/runner/work/ratis/ratis/ratis-test/target/test/data/6b14e155/MiniRaftClusterWithGrpc2c9f1ac7/s1/bada8538-6238-44aa-a8cf-045ce378e2df/current/raft-meta.tmp to /home/runner/work/ratis/ratis/ratis-test/target/test/data/6b14e155/MiniRaftClusterWithGrpc2c9f1ac7/s1/bada8538-6238-44aa-a8cf-045ce378e2df/current/raft-meta with options [REPLACE_EXISTING]
2025-09-29 07:14:56,389 [s1-impl-thread1] INFO  storage.RaftStorage (RaftStorageImpl.java:format(98)) - Storage directory /home/runner/work/ratis/ratis/ratis-test/target/test/data/6b14e155/MiniRaftClusterWithGrpc2c9f1ac7/s1/bada8538-6238-44aa-a8cf-045ce378e2df has been successfully formatted.
2025-09-29 07:14:56,389 [s1-impl-thread1] INFO  server.RaftServer$Division (ServerState.java:getSnapshotIndexFromStateMachine(154)) - s1@group-045CE378E2DF: getLatestSnapshot(CounterStateMachine-26:s1:group-045CE378E2DF) returns null
2025-09-29 07:14:56,389 [s1-impl-thread1] INFO  raftlog.RaftLog (RaftLogBase.java:<init>(90)) - s1@group-045CE378E2DF-SegmentedRaftLog: snapshotIndexFromStateMachine = -1
2025-09-29 07:14:56,389 [s1-impl-thread1] INFO  util.AwaitToRun (AwaitToRun.java:start(81)) - Thread[s1@group-045CE378E2DF-cacheEviction-AwaitToRun,5,main] started
2025-09-29 07:14:56,390 [s1-impl-thread1] INFO  segmented.SegmentedRaftLogWorker (SegmentedRaftLogWorker.java:<init>(190)) - new s1@group-045CE378E2DF-SegmentedRaftLogWorker for RaftStorageImpl:Storage Directory /home/runner/work/ratis/ratis/ratis-test/target/test/data/6b14e155/MiniRaftClusterWithGrpc2c9f1ac7/s1/bada8538-6238-44aa-a8cf-045ce378e2df
2025-09-29 07:14:56,391 [s1-impl-thread1] INFO  segmented.SegmentedRaftLogWorker (SegmentedRaftLogWorker.java:lambda$new$0(141)) - s1@group-045CE378E2DF-SegmentedRaftLogWorker: flushIndex: setUnconditionally 0 -> -1
2025-09-29 07:14:56,391 [s1-impl-thread1] INFO  segmented.SegmentedRaftLogWorker (SegmentedRaftLogWorker.java:lambda$new$0(141)) - s1@group-045CE378E2DF-SegmentedRaftLogWorker: safeCacheEvictIndex: setUnconditionally 0 -> -1
2025-09-29 07:14:56,392 [s1-impl-thread1] INFO  server.RaftServer$Division (RaftServerImpl.java:start(405)) - s1@group-045CE378E2DF: start as a follower, conf=conf: {index: -1, cur=peers:[s0|localhost:15096, s1|localhost:15100, s2|localhost:15104]|listeners:[], old=null}
2025-09-29 07:14:56,392 [s1-impl-thread1] INFO  server.RaftServer$Division (RaftServerImpl.java:setRole(392)) - s1@group-045CE378E2DF: changes role from      null to FOLLOWER at term 0 for startAsFollower
2025-09-29 07:14:56,392 [s1-impl-thread1] INFO  impl.RoleInfo (RoleInfo.java:updateAndGet(148)) - s1: start s1@group-045CE378E2DF-FollowerState
2025-09-29 07:14:56,392 [s1-impl-thread1] INFO  util.JmxRegister (JmxRegister.java:tryRegister(44)) - Successfully registered JMX Bean with object name Ratis:service=RaftServer,group=group-045CE378E2DF,id=s1
2025-09-29 07:14:56,393 [s1@group-045CE378E2DF-FollowerState] INFO  server.RaftServerConfigKeys (ConfUtils.java:logFallback(69)) - raft.server.rpc.first-election.timeout.min = 150ms (fallback to raft.server.rpc.timeout.min)
2025-09-29 07:14:56,393 [s1@group-045CE378E2DF-FollowerState] INFO  server.RaftServerConfigKeys (ConfUtils.java:logFallback(69)) - raft.server.rpc.first-election.timeout.max = 300ms (fallback to raft.server.rpc.timeout.max)
2025-09-29 07:14:56,393 [s1-impl-thread1] INFO  util.JmxRegister (JmxRegister.java:register(58)) - register mxBean class org.apache.ratis.server.impl.RaftServerJmxAdapter as Ratis:service=RaftServer,group=group-045CE378E2DF,id=s1
2025-09-29 07:14:56,393 [s1-impl-thread1] INFO  server.RaftServer$Division (RaftServerImpl.java:start(419)) - s1@group-045CE378E2DF: Successfully started.
2025-09-29 07:14:56,393 [main] INFO  server.RaftServer (RaftServerProxy.java:startImpl(415)) - s1: start RPC server
2025-09-29 07:14:56,394 [main] INFO  server.GrpcServicesImpl (GrpcServicesImpl.java:startImpl(338)) - s1: GrpcServicesImpl started, listening on 15102
2025-09-29 07:14:56,395 [main] INFO  server.GrpcServicesImpl (GrpcServicesImpl.java:startImpl(338)) - s1: GrpcServicesImpl started, listening on 15100
2025-09-29 07:14:56,395 [main] INFO  server.GrpcServicesImpl (GrpcServicesImpl.java:startImpl(338)) - s1: GrpcServicesImpl started, listening on 15101
2025-09-29 07:14:56,395 [JvmPauseMonitor25] INFO  util.JvmPauseMonitor (JvmPauseMonitor.java:run(146)) - JvmPauseMonitor-s1: Started
2025-09-29 07:14:56,396 [s2-impl-thread1] INFO  server.RaftServerConfigKeys (ConfUtils.java:logGet(62)) - raft.server.storage.dir = [/home/runner/work/ratis/ratis/ratis-test/target/test/data/6b14e155/MiniRaftClusterWithGrpc2c9f1ac7/s2] (custom)
2025-09-29 07:14:56,396 [s2-impl-thread1] INFO  storage.RaftStorageDirectory (RaftStorageDirectoryImpl.java:analyzeStorage(138)) - The storage directory /home/runner/work/ratis/ratis/ratis-test/target/test/data/6b14e155/MiniRaftClusterWithGrpc2c9f1ac7/s2/bada8538-6238-44aa-a8cf-045ce378e2df does not exist. Creating ...
2025-09-29 07:14:56,396 [s2-impl-thread1] TRACE util.FileUtils (LogUtils.java:runAndLog(49)) - Successfully ran Files.createDirectories /home/runner/work/ratis/ratis/ratis-test/target/test/data/6b14e155/MiniRaftClusterWithGrpc2c9f1ac7/s2/bada8538-6238-44aa-a8cf-045ce378e2df
2025-09-29 07:14:56,397 [s2-impl-thread1] INFO  storage.RaftStorageDirectory (RaftStorageDirectoryImpl.java:tryLock(229)) - Lock on /home/runner/work/ratis/ratis/ratis-test/target/test/data/6b14e155/MiniRaftClusterWithGrpc2c9f1ac7/s2/bada8538-6238-44aa-a8cf-045ce378e2df/in_use.lock acquired by nodename 24167@runnervm3ublj
2025-09-29 07:14:56,397 [s2-impl-thread1] TRACE util.FileUtils (LogUtils.java:runAndLog(49)) - Successfully ran Files.createDirectories /home/runner/work/ratis/ratis/ratis-test/target/test/data/6b14e155/MiniRaftClusterWithGrpc2c9f1ac7/s2/bada8538-6238-44aa-a8cf-045ce378e2df/current
2025-09-29 07:14:56,398 [s2-impl-thread1] TRACE util.FileUtils (LogUtils.java:runAndLog(49)) - Successfully ran Files.createDirectories /home/runner/work/ratis/ratis/ratis-test/target/test/data/6b14e155/MiniRaftClusterWithGrpc2c9f1ac7/s2/bada8538-6238-44aa-a8cf-045ce378e2df/sm
2025-09-29 07:14:56,398 [s2-impl-thread1] TRACE util.FileUtils (LogUtils.java:supplyAndLog(69)) - Successfully supplied FileChannel.open /home/runner/work/ratis/ratis/ratis-test/target/test/data/6b14e155/MiniRaftClusterWithGrpc2c9f1ac7/s2/bada8538-6238-44aa-a8cf-045ce378e2df/current/raft-meta.tmp with options [CREATE, TRUNCATE_EXISTING, WRITE]: sun.nio.ch.FileChannelImpl@7fab48f0
2025-09-29 07:14:56,399 [s2-impl-thread1] TRACE util.FileUtils (LogUtils.java:runAndLog(49)) - Successfully ran Atomic Files.move /home/runner/work/ratis/ratis/ratis-test/target/test/data/6b14e155/MiniRaftClusterWithGrpc2c9f1ac7/s2/bada8538-6238-44aa-a8cf-045ce378e2df/current/raft-meta.tmp to /home/runner/work/ratis/ratis/ratis-test/target/test/data/6b14e155/MiniRaftClusterWithGrpc2c9f1ac7/s2/bada8538-6238-44aa-a8cf-045ce378e2df/current/raft-meta with options [REPLACE_EXISTING]
2025-09-29 07:14:56,399 [s2-impl-thread1] INFO  storage.RaftStorage (RaftStorageImpl.java:format(98)) - Storage directory /home/runner/work/ratis/ratis/ratis-test/target/test/data/6b14e155/MiniRaftClusterWithGrpc2c9f1ac7/s2/bada8538-6238-44aa-a8cf-045ce378e2df has been successfully formatted.
2025-09-29 07:14:56,399 [s2-impl-thread1] INFO  server.RaftServer$Division (ServerState.java:getSnapshotIndexFromStateMachine(154)) - s2@group-045CE378E2DF: getLatestSnapshot(CounterStateMachine-27:s2:group-045CE378E2DF) returns null
2025-09-29 07:14:56,399 [s2-impl-thread1] INFO  raftlog.RaftLog (RaftLogBase.java:<init>(90)) - s2@group-045CE378E2DF-SegmentedRaftLog: snapshotIndexFromStateMachine = -1
2025-09-29 07:14:56,400 [s2-impl-thread1] INFO  util.AwaitToRun (AwaitToRun.java:start(81)) - Thread[s2@group-045CE378E2DF-cacheEviction-AwaitToRun,5,main] started
2025-09-29 07:14:56,400 [s2-impl-thread1] INFO  segmented.SegmentedRaftLogWorker (SegmentedRaftLogWorker.java:<init>(190)) - new s2@group-045CE378E2DF-SegmentedRaftLogWorker for RaftStorageImpl:Storage Directory /home/runner/work/ratis/ratis/ratis-test/target/test/data/6b14e155/MiniRaftClusterWithGrpc2c9f1ac7/s2/bada8538-6238-44aa-a8cf-045ce378e2df
2025-09-29 07:14:56,402 [s2-impl-thread1] INFO  segmented.SegmentedRaftLogWorker (SegmentedRaftLogWorker.java:lambda$new$0(141)) - s2@group-045CE378E2DF-SegmentedRaftLogWorker: flushIndex: setUnconditionally 0 -> -1
2025-09-29 07:14:56,402 [s2-impl-thread1] INFO  segmented.SegmentedRaftLogWorker (SegmentedRaftLogWorker.java:lambda$new$0(141)) - s2@group-045CE378E2DF-SegmentedRaftLogWorker: safeCacheEvictIndex: setUnconditionally 0 -> -1
2025-09-29 07:14:56,403 [s2-impl-thread1] INFO  server.RaftServer$Division (RaftServerImpl.java:start(405)) - s2@group-045CE378E2DF: start as a follower, conf=conf: {index: -1, cur=peers:[s0|localhost:15096, s1|localhost:15100, s2|localhost:15104]|listeners:[], old=null}
2025-09-29 07:14:56,403 [s2-impl-thread1] INFO  server.RaftServer$Division (RaftServerImpl.java:setRole(392)) - s2@group-045CE378E2DF: changes role from      null to FOLLOWER at term 0 for startAsFollower
2025-09-29 07:14:56,403 [s2-impl-thread1] INFO  impl.RoleInfo (RoleInfo.java:updateAndGet(148)) - s2: start s2@group-045CE378E2DF-FollowerState
2025-09-29 07:14:56,403 [s2-impl-thread1] INFO  util.JmxRegister (JmxRegister.java:tryRegister(44)) - Successfully registered JMX Bean with object name Ratis:service=RaftServer,group=group-045CE378E2DF,id=s2
2025-09-29 07:14:56,403 [s2-impl-thread1] INFO  util.JmxRegister (JmxRegister.java:register(58)) - register mxBean class org.apache.ratis.server.impl.RaftServerJmxAdapter as Ratis:service=RaftServer,group=group-045CE378E2DF,id=s2
2025-09-29 07:14:56,404 [s2@group-045CE378E2DF-FollowerState] INFO  server.RaftServerConfigKeys (ConfUtils.java:logFallback(69)) - raft.server.rpc.first-election.timeout.min = 150ms (fallback to raft.server.rpc.timeout.min)
2025-09-29 07:14:56,404 [s2@group-045CE378E2DF-FollowerState] INFO  server.RaftServerConfigKeys (ConfUtils.java:logFallback(69)) - raft.server.rpc.first-election.timeout.max = 300ms (fallback to raft.server.rpc.timeout.max)
2025-09-29 07:14:56,404 [s2-impl-thread1] INFO  server.RaftServer$Division (RaftServerImpl.java:start(419)) - s2@group-045CE378E2DF: Successfully started.
2025-09-29 07:14:56,404 [main] INFO  server.RaftServer (RaftServerProxy.java:startImpl(415)) - s2: start RPC server
2025-09-29 07:14:56,405 [main] INFO  server.GrpcServicesImpl (GrpcServicesImpl.java:startImpl(338)) - s2: GrpcServicesImpl started, listening on 15106
2025-09-29 07:14:56,406 [main] INFO  server.GrpcServicesImpl (GrpcServicesImpl.java:startImpl(338)) - s2: GrpcServicesImpl started, listening on 15104
2025-09-29 07:14:56,406 [main] INFO  server.GrpcServicesImpl (GrpcServicesImpl.java:startImpl(338)) - s2: GrpcServicesImpl started, listening on 15105
2025-09-29 07:14:56,406 [JvmPauseMonitor26] INFO  util.JvmPauseMonitor (JvmPauseMonitor.java:run(146)) - JvmPauseMonitor-s2: Started
2025-09-29 07:14:56,407 [main] INFO  ratis.RaftTestUtil (RaftTestUtil.java:waitForLeader(107)) - printing ALL groups
  s0:  RUNNING  FOLLOWER (RUNNING): s0@group-045CE378E2DF:t0, leader=null, voted=, raftlog=Memoized:s0@group-045CE378E2DF-SegmentedRaftLog:OPENED:c-1:lastnull, conf=conf: {index: -1, cur=peers:[s0|localhost:15096, s1|localhost:15100, s2|localhost:15104]|listeners:[], old=null}
  s1:  RUNNING  FOLLOWER (RUNNING): s1@group-045CE378E2DF:t0, leader=null, voted=, raftlog=Memoized:s1@group-045CE378E2DF-SegmentedRaftLog:OPENED:c-1:lastnull, conf=conf: {index: -1, cur=peers:[s0|localhost:15096, s1|localhost:15100, s2|localhost:15104]|listeners:[], old=null}
  s2:  RUNNING  FOLLOWER (RUNNING): s2@group-045CE378E2DF:t0, leader=null, voted=, raftlog=Memoized:s2@group-045CE378E2DF-SegmentedRaftLog:OPENED:c-1:lastnull, conf=conf: {index: -1, cur=peers:[s0|localhost:15096, s1|localhost:15100, s2|localhost:15104]|listeners:[], old=null}
2025-09-29 07:14:56,407 [main] WARN  ratis.RaftTestUtil (RaftTestUtil.java:lambda$waitForLeader$3(126)) - Attempt #1 failed: java.lang.IllegalStateException: No leader yet : printing ALL groups
  s0:  RUNNING  FOLLOWER (RUNNING): s0@group-045CE378E2DF:t0, leader=null, voted=, raftlog=Memoized:s0@group-045CE378E2DF-SegmentedRaftLog:OPENED:c-1:lastnull, conf=conf: {index: -1, cur=peers:[s0|localhost:15096, s1|localhost:15100, s2|localhost:15104]|listeners:[], old=null}
  s1:  RUNNING  FOLLOWER (RUNNING): s1@group-045CE378E2DF:t0, leader=null, voted=, raftlog=Memoized:s1@group-045CE378E2DF-SegmentedRaftLog:OPENED:c-1:lastnull, conf=conf: {index: -1, cur=peers:[s0|localhost:15096, s1|localhost:15100, s2|localhost:15104]|listeners:[], old=null}
  s2:  RUNNING  FOLLOWER (RUNNING): s2@group-045CE378E2DF:t0, leader=null, voted=, raftlog=Memoized:s2@group-045CE378E2DF-SegmentedRaftLog:OPENED:c-1:lastnull, conf=conf: {index: -1, cur=peers:[s0|localhost:15096, s1|localhost:15100, s2|localhost:15104]|listeners:[], old=null}
2025-09-29 07:14:56,542 [s0@group-045CE378E2DF-FollowerState] INFO  impl.FollowerState (FollowerState.java:runImpl(161)) - s0@group-045CE378E2DF-FollowerState: change to CANDIDATE, lastRpcElapsedTime:158515830ns, electionTimeout:158ms
2025-09-29 07:14:56,542 [s0@group-045CE378E2DF-FollowerState] INFO  impl.RoleInfo (RoleInfo.java:shutdownFollowerState(121)) - s0: shutdown s0@group-045CE378E2DF-FollowerState
2025-09-29 07:14:56,542 [s0@group-045CE378E2DF-FollowerState] INFO  server.RaftServer$Division (RaftServerImpl.java:setRole(392)) - s0@group-045CE378E2DF: changes role from  FOLLOWER to CANDIDATE at term 0 for changeToCandidate
2025-09-29 07:14:56,543 [s0@group-045CE378E2DF-FollowerState] INFO  impl.RoleInfo (RoleInfo.java:updateAndGet(148)) - s0: start s0@group-045CE378E2DF-LeaderElection17
2025-09-29 07:14:56,544 [s0@group-045CE378E2DF-LeaderElection17] INFO  impl.LeaderElection (LeaderElection.java:askForVotes(448)) - s0@group-045CE378E2DF-LeaderElection17 PRE_VOTE round 0: submit vote requests at term 0 for conf: {index: -1, cur=peers:[s0|localhost:15096, s1|localhost:15100, s2|localhost:15104]|listeners:[], old=null}
2025-09-29 07:14:56,544 [s0@group-045CE378E2DF-LeaderElection17-1] INFO  server.GrpcServerProtocolClient (GrpcServerProtocolClient.java:<init>(64)) - Build channel for s1|localhost:15100
2025-09-29 07:14:56,544 [s0@group-045CE378E2DF-LeaderElection17-2] INFO  server.GrpcServerProtocolClient (GrpcServerProtocolClient.java:<init>(64)) - Build channel for s2|localhost:15104
2025-09-29 07:14:56,544 [s0@group-045CE378E2DF-LeaderElection17] INFO  server.RaftServerConfigKeys (ConfUtils.java:logFallback(69)) - raft.server.rpc.first-election.timeout.min = 150ms (fallback to raft.server.rpc.timeout.min)
2025-09-29 07:14:56,545 [s0@group-045CE378E2DF-LeaderElection17] INFO  server.RaftServerConfigKeys (ConfUtils.java:logFallback(69)) - raft.server.rpc.first-election.timeout.max = 300ms (fallback to raft.server.rpc.timeout.max)
2025-09-29 07:14:56,561 [grpc-default-executor-15] INFO  server.RaftServer$Division (RaftServerImpl.java:requestVote(1433)) - s1@group-045CE378E2DF: receive requestVote(PRE_VOTE, s0, group-045CE378E2DF, 0, <PROTO_DEFAULT>)
2025-09-29 07:14:56,561 [grpc-default-executor-15] INFO  impl.VoteContext (VoteContext.java:log(49)) - s1@group-045CE378E2DF-FOLLOWER: accept PRE_VOTE from s0: our priority 0 <= candidate's priority 0
2025-09-29 07:14:56,562 [grpc-default-executor-15] INFO  server.RaftServer$Division (RaftServerImpl.java:requestVote(1467)) - s1@group-045CE378E2DF replies to PRE_VOTE vote request: s0<-s1#0:OK-t0-last:<INITIAL_VALUE>. Peer's state: s1@group-045CE378E2DF:t0, leader=null, voted=, raftlog=Memoized:s1@group-045CE378E2DF-SegmentedRaftLog:OPENED:c-1:lastnull, conf=conf: {index: -1, cur=peers:[s0|localhost:15096, s1|localhost:15100, s2|localhost:15104]|listeners:[], old=null}
2025-09-29 07:14:56,564 [s0@group-045CE378E2DF-LeaderElection17] INFO  impl.LeaderElection (LeaderElection.java:logAndReturn(206)) - s0@group-045CE378E2DF-LeaderElection17: PRE_VOTE PASSED received 1 response(s) and 0 exception(s):
2025-09-29 07:14:56,564 [grpc-default-executor-15] INFO  server.RaftServer$Division (RaftServerImpl.java:requestVote(1433)) - s2@group-045CE378E2DF: receive requestVote(PRE_VOTE, s0, group-045CE378E2DF, 0, <PROTO_DEFAULT>)
2025-09-29 07:14:56,564 [s0@group-045CE378E2DF-LeaderElection17] INFO  impl.LeaderElection (LeaderElection.java:logAndReturn(210)) -   Response 0: s0<-s1#0:OK-t0-last:<INITIAL_VALUE>
2025-09-29 07:14:56,564 [grpc-default-executor-15] INFO  impl.VoteContext (VoteContext.java:log(49)) - s2@group-045CE378E2DF-FOLLOWER: accept PRE_VOTE from s0: our priority 0 <= candidate's priority 0
2025-09-29 07:14:56,564 [s0@group-045CE378E2DF-LeaderElection17] INFO  impl.LeaderElection (LeaderElection.java:askForVotes(450)) - s0@group-045CE378E2DF-LeaderElection17 PRE_VOTE round 0: result PASSED
2025-09-29 07:14:56,565 [grpc-default-executor-15] INFO  server.RaftServer$Division (RaftServerImpl.java:requestVote(1467)) - s2@group-045CE378E2DF replies to PRE_VOTE vote request: s0<-s2#0:OK-t0-last:<INITIAL_VALUE>. Peer's state: s2@group-045CE378E2DF:t0, leader=null, voted=, raftlog=Memoized:s2@group-045CE378E2DF-SegmentedRaftLog:OPENED:c-1:lastnull, conf=conf: {index: -1, cur=peers:[s0|localhost:15096, s1|localhost:15100, s2|localhost:15104]|listeners:[], old=null}
2025-09-29 07:14:56,565 [s0@group-045CE378E2DF-LeaderElection17] TRACE util.FileUtils (LogUtils.java:supplyAndLog(69)) - Successfully supplied FileChannel.open /home/runner/work/ratis/ratis/ratis-test/target/test/data/6b14e155/MiniRaftClusterWithGrpc2c9f1ac7/s0/bada8538-6238-44aa-a8cf-045ce378e2df/current/raft-meta.tmp with options [CREATE, TRUNCATE_EXISTING, WRITE]: sun.nio.ch.FileChannelImpl@49a7f0fe
2025-09-29 07:14:56,566 [s0@group-045CE378E2DF-LeaderElection17] TRACE util.FileUtils (LogUtils.java:runAndLog(49)) - Successfully ran Atomic Files.move /home/runner/work/ratis/ratis/ratis-test/target/test/data/6b14e155/MiniRaftClusterWithGrpc2c9f1ac7/s0/bada8538-6238-44aa-a8cf-045ce378e2df/current/raft-meta.tmp to /home/runner/work/ratis/ratis/ratis-test/target/test/data/6b14e155/MiniRaftClusterWithGrpc2c9f1ac7/s0/bada8538-6238-44aa-a8cf-045ce378e2df/current/raft-meta with options [REPLACE_EXISTING]
2025-09-29 07:14:56,566 [s0@group-045CE378E2DF-LeaderElection17] INFO  impl.LeaderElection (LeaderElection.java:askForVotes(448)) - s0@group-045CE378E2DF-LeaderElection17 ELECTION round 0: submit vote requests at term 1 for conf: {index: -1, cur=peers:[s0|localhost:15096, s1|localhost:15100, s2|localhost:15104]|listeners:[], old=null}
2025-09-29 07:14:56,568 [s0@group-045CE378E2DF-LeaderElection17] INFO  server.RaftServerConfigKeys (ConfUtils.java:logFallback(69)) - raft.server.rpc.first-election.timeout.min = 150ms (fallback to raft.server.rpc.timeout.min)
2025-09-29 07:14:56,568 [s0@group-045CE378E2DF-LeaderElection17] INFO  server.RaftServerConfigKeys (ConfUtils.java:logFallback(69)) - raft.server.rpc.first-election.timeout.max = 300ms (fallback to raft.server.rpc.timeout.max)
2025-09-29 07:14:56,568 [grpc-default-executor-15] INFO  server.RaftServer$Division (RaftServerImpl.java:requestVote(1433)) - s2@group-045CE378E2DF: receive requestVote(ELECTION, s0, group-045CE378E2DF, 1, <PROTO_DEFAULT>)
2025-09-29 07:14:56,569 [grpc-default-executor-15] INFO  impl.VoteContext (VoteContext.java:log(49)) - s2@group-045CE378E2DF-FOLLOWER: accept ELECTION from s0: our priority 0 <= candidate's priority 0
2025-09-29 07:14:56,569 [grpc-default-executor-15] INFO  server.RaftServer$Division (RaftServerImpl.java:setRole(392)) - s2@group-045CE378E2DF: changes role from  FOLLOWER to FOLLOWER at term 0 for candidate:s0
2025-09-29 07:14:56,569 [grpc-default-executor-15] INFO  impl.RoleInfo (RoleInfo.java:shutdownFollowerState(121)) - s2: shutdown s2@group-045CE378E2DF-FollowerState
2025-09-29 07:14:56,569 [grpc-default-executor-15] INFO  impl.RoleInfo (RoleInfo.java:updateAndGet(148)) - s2: start s2@group-045CE378E2DF-FollowerState
2025-09-29 07:14:56,569 [grpc-default-executor-14] INFO  server.RaftServer$Division (RaftServerImpl.java:requestVote(1433)) - s1@group-045CE378E2DF: receive requestVote(ELECTION, s0, group-045CE378E2DF, 1, <PROTO_DEFAULT>)
2025-09-29 07:14:56,569 [s2@group-045CE378E2DF-FollowerState] INFO  impl.FollowerState (FollowerState.java:runImpl(170)) - s2@group-045CE378E2DF-FollowerState was interrupted
2025-09-29 07:14:56,570 [grpc-default-executor-15] INFO  server.RaftServer$Division (RaftServerImpl.java:setFirstElection(576)) - s2@group-045CE378E2DF: set firstElectionSinceStartup to false for candidate:s0
2025-09-29 07:14:56,571 [grpc-default-executor-15] TRACE util.FileUtils (LogUtils.java:supplyAndLog(69)) - Successfully supplied FileChannel.open /home/runner/work/ratis/ratis/ratis-test/target/test/data/6b14e155/MiniRaftClusterWithGrpc2c9f1ac7/s2/bada8538-6238-44aa-a8cf-045ce378e2df/current/raft-meta.tmp with options [CREATE, TRUNCATE_EXISTING, WRITE]: sun.nio.ch.FileChannelImpl@5650f480
2025-09-29 07:14:56,570 [grpc-default-executor-14] INFO  impl.VoteContext (VoteContext.java:log(49)) - s1@group-045CE378E2DF-FOLLOWER: accept ELECTION from s0: our priority 0 <= candidate's priority 0
2025-09-29 07:14:56,572 [grpc-default-executor-14] INFO  server.RaftServer$Division (RaftServerImpl.java:setRole(392)) - s1@group-045CE378E2DF: changes role from  FOLLOWER to FOLLOWER at term 0 for candidate:s0
2025-09-29 07:14:56,572 [grpc-default-executor-14] INFO  impl.RoleInfo (RoleInfo.java:shutdownFollowerState(121)) - s1: shutdown s1@group-045CE378E2DF-FollowerState
2025-09-29 07:14:56,572 [s1@group-045CE378E2DF-FollowerState] INFO  impl.FollowerState (FollowerState.java:runImpl(170)) - s1@group-045CE378E2DF-FollowerState was interrupted
2025-09-29 07:14:56,572 [grpc-default-executor-15] TRACE util.FileUtils (LogUtils.java:runAndLog(49)) - Successfully ran Atomic Files.move /home/runner/work/ratis/ratis/ratis-test/target/test/data/6b14e155/MiniRaftClusterWithGrpc2c9f1ac7/s2/bada8538-6238-44aa-a8cf-045ce378e2df/current/raft-meta.tmp to /home/runner/work/ratis/ratis/ratis-test/target/test/data/6b14e155/MiniRaftClusterWithGrpc2c9f1ac7/s2/bada8538-6238-44aa-a8cf-045ce378e2df/current/raft-meta with options [REPLACE_EXISTING]
2025-09-29 07:14:56,573 [grpc-default-executor-14] INFO  impl.RoleInfo (RoleInfo.java:updateAndGet(148)) - s1: start s1@group-045CE378E2DF-FollowerState
2025-09-29 07:14:56,573 [grpc-default-executor-15] INFO  server.RaftServer$Division (RaftServerImpl.java:requestVote(1467)) - s2@group-045CE378E2DF replies to ELECTION vote request: s0<-s2#0:OK-t1-last:<INITIAL_VALUE>. Peer's state: s2@group-045CE378E2DF:t1, leader=null, voted=s0, raftlog=Memoized:s2@group-045CE378E2DF-SegmentedRaftLog:OPENED:c-1:lastnull, conf=conf: {index: -1, cur=peers:[s0|localhost:15096, s1|localhost:15100, s2|localhost:15104]|listeners:[], old=null}
2025-09-29 07:14:56,573 [grpc-default-executor-14] INFO  server.RaftServer$Division (RaftServerImpl.java:setFirstElection(576)) - s1@group-045CE378E2DF: set firstElectionSinceStartup to false for candidate:s0
2025-09-29 07:14:56,574 [grpc-default-executor-14] TRACE util.FileUtils (LogUtils.java:supplyAndLog(69)) - Successfully supplied FileChannel.open /home/runner/work/ratis/ratis/ratis-test/target/test/data/6b14e155/MiniRaftClusterWithGrpc2c9f1ac7/s1/bada8538-6238-44aa-a8cf-045ce378e2df/current/raft-meta.tmp with options [CREATE, TRUNCATE_EXISTING, WRITE]: sun.nio.ch.FileChannelImpl@402dfe9f
2025-09-29 07:14:56,574 [s0@group-045CE378E2DF-LeaderElection17] INFO  impl.LeaderElection (LeaderElection.java:logAndReturn(206)) - s0@group-045CE378E2DF-LeaderElection17: ELECTION PASSED received 1 response(s) and 0 exception(s):
2025-09-29 07:14:56,574 [s0@group-045CE378E2DF-LeaderElection17] INFO  impl.LeaderElection (LeaderElection.java:logAndReturn(210)) -   Response 0: s0<-s2#0:OK-t1-last:<INITIAL_VALUE>
2025-09-29 07:14:56,575 [s0@group-045CE378E2DF-LeaderElection17] INFO  impl.LeaderElection (LeaderElection.java:askForVotes(450)) - s0@group-045CE378E2DF-LeaderElection17 ELECTION round 0: result PASSED
2025-09-29 07:14:56,575 [grpc-default-executor-14] TRACE util.FileUtils (LogUtils.java:runAndLog(49)) - Successfully ran Atomic Files.move /home/runner/work/ratis/ratis/ratis-test/target/test/data/6b14e155/MiniRaftClusterWithGrpc2c9f1ac7/s1/bada8538-6238-44aa-a8cf-045ce378e2df/current/raft-meta.tmp to /home/runner/work/ratis/ratis/ratis-test/target/test/data/6b14e155/MiniRaftClusterWithGrpc2c9f1ac7/s1/bada8538-6238-44aa-a8cf-045ce378e2df/current/raft-meta with options [REPLACE_EXISTING]
2025-09-29 07:14:56,575 [grpc-default-executor-14] INFO  server.RaftServer$Division (RaftServerImpl.java:requestVote(1467)) - s1@group-045CE378E2DF replies to ELECTION vote request: s0<-s1#0:OK-t1-last:<INITIAL_VALUE>. Peer's state: s1@group-045CE378E2DF:t1, leader=null, voted=s0, raftlog=Memoized:s1@group-045CE378E2DF-SegmentedRaftLog:OPENED:c-1:lastnull, conf=conf: {index: -1, cur=peers:[s0|localhost:15096, s1|localhost:15100, s2|localhost:15104]|listeners:[], old=null}
2025-09-29 07:14:56,575 [s0@group-045CE378E2DF-LeaderElection17] INFO  impl.RoleInfo (RoleInfo.java:shutdownLeaderElection(141)) - s0: shutdown s0@group-045CE378E2DF-LeaderElection17
2025-09-29 07:14:56,575 [s0@group-045CE378E2DF-LeaderElection17] INFO  server.RaftServer$Division (RaftServerImpl.java:setRole(392)) - s0@group-045CE378E2DF: changes role from CANDIDATE to LEADER at term 1 for changeToLeader
2025-09-29 07:14:56,576 [s0@group-045CE378E2DF-LeaderElection17] INFO  server.RaftServerConfigKeys (ConfUtils.java:logFallback(69)) - raft.server.staging.timeout = 900ms (fallback to raft.server.rpc.timeout.max)
2025-09-29 07:14:56,577 [s0@group-045CE378E2DF-LeaderElection17] INFO  impl.RoleInfo (RoleInfo.java:updateAndGet(148)) - s0: start s0@group-045CE378E2DF-LeaderStateImpl
2025-09-29 07:14:56,577 [s0@group-045CE378E2DF-LeaderElection17] INFO  server.RaftServer$Division (RaftServerImpl.java:setFirstElection(576)) - s0@group-045CE378E2DF: set firstElectionSinceStartup to false for becomeLeader
2025-09-29 07:14:56,577 [s0@group-045CE378E2DF-LeaderElection17] INFO  server.RaftServer$Division (ServerState.java:setLeader(277)) - s0@group-045CE378E2DF: change Leader from null to s0 at term 1 for becomeLeader, leader elected after 208ms
2025-09-29 07:14:56,577 [s0@group-045CE378E2DF-LeaderElection17] INFO  segmented.SegmentedRaftLogWorker (SegmentedRaftLogWorker.java:startLogSegment(440)) - s0@group-045CE378E2DF-SegmentedRaftLogWorker: Starting segment from index:0
2025-09-29 07:14:56,578 [s0@group-045CE378E2DF-LeaderElection17] INFO  server.RaftServer$Division (ServerState.java:setRaftConf(391)) - s0@group-045CE378E2DF: set configuration conf: {index: 0, cur=peers:[s0|localhost:15096, s1|localhost:15100, s2|localhost:15104]|listeners:[], old=null}
2025-09-29 07:14:56,578 [s0@group-045CE378E2DF-SegmentedRaftLogWorker] INFO  segmented.BufferedWriteChannel (BufferedWriteChannel.java:open(61)) - open log_inprogress_0 at position 0
2025-09-29 07:14:56,585 [s0@group-045CE378E2DF-SegmentedRaftLogWorker] INFO  segmented.SegmentedRaftLogWorker (SegmentedRaftLogWorker.java:execute(647)) - s0@group-045CE378E2DF-SegmentedRaftLogWorker: created new log segment /home/runner/work/ratis/ratis/ratis-test/target/test/data/6b14e155/MiniRaftClusterWithGrpc2c9f1ac7/s0/bada8538-6238-44aa-a8cf-045ce378e2df/current/log_inprogress_0
2025-09-29 07:14:56,587 [grpc-default-executor-14] INFO  server.RaftServer$Division (ServerState.java:setLeader(277)) - s1@group-045CE378E2DF: change Leader from null to s0 at term 1 for appendEntries, leader elected after 213ms
2025-09-29 07:14:56,588 [grpc-default-executor-15] DEBUG server.RaftServer$Division (RaftServerImpl.java:logAppendEntries(1536)) - s1@group-045CE378E2DF: appendEntries* s0->s1#1-t1,previous=<PROTO_DEFAULT>,leaderCommit=-1,initializing? false,entries: size=1, first=(t:1, i:0), CONFIGURATIONENTRY(current:id:"s0"address:"localhost:15096"dataStreamAddress:"localhost:15099"clientAddress:"localhost:15098"adminAddress:"localhost:15097"startupRole:FOLLOWER, id:"s1"address:"localhost:15100"dataStreamAddress:"localhost:15103"clientAddress:"localhost:15102"adminAddress:"localhost:15101"startupRole:FOLLOWER, id:"s2"address:"localhost:15104"dataStreamAddress:"localhost:15107"clientAddress:"localhost:15106"adminAddress:"localhost:15105"startupRole:FOLLOWER, old:)
2025-09-29 07:14:56,589 [grpc-default-executor-15] INFO  server.RaftServer$Division (ServerState.java:setRaftConf(391)) - s1@group-045CE378E2DF: set configuration conf: {index: 0, cur=peers:[s0|localhost:15096, s1|localhost:15100, s2|localhost:15104]|listeners:[], old=null}
2025-09-29 07:14:56,588 [grpc-default-executor-12] INFO  server.RaftServer$Division (ServerState.java:setLeader(277)) - s2@group-045CE378E2DF: change Leader from null to s0 at term 1 for appendEntries, leader elected after 208ms
2025-09-29 07:14:56,589 [grpc-default-executor-2] DEBUG server.RaftServer$Division (RaftServerImpl.java:logAppendEntries(1536)) - s2@group-045CE378E2DF: appendEntries* s0->s2#1-t1,previous=<PROTO_DEFAULT>,leaderCommit=-1,initializing? false,entries: size=1, first=(t:1, i:0), CONFIGURATIONENTRY(current:id:"s0"address:"localhost:15096"dataStreamAddress:"localhost:15099"clientAddress:"localhost:15098"adminAddress:"localhost:15097"startupRole:FOLLOWER, id:"s1"address:"localhost:15100"dataStreamAddress:"localhost:15103"clientAddress:"localhost:15102"adminAddress:"localhost:15101"startupRole:FOLLOWER, id:"s2"address:"localhost:15104"dataStreamAddress:"localhost:15107"clientAddress:"localhost:15106"adminAddress:"localhost:15105"startupRole:FOLLOWER, old:)
2025-09-29 07:14:56,589 [grpc-default-executor-2] INFO  server.RaftServer$Division (ServerState.java:setRaftConf(391)) - s2@group-045CE378E2DF: set configuration conf: {index: 0, cur=peers:[s0|localhost:15096, s1|localhost:15100, s2|localhost:15104]|listeners:[], old=null}
2025-09-29 07:14:56,590 [s2-server-thread2] INFO  segmented.SegmentedRaftLogWorker (SegmentedRaftLogWorker.java:startLogSegment(440)) - s2@group-045CE378E2DF-SegmentedRaftLogWorker: Starting segment from index:0
2025-09-29 07:14:56,593 [s1-server-thread2] INFO  segmented.SegmentedRaftLogWorker (SegmentedRaftLogWorker.java:startLogSegment(440)) - s1@group-045CE378E2DF-SegmentedRaftLogWorker: Starting segment from index:0
2025-09-29 07:14:56,593 [s2@group-045CE378E2DF-SegmentedRaftLogWorker] INFO  segmented.BufferedWriteChannel (BufferedWriteChannel.java:open(61)) - open log_inprogress_0 at position 0
2025-09-29 07:14:56,595 [s1@group-045CE378E2DF-SegmentedRaftLogWorker] INFO  segmented.BufferedWriteChannel (BufferedWriteChannel.java:open(61)) - open log_inprogress_0 at position 0
2025-09-29 07:14:56,600 [s2@group-045CE378E2DF-SegmentedRaftLogWorker] INFO  segmented.SegmentedRaftLogWorker (SegmentedRaftLogWorker.java:execute(647)) - s2@group-045CE378E2DF-SegmentedRaftLogWorker: created new log segment /home/runner/work/ratis/ratis/ratis-test/target/test/data/6b14e155/MiniRaftClusterWithGrpc2c9f1ac7/s2/bada8538-6238-44aa-a8cf-045ce378e2df/current/log_inprogress_0
2025-09-29 07:14:56,601 [s2-server-thread1] DEBUG server.RaftServer$Division (RaftServerImpl.java:logAppendEntries(1536)) - s2@group-045CE378E2DF: appendEntries* reply s0<-s2#1:OK-t1,SUCCESS,nextIndex=1,followerCommit=-1,matchIndex=0
2025-09-29 07:14:56,602 [s1@group-045CE378E2DF-SegmentedRaftLogWorker] INFO  segmented.SegmentedRaftLogWorker (SegmentedRaftLogWorker.java:execute(647)) - s1@group-045CE378E2DF-SegmentedRaftLogWorker: created new log segment /home/runner/work/ratis/ratis/ratis-test/target/test/data/6b14e155/MiniRaftClusterWithGrpc2c9f1ac7/s1/bada8538-6238-44aa-a8cf-045ce378e2df/current/log_inprogress_0
2025-09-29 07:14:56,602 [s1-server-thread2] DEBUG server.RaftServer$Division (RaftServerImpl.java:logAppendEntries(1536)) - s1@group-045CE378E2DF: appendEntries* reply s0<-s1#1:OK-t1,SUCCESS,nextIndex=1,followerCommit=-1,matchIndex=0
2025-09-29 07:14:56,603 [s0@group-045CE378E2DF-StateMachineUpdater] TRACE util.FileUtils (LogUtils.java:supplyAndLog(69)) - Successfully supplied FileChannel.open /home/runner/work/ratis/ratis/ratis-test/target/test/data/6b14e155/MiniRaftClusterWithGrpc2c9f1ac7/s0/bada8538-6238-44aa-a8cf-045ce378e2df/current/raft-meta.conf.tmp with options [CREATE, TRUNCATE_EXISTING, WRITE]: sun.nio.ch.FileChannelImpl@72e8e276
2025-09-29 07:14:56,604 [s0@group-045CE378E2DF-StateMachineUpdater] TRACE util.FileUtils (LogUtils.java:runAndLog(49)) - Successfully ran Atomic Files.move /home/runner/work/ratis/ratis/ratis-test/target/test/data/6b14e155/MiniRaftClusterWithGrpc2c9f1ac7/s0/bada8538-6238-44aa-a8cf-045ce378e2df/current/raft-meta.conf.tmp to /home/runner/work/ratis/ratis/ratis-test/target/test/data/6b14e155/MiniRaftClusterWithGrpc2c9f1ac7/s0/bada8538-6238-44aa-a8cf-045ce378e2df/current/raft-meta.conf with options [REPLACE_EXISTING]
2025-09-29 07:14:56,604 [s0@group-045CE378E2DF-StateMachineUpdater] INFO  server.RaftServer$Division (LeaderStateImpl.java:checkStartIndex(309)) - Leader s0@group-045CE378E2DF-LeaderStateImpl is ready since appliedIndex == startIndex == 0
2025-09-29 07:14:56,679 [s1@group-045CE378E2DF-StateMachineUpdater] TRACE util.FileUtils (LogUtils.java:supplyAndLog(69)) - Successfully supplied FileChannel.open /home/runner/work/ratis/ratis/ratis-test/target/test/data/6b14e155/MiniRaftClusterWithGrpc2c9f1ac7/s1/bada8538-6238-44aa-a8cf-045ce378e2df/current/raft-meta.conf.tmp with options [CREATE, TRUNCATE_EXISTING, WRITE]: sun.nio.ch.FileChannelImpl@db7ee7d
2025-09-29 07:14:56,679 [s2@group-045CE378E2DF-StateMachineUpdater] TRACE util.FileUtils (LogUtils.java:supplyAndLog(69)) - Successfully supplied FileChannel.open /home/runner/work/ratis/ratis/ratis-test/target/test/data/6b14e155/MiniRaftClusterWithGrpc2c9f1ac7/s2/bada8538-6238-44aa-a8cf-045ce378e2df/current/raft-meta.conf.tmp with options [CREATE, TRUNCATE_EXISTING, WRITE]: sun.nio.ch.FileChannelImpl@44114f4c
2025-09-29 07:14:56,681 [s1@group-045CE378E2DF-StateMachineUpdater] TRACE util.FileUtils (LogUtils.java:runAndLog(49)) - Successfully ran Atomic Files.move /home/runner/work/ratis/ratis/ratis-test/target/test/data/6b14e155/MiniRaftClusterWithGrpc2c9f1ac7/s1/bada8538-6238-44aa-a8cf-045ce378e2df/current/raft-meta.conf.tmp to /home/runner/work/ratis/ratis/ratis-test/target/test/data/6b14e155/MiniRaftClusterWithGrpc2c9f1ac7/s1/bada8538-6238-44aa-a8cf-045ce378e2df/current/raft-meta.conf with options [REPLACE_EXISTING]
2025-09-29 07:14:56,682 [s2@group-045CE378E2DF-StateMachineUpdater] TRACE util.FileUtils (LogUtils.java:runAndLog(49)) - Successfully ran Atomic Files.move /home/runner/work/ratis/ratis/ratis-test/target/test/data/6b14e155/MiniRaftClusterWithGrpc2c9f1ac7/s2/bada8538-6238-44aa-a8cf-045ce378e2df/current/raft-meta.conf.tmp to /home/runner/work/ratis/ratis/ratis-test/target/test/data/6b14e155/MiniRaftClusterWithGrpc2c9f1ac7/s2/bada8538-6238-44aa-a8cf-045ce378e2df/current/raft-meta.conf with options [REPLACE_EXISTING]
2025-09-29 07:14:56,858 [main] INFO  ratis.RaftTestUtil (RaftTestUtil.java:waitForLeader(131)) - printing ALL groups
  s0:  RUNNING    LEADER (RUNNING): s0@group-045CE378E2DF:t1, leader=s0, voted=s0, raftlog=Memoized:s0@group-045CE378E2DF-SegmentedRaftLog:OPENED:c0:last(t:1, i:0), conf=conf: {index: 0, cur=peers:[s0|localhost:15096, s1|localhost:15100, s2|localhost:15104]|listeners:[], old=null}
  s1:  RUNNING  FOLLOWER (RUNNING): s1@group-045CE378E2DF:t1, leader=s0, voted=s0, raftlog=Memoized:s1@group-045CE378E2DF-SegmentedRaftLog:OPENED:c0:last(t:1, i:0), conf=conf: {index: 0, cur=peers:[s0|localhost:15096, s1|localhost:15100, s2|localhost:15104]|listeners:[], old=null}
  s2:  RUNNING  FOLLOWER (RUNNING): s2@group-045CE378E2DF:t1, leader=s0, voted=s0, raftlog=Memoized:s2@group-045CE378E2DF-SegmentedRaftLog:OPENED:c0:last(t:1, i:0), conf=conf: {index: 0, cur=peers:[s0|localhost:15096, s1|localhost:15100, s2|localhost:15104]|listeners:[], old=null}
2025-09-29 07:14:56,863 [s0-client-thread1] DEBUG server.RaftServer$Division (RaftServerImpl.java:submitClientRequestAsync(939)) - s0@group-045CE378E2DF: receive client request(RaftClientRequest:client-0ADD24336C85->s0@group-045CE378E2DF, cid=103, seq=null, RW, Message:494e4352454d454e54)
2025-09-29 07:14:56,864 [s0-client-thread1] DEBUG server.RaftServer$Division (LeaderStateImpl.java:addPendingRequest(526)) - s0@group-045CE378E2DF-LeaderStateImpl: addPendingRequest at RaftClientRequest:client-0ADD24336C85->s0@group-045CE378E2DF, cid=103, seq=null, RW, Message:494e4352454d454e54, entry=(t:1, i:1), STATEMACHINELOGENTRY, WRITE: logData.size=9, stateMachineData.size=0, logEntryProtoSerializedSize=0
2025-09-29 07:14:56,865 [grpc-default-executor-15] DEBUG server.RaftServer$Division (RaftServerImpl.java:logAppendEntries(1536)) - s2@group-045CE378E2DF: appendEntries* s0->s2#6-t1,previous=(t:1, i:0),leaderCommit=0,initializing? false,entries: size=1, first=(t:1, i:1), STATEMACHINELOGENTRY, StateMachineLogEntryProto:103@client-0ADD24336C85
2025-09-29 07:14:56,865 [grpc-default-executor-12] DEBUG server.RaftServer$Division (RaftServerImpl.java:logAppendEntries(1536)) - s1@group-045CE378E2DF: appendEntries* s0->s1#7-t1,previous=(t:1, i:0),leaderCommit=0,initializing? false,entries: size=1, first=(t:1, i:1), STATEMACHINELOGENTRY, StateMachineLogEntryProto:103@client-0ADD24336C85
2025-09-29 07:14:56,866 [s2-server-thread1] DEBUG server.RaftServer$Division (RaftServerImpl.java:logAppendEntries(1536)) - s2@group-045CE378E2DF: appendEntries* reply s0<-s2#6:OK-t1,SUCCESS,nextIndex=2,followerCommit=0,matchIndex=1
2025-09-29 07:14:56,866 [s1-server-thread2] DEBUG server.RaftServer$Division (RaftServerImpl.java:logAppendEntries(1536)) - s1@group-045CE378E2DF: appendEntries* reply s0<-s1#7:OK-t1,SUCCESS,nextIndex=2,followerCommit=0,matchIndex=1
2025-09-29 07:14:56,867 [s0@group-045CE378E2DF-StateMachineUpdater] INFO  statemachine.StateMachine (ReadOnlyRequestTests.java:applyTransaction(375)) - receive command: INCREMENT
2025-09-29 07:14:56,868 [grpc-default-executor-12] DEBUG server.RaftServer$Division (RaftServerImpl.java:logAppendEntries(1536)) - s1@group-045CE378E2DF: appendEntries* s0->s1#8-t1,previous=(t:1, i:1),leaderCommit=1,initializing? false,entries: size=1, first=(t:1, i:2), METADATAENTRY(c:1)
2025-09-29 07:14:56,869 [s1-server-thread2] DEBUG server.RaftServer$Division (RaftServerImpl.java:logAppendEntries(1536)) - s1@group-045CE378E2DF: appendEntries* reply s0<-s1#8:OK-t1,SUCCESS,nextIndex=3,followerCommit=1,matchIndex=2
2025-09-29 07:14:56,869 [s1@group-045CE378E2DF-StateMachineUpdater] INFO  statemachine.StateMachine (ReadOnlyRequestTests.java:applyTransaction(375)) - receive command: INCREMENT
2025-09-29 07:14:56,870 [grpc-default-executor-15] DEBUG server.RaftServer$Division (RaftServerImpl.java:logAppendEntries(1536)) - s2@group-045CE378E2DF: appendEntries* s0->s2#7-t1,previous=(t:1, i:1),leaderCommit=1,initializing? false,entries: size=1, first=(t:1, i:2), METADATAENTRY(c:1)
2025-09-29 07:14:56,871 [s2-server-thread1] DEBUG server.RaftServer$Division (RaftServerImpl.java:logAppendEntries(1536)) - s2@group-045CE378E2DF: appendEntries* reply s0<-s2#7:OK-t1,SUCCESS,nextIndex=3,followerCommit=1,matchIndex=2
2025-09-29 07:14:56,871 [s0-client-thread1] DEBUG server.RaftServer$Division (RaftServerImpl.java:submitClientRequestAsync(939)) - s0@group-045CE378E2DF: receive client request(RaftClientRequest:client-0ADD24336C85->s0@group-045CE378E2DF, cid=104, seq=1*, Watch(0), Message:<EMPTY>)
2025-09-29 07:14:56,871 [s0-client-thread1] DEBUG server.RaftServer$Division (LeaderStateImpl.java:addWatchRequest(544)) - s0@group-045CE378E2DF-LeaderStateImpl: addWatchRequest RaftClientRequest:client-0ADD24336C85->s0@group-045CE378E2DF, cid=104, seq=1*, Watch(0), Message:<EMPTY>
2025-09-29 07:14:56,872 [s2@group-045CE378E2DF-StateMachineUpdater] INFO  statemachine.StateMachine (ReadOnlyRequestTests.java:applyTransaction(375)) - receive command: INCREMENT
2025-09-29 07:14:56,877 [s0-client-thread1] DEBUG server.RaftServer$Division (RaftServerImpl.java:submitClientRequestAsync(939)) - s0@group-045CE378E2DF: receive client request(RaftClientRequest:client-0ADD24336C85->s0@group-045CE378E2DF, cid=105, seq=2, RW, Message:574149545f414e445f49...(size=18))
2025-09-29 07:14:56,878 [s0-client-thread1] DEBUG server.RaftServer$Division (LeaderStateImpl.java:addPendingRequest(526)) - s0@group-045CE378E2DF-LeaderStateImpl: addPendingRequest at RaftClientRequest:client-0ADD24336C85->s0@group-045CE378E2DF, cid=105, seq=2, RW, Message:574149545f414e445f49...(size=18), entry=(t:1, i:3), STATEMACHINELOGENTRY, WRITE: logData.size=18, stateMachineData.size=0, logEntryProtoSerializedSize=0
2025-09-29 07:14:56,879 [grpc-default-executor-2] DEBUG server.RaftServer$Division (RaftServerImpl.java:logAppendEntries(1536)) - s1@group-045CE378E2DF: appendEntries* s0->s1#11-t1,previous=(t:1, i:2),leaderCommit=2,initializing? false,entries: size=1, first=(t:1, i:3), STATEMACHINELOGENTRY, StateMachineLogEntryProto:105@client-0ADD24336C85
2025-09-29 07:14:56,879 [grpc-default-executor-12] DEBUG server.RaftServer$Division (RaftServerImpl.java:logAppendEntries(1536)) - s2@group-045CE378E2DF: appendEntries* s0->s2#11-t1,previous=(t:1, i:2),leaderCommit=2,initializing? false,entries: size=1, first=(t:1, i:3), STATEMACHINELOGENTRY, StateMachineLogEntryProto:105@client-0ADD24336C85
2025-09-29 07:14:56,880 [s1-server-thread2] DEBUG server.RaftServer$Division (RaftServerImpl.java:logAppendEntries(1536)) - s1@group-045CE378E2DF: appendEntries* reply s0<-s1#11:OK-t1,SUCCESS,nextIndex=4,followerCommit=2,matchIndex=3
2025-09-29 07:14:56,880 [s2-server-thread1] DEBUG server.RaftServer$Division (RaftServerImpl.java:logAppendEntries(1536)) - s2@group-045CE378E2DF: appendEntries* reply s0<-s2#11:OK-t1,SUCCESS,nextIndex=4,followerCommit=2,matchIndex=3
2025-09-29 07:14:56,881 [s0@group-045CE378E2DF-StateMachineUpdater] INFO  statemachine.StateMachine (ReadOnlyRequestTests.java:applyTransaction(375)) - receive command: WAIT_AND_INCREMENT
2025-09-29 07:14:56,881 [grpc-default-executor-15] DEBUG server.RaftServer$Division (RaftServerImpl.java:logAppendEntries(1536)) - s1@group-045CE378E2DF: appendEntries* s0->s1#12-t1,previous=(t:1, i:3),leaderCommit=3,initializing? false,entries: size=1, first=(t:1, i:4), METADATAENTRY(c:3)
2025-09-29 07:14:56,882 [s1-server-thread2] DEBUG server.RaftServer$Division (RaftServerImpl.java:logAppendEntries(1536)) - s1@group-045CE378E2DF: appendEntries* reply s0<-s1#12:OK-t1,SUCCESS,nextIndex=5,followerCommit=3,matchIndex=4
2025-09-29 07:14:56,882 [grpc-default-executor-15] DEBUG server.RaftServer$Division (RaftServerImpl.java:logAppendEntries(1536)) - s2@group-045CE378E2DF: appendEntries* s0->s2#13-t1,previous=(t:1, i:3),leaderCommit=3,initializing? false,entries: size=1, first=(t:1, i:4), METADATAENTRY(c:3)
2025-09-29 07:14:56,882 [s1@group-045CE378E2DF-StateMachineUpdater] INFO  statemachine.StateMachine (ReadOnlyRequestTests.java:applyTransaction(375)) - receive command: WAIT_AND_INCREMENT
2025-09-29 07:14:56,883 [s2-server-thread1] DEBUG server.RaftServer$Division (RaftServerImpl.java:logAppendEntries(1536)) - s2@group-045CE378E2DF: appendEntries* reply s0<-s2#13:OK-t1,SUCCESS,nextIndex=5,followerCommit=3,matchIndex=4
2025-09-29 07:14:56,883 [s2@group-045CE378E2DF-StateMachineUpdater] INFO  statemachine.StateMachine (ReadOnlyRequestTests.java:applyTransaction(375)) - receive command: WAIT_AND_INCREMENT
2025-09-29 07:14:56,974 [s1-client-thread1] DEBUG server.RaftServer$Division (RaftServerImpl.java:submitClientRequestAsync(939)) - s1@group-045CE378E2DF: receive client request(RaftClientRequest:client-21F298FB8A5B->s1@group-045CE378E2DF, cid=106, seq=null, RO, Message:5155455259)
2025-09-29 07:14:56,974 [s1-client-thread1] INFO  server.GrpcServerProtocolClient (GrpcServerProtocolClient.java:<init>(64)) - Build channel for s0|localhost:15096
2025-09-29 07:14:56,986 [s0-server-thread1] DEBUG server.RaftServer$Division (LeaderStateImpl.java:getReadIndex(1147)) - readIndex=4, readAfterWriteConsistentIndex=null
2025-09-29 07:14:57,386 [main] INFO  impl.MiniRaftCluster (MiniRaftCluster.java:shutdown(824)) - ************************************************************** 
2025-09-29 07:14:57,386 [main] INFO  impl.MiniRaftCluster (MiniRaftCluster.java:shutdown(825)) - *** 
2025-09-29 07:14:57,387 [main] INFO  impl.MiniRaftCluster (MiniRaftCluster.java:shutdown(826)) - ***     Stopping MiniRaftClusterWithGrpc
2025-09-29 07:14:57,387 [main] INFO  impl.MiniRaftCluster (MiniRaftCluster.java:shutdown(827)) - *** 
2025-09-29 07:14:57,387 [main] INFO  impl.MiniRaftCluster (MiniRaftCluster.java:shutdown(828)) - ************************************************************** 
2025-09-29 07:14:57,387 [main] INFO  impl.MiniRaftCluster (MiniRaftCluster.java:shutdown(829)) - printing ALL groups
  s0:  RUNNING    LEADER (RUNNING): s0@group-045CE378E2DF:t1, leader=s0, voted=s0, raftlog=Memoized:s0@group-045CE378E2DF-SegmentedRaftLog:OPENED:c4:last(t:1, i:4), conf=conf: {index: 0, cur=peers:[s0|localhost:15096, s1|localhost:15100, s2|localhost:15104]|listeners:[], old=null}
  s1:  RUNNING  FOLLOWER (RUNNING): s1@group-045CE378E2DF:t1, leader=s0, voted=s0, raftlog=Memoized:s1@group-045CE378E2DF-SegmentedRaftLog:OPENED:c4:last(t:1, i:4), conf=conf: {index: 0, cur=peers:[s0|localhost:15096, s1|localhost:15100, s2|localhost:15104]|listeners:[], old=null}
  s2:  RUNNING  FOLLOWER (RUNNING): s2@group-045CE378E2DF:t1, leader=s0, voted=s0, raftlog=Memoized:s2@group-045CE378E2DF-SegmentedRaftLog:OPENED:c4:last(t:1, i:4), conf=conf: {index: 0, cur=peers:[s0|localhost:15096, s1|localhost:15100, s2|localhost:15104]|listeners:[], old=null}
2025-09-29 07:14:57,388 [MiniRaftCluster-46] INFO  server.RaftServer (RaftServerProxy.java:lambda$close$9(425)) - s0: close
2025-09-29 07:14:57,388 [MiniRaftCluster-47] INFO  server.RaftServer (RaftServerProxy.java:lambda$close$9(425)) - s1: close
2025-09-29 07:14:57,388 [MiniRaftCluster-48] INFO  server.RaftServer (RaftServerProxy.java:lambda$close$9(425)) - s2: close
2025-09-29 07:14:57,389 [MiniRaftCluster-46] INFO  server.GrpcServicesImpl (GrpcServicesImpl.java:closeImpl(347)) - s0: shutdown server org.apache.ratis.grpc.server.GrpcClientProtocolService now
2025-09-29 07:14:57,389 [s0-impl-thread1] INFO  server.RaftServer$Division (RaftServerImpl.java:lambda$close$1(527)) - s0@group-045CE378E2DF: shutdown
2025-09-29 07:14:57,389 [s0-impl-thread1] INFO  util.JmxRegister (JmxRegister.java:unregister(74)) - Successfully un-registered JMX Bean with object name Ratis:service=RaftServer,group=group-045CE378E2DF,id=s0
2025-09-29 07:14:57,389 [s0-impl-thread1] INFO  impl.RoleInfo (RoleInfo.java:shutdownLeaderState(103)) - s0: shutdown s0@group-045CE378E2DF-LeaderStateImpl
2025-09-29 07:14:57,389 [Thread-594] INFO  server.GrpcServerProtocolClient (GrpcServerProtocolClient.java:close(94)) - s1 Close channels
2025-09-29 07:14:57,389 [MiniRaftCluster-47] INFO  server.GrpcServicesImpl (GrpcServicesImpl.java:closeImpl(347)) - s1: shutdown server org.apache.ratis.grpc.server.GrpcClientProtocolService now
2025-09-29 07:14:57,389 [s1-impl-thread1] INFO  server.RaftServer$Division (RaftServerImpl.java:lambda$close$1(527)) - s1@group-045CE378E2DF: shutdown
2025-09-29 07:14:57,390 [s0-impl-thread1] INFO  impl.PendingRequests (PendingRequests.java:sendNotLeaderResponses(281)) - s0@group-045CE378E2DF-PendingRequests: sendNotLeaderResponses
2025-09-29 07:14:57,390 [s0@group-045CE378E2DF->s2-GrpcLogAppender-LogAppenderDaemon] WARN  server.GrpcLogAppender (GrpcLogAppender.java:mayWait(300)) - s0@group-045CE378E2DF->s2-GrpcLogAppender: Wait interrupted by java.lang.InterruptedException
2025-09-29 07:14:57,389 [s2-impl-thread1] INFO  server.RaftServer$Division (RaftServerImpl.java:lambda$close$1(527)) - s2@group-045CE378E2DF: shutdown
2025-09-29 07:14:57,390 [s2-impl-thread1] INFO  util.JmxRegister (JmxRegister.java:unregister(74)) - Successfully un-registered JMX Bean with object name Ratis:service=RaftServer,group=group-045CE378E2DF,id=s2
2025-09-29 07:14:57,390 [s2-impl-thread1] INFO  impl.RoleInfo (RoleInfo.java:shutdownFollowerState(121)) - s2: shutdown s2@group-045CE378E2DF-FollowerState
2025-09-29 07:14:57,390 [s2-impl-thread1] INFO  impl.StateMachineUpdater (StateMachineUpdater.java:stopAndJoin(163)) - s2@group-045CE378E2DF-StateMachineUpdater: set stopIndex = 4
2025-09-29 07:14:57,391 [s2@group-045CE378E2DF-FollowerState] INFO  impl.FollowerState (FollowerState.java:runImpl(170)) - s2@group-045CE378E2DF-FollowerState was interrupted
2025-09-29 07:14:57,391 [Thread-596] INFO  server.GrpcServerProtocolClient (GrpcServerProtocolClient.java:close(94)) - s0 Close channels
2025-09-29 07:14:57,389 [MiniRaftCluster-48] INFO  server.GrpcServicesImpl (GrpcServicesImpl.java:closeImpl(347)) - s2: shutdown server org.apache.ratis.grpc.server.GrpcClientProtocolService now
2025-09-29 07:14:57,390 [s0@group-045CE378E2DF->s1-GrpcLogAppender-LogAppenderDaemon] WARN  server.GrpcLogAppender (GrpcLogAppender.java:mayWait(300)) - s0@group-045CE378E2DF->s1-GrpcLogAppender: Wait interrupted by java.lang.InterruptedException
2025-09-29 07:14:57,390 [s1-impl-thread1] INFO  util.JmxRegister (JmxRegister.java:unregister(74)) - Successfully un-registered JMX Bean with object name Ratis:service=RaftServer,group=group-045CE378E2DF,id=s1
2025-09-29 07:14:57,392 [s1-impl-thread1] INFO  impl.RoleInfo (RoleInfo.java:shutdownFollowerState(121)) - s1: shutdown s1@group-045CE378E2DF-FollowerState
2025-09-29 07:14:57,393 [s2@group-045CE378E2DF-StateMachineUpdater] INFO  impl.StateMachineUpdater (StateMachineUpdater.java:stop(140)) - s2@group-045CE378E2DF-StateMachineUpdater: closing CounterStateMachine, lastApplied=(t:1, i:4)
2025-09-29 07:14:57,390 [Thread-595] INFO  server.GrpcServerProtocolClient (GrpcServerProtocolClient.java:close(94)) - s2 Close channels
2025-09-29 07:14:57,393 [MiniRaftCluster-47] INFO  server.GrpcServicesImpl (GrpcServicesImpl.java:closeImpl(356)) - s1: shutdown server org.apache.ratis.grpc.server.GrpcClientProtocolService successfully
2025-09-29 07:14:57,393 [MiniRaftCluster-47] INFO  server.GrpcServicesImpl (GrpcServicesImpl.java:closeImpl(347)) - s1: shutdown server GrpcServerProtocolService now
2025-09-29 07:14:57,393 [s2@group-045CE378E2DF-cacheEviction-AwaitToRun] INFO  util.AwaitToRun (AwaitToRun.java:run(49)) - s2@group-045CE378E2DF-cacheEviction-AwaitToRun-AwaitForSignal is interrupted
2025-09-29 07:14:57,394 [grpc-default-executor-3] INFO  server.GrpcServerProtocolService (GrpcServerProtocolService.java:lambda$onCompleted$6(174)) - s1: Completed APPEND_ENTRIES, lastRequest: s0->s1#12-t1,previous=(t:1, i:3),leaderCommit=3,initializing? false,entries: size=1, first=(t:1, i:4), METADATAENTRY(c:3) 
2025-09-29 07:14:57,395 [s1-impl-thread1] INFO  impl.StateMachineUpdater (StateMachineUpdater.java:stopAndJoin(163)) - s1@group-045CE378E2DF-StateMachineUpdater: set stopIndex = 4
2025-09-29 07:14:57,395 [s1@group-045CE378E2DF-StateMachineUpdater] INFO  impl.StateMachineUpdater (StateMachineUpdater.java:stop(140)) - s1@group-045CE378E2DF-StateMachineUpdater: closing CounterStateMachine, lastApplied=(t:1, i:4)
2025-09-29 07:14:57,395 [s1@group-045CE378E2DF-FollowerState] INFO  impl.FollowerState (FollowerState.java:runImpl(170)) - s1@group-045CE378E2DF-FollowerState was interrupted
2025-09-29 07:14:57,395 [s1@group-045CE378E2DF-cacheEviction-AwaitToRun] INFO  util.AwaitToRun (AwaitToRun.java:run(49)) - s1@group-045CE378E2DF-cacheEviction-AwaitToRun-AwaitForSignal is interrupted
2025-09-29 07:14:57,396 [s0-impl-thread1] INFO  impl.StateMachineUpdater (StateMachineUpdater.java:stopAndJoin(163)) - s0@group-045CE378E2DF-StateMachineUpdater: set stopIndex = 4
2025-09-29 07:14:57,396 [MiniRaftCluster-48] INFO  server.GrpcServicesImpl (GrpcServicesImpl.java:closeImpl(356)) - s2: shutdown server org.apache.ratis.grpc.server.GrpcClientProtocolService successfully
2025-09-29 07:14:57,396 [MiniRaftCluster-48] INFO  server.GrpcServicesImpl (GrpcServicesImpl.java:closeImpl(347)) - s2: shutdown server GrpcServerProtocolService now
2025-09-29 07:14:57,396 [s0@group-045CE378E2DF-StateMachineUpdater] INFO  impl.StateMachineUpdater (StateMachineUpdater.java:stop(140)) - s0@group-045CE378E2DF-StateMachineUpdater: closing CounterStateMachine, lastApplied=(t:1, i:4)
2025-09-29 07:14:57,397 [s0@group-045CE378E2DF-cacheEviction-AwaitToRun] INFO  util.AwaitToRun (AwaitToRun.java:run(49)) - s0@group-045CE378E2DF-cacheEviction-AwaitToRun-AwaitForSignal is interrupted
2025-09-29 07:14:57,401 [MiniRaftCluster-47] INFO  server.GrpcServicesImpl (GrpcServicesImpl.java:closeImpl(356)) - s1: shutdown server GrpcServerProtocolService successfully
2025-09-29 07:14:57,401 [MiniRaftCluster-47] INFO  server.GrpcServicesImpl (GrpcServicesImpl.java:closeImpl(347)) - s1: shutdown server org.apache.ratis.grpc.server.GrpcAdminProtocolService now
2025-09-29 07:14:57,401 [grpc-default-executor-15] INFO  server.GrpcLogAppender (GrpcLogAppender.java:onCompleted(558)) - s0@group-045CE378E2DF->s2-AppendLogResponseHandler: follower responses appendEntries COMPLETED
2025-09-29 07:14:57,401 [grpc-default-executor-12] INFO  server.GrpcLogAppender (GrpcLogAppender.java:onCompleted(558)) - s0@group-045CE378E2DF->s2-AppendLogResponseHandler: follower responses appendEntries COMPLETED
2025-09-29 07:14:57,401 [grpc-default-executor-15] WARN  server.GrpcLogAppender (GrpcLogAppender.java:resetClient(237)) - s0@group-045CE378E2DF->s2-GrpcLogAppender: Failed to getClient for s2
org.apache.ratis.protocol.exceptions.AlreadyClosedException: s0 is already CLOSED
	at org.apache.ratis.util.PeerProxyMap$PeerAndProxy.getProxy(PeerProxyMap.java:70)
	at org.apache.ratis.util.PeerProxyMap.getProxy(PeerProxyMap.java:127)
	at org.apache.ratis.grpc.server.GrpcLogAppender.getClient(GrpcLogAppender.java:207)
	at org.apache.ratis.grpc.server.GrpcLogAppender.resetClient(GrpcLogAppender.java:212)
	at org.apache.ratis.grpc.server.GrpcLogAppender.access$800(GrpcLogAppender.java:70)
	at org.apache.ratis.grpc.server.GrpcLogAppender$AppendLogResponseHandler.onCompleted(GrpcLogAppender.java:559)
	at org.apache.ratis.thirdparty.io.grpc.stub.ClientCalls$StreamObserverToCallListenerAdapter.onClose(ClientCalls.java:579)
	at org.apache.ratis.thirdparty.io.grpc.internal.DelayedClientCall$DelayedListener$3.run(DelayedClientCall.java:487)
	at org.apache.ratis.thirdparty.io.grpc.internal.DelayedClientCall$DelayedListener.delayOrExecute(DelayedClientCall.java:451)
	at org.apache.ratis.thirdparty.io.grpc.internal.DelayedClientCall$DelayedListener.onClose(DelayedClientCall.java:484)
	at org.apache.ratis.thirdparty.io.grpc.internal.ClientCallImpl.closeObserver(ClientCallImpl.java:565)
	at org.apache.ratis.thirdparty.io.grpc.internal.ClientCallImpl.access$100(ClientCallImpl.java:72)
	at org.apache.ratis.thirdparty.io.grpc.internal.ClientCallImpl$ClientStreamListenerImpl$1StreamClosed.runInternal(ClientCallImpl.java:733)
	at org.apache.ratis.thirdparty.io.grpc.internal.ClientCallImpl$ClientStreamListenerImpl$1StreamClosed.runInContext(ClientCallImpl.java:714)
	at org.apache.ratis.thirdparty.io.grpc.internal.ContextRunnable.run(ContextRunnable.java:37)
	at org.apache.ratis.thirdparty.io.grpc.internal.SerializingExecutor.run(SerializingExecutor.java:133)
	at java.util.concurrent.ThreadPoolExecutor.runWorker(ThreadPoolExecutor.java:1149)
	at java.util.concurrent.ThreadPoolExecutor$Worker.run(ThreadPoolExecutor.java:624)
	at java.lang.Thread.run(Thread.java:750)
2025-09-29 07:14:57,402 [MiniRaftCluster-47] INFO  server.GrpcServicesImpl (GrpcServicesImpl.java:closeImpl(356)) - s1: shutdown server org.apache.ratis.grpc.server.GrpcAdminProtocolService successfully
2025-09-29 07:14:57,402 [MiniRaftCluster-46] INFO  server.GrpcServicesImpl (GrpcServicesImpl.java:closeImpl(356)) - s0: shutdown server org.apache.ratis.grpc.server.GrpcClientProtocolService successfully
2025-09-29 07:14:57,402 [MiniRaftCluster-46] INFO  server.GrpcServicesImpl (GrpcServicesImpl.java:closeImpl(347)) - s0: shutdown server GrpcServerProtocolService now
2025-09-29 07:14:57,401 [grpc-default-executor-3] INFO  server.GrpcLogAppender (GrpcLogAppender.java:onError(545)) - s0@group-045CE378E2DF->s1-GrpcLogAppender is already stopped
2025-09-29 07:14:57,403 [MiniRaftCluster-46] INFO  server.GrpcServicesImpl (GrpcServicesImpl.java:closeImpl(356)) - s0: shutdown server GrpcServerProtocolService successfully
2025-09-29 07:14:57,403 [MiniRaftCluster-46] INFO  server.GrpcServicesImpl (GrpcServicesImpl.java:closeImpl(347)) - s0: shutdown server org.apache.ratis.grpc.server.GrpcAdminProtocolService now
2025-09-29 07:14:57,401 [grpc-default-executor-12] WARN  server.GrpcLogAppender (GrpcLogAppender.java:resetClient(237)) - s0@group-045CE378E2DF->s2-GrpcLogAppender: Failed to getClient for s2
org.apache.ratis.protocol.exceptions.AlreadyClosedException: s0 is already CLOSED
	at org.apache.ratis.util.PeerProxyMap$PeerAndProxy.getProxy(PeerProxyMap.java:70)
	at org.apache.ratis.util.PeerProxyMap.getProxy(PeerProxyMap.java:127)
	at org.apache.ratis.grpc.server.GrpcLogAppender.getClient(GrpcLogAppender.java:207)
	at org.apache.ratis.grpc.server.GrpcLogAppender.resetClient(GrpcLogAppender.java:212)
	at org.apache.ratis.grpc.server.GrpcLogAppender.access$800(GrpcLogAppender.java:70)
	at org.apache.ratis.grpc.server.GrpcLogAppender$AppendLogResponseHandler.onCompleted(GrpcLogAppender.java:559)
	at org.apache.ratis.thirdparty.io.grpc.stub.ClientCalls$StreamObserverToCallListenerAdapter.onClose(ClientCalls.java:579)
	at org.apache.ratis.thirdparty.io.grpc.internal.ClientCallImpl.closeObserver(ClientCallImpl.java:565)
	at org.apache.ratis.thirdparty.io.grpc.internal.ClientCallImpl.access$100(ClientCallImpl.java:72)
	at org.apache.ratis.thirdparty.io.grpc.internal.ClientCallImpl$ClientStreamListenerImpl$1StreamClosed.runInternal(ClientCallImpl.java:733)
	at org.apache.ratis.thirdparty.io.grpc.internal.ClientCallImpl$ClientStreamListenerImpl$1StreamClosed.runInContext(ClientCallImpl.java:714)
	at org.apache.ratis.thirdparty.io.grpc.internal.ContextRunnable.run(ContextRunnable.java:37)
	at org.apache.ratis.thirdparty.io.grpc.internal.SerializingExecutor.run(SerializingExecutor.java:133)
	at java.util.concurrent.ThreadPoolExecutor.runWorker(ThreadPoolExecutor.java:1149)
	at java.util.concurrent.ThreadPoolExecutor$Worker.run(ThreadPoolExecutor.java:624)
	at java.lang.Thread.run(Thread.java:750)
2025-09-29 07:14:57,403 [MiniRaftCluster-46] INFO  server.GrpcServicesImpl (GrpcServicesImpl.java:closeImpl(356)) - s0: shutdown server org.apache.ratis.grpc.server.GrpcAdminProtocolService successfully
2025-09-29 07:14:57,401 [grpc-default-executor-1] INFO  server.GrpcLogAppender (GrpcLogAppender.java:onCompleted(558)) - s0@group-045CE378E2DF->s1-AppendLogResponseHandler: follower responses appendEntries COMPLETED
2025-09-29 07:14:57,404 [grpc-default-executor-1] WARN  server.GrpcLogAppender (GrpcLogAppender.java:resetClient(237)) - s0@group-045CE378E2DF->s1-GrpcLogAppender: Failed to getClient for s1
org.apache.ratis.protocol.exceptions.AlreadyClosedException: s0 is already CLOSED
	at org.apache.ratis.util.PeerProxyMap$PeerAndProxy.getProxy(PeerProxyMap.java:70)
	at org.apache.ratis.util.PeerProxyMap.getProxy(PeerProxyMap.java:127)
	at org.apache.ratis.grpc.server.GrpcLogAppender.getClient(GrpcLogAppender.java:207)
	at org.apache.ratis.grpc.server.GrpcLogAppender.resetClient(GrpcLogAppender.java:212)
	at org.apache.ratis.grpc.server.GrpcLogAppender.access$800(GrpcLogAppender.java:70)
	at org.apache.ratis.grpc.server.GrpcLogAppender$AppendLogResponseHandler.onCompleted(GrpcLogAppender.java:559)
	at org.apache.ratis.thirdparty.io.grpc.stub.ClientCalls$StreamObserverToCallListenerAdapter.onClose(ClientCalls.java:579)
	at org.apache.ratis.thirdparty.io.grpc.internal.ClientCallImpl.closeObserver(ClientCallImpl.java:565)
	at org.apache.ratis.thirdparty.io.grpc.internal.ClientCallImpl.access$100(ClientCallImpl.java:72)
	at org.apache.ratis.thirdparty.io.grpc.internal.ClientCallImpl$ClientStreamListenerImpl$1StreamClosed.runInternal(ClientCallImpl.java:733)
	at org.apache.ratis.thirdparty.io.grpc.internal.ClientCallImpl$ClientStreamListenerImpl$1StreamClosed.runInContext(ClientCallImpl.java:714)
	at org.apache.ratis.thirdparty.io.grpc.internal.ContextRunnable.run(ContextRunnable.java:37)
	at org.apache.ratis.thirdparty.io.grpc.internal.SerializingExecutor.run(SerializingExecutor.java:133)
	at java.util.concurrent.ThreadPoolExecutor.runWorker(ThreadPoolExecutor.java:1149)
	at java.util.concurrent.ThreadPoolExecutor$Worker.run(ThreadPoolExecutor.java:624)
	at java.lang.Thread.run(Thread.java:750)
2025-09-29 07:14:57,401 [MiniRaftCluster-48] INFO  server.GrpcServicesImpl (GrpcServicesImpl.java:closeImpl(356)) - s2: shutdown server GrpcServerProtocolService successfully
2025-09-29 07:14:57,405 [MiniRaftCluster-48] INFO  server.GrpcServicesImpl (GrpcServicesImpl.java:closeImpl(347)) - s2: shutdown server org.apache.ratis.grpc.server.GrpcAdminProtocolService now
2025-09-29 07:14:57,405 [MiniRaftCluster-48] INFO  server.GrpcServicesImpl (GrpcServicesImpl.java:closeImpl(356)) - s2: shutdown server org.apache.ratis.grpc.server.GrpcAdminProtocolService successfully
2025-09-29 07:14:57,883 [s0-impl-thread1] INFO  segmented.SegmentedRaftLogWorker (SegmentedRaftLogWorker.java:close(254)) - s0@group-045CE378E2DF-SegmentedRaftLogWorker close()
2025-09-29 07:14:57,883 [s1-impl-thread1] INFO  segmented.SegmentedRaftLogWorker (SegmentedRaftLogWorker.java:close(254)) - s1@group-045CE378E2DF-SegmentedRaftLogWorker close()
2025-09-29 07:14:57,884 [s2-impl-thread1] INFO  segmented.SegmentedRaftLogWorker (SegmentedRaftLogWorker.java:close(254)) - s2@group-045CE378E2DF-SegmentedRaftLogWorker close()
2025-09-29 07:14:57,884 [JvmPauseMonitor24] INFO  util.JvmPauseMonitor (JvmPauseMonitor.java:run(152)) - JvmPauseMonitor-s0: Stopped
2025-09-29 07:14:57,885 [JvmPauseMonitor25] INFO  util.JvmPauseMonitor (JvmPauseMonitor.java:run(152)) - JvmPauseMonitor-s1: Stopped
2025-09-29 07:14:57,885 [JvmPauseMonitor26] INFO  util.JvmPauseMonitor (JvmPauseMonitor.java:run(152)) - JvmPauseMonitor-s2: Stopped
2025-09-29 07:14:57,885 [main] INFO  impl.MiniRaftCluster (MiniRaftCluster.java:shutdown(848)) - MiniRaftClusterWithGrpc shutdown completed
2025-09-29 07:14:57,885 [main] INFO  impl.MiniRaftCluster (MiniRaftCluster.java:shutdown(824)) - ************************************************************** 
2025-09-29 07:14:57,886 [main] INFO  impl.MiniRaftCluster (MiniRaftCluster.java:shutdown(825)) - *** 
2025-09-29 07:14:57,886 [main] INFO  impl.MiniRaftCluster (MiniRaftCluster.java:shutdown(826)) - ***     Stopping MiniRaftClusterWithGrpc
2025-09-29 07:14:57,886 [main] INFO  impl.MiniRaftCluster (MiniRaftCluster.java:shutdown(827)) - *** 
2025-09-29 07:14:57,886 [main] INFO  impl.MiniRaftCluster (MiniRaftCluster.java:shutdown(828)) - ************************************************************** 
2025-09-29 07:14:57,886 [main] INFO  impl.MiniRaftCluster (MiniRaftCluster.java:shutdown(829)) - printing ALL groups
  s0:   CLOSED    LEADER (CLOSED): s0@group-045CE378E2DF:t1, leader=s0, voted=s0, raftlog=Memoized:s0@group-045CE378E2DF-SegmentedRaftLog:CLOSED:c4, conf=conf: {index: 0, cur=peers:[s0|localhost:15096, s1|localhost:15100, s2|localhost:15104]|listeners:[], old=null}
  s1:   CLOSED  FOLLOWER (CLOSED): s1@group-045CE378E2DF:t1, leader=s0, voted=s0, raftlog=Memoized:s1@group-045CE378E2DF-SegmentedRaftLog:CLOSED:c4, conf=conf: {index: 0, cur=peers:[s0|localhost:15096, s1|localhost:15100, s2|localhost:15104]|listeners:[], old=null}
  s2:   CLOSED  FOLLOWER (CLOSED): s2@group-045CE378E2DF:t1, leader=s0, voted=s0, raftlog=Memoized:s2@group-045CE378E2DF-SegmentedRaftLog:CLOSED:c4, conf=conf: {index: 0, cur=peers:[s0|localhost:15096, s1|localhost:15100, s2|localhost:15104]|listeners:[], old=null}
2025-09-29 07:14:57,887 [main] INFO  impl.MiniRaftCluster (MiniRaftCluster.java:shutdown(848)) - MiniRaftClusterWithGrpc shutdown completed
]]></system-out>
  </testcase>
  <testcase name="testReadAfterWrite" classname="org.apache.ratis.grpc.TestReadOnlyRequestWithGrpc" time="1.702">
    <failure message="expected: &lt;true&gt; but was: &lt;false&gt;" type="org.opentest4j.AssertionFailedError"><![CDATA[org.opentest4j.AssertionFailedError: expected: <true> but was: <false>
	at org.apache.ratis.ReadOnlyRequestTests.testReadAfterWriteImpl(ReadOnlyRequestTests.java:314)
	at org.apache.ratis.server.impl.MiniRaftCluster$Factory$Get.runWithNewCluster(MiniRaftCluster.java:142)
	at org.apache.ratis.server.impl.MiniRaftCluster$Factory$Get.runWithNewCluster(MiniRaftCluster.java:120)
	at org.apache.ratis.ReadOnlyRequestTests.testReadAfterWrite(ReadOnlyRequestTests.java:289)
	at java.lang.reflect.Method.invoke(Method.java:498)
	at java.util.ArrayList.forEach(ArrayList.java:1259)
	at java.util.ArrayList.forEach(ArrayList.java:1259)
]]></failure>
    <system-out><![CDATA[2025-09-29 07:14:57,888 [main] INFO  util.LogUtils (Slf4jUtils.java:setLogLevel(38)) - Successfully set org.apache.ratis.conf.ConfUtils log level to WARN
2025-09-29 07:14:57,888 [main] INFO  util.LogUtils (Slf4jUtils.java:setLogLevel(38)) - Successfully set org.apache.ratis.util.FileUtils log level to TRACE
2025-09-29 07:14:57,888 [main] INFO  util.LogUtils (Slf4jUtils.java:setLogLevel(38)) - Successfully set org.apache.ratis.server.RaftServer$Division log level to DEBUG
2025-09-29 07:14:57,890 [main] INFO  impl.MiniRaftCluster (MiniRaftCluster.java:runWithNewCluster(136)) - Running runWithNewCluster
2025-09-29 07:14:57,891 [main] INFO  impl.MiniRaftCluster (MiniRaftCluster.java:<init>(296)) - new MiniRaftClusterWithGrpc with group-920697D1330B:[s0|localhost:15108, s1|localhost:15112, s2|localhost:15116]
2025-09-29 07:14:57,891 [main] INFO  impl.MiniRaftCluster (MiniRaftCluster.java:start(329)) - .............................................................. 
2025-09-29 07:14:57,891 [main] INFO  impl.MiniRaftCluster (MiniRaftCluster.java:start(330)) - ... 
2025-09-29 07:14:57,891 [main] INFO  impl.MiniRaftCluster (MiniRaftCluster.java:start(331)) - ...     Starting MiniRaftClusterWithGrpc
2025-09-29 07:14:57,891 [main] INFO  impl.MiniRaftCluster (MiniRaftCluster.java:start(332)) - ... 
2025-09-29 07:14:57,891 [main] INFO  impl.MiniRaftCluster (MiniRaftCluster.java:start(333)) - .............................................................. 
2025-09-29 07:14:57,892 [main] INFO  impl.MiniRaftCluster (MiniRaftCluster.java:initServers(308)) - servers = {}
2025-09-29 07:14:57,892 [main] INFO  impl.MiniRaftCluster (MiniRaftCluster.java:newRaftServer(375)) - newRaftServer: s0, group-920697D1330B:[s0|localhost:15108, s1|localhost:15112, s2|localhost:15116], format? true
2025-09-29 07:14:57,892 [main] TRACE util.FileUtils (FileUtils.java:deleteFully(355)) - deleteFully target/test/data/6b14e155/MiniRaftClusterWithGrpcf4c37a03/s0
2025-09-29 07:14:57,892 [main] TRACE util.FileUtils (FileUtils.java:deleteFully(368)) - deleteFully: target/test/data/6b14e155/MiniRaftClusterWithGrpcf4c37a03/s0 does not exist.
2025-09-29 07:14:57,892 [main] INFO  impl.MiniRaftCluster (MiniRaftCluster.java:newRaftServer(380)) - Formatted directory target/test/data/6b14e155/MiniRaftClusterWithGrpcf4c37a03/s0
2025-09-29 07:14:57,893 [main] INFO  server.RaftServer (VersionInfo.java:printStartupMessages(132)) - Starting Apache Ratis Test -- RaftServerProxy s0
2025-09-29 07:14:57,893 [main] INFO  server.RaftServer (VersionInfo.java:printStartupMessages(136)) -                version: 3.1.3
2025-09-29 07:14:57,893 [main] INFO  server.RaftServer (VersionInfo.java:printStartupMessages(136)) -                    url: https://github.com/apache/ratis
2025-09-29 07:14:57,893 [main] INFO  server.RaftServer (VersionInfo.java:printStartupMessages(136)) -               revision: d902c593e11de03b157527cf3ee9a12cdd9ad451
2025-09-29 07:14:57,894 [main] INFO  server.RaftServer (VersionInfo.java:printStartupMessages(139)) -                   java: OpenJDK 64-Bit Server VM 1.8.0_462-b08
2025-09-29 07:14:57,894 [main] INFO  server.RaftServer (VersionInfo.java:printStartupMessages(139)) -                   user: runner
2025-09-29 07:14:57,894 [main] INFO  grpc.GrpcConfigKeys (ConfUtils.java:logFallback(69)) - raft.grpc.admin.host = null (fallback to raft.grpc.server.host)
2025-09-29 07:14:57,894 [main] INFO  grpc.GrpcConfigKeys (ConfUtils.java:logGet(62)) - raft.grpc.admin.port = 15109 (custom)
2025-09-29 07:14:57,894 [main] INFO  grpc.GrpcConfigKeys (ConfUtils.java:logFallback(69)) - raft.grpc.client.host = null (fallback to raft.grpc.server.host)
2025-09-29 07:14:57,895 [main] INFO  grpc.GrpcConfigKeys (ConfUtils.java:logGet(62)) - raft.grpc.client.port = 15110 (custom)
2025-09-29 07:14:57,895 [main] INFO  grpc.GrpcConfigKeys (ConfUtils.java:logGet(62)) - raft.grpc.server.port = 15108 (custom)
2025-09-29 07:14:57,896 [main] INFO  server.RaftServerConfigKeys (ConfUtils.java:logGet(62)) - raft.server.storage.dir = [/home/runner/work/ratis/ratis/ratis-test/target/test/data/6b14e155/MiniRaftClusterWithGrpcf4c37a03/s0] (custom)
2025-09-29 07:14:57,897 [main] INFO  server.RaftServer (RaftServerProxy.java:addNew(106)) - s0: addNew group-920697D1330B:[s0|localhost:15108, s1|localhost:15112, s2|localhost:15116] returns group-920697D1330B:java.util.concurrent.CompletableFuture@34d5eac[Not completed]
2025-09-29 07:14:57,897 [s0-groupManagement] INFO  server.RaftServer$Division (RaftServerImpl.java:<init>(268)) - s0: new RaftServerImpl for group-920697D1330B:[s0|localhost:15108, s1|localhost:15112, s2|localhost:15116] with CounterStateMachine-28:uninitialized
2025-09-29 07:14:57,897 [main] INFO  impl.MiniRaftCluster (MiniRaftCluster.java:newRaftServer(375)) - newRaftServer: s1, group-920697D1330B:[s0|localhost:15108, s1|localhost:15112, s2|localhost:15116], format? true
2025-09-29 07:14:57,897 [main] TRACE util.FileUtils (FileUtils.java:deleteFully(355)) - deleteFully target/test/data/6b14e155/MiniRaftClusterWithGrpcf4c37a03/s1
2025-09-29 07:14:57,897 [s0-groupManagement] INFO  server.RaftServer$Division (ServerState.java:<init>(114)) - s0@group-920697D1330B: ConfigurationManager, init=conf: {index: -1, cur=peers:[s0|localhost:15108, s1|localhost:15112, s2|localhost:15116]|listeners:[], old=null}, confs=<EMPTY_MAP>
2025-09-29 07:14:57,898 [main] TRACE util.FileUtils (FileUtils.java:deleteFully(368)) - deleteFully: target/test/data/6b14e155/MiniRaftClusterWithGrpcf4c37a03/s1 does not exist.
2025-09-29 07:14:57,898 [main] INFO  impl.MiniRaftCluster (MiniRaftCluster.java:newRaftServer(380)) - Formatted directory target/test/data/6b14e155/MiniRaftClusterWithGrpcf4c37a03/s1
2025-09-29 07:14:57,898 [main] INFO  server.RaftServer (VersionInfo.java:printStartupMessages(132)) - Starting Apache Ratis Test -- RaftServerProxy s1
2025-09-29 07:14:57,898 [main] INFO  server.RaftServer (VersionInfo.java:printStartupMessages(136)) -                version: 3.1.3
2025-09-29 07:14:57,899 [main] INFO  server.RaftServer (VersionInfo.java:printStartupMessages(136)) -                    url: https://github.com/apache/ratis
2025-09-29 07:14:57,899 [main] INFO  server.RaftServer (VersionInfo.java:printStartupMessages(136)) -               revision: d902c593e11de03b157527cf3ee9a12cdd9ad451
2025-09-29 07:14:57,899 [main] INFO  server.RaftServer (VersionInfo.java:printStartupMessages(139)) -                   java: OpenJDK 64-Bit Server VM 1.8.0_462-b08
2025-09-29 07:14:57,899 [main] INFO  server.RaftServer (VersionInfo.java:printStartupMessages(139)) -                   user: runner
2025-09-29 07:14:57,899 [main] INFO  grpc.GrpcConfigKeys (ConfUtils.java:logFallback(69)) - raft.grpc.admin.host = null (fallback to raft.grpc.server.host)
2025-09-29 07:14:57,900 [main] INFO  grpc.GrpcConfigKeys (ConfUtils.java:logGet(62)) - raft.grpc.admin.port = 15113 (custom)
2025-09-29 07:14:57,900 [main] INFO  grpc.GrpcConfigKeys (ConfUtils.java:logFallback(69)) - raft.grpc.client.host = null (fallback to raft.grpc.server.host)
2025-09-29 07:14:57,900 [main] INFO  grpc.GrpcConfigKeys (ConfUtils.java:logGet(62)) - raft.grpc.client.port = 15114 (custom)
2025-09-29 07:14:57,900 [main] INFO  grpc.GrpcConfigKeys (ConfUtils.java:logGet(62)) - raft.grpc.server.port = 15112 (custom)
2025-09-29 07:14:57,902 [main] INFO  server.RaftServerConfigKeys (ConfUtils.java:logGet(62)) - raft.server.storage.dir = [/home/runner/work/ratis/ratis/ratis-test/target/test/data/6b14e155/MiniRaftClusterWithGrpcf4c37a03/s1] (custom)
2025-09-29 07:14:57,902 [main] INFO  server.RaftServer (RaftServerProxy.java:addNew(106)) - s1: addNew group-920697D1330B:[s0|localhost:15108, s1|localhost:15112, s2|localhost:15116] returns group-920697D1330B:java.util.concurrent.CompletableFuture@1be4a7e3[Not completed]
2025-09-29 07:14:57,902 [s1-groupManagement] INFO  server.RaftServer$Division (RaftServerImpl.java:<init>(268)) - s1: new RaftServerImpl for group-920697D1330B:[s0|localhost:15108, s1|localhost:15112, s2|localhost:15116] with CounterStateMachine-29:uninitialized
2025-09-29 07:14:57,902 [main] INFO  impl.MiniRaftCluster (MiniRaftCluster.java:newRaftServer(375)) - newRaftServer: s2, group-920697D1330B:[s0|localhost:15108, s1|localhost:15112, s2|localhost:15116], format? true
2025-09-29 07:14:57,903 [s1-groupManagement] INFO  server.RaftServer$Division (ServerState.java:<init>(114)) - s1@group-920697D1330B: ConfigurationManager, init=conf: {index: -1, cur=peers:[s0|localhost:15108, s1|localhost:15112, s2|localhost:15116]|listeners:[], old=null}, confs=<EMPTY_MAP>
2025-09-29 07:14:57,903 [main] TRACE util.FileUtils (FileUtils.java:deleteFully(355)) - deleteFully target/test/data/6b14e155/MiniRaftClusterWithGrpcf4c37a03/s2
2025-09-29 07:14:57,903 [main] TRACE util.FileUtils (FileUtils.java:deleteFully(368)) - deleteFully: target/test/data/6b14e155/MiniRaftClusterWithGrpcf4c37a03/s2 does not exist.
2025-09-29 07:14:57,903 [main] INFO  impl.MiniRaftCluster (MiniRaftCluster.java:newRaftServer(380)) - Formatted directory target/test/data/6b14e155/MiniRaftClusterWithGrpcf4c37a03/s2
2025-09-29 07:14:57,904 [main] INFO  server.RaftServer (VersionInfo.java:printStartupMessages(132)) - Starting Apache Ratis Test -- RaftServerProxy s2
2025-09-29 07:14:57,904 [main] INFO  server.RaftServer (VersionInfo.java:printStartupMessages(136)) -                version: 3.1.3
2025-09-29 07:14:57,904 [main] INFO  server.RaftServer (VersionInfo.java:printStartupMessages(136)) -                    url: https://github.com/apache/ratis
2025-09-29 07:14:57,904 [main] INFO  server.RaftServer (VersionInfo.java:printStartupMessages(136)) -               revision: d902c593e11de03b157527cf3ee9a12cdd9ad451
2025-09-29 07:14:57,905 [main] INFO  server.RaftServer (VersionInfo.java:printStartupMessages(139)) -                   java: OpenJDK 64-Bit Server VM 1.8.0_462-b08
2025-09-29 07:14:57,905 [main] INFO  server.RaftServer (VersionInfo.java:printStartupMessages(139)) -                   user: runner
2025-09-29 07:14:57,905 [main] INFO  grpc.GrpcConfigKeys (ConfUtils.java:logFallback(69)) - raft.grpc.admin.host = null (fallback to raft.grpc.server.host)
2025-09-29 07:14:57,905 [main] INFO  grpc.GrpcConfigKeys (ConfUtils.java:logGet(62)) - raft.grpc.admin.port = 15117 (custom)
2025-09-29 07:14:57,905 [main] INFO  grpc.GrpcConfigKeys (ConfUtils.java:logFallback(69)) - raft.grpc.client.host = null (fallback to raft.grpc.server.host)
2025-09-29 07:14:57,906 [main] INFO  grpc.GrpcConfigKeys (ConfUtils.java:logGet(62)) - raft.grpc.client.port = 15118 (custom)
2025-09-29 07:14:57,906 [main] INFO  grpc.GrpcConfigKeys (ConfUtils.java:logGet(62)) - raft.grpc.server.port = 15116 (custom)
2025-09-29 07:14:57,907 [main] INFO  server.RaftServerConfigKeys (ConfUtils.java:logGet(62)) - raft.server.storage.dir = [/home/runner/work/ratis/ratis/ratis-test/target/test/data/6b14e155/MiniRaftClusterWithGrpcf4c37a03/s2] (custom)
2025-09-29 07:14:57,908 [main] INFO  server.RaftServer (RaftServerProxy.java:addNew(106)) - s2: addNew group-920697D1330B:[s0|localhost:15108, s1|localhost:15112, s2|localhost:15116] returns group-920697D1330B:java.util.concurrent.CompletableFuture@65a66a75[Not completed]
2025-09-29 07:14:57,908 [s2-groupManagement] INFO  server.RaftServer$Division (RaftServerImpl.java:<init>(268)) - s2: new RaftServerImpl for group-920697D1330B:[s0|localhost:15108, s1|localhost:15112, s2|localhost:15116] with CounterStateMachine-30:uninitialized
2025-09-29 07:14:57,908 [s2-groupManagement] INFO  server.RaftServer$Division (ServerState.java:<init>(114)) - s2@group-920697D1330B: ConfigurationManager, init=conf: {index: -1, cur=peers:[s0|localhost:15108, s1|localhost:15112, s2|localhost:15116]|listeners:[], old=null}, confs=<EMPTY_MAP>
2025-09-29 07:14:57,909 [s0-impl-thread1] INFO  server.RaftServerConfigKeys (ConfUtils.java:logGet(62)) - raft.server.storage.dir = [/home/runner/work/ratis/ratis/ratis-test/target/test/data/6b14e155/MiniRaftClusterWithGrpcf4c37a03/s0] (custom)
2025-09-29 07:14:57,909 [s0-impl-thread1] INFO  storage.RaftStorageDirectory (RaftStorageDirectoryImpl.java:analyzeStorage(138)) - The storage directory /home/runner/work/ratis/ratis/ratis-test/target/test/data/6b14e155/MiniRaftClusterWithGrpcf4c37a03/s0/d7f1b8da-ba11-44a2-904b-920697d1330b does not exist. Creating ...
2025-09-29 07:14:57,910 [s0-impl-thread1] TRACE util.FileUtils (LogUtils.java:runAndLog(49)) - Successfully ran Files.createDirectories /home/runner/work/ratis/ratis/ratis-test/target/test/data/6b14e155/MiniRaftClusterWithGrpcf4c37a03/s0/d7f1b8da-ba11-44a2-904b-920697d1330b
2025-09-29 07:14:57,911 [s0-impl-thread1] INFO  storage.RaftStorageDirectory (RaftStorageDirectoryImpl.java:tryLock(229)) - Lock on /home/runner/work/ratis/ratis/ratis-test/target/test/data/6b14e155/MiniRaftClusterWithGrpcf4c37a03/s0/d7f1b8da-ba11-44a2-904b-920697d1330b/in_use.lock acquired by nodename 24167@runnervm3ublj
2025-09-29 07:14:57,911 [s0-impl-thread1] TRACE util.FileUtils (LogUtils.java:runAndLog(49)) - Successfully ran Files.createDirectories /home/runner/work/ratis/ratis/ratis-test/target/test/data/6b14e155/MiniRaftClusterWithGrpcf4c37a03/s0/d7f1b8da-ba11-44a2-904b-920697d1330b/current
2025-09-29 07:14:57,911 [s0-impl-thread1] TRACE util.FileUtils (LogUtils.java:runAndLog(49)) - Successfully ran Files.createDirectories /home/runner/work/ratis/ratis/ratis-test/target/test/data/6b14e155/MiniRaftClusterWithGrpcf4c37a03/s0/d7f1b8da-ba11-44a2-904b-920697d1330b/sm
2025-09-29 07:14:57,911 [s0-impl-thread1] TRACE util.FileUtils (LogUtils.java:supplyAndLog(69)) - Successfully supplied FileChannel.open /home/runner/work/ratis/ratis/ratis-test/target/test/data/6b14e155/MiniRaftClusterWithGrpcf4c37a03/s0/d7f1b8da-ba11-44a2-904b-920697d1330b/current/raft-meta.tmp with options [CREATE, TRUNCATE_EXISTING, WRITE]: sun.nio.ch.FileChannelImpl@1f8bc8ea
2025-09-29 07:14:57,912 [s0-impl-thread1] TRACE util.FileUtils (LogUtils.java:runAndLog(49)) - Successfully ran Atomic Files.move /home/runner/work/ratis/ratis/ratis-test/target/test/data/6b14e155/MiniRaftClusterWithGrpcf4c37a03/s0/d7f1b8da-ba11-44a2-904b-920697d1330b/current/raft-meta.tmp to /home/runner/work/ratis/ratis/ratis-test/target/test/data/6b14e155/MiniRaftClusterWithGrpcf4c37a03/s0/d7f1b8da-ba11-44a2-904b-920697d1330b/current/raft-meta with options [REPLACE_EXISTING]
2025-09-29 07:14:57,912 [s0-impl-thread1] INFO  storage.RaftStorage (RaftStorageImpl.java:format(98)) - Storage directory /home/runner/work/ratis/ratis/ratis-test/target/test/data/6b14e155/MiniRaftClusterWithGrpcf4c37a03/s0/d7f1b8da-ba11-44a2-904b-920697d1330b has been successfully formatted.
2025-09-29 07:14:57,912 [s0-impl-thread1] INFO  server.RaftServer$Division (ServerState.java:getSnapshotIndexFromStateMachine(154)) - s0@group-920697D1330B: getLatestSnapshot(CounterStateMachine-28:s0:group-920697D1330B) returns null
2025-09-29 07:14:57,912 [s0-impl-thread1] INFO  raftlog.RaftLog (RaftLogBase.java:<init>(90)) - s0@group-920697D1330B-SegmentedRaftLog: snapshotIndexFromStateMachine = -1
2025-09-29 07:14:57,913 [s0-impl-thread1] INFO  util.AwaitToRun (AwaitToRun.java:start(81)) - Thread[s0@group-920697D1330B-cacheEviction-AwaitToRun,5,main] started
2025-09-29 07:14:57,913 [s0-impl-thread1] INFO  segmented.SegmentedRaftLogWorker (SegmentedRaftLogWorker.java:<init>(190)) - new s0@group-920697D1330B-SegmentedRaftLogWorker for RaftStorageImpl:Storage Directory /home/runner/work/ratis/ratis/ratis-test/target/test/data/6b14e155/MiniRaftClusterWithGrpcf4c37a03/s0/d7f1b8da-ba11-44a2-904b-920697d1330b
2025-09-29 07:14:57,914 [s0-impl-thread1] INFO  segmented.SegmentedRaftLogWorker (SegmentedRaftLogWorker.java:lambda$new$0(141)) - s0@group-920697D1330B-SegmentedRaftLogWorker: flushIndex: setUnconditionally 0 -> -1
2025-09-29 07:14:57,914 [s0-impl-thread1] INFO  segmented.SegmentedRaftLogWorker (SegmentedRaftLogWorker.java:lambda$new$0(141)) - s0@group-920697D1330B-SegmentedRaftLogWorker: safeCacheEvictIndex: setUnconditionally 0 -> -1
2025-09-29 07:14:57,914 [s0-impl-thread1] INFO  server.RaftServer$Division (RaftServerImpl.java:start(405)) - s0@group-920697D1330B: start as a follower, conf=conf: {index: -1, cur=peers:[s0|localhost:15108, s1|localhost:15112, s2|localhost:15116]|listeners:[], old=null}
2025-09-29 07:14:57,914 [s0-impl-thread1] INFO  server.RaftServer$Division (RaftServerImpl.java:setRole(392)) - s0@group-920697D1330B: changes role from      null to FOLLOWER at term 0 for startAsFollower
2025-09-29 07:14:57,914 [s0-impl-thread1] INFO  impl.RoleInfo (RoleInfo.java:updateAndGet(148)) - s0: start s0@group-920697D1330B-FollowerState
2025-09-29 07:14:57,914 [s0@group-920697D1330B-FollowerState] INFO  server.RaftServerConfigKeys (ConfUtils.java:logFallback(69)) - raft.server.rpc.first-election.timeout.min = 150ms (fallback to raft.server.rpc.timeout.min)
2025-09-29 07:14:57,914 [s0-impl-thread1] INFO  util.JmxRegister (JmxRegister.java:tryRegister(44)) - Successfully registered JMX Bean with object name Ratis:service=RaftServer,group=group-920697D1330B,id=s0
2025-09-29 07:14:57,915 [s0@group-920697D1330B-FollowerState] INFO  server.RaftServerConfigKeys (ConfUtils.java:logFallback(69)) - raft.server.rpc.first-election.timeout.max = 300ms (fallback to raft.server.rpc.timeout.max)
2025-09-29 07:14:57,915 [s0-impl-thread1] INFO  util.JmxRegister (JmxRegister.java:register(58)) - register mxBean class org.apache.ratis.server.impl.RaftServerJmxAdapter as Ratis:service=RaftServer,group=group-920697D1330B,id=s0
2025-09-29 07:14:57,915 [s0-impl-thread1] INFO  server.RaftServer$Division (RaftServerImpl.java:start(419)) - s0@group-920697D1330B: Successfully started.
2025-09-29 07:14:57,915 [main] INFO  server.RaftServer (RaftServerProxy.java:startImpl(415)) - s0: start RPC server
2025-09-29 07:14:57,916 [main] INFO  server.GrpcServicesImpl (GrpcServicesImpl.java:startImpl(338)) - s0: GrpcServicesImpl started, listening on 15110
2025-09-29 07:14:57,916 [main] INFO  server.GrpcServicesImpl (GrpcServicesImpl.java:startImpl(338)) - s0: GrpcServicesImpl started, listening on 15108
2025-09-29 07:14:57,916 [main] INFO  server.GrpcServicesImpl (GrpcServicesImpl.java:startImpl(338)) - s0: GrpcServicesImpl started, listening on 15109
2025-09-29 07:14:57,917 [JvmPauseMonitor27] INFO  util.JvmPauseMonitor (JvmPauseMonitor.java:run(146)) - JvmPauseMonitor-s0: Started
2025-09-29 07:14:57,917 [s1-impl-thread1] INFO  server.RaftServerConfigKeys (ConfUtils.java:logGet(62)) - raft.server.storage.dir = [/home/runner/work/ratis/ratis/ratis-test/target/test/data/6b14e155/MiniRaftClusterWithGrpcf4c37a03/s1] (custom)
2025-09-29 07:14:57,917 [s1-impl-thread1] INFO  storage.RaftStorageDirectory (RaftStorageDirectoryImpl.java:analyzeStorage(138)) - The storage directory /home/runner/work/ratis/ratis/ratis-test/target/test/data/6b14e155/MiniRaftClusterWithGrpcf4c37a03/s1/d7f1b8da-ba11-44a2-904b-920697d1330b does not exist. Creating ...
2025-09-29 07:14:57,918 [s1-impl-thread1] TRACE util.FileUtils (LogUtils.java:runAndLog(49)) - Successfully ran Files.createDirectories /home/runner/work/ratis/ratis/ratis-test/target/test/data/6b14e155/MiniRaftClusterWithGrpcf4c37a03/s1/d7f1b8da-ba11-44a2-904b-920697d1330b
2025-09-29 07:14:57,918 [s1-impl-thread1] INFO  storage.RaftStorageDirectory (RaftStorageDirectoryImpl.java:tryLock(229)) - Lock on /home/runner/work/ratis/ratis/ratis-test/target/test/data/6b14e155/MiniRaftClusterWithGrpcf4c37a03/s1/d7f1b8da-ba11-44a2-904b-920697d1330b/in_use.lock acquired by nodename 24167@runnervm3ublj
2025-09-29 07:14:57,918 [s1-impl-thread1] TRACE util.FileUtils (LogUtils.java:runAndLog(49)) - Successfully ran Files.createDirectories /home/runner/work/ratis/ratis/ratis-test/target/test/data/6b14e155/MiniRaftClusterWithGrpcf4c37a03/s1/d7f1b8da-ba11-44a2-904b-920697d1330b/current
2025-09-29 07:14:57,918 [s1-impl-thread1] TRACE util.FileUtils (LogUtils.java:runAndLog(49)) - Successfully ran Files.createDirectories /home/runner/work/ratis/ratis/ratis-test/target/test/data/6b14e155/MiniRaftClusterWithGrpcf4c37a03/s1/d7f1b8da-ba11-44a2-904b-920697d1330b/sm
2025-09-29 07:14:57,919 [s1-impl-thread1] TRACE util.FileUtils (LogUtils.java:supplyAndLog(69)) - Successfully supplied FileChannel.open /home/runner/work/ratis/ratis/ratis-test/target/test/data/6b14e155/MiniRaftClusterWithGrpcf4c37a03/s1/d7f1b8da-ba11-44a2-904b-920697d1330b/current/raft-meta.tmp with options [CREATE, TRUNCATE_EXISTING, WRITE]: sun.nio.ch.FileChannelImpl@3b1a7858
2025-09-29 07:14:57,919 [s1-impl-thread1] TRACE util.FileUtils (LogUtils.java:runAndLog(49)) - Successfully ran Atomic Files.move /home/runner/work/ratis/ratis/ratis-test/target/test/data/6b14e155/MiniRaftClusterWithGrpcf4c37a03/s1/d7f1b8da-ba11-44a2-904b-920697d1330b/current/raft-meta.tmp to /home/runner/work/ratis/ratis/ratis-test/target/test/data/6b14e155/MiniRaftClusterWithGrpcf4c37a03/s1/d7f1b8da-ba11-44a2-904b-920697d1330b/current/raft-meta with options [REPLACE_EXISTING]
2025-09-29 07:14:57,919 [s1-impl-thread1] INFO  storage.RaftStorage (RaftStorageImpl.java:format(98)) - Storage directory /home/runner/work/ratis/ratis/ratis-test/target/test/data/6b14e155/MiniRaftClusterWithGrpcf4c37a03/s1/d7f1b8da-ba11-44a2-904b-920697d1330b has been successfully formatted.
2025-09-29 07:14:57,919 [s1-impl-thread1] INFO  server.RaftServer$Division (ServerState.java:getSnapshotIndexFromStateMachine(154)) - s1@group-920697D1330B: getLatestSnapshot(CounterStateMachine-29:s1:group-920697D1330B) returns null
2025-09-29 07:14:57,919 [s1-impl-thread1] INFO  raftlog.RaftLog (RaftLogBase.java:<init>(90)) - s1@group-920697D1330B-SegmentedRaftLog: snapshotIndexFromStateMachine = -1
2025-09-29 07:14:57,920 [s1-impl-thread1] INFO  util.AwaitToRun (AwaitToRun.java:start(81)) - Thread[s1@group-920697D1330B-cacheEviction-AwaitToRun,5,main] started
2025-09-29 07:14:57,920 [s1-impl-thread1] INFO  segmented.SegmentedRaftLogWorker (SegmentedRaftLogWorker.java:<init>(190)) - new s1@group-920697D1330B-SegmentedRaftLogWorker for RaftStorageImpl:Storage Directory /home/runner/work/ratis/ratis/ratis-test/target/test/data/6b14e155/MiniRaftClusterWithGrpcf4c37a03/s1/d7f1b8da-ba11-44a2-904b-920697d1330b
2025-09-29 07:14:57,922 [s1-impl-thread1] INFO  segmented.SegmentedRaftLogWorker (SegmentedRaftLogWorker.java:lambda$new$0(141)) - s1@group-920697D1330B-SegmentedRaftLogWorker: flushIndex: setUnconditionally 0 -> -1
2025-09-29 07:14:57,922 [s1-impl-thread1] INFO  segmented.SegmentedRaftLogWorker (SegmentedRaftLogWorker.java:lambda$new$0(141)) - s1@group-920697D1330B-SegmentedRaftLogWorker: safeCacheEvictIndex: setUnconditionally 0 -> -1
2025-09-29 07:14:57,923 [s1-impl-thread1] INFO  server.RaftServer$Division (RaftServerImpl.java:start(405)) - s1@group-920697D1330B: start as a follower, conf=conf: {index: -1, cur=peers:[s0|localhost:15108, s1|localhost:15112, s2|localhost:15116]|listeners:[], old=null}
2025-09-29 07:14:57,923 [s1-impl-thread1] INFO  server.RaftServer$Division (RaftServerImpl.java:setRole(392)) - s1@group-920697D1330B: changes role from      null to FOLLOWER at term 0 for startAsFollower
2025-09-29 07:14:57,923 [s1-impl-thread1] INFO  impl.RoleInfo (RoleInfo.java:updateAndGet(148)) - s1: start s1@group-920697D1330B-FollowerState
2025-09-29 07:14:57,923 [s1-impl-thread1] INFO  util.JmxRegister (JmxRegister.java:tryRegister(44)) - Successfully registered JMX Bean with object name Ratis:service=RaftServer,group=group-920697D1330B,id=s1
2025-09-29 07:14:57,923 [s1-impl-thread1] INFO  util.JmxRegister (JmxRegister.java:register(58)) - register mxBean class org.apache.ratis.server.impl.RaftServerJmxAdapter as Ratis:service=RaftServer,group=group-920697D1330B,id=s1
2025-09-29 07:14:57,924 [s1@group-920697D1330B-FollowerState] INFO  server.RaftServerConfigKeys (ConfUtils.java:logFallback(69)) - raft.server.rpc.first-election.timeout.min = 150ms (fallback to raft.server.rpc.timeout.min)
2025-09-29 07:14:57,924 [s1@group-920697D1330B-FollowerState] INFO  server.RaftServerConfigKeys (ConfUtils.java:logFallback(69)) - raft.server.rpc.first-election.timeout.max = 300ms (fallback to raft.server.rpc.timeout.max)
2025-09-29 07:14:57,924 [s1-impl-thread1] INFO  server.RaftServer$Division (RaftServerImpl.java:start(419)) - s1@group-920697D1330B: Successfully started.
2025-09-29 07:14:57,924 [main] INFO  server.RaftServer (RaftServerProxy.java:startImpl(415)) - s1: start RPC server
2025-09-29 07:14:57,924 [main] INFO  server.GrpcServicesImpl (GrpcServicesImpl.java:startImpl(338)) - s1: GrpcServicesImpl started, listening on 15114
2025-09-29 07:14:57,926 [main] INFO  server.GrpcServicesImpl (GrpcServicesImpl.java:startImpl(338)) - s1: GrpcServicesImpl started, listening on 15112
2025-09-29 07:14:57,926 [main] INFO  server.GrpcServicesImpl (GrpcServicesImpl.java:startImpl(338)) - s1: GrpcServicesImpl started, listening on 15113
2025-09-29 07:14:57,926 [JvmPauseMonitor28] INFO  util.JvmPauseMonitor (JvmPauseMonitor.java:run(146)) - JvmPauseMonitor-s1: Started
2025-09-29 07:14:57,926 [s2-impl-thread1] INFO  server.RaftServerConfigKeys (ConfUtils.java:logGet(62)) - raft.server.storage.dir = [/home/runner/work/ratis/ratis/ratis-test/target/test/data/6b14e155/MiniRaftClusterWithGrpcf4c37a03/s2] (custom)
2025-09-29 07:14:57,927 [s2-impl-thread1] INFO  storage.RaftStorageDirectory (RaftStorageDirectoryImpl.java:analyzeStorage(138)) - The storage directory /home/runner/work/ratis/ratis/ratis-test/target/test/data/6b14e155/MiniRaftClusterWithGrpcf4c37a03/s2/d7f1b8da-ba11-44a2-904b-920697d1330b does not exist. Creating ...
2025-09-29 07:14:57,927 [s2-impl-thread1] TRACE util.FileUtils (LogUtils.java:runAndLog(49)) - Successfully ran Files.createDirectories /home/runner/work/ratis/ratis/ratis-test/target/test/data/6b14e155/MiniRaftClusterWithGrpcf4c37a03/s2/d7f1b8da-ba11-44a2-904b-920697d1330b
2025-09-29 07:14:57,928 [s2-impl-thread1] INFO  storage.RaftStorageDirectory (RaftStorageDirectoryImpl.java:tryLock(229)) - Lock on /home/runner/work/ratis/ratis/ratis-test/target/test/data/6b14e155/MiniRaftClusterWithGrpcf4c37a03/s2/d7f1b8da-ba11-44a2-904b-920697d1330b/in_use.lock acquired by nodename 24167@runnervm3ublj
2025-09-29 07:14:57,928 [s2-impl-thread1] TRACE util.FileUtils (LogUtils.java:runAndLog(49)) - Successfully ran Files.createDirectories /home/runner/work/ratis/ratis/ratis-test/target/test/data/6b14e155/MiniRaftClusterWithGrpcf4c37a03/s2/d7f1b8da-ba11-44a2-904b-920697d1330b/current
2025-09-29 07:14:57,928 [s2-impl-thread1] TRACE util.FileUtils (LogUtils.java:runAndLog(49)) - Successfully ran Files.createDirectories /home/runner/work/ratis/ratis/ratis-test/target/test/data/6b14e155/MiniRaftClusterWithGrpcf4c37a03/s2/d7f1b8da-ba11-44a2-904b-920697d1330b/sm
2025-09-29 07:14:57,928 [s2-impl-thread1] TRACE util.FileUtils (LogUtils.java:supplyAndLog(69)) - Successfully supplied FileChannel.open /home/runner/work/ratis/ratis/ratis-test/target/test/data/6b14e155/MiniRaftClusterWithGrpcf4c37a03/s2/d7f1b8da-ba11-44a2-904b-920697d1330b/current/raft-meta.tmp with options [CREATE, TRUNCATE_EXISTING, WRITE]: sun.nio.ch.FileChannelImpl@780eccd7
2025-09-29 07:14:57,929 [s2-impl-thread1] TRACE util.FileUtils (LogUtils.java:runAndLog(49)) - Successfully ran Atomic Files.move /home/runner/work/ratis/ratis/ratis-test/target/test/data/6b14e155/MiniRaftClusterWithGrpcf4c37a03/s2/d7f1b8da-ba11-44a2-904b-920697d1330b/current/raft-meta.tmp to /home/runner/work/ratis/ratis/ratis-test/target/test/data/6b14e155/MiniRaftClusterWithGrpcf4c37a03/s2/d7f1b8da-ba11-44a2-904b-920697d1330b/current/raft-meta with options [REPLACE_EXISTING]
2025-09-29 07:14:57,929 [s2-impl-thread1] INFO  storage.RaftStorage (RaftStorageImpl.java:format(98)) - Storage directory /home/runner/work/ratis/ratis/ratis-test/target/test/data/6b14e155/MiniRaftClusterWithGrpcf4c37a03/s2/d7f1b8da-ba11-44a2-904b-920697d1330b has been successfully formatted.
2025-09-29 07:14:57,929 [s2-impl-thread1] INFO  server.RaftServer$Division (ServerState.java:getSnapshotIndexFromStateMachine(154)) - s2@group-920697D1330B: getLatestSnapshot(CounterStateMachine-30:s2:group-920697D1330B) returns null
2025-09-29 07:14:57,929 [s2-impl-thread1] INFO  raftlog.RaftLog (RaftLogBase.java:<init>(90)) - s2@group-920697D1330B-SegmentedRaftLog: snapshotIndexFromStateMachine = -1
2025-09-29 07:14:57,930 [s2-impl-thread1] INFO  util.AwaitToRun (AwaitToRun.java:start(81)) - Thread[s2@group-920697D1330B-cacheEviction-AwaitToRun,5,main] started
2025-09-29 07:14:57,930 [s2-impl-thread1] INFO  segmented.SegmentedRaftLogWorker (SegmentedRaftLogWorker.java:<init>(190)) - new s2@group-920697D1330B-SegmentedRaftLogWorker for RaftStorageImpl:Storage Directory /home/runner/work/ratis/ratis/ratis-test/target/test/data/6b14e155/MiniRaftClusterWithGrpcf4c37a03/s2/d7f1b8da-ba11-44a2-904b-920697d1330b
2025-09-29 07:14:57,931 [s2-impl-thread1] INFO  segmented.SegmentedRaftLogWorker (SegmentedRaftLogWorker.java:lambda$new$0(141)) - s2@group-920697D1330B-SegmentedRaftLogWorker: flushIndex: setUnconditionally 0 -> -1
2025-09-29 07:14:57,931 [s2-impl-thread1] INFO  segmented.SegmentedRaftLogWorker (SegmentedRaftLogWorker.java:lambda$new$0(141)) - s2@group-920697D1330B-SegmentedRaftLogWorker: safeCacheEvictIndex: setUnconditionally 0 -> -1
2025-09-29 07:14:57,931 [s2-impl-thread1] INFO  server.RaftServer$Division (RaftServerImpl.java:start(405)) - s2@group-920697D1330B: start as a follower, conf=conf: {index: -1, cur=peers:[s0|localhost:15108, s1|localhost:15112, s2|localhost:15116]|listeners:[], old=null}
2025-09-29 07:14:57,931 [s2-impl-thread1] INFO  server.RaftServer$Division (RaftServerImpl.java:setRole(392)) - s2@group-920697D1330B: changes role from      null to FOLLOWER at term 0 for startAsFollower
2025-09-29 07:14:57,931 [s2-impl-thread1] INFO  impl.RoleInfo (RoleInfo.java:updateAndGet(148)) - s2: start s2@group-920697D1330B-FollowerState
2025-09-29 07:14:57,932 [s2-impl-thread1] INFO  util.JmxRegister (JmxRegister.java:tryRegister(44)) - Successfully registered JMX Bean with object name Ratis:service=RaftServer,group=group-920697D1330B,id=s2
2025-09-29 07:14:57,932 [s2-impl-thread1] INFO  util.JmxRegister (JmxRegister.java:register(58)) - register mxBean class org.apache.ratis.server.impl.RaftServerJmxAdapter as Ratis:service=RaftServer,group=group-920697D1330B,id=s2
2025-09-29 07:14:57,932 [s2@group-920697D1330B-FollowerState] INFO  server.RaftServerConfigKeys (ConfUtils.java:logFallback(69)) - raft.server.rpc.first-election.timeout.min = 150ms (fallback to raft.server.rpc.timeout.min)
2025-09-29 07:14:57,932 [s2@group-920697D1330B-FollowerState] INFO  server.RaftServerConfigKeys (ConfUtils.java:logFallback(69)) - raft.server.rpc.first-election.timeout.max = 300ms (fallback to raft.server.rpc.timeout.max)
2025-09-29 07:14:57,932 [s2-impl-thread1] INFO  server.RaftServer$Division (RaftServerImpl.java:start(419)) - s2@group-920697D1330B: Successfully started.
2025-09-29 07:14:57,932 [main] INFO  server.RaftServer (RaftServerProxy.java:startImpl(415)) - s2: start RPC server
2025-09-29 07:14:57,933 [main] INFO  server.GrpcServicesImpl (GrpcServicesImpl.java:startImpl(338)) - s2: GrpcServicesImpl started, listening on 15118
2025-09-29 07:14:57,933 [main] INFO  server.GrpcServicesImpl (GrpcServicesImpl.java:startImpl(338)) - s2: GrpcServicesImpl started, listening on 15116
2025-09-29 07:14:57,934 [main] INFO  server.GrpcServicesImpl (GrpcServicesImpl.java:startImpl(338)) - s2: GrpcServicesImpl started, listening on 15117
2025-09-29 07:14:57,934 [JvmPauseMonitor29] INFO  util.JvmPauseMonitor (JvmPauseMonitor.java:run(146)) - JvmPauseMonitor-s2: Started
2025-09-29 07:14:57,934 [main] INFO  ratis.RaftTestUtil (RaftTestUtil.java:waitForLeader(107)) - printing ALL groups
  s0:  RUNNING  FOLLOWER (RUNNING): s0@group-920697D1330B:t0, leader=null, voted=, raftlog=Memoized:s0@group-920697D1330B-SegmentedRaftLog:OPENED:c-1:lastnull, conf=conf: {index: -1, cur=peers:[s0|localhost:15108, s1|localhost:15112, s2|localhost:15116]|listeners:[], old=null}
  s1:  RUNNING  FOLLOWER (RUNNING): s1@group-920697D1330B:t0, leader=null, voted=, raftlog=Memoized:s1@group-920697D1330B-SegmentedRaftLog:OPENED:c-1:lastnull, conf=conf: {index: -1, cur=peers:[s0|localhost:15108, s1|localhost:15112, s2|localhost:15116]|listeners:[], old=null}
  s2:  RUNNING  FOLLOWER (RUNNING): s2@group-920697D1330B:t0, leader=null, voted=, raftlog=Memoized:s2@group-920697D1330B-SegmentedRaftLog:OPENED:c-1:lastnull, conf=conf: {index: -1, cur=peers:[s0|localhost:15108, s1|localhost:15112, s2|localhost:15116]|listeners:[], old=null}
2025-09-29 07:14:57,935 [main] WARN  ratis.RaftTestUtil (RaftTestUtil.java:lambda$waitForLeader$3(126)) - Attempt #1 failed: java.lang.IllegalStateException: No leader yet : printing ALL groups
  s0:  RUNNING  FOLLOWER (RUNNING): s0@group-920697D1330B:t0, leader=null, voted=, raftlog=Memoized:s0@group-920697D1330B-SegmentedRaftLog:OPENED:c-1:lastnull, conf=conf: {index: -1, cur=peers:[s0|localhost:15108, s1|localhost:15112, s2|localhost:15116]|listeners:[], old=null}
  s1:  RUNNING  FOLLOWER (RUNNING): s1@group-920697D1330B:t0, leader=null, voted=, raftlog=Memoized:s1@group-920697D1330B-SegmentedRaftLog:OPENED:c-1:lastnull, conf=conf: {index: -1, cur=peers:[s0|localhost:15108, s1|localhost:15112, s2|localhost:15116]|listeners:[], old=null}
  s2:  RUNNING  FOLLOWER (RUNNING): s2@group-920697D1330B:t0, leader=null, voted=, raftlog=Memoized:s2@group-920697D1330B-SegmentedRaftLog:OPENED:c-1:lastnull, conf=conf: {index: -1, cur=peers:[s0|localhost:15108, s1|localhost:15112, s2|localhost:15116]|listeners:[], old=null}
2025-09-29 07:14:58,097 [s2@group-920697D1330B-FollowerState] INFO  impl.FollowerState (FollowerState.java:runImpl(161)) - s2@group-920697D1330B-FollowerState: change to CANDIDATE, lastRpcElapsedTime:165901572ns, electionTimeout:165ms
2025-09-29 07:14:58,097 [s2@group-920697D1330B-FollowerState] INFO  impl.RoleInfo (RoleInfo.java:shutdownFollowerState(121)) - s2: shutdown s2@group-920697D1330B-FollowerState
2025-09-29 07:14:58,098 [s2@group-920697D1330B-FollowerState] INFO  server.RaftServer$Division (RaftServerImpl.java:setRole(392)) - s2@group-920697D1330B: changes role from  FOLLOWER to CANDIDATE at term 0 for changeToCandidate
2025-09-29 07:14:58,098 [s2@group-920697D1330B-FollowerState] INFO  impl.RoleInfo (RoleInfo.java:updateAndGet(148)) - s2: start s2@group-920697D1330B-LeaderElection18
2025-09-29 07:14:58,098 [s2@group-920697D1330B-LeaderElection18] INFO  impl.LeaderElection (LeaderElection.java:askForVotes(448)) - s2@group-920697D1330B-LeaderElection18 PRE_VOTE round 0: submit vote requests at term 0 for conf: {index: -1, cur=peers:[s0|localhost:15108, s1|localhost:15112, s2|localhost:15116]|listeners:[], old=null}
2025-09-29 07:14:58,099 [s2@group-920697D1330B-LeaderElection18-1] INFO  server.GrpcServerProtocolClient (GrpcServerProtocolClient.java:<init>(64)) - Build channel for s0|localhost:15108
2025-09-29 07:14:58,099 [s2@group-920697D1330B-LeaderElection18-2] INFO  server.GrpcServerProtocolClient (GrpcServerProtocolClient.java:<init>(64)) - Build channel for s1|localhost:15112
2025-09-29 07:14:58,099 [s2@group-920697D1330B-LeaderElection18] INFO  server.RaftServerConfigKeys (ConfUtils.java:logFallback(69)) - raft.server.rpc.first-election.timeout.min = 150ms (fallback to raft.server.rpc.timeout.min)
2025-09-29 07:14:58,099 [s2@group-920697D1330B-LeaderElection18] INFO  server.RaftServerConfigKeys (ConfUtils.java:logFallback(69)) - raft.server.rpc.first-election.timeout.max = 300ms (fallback to raft.server.rpc.timeout.max)
2025-09-29 07:14:58,100 [s0@group-920697D1330B-FollowerState] INFO  impl.FollowerState (FollowerState.java:runImpl(161)) - s0@group-920697D1330B-FollowerState: change to CANDIDATE, lastRpcElapsedTime:185557443ns, electionTimeout:185ms
2025-09-29 07:14:58,100 [s0@group-920697D1330B-FollowerState] INFO  impl.RoleInfo (RoleInfo.java:shutdownFollowerState(121)) - s0: shutdown s0@group-920697D1330B-FollowerState
2025-09-29 07:14:58,100 [s1@group-920697D1330B-FollowerState] INFO  impl.FollowerState (FollowerState.java:runImpl(161)) - s1@group-920697D1330B-FollowerState: change to CANDIDATE, lastRpcElapsedTime:176919152ns, electionTimeout:176ms
2025-09-29 07:14:58,100 [s0@group-920697D1330B-FollowerState] INFO  server.RaftServer$Division (RaftServerImpl.java:setRole(392)) - s0@group-920697D1330B: changes role from  FOLLOWER to CANDIDATE at term 0 for changeToCandidate
2025-09-29 07:14:58,100 [s1@group-920697D1330B-FollowerState] INFO  impl.RoleInfo (RoleInfo.java:shutdownFollowerState(121)) - s1: shutdown s1@group-920697D1330B-FollowerState
2025-09-29 07:14:58,100 [s1@group-920697D1330B-FollowerState] INFO  server.RaftServer$Division (RaftServerImpl.java:setRole(392)) - s1@group-920697D1330B: changes role from  FOLLOWER to CANDIDATE at term 0 for changeToCandidate
2025-09-29 07:14:58,100 [s0@group-920697D1330B-FollowerState] INFO  impl.RoleInfo (RoleInfo.java:updateAndGet(148)) - s0: start s0@group-920697D1330B-LeaderElection19
2025-09-29 07:14:58,101 [s0@group-920697D1330B-LeaderElection19] INFO  impl.LeaderElection (LeaderElection.java:askForVotes(448)) - s0@group-920697D1330B-LeaderElection19 PRE_VOTE round 0: submit vote requests at term 0 for conf: {index: -1, cur=peers:[s0|localhost:15108, s1|localhost:15112, s2|localhost:15116]|listeners:[], old=null}
2025-09-29 07:14:58,101 [s0@group-920697D1330B-LeaderElection19-1] INFO  server.GrpcServerProtocolClient (GrpcServerProtocolClient.java:<init>(64)) - Build channel for s1|localhost:15112
2025-09-29 07:14:58,102 [s0@group-920697D1330B-LeaderElection19] INFO  server.RaftServerConfigKeys (ConfUtils.java:logFallback(69)) - raft.server.rpc.first-election.timeout.min = 150ms (fallback to raft.server.rpc.timeout.min)
2025-09-29 07:14:58,102 [s1@group-920697D1330B-FollowerState] INFO  impl.RoleInfo (RoleInfo.java:updateAndGet(148)) - s1: start s1@group-920697D1330B-LeaderElection20
2025-09-29 07:14:58,102 [s0@group-920697D1330B-LeaderElection19] INFO  server.RaftServerConfigKeys (ConfUtils.java:logFallback(69)) - raft.server.rpc.first-election.timeout.max = 300ms (fallback to raft.server.rpc.timeout.max)
2025-09-29 07:14:58,104 [s0@group-920697D1330B-LeaderElection19-2] INFO  server.GrpcServerProtocolClient (GrpcServerProtocolClient.java:<init>(64)) - Build channel for s2|localhost:15116
2025-09-29 07:14:58,107 [s1@group-920697D1330B-LeaderElection20] INFO  impl.LeaderElection (LeaderElection.java:askForVotes(448)) - s1@group-920697D1330B-LeaderElection20 PRE_VOTE round 0: submit vote requests at term 0 for conf: {index: -1, cur=peers:[s0|localhost:15108, s1|localhost:15112, s2|localhost:15116]|listeners:[], old=null}
2025-09-29 07:14:58,122 [s1@group-920697D1330B-LeaderElection20-1] INFO  server.GrpcServerProtocolClient (GrpcServerProtocolClient.java:<init>(64)) - Build channel for s0|localhost:15108
2025-09-29 07:14:58,122 [s1@group-920697D1330B-LeaderElection20] INFO  server.RaftServerConfigKeys (ConfUtils.java:logFallback(69)) - raft.server.rpc.first-election.timeout.min = 150ms (fallback to raft.server.rpc.timeout.min)
2025-09-29 07:14:58,123 [s1@group-920697D1330B-LeaderElection20] INFO  server.RaftServerConfigKeys (ConfUtils.java:logFallback(69)) - raft.server.rpc.first-election.timeout.max = 300ms (fallback to raft.server.rpc.timeout.max)
2025-09-29 07:14:58,123 [s1@group-920697D1330B-LeaderElection20-2] INFO  server.GrpcServerProtocolClient (GrpcServerProtocolClient.java:<init>(64)) - Build channel for s2|localhost:15116
2025-09-29 07:14:58,133 [grpc-default-executor-1] INFO  server.RaftServer$Division (RaftServerImpl.java:requestVote(1433)) - s1@group-920697D1330B: receive requestVote(PRE_VOTE, s2, group-920697D1330B, 0, <PROTO_DEFAULT>)
2025-09-29 07:14:58,136 [grpc-default-executor-1] INFO  impl.VoteContext (VoteContext.java:log(49)) - s1@group-920697D1330B-CANDIDATE: accept PRE_VOTE from s2: our priority 0 <= candidate's priority 0
2025-09-29 07:14:58,136 [grpc-default-executor-1] INFO  server.RaftServer$Division (RaftServerImpl.java:requestVote(1467)) - s1@group-920697D1330B replies to PRE_VOTE vote request: s2<-s1#0:OK-t0-last:<INITIAL_VALUE>. Peer's state: s1@group-920697D1330B:t0, leader=null, voted=, raftlog=Memoized:s1@group-920697D1330B-SegmentedRaftLog:OPENED:c-1:lastnull, conf=conf: {index: -1, cur=peers:[s0|localhost:15108, s1|localhost:15112, s2|localhost:15116]|listeners:[], old=null}
2025-09-29 07:14:58,138 [grpc-default-executor-4] INFO  server.RaftServer$Division (RaftServerImpl.java:requestVote(1433)) - s1@group-920697D1330B: receive requestVote(PRE_VOTE, s0, group-920697D1330B, 0, <PROTO_DEFAULT>)
2025-09-29 07:14:58,142 [grpc-default-executor-4] INFO  impl.VoteContext (VoteContext.java:log(49)) - s1@group-920697D1330B-CANDIDATE: accept PRE_VOTE from s0: our priority 0 <= candidate's priority 0
2025-09-29 07:14:58,142 [grpc-default-executor-4] INFO  server.RaftServer$Division (RaftServerImpl.java:requestVote(1467)) - s1@group-920697D1330B replies to PRE_VOTE vote request: s0<-s1#0:OK-t0-last:<INITIAL_VALUE>. Peer's state: s1@group-920697D1330B:t0, leader=null, voted=, raftlog=Memoized:s1@group-920697D1330B-SegmentedRaftLog:OPENED:c-1:lastnull, conf=conf: {index: -1, cur=peers:[s0|localhost:15108, s1|localhost:15112, s2|localhost:15116]|listeners:[], old=null}
2025-09-29 07:14:58,139 [grpc-default-executor-18] INFO  server.RaftServer$Division (RaftServerImpl.java:requestVote(1433)) - s2@group-920697D1330B: receive requestVote(PRE_VOTE, s0, group-920697D1330B, 0, <PROTO_DEFAULT>)
2025-09-29 07:14:58,138 [s2@group-920697D1330B-LeaderElection18] INFO  impl.LeaderElection (LeaderElection.java:logAndReturn(206)) - s2@group-920697D1330B-LeaderElection18: PRE_VOTE PASSED received 1 response(s) and 0 exception(s):
2025-09-29 07:14:58,143 [s2@group-920697D1330B-LeaderElection18] INFO  impl.LeaderElection (LeaderElection.java:logAndReturn(210)) -   Response 0: s2<-s1#0:OK-t0-last:<INITIAL_VALUE>
2025-09-29 07:14:58,144 [s2@group-920697D1330B-LeaderElection18] INFO  impl.LeaderElection (LeaderElection.java:askForVotes(450)) - s2@group-920697D1330B-LeaderElection18 PRE_VOTE round 0: result PASSED
2025-09-29 07:14:58,144 [s2@group-920697D1330B-LeaderElection18] TRACE util.FileUtils (LogUtils.java:supplyAndLog(69)) - Successfully supplied FileChannel.open /home/runner/work/ratis/ratis/ratis-test/target/test/data/6b14e155/MiniRaftClusterWithGrpcf4c37a03/s2/d7f1b8da-ba11-44a2-904b-920697d1330b/current/raft-meta.tmp with options [CREATE, TRUNCATE_EXISTING, WRITE]: sun.nio.ch.FileChannelImpl@21e8f5f6
2025-09-29 07:14:58,145 [grpc-default-executor-18] INFO  impl.VoteContext (VoteContext.java:log(49)) - s2@group-920697D1330B-CANDIDATE: accept PRE_VOTE from s0: our priority 0 <= candidate's priority 0
2025-09-29 07:14:58,145 [grpc-default-executor-18] INFO  server.RaftServer$Division (RaftServerImpl.java:requestVote(1467)) - s2@group-920697D1330B replies to PRE_VOTE vote request: s0<-s2#0:OK-t1-last:<INITIAL_VALUE>. Peer's state: s2@group-920697D1330B:t1, leader=null, voted=s2, raftlog=Memoized:s2@group-920697D1330B-SegmentedRaftLog:OPENED:c-1:lastnull, conf=conf: {index: -1, cur=peers:[s0|localhost:15108, s1|localhost:15112, s2|localhost:15116]|listeners:[], old=null}
2025-09-29 07:14:58,146 [s2@group-920697D1330B-LeaderElection18] TRACE util.FileUtils (LogUtils.java:runAndLog(49)) - Successfully ran Atomic Files.move /home/runner/work/ratis/ratis/ratis-test/target/test/data/6b14e155/MiniRaftClusterWithGrpcf4c37a03/s2/d7f1b8da-ba11-44a2-904b-920697d1330b/current/raft-meta.tmp to /home/runner/work/ratis/ratis/ratis-test/target/test/data/6b14e155/MiniRaftClusterWithGrpcf4c37a03/s2/d7f1b8da-ba11-44a2-904b-920697d1330b/current/raft-meta with options [REPLACE_EXISTING]
2025-09-29 07:14:58,146 [s2@group-920697D1330B-LeaderElection18] INFO  impl.LeaderElection (LeaderElection.java:askForVotes(448)) - s2@group-920697D1330B-LeaderElection18 ELECTION round 0: submit vote requests at term 1 for conf: {index: -1, cur=peers:[s0|localhost:15108, s1|localhost:15112, s2|localhost:15116]|listeners:[], old=null}
2025-09-29 07:14:58,150 [grpc-default-executor-18] INFO  server.RaftServer$Division (RaftServerImpl.java:requestVote(1433)) - s0@group-920697D1330B: receive requestVote(ELECTION, s2, group-920697D1330B, 1, <PROTO_DEFAULT>)
2025-09-29 07:14:58,150 [grpc-default-executor-15] INFO  server.RaftServer$Division (RaftServerImpl.java:requestVote(1433)) - s0@group-920697D1330B: receive requestVote(PRE_VOTE, s1, group-920697D1330B, 0, <PROTO_DEFAULT>)
2025-09-29 07:14:58,152 [grpc-default-executor-18] INFO  impl.VoteContext (VoteContext.java:log(49)) - s0@group-920697D1330B-CANDIDATE: accept ELECTION from s2: our priority 0 <= candidate's priority 0
2025-09-29 07:14:58,152 [grpc-default-executor-18] INFO  server.RaftServer$Division (RaftServerImpl.java:setRole(392)) - s0@group-920697D1330B: changes role from CANDIDATE to FOLLOWER at term 0 for candidate:s2
2025-09-29 07:14:58,153 [grpc-default-executor-18] INFO  impl.RoleInfo (RoleInfo.java:shutdownLeaderElection(141)) - s0: shutdown s0@group-920697D1330B-LeaderElection19
2025-09-29 07:14:58,153 [s2@group-920697D1330B-LeaderElection18] INFO  server.RaftServerConfigKeys (ConfUtils.java:logFallback(69)) - raft.server.rpc.first-election.timeout.min = 150ms (fallback to raft.server.rpc.timeout.min)
2025-09-29 07:14:58,154 [s2@group-920697D1330B-LeaderElection18] INFO  server.RaftServerConfigKeys (ConfUtils.java:logFallback(69)) - raft.server.rpc.first-election.timeout.max = 300ms (fallback to raft.server.rpc.timeout.max)
2025-09-29 07:14:58,154 [grpc-default-executor-18] INFO  impl.RoleInfo (RoleInfo.java:updateAndGet(148)) - s0: start s0@group-920697D1330B-FollowerState
2025-09-29 07:14:58,154 [grpc-default-executor-18] INFO  server.RaftServer$Division (RaftServerImpl.java:setFirstElection(576)) - s0@group-920697D1330B: set firstElectionSinceStartup to false for candidate:s2
2025-09-29 07:14:58,155 [grpc-default-executor-18] TRACE util.FileUtils (LogUtils.java:supplyAndLog(69)) - Successfully supplied FileChannel.open /home/runner/work/ratis/ratis/ratis-test/target/test/data/6b14e155/MiniRaftClusterWithGrpcf4c37a03/s0/d7f1b8da-ba11-44a2-904b-920697d1330b/current/raft-meta.tmp with options [CREATE, TRUNCATE_EXISTING, WRITE]: sun.nio.ch.FileChannelImpl@2ea95ce2
2025-09-29 07:14:58,157 [grpc-default-executor-12] INFO  server.RaftServer$Division (RaftServerImpl.java:requestVote(1433)) - s1@group-920697D1330B: receive requestVote(ELECTION, s2, group-920697D1330B, 1, <PROTO_DEFAULT>)
2025-09-29 07:14:58,157 [grpc-default-executor-12] INFO  impl.VoteContext (VoteContext.java:log(49)) - s1@group-920697D1330B-CANDIDATE: accept ELECTION from s2: our priority 0 <= candidate's priority 0
2025-09-29 07:14:58,157 [grpc-default-executor-12] INFO  server.RaftServer$Division (RaftServerImpl.java:setRole(392)) - s1@group-920697D1330B: changes role from CANDIDATE to FOLLOWER at term 0 for candidate:s2
2025-09-29 07:14:58,157 [grpc-default-executor-12] INFO  impl.RoleInfo (RoleInfo.java:shutdownLeaderElection(141)) - s1: shutdown s1@group-920697D1330B-LeaderElection20
2025-09-29 07:14:58,157 [grpc-default-executor-12] INFO  impl.RoleInfo (RoleInfo.java:updateAndGet(148)) - s1: start s1@group-920697D1330B-FollowerState
2025-09-29 07:14:58,157 [s0@group-920697D1330B-LeaderElection19] INFO  impl.LeaderElection (LeaderElection.java:logAndReturn(206)) - s0@group-920697D1330B-LeaderElection19: PRE_VOTE PASSED received 1 response(s) and 0 exception(s):
2025-09-29 07:14:58,157 [s0@group-920697D1330B-LeaderElection19] INFO  impl.LeaderElection (LeaderElection.java:logAndReturn(210)) -   Response 0: s0<-s1#0:OK-t0-last:<INITIAL_VALUE>
2025-09-29 07:14:58,157 [grpc-default-executor-12] INFO  server.RaftServer$Division (RaftServerImpl.java:setFirstElection(576)) - s1@group-920697D1330B: set firstElectionSinceStartup to false for candidate:s2
2025-09-29 07:14:58,158 [grpc-default-executor-12] TRACE util.FileUtils (LogUtils.java:supplyAndLog(69)) - Successfully supplied FileChannel.open /home/runner/work/ratis/ratis/ratis-test/target/test/data/6b14e155/MiniRaftClusterWithGrpcf4c37a03/s1/d7f1b8da-ba11-44a2-904b-920697d1330b/current/raft-meta.tmp with options [CREATE, TRUNCATE_EXISTING, WRITE]: sun.nio.ch.FileChannelImpl@25725c09
2025-09-29 07:14:58,160 [grpc-default-executor-10] INFO  server.RaftServer$Division (RaftServerImpl.java:requestVote(1433)) - s2@group-920697D1330B: receive requestVote(PRE_VOTE, s1, group-920697D1330B, 0, <PROTO_DEFAULT>)
2025-09-29 07:14:58,160 [grpc-default-executor-10] INFO  impl.VoteContext (VoteContext.java:log(49)) - s2@group-920697D1330B-CANDIDATE: accept PRE_VOTE from s1: our priority 0 <= candidate's priority 0
2025-09-29 07:14:58,160 [grpc-default-executor-10] INFO  server.RaftServer$Division (RaftServerImpl.java:requestVote(1467)) - s2@group-920697D1330B replies to PRE_VOTE vote request: s1<-s2#0:OK-t1-last:<INITIAL_VALUE>. Peer's state: s2@group-920697D1330B:t1, leader=null, voted=s2, raftlog=Memoized:s2@group-920697D1330B-SegmentedRaftLog:OPENED:c-1:lastnull, conf=conf: {index: -1, cur=peers:[s0|localhost:15108, s1|localhost:15112, s2|localhost:15116]|listeners:[], old=null}
2025-09-29 07:14:58,160 [s0@group-920697D1330B-LeaderElection19] INFO  impl.LeaderElection (LeaderElection.java:askForVotes(450)) - s0@group-920697D1330B-LeaderElection19 PRE_VOTE round 0: result PASSED
2025-09-29 07:14:58,161 [grpc-default-executor-18] TRACE util.FileUtils (LogUtils.java:runAndLog(49)) - Successfully ran Atomic Files.move /home/runner/work/ratis/ratis/ratis-test/target/test/data/6b14e155/MiniRaftClusterWithGrpcf4c37a03/s0/d7f1b8da-ba11-44a2-904b-920697d1330b/current/raft-meta.tmp to /home/runner/work/ratis/ratis/ratis-test/target/test/data/6b14e155/MiniRaftClusterWithGrpcf4c37a03/s0/d7f1b8da-ba11-44a2-904b-920697d1330b/current/raft-meta with options [REPLACE_EXISTING]
2025-09-29 07:14:58,161 [s1@group-920697D1330B-LeaderElection20] INFO  impl.LeaderElection (LeaderElection.java:logAndReturn(206)) - s1@group-920697D1330B-LeaderElection20: PRE_VOTE DISCOVERED_A_NEW_TERM (term=1) received 1 response(s) and 0 exception(s):
2025-09-29 07:14:58,161 [s1@group-920697D1330B-LeaderElection20] INFO  impl.LeaderElection (LeaderElection.java:logAndReturn(210)) -   Response 0: s1<-s2#0:OK-t1-last:<INITIAL_VALUE>
2025-09-29 07:14:58,161 [s1@group-920697D1330B-LeaderElection20] INFO  impl.LeaderElection (LeaderElection.java:askForVotes(450)) - s1@group-920697D1330B-LeaderElection20 PRE_VOTE round 0: result DISCOVERED_A_NEW_TERM (term=1)
2025-09-29 07:14:58,162 [grpc-default-executor-18] INFO  server.RaftServer$Division (RaftServerImpl.java:requestVote(1467)) - s0@group-920697D1330B replies to ELECTION vote request: s2<-s0#0:OK-t1-last:<INITIAL_VALUE>. Peer's state: s0@group-920697D1330B:t1, leader=null, voted=s2, raftlog=Memoized:s0@group-920697D1330B-SegmentedRaftLog:OPENED:c-1:lastnull, conf=conf: {index: -1, cur=peers:[s0|localhost:15108, s1|localhost:15112, s2|localhost:15116]|listeners:[], old=null}
2025-09-29 07:14:58,162 [grpc-default-executor-15] INFO  impl.VoteContext (VoteContext.java:log(49)) - s0@group-920697D1330B-FOLLOWER: accept PRE_VOTE from s1: our priority 0 <= candidate's priority 0
2025-09-29 07:14:58,163 [grpc-default-executor-15] INFO  server.RaftServer$Division (RaftServerImpl.java:requestVote(1467)) - s0@group-920697D1330B replies to PRE_VOTE vote request: s1<-s0#0:OK-t1-last:<INITIAL_VALUE>. Peer's state: s0@group-920697D1330B:t1, leader=null, voted=s2, raftlog=Memoized:s0@group-920697D1330B-SegmentedRaftLog:OPENED:c-1:lastnull, conf=conf: {index: -1, cur=peers:[s0|localhost:15108, s1|localhost:15112, s2|localhost:15116]|listeners:[], old=null}
2025-09-29 07:14:58,161 [grpc-default-executor-12] TRACE util.FileUtils (LogUtils.java:runAndLog(49)) - Successfully ran Atomic Files.move /home/runner/work/ratis/ratis/ratis-test/target/test/data/6b14e155/MiniRaftClusterWithGrpcf4c37a03/s1/d7f1b8da-ba11-44a2-904b-920697d1330b/current/raft-meta.tmp to /home/runner/work/ratis/ratis/ratis-test/target/test/data/6b14e155/MiniRaftClusterWithGrpcf4c37a03/s1/d7f1b8da-ba11-44a2-904b-920697d1330b/current/raft-meta with options [REPLACE_EXISTING]
2025-09-29 07:14:58,163 [grpc-default-executor-12] INFO  server.RaftServer$Division (RaftServerImpl.java:requestVote(1467)) - s1@group-920697D1330B replies to ELECTION vote request: s2<-s1#0:OK-t1-last:<INITIAL_VALUE>. Peer's state: s1@group-920697D1330B:t1, leader=null, voted=s2, raftlog=Memoized:s1@group-920697D1330B-SegmentedRaftLog:OPENED:c-1:lastnull, conf=conf: {index: -1, cur=peers:[s0|localhost:15108, s1|localhost:15112, s2|localhost:15116]|listeners:[], old=null}
2025-09-29 07:14:58,165 [s2@group-920697D1330B-LeaderElection18] INFO  impl.LeaderElection (LeaderElection.java:logAndReturn(206)) - s2@group-920697D1330B-LeaderElection18: ELECTION PASSED received 1 response(s) and 0 exception(s):
2025-09-29 07:14:58,165 [s2@group-920697D1330B-LeaderElection18] INFO  impl.LeaderElection (LeaderElection.java:logAndReturn(210)) -   Response 0: s2<-s0#0:OK-t1-last:<INITIAL_VALUE>
2025-09-29 07:14:58,165 [s2@group-920697D1330B-LeaderElection18] INFO  impl.LeaderElection (LeaderElection.java:askForVotes(450)) - s2@group-920697D1330B-LeaderElection18 ELECTION round 0: result PASSED
2025-09-29 07:14:58,165 [s2@group-920697D1330B-LeaderElection18] INFO  impl.RoleInfo (RoleInfo.java:shutdownLeaderElection(141)) - s2: shutdown s2@group-920697D1330B-LeaderElection18
2025-09-29 07:14:58,165 [s2@group-920697D1330B-LeaderElection18] INFO  server.RaftServer$Division (RaftServerImpl.java:setRole(392)) - s2@group-920697D1330B: changes role from CANDIDATE to LEADER at term 1 for changeToLeader
2025-09-29 07:14:58,165 [s2@group-920697D1330B-LeaderElection18] INFO  server.RaftServerConfigKeys (ConfUtils.java:logFallback(69)) - raft.server.staging.timeout = 900ms (fallback to raft.server.rpc.timeout.max)
2025-09-29 07:14:58,167 [s2@group-920697D1330B-LeaderElection18] INFO  impl.RoleInfo (RoleInfo.java:updateAndGet(148)) - s2: start s2@group-920697D1330B-LeaderStateImpl
2025-09-29 07:14:58,167 [s2@group-920697D1330B-LeaderElection18] INFO  server.RaftServer$Division (RaftServerImpl.java:setFirstElection(576)) - s2@group-920697D1330B: set firstElectionSinceStartup to false for becomeLeader
2025-09-29 07:14:58,167 [s2@group-920697D1330B-LeaderElection18] INFO  server.RaftServer$Division (ServerState.java:setLeader(277)) - s2@group-920697D1330B: change Leader from null to s2 at term 1 for becomeLeader, leader elected after 258ms
2025-09-29 07:14:58,167 [s2@group-920697D1330B-LeaderElection18] INFO  segmented.SegmentedRaftLogWorker (SegmentedRaftLogWorker.java:startLogSegment(440)) - s2@group-920697D1330B-SegmentedRaftLogWorker: Starting segment from index:0
2025-09-29 07:14:58,168 [s2@group-920697D1330B-LeaderElection18] INFO  server.RaftServer$Division (ServerState.java:setRaftConf(391)) - s2@group-920697D1330B: set configuration conf: {index: 0, cur=peers:[s0|localhost:15108, s1|localhost:15112, s2|localhost:15116]|listeners:[], old=null}
2025-09-29 07:14:58,168 [s2@group-920697D1330B-SegmentedRaftLogWorker] INFO  segmented.BufferedWriteChannel (BufferedWriteChannel.java:open(61)) - open log_inprogress_0 at position 0
2025-09-29 07:14:58,172 [grpc-default-executor-15] INFO  server.RaftServer$Division (ServerState.java:setLeader(277)) - s1@group-920697D1330B: change Leader from null to s2 at term 1 for appendEntries, leader elected after 268ms
2025-09-29 07:14:58,173 [grpc-default-executor-15] INFO  server.RaftServer$Division (ServerState.java:setLeader(277)) - s0@group-920697D1330B: change Leader from null to s2 at term 1 for appendEntries, leader elected after 274ms
2025-09-29 07:14:58,175 [s2@group-920697D1330B-SegmentedRaftLogWorker] INFO  segmented.SegmentedRaftLogWorker (SegmentedRaftLogWorker.java:execute(647)) - s2@group-920697D1330B-SegmentedRaftLogWorker: created new log segment /home/runner/work/ratis/ratis/ratis-test/target/test/data/6b14e155/MiniRaftClusterWithGrpcf4c37a03/s2/d7f1b8da-ba11-44a2-904b-920697d1330b/current/log_inprogress_0
2025-09-29 07:14:58,175 [grpc-default-executor-3] DEBUG server.RaftServer$Division (RaftServerImpl.java:logAppendEntries(1536)) - s1@group-920697D1330B: appendEntries* s2->s1#1-t1,previous=<PROTO_DEFAULT>,leaderCommit=-1,initializing? false,entries: size=1, first=(t:1, i:0), CONFIGURATIONENTRY(current:id:"s0"address:"localhost:15108"dataStreamAddress:"localhost:15111"clientAddress:"localhost:15110"adminAddress:"localhost:15109"startupRole:FOLLOWER, id:"s1"address:"localhost:15112"dataStreamAddress:"localhost:15115"clientAddress:"localhost:15114"adminAddress:"localhost:15113"startupRole:FOLLOWER, id:"s2"address:"localhost:15116"dataStreamAddress:"localhost:15119"clientAddress:"localhost:15118"adminAddress:"localhost:15117"startupRole:FOLLOWER, old:)
2025-09-29 07:14:58,176 [grpc-default-executor-3] INFO  server.RaftServer$Division (ServerState.java:setRaftConf(391)) - s1@group-920697D1330B: set configuration conf: {index: 0, cur=peers:[s0|localhost:15108, s1|localhost:15112, s2|localhost:15116]|listeners:[], old=null}
2025-09-29 07:14:58,175 [grpc-default-executor-18] DEBUG server.RaftServer$Division (RaftServerImpl.java:logAppendEntries(1536)) - s0@group-920697D1330B: appendEntries* s2->s0#1-t1,previous=<PROTO_DEFAULT>,leaderCommit=-1,initializing? false,entries: size=1, first=(t:1, i:0), CONFIGURATIONENTRY(current:id:"s0"address:"localhost:15108"dataStreamAddress:"localhost:15111"clientAddress:"localhost:15110"adminAddress:"localhost:15109"startupRole:FOLLOWER, id:"s1"address:"localhost:15112"dataStreamAddress:"localhost:15115"clientAddress:"localhost:15114"adminAddress:"localhost:15113"startupRole:FOLLOWER, id:"s2"address:"localhost:15116"dataStreamAddress:"localhost:15119"clientAddress:"localhost:15118"adminAddress:"localhost:15117"startupRole:FOLLOWER, old:)
2025-09-29 07:14:58,176 [s1-server-thread1] INFO  segmented.SegmentedRaftLogWorker (SegmentedRaftLogWorker.java:startLogSegment(440)) - s1@group-920697D1330B-SegmentedRaftLogWorker: Starting segment from index:0
2025-09-29 07:14:58,176 [grpc-default-executor-18] INFO  server.RaftServer$Division (ServerState.java:setRaftConf(391)) - s0@group-920697D1330B: set configuration conf: {index: 0, cur=peers:[s0|localhost:15108, s1|localhost:15112, s2|localhost:15116]|listeners:[], old=null}
2025-09-29 07:14:58,176 [s0-server-thread1] INFO  segmented.SegmentedRaftLogWorker (SegmentedRaftLogWorker.java:startLogSegment(440)) - s0@group-920697D1330B-SegmentedRaftLogWorker: Starting segment from index:0
2025-09-29 07:14:58,177 [s0@group-920697D1330B-SegmentedRaftLogWorker] INFO  segmented.BufferedWriteChannel (BufferedWriteChannel.java:open(61)) - open log_inprogress_0 at position 0
2025-09-29 07:14:58,177 [s1@group-920697D1330B-SegmentedRaftLogWorker] INFO  segmented.BufferedWriteChannel (BufferedWriteChannel.java:open(61)) - open log_inprogress_0 at position 0
2025-09-29 07:14:58,184 [s0@group-920697D1330B-SegmentedRaftLogWorker] INFO  segmented.SegmentedRaftLogWorker (SegmentedRaftLogWorker.java:execute(647)) - s0@group-920697D1330B-SegmentedRaftLogWorker: created new log segment /home/runner/work/ratis/ratis/ratis-test/target/test/data/6b14e155/MiniRaftClusterWithGrpcf4c37a03/s0/d7f1b8da-ba11-44a2-904b-920697d1330b/current/log_inprogress_0
2025-09-29 07:14:58,184 [s1@group-920697D1330B-SegmentedRaftLogWorker] INFO  segmented.SegmentedRaftLogWorker (SegmentedRaftLogWorker.java:execute(647)) - s1@group-920697D1330B-SegmentedRaftLogWorker: created new log segment /home/runner/work/ratis/ratis/ratis-test/target/test/data/6b14e155/MiniRaftClusterWithGrpcf4c37a03/s1/d7f1b8da-ba11-44a2-904b-920697d1330b/current/log_inprogress_0
2025-09-29 07:14:58,185 [s0-server-thread1] DEBUG server.RaftServer$Division (RaftServerImpl.java:logAppendEntries(1536)) - s0@group-920697D1330B: appendEntries* reply s2<-s0#1:OK-t1,SUCCESS,nextIndex=1,followerCommit=-1,matchIndex=0
2025-09-29 07:14:58,186 [s1-server-thread1] DEBUG server.RaftServer$Division (RaftServerImpl.java:logAppendEntries(1536)) - s1@group-920697D1330B: appendEntries* reply s2<-s1#1:OK-t1,SUCCESS,nextIndex=1,followerCommit=-1,matchIndex=0
2025-09-29 07:14:58,187 [s2@group-920697D1330B-StateMachineUpdater] TRACE util.FileUtils (LogUtils.java:supplyAndLog(69)) - Successfully supplied FileChannel.open /home/runner/work/ratis/ratis/ratis-test/target/test/data/6b14e155/MiniRaftClusterWithGrpcf4c37a03/s2/d7f1b8da-ba11-44a2-904b-920697d1330b/current/raft-meta.conf.tmp with options [CREATE, TRUNCATE_EXISTING, WRITE]: sun.nio.ch.FileChannelImpl@59f9c035
2025-09-29 07:14:58,189 [s2@group-920697D1330B-StateMachineUpdater] TRACE util.FileUtils (LogUtils.java:runAndLog(49)) - Successfully ran Atomic Files.move /home/runner/work/ratis/ratis/ratis-test/target/test/data/6b14e155/MiniRaftClusterWithGrpcf4c37a03/s2/d7f1b8da-ba11-44a2-904b-920697d1330b/current/raft-meta.conf.tmp to /home/runner/work/ratis/ratis/ratis-test/target/test/data/6b14e155/MiniRaftClusterWithGrpcf4c37a03/s2/d7f1b8da-ba11-44a2-904b-920697d1330b/current/raft-meta.conf with options [REPLACE_EXISTING]
2025-09-29 07:14:58,189 [s2@group-920697D1330B-StateMachineUpdater] INFO  server.RaftServer$Division (LeaderStateImpl.java:checkStartIndex(309)) - Leader s2@group-920697D1330B-LeaderStateImpl is ready since appliedIndex == startIndex == 0
2025-09-29 07:14:58,263 [s0@group-920697D1330B-StateMachineUpdater] TRACE util.FileUtils (LogUtils.java:supplyAndLog(69)) - Successfully supplied FileChannel.open /home/runner/work/ratis/ratis/ratis-test/target/test/data/6b14e155/MiniRaftClusterWithGrpcf4c37a03/s0/d7f1b8da-ba11-44a2-904b-920697d1330b/current/raft-meta.conf.tmp with options [CREATE, TRUNCATE_EXISTING, WRITE]: sun.nio.ch.FileChannelImpl@f834c50
2025-09-29 07:14:58,263 [s1@group-920697D1330B-StateMachineUpdater] TRACE util.FileUtils (LogUtils.java:supplyAndLog(69)) - Successfully supplied FileChannel.open /home/runner/work/ratis/ratis/ratis-test/target/test/data/6b14e155/MiniRaftClusterWithGrpcf4c37a03/s1/d7f1b8da-ba11-44a2-904b-920697d1330b/current/raft-meta.conf.tmp with options [CREATE, TRUNCATE_EXISTING, WRITE]: sun.nio.ch.FileChannelImpl@62d78e73
2025-09-29 07:14:58,264 [s0@group-920697D1330B-StateMachineUpdater] TRACE util.FileUtils (LogUtils.java:runAndLog(49)) - Successfully ran Atomic Files.move /home/runner/work/ratis/ratis/ratis-test/target/test/data/6b14e155/MiniRaftClusterWithGrpcf4c37a03/s0/d7f1b8da-ba11-44a2-904b-920697d1330b/current/raft-meta.conf.tmp to /home/runner/work/ratis/ratis/ratis-test/target/test/data/6b14e155/MiniRaftClusterWithGrpcf4c37a03/s0/d7f1b8da-ba11-44a2-904b-920697d1330b/current/raft-meta.conf with options [REPLACE_EXISTING]
2025-09-29 07:14:58,265 [s1@group-920697D1330B-StateMachineUpdater] TRACE util.FileUtils (LogUtils.java:runAndLog(49)) - Successfully ran Atomic Files.move /home/runner/work/ratis/ratis/ratis-test/target/test/data/6b14e155/MiniRaftClusterWithGrpcf4c37a03/s1/d7f1b8da-ba11-44a2-904b-920697d1330b/current/raft-meta.conf.tmp to /home/runner/work/ratis/ratis/ratis-test/target/test/data/6b14e155/MiniRaftClusterWithGrpcf4c37a03/s1/d7f1b8da-ba11-44a2-904b-920697d1330b/current/raft-meta.conf with options [REPLACE_EXISTING]
2025-09-29 07:14:58,385 [main] INFO  ratis.RaftTestUtil (RaftTestUtil.java:waitForLeader(131)) - printing ALL groups
  s0:  RUNNING  FOLLOWER (RUNNING): s0@group-920697D1330B:t1, leader=s2, voted=s2, raftlog=Memoized:s0@group-920697D1330B-SegmentedRaftLog:OPENED:c0:last(t:1, i:0), conf=conf: {index: 0, cur=peers:[s0|localhost:15108, s1|localhost:15112, s2|localhost:15116]|listeners:[], old=null}
  s1:  RUNNING  FOLLOWER (RUNNING): s1@group-920697D1330B:t1, leader=s2, voted=s2, raftlog=Memoized:s1@group-920697D1330B-SegmentedRaftLog:OPENED:c0:last(t:1, i:0), conf=conf: {index: 0, cur=peers:[s0|localhost:15108, s1|localhost:15112, s2|localhost:15116]|listeners:[], old=null}
  s2:  RUNNING    LEADER (RUNNING): s2@group-920697D1330B:t1, leader=s2, voted=s2, raftlog=Memoized:s2@group-920697D1330B-SegmentedRaftLog:OPENED:c0:last(t:1, i:0), conf=conf: {index: 0, cur=peers:[s0|localhost:15108, s1|localhost:15112, s2|localhost:15116]|listeners:[], old=null}
2025-09-29 07:14:58,390 [s0-client-thread1] DEBUG server.RaftServer$Division (RaftServerImpl.java:submitClientRequestAsync(939)) - s0@group-920697D1330B: receive client request(RaftClientRequest:client-724C4A5E1E78->s0@group-920697D1330B, cid=107, seq=null, RW, Message:494e4352454d454e54)
2025-09-29 07:14:58,391 [null-request--thread1] INFO  server.GrpcClientProtocolService (GrpcClientProtocolService.java:lambda$processClientRequest$0(284)) - Failed RaftClientRequest:client-724C4A5E1E78->s0@group-920697D1330B, cid=107, seq=null, RW, Message:494e4352454d454e54, reply=RaftClientReply:client-724C4A5E1E78->s0@group-920697D1330B, cid=107, FAILED org.apache.ratis.protocol.exceptions.NotLeaderException: Server s0@group-920697D1330B is not the leader, suggested leader is: s2|localhost:15116, logIndex=0, commits[s0:c0, s1:c0, s2:c0]
2025-09-29 07:14:58,498 [s2-client-thread1] DEBUG server.RaftServer$Division (RaftServerImpl.java:submitClientRequestAsync(939)) - s2@group-920697D1330B: receive client request(RaftClientRequest:client-724C4A5E1E78->s2@group-920697D1330B, cid=107, seq=null, RW, Message:494e4352454d454e54)
2025-09-29 07:14:58,499 [s2-client-thread1] DEBUG server.RaftServer$Division (LeaderStateImpl.java:addPendingRequest(526)) - s2@group-920697D1330B-LeaderStateImpl: addPendingRequest at RaftClientRequest:client-724C4A5E1E78->s2@group-920697D1330B, cid=107, seq=null, RW, Message:494e4352454d454e54, entry=(t:1, i:1), STATEMACHINELOGENTRY, WRITE: logData.size=9, stateMachineData.size=0, logEntryProtoSerializedSize=0
2025-09-29 07:14:58,500 [grpc-default-executor-18] DEBUG server.RaftServer$Division (RaftServerImpl.java:logAppendEntries(1536)) - s0@group-920697D1330B: appendEntries* s2->s0#7-t1,previous=(t:1, i:0),leaderCommit=0,initializing? false,entries: size=1, first=(t:1, i:1), STATEMACHINELOGENTRY, StateMachineLogEntryProto:107@client-724C4A5E1E78
2025-09-29 07:14:58,500 [grpc-default-executor-3] DEBUG server.RaftServer$Division (RaftServerImpl.java:logAppendEntries(1536)) - s1@group-920697D1330B: appendEntries* s2->s1#7-t1,previous=(t:1, i:0),leaderCommit=0,initializing? false,entries: size=1, first=(t:1, i:1), STATEMACHINELOGENTRY, StateMachineLogEntryProto:107@client-724C4A5E1E78
2025-09-29 07:14:58,501 [s1-server-thread1] DEBUG server.RaftServer$Division (RaftServerImpl.java:logAppendEntries(1536)) - s1@group-920697D1330B: appendEntries* reply s2<-s1#7:OK-t1,SUCCESS,nextIndex=2,followerCommit=0,matchIndex=1
2025-09-29 07:14:58,501 [s0-server-thread1] DEBUG server.RaftServer$Division (RaftServerImpl.java:logAppendEntries(1536)) - s0@group-920697D1330B: appendEntries* reply s2<-s0#7:OK-t1,SUCCESS,nextIndex=2,followerCommit=0,matchIndex=1
2025-09-29 07:14:58,501 [s2@group-920697D1330B-StateMachineUpdater] INFO  statemachine.StateMachine (ReadOnlyRequestTests.java:applyTransaction(375)) - receive command: INCREMENT
2025-09-29 07:14:58,502 [grpc-default-executor-3] DEBUG server.RaftServer$Division (RaftServerImpl.java:logAppendEntries(1536)) - s1@group-920697D1330B: appendEntries* s2->s1#8-t1,previous=(t:1, i:1),leaderCommit=1,initializing? false,entries: size=1, first=(t:1, i:2), METADATAENTRY(c:1)
2025-09-29 07:14:58,503 [grpc-default-executor-18] DEBUG server.RaftServer$Division (RaftServerImpl.java:logAppendEntries(1536)) - s0@group-920697D1330B: appendEntries* s2->s0#8-t1,previous=(t:1, i:1),leaderCommit=1,initializing? false,entries: size=1, first=(t:1, i:2), METADATAENTRY(c:1)
2025-09-29 07:14:58,505 [s1-server-thread1] DEBUG server.RaftServer$Division (RaftServerImpl.java:logAppendEntries(1536)) - s1@group-920697D1330B: appendEntries* reply s2<-s1#8:OK-t1,SUCCESS,nextIndex=3,followerCommit=1,matchIndex=2
2025-09-29 07:14:58,505 [s0-server-thread1] DEBUG server.RaftServer$Division (RaftServerImpl.java:logAppendEntries(1536)) - s0@group-920697D1330B: appendEntries* reply s2<-s0#8:OK-t1,SUCCESS,nextIndex=3,followerCommit=1,matchIndex=2
2025-09-29 07:14:58,505 [s1@group-920697D1330B-StateMachineUpdater] INFO  statemachine.StateMachine (ReadOnlyRequestTests.java:applyTransaction(375)) - receive command: INCREMENT
2025-09-29 07:14:58,505 [s0@group-920697D1330B-StateMachineUpdater] INFO  statemachine.StateMachine (ReadOnlyRequestTests.java:applyTransaction(375)) - receive command: INCREMENT
2025-09-29 07:14:58,508 [s2-client-thread1] DEBUG server.RaftServer$Division (RaftServerImpl.java:submitClientRequestAsync(939)) - s2@group-920697D1330B: receive client request(RaftClientRequest:client-724C4A5E1E78->s2@group-920697D1330B, cid=108, seq=null, RaW, Message:5155455259)
2025-09-29 07:14:58,508 [s2-client-thread1] DEBUG server.RaftServer$Division (LeaderStateImpl.java:getReadIndex(1147)) - readIndex=1, readAfterWriteConsistentIndex=1
2025-09-29 07:14:58,510 [s2-client-thread1] DEBUG server.RaftServer$Division (RaftServerImpl.java:submitClientRequestAsync(939)) - s2@group-920697D1330B: receive client request(RaftClientRequest:client-724C4A5E1E78->s2@group-920697D1330B, cid=109, seq=1*, Watch(0), Message:<EMPTY>)
2025-09-29 07:14:58,510 [s2-client-thread1] DEBUG server.RaftServer$Division (LeaderStateImpl.java:addWatchRequest(544)) - s2@group-920697D1330B-LeaderStateImpl: addWatchRequest RaftClientRequest:client-724C4A5E1E78->s2@group-920697D1330B, cid=109, seq=1*, Watch(0), Message:<EMPTY>
2025-09-29 07:14:58,515 [s2-client-thread1] DEBUG server.RaftServer$Division (RaftServerImpl.java:submitClientRequestAsync(939)) - s2@group-920697D1330B: receive client request(RaftClientRequest:client-724C4A5E1E78->s2@group-920697D1330B, cid=110, seq=2, RW, Message:494e4352454d454e54)
2025-09-29 07:14:58,516 [s2-client-thread1] DEBUG server.RaftServer$Division (LeaderStateImpl.java:addPendingRequest(526)) - s2@group-920697D1330B-LeaderStateImpl: addPendingRequest at RaftClientRequest:client-724C4A5E1E78->s2@group-920697D1330B, cid=110, seq=2, RW, Message:494e4352454d454e54, entry=(t:1, i:3), STATEMACHINELOGENTRY, WRITE: logData.size=9, stateMachineData.size=0, logEntryProtoSerializedSize=0
2025-09-29 07:14:58,517 [grpc-default-executor-18] DEBUG server.RaftServer$Division (RaftServerImpl.java:logAppendEntries(1536)) - s1@group-920697D1330B: appendEntries* s2->s1#10-t1,previous=(t:1, i:2),leaderCommit=2,initializing? false,entries: size=1, first=(t:1, i:3), STATEMACHINELOGENTRY, StateMachineLogEntryProto:110@client-724C4A5E1E78
2025-09-29 07:14:58,518 [grpc-default-executor-18] DEBUG server.RaftServer$Division (RaftServerImpl.java:logAppendEntries(1536)) - s0@group-920697D1330B: appendEntries* s2->s0#12-t1,previous=(t:1, i:2),leaderCommit=2,initializing? false,entries: size=1, first=(t:1, i:3), STATEMACHINELOGENTRY, StateMachineLogEntryProto:110@client-724C4A5E1E78
2025-09-29 07:14:58,518 [s1-server-thread1] DEBUG server.RaftServer$Division (RaftServerImpl.java:logAppendEntries(1536)) - s1@group-920697D1330B: appendEntries* reply s2<-s1#10:OK-t1,SUCCESS,nextIndex=4,followerCommit=2,matchIndex=3
2025-09-29 07:14:58,518 [s2-client-thread1] DEBUG server.RaftServer$Division (RaftServerImpl.java:submitClientRequestAsync(939)) - s2@group-920697D1330B: receive client request(RaftClientRequest:client-724C4A5E1E78->s2@group-920697D1330B, cid=111, seq=3, RaW, Message:5155455259)
2025-09-29 07:14:58,519 [s2-client-thread1] DEBUG server.RaftServer$Division (LeaderStateImpl.java:getReadIndex(1147)) - readIndex=3, readAfterWriteConsistentIndex=3
2025-09-29 07:14:58,519 [s0-server-thread1] DEBUG server.RaftServer$Division (RaftServerImpl.java:logAppendEntries(1536)) - s0@group-920697D1330B: appendEntries* reply s2<-s0#12:OK-t1,SUCCESS,nextIndex=4,followerCommit=2,matchIndex=3
2025-09-29 07:14:58,519 [s2-client-thread1] DEBUG server.RaftServer$Division (RaftServerImpl.java:submitClientRequestAsync(939)) - s2@group-920697D1330B: receive client request(RaftClientRequest:client-724C4A5E1E78->s2@group-920697D1330B, cid=112, seq=4, RW, Message:494e4352454d454e54)
2025-09-29 07:14:58,520 [s2@group-920697D1330B-StateMachineUpdater] INFO  statemachine.StateMachine (ReadOnlyRequestTests.java:applyTransaction(375)) - receive command: INCREMENT
2025-09-29 07:14:58,520 [grpc-default-executor-3] DEBUG server.RaftServer$Division (RaftServerImpl.java:logAppendEntries(1536)) - s1@group-920697D1330B: appendEntries* s2->s1#11-t1,previous=(t:1, i:3),leaderCommit=3,initializing? false,entries: size=1, first=(t:1, i:4), METADATAENTRY(c:3)
2025-09-29 07:14:58,520 [s2-client-thread1] DEBUG server.RaftServer$Division (LeaderStateImpl.java:addPendingRequest(526)) - s2@group-920697D1330B-LeaderStateImpl: addPendingRequest at RaftClientRequest:client-724C4A5E1E78->s2@group-920697D1330B, cid=112, seq=4, RW, Message:494e4352454d454e54, entry=(t:1, i:5), STATEMACHINELOGENTRY, WRITE: logData.size=9, stateMachineData.size=0, logEntryProtoSerializedSize=0
2025-09-29 07:14:58,521 [grpc-default-executor-15] DEBUG server.RaftServer$Division (RaftServerImpl.java:logAppendEntries(1536)) - s0@group-920697D1330B: appendEntries* s2->s0#14-t1,previous=(t:1, i:3),leaderCommit=3,initializing? false,entries: size=1, first=(t:1, i:4), METADATAENTRY(c:3)
2025-09-29 07:14:58,521 [s1-server-thread1] DEBUG server.RaftServer$Division (RaftServerImpl.java:logAppendEntries(1536)) - s1@group-920697D1330B: appendEntries* reply s2<-s1#11:OK-t1,SUCCESS,nextIndex=5,followerCommit=3,matchIndex=4
2025-09-29 07:14:58,521 [s1@group-920697D1330B-StateMachineUpdater] INFO  statemachine.StateMachine (ReadOnlyRequestTests.java:applyTransaction(375)) - receive command: INCREMENT
2025-09-29 07:14:58,522 [grpc-default-executor-18] DEBUG server.RaftServer$Division (RaftServerImpl.java:logAppendEntries(1536)) - s1@group-920697D1330B: appendEntries* s2->s1#13-t1,previous=(t:1, i:4),leaderCommit=3,initializing? false,entries: size=1, first=(t:1, i:5), STATEMACHINELOGENTRY, StateMachineLogEntryProto:112@client-724C4A5E1E78
2025-09-29 07:14:58,522 [s0-server-thread1] DEBUG server.RaftServer$Division (RaftServerImpl.java:logAppendEntries(1536)) - s0@group-920697D1330B: appendEntries* reply s2<-s0#14:OK-t1,SUCCESS,nextIndex=5,followerCommit=3,matchIndex=4
2025-09-29 07:14:58,523 [s0@group-920697D1330B-StateMachineUpdater] INFO  statemachine.StateMachine (ReadOnlyRequestTests.java:applyTransaction(375)) - receive command: INCREMENT
2025-09-29 07:14:58,523 [grpc-default-executor-18] DEBUG server.RaftServer$Division (RaftServerImpl.java:logAppendEntries(1536)) - s0@group-920697D1330B: appendEntries* s2->s0#15-t1,previous=(t:1, i:4),leaderCommit=4,initializing? false,entries: size=1, first=(t:1, i:5), STATEMACHINELOGENTRY, StateMachineLogEntryProto:112@client-724C4A5E1E78
2025-09-29 07:14:58,523 [s1-server-thread1] DEBUG server.RaftServer$Division (RaftServerImpl.java:logAppendEntries(1536)) - s1@group-920697D1330B: appendEntries* reply s2<-s1#13:OK-t1,SUCCESS,nextIndex=6,followerCommit=3,matchIndex=5
2025-09-29 07:14:58,524 [s2-client-thread1] DEBUG server.RaftServer$Division (RaftServerImpl.java:submitClientRequestAsync(939)) - s2@group-920697D1330B: receive client request(RaftClientRequest:client-724C4A5E1E78->s2@group-920697D1330B, cid=113, seq=5, RW, Message:494e4352454d454e54)
2025-09-29 07:14:58,524 [s2-client-thread1] DEBUG server.RaftServer$Division (LeaderStateImpl.java:addPendingRequest(526)) - s2@group-920697D1330B-LeaderStateImpl: addPendingRequest at RaftClientRequest:client-724C4A5E1E78->s2@group-920697D1330B, cid=113, seq=5, RW, Message:494e4352454d454e54, entry=(t:1, i:6), STATEMACHINELOGENTRY, WRITE: logData.size=9, stateMachineData.size=0, logEntryProtoSerializedSize=0
2025-09-29 07:14:58,525 [grpc-default-executor-12] DEBUG server.RaftServer$Division (RaftServerImpl.java:logAppendEntries(1536)) - s1@group-920697D1330B: appendEntries* s2->s1#15-t1,previous=(t:1, i:5),leaderCommit=4,initializing? false,entries: size=1, first=(t:1, i:6), STATEMACHINELOGENTRY, StateMachineLogEntryProto:113@client-724C4A5E1E78
2025-09-29 07:14:58,525 [grpc-default-executor-18] DEBUG server.RaftServer$Division (RaftServerImpl.java:logAppendEntries(1536)) - s0@group-920697D1330B: appendEntries* s2->s0#16-t1,previous=(t:1, i:5),leaderCommit=5,initializing? false,entries: size=2, first=(t:1, i:6), STATEMACHINELOGENTRY, StateMachineLogEntryProto:113@client-724C4A5E1E78
2025-09-29 07:14:58,526 [s2-client-thread1] DEBUG server.RaftServer$Division (RaftServerImpl.java:submitClientRequestAsync(939)) - s2@group-920697D1330B: receive client request(RaftClientRequest:client-724C4A5E1E78->s2@group-920697D1330B, cid=114, seq=6, RW, Message:494e4352454d454e54)
2025-09-29 07:14:58,525 [s2@group-920697D1330B-StateMachineUpdater] INFO  statemachine.StateMachine (ReadOnlyRequestTests.java:applyTransaction(375)) - receive command: INCREMENT
2025-09-29 07:14:58,527 [s0-server-thread1] DEBUG server.RaftServer$Division (RaftServerImpl.java:logAppendEntries(1536)) - s0@group-920697D1330B: appendEntries* reply s2<-s0#15:OK-t1,SUCCESS,nextIndex=6,followerCommit=4,matchIndex=5
2025-09-29 07:14:58,527 [grpc-default-executor-12] DEBUG server.RaftServer$Division (RaftServerImpl.java:logAppendEntries(1536)) - s1@group-920697D1330B: appendEntries* s2->s1#16-t1,previous=(t:1, i:6),leaderCommit=5,initializing? false,entries: size=1, first=(t:1, i:7), METADATAENTRY(c:5)
2025-09-29 07:14:58,527 [s2-client-thread1] DEBUG server.RaftServer$Division (LeaderStateImpl.java:addPendingRequest(526)) - s2@group-920697D1330B-LeaderStateImpl: addPendingRequest at RaftClientRequest:client-724C4A5E1E78->s2@group-920697D1330B, cid=114, seq=6, RW, Message:494e4352454d454e54, entry=(t:1, i:8), STATEMACHINELOGENTRY, WRITE: logData.size=9, stateMachineData.size=0, logEntryProtoSerializedSize=0
2025-09-29 07:14:58,528 [s2-client-thread1] DEBUG server.RaftServer$Division (RaftServerImpl.java:submitClientRequestAsync(939)) - s2@group-920697D1330B: receive client request(RaftClientRequest:client-724C4A5E1E78->s2@group-920697D1330B, cid=115, seq=7, RW, Message:494e4352454d454e54)
2025-09-29 07:14:58,528 [s1-server-thread1] DEBUG server.RaftServer$Division (RaftServerImpl.java:logAppendEntries(1536)) - s1@group-920697D1330B: appendEntries* reply s2<-s1#15:OK-t1,SUCCESS,nextIndex=7,followerCommit=4,matchIndex=6
2025-09-29 07:14:58,528 [s2-client-thread1] DEBUG server.RaftServer$Division (LeaderStateImpl.java:addPendingRequest(526)) - s2@group-920697D1330B-LeaderStateImpl: addPendingRequest at RaftClientRequest:client-724C4A5E1E78->s2@group-920697D1330B, cid=115, seq=7, RW, Message:494e4352454d454e54, entry=(t:1, i:9), STATEMACHINELOGENTRY, WRITE: logData.size=9, stateMachineData.size=0, logEntryProtoSerializedSize=0
2025-09-29 07:14:58,528 [grpc-default-executor-18] DEBUG server.RaftServer$Division (RaftServerImpl.java:logAppendEntries(1536)) - s0@group-920697D1330B: appendEntries* s2->s0#18-t1,previous=(t:1, i:7),leaderCommit=5,initializing? false,entries: size=1, first=(t:1, i:8), STATEMACHINELOGENTRY, StateMachineLogEntryProto:114@client-724C4A5E1E78
2025-09-29 07:14:58,528 [s1-server-thread1] DEBUG server.RaftServer$Division (RaftServerImpl.java:logAppendEntries(1536)) - s1@group-920697D1330B: appendEntries* reply s2<-s1#16:OK-t1,SUCCESS,nextIndex=8,followerCommit=5,matchIndex=7
2025-09-29 07:14:58,530 [s1@group-920697D1330B-StateMachineUpdater] INFO  statemachine.StateMachine (ReadOnlyRequestTests.java:applyTransaction(375)) - receive command: INCREMENT
2025-09-29 07:14:58,530 [s0-server-thread2] DEBUG server.RaftServer$Division (RaftServerImpl.java:logAppendEntries(1536)) - s0@group-920697D1330B: appendEntries* reply s2<-s0#16:OK-t1,SUCCESS,nextIndex=8,followerCommit=5,matchIndex=7
2025-09-29 07:14:58,530 [s2-client-thread1] DEBUG server.RaftServer$Division (RaftServerImpl.java:submitClientRequestAsync(939)) - s2@group-920697D1330B: receive client request(RaftClientRequest:client-724C4A5E1E78->s2@group-920697D1330B, cid=116, seq=8, RW, Message:494e4352454d454e54)
2025-09-29 07:14:58,529 [grpc-default-executor-12] DEBUG server.RaftServer$Division (RaftServerImpl.java:logAppendEntries(1536)) - s1@group-920697D1330B: appendEntries* s2->s1#17-t1,previous=(t:1, i:7),leaderCommit=5,initializing? false,entries: size=1, first=(t:1, i:8), STATEMACHINELOGENTRY, StateMachineLogEntryProto:114@client-724C4A5E1E78
2025-09-29 07:14:58,530 [s2-client-thread1] DEBUG server.RaftServer$Division (LeaderStateImpl.java:addPendingRequest(526)) - s2@group-920697D1330B-LeaderStateImpl: addPendingRequest at RaftClientRequest:client-724C4A5E1E78->s2@group-920697D1330B, cid=116, seq=8, RW, Message:494e4352454d454e54, entry=(t:1, i:11), STATEMACHINELOGENTRY, WRITE: logData.size=9, stateMachineData.size=0, logEntryProtoSerializedSize=0
2025-09-29 07:14:58,531 [s0@group-920697D1330B-StateMachineUpdater] INFO  statemachine.StateMachine (ReadOnlyRequestTests.java:applyTransaction(375)) - receive command: INCREMENT
2025-09-29 07:14:58,531 [s0-server-thread1] DEBUG server.RaftServer$Division (RaftServerImpl.java:logAppendEntries(1536)) - s0@group-920697D1330B: appendEntries* reply s2<-s0#18:OK-t1,SUCCESS,nextIndex=9,followerCommit=5,matchIndex=8
2025-09-29 07:14:58,531 [s2-client-thread1] DEBUG server.RaftServer$Division (RaftServerImpl.java:submitClientRequestAsync(939)) - s2@group-920697D1330B: receive client request(RaftClientRequest:client-724C4A5E1E78->s2@group-920697D1330B, cid=117, seq=9, RW, Message:494e4352454d454e54)
2025-09-29 07:14:58,531 [s2@group-920697D1330B-StateMachineUpdater] INFO  statemachine.StateMachine (ReadOnlyRequestTests.java:applyTransaction(375)) - receive command: INCREMENT
2025-09-29 07:14:58,531 [s2-client-thread1] DEBUG server.RaftServer$Division (LeaderStateImpl.java:addPendingRequest(526)) - s2@group-920697D1330B-LeaderStateImpl: addPendingRequest at RaftClientRequest:client-724C4A5E1E78->s2@group-920697D1330B, cid=117, seq=9, RW, Message:494e4352454d454e54, entry=(t:1, i:12), STATEMACHINELOGENTRY, WRITE: logData.size=9, stateMachineData.size=0, logEntryProtoSerializedSize=0
2025-09-29 07:14:58,531 [s1-server-thread1] DEBUG server.RaftServer$Division (RaftServerImpl.java:logAppendEntries(1536)) - s1@group-920697D1330B: appendEntries* reply s2<-s1#17:OK-t1,SUCCESS,nextIndex=9,followerCommit=5,matchIndex=8
2025-09-29 07:14:58,533 [grpc-default-executor-12] DEBUG server.RaftServer$Division (RaftServerImpl.java:logAppendEntries(1536)) - s1@group-920697D1330B: appendEntries* s2->s1#18-t1,previous=(t:1, i:8),leaderCommit=6,initializing? false,entries: size=3, first=(t:1, i:9), STATEMACHINELOGENTRY, StateMachineLogEntryProto:115@client-724C4A5E1E78
2025-09-29 07:14:58,533 [s2-client-thread1] DEBUG server.RaftServer$Division (RaftServerImpl.java:submitClientRequestAsync(939)) - s2@group-920697D1330B: receive client request(RaftClientRequest:client-724C4A5E1E78->s2@group-920697D1330B, cid=118, seq=10, RW, Message:494e4352454d454e54)
2025-09-29 07:14:58,533 [s1@group-920697D1330B-StateMachineUpdater] INFO  statemachine.StateMachine (ReadOnlyRequestTests.java:applyTransaction(375)) - receive command: INCREMENT
2025-09-29 07:14:58,534 [s1-server-thread1] DEBUG server.RaftServer$Division (RaftServerImpl.java:logAppendEntries(1536)) - s1@group-920697D1330B: appendEntries* reply s2<-s1#18:OK-t1,SUCCESS,nextIndex=12,followerCommit=6,matchIndex=11
2025-09-29 07:14:58,534 [grpc-default-executor-10] DEBUG server.RaftServer$Division (RaftServerImpl.java:logAppendEntries(1536)) - s1@group-920697D1330B: appendEntries* s2->s1#19-t1,previous=(t:1, i:11),leaderCommit=6,initializing? false,entries: size=1, first=(t:1, i:12), STATEMACHINELOGENTRY, StateMachineLogEntryProto:117@client-724C4A5E1E78
2025-09-29 07:14:58,534 [grpc-default-executor-3] DEBUG server.RaftServer$Division (RaftServerImpl.java:logAppendEntries(1536)) - s0@group-920697D1330B: appendEntries* s2->s0#19-t1,previous=(t:1, i:8),leaderCommit=7,initializing? false,entries: size=4, first=(t:1, i:9), STATEMACHINELOGENTRY, StateMachineLogEntryProto:115@client-724C4A5E1E78
2025-09-29 07:14:58,534 [s2@group-920697D1330B-StateMachineUpdater] INFO  statemachine.StateMachine (ReadOnlyRequestTests.java:applyTransaction(375)) - receive command: INCREMENT
2025-09-29 07:14:58,535 [grpc-default-executor-10] DEBUG server.RaftServer$Division (RaftServerImpl.java:logAppendEntries(1536)) - s1@group-920697D1330B: appendEntries* s2->s1#22-t1,previous=(t:1, i:12),leaderCommit=8,initializing? false,entries: size=1, first=(t:1, i:13), METADATAENTRY(c:8)
2025-09-29 07:14:58,535 [s2@group-920697D1330B-StateMachineUpdater] INFO  statemachine.StateMachine (ReadOnlyRequestTests.java:applyTransaction(375)) - receive command: INCREMENT
2025-09-29 07:14:58,535 [s1-server-thread1] DEBUG server.RaftServer$Division (RaftServerImpl.java:logAppendEntries(1536)) - s1@group-920697D1330B: appendEntries* reply s2<-s1#19:OK-t1,SUCCESS,nextIndex=13,followerCommit=6,matchIndex=12
2025-09-29 07:14:58,536 [s2-client-thread1] DEBUG server.RaftServer$Division (LeaderStateImpl.java:addPendingRequest(526)) - s2@group-920697D1330B-LeaderStateImpl: addPendingRequest at RaftClientRequest:client-724C4A5E1E78->s2@group-920697D1330B, cid=118, seq=10, RW, Message:494e4352454d454e54, entry=(t:1, i:15), STATEMACHINELOGENTRY, WRITE: logData.size=9, stateMachineData.size=0, logEntryProtoSerializedSize=0
2025-09-29 07:14:58,536 [s2@group-920697D1330B-StateMachineUpdater] INFO  statemachine.StateMachine (ReadOnlyRequestTests.java:applyTransaction(375)) - receive command: INCREMENT
2025-09-29 07:14:58,537 [grpc-default-executor-10] DEBUG server.RaftServer$Division (RaftServerImpl.java:logAppendEntries(1536)) - s0@group-920697D1330B: appendEntries* s2->s0#21-t1,previous=(t:1, i:12),leaderCommit=8,initializing? false,entries: size=1, first=(t:1, i:13), METADATAENTRY(c:8)
2025-09-29 07:14:58,537 [s0@group-920697D1330B-StateMachineUpdater] INFO  statemachine.StateMachine (ReadOnlyRequestTests.java:applyTransaction(375)) - receive command: INCREMENT
2025-09-29 07:14:58,537 [s2-client-thread1] DEBUG server.RaftServer$Division (RaftServerImpl.java:submitClientRequestAsync(939)) - s2@group-920697D1330B: receive client request(RaftClientRequest:client-724C4A5E1E78->s2@group-920697D1330B, cid=119, seq=11, RW, Message:494e4352454d454e54)
2025-09-29 07:14:58,537 [s1-server-thread2] DEBUG server.RaftServer$Division (RaftServerImpl.java:logAppendEntries(1536)) - s1@group-920697D1330B: appendEntries* reply s2<-s1#22:OK-t1,SUCCESS,nextIndex=14,followerCommit=8,matchIndex=13
2025-09-29 07:14:58,537 [s0-server-thread2] DEBUG server.RaftServer$Division (RaftServerImpl.java:logAppendEntries(1536)) - s0@group-920697D1330B: appendEntries* reply s2<-s0#19:OK-t1,SUCCESS,nextIndex=13,followerCommit=7,matchIndex=12
2025-09-29 07:14:58,538 [s2-client-thread1] DEBUG server.RaftServer$Division (LeaderStateImpl.java:addPendingRequest(526)) - s2@group-920697D1330B-LeaderStateImpl: addPendingRequest at RaftClientRequest:client-724C4A5E1E78->s2@group-920697D1330B, cid=119, seq=11, RW, Message:494e4352454d454e54, entry=(t:1, i:17), STATEMACHINELOGENTRY, WRITE: logData.size=9, stateMachineData.size=0, logEntryProtoSerializedSize=0
2025-09-29 07:14:58,537 [s2@group-920697D1330B-StateMachineUpdater] INFO  statemachine.StateMachine (ReadOnlyRequestTests.java:applyTransaction(375)) - receive command: INCREMENT
2025-09-29 07:14:58,539 [s1@group-920697D1330B-StateMachineUpdater] INFO  statemachine.StateMachine (ReadOnlyRequestTests.java:applyTransaction(375)) - receive command: INCREMENT
2025-09-29 07:14:58,539 [s0-server-thread2] DEBUG server.RaftServer$Division (RaftServerImpl.java:logAppendEntries(1536)) - s0@group-920697D1330B: appendEntries* reply s2<-s0#21:OK-t1,SUCCESS,nextIndex=14,followerCommit=8,matchIndex=13
2025-09-29 07:14:58,539 [grpc-default-executor-10] DEBUG server.RaftServer$Division (RaftServerImpl.java:logAppendEntries(1536)) - s0@group-920697D1330B: appendEntries* s2->s0#22-t1,previous=(t:1, i:13),leaderCommit=11,initializing? false,entries: size=2, first=(t:1, i:14), METADATAENTRY(c:11)
2025-09-29 07:14:58,540 [s2-client-thread1] DEBUG server.RaftServer$Division (RaftServerImpl.java:submitClientRequestAsync(939)) - s2@group-920697D1330B: receive client request(RaftClientRequest:client-724C4A5E1E78->s2@group-920697D1330B, cid=120, seq=12, RW, Message:494e4352454d454e54)
2025-09-29 07:14:58,540 [s0-server-thread2] DEBUG server.RaftServer$Division (RaftServerImpl.java:logAppendEntries(1536)) - s0@group-920697D1330B: appendEntries* reply s2<-s0#22:OK-t1,SUCCESS,nextIndex=16,followerCommit=11,matchIndex=15
2025-09-29 07:14:58,539 [s0@group-920697D1330B-StateMachineUpdater] INFO  statemachine.StateMachine (ReadOnlyRequestTests.java:applyTransaction(375)) - receive command: INCREMENT
2025-09-29 07:14:58,540 [s0@group-920697D1330B-StateMachineUpdater] INFO  statemachine.StateMachine (ReadOnlyRequestTests.java:applyTransaction(375)) - receive command: INCREMENT
2025-09-29 07:14:58,540 [s0@group-920697D1330B-StateMachineUpdater] INFO  statemachine.StateMachine (ReadOnlyRequestTests.java:applyTransaction(375)) - receive command: INCREMENT
2025-09-29 07:14:58,542 [grpc-default-executor-12] DEBUG server.RaftServer$Division (RaftServerImpl.java:logAppendEntries(1536)) - s0@group-920697D1330B: appendEntries* s2->s0#23-t1,previous=(t:1, i:15),leaderCommit=12,initializing? false,entries: size=2, first=(t:1, i:16), METADATAENTRY(c:12)
2025-09-29 07:14:58,542 [grpc-default-executor-12] DEBUG server.RaftServer$Division (RaftServerImpl.java:logAppendEntries(1536)) - s0@group-920697D1330B: appendEntries* s2->s0#24-t1,previous=(t:1, i:17),leaderCommit=12,initializing? false,entries: size=1, first=(t:1, i:18), STATEMACHINELOGENTRY, StateMachineLogEntryProto:120@client-724C4A5E1E78
2025-09-29 07:14:58,539 [grpc-default-executor-18] DEBUG server.RaftServer$Division (RaftServerImpl.java:logAppendEntries(1536)) - s1@group-920697D1330B: appendEntries* s2->s1#24-t1,previous=(t:1, i:13),leaderCommit=11,initializing? false,entries: size=1, first=(t:1, i:14), METADATAENTRY(c:11)
2025-09-29 07:14:58,540 [s2-client-thread1] DEBUG server.RaftServer$Division (LeaderStateImpl.java:addPendingRequest(526)) - s2@group-920697D1330B-LeaderStateImpl: addPendingRequest at RaftClientRequest:client-724C4A5E1E78->s2@group-920697D1330B, cid=120, seq=12, RW, Message:494e4352454d454e54, entry=(t:1, i:18), STATEMACHINELOGENTRY, WRITE: logData.size=9, stateMachineData.size=0, logEntryProtoSerializedSize=0
2025-09-29 07:14:58,543 [grpc-default-executor-18] DEBUG server.RaftServer$Division (RaftServerImpl.java:logAppendEntries(1536)) - s1@group-920697D1330B: appendEntries* s2->s1#25-t1,previous=(t:1, i:14),leaderCommit=11,initializing? false,entries: size=1, first=(t:1, i:15), STATEMACHINELOGENTRY, StateMachineLogEntryProto:118@client-724C4A5E1E78
2025-09-29 07:14:58,543 [s1-server-thread2] DEBUG server.RaftServer$Division (RaftServerImpl.java:logAppendEntries(1536)) - s1@group-920697D1330B: appendEntries* reply s2<-s1#24:OK-t1,SUCCESS,nextIndex=15,followerCommit=11,matchIndex=14
2025-09-29 07:14:58,544 [s1@group-920697D1330B-StateMachineUpdater] INFO  statemachine.StateMachine (ReadOnlyRequestTests.java:applyTransaction(375)) - receive command: INCREMENT
2025-09-29 07:14:58,544 [s2@group-920697D1330B-StateMachineUpdater] INFO  statemachine.StateMachine (ReadOnlyRequestTests.java:applyTransaction(375)) - receive command: INCREMENT
2025-09-29 07:14:58,544 [s1-server-thread1] DEBUG server.RaftServer$Division (RaftServerImpl.java:logAppendEntries(1536)) - s1@group-920697D1330B: appendEntries* reply s2<-s1#25:OK-t1,SUCCESS,nextIndex=16,followerCommit=11,matchIndex=15
2025-09-29 07:14:58,545 [s0-server-thread2] DEBUG server.RaftServer$Division (RaftServerImpl.java:logAppendEntries(1536)) - s0@group-920697D1330B: appendEntries* reply s2<-s0#23:OK-t1,SUCCESS,nextIndex=18,followerCommit=12,matchIndex=17
2025-09-29 07:14:58,546 [s0@group-920697D1330B-StateMachineUpdater] INFO  statemachine.StateMachine (ReadOnlyRequestTests.java:applyTransaction(375)) - receive command: INCREMENT
2025-09-29 07:14:58,546 [grpc-default-executor-18] DEBUG server.RaftServer$Division (RaftServerImpl.java:logAppendEntries(1536)) - s0@group-920697D1330B: appendEntries* s2->s0#28-t1,previous=(t:1, i:18),leaderCommit=15,initializing? false,entries: size=1, first=(t:1, i:19), METADATAENTRY(c:15)
2025-09-29 07:14:58,546 [s0-server-thread2] DEBUG server.RaftServer$Division (RaftServerImpl.java:logAppendEntries(1536)) - s0@group-920697D1330B: appendEntries* reply s2<-s0#24:OK-t1,SUCCESS,nextIndex=19,followerCommit=12,matchIndex=18
2025-09-29 07:14:58,546 [grpc-default-executor-12] DEBUG server.RaftServer$Division (RaftServerImpl.java:logAppendEntries(1536)) - s1@group-920697D1330B: appendEntries* s2->s1#26-t1,previous=(t:1, i:15),leaderCommit=12,initializing? false,entries: size=2, first=(t:1, i:16), METADATAENTRY(c:12)
2025-09-29 07:14:58,546 [s0-server-thread2] DEBUG server.RaftServer$Division (RaftServerImpl.java:logAppendEntries(1536)) - s0@group-920697D1330B: appendEntries* reply s2<-s0#28:OK-t1,SUCCESS,nextIndex=20,followerCommit=15,matchIndex=19
2025-09-29 07:14:58,544 [s1@group-920697D1330B-StateMachineUpdater] INFO  statemachine.StateMachine (ReadOnlyRequestTests.java:applyTransaction(375)) - receive command: INCREMENT
2025-09-29 07:14:58,547 [grpc-default-executor-12] DEBUG server.RaftServer$Division (RaftServerImpl.java:logAppendEntries(1536)) - s1@group-920697D1330B: appendEntries* s2->s1#27-t1,previous=(t:1, i:17),leaderCommit=12,initializing? false,entries: size=1, first=(t:1, i:18), STATEMACHINELOGENTRY, StateMachineLogEntryProto:120@client-724C4A5E1E78
2025-09-29 07:14:58,547 [s2@group-920697D1330B-StateMachineUpdater] INFO  statemachine.StateMachine (ReadOnlyRequestTests.java:applyTransaction(375)) - receive command: INCREMENT
2025-09-29 07:14:58,548 [s2@group-920697D1330B-StateMachineUpdater] INFO  statemachine.StateMachine (ReadOnlyRequestTests.java:applyTransaction(375)) - receive command: INCREMENT
2025-09-29 07:14:58,548 [grpc-default-executor-3] DEBUG server.RaftServer$Division (RaftServerImpl.java:logAppendEntries(1536)) - s0@group-920697D1330B: appendEntries* s2->s0#33-t1,previous=(t:1, i:19),leaderCommit=17,initializing? false,entries: size=1, first=(t:1, i:20), METADATAENTRY(c:17)
2025-09-29 07:14:58,547 [s0@group-920697D1330B-StateMachineUpdater] INFO  statemachine.StateMachine (ReadOnlyRequestTests.java:applyTransaction(375)) - receive command: INCREMENT
2025-09-29 07:14:58,545 [s2-client-thread1] DEBUG server.RaftServer$Division (RaftServerImpl.java:submitClientRequestAsync(939)) - s2@group-920697D1330B: receive client request(RaftClientRequest:client-724C4A5E1E78->s2@group-920697D1330B, cid=121, seq=13, RW, Message:494e4352454d454e54)
2025-09-29 07:14:58,549 [s0-server-thread2] DEBUG server.RaftServer$Division (RaftServerImpl.java:logAppendEntries(1536)) - s0@group-920697D1330B: appendEntries* reply s2<-s0#33:OK-t1,SUCCESS,nextIndex=21,followerCommit=17,matchIndex=20
2025-09-29 07:14:58,549 [grpc-default-executor-12] DEBUG server.RaftServer$Division (RaftServerImpl.java:logAppendEntries(1536)) - s1@group-920697D1330B: appendEntries* s2->s1#29-t1,previous=(t:1, i:18),leaderCommit=15,initializing? false,entries: size=1, first=(t:1, i:19), METADATAENTRY(c:15)
2025-09-29 07:14:58,549 [s0@group-920697D1330B-StateMachineUpdater] INFO  statemachine.StateMachine (ReadOnlyRequestTests.java:applyTransaction(375)) - receive command: INCREMENT
2025-09-29 07:14:58,549 [s2-client-thread1] DEBUG server.RaftServer$Division (LeaderStateImpl.java:addPendingRequest(526)) - s2@group-920697D1330B-LeaderStateImpl: addPendingRequest at RaftClientRequest:client-724C4A5E1E78->s2@group-920697D1330B, cid=121, seq=13, RW, Message:494e4352454d454e54, entry=(t:1, i:22), STATEMACHINELOGENTRY, WRITE: logData.size=9, stateMachineData.size=0, logEntryProtoSerializedSize=0
2025-09-29 07:14:58,550 [s1-server-thread2] DEBUG server.RaftServer$Division (RaftServerImpl.java:logAppendEntries(1536)) - s1@group-920697D1330B: appendEntries* reply s2<-s1#27:OK-t1,SUCCESS,nextIndex=19,followerCommit=12,matchIndex=18
2025-09-29 07:14:58,551 [grpc-default-executor-12] DEBUG server.RaftServer$Division (RaftServerImpl.java:logAppendEntries(1536)) - s0@group-920697D1330B: appendEntries* s2->s0#34-t1,previous=(t:1, i:20),leaderCommit=18,initializing? false,entries: size=1, first=(t:1, i:21), METADATAENTRY(c:18)
2025-09-29 07:14:58,550 [s1-server-thread1] DEBUG server.RaftServer$Division (RaftServerImpl.java:logAppendEntries(1536)) - s1@group-920697D1330B: appendEntries* reply s2<-s1#26:OK-t1,SUCCESS,nextIndex=18,followerCommit=12,matchIndex=17
2025-09-29 07:14:58,552 [s0-server-thread1] DEBUG server.RaftServer$Division (RaftServerImpl.java:logAppendEntries(1536)) - s0@group-920697D1330B: appendEntries* reply s2<-s0#34:OK-t1,SUCCESS,nextIndex=22,followerCommit=18,matchIndex=21
2025-09-29 07:14:58,552 [s0@group-920697D1330B-StateMachineUpdater] INFO  statemachine.StateMachine (ReadOnlyRequestTests.java:applyTransaction(375)) - receive command: INCREMENT
2025-09-29 07:14:58,552 [s1-server-thread1] DEBUG server.RaftServer$Division (RaftServerImpl.java:logAppendEntries(1536)) - s1@group-920697D1330B: appendEntries* reply s2<-s1#29:OK-t1,SUCCESS,nextIndex=20,followerCommit=15,matchIndex=19
2025-09-29 07:14:58,550 [s1@group-920697D1330B-StateMachineUpdater] INFO  statemachine.StateMachine (ReadOnlyRequestTests.java:applyTransaction(375)) - receive command: INCREMENT
2025-09-29 07:14:58,550 [grpc-default-executor-3] DEBUG server.RaftServer$Division (RaftServerImpl.java:logAppendEntries(1536)) - s1@group-920697D1330B: appendEntries* s2->s1#33-t1,previous=(t:1, i:19),leaderCommit=17,initializing? false,entries: size=1, first=(t:1, i:20), METADATAENTRY(c:17)
2025-09-29 07:14:58,553 [s1@group-920697D1330B-StateMachineUpdater] INFO  statemachine.StateMachine (ReadOnlyRequestTests.java:applyTransaction(375)) - receive command: INCREMENT
2025-09-29 07:14:58,553 [s2-client-thread1] DEBUG server.RaftServer$Division (RaftServerImpl.java:submitClientRequestAsync(939)) - s2@group-920697D1330B: receive client request(RaftClientRequest:client-724C4A5E1E78->s2@group-920697D1330B, cid=122, seq=14, RW, Message:494e4352454d454e54)
2025-09-29 07:14:58,553 [grpc-default-executor-18] DEBUG server.RaftServer$Division (RaftServerImpl.java:logAppendEntries(1536)) - s0@group-920697D1330B: appendEntries* s2->s0#35-t1,previous=(t:1, i:21),leaderCommit=20,initializing? false,entries: size=1, first=(t:1, i:22), STATEMACHINELOGENTRY, StateMachineLogEntryProto:121@client-724C4A5E1E78
2025-09-29 07:14:58,553 [s2-client-thread1] DEBUG server.RaftServer$Division (LeaderStateImpl.java:addPendingRequest(526)) - s2@group-920697D1330B-LeaderStateImpl: addPendingRequest at RaftClientRequest:client-724C4A5E1E78->s2@group-920697D1330B, cid=122, seq=14, RW, Message:494e4352454d454e54, entry=(t:1, i:23), STATEMACHINELOGENTRY, WRITE: logData.size=9, stateMachineData.size=0, logEntryProtoSerializedSize=0
2025-09-29 07:14:58,554 [s2-client-thread1] DEBUG server.RaftServer$Division (RaftServerImpl.java:submitClientRequestAsync(939)) - s2@group-920697D1330B: receive client request(RaftClientRequest:client-724C4A5E1E78->s2@group-920697D1330B, cid=123, seq=15, RW, Message:494e4352454d454e54)
2025-09-29 07:14:58,554 [s1-server-thread1] DEBUG server.RaftServer$Division (RaftServerImpl.java:logAppendEntries(1536)) - s1@group-920697D1330B: appendEntries* reply s2<-s1#33:OK-t1,SUCCESS,nextIndex=21,followerCommit=17,matchIndex=20
2025-09-29 07:14:58,554 [grpc-default-executor-3] DEBUG server.RaftServer$Division (RaftServerImpl.java:logAppendEntries(1536)) - s1@group-920697D1330B: appendEntries* s2->s1#37-t1,previous=(t:1, i:20),leaderCommit=19,initializing? false,entries: size=1, first=(t:1, i:21), METADATAENTRY(c:18)
2025-09-29 07:14:58,554 [s1@group-920697D1330B-StateMachineUpdater] INFO  statemachine.StateMachine (ReadOnlyRequestTests.java:applyTransaction(375)) - receive command: INCREMENT
2025-09-29 07:14:58,554 [s2-client-thread1] DEBUG server.RaftServer$Division (LeaderStateImpl.java:addPendingRequest(526)) - s2@group-920697D1330B-LeaderStateImpl: addPendingRequest at RaftClientRequest:client-724C4A5E1E78->s2@group-920697D1330B, cid=123, seq=15, RW, Message:494e4352454d454e54, entry=(t:1, i:24), STATEMACHINELOGENTRY, WRITE: logData.size=9, stateMachineData.size=0, logEntryProtoSerializedSize=0
2025-09-29 07:14:58,555 [grpc-default-executor-15] DEBUG server.RaftServer$Division (RaftServerImpl.java:logAppendEntries(1536)) - s1@group-920697D1330B: appendEntries* s2->s1#38-t1,previous=(t:1, i:21),leaderCommit=19,initializing? false,entries: size=1, first=(t:1, i:22), STATEMACHINELOGENTRY, StateMachineLogEntryProto:121@client-724C4A5E1E78
2025-09-29 07:14:58,555 [s0-server-thread1] DEBUG server.RaftServer$Division (RaftServerImpl.java:logAppendEntries(1536)) - s0@group-920697D1330B: appendEntries* reply s2<-s0#35:OK-t1,SUCCESS,nextIndex=23,followerCommit=20,matchIndex=22
2025-09-29 07:14:58,556 [s1-server-thread1] DEBUG server.RaftServer$Division (RaftServerImpl.java:logAppendEntries(1536)) - s1@group-920697D1330B: appendEntries* reply s2<-s1#37:OK-t1,SUCCESS,nextIndex=22,followerCommit=19,matchIndex=21
2025-09-29 07:14:58,556 [s1@group-920697D1330B-StateMachineUpdater] INFO  statemachine.StateMachine (ReadOnlyRequestTests.java:applyTransaction(375)) - receive command: INCREMENT
2025-09-29 07:14:58,556 [grpc-default-executor-3] DEBUG server.RaftServer$Division (RaftServerImpl.java:logAppendEntries(1536)) - s1@group-920697D1330B: appendEntries* s2->s1#41-t1,previous=(t:1, i:22),leaderCommit=21,initializing? false,entries: size=2, first=(t:1, i:23), STATEMACHINELOGENTRY, StateMachineLogEntryProto:122@client-724C4A5E1E78
2025-09-29 07:14:58,557 [s2-client-thread1] DEBUG server.RaftServer$Division (RaftServerImpl.java:submitClientRequestAsync(939)) - s2@group-920697D1330B: receive client request(RaftClientRequest:client-724C4A5E1E78->s2@group-920697D1330B, cid=124, seq=16, RW, Message:494e4352454d454e54)
2025-09-29 07:14:58,556 [s1-server-thread3] DEBUG server.RaftServer$Division (RaftServerImpl.java:logAppendEntries(1536)) - s1@group-920697D1330B: appendEntries* reply s2<-s1#38:OK-t1,SUCCESS,nextIndex=23,followerCommit=19,matchIndex=22
2025-09-29 07:14:58,557 [s2-client-thread1] DEBUG server.RaftServer$Division (LeaderStateImpl.java:addPendingRequest(526)) - s2@group-920697D1330B-LeaderStateImpl: addPendingRequest at RaftClientRequest:client-724C4A5E1E78->s2@group-920697D1330B, cid=124, seq=16, RW, Message:494e4352454d454e54, entry=(t:1, i:25), STATEMACHINELOGENTRY, WRITE: logData.size=9, stateMachineData.size=0, logEntryProtoSerializedSize=0
2025-09-29 07:14:58,557 [grpc-default-executor-15] DEBUG server.RaftServer$Division (RaftServerImpl.java:logAppendEntries(1536)) - s1@group-920697D1330B: appendEntries* s2->s1#42-t1,previous=(t:1, i:24),leaderCommit=21,initializing? false,entries: size=1, first=(t:1, i:25), STATEMACHINELOGENTRY, StateMachineLogEntryProto:124@client-724C4A5E1E78
2025-09-29 07:14:58,558 [s2@group-920697D1330B-StateMachineUpdater] INFO  statemachine.StateMachine (ReadOnlyRequestTests.java:applyTransaction(375)) - receive command: INCREMENT
2025-09-29 07:14:58,558 [s1-server-thread1] DEBUG server.RaftServer$Division (RaftServerImpl.java:logAppendEntries(1536)) - s1@group-920697D1330B: appendEntries* reply s2<-s1#41:OK-t1,SUCCESS,nextIndex=25,followerCommit=21,matchIndex=24
2025-09-29 07:14:58,558 [s2-client-thread1] DEBUG server.RaftServer$Division (RaftServerImpl.java:submitClientRequestAsync(939)) - s2@group-920697D1330B: receive client request(RaftClientRequest:client-724C4A5E1E78->s2@group-920697D1330B, cid=125, seq=17, RW, Message:494e4352454d454e54)
2025-09-29 07:14:58,558 [grpc-default-executor-18] DEBUG server.RaftServer$Division (RaftServerImpl.java:logAppendEntries(1536)) - s0@group-920697D1330B: appendEntries* s2->s0#38-t1,previous=(t:1, i:22),leaderCommit=21,initializing? false,entries: size=2, first=(t:1, i:23), STATEMACHINELOGENTRY, StateMachineLogEntryProto:122@client-724C4A5E1E78
2025-09-29 07:14:58,558 [s2-client-thread1] DEBUG server.RaftServer$Division (LeaderStateImpl.java:addPendingRequest(526)) - s2@group-920697D1330B-LeaderStateImpl: addPendingRequest at RaftClientRequest:client-724C4A5E1E78->s2@group-920697D1330B, cid=125, seq=17, RW, Message:494e4352454d454e54, entry=(t:1, i:27), STATEMACHINELOGENTRY, WRITE: logData.size=9, stateMachineData.size=0, logEntryProtoSerializedSize=0
2025-09-29 07:14:58,559 [s1-server-thread2] DEBUG server.RaftServer$Division (RaftServerImpl.java:logAppendEntries(1536)) - s1@group-920697D1330B: appendEntries* reply s2<-s1#42:OK-t1,SUCCESS,nextIndex=26,followerCommit=21,matchIndex=25
2025-09-29 07:14:58,559 [grpc-default-executor-18] DEBUG server.RaftServer$Division (RaftServerImpl.java:logAppendEntries(1536)) - s0@group-920697D1330B: appendEntries* s2->s0#39-t1,previous=(t:1, i:24),leaderCommit=22,initializing? false,entries: size=2, first=(t:1, i:25), STATEMACHINELOGENTRY, StateMachineLogEntryProto:124@client-724C4A5E1E78
2025-09-29 07:14:58,559 [s2-client-thread1] DEBUG server.RaftServer$Division (RaftServerImpl.java:submitClientRequestAsync(939)) - s2@group-920697D1330B: receive client request(RaftClientRequest:client-724C4A5E1E78->s2@group-920697D1330B, cid=126, seq=18, RW, Message:494e4352454d454e54)
2025-09-29 07:14:58,559 [s2-client-thread1] DEBUG server.RaftServer$Division (LeaderStateImpl.java:addPendingRequest(526)) - s2@group-920697D1330B-LeaderStateImpl: addPendingRequest at RaftClientRequest:client-724C4A5E1E78->s2@group-920697D1330B, cid=126, seq=18, RW, Message:494e4352454d454e54, entry=(t:1, i:28), STATEMACHINELOGENTRY, WRITE: logData.size=9, stateMachineData.size=0, logEntryProtoSerializedSize=0
2025-09-29 07:14:58,560 [grpc-default-executor-15] DEBUG server.RaftServer$Division (RaftServerImpl.java:logAppendEntries(1536)) - s1@group-920697D1330B: appendEntries* s2->s1#43-t1,previous=(t:1, i:25),leaderCommit=22,initializing? false,entries: size=1, first=(t:1, i:26), METADATAENTRY(c:22)
2025-09-29 07:14:58,560 [s2@group-920697D1330B-StateMachineUpdater] INFO  statemachine.StateMachine (ReadOnlyRequestTests.java:applyTransaction(375)) - receive command: INCREMENT
2025-09-29 07:14:58,560 [s2@group-920697D1330B-StateMachineUpdater] INFO  statemachine.StateMachine (ReadOnlyRequestTests.java:applyTransaction(375)) - receive command: INCREMENT
2025-09-29 07:14:58,560 [s1-server-thread3] DEBUG server.RaftServer$Division (RaftServerImpl.java:logAppendEntries(1536)) - s1@group-920697D1330B: appendEntries* reply s2<-s1#43:OK-t1,SUCCESS,nextIndex=27,followerCommit=22,matchIndex=26
2025-09-29 07:14:58,561 [s1@group-920697D1330B-StateMachineUpdater] INFO  statemachine.StateMachine (ReadOnlyRequestTests.java:applyTransaction(375)) - receive command: INCREMENT
2025-09-29 07:14:58,561 [grpc-default-executor-18] DEBUG server.RaftServer$Division (RaftServerImpl.java:logAppendEntries(1536)) - s0@group-920697D1330B: appendEntries* s2->s0#40-t1,previous=(t:1, i:26),leaderCommit=22,initializing? false,entries: size=1, first=(t:1, i:27), STATEMACHINELOGENTRY, StateMachineLogEntryProto:125@client-724C4A5E1E78
2025-09-29 07:14:58,561 [s2@group-920697D1330B-StateMachineUpdater] INFO  statemachine.StateMachine (ReadOnlyRequestTests.java:applyTransaction(375)) - receive command: INCREMENT
2025-09-29 07:14:58,561 [s2-client-thread1] DEBUG server.RaftServer$Division (RaftServerImpl.java:submitClientRequestAsync(939)) - s2@group-920697D1330B: receive client request(RaftClientRequest:client-724C4A5E1E78->s2@group-920697D1330B, cid=127, seq=19, RW, Message:494e4352454d454e54)
2025-09-29 07:14:58,562 [s2-client-thread1] DEBUG server.RaftServer$Division (LeaderStateImpl.java:addPendingRequest(526)) - s2@group-920697D1330B-LeaderStateImpl: addPendingRequest at RaftClientRequest:client-724C4A5E1E78->s2@group-920697D1330B, cid=127, seq=19, RW, Message:494e4352454d454e54, entry=(t:1, i:31), STATEMACHINELOGENTRY, WRITE: logData.size=9, stateMachineData.size=0, logEntryProtoSerializedSize=0
2025-09-29 07:14:58,562 [grpc-default-executor-18] DEBUG server.RaftServer$Division (RaftServerImpl.java:logAppendEntries(1536)) - s1@group-920697D1330B: appendEntries* s2->s1#44-t1,previous=(t:1, i:26),leaderCommit=22,initializing? false,entries: size=1, first=(t:1, i:27), STATEMACHINELOGENTRY, StateMachineLogEntryProto:125@client-724C4A5E1E78
2025-09-29 07:14:58,563 [s2-client-thread1] DEBUG server.RaftServer$Division (RaftServerImpl.java:submitClientRequestAsync(939)) - s2@group-920697D1330B: receive client request(RaftClientRequest:client-724C4A5E1E78->s2@group-920697D1330B, cid=128, seq=20, RW, Message:494e4352454d454e54)
2025-09-29 07:14:58,564 [s2-client-thread1] DEBUG server.RaftServer$Division (LeaderStateImpl.java:addPendingRequest(526)) - s2@group-920697D1330B-LeaderStateImpl: addPendingRequest at RaftClientRequest:client-724C4A5E1E78->s2@group-920697D1330B, cid=128, seq=20, RW, Message:494e4352454d454e54, entry=(t:1, i:32), STATEMACHINELOGENTRY, WRITE: logData.size=9, stateMachineData.size=0, logEntryProtoSerializedSize=0
2025-09-29 07:14:58,564 [s1-server-thread3] DEBUG server.RaftServer$Division (RaftServerImpl.java:logAppendEntries(1536)) - s1@group-920697D1330B: appendEntries* reply s2<-s1#44:OK-t1,SUCCESS,nextIndex=28,followerCommit=22,matchIndex=27
2025-09-29 07:14:58,564 [s0-server-thread1] DEBUG server.RaftServer$Division (RaftServerImpl.java:logAppendEntries(1536)) - s0@group-920697D1330B: appendEntries* reply s2<-s0#38:OK-t1,SUCCESS,nextIndex=25,followerCommit=21,matchIndex=24
2025-09-29 07:14:58,564 [s2-client-thread1] DEBUG server.RaftServer$Division (RaftServerImpl.java:submitClientRequestAsync(939)) - s2@group-920697D1330B: receive client request(RaftClientRequest:client-724C4A5E1E78->s2@group-920697D1330B, cid=129, seq=21, RW, Message:494e4352454d454e54)
2025-09-29 07:14:58,565 [s2-client-thread1] DEBUG server.RaftServer$Division (LeaderStateImpl.java:addPendingRequest(526)) - s2@group-920697D1330B-LeaderStateImpl: addPendingRequest at RaftClientRequest:client-724C4A5E1E78->s2@group-920697D1330B, cid=129, seq=21, RW, Message:494e4352454d454e54, entry=(t:1, i:33), STATEMACHINELOGENTRY, WRITE: logData.size=9, stateMachineData.size=0, logEntryProtoSerializedSize=0
2025-09-29 07:14:58,565 [s2@group-920697D1330B-StateMachineUpdater] INFO  statemachine.StateMachine (ReadOnlyRequestTests.java:applyTransaction(375)) - receive command: INCREMENT
2025-09-29 07:14:58,566 [grpc-default-executor-3] DEBUG server.RaftServer$Division (RaftServerImpl.java:logAppendEntries(1536)) - s0@group-920697D1330B: appendEntries* s2->s0#41-t1,previous=(t:1, i:27),leaderCommit=25,initializing? false,entries: size=3, first=(t:1, i:28), STATEMACHINELOGENTRY, StateMachineLogEntryProto:126@client-724C4A5E1E78
2025-09-29 07:14:58,566 [s2-client-thread1] DEBUG server.RaftServer$Division (RaftServerImpl.java:submitClientRequestAsync(939)) - s2@group-920697D1330B: receive client request(RaftClientRequest:client-724C4A5E1E78->s2@group-920697D1330B, cid=130, seq=22, RW, Message:494e4352454d454e54)
2025-09-29 07:14:58,566 [grpc-default-executor-15] DEBUG server.RaftServer$Division (RaftServerImpl.java:logAppendEntries(1536)) - s1@group-920697D1330B: appendEntries* s2->s1#45-t1,previous=(t:1, i:27),leaderCommit=26,initializing? false,entries: size=4, first=(t:1, i:28), STATEMACHINELOGENTRY, StateMachineLogEntryProto:126@client-724C4A5E1E78
2025-09-29 07:14:58,566 [s2-client-thread1] DEBUG server.RaftServer$Division (LeaderStateImpl.java:addPendingRequest(526)) - s2@group-920697D1330B-LeaderStateImpl: addPendingRequest at RaftClientRequest:client-724C4A5E1E78->s2@group-920697D1330B, cid=130, seq=22, RW, Message:494e4352454d454e54, entry=(t:1, i:35), STATEMACHINELOGENTRY, WRITE: logData.size=9, stateMachineData.size=0, logEntryProtoSerializedSize=0
2025-09-29 07:14:58,566 [s0-server-thread1] DEBUG server.RaftServer$Division (RaftServerImpl.java:logAppendEntries(1536)) - s0@group-920697D1330B: appendEntries* reply s2<-s0#39:OK-t1,SUCCESS,nextIndex=27,followerCommit=22,matchIndex=26
2025-09-29 07:14:58,567 [s0-server-thread2] DEBUG server.RaftServer$Division (RaftServerImpl.java:logAppendEntries(1536)) - s0@group-920697D1330B: appendEntries* reply s2<-s0#40:OK-t1,SUCCESS,nextIndex=28,followerCommit=22,matchIndex=27
2025-09-29 07:14:58,567 [grpc-default-executor-18] DEBUG server.RaftServer$Division (RaftServerImpl.java:logAppendEntries(1536)) - s0@group-920697D1330B: appendEntries* s2->s0#42-t1,previous=(t:1, i:30),leaderCommit=26,initializing? false,entries: size=2, first=(t:1, i:31), STATEMACHINELOGENTRY, StateMachineLogEntryProto:127@client-724C4A5E1E78
2025-09-29 07:14:58,567 [s0@group-920697D1330B-StateMachineUpdater] INFO  statemachine.StateMachine (ReadOnlyRequestTests.java:applyTransaction(375)) - receive command: INCREMENT
2025-09-29 07:14:58,568 [grpc-default-executor-10] DEBUG server.RaftServer$Division (RaftServerImpl.java:logAppendEntries(1536)) - s1@group-920697D1330B: appendEntries* s2->s1#46-t1,previous=(t:1, i:31),leaderCommit=27,initializing? false,entries: size=3, first=(t:1, i:32), STATEMACHINELOGENTRY, StateMachineLogEntryProto:128@client-724C4A5E1E78
2025-09-29 07:14:58,568 [s1-server-thread3] DEBUG server.RaftServer$Division (RaftServerImpl.java:logAppendEntries(1536)) - s1@group-920697D1330B: appendEntries* reply s2<-s1#45:OK-t1,SUCCESS,nextIndex=32,followerCommit=26,matchIndex=31
2025-09-29 07:14:58,569 [s2-client-thread2] DEBUG server.RaftServer$Division (RaftServerImpl.java:submitClientRequestAsync(939)) - s2@group-920697D1330B: receive client request(RaftClientRequest:client-724C4A5E1E78->s2@group-920697D1330B, cid=131, seq=23, RW, Message:494e4352454d454e54)
2025-09-29 07:14:58,569 [s0@group-920697D1330B-StateMachineUpdater] INFO  statemachine.StateMachine (ReadOnlyRequestTests.java:applyTransaction(375)) - receive command: INCREMENT
2025-09-29 07:14:58,569 [s1-server-thread2] DEBUG server.RaftServer$Division (RaftServerImpl.java:logAppendEntries(1536)) - s1@group-920697D1330B: appendEntries* reply s2<-s1#46:OK-t1,SUCCESS,nextIndex=35,followerCommit=27,matchIndex=34
2025-09-29 07:14:58,569 [grpc-default-executor-3] DEBUG server.RaftServer$Division (RaftServerImpl.java:logAppendEntries(1536)) - s1@group-920697D1330B: appendEntries* s2->s1#47-t1,previous=(t:1, i:34),leaderCommit=27,initializing? false,entries: size=1, first=(t:1, i:35), STATEMACHINELOGENTRY, StateMachineLogEntryProto:130@client-724C4A5E1E78
2025-09-29 07:14:58,569 [s0-server-thread3] DEBUG server.RaftServer$Division (RaftServerImpl.java:logAppendEntries(1536)) - s0@group-920697D1330B: appendEntries* reply s2<-s0#41:OK-t1,SUCCESS,nextIndex=31,followerCommit=25,matchIndex=30
2025-09-29 07:14:58,570 [s0-server-thread2] DEBUG server.RaftServer$Division (RaftServerImpl.java:logAppendEntries(1536)) - s0@group-920697D1330B: appendEntries* reply s2<-s0#42:OK-t1,SUCCESS,nextIndex=33,followerCommit=26,matchIndex=32
2025-09-29 07:14:58,570 [s1@group-920697D1330B-StateMachineUpdater] INFO  statemachine.StateMachine (ReadOnlyRequestTests.java:applyTransaction(375)) - receive command: INCREMENT
2025-09-29 07:14:58,571 [s1-server-thread2] DEBUG server.RaftServer$Division (RaftServerImpl.java:logAppendEntries(1536)) - s1@group-920697D1330B: appendEntries* reply s2<-s1#47:OK-t1,SUCCESS,nextIndex=36,followerCommit=27,matchIndex=35
2025-09-29 07:14:58,570 [s2-client-thread2] DEBUG server.RaftServer$Division (LeaderStateImpl.java:addPendingRequest(526)) - s2@group-920697D1330B-LeaderStateImpl: addPendingRequest at RaftClientRequest:client-724C4A5E1E78->s2@group-920697D1330B, cid=131, seq=23, RW, Message:494e4352454d454e54, entry=(t:1, i:36), STATEMACHINELOGENTRY, WRITE: logData.size=9, stateMachineData.size=0, logEntryProtoSerializedSize=0
2025-09-29 07:14:58,572 [s2@group-920697D1330B-StateMachineUpdater] INFO  statemachine.StateMachine (ReadOnlyRequestTests.java:applyTransaction(375)) - receive command: INCREMENT
2025-09-29 07:14:58,572 [s2@group-920697D1330B-StateMachineUpdater] INFO  statemachine.StateMachine (ReadOnlyRequestTests.java:applyTransaction(375)) - receive command: INCREMENT
2025-09-29 07:14:58,572 [s0@group-920697D1330B-StateMachineUpdater] INFO  statemachine.StateMachine (ReadOnlyRequestTests.java:applyTransaction(375)) - receive command: INCREMENT
2025-09-29 07:14:58,572 [s0@group-920697D1330B-StateMachineUpdater] INFO  statemachine.StateMachine (ReadOnlyRequestTests.java:applyTransaction(375)) - receive command: INCREMENT
2025-09-29 07:14:58,570 [grpc-default-executor-10] DEBUG server.RaftServer$Division (RaftServerImpl.java:logAppendEntries(1536)) - s0@group-920697D1330B: appendEntries* s2->s0#43-t1,previous=(t:1, i:32),leaderCommit=27,initializing? false,entries: size=3, first=(t:1, i:33), STATEMACHINELOGENTRY, StateMachineLogEntryProto:129@client-724C4A5E1E78
2025-09-29 07:14:58,573 [grpc-default-executor-10] DEBUG server.RaftServer$Division (RaftServerImpl.java:logAppendEntries(1536)) - s0@group-920697D1330B: appendEntries* s2->s0#44-t1,previous=(t:1, i:35),leaderCommit=27,initializing? false,entries: size=1, first=(t:1, i:36), STATEMACHINELOGENTRY, StateMachineLogEntryProto:131@client-724C4A5E1E78
2025-09-29 07:14:58,571 [s1@group-920697D1330B-StateMachineUpdater] INFO  statemachine.StateMachine (ReadOnlyRequestTests.java:applyTransaction(375)) - receive command: INCREMENT
2025-09-29 07:14:58,574 [s1@group-920697D1330B-StateMachineUpdater] INFO  statemachine.StateMachine (ReadOnlyRequestTests.java:applyTransaction(375)) - receive command: INCREMENT
2025-09-29 07:14:58,574 [grpc-default-executor-18] DEBUG server.RaftServer$Division (RaftServerImpl.java:logAppendEntries(1536)) - s1@group-920697D1330B: appendEntries* s2->s1#48-t1,previous=(t:1, i:35),leaderCommit=27,initializing? false,entries: size=1, first=(t:1, i:36), STATEMACHINELOGENTRY, StateMachineLogEntryProto:131@client-724C4A5E1E78
2025-09-29 07:14:58,574 [s1@group-920697D1330B-StateMachineUpdater] INFO  statemachine.StateMachine (ReadOnlyRequestTests.java:applyTransaction(375)) - receive command: INCREMENT
2025-09-29 07:14:58,574 [s2-client-thread2] DEBUG server.RaftServer$Division (RaftServerImpl.java:submitClientRequestAsync(939)) - s2@group-920697D1330B: receive client request(RaftClientRequest:client-724C4A5E1E78->s2@group-920697D1330B, cid=132, seq=24, RO, Message:5155455259)
2025-09-29 07:14:58,575 [s2-client-thread2] DEBUG server.RaftServer$Division (LeaderStateImpl.java:getReadIndex(1147)) - readIndex=35, readAfterWriteConsistentIndex=null
2025-09-29 07:14:58,575 [grpc-default-executor-18] DEBUG server.RaftServer$Division (RaftServerImpl.java:logAppendEntries(1536)) - s0@group-920697D1330B: appendEntries* s2->s0#45-t1,previous=(t:1, i:36),leaderCommit=31,initializing? false,entries: size=1, first=(t:1, i:37), METADATAENTRY(c:31)
2025-09-29 07:14:58,575 [grpc-default-executor-10] DEBUG server.RaftServer$Division (RaftServerImpl.java:logAppendEntries(1536)) - s1@group-920697D1330B: appendEntries* s2->s1#50-t1,previous=(t:1, i:36),leaderCommit=31,initializing? false,entries: size=1, first=(t:1, i:37), METADATAENTRY(c:31)
2025-09-29 07:14:58,575 [s2@group-920697D1330B-StateMachineUpdater] INFO  statemachine.StateMachine (ReadOnlyRequestTests.java:applyTransaction(375)) - receive command: INCREMENT
2025-09-29 07:14:58,576 [s2-client-thread2] DEBUG server.RaftServer$Division (RaftServerImpl.java:submitClientRequestAsync(939)) - s2@group-920697D1330B: receive client request(RaftClientRequest:client-724C4A5E1E78->s2@group-920697D1330B, cid=133, seq=25, RaW, Message:5155455259)
2025-09-29 07:14:58,576 [s2-client-thread2] DEBUG server.RaftServer$Division (LeaderStateImpl.java:getReadIndex(1147)) - readIndex=33, readAfterWriteConsistentIndex=33
2025-09-29 07:14:58,576 [grpc-default-executor-18] DEBUG server.RaftServer$Division (RaftServerImpl.java:logAppendEntries(1536)) - s0@group-920697D1330B: appendEntries* s2->s0#47-t1,previous=(t:1, i:37),leaderCommit=35,initializing? false,entries: size=2, first=(t:1, i:38), METADATAENTRY(c:33)
2025-09-29 07:14:58,576 [s2@group-920697D1330B-StateMachineUpdater] INFO  statemachine.StateMachine (ReadOnlyRequestTests.java:applyTransaction(375)) - receive command: INCREMENT
2025-09-29 07:14:58,576 [s2@group-920697D1330B-StateMachineUpdater] INFO  statemachine.StateMachine (ReadOnlyRequestTests.java:applyTransaction(375)) - receive command: INCREMENT
2025-09-29 07:14:58,577 [grpc-default-executor-18] DEBUG server.RaftServer$Division (RaftServerImpl.java:logAppendEntries(1536)) - s1@group-920697D1330B: appendEntries* s2->s1#52-t1,previous=(t:1, i:37),leaderCommit=35,initializing? false,entries: size=2, first=(t:1, i:38), METADATAENTRY(c:33)
2025-09-29 07:14:58,578 [s1-server-thread2] DEBUG server.RaftServer$Division (RaftServerImpl.java:logAppendEntries(1536)) - s1@group-920697D1330B: appendEntries* reply s2<-s1#48:OK-t1,SUCCESS,nextIndex=37,followerCommit=27,matchIndex=36
2025-09-29 07:14:58,578 [s0-server-thread1] DEBUG server.RaftServer$Division (RaftServerImpl.java:logAppendEntries(1536)) - s0@group-920697D1330B: appendEntries* reply s2<-s0#45:OK-t1,SUCCESS,nextIndex=38,followerCommit=31,matchIndex=37
2025-09-29 07:14:58,578 [s0-server-thread2] DEBUG server.RaftServer$Division (RaftServerImpl.java:logAppendEntries(1536)) - s0@group-920697D1330B: appendEntries* reply s2<-s0#43:OK-t1,SUCCESS,nextIndex=36,followerCommit=27,matchIndex=35
2025-09-29 07:14:58,579 [s1-server-thread2] DEBUG server.RaftServer$Division (RaftServerImpl.java:logAppendEntries(1536)) - s1@group-920697D1330B: appendEntries* reply s2<-s1#50:OK-t1,SUCCESS,nextIndex=38,followerCommit=31,matchIndex=37
2025-09-29 07:14:58,579 [s1-server-thread2] DEBUG server.RaftServer$Division (RaftServerImpl.java:logAppendEntries(1536)) - s1@group-920697D1330B: appendEntries* reply s2<-s1#52:OK-t1,SUCCESS,nextIndex=40,followerCommit=35,matchIndex=39
2025-09-29 07:14:58,579 [s0-server-thread4] DEBUG server.RaftServer$Division (RaftServerImpl.java:logAppendEntries(1536)) - s0@group-920697D1330B: appendEntries* reply s2<-s0#47:OK-t1,SUCCESS,nextIndex=40,followerCommit=35,matchIndex=39
2025-09-29 07:14:58,580 [s1@group-920697D1330B-StateMachineUpdater] INFO  statemachine.StateMachine (ReadOnlyRequestTests.java:applyTransaction(375)) - receive command: INCREMENT
2025-09-29 07:14:58,580 [s1@group-920697D1330B-StateMachineUpdater] INFO  statemachine.StateMachine (ReadOnlyRequestTests.java:applyTransaction(375)) - receive command: INCREMENT
2025-09-29 07:14:58,580 [s1@group-920697D1330B-StateMachineUpdater] INFO  statemachine.StateMachine (ReadOnlyRequestTests.java:applyTransaction(375)) - receive command: INCREMENT
2025-09-29 07:14:58,580 [s1@group-920697D1330B-StateMachineUpdater] INFO  statemachine.StateMachine (ReadOnlyRequestTests.java:applyTransaction(375)) - receive command: INCREMENT
2025-09-29 07:14:58,580 [s0-server-thread3] DEBUG server.RaftServer$Division (RaftServerImpl.java:logAppendEntries(1536)) - s0@group-920697D1330B: appendEntries* reply s2<-s0#44:OK-t1,SUCCESS,nextIndex=37,followerCommit=35,matchIndex=36
2025-09-29 07:14:58,581 [s0@group-920697D1330B-StateMachineUpdater] INFO  statemachine.StateMachine (ReadOnlyRequestTests.java:applyTransaction(375)) - receive command: INCREMENT
2025-09-29 07:14:58,581 [s0@group-920697D1330B-StateMachineUpdater] INFO  statemachine.StateMachine (ReadOnlyRequestTests.java:applyTransaction(375)) - receive command: INCREMENT
2025-09-29 07:14:58,581 [s0@group-920697D1330B-StateMachineUpdater] INFO  statemachine.StateMachine (ReadOnlyRequestTests.java:applyTransaction(375)) - receive command: INCREMENT
2025-09-29 07:14:58,581 [s0@group-920697D1330B-StateMachineUpdater] INFO  statemachine.StateMachine (ReadOnlyRequestTests.java:applyTransaction(375)) - receive command: INCREMENT
2025-09-29 07:14:58,582 [s0@group-920697D1330B-StateMachineUpdater] INFO  statemachine.StateMachine (ReadOnlyRequestTests.java:applyTransaction(375)) - receive command: INCREMENT
2025-09-29 07:14:58,582 [grpc-default-executor-18] DEBUG server.RaftServer$Division (RaftServerImpl.java:logAppendEntries(1536)) - s0@group-920697D1330B: appendEntries* s2->s0#49-t1,previous=(t:1, i:39),leaderCommit=36,initializing? false,entries: size=1, first=(t:1, i:40), METADATAENTRY(c:36)
2025-09-29 07:14:58,582 [s0-server-thread3] DEBUG server.RaftServer$Division (RaftServerImpl.java:logAppendEntries(1536)) - s0@group-920697D1330B: appendEntries* reply s2<-s0#49:OK-t1,SUCCESS,nextIndex=41,followerCommit=36,matchIndex=40
2025-09-29 07:14:58,583 [s2@group-920697D1330B-StateMachineUpdater] INFO  statemachine.StateMachine (ReadOnlyRequestTests.java:applyTransaction(375)) - receive command: INCREMENT
2025-09-29 07:14:58,583 [grpc-default-executor-18] DEBUG server.RaftServer$Division (RaftServerImpl.java:logAppendEntries(1536)) - s1@group-920697D1330B: appendEntries* s2->s1#54-t1,previous=(t:1, i:39),leaderCommit=39,initializing? false,entries: size=1, first=(t:1, i:40), METADATAENTRY(c:36)
2025-09-29 07:14:58,581 [s1@group-920697D1330B-StateMachineUpdater] INFO  statemachine.StateMachine (ReadOnlyRequestTests.java:applyTransaction(375)) - receive command: INCREMENT
2025-09-29 07:14:58,582 [s0@group-920697D1330B-StateMachineUpdater] INFO  statemachine.StateMachine (ReadOnlyRequestTests.java:applyTransaction(375)) - receive command: INCREMENT
2025-09-29 07:14:58,584 [s1-server-thread3] DEBUG server.RaftServer$Division (RaftServerImpl.java:logAppendEntries(1536)) - s1@group-920697D1330B: appendEntries* reply s2<-s1#54:OK-t1,SUCCESS,nextIndex=41,followerCommit=39,matchIndex=40
2025-09-29 07:14:58,584 [s0@group-920697D1330B-StateMachineUpdater] INFO  statemachine.StateMachine (ReadOnlyRequestTests.java:applyTransaction(375)) - receive command: INCREMENT
2025-09-29 07:14:58,584 [s1@group-920697D1330B-StateMachineUpdater] INFO  statemachine.StateMachine (ReadOnlyRequestTests.java:applyTransaction(375)) - receive command: INCREMENT
2025-09-29 07:14:58,589 [main] INFO  impl.MiniRaftCluster (MiniRaftCluster.java:shutdown(824)) - ************************************************************** 
2025-09-29 07:14:58,589 [main] INFO  impl.MiniRaftCluster (MiniRaftCluster.java:shutdown(825)) - *** 
2025-09-29 07:14:58,589 [main] INFO  impl.MiniRaftCluster (MiniRaftCluster.java:shutdown(826)) - ***     Stopping MiniRaftClusterWithGrpc
2025-09-29 07:14:58,589 [main] INFO  impl.MiniRaftCluster (MiniRaftCluster.java:shutdown(827)) - *** 
2025-09-29 07:14:58,589 [main] INFO  impl.MiniRaftCluster (MiniRaftCluster.java:shutdown(828)) - ************************************************************** 
2025-09-29 07:14:58,589 [main] INFO  impl.MiniRaftCluster (MiniRaftCluster.java:shutdown(829)) - printing ALL groups
  s0:  RUNNING  FOLLOWER (RUNNING): s0@group-920697D1330B:t1, leader=s2, voted=s2, raftlog=Memoized:s0@group-920697D1330B-SegmentedRaftLog:OPENED:c36:last(t:1, i:40), conf=conf: {index: 0, cur=peers:[s0|localhost:15108, s1|localhost:15112, s2|localhost:15116]|listeners:[], old=null}
  s1:  RUNNING  FOLLOWER (RUNNING): s1@group-920697D1330B:t1, leader=s2, voted=s2, raftlog=Memoized:s1@group-920697D1330B-SegmentedRaftLog:OPENED:c39:last(t:1, i:40), conf=conf: {index: 0, cur=peers:[s0|localhost:15108, s1|localhost:15112, s2|localhost:15116]|listeners:[], old=null}
  s2:  RUNNING    LEADER (RUNNING): s2@group-920697D1330B:t1, leader=s2, voted=s2, raftlog=Memoized:s2@group-920697D1330B-SegmentedRaftLog:OPENED:c40:last(t:1, i:40), conf=conf: {index: 0, cur=peers:[s0|localhost:15108, s1|localhost:15112, s2|localhost:15116]|listeners:[], old=null}
2025-09-29 07:14:58,590 [MiniRaftCluster-52] INFO  server.RaftServer (RaftServerProxy.java:lambda$close$9(425)) - s0: close
2025-09-29 07:14:58,590 [MiniRaftCluster-53] INFO  server.RaftServer (RaftServerProxy.java:lambda$close$9(425)) - s1: close
2025-09-29 07:14:58,591 [MiniRaftCluster-52] INFO  server.GrpcServicesImpl (GrpcServicesImpl.java:closeImpl(347)) - s0: shutdown server org.apache.ratis.grpc.server.GrpcClientProtocolService now
2025-09-29 07:14:58,590 [MiniRaftCluster-54] INFO  server.RaftServer (RaftServerProxy.java:lambda$close$9(425)) - s2: close
2025-09-29 07:14:58,591 [s0-impl-thread1] INFO  server.RaftServer$Division (RaftServerImpl.java:lambda$close$1(527)) - s0@group-920697D1330B: shutdown
2025-09-29 07:14:58,591 [s0-impl-thread1] INFO  util.JmxRegister (JmxRegister.java:unregister(74)) - Successfully un-registered JMX Bean with object name Ratis:service=RaftServer,group=group-920697D1330B,id=s0
2025-09-29 07:14:58,592 [s0-impl-thread1] INFO  impl.RoleInfo (RoleInfo.java:shutdownFollowerState(121)) - s0: shutdown s0@group-920697D1330B-FollowerState
2025-09-29 07:14:58,592 [s0-impl-thread1] INFO  impl.StateMachineUpdater (StateMachineUpdater.java:stopAndJoin(163)) - s0@group-920697D1330B-StateMachineUpdater: set stopIndex = 36
2025-09-29 07:14:58,592 [MiniRaftCluster-53] INFO  server.GrpcServicesImpl (GrpcServicesImpl.java:closeImpl(347)) - s1: shutdown server org.apache.ratis.grpc.server.GrpcClientProtocolService now
2025-09-29 07:14:58,592 [s0@group-920697D1330B-StateMachineUpdater] INFO  impl.StateMachineUpdater (StateMachineUpdater.java:stop(140)) - s0@group-920697D1330B-StateMachineUpdater: closing CounterStateMachine, lastApplied=(t:1, i:36)
2025-09-29 07:14:58,592 [s1-impl-thread1] INFO  server.RaftServer$Division (RaftServerImpl.java:lambda$close$1(527)) - s1@group-920697D1330B: shutdown
2025-09-29 07:14:58,592 [s1-impl-thread1] INFO  util.JmxRegister (JmxRegister.java:unregister(74)) - Successfully un-registered JMX Bean with object name Ratis:service=RaftServer,group=group-920697D1330B,id=s1
2025-09-29 07:14:58,592 [s1-impl-thread1] INFO  impl.RoleInfo (RoleInfo.java:shutdownFollowerState(121)) - s1: shutdown s1@group-920697D1330B-FollowerState
2025-09-29 07:14:58,592 [s0@group-920697D1330B-cacheEviction-AwaitToRun] INFO  util.AwaitToRun (AwaitToRun.java:run(49)) - s0@group-920697D1330B-cacheEviction-AwaitToRun-AwaitForSignal is interrupted
2025-09-29 07:14:58,592 [s0@group-920697D1330B-FollowerState] INFO  impl.FollowerState (FollowerState.java:runImpl(170)) - s0@group-920697D1330B-FollowerState was interrupted
2025-09-29 07:14:58,593 [s1-impl-thread1] INFO  impl.StateMachineUpdater (StateMachineUpdater.java:stopAndJoin(163)) - s1@group-920697D1330B-StateMachineUpdater: set stopIndex = 39
2025-09-29 07:14:58,593 [s1@group-920697D1330B-StateMachineUpdater] INFO  impl.StateMachineUpdater (StateMachineUpdater.java:stop(140)) - s1@group-920697D1330B-StateMachineUpdater: closing CounterStateMachine, lastApplied=(t:1, i:39)
2025-09-29 07:14:58,593 [Thread-663] INFO  server.GrpcServerProtocolClient (GrpcServerProtocolClient.java:close(94)) - s1 Close channels
2025-09-29 07:14:58,594 [Thread-664] INFO  server.GrpcServerProtocolClient (GrpcServerProtocolClient.java:close(94)) - s2 Close channels
2025-09-29 07:14:58,593 [s1@group-920697D1330B-FollowerState] INFO  impl.FollowerState (FollowerState.java:runImpl(170)) - s1@group-920697D1330B-FollowerState was interrupted
2025-09-29 07:14:58,595 [Thread-662] INFO  server.GrpcServerProtocolClient (GrpcServerProtocolClient.java:close(94)) - s0 Close channels
2025-09-29 07:14:58,595 [MiniRaftCluster-54] INFO  server.GrpcServicesImpl (GrpcServicesImpl.java:closeImpl(347)) - s2: shutdown server org.apache.ratis.grpc.server.GrpcClientProtocolService now
2025-09-29 07:14:58,595 [Thread-666] INFO  server.GrpcServerProtocolClient (GrpcServerProtocolClient.java:close(94)) - s2 Close channels
2025-09-29 07:14:58,595 [s2-impl-thread1] INFO  server.RaftServer$Division (RaftServerImpl.java:lambda$close$1(527)) - s2@group-920697D1330B: shutdown
2025-09-29 07:14:58,596 [s2-impl-thread1] INFO  util.JmxRegister (JmxRegister.java:unregister(74)) - Successfully un-registered JMX Bean with object name Ratis:service=RaftServer,group=group-920697D1330B,id=s2
2025-09-29 07:14:58,596 [s2-impl-thread1] INFO  impl.RoleInfo (RoleInfo.java:shutdownLeaderState(103)) - s2: shutdown s2@group-920697D1330B-LeaderStateImpl
2025-09-29 07:14:58,596 [Thread-667] INFO  server.GrpcServerProtocolClient (GrpcServerProtocolClient.java:close(94)) - s0 Close channels
2025-09-29 07:14:58,597 [Thread-668] INFO  server.GrpcServerProtocolClient (GrpcServerProtocolClient.java:close(94)) - s1 Close channels
2025-09-29 07:14:58,600 [s1@group-920697D1330B-cacheEviction-AwaitToRun] INFO  util.AwaitToRun (AwaitToRun.java:run(49)) - s1@group-920697D1330B-cacheEviction-AwaitToRun-AwaitForSignal is interrupted
2025-09-29 07:14:58,601 [MiniRaftCluster-53] INFO  server.GrpcServicesImpl (GrpcServicesImpl.java:closeImpl(356)) - s1: shutdown server org.apache.ratis.grpc.server.GrpcClientProtocolService successfully
2025-09-29 07:14:58,601 [MiniRaftCluster-53] INFO  server.GrpcServicesImpl (GrpcServicesImpl.java:closeImpl(347)) - s1: shutdown server GrpcServerProtocolService now
2025-09-29 07:14:58,605 [s2-impl-thread1] INFO  impl.PendingRequests (PendingRequests.java:sendNotLeaderResponses(281)) - s2@group-920697D1330B-PendingRequests: sendNotLeaderResponses
2025-09-29 07:14:58,605 [s2@group-920697D1330B->s1-GrpcLogAppender-LogAppenderDaemon] WARN  server.GrpcLogAppender (GrpcLogAppender.java:mayWait(300)) - s2@group-920697D1330B->s1-GrpcLogAppender: Wait interrupted by java.lang.InterruptedException
2025-09-29 07:14:58,605 [MiniRaftCluster-52] INFO  server.GrpcServicesImpl (GrpcServicesImpl.java:closeImpl(356)) - s0: shutdown server org.apache.ratis.grpc.server.GrpcClientProtocolService successfully
2025-09-29 07:14:58,606 [s2@group-920697D1330B->s0-GrpcLogAppender-LogAppenderDaemon] WARN  server.GrpcLogAppender (GrpcLogAppender.java:mayWait(300)) - s2@group-920697D1330B->s0-GrpcLogAppender: Wait interrupted by java.lang.InterruptedException
2025-09-29 07:14:58,607 [s2@group-920697D1330B-StateMachineUpdater] INFO  impl.StateMachineUpdater (StateMachineUpdater.java:stop(140)) - s2@group-920697D1330B-StateMachineUpdater: closing CounterStateMachine, lastApplied=(t:1, i:40)
2025-09-29 07:14:58,607 [s2-impl-thread1] INFO  impl.StateMachineUpdater (StateMachineUpdater.java:stopAndJoin(163)) - s2@group-920697D1330B-StateMachineUpdater: set stopIndex = 40
2025-09-29 07:14:58,608 [s2@group-920697D1330B-cacheEviction-AwaitToRun] INFO  util.AwaitToRun (AwaitToRun.java:run(49)) - s2@group-920697D1330B-cacheEviction-AwaitToRun-AwaitForSignal is interrupted
2025-09-29 07:14:58,608 [MiniRaftCluster-52] INFO  server.GrpcServicesImpl (GrpcServicesImpl.java:closeImpl(347)) - s0: shutdown server GrpcServerProtocolService now
2025-09-29 07:14:58,609 [grpc-default-executor-12] WARN  server.GrpcServerProtocolService (LogUtils.java:warn(127)) - s1: APPEND_ENTRIES onError, lastRequest: null: org.apache.ratis.thirdparty.io.grpc.StatusRuntimeException: CANCELLED: client cancelled
2025-09-29 07:14:58,609 [grpc-default-executor-18] WARN  server.GrpcServerProtocolService (LogUtils.java:warn(127)) - s1: APPEND_ENTRIES onError, lastRequest: s2->s1#54-t1,previous=(t:1, i:39),leaderCommit=39,initializing? false,entries: size=1, first=(t:1, i:40), METADATAENTRY(c:36): org.apache.ratis.thirdparty.io.grpc.StatusRuntimeException: CANCELLED: client cancelled
2025-09-29 07:14:58,610 [MiniRaftCluster-53] INFO  server.GrpcServicesImpl (GrpcServicesImpl.java:closeImpl(356)) - s1: shutdown server GrpcServerProtocolService successfully
2025-09-29 07:14:58,611 [MiniRaftCluster-53] INFO  server.GrpcServicesImpl (GrpcServicesImpl.java:closeImpl(347)) - s1: shutdown server org.apache.ratis.grpc.server.GrpcAdminProtocolService now
2025-09-29 07:14:58,610 [grpc-default-executor-15] INFO  server.GrpcLogAppender (GrpcLogAppender.java:onError(545)) - s2@group-920697D1330B->s1-GrpcLogAppender is already stopped
2025-09-29 07:14:58,611 [grpc-default-executor-12] WARN  server.GrpcServerProtocolService (LogUtils.java:warn(127)) - s0: APPEND_ENTRIES onError, lastRequest: s2->s0#49-t1,previous=(t:1, i:39),leaderCommit=36,initializing? false,entries: size=1, first=(t:1, i:40), METADATAENTRY(c:36): org.apache.ratis.thirdparty.io.grpc.StatusRuntimeException: CANCELLED: client cancelled
2025-09-29 07:14:58,612 [MiniRaftCluster-53] INFO  server.GrpcServicesImpl (GrpcServicesImpl.java:closeImpl(356)) - s1: shutdown server org.apache.ratis.grpc.server.GrpcAdminProtocolService successfully
2025-09-29 07:14:58,613 [grpc-default-executor-15] INFO  server.GrpcLogAppender (GrpcLogAppender.java:onError(545)) - s2@group-920697D1330B->s1-GrpcLogAppender is already stopped
2025-09-29 07:14:58,614 [grpc-default-executor-15] INFO  server.GrpcLogAppender (GrpcLogAppender.java:onError(545)) - s2@group-920697D1330B->s0-GrpcLogAppender is already stopped
2025-09-29 07:14:58,615 [grpc-default-executor-18] INFO  server.GrpcLogAppender (GrpcLogAppender.java:onError(545)) - s2@group-920697D1330B->s0-GrpcLogAppender is already stopped
2025-09-29 07:14:58,615 [MiniRaftCluster-52] INFO  server.GrpcServicesImpl (GrpcServicesImpl.java:closeImpl(356)) - s0: shutdown server GrpcServerProtocolService successfully
2025-09-29 07:14:58,615 [MiniRaftCluster-52] INFO  server.GrpcServicesImpl (GrpcServicesImpl.java:closeImpl(347)) - s0: shutdown server org.apache.ratis.grpc.server.GrpcAdminProtocolService now
2025-09-29 07:14:58,616 [MiniRaftCluster-54] INFO  server.GrpcServicesImpl (GrpcServicesImpl.java:closeImpl(356)) - s2: shutdown server org.apache.ratis.grpc.server.GrpcClientProtocolService successfully
2025-09-29 07:14:58,616 [MiniRaftCluster-54] INFO  server.GrpcServicesImpl (GrpcServicesImpl.java:closeImpl(347)) - s2: shutdown server GrpcServerProtocolService now
2025-09-29 07:14:58,616 [MiniRaftCluster-54] INFO  server.GrpcServicesImpl (GrpcServicesImpl.java:closeImpl(356)) - s2: shutdown server GrpcServerProtocolService successfully
2025-09-29 07:14:58,616 [MiniRaftCluster-54] INFO  server.GrpcServicesImpl (GrpcServicesImpl.java:closeImpl(347)) - s2: shutdown server org.apache.ratis.grpc.server.GrpcAdminProtocolService now
2025-09-29 07:14:58,616 [MiniRaftCluster-52] INFO  server.GrpcServicesImpl (GrpcServicesImpl.java:closeImpl(356)) - s0: shutdown server org.apache.ratis.grpc.server.GrpcAdminProtocolService successfully
2025-09-29 07:14:58,617 [MiniRaftCluster-54] INFO  server.GrpcServicesImpl (GrpcServicesImpl.java:closeImpl(356)) - s2: shutdown server org.apache.ratis.grpc.server.GrpcAdminProtocolService successfully
2025-09-29 07:14:59,584 [s2-impl-thread1] INFO  segmented.SegmentedRaftLogWorker (SegmentedRaftLogWorker.java:close(254)) - s2@group-920697D1330B-SegmentedRaftLogWorker close()
2025-09-29 07:14:59,584 [s0-impl-thread1] INFO  segmented.SegmentedRaftLogWorker (SegmentedRaftLogWorker.java:close(254)) - s0@group-920697D1330B-SegmentedRaftLogWorker close()
2025-09-29 07:14:59,586 [s1-impl-thread1] INFO  segmented.SegmentedRaftLogWorker (SegmentedRaftLogWorker.java:close(254)) - s1@group-920697D1330B-SegmentedRaftLogWorker close()
2025-09-29 07:14:59,586 [JvmPauseMonitor29] INFO  util.JvmPauseMonitor (JvmPauseMonitor.java:run(152)) - JvmPauseMonitor-s2: Stopped
2025-09-29 07:14:59,586 [JvmPauseMonitor27] INFO  util.JvmPauseMonitor (JvmPauseMonitor.java:run(152)) - JvmPauseMonitor-s0: Stopped
2025-09-29 07:14:59,586 [JvmPauseMonitor28] INFO  util.JvmPauseMonitor (JvmPauseMonitor.java:run(152)) - JvmPauseMonitor-s1: Stopped
2025-09-29 07:14:59,587 [main] INFO  impl.MiniRaftCluster (MiniRaftCluster.java:shutdown(848)) - MiniRaftClusterWithGrpc shutdown completed
]]></system-out>
  </testcase>
  <testcase name="testLinearizableRead" classname="org.apache.ratis.grpc.TestReadOnlyRequestWithGrpc" time="1.645">
    <system-out><![CDATA[2025-09-29 07:14:59,594 [main] INFO  util.LogUtils (Slf4jUtils.java:setLogLevel(38)) - Successfully set org.apache.ratis.conf.ConfUtils log level to WARN
2025-09-29 07:14:59,594 [main] INFO  util.LogUtils (Slf4jUtils.java:setLogLevel(38)) - Successfully set org.apache.ratis.util.FileUtils log level to TRACE
2025-09-29 07:14:59,594 [main] INFO  util.LogUtils (Slf4jUtils.java:setLogLevel(38)) - Successfully set org.apache.ratis.server.RaftServer$Division log level to DEBUG
2025-09-29 07:14:59,596 [main] INFO  impl.MiniRaftCluster (MiniRaftCluster.java:runWithNewCluster(136)) - Running runWithNewCluster
2025-09-29 07:14:59,597 [main] INFO  impl.MiniRaftCluster (MiniRaftCluster.java:<init>(296)) - new MiniRaftClusterWithGrpc with group-F1483FAED74E:[s0|localhost:15120, s1|localhost:15124, s2|localhost:15128]
2025-09-29 07:14:59,597 [main] INFO  impl.MiniRaftCluster (MiniRaftCluster.java:start(329)) - .............................................................. 
2025-09-29 07:14:59,597 [main] INFO  impl.MiniRaftCluster (MiniRaftCluster.java:start(330)) - ... 
2025-09-29 07:14:59,597 [main] INFO  impl.MiniRaftCluster (MiniRaftCluster.java:start(331)) - ...     Starting MiniRaftClusterWithGrpc
2025-09-29 07:14:59,597 [main] INFO  impl.MiniRaftCluster (MiniRaftCluster.java:start(332)) - ... 
2025-09-29 07:14:59,598 [main] INFO  impl.MiniRaftCluster (MiniRaftCluster.java:start(333)) - .............................................................. 
2025-09-29 07:14:59,598 [main] INFO  impl.MiniRaftCluster (MiniRaftCluster.java:initServers(308)) - servers = {}
2025-09-29 07:14:59,598 [main] INFO  impl.MiniRaftCluster (MiniRaftCluster.java:newRaftServer(375)) - newRaftServer: s0, group-F1483FAED74E:[s0|localhost:15120, s1|localhost:15124, s2|localhost:15128], format? true
2025-09-29 07:14:59,598 [main] TRACE util.FileUtils (FileUtils.java:deleteFully(355)) - deleteFully target/test/data/6b14e155/MiniRaftClusterWithGrpcf2401753/s0
2025-09-29 07:14:59,598 [main] TRACE util.FileUtils (FileUtils.java:deleteFully(368)) - deleteFully: target/test/data/6b14e155/MiniRaftClusterWithGrpcf2401753/s0 does not exist.
2025-09-29 07:14:59,598 [main] INFO  impl.MiniRaftCluster (MiniRaftCluster.java:newRaftServer(380)) - Formatted directory target/test/data/6b14e155/MiniRaftClusterWithGrpcf2401753/s0
2025-09-29 07:14:59,599 [main] INFO  server.RaftServer (VersionInfo.java:printStartupMessages(132)) - Starting Apache Ratis Test -- RaftServerProxy s0
2025-09-29 07:14:59,599 [main] INFO  server.RaftServer (VersionInfo.java:printStartupMessages(136)) -                version: 3.1.3
2025-09-29 07:14:59,600 [main] INFO  server.RaftServer (VersionInfo.java:printStartupMessages(136)) -                    url: https://github.com/apache/ratis
2025-09-29 07:14:59,600 [main] INFO  server.RaftServer (VersionInfo.java:printStartupMessages(136)) -               revision: d902c593e11de03b157527cf3ee9a12cdd9ad451
2025-09-29 07:14:59,600 [main] INFO  server.RaftServer (VersionInfo.java:printStartupMessages(139)) -                   java: OpenJDK 64-Bit Server VM 1.8.0_462-b08
2025-09-29 07:14:59,600 [main] INFO  server.RaftServer (VersionInfo.java:printStartupMessages(139)) -                   user: runner
2025-09-29 07:14:59,600 [main] INFO  grpc.GrpcConfigKeys (ConfUtils.java:logFallback(69)) - raft.grpc.admin.host = null (fallback to raft.grpc.server.host)
2025-09-29 07:14:59,601 [main] INFO  grpc.GrpcConfigKeys (ConfUtils.java:logGet(62)) - raft.grpc.admin.port = 15121 (custom)
2025-09-29 07:14:59,601 [main] INFO  grpc.GrpcConfigKeys (ConfUtils.java:logFallback(69)) - raft.grpc.client.host = null (fallback to raft.grpc.server.host)
2025-09-29 07:14:59,601 [main] INFO  grpc.GrpcConfigKeys (ConfUtils.java:logGet(62)) - raft.grpc.client.port = 15122 (custom)
2025-09-29 07:14:59,601 [main] INFO  grpc.GrpcConfigKeys (ConfUtils.java:logGet(62)) - raft.grpc.server.port = 15120 (custom)
2025-09-29 07:14:59,603 [main] INFO  server.RaftServerConfigKeys (ConfUtils.java:logGet(62)) - raft.server.storage.dir = [/home/runner/work/ratis/ratis/ratis-test/target/test/data/6b14e155/MiniRaftClusterWithGrpcf2401753/s0] (custom)
2025-09-29 07:14:59,604 [main] INFO  server.RaftServer (RaftServerProxy.java:addNew(106)) - s0: addNew group-F1483FAED74E:[s0|localhost:15120, s1|localhost:15124, s2|localhost:15128] returns group-F1483FAED74E:java.util.concurrent.CompletableFuture@18bc1064[Not completed]
2025-09-29 07:14:59,604 [main] INFO  impl.MiniRaftCluster (MiniRaftCluster.java:newRaftServer(375)) - newRaftServer: s1, group-F1483FAED74E:[s0|localhost:15120, s1|localhost:15124, s2|localhost:15128], format? true
2025-09-29 07:14:59,604 [main] TRACE util.FileUtils (FileUtils.java:deleteFully(355)) - deleteFully target/test/data/6b14e155/MiniRaftClusterWithGrpcf2401753/s1
2025-09-29 07:14:59,605 [main] TRACE util.FileUtils (FileUtils.java:deleteFully(368)) - deleteFully: target/test/data/6b14e155/MiniRaftClusterWithGrpcf2401753/s1 does not exist.
2025-09-29 07:14:59,605 [main] INFO  impl.MiniRaftCluster (MiniRaftCluster.java:newRaftServer(380)) - Formatted directory target/test/data/6b14e155/MiniRaftClusterWithGrpcf2401753/s1
2025-09-29 07:14:59,605 [main] INFO  server.RaftServer (VersionInfo.java:printStartupMessages(132)) - Starting Apache Ratis Test -- RaftServerProxy s1
2025-09-29 07:14:59,606 [main] INFO  server.RaftServer (VersionInfo.java:printStartupMessages(136)) -                version: 3.1.3
2025-09-29 07:14:59,606 [main] INFO  server.RaftServer (VersionInfo.java:printStartupMessages(136)) -                    url: https://github.com/apache/ratis
2025-09-29 07:14:59,606 [main] INFO  server.RaftServer (VersionInfo.java:printStartupMessages(136)) -               revision: d902c593e11de03b157527cf3ee9a12cdd9ad451
2025-09-29 07:14:59,606 [main] INFO  server.RaftServer (VersionInfo.java:printStartupMessages(139)) -                   java: OpenJDK 64-Bit Server VM 1.8.0_462-b08
2025-09-29 07:14:59,606 [main] INFO  server.RaftServer (VersionInfo.java:printStartupMessages(139)) -                   user: runner
2025-09-29 07:14:59,607 [s0-groupManagement] INFO  server.RaftServer$Division (RaftServerImpl.java:<init>(268)) - s0: new RaftServerImpl for group-F1483FAED74E:[s0|localhost:15120, s1|localhost:15124, s2|localhost:15128] with CounterStateMachine-31:uninitialized
2025-09-29 07:14:59,607 [s0-groupManagement] INFO  server.RaftServer$Division (ServerState.java:<init>(114)) - s0@group-F1483FAED74E: ConfigurationManager, init=conf: {index: -1, cur=peers:[s0|localhost:15120, s1|localhost:15124, s2|localhost:15128]|listeners:[], old=null}, confs=<EMPTY_MAP>
2025-09-29 07:14:59,608 [main] INFO  grpc.GrpcConfigKeys (ConfUtils.java:logFallback(69)) - raft.grpc.admin.host = null (fallback to raft.grpc.server.host)
2025-09-29 07:14:59,608 [main] INFO  grpc.GrpcConfigKeys (ConfUtils.java:logGet(62)) - raft.grpc.admin.port = 15125 (custom)
2025-09-29 07:14:59,608 [main] INFO  grpc.GrpcConfigKeys (ConfUtils.java:logFallback(69)) - raft.grpc.client.host = null (fallback to raft.grpc.server.host)
2025-09-29 07:14:59,609 [main] INFO  grpc.GrpcConfigKeys (ConfUtils.java:logGet(62)) - raft.grpc.client.port = 15126 (custom)
2025-09-29 07:14:59,609 [main] INFO  grpc.GrpcConfigKeys (ConfUtils.java:logGet(62)) - raft.grpc.server.port = 15124 (custom)
2025-09-29 07:14:59,611 [main] INFO  server.RaftServerConfigKeys (ConfUtils.java:logGet(62)) - raft.server.storage.dir = [/home/runner/work/ratis/ratis/ratis-test/target/test/data/6b14e155/MiniRaftClusterWithGrpcf2401753/s1] (custom)
2025-09-29 07:14:59,612 [main] INFO  server.RaftServer (RaftServerProxy.java:addNew(106)) - s1: addNew group-F1483FAED74E:[s0|localhost:15120, s1|localhost:15124, s2|localhost:15128] returns group-F1483FAED74E:java.util.concurrent.CompletableFuture@f5f8de2[Not completed]
2025-09-29 07:14:59,612 [main] INFO  impl.MiniRaftCluster (MiniRaftCluster.java:newRaftServer(375)) - newRaftServer: s2, group-F1483FAED74E:[s0|localhost:15120, s1|localhost:15124, s2|localhost:15128], format? true
2025-09-29 07:14:59,612 [main] TRACE util.FileUtils (FileUtils.java:deleteFully(355)) - deleteFully target/test/data/6b14e155/MiniRaftClusterWithGrpcf2401753/s2
2025-09-29 07:14:59,612 [main] TRACE util.FileUtils (FileUtils.java:deleteFully(368)) - deleteFully: target/test/data/6b14e155/MiniRaftClusterWithGrpcf2401753/s2 does not exist.
2025-09-29 07:14:59,612 [main] INFO  impl.MiniRaftCluster (MiniRaftCluster.java:newRaftServer(380)) - Formatted directory target/test/data/6b14e155/MiniRaftClusterWithGrpcf2401753/s2
2025-09-29 07:14:59,613 [main] INFO  server.RaftServer (VersionInfo.java:printStartupMessages(132)) - Starting Apache Ratis Test -- RaftServerProxy s2
2025-09-29 07:14:59,613 [main] INFO  server.RaftServer (VersionInfo.java:printStartupMessages(136)) -                version: 3.1.3
2025-09-29 07:14:59,613 [main] INFO  server.RaftServer (VersionInfo.java:printStartupMessages(136)) -                    url: https://github.com/apache/ratis
2025-09-29 07:14:59,614 [main] INFO  server.RaftServer (VersionInfo.java:printStartupMessages(136)) -               revision: d902c593e11de03b157527cf3ee9a12cdd9ad451
2025-09-29 07:14:59,614 [main] INFO  server.RaftServer (VersionInfo.java:printStartupMessages(139)) -                   java: OpenJDK 64-Bit Server VM 1.8.0_462-b08
2025-09-29 07:14:59,614 [main] INFO  server.RaftServer (VersionInfo.java:printStartupMessages(139)) -                   user: runner
2025-09-29 07:14:59,614 [main] INFO  grpc.GrpcConfigKeys (ConfUtils.java:logFallback(69)) - raft.grpc.admin.host = null (fallback to raft.grpc.server.host)
2025-09-29 07:14:59,614 [main] INFO  grpc.GrpcConfigKeys (ConfUtils.java:logGet(62)) - raft.grpc.admin.port = 15129 (custom)
2025-09-29 07:14:59,615 [s1-groupManagement] INFO  server.RaftServer$Division (RaftServerImpl.java:<init>(268)) - s1: new RaftServerImpl for group-F1483FAED74E:[s0|localhost:15120, s1|localhost:15124, s2|localhost:15128] with CounterStateMachine-32:uninitialized
2025-09-29 07:14:59,615 [s1-groupManagement] INFO  server.RaftServer$Division (ServerState.java:<init>(114)) - s1@group-F1483FAED74E: ConfigurationManager, init=conf: {index: -1, cur=peers:[s0|localhost:15120, s1|localhost:15124, s2|localhost:15128]|listeners:[], old=null}, confs=<EMPTY_MAP>
2025-09-29 07:14:59,616 [main] INFO  grpc.GrpcConfigKeys (ConfUtils.java:logFallback(69)) - raft.grpc.client.host = null (fallback to raft.grpc.server.host)
2025-09-29 07:14:59,616 [main] INFO  grpc.GrpcConfigKeys (ConfUtils.java:logGet(62)) - raft.grpc.client.port = 15130 (custom)
2025-09-29 07:14:59,616 [main] INFO  grpc.GrpcConfigKeys (ConfUtils.java:logGet(62)) - raft.grpc.server.port = 15128 (custom)
2025-09-29 07:14:59,620 [main] INFO  server.RaftServerConfigKeys (ConfUtils.java:logGet(62)) - raft.server.storage.dir = [/home/runner/work/ratis/ratis/ratis-test/target/test/data/6b14e155/MiniRaftClusterWithGrpcf2401753/s2] (custom)
2025-09-29 07:14:59,620 [main] INFO  server.RaftServer (RaftServerProxy.java:addNew(106)) - s2: addNew group-F1483FAED74E:[s0|localhost:15120, s1|localhost:15124, s2|localhost:15128] returns group-F1483FAED74E:java.util.concurrent.CompletableFuture@5008559a[Not completed]
2025-09-29 07:14:59,621 [s2-groupManagement] INFO  server.RaftServer$Division (RaftServerImpl.java:<init>(268)) - s2: new RaftServerImpl for group-F1483FAED74E:[s0|localhost:15120, s1|localhost:15124, s2|localhost:15128] with CounterStateMachine-33:uninitialized
2025-09-29 07:14:59,621 [s0-impl-thread1] INFO  server.RaftServerConfigKeys (ConfUtils.java:logGet(62)) - raft.server.storage.dir = [/home/runner/work/ratis/ratis/ratis-test/target/test/data/6b14e155/MiniRaftClusterWithGrpcf2401753/s0] (custom)
2025-09-29 07:14:59,621 [s0-impl-thread1] INFO  storage.RaftStorageDirectory (RaftStorageDirectoryImpl.java:analyzeStorage(138)) - The storage directory /home/runner/work/ratis/ratis/ratis-test/target/test/data/6b14e155/MiniRaftClusterWithGrpcf2401753/s0/1704df8b-b5f8-4794-bda5-f1483faed74e does not exist. Creating ...
2025-09-29 07:14:59,622 [s0-impl-thread1] TRACE util.FileUtils (LogUtils.java:runAndLog(49)) - Successfully ran Files.createDirectories /home/runner/work/ratis/ratis/ratis-test/target/test/data/6b14e155/MiniRaftClusterWithGrpcf2401753/s0/1704df8b-b5f8-4794-bda5-f1483faed74e
2025-09-29 07:14:59,621 [s2-groupManagement] INFO  server.RaftServer$Division (ServerState.java:<init>(114)) - s2@group-F1483FAED74E: ConfigurationManager, init=conf: {index: -1, cur=peers:[s0|localhost:15120, s1|localhost:15124, s2|localhost:15128]|listeners:[], old=null}, confs=<EMPTY_MAP>
2025-09-29 07:14:59,624 [s0-impl-thread1] INFO  storage.RaftStorageDirectory (RaftStorageDirectoryImpl.java:tryLock(229)) - Lock on /home/runner/work/ratis/ratis/ratis-test/target/test/data/6b14e155/MiniRaftClusterWithGrpcf2401753/s0/1704df8b-b5f8-4794-bda5-f1483faed74e/in_use.lock acquired by nodename 24167@runnervm3ublj
2025-09-29 07:14:59,624 [s0-impl-thread1] TRACE util.FileUtils (LogUtils.java:runAndLog(49)) - Successfully ran Files.createDirectories /home/runner/work/ratis/ratis/ratis-test/target/test/data/6b14e155/MiniRaftClusterWithGrpcf2401753/s0/1704df8b-b5f8-4794-bda5-f1483faed74e/current
2025-09-29 07:14:59,624 [s0-impl-thread1] TRACE util.FileUtils (LogUtils.java:runAndLog(49)) - Successfully ran Files.createDirectories /home/runner/work/ratis/ratis/ratis-test/target/test/data/6b14e155/MiniRaftClusterWithGrpcf2401753/s0/1704df8b-b5f8-4794-bda5-f1483faed74e/sm
2025-09-29 07:14:59,625 [s0-impl-thread1] TRACE util.FileUtils (LogUtils.java:supplyAndLog(69)) - Successfully supplied FileChannel.open /home/runner/work/ratis/ratis/ratis-test/target/test/data/6b14e155/MiniRaftClusterWithGrpcf2401753/s0/1704df8b-b5f8-4794-bda5-f1483faed74e/current/raft-meta.tmp with options [CREATE, TRUNCATE_EXISTING, WRITE]: sun.nio.ch.FileChannelImpl@12b94f27
2025-09-29 07:14:59,625 [s0-impl-thread1] TRACE util.FileUtils (LogUtils.java:runAndLog(49)) - Successfully ran Atomic Files.move /home/runner/work/ratis/ratis/ratis-test/target/test/data/6b14e155/MiniRaftClusterWithGrpcf2401753/s0/1704df8b-b5f8-4794-bda5-f1483faed74e/current/raft-meta.tmp to /home/runner/work/ratis/ratis/ratis-test/target/test/data/6b14e155/MiniRaftClusterWithGrpcf2401753/s0/1704df8b-b5f8-4794-bda5-f1483faed74e/current/raft-meta with options [REPLACE_EXISTING]
2025-09-29 07:14:59,625 [s0-impl-thread1] INFO  storage.RaftStorage (RaftStorageImpl.java:format(98)) - Storage directory /home/runner/work/ratis/ratis/ratis-test/target/test/data/6b14e155/MiniRaftClusterWithGrpcf2401753/s0/1704df8b-b5f8-4794-bda5-f1483faed74e has been successfully formatted.
2025-09-29 07:14:59,626 [s0-impl-thread1] INFO  server.RaftServer$Division (ServerState.java:getSnapshotIndexFromStateMachine(154)) - s0@group-F1483FAED74E: getLatestSnapshot(CounterStateMachine-31:s0:group-F1483FAED74E) returns null
2025-09-29 07:14:59,626 [s0-impl-thread1] INFO  raftlog.RaftLog (RaftLogBase.java:<init>(90)) - s0@group-F1483FAED74E-SegmentedRaftLog: snapshotIndexFromStateMachine = -1
2025-09-29 07:14:59,626 [s0-impl-thread1] INFO  util.AwaitToRun (AwaitToRun.java:start(81)) - Thread[s0@group-F1483FAED74E-cacheEviction-AwaitToRun,5,main] started
2025-09-29 07:14:59,626 [s0-impl-thread1] INFO  segmented.SegmentedRaftLogWorker (SegmentedRaftLogWorker.java:<init>(190)) - new s0@group-F1483FAED74E-SegmentedRaftLogWorker for RaftStorageImpl:Storage Directory /home/runner/work/ratis/ratis/ratis-test/target/test/data/6b14e155/MiniRaftClusterWithGrpcf2401753/s0/1704df8b-b5f8-4794-bda5-f1483faed74e
2025-09-29 07:14:59,627 [s0-impl-thread1] INFO  segmented.SegmentedRaftLogWorker (SegmentedRaftLogWorker.java:lambda$new$0(141)) - s0@group-F1483FAED74E-SegmentedRaftLogWorker: flushIndex: setUnconditionally 0 -> -1
2025-09-29 07:14:59,627 [s0-impl-thread1] INFO  segmented.SegmentedRaftLogWorker (SegmentedRaftLogWorker.java:lambda$new$0(141)) - s0@group-F1483FAED74E-SegmentedRaftLogWorker: safeCacheEvictIndex: setUnconditionally 0 -> -1
2025-09-29 07:14:59,628 [s0-impl-thread1] INFO  server.RaftServer$Division (RaftServerImpl.java:start(405)) - s0@group-F1483FAED74E: start as a follower, conf=conf: {index: -1, cur=peers:[s0|localhost:15120, s1|localhost:15124, s2|localhost:15128]|listeners:[], old=null}
2025-09-29 07:14:59,628 [s0-impl-thread1] INFO  server.RaftServer$Division (RaftServerImpl.java:setRole(392)) - s0@group-F1483FAED74E: changes role from      null to FOLLOWER at term 0 for startAsFollower
2025-09-29 07:14:59,628 [s0-impl-thread1] INFO  impl.RoleInfo (RoleInfo.java:updateAndGet(148)) - s0: start s0@group-F1483FAED74E-FollowerState
2025-09-29 07:14:59,637 [s0-impl-thread1] INFO  util.JmxRegister (JmxRegister.java:tryRegister(44)) - Successfully registered JMX Bean with object name Ratis:service=RaftServer,group=group-F1483FAED74E,id=s0
2025-09-29 07:14:59,637 [s0-impl-thread1] INFO  util.JmxRegister (JmxRegister.java:register(58)) - register mxBean class org.apache.ratis.server.impl.RaftServerJmxAdapter as Ratis:service=RaftServer,group=group-F1483FAED74E,id=s0
2025-09-29 07:14:59,637 [s0@group-F1483FAED74E-FollowerState] INFO  server.RaftServerConfigKeys (ConfUtils.java:logFallback(69)) - raft.server.rpc.first-election.timeout.min = 150ms (fallback to raft.server.rpc.timeout.min)
2025-09-29 07:14:59,637 [s0@group-F1483FAED74E-FollowerState] INFO  server.RaftServerConfigKeys (ConfUtils.java:logFallback(69)) - raft.server.rpc.first-election.timeout.max = 300ms (fallback to raft.server.rpc.timeout.max)
2025-09-29 07:14:59,638 [s0-impl-thread1] INFO  server.RaftServer$Division (RaftServerImpl.java:start(419)) - s0@group-F1483FAED74E: Successfully started.
2025-09-29 07:14:59,638 [main] INFO  server.RaftServer (RaftServerProxy.java:startImpl(415)) - s0: start RPC server
2025-09-29 07:14:59,641 [main] INFO  server.GrpcServicesImpl (GrpcServicesImpl.java:startImpl(338)) - s0: GrpcServicesImpl started, listening on 15122
2025-09-29 07:14:59,641 [main] INFO  server.GrpcServicesImpl (GrpcServicesImpl.java:startImpl(338)) - s0: GrpcServicesImpl started, listening on 15120
2025-09-29 07:14:59,642 [main] INFO  server.GrpcServicesImpl (GrpcServicesImpl.java:startImpl(338)) - s0: GrpcServicesImpl started, listening on 15121
2025-09-29 07:14:59,642 [JvmPauseMonitor30] INFO  util.JvmPauseMonitor (JvmPauseMonitor.java:run(146)) - JvmPauseMonitor-s0: Started
2025-09-29 07:14:59,642 [s1-impl-thread1] INFO  server.RaftServerConfigKeys (ConfUtils.java:logGet(62)) - raft.server.storage.dir = [/home/runner/work/ratis/ratis/ratis-test/target/test/data/6b14e155/MiniRaftClusterWithGrpcf2401753/s1] (custom)
2025-09-29 07:14:59,643 [s1-impl-thread1] INFO  storage.RaftStorageDirectory (RaftStorageDirectoryImpl.java:analyzeStorage(138)) - The storage directory /home/runner/work/ratis/ratis/ratis-test/target/test/data/6b14e155/MiniRaftClusterWithGrpcf2401753/s1/1704df8b-b5f8-4794-bda5-f1483faed74e does not exist. Creating ...
2025-09-29 07:14:59,643 [s1-impl-thread1] TRACE util.FileUtils (LogUtils.java:runAndLog(49)) - Successfully ran Files.createDirectories /home/runner/work/ratis/ratis/ratis-test/target/test/data/6b14e155/MiniRaftClusterWithGrpcf2401753/s1/1704df8b-b5f8-4794-bda5-f1483faed74e
2025-09-29 07:14:59,645 [s1-impl-thread1] INFO  storage.RaftStorageDirectory (RaftStorageDirectoryImpl.java:tryLock(229)) - Lock on /home/runner/work/ratis/ratis/ratis-test/target/test/data/6b14e155/MiniRaftClusterWithGrpcf2401753/s1/1704df8b-b5f8-4794-bda5-f1483faed74e/in_use.lock acquired by nodename 24167@runnervm3ublj
2025-09-29 07:14:59,645 [s1-impl-thread1] TRACE util.FileUtils (LogUtils.java:runAndLog(49)) - Successfully ran Files.createDirectories /home/runner/work/ratis/ratis/ratis-test/target/test/data/6b14e155/MiniRaftClusterWithGrpcf2401753/s1/1704df8b-b5f8-4794-bda5-f1483faed74e/current
2025-09-29 07:14:59,645 [s1-impl-thread1] TRACE util.FileUtils (LogUtils.java:runAndLog(49)) - Successfully ran Files.createDirectories /home/runner/work/ratis/ratis/ratis-test/target/test/data/6b14e155/MiniRaftClusterWithGrpcf2401753/s1/1704df8b-b5f8-4794-bda5-f1483faed74e/sm
2025-09-29 07:14:59,645 [s1-impl-thread1] TRACE util.FileUtils (LogUtils.java:supplyAndLog(69)) - Successfully supplied FileChannel.open /home/runner/work/ratis/ratis/ratis-test/target/test/data/6b14e155/MiniRaftClusterWithGrpcf2401753/s1/1704df8b-b5f8-4794-bda5-f1483faed74e/current/raft-meta.tmp with options [CREATE, TRUNCATE_EXISTING, WRITE]: sun.nio.ch.FileChannelImpl@74acc2ca
2025-09-29 07:14:59,646 [s1-impl-thread1] TRACE util.FileUtils (LogUtils.java:runAndLog(49)) - Successfully ran Atomic Files.move /home/runner/work/ratis/ratis/ratis-test/target/test/data/6b14e155/MiniRaftClusterWithGrpcf2401753/s1/1704df8b-b5f8-4794-bda5-f1483faed74e/current/raft-meta.tmp to /home/runner/work/ratis/ratis/ratis-test/target/test/data/6b14e155/MiniRaftClusterWithGrpcf2401753/s1/1704df8b-b5f8-4794-bda5-f1483faed74e/current/raft-meta with options [REPLACE_EXISTING]
2025-09-29 07:14:59,646 [s1-impl-thread1] INFO  storage.RaftStorage (RaftStorageImpl.java:format(98)) - Storage directory /home/runner/work/ratis/ratis/ratis-test/target/test/data/6b14e155/MiniRaftClusterWithGrpcf2401753/s1/1704df8b-b5f8-4794-bda5-f1483faed74e has been successfully formatted.
2025-09-29 07:14:59,646 [s1-impl-thread1] INFO  server.RaftServer$Division (ServerState.java:getSnapshotIndexFromStateMachine(154)) - s1@group-F1483FAED74E: getLatestSnapshot(CounterStateMachine-32:s1:group-F1483FAED74E) returns null
2025-09-29 07:14:59,646 [s1-impl-thread1] INFO  raftlog.RaftLog (RaftLogBase.java:<init>(90)) - s1@group-F1483FAED74E-SegmentedRaftLog: snapshotIndexFromStateMachine = -1
2025-09-29 07:14:59,647 [s1-impl-thread1] INFO  util.AwaitToRun (AwaitToRun.java:start(81)) - Thread[s1@group-F1483FAED74E-cacheEviction-AwaitToRun,5,main] started
2025-09-29 07:14:59,647 [s1-impl-thread1] INFO  segmented.SegmentedRaftLogWorker (SegmentedRaftLogWorker.java:<init>(190)) - new s1@group-F1483FAED74E-SegmentedRaftLogWorker for RaftStorageImpl:Storage Directory /home/runner/work/ratis/ratis/ratis-test/target/test/data/6b14e155/MiniRaftClusterWithGrpcf2401753/s1/1704df8b-b5f8-4794-bda5-f1483faed74e
2025-09-29 07:14:59,648 [s1-impl-thread1] INFO  segmented.SegmentedRaftLogWorker (SegmentedRaftLogWorker.java:lambda$new$0(141)) - s1@group-F1483FAED74E-SegmentedRaftLogWorker: flushIndex: setUnconditionally 0 -> -1
2025-09-29 07:14:59,648 [s1-impl-thread1] INFO  segmented.SegmentedRaftLogWorker (SegmentedRaftLogWorker.java:lambda$new$0(141)) - s1@group-F1483FAED74E-SegmentedRaftLogWorker: safeCacheEvictIndex: setUnconditionally 0 -> -1
2025-09-29 07:14:59,649 [s1-impl-thread1] INFO  server.RaftServer$Division (RaftServerImpl.java:start(405)) - s1@group-F1483FAED74E: start as a follower, conf=conf: {index: -1, cur=peers:[s0|localhost:15120, s1|localhost:15124, s2|localhost:15128]|listeners:[], old=null}
2025-09-29 07:14:59,649 [s1-impl-thread1] INFO  server.RaftServer$Division (RaftServerImpl.java:setRole(392)) - s1@group-F1483FAED74E: changes role from      null to FOLLOWER at term 0 for startAsFollower
2025-09-29 07:14:59,649 [s1-impl-thread1] INFO  impl.RoleInfo (RoleInfo.java:updateAndGet(148)) - s1: start s1@group-F1483FAED74E-FollowerState
2025-09-29 07:14:59,649 [s1-impl-thread1] INFO  util.JmxRegister (JmxRegister.java:tryRegister(44)) - Successfully registered JMX Bean with object name Ratis:service=RaftServer,group=group-F1483FAED74E,id=s1
2025-09-29 07:14:59,649 [s1-impl-thread1] INFO  util.JmxRegister (JmxRegister.java:register(58)) - register mxBean class org.apache.ratis.server.impl.RaftServerJmxAdapter as Ratis:service=RaftServer,group=group-F1483FAED74E,id=s1
2025-09-29 07:14:59,649 [s1@group-F1483FAED74E-FollowerState] INFO  server.RaftServerConfigKeys (ConfUtils.java:logFallback(69)) - raft.server.rpc.first-election.timeout.min = 150ms (fallback to raft.server.rpc.timeout.min)
2025-09-29 07:14:59,649 [s1@group-F1483FAED74E-FollowerState] INFO  server.RaftServerConfigKeys (ConfUtils.java:logFallback(69)) - raft.server.rpc.first-election.timeout.max = 300ms (fallback to raft.server.rpc.timeout.max)
2025-09-29 07:14:59,649 [s1-impl-thread1] INFO  server.RaftServer$Division (RaftServerImpl.java:start(419)) - s1@group-F1483FAED74E: Successfully started.
2025-09-29 07:14:59,650 [main] INFO  server.RaftServer (RaftServerProxy.java:startImpl(415)) - s1: start RPC server
2025-09-29 07:14:59,650 [main] INFO  server.GrpcServicesImpl (GrpcServicesImpl.java:startImpl(338)) - s1: GrpcServicesImpl started, listening on 15126
2025-09-29 07:14:59,651 [main] INFO  server.GrpcServicesImpl (GrpcServicesImpl.java:startImpl(338)) - s1: GrpcServicesImpl started, listening on 15124
2025-09-29 07:14:59,651 [main] INFO  server.GrpcServicesImpl (GrpcServicesImpl.java:startImpl(338)) - s1: GrpcServicesImpl started, listening on 15125
2025-09-29 07:14:59,652 [s2-impl-thread1] INFO  server.RaftServerConfigKeys (ConfUtils.java:logGet(62)) - raft.server.storage.dir = [/home/runner/work/ratis/ratis/ratis-test/target/test/data/6b14e155/MiniRaftClusterWithGrpcf2401753/s2] (custom)
2025-09-29 07:14:59,652 [s2-impl-thread1] INFO  storage.RaftStorageDirectory (RaftStorageDirectoryImpl.java:analyzeStorage(138)) - The storage directory /home/runner/work/ratis/ratis/ratis-test/target/test/data/6b14e155/MiniRaftClusterWithGrpcf2401753/s2/1704df8b-b5f8-4794-bda5-f1483faed74e does not exist. Creating ...
2025-09-29 07:14:59,652 [s2-impl-thread1] TRACE util.FileUtils (LogUtils.java:runAndLog(49)) - Successfully ran Files.createDirectories /home/runner/work/ratis/ratis/ratis-test/target/test/data/6b14e155/MiniRaftClusterWithGrpcf2401753/s2/1704df8b-b5f8-4794-bda5-f1483faed74e
2025-09-29 07:14:59,653 [JvmPauseMonitor31] INFO  util.JvmPauseMonitor (JvmPauseMonitor.java:run(146)) - JvmPauseMonitor-s1: Started
2025-09-29 07:14:59,653 [s2-impl-thread1] INFO  storage.RaftStorageDirectory (RaftStorageDirectoryImpl.java:tryLock(229)) - Lock on /home/runner/work/ratis/ratis/ratis-test/target/test/data/6b14e155/MiniRaftClusterWithGrpcf2401753/s2/1704df8b-b5f8-4794-bda5-f1483faed74e/in_use.lock acquired by nodename 24167@runnervm3ublj
2025-09-29 07:14:59,653 [s2-impl-thread1] TRACE util.FileUtils (LogUtils.java:runAndLog(49)) - Successfully ran Files.createDirectories /home/runner/work/ratis/ratis/ratis-test/target/test/data/6b14e155/MiniRaftClusterWithGrpcf2401753/s2/1704df8b-b5f8-4794-bda5-f1483faed74e/current
2025-09-29 07:14:59,654 [s2-impl-thread1] TRACE util.FileUtils (LogUtils.java:runAndLog(49)) - Successfully ran Files.createDirectories /home/runner/work/ratis/ratis/ratis-test/target/test/data/6b14e155/MiniRaftClusterWithGrpcf2401753/s2/1704df8b-b5f8-4794-bda5-f1483faed74e/sm
2025-09-29 07:14:59,654 [s2-impl-thread1] TRACE util.FileUtils (LogUtils.java:supplyAndLog(69)) - Successfully supplied FileChannel.open /home/runner/work/ratis/ratis/ratis-test/target/test/data/6b14e155/MiniRaftClusterWithGrpcf2401753/s2/1704df8b-b5f8-4794-bda5-f1483faed74e/current/raft-meta.tmp with options [CREATE, TRUNCATE_EXISTING, WRITE]: sun.nio.ch.FileChannelImpl@62f476f9
2025-09-29 07:14:59,654 [s2-impl-thread1] TRACE util.FileUtils (LogUtils.java:runAndLog(49)) - Successfully ran Atomic Files.move /home/runner/work/ratis/ratis/ratis-test/target/test/data/6b14e155/MiniRaftClusterWithGrpcf2401753/s2/1704df8b-b5f8-4794-bda5-f1483faed74e/current/raft-meta.tmp to /home/runner/work/ratis/ratis/ratis-test/target/test/data/6b14e155/MiniRaftClusterWithGrpcf2401753/s2/1704df8b-b5f8-4794-bda5-f1483faed74e/current/raft-meta with options [REPLACE_EXISTING]
2025-09-29 07:14:59,655 [s2-impl-thread1] INFO  storage.RaftStorage (RaftStorageImpl.java:format(98)) - Storage directory /home/runner/work/ratis/ratis/ratis-test/target/test/data/6b14e155/MiniRaftClusterWithGrpcf2401753/s2/1704df8b-b5f8-4794-bda5-f1483faed74e has been successfully formatted.
2025-09-29 07:14:59,655 [s2-impl-thread1] INFO  server.RaftServer$Division (ServerState.java:getSnapshotIndexFromStateMachine(154)) - s2@group-F1483FAED74E: getLatestSnapshot(CounterStateMachine-33:s2:group-F1483FAED74E) returns null
2025-09-29 07:14:59,655 [s2-impl-thread1] INFO  raftlog.RaftLog (RaftLogBase.java:<init>(90)) - s2@group-F1483FAED74E-SegmentedRaftLog: snapshotIndexFromStateMachine = -1
2025-09-29 07:14:59,655 [s2-impl-thread1] INFO  util.AwaitToRun (AwaitToRun.java:start(81)) - Thread[s2@group-F1483FAED74E-cacheEviction-AwaitToRun,5,main] started
2025-09-29 07:14:59,655 [s2-impl-thread1] INFO  segmented.SegmentedRaftLogWorker (SegmentedRaftLogWorker.java:<init>(190)) - new s2@group-F1483FAED74E-SegmentedRaftLogWorker for RaftStorageImpl:Storage Directory /home/runner/work/ratis/ratis/ratis-test/target/test/data/6b14e155/MiniRaftClusterWithGrpcf2401753/s2/1704df8b-b5f8-4794-bda5-f1483faed74e
2025-09-29 07:14:59,657 [s2-impl-thread1] INFO  segmented.SegmentedRaftLogWorker (SegmentedRaftLogWorker.java:lambda$new$0(141)) - s2@group-F1483FAED74E-SegmentedRaftLogWorker: flushIndex: setUnconditionally 0 -> -1
2025-09-29 07:14:59,657 [s2-impl-thread1] INFO  segmented.SegmentedRaftLogWorker (SegmentedRaftLogWorker.java:lambda$new$0(141)) - s2@group-F1483FAED74E-SegmentedRaftLogWorker: safeCacheEvictIndex: setUnconditionally 0 -> -1
2025-09-29 07:14:59,658 [s2-impl-thread1] INFO  server.RaftServer$Division (RaftServerImpl.java:start(405)) - s2@group-F1483FAED74E: start as a follower, conf=conf: {index: -1, cur=peers:[s0|localhost:15120, s1|localhost:15124, s2|localhost:15128]|listeners:[], old=null}
2025-09-29 07:14:59,658 [s2-impl-thread1] INFO  server.RaftServer$Division (RaftServerImpl.java:setRole(392)) - s2@group-F1483FAED74E: changes role from      null to FOLLOWER at term 0 for startAsFollower
2025-09-29 07:14:59,658 [s2-impl-thread1] INFO  impl.RoleInfo (RoleInfo.java:updateAndGet(148)) - s2: start s2@group-F1483FAED74E-FollowerState
2025-09-29 07:14:59,658 [s2-impl-thread1] INFO  util.JmxRegister (JmxRegister.java:tryRegister(44)) - Successfully registered JMX Bean with object name Ratis:service=RaftServer,group=group-F1483FAED74E,id=s2
2025-09-29 07:14:59,658 [s2-impl-thread1] INFO  util.JmxRegister (JmxRegister.java:register(58)) - register mxBean class org.apache.ratis.server.impl.RaftServerJmxAdapter as Ratis:service=RaftServer,group=group-F1483FAED74E,id=s2
2025-09-29 07:14:59,658 [s2@group-F1483FAED74E-FollowerState] INFO  server.RaftServerConfigKeys (ConfUtils.java:logFallback(69)) - raft.server.rpc.first-election.timeout.min = 150ms (fallback to raft.server.rpc.timeout.min)
2025-09-29 07:14:59,658 [s2@group-F1483FAED74E-FollowerState] INFO  server.RaftServerConfigKeys (ConfUtils.java:logFallback(69)) - raft.server.rpc.first-election.timeout.max = 300ms (fallback to raft.server.rpc.timeout.max)
2025-09-29 07:14:59,659 [s2-impl-thread1] INFO  server.RaftServer$Division (RaftServerImpl.java:start(419)) - s2@group-F1483FAED74E: Successfully started.
2025-09-29 07:14:59,659 [main] INFO  server.RaftServer (RaftServerProxy.java:startImpl(415)) - s2: start RPC server
2025-09-29 07:14:59,659 [main] INFO  server.GrpcServicesImpl (GrpcServicesImpl.java:startImpl(338)) - s2: GrpcServicesImpl started, listening on 15130
2025-09-29 07:14:59,660 [main] INFO  server.GrpcServicesImpl (GrpcServicesImpl.java:startImpl(338)) - s2: GrpcServicesImpl started, listening on 15128
2025-09-29 07:14:59,660 [main] INFO  server.GrpcServicesImpl (GrpcServicesImpl.java:startImpl(338)) - s2: GrpcServicesImpl started, listening on 15129
2025-09-29 07:14:59,660 [JvmPauseMonitor32] INFO  util.JvmPauseMonitor (JvmPauseMonitor.java:run(146)) - JvmPauseMonitor-s2: Started
2025-09-29 07:14:59,661 [main] INFO  ratis.RaftTestUtil (RaftTestUtil.java:waitForLeader(107)) - printing ALL groups
  s0:  RUNNING  FOLLOWER (RUNNING): s0@group-F1483FAED74E:t0, leader=null, voted=, raftlog=Memoized:s0@group-F1483FAED74E-SegmentedRaftLog:OPENED:c-1:lastnull, conf=conf: {index: -1, cur=peers:[s0|localhost:15120, s1|localhost:15124, s2|localhost:15128]|listeners:[], old=null}
  s1:  RUNNING  FOLLOWER (RUNNING): s1@group-F1483FAED74E:t0, leader=null, voted=, raftlog=Memoized:s1@group-F1483FAED74E-SegmentedRaftLog:OPENED:c-1:lastnull, conf=conf: {index: -1, cur=peers:[s0|localhost:15120, s1|localhost:15124, s2|localhost:15128]|listeners:[], old=null}
  s2:  RUNNING  FOLLOWER (RUNNING): s2@group-F1483FAED74E:t0, leader=null, voted=, raftlog=Memoized:s2@group-F1483FAED74E-SegmentedRaftLog:OPENED:c-1:lastnull, conf=conf: {index: -1, cur=peers:[s0|localhost:15120, s1|localhost:15124, s2|localhost:15128]|listeners:[], old=null}
2025-09-29 07:14:59,661 [main] WARN  ratis.RaftTestUtil (RaftTestUtil.java:lambda$waitForLeader$3(126)) - Attempt #1 failed: java.lang.IllegalStateException: No leader yet : printing ALL groups
  s0:  RUNNING  FOLLOWER (RUNNING): s0@group-F1483FAED74E:t0, leader=null, voted=, raftlog=Memoized:s0@group-F1483FAED74E-SegmentedRaftLog:OPENED:c-1:lastnull, conf=conf: {index: -1, cur=peers:[s0|localhost:15120, s1|localhost:15124, s2|localhost:15128]|listeners:[], old=null}
  s1:  RUNNING  FOLLOWER (RUNNING): s1@group-F1483FAED74E:t0, leader=null, voted=, raftlog=Memoized:s1@group-F1483FAED74E-SegmentedRaftLog:OPENED:c-1:lastnull, conf=conf: {index: -1, cur=peers:[s0|localhost:15120, s1|localhost:15124, s2|localhost:15128]|listeners:[], old=null}
  s2:  RUNNING  FOLLOWER (RUNNING): s2@group-F1483FAED74E:t0, leader=null, voted=, raftlog=Memoized:s2@group-F1483FAED74E-SegmentedRaftLog:OPENED:c-1:lastnull, conf=conf: {index: -1, cur=peers:[s0|localhost:15120, s1|localhost:15124, s2|localhost:15128]|listeners:[], old=null}
2025-09-29 07:14:59,840 [s2@group-F1483FAED74E-FollowerState] INFO  impl.FollowerState (FollowerState.java:runImpl(161)) - s2@group-F1483FAED74E-FollowerState: change to CANDIDATE, lastRpcElapsedTime:181637463ns, electionTimeout:181ms
2025-09-29 07:14:59,840 [s2@group-F1483FAED74E-FollowerState] INFO  impl.RoleInfo (RoleInfo.java:shutdownFollowerState(121)) - s2: shutdown s2@group-F1483FAED74E-FollowerState
2025-09-29 07:14:59,840 [s2@group-F1483FAED74E-FollowerState] INFO  server.RaftServer$Division (RaftServerImpl.java:setRole(392)) - s2@group-F1483FAED74E: changes role from  FOLLOWER to CANDIDATE at term 0 for changeToCandidate
2025-09-29 07:14:59,840 [s2@group-F1483FAED74E-FollowerState] INFO  impl.RoleInfo (RoleInfo.java:updateAndGet(148)) - s2: start s2@group-F1483FAED74E-LeaderElection21
2025-09-29 07:14:59,841 [s2@group-F1483FAED74E-LeaderElection21] INFO  impl.LeaderElection (LeaderElection.java:askForVotes(448)) - s2@group-F1483FAED74E-LeaderElection21 PRE_VOTE round 0: submit vote requests at term 0 for conf: {index: -1, cur=peers:[s0|localhost:15120, s1|localhost:15124, s2|localhost:15128]|listeners:[], old=null}
2025-09-29 07:14:59,841 [s2@group-F1483FAED74E-LeaderElection21-1] INFO  server.GrpcServerProtocolClient (GrpcServerProtocolClient.java:<init>(64)) - Build channel for s0|localhost:15120
2025-09-29 07:14:59,841 [s2@group-F1483FAED74E-LeaderElection21] INFO  server.RaftServerConfigKeys (ConfUtils.java:logFallback(69)) - raft.server.rpc.first-election.timeout.min = 150ms (fallback to raft.server.rpc.timeout.min)
2025-09-29 07:14:59,841 [s2@group-F1483FAED74E-LeaderElection21] INFO  server.RaftServerConfigKeys (ConfUtils.java:logFallback(69)) - raft.server.rpc.first-election.timeout.max = 300ms (fallback to raft.server.rpc.timeout.max)
2025-09-29 07:14:59,841 [s2@group-F1483FAED74E-LeaderElection21-2] INFO  server.GrpcServerProtocolClient (GrpcServerProtocolClient.java:<init>(64)) - Build channel for s1|localhost:15124
2025-09-29 07:14:59,858 [grpc-default-executor-4] INFO  server.RaftServer$Division (RaftServerImpl.java:requestVote(1433)) - s0@group-F1483FAED74E: receive requestVote(PRE_VOTE, s2, group-F1483FAED74E, 0, <PROTO_DEFAULT>)
2025-09-29 07:14:59,858 [grpc-default-executor-4] INFO  impl.VoteContext (VoteContext.java:log(49)) - s0@group-F1483FAED74E-FOLLOWER: accept PRE_VOTE from s2: our priority 0 <= candidate's priority 0
2025-09-29 07:14:59,859 [grpc-default-executor-4] INFO  server.RaftServer$Division (RaftServerImpl.java:requestVote(1467)) - s0@group-F1483FAED74E replies to PRE_VOTE vote request: s2<-s0#0:OK-t0-last:<INITIAL_VALUE>. Peer's state: s0@group-F1483FAED74E:t0, leader=null, voted=, raftlog=Memoized:s0@group-F1483FAED74E-SegmentedRaftLog:OPENED:c-1:lastnull, conf=conf: {index: -1, cur=peers:[s0|localhost:15120, s1|localhost:15124, s2|localhost:15128]|listeners:[], old=null}
2025-09-29 07:14:59,860 [grpc-default-executor-4] INFO  server.RaftServer$Division (RaftServerImpl.java:requestVote(1433)) - s1@group-F1483FAED74E: receive requestVote(PRE_VOTE, s2, group-F1483FAED74E, 0, <PROTO_DEFAULT>)
2025-09-29 07:14:59,860 [grpc-default-executor-4] INFO  impl.VoteContext (VoteContext.java:log(49)) - s1@group-F1483FAED74E-FOLLOWER: accept PRE_VOTE from s2: our priority 0 <= candidate's priority 0
2025-09-29 07:14:59,860 [grpc-default-executor-4] INFO  server.RaftServer$Division (RaftServerImpl.java:requestVote(1467)) - s1@group-F1483FAED74E replies to PRE_VOTE vote request: s2<-s1#0:OK-t0-last:<INITIAL_VALUE>. Peer's state: s1@group-F1483FAED74E:t0, leader=null, voted=, raftlog=Memoized:s1@group-F1483FAED74E-SegmentedRaftLog:OPENED:c-1:lastnull, conf=conf: {index: -1, cur=peers:[s0|localhost:15120, s1|localhost:15124, s2|localhost:15128]|listeners:[], old=null}
2025-09-29 07:14:59,860 [s2@group-F1483FAED74E-LeaderElection21] INFO  impl.LeaderElection (LeaderElection.java:logAndReturn(206)) - s2@group-F1483FAED74E-LeaderElection21: PRE_VOTE PASSED received 1 response(s) and 0 exception(s):
2025-09-29 07:14:59,861 [s2@group-F1483FAED74E-LeaderElection21] INFO  impl.LeaderElection (LeaderElection.java:logAndReturn(210)) -   Response 0: s2<-s0#0:OK-t0-last:<INITIAL_VALUE>
2025-09-29 07:14:59,861 [s2@group-F1483FAED74E-LeaderElection21] INFO  impl.LeaderElection (LeaderElection.java:askForVotes(450)) - s2@group-F1483FAED74E-LeaderElection21 PRE_VOTE round 0: result PASSED
2025-09-29 07:14:59,862 [s2@group-F1483FAED74E-LeaderElection21] TRACE util.FileUtils (LogUtils.java:supplyAndLog(69)) - Successfully supplied FileChannel.open /home/runner/work/ratis/ratis/ratis-test/target/test/data/6b14e155/MiniRaftClusterWithGrpcf2401753/s2/1704df8b-b5f8-4794-bda5-f1483faed74e/current/raft-meta.tmp with options [CREATE, TRUNCATE_EXISTING, WRITE]: sun.nio.ch.FileChannelImpl@51ecf4c
2025-09-29 07:14:59,864 [s2@group-F1483FAED74E-LeaderElection21] TRACE util.FileUtils (LogUtils.java:runAndLog(49)) - Successfully ran Atomic Files.move /home/runner/work/ratis/ratis/ratis-test/target/test/data/6b14e155/MiniRaftClusterWithGrpcf2401753/s2/1704df8b-b5f8-4794-bda5-f1483faed74e/current/raft-meta.tmp to /home/runner/work/ratis/ratis/ratis-test/target/test/data/6b14e155/MiniRaftClusterWithGrpcf2401753/s2/1704df8b-b5f8-4794-bda5-f1483faed74e/current/raft-meta with options [REPLACE_EXISTING]
2025-09-29 07:14:59,864 [s2@group-F1483FAED74E-LeaderElection21] INFO  impl.LeaderElection (LeaderElection.java:askForVotes(448)) - s2@group-F1483FAED74E-LeaderElection21 ELECTION round 0: submit vote requests at term 1 for conf: {index: -1, cur=peers:[s0|localhost:15120, s1|localhost:15124, s2|localhost:15128]|listeners:[], old=null}
2025-09-29 07:14:59,865 [s2@group-F1483FAED74E-LeaderElection21] INFO  server.RaftServerConfigKeys (ConfUtils.java:logFallback(69)) - raft.server.rpc.first-election.timeout.min = 150ms (fallback to raft.server.rpc.timeout.min)
2025-09-29 07:14:59,865 [s2@group-F1483FAED74E-LeaderElection21] INFO  server.RaftServerConfigKeys (ConfUtils.java:logFallback(69)) - raft.server.rpc.first-election.timeout.max = 300ms (fallback to raft.server.rpc.timeout.max)
2025-09-29 07:14:59,866 [grpc-default-executor-4] INFO  server.RaftServer$Division (RaftServerImpl.java:requestVote(1433)) - s0@group-F1483FAED74E: receive requestVote(ELECTION, s2, group-F1483FAED74E, 1, <PROTO_DEFAULT>)
2025-09-29 07:14:59,866 [grpc-default-executor-4] INFO  impl.VoteContext (VoteContext.java:log(49)) - s0@group-F1483FAED74E-FOLLOWER: accept ELECTION from s2: our priority 0 <= candidate's priority 0
2025-09-29 07:14:59,866 [grpc-default-executor-4] INFO  server.RaftServer$Division (RaftServerImpl.java:setRole(392)) - s0@group-F1483FAED74E: changes role from  FOLLOWER to FOLLOWER at term 0 for candidate:s2
2025-09-29 07:14:59,866 [grpc-default-executor-4] INFO  impl.RoleInfo (RoleInfo.java:shutdownFollowerState(121)) - s0: shutdown s0@group-F1483FAED74E-FollowerState
2025-09-29 07:14:59,867 [grpc-default-executor-4] INFO  impl.RoleInfo (RoleInfo.java:updateAndGet(148)) - s0: start s0@group-F1483FAED74E-FollowerState
2025-09-29 07:14:59,867 [grpc-default-executor-4] INFO  server.RaftServer$Division (RaftServerImpl.java:setFirstElection(576)) - s0@group-F1483FAED74E: set firstElectionSinceStartup to false for candidate:s2
2025-09-29 07:14:59,867 [grpc-default-executor-4] TRACE util.FileUtils (LogUtils.java:supplyAndLog(69)) - Successfully supplied FileChannel.open /home/runner/work/ratis/ratis/ratis-test/target/test/data/6b14e155/MiniRaftClusterWithGrpcf2401753/s0/1704df8b-b5f8-4794-bda5-f1483faed74e/current/raft-meta.tmp with options [CREATE, TRUNCATE_EXISTING, WRITE]: sun.nio.ch.FileChannelImpl@4a5d4000
2025-09-29 07:14:59,868 [s0@group-F1483FAED74E-FollowerState] INFO  impl.FollowerState (FollowerState.java:runImpl(170)) - s0@group-F1483FAED74E-FollowerState was interrupted
2025-09-29 07:14:59,869 [grpc-default-executor-4] TRACE util.FileUtils (LogUtils.java:runAndLog(49)) - Successfully ran Atomic Files.move /home/runner/work/ratis/ratis/ratis-test/target/test/data/6b14e155/MiniRaftClusterWithGrpcf2401753/s0/1704df8b-b5f8-4794-bda5-f1483faed74e/current/raft-meta.tmp to /home/runner/work/ratis/ratis/ratis-test/target/test/data/6b14e155/MiniRaftClusterWithGrpcf2401753/s0/1704df8b-b5f8-4794-bda5-f1483faed74e/current/raft-meta with options [REPLACE_EXISTING]
2025-09-29 07:14:59,869 [grpc-default-executor-4] INFO  server.RaftServer$Division (RaftServerImpl.java:requestVote(1467)) - s0@group-F1483FAED74E replies to ELECTION vote request: s2<-s0#0:OK-t1-last:<INITIAL_VALUE>. Peer's state: s0@group-F1483FAED74E:t1, leader=null, voted=s2, raftlog=Memoized:s0@group-F1483FAED74E-SegmentedRaftLog:OPENED:c-1:lastnull, conf=conf: {index: -1, cur=peers:[s0|localhost:15120, s1|localhost:15124, s2|localhost:15128]|listeners:[], old=null}
2025-09-29 07:14:59,870 [grpc-default-executor-2] INFO  server.RaftServer$Division (RaftServerImpl.java:requestVote(1433)) - s1@group-F1483FAED74E: receive requestVote(ELECTION, s2, group-F1483FAED74E, 1, <PROTO_DEFAULT>)
2025-09-29 07:14:59,870 [s2@group-F1483FAED74E-LeaderElection21] INFO  impl.LeaderElection (LeaderElection.java:logAndReturn(206)) - s2@group-F1483FAED74E-LeaderElection21: ELECTION PASSED received 1 response(s) and 0 exception(s):
2025-09-29 07:14:59,870 [s2@group-F1483FAED74E-LeaderElection21] INFO  impl.LeaderElection (LeaderElection.java:logAndReturn(210)) -   Response 0: s2<-s0#0:OK-t1-last:<INITIAL_VALUE>
2025-09-29 07:14:59,870 [grpc-default-executor-2] INFO  impl.VoteContext (VoteContext.java:log(49)) - s1@group-F1483FAED74E-FOLLOWER: accept ELECTION from s2: our priority 0 <= candidate's priority 0
2025-09-29 07:14:59,871 [grpc-default-executor-2] INFO  server.RaftServer$Division (RaftServerImpl.java:setRole(392)) - s1@group-F1483FAED74E: changes role from  FOLLOWER to FOLLOWER at term 0 for candidate:s2
2025-09-29 07:14:59,871 [grpc-default-executor-2] INFO  impl.RoleInfo (RoleInfo.java:shutdownFollowerState(121)) - s1: shutdown s1@group-F1483FAED74E-FollowerState
2025-09-29 07:14:59,871 [grpc-default-executor-2] INFO  impl.RoleInfo (RoleInfo.java:updateAndGet(148)) - s1: start s1@group-F1483FAED74E-FollowerState
2025-09-29 07:14:59,871 [grpc-default-executor-2] INFO  server.RaftServer$Division (RaftServerImpl.java:setFirstElection(576)) - s1@group-F1483FAED74E: set firstElectionSinceStartup to false for candidate:s2
2025-09-29 07:14:59,871 [s2@group-F1483FAED74E-LeaderElection21] INFO  impl.LeaderElection (LeaderElection.java:askForVotes(450)) - s2@group-F1483FAED74E-LeaderElection21 ELECTION round 0: result PASSED
2025-09-29 07:14:59,871 [s2@group-F1483FAED74E-LeaderElection21] INFO  impl.RoleInfo (RoleInfo.java:shutdownLeaderElection(141)) - s2: shutdown s2@group-F1483FAED74E-LeaderElection21
2025-09-29 07:14:59,872 [s1@group-F1483FAED74E-FollowerState] INFO  impl.FollowerState (FollowerState.java:runImpl(170)) - s1@group-F1483FAED74E-FollowerState was interrupted
2025-09-29 07:14:59,872 [s2@group-F1483FAED74E-LeaderElection21] INFO  server.RaftServer$Division (RaftServerImpl.java:setRole(392)) - s2@group-F1483FAED74E: changes role from CANDIDATE to LEADER at term 1 for changeToLeader
2025-09-29 07:14:59,872 [s2@group-F1483FAED74E-LeaderElection21] INFO  server.RaftServerConfigKeys (ConfUtils.java:logFallback(69)) - raft.server.staging.timeout = 900ms (fallback to raft.server.rpc.timeout.max)
2025-09-29 07:14:59,872 [grpc-default-executor-2] TRACE util.FileUtils (LogUtils.java:supplyAndLog(69)) - Successfully supplied FileChannel.open /home/runner/work/ratis/ratis/ratis-test/target/test/data/6b14e155/MiniRaftClusterWithGrpcf2401753/s1/1704df8b-b5f8-4794-bda5-f1483faed74e/current/raft-meta.tmp with options [CREATE, TRUNCATE_EXISTING, WRITE]: sun.nio.ch.FileChannelImpl@72fd7293
2025-09-29 07:14:59,873 [s2@group-F1483FAED74E-LeaderElection21] INFO  impl.RoleInfo (RoleInfo.java:updateAndGet(148)) - s2: start s2@group-F1483FAED74E-LeaderStateImpl
2025-09-29 07:14:59,873 [s2@group-F1483FAED74E-LeaderElection21] INFO  server.RaftServer$Division (RaftServerImpl.java:setFirstElection(576)) - s2@group-F1483FAED74E: set firstElectionSinceStartup to false for becomeLeader
2025-09-29 07:14:59,873 [s2@group-F1483FAED74E-LeaderElection21] INFO  server.RaftServer$Division (ServerState.java:setLeader(277)) - s2@group-F1483FAED74E: change Leader from null to s2 at term 1 for becomeLeader, leader elected after 250ms
2025-09-29 07:14:59,874 [s2@group-F1483FAED74E-LeaderElection21] INFO  segmented.SegmentedRaftLogWorker (SegmentedRaftLogWorker.java:startLogSegment(440)) - s2@group-F1483FAED74E-SegmentedRaftLogWorker: Starting segment from index:0
2025-09-29 07:14:59,874 [s2@group-F1483FAED74E-LeaderElection21] INFO  server.RaftServer$Division (ServerState.java:setRaftConf(391)) - s2@group-F1483FAED74E: set configuration conf: {index: 0, cur=peers:[s0|localhost:15120, s1|localhost:15124, s2|localhost:15128]|listeners:[], old=null}
2025-09-29 07:14:59,874 [s2@group-F1483FAED74E-SegmentedRaftLogWorker] INFO  segmented.BufferedWriteChannel (BufferedWriteChannel.java:open(61)) - open log_inprogress_0 at position 0
2025-09-29 07:14:59,877 [grpc-default-executor-2] TRACE util.FileUtils (LogUtils.java:runAndLog(49)) - Successfully ran Atomic Files.move /home/runner/work/ratis/ratis/ratis-test/target/test/data/6b14e155/MiniRaftClusterWithGrpcf2401753/s1/1704df8b-b5f8-4794-bda5-f1483faed74e/current/raft-meta.tmp to /home/runner/work/ratis/ratis/ratis-test/target/test/data/6b14e155/MiniRaftClusterWithGrpcf2401753/s1/1704df8b-b5f8-4794-bda5-f1483faed74e/current/raft-meta with options [REPLACE_EXISTING]
2025-09-29 07:14:59,877 [grpc-default-executor-2] INFO  server.RaftServer$Division (RaftServerImpl.java:requestVote(1467)) - s1@group-F1483FAED74E replies to ELECTION vote request: s2<-s1#0:OK-t1-last:<INITIAL_VALUE>. Peer's state: s1@group-F1483FAED74E:t1, leader=null, voted=s2, raftlog=Memoized:s1@group-F1483FAED74E-SegmentedRaftLog:OPENED:c-1:lastnull, conf=conf: {index: -1, cur=peers:[s0|localhost:15120, s1|localhost:15124, s2|localhost:15128]|listeners:[], old=null}
2025-09-29 07:14:59,882 [s2@group-F1483FAED74E-SegmentedRaftLogWorker] INFO  segmented.SegmentedRaftLogWorker (SegmentedRaftLogWorker.java:execute(647)) - s2@group-F1483FAED74E-SegmentedRaftLogWorker: created new log segment /home/runner/work/ratis/ratis/ratis-test/target/test/data/6b14e155/MiniRaftClusterWithGrpcf2401753/s2/1704df8b-b5f8-4794-bda5-f1483faed74e/current/log_inprogress_0
2025-09-29 07:14:59,885 [grpc-default-executor-0] INFO  server.RaftServer$Division (ServerState.java:setLeader(277)) - s1@group-F1483FAED74E: change Leader from null to s2 at term 1 for appendEntries, leader elected after 269ms
2025-09-29 07:14:59,888 [grpc-default-executor-2] DEBUG server.RaftServer$Division (RaftServerImpl.java:logAppendEntries(1536)) - s1@group-F1483FAED74E: appendEntries* s2->s1#1-t1,previous=<PROTO_DEFAULT>,leaderCommit=-1,initializing? false,entries: size=1, first=(t:1, i:0), CONFIGURATIONENTRY(current:id:"s0"address:"localhost:15120"dataStreamAddress:"localhost:15123"clientAddress:"localhost:15122"adminAddress:"localhost:15121"startupRole:FOLLOWER, id:"s1"address:"localhost:15124"dataStreamAddress:"localhost:15127"clientAddress:"localhost:15126"adminAddress:"localhost:15125"startupRole:FOLLOWER, id:"s2"address:"localhost:15128"dataStreamAddress:"localhost:15131"clientAddress:"localhost:15130"adminAddress:"localhost:15129"startupRole:FOLLOWER, old:)
2025-09-29 07:14:59,889 [grpc-default-executor-2] INFO  server.RaftServer$Division (ServerState.java:setRaftConf(391)) - s1@group-F1483FAED74E: set configuration conf: {index: 0, cur=peers:[s0|localhost:15120, s1|localhost:15124, s2|localhost:15128]|listeners:[], old=null}
2025-09-29 07:14:59,890 [grpc-default-executor-1] DEBUG server.RaftServer$Division (RaftServerImpl.java:logAppendEntries(1536)) - s0@group-F1483FAED74E: appendEntries* s2->s0#1-t1,previous=<PROTO_DEFAULT>,leaderCommit=-1,initializing? false,entries: size=1, first=(t:1, i:0), CONFIGURATIONENTRY(current:id:"s0"address:"localhost:15120"dataStreamAddress:"localhost:15123"clientAddress:"localhost:15122"adminAddress:"localhost:15121"startupRole:FOLLOWER, id:"s1"address:"localhost:15124"dataStreamAddress:"localhost:15127"clientAddress:"localhost:15126"adminAddress:"localhost:15125"startupRole:FOLLOWER, id:"s2"address:"localhost:15128"dataStreamAddress:"localhost:15131"clientAddress:"localhost:15130"adminAddress:"localhost:15129"startupRole:FOLLOWER, old:)
2025-09-29 07:14:59,890 [grpc-default-executor-0] INFO  server.RaftServer$Division (ServerState.java:setLeader(277)) - s0@group-F1483FAED74E: change Leader from null to s2 at term 1 for appendEntries, leader elected after 282ms
2025-09-29 07:14:59,891 [grpc-default-executor-1] INFO  server.RaftServer$Division (ServerState.java:setRaftConf(391)) - s0@group-F1483FAED74E: set configuration conf: {index: 0, cur=peers:[s0|localhost:15120, s1|localhost:15124, s2|localhost:15128]|listeners:[], old=null}
2025-09-29 07:14:59,891 [s1-server-thread1] INFO  segmented.SegmentedRaftLogWorker (SegmentedRaftLogWorker.java:startLogSegment(440)) - s1@group-F1483FAED74E-SegmentedRaftLogWorker: Starting segment from index:0
2025-09-29 07:14:59,892 [s1@group-F1483FAED74E-SegmentedRaftLogWorker] INFO  segmented.BufferedWriteChannel (BufferedWriteChannel.java:open(61)) - open log_inprogress_0 at position 0
2025-09-29 07:14:59,893 [s0-server-thread2] INFO  segmented.SegmentedRaftLogWorker (SegmentedRaftLogWorker.java:startLogSegment(440)) - s0@group-F1483FAED74E-SegmentedRaftLogWorker: Starting segment from index:0
2025-09-29 07:14:59,894 [s0@group-F1483FAED74E-SegmentedRaftLogWorker] INFO  segmented.BufferedWriteChannel (BufferedWriteChannel.java:open(61)) - open log_inprogress_0 at position 0
2025-09-29 07:14:59,901 [s1@group-F1483FAED74E-SegmentedRaftLogWorker] INFO  segmented.SegmentedRaftLogWorker (SegmentedRaftLogWorker.java:execute(647)) - s1@group-F1483FAED74E-SegmentedRaftLogWorker: created new log segment /home/runner/work/ratis/ratis/ratis-test/target/test/data/6b14e155/MiniRaftClusterWithGrpcf2401753/s1/1704df8b-b5f8-4794-bda5-f1483faed74e/current/log_inprogress_0
2025-09-29 07:14:59,901 [s0@group-F1483FAED74E-SegmentedRaftLogWorker] INFO  segmented.SegmentedRaftLogWorker (SegmentedRaftLogWorker.java:execute(647)) - s0@group-F1483FAED74E-SegmentedRaftLogWorker: created new log segment /home/runner/work/ratis/ratis/ratis-test/target/test/data/6b14e155/MiniRaftClusterWithGrpcf2401753/s0/1704df8b-b5f8-4794-bda5-f1483faed74e/current/log_inprogress_0
2025-09-29 07:14:59,902 [s0-server-thread2] DEBUG server.RaftServer$Division (RaftServerImpl.java:logAppendEntries(1536)) - s0@group-F1483FAED74E: appendEntries* reply s2<-s0#1:OK-t1,SUCCESS,nextIndex=1,followerCommit=-1,matchIndex=0
2025-09-29 07:14:59,902 [s1-server-thread1] DEBUG server.RaftServer$Division (RaftServerImpl.java:logAppendEntries(1536)) - s1@group-F1483FAED74E: appendEntries* reply s2<-s1#1:OK-t1,SUCCESS,nextIndex=1,followerCommit=-1,matchIndex=0
2025-09-29 07:14:59,904 [s2@group-F1483FAED74E-StateMachineUpdater] TRACE util.FileUtils (LogUtils.java:supplyAndLog(69)) - Successfully supplied FileChannel.open /home/runner/work/ratis/ratis/ratis-test/target/test/data/6b14e155/MiniRaftClusterWithGrpcf2401753/s2/1704df8b-b5f8-4794-bda5-f1483faed74e/current/raft-meta.conf.tmp with options [CREATE, TRUNCATE_EXISTING, WRITE]: sun.nio.ch.FileChannelImpl@3785df0c
2025-09-29 07:14:59,905 [s2@group-F1483FAED74E-StateMachineUpdater] TRACE util.FileUtils (LogUtils.java:runAndLog(49)) - Successfully ran Atomic Files.move /home/runner/work/ratis/ratis/ratis-test/target/test/data/6b14e155/MiniRaftClusterWithGrpcf2401753/s2/1704df8b-b5f8-4794-bda5-f1483faed74e/current/raft-meta.conf.tmp to /home/runner/work/ratis/ratis/ratis-test/target/test/data/6b14e155/MiniRaftClusterWithGrpcf2401753/s2/1704df8b-b5f8-4794-bda5-f1483faed74e/current/raft-meta.conf with options [REPLACE_EXISTING]
2025-09-29 07:14:59,905 [s2@group-F1483FAED74E-StateMachineUpdater] INFO  server.RaftServer$Division (LeaderStateImpl.java:checkStartIndex(309)) - Leader s2@group-F1483FAED74E-LeaderStateImpl is ready since appliedIndex == startIndex == 0
2025-09-29 07:14:59,981 [s0@group-F1483FAED74E-StateMachineUpdater] TRACE util.FileUtils (LogUtils.java:supplyAndLog(69)) - Successfully supplied FileChannel.open /home/runner/work/ratis/ratis/ratis-test/target/test/data/6b14e155/MiniRaftClusterWithGrpcf2401753/s0/1704df8b-b5f8-4794-bda5-f1483faed74e/current/raft-meta.conf.tmp with options [CREATE, TRUNCATE_EXISTING, WRITE]: sun.nio.ch.FileChannelImpl@3f3c373f
2025-09-29 07:14:59,981 [s1@group-F1483FAED74E-StateMachineUpdater] TRACE util.FileUtils (LogUtils.java:supplyAndLog(69)) - Successfully supplied FileChannel.open /home/runner/work/ratis/ratis/ratis-test/target/test/data/6b14e155/MiniRaftClusterWithGrpcf2401753/s1/1704df8b-b5f8-4794-bda5-f1483faed74e/current/raft-meta.conf.tmp with options [CREATE, TRUNCATE_EXISTING, WRITE]: sun.nio.ch.FileChannelImpl@6520a9b6
2025-09-29 07:14:59,982 [s0@group-F1483FAED74E-StateMachineUpdater] TRACE util.FileUtils (LogUtils.java:runAndLog(49)) - Successfully ran Atomic Files.move /home/runner/work/ratis/ratis/ratis-test/target/test/data/6b14e155/MiniRaftClusterWithGrpcf2401753/s0/1704df8b-b5f8-4794-bda5-f1483faed74e/current/raft-meta.conf.tmp to /home/runner/work/ratis/ratis/ratis-test/target/test/data/6b14e155/MiniRaftClusterWithGrpcf2401753/s0/1704df8b-b5f8-4794-bda5-f1483faed74e/current/raft-meta.conf with options [REPLACE_EXISTING]
2025-09-29 07:14:59,983 [s1@group-F1483FAED74E-StateMachineUpdater] TRACE util.FileUtils (LogUtils.java:runAndLog(49)) - Successfully ran Atomic Files.move /home/runner/work/ratis/ratis/ratis-test/target/test/data/6b14e155/MiniRaftClusterWithGrpcf2401753/s1/1704df8b-b5f8-4794-bda5-f1483faed74e/current/raft-meta.conf.tmp to /home/runner/work/ratis/ratis/ratis-test/target/test/data/6b14e155/MiniRaftClusterWithGrpcf2401753/s1/1704df8b-b5f8-4794-bda5-f1483faed74e/current/raft-meta.conf with options [REPLACE_EXISTING]
2025-09-29 07:15:00,050 [timer0] INFO  server.GrpcServerProtocolService (GrpcServerProtocolService.java:lambda$onCompleted$6(174)) - s0: Completed APPEND_ENTRIES, lastRequest: null  (Repeated 5 times in the last 5.000s)
2025-09-29 07:15:00,050 [timer7] INFO  server.GrpcServerProtocolService (GrpcServerProtocolService.java:lambda$onCompleted$6(174)) - s2: Completed APPEND_ENTRIES, lastRequest: s0->s2#13-t1,previous=(t:1, i:3),leaderCommit=3,initializing? false,entries: size=1, first=(t:1, i:4), METADATAENTRY(c:3)  (Repeated 6 times in the last 5.000s)
2025-09-29 07:15:00,112 [main] INFO  ratis.RaftTestUtil (RaftTestUtil.java:waitForLeader(131)) - printing ALL groups
  s0:  RUNNING  FOLLOWER (RUNNING): s0@group-F1483FAED74E:t1, leader=s2, voted=s2, raftlog=Memoized:s0@group-F1483FAED74E-SegmentedRaftLog:OPENED:c0:last(t:1, i:0), conf=conf: {index: 0, cur=peers:[s0|localhost:15120, s1|localhost:15124, s2|localhost:15128]|listeners:[], old=null}
  s1:  RUNNING  FOLLOWER (RUNNING): s1@group-F1483FAED74E:t1, leader=s2, voted=s2, raftlog=Memoized:s1@group-F1483FAED74E-SegmentedRaftLog:OPENED:c0:last(t:1, i:0), conf=conf: {index: 0, cur=peers:[s0|localhost:15120, s1|localhost:15124, s2|localhost:15128]|listeners:[], old=null}
  s2:  RUNNING    LEADER (RUNNING): s2@group-F1483FAED74E:t1, leader=s2, voted=s2, raftlog=Memoized:s2@group-F1483FAED74E-SegmentedRaftLog:OPENED:c0:last(t:1, i:0), conf=conf: {index: 0, cur=peers:[s0|localhost:15120, s1|localhost:15124, s2|localhost:15128]|listeners:[], old=null}
2025-09-29 07:15:00,117 [s2-client-thread1] DEBUG server.RaftServer$Division (RaftServerImpl.java:submitClientRequestAsync(939)) - s2@group-F1483FAED74E: receive client request(RaftClientRequest:client-AA05375368FE->s2@group-F1483FAED74E, cid=134, seq=null, RW, Message:494e4352454d454e54)
2025-09-29 07:15:00,118 [s2-client-thread1] DEBUG server.RaftServer$Division (LeaderStateImpl.java:addPendingRequest(526)) - s2@group-F1483FAED74E-LeaderStateImpl: addPendingRequest at RaftClientRequest:client-AA05375368FE->s2@group-F1483FAED74E, cid=134, seq=null, RW, Message:494e4352454d454e54, entry=(t:1, i:1), STATEMACHINELOGENTRY, WRITE: logData.size=9, stateMachineData.size=0, logEntryProtoSerializedSize=0
2025-09-29 07:15:00,119 [grpc-default-executor-1] DEBUG server.RaftServer$Division (RaftServerImpl.java:logAppendEntries(1536)) - s0@group-F1483FAED74E: appendEntries* s2->s0#5-t1,previous=(t:1, i:0),leaderCommit=0,initializing? false,entries: size=1, first=(t:1, i:1), STATEMACHINELOGENTRY, StateMachineLogEntryProto:134@client-AA05375368FE
2025-09-29 07:15:00,119 [grpc-default-executor-2] DEBUG server.RaftServer$Division (RaftServerImpl.java:logAppendEntries(1536)) - s1@group-F1483FAED74E: appendEntries* s2->s1#7-t1,previous=(t:1, i:0),leaderCommit=0,initializing? false,entries: size=1, first=(t:1, i:1), STATEMACHINELOGENTRY, StateMachineLogEntryProto:134@client-AA05375368FE
2025-09-29 07:15:00,120 [s0-server-thread2] DEBUG server.RaftServer$Division (RaftServerImpl.java:logAppendEntries(1536)) - s0@group-F1483FAED74E: appendEntries* reply s2<-s0#5:OK-t1,SUCCESS,nextIndex=2,followerCommit=0,matchIndex=1
2025-09-29 07:15:00,120 [s1-server-thread1] DEBUG server.RaftServer$Division (RaftServerImpl.java:logAppendEntries(1536)) - s1@group-F1483FAED74E: appendEntries* reply s2<-s1#7:OK-t1,SUCCESS,nextIndex=2,followerCommit=0,matchIndex=1
2025-09-29 07:15:00,121 [s2@group-F1483FAED74E-StateMachineUpdater] INFO  statemachine.StateMachine (ReadOnlyRequestTests.java:applyTransaction(375)) - receive command: INCREMENT
2025-09-29 07:15:00,122 [grpc-default-executor-2] DEBUG server.RaftServer$Division (RaftServerImpl.java:logAppendEntries(1536)) - s0@group-F1483FAED74E: appendEntries* s2->s0#7-t1,previous=(t:1, i:1),leaderCommit=1,initializing? false,entries: size=1, first=(t:1, i:2), METADATAENTRY(c:1)
2025-09-29 07:15:00,122 [grpc-default-executor-1] DEBUG server.RaftServer$Division (RaftServerImpl.java:logAppendEntries(1536)) - s1@group-F1483FAED74E: appendEntries* s2->s1#8-t1,previous=(t:1, i:1),leaderCommit=1,initializing? false,entries: size=1, first=(t:1, i:2), METADATAENTRY(c:1)
2025-09-29 07:15:00,124 [s0-server-thread2] DEBUG server.RaftServer$Division (RaftServerImpl.java:logAppendEntries(1536)) - s0@group-F1483FAED74E: appendEntries* reply s2<-s0#7:OK-t1,SUCCESS,nextIndex=3,followerCommit=1,matchIndex=2
2025-09-29 07:15:00,124 [s1-server-thread1] DEBUG server.RaftServer$Division (RaftServerImpl.java:logAppendEntries(1536)) - s1@group-F1483FAED74E: appendEntries* reply s2<-s1#8:OK-t1,SUCCESS,nextIndex=3,followerCommit=1,matchIndex=2
2025-09-29 07:15:00,125 [s1@group-F1483FAED74E-StateMachineUpdater] INFO  statemachine.StateMachine (ReadOnlyRequestTests.java:applyTransaction(375)) - receive command: INCREMENT
2025-09-29 07:15:00,125 [s0@group-F1483FAED74E-StateMachineUpdater] INFO  statemachine.StateMachine (ReadOnlyRequestTests.java:applyTransaction(375)) - receive command: INCREMENT
2025-09-29 07:15:00,127 [s2-client-thread1] DEBUG server.RaftServer$Division (RaftServerImpl.java:submitClientRequestAsync(939)) - s2@group-F1483FAED74E: receive client request(RaftClientRequest:client-AA05375368FE->s2@group-F1483FAED74E, cid=135, seq=null, RO, Message:5155455259)
2025-09-29 07:15:00,127 [s2-client-thread1] DEBUG server.RaftServer$Division (LeaderStateImpl.java:getReadIndex(1147)) - readIndex=2, readAfterWriteConsistentIndex=null
2025-09-29 07:15:00,129 [s2-client-thread1] DEBUG server.RaftServer$Division (RaftServerImpl.java:submitClientRequestAsync(939)) - s2@group-F1483FAED74E: receive client request(RaftClientRequest:client-AA05375368FE->s2@group-F1483FAED74E, cid=136, seq=null, RW, Message:494e4352454d454e54)
2025-09-29 07:15:00,130 [s2-client-thread1] DEBUG server.RaftServer$Division (LeaderStateImpl.java:addPendingRequest(526)) - s2@group-F1483FAED74E-LeaderStateImpl: addPendingRequest at RaftClientRequest:client-AA05375368FE->s2@group-F1483FAED74E, cid=136, seq=null, RW, Message:494e4352454d454e54, entry=(t:1, i:3), STATEMACHINELOGENTRY, WRITE: logData.size=9, stateMachineData.size=0, logEntryProtoSerializedSize=0
2025-09-29 07:15:00,131 [grpc-default-executor-2] DEBUG server.RaftServer$Division (RaftServerImpl.java:logAppendEntries(1536)) - s0@group-F1483FAED74E: appendEntries* s2->s0#9-t1,previous=(t:1, i:2),leaderCommit=2,initializing? false,entries: size=1, first=(t:1, i:3), STATEMACHINELOGENTRY, StateMachineLogEntryProto:136@client-AA05375368FE
2025-09-29 07:15:00,132 [grpc-default-executor-0] DEBUG server.RaftServer$Division (RaftServerImpl.java:logAppendEntries(1536)) - s1@group-F1483FAED74E: appendEntries* s2->s1#10-t1,previous=(t:1, i:2),leaderCommit=2,initializing? false,entries: size=1, first=(t:1, i:3), STATEMACHINELOGENTRY, StateMachineLogEntryProto:136@client-AA05375368FE
2025-09-29 07:15:00,133 [s0-server-thread2] DEBUG server.RaftServer$Division (RaftServerImpl.java:logAppendEntries(1536)) - s0@group-F1483FAED74E: appendEntries* reply s2<-s0#9:OK-t1,SUCCESS,nextIndex=4,followerCommit=2,matchIndex=3
2025-09-29 07:15:00,134 [s2@group-F1483FAED74E-StateMachineUpdater] INFO  statemachine.StateMachine (ReadOnlyRequestTests.java:applyTransaction(375)) - receive command: INCREMENT
2025-09-29 07:15:00,134 [grpc-default-executor-0] DEBUG server.RaftServer$Division (RaftServerImpl.java:logAppendEntries(1536)) - s0@group-F1483FAED74E: appendEntries* s2->s0#10-t1,previous=(t:1, i:3),leaderCommit=3,initializing? false,entries: size=1, first=(t:1, i:4), METADATAENTRY(c:3)
2025-09-29 07:15:00,135 [grpc-default-executor-2] DEBUG server.RaftServer$Division (RaftServerImpl.java:logAppendEntries(1536)) - s1@group-F1483FAED74E: appendEntries* s2->s1#12-t1,previous=(t:1, i:3),leaderCommit=3,initializing? false,entries: size=1, first=(t:1, i:4), METADATAENTRY(c:3)
2025-09-29 07:15:00,135 [s0-server-thread2] DEBUG server.RaftServer$Division (RaftServerImpl.java:logAppendEntries(1536)) - s0@group-F1483FAED74E: appendEntries* reply s2<-s0#10:OK-t1,SUCCESS,nextIndex=5,followerCommit=3,matchIndex=4
2025-09-29 07:15:00,136 [s0@group-F1483FAED74E-StateMachineUpdater] INFO  statemachine.StateMachine (ReadOnlyRequestTests.java:applyTransaction(375)) - receive command: INCREMENT
2025-09-29 07:15:00,136 [s1-server-thread1] DEBUG server.RaftServer$Division (RaftServerImpl.java:logAppendEntries(1536)) - s1@group-F1483FAED74E: appendEntries* reply s2<-s1#10:OK-t1,SUCCESS,nextIndex=4,followerCommit=2,matchIndex=3
2025-09-29 07:15:00,137 [s1-server-thread1] DEBUG server.RaftServer$Division (RaftServerImpl.java:logAppendEntries(1536)) - s1@group-F1483FAED74E: appendEntries* reply s2<-s1#12:OK-t1,SUCCESS,nextIndex=5,followerCommit=3,matchIndex=4
2025-09-29 07:15:00,138 [s1@group-F1483FAED74E-StateMachineUpdater] INFO  statemachine.StateMachine (ReadOnlyRequestTests.java:applyTransaction(375)) - receive command: INCREMENT
2025-09-29 07:15:00,138 [s2-client-thread1] DEBUG server.RaftServer$Division (RaftServerImpl.java:submitClientRequestAsync(939)) - s2@group-F1483FAED74E: receive client request(RaftClientRequest:client-AA05375368FE->s2@group-F1483FAED74E, cid=137, seq=null, RO, Message:5155455259)
2025-09-29 07:15:00,139 [s2-client-thread1] DEBUG server.RaftServer$Division (LeaderStateImpl.java:getReadIndex(1147)) - readIndex=4, readAfterWriteConsistentIndex=null
2025-09-29 07:15:00,141 [s2-client-thread1] DEBUG server.RaftServer$Division (RaftServerImpl.java:submitClientRequestAsync(939)) - s2@group-F1483FAED74E: receive client request(RaftClientRequest:client-AA05375368FE->s2@group-F1483FAED74E, cid=138, seq=null, RW, Message:494e4352454d454e54)
2025-09-29 07:15:00,141 [s2-client-thread1] DEBUG server.RaftServer$Division (LeaderStateImpl.java:addPendingRequest(526)) - s2@group-F1483FAED74E-LeaderStateImpl: addPendingRequest at RaftClientRequest:client-AA05375368FE->s2@group-F1483FAED74E, cid=138, seq=null, RW, Message:494e4352454d454e54, entry=(t:1, i:5), STATEMACHINELOGENTRY, WRITE: logData.size=9, stateMachineData.size=0, logEntryProtoSerializedSize=0
2025-09-29 07:15:00,142 [grpc-default-executor-0] DEBUG server.RaftServer$Division (RaftServerImpl.java:logAppendEntries(1536)) - s0@group-F1483FAED74E: appendEntries* s2->s0#13-t1,previous=(t:1, i:4),leaderCommit=4,initializing? false,entries: size=1, first=(t:1, i:5), STATEMACHINELOGENTRY, StateMachineLogEntryProto:138@client-AA05375368FE
2025-09-29 07:15:00,142 [grpc-default-executor-2] DEBUG server.RaftServer$Division (RaftServerImpl.java:logAppendEntries(1536)) - s1@group-F1483FAED74E: appendEntries* s2->s1#17-t1,previous=(t:1, i:4),leaderCommit=4,initializing? false,entries: size=1, first=(t:1, i:5), STATEMACHINELOGENTRY, StateMachineLogEntryProto:138@client-AA05375368FE
2025-09-29 07:15:00,143 [s1-server-thread2] DEBUG server.RaftServer$Division (RaftServerImpl.java:logAppendEntries(1536)) - s1@group-F1483FAED74E: appendEntries* reply s2<-s1#17:OK-t1,SUCCESS,nextIndex=6,followerCommit=4,matchIndex=5
2025-09-29 07:15:00,143 [s0-server-thread2] DEBUG server.RaftServer$Division (RaftServerImpl.java:logAppendEntries(1536)) - s0@group-F1483FAED74E: appendEntries* reply s2<-s0#13:OK-t1,SUCCESS,nextIndex=6,followerCommit=4,matchIndex=5
2025-09-29 07:15:00,145 [s2@group-F1483FAED74E-StateMachineUpdater] INFO  statemachine.StateMachine (ReadOnlyRequestTests.java:applyTransaction(375)) - receive command: INCREMENT
2025-09-29 07:15:00,146 [grpc-default-executor-2] DEBUG server.RaftServer$Division (RaftServerImpl.java:logAppendEntries(1536)) - s0@group-F1483FAED74E: appendEntries* s2->s0#15-t1,previous=(t:1, i:5),leaderCommit=5,initializing? false,entries: size=1, first=(t:1, i:6), METADATAENTRY(c:5)
2025-09-29 07:15:00,146 [grpc-default-executor-0] DEBUG server.RaftServer$Division (RaftServerImpl.java:logAppendEntries(1536)) - s1@group-F1483FAED74E: appendEntries* s2->s1#18-t1,previous=(t:1, i:5),leaderCommit=5,initializing? false,entries: size=1, first=(t:1, i:6), METADATAENTRY(c:5)
2025-09-29 07:15:00,147 [s0-server-thread2] DEBUG server.RaftServer$Division (RaftServerImpl.java:logAppendEntries(1536)) - s0@group-F1483FAED74E: appendEntries* reply s2<-s0#15:OK-t1,SUCCESS,nextIndex=7,followerCommit=5,matchIndex=6
2025-09-29 07:15:00,147 [s1-server-thread2] DEBUG server.RaftServer$Division (RaftServerImpl.java:logAppendEntries(1536)) - s1@group-F1483FAED74E: appendEntries* reply s2<-s1#18:OK-t1,SUCCESS,nextIndex=7,followerCommit=5,matchIndex=6
2025-09-29 07:15:00,148 [s1@group-F1483FAED74E-StateMachineUpdater] INFO  statemachine.StateMachine (ReadOnlyRequestTests.java:applyTransaction(375)) - receive command: INCREMENT
2025-09-29 07:15:00,148 [s0@group-F1483FAED74E-StateMachineUpdater] INFO  statemachine.StateMachine (ReadOnlyRequestTests.java:applyTransaction(375)) - receive command: INCREMENT
2025-09-29 07:15:00,150 [s2-client-thread1] DEBUG server.RaftServer$Division (RaftServerImpl.java:submitClientRequestAsync(939)) - s2@group-F1483FAED74E: receive client request(RaftClientRequest:client-AA05375368FE->s2@group-F1483FAED74E, cid=139, seq=null, RO, Message:5155455259)
2025-09-29 07:15:00,150 [s2-client-thread1] DEBUG server.RaftServer$Division (LeaderStateImpl.java:getReadIndex(1147)) - readIndex=6, readAfterWriteConsistentIndex=null
2025-09-29 07:15:00,153 [s2-client-thread1] DEBUG server.RaftServer$Division (RaftServerImpl.java:submitClientRequestAsync(939)) - s2@group-F1483FAED74E: receive client request(RaftClientRequest:client-AA05375368FE->s2@group-F1483FAED74E, cid=140, seq=null, RW, Message:494e4352454d454e54)
2025-09-29 07:15:00,153 [s2-client-thread1] DEBUG server.RaftServer$Division (LeaderStateImpl.java:addPendingRequest(526)) - s2@group-F1483FAED74E-LeaderStateImpl: addPendingRequest at RaftClientRequest:client-AA05375368FE->s2@group-F1483FAED74E, cid=140, seq=null, RW, Message:494e4352454d454e54, entry=(t:1, i:7), STATEMACHINELOGENTRY, WRITE: logData.size=9, stateMachineData.size=0, logEntryProtoSerializedSize=0
2025-09-29 07:15:00,154 [grpc-default-executor-1] DEBUG server.RaftServer$Division (RaftServerImpl.java:logAppendEntries(1536)) - s0@group-F1483FAED74E: appendEntries* s2->s0#18-t1,previous=(t:1, i:6),leaderCommit=6,initializing? false,entries: size=1, first=(t:1, i:7), STATEMACHINELOGENTRY, StateMachineLogEntryProto:140@client-AA05375368FE
2025-09-29 07:15:00,154 [grpc-default-executor-0] DEBUG server.RaftServer$Division (RaftServerImpl.java:logAppendEntries(1536)) - s1@group-F1483FAED74E: appendEntries* s2->s1#20-t1,previous=(t:1, i:6),leaderCommit=6,initializing? false,entries: size=1, first=(t:1, i:7), STATEMACHINELOGENTRY, StateMachineLogEntryProto:140@client-AA05375368FE
2025-09-29 07:15:00,156 [s0-server-thread2] DEBUG server.RaftServer$Division (RaftServerImpl.java:logAppendEntries(1536)) - s0@group-F1483FAED74E: appendEntries* reply s2<-s0#18:OK-t1,SUCCESS,nextIndex=8,followerCommit=6,matchIndex=7
2025-09-29 07:15:00,157 [s2@group-F1483FAED74E-StateMachineUpdater] INFO  statemachine.StateMachine (ReadOnlyRequestTests.java:applyTransaction(375)) - receive command: INCREMENT
2025-09-29 07:15:00,158 [grpc-default-executor-0] DEBUG server.RaftServer$Division (RaftServerImpl.java:logAppendEntries(1536)) - s0@group-F1483FAED74E: appendEntries* s2->s0#19-t1,previous=(t:1, i:7),leaderCommit=7,initializing? false,entries: size=1, first=(t:1, i:8), METADATAENTRY(c:7)
2025-09-29 07:15:00,156 [s1-server-thread2] DEBUG server.RaftServer$Division (RaftServerImpl.java:logAppendEntries(1536)) - s1@group-F1483FAED74E: appendEntries* reply s2<-s1#20:OK-t1,SUCCESS,nextIndex=8,followerCommit=6,matchIndex=7
2025-09-29 07:15:00,159 [s0-server-thread2] DEBUG server.RaftServer$Division (RaftServerImpl.java:logAppendEntries(1536)) - s0@group-F1483FAED74E: appendEntries* reply s2<-s0#19:OK-t1,SUCCESS,nextIndex=9,followerCommit=7,matchIndex=8
2025-09-29 07:15:00,159 [grpc-default-executor-0] DEBUG server.RaftServer$Division (RaftServerImpl.java:logAppendEntries(1536)) - s1@group-F1483FAED74E: appendEntries* s2->s1#22-t1,previous=(t:1, i:7),leaderCommit=7,initializing? false,entries: size=1, first=(t:1, i:8), METADATAENTRY(c:7)
2025-09-29 07:15:00,160 [s1@group-F1483FAED74E-StateMachineUpdater] INFO  statemachine.StateMachine (ReadOnlyRequestTests.java:applyTransaction(375)) - receive command: INCREMENT
2025-09-29 07:15:00,160 [s1-server-thread2] DEBUG server.RaftServer$Division (RaftServerImpl.java:logAppendEntries(1536)) - s1@group-F1483FAED74E: appendEntries* reply s2<-s1#22:OK-t1,SUCCESS,nextIndex=9,followerCommit=7,matchIndex=8
2025-09-29 07:15:00,160 [s0@group-F1483FAED74E-StateMachineUpdater] INFO  statemachine.StateMachine (ReadOnlyRequestTests.java:applyTransaction(375)) - receive command: INCREMENT
2025-09-29 07:15:00,162 [s2-client-thread1] DEBUG server.RaftServer$Division (RaftServerImpl.java:submitClientRequestAsync(939)) - s2@group-F1483FAED74E: receive client request(RaftClientRequest:client-AA05375368FE->s2@group-F1483FAED74E, cid=141, seq=null, RO, Message:5155455259)
2025-09-29 07:15:00,162 [s2-client-thread1] DEBUG server.RaftServer$Division (LeaderStateImpl.java:getReadIndex(1147)) - readIndex=8, readAfterWriteConsistentIndex=null
2025-09-29 07:15:00,165 [s2-client-thread1] DEBUG server.RaftServer$Division (RaftServerImpl.java:submitClientRequestAsync(939)) - s2@group-F1483FAED74E: receive client request(RaftClientRequest:client-AA05375368FE->s2@group-F1483FAED74E, cid=142, seq=null, RW, Message:494e4352454d454e54)
2025-09-29 07:15:00,165 [s2-client-thread1] DEBUG server.RaftServer$Division (LeaderStateImpl.java:addPendingRequest(526)) - s2@group-F1483FAED74E-LeaderStateImpl: addPendingRequest at RaftClientRequest:client-AA05375368FE->s2@group-F1483FAED74E, cid=142, seq=null, RW, Message:494e4352454d454e54, entry=(t:1, i:9), STATEMACHINELOGENTRY, WRITE: logData.size=9, stateMachineData.size=0, logEntryProtoSerializedSize=0
2025-09-29 07:15:00,166 [grpc-default-executor-2] DEBUG server.RaftServer$Division (RaftServerImpl.java:logAppendEntries(1536)) - s1@group-F1483FAED74E: appendEntries* s2->s1#26-t1,previous=(t:1, i:8),leaderCommit=8,initializing? false,entries: size=1, first=(t:1, i:9), STATEMACHINELOGENTRY, StateMachineLogEntryProto:142@client-AA05375368FE
2025-09-29 07:15:00,166 [grpc-default-executor-0] DEBUG server.RaftServer$Division (RaftServerImpl.java:logAppendEntries(1536)) - s0@group-F1483FAED74E: appendEntries* s2->s0#22-t1,previous=(t:1, i:8),leaderCommit=8,initializing? false,entries: size=1, first=(t:1, i:9), STATEMACHINELOGENTRY, StateMachineLogEntryProto:142@client-AA05375368FE
2025-09-29 07:15:00,167 [s0-server-thread2] DEBUG server.RaftServer$Division (RaftServerImpl.java:logAppendEntries(1536)) - s0@group-F1483FAED74E: appendEntries* reply s2<-s0#22:OK-t1,SUCCESS,nextIndex=10,followerCommit=8,matchIndex=9
2025-09-29 07:15:00,168 [s1-server-thread2] DEBUG server.RaftServer$Division (RaftServerImpl.java:logAppendEntries(1536)) - s1@group-F1483FAED74E: appendEntries* reply s2<-s1#26:OK-t1,SUCCESS,nextIndex=10,followerCommit=8,matchIndex=9
2025-09-29 07:15:00,170 [grpc-default-executor-1] DEBUG server.RaftServer$Division (RaftServerImpl.java:logAppendEntries(1536)) - s1@group-F1483FAED74E: appendEntries* s2->s1#27-t1,previous=(t:1, i:9),leaderCommit=9,initializing? false,entries: size=1, first=(t:1, i:10), METADATAENTRY(c:9)
2025-09-29 07:15:00,170 [s2@group-F1483FAED74E-StateMachineUpdater] INFO  statemachine.StateMachine (ReadOnlyRequestTests.java:applyTransaction(375)) - receive command: INCREMENT
2025-09-29 07:15:00,171 [s1@group-F1483FAED74E-StateMachineUpdater] INFO  statemachine.StateMachine (ReadOnlyRequestTests.java:applyTransaction(375)) - receive command: INCREMENT
2025-09-29 07:15:00,171 [s1-server-thread2] DEBUG server.RaftServer$Division (RaftServerImpl.java:logAppendEntries(1536)) - s1@group-F1483FAED74E: appendEntries* reply s2<-s1#27:OK-t1,SUCCESS,nextIndex=11,followerCommit=9,matchIndex=10
2025-09-29 07:15:00,170 [grpc-default-executor-1] DEBUG server.RaftServer$Division (RaftServerImpl.java:logAppendEntries(1536)) - s0@group-F1483FAED74E: appendEntries* s2->s0#23-t1,previous=(t:1, i:9),leaderCommit=9,initializing? false,entries: size=1, first=(t:1, i:10), METADATAENTRY(c:9)
2025-09-29 07:15:00,174 [s0-server-thread2] DEBUG server.RaftServer$Division (RaftServerImpl.java:logAppendEntries(1536)) - s0@group-F1483FAED74E: appendEntries* reply s2<-s0#23:OK-t1,SUCCESS,nextIndex=11,followerCommit=9,matchIndex=10
2025-09-29 07:15:00,174 [s0@group-F1483FAED74E-StateMachineUpdater] INFO  statemachine.StateMachine (ReadOnlyRequestTests.java:applyTransaction(375)) - receive command: INCREMENT
2025-09-29 07:15:00,176 [s2-client-thread1] DEBUG server.RaftServer$Division (RaftServerImpl.java:submitClientRequestAsync(939)) - s2@group-F1483FAED74E: receive client request(RaftClientRequest:client-AA05375368FE->s2@group-F1483FAED74E, cid=143, seq=null, RO, Message:5155455259)
2025-09-29 07:15:00,176 [s2-client-thread1] DEBUG server.RaftServer$Division (LeaderStateImpl.java:getReadIndex(1147)) - readIndex=10, readAfterWriteConsistentIndex=null
2025-09-29 07:15:00,179 [s2-client-thread1] DEBUG server.RaftServer$Division (RaftServerImpl.java:submitClientRequestAsync(939)) - s2@group-F1483FAED74E: receive client request(RaftClientRequest:client-AA05375368FE->s2@group-F1483FAED74E, cid=144, seq=null, RW, Message:494e4352454d454e54)
2025-09-29 07:15:00,179 [s2-client-thread1] DEBUG server.RaftServer$Division (LeaderStateImpl.java:addPendingRequest(526)) - s2@group-F1483FAED74E-LeaderStateImpl: addPendingRequest at RaftClientRequest:client-AA05375368FE->s2@group-F1483FAED74E, cid=144, seq=null, RW, Message:494e4352454d454e54, entry=(t:1, i:11), STATEMACHINELOGENTRY, WRITE: logData.size=9, stateMachineData.size=0, logEntryProtoSerializedSize=0
2025-09-29 07:15:00,180 [grpc-default-executor-1] DEBUG server.RaftServer$Division (RaftServerImpl.java:logAppendEntries(1536)) - s0@group-F1483FAED74E: appendEntries* s2->s0#28-t1,previous=(t:1, i:10),leaderCommit=10,initializing? false,entries: size=1, first=(t:1, i:11), STATEMACHINELOGENTRY, StateMachineLogEntryProto:144@client-AA05375368FE
2025-09-29 07:15:00,181 [grpc-default-executor-0] DEBUG server.RaftServer$Division (RaftServerImpl.java:logAppendEntries(1536)) - s1@group-F1483FAED74E: appendEntries* s2->s1#30-t1,previous=(t:1, i:10),leaderCommit=10,initializing? false,entries: size=1, first=(t:1, i:11), STATEMACHINELOGENTRY, StateMachineLogEntryProto:144@client-AA05375368FE
2025-09-29 07:15:00,181 [s0-server-thread2] DEBUG server.RaftServer$Division (RaftServerImpl.java:logAppendEntries(1536)) - s0@group-F1483FAED74E: appendEntries* reply s2<-s0#28:OK-t1,SUCCESS,nextIndex=12,followerCommit=10,matchIndex=11
2025-09-29 07:15:00,183 [s1-server-thread2] DEBUG server.RaftServer$Division (RaftServerImpl.java:logAppendEntries(1536)) - s1@group-F1483FAED74E: appendEntries* reply s2<-s1#30:OK-t1,SUCCESS,nextIndex=12,followerCommit=10,matchIndex=11
2025-09-29 07:15:00,184 [s2@group-F1483FAED74E-StateMachineUpdater] INFO  statemachine.StateMachine (ReadOnlyRequestTests.java:applyTransaction(375)) - receive command: INCREMENT
2025-09-29 07:15:00,184 [grpc-default-executor-0] DEBUG server.RaftServer$Division (RaftServerImpl.java:logAppendEntries(1536)) - s1@group-F1483FAED74E: appendEntries* s2->s1#31-t1,previous=(t:1, i:11),leaderCommit=11,initializing? false,entries: size=1, first=(t:1, i:12), METADATAENTRY(c:11)
2025-09-29 07:15:00,186 [grpc-default-executor-1] DEBUG server.RaftServer$Division (RaftServerImpl.java:logAppendEntries(1536)) - s0@group-F1483FAED74E: appendEntries* s2->s0#29-t1,previous=(t:1, i:11),leaderCommit=11,initializing? false,entries: size=1, first=(t:1, i:12), METADATAENTRY(c:11)
2025-09-29 07:15:00,187 [s0-server-thread2] DEBUG server.RaftServer$Division (RaftServerImpl.java:logAppendEntries(1536)) - s0@group-F1483FAED74E: appendEntries* reply s2<-s0#29:OK-t1,SUCCESS,nextIndex=13,followerCommit=11,matchIndex=12
2025-09-29 07:15:00,187 [s0@group-F1483FAED74E-StateMachineUpdater] INFO  statemachine.StateMachine (ReadOnlyRequestTests.java:applyTransaction(375)) - receive command: INCREMENT
2025-09-29 07:15:00,188 [s1-server-thread2] DEBUG server.RaftServer$Division (RaftServerImpl.java:logAppendEntries(1536)) - s1@group-F1483FAED74E: appendEntries* reply s2<-s1#31:OK-t1,SUCCESS,nextIndex=13,followerCommit=11,matchIndex=12
2025-09-29 07:15:00,188 [s1@group-F1483FAED74E-StateMachineUpdater] INFO  statemachine.StateMachine (ReadOnlyRequestTests.java:applyTransaction(375)) - receive command: INCREMENT
2025-09-29 07:15:00,190 [s2-client-thread1] DEBUG server.RaftServer$Division (RaftServerImpl.java:submitClientRequestAsync(939)) - s2@group-F1483FAED74E: receive client request(RaftClientRequest:client-AA05375368FE->s2@group-F1483FAED74E, cid=145, seq=null, RO, Message:5155455259)
2025-09-29 07:15:00,190 [s2-client-thread1] DEBUG server.RaftServer$Division (LeaderStateImpl.java:getReadIndex(1147)) - readIndex=12, readAfterWriteConsistentIndex=null
2025-09-29 07:15:00,193 [s2-client-thread1] DEBUG server.RaftServer$Division (RaftServerImpl.java:submitClientRequestAsync(939)) - s2@group-F1483FAED74E: receive client request(RaftClientRequest:client-AA05375368FE->s2@group-F1483FAED74E, cid=146, seq=null, RW, Message:494e4352454d454e54)
2025-09-29 07:15:00,194 [s2-client-thread1] DEBUG server.RaftServer$Division (LeaderStateImpl.java:addPendingRequest(526)) - s2@group-F1483FAED74E-LeaderStateImpl: addPendingRequest at RaftClientRequest:client-AA05375368FE->s2@group-F1483FAED74E, cid=146, seq=null, RW, Message:494e4352454d454e54, entry=(t:1, i:13), STATEMACHINELOGENTRY, WRITE: logData.size=9, stateMachineData.size=0, logEntryProtoSerializedSize=0
2025-09-29 07:15:00,195 [grpc-default-executor-4] DEBUG server.RaftServer$Division (RaftServerImpl.java:logAppendEntries(1536)) - s1@group-F1483FAED74E: appendEntries* s2->s1#37-t1,previous=(t:1, i:12),leaderCommit=12,initializing? false,entries: size=1, first=(t:1, i:13), STATEMACHINELOGENTRY, StateMachineLogEntryProto:146@client-AA05375368FE
2025-09-29 07:15:00,196 [grpc-default-executor-1] DEBUG server.RaftServer$Division (RaftServerImpl.java:logAppendEntries(1536)) - s0@group-F1483FAED74E: appendEntries* s2->s0#33-t1,previous=(t:1, i:12),leaderCommit=12,initializing? false,entries: size=1, first=(t:1, i:13), STATEMACHINELOGENTRY, StateMachineLogEntryProto:146@client-AA05375368FE
2025-09-29 07:15:00,196 [s1-server-thread2] DEBUG server.RaftServer$Division (RaftServerImpl.java:logAppendEntries(1536)) - s1@group-F1483FAED74E: appendEntries* reply s2<-s1#37:OK-t1,SUCCESS,nextIndex=14,followerCommit=12,matchIndex=13
2025-09-29 07:15:00,197 [s2@group-F1483FAED74E-StateMachineUpdater] INFO  statemachine.StateMachine (ReadOnlyRequestTests.java:applyTransaction(375)) - receive command: INCREMENT
2025-09-29 07:15:00,198 [s0-server-thread2] DEBUG server.RaftServer$Division (RaftServerImpl.java:logAppendEntries(1536)) - s0@group-F1483FAED74E: appendEntries* reply s2<-s0#33:OK-t1,SUCCESS,nextIndex=14,followerCommit=12,matchIndex=13
2025-09-29 07:15:00,198 [grpc-default-executor-1] DEBUG server.RaftServer$Division (RaftServerImpl.java:logAppendEntries(1536)) - s0@group-F1483FAED74E: appendEntries* s2->s0#35-t1,previous=(t:1, i:13),leaderCommit=13,initializing? false,entries: size=1, first=(t:1, i:14), METADATAENTRY(c:13)
2025-09-29 07:15:00,200 [grpc-default-executor-4] DEBUG server.RaftServer$Division (RaftServerImpl.java:logAppendEntries(1536)) - s1@group-F1483FAED74E: appendEntries* s2->s1#38-t1,previous=(t:1, i:13),leaderCommit=13,initializing? false,entries: size=1, first=(t:1, i:14), METADATAENTRY(c:13)
2025-09-29 07:15:00,200 [s0-server-thread2] DEBUG server.RaftServer$Division (RaftServerImpl.java:logAppendEntries(1536)) - s0@group-F1483FAED74E: appendEntries* reply s2<-s0#35:OK-t1,SUCCESS,nextIndex=15,followerCommit=13,matchIndex=14
2025-09-29 07:15:00,200 [s0@group-F1483FAED74E-StateMachineUpdater] INFO  statemachine.StateMachine (ReadOnlyRequestTests.java:applyTransaction(375)) - receive command: INCREMENT
2025-09-29 07:15:00,201 [s1-server-thread2] DEBUG server.RaftServer$Division (RaftServerImpl.java:logAppendEntries(1536)) - s1@group-F1483FAED74E: appendEntries* reply s2<-s1#38:OK-t1,SUCCESS,nextIndex=15,followerCommit=13,matchIndex=14
2025-09-29 07:15:00,201 [s1@group-F1483FAED74E-StateMachineUpdater] INFO  statemachine.StateMachine (ReadOnlyRequestTests.java:applyTransaction(375)) - receive command: INCREMENT
2025-09-29 07:15:00,203 [s2-client-thread1] DEBUG server.RaftServer$Division (RaftServerImpl.java:submitClientRequestAsync(939)) - s2@group-F1483FAED74E: receive client request(RaftClientRequest:client-AA05375368FE->s2@group-F1483FAED74E, cid=147, seq=null, RO, Message:5155455259)
2025-09-29 07:15:00,203 [s2-client-thread1] DEBUG server.RaftServer$Division (LeaderStateImpl.java:getReadIndex(1147)) - readIndex=14, readAfterWriteConsistentIndex=null
2025-09-29 07:15:00,205 [s2-client-thread1] DEBUG server.RaftServer$Division (RaftServerImpl.java:submitClientRequestAsync(939)) - s2@group-F1483FAED74E: receive client request(RaftClientRequest:client-AA05375368FE->s2@group-F1483FAED74E, cid=148, seq=null, RW, Message:494e4352454d454e54)
2025-09-29 07:15:00,206 [s2-client-thread1] DEBUG server.RaftServer$Division (LeaderStateImpl.java:addPendingRequest(526)) - s2@group-F1483FAED74E-LeaderStateImpl: addPendingRequest at RaftClientRequest:client-AA05375368FE->s2@group-F1483FAED74E, cid=148, seq=null, RW, Message:494e4352454d454e54, entry=(t:1, i:15), STATEMACHINELOGENTRY, WRITE: logData.size=9, stateMachineData.size=0, logEntryProtoSerializedSize=0
2025-09-29 07:15:00,206 [grpc-default-executor-4] DEBUG server.RaftServer$Division (RaftServerImpl.java:logAppendEntries(1536)) - s0@group-F1483FAED74E: appendEntries* s2->s0#39-t1,previous=(t:1, i:14),leaderCommit=14,initializing? false,entries: size=1, first=(t:1, i:15), STATEMACHINELOGENTRY, StateMachineLogEntryProto:148@client-AA05375368FE
2025-09-29 07:15:00,207 [grpc-default-executor-1] DEBUG server.RaftServer$Division (RaftServerImpl.java:logAppendEntries(1536)) - s1@group-F1483FAED74E: appendEntries* s2->s1#41-t1,previous=(t:1, i:14),leaderCommit=14,initializing? false,entries: size=1, first=(t:1, i:15), STATEMACHINELOGENTRY, StateMachineLogEntryProto:148@client-AA05375368FE
2025-09-29 07:15:00,208 [s1-server-thread2] DEBUG server.RaftServer$Division (RaftServerImpl.java:logAppendEntries(1536)) - s1@group-F1483FAED74E: appendEntries* reply s2<-s1#41:OK-t1,SUCCESS,nextIndex=16,followerCommit=14,matchIndex=15
2025-09-29 07:15:00,209 [s0-server-thread2] DEBUG server.RaftServer$Division (RaftServerImpl.java:logAppendEntries(1536)) - s0@group-F1483FAED74E: appendEntries* reply s2<-s0#39:OK-t1,SUCCESS,nextIndex=16,followerCommit=14,matchIndex=15
2025-09-29 07:15:00,210 [s2@group-F1483FAED74E-StateMachineUpdater] INFO  statemachine.StateMachine (ReadOnlyRequestTests.java:applyTransaction(375)) - receive command: INCREMENT
2025-09-29 07:15:00,210 [grpc-default-executor-4] DEBUG server.RaftServer$Division (RaftServerImpl.java:logAppendEntries(1536)) - s1@group-F1483FAED74E: appendEntries* s2->s1#42-t1,previous=(t:1, i:15),leaderCommit=15,initializing? false,entries: size=1, first=(t:1, i:16), METADATAENTRY(c:15)
2025-09-29 07:15:00,210 [grpc-default-executor-1] DEBUG server.RaftServer$Division (RaftServerImpl.java:logAppendEntries(1536)) - s0@group-F1483FAED74E: appendEntries* s2->s0#41-t1,previous=(t:1, i:15),leaderCommit=15,initializing? false,entries: size=1, first=(t:1, i:16), METADATAENTRY(c:15)
2025-09-29 07:15:00,211 [s0-server-thread2] DEBUG server.RaftServer$Division (RaftServerImpl.java:logAppendEntries(1536)) - s0@group-F1483FAED74E: appendEntries* reply s2<-s0#41:OK-t1,SUCCESS,nextIndex=17,followerCommit=15,matchIndex=16
2025-09-29 07:15:00,211 [s1-server-thread2] DEBUG server.RaftServer$Division (RaftServerImpl.java:logAppendEntries(1536)) - s1@group-F1483FAED74E: appendEntries* reply s2<-s1#42:OK-t1,SUCCESS,nextIndex=17,followerCommit=15,matchIndex=16
2025-09-29 07:15:00,212 [s0@group-F1483FAED74E-StateMachineUpdater] INFO  statemachine.StateMachine (ReadOnlyRequestTests.java:applyTransaction(375)) - receive command: INCREMENT
2025-09-29 07:15:00,212 [s1@group-F1483FAED74E-StateMachineUpdater] INFO  statemachine.StateMachine (ReadOnlyRequestTests.java:applyTransaction(375)) - receive command: INCREMENT
2025-09-29 07:15:00,213 [s2-client-thread1] DEBUG server.RaftServer$Division (RaftServerImpl.java:submitClientRequestAsync(939)) - s2@group-F1483FAED74E: receive client request(RaftClientRequest:client-AA05375368FE->s2@group-F1483FAED74E, cid=149, seq=null, RO, Message:5155455259)
2025-09-29 07:15:00,214 [s2-client-thread1] DEBUG server.RaftServer$Division (LeaderStateImpl.java:getReadIndex(1147)) - readIndex=16, readAfterWriteConsistentIndex=null
2025-09-29 07:15:00,216 [s2-client-thread1] DEBUG server.RaftServer$Division (RaftServerImpl.java:submitClientRequestAsync(939)) - s2@group-F1483FAED74E: receive client request(RaftClientRequest:client-AA05375368FE->s2@group-F1483FAED74E, cid=150, seq=null, RW, Message:494e4352454d454e54)
2025-09-29 07:15:00,216 [s2-client-thread1] DEBUG server.RaftServer$Division (LeaderStateImpl.java:addPendingRequest(526)) - s2@group-F1483FAED74E-LeaderStateImpl: addPendingRequest at RaftClientRequest:client-AA05375368FE->s2@group-F1483FAED74E, cid=150, seq=null, RW, Message:494e4352454d454e54, entry=(t:1, i:17), STATEMACHINELOGENTRY, WRITE: logData.size=9, stateMachineData.size=0, logEntryProtoSerializedSize=0
2025-09-29 07:15:00,217 [grpc-default-executor-1] DEBUG server.RaftServer$Division (RaftServerImpl.java:logAppendEntries(1536)) - s1@group-F1483FAED74E: appendEntries* s2->s1#44-t1,previous=(t:1, i:16),leaderCommit=16,initializing? false,entries: size=1, first=(t:1, i:17), STATEMACHINELOGENTRY, StateMachineLogEntryProto:150@client-AA05375368FE
2025-09-29 07:15:00,218 [grpc-default-executor-2] DEBUG server.RaftServer$Division (RaftServerImpl.java:logAppendEntries(1536)) - s0@group-F1483FAED74E: appendEntries* s2->s0#44-t1,previous=(t:1, i:16),leaderCommit=16,initializing? false,entries: size=1, first=(t:1, i:17), STATEMACHINELOGENTRY, StateMachineLogEntryProto:150@client-AA05375368FE
2025-09-29 07:15:00,218 [s1-server-thread2] DEBUG server.RaftServer$Division (RaftServerImpl.java:logAppendEntries(1536)) - s1@group-F1483FAED74E: appendEntries* reply s2<-s1#44:OK-t1,SUCCESS,nextIndex=18,followerCommit=16,matchIndex=17
2025-09-29 07:15:00,219 [s0-server-thread2] DEBUG server.RaftServer$Division (RaftServerImpl.java:logAppendEntries(1536)) - s0@group-F1483FAED74E: appendEntries* reply s2<-s0#44:OK-t1,SUCCESS,nextIndex=18,followerCommit=16,matchIndex=17
2025-09-29 07:15:00,220 [s2@group-F1483FAED74E-StateMachineUpdater] INFO  statemachine.StateMachine (ReadOnlyRequestTests.java:applyTransaction(375)) - receive command: INCREMENT
2025-09-29 07:15:00,221 [grpc-default-executor-2] DEBUG server.RaftServer$Division (RaftServerImpl.java:logAppendEntries(1536)) - s1@group-F1483FAED74E: appendEntries* s2->s1#45-t1,previous=(t:1, i:17),leaderCommit=17,initializing? false,entries: size=1, first=(t:1, i:18), METADATAENTRY(c:17)
2025-09-29 07:15:00,220 [grpc-default-executor-1] DEBUG server.RaftServer$Division (RaftServerImpl.java:logAppendEntries(1536)) - s0@group-F1483FAED74E: appendEntries* s2->s0#46-t1,previous=(t:1, i:17),leaderCommit=17,initializing? false,entries: size=1, first=(t:1, i:18), METADATAENTRY(c:17)
2025-09-29 07:15:00,221 [s0-server-thread1] DEBUG server.RaftServer$Division (RaftServerImpl.java:logAppendEntries(1536)) - s0@group-F1483FAED74E: appendEntries* reply s2<-s0#46:OK-t1,SUCCESS,nextIndex=19,followerCommit=17,matchIndex=18
2025-09-29 07:15:00,222 [s1-server-thread1] DEBUG server.RaftServer$Division (RaftServerImpl.java:logAppendEntries(1536)) - s1@group-F1483FAED74E: appendEntries* reply s2<-s1#45:OK-t1,SUCCESS,nextIndex=19,followerCommit=17,matchIndex=18
2025-09-29 07:15:00,222 [s1@group-F1483FAED74E-StateMachineUpdater] INFO  statemachine.StateMachine (ReadOnlyRequestTests.java:applyTransaction(375)) - receive command: INCREMENT
2025-09-29 07:15:00,222 [s0@group-F1483FAED74E-StateMachineUpdater] INFO  statemachine.StateMachine (ReadOnlyRequestTests.java:applyTransaction(375)) - receive command: INCREMENT
2025-09-29 07:15:00,225 [s2-client-thread1] DEBUG server.RaftServer$Division (RaftServerImpl.java:submitClientRequestAsync(939)) - s2@group-F1483FAED74E: receive client request(RaftClientRequest:client-AA05375368FE->s2@group-F1483FAED74E, cid=151, seq=null, RO, Message:5155455259)
2025-09-29 07:15:00,225 [s2-client-thread1] DEBUG server.RaftServer$Division (LeaderStateImpl.java:getReadIndex(1147)) - readIndex=18, readAfterWriteConsistentIndex=null
2025-09-29 07:15:00,228 [s2-client-thread1] DEBUG server.RaftServer$Division (RaftServerImpl.java:submitClientRequestAsync(939)) - s2@group-F1483FAED74E: receive client request(RaftClientRequest:client-AA05375368FE->s2@group-F1483FAED74E, cid=152, seq=null, RW, Message:494e4352454d454e54)
2025-09-29 07:15:00,228 [s2-client-thread1] DEBUG server.RaftServer$Division (LeaderStateImpl.java:addPendingRequest(526)) - s2@group-F1483FAED74E-LeaderStateImpl: addPendingRequest at RaftClientRequest:client-AA05375368FE->s2@group-F1483FAED74E, cid=152, seq=null, RW, Message:494e4352454d454e54, entry=(t:1, i:19), STATEMACHINELOGENTRY, WRITE: logData.size=9, stateMachineData.size=0, logEntryProtoSerializedSize=0
2025-09-29 07:15:00,229 [grpc-default-executor-4] DEBUG server.RaftServer$Division (RaftServerImpl.java:logAppendEntries(1536)) - s1@group-F1483FAED74E: appendEntries* s2->s1#50-t1,previous=(t:1, i:18),leaderCommit=18,initializing? false,entries: size=1, first=(t:1, i:19), STATEMACHINELOGENTRY, StateMachineLogEntryProto:152@client-AA05375368FE
2025-09-29 07:15:00,230 [s1-server-thread1] DEBUG server.RaftServer$Division (RaftServerImpl.java:logAppendEntries(1536)) - s1@group-F1483FAED74E: appendEntries* reply s2<-s1#50:OK-t1,SUCCESS,nextIndex=20,followerCommit=18,matchIndex=19
2025-09-29 07:15:00,230 [grpc-default-executor-4] DEBUG server.RaftServer$Division (RaftServerImpl.java:logAppendEntries(1536)) - s0@group-F1483FAED74E: appendEntries* s2->s0#49-t1,previous=(t:1, i:18),leaderCommit=18,initializing? false,entries: size=1, first=(t:1, i:19), STATEMACHINELOGENTRY, StateMachineLogEntryProto:152@client-AA05375368FE
2025-09-29 07:15:00,231 [s0-server-thread1] DEBUG server.RaftServer$Division (RaftServerImpl.java:logAppendEntries(1536)) - s0@group-F1483FAED74E: appendEntries* reply s2<-s0#49:OK-t1,SUCCESS,nextIndex=20,followerCommit=18,matchIndex=19
2025-09-29 07:15:00,232 [grpc-default-executor-1] DEBUG server.RaftServer$Division (RaftServerImpl.java:logAppendEntries(1536)) - s1@group-F1483FAED74E: appendEntries* s2->s1#51-t1,previous=(t:1, i:19),leaderCommit=19,initializing? false,entries: size=1, first=(t:1, i:20), METADATAENTRY(c:19)
2025-09-29 07:15:00,232 [grpc-default-executor-2] DEBUG server.RaftServer$Division (RaftServerImpl.java:logAppendEntries(1536)) - s0@group-F1483FAED74E: appendEntries* s2->s0#51-t1,previous=(t:1, i:19),leaderCommit=19,initializing? false,entries: size=1, first=(t:1, i:20), METADATAENTRY(c:19)
2025-09-29 07:15:00,231 [s2@group-F1483FAED74E-StateMachineUpdater] INFO  statemachine.StateMachine (ReadOnlyRequestTests.java:applyTransaction(375)) - receive command: INCREMENT
2025-09-29 07:15:00,234 [s1-server-thread1] DEBUG server.RaftServer$Division (RaftServerImpl.java:logAppendEntries(1536)) - s1@group-F1483FAED74E: appendEntries* reply s2<-s1#51:OK-t1,SUCCESS,nextIndex=21,followerCommit=19,matchIndex=20
2025-09-29 07:15:00,234 [s1@group-F1483FAED74E-StateMachineUpdater] INFO  statemachine.StateMachine (ReadOnlyRequestTests.java:applyTransaction(375)) - receive command: INCREMENT
2025-09-29 07:15:00,235 [s0@group-F1483FAED74E-StateMachineUpdater] INFO  statemachine.StateMachine (ReadOnlyRequestTests.java:applyTransaction(375)) - receive command: INCREMENT
2025-09-29 07:15:00,237 [s0-server-thread1] DEBUG server.RaftServer$Division (RaftServerImpl.java:logAppendEntries(1536)) - s0@group-F1483FAED74E: appendEntries* reply s2<-s0#51:OK-t1,SUCCESS,nextIndex=21,followerCommit=19,matchIndex=20
2025-09-29 07:15:00,241 [s2-client-thread1] DEBUG server.RaftServer$Division (RaftServerImpl.java:submitClientRequestAsync(939)) - s2@group-F1483FAED74E: receive client request(RaftClientRequest:client-AA05375368FE->s2@group-F1483FAED74E, cid=153, seq=null, RO, Message:5155455259)
2025-09-29 07:15:00,241 [s2-client-thread1] DEBUG server.RaftServer$Division (LeaderStateImpl.java:getReadIndex(1147)) - readIndex=20, readAfterWriteConsistentIndex=null
2025-09-29 07:15:00,244 [main] INFO  impl.MiniRaftCluster (MiniRaftCluster.java:shutdown(824)) - ************************************************************** 
2025-09-29 07:15:00,245 [main] INFO  impl.MiniRaftCluster (MiniRaftCluster.java:shutdown(825)) - *** 
2025-09-29 07:15:00,245 [main] INFO  impl.MiniRaftCluster (MiniRaftCluster.java:shutdown(826)) - ***     Stopping MiniRaftClusterWithGrpc
2025-09-29 07:15:00,245 [main] INFO  impl.MiniRaftCluster (MiniRaftCluster.java:shutdown(827)) - *** 
2025-09-29 07:15:00,245 [main] INFO  impl.MiniRaftCluster (MiniRaftCluster.java:shutdown(828)) - ************************************************************** 
2025-09-29 07:15:00,245 [main] INFO  impl.MiniRaftCluster (MiniRaftCluster.java:shutdown(829)) - printing ALL groups
  s0:  RUNNING  FOLLOWER (RUNNING): s0@group-F1483FAED74E:t1, leader=s2, voted=s2, raftlog=Memoized:s0@group-F1483FAED74E-SegmentedRaftLog:OPENED:c19:last(t:1, i:20), conf=conf: {index: 0, cur=peers:[s0|localhost:15120, s1|localhost:15124, s2|localhost:15128]|listeners:[], old=null}
  s1:  RUNNING  FOLLOWER (RUNNING): s1@group-F1483FAED74E:t1, leader=s2, voted=s2, raftlog=Memoized:s1@group-F1483FAED74E-SegmentedRaftLog:OPENED:c19:last(t:1, i:20), conf=conf: {index: 0, cur=peers:[s0|localhost:15120, s1|localhost:15124, s2|localhost:15128]|listeners:[], old=null}
  s2:  RUNNING    LEADER (RUNNING): s2@group-F1483FAED74E:t1, leader=s2, voted=s2, raftlog=Memoized:s2@group-F1483FAED74E-SegmentedRaftLog:OPENED:c20:last(t:1, i:20), conf=conf: {index: 0, cur=peers:[s0|localhost:15120, s1|localhost:15124, s2|localhost:15128]|listeners:[], old=null}
2025-09-29 07:15:00,246 [MiniRaftCluster-55] INFO  server.RaftServer (RaftServerProxy.java:lambda$close$9(425)) - s0: close
2025-09-29 07:15:00,246 [MiniRaftCluster-56] INFO  server.RaftServer (RaftServerProxy.java:lambda$close$9(425)) - s1: close
2025-09-29 07:15:00,246 [MiniRaftCluster-57] INFO  server.RaftServer (RaftServerProxy.java:lambda$close$9(425)) - s2: close
2025-09-29 07:15:00,247 [s1-impl-thread1] INFO  server.RaftServer$Division (RaftServerImpl.java:lambda$close$1(527)) - s1@group-F1483FAED74E: shutdown
2025-09-29 07:15:00,247 [s1-impl-thread1] INFO  util.JmxRegister (JmxRegister.java:unregister(74)) - Successfully un-registered JMX Bean with object name Ratis:service=RaftServer,group=group-F1483FAED74E,id=s1
2025-09-29 07:15:00,247 [s0-impl-thread1] INFO  server.RaftServer$Division (RaftServerImpl.java:lambda$close$1(527)) - s0@group-F1483FAED74E: shutdown
2025-09-29 07:15:00,247 [MiniRaftCluster-56] INFO  server.GrpcServicesImpl (GrpcServicesImpl.java:closeImpl(347)) - s1: shutdown server org.apache.ratis.grpc.server.GrpcClientProtocolService now
2025-09-29 07:15:00,247 [MiniRaftCluster-55] INFO  server.GrpcServicesImpl (GrpcServicesImpl.java:closeImpl(347)) - s0: shutdown server org.apache.ratis.grpc.server.GrpcClientProtocolService now
2025-09-29 07:15:00,249 [s2-impl-thread1] INFO  server.RaftServer$Division (RaftServerImpl.java:lambda$close$1(527)) - s2@group-F1483FAED74E: shutdown
2025-09-29 07:15:00,249 [s2-impl-thread1] INFO  util.JmxRegister (JmxRegister.java:unregister(74)) - Successfully un-registered JMX Bean with object name Ratis:service=RaftServer,group=group-F1483FAED74E,id=s2
2025-09-29 07:15:00,249 [s2-impl-thread1] INFO  impl.RoleInfo (RoleInfo.java:shutdownLeaderState(103)) - s2: shutdown s2@group-F1483FAED74E-LeaderStateImpl
2025-09-29 07:15:00,249 [s0-impl-thread1] INFO  util.JmxRegister (JmxRegister.java:unregister(74)) - Successfully un-registered JMX Bean with object name Ratis:service=RaftServer,group=group-F1483FAED74E,id=s0
2025-09-29 07:15:00,249 [s0-impl-thread1] INFO  impl.RoleInfo (RoleInfo.java:shutdownFollowerState(121)) - s0: shutdown s0@group-F1483FAED74E-FollowerState
2025-09-29 07:15:00,248 [MiniRaftCluster-57] INFO  server.GrpcServicesImpl (GrpcServicesImpl.java:closeImpl(347)) - s2: shutdown server org.apache.ratis.grpc.server.GrpcClientProtocolService now
2025-09-29 07:15:00,248 [s1-impl-thread1] INFO  impl.RoleInfo (RoleInfo.java:shutdownFollowerState(121)) - s1: shutdown s1@group-F1483FAED74E-FollowerState
2025-09-29 07:15:00,250 [s0-impl-thread1] INFO  impl.StateMachineUpdater (StateMachineUpdater.java:stopAndJoin(163)) - s0@group-F1483FAED74E-StateMachineUpdater: set stopIndex = 19
2025-09-29 07:15:00,250 [s0@group-F1483FAED74E-StateMachineUpdater] INFO  impl.StateMachineUpdater (StateMachineUpdater.java:stop(140)) - s0@group-F1483FAED74E-StateMachineUpdater: closing CounterStateMachine, lastApplied=(t:1, i:19)
2025-09-29 07:15:00,251 [s0@group-F1483FAED74E-FollowerState] INFO  impl.FollowerState (FollowerState.java:runImpl(170)) - s0@group-F1483FAED74E-FollowerState was interrupted
2025-09-29 07:15:00,250 [MiniRaftCluster-55] INFO  server.GrpcServicesImpl (GrpcServicesImpl.java:closeImpl(356)) - s0: shutdown server org.apache.ratis.grpc.server.GrpcClientProtocolService successfully
2025-09-29 07:15:00,251 [MiniRaftCluster-55] INFO  server.GrpcServicesImpl (GrpcServicesImpl.java:closeImpl(347)) - s0: shutdown server GrpcServerProtocolService now
2025-09-29 07:15:00,251 [s0@group-F1483FAED74E-cacheEviction-AwaitToRun] INFO  util.AwaitToRun (AwaitToRun.java:run(49)) - s0@group-F1483FAED74E-cacheEviction-AwaitToRun-AwaitForSignal is interrupted
2025-09-29 07:15:00,251 [s2@group-F1483FAED74E->s0-GrpcLogAppender-LogAppenderDaemon] WARN  server.GrpcLogAppender (GrpcLogAppender.java:mayWait(300)) - s2@group-F1483FAED74E->s0-GrpcLogAppender: Wait interrupted by java.lang.InterruptedException
2025-09-29 07:15:00,251 [s2@group-F1483FAED74E->s1-GrpcLogAppender-LogAppenderDaemon] WARN  server.GrpcLogAppender (GrpcLogAppender.java:mayWait(300)) - s2@group-F1483FAED74E->s1-GrpcLogAppender: Wait interrupted by java.lang.InterruptedException
2025-09-29 07:15:00,252 [s2-impl-thread1] INFO  impl.PendingRequests (PendingRequests.java:sendNotLeaderResponses(281)) - s2@group-F1483FAED74E-PendingRequests: sendNotLeaderResponses
2025-09-29 07:15:00,254 [s1-impl-thread1] INFO  impl.StateMachineUpdater (StateMachineUpdater.java:stopAndJoin(163)) - s1@group-F1483FAED74E-StateMachineUpdater: set stopIndex = 19
2025-09-29 07:15:00,253 [grpc-default-executor-1] INFO  server.GrpcServerProtocolService (GrpcServerProtocolService.java:lambda$onCompleted$6(174)) - s0: Completed APPEND_ENTRIES, lastRequest: s2->s0#51-t1,previous=(t:1, i:19),leaderCommit=19,initializing? false,entries: size=1, first=(t:1, i:20), METADATAENTRY(c:19) 
2025-09-29 07:15:00,256 [s2-impl-thread1] INFO  impl.StateMachineUpdater (StateMachineUpdater.java:stopAndJoin(163)) - s2@group-F1483FAED74E-StateMachineUpdater: set stopIndex = 20
2025-09-29 07:15:00,256 [s1@group-F1483FAED74E-StateMachineUpdater] INFO  impl.StateMachineUpdater (StateMachineUpdater.java:stop(140)) - s1@group-F1483FAED74E-StateMachineUpdater: closing CounterStateMachine, lastApplied=(t:1, i:19)
2025-09-29 07:15:00,256 [s1@group-F1483FAED74E-FollowerState] INFO  impl.FollowerState (FollowerState.java:runImpl(170)) - s1@group-F1483FAED74E-FollowerState was interrupted
2025-09-29 07:15:00,257 [grpc-default-executor-1] INFO  server.GrpcLogAppender (GrpcLogAppender.java:onError(545)) - s2@group-F1483FAED74E->s0-GrpcLogAppender is already stopped
2025-09-29 07:15:00,258 [grpc-default-executor-4] INFO  server.GrpcLogAppender (GrpcLogAppender.java:onCompleted(558)) - s2@group-F1483FAED74E->s1-AppendLogResponseHandler: follower responses appendEntries COMPLETED
2025-09-29 07:15:00,258 [MiniRaftCluster-55] INFO  server.GrpcServicesImpl (GrpcServicesImpl.java:closeImpl(356)) - s0: shutdown server GrpcServerProtocolService successfully
2025-09-29 07:15:00,258 [MiniRaftCluster-55] INFO  server.GrpcServicesImpl (GrpcServicesImpl.java:closeImpl(347)) - s0: shutdown server org.apache.ratis.grpc.server.GrpcAdminProtocolService now
2025-09-29 07:15:00,258 [s2@group-F1483FAED74E-StateMachineUpdater] INFO  impl.StateMachineUpdater (StateMachineUpdater.java:stop(140)) - s2@group-F1483FAED74E-StateMachineUpdater: closing CounterStateMachine, lastApplied=(t:1, i:20)
2025-09-29 07:15:00,258 [grpc-default-executor-4] INFO  server.GrpcLogAppender (GrpcLogAppender.java:onCompleted(558)) - s2@group-F1483FAED74E->s1-AppendLogResponseHandler: follower responses appendEntries COMPLETED
2025-09-29 07:15:00,258 [s2@group-F1483FAED74E-cacheEviction-AwaitToRun] INFO  util.AwaitToRun (AwaitToRun.java:run(49)) - s2@group-F1483FAED74E-cacheEviction-AwaitToRun-AwaitForSignal is interrupted
2025-09-29 07:15:00,258 [MiniRaftCluster-56] INFO  server.GrpcServicesImpl (GrpcServicesImpl.java:closeImpl(356)) - s1: shutdown server org.apache.ratis.grpc.server.GrpcClientProtocolService successfully
2025-09-29 07:15:00,259 [MiniRaftCluster-56] INFO  server.GrpcServicesImpl (GrpcServicesImpl.java:closeImpl(347)) - s1: shutdown server GrpcServerProtocolService now
2025-09-29 07:15:00,259 [MiniRaftCluster-55] INFO  server.GrpcServicesImpl (GrpcServicesImpl.java:closeImpl(356)) - s0: shutdown server org.apache.ratis.grpc.server.GrpcAdminProtocolService successfully
2025-09-29 07:15:00,259 [Thread-719] INFO  server.GrpcServerProtocolClient (GrpcServerProtocolClient.java:close(94)) - s1 Close channels
2025-09-29 07:15:00,260 [grpc-default-executor-2] INFO  server.GrpcLogAppender (GrpcLogAppender.java:onError(545)) - s2@group-F1483FAED74E->s0-GrpcLogAppender is already stopped
2025-09-29 07:15:00,260 [Thread-718] INFO  server.GrpcServerProtocolClient (GrpcServerProtocolClient.java:close(94)) - s0 Close channels
2025-09-29 07:15:00,263 [s1@group-F1483FAED74E-cacheEviction-AwaitToRun] INFO  util.AwaitToRun (AwaitToRun.java:run(49)) - s1@group-F1483FAED74E-cacheEviction-AwaitToRun-AwaitForSignal is interrupted
2025-09-29 07:15:00,263 [MiniRaftCluster-56] INFO  server.GrpcServicesImpl (GrpcServicesImpl.java:closeImpl(356)) - s1: shutdown server GrpcServerProtocolService successfully
2025-09-29 07:15:00,264 [MiniRaftCluster-56] INFO  server.GrpcServicesImpl (GrpcServicesImpl.java:closeImpl(347)) - s1: shutdown server org.apache.ratis.grpc.server.GrpcAdminProtocolService now
2025-09-29 07:15:00,264 [MiniRaftCluster-56] INFO  server.GrpcServicesImpl (GrpcServicesImpl.java:closeImpl(356)) - s1: shutdown server org.apache.ratis.grpc.server.GrpcAdminProtocolService successfully
2025-09-29 07:15:00,265 [MiniRaftCluster-57] INFO  server.GrpcServicesImpl (GrpcServicesImpl.java:closeImpl(356)) - s2: shutdown server org.apache.ratis.grpc.server.GrpcClientProtocolService successfully
2025-09-29 07:15:00,265 [MiniRaftCluster-57] INFO  server.GrpcServicesImpl (GrpcServicesImpl.java:closeImpl(347)) - s2: shutdown server GrpcServerProtocolService now
2025-09-29 07:15:00,266 [MiniRaftCluster-57] INFO  server.GrpcServicesImpl (GrpcServicesImpl.java:closeImpl(356)) - s2: shutdown server GrpcServerProtocolService successfully
2025-09-29 07:15:00,266 [MiniRaftCluster-57] INFO  server.GrpcServicesImpl (GrpcServicesImpl.java:closeImpl(347)) - s2: shutdown server org.apache.ratis.grpc.server.GrpcAdminProtocolService now
2025-09-29 07:15:00,266 [MiniRaftCluster-57] INFO  server.GrpcServicesImpl (GrpcServicesImpl.java:closeImpl(356)) - s2: shutdown server org.apache.ratis.grpc.server.GrpcAdminProtocolService successfully
2025-09-29 07:15:01,234 [s2-impl-thread1] INFO  segmented.SegmentedRaftLogWorker (SegmentedRaftLogWorker.java:close(254)) - s2@group-F1483FAED74E-SegmentedRaftLogWorker close()
2025-09-29 07:15:01,234 [JvmPauseMonitor32] INFO  util.JvmPauseMonitor (JvmPauseMonitor.java:run(152)) - JvmPauseMonitor-s2: Stopped
2025-09-29 07:15:01,235 [s1-impl-thread1] INFO  segmented.SegmentedRaftLogWorker (SegmentedRaftLogWorker.java:close(254)) - s1@group-F1483FAED74E-SegmentedRaftLogWorker close()
2025-09-29 07:15:01,236 [JvmPauseMonitor31] INFO  util.JvmPauseMonitor (JvmPauseMonitor.java:run(152)) - JvmPauseMonitor-s1: Stopped
2025-09-29 07:15:01,236 [s0-impl-thread1] INFO  segmented.SegmentedRaftLogWorker (SegmentedRaftLogWorker.java:close(254)) - s0@group-F1483FAED74E-SegmentedRaftLogWorker close()
2025-09-29 07:15:01,237 [JvmPauseMonitor30] INFO  util.JvmPauseMonitor (JvmPauseMonitor.java:run(152)) - JvmPauseMonitor-s0: Stopped
2025-09-29 07:15:01,237 [main] INFO  impl.MiniRaftCluster (MiniRaftCluster.java:shutdown(848)) - MiniRaftClusterWithGrpc shutdown completed
2025-09-29 07:15:01,238 [main] INFO  impl.MiniRaftCluster (MiniRaftCluster.java:shutdown(824)) - ************************************************************** 
2025-09-29 07:15:01,238 [main] INFO  impl.MiniRaftCluster (MiniRaftCluster.java:shutdown(825)) - *** 
2025-09-29 07:15:01,238 [main] INFO  impl.MiniRaftCluster (MiniRaftCluster.java:shutdown(826)) - ***     Stopping MiniRaftClusterWithGrpc
2025-09-29 07:15:01,238 [main] INFO  impl.MiniRaftCluster (MiniRaftCluster.java:shutdown(827)) - *** 
2025-09-29 07:15:01,238 [main] INFO  impl.MiniRaftCluster (MiniRaftCluster.java:shutdown(828)) - ************************************************************** 
2025-09-29 07:15:01,238 [main] INFO  impl.MiniRaftCluster (MiniRaftCluster.java:shutdown(829)) - printing ALL groups
  s0:   CLOSED  FOLLOWER (CLOSED): s0@group-F1483FAED74E:t1, leader=s2, voted=s2, raftlog=Memoized:s0@group-F1483FAED74E-SegmentedRaftLog:CLOSED:c19, conf=conf: {index: 0, cur=peers:[s0|localhost:15120, s1|localhost:15124, s2|localhost:15128]|listeners:[], old=null}
  s1:   CLOSED  FOLLOWER (CLOSED): s1@group-F1483FAED74E:t1, leader=s2, voted=s2, raftlog=Memoized:s1@group-F1483FAED74E-SegmentedRaftLog:CLOSED:c19, conf=conf: {index: 0, cur=peers:[s0|localhost:15120, s1|localhost:15124, s2|localhost:15128]|listeners:[], old=null}
  s2:   CLOSED    LEADER (CLOSED): s2@group-F1483FAED74E:t1, leader=s2, voted=s2, raftlog=Memoized:s2@group-F1483FAED74E-SegmentedRaftLog:CLOSED:c20, conf=conf: {index: 0, cur=peers:[s0|localhost:15120, s1|localhost:15124, s2|localhost:15128]|listeners:[], old=null}
2025-09-29 07:15:01,239 [main] INFO  impl.MiniRaftCluster (MiniRaftCluster.java:shutdown(848)) - MiniRaftClusterWithGrpc shutdown completed
]]></system-out>
  </testcase>
  <testcase name="testLinearizableReadTimeout" classname="org.apache.ratis.grpc.TestReadOnlyRequestWithGrpc" time="1.337">
    <system-out><![CDATA[2025-09-29 07:15:01,240 [main] INFO  util.LogUtils (Slf4jUtils.java:setLogLevel(38)) - Successfully set org.apache.ratis.conf.ConfUtils log level to WARN
2025-09-29 07:15:01,240 [main] INFO  util.LogUtils (Slf4jUtils.java:setLogLevel(38)) - Successfully set org.apache.ratis.util.FileUtils log level to TRACE
2025-09-29 07:15:01,240 [main] INFO  util.LogUtils (Slf4jUtils.java:setLogLevel(38)) - Successfully set org.apache.ratis.server.RaftServer$Division log level to DEBUG
2025-09-29 07:15:01,242 [main] INFO  impl.MiniRaftCluster (MiniRaftCluster.java:runWithNewCluster(136)) - Running runWithNewCluster
2025-09-29 07:15:01,243 [main] INFO  impl.MiniRaftCluster (MiniRaftCluster.java:<init>(296)) - new MiniRaftClusterWithGrpc with group-9167E2CB8A8F:[s0|localhost:15132, s1|localhost:15136, s2|localhost:15140]
2025-09-29 07:15:01,243 [main] INFO  impl.MiniRaftCluster (MiniRaftCluster.java:start(329)) - .............................................................. 
2025-09-29 07:15:01,243 [main] INFO  impl.MiniRaftCluster (MiniRaftCluster.java:start(330)) - ... 
2025-09-29 07:15:01,243 [main] INFO  impl.MiniRaftCluster (MiniRaftCluster.java:start(331)) - ...     Starting MiniRaftClusterWithGrpc
2025-09-29 07:15:01,243 [main] INFO  impl.MiniRaftCluster (MiniRaftCluster.java:start(332)) - ... 
2025-09-29 07:15:01,243 [main] INFO  impl.MiniRaftCluster (MiniRaftCluster.java:start(333)) - .............................................................. 
2025-09-29 07:15:01,244 [main] INFO  impl.MiniRaftCluster (MiniRaftCluster.java:initServers(308)) - servers = {}
2025-09-29 07:15:01,244 [main] INFO  impl.MiniRaftCluster (MiniRaftCluster.java:newRaftServer(375)) - newRaftServer: s0, group-9167E2CB8A8F:[s0|localhost:15132, s1|localhost:15136, s2|localhost:15140], format? true
2025-09-29 07:15:01,244 [main] TRACE util.FileUtils (FileUtils.java:deleteFully(355)) - deleteFully target/test/data/6b14e155/MiniRaftClusterWithGrpc127ab8af/s0
2025-09-29 07:15:01,244 [main] TRACE util.FileUtils (FileUtils.java:deleteFully(368)) - deleteFully: target/test/data/6b14e155/MiniRaftClusterWithGrpc127ab8af/s0 does not exist.
2025-09-29 07:15:01,244 [main] INFO  impl.MiniRaftCluster (MiniRaftCluster.java:newRaftServer(380)) - Formatted directory target/test/data/6b14e155/MiniRaftClusterWithGrpc127ab8af/s0
2025-09-29 07:15:01,245 [main] INFO  server.RaftServer (VersionInfo.java:printStartupMessages(132)) - Starting Apache Ratis Test -- RaftServerProxy s0
2025-09-29 07:15:01,245 [main] INFO  server.RaftServer (VersionInfo.java:printStartupMessages(136)) -                version: 3.1.3
2025-09-29 07:15:01,245 [main] INFO  server.RaftServer (VersionInfo.java:printStartupMessages(136)) -                    url: https://github.com/apache/ratis
2025-09-29 07:15:01,245 [main] INFO  server.RaftServer (VersionInfo.java:printStartupMessages(136)) -               revision: d902c593e11de03b157527cf3ee9a12cdd9ad451
2025-09-29 07:15:01,246 [main] INFO  server.RaftServer (VersionInfo.java:printStartupMessages(139)) -                   java: OpenJDK 64-Bit Server VM 1.8.0_462-b08
2025-09-29 07:15:01,246 [main] INFO  server.RaftServer (VersionInfo.java:printStartupMessages(139)) -                   user: runner
2025-09-29 07:15:01,246 [main] INFO  grpc.GrpcConfigKeys (ConfUtils.java:logFallback(69)) - raft.grpc.admin.host = null (fallback to raft.grpc.server.host)
2025-09-29 07:15:01,246 [main] INFO  grpc.GrpcConfigKeys (ConfUtils.java:logGet(62)) - raft.grpc.admin.port = 15133 (custom)
2025-09-29 07:15:01,246 [main] INFO  grpc.GrpcConfigKeys (ConfUtils.java:logFallback(69)) - raft.grpc.client.host = null (fallback to raft.grpc.server.host)
2025-09-29 07:15:01,247 [main] INFO  grpc.GrpcConfigKeys (ConfUtils.java:logGet(62)) - raft.grpc.client.port = 15134 (custom)
2025-09-29 07:15:01,247 [main] INFO  grpc.GrpcConfigKeys (ConfUtils.java:logGet(62)) - raft.grpc.server.port = 15132 (custom)
2025-09-29 07:15:01,249 [main] INFO  server.RaftServerConfigKeys (ConfUtils.java:logGet(62)) - raft.server.storage.dir = [/home/runner/work/ratis/ratis/ratis-test/target/test/data/6b14e155/MiniRaftClusterWithGrpc127ab8af/s0] (custom)
2025-09-29 07:15:01,249 [main] INFO  server.RaftServer (RaftServerProxy.java:addNew(106)) - s0: addNew group-9167E2CB8A8F:[s0|localhost:15132, s1|localhost:15136, s2|localhost:15140] returns group-9167E2CB8A8F:java.util.concurrent.CompletableFuture@3d12f065[Not completed]
2025-09-29 07:15:01,250 [s0-groupManagement] INFO  server.RaftServer$Division (RaftServerImpl.java:<init>(268)) - s0: new RaftServerImpl for group-9167E2CB8A8F:[s0|localhost:15132, s1|localhost:15136, s2|localhost:15140] with CounterStateMachine-34:uninitialized
2025-09-29 07:15:01,250 [main] INFO  impl.MiniRaftCluster (MiniRaftCluster.java:newRaftServer(375)) - newRaftServer: s1, group-9167E2CB8A8F:[s0|localhost:15132, s1|localhost:15136, s2|localhost:15140], format? true
2025-09-29 07:15:01,250 [main] TRACE util.FileUtils (FileUtils.java:deleteFully(355)) - deleteFully target/test/data/6b14e155/MiniRaftClusterWithGrpc127ab8af/s1
2025-09-29 07:15:01,250 [s0-groupManagement] INFO  server.RaftServer$Division (ServerState.java:<init>(114)) - s0@group-9167E2CB8A8F: ConfigurationManager, init=conf: {index: -1, cur=peers:[s0|localhost:15132, s1|localhost:15136, s2|localhost:15140]|listeners:[], old=null}, confs=<EMPTY_MAP>
2025-09-29 07:15:01,250 [main] TRACE util.FileUtils (FileUtils.java:deleteFully(368)) - deleteFully: target/test/data/6b14e155/MiniRaftClusterWithGrpc127ab8af/s1 does not exist.
2025-09-29 07:15:01,251 [main] INFO  impl.MiniRaftCluster (MiniRaftCluster.java:newRaftServer(380)) - Formatted directory target/test/data/6b14e155/MiniRaftClusterWithGrpc127ab8af/s1
2025-09-29 07:15:01,251 [main] INFO  server.RaftServer (VersionInfo.java:printStartupMessages(132)) - Starting Apache Ratis Test -- RaftServerProxy s1
2025-09-29 07:15:01,251 [main] INFO  server.RaftServer (VersionInfo.java:printStartupMessages(136)) -                version: 3.1.3
2025-09-29 07:15:01,251 [main] INFO  server.RaftServer (VersionInfo.java:printStartupMessages(136)) -                    url: https://github.com/apache/ratis
2025-09-29 07:15:01,251 [main] INFO  server.RaftServer (VersionInfo.java:printStartupMessages(136)) -               revision: d902c593e11de03b157527cf3ee9a12cdd9ad451
2025-09-29 07:15:01,252 [main] INFO  server.RaftServer (VersionInfo.java:printStartupMessages(139)) -                   java: OpenJDK 64-Bit Server VM 1.8.0_462-b08
2025-09-29 07:15:01,252 [main] INFO  server.RaftServer (VersionInfo.java:printStartupMessages(139)) -                   user: runner
2025-09-29 07:15:01,252 [main] INFO  grpc.GrpcConfigKeys (ConfUtils.java:logFallback(69)) - raft.grpc.admin.host = null (fallback to raft.grpc.server.host)
2025-09-29 07:15:01,252 [main] INFO  grpc.GrpcConfigKeys (ConfUtils.java:logGet(62)) - raft.grpc.admin.port = 15137 (custom)
2025-09-29 07:15:01,252 [main] INFO  grpc.GrpcConfigKeys (ConfUtils.java:logFallback(69)) - raft.grpc.client.host = null (fallback to raft.grpc.server.host)
2025-09-29 07:15:01,253 [main] INFO  grpc.GrpcConfigKeys (ConfUtils.java:logGet(62)) - raft.grpc.client.port = 15138 (custom)
2025-09-29 07:15:01,253 [main] INFO  grpc.GrpcConfigKeys (ConfUtils.java:logGet(62)) - raft.grpc.server.port = 15136 (custom)
2025-09-29 07:15:01,254 [main] INFO  server.RaftServerConfigKeys (ConfUtils.java:logGet(62)) - raft.server.storage.dir = [/home/runner/work/ratis/ratis/ratis-test/target/test/data/6b14e155/MiniRaftClusterWithGrpc127ab8af/s1] (custom)
2025-09-29 07:15:01,255 [main] INFO  server.RaftServer (RaftServerProxy.java:addNew(106)) - s1: addNew group-9167E2CB8A8F:[s0|localhost:15132, s1|localhost:15136, s2|localhost:15140] returns group-9167E2CB8A8F:java.util.concurrent.CompletableFuture@50d4775b[Not completed]
2025-09-29 07:15:01,255 [s1-groupManagement] INFO  server.RaftServer$Division (RaftServerImpl.java:<init>(268)) - s1: new RaftServerImpl for group-9167E2CB8A8F:[s0|localhost:15132, s1|localhost:15136, s2|localhost:15140] with CounterStateMachine-35:uninitialized
2025-09-29 07:15:01,255 [main] INFO  impl.MiniRaftCluster (MiniRaftCluster.java:newRaftServer(375)) - newRaftServer: s2, group-9167E2CB8A8F:[s0|localhost:15132, s1|localhost:15136, s2|localhost:15140], format? true
2025-09-29 07:15:01,255 [main] TRACE util.FileUtils (FileUtils.java:deleteFully(355)) - deleteFully target/test/data/6b14e155/MiniRaftClusterWithGrpc127ab8af/s2
2025-09-29 07:15:01,255 [s1-groupManagement] INFO  server.RaftServer$Division (ServerState.java:<init>(114)) - s1@group-9167E2CB8A8F: ConfigurationManager, init=conf: {index: -1, cur=peers:[s0|localhost:15132, s1|localhost:15136, s2|localhost:15140]|listeners:[], old=null}, confs=<EMPTY_MAP>
2025-09-29 07:15:01,255 [main] TRACE util.FileUtils (FileUtils.java:deleteFully(368)) - deleteFully: target/test/data/6b14e155/MiniRaftClusterWithGrpc127ab8af/s2 does not exist.
2025-09-29 07:15:01,255 [main] INFO  impl.MiniRaftCluster (MiniRaftCluster.java:newRaftServer(380)) - Formatted directory target/test/data/6b14e155/MiniRaftClusterWithGrpc127ab8af/s2
2025-09-29 07:15:01,256 [main] INFO  server.RaftServer (VersionInfo.java:printStartupMessages(132)) - Starting Apache Ratis Test -- RaftServerProxy s2
2025-09-29 07:15:01,256 [main] INFO  server.RaftServer (VersionInfo.java:printStartupMessages(136)) -                version: 3.1.3
2025-09-29 07:15:01,256 [main] INFO  server.RaftServer (VersionInfo.java:printStartupMessages(136)) -                    url: https://github.com/apache/ratis
2025-09-29 07:15:01,257 [main] INFO  server.RaftServer (VersionInfo.java:printStartupMessages(136)) -               revision: d902c593e11de03b157527cf3ee9a12cdd9ad451
2025-09-29 07:15:01,257 [main] INFO  server.RaftServer (VersionInfo.java:printStartupMessages(139)) -                   java: OpenJDK 64-Bit Server VM 1.8.0_462-b08
2025-09-29 07:15:01,257 [main] INFO  server.RaftServer (VersionInfo.java:printStartupMessages(139)) -                   user: runner
2025-09-29 07:15:01,257 [main] INFO  grpc.GrpcConfigKeys (ConfUtils.java:logFallback(69)) - raft.grpc.admin.host = null (fallback to raft.grpc.server.host)
2025-09-29 07:15:01,257 [main] INFO  grpc.GrpcConfigKeys (ConfUtils.java:logGet(62)) - raft.grpc.admin.port = 15141 (custom)
2025-09-29 07:15:01,258 [main] INFO  grpc.GrpcConfigKeys (ConfUtils.java:logFallback(69)) - raft.grpc.client.host = null (fallback to raft.grpc.server.host)
2025-09-29 07:15:01,258 [main] INFO  grpc.GrpcConfigKeys (ConfUtils.java:logGet(62)) - raft.grpc.client.port = 15142 (custom)
2025-09-29 07:15:01,258 [main] INFO  grpc.GrpcConfigKeys (ConfUtils.java:logGet(62)) - raft.grpc.server.port = 15140 (custom)
2025-09-29 07:15:01,260 [main] INFO  server.RaftServerConfigKeys (ConfUtils.java:logGet(62)) - raft.server.storage.dir = [/home/runner/work/ratis/ratis/ratis-test/target/test/data/6b14e155/MiniRaftClusterWithGrpc127ab8af/s2] (custom)
2025-09-29 07:15:01,260 [main] INFO  server.RaftServer (RaftServerProxy.java:addNew(106)) - s2: addNew group-9167E2CB8A8F:[s0|localhost:15132, s1|localhost:15136, s2|localhost:15140] returns group-9167E2CB8A8F:java.util.concurrent.CompletableFuture@44a98a23[Not completed]
2025-09-29 07:15:01,260 [s2-groupManagement] INFO  server.RaftServer$Division (RaftServerImpl.java:<init>(268)) - s2: new RaftServerImpl for group-9167E2CB8A8F:[s0|localhost:15132, s1|localhost:15136, s2|localhost:15140] with CounterStateMachine-36:uninitialized
2025-09-29 07:15:01,261 [s0-impl-thread1] INFO  server.RaftServerConfigKeys (ConfUtils.java:logGet(62)) - raft.server.storage.dir = [/home/runner/work/ratis/ratis/ratis-test/target/test/data/6b14e155/MiniRaftClusterWithGrpc127ab8af/s0] (custom)
2025-09-29 07:15:01,261 [s2-groupManagement] INFO  server.RaftServer$Division (ServerState.java:<init>(114)) - s2@group-9167E2CB8A8F: ConfigurationManager, init=conf: {index: -1, cur=peers:[s0|localhost:15132, s1|localhost:15136, s2|localhost:15140]|listeners:[], old=null}, confs=<EMPTY_MAP>
2025-09-29 07:15:01,261 [s0-impl-thread1] INFO  storage.RaftStorageDirectory (RaftStorageDirectoryImpl.java:analyzeStorage(138)) - The storage directory /home/runner/work/ratis/ratis/ratis-test/target/test/data/6b14e155/MiniRaftClusterWithGrpc127ab8af/s0/bb8cf919-f15c-4cce-b148-9167e2cb8a8f does not exist. Creating ...
2025-09-29 07:15:01,261 [s0-impl-thread1] TRACE util.FileUtils (LogUtils.java:runAndLog(49)) - Successfully ran Files.createDirectories /home/runner/work/ratis/ratis/ratis-test/target/test/data/6b14e155/MiniRaftClusterWithGrpc127ab8af/s0/bb8cf919-f15c-4cce-b148-9167e2cb8a8f
2025-09-29 07:15:01,262 [s0-impl-thread1] INFO  storage.RaftStorageDirectory (RaftStorageDirectoryImpl.java:tryLock(229)) - Lock on /home/runner/work/ratis/ratis/ratis-test/target/test/data/6b14e155/MiniRaftClusterWithGrpc127ab8af/s0/bb8cf919-f15c-4cce-b148-9167e2cb8a8f/in_use.lock acquired by nodename 24167@runnervm3ublj
2025-09-29 07:15:01,262 [s0-impl-thread1] TRACE util.FileUtils (LogUtils.java:runAndLog(49)) - Successfully ran Files.createDirectories /home/runner/work/ratis/ratis/ratis-test/target/test/data/6b14e155/MiniRaftClusterWithGrpc127ab8af/s0/bb8cf919-f15c-4cce-b148-9167e2cb8a8f/current
2025-09-29 07:15:01,262 [s0-impl-thread1] TRACE util.FileUtils (LogUtils.java:runAndLog(49)) - Successfully ran Files.createDirectories /home/runner/work/ratis/ratis/ratis-test/target/test/data/6b14e155/MiniRaftClusterWithGrpc127ab8af/s0/bb8cf919-f15c-4cce-b148-9167e2cb8a8f/sm
2025-09-29 07:15:01,263 [s0-impl-thread1] TRACE util.FileUtils (LogUtils.java:supplyAndLog(69)) - Successfully supplied FileChannel.open /home/runner/work/ratis/ratis/ratis-test/target/test/data/6b14e155/MiniRaftClusterWithGrpc127ab8af/s0/bb8cf919-f15c-4cce-b148-9167e2cb8a8f/current/raft-meta.tmp with options [CREATE, TRUNCATE_EXISTING, WRITE]: sun.nio.ch.FileChannelImpl@7f53385b
2025-09-29 07:15:01,265 [s0-impl-thread1] TRACE util.FileUtils (LogUtils.java:runAndLog(49)) - Successfully ran Atomic Files.move /home/runner/work/ratis/ratis/ratis-test/target/test/data/6b14e155/MiniRaftClusterWithGrpc127ab8af/s0/bb8cf919-f15c-4cce-b148-9167e2cb8a8f/current/raft-meta.tmp to /home/runner/work/ratis/ratis/ratis-test/target/test/data/6b14e155/MiniRaftClusterWithGrpc127ab8af/s0/bb8cf919-f15c-4cce-b148-9167e2cb8a8f/current/raft-meta with options [REPLACE_EXISTING]
2025-09-29 07:15:01,265 [s0-impl-thread1] INFO  storage.RaftStorage (RaftStorageImpl.java:format(98)) - Storage directory /home/runner/work/ratis/ratis/ratis-test/target/test/data/6b14e155/MiniRaftClusterWithGrpc127ab8af/s0/bb8cf919-f15c-4cce-b148-9167e2cb8a8f has been successfully formatted.
2025-09-29 07:15:01,265 [s0-impl-thread1] INFO  server.RaftServer$Division (ServerState.java:getSnapshotIndexFromStateMachine(154)) - s0@group-9167E2CB8A8F: getLatestSnapshot(CounterStateMachine-34:s0:group-9167E2CB8A8F) returns null
2025-09-29 07:15:01,265 [s0-impl-thread1] INFO  raftlog.RaftLog (RaftLogBase.java:<init>(90)) - s0@group-9167E2CB8A8F-SegmentedRaftLog: snapshotIndexFromStateMachine = -1
2025-09-29 07:15:01,265 [s0-impl-thread1] INFO  util.AwaitToRun (AwaitToRun.java:start(81)) - Thread[s0@group-9167E2CB8A8F-cacheEviction-AwaitToRun,5,main] started
2025-09-29 07:15:01,265 [s0-impl-thread1] INFO  segmented.SegmentedRaftLogWorker (SegmentedRaftLogWorker.java:<init>(190)) - new s0@group-9167E2CB8A8F-SegmentedRaftLogWorker for RaftStorageImpl:Storage Directory /home/runner/work/ratis/ratis/ratis-test/target/test/data/6b14e155/MiniRaftClusterWithGrpc127ab8af/s0/bb8cf919-f15c-4cce-b148-9167e2cb8a8f
2025-09-29 07:15:01,266 [s0-impl-thread1] INFO  segmented.SegmentedRaftLogWorker (SegmentedRaftLogWorker.java:lambda$new$0(141)) - s0@group-9167E2CB8A8F-SegmentedRaftLogWorker: flushIndex: setUnconditionally 0 -> -1
2025-09-29 07:15:01,267 [s0-impl-thread1] INFO  segmented.SegmentedRaftLogWorker (SegmentedRaftLogWorker.java:lambda$new$0(141)) - s0@group-9167E2CB8A8F-SegmentedRaftLogWorker: safeCacheEvictIndex: setUnconditionally 0 -> -1
2025-09-29 07:15:01,267 [s0-impl-thread1] INFO  server.RaftServer$Division (RaftServerImpl.java:start(405)) - s0@group-9167E2CB8A8F: start as a follower, conf=conf: {index: -1, cur=peers:[s0|localhost:15132, s1|localhost:15136, s2|localhost:15140]|listeners:[], old=null}
2025-09-29 07:15:01,267 [s0-impl-thread1] INFO  server.RaftServer$Division (RaftServerImpl.java:setRole(392)) - s0@group-9167E2CB8A8F: changes role from      null to FOLLOWER at term 0 for startAsFollower
2025-09-29 07:15:01,267 [s0-impl-thread1] INFO  impl.RoleInfo (RoleInfo.java:updateAndGet(148)) - s0: start s0@group-9167E2CB8A8F-FollowerState
2025-09-29 07:15:01,267 [s0@group-9167E2CB8A8F-FollowerState] INFO  server.RaftServerConfigKeys (ConfUtils.java:logFallback(69)) - raft.server.rpc.first-election.timeout.min = 150ms (fallback to raft.server.rpc.timeout.min)
2025-09-29 07:15:01,267 [s0-impl-thread1] INFO  util.JmxRegister (JmxRegister.java:tryRegister(44)) - Successfully registered JMX Bean with object name Ratis:service=RaftServer,group=group-9167E2CB8A8F,id=s0
2025-09-29 07:15:01,268 [s0-impl-thread1] INFO  util.JmxRegister (JmxRegister.java:register(58)) - register mxBean class org.apache.ratis.server.impl.RaftServerJmxAdapter as Ratis:service=RaftServer,group=group-9167E2CB8A8F,id=s0
2025-09-29 07:15:01,267 [s0@group-9167E2CB8A8F-FollowerState] INFO  server.RaftServerConfigKeys (ConfUtils.java:logFallback(69)) - raft.server.rpc.first-election.timeout.max = 300ms (fallback to raft.server.rpc.timeout.max)
2025-09-29 07:15:01,268 [s0-impl-thread1] INFO  server.RaftServer$Division (RaftServerImpl.java:start(419)) - s0@group-9167E2CB8A8F: Successfully started.
2025-09-29 07:15:01,268 [main] INFO  server.RaftServer (RaftServerProxy.java:startImpl(415)) - s0: start RPC server
2025-09-29 07:15:01,269 [main] INFO  server.GrpcServicesImpl (GrpcServicesImpl.java:startImpl(338)) - s0: GrpcServicesImpl started, listening on 15134
2025-09-29 07:15:01,269 [main] INFO  server.GrpcServicesImpl (GrpcServicesImpl.java:startImpl(338)) - s0: GrpcServicesImpl started, listening on 15132
2025-09-29 07:15:01,270 [main] INFO  server.GrpcServicesImpl (GrpcServicesImpl.java:startImpl(338)) - s0: GrpcServicesImpl started, listening on 15133
2025-09-29 07:15:01,270 [JvmPauseMonitor33] INFO  util.JvmPauseMonitor (JvmPauseMonitor.java:run(146)) - JvmPauseMonitor-s0: Started
2025-09-29 07:15:01,270 [s1-impl-thread1] INFO  server.RaftServerConfigKeys (ConfUtils.java:logGet(62)) - raft.server.storage.dir = [/home/runner/work/ratis/ratis/ratis-test/target/test/data/6b14e155/MiniRaftClusterWithGrpc127ab8af/s1] (custom)
2025-09-29 07:15:01,270 [s1-impl-thread1] INFO  storage.RaftStorageDirectory (RaftStorageDirectoryImpl.java:analyzeStorage(138)) - The storage directory /home/runner/work/ratis/ratis/ratis-test/target/test/data/6b14e155/MiniRaftClusterWithGrpc127ab8af/s1/bb8cf919-f15c-4cce-b148-9167e2cb8a8f does not exist. Creating ...
2025-09-29 07:15:01,271 [s1-impl-thread1] TRACE util.FileUtils (LogUtils.java:runAndLog(49)) - Successfully ran Files.createDirectories /home/runner/work/ratis/ratis/ratis-test/target/test/data/6b14e155/MiniRaftClusterWithGrpc127ab8af/s1/bb8cf919-f15c-4cce-b148-9167e2cb8a8f
2025-09-29 07:15:01,271 [s1-impl-thread1] INFO  storage.RaftStorageDirectory (RaftStorageDirectoryImpl.java:tryLock(229)) - Lock on /home/runner/work/ratis/ratis/ratis-test/target/test/data/6b14e155/MiniRaftClusterWithGrpc127ab8af/s1/bb8cf919-f15c-4cce-b148-9167e2cb8a8f/in_use.lock acquired by nodename 24167@runnervm3ublj
2025-09-29 07:15:01,272 [s1-impl-thread1] TRACE util.FileUtils (LogUtils.java:runAndLog(49)) - Successfully ran Files.createDirectories /home/runner/work/ratis/ratis/ratis-test/target/test/data/6b14e155/MiniRaftClusterWithGrpc127ab8af/s1/bb8cf919-f15c-4cce-b148-9167e2cb8a8f/current
2025-09-29 07:15:01,272 [s1-impl-thread1] TRACE util.FileUtils (LogUtils.java:runAndLog(49)) - Successfully ran Files.createDirectories /home/runner/work/ratis/ratis/ratis-test/target/test/data/6b14e155/MiniRaftClusterWithGrpc127ab8af/s1/bb8cf919-f15c-4cce-b148-9167e2cb8a8f/sm
2025-09-29 07:15:01,272 [s1-impl-thread1] TRACE util.FileUtils (LogUtils.java:supplyAndLog(69)) - Successfully supplied FileChannel.open /home/runner/work/ratis/ratis/ratis-test/target/test/data/6b14e155/MiniRaftClusterWithGrpc127ab8af/s1/bb8cf919-f15c-4cce-b148-9167e2cb8a8f/current/raft-meta.tmp with options [CREATE, TRUNCATE_EXISTING, WRITE]: sun.nio.ch.FileChannelImpl@56cda37f
2025-09-29 07:15:01,273 [s1-impl-thread1] TRACE util.FileUtils (LogUtils.java:runAndLog(49)) - Successfully ran Atomic Files.move /home/runner/work/ratis/ratis/ratis-test/target/test/data/6b14e155/MiniRaftClusterWithGrpc127ab8af/s1/bb8cf919-f15c-4cce-b148-9167e2cb8a8f/current/raft-meta.tmp to /home/runner/work/ratis/ratis/ratis-test/target/test/data/6b14e155/MiniRaftClusterWithGrpc127ab8af/s1/bb8cf919-f15c-4cce-b148-9167e2cb8a8f/current/raft-meta with options [REPLACE_EXISTING]
2025-09-29 07:15:01,273 [s1-impl-thread1] INFO  storage.RaftStorage (RaftStorageImpl.java:format(98)) - Storage directory /home/runner/work/ratis/ratis/ratis-test/target/test/data/6b14e155/MiniRaftClusterWithGrpc127ab8af/s1/bb8cf919-f15c-4cce-b148-9167e2cb8a8f has been successfully formatted.
2025-09-29 07:15:01,273 [s1-impl-thread1] INFO  server.RaftServer$Division (ServerState.java:getSnapshotIndexFromStateMachine(154)) - s1@group-9167E2CB8A8F: getLatestSnapshot(CounterStateMachine-35:s1:group-9167E2CB8A8F) returns null
2025-09-29 07:15:01,273 [s1-impl-thread1] INFO  raftlog.RaftLog (RaftLogBase.java:<init>(90)) - s1@group-9167E2CB8A8F-SegmentedRaftLog: snapshotIndexFromStateMachine = -1
2025-09-29 07:15:01,273 [s1-impl-thread1] INFO  util.AwaitToRun (AwaitToRun.java:start(81)) - Thread[s1@group-9167E2CB8A8F-cacheEviction-AwaitToRun,5,main] started
2025-09-29 07:15:01,273 [s1-impl-thread1] INFO  segmented.SegmentedRaftLogWorker (SegmentedRaftLogWorker.java:<init>(190)) - new s1@group-9167E2CB8A8F-SegmentedRaftLogWorker for RaftStorageImpl:Storage Directory /home/runner/work/ratis/ratis/ratis-test/target/test/data/6b14e155/MiniRaftClusterWithGrpc127ab8af/s1/bb8cf919-f15c-4cce-b148-9167e2cb8a8f
2025-09-29 07:15:01,274 [s1-impl-thread1] INFO  segmented.SegmentedRaftLogWorker (SegmentedRaftLogWorker.java:lambda$new$0(141)) - s1@group-9167E2CB8A8F-SegmentedRaftLogWorker: flushIndex: setUnconditionally 0 -> -1
2025-09-29 07:15:01,274 [s1-impl-thread1] INFO  segmented.SegmentedRaftLogWorker (SegmentedRaftLogWorker.java:lambda$new$0(141)) - s1@group-9167E2CB8A8F-SegmentedRaftLogWorker: safeCacheEvictIndex: setUnconditionally 0 -> -1
2025-09-29 07:15:01,274 [s1-impl-thread1] INFO  server.RaftServer$Division (RaftServerImpl.java:start(405)) - s1@group-9167E2CB8A8F: start as a follower, conf=conf: {index: -1, cur=peers:[s0|localhost:15132, s1|localhost:15136, s2|localhost:15140]|listeners:[], old=null}
2025-09-29 07:15:01,275 [s1-impl-thread1] INFO  server.RaftServer$Division (RaftServerImpl.java:setRole(392)) - s1@group-9167E2CB8A8F: changes role from      null to FOLLOWER at term 0 for startAsFollower
2025-09-29 07:15:01,275 [s1-impl-thread1] INFO  impl.RoleInfo (RoleInfo.java:updateAndGet(148)) - s1: start s1@group-9167E2CB8A8F-FollowerState
2025-09-29 07:15:01,275 [s1-impl-thread1] INFO  util.JmxRegister (JmxRegister.java:tryRegister(44)) - Successfully registered JMX Bean with object name Ratis:service=RaftServer,group=group-9167E2CB8A8F,id=s1
2025-09-29 07:15:01,275 [s1@group-9167E2CB8A8F-FollowerState] INFO  server.RaftServerConfigKeys (ConfUtils.java:logFallback(69)) - raft.server.rpc.first-election.timeout.min = 150ms (fallback to raft.server.rpc.timeout.min)
2025-09-29 07:15:01,275 [s1-impl-thread1] INFO  util.JmxRegister (JmxRegister.java:register(58)) - register mxBean class org.apache.ratis.server.impl.RaftServerJmxAdapter as Ratis:service=RaftServer,group=group-9167E2CB8A8F,id=s1
2025-09-29 07:15:01,275 [s1@group-9167E2CB8A8F-FollowerState] INFO  server.RaftServerConfigKeys (ConfUtils.java:logFallback(69)) - raft.server.rpc.first-election.timeout.max = 300ms (fallback to raft.server.rpc.timeout.max)
2025-09-29 07:15:01,275 [s1-impl-thread1] INFO  server.RaftServer$Division (RaftServerImpl.java:start(419)) - s1@group-9167E2CB8A8F: Successfully started.
2025-09-29 07:15:01,275 [main] INFO  server.RaftServer (RaftServerProxy.java:startImpl(415)) - s1: start RPC server
2025-09-29 07:15:01,276 [main] INFO  server.GrpcServicesImpl (GrpcServicesImpl.java:startImpl(338)) - s1: GrpcServicesImpl started, listening on 15138
2025-09-29 07:15:01,276 [main] INFO  server.GrpcServicesImpl (GrpcServicesImpl.java:startImpl(338)) - s1: GrpcServicesImpl started, listening on 15136
2025-09-29 07:15:01,276 [main] INFO  server.GrpcServicesImpl (GrpcServicesImpl.java:startImpl(338)) - s1: GrpcServicesImpl started, listening on 15137
2025-09-29 07:15:01,277 [JvmPauseMonitor34] INFO  util.JvmPauseMonitor (JvmPauseMonitor.java:run(146)) - JvmPauseMonitor-s1: Started
2025-09-29 07:15:01,277 [s2-impl-thread1] INFO  server.RaftServerConfigKeys (ConfUtils.java:logGet(62)) - raft.server.storage.dir = [/home/runner/work/ratis/ratis/ratis-test/target/test/data/6b14e155/MiniRaftClusterWithGrpc127ab8af/s2] (custom)
2025-09-29 07:15:01,277 [s2-impl-thread1] INFO  storage.RaftStorageDirectory (RaftStorageDirectoryImpl.java:analyzeStorage(138)) - The storage directory /home/runner/work/ratis/ratis/ratis-test/target/test/data/6b14e155/MiniRaftClusterWithGrpc127ab8af/s2/bb8cf919-f15c-4cce-b148-9167e2cb8a8f does not exist. Creating ...
2025-09-29 07:15:01,277 [s2-impl-thread1] TRACE util.FileUtils (LogUtils.java:runAndLog(49)) - Successfully ran Files.createDirectories /home/runner/work/ratis/ratis/ratis-test/target/test/data/6b14e155/MiniRaftClusterWithGrpc127ab8af/s2/bb8cf919-f15c-4cce-b148-9167e2cb8a8f
2025-09-29 07:15:01,279 [s2-impl-thread1] INFO  storage.RaftStorageDirectory (RaftStorageDirectoryImpl.java:tryLock(229)) - Lock on /home/runner/work/ratis/ratis/ratis-test/target/test/data/6b14e155/MiniRaftClusterWithGrpc127ab8af/s2/bb8cf919-f15c-4cce-b148-9167e2cb8a8f/in_use.lock acquired by nodename 24167@runnervm3ublj
2025-09-29 07:15:01,279 [s2-impl-thread1] TRACE util.FileUtils (LogUtils.java:runAndLog(49)) - Successfully ran Files.createDirectories /home/runner/work/ratis/ratis/ratis-test/target/test/data/6b14e155/MiniRaftClusterWithGrpc127ab8af/s2/bb8cf919-f15c-4cce-b148-9167e2cb8a8f/current
2025-09-29 07:15:01,279 [s2-impl-thread1] TRACE util.FileUtils (LogUtils.java:runAndLog(49)) - Successfully ran Files.createDirectories /home/runner/work/ratis/ratis/ratis-test/target/test/data/6b14e155/MiniRaftClusterWithGrpc127ab8af/s2/bb8cf919-f15c-4cce-b148-9167e2cb8a8f/sm
2025-09-29 07:15:01,279 [s2-impl-thread1] TRACE util.FileUtils (LogUtils.java:supplyAndLog(69)) - Successfully supplied FileChannel.open /home/runner/work/ratis/ratis/ratis-test/target/test/data/6b14e155/MiniRaftClusterWithGrpc127ab8af/s2/bb8cf919-f15c-4cce-b148-9167e2cb8a8f/current/raft-meta.tmp with options [CREATE, TRUNCATE_EXISTING, WRITE]: sun.nio.ch.FileChannelImpl@4e10673d
2025-09-29 07:15:01,280 [s2-impl-thread1] TRACE util.FileUtils (LogUtils.java:runAndLog(49)) - Successfully ran Atomic Files.move /home/runner/work/ratis/ratis/ratis-test/target/test/data/6b14e155/MiniRaftClusterWithGrpc127ab8af/s2/bb8cf919-f15c-4cce-b148-9167e2cb8a8f/current/raft-meta.tmp to /home/runner/work/ratis/ratis/ratis-test/target/test/data/6b14e155/MiniRaftClusterWithGrpc127ab8af/s2/bb8cf919-f15c-4cce-b148-9167e2cb8a8f/current/raft-meta with options [REPLACE_EXISTING]
2025-09-29 07:15:01,280 [s2-impl-thread1] INFO  storage.RaftStorage (RaftStorageImpl.java:format(98)) - Storage directory /home/runner/work/ratis/ratis/ratis-test/target/test/data/6b14e155/MiniRaftClusterWithGrpc127ab8af/s2/bb8cf919-f15c-4cce-b148-9167e2cb8a8f has been successfully formatted.
2025-09-29 07:15:01,280 [s2-impl-thread1] INFO  server.RaftServer$Division (ServerState.java:getSnapshotIndexFromStateMachine(154)) - s2@group-9167E2CB8A8F: getLatestSnapshot(CounterStateMachine-36:s2:group-9167E2CB8A8F) returns null
2025-09-29 07:15:01,280 [s2-impl-thread1] INFO  raftlog.RaftLog (RaftLogBase.java:<init>(90)) - s2@group-9167E2CB8A8F-SegmentedRaftLog: snapshotIndexFromStateMachine = -1
2025-09-29 07:15:01,280 [s2-impl-thread1] INFO  util.AwaitToRun (AwaitToRun.java:start(81)) - Thread[s2@group-9167E2CB8A8F-cacheEviction-AwaitToRun,5,main] started
2025-09-29 07:15:01,280 [s2-impl-thread1] INFO  segmented.SegmentedRaftLogWorker (SegmentedRaftLogWorker.java:<init>(190)) - new s2@group-9167E2CB8A8F-SegmentedRaftLogWorker for RaftStorageImpl:Storage Directory /home/runner/work/ratis/ratis/ratis-test/target/test/data/6b14e155/MiniRaftClusterWithGrpc127ab8af/s2/bb8cf919-f15c-4cce-b148-9167e2cb8a8f
2025-09-29 07:15:01,281 [s2-impl-thread1] INFO  segmented.SegmentedRaftLogWorker (SegmentedRaftLogWorker.java:lambda$new$0(141)) - s2@group-9167E2CB8A8F-SegmentedRaftLogWorker: flushIndex: setUnconditionally 0 -> -1
2025-09-29 07:15:01,281 [s2-impl-thread1] INFO  segmented.SegmentedRaftLogWorker (SegmentedRaftLogWorker.java:lambda$new$0(141)) - s2@group-9167E2CB8A8F-SegmentedRaftLogWorker: safeCacheEvictIndex: setUnconditionally 0 -> -1
2025-09-29 07:15:01,281 [s2-impl-thread1] INFO  server.RaftServer$Division (RaftServerImpl.java:start(405)) - s2@group-9167E2CB8A8F: start as a follower, conf=conf: {index: -1, cur=peers:[s0|localhost:15132, s1|localhost:15136, s2|localhost:15140]|listeners:[], old=null}
2025-09-29 07:15:01,281 [s2-impl-thread1] INFO  server.RaftServer$Division (RaftServerImpl.java:setRole(392)) - s2@group-9167E2CB8A8F: changes role from      null to FOLLOWER at term 0 for startAsFollower
2025-09-29 07:15:01,282 [s2-impl-thread1] INFO  impl.RoleInfo (RoleInfo.java:updateAndGet(148)) - s2: start s2@group-9167E2CB8A8F-FollowerState
2025-09-29 07:15:01,282 [s2@group-9167E2CB8A8F-FollowerState] INFO  server.RaftServerConfigKeys (ConfUtils.java:logFallback(69)) - raft.server.rpc.first-election.timeout.min = 150ms (fallback to raft.server.rpc.timeout.min)
2025-09-29 07:15:01,282 [s2-impl-thread1] INFO  util.JmxRegister (JmxRegister.java:tryRegister(44)) - Successfully registered JMX Bean with object name Ratis:service=RaftServer,group=group-9167E2CB8A8F,id=s2
2025-09-29 07:15:01,282 [s2-impl-thread1] INFO  util.JmxRegister (JmxRegister.java:register(58)) - register mxBean class org.apache.ratis.server.impl.RaftServerJmxAdapter as Ratis:service=RaftServer,group=group-9167E2CB8A8F,id=s2
2025-09-29 07:15:01,282 [s2@group-9167E2CB8A8F-FollowerState] INFO  server.RaftServerConfigKeys (ConfUtils.java:logFallback(69)) - raft.server.rpc.first-election.timeout.max = 300ms (fallback to raft.server.rpc.timeout.max)
2025-09-29 07:15:01,282 [s2-impl-thread1] INFO  server.RaftServer$Division (RaftServerImpl.java:start(419)) - s2@group-9167E2CB8A8F: Successfully started.
2025-09-29 07:15:01,282 [main] INFO  server.RaftServer (RaftServerProxy.java:startImpl(415)) - s2: start RPC server
2025-09-29 07:15:01,283 [main] INFO  server.GrpcServicesImpl (GrpcServicesImpl.java:startImpl(338)) - s2: GrpcServicesImpl started, listening on 15142
2025-09-29 07:15:01,283 [main] INFO  server.GrpcServicesImpl (GrpcServicesImpl.java:startImpl(338)) - s2: GrpcServicesImpl started, listening on 15140
2025-09-29 07:15:01,283 [main] INFO  server.GrpcServicesImpl (GrpcServicesImpl.java:startImpl(338)) - s2: GrpcServicesImpl started, listening on 15141
2025-09-29 07:15:01,284 [JvmPauseMonitor35] INFO  util.JvmPauseMonitor (JvmPauseMonitor.java:run(146)) - JvmPauseMonitor-s2: Started
2025-09-29 07:15:01,284 [main] INFO  ratis.RaftTestUtil (RaftTestUtil.java:waitForLeader(107)) - printing ALL groups
  s0:  RUNNING  FOLLOWER (RUNNING): s0@group-9167E2CB8A8F:t0, leader=null, voted=, raftlog=Memoized:s0@group-9167E2CB8A8F-SegmentedRaftLog:OPENED:c-1:lastnull, conf=conf: {index: -1, cur=peers:[s0|localhost:15132, s1|localhost:15136, s2|localhost:15140]|listeners:[], old=null}
  s1:  RUNNING  FOLLOWER (RUNNING): s1@group-9167E2CB8A8F:t0, leader=null, voted=, raftlog=Memoized:s1@group-9167E2CB8A8F-SegmentedRaftLog:OPENED:c-1:lastnull, conf=conf: {index: -1, cur=peers:[s0|localhost:15132, s1|localhost:15136, s2|localhost:15140]|listeners:[], old=null}
  s2:  RUNNING  FOLLOWER (RUNNING): s2@group-9167E2CB8A8F:t0, leader=null, voted=, raftlog=Memoized:s2@group-9167E2CB8A8F-SegmentedRaftLog:OPENED:c-1:lastnull, conf=conf: {index: -1, cur=peers:[s0|localhost:15132, s1|localhost:15136, s2|localhost:15140]|listeners:[], old=null}
2025-09-29 07:15:01,284 [main] WARN  ratis.RaftTestUtil (RaftTestUtil.java:lambda$waitForLeader$3(126)) - Attempt #1 failed: java.lang.IllegalStateException: No leader yet : printing ALL groups
  s0:  RUNNING  FOLLOWER (RUNNING): s0@group-9167E2CB8A8F:t0, leader=null, voted=, raftlog=Memoized:s0@group-9167E2CB8A8F-SegmentedRaftLog:OPENED:c-1:lastnull, conf=conf: {index: -1, cur=peers:[s0|localhost:15132, s1|localhost:15136, s2|localhost:15140]|listeners:[], old=null}
  s1:  RUNNING  FOLLOWER (RUNNING): s1@group-9167E2CB8A8F:t0, leader=null, voted=, raftlog=Memoized:s1@group-9167E2CB8A8F-SegmentedRaftLog:OPENED:c-1:lastnull, conf=conf: {index: -1, cur=peers:[s0|localhost:15132, s1|localhost:15136, s2|localhost:15140]|listeners:[], old=null}
  s2:  RUNNING  FOLLOWER (RUNNING): s2@group-9167E2CB8A8F:t0, leader=null, voted=, raftlog=Memoized:s2@group-9167E2CB8A8F-SegmentedRaftLog:OPENED:c-1:lastnull, conf=conf: {index: -1, cur=peers:[s0|localhost:15132, s1|localhost:15136, s2|localhost:15140]|listeners:[], old=null}
2025-09-29 07:15:01,474 [s1@group-9167E2CB8A8F-FollowerState] INFO  impl.FollowerState (FollowerState.java:runImpl(161)) - s1@group-9167E2CB8A8F-FollowerState: change to CANDIDATE, lastRpcElapsedTime:199589353ns, electionTimeout:199ms
2025-09-29 07:15:01,474 [s1@group-9167E2CB8A8F-FollowerState] INFO  impl.RoleInfo (RoleInfo.java:shutdownFollowerState(121)) - s1: shutdown s1@group-9167E2CB8A8F-FollowerState
2025-09-29 07:15:01,475 [s1@group-9167E2CB8A8F-FollowerState] INFO  server.RaftServer$Division (RaftServerImpl.java:setRole(392)) - s1@group-9167E2CB8A8F: changes role from  FOLLOWER to CANDIDATE at term 0 for changeToCandidate
2025-09-29 07:15:01,475 [s1@group-9167E2CB8A8F-FollowerState] INFO  impl.RoleInfo (RoleInfo.java:updateAndGet(148)) - s1: start s1@group-9167E2CB8A8F-LeaderElection22
2025-09-29 07:15:01,475 [s1@group-9167E2CB8A8F-LeaderElection22] INFO  impl.LeaderElection (LeaderElection.java:askForVotes(448)) - s1@group-9167E2CB8A8F-LeaderElection22 PRE_VOTE round 0: submit vote requests at term 0 for conf: {index: -1, cur=peers:[s0|localhost:15132, s1|localhost:15136, s2|localhost:15140]|listeners:[], old=null}
2025-09-29 07:15:01,476 [s1@group-9167E2CB8A8F-LeaderElection22-1] INFO  server.GrpcServerProtocolClient (GrpcServerProtocolClient.java:<init>(64)) - Build channel for s0|localhost:15132
2025-09-29 07:15:01,476 [s1@group-9167E2CB8A8F-LeaderElection22] INFO  server.RaftServerConfigKeys (ConfUtils.java:logFallback(69)) - raft.server.rpc.first-election.timeout.min = 150ms (fallback to raft.server.rpc.timeout.min)
2025-09-29 07:15:01,476 [s1@group-9167E2CB8A8F-LeaderElection22] INFO  server.RaftServerConfigKeys (ConfUtils.java:logFallback(69)) - raft.server.rpc.first-election.timeout.max = 300ms (fallback to raft.server.rpc.timeout.max)
2025-09-29 07:15:01,476 [s1@group-9167E2CB8A8F-LeaderElection22-2] INFO  server.GrpcServerProtocolClient (GrpcServerProtocolClient.java:<init>(64)) - Build channel for s2|localhost:15140
2025-09-29 07:15:01,482 [s2@group-9167E2CB8A8F-FollowerState] INFO  impl.FollowerState (FollowerState.java:runImpl(161)) - s2@group-9167E2CB8A8F-FollowerState: change to CANDIDATE, lastRpcElapsedTime:200901133ns, electionTimeout:200ms
2025-09-29 07:15:01,483 [s2@group-9167E2CB8A8F-FollowerState] INFO  impl.RoleInfo (RoleInfo.java:shutdownFollowerState(121)) - s2: shutdown s2@group-9167E2CB8A8F-FollowerState
2025-09-29 07:15:01,483 [s2@group-9167E2CB8A8F-FollowerState] INFO  server.RaftServer$Division (RaftServerImpl.java:setRole(392)) - s2@group-9167E2CB8A8F: changes role from  FOLLOWER to CANDIDATE at term 0 for changeToCandidate
2025-09-29 07:15:01,485 [s2@group-9167E2CB8A8F-FollowerState] INFO  impl.RoleInfo (RoleInfo.java:updateAndGet(148)) - s2: start s2@group-9167E2CB8A8F-LeaderElection23
2025-09-29 07:15:01,485 [s2@group-9167E2CB8A8F-LeaderElection23] INFO  impl.LeaderElection (LeaderElection.java:askForVotes(448)) - s2@group-9167E2CB8A8F-LeaderElection23 PRE_VOTE round 0: submit vote requests at term 0 for conf: {index: -1, cur=peers:[s0|localhost:15132, s1|localhost:15136, s2|localhost:15140]|listeners:[], old=null}
2025-09-29 07:15:01,486 [s2@group-9167E2CB8A8F-LeaderElection23-1] INFO  server.GrpcServerProtocolClient (GrpcServerProtocolClient.java:<init>(64)) - Build channel for s0|localhost:15132
2025-09-29 07:15:01,487 [s2@group-9167E2CB8A8F-LeaderElection23] INFO  server.RaftServerConfigKeys (ConfUtils.java:logFallback(69)) - raft.server.rpc.first-election.timeout.min = 150ms (fallback to raft.server.rpc.timeout.min)
2025-09-29 07:15:01,487 [s2@group-9167E2CB8A8F-LeaderElection23-2] INFO  server.GrpcServerProtocolClient (GrpcServerProtocolClient.java:<init>(64)) - Build channel for s1|localhost:15136
2025-09-29 07:15:01,487 [s2@group-9167E2CB8A8F-LeaderElection23] INFO  server.RaftServerConfigKeys (ConfUtils.java:logFallback(69)) - raft.server.rpc.first-election.timeout.max = 300ms (fallback to raft.server.rpc.timeout.max)
2025-09-29 07:15:01,495 [s0@group-9167E2CB8A8F-FollowerState] INFO  impl.FollowerState (FollowerState.java:runImpl(161)) - s0@group-9167E2CB8A8F-FollowerState: change to CANDIDATE, lastRpcElapsedTime:227693232ns, electionTimeout:227ms
2025-09-29 07:15:01,495 [s0@group-9167E2CB8A8F-FollowerState] INFO  impl.RoleInfo (RoleInfo.java:shutdownFollowerState(121)) - s0: shutdown s0@group-9167E2CB8A8F-FollowerState
2025-09-29 07:15:01,495 [s0@group-9167E2CB8A8F-FollowerState] INFO  server.RaftServer$Division (RaftServerImpl.java:setRole(392)) - s0@group-9167E2CB8A8F: changes role from  FOLLOWER to CANDIDATE at term 0 for changeToCandidate
2025-09-29 07:15:01,503 [s0@group-9167E2CB8A8F-FollowerState] INFO  impl.RoleInfo (RoleInfo.java:updateAndGet(148)) - s0: start s0@group-9167E2CB8A8F-LeaderElection24
2025-09-29 07:15:01,503 [s0@group-9167E2CB8A8F-LeaderElection24] INFO  impl.LeaderElection (LeaderElection.java:askForVotes(448)) - s0@group-9167E2CB8A8F-LeaderElection24 PRE_VOTE round 0: submit vote requests at term 0 for conf: {index: -1, cur=peers:[s0|localhost:15132, s1|localhost:15136, s2|localhost:15140]|listeners:[], old=null}
2025-09-29 07:15:01,504 [s0@group-9167E2CB8A8F-LeaderElection24-1] INFO  server.GrpcServerProtocolClient (GrpcServerProtocolClient.java:<init>(64)) - Build channel for s1|localhost:15136
2025-09-29 07:15:01,504 [s0@group-9167E2CB8A8F-LeaderElection24] INFO  server.RaftServerConfigKeys (ConfUtils.java:logFallback(69)) - raft.server.rpc.first-election.timeout.min = 150ms (fallback to raft.server.rpc.timeout.min)
2025-09-29 07:15:01,504 [s0@group-9167E2CB8A8F-LeaderElection24] INFO  server.RaftServerConfigKeys (ConfUtils.java:logFallback(69)) - raft.server.rpc.first-election.timeout.max = 300ms (fallback to raft.server.rpc.timeout.max)
2025-09-29 07:15:01,504 [s0@group-9167E2CB8A8F-LeaderElection24-2] INFO  server.GrpcServerProtocolClient (GrpcServerProtocolClient.java:<init>(64)) - Build channel for s2|localhost:15140
2025-09-29 07:15:01,513 [grpc-default-executor-6] INFO  server.RaftServer$Division (RaftServerImpl.java:requestVote(1433)) - s2@group-9167E2CB8A8F: receive requestVote(PRE_VOTE, s1, group-9167E2CB8A8F, 0, <PROTO_DEFAULT>)
2025-09-29 07:15:01,513 [grpc-default-executor-4] INFO  server.RaftServer$Division (RaftServerImpl.java:requestVote(1433)) - s0@group-9167E2CB8A8F: receive requestVote(PRE_VOTE, s2, group-9167E2CB8A8F, 0, <PROTO_DEFAULT>)
2025-09-29 07:15:01,515 [grpc-default-executor-4] INFO  impl.VoteContext (VoteContext.java:log(49)) - s0@group-9167E2CB8A8F-CANDIDATE: accept PRE_VOTE from s2: our priority 0 <= candidate's priority 0
2025-09-29 07:15:01,516 [grpc-default-executor-6] INFO  impl.VoteContext (VoteContext.java:log(49)) - s2@group-9167E2CB8A8F-CANDIDATE: accept PRE_VOTE from s1: our priority 0 <= candidate's priority 0
2025-09-29 07:15:01,516 [grpc-default-executor-6] INFO  server.RaftServer$Division (RaftServerImpl.java:requestVote(1467)) - s2@group-9167E2CB8A8F replies to PRE_VOTE vote request: s1<-s2#0:OK-t0-last:<INITIAL_VALUE>. Peer's state: s2@group-9167E2CB8A8F:t0, leader=null, voted=, raftlog=Memoized:s2@group-9167E2CB8A8F-SegmentedRaftLog:OPENED:c-1:lastnull, conf=conf: {index: -1, cur=peers:[s0|localhost:15132, s1|localhost:15136, s2|localhost:15140]|listeners:[], old=null}
2025-09-29 07:15:01,516 [grpc-default-executor-5] INFO  server.RaftServer$Division (RaftServerImpl.java:requestVote(1433)) - s0@group-9167E2CB8A8F: receive requestVote(PRE_VOTE, s1, group-9167E2CB8A8F, 0, <PROTO_DEFAULT>)
2025-09-29 07:15:01,517 [grpc-default-executor-4] INFO  server.RaftServer$Division (RaftServerImpl.java:requestVote(1467)) - s0@group-9167E2CB8A8F replies to PRE_VOTE vote request: s2<-s0#0:OK-t0-last:<INITIAL_VALUE>. Peer's state: s0@group-9167E2CB8A8F:t0, leader=null, voted=, raftlog=Memoized:s0@group-9167E2CB8A8F-SegmentedRaftLog:OPENED:c-1:lastnull, conf=conf: {index: -1, cur=peers:[s0|localhost:15132, s1|localhost:15136, s2|localhost:15140]|listeners:[], old=null}
2025-09-29 07:15:01,517 [grpc-default-executor-5] INFO  impl.VoteContext (VoteContext.java:log(49)) - s0@group-9167E2CB8A8F-CANDIDATE: accept PRE_VOTE from s1: our priority 0 <= candidate's priority 0
2025-09-29 07:15:01,517 [grpc-default-executor-5] INFO  server.RaftServer$Division (RaftServerImpl.java:requestVote(1467)) - s0@group-9167E2CB8A8F replies to PRE_VOTE vote request: s1<-s0#0:OK-t0-last:<INITIAL_VALUE>. Peer's state: s0@group-9167E2CB8A8F:t0, leader=null, voted=, raftlog=Memoized:s0@group-9167E2CB8A8F-SegmentedRaftLog:OPENED:c-1:lastnull, conf=conf: {index: -1, cur=peers:[s0|localhost:15132, s1|localhost:15136, s2|localhost:15140]|listeners:[], old=null}
2025-09-29 07:15:01,526 [s2@group-9167E2CB8A8F-LeaderElection23] INFO  impl.LeaderElection (LeaderElection.java:logAndReturn(206)) - s2@group-9167E2CB8A8F-LeaderElection23: PRE_VOTE PASSED received 1 response(s) and 0 exception(s):
2025-09-29 07:15:01,526 [s2@group-9167E2CB8A8F-LeaderElection23] INFO  impl.LeaderElection (LeaderElection.java:logAndReturn(210)) -   Response 0: s2<-s0#0:OK-t0-last:<INITIAL_VALUE>
2025-09-29 07:15:01,528 [s2@group-9167E2CB8A8F-LeaderElection23] INFO  impl.LeaderElection (LeaderElection.java:askForVotes(450)) - s2@group-9167E2CB8A8F-LeaderElection23 PRE_VOTE round 0: result PASSED
2025-09-29 07:15:01,529 [s2@group-9167E2CB8A8F-LeaderElection23] TRACE util.FileUtils (LogUtils.java:supplyAndLog(69)) - Successfully supplied FileChannel.open /home/runner/work/ratis/ratis/ratis-test/target/test/data/6b14e155/MiniRaftClusterWithGrpc127ab8af/s2/bb8cf919-f15c-4cce-b148-9167e2cb8a8f/current/raft-meta.tmp with options [CREATE, TRUNCATE_EXISTING, WRITE]: sun.nio.ch.FileChannelImpl@62fba4a3
2025-09-29 07:15:01,530 [s1@group-9167E2CB8A8F-LeaderElection22] INFO  impl.LeaderElection (LeaderElection.java:logAndReturn(206)) - s1@group-9167E2CB8A8F-LeaderElection22: PRE_VOTE PASSED received 1 response(s) and 0 exception(s):
2025-09-29 07:15:01,530 [s2@group-9167E2CB8A8F-LeaderElection23] TRACE util.FileUtils (LogUtils.java:runAndLog(49)) - Successfully ran Atomic Files.move /home/runner/work/ratis/ratis/ratis-test/target/test/data/6b14e155/MiniRaftClusterWithGrpc127ab8af/s2/bb8cf919-f15c-4cce-b148-9167e2cb8a8f/current/raft-meta.tmp to /home/runner/work/ratis/ratis/ratis-test/target/test/data/6b14e155/MiniRaftClusterWithGrpc127ab8af/s2/bb8cf919-f15c-4cce-b148-9167e2cb8a8f/current/raft-meta with options [REPLACE_EXISTING]
2025-09-29 07:15:01,530 [s2@group-9167E2CB8A8F-LeaderElection23] INFO  impl.LeaderElection (LeaderElection.java:askForVotes(448)) - s2@group-9167E2CB8A8F-LeaderElection23 ELECTION round 0: submit vote requests at term 1 for conf: {index: -1, cur=peers:[s0|localhost:15132, s1|localhost:15136, s2|localhost:15140]|listeners:[], old=null}
2025-09-29 07:15:01,530 [s1@group-9167E2CB8A8F-LeaderElection22] INFO  impl.LeaderElection (LeaderElection.java:logAndReturn(210)) -   Response 0: s1<-s2#0:OK-t0-last:<INITIAL_VALUE>
2025-09-29 07:15:01,533 [s1@group-9167E2CB8A8F-LeaderElection22] INFO  impl.LeaderElection (LeaderElection.java:askForVotes(450)) - s1@group-9167E2CB8A8F-LeaderElection22 PRE_VOTE round 0: result PASSED
2025-09-29 07:15:01,533 [s1@group-9167E2CB8A8F-LeaderElection22] TRACE util.FileUtils (LogUtils.java:supplyAndLog(69)) - Successfully supplied FileChannel.open /home/runner/work/ratis/ratis/ratis-test/target/test/data/6b14e155/MiniRaftClusterWithGrpc127ab8af/s1/bb8cf919-f15c-4cce-b148-9167e2cb8a8f/current/raft-meta.tmp with options [CREATE, TRUNCATE_EXISTING, WRITE]: sun.nio.ch.FileChannelImpl@238eabad
2025-09-29 07:15:01,535 [s1@group-9167E2CB8A8F-LeaderElection22] TRACE util.FileUtils (LogUtils.java:runAndLog(49)) - Successfully ran Atomic Files.move /home/runner/work/ratis/ratis/ratis-test/target/test/data/6b14e155/MiniRaftClusterWithGrpc127ab8af/s1/bb8cf919-f15c-4cce-b148-9167e2cb8a8f/current/raft-meta.tmp to /home/runner/work/ratis/ratis/ratis-test/target/test/data/6b14e155/MiniRaftClusterWithGrpc127ab8af/s1/bb8cf919-f15c-4cce-b148-9167e2cb8a8f/current/raft-meta with options [REPLACE_EXISTING]
2025-09-29 07:15:01,536 [s1@group-9167E2CB8A8F-LeaderElection22] INFO  impl.LeaderElection (LeaderElection.java:askForVotes(448)) - s1@group-9167E2CB8A8F-LeaderElection22 ELECTION round 0: submit vote requests at term 1 for conf: {index: -1, cur=peers:[s0|localhost:15132, s1|localhost:15136, s2|localhost:15140]|listeners:[], old=null}
2025-09-29 07:15:01,537 [grpc-default-executor-3] INFO  server.RaftServer$Division (RaftServerImpl.java:requestVote(1433)) - s0@group-9167E2CB8A8F: receive requestVote(ELECTION, s2, group-9167E2CB8A8F, 1, <PROTO_DEFAULT>)
2025-09-29 07:15:01,537 [grpc-default-executor-3] INFO  impl.VoteContext (VoteContext.java:log(49)) - s0@group-9167E2CB8A8F-CANDIDATE: accept ELECTION from s2: our priority 0 <= candidate's priority 0
2025-09-29 07:15:01,537 [grpc-default-executor-3] INFO  server.RaftServer$Division (RaftServerImpl.java:setRole(392)) - s0@group-9167E2CB8A8F: changes role from CANDIDATE to FOLLOWER at term 0 for candidate:s2
2025-09-29 07:15:01,537 [grpc-default-executor-3] INFO  impl.RoleInfo (RoleInfo.java:shutdownLeaderElection(141)) - s0: shutdown s0@group-9167E2CB8A8F-LeaderElection24
2025-09-29 07:15:01,535 [s2@group-9167E2CB8A8F-LeaderElection23] INFO  server.RaftServerConfigKeys (ConfUtils.java:logFallback(69)) - raft.server.rpc.first-election.timeout.min = 150ms (fallback to raft.server.rpc.timeout.min)
2025-09-29 07:15:01,538 [grpc-default-executor-9] INFO  server.RaftServer$Division (RaftServerImpl.java:requestVote(1433)) - s1@group-9167E2CB8A8F: receive requestVote(ELECTION, s2, group-9167E2CB8A8F, 1, <PROTO_DEFAULT>)
2025-09-29 07:15:01,538 [grpc-default-executor-8] INFO  server.RaftServer$Division (RaftServerImpl.java:requestVote(1433)) - s2@group-9167E2CB8A8F: receive requestVote(PRE_VOTE, s0, group-9167E2CB8A8F, 0, <PROTO_DEFAULT>)
2025-09-29 07:15:01,538 [grpc-default-executor-8] INFO  impl.VoteContext (VoteContext.java:log(49)) - s2@group-9167E2CB8A8F-CANDIDATE: accept PRE_VOTE from s0: our priority 0 <= candidate's priority 0
2025-09-29 07:15:01,538 [grpc-default-executor-8] INFO  server.RaftServer$Division (RaftServerImpl.java:requestVote(1467)) - s2@group-9167E2CB8A8F replies to PRE_VOTE vote request: s0<-s2#0:OK-t1-last:<INITIAL_VALUE>. Peer's state: s2@group-9167E2CB8A8F:t1, leader=null, voted=s2, raftlog=Memoized:s2@group-9167E2CB8A8F-SegmentedRaftLog:OPENED:c-1:lastnull, conf=conf: {index: -1, cur=peers:[s0|localhost:15132, s1|localhost:15136, s2|localhost:15140]|listeners:[], old=null}
2025-09-29 07:15:01,538 [grpc-default-executor-3] INFO  impl.RoleInfo (RoleInfo.java:updateAndGet(148)) - s0: start s0@group-9167E2CB8A8F-FollowerState
2025-09-29 07:15:01,539 [grpc-default-executor-9] INFO  impl.VoteContext (VoteContext.java:log(49)) - s1@group-9167E2CB8A8F-CANDIDATE: reject ELECTION from s2: already has voted for s1 at current term 1
2025-09-29 07:15:01,538 [s1@group-9167E2CB8A8F-LeaderElection22] INFO  server.RaftServerConfigKeys (ConfUtils.java:logFallback(69)) - raft.server.rpc.first-election.timeout.min = 150ms (fallback to raft.server.rpc.timeout.min)
2025-09-29 07:15:01,540 [grpc-default-executor-3] INFO  server.RaftServer$Division (RaftServerImpl.java:setFirstElection(576)) - s0@group-9167E2CB8A8F: set firstElectionSinceStartup to false for candidate:s2
2025-09-29 07:15:01,540 [grpc-default-executor-9] INFO  server.RaftServer$Division (RaftServerImpl.java:requestVote(1467)) - s1@group-9167E2CB8A8F replies to ELECTION vote request: s2<-s1#0:FAIL-t1-last:<INITIAL_VALUE>. Peer's state: s1@group-9167E2CB8A8F:t1, leader=null, voted=s1, raftlog=Memoized:s1@group-9167E2CB8A8F-SegmentedRaftLog:OPENED:c-1:lastnull, conf=conf: {index: -1, cur=peers:[s0|localhost:15132, s1|localhost:15136, s2|localhost:15140]|listeners:[], old=null}
2025-09-29 07:15:01,540 [grpc-default-executor-3] TRACE util.FileUtils (LogUtils.java:supplyAndLog(69)) - Successfully supplied FileChannel.open /home/runner/work/ratis/ratis/ratis-test/target/test/data/6b14e155/MiniRaftClusterWithGrpc127ab8af/s0/bb8cf919-f15c-4cce-b148-9167e2cb8a8f/current/raft-meta.tmp with options [CREATE, TRUNCATE_EXISTING, WRITE]: sun.nio.ch.FileChannelImpl@7e7ab858
2025-09-29 07:15:01,540 [s2@group-9167E2CB8A8F-LeaderElection23] INFO  server.RaftServerConfigKeys (ConfUtils.java:logFallback(69)) - raft.server.rpc.first-election.timeout.max = 300ms (fallback to raft.server.rpc.timeout.max)
2025-09-29 07:15:01,540 [s1@group-9167E2CB8A8F-LeaderElection22] INFO  server.RaftServerConfigKeys (ConfUtils.java:logFallback(69)) - raft.server.rpc.first-election.timeout.max = 300ms (fallback to raft.server.rpc.timeout.max)
2025-09-29 07:15:01,541 [grpc-default-executor-7] INFO  server.RaftServer$Division (RaftServerImpl.java:requestVote(1433)) - s0@group-9167E2CB8A8F: receive requestVote(ELECTION, s1, group-9167E2CB8A8F, 1, <PROTO_DEFAULT>)
2025-09-29 07:15:01,543 [grpc-default-executor-3] TRACE util.FileUtils (LogUtils.java:runAndLog(49)) - Successfully ran Atomic Files.move /home/runner/work/ratis/ratis/ratis-test/target/test/data/6b14e155/MiniRaftClusterWithGrpc127ab8af/s0/bb8cf919-f15c-4cce-b148-9167e2cb8a8f/current/raft-meta.tmp to /home/runner/work/ratis/ratis/ratis-test/target/test/data/6b14e155/MiniRaftClusterWithGrpc127ab8af/s0/bb8cf919-f15c-4cce-b148-9167e2cb8a8f/current/raft-meta with options [REPLACE_EXISTING]
2025-09-29 07:15:01,544 [grpc-default-executor-3] INFO  server.RaftServer$Division (RaftServerImpl.java:requestVote(1467)) - s0@group-9167E2CB8A8F replies to ELECTION vote request: s2<-s0#0:OK-t1-last:<INITIAL_VALUE>. Peer's state: s0@group-9167E2CB8A8F:t1, leader=null, voted=s2, raftlog=Memoized:s0@group-9167E2CB8A8F-SegmentedRaftLog:OPENED:c-1:lastnull, conf=conf: {index: -1, cur=peers:[s0|localhost:15132, s1|localhost:15136, s2|localhost:15140]|listeners:[], old=null}
2025-09-29 07:15:01,544 [s0@group-9167E2CB8A8F-LeaderElection24] INFO  impl.LeaderElection (LeaderElection.java:logAndReturn(206)) - s0@group-9167E2CB8A8F-LeaderElection24: PRE_VOTE DISCOVERED_A_NEW_TERM (term=1) received 1 response(s) and 0 exception(s):
2025-09-29 07:15:01,544 [s0@group-9167E2CB8A8F-LeaderElection24] INFO  impl.LeaderElection (LeaderElection.java:logAndReturn(210)) -   Response 0: s0<-s2#0:OK-t1-last:<INITIAL_VALUE>
2025-09-29 07:15:01,544 [s0@group-9167E2CB8A8F-LeaderElection24] INFO  impl.LeaderElection (LeaderElection.java:askForVotes(450)) - s0@group-9167E2CB8A8F-LeaderElection24 PRE_VOTE round 0: result DISCOVERED_A_NEW_TERM (term=1)
2025-09-29 07:15:01,544 [grpc-default-executor-9] INFO  server.RaftServer$Division (RaftServerImpl.java:requestVote(1433)) - s2@group-9167E2CB8A8F: receive requestVote(ELECTION, s1, group-9167E2CB8A8F, 1, <PROTO_DEFAULT>)
2025-09-29 07:15:01,544 [grpc-default-executor-9] INFO  impl.VoteContext (VoteContext.java:log(49)) - s2@group-9167E2CB8A8F-CANDIDATE: reject ELECTION from s1: already has voted for s2 at current term 1
2025-09-29 07:15:01,545 [grpc-default-executor-9] INFO  server.RaftServer$Division (RaftServerImpl.java:requestVote(1467)) - s2@group-9167E2CB8A8F replies to ELECTION vote request: s1<-s2#0:FAIL-t1-last:<INITIAL_VALUE>. Peer's state: s2@group-9167E2CB8A8F:t1, leader=null, voted=s2, raftlog=Memoized:s2@group-9167E2CB8A8F-SegmentedRaftLog:OPENED:c-1:lastnull, conf=conf: {index: -1, cur=peers:[s0|localhost:15132, s1|localhost:15136, s2|localhost:15140]|listeners:[], old=null}
2025-09-29 07:15:01,545 [grpc-default-executor-7] INFO  impl.VoteContext (VoteContext.java:log(49)) - s0@group-9167E2CB8A8F-FOLLOWER: reject ELECTION from s1: already has voted for s2 at current term 1
2025-09-29 07:15:01,545 [grpc-default-executor-7] INFO  server.RaftServer$Division (RaftServerImpl.java:requestVote(1467)) - s0@group-9167E2CB8A8F replies to ELECTION vote request: s1<-s0#0:FAIL-t1-last:<INITIAL_VALUE>. Peer's state: s0@group-9167E2CB8A8F:t1, leader=null, voted=s2, raftlog=Memoized:s0@group-9167E2CB8A8F-SegmentedRaftLog:OPENED:c-1:lastnull, conf=conf: {index: -1, cur=peers:[s0|localhost:15132, s1|localhost:15136, s2|localhost:15140]|listeners:[], old=null}
2025-09-29 07:15:01,546 [s2@group-9167E2CB8A8F-LeaderElection23] INFO  impl.LeaderElection (LeaderElection.java:logAndReturn(206)) - s2@group-9167E2CB8A8F-LeaderElection23: ELECTION PASSED received 2 response(s) and 0 exception(s):
2025-09-29 07:15:01,546 [s2@group-9167E2CB8A8F-LeaderElection23] INFO  impl.LeaderElection (LeaderElection.java:logAndReturn(210)) -   Response 0: s2<-s0#0:OK-t1-last:<INITIAL_VALUE>
2025-09-29 07:15:01,546 [s2@group-9167E2CB8A8F-LeaderElection23] INFO  impl.LeaderElection (LeaderElection.java:logAndReturn(210)) -   Response 1: s2<-s1#0:FAIL-t1-last:<INITIAL_VALUE>
2025-09-29 07:15:01,546 [s1@group-9167E2CB8A8F-LeaderElection22] INFO  impl.LeaderElection (LeaderElection.java:waitForResults(573)) - rejectedPeers: [s2, s0], emptyCommit? true
2025-09-29 07:15:01,546 [s1@group-9167E2CB8A8F-LeaderElection22] INFO  impl.LeaderElection (LeaderElection.java:logAndReturn(206)) - s1@group-9167E2CB8A8F-LeaderElection22: ELECTION REJECTED received 2 response(s) and 0 exception(s):
2025-09-29 07:15:01,546 [s2@group-9167E2CB8A8F-LeaderElection23] INFO  impl.LeaderElection (LeaderElection.java:askForVotes(450)) - s2@group-9167E2CB8A8F-LeaderElection23 ELECTION round 0: result PASSED
2025-09-29 07:15:01,546 [s1@group-9167E2CB8A8F-LeaderElection22] INFO  impl.LeaderElection (LeaderElection.java:logAndReturn(210)) -   Response 0: s1<-s0#0:FAIL-t1-last:<INITIAL_VALUE>
2025-09-29 07:15:01,546 [s1@group-9167E2CB8A8F-LeaderElection22] INFO  impl.LeaderElection (LeaderElection.java:logAndReturn(210)) -   Response 1: s1<-s2#0:FAIL-t1-last:<INITIAL_VALUE>
2025-09-29 07:15:01,547 [s1@group-9167E2CB8A8F-LeaderElection22] INFO  impl.LeaderElection (LeaderElection.java:askForVotes(450)) - s1@group-9167E2CB8A8F-LeaderElection22 ELECTION round 0: result REJECTED
2025-09-29 07:15:01,547 [s1@group-9167E2CB8A8F-LeaderElection22] INFO  server.RaftServer$Division (RaftServerImpl.java:setRole(392)) - s1@group-9167E2CB8A8F: changes role from CANDIDATE to FOLLOWER at term 1 for REJECTED
2025-09-29 07:15:01,547 [s1@group-9167E2CB8A8F-LeaderElection22] INFO  impl.RoleInfo (RoleInfo.java:shutdownLeaderElection(141)) - s1: shutdown s1@group-9167E2CB8A8F-LeaderElection22
2025-09-29 07:15:01,547 [s1@group-9167E2CB8A8F-LeaderElection22] INFO  impl.RoleInfo (RoleInfo.java:updateAndGet(148)) - s1: start s1@group-9167E2CB8A8F-FollowerState
2025-09-29 07:15:01,546 [s2@group-9167E2CB8A8F-LeaderElection23] INFO  impl.RoleInfo (RoleInfo.java:shutdownLeaderElection(141)) - s2: shutdown s2@group-9167E2CB8A8F-LeaderElection23
2025-09-29 07:15:01,547 [s2@group-9167E2CB8A8F-LeaderElection23] INFO  server.RaftServer$Division (RaftServerImpl.java:setRole(392)) - s2@group-9167E2CB8A8F: changes role from CANDIDATE to LEADER at term 1 for changeToLeader
2025-09-29 07:15:01,547 [s2@group-9167E2CB8A8F-LeaderElection23] INFO  server.RaftServerConfigKeys (ConfUtils.java:logFallback(69)) - raft.server.staging.timeout = 900ms (fallback to raft.server.rpc.timeout.max)
2025-09-29 07:15:01,547 [s1@group-9167E2CB8A8F-FollowerState] INFO  server.RaftServerConfigKeys (ConfUtils.java:logFallback(69)) - raft.server.rpc.first-election.timeout.min = 150ms (fallback to raft.server.rpc.timeout.min)
2025-09-29 07:15:01,547 [s1@group-9167E2CB8A8F-FollowerState] INFO  server.RaftServerConfigKeys (ConfUtils.java:logFallback(69)) - raft.server.rpc.first-election.timeout.max = 300ms (fallback to raft.server.rpc.timeout.max)
2025-09-29 07:15:01,547 [s1@group-9167E2CB8A8F-LeaderElection22] INFO  server.RaftServer$Division (RaftServerImpl.java:setFirstElection(576)) - s1@group-9167E2CB8A8F: set firstElectionSinceStartup to false for REJECTED
2025-09-29 07:15:01,549 [s2@group-9167E2CB8A8F-LeaderElection23] INFO  impl.RoleInfo (RoleInfo.java:updateAndGet(148)) - s2: start s2@group-9167E2CB8A8F-LeaderStateImpl
2025-09-29 07:15:01,549 [s2@group-9167E2CB8A8F-LeaderElection23] INFO  server.RaftServer$Division (RaftServerImpl.java:setFirstElection(576)) - s2@group-9167E2CB8A8F: set firstElectionSinceStartup to false for becomeLeader
2025-09-29 07:15:01,549 [s2@group-9167E2CB8A8F-LeaderElection23] INFO  server.RaftServer$Division (ServerState.java:setLeader(277)) - s2@group-9167E2CB8A8F: change Leader from null to s2 at term 1 for becomeLeader, leader elected after 288ms
2025-09-29 07:15:01,550 [s2@group-9167E2CB8A8F-LeaderElection23] INFO  segmented.SegmentedRaftLogWorker (SegmentedRaftLogWorker.java:startLogSegment(440)) - s2@group-9167E2CB8A8F-SegmentedRaftLogWorker: Starting segment from index:0
2025-09-29 07:15:01,550 [s2@group-9167E2CB8A8F-LeaderElection23] INFO  server.RaftServer$Division (ServerState.java:setRaftConf(391)) - s2@group-9167E2CB8A8F: set configuration conf: {index: 0, cur=peers:[s0|localhost:15132, s1|localhost:15136, s2|localhost:15140]|listeners:[], old=null}
2025-09-29 07:15:01,550 [s2@group-9167E2CB8A8F-SegmentedRaftLogWorker] INFO  segmented.BufferedWriteChannel (BufferedWriteChannel.java:open(61)) - open log_inprogress_0 at position 0
2025-09-29 07:15:01,557 [s2@group-9167E2CB8A8F-SegmentedRaftLogWorker] INFO  segmented.SegmentedRaftLogWorker (SegmentedRaftLogWorker.java:execute(647)) - s2@group-9167E2CB8A8F-SegmentedRaftLogWorker: created new log segment /home/runner/work/ratis/ratis/ratis-test/target/test/data/6b14e155/MiniRaftClusterWithGrpc127ab8af/s2/bb8cf919-f15c-4cce-b148-9167e2cb8a8f/current/log_inprogress_0
2025-09-29 07:15:01,558 [grpc-default-executor-7] INFO  server.RaftServer$Division (ServerState.java:setLeader(277)) - s0@group-9167E2CB8A8F: change Leader from null to s2 at term 1 for appendEntries, leader elected after 307ms
2025-09-29 07:15:01,559 [grpc-default-executor-3] INFO  server.RaftServer$Division (ServerState.java:setLeader(277)) - s1@group-9167E2CB8A8F: change Leader from null to s2 at term 1 for appendEntries, leader elected after 303ms
2025-09-29 07:15:01,561 [grpc-default-executor-3] DEBUG server.RaftServer$Division (RaftServerImpl.java:logAppendEntries(1536)) - s1@group-9167E2CB8A8F: appendEntries* s2->s1#1-t1,previous=<PROTO_DEFAULT>,leaderCommit=-1,initializing? false,entries: size=1, first=(t:1, i:0), CONFIGURATIONENTRY(current:id:"s0"address:"localhost:15132"dataStreamAddress:"localhost:15135"clientAddress:"localhost:15134"adminAddress:"localhost:15133"startupRole:FOLLOWER, id:"s1"address:"localhost:15136"dataStreamAddress:"localhost:15139"clientAddress:"localhost:15138"adminAddress:"localhost:15137"startupRole:FOLLOWER, id:"s2"address:"localhost:15140"dataStreamAddress:"localhost:15143"clientAddress:"localhost:15142"adminAddress:"localhost:15141"startupRole:FOLLOWER, old:)
2025-09-29 07:15:01,561 [grpc-default-executor-3] INFO  server.RaftServer$Division (ServerState.java:setRaftConf(391)) - s1@group-9167E2CB8A8F: set configuration conf: {index: 0, cur=peers:[s0|localhost:15132, s1|localhost:15136, s2|localhost:15140]|listeners:[], old=null}
2025-09-29 07:15:01,562 [s1-server-thread1] INFO  segmented.SegmentedRaftLogWorker (SegmentedRaftLogWorker.java:startLogSegment(440)) - s1@group-9167E2CB8A8F-SegmentedRaftLogWorker: Starting segment from index:0
2025-09-29 07:15:01,563 [s1@group-9167E2CB8A8F-SegmentedRaftLogWorker] INFO  segmented.BufferedWriteChannel (BufferedWriteChannel.java:open(61)) - open log_inprogress_0 at position 0
2025-09-29 07:15:01,564 [grpc-default-executor-3] DEBUG server.RaftServer$Division (RaftServerImpl.java:logAppendEntries(1536)) - s0@group-9167E2CB8A8F: appendEntries* s2->s0#1-t1,previous=<PROTO_DEFAULT>,leaderCommit=-1,initializing? false,entries: size=1, first=(t:1, i:0), CONFIGURATIONENTRY(current:id:"s0"address:"localhost:15132"dataStreamAddress:"localhost:15135"clientAddress:"localhost:15134"adminAddress:"localhost:15133"startupRole:FOLLOWER, id:"s1"address:"localhost:15136"dataStreamAddress:"localhost:15139"clientAddress:"localhost:15138"adminAddress:"localhost:15137"startupRole:FOLLOWER, id:"s2"address:"localhost:15140"dataStreamAddress:"localhost:15143"clientAddress:"localhost:15142"adminAddress:"localhost:15141"startupRole:FOLLOWER, old:)
2025-09-29 07:15:01,564 [grpc-default-executor-3] INFO  server.RaftServer$Division (ServerState.java:setRaftConf(391)) - s0@group-9167E2CB8A8F: set configuration conf: {index: 0, cur=peers:[s0|localhost:15132, s1|localhost:15136, s2|localhost:15140]|listeners:[], old=null}
2025-09-29 07:15:01,564 [s0-server-thread1] INFO  segmented.SegmentedRaftLogWorker (SegmentedRaftLogWorker.java:startLogSegment(440)) - s0@group-9167E2CB8A8F-SegmentedRaftLogWorker: Starting segment from index:0
2025-09-29 07:15:01,565 [s0@group-9167E2CB8A8F-SegmentedRaftLogWorker] INFO  segmented.BufferedWriteChannel (BufferedWriteChannel.java:open(61)) - open log_inprogress_0 at position 0
2025-09-29 07:15:01,569 [s1@group-9167E2CB8A8F-SegmentedRaftLogWorker] INFO  segmented.SegmentedRaftLogWorker (SegmentedRaftLogWorker.java:execute(647)) - s1@group-9167E2CB8A8F-SegmentedRaftLogWorker: created new log segment /home/runner/work/ratis/ratis/ratis-test/target/test/data/6b14e155/MiniRaftClusterWithGrpc127ab8af/s1/bb8cf919-f15c-4cce-b148-9167e2cb8a8f/current/log_inprogress_0
2025-09-29 07:15:01,571 [s1-server-thread1] DEBUG server.RaftServer$Division (RaftServerImpl.java:logAppendEntries(1536)) - s1@group-9167E2CB8A8F: appendEntries* reply s2<-s1#1:OK-t1,SUCCESS,nextIndex=1,followerCommit=-1,matchIndex=0
2025-09-29 07:15:01,572 [s0@group-9167E2CB8A8F-SegmentedRaftLogWorker] INFO  segmented.SegmentedRaftLogWorker (SegmentedRaftLogWorker.java:execute(647)) - s0@group-9167E2CB8A8F-SegmentedRaftLogWorker: created new log segment /home/runner/work/ratis/ratis/ratis-test/target/test/data/6b14e155/MiniRaftClusterWithGrpc127ab8af/s0/bb8cf919-f15c-4cce-b148-9167e2cb8a8f/current/log_inprogress_0
2025-09-29 07:15:01,572 [s2@group-9167E2CB8A8F-StateMachineUpdater] TRACE util.FileUtils (LogUtils.java:supplyAndLog(69)) - Successfully supplied FileChannel.open /home/runner/work/ratis/ratis/ratis-test/target/test/data/6b14e155/MiniRaftClusterWithGrpc127ab8af/s2/bb8cf919-f15c-4cce-b148-9167e2cb8a8f/current/raft-meta.conf.tmp with options [CREATE, TRUNCATE_EXISTING, WRITE]: sun.nio.ch.FileChannelImpl@10369fb3
2025-09-29 07:15:01,573 [s0-server-thread1] DEBUG server.RaftServer$Division (RaftServerImpl.java:logAppendEntries(1536)) - s0@group-9167E2CB8A8F: appendEntries* reply s2<-s0#1:OK-t1,SUCCESS,nextIndex=1,followerCommit=-1,matchIndex=0
2025-09-29 07:15:01,574 [s2@group-9167E2CB8A8F-StateMachineUpdater] TRACE util.FileUtils (LogUtils.java:runAndLog(49)) - Successfully ran Atomic Files.move /home/runner/work/ratis/ratis/ratis-test/target/test/data/6b14e155/MiniRaftClusterWithGrpc127ab8af/s2/bb8cf919-f15c-4cce-b148-9167e2cb8a8f/current/raft-meta.conf.tmp to /home/runner/work/ratis/ratis/ratis-test/target/test/data/6b14e155/MiniRaftClusterWithGrpc127ab8af/s2/bb8cf919-f15c-4cce-b148-9167e2cb8a8f/current/raft-meta.conf with options [REPLACE_EXISTING]
2025-09-29 07:15:01,574 [s2@group-9167E2CB8A8F-StateMachineUpdater] INFO  server.RaftServer$Division (LeaderStateImpl.java:checkStartIndex(309)) - Leader s2@group-9167E2CB8A8F-LeaderStateImpl is ready since appliedIndex == startIndex == 0
2025-09-29 07:15:01,650 [s1@group-9167E2CB8A8F-StateMachineUpdater] TRACE util.FileUtils (LogUtils.java:supplyAndLog(69)) - Successfully supplied FileChannel.open /home/runner/work/ratis/ratis/ratis-test/target/test/data/6b14e155/MiniRaftClusterWithGrpc127ab8af/s1/bb8cf919-f15c-4cce-b148-9167e2cb8a8f/current/raft-meta.conf.tmp with options [CREATE, TRUNCATE_EXISTING, WRITE]: sun.nio.ch.FileChannelImpl@6b04bba4
2025-09-29 07:15:01,651 [s0@group-9167E2CB8A8F-StateMachineUpdater] TRACE util.FileUtils (LogUtils.java:supplyAndLog(69)) - Successfully supplied FileChannel.open /home/runner/work/ratis/ratis/ratis-test/target/test/data/6b14e155/MiniRaftClusterWithGrpc127ab8af/s0/bb8cf919-f15c-4cce-b148-9167e2cb8a8f/current/raft-meta.conf.tmp with options [CREATE, TRUNCATE_EXISTING, WRITE]: sun.nio.ch.FileChannelImpl@2c3397ca
2025-09-29 07:15:01,651 [s1@group-9167E2CB8A8F-StateMachineUpdater] TRACE util.FileUtils (LogUtils.java:runAndLog(49)) - Successfully ran Atomic Files.move /home/runner/work/ratis/ratis/ratis-test/target/test/data/6b14e155/MiniRaftClusterWithGrpc127ab8af/s1/bb8cf919-f15c-4cce-b148-9167e2cb8a8f/current/raft-meta.conf.tmp to /home/runner/work/ratis/ratis/ratis-test/target/test/data/6b14e155/MiniRaftClusterWithGrpc127ab8af/s1/bb8cf919-f15c-4cce-b148-9167e2cb8a8f/current/raft-meta.conf with options [REPLACE_EXISTING]
2025-09-29 07:15:01,652 [s0@group-9167E2CB8A8F-StateMachineUpdater] TRACE util.FileUtils (LogUtils.java:runAndLog(49)) - Successfully ran Atomic Files.move /home/runner/work/ratis/ratis/ratis-test/target/test/data/6b14e155/MiniRaftClusterWithGrpc127ab8af/s0/bb8cf919-f15c-4cce-b148-9167e2cb8a8f/current/raft-meta.conf.tmp to /home/runner/work/ratis/ratis/ratis-test/target/test/data/6b14e155/MiniRaftClusterWithGrpc127ab8af/s0/bb8cf919-f15c-4cce-b148-9167e2cb8a8f/current/raft-meta.conf with options [REPLACE_EXISTING]
2025-09-29 07:15:01,735 [main] INFO  ratis.RaftTestUtil (RaftTestUtil.java:waitForLeader(131)) - printing ALL groups
  s0:  RUNNING  FOLLOWER (RUNNING): s0@group-9167E2CB8A8F:t1, leader=s2, voted=s2, raftlog=Memoized:s0@group-9167E2CB8A8F-SegmentedRaftLog:OPENED:c0:last(t:1, i:0), conf=conf: {index: 0, cur=peers:[s0|localhost:15132, s1|localhost:15136, s2|localhost:15140]|listeners:[], old=null}
  s1:  RUNNING  FOLLOWER (RUNNING): s1@group-9167E2CB8A8F:t1, leader=s2, voted=s1, raftlog=Memoized:s1@group-9167E2CB8A8F-SegmentedRaftLog:OPENED:c0:last(t:1, i:0), conf=conf: {index: 0, cur=peers:[s0|localhost:15132, s1|localhost:15136, s2|localhost:15140]|listeners:[], old=null}
  s2:  RUNNING    LEADER (RUNNING): s2@group-9167E2CB8A8F:t1, leader=s2, voted=s2, raftlog=Memoized:s2@group-9167E2CB8A8F-SegmentedRaftLog:OPENED:c0:last(t:1, i:0), conf=conf: {index: 0, cur=peers:[s0|localhost:15132, s1|localhost:15136, s2|localhost:15140]|listeners:[], old=null}
2025-09-29 07:15:01,741 [s2-client-thread1] DEBUG server.RaftServer$Division (RaftServerImpl.java:submitClientRequestAsync(939)) - s2@group-9167E2CB8A8F: receive client request(RaftClientRequest:client-19B342C3AC7E->s2@group-9167E2CB8A8F, cid=154, seq=1*, Watch(0), Message:<EMPTY>)
2025-09-29 07:15:01,741 [s2-client-thread1] DEBUG server.RaftServer$Division (LeaderStateImpl.java:addWatchRequest(544)) - s2@group-9167E2CB8A8F-LeaderStateImpl: addWatchRequest RaftClientRequest:client-19B342C3AC7E->s2@group-9167E2CB8A8F, cid=154, seq=1*, Watch(0), Message:<EMPTY>
2025-09-29 07:15:01,741 [s2-server-thread1] INFO  server.RaftServer$Division (RaftServerImpl.java:stepDownLeaderAsync(1305)) - s2@group-9167E2CB8A8F receive stepDown leader request TransferLeadershipRequest:client-19B342C3AC7E->s2@group-9167E2CB8A8F, cid=156, seq=null, RO, null
2025-09-29 07:15:01,742 [s2@group-9167E2CB8A8F-LeaderStateImpl] INFO  server.RaftServer$Division (RaftServerImpl.java:setRole(392)) - s2@group-9167E2CB8A8F: changes role from    LEADER to FOLLOWER at term 1 for StepDownReason:FORCE
2025-09-29 07:15:01,742 [s2@group-9167E2CB8A8F-LeaderStateImpl] INFO  impl.RoleInfo (RoleInfo.java:shutdownLeaderState(103)) - s2: shutdown s2@group-9167E2CB8A8F-LeaderStateImpl
2025-09-29 07:15:01,742 [s2@group-9167E2CB8A8F-LeaderStateImpl] INFO  impl.PendingRequests (PendingRequests.java:sendNotLeaderResponses(281)) - s2@group-9167E2CB8A8F-PendingRequests: sendNotLeaderResponses
2025-09-29 07:15:01,743 [s2@group-9167E2CB8A8F->s0-GrpcLogAppender-LogAppenderDaemon] WARN  server.GrpcLogAppender (GrpcLogAppender.java:mayWait(300)) - s2@group-9167E2CB8A8F->s0-GrpcLogAppender: Wait interrupted by java.lang.InterruptedException
2025-09-29 07:15:01,743 [s2@group-9167E2CB8A8F->s1-GrpcLogAppender-LogAppenderDaemon] WARN  server.GrpcLogAppender (GrpcLogAppender.java:mayWait(300)) - s2@group-9167E2CB8A8F->s1-GrpcLogAppender: Wait interrupted by java.lang.InterruptedException
2025-09-29 07:15:01,745 [s2@group-9167E2CB8A8F-LeaderStateImpl] INFO  server.RaftServer$Division (ServerState.java:setLeader(277)) - s2@group-9167E2CB8A8F: change Leader from s2 to null at term 1 for StepDownReason:FORCE
2025-09-29 07:15:01,745 [s2@group-9167E2CB8A8F-LeaderStateImpl] INFO  impl.RoleInfo (RoleInfo.java:updateAndGet(148)) - s2: start s2@group-9167E2CB8A8F-FollowerState
2025-09-29 07:15:01,745 [s2@group-9167E2CB8A8F-LeaderStateImpl] INFO  impl.PendingStepDown (PendingStepDown.java:complete(55)) - Successfully step down leader at s2@group-9167E2CB8A8F-LeaderStateImpl for request TransferLeadershipRequest:client-19B342C3AC7E->s2@group-9167E2CB8A8F, cid=156, seq=null, RO, null
2025-09-29 07:15:01,746 [grpc-default-executor-3] INFO  server.GrpcLogAppender (GrpcLogAppender.java:onCompleted(558)) - s2@group-9167E2CB8A8F->s1-AppendLogResponseHandler: follower responses appendEntries COMPLETED
2025-09-29 07:15:01,747 [grpc-default-executor-9] INFO  server.GrpcLogAppender (GrpcLogAppender.java:onCompleted(558)) - s2@group-9167E2CB8A8F->s0-AppendLogResponseHandler: follower responses appendEntries COMPLETED
2025-09-29 07:15:01,748 [grpc-default-executor-9] INFO  server.GrpcLogAppender (GrpcLogAppender.java:onCompleted(558)) - s2@group-9167E2CB8A8F->s1-AppendLogResponseHandler: follower responses appendEntries COMPLETED
2025-09-29 07:15:01,749 [grpc-default-executor-8] INFO  server.GrpcLogAppender (GrpcLogAppender.java:onCompleted(558)) - s2@group-9167E2CB8A8F->s0-AppendLogResponseHandler: follower responses appendEntries COMPLETED
2025-09-29 07:15:01,751 [grpc-default-executor-3] ERROR impl.OrderedAsync (OrderedAsync.java:lambda$null$6(215)) -  client-19B342C3AC7E: Failed* RaftClientRequest:client-19B342C3AC7E->s2@group-9167E2CB8A8F, cid=155, seq=2, RW, INCREMENT
java.util.concurrent.CompletionException: org.apache.ratis.protocol.exceptions.AlreadyClosedException: client-19B342C3AC7E->s2: Stream completed: no reply for async request cid=155
	at java.util.concurrent.CompletableFuture.encodeThrowable(CompletableFuture.java:292)
	at java.util.concurrent.CompletableFuture.completeThrowable(CompletableFuture.java:308)
	at java.util.concurrent.CompletableFuture.uniAccept(CompletableFuture.java:661)
	at java.util.concurrent.CompletableFuture$UniAccept.tryFire(CompletableFuture.java:646)
	at java.util.concurrent.CompletableFuture.postComplete(CompletableFuture.java:488)
	at java.util.concurrent.CompletableFuture.completeExceptionally(CompletableFuture.java:1990)
	at org.apache.ratis.grpc.client.GrpcClientProtocolClient$AsyncStreamObservers.completeReplyExceptionally(GrpcClientProtocolClient.java:383)
	at org.apache.ratis.grpc.client.GrpcClientProtocolClient$AsyncStreamObservers.access$000(GrpcClientProtocolClient.java:289)
	at org.apache.ratis.grpc.client.GrpcClientProtocolClient$AsyncStreamObservers$1.onCompleted(GrpcClientProtocolClient.java:325)
	at org.apache.ratis.thirdparty.io.grpc.stub.ClientCalls$StreamObserverToCallListenerAdapter.onClose(ClientCalls.java:579)
	at org.apache.ratis.thirdparty.io.grpc.PartialForwardingClientCallListener.onClose(PartialForwardingClientCallListener.java:39)
	at org.apache.ratis.thirdparty.io.grpc.ForwardingClientCallListener.onClose(ForwardingClientCallListener.java:23)
	at org.apache.ratis.grpc.metrics.intercept.client.MetricClientCallListener.onClose(MetricClientCallListener.java:47)
	at org.apache.ratis.thirdparty.io.grpc.internal.DelayedClientCall$DelayedListener$3.run(DelayedClientCall.java:487)
	at org.apache.ratis.thirdparty.io.grpc.internal.DelayedClientCall$DelayedListener.delayOrExecute(DelayedClientCall.java:451)
	at org.apache.ratis.thirdparty.io.grpc.internal.DelayedClientCall$DelayedListener.onClose(DelayedClientCall.java:484)
	at org.apache.ratis.thirdparty.io.grpc.internal.ClientCallImpl.closeObserver(ClientCallImpl.java:565)
	at org.apache.ratis.thirdparty.io.grpc.internal.ClientCallImpl.access$100(ClientCallImpl.java:72)
	at org.apache.ratis.thirdparty.io.grpc.internal.ClientCallImpl$ClientStreamListenerImpl$1StreamClosed.runInternal(ClientCallImpl.java:733)
	at org.apache.ratis.thirdparty.io.grpc.internal.ClientCallImpl$ClientStreamListenerImpl$1StreamClosed.runInContext(ClientCallImpl.java:714)
	at org.apache.ratis.thirdparty.io.grpc.internal.ContextRunnable.run(ContextRunnable.java:37)
	at org.apache.ratis.thirdparty.io.grpc.internal.SerializingExecutor.run(SerializingExecutor.java:133)
	at java.util.concurrent.ThreadPoolExecutor.runWorker(ThreadPoolExecutor.java:1149)
	at java.util.concurrent.ThreadPoolExecutor$Worker.run(ThreadPoolExecutor.java:624)
	at java.lang.Thread.run(Thread.java:750)
Caused by: org.apache.ratis.protocol.exceptions.AlreadyClosedException: client-19B342C3AC7E->s2: Stream completed: no reply for async request cid=155
	at org.apache.ratis.grpc.client.GrpcClientProtocolClient$AsyncStreamObservers.completeReplyExceptionally(GrpcClientProtocolClient.java:385)
	... 18 more
2025-09-29 07:15:01,756 [s2-client-thread1] DEBUG server.RaftServer$Division (RaftServerImpl.java:submitClientRequestAsync(939)) - s2@group-9167E2CB8A8F: receive client request(RaftClientRequest:client-BB0FC2BCFF73->s2@group-9167E2CB8A8F, cid=157, seq=null, RO, Message:5155455259)
2025-09-29 07:15:01,757 [null-request--thread1] INFO  server.GrpcClientProtocolService (GrpcClientProtocolService.java:lambda$processClientRequest$0(284)) - Failed RaftClientRequest:client-BB0FC2BCFF73->s2@group-9167E2CB8A8F, cid=157, seq=null, RO, Message:5155455259, reply=RaftClientReply:client-BB0FC2BCFF73->s2@group-9167E2CB8A8F, cid=157, FAILED org.apache.ratis.protocol.exceptions.ReadIndexException: s2@group-9167E2CB8A8F: Leader is unknown., logIndex=0, commits[s2:c0, s0:c0, s1:c0]
2025-09-29 07:15:01,763 [main] INFO  impl.MiniRaftCluster (MiniRaftCluster.java:shutdown(824)) - ************************************************************** 
2025-09-29 07:15:01,764 [main] INFO  impl.MiniRaftCluster (MiniRaftCluster.java:shutdown(825)) - *** 
2025-09-29 07:15:01,764 [main] INFO  impl.MiniRaftCluster (MiniRaftCluster.java:shutdown(826)) - ***     Stopping MiniRaftClusterWithGrpc
2025-09-29 07:15:01,764 [main] INFO  impl.MiniRaftCluster (MiniRaftCluster.java:shutdown(827)) - *** 
2025-09-29 07:15:01,764 [main] INFO  impl.MiniRaftCluster (MiniRaftCluster.java:shutdown(828)) - ************************************************************** 
2025-09-29 07:15:01,764 [main] INFO  impl.MiniRaftCluster (MiniRaftCluster.java:shutdown(829)) - printing ALL groups
  s0:  RUNNING  FOLLOWER (RUNNING): s0@group-9167E2CB8A8F:t1, leader=s2, voted=s2, raftlog=Memoized:s0@group-9167E2CB8A8F-SegmentedRaftLog:OPENED:c0:last(t:1, i:0), conf=conf: {index: 0, cur=peers:[s0|localhost:15132, s1|localhost:15136, s2|localhost:15140]|listeners:[], old=null}
  s1:  RUNNING  FOLLOWER (RUNNING): s1@group-9167E2CB8A8F:t1, leader=s2, voted=s1, raftlog=Memoized:s1@group-9167E2CB8A8F-SegmentedRaftLog:OPENED:c0:last(t:1, i:0), conf=conf: {index: 0, cur=peers:[s0|localhost:15132, s1|localhost:15136, s2|localhost:15140]|listeners:[], old=null}
  s2:  RUNNING  FOLLOWER (RUNNING): s2@group-9167E2CB8A8F:t1, leader=null, voted=s2, raftlog=Memoized:s2@group-9167E2CB8A8F-SegmentedRaftLog:OPENED:c0:last(t:1, i:0), conf=conf: {index: 0, cur=peers:[s0|localhost:15132, s1|localhost:15136, s2|localhost:15140]|listeners:[], old=null}
2025-09-29 07:15:01,765 [MiniRaftCluster-61] INFO  server.RaftServer (RaftServerProxy.java:lambda$close$9(425)) - s0: close
2025-09-29 07:15:01,765 [MiniRaftCluster-62] INFO  server.RaftServer (RaftServerProxy.java:lambda$close$9(425)) - s1: close
2025-09-29 07:15:01,765 [MiniRaftCluster-63] INFO  server.RaftServer (RaftServerProxy.java:lambda$close$9(425)) - s2: close
2025-09-29 07:15:01,766 [MiniRaftCluster-62] INFO  server.GrpcServicesImpl (GrpcServicesImpl.java:closeImpl(347)) - s1: shutdown server org.apache.ratis.grpc.server.GrpcClientProtocolService now
2025-09-29 07:15:01,766 [s1-impl-thread1] INFO  server.RaftServer$Division (RaftServerImpl.java:lambda$close$1(527)) - s1@group-9167E2CB8A8F: shutdown
2025-09-29 07:15:01,766 [s0-impl-thread1] INFO  server.RaftServer$Division (RaftServerImpl.java:lambda$close$1(527)) - s0@group-9167E2CB8A8F: shutdown
2025-09-29 07:15:01,766 [s1-impl-thread1] INFO  util.JmxRegister (JmxRegister.java:unregister(74)) - Successfully un-registered JMX Bean with object name Ratis:service=RaftServer,group=group-9167E2CB8A8F,id=s1
2025-09-29 07:15:01,767 [s1-impl-thread1] INFO  impl.RoleInfo (RoleInfo.java:shutdownFollowerState(121)) - s1: shutdown s1@group-9167E2CB8A8F-FollowerState
2025-09-29 07:15:01,767 [s0-impl-thread1] INFO  util.JmxRegister (JmxRegister.java:unregister(74)) - Successfully un-registered JMX Bean with object name Ratis:service=RaftServer,group=group-9167E2CB8A8F,id=s0
2025-09-29 07:15:01,767 [s0-impl-thread1] INFO  impl.RoleInfo (RoleInfo.java:shutdownFollowerState(121)) - s0: shutdown s0@group-9167E2CB8A8F-FollowerState
2025-09-29 07:15:01,766 [MiniRaftCluster-61] INFO  server.GrpcServicesImpl (GrpcServicesImpl.java:closeImpl(347)) - s0: shutdown server org.apache.ratis.grpc.server.GrpcClientProtocolService now
2025-09-29 07:15:01,768 [s0-impl-thread1] INFO  impl.StateMachineUpdater (StateMachineUpdater.java:stopAndJoin(163)) - s0@group-9167E2CB8A8F-StateMachineUpdater: set stopIndex = 0
2025-09-29 07:15:01,768 [s0@group-9167E2CB8A8F-FollowerState] INFO  impl.FollowerState (FollowerState.java:runImpl(170)) - s0@group-9167E2CB8A8F-FollowerState was interrupted
2025-09-29 07:15:01,767 [Thread-781] INFO  server.GrpcServerProtocolClient (GrpcServerProtocolClient.java:close(94)) - s0 Close channels
2025-09-29 07:15:01,767 [s1-impl-thread1] INFO  impl.StateMachineUpdater (StateMachineUpdater.java:stopAndJoin(163)) - s1@group-9167E2CB8A8F-StateMachineUpdater: set stopIndex = 0
2025-09-29 07:15:01,767 [s1@group-9167E2CB8A8F-FollowerState] INFO  impl.FollowerState (FollowerState.java:runImpl(170)) - s1@group-9167E2CB8A8F-FollowerState was interrupted
2025-09-29 07:15:01,767 [MiniRaftCluster-63] INFO  server.GrpcServicesImpl (GrpcServicesImpl.java:closeImpl(347)) - s2: shutdown server org.apache.ratis.grpc.server.GrpcClientProtocolService now
2025-09-29 07:15:01,768 [Thread-785] INFO  server.GrpcServerProtocolClient (GrpcServerProtocolClient.java:close(94)) - s1 Close channels
2025-09-29 07:15:01,767 [s1@group-9167E2CB8A8F-StateMachineUpdater] INFO  impl.StateMachineUpdater (StateMachineUpdater.java:stop(140)) - s1@group-9167E2CB8A8F-StateMachineUpdater: closing CounterStateMachine, lastApplied=(t:1, i:0)
2025-09-29 07:15:01,767 [s2-impl-thread1] INFO  server.RaftServer$Division (RaftServerImpl.java:lambda$close$1(527)) - s2@group-9167E2CB8A8F: shutdown
2025-09-29 07:15:01,769 [Thread-786] INFO  server.GrpcServerProtocolClient (GrpcServerProtocolClient.java:close(94)) - s2 Close channels
2025-09-29 07:15:01,769 [s2-impl-thread1] INFO  util.JmxRegister (JmxRegister.java:unregister(74)) - Successfully un-registered JMX Bean with object name Ratis:service=RaftServer,group=group-9167E2CB8A8F,id=s2
2025-09-29 07:15:01,769 [s2-impl-thread1] INFO  impl.RoleInfo (RoleInfo.java:shutdownFollowerState(121)) - s2: shutdown s2@group-9167E2CB8A8F-FollowerState
2025-09-29 07:15:01,768 [s0@group-9167E2CB8A8F-StateMachineUpdater] INFO  impl.StateMachineUpdater (StateMachineUpdater.java:stop(140)) - s0@group-9167E2CB8A8F-StateMachineUpdater: closing CounterStateMachine, lastApplied=(t:1, i:0)
2025-09-29 07:15:01,768 [Thread-783] INFO  server.GrpcServerProtocolClient (GrpcServerProtocolClient.java:close(94)) - s2 Close channels
2025-09-29 07:15:01,770 [Thread-787] INFO  server.GrpcServerProtocolClient (GrpcServerProtocolClient.java:close(94)) - s0 Close channels
2025-09-29 07:15:01,770 [Thread-788] INFO  server.GrpcServerProtocolClient (GrpcServerProtocolClient.java:close(94)) - s1 Close channels
2025-09-29 07:15:01,771 [s1@group-9167E2CB8A8F-cacheEviction-AwaitToRun] INFO  util.AwaitToRun (AwaitToRun.java:run(49)) - s1@group-9167E2CB8A8F-cacheEviction-AwaitToRun-AwaitForSignal is interrupted
2025-09-29 07:15:01,772 [s2-impl-thread1] INFO  impl.StateMachineUpdater (StateMachineUpdater.java:stopAndJoin(163)) - s2@group-9167E2CB8A8F-StateMachineUpdater: set stopIndex = 0
2025-09-29 07:15:01,772 [MiniRaftCluster-61] INFO  server.GrpcServicesImpl (GrpcServicesImpl.java:closeImpl(356)) - s0: shutdown server org.apache.ratis.grpc.server.GrpcClientProtocolService successfully
2025-09-29 07:15:01,772 [MiniRaftCluster-61] INFO  server.GrpcServicesImpl (GrpcServicesImpl.java:closeImpl(347)) - s0: shutdown server GrpcServerProtocolService now
2025-09-29 07:15:01,772 [s2@group-9167E2CB8A8F-FollowerState] INFO  impl.FollowerState (FollowerState.java:runImpl(170)) - s2@group-9167E2CB8A8F-FollowerState was interrupted
2025-09-29 07:15:01,772 [s2@group-9167E2CB8A8F-StateMachineUpdater] INFO  impl.StateMachineUpdater (StateMachineUpdater.java:stop(140)) - s2@group-9167E2CB8A8F-StateMachineUpdater: closing CounterStateMachine, lastApplied=(t:1, i:0)
2025-09-29 07:15:01,773 [s2@group-9167E2CB8A8F-cacheEviction-AwaitToRun] INFO  util.AwaitToRun (AwaitToRun.java:run(49)) - s2@group-9167E2CB8A8F-cacheEviction-AwaitToRun-AwaitForSignal is interrupted
2025-09-29 07:15:01,777 [MiniRaftCluster-62] INFO  server.GrpcServicesImpl (GrpcServicesImpl.java:closeImpl(356)) - s1: shutdown server org.apache.ratis.grpc.server.GrpcClientProtocolService successfully
2025-09-29 07:15:01,777 [MiniRaftCluster-62] INFO  server.GrpcServicesImpl (GrpcServicesImpl.java:closeImpl(347)) - s1: shutdown server GrpcServerProtocolService now
2025-09-29 07:15:01,777 [s0@group-9167E2CB8A8F-cacheEviction-AwaitToRun] INFO  util.AwaitToRun (AwaitToRun.java:run(49)) - s0@group-9167E2CB8A8F-cacheEviction-AwaitToRun-AwaitForSignal is interrupted
2025-09-29 07:15:01,779 [MiniRaftCluster-61] INFO  server.GrpcServicesImpl (GrpcServicesImpl.java:closeImpl(356)) - s0: shutdown server GrpcServerProtocolService successfully
2025-09-29 07:15:01,779 [MiniRaftCluster-61] INFO  server.GrpcServicesImpl (GrpcServicesImpl.java:closeImpl(347)) - s0: shutdown server org.apache.ratis.grpc.server.GrpcAdminProtocolService now
2025-09-29 07:15:01,780 [MiniRaftCluster-62] INFO  server.GrpcServicesImpl (GrpcServicesImpl.java:closeImpl(356)) - s1: shutdown server GrpcServerProtocolService successfully
2025-09-29 07:15:01,780 [MiniRaftCluster-62] INFO  server.GrpcServicesImpl (GrpcServicesImpl.java:closeImpl(347)) - s1: shutdown server org.apache.ratis.grpc.server.GrpcAdminProtocolService now
2025-09-29 07:15:01,780 [MiniRaftCluster-63] INFO  server.GrpcServicesImpl (GrpcServicesImpl.java:closeImpl(356)) - s2: shutdown server org.apache.ratis.grpc.server.GrpcClientProtocolService successfully
2025-09-29 07:15:01,780 [MiniRaftCluster-63] INFO  server.GrpcServicesImpl (GrpcServicesImpl.java:closeImpl(347)) - s2: shutdown server GrpcServerProtocolService now
2025-09-29 07:15:01,781 [MiniRaftCluster-62] INFO  server.GrpcServicesImpl (GrpcServicesImpl.java:closeImpl(356)) - s1: shutdown server org.apache.ratis.grpc.server.GrpcAdminProtocolService successfully
2025-09-29 07:15:01,780 [MiniRaftCluster-61] INFO  server.GrpcServicesImpl (GrpcServicesImpl.java:closeImpl(356)) - s0: shutdown server org.apache.ratis.grpc.server.GrpcAdminProtocolService successfully
2025-09-29 07:15:01,781 [MiniRaftCluster-63] INFO  server.GrpcServicesImpl (GrpcServicesImpl.java:closeImpl(356)) - s2: shutdown server GrpcServerProtocolService successfully
2025-09-29 07:15:01,782 [MiniRaftCluster-63] INFO  server.GrpcServicesImpl (GrpcServicesImpl.java:closeImpl(347)) - s2: shutdown server org.apache.ratis.grpc.server.GrpcAdminProtocolService now
2025-09-29 07:15:01,782 [MiniRaftCluster-63] INFO  server.GrpcServicesImpl (GrpcServicesImpl.java:closeImpl(356)) - s2: shutdown server org.apache.ratis.grpc.server.GrpcAdminProtocolService successfully
2025-09-29 07:15:01,855 [timer7] ERROR impl.OrderedAsync (OrderedAsync.java:lambda$null$6(215)) -  client-19B342C3AC7E: Failed* RaftClientRequest:client-19B342C3AC7E->s0@group-9167E2CB8A8F, cid=155, seq=2*, RW, INCREMENT
java.util.concurrent.CompletionException: org.apache.ratis.protocol.exceptions.AlreadyClosedException: client-19B342C3AC7E is already CLOSED
	at java.util.concurrent.CompletableFuture.encodeThrowable(CompletableFuture.java:292)
	at java.util.concurrent.CompletableFuture.completeThrowable(CompletableFuture.java:308)
	at java.util.concurrent.CompletableFuture.uniAccept(CompletableFuture.java:661)
	at java.util.concurrent.CompletableFuture.uniAcceptStage(CompletableFuture.java:683)
	at java.util.concurrent.CompletableFuture.thenAccept(CompletableFuture.java:2010)
	at org.apache.ratis.client.impl.OrderedAsync.sendRequestWithRetry(OrderedAsync.java:206)
	at org.apache.ratis.util.SlidingWindow$Client.sendOrDelayRequest(SlidingWindow.java:315)
	at org.apache.ratis.util.SlidingWindow$Client.retry(SlidingWindow.java:331)
	at org.apache.ratis.client.impl.OrderedAsync.lambda$handleException$8(OrderedAsync.java:253)
	at org.apache.ratis.util.TimeoutTimer.lambda$onTimeout$2(TimeoutTimer.java:101)
	at org.apache.ratis.util.LogUtils.runAndLog(LogUtils.java:38)
	at org.apache.ratis.util.LogUtils$1.run(LogUtils.java:78)
	at org.apache.ratis.util.TimeoutTimer$Task.run(TimeoutTimer.java:55)
	at java.util.TimerThread.mainLoop(Timer.java:555)
	at java.util.TimerThread.run(Timer.java:505)
Caused by: org.apache.ratis.protocol.exceptions.AlreadyClosedException: client-19B342C3AC7E is already CLOSED
	at org.apache.ratis.util.PeerProxyMap$PeerAndProxy.getProxy(PeerProxyMap.java:70)
	at org.apache.ratis.util.PeerProxyMap.getProxy(PeerProxyMap.java:127)
	at org.apache.ratis.grpc.client.GrpcClientRpc.sendRequestAsync(GrpcClientRpc.java:69)
	... 10 more
2025-09-29 07:15:01,856 [timer7] ERROR impl.OrderedAsync (OrderedAsync.java:lambda$send$4(179)) - Failed to send request, message=INCREMENT due to java.util.concurrent.CompletionException: org.apache.ratis.protocol.exceptions.AlreadyClosedException: org.apache.ratis.client.impl.RaftClientImpl@74367c2b is closed.
2025-09-29 07:15:02,395 [timer2] INFO  server.GrpcServerProtocolService (GrpcServerProtocolService.java:lambda$onCompleted$6(174)) - s1: Completed APPEND_ENTRIES, lastRequest: null  (Repeated 6 times in the last 5.002s)
2025-09-29 07:15:02,559 [s2-impl-thread1] INFO  segmented.SegmentedRaftLogWorker (SegmentedRaftLogWorker.java:close(254)) - s2@group-9167E2CB8A8F-SegmentedRaftLogWorker close()
2025-09-29 07:15:02,560 [JvmPauseMonitor35] INFO  util.JvmPauseMonitor (JvmPauseMonitor.java:run(152)) - JvmPauseMonitor-s2: Stopped
2025-09-29 07:15:02,572 [s1-impl-thread1] INFO  segmented.SegmentedRaftLogWorker (SegmentedRaftLogWorker.java:close(254)) - s1@group-9167E2CB8A8F-SegmentedRaftLogWorker close()
2025-09-29 07:15:02,573 [JvmPauseMonitor34] INFO  util.JvmPauseMonitor (JvmPauseMonitor.java:run(152)) - JvmPauseMonitor-s1: Stopped
2025-09-29 07:15:02,574 [s0-impl-thread1] INFO  segmented.SegmentedRaftLogWorker (SegmentedRaftLogWorker.java:close(254)) - s0@group-9167E2CB8A8F-SegmentedRaftLogWorker close()
2025-09-29 07:15:02,575 [JvmPauseMonitor33] INFO  util.JvmPauseMonitor (JvmPauseMonitor.java:run(152)) - JvmPauseMonitor-s0: Stopped
2025-09-29 07:15:02,575 [main] INFO  impl.MiniRaftCluster (MiniRaftCluster.java:shutdown(848)) - MiniRaftClusterWithGrpc shutdown completed
2025-09-29 07:15:02,575 [main] INFO  impl.MiniRaftCluster (MiniRaftCluster.java:shutdown(824)) - ************************************************************** 
2025-09-29 07:15:02,576 [main] INFO  impl.MiniRaftCluster (MiniRaftCluster.java:shutdown(825)) - *** 
2025-09-29 07:15:02,576 [main] INFO  impl.MiniRaftCluster (MiniRaftCluster.java:shutdown(826)) - ***     Stopping MiniRaftClusterWithGrpc
2025-09-29 07:15:02,576 [main] INFO  impl.MiniRaftCluster (MiniRaftCluster.java:shutdown(827)) - *** 
2025-09-29 07:15:02,576 [main] INFO  impl.MiniRaftCluster (MiniRaftCluster.java:shutdown(828)) - ************************************************************** 
2025-09-29 07:15:02,576 [main] INFO  impl.MiniRaftCluster (MiniRaftCluster.java:shutdown(829)) - printing ALL groups
  s0:   CLOSED  FOLLOWER (CLOSED): s0@group-9167E2CB8A8F:t1, leader=s2, voted=s2, raftlog=Memoized:s0@group-9167E2CB8A8F-SegmentedRaftLog:CLOSED:c0, conf=conf: {index: 0, cur=peers:[s0|localhost:15132, s1|localhost:15136, s2|localhost:15140]|listeners:[], old=null}
  s1:   CLOSED  FOLLOWER (CLOSED): s1@group-9167E2CB8A8F:t1, leader=s2, voted=s1, raftlog=Memoized:s1@group-9167E2CB8A8F-SegmentedRaftLog:CLOSED:c0, conf=conf: {index: 0, cur=peers:[s0|localhost:15132, s1|localhost:15136, s2|localhost:15140]|listeners:[], old=null}
  s2:   CLOSED  FOLLOWER (CLOSED): s2@group-9167E2CB8A8F:t1, leader=null, voted=s2, raftlog=Memoized:s2@group-9167E2CB8A8F-SegmentedRaftLog:CLOSED:c0, conf=conf: {index: 0, cur=peers:[s0|localhost:15132, s1|localhost:15136, s2|localhost:15140]|listeners:[], old=null}
2025-09-29 07:15:02,577 [main] INFO  impl.MiniRaftCluster (MiniRaftCluster.java:shutdown(848)) - MiniRaftClusterWithGrpc shutdown completed
]]></system-out>
  </testcase>
  <testcase name="testFollowerReadOnlyRetryWhenLeaderDown" classname="org.apache.ratis.grpc.TestReadOnlyRequestWithGrpc" time="1.822">
    <system-out><![CDATA[2025-09-29 07:15:02,578 [main] INFO  util.LogUtils (Slf4jUtils.java:setLogLevel(38)) - Successfully set org.apache.ratis.conf.ConfUtils log level to WARN
2025-09-29 07:15:02,578 [main] INFO  util.LogUtils (Slf4jUtils.java:setLogLevel(38)) - Successfully set org.apache.ratis.util.FileUtils log level to TRACE
2025-09-29 07:15:02,579 [main] INFO  util.LogUtils (Slf4jUtils.java:setLogLevel(38)) - Successfully set org.apache.ratis.server.RaftServer$Division log level to DEBUG
2025-09-29 07:15:02,580 [main] INFO  impl.MiniRaftCluster (MiniRaftCluster.java:runWithNewCluster(136)) - Running runWithNewCluster
2025-09-29 07:15:02,581 [main] INFO  impl.MiniRaftCluster (MiniRaftCluster.java:<init>(296)) - new MiniRaftClusterWithGrpc with group-A15E5AB2FF57:[s0|localhost:15144, s1|localhost:15148, s2|localhost:15152]
2025-09-29 07:15:02,581 [main] INFO  impl.MiniRaftCluster (MiniRaftCluster.java:start(329)) - .............................................................. 
2025-09-29 07:15:02,581 [main] INFO  impl.MiniRaftCluster (MiniRaftCluster.java:start(330)) - ... 
2025-09-29 07:15:02,581 [main] INFO  impl.MiniRaftCluster (MiniRaftCluster.java:start(331)) - ...     Starting MiniRaftClusterWithGrpc
2025-09-29 07:15:02,581 [main] INFO  impl.MiniRaftCluster (MiniRaftCluster.java:start(332)) - ... 
2025-09-29 07:15:02,581 [main] INFO  impl.MiniRaftCluster (MiniRaftCluster.java:start(333)) - .............................................................. 
2025-09-29 07:15:02,582 [main] INFO  impl.MiniRaftCluster (MiniRaftCluster.java:initServers(308)) - servers = {}
2025-09-29 07:15:02,582 [main] INFO  impl.MiniRaftCluster (MiniRaftCluster.java:newRaftServer(375)) - newRaftServer: s0, group-A15E5AB2FF57:[s0|localhost:15144, s1|localhost:15148, s2|localhost:15152], format? true
2025-09-29 07:15:02,582 [main] TRACE util.FileUtils (FileUtils.java:deleteFully(355)) - deleteFully target/test/data/6b14e155/MiniRaftClusterWithGrpc2fba9613/s0
2025-09-29 07:15:02,582 [main] TRACE util.FileUtils (FileUtils.java:deleteFully(368)) - deleteFully: target/test/data/6b14e155/MiniRaftClusterWithGrpc2fba9613/s0 does not exist.
2025-09-29 07:15:02,582 [main] INFO  impl.MiniRaftCluster (MiniRaftCluster.java:newRaftServer(380)) - Formatted directory target/test/data/6b14e155/MiniRaftClusterWithGrpc2fba9613/s0
2025-09-29 07:15:02,583 [main] INFO  server.RaftServer (VersionInfo.java:printStartupMessages(132)) - Starting Apache Ratis Test -- RaftServerProxy s0
2025-09-29 07:15:02,583 [main] INFO  server.RaftServer (VersionInfo.java:printStartupMessages(136)) -                version: 3.1.3
2025-09-29 07:15:02,583 [main] INFO  server.RaftServer (VersionInfo.java:printStartupMessages(136)) -                    url: https://github.com/apache/ratis
2025-09-29 07:15:02,583 [main] INFO  server.RaftServer (VersionInfo.java:printStartupMessages(136)) -               revision: d902c593e11de03b157527cf3ee9a12cdd9ad451
2025-09-29 07:15:02,583 [main] INFO  server.RaftServer (VersionInfo.java:printStartupMessages(139)) -                   java: OpenJDK 64-Bit Server VM 1.8.0_462-b08
2025-09-29 07:15:02,584 [main] INFO  server.RaftServer (VersionInfo.java:printStartupMessages(139)) -                   user: runner
2025-09-29 07:15:02,584 [main] INFO  grpc.GrpcConfigKeys (ConfUtils.java:logFallback(69)) - raft.grpc.admin.host = null (fallback to raft.grpc.server.host)
2025-09-29 07:15:02,584 [main] INFO  grpc.GrpcConfigKeys (ConfUtils.java:logGet(62)) - raft.grpc.admin.port = 15145 (custom)
2025-09-29 07:15:02,584 [main] INFO  grpc.GrpcConfigKeys (ConfUtils.java:logFallback(69)) - raft.grpc.client.host = null (fallback to raft.grpc.server.host)
2025-09-29 07:15:02,585 [main] INFO  grpc.GrpcConfigKeys (ConfUtils.java:logGet(62)) - raft.grpc.client.port = 15146 (custom)
2025-09-29 07:15:02,585 [main] INFO  grpc.GrpcConfigKeys (ConfUtils.java:logGet(62)) - raft.grpc.server.port = 15144 (custom)
2025-09-29 07:15:02,587 [main] INFO  server.RaftServerConfigKeys (ConfUtils.java:logGet(62)) - raft.server.storage.dir = [/home/runner/work/ratis/ratis/ratis-test/target/test/data/6b14e155/MiniRaftClusterWithGrpc2fba9613/s0] (custom)
2025-09-29 07:15:02,587 [main] INFO  server.RaftServer (RaftServerProxy.java:addNew(106)) - s0: addNew group-A15E5AB2FF57:[s0|localhost:15144, s1|localhost:15148, s2|localhost:15152] returns group-A15E5AB2FF57:java.util.concurrent.CompletableFuture@7512a9a6[Not completed]
2025-09-29 07:15:02,587 [s0-groupManagement] INFO  server.RaftServer$Division (RaftServerImpl.java:<init>(268)) - s0: new RaftServerImpl for group-A15E5AB2FF57:[s0|localhost:15144, s1|localhost:15148, s2|localhost:15152] with CounterStateMachine-37:uninitialized
2025-09-29 07:15:02,588 [main] INFO  impl.MiniRaftCluster (MiniRaftCluster.java:newRaftServer(375)) - newRaftServer: s1, group-A15E5AB2FF57:[s0|localhost:15144, s1|localhost:15148, s2|localhost:15152], format? true
2025-09-29 07:15:02,588 [main] TRACE util.FileUtils (FileUtils.java:deleteFully(355)) - deleteFully target/test/data/6b14e155/MiniRaftClusterWithGrpc2fba9613/s1
2025-09-29 07:15:02,588 [s0-groupManagement] INFO  server.RaftServer$Division (ServerState.java:<init>(114)) - s0@group-A15E5AB2FF57: ConfigurationManager, init=conf: {index: -1, cur=peers:[s0|localhost:15144, s1|localhost:15148, s2|localhost:15152]|listeners:[], old=null}, confs=<EMPTY_MAP>
2025-09-29 07:15:02,588 [main] TRACE util.FileUtils (FileUtils.java:deleteFully(368)) - deleteFully: target/test/data/6b14e155/MiniRaftClusterWithGrpc2fba9613/s1 does not exist.
2025-09-29 07:15:02,588 [main] INFO  impl.MiniRaftCluster (MiniRaftCluster.java:newRaftServer(380)) - Formatted directory target/test/data/6b14e155/MiniRaftClusterWithGrpc2fba9613/s1
2025-09-29 07:15:02,589 [main] INFO  server.RaftServer (VersionInfo.java:printStartupMessages(132)) - Starting Apache Ratis Test -- RaftServerProxy s1
2025-09-29 07:15:02,589 [main] INFO  server.RaftServer (VersionInfo.java:printStartupMessages(136)) -                version: 3.1.3
2025-09-29 07:15:02,589 [main] INFO  server.RaftServer (VersionInfo.java:printStartupMessages(136)) -                    url: https://github.com/apache/ratis
2025-09-29 07:15:02,589 [main] INFO  server.RaftServer (VersionInfo.java:printStartupMessages(136)) -               revision: d902c593e11de03b157527cf3ee9a12cdd9ad451
2025-09-29 07:15:02,590 [main] INFO  server.RaftServer (VersionInfo.java:printStartupMessages(139)) -                   java: OpenJDK 64-Bit Server VM 1.8.0_462-b08
2025-09-29 07:15:02,590 [main] INFO  server.RaftServer (VersionInfo.java:printStartupMessages(139)) -                   user: runner
2025-09-29 07:15:02,590 [main] INFO  grpc.GrpcConfigKeys (ConfUtils.java:logFallback(69)) - raft.grpc.admin.host = null (fallback to raft.grpc.server.host)
2025-09-29 07:15:02,590 [main] INFO  grpc.GrpcConfigKeys (ConfUtils.java:logGet(62)) - raft.grpc.admin.port = 15149 (custom)
2025-09-29 07:15:02,590 [main] INFO  grpc.GrpcConfigKeys (ConfUtils.java:logFallback(69)) - raft.grpc.client.host = null (fallback to raft.grpc.server.host)
2025-09-29 07:15:02,591 [main] INFO  grpc.GrpcConfigKeys (ConfUtils.java:logGet(62)) - raft.grpc.client.port = 15150 (custom)
2025-09-29 07:15:02,591 [main] INFO  grpc.GrpcConfigKeys (ConfUtils.java:logGet(62)) - raft.grpc.server.port = 15148 (custom)
2025-09-29 07:15:02,592 [main] INFO  server.RaftServerConfigKeys (ConfUtils.java:logGet(62)) - raft.server.storage.dir = [/home/runner/work/ratis/ratis/ratis-test/target/test/data/6b14e155/MiniRaftClusterWithGrpc2fba9613/s1] (custom)
2025-09-29 07:15:02,593 [main] INFO  server.RaftServer (RaftServerProxy.java:addNew(106)) - s1: addNew group-A15E5AB2FF57:[s0|localhost:15144, s1|localhost:15148, s2|localhost:15152] returns group-A15E5AB2FF57:java.util.concurrent.CompletableFuture@6be2b567[Not completed]
2025-09-29 07:15:02,593 [s1-groupManagement] INFO  server.RaftServer$Division (RaftServerImpl.java:<init>(268)) - s1: new RaftServerImpl for group-A15E5AB2FF57:[s0|localhost:15144, s1|localhost:15148, s2|localhost:15152] with CounterStateMachine-38:uninitialized
2025-09-29 07:15:02,593 [main] INFO  impl.MiniRaftCluster (MiniRaftCluster.java:newRaftServer(375)) - newRaftServer: s2, group-A15E5AB2FF57:[s0|localhost:15144, s1|localhost:15148, s2|localhost:15152], format? true
2025-09-29 07:15:02,593 [main] TRACE util.FileUtils (FileUtils.java:deleteFully(355)) - deleteFully target/test/data/6b14e155/MiniRaftClusterWithGrpc2fba9613/s2
2025-09-29 07:15:02,593 [s1-groupManagement] INFO  server.RaftServer$Division (ServerState.java:<init>(114)) - s1@group-A15E5AB2FF57: ConfigurationManager, init=conf: {index: -1, cur=peers:[s0|localhost:15144, s1|localhost:15148, s2|localhost:15152]|listeners:[], old=null}, confs=<EMPTY_MAP>
2025-09-29 07:15:02,593 [main] TRACE util.FileUtils (FileUtils.java:deleteFully(368)) - deleteFully: target/test/data/6b14e155/MiniRaftClusterWithGrpc2fba9613/s2 does not exist.
2025-09-29 07:15:02,594 [main] INFO  impl.MiniRaftCluster (MiniRaftCluster.java:newRaftServer(380)) - Formatted directory target/test/data/6b14e155/MiniRaftClusterWithGrpc2fba9613/s2
2025-09-29 07:15:02,594 [main] INFO  server.RaftServer (VersionInfo.java:printStartupMessages(132)) - Starting Apache Ratis Test -- RaftServerProxy s2
2025-09-29 07:15:02,594 [main] INFO  server.RaftServer (VersionInfo.java:printStartupMessages(136)) -                version: 3.1.3
2025-09-29 07:15:02,595 [main] INFO  server.RaftServer (VersionInfo.java:printStartupMessages(136)) -                    url: https://github.com/apache/ratis
2025-09-29 07:15:02,595 [main] INFO  server.RaftServer (VersionInfo.java:printStartupMessages(136)) -               revision: d902c593e11de03b157527cf3ee9a12cdd9ad451
2025-09-29 07:15:02,595 [main] INFO  server.RaftServer (VersionInfo.java:printStartupMessages(139)) -                   java: OpenJDK 64-Bit Server VM 1.8.0_462-b08
2025-09-29 07:15:02,595 [main] INFO  server.RaftServer (VersionInfo.java:printStartupMessages(139)) -                   user: runner
2025-09-29 07:15:02,595 [main] INFO  grpc.GrpcConfigKeys (ConfUtils.java:logFallback(69)) - raft.grpc.admin.host = null (fallback to raft.grpc.server.host)
2025-09-29 07:15:02,596 [main] INFO  grpc.GrpcConfigKeys (ConfUtils.java:logGet(62)) - raft.grpc.admin.port = 15153 (custom)
2025-09-29 07:15:02,596 [main] INFO  grpc.GrpcConfigKeys (ConfUtils.java:logFallback(69)) - raft.grpc.client.host = null (fallback to raft.grpc.server.host)
2025-09-29 07:15:02,596 [main] INFO  grpc.GrpcConfigKeys (ConfUtils.java:logGet(62)) - raft.grpc.client.port = 15154 (custom)
2025-09-29 07:15:02,596 [main] INFO  grpc.GrpcConfigKeys (ConfUtils.java:logGet(62)) - raft.grpc.server.port = 15152 (custom)
2025-09-29 07:15:02,598 [main] INFO  server.RaftServerConfigKeys (ConfUtils.java:logGet(62)) - raft.server.storage.dir = [/home/runner/work/ratis/ratis/ratis-test/target/test/data/6b14e155/MiniRaftClusterWithGrpc2fba9613/s2] (custom)
2025-09-29 07:15:02,598 [main] INFO  server.RaftServer (RaftServerProxy.java:addNew(106)) - s2: addNew group-A15E5AB2FF57:[s0|localhost:15144, s1|localhost:15148, s2|localhost:15152] returns group-A15E5AB2FF57:java.util.concurrent.CompletableFuture@61503d00[Not completed]
2025-09-29 07:15:02,598 [s2-groupManagement] INFO  server.RaftServer$Division (RaftServerImpl.java:<init>(268)) - s2: new RaftServerImpl for group-A15E5AB2FF57:[s0|localhost:15144, s1|localhost:15148, s2|localhost:15152] with CounterStateMachine-39:uninitialized
2025-09-29 07:15:02,598 [s2-groupManagement] INFO  server.RaftServer$Division (ServerState.java:<init>(114)) - s2@group-A15E5AB2FF57: ConfigurationManager, init=conf: {index: -1, cur=peers:[s0|localhost:15144, s1|localhost:15148, s2|localhost:15152]|listeners:[], old=null}, confs=<EMPTY_MAP>
2025-09-29 07:15:02,598 [s0-impl-thread1] INFO  server.RaftServerConfigKeys (ConfUtils.java:logGet(62)) - raft.server.storage.dir = [/home/runner/work/ratis/ratis/ratis-test/target/test/data/6b14e155/MiniRaftClusterWithGrpc2fba9613/s0] (custom)
2025-09-29 07:15:02,599 [s0-impl-thread1] INFO  storage.RaftStorageDirectory (RaftStorageDirectoryImpl.java:analyzeStorage(138)) - The storage directory /home/runner/work/ratis/ratis/ratis-test/target/test/data/6b14e155/MiniRaftClusterWithGrpc2fba9613/s0/9f5db1e5-be6a-4098-a00b-a15e5ab2ff57 does not exist. Creating ...
2025-09-29 07:15:02,599 [s0-impl-thread1] TRACE util.FileUtils (LogUtils.java:runAndLog(49)) - Successfully ran Files.createDirectories /home/runner/work/ratis/ratis/ratis-test/target/test/data/6b14e155/MiniRaftClusterWithGrpc2fba9613/s0/9f5db1e5-be6a-4098-a00b-a15e5ab2ff57
2025-09-29 07:15:02,600 [s0-impl-thread1] INFO  storage.RaftStorageDirectory (RaftStorageDirectoryImpl.java:tryLock(229)) - Lock on /home/runner/work/ratis/ratis/ratis-test/target/test/data/6b14e155/MiniRaftClusterWithGrpc2fba9613/s0/9f5db1e5-be6a-4098-a00b-a15e5ab2ff57/in_use.lock acquired by nodename 24167@runnervm3ublj
2025-09-29 07:15:02,600 [s0-impl-thread1] TRACE util.FileUtils (LogUtils.java:runAndLog(49)) - Successfully ran Files.createDirectories /home/runner/work/ratis/ratis/ratis-test/target/test/data/6b14e155/MiniRaftClusterWithGrpc2fba9613/s0/9f5db1e5-be6a-4098-a00b-a15e5ab2ff57/current
2025-09-29 07:15:02,601 [s0-impl-thread1] TRACE util.FileUtils (LogUtils.java:runAndLog(49)) - Successfully ran Files.createDirectories /home/runner/work/ratis/ratis/ratis-test/target/test/data/6b14e155/MiniRaftClusterWithGrpc2fba9613/s0/9f5db1e5-be6a-4098-a00b-a15e5ab2ff57/sm
2025-09-29 07:15:02,601 [s0-impl-thread1] TRACE util.FileUtils (LogUtils.java:supplyAndLog(69)) - Successfully supplied FileChannel.open /home/runner/work/ratis/ratis/ratis-test/target/test/data/6b14e155/MiniRaftClusterWithGrpc2fba9613/s0/9f5db1e5-be6a-4098-a00b-a15e5ab2ff57/current/raft-meta.tmp with options [CREATE, TRUNCATE_EXISTING, WRITE]: sun.nio.ch.FileChannelImpl@1043f77c
2025-09-29 07:15:02,602 [s0-impl-thread1] TRACE util.FileUtils (LogUtils.java:runAndLog(49)) - Successfully ran Atomic Files.move /home/runner/work/ratis/ratis/ratis-test/target/test/data/6b14e155/MiniRaftClusterWithGrpc2fba9613/s0/9f5db1e5-be6a-4098-a00b-a15e5ab2ff57/current/raft-meta.tmp to /home/runner/work/ratis/ratis/ratis-test/target/test/data/6b14e155/MiniRaftClusterWithGrpc2fba9613/s0/9f5db1e5-be6a-4098-a00b-a15e5ab2ff57/current/raft-meta with options [REPLACE_EXISTING]
2025-09-29 07:15:02,602 [s0-impl-thread1] INFO  storage.RaftStorage (RaftStorageImpl.java:format(98)) - Storage directory /home/runner/work/ratis/ratis/ratis-test/target/test/data/6b14e155/MiniRaftClusterWithGrpc2fba9613/s0/9f5db1e5-be6a-4098-a00b-a15e5ab2ff57 has been successfully formatted.
2025-09-29 07:15:02,602 [s0-impl-thread1] INFO  server.RaftServer$Division (ServerState.java:getSnapshotIndexFromStateMachine(154)) - s0@group-A15E5AB2FF57: getLatestSnapshot(CounterStateMachine-37:s0:group-A15E5AB2FF57) returns null
2025-09-29 07:15:02,602 [s0-impl-thread1] INFO  raftlog.RaftLog (RaftLogBase.java:<init>(90)) - s0@group-A15E5AB2FF57-SegmentedRaftLog: snapshotIndexFromStateMachine = -1
2025-09-29 07:15:02,602 [s0-impl-thread1] INFO  util.AwaitToRun (AwaitToRun.java:start(81)) - Thread[s0@group-A15E5AB2FF57-cacheEviction-AwaitToRun,5,main] started
2025-09-29 07:15:02,603 [s0-impl-thread1] INFO  segmented.SegmentedRaftLogWorker (SegmentedRaftLogWorker.java:<init>(190)) - new s0@group-A15E5AB2FF57-SegmentedRaftLogWorker for RaftStorageImpl:Storage Directory /home/runner/work/ratis/ratis/ratis-test/target/test/data/6b14e155/MiniRaftClusterWithGrpc2fba9613/s0/9f5db1e5-be6a-4098-a00b-a15e5ab2ff57
2025-09-29 07:15:02,604 [s0-impl-thread1] INFO  segmented.SegmentedRaftLogWorker (SegmentedRaftLogWorker.java:lambda$new$0(141)) - s0@group-A15E5AB2FF57-SegmentedRaftLogWorker: flushIndex: setUnconditionally 0 -> -1
2025-09-29 07:15:02,604 [s0-impl-thread1] INFO  segmented.SegmentedRaftLogWorker (SegmentedRaftLogWorker.java:lambda$new$0(141)) - s0@group-A15E5AB2FF57-SegmentedRaftLogWorker: safeCacheEvictIndex: setUnconditionally 0 -> -1
2025-09-29 07:15:02,605 [s0-impl-thread1] INFO  server.RaftServer$Division (RaftServerImpl.java:start(405)) - s0@group-A15E5AB2FF57: start as a follower, conf=conf: {index: -1, cur=peers:[s0|localhost:15144, s1|localhost:15148, s2|localhost:15152]|listeners:[], old=null}
2025-09-29 07:15:02,605 [s0-impl-thread1] INFO  server.RaftServer$Division (RaftServerImpl.java:setRole(392)) - s0@group-A15E5AB2FF57: changes role from      null to FOLLOWER at term 0 for startAsFollower
2025-09-29 07:15:02,605 [s0-impl-thread1] INFO  impl.RoleInfo (RoleInfo.java:updateAndGet(148)) - s0: start s0@group-A15E5AB2FF57-FollowerState
2025-09-29 07:15:02,606 [s0-impl-thread1] INFO  util.JmxRegister (JmxRegister.java:tryRegister(44)) - Successfully registered JMX Bean with object name Ratis:service=RaftServer,group=group-A15E5AB2FF57,id=s0
2025-09-29 07:15:02,606 [s0-impl-thread1] INFO  util.JmxRegister (JmxRegister.java:register(58)) - register mxBean class org.apache.ratis.server.impl.RaftServerJmxAdapter as Ratis:service=RaftServer,group=group-A15E5AB2FF57,id=s0
2025-09-29 07:15:02,606 [s0@group-A15E5AB2FF57-FollowerState] INFO  server.RaftServerConfigKeys (ConfUtils.java:logFallback(69)) - raft.server.rpc.first-election.timeout.min = 150ms (fallback to raft.server.rpc.timeout.min)
2025-09-29 07:15:02,606 [s0@group-A15E5AB2FF57-FollowerState] INFO  server.RaftServerConfigKeys (ConfUtils.java:logFallback(69)) - raft.server.rpc.first-election.timeout.max = 300ms (fallback to raft.server.rpc.timeout.max)
2025-09-29 07:15:02,606 [s0-impl-thread1] INFO  server.RaftServer$Division (RaftServerImpl.java:start(419)) - s0@group-A15E5AB2FF57: Successfully started.
2025-09-29 07:15:02,606 [main] INFO  server.RaftServer (RaftServerProxy.java:startImpl(415)) - s0: start RPC server
2025-09-29 07:15:02,608 [main] INFO  server.GrpcServicesImpl (GrpcServicesImpl.java:startImpl(338)) - s0: GrpcServicesImpl started, listening on 15146
2025-09-29 07:15:02,608 [main] INFO  server.GrpcServicesImpl (GrpcServicesImpl.java:startImpl(338)) - s0: GrpcServicesImpl started, listening on 15144
2025-09-29 07:15:02,609 [main] INFO  server.GrpcServicesImpl (GrpcServicesImpl.java:startImpl(338)) - s0: GrpcServicesImpl started, listening on 15145
2025-09-29 07:15:02,609 [JvmPauseMonitor36] INFO  util.JvmPauseMonitor (JvmPauseMonitor.java:run(146)) - JvmPauseMonitor-s0: Started
2025-09-29 07:15:02,609 [s1-impl-thread1] INFO  server.RaftServerConfigKeys (ConfUtils.java:logGet(62)) - raft.server.storage.dir = [/home/runner/work/ratis/ratis/ratis-test/target/test/data/6b14e155/MiniRaftClusterWithGrpc2fba9613/s1] (custom)
2025-09-29 07:15:02,610 [s1-impl-thread1] INFO  storage.RaftStorageDirectory (RaftStorageDirectoryImpl.java:analyzeStorage(138)) - The storage directory /home/runner/work/ratis/ratis/ratis-test/target/test/data/6b14e155/MiniRaftClusterWithGrpc2fba9613/s1/9f5db1e5-be6a-4098-a00b-a15e5ab2ff57 does not exist. Creating ...
2025-09-29 07:15:02,610 [s1-impl-thread1] TRACE util.FileUtils (LogUtils.java:runAndLog(49)) - Successfully ran Files.createDirectories /home/runner/work/ratis/ratis/ratis-test/target/test/data/6b14e155/MiniRaftClusterWithGrpc2fba9613/s1/9f5db1e5-be6a-4098-a00b-a15e5ab2ff57
2025-09-29 07:15:02,611 [s1-impl-thread1] INFO  storage.RaftStorageDirectory (RaftStorageDirectoryImpl.java:tryLock(229)) - Lock on /home/runner/work/ratis/ratis/ratis-test/target/test/data/6b14e155/MiniRaftClusterWithGrpc2fba9613/s1/9f5db1e5-be6a-4098-a00b-a15e5ab2ff57/in_use.lock acquired by nodename 24167@runnervm3ublj
2025-09-29 07:15:02,611 [s1-impl-thread1] TRACE util.FileUtils (LogUtils.java:runAndLog(49)) - Successfully ran Files.createDirectories /home/runner/work/ratis/ratis/ratis-test/target/test/data/6b14e155/MiniRaftClusterWithGrpc2fba9613/s1/9f5db1e5-be6a-4098-a00b-a15e5ab2ff57/current
2025-09-29 07:15:02,611 [s1-impl-thread1] TRACE util.FileUtils (LogUtils.java:runAndLog(49)) - Successfully ran Files.createDirectories /home/runner/work/ratis/ratis/ratis-test/target/test/data/6b14e155/MiniRaftClusterWithGrpc2fba9613/s1/9f5db1e5-be6a-4098-a00b-a15e5ab2ff57/sm
2025-09-29 07:15:02,611 [s1-impl-thread1] TRACE util.FileUtils (LogUtils.java:supplyAndLog(69)) - Successfully supplied FileChannel.open /home/runner/work/ratis/ratis/ratis-test/target/test/data/6b14e155/MiniRaftClusterWithGrpc2fba9613/s1/9f5db1e5-be6a-4098-a00b-a15e5ab2ff57/current/raft-meta.tmp with options [CREATE, TRUNCATE_EXISTING, WRITE]: sun.nio.ch.FileChannelImpl@4da497bc
2025-09-29 07:15:02,612 [s1-impl-thread1] TRACE util.FileUtils (LogUtils.java:runAndLog(49)) - Successfully ran Atomic Files.move /home/runner/work/ratis/ratis/ratis-test/target/test/data/6b14e155/MiniRaftClusterWithGrpc2fba9613/s1/9f5db1e5-be6a-4098-a00b-a15e5ab2ff57/current/raft-meta.tmp to /home/runner/work/ratis/ratis/ratis-test/target/test/data/6b14e155/MiniRaftClusterWithGrpc2fba9613/s1/9f5db1e5-be6a-4098-a00b-a15e5ab2ff57/current/raft-meta with options [REPLACE_EXISTING]
2025-09-29 07:15:02,612 [s1-impl-thread1] INFO  storage.RaftStorage (RaftStorageImpl.java:format(98)) - Storage directory /home/runner/work/ratis/ratis/ratis-test/target/test/data/6b14e155/MiniRaftClusterWithGrpc2fba9613/s1/9f5db1e5-be6a-4098-a00b-a15e5ab2ff57 has been successfully formatted.
2025-09-29 07:15:02,612 [s1-impl-thread1] INFO  server.RaftServer$Division (ServerState.java:getSnapshotIndexFromStateMachine(154)) - s1@group-A15E5AB2FF57: getLatestSnapshot(CounterStateMachine-38:s1:group-A15E5AB2FF57) returns null
2025-09-29 07:15:02,612 [s1-impl-thread1] INFO  raftlog.RaftLog (RaftLogBase.java:<init>(90)) - s1@group-A15E5AB2FF57-SegmentedRaftLog: snapshotIndexFromStateMachine = -1
2025-09-29 07:15:02,613 [s1-impl-thread1] INFO  util.AwaitToRun (AwaitToRun.java:start(81)) - Thread[s1@group-A15E5AB2FF57-cacheEviction-AwaitToRun,5,main] started
2025-09-29 07:15:02,613 [s1-impl-thread1] INFO  segmented.SegmentedRaftLogWorker (SegmentedRaftLogWorker.java:<init>(190)) - new s1@group-A15E5AB2FF57-SegmentedRaftLogWorker for RaftStorageImpl:Storage Directory /home/runner/work/ratis/ratis/ratis-test/target/test/data/6b14e155/MiniRaftClusterWithGrpc2fba9613/s1/9f5db1e5-be6a-4098-a00b-a15e5ab2ff57
2025-09-29 07:15:02,614 [s1-impl-thread1] INFO  segmented.SegmentedRaftLogWorker (SegmentedRaftLogWorker.java:lambda$new$0(141)) - s1@group-A15E5AB2FF57-SegmentedRaftLogWorker: flushIndex: setUnconditionally 0 -> -1
2025-09-29 07:15:02,614 [s1-impl-thread1] INFO  segmented.SegmentedRaftLogWorker (SegmentedRaftLogWorker.java:lambda$new$0(141)) - s1@group-A15E5AB2FF57-SegmentedRaftLogWorker: safeCacheEvictIndex: setUnconditionally 0 -> -1
2025-09-29 07:15:02,614 [s1-impl-thread1] INFO  server.RaftServer$Division (RaftServerImpl.java:start(405)) - s1@group-A15E5AB2FF57: start as a follower, conf=conf: {index: -1, cur=peers:[s0|localhost:15144, s1|localhost:15148, s2|localhost:15152]|listeners:[], old=null}
2025-09-29 07:15:02,614 [s1-impl-thread1] INFO  server.RaftServer$Division (RaftServerImpl.java:setRole(392)) - s1@group-A15E5AB2FF57: changes role from      null to FOLLOWER at term 0 for startAsFollower
2025-09-29 07:15:02,614 [s1-impl-thread1] INFO  impl.RoleInfo (RoleInfo.java:updateAndGet(148)) - s1: start s1@group-A15E5AB2FF57-FollowerState
2025-09-29 07:15:02,615 [s1-impl-thread1] INFO  util.JmxRegister (JmxRegister.java:tryRegister(44)) - Successfully registered JMX Bean with object name Ratis:service=RaftServer,group=group-A15E5AB2FF57,id=s1
2025-09-29 07:15:02,615 [s1-impl-thread1] INFO  util.JmxRegister (JmxRegister.java:register(58)) - register mxBean class org.apache.ratis.server.impl.RaftServerJmxAdapter as Ratis:service=RaftServer,group=group-A15E5AB2FF57,id=s1
2025-09-29 07:15:02,615 [s1@group-A15E5AB2FF57-FollowerState] INFO  server.RaftServerConfigKeys (ConfUtils.java:logFallback(69)) - raft.server.rpc.first-election.timeout.min = 150ms (fallback to raft.server.rpc.timeout.min)
2025-09-29 07:15:02,615 [s1-impl-thread1] INFO  server.RaftServer$Division (RaftServerImpl.java:start(419)) - s1@group-A15E5AB2FF57: Successfully started.
2025-09-29 07:15:02,615 [s1@group-A15E5AB2FF57-FollowerState] INFO  server.RaftServerConfigKeys (ConfUtils.java:logFallback(69)) - raft.server.rpc.first-election.timeout.max = 300ms (fallback to raft.server.rpc.timeout.max)
2025-09-29 07:15:02,615 [main] INFO  server.RaftServer (RaftServerProxy.java:startImpl(415)) - s1: start RPC server
2025-09-29 07:15:02,616 [main] INFO  server.GrpcServicesImpl (GrpcServicesImpl.java:startImpl(338)) - s1: GrpcServicesImpl started, listening on 15150
2025-09-29 07:15:02,616 [main] INFO  server.GrpcServicesImpl (GrpcServicesImpl.java:startImpl(338)) - s1: GrpcServicesImpl started, listening on 15148
2025-09-29 07:15:02,616 [main] INFO  server.GrpcServicesImpl (GrpcServicesImpl.java:startImpl(338)) - s1: GrpcServicesImpl started, listening on 15149
2025-09-29 07:15:02,617 [JvmPauseMonitor37] INFO  util.JvmPauseMonitor (JvmPauseMonitor.java:run(146)) - JvmPauseMonitor-s1: Started
2025-09-29 07:15:02,617 [s2-impl-thread1] INFO  server.RaftServerConfigKeys (ConfUtils.java:logGet(62)) - raft.server.storage.dir = [/home/runner/work/ratis/ratis/ratis-test/target/test/data/6b14e155/MiniRaftClusterWithGrpc2fba9613/s2] (custom)
2025-09-29 07:15:02,617 [s2-impl-thread1] INFO  storage.RaftStorageDirectory (RaftStorageDirectoryImpl.java:analyzeStorage(138)) - The storage directory /home/runner/work/ratis/ratis/ratis-test/target/test/data/6b14e155/MiniRaftClusterWithGrpc2fba9613/s2/9f5db1e5-be6a-4098-a00b-a15e5ab2ff57 does not exist. Creating ...
2025-09-29 07:15:02,617 [s2-impl-thread1] TRACE util.FileUtils (LogUtils.java:runAndLog(49)) - Successfully ran Files.createDirectories /home/runner/work/ratis/ratis/ratis-test/target/test/data/6b14e155/MiniRaftClusterWithGrpc2fba9613/s2/9f5db1e5-be6a-4098-a00b-a15e5ab2ff57
2025-09-29 07:15:02,618 [s2-impl-thread1] INFO  storage.RaftStorageDirectory (RaftStorageDirectoryImpl.java:tryLock(229)) - Lock on /home/runner/work/ratis/ratis/ratis-test/target/test/data/6b14e155/MiniRaftClusterWithGrpc2fba9613/s2/9f5db1e5-be6a-4098-a00b-a15e5ab2ff57/in_use.lock acquired by nodename 24167@runnervm3ublj
2025-09-29 07:15:02,618 [s2-impl-thread1] TRACE util.FileUtils (LogUtils.java:runAndLog(49)) - Successfully ran Files.createDirectories /home/runner/work/ratis/ratis/ratis-test/target/test/data/6b14e155/MiniRaftClusterWithGrpc2fba9613/s2/9f5db1e5-be6a-4098-a00b-a15e5ab2ff57/current
2025-09-29 07:15:02,618 [s2-impl-thread1] TRACE util.FileUtils (LogUtils.java:runAndLog(49)) - Successfully ran Files.createDirectories /home/runner/work/ratis/ratis/ratis-test/target/test/data/6b14e155/MiniRaftClusterWithGrpc2fba9613/s2/9f5db1e5-be6a-4098-a00b-a15e5ab2ff57/sm
2025-09-29 07:15:02,618 [s2-impl-thread1] TRACE util.FileUtils (LogUtils.java:supplyAndLog(69)) - Successfully supplied FileChannel.open /home/runner/work/ratis/ratis/ratis-test/target/test/data/6b14e155/MiniRaftClusterWithGrpc2fba9613/s2/9f5db1e5-be6a-4098-a00b-a15e5ab2ff57/current/raft-meta.tmp with options [CREATE, TRUNCATE_EXISTING, WRITE]: sun.nio.ch.FileChannelImpl@ea8662d
2025-09-29 07:15:02,619 [s2-impl-thread1] TRACE util.FileUtils (LogUtils.java:runAndLog(49)) - Successfully ran Atomic Files.move /home/runner/work/ratis/ratis/ratis-test/target/test/data/6b14e155/MiniRaftClusterWithGrpc2fba9613/s2/9f5db1e5-be6a-4098-a00b-a15e5ab2ff57/current/raft-meta.tmp to /home/runner/work/ratis/ratis/ratis-test/target/test/data/6b14e155/MiniRaftClusterWithGrpc2fba9613/s2/9f5db1e5-be6a-4098-a00b-a15e5ab2ff57/current/raft-meta with options [REPLACE_EXISTING]
2025-09-29 07:15:02,619 [s2-impl-thread1] INFO  storage.RaftStorage (RaftStorageImpl.java:format(98)) - Storage directory /home/runner/work/ratis/ratis/ratis-test/target/test/data/6b14e155/MiniRaftClusterWithGrpc2fba9613/s2/9f5db1e5-be6a-4098-a00b-a15e5ab2ff57 has been successfully formatted.
2025-09-29 07:15:02,619 [s2-impl-thread1] INFO  server.RaftServer$Division (ServerState.java:getSnapshotIndexFromStateMachine(154)) - s2@group-A15E5AB2FF57: getLatestSnapshot(CounterStateMachine-39:s2:group-A15E5AB2FF57) returns null
2025-09-29 07:15:02,620 [s2-impl-thread1] INFO  raftlog.RaftLog (RaftLogBase.java:<init>(90)) - s2@group-A15E5AB2FF57-SegmentedRaftLog: snapshotIndexFromStateMachine = -1
2025-09-29 07:15:02,620 [s2-impl-thread1] INFO  util.AwaitToRun (AwaitToRun.java:start(81)) - Thread[s2@group-A15E5AB2FF57-cacheEviction-AwaitToRun,5,main] started
2025-09-29 07:15:02,620 [s2-impl-thread1] INFO  segmented.SegmentedRaftLogWorker (SegmentedRaftLogWorker.java:<init>(190)) - new s2@group-A15E5AB2FF57-SegmentedRaftLogWorker for RaftStorageImpl:Storage Directory /home/runner/work/ratis/ratis/ratis-test/target/test/data/6b14e155/MiniRaftClusterWithGrpc2fba9613/s2/9f5db1e5-be6a-4098-a00b-a15e5ab2ff57
2025-09-29 07:15:02,621 [s2-impl-thread1] INFO  segmented.SegmentedRaftLogWorker (SegmentedRaftLogWorker.java:lambda$new$0(141)) - s2@group-A15E5AB2FF57-SegmentedRaftLogWorker: flushIndex: setUnconditionally 0 -> -1
2025-09-29 07:15:02,621 [s2-impl-thread1] INFO  segmented.SegmentedRaftLogWorker (SegmentedRaftLogWorker.java:lambda$new$0(141)) - s2@group-A15E5AB2FF57-SegmentedRaftLogWorker: safeCacheEvictIndex: setUnconditionally 0 -> -1
2025-09-29 07:15:02,621 [s2-impl-thread1] INFO  server.RaftServer$Division (RaftServerImpl.java:start(405)) - s2@group-A15E5AB2FF57: start as a follower, conf=conf: {index: -1, cur=peers:[s0|localhost:15144, s1|localhost:15148, s2|localhost:15152]|listeners:[], old=null}
2025-09-29 07:15:02,621 [s2-impl-thread1] INFO  server.RaftServer$Division (RaftServerImpl.java:setRole(392)) - s2@group-A15E5AB2FF57: changes role from      null to FOLLOWER at term 0 for startAsFollower
2025-09-29 07:15:02,622 [s2-impl-thread1] INFO  impl.RoleInfo (RoleInfo.java:updateAndGet(148)) - s2: start s2@group-A15E5AB2FF57-FollowerState
2025-09-29 07:15:02,622 [s2-impl-thread1] INFO  util.JmxRegister (JmxRegister.java:tryRegister(44)) - Successfully registered JMX Bean with object name Ratis:service=RaftServer,group=group-A15E5AB2FF57,id=s2
2025-09-29 07:15:02,622 [s2-impl-thread1] INFO  util.JmxRegister (JmxRegister.java:register(58)) - register mxBean class org.apache.ratis.server.impl.RaftServerJmxAdapter as Ratis:service=RaftServer,group=group-A15E5AB2FF57,id=s2
2025-09-29 07:15:02,622 [s2@group-A15E5AB2FF57-FollowerState] INFO  server.RaftServerConfigKeys (ConfUtils.java:logFallback(69)) - raft.server.rpc.first-election.timeout.min = 150ms (fallback to raft.server.rpc.timeout.min)
2025-09-29 07:15:02,622 [s2@group-A15E5AB2FF57-FollowerState] INFO  server.RaftServerConfigKeys (ConfUtils.java:logFallback(69)) - raft.server.rpc.first-election.timeout.max = 300ms (fallback to raft.server.rpc.timeout.max)
2025-09-29 07:15:02,622 [s2-impl-thread1] INFO  server.RaftServer$Division (RaftServerImpl.java:start(419)) - s2@group-A15E5AB2FF57: Successfully started.
2025-09-29 07:15:02,623 [main] INFO  server.RaftServer (RaftServerProxy.java:startImpl(415)) - s2: start RPC server
2025-09-29 07:15:02,623 [main] INFO  server.GrpcServicesImpl (GrpcServicesImpl.java:startImpl(338)) - s2: GrpcServicesImpl started, listening on 15154
2025-09-29 07:15:02,623 [main] INFO  server.GrpcServicesImpl (GrpcServicesImpl.java:startImpl(338)) - s2: GrpcServicesImpl started, listening on 15152
2025-09-29 07:15:02,624 [main] INFO  server.GrpcServicesImpl (GrpcServicesImpl.java:startImpl(338)) - s2: GrpcServicesImpl started, listening on 15153
2025-09-29 07:15:02,624 [JvmPauseMonitor38] INFO  util.JvmPauseMonitor (JvmPauseMonitor.java:run(146)) - JvmPauseMonitor-s2: Started
2025-09-29 07:15:02,624 [main] INFO  ratis.RaftTestUtil (RaftTestUtil.java:waitForLeader(107)) - printing ALL groups
  s0:  RUNNING  FOLLOWER (RUNNING): s0@group-A15E5AB2FF57:t0, leader=null, voted=, raftlog=Memoized:s0@group-A15E5AB2FF57-SegmentedRaftLog:OPENED:c-1:lastnull, conf=conf: {index: -1, cur=peers:[s0|localhost:15144, s1|localhost:15148, s2|localhost:15152]|listeners:[], old=null}
  s1:  RUNNING  FOLLOWER (RUNNING): s1@group-A15E5AB2FF57:t0, leader=null, voted=, raftlog=Memoized:s1@group-A15E5AB2FF57-SegmentedRaftLog:OPENED:c-1:lastnull, conf=conf: {index: -1, cur=peers:[s0|localhost:15144, s1|localhost:15148, s2|localhost:15152]|listeners:[], old=null}
  s2:  RUNNING  FOLLOWER (RUNNING): s2@group-A15E5AB2FF57:t0, leader=null, voted=, raftlog=Memoized:s2@group-A15E5AB2FF57-SegmentedRaftLog:OPENED:c-1:lastnull, conf=conf: {index: -1, cur=peers:[s0|localhost:15144, s1|localhost:15148, s2|localhost:15152]|listeners:[], old=null}
2025-09-29 07:15:02,625 [main] WARN  ratis.RaftTestUtil (RaftTestUtil.java:lambda$waitForLeader$3(126)) - Attempt #1 failed: java.lang.IllegalStateException: No leader yet : printing ALL groups
  s0:  RUNNING  FOLLOWER (RUNNING): s0@group-A15E5AB2FF57:t0, leader=null, voted=, raftlog=Memoized:s0@group-A15E5AB2FF57-SegmentedRaftLog:OPENED:c-1:lastnull, conf=conf: {index: -1, cur=peers:[s0|localhost:15144, s1|localhost:15148, s2|localhost:15152]|listeners:[], old=null}
  s1:  RUNNING  FOLLOWER (RUNNING): s1@group-A15E5AB2FF57:t0, leader=null, voted=, raftlog=Memoized:s1@group-A15E5AB2FF57-SegmentedRaftLog:OPENED:c-1:lastnull, conf=conf: {index: -1, cur=peers:[s0|localhost:15144, s1|localhost:15148, s2|localhost:15152]|listeners:[], old=null}
  s2:  RUNNING  FOLLOWER (RUNNING): s2@group-A15E5AB2FF57:t0, leader=null, voted=, raftlog=Memoized:s2@group-A15E5AB2FF57-SegmentedRaftLog:OPENED:c-1:lastnull, conf=conf: {index: -1, cur=peers:[s0|localhost:15144, s1|localhost:15148, s2|localhost:15152]|listeners:[], old=null}
2025-09-29 07:15:02,778 [s2@group-A15E5AB2FF57-FollowerState] INFO  impl.FollowerState (FollowerState.java:runImpl(161)) - s2@group-A15E5AB2FF57-FollowerState: change to CANDIDATE, lastRpcElapsedTime:156838045ns, electionTimeout:156ms
2025-09-29 07:15:02,779 [s2@group-A15E5AB2FF57-FollowerState] INFO  impl.RoleInfo (RoleInfo.java:shutdownFollowerState(121)) - s2: shutdown s2@group-A15E5AB2FF57-FollowerState
2025-09-29 07:15:02,779 [s2@group-A15E5AB2FF57-FollowerState] INFO  server.RaftServer$Division (RaftServerImpl.java:setRole(392)) - s2@group-A15E5AB2FF57: changes role from  FOLLOWER to CANDIDATE at term 0 for changeToCandidate
2025-09-29 07:15:02,779 [s2@group-A15E5AB2FF57-FollowerState] INFO  impl.RoleInfo (RoleInfo.java:updateAndGet(148)) - s2: start s2@group-A15E5AB2FF57-LeaderElection25
2025-09-29 07:15:02,779 [s2@group-A15E5AB2FF57-LeaderElection25] INFO  impl.LeaderElection (LeaderElection.java:askForVotes(448)) - s2@group-A15E5AB2FF57-LeaderElection25 PRE_VOTE round 0: submit vote requests at term 0 for conf: {index: -1, cur=peers:[s0|localhost:15144, s1|localhost:15148, s2|localhost:15152]|listeners:[], old=null}
2025-09-29 07:15:02,780 [s2@group-A15E5AB2FF57-LeaderElection25-1] INFO  server.GrpcServerProtocolClient (GrpcServerProtocolClient.java:<init>(64)) - Build channel for s0|localhost:15144
2025-09-29 07:15:02,780 [s2@group-A15E5AB2FF57-LeaderElection25-2] INFO  server.GrpcServerProtocolClient (GrpcServerProtocolClient.java:<init>(64)) - Build channel for s1|localhost:15148
2025-09-29 07:15:02,780 [s2@group-A15E5AB2FF57-LeaderElection25] INFO  server.RaftServerConfigKeys (ConfUtils.java:logFallback(69)) - raft.server.rpc.first-election.timeout.min = 150ms (fallback to raft.server.rpc.timeout.min)
2025-09-29 07:15:02,780 [s2@group-A15E5AB2FF57-LeaderElection25] INFO  server.RaftServerConfigKeys (ConfUtils.java:logFallback(69)) - raft.server.rpc.first-election.timeout.max = 300ms (fallback to raft.server.rpc.timeout.max)
2025-09-29 07:15:02,780 [s0@group-A15E5AB2FF57-FollowerState] INFO  impl.FollowerState (FollowerState.java:runImpl(161)) - s0@group-A15E5AB2FF57-FollowerState: change to CANDIDATE, lastRpcElapsedTime:174907526ns, electionTimeout:174ms
2025-09-29 07:15:02,780 [s0@group-A15E5AB2FF57-FollowerState] INFO  impl.RoleInfo (RoleInfo.java:shutdownFollowerState(121)) - s0: shutdown s0@group-A15E5AB2FF57-FollowerState
2025-09-29 07:15:02,780 [s0@group-A15E5AB2FF57-FollowerState] INFO  server.RaftServer$Division (RaftServerImpl.java:setRole(392)) - s0@group-A15E5AB2FF57: changes role from  FOLLOWER to CANDIDATE at term 0 for changeToCandidate
2025-09-29 07:15:02,781 [s0@group-A15E5AB2FF57-FollowerState] INFO  impl.RoleInfo (RoleInfo.java:updateAndGet(148)) - s0: start s0@group-A15E5AB2FF57-LeaderElection26
2025-09-29 07:15:02,781 [s0@group-A15E5AB2FF57-LeaderElection26] INFO  impl.LeaderElection (LeaderElection.java:askForVotes(448)) - s0@group-A15E5AB2FF57-LeaderElection26 PRE_VOTE round 0: submit vote requests at term 0 for conf: {index: -1, cur=peers:[s0|localhost:15144, s1|localhost:15148, s2|localhost:15152]|listeners:[], old=null}
2025-09-29 07:15:02,782 [s0@group-A15E5AB2FF57-LeaderElection26-1] INFO  server.GrpcServerProtocolClient (GrpcServerProtocolClient.java:<init>(64)) - Build channel for s1|localhost:15148
2025-09-29 07:15:02,782 [s0@group-A15E5AB2FF57-LeaderElection26] INFO  server.RaftServerConfigKeys (ConfUtils.java:logFallback(69)) - raft.server.rpc.first-election.timeout.min = 150ms (fallback to raft.server.rpc.timeout.min)
2025-09-29 07:15:02,782 [s0@group-A15E5AB2FF57-LeaderElection26] INFO  server.RaftServerConfigKeys (ConfUtils.java:logFallback(69)) - raft.server.rpc.first-election.timeout.max = 300ms (fallback to raft.server.rpc.timeout.max)
2025-09-29 07:15:02,782 [s0@group-A15E5AB2FF57-LeaderElection26-2] INFO  server.GrpcServerProtocolClient (GrpcServerProtocolClient.java:<init>(64)) - Build channel for s2|localhost:15152
2025-09-29 07:15:02,806 [grpc-default-executor-8] INFO  server.RaftServer$Division (RaftServerImpl.java:requestVote(1433)) - s0@group-A15E5AB2FF57: receive requestVote(PRE_VOTE, s2, group-A15E5AB2FF57, 0, <PROTO_DEFAULT>)
2025-09-29 07:15:02,806 [grpc-default-executor-3] INFO  server.RaftServer$Division (RaftServerImpl.java:requestVote(1433)) - s2@group-A15E5AB2FF57: receive requestVote(PRE_VOTE, s0, group-A15E5AB2FF57, 0, <PROTO_DEFAULT>)
2025-09-29 07:15:02,807 [grpc-default-executor-8] INFO  impl.VoteContext (VoteContext.java:log(49)) - s0@group-A15E5AB2FF57-CANDIDATE: accept PRE_VOTE from s2: our priority 0 <= candidate's priority 0
2025-09-29 07:15:02,807 [grpc-default-executor-8] INFO  server.RaftServer$Division (RaftServerImpl.java:requestVote(1467)) - s0@group-A15E5AB2FF57 replies to PRE_VOTE vote request: s2<-s0#0:OK-t0-last:<INITIAL_VALUE>. Peer's state: s0@group-A15E5AB2FF57:t0, leader=null, voted=, raftlog=Memoized:s0@group-A15E5AB2FF57-SegmentedRaftLog:OPENED:c-1:lastnull, conf=conf: {index: -1, cur=peers:[s0|localhost:15144, s1|localhost:15148, s2|localhost:15152]|listeners:[], old=null}
2025-09-29 07:15:02,810 [s2@group-A15E5AB2FF57-LeaderElection25] INFO  impl.LeaderElection (LeaderElection.java:logAndReturn(206)) - s2@group-A15E5AB2FF57-LeaderElection25: PRE_VOTE PASSED received 1 response(s) and 0 exception(s):
2025-09-29 07:15:02,810 [s2@group-A15E5AB2FF57-LeaderElection25] INFO  impl.LeaderElection (LeaderElection.java:logAndReturn(210)) -   Response 0: s2<-s0#0:OK-t0-last:<INITIAL_VALUE>
2025-09-29 07:15:02,810 [s2@group-A15E5AB2FF57-LeaderElection25] INFO  impl.LeaderElection (LeaderElection.java:askForVotes(450)) - s2@group-A15E5AB2FF57-LeaderElection25 PRE_VOTE round 0: result PASSED
2025-09-29 07:15:02,810 [s2@group-A15E5AB2FF57-LeaderElection25] TRACE util.FileUtils (LogUtils.java:supplyAndLog(69)) - Successfully supplied FileChannel.open /home/runner/work/ratis/ratis/ratis-test/target/test/data/6b14e155/MiniRaftClusterWithGrpc2fba9613/s2/9f5db1e5-be6a-4098-a00b-a15e5ab2ff57/current/raft-meta.tmp with options [CREATE, TRUNCATE_EXISTING, WRITE]: sun.nio.ch.FileChannelImpl@3714b1c3
2025-09-29 07:15:02,807 [grpc-default-executor-3] INFO  impl.VoteContext (VoteContext.java:log(49)) - s2@group-A15E5AB2FF57-CANDIDATE: accept PRE_VOTE from s0: our priority 0 <= candidate's priority 0
2025-09-29 07:15:02,811 [grpc-default-executor-3] INFO  server.RaftServer$Division (RaftServerImpl.java:requestVote(1467)) - s2@group-A15E5AB2FF57 replies to PRE_VOTE vote request: s0<-s2#0:OK-t1-last:<INITIAL_VALUE>. Peer's state: s2@group-A15E5AB2FF57:t1, leader=null, voted=s2, raftlog=Memoized:s2@group-A15E5AB2FF57-SegmentedRaftLog:OPENED:c-1:lastnull, conf=conf: {index: -1, cur=peers:[s0|localhost:15144, s1|localhost:15148, s2|localhost:15152]|listeners:[], old=null}
2025-09-29 07:15:02,813 [s2@group-A15E5AB2FF57-LeaderElection25] TRACE util.FileUtils (LogUtils.java:runAndLog(49)) - Successfully ran Atomic Files.move /home/runner/work/ratis/ratis/ratis-test/target/test/data/6b14e155/MiniRaftClusterWithGrpc2fba9613/s2/9f5db1e5-be6a-4098-a00b-a15e5ab2ff57/current/raft-meta.tmp to /home/runner/work/ratis/ratis/ratis-test/target/test/data/6b14e155/MiniRaftClusterWithGrpc2fba9613/s2/9f5db1e5-be6a-4098-a00b-a15e5ab2ff57/current/raft-meta with options [REPLACE_EXISTING]
2025-09-29 07:15:02,813 [grpc-default-executor-3] INFO  server.RaftServer$Division (RaftServerImpl.java:requestVote(1433)) - s1@group-A15E5AB2FF57: receive requestVote(PRE_VOTE, s0, group-A15E5AB2FF57, 0, <PROTO_DEFAULT>)
2025-09-29 07:15:02,814 [grpc-default-executor-3] INFO  impl.VoteContext (VoteContext.java:log(49)) - s1@group-A15E5AB2FF57-FOLLOWER: accept PRE_VOTE from s0: our priority 0 <= candidate's priority 0
2025-09-29 07:15:02,814 [grpc-default-executor-3] INFO  server.RaftServer$Division (RaftServerImpl.java:requestVote(1467)) - s1@group-A15E5AB2FF57 replies to PRE_VOTE vote request: s0<-s1#0:OK-t0-last:<INITIAL_VALUE>. Peer's state: s1@group-A15E5AB2FF57:t0, leader=null, voted=, raftlog=Memoized:s1@group-A15E5AB2FF57-SegmentedRaftLog:OPENED:c-1:lastnull, conf=conf: {index: -1, cur=peers:[s0|localhost:15144, s1|localhost:15148, s2|localhost:15152]|listeners:[], old=null}
2025-09-29 07:15:02,814 [s0@group-A15E5AB2FF57-LeaderElection26] INFO  impl.LeaderElection (LeaderElection.java:logAndReturn(206)) - s0@group-A15E5AB2FF57-LeaderElection26: PRE_VOTE DISCOVERED_A_NEW_TERM (term=1) received 1 response(s) and 0 exception(s):
2025-09-29 07:15:02,814 [s0@group-A15E5AB2FF57-LeaderElection26] INFO  impl.LeaderElection (LeaderElection.java:logAndReturn(210)) -   Response 0: s0<-s2#0:OK-t1-last:<INITIAL_VALUE>
2025-09-29 07:15:02,815 [s0@group-A15E5AB2FF57-LeaderElection26] INFO  impl.LeaderElection (LeaderElection.java:askForVotes(450)) - s0@group-A15E5AB2FF57-LeaderElection26 PRE_VOTE round 0: result DISCOVERED_A_NEW_TERM (term=1)
2025-09-29 07:15:02,814 [s2@group-A15E5AB2FF57-LeaderElection25] INFO  impl.LeaderElection (LeaderElection.java:askForVotes(448)) - s2@group-A15E5AB2FF57-LeaderElection25 ELECTION round 0: submit vote requests at term 1 for conf: {index: -1, cur=peers:[s0|localhost:15144, s1|localhost:15148, s2|localhost:15152]|listeners:[], old=null}
2025-09-29 07:15:02,816 [s0@group-A15E5AB2FF57-LeaderElection26] INFO  server.RaftServer$Division (RaftServerImpl.java:setRole(392)) - s0@group-A15E5AB2FF57: changes role from CANDIDATE to FOLLOWER at term 0 for DISCOVERED_A_NEW_TERM (term=1)
2025-09-29 07:15:02,817 [s0@group-A15E5AB2FF57-LeaderElection26] INFO  impl.RoleInfo (RoleInfo.java:shutdownLeaderElection(141)) - s0: shutdown s0@group-A15E5AB2FF57-LeaderElection26
2025-09-29 07:15:02,817 [s2@group-A15E5AB2FF57-LeaderElection25] INFO  server.RaftServerConfigKeys (ConfUtils.java:logFallback(69)) - raft.server.rpc.first-election.timeout.min = 150ms (fallback to raft.server.rpc.timeout.min)
2025-09-29 07:15:02,817 [s2@group-A15E5AB2FF57-LeaderElection25] INFO  server.RaftServerConfigKeys (ConfUtils.java:logFallback(69)) - raft.server.rpc.first-election.timeout.max = 300ms (fallback to raft.server.rpc.timeout.max)
2025-09-29 07:15:02,818 [grpc-default-executor-3] INFO  server.RaftServer$Division (RaftServerImpl.java:requestVote(1433)) - s0@group-A15E5AB2FF57: receive requestVote(ELECTION, s2, group-A15E5AB2FF57, 1, <PROTO_DEFAULT>)
2025-09-29 07:15:02,818 [s0@group-A15E5AB2FF57-LeaderElection26] INFO  impl.RoleInfo (RoleInfo.java:updateAndGet(148)) - s0: start s0@group-A15E5AB2FF57-FollowerState
2025-09-29 07:15:02,818 [s0@group-A15E5AB2FF57-LeaderElection26] INFO  server.RaftServer$Division (RaftServerImpl.java:setFirstElection(576)) - s0@group-A15E5AB2FF57: set firstElectionSinceStartup to false for DISCOVERED_A_NEW_TERM (term=1)
2025-09-29 07:15:02,819 [grpc-default-executor-8] INFO  server.RaftServer$Division (RaftServerImpl.java:requestVote(1433)) - s1@group-A15E5AB2FF57: receive requestVote(ELECTION, s2, group-A15E5AB2FF57, 1, <PROTO_DEFAULT>)
2025-09-29 07:15:02,819 [grpc-default-executor-8] INFO  impl.VoteContext (VoteContext.java:log(49)) - s1@group-A15E5AB2FF57-FOLLOWER: accept ELECTION from s2: our priority 0 <= candidate's priority 0
2025-09-29 07:15:02,819 [s0@group-A15E5AB2FF57-LeaderElection26] TRACE util.FileUtils (LogUtils.java:supplyAndLog(69)) - Successfully supplied FileChannel.open /home/runner/work/ratis/ratis/ratis-test/target/test/data/6b14e155/MiniRaftClusterWithGrpc2fba9613/s0/9f5db1e5-be6a-4098-a00b-a15e5ab2ff57/current/raft-meta.tmp with options [CREATE, TRUNCATE_EXISTING, WRITE]: sun.nio.ch.FileChannelImpl@6058d4c0
2025-09-29 07:15:02,819 [grpc-default-executor-8] INFO  server.RaftServer$Division (RaftServerImpl.java:setRole(392)) - s1@group-A15E5AB2FF57: changes role from  FOLLOWER to FOLLOWER at term 0 for candidate:s2
2025-09-29 07:15:02,819 [grpc-default-executor-8] INFO  impl.RoleInfo (RoleInfo.java:shutdownFollowerState(121)) - s1: shutdown s1@group-A15E5AB2FF57-FollowerState
2025-09-29 07:15:02,820 [s1@group-A15E5AB2FF57-FollowerState] INFO  impl.FollowerState (FollowerState.java:runImpl(170)) - s1@group-A15E5AB2FF57-FollowerState was interrupted
2025-09-29 07:15:02,820 [grpc-default-executor-8] INFO  impl.RoleInfo (RoleInfo.java:updateAndGet(148)) - s1: start s1@group-A15E5AB2FF57-FollowerState
2025-09-29 07:15:02,820 [s0@group-A15E5AB2FF57-LeaderElection26] TRACE util.FileUtils (LogUtils.java:runAndLog(49)) - Successfully ran Atomic Files.move /home/runner/work/ratis/ratis/ratis-test/target/test/data/6b14e155/MiniRaftClusterWithGrpc2fba9613/s0/9f5db1e5-be6a-4098-a00b-a15e5ab2ff57/current/raft-meta.tmp to /home/runner/work/ratis/ratis/ratis-test/target/test/data/6b14e155/MiniRaftClusterWithGrpc2fba9613/s0/9f5db1e5-be6a-4098-a00b-a15e5ab2ff57/current/raft-meta with options [REPLACE_EXISTING]
2025-09-29 07:15:02,820 [grpc-default-executor-8] INFO  server.RaftServer$Division (RaftServerImpl.java:setFirstElection(576)) - s1@group-A15E5AB2FF57: set firstElectionSinceStartup to false for candidate:s2
2025-09-29 07:15:02,821 [grpc-default-executor-3] INFO  impl.VoteContext (VoteContext.java:log(49)) - s0@group-A15E5AB2FF57-FOLLOWER: accept ELECTION from s2: our priority 0 <= candidate's priority 0
2025-09-29 07:15:02,821 [grpc-default-executor-3] INFO  server.RaftServer$Division (RaftServerImpl.java:setRole(392)) - s0@group-A15E5AB2FF57: changes role from  FOLLOWER to FOLLOWER at term 1 for candidate:s2
2025-09-29 07:15:02,821 [grpc-default-executor-3] INFO  impl.RoleInfo (RoleInfo.java:shutdownFollowerState(121)) - s0: shutdown s0@group-A15E5AB2FF57-FollowerState
2025-09-29 07:15:02,821 [grpc-default-executor-8] TRACE util.FileUtils (LogUtils.java:supplyAndLog(69)) - Successfully supplied FileChannel.open /home/runner/work/ratis/ratis/ratis-test/target/test/data/6b14e155/MiniRaftClusterWithGrpc2fba9613/s1/9f5db1e5-be6a-4098-a00b-a15e5ab2ff57/current/raft-meta.tmp with options [CREATE, TRUNCATE_EXISTING, WRITE]: sun.nio.ch.FileChannelImpl@506b9691
2025-09-29 07:15:02,821 [s0@group-A15E5AB2FF57-FollowerState] INFO  impl.FollowerState (FollowerState.java:runImpl(170)) - s0@group-A15E5AB2FF57-FollowerState was interrupted
2025-09-29 07:15:02,821 [grpc-default-executor-3] INFO  impl.RoleInfo (RoleInfo.java:updateAndGet(148)) - s0: start s0@group-A15E5AB2FF57-FollowerState
2025-09-29 07:15:02,822 [grpc-default-executor-3] TRACE util.FileUtils (LogUtils.java:supplyAndLog(69)) - Successfully supplied FileChannel.open /home/runner/work/ratis/ratis/ratis-test/target/test/data/6b14e155/MiniRaftClusterWithGrpc2fba9613/s0/9f5db1e5-be6a-4098-a00b-a15e5ab2ff57/current/raft-meta.tmp with options [CREATE, TRUNCATE_EXISTING, WRITE]: sun.nio.ch.FileChannelImpl@51fd9d07
2025-09-29 07:15:02,822 [grpc-default-executor-8] TRACE util.FileUtils (LogUtils.java:runAndLog(49)) - Successfully ran Atomic Files.move /home/runner/work/ratis/ratis/ratis-test/target/test/data/6b14e155/MiniRaftClusterWithGrpc2fba9613/s1/9f5db1e5-be6a-4098-a00b-a15e5ab2ff57/current/raft-meta.tmp to /home/runner/work/ratis/ratis/ratis-test/target/test/data/6b14e155/MiniRaftClusterWithGrpc2fba9613/s1/9f5db1e5-be6a-4098-a00b-a15e5ab2ff57/current/raft-meta with options [REPLACE_EXISTING]
2025-09-29 07:15:02,822 [grpc-default-executor-8] INFO  server.RaftServer$Division (RaftServerImpl.java:requestVote(1467)) - s1@group-A15E5AB2FF57 replies to ELECTION vote request: s2<-s1#0:OK-t1-last:<INITIAL_VALUE>. Peer's state: s1@group-A15E5AB2FF57:t1, leader=null, voted=s2, raftlog=Memoized:s1@group-A15E5AB2FF57-SegmentedRaftLog:OPENED:c-1:lastnull, conf=conf: {index: -1, cur=peers:[s0|localhost:15144, s1|localhost:15148, s2|localhost:15152]|listeners:[], old=null}
2025-09-29 07:15:02,823 [grpc-default-executor-3] TRACE util.FileUtils (LogUtils.java:runAndLog(49)) - Successfully ran Atomic Files.move /home/runner/work/ratis/ratis/ratis-test/target/test/data/6b14e155/MiniRaftClusterWithGrpc2fba9613/s0/9f5db1e5-be6a-4098-a00b-a15e5ab2ff57/current/raft-meta.tmp to /home/runner/work/ratis/ratis/ratis-test/target/test/data/6b14e155/MiniRaftClusterWithGrpc2fba9613/s0/9f5db1e5-be6a-4098-a00b-a15e5ab2ff57/current/raft-meta with options [REPLACE_EXISTING]
2025-09-29 07:15:02,823 [grpc-default-executor-3] INFO  server.RaftServer$Division (RaftServerImpl.java:requestVote(1467)) - s0@group-A15E5AB2FF57 replies to ELECTION vote request: s2<-s0#0:OK-t1-last:<INITIAL_VALUE>. Peer's state: s0@group-A15E5AB2FF57:t1, leader=null, voted=s2, raftlog=Memoized:s0@group-A15E5AB2FF57-SegmentedRaftLog:OPENED:c-1:lastnull, conf=conf: {index: -1, cur=peers:[s0|localhost:15144, s1|localhost:15148, s2|localhost:15152]|listeners:[], old=null}
2025-09-29 07:15:02,824 [s2@group-A15E5AB2FF57-LeaderElection25] INFO  impl.LeaderElection (LeaderElection.java:logAndReturn(206)) - s2@group-A15E5AB2FF57-LeaderElection25: ELECTION PASSED received 1 response(s) and 0 exception(s):
2025-09-29 07:15:02,824 [s2@group-A15E5AB2FF57-LeaderElection25] INFO  impl.LeaderElection (LeaderElection.java:logAndReturn(210)) -   Response 0: s2<-s1#0:OK-t1-last:<INITIAL_VALUE>
2025-09-29 07:15:02,824 [s2@group-A15E5AB2FF57-LeaderElection25] INFO  impl.LeaderElection (LeaderElection.java:askForVotes(450)) - s2@group-A15E5AB2FF57-LeaderElection25 ELECTION round 0: result PASSED
2025-09-29 07:15:02,824 [s2@group-A15E5AB2FF57-LeaderElection25] INFO  impl.RoleInfo (RoleInfo.java:shutdownLeaderElection(141)) - s2: shutdown s2@group-A15E5AB2FF57-LeaderElection25
2025-09-29 07:15:02,824 [s2@group-A15E5AB2FF57-LeaderElection25] INFO  server.RaftServer$Division (RaftServerImpl.java:setRole(392)) - s2@group-A15E5AB2FF57: changes role from CANDIDATE to LEADER at term 1 for changeToLeader
2025-09-29 07:15:02,824 [s2@group-A15E5AB2FF57-LeaderElection25] INFO  server.RaftServerConfigKeys (ConfUtils.java:logFallback(69)) - raft.server.staging.timeout = 900ms (fallback to raft.server.rpc.timeout.max)
2025-09-29 07:15:02,825 [s2@group-A15E5AB2FF57-LeaderElection25] INFO  impl.RoleInfo (RoleInfo.java:updateAndGet(148)) - s2: start s2@group-A15E5AB2FF57-LeaderStateImpl
2025-09-29 07:15:02,825 [s2@group-A15E5AB2FF57-LeaderElection25] INFO  server.RaftServer$Division (RaftServerImpl.java:setFirstElection(576)) - s2@group-A15E5AB2FF57: set firstElectionSinceStartup to false for becomeLeader
2025-09-29 07:15:02,825 [s2@group-A15E5AB2FF57-LeaderElection25] INFO  server.RaftServer$Division (ServerState.java:setLeader(277)) - s2@group-A15E5AB2FF57: change Leader from null to s2 at term 1 for becomeLeader, leader elected after 226ms
2025-09-29 07:15:02,826 [s2@group-A15E5AB2FF57-LeaderElection25] INFO  segmented.SegmentedRaftLogWorker (SegmentedRaftLogWorker.java:startLogSegment(440)) - s2@group-A15E5AB2FF57-SegmentedRaftLogWorker: Starting segment from index:0
2025-09-29 07:15:02,826 [s2@group-A15E5AB2FF57-SegmentedRaftLogWorker] INFO  segmented.BufferedWriteChannel (BufferedWriteChannel.java:open(61)) - open log_inprogress_0 at position 0
2025-09-29 07:15:02,827 [s2@group-A15E5AB2FF57-LeaderElection25] INFO  server.RaftServer$Division (ServerState.java:setRaftConf(391)) - s2@group-A15E5AB2FF57: set configuration conf: {index: 0, cur=peers:[s0|localhost:15144, s1|localhost:15148, s2|localhost:15152]|listeners:[], old=null}
2025-09-29 07:15:02,834 [grpc-default-executor-6] INFO  server.RaftServer$Division (ServerState.java:setLeader(277)) - s1@group-A15E5AB2FF57: change Leader from null to s2 at term 1 for appendEntries, leader elected after 240ms
2025-09-29 07:15:02,834 [grpc-default-executor-4] INFO  server.RaftServer$Division (ServerState.java:setLeader(277)) - s0@group-A15E5AB2FF57: change Leader from null to s2 at term 1 for appendEntries, leader elected after 246ms
2025-09-29 07:15:02,836 [s2@group-A15E5AB2FF57-SegmentedRaftLogWorker] INFO  segmented.SegmentedRaftLogWorker (SegmentedRaftLogWorker.java:execute(647)) - s2@group-A15E5AB2FF57-SegmentedRaftLogWorker: created new log segment /home/runner/work/ratis/ratis/ratis-test/target/test/data/6b14e155/MiniRaftClusterWithGrpc2fba9613/s2/9f5db1e5-be6a-4098-a00b-a15e5ab2ff57/current/log_inprogress_0
2025-09-29 07:15:02,836 [grpc-default-executor-7] DEBUG server.RaftServer$Division (RaftServerImpl.java:logAppendEntries(1536)) - s1@group-A15E5AB2FF57: appendEntries* s2->s1#1-t1,previous=<PROTO_DEFAULT>,leaderCommit=-1,initializing? false,entries: size=1, first=(t:1, i:0), CONFIGURATIONENTRY(current:id:"s0"address:"localhost:15144"dataStreamAddress:"localhost:15147"clientAddress:"localhost:15146"adminAddress:"localhost:15145"startupRole:FOLLOWER, id:"s1"address:"localhost:15148"dataStreamAddress:"localhost:15151"clientAddress:"localhost:15150"adminAddress:"localhost:15149"startupRole:FOLLOWER, id:"s2"address:"localhost:15152"dataStreamAddress:"localhost:15155"clientAddress:"localhost:15154"adminAddress:"localhost:15153"startupRole:FOLLOWER, old:)
2025-09-29 07:15:02,836 [grpc-default-executor-7] INFO  server.RaftServer$Division (ServerState.java:setRaftConf(391)) - s1@group-A15E5AB2FF57: set configuration conf: {index: 0, cur=peers:[s0|localhost:15144, s1|localhost:15148, s2|localhost:15152]|listeners:[], old=null}
2025-09-29 07:15:02,838 [grpc-default-executor-8] DEBUG server.RaftServer$Division (RaftServerImpl.java:logAppendEntries(1536)) - s0@group-A15E5AB2FF57: appendEntries* s2->s0#1-t1,previous=<PROTO_DEFAULT>,leaderCommit=-1,initializing? false,entries: size=1, first=(t:1, i:0), CONFIGURATIONENTRY(current:id:"s0"address:"localhost:15144"dataStreamAddress:"localhost:15147"clientAddress:"localhost:15146"adminAddress:"localhost:15145"startupRole:FOLLOWER, id:"s1"address:"localhost:15148"dataStreamAddress:"localhost:15151"clientAddress:"localhost:15150"adminAddress:"localhost:15149"startupRole:FOLLOWER, id:"s2"address:"localhost:15152"dataStreamAddress:"localhost:15155"clientAddress:"localhost:15154"adminAddress:"localhost:15153"startupRole:FOLLOWER, old:)
2025-09-29 07:15:02,838 [s1-server-thread2] INFO  segmented.SegmentedRaftLogWorker (SegmentedRaftLogWorker.java:startLogSegment(440)) - s1@group-A15E5AB2FF57-SegmentedRaftLogWorker: Starting segment from index:0
2025-09-29 07:15:02,839 [s1@group-A15E5AB2FF57-SegmentedRaftLogWorker] INFO  segmented.BufferedWriteChannel (BufferedWriteChannel.java:open(61)) - open log_inprogress_0 at position 0
2025-09-29 07:15:02,839 [grpc-default-executor-8] INFO  server.RaftServer$Division (ServerState.java:setRaftConf(391)) - s0@group-A15E5AB2FF57: set configuration conf: {index: 0, cur=peers:[s0|localhost:15144, s1|localhost:15148, s2|localhost:15152]|listeners:[], old=null}
2025-09-29 07:15:02,840 [s0-server-thread1] INFO  segmented.SegmentedRaftLogWorker (SegmentedRaftLogWorker.java:startLogSegment(440)) - s0@group-A15E5AB2FF57-SegmentedRaftLogWorker: Starting segment from index:0
2025-09-29 07:15:02,841 [s0@group-A15E5AB2FF57-SegmentedRaftLogWorker] INFO  segmented.BufferedWriteChannel (BufferedWriteChannel.java:open(61)) - open log_inprogress_0 at position 0
2025-09-29 07:15:02,845 [s1@group-A15E5AB2FF57-SegmentedRaftLogWorker] INFO  segmented.SegmentedRaftLogWorker (SegmentedRaftLogWorker.java:execute(647)) - s1@group-A15E5AB2FF57-SegmentedRaftLogWorker: created new log segment /home/runner/work/ratis/ratis/ratis-test/target/test/data/6b14e155/MiniRaftClusterWithGrpc2fba9613/s1/9f5db1e5-be6a-4098-a00b-a15e5ab2ff57/current/log_inprogress_0
2025-09-29 07:15:02,846 [s1-server-thread2] DEBUG server.RaftServer$Division (RaftServerImpl.java:logAppendEntries(1536)) - s1@group-A15E5AB2FF57: appendEntries* reply s2<-s1#1:OK-t1,SUCCESS,nextIndex=1,followerCommit=-1,matchIndex=0
2025-09-29 07:15:02,848 [s2@group-A15E5AB2FF57-StateMachineUpdater] TRACE util.FileUtils (LogUtils.java:supplyAndLog(69)) - Successfully supplied FileChannel.open /home/runner/work/ratis/ratis/ratis-test/target/test/data/6b14e155/MiniRaftClusterWithGrpc2fba9613/s2/9f5db1e5-be6a-4098-a00b-a15e5ab2ff57/current/raft-meta.conf.tmp with options [CREATE, TRUNCATE_EXISTING, WRITE]: sun.nio.ch.FileChannelImpl@5432eb18
2025-09-29 07:15:02,850 [s0@group-A15E5AB2FF57-SegmentedRaftLogWorker] INFO  segmented.SegmentedRaftLogWorker (SegmentedRaftLogWorker.java:execute(647)) - s0@group-A15E5AB2FF57-SegmentedRaftLogWorker: created new log segment /home/runner/work/ratis/ratis/ratis-test/target/test/data/6b14e155/MiniRaftClusterWithGrpc2fba9613/s0/9f5db1e5-be6a-4098-a00b-a15e5ab2ff57/current/log_inprogress_0
2025-09-29 07:15:02,850 [s2@group-A15E5AB2FF57-StateMachineUpdater] TRACE util.FileUtils (LogUtils.java:runAndLog(49)) - Successfully ran Atomic Files.move /home/runner/work/ratis/ratis/ratis-test/target/test/data/6b14e155/MiniRaftClusterWithGrpc2fba9613/s2/9f5db1e5-be6a-4098-a00b-a15e5ab2ff57/current/raft-meta.conf.tmp to /home/runner/work/ratis/ratis/ratis-test/target/test/data/6b14e155/MiniRaftClusterWithGrpc2fba9613/s2/9f5db1e5-be6a-4098-a00b-a15e5ab2ff57/current/raft-meta.conf with options [REPLACE_EXISTING]
2025-09-29 07:15:02,850 [s2@group-A15E5AB2FF57-StateMachineUpdater] INFO  server.RaftServer$Division (LeaderStateImpl.java:checkStartIndex(309)) - Leader s2@group-A15E5AB2FF57-LeaderStateImpl is ready since appliedIndex == startIndex == 0
2025-09-29 07:15:02,851 [s0-server-thread1] DEBUG server.RaftServer$Division (RaftServerImpl.java:logAppendEntries(1536)) - s0@group-A15E5AB2FF57: appendEntries* reply s2<-s0#1:OK-t1,SUCCESS,nextIndex=1,followerCommit=-1,matchIndex=0
2025-09-29 07:15:02,925 [s1@group-A15E5AB2FF57-StateMachineUpdater] TRACE util.FileUtils (LogUtils.java:supplyAndLog(69)) - Successfully supplied FileChannel.open /home/runner/work/ratis/ratis/ratis-test/target/test/data/6b14e155/MiniRaftClusterWithGrpc2fba9613/s1/9f5db1e5-be6a-4098-a00b-a15e5ab2ff57/current/raft-meta.conf.tmp with options [CREATE, TRUNCATE_EXISTING, WRITE]: sun.nio.ch.FileChannelImpl@245db6d6
2025-09-29 07:15:02,926 [s1@group-A15E5AB2FF57-StateMachineUpdater] TRACE util.FileUtils (LogUtils.java:runAndLog(49)) - Successfully ran Atomic Files.move /home/runner/work/ratis/ratis/ratis-test/target/test/data/6b14e155/MiniRaftClusterWithGrpc2fba9613/s1/9f5db1e5-be6a-4098-a00b-a15e5ab2ff57/current/raft-meta.conf.tmp to /home/runner/work/ratis/ratis/ratis-test/target/test/data/6b14e155/MiniRaftClusterWithGrpc2fba9613/s1/9f5db1e5-be6a-4098-a00b-a15e5ab2ff57/current/raft-meta.conf with options [REPLACE_EXISTING]
2025-09-29 07:15:02,929 [s0@group-A15E5AB2FF57-StateMachineUpdater] TRACE util.FileUtils (LogUtils.java:supplyAndLog(69)) - Successfully supplied FileChannel.open /home/runner/work/ratis/ratis/ratis-test/target/test/data/6b14e155/MiniRaftClusterWithGrpc2fba9613/s0/9f5db1e5-be6a-4098-a00b-a15e5ab2ff57/current/raft-meta.conf.tmp with options [CREATE, TRUNCATE_EXISTING, WRITE]: sun.nio.ch.FileChannelImpl@14a8eb14
2025-09-29 07:15:02,930 [s0@group-A15E5AB2FF57-StateMachineUpdater] TRACE util.FileUtils (LogUtils.java:runAndLog(49)) - Successfully ran Atomic Files.move /home/runner/work/ratis/ratis/ratis-test/target/test/data/6b14e155/MiniRaftClusterWithGrpc2fba9613/s0/9f5db1e5-be6a-4098-a00b-a15e5ab2ff57/current/raft-meta.conf.tmp to /home/runner/work/ratis/ratis/ratis-test/target/test/data/6b14e155/MiniRaftClusterWithGrpc2fba9613/s0/9f5db1e5-be6a-4098-a00b-a15e5ab2ff57/current/raft-meta.conf with options [REPLACE_EXISTING]
2025-09-29 07:15:03,075 [main] INFO  ratis.RaftTestUtil (RaftTestUtil.java:waitForLeader(131)) - printing ALL groups
  s0:  RUNNING  FOLLOWER (RUNNING): s0@group-A15E5AB2FF57:t1, leader=s2, voted=s2, raftlog=Memoized:s0@group-A15E5AB2FF57-SegmentedRaftLog:OPENED:c0:last(t:1, i:0), conf=conf: {index: 0, cur=peers:[s0|localhost:15144, s1|localhost:15148, s2|localhost:15152]|listeners:[], old=null}
  s1:  RUNNING  FOLLOWER (RUNNING): s1@group-A15E5AB2FF57:t1, leader=s2, voted=s2, raftlog=Memoized:s1@group-A15E5AB2FF57-SegmentedRaftLog:OPENED:c0:last(t:1, i:0), conf=conf: {index: 0, cur=peers:[s0|localhost:15144, s1|localhost:15148, s2|localhost:15152]|listeners:[], old=null}
  s2:  RUNNING    LEADER (RUNNING): s2@group-A15E5AB2FF57:t1, leader=s2, voted=s2, raftlog=Memoized:s2@group-A15E5AB2FF57-SegmentedRaftLog:OPENED:c0:last(t:1, i:0), conf=conf: {index: 0, cur=peers:[s0|localhost:15144, s1|localhost:15148, s2|localhost:15152]|listeners:[], old=null}
2025-09-29 07:15:03,081 [s2-client-thread1] DEBUG server.RaftServer$Division (RaftServerImpl.java:submitClientRequestAsync(939)) - s2@group-A15E5AB2FF57: receive client request(RaftClientRequest:client-38856CBB3DAC->s2@group-A15E5AB2FF57, cid=158, seq=null, RW, Message:494e4352454d454e54)
2025-09-29 07:15:03,081 [s2-client-thread1] DEBUG server.RaftServer$Division (LeaderStateImpl.java:addPendingRequest(526)) - s2@group-A15E5AB2FF57-LeaderStateImpl: addPendingRequest at RaftClientRequest:client-38856CBB3DAC->s2@group-A15E5AB2FF57, cid=158, seq=null, RW, Message:494e4352454d454e54, entry=(t:1, i:1), STATEMACHINELOGENTRY, WRITE: logData.size=9, stateMachineData.size=0, logEntryProtoSerializedSize=0
2025-09-29 07:15:03,083 [grpc-default-executor-7] DEBUG server.RaftServer$Division (RaftServerImpl.java:logAppendEntries(1536)) - s0@group-A15E5AB2FF57: appendEntries* s2->s0#8-t1,previous=(t:1, i:0),leaderCommit=0,initializing? false,entries: size=1, first=(t:1, i:1), STATEMACHINELOGENTRY, StateMachineLogEntryProto:158@client-38856CBB3DAC
2025-09-29 07:15:03,084 [grpc-default-executor-7] DEBUG server.RaftServer$Division (RaftServerImpl.java:logAppendEntries(1536)) - s1@group-A15E5AB2FF57: appendEntries* s2->s1#6-t1,previous=(t:1, i:0),leaderCommit=0,initializing? false,entries: size=1, first=(t:1, i:1), STATEMACHINELOGENTRY, StateMachineLogEntryProto:158@client-38856CBB3DAC
2025-09-29 07:15:03,085 [s0-server-thread1] DEBUG server.RaftServer$Division (RaftServerImpl.java:logAppendEntries(1536)) - s0@group-A15E5AB2FF57: appendEntries* reply s2<-s0#8:OK-t1,SUCCESS,nextIndex=2,followerCommit=0,matchIndex=1
2025-09-29 07:15:03,085 [s1-server-thread2] DEBUG server.RaftServer$Division (RaftServerImpl.java:logAppendEntries(1536)) - s1@group-A15E5AB2FF57: appendEntries* reply s2<-s1#6:OK-t1,SUCCESS,nextIndex=2,followerCommit=0,matchIndex=1
2025-09-29 07:15:03,087 [s2@group-A15E5AB2FF57-StateMachineUpdater] INFO  statemachine.StateMachine (ReadOnlyRequestTests.java:applyTransaction(375)) - receive command: INCREMENT
2025-09-29 07:15:03,087 [grpc-default-executor-8] DEBUG server.RaftServer$Division (RaftServerImpl.java:logAppendEntries(1536)) - s0@group-A15E5AB2FF57: appendEntries* s2->s0#9-t1,previous=(t:1, i:1),leaderCommit=1,initializing? false,entries: size=1, first=(t:1, i:2), METADATAENTRY(c:1)
2025-09-29 07:15:03,087 [grpc-default-executor-7] DEBUG server.RaftServer$Division (RaftServerImpl.java:logAppendEntries(1536)) - s1@group-A15E5AB2FF57: appendEntries* s2->s1#7-t1,previous=(t:1, i:1),leaderCommit=1,initializing? false,entries: size=1, first=(t:1, i:2), METADATAENTRY(c:1)
2025-09-29 07:15:03,089 [s0-server-thread1] DEBUG server.RaftServer$Division (RaftServerImpl.java:logAppendEntries(1536)) - s0@group-A15E5AB2FF57: appendEntries* reply s2<-s0#9:OK-t1,SUCCESS,nextIndex=3,followerCommit=1,matchIndex=2
2025-09-29 07:15:03,090 [s0@group-A15E5AB2FF57-StateMachineUpdater] INFO  statemachine.StateMachine (ReadOnlyRequestTests.java:applyTransaction(375)) - receive command: INCREMENT
2025-09-29 07:15:03,090 [s1-server-thread2] DEBUG server.RaftServer$Division (RaftServerImpl.java:logAppendEntries(1536)) - s1@group-A15E5AB2FF57: appendEntries* reply s2<-s1#7:OK-t1,SUCCESS,nextIndex=3,followerCommit=1,matchIndex=2
2025-09-29 07:15:03,090 [s1@group-A15E5AB2FF57-StateMachineUpdater] INFO  statemachine.StateMachine (ReadOnlyRequestTests.java:applyTransaction(375)) - receive command: INCREMENT
2025-09-29 07:15:03,091 [s2-client-thread1] DEBUG server.RaftServer$Division (RaftServerImpl.java:submitClientRequestAsync(939)) - s2@group-A15E5AB2FF57: receive client request(RaftClientRequest:client-38856CBB3DAC->s2@group-A15E5AB2FF57, cid=159, seq=null, RO, Message:5155455259)
2025-09-29 07:15:03,091 [s2-client-thread1] DEBUG server.RaftServer$Division (LeaderStateImpl.java:getReadIndex(1147)) - readIndex=1, readAfterWriteConsistentIndex=null
2025-09-29 07:15:03,104 [s2-server-thread1] INFO  server.RaftServer$Division (RaftServerImpl.java:stepDownLeaderAsync(1305)) - s2@group-A15E5AB2FF57 receive stepDown leader request TransferLeadershipRequest:client-38856CBB3DAC->s2@group-A15E5AB2FF57, cid=160, seq=null, RO, null
2025-09-29 07:15:03,104 [s2@group-A15E5AB2FF57-LeaderStateImpl] INFO  server.RaftServer$Division (RaftServerImpl.java:setRole(392)) - s2@group-A15E5AB2FF57: changes role from    LEADER to FOLLOWER at term 1 for StepDownReason:FORCE
2025-09-29 07:15:03,104 [s2@group-A15E5AB2FF57-LeaderStateImpl] INFO  impl.RoleInfo (RoleInfo.java:shutdownLeaderState(103)) - s2: shutdown s2@group-A15E5AB2FF57-LeaderStateImpl
2025-09-29 07:15:03,105 [s2@group-A15E5AB2FF57->s0-GrpcLogAppender-LogAppenderDaemon] WARN  server.GrpcLogAppender (GrpcLogAppender.java:mayWait(300)) - s2@group-A15E5AB2FF57->s0-GrpcLogAppender: Wait interrupted by java.lang.InterruptedException
2025-09-29 07:15:03,105 [s2@group-A15E5AB2FF57-LeaderStateImpl] INFO  impl.PendingRequests (PendingRequests.java:sendNotLeaderResponses(281)) - s2@group-A15E5AB2FF57-PendingRequests: sendNotLeaderResponses
2025-09-29 07:15:03,105 [s2@group-A15E5AB2FF57->s1-GrpcLogAppender-LogAppenderDaemon] WARN  server.GrpcLogAppender (GrpcLogAppender.java:mayWait(300)) - s2@group-A15E5AB2FF57->s1-GrpcLogAppender: Wait interrupted by java.lang.InterruptedException
2025-09-29 07:15:03,106 [grpc-default-executor-8] INFO  server.GrpcServerProtocolService (GrpcServerProtocolService.java:lambda$onCompleted$6(174)) - s1: Completed APPEND_ENTRIES, lastRequest: s2->s1#7-t1,previous=(t:1, i:1),leaderCommit=1,initializing? false,entries: size=1, first=(t:1, i:2), METADATAENTRY(c:1) 
2025-09-29 07:15:03,106 [grpc-default-executor-6] INFO  server.GrpcLogAppender (GrpcLogAppender.java:onCompleted(558)) - s2@group-A15E5AB2FF57->s0-AppendLogResponseHandler: follower responses appendEntries COMPLETED
2025-09-29 07:15:03,108 [grpc-default-executor-8] INFO  server.GrpcLogAppender (GrpcLogAppender.java:onCompleted(558)) - s2@group-A15E5AB2FF57->s0-AppendLogResponseHandler: follower responses appendEntries COMPLETED
2025-09-29 07:15:03,108 [s2@group-A15E5AB2FF57-LeaderStateImpl] INFO  server.RaftServer$Division (ServerState.java:setLeader(277)) - s2@group-A15E5AB2FF57: change Leader from s2 to null at term 1 for StepDownReason:FORCE
2025-09-29 07:15:03,108 [s2@group-A15E5AB2FF57-LeaderStateImpl] INFO  impl.RoleInfo (RoleInfo.java:updateAndGet(148)) - s2: start s2@group-A15E5AB2FF57-FollowerState
2025-09-29 07:15:03,111 [grpc-default-executor-8] INFO  server.GrpcLogAppender (GrpcLogAppender.java:onCompleted(558)) - s2@group-A15E5AB2FF57->s1-AppendLogResponseHandler: follower responses appendEntries COMPLETED
2025-09-29 07:15:03,111 [s2@group-A15E5AB2FF57-LeaderStateImpl] INFO  impl.PendingStepDown (PendingStepDown.java:complete(55)) - Successfully step down leader at s2@group-A15E5AB2FF57-LeaderStateImpl for request TransferLeadershipRequest:client-38856CBB3DAC->s2@group-A15E5AB2FF57, cid=160, seq=null, RO, null
2025-09-29 07:15:03,112 [grpc-default-executor-4] INFO  server.GrpcLogAppender (GrpcLogAppender.java:onCompleted(558)) - s2@group-A15E5AB2FF57->s1-AppendLogResponseHandler: follower responses appendEntries COMPLETED
2025-09-29 07:15:03,114 [s2-client-thread1] DEBUG server.RaftServer$Division (RaftServerImpl.java:submitClientRequestAsync(939)) - s2@group-A15E5AB2FF57: receive client request(RaftClientRequest:client-38856CBB3DAC->s2@group-A15E5AB2FF57, cid=161, seq=null, RO, Message:5155455259)
2025-09-29 07:15:03,115 [null-request--thread1] INFO  server.GrpcClientProtocolService (GrpcClientProtocolService.java:lambda$processClientRequest$0(284)) - Failed RaftClientRequest:client-38856CBB3DAC->s2@group-A15E5AB2FF57, cid=161, seq=null, RO, Message:5155455259, reply=RaftClientReply:client-38856CBB3DAC->s2@group-A15E5AB2FF57, cid=161, FAILED org.apache.ratis.protocol.exceptions.ReadIndexException: s2@group-A15E5AB2FF57: Leader is unknown., logIndex=0, commits[s2:c2, s0:c1, s1:c1]
2025-09-29 07:15:03,333 [s1@group-A15E5AB2FF57-FollowerState] INFO  impl.FollowerState (FollowerState.java:runImpl(161)) - s1@group-A15E5AB2FF57-FollowerState: change to CANDIDATE, lastRpcElapsedTime:242572357ns, electionTimeout:236ms
2025-09-29 07:15:03,333 [s1@group-A15E5AB2FF57-FollowerState] INFO  impl.RoleInfo (RoleInfo.java:shutdownFollowerState(121)) - s1: shutdown s1@group-A15E5AB2FF57-FollowerState
2025-09-29 07:15:03,333 [s1@group-A15E5AB2FF57-FollowerState] INFO  server.RaftServer$Division (RaftServerImpl.java:setRole(392)) - s1@group-A15E5AB2FF57: changes role from  FOLLOWER to CANDIDATE at term 1 for changeToCandidate
2025-09-29 07:15:03,333 [s1@group-A15E5AB2FF57-FollowerState] INFO  impl.RoleInfo (RoleInfo.java:updateAndGet(148)) - s1: start s1@group-A15E5AB2FF57-LeaderElection27
2025-09-29 07:15:03,333 [s1@group-A15E5AB2FF57-LeaderElection27] INFO  server.RaftServer$Division (ServerState.java:setLeader(277)) - s1@group-A15E5AB2FF57: change Leader from s2 to null at term 1 for PRE_VOTE
2025-09-29 07:15:03,334 [s1@group-A15E5AB2FF57-LeaderElection27] INFO  impl.LeaderElection (LeaderElection.java:askForVotes(448)) - s1@group-A15E5AB2FF57-LeaderElection27 PRE_VOTE round 0: submit vote requests at term 1 for conf: {index: 0, cur=peers:[s0|localhost:15144, s1|localhost:15148, s2|localhost:15152]|listeners:[], old=null}
2025-09-29 07:15:03,334 [s1@group-A15E5AB2FF57-LeaderElection27-1] INFO  server.GrpcServerProtocolClient (GrpcServerProtocolClient.java:<init>(64)) - Build channel for s0|localhost:15144
2025-09-29 07:15:03,334 [s1@group-A15E5AB2FF57-LeaderElection27-2] INFO  server.GrpcServerProtocolClient (GrpcServerProtocolClient.java:<init>(64)) - Build channel for s2|localhost:15152
2025-09-29 07:15:03,348 [grpc-default-executor-5] INFO  server.RaftServer$Division (RaftServerImpl.java:requestVote(1433)) - s2@group-A15E5AB2FF57: receive requestVote(PRE_VOTE, s1, group-A15E5AB2FF57, 1, (t:1, i:2))
2025-09-29 07:15:03,349 [grpc-default-executor-5] INFO  impl.VoteContext (VoteContext.java:log(49)) - s2@group-A15E5AB2FF57-FOLLOWER: accept PRE_VOTE from s1: our priority 0 <= candidate's priority 0
2025-09-29 07:15:03,349 [grpc-default-executor-5] INFO  server.RaftServer$Division (RaftServerImpl.java:requestVote(1467)) - s2@group-A15E5AB2FF57 replies to PRE_VOTE vote request: s1<-s2#0:OK-t1-last:(t:1, i:2). Peer's state: s2@group-A15E5AB2FF57:t1, leader=null, voted=s2, raftlog=Memoized:s2@group-A15E5AB2FF57-SegmentedRaftLog:OPENED:c2:last(t:1, i:2), conf=conf: {index: 0, cur=peers:[s0|localhost:15144, s1|localhost:15148, s2|localhost:15152]|listeners:[], old=null}
2025-09-29 07:15:03,348 [grpc-default-executor-9] INFO  server.RaftServer$Division (RaftServerImpl.java:requestVote(1433)) - s0@group-A15E5AB2FF57: receive requestVote(PRE_VOTE, s1, group-A15E5AB2FF57, 1, (t:1, i:2))
2025-09-29 07:15:03,350 [grpc-default-executor-9] INFO  impl.VoteContext (VoteContext.java:log(49)) - s0@group-A15E5AB2FF57-FOLLOWER: accept PRE_VOTE from s1: our priority 0 <= candidate's priority 0
2025-09-29 07:15:03,350 [grpc-default-executor-9] INFO  server.RaftServer$Division (RaftServerImpl.java:requestVote(1467)) - s0@group-A15E5AB2FF57 replies to PRE_VOTE vote request: s1<-s0#0:OK-t1-last:(t:1, i:2). Peer's state: s0@group-A15E5AB2FF57:t1, leader=s2, voted=s2, raftlog=Memoized:s0@group-A15E5AB2FF57-SegmentedRaftLog:OPENED:c1:last(t:1, i:2), conf=conf: {index: 0, cur=peers:[s0|localhost:15144, s1|localhost:15148, s2|localhost:15152]|listeners:[], old=null}
2025-09-29 07:15:03,352 [s1@group-A15E5AB2FF57-LeaderElection27] INFO  impl.LeaderElection (LeaderElection.java:logAndReturn(206)) - s1@group-A15E5AB2FF57-LeaderElection27: PRE_VOTE PASSED received 1 response(s) and 0 exception(s):
2025-09-29 07:15:03,352 [s1@group-A15E5AB2FF57-LeaderElection27] INFO  impl.LeaderElection (LeaderElection.java:logAndReturn(210)) -   Response 0: s1<-s0#0:OK-t1-last:(t:1, i:2)
2025-09-29 07:15:03,353 [s1@group-A15E5AB2FF57-LeaderElection27] INFO  impl.LeaderElection (LeaderElection.java:askForVotes(450)) - s1@group-A15E5AB2FF57-LeaderElection27 PRE_VOTE round 0: result PASSED
2025-09-29 07:15:03,353 [s1@group-A15E5AB2FF57-LeaderElection27] TRACE util.FileUtils (LogUtils.java:supplyAndLog(69)) - Successfully supplied FileChannel.open /home/runner/work/ratis/ratis/ratis-test/target/test/data/6b14e155/MiniRaftClusterWithGrpc2fba9613/s1/9f5db1e5-be6a-4098-a00b-a15e5ab2ff57/current/raft-meta.tmp with options [CREATE, TRUNCATE_EXISTING, WRITE]: sun.nio.ch.FileChannelImpl@23e21871
2025-09-29 07:15:03,355 [s1@group-A15E5AB2FF57-LeaderElection27] TRACE util.FileUtils (LogUtils.java:runAndLog(49)) - Successfully ran Atomic Files.move /home/runner/work/ratis/ratis/ratis-test/target/test/data/6b14e155/MiniRaftClusterWithGrpc2fba9613/s1/9f5db1e5-be6a-4098-a00b-a15e5ab2ff57/current/raft-meta.tmp to /home/runner/work/ratis/ratis/ratis-test/target/test/data/6b14e155/MiniRaftClusterWithGrpc2fba9613/s1/9f5db1e5-be6a-4098-a00b-a15e5ab2ff57/current/raft-meta with options [REPLACE_EXISTING]
2025-09-29 07:15:03,355 [s1@group-A15E5AB2FF57-LeaderElection27] INFO  impl.LeaderElection (LeaderElection.java:askForVotes(448)) - s1@group-A15E5AB2FF57-LeaderElection27 ELECTION round 0: submit vote requests at term 2 for conf: {index: 0, cur=peers:[s0|localhost:15144, s1|localhost:15148, s2|localhost:15152]|listeners:[], old=null}
2025-09-29 07:15:03,357 [grpc-default-executor-5] INFO  server.RaftServer$Division (RaftServerImpl.java:requestVote(1433)) - s2@group-A15E5AB2FF57: receive requestVote(ELECTION, s1, group-A15E5AB2FF57, 2, (t:1, i:2))
2025-09-29 07:15:03,357 [grpc-default-executor-5] INFO  impl.VoteContext (VoteContext.java:log(49)) - s2@group-A15E5AB2FF57-FOLLOWER: accept ELECTION from s1: our priority 0 <= candidate's priority 0
2025-09-29 07:15:03,358 [grpc-default-executor-5] INFO  server.RaftServer$Division (RaftServerImpl.java:setRole(392)) - s2@group-A15E5AB2FF57: changes role from  FOLLOWER to FOLLOWER at term 1 for candidate:s1
2025-09-29 07:15:03,358 [grpc-default-executor-5] INFO  impl.RoleInfo (RoleInfo.java:shutdownFollowerState(121)) - s2: shutdown s2@group-A15E5AB2FF57-FollowerState
2025-09-29 07:15:03,358 [grpc-default-executor-5] INFO  impl.RoleInfo (RoleInfo.java:updateAndGet(148)) - s2: start s2@group-A15E5AB2FF57-FollowerState
2025-09-29 07:15:03,357 [grpc-default-executor-9] INFO  server.RaftServer$Division (RaftServerImpl.java:requestVote(1433)) - s0@group-A15E5AB2FF57: receive requestVote(ELECTION, s1, group-A15E5AB2FF57, 2, (t:1, i:2))
2025-09-29 07:15:03,358 [grpc-default-executor-9] INFO  impl.VoteContext (VoteContext.java:log(49)) - s0@group-A15E5AB2FF57-FOLLOWER: accept ELECTION from s1: our priority 0 <= candidate's priority 0
2025-09-29 07:15:03,358 [grpc-default-executor-9] INFO  server.RaftServer$Division (RaftServerImpl.java:setRole(392)) - s0@group-A15E5AB2FF57: changes role from  FOLLOWER to FOLLOWER at term 1 for candidate:s1
2025-09-29 07:15:03,358 [grpc-default-executor-9] INFO  impl.RoleInfo (RoleInfo.java:shutdownFollowerState(121)) - s0: shutdown s0@group-A15E5AB2FF57-FollowerState
2025-09-29 07:15:03,358 [grpc-default-executor-9] INFO  server.RaftServer$Division (ServerState.java:setLeader(277)) - s0@group-A15E5AB2FF57: change Leader from s2 to null at term 2 for updateCurrentTerm
2025-09-29 07:15:03,359 [s0@group-A15E5AB2FF57-FollowerState] INFO  impl.FollowerState (FollowerState.java:runImpl(170)) - s0@group-A15E5AB2FF57-FollowerState was interrupted
2025-09-29 07:15:03,359 [grpc-default-executor-9] INFO  impl.RoleInfo (RoleInfo.java:updateAndGet(148)) - s0: start s0@group-A15E5AB2FF57-FollowerState
2025-09-29 07:15:03,359 [s2@group-A15E5AB2FF57-FollowerState] INFO  impl.FollowerState (FollowerState.java:runImpl(170)) - s2@group-A15E5AB2FF57-FollowerState was interrupted
2025-09-29 07:15:03,359 [grpc-default-executor-5] TRACE util.FileUtils (LogUtils.java:supplyAndLog(69)) - Successfully supplied FileChannel.open /home/runner/work/ratis/ratis/ratis-test/target/test/data/6b14e155/MiniRaftClusterWithGrpc2fba9613/s2/9f5db1e5-be6a-4098-a00b-a15e5ab2ff57/current/raft-meta.tmp with options [CREATE, TRUNCATE_EXISTING, WRITE]: sun.nio.ch.FileChannelImpl@6607166c
2025-09-29 07:15:03,360 [grpc-default-executor-9] TRACE util.FileUtils (LogUtils.java:supplyAndLog(69)) - Successfully supplied FileChannel.open /home/runner/work/ratis/ratis/ratis-test/target/test/data/6b14e155/MiniRaftClusterWithGrpc2fba9613/s0/9f5db1e5-be6a-4098-a00b-a15e5ab2ff57/current/raft-meta.tmp with options [CREATE, TRUNCATE_EXISTING, WRITE]: sun.nio.ch.FileChannelImpl@2e690717
2025-09-29 07:15:03,363 [grpc-default-executor-5] TRACE util.FileUtils (LogUtils.java:runAndLog(49)) - Successfully ran Atomic Files.move /home/runner/work/ratis/ratis/ratis-test/target/test/data/6b14e155/MiniRaftClusterWithGrpc2fba9613/s2/9f5db1e5-be6a-4098-a00b-a15e5ab2ff57/current/raft-meta.tmp to /home/runner/work/ratis/ratis/ratis-test/target/test/data/6b14e155/MiniRaftClusterWithGrpc2fba9613/s2/9f5db1e5-be6a-4098-a00b-a15e5ab2ff57/current/raft-meta with options [REPLACE_EXISTING]
2025-09-29 07:15:03,363 [grpc-default-executor-5] INFO  server.RaftServer$Division (RaftServerImpl.java:requestVote(1467)) - s2@group-A15E5AB2FF57 replies to ELECTION vote request: s1<-s2#0:OK-t2-last:(t:1, i:2). Peer's state: s2@group-A15E5AB2FF57:t2, leader=null, voted=s1, raftlog=Memoized:s2@group-A15E5AB2FF57-SegmentedRaftLog:OPENED:c2:last(t:1, i:2), conf=conf: {index: 0, cur=peers:[s0|localhost:15144, s1|localhost:15148, s2|localhost:15152]|listeners:[], old=null}
2025-09-29 07:15:03,363 [grpc-default-executor-9] TRACE util.FileUtils (LogUtils.java:runAndLog(49)) - Successfully ran Atomic Files.move /home/runner/work/ratis/ratis/ratis-test/target/test/data/6b14e155/MiniRaftClusterWithGrpc2fba9613/s0/9f5db1e5-be6a-4098-a00b-a15e5ab2ff57/current/raft-meta.tmp to /home/runner/work/ratis/ratis/ratis-test/target/test/data/6b14e155/MiniRaftClusterWithGrpc2fba9613/s0/9f5db1e5-be6a-4098-a00b-a15e5ab2ff57/current/raft-meta with options [REPLACE_EXISTING]
2025-09-29 07:15:03,364 [grpc-default-executor-9] INFO  server.RaftServer$Division (RaftServerImpl.java:requestVote(1467)) - s0@group-A15E5AB2FF57 replies to ELECTION vote request: s1<-s0#0:OK-t2-last:(t:1, i:2). Peer's state: s0@group-A15E5AB2FF57:t2, leader=null, voted=s1, raftlog=Memoized:s0@group-A15E5AB2FF57-SegmentedRaftLog:OPENED:c1:last(t:1, i:2), conf=conf: {index: 0, cur=peers:[s0|localhost:15144, s1|localhost:15148, s2|localhost:15152]|listeners:[], old=null}
2025-09-29 07:15:03,365 [s1@group-A15E5AB2FF57-LeaderElection27] INFO  impl.LeaderElection (LeaderElection.java:logAndReturn(206)) - s1@group-A15E5AB2FF57-LeaderElection27: ELECTION PASSED received 1 response(s) and 0 exception(s):
2025-09-29 07:15:03,365 [s1@group-A15E5AB2FF57-LeaderElection27] INFO  impl.LeaderElection (LeaderElection.java:logAndReturn(210)) -   Response 0: s1<-s2#0:OK-t2-last:(t:1, i:2)
2025-09-29 07:15:03,365 [s1@group-A15E5AB2FF57-LeaderElection27] INFO  impl.LeaderElection (LeaderElection.java:askForVotes(450)) - s1@group-A15E5AB2FF57-LeaderElection27 ELECTION round 0: result PASSED
2025-09-29 07:15:03,366 [s1@group-A15E5AB2FF57-LeaderElection27] INFO  impl.RoleInfo (RoleInfo.java:shutdownLeaderElection(141)) - s1: shutdown s1@group-A15E5AB2FF57-LeaderElection27
2025-09-29 07:15:03,366 [s1@group-A15E5AB2FF57-LeaderElection27] INFO  server.RaftServer$Division (RaftServerImpl.java:setRole(392)) - s1@group-A15E5AB2FF57: changes role from CANDIDATE to LEADER at term 2 for changeToLeader
2025-09-29 07:15:03,366 [s1@group-A15E5AB2FF57-LeaderElection27] INFO  server.RaftServerConfigKeys (ConfUtils.java:logFallback(69)) - raft.server.staging.timeout = 900ms (fallback to raft.server.rpc.timeout.max)
2025-09-29 07:15:03,367 [s1@group-A15E5AB2FF57-LeaderElection27] INFO  impl.RoleInfo (RoleInfo.java:updateAndGet(148)) - s1: start s1@group-A15E5AB2FF57-LeaderStateImpl
2025-09-29 07:15:03,367 [s1@group-A15E5AB2FF57-LeaderElection27] INFO  server.RaftServer$Division (ServerState.java:setLeader(277)) - s1@group-A15E5AB2FF57: change Leader from null to s1 at term 2 for becomeLeader, leader elected after 33ms
2025-09-29 07:15:03,368 [s1@group-A15E5AB2FF57-LeaderElection27] INFO  segmented.SegmentedRaftLogWorker (SegmentedRaftLogWorker.java:rollLogSegment(445)) - s1@group-A15E5AB2FF57-SegmentedRaftLogWorker: Rolling segment log-0_2 to index:2
2025-09-29 07:15:03,368 [s1@group-A15E5AB2FF57-LeaderElection27] INFO  server.RaftServer$Division (ServerState.java:setRaftConf(391)) - s1@group-A15E5AB2FF57: set configuration conf: {index: 3, cur=peers:[s0|localhost:15144, s1|localhost:15148, s2|localhost:15152]|listeners:[], old=null}
2025-09-29 07:15:03,369 [s1@group-A15E5AB2FF57-SegmentedRaftLogWorker] TRACE util.FileUtils (LogUtils.java:runAndLog(49)) - Successfully ran Atomic Files.move /home/runner/work/ratis/ratis/ratis-test/target/test/data/6b14e155/MiniRaftClusterWithGrpc2fba9613/s1/9f5db1e5-be6a-4098-a00b-a15e5ab2ff57/current/log_inprogress_0 to /home/runner/work/ratis/ratis/ratis-test/target/test/data/6b14e155/MiniRaftClusterWithGrpc2fba9613/s1/9f5db1e5-be6a-4098-a00b-a15e5ab2ff57/current/log_0-2
2025-09-29 07:15:03,370 [s1@group-A15E5AB2FF57-SegmentedRaftLogWorker] INFO  segmented.SegmentedRaftLogWorker (SegmentedRaftLogWorker.java:execute(604)) - s1@group-A15E5AB2FF57-SegmentedRaftLogWorker: Rolled log segment from /home/runner/work/ratis/ratis/ratis-test/target/test/data/6b14e155/MiniRaftClusterWithGrpc2fba9613/s1/9f5db1e5-be6a-4098-a00b-a15e5ab2ff57/current/log_inprogress_0 to /home/runner/work/ratis/ratis/ratis-test/target/test/data/6b14e155/MiniRaftClusterWithGrpc2fba9613/s1/9f5db1e5-be6a-4098-a00b-a15e5ab2ff57/current/log_0-2
2025-09-29 07:15:03,370 [s1@group-A15E5AB2FF57-SegmentedRaftLogWorker] INFO  segmented.BufferedWriteChannel (BufferedWriteChannel.java:open(61)) - open log_inprogress_3 at position 0
2025-09-29 07:15:03,374 [grpc-default-executor-5] INFO  server.RaftServer$Division (ServerState.java:setLeader(277)) - s2@group-A15E5AB2FF57: change Leader from null to s1 at term 2 for appendEntries, leader elected after 265ms
2025-09-29 07:15:03,378 [grpc-default-executor-3] DEBUG server.RaftServer$Division (RaftServerImpl.java:logAppendEntries(1536)) - s2@group-A15E5AB2FF57: appendEntries* s1->s2#1-t2,previous=(t:1, i:2),leaderCommit=1,initializing? false,entries: size=1, first=(t:2, i:3), CONFIGURATIONENTRY(current:id:"s0"address:"localhost:15144"dataStreamAddress:"localhost:15147"clientAddress:"localhost:15146"adminAddress:"localhost:15145"startupRole:FOLLOWER, id:"s1"address:"localhost:15148"dataStreamAddress:"localhost:15151"clientAddress:"localhost:15150"adminAddress:"localhost:15149"startupRole:FOLLOWER, id:"s2"address:"localhost:15152"dataStreamAddress:"localhost:15155"clientAddress:"localhost:15154"adminAddress:"localhost:15153"startupRole:FOLLOWER, old:)
2025-09-29 07:15:03,379 [s1@group-A15E5AB2FF57-SegmentedRaftLogWorker] INFO  segmented.SegmentedRaftLogWorker (SegmentedRaftLogWorker.java:execute(647)) - s1@group-A15E5AB2FF57-SegmentedRaftLogWorker: created new log segment /home/runner/work/ratis/ratis/ratis-test/target/test/data/6b14e155/MiniRaftClusterWithGrpc2fba9613/s1/9f5db1e5-be6a-4098-a00b-a15e5ab2ff57/current/log_inprogress_3
2025-09-29 07:15:03,379 [grpc-default-executor-3] INFO  server.RaftServer$Division (ServerState.java:setRaftConf(391)) - s2@group-A15E5AB2FF57: set configuration conf: {index: 3, cur=peers:[s0|localhost:15144, s1|localhost:15148, s2|localhost:15152]|listeners:[], old=null}
2025-09-29 07:15:03,380 [s2-server-thread1] INFO  segmented.SegmentedRaftLogWorker (SegmentedRaftLogWorker.java:rollLogSegment(445)) - s2@group-A15E5AB2FF57-SegmentedRaftLogWorker: Rolling segment log-0_2 to index:2
2025-09-29 07:15:03,382 [s2@group-A15E5AB2FF57-SegmentedRaftLogWorker] TRACE util.FileUtils (LogUtils.java:runAndLog(49)) - Successfully ran Atomic Files.move /home/runner/work/ratis/ratis/ratis-test/target/test/data/6b14e155/MiniRaftClusterWithGrpc2fba9613/s2/9f5db1e5-be6a-4098-a00b-a15e5ab2ff57/current/log_inprogress_0 to /home/runner/work/ratis/ratis/ratis-test/target/test/data/6b14e155/MiniRaftClusterWithGrpc2fba9613/s2/9f5db1e5-be6a-4098-a00b-a15e5ab2ff57/current/log_0-2
2025-09-29 07:15:03,382 [s2@group-A15E5AB2FF57-SegmentedRaftLogWorker] INFO  segmented.SegmentedRaftLogWorker (SegmentedRaftLogWorker.java:execute(604)) - s2@group-A15E5AB2FF57-SegmentedRaftLogWorker: Rolled log segment from /home/runner/work/ratis/ratis/ratis-test/target/test/data/6b14e155/MiniRaftClusterWithGrpc2fba9613/s2/9f5db1e5-be6a-4098-a00b-a15e5ab2ff57/current/log_inprogress_0 to /home/runner/work/ratis/ratis/ratis-test/target/test/data/6b14e155/MiniRaftClusterWithGrpc2fba9613/s2/9f5db1e5-be6a-4098-a00b-a15e5ab2ff57/current/log_0-2
2025-09-29 07:15:03,382 [s2@group-A15E5AB2FF57-SegmentedRaftLogWorker] INFO  segmented.BufferedWriteChannel (BufferedWriteChannel.java:open(61)) - open log_inprogress_3 at position 0
2025-09-29 07:15:03,383 [grpc-default-executor-5] DEBUG server.RaftServer$Division (RaftServerImpl.java:logAppendEntries(1536)) - s0@group-A15E5AB2FF57: appendEntries* s1->s0#1-t2,previous=(t:1, i:2),leaderCommit=1,initializing? false,entries: size=1, first=(t:2, i:3), CONFIGURATIONENTRY(current:id:"s0"address:"localhost:15144"dataStreamAddress:"localhost:15147"clientAddress:"localhost:15146"adminAddress:"localhost:15145"startupRole:FOLLOWER, id:"s1"address:"localhost:15148"dataStreamAddress:"localhost:15151"clientAddress:"localhost:15150"adminAddress:"localhost:15149"startupRole:FOLLOWER, id:"s2"address:"localhost:15152"dataStreamAddress:"localhost:15155"clientAddress:"localhost:15154"adminAddress:"localhost:15153"startupRole:FOLLOWER, old:)
2025-09-29 07:15:03,383 [grpc-default-executor-5] INFO  server.RaftServer$Division (ServerState.java:setLeader(277)) - s0@group-A15E5AB2FF57: change Leader from null to s1 at term 2 for appendEntries, leader elected after 24ms
2025-09-29 07:15:03,384 [grpc-default-executor-5] INFO  server.RaftServer$Division (ServerState.java:setRaftConf(391)) - s0@group-A15E5AB2FF57: set configuration conf: {index: 3, cur=peers:[s0|localhost:15144, s1|localhost:15148, s2|localhost:15152]|listeners:[], old=null}
2025-09-29 07:15:03,384 [s0-server-thread1] INFO  segmented.SegmentedRaftLogWorker (SegmentedRaftLogWorker.java:rollLogSegment(445)) - s0@group-A15E5AB2FF57-SegmentedRaftLogWorker: Rolling segment log-0_2 to index:2
2025-09-29 07:15:03,387 [s0@group-A15E5AB2FF57-SegmentedRaftLogWorker] TRACE util.FileUtils (LogUtils.java:runAndLog(49)) - Successfully ran Atomic Files.move /home/runner/work/ratis/ratis/ratis-test/target/test/data/6b14e155/MiniRaftClusterWithGrpc2fba9613/s0/9f5db1e5-be6a-4098-a00b-a15e5ab2ff57/current/log_inprogress_0 to /home/runner/work/ratis/ratis/ratis-test/target/test/data/6b14e155/MiniRaftClusterWithGrpc2fba9613/s0/9f5db1e5-be6a-4098-a00b-a15e5ab2ff57/current/log_0-2
2025-09-29 07:15:03,388 [s0@group-A15E5AB2FF57-SegmentedRaftLogWorker] INFO  segmented.SegmentedRaftLogWorker (SegmentedRaftLogWorker.java:execute(604)) - s0@group-A15E5AB2FF57-SegmentedRaftLogWorker: Rolled log segment from /home/runner/work/ratis/ratis/ratis-test/target/test/data/6b14e155/MiniRaftClusterWithGrpc2fba9613/s0/9f5db1e5-be6a-4098-a00b-a15e5ab2ff57/current/log_inprogress_0 to /home/runner/work/ratis/ratis/ratis-test/target/test/data/6b14e155/MiniRaftClusterWithGrpc2fba9613/s0/9f5db1e5-be6a-4098-a00b-a15e5ab2ff57/current/log_0-2
2025-09-29 07:15:03,389 [s0@group-A15E5AB2FF57-SegmentedRaftLogWorker] INFO  segmented.BufferedWriteChannel (BufferedWriteChannel.java:open(61)) - open log_inprogress_3 at position 0
2025-09-29 07:15:03,389 [s2@group-A15E5AB2FF57-SegmentedRaftLogWorker] INFO  segmented.SegmentedRaftLogWorker (SegmentedRaftLogWorker.java:execute(647)) - s2@group-A15E5AB2FF57-SegmentedRaftLogWorker: created new log segment /home/runner/work/ratis/ratis/ratis-test/target/test/data/6b14e155/MiniRaftClusterWithGrpc2fba9613/s2/9f5db1e5-be6a-4098-a00b-a15e5ab2ff57/current/log_inprogress_3
2025-09-29 07:15:03,390 [s2-server-thread1] DEBUG server.RaftServer$Division (RaftServerImpl.java:logAppendEntries(1536)) - s2@group-A15E5AB2FF57: appendEntries* reply s1<-s2#1:OK-t2,SUCCESS,nextIndex=4,followerCommit=2,matchIndex=3
2025-09-29 07:15:03,392 [s1@group-A15E5AB2FF57-StateMachineUpdater] TRACE util.FileUtils (LogUtils.java:supplyAndLog(69)) - Successfully supplied FileChannel.open /home/runner/work/ratis/ratis/ratis-test/target/test/data/6b14e155/MiniRaftClusterWithGrpc2fba9613/s1/9f5db1e5-be6a-4098-a00b-a15e5ab2ff57/current/raft-meta.conf.tmp with options [CREATE, TRUNCATE_EXISTING, WRITE]: sun.nio.ch.FileChannelImpl@2a9a5c2d
2025-09-29 07:15:03,393 [grpc-default-executor-5] DEBUG server.RaftServer$Division (RaftServerImpl.java:logAppendEntries(1536)) - s0@group-A15E5AB2FF57: appendEntries* s1->s0#2-t2,previous=(t:2, i:3),leaderCommit=3,initializing? false,entries: size=1, first=(t:2, i:4), METADATAENTRY(c:3)
2025-09-29 07:15:03,394 [grpc-default-executor-5] DEBUG server.RaftServer$Division (RaftServerImpl.java:logAppendEntries(1536)) - s2@group-A15E5AB2FF57: appendEntries* s1->s2#2-t2,previous=(t:2, i:3),leaderCommit=3,initializing? false,entries: size=1, first=(t:2, i:4), METADATAENTRY(c:3)
2025-09-29 07:15:03,395 [s1@group-A15E5AB2FF57-StateMachineUpdater] TRACE util.FileUtils (LogUtils.java:runAndLog(49)) - Successfully ran Atomic Files.move /home/runner/work/ratis/ratis/ratis-test/target/test/data/6b14e155/MiniRaftClusterWithGrpc2fba9613/s1/9f5db1e5-be6a-4098-a00b-a15e5ab2ff57/current/raft-meta.conf.tmp to /home/runner/work/ratis/ratis/ratis-test/target/test/data/6b14e155/MiniRaftClusterWithGrpc2fba9613/s1/9f5db1e5-be6a-4098-a00b-a15e5ab2ff57/current/raft-meta.conf with options [REPLACE_EXISTING]
2025-09-29 07:15:03,395 [s2@group-A15E5AB2FF57-StateMachineUpdater] TRACE util.FileUtils (LogUtils.java:supplyAndLog(69)) - Successfully supplied FileChannel.open /home/runner/work/ratis/ratis/ratis-test/target/test/data/6b14e155/MiniRaftClusterWithGrpc2fba9613/s2/9f5db1e5-be6a-4098-a00b-a15e5ab2ff57/current/raft-meta.conf.tmp with options [CREATE, TRUNCATE_EXISTING, WRITE]: sun.nio.ch.FileChannelImpl@5eca8068
2025-09-29 07:15:03,396 [s0@group-A15E5AB2FF57-SegmentedRaftLogWorker] INFO  segmented.SegmentedRaftLogWorker (SegmentedRaftLogWorker.java:execute(647)) - s0@group-A15E5AB2FF57-SegmentedRaftLogWorker: created new log segment /home/runner/work/ratis/ratis/ratis-test/target/test/data/6b14e155/MiniRaftClusterWithGrpc2fba9613/s0/9f5db1e5-be6a-4098-a00b-a15e5ab2ff57/current/log_inprogress_3
2025-09-29 07:15:03,395 [s1@group-A15E5AB2FF57-StateMachineUpdater] INFO  server.RaftServer$Division (LeaderStateImpl.java:checkStartIndex(309)) - Leader s1@group-A15E5AB2FF57-LeaderStateImpl is ready since appliedIndex == startIndex == 3
2025-09-29 07:15:03,396 [s2-server-thread1] DEBUG server.RaftServer$Division (RaftServerImpl.java:logAppendEntries(1536)) - s2@group-A15E5AB2FF57: appendEntries* reply s1<-s2#2:OK-t2,SUCCESS,nextIndex=5,followerCommit=3,matchIndex=4
2025-09-29 07:15:03,396 [s2@group-A15E5AB2FF57-StateMachineUpdater] TRACE util.FileUtils (LogUtils.java:runAndLog(49)) - Successfully ran Atomic Files.move /home/runner/work/ratis/ratis/ratis-test/target/test/data/6b14e155/MiniRaftClusterWithGrpc2fba9613/s2/9f5db1e5-be6a-4098-a00b-a15e5ab2ff57/current/raft-meta.conf.tmp to /home/runner/work/ratis/ratis/ratis-test/target/test/data/6b14e155/MiniRaftClusterWithGrpc2fba9613/s2/9f5db1e5-be6a-4098-a00b-a15e5ab2ff57/current/raft-meta.conf with options [REPLACE_EXISTING]
2025-09-29 07:15:03,397 [s0-server-thread2] DEBUG server.RaftServer$Division (RaftServerImpl.java:logAppendEntries(1536)) - s0@group-A15E5AB2FF57: appendEntries* reply s1<-s0#1:OK-t2,SUCCESS,nextIndex=4,followerCommit=1,matchIndex=3
2025-09-29 07:15:03,398 [s0-server-thread2] DEBUG server.RaftServer$Division (RaftServerImpl.java:logAppendEntries(1536)) - s0@group-A15E5AB2FF57: appendEntries* reply s1<-s0#2:OK-t2,SUCCESS,nextIndex=5,followerCommit=3,matchIndex=4
2025-09-29 07:15:03,398 [s0@group-A15E5AB2FF57-StateMachineUpdater] TRACE util.FileUtils (LogUtils.java:supplyAndLog(69)) - Successfully supplied FileChannel.open /home/runner/work/ratis/ratis/ratis-test/target/test/data/6b14e155/MiniRaftClusterWithGrpc2fba9613/s0/9f5db1e5-be6a-4098-a00b-a15e5ab2ff57/current/raft-meta.conf.tmp with options [CREATE, TRUNCATE_EXISTING, WRITE]: sun.nio.ch.FileChannelImpl@1a6f07f1
2025-09-29 07:15:03,399 [s0@group-A15E5AB2FF57-StateMachineUpdater] TRACE util.FileUtils (LogUtils.java:runAndLog(49)) - Successfully ran Atomic Files.move /home/runner/work/ratis/ratis/ratis-test/target/test/data/6b14e155/MiniRaftClusterWithGrpc2fba9613/s0/9f5db1e5-be6a-4098-a00b-a15e5ab2ff57/current/raft-meta.conf.tmp to /home/runner/work/ratis/ratis/ratis-test/target/test/data/6b14e155/MiniRaftClusterWithGrpc2fba9613/s0/9f5db1e5-be6a-4098-a00b-a15e5ab2ff57/current/raft-meta.conf with options [REPLACE_EXISTING]
2025-09-29 07:15:03,620 [s2-client-thread1] DEBUG server.RaftServer$Division (RaftServerImpl.java:submitClientRequestAsync(939)) - s2@group-A15E5AB2FF57: receive client request(RaftClientRequest:client-38856CBB3DAC->s2@group-A15E5AB2FF57, cid=161, seq=null, RO, Message:5155455259)
2025-09-29 07:15:03,622 [s1-server-thread2] DEBUG server.RaftServer$Division (LeaderStateImpl.java:getReadIndex(1147)) - readIndex=4, readAfterWriteConsistentIndex=null
2025-09-29 07:15:03,625 [main] INFO  impl.MiniRaftCluster (MiniRaftCluster.java:shutdown(824)) - ************************************************************** 
2025-09-29 07:15:03,625 [main] INFO  impl.MiniRaftCluster (MiniRaftCluster.java:shutdown(825)) - *** 
2025-09-29 07:15:03,626 [main] INFO  impl.MiniRaftCluster (MiniRaftCluster.java:shutdown(826)) - ***     Stopping MiniRaftClusterWithGrpc
2025-09-29 07:15:03,626 [main] INFO  impl.MiniRaftCluster (MiniRaftCluster.java:shutdown(827)) - *** 
2025-09-29 07:15:03,626 [main] INFO  impl.MiniRaftCluster (MiniRaftCluster.java:shutdown(828)) - ************************************************************** 
2025-09-29 07:15:03,626 [main] INFO  impl.MiniRaftCluster (MiniRaftCluster.java:shutdown(829)) - printing ALL groups
  s0:  RUNNING  FOLLOWER (RUNNING): s0@group-A15E5AB2FF57:t2, leader=s1, voted=s1, raftlog=Memoized:s0@group-A15E5AB2FF57-SegmentedRaftLog:OPENED:c4:last(t:2, i:4), conf=conf: {index: 3, cur=peers:[s0|localhost:15144, s1|localhost:15148, s2|localhost:15152]|listeners:[], old=null}
  s1:  RUNNING    LEADER (RUNNING): s1@group-A15E5AB2FF57:t2, leader=s1, voted=s1, raftlog=Memoized:s1@group-A15E5AB2FF57-SegmentedRaftLog:OPENED:c4:last(t:2, i:4), conf=conf: {index: 3, cur=peers:[s0|localhost:15144, s1|localhost:15148, s2|localhost:15152]|listeners:[], old=null}
  s2:  RUNNING  FOLLOWER (RUNNING): s2@group-A15E5AB2FF57:t2, leader=s1, voted=s1, raftlog=Memoized:s2@group-A15E5AB2FF57-SegmentedRaftLog:OPENED:c4:last(t:2, i:4), conf=conf: {index: 3, cur=peers:[s0|localhost:15144, s1|localhost:15148, s2|localhost:15152]|listeners:[], old=null}
2025-09-29 07:15:03,627 [MiniRaftCluster-67] INFO  server.RaftServer (RaftServerProxy.java:lambda$close$9(425)) - s0: close
2025-09-29 07:15:03,627 [MiniRaftCluster-68] INFO  server.RaftServer (RaftServerProxy.java:lambda$close$9(425)) - s1: close
2025-09-29 07:15:03,627 [MiniRaftCluster-69] INFO  server.RaftServer (RaftServerProxy.java:lambda$close$9(425)) - s2: close
2025-09-29 07:15:03,628 [MiniRaftCluster-68] INFO  server.GrpcServicesImpl (GrpcServicesImpl.java:closeImpl(347)) - s1: shutdown server org.apache.ratis.grpc.server.GrpcClientProtocolService now
2025-09-29 07:15:03,628 [s1-impl-thread1] INFO  server.RaftServer$Division (RaftServerImpl.java:lambda$close$1(527)) - s1@group-A15E5AB2FF57: shutdown
2025-09-29 07:15:03,628 [s1-impl-thread1] INFO  util.JmxRegister (JmxRegister.java:unregister(74)) - Successfully un-registered JMX Bean with object name Ratis:service=RaftServer,group=group-A15E5AB2FF57,id=s1
2025-09-29 07:15:03,628 [s1-impl-thread1] INFO  impl.RoleInfo (RoleInfo.java:shutdownLeaderState(103)) - s1: shutdown s1@group-A15E5AB2FF57-LeaderStateImpl
2025-09-29 07:15:03,628 [MiniRaftCluster-67] INFO  server.GrpcServicesImpl (GrpcServicesImpl.java:closeImpl(347)) - s0: shutdown server org.apache.ratis.grpc.server.GrpcClientProtocolService now
2025-09-29 07:15:03,628 [s0-impl-thread1] INFO  server.RaftServer$Division (RaftServerImpl.java:lambda$close$1(527)) - s0@group-A15E5AB2FF57: shutdown
2025-09-29 07:15:03,629 [s0-impl-thread1] INFO  util.JmxRegister (JmxRegister.java:unregister(74)) - Successfully un-registered JMX Bean with object name Ratis:service=RaftServer,group=group-A15E5AB2FF57,id=s0
2025-09-29 07:15:03,629 [s1@group-A15E5AB2FF57->s2-GrpcLogAppender-LogAppenderDaemon] WARN  server.GrpcLogAppender (GrpcLogAppender.java:mayWait(300)) - s1@group-A15E5AB2FF57->s2-GrpcLogAppender: Wait interrupted by java.lang.InterruptedException
2025-09-29 07:15:03,629 [MiniRaftCluster-69] INFO  server.GrpcServicesImpl (GrpcServicesImpl.java:closeImpl(347)) - s2: shutdown server org.apache.ratis.grpc.server.GrpcClientProtocolService now
2025-09-29 07:15:03,629 [Thread-853] INFO  server.GrpcServerProtocolClient (GrpcServerProtocolClient.java:close(94)) - s0 Close channels
2025-09-29 07:15:03,628 [s1-impl-thread1] INFO  impl.PendingRequests (PendingRequests.java:sendNotLeaderResponses(281)) - s1@group-A15E5AB2FF57-PendingRequests: sendNotLeaderResponses
2025-09-29 07:15:03,629 [s2-impl-thread1] INFO  server.RaftServer$Division (RaftServerImpl.java:lambda$close$1(527)) - s2@group-A15E5AB2FF57: shutdown
2025-09-29 07:15:03,630 [Thread-858] INFO  server.GrpcServerProtocolClient (GrpcServerProtocolClient.java:close(94)) - s2 Close channels
2025-09-29 07:15:03,629 [Thread-855] INFO  server.GrpcServerProtocolClient (GrpcServerProtocolClient.java:close(94)) - s2 Close channels
2025-09-29 07:15:03,630 [grpc-default-executor-5] INFO  server.GrpcServerProtocolService (GrpcServerProtocolService.java:lambda$onCompleted$6(174)) - s2: Completed APPEND_ENTRIES, lastRequest: s1->s2#2-t2,previous=(t:2, i:3),leaderCommit=3,initializing? false,entries: size=1, first=(t:2, i:4), METADATAENTRY(c:3) 
2025-09-29 07:15:03,631 [grpc-default-executor-9] ERROR server.RaftServer$Division (RaftServerImpl.java:appendEntriesAsync(1507)) - s2@group-A15E5AB2FF57: Failed appendEntries* s1->s2#7-t2,previous=(t:2, i:4),leaderCommit=4,initializing? false,HEARTBEAT
org.apache.ratis.protocol.exceptions.ServerNotReadyException: s2@group-A15E5AB2FF57 is not in [STARTING, RUNNING]: current state is CLOSING
	at org.apache.ratis.server.impl.RaftServerImpl.lambda$assertLifeCycleState$7(RaftServerImpl.java:808)
	at org.apache.ratis.util.LifeCycle.assertCurrentState(LifeCycle.java:263)
	at org.apache.ratis.server.impl.RaftServerImpl.assertLifeCycleState(RaftServerImpl.java:807)
	at org.apache.ratis.server.impl.RaftServerImpl.appendEntriesAsync(RaftServerImpl.java:1498)
	at org.apache.ratis.server.impl.RaftServerProxy.lambda$null$28(RaftServerProxy.java:655)
	at org.apache.ratis.util.JavaUtils.callAsUnchecked(JavaUtils.java:118)
	at org.apache.ratis.server.impl.RaftServerProxy.lambda$appendEntriesAsync$29(RaftServerProxy.java:654)
	at java.util.concurrent.CompletableFuture.uniComposeStage(CompletableFuture.java:995)
	at java.util.concurrent.CompletableFuture.thenCompose(CompletableFuture.java:2137)
	at org.apache.ratis.server.impl.RaftServerProxy.appendEntriesAsync(RaftServerProxy.java:654)
	at org.apache.ratis.grpc.server.GrpcServerProtocolService$1.process(GrpcServerProtocolService.java:249)
	at org.apache.ratis.grpc.server.GrpcServerProtocolService$1.process(GrpcServerProtocolService.java:246)
	at org.apache.ratis.grpc.server.GrpcServerProtocolService$ServerRequestStreamObserver.onNext(GrpcServerProtocolService.java:140)
	at org.apache.ratis.thirdparty.io.grpc.stub.ServerCalls$StreamingServerCallHandler$StreamingServerCallListener.onMessage(ServerCalls.java:262)
	at org.apache.ratis.thirdparty.io.grpc.internal.ServerCallImpl$ServerStreamListenerImpl.messagesAvailableInternal(ServerCallImpl.java:334)
	at org.apache.ratis.thirdparty.io.grpc.internal.ServerCallImpl$ServerStreamListenerImpl.messagesAvailable(ServerCallImpl.java:319)
	at org.apache.ratis.thirdparty.io.grpc.internal.ServerImpl$JumpToApplicationThreadServerStreamListener$1MessagesAvailable.runInContext(ServerImpl.java:834)
	at org.apache.ratis.thirdparty.io.grpc.internal.ContextRunnable.run(ContextRunnable.java:37)
	at org.apache.ratis.thirdparty.io.grpc.internal.SerializingExecutor.run(SerializingExecutor.java:133)
	at java.util.concurrent.ThreadPoolExecutor.runWorker(ThreadPoolExecutor.java:1149)
	at java.util.concurrent.ThreadPoolExecutor$Worker.run(ThreadPoolExecutor.java:624)
	at java.lang.Thread.run(Thread.java:750)
2025-09-29 07:15:03,631 [Thread-859] INFO  server.GrpcServerProtocolClient (GrpcServerProtocolClient.java:close(94)) - s0 Close channels
2025-09-29 07:15:03,629 [s0-impl-thread1] INFO  impl.RoleInfo (RoleInfo.java:shutdownFollowerState(121)) - s0: shutdown s0@group-A15E5AB2FF57-FollowerState
2025-09-29 07:15:03,632 [grpc-default-executor-5] INFO  server.GrpcLogAppender (GrpcLogAppender.java:onCompleted(558)) - s1@group-A15E5AB2FF57->s2-AppendLogResponseHandler: follower responses appendEntries COMPLETED
2025-09-29 07:15:03,632 [grpc-default-executor-5] WARN  server.GrpcLogAppender (GrpcLogAppender.java:resetClient(237)) - s1@group-A15E5AB2FF57->s2-GrpcLogAppender: Failed to getClient for s2
org.apache.ratis.protocol.exceptions.AlreadyClosedException: s1 is already CLOSED
	at org.apache.ratis.util.PeerProxyMap$PeerAndProxy.getProxy(PeerProxyMap.java:70)
	at org.apache.ratis.util.PeerProxyMap.getProxy(PeerProxyMap.java:127)
	at org.apache.ratis.grpc.server.GrpcLogAppender.getClient(GrpcLogAppender.java:207)
	at org.apache.ratis.grpc.server.GrpcLogAppender.resetClient(GrpcLogAppender.java:212)
	at org.apache.ratis.grpc.server.GrpcLogAppender.access$800(GrpcLogAppender.java:70)
	at org.apache.ratis.grpc.server.GrpcLogAppender$AppendLogResponseHandler.onCompleted(GrpcLogAppender.java:559)
	at org.apache.ratis.thirdparty.io.grpc.stub.ClientCalls$StreamObserverToCallListenerAdapter.onClose(ClientCalls.java:579)
	at org.apache.ratis.thirdparty.io.grpc.internal.ClientCallImpl.closeObserver(ClientCallImpl.java:565)
	at org.apache.ratis.thirdparty.io.grpc.internal.ClientCallImpl.access$100(ClientCallImpl.java:72)
	at org.apache.ratis.thirdparty.io.grpc.internal.ClientCallImpl$ClientStreamListenerImpl$1StreamClosed.runInternal(ClientCallImpl.java:733)
	at org.apache.ratis.thirdparty.io.grpc.internal.ClientCallImpl$ClientStreamListenerImpl$1StreamClosed.runInContext(ClientCallImpl.java:714)
	at org.apache.ratis.thirdparty.io.grpc.internal.ContextRunnable.run(ContextRunnable.java:37)
	at org.apache.ratis.thirdparty.io.grpc.internal.SerializingExecutor.run(SerializingExecutor.java:133)
	at java.util.concurrent.ThreadPoolExecutor.runWorker(ThreadPoolExecutor.java:1149)
	at java.util.concurrent.ThreadPoolExecutor$Worker.run(ThreadPoolExecutor.java:624)
	at java.lang.Thread.run(Thread.java:750)
2025-09-29 07:15:03,630 [s2-impl-thread1] INFO  util.JmxRegister (JmxRegister.java:unregister(74)) - Successfully un-registered JMX Bean with object name Ratis:service=RaftServer,group=group-A15E5AB2FF57,id=s2
2025-09-29 07:15:03,633 [s2-impl-thread1] INFO  impl.RoleInfo (RoleInfo.java:shutdownFollowerState(121)) - s2: shutdown s2@group-A15E5AB2FF57-FollowerState
2025-09-29 07:15:03,633 [s2-impl-thread1] INFO  impl.StateMachineUpdater (StateMachineUpdater.java:stopAndJoin(163)) - s2@group-A15E5AB2FF57-StateMachineUpdater: set stopIndex = 4
2025-09-29 07:15:03,630 [Thread-857] INFO  server.GrpcServerProtocolClient (GrpcServerProtocolClient.java:close(94)) - s1 Close channels
2025-09-29 07:15:03,634 [s2@group-A15E5AB2FF57-FollowerState] INFO  impl.FollowerState (FollowerState.java:runImpl(170)) - s2@group-A15E5AB2FF57-FollowerState was interrupted
2025-09-29 07:15:03,630 [s1@group-A15E5AB2FF57->s0-GrpcLogAppender-LogAppenderDaemon] WARN  server.GrpcLogAppender (GrpcLogAppender.java:mayWait(300)) - s1@group-A15E5AB2FF57->s0-GrpcLogAppender: Wait interrupted by java.lang.InterruptedException
2025-09-29 07:15:03,633 [s0@group-A15E5AB2FF57-FollowerState] INFO  impl.FollowerState (FollowerState.java:runImpl(170)) - s0@group-A15E5AB2FF57-FollowerState was interrupted
2025-09-29 07:15:03,635 [s0@group-A15E5AB2FF57-StateMachineUpdater] INFO  impl.StateMachineUpdater (StateMachineUpdater.java:stop(140)) - s0@group-A15E5AB2FF57-StateMachineUpdater: closing CounterStateMachine, lastApplied=(t:2, i:4)
2025-09-29 07:15:03,633 [s0-impl-thread1] INFO  impl.StateMachineUpdater (StateMachineUpdater.java:stopAndJoin(163)) - s0@group-A15E5AB2FF57-StateMachineUpdater: set stopIndex = 4
2025-09-29 07:15:03,635 [s2@group-A15E5AB2FF57-StateMachineUpdater] INFO  impl.StateMachineUpdater (StateMachineUpdater.java:stop(140)) - s2@group-A15E5AB2FF57-StateMachineUpdater: closing CounterStateMachine, lastApplied=(t:2, i:4)
2025-09-29 07:15:03,635 [s1-impl-thread1] INFO  impl.StateMachineUpdater (StateMachineUpdater.java:stopAndJoin(163)) - s1@group-A15E5AB2FF57-StateMachineUpdater: set stopIndex = 4
2025-09-29 07:15:03,632 [Thread-860] INFO  server.GrpcServerProtocolClient (GrpcServerProtocolClient.java:close(94)) - s1 Close channels
2025-09-29 07:15:03,636 [s0@group-A15E5AB2FF57-cacheEviction-AwaitToRun] INFO  util.AwaitToRun (AwaitToRun.java:run(49)) - s0@group-A15E5AB2FF57-cacheEviction-AwaitToRun-AwaitForSignal is interrupted
2025-09-29 07:15:03,636 [s1@group-A15E5AB2FF57-StateMachineUpdater] INFO  impl.StateMachineUpdater (StateMachineUpdater.java:stop(140)) - s1@group-A15E5AB2FF57-StateMachineUpdater: closing CounterStateMachine, lastApplied=(t:2, i:4)
2025-09-29 07:15:03,638 [grpc-default-executor-5] INFO  server.GrpcLogAppender (GrpcLogAppender.java:onCompleted(558)) - s1@group-A15E5AB2FF57->s0-AppendLogResponseHandler: follower responses appendEntries COMPLETED
2025-09-29 07:15:03,638 [s2@group-A15E5AB2FF57-cacheEviction-AwaitToRun] INFO  util.AwaitToRun (AwaitToRun.java:run(49)) - s2@group-A15E5AB2FF57-cacheEviction-AwaitToRun-AwaitForSignal is interrupted
2025-09-29 07:15:03,638 [s1@group-A15E5AB2FF57-cacheEviction-AwaitToRun] INFO  util.AwaitToRun (AwaitToRun.java:run(49)) - s1@group-A15E5AB2FF57-cacheEviction-AwaitToRun-AwaitForSignal is interrupted
2025-09-29 07:15:03,639 [MiniRaftCluster-69] INFO  server.GrpcServicesImpl (GrpcServicesImpl.java:closeImpl(356)) - s2: shutdown server org.apache.ratis.grpc.server.GrpcClientProtocolService successfully
2025-09-29 07:15:03,639 [MiniRaftCluster-69] INFO  server.GrpcServicesImpl (GrpcServicesImpl.java:closeImpl(347)) - s2: shutdown server GrpcServerProtocolService now
2025-09-29 07:15:03,638 [grpc-default-executor-5] WARN  server.GrpcLogAppender (GrpcLogAppender.java:resetClient(237)) - s1@group-A15E5AB2FF57->s0-GrpcLogAppender: Failed to getClient for s0
org.apache.ratis.protocol.exceptions.AlreadyClosedException: s1 is already CLOSED
	at org.apache.ratis.util.PeerProxyMap$PeerAndProxy.getProxy(PeerProxyMap.java:70)
	at org.apache.ratis.util.PeerProxyMap.getProxy(PeerProxyMap.java:127)
	at org.apache.ratis.grpc.server.GrpcLogAppender.getClient(GrpcLogAppender.java:207)
	at org.apache.ratis.grpc.server.GrpcLogAppender.resetClient(GrpcLogAppender.java:212)
	at org.apache.ratis.grpc.server.GrpcLogAppender.access$800(GrpcLogAppender.java:70)
	at org.apache.ratis.grpc.server.GrpcLogAppender$AppendLogResponseHandler.onCompleted(GrpcLogAppender.java:559)
	at org.apache.ratis.thirdparty.io.grpc.stub.ClientCalls$StreamObserverToCallListenerAdapter.onClose(ClientCalls.java:579)
	at org.apache.ratis.thirdparty.io.grpc.internal.DelayedClientCall$DelayedListener$3.run(DelayedClientCall.java:487)
	at org.apache.ratis.thirdparty.io.grpc.internal.DelayedClientCall$DelayedListener.delayOrExecute(DelayedClientCall.java:451)
	at org.apache.ratis.thirdparty.io.grpc.internal.DelayedClientCall$DelayedListener.onClose(DelayedClientCall.java:484)
	at org.apache.ratis.thirdparty.io.grpc.internal.ClientCallImpl.closeObserver(ClientCallImpl.java:565)
	at org.apache.ratis.thirdparty.io.grpc.internal.ClientCallImpl.access$100(ClientCallImpl.java:72)
	at org.apache.ratis.thirdparty.io.grpc.internal.ClientCallImpl$ClientStreamListenerImpl$1StreamClosed.runInternal(ClientCallImpl.java:733)
	at org.apache.ratis.thirdparty.io.grpc.internal.ClientCallImpl$ClientStreamListenerImpl$1StreamClosed.runInContext(ClientCallImpl.java:714)
	at org.apache.ratis.thirdparty.io.grpc.internal.ContextRunnable.run(ContextRunnable.java:37)
	at org.apache.ratis.thirdparty.io.grpc.internal.SerializingExecutor.run(SerializingExecutor.java:133)
	at java.util.concurrent.ThreadPoolExecutor.runWorker(ThreadPoolExecutor.java:1149)
	at java.util.concurrent.ThreadPoolExecutor$Worker.run(ThreadPoolExecutor.java:624)
	at java.lang.Thread.run(Thread.java:750)
2025-09-29 07:15:03,640 [MiniRaftCluster-67] INFO  server.GrpcServicesImpl (GrpcServicesImpl.java:closeImpl(356)) - s0: shutdown server org.apache.ratis.grpc.server.GrpcClientProtocolService successfully
2025-09-29 07:15:03,640 [MiniRaftCluster-67] INFO  server.GrpcServicesImpl (GrpcServicesImpl.java:closeImpl(347)) - s0: shutdown server GrpcServerProtocolService now
2025-09-29 07:15:03,640 [grpc-default-executor-9] INFO  server.GrpcLogAppender (GrpcLogAppender.java:onCompleted(558)) - s1@group-A15E5AB2FF57->s0-AppendLogResponseHandler: follower responses appendEntries COMPLETED
2025-09-29 07:15:03,640 [grpc-default-executor-9] WARN  server.GrpcLogAppender (GrpcLogAppender.java:resetClient(237)) - s1@group-A15E5AB2FF57->s0-GrpcLogAppender: Failed to getClient for s0
org.apache.ratis.protocol.exceptions.AlreadyClosedException: s1 is already CLOSED
	at org.apache.ratis.util.PeerProxyMap$PeerAndProxy.getProxy(PeerProxyMap.java:70)
	at org.apache.ratis.util.PeerProxyMap.getProxy(PeerProxyMap.java:127)
	at org.apache.ratis.grpc.server.GrpcLogAppender.getClient(GrpcLogAppender.java:207)
	at org.apache.ratis.grpc.server.GrpcLogAppender.resetClient(GrpcLogAppender.java:212)
	at org.apache.ratis.grpc.server.GrpcLogAppender.access$800(GrpcLogAppender.java:70)
	at org.apache.ratis.grpc.server.GrpcLogAppender$AppendLogResponseHandler.onCompleted(GrpcLogAppender.java:559)
	at org.apache.ratis.thirdparty.io.grpc.stub.ClientCalls$StreamObserverToCallListenerAdapter.onClose(ClientCalls.java:579)
	at org.apache.ratis.thirdparty.io.grpc.internal.ClientCallImpl.closeObserver(ClientCallImpl.java:565)
	at org.apache.ratis.thirdparty.io.grpc.internal.ClientCallImpl.access$100(ClientCallImpl.java:72)
	at org.apache.ratis.thirdparty.io.grpc.internal.ClientCallImpl$ClientStreamListenerImpl$1StreamClosed.runInternal(ClientCallImpl.java:733)
	at org.apache.ratis.thirdparty.io.grpc.internal.ClientCallImpl$ClientStreamListenerImpl$1StreamClosed.runInContext(ClientCallImpl.java:714)
	at org.apache.ratis.thirdparty.io.grpc.internal.ContextRunnable.run(ContextRunnable.java:37)
	at org.apache.ratis.thirdparty.io.grpc.internal.SerializingExecutor.run(SerializingExecutor.java:133)
	at java.util.concurrent.ThreadPoolExecutor.runWorker(ThreadPoolExecutor.java:1149)
	at java.util.concurrent.ThreadPoolExecutor$Worker.run(ThreadPoolExecutor.java:624)
	at java.lang.Thread.run(Thread.java:750)
2025-09-29 07:15:03,643 [grpc-default-executor-3] INFO  server.GrpcLogAppender (GrpcLogAppender.java:onError(545)) - s1@group-A15E5AB2FF57->s2-GrpcLogAppender is already stopped
2025-09-29 07:15:03,646 [MiniRaftCluster-68] INFO  server.GrpcServicesImpl (GrpcServicesImpl.java:closeImpl(356)) - s1: shutdown server org.apache.ratis.grpc.server.GrpcClientProtocolService successfully
2025-09-29 07:15:03,647 [MiniRaftCluster-68] INFO  server.GrpcServicesImpl (GrpcServicesImpl.java:closeImpl(347)) - s1: shutdown server GrpcServerProtocolService now
2025-09-29 07:15:03,647 [MiniRaftCluster-68] INFO  server.GrpcServicesImpl (GrpcServicesImpl.java:closeImpl(356)) - s1: shutdown server GrpcServerProtocolService successfully
2025-09-29 07:15:03,647 [MiniRaftCluster-68] INFO  server.GrpcServicesImpl (GrpcServicesImpl.java:closeImpl(347)) - s1: shutdown server org.apache.ratis.grpc.server.GrpcAdminProtocolService now
2025-09-29 07:15:03,648 [MiniRaftCluster-68] INFO  server.GrpcServicesImpl (GrpcServicesImpl.java:closeImpl(356)) - s1: shutdown server org.apache.ratis.grpc.server.GrpcAdminProtocolService successfully
2025-09-29 07:15:03,649 [MiniRaftCluster-69] INFO  server.GrpcServicesImpl (GrpcServicesImpl.java:closeImpl(356)) - s2: shutdown server GrpcServerProtocolService successfully
2025-09-29 07:15:03,649 [MiniRaftCluster-69] INFO  server.GrpcServicesImpl (GrpcServicesImpl.java:closeImpl(347)) - s2: shutdown server org.apache.ratis.grpc.server.GrpcAdminProtocolService now
2025-09-29 07:15:03,649 [MiniRaftCluster-67] INFO  server.GrpcServicesImpl (GrpcServicesImpl.java:closeImpl(356)) - s0: shutdown server GrpcServerProtocolService successfully
2025-09-29 07:15:03,649 [MiniRaftCluster-67] INFO  server.GrpcServicesImpl (GrpcServicesImpl.java:closeImpl(347)) - s0: shutdown server org.apache.ratis.grpc.server.GrpcAdminProtocolService now
2025-09-29 07:15:03,650 [MiniRaftCluster-67] INFO  server.GrpcServicesImpl (GrpcServicesImpl.java:closeImpl(356)) - s0: shutdown server org.apache.ratis.grpc.server.GrpcAdminProtocolService successfully
2025-09-29 07:15:03,650 [MiniRaftCluster-69] INFO  server.GrpcServicesImpl (GrpcServicesImpl.java:closeImpl(356)) - s2: shutdown server org.apache.ratis.grpc.server.GrpcAdminProtocolService successfully
2025-09-29 07:15:04,393 [s1-impl-thread1] INFO  segmented.SegmentedRaftLogWorker (SegmentedRaftLogWorker.java:close(254)) - s1@group-A15E5AB2FF57-SegmentedRaftLogWorker close()
2025-09-29 07:15:04,394 [JvmPauseMonitor37] INFO  util.JvmPauseMonitor (JvmPauseMonitor.java:run(152)) - JvmPauseMonitor-s1: Stopped
2025-09-29 07:15:04,396 [s2-impl-thread1] INFO  segmented.SegmentedRaftLogWorker (SegmentedRaftLogWorker.java:close(254)) - s2@group-A15E5AB2FF57-SegmentedRaftLogWorker close()
2025-09-29 07:15:04,397 [JvmPauseMonitor38] INFO  util.JvmPauseMonitor (JvmPauseMonitor.java:run(152)) - JvmPauseMonitor-s2: Stopped
2025-09-29 07:15:04,399 [s0-impl-thread1] INFO  segmented.SegmentedRaftLogWorker (SegmentedRaftLogWorker.java:close(254)) - s0@group-A15E5AB2FF57-SegmentedRaftLogWorker close()
2025-09-29 07:15:04,399 [JvmPauseMonitor36] INFO  util.JvmPauseMonitor (JvmPauseMonitor.java:run(152)) - JvmPauseMonitor-s0: Stopped
2025-09-29 07:15:04,400 [main] INFO  impl.MiniRaftCluster (MiniRaftCluster.java:shutdown(848)) - MiniRaftClusterWithGrpc shutdown completed
]]></system-out>
  </testcase>
</testsuite>