<?xml version="1.0" encoding="UTF-8"?>
<testsuite xmlns:xsi="http://www.w3.org/2001/XMLSchema-instance" xsi:noNamespaceSchemaLocation="https://maven.apache.org/surefire/maven-surefire-plugin/xsd/surefire-test-report.xsd" name="org.apache.ratis.grpc.TestReadOnlyRequestWithGrpc" time="10.972" tests="6" errors="1" skipped="0" failures="0">
  <properties>
    <property name="awt.toolkit" value="sun.awt.X11.XToolkit"/>
    <property name="java.specification.version" value="11"/>
    <property name="sun.cpu.isalist" value=""/>
    <property name="sun.jnu.encoding" value="UTF-8"/>
    <property name="java.class.path" value="/home/runner/work/ratis/ratis/ratis-test/target/test-classes:/home/runner/work/ratis/ratis/ratis-test/target/classes:/home/runner/work/ratis/ratis/ratis-common/target/classes:/home/runner/.m2/repository/org/apache/ratis/ratis-thirdparty-misc/1.0.2/ratis-thirdparty-misc-1.0.2.jar:/home/runner/work/ratis/ratis/ratis-proto/target/ratis-proto-3.0.0-SNAPSHOT.jar:/home/runner/work/ratis/ratis/ratis-common/target/test-classes:/home/runner/work/ratis/ratis/ratis-client/target/classes:/home/runner/work/ratis/ratis/ratis-server/target/classes:/home/runner/work/ratis/ratis/ratis-server-api/target/classes:/home/runner/work/ratis/ratis/ratis-metrics-api/target/classes:/home/runner/work/ratis/ratis/ratis-server/target/test-classes:/home/runner/work/ratis/ratis/ratis-metrics-default/target/classes:/home/runner/work/ratis/ratis/ratis-netty/target/classes:/home/runner/work/ratis/ratis/ratis-netty/target/test-classes:/home/runner/work/ratis/ratis/ratis-grpc/target/classes:/home/runner/work/ratis/ratis/ratis-grpc/target/test-classes:/home/runner/.m2/repository/org/slf4j/slf4j-api/1.7.29/slf4j-api-1.7.29.jar:/home/runner/.m2/repository/org/slf4j/slf4j-log4j12/1.7.29/slf4j-log4j12-1.7.29.jar:/home/runner/.m2/repository/log4j/log4j/1.2.17/log4j-1.2.17.jar:/home/runner/.m2/repository/junit/junit/4.13.2/junit-4.13.2.jar:/home/runner/.m2/repository/org/hamcrest/hamcrest-core/1.3/hamcrest-core-1.3.jar:/home/runner/.m2/repository/org/mockito/mockito-core/4.3.1/mockito-core-4.3.1.jar:/home/runner/.m2/repository/net/bytebuddy/byte-buddy/1.12.7/byte-buddy-1.12.7.jar:/home/runner/.m2/repository/net/bytebuddy/byte-buddy-agent/1.12.7/byte-buddy-agent-1.12.7.jar:/home/runner/.m2/repository/org/objenesis/objenesis/3.2/objenesis-3.2.jar:/home/runner/work/ratis/ratis/ratis-shell/target/classes:/home/runner/.m2/repository/commons-cli/commons-cli/1.5.0/commons-cli-1.5.0.jar:/home/runner/.m2/repository/org/slf4j/slf4j-simple/1.7.29/slf4j-simple-1.7.29.jar:/home/runner/.m2/repository/org/reflections/reflections/0.10.2/reflections-0.10.2.jar:/home/runner/.m2/repository/org/javassist/javassist/3.28.0-GA/javassist-3.28.0-GA.jar:/home/runner/.m2/repository/com/google/code/findbugs/jsr305/3.0.2/jsr305-3.0.2.jar:"/>
    <property name="java.vm.vendor" value="Eclipse Adoptium"/>
    <property name="sun.arch.data.model" value="64"/>
    <property name="java.vendor.url" value="https://adoptium.net/"/>
    <property name="user.timezone" value=""/>
    <property name="java.vm.specification.version" value="11"/>
    <property name="os.name" value="Linux"/>
    <property name="sun.java.launcher" value="SUN_STANDARD"/>
    <property name="sun.boot.library.path" value="/usr/lib/jvm/temurin-11-jdk-amd64/lib"/>
    <property name="sun.java.command" value="/home/runner/work/ratis/ratis/ratis-test/target/surefire/surefirebooter84696928209016893.jar /home/runner/work/ratis/ratis/ratis-test/target/surefire 2022-10-23T15-25-06_805-jvmRun1 surefire14695526595507714235tmp surefire_251050413249093014320tmp"/>
    <property name="jdk.debug" value="release"/>
    <property name="surefire.test.class.path" value="/home/runner/work/ratis/ratis/ratis-test/target/test-classes:/home/runner/work/ratis/ratis/ratis-test/target/classes:/home/runner/work/ratis/ratis/ratis-common/target/classes:/home/runner/.m2/repository/org/apache/ratis/ratis-thirdparty-misc/1.0.2/ratis-thirdparty-misc-1.0.2.jar:/home/runner/work/ratis/ratis/ratis-proto/target/ratis-proto-3.0.0-SNAPSHOT.jar:/home/runner/work/ratis/ratis/ratis-common/target/test-classes:/home/runner/work/ratis/ratis/ratis-client/target/classes:/home/runner/work/ratis/ratis/ratis-server/target/classes:/home/runner/work/ratis/ratis/ratis-server-api/target/classes:/home/runner/work/ratis/ratis/ratis-metrics-api/target/classes:/home/runner/work/ratis/ratis/ratis-server/target/test-classes:/home/runner/work/ratis/ratis/ratis-metrics-default/target/classes:/home/runner/work/ratis/ratis/ratis-netty/target/classes:/home/runner/work/ratis/ratis/ratis-netty/target/test-classes:/home/runner/work/ratis/ratis/ratis-grpc/target/classes:/home/runner/work/ratis/ratis/ratis-grpc/target/test-classes:/home/runner/.m2/repository/org/slf4j/slf4j-api/1.7.29/slf4j-api-1.7.29.jar:/home/runner/.m2/repository/org/slf4j/slf4j-log4j12/1.7.29/slf4j-log4j12-1.7.29.jar:/home/runner/.m2/repository/log4j/log4j/1.2.17/log4j-1.2.17.jar:/home/runner/.m2/repository/junit/junit/4.13.2/junit-4.13.2.jar:/home/runner/.m2/repository/org/hamcrest/hamcrest-core/1.3/hamcrest-core-1.3.jar:/home/runner/.m2/repository/org/mockito/mockito-core/4.3.1/mockito-core-4.3.1.jar:/home/runner/.m2/repository/net/bytebuddy/byte-buddy/1.12.7/byte-buddy-1.12.7.jar:/home/runner/.m2/repository/net/bytebuddy/byte-buddy-agent/1.12.7/byte-buddy-agent-1.12.7.jar:/home/runner/.m2/repository/org/objenesis/objenesis/3.2/objenesis-3.2.jar:/home/runner/work/ratis/ratis/ratis-shell/target/classes:/home/runner/.m2/repository/commons-cli/commons-cli/1.5.0/commons-cli-1.5.0.jar:/home/runner/.m2/repository/org/slf4j/slf4j-simple/1.7.29/slf4j-simple-1.7.29.jar:/home/runner/.m2/repository/org/reflections/reflections/0.10.2/reflections-0.10.2.jar:/home/runner/.m2/repository/org/javassist/javassist/3.28.0-GA/javassist-3.28.0-GA.jar:/home/runner/.m2/repository/com/google/code/findbugs/jsr305/3.0.2/jsr305-3.0.2.jar:"/>
    <property name="sun.cpu.endian" value="little"/>
    <property name="user.home" value="/home/runner"/>
    <property name="user.language" value="en"/>
    <property name="java.specification.vendor" value="Oracle Corporation"/>
    <property name="java.version.date" value="2022-08-12"/>
    <property name="java.home" value="/usr/lib/jvm/temurin-11-jdk-amd64"/>
    <property name="file.separator" value="/"/>
    <property name="basedir" value="/home/runner/work/ratis/ratis/ratis-test"/>
    <property name="java.vm.compressedOopsMode" value="32-bit"/>
    <property name="line.separator" value="&#10;"/>
    <property name="java.specification.name" value="Java Platform API Specification"/>
    <property name="java.vm.specification.vendor" value="Oracle Corporation"/>
    <property name="java.awt.graphicsenv" value="sun.awt.X11GraphicsEnvironment"/>
    <property name="surefire.real.class.path" value="/home/runner/work/ratis/ratis/ratis-test/target/surefire/surefirebooter84696928209016893.jar"/>
    <property name="sun.management.compiler" value="HotSpot 64-Bit Tiered Compilers"/>
    <property name="java.runtime.version" value="11.0.16.1+1"/>
    <property name="user.name" value="runner"/>
    <property name="java.net.preferIPv4Stack" value="true"/>
    <property name="path.separator" value=":"/>
    <property name="os.version" value="5.15.0-1022-azure"/>
    <property name="java.runtime.name" value="OpenJDK Runtime Environment"/>
    <property name="file.encoding" value="UTF-8"/>
    <property name="java.vm.name" value="OpenJDK 64-Bit Server VM"/>
    <property name="java.vendor.version" value="Temurin-11.0.16.1+1"/>
    <property name="localRepository" value="/home/runner/.m2/repository"/>
    <property name="java.vendor.url.bug" value="https://github.com/adoptium/adoptium-support/issues"/>
    <property name="java.io.tmpdir" value="/tmp"/>
    <property name="java.version" value="11.0.16.1"/>
    <property name="user.dir" value="/home/runner/work/ratis/ratis/ratis-test"/>
    <property name="os.arch" value="amd64"/>
    <property name="ratis.tmp.dir" value="/home/runner/work/ratis/ratis/ratis-test/target/tmp"/>
    <property name="java.vm.specification.name" value="Java Virtual Machine Specification"/>
    <property name="java.awt.printerjob" value="sun.print.PSPrinterJob"/>
    <property name="ratis.log.dir" value="/home/runner/work/ratis/ratis/ratis-test/target/log"/>
    <property name="sun.os.patch.level" value="unknown"/>
    <property name="java.library.path" value="/usr/java/packages/lib:/usr/lib64:/lib64:/lib:/usr/lib"/>
    <property name="java.vm.info" value="mixed mode"/>
    <property name="java.vendor" value="Eclipse Adoptium"/>
    <property name="java.vm.version" value="11.0.16.1+1"/>
    <property name="sun.io.unicode.encoding" value="UnicodeLittle"/>
    <property name="java.class.version" value="55.0"/>
  </properties>
  <testcase name="testFollowerLinearizableReadFailWhenLeaderDown" classname="org.apache.ratis.grpc.TestReadOnlyRequestWithGrpc" time="2.569"/>
  <testcase name="testFollowerLinearizableRead" classname="org.apache.ratis.grpc.TestReadOnlyRequestWithGrpc" time="1.643"/>
  <testcase name="testFollowerLinearizableReadParallel" classname="org.apache.ratis.grpc.TestReadOnlyRequestWithGrpc" time="3.795"/>
  <testcase name="testLinearizableRead" classname="org.apache.ratis.grpc.TestReadOnlyRequestWithGrpc" time="1.411"/>
  <testcase name="testLinearizableReadTimeout" classname="org.apache.ratis.grpc.TestReadOnlyRequestWithGrpc" time="0.564"/>
  <testcase name="testFollowerLinearizableReadRetryWhenLeaderDown" classname="org.apache.ratis.grpc.TestReadOnlyRequestWithGrpc" time="0.926">
    <error message="Failed RaftClientRequest:client-8438440A3CAA-&gt;s2@group-16C2524519DB, cid=66, seq=0, RO, QUERY for 3 attempts with ExceptionDependentRetry(maxAttempts=2147483647; defaultPolicy=NoRetry; map={org.apache.ratis.protocol.exceptions.ReadIndexException-&gt;RetryForeverWithSleep(sleepTime = 100ms)})" type="org.apache.ratis.protocol.exceptions.RaftRetryFailureException">org.apache.ratis.protocol.exceptions.RaftRetryFailureException: Failed RaftClientRequest:client-8438440A3CAA->s2@group-16C2524519DB, cid=66, seq=0, RO, QUERY for 3 attempts with ExceptionDependentRetry(maxAttempts=2147483647; defaultPolicy=NoRetry; map={org.apache.ratis.protocol.exceptions.ReadIndexException->RetryForeverWithSleep(sleepTime = 100ms)})
	at org.apache.ratis.client.impl.RaftClientImpl.noMoreRetries(RaftClientImpl.java:306)
	at org.apache.ratis.client.impl.BlockingImpl.sendRequestWithRetry(BlockingImpl.java:119)
	at org.apache.ratis.client.impl.BlockingImpl.send(BlockingImpl.java:85)
	at org.apache.ratis.client.impl.BlockingImpl.sendReadOnly(BlockingImpl.java:64)
	at org.apache.ratis.client.api.BlockingApi.sendReadOnly(BlockingApi.java:45)
	at org.apache.ratis.ReadOnlyRequestTests.testFollowerLinearizableReadRetryWhenLeaderDown(ReadOnlyRequestTests.java:242)
	at org.apache.ratis.server.impl.MiniRaftCluster$Factory$Get.runWithNewCluster(MiniRaftCluster.java:141)
	at org.apache.ratis.server.impl.MiniRaftCluster$Factory$Get.runWithNewCluster(MiniRaftCluster.java:121)
	at org.apache.ratis.ReadOnlyRequestTests.testFollowerLinearizableReadRetryWhenLeaderDown(ReadOnlyRequestTests.java:218)
	at java.base/jdk.internal.reflect.NativeMethodAccessorImpl.invoke0(Native Method)
	at java.base/jdk.internal.reflect.NativeMethodAccessorImpl.invoke(NativeMethodAccessorImpl.java:62)
	at java.base/jdk.internal.reflect.DelegatingMethodAccessorImpl.invoke(DelegatingMethodAccessorImpl.java:43)
	at java.base/java.lang.reflect.Method.invoke(Method.java:566)
	at org.junit.runners.model.FrameworkMethod$1.runReflectiveCall(FrameworkMethod.java:59)
	at org.junit.internal.runners.model.ReflectiveCallable.run(ReflectiveCallable.java:12)
	at org.junit.runners.model.FrameworkMethod.invokeExplosively(FrameworkMethod.java:56)
	at org.junit.internal.runners.statements.InvokeMethod.evaluate(InvokeMethod.java:17)
	at org.junit.internal.runners.statements.RunBefores.evaluate(RunBefores.java:26)
	at org.junit.internal.runners.statements.RunAfters.evaluate(RunAfters.java:27)
	at org.junit.internal.runners.statements.FailOnTimeout$CallableStatement.call(FailOnTimeout.java:299)
	at org.junit.internal.runners.statements.FailOnTimeout$CallableStatement.call(FailOnTimeout.java:293)
	at java.base/java.util.concurrent.FutureTask.run(FutureTask.java:264)
	at java.base/java.lang.Thread.run(Thread.java:829)
Caused by: java.io.IOException: java.lang.NullPointerException
	at org.apache.ratis.util.IOUtils.asIOException(IOUtils.java:56)
	at org.apache.ratis.grpc.GrpcUtil.tryUnwrapException(GrpcUtil.java:121)
	at org.apache.ratis.grpc.GrpcUtil.unwrapException(GrpcUtil.java:91)
	at org.apache.ratis.grpc.GrpcUtil.unwrapIOException(GrpcUtil.java:152)
	at org.apache.ratis.grpc.client.GrpcClientRpc$1.onError(GrpcClientRpc.java:156)
	at org.apache.ratis.thirdparty.io.grpc.stub.ClientCalls$StreamObserverToCallListenerAdapter.onClose(ClientCalls.java:487)
	at org.apache.ratis.thirdparty.io.grpc.PartialForwardingClientCallListener.onClose(PartialForwardingClientCallListener.java:39)
	at org.apache.ratis.thirdparty.io.grpc.ForwardingClientCallListener.onClose(ForwardingClientCallListener.java:23)
	at org.apache.ratis.grpc.metrics.intercept.client.MetricClientCallListener.onClose(MetricClientCallListener.java:47)
	at org.apache.ratis.thirdparty.io.grpc.internal.ClientCallImpl.closeObserver(ClientCallImpl.java:562)
	at org.apache.ratis.thirdparty.io.grpc.internal.ClientCallImpl.access$300(ClientCallImpl.java:70)
	at org.apache.ratis.thirdparty.io.grpc.internal.ClientCallImpl$ClientStreamListenerImpl$1StreamClosed.runInternal(ClientCallImpl.java:743)
	at org.apache.ratis.thirdparty.io.grpc.internal.ClientCallImpl$ClientStreamListenerImpl$1StreamClosed.runInContext(ClientCallImpl.java:722)
	at org.apache.ratis.thirdparty.io.grpc.internal.ContextRunnable.run(ContextRunnable.java:37)
	at org.apache.ratis.thirdparty.io.grpc.internal.SerializingExecutor.run(SerializingExecutor.java:133)
	at java.base/java.util.concurrent.ThreadPoolExecutor.runWorker(ThreadPoolExecutor.java:1128)
	at java.base/java.util.concurrent.ThreadPoolExecutor$Worker.run(ThreadPoolExecutor.java:628)
	... 1 more
Caused by: java.lang.NullPointerException
	at java.base/jdk.internal.reflect.NativeConstructorAccessorImpl.newInstance0(Native Method)
	at java.base/jdk.internal.reflect.NativeConstructorAccessorImpl.newInstance(NativeConstructorAccessorImpl.java:62)
	at java.base/jdk.internal.reflect.DelegatingConstructorAccessorImpl.newInstance(DelegatingConstructorAccessorImpl.java:45)
	at java.base/java.lang.reflect.Constructor.newInstance(Constructor.java:490)
	at org.apache.ratis.util.ReflectionUtils.instantiateException(ReflectionUtils.java:250)
	at org.apache.ratis.util.ReflectionUtils.instantiateException(ReflectionUtils.java:255)
	at org.apache.ratis.grpc.GrpcUtil.tryUnwrapException(GrpcUtil.java:120)
	... 16 more
Caused by: org.apache.ratis.thirdparty.io.grpc.StatusRuntimeException: INTERNAL
	at org.apache.ratis.thirdparty.io.grpc.Status.asRuntimeException(Status.java:535)
	... 13 more
	Suppressed: java.lang.IllegalStateException: Failed to cast to class java.io.IOException, object=java.lang.NullPointerException
	at org.apache.ratis.client.impl.ClientProtoUtils.toRaftRpcRequestProtoBuilder(ClientProtoUtils.java:115)
	at org.apache.ratis.server.impl.ServerProtoUtils.toReadIndexRequestProto(ServerProtoUtils.java:115)
	at org.apache.ratis.server.impl.RaftServerImpl.sendReadIndexAsync(RaftServerImpl.java:924)
	at org.apache.ratis.server.impl.RaftServerImpl.readAsync(RaftServerImpl.java:947)
	at org.apache.ratis.server.impl.RaftServerImpl.submitClientRequestAsync(RaftServerImpl.java:836)
	at org.apache.ratis.server.impl.RaftServerImpl.lambda$executeSubmitClientRequestAsync$12(RaftServerImpl.java:819)
	at org.apache.ratis.util.JavaUtils.callAsUnchecked(JavaUtils.java:117)
	at org.apache.ratis.server.impl.RaftServerImpl.lambda$executeSubmitClientRequestAsync$13(RaftServerImpl.java:819)
	at java.base/java.util.concurrent.CompletableFuture$AsyncSupply.run(CompletableFuture.java:1700)
	at java.base/java.util.concurrent.ThreadPoolExecutor.runWorker(ThreadPoolExecutor.java:1128)
	at java.base/java.util.concurrent.ThreadPoolExecutor$Worker.run(ThreadPoolExecutor.java:628)
	at java.base/java.lang.Thread.run(Thread.java:829)

		at org.apache.ratis.util.IOUtils.readObject(IOUtils.java:237)
		at org.apache.ratis.util.IOUtils.bytes2Object(IOUtils.java:214)
		at org.apache.ratis.grpc.GrpcUtil.tryUnwrapException(GrpcUtil.java:109)
		at org.apache.ratis.grpc.GrpcUtil.unwrapException(GrpcUtil.java:91)
		at org.apache.ratis.grpc.GrpcUtil.unwrapIOException(GrpcUtil.java:152)
		at org.apache.ratis.grpc.client.GrpcClientRpc$1.onError(GrpcClientRpc.java:156)
		... 13 more
	Caused by: java.lang.ClassCastException: Cannot cast java.lang.NullPointerException to java.io.IOException
		at java.base/java.lang.Class.cast(Class.java:3605)
		at org.apache.ratis.util.IOUtils.readObject(IOUtils.java:234)
		... 18 more
</error>
    <system-out><![CDATA[2022-10-23 15:33:49,348 [main] INFO  util.LogUtils (Log4jUtils.java:setLogLevel(32)) - Set org.apache.ratis.conf.ConfUtils log level to WARN
2022-10-23 15:33:49,348 [main] INFO  util.LogUtils (Log4jUtils.java:setLogLevel(32)) - Set org.apache.ratis.util.FileUtils log level to TRACE
2022-10-23 15:33:49,348 [main] INFO  util.LogUtils (Log4jUtils.java:setLogLevel(32)) - Set org.apache.ratis.server.RaftServer$Division log level to DEBUG
2022-10-23 15:33:49,348 [Time-limited test] INFO  impl.MiniRaftCluster (MiniRaftCluster.java:runWithNewCluster(135)) - Running runWithNewCluster
2022-10-23 15:33:49,349 [Time-limited test] INFO  impl.MiniRaftCluster (MiniRaftCluster.java:<init>(306)) - new MiniRaftClusterWithGrpc with group-16C2524519DB:[s0|rpc:localhost:35473|admin:localhost:37357|client:localhost:37779|dataStream:localhost:40709|priority:0|startupRole:FOLLOWER, s1|rpc:localhost:36091|admin:localhost:41449|client:localhost:34501|dataStream:localhost:38049|priority:0|startupRole:FOLLOWER, s2|rpc:localhost:33163|admin:localhost:37485|client:localhost:34167|dataStream:localhost:45917|priority:0|startupRole:FOLLOWER]
2022-10-23 15:33:49,349 [Time-limited test] INFO  impl.MiniRaftCluster (MiniRaftCluster.java:start(339)) - .............................................................. 
2022-10-23 15:33:49,349 [Time-limited test] INFO  impl.MiniRaftCluster (MiniRaftCluster.java:start(340)) - ... 
2022-10-23 15:33:49,349 [Time-limited test] INFO  impl.MiniRaftCluster (MiniRaftCluster.java:start(341)) - ...     Starting MiniRaftClusterWithGrpc
2022-10-23 15:33:49,349 [Time-limited test] INFO  impl.MiniRaftCluster (MiniRaftCluster.java:start(342)) - ... 
2022-10-23 15:33:49,349 [Time-limited test] INFO  impl.MiniRaftCluster (MiniRaftCluster.java:start(343)) - .............................................................. 
2022-10-23 15:33:49,349 [Time-limited test] INFO  impl.MiniRaftCluster (MiniRaftCluster.java:initServers(318)) - servers = {}
2022-10-23 15:33:49,349 [Time-limited test] INFO  impl.MiniRaftCluster (MiniRaftCluster.java:newRaftServer(382)) - newRaftServer: s0, group-16C2524519DB:[s0|rpc:localhost:35473|admin:localhost:37357|client:localhost:37779|dataStream:localhost:40709|priority:0|startupRole:FOLLOWER, s1|rpc:localhost:36091|admin:localhost:41449|client:localhost:34501|dataStream:localhost:38049|priority:0|startupRole:FOLLOWER, s2|rpc:localhost:33163|admin:localhost:37485|client:localhost:34167|dataStream:localhost:45917|priority:0|startupRole:FOLLOWER], format? true
2022-10-23 15:33:49,350 [Time-limited test] TRACE util.FileUtils (FileUtils.java:deleteFully(168)) - deleteFully target/test/data/efcb8261/MiniRaftClusterWithGrpc18568162/s0
2022-10-23 15:33:49,350 [Time-limited test] TRACE util.FileUtils (FileUtils.java:deleteFully(184)) - deleteFully: target/test/data/efcb8261/MiniRaftClusterWithGrpc18568162/s0 does not exist.
2022-10-23 15:33:49,350 [Time-limited test] INFO  impl.MiniRaftCluster (MiniRaftCluster.java:newRaftServer(387)) - Formatted directory target/test/data/efcb8261/MiniRaftClusterWithGrpc18568162/s0
2022-10-23 15:33:49,350 [Time-limited test] INFO  server.RaftServer (ConfUtils.java:logGet(46)) - raft.rpc.type = GRPC (default)
2022-10-23 15:33:49,350 [Time-limited test] INFO  grpc.GrpcConfigKeys (ConfUtils.java:logFallback(53)) - raft.grpc.admin.host = null (fallback to raft.grpc.server.host)
2022-10-23 15:33:49,350 [Time-limited test] INFO  grpc.GrpcConfigKeys (ConfUtils.java:logGet(46)) - raft.grpc.admin.port = 37357 (custom)
2022-10-23 15:33:49,350 [Time-limited test] INFO  grpc.GrpcConfigKeys (ConfUtils.java:logFallback(53)) - raft.grpc.client.host = null (fallback to raft.grpc.server.host)
2022-10-23 15:33:49,350 [Time-limited test] INFO  grpc.GrpcConfigKeys (ConfUtils.java:logGet(46)) - raft.grpc.client.port = 37779 (custom)
2022-10-23 15:33:49,351 [Time-limited test] INFO  grpc.GrpcConfigKeys (ConfUtils.java:logGet(46)) - raft.grpc.server.host = null (default)
2022-10-23 15:33:49,351 [Time-limited test] INFO  grpc.GrpcConfigKeys (ConfUtils.java:logGet(46)) - raft.grpc.server.port = 35473 (custom)
2022-10-23 15:33:49,351 [Time-limited test] INFO  server.GrpcService (ConfUtils.java:logGet(46)) - raft.grpc.message.size.max = 64MB (=67108864) (default)
2022-10-23 15:33:49,351 [Time-limited test] INFO  server.RaftServerConfigKeys (ConfUtils.java:logGet(46)) - raft.server.log.appender.buffer.byte-limit = 4MB (=4194304) (default)
2022-10-23 15:33:49,351 [Time-limited test] INFO  server.GrpcService (ConfUtils.java:logGet(46)) - raft.grpc.flow.control.window = 1MB (=1048576) (default)
2022-10-23 15:33:49,351 [Time-limited test] INFO  server.RaftServerConfigKeys (ConfUtils.java:logGet(46)) - raft.server.rpc.request.timeout = 3000ms (default)
2022-10-23 15:33:49,351 [Time-limited test] INFO  grpc.GrpcConfigKeys (ConfUtils.java:logGet(46)) - raft.grpc.server.heartbeat.channel = true (default)
2022-10-23 15:33:49,351 [Time-limited test] INFO  grpc.GrpcConfigKeys (ConfUtils.java:logGet(46)) - raft.grpc.server.async.request.thread.pool.cached = true (default)
2022-10-23 15:33:49,351 [Time-limited test] INFO  grpc.GrpcConfigKeys (ConfUtils.java:logGet(46)) - raft.grpc.server.async.request.thread.pool.size = 32 (default)
2022-10-23 15:33:49,352 [Time-limited test] INFO  impl.DataStreamServerImpl (ConfUtils.java:logGet(46)) - raft.datastream.type = DISABLED (default)
2022-10-23 15:33:49,352 [Time-limited test] INFO  server.RaftServerConfigKeys (ConfUtils.java:logGet(46)) - raft.server.threadpool.proxy.cached = true (default)
2022-10-23 15:33:49,352 [Time-limited test] INFO  server.RaftServerConfigKeys (ConfUtils.java:logGet(46)) - raft.server.threadpool.proxy.size = 0 (default)
2022-10-23 15:33:49,352 [Time-limited test] INFO  server.RaftServerConfigKeys (ConfUtils.java:logGet(46)) - raft.server.rpc.slowness.timeout = 60s (default)
2022-10-23 15:33:49,352 [Time-limited test] INFO  server.RaftServerConfigKeys (ConfUtils.java:logGet(46)) - raft.server.leaderelection.leader.step-down.wait-time = 10s (default)
2022-10-23 15:33:49,353 [Time-limited test] INFO  server.RaftServerConfigKeys (ConfUtils.java:logGet(46)) - raft.server.storage.dir = [/home/runner/work/ratis/ratis/ratis-test/target/test/data/efcb8261/MiniRaftClusterWithGrpc18568162/s0] (custom)
2022-10-23 15:33:49,353 [Time-limited test] INFO  server.RaftServer (RaftServerProxy.java:addNew(99)) - s0: addNew group-16C2524519DB:[s0|rpc:localhost:35473|admin:localhost:37357|client:localhost:37779|dataStream:localhost:40709|priority:0|startupRole:FOLLOWER, s1|rpc:localhost:36091|admin:localhost:41449|client:localhost:34501|dataStream:localhost:38049|priority:0|startupRole:FOLLOWER, s2|rpc:localhost:33163|admin:localhost:37485|client:localhost:34167|dataStream:localhost:45917|priority:0|startupRole:FOLLOWER] returns group-16C2524519DB:java.util.concurrent.CompletableFuture@31973735[Not completed]
2022-10-23 15:33:49,353 [Time-limited test] INFO  impl.MiniRaftCluster (MiniRaftCluster.java:newRaftServer(382)) - newRaftServer: s1, group-16C2524519DB:[s0|rpc:localhost:35473|admin:localhost:37357|client:localhost:37779|dataStream:localhost:40709|priority:0|startupRole:FOLLOWER, s1|rpc:localhost:36091|admin:localhost:41449|client:localhost:34501|dataStream:localhost:38049|priority:0|startupRole:FOLLOWER, s2|rpc:localhost:33163|admin:localhost:37485|client:localhost:34167|dataStream:localhost:45917|priority:0|startupRole:FOLLOWER], format? true
2022-10-23 15:33:49,353 [Time-limited test] TRACE util.FileUtils (FileUtils.java:deleteFully(168)) - deleteFully target/test/data/efcb8261/MiniRaftClusterWithGrpc18568162/s1
2022-10-23 15:33:49,353 [Time-limited test] TRACE util.FileUtils (FileUtils.java:deleteFully(184)) - deleteFully: target/test/data/efcb8261/MiniRaftClusterWithGrpc18568162/s1 does not exist.
2022-10-23 15:33:49,353 [Time-limited test] INFO  impl.MiniRaftCluster (MiniRaftCluster.java:newRaftServer(387)) - Formatted directory target/test/data/efcb8261/MiniRaftClusterWithGrpc18568162/s1
2022-10-23 15:33:49,354 [Time-limited test] INFO  server.RaftServer (ConfUtils.java:logGet(46)) - raft.rpc.type = GRPC (default)
2022-10-23 15:33:49,354 [Time-limited test] INFO  grpc.GrpcConfigKeys (ConfUtils.java:logFallback(53)) - raft.grpc.admin.host = null (fallback to raft.grpc.server.host)
2022-10-23 15:33:49,354 [Time-limited test] INFO  grpc.GrpcConfigKeys (ConfUtils.java:logGet(46)) - raft.grpc.admin.port = 41449 (custom)
2022-10-23 15:33:49,354 [Time-limited test] INFO  grpc.GrpcConfigKeys (ConfUtils.java:logFallback(53)) - raft.grpc.client.host = null (fallback to raft.grpc.server.host)
2022-10-23 15:33:49,354 [Time-limited test] INFO  grpc.GrpcConfigKeys (ConfUtils.java:logGet(46)) - raft.grpc.client.port = 34501 (custom)
2022-10-23 15:33:49,354 [Time-limited test] INFO  grpc.GrpcConfigKeys (ConfUtils.java:logGet(46)) - raft.grpc.server.host = null (default)
2022-10-23 15:33:49,354 [Time-limited test] INFO  grpc.GrpcConfigKeys (ConfUtils.java:logGet(46)) - raft.grpc.server.port = 36091 (custom)
2022-10-23 15:33:49,354 [Time-limited test] INFO  server.GrpcService (ConfUtils.java:logGet(46)) - raft.grpc.message.size.max = 64MB (=67108864) (default)
2022-10-23 15:33:49,354 [Time-limited test] INFO  server.RaftServerConfigKeys (ConfUtils.java:logGet(46)) - raft.server.log.appender.buffer.byte-limit = 4MB (=4194304) (default)
2022-10-23 15:33:49,354 [Time-limited test] INFO  server.GrpcService (ConfUtils.java:logGet(46)) - raft.grpc.flow.control.window = 1MB (=1048576) (default)
2022-10-23 15:33:49,354 [Time-limited test] INFO  server.RaftServerConfigKeys (ConfUtils.java:logGet(46)) - raft.server.rpc.request.timeout = 3000ms (default)
2022-10-23 15:33:49,354 [Time-limited test] INFO  grpc.GrpcConfigKeys (ConfUtils.java:logGet(46)) - raft.grpc.server.heartbeat.channel = true (default)
2022-10-23 15:33:49,354 [Time-limited test] INFO  grpc.GrpcConfigKeys (ConfUtils.java:logGet(46)) - raft.grpc.server.async.request.thread.pool.cached = true (default)
2022-10-23 15:33:49,354 [Time-limited test] INFO  grpc.GrpcConfigKeys (ConfUtils.java:logGet(46)) - raft.grpc.server.async.request.thread.pool.size = 32 (default)
2022-10-23 15:33:49,355 [Time-limited test] INFO  impl.DataStreamServerImpl (ConfUtils.java:logGet(46)) - raft.datastream.type = DISABLED (default)
2022-10-23 15:33:49,355 [Time-limited test] INFO  server.RaftServerConfigKeys (ConfUtils.java:logGet(46)) - raft.server.threadpool.proxy.cached = true (default)
2022-10-23 15:33:49,355 [Time-limited test] INFO  server.RaftServerConfigKeys (ConfUtils.java:logGet(46)) - raft.server.threadpool.proxy.size = 0 (default)
2022-10-23 15:33:49,355 [Time-limited test] INFO  server.RaftServerConfigKeys (ConfUtils.java:logGet(46)) - raft.server.rpc.slowness.timeout = 60s (default)
2022-10-23 15:33:49,355 [Time-limited test] INFO  server.RaftServerConfigKeys (ConfUtils.java:logGet(46)) - raft.server.leaderelection.leader.step-down.wait-time = 10s (default)
2022-10-23 15:33:49,355 [Time-limited test] INFO  server.RaftServerConfigKeys (ConfUtils.java:logGet(46)) - raft.server.storage.dir = [/home/runner/work/ratis/ratis/ratis-test/target/test/data/efcb8261/MiniRaftClusterWithGrpc18568162/s1] (custom)
2022-10-23 15:33:49,356 [pool-18-thread-1] INFO  server.RaftServer$Division (RaftServerImpl.java:<init>(198)) - s0: new RaftServerImpl for group-16C2524519DB:[s0|rpc:localhost:35473|admin:localhost:37357|client:localhost:37779|dataStream:localhost:40709|priority:0|startupRole:FOLLOWER, s1|rpc:localhost:36091|admin:localhost:41449|client:localhost:34501|dataStream:localhost:38049|priority:0|startupRole:FOLLOWER, s2|rpc:localhost:33163|admin:localhost:37485|client:localhost:34167|dataStream:localhost:45917|priority:0|startupRole:FOLLOWER] with CounterStateMachine:uninitialized
2022-10-23 15:33:49,356 [pool-18-thread-1] INFO  server.RaftServerConfigKeys (ConfUtils.java:logGet(46)) - raft.server.rpc.timeout.min = 150ms (default)
2022-10-23 15:33:49,356 [pool-18-thread-1] INFO  server.RaftServerConfigKeys (ConfUtils.java:logGet(46)) - raft.server.rpc.timeout.max = 300ms (default)
2022-10-23 15:33:49,356 [pool-18-thread-1] INFO  server.RaftServerConfigKeys (ConfUtils.java:logGet(46)) - raft.server.rpc.sleep.time = 25ms (default)
2022-10-23 15:33:49,356 [pool-18-thread-1] INFO  server.RaftServerConfigKeys (ConfUtils.java:logGet(46)) - raft.server.rpc.slowness.timeout = 60s (default)
2022-10-23 15:33:49,356 [pool-18-thread-1] INFO  server.RaftServerConfigKeys (ConfUtils.java:logGet(46)) - raft.server.leaderelection.leader.step-down.wait-time = 10s (default)
2022-10-23 15:33:49,356 [pool-18-thread-1] INFO  server.RaftServerConfigKeys (ConfUtils.java:logGet(46)) - raft.server.sleep.deviation.threshold = 300ms (default)
2022-10-23 15:33:49,356 [pool-18-thread-1] INFO  server.RaftServer$Division (ServerState.java:<init>(113)) - s0@group-16C2524519DB: ConfigurationManager, init=-1: peers:[s0|rpc:localhost:35473|admin:localhost:37357|client:localhost:37779|dataStream:localhost:40709|priority:0|startupRole:FOLLOWER, s1|rpc:localhost:36091|admin:localhost:41449|client:localhost:34501|dataStream:localhost:38049|priority:0|startupRole:FOLLOWER, s2|rpc:localhost:33163|admin:localhost:37485|client:localhost:34167|dataStream:localhost:45917|priority:0|startupRole:FOLLOWER]|listeners:[], old=null, confs=<EMPTY_MAP>
2022-10-23 15:33:49,356 [pool-18-thread-1] INFO  server.RaftServerConfigKeys (ConfUtils.java:logGet(46)) - raft.server.notification.no-leader.timeout = 60s (default)
2022-10-23 15:33:49,356 [pool-18-thread-1] INFO  server.RaftServerConfigKeys (ConfUtils.java:logGet(46)) - raft.server.read.timeout = 10s (default)
2022-10-23 15:33:49,356 [pool-18-thread-1] INFO  server.RaftServerConfigKeys (ConfUtils.java:logGet(46)) - raft.server.retrycache.expirytime = 60s (default)
2022-10-23 15:33:49,357 [pool-18-thread-1] INFO  server.RaftServerConfigKeys (ConfUtils.java:logGet(46)) - raft.server.retrycache.statistics.expirytime = 100μs (default)
2022-10-23 15:33:49,357 [pool-18-thread-1] INFO  server.RaftServerConfigKeys (ConfUtils.java:logGet(46)) - raft.server.read.option = LINEARIZABLE (custom)
2022-10-23 15:33:49,357 [pool-18-thread-1] INFO  server.RaftServerConfigKeys (ConfUtils.java:logGet(46)) - raft.server.log.appender.install.snapshot.enabled = true (default)
2022-10-23 15:33:49,357 [pool-18-thread-1] INFO  server.RaftServerConfigKeys (ConfUtils.java:logGet(46)) - raft.server.threadpool.server.cached = true (default)
2022-10-23 15:33:49,357 [pool-18-thread-1] INFO  server.RaftServerConfigKeys (ConfUtils.java:logGet(46)) - raft.server.threadpool.server.size = 0 (default)
2022-10-23 15:33:49,358 [pool-18-thread-1] INFO  server.RaftServerConfigKeys (ConfUtils.java:logGet(46)) - raft.server.threadpool.client.cached = true (default)
2022-10-23 15:33:49,358 [pool-18-thread-1] INFO  server.RaftServerConfigKeys (ConfUtils.java:logGet(46)) - raft.server.threadpool.client.size = 0 (default)
2022-10-23 15:33:49,370 [Time-limited test] INFO  server.RaftServer (RaftServerProxy.java:addNew(99)) - s1: addNew group-16C2524519DB:[s0|rpc:localhost:35473|admin:localhost:37357|client:localhost:37779|dataStream:localhost:40709|priority:0|startupRole:FOLLOWER, s1|rpc:localhost:36091|admin:localhost:41449|client:localhost:34501|dataStream:localhost:38049|priority:0|startupRole:FOLLOWER, s2|rpc:localhost:33163|admin:localhost:37485|client:localhost:34167|dataStream:localhost:45917|priority:0|startupRole:FOLLOWER] returns group-16C2524519DB:java.util.concurrent.CompletableFuture@5628ee55[Not completed]
2022-10-23 15:33:49,370 [Time-limited test] INFO  impl.MiniRaftCluster (MiniRaftCluster.java:newRaftServer(382)) - newRaftServer: s2, group-16C2524519DB:[s0|rpc:localhost:35473|admin:localhost:37357|client:localhost:37779|dataStream:localhost:40709|priority:0|startupRole:FOLLOWER, s1|rpc:localhost:36091|admin:localhost:41449|client:localhost:34501|dataStream:localhost:38049|priority:0|startupRole:FOLLOWER, s2|rpc:localhost:33163|admin:localhost:37485|client:localhost:34167|dataStream:localhost:45917|priority:0|startupRole:FOLLOWER], format? true
2022-10-23 15:33:49,370 [Time-limited test] TRACE util.FileUtils (FileUtils.java:deleteFully(168)) - deleteFully target/test/data/efcb8261/MiniRaftClusterWithGrpc18568162/s2
2022-10-23 15:33:49,370 [Time-limited test] TRACE util.FileUtils (FileUtils.java:deleteFully(184)) - deleteFully: target/test/data/efcb8261/MiniRaftClusterWithGrpc18568162/s2 does not exist.
2022-10-23 15:33:49,370 [Time-limited test] INFO  impl.MiniRaftCluster (MiniRaftCluster.java:newRaftServer(387)) - Formatted directory target/test/data/efcb8261/MiniRaftClusterWithGrpc18568162/s2
2022-10-23 15:33:49,370 [pool-19-thread-1] INFO  server.RaftServer$Division (RaftServerImpl.java:<init>(198)) - s1: new RaftServerImpl for group-16C2524519DB:[s0|rpc:localhost:35473|admin:localhost:37357|client:localhost:37779|dataStream:localhost:40709|priority:0|startupRole:FOLLOWER, s1|rpc:localhost:36091|admin:localhost:41449|client:localhost:34501|dataStream:localhost:38049|priority:0|startupRole:FOLLOWER, s2|rpc:localhost:33163|admin:localhost:37485|client:localhost:34167|dataStream:localhost:45917|priority:0|startupRole:FOLLOWER] with CounterStateMachine:uninitialized
2022-10-23 15:33:49,371 [Time-limited test] INFO  server.RaftServer (ConfUtils.java:logGet(46)) - raft.rpc.type = GRPC (default)
2022-10-23 15:33:49,371 [pool-19-thread-1] INFO  server.RaftServerConfigKeys (ConfUtils.java:logGet(46)) - raft.server.rpc.timeout.min = 150ms (default)
2022-10-23 15:33:49,371 [Time-limited test] INFO  grpc.GrpcConfigKeys (ConfUtils.java:logFallback(53)) - raft.grpc.admin.host = null (fallback to raft.grpc.server.host)
2022-10-23 15:33:49,371 [pool-19-thread-1] INFO  server.RaftServerConfigKeys (ConfUtils.java:logGet(46)) - raft.server.rpc.timeout.max = 300ms (default)
2022-10-23 15:33:49,371 [Time-limited test] INFO  grpc.GrpcConfigKeys (ConfUtils.java:logGet(46)) - raft.grpc.admin.port = 37485 (custom)
2022-10-23 15:33:49,371 [Time-limited test] INFO  grpc.GrpcConfigKeys (ConfUtils.java:logFallback(53)) - raft.grpc.client.host = null (fallback to raft.grpc.server.host)
2022-10-23 15:33:49,371 [pool-19-thread-1] INFO  server.RaftServerConfigKeys (ConfUtils.java:logGet(46)) - raft.server.rpc.sleep.time = 25ms (default)
2022-10-23 15:33:49,371 [Time-limited test] INFO  grpc.GrpcConfigKeys (ConfUtils.java:logGet(46)) - raft.grpc.client.port = 34167 (custom)
2022-10-23 15:33:49,371 [Time-limited test] INFO  grpc.GrpcConfigKeys (ConfUtils.java:logGet(46)) - raft.grpc.server.host = null (default)
2022-10-23 15:33:49,371 [Time-limited test] INFO  grpc.GrpcConfigKeys (ConfUtils.java:logGet(46)) - raft.grpc.server.port = 33163 (custom)
2022-10-23 15:33:49,371 [Time-limited test] INFO  server.GrpcService (ConfUtils.java:logGet(46)) - raft.grpc.message.size.max = 64MB (=67108864) (default)
2022-10-23 15:33:49,371 [Time-limited test] INFO  server.RaftServerConfigKeys (ConfUtils.java:logGet(46)) - raft.server.log.appender.buffer.byte-limit = 4MB (=4194304) (default)
2022-10-23 15:33:49,371 [Time-limited test] INFO  server.GrpcService (ConfUtils.java:logGet(46)) - raft.grpc.flow.control.window = 1MB (=1048576) (default)
2022-10-23 15:33:49,371 [Time-limited test] INFO  server.RaftServerConfigKeys (ConfUtils.java:logGet(46)) - raft.server.rpc.request.timeout = 3000ms (default)
2022-10-23 15:33:49,372 [Time-limited test] INFO  grpc.GrpcConfigKeys (ConfUtils.java:logGet(46)) - raft.grpc.server.heartbeat.channel = true (default)
2022-10-23 15:33:49,371 [pool-19-thread-1] INFO  server.RaftServerConfigKeys (ConfUtils.java:logGet(46)) - raft.server.rpc.slowness.timeout = 60s (default)
2022-10-23 15:33:49,372 [Time-limited test] INFO  grpc.GrpcConfigKeys (ConfUtils.java:logGet(46)) - raft.grpc.server.async.request.thread.pool.cached = true (default)
2022-10-23 15:33:49,372 [Time-limited test] INFO  grpc.GrpcConfigKeys (ConfUtils.java:logGet(46)) - raft.grpc.server.async.request.thread.pool.size = 32 (default)
2022-10-23 15:33:49,372 [pool-19-thread-1] INFO  server.RaftServerConfigKeys (ConfUtils.java:logGet(46)) - raft.server.leaderelection.leader.step-down.wait-time = 10s (default)
2022-10-23 15:33:49,372 [pool-19-thread-1] INFO  server.RaftServerConfigKeys (ConfUtils.java:logGet(46)) - raft.server.sleep.deviation.threshold = 300ms (default)
2022-10-23 15:33:49,372 [pool-19-thread-1] INFO  server.RaftServer$Division (ServerState.java:<init>(113)) - s1@group-16C2524519DB: ConfigurationManager, init=-1: peers:[s0|rpc:localhost:35473|admin:localhost:37357|client:localhost:37779|dataStream:localhost:40709|priority:0|startupRole:FOLLOWER, s1|rpc:localhost:36091|admin:localhost:41449|client:localhost:34501|dataStream:localhost:38049|priority:0|startupRole:FOLLOWER, s2|rpc:localhost:33163|admin:localhost:37485|client:localhost:34167|dataStream:localhost:45917|priority:0|startupRole:FOLLOWER]|listeners:[], old=null, confs=<EMPTY_MAP>
2022-10-23 15:33:49,372 [pool-19-thread-1] INFO  server.RaftServerConfigKeys (ConfUtils.java:logGet(46)) - raft.server.notification.no-leader.timeout = 60s (default)
2022-10-23 15:33:49,372 [pool-19-thread-1] INFO  server.RaftServerConfigKeys (ConfUtils.java:logGet(46)) - raft.server.read.timeout = 10s (default)
2022-10-23 15:33:49,372 [pool-19-thread-1] INFO  server.RaftServerConfigKeys (ConfUtils.java:logGet(46)) - raft.server.retrycache.expirytime = 60s (default)
2022-10-23 15:33:49,372 [pool-19-thread-1] INFO  server.RaftServerConfigKeys (ConfUtils.java:logGet(46)) - raft.server.retrycache.statistics.expirytime = 100μs (default)
2022-10-23 15:33:49,372 [pool-19-thread-1] INFO  server.RaftServerConfigKeys (ConfUtils.java:logGet(46)) - raft.server.read.option = LINEARIZABLE (custom)
2022-10-23 15:33:49,372 [Time-limited test] INFO  impl.DataStreamServerImpl (ConfUtils.java:logGet(46)) - raft.datastream.type = DISABLED (default)
2022-10-23 15:33:49,373 [Time-limited test] INFO  server.RaftServerConfigKeys (ConfUtils.java:logGet(46)) - raft.server.threadpool.proxy.cached = true (default)
2022-10-23 15:33:49,373 [Time-limited test] INFO  server.RaftServerConfigKeys (ConfUtils.java:logGet(46)) - raft.server.threadpool.proxy.size = 0 (default)
2022-10-23 15:33:49,373 [Time-limited test] INFO  server.RaftServerConfigKeys (ConfUtils.java:logGet(46)) - raft.server.rpc.slowness.timeout = 60s (default)
2022-10-23 15:33:49,373 [Time-limited test] INFO  server.RaftServerConfigKeys (ConfUtils.java:logGet(46)) - raft.server.leaderelection.leader.step-down.wait-time = 10s (default)
2022-10-23 15:33:49,373 [Time-limited test] INFO  server.RaftServerConfigKeys (ConfUtils.java:logGet(46)) - raft.server.storage.dir = [/home/runner/work/ratis/ratis/ratis-test/target/test/data/efcb8261/MiniRaftClusterWithGrpc18568162/s2] (custom)
2022-10-23 15:33:49,373 [pool-19-thread-1] INFO  server.RaftServerConfigKeys (ConfUtils.java:logGet(46)) - raft.server.log.appender.install.snapshot.enabled = true (default)
2022-10-23 15:33:49,373 [pool-19-thread-1] INFO  server.RaftServerConfigKeys (ConfUtils.java:logGet(46)) - raft.server.threadpool.server.cached = true (default)
2022-10-23 15:33:49,374 [pool-19-thread-1] INFO  server.RaftServerConfigKeys (ConfUtils.java:logGet(46)) - raft.server.threadpool.server.size = 0 (default)
2022-10-23 15:33:49,374 [pool-19-thread-1] INFO  server.RaftServerConfigKeys (ConfUtils.java:logGet(46)) - raft.server.threadpool.client.cached = true (default)
2022-10-23 15:33:49,374 [pool-19-thread-1] INFO  server.RaftServerConfigKeys (ConfUtils.java:logGet(46)) - raft.server.threadpool.client.size = 0 (default)
2022-10-23 15:33:49,374 [Time-limited test] INFO  server.RaftServer (RaftServerProxy.java:addNew(99)) - s2: addNew group-16C2524519DB:[s0|rpc:localhost:35473|admin:localhost:37357|client:localhost:37779|dataStream:localhost:40709|priority:0|startupRole:FOLLOWER, s1|rpc:localhost:36091|admin:localhost:41449|client:localhost:34501|dataStream:localhost:38049|priority:0|startupRole:FOLLOWER, s2|rpc:localhost:33163|admin:localhost:37485|client:localhost:34167|dataStream:localhost:45917|priority:0|startupRole:FOLLOWER] returns group-16C2524519DB:java.util.concurrent.CompletableFuture@64bcf668[Not completed]
2022-10-23 15:33:49,374 [pool-20-thread-1] INFO  server.RaftServer$Division (RaftServerImpl.java:<init>(198)) - s2: new RaftServerImpl for group-16C2524519DB:[s0|rpc:localhost:35473|admin:localhost:37357|client:localhost:37779|dataStream:localhost:40709|priority:0|startupRole:FOLLOWER, s1|rpc:localhost:36091|admin:localhost:41449|client:localhost:34501|dataStream:localhost:38049|priority:0|startupRole:FOLLOWER, s2|rpc:localhost:33163|admin:localhost:37485|client:localhost:34167|dataStream:localhost:45917|priority:0|startupRole:FOLLOWER] with CounterStateMachine:uninitialized
2022-10-23 15:33:49,374 [s0-impl-thread1] INFO  server.RaftServerConfigKeys (ConfUtils.java:logGet(46)) - raft.server.storage.free-space.min = 0MB (=0) (default)
2022-10-23 15:33:49,374 [pool-20-thread-1] INFO  server.RaftServerConfigKeys (ConfUtils.java:logGet(46)) - raft.server.rpc.timeout.min = 150ms (default)
2022-10-23 15:33:49,374 [s0-impl-thread1] INFO  server.RaftServerConfigKeys (ConfUtils.java:logGet(46)) - raft.server.log.corruption.policy = EXCEPTION (default)
2022-10-23 15:33:49,374 [pool-20-thread-1] INFO  server.RaftServerConfigKeys (ConfUtils.java:logGet(46)) - raft.server.rpc.timeout.max = 300ms (default)
2022-10-23 15:33:49,374 [pool-20-thread-1] INFO  server.RaftServerConfigKeys (ConfUtils.java:logGet(46)) - raft.server.rpc.sleep.time = 25ms (default)
2022-10-23 15:33:49,374 [s0-impl-thread1] INFO  server.RaftServerConfigKeys (ConfUtils.java:logGet(46)) - raft.server.storage.dir = [/home/runner/work/ratis/ratis/ratis-test/target/test/data/efcb8261/MiniRaftClusterWithGrpc18568162/s0] (custom)
2022-10-23 15:33:49,375 [s0-impl-thread1] INFO  storage.RaftStorageDirectory (RaftStorageDirectoryImpl.java:analyzeStorage(138)) - The storage directory /home/runner/work/ratis/ratis/ratis-test/target/test/data/efcb8261/MiniRaftClusterWithGrpc18568162/s0/c075f36b-0277-41b7-bad6-16c2524519db does not exist. Creating ...
2022-10-23 15:33:49,375 [s0-impl-thread1] TRACE util.FileUtils (LogUtils.java:runAndLog(49)) - Successfully ran Files.createDirectories /home/runner/work/ratis/ratis/ratis-test/target/test/data/efcb8261/MiniRaftClusterWithGrpc18568162/s0/c075f36b-0277-41b7-bad6-16c2524519db
2022-10-23 15:33:49,376 [pool-20-thread-1] INFO  server.RaftServerConfigKeys (ConfUtils.java:logGet(46)) - raft.server.rpc.slowness.timeout = 60s (default)
2022-10-23 15:33:49,376 [s0-impl-thread1] INFO  storage.RaftStorageDirectory (RaftStorageDirectoryImpl.java:tryLock(232)) - Lock on /home/runner/work/ratis/ratis/ratis-test/target/test/data/efcb8261/MiniRaftClusterWithGrpc18568162/s0/c075f36b-0277-41b7-bad6-16c2524519db/in_use.lock acquired by nodename 16288@fv-az426-456
2022-10-23 15:33:49,376 [s0-impl-thread1] TRACE util.FileUtils (LogUtils.java:runAndLog(49)) - Successfully ran Files.createDirectories /home/runner/work/ratis/ratis/ratis-test/target/test/data/efcb8261/MiniRaftClusterWithGrpc18568162/s0/c075f36b-0277-41b7-bad6-16c2524519db/current
2022-10-23 15:33:49,376 [s0-impl-thread1] TRACE util.FileUtils (LogUtils.java:runAndLog(49)) - Successfully ran Files.createDirectories /home/runner/work/ratis/ratis/ratis-test/target/test/data/efcb8261/MiniRaftClusterWithGrpc18568162/s0/c075f36b-0277-41b7-bad6-16c2524519db/sm
2022-10-23 15:33:49,376 [pool-20-thread-1] INFO  server.RaftServerConfigKeys (ConfUtils.java:logGet(46)) - raft.server.leaderelection.leader.step-down.wait-time = 10s (default)
2022-10-23 15:33:49,377 [pool-20-thread-1] INFO  server.RaftServerConfigKeys (ConfUtils.java:logGet(46)) - raft.server.sleep.deviation.threshold = 300ms (default)
2022-10-23 15:33:49,377 [pool-20-thread-1] INFO  server.RaftServer$Division (ServerState.java:<init>(113)) - s2@group-16C2524519DB: ConfigurationManager, init=-1: peers:[s0|rpc:localhost:35473|admin:localhost:37357|client:localhost:37779|dataStream:localhost:40709|priority:0|startupRole:FOLLOWER, s1|rpc:localhost:36091|admin:localhost:41449|client:localhost:34501|dataStream:localhost:38049|priority:0|startupRole:FOLLOWER, s2|rpc:localhost:33163|admin:localhost:37485|client:localhost:34167|dataStream:localhost:45917|priority:0|startupRole:FOLLOWER]|listeners:[], old=null, confs=<EMPTY_MAP>
2022-10-23 15:33:49,377 [pool-20-thread-1] INFO  server.RaftServerConfigKeys (ConfUtils.java:logGet(46)) - raft.server.notification.no-leader.timeout = 60s (default)
2022-10-23 15:33:49,377 [pool-20-thread-1] INFO  server.RaftServerConfigKeys (ConfUtils.java:logGet(46)) - raft.server.read.timeout = 10s (default)
2022-10-23 15:33:49,377 [pool-20-thread-1] INFO  server.RaftServerConfigKeys (ConfUtils.java:logGet(46)) - raft.server.retrycache.expirytime = 60s (default)
2022-10-23 15:33:49,377 [pool-20-thread-1] INFO  server.RaftServerConfigKeys (ConfUtils.java:logGet(46)) - raft.server.retrycache.statistics.expirytime = 100μs (default)
2022-10-23 15:33:49,377 [pool-20-thread-1] INFO  server.RaftServerConfigKeys (ConfUtils.java:logGet(46)) - raft.server.read.option = LINEARIZABLE (custom)
2022-10-23 15:33:49,377 [s0-impl-thread1] INFO  storage.RaftStorage (RaftStorageImpl.java:format(96)) - Storage directory /home/runner/work/ratis/ratis/ratis-test/target/test/data/efcb8261/MiniRaftClusterWithGrpc18568162/s0/c075f36b-0277-41b7-bad6-16c2524519db has been successfully formatted.
2022-10-23 15:33:49,377 [s0-impl-thread1] INFO  server.RaftServerConfigKeys (ConfUtils.java:logGet(46)) - raft.server.log.use.memory = false (default)
2022-10-23 15:33:49,377 [s0-impl-thread1] INFO  server.RaftServerConfigKeys (ConfUtils.java:logGet(46)) - raft.server.log.purge.gap = 1024 (default)
2022-10-23 15:33:49,378 [s0-impl-thread1] INFO  server.RaftServerConfigKeys (ConfUtils.java:logGet(46)) - raft.server.log.appender.buffer.byte-limit = 4MB (=4194304) (default)
2022-10-23 15:33:49,378 [s0-impl-thread1] INFO  server.RaftServerConfigKeys (ConfUtils.java:logGet(46)) - raft.server.log.statemachine.data.read.timeout = 1000ms (default)
2022-10-23 15:33:49,378 [s0-impl-thread1] INFO  server.RaftServerConfigKeys (ConfUtils.java:logGet(46)) - raft.server.log.purge.preservation.log.num = 0 (default)
2022-10-23 15:33:49,378 [s0-impl-thread1] INFO  server.RaftServerConfigKeys (ConfUtils.java:logGet(46)) - raft.server.log.segment.size.max = 8MB (=8388608) (default)
2022-10-23 15:33:49,379 [pool-20-thread-1] INFO  server.RaftServerConfigKeys (ConfUtils.java:logGet(46)) - raft.server.log.appender.install.snapshot.enabled = true (default)
2022-10-23 15:33:49,379 [s0-impl-thread1] INFO  server.RaftServerConfigKeys (ConfUtils.java:logGet(46)) - raft.server.log.segment.cache.num.max = 6 (default)
2022-10-23 15:33:49,379 [s0-impl-thread1] INFO  server.RaftServerConfigKeys (ConfUtils.java:logGet(46)) - raft.server.log.segment.cache.size.max = 200MB (=209715200) (default)
2022-10-23 15:33:49,379 [s0-impl-thread1] INFO  segmented.SegmentedRaftLogWorker (SegmentedRaftLogWorker.java:<init>(184)) - new s0@group-16C2524519DB-SegmentedRaftLogWorker for RaftStorageImpl:Storage Directory /home/runner/work/ratis/ratis/ratis-test/target/test/data/efcb8261/MiniRaftClusterWithGrpc18568162/s0/c075f36b-0277-41b7-bad6-16c2524519db
2022-10-23 15:33:49,379 [s0-impl-thread1] INFO  server.RaftServerConfigKeys (ConfUtils.java:logGet(46)) - raft.server.log.queue.byte-limit = 64MB (=67108864) (default)
2022-10-23 15:33:49,379 [s0-impl-thread1] INFO  server.RaftServerConfigKeys (ConfUtils.java:logGet(46)) - raft.server.log.queue.element-limit = 4096 (default)
2022-10-23 15:33:49,379 [s0-impl-thread1] INFO  server.RaftServerConfigKeys (ConfUtils.java:logGet(46)) - raft.server.log.segment.size.max = 8MB (=8388608) (default)
2022-10-23 15:33:49,379 [s0-impl-thread1] INFO  server.RaftServerConfigKeys (ConfUtils.java:logGet(46)) - raft.server.log.preallocated.size = 4MB (=4194304) (default)
2022-10-23 15:33:49,379 [s0-impl-thread1] INFO  server.RaftServerConfigKeys (ConfUtils.java:logGet(46)) - raft.server.log.force.sync.num = 128 (default)
2022-10-23 15:33:49,379 [s0-impl-thread1] INFO  server.RaftServerConfigKeys (ConfUtils.java:logGet(46)) - raft.server.log.statemachine.data.sync = true (default)
2022-10-23 15:33:49,379 [s0-impl-thread1] INFO  server.RaftServerConfigKeys (ConfUtils.java:logGet(46)) - raft.server.log.statemachine.data.sync.timeout = 10s (default)
2022-10-23 15:33:49,379 [s0-impl-thread1] INFO  server.RaftServerConfigKeys (ConfUtils.java:logGet(46)) - raft.server.log.statemachine.data.sync.timeout.retry = -1 (default)
2022-10-23 15:33:49,379 [s0-impl-thread1] INFO  server.RaftServerConfigKeys (ConfUtils.java:logGet(46)) - raft.server.log.write.buffer.size = 64KB (=65536) (default)
2022-10-23 15:33:49,379 [s0-impl-thread1] INFO  server.RaftServerConfigKeys (ConfUtils.java:logGet(46)) - raft.server.log.appender.buffer.byte-limit = 4MB (=4194304) (default)
2022-10-23 15:33:49,379 [s0-impl-thread1] INFO  server.RaftServerConfigKeys (ConfUtils.java:logGet(46)) - raft.server.log.unsafe-flush.enabled = false (default)
2022-10-23 15:33:49,379 [s0-impl-thread1] INFO  server.RaftServerConfigKeys (ConfUtils.java:logGet(46)) - raft.server.log.async-flush.enabled = false (default)
2022-10-23 15:33:49,379 [s0-impl-thread1] INFO  server.RaftServerConfigKeys (ConfUtils.java:logGet(46)) - raft.server.log.statemachine.data.caching.enabled = false (default)
2022-10-23 15:33:49,379 [s0-impl-thread1] INFO  segmented.SegmentedRaftLogWorker (SegmentedRaftLogWorker.java:lambda$new$0(134)) - s0@group-16C2524519DB-SegmentedRaftLogWorker: flushIndex: setUnconditionally 0 -> -1
2022-10-23 15:33:49,379 [s0-impl-thread1] INFO  segmented.SegmentedRaftLogWorker (SegmentedRaftLogWorker.java:lambda$new$0(134)) - s0@group-16C2524519DB-SegmentedRaftLogWorker: safeCacheEvictIndex: setUnconditionally 0 -> -1
2022-10-23 15:33:49,379 [pool-20-thread-1] INFO  server.RaftServerConfigKeys (ConfUtils.java:logGet(46)) - raft.server.threadpool.server.cached = true (default)
2022-10-23 15:33:49,379 [pool-20-thread-1] INFO  server.RaftServerConfigKeys (ConfUtils.java:logGet(46)) - raft.server.threadpool.server.size = 0 (default)
2022-10-23 15:33:49,380 [pool-20-thread-1] INFO  server.RaftServerConfigKeys (ConfUtils.java:logGet(46)) - raft.server.threadpool.client.cached = true (default)
2022-10-23 15:33:49,380 [pool-20-thread-1] INFO  server.RaftServerConfigKeys (ConfUtils.java:logGet(46)) - raft.server.threadpool.client.size = 0 (default)
2022-10-23 15:33:49,380 [s0-impl-thread1] INFO  server.RaftServer$Division (RaftServerImpl.java:start(338)) - s0@group-16C2524519DB: start as a follower, conf=-1: peers:[s0|rpc:localhost:35473|admin:localhost:37357|client:localhost:37779|dataStream:localhost:40709|priority:0|startupRole:FOLLOWER, s1|rpc:localhost:36091|admin:localhost:41449|client:localhost:34501|dataStream:localhost:38049|priority:0|startupRole:FOLLOWER, s2|rpc:localhost:33163|admin:localhost:37485|client:localhost:34167|dataStream:localhost:45917|priority:0|startupRole:FOLLOWER]|listeners:[], old=null
2022-10-23 15:33:49,380 [s0-impl-thread1] INFO  server.RaftServer$Division (RaftServerImpl.java:setRole(325)) - s0@group-16C2524519DB: changes role from      null to FOLLOWER at term 0 for startAsFollower
2022-10-23 15:33:49,380 [s0-impl-thread1] INFO  impl.RoleInfo (RoleInfo.java:updateAndGet(139)) - s0: start s0@group-16C2524519DB-FollowerState
2022-10-23 15:33:49,380 [s0-impl-thread1] INFO  util.JmxRegister (JmxRegister.java:tryRegister(44)) - Successfully registered JMX Bean with object name Ratis:service=RaftServer,group=group-16C2524519DB,id=s0
2022-10-23 15:33:49,380 [s0-impl-thread1] INFO  server.RaftServerConfigKeys (ConfUtils.java:logGet(46)) - raft.server.snapshot.auto.trigger.enabled = false (default)
2022-10-23 15:33:49,380 [s0-impl-thread1] INFO  server.RaftServerConfigKeys (ConfUtils.java:logGet(46)) - raft.server.snapshot.retention.file.num = -1 (default)
2022-10-23 15:33:49,380 [s0-impl-thread1] INFO  server.RaftServerConfigKeys (ConfUtils.java:logGet(46)) - raft.server.log.purge.upto.snapshot.index = false (default)
2022-10-23 15:33:49,380 [s0@group-16C2524519DB-FollowerState] INFO  server.RaftServerConfigKeys (ConfUtils.java:logFallback(53)) - raft.server.rpc.first-election.timeout.min = 150ms (fallback to raft.server.rpc.timeout.min)
2022-10-23 15:33:49,381 [s0@group-16C2524519DB-FollowerState] INFO  server.RaftServerConfigKeys (ConfUtils.java:logFallback(53)) - raft.server.rpc.first-election.timeout.max = 300ms (fallback to raft.server.rpc.timeout.max)
2022-10-23 15:33:49,382 [Time-limited test] INFO  server.RaftServer (RaftServerProxy.java:startImpl(396)) - s0: start RPC server
2022-10-23 15:33:49,382 [Time-limited test] INFO  server.GrpcService (GrpcService.java:startImpl(310)) - s0: GrpcService started, listening on 37779
2022-10-23 15:33:49,383 [Time-limited test] INFO  server.GrpcService (GrpcService.java:startImpl(310)) - s0: GrpcService started, listening on 35473
2022-10-23 15:33:49,384 [Time-limited test] INFO  server.GrpcService (GrpcService.java:startImpl(310)) - s0: GrpcService started, listening on 37357
2022-10-23 15:33:49,384 [s1-impl-thread1] INFO  server.RaftServerConfigKeys (ConfUtils.java:logGet(46)) - raft.server.storage.free-space.min = 0MB (=0) (default)
2022-10-23 15:33:49,384 [s1-impl-thread1] INFO  server.RaftServerConfigKeys (ConfUtils.java:logGet(46)) - raft.server.log.corruption.policy = EXCEPTION (default)
2022-10-23 15:33:49,384 [s1-impl-thread1] INFO  server.RaftServerConfigKeys (ConfUtils.java:logGet(46)) - raft.server.storage.dir = [/home/runner/work/ratis/ratis/ratis-test/target/test/data/efcb8261/MiniRaftClusterWithGrpc18568162/s1] (custom)
2022-10-23 15:33:49,384 [s1-impl-thread1] INFO  storage.RaftStorageDirectory (RaftStorageDirectoryImpl.java:analyzeStorage(138)) - The storage directory /home/runner/work/ratis/ratis/ratis-test/target/test/data/efcb8261/MiniRaftClusterWithGrpc18568162/s1/c075f36b-0277-41b7-bad6-16c2524519db does not exist. Creating ...
2022-10-23 15:33:49,384 [s1-impl-thread1] TRACE util.FileUtils (LogUtils.java:runAndLog(49)) - Successfully ran Files.createDirectories /home/runner/work/ratis/ratis/ratis-test/target/test/data/efcb8261/MiniRaftClusterWithGrpc18568162/s1/c075f36b-0277-41b7-bad6-16c2524519db
2022-10-23 15:33:49,384 [JvmPauseMonitor15] INFO  util.JvmPauseMonitor (JvmPauseMonitor.java:run(105)) - JvmPauseMonitor-s0: Started
2022-10-23 15:33:49,385 [s1-impl-thread1] INFO  storage.RaftStorageDirectory (RaftStorageDirectoryImpl.java:tryLock(232)) - Lock on /home/runner/work/ratis/ratis/ratis-test/target/test/data/efcb8261/MiniRaftClusterWithGrpc18568162/s1/c075f36b-0277-41b7-bad6-16c2524519db/in_use.lock acquired by nodename 16288@fv-az426-456
2022-10-23 15:33:49,385 [s1-impl-thread1] TRACE util.FileUtils (LogUtils.java:runAndLog(49)) - Successfully ran Files.createDirectories /home/runner/work/ratis/ratis/ratis-test/target/test/data/efcb8261/MiniRaftClusterWithGrpc18568162/s1/c075f36b-0277-41b7-bad6-16c2524519db/current
2022-10-23 15:33:49,385 [s1-impl-thread1] TRACE util.FileUtils (LogUtils.java:runAndLog(49)) - Successfully ran Files.createDirectories /home/runner/work/ratis/ratis/ratis-test/target/test/data/efcb8261/MiniRaftClusterWithGrpc18568162/s1/c075f36b-0277-41b7-bad6-16c2524519db/sm
2022-10-23 15:33:49,386 [s1-impl-thread1] INFO  storage.RaftStorage (RaftStorageImpl.java:format(96)) - Storage directory /home/runner/work/ratis/ratis/ratis-test/target/test/data/efcb8261/MiniRaftClusterWithGrpc18568162/s1/c075f36b-0277-41b7-bad6-16c2524519db has been successfully formatted.
2022-10-23 15:33:49,386 [s1-impl-thread1] INFO  server.RaftServerConfigKeys (ConfUtils.java:logGet(46)) - raft.server.log.use.memory = false (default)
2022-10-23 15:33:49,386 [s1-impl-thread1] INFO  server.RaftServerConfigKeys (ConfUtils.java:logGet(46)) - raft.server.log.purge.gap = 1024 (default)
2022-10-23 15:33:49,386 [s1-impl-thread1] INFO  server.RaftServerConfigKeys (ConfUtils.java:logGet(46)) - raft.server.log.appender.buffer.byte-limit = 4MB (=4194304) (default)
2022-10-23 15:33:49,386 [s1-impl-thread1] INFO  server.RaftServerConfigKeys (ConfUtils.java:logGet(46)) - raft.server.log.statemachine.data.read.timeout = 1000ms (default)
2022-10-23 15:33:49,386 [s1-impl-thread1] INFO  server.RaftServerConfigKeys (ConfUtils.java:logGet(46)) - raft.server.log.purge.preservation.log.num = 0 (default)
2022-10-23 15:33:49,386 [s1-impl-thread1] INFO  server.RaftServerConfigKeys (ConfUtils.java:logGet(46)) - raft.server.log.segment.size.max = 8MB (=8388608) (default)
2022-10-23 15:33:49,387 [s1-impl-thread1] INFO  server.RaftServerConfigKeys (ConfUtils.java:logGet(46)) - raft.server.log.segment.cache.num.max = 6 (default)
2022-10-23 15:33:49,387 [s1-impl-thread1] INFO  server.RaftServerConfigKeys (ConfUtils.java:logGet(46)) - raft.server.log.segment.cache.size.max = 200MB (=209715200) (default)
2022-10-23 15:33:49,387 [s1-impl-thread1] INFO  segmented.SegmentedRaftLogWorker (SegmentedRaftLogWorker.java:<init>(184)) - new s1@group-16C2524519DB-SegmentedRaftLogWorker for RaftStorageImpl:Storage Directory /home/runner/work/ratis/ratis/ratis-test/target/test/data/efcb8261/MiniRaftClusterWithGrpc18568162/s1/c075f36b-0277-41b7-bad6-16c2524519db
2022-10-23 15:33:49,387 [s1-impl-thread1] INFO  server.RaftServerConfigKeys (ConfUtils.java:logGet(46)) - raft.server.log.queue.byte-limit = 64MB (=67108864) (default)
2022-10-23 15:33:49,387 [s1-impl-thread1] INFO  server.RaftServerConfigKeys (ConfUtils.java:logGet(46)) - raft.server.log.queue.element-limit = 4096 (default)
2022-10-23 15:33:49,387 [s1-impl-thread1] INFO  server.RaftServerConfigKeys (ConfUtils.java:logGet(46)) - raft.server.log.segment.size.max = 8MB (=8388608) (default)
2022-10-23 15:33:49,387 [s1-impl-thread1] INFO  server.RaftServerConfigKeys (ConfUtils.java:logGet(46)) - raft.server.log.preallocated.size = 4MB (=4194304) (default)
2022-10-23 15:33:49,387 [s1-impl-thread1] INFO  server.RaftServerConfigKeys (ConfUtils.java:logGet(46)) - raft.server.log.force.sync.num = 128 (default)
2022-10-23 15:33:49,387 [s1-impl-thread1] INFO  server.RaftServerConfigKeys (ConfUtils.java:logGet(46)) - raft.server.log.statemachine.data.sync = true (default)
2022-10-23 15:33:49,387 [s1-impl-thread1] INFO  server.RaftServerConfigKeys (ConfUtils.java:logGet(46)) - raft.server.log.statemachine.data.sync.timeout = 10s (default)
2022-10-23 15:33:49,387 [s1-impl-thread1] INFO  server.RaftServerConfigKeys (ConfUtils.java:logGet(46)) - raft.server.log.statemachine.data.sync.timeout.retry = -1 (default)
2022-10-23 15:33:49,387 [s1-impl-thread1] INFO  server.RaftServerConfigKeys (ConfUtils.java:logGet(46)) - raft.server.log.write.buffer.size = 64KB (=65536) (default)
2022-10-23 15:33:49,387 [s1-impl-thread1] INFO  server.RaftServerConfigKeys (ConfUtils.java:logGet(46)) - raft.server.log.appender.buffer.byte-limit = 4MB (=4194304) (default)
2022-10-23 15:33:49,387 [s1-impl-thread1] INFO  server.RaftServerConfigKeys (ConfUtils.java:logGet(46)) - raft.server.log.unsafe-flush.enabled = false (default)
2022-10-23 15:33:49,387 [s1-impl-thread1] INFO  server.RaftServerConfigKeys (ConfUtils.java:logGet(46)) - raft.server.log.async-flush.enabled = false (default)
2022-10-23 15:33:49,387 [s1-impl-thread1] INFO  server.RaftServerConfigKeys (ConfUtils.java:logGet(46)) - raft.server.log.statemachine.data.caching.enabled = false (default)
2022-10-23 15:33:49,387 [s1-impl-thread1] INFO  segmented.SegmentedRaftLogWorker (SegmentedRaftLogWorker.java:lambda$new$0(134)) - s1@group-16C2524519DB-SegmentedRaftLogWorker: flushIndex: setUnconditionally 0 -> -1
2022-10-23 15:33:49,387 [s1-impl-thread1] INFO  segmented.SegmentedRaftLogWorker (SegmentedRaftLogWorker.java:lambda$new$0(134)) - s1@group-16C2524519DB-SegmentedRaftLogWorker: safeCacheEvictIndex: setUnconditionally 0 -> -1
2022-10-23 15:33:49,393 [s1-impl-thread1] INFO  server.RaftServer$Division (RaftServerImpl.java:start(338)) - s1@group-16C2524519DB: start as a follower, conf=-1: peers:[s0|rpc:localhost:35473|admin:localhost:37357|client:localhost:37779|dataStream:localhost:40709|priority:0|startupRole:FOLLOWER, s1|rpc:localhost:36091|admin:localhost:41449|client:localhost:34501|dataStream:localhost:38049|priority:0|startupRole:FOLLOWER, s2|rpc:localhost:33163|admin:localhost:37485|client:localhost:34167|dataStream:localhost:45917|priority:0|startupRole:FOLLOWER]|listeners:[], old=null
2022-10-23 15:33:49,393 [s1-impl-thread1] INFO  server.RaftServer$Division (RaftServerImpl.java:setRole(325)) - s1@group-16C2524519DB: changes role from      null to FOLLOWER at term 0 for startAsFollower
2022-10-23 15:33:49,393 [s1-impl-thread1] INFO  impl.RoleInfo (RoleInfo.java:updateAndGet(139)) - s1: start s1@group-16C2524519DB-FollowerState
2022-10-23 15:33:49,394 [s1-impl-thread1] INFO  util.JmxRegister (JmxRegister.java:tryRegister(44)) - Successfully registered JMX Bean with object name Ratis:service=RaftServer,group=group-16C2524519DB,id=s1
2022-10-23 15:33:49,394 [s1-impl-thread1] INFO  server.RaftServerConfigKeys (ConfUtils.java:logGet(46)) - raft.server.snapshot.auto.trigger.enabled = false (default)
2022-10-23 15:33:49,394 [s1-impl-thread1] INFO  server.RaftServerConfigKeys (ConfUtils.java:logGet(46)) - raft.server.snapshot.retention.file.num = -1 (default)
2022-10-23 15:33:49,394 [s1-impl-thread1] INFO  server.RaftServerConfigKeys (ConfUtils.java:logGet(46)) - raft.server.log.purge.upto.snapshot.index = false (default)
2022-10-23 15:33:49,394 [s1@group-16C2524519DB-FollowerState] INFO  server.RaftServerConfigKeys (ConfUtils.java:logFallback(53)) - raft.server.rpc.first-election.timeout.min = 150ms (fallback to raft.server.rpc.timeout.min)
2022-10-23 15:33:49,394 [s1@group-16C2524519DB-FollowerState] INFO  server.RaftServerConfigKeys (ConfUtils.java:logFallback(53)) - raft.server.rpc.first-election.timeout.max = 300ms (fallback to raft.server.rpc.timeout.max)
2022-10-23 15:33:49,398 [Time-limited test] INFO  server.RaftServer (RaftServerProxy.java:startImpl(396)) - s1: start RPC server
2022-10-23 15:33:49,398 [Time-limited test] INFO  server.GrpcService (GrpcService.java:startImpl(310)) - s1: GrpcService started, listening on 34501
2022-10-23 15:33:49,398 [Time-limited test] INFO  server.GrpcService (GrpcService.java:startImpl(310)) - s1: GrpcService started, listening on 36091
2022-10-23 15:33:49,399 [Time-limited test] INFO  server.GrpcService (GrpcService.java:startImpl(310)) - s1: GrpcService started, listening on 41449
2022-10-23 15:33:49,401 [s2-impl-thread1] INFO  server.RaftServerConfigKeys (ConfUtils.java:logGet(46)) - raft.server.storage.free-space.min = 0MB (=0) (default)
2022-10-23 15:33:49,402 [s2-impl-thread1] INFO  server.RaftServerConfigKeys (ConfUtils.java:logGet(46)) - raft.server.log.corruption.policy = EXCEPTION (default)
2022-10-23 15:33:49,402 [s2-impl-thread1] INFO  server.RaftServerConfigKeys (ConfUtils.java:logGet(46)) - raft.server.storage.dir = [/home/runner/work/ratis/ratis/ratis-test/target/test/data/efcb8261/MiniRaftClusterWithGrpc18568162/s2] (custom)
2022-10-23 15:33:49,402 [s2-impl-thread1] INFO  storage.RaftStorageDirectory (RaftStorageDirectoryImpl.java:analyzeStorage(138)) - The storage directory /home/runner/work/ratis/ratis/ratis-test/target/test/data/efcb8261/MiniRaftClusterWithGrpc18568162/s2/c075f36b-0277-41b7-bad6-16c2524519db does not exist. Creating ...
2022-10-23 15:33:49,402 [s2-impl-thread1] TRACE util.FileUtils (LogUtils.java:runAndLog(49)) - Successfully ran Files.createDirectories /home/runner/work/ratis/ratis/ratis-test/target/test/data/efcb8261/MiniRaftClusterWithGrpc18568162/s2/c075f36b-0277-41b7-bad6-16c2524519db
2022-10-23 15:33:49,402 [JvmPauseMonitor16] INFO  util.JvmPauseMonitor (JvmPauseMonitor.java:run(105)) - JvmPauseMonitor-s1: Started
2022-10-23 15:33:49,403 [s2-impl-thread1] INFO  storage.RaftStorageDirectory (RaftStorageDirectoryImpl.java:tryLock(232)) - Lock on /home/runner/work/ratis/ratis/ratis-test/target/test/data/efcb8261/MiniRaftClusterWithGrpc18568162/s2/c075f36b-0277-41b7-bad6-16c2524519db/in_use.lock acquired by nodename 16288@fv-az426-456
2022-10-23 15:33:49,403 [s2-impl-thread1] TRACE util.FileUtils (LogUtils.java:runAndLog(49)) - Successfully ran Files.createDirectories /home/runner/work/ratis/ratis/ratis-test/target/test/data/efcb8261/MiniRaftClusterWithGrpc18568162/s2/c075f36b-0277-41b7-bad6-16c2524519db/current
2022-10-23 15:33:49,403 [s2-impl-thread1] TRACE util.FileUtils (LogUtils.java:runAndLog(49)) - Successfully ran Files.createDirectories /home/runner/work/ratis/ratis/ratis-test/target/test/data/efcb8261/MiniRaftClusterWithGrpc18568162/s2/c075f36b-0277-41b7-bad6-16c2524519db/sm
2022-10-23 15:33:49,403 [s2-impl-thread1] INFO  storage.RaftStorage (RaftStorageImpl.java:format(96)) - Storage directory /home/runner/work/ratis/ratis/ratis-test/target/test/data/efcb8261/MiniRaftClusterWithGrpc18568162/s2/c075f36b-0277-41b7-bad6-16c2524519db has been successfully formatted.
2022-10-23 15:33:49,404 [s2-impl-thread1] INFO  server.RaftServerConfigKeys (ConfUtils.java:logGet(46)) - raft.server.log.use.memory = false (default)
2022-10-23 15:33:49,404 [s2-impl-thread1] INFO  server.RaftServerConfigKeys (ConfUtils.java:logGet(46)) - raft.server.log.purge.gap = 1024 (default)
2022-10-23 15:33:49,404 [s2-impl-thread1] INFO  server.RaftServerConfigKeys (ConfUtils.java:logGet(46)) - raft.server.log.appender.buffer.byte-limit = 4MB (=4194304) (default)
2022-10-23 15:33:49,404 [s2-impl-thread1] INFO  server.RaftServerConfigKeys (ConfUtils.java:logGet(46)) - raft.server.log.statemachine.data.read.timeout = 1000ms (default)
2022-10-23 15:33:49,404 [s2-impl-thread1] INFO  server.RaftServerConfigKeys (ConfUtils.java:logGet(46)) - raft.server.log.purge.preservation.log.num = 0 (default)
2022-10-23 15:33:49,404 [s2-impl-thread1] INFO  server.RaftServerConfigKeys (ConfUtils.java:logGet(46)) - raft.server.log.segment.size.max = 8MB (=8388608) (default)
2022-10-23 15:33:49,404 [s2-impl-thread1] INFO  server.RaftServerConfigKeys (ConfUtils.java:logGet(46)) - raft.server.log.segment.cache.num.max = 6 (default)
2022-10-23 15:33:49,404 [s2-impl-thread1] INFO  server.RaftServerConfigKeys (ConfUtils.java:logGet(46)) - raft.server.log.segment.cache.size.max = 200MB (=209715200) (default)
2022-10-23 15:33:49,404 [s2-impl-thread1] INFO  segmented.SegmentedRaftLogWorker (SegmentedRaftLogWorker.java:<init>(184)) - new s2@group-16C2524519DB-SegmentedRaftLogWorker for RaftStorageImpl:Storage Directory /home/runner/work/ratis/ratis/ratis-test/target/test/data/efcb8261/MiniRaftClusterWithGrpc18568162/s2/c075f36b-0277-41b7-bad6-16c2524519db
2022-10-23 15:33:49,404 [s2-impl-thread1] INFO  server.RaftServerConfigKeys (ConfUtils.java:logGet(46)) - raft.server.log.queue.byte-limit = 64MB (=67108864) (default)
2022-10-23 15:33:49,404 [s2-impl-thread1] INFO  server.RaftServerConfigKeys (ConfUtils.java:logGet(46)) - raft.server.log.queue.element-limit = 4096 (default)
2022-10-23 15:33:49,404 [s2-impl-thread1] INFO  server.RaftServerConfigKeys (ConfUtils.java:logGet(46)) - raft.server.log.segment.size.max = 8MB (=8388608) (default)
2022-10-23 15:33:49,404 [s2-impl-thread1] INFO  server.RaftServerConfigKeys (ConfUtils.java:logGet(46)) - raft.server.log.preallocated.size = 4MB (=4194304) (default)
2022-10-23 15:33:49,404 [s2-impl-thread1] INFO  server.RaftServerConfigKeys (ConfUtils.java:logGet(46)) - raft.server.log.force.sync.num = 128 (default)
2022-10-23 15:33:49,404 [s2-impl-thread1] INFO  server.RaftServerConfigKeys (ConfUtils.java:logGet(46)) - raft.server.log.statemachine.data.sync = true (default)
2022-10-23 15:33:49,404 [s2-impl-thread1] INFO  server.RaftServerConfigKeys (ConfUtils.java:logGet(46)) - raft.server.log.statemachine.data.sync.timeout = 10s (default)
2022-10-23 15:33:49,404 [s2-impl-thread1] INFO  server.RaftServerConfigKeys (ConfUtils.java:logGet(46)) - raft.server.log.statemachine.data.sync.timeout.retry = -1 (default)
2022-10-23 15:33:49,405 [s2-impl-thread1] INFO  server.RaftServerConfigKeys (ConfUtils.java:logGet(46)) - raft.server.log.write.buffer.size = 64KB (=65536) (default)
2022-10-23 15:33:49,405 [s2-impl-thread1] INFO  server.RaftServerConfigKeys (ConfUtils.java:logGet(46)) - raft.server.log.appender.buffer.byte-limit = 4MB (=4194304) (default)
2022-10-23 15:33:49,405 [s2-impl-thread1] INFO  server.RaftServerConfigKeys (ConfUtils.java:logGet(46)) - raft.server.log.unsafe-flush.enabled = false (default)
2022-10-23 15:33:49,405 [s2-impl-thread1] INFO  server.RaftServerConfigKeys (ConfUtils.java:logGet(46)) - raft.server.log.async-flush.enabled = false (default)
2022-10-23 15:33:49,405 [s2-impl-thread1] INFO  server.RaftServerConfigKeys (ConfUtils.java:logGet(46)) - raft.server.log.statemachine.data.caching.enabled = false (default)
2022-10-23 15:33:49,405 [s2-impl-thread1] INFO  segmented.SegmentedRaftLogWorker (SegmentedRaftLogWorker.java:lambda$new$0(134)) - s2@group-16C2524519DB-SegmentedRaftLogWorker: flushIndex: setUnconditionally 0 -> -1
2022-10-23 15:33:49,405 [s2-impl-thread1] INFO  segmented.SegmentedRaftLogWorker (SegmentedRaftLogWorker.java:lambda$new$0(134)) - s2@group-16C2524519DB-SegmentedRaftLogWorker: safeCacheEvictIndex: setUnconditionally 0 -> -1
2022-10-23 15:33:49,406 [s2-impl-thread1] INFO  server.RaftServer$Division (RaftServerImpl.java:start(338)) - s2@group-16C2524519DB: start as a follower, conf=-1: peers:[s0|rpc:localhost:35473|admin:localhost:37357|client:localhost:37779|dataStream:localhost:40709|priority:0|startupRole:FOLLOWER, s1|rpc:localhost:36091|admin:localhost:41449|client:localhost:34501|dataStream:localhost:38049|priority:0|startupRole:FOLLOWER, s2|rpc:localhost:33163|admin:localhost:37485|client:localhost:34167|dataStream:localhost:45917|priority:0|startupRole:FOLLOWER]|listeners:[], old=null
2022-10-23 15:33:49,406 [s2-impl-thread1] INFO  server.RaftServer$Division (RaftServerImpl.java:setRole(325)) - s2@group-16C2524519DB: changes role from      null to FOLLOWER at term 0 for startAsFollower
2022-10-23 15:33:49,406 [s2-impl-thread1] INFO  impl.RoleInfo (RoleInfo.java:updateAndGet(139)) - s2: start s2@group-16C2524519DB-FollowerState
2022-10-23 15:33:49,410 [s2@group-16C2524519DB-FollowerState] INFO  server.RaftServerConfigKeys (ConfUtils.java:logFallback(53)) - raft.server.rpc.first-election.timeout.min = 150ms (fallback to raft.server.rpc.timeout.min)
2022-10-23 15:33:49,410 [s2-impl-thread1] INFO  util.JmxRegister (JmxRegister.java:tryRegister(44)) - Successfully registered JMX Bean with object name Ratis:service=RaftServer,group=group-16C2524519DB,id=s2
2022-10-23 15:33:49,410 [s2-impl-thread1] INFO  server.RaftServerConfigKeys (ConfUtils.java:logGet(46)) - raft.server.snapshot.auto.trigger.enabled = false (default)
2022-10-23 15:33:49,410 [s2-impl-thread1] INFO  server.RaftServerConfigKeys (ConfUtils.java:logGet(46)) - raft.server.snapshot.retention.file.num = -1 (default)
2022-10-23 15:33:49,410 [s2-impl-thread1] INFO  server.RaftServerConfigKeys (ConfUtils.java:logGet(46)) - raft.server.log.purge.upto.snapshot.index = false (default)
2022-10-23 15:33:49,410 [Time-limited test] INFO  server.RaftServer (RaftServerProxy.java:startImpl(396)) - s2: start RPC server
2022-10-23 15:33:49,410 [s2@group-16C2524519DB-FollowerState] INFO  server.RaftServerConfigKeys (ConfUtils.java:logFallback(53)) - raft.server.rpc.first-election.timeout.max = 300ms (fallback to raft.server.rpc.timeout.max)
2022-10-23 15:33:49,411 [Time-limited test] INFO  server.GrpcService (GrpcService.java:startImpl(310)) - s2: GrpcService started, listening on 34167
2022-10-23 15:33:49,411 [Time-limited test] INFO  server.GrpcService (GrpcService.java:startImpl(310)) - s2: GrpcService started, listening on 33163
2022-10-23 15:33:49,411 [Time-limited test] INFO  server.GrpcService (GrpcService.java:startImpl(310)) - s2: GrpcService started, listening on 37485
2022-10-23 15:33:49,419 [JvmPauseMonitor17] INFO  util.JvmPauseMonitor (JvmPauseMonitor.java:run(105)) - JvmPauseMonitor-s2: Started
2022-10-23 15:33:49,420 [Time-limited test] INFO  server.RaftServerConfigKeys (ConfUtils.java:logGet(46)) - raft.server.rpc.timeout.max = 300ms (default)
2022-10-23 15:33:49,421 [Time-limited test] INFO  ratis.RaftTestUtil (RaftTestUtil.java:waitForLeader(100)) - printing ALL groups
  s0:  RUNNING  FOLLOWER s0@group-16C2524519DB:t0, leader=null, voted=, raftlog=Memoized:s0@group-16C2524519DB-SegmentedRaftLog:OPENED:c-1, conf=-1: peers:[s0|rpc:localhost:35473|admin:localhost:37357|client:localhost:37779|dataStream:localhost:40709|priority:0|startupRole:FOLLOWER, s1|rpc:localhost:36091|admin:localhost:41449|client:localhost:34501|dataStream:localhost:38049|priority:0|startupRole:FOLLOWER, s2|rpc:localhost:33163|admin:localhost:37485|client:localhost:34167|dataStream:localhost:45917|priority:0|startupRole:FOLLOWER]|listeners:[], old=null RUNNING
  s1:  RUNNING  FOLLOWER s1@group-16C2524519DB:t0, leader=null, voted=, raftlog=Memoized:s1@group-16C2524519DB-SegmentedRaftLog:OPENED:c-1, conf=-1: peers:[s0|rpc:localhost:35473|admin:localhost:37357|client:localhost:37779|dataStream:localhost:40709|priority:0|startupRole:FOLLOWER, s1|rpc:localhost:36091|admin:localhost:41449|client:localhost:34501|dataStream:localhost:38049|priority:0|startupRole:FOLLOWER, s2|rpc:localhost:33163|admin:localhost:37485|client:localhost:34167|dataStream:localhost:45917|priority:0|startupRole:FOLLOWER]|listeners:[], old=null RUNNING
  s2:  RUNNING  FOLLOWER s2@group-16C2524519DB:t0, leader=null, voted=, raftlog=Memoized:s2@group-16C2524519DB-SegmentedRaftLog:OPENED:c-1, conf=-1: peers:[s0|rpc:localhost:35473|admin:localhost:37357|client:localhost:37779|dataStream:localhost:40709|priority:0|startupRole:FOLLOWER, s1|rpc:localhost:36091|admin:localhost:41449|client:localhost:34501|dataStream:localhost:38049|priority:0|startupRole:FOLLOWER, s2|rpc:localhost:33163|admin:localhost:37485|client:localhost:34167|dataStream:localhost:45917|priority:0|startupRole:FOLLOWER]|listeners:[], old=null RUNNING
2022-10-23 15:33:49,421 [Time-limited test] WARN  ratis.RaftTestUtil (JavaUtils.java:attempt(217)) - FAILED "waitForLeader-null-(expectLeader? true)", attempt #1/100: java.lang.IllegalStateException: No leader yet : printing ALL groups
  s0:  RUNNING  FOLLOWER s0@group-16C2524519DB:t0, leader=null, voted=, raftlog=Memoized:s0@group-16C2524519DB-SegmentedRaftLog:OPENED:c-1, conf=-1: peers:[s0|rpc:localhost:35473|admin:localhost:37357|client:localhost:37779|dataStream:localhost:40709|priority:0|startupRole:FOLLOWER, s1|rpc:localhost:36091|admin:localhost:41449|client:localhost:34501|dataStream:localhost:38049|priority:0|startupRole:FOLLOWER, s2|rpc:localhost:33163|admin:localhost:37485|client:localhost:34167|dataStream:localhost:45917|priority:0|startupRole:FOLLOWER]|listeners:[], old=null RUNNING
  s1:  RUNNING  FOLLOWER s1@group-16C2524519DB:t0, leader=null, voted=, raftlog=Memoized:s1@group-16C2524519DB-SegmentedRaftLog:OPENED:c-1, conf=-1: peers:[s0|rpc:localhost:35473|admin:localhost:37357|client:localhost:37779|dataStream:localhost:40709|priority:0|startupRole:FOLLOWER, s1|rpc:localhost:36091|admin:localhost:41449|client:localhost:34501|dataStream:localhost:38049|priority:0|startupRole:FOLLOWER, s2|rpc:localhost:33163|admin:localhost:37485|client:localhost:34167|dataStream:localhost:45917|priority:0|startupRole:FOLLOWER]|listeners:[], old=null RUNNING
  s2:  RUNNING  FOLLOWER s2@group-16C2524519DB:t0, leader=null, voted=, raftlog=Memoized:s2@group-16C2524519DB-SegmentedRaftLog:OPENED:c-1, conf=-1: peers:[s0|rpc:localhost:35473|admin:localhost:37357|client:localhost:37779|dataStream:localhost:40709|priority:0|startupRole:FOLLOWER, s1|rpc:localhost:36091|admin:localhost:41449|client:localhost:34501|dataStream:localhost:38049|priority:0|startupRole:FOLLOWER, s2|rpc:localhost:33163|admin:localhost:37485|client:localhost:34167|dataStream:localhost:45917|priority:0|startupRole:FOLLOWER]|listeners:[], old=null RUNNING, sleep 450ms and then retry.
java.lang.IllegalStateException: No leader yet : printing ALL groups
  s0:  RUNNING  FOLLOWER s0@group-16C2524519DB:t0, leader=null, voted=, raftlog=Memoized:s0@group-16C2524519DB-SegmentedRaftLog:OPENED:c-1, conf=-1: peers:[s0|rpc:localhost:35473|admin:localhost:37357|client:localhost:37779|dataStream:localhost:40709|priority:0|startupRole:FOLLOWER, s1|rpc:localhost:36091|admin:localhost:41449|client:localhost:34501|dataStream:localhost:38049|priority:0|startupRole:FOLLOWER, s2|rpc:localhost:33163|admin:localhost:37485|client:localhost:34167|dataStream:localhost:45917|priority:0|startupRole:FOLLOWER]|listeners:[], old=null RUNNING
  s1:  RUNNING  FOLLOWER s1@group-16C2524519DB:t0, leader=null, voted=, raftlog=Memoized:s1@group-16C2524519DB-SegmentedRaftLog:OPENED:c-1, conf=-1: peers:[s0|rpc:localhost:35473|admin:localhost:37357|client:localhost:37779|dataStream:localhost:40709|priority:0|startupRole:FOLLOWER, s1|rpc:localhost:36091|admin:localhost:41449|client:localhost:34501|dataStream:localhost:38049|priority:0|startupRole:FOLLOWER, s2|rpc:localhost:33163|admin:localhost:37485|client:localhost:34167|dataStream:localhost:45917|priority:0|startupRole:FOLLOWER]|listeners:[], old=null RUNNING
  s2:  RUNNING  FOLLOWER s2@group-16C2524519DB:t0, leader=null, voted=, raftlog=Memoized:s2@group-16C2524519DB-SegmentedRaftLog:OPENED:c-1, conf=-1: peers:[s0|rpc:localhost:35473|admin:localhost:37357|client:localhost:37779|dataStream:localhost:40709|priority:0|startupRole:FOLLOWER, s1|rpc:localhost:36091|admin:localhost:41449|client:localhost:34501|dataStream:localhost:38049|priority:0|startupRole:FOLLOWER, s2|rpc:localhost:33163|admin:localhost:37485|client:localhost:34167|dataStream:localhost:45917|priority:0|startupRole:FOLLOWER]|listeners:[], old=null RUNNING
	at org.apache.ratis.server.impl.MiniRaftCluster.newIllegalStateExceptionForNoLeaders(MiniRaftCluster.java:581)
	at org.apache.ratis.RaftTestUtil.lambda$waitForLeader$1(RaftTestUtil.java:104)
	at org.apache.ratis.server.impl.MiniRaftCluster.getLeader(MiniRaftCluster.java:615)
	at org.apache.ratis.server.impl.MiniRaftCluster.getLeader(MiniRaftCluster.java:608)
	at org.apache.ratis.RaftTestUtil.lambda$waitForLeader$3(RaftTestUtil.java:112)
	at org.apache.ratis.util.JavaUtils.attempt(JavaUtils.java:211)
	at org.apache.ratis.util.JavaUtils.attemptRepeatedly(JavaUtils.java:197)
	at org.apache.ratis.RaftTestUtil.waitForLeader(RaftTestUtil.java:111)
	at org.apache.ratis.RaftTestUtil.waitForLeader(RaftTestUtil.java:92)
	at org.apache.ratis.RaftTestUtil.waitForLeader(RaftTestUtil.java:87)
	at org.apache.ratis.ReadOnlyRequestTests.testFollowerLinearizableReadRetryWhenLeaderDown(ReadOnlyRequestTests.java:230)
	at org.apache.ratis.server.impl.MiniRaftCluster$Factory$Get.runWithNewCluster(MiniRaftCluster.java:141)
	at org.apache.ratis.server.impl.MiniRaftCluster$Factory$Get.runWithNewCluster(MiniRaftCluster.java:121)
	at org.apache.ratis.ReadOnlyRequestTests.testFollowerLinearizableReadRetryWhenLeaderDown(ReadOnlyRequestTests.java:218)
	at java.base/jdk.internal.reflect.NativeMethodAccessorImpl.invoke0(Native Method)
	at java.base/jdk.internal.reflect.NativeMethodAccessorImpl.invoke(NativeMethodAccessorImpl.java:62)
	at java.base/jdk.internal.reflect.DelegatingMethodAccessorImpl.invoke(DelegatingMethodAccessorImpl.java:43)
	at java.base/java.lang.reflect.Method.invoke(Method.java:566)
	at org.junit.runners.model.FrameworkMethod$1.runReflectiveCall(FrameworkMethod.java:59)
	at org.junit.internal.runners.model.ReflectiveCallable.run(ReflectiveCallable.java:12)
	at org.junit.runners.model.FrameworkMethod.invokeExplosively(FrameworkMethod.java:56)
	at org.junit.internal.runners.statements.InvokeMethod.evaluate(InvokeMethod.java:17)
	at org.junit.internal.runners.statements.RunBefores.evaluate(RunBefores.java:26)
	at org.junit.internal.runners.statements.RunAfters.evaluate(RunAfters.java:27)
	at org.junit.internal.runners.statements.FailOnTimeout$CallableStatement.call(FailOnTimeout.java:299)
	at org.junit.internal.runners.statements.FailOnTimeout$CallableStatement.call(FailOnTimeout.java:293)
	at java.base/java.util.concurrent.FutureTask.run(FutureTask.java:264)
	at java.base/java.lang.Thread.run(Thread.java:829)
2022-10-23 15:33:49,626 [s2@group-16C2524519DB-FollowerState] INFO  impl.FollowerState (FollowerState.java:run(143)) - s2@group-16C2524519DB-FollowerState: change to CANDIDATE, lastRpcElapsedTime:219587756ns, electionTimeout:215ms
2022-10-23 15:33:49,626 [s2@group-16C2524519DB-FollowerState] INFO  impl.RoleInfo (RoleInfo.java:shutdownFollowerState(110)) - s2: shutdown s2@group-16C2524519DB-FollowerState
2022-10-23 15:33:49,626 [s2@group-16C2524519DB-FollowerState] INFO  server.RaftServer$Division (RaftServerImpl.java:setRole(325)) - s2@group-16C2524519DB: changes role from  FOLLOWER to CANDIDATE at term 0 for changeToCandidate
2022-10-23 15:33:49,627 [s2@group-16C2524519DB-FollowerState] INFO  server.RaftServerConfigKeys (ConfUtils.java:logGet(46)) - raft.server.leaderelection.pre-vote = true (default)
2022-10-23 15:33:49,627 [s2@group-16C2524519DB-FollowerState] INFO  impl.RoleInfo (RoleInfo.java:updateAndGet(139)) - s2: start s2@group-16C2524519DB-LeaderElection11
2022-10-23 15:33:49,630 [s2@group-16C2524519DB-LeaderElection11] INFO  impl.LeaderElection (LeaderElection.java:askForVotes(309)) - s2@group-16C2524519DB-LeaderElection11 PRE_VOTE round 0: submit vote requests at term 0 for -1: peers:[s0|rpc:localhost:35473|admin:localhost:37357|client:localhost:37779|dataStream:localhost:40709|priority:0|startupRole:FOLLOWER, s1|rpc:localhost:36091|admin:localhost:41449|client:localhost:34501|dataStream:localhost:38049|priority:0|startupRole:FOLLOWER, s2|rpc:localhost:33163|admin:localhost:37485|client:localhost:34167|dataStream:localhost:45917|priority:0|startupRole:FOLLOWER]|listeners:[], old=null
2022-10-23 15:33:49,632 [s2@group-16C2524519DB-LeaderElection11-1] INFO  server.GrpcServerProtocolClient (GrpcServerProtocolClient.java:<init>(63)) - Build channel for s0
2022-10-23 15:33:49,632 [s2@group-16C2524519DB-LeaderElection11] INFO  server.RaftServerConfigKeys (ConfUtils.java:logFallback(53)) - raft.server.rpc.first-election.timeout.min = 150ms (fallback to raft.server.rpc.timeout.min)
2022-10-23 15:33:49,632 [s2@group-16C2524519DB-LeaderElection11] INFO  server.RaftServerConfigKeys (ConfUtils.java:logFallback(53)) - raft.server.rpc.first-election.timeout.max = 300ms (fallback to raft.server.rpc.timeout.max)
2022-10-23 15:33:49,632 [s2@group-16C2524519DB-LeaderElection11-2] INFO  server.GrpcServerProtocolClient (GrpcServerProtocolClient.java:<init>(63)) - Build channel for s1
2022-10-23 15:33:49,641 [grpc-default-executor-4] INFO  server.RaftServer$Division (RaftServerImpl.java:requestVote(1291)) - s0@group-16C2524519DB: receive requestVote(PRE_VOTE, s2, group-16C2524519DB, 0, (t:0, i:0))
2022-10-23 15:33:49,641 [grpc-default-executor-4] INFO  impl.VoteContext (VoteContext.java:log(49)) - s0@group-16C2524519DB-FOLLOWER: accept PRE_VOTE from s2: our priority 0 <= candidate's priority 0
2022-10-23 15:33:49,641 [grpc-default-executor-4] INFO  server.RaftServer$Division (RaftServerImpl.java:requestVote(1324)) - s0@group-16C2524519DB replies to PRE_VOTE vote request: s2<-s0#0:OK-t0. Peer's state: s0@group-16C2524519DB:t0, leader=null, voted=, raftlog=Memoized:s0@group-16C2524519DB-SegmentedRaftLog:OPENED:c-1, conf=-1: peers:[s0|rpc:localhost:35473|admin:localhost:37357|client:localhost:37779|dataStream:localhost:40709|priority:0|startupRole:FOLLOWER, s1|rpc:localhost:36091|admin:localhost:41449|client:localhost:34501|dataStream:localhost:38049|priority:0|startupRole:FOLLOWER, s2|rpc:localhost:33163|admin:localhost:37485|client:localhost:34167|dataStream:localhost:45917|priority:0|startupRole:FOLLOWER]|listeners:[], old=null
2022-10-23 15:33:49,642 [grpc-default-executor-4] INFO  server.RaftServer$Division (RaftServerImpl.java:requestVote(1291)) - s1@group-16C2524519DB: receive requestVote(PRE_VOTE, s2, group-16C2524519DB, 0, (t:0, i:0))
2022-10-23 15:33:49,642 [grpc-default-executor-4] INFO  impl.VoteContext (VoteContext.java:log(49)) - s1@group-16C2524519DB-FOLLOWER: accept PRE_VOTE from s2: our priority 0 <= candidate's priority 0
2022-10-23 15:33:49,642 [grpc-default-executor-4] INFO  server.RaftServer$Division (RaftServerImpl.java:requestVote(1324)) - s1@group-16C2524519DB replies to PRE_VOTE vote request: s2<-s1#0:OK-t0. Peer's state: s1@group-16C2524519DB:t0, leader=null, voted=, raftlog=Memoized:s1@group-16C2524519DB-SegmentedRaftLog:OPENED:c-1, conf=-1: peers:[s0|rpc:localhost:35473|admin:localhost:37357|client:localhost:37779|dataStream:localhost:40709|priority:0|startupRole:FOLLOWER, s1|rpc:localhost:36091|admin:localhost:41449|client:localhost:34501|dataStream:localhost:38049|priority:0|startupRole:FOLLOWER, s2|rpc:localhost:33163|admin:localhost:37485|client:localhost:34167|dataStream:localhost:45917|priority:0|startupRole:FOLLOWER]|listeners:[], old=null
2022-10-23 15:33:49,643 [s2@group-16C2524519DB-LeaderElection11] INFO  impl.LeaderElection (LeaderElection.java:logAndReturn(89)) - s2@group-16C2524519DB-LeaderElection11: PRE_VOTE PASSED received 1 response(s) and 0 exception(s):
2022-10-23 15:33:49,643 [s2@group-16C2524519DB-LeaderElection11] INFO  impl.LeaderElection (LeaderElection.java:logAndReturn(93)) -   Response 0: s2<-s0#0:OK-t0
2022-10-23 15:33:49,643 [s2@group-16C2524519DB-LeaderElection11] INFO  impl.LeaderElection (LeaderElection.java:askForVotes(311)) - s2@group-16C2524519DB-LeaderElection11 PRE_VOTE round 0: result PASSED
2022-10-23 15:33:49,644 [s2@group-16C2524519DB-LeaderElection11] INFO  impl.LeaderElection (LeaderElection.java:askForVotes(309)) - s2@group-16C2524519DB-LeaderElection11 ELECTION round 0: submit vote requests at term 1 for -1: peers:[s0|rpc:localhost:35473|admin:localhost:37357|client:localhost:37779|dataStream:localhost:40709|priority:0|startupRole:FOLLOWER, s1|rpc:localhost:36091|admin:localhost:41449|client:localhost:34501|dataStream:localhost:38049|priority:0|startupRole:FOLLOWER, s2|rpc:localhost:33163|admin:localhost:37485|client:localhost:34167|dataStream:localhost:45917|priority:0|startupRole:FOLLOWER]|listeners:[], old=null
2022-10-23 15:33:49,645 [grpc-default-executor-2] INFO  server.RaftServer$Division (RaftServerImpl.java:requestVote(1291)) - s0@group-16C2524519DB: receive requestVote(ELECTION, s2, group-16C2524519DB, 1, (t:0, i:0))
2022-10-23 15:33:49,646 [s2@group-16C2524519DB-LeaderElection11] INFO  server.RaftServerConfigKeys (ConfUtils.java:logFallback(53)) - raft.server.rpc.first-election.timeout.min = 150ms (fallback to raft.server.rpc.timeout.min)
2022-10-23 15:33:49,646 [s2@group-16C2524519DB-LeaderElection11] INFO  server.RaftServerConfigKeys (ConfUtils.java:logFallback(53)) - raft.server.rpc.first-election.timeout.max = 300ms (fallback to raft.server.rpc.timeout.max)
2022-10-23 15:33:49,649 [grpc-default-executor-2] INFO  impl.VoteContext (VoteContext.java:log(49)) - s0@group-16C2524519DB-FOLLOWER: accept ELECTION from s2: our priority 0 <= candidate's priority 0
2022-10-23 15:33:49,649 [grpc-default-executor-2] INFO  server.RaftServer$Division (RaftServerImpl.java:setRole(325)) - s0@group-16C2524519DB: changes role from  FOLLOWER to FOLLOWER at term 1 for candidate:s2
2022-10-23 15:33:49,649 [grpc-default-executor-2] INFO  impl.RoleInfo (RoleInfo.java:shutdownFollowerState(110)) - s0: shutdown s0@group-16C2524519DB-FollowerState
2022-10-23 15:33:49,649 [grpc-default-executor-2] INFO  impl.RoleInfo (RoleInfo.java:updateAndGet(139)) - s0: start s0@group-16C2524519DB-FollowerState
2022-10-23 15:33:49,649 [s0@group-16C2524519DB-FollowerState] INFO  impl.FollowerState (FollowerState.java:run(152)) - s0@group-16C2524519DB-FollowerState was interrupted
2022-10-23 15:33:49,650 [s0@group-16C2524519DB-FollowerState] INFO  server.RaftServerConfigKeys (ConfUtils.java:logFallback(53)) - raft.server.rpc.first-election.timeout.min = 150ms (fallback to raft.server.rpc.timeout.min)
2022-10-23 15:33:49,650 [s0@group-16C2524519DB-FollowerState] INFO  server.RaftServerConfigKeys (ConfUtils.java:logFallback(53)) - raft.server.rpc.first-election.timeout.max = 300ms (fallback to raft.server.rpc.timeout.max)
2022-10-23 15:33:49,650 [grpc-default-executor-2] INFO  server.RaftServer$Division (RaftServerImpl.java:requestVote(1324)) - s0@group-16C2524519DB replies to ELECTION vote request: s2<-s0#0:OK-t1. Peer's state: s0@group-16C2524519DB:t1, leader=null, voted=s2, raftlog=Memoized:s0@group-16C2524519DB-SegmentedRaftLog:OPENED:c-1, conf=-1: peers:[s0|rpc:localhost:35473|admin:localhost:37357|client:localhost:37779|dataStream:localhost:40709|priority:0|startupRole:FOLLOWER, s1|rpc:localhost:36091|admin:localhost:41449|client:localhost:34501|dataStream:localhost:38049|priority:0|startupRole:FOLLOWER, s2|rpc:localhost:33163|admin:localhost:37485|client:localhost:34167|dataStream:localhost:45917|priority:0|startupRole:FOLLOWER]|listeners:[], old=null
2022-10-23 15:33:49,651 [s2@group-16C2524519DB-LeaderElection11] INFO  impl.LeaderElection (LeaderElection.java:logAndReturn(89)) - s2@group-16C2524519DB-LeaderElection11: ELECTION PASSED received 1 response(s) and 0 exception(s):
2022-10-23 15:33:49,651 [s2@group-16C2524519DB-LeaderElection11] INFO  impl.LeaderElection (LeaderElection.java:logAndReturn(93)) -   Response 0: s2<-s0#0:OK-t1
2022-10-23 15:33:49,651 [s2@group-16C2524519DB-LeaderElection11] INFO  impl.LeaderElection (LeaderElection.java:askForVotes(311)) - s2@group-16C2524519DB-LeaderElection11 ELECTION round 0: result PASSED
2022-10-23 15:33:49,651 [s2@group-16C2524519DB-LeaderElection11] INFO  impl.RoleInfo (RoleInfo.java:shutdownLeaderElection(130)) - s2: shutdown s2@group-16C2524519DB-LeaderElection11
2022-10-23 15:33:49,651 [s2@group-16C2524519DB-LeaderElection11] INFO  server.RaftServer$Division (RaftServerImpl.java:setRole(325)) - s2@group-16C2524519DB: changes role from CANDIDATE to LEADER at term 1 for changeToLeader
2022-10-23 15:33:49,651 [s2@group-16C2524519DB-LeaderElection11] INFO  server.RaftServer$Division (ServerState.java:setLeader(259)) - s2@group-16C2524519DB: change Leader from null to s2 at term 1 for becomeLeader, leader elected after 274ms
2022-10-23 15:33:49,651 [s2@group-16C2524519DB-LeaderElection11] INFO  server.RaftServerConfigKeys (ConfUtils.java:logGet(46)) - raft.server.staging.catchup.gap = 1000 (default)
2022-10-23 15:33:49,651 [s2@group-16C2524519DB-LeaderElection11] INFO  server.RaftServerConfigKeys (ConfUtils.java:logGet(46)) - raft.server.write.element-limit = 4096 (default)
2022-10-23 15:33:49,651 [s2@group-16C2524519DB-LeaderElection11] INFO  server.RaftServerConfigKeys (ConfUtils.java:logGet(46)) - raft.server.write.byte-limit = 64MB (=67108864) (default)
2022-10-23 15:33:49,652 [grpc-default-executor-2] INFO  server.RaftServer$Division (RaftServerImpl.java:requestVote(1291)) - s1@group-16C2524519DB: receive requestVote(ELECTION, s2, group-16C2524519DB, 1, (t:0, i:0))
2022-10-23 15:33:49,652 [s2@group-16C2524519DB-LeaderElection11] INFO  server.RaftServerConfigKeys (ConfUtils.java:logGet(46)) - raft.server.watch.timeout = 10s (default)
2022-10-23 15:33:49,652 [s2@group-16C2524519DB-LeaderElection11] INFO  server.RaftServerConfigKeys (ConfUtils.java:logGet(46)) - raft.server.watch.timeout.denomination = 1s (default)
2022-10-23 15:33:49,652 [s2@group-16C2524519DB-LeaderElection11] INFO  server.RaftServerConfigKeys (ConfUtils.java:logGet(46)) - raft.server.watch.element-limit = 65536 (default)
2022-10-23 15:33:49,652 [s2@group-16C2524519DB-LeaderElection11] INFO  server.RaftServerConfigKeys (ConfUtils.java:logGet(46)) - raft.server.write.element-limit = 4096 (default)
2022-10-23 15:33:49,652 [s2@group-16C2524519DB-LeaderElection11] INFO  server.RaftServerConfigKeys (ConfUtils.java:logGet(46)) - raft.server.write.follower.gap.ratio.max = -1.0 (default)
2022-10-23 15:33:49,652 [s2@group-16C2524519DB-LeaderElection11] INFO  server.RaftServerConfigKeys (ConfUtils.java:logGet(46)) - raft.server.log.appender.snapshot.chunk.size.max = 16MB (=16777216) (default)
2022-10-23 15:33:49,652 [s2@group-16C2524519DB-LeaderElection11] INFO  server.RaftServerConfigKeys (ConfUtils.java:logGet(46)) - raft.server.log.appender.buffer.byte-limit = 4MB (=4194304) (default)
2022-10-23 15:33:49,652 [s2@group-16C2524519DB-LeaderElection11] INFO  server.RaftServerConfigKeys (ConfUtils.java:logGet(46)) - raft.server.log.appender.buffer.element-limit = 0 (default)
2022-10-23 15:33:49,652 [s2@group-16C2524519DB-LeaderElection11] INFO  grpc.GrpcConfigKeys (ConfUtils.java:logGet(46)) - raft.grpc.server.leader.outstanding.appends.max = 128 (default)
2022-10-23 15:33:49,652 [s2@group-16C2524519DB-LeaderElection11] INFO  server.RaftServerConfigKeys (ConfUtils.java:logGet(46)) - raft.server.rpc.request.timeout = 3000ms (default)
2022-10-23 15:33:49,652 [s2@group-16C2524519DB-LeaderElection11] INFO  server.RaftServerConfigKeys (ConfUtils.java:logGet(46)) - raft.server.log.appender.install.snapshot.enabled = true (default)
2022-10-23 15:33:49,652 [s2@group-16C2524519DB-LeaderElection11] INFO  grpc.GrpcConfigKeys (ConfUtils.java:logGet(46)) - raft.grpc.server.heartbeat.channel = true (default)
2022-10-23 15:33:49,652 [s2@group-16C2524519DB-LeaderElection11] INFO  server.RaftServerConfigKeys (ConfUtils.java:logGet(46)) - raft.server.log.appender.wait-time.min = 10ms (default)
2022-10-23 15:33:49,652 [s2@group-16C2524519DB-LeaderElection11] INFO  server.RaftServerConfigKeys (ConfUtils.java:logGet(46)) - raft.server.log.appender.snapshot.chunk.size.max = 16MB (=16777216) (default)
2022-10-23 15:33:49,653 [s2@group-16C2524519DB-LeaderElection11] INFO  server.RaftServerConfigKeys (ConfUtils.java:logGet(46)) - raft.server.log.appender.buffer.byte-limit = 4MB (=4194304) (default)
2022-10-23 15:33:49,653 [s2@group-16C2524519DB-LeaderElection11] INFO  server.RaftServerConfigKeys (ConfUtils.java:logGet(46)) - raft.server.log.appender.buffer.element-limit = 0 (default)
2022-10-23 15:33:49,653 [s2@group-16C2524519DB-LeaderElection11] INFO  grpc.GrpcConfigKeys (ConfUtils.java:logGet(46)) - raft.grpc.server.leader.outstanding.appends.max = 128 (default)
2022-10-23 15:33:49,653 [s2@group-16C2524519DB-LeaderElection11] INFO  server.RaftServerConfigKeys (ConfUtils.java:logGet(46)) - raft.server.rpc.request.timeout = 3000ms (default)
2022-10-23 15:33:49,653 [s2@group-16C2524519DB-LeaderElection11] INFO  server.RaftServerConfigKeys (ConfUtils.java:logGet(46)) - raft.server.log.appender.install.snapshot.enabled = true (default)
2022-10-23 15:33:49,653 [s2@group-16C2524519DB-LeaderElection11] INFO  grpc.GrpcConfigKeys (ConfUtils.java:logGet(46)) - raft.grpc.server.heartbeat.channel = true (default)
2022-10-23 15:33:49,653 [s2@group-16C2524519DB-LeaderElection11] INFO  server.RaftServerConfigKeys (ConfUtils.java:logGet(46)) - raft.server.log.appender.wait-time.min = 10ms (default)
2022-10-23 15:33:49,653 [s2@group-16C2524519DB-LeaderElection11] INFO  impl.RoleInfo (RoleInfo.java:updateAndGet(139)) - s2: start s2@group-16C2524519DB-LeaderStateImpl
2022-10-23 15:33:49,653 [s2@group-16C2524519DB-LeaderElection11] INFO  segmented.SegmentedRaftLogWorker (SegmentedRaftLogWorker.java:startLogSegment(431)) - s2@group-16C2524519DB-SegmentedRaftLogWorker: Starting segment from index:0
2022-10-23 15:33:49,658 [grpc-default-executor-2] INFO  impl.VoteContext (VoteContext.java:log(49)) - s1@group-16C2524519DB-FOLLOWER: accept ELECTION from s2: our priority 0 <= candidate's priority 0
2022-10-23 15:33:49,658 [grpc-default-executor-2] INFO  server.RaftServer$Division (RaftServerImpl.java:setRole(325)) - s1@group-16C2524519DB: changes role from  FOLLOWER to FOLLOWER at term 1 for candidate:s2
2022-10-23 15:33:49,658 [grpc-default-executor-2] INFO  impl.RoleInfo (RoleInfo.java:shutdownFollowerState(110)) - s1: shutdown s1@group-16C2524519DB-FollowerState
2022-10-23 15:33:49,658 [grpc-default-executor-2] INFO  impl.RoleInfo (RoleInfo.java:updateAndGet(139)) - s1: start s1@group-16C2524519DB-FollowerState
2022-10-23 15:33:49,658 [s1@group-16C2524519DB-FollowerState] INFO  impl.FollowerState (FollowerState.java:run(152)) - s1@group-16C2524519DB-FollowerState was interrupted
2022-10-23 15:33:49,659 [s1@group-16C2524519DB-FollowerState] INFO  server.RaftServerConfigKeys (ConfUtils.java:logFallback(53)) - raft.server.rpc.first-election.timeout.min = 150ms (fallback to raft.server.rpc.timeout.min)
2022-10-23 15:33:49,662 [s1@group-16C2524519DB-FollowerState] INFO  server.RaftServerConfigKeys (ConfUtils.java:logFallback(53)) - raft.server.rpc.first-election.timeout.max = 300ms (fallback to raft.server.rpc.timeout.max)
2022-10-23 15:33:49,662 [s0-server-thread1] INFO  server.RaftServer$Division (ServerState.java:setLeader(259)) - s0@group-16C2524519DB: change Leader from null to s2 at term 1 for appendEntries, leader elected after 305ms
2022-10-23 15:33:49,661 [s2@group-16C2524519DB-LeaderElection11] INFO  server.RaftServer$Division (ServerState.java:setRaftConf(376)) - s2@group-16C2524519DB: set configuration 0: peers:[s0|rpc:localhost:35473|admin:localhost:37357|client:localhost:37779|dataStream:localhost:40709|priority:0|startupRole:FOLLOWER, s1|rpc:localhost:36091|admin:localhost:41449|client:localhost:34501|dataStream:localhost:38049|priority:0|startupRole:FOLLOWER, s2|rpc:localhost:33163|admin:localhost:37485|client:localhost:34167|dataStream:localhost:45917|priority:0|startupRole:FOLLOWER]|listeners:[], old=null
2022-10-23 15:33:49,661 [s2@group-16C2524519DB-SegmentedRaftLogWorker] INFO  segmented.SegmentedRaftLogWorker (SegmentedRaftLogWorker.java:execute(635)) - s2@group-16C2524519DB-SegmentedRaftLogWorker: created new log segment /home/runner/work/ratis/ratis/ratis-test/target/test/data/efcb8261/MiniRaftClusterWithGrpc18568162/s2/c075f36b-0277-41b7-bad6-16c2524519db/current/log_inprogress_0
2022-10-23 15:33:49,671 [s0-server-thread1] DEBUG server.RaftServer$Division (RaftServerImpl.java:logAppendEntries(1418)) - s0@group-16C2524519DB: receive appendEntries(s2, 1, null, -1, true, commits:[s2:c-1, s0:c-1, s1:c-1], cId:1, entries: [(t:1, i:0), CONFIGURATIONENTRY(current:id: "s0"
address: "localhost:35473"
dataStreamAddress: "localhost:40709"
clientAddress: "localhost:37779"
adminAddress: "localhost:37357"
startupRole: FOLLOWER
,id: "s1"
address: "localhost:36091"
dataStreamAddress: "localhost:38049"
clientAddress: "localhost:34501"
adminAddress: "localhost:41449"
startupRole: FOLLOWER
,id: "s2"
address: "localhost:33163"
dataStreamAddress: "localhost:45917"
clientAddress: "localhost:34167"
adminAddress: "localhost:37485"
startupRole: FOLLOWER
, old:)]
2022-10-23 15:33:49,674 [grpc-default-executor-2] INFO  server.RaftServer$Division (RaftServerImpl.java:requestVote(1324)) - s1@group-16C2524519DB replies to ELECTION vote request: s2<-s1#0:OK-t1. Peer's state: s1@group-16C2524519DB:t1, leader=null, voted=s2, raftlog=Memoized:s1@group-16C2524519DB-SegmentedRaftLog:OPENED:c-1, conf=-1: peers:[s0|rpc:localhost:35473|admin:localhost:37357|client:localhost:37779|dataStream:localhost:40709|priority:0|startupRole:FOLLOWER, s1|rpc:localhost:36091|admin:localhost:41449|client:localhost:34501|dataStream:localhost:38049|priority:0|startupRole:FOLLOWER, s2|rpc:localhost:33163|admin:localhost:37485|client:localhost:34167|dataStream:localhost:45917|priority:0|startupRole:FOLLOWER]|listeners:[], old=null
2022-10-23 15:33:49,678 [s0-server-thread1] INFO  server.RaftServer$Division (ServerState.java:setRaftConf(376)) - s0@group-16C2524519DB: set configuration 0: peers:[s0|rpc:localhost:35473|admin:localhost:37357|client:localhost:37779|dataStream:localhost:40709|priority:0|startupRole:FOLLOWER, s1|rpc:localhost:36091|admin:localhost:41449|client:localhost:34501|dataStream:localhost:38049|priority:0|startupRole:FOLLOWER, s2|rpc:localhost:33163|admin:localhost:37485|client:localhost:34167|dataStream:localhost:45917|priority:0|startupRole:FOLLOWER]|listeners:[], old=null
2022-10-23 15:33:49,678 [s0-server-thread1] INFO  segmented.SegmentedRaftLogWorker (SegmentedRaftLogWorker.java:startLogSegment(431)) - s0@group-16C2524519DB-SegmentedRaftLogWorker: Starting segment from index:0
2022-10-23 15:33:49,681 [s1-server-thread2] DEBUG server.RaftServer$Division (RaftServerImpl.java:logAppendEntries(1418)) - s1@group-16C2524519DB: receive appendEntries(s2, 1, null, 0, true, commits:[s2:c0, s0:c-1, s1:c-1], cId:1, entries: [(t:1, i:0), CONFIGURATIONENTRY(current:id: "s0"
address: "localhost:35473"
dataStreamAddress: "localhost:40709"
clientAddress: "localhost:37779"
adminAddress: "localhost:37357"
startupRole: FOLLOWER
,id: "s1"
address: "localhost:36091"
dataStreamAddress: "localhost:38049"
clientAddress: "localhost:34501"
adminAddress: "localhost:41449"
startupRole: FOLLOWER
,id: "s2"
address: "localhost:33163"
dataStreamAddress: "localhost:45917"
clientAddress: "localhost:34167"
adminAddress: "localhost:37485"
startupRole: FOLLOWER
, old:)]
2022-10-23 15:33:49,681 [s1-server-thread2] INFO  server.RaftServer$Division (ServerState.java:setLeader(259)) - s1@group-16C2524519DB: change Leader from null to s2 at term 1 for appendEntries, leader elected after 308ms
2022-10-23 15:33:49,682 [s1-server-thread2] INFO  server.RaftServer$Division (ServerState.java:setRaftConf(376)) - s1@group-16C2524519DB: set configuration 0: peers:[s0|rpc:localhost:35473|admin:localhost:37357|client:localhost:37779|dataStream:localhost:40709|priority:0|startupRole:FOLLOWER, s1|rpc:localhost:36091|admin:localhost:41449|client:localhost:34501|dataStream:localhost:38049|priority:0|startupRole:FOLLOWER, s2|rpc:localhost:33163|admin:localhost:37485|client:localhost:34167|dataStream:localhost:45917|priority:0|startupRole:FOLLOWER]|listeners:[], old=null
2022-10-23 15:33:49,683 [s1-server-thread2] INFO  segmented.SegmentedRaftLogWorker (SegmentedRaftLogWorker.java:startLogSegment(431)) - s1@group-16C2524519DB-SegmentedRaftLogWorker: Starting segment from index:0
2022-10-23 15:33:49,697 [s0@group-16C2524519DB-SegmentedRaftLogWorker] INFO  segmented.SegmentedRaftLogWorker (SegmentedRaftLogWorker.java:execute(635)) - s0@group-16C2524519DB-SegmentedRaftLogWorker: created new log segment /home/runner/work/ratis/ratis/ratis-test/target/test/data/efcb8261/MiniRaftClusterWithGrpc18568162/s0/c075f36b-0277-41b7-bad6-16c2524519db/current/log_inprogress_0
2022-10-23 15:33:49,698 [s1@group-16C2524519DB-SegmentedRaftLogWorker] INFO  segmented.SegmentedRaftLogWorker (SegmentedRaftLogWorker.java:execute(635)) - s1@group-16C2524519DB-SegmentedRaftLogWorker: created new log segment /home/runner/work/ratis/ratis/ratis-test/target/test/data/efcb8261/MiniRaftClusterWithGrpc18568162/s1/c075f36b-0277-41b7-bad6-16c2524519db/current/log_inprogress_0
2022-10-23 15:33:49,699 [s0-server-thread3] DEBUG server.RaftServer$Division (RaftServerImpl.java:logAppendEntries(1418)) - s0@group-16C2524519DB: succeeded to handle AppendEntries. Reply: s2<-s0#1:OK-t1,SUCCESS,nextIndex=1,followerCommit=-1,matchIndex=0
2022-10-23 15:33:49,699 [s1-server-thread1] DEBUG server.RaftServer$Division (RaftServerImpl.java:logAppendEntries(1418)) - s1@group-16C2524519DB: succeeded to handle AppendEntries. Reply: s2<-s1#1:OK-t1,SUCCESS,nextIndex=1,followerCommit=0,matchIndex=0
2022-10-23 15:33:49,871 [Time-limited test] INFO  ratis.RaftTestUtil (RaftTestUtil.java:waitForLeader(119)) - printing ALL groups
  s0:  RUNNING  FOLLOWER s0@group-16C2524519DB:t1, leader=s2, voted=s2, raftlog=Memoized:s0@group-16C2524519DB-SegmentedRaftLog:OPENED:c0, conf=0: peers:[s0|rpc:localhost:35473|admin:localhost:37357|client:localhost:37779|dataStream:localhost:40709|priority:0|startupRole:FOLLOWER, s1|rpc:localhost:36091|admin:localhost:41449|client:localhost:34501|dataStream:localhost:38049|priority:0|startupRole:FOLLOWER, s2|rpc:localhost:33163|admin:localhost:37485|client:localhost:34167|dataStream:localhost:45917|priority:0|startupRole:FOLLOWER]|listeners:[], old=null RUNNING
  s1:  RUNNING  FOLLOWER s1@group-16C2524519DB:t1, leader=s2, voted=s2, raftlog=Memoized:s1@group-16C2524519DB-SegmentedRaftLog:OPENED:c0, conf=0: peers:[s0|rpc:localhost:35473|admin:localhost:37357|client:localhost:37779|dataStream:localhost:40709|priority:0|startupRole:FOLLOWER, s1|rpc:localhost:36091|admin:localhost:41449|client:localhost:34501|dataStream:localhost:38049|priority:0|startupRole:FOLLOWER, s2|rpc:localhost:33163|admin:localhost:37485|client:localhost:34167|dataStream:localhost:45917|priority:0|startupRole:FOLLOWER]|listeners:[], old=null RUNNING
  s2:  RUNNING    LEADER s2@group-16C2524519DB:t1, leader=s2, voted=s2, raftlog=Memoized:s2@group-16C2524519DB-SegmentedRaftLog:OPENED:c0, conf=0: peers:[s0|rpc:localhost:35473|admin:localhost:37357|client:localhost:37779|dataStream:localhost:40709|priority:0|startupRole:FOLLOWER, s1|rpc:localhost:36091|admin:localhost:41449|client:localhost:34501|dataStream:localhost:38049|priority:0|startupRole:FOLLOWER, s2|rpc:localhost:33163|admin:localhost:37485|client:localhost:34167|dataStream:localhost:45917|priority:0|startupRole:FOLLOWER]|listeners:[], old=null RUNNING
2022-10-23 15:33:49,877 [s2-client-thread1] DEBUG server.RaftServer$Division (RaftServerImpl.java:submitClientRequestAsync(827)) - s2@group-16C2524519DB: receive client request(RaftClientRequest:client-8438440A3CAA->s2@group-16C2524519DB, cid=63, seq=0, RW, Message:494e4352454d454e54)
2022-10-23 15:33:49,877 [s2-client-thread1] DEBUG server.RaftServer$Division (LeaderStateImpl.java:addPendingRequest(410)) - s2@group-16C2524519DB-LeaderStateImpl: addPendingRequest at RaftClientRequest:client-8438440A3CAA->s2@group-16C2524519DB, cid=63, seq=0, RW, Message:494e4352454d454e54, entry=(t:1, i:1), STATEMACHINELOGENTRY, 63@client-8438440A3CAA
2022-10-23 15:33:49,878 [s1-server-thread1] DEBUG server.RaftServer$Division (RaftServerImpl.java:logAppendEntries(1418)) - s1@group-16C2524519DB: receive appendEntries(s2, 1, (t:1, i:0), 0, true, commits:[s2:c0, s0:c0, s1:c0], cId:6, entries: [(t:1, i:1), STATEMACHINELOGENTRY, 63@client-8438440A3CAA]
2022-10-23 15:33:49,878 [s0-server-thread3] DEBUG server.RaftServer$Division (RaftServerImpl.java:logAppendEntries(1418)) - s0@group-16C2524519DB: receive appendEntries(s2, 1, (t:1, i:0), 0, true, commits:[s2:c0, s0:c0, s1:c0], cId:16, entries: [(t:1, i:1), STATEMACHINELOGENTRY, 63@client-8438440A3CAA]
2022-10-23 15:33:49,879 [s1-server-thread1] DEBUG server.RaftServer$Division (RaftServerImpl.java:logAppendEntries(1418)) - s1@group-16C2524519DB: succeeded to handle AppendEntries. Reply: s2<-s1#6:OK-t1,SUCCESS,nextIndex=2,followerCommit=0,matchIndex=1
2022-10-23 15:33:49,879 [s0-server-thread3] DEBUG server.RaftServer$Division (RaftServerImpl.java:logAppendEntries(1418)) - s0@group-16C2524519DB: succeeded to handle AppendEntries. Reply: s2<-s0#16:OK-t1,SUCCESS,nextIndex=2,followerCommit=0,matchIndex=1
2022-10-23 15:33:49,879 [s2@group-16C2524519DB-StateMachineUpdater] INFO  statemachine.StateMachine (ReadOnlyRequestTests.java:applyTransaction(304)) - receive command: INCREMENT
2022-10-23 15:33:49,880 [s1-server-thread1] DEBUG server.RaftServer$Division (RaftServerImpl.java:logAppendEntries(1418)) - s1@group-16C2524519DB: receive appendEntries(s2, 1, (t:1, i:1), 1, true, commits:[s2:c1, s0:c0, s1:c0], cId:7, entries: [(t:1, i:2), METADATAENTRY(c:1)]
2022-10-23 15:33:49,880 [s0-server-thread3] DEBUG server.RaftServer$Division (RaftServerImpl.java:logAppendEntries(1418)) - s0@group-16C2524519DB: receive appendEntries(s2, 1, (t:1, i:1), 1, true, commits:[s2:c1, s0:c0, s1:c0], cId:17, entries: [(t:1, i:2), METADATAENTRY(c:1)]
2022-10-23 15:33:49,881 [s1-server-thread1] DEBUG server.RaftServer$Division (RaftServerImpl.java:logAppendEntries(1418)) - s1@group-16C2524519DB: succeeded to handle AppendEntries. Reply: s2<-s1#7:OK-t1,SUCCESS,nextIndex=3,followerCommit=1,matchIndex=2
2022-10-23 15:33:49,881 [s1@group-16C2524519DB-StateMachineUpdater] INFO  statemachine.StateMachine (ReadOnlyRequestTests.java:applyTransaction(304)) - receive command: INCREMENT
2022-10-23 15:33:49,881 [s0-server-thread3] DEBUG server.RaftServer$Division (RaftServerImpl.java:logAppendEntries(1418)) - s0@group-16C2524519DB: succeeded to handle AppendEntries. Reply: s2<-s0#17:OK-t1,SUCCESS,nextIndex=3,followerCommit=1,matchIndex=2
2022-10-23 15:33:49,881 [s0@group-16C2524519DB-StateMachineUpdater] INFO  statemachine.StateMachine (ReadOnlyRequestTests.java:applyTransaction(304)) - receive command: INCREMENT
2022-10-23 15:33:49,884 [s2-client-thread1] DEBUG server.RaftServer$Division (RaftServerImpl.java:submitClientRequestAsync(827)) - s2@group-16C2524519DB: receive client request(RaftClientRequest:client-8438440A3CAA->s2@group-16C2524519DB, cid=64, seq=0, RO, Message:5155455259)
2022-10-23 15:33:49,970 [s2-server-thread1] INFO  server.RaftServer$Division (RaftServerImpl.java:stepDownLeaderAsync(1169)) - s2@group-16C2524519DB receive stepDown leader request TransferLeadershipRequest:client-8438440A3CAA->s2@group-16C2524519DB, cid=65, seq=0, RO, null
2022-10-23 15:33:49,971 [s2@group-16C2524519DB-LeaderStateImpl] INFO  server.RaftServer$Division (RaftServerImpl.java:setRole(325)) - s2@group-16C2524519DB: changes role from    LEADER to FOLLOWER at term 1 for StepDownReason:FORCE
2022-10-23 15:33:49,971 [s2@group-16C2524519DB-LeaderStateImpl] INFO  impl.RoleInfo (RoleInfo.java:shutdownLeaderState(93)) - s2: shutdown s2@group-16C2524519DB-LeaderStateImpl
2022-10-23 15:33:49,971 [s2@group-16C2524519DB-LeaderStateImpl] INFO  impl.PendingRequests (PendingRequests.java:sendNotLeaderResponses(282)) - s2@group-16C2524519DB-PendingRequests: sendNotLeaderResponses
2022-10-23 15:33:49,971 [s2@group-16C2524519DB->s0-GrpcLogAppender-LogAppenderDaemon] WARN  server.GrpcLogAppender (GrpcLogAppender.java:mayWait(199)) - s2@group-16C2524519DB->s0-GrpcLogAppender: Wait interrupted by java.lang.InterruptedException
2022-10-23 15:33:49,971 [s2@group-16C2524519DB->s1-GrpcLogAppender-LogAppenderDaemon] WARN  server.GrpcLogAppender (GrpcLogAppender.java:mayWait(199)) - s2@group-16C2524519DB->s1-GrpcLogAppender: Wait interrupted by java.lang.InterruptedException
2022-10-23 15:33:49,971 [s2@group-16C2524519DB-LeaderStateImpl] INFO  impl.RoleInfo (RoleInfo.java:updateAndGet(139)) - s2: start s2@group-16C2524519DB-FollowerState
2022-10-23 15:33:49,972 [s2@group-16C2524519DB-LeaderStateImpl] INFO  impl.PendingStepDown (PendingStepDown.java:complete(55)) - Successfully step down leader at s2@group-16C2524519DB-LeaderStateImpl for request TransferLeadershipRequest:client-8438440A3CAA->s2@group-16C2524519DB, cid=65, seq=0, RO, null
2022-10-23 15:33:49,975 [grpc-default-executor-3] INFO  server.GrpcServerProtocolService (GrpcServerProtocolService.java:onCompleted(143)) - s0: Completed APPEND_ENTRIES, lastRequest: null
2022-10-23 15:33:49,975 [grpc-default-executor-6] INFO  server.GrpcServerProtocolService (GrpcServerProtocolService.java:onCompleted(143)) - s0: Completed APPEND_ENTRIES, lastRequest: s2->s0#17-t1,previous=(t:1, i:1),leaderCommit=1,initializing? true,entries: size=1, first=(t:1, i:2), METADATAENTRY(c:1)
2022-10-23 15:33:49,975 [grpc-default-executor-0] INFO  server.GrpcServerProtocolService (GrpcServerProtocolService.java:onCompleted(143)) - s1: Completed APPEND_ENTRIES, lastRequest: s2->s1#7-t1,previous=(t:1, i:1),leaderCommit=1,initializing? true,entries: size=1, first=(t:1, i:2), METADATAENTRY(c:1)
2022-10-23 15:33:49,976 [grpc-default-executor-2] INFO  server.GrpcServerProtocolService (GrpcServerProtocolService.java:onCompleted(143)) - s1: Completed APPEND_ENTRIES, lastRequest: null
2022-10-23 15:33:49,976 [grpc-default-executor-2] INFO  server.GrpcLogAppender (GrpcLogAppender.java:onCompleted(413)) - s2@group-16C2524519DB->s0-AppendLogResponseHandler: follower responses appendEntries COMPLETED
2022-10-23 15:33:49,976 [grpc-default-executor-3] INFO  server.GrpcLogAppender (GrpcLogAppender.java:onCompleted(413)) - s2@group-16C2524519DB->s0-AppendLogResponseHandler: follower responses appendEntries COMPLETED
2022-10-23 15:33:49,977 [grpc-default-executor-6] INFO  server.GrpcLogAppender (GrpcLogAppender.java:onCompleted(413)) - s2@group-16C2524519DB->s1-AppendLogResponseHandler: follower responses appendEntries COMPLETED
2022-10-23 15:33:49,977 [grpc-default-executor-6] INFO  leader.FollowerInfo (FollowerInfoImpl.java:lambda$new$0(48)) - s2@group-16C2524519DB->s1: nextIndex: updateUnconditionally 3 -> 2
2022-10-23 15:33:49,978 [grpc-default-executor-6] INFO  server.GrpcLogAppender (GrpcLogAppender.java:onCompleted(413)) - s2@group-16C2524519DB->s1-AppendLogResponseHandler: follower responses appendEntries COMPLETED
2022-10-23 15:33:49,978 [grpc-default-executor-6] INFO  leader.FollowerInfo (FollowerInfoImpl.java:lambda$new$0(48)) - s2@group-16C2524519DB->s1: nextIndex: updateUnconditionally 2 -> 1
2022-10-23 15:33:49,978 [grpc-default-executor-2] INFO  leader.FollowerInfo (FollowerInfoImpl.java:lambda$new$0(48)) - s2@group-16C2524519DB->s0: nextIndex: updateUnconditionally 3 -> 2
2022-10-23 15:33:49,978 [grpc-default-executor-3] INFO  leader.FollowerInfo (FollowerInfoImpl.java:lambda$new$0(48)) - s2@group-16C2524519DB->s0: nextIndex: updateUnconditionally 2 -> 1
2022-10-23 15:33:49,981 [s2-client-thread1] DEBUG server.RaftServer$Division (RaftServerImpl.java:submitClientRequestAsync(827)) - s2@group-16C2524519DB: receive client request(RaftClientRequest:client-8438440A3CAA->s2@group-16C2524519DB, cid=66, seq=0, RO, Message:5155455259)
2022-10-23 15:33:49,982 [s2-client-thread1] INFO  server.GrpcServerProtocolClient (GrpcServerProtocolClient.java:<init>(63)) - Build channel for s2
2022-10-23 15:33:49,987 [null-request--thread1] INFO  server.GrpcClientProtocolService (GrpcClientProtocolService.java:lambda$processClientRequest$0(284)) - Failed RaftClientRequest:client-8438440A3CAA->s2@group-16C2524519DB, cid=66, seq=0, RO, Message:5155455259, reply=RaftClientReply:client-8438440A3CAA->s2@group-16C2524519DB, cid=66, FAILED org.apache.ratis.protocol.exceptions.ReadIndexException: s2: Failed to get read index from the leader: serverReply {
  requestorId: "s2"
  replyId: "s2"
  raftGroupId {
    id: "\300u\363k\002wA\267\272\326\026\302RE\031\333"
  }
}
readIndex: 18446744073709551615
, logIndex=0, commits[s2:c2, s0:c2, s1:c2]
2022-10-23 15:33:50,092 [s2-client-thread1] DEBUG server.RaftServer$Division (RaftServerImpl.java:submitClientRequestAsync(827)) - s2@group-16C2524519DB: receive client request(RaftClientRequest:client-8438440A3CAA->s2@group-16C2524519DB, cid=66, seq=0, RO, Message:5155455259)
2022-10-23 15:33:50,094 [null-request--thread1] INFO  server.GrpcClientProtocolService (GrpcClientProtocolService.java:lambda$processClientRequest$0(284)) - Failed RaftClientRequest:client-8438440A3CAA->s2@group-16C2524519DB, cid=66, seq=0, RO, Message:5155455259, reply=RaftClientReply:client-8438440A3CAA->s2@group-16C2524519DB, cid=66, FAILED org.apache.ratis.protocol.exceptions.ReadIndexException: s2: Failed to get read index from the leader: serverReply {
  requestorId: "s2"
  replyId: "s2"
  raftGroupId {
    id: "\300u\363k\002wA\267\272\326\026\302RE\031\333"
  }
}
readIndex: 18446744073709551615
, logIndex=0, commits[s2:c2, s0:c2, s1:c2]
2022-10-23 15:33:50,163 [s0@group-16C2524519DB-FollowerState] INFO  impl.FollowerState (FollowerState.java:run(143)) - s0@group-16C2524519DB-FollowerState: change to CANDIDATE, lastRpcElapsedTime:201721059ns, electionTimeout:156ms
2022-10-23 15:33:50,163 [s0@group-16C2524519DB-FollowerState] INFO  impl.RoleInfo (RoleInfo.java:shutdownFollowerState(110)) - s0: shutdown s0@group-16C2524519DB-FollowerState
2022-10-23 15:33:50,163 [s0@group-16C2524519DB-FollowerState] INFO  server.RaftServer$Division (RaftServerImpl.java:setRole(325)) - s0@group-16C2524519DB: changes role from  FOLLOWER to CANDIDATE at term 1 for changeToCandidate
2022-10-23 15:33:50,163 [s0@group-16C2524519DB-FollowerState] INFO  server.RaftServerConfigKeys (ConfUtils.java:logGet(46)) - raft.server.leaderelection.pre-vote = true (default)
2022-10-23 15:33:50,163 [s0@group-16C2524519DB-FollowerState] INFO  impl.RoleInfo (RoleInfo.java:updateAndGet(139)) - s0: start s0@group-16C2524519DB-LeaderElection12
2022-10-23 15:33:50,164 [s0@group-16C2524519DB-LeaderElection12] INFO  server.RaftServer$Division (ServerState.java:setLeader(259)) - s0@group-16C2524519DB: change Leader from s2 to null at term 1 for PRE_VOTE
2022-10-23 15:33:50,164 [s0@group-16C2524519DB-LeaderElection12] INFO  impl.LeaderElection (LeaderElection.java:askForVotes(309)) - s0@group-16C2524519DB-LeaderElection12 PRE_VOTE round 0: submit vote requests at term 1 for 0: peers:[s0|rpc:localhost:35473|admin:localhost:37357|client:localhost:37779|dataStream:localhost:40709|priority:0|startupRole:FOLLOWER, s1|rpc:localhost:36091|admin:localhost:41449|client:localhost:34501|dataStream:localhost:38049|priority:0|startupRole:FOLLOWER, s2|rpc:localhost:33163|admin:localhost:37485|client:localhost:34167|dataStream:localhost:45917|priority:0|startupRole:FOLLOWER]|listeners:[], old=null
2022-10-23 15:33:50,164 [s0@group-16C2524519DB-LeaderElection12-1] INFO  server.GrpcServerProtocolClient (GrpcServerProtocolClient.java:<init>(63)) - Build channel for s1
2022-10-23 15:33:50,164 [s0@group-16C2524519DB-LeaderElection12-2] INFO  server.GrpcServerProtocolClient (GrpcServerProtocolClient.java:<init>(63)) - Build channel for s2
2022-10-23 15:33:50,175 [grpc-default-executor-6] INFO  server.RaftServer$Division (RaftServerImpl.java:requestVote(1291)) - s1@group-16C2524519DB: receive requestVote(PRE_VOTE, s0, group-16C2524519DB, 1, (t:1, i:2))
2022-10-23 15:33:50,176 [grpc-default-executor-6] INFO  impl.VoteContext (VoteContext.java:log(49)) - s1@group-16C2524519DB-FOLLOWER: accept PRE_VOTE from s0: our priority 0 <= candidate's priority 0
2022-10-23 15:33:50,176 [grpc-default-executor-6] INFO  server.RaftServer$Division (RaftServerImpl.java:requestVote(1324)) - s1@group-16C2524519DB replies to PRE_VOTE vote request: s0<-s1#0:OK-t1. Peer's state: s1@group-16C2524519DB:t1, leader=s2, voted=s2, raftlog=Memoized:s1@group-16C2524519DB-SegmentedRaftLog:OPENED:c2, conf=0: peers:[s0|rpc:localhost:35473|admin:localhost:37357|client:localhost:37779|dataStream:localhost:40709|priority:0|startupRole:FOLLOWER, s1|rpc:localhost:36091|admin:localhost:41449|client:localhost:34501|dataStream:localhost:38049|priority:0|startupRole:FOLLOWER, s2|rpc:localhost:33163|admin:localhost:37485|client:localhost:34167|dataStream:localhost:45917|priority:0|startupRole:FOLLOWER]|listeners:[], old=null
2022-10-23 15:33:50,178 [grpc-default-executor-6] INFO  server.RaftServer$Division (RaftServerImpl.java:requestVote(1291)) - s2@group-16C2524519DB: receive requestVote(PRE_VOTE, s0, group-16C2524519DB, 1, (t:1, i:2))
2022-10-23 15:33:50,178 [grpc-default-executor-6] INFO  impl.VoteContext (VoteContext.java:log(49)) - s2@group-16C2524519DB-FOLLOWER: accept PRE_VOTE from s0: our priority 0 <= candidate's priority 0
2022-10-23 15:33:50,178 [grpc-default-executor-6] INFO  server.RaftServer$Division (RaftServerImpl.java:requestVote(1324)) - s2@group-16C2524519DB replies to PRE_VOTE vote request: s0<-s2#0:OK-t1. Peer's state: s2@group-16C2524519DB:t1, leader=s2, voted=s2, raftlog=Memoized:s2@group-16C2524519DB-SegmentedRaftLog:OPENED:c2, conf=0: peers:[s0|rpc:localhost:35473|admin:localhost:37357|client:localhost:37779|dataStream:localhost:40709|priority:0|startupRole:FOLLOWER, s1|rpc:localhost:36091|admin:localhost:41449|client:localhost:34501|dataStream:localhost:38049|priority:0|startupRole:FOLLOWER, s2|rpc:localhost:33163|admin:localhost:37485|client:localhost:34167|dataStream:localhost:45917|priority:0|startupRole:FOLLOWER]|listeners:[], old=null
2022-10-23 15:33:50,180 [s0@group-16C2524519DB-LeaderElection12] INFO  impl.LeaderElection (LeaderElection.java:logAndReturn(89)) - s0@group-16C2524519DB-LeaderElection12: PRE_VOTE PASSED received 1 response(s) and 0 exception(s):
2022-10-23 15:33:50,181 [s0@group-16C2524519DB-LeaderElection12] INFO  impl.LeaderElection (LeaderElection.java:logAndReturn(93)) -   Response 0: s0<-s1#0:OK-t1
2022-10-23 15:33:50,181 [s0@group-16C2524519DB-LeaderElection12] INFO  impl.LeaderElection (LeaderElection.java:askForVotes(311)) - s0@group-16C2524519DB-LeaderElection12 PRE_VOTE round 0: result PASSED
2022-10-23 15:33:50,182 [s0@group-16C2524519DB-LeaderElection12] INFO  impl.LeaderElection (LeaderElection.java:askForVotes(309)) - s0@group-16C2524519DB-LeaderElection12 ELECTION round 0: submit vote requests at term 2 for 0: peers:[s0|rpc:localhost:35473|admin:localhost:37357|client:localhost:37779|dataStream:localhost:40709|priority:0|startupRole:FOLLOWER, s1|rpc:localhost:36091|admin:localhost:41449|client:localhost:34501|dataStream:localhost:38049|priority:0|startupRole:FOLLOWER, s2|rpc:localhost:33163|admin:localhost:37485|client:localhost:34167|dataStream:localhost:45917|priority:0|startupRole:FOLLOWER]|listeners:[], old=null
2022-10-23 15:33:50,183 [grpc-default-executor-6] INFO  server.RaftServer$Division (RaftServerImpl.java:requestVote(1291)) - s1@group-16C2524519DB: receive requestVote(ELECTION, s0, group-16C2524519DB, 2, (t:1, i:2))
2022-10-23 15:33:50,183 [grpc-default-executor-6] INFO  impl.VoteContext (VoteContext.java:log(49)) - s1@group-16C2524519DB-FOLLOWER: accept ELECTION from s0: our priority 0 <= candidate's priority 0
2022-10-23 15:33:50,183 [grpc-default-executor-6] INFO  server.RaftServer$Division (ServerState.java:setLeader(259)) - s1@group-16C2524519DB: change Leader from s2 to null at term 2 for updateCurrentTerm
2022-10-23 15:33:50,183 [grpc-default-executor-6] INFO  server.RaftServer$Division (RaftServerImpl.java:setRole(325)) - s1@group-16C2524519DB: changes role from  FOLLOWER to FOLLOWER at term 2 for candidate:s0
2022-10-23 15:33:50,183 [grpc-default-executor-6] INFO  impl.RoleInfo (RoleInfo.java:shutdownFollowerState(110)) - s1: shutdown s1@group-16C2524519DB-FollowerState
2022-10-23 15:33:50,183 [grpc-default-executor-6] INFO  impl.RoleInfo (RoleInfo.java:updateAndGet(139)) - s1: start s1@group-16C2524519DB-FollowerState
2022-10-23 15:33:50,183 [s1@group-16C2524519DB-FollowerState] INFO  impl.FollowerState (FollowerState.java:run(152)) - s1@group-16C2524519DB-FollowerState was interrupted
2022-10-23 15:33:50,191 [grpc-default-executor-6] INFO  server.RaftServer$Division (RaftServerImpl.java:requestVote(1324)) - s1@group-16C2524519DB replies to ELECTION vote request: s0<-s1#0:OK-t2. Peer's state: s1@group-16C2524519DB:t2, leader=null, voted=s0, raftlog=Memoized:s1@group-16C2524519DB-SegmentedRaftLog:OPENED:c2, conf=0: peers:[s0|rpc:localhost:35473|admin:localhost:37357|client:localhost:37779|dataStream:localhost:40709|priority:0|startupRole:FOLLOWER, s1|rpc:localhost:36091|admin:localhost:41449|client:localhost:34501|dataStream:localhost:38049|priority:0|startupRole:FOLLOWER, s2|rpc:localhost:33163|admin:localhost:37485|client:localhost:34167|dataStream:localhost:45917|priority:0|startupRole:FOLLOWER]|listeners:[], old=null
2022-10-23 15:33:50,192 [grpc-default-executor-2] INFO  server.RaftServer$Division (RaftServerImpl.java:requestVote(1291)) - s2@group-16C2524519DB: receive requestVote(ELECTION, s0, group-16C2524519DB, 2, (t:1, i:2))
2022-10-23 15:33:50,192 [grpc-default-executor-2] INFO  impl.VoteContext (VoteContext.java:log(49)) - s2@group-16C2524519DB-FOLLOWER: accept ELECTION from s0: our priority 0 <= candidate's priority 0
2022-10-23 15:33:50,192 [grpc-default-executor-2] INFO  server.RaftServer$Division (ServerState.java:setLeader(259)) - s2@group-16C2524519DB: change Leader from s2 to null at term 2 for updateCurrentTerm
2022-10-23 15:33:50,192 [grpc-default-executor-2] INFO  server.RaftServer$Division (RaftServerImpl.java:setRole(325)) - s2@group-16C2524519DB: changes role from  FOLLOWER to FOLLOWER at term 2 for candidate:s0
2022-10-23 15:33:50,192 [grpc-default-executor-2] INFO  impl.RoleInfo (RoleInfo.java:shutdownFollowerState(110)) - s2: shutdown s2@group-16C2524519DB-FollowerState
2022-10-23 15:33:50,192 [grpc-default-executor-2] INFO  impl.RoleInfo (RoleInfo.java:updateAndGet(139)) - s2: start s2@group-16C2524519DB-FollowerState
2022-10-23 15:33:50,192 [s2@group-16C2524519DB-FollowerState] INFO  impl.FollowerState (FollowerState.java:run(152)) - s2@group-16C2524519DB-FollowerState was interrupted
2022-10-23 15:33:50,192 [s0@group-16C2524519DB-LeaderElection12] INFO  impl.LeaderElection (LeaderElection.java:logAndReturn(89)) - s0@group-16C2524519DB-LeaderElection12: ELECTION PASSED received 1 response(s) and 0 exception(s):
2022-10-23 15:33:50,192 [s0@group-16C2524519DB-LeaderElection12] INFO  impl.LeaderElection (LeaderElection.java:logAndReturn(93)) -   Response 0: s0<-s1#0:OK-t2
2022-10-23 15:33:50,192 [s0@group-16C2524519DB-LeaderElection12] INFO  impl.LeaderElection (LeaderElection.java:askForVotes(311)) - s0@group-16C2524519DB-LeaderElection12 ELECTION round 0: result PASSED
2022-10-23 15:33:50,192 [s0@group-16C2524519DB-LeaderElection12] INFO  impl.RoleInfo (RoleInfo.java:shutdownLeaderElection(130)) - s0: shutdown s0@group-16C2524519DB-LeaderElection12
2022-10-23 15:33:50,192 [s0@group-16C2524519DB-LeaderElection12] INFO  server.RaftServer$Division (RaftServerImpl.java:setRole(325)) - s0@group-16C2524519DB: changes role from CANDIDATE to LEADER at term 2 for changeToLeader
2022-10-23 15:33:50,192 [s0@group-16C2524519DB-LeaderElection12] INFO  server.RaftServer$Division (ServerState.java:setLeader(259)) - s0@group-16C2524519DB: change Leader from null to s0 at term 2 for becomeLeader, leader elected after 28ms
2022-10-23 15:33:50,192 [s0@group-16C2524519DB-LeaderElection12] INFO  server.RaftServerConfigKeys (ConfUtils.java:logGet(46)) - raft.server.staging.catchup.gap = 1000 (default)
2022-10-23 15:33:50,193 [s0@group-16C2524519DB-LeaderElection12] INFO  server.RaftServerConfigKeys (ConfUtils.java:logGet(46)) - raft.server.write.element-limit = 4096 (default)
2022-10-23 15:33:50,193 [s0@group-16C2524519DB-LeaderElection12] INFO  server.RaftServerConfigKeys (ConfUtils.java:logGet(46)) - raft.server.write.byte-limit = 64MB (=67108864) (default)
2022-10-23 15:33:50,193 [s0@group-16C2524519DB-LeaderElection12] INFO  server.RaftServerConfigKeys (ConfUtils.java:logGet(46)) - raft.server.watch.timeout = 10s (default)
2022-10-23 15:33:50,193 [s0@group-16C2524519DB-LeaderElection12] INFO  server.RaftServerConfigKeys (ConfUtils.java:logGet(46)) - raft.server.watch.timeout.denomination = 1s (default)
2022-10-23 15:33:50,193 [s0@group-16C2524519DB-LeaderElection12] INFO  server.RaftServerConfigKeys (ConfUtils.java:logGet(46)) - raft.server.watch.element-limit = 65536 (default)
2022-10-23 15:33:50,193 [s0@group-16C2524519DB-LeaderElection12] INFO  server.RaftServerConfigKeys (ConfUtils.java:logGet(46)) - raft.server.write.element-limit = 4096 (default)
2022-10-23 15:33:50,193 [s0@group-16C2524519DB-LeaderElection12] INFO  server.RaftServerConfigKeys (ConfUtils.java:logGet(46)) - raft.server.write.follower.gap.ratio.max = -1.0 (default)
2022-10-23 15:33:50,193 [s0@group-16C2524519DB-LeaderElection12] INFO  server.RaftServerConfigKeys (ConfUtils.java:logGet(46)) - raft.server.log.appender.snapshot.chunk.size.max = 16MB (=16777216) (default)
2022-10-23 15:33:50,193 [s0@group-16C2524519DB-LeaderElection12] INFO  server.RaftServerConfigKeys (ConfUtils.java:logGet(46)) - raft.server.log.appender.buffer.byte-limit = 4MB (=4194304) (default)
2022-10-23 15:33:50,193 [s0@group-16C2524519DB-LeaderElection12] INFO  server.RaftServerConfigKeys (ConfUtils.java:logGet(46)) - raft.server.log.appender.buffer.element-limit = 0 (default)
2022-10-23 15:33:50,193 [s0@group-16C2524519DB-LeaderElection12] INFO  grpc.GrpcConfigKeys (ConfUtils.java:logGet(46)) - raft.grpc.server.leader.outstanding.appends.max = 128 (default)
2022-10-23 15:33:50,193 [s0@group-16C2524519DB-LeaderElection12] INFO  server.RaftServerConfigKeys (ConfUtils.java:logGet(46)) - raft.server.rpc.request.timeout = 3000ms (default)
2022-10-23 15:33:50,193 [s0@group-16C2524519DB-LeaderElection12] INFO  server.RaftServerConfigKeys (ConfUtils.java:logGet(46)) - raft.server.log.appender.install.snapshot.enabled = true (default)
2022-10-23 15:33:50,193 [s0@group-16C2524519DB-LeaderElection12] INFO  grpc.GrpcConfigKeys (ConfUtils.java:logGet(46)) - raft.grpc.server.heartbeat.channel = true (default)
2022-10-23 15:33:50,193 [s0@group-16C2524519DB-LeaderElection12] INFO  server.RaftServerConfigKeys (ConfUtils.java:logGet(46)) - raft.server.log.appender.wait-time.min = 10ms (default)
2022-10-23 15:33:50,194 [s0@group-16C2524519DB-LeaderElection12] INFO  server.RaftServerConfigKeys (ConfUtils.java:logGet(46)) - raft.server.log.appender.snapshot.chunk.size.max = 16MB (=16777216) (default)
2022-10-23 15:33:50,194 [s0@group-16C2524519DB-LeaderElection12] INFO  server.RaftServerConfigKeys (ConfUtils.java:logGet(46)) - raft.server.log.appender.buffer.byte-limit = 4MB (=4194304) (default)
2022-10-23 15:33:50,194 [s0@group-16C2524519DB-LeaderElection12] INFO  server.RaftServerConfigKeys (ConfUtils.java:logGet(46)) - raft.server.log.appender.buffer.element-limit = 0 (default)
2022-10-23 15:33:50,194 [s0@group-16C2524519DB-LeaderElection12] INFO  grpc.GrpcConfigKeys (ConfUtils.java:logGet(46)) - raft.grpc.server.leader.outstanding.appends.max = 128 (default)
2022-10-23 15:33:50,194 [s0@group-16C2524519DB-LeaderElection12] INFO  server.RaftServerConfigKeys (ConfUtils.java:logGet(46)) - raft.server.rpc.request.timeout = 3000ms (default)
2022-10-23 15:33:50,194 [s0@group-16C2524519DB-LeaderElection12] INFO  server.RaftServerConfigKeys (ConfUtils.java:logGet(46)) - raft.server.log.appender.install.snapshot.enabled = true (default)
2022-10-23 15:33:50,194 [s0@group-16C2524519DB-LeaderElection12] INFO  grpc.GrpcConfigKeys (ConfUtils.java:logGet(46)) - raft.grpc.server.heartbeat.channel = true (default)
2022-10-23 15:33:50,194 [s0@group-16C2524519DB-LeaderElection12] INFO  server.RaftServerConfigKeys (ConfUtils.java:logGet(46)) - raft.server.log.appender.wait-time.min = 10ms (default)
2022-10-23 15:33:50,194 [s0@group-16C2524519DB-LeaderElection12] INFO  impl.RoleInfo (RoleInfo.java:updateAndGet(139)) - s0: start s0@group-16C2524519DB-LeaderStateImpl
2022-10-23 15:33:50,194 [s0@group-16C2524519DB-LeaderElection12] INFO  segmented.SegmentedRaftLogWorker (SegmentedRaftLogWorker.java:rollLogSegment(436)) - s0@group-16C2524519DB-SegmentedRaftLogWorker: Rolling segment log-0_2 to index:2
2022-10-23 15:33:50,197 [s0@group-16C2524519DB-SegmentedRaftLogWorker] TRACE util.FileUtils (LogUtils.java:runAndLog(49)) - Successfully ran Atomic Files.move /home/runner/work/ratis/ratis/ratis-test/target/test/data/efcb8261/MiniRaftClusterWithGrpc18568162/s0/c075f36b-0277-41b7-bad6-16c2524519db/current/log_inprogress_0 to /home/runner/work/ratis/ratis/ratis-test/target/test/data/efcb8261/MiniRaftClusterWithGrpc18568162/s0/c075f36b-0277-41b7-bad6-16c2524519db/current/log_0-2
2022-10-23 15:33:50,197 [s0@group-16C2524519DB-SegmentedRaftLogWorker] INFO  segmented.SegmentedRaftLogWorker (SegmentedRaftLogWorker.java:execute(592)) - s0@group-16C2524519DB-SegmentedRaftLogWorker: Rolled log segment from /home/runner/work/ratis/ratis/ratis-test/target/test/data/efcb8261/MiniRaftClusterWithGrpc18568162/s0/c075f36b-0277-41b7-bad6-16c2524519db/current/log_inprogress_0 to /home/runner/work/ratis/ratis/ratis-test/target/test/data/efcb8261/MiniRaftClusterWithGrpc18568162/s0/c075f36b-0277-41b7-bad6-16c2524519db/current/log_0-2
2022-10-23 15:33:50,200 [s2-client-thread1] DEBUG server.RaftServer$Division (RaftServerImpl.java:submitClientRequestAsync(827)) - s2@group-16C2524519DB: receive client request(RaftClientRequest:client-8438440A3CAA->s2@group-16C2524519DB, cid=66, seq=0, RO, Message:5155455259)
2022-10-23 15:33:50,201 [grpc-default-executor-2] INFO  server.RaftServer$Division (RaftServerImpl.java:requestVote(1324)) - s2@group-16C2524519DB replies to ELECTION vote request: s0<-s2#0:OK-t2. Peer's state: s2@group-16C2524519DB:t2, leader=null, voted=s0, raftlog=Memoized:s2@group-16C2524519DB-SegmentedRaftLog:OPENED:c2, conf=0: peers:[s0|rpc:localhost:35473|admin:localhost:37357|client:localhost:37779|dataStream:localhost:40709|priority:0|startupRole:FOLLOWER, s1|rpc:localhost:36091|admin:localhost:41449|client:localhost:34501|dataStream:localhost:38049|priority:0|startupRole:FOLLOWER, s2|rpc:localhost:33163|admin:localhost:37485|client:localhost:34167|dataStream:localhost:45917|priority:0|startupRole:FOLLOWER]|listeners:[], old=null
2022-10-23 15:33:50,209 [s0@group-16C2524519DB-SegmentedRaftLogWorker] INFO  segmented.SegmentedRaftLogWorker (SegmentedRaftLogWorker.java:execute(635)) - s0@group-16C2524519DB-SegmentedRaftLogWorker: created new log segment /home/runner/work/ratis/ratis/ratis-test/target/test/data/efcb8261/MiniRaftClusterWithGrpc18568162/s0/c075f36b-0277-41b7-bad6-16c2524519db/current/log_inprogress_3
2022-10-23 15:33:50,215 [s1-server-thread1] INFO  server.RaftServer$Division (ServerState.java:setLeader(259)) - s1@group-16C2524519DB: change Leader from null to s0 at term 2 for appendEntries, leader elected after 31ms
2022-10-23 15:33:50,218 [s0@group-16C2524519DB-LeaderElection12] INFO  server.RaftServer$Division (ServerState.java:setRaftConf(376)) - s0@group-16C2524519DB: set configuration 3: peers:[s0|rpc:localhost:35473|admin:localhost:37357|client:localhost:37779|dataStream:localhost:40709|priority:0|startupRole:FOLLOWER, s1|rpc:localhost:36091|admin:localhost:41449|client:localhost:34501|dataStream:localhost:38049|priority:0|startupRole:FOLLOWER, s2|rpc:localhost:33163|admin:localhost:37485|client:localhost:34167|dataStream:localhost:45917|priority:0|startupRole:FOLLOWER]|listeners:[], old=null
2022-10-23 15:33:50,230 [s1-server-thread2] DEBUG server.RaftServer$Division (RaftServerImpl.java:logAppendEntries(1418)) - s1@group-16C2524519DB: receive appendEntries(s0, 2, (t:1, i:2), 2, true, commits:[s0:c2, s1:c2, s2:c2], cId:1, entries: [(t:2, i:3), CONFIGURATIONENTRY(current:id: "s0"
address: "localhost:35473"
dataStreamAddress: "localhost:40709"
clientAddress: "localhost:37779"
adminAddress: "localhost:37357"
startupRole: FOLLOWER
,id: "s1"
address: "localhost:36091"
dataStreamAddress: "localhost:38049"
clientAddress: "localhost:34501"
adminAddress: "localhost:41449"
startupRole: FOLLOWER
,id: "s2"
address: "localhost:33163"
dataStreamAddress: "localhost:45917"
clientAddress: "localhost:34167"
adminAddress: "localhost:37485"
startupRole: FOLLOWER
, old:)]
2022-10-23 15:33:50,230 [s1-server-thread2] INFO  server.RaftServer$Division (ServerState.java:setRaftConf(376)) - s1@group-16C2524519DB: set configuration 3: peers:[s0|rpc:localhost:35473|admin:localhost:37357|client:localhost:37779|dataStream:localhost:40709|priority:0|startupRole:FOLLOWER, s1|rpc:localhost:36091|admin:localhost:41449|client:localhost:34501|dataStream:localhost:38049|priority:0|startupRole:FOLLOWER, s2|rpc:localhost:33163|admin:localhost:37485|client:localhost:34167|dataStream:localhost:45917|priority:0|startupRole:FOLLOWER]|listeners:[], old=null
2022-10-23 15:33:50,231 [s1-server-thread2] INFO  segmented.SegmentedRaftLogWorker (SegmentedRaftLogWorker.java:rollLogSegment(436)) - s1@group-16C2524519DB-SegmentedRaftLogWorker: Rolling segment log-0_2 to index:2
2022-10-23 15:33:50,231 [s2-server-thread1] INFO  server.RaftServer$Division (ServerState.java:setLeader(259)) - s2@group-16C2524519DB: change Leader from null to s0 at term 2 for appendEntries, leader elected after 38ms
2022-10-23 15:33:50,232 [s1@group-16C2524519DB-SegmentedRaftLogWorker] TRACE util.FileUtils (LogUtils.java:runAndLog(49)) - Successfully ran Atomic Files.move /home/runner/work/ratis/ratis/ratis-test/target/test/data/efcb8261/MiniRaftClusterWithGrpc18568162/s1/c075f36b-0277-41b7-bad6-16c2524519db/current/log_inprogress_0 to /home/runner/work/ratis/ratis/ratis-test/target/test/data/efcb8261/MiniRaftClusterWithGrpc18568162/s1/c075f36b-0277-41b7-bad6-16c2524519db/current/log_0-2
2022-10-23 15:33:50,232 [s1@group-16C2524519DB-SegmentedRaftLogWorker] INFO  segmented.SegmentedRaftLogWorker (SegmentedRaftLogWorker.java:execute(592)) - s1@group-16C2524519DB-SegmentedRaftLogWorker: Rolled log segment from /home/runner/work/ratis/ratis/ratis-test/target/test/data/efcb8261/MiniRaftClusterWithGrpc18568162/s1/c075f36b-0277-41b7-bad6-16c2524519db/current/log_inprogress_0 to /home/runner/work/ratis/ratis/ratis-test/target/test/data/efcb8261/MiniRaftClusterWithGrpc18568162/s1/c075f36b-0277-41b7-bad6-16c2524519db/current/log_0-2
2022-10-23 15:33:50,236 [Time-limited test] INFO  impl.MiniRaftCluster (MiniRaftCluster.java:runWithNewCluster(143)) - printing ALL groups
  s0:  RUNNING    LEADER s0@group-16C2524519DB:t2, leader=s0, voted=s0, raftlog=Memoized:s0@group-16C2524519DB-SegmentedRaftLog:OPENED:c2, conf=3: peers:[s0|rpc:localhost:35473|admin:localhost:37357|client:localhost:37779|dataStream:localhost:40709|priority:0|startupRole:FOLLOWER, s1|rpc:localhost:36091|admin:localhost:41449|client:localhost:34501|dataStream:localhost:38049|priority:0|startupRole:FOLLOWER, s2|rpc:localhost:33163|admin:localhost:37485|client:localhost:34167|dataStream:localhost:45917|priority:0|startupRole:FOLLOWER]|listeners:[], old=null RUNNING
  s1:  RUNNING  FOLLOWER s1@group-16C2524519DB:t2, leader=s0, voted=s0, raftlog=Memoized:s1@group-16C2524519DB-SegmentedRaftLog:OPENED:c2, conf=3: peers:[s0|rpc:localhost:35473|admin:localhost:37357|client:localhost:37779|dataStream:localhost:40709|priority:0|startupRole:FOLLOWER, s1|rpc:localhost:36091|admin:localhost:41449|client:localhost:34501|dataStream:localhost:38049|priority:0|startupRole:FOLLOWER, s2|rpc:localhost:33163|admin:localhost:37485|client:localhost:34167|dataStream:localhost:45917|priority:0|startupRole:FOLLOWER]|listeners:[], old=null RUNNING
  s2:  RUNNING  FOLLOWER s2@group-16C2524519DB:t2, leader=s0, voted=s0, raftlog=Memoized:s2@group-16C2524519DB-SegmentedRaftLog:OPENED:c2, conf=0: peers:[s0|rpc:localhost:35473|admin:localhost:37357|client:localhost:37779|dataStream:localhost:40709|priority:0|startupRole:FOLLOWER, s1|rpc:localhost:36091|admin:localhost:41449|client:localhost:34501|dataStream:localhost:38049|priority:0|startupRole:FOLLOWER, s2|rpc:localhost:33163|admin:localhost:37485|client:localhost:34167|dataStream:localhost:45917|priority:0|startupRole:FOLLOWER]|listeners:[], old=null RUNNING
2022-10-23 15:33:50,236 [Time-limited test] ERROR impl.MiniRaftCluster (MiniRaftCluster.java:runWithNewCluster(144)) - Failed org.apache.ratis.server.impl.MiniRaftCluster$Factory$Get.runWithNewCluster(MiniRaftCluster.java:121)
org.apache.ratis.protocol.exceptions.RaftRetryFailureException: Failed RaftClientRequest:client-8438440A3CAA->s2@group-16C2524519DB, cid=66, seq=0, RO, QUERY for 3 attempts with ExceptionDependentRetry(maxAttempts=2147483647; defaultPolicy=NoRetry; map={org.apache.ratis.protocol.exceptions.ReadIndexException->RetryForeverWithSleep(sleepTime = 100ms)})
	at org.apache.ratis.client.impl.RaftClientImpl.noMoreRetries(RaftClientImpl.java:306)
	at org.apache.ratis.client.impl.BlockingImpl.sendRequestWithRetry(BlockingImpl.java:119)
	at org.apache.ratis.client.impl.BlockingImpl.send(BlockingImpl.java:85)
	at org.apache.ratis.client.impl.BlockingImpl.sendReadOnly(BlockingImpl.java:64)
	at org.apache.ratis.client.api.BlockingApi.sendReadOnly(BlockingApi.java:45)
	at org.apache.ratis.ReadOnlyRequestTests.testFollowerLinearizableReadRetryWhenLeaderDown(ReadOnlyRequestTests.java:242)
	at org.apache.ratis.server.impl.MiniRaftCluster$Factory$Get.runWithNewCluster(MiniRaftCluster.java:141)
	at org.apache.ratis.server.impl.MiniRaftCluster$Factory$Get.runWithNewCluster(MiniRaftCluster.java:121)
	at org.apache.ratis.ReadOnlyRequestTests.testFollowerLinearizableReadRetryWhenLeaderDown(ReadOnlyRequestTests.java:218)
	at java.base/jdk.internal.reflect.NativeMethodAccessorImpl.invoke0(Native Method)
	at java.base/jdk.internal.reflect.NativeMethodAccessorImpl.invoke(NativeMethodAccessorImpl.java:62)
	at java.base/jdk.internal.reflect.DelegatingMethodAccessorImpl.invoke(DelegatingMethodAccessorImpl.java:43)
	at java.base/java.lang.reflect.Method.invoke(Method.java:566)
	at org.junit.runners.model.FrameworkMethod$1.runReflectiveCall(FrameworkMethod.java:59)
	at org.junit.internal.runners.model.ReflectiveCallable.run(ReflectiveCallable.java:12)
	at org.junit.runners.model.FrameworkMethod.invokeExplosively(FrameworkMethod.java:56)
	at org.junit.internal.runners.statements.InvokeMethod.evaluate(InvokeMethod.java:17)
	at org.junit.internal.runners.statements.RunBefores.evaluate(RunBefores.java:26)
	at org.junit.internal.runners.statements.RunAfters.evaluate(RunAfters.java:27)
	at org.junit.internal.runners.statements.FailOnTimeout$CallableStatement.call(FailOnTimeout.java:299)
	at org.junit.internal.runners.statements.FailOnTimeout$CallableStatement.call(FailOnTimeout.java:293)
	at java.base/java.util.concurrent.FutureTask.run(FutureTask.java:264)
	at java.base/java.lang.Thread.run(Thread.java:829)
Caused by: java.io.IOException: java.lang.NullPointerException
	at org.apache.ratis.util.IOUtils.asIOException(IOUtils.java:56)
	at org.apache.ratis.grpc.GrpcUtil.tryUnwrapException(GrpcUtil.java:121)
	at org.apache.ratis.grpc.GrpcUtil.unwrapException(GrpcUtil.java:91)
	at org.apache.ratis.grpc.GrpcUtil.unwrapIOException(GrpcUtil.java:152)
	at org.apache.ratis.grpc.client.GrpcClientRpc$1.onError(GrpcClientRpc.java:156)
	at org.apache.ratis.thirdparty.io.grpc.stub.ClientCalls$StreamObserverToCallListenerAdapter.onClose(ClientCalls.java:487)
	at org.apache.ratis.thirdparty.io.grpc.PartialForwardingClientCallListener.onClose(PartialForwardingClientCallListener.java:39)
	at org.apache.ratis.thirdparty.io.grpc.ForwardingClientCallListener.onClose(ForwardingClientCallListener.java:23)
	at org.apache.ratis.grpc.metrics.intercept.client.MetricClientCallListener.onClose(MetricClientCallListener.java:47)
	at org.apache.ratis.thirdparty.io.grpc.internal.ClientCallImpl.closeObserver(ClientCallImpl.java:562)
	at org.apache.ratis.thirdparty.io.grpc.internal.ClientCallImpl.access$300(ClientCallImpl.java:70)
	at org.apache.ratis.thirdparty.io.grpc.internal.ClientCallImpl$ClientStreamListenerImpl$1StreamClosed.runInternal(ClientCallImpl.java:743)
	at org.apache.ratis.thirdparty.io.grpc.internal.ClientCallImpl$ClientStreamListenerImpl$1StreamClosed.runInContext(ClientCallImpl.java:722)
	at org.apache.ratis.thirdparty.io.grpc.internal.ContextRunnable.run(ContextRunnable.java:37)
	at org.apache.ratis.thirdparty.io.grpc.internal.SerializingExecutor.run(SerializingExecutor.java:133)
	at java.base/java.util.concurrent.ThreadPoolExecutor.runWorker(ThreadPoolExecutor.java:1128)
	at java.base/java.util.concurrent.ThreadPoolExecutor$Worker.run(ThreadPoolExecutor.java:628)
	... 1 more
Caused by: java.lang.NullPointerException
	at java.base/jdk.internal.reflect.NativeConstructorAccessorImpl.newInstance0(Native Method)
	at java.base/jdk.internal.reflect.NativeConstructorAccessorImpl.newInstance(NativeConstructorAccessorImpl.java:62)
	at java.base/jdk.internal.reflect.DelegatingConstructorAccessorImpl.newInstance(DelegatingConstructorAccessorImpl.java:45)
	at java.base/java.lang.reflect.Constructor.newInstance(Constructor.java:490)
	at org.apache.ratis.util.ReflectionUtils.instantiateException(ReflectionUtils.java:250)
	at org.apache.ratis.util.ReflectionUtils.instantiateException(ReflectionUtils.java:255)
	at org.apache.ratis.grpc.GrpcUtil.tryUnwrapException(GrpcUtil.java:120)
	... 16 more
Caused by: org.apache.ratis.thirdparty.io.grpc.StatusRuntimeException: INTERNAL
	at org.apache.ratis.thirdparty.io.grpc.Status.asRuntimeException(Status.java:535)
	... 13 more
	Suppressed: java.lang.IllegalStateException: Failed to cast to class java.io.IOException, object=java.lang.NullPointerException
	at org.apache.ratis.client.impl.ClientProtoUtils.toRaftRpcRequestProtoBuilder(ClientProtoUtils.java:115)
	at org.apache.ratis.server.impl.ServerProtoUtils.toReadIndexRequestProto(ServerProtoUtils.java:115)
	at org.apache.ratis.server.impl.RaftServerImpl.sendReadIndexAsync(RaftServerImpl.java:924)
	at org.apache.ratis.server.impl.RaftServerImpl.readAsync(RaftServerImpl.java:947)
	at org.apache.ratis.server.impl.RaftServerImpl.submitClientRequestAsync(RaftServerImpl.java:836)
	at org.apache.ratis.server.impl.RaftServerImpl.lambda$executeSubmitClientRequestAsync$12(RaftServerImpl.java:819)
	at org.apache.ratis.util.JavaUtils.callAsUnchecked(JavaUtils.java:117)
	at org.apache.ratis.server.impl.RaftServerImpl.lambda$executeSubmitClientRequestAsync$13(RaftServerImpl.java:819)
	at java.base/java.util.concurrent.CompletableFuture$AsyncSupply.run(CompletableFuture.java:1700)
	at java.base/java.util.concurrent.ThreadPoolExecutor.runWorker(ThreadPoolExecutor.java:1128)
	at java.base/java.util.concurrent.ThreadPoolExecutor$Worker.run(ThreadPoolExecutor.java:628)
	at java.base/java.lang.Thread.run(Thread.java:829)

		at org.apache.ratis.util.IOUtils.readObject(IOUtils.java:237)
		at org.apache.ratis.util.IOUtils.bytes2Object(IOUtils.java:214)
		at org.apache.ratis.grpc.GrpcUtil.tryUnwrapException(GrpcUtil.java:109)
		at org.apache.ratis.grpc.GrpcUtil.unwrapException(GrpcUtil.java:91)
		at org.apache.ratis.grpc.GrpcUtil.unwrapIOException(GrpcUtil.java:152)
		at org.apache.ratis.grpc.client.GrpcClientRpc$1.onError(GrpcClientRpc.java:156)
		... 13 more
	Caused by: java.lang.ClassCastException: Cannot cast java.lang.NullPointerException to java.io.IOException
		at java.base/java.lang.Class.cast(Class.java:3605)
		at org.apache.ratis.util.IOUtils.readObject(IOUtils.java:234)
		... 18 more
2022-10-23 15:33:50,239 [Time-limited test] INFO  impl.MiniRaftCluster (MiniRaftCluster.java:shutdown(831)) - ************************************************************** 
2022-10-23 15:33:50,239 [Time-limited test] INFO  impl.MiniRaftCluster (MiniRaftCluster.java:shutdown(832)) - *** 
2022-10-23 15:33:50,239 [Time-limited test] INFO  impl.MiniRaftCluster (MiniRaftCluster.java:shutdown(833)) - ***     Stopping MiniRaftClusterWithGrpc
2022-10-23 15:33:50,239 [Time-limited test] INFO  impl.MiniRaftCluster (MiniRaftCluster.java:shutdown(834)) - *** 
2022-10-23 15:33:50,239 [Time-limited test] INFO  impl.MiniRaftCluster (MiniRaftCluster.java:shutdown(835)) - ************************************************************** 
2022-10-23 15:33:50,240 [Time-limited test] INFO  impl.MiniRaftCluster (MiniRaftCluster.java:shutdown(836)) - printing ALL groups
  s0:  RUNNING    LEADER s0@group-16C2524519DB:t2, leader=s0, voted=s0, raftlog=Memoized:s0@group-16C2524519DB-SegmentedRaftLog:OPENED:c2, conf=3: peers:[s0|rpc:localhost:35473|admin:localhost:37357|client:localhost:37779|dataStream:localhost:40709|priority:0|startupRole:FOLLOWER, s1|rpc:localhost:36091|admin:localhost:41449|client:localhost:34501|dataStream:localhost:38049|priority:0|startupRole:FOLLOWER, s2|rpc:localhost:33163|admin:localhost:37485|client:localhost:34167|dataStream:localhost:45917|priority:0|startupRole:FOLLOWER]|listeners:[], old=null RUNNING
  s1:  RUNNING  FOLLOWER s1@group-16C2524519DB:t2, leader=s0, voted=s0, raftlog=Memoized:s1@group-16C2524519DB-SegmentedRaftLog:OPENED:c2, conf=3: peers:[s0|rpc:localhost:35473|admin:localhost:37357|client:localhost:37779|dataStream:localhost:40709|priority:0|startupRole:FOLLOWER, s1|rpc:localhost:36091|admin:localhost:41449|client:localhost:34501|dataStream:localhost:38049|priority:0|startupRole:FOLLOWER, s2|rpc:localhost:33163|admin:localhost:37485|client:localhost:34167|dataStream:localhost:45917|priority:0|startupRole:FOLLOWER]|listeners:[], old=null RUNNING
  s2:  RUNNING  FOLLOWER s2@group-16C2524519DB:t2, leader=s0, voted=s0, raftlog=Memoized:s2@group-16C2524519DB-SegmentedRaftLog:OPENED:c2, conf=0: peers:[s0|rpc:localhost:35473|admin:localhost:37357|client:localhost:37779|dataStream:localhost:40709|priority:0|startupRole:FOLLOWER, s1|rpc:localhost:36091|admin:localhost:41449|client:localhost:34501|dataStream:localhost:38049|priority:0|startupRole:FOLLOWER, s2|rpc:localhost:33163|admin:localhost:37485|client:localhost:34167|dataStream:localhost:45917|priority:0|startupRole:FOLLOWER]|listeners:[], old=null RUNNING
2022-10-23 15:33:50,240 [MiniRaftCluster-31] INFO  server.RaftServer (RaftServerProxy.java:lambda$close$7(412)) - s0: close
2022-10-23 15:33:50,240 [s2-server-thread2] DEBUG server.RaftServer$Division (RaftServerImpl.java:logAppendEntries(1418)) - s2@group-16C2524519DB: receive appendEntries(s0, 2, (t:1, i:2), 2, true, commits:[s0:c2, s1:c2, s2:c2], cId:1, entries: [(t:2, i:3), CONFIGURATIONENTRY(current:id: "s0"
address: "localhost:35473"
dataStreamAddress: "localhost:40709"
clientAddress: "localhost:37779"
adminAddress: "localhost:37357"
startupRole: FOLLOWER
,id: "s1"
address: "localhost:36091"
dataStreamAddress: "localhost:38049"
clientAddress: "localhost:34501"
adminAddress: "localhost:41449"
startupRole: FOLLOWER
,id: "s2"
address: "localhost:33163"
dataStreamAddress: "localhost:45917"
clientAddress: "localhost:34167"
adminAddress: "localhost:37485"
startupRole: FOLLOWER
, old:)]
2022-10-23 15:33:50,244 [s2-server-thread2] INFO  server.RaftServer$Division (ServerState.java:setRaftConf(376)) - s2@group-16C2524519DB: set configuration 3: peers:[s0|rpc:localhost:35473|admin:localhost:37357|client:localhost:37779|dataStream:localhost:40709|priority:0|startupRole:FOLLOWER, s1|rpc:localhost:36091|admin:localhost:41449|client:localhost:34501|dataStream:localhost:38049|priority:0|startupRole:FOLLOWER, s2|rpc:localhost:33163|admin:localhost:37485|client:localhost:34167|dataStream:localhost:45917|priority:0|startupRole:FOLLOWER]|listeners:[], old=null
2022-10-23 15:33:50,244 [s2-server-thread2] INFO  segmented.SegmentedRaftLogWorker (SegmentedRaftLogWorker.java:rollLogSegment(436)) - s2@group-16C2524519DB-SegmentedRaftLogWorker: Rolling segment log-0_2 to index:2
2022-10-23 15:33:50,245 [s2@group-16C2524519DB-SegmentedRaftLogWorker] TRACE util.FileUtils (LogUtils.java:runAndLog(49)) - Successfully ran Atomic Files.move /home/runner/work/ratis/ratis/ratis-test/target/test/data/efcb8261/MiniRaftClusterWithGrpc18568162/s2/c075f36b-0277-41b7-bad6-16c2524519db/current/log_inprogress_0 to /home/runner/work/ratis/ratis/ratis-test/target/test/data/efcb8261/MiniRaftClusterWithGrpc18568162/s2/c075f36b-0277-41b7-bad6-16c2524519db/current/log_0-2
2022-10-23 15:33:50,245 [s2@group-16C2524519DB-SegmentedRaftLogWorker] INFO  segmented.SegmentedRaftLogWorker (SegmentedRaftLogWorker.java:execute(592)) - s2@group-16C2524519DB-SegmentedRaftLogWorker: Rolled log segment from /home/runner/work/ratis/ratis/ratis-test/target/test/data/efcb8261/MiniRaftClusterWithGrpc18568162/s2/c075f36b-0277-41b7-bad6-16c2524519db/current/log_inprogress_0 to /home/runner/work/ratis/ratis/ratis-test/target/test/data/efcb8261/MiniRaftClusterWithGrpc18568162/s2/c075f36b-0277-41b7-bad6-16c2524519db/current/log_0-2
2022-10-23 15:33:50,243 [MiniRaftCluster-31] INFO  server.GrpcService (GrpcService.java:closeImpl(319)) - s0: shutdown server org.apache.ratis.grpc.server.GrpcClientProtocolService now
2022-10-23 15:33:50,245 [MiniRaftCluster-31] INFO  server.GrpcServerProtocolClient (GrpcServerProtocolClient.java:close(111)) - s1 Close channels
2022-10-23 15:33:50,243 [s0-impl-thread1] INFO  server.RaftServer$Division (RaftServerImpl.java:lambda$close$4(462)) - s0@group-16C2524519DB: shutdown
2022-10-23 15:33:50,245 [s0-impl-thread1] INFO  util.JmxRegister (JmxRegister.java:unregister(73)) - Successfully un-registered JMX Bean with object name Ratis:service=RaftServer,group=group-16C2524519DB,id=s0
2022-10-23 15:33:50,246 [s0-impl-thread1] INFO  impl.RoleInfo (RoleInfo.java:shutdownLeaderState(93)) - s0: shutdown s0@group-16C2524519DB-LeaderStateImpl
2022-10-23 15:33:50,246 [s0-impl-thread1] INFO  impl.PendingRequests (PendingRequests.java:sendNotLeaderResponses(282)) - s0@group-16C2524519DB-PendingRequests: sendNotLeaderResponses
2022-10-23 15:33:50,248 [s0@group-16C2524519DB->s1-GrpcLogAppender-LogAppenderDaemon] WARN  server.GrpcLogAppender (GrpcLogAppender.java:mayWait(199)) - s0@group-16C2524519DB->s1-GrpcLogAppender: Wait interrupted by java.lang.InterruptedException
2022-10-23 15:33:50,248 [s0@group-16C2524519DB->s2-GrpcLogAppender-LogAppenderDaemon] WARN  server.GrpcLogAppender (GrpcLogAppender.java:mayWait(199)) - s0@group-16C2524519DB->s2-GrpcLogAppender: Wait interrupted by java.lang.InterruptedException
2022-10-23 15:33:50,249 [s0-impl-thread1] INFO  impl.StateMachineUpdater (StateMachineUpdater.java:stopAndJoin(154)) - s0@group-16C2524519DB-StateMachineUpdater: set stopIndex = 2
2022-10-23 15:33:50,249 [s0-impl-thread1] INFO  server.RaftServer$Division (ServerState.java:close(412)) - s0@group-16C2524519DB: applyIndex: 2
2022-10-23 15:33:50,249 [s0@group-16C2524519DB-SegmentedRaftLogWorker] INFO  segmented.SegmentedRaftLogWorker (SegmentedRaftLogWorker.java:run(333)) - s0@group-16C2524519DB-SegmentedRaftLogWorker was interrupted, exiting. There are 0 tasks remaining in the queue.
2022-10-23 15:33:50,250 [s0-impl-thread1] INFO  segmented.SegmentedRaftLogWorker (SegmentedRaftLogWorker.java:close(246)) - s0@group-16C2524519DB-SegmentedRaftLogWorker close()
2022-10-23 15:33:50,252 [s2@group-16C2524519DB-SegmentedRaftLogWorker] INFO  segmented.SegmentedRaftLogWorker (SegmentedRaftLogWorker.java:execute(635)) - s2@group-16C2524519DB-SegmentedRaftLogWorker: created new log segment /home/runner/work/ratis/ratis/ratis-test/target/test/data/efcb8261/MiniRaftClusterWithGrpc18568162/s2/c075f36b-0277-41b7-bad6-16c2524519db/current/log_inprogress_3
2022-10-23 15:33:50,254 [MiniRaftCluster-32] INFO  server.RaftServer (RaftServerProxy.java:lambda$close$7(412)) - s1: close
2022-10-23 15:33:50,254 [s1@group-16C2524519DB-SegmentedRaftLogWorker] INFO  segmented.SegmentedRaftLogWorker (SegmentedRaftLogWorker.java:execute(635)) - s1@group-16C2524519DB-SegmentedRaftLogWorker: created new log segment /home/runner/work/ratis/ratis/ratis-test/target/test/data/efcb8261/MiniRaftClusterWithGrpc18568162/s1/c075f36b-0277-41b7-bad6-16c2524519db/current/log_inprogress_3
2022-10-23 15:33:50,256 [s2-server-thread1] DEBUG server.RaftServer$Division (RaftServerImpl.java:logAppendEntries(1418)) - s2@group-16C2524519DB: succeeded to handle AppendEntries. Reply: s0<-s2#1:OK-t2,SUCCESS,nextIndex=4,followerCommit=2,matchIndex=3
2022-10-23 15:33:50,256 [grpc-default-executor-3] INFO  server.GrpcServerProtocolService (GrpcServerProtocolService.java:onCompleted(143)) - s2: Completed APPEND_ENTRIES, lastRequest: s0->s2#1-t2,previous=(t:1, i:2),leaderCommit=2,initializing? true,entries: size=1, first=(t:2, i:3), CONFIGURATIONENTRY(current:id: "s0"
address: "localhost:35473"
dataStreamAddress: "localhost:40709"
clientAddress: "localhost:37779"
adminAddress: "localhost:37357"
startupRole: FOLLOWER
,id: "s1"
address: "localhost:36091"
dataStreamAddress: "localhost:38049"
clientAddress: "localhost:34501"
adminAddress: "localhost:41449"
startupRole: FOLLOWER
,id: "s2"
address: "localhost:33163"
dataStreamAddress: "localhost:45917"
clientAddress: "localhost:34167"
adminAddress: "localhost:37485"
startupRole: FOLLOWER
, old:)
2022-10-23 15:33:50,257 [s1-server-thread2] DEBUG server.RaftServer$Division (RaftServerImpl.java:logAppendEntries(1418)) - s1@group-16C2524519DB: succeeded to handle AppendEntries. Reply: s0<-s1#1:OK-t2,SUCCESS,nextIndex=4,followerCommit=2,matchIndex=3
2022-10-23 15:33:50,257 [grpc-default-executor-5] INFO  server.GrpcLogAppender (GrpcLogAppender.java:onCompleted(413)) - s0@group-16C2524519DB->s2-AppendLogResponseHandler: follower responses appendEntries COMPLETED
2022-10-23 15:33:50,256 [MiniRaftCluster-32] INFO  server.GrpcService (GrpcService.java:closeImpl(319)) - s1: shutdown server org.apache.ratis.grpc.server.GrpcClientProtocolService now
2022-10-23 15:33:50,256 [s1-impl-thread1] INFO  server.RaftServer$Division (RaftServerImpl.java:lambda$close$4(462)) - s1@group-16C2524519DB: shutdown
2022-10-23 15:33:50,257 [grpc-default-executor-5] INFO  leader.FollowerInfo (FollowerInfoImpl.java:lambda$new$0(48)) - s0@group-16C2524519DB->s2: nextIndex: updateUnconditionally 4 -> 1
2022-10-23 15:33:50,257 [s1-impl-thread1] INFO  util.JmxRegister (JmxRegister.java:unregister(73)) - Successfully un-registered JMX Bean with object name Ratis:service=RaftServer,group=group-16C2524519DB,id=s1
2022-10-23 15:33:50,257 [grpc-default-executor-3] INFO  server.GrpcServerProtocolService (GrpcServerProtocolService.java:onCompleted(143)) - s1: Completed APPEND_ENTRIES, lastRequest: s0->s1#1-t2,previous=(t:1, i:2),leaderCommit=2,initializing? true,entries: size=1, first=(t:2, i:3), CONFIGURATIONENTRY(current:id: "s0"
address: "localhost:35473"
dataStreamAddress: "localhost:40709"
clientAddress: "localhost:37779"
adminAddress: "localhost:37357"
startupRole: FOLLOWER
,id: "s1"
address: "localhost:36091"
dataStreamAddress: "localhost:38049"
clientAddress: "localhost:34501"
adminAddress: "localhost:41449"
startupRole: FOLLOWER
,id: "s2"
address: "localhost:33163"
dataStreamAddress: "localhost:45917"
clientAddress: "localhost:34167"
adminAddress: "localhost:37485"
startupRole: FOLLOWER
, old:)
2022-10-23 15:33:50,257 [s1-impl-thread1] INFO  impl.RoleInfo (RoleInfo.java:shutdownFollowerState(110)) - s1: shutdown s1@group-16C2524519DB-FollowerState
2022-10-23 15:33:50,257 [s1-impl-thread1] INFO  impl.StateMachineUpdater (StateMachineUpdater.java:stopAndJoin(154)) - s1@group-16C2524519DB-StateMachineUpdater: set stopIndex = 2
2022-10-23 15:33:50,257 [s1@group-16C2524519DB-FollowerState] INFO  impl.FollowerState (FollowerState.java:run(152)) - s1@group-16C2524519DB-FollowerState was interrupted
2022-10-23 15:33:50,257 [grpc-default-executor-3] INFO  server.GrpcServerProtocolService (GrpcServerProtocolService.java:onCompleted(143)) - s2: Completed APPEND_ENTRIES, lastRequest: null
2022-10-23 15:33:50,257 [s1-impl-thread1] INFO  server.RaftServer$Division (ServerState.java:close(412)) - s1@group-16C2524519DB: applyIndex: 2
2022-10-23 15:33:50,257 [s1@group-16C2524519DB-SegmentedRaftLogWorker] INFO  segmented.SegmentedRaftLogWorker (SegmentedRaftLogWorker.java:run(333)) - s1@group-16C2524519DB-SegmentedRaftLogWorker was interrupted, exiting. There are 0 tasks remaining in the queue.
2022-10-23 15:33:50,258 [grpc-default-executor-3] INFO  server.GrpcServerProtocolService (GrpcServerProtocolService.java:onCompleted(143)) - s1: Completed APPEND_ENTRIES, lastRequest: null
2022-10-23 15:33:50,258 [grpc-default-executor-5] INFO  server.GrpcLogAppender (GrpcLogAppender.java:onCompleted(413)) - s0@group-16C2524519DB->s2-AppendLogResponseHandler: follower responses appendEntries COMPLETED
2022-10-23 15:33:50,258 [grpc-default-executor-3] INFO  server.GrpcLogAppender (GrpcLogAppender.java:onCompleted(413)) - s0@group-16C2524519DB->s1-AppendLogResponseHandler: follower responses appendEntries COMPLETED
2022-10-23 15:33:50,258 [grpc-default-executor-5] INFO  leader.FollowerInfo (FollowerInfoImpl.java:lambda$new$0(48)) - s0@group-16C2524519DB->s2: nextIndex: updateUnconditionally 1 -> 0
2022-10-23 15:33:50,258 [grpc-default-executor-3] WARN  server.GrpcLogAppender (GrpcLogAppender.java:resetClient(136)) - s0@group-16C2524519DB->s1-GrpcLogAppender: Failed to getClient for s1
org.apache.ratis.protocol.exceptions.AlreadyClosedException: s0 is already CLOSED
	at org.apache.ratis.util.PeerProxyMap$PeerAndProxy.getProxy(PeerProxyMap.java:61)
	at org.apache.ratis.util.PeerProxyMap.getProxy(PeerProxyMap.java:115)
	at org.apache.ratis.grpc.server.GrpcLogAppender.getClient(GrpcLogAppender.java:115)
	at org.apache.ratis.grpc.server.GrpcLogAppender.resetClient(GrpcLogAppender.java:120)
	at org.apache.ratis.grpc.server.GrpcLogAppender.access$500(GrpcLogAppender.java:57)
	at org.apache.ratis.grpc.server.GrpcLogAppender$AppendLogResponseHandler.onCompleted(GrpcLogAppender.java:414)
	at org.apache.ratis.thirdparty.io.grpc.stub.ClientCalls$StreamObserverToCallListenerAdapter.onClose(ClientCalls.java:485)
	at org.apache.ratis.thirdparty.io.grpc.internal.ClientCallImpl.closeObserver(ClientCallImpl.java:562)
	at org.apache.ratis.thirdparty.io.grpc.internal.ClientCallImpl.access$300(ClientCallImpl.java:70)
	at org.apache.ratis.thirdparty.io.grpc.internal.ClientCallImpl$ClientStreamListenerImpl$1StreamClosed.runInternal(ClientCallImpl.java:743)
	at org.apache.ratis.thirdparty.io.grpc.internal.ClientCallImpl$ClientStreamListenerImpl$1StreamClosed.runInContext(ClientCallImpl.java:722)
	at org.apache.ratis.thirdparty.io.grpc.internal.ContextRunnable.run(ContextRunnable.java:37)
	at org.apache.ratis.thirdparty.io.grpc.internal.SerializingExecutor.run(SerializingExecutor.java:133)
	at java.base/java.util.concurrent.ThreadPoolExecutor.runWorker(ThreadPoolExecutor.java:1128)
	at java.base/java.util.concurrent.ThreadPoolExecutor$Worker.run(ThreadPoolExecutor.java:628)
	at java.base/java.lang.Thread.run(Thread.java:829)
2022-10-23 15:33:50,259 [grpc-default-executor-3] INFO  server.GrpcLogAppender (GrpcLogAppender.java:onCompleted(413)) - s0@group-16C2524519DB->s1-AppendLogResponseHandler: follower responses appendEntries COMPLETED
2022-10-23 15:33:50,259 [grpc-default-executor-3] WARN  server.GrpcLogAppender (GrpcLogAppender.java:resetClient(136)) - s0@group-16C2524519DB->s1-GrpcLogAppender: Failed to getClient for s1
org.apache.ratis.protocol.exceptions.AlreadyClosedException: s0 is already CLOSED
	at org.apache.ratis.util.PeerProxyMap$PeerAndProxy.getProxy(PeerProxyMap.java:61)
	at org.apache.ratis.util.PeerProxyMap.getProxy(PeerProxyMap.java:115)
	at org.apache.ratis.grpc.server.GrpcLogAppender.getClient(GrpcLogAppender.java:115)
	at org.apache.ratis.grpc.server.GrpcLogAppender.resetClient(GrpcLogAppender.java:120)
	at org.apache.ratis.grpc.server.GrpcLogAppender.access$500(GrpcLogAppender.java:57)
	at org.apache.ratis.grpc.server.GrpcLogAppender$AppendLogResponseHandler.onCompleted(GrpcLogAppender.java:414)
	at org.apache.ratis.thirdparty.io.grpc.stub.ClientCalls$StreamObserverToCallListenerAdapter.onClose(ClientCalls.java:485)
	at org.apache.ratis.thirdparty.io.grpc.internal.ClientCallImpl.closeObserver(ClientCallImpl.java:562)
	at org.apache.ratis.thirdparty.io.grpc.internal.ClientCallImpl.access$300(ClientCallImpl.java:70)
	at org.apache.ratis.thirdparty.io.grpc.internal.ClientCallImpl$ClientStreamListenerImpl$1StreamClosed.runInternal(ClientCallImpl.java:743)
	at org.apache.ratis.thirdparty.io.grpc.internal.ClientCallImpl$ClientStreamListenerImpl$1StreamClosed.runInContext(ClientCallImpl.java:722)
	at org.apache.ratis.thirdparty.io.grpc.internal.ContextRunnable.run(ContextRunnable.java:37)
	at org.apache.ratis.thirdparty.io.grpc.internal.SerializingExecutor.run(SerializingExecutor.java:133)
	at java.base/java.util.concurrent.ThreadPoolExecutor.runWorker(ThreadPoolExecutor.java:1128)
	at java.base/java.util.concurrent.ThreadPoolExecutor$Worker.run(ThreadPoolExecutor.java:628)
	at java.base/java.lang.Thread.run(Thread.java:829)
2022-10-23 15:33:50,259 [MiniRaftCluster-31] INFO  server.GrpcServerProtocolClient (GrpcServerProtocolClient.java:close(111)) - s2 Close channels
2022-10-23 15:33:50,260 [MiniRaftCluster-31] INFO  server.GrpcService (GrpcService.java:closeImpl(328)) - s0: shutdown server org.apache.ratis.grpc.server.GrpcClientProtocolService successfully
2022-10-23 15:33:50,260 [MiniRaftCluster-31] INFO  server.GrpcService (GrpcService.java:closeImpl(319)) - s0: shutdown server GrpcServerProtocolService now
2022-10-23 15:33:50,261 [MiniRaftCluster-31] INFO  server.GrpcService (GrpcService.java:closeImpl(328)) - s0: shutdown server GrpcServerProtocolService successfully
2022-10-23 15:33:50,261 [MiniRaftCluster-31] INFO  server.GrpcService (GrpcService.java:closeImpl(319)) - s0: shutdown server org.apache.ratis.grpc.server.GrpcAdminProtocolService now
2022-10-23 15:33:50,261 [MiniRaftCluster-31] INFO  server.GrpcService (GrpcService.java:closeImpl(328)) - s0: shutdown server org.apache.ratis.grpc.server.GrpcAdminProtocolService successfully
2022-10-23 15:33:50,261 [JvmPauseMonitor15] INFO  util.JvmPauseMonitor (JvmPauseMonitor.java:run(111)) - JvmPauseMonitor-s0: Stopped
2022-10-23 15:33:50,261 [MiniRaftCluster-32] INFO  server.GrpcService (GrpcService.java:closeImpl(328)) - s1: shutdown server org.apache.ratis.grpc.server.GrpcClientProtocolService successfully
2022-10-23 15:33:50,261 [MiniRaftCluster-32] INFO  server.GrpcService (GrpcService.java:closeImpl(319)) - s1: shutdown server GrpcServerProtocolService now
2022-10-23 15:33:50,262 [MiniRaftCluster-32] INFO  server.GrpcService (GrpcService.java:closeImpl(328)) - s1: shutdown server GrpcServerProtocolService successfully
2022-10-23 15:33:50,262 [MiniRaftCluster-32] INFO  server.GrpcService (GrpcService.java:closeImpl(319)) - s1: shutdown server org.apache.ratis.grpc.server.GrpcAdminProtocolService now
2022-10-23 15:33:50,262 [MiniRaftCluster-32] INFO  server.GrpcService (GrpcService.java:closeImpl(328)) - s1: shutdown server org.apache.ratis.grpc.server.GrpcAdminProtocolService successfully
2022-10-23 15:33:50,263 [s1-impl-thread1] INFO  segmented.SegmentedRaftLogWorker (SegmentedRaftLogWorker.java:close(246)) - s1@group-16C2524519DB-SegmentedRaftLogWorker close()
2022-10-23 15:33:50,264 [JvmPauseMonitor16] INFO  util.JvmPauseMonitor (JvmPauseMonitor.java:run(111)) - JvmPauseMonitor-s1: Stopped
2022-10-23 15:33:50,265 [MiniRaftCluster-33] INFO  server.RaftServer (RaftServerProxy.java:lambda$close$7(412)) - s2: close
2022-10-23 15:33:50,265 [s2-impl-thread1] INFO  server.RaftServer$Division (RaftServerImpl.java:lambda$close$4(462)) - s2@group-16C2524519DB: shutdown
2022-10-23 15:33:50,265 [s2-impl-thread1] INFO  util.JmxRegister (JmxRegister.java:unregister(73)) - Successfully un-registered JMX Bean with object name Ratis:service=RaftServer,group=group-16C2524519DB,id=s2
2022-10-23 15:33:50,265 [s2-impl-thread1] INFO  impl.RoleInfo (RoleInfo.java:shutdownFollowerState(110)) - s2: shutdown s2@group-16C2524519DB-FollowerState
2022-10-23 15:33:50,265 [s2-impl-thread1] INFO  impl.StateMachineUpdater (StateMachineUpdater.java:stopAndJoin(154)) - s2@group-16C2524519DB-StateMachineUpdater: set stopIndex = 2
2022-10-23 15:33:50,265 [s2@group-16C2524519DB-FollowerState] INFO  impl.FollowerState (FollowerState.java:run(152)) - s2@group-16C2524519DB-FollowerState was interrupted
2022-10-23 15:33:50,265 [s2-impl-thread1] INFO  server.RaftServer$Division (ServerState.java:close(412)) - s2@group-16C2524519DB: applyIndex: 2
2022-10-23 15:33:50,265 [s2@group-16C2524519DB-SegmentedRaftLogWorker] INFO  segmented.SegmentedRaftLogWorker (SegmentedRaftLogWorker.java:run(333)) - s2@group-16C2524519DB-SegmentedRaftLogWorker was interrupted, exiting. There are 0 tasks remaining in the queue.
2022-10-23 15:33:50,266 [s2-impl-thread1] INFO  segmented.SegmentedRaftLogWorker (SegmentedRaftLogWorker.java:close(246)) - s2@group-16C2524519DB-SegmentedRaftLogWorker close()
2022-10-23 15:33:50,266 [MiniRaftCluster-33] INFO  server.GrpcService (GrpcService.java:closeImpl(319)) - s2: shutdown server org.apache.ratis.grpc.server.GrpcClientProtocolService now
2022-10-23 15:33:50,267 [ForkJoinPool.commonPool-worker-3] INFO  server.GrpcServerProtocolClient (GrpcServerProtocolClient.java:close(111)) - s0 Close channels
2022-10-23 15:33:50,267 [ForkJoinPool.commonPool-worker-3] INFO  server.GrpcServerProtocolClient (GrpcServerProtocolClient.java:close(111)) - s1 Close channels
2022-10-23 15:33:50,267 [ForkJoinPool.commonPool-worker-3] INFO  server.GrpcServerProtocolClient (GrpcServerProtocolClient.java:close(111)) - s2 Close channels
2022-10-23 15:33:50,267 [MiniRaftCluster-33] INFO  server.GrpcService (GrpcService.java:closeImpl(328)) - s2: shutdown server org.apache.ratis.grpc.server.GrpcClientProtocolService successfully
2022-10-23 15:33:50,267 [MiniRaftCluster-33] INFO  server.GrpcService (GrpcService.java:closeImpl(319)) - s2: shutdown server GrpcServerProtocolService now
2022-10-23 15:33:50,268 [MiniRaftCluster-33] INFO  server.GrpcService (GrpcService.java:closeImpl(328)) - s2: shutdown server GrpcServerProtocolService successfully
2022-10-23 15:33:50,268 [MiniRaftCluster-33] INFO  server.GrpcService (GrpcService.java:closeImpl(319)) - s2: shutdown server org.apache.ratis.grpc.server.GrpcAdminProtocolService now
2022-10-23 15:33:50,268 [MiniRaftCluster-33] INFO  server.GrpcService (GrpcService.java:closeImpl(328)) - s2: shutdown server org.apache.ratis.grpc.server.GrpcAdminProtocolService successfully
2022-10-23 15:33:50,268 [JvmPauseMonitor17] INFO  util.JvmPauseMonitor (JvmPauseMonitor.java:run(111)) - JvmPauseMonitor-s2: Stopped
2022-10-23 15:33:50,268 [Time-limited test] INFO  impl.MiniRaftCluster (MiniRaftCluster.java:shutdown(855)) - MiniRaftClusterWithGrpc shutdown completed
]]></system-out>
  </testcase>
</testsuite>