<?xml version="1.0" encoding="UTF-8"?>
<testsuite xmlns:xsi="http://www.w3.org/2001/XMLSchema-instance" xsi:noNamespaceSchemaLocation="https://maven.apache.org/surefire/maven-surefire-plugin/xsd/surefire-test-report.xsd" name="org.apache.ratis.grpc.TestRaftServerWithGrpc" time="31.404" tests="5" errors="0" skipped="0" failures="1">
  <properties>
    <property name="awt.toolkit" value="sun.awt.X11.XToolkit"/>
    <property name="file.encoding.pkg" value="sun.io"/>
    <property name="java.specification.version" value="1.8"/>
    <property name="sun.cpu.isalist" value=""/>
    <property name="sun.jnu.encoding" value="UTF-8"/>
    <property name="java.class.path" value="/home/runner/work/ratis/ratis/ratis-test/target/test-classes:/home/runner/work/ratis/ratis/ratis-test/target/classes:/home/runner/work/ratis/ratis/ratis-common/target/classes:/home/runner/.m2/repository/org/apache/ratis/ratis-thirdparty-misc/1.0.0/ratis-thirdparty-misc-1.0.0.jar:/home/runner/work/ratis/ratis/ratis-proto/target/ratis-proto-3.0.0-SNAPSHOT.jar:/home/runner/work/ratis/ratis/ratis-common/target/test-classes:/home/runner/work/ratis/ratis/ratis-client/target/classes:/home/runner/work/ratis/ratis/ratis-server/target/classes:/home/runner/work/ratis/ratis/ratis-server-api/target/classes:/home/runner/work/ratis/ratis/ratis-metrics/target/classes:/home/runner/.m2/repository/io/dropwizard/metrics/metrics-jmx/4.2.9/metrics-jmx-4.2.9.jar:/home/runner/work/ratis/ratis/ratis-server/target/test-classes:/home/runner/work/ratis/ratis/ratis-netty/target/classes:/home/runner/work/ratis/ratis/ratis-netty/target/test-classes:/home/runner/work/ratis/ratis/ratis-grpc/target/classes:/home/runner/work/ratis/ratis/ratis-grpc/target/test-classes:/home/runner/.m2/repository/org/slf4j/slf4j-api/1.7.29/slf4j-api-1.7.29.jar:/home/runner/.m2/repository/org/slf4j/slf4j-log4j12/1.7.29/slf4j-log4j12-1.7.29.jar:/home/runner/.m2/repository/log4j/log4j/1.2.17/log4j-1.2.17.jar:/home/runner/.m2/repository/junit/junit/4.13.2/junit-4.13.2.jar:/home/runner/.m2/repository/org/hamcrest/hamcrest-core/1.3/hamcrest-core-1.3.jar:/home/runner/.m2/repository/org/mockito/mockito-core/4.3.1/mockito-core-4.3.1.jar:/home/runner/.m2/repository/net/bytebuddy/byte-buddy/1.12.7/byte-buddy-1.12.7.jar:/home/runner/.m2/repository/net/bytebuddy/byte-buddy-agent/1.12.7/byte-buddy-agent-1.12.7.jar:/home/runner/.m2/repository/org/objenesis/objenesis/3.2/objenesis-3.2.jar:/home/runner/.m2/repository/io/dropwizard/metrics/metrics-jvm/4.2.9/metrics-jvm-4.2.9.jar:/home/runner/.m2/repository/io/dropwizard/metrics/metrics-core/4.2.9/metrics-core-4.2.9.jar:/home/runner/work/ratis/ratis/ratis-shell/target/classes:/home/runner/.m2/repository/commons-cli/commons-cli/1.5.0/commons-cli-1.5.0.jar:/home/runner/.m2/repository/org/reflections/reflections/0.10.2/reflections-0.10.2.jar:/home/runner/.m2/repository/org/javassist/javassist/3.28.0-GA/javassist-3.28.0-GA.jar:/home/runner/.m2/repository/com/google/code/findbugs/jsr305/3.0.2/jsr305-3.0.2.jar:"/>
    <property name="java.vm.vendor" value="Temurin"/>
    <property name="sun.arch.data.model" value="64"/>
    <property name="java.vendor.url" value="https://adoptium.net/"/>
    <property name="user.timezone" value=""/>
    <property name="java.vm.specification.version" value="1.8"/>
    <property name="os.name" value="Linux"/>
    <property name="sun.java.launcher" value="SUN_STANDARD"/>
    <property name="sun.boot.library.path" value="/usr/lib/jvm/temurin-8-jdk-amd64/jre/lib/amd64"/>
    <property name="sun.java.command" value="/home/runner/work/ratis/ratis/ratis-test/target/surefire/surefirebooter5851778669800002521.jar /home/runner/work/ratis/ratis/ratis-test/target/surefire 2022-06-20T14-42-44_815-jvmRun1 surefire926271996313757228tmp surefire_13234752924056293159tmp"/>
    <property name="surefire.test.class.path" value="/home/runner/work/ratis/ratis/ratis-test/target/test-classes:/home/runner/work/ratis/ratis/ratis-test/target/classes:/home/runner/work/ratis/ratis/ratis-common/target/classes:/home/runner/.m2/repository/org/apache/ratis/ratis-thirdparty-misc/1.0.0/ratis-thirdparty-misc-1.0.0.jar:/home/runner/work/ratis/ratis/ratis-proto/target/ratis-proto-3.0.0-SNAPSHOT.jar:/home/runner/work/ratis/ratis/ratis-common/target/test-classes:/home/runner/work/ratis/ratis/ratis-client/target/classes:/home/runner/work/ratis/ratis/ratis-server/target/classes:/home/runner/work/ratis/ratis/ratis-server-api/target/classes:/home/runner/work/ratis/ratis/ratis-metrics/target/classes:/home/runner/.m2/repository/io/dropwizard/metrics/metrics-jmx/4.2.9/metrics-jmx-4.2.9.jar:/home/runner/work/ratis/ratis/ratis-server/target/test-classes:/home/runner/work/ratis/ratis/ratis-netty/target/classes:/home/runner/work/ratis/ratis/ratis-netty/target/test-classes:/home/runner/work/ratis/ratis/ratis-grpc/target/classes:/home/runner/work/ratis/ratis/ratis-grpc/target/test-classes:/home/runner/.m2/repository/org/slf4j/slf4j-api/1.7.29/slf4j-api-1.7.29.jar:/home/runner/.m2/repository/org/slf4j/slf4j-log4j12/1.7.29/slf4j-log4j12-1.7.29.jar:/home/runner/.m2/repository/log4j/log4j/1.2.17/log4j-1.2.17.jar:/home/runner/.m2/repository/junit/junit/4.13.2/junit-4.13.2.jar:/home/runner/.m2/repository/org/hamcrest/hamcrest-core/1.3/hamcrest-core-1.3.jar:/home/runner/.m2/repository/org/mockito/mockito-core/4.3.1/mockito-core-4.3.1.jar:/home/runner/.m2/repository/net/bytebuddy/byte-buddy/1.12.7/byte-buddy-1.12.7.jar:/home/runner/.m2/repository/net/bytebuddy/byte-buddy-agent/1.12.7/byte-buddy-agent-1.12.7.jar:/home/runner/.m2/repository/org/objenesis/objenesis/3.2/objenesis-3.2.jar:/home/runner/.m2/repository/io/dropwizard/metrics/metrics-jvm/4.2.9/metrics-jvm-4.2.9.jar:/home/runner/.m2/repository/io/dropwizard/metrics/metrics-core/4.2.9/metrics-core-4.2.9.jar:/home/runner/work/ratis/ratis/ratis-shell/target/classes:/home/runner/.m2/repository/commons-cli/commons-cli/1.5.0/commons-cli-1.5.0.jar:/home/runner/.m2/repository/org/reflections/reflections/0.10.2/reflections-0.10.2.jar:/home/runner/.m2/repository/org/javassist/javassist/3.28.0-GA/javassist-3.28.0-GA.jar:/home/runner/.m2/repository/com/google/code/findbugs/jsr305/3.0.2/jsr305-3.0.2.jar:"/>
    <property name="sun.cpu.endian" value="little"/>
    <property name="user.home" value="/home/runner"/>
    <property name="user.language" value="en"/>
    <property name="java.specification.vendor" value="Oracle Corporation"/>
    <property name="java.home" value="/usr/lib/jvm/temurin-8-jdk-amd64/jre"/>
    <property name="basedir" value="/home/runner/work/ratis/ratis/ratis-test"/>
    <property name="file.separator" value="/"/>
    <property name="line.separator" value="&#10;"/>
    <property name="java.vm.specification.vendor" value="Oracle Corporation"/>
    <property name="java.specification.name" value="Java Platform API Specification"/>
    <property name="java.awt.graphicsenv" value="sun.awt.X11GraphicsEnvironment"/>
    <property name="surefire.real.class.path" value="/home/runner/work/ratis/ratis/ratis-test/target/surefire/surefirebooter5851778669800002521.jar"/>
    <property name="sun.boot.class.path" value="/usr/lib/jvm/temurin-8-jdk-amd64/jre/lib/resources.jar:/usr/lib/jvm/temurin-8-jdk-amd64/jre/lib/rt.jar:/usr/lib/jvm/temurin-8-jdk-amd64/jre/lib/sunrsasign.jar:/usr/lib/jvm/temurin-8-jdk-amd64/jre/lib/jsse.jar:/usr/lib/jvm/temurin-8-jdk-amd64/jre/lib/jce.jar:/usr/lib/jvm/temurin-8-jdk-amd64/jre/lib/charsets.jar:/usr/lib/jvm/temurin-8-jdk-amd64/jre/lib/jfr.jar:/usr/lib/jvm/temurin-8-jdk-amd64/jre/classes"/>
    <property name="sun.management.compiler" value="HotSpot 64-Bit Tiered Compilers"/>
    <property name="java.runtime.version" value="1.8.0_332-b09"/>
    <property name="java.net.preferIPv4Stack" value="true"/>
    <property name="user.name" value="runner"/>
    <property name="path.separator" value=":"/>
    <property name="os.version" value="5.4.0-1083-azure"/>
    <property name="java.endorsed.dirs" value="/usr/lib/jvm/temurin-8-jdk-amd64/jre/lib/endorsed"/>
    <property name="java.runtime.name" value="OpenJDK Runtime Environment"/>
    <property name="file.encoding" value="UTF-8"/>
    <property name="java.vm.name" value="OpenJDK 64-Bit Server VM"/>
    <property name="localRepository" value="/home/runner/.m2/repository"/>
    <property name="java.vendor.url.bug" value="https://github.com/adoptium/adoptium-support/issues"/>
    <property name="java.io.tmpdir" value="/tmp"/>
    <property name="java.version" value="1.8.0_332"/>
    <property name="user.dir" value="/home/runner/work/ratis/ratis/ratis-test"/>
    <property name="os.arch" value="amd64"/>
    <property name="ratis.tmp.dir" value="/home/runner/work/ratis/ratis/ratis-test/target/tmp"/>
    <property name="java.vm.specification.name" value="Java Virtual Machine Specification"/>
    <property name="java.awt.printerjob" value="sun.print.PSPrinterJob"/>
    <property name="ratis.log.dir" value="/home/runner/work/ratis/ratis/ratis-test/target/log"/>
    <property name="sun.os.patch.level" value="unknown"/>
    <property name="java.library.path" value="/usr/java/packages/lib/amd64:/usr/lib64:/lib64:/lib:/usr/lib"/>
    <property name="java.vm.info" value="mixed mode"/>
    <property name="java.vendor" value="Temurin"/>
    <property name="java.vm.version" value="25.332-b09"/>
    <property name="java.ext.dirs" value="/usr/lib/jvm/temurin-8-jdk-amd64/jre/lib/ext:/usr/java/packages/lib/ext"/>
    <property name="sun.io.unicode.encoding" value="UnicodeLittle"/>
    <property name="java.class.version" value="52.0"/>
  </properties>
  <testcase name="testRaftClientMetrics" classname="org.apache.ratis.grpc.TestRaftServerWithGrpc" time="1.723">
    <failure type="java.lang.AssertionError">java.lang.AssertionError
	at org.junit.Assert.fail(Assert.java:87)
	at org.junit.Assert.assertTrue(Assert.java:42)
	at org.junit.Assert.assertTrue(Assert.java:53)
	at org.apache.ratis.grpc.TestRaftServerWithGrpc.testRaftClientRequestMetrics(TestRaftServerWithGrpc.java:310)
	at org.apache.ratis.server.impl.MiniRaftCluster$Factory$Get.runWithNewCluster(MiniRaftCluster.java:125)
	at org.apache.ratis.server.impl.MiniRaftCluster$Factory$Get.runWithNewCluster(MiniRaftCluster.java:113)
	at org.apache.ratis.grpc.TestRaftServerWithGrpc.testRaftClientMetrics(TestRaftServerWithGrpc.java:209)
	at sun.reflect.NativeMethodAccessorImpl.invoke0(Native Method)
	at sun.reflect.NativeMethodAccessorImpl.invoke(NativeMethodAccessorImpl.java:62)
	at sun.reflect.DelegatingMethodAccessorImpl.invoke(DelegatingMethodAccessorImpl.java:43)
	at java.lang.reflect.Method.invoke(Method.java:498)
	at org.junit.runners.model.FrameworkMethod$1.runReflectiveCall(FrameworkMethod.java:59)
	at org.junit.internal.runners.model.ReflectiveCallable.run(ReflectiveCallable.java:12)
	at org.junit.runners.model.FrameworkMethod.invokeExplosively(FrameworkMethod.java:56)
	at org.junit.internal.runners.statements.InvokeMethod.evaluate(InvokeMethod.java:17)
	at org.junit.internal.runners.statements.RunBefores.evaluate(RunBefores.java:26)
	at org.junit.internal.runners.statements.RunAfters.evaluate(RunAfters.java:27)
	at org.junit.internal.runners.statements.FailOnTimeout$CallableStatement.call(FailOnTimeout.java:299)
	at org.junit.internal.runners.statements.FailOnTimeout$CallableStatement.call(FailOnTimeout.java:293)
	at java.util.concurrent.FutureTask.run(FutureTask.java:266)
	at java.lang.Thread.run(Thread.java:750)
</failure>
    <system-out><![CDATA[2022-06-20 14:46:05,255 [main] INFO  util.LogUtils (Log4jUtils.java:setLogLevel(32)) - Set org.apache.ratis.conf.ConfUtils log level to WARN
2022-06-20 14:46:05,258 [main] INFO  util.LogUtils (Log4jUtils.java:setLogLevel(32)) - Set org.apache.ratis.util.FileUtils log level to TRACE
2022-06-20 14:46:05,261 [main] INFO  util.LogUtils (Log4jUtils.java:setLogLevel(32)) - Set org.apache.ratis.grpc.client.GrpcClientProtocolClient log level to ALL
2022-06-20 14:46:05,272 [Time-limited test] INFO  impl.MiniRaftCluster (MiniRaftCluster.java:runWithNewCluster(119)) - Running runWithNewCluster
2022-06-20 14:46:05,312 [Time-limited test] INFO  impl.MiniRaftCluster (MiniRaftCluster.java:<init>(272)) - new MiniRaftClusterWithGrpc with group-DC99044563B7:[s0|rpc:localhost:45701|admin:localhost:41561|client:localhost:45665|dataStream:localhost:42355|priority:0, s1|rpc:localhost:34781|admin:localhost:40917|client:localhost:44781|dataStream:localhost:45713|priority:0, s2|rpc:localhost:33903|admin:localhost:40375|client:localhost:42615|dataStream:localhost:36099|priority:0]
2022-06-20 14:46:05,312 [Time-limited test] INFO  impl.MiniRaftCluster (MiniRaftCluster.java:start(315)) - .............................................................. 
2022-06-20 14:46:05,313 [Time-limited test] INFO  impl.MiniRaftCluster (MiniRaftCluster.java:start(316)) - ... 
2022-06-20 14:46:05,313 [Time-limited test] INFO  impl.MiniRaftCluster (MiniRaftCluster.java:start(317)) - ...     Starting MiniRaftClusterWithGrpc
2022-06-20 14:46:05,313 [Time-limited test] INFO  impl.MiniRaftCluster (MiniRaftCluster.java:start(318)) - ... 
2022-06-20 14:46:05,313 [Time-limited test] INFO  impl.MiniRaftCluster (MiniRaftCluster.java:start(319)) - .............................................................. 
2022-06-20 14:46:05,313 [Time-limited test] INFO  impl.MiniRaftCluster (MiniRaftCluster.java:initServers(284)) - servers = {}
2022-06-20 14:46:05,318 [Time-limited test] INFO  impl.MiniRaftCluster (MiniRaftCluster.java:newRaftServer(358)) - newRaftServer: s0, group-DC99044563B7:[s0|rpc:localhost:45701|admin:localhost:41561|client:localhost:45665|dataStream:localhost:42355|priority:0, s1|rpc:localhost:34781|admin:localhost:40917|client:localhost:44781|dataStream:localhost:45713|priority:0, s2|rpc:localhost:33903|admin:localhost:40375|client:localhost:42615|dataStream:localhost:36099|priority:0], format? true
2022-06-20 14:46:05,320 [Time-limited test] TRACE util.FileUtils (FileUtils.java:deleteFully(162)) - deleteFully target/test/data/108fa2d4/MiniRaftClusterWithGrpc21cdf1b2/s0
2022-06-20 14:46:05,322 [Time-limited test] TRACE util.FileUtils (FileUtils.java:deleteFully(178)) - deleteFully: target/test/data/108fa2d4/MiniRaftClusterWithGrpc21cdf1b2/s0 does not exist.
2022-06-20 14:46:05,322 [Time-limited test] INFO  impl.MiniRaftCluster (MiniRaftCluster.java:newRaftServer(363)) - Formatted directory target/test/data/108fa2d4/MiniRaftClusterWithGrpc21cdf1b2/s0
2022-06-20 14:46:05,345 [Time-limited test] INFO  server.RaftServer (ConfUtils.java:logGet(46)) - raft.rpc.type = GRPC (default)
2022-06-20 14:46:05,391 [Time-limited test] INFO  grpc.GrpcFactory (GrpcFactory.java:checkPooledByteBufAllocatorUseCacheForAllThreads(48)) - PERFORMANCE WARNING: useCacheForAllThreads is true that may cause Netty to create a lot garbage objects and, as a result, trigger GC.
	It is recommended to disable useCacheForAllThreads by setting -Dorg.apache.ratis.thirdparty.io.netty.allocator.useCacheForAllThreads=false in command line.
2022-06-20 14:46:05,394 [Time-limited test] INFO  grpc.GrpcConfigKeys (ConfUtils.java:logGet(46)) - raft.grpc.admin.port = 41561 (custom)
2022-06-20 14:46:05,394 [Time-limited test] INFO  grpc.GrpcConfigKeys (ConfUtils.java:logGet(46)) - raft.grpc.client.port = 45665 (custom)
2022-06-20 14:46:05,395 [Time-limited test] INFO  grpc.GrpcConfigKeys (ConfUtils.java:logGet(46)) - raft.grpc.server.port = 45701 (custom)
2022-06-20 14:46:05,395 [Time-limited test] INFO  server.GrpcService (ConfUtils.java:logGet(46)) - raft.grpc.message.size.max = 64MB (=67108864) (default)
2022-06-20 14:46:05,397 [Time-limited test] INFO  server.RaftServerConfigKeys (ConfUtils.java:logGet(46)) - raft.server.log.appender.buffer.byte-limit = 4MB (=4194304) (default)
2022-06-20 14:46:05,398 [Time-limited test] INFO  server.GrpcService (ConfUtils.java:logGet(46)) - raft.grpc.flow.control.window = 1MB (=1048576) (default)
2022-06-20 14:46:05,399 [Time-limited test] INFO  server.RaftServerConfigKeys (ConfUtils.java:logGet(46)) - raft.server.rpc.request.timeout = 3000ms (default)
2022-06-20 14:46:05,417 [Time-limited test] INFO  grpc.GrpcConfigKeys (ConfUtils.java:logGet(46)) - raft.grpc.server.async.request.thread.pool.cached = true (default)
2022-06-20 14:46:05,417 [Time-limited test] INFO  grpc.GrpcConfigKeys (ConfUtils.java:logGet(46)) - raft.grpc.server.async.request.thread.pool.size = 32 (default)
2022-06-20 14:46:05,585 [Time-limited test] INFO  impl.DataStreamServerImpl (ConfUtils.java:logGet(46)) - raft.datastream.type = DISABLED (default)
2022-06-20 14:46:05,587 [Time-limited test] INFO  server.RaftServerConfigKeys (ConfUtils.java:logGet(46)) - raft.server.threadpool.proxy.cached = true (default)
2022-06-20 14:46:05,588 [Time-limited test] INFO  server.RaftServerConfigKeys (ConfUtils.java:logGet(46)) - raft.server.threadpool.proxy.size = 0 (default)
2022-06-20 14:46:05,588 [Time-limited test] INFO  server.RaftServerConfigKeys (ConfUtils.java:logGet(46)) - raft.server.rpc.slowness.timeout = 60s (default)
2022-06-20 14:46:05,589 [Time-limited test] INFO  server.RaftServerConfigKeys (ConfUtils.java:logGet(46)) - raft.server.leaderelection.leader.step-down.wait-time = 10s (default)
2022-06-20 14:46:05,593 [Time-limited test] INFO  server.RaftServerConfigKeys (ConfUtils.java:logGet(46)) - raft.server.storage.dir = [/home/runner/work/ratis/ratis/ratis-test/target/test/data/108fa2d4/MiniRaftClusterWithGrpc21cdf1b2/s0] (custom)
2022-06-20 14:46:05,600 [Time-limited test] INFO  server.RaftServer (RaftServerProxy.java:addNew(96)) - s0: addNew group-DC99044563B7:[s0|rpc:localhost:45701|admin:localhost:41561|client:localhost:45665|dataStream:localhost:42355|priority:0, s1|rpc:localhost:34781|admin:localhost:40917|client:localhost:44781|dataStream:localhost:45713|priority:0, s2|rpc:localhost:33903|admin:localhost:40375|client:localhost:42615|dataStream:localhost:36099|priority:0] returns group-DC99044563B7:java.util.concurrent.CompletableFuture@3df066a[Not completed]
2022-06-20 14:46:05,601 [Time-limited test] INFO  impl.MiniRaftCluster (MiniRaftCluster.java:newRaftServer(358)) - newRaftServer: s1, group-DC99044563B7:[s0|rpc:localhost:45701|admin:localhost:41561|client:localhost:45665|dataStream:localhost:42355|priority:0, s1|rpc:localhost:34781|admin:localhost:40917|client:localhost:44781|dataStream:localhost:45713|priority:0, s2|rpc:localhost:33903|admin:localhost:40375|client:localhost:42615|dataStream:localhost:36099|priority:0], format? true
2022-06-20 14:46:05,601 [Time-limited test] TRACE util.FileUtils (FileUtils.java:deleteFully(162)) - deleteFully target/test/data/108fa2d4/MiniRaftClusterWithGrpc21cdf1b2/s1
2022-06-20 14:46:05,601 [Time-limited test] TRACE util.FileUtils (FileUtils.java:deleteFully(178)) - deleteFully: target/test/data/108fa2d4/MiniRaftClusterWithGrpc21cdf1b2/s1 does not exist.
2022-06-20 14:46:05,601 [Time-limited test] INFO  impl.MiniRaftCluster (MiniRaftCluster.java:newRaftServer(363)) - Formatted directory target/test/data/108fa2d4/MiniRaftClusterWithGrpc21cdf1b2/s1
2022-06-20 14:46:05,602 [Time-limited test] INFO  server.RaftServer (ConfUtils.java:logGet(46)) - raft.rpc.type = GRPC (default)
2022-06-20 14:46:05,602 [Time-limited test] INFO  grpc.GrpcFactory (GrpcFactory.java:checkPooledByteBufAllocatorUseCacheForAllThreads(48)) - PERFORMANCE WARNING: useCacheForAllThreads is true that may cause Netty to create a lot garbage objects and, as a result, trigger GC.
	It is recommended to disable useCacheForAllThreads by setting -Dorg.apache.ratis.thirdparty.io.netty.allocator.useCacheForAllThreads=false in command line.
2022-06-20 14:46:05,602 [Time-limited test] INFO  grpc.GrpcConfigKeys (ConfUtils.java:logGet(46)) - raft.grpc.admin.port = 40917 (custom)
2022-06-20 14:46:05,602 [Time-limited test] INFO  grpc.GrpcConfigKeys (ConfUtils.java:logGet(46)) - raft.grpc.client.port = 44781 (custom)
2022-06-20 14:46:05,602 [Time-limited test] INFO  grpc.GrpcConfigKeys (ConfUtils.java:logGet(46)) - raft.grpc.server.port = 34781 (custom)
2022-06-20 14:46:05,602 [Time-limited test] INFO  server.GrpcService (ConfUtils.java:logGet(46)) - raft.grpc.message.size.max = 64MB (=67108864) (default)
2022-06-20 14:46:05,602 [Time-limited test] INFO  server.RaftServerConfigKeys (ConfUtils.java:logGet(46)) - raft.server.log.appender.buffer.byte-limit = 4MB (=4194304) (default)
2022-06-20 14:46:05,603 [Time-limited test] INFO  server.GrpcService (ConfUtils.java:logGet(46)) - raft.grpc.flow.control.window = 1MB (=1048576) (default)
2022-06-20 14:46:05,603 [Time-limited test] INFO  server.RaftServerConfigKeys (ConfUtils.java:logGet(46)) - raft.server.rpc.request.timeout = 3000ms (default)
2022-06-20 14:46:05,603 [Time-limited test] INFO  grpc.GrpcConfigKeys (ConfUtils.java:logGet(46)) - raft.grpc.server.async.request.thread.pool.cached = true (default)
2022-06-20 14:46:05,603 [Time-limited test] INFO  grpc.GrpcConfigKeys (ConfUtils.java:logGet(46)) - raft.grpc.server.async.request.thread.pool.size = 32 (default)
2022-06-20 14:46:05,605 [Time-limited test] INFO  impl.DataStreamServerImpl (ConfUtils.java:logGet(46)) - raft.datastream.type = DISABLED (default)
2022-06-20 14:46:05,605 [Time-limited test] INFO  server.RaftServerConfigKeys (ConfUtils.java:logGet(46)) - raft.server.threadpool.proxy.cached = true (default)
2022-06-20 14:46:05,605 [Time-limited test] INFO  server.RaftServerConfigKeys (ConfUtils.java:logGet(46)) - raft.server.threadpool.proxy.size = 0 (default)
2022-06-20 14:46:05,605 [Time-limited test] INFO  server.RaftServerConfigKeys (ConfUtils.java:logGet(46)) - raft.server.rpc.slowness.timeout = 60s (default)
2022-06-20 14:46:05,605 [Time-limited test] INFO  server.RaftServerConfigKeys (ConfUtils.java:logGet(46)) - raft.server.leaderelection.leader.step-down.wait-time = 10s (default)
2022-06-20 14:46:05,606 [Time-limited test] INFO  server.RaftServerConfigKeys (ConfUtils.java:logGet(46)) - raft.server.storage.dir = [/home/runner/work/ratis/ratis/ratis-test/target/test/data/108fa2d4/MiniRaftClusterWithGrpc21cdf1b2/s1] (custom)
2022-06-20 14:46:05,606 [Time-limited test] INFO  server.RaftServer (RaftServerProxy.java:addNew(96)) - s1: addNew group-DC99044563B7:[s0|rpc:localhost:45701|admin:localhost:41561|client:localhost:45665|dataStream:localhost:42355|priority:0, s1|rpc:localhost:34781|admin:localhost:40917|client:localhost:44781|dataStream:localhost:45713|priority:0, s2|rpc:localhost:33903|admin:localhost:40375|client:localhost:42615|dataStream:localhost:36099|priority:0] returns group-DC99044563B7:java.util.concurrent.CompletableFuture@28407a6f[Not completed]
2022-06-20 14:46:05,606 [Time-limited test] INFO  impl.MiniRaftCluster (MiniRaftCluster.java:newRaftServer(358)) - newRaftServer: s2, group-DC99044563B7:[s0|rpc:localhost:45701|admin:localhost:41561|client:localhost:45665|dataStream:localhost:42355|priority:0, s1|rpc:localhost:34781|admin:localhost:40917|client:localhost:44781|dataStream:localhost:45713|priority:0, s2|rpc:localhost:33903|admin:localhost:40375|client:localhost:42615|dataStream:localhost:36099|priority:0], format? true
2022-06-20 14:46:05,606 [Time-limited test] TRACE util.FileUtils (FileUtils.java:deleteFully(162)) - deleteFully target/test/data/108fa2d4/MiniRaftClusterWithGrpc21cdf1b2/s2
2022-06-20 14:46:05,607 [Time-limited test] TRACE util.FileUtils (FileUtils.java:deleteFully(178)) - deleteFully: target/test/data/108fa2d4/MiniRaftClusterWithGrpc21cdf1b2/s2 does not exist.
2022-06-20 14:46:05,607 [Time-limited test] INFO  impl.MiniRaftCluster (MiniRaftCluster.java:newRaftServer(363)) - Formatted directory target/test/data/108fa2d4/MiniRaftClusterWithGrpc21cdf1b2/s2
2022-06-20 14:46:05,607 [Time-limited test] INFO  server.RaftServer (ConfUtils.java:logGet(46)) - raft.rpc.type = GRPC (default)
2022-06-20 14:46:05,607 [Time-limited test] INFO  grpc.GrpcFactory (GrpcFactory.java:checkPooledByteBufAllocatorUseCacheForAllThreads(48)) - PERFORMANCE WARNING: useCacheForAllThreads is true that may cause Netty to create a lot garbage objects and, as a result, trigger GC.
	It is recommended to disable useCacheForAllThreads by setting -Dorg.apache.ratis.thirdparty.io.netty.allocator.useCacheForAllThreads=false in command line.
2022-06-20 14:46:05,607 [Time-limited test] INFO  grpc.GrpcConfigKeys (ConfUtils.java:logGet(46)) - raft.grpc.admin.port = 40375 (custom)
2022-06-20 14:46:05,607 [Time-limited test] INFO  grpc.GrpcConfigKeys (ConfUtils.java:logGet(46)) - raft.grpc.client.port = 42615 (custom)
2022-06-20 14:46:05,608 [Time-limited test] INFO  grpc.GrpcConfigKeys (ConfUtils.java:logGet(46)) - raft.grpc.server.port = 33903 (custom)
2022-06-20 14:46:05,608 [Time-limited test] INFO  server.GrpcService (ConfUtils.java:logGet(46)) - raft.grpc.message.size.max = 64MB (=67108864) (default)
2022-06-20 14:46:05,608 [Time-limited test] INFO  server.RaftServerConfigKeys (ConfUtils.java:logGet(46)) - raft.server.log.appender.buffer.byte-limit = 4MB (=4194304) (default)
2022-06-20 14:46:05,608 [Time-limited test] INFO  server.GrpcService (ConfUtils.java:logGet(46)) - raft.grpc.flow.control.window = 1MB (=1048576) (default)
2022-06-20 14:46:05,608 [Time-limited test] INFO  server.RaftServerConfigKeys (ConfUtils.java:logGet(46)) - raft.server.rpc.request.timeout = 3000ms (default)
2022-06-20 14:46:05,608 [Time-limited test] INFO  grpc.GrpcConfigKeys (ConfUtils.java:logGet(46)) - raft.grpc.server.async.request.thread.pool.cached = true (default)
2022-06-20 14:46:05,608 [Time-limited test] INFO  grpc.GrpcConfigKeys (ConfUtils.java:logGet(46)) - raft.grpc.server.async.request.thread.pool.size = 32 (default)
2022-06-20 14:46:05,609 [Time-limited test] INFO  impl.DataStreamServerImpl (ConfUtils.java:logGet(46)) - raft.datastream.type = DISABLED (default)
2022-06-20 14:46:05,610 [Time-limited test] INFO  server.RaftServerConfigKeys (ConfUtils.java:logGet(46)) - raft.server.threadpool.proxy.cached = true (default)
2022-06-20 14:46:05,610 [Time-limited test] INFO  server.RaftServerConfigKeys (ConfUtils.java:logGet(46)) - raft.server.threadpool.proxy.size = 0 (default)
2022-06-20 14:46:05,610 [Time-limited test] INFO  server.RaftServerConfigKeys (ConfUtils.java:logGet(46)) - raft.server.rpc.slowness.timeout = 60s (default)
2022-06-20 14:46:05,610 [Time-limited test] INFO  server.RaftServerConfigKeys (ConfUtils.java:logGet(46)) - raft.server.leaderelection.leader.step-down.wait-time = 10s (default)
2022-06-20 14:46:05,610 [Time-limited test] INFO  server.RaftServerConfigKeys (ConfUtils.java:logGet(46)) - raft.server.storage.dir = [/home/runner/work/ratis/ratis/ratis-test/target/test/data/108fa2d4/MiniRaftClusterWithGrpc21cdf1b2/s2] (custom)
2022-06-20 14:46:05,621 [Time-limited test] INFO  server.RaftServer (RaftServerProxy.java:addNew(96)) - s2: addNew group-DC99044563B7:[s0|rpc:localhost:45701|admin:localhost:41561|client:localhost:45665|dataStream:localhost:42355|priority:0, s1|rpc:localhost:34781|admin:localhost:40917|client:localhost:44781|dataStream:localhost:45713|priority:0, s2|rpc:localhost:33903|admin:localhost:40375|client:localhost:42615|dataStream:localhost:36099|priority:0] returns group-DC99044563B7:java.util.concurrent.CompletableFuture@3ab35e60[Not completed]
2022-06-20 14:46:05,621 [pool-2-thread-1] INFO  server.RaftServerConfigKeys (ConfUtils.java:logGet(46)) - raft.server.log.segment.size.max = 8MB (=8388608) (default)
2022-06-20 14:46:05,621 [pool-3-thread-1] INFO  server.RaftServerConfigKeys (ConfUtils.java:logGet(46)) - raft.server.log.segment.size.max = 8MB (=8388608) (default)
2022-06-20 14:46:05,621 [pool-1-thread-1] INFO  server.RaftServerConfigKeys (ConfUtils.java:logGet(46)) - raft.server.log.segment.size.max = 8MB (=8388608) (default)
2022-06-20 14:46:05,622 [pool-3-thread-1] INFO  server.RaftServerConfigKeys (ConfUtils.java:logGet(46)) - raft.server.log.preallocated.size = 4MB (=4194304) (default)
2022-06-20 14:46:05,622 [pool-2-thread-1] INFO  server.RaftServerConfigKeys (ConfUtils.java:logGet(46)) - raft.server.log.preallocated.size = 4MB (=4194304) (default)
2022-06-20 14:46:05,623 [pool-2-thread-1] INFO  server.RaftServerConfigKeys (ConfUtils.java:logGet(46)) - raft.server.log.write.buffer.size = 64KB (=65536) (default)
2022-06-20 14:46:05,625 [pool-2-thread-1] INFO  server.RaftServer$Division (RaftServerImpl.java:<init>(190)) - s1: new RaftServerImpl for group-DC99044563B7:[s0|rpc:localhost:45701|admin:localhost:41561|client:localhost:45665|dataStream:localhost:42355|priority:0, s1|rpc:localhost:34781|admin:localhost:40917|client:localhost:44781|dataStream:localhost:45713|priority:0, s2|rpc:localhost:33903|admin:localhost:40375|client:localhost:42615|dataStream:localhost:36099|priority:0] with SimpleStateMachine4Testing:uninitialized
2022-06-20 14:46:05,622 [pool-1-thread-1] INFO  server.RaftServerConfigKeys (ConfUtils.java:logGet(46)) - raft.server.log.preallocated.size = 4MB (=4194304) (default)
2022-06-20 14:46:05,625 [pool-1-thread-1] INFO  server.RaftServerConfigKeys (ConfUtils.java:logGet(46)) - raft.server.log.write.buffer.size = 64KB (=65536) (default)
2022-06-20 14:46:05,625 [pool-1-thread-1] INFO  server.RaftServer$Division (RaftServerImpl.java:<init>(190)) - s0: new RaftServerImpl for group-DC99044563B7:[s0|rpc:localhost:45701|admin:localhost:41561|client:localhost:45665|dataStream:localhost:42355|priority:0, s1|rpc:localhost:34781|admin:localhost:40917|client:localhost:44781|dataStream:localhost:45713|priority:0, s2|rpc:localhost:33903|admin:localhost:40375|client:localhost:42615|dataStream:localhost:36099|priority:0] with SimpleStateMachine4Testing:uninitialized
2022-06-20 14:46:05,626 [pool-1-thread-1] INFO  server.RaftServerConfigKeys (ConfUtils.java:logGet(46)) - raft.server.rpc.timeout.min = 150ms (default)
2022-06-20 14:46:05,627 [pool-1-thread-1] INFO  server.RaftServerConfigKeys (ConfUtils.java:logGet(46)) - raft.server.rpc.timeout.max = 300ms (default)
2022-06-20 14:46:05,627 [pool-1-thread-1] INFO  server.RaftServerConfigKeys (ConfUtils.java:logGet(46)) - raft.server.rpc.sleep.time = 25ms (default)
2022-06-20 14:46:05,627 [pool-1-thread-1] INFO  server.RaftServerConfigKeys (ConfUtils.java:logGet(46)) - raft.server.rpc.slowness.timeout = 60s (default)
2022-06-20 14:46:05,627 [pool-1-thread-1] INFO  server.RaftServerConfigKeys (ConfUtils.java:logGet(46)) - raft.server.leaderelection.leader.step-down.wait-time = 10s (default)
2022-06-20 14:46:05,627 [pool-1-thread-1] INFO  server.RaftServerConfigKeys (ConfUtils.java:logGet(46)) - raft.server.sleep.deviation.threshold = 300ms (default)
2022-06-20 14:46:05,632 [pool-1-thread-1] INFO  server.RaftServer$Division (ServerState.java:<init>(107)) - s0@group-DC99044563B7: ConfigurationManager, init=-1: [s0|rpc:localhost:45701|admin:localhost:41561|client:localhost:45665|dataStream:localhost:42355|priority:0, s1|rpc:localhost:34781|admin:localhost:40917|client:localhost:44781|dataStream:localhost:45713|priority:0, s2|rpc:localhost:33903|admin:localhost:40375|client:localhost:42615|dataStream:localhost:36099|priority:0], old=null, confs=<EMPTY_MAP>
2022-06-20 14:46:05,632 [pool-2-thread-1] INFO  server.RaftServerConfigKeys (ConfUtils.java:logGet(46)) - raft.server.rpc.timeout.min = 150ms (default)
2022-06-20 14:46:05,632 [pool-2-thread-1] INFO  server.RaftServerConfigKeys (ConfUtils.java:logGet(46)) - raft.server.rpc.timeout.max = 300ms (default)
2022-06-20 14:46:05,632 [pool-2-thread-1] INFO  server.RaftServerConfigKeys (ConfUtils.java:logGet(46)) - raft.server.rpc.sleep.time = 25ms (default)
2022-06-20 14:46:05,633 [pool-2-thread-1] INFO  server.RaftServerConfigKeys (ConfUtils.java:logGet(46)) - raft.server.rpc.slowness.timeout = 60s (default)
2022-06-20 14:46:05,633 [pool-2-thread-1] INFO  server.RaftServerConfigKeys (ConfUtils.java:logGet(46)) - raft.server.leaderelection.leader.step-down.wait-time = 10s (default)
2022-06-20 14:46:05,633 [pool-2-thread-1] INFO  server.RaftServerConfigKeys (ConfUtils.java:logGet(46)) - raft.server.sleep.deviation.threshold = 300ms (default)
2022-06-20 14:46:05,633 [pool-2-thread-1] INFO  server.RaftServer$Division (ServerState.java:<init>(107)) - s1@group-DC99044563B7: ConfigurationManager, init=-1: [s0|rpc:localhost:45701|admin:localhost:41561|client:localhost:45665|dataStream:localhost:42355|priority:0, s1|rpc:localhost:34781|admin:localhost:40917|client:localhost:44781|dataStream:localhost:45713|priority:0, s2|rpc:localhost:33903|admin:localhost:40375|client:localhost:42615|dataStream:localhost:36099|priority:0], old=null, confs=<EMPTY_MAP>
2022-06-20 14:46:05,633 [pool-2-thread-1] INFO  server.RaftServerConfigKeys (ConfUtils.java:logGet(46)) - raft.server.storage.dir = [/home/runner/work/ratis/ratis/ratis-test/target/test/data/108fa2d4/MiniRaftClusterWithGrpc21cdf1b2/s1] (custom)
2022-06-20 14:46:05,637 [pool-1-thread-1] INFO  server.RaftServerConfigKeys (ConfUtils.java:logGet(46)) - raft.server.storage.dir = [/home/runner/work/ratis/ratis/ratis-test/target/test/data/108fa2d4/MiniRaftClusterWithGrpc21cdf1b2/s0] (custom)
2022-06-20 14:46:05,638 [pool-1-thread-1] INFO  server.RaftServerConfigKeys (ConfUtils.java:logGet(46)) - raft.server.log.corruption.policy = EXCEPTION (default)
2022-06-20 14:46:05,638 [pool-1-thread-1] INFO  server.RaftServerConfigKeys (ConfUtils.java:logGet(46)) - raft.server.storage.free-space.min = 0MB (=0) (default)
2022-06-20 14:46:05,637 [pool-2-thread-1] INFO  server.RaftServerConfigKeys (ConfUtils.java:logGet(46)) - raft.server.log.corruption.policy = EXCEPTION (default)
2022-06-20 14:46:05,638 [pool-2-thread-1] INFO  server.RaftServerConfigKeys (ConfUtils.java:logGet(46)) - raft.server.storage.free-space.min = 0MB (=0) (default)
2022-06-20 14:46:05,640 [pool-2-thread-1] INFO  storage.RaftStorageDirectory (RaftStorageDirectoryImpl.java:analyzeStorage(135)) - The storage directory /home/runner/work/ratis/ratis/ratis-test/target/test/data/108fa2d4/MiniRaftClusterWithGrpc21cdf1b2/s1/5a5780e6-66fa-46c2-a22e-dc99044563b7 does not exist. Creating ...
2022-06-20 14:46:05,642 [pool-2-thread-1] TRACE util.FileUtils (LogUtils.java:runAndLog(49)) - Successfully ran Files.createDirectories /home/runner/work/ratis/ratis/ratis-test/target/test/data/108fa2d4/MiniRaftClusterWithGrpc21cdf1b2/s1/5a5780e6-66fa-46c2-a22e-dc99044563b7
2022-06-20 14:46:05,640 [pool-1-thread-1] INFO  storage.RaftStorageDirectory (RaftStorageDirectoryImpl.java:analyzeStorage(135)) - The storage directory /home/runner/work/ratis/ratis/ratis-test/target/test/data/108fa2d4/MiniRaftClusterWithGrpc21cdf1b2/s0/5a5780e6-66fa-46c2-a22e-dc99044563b7 does not exist. Creating ...
2022-06-20 14:46:05,639 [pool-3-thread-1] INFO  server.RaftServerConfigKeys (ConfUtils.java:logGet(46)) - raft.server.log.write.buffer.size = 64KB (=65536) (default)
2022-06-20 14:46:05,643 [pool-3-thread-1] INFO  server.RaftServer$Division (RaftServerImpl.java:<init>(190)) - s2: new RaftServerImpl for group-DC99044563B7:[s0|rpc:localhost:45701|admin:localhost:41561|client:localhost:45665|dataStream:localhost:42355|priority:0, s1|rpc:localhost:34781|admin:localhost:40917|client:localhost:44781|dataStream:localhost:45713|priority:0, s2|rpc:localhost:33903|admin:localhost:40375|client:localhost:42615|dataStream:localhost:36099|priority:0] with SimpleStateMachine4Testing:uninitialized
2022-06-20 14:46:05,643 [pool-1-thread-1] TRACE util.FileUtils (LogUtils.java:runAndLog(49)) - Successfully ran Files.createDirectories /home/runner/work/ratis/ratis/ratis-test/target/test/data/108fa2d4/MiniRaftClusterWithGrpc21cdf1b2/s0/5a5780e6-66fa-46c2-a22e-dc99044563b7
2022-06-20 14:46:05,643 [pool-3-thread-1] INFO  server.RaftServerConfigKeys (ConfUtils.java:logGet(46)) - raft.server.rpc.timeout.min = 150ms (default)
2022-06-20 14:46:05,644 [pool-3-thread-1] INFO  server.RaftServerConfigKeys (ConfUtils.java:logGet(46)) - raft.server.rpc.timeout.max = 300ms (default)
2022-06-20 14:46:05,644 [pool-3-thread-1] INFO  server.RaftServerConfigKeys (ConfUtils.java:logGet(46)) - raft.server.rpc.sleep.time = 25ms (default)
2022-06-20 14:46:05,644 [pool-3-thread-1] INFO  server.RaftServerConfigKeys (ConfUtils.java:logGet(46)) - raft.server.rpc.slowness.timeout = 60s (default)
2022-06-20 14:46:05,644 [pool-3-thread-1] INFO  server.RaftServerConfigKeys (ConfUtils.java:logGet(46)) - raft.server.leaderelection.leader.step-down.wait-time = 10s (default)
2022-06-20 14:46:05,644 [pool-3-thread-1] INFO  server.RaftServerConfigKeys (ConfUtils.java:logGet(46)) - raft.server.sleep.deviation.threshold = 300ms (default)
2022-06-20 14:46:05,644 [pool-3-thread-1] INFO  server.RaftServer$Division (ServerState.java:<init>(107)) - s2@group-DC99044563B7: ConfigurationManager, init=-1: [s0|rpc:localhost:45701|admin:localhost:41561|client:localhost:45665|dataStream:localhost:42355|priority:0, s1|rpc:localhost:34781|admin:localhost:40917|client:localhost:44781|dataStream:localhost:45713|priority:0, s2|rpc:localhost:33903|admin:localhost:40375|client:localhost:42615|dataStream:localhost:36099|priority:0], old=null, confs=<EMPTY_MAP>
2022-06-20 14:46:05,644 [pool-3-thread-1] INFO  server.RaftServerConfigKeys (ConfUtils.java:logGet(46)) - raft.server.storage.dir = [/home/runner/work/ratis/ratis/ratis-test/target/test/data/108fa2d4/MiniRaftClusterWithGrpc21cdf1b2/s2] (custom)
2022-06-20 14:46:05,645 [pool-3-thread-1] INFO  server.RaftServerConfigKeys (ConfUtils.java:logGet(46)) - raft.server.log.corruption.policy = EXCEPTION (default)
2022-06-20 14:46:05,645 [pool-3-thread-1] INFO  server.RaftServerConfigKeys (ConfUtils.java:logGet(46)) - raft.server.storage.free-space.min = 0MB (=0) (default)
2022-06-20 14:46:05,645 [pool-3-thread-1] INFO  storage.RaftStorageDirectory (RaftStorageDirectoryImpl.java:analyzeStorage(135)) - The storage directory /home/runner/work/ratis/ratis/ratis-test/target/test/data/108fa2d4/MiniRaftClusterWithGrpc21cdf1b2/s2/5a5780e6-66fa-46c2-a22e-dc99044563b7 does not exist. Creating ...
2022-06-20 14:46:05,646 [pool-3-thread-1] TRACE util.FileUtils (LogUtils.java:runAndLog(49)) - Successfully ran Files.createDirectories /home/runner/work/ratis/ratis/ratis-test/target/test/data/108fa2d4/MiniRaftClusterWithGrpc21cdf1b2/s2/5a5780e6-66fa-46c2-a22e-dc99044563b7
2022-06-20 14:46:05,647 [pool-1-thread-1] INFO  storage.RaftStorageDirectory (RaftStorageDirectoryImpl.java:tryLock(230)) - Lock on /home/runner/work/ratis/ratis/ratis-test/target/test/data/108fa2d4/MiniRaftClusterWithGrpc21cdf1b2/s0/5a5780e6-66fa-46c2-a22e-dc99044563b7/in_use.lock acquired by nodename 9271@fv-az130-643.w2idpbytgoxujjjp101z4a4ccc.phxx.internal.cloudapp.net
2022-06-20 14:46:05,647 [pool-3-thread-1] INFO  storage.RaftStorageDirectory (RaftStorageDirectoryImpl.java:tryLock(230)) - Lock on /home/runner/work/ratis/ratis/ratis-test/target/test/data/108fa2d4/MiniRaftClusterWithGrpc21cdf1b2/s2/5a5780e6-66fa-46c2-a22e-dc99044563b7/in_use.lock acquired by nodename 9271@fv-az130-643.w2idpbytgoxujjjp101z4a4ccc.phxx.internal.cloudapp.net
2022-06-20 14:46:05,647 [pool-2-thread-1] INFO  storage.RaftStorageDirectory (RaftStorageDirectoryImpl.java:tryLock(230)) - Lock on /home/runner/work/ratis/ratis/ratis-test/target/test/data/108fa2d4/MiniRaftClusterWithGrpc21cdf1b2/s1/5a5780e6-66fa-46c2-a22e-dc99044563b7/in_use.lock acquired by nodename 9271@fv-az130-643.w2idpbytgoxujjjp101z4a4ccc.phxx.internal.cloudapp.net
2022-06-20 14:46:05,648 [pool-1-thread-1] TRACE util.FileUtils (LogUtils.java:runAndLog(49)) - Successfully ran Files.createDirectories /home/runner/work/ratis/ratis/ratis-test/target/test/data/108fa2d4/MiniRaftClusterWithGrpc21cdf1b2/s0/5a5780e6-66fa-46c2-a22e-dc99044563b7/current
2022-06-20 14:46:05,648 [pool-3-thread-1] TRACE util.FileUtils (LogUtils.java:runAndLog(49)) - Successfully ran Files.createDirectories /home/runner/work/ratis/ratis/ratis-test/target/test/data/108fa2d4/MiniRaftClusterWithGrpc21cdf1b2/s2/5a5780e6-66fa-46c2-a22e-dc99044563b7/current
2022-06-20 14:46:05,649 [pool-3-thread-1] TRACE util.FileUtils (LogUtils.java:runAndLog(49)) - Successfully ran Files.createDirectories /home/runner/work/ratis/ratis/ratis-test/target/test/data/108fa2d4/MiniRaftClusterWithGrpc21cdf1b2/s2/5a5780e6-66fa-46c2-a22e-dc99044563b7/sm
2022-06-20 14:46:05,648 [pool-2-thread-1] TRACE util.FileUtils (LogUtils.java:runAndLog(49)) - Successfully ran Files.createDirectories /home/runner/work/ratis/ratis/ratis-test/target/test/data/108fa2d4/MiniRaftClusterWithGrpc21cdf1b2/s1/5a5780e6-66fa-46c2-a22e-dc99044563b7/current
2022-06-20 14:46:05,651 [pool-2-thread-1] TRACE util.FileUtils (LogUtils.java:runAndLog(49)) - Successfully ran Files.createDirectories /home/runner/work/ratis/ratis/ratis-test/target/test/data/108fa2d4/MiniRaftClusterWithGrpc21cdf1b2/s1/5a5780e6-66fa-46c2-a22e-dc99044563b7/sm
2022-06-20 14:46:05,652 [pool-1-thread-1] TRACE util.FileUtils (LogUtils.java:runAndLog(49)) - Successfully ran Files.createDirectories /home/runner/work/ratis/ratis/ratis-test/target/test/data/108fa2d4/MiniRaftClusterWithGrpc21cdf1b2/s0/5a5780e6-66fa-46c2-a22e-dc99044563b7/sm
2022-06-20 14:46:05,656 [pool-2-thread-1] INFO  storage.RaftStorage (RaftStorageImpl.java:format(79)) - Storage directory /home/runner/work/ratis/ratis/ratis-test/target/test/data/108fa2d4/MiniRaftClusterWithGrpc21cdf1b2/s1/5a5780e6-66fa-46c2-a22e-dc99044563b7 has been successfully formatted.
2022-06-20 14:46:05,656 [pool-1-thread-1] INFO  storage.RaftStorage (RaftStorageImpl.java:format(79)) - Storage directory /home/runner/work/ratis/ratis/ratis-test/target/test/data/108fa2d4/MiniRaftClusterWithGrpc21cdf1b2/s0/5a5780e6-66fa-46c2-a22e-dc99044563b7 has been successfully formatted.
2022-06-20 14:46:05,657 [pool-2-thread-1] INFO  statemachine.SimpleStateMachine4Testing (SimpleStateMachine4Testing.java:initialize(212)) - Initializing SimpleStateMachine4Testing:uninitialized
2022-06-20 14:46:05,656 [pool-3-thread-1] INFO  storage.RaftStorage (RaftStorageImpl.java:format(79)) - Storage directory /home/runner/work/ratis/ratis/ratis-test/target/test/data/108fa2d4/MiniRaftClusterWithGrpc21cdf1b2/s2/5a5780e6-66fa-46c2-a22e-dc99044563b7 has been successfully formatted.
2022-06-20 14:46:05,657 [pool-1-thread-1] INFO  statemachine.SimpleStateMachine4Testing (SimpleStateMachine4Testing.java:initialize(212)) - Initializing SimpleStateMachine4Testing:uninitialized
2022-06-20 14:46:05,658 [pool-3-thread-1] INFO  statemachine.SimpleStateMachine4Testing (SimpleStateMachine4Testing.java:initialize(212)) - Initializing SimpleStateMachine4Testing:uninitialized
2022-06-20 14:46:05,659 [pool-2-thread-1] INFO  statemachine.SimpleStateMachine4Testing (SimpleStateMachine4Testing.java:loadSnapshot(306)) - The snapshot file null does not exist
2022-06-20 14:46:05,659 [pool-1-thread-1] INFO  statemachine.SimpleStateMachine4Testing (SimpleStateMachine4Testing.java:loadSnapshot(306)) - The snapshot file null does not exist
2022-06-20 14:46:05,659 [pool-3-thread-1] INFO  statemachine.SimpleStateMachine4Testing (SimpleStateMachine4Testing.java:loadSnapshot(306)) - The snapshot file null does not exist
2022-06-20 14:46:05,660 [pool-2-thread-1] INFO  server.RaftServerConfigKeys (ConfUtils.java:logGet(46)) - raft.server.notification.no-leader.timeout = 60s (default)
2022-06-20 14:46:05,661 [pool-2-thread-1] INFO  server.RaftServerConfigKeys (ConfUtils.java:logGet(46)) - raft.server.log.use.memory = false (default)
2022-06-20 14:46:05,660 [pool-1-thread-1] INFO  server.RaftServerConfigKeys (ConfUtils.java:logGet(46)) - raft.server.notification.no-leader.timeout = 60s (default)
2022-06-20 14:46:05,662 [pool-1-thread-1] INFO  server.RaftServerConfigKeys (ConfUtils.java:logGet(46)) - raft.server.log.use.memory = false (default)
2022-06-20 14:46:05,660 [pool-3-thread-1] INFO  server.RaftServerConfigKeys (ConfUtils.java:logGet(46)) - raft.server.notification.no-leader.timeout = 60s (default)
2022-06-20 14:46:05,662 [pool-3-thread-1] INFO  server.RaftServerConfigKeys (ConfUtils.java:logGet(46)) - raft.server.log.use.memory = false (default)
2022-06-20 14:46:05,667 [pool-1-thread-1] INFO  server.RaftServerConfigKeys (ConfUtils.java:logGet(46)) - raft.server.log.purge.gap = 1024 (default)
2022-06-20 14:46:05,667 [pool-3-thread-1] INFO  server.RaftServerConfigKeys (ConfUtils.java:logGet(46)) - raft.server.log.purge.gap = 1024 (default)
2022-06-20 14:46:05,667 [pool-1-thread-1] INFO  server.RaftServerConfigKeys (ConfUtils.java:logGet(46)) - raft.server.log.appender.buffer.byte-limit = 4MB (=4194304) (default)
2022-06-20 14:46:05,667 [pool-3-thread-1] INFO  server.RaftServerConfigKeys (ConfUtils.java:logGet(46)) - raft.server.log.appender.buffer.byte-limit = 4MB (=4194304) (default)
2022-06-20 14:46:05,668 [pool-1-thread-1] INFO  server.RaftServerConfigKeys (ConfUtils.java:logGet(46)) - raft.server.log.statemachine.data.read.timeout = 1000ms (default)
2022-06-20 14:46:05,668 [pool-3-thread-1] INFO  server.RaftServerConfigKeys (ConfUtils.java:logGet(46)) - raft.server.log.statemachine.data.read.timeout = 1000ms (default)
2022-06-20 14:46:05,668 [pool-2-thread-1] INFO  server.RaftServerConfigKeys (ConfUtils.java:logGet(46)) - raft.server.log.purge.gap = 1024 (default)
2022-06-20 14:46:05,671 [pool-2-thread-1] INFO  server.RaftServerConfigKeys (ConfUtils.java:logGet(46)) - raft.server.log.appender.buffer.byte-limit = 4MB (=4194304) (default)
2022-06-20 14:46:05,671 [pool-2-thread-1] INFO  server.RaftServerConfigKeys (ConfUtils.java:logGet(46)) - raft.server.log.statemachine.data.read.timeout = 1000ms (default)
2022-06-20 14:46:05,672 [pool-1-thread-1] INFO  metrics.MetricRegistries (MetricRegistriesLoader.java:load(64)) - Loaded MetricRegistries class org.apache.ratis.metrics.impl.MetricRegistriesImpl
2022-06-20 14:46:05,716 [pool-1-thread-1] INFO  server.RaftServerConfigKeys (ConfUtils.java:logGet(46)) - raft.server.log.segment.size.max = 8MB (=8388608) (default)
2022-06-20 14:46:05,716 [pool-3-thread-1] INFO  server.RaftServerConfigKeys (ConfUtils.java:logGet(46)) - raft.server.log.segment.size.max = 8MB (=8388608) (default)
2022-06-20 14:46:05,717 [pool-2-thread-1] INFO  server.RaftServerConfigKeys (ConfUtils.java:logGet(46)) - raft.server.log.segment.size.max = 8MB (=8388608) (default)
2022-06-20 14:46:05,722 [pool-2-thread-1] INFO  server.RaftServerConfigKeys (ConfUtils.java:logGet(46)) - raft.server.log.segment.cache.num.max = 6 (default)
2022-06-20 14:46:05,722 [pool-1-thread-1] INFO  server.RaftServerConfigKeys (ConfUtils.java:logGet(46)) - raft.server.log.segment.cache.num.max = 6 (default)
2022-06-20 14:46:05,723 [pool-1-thread-1] INFO  server.RaftServerConfigKeys (ConfUtils.java:logGet(46)) - raft.server.log.segment.cache.size.max = 200MB (=209715200) (default)
2022-06-20 14:46:05,722 [pool-3-thread-1] INFO  server.RaftServerConfigKeys (ConfUtils.java:logGet(46)) - raft.server.log.segment.cache.num.max = 6 (default)
2022-06-20 14:46:05,723 [pool-3-thread-1] INFO  server.RaftServerConfigKeys (ConfUtils.java:logGet(46)) - raft.server.log.segment.cache.size.max = 200MB (=209715200) (default)
2022-06-20 14:46:05,726 [pool-2-thread-1] INFO  server.RaftServerConfigKeys (ConfUtils.java:logGet(46)) - raft.server.log.segment.cache.size.max = 200MB (=209715200) (default)
2022-06-20 14:46:05,726 [pool-2-thread-1] INFO  segmented.SegmentedRaftLogWorker (SegmentedRaftLogWorker.java:<init>(187)) - new s1@group-DC99044563B7-SegmentedRaftLogWorker for RaftStorageImpl:Storage Directory /home/runner/work/ratis/ratis/ratis-test/target/test/data/108fa2d4/MiniRaftClusterWithGrpc21cdf1b2/s1/5a5780e6-66fa-46c2-a22e-dc99044563b7
2022-06-20 14:46:05,726 [pool-1-thread-1] INFO  segmented.SegmentedRaftLogWorker (SegmentedRaftLogWorker.java:<init>(187)) - new s0@group-DC99044563B7-SegmentedRaftLogWorker for RaftStorageImpl:Storage Directory /home/runner/work/ratis/ratis/ratis-test/target/test/data/108fa2d4/MiniRaftClusterWithGrpc21cdf1b2/s0/5a5780e6-66fa-46c2-a22e-dc99044563b7
2022-06-20 14:46:05,726 [pool-3-thread-1] INFO  segmented.SegmentedRaftLogWorker (SegmentedRaftLogWorker.java:<init>(187)) - new s2@group-DC99044563B7-SegmentedRaftLogWorker for RaftStorageImpl:Storage Directory /home/runner/work/ratis/ratis/ratis-test/target/test/data/108fa2d4/MiniRaftClusterWithGrpc21cdf1b2/s2/5a5780e6-66fa-46c2-a22e-dc99044563b7
2022-06-20 14:46:05,727 [pool-3-thread-1] INFO  server.RaftServerConfigKeys (ConfUtils.java:logGet(46)) - raft.server.log.queue.byte-limit = 64MB (=67108864) (default)
2022-06-20 14:46:05,727 [pool-3-thread-1] INFO  server.RaftServerConfigKeys (ConfUtils.java:logGet(46)) - raft.server.log.queue.element-limit = 4096 (default)
2022-06-20 14:46:05,728 [pool-3-thread-1] INFO  server.RaftServerConfigKeys (ConfUtils.java:logGet(46)) - raft.server.log.segment.size.max = 8MB (=8388608) (default)
2022-06-20 14:46:05,728 [pool-3-thread-1] INFO  server.RaftServerConfigKeys (ConfUtils.java:logGet(46)) - raft.server.log.preallocated.size = 4MB (=4194304) (default)
2022-06-20 14:46:05,729 [pool-3-thread-1] INFO  server.RaftServerConfigKeys (ConfUtils.java:logGet(46)) - raft.server.log.force.sync.num = 128 (default)
2022-06-20 14:46:05,729 [pool-3-thread-1] INFO  server.RaftServerConfigKeys (ConfUtils.java:logGet(46)) - raft.server.log.statemachine.data.sync = true (default)
2022-06-20 14:46:05,730 [pool-3-thread-1] INFO  server.RaftServerConfigKeys (ConfUtils.java:logGet(46)) - raft.server.log.statemachine.data.sync.timeout = 10s (default)
2022-06-20 14:46:05,730 [pool-3-thread-1] INFO  server.RaftServerConfigKeys (ConfUtils.java:logGet(46)) - raft.server.log.statemachine.data.sync.timeout.retry = -1 (default)
2022-06-20 14:46:05,730 [pool-2-thread-1] INFO  server.RaftServerConfigKeys (ConfUtils.java:logGet(46)) - raft.server.log.queue.byte-limit = 64MB (=67108864) (default)
2022-06-20 14:46:05,730 [pool-1-thread-1] INFO  server.RaftServerConfigKeys (ConfUtils.java:logGet(46)) - raft.server.log.queue.byte-limit = 64MB (=67108864) (default)
2022-06-20 14:46:05,733 [pool-1-thread-1] INFO  server.RaftServerConfigKeys (ConfUtils.java:logGet(46)) - raft.server.log.queue.element-limit = 4096 (default)
2022-06-20 14:46:05,733 [pool-1-thread-1] INFO  server.RaftServerConfigKeys (ConfUtils.java:logGet(46)) - raft.server.log.segment.size.max = 8MB (=8388608) (default)
2022-06-20 14:46:05,733 [pool-1-thread-1] INFO  server.RaftServerConfigKeys (ConfUtils.java:logGet(46)) - raft.server.log.preallocated.size = 4MB (=4194304) (default)
2022-06-20 14:46:05,733 [pool-1-thread-1] INFO  server.RaftServerConfigKeys (ConfUtils.java:logGet(46)) - raft.server.log.force.sync.num = 128 (default)
2022-06-20 14:46:05,733 [pool-1-thread-1] INFO  server.RaftServerConfigKeys (ConfUtils.java:logGet(46)) - raft.server.log.statemachine.data.sync = true (default)
2022-06-20 14:46:05,733 [pool-1-thread-1] INFO  server.RaftServerConfigKeys (ConfUtils.java:logGet(46)) - raft.server.log.statemachine.data.sync.timeout = 10s (default)
2022-06-20 14:46:05,733 [pool-1-thread-1] INFO  server.RaftServerConfigKeys (ConfUtils.java:logGet(46)) - raft.server.log.statemachine.data.sync.timeout.retry = -1 (default)
2022-06-20 14:46:05,733 [pool-2-thread-1] INFO  server.RaftServerConfigKeys (ConfUtils.java:logGet(46)) - raft.server.log.queue.element-limit = 4096 (default)
2022-06-20 14:46:05,739 [pool-2-thread-1] INFO  server.RaftServerConfigKeys (ConfUtils.java:logGet(46)) - raft.server.log.segment.size.max = 8MB (=8388608) (default)
2022-06-20 14:46:05,739 [pool-2-thread-1] INFO  server.RaftServerConfigKeys (ConfUtils.java:logGet(46)) - raft.server.log.preallocated.size = 4MB (=4194304) (default)
2022-06-20 14:46:05,739 [pool-2-thread-1] INFO  server.RaftServerConfigKeys (ConfUtils.java:logGet(46)) - raft.server.log.force.sync.num = 128 (default)
2022-06-20 14:46:05,739 [pool-2-thread-1] INFO  server.RaftServerConfigKeys (ConfUtils.java:logGet(46)) - raft.server.log.statemachine.data.sync = true (default)
2022-06-20 14:46:05,740 [pool-2-thread-1] INFO  server.RaftServerConfigKeys (ConfUtils.java:logGet(46)) - raft.server.log.statemachine.data.sync.timeout = 10s (default)
2022-06-20 14:46:05,740 [pool-2-thread-1] INFO  server.RaftServerConfigKeys (ConfUtils.java:logGet(46)) - raft.server.log.statemachine.data.sync.timeout.retry = -1 (default)
2022-06-20 14:46:05,743 [pool-2-thread-1] INFO  server.RaftServerConfigKeys (ConfUtils.java:logGet(46)) - raft.server.log.write.buffer.size = 64KB (=65536) (default)
2022-06-20 14:46:05,746 [pool-2-thread-1] INFO  server.RaftServerConfigKeys (ConfUtils.java:logGet(46)) - raft.server.log.unsafe-flush.enabled = false (default)
2022-06-20 14:46:05,746 [pool-1-thread-1] INFO  server.RaftServerConfigKeys (ConfUtils.java:logGet(46)) - raft.server.log.write.buffer.size = 64KB (=65536) (default)
2022-06-20 14:46:05,746 [pool-1-thread-1] INFO  server.RaftServerConfigKeys (ConfUtils.java:logGet(46)) - raft.server.log.unsafe-flush.enabled = false (default)
2022-06-20 14:46:05,746 [pool-2-thread-1] INFO  server.RaftServerConfigKeys (ConfUtils.java:logGet(46)) - raft.server.log.statemachine.data.caching.enabled = false (default)
2022-06-20 14:46:05,746 [pool-1-thread-1] INFO  server.RaftServerConfigKeys (ConfUtils.java:logGet(46)) - raft.server.log.statemachine.data.caching.enabled = false (default)
2022-06-20 14:46:05,751 [pool-1-thread-1] INFO  segmented.SegmentedRaftLogWorker (SegmentedRaftLogWorker.java:lambda$new$0(135)) - s0@group-DC99044563B7-SegmentedRaftLogWorker: flushIndex: setUnconditionally 0 -> -1
2022-06-20 14:46:05,751 [pool-3-thread-1] INFO  server.RaftServerConfigKeys (ConfUtils.java:logGet(46)) - raft.server.log.write.buffer.size = 64KB (=65536) (default)
2022-06-20 14:46:05,752 [pool-3-thread-1] INFO  server.RaftServerConfigKeys (ConfUtils.java:logGet(46)) - raft.server.log.unsafe-flush.enabled = false (default)
2022-06-20 14:46:05,752 [pool-3-thread-1] INFO  server.RaftServerConfigKeys (ConfUtils.java:logGet(46)) - raft.server.log.statemachine.data.caching.enabled = false (default)
2022-06-20 14:46:05,752 [pool-3-thread-1] INFO  segmented.SegmentedRaftLogWorker (SegmentedRaftLogWorker.java:lambda$new$0(135)) - s2@group-DC99044563B7-SegmentedRaftLogWorker: flushIndex: setUnconditionally 0 -> -1
2022-06-20 14:46:05,752 [pool-3-thread-1] INFO  segmented.SegmentedRaftLogWorker (SegmentedRaftLogWorker.java:lambda$new$0(135)) - s2@group-DC99044563B7-SegmentedRaftLogWorker: safeCacheEvictIndex: setUnconditionally 0 -> -1
2022-06-20 14:46:05,751 [pool-2-thread-1] INFO  segmented.SegmentedRaftLogWorker (SegmentedRaftLogWorker.java:lambda$new$0(135)) - s1@group-DC99044563B7-SegmentedRaftLogWorker: flushIndex: setUnconditionally 0 -> -1
2022-06-20 14:46:05,752 [pool-2-thread-1] INFO  segmented.SegmentedRaftLogWorker (SegmentedRaftLogWorker.java:lambda$new$0(135)) - s1@group-DC99044563B7-SegmentedRaftLogWorker: safeCacheEvictIndex: setUnconditionally 0 -> -1
2022-06-20 14:46:05,752 [pool-1-thread-1] INFO  segmented.SegmentedRaftLogWorker (SegmentedRaftLogWorker.java:lambda$new$0(135)) - s0@group-DC99044563B7-SegmentedRaftLogWorker: safeCacheEvictIndex: setUnconditionally 0 -> -1
2022-06-20 14:46:05,755 [pool-3-thread-1] INFO  server.RaftServerConfigKeys (ConfUtils.java:logGet(46)) - raft.server.snapshot.auto.trigger.enabled = false (default)
2022-06-20 14:46:05,756 [pool-3-thread-1] INFO  server.RaftServerConfigKeys (ConfUtils.java:logGet(46)) - raft.server.snapshot.retention.file.num = -1 (default)
2022-06-20 14:46:05,756 [pool-3-thread-1] INFO  server.RaftServerConfigKeys (ConfUtils.java:logGet(46)) - raft.server.log.purge.upto.snapshot.index = false (default)
2022-06-20 14:46:05,759 [pool-1-thread-1] INFO  server.RaftServerConfigKeys (ConfUtils.java:logGet(46)) - raft.server.snapshot.auto.trigger.enabled = false (default)
2022-06-20 14:46:05,759 [pool-1-thread-1] INFO  server.RaftServerConfigKeys (ConfUtils.java:logGet(46)) - raft.server.snapshot.retention.file.num = -1 (default)
2022-06-20 14:46:05,759 [pool-1-thread-1] INFO  server.RaftServerConfigKeys (ConfUtils.java:logGet(46)) - raft.server.log.purge.upto.snapshot.index = false (default)
2022-06-20 14:46:05,763 [pool-2-thread-1] INFO  server.RaftServerConfigKeys (ConfUtils.java:logGet(46)) - raft.server.snapshot.auto.trigger.enabled = false (default)
2022-06-20 14:46:05,763 [pool-2-thread-1] INFO  server.RaftServerConfigKeys (ConfUtils.java:logGet(46)) - raft.server.snapshot.retention.file.num = -1 (default)
2022-06-20 14:46:05,763 [pool-2-thread-1] INFO  server.RaftServerConfigKeys (ConfUtils.java:logGet(46)) - raft.server.log.purge.upto.snapshot.index = false (default)
2022-06-20 14:46:05,765 [pool-1-thread-1] INFO  server.RaftServerConfigKeys (ConfUtils.java:logGet(46)) - raft.server.retrycache.expirytime = 60s (default)
2022-06-20 14:46:05,765 [pool-1-thread-1] INFO  server.RaftServerConfigKeys (ConfUtils.java:logGet(46)) - raft.server.retrycache.statistics.expirytime = 100μs (default)
2022-06-20 14:46:05,771 [pool-2-thread-1] INFO  server.RaftServerConfigKeys (ConfUtils.java:logGet(46)) - raft.server.retrycache.expirytime = 60s (default)
2022-06-20 14:46:05,771 [pool-2-thread-1] INFO  server.RaftServerConfigKeys (ConfUtils.java:logGet(46)) - raft.server.retrycache.statistics.expirytime = 100μs (default)
2022-06-20 14:46:05,771 [pool-3-thread-1] INFO  server.RaftServerConfigKeys (ConfUtils.java:logGet(46)) - raft.server.retrycache.expirytime = 60s (default)
2022-06-20 14:46:05,771 [pool-3-thread-1] INFO  server.RaftServerConfigKeys (ConfUtils.java:logGet(46)) - raft.server.retrycache.statistics.expirytime = 100μs (default)
2022-06-20 14:46:05,788 [pool-2-thread-1] INFO  server.RaftServerConfigKeys (ConfUtils.java:logGet(46)) - raft.server.log.appender.install.snapshot.enabled = true (default)
2022-06-20 14:46:05,788 [pool-2-thread-1] INFO  server.RaftServerConfigKeys (ConfUtils.java:logGet(46)) - raft.server.threadpool.server.cached = true (default)
2022-06-20 14:46:05,788 [pool-2-thread-1] INFO  server.RaftServerConfigKeys (ConfUtils.java:logGet(46)) - raft.server.threadpool.server.size = 0 (default)
2022-06-20 14:46:05,789 [pool-2-thread-1] INFO  server.RaftServerConfigKeys (ConfUtils.java:logGet(46)) - raft.server.threadpool.client.cached = true (default)
2022-06-20 14:46:05,789 [pool-2-thread-1] INFO  server.RaftServerConfigKeys (ConfUtils.java:logGet(46)) - raft.server.threadpool.client.size = 0 (default)
2022-06-20 14:46:05,790 [pool-1-thread-1] INFO  server.RaftServerConfigKeys (ConfUtils.java:logGet(46)) - raft.server.log.appender.install.snapshot.enabled = true (default)
2022-06-20 14:46:05,790 [pool-1-thread-1] INFO  server.RaftServerConfigKeys (ConfUtils.java:logGet(46)) - raft.server.threadpool.server.cached = true (default)
2022-06-20 14:46:05,790 [pool-1-thread-1] INFO  server.RaftServerConfigKeys (ConfUtils.java:logGet(46)) - raft.server.threadpool.server.size = 0 (default)
2022-06-20 14:46:05,790 [pool-1-thread-1] INFO  server.RaftServerConfigKeys (ConfUtils.java:logGet(46)) - raft.server.threadpool.client.cached = true (default)
2022-06-20 14:46:05,790 [pool-1-thread-1] INFO  server.RaftServerConfigKeys (ConfUtils.java:logGet(46)) - raft.server.threadpool.client.size = 0 (default)
2022-06-20 14:46:05,791 [s0-impl-thread1] INFO  server.RaftServer$Division (RaftServerImpl.java:start(310)) - s0@group-DC99044563B7: start as a follower, conf=-1: [s0|rpc:localhost:45701|admin:localhost:41561|client:localhost:45665|dataStream:localhost:42355|priority:0, s1|rpc:localhost:34781|admin:localhost:40917|client:localhost:44781|dataStream:localhost:45713|priority:0, s2|rpc:localhost:33903|admin:localhost:40375|client:localhost:42615|dataStream:localhost:36099|priority:0], old=null
2022-06-20 14:46:05,791 [s0-impl-thread1] INFO  server.RaftServer$Division (RaftServerImpl.java:setRole(299)) - s0@group-DC99044563B7: changes role from      null to FOLLOWER at term 0 for startAsFollower
2022-06-20 14:46:05,792 [s0-impl-thread1] INFO  impl.RoleInfo (RoleInfo.java:updateAndGet(139)) - s0: start s0@group-DC99044563B7-FollowerState
2022-06-20 14:46:05,793 [pool-3-thread-1] INFO  server.RaftServerConfigKeys (ConfUtils.java:logGet(46)) - raft.server.log.appender.install.snapshot.enabled = true (default)
2022-06-20 14:46:05,793 [pool-3-thread-1] INFO  server.RaftServerConfigKeys (ConfUtils.java:logGet(46)) - raft.server.threadpool.server.cached = true (default)
2022-06-20 14:46:05,793 [pool-3-thread-1] INFO  server.RaftServerConfigKeys (ConfUtils.java:logGet(46)) - raft.server.threadpool.server.size = 0 (default)
2022-06-20 14:46:05,793 [pool-3-thread-1] INFO  server.RaftServerConfigKeys (ConfUtils.java:logGet(46)) - raft.server.threadpool.client.cached = true (default)
2022-06-20 14:46:05,793 [pool-3-thread-1] INFO  server.RaftServerConfigKeys (ConfUtils.java:logGet(46)) - raft.server.threadpool.client.size = 0 (default)
2022-06-20 14:46:05,794 [s0-impl-thread1] INFO  util.JmxRegister (JmxRegister.java:tryRegister(44)) - Successfully registered JMX Bean with object name Ratis:service=RaftServer,group=group-DC99044563B7,id=s0
2022-06-20 14:46:05,796 [Time-limited test] INFO  server.RaftServer (RaftServerProxy.java:lambda$start$6(382)) - s0: start RPC server
2022-06-20 14:46:05,831 [Time-limited test] INFO  server.GrpcService (GrpcService.java:startImpl(260)) - s0: GrpcService started, listening on 45701
2022-06-20 14:46:05,832 [Time-limited test] INFO  server.GrpcService (GrpcService.java:startImpl(260)) - s0: GrpcService started, listening on 41561
2022-06-20 14:46:05,832 [Time-limited test] INFO  server.GrpcService (GrpcService.java:startImpl(260)) - s0: GrpcService started, listening on 45665
2022-06-20 14:46:05,835 [s1-impl-thread1] INFO  server.RaftServer$Division (RaftServerImpl.java:start(310)) - s1@group-DC99044563B7: start as a follower, conf=-1: [s0|rpc:localhost:45701|admin:localhost:41561|client:localhost:45665|dataStream:localhost:42355|priority:0, s1|rpc:localhost:34781|admin:localhost:40917|client:localhost:44781|dataStream:localhost:45713|priority:0, s2|rpc:localhost:33903|admin:localhost:40375|client:localhost:42615|dataStream:localhost:36099|priority:0], old=null
2022-06-20 14:46:05,835 [s1-impl-thread1] INFO  server.RaftServer$Division (RaftServerImpl.java:setRole(299)) - s1@group-DC99044563B7: changes role from      null to FOLLOWER at term 0 for startAsFollower
2022-06-20 14:46:05,835 [s1-impl-thread1] INFO  impl.RoleInfo (RoleInfo.java:updateAndGet(139)) - s1: start s1@group-DC99044563B7-FollowerState
2022-06-20 14:46:05,835 [org.apache.ratis.util.JvmPauseMonitor$$Lambda$286/973387599@7e1ddcee] INFO  util.JvmPauseMonitor (JvmPauseMonitor.java:run(103)) - JvmPauseMonitor-s0: Started
2022-06-20 14:46:05,838 [s1-impl-thread1] INFO  util.JmxRegister (JmxRegister.java:tryRegister(44)) - Successfully registered JMX Bean with object name Ratis:service=RaftServer,group=group-DC99044563B7,id=s1
2022-06-20 14:46:05,839 [Time-limited test] INFO  server.RaftServer (RaftServerProxy.java:lambda$start$6(382)) - s1: start RPC server
2022-06-20 14:46:05,840 [Time-limited test] INFO  server.GrpcService (GrpcService.java:startImpl(260)) - s1: GrpcService started, listening on 34781
2022-06-20 14:46:05,841 [Time-limited test] INFO  server.GrpcService (GrpcService.java:startImpl(260)) - s1: GrpcService started, listening on 40917
2022-06-20 14:46:05,843 [Time-limited test] INFO  server.GrpcService (GrpcService.java:startImpl(260)) - s1: GrpcService started, listening on 44781
2022-06-20 14:46:05,844 [s2-impl-thread1] INFO  server.RaftServer$Division (RaftServerImpl.java:start(310)) - s2@group-DC99044563B7: start as a follower, conf=-1: [s0|rpc:localhost:45701|admin:localhost:41561|client:localhost:45665|dataStream:localhost:42355|priority:0, s1|rpc:localhost:34781|admin:localhost:40917|client:localhost:44781|dataStream:localhost:45713|priority:0, s2|rpc:localhost:33903|admin:localhost:40375|client:localhost:42615|dataStream:localhost:36099|priority:0], old=null
2022-06-20 14:46:05,844 [s2-impl-thread1] INFO  server.RaftServer$Division (RaftServerImpl.java:setRole(299)) - s2@group-DC99044563B7: changes role from      null to FOLLOWER at term 0 for startAsFollower
2022-06-20 14:46:05,844 [s2-impl-thread1] INFO  impl.RoleInfo (RoleInfo.java:updateAndGet(139)) - s2: start s2@group-DC99044563B7-FollowerState
2022-06-20 14:46:05,845 [org.apache.ratis.util.JvmPauseMonitor$$Lambda$286/973387599@219a3f20] INFO  util.JvmPauseMonitor (JvmPauseMonitor.java:run(103)) - JvmPauseMonitor-s1: Started
2022-06-20 14:46:05,845 [s2-impl-thread1] INFO  util.JmxRegister (JmxRegister.java:tryRegister(44)) - Successfully registered JMX Bean with object name Ratis:service=RaftServer,group=group-DC99044563B7,id=s2
2022-06-20 14:46:05,846 [Time-limited test] INFO  server.RaftServer (RaftServerProxy.java:lambda$start$6(382)) - s2: start RPC server
2022-06-20 14:46:05,847 [Time-limited test] INFO  server.GrpcService (GrpcService.java:startImpl(260)) - s2: GrpcService started, listening on 33903
2022-06-20 14:46:05,847 [Time-limited test] INFO  server.GrpcService (GrpcService.java:startImpl(260)) - s2: GrpcService started, listening on 40375
2022-06-20 14:46:05,848 [Time-limited test] INFO  server.GrpcService (GrpcService.java:startImpl(260)) - s2: GrpcService started, listening on 42615
2022-06-20 14:46:05,849 [org.apache.ratis.util.JvmPauseMonitor$$Lambda$286/973387599@31706d51] INFO  util.JvmPauseMonitor (JvmPauseMonitor.java:run(103)) - JvmPauseMonitor-s2: Started
2022-06-20 14:46:05,850 [Time-limited test] INFO  server.RaftServerConfigKeys (ConfUtils.java:logGet(46)) - raft.server.rpc.timeout.max = 300ms (default)
2022-06-20 14:46:05,852 [Time-limited test] INFO  ratis.RaftTestUtil (RaftTestUtil.java:waitForLeader(100)) - printing ALL groups
  s0:  RUNNING  FOLLOWER s0@group-DC99044563B7:t0, leader=null, voted=, raftlog=s0@group-DC99044563B7-SegmentedRaftLog:OPENED:c-1, conf=-1: [s0|rpc:localhost:45701|admin:localhost:41561|client:localhost:45665|dataStream:localhost:42355|priority:0, s1|rpc:localhost:34781|admin:localhost:40917|client:localhost:44781|dataStream:localhost:45713|priority:0, s2|rpc:localhost:33903|admin:localhost:40375|client:localhost:42615|dataStream:localhost:36099|priority:0], old=null RUNNING
  s1:  RUNNING  FOLLOWER s1@group-DC99044563B7:t0, leader=null, voted=, raftlog=s1@group-DC99044563B7-SegmentedRaftLog:OPENED:c-1, conf=-1: [s0|rpc:localhost:45701|admin:localhost:41561|client:localhost:45665|dataStream:localhost:42355|priority:0, s1|rpc:localhost:34781|admin:localhost:40917|client:localhost:44781|dataStream:localhost:45713|priority:0, s2|rpc:localhost:33903|admin:localhost:40375|client:localhost:42615|dataStream:localhost:36099|priority:0], old=null RUNNING
  s2:  RUNNING  FOLLOWER s2@group-DC99044563B7:t0, leader=null, voted=, raftlog=s2@group-DC99044563B7-SegmentedRaftLog:OPENED:c-1, conf=-1: [s0|rpc:localhost:45701|admin:localhost:41561|client:localhost:45665|dataStream:localhost:42355|priority:0, s1|rpc:localhost:34781|admin:localhost:40917|client:localhost:44781|dataStream:localhost:45713|priority:0, s2|rpc:localhost:33903|admin:localhost:40375|client:localhost:42615|dataStream:localhost:36099|priority:0], old=null RUNNING
2022-06-20 14:46:05,855 [Time-limited test] WARN  ratis.RaftTestUtil (JavaUtils.java:attempt(172)) - FAILED "waitForLeader-null-(expectLeader? true)", attempt #1/100: java.lang.IllegalStateException: No leader yet : printing ALL groups
  s0:  RUNNING  FOLLOWER s0@group-DC99044563B7:t0, leader=null, voted=, raftlog=s0@group-DC99044563B7-SegmentedRaftLog:OPENED:c-1, conf=-1: [s0|rpc:localhost:45701|admin:localhost:41561|client:localhost:45665|dataStream:localhost:42355|priority:0, s1|rpc:localhost:34781|admin:localhost:40917|client:localhost:44781|dataStream:localhost:45713|priority:0, s2|rpc:localhost:33903|admin:localhost:40375|client:localhost:42615|dataStream:localhost:36099|priority:0], old=null RUNNING
  s1:  RUNNING  FOLLOWER s1@group-DC99044563B7:t0, leader=null, voted=, raftlog=s1@group-DC99044563B7-SegmentedRaftLog:OPENED:c-1, conf=-1: [s0|rpc:localhost:45701|admin:localhost:41561|client:localhost:45665|dataStream:localhost:42355|priority:0, s1|rpc:localhost:34781|admin:localhost:40917|client:localhost:44781|dataStream:localhost:45713|priority:0, s2|rpc:localhost:33903|admin:localhost:40375|client:localhost:42615|dataStream:localhost:36099|priority:0], old=null RUNNING
  s2:  RUNNING  FOLLOWER s2@group-DC99044563B7:t0, leader=null, voted=, raftlog=s2@group-DC99044563B7-SegmentedRaftLog:OPENED:c-1, conf=-1: [s0|rpc:localhost:45701|admin:localhost:41561|client:localhost:45665|dataStream:localhost:42355|priority:0, s1|rpc:localhost:34781|admin:localhost:40917|client:localhost:44781|dataStream:localhost:45713|priority:0, s2|rpc:localhost:33903|admin:localhost:40375|client:localhost:42615|dataStream:localhost:36099|priority:0], old=null RUNNING, sleep 450ms and then retry.
java.lang.IllegalStateException: No leader yet : printing ALL groups
  s0:  RUNNING  FOLLOWER s0@group-DC99044563B7:t0, leader=null, voted=, raftlog=s0@group-DC99044563B7-SegmentedRaftLog:OPENED:c-1, conf=-1: [s0|rpc:localhost:45701|admin:localhost:41561|client:localhost:45665|dataStream:localhost:42355|priority:0, s1|rpc:localhost:34781|admin:localhost:40917|client:localhost:44781|dataStream:localhost:45713|priority:0, s2|rpc:localhost:33903|admin:localhost:40375|client:localhost:42615|dataStream:localhost:36099|priority:0], old=null RUNNING
  s1:  RUNNING  FOLLOWER s1@group-DC99044563B7:t0, leader=null, voted=, raftlog=s1@group-DC99044563B7-SegmentedRaftLog:OPENED:c-1, conf=-1: [s0|rpc:localhost:45701|admin:localhost:41561|client:localhost:45665|dataStream:localhost:42355|priority:0, s1|rpc:localhost:34781|admin:localhost:40917|client:localhost:44781|dataStream:localhost:45713|priority:0, s2|rpc:localhost:33903|admin:localhost:40375|client:localhost:42615|dataStream:localhost:36099|priority:0], old=null RUNNING
  s2:  RUNNING  FOLLOWER s2@group-DC99044563B7:t0, leader=null, voted=, raftlog=s2@group-DC99044563B7-SegmentedRaftLog:OPENED:c-1, conf=-1: [s0|rpc:localhost:45701|admin:localhost:41561|client:localhost:45665|dataStream:localhost:42355|priority:0, s1|rpc:localhost:34781|admin:localhost:40917|client:localhost:44781|dataStream:localhost:45713|priority:0, s2|rpc:localhost:33903|admin:localhost:40375|client:localhost:42615|dataStream:localhost:36099|priority:0], old=null RUNNING
	at org.apache.ratis.server.impl.MiniRaftCluster.newIllegalStateExceptionForNoLeaders(MiniRaftCluster.java:533)
	at org.apache.ratis.RaftTestUtil.lambda$waitForLeader$1(RaftTestUtil.java:104)
	at org.apache.ratis.server.impl.MiniRaftCluster.getLeader(MiniRaftCluster.java:567)
	at org.apache.ratis.server.impl.MiniRaftCluster.getLeader(MiniRaftCluster.java:560)
	at org.apache.ratis.RaftTestUtil.lambda$waitForLeader$3(RaftTestUtil.java:112)
	at org.apache.ratis.util.JavaUtils.attempt(JavaUtils.java:166)
	at org.apache.ratis.util.JavaUtils.attemptRepeatedly(JavaUtils.java:152)
	at org.apache.ratis.RaftTestUtil.waitForLeader(RaftTestUtil.java:111)
	at org.apache.ratis.RaftTestUtil.waitForLeader(RaftTestUtil.java:92)
	at org.apache.ratis.RaftTestUtil.waitForLeader(RaftTestUtil.java:87)
	at org.apache.ratis.grpc.TestRaftServerWithGrpc.testRaftClientRequestMetrics(TestRaftServerWithGrpc.java:304)
	at org.apache.ratis.server.impl.MiniRaftCluster$Factory$Get.runWithNewCluster(MiniRaftCluster.java:125)
	at org.apache.ratis.server.impl.MiniRaftCluster$Factory$Get.runWithNewCluster(MiniRaftCluster.java:113)
	at org.apache.ratis.grpc.TestRaftServerWithGrpc.testRaftClientMetrics(TestRaftServerWithGrpc.java:209)
	at sun.reflect.NativeMethodAccessorImpl.invoke0(Native Method)
	at sun.reflect.NativeMethodAccessorImpl.invoke(NativeMethodAccessorImpl.java:62)
	at sun.reflect.DelegatingMethodAccessorImpl.invoke(DelegatingMethodAccessorImpl.java:43)
	at java.lang.reflect.Method.invoke(Method.java:498)
	at org.junit.runners.model.FrameworkMethod$1.runReflectiveCall(FrameworkMethod.java:59)
	at org.junit.internal.runners.model.ReflectiveCallable.run(ReflectiveCallable.java:12)
	at org.junit.runners.model.FrameworkMethod.invokeExplosively(FrameworkMethod.java:56)
	at org.junit.internal.runners.statements.InvokeMethod.evaluate(InvokeMethod.java:17)
	at org.junit.internal.runners.statements.RunBefores.evaluate(RunBefores.java:26)
	at org.junit.internal.runners.statements.RunAfters.evaluate(RunAfters.java:27)
	at org.junit.internal.runners.statements.FailOnTimeout$CallableStatement.call(FailOnTimeout.java:299)
	at org.junit.internal.runners.statements.FailOnTimeout$CallableStatement.call(FailOnTimeout.java:293)
	at java.util.concurrent.FutureTask.run(FutureTask.java:266)
	at java.lang.Thread.run(Thread.java:750)
2022-06-20 14:46:05,988 [s0@group-DC99044563B7-FollowerState] INFO  impl.FollowerState (FollowerState.java:run(143)) - s0@group-DC99044563B7-FollowerState: change to CANDIDATE, lastRpcElapsedTime:196581763ns, electionTimeout:191ms
2022-06-20 14:46:05,989 [s0@group-DC99044563B7-FollowerState] INFO  impl.RoleInfo (RoleInfo.java:shutdownFollowerState(110)) - s0: shutdown s0@group-DC99044563B7-FollowerState
2022-06-20 14:46:05,990 [s0@group-DC99044563B7-FollowerState] INFO  server.RaftServer$Division (RaftServerImpl.java:setRole(299)) - s0@group-DC99044563B7: changes role from  FOLLOWER to CANDIDATE at term 0 for changeToCandidate
2022-06-20 14:46:05,992 [s0@group-DC99044563B7-FollowerState] INFO  server.RaftServerConfigKeys (ConfUtils.java:logGet(46)) - raft.server.leaderelection.pre-vote = true (default)
2022-06-20 14:46:05,992 [s0@group-DC99044563B7-FollowerState] INFO  impl.RoleInfo (RoleInfo.java:updateAndGet(139)) - s0: start s0@group-DC99044563B7-LeaderElection1
2022-06-20 14:46:05,994 [s0@group-DC99044563B7-LeaderElection1] INFO  impl.LeaderElection (LeaderElection.java:askForVotes(310)) - s0@group-DC99044563B7-LeaderElection1 PRE_VOTE round 0: submit vote requests at term 0 for -1: [s0|rpc:localhost:45701|admin:localhost:41561|client:localhost:45665|dataStream:localhost:42355|priority:0, s1|rpc:localhost:34781|admin:localhost:40917|client:localhost:44781|dataStream:localhost:45713|priority:0, s2|rpc:localhost:33903|admin:localhost:40375|client:localhost:42615|dataStream:localhost:36099|priority:0], old=null
2022-06-20 14:46:06,044 [s1@group-DC99044563B7-FollowerState] INFO  impl.FollowerState (FollowerState.java:run(143)) - s1@group-DC99044563B7-FollowerState: change to CANDIDATE, lastRpcElapsedTime:208912067ns, electionTimeout:186ms
2022-06-20 14:46:06,044 [s1@group-DC99044563B7-FollowerState] INFO  impl.RoleInfo (RoleInfo.java:shutdownFollowerState(110)) - s1: shutdown s1@group-DC99044563B7-FollowerState
2022-06-20 14:46:06,044 [s1@group-DC99044563B7-FollowerState] INFO  server.RaftServer$Division (RaftServerImpl.java:setRole(299)) - s1@group-DC99044563B7: changes role from  FOLLOWER to CANDIDATE at term 0 for changeToCandidate
2022-06-20 14:46:06,044 [s1@group-DC99044563B7-FollowerState] INFO  server.RaftServerConfigKeys (ConfUtils.java:logGet(46)) - raft.server.leaderelection.pre-vote = true (default)
2022-06-20 14:46:06,045 [s1@group-DC99044563B7-FollowerState] INFO  impl.RoleInfo (RoleInfo.java:updateAndGet(139)) - s1: start s1@group-DC99044563B7-LeaderElection2
2022-06-20 14:46:06,052 [s1@group-DC99044563B7-LeaderElection2] INFO  impl.LeaderElection (LeaderElection.java:askForVotes(310)) - s1@group-DC99044563B7-LeaderElection2 PRE_VOTE round 0: submit vote requests at term 0 for -1: [s0|rpc:localhost:45701|admin:localhost:41561|client:localhost:45665|dataStream:localhost:42355|priority:0, s1|rpc:localhost:34781|admin:localhost:40917|client:localhost:44781|dataStream:localhost:45713|priority:0, s2|rpc:localhost:33903|admin:localhost:40375|client:localhost:42615|dataStream:localhost:36099|priority:0], old=null
2022-06-20 14:46:06,052 [s2@group-DC99044563B7-FollowerState] INFO  impl.FollowerState (FollowerState.java:run(143)) - s2@group-DC99044563B7-FollowerState: change to CANDIDATE, lastRpcElapsedTime:208276361ns, electionTimeout:206ms
2022-06-20 14:46:06,055 [s2@group-DC99044563B7-FollowerState] INFO  impl.RoleInfo (RoleInfo.java:shutdownFollowerState(110)) - s2: shutdown s2@group-DC99044563B7-FollowerState
2022-06-20 14:46:06,055 [s2@group-DC99044563B7-FollowerState] INFO  server.RaftServer$Division (RaftServerImpl.java:setRole(299)) - s2@group-DC99044563B7: changes role from  FOLLOWER to CANDIDATE at term 0 for changeToCandidate
2022-06-20 14:46:06,063 [s2@group-DC99044563B7-FollowerState] INFO  server.RaftServerConfigKeys (ConfUtils.java:logGet(46)) - raft.server.leaderelection.pre-vote = true (default)
2022-06-20 14:46:06,063 [s2@group-DC99044563B7-FollowerState] INFO  impl.RoleInfo (RoleInfo.java:updateAndGet(139)) - s2: start s2@group-DC99044563B7-LeaderElection3
2022-06-20 14:46:06,088 [s2@group-DC99044563B7-LeaderElection3] INFO  impl.LeaderElection (LeaderElection.java:askForVotes(310)) - s2@group-DC99044563B7-LeaderElection3 PRE_VOTE round 0: submit vote requests at term 0 for -1: [s0|rpc:localhost:45701|admin:localhost:41561|client:localhost:45665|dataStream:localhost:42355|priority:0, s1|rpc:localhost:34781|admin:localhost:40917|client:localhost:44781|dataStream:localhost:45713|priority:0, s2|rpc:localhost:33903|admin:localhost:40375|client:localhost:42615|dataStream:localhost:36099|priority:0], old=null
2022-06-20 14:46:06,280 [s0@group-DC99044563B7-LeaderElection1] INFO  impl.LeaderElection (LeaderElection.java:logAndReturn(90)) - s0@group-DC99044563B7-LeaderElection1: PRE_VOTE TIMEOUT received 0 response(s) and 0 exception(s):
2022-06-20 14:46:06,280 [s0@group-DC99044563B7-LeaderElection1] INFO  impl.LeaderElection (LeaderElection.java:askForVotes(312)) - s0@group-DC99044563B7-LeaderElection1 PRE_VOTE round 0: result TIMEOUT
2022-06-20 14:46:06,281 [s0@group-DC99044563B7-LeaderElection1] INFO  impl.LeaderElection (LeaderElection.java:askForVotes(310)) - s0@group-DC99044563B7-LeaderElection1 PRE_VOTE round 1: submit vote requests at term 0 for -1: [s0|rpc:localhost:45701|admin:localhost:41561|client:localhost:45665|dataStream:localhost:42355|priority:0, s1|rpc:localhost:34781|admin:localhost:40917|client:localhost:44781|dataStream:localhost:45713|priority:0, s2|rpc:localhost:33903|admin:localhost:40375|client:localhost:42615|dataStream:localhost:36099|priority:0], old=null
2022-06-20 14:46:06,307 [Time-limited test] WARN  ratis.RaftTestUtil (JavaUtils.java:attempt(172)) - FAILED "waitForLeader-null-(expectLeader? true)", attempt #2/100: java.lang.IllegalStateException: No leader yet : printing ALL groups
  s0:  RUNNING CANDIDATE s0@group-DC99044563B7:t0, leader=null, voted=, raftlog=s0@group-DC99044563B7-SegmentedRaftLog:OPENED:c-1, conf=-1: [s0|rpc:localhost:45701|admin:localhost:41561|client:localhost:45665|dataStream:localhost:42355|priority:0, s1|rpc:localhost:34781|admin:localhost:40917|client:localhost:44781|dataStream:localhost:45713|priority:0, s2|rpc:localhost:33903|admin:localhost:40375|client:localhost:42615|dataStream:localhost:36099|priority:0], old=null RUNNING
  s1:  RUNNING CANDIDATE s1@group-DC99044563B7:t0, leader=null, voted=, raftlog=s1@group-DC99044563B7-SegmentedRaftLog:OPENED:c-1, conf=-1: [s0|rpc:localhost:45701|admin:localhost:41561|client:localhost:45665|dataStream:localhost:42355|priority:0, s1|rpc:localhost:34781|admin:localhost:40917|client:localhost:44781|dataStream:localhost:45713|priority:0, s2|rpc:localhost:33903|admin:localhost:40375|client:localhost:42615|dataStream:localhost:36099|priority:0], old=null RUNNING
  s2:  RUNNING CANDIDATE s2@group-DC99044563B7:t0, leader=null, voted=, raftlog=s2@group-DC99044563B7-SegmentedRaftLog:OPENED:c-1, conf=-1: [s0|rpc:localhost:45701|admin:localhost:41561|client:localhost:45665|dataStream:localhost:42355|priority:0, s1|rpc:localhost:34781|admin:localhost:40917|client:localhost:44781|dataStream:localhost:45713|priority:0, s2|rpc:localhost:33903|admin:localhost:40375|client:localhost:42615|dataStream:localhost:36099|priority:0], old=null RUNNING, sleep 450ms and then retry.
java.lang.IllegalStateException: No leader yet : printing ALL groups
  s0:  RUNNING CANDIDATE s0@group-DC99044563B7:t0, leader=null, voted=, raftlog=s0@group-DC99044563B7-SegmentedRaftLog:OPENED:c-1, conf=-1: [s0|rpc:localhost:45701|admin:localhost:41561|client:localhost:45665|dataStream:localhost:42355|priority:0, s1|rpc:localhost:34781|admin:localhost:40917|client:localhost:44781|dataStream:localhost:45713|priority:0, s2|rpc:localhost:33903|admin:localhost:40375|client:localhost:42615|dataStream:localhost:36099|priority:0], old=null RUNNING
  s1:  RUNNING CANDIDATE s1@group-DC99044563B7:t0, leader=null, voted=, raftlog=s1@group-DC99044563B7-SegmentedRaftLog:OPENED:c-1, conf=-1: [s0|rpc:localhost:45701|admin:localhost:41561|client:localhost:45665|dataStream:localhost:42355|priority:0, s1|rpc:localhost:34781|admin:localhost:40917|client:localhost:44781|dataStream:localhost:45713|priority:0, s2|rpc:localhost:33903|admin:localhost:40375|client:localhost:42615|dataStream:localhost:36099|priority:0], old=null RUNNING
  s2:  RUNNING CANDIDATE s2@group-DC99044563B7:t0, leader=null, voted=, raftlog=s2@group-DC99044563B7-SegmentedRaftLog:OPENED:c-1, conf=-1: [s0|rpc:localhost:45701|admin:localhost:41561|client:localhost:45665|dataStream:localhost:42355|priority:0, s1|rpc:localhost:34781|admin:localhost:40917|client:localhost:44781|dataStream:localhost:45713|priority:0, s2|rpc:localhost:33903|admin:localhost:40375|client:localhost:42615|dataStream:localhost:36099|priority:0], old=null RUNNING
	at org.apache.ratis.server.impl.MiniRaftCluster.newIllegalStateExceptionForNoLeaders(MiniRaftCluster.java:533)
	at org.apache.ratis.RaftTestUtil.lambda$waitForLeader$1(RaftTestUtil.java:104)
	at org.apache.ratis.server.impl.MiniRaftCluster.getLeader(MiniRaftCluster.java:567)
	at org.apache.ratis.server.impl.MiniRaftCluster.getLeader(MiniRaftCluster.java:560)
	at org.apache.ratis.RaftTestUtil.lambda$waitForLeader$3(RaftTestUtil.java:112)
	at org.apache.ratis.util.JavaUtils.attempt(JavaUtils.java:166)
	at org.apache.ratis.util.JavaUtils.attemptRepeatedly(JavaUtils.java:152)
	at org.apache.ratis.RaftTestUtil.waitForLeader(RaftTestUtil.java:111)
	at org.apache.ratis.RaftTestUtil.waitForLeader(RaftTestUtil.java:92)
	at org.apache.ratis.RaftTestUtil.waitForLeader(RaftTestUtil.java:87)
	at org.apache.ratis.grpc.TestRaftServerWithGrpc.testRaftClientRequestMetrics(TestRaftServerWithGrpc.java:304)
	at org.apache.ratis.server.impl.MiniRaftCluster$Factory$Get.runWithNewCluster(MiniRaftCluster.java:125)
	at org.apache.ratis.server.impl.MiniRaftCluster$Factory$Get.runWithNewCluster(MiniRaftCluster.java:113)
	at org.apache.ratis.grpc.TestRaftServerWithGrpc.testRaftClientMetrics(TestRaftServerWithGrpc.java:209)
	at sun.reflect.NativeMethodAccessorImpl.invoke0(Native Method)
	at sun.reflect.NativeMethodAccessorImpl.invoke(NativeMethodAccessorImpl.java:62)
	at sun.reflect.DelegatingMethodAccessorImpl.invoke(DelegatingMethodAccessorImpl.java:43)
	at java.lang.reflect.Method.invoke(Method.java:498)
	at org.junit.runners.model.FrameworkMethod$1.runReflectiveCall(FrameworkMethod.java:59)
	at org.junit.internal.runners.model.ReflectiveCallable.run(ReflectiveCallable.java:12)
	at org.junit.runners.model.FrameworkMethod.invokeExplosively(FrameworkMethod.java:56)
	at org.junit.internal.runners.statements.InvokeMethod.evaluate(InvokeMethod.java:17)
	at org.junit.internal.runners.statements.RunBefores.evaluate(RunBefores.java:26)
	at org.junit.internal.runners.statements.RunAfters.evaluate(RunAfters.java:27)
	at org.junit.internal.runners.statements.FailOnTimeout$CallableStatement.call(FailOnTimeout.java:299)
	at org.junit.internal.runners.statements.FailOnTimeout$CallableStatement.call(FailOnTimeout.java:293)
	at java.util.concurrent.FutureTask.run(FutureTask.java:266)
	at java.lang.Thread.run(Thread.java:750)
2022-06-20 14:46:06,331 [grpc-default-executor-2] INFO  server.RaftServer$Division (RaftServerImpl.java:requestVote(1152)) - s1@group-DC99044563B7: receive requestVote(PRE_VOTE, s0, group-DC99044563B7, 0, (t:0, i:0))
2022-06-20 14:46:06,331 [grpc-default-executor-0] INFO  server.RaftServer$Division (RaftServerImpl.java:requestVote(1152)) - s0@group-DC99044563B7: receive requestVote(PRE_VOTE, s2, group-DC99044563B7, 0, (t:0, i:0))
2022-06-20 14:46:06,332 [grpc-default-executor-0] INFO  impl.VoteContext (VoteContext.java:log(48)) - s0@group-DC99044563B7-CANDIDATE: accept PRE_VOTE from s2: our priority 0 <= candidate's priority 0
2022-06-20 14:46:06,335 [grpc-default-executor-1] INFO  server.RaftServer$Division (RaftServerImpl.java:requestVote(1152)) - s2@group-DC99044563B7: receive requestVote(PRE_VOTE, s1, group-DC99044563B7, 0, (t:0, i:0))
2022-06-20 14:46:06,335 [grpc-default-executor-1] INFO  impl.VoteContext (VoteContext.java:log(48)) - s2@group-DC99044563B7-CANDIDATE: accept PRE_VOTE from s1: our priority 0 <= candidate's priority 0
2022-06-20 14:46:06,337 [grpc-default-executor-1] INFO  server.RaftServer$Division (RaftServerImpl.java:requestVote(1184)) - s2@group-DC99044563B7 replies to PRE_VOTE vote request: s1<-s2#0:OK-t0. Peer's state: s2@group-DC99044563B7:t0, leader=null, voted=, raftlog=s2@group-DC99044563B7-SegmentedRaftLog:OPENED:c-1, conf=-1: [s0|rpc:localhost:45701|admin:localhost:41561|client:localhost:45665|dataStream:localhost:42355|priority:0, s1|rpc:localhost:34781|admin:localhost:40917|client:localhost:44781|dataStream:localhost:45713|priority:0, s2|rpc:localhost:33903|admin:localhost:40375|client:localhost:42615|dataStream:localhost:36099|priority:0], old=null
2022-06-20 14:46:06,331 [grpc-default-executor-4] INFO  server.RaftServer$Division (RaftServerImpl.java:requestVote(1152)) - s1@group-DC99044563B7: receive requestVote(PRE_VOTE, s0, group-DC99044563B7, 0, (t:0, i:0))
2022-06-20 14:46:06,337 [grpc-default-executor-2] INFO  impl.VoteContext (VoteContext.java:log(48)) - s1@group-DC99044563B7-CANDIDATE: accept PRE_VOTE from s0: our priority 0 <= candidate's priority 0
2022-06-20 14:46:06,338 [grpc-default-executor-2] INFO  server.RaftServer$Division (RaftServerImpl.java:requestVote(1184)) - s1@group-DC99044563B7 replies to PRE_VOTE vote request: s0<-s1#0:OK-t0. Peer's state: s1@group-DC99044563B7:t0, leader=null, voted=, raftlog=s1@group-DC99044563B7-SegmentedRaftLog:OPENED:c-1, conf=-1: [s0|rpc:localhost:45701|admin:localhost:41561|client:localhost:45665|dataStream:localhost:42355|priority:0, s1|rpc:localhost:34781|admin:localhost:40917|client:localhost:44781|dataStream:localhost:45713|priority:0, s2|rpc:localhost:33903|admin:localhost:40375|client:localhost:42615|dataStream:localhost:36099|priority:0], old=null
2022-06-20 14:46:06,338 [grpc-default-executor-4] INFO  impl.VoteContext (VoteContext.java:log(48)) - s1@group-DC99044563B7-CANDIDATE: accept PRE_VOTE from s0: our priority 0 <= candidate's priority 0
2022-06-20 14:46:06,338 [grpc-default-executor-4] INFO  server.RaftServer$Division (RaftServerImpl.java:requestVote(1184)) - s1@group-DC99044563B7 replies to PRE_VOTE vote request: s0<-s1#0:OK-t0. Peer's state: s1@group-DC99044563B7:t0, leader=null, voted=, raftlog=s1@group-DC99044563B7-SegmentedRaftLog:OPENED:c-1, conf=-1: [s0|rpc:localhost:45701|admin:localhost:41561|client:localhost:45665|dataStream:localhost:42355|priority:0, s1|rpc:localhost:34781|admin:localhost:40917|client:localhost:44781|dataStream:localhost:45713|priority:0, s2|rpc:localhost:33903|admin:localhost:40375|client:localhost:42615|dataStream:localhost:36099|priority:0], old=null
2022-06-20 14:46:06,337 [grpc-default-executor-0] INFO  server.RaftServer$Division (RaftServerImpl.java:requestVote(1184)) - s0@group-DC99044563B7 replies to PRE_VOTE vote request: s2<-s0#0:OK-t0. Peer's state: s0@group-DC99044563B7:t0, leader=null, voted=, raftlog=s0@group-DC99044563B7-SegmentedRaftLog:OPENED:c-1, conf=-1: [s0|rpc:localhost:45701|admin:localhost:41561|client:localhost:45665|dataStream:localhost:42355|priority:0, s1|rpc:localhost:34781|admin:localhost:40917|client:localhost:44781|dataStream:localhost:45713|priority:0, s2|rpc:localhost:33903|admin:localhost:40375|client:localhost:42615|dataStream:localhost:36099|priority:0], old=null
2022-06-20 14:46:06,340 [grpc-default-executor-2] INFO  server.RaftServer$Division (RaftServerImpl.java:requestVote(1152)) - s2@group-DC99044563B7: receive requestVote(PRE_VOTE, s0, group-DC99044563B7, 0, (t:0, i:0))
2022-06-20 14:46:06,340 [grpc-default-executor-2] INFO  impl.VoteContext (VoteContext.java:log(48)) - s2@group-DC99044563B7-CANDIDATE: accept PRE_VOTE from s0: our priority 0 <= candidate's priority 0
2022-06-20 14:46:06,340 [grpc-default-executor-2] INFO  server.RaftServer$Division (RaftServerImpl.java:requestVote(1184)) - s2@group-DC99044563B7 replies to PRE_VOTE vote request: s0<-s2#0:OK-t0. Peer's state: s2@group-DC99044563B7:t0, leader=null, voted=, raftlog=s2@group-DC99044563B7-SegmentedRaftLog:OPENED:c-1, conf=-1: [s0|rpc:localhost:45701|admin:localhost:41561|client:localhost:45665|dataStream:localhost:42355|priority:0, s1|rpc:localhost:34781|admin:localhost:40917|client:localhost:44781|dataStream:localhost:45713|priority:0, s2|rpc:localhost:33903|admin:localhost:40375|client:localhost:42615|dataStream:localhost:36099|priority:0], old=null
2022-06-20 14:46:06,341 [grpc-default-executor-1] INFO  server.RaftServer$Division (RaftServerImpl.java:requestVote(1152)) - s2@group-DC99044563B7: receive requestVote(PRE_VOTE, s0, group-DC99044563B7, 0, (t:0, i:0))
2022-06-20 14:46:06,341 [grpc-default-executor-1] INFO  impl.VoteContext (VoteContext.java:log(48)) - s2@group-DC99044563B7-CANDIDATE: accept PRE_VOTE from s0: our priority 0 <= candidate's priority 0
2022-06-20 14:46:06,341 [grpc-default-executor-1] INFO  server.RaftServer$Division (RaftServerImpl.java:requestVote(1184)) - s2@group-DC99044563B7 replies to PRE_VOTE vote request: s0<-s2#0:OK-t0. Peer's state: s2@group-DC99044563B7:t0, leader=null, voted=, raftlog=s2@group-DC99044563B7-SegmentedRaftLog:OPENED:c-1, conf=-1: [s0|rpc:localhost:45701|admin:localhost:41561|client:localhost:45665|dataStream:localhost:42355|priority:0, s1|rpc:localhost:34781|admin:localhost:40917|client:localhost:44781|dataStream:localhost:45713|priority:0, s2|rpc:localhost:33903|admin:localhost:40375|client:localhost:42615|dataStream:localhost:36099|priority:0], old=null
2022-06-20 14:46:06,344 [grpc-default-executor-0] INFO  server.RaftServer$Division (RaftServerImpl.java:requestVote(1152)) - s1@group-DC99044563B7: receive requestVote(PRE_VOTE, s2, group-DC99044563B7, 0, (t:0, i:0))
2022-06-20 14:46:06,344 [grpc-default-executor-0] INFO  impl.VoteContext (VoteContext.java:log(48)) - s1@group-DC99044563B7-CANDIDATE: accept PRE_VOTE from s2: our priority 0 <= candidate's priority 0
2022-06-20 14:46:06,344 [grpc-default-executor-0] INFO  server.RaftServer$Division (RaftServerImpl.java:requestVote(1184)) - s1@group-DC99044563B7 replies to PRE_VOTE vote request: s2<-s1#0:OK-t0. Peer's state: s1@group-DC99044563B7:t0, leader=null, voted=, raftlog=s1@group-DC99044563B7-SegmentedRaftLog:OPENED:c-1, conf=-1: [s0|rpc:localhost:45701|admin:localhost:41561|client:localhost:45665|dataStream:localhost:42355|priority:0, s1|rpc:localhost:34781|admin:localhost:40917|client:localhost:44781|dataStream:localhost:45713|priority:0, s2|rpc:localhost:33903|admin:localhost:40375|client:localhost:42615|dataStream:localhost:36099|priority:0], old=null
2022-06-20 14:46:06,347 [grpc-default-executor-1] INFO  server.RaftServer$Division (RaftServerImpl.java:requestVote(1152)) - s0@group-DC99044563B7: receive requestVote(PRE_VOTE, s1, group-DC99044563B7, 0, (t:0, i:0))
2022-06-20 14:46:06,348 [grpc-default-executor-1] INFO  impl.VoteContext (VoteContext.java:log(48)) - s0@group-DC99044563B7-CANDIDATE: accept PRE_VOTE from s1: our priority 0 <= candidate's priority 0
2022-06-20 14:46:06,348 [grpc-default-executor-1] INFO  server.RaftServer$Division (RaftServerImpl.java:requestVote(1184)) - s0@group-DC99044563B7 replies to PRE_VOTE vote request: s1<-s0#0:OK-t0. Peer's state: s0@group-DC99044563B7:t0, leader=null, voted=, raftlog=s0@group-DC99044563B7-SegmentedRaftLog:OPENED:c-1, conf=-1: [s0|rpc:localhost:45701|admin:localhost:41561|client:localhost:45665|dataStream:localhost:42355|priority:0, s1|rpc:localhost:34781|admin:localhost:40917|client:localhost:44781|dataStream:localhost:45713|priority:0, s2|rpc:localhost:33903|admin:localhost:40375|client:localhost:42615|dataStream:localhost:36099|priority:0], old=null
2022-06-20 14:46:06,354 [s0@group-DC99044563B7-LeaderElection1] INFO  impl.LeaderElection (LeaderElection.java:logAndReturn(90)) - s0@group-DC99044563B7-LeaderElection1: PRE_VOTE PASSED received 1 response(s) and 0 exception(s):
2022-06-20 14:46:06,354 [s0@group-DC99044563B7-LeaderElection1] INFO  impl.LeaderElection (LeaderElection.java:logAndReturn(94)) -   Response 0: s0<-s2#0:OK-t0
2022-06-20 14:46:06,354 [s0@group-DC99044563B7-LeaderElection1] INFO  impl.LeaderElection (LeaderElection.java:askForVotes(312)) - s0@group-DC99044563B7-LeaderElection1 PRE_VOTE round 1: result PASSED
2022-06-20 14:46:06,356 [s0@group-DC99044563B7-LeaderElection1] INFO  impl.LeaderElection (LeaderElection.java:askForVotes(310)) - s0@group-DC99044563B7-LeaderElection1 ELECTION round 0: submit vote requests at term 1 for -1: [s0|rpc:localhost:45701|admin:localhost:41561|client:localhost:45665|dataStream:localhost:42355|priority:0, s1|rpc:localhost:34781|admin:localhost:40917|client:localhost:44781|dataStream:localhost:45713|priority:0, s2|rpc:localhost:33903|admin:localhost:40375|client:localhost:42615|dataStream:localhost:36099|priority:0], old=null
2022-06-20 14:46:06,364 [s2@group-DC99044563B7-LeaderElection3] INFO  impl.LeaderElection (LeaderElection.java:logAndReturn(90)) - s2@group-DC99044563B7-LeaderElection3: PRE_VOTE PASSED received 1 response(s) and 0 exception(s):
2022-06-20 14:46:06,364 [s2@group-DC99044563B7-LeaderElection3] INFO  impl.LeaderElection (LeaderElection.java:logAndReturn(94)) -   Response 0: s2<-s1#0:OK-t0
2022-06-20 14:46:06,364 [s2@group-DC99044563B7-LeaderElection3] INFO  impl.LeaderElection (LeaderElection.java:askForVotes(312)) - s2@group-DC99044563B7-LeaderElection3 PRE_VOTE round 0: result PASSED
2022-06-20 14:46:06,364 [s1@group-DC99044563B7-LeaderElection2] INFO  impl.LeaderElection (LeaderElection.java:logAndReturn(90)) - s1@group-DC99044563B7-LeaderElection2: PRE_VOTE PASSED received 1 response(s) and 0 exception(s):
2022-06-20 14:46:06,364 [s1@group-DC99044563B7-LeaderElection2] INFO  impl.LeaderElection (LeaderElection.java:logAndReturn(94)) -   Response 0: s1<-s2#0:OK-t0
2022-06-20 14:46:06,365 [s1@group-DC99044563B7-LeaderElection2] INFO  impl.LeaderElection (LeaderElection.java:askForVotes(312)) - s1@group-DC99044563B7-LeaderElection2 PRE_VOTE round 0: result PASSED
2022-06-20 14:46:06,366 [s2@group-DC99044563B7-LeaderElection3] INFO  impl.LeaderElection (LeaderElection.java:askForVotes(310)) - s2@group-DC99044563B7-LeaderElection3 ELECTION round 0: submit vote requests at term 1 for -1: [s0|rpc:localhost:45701|admin:localhost:41561|client:localhost:45665|dataStream:localhost:42355|priority:0, s1|rpc:localhost:34781|admin:localhost:40917|client:localhost:44781|dataStream:localhost:45713|priority:0, s2|rpc:localhost:33903|admin:localhost:40375|client:localhost:42615|dataStream:localhost:36099|priority:0], old=null
2022-06-20 14:46:06,367 [s1@group-DC99044563B7-LeaderElection2] INFO  impl.LeaderElection (LeaderElection.java:askForVotes(310)) - s1@group-DC99044563B7-LeaderElection2 ELECTION round 0: submit vote requests at term 1 for -1: [s0|rpc:localhost:45701|admin:localhost:41561|client:localhost:45665|dataStream:localhost:42355|priority:0, s1|rpc:localhost:34781|admin:localhost:40917|client:localhost:44781|dataStream:localhost:45713|priority:0, s2|rpc:localhost:33903|admin:localhost:40375|client:localhost:42615|dataStream:localhost:36099|priority:0], old=null
2022-06-20 14:46:06,369 [grpc-default-executor-1] INFO  server.RaftServer$Division (RaftServerImpl.java:requestVote(1152)) - s1@group-DC99044563B7: receive requestVote(ELECTION, s0, group-DC99044563B7, 1, (t:0, i:0))
2022-06-20 14:46:06,369 [grpc-default-executor-1] INFO  impl.VoteContext (VoteContext.java:log(48)) - s1@group-DC99044563B7-CANDIDATE: reject ELECTION from s0: already has voted for s1 at current term 1
2022-06-20 14:46:06,369 [grpc-default-executor-1] INFO  server.RaftServer$Division (RaftServerImpl.java:requestVote(1184)) - s1@group-DC99044563B7 replies to ELECTION vote request: s0<-s1#0:FAIL-t1. Peer's state: s1@group-DC99044563B7:t1, leader=null, voted=s1, raftlog=s1@group-DC99044563B7-SegmentedRaftLog:OPENED:c-1, conf=-1: [s0|rpc:localhost:45701|admin:localhost:41561|client:localhost:45665|dataStream:localhost:42355|priority:0, s1|rpc:localhost:34781|admin:localhost:40917|client:localhost:44781|dataStream:localhost:45713|priority:0, s2|rpc:localhost:33903|admin:localhost:40375|client:localhost:42615|dataStream:localhost:36099|priority:0], old=null
2022-06-20 14:46:06,373 [grpc-default-executor-1] INFO  server.RaftServer$Division (RaftServerImpl.java:requestVote(1152)) - s2@group-DC99044563B7: receive requestVote(ELECTION, s0, group-DC99044563B7, 1, (t:0, i:0))
2022-06-20 14:46:06,373 [grpc-default-executor-1] INFO  impl.VoteContext (VoteContext.java:log(48)) - s2@group-DC99044563B7-CANDIDATE: reject ELECTION from s0: already has voted for s2 at current term 1
2022-06-20 14:46:06,373 [grpc-default-executor-1] INFO  server.RaftServer$Division (RaftServerImpl.java:requestVote(1184)) - s2@group-DC99044563B7 replies to ELECTION vote request: s0<-s2#0:FAIL-t1. Peer's state: s2@group-DC99044563B7:t1, leader=null, voted=s2, raftlog=s2@group-DC99044563B7-SegmentedRaftLog:OPENED:c-1, conf=-1: [s0|rpc:localhost:45701|admin:localhost:41561|client:localhost:45665|dataStream:localhost:42355|priority:0, s1|rpc:localhost:34781|admin:localhost:40917|client:localhost:44781|dataStream:localhost:45713|priority:0, s2|rpc:localhost:33903|admin:localhost:40375|client:localhost:42615|dataStream:localhost:36099|priority:0], old=null
2022-06-20 14:46:06,374 [s0@group-DC99044563B7-LeaderElection1] INFO  impl.LeaderElection (LeaderElection.java:logAndReturn(90)) - s0@group-DC99044563B7-LeaderElection1: ELECTION REJECTED received 2 response(s) and 0 exception(s):
2022-06-20 14:46:06,374 [s0@group-DC99044563B7-LeaderElection1] INFO  impl.LeaderElection (LeaderElection.java:logAndReturn(94)) -   Response 0: s0<-s1#0:FAIL-t1
2022-06-20 14:46:06,374 [s0@group-DC99044563B7-LeaderElection1] INFO  impl.LeaderElection (LeaderElection.java:logAndReturn(94)) -   Response 1: s0<-s2#0:FAIL-t1
2022-06-20 14:46:06,375 [grpc-default-executor-1] INFO  server.RaftServer$Division (RaftServerImpl.java:requestVote(1152)) - s0@group-DC99044563B7: receive requestVote(ELECTION, s2, group-DC99044563B7, 1, (t:0, i:0))
2022-06-20 14:46:06,376 [grpc-default-executor-1] INFO  impl.VoteContext (VoteContext.java:log(48)) - s0@group-DC99044563B7-CANDIDATE: reject ELECTION from s2: already has voted for s0 at current term 1
2022-06-20 14:46:06,376 [grpc-default-executor-1] INFO  server.RaftServer$Division (RaftServerImpl.java:requestVote(1184)) - s0@group-DC99044563B7 replies to ELECTION vote request: s2<-s0#0:FAIL-t1. Peer's state: s0@group-DC99044563B7:t1, leader=null, voted=s0, raftlog=s0@group-DC99044563B7-SegmentedRaftLog:OPENED:c-1, conf=-1: [s0|rpc:localhost:45701|admin:localhost:41561|client:localhost:45665|dataStream:localhost:42355|priority:0, s1|rpc:localhost:34781|admin:localhost:40917|client:localhost:44781|dataStream:localhost:45713|priority:0, s2|rpc:localhost:33903|admin:localhost:40375|client:localhost:42615|dataStream:localhost:36099|priority:0], old=null
2022-06-20 14:46:06,381 [s0@group-DC99044563B7-LeaderElection1] INFO  impl.LeaderElection (LeaderElection.java:askForVotes(312)) - s0@group-DC99044563B7-LeaderElection1 ELECTION round 0: result REJECTED
2022-06-20 14:46:06,382 [s0@group-DC99044563B7-LeaderElection1] INFO  server.RaftServer$Division (RaftServerImpl.java:setRole(299)) - s0@group-DC99044563B7: changes role from CANDIDATE to FOLLOWER at term 1 for REJECTED
2022-06-20 14:46:06,382 [s0@group-DC99044563B7-LeaderElection1] INFO  impl.RoleInfo (RoleInfo.java:shutdownLeaderElection(130)) - s0: shutdown s0@group-DC99044563B7-LeaderElection1
2022-06-20 14:46:06,382 [s0@group-DC99044563B7-LeaderElection1] INFO  impl.RoleInfo (RoleInfo.java:updateAndGet(139)) - s0: start s0@group-DC99044563B7-FollowerState
2022-06-20 14:46:06,383 [grpc-default-executor-1] INFO  server.RaftServer$Division (RaftServerImpl.java:requestVote(1152)) - s0@group-DC99044563B7: receive requestVote(ELECTION, s1, group-DC99044563B7, 1, (t:0, i:0))
2022-06-20 14:46:06,383 [grpc-default-executor-1] INFO  impl.VoteContext (VoteContext.java:log(48)) - s0@group-DC99044563B7-FOLLOWER: reject ELECTION from s1: already has voted for s0 at current term 1
2022-06-20 14:46:06,383 [grpc-default-executor-1] INFO  server.RaftServer$Division (RaftServerImpl.java:requestVote(1184)) - s0@group-DC99044563B7 replies to ELECTION vote request: s1<-s0#0:FAIL-t1. Peer's state: s0@group-DC99044563B7:t1, leader=null, voted=s0, raftlog=s0@group-DC99044563B7-SegmentedRaftLog:OPENED:c-1, conf=-1: [s0|rpc:localhost:45701|admin:localhost:41561|client:localhost:45665|dataStream:localhost:42355|priority:0, s1|rpc:localhost:34781|admin:localhost:40917|client:localhost:44781|dataStream:localhost:45713|priority:0, s2|rpc:localhost:33903|admin:localhost:40375|client:localhost:42615|dataStream:localhost:36099|priority:0], old=null
2022-06-20 14:46:06,384 [grpc-default-executor-1] INFO  server.RaftServer$Division (RaftServerImpl.java:requestVote(1152)) - s2@group-DC99044563B7: receive requestVote(ELECTION, s1, group-DC99044563B7, 1, (t:0, i:0))
2022-06-20 14:46:06,384 [grpc-default-executor-1] INFO  impl.VoteContext (VoteContext.java:log(48)) - s2@group-DC99044563B7-CANDIDATE: reject ELECTION from s1: already has voted for s2 at current term 1
2022-06-20 14:46:06,384 [grpc-default-executor-1] INFO  server.RaftServer$Division (RaftServerImpl.java:requestVote(1184)) - s2@group-DC99044563B7 replies to ELECTION vote request: s1<-s2#0:FAIL-t1. Peer's state: s2@group-DC99044563B7:t1, leader=null, voted=s2, raftlog=s2@group-DC99044563B7-SegmentedRaftLog:OPENED:c-1, conf=-1: [s0|rpc:localhost:45701|admin:localhost:41561|client:localhost:45665|dataStream:localhost:42355|priority:0, s1|rpc:localhost:34781|admin:localhost:40917|client:localhost:44781|dataStream:localhost:45713|priority:0, s2|rpc:localhost:33903|admin:localhost:40375|client:localhost:42615|dataStream:localhost:36099|priority:0], old=null
2022-06-20 14:46:06,386 [grpc-default-executor-1] INFO  server.RaftServer$Division (RaftServerImpl.java:requestVote(1152)) - s1@group-DC99044563B7: receive requestVote(ELECTION, s2, group-DC99044563B7, 1, (t:0, i:0))
2022-06-20 14:46:06,386 [grpc-default-executor-1] INFO  impl.VoteContext (VoteContext.java:log(48)) - s1@group-DC99044563B7-CANDIDATE: reject ELECTION from s2: already has voted for s1 at current term 1
2022-06-20 14:46:06,386 [grpc-default-executor-1] INFO  server.RaftServer$Division (RaftServerImpl.java:requestVote(1184)) - s1@group-DC99044563B7 replies to ELECTION vote request: s2<-s1#0:FAIL-t1. Peer's state: s1@group-DC99044563B7:t1, leader=null, voted=s1, raftlog=s1@group-DC99044563B7-SegmentedRaftLog:OPENED:c-1, conf=-1: [s0|rpc:localhost:45701|admin:localhost:41561|client:localhost:45665|dataStream:localhost:42355|priority:0, s1|rpc:localhost:34781|admin:localhost:40917|client:localhost:44781|dataStream:localhost:45713|priority:0, s2|rpc:localhost:33903|admin:localhost:40375|client:localhost:42615|dataStream:localhost:36099|priority:0], old=null
2022-06-20 14:46:06,387 [s1@group-DC99044563B7-LeaderElection2] INFO  impl.LeaderElection (LeaderElection.java:logAndReturn(90)) - s1@group-DC99044563B7-LeaderElection2: ELECTION REJECTED received 2 response(s) and 0 exception(s):
2022-06-20 14:46:06,387 [s1@group-DC99044563B7-LeaderElection2] INFO  impl.LeaderElection (LeaderElection.java:logAndReturn(94)) -   Response 0: s1<-s0#0:FAIL-t1
2022-06-20 14:46:06,387 [s1@group-DC99044563B7-LeaderElection2] INFO  impl.LeaderElection (LeaderElection.java:logAndReturn(94)) -   Response 1: s1<-s2#0:FAIL-t1
2022-06-20 14:46:06,387 [s1@group-DC99044563B7-LeaderElection2] INFO  impl.LeaderElection (LeaderElection.java:askForVotes(312)) - s1@group-DC99044563B7-LeaderElection2 ELECTION round 0: result REJECTED
2022-06-20 14:46:06,387 [s1@group-DC99044563B7-LeaderElection2] INFO  server.RaftServer$Division (RaftServerImpl.java:setRole(299)) - s1@group-DC99044563B7: changes role from CANDIDATE to FOLLOWER at term 1 for REJECTED
2022-06-20 14:46:06,387 [s1@group-DC99044563B7-LeaderElection2] INFO  impl.RoleInfo (RoleInfo.java:shutdownLeaderElection(130)) - s1: shutdown s1@group-DC99044563B7-LeaderElection2
2022-06-20 14:46:06,387 [s1@group-DC99044563B7-LeaderElection2] INFO  impl.RoleInfo (RoleInfo.java:updateAndGet(139)) - s1: start s1@group-DC99044563B7-FollowerState
2022-06-20 14:46:06,388 [s2@group-DC99044563B7-LeaderElection3] INFO  impl.LeaderElection (LeaderElection.java:logAndReturn(90)) - s2@group-DC99044563B7-LeaderElection3: ELECTION REJECTED received 2 response(s) and 0 exception(s):
2022-06-20 14:46:06,388 [s2@group-DC99044563B7-LeaderElection3] INFO  impl.LeaderElection (LeaderElection.java:logAndReturn(94)) -   Response 0: s2<-s0#0:FAIL-t1
2022-06-20 14:46:06,388 [s2@group-DC99044563B7-LeaderElection3] INFO  impl.LeaderElection (LeaderElection.java:logAndReturn(94)) -   Response 1: s2<-s1#0:FAIL-t1
2022-06-20 14:46:06,388 [s2@group-DC99044563B7-LeaderElection3] INFO  impl.LeaderElection (LeaderElection.java:askForVotes(312)) - s2@group-DC99044563B7-LeaderElection3 ELECTION round 0: result REJECTED
2022-06-20 14:46:06,388 [s2@group-DC99044563B7-LeaderElection3] INFO  server.RaftServer$Division (RaftServerImpl.java:setRole(299)) - s2@group-DC99044563B7: changes role from CANDIDATE to FOLLOWER at term 1 for REJECTED
2022-06-20 14:46:06,388 [s2@group-DC99044563B7-LeaderElection3] INFO  impl.RoleInfo (RoleInfo.java:shutdownLeaderElection(130)) - s2: shutdown s2@group-DC99044563B7-LeaderElection3
2022-06-20 14:46:06,388 [s2@group-DC99044563B7-LeaderElection3] INFO  impl.RoleInfo (RoleInfo.java:updateAndGet(139)) - s2: start s2@group-DC99044563B7-FollowerState
2022-06-20 14:46:06,551 [s0@group-DC99044563B7-FollowerState] INFO  impl.FollowerState (FollowerState.java:run(143)) - s0@group-DC99044563B7-FollowerState: change to CANDIDATE, lastRpcElapsedTime:169025827ns, electionTimeout:166ms
2022-06-20 14:46:06,552 [s0@group-DC99044563B7-FollowerState] INFO  impl.RoleInfo (RoleInfo.java:shutdownFollowerState(110)) - s0: shutdown s0@group-DC99044563B7-FollowerState
2022-06-20 14:46:06,552 [s0@group-DC99044563B7-FollowerState] INFO  server.RaftServer$Division (RaftServerImpl.java:setRole(299)) - s0@group-DC99044563B7: changes role from  FOLLOWER to CANDIDATE at term 1 for changeToCandidate
2022-06-20 14:46:06,552 [s0@group-DC99044563B7-FollowerState] INFO  server.RaftServerConfigKeys (ConfUtils.java:logGet(46)) - raft.server.leaderelection.pre-vote = true (default)
2022-06-20 14:46:06,552 [s0@group-DC99044563B7-FollowerState] INFO  impl.RoleInfo (RoleInfo.java:updateAndGet(139)) - s0: start s0@group-DC99044563B7-LeaderElection4
2022-06-20 14:46:06,553 [s0@group-DC99044563B7-LeaderElection4] INFO  impl.LeaderElection (LeaderElection.java:askForVotes(310)) - s0@group-DC99044563B7-LeaderElection4 PRE_VOTE round 0: submit vote requests at term 1 for -1: [s0|rpc:localhost:45701|admin:localhost:41561|client:localhost:45665|dataStream:localhost:42355|priority:0, s1|rpc:localhost:34781|admin:localhost:40917|client:localhost:44781|dataStream:localhost:45713|priority:0, s2|rpc:localhost:33903|admin:localhost:40375|client:localhost:42615|dataStream:localhost:36099|priority:0], old=null
2022-06-20 14:46:06,556 [grpc-default-executor-0] INFO  server.RaftServer$Division (RaftServerImpl.java:requestVote(1152)) - s1@group-DC99044563B7: receive requestVote(PRE_VOTE, s0, group-DC99044563B7, 1, (t:0, i:0))
2022-06-20 14:46:06,557 [grpc-default-executor-0] INFO  impl.VoteContext (VoteContext.java:log(48)) - s1@group-DC99044563B7-FOLLOWER: accept PRE_VOTE from s0: our priority 0 <= candidate's priority 0
2022-06-20 14:46:06,559 [grpc-default-executor-0] INFO  server.RaftServer$Division (RaftServerImpl.java:requestVote(1184)) - s1@group-DC99044563B7 replies to PRE_VOTE vote request: s0<-s1#0:OK-t1. Peer's state: s1@group-DC99044563B7:t1, leader=null, voted=s1, raftlog=s1@group-DC99044563B7-SegmentedRaftLog:OPENED:c-1, conf=-1: [s0|rpc:localhost:45701|admin:localhost:41561|client:localhost:45665|dataStream:localhost:42355|priority:0, s1|rpc:localhost:34781|admin:localhost:40917|client:localhost:44781|dataStream:localhost:45713|priority:0, s2|rpc:localhost:33903|admin:localhost:40375|client:localhost:42615|dataStream:localhost:36099|priority:0], old=null
2022-06-20 14:46:06,559 [grpc-default-executor-1] INFO  server.RaftServer$Division (RaftServerImpl.java:requestVote(1152)) - s2@group-DC99044563B7: receive requestVote(PRE_VOTE, s0, group-DC99044563B7, 1, (t:0, i:0))
2022-06-20 14:46:06,559 [grpc-default-executor-1] INFO  impl.VoteContext (VoteContext.java:log(48)) - s2@group-DC99044563B7-FOLLOWER: accept PRE_VOTE from s0: our priority 0 <= candidate's priority 0
2022-06-20 14:46:06,560 [grpc-default-executor-1] INFO  server.RaftServer$Division (RaftServerImpl.java:requestVote(1184)) - s2@group-DC99044563B7 replies to PRE_VOTE vote request: s0<-s2#0:OK-t1. Peer's state: s2@group-DC99044563B7:t1, leader=null, voted=s2, raftlog=s2@group-DC99044563B7-SegmentedRaftLog:OPENED:c-1, conf=-1: [s0|rpc:localhost:45701|admin:localhost:41561|client:localhost:45665|dataStream:localhost:42355|priority:0, s1|rpc:localhost:34781|admin:localhost:40917|client:localhost:44781|dataStream:localhost:45713|priority:0, s2|rpc:localhost:33903|admin:localhost:40375|client:localhost:42615|dataStream:localhost:36099|priority:0], old=null
2022-06-20 14:46:06,561 [s0@group-DC99044563B7-LeaderElection4] INFO  impl.LeaderElection (LeaderElection.java:logAndReturn(90)) - s0@group-DC99044563B7-LeaderElection4: PRE_VOTE PASSED received 1 response(s) and 0 exception(s):
2022-06-20 14:46:06,561 [s0@group-DC99044563B7-LeaderElection4] INFO  impl.LeaderElection (LeaderElection.java:logAndReturn(94)) -   Response 0: s0<-s1#0:OK-t1
2022-06-20 14:46:06,561 [s0@group-DC99044563B7-LeaderElection4] INFO  impl.LeaderElection (LeaderElection.java:askForVotes(312)) - s0@group-DC99044563B7-LeaderElection4 PRE_VOTE round 0: result PASSED
2022-06-20 14:46:06,563 [s0@group-DC99044563B7-LeaderElection4] INFO  impl.LeaderElection (LeaderElection.java:askForVotes(310)) - s0@group-DC99044563B7-LeaderElection4 ELECTION round 0: submit vote requests at term 2 for -1: [s0|rpc:localhost:45701|admin:localhost:41561|client:localhost:45665|dataStream:localhost:42355|priority:0, s1|rpc:localhost:34781|admin:localhost:40917|client:localhost:44781|dataStream:localhost:45713|priority:0, s2|rpc:localhost:33903|admin:localhost:40375|client:localhost:42615|dataStream:localhost:36099|priority:0], old=null
2022-06-20 14:46:06,565 [grpc-default-executor-0] INFO  server.RaftServer$Division (RaftServerImpl.java:requestVote(1152)) - s1@group-DC99044563B7: receive requestVote(ELECTION, s0, group-DC99044563B7, 2, (t:0, i:0))
2022-06-20 14:46:06,565 [grpc-default-executor-0] INFO  impl.VoteContext (VoteContext.java:log(48)) - s1@group-DC99044563B7-FOLLOWER: accept ELECTION from s0: our priority 0 <= candidate's priority 0
2022-06-20 14:46:06,565 [grpc-default-executor-0] INFO  server.RaftServer$Division (RaftServerImpl.java:setRole(299)) - s1@group-DC99044563B7: changes role from  FOLLOWER to FOLLOWER at term 2 for candidate:s0
2022-06-20 14:46:06,565 [grpc-default-executor-0] INFO  impl.RoleInfo (RoleInfo.java:shutdownFollowerState(110)) - s1: shutdown s1@group-DC99044563B7-FollowerState
2022-06-20 14:46:06,565 [grpc-default-executor-0] INFO  impl.RoleInfo (RoleInfo.java:updateAndGet(139)) - s1: start s1@group-DC99044563B7-FollowerState
2022-06-20 14:46:06,565 [s1@group-DC99044563B7-FollowerState] INFO  impl.FollowerState (FollowerState.java:run(152)) - s1@group-DC99044563B7-FollowerState was interrupted
2022-06-20 14:46:06,568 [grpc-default-executor-1] INFO  server.RaftServer$Division (RaftServerImpl.java:requestVote(1152)) - s2@group-DC99044563B7: receive requestVote(ELECTION, s0, group-DC99044563B7, 2, (t:0, i:0))
2022-06-20 14:46:06,568 [grpc-default-executor-1] INFO  impl.VoteContext (VoteContext.java:log(48)) - s2@group-DC99044563B7-FOLLOWER: accept ELECTION from s0: our priority 0 <= candidate's priority 0
2022-06-20 14:46:06,568 [grpc-default-executor-1] INFO  server.RaftServer$Division (RaftServerImpl.java:setRole(299)) - s2@group-DC99044563B7: changes role from  FOLLOWER to FOLLOWER at term 2 for candidate:s0
2022-06-20 14:46:06,569 [grpc-default-executor-1] INFO  impl.RoleInfo (RoleInfo.java:shutdownFollowerState(110)) - s2: shutdown s2@group-DC99044563B7-FollowerState
2022-06-20 14:46:06,569 [grpc-default-executor-1] INFO  impl.RoleInfo (RoleInfo.java:updateAndGet(139)) - s2: start s2@group-DC99044563B7-FollowerState
2022-06-20 14:46:06,569 [s2@group-DC99044563B7-FollowerState] INFO  impl.FollowerState (FollowerState.java:run(152)) - s2@group-DC99044563B7-FollowerState was interrupted
2022-06-20 14:46:06,570 [grpc-default-executor-0] INFO  server.RaftServer$Division (RaftServerImpl.java:requestVote(1184)) - s1@group-DC99044563B7 replies to ELECTION vote request: s0<-s1#0:OK-t2. Peer's state: s1@group-DC99044563B7:t2, leader=null, voted=s0, raftlog=s1@group-DC99044563B7-SegmentedRaftLog:OPENED:c-1, conf=-1: [s0|rpc:localhost:45701|admin:localhost:41561|client:localhost:45665|dataStream:localhost:42355|priority:0, s1|rpc:localhost:34781|admin:localhost:40917|client:localhost:44781|dataStream:localhost:45713|priority:0, s2|rpc:localhost:33903|admin:localhost:40375|client:localhost:42615|dataStream:localhost:36099|priority:0], old=null
2022-06-20 14:46:06,571 [grpc-default-executor-1] INFO  server.RaftServer$Division (RaftServerImpl.java:requestVote(1184)) - s2@group-DC99044563B7 replies to ELECTION vote request: s0<-s2#0:OK-t2. Peer's state: s2@group-DC99044563B7:t2, leader=null, voted=s0, raftlog=s2@group-DC99044563B7-SegmentedRaftLog:OPENED:c-1, conf=-1: [s0|rpc:localhost:45701|admin:localhost:41561|client:localhost:45665|dataStream:localhost:42355|priority:0, s1|rpc:localhost:34781|admin:localhost:40917|client:localhost:44781|dataStream:localhost:45713|priority:0, s2|rpc:localhost:33903|admin:localhost:40375|client:localhost:42615|dataStream:localhost:36099|priority:0], old=null
2022-06-20 14:46:06,572 [s0@group-DC99044563B7-LeaderElection4] INFO  impl.LeaderElection (LeaderElection.java:logAndReturn(90)) - s0@group-DC99044563B7-LeaderElection4: ELECTION PASSED received 1 response(s) and 0 exception(s):
2022-06-20 14:46:06,573 [s0@group-DC99044563B7-LeaderElection4] INFO  impl.LeaderElection (LeaderElection.java:logAndReturn(94)) -   Response 0: s0<-s1#0:OK-t2
2022-06-20 14:46:06,573 [s0@group-DC99044563B7-LeaderElection4] INFO  impl.LeaderElection (LeaderElection.java:askForVotes(312)) - s0@group-DC99044563B7-LeaderElection4 ELECTION round 0: result PASSED
2022-06-20 14:46:06,573 [s0@group-DC99044563B7-LeaderElection4] INFO  impl.RoleInfo (RoleInfo.java:shutdownLeaderElection(130)) - s0: shutdown s0@group-DC99044563B7-LeaderElection4
2022-06-20 14:46:06,573 [s0@group-DC99044563B7-LeaderElection4] INFO  server.RaftServer$Division (RaftServerImpl.java:setRole(299)) - s0@group-DC99044563B7: changes role from CANDIDATE to LEADER at term 2 for changeToLeader
2022-06-20 14:46:06,573 [s0@group-DC99044563B7-LeaderElection4] INFO  server.RaftServer$Division (ServerState.java:setLeader(291)) - s0@group-DC99044563B7: change Leader from null to s0 at term 2 for becomeLeader, leader elected after 913ms
2022-06-20 14:46:06,577 [s0@group-DC99044563B7-LeaderElection4] INFO  server.RaftServerConfigKeys (ConfUtils.java:logGet(46)) - raft.server.staging.catchup.gap = 1000 (default)
2022-06-20 14:46:06,580 [s0@group-DC99044563B7-LeaderElection4] INFO  server.RaftServerConfigKeys (ConfUtils.java:logGet(46)) - raft.server.write.element-limit = 4096 (default)
2022-06-20 14:46:06,581 [s0@group-DC99044563B7-LeaderElection4] INFO  server.RaftServerConfigKeys (ConfUtils.java:logGet(46)) - raft.server.write.byte-limit = 64MB (=67108864) (default)
2022-06-20 14:46:06,586 [s0@group-DC99044563B7-LeaderElection4] INFO  server.RaftServerConfigKeys (ConfUtils.java:logGet(46)) - raft.server.watch.timeout = 10s (default)
2022-06-20 14:46:06,586 [s0@group-DC99044563B7-LeaderElection4] INFO  server.RaftServerConfigKeys (ConfUtils.java:logGet(46)) - raft.server.watch.timeout.denomination = 1s (default)
2022-06-20 14:46:06,586 [s0@group-DC99044563B7-LeaderElection4] INFO  server.RaftServerConfigKeys (ConfUtils.java:logGet(46)) - raft.server.watch.element-limit = 65536 (default)
2022-06-20 14:46:06,590 [s0@group-DC99044563B7-LeaderElection4] INFO  server.RaftServerConfigKeys (ConfUtils.java:logGet(46)) - raft.server.write.element-limit = 4096 (default)
2022-06-20 14:46:06,592 [s0@group-DC99044563B7-LeaderElection4] INFO  server.RaftServerConfigKeys (ConfUtils.java:logGet(46)) - raft.server.write.follower.gap.ratio.max = -1.0 (default)
2022-06-20 14:46:06,599 [s0@group-DC99044563B7-LeaderElection4] INFO  server.RaftServerConfigKeys (ConfUtils.java:logGet(46)) - raft.server.log.appender.snapshot.chunk.size.max = 16MB (=16777216) (default)
2022-06-20 14:46:06,599 [s0@group-DC99044563B7-LeaderElection4] INFO  server.RaftServerConfigKeys (ConfUtils.java:logGet(46)) - raft.server.log.appender.buffer.byte-limit = 4MB (=4194304) (default)
2022-06-20 14:46:06,600 [s0@group-DC99044563B7-LeaderElection4] INFO  server.RaftServerConfigKeys (ConfUtils.java:logGet(46)) - raft.server.log.appender.buffer.element-limit = 0 (default)
2022-06-20 14:46:06,602 [s0@group-DC99044563B7-LeaderElection4] INFO  grpc.GrpcConfigKeys (ConfUtils.java:logGet(46)) - raft.grpc.server.leader.outstanding.appends.max = 128 (default)
2022-06-20 14:46:06,602 [s0@group-DC99044563B7-LeaderElection4] INFO  server.RaftServerConfigKeys (ConfUtils.java:logGet(46)) - raft.server.rpc.request.timeout = 3000ms (default)
2022-06-20 14:46:06,602 [s0@group-DC99044563B7-LeaderElection4] INFO  server.RaftServerConfigKeys (ConfUtils.java:logGet(46)) - raft.server.log.appender.install.snapshot.enabled = true (default)
2022-06-20 14:46:06,604 [s0@group-DC99044563B7-LeaderElection4] INFO  server.RaftServerConfigKeys (ConfUtils.java:logGet(46)) - raft.server.log.appender.snapshot.chunk.size.max = 16MB (=16777216) (default)
2022-06-20 14:46:06,604 [s0@group-DC99044563B7-LeaderElection4] INFO  server.RaftServerConfigKeys (ConfUtils.java:logGet(46)) - raft.server.log.appender.buffer.byte-limit = 4MB (=4194304) (default)
2022-06-20 14:46:06,604 [s0@group-DC99044563B7-LeaderElection4] INFO  server.RaftServerConfigKeys (ConfUtils.java:logGet(46)) - raft.server.log.appender.buffer.element-limit = 0 (default)
2022-06-20 14:46:06,604 [s0@group-DC99044563B7-LeaderElection4] INFO  grpc.GrpcConfigKeys (ConfUtils.java:logGet(46)) - raft.grpc.server.leader.outstanding.appends.max = 128 (default)
2022-06-20 14:46:06,604 [s0@group-DC99044563B7-LeaderElection4] INFO  server.RaftServerConfigKeys (ConfUtils.java:logGet(46)) - raft.server.rpc.request.timeout = 3000ms (default)
2022-06-20 14:46:06,604 [s0@group-DC99044563B7-LeaderElection4] INFO  server.RaftServerConfigKeys (ConfUtils.java:logGet(46)) - raft.server.log.appender.install.snapshot.enabled = true (default)
2022-06-20 14:46:06,606 [s0@group-DC99044563B7-LeaderElection4] INFO  impl.RoleInfo (RoleInfo.java:updateAndGet(139)) - s0: start s0@group-DC99044563B7-LeaderStateImpl
2022-06-20 14:46:06,620 [s0@group-DC99044563B7-LeaderElection4] INFO  segmented.SegmentedRaftLogWorker (SegmentedRaftLogWorker.java:startLogSegment(425)) - s0@group-DC99044563B7-SegmentedRaftLogWorker: Starting segment from index:0
2022-06-20 14:46:06,648 [s0@group-DC99044563B7-LeaderElection4] INFO  server.RaftServer$Division (ServerState.java:setRaftConf(397)) - s0@group-DC99044563B7: set configuration 0: [s0|rpc:localhost:45701|admin:localhost:41561|client:localhost:45665|dataStream:localhost:42355|priority:0, s1|rpc:localhost:34781|admin:localhost:40917|client:localhost:44781|dataStream:localhost:45713|priority:0, s2|rpc:localhost:33903|admin:localhost:40375|client:localhost:42615|dataStream:localhost:36099|priority:0], old=null
2022-06-20 14:46:06,662 [s2-server-thread1] INFO  server.RaftServer$Division (ServerState.java:setLeader(291)) - s2@group-DC99044563B7: change Leader from null to s0 at term 2 for appendEntries, leader elected after 1002ms
2022-06-20 14:46:06,663 [s1-server-thread1] INFO  server.RaftServer$Division (ServerState.java:setLeader(291)) - s1@group-DC99044563B7: change Leader from null to s0 at term 2 for appendEntries, leader elected after 1004ms
2022-06-20 14:46:06,684 [s1-server-thread1] INFO  server.RaftServer$Division (ServerState.java:setRaftConf(397)) - s1@group-DC99044563B7: set configuration 0: [s0|rpc:localhost:45701|admin:localhost:41561|client:localhost:45665|dataStream:localhost:42355|priority:0, s1|rpc:localhost:34781|admin:localhost:40917|client:localhost:44781|dataStream:localhost:45713|priority:0, s2|rpc:localhost:33903|admin:localhost:40375|client:localhost:42615|dataStream:localhost:36099|priority:0], old=null
2022-06-20 14:46:06,684 [s1-server-thread1] INFO  segmented.SegmentedRaftLogWorker (SegmentedRaftLogWorker.java:startLogSegment(425)) - s1@group-DC99044563B7-SegmentedRaftLogWorker: Starting segment from index:0
2022-06-20 14:46:06,692 [s2-server-thread2] INFO  server.RaftServer$Division (ServerState.java:setRaftConf(397)) - s2@group-DC99044563B7: set configuration 0: [s0|rpc:localhost:45701|admin:localhost:41561|client:localhost:45665|dataStream:localhost:42355|priority:0, s1|rpc:localhost:34781|admin:localhost:40917|client:localhost:44781|dataStream:localhost:45713|priority:0, s2|rpc:localhost:33903|admin:localhost:40375|client:localhost:42615|dataStream:localhost:36099|priority:0], old=null
2022-06-20 14:46:06,692 [s2-server-thread2] INFO  segmented.SegmentedRaftLogWorker (SegmentedRaftLogWorker.java:startLogSegment(425)) - s2@group-DC99044563B7-SegmentedRaftLogWorker: Starting segment from index:0
2022-06-20 14:46:06,737 [s0@group-DC99044563B7-SegmentedRaftLogWorker] INFO  segmented.SegmentedRaftLogWorker (SegmentedRaftLogWorker.java:execute(629)) - s0@group-DC99044563B7-SegmentedRaftLogWorker: created new log segment /home/runner/work/ratis/ratis/ratis-test/target/test/data/108fa2d4/MiniRaftClusterWithGrpc21cdf1b2/s0/5a5780e6-66fa-46c2-a22e-dc99044563b7/current/log_inprogress_0
2022-06-20 14:46:06,737 [s1@group-DC99044563B7-SegmentedRaftLogWorker] INFO  segmented.SegmentedRaftLogWorker (SegmentedRaftLogWorker.java:execute(629)) - s1@group-DC99044563B7-SegmentedRaftLogWorker: created new log segment /home/runner/work/ratis/ratis/ratis-test/target/test/data/108fa2d4/MiniRaftClusterWithGrpc21cdf1b2/s1/5a5780e6-66fa-46c2-a22e-dc99044563b7/current/log_inprogress_0
2022-06-20 14:46:06,737 [s2@group-DC99044563B7-SegmentedRaftLogWorker] INFO  segmented.SegmentedRaftLogWorker (SegmentedRaftLogWorker.java:execute(629)) - s2@group-DC99044563B7-SegmentedRaftLogWorker: created new log segment /home/runner/work/ratis/ratis/ratis-test/target/test/data/108fa2d4/MiniRaftClusterWithGrpc21cdf1b2/s2/5a5780e6-66fa-46c2-a22e-dc99044563b7/current/log_inprogress_0
2022-06-20 14:46:06,759 [Time-limited test] INFO  ratis.RaftTestUtil (RaftTestUtil.java:waitForLeader(119)) - printing ALL groups
  s0:  RUNNING    LEADER s0@group-DC99044563B7:t2, leader=s0, voted=s0, raftlog=s0@group-DC99044563B7-SegmentedRaftLog:OPENED:c0, conf=0: [s0|rpc:localhost:45701|admin:localhost:41561|client:localhost:45665|dataStream:localhost:42355|priority:0, s1|rpc:localhost:34781|admin:localhost:40917|client:localhost:44781|dataStream:localhost:45713|priority:0, s2|rpc:localhost:33903|admin:localhost:40375|client:localhost:42615|dataStream:localhost:36099|priority:0], old=null RUNNING
  s1:  RUNNING  FOLLOWER s1@group-DC99044563B7:t2, leader=s0, voted=s0, raftlog=s1@group-DC99044563B7-SegmentedRaftLog:OPENED:c-1, conf=0: [s0|rpc:localhost:45701|admin:localhost:41561|client:localhost:45665|dataStream:localhost:42355|priority:0, s1|rpc:localhost:34781|admin:localhost:40917|client:localhost:44781|dataStream:localhost:45713|priority:0, s2|rpc:localhost:33903|admin:localhost:40375|client:localhost:42615|dataStream:localhost:36099|priority:0], old=null RUNNING
  s2:  RUNNING  FOLLOWER s2@group-DC99044563B7:t2, leader=s0, voted=s0, raftlog=s2@group-DC99044563B7-SegmentedRaftLog:OPENED:c-1, conf=0: [s0|rpc:localhost:45701|admin:localhost:41561|client:localhost:45665|dataStream:localhost:42355|priority:0, s1|rpc:localhost:34781|admin:localhost:40917|client:localhost:44781|dataStream:localhost:45713|priority:0, s2|rpc:localhost:33903|admin:localhost:40375|client:localhost:42615|dataStream:localhost:36099|priority:0], old=null RUNNING
2022-06-20 14:46:06,797 [Time-limited test] DEBUG client.GrpcClientProtocolClient (ConfUtils.java:logGet(46)) - raft.grpc.flow.control.window = 1MB (=1048576) (default)
2022-06-20 14:46:06,797 [Time-limited test] DEBUG client.GrpcClientProtocolClient (ConfUtils.java:logGet(46)) - raft.grpc.message.size.max = 64MB (=67108864) (default)
2022-06-20 14:46:06,840 [grpc-default-executor-0] TRACE client.GrpcClientProtocolClient (GrpcClientProtocolClient.java:onNext(322)) - client-BFB4E44DEDC6->s0: receive RaftClientReply:client-BFB4E44DEDC6->s0@group-DC99044563B7, cid=0, SUCCESS, logIndex=0, commits[s0:c0, s1:c0, s2:c0]
2022-06-20 14:46:06,867 [s0@group-DC99044563B7-StateMachineUpdater] INFO  statemachine.SimpleStateMachine4Testing (SimpleStateMachine4Testing.java:put(204)) - s0: put 1, testing -> (t:2, i:1), STATEMACHINELOGENTRY, 1@client-BFB4E44DEDC6
2022-06-20 14:46:06,869 [grpc-default-executor-2] TRACE client.GrpcClientProtocolClient (GrpcClientProtocolClient.java:onNext(322)) - client-BFB4E44DEDC6->s0: receive RaftClientReply:client-BFB4E44DEDC6->s0@group-DC99044563B7, cid=1, SUCCESS, logIndex=1, commits[s0:c1, s1:c0, s2:c0]
2022-06-20 14:46:06,886 [s1@group-DC99044563B7-StateMachineUpdater] INFO  statemachine.SimpleStateMachine4Testing (SimpleStateMachine4Testing.java:put(204)) - s1: put 1, testing -> (t:2, i:1), STATEMACHINELOGENTRY, 1@client-BFB4E44DEDC6
2022-06-20 14:46:06,889 [s2@group-DC99044563B7-StateMachineUpdater] INFO  statemachine.SimpleStateMachine4Testing (SimpleStateMachine4Testing.java:put(204)) - s2: put 1, testing -> (t:2, i:1), STATEMACHINELOGENTRY, 1@client-BFB4E44DEDC6
2022-06-20 14:46:06,893 [Time-limited test] INFO  impl.MiniRaftCluster (MiniRaftCluster.java:shutdown(760)) - ************************************************************** 
2022-06-20 14:46:06,893 [Time-limited test] INFO  impl.MiniRaftCluster (MiniRaftCluster.java:shutdown(761)) - *** 
2022-06-20 14:46:06,893 [Time-limited test] INFO  impl.MiniRaftCluster (MiniRaftCluster.java:shutdown(762)) - ***     Stopping MiniRaftClusterWithGrpc
2022-06-20 14:46:06,893 [Time-limited test] INFO  impl.MiniRaftCluster (MiniRaftCluster.java:shutdown(763)) - *** 
2022-06-20 14:46:06,893 [Time-limited test] INFO  impl.MiniRaftCluster (MiniRaftCluster.java:shutdown(764)) - ************************************************************** 
2022-06-20 14:46:06,893 [Time-limited test] INFO  impl.MiniRaftCluster (MiniRaftCluster.java:shutdown(765)) - printing ALL groups
  s0:  RUNNING    LEADER s0@group-DC99044563B7:t2, leader=s0, voted=s0, raftlog=s0@group-DC99044563B7-SegmentedRaftLog:OPENED:c2, conf=0: [s0|rpc:localhost:45701|admin:localhost:41561|client:localhost:45665|dataStream:localhost:42355|priority:0, s1|rpc:localhost:34781|admin:localhost:40917|client:localhost:44781|dataStream:localhost:45713|priority:0, s2|rpc:localhost:33903|admin:localhost:40375|client:localhost:42615|dataStream:localhost:36099|priority:0], old=null RUNNING
  s1:  RUNNING  FOLLOWER s1@group-DC99044563B7:t2, leader=s0, voted=s0, raftlog=s1@group-DC99044563B7-SegmentedRaftLog:OPENED:c1, conf=0: [s0|rpc:localhost:45701|admin:localhost:41561|client:localhost:45665|dataStream:localhost:42355|priority:0, s1|rpc:localhost:34781|admin:localhost:40917|client:localhost:44781|dataStream:localhost:45713|priority:0, s2|rpc:localhost:33903|admin:localhost:40375|client:localhost:42615|dataStream:localhost:36099|priority:0], old=null RUNNING
  s2:  RUNNING  FOLLOWER s2@group-DC99044563B7:t2, leader=s0, voted=s0, raftlog=s2@group-DC99044563B7-SegmentedRaftLog:OPENED:c1, conf=0: [s0|rpc:localhost:45701|admin:localhost:41561|client:localhost:45665|dataStream:localhost:42355|priority:0, s1|rpc:localhost:34781|admin:localhost:40917|client:localhost:44781|dataStream:localhost:45713|priority:0, s2|rpc:localhost:33903|admin:localhost:40375|client:localhost:42615|dataStream:localhost:36099|priority:0], old=null RUNNING
2022-06-20 14:46:06,896 [java.util.concurrent.ThreadPoolExecutor$Worker@73f81150[State = -1, empty queue]] INFO  server.RaftServer (RaftServerProxy.java:lambda$close$7(398)) - s0: close
2022-06-20 14:46:06,897 [java.util.concurrent.ThreadPoolExecutor$Worker@73f81150[State = -1, empty queue]] INFO  server.RaftServer$Division (RaftServerImpl.java:lambda$close$4(434)) - s0@group-DC99044563B7: shutdown
2022-06-20 14:46:06,897 [java.util.concurrent.ThreadPoolExecutor$Worker@73f81150[State = -1, empty queue]] INFO  util.JmxRegister (JmxRegister.java:unregister(73)) - Successfully un-registered JMX Bean with object name Ratis:service=RaftServer,group=group-DC99044563B7,id=s0
2022-06-20 14:46:06,897 [java.util.concurrent.ThreadPoolExecutor$Worker@73f81150[State = -1, empty queue]] INFO  impl.RoleInfo (RoleInfo.java:shutdownLeaderState(93)) - s0: shutdown s0@group-DC99044563B7-LeaderStateImpl
2022-06-20 14:46:06,897 [java.util.concurrent.ThreadPoolExecutor$Worker@73f81150[State = -1, empty queue]] INFO  impl.PendingRequests (PendingRequests.java:sendNotLeaderResponses(282)) - s0@group-DC99044563B7-PendingRequests: sendNotLeaderResponses
2022-06-20 14:46:06,898 [java.util.concurrent.ThreadPoolExecutor$Worker@73f81150[State = -1, empty queue]] INFO  impl.StateMachineUpdater (StateMachineUpdater.java:stopAndJoin(153)) - s0@group-DC99044563B7-StateMachineUpdater: set stopIndex = 2
2022-06-20 14:46:06,899 [java.util.concurrent.ThreadPoolExecutor$Worker@73f81150[State = -1, empty queue]] INFO  server.RaftServer$Division (ServerState.java:close(433)) - s0@group-DC99044563B7: closes. applyIndex: 2
2022-06-20 14:46:06,899 [s0@group-DC99044563B7-SegmentedRaftLogWorker] INFO  segmented.SegmentedRaftLogWorker (SegmentedRaftLogWorker.java:run(336)) - s0@group-DC99044563B7-SegmentedRaftLogWorker was interrupted, exiting. There are 0 tasks remaining in the queue.
2022-06-20 14:46:06,900 [s0@group-DC99044563B7->s2-GrpcLogAppender-LogAppenderDaemon] WARN  server.GrpcLogAppender (GrpcLogAppender.java:mayWait(172)) - s0@group-DC99044563B7->s2-GrpcLogAppender: Wait interrupted by java.lang.InterruptedException
2022-06-20 14:46:06,900 [java.util.concurrent.ThreadPoolExecutor$Worker@73f81150[State = -1, empty queue]] INFO  segmented.SegmentedRaftLogWorker (SegmentedRaftLogWorker.java:close(246)) - s0@group-DC99044563B7-SegmentedRaftLogWorker close()
2022-06-20 14:46:06,901 [java.util.concurrent.ThreadPoolExecutor$Worker@73f81150[State = -1, empty queue]] INFO  server.GrpcService (GrpcService.java:closeImpl(269)) - s0: shutdown server with port 45701 now
2022-06-20 14:46:06,902 [grpc-default-executor-2] INFO  server.GrpcServerProtocolService (GrpcServerProtocolService.java:onCompleted(140)) - s2: Completed APPEND_ENTRIES, lastRequest: s0->s2#13-t2,previous=(t:2, i:1),leaderCommit=1,initializing? true,entries: size=1, first=(t:2, i:2), METADATAENTRY(c:1)
2022-06-20 14:46:06,902 [s0@group-DC99044563B7->s1-GrpcLogAppender-LogAppenderDaemon] WARN  server.GrpcLogAppender (GrpcLogAppender.java:mayWait(172)) - s0@group-DC99044563B7->s1-GrpcLogAppender: Wait interrupted by java.lang.InterruptedException
2022-06-20 14:46:06,903 [grpc-default-executor-0] INFO  server.GrpcLogAppender (GrpcLogAppender.java:onCompleted(340)) - s0@group-DC99044563B7->s2-AppendLogResponseHandler: follower responses appendEntries COMPLETED
2022-06-20 14:46:06,905 [grpc-default-executor-0] INFO  leader.FollowerInfo (FollowerInfoImpl.java:lambda$new$0(48)) - s0@group-DC99044563B7->s2: nextIndex: updateUnconditionally 3 -> 2
2022-06-20 14:46:06,905 [java.util.concurrent.ThreadPoolExecutor$Worker@3670dea5[State = -1, empty queue]] INFO  server.RaftServer (RaftServerProxy.java:lambda$close$7(398)) - s1: close
2022-06-20 14:46:06,905 [java.util.concurrent.ThreadPoolExecutor$Worker@3670dea5[State = -1, empty queue]] INFO  server.RaftServer$Division (RaftServerImpl.java:lambda$close$4(434)) - s1@group-DC99044563B7: shutdown
2022-06-20 14:46:06,905 [java.util.concurrent.ThreadPoolExecutor$Worker@3670dea5[State = -1, empty queue]] INFO  util.JmxRegister (JmxRegister.java:unregister(73)) - Successfully un-registered JMX Bean with object name Ratis:service=RaftServer,group=group-DC99044563B7,id=s1
2022-06-20 14:46:06,905 [java.util.concurrent.ThreadPoolExecutor$Worker@3670dea5[State = -1, empty queue]] INFO  impl.RoleInfo (RoleInfo.java:shutdownFollowerState(110)) - s1: shutdown s1@group-DC99044563B7-FollowerState
2022-06-20 14:46:06,906 [java.util.concurrent.ThreadPoolExecutor$Worker@3670dea5[State = -1, empty queue]] INFO  impl.StateMachineUpdater (StateMachineUpdater.java:stopAndJoin(153)) - s1@group-DC99044563B7-StateMachineUpdater: set stopIndex = 1
2022-06-20 14:46:06,906 [s1@group-DC99044563B7-FollowerState] INFO  impl.FollowerState (FollowerState.java:run(152)) - s1@group-DC99044563B7-FollowerState was interrupted
2022-06-20 14:46:06,906 [java.util.concurrent.ThreadPoolExecutor$Worker@3670dea5[State = -1, empty queue]] INFO  server.RaftServer$Division (ServerState.java:close(433)) - s1@group-DC99044563B7: closes. applyIndex: 1
2022-06-20 14:46:06,906 [s1@group-DC99044563B7-SegmentedRaftLogWorker] INFO  segmented.SegmentedRaftLogWorker (SegmentedRaftLogWorker.java:run(336)) - s1@group-DC99044563B7-SegmentedRaftLogWorker was interrupted, exiting. There are 0 tasks remaining in the queue.
2022-06-20 14:46:06,907 [java.util.concurrent.ThreadPoolExecutor$Worker@3670dea5[State = -1, empty queue]] INFO  segmented.SegmentedRaftLogWorker (SegmentedRaftLogWorker.java:close(246)) - s1@group-DC99044563B7-SegmentedRaftLogWorker close()
2022-06-20 14:46:06,907 [grpc-default-executor-0] INFO  server.GrpcServerProtocolService (GrpcServerProtocolService.java:onCompleted(140)) - s1: Completed APPEND_ENTRIES, lastRequest: s0->s1#12-t2,previous=(t:2, i:1),leaderCommit=1,initializing? true,entries: size=1, first=(t:2, i:2), METADATAENTRY(c:1)
2022-06-20 14:46:06,908 [java.util.concurrent.ThreadPoolExecutor$Worker@50e672cf[State = -1, empty queue]] INFO  server.RaftServer (RaftServerProxy.java:lambda$close$7(398)) - s2: close
2022-06-20 14:46:06,908 [grpc-default-executor-2] INFO  server.GrpcLogAppender (GrpcLogAppender.java:onCompleted(340)) - s0@group-DC99044563B7->s1-AppendLogResponseHandler: follower responses appendEntries COMPLETED
2022-06-20 14:46:06,908 [java.util.concurrent.ThreadPoolExecutor$Worker@3670dea5[State = -1, empty queue]] INFO  server.GrpcService (GrpcService.java:closeImpl(269)) - s1: shutdown server with port 34781 now
2022-06-20 14:46:06,914 [java.util.concurrent.ThreadPoolExecutor$Worker@50e672cf[State = -1, empty queue]] INFO  server.RaftServer$Division (RaftServerImpl.java:lambda$close$4(434)) - s2@group-DC99044563B7: shutdown
2022-06-20 14:46:06,914 [java.util.concurrent.ThreadPoolExecutor$Worker@50e672cf[State = -1, empty queue]] INFO  util.JmxRegister (JmxRegister.java:unregister(73)) - Successfully un-registered JMX Bean with object name Ratis:service=RaftServer,group=group-DC99044563B7,id=s2
2022-06-20 14:46:06,914 [java.util.concurrent.ThreadPoolExecutor$Worker@50e672cf[State = -1, empty queue]] INFO  impl.RoleInfo (RoleInfo.java:shutdownFollowerState(110)) - s2: shutdown s2@group-DC99044563B7-FollowerState
2022-06-20 14:46:06,914 [s2@group-DC99044563B7-FollowerState] INFO  impl.FollowerState (FollowerState.java:run(152)) - s2@group-DC99044563B7-FollowerState was interrupted
2022-06-20 14:46:06,914 [java.util.concurrent.ThreadPoolExecutor$Worker@50e672cf[State = -1, empty queue]] INFO  impl.StateMachineUpdater (StateMachineUpdater.java:stopAndJoin(153)) - s2@group-DC99044563B7-StateMachineUpdater: set stopIndex = 1
2022-06-20 14:46:06,914 [java.util.concurrent.ThreadPoolExecutor$Worker@50e672cf[State = -1, empty queue]] INFO  server.RaftServer$Division (ServerState.java:close(433)) - s2@group-DC99044563B7: closes. applyIndex: 1
2022-06-20 14:46:06,914 [grpc-default-executor-2] WARN  server.GrpcLogAppender (GrpcLogAppender.java:resetClient(118)) - s0@group-DC99044563B7->s1-GrpcLogAppender: Failed to getClient for s1
org.apache.ratis.protocol.exceptions.AlreadyClosedException: s0 is already CLOSED
	at org.apache.ratis.util.PeerProxyMap$PeerAndProxy.getProxy(PeerProxyMap.java:61)
	at org.apache.ratis.util.PeerProxyMap.getProxy(PeerProxyMap.java:115)
	at org.apache.ratis.grpc.server.GrpcLogAppender.getClient(GrpcLogAppender.java:97)
	at org.apache.ratis.grpc.server.GrpcLogAppender.resetClient(GrpcLogAppender.java:102)
	at org.apache.ratis.grpc.server.GrpcLogAppender.access$500(GrpcLogAppender.java:55)
	at org.apache.ratis.grpc.server.GrpcLogAppender$AppendLogResponseHandler.onCompleted(GrpcLogAppender.java:341)
	at org.apache.ratis.thirdparty.io.grpc.stub.ClientCalls$StreamObserverToCallListenerAdapter.onClose(ClientCalls.java:477)
	at org.apache.ratis.thirdparty.io.grpc.internal.ClientCallImpl.closeObserver(ClientCallImpl.java:562)
	at org.apache.ratis.thirdparty.io.grpc.internal.ClientCallImpl.access$300(ClientCallImpl.java:70)
	at org.apache.ratis.thirdparty.io.grpc.internal.ClientCallImpl$ClientStreamListenerImpl$1StreamClosed.runInternal(ClientCallImpl.java:743)
	at org.apache.ratis.thirdparty.io.grpc.internal.ClientCallImpl$ClientStreamListenerImpl$1StreamClosed.runInContext(ClientCallImpl.java:722)
	at org.apache.ratis.thirdparty.io.grpc.internal.ContextRunnable.run(ContextRunnable.java:37)
	at org.apache.ratis.thirdparty.io.grpc.internal.SerializingExecutor.run(SerializingExecutor.java:133)
	at java.util.concurrent.ThreadPoolExecutor.runWorker(ThreadPoolExecutor.java:1149)
	at java.util.concurrent.ThreadPoolExecutor$Worker.run(ThreadPoolExecutor.java:624)
	at java.lang.Thread.run(Thread.java:750)
2022-06-20 14:46:06,915 [s2@group-DC99044563B7-SegmentedRaftLogWorker] INFO  segmented.SegmentedRaftLogWorker (SegmentedRaftLogWorker.java:run(336)) - s2@group-DC99044563B7-SegmentedRaftLogWorker was interrupted, exiting. There are 0 tasks remaining in the queue.
2022-06-20 14:46:06,916 [java.util.concurrent.ThreadPoolExecutor$Worker@50e672cf[State = -1, empty queue]] INFO  segmented.SegmentedRaftLogWorker (SegmentedRaftLogWorker.java:close(246)) - s2@group-DC99044563B7-SegmentedRaftLogWorker close()
2022-06-20 14:46:06,916 [java.util.concurrent.ThreadPoolExecutor$Worker@50e672cf[State = -1, empty queue]] INFO  server.GrpcService (GrpcService.java:closeImpl(269)) - s2: shutdown server with port 33903 now
2022-06-20 14:46:06,917 [java.util.concurrent.ThreadPoolExecutor$Worker@73f81150[State = -1, empty queue]] INFO  server.GrpcService (GrpcService.java:closeImpl(278)) - s0: shutdown server with port 45701 successfully
2022-06-20 14:46:06,917 [java.util.concurrent.ThreadPoolExecutor$Worker@73f81150[State = -1, empty queue]] INFO  server.GrpcService (GrpcService.java:closeImpl(269)) - s0: shutdown server with port 41561 now
2022-06-20 14:46:06,917 [java.util.concurrent.ThreadPoolExecutor$Worker@73f81150[State = -1, empty queue]] INFO  server.GrpcService (GrpcService.java:closeImpl(278)) - s0: shutdown server with port 41561 successfully
2022-06-20 14:46:06,918 [java.util.concurrent.ThreadPoolExecutor$Worker@73f81150[State = -1, empty queue]] INFO  server.GrpcService (GrpcService.java:closeImpl(269)) - s0: shutdown server with port 45665 now
2022-06-20 14:46:06,918 [java.util.concurrent.ThreadPoolExecutor$Worker@73f81150[State = -1, empty queue]] INFO  server.GrpcService (GrpcService.java:closeImpl(278)) - s0: shutdown server with port 45665 successfully
2022-06-20 14:46:06,918 [org.apache.ratis.util.JvmPauseMonitor$$Lambda$286/973387599@7e1ddcee] INFO  util.JvmPauseMonitor (JvmPauseMonitor.java:run(109)) - JvmPauseMonitor-s0: Stopped
2022-06-20 14:46:06,919 [java.util.concurrent.ThreadPoolExecutor$Worker@3670dea5[State = -1, empty queue]] INFO  server.GrpcService (GrpcService.java:closeImpl(278)) - s1: shutdown server with port 34781 successfully
2022-06-20 14:46:06,920 [java.util.concurrent.ThreadPoolExecutor$Worker@3670dea5[State = -1, empty queue]] INFO  server.GrpcService (GrpcService.java:closeImpl(269)) - s1: shutdown server with port 40917 now
2022-06-20 14:46:06,920 [java.util.concurrent.ThreadPoolExecutor$Worker@3670dea5[State = -1, empty queue]] INFO  server.GrpcService (GrpcService.java:closeImpl(278)) - s1: shutdown server with port 40917 successfully
2022-06-20 14:46:06,920 [java.util.concurrent.ThreadPoolExecutor$Worker@3670dea5[State = -1, empty queue]] INFO  server.GrpcService (GrpcService.java:closeImpl(269)) - s1: shutdown server with port 44781 now
2022-06-20 14:46:06,920 [java.util.concurrent.ThreadPoolExecutor$Worker@3670dea5[State = -1, empty queue]] INFO  server.GrpcService (GrpcService.java:closeImpl(278)) - s1: shutdown server with port 44781 successfully
2022-06-20 14:46:06,920 [org.apache.ratis.util.JvmPauseMonitor$$Lambda$286/973387599@219a3f20] INFO  util.JvmPauseMonitor (JvmPauseMonitor.java:run(109)) - JvmPauseMonitor-s1: Stopped
2022-06-20 14:46:06,921 [java.util.concurrent.ThreadPoolExecutor$Worker@50e672cf[State = -1, empty queue]] INFO  server.GrpcService (GrpcService.java:closeImpl(278)) - s2: shutdown server with port 33903 successfully
2022-06-20 14:46:06,921 [java.util.concurrent.ThreadPoolExecutor$Worker@50e672cf[State = -1, empty queue]] INFO  server.GrpcService (GrpcService.java:closeImpl(269)) - s2: shutdown server with port 40375 now
2022-06-20 14:46:06,921 [java.util.concurrent.ThreadPoolExecutor$Worker@50e672cf[State = -1, empty queue]] INFO  server.GrpcService (GrpcService.java:closeImpl(278)) - s2: shutdown server with port 40375 successfully
2022-06-20 14:46:06,921 [java.util.concurrent.ThreadPoolExecutor$Worker@50e672cf[State = -1, empty queue]] INFO  server.GrpcService (GrpcService.java:closeImpl(269)) - s2: shutdown server with port 42615 now
2022-06-20 14:46:06,923 [java.util.concurrent.ThreadPoolExecutor$Worker@50e672cf[State = -1, empty queue]] INFO  server.GrpcService (GrpcService.java:closeImpl(278)) - s2: shutdown server with port 42615 successfully
2022-06-20 14:46:06,923 [org.apache.ratis.util.JvmPauseMonitor$$Lambda$286/973387599@31706d51] INFO  util.JvmPauseMonitor (JvmPauseMonitor.java:run(109)) - JvmPauseMonitor-s2: Stopped
2022-06-20 14:46:06,924 [Time-limited test] INFO  impl.MiniRaftCluster (MiniRaftCluster.java:shutdown(783)) - MiniRaftClusterWithGrpc shutdown completed
]]></system-out>
  </testcase>
  <testcase name="testRaftServerMetrics" classname="org.apache.ratis.grpc.TestRaftServerWithGrpc" time="1.08"/>
  <testcase name="testUnsupportedMethods" classname="org.apache.ratis.grpc.TestRaftServerWithGrpc" time="0.501"/>
  <testcase name="testServerRestartOnException" classname="org.apache.ratis.grpc.TestRaftServerWithGrpc" time="22.539"/>
  <testcase name="testLeaderRestart" classname="org.apache.ratis.grpc.TestRaftServerWithGrpc" time="5.508"/>
</testsuite>