<?xml version="1.0" encoding="UTF-8"?>
<testsuite xmlns:xsi="http://www.w3.org/2001/XMLSchema-instance" xsi:noNamespaceSchemaLocation="https://maven.apache.org/surefire/maven-surefire-plugin/xsd/surefire-test-report.xsd" name="org.apache.ratis.grpc.TestLeaderInstallSnapshot" time="11.312" tests="4" errors="0" skipped="0" failures="1">
  <properties>
    <property name="awt.toolkit" value="sun.awt.X11.XToolkit"/>
    <property name="java.specification.version" value="11"/>
    <property name="sun.cpu.isalist" value=""/>
    <property name="sun.jnu.encoding" value="UTF-8"/>
    <property name="java.class.path" value="/home/runner/work/ratis/ratis/ratis-test/target/test-classes:/home/runner/work/ratis/ratis/ratis-test/target/classes:/home/runner/work/ratis/ratis/ratis-common/target/classes:/home/runner/.m2/repository/org/apache/ratis/ratis-thirdparty-misc/1.0.3/ratis-thirdparty-misc-1.0.3.jar:/home/runner/work/ratis/ratis/ratis-proto/target/ratis-proto-3.0.0-SNAPSHOT.jar:/home/runner/work/ratis/ratis/ratis-common/target/test-classes:/home/runner/work/ratis/ratis/ratis-client/target/classes:/home/runner/work/ratis/ratis/ratis-server/target/classes:/home/runner/work/ratis/ratis/ratis-server-api/target/classes:/home/runner/work/ratis/ratis/ratis-metrics-api/target/classes:/home/runner/work/ratis/ratis/ratis-server/target/test-classes:/home/runner/work/ratis/ratis/ratis-metrics-default/target/classes:/home/runner/work/ratis/ratis/ratis-netty/target/classes:/home/runner/work/ratis/ratis/ratis-netty/target/test-classes:/home/runner/work/ratis/ratis/ratis-grpc/target/classes:/home/runner/work/ratis/ratis/ratis-grpc/target/test-classes:/home/runner/work/ratis/ratis/ratis-shell/target/classes:/home/runner/.m2/repository/commons-cli/commons-cli/1.5.0/commons-cli-1.5.0.jar:/home/runner/.m2/repository/org/reflections/reflections/0.10.2/reflections-0.10.2.jar:/home/runner/.m2/repository/org/javassist/javassist/3.28.0-GA/javassist-3.28.0-GA.jar:/home/runner/.m2/repository/com/google/code/findbugs/jsr305/3.0.2/jsr305-3.0.2.jar:/home/runner/.m2/repository/org/bouncycastle/bcprov-jdk15on/1.70/bcprov-jdk15on-1.70.jar:/home/runner/.m2/repository/org/bouncycastle/bcpkix-jdk15on/1.70/bcpkix-jdk15on-1.70.jar:/home/runner/.m2/repository/org/bouncycastle/bcutil-jdk15on/1.70/bcutil-jdk15on-1.70.jar:/home/runner/.m2/repository/org/slf4j/slf4j-api/1.7.36/slf4j-api-1.7.36.jar:/home/runner/.m2/repository/org/slf4j/slf4j-reload4j/1.7.36/slf4j-reload4j-1.7.36.jar:/home/runner/.m2/repository/ch/qos/reload4j/reload4j/1.2.19/reload4j-1.2.19.jar:/home/runner/.m2/repository/junit/junit/4.13.2/junit-4.13.2.jar:/home/runner/.m2/repository/org/hamcrest/hamcrest-core/1.3/hamcrest-core-1.3.jar:/home/runner/.m2/repository/org/mockito/mockito-core/4.3.1/mockito-core-4.3.1.jar:/home/runner/.m2/repository/net/bytebuddy/byte-buddy/1.12.7/byte-buddy-1.12.7.jar:/home/runner/.m2/repository/net/bytebuddy/byte-buddy-agent/1.12.7/byte-buddy-agent-1.12.7.jar:/home/runner/.m2/repository/org/objenesis/objenesis/3.2/objenesis-3.2.jar:"/>
    <property name="java.vm.vendor" value="Eclipse Adoptium"/>
    <property name="sun.arch.data.model" value="64"/>
    <property name="java.vendor.url" value="https://adoptium.net/"/>
    <property name="user.timezone" value=""/>
    <property name="java.vm.specification.version" value="11"/>
    <property name="os.name" value="Linux"/>
    <property name="sun.java.launcher" value="SUN_STANDARD"/>
    <property name="sun.boot.library.path" value="/usr/lib/jvm/temurin-11-jdk-amd64/lib"/>
    <property name="sun.java.command" value="/home/runner/work/ratis/ratis/ratis-test/target/surefire/surefirebooter5096636859958481636.jar /home/runner/work/ratis/ratis/ratis-test/target/surefire 2023-02-21T19-17-03_361-jvmRun1 surefire1215698181908492799tmp surefire_215930054328703127652tmp"/>
    <property name="jdk.debug" value="release"/>
    <property name="surefire.test.class.path" value="/home/runner/work/ratis/ratis/ratis-test/target/test-classes:/home/runner/work/ratis/ratis/ratis-test/target/classes:/home/runner/work/ratis/ratis/ratis-common/target/classes:/home/runner/.m2/repository/org/apache/ratis/ratis-thirdparty-misc/1.0.3/ratis-thirdparty-misc-1.0.3.jar:/home/runner/work/ratis/ratis/ratis-proto/target/ratis-proto-3.0.0-SNAPSHOT.jar:/home/runner/work/ratis/ratis/ratis-common/target/test-classes:/home/runner/work/ratis/ratis/ratis-client/target/classes:/home/runner/work/ratis/ratis/ratis-server/target/classes:/home/runner/work/ratis/ratis/ratis-server-api/target/classes:/home/runner/work/ratis/ratis/ratis-metrics-api/target/classes:/home/runner/work/ratis/ratis/ratis-server/target/test-classes:/home/runner/work/ratis/ratis/ratis-metrics-default/target/classes:/home/runner/work/ratis/ratis/ratis-netty/target/classes:/home/runner/work/ratis/ratis/ratis-netty/target/test-classes:/home/runner/work/ratis/ratis/ratis-grpc/target/classes:/home/runner/work/ratis/ratis/ratis-grpc/target/test-classes:/home/runner/work/ratis/ratis/ratis-shell/target/classes:/home/runner/.m2/repository/commons-cli/commons-cli/1.5.0/commons-cli-1.5.0.jar:/home/runner/.m2/repository/org/reflections/reflections/0.10.2/reflections-0.10.2.jar:/home/runner/.m2/repository/org/javassist/javassist/3.28.0-GA/javassist-3.28.0-GA.jar:/home/runner/.m2/repository/com/google/code/findbugs/jsr305/3.0.2/jsr305-3.0.2.jar:/home/runner/.m2/repository/org/bouncycastle/bcprov-jdk15on/1.70/bcprov-jdk15on-1.70.jar:/home/runner/.m2/repository/org/bouncycastle/bcpkix-jdk15on/1.70/bcpkix-jdk15on-1.70.jar:/home/runner/.m2/repository/org/bouncycastle/bcutil-jdk15on/1.70/bcutil-jdk15on-1.70.jar:/home/runner/.m2/repository/org/slf4j/slf4j-api/1.7.36/slf4j-api-1.7.36.jar:/home/runner/.m2/repository/org/slf4j/slf4j-reload4j/1.7.36/slf4j-reload4j-1.7.36.jar:/home/runner/.m2/repository/ch/qos/reload4j/reload4j/1.2.19/reload4j-1.2.19.jar:/home/runner/.m2/repository/junit/junit/4.13.2/junit-4.13.2.jar:/home/runner/.m2/repository/org/hamcrest/hamcrest-core/1.3/hamcrest-core-1.3.jar:/home/runner/.m2/repository/org/mockito/mockito-core/4.3.1/mockito-core-4.3.1.jar:/home/runner/.m2/repository/net/bytebuddy/byte-buddy/1.12.7/byte-buddy-1.12.7.jar:/home/runner/.m2/repository/net/bytebuddy/byte-buddy-agent/1.12.7/byte-buddy-agent-1.12.7.jar:/home/runner/.m2/repository/org/objenesis/objenesis/3.2/objenesis-3.2.jar:"/>
    <property name="sun.cpu.endian" value="little"/>
    <property name="user.home" value="/home/runner"/>
    <property name="user.language" value="en"/>
    <property name="java.specification.vendor" value="Oracle Corporation"/>
    <property name="java.version.date" value="2023-01-17"/>
    <property name="java.home" value="/usr/lib/jvm/temurin-11-jdk-amd64"/>
    <property name="file.separator" value="/"/>
    <property name="basedir" value="/home/runner/work/ratis/ratis/ratis-test"/>
    <property name="java.vm.compressedOopsMode" value="32-bit"/>
    <property name="line.separator" value="&#10;"/>
    <property name="java.specification.name" value="Java Platform API Specification"/>
    <property name="java.vm.specification.vendor" value="Oracle Corporation"/>
    <property name="java.awt.graphicsenv" value="sun.awt.X11GraphicsEnvironment"/>
    <property name="surefire.real.class.path" value="/home/runner/work/ratis/ratis/ratis-test/target/surefire/surefirebooter5096636859958481636.jar"/>
    <property name="sun.management.compiler" value="HotSpot 64-Bit Tiered Compilers"/>
    <property name="java.runtime.version" value="11.0.18+10"/>
    <property name="user.name" value="runner"/>
    <property name="java.net.preferIPv4Stack" value="true"/>
    <property name="path.separator" value=":"/>
    <property name="os.version" value="5.15.0-1033-azure"/>
    <property name="java.runtime.name" value="OpenJDK Runtime Environment"/>
    <property name="file.encoding" value="UTF-8"/>
    <property name="java.vm.name" value="OpenJDK 64-Bit Server VM"/>
    <property name="java.vendor.version" value="Temurin-11.0.18+10"/>
    <property name="localRepository" value="/home/runner/.m2/repository"/>
    <property name="java.vendor.url.bug" value="https://github.com/adoptium/adoptium-support/issues"/>
    <property name="java.io.tmpdir" value="/tmp"/>
    <property name="java.version" value="11.0.18"/>
    <property name="user.dir" value="/home/runner/work/ratis/ratis/ratis-test"/>
    <property name="os.arch" value="amd64"/>
    <property name="ratis.tmp.dir" value="/home/runner/work/ratis/ratis/ratis-test/target/tmp"/>
    <property name="java.vm.specification.name" value="Java Virtual Machine Specification"/>
    <property name="java.awt.printerjob" value="sun.print.PSPrinterJob"/>
    <property name="ratis.log.dir" value="/home/runner/work/ratis/ratis/ratis-test/target/log"/>
    <property name="sun.os.patch.level" value="unknown"/>
    <property name="java.library.path" value="/usr/java/packages/lib:/usr/lib64:/lib64:/lib:/usr/lib"/>
    <property name="java.vm.info" value="mixed mode"/>
    <property name="java.vendor" value="Eclipse Adoptium"/>
    <property name="java.vm.version" value="11.0.18+10"/>
    <property name="sun.io.unicode.encoding" value="UnicodeLittle"/>
    <property name="java.class.version" value="55.0"/>
  </properties>
  <testcase name="testMultiFileInstallSnapshot[0]" classname="org.apache.ratis.grpc.TestLeaderInstallSnapshot" time="2.658"/>
  <testcase name="testSeparateSnapshotInstallPath[0]" classname="org.apache.ratis.grpc.TestLeaderInstallSnapshot" time="1.067"/>
  <testcase name="testMultiFileInstallSnapshot[1]" classname="org.apache.ratis.grpc.TestLeaderInstallSnapshot" time="6.138">
    <failure type="java.lang.AssertionError">java.lang.AssertionError
	at org.junit.Assert.fail(Assert.java:87)
	at org.junit.Assert.assertTrue(Assert.java:42)
	at org.junit.Assert.assertNotNull(Assert.java:713)
	at org.junit.Assert.assertNotNull(Assert.java:723)
	at org.apache.ratis.InstallSnapshotFromLeaderTests.testMultiFileInstallSnapshot(InstallSnapshotFromLeaderTests.java:121)
	at org.apache.ratis.server.impl.MiniRaftCluster$Factory$Get.runWithNewCluster(MiniRaftCluster.java:141)
	at org.apache.ratis.server.impl.MiniRaftCluster$Factory$Get.runWithNewCluster(MiniRaftCluster.java:121)
	at org.apache.ratis.InstallSnapshotFromLeaderTests.testMultiFileInstallSnapshot(InstallSnapshotFromLeaderTests.java:79)
	at java.base/jdk.internal.reflect.NativeMethodAccessorImpl.invoke0(Native Method)
	at java.base/jdk.internal.reflect.NativeMethodAccessorImpl.invoke(NativeMethodAccessorImpl.java:62)
	at java.base/jdk.internal.reflect.DelegatingMethodAccessorImpl.invoke(DelegatingMethodAccessorImpl.java:43)
	at java.base/java.lang.reflect.Method.invoke(Method.java:566)
	at org.junit.runners.model.FrameworkMethod$1.runReflectiveCall(FrameworkMethod.java:59)
	at org.junit.internal.runners.model.ReflectiveCallable.run(ReflectiveCallable.java:12)
	at org.junit.runners.model.FrameworkMethod.invokeExplosively(FrameworkMethod.java:56)
	at org.junit.internal.runners.statements.InvokeMethod.evaluate(InvokeMethod.java:17)
	at org.junit.internal.runners.statements.RunAfters.evaluate(RunAfters.java:27)
	at org.junit.internal.runners.statements.FailOnTimeout$CallableStatement.call(FailOnTimeout.java:299)
	at org.junit.internal.runners.statements.FailOnTimeout$CallableStatement.call(FailOnTimeout.java:293)
	at java.base/java.util.concurrent.FutureTask.run(FutureTask.java:264)
	at java.base/java.lang.Thread.run(Thread.java:829)
</failure>
    <system-out><![CDATA[2023-02-21 19:18:08,072 [main] INFO  util.LogUtils (Slf4jUtils.java:setLogLevel(38)) - Successfully set org.apache.ratis.conf.ConfUtils log level to WARN
2023-02-21 19:18:08,072 [main] INFO  util.LogUtils (Slf4jUtils.java:setLogLevel(38)) - Successfully set org.apache.ratis.util.FileUtils log level to TRACE
2023-02-21 19:18:08,073 [Time-limited test] INFO  impl.MiniRaftCluster (MiniRaftCluster.java:runWithNewCluster(135)) - Running runWithNewCluster
2023-02-21 19:18:08,074 [Time-limited test] INFO  impl.MiniRaftCluster (MiniRaftCluster.java:<init>(306)) - new MiniRaftClusterWithGrpc with group-0E8C23DEEB97:[s0|rpc:localhost:32941|admin:localhost:41435|client:localhost:45167|dataStream:localhost:35001|priority:0|startupRole:FOLLOWER]
2023-02-21 19:18:08,074 [Time-limited test] INFO  impl.MiniRaftCluster (MiniRaftCluster.java:start(339)) - .............................................................. 
2023-02-21 19:18:08,074 [Time-limited test] INFO  impl.MiniRaftCluster (MiniRaftCluster.java:start(340)) - ... 
2023-02-21 19:18:08,074 [Time-limited test] INFO  impl.MiniRaftCluster (MiniRaftCluster.java:start(341)) - ...     Starting MiniRaftClusterWithGrpc
2023-02-21 19:18:08,074 [Time-limited test] INFO  impl.MiniRaftCluster (MiniRaftCluster.java:start(342)) - ... 
2023-02-21 19:18:08,074 [Time-limited test] INFO  impl.MiniRaftCluster (MiniRaftCluster.java:start(343)) - .............................................................. 
2023-02-21 19:18:08,074 [Time-limited test] INFO  impl.MiniRaftCluster (MiniRaftCluster.java:initServers(318)) - servers = {}
2023-02-21 19:18:08,080 [Time-limited test] INFO  impl.MiniRaftCluster (MiniRaftCluster.java:newRaftServer(382)) - newRaftServer: s0, group-0E8C23DEEB97:[s0|rpc:localhost:32941|admin:localhost:41435|client:localhost:45167|dataStream:localhost:35001|priority:0|startupRole:FOLLOWER], format? true
2023-02-21 19:18:08,080 [Time-limited test] TRACE util.FileUtils (FileUtils.java:deleteFully(201)) - deleteFully target/test/data/22feb97a/MiniRaftClusterWithGrpcf8c2bef7/s0
2023-02-21 19:18:08,080 [Time-limited test] TRACE util.FileUtils (FileUtils.java:deleteFully(217)) - deleteFully: target/test/data/22feb97a/MiniRaftClusterWithGrpcf8c2bef7/s0 does not exist.
2023-02-21 19:18:08,080 [Time-limited test] INFO  impl.MiniRaftCluster (MiniRaftCluster.java:newRaftServer(387)) - Formatted directory target/test/data/22feb97a/MiniRaftClusterWithGrpcf8c2bef7/s0
2023-02-21 19:18:08,080 [Time-limited test] INFO  server.RaftServer (ConfUtils.java:logGet(46)) - raft.rpc.type = GRPC (default)
2023-02-21 19:18:08,080 [Time-limited test] INFO  grpc.GrpcConfigKeys (ConfUtils.java:logFallback(53)) - raft.grpc.admin.host = null (fallback to raft.grpc.server.host)
2023-02-21 19:18:08,080 [Time-limited test] INFO  grpc.GrpcConfigKeys (ConfUtils.java:logGet(46)) - raft.grpc.admin.port = 41435 (custom)
2023-02-21 19:18:08,080 [Time-limited test] INFO  grpc.GrpcConfigKeys (ConfUtils.java:logFallback(53)) - raft.grpc.client.host = null (fallback to raft.grpc.server.host)
2023-02-21 19:18:08,080 [Time-limited test] INFO  grpc.GrpcConfigKeys (ConfUtils.java:logGet(46)) - raft.grpc.client.port = 45167 (custom)
2023-02-21 19:18:08,081 [Time-limited test] INFO  grpc.GrpcConfigKeys (ConfUtils.java:logGet(46)) - raft.grpc.server.host = null (default)
2023-02-21 19:18:08,081 [Time-limited test] INFO  grpc.GrpcConfigKeys (ConfUtils.java:logGet(46)) - raft.grpc.server.port = 32941 (custom)
2023-02-21 19:18:08,081 [Time-limited test] INFO  server.GrpcService (ConfUtils.java:logGet(46)) - raft.grpc.message.size.max = 64MB (=67108864) (default)
2023-02-21 19:18:08,081 [Time-limited test] INFO  server.RaftServerConfigKeys (ConfUtils.java:logGet(46)) - raft.server.log.appender.buffer.byte-limit = 4MB (=4194304) (default)
2023-02-21 19:18:08,081 [Time-limited test] INFO  server.GrpcService (ConfUtils.java:logGet(46)) - raft.grpc.flow.control.window = 1MB (=1048576) (default)
2023-02-21 19:18:08,081 [Time-limited test] INFO  server.RaftServerConfigKeys (ConfUtils.java:logGet(46)) - raft.server.rpc.request.timeout = 3000ms (default)
2023-02-21 19:18:08,081 [Time-limited test] INFO  grpc.GrpcConfigKeys (ConfUtils.java:logGet(46)) - raft.grpc.server.heartbeat.channel = true (default)
2023-02-21 19:18:08,081 [Time-limited test] INFO  grpc.GrpcConfigKeys (ConfUtils.java:logGet(46)) - raft.grpc.server.async.request.thread.pool.cached = true (default)
2023-02-21 19:18:08,081 [Time-limited test] INFO  grpc.GrpcConfigKeys (ConfUtils.java:logGet(46)) - raft.grpc.server.async.request.thread.pool.size = 32 (default)
2023-02-21 19:18:08,082 [Time-limited test] INFO  impl.DataStreamServerImpl (ConfUtils.java:logGet(46)) - raft.datastream.type = DISABLED (default)
2023-02-21 19:18:08,082 [Time-limited test] INFO  server.RaftServerConfigKeys (ConfUtils.java:logGet(46)) - raft.server.threadpool.proxy.cached = true (default)
2023-02-21 19:18:08,082 [Time-limited test] INFO  server.RaftServerConfigKeys (ConfUtils.java:logGet(46)) - raft.server.threadpool.proxy.size = 0 (default)
2023-02-21 19:18:08,082 [Time-limited test] INFO  server.RaftServerConfigKeys (ConfUtils.java:logGet(46)) - raft.server.rpc.slowness.timeout = 60s (default)
2023-02-21 19:18:08,082 [Time-limited test] INFO  server.RaftServerConfigKeys (ConfUtils.java:logGet(46)) - raft.server.leaderelection.leader.step-down.wait-time = 10s (default)
2023-02-21 19:18:08,082 [Time-limited test] INFO  server.RaftServerConfigKeys (ConfUtils.java:logGet(46)) - raft.server.storage.dir = [/home/runner/work/ratis/ratis/ratis-test/target/test/data/22feb97a/MiniRaftClusterWithGrpcf8c2bef7/s0] (custom)
2023-02-21 19:18:08,085 [Time-limited test] INFO  server.RaftServer (RaftServerProxy.java:addNew(99)) - s0: addNew group-0E8C23DEEB97:[s0|rpc:localhost:32941|admin:localhost:41435|client:localhost:45167|dataStream:localhost:35001|priority:0|startupRole:FOLLOWER] returns group-0E8C23DEEB97:java.util.concurrent.CompletableFuture@65cc37bc[Not completed]
2023-02-21 19:18:08,086 [pool-9-thread-1] INFO  server.RaftServerConfigKeys (ConfUtils.java:logGet(46)) - raft.server.log.segment.size.max = 8MB (=8388608) (default)
2023-02-21 19:18:08,086 [pool-9-thread-1] INFO  server.RaftServerConfigKeys (ConfUtils.java:logGet(46)) - raft.server.log.preallocated.size = 4MB (=4194304) (default)
2023-02-21 19:18:08,086 [pool-9-thread-1] INFO  server.RaftServerConfigKeys (ConfUtils.java:logGet(46)) - raft.server.log.write.buffer.size = 64KB (=65536) (default)
2023-02-21 19:18:08,086 [pool-9-thread-1] INFO  server.RaftServer$Division (RaftServerImpl.java:<init>(198)) - s0: new RaftServerImpl for group-0E8C23DEEB97:[s0|rpc:localhost:32941|admin:localhost:41435|client:localhost:45167|dataStream:localhost:35001|priority:0|startupRole:FOLLOWER] with StateMachineWithMultiNestedSnapshotFile:uninitialized
2023-02-21 19:18:08,086 [pool-9-thread-1] INFO  server.RaftServerConfigKeys (ConfUtils.java:logGet(46)) - raft.server.rpc.timeout.min = 150ms (default)
2023-02-21 19:18:08,086 [pool-9-thread-1] INFO  server.RaftServerConfigKeys (ConfUtils.java:logGet(46)) - raft.server.rpc.timeout.max = 300ms (default)
2023-02-21 19:18:08,086 [pool-9-thread-1] INFO  server.RaftServerConfigKeys (ConfUtils.java:logGet(46)) - raft.server.rpc.sleep.time = 25ms (default)
2023-02-21 19:18:08,087 [pool-9-thread-1] INFO  server.RaftServerConfigKeys (ConfUtils.java:logGet(46)) - raft.server.rpc.slowness.timeout = 60s (default)
2023-02-21 19:18:08,087 [pool-9-thread-1] INFO  server.RaftServerConfigKeys (ConfUtils.java:logGet(46)) - raft.server.leaderelection.leader.step-down.wait-time = 10s (default)
2023-02-21 19:18:08,087 [pool-9-thread-1] INFO  server.RaftServerConfigKeys (ConfUtils.java:logGet(46)) - raft.server.sleep.deviation.threshold = 300ms (default)
2023-02-21 19:18:08,087 [pool-9-thread-1] INFO  server.RaftServer$Division (ServerState.java:<init>(113)) - s0@group-0E8C23DEEB97: ConfigurationManager, init=-1: peers:[s0|rpc:localhost:32941|admin:localhost:41435|client:localhost:45167|dataStream:localhost:35001|priority:0|startupRole:FOLLOWER]|listeners:[], old=null, confs=<EMPTY_MAP>
2023-02-21 19:18:08,087 [pool-9-thread-1] INFO  server.RaftServerConfigKeys (ConfUtils.java:logGet(46)) - raft.server.notification.no-leader.timeout = 60s (default)
2023-02-21 19:18:08,087 [pool-9-thread-1] INFO  server.RaftServerConfigKeys (ConfUtils.java:logGet(46)) - raft.server.read.timeout = 10s (default)
2023-02-21 19:18:08,087 [pool-9-thread-1] INFO  server.RaftServerConfigKeys (ConfUtils.java:logGet(46)) - raft.server.retrycache.expirytime = 60s (default)
2023-02-21 19:18:08,087 [pool-9-thread-1] INFO  server.RaftServerConfigKeys (ConfUtils.java:logGet(46)) - raft.server.retrycache.statistics.expirytime = 100μs (default)
2023-02-21 19:18:08,087 [pool-9-thread-1] INFO  server.RaftServerConfigKeys (ConfUtils.java:logGet(46)) - raft.server.read.option = DEFAULT (default)
2023-02-21 19:18:08,089 [pool-9-thread-1] INFO  server.RaftServerConfigKeys (ConfUtils.java:logGet(46)) - raft.server.log.appender.install.snapshot.enabled = true (default)
2023-02-21 19:18:08,089 [pool-9-thread-1] INFO  server.RaftServerConfigKeys (ConfUtils.java:logGet(46)) - raft.server.threadpool.server.cached = true (default)
2023-02-21 19:18:08,089 [pool-9-thread-1] INFO  server.RaftServerConfigKeys (ConfUtils.java:logGet(46)) - raft.server.threadpool.server.size = 0 (default)
2023-02-21 19:18:08,089 [pool-9-thread-1] INFO  server.RaftServerConfigKeys (ConfUtils.java:logGet(46)) - raft.server.threadpool.client.cached = true (default)
2023-02-21 19:18:08,089 [pool-9-thread-1] INFO  server.RaftServerConfigKeys (ConfUtils.java:logGet(46)) - raft.server.threadpool.client.size = 0 (default)
2023-02-21 19:18:08,089 [s0-impl-thread1] INFO  server.RaftServerConfigKeys (ConfUtils.java:logGet(46)) - raft.server.storage.free-space.min = 0MB (=0) (default)
2023-02-21 19:18:08,089 [s0-impl-thread1] INFO  server.RaftServerConfigKeys (ConfUtils.java:logGet(46)) - raft.server.log.corruption.policy = EXCEPTION (default)
2023-02-21 19:18:08,090 [s0-impl-thread1] INFO  server.RaftServerConfigKeys (ConfUtils.java:logGet(46)) - raft.server.storage.dir = [/home/runner/work/ratis/ratis/ratis-test/target/test/data/22feb97a/MiniRaftClusterWithGrpcf8c2bef7/s0] (custom)
2023-02-21 19:18:08,090 [s0-impl-thread1] INFO  storage.RaftStorageDirectory (RaftStorageDirectoryImpl.java:analyzeStorage(138)) - The storage directory /home/runner/work/ratis/ratis/ratis-test/target/test/data/22feb97a/MiniRaftClusterWithGrpcf8c2bef7/s0/273ca7b5-2e01-4778-befd-0e8c23deeb97 does not exist. Creating ...
2023-02-21 19:18:08,090 [s0-impl-thread1] TRACE util.FileUtils (LogUtils.java:runAndLog(49)) - Successfully ran Files.createDirectories /home/runner/work/ratis/ratis/ratis-test/target/test/data/22feb97a/MiniRaftClusterWithGrpcf8c2bef7/s0/273ca7b5-2e01-4778-befd-0e8c23deeb97
2023-02-21 19:18:08,091 [s0-impl-thread1] INFO  storage.RaftStorageDirectory (RaftStorageDirectoryImpl.java:tryLock(232)) - Lock on /home/runner/work/ratis/ratis/ratis-test/target/test/data/22feb97a/MiniRaftClusterWithGrpcf8c2bef7/s0/273ca7b5-2e01-4778-befd-0e8c23deeb97/in_use.lock acquired by nodename 2862@fv-az91-413
2023-02-21 19:18:08,092 [s0-impl-thread1] TRACE util.FileUtils (LogUtils.java:runAndLog(49)) - Successfully ran Files.createDirectories /home/runner/work/ratis/ratis/ratis-test/target/test/data/22feb97a/MiniRaftClusterWithGrpcf8c2bef7/s0/273ca7b5-2e01-4778-befd-0e8c23deeb97/current
2023-02-21 19:18:08,092 [s0-impl-thread1] TRACE util.FileUtils (LogUtils.java:runAndLog(49)) - Successfully ran Files.createDirectories /home/runner/work/ratis/ratis/ratis-test/target/test/data/22feb97a/MiniRaftClusterWithGrpcf8c2bef7/s0/273ca7b5-2e01-4778-befd-0e8c23deeb97/sm
2023-02-21 19:18:08,092 [s0-impl-thread1] INFO  storage.RaftStorage (RaftStorageImpl.java:format(96)) - Storage directory /home/runner/work/ratis/ratis/ratis-test/target/test/data/22feb97a/MiniRaftClusterWithGrpcf8c2bef7/s0/273ca7b5-2e01-4778-befd-0e8c23deeb97 has been successfully formatted.
2023-02-21 19:18:08,093 [s0-impl-thread1] INFO  impl.SimpleStateMachine4Testing (SimpleStateMachine4Testing.java:initialize(213)) - Initializing StateMachineWithMultiNestedSnapshotFile:uninitialized
2023-02-21 19:18:08,093 [s0-impl-thread1] INFO  impl.SimpleStateMachine4Testing (SimpleStateMachine4Testing.java:loadSnapshot(293)) - Loading snapshot null
2023-02-21 19:18:08,093 [s0-impl-thread1] INFO  server.RaftServerConfigKeys (ConfUtils.java:logGet(46)) - raft.server.log.use.memory = false (default)
2023-02-21 19:18:08,093 [s0-impl-thread1] INFO  server.RaftServerConfigKeys (ConfUtils.java:logGet(46)) - raft.server.log.purge.gap = 8 (custom)
2023-02-21 19:18:08,093 [s0-impl-thread1] INFO  server.RaftServerConfigKeys (ConfUtils.java:logGet(46)) - raft.server.log.appender.buffer.byte-limit = 4MB (=4194304) (default)
2023-02-21 19:18:08,093 [s0-impl-thread1] INFO  server.RaftServerConfigKeys (ConfUtils.java:logGet(46)) - raft.server.log.statemachine.data.read.timeout = 1000ms (default)
2023-02-21 19:18:08,093 [s0-impl-thread1] INFO  server.RaftServerConfigKeys (ConfUtils.java:logGet(46)) - raft.server.log.purge.preservation.log.num = 0 (default)
2023-02-21 19:18:08,094 [s0-impl-thread1] INFO  server.RaftServerConfigKeys (ConfUtils.java:logGet(46)) - raft.server.log.segment.size.max = 8MB (=8388608) (default)
2023-02-21 19:18:08,094 [s0-impl-thread1] INFO  server.RaftServerConfigKeys (ConfUtils.java:logGet(46)) - raft.server.log.segment.cache.num.max = 6 (default)
2023-02-21 19:18:08,094 [s0-impl-thread1] INFO  server.RaftServerConfigKeys (ConfUtils.java:logGet(46)) - raft.server.log.segment.cache.size.max = 200MB (=209715200) (default)
2023-02-21 19:18:08,094 [s0-impl-thread1] INFO  server.RaftServerConfigKeys (ConfUtils.java:logGet(46)) - raft.server.log.appender.buffer.byte-limit = 4MB (=4194304) (default)
2023-02-21 19:18:08,094 [s0-impl-thread1] INFO  segmented.SegmentedRaftLogWorker (SegmentedRaftLogWorker.java:<init>(184)) - new s0@group-0E8C23DEEB97-SegmentedRaftLogWorker for RaftStorageImpl:Storage Directory /home/runner/work/ratis/ratis/ratis-test/target/test/data/22feb97a/MiniRaftClusterWithGrpcf8c2bef7/s0/273ca7b5-2e01-4778-befd-0e8c23deeb97
2023-02-21 19:18:08,094 [s0-impl-thread1] INFO  server.RaftServerConfigKeys (ConfUtils.java:logGet(46)) - raft.server.log.queue.byte-limit = 64MB (=67108864) (default)
2023-02-21 19:18:08,094 [s0-impl-thread1] INFO  server.RaftServerConfigKeys (ConfUtils.java:logGet(46)) - raft.server.log.queue.element-limit = 4096 (default)
2023-02-21 19:18:08,094 [s0-impl-thread1] INFO  server.RaftServerConfigKeys (ConfUtils.java:logGet(46)) - raft.server.log.segment.size.max = 8MB (=8388608) (default)
2023-02-21 19:18:08,094 [s0-impl-thread1] INFO  server.RaftServerConfigKeys (ConfUtils.java:logGet(46)) - raft.server.log.preallocated.size = 4MB (=4194304) (default)
2023-02-21 19:18:08,094 [s0-impl-thread1] INFO  server.RaftServerConfigKeys (ConfUtils.java:logGet(46)) - raft.server.log.force.sync.num = 128 (default)
2023-02-21 19:18:08,094 [s0-impl-thread1] INFO  server.RaftServerConfigKeys (ConfUtils.java:logGet(46)) - raft.server.log.statemachine.data.sync = true (default)
2023-02-21 19:18:08,094 [s0-impl-thread1] INFO  server.RaftServerConfigKeys (ConfUtils.java:logGet(46)) - raft.server.log.statemachine.data.sync.timeout = 10s (default)
2023-02-21 19:18:08,094 [s0-impl-thread1] INFO  server.RaftServerConfigKeys (ConfUtils.java:logGet(46)) - raft.server.log.statemachine.data.sync.timeout.retry = -1 (default)
2023-02-21 19:18:08,094 [s0-impl-thread1] INFO  server.RaftServerConfigKeys (ConfUtils.java:logGet(46)) - raft.server.log.write.buffer.size = 64KB (=65536) (default)
2023-02-21 19:18:08,095 [s0-impl-thread1] INFO  server.RaftServerConfigKeys (ConfUtils.java:logGet(46)) - raft.server.log.appender.buffer.byte-limit = 4MB (=4194304) (default)
2023-02-21 19:18:08,096 [s0-impl-thread1] INFO  server.RaftServerConfigKeys (ConfUtils.java:logGet(46)) - raft.server.log.unsafe-flush.enabled = false (default)
2023-02-21 19:18:08,096 [s0-impl-thread1] INFO  server.RaftServerConfigKeys (ConfUtils.java:logGet(46)) - raft.server.log.async-flush.enabled = false (default)
2023-02-21 19:18:08,096 [s0-impl-thread1] INFO  server.RaftServerConfigKeys (ConfUtils.java:logGet(46)) - raft.server.log.statemachine.data.caching.enabled = false (default)
2023-02-21 19:18:08,096 [s0-impl-thread1] INFO  segmented.SegmentedRaftLogWorker (SegmentedRaftLogWorker.java:lambda$new$0(134)) - s0@group-0E8C23DEEB97-SegmentedRaftLogWorker: flushIndex: setUnconditionally 0 -> -1
2023-02-21 19:18:08,096 [s0-impl-thread1] INFO  segmented.SegmentedRaftLogWorker (SegmentedRaftLogWorker.java:lambda$new$0(134)) - s0@group-0E8C23DEEB97-SegmentedRaftLogWorker: safeCacheEvictIndex: setUnconditionally 0 -> -1
2023-02-21 19:18:08,100 [s0-impl-thread1] INFO  server.RaftServer$Division (RaftServerImpl.java:start(342)) - s0@group-0E8C23DEEB97: start as a follower, conf=-1: peers:[s0|rpc:localhost:32941|admin:localhost:41435|client:localhost:45167|dataStream:localhost:35001|priority:0|startupRole:FOLLOWER]|listeners:[], old=null
2023-02-21 19:18:08,101 [s0-impl-thread1] INFO  server.RaftServer$Division (RaftServerImpl.java:setRole(329)) - s0@group-0E8C23DEEB97: changes role from      null to FOLLOWER at term 0 for startAsFollower
2023-02-21 19:18:08,101 [s0-impl-thread1] INFO  impl.RoleInfo (RoleInfo.java:updateAndGet(139)) - s0: start s0@group-0E8C23DEEB97-FollowerState
2023-02-21 19:18:08,102 [s0-impl-thread1] INFO  util.JmxRegister (JmxRegister.java:tryRegister(44)) - Successfully registered JMX Bean with object name Ratis:service=RaftServer,group=group-0E8C23DEEB97,id=s0
2023-02-21 19:18:08,102 [s0-impl-thread1] INFO  server.RaftServerConfigKeys (ConfUtils.java:logGet(46)) - raft.server.snapshot.auto.trigger.enabled = true (custom)
2023-02-21 19:18:08,102 [s0-impl-thread1] INFO  server.RaftServerConfigKeys (ConfUtils.java:logGet(46)) - raft.server.snapshot.auto.trigger.threshold = 64 (custom)
2023-02-21 19:18:08,102 [s0-impl-thread1] INFO  server.RaftServerConfigKeys (ConfUtils.java:logGet(46)) - raft.server.snapshot.retention.file.num = -1 (default)
2023-02-21 19:18:08,102 [s0-impl-thread1] INFO  server.RaftServerConfigKeys (ConfUtils.java:logGet(46)) - raft.server.log.purge.upto.snapshot.index = false (default)
2023-02-21 19:18:08,102 [s0@group-0E8C23DEEB97-FollowerState] INFO  server.RaftServerConfigKeys (ConfUtils.java:logFallback(53)) - raft.server.rpc.first-election.timeout.min = 150ms (fallback to raft.server.rpc.timeout.min)
2023-02-21 19:18:08,103 [s0@group-0E8C23DEEB97-FollowerState] INFO  server.RaftServerConfigKeys (ConfUtils.java:logFallback(53)) - raft.server.rpc.first-election.timeout.max = 300ms (fallback to raft.server.rpc.timeout.max)
2023-02-21 19:18:08,107 [Time-limited test] INFO  server.RaftServer (RaftServerProxy.java:startImpl(396)) - s0: start RPC server
2023-02-21 19:18:08,111 [Time-limited test] INFO  server.GrpcService (GrpcService.java:startImpl(302)) - s0: GrpcService started, listening on 45167
2023-02-21 19:18:08,111 [Time-limited test] INFO  server.GrpcService (GrpcService.java:startImpl(302)) - s0: GrpcService started, listening on 32941
2023-02-21 19:18:08,112 [Time-limited test] INFO  server.GrpcService (GrpcService.java:startImpl(302)) - s0: GrpcService started, listening on 41435
2023-02-21 19:18:08,112 [JvmPauseMonitor6] INFO  util.JvmPauseMonitor (JvmPauseMonitor.java:run(105)) - JvmPauseMonitor-s0: Started
2023-02-21 19:18:08,112 [Time-limited test] INFO  server.RaftServerConfigKeys (ConfUtils.java:logGet(46)) - raft.server.rpc.timeout.max = 300ms (default)
2023-02-21 19:18:08,112 [Time-limited test] INFO  ratis.RaftTestUtil (RaftTestUtil.java:waitForLeader(100)) - printing ALL groups
  s0:  RUNNING  FOLLOWER s0@group-0E8C23DEEB97:t0, leader=null, voted=, raftlog=Memoized:s0@group-0E8C23DEEB97-SegmentedRaftLog:OPENED:c-1, conf=-1: peers:[s0|rpc:localhost:32941|admin:localhost:41435|client:localhost:45167|dataStream:localhost:35001|priority:0|startupRole:FOLLOWER]|listeners:[], old=null RUNNING
2023-02-21 19:18:08,113 [Time-limited test] WARN  ratis.RaftTestUtil (JavaUtils.java:attempt(217)) - FAILED "waitForLeader-null-(expectLeader? true)", attempt #1/100: java.lang.IllegalStateException: No leader yet : printing ALL groups
  s0:  RUNNING  FOLLOWER s0@group-0E8C23DEEB97:t0, leader=null, voted=, raftlog=Memoized:s0@group-0E8C23DEEB97-SegmentedRaftLog:OPENED:c-1, conf=-1: peers:[s0|rpc:localhost:32941|admin:localhost:41435|client:localhost:45167|dataStream:localhost:35001|priority:0|startupRole:FOLLOWER]|listeners:[], old=null RUNNING, sleep 450ms and then retry.
java.lang.IllegalStateException: No leader yet : printing ALL groups
  s0:  RUNNING  FOLLOWER s0@group-0E8C23DEEB97:t0, leader=null, voted=, raftlog=Memoized:s0@group-0E8C23DEEB97-SegmentedRaftLog:OPENED:c-1, conf=-1: peers:[s0|rpc:localhost:32941|admin:localhost:41435|client:localhost:45167|dataStream:localhost:35001|priority:0|startupRole:FOLLOWER]|listeners:[], old=null RUNNING
	at org.apache.ratis.server.impl.MiniRaftCluster.newIllegalStateExceptionForNoLeaders(MiniRaftCluster.java:581)
	at org.apache.ratis.RaftTestUtil.lambda$waitForLeader$1(RaftTestUtil.java:104)
	at org.apache.ratis.server.impl.MiniRaftCluster.getLeader(MiniRaftCluster.java:615)
	at org.apache.ratis.server.impl.MiniRaftCluster.getLeader(MiniRaftCluster.java:608)
	at org.apache.ratis.RaftTestUtil.lambda$waitForLeader$3(RaftTestUtil.java:112)
	at org.apache.ratis.util.JavaUtils.attempt(JavaUtils.java:211)
	at org.apache.ratis.util.JavaUtils.attemptRepeatedly(JavaUtils.java:197)
	at org.apache.ratis.RaftTestUtil.waitForLeader(RaftTestUtil.java:111)
	at org.apache.ratis.RaftTestUtil.waitForLeader(RaftTestUtil.java:92)
	at org.apache.ratis.RaftTestUtil.waitForLeader(RaftTestUtil.java:87)
	at org.apache.ratis.InstallSnapshotFromLeaderTests.testMultiFileInstallSnapshot(InstallSnapshotFromLeaderTests.java:92)
	at org.apache.ratis.server.impl.MiniRaftCluster$Factory$Get.runWithNewCluster(MiniRaftCluster.java:141)
	at org.apache.ratis.server.impl.MiniRaftCluster$Factory$Get.runWithNewCluster(MiniRaftCluster.java:121)
	at org.apache.ratis.InstallSnapshotFromLeaderTests.testMultiFileInstallSnapshot(InstallSnapshotFromLeaderTests.java:79)
	at java.base/jdk.internal.reflect.NativeMethodAccessorImpl.invoke0(Native Method)
	at java.base/jdk.internal.reflect.NativeMethodAccessorImpl.invoke(NativeMethodAccessorImpl.java:62)
	at java.base/jdk.internal.reflect.DelegatingMethodAccessorImpl.invoke(DelegatingMethodAccessorImpl.java:43)
	at java.base/java.lang.reflect.Method.invoke(Method.java:566)
	at org.junit.runners.model.FrameworkMethod$1.runReflectiveCall(FrameworkMethod.java:59)
	at org.junit.internal.runners.model.ReflectiveCallable.run(ReflectiveCallable.java:12)
	at org.junit.runners.model.FrameworkMethod.invokeExplosively(FrameworkMethod.java:56)
	at org.junit.internal.runners.statements.InvokeMethod.evaluate(InvokeMethod.java:17)
	at org.junit.internal.runners.statements.RunAfters.evaluate(RunAfters.java:27)
	at org.junit.internal.runners.statements.FailOnTimeout$CallableStatement.call(FailOnTimeout.java:299)
	at org.junit.internal.runners.statements.FailOnTimeout$CallableStatement.call(FailOnTimeout.java:293)
	at java.base/java.util.concurrent.FutureTask.run(FutureTask.java:264)
	at java.base/java.lang.Thread.run(Thread.java:829)
2023-02-21 19:18:08,288 [s0@group-0E8C23DEEB97-FollowerState] INFO  impl.FollowerState (FollowerState.java:run(143)) - s0@group-0E8C23DEEB97-FollowerState: change to CANDIDATE, lastRpcElapsedTime:187178108ns, electionTimeout:185ms
2023-02-21 19:18:08,288 [s0@group-0E8C23DEEB97-FollowerState] INFO  impl.RoleInfo (RoleInfo.java:shutdownFollowerState(110)) - s0: shutdown s0@group-0E8C23DEEB97-FollowerState
2023-02-21 19:18:08,288 [s0@group-0E8C23DEEB97-FollowerState] INFO  server.RaftServer$Division (RaftServerImpl.java:setRole(329)) - s0@group-0E8C23DEEB97: changes role from  FOLLOWER to CANDIDATE at term 0 for changeToCandidate
2023-02-21 19:18:08,288 [s0@group-0E8C23DEEB97-FollowerState] INFO  server.RaftServerConfigKeys (ConfUtils.java:logGet(46)) - raft.server.leaderelection.pre-vote = true (default)
2023-02-21 19:18:08,288 [s0@group-0E8C23DEEB97-FollowerState] INFO  impl.RoleInfo (RoleInfo.java:updateAndGet(139)) - s0: start s0@group-0E8C23DEEB97-LeaderElection3
2023-02-21 19:18:08,292 [s0@group-0E8C23DEEB97-LeaderElection3] INFO  impl.LeaderElection (LeaderElection.java:askForVotes(309)) - s0@group-0E8C23DEEB97-LeaderElection3 PRE_VOTE round 0: submit vote requests at term 0 for -1: peers:[s0|rpc:localhost:32941|admin:localhost:41435|client:localhost:45167|dataStream:localhost:35001|priority:0|startupRole:FOLLOWER]|listeners:[], old=null
2023-02-21 19:18:08,292 [s0@group-0E8C23DEEB97-LeaderElection3] INFO  impl.LeaderElection (LeaderElection.java:askForVotes(311)) - s0@group-0E8C23DEEB97-LeaderElection3 PRE_VOTE round 0: result PASSED (term=0)
2023-02-21 19:18:08,293 [s0@group-0E8C23DEEB97-LeaderElection3] INFO  impl.LeaderElection (LeaderElection.java:askForVotes(309)) - s0@group-0E8C23DEEB97-LeaderElection3 ELECTION round 0: submit vote requests at term 1 for -1: peers:[s0|rpc:localhost:32941|admin:localhost:41435|client:localhost:45167|dataStream:localhost:35001|priority:0|startupRole:FOLLOWER]|listeners:[], old=null
2023-02-21 19:18:08,294 [s0@group-0E8C23DEEB97-LeaderElection3] INFO  impl.LeaderElection (LeaderElection.java:askForVotes(311)) - s0@group-0E8C23DEEB97-LeaderElection3 ELECTION round 0: result PASSED (term=1)
2023-02-21 19:18:08,294 [s0@group-0E8C23DEEB97-LeaderElection3] INFO  impl.RoleInfo (RoleInfo.java:shutdownLeaderElection(130)) - s0: shutdown s0@group-0E8C23DEEB97-LeaderElection3
2023-02-21 19:18:08,294 [s0@group-0E8C23DEEB97-LeaderElection3] INFO  server.RaftServer$Division (RaftServerImpl.java:setRole(329)) - s0@group-0E8C23DEEB97: changes role from CANDIDATE to LEADER at term 1 for changeToLeader
2023-02-21 19:18:08,294 [s0@group-0E8C23DEEB97-LeaderElection3] INFO  server.RaftServer$Division (ServerState.java:setLeader(260)) - s0@group-0E8C23DEEB97: change Leader from null to s0 at term 1 for becomeLeader, leader elected after 206ms
2023-02-21 19:18:08,294 [s0@group-0E8C23DEEB97-LeaderElection3] INFO  server.RaftServerConfigKeys (ConfUtils.java:logGet(46)) - raft.server.staging.catchup.gap = 1000 (default)
2023-02-21 19:18:08,294 [s0@group-0E8C23DEEB97-LeaderElection3] INFO  server.RaftServerConfigKeys (ConfUtils.java:logGet(46)) - raft.server.write.element-limit = 4096 (default)
2023-02-21 19:18:08,294 [s0@group-0E8C23DEEB97-LeaderElection3] INFO  server.RaftServerConfigKeys (ConfUtils.java:logGet(46)) - raft.server.write.byte-limit = 64MB (=67108864) (default)
2023-02-21 19:18:08,295 [s0@group-0E8C23DEEB97-LeaderElection3] INFO  server.RaftServerConfigKeys (ConfUtils.java:logGet(46)) - raft.server.watch.timeout = 10s (default)
2023-02-21 19:18:08,295 [s0@group-0E8C23DEEB97-LeaderElection3] INFO  server.RaftServerConfigKeys (ConfUtils.java:logGet(46)) - raft.server.watch.timeout.denomination = 1s (default)
2023-02-21 19:18:08,295 [s0@group-0E8C23DEEB97-LeaderElection3] INFO  server.RaftServerConfigKeys (ConfUtils.java:logGet(46)) - raft.server.watch.element-limit = 65536 (default)
2023-02-21 19:18:08,295 [s0@group-0E8C23DEEB97-LeaderElection3] INFO  server.RaftServerConfigKeys (ConfUtils.java:logGet(46)) - raft.server.write.element-limit = 4096 (default)
2023-02-21 19:18:08,295 [s0@group-0E8C23DEEB97-LeaderElection3] INFO  server.RaftServerConfigKeys (ConfUtils.java:logGet(46)) - raft.server.write.follower.gap.ratio.max = -1.0 (default)
2023-02-21 19:18:08,295 [s0@group-0E8C23DEEB97-LeaderElection3] INFO  impl.RoleInfo (RoleInfo.java:updateAndGet(139)) - s0: start s0@group-0E8C23DEEB97-LeaderStateImpl
2023-02-21 19:18:08,295 [s0@group-0E8C23DEEB97-LeaderElection3] INFO  segmented.SegmentedRaftLogWorker (SegmentedRaftLogWorker.java:startLogSegment(431)) - s0@group-0E8C23DEEB97-SegmentedRaftLogWorker: Starting segment from index:0
2023-02-21 19:18:08,297 [s0@group-0E8C23DEEB97-LeaderElection3] INFO  server.RaftServer$Division (ServerState.java:setRaftConf(378)) - s0@group-0E8C23DEEB97: set configuration 0: peers:[s0|rpc:localhost:32941|admin:localhost:41435|client:localhost:45167|dataStream:localhost:35001|priority:0|startupRole:FOLLOWER]|listeners:[], old=null
2023-02-21 19:18:08,307 [s0@group-0E8C23DEEB97-SegmentedRaftLogWorker] INFO  segmented.SegmentedRaftLogWorker (SegmentedRaftLogWorker.java:execute(635)) - s0@group-0E8C23DEEB97-SegmentedRaftLogWorker: created new log segment /home/runner/work/ratis/ratis/ratis-test/target/test/data/22feb97a/MiniRaftClusterWithGrpcf8c2bef7/s0/273ca7b5-2e01-4778-befd-0e8c23deeb97/current/log_inprogress_0
2023-02-21 19:18:08,563 [Time-limited test] INFO  ratis.RaftTestUtil (RaftTestUtil.java:waitForLeader(119)) - printing ALL groups
  s0:  RUNNING    LEADER s0@group-0E8C23DEEB97:t1, leader=s0, voted=s0, raftlog=Memoized:s0@group-0E8C23DEEB97-SegmentedRaftLog:OPENED:c0, conf=0: peers:[s0|rpc:localhost:32941|admin:localhost:41435|client:localhost:45167|dataStream:localhost:35001|priority:0|startupRole:FOLLOWER]|listeners:[], old=null RUNNING
2023-02-21 19:18:08,571 [s0@group-0E8C23DEEB97-StateMachineUpdater] INFO  impl.SimpleStateMachine4Testing (SimpleStateMachine4Testing.java:put(205)) - s0: put 1, m0 -> (t:1, i:1), STATEMACHINELOGENTRY, 258@client-8819E1E2BDFE
2023-02-21 19:18:08,578 [s0@group-0E8C23DEEB97-StateMachineUpdater] INFO  impl.SimpleStateMachine4Testing (SimpleStateMachine4Testing.java:put(205)) - s0: put 3, m1 -> (t:1, i:3), STATEMACHINELOGENTRY, 259@client-8819E1E2BDFE
2023-02-21 19:18:08,581 [s0@group-0E8C23DEEB97-StateMachineUpdater] INFO  impl.SimpleStateMachine4Testing (SimpleStateMachine4Testing.java:put(205)) - s0: put 5, m2 -> (t:1, i:5), STATEMACHINELOGENTRY, 260@client-8819E1E2BDFE
2023-02-21 19:18:08,583 [s0@group-0E8C23DEEB97-StateMachineUpdater] INFO  impl.SimpleStateMachine4Testing (SimpleStateMachine4Testing.java:put(205)) - s0: put 7, m3 -> (t:1, i:7), STATEMACHINELOGENTRY, 261@client-8819E1E2BDFE
2023-02-21 19:18:08,586 [s0@group-0E8C23DEEB97-StateMachineUpdater] INFO  impl.SimpleStateMachine4Testing (SimpleStateMachine4Testing.java:put(205)) - s0: put 9, m4 -> (t:1, i:9), STATEMACHINELOGENTRY, 262@client-8819E1E2BDFE
2023-02-21 19:18:08,591 [s0@group-0E8C23DEEB97-StateMachineUpdater] INFO  impl.SimpleStateMachine4Testing (SimpleStateMachine4Testing.java:put(205)) - s0: put 11, m5 -> (t:1, i:11), STATEMACHINELOGENTRY, 263@client-8819E1E2BDFE
2023-02-21 19:18:08,597 [s0@group-0E8C23DEEB97-StateMachineUpdater] INFO  impl.SimpleStateMachine4Testing (SimpleStateMachine4Testing.java:put(205)) - s0: put 13, m6 -> (t:1, i:13), STATEMACHINELOGENTRY, 264@client-8819E1E2BDFE
2023-02-21 19:18:08,600 [s0@group-0E8C23DEEB97-StateMachineUpdater] INFO  impl.SimpleStateMachine4Testing (SimpleStateMachine4Testing.java:put(205)) - s0: put 15, m7 -> (t:1, i:15), STATEMACHINELOGENTRY, 265@client-8819E1E2BDFE
2023-02-21 19:18:08,602 [s0@group-0E8C23DEEB97-StateMachineUpdater] INFO  impl.SimpleStateMachine4Testing (SimpleStateMachine4Testing.java:put(205)) - s0: put 17, m8 -> (t:1, i:17), STATEMACHINELOGENTRY, 266@client-8819E1E2BDFE
2023-02-21 19:18:08,604 [s0@group-0E8C23DEEB97-StateMachineUpdater] INFO  impl.SimpleStateMachine4Testing (SimpleStateMachine4Testing.java:put(205)) - s0: put 19, m9 -> (t:1, i:19), STATEMACHINELOGENTRY, 267@client-8819E1E2BDFE
2023-02-21 19:18:08,607 [s0@group-0E8C23DEEB97-StateMachineUpdater] INFO  impl.SimpleStateMachine4Testing (SimpleStateMachine4Testing.java:put(205)) - s0: put 21, m10 -> (t:1, i:21), STATEMACHINELOGENTRY, 268@client-8819E1E2BDFE
2023-02-21 19:18:08,609 [s0@group-0E8C23DEEB97-StateMachineUpdater] INFO  impl.SimpleStateMachine4Testing (SimpleStateMachine4Testing.java:put(205)) - s0: put 23, m11 -> (t:1, i:23), STATEMACHINELOGENTRY, 269@client-8819E1E2BDFE
2023-02-21 19:18:08,611 [s0@group-0E8C23DEEB97-StateMachineUpdater] INFO  impl.SimpleStateMachine4Testing (SimpleStateMachine4Testing.java:put(205)) - s0: put 25, m12 -> (t:1, i:25), STATEMACHINELOGENTRY, 270@client-8819E1E2BDFE
2023-02-21 19:18:08,614 [s0@group-0E8C23DEEB97-StateMachineUpdater] INFO  impl.SimpleStateMachine4Testing (SimpleStateMachine4Testing.java:put(205)) - s0: put 27, m13 -> (t:1, i:27), STATEMACHINELOGENTRY, 271@client-8819E1E2BDFE
2023-02-21 19:18:08,616 [s0@group-0E8C23DEEB97-StateMachineUpdater] INFO  impl.SimpleStateMachine4Testing (SimpleStateMachine4Testing.java:put(205)) - s0: put 29, m14 -> (t:1, i:29), STATEMACHINELOGENTRY, 272@client-8819E1E2BDFE
2023-02-21 19:18:08,618 [s0@group-0E8C23DEEB97-StateMachineUpdater] INFO  impl.SimpleStateMachine4Testing (SimpleStateMachine4Testing.java:put(205)) - s0: put 31, m15 -> (t:1, i:31), STATEMACHINELOGENTRY, 273@client-8819E1E2BDFE
2023-02-21 19:18:08,623 [s0@group-0E8C23DEEB97-StateMachineUpdater] INFO  impl.SimpleStateMachine4Testing (SimpleStateMachine4Testing.java:put(205)) - s0: put 33, m16 -> (t:1, i:33), STATEMACHINELOGENTRY, 274@client-8819E1E2BDFE
2023-02-21 19:18:08,630 [s0@group-0E8C23DEEB97-StateMachineUpdater] INFO  impl.SimpleStateMachine4Testing (SimpleStateMachine4Testing.java:put(205)) - s0: put 35, m17 -> (t:1, i:35), STATEMACHINELOGENTRY, 275@client-8819E1E2BDFE
2023-02-21 19:18:08,633 [s0@group-0E8C23DEEB97-StateMachineUpdater] INFO  impl.SimpleStateMachine4Testing (SimpleStateMachine4Testing.java:put(205)) - s0: put 37, m18 -> (t:1, i:37), STATEMACHINELOGENTRY, 276@client-8819E1E2BDFE
2023-02-21 19:18:08,635 [s0@group-0E8C23DEEB97-StateMachineUpdater] INFO  impl.SimpleStateMachine4Testing (SimpleStateMachine4Testing.java:put(205)) - s0: put 39, m19 -> (t:1, i:39), STATEMACHINELOGENTRY, 277@client-8819E1E2BDFE
2023-02-21 19:18:08,637 [s0@group-0E8C23DEEB97-StateMachineUpdater] INFO  impl.SimpleStateMachine4Testing (SimpleStateMachine4Testing.java:put(205)) - s0: put 41, m20 -> (t:1, i:41), STATEMACHINELOGENTRY, 278@client-8819E1E2BDFE
2023-02-21 19:18:08,639 [s0@group-0E8C23DEEB97-StateMachineUpdater] INFO  impl.SimpleStateMachine4Testing (SimpleStateMachine4Testing.java:put(205)) - s0: put 43, m21 -> (t:1, i:43), STATEMACHINELOGENTRY, 279@client-8819E1E2BDFE
2023-02-21 19:18:08,642 [s0@group-0E8C23DEEB97-StateMachineUpdater] INFO  impl.SimpleStateMachine4Testing (SimpleStateMachine4Testing.java:put(205)) - s0: put 45, m22 -> (t:1, i:45), STATEMACHINELOGENTRY, 280@client-8819E1E2BDFE
2023-02-21 19:18:08,645 [s0@group-0E8C23DEEB97-StateMachineUpdater] INFO  impl.SimpleStateMachine4Testing (SimpleStateMachine4Testing.java:put(205)) - s0: put 47, m23 -> (t:1, i:47), STATEMACHINELOGENTRY, 281@client-8819E1E2BDFE
2023-02-21 19:18:08,647 [s0@group-0E8C23DEEB97-StateMachineUpdater] INFO  impl.SimpleStateMachine4Testing (SimpleStateMachine4Testing.java:put(205)) - s0: put 49, m24 -> (t:1, i:49), STATEMACHINELOGENTRY, 282@client-8819E1E2BDFE
2023-02-21 19:18:08,650 [s0@group-0E8C23DEEB97-StateMachineUpdater] INFO  impl.SimpleStateMachine4Testing (SimpleStateMachine4Testing.java:put(205)) - s0: put 51, m25 -> (t:1, i:51), STATEMACHINELOGENTRY, 283@client-8819E1E2BDFE
2023-02-21 19:18:08,652 [s0@group-0E8C23DEEB97-StateMachineUpdater] INFO  impl.SimpleStateMachine4Testing (SimpleStateMachine4Testing.java:put(205)) - s0: put 53, m26 -> (t:1, i:53), STATEMACHINELOGENTRY, 284@client-8819E1E2BDFE
2023-02-21 19:18:08,654 [s0@group-0E8C23DEEB97-StateMachineUpdater] INFO  impl.SimpleStateMachine4Testing (SimpleStateMachine4Testing.java:put(205)) - s0: put 55, m27 -> (t:1, i:55), STATEMACHINELOGENTRY, 285@client-8819E1E2BDFE
2023-02-21 19:18:08,657 [s0@group-0E8C23DEEB97-StateMachineUpdater] INFO  impl.SimpleStateMachine4Testing (SimpleStateMachine4Testing.java:put(205)) - s0: put 57, m28 -> (t:1, i:57), STATEMACHINELOGENTRY, 286@client-8819E1E2BDFE
2023-02-21 19:18:08,659 [s0@group-0E8C23DEEB97-StateMachineUpdater] INFO  impl.SimpleStateMachine4Testing (SimpleStateMachine4Testing.java:put(205)) - s0: put 59, m29 -> (t:1, i:59), STATEMACHINELOGENTRY, 287@client-8819E1E2BDFE
2023-02-21 19:18:08,661 [s0@group-0E8C23DEEB97-StateMachineUpdater] INFO  impl.SimpleStateMachine4Testing (SimpleStateMachine4Testing.java:put(205)) - s0: put 61, m30 -> (t:1, i:61), STATEMACHINELOGENTRY, 288@client-8819E1E2BDFE
2023-02-21 19:18:08,664 [s0@group-0E8C23DEEB97-StateMachineUpdater] INFO  impl.SimpleStateMachine4Testing (SimpleStateMachine4Testing.java:put(205)) - s0: put 63, m31 -> (t:1, i:63), STATEMACHINELOGENTRY, 289@client-8819E1E2BDFE
2023-02-21 19:18:08,664 [s0@group-0E8C23DEEB97-StateMachineUpdater] TRACE util.FileUtils (LogUtils.java:runAndLog(49)) - Successfully ran Files.createDirectories /home/runner/work/ratis/ratis/ratis-test/target/test/data/22feb97a/MiniRaftClusterWithGrpcf8c2bef7/s0/273ca7b5-2e01-4778-befd-0e8c23deeb97/sm/snapshot
2023-02-21 19:18:08,664 [s0@group-0E8C23DEEB97-StateMachineUpdater] TRACE util.FileUtils (LogUtils.java:runAndLog(49)) - Successfully ran Files.createDirectories /home/runner/work/ratis/ratis/ratis-test/target/test/data/22feb97a/MiniRaftClusterWithGrpcf8c2bef7/s0/273ca7b5-2e01-4778-befd-0e8c23deeb97/sm/snapshot
2023-02-21 19:18:08,664 [s0@group-0E8C23DEEB97-StateMachineUpdater] TRACE util.FileUtils (LogUtils.java:runAndLog(49)) - Successfully ran Files.createDirectories /home/runner/work/ratis/ratis/ratis-test/target/test/data/22feb97a/MiniRaftClusterWithGrpcf8c2bef7/s0/273ca7b5-2e01-4778-befd-0e8c23deeb97/sm/snapshot/sub
2023-02-21 19:18:08,665 [s0@group-0E8C23DEEB97-StateMachineUpdater] TRACE util.FileUtils (LogUtils.java:supplyAndLog(70)) - Successfully supplied Files.newOutputStream CREATE_NEW /home/runner/work/ratis/ratis/ratis-test/target/test/data/22feb97a/MiniRaftClusterWithGrpcf8c2bef7/s0/273ca7b5-2e01-4778-befd-0e8c23deeb97/sm/snapshot/1.bin: java.nio.channels.Channels$1@18482429
2023-02-21 19:18:08,665 [s0@group-0E8C23DEEB97-StateMachineUpdater] TRACE util.FileUtils (LogUtils.java:supplyAndLog(70)) - Successfully supplied Files.newOutputStream CREATE_NEW /home/runner/work/ratis/ratis/ratis-test/target/test/data/22feb97a/MiniRaftClusterWithGrpcf8c2bef7/s0/273ca7b5-2e01-4778-befd-0e8c23deeb97/sm/snapshot/sub/2.bin: java.nio.channels.Channels$1@1c77b3f8
2023-02-21 19:18:08,677 [s0@group-0E8C23DEEB97-StateMachineUpdater] INFO  impl.StateMachineUpdater (StateMachineUpdater.java:takeSnapshot(290)) - s0@group-0E8C23DEEB97-StateMachineUpdater: Took a snapshot at index 63
2023-02-21 19:18:08,677 [s0@group-0E8C23DEEB97-StateMachineUpdater] INFO  impl.StateMachineUpdater (StateMachineUpdater.java:lambda$new$0(96)) - s0@group-0E8C23DEEB97-StateMachineUpdater: snapshotIndex: updateIncreasingly -1 -> 63
2023-02-21 19:18:08,677 [s0@group-0E8C23DEEB97-StateMachineUpdater] INFO  raftlog.RaftLog (RaftLogBase.java:purge(314)) - s0@group-0E8C23DEEB97-SegmentedRaftLog: purge 63
2023-02-21 19:18:08,677 [s0@group-0E8C23DEEB97-StateMachineUpdater] INFO  raftlog.RaftLog (RaftLogBase.java:lambda$new$0(53)) - s0@group-0E8C23DEEB97-SegmentedRaftLog: snapshotIndex: updateIncreasingly -1 -> 63
2023-02-21 19:18:08,677 [s0@group-0E8C23DEEB97-StateMachineUpdater] INFO  raftlog.RaftLog (RaftLogBase.java:lambda$new$0(53)) - s0@group-0E8C23DEEB97-SegmentedRaftLog: purgeIndex: updateToMax old=-1, new=63, updated? true
2023-02-21 19:18:08,677 [s0@group-0E8C23DEEB97-StateMachineUpdater] INFO  impl.SimpleStateMachine4Testing (SimpleStateMachine4Testing.java:put(205)) - s0: put 65, m32 -> (t:1, i:65), STATEMACHINELOGENTRY, 290@client-8819E1E2BDFE
2023-02-21 19:18:08,680 [s0@group-0E8C23DEEB97-StateMachineUpdater] INFO  impl.SimpleStateMachine4Testing (SimpleStateMachine4Testing.java:put(205)) - s0: put 67, m33 -> (t:1, i:67), STATEMACHINELOGENTRY, 291@client-8819E1E2BDFE
2023-02-21 19:18:08,682 [s0@group-0E8C23DEEB97-StateMachineUpdater] INFO  impl.SimpleStateMachine4Testing (SimpleStateMachine4Testing.java:put(205)) - s0: put 69, m34 -> (t:1, i:69), STATEMACHINELOGENTRY, 292@client-8819E1E2BDFE
2023-02-21 19:18:08,685 [s0@group-0E8C23DEEB97-StateMachineUpdater] INFO  impl.SimpleStateMachine4Testing (SimpleStateMachine4Testing.java:put(205)) - s0: put 71, m35 -> (t:1, i:71), STATEMACHINELOGENTRY, 293@client-8819E1E2BDFE
2023-02-21 19:18:08,687 [s0@group-0E8C23DEEB97-StateMachineUpdater] INFO  impl.SimpleStateMachine4Testing (SimpleStateMachine4Testing.java:put(205)) - s0: put 73, m36 -> (t:1, i:73), STATEMACHINELOGENTRY, 294@client-8819E1E2BDFE
2023-02-21 19:18:08,690 [s0@group-0E8C23DEEB97-StateMachineUpdater] INFO  impl.SimpleStateMachine4Testing (SimpleStateMachine4Testing.java:put(205)) - s0: put 75, m37 -> (t:1, i:75), STATEMACHINELOGENTRY, 295@client-8819E1E2BDFE
2023-02-21 19:18:08,692 [s0@group-0E8C23DEEB97-StateMachineUpdater] INFO  impl.SimpleStateMachine4Testing (SimpleStateMachine4Testing.java:put(205)) - s0: put 77, m38 -> (t:1, i:77), STATEMACHINELOGENTRY, 296@client-8819E1E2BDFE
2023-02-21 19:18:08,694 [s0@group-0E8C23DEEB97-StateMachineUpdater] INFO  impl.SimpleStateMachine4Testing (SimpleStateMachine4Testing.java:put(205)) - s0: put 79, m39 -> (t:1, i:79), STATEMACHINELOGENTRY, 297@client-8819E1E2BDFE
2023-02-21 19:18:08,697 [s0@group-0E8C23DEEB97-StateMachineUpdater] INFO  impl.SimpleStateMachine4Testing (SimpleStateMachine4Testing.java:put(205)) - s0: put 81, m40 -> (t:1, i:81), STATEMACHINELOGENTRY, 298@client-8819E1E2BDFE
2023-02-21 19:18:08,699 [s0@group-0E8C23DEEB97-StateMachineUpdater] INFO  impl.SimpleStateMachine4Testing (SimpleStateMachine4Testing.java:put(205)) - s0: put 83, m41 -> (t:1, i:83), STATEMACHINELOGENTRY, 299@client-8819E1E2BDFE
2023-02-21 19:18:08,702 [s0@group-0E8C23DEEB97-StateMachineUpdater] INFO  impl.SimpleStateMachine4Testing (SimpleStateMachine4Testing.java:put(205)) - s0: put 85, m42 -> (t:1, i:85), STATEMACHINELOGENTRY, 300@client-8819E1E2BDFE
2023-02-21 19:18:08,704 [s0@group-0E8C23DEEB97-StateMachineUpdater] INFO  impl.SimpleStateMachine4Testing (SimpleStateMachine4Testing.java:put(205)) - s0: put 87, m43 -> (t:1, i:87), STATEMACHINELOGENTRY, 301@client-8819E1E2BDFE
2023-02-21 19:18:08,706 [s0@group-0E8C23DEEB97-StateMachineUpdater] INFO  impl.SimpleStateMachine4Testing (SimpleStateMachine4Testing.java:put(205)) - s0: put 89, m44 -> (t:1, i:89), STATEMACHINELOGENTRY, 302@client-8819E1E2BDFE
2023-02-21 19:18:08,708 [s0@group-0E8C23DEEB97-StateMachineUpdater] INFO  impl.SimpleStateMachine4Testing (SimpleStateMachine4Testing.java:put(205)) - s0: put 91, m45 -> (t:1, i:91), STATEMACHINELOGENTRY, 303@client-8819E1E2BDFE
2023-02-21 19:18:08,711 [s0@group-0E8C23DEEB97-StateMachineUpdater] INFO  impl.SimpleStateMachine4Testing (SimpleStateMachine4Testing.java:put(205)) - s0: put 93, m46 -> (t:1, i:93), STATEMACHINELOGENTRY, 304@client-8819E1E2BDFE
2023-02-21 19:18:08,713 [s0@group-0E8C23DEEB97-StateMachineUpdater] INFO  impl.SimpleStateMachine4Testing (SimpleStateMachine4Testing.java:put(205)) - s0: put 95, m47 -> (t:1, i:95), STATEMACHINELOGENTRY, 305@client-8819E1E2BDFE
2023-02-21 19:18:08,715 [s0@group-0E8C23DEEB97-StateMachineUpdater] INFO  impl.SimpleStateMachine4Testing (SimpleStateMachine4Testing.java:put(205)) - s0: put 97, m48 -> (t:1, i:97), STATEMACHINELOGENTRY, 306@client-8819E1E2BDFE
2023-02-21 19:18:08,718 [s0@group-0E8C23DEEB97-StateMachineUpdater] INFO  impl.SimpleStateMachine4Testing (SimpleStateMachine4Testing.java:put(205)) - s0: put 99, m49 -> (t:1, i:99), STATEMACHINELOGENTRY, 307@client-8819E1E2BDFE
2023-02-21 19:18:08,720 [s0@group-0E8C23DEEB97-StateMachineUpdater] INFO  impl.SimpleStateMachine4Testing (SimpleStateMachine4Testing.java:put(205)) - s0: put 101, m50 -> (t:1, i:101), STATEMACHINELOGENTRY, 308@client-8819E1E2BDFE
2023-02-21 19:18:08,723 [s0@group-0E8C23DEEB97-StateMachineUpdater] INFO  impl.SimpleStateMachine4Testing (SimpleStateMachine4Testing.java:put(205)) - s0: put 103, m51 -> (t:1, i:103), STATEMACHINELOGENTRY, 309@client-8819E1E2BDFE
2023-02-21 19:18:08,725 [s0@group-0E8C23DEEB97-StateMachineUpdater] INFO  impl.SimpleStateMachine4Testing (SimpleStateMachine4Testing.java:put(205)) - s0: put 105, m52 -> (t:1, i:105), STATEMACHINELOGENTRY, 310@client-8819E1E2BDFE
2023-02-21 19:18:08,727 [s0@group-0E8C23DEEB97-StateMachineUpdater] INFO  impl.SimpleStateMachine4Testing (SimpleStateMachine4Testing.java:put(205)) - s0: put 107, m53 -> (t:1, i:107), STATEMACHINELOGENTRY, 311@client-8819E1E2BDFE
2023-02-21 19:18:08,729 [s0@group-0E8C23DEEB97-StateMachineUpdater] INFO  impl.SimpleStateMachine4Testing (SimpleStateMachine4Testing.java:put(205)) - s0: put 109, m54 -> (t:1, i:109), STATEMACHINELOGENTRY, 312@client-8819E1E2BDFE
2023-02-21 19:18:08,731 [s0@group-0E8C23DEEB97-StateMachineUpdater] INFO  impl.SimpleStateMachine4Testing (SimpleStateMachine4Testing.java:put(205)) - s0: put 111, m55 -> (t:1, i:111), STATEMACHINELOGENTRY, 313@client-8819E1E2BDFE
2023-02-21 19:18:08,733 [s0@group-0E8C23DEEB97-StateMachineUpdater] INFO  impl.SimpleStateMachine4Testing (SimpleStateMachine4Testing.java:put(205)) - s0: put 113, m56 -> (t:1, i:113), STATEMACHINELOGENTRY, 314@client-8819E1E2BDFE
2023-02-21 19:18:08,736 [s0@group-0E8C23DEEB97-StateMachineUpdater] INFO  impl.SimpleStateMachine4Testing (SimpleStateMachine4Testing.java:put(205)) - s0: put 115, m57 -> (t:1, i:115), STATEMACHINELOGENTRY, 315@client-8819E1E2BDFE
2023-02-21 19:18:08,738 [s0@group-0E8C23DEEB97-StateMachineUpdater] INFO  impl.SimpleStateMachine4Testing (SimpleStateMachine4Testing.java:put(205)) - s0: put 117, m58 -> (t:1, i:117), STATEMACHINELOGENTRY, 316@client-8819E1E2BDFE
2023-02-21 19:18:08,740 [s0@group-0E8C23DEEB97-StateMachineUpdater] INFO  impl.SimpleStateMachine4Testing (SimpleStateMachine4Testing.java:put(205)) - s0: put 119, m59 -> (t:1, i:119), STATEMACHINELOGENTRY, 317@client-8819E1E2BDFE
2023-02-21 19:18:08,742 [s0@group-0E8C23DEEB97-StateMachineUpdater] INFO  impl.SimpleStateMachine4Testing (SimpleStateMachine4Testing.java:put(205)) - s0: put 121, m60 -> (t:1, i:121), STATEMACHINELOGENTRY, 318@client-8819E1E2BDFE
2023-02-21 19:18:08,744 [s0@group-0E8C23DEEB97-StateMachineUpdater] INFO  impl.SimpleStateMachine4Testing (SimpleStateMachine4Testing.java:put(205)) - s0: put 123, m61 -> (t:1, i:123), STATEMACHINELOGENTRY, 319@client-8819E1E2BDFE
2023-02-21 19:18:08,747 [s0@group-0E8C23DEEB97-StateMachineUpdater] INFO  impl.SimpleStateMachine4Testing (SimpleStateMachine4Testing.java:put(205)) - s0: put 125, m62 -> (t:1, i:125), STATEMACHINELOGENTRY, 320@client-8819E1E2BDFE
2023-02-21 19:18:08,749 [s0@group-0E8C23DEEB97-StateMachineUpdater] INFO  impl.SimpleStateMachine4Testing (SimpleStateMachine4Testing.java:put(205)) - s0: put 127, m63 -> (t:1, i:127), STATEMACHINELOGENTRY, 321@client-8819E1E2BDFE
2023-02-21 19:18:08,762 [s0@group-0E8C23DEEB97-StateMachineUpdater] INFO  impl.StateMachineUpdater (StateMachineUpdater.java:takeSnapshot(290)) - s0@group-0E8C23DEEB97-StateMachineUpdater: Took a snapshot at index 127
2023-02-21 19:18:08,762 [s0@group-0E8C23DEEB97-StateMachineUpdater] INFO  impl.StateMachineUpdater (StateMachineUpdater.java:lambda$new$0(96)) - s0@group-0E8C23DEEB97-StateMachineUpdater: snapshotIndex: updateIncreasingly 63 -> 127
2023-02-21 19:18:08,762 [s0@group-0E8C23DEEB97-StateMachineUpdater] INFO  raftlog.RaftLog (RaftLogBase.java:purge(314)) - s0@group-0E8C23DEEB97-SegmentedRaftLog: purge 127
2023-02-21 19:18:08,762 [s0@group-0E8C23DEEB97-StateMachineUpdater] INFO  raftlog.RaftLog (RaftLogBase.java:lambda$new$0(53)) - s0@group-0E8C23DEEB97-SegmentedRaftLog: snapshotIndex: updateIncreasingly 63 -> 127
2023-02-21 19:18:08,762 [s0@group-0E8C23DEEB97-StateMachineUpdater] INFO  raftlog.RaftLog (RaftLogBase.java:lambda$new$0(53)) - s0@group-0E8C23DEEB97-SegmentedRaftLog: purgeIndex: updateToMax old=63, new=127, updated? true
2023-02-21 19:18:08,762 [s0@group-0E8C23DEEB97-StateMachineUpdater] INFO  impl.SimpleStateMachine4Testing (SimpleStateMachine4Testing.java:put(205)) - s0: put 129, m64 -> (t:1, i:129), STATEMACHINELOGENTRY, 322@client-8819E1E2BDFE
2023-02-21 19:18:08,766 [s0@group-0E8C23DEEB97-StateMachineUpdater] INFO  impl.SimpleStateMachine4Testing (SimpleStateMachine4Testing.java:put(205)) - s0: put 131, m65 -> (t:1, i:131), STATEMACHINELOGENTRY, 323@client-8819E1E2BDFE
2023-02-21 19:18:08,769 [s0@group-0E8C23DEEB97-StateMachineUpdater] INFO  impl.SimpleStateMachine4Testing (SimpleStateMachine4Testing.java:put(205)) - s0: put 133, m66 -> (t:1, i:133), STATEMACHINELOGENTRY, 324@client-8819E1E2BDFE
2023-02-21 19:18:08,772 [s0@group-0E8C23DEEB97-StateMachineUpdater] INFO  impl.SimpleStateMachine4Testing (SimpleStateMachine4Testing.java:put(205)) - s0: put 135, m67 -> (t:1, i:135), STATEMACHINELOGENTRY, 325@client-8819E1E2BDFE
2023-02-21 19:18:08,774 [s0@group-0E8C23DEEB97-StateMachineUpdater] INFO  impl.SimpleStateMachine4Testing (SimpleStateMachine4Testing.java:put(205)) - s0: put 137, m68 -> (t:1, i:137), STATEMACHINELOGENTRY, 326@client-8819E1E2BDFE
2023-02-21 19:18:08,777 [s0@group-0E8C23DEEB97-StateMachineUpdater] INFO  impl.SimpleStateMachine4Testing (SimpleStateMachine4Testing.java:put(205)) - s0: put 139, m69 -> (t:1, i:139), STATEMACHINELOGENTRY, 327@client-8819E1E2BDFE
2023-02-21 19:18:08,779 [s0@group-0E8C23DEEB97-StateMachineUpdater] INFO  impl.SimpleStateMachine4Testing (SimpleStateMachine4Testing.java:put(205)) - s0: put 141, m70 -> (t:1, i:141), STATEMACHINELOGENTRY, 328@client-8819E1E2BDFE
2023-02-21 19:18:08,781 [s0@group-0E8C23DEEB97-StateMachineUpdater] INFO  impl.SimpleStateMachine4Testing (SimpleStateMachine4Testing.java:put(205)) - s0: put 143, m71 -> (t:1, i:143), STATEMACHINELOGENTRY, 329@client-8819E1E2BDFE
2023-02-21 19:18:08,784 [s0@group-0E8C23DEEB97-StateMachineUpdater] INFO  impl.SimpleStateMachine4Testing (SimpleStateMachine4Testing.java:put(205)) - s0: put 145, m72 -> (t:1, i:145), STATEMACHINELOGENTRY, 330@client-8819E1E2BDFE
2023-02-21 19:18:08,786 [s0@group-0E8C23DEEB97-StateMachineUpdater] INFO  impl.SimpleStateMachine4Testing (SimpleStateMachine4Testing.java:put(205)) - s0: put 147, m73 -> (t:1, i:147), STATEMACHINELOGENTRY, 331@client-8819E1E2BDFE
2023-02-21 19:18:08,789 [s0@group-0E8C23DEEB97-StateMachineUpdater] INFO  impl.SimpleStateMachine4Testing (SimpleStateMachine4Testing.java:put(205)) - s0: put 149, m74 -> (t:1, i:149), STATEMACHINELOGENTRY, 332@client-8819E1E2BDFE
2023-02-21 19:18:08,791 [s0@group-0E8C23DEEB97-StateMachineUpdater] INFO  impl.SimpleStateMachine4Testing (SimpleStateMachine4Testing.java:put(205)) - s0: put 151, m75 -> (t:1, i:151), STATEMACHINELOGENTRY, 333@client-8819E1E2BDFE
2023-02-21 19:18:08,794 [s0@group-0E8C23DEEB97-StateMachineUpdater] INFO  impl.SimpleStateMachine4Testing (SimpleStateMachine4Testing.java:put(205)) - s0: put 153, m76 -> (t:1, i:153), STATEMACHINELOGENTRY, 334@client-8819E1E2BDFE
2023-02-21 19:18:08,806 [s0@group-0E8C23DEEB97-StateMachineUpdater] INFO  impl.SimpleStateMachine4Testing (SimpleStateMachine4Testing.java:put(205)) - s0: put 155, m77 -> (t:1, i:155), STATEMACHINELOGENTRY, 335@client-8819E1E2BDFE
2023-02-21 19:18:08,809 [s0@group-0E8C23DEEB97-StateMachineUpdater] INFO  impl.SimpleStateMachine4Testing (SimpleStateMachine4Testing.java:put(205)) - s0: put 157, m78 -> (t:1, i:157), STATEMACHINELOGENTRY, 336@client-8819E1E2BDFE
2023-02-21 19:18:08,811 [s0@group-0E8C23DEEB97-StateMachineUpdater] INFO  impl.SimpleStateMachine4Testing (SimpleStateMachine4Testing.java:put(205)) - s0: put 159, m79 -> (t:1, i:159), STATEMACHINELOGENTRY, 337@client-8819E1E2BDFE
2023-02-21 19:18:08,813 [s0@group-0E8C23DEEB97-StateMachineUpdater] INFO  impl.SimpleStateMachine4Testing (SimpleStateMachine4Testing.java:put(205)) - s0: put 161, m80 -> (t:1, i:161), STATEMACHINELOGENTRY, 338@client-8819E1E2BDFE
2023-02-21 19:18:08,815 [s0@group-0E8C23DEEB97-StateMachineUpdater] INFO  impl.SimpleStateMachine4Testing (SimpleStateMachine4Testing.java:put(205)) - s0: put 163, m81 -> (t:1, i:163), STATEMACHINELOGENTRY, 339@client-8819E1E2BDFE
2023-02-21 19:18:08,817 [s0@group-0E8C23DEEB97-StateMachineUpdater] INFO  impl.SimpleStateMachine4Testing (SimpleStateMachine4Testing.java:put(205)) - s0: put 165, m82 -> (t:1, i:165), STATEMACHINELOGENTRY, 340@client-8819E1E2BDFE
2023-02-21 19:18:08,819 [s0@group-0E8C23DEEB97-StateMachineUpdater] INFO  impl.SimpleStateMachine4Testing (SimpleStateMachine4Testing.java:put(205)) - s0: put 167, m83 -> (t:1, i:167), STATEMACHINELOGENTRY, 341@client-8819E1E2BDFE
2023-02-21 19:18:08,822 [s0@group-0E8C23DEEB97-StateMachineUpdater] INFO  impl.SimpleStateMachine4Testing (SimpleStateMachine4Testing.java:put(205)) - s0: put 169, m84 -> (t:1, i:169), STATEMACHINELOGENTRY, 342@client-8819E1E2BDFE
2023-02-21 19:18:08,824 [s0@group-0E8C23DEEB97-StateMachineUpdater] INFO  impl.SimpleStateMachine4Testing (SimpleStateMachine4Testing.java:put(205)) - s0: put 171, m85 -> (t:1, i:171), STATEMACHINELOGENTRY, 343@client-8819E1E2BDFE
2023-02-21 19:18:08,826 [s0@group-0E8C23DEEB97-StateMachineUpdater] INFO  impl.SimpleStateMachine4Testing (SimpleStateMachine4Testing.java:put(205)) - s0: put 173, m86 -> (t:1, i:173), STATEMACHINELOGENTRY, 344@client-8819E1E2BDFE
2023-02-21 19:18:08,828 [s0@group-0E8C23DEEB97-StateMachineUpdater] INFO  impl.SimpleStateMachine4Testing (SimpleStateMachine4Testing.java:put(205)) - s0: put 175, m87 -> (t:1, i:175), STATEMACHINELOGENTRY, 345@client-8819E1E2BDFE
2023-02-21 19:18:08,830 [s0@group-0E8C23DEEB97-StateMachineUpdater] INFO  impl.SimpleStateMachine4Testing (SimpleStateMachine4Testing.java:put(205)) - s0: put 177, m88 -> (t:1, i:177), STATEMACHINELOGENTRY, 346@client-8819E1E2BDFE
2023-02-21 19:18:08,833 [s0@group-0E8C23DEEB97-StateMachineUpdater] INFO  impl.SimpleStateMachine4Testing (SimpleStateMachine4Testing.java:put(205)) - s0: put 179, m89 -> (t:1, i:179), STATEMACHINELOGENTRY, 347@client-8819E1E2BDFE
2023-02-21 19:18:08,835 [s0@group-0E8C23DEEB97-StateMachineUpdater] INFO  impl.SimpleStateMachine4Testing (SimpleStateMachine4Testing.java:put(205)) - s0: put 181, m90 -> (t:1, i:181), STATEMACHINELOGENTRY, 348@client-8819E1E2BDFE
2023-02-21 19:18:08,837 [s0@group-0E8C23DEEB97-StateMachineUpdater] INFO  impl.SimpleStateMachine4Testing (SimpleStateMachine4Testing.java:put(205)) - s0: put 183, m91 -> (t:1, i:183), STATEMACHINELOGENTRY, 349@client-8819E1E2BDFE
2023-02-21 19:18:08,839 [s0@group-0E8C23DEEB97-StateMachineUpdater] INFO  impl.SimpleStateMachine4Testing (SimpleStateMachine4Testing.java:put(205)) - s0: put 185, m92 -> (t:1, i:185), STATEMACHINELOGENTRY, 350@client-8819E1E2BDFE
2023-02-21 19:18:08,841 [s0@group-0E8C23DEEB97-StateMachineUpdater] INFO  impl.SimpleStateMachine4Testing (SimpleStateMachine4Testing.java:put(205)) - s0: put 187, m93 -> (t:1, i:187), STATEMACHINELOGENTRY, 351@client-8819E1E2BDFE
2023-02-21 19:18:08,844 [s0@group-0E8C23DEEB97-StateMachineUpdater] INFO  impl.SimpleStateMachine4Testing (SimpleStateMachine4Testing.java:put(205)) - s0: put 189, m94 -> (t:1, i:189), STATEMACHINELOGENTRY, 352@client-8819E1E2BDFE
2023-02-21 19:18:08,846 [s0@group-0E8C23DEEB97-StateMachineUpdater] INFO  impl.SimpleStateMachine4Testing (SimpleStateMachine4Testing.java:put(205)) - s0: put 191, m95 -> (t:1, i:191), STATEMACHINELOGENTRY, 353@client-8819E1E2BDFE
2023-02-21 19:18:08,858 [s0@group-0E8C23DEEB97-StateMachineUpdater] INFO  impl.StateMachineUpdater (StateMachineUpdater.java:takeSnapshot(290)) - s0@group-0E8C23DEEB97-StateMachineUpdater: Took a snapshot at index 191
2023-02-21 19:18:08,858 [s0@group-0E8C23DEEB97-StateMachineUpdater] INFO  impl.StateMachineUpdater (StateMachineUpdater.java:lambda$new$0(96)) - s0@group-0E8C23DEEB97-StateMachineUpdater: snapshotIndex: updateIncreasingly 127 -> 191
2023-02-21 19:18:08,858 [s0@group-0E8C23DEEB97-StateMachineUpdater] INFO  raftlog.RaftLog (RaftLogBase.java:purge(314)) - s0@group-0E8C23DEEB97-SegmentedRaftLog: purge 191
2023-02-21 19:18:08,858 [s0@group-0E8C23DEEB97-StateMachineUpdater] INFO  raftlog.RaftLog (RaftLogBase.java:lambda$new$0(53)) - s0@group-0E8C23DEEB97-SegmentedRaftLog: snapshotIndex: updateIncreasingly 127 -> 191
2023-02-21 19:18:08,858 [s0@group-0E8C23DEEB97-StateMachineUpdater] INFO  raftlog.RaftLog (RaftLogBase.java:lambda$new$0(53)) - s0@group-0E8C23DEEB97-SegmentedRaftLog: purgeIndex: updateToMax old=127, new=191, updated? true
2023-02-21 19:18:08,858 [s0@group-0E8C23DEEB97-StateMachineUpdater] INFO  impl.SimpleStateMachine4Testing (SimpleStateMachine4Testing.java:put(205)) - s0: put 193, m96 -> (t:1, i:193), STATEMACHINELOGENTRY, 354@client-8819E1E2BDFE
2023-02-21 19:18:08,861 [s0@group-0E8C23DEEB97-StateMachineUpdater] INFO  impl.SimpleStateMachine4Testing (SimpleStateMachine4Testing.java:put(205)) - s0: put 195, m97 -> (t:1, i:195), STATEMACHINELOGENTRY, 355@client-8819E1E2BDFE
2023-02-21 19:18:08,863 [s0@group-0E8C23DEEB97-StateMachineUpdater] INFO  impl.SimpleStateMachine4Testing (SimpleStateMachine4Testing.java:put(205)) - s0: put 197, m98 -> (t:1, i:197), STATEMACHINELOGENTRY, 356@client-8819E1E2BDFE
2023-02-21 19:18:08,866 [s0@group-0E8C23DEEB97-StateMachineUpdater] INFO  impl.SimpleStateMachine4Testing (SimpleStateMachine4Testing.java:put(205)) - s0: put 199, m99 -> (t:1, i:199), STATEMACHINELOGENTRY, 357@client-8819E1E2BDFE
2023-02-21 19:18:08,868 [s0@group-0E8C23DEEB97-StateMachineUpdater] INFO  impl.SimpleStateMachine4Testing (SimpleStateMachine4Testing.java:put(205)) - s0: put 201, m100 -> (t:1, i:201), STATEMACHINELOGENTRY, 358@client-8819E1E2BDFE
2023-02-21 19:18:08,870 [s0@group-0E8C23DEEB97-StateMachineUpdater] INFO  impl.SimpleStateMachine4Testing (SimpleStateMachine4Testing.java:put(205)) - s0: put 203, m101 -> (t:1, i:203), STATEMACHINELOGENTRY, 359@client-8819E1E2BDFE
2023-02-21 19:18:08,872 [s0@group-0E8C23DEEB97-StateMachineUpdater] INFO  impl.SimpleStateMachine4Testing (SimpleStateMachine4Testing.java:put(205)) - s0: put 205, m102 -> (t:1, i:205), STATEMACHINELOGENTRY, 360@client-8819E1E2BDFE
2023-02-21 19:18:08,874 [s0@group-0E8C23DEEB97-StateMachineUpdater] INFO  impl.SimpleStateMachine4Testing (SimpleStateMachine4Testing.java:put(205)) - s0: put 207, m103 -> (t:1, i:207), STATEMACHINELOGENTRY, 361@client-8819E1E2BDFE
2023-02-21 19:18:08,876 [s0@group-0E8C23DEEB97-StateMachineUpdater] INFO  impl.SimpleStateMachine4Testing (SimpleStateMachine4Testing.java:put(205)) - s0: put 209, m104 -> (t:1, i:209), STATEMACHINELOGENTRY, 362@client-8819E1E2BDFE
2023-02-21 19:18:08,878 [s0@group-0E8C23DEEB97-StateMachineUpdater] INFO  impl.SimpleStateMachine4Testing (SimpleStateMachine4Testing.java:put(205)) - s0: put 211, m105 -> (t:1, i:211), STATEMACHINELOGENTRY, 363@client-8819E1E2BDFE
2023-02-21 19:18:08,881 [s0@group-0E8C23DEEB97-StateMachineUpdater] INFO  impl.SimpleStateMachine4Testing (SimpleStateMachine4Testing.java:put(205)) - s0: put 213, m106 -> (t:1, i:213), STATEMACHINELOGENTRY, 364@client-8819E1E2BDFE
2023-02-21 19:18:08,883 [s0@group-0E8C23DEEB97-StateMachineUpdater] INFO  impl.SimpleStateMachine4Testing (SimpleStateMachine4Testing.java:put(205)) - s0: put 215, m107 -> (t:1, i:215), STATEMACHINELOGENTRY, 365@client-8819E1E2BDFE
2023-02-21 19:18:08,885 [s0@group-0E8C23DEEB97-StateMachineUpdater] INFO  impl.SimpleStateMachine4Testing (SimpleStateMachine4Testing.java:put(205)) - s0: put 217, m108 -> (t:1, i:217), STATEMACHINELOGENTRY, 366@client-8819E1E2BDFE
2023-02-21 19:18:08,887 [s0@group-0E8C23DEEB97-StateMachineUpdater] INFO  impl.SimpleStateMachine4Testing (SimpleStateMachine4Testing.java:put(205)) - s0: put 219, m109 -> (t:1, i:219), STATEMACHINELOGENTRY, 367@client-8819E1E2BDFE
2023-02-21 19:18:08,889 [s0@group-0E8C23DEEB97-StateMachineUpdater] INFO  impl.SimpleStateMachine4Testing (SimpleStateMachine4Testing.java:put(205)) - s0: put 221, m110 -> (t:1, i:221), STATEMACHINELOGENTRY, 368@client-8819E1E2BDFE
2023-02-21 19:18:08,891 [s0@group-0E8C23DEEB97-StateMachineUpdater] INFO  impl.SimpleStateMachine4Testing (SimpleStateMachine4Testing.java:put(205)) - s0: put 223, m111 -> (t:1, i:223), STATEMACHINELOGENTRY, 369@client-8819E1E2BDFE
2023-02-21 19:18:08,896 [s0@group-0E8C23DEEB97-StateMachineUpdater] INFO  impl.SimpleStateMachine4Testing (SimpleStateMachine4Testing.java:put(205)) - s0: put 225, m112 -> (t:1, i:225), STATEMACHINELOGENTRY, 370@client-8819E1E2BDFE
2023-02-21 19:18:08,898 [s0@group-0E8C23DEEB97-StateMachineUpdater] INFO  impl.SimpleStateMachine4Testing (SimpleStateMachine4Testing.java:put(205)) - s0: put 227, m113 -> (t:1, i:227), STATEMACHINELOGENTRY, 371@client-8819E1E2BDFE
2023-02-21 19:18:08,901 [s0@group-0E8C23DEEB97-StateMachineUpdater] INFO  impl.SimpleStateMachine4Testing (SimpleStateMachine4Testing.java:put(205)) - s0: put 229, m114 -> (t:1, i:229), STATEMACHINELOGENTRY, 372@client-8819E1E2BDFE
2023-02-21 19:18:08,903 [s0@group-0E8C23DEEB97-StateMachineUpdater] INFO  impl.SimpleStateMachine4Testing (SimpleStateMachine4Testing.java:put(205)) - s0: put 231, m115 -> (t:1, i:231), STATEMACHINELOGENTRY, 373@client-8819E1E2BDFE
2023-02-21 19:18:08,905 [s0@group-0E8C23DEEB97-StateMachineUpdater] INFO  impl.SimpleStateMachine4Testing (SimpleStateMachine4Testing.java:put(205)) - s0: put 233, m116 -> (t:1, i:233), STATEMACHINELOGENTRY, 374@client-8819E1E2BDFE
2023-02-21 19:18:08,908 [s0@group-0E8C23DEEB97-StateMachineUpdater] INFO  impl.SimpleStateMachine4Testing (SimpleStateMachine4Testing.java:put(205)) - s0: put 235, m117 -> (t:1, i:235), STATEMACHINELOGENTRY, 375@client-8819E1E2BDFE
2023-02-21 19:18:08,910 [s0@group-0E8C23DEEB97-StateMachineUpdater] INFO  impl.SimpleStateMachine4Testing (SimpleStateMachine4Testing.java:put(205)) - s0: put 237, m118 -> (t:1, i:237), STATEMACHINELOGENTRY, 376@client-8819E1E2BDFE
2023-02-21 19:18:08,912 [s0@group-0E8C23DEEB97-StateMachineUpdater] INFO  impl.SimpleStateMachine4Testing (SimpleStateMachine4Testing.java:put(205)) - s0: put 239, m119 -> (t:1, i:239), STATEMACHINELOGENTRY, 377@client-8819E1E2BDFE
2023-02-21 19:18:08,915 [s0@group-0E8C23DEEB97-StateMachineUpdater] INFO  impl.SimpleStateMachine4Testing (SimpleStateMachine4Testing.java:put(205)) - s0: put 241, m120 -> (t:1, i:241), STATEMACHINELOGENTRY, 378@client-8819E1E2BDFE
2023-02-21 19:18:08,918 [s0@group-0E8C23DEEB97-StateMachineUpdater] INFO  impl.SimpleStateMachine4Testing (SimpleStateMachine4Testing.java:put(205)) - s0: put 243, m121 -> (t:1, i:243), STATEMACHINELOGENTRY, 379@client-8819E1E2BDFE
2023-02-21 19:18:08,920 [s0@group-0E8C23DEEB97-StateMachineUpdater] INFO  impl.SimpleStateMachine4Testing (SimpleStateMachine4Testing.java:put(205)) - s0: put 245, m122 -> (t:1, i:245), STATEMACHINELOGENTRY, 380@client-8819E1E2BDFE
2023-02-21 19:18:08,926 [s0@group-0E8C23DEEB97-StateMachineUpdater] INFO  impl.SimpleStateMachine4Testing (SimpleStateMachine4Testing.java:put(205)) - s0: put 247, m123 -> (t:1, i:247), STATEMACHINELOGENTRY, 381@client-8819E1E2BDFE
2023-02-21 19:18:08,931 [s0@group-0E8C23DEEB97-StateMachineUpdater] INFO  impl.SimpleStateMachine4Testing (SimpleStateMachine4Testing.java:put(205)) - s0: put 249, m124 -> (t:1, i:249), STATEMACHINELOGENTRY, 382@client-8819E1E2BDFE
2023-02-21 19:18:08,934 [s0@group-0E8C23DEEB97-StateMachineUpdater] INFO  impl.SimpleStateMachine4Testing (SimpleStateMachine4Testing.java:put(205)) - s0: put 251, m125 -> (t:1, i:251), STATEMACHINELOGENTRY, 383@client-8819E1E2BDFE
2023-02-21 19:18:08,939 [s0@group-0E8C23DEEB97-StateMachineUpdater] INFO  impl.SimpleStateMachine4Testing (SimpleStateMachine4Testing.java:put(205)) - s0: put 253, m126 -> (t:1, i:253), STATEMACHINELOGENTRY, 384@client-8819E1E2BDFE
2023-02-21 19:18:08,945 [s0-server-thread1] INFO  server.RaftServer$Division (RaftServerImpl.java:takeSnapshotAsync(1128)) - s0@group-0E8C23DEEB97: takeSnapshotAsync SnapshotManagementRequest:client-8819E1E2BDFE->s0@group-0E8C23DEEB97, cid=385, seq=0, RO, null, Create:
2023-02-21 19:18:08,945 [s0-server-thread1] INFO  server.RaftServerConfigKeys (ConfUtils.java:logGet(46)) - raft.server.snapshot.creation.gap = 1024 (default)
2023-02-21 19:18:08,949 [Time-limited test] INFO  impl.MiniRaftCluster (MiniRaftCluster.java:addNewPeers(464)) - Add new peers [s1, s2]
2023-02-21 19:18:08,949 [Time-limited test] INFO  impl.MiniRaftCluster (MiniRaftCluster.java:newRaftServer(382)) - newRaftServer: s1, group-0E8C23DEEB97:[], format? true
2023-02-21 19:18:08,949 [Time-limited test] TRACE util.FileUtils (FileUtils.java:deleteFully(201)) - deleteFully target/test/data/22feb97a/MiniRaftClusterWithGrpcf8c2bef7/s1
2023-02-21 19:18:08,949 [Time-limited test] TRACE util.FileUtils (FileUtils.java:deleteFully(217)) - deleteFully: target/test/data/22feb97a/MiniRaftClusterWithGrpcf8c2bef7/s1 does not exist.
2023-02-21 19:18:08,949 [Time-limited test] INFO  impl.MiniRaftCluster (MiniRaftCluster.java:newRaftServer(387)) - Formatted directory target/test/data/22feb97a/MiniRaftClusterWithGrpcf8c2bef7/s1
2023-02-21 19:18:08,950 [Time-limited test] INFO  server.RaftServer (ConfUtils.java:logGet(46)) - raft.rpc.type = GRPC (default)
2023-02-21 19:18:08,950 [Time-limited test] INFO  grpc.GrpcConfigKeys (ConfUtils.java:logFallback(53)) - raft.grpc.admin.host = null (fallback to raft.grpc.server.host)
2023-02-21 19:18:08,950 [Time-limited test] INFO  grpc.GrpcConfigKeys (ConfUtils.java:logFallback(53)) - raft.grpc.admin.port = 40887 (fallback to raft.grpc.server.port)
2023-02-21 19:18:08,950 [Time-limited test] INFO  grpc.GrpcConfigKeys (ConfUtils.java:logFallback(53)) - raft.grpc.client.host = null (fallback to raft.grpc.server.host)
2023-02-21 19:18:08,950 [Time-limited test] INFO  grpc.GrpcConfigKeys (ConfUtils.java:logFallback(53)) - raft.grpc.client.port = 40887 (fallback to raft.grpc.server.port)
2023-02-21 19:18:08,950 [Time-limited test] INFO  grpc.GrpcConfigKeys (ConfUtils.java:logGet(46)) - raft.grpc.server.host = null (default)
2023-02-21 19:18:08,950 [Time-limited test] INFO  grpc.GrpcConfigKeys (ConfUtils.java:logGet(46)) - raft.grpc.server.port = 40887 (custom)
2023-02-21 19:18:08,950 [Time-limited test] INFO  server.GrpcService (ConfUtils.java:logGet(46)) - raft.grpc.message.size.max = 64MB (=67108864) (default)
2023-02-21 19:18:08,950 [Time-limited test] INFO  server.RaftServerConfigKeys (ConfUtils.java:logGet(46)) - raft.server.log.appender.buffer.byte-limit = 4MB (=4194304) (default)
2023-02-21 19:18:08,950 [Time-limited test] INFO  server.GrpcService (ConfUtils.java:logGet(46)) - raft.grpc.flow.control.window = 1MB (=1048576) (default)
2023-02-21 19:18:08,950 [Time-limited test] INFO  server.RaftServerConfigKeys (ConfUtils.java:logGet(46)) - raft.server.rpc.request.timeout = 3000ms (default)
2023-02-21 19:18:08,950 [Time-limited test] INFO  grpc.GrpcConfigKeys (ConfUtils.java:logGet(46)) - raft.grpc.server.heartbeat.channel = true (default)
2023-02-21 19:18:08,950 [Time-limited test] INFO  grpc.GrpcConfigKeys (ConfUtils.java:logGet(46)) - raft.grpc.server.async.request.thread.pool.cached = true (default)
2023-02-21 19:18:08,950 [Time-limited test] INFO  grpc.GrpcConfigKeys (ConfUtils.java:logGet(46)) - raft.grpc.server.async.request.thread.pool.size = 32 (default)
2023-02-21 19:18:08,951 [Time-limited test] INFO  impl.DataStreamServerImpl (ConfUtils.java:logGet(46)) - raft.datastream.type = DISABLED (default)
2023-02-21 19:18:08,951 [Time-limited test] INFO  server.RaftServerConfigKeys (ConfUtils.java:logGet(46)) - raft.server.threadpool.proxy.cached = true (default)
2023-02-21 19:18:08,951 [Time-limited test] INFO  server.RaftServerConfigKeys (ConfUtils.java:logGet(46)) - raft.server.threadpool.proxy.size = 0 (default)
2023-02-21 19:18:08,951 [Time-limited test] INFO  server.RaftServerConfigKeys (ConfUtils.java:logGet(46)) - raft.server.rpc.slowness.timeout = 60s (default)
2023-02-21 19:18:08,951 [Time-limited test] INFO  server.RaftServerConfigKeys (ConfUtils.java:logGet(46)) - raft.server.leaderelection.leader.step-down.wait-time = 10s (default)
2023-02-21 19:18:08,951 [Time-limited test] INFO  server.RaftServerConfigKeys (ConfUtils.java:logGet(46)) - raft.server.storage.dir = [/home/runner/work/ratis/ratis/ratis-test/target/test/data/22feb97a/MiniRaftClusterWithGrpcf8c2bef7/s1] (custom)
2023-02-21 19:18:08,952 [Time-limited test] INFO  server.RaftServer (RaftServerProxy.java:addNew(99)) - s1: addNew group-0E8C23DEEB97:[] returns group-0E8C23DEEB97:java.util.concurrent.CompletableFuture@418e1874[Not completed]
2023-02-21 19:18:08,952 [Time-limited test] INFO  impl.MiniRaftCluster (MiniRaftCluster.java:newRaftServer(382)) - newRaftServer: s2, group-0E8C23DEEB97:[], format? true
2023-02-21 19:18:08,952 [Time-limited test] TRACE util.FileUtils (FileUtils.java:deleteFully(201)) - deleteFully target/test/data/22feb97a/MiniRaftClusterWithGrpcf8c2bef7/s2
2023-02-21 19:18:08,953 [pool-10-thread-1] INFO  server.RaftServerConfigKeys (ConfUtils.java:logGet(46)) - raft.server.log.segment.size.max = 8MB (=8388608) (default)
2023-02-21 19:18:08,953 [pool-10-thread-1] INFO  server.RaftServerConfigKeys (ConfUtils.java:logGet(46)) - raft.server.log.preallocated.size = 4MB (=4194304) (default)
2023-02-21 19:18:08,953 [Time-limited test] TRACE util.FileUtils (FileUtils.java:deleteFully(217)) - deleteFully: target/test/data/22feb97a/MiniRaftClusterWithGrpcf8c2bef7/s2 does not exist.
2023-02-21 19:18:08,953 [Time-limited test] INFO  impl.MiniRaftCluster (MiniRaftCluster.java:newRaftServer(387)) - Formatted directory target/test/data/22feb97a/MiniRaftClusterWithGrpcf8c2bef7/s2
2023-02-21 19:18:08,953 [pool-10-thread-1] INFO  server.RaftServerConfigKeys (ConfUtils.java:logGet(46)) - raft.server.log.write.buffer.size = 64KB (=65536) (default)
2023-02-21 19:18:08,953 [pool-10-thread-1] INFO  server.RaftServer$Division (RaftServerImpl.java:<init>(198)) - s1: new RaftServerImpl for group-0E8C23DEEB97:[] with StateMachineWithMultiNestedSnapshotFile:uninitialized
2023-02-21 19:18:08,953 [pool-10-thread-1] INFO  server.RaftServerConfigKeys (ConfUtils.java:logGet(46)) - raft.server.rpc.timeout.min = 150ms (default)
2023-02-21 19:18:08,953 [pool-10-thread-1] INFO  server.RaftServerConfigKeys (ConfUtils.java:logGet(46)) - raft.server.rpc.timeout.max = 300ms (default)
2023-02-21 19:18:08,953 [pool-10-thread-1] INFO  server.RaftServerConfigKeys (ConfUtils.java:logGet(46)) - raft.server.rpc.sleep.time = 25ms (default)
2023-02-21 19:18:08,953 [pool-10-thread-1] INFO  server.RaftServerConfigKeys (ConfUtils.java:logGet(46)) - raft.server.rpc.slowness.timeout = 60s (default)
2023-02-21 19:18:08,953 [Time-limited test] INFO  server.RaftServer (ConfUtils.java:logGet(46)) - raft.rpc.type = GRPC (default)
2023-02-21 19:18:08,953 [Time-limited test] INFO  grpc.GrpcConfigKeys (ConfUtils.java:logFallback(53)) - raft.grpc.admin.host = null (fallback to raft.grpc.server.host)
2023-02-21 19:18:08,954 [Time-limited test] INFO  grpc.GrpcConfigKeys (ConfUtils.java:logFallback(53)) - raft.grpc.admin.port = 43205 (fallback to raft.grpc.server.port)
2023-02-21 19:18:08,954 [Time-limited test] INFO  grpc.GrpcConfigKeys (ConfUtils.java:logFallback(53)) - raft.grpc.client.host = null (fallback to raft.grpc.server.host)
2023-02-21 19:18:08,954 [Time-limited test] INFO  grpc.GrpcConfigKeys (ConfUtils.java:logFallback(53)) - raft.grpc.client.port = 43205 (fallback to raft.grpc.server.port)
2023-02-21 19:18:08,954 [Time-limited test] INFO  grpc.GrpcConfigKeys (ConfUtils.java:logGet(46)) - raft.grpc.server.host = null (default)
2023-02-21 19:18:08,954 [Time-limited test] INFO  grpc.GrpcConfigKeys (ConfUtils.java:logGet(46)) - raft.grpc.server.port = 43205 (custom)
2023-02-21 19:18:08,954 [Time-limited test] INFO  server.GrpcService (ConfUtils.java:logGet(46)) - raft.grpc.message.size.max = 64MB (=67108864) (default)
2023-02-21 19:18:08,954 [Time-limited test] INFO  server.RaftServerConfigKeys (ConfUtils.java:logGet(46)) - raft.server.log.appender.buffer.byte-limit = 4MB (=4194304) (default)
2023-02-21 19:18:08,954 [Time-limited test] INFO  server.GrpcService (ConfUtils.java:logGet(46)) - raft.grpc.flow.control.window = 1MB (=1048576) (default)
2023-02-21 19:18:08,954 [Time-limited test] INFO  server.RaftServerConfigKeys (ConfUtils.java:logGet(46)) - raft.server.rpc.request.timeout = 3000ms (default)
2023-02-21 19:18:08,954 [Time-limited test] INFO  grpc.GrpcConfigKeys (ConfUtils.java:logGet(46)) - raft.grpc.server.heartbeat.channel = true (default)
2023-02-21 19:18:08,954 [Time-limited test] INFO  grpc.GrpcConfigKeys (ConfUtils.java:logGet(46)) - raft.grpc.server.async.request.thread.pool.cached = true (default)
2023-02-21 19:18:08,954 [Time-limited test] INFO  grpc.GrpcConfigKeys (ConfUtils.java:logGet(46)) - raft.grpc.server.async.request.thread.pool.size = 32 (default)
2023-02-21 19:18:08,954 [Time-limited test] INFO  impl.DataStreamServerImpl (ConfUtils.java:logGet(46)) - raft.datastream.type = DISABLED (default)
2023-02-21 19:18:08,955 [Time-limited test] INFO  server.RaftServerConfigKeys (ConfUtils.java:logGet(46)) - raft.server.threadpool.proxy.cached = true (default)
2023-02-21 19:18:08,955 [Time-limited test] INFO  server.RaftServerConfigKeys (ConfUtils.java:logGet(46)) - raft.server.threadpool.proxy.size = 0 (default)
2023-02-21 19:18:08,955 [Time-limited test] INFO  server.RaftServerConfigKeys (ConfUtils.java:logGet(46)) - raft.server.rpc.slowness.timeout = 60s (default)
2023-02-21 19:18:08,955 [Time-limited test] INFO  server.RaftServerConfigKeys (ConfUtils.java:logGet(46)) - raft.server.leaderelection.leader.step-down.wait-time = 10s (default)
2023-02-21 19:18:08,955 [Time-limited test] INFO  server.RaftServerConfigKeys (ConfUtils.java:logGet(46)) - raft.server.storage.dir = [/home/runner/work/ratis/ratis/ratis-test/target/test/data/22feb97a/MiniRaftClusterWithGrpcf8c2bef7/s2] (custom)
2023-02-21 19:18:08,955 [Time-limited test] INFO  server.RaftServer (RaftServerProxy.java:addNew(99)) - s2: addNew group-0E8C23DEEB97:[] returns group-0E8C23DEEB97:java.util.concurrent.CompletableFuture@124a0e57[Not completed]
2023-02-21 19:18:08,956 [pool-11-thread-1] INFO  server.RaftServerConfigKeys (ConfUtils.java:logGet(46)) - raft.server.log.segment.size.max = 8MB (=8388608) (default)
2023-02-21 19:18:08,956 [pool-11-thread-1] INFO  server.RaftServerConfigKeys (ConfUtils.java:logGet(46)) - raft.server.log.preallocated.size = 4MB (=4194304) (default)
2023-02-21 19:18:08,956 [pool-11-thread-1] INFO  server.RaftServerConfigKeys (ConfUtils.java:logGet(46)) - raft.server.log.write.buffer.size = 64KB (=65536) (default)
2023-02-21 19:18:08,956 [pool-11-thread-1] INFO  server.RaftServer$Division (RaftServerImpl.java:<init>(198)) - s2: new RaftServerImpl for group-0E8C23DEEB97:[] with StateMachineWithMultiNestedSnapshotFile:uninitialized
2023-02-21 19:18:08,956 [pool-11-thread-1] INFO  server.RaftServerConfigKeys (ConfUtils.java:logGet(46)) - raft.server.rpc.timeout.min = 150ms (default)
2023-02-21 19:18:08,956 [pool-11-thread-1] INFO  server.RaftServerConfigKeys (ConfUtils.java:logGet(46)) - raft.server.rpc.timeout.max = 300ms (default)
2023-02-21 19:18:08,956 [pool-11-thread-1] INFO  server.RaftServerConfigKeys (ConfUtils.java:logGet(46)) - raft.server.rpc.sleep.time = 25ms (default)
2023-02-21 19:18:08,956 [pool-11-thread-1] INFO  server.RaftServerConfigKeys (ConfUtils.java:logGet(46)) - raft.server.rpc.slowness.timeout = 60s (default)
2023-02-21 19:18:08,956 [pool-11-thread-1] INFO  server.RaftServerConfigKeys (ConfUtils.java:logGet(46)) - raft.server.leaderelection.leader.step-down.wait-time = 10s (default)
2023-02-21 19:18:08,956 [pool-11-thread-1] INFO  server.RaftServerConfigKeys (ConfUtils.java:logGet(46)) - raft.server.sleep.deviation.threshold = 300ms (default)
2023-02-21 19:18:08,956 [pool-11-thread-1] INFO  server.RaftServer$Division (ServerState.java:<init>(113)) - s2@group-0E8C23DEEB97: ConfigurationManager, init=-1: peers:[]|listeners:[], old=null, confs=<EMPTY_MAP>
2023-02-21 19:18:08,956 [pool-11-thread-1] INFO  server.RaftServerConfigKeys (ConfUtils.java:logGet(46)) - raft.server.notification.no-leader.timeout = 60s (default)
2023-02-21 19:18:08,956 [pool-11-thread-1] INFO  server.RaftServerConfigKeys (ConfUtils.java:logGet(46)) - raft.server.read.timeout = 10s (default)
2023-02-21 19:18:08,956 [pool-11-thread-1] INFO  server.RaftServerConfigKeys (ConfUtils.java:logGet(46)) - raft.server.retrycache.expirytime = 60s (default)
2023-02-21 19:18:08,956 [pool-11-thread-1] INFO  server.RaftServerConfigKeys (ConfUtils.java:logGet(46)) - raft.server.retrycache.statistics.expirytime = 100μs (default)
2023-02-21 19:18:08,956 [pool-11-thread-1] INFO  server.RaftServerConfigKeys (ConfUtils.java:logGet(46)) - raft.server.read.option = DEFAULT (default)
2023-02-21 19:18:08,958 [pool-10-thread-1] INFO  server.RaftServerConfigKeys (ConfUtils.java:logGet(46)) - raft.server.leaderelection.leader.step-down.wait-time = 10s (default)
2023-02-21 19:18:08,958 [pool-10-thread-1] INFO  server.RaftServerConfigKeys (ConfUtils.java:logGet(46)) - raft.server.sleep.deviation.threshold = 300ms (default)
2023-02-21 19:18:08,959 [pool-10-thread-1] INFO  server.RaftServer$Division (ServerState.java:<init>(113)) - s1@group-0E8C23DEEB97: ConfigurationManager, init=-1: peers:[]|listeners:[], old=null, confs=<EMPTY_MAP>
2023-02-21 19:18:08,959 [pool-11-thread-1] INFO  server.RaftServerConfigKeys (ConfUtils.java:logGet(46)) - raft.server.log.appender.install.snapshot.enabled = true (default)
2023-02-21 19:18:08,959 [pool-11-thread-1] INFO  server.RaftServerConfigKeys (ConfUtils.java:logGet(46)) - raft.server.threadpool.server.cached = true (default)
2023-02-21 19:18:08,959 [pool-11-thread-1] INFO  server.RaftServerConfigKeys (ConfUtils.java:logGet(46)) - raft.server.threadpool.server.size = 0 (default)
2023-02-21 19:18:08,959 [pool-11-thread-1] INFO  server.RaftServerConfigKeys (ConfUtils.java:logGet(46)) - raft.server.threadpool.client.cached = true (default)
2023-02-21 19:18:08,959 [pool-11-thread-1] INFO  server.RaftServerConfigKeys (ConfUtils.java:logGet(46)) - raft.server.threadpool.client.size = 0 (default)
2023-02-21 19:18:08,959 [pool-10-thread-1] INFO  server.RaftServerConfigKeys (ConfUtils.java:logGet(46)) - raft.server.notification.no-leader.timeout = 60s (default)
2023-02-21 19:18:08,959 [pool-10-thread-1] INFO  server.RaftServerConfigKeys (ConfUtils.java:logGet(46)) - raft.server.read.timeout = 10s (default)
2023-02-21 19:18:08,959 [pool-10-thread-1] INFO  server.RaftServerConfigKeys (ConfUtils.java:logGet(46)) - raft.server.retrycache.expirytime = 60s (default)
2023-02-21 19:18:08,959 [pool-10-thread-1] INFO  server.RaftServerConfigKeys (ConfUtils.java:logGet(46)) - raft.server.retrycache.statistics.expirytime = 100μs (default)
2023-02-21 19:18:08,960 [pool-10-thread-1] INFO  server.RaftServerConfigKeys (ConfUtils.java:logGet(46)) - raft.server.read.option = DEFAULT (default)
2023-02-21 19:18:08,960 [pool-10-thread-1] INFO  server.RaftServerConfigKeys (ConfUtils.java:logGet(46)) - raft.server.log.appender.install.snapshot.enabled = true (default)
2023-02-21 19:18:08,961 [pool-10-thread-1] INFO  server.RaftServerConfigKeys (ConfUtils.java:logGet(46)) - raft.server.threadpool.server.cached = true (default)
2023-02-21 19:18:08,961 [pool-10-thread-1] INFO  server.RaftServerConfigKeys (ConfUtils.java:logGet(46)) - raft.server.threadpool.server.size = 0 (default)
2023-02-21 19:18:08,961 [pool-10-thread-1] INFO  server.RaftServerConfigKeys (ConfUtils.java:logGet(46)) - raft.server.threadpool.client.cached = true (default)
2023-02-21 19:18:08,961 [pool-10-thread-1] INFO  server.RaftServerConfigKeys (ConfUtils.java:logGet(46)) - raft.server.threadpool.client.size = 0 (default)
2023-02-21 19:18:08,961 [s1-impl-thread1] INFO  server.RaftServerConfigKeys (ConfUtils.java:logGet(46)) - raft.server.storage.free-space.min = 0MB (=0) (default)
2023-02-21 19:18:08,961 [s1-impl-thread1] INFO  server.RaftServerConfigKeys (ConfUtils.java:logGet(46)) - raft.server.log.corruption.policy = EXCEPTION (default)
2023-02-21 19:18:08,961 [s1-impl-thread1] INFO  server.RaftServerConfigKeys (ConfUtils.java:logGet(46)) - raft.server.storage.dir = [/home/runner/work/ratis/ratis/ratis-test/target/test/data/22feb97a/MiniRaftClusterWithGrpcf8c2bef7/s1] (custom)
2023-02-21 19:18:08,961 [s1-impl-thread1] INFO  storage.RaftStorageDirectory (RaftStorageDirectoryImpl.java:analyzeStorage(138)) - The storage directory /home/runner/work/ratis/ratis/ratis-test/target/test/data/22feb97a/MiniRaftClusterWithGrpcf8c2bef7/s1/273ca7b5-2e01-4778-befd-0e8c23deeb97 does not exist. Creating ...
2023-02-21 19:18:08,962 [s1-impl-thread1] TRACE util.FileUtils (LogUtils.java:runAndLog(49)) - Successfully ran Files.createDirectories /home/runner/work/ratis/ratis/ratis-test/target/test/data/22feb97a/MiniRaftClusterWithGrpcf8c2bef7/s1/273ca7b5-2e01-4778-befd-0e8c23deeb97
2023-02-21 19:18:08,963 [s1-impl-thread1] INFO  storage.RaftStorageDirectory (RaftStorageDirectoryImpl.java:tryLock(232)) - Lock on /home/runner/work/ratis/ratis/ratis-test/target/test/data/22feb97a/MiniRaftClusterWithGrpcf8c2bef7/s1/273ca7b5-2e01-4778-befd-0e8c23deeb97/in_use.lock acquired by nodename 2862@fv-az91-413
2023-02-21 19:18:08,963 [s1-impl-thread1] TRACE util.FileUtils (LogUtils.java:runAndLog(49)) - Successfully ran Files.createDirectories /home/runner/work/ratis/ratis/ratis-test/target/test/data/22feb97a/MiniRaftClusterWithGrpcf8c2bef7/s1/273ca7b5-2e01-4778-befd-0e8c23deeb97/current
2023-02-21 19:18:08,963 [s1-impl-thread1] TRACE util.FileUtils (LogUtils.java:runAndLog(49)) - Successfully ran Files.createDirectories /home/runner/work/ratis/ratis/ratis-test/target/test/data/22feb97a/MiniRaftClusterWithGrpcf8c2bef7/s1/273ca7b5-2e01-4778-befd-0e8c23deeb97/sm
2023-02-21 19:18:08,964 [s1-impl-thread1] INFO  storage.RaftStorage (RaftStorageImpl.java:format(96)) - Storage directory /home/runner/work/ratis/ratis/ratis-test/target/test/data/22feb97a/MiniRaftClusterWithGrpcf8c2bef7/s1/273ca7b5-2e01-4778-befd-0e8c23deeb97 has been successfully formatted.
2023-02-21 19:18:08,964 [s1-impl-thread1] INFO  impl.SimpleStateMachine4Testing (SimpleStateMachine4Testing.java:initialize(213)) - Initializing StateMachineWithMultiNestedSnapshotFile:uninitialized
2023-02-21 19:18:08,964 [s1-impl-thread1] INFO  impl.SimpleStateMachine4Testing (SimpleStateMachine4Testing.java:loadSnapshot(293)) - Loading snapshot null
2023-02-21 19:18:08,964 [s1-impl-thread1] INFO  server.RaftServerConfigKeys (ConfUtils.java:logGet(46)) - raft.server.log.use.memory = false (default)
2023-02-21 19:18:08,964 [s1-impl-thread1] INFO  server.RaftServerConfigKeys (ConfUtils.java:logGet(46)) - raft.server.log.purge.gap = 8 (custom)
2023-02-21 19:18:08,964 [s1-impl-thread1] INFO  server.RaftServerConfigKeys (ConfUtils.java:logGet(46)) - raft.server.log.appender.buffer.byte-limit = 4MB (=4194304) (default)
2023-02-21 19:18:08,964 [s1-impl-thread1] INFO  server.RaftServerConfigKeys (ConfUtils.java:logGet(46)) - raft.server.log.statemachine.data.read.timeout = 1000ms (default)
2023-02-21 19:18:08,964 [s1-impl-thread1] INFO  server.RaftServerConfigKeys (ConfUtils.java:logGet(46)) - raft.server.log.purge.preservation.log.num = 0 (default)
2023-02-21 19:18:08,965 [s1-impl-thread1] INFO  server.RaftServerConfigKeys (ConfUtils.java:logGet(46)) - raft.server.log.segment.size.max = 8MB (=8388608) (default)
2023-02-21 19:18:08,965 [s1-impl-thread1] INFO  server.RaftServerConfigKeys (ConfUtils.java:logGet(46)) - raft.server.log.segment.cache.num.max = 6 (default)
2023-02-21 19:18:08,965 [s1-impl-thread1] INFO  server.RaftServerConfigKeys (ConfUtils.java:logGet(46)) - raft.server.log.segment.cache.size.max = 200MB (=209715200) (default)
2023-02-21 19:18:08,965 [s1-impl-thread1] INFO  server.RaftServerConfigKeys (ConfUtils.java:logGet(46)) - raft.server.log.appender.buffer.byte-limit = 4MB (=4194304) (default)
2023-02-21 19:18:08,965 [s1-impl-thread1] INFO  segmented.SegmentedRaftLogWorker (SegmentedRaftLogWorker.java:<init>(184)) - new s1@group-0E8C23DEEB97-SegmentedRaftLogWorker for RaftStorageImpl:Storage Directory /home/runner/work/ratis/ratis/ratis-test/target/test/data/22feb97a/MiniRaftClusterWithGrpcf8c2bef7/s1/273ca7b5-2e01-4778-befd-0e8c23deeb97
2023-02-21 19:18:08,965 [s1-impl-thread1] INFO  server.RaftServerConfigKeys (ConfUtils.java:logGet(46)) - raft.server.log.queue.byte-limit = 64MB (=67108864) (default)
2023-02-21 19:18:08,965 [s1-impl-thread1] INFO  server.RaftServerConfigKeys (ConfUtils.java:logGet(46)) - raft.server.log.queue.element-limit = 4096 (default)
2023-02-21 19:18:08,965 [s1-impl-thread1] INFO  server.RaftServerConfigKeys (ConfUtils.java:logGet(46)) - raft.server.log.segment.size.max = 8MB (=8388608) (default)
2023-02-21 19:18:08,965 [s1-impl-thread1] INFO  server.RaftServerConfigKeys (ConfUtils.java:logGet(46)) - raft.server.log.preallocated.size = 4MB (=4194304) (default)
2023-02-21 19:18:08,965 [s1-impl-thread1] INFO  server.RaftServerConfigKeys (ConfUtils.java:logGet(46)) - raft.server.log.force.sync.num = 128 (default)
2023-02-21 19:18:08,965 [s1-impl-thread1] INFO  server.RaftServerConfigKeys (ConfUtils.java:logGet(46)) - raft.server.log.statemachine.data.sync = true (default)
2023-02-21 19:18:08,965 [s1-impl-thread1] INFO  server.RaftServerConfigKeys (ConfUtils.java:logGet(46)) - raft.server.log.statemachine.data.sync.timeout = 10s (default)
2023-02-21 19:18:08,965 [s1-impl-thread1] INFO  server.RaftServerConfigKeys (ConfUtils.java:logGet(46)) - raft.server.log.statemachine.data.sync.timeout.retry = -1 (default)
2023-02-21 19:18:08,965 [s1-impl-thread1] INFO  server.RaftServerConfigKeys (ConfUtils.java:logGet(46)) - raft.server.log.write.buffer.size = 64KB (=65536) (default)
2023-02-21 19:18:08,966 [s1-impl-thread1] INFO  server.RaftServerConfigKeys (ConfUtils.java:logGet(46)) - raft.server.log.appender.buffer.byte-limit = 4MB (=4194304) (default)
2023-02-21 19:18:08,967 [s1-impl-thread1] INFO  server.RaftServerConfigKeys (ConfUtils.java:logGet(46)) - raft.server.log.unsafe-flush.enabled = false (default)
2023-02-21 19:18:08,967 [s1-impl-thread1] INFO  server.RaftServerConfigKeys (ConfUtils.java:logGet(46)) - raft.server.log.async-flush.enabled = false (default)
2023-02-21 19:18:08,967 [s1-impl-thread1] INFO  server.RaftServerConfigKeys (ConfUtils.java:logGet(46)) - raft.server.log.statemachine.data.caching.enabled = false (default)
2023-02-21 19:18:08,967 [s1-impl-thread1] INFO  segmented.SegmentedRaftLogWorker (SegmentedRaftLogWorker.java:lambda$new$0(134)) - s1@group-0E8C23DEEB97-SegmentedRaftLogWorker: flushIndex: setUnconditionally 0 -> -1
2023-02-21 19:18:08,967 [s1-impl-thread1] INFO  segmented.SegmentedRaftLogWorker (SegmentedRaftLogWorker.java:lambda$new$0(134)) - s1@group-0E8C23DEEB97-SegmentedRaftLogWorker: safeCacheEvictIndex: setUnconditionally 0 -> -1
2023-02-21 19:18:08,969 [s1-impl-thread1] INFO  server.RaftServer$Division (RaftServerImpl.java:start(348)) - s1@group-0E8C23DEEB97: start with initializing state, conf=-1: peers:[]|listeners:[], old=null
2023-02-21 19:18:08,969 [s1-impl-thread1] INFO  server.RaftServer$Division (RaftServerImpl.java:setRole(329)) - s1@group-0E8C23DEEB97: changes role from      null to FOLLOWER at term 0 for startInitializing
2023-02-21 19:18:08,969 [s1-impl-thread1] INFO  util.JmxRegister (JmxRegister.java:tryRegister(44)) - Successfully registered JMX Bean with object name Ratis:service=RaftServer,group=group-0E8C23DEEB97,id=s1
2023-02-21 19:18:08,970 [s1-impl-thread1] INFO  server.RaftServerConfigKeys (ConfUtils.java:logGet(46)) - raft.server.snapshot.auto.trigger.enabled = true (custom)
2023-02-21 19:18:08,970 [s1-impl-thread1] INFO  server.RaftServerConfigKeys (ConfUtils.java:logGet(46)) - raft.server.snapshot.auto.trigger.threshold = 64 (custom)
2023-02-21 19:18:08,970 [s1-impl-thread1] INFO  server.RaftServerConfigKeys (ConfUtils.java:logGet(46)) - raft.server.snapshot.retention.file.num = -1 (default)
2023-02-21 19:18:08,970 [s1-impl-thread1] INFO  server.RaftServerConfigKeys (ConfUtils.java:logGet(46)) - raft.server.log.purge.upto.snapshot.index = false (default)
2023-02-21 19:18:08,971 [Time-limited test] INFO  server.RaftServer (RaftServerProxy.java:startImpl(396)) - s1: start RPC server
2023-02-21 19:18:08,972 [Time-limited test] INFO  server.GrpcService (GrpcService.java:startImpl(302)) - s1: GrpcService started, listening on 40887
2023-02-21 19:18:08,972 [s2-impl-thread1] INFO  server.RaftServerConfigKeys (ConfUtils.java:logGet(46)) - raft.server.storage.free-space.min = 0MB (=0) (default)
2023-02-21 19:18:08,972 [s2-impl-thread1] INFO  server.RaftServerConfigKeys (ConfUtils.java:logGet(46)) - raft.server.log.corruption.policy = EXCEPTION (default)
2023-02-21 19:18:08,972 [s2-impl-thread1] INFO  server.RaftServerConfigKeys (ConfUtils.java:logGet(46)) - raft.server.storage.dir = [/home/runner/work/ratis/ratis/ratis-test/target/test/data/22feb97a/MiniRaftClusterWithGrpcf8c2bef7/s2] (custom)
2023-02-21 19:18:08,972 [s2-impl-thread1] INFO  storage.RaftStorageDirectory (RaftStorageDirectoryImpl.java:analyzeStorage(138)) - The storage directory /home/runner/work/ratis/ratis/ratis-test/target/test/data/22feb97a/MiniRaftClusterWithGrpcf8c2bef7/s2/273ca7b5-2e01-4778-befd-0e8c23deeb97 does not exist. Creating ...
2023-02-21 19:18:08,973 [s2-impl-thread1] TRACE util.FileUtils (LogUtils.java:runAndLog(49)) - Successfully ran Files.createDirectories /home/runner/work/ratis/ratis/ratis-test/target/test/data/22feb97a/MiniRaftClusterWithGrpcf8c2bef7/s2/273ca7b5-2e01-4778-befd-0e8c23deeb97
2023-02-21 19:18:08,973 [JvmPauseMonitor7] INFO  util.JvmPauseMonitor (JvmPauseMonitor.java:run(105)) - JvmPauseMonitor-s1: Started
2023-02-21 19:18:08,974 [s2-impl-thread1] INFO  storage.RaftStorageDirectory (RaftStorageDirectoryImpl.java:tryLock(232)) - Lock on /home/runner/work/ratis/ratis/ratis-test/target/test/data/22feb97a/MiniRaftClusterWithGrpcf8c2bef7/s2/273ca7b5-2e01-4778-befd-0e8c23deeb97/in_use.lock acquired by nodename 2862@fv-az91-413
2023-02-21 19:18:08,974 [s2-impl-thread1] TRACE util.FileUtils (LogUtils.java:runAndLog(49)) - Successfully ran Files.createDirectories /home/runner/work/ratis/ratis/ratis-test/target/test/data/22feb97a/MiniRaftClusterWithGrpcf8c2bef7/s2/273ca7b5-2e01-4778-befd-0e8c23deeb97/current
2023-02-21 19:18:08,974 [s2-impl-thread1] TRACE util.FileUtils (LogUtils.java:runAndLog(49)) - Successfully ran Files.createDirectories /home/runner/work/ratis/ratis/ratis-test/target/test/data/22feb97a/MiniRaftClusterWithGrpcf8c2bef7/s2/273ca7b5-2e01-4778-befd-0e8c23deeb97/sm
2023-02-21 19:18:08,975 [s2-impl-thread1] INFO  storage.RaftStorage (RaftStorageImpl.java:format(96)) - Storage directory /home/runner/work/ratis/ratis/ratis-test/target/test/data/22feb97a/MiniRaftClusterWithGrpcf8c2bef7/s2/273ca7b5-2e01-4778-befd-0e8c23deeb97 has been successfully formatted.
2023-02-21 19:18:08,975 [s2-impl-thread1] INFO  impl.SimpleStateMachine4Testing (SimpleStateMachine4Testing.java:initialize(213)) - Initializing StateMachineWithMultiNestedSnapshotFile:uninitialized
2023-02-21 19:18:08,975 [s2-impl-thread1] INFO  impl.SimpleStateMachine4Testing (SimpleStateMachine4Testing.java:loadSnapshot(293)) - Loading snapshot null
2023-02-21 19:18:08,975 [s2-impl-thread1] INFO  server.RaftServerConfigKeys (ConfUtils.java:logGet(46)) - raft.server.log.use.memory = false (default)
2023-02-21 19:18:08,975 [s2-impl-thread1] INFO  server.RaftServerConfigKeys (ConfUtils.java:logGet(46)) - raft.server.log.purge.gap = 8 (custom)
2023-02-21 19:18:08,975 [s2-impl-thread1] INFO  server.RaftServerConfigKeys (ConfUtils.java:logGet(46)) - raft.server.log.appender.buffer.byte-limit = 4MB (=4194304) (default)
2023-02-21 19:18:08,975 [s2-impl-thread1] INFO  server.RaftServerConfigKeys (ConfUtils.java:logGet(46)) - raft.server.log.statemachine.data.read.timeout = 1000ms (default)
2023-02-21 19:18:08,975 [s2-impl-thread1] INFO  server.RaftServerConfigKeys (ConfUtils.java:logGet(46)) - raft.server.log.purge.preservation.log.num = 0 (default)
2023-02-21 19:18:08,976 [s2-impl-thread1] INFO  server.RaftServerConfigKeys (ConfUtils.java:logGet(46)) - raft.server.log.segment.size.max = 8MB (=8388608) (default)
2023-02-21 19:18:08,976 [s2-impl-thread1] INFO  server.RaftServerConfigKeys (ConfUtils.java:logGet(46)) - raft.server.log.segment.cache.num.max = 6 (default)
2023-02-21 19:18:08,976 [s2-impl-thread1] INFO  server.RaftServerConfigKeys (ConfUtils.java:logGet(46)) - raft.server.log.segment.cache.size.max = 200MB (=209715200) (default)
2023-02-21 19:18:08,976 [s2-impl-thread1] INFO  server.RaftServerConfigKeys (ConfUtils.java:logGet(46)) - raft.server.log.appender.buffer.byte-limit = 4MB (=4194304) (default)
2023-02-21 19:18:08,976 [s2-impl-thread1] INFO  segmented.SegmentedRaftLogWorker (SegmentedRaftLogWorker.java:<init>(184)) - new s2@group-0E8C23DEEB97-SegmentedRaftLogWorker for RaftStorageImpl:Storage Directory /home/runner/work/ratis/ratis/ratis-test/target/test/data/22feb97a/MiniRaftClusterWithGrpcf8c2bef7/s2/273ca7b5-2e01-4778-befd-0e8c23deeb97
2023-02-21 19:18:08,976 [s2-impl-thread1] INFO  server.RaftServerConfigKeys (ConfUtils.java:logGet(46)) - raft.server.log.queue.byte-limit = 64MB (=67108864) (default)
2023-02-21 19:18:08,976 [s2-impl-thread1] INFO  server.RaftServerConfigKeys (ConfUtils.java:logGet(46)) - raft.server.log.queue.element-limit = 4096 (default)
2023-02-21 19:18:08,976 [s2-impl-thread1] INFO  server.RaftServerConfigKeys (ConfUtils.java:logGet(46)) - raft.server.log.segment.size.max = 8MB (=8388608) (default)
2023-02-21 19:18:08,976 [s2-impl-thread1] INFO  server.RaftServerConfigKeys (ConfUtils.java:logGet(46)) - raft.server.log.preallocated.size = 4MB (=4194304) (default)
2023-02-21 19:18:08,976 [s2-impl-thread1] INFO  server.RaftServerConfigKeys (ConfUtils.java:logGet(46)) - raft.server.log.force.sync.num = 128 (default)
2023-02-21 19:18:08,976 [s2-impl-thread1] INFO  server.RaftServerConfigKeys (ConfUtils.java:logGet(46)) - raft.server.log.statemachine.data.sync = true (default)
2023-02-21 19:18:08,976 [s2-impl-thread1] INFO  server.RaftServerConfigKeys (ConfUtils.java:logGet(46)) - raft.server.log.statemachine.data.sync.timeout = 10s (default)
2023-02-21 19:18:08,976 [s2-impl-thread1] INFO  server.RaftServerConfigKeys (ConfUtils.java:logGet(46)) - raft.server.log.statemachine.data.sync.timeout.retry = -1 (default)
2023-02-21 19:18:08,976 [s2-impl-thread1] INFO  server.RaftServerConfigKeys (ConfUtils.java:logGet(46)) - raft.server.log.write.buffer.size = 64KB (=65536) (default)
2023-02-21 19:18:08,976 [s2-impl-thread1] INFO  server.RaftServerConfigKeys (ConfUtils.java:logGet(46)) - raft.server.log.appender.buffer.byte-limit = 4MB (=4194304) (default)
2023-02-21 19:18:08,978 [s2-impl-thread1] INFO  server.RaftServerConfigKeys (ConfUtils.java:logGet(46)) - raft.server.log.unsafe-flush.enabled = false (default)
2023-02-21 19:18:08,978 [s2-impl-thread1] INFO  server.RaftServerConfigKeys (ConfUtils.java:logGet(46)) - raft.server.log.async-flush.enabled = false (default)
2023-02-21 19:18:08,978 [s2-impl-thread1] INFO  server.RaftServerConfigKeys (ConfUtils.java:logGet(46)) - raft.server.log.statemachine.data.caching.enabled = false (default)
2023-02-21 19:18:08,979 [s2-impl-thread1] INFO  segmented.SegmentedRaftLogWorker (SegmentedRaftLogWorker.java:lambda$new$0(134)) - s2@group-0E8C23DEEB97-SegmentedRaftLogWorker: flushIndex: setUnconditionally 0 -> -1
2023-02-21 19:18:08,979 [s2-impl-thread1] INFO  segmented.SegmentedRaftLogWorker (SegmentedRaftLogWorker.java:lambda$new$0(134)) - s2@group-0E8C23DEEB97-SegmentedRaftLogWorker: safeCacheEvictIndex: setUnconditionally 0 -> -1
2023-02-21 19:18:08,979 [s2-impl-thread1] INFO  server.RaftServer$Division (RaftServerImpl.java:start(348)) - s2@group-0E8C23DEEB97: start with initializing state, conf=-1: peers:[]|listeners:[], old=null
2023-02-21 19:18:08,979 [s2-impl-thread1] INFO  server.RaftServer$Division (RaftServerImpl.java:setRole(329)) - s2@group-0E8C23DEEB97: changes role from      null to FOLLOWER at term 0 for startInitializing
2023-02-21 19:18:08,979 [s2-impl-thread1] INFO  util.JmxRegister (JmxRegister.java:tryRegister(44)) - Successfully registered JMX Bean with object name Ratis:service=RaftServer,group=group-0E8C23DEEB97,id=s2
2023-02-21 19:18:08,979 [s2-impl-thread1] INFO  server.RaftServerConfigKeys (ConfUtils.java:logGet(46)) - raft.server.snapshot.auto.trigger.enabled = true (custom)
2023-02-21 19:18:08,979 [s2-impl-thread1] INFO  server.RaftServerConfigKeys (ConfUtils.java:logGet(46)) - raft.server.snapshot.auto.trigger.threshold = 64 (custom)
2023-02-21 19:18:08,979 [s2-impl-thread1] INFO  server.RaftServerConfigKeys (ConfUtils.java:logGet(46)) - raft.server.snapshot.retention.file.num = -1 (default)
2023-02-21 19:18:08,979 [s2-impl-thread1] INFO  server.RaftServerConfigKeys (ConfUtils.java:logGet(46)) - raft.server.log.purge.upto.snapshot.index = false (default)
2023-02-21 19:18:08,979 [Time-limited test] INFO  server.RaftServer (RaftServerProxy.java:startImpl(396)) - s2: start RPC server
2023-02-21 19:18:08,980 [Time-limited test] INFO  server.GrpcService (GrpcService.java:startImpl(302)) - s2: GrpcService started, listening on 43205
2023-02-21 19:18:08,981 [Time-limited test] INFO  impl.MiniRaftCluster (MiniRaftCluster.java:setConfiguration(819)) - Start changing the configuration: [s1|rpc:0.0.0.0:40887|priority:0|startupRole:FOLLOWER, s2|rpc:0.0.0.0:43205|priority:0|startupRole:FOLLOWER, s0|rpc:localhost:32941|admin:localhost:41435|client:localhost:45167|dataStream:localhost:35001|priority:0|startupRole:FOLLOWER]
2023-02-21 19:18:08,982 [JvmPauseMonitor8] INFO  util.JvmPauseMonitor (JvmPauseMonitor.java:run(105)) - JvmPauseMonitor-s2: Started
2023-02-21 19:18:08,986 [s0-server-thread1] INFO  server.RaftServer$Division (RaftServerImpl.java:setConfigurationAsync(1196)) - s0@group-0E8C23DEEB97: receive setConfiguration SetConfigurationRequest:client-2FEEE44A28EF->s0@group-0E8C23DEEB97, cid=386, seq=0, RW, null, SET_UNCONDITIONALLY, servers:[s1|rpc:0.0.0.0:40887|dataStream:|priority:0|startupRole:FOLLOWER, s2|rpc:0.0.0.0:43205|dataStream:|priority:0|startupRole:FOLLOWER, s0|rpc:localhost:32941|admin:localhost:41435|client:localhost:45167|dataStream:localhost:35001|priority:0|startupRole:FOLLOWER], listeners:[]
2023-02-21 19:18:08,986 [s0-server-thread1] INFO  server.RaftServer$Division (LeaderStateImpl.java:startSetConfiguration(440)) - s0@group-0E8C23DEEB97-LeaderStateImpl: startSetConfiguration SetConfigurationRequest:client-2FEEE44A28EF->s0@group-0E8C23DEEB97, cid=386, seq=0, RW, null, SET_UNCONDITIONALLY, servers:[s1|rpc:0.0.0.0:40887|dataStream:|priority:0|startupRole:FOLLOWER, s2|rpc:0.0.0.0:43205|dataStream:|priority:0|startupRole:FOLLOWER, s0|rpc:localhost:32941|admin:localhost:41435|client:localhost:45167|dataStream:localhost:35001|priority:0|startupRole:FOLLOWER], listeners:[]
2023-02-21 19:18:08,986 [s0-server-thread1] INFO  server.RaftServerConfigKeys (ConfUtils.java:logGet(46)) - raft.server.log.appender.snapshot.chunk.size.max = 1k (=1024) (custom)
2023-02-21 19:18:08,986 [s0-server-thread1] INFO  server.RaftServerConfigKeys (ConfUtils.java:logGet(46)) - raft.server.log.appender.buffer.byte-limit = 4MB (=4194304) (default)
2023-02-21 19:18:08,986 [s0-server-thread1] INFO  server.RaftServerConfigKeys (ConfUtils.java:logGet(46)) - raft.server.log.appender.buffer.element-limit = 0 (default)
2023-02-21 19:18:08,986 [s0-server-thread1] INFO  grpc.GrpcConfigKeys (ConfUtils.java:logGet(46)) - raft.grpc.server.leader.outstanding.appends.max = 128 (default)
2023-02-21 19:18:08,986 [s0-server-thread1] INFO  server.RaftServerConfigKeys (ConfUtils.java:logGet(46)) - raft.server.rpc.request.timeout = 3000ms (default)
2023-02-21 19:18:08,986 [s0-server-thread1] INFO  server.RaftServerConfigKeys (ConfUtils.java:logGet(46)) - raft.server.log.appender.install.snapshot.enabled = true (default)
2023-02-21 19:18:08,986 [s0-server-thread1] INFO  grpc.GrpcConfigKeys (ConfUtils.java:logGet(46)) - raft.grpc.server.heartbeat.channel = true (default)
2023-02-21 19:18:08,986 [s0-server-thread1] INFO  server.RaftServerConfigKeys (ConfUtils.java:logGet(46)) - raft.server.log.appender.wait-time.min = 10ms (default)
2023-02-21 19:18:08,987 [s0-server-thread1] INFO  server.RaftServerConfigKeys (ConfUtils.java:logGet(46)) - raft.server.log.appender.snapshot.chunk.size.max = 1k (=1024) (custom)
2023-02-21 19:18:08,987 [s0-server-thread1] INFO  server.RaftServerConfigKeys (ConfUtils.java:logGet(46)) - raft.server.log.appender.buffer.byte-limit = 4MB (=4194304) (default)
2023-02-21 19:18:08,987 [s0-server-thread1] INFO  server.RaftServerConfigKeys (ConfUtils.java:logGet(46)) - raft.server.log.appender.buffer.element-limit = 0 (default)
2023-02-21 19:18:08,987 [s0-server-thread1] INFO  grpc.GrpcConfigKeys (ConfUtils.java:logGet(46)) - raft.grpc.server.leader.outstanding.appends.max = 128 (default)
2023-02-21 19:18:08,987 [s0-server-thread1] INFO  server.RaftServerConfigKeys (ConfUtils.java:logGet(46)) - raft.server.rpc.request.timeout = 3000ms (default)
2023-02-21 19:18:08,987 [s0-server-thread1] INFO  server.RaftServerConfigKeys (ConfUtils.java:logGet(46)) - raft.server.log.appender.install.snapshot.enabled = true (default)
2023-02-21 19:18:08,987 [s0-server-thread1] INFO  grpc.GrpcConfigKeys (ConfUtils.java:logGet(46)) - raft.grpc.server.heartbeat.channel = true (default)
2023-02-21 19:18:08,987 [s0-server-thread1] INFO  server.RaftServerConfigKeys (ConfUtils.java:logGet(46)) - raft.server.log.appender.wait-time.min = 10ms (default)
2023-02-21 19:18:08,988 [s0@group-0E8C23DEEB97->s1-GrpcLogAppender-LogAppenderDaemon] INFO  server.GrpcLogAppender (GrpcLogAppender.java:installSnapshot(590)) - s0@group-0E8C23DEEB97->s1-GrpcLogAppender: followerNextIndex = 0 but logStartIndex = 0, send snapshot FileListSnapshotInfo(t:1, i:191):[/home/runner/work/ratis/ratis/ratis-test/target/test/data/22feb97a/MiniRaftClusterWithGrpcf8c2bef7/s0/273ca7b5-2e01-4778-befd-0e8c23deeb97/sm/snapshot/1.bin, /home/runner/work/ratis/ratis/ratis-test/target/test/data/22feb97a/MiniRaftClusterWithGrpcf8c2bef7/s0/273ca7b5-2e01-4778-befd-0e8c23deeb97/sm/snapshot/sub/2.bin, /home/runner/work/ratis/ratis/ratis-test/target/test/data/22feb97a/MiniRaftClusterWithGrpcf8c2bef7/s0/273ca7b5-2e01-4778-befd-0e8c23deeb97/sm/snapshot.1_191] to follower
2023-02-21 19:18:08,988 [s0@group-0E8C23DEEB97->s1-GrpcLogAppender-LogAppenderDaemon] INFO  server.GrpcServerProtocolClient (GrpcServerProtocolClient.java:<init>(63)) - Build channel for s1
2023-02-21 19:18:08,988 [s0@group-0E8C23DEEB97->s2-GrpcLogAppender-LogAppenderDaemon] INFO  server.GrpcLogAppender (GrpcLogAppender.java:installSnapshot(590)) - s0@group-0E8C23DEEB97->s2-GrpcLogAppender: followerNextIndex = 0 but logStartIndex = 0, send snapshot FileListSnapshotInfo(t:1, i:191):[/home/runner/work/ratis/ratis/ratis-test/target/test/data/22feb97a/MiniRaftClusterWithGrpcf8c2bef7/s0/273ca7b5-2e01-4778-befd-0e8c23deeb97/sm/snapshot/1.bin, /home/runner/work/ratis/ratis/ratis-test/target/test/data/22feb97a/MiniRaftClusterWithGrpcf8c2bef7/s0/273ca7b5-2e01-4778-befd-0e8c23deeb97/sm/snapshot/sub/2.bin, /home/runner/work/ratis/ratis/ratis-test/target/test/data/22feb97a/MiniRaftClusterWithGrpcf8c2bef7/s0/273ca7b5-2e01-4778-befd-0e8c23deeb97/sm/snapshot.1_191] to follower
2023-02-21 19:18:08,991 [s0@group-0E8C23DEEB97->s2-GrpcLogAppender-LogAppenderDaemon] INFO  server.GrpcServerProtocolClient (GrpcServerProtocolClient.java:<init>(63)) - Build channel for s2
2023-02-21 19:18:08,999 [grpc-default-executor-0] INFO  impl.SnapshotInstallationHandler (SnapshotInstallationHandler.java:installSnapshot(89)) - s1@group-0E8C23DEEB97: receive installSnapshot: s0->s1#0-t1,chunk:c68ddfd8-cd19-46b0-98e8-0a94210d4719,0
2023-02-21 19:18:09,009 [grpc-default-executor-0] INFO  server.RaftServer$Division (ServerState.java:setLeader(260)) - s1@group-0E8C23DEEB97: change Leader from null to s0 at term 1 for installSnapshot, leader elected after 50ms
2023-02-21 19:18:09,010 [grpc-default-executor-0] TRACE util.FileUtils (LogUtils.java:runAndLog(49)) - Successfully ran Files.createDirectories /home/runner/work/ratis/ratis/ratis-test/target/test/data/22feb97a/MiniRaftClusterWithGrpcf8c2bef7/s1/273ca7b5-2e01-4778-befd-0e8c23deeb97/tmp/snapshot-c68ddfd8-cd19-46b0-98e8-0a94210d4719
2023-02-21 19:18:09,010 [grpc-default-executor-0] INFO  storage.SnapshotManager (SnapshotManager.java:installSnapshot(89)) - Installing snapshot:s0->s1#0-t1,chunk:c68ddfd8-cd19-46b0-98e8-0a94210d4719,0, to tmp dir:/home/runner/work/ratis/ratis/ratis-test/target/test/data/22feb97a/MiniRaftClusterWithGrpcf8c2bef7/s1/273ca7b5-2e01-4778-befd-0e8c23deeb97/tmp/snapshot-c68ddfd8-cd19-46b0-98e8-0a94210d4719
2023-02-21 19:18:09,010 [grpc-default-executor-0] TRACE util.FileUtils (LogUtils.java:runAndLog(49)) - Successfully ran Files.createDirectories /home/runner/work/ratis/ratis/ratis-test/target/test/data/22feb97a/MiniRaftClusterWithGrpcf8c2bef7/s1/273ca7b5-2e01-4778-befd-0e8c23deeb97/tmp/snapshot-c68ddfd8-cd19-46b0-98e8-0a94210d4719/snapshot
2023-02-21 19:18:09,011 [grpc-default-executor-0] INFO  segmented.SegmentedRaftLogWorker (SegmentedRaftLogWorker.java:lambda$new$0(134)) - s1@group-0E8C23DEEB97-SegmentedRaftLogWorker: flushIndex: setUnconditionally -1 -> 191
2023-02-21 19:18:09,011 [grpc-default-executor-0] INFO  segmented.SegmentedRaftLogWorker (SegmentedRaftLogWorker.java:lambda$new$0(134)) - s1@group-0E8C23DEEB97-SegmentedRaftLogWorker: safeCacheEvictIndex: setUnconditionally -1 -> 191
2023-02-21 19:18:09,012 [grpc-default-executor-0] INFO  impl.SnapshotInstallationHandler (SnapshotInstallationHandler.java:installSnapshotImpl(134)) - s1@group-0E8C23DEEB97: set new configuration configurationEntry {
  peers {
    id: "s0"
    address: "localhost:32941"
    dataStreamAddress: "localhost:35001"
    clientAddress: "localhost:45167"
    adminAddress: "localhost:41435"
    startupRole: FOLLOWER
  }
}
 from snapshot
2023-02-21 19:18:09,012 [grpc-default-executor-0] INFO  server.RaftServer$Division (ServerState.java:setRaftConf(378)) - s1@group-0E8C23DEEB97: set configuration 0: peers:[s0|rpc:localhost:32941|admin:localhost:41435|client:localhost:45167|dataStream:localhost:35001|priority:0|startupRole:FOLLOWER]|listeners:[], old=null
2023-02-21 19:18:09,012 [grpc-default-executor-0] INFO  impl.SnapshotInstallationHandler (SnapshotInstallationHandler.java:installSnapshot(100)) - s1@group-0E8C23DEEB97: reply installSnapshot: s0<-s1#0:OK-t0,SUCCESS,requestIndex=0
2023-02-21 19:18:09,013 [grpc-default-executor-0] INFO  impl.SnapshotInstallationHandler (SnapshotInstallationHandler.java:installSnapshot(89)) - s2@group-0E8C23DEEB97: receive installSnapshot: s0->s2#0-t1,chunk:9cc5b027-8808-4020-aa0d-caa405e7c05c,0
2023-02-21 19:18:09,013 [grpc-default-executor-2] INFO  server.GrpcLogAppender (GrpcLogAppender.java:onNext(496)) - s0@group-0E8C23DEEB97->s1-InstallSnapshotResponseHandler: received the first reply s0<-s1#0:OK-t0,SUCCESS,requestIndex=0
2023-02-21 19:18:09,014 [grpc-default-executor-2] INFO  server.GrpcLogAppender (GrpcLogAppender.java:onNext(509)) - s0@group-0E8C23DEEB97->s1-InstallSnapshotResponseHandler: Completed InstallSnapshot. Reply: serverReply {
  requestorId: "s0"
  replyId: "s1"
  raftGroupId {
    id: "\'<\247\265.\001Gx\276\375\016\214#\336\353\227"
  }
  success: true
}
requestIndex: 0

2023-02-21 19:18:09,014 [grpc-default-executor-2] INFO  leader.FollowerInfo (FollowerInfoImpl.java:setAttemptedToInstallSnapshot(123)) - Follower s0@group-0E8C23DEEB97->s1 acknowledged installing snapshot
2023-02-21 19:18:09,013 [grpc-default-executor-1] INFO  impl.SnapshotInstallationHandler (SnapshotInstallationHandler.java:installSnapshot(89)) - s1@group-0E8C23DEEB97: receive installSnapshot: s0->s1#0-t1,chunk:c68ddfd8-cd19-46b0-98e8-0a94210d4719,1
2023-02-21 19:18:09,014 [grpc-default-executor-1] TRACE util.FileUtils (LogUtils.java:runAndLog(49)) - Successfully ran Files.createDirectories /home/runner/work/ratis/ratis/ratis-test/target/test/data/22feb97a/MiniRaftClusterWithGrpcf8c2bef7/s1/273ca7b5-2e01-4778-befd-0e8c23deeb97/tmp/snapshot-c68ddfd8-cd19-46b0-98e8-0a94210d4719
2023-02-21 19:18:09,014 [grpc-default-executor-1] INFO  storage.SnapshotManager (SnapshotManager.java:installSnapshot(89)) - Installing snapshot:s0->s1#0-t1,chunk:c68ddfd8-cd19-46b0-98e8-0a94210d4719,1, to tmp dir:/home/runner/work/ratis/ratis/ratis-test/target/test/data/22feb97a/MiniRaftClusterWithGrpcf8c2bef7/s1/273ca7b5-2e01-4778-befd-0e8c23deeb97/tmp/snapshot-c68ddfd8-cd19-46b0-98e8-0a94210d4719
2023-02-21 19:18:09,014 [grpc-default-executor-1] TRACE util.FileUtils (LogUtils.java:runAndLog(49)) - Successfully ran Files.createDirectories /home/runner/work/ratis/ratis/ratis-test/target/test/data/22feb97a/MiniRaftClusterWithGrpcf8c2bef7/s1/273ca7b5-2e01-4778-befd-0e8c23deeb97/tmp/snapshot-c68ddfd8-cd19-46b0-98e8-0a94210d4719/snapshot/sub
2023-02-21 19:18:09,015 [grpc-default-executor-1] INFO  segmented.SegmentedRaftLogWorker (SegmentedRaftLogWorker.java:lambda$new$0(134)) - s1@group-0E8C23DEEB97-SegmentedRaftLogWorker: flushIndex: setUnconditionally 191 -> 191
2023-02-21 19:18:09,015 [grpc-default-executor-1] INFO  segmented.SegmentedRaftLogWorker (SegmentedRaftLogWorker.java:lambda$new$0(134)) - s1@group-0E8C23DEEB97-SegmentedRaftLogWorker: safeCacheEvictIndex: setUnconditionally 191 -> 191
2023-02-21 19:18:09,015 [grpc-default-executor-1] INFO  impl.SnapshotInstallationHandler (SnapshotInstallationHandler.java:installSnapshot(100)) - s1@group-0E8C23DEEB97: reply installSnapshot: s0<-s1#0:OK-t1,SUCCESS,requestIndex=1
2023-02-21 19:18:09,015 [grpc-default-executor-2] INFO  server.GrpcLogAppender (GrpcLogAppender.java:onNext(496)) - s0@group-0E8C23DEEB97->s1-InstallSnapshotResponseHandler: received a reply s0<-s1#0:OK-t1,SUCCESS,requestIndex=1
2023-02-21 19:18:09,015 [grpc-default-executor-2] INFO  server.GrpcLogAppender (GrpcLogAppender.java:onNext(509)) - s0@group-0E8C23DEEB97->s1-InstallSnapshotResponseHandler: Completed InstallSnapshot. Reply: serverReply {
  requestorId: "s0"
  replyId: "s1"
  raftGroupId {
    id: "\'<\247\265.\001Gx\276\375\016\214#\336\353\227"
  }
  success: true
}
term: 1
requestIndex: 1

2023-02-21 19:18:09,015 [grpc-default-executor-2] INFO  leader.FollowerInfo (FollowerInfoImpl.java:setAttemptedToInstallSnapshot(123)) - Follower s0@group-0E8C23DEEB97->s1 acknowledged installing snapshot
2023-02-21 19:18:09,016 [grpc-default-executor-1] INFO  impl.SnapshotInstallationHandler (SnapshotInstallationHandler.java:installSnapshot(89)) - s1@group-0E8C23DEEB97: receive installSnapshot: s0->s1#0-t1,chunk:c68ddfd8-cd19-46b0-98e8-0a94210d4719,2
2023-02-21 19:18:09,016 [grpc-default-executor-1] TRACE util.FileUtils (LogUtils.java:runAndLog(49)) - Successfully ran Files.createDirectories /home/runner/work/ratis/ratis/ratis-test/target/test/data/22feb97a/MiniRaftClusterWithGrpcf8c2bef7/s1/273ca7b5-2e01-4778-befd-0e8c23deeb97/tmp/snapshot-c68ddfd8-cd19-46b0-98e8-0a94210d4719
2023-02-21 19:18:09,016 [grpc-default-executor-1] INFO  storage.SnapshotManager (SnapshotManager.java:installSnapshot(89)) - Installing snapshot:s0->s1#0-t1,chunk:c68ddfd8-cd19-46b0-98e8-0a94210d4719,2, to tmp dir:/home/runner/work/ratis/ratis/ratis-test/target/test/data/22feb97a/MiniRaftClusterWithGrpcf8c2bef7/s1/273ca7b5-2e01-4778-befd-0e8c23deeb97/tmp/snapshot-c68ddfd8-cd19-46b0-98e8-0a94210d4719
2023-02-21 19:18:09,016 [grpc-default-executor-1] TRACE util.FileUtils (LogUtils.java:runAndLog(49)) - Successfully ran Files.createDirectories /home/runner/work/ratis/ratis/ratis-test/target/test/data/22feb97a/MiniRaftClusterWithGrpcf8c2bef7/s1/273ca7b5-2e01-4778-befd-0e8c23deeb97/tmp/snapshot-c68ddfd8-cd19-46b0-98e8-0a94210d4719/snapshot/sub
2023-02-21 19:18:09,016 [grpc-default-executor-1] INFO  segmented.SegmentedRaftLogWorker (SegmentedRaftLogWorker.java:lambda$new$0(134)) - s1@group-0E8C23DEEB97-SegmentedRaftLogWorker: flushIndex: setUnconditionally 191 -> 191
2023-02-21 19:18:09,016 [grpc-default-executor-1] INFO  segmented.SegmentedRaftLogWorker (SegmentedRaftLogWorker.java:lambda$new$0(134)) - s1@group-0E8C23DEEB97-SegmentedRaftLogWorker: safeCacheEvictIndex: setUnconditionally 191 -> 191
2023-02-21 19:18:09,017 [grpc-default-executor-1] INFO  impl.SnapshotInstallationHandler (SnapshotInstallationHandler.java:installSnapshot(100)) - s1@group-0E8C23DEEB97: reply installSnapshot: s0<-s1#0:OK-t1,SUCCESS,requestIndex=2
2023-02-21 19:18:09,017 [grpc-default-executor-2] INFO  server.GrpcLogAppender (GrpcLogAppender.java:onNext(496)) - s0@group-0E8C23DEEB97->s1-InstallSnapshotResponseHandler: received a reply s0<-s1#0:OK-t1,SUCCESS,requestIndex=2
2023-02-21 19:18:09,017 [grpc-default-executor-2] INFO  server.GrpcLogAppender (GrpcLogAppender.java:onNext(509)) - s0@group-0E8C23DEEB97->s1-InstallSnapshotResponseHandler: Completed InstallSnapshot. Reply: serverReply {
  requestorId: "s0"
  replyId: "s1"
  raftGroupId {
    id: "\'<\247\265.\001Gx\276\375\016\214#\336\353\227"
  }
  success: true
}
term: 1
requestIndex: 2

2023-02-21 19:18:09,017 [grpc-default-executor-2] INFO  leader.FollowerInfo (FollowerInfoImpl.java:setAttemptedToInstallSnapshot(123)) - Follower s0@group-0E8C23DEEB97->s1 acknowledged installing snapshot
2023-02-21 19:18:09,016 [grpc-default-executor-0] INFO  server.RaftServer$Division (ServerState.java:setLeader(260)) - s2@group-0E8C23DEEB97: change Leader from null to s0 at term 1 for installSnapshot, leader elected after 60ms
2023-02-21 19:18:09,018 [grpc-default-executor-0] TRACE util.FileUtils (LogUtils.java:runAndLog(49)) - Successfully ran Files.createDirectories /home/runner/work/ratis/ratis/ratis-test/target/test/data/22feb97a/MiniRaftClusterWithGrpcf8c2bef7/s2/273ca7b5-2e01-4778-befd-0e8c23deeb97/tmp/snapshot-9cc5b027-8808-4020-aa0d-caa405e7c05c
2023-02-21 19:18:09,018 [grpc-default-executor-0] INFO  storage.SnapshotManager (SnapshotManager.java:installSnapshot(89)) - Installing snapshot:s0->s2#0-t1,chunk:9cc5b027-8808-4020-aa0d-caa405e7c05c,0, to tmp dir:/home/runner/work/ratis/ratis/ratis-test/target/test/data/22feb97a/MiniRaftClusterWithGrpcf8c2bef7/s2/273ca7b5-2e01-4778-befd-0e8c23deeb97/tmp/snapshot-9cc5b027-8808-4020-aa0d-caa405e7c05c
2023-02-21 19:18:09,018 [grpc-default-executor-0] TRACE util.FileUtils (LogUtils.java:runAndLog(49)) - Successfully ran Files.createDirectories /home/runner/work/ratis/ratis/ratis-test/target/test/data/22feb97a/MiniRaftClusterWithGrpcf8c2bef7/s2/273ca7b5-2e01-4778-befd-0e8c23deeb97/tmp/snapshot-9cc5b027-8808-4020-aa0d-caa405e7c05c/snapshot
2023-02-21 19:18:09,018 [grpc-default-executor-1] INFO  impl.SnapshotInstallationHandler (SnapshotInstallationHandler.java:installSnapshot(89)) - s1@group-0E8C23DEEB97: receive installSnapshot: s0->s1#0-t1,chunk:c68ddfd8-cd19-46b0-98e8-0a94210d4719,3
2023-02-21 19:18:09,019 [grpc-default-executor-1] TRACE util.FileUtils (LogUtils.java:runAndLog(49)) - Successfully ran Files.createDirectories /home/runner/work/ratis/ratis/ratis-test/target/test/data/22feb97a/MiniRaftClusterWithGrpcf8c2bef7/s1/273ca7b5-2e01-4778-befd-0e8c23deeb97/tmp/snapshot-c68ddfd8-cd19-46b0-98e8-0a94210d4719
2023-02-21 19:18:09,019 [grpc-default-executor-1] INFO  storage.SnapshotManager (SnapshotManager.java:installSnapshot(89)) - Installing snapshot:s0->s1#0-t1,chunk:c68ddfd8-cd19-46b0-98e8-0a94210d4719,3, to tmp dir:/home/runner/work/ratis/ratis/ratis-test/target/test/data/22feb97a/MiniRaftClusterWithGrpcf8c2bef7/s1/273ca7b5-2e01-4778-befd-0e8c23deeb97/tmp/snapshot-c68ddfd8-cd19-46b0-98e8-0a94210d4719
2023-02-21 19:18:09,019 [grpc-default-executor-1] TRACE util.FileUtils (LogUtils.java:runAndLog(49)) - Successfully ran Files.createDirectories /home/runner/work/ratis/ratis/ratis-test/target/test/data/22feb97a/MiniRaftClusterWithGrpcf8c2bef7/s1/273ca7b5-2e01-4778-befd-0e8c23deeb97/tmp/snapshot-c68ddfd8-cd19-46b0-98e8-0a94210d4719/snapshot/sub
2023-02-21 19:18:09,019 [grpc-default-executor-1] INFO  segmented.SegmentedRaftLogWorker (SegmentedRaftLogWorker.java:lambda$new$0(134)) - s1@group-0E8C23DEEB97-SegmentedRaftLogWorker: flushIndex: setUnconditionally 191 -> 191
2023-02-21 19:18:09,019 [grpc-default-executor-1] INFO  segmented.SegmentedRaftLogWorker (SegmentedRaftLogWorker.java:lambda$new$0(134)) - s1@group-0E8C23DEEB97-SegmentedRaftLogWorker: safeCacheEvictIndex: setUnconditionally 191 -> 191
2023-02-21 19:18:09,019 [grpc-default-executor-1] INFO  impl.SnapshotInstallationHandler (SnapshotInstallationHandler.java:installSnapshot(100)) - s1@group-0E8C23DEEB97: reply installSnapshot: s0<-s1#0:OK-t1,SUCCESS,requestIndex=3
2023-02-21 19:18:09,020 [grpc-default-executor-2] INFO  server.GrpcLogAppender (GrpcLogAppender.java:onNext(496)) - s0@group-0E8C23DEEB97->s1-InstallSnapshotResponseHandler: received a reply s0<-s1#0:OK-t1,SUCCESS,requestIndex=3
2023-02-21 19:18:09,020 [grpc-default-executor-2] INFO  server.GrpcLogAppender (GrpcLogAppender.java:onNext(509)) - s0@group-0E8C23DEEB97->s1-InstallSnapshotResponseHandler: Completed InstallSnapshot. Reply: serverReply {
  requestorId: "s0"
  replyId: "s1"
  raftGroupId {
    id: "\'<\247\265.\001Gx\276\375\016\214#\336\353\227"
  }
  success: true
}
term: 1
requestIndex: 3

2023-02-21 19:18:09,020 [grpc-default-executor-2] INFO  leader.FollowerInfo (FollowerInfoImpl.java:setAttemptedToInstallSnapshot(123)) - Follower s0@group-0E8C23DEEB97->s1 acknowledged installing snapshot
2023-02-21 19:18:09,020 [grpc-default-executor-0] INFO  segmented.SegmentedRaftLogWorker (SegmentedRaftLogWorker.java:lambda$new$0(134)) - s2@group-0E8C23DEEB97-SegmentedRaftLogWorker: flushIndex: setUnconditionally -1 -> 191
2023-02-21 19:18:09,020 [grpc-default-executor-0] INFO  segmented.SegmentedRaftLogWorker (SegmentedRaftLogWorker.java:lambda$new$0(134)) - s2@group-0E8C23DEEB97-SegmentedRaftLogWorker: safeCacheEvictIndex: setUnconditionally -1 -> 191
2023-02-21 19:18:09,021 [grpc-default-executor-0] INFO  impl.SnapshotInstallationHandler (SnapshotInstallationHandler.java:installSnapshotImpl(134)) - s2@group-0E8C23DEEB97: set new configuration configurationEntry {
  peers {
    id: "s0"
    address: "localhost:32941"
    dataStreamAddress: "localhost:35001"
    clientAddress: "localhost:45167"
    adminAddress: "localhost:41435"
    startupRole: FOLLOWER
  }
}
 from snapshot
2023-02-21 19:18:09,021 [grpc-default-executor-1] INFO  impl.SnapshotInstallationHandler (SnapshotInstallationHandler.java:installSnapshot(89)) - s1@group-0E8C23DEEB97: receive installSnapshot: s0->s1#0-t1,chunk:c68ddfd8-cd19-46b0-98e8-0a94210d4719,4
2023-02-21 19:18:09,021 [grpc-default-executor-1] TRACE util.FileUtils (LogUtils.java:runAndLog(49)) - Successfully ran Files.createDirectories /home/runner/work/ratis/ratis/ratis-test/target/test/data/22feb97a/MiniRaftClusterWithGrpcf8c2bef7/s1/273ca7b5-2e01-4778-befd-0e8c23deeb97/tmp/snapshot-c68ddfd8-cd19-46b0-98e8-0a94210d4719
2023-02-21 19:18:09,021 [grpc-default-executor-1] INFO  storage.SnapshotManager (SnapshotManager.java:installSnapshot(89)) - Installing snapshot:s0->s1#0-t1,chunk:c68ddfd8-cd19-46b0-98e8-0a94210d4719,4, to tmp dir:/home/runner/work/ratis/ratis/ratis-test/target/test/data/22feb97a/MiniRaftClusterWithGrpcf8c2bef7/s1/273ca7b5-2e01-4778-befd-0e8c23deeb97/tmp/snapshot-c68ddfd8-cd19-46b0-98e8-0a94210d4719
2023-02-21 19:18:09,022 [grpc-default-executor-1] TRACE util.FileUtils (LogUtils.java:runAndLog(49)) - Successfully ran Files.createDirectories /home/runner/work/ratis/ratis/ratis-test/target/test/data/22feb97a/MiniRaftClusterWithGrpcf8c2bef7/s1/273ca7b5-2e01-4778-befd-0e8c23deeb97/tmp/snapshot-c68ddfd8-cd19-46b0-98e8-0a94210d4719/snapshot/sub
2023-02-21 19:18:09,022 [grpc-default-executor-1] WARN  storage.SnapshotManager (SnapshotManager.java:installSnapshot(140)) - The snapshot md5 digest d41d8cd98f00b204e9800998ecf8427e does not match expected aa8f39967deb441a6e7484963945a960
2023-02-21 19:18:09,022 [grpc-default-executor-1] TRACE util.FileUtils (LogUtils.java:runAndLog(49)) - Successfully ran Atomic Files.move /home/runner/work/ratis/ratis/ratis-test/target/test/data/22feb97a/MiniRaftClusterWithGrpcf8c2bef7/s1/273ca7b5-2e01-4778-befd-0e8c23deeb97/tmp/snapshot-c68ddfd8-cd19-46b0-98e8-0a94210d4719/snapshot/sub/2.bin to /home/runner/work/ratis/ratis/ratis-test/target/test/data/22feb97a/MiniRaftClusterWithGrpcf8c2bef7/s1/273ca7b5-2e01-4778-befd-0e8c23deeb97/tmp/snapshot-c68ddfd8-cd19-46b0-98e8-0a94210d4719/snapshot/sub/2.bin.corrupt20230221-191809_022
2023-02-21 19:18:09,022 [grpc-default-executor-1] ERROR impl.SnapshotInstallationHandler (SnapshotInstallationHandler.java:installSnapshot(96)) - s1@group-0E8C23DEEB97: installSnapshot failed
org.apache.ratis.io.CorruptedFileException: File /home/runner/work/ratis/ratis/ratis-test/target/test/data/22feb97a/MiniRaftClusterWithGrpcf8c2bef7/s1/273ca7b5-2e01-4778-befd-0e8c23deeb97/tmp/snapshot-c68ddfd8-cd19-46b0-98e8-0a94210d4719/snapshot/sub/2.bin (exist? false, length=0) is corrupted: MD5 mismatch for snapshot-191 installation.  Renamed temporary snapshot file /home/runner/work/ratis/ratis/ratis-test/target/test/data/22feb97a/MiniRaftClusterWithGrpcf8c2bef7/s1/273ca7b5-2e01-4778-befd-0e8c23deeb97/tmp/snapshot-c68ddfd8-cd19-46b0-98e8-0a94210d4719/snapshot/sub/2.bin to /home/runner/work/ratis/ratis/ratis-test/target/test/data/22feb97a/MiniRaftClusterWithGrpcf8c2bef7/s1/273ca7b5-2e01-4778-befd-0e8c23deeb97/tmp/snapshot-c68ddfd8-cd19-46b0-98e8-0a94210d4719/snapshot/sub/2.bin.corrupt20230221-191809_022
	at org.apache.ratis.server.storage.SnapshotManager.installSnapshot(SnapshotManager.java:153)
	at org.apache.ratis.server.impl.ServerState.installSnapshot(ServerState.java:444)
	at org.apache.ratis.server.impl.SnapshotInstallationHandler.checkAndInstallSnapshot(SnapshotInstallationHandler.java:181)
	at org.apache.ratis.server.impl.SnapshotInstallationHandler.installSnapshotImpl(SnapshotInstallationHandler.java:120)
	at org.apache.ratis.server.impl.SnapshotInstallationHandler.installSnapshot(SnapshotInstallationHandler.java:94)
	at org.apache.ratis.server.impl.RaftServerImpl.installSnapshot(RaftServerImpl.java:1618)
	at org.apache.ratis.server.impl.RaftServerProxy.installSnapshot(RaftServerProxy.java:651)
	at org.apache.ratis.grpc.server.GrpcServerProtocolService$2.process(GrpcServerProtocolService.java:256)
	at org.apache.ratis.grpc.server.GrpcServerProtocolService$2.process(GrpcServerProtocolService.java:253)
	at org.apache.ratis.grpc.server.GrpcServerProtocolService$ServerRequestStreamObserver.onNext(GrpcServerProtocolService.java:124)
	at org.apache.ratis.thirdparty.io.grpc.stub.ServerCalls$StreamingServerCallHandler$StreamingServerCallListener.onMessage(ServerCalls.java:262)
	at org.apache.ratis.thirdparty.io.grpc.ForwardingServerCallListener.onMessage(ForwardingServerCallListener.java:33)
	at org.apache.ratis.thirdparty.io.grpc.internal.ServerCallImpl$ServerStreamListenerImpl.messagesAvailableInternal(ServerCallImpl.java:332)
	at org.apache.ratis.thirdparty.io.grpc.internal.ServerCallImpl$ServerStreamListenerImpl.messagesAvailable(ServerCallImpl.java:315)
	at org.apache.ratis.thirdparty.io.grpc.internal.ServerImpl$JumpToApplicationThreadServerStreamListener$1MessagesAvailable.runInContext(ServerImpl.java:834)
	at org.apache.ratis.thirdparty.io.grpc.internal.ContextRunnable.run(ContextRunnable.java:37)
	at org.apache.ratis.thirdparty.io.grpc.internal.SerializingExecutor.run(SerializingExecutor.java:133)
	at java.base/java.util.concurrent.ThreadPoolExecutor.runWorker(ThreadPoolExecutor.java:1128)
	at java.base/java.util.concurrent.ThreadPoolExecutor$Worker.run(ThreadPoolExecutor.java:628)
	at java.base/java.lang.Thread.run(Thread.java:829)
2023-02-21 19:18:09,023 [grpc-default-executor-1] WARN  server.GrpcServerProtocolService (LogUtils.java:warn(124)) - s1: Failed INSTALL_SNAPSHOT request s0->s1#0-t1,chunk:c68ddfd8-cd19-46b0-98e8-0a94210d4719,4
org.apache.ratis.io.CorruptedFileException: File /home/runner/work/ratis/ratis/ratis-test/target/test/data/22feb97a/MiniRaftClusterWithGrpcf8c2bef7/s1/273ca7b5-2e01-4778-befd-0e8c23deeb97/tmp/snapshot-c68ddfd8-cd19-46b0-98e8-0a94210d4719/snapshot/sub/2.bin (exist? false, length=0) is corrupted: MD5 mismatch for snapshot-191 installation.  Renamed temporary snapshot file /home/runner/work/ratis/ratis/ratis-test/target/test/data/22feb97a/MiniRaftClusterWithGrpcf8c2bef7/s1/273ca7b5-2e01-4778-befd-0e8c23deeb97/tmp/snapshot-c68ddfd8-cd19-46b0-98e8-0a94210d4719/snapshot/sub/2.bin to /home/runner/work/ratis/ratis/ratis-test/target/test/data/22feb97a/MiniRaftClusterWithGrpcf8c2bef7/s1/273ca7b5-2e01-4778-befd-0e8c23deeb97/tmp/snapshot-c68ddfd8-cd19-46b0-98e8-0a94210d4719/snapshot/sub/2.bin.corrupt20230221-191809_022
	at org.apache.ratis.server.storage.SnapshotManager.installSnapshot(SnapshotManager.java:153)
	at org.apache.ratis.server.impl.ServerState.installSnapshot(ServerState.java:444)
	at org.apache.ratis.server.impl.SnapshotInstallationHandler.checkAndInstallSnapshot(SnapshotInstallationHandler.java:181)
	at org.apache.ratis.server.impl.SnapshotInstallationHandler.installSnapshotImpl(SnapshotInstallationHandler.java:120)
	at org.apache.ratis.server.impl.SnapshotInstallationHandler.installSnapshot(SnapshotInstallationHandler.java:94)
	at org.apache.ratis.server.impl.RaftServerImpl.installSnapshot(RaftServerImpl.java:1618)
	at org.apache.ratis.server.impl.RaftServerProxy.installSnapshot(RaftServerProxy.java:651)
	at org.apache.ratis.grpc.server.GrpcServerProtocolService$2.process(GrpcServerProtocolService.java:256)
	at org.apache.ratis.grpc.server.GrpcServerProtocolService$2.process(GrpcServerProtocolService.java:253)
	at org.apache.ratis.grpc.server.GrpcServerProtocolService$ServerRequestStreamObserver.onNext(GrpcServerProtocolService.java:124)
	at org.apache.ratis.thirdparty.io.grpc.stub.ServerCalls$StreamingServerCallHandler$StreamingServerCallListener.onMessage(ServerCalls.java:262)
	at org.apache.ratis.thirdparty.io.grpc.ForwardingServerCallListener.onMessage(ForwardingServerCallListener.java:33)
	at org.apache.ratis.thirdparty.io.grpc.internal.ServerCallImpl$ServerStreamListenerImpl.messagesAvailableInternal(ServerCallImpl.java:332)
	at org.apache.ratis.thirdparty.io.grpc.internal.ServerCallImpl$ServerStreamListenerImpl.messagesAvailable(ServerCallImpl.java:315)
	at org.apache.ratis.thirdparty.io.grpc.internal.ServerImpl$JumpToApplicationThreadServerStreamListener$1MessagesAvailable.runInContext(ServerImpl.java:834)
	at org.apache.ratis.thirdparty.io.grpc.internal.ContextRunnable.run(ContextRunnable.java:37)
	at org.apache.ratis.thirdparty.io.grpc.internal.SerializingExecutor.run(SerializingExecutor.java:133)
	at java.base/java.util.concurrent.ThreadPoolExecutor.runWorker(ThreadPoolExecutor.java:1128)
	at java.base/java.util.concurrent.ThreadPoolExecutor$Worker.run(ThreadPoolExecutor.java:628)
	at java.base/java.lang.Thread.run(Thread.java:829)
2023-02-21 19:18:09,021 [grpc-default-executor-0] INFO  server.RaftServer$Division (ServerState.java:setRaftConf(378)) - s2@group-0E8C23DEEB97: set configuration 0: peers:[s0|rpc:localhost:32941|admin:localhost:41435|client:localhost:45167|dataStream:localhost:35001|priority:0|startupRole:FOLLOWER]|listeners:[], old=null
2023-02-21 19:18:09,031 [grpc-default-executor-0] INFO  impl.SnapshotInstallationHandler (SnapshotInstallationHandler.java:installSnapshot(100)) - s2@group-0E8C23DEEB97: reply installSnapshot: s0<-s2#0:OK-t0,SUCCESS,requestIndex=0
2023-02-21 19:18:09,032 [grpc-default-executor-2] INFO  server.GrpcLogAppender (GrpcLogAppender.java:onNext(496)) - s0@group-0E8C23DEEB97->s2-InstallSnapshotResponseHandler: received the first reply s0<-s2#0:OK-t0,SUCCESS,requestIndex=0
2023-02-21 19:18:09,032 [grpc-default-executor-2] INFO  server.GrpcLogAppender (GrpcLogAppender.java:onNext(509)) - s0@group-0E8C23DEEB97->s2-InstallSnapshotResponseHandler: Completed InstallSnapshot. Reply: serverReply {
  requestorId: "s0"
  replyId: "s2"
  raftGroupId {
    id: "\'<\247\265.\001Gx\276\375\016\214#\336\353\227"
  }
  success: true
}
requestIndex: 0

2023-02-21 19:18:09,032 [grpc-default-executor-2] INFO  leader.FollowerInfo (FollowerInfoImpl.java:setAttemptedToInstallSnapshot(123)) - Follower s0@group-0E8C23DEEB97->s2 acknowledged installing snapshot
2023-02-21 19:18:09,032 [grpc-default-executor-0] INFO  impl.SnapshotInstallationHandler (SnapshotInstallationHandler.java:installSnapshot(89)) - s2@group-0E8C23DEEB97: receive installSnapshot: s0->s2#0-t1,chunk:9cc5b027-8808-4020-aa0d-caa405e7c05c,1
2023-02-21 19:18:09,032 [grpc-default-executor-0] TRACE util.FileUtils (LogUtils.java:runAndLog(49)) - Successfully ran Files.createDirectories /home/runner/work/ratis/ratis/ratis-test/target/test/data/22feb97a/MiniRaftClusterWithGrpcf8c2bef7/s2/273ca7b5-2e01-4778-befd-0e8c23deeb97/tmp/snapshot-9cc5b027-8808-4020-aa0d-caa405e7c05c
2023-02-21 19:18:09,032 [grpc-default-executor-0] INFO  storage.SnapshotManager (SnapshotManager.java:installSnapshot(89)) - Installing snapshot:s0->s2#0-t1,chunk:9cc5b027-8808-4020-aa0d-caa405e7c05c,1, to tmp dir:/home/runner/work/ratis/ratis/ratis-test/target/test/data/22feb97a/MiniRaftClusterWithGrpcf8c2bef7/s2/273ca7b5-2e01-4778-befd-0e8c23deeb97/tmp/snapshot-9cc5b027-8808-4020-aa0d-caa405e7c05c
2023-02-21 19:18:09,032 [grpc-default-executor-0] TRACE util.FileUtils (LogUtils.java:runAndLog(49)) - Successfully ran Files.createDirectories /home/runner/work/ratis/ratis/ratis-test/target/test/data/22feb97a/MiniRaftClusterWithGrpcf8c2bef7/s2/273ca7b5-2e01-4778-befd-0e8c23deeb97/tmp/snapshot-9cc5b027-8808-4020-aa0d-caa405e7c05c/snapshot/sub
2023-02-21 19:18:09,032 [grpc-default-executor-0] INFO  segmented.SegmentedRaftLogWorker (SegmentedRaftLogWorker.java:lambda$new$0(134)) - s2@group-0E8C23DEEB97-SegmentedRaftLogWorker: flushIndex: setUnconditionally 191 -> 191
2023-02-21 19:18:09,032 [grpc-default-executor-0] INFO  segmented.SegmentedRaftLogWorker (SegmentedRaftLogWorker.java:lambda$new$0(134)) - s2@group-0E8C23DEEB97-SegmentedRaftLogWorker: safeCacheEvictIndex: setUnconditionally 191 -> 191
2023-02-21 19:18:09,033 [grpc-default-executor-0] INFO  impl.SnapshotInstallationHandler (SnapshotInstallationHandler.java:installSnapshot(100)) - s2@group-0E8C23DEEB97: reply installSnapshot: s0<-s2#0:OK-t1,SUCCESS,requestIndex=1
2023-02-21 19:18:09,033 [grpc-default-executor-2] INFO  server.GrpcLogAppender (GrpcLogAppender.java:onNext(496)) - s0@group-0E8C23DEEB97->s2-InstallSnapshotResponseHandler: received a reply s0<-s2#0:OK-t1,SUCCESS,requestIndex=1
2023-02-21 19:18:09,033 [grpc-default-executor-2] INFO  server.GrpcLogAppender (GrpcLogAppender.java:onNext(509)) - s0@group-0E8C23DEEB97->s2-InstallSnapshotResponseHandler: Completed InstallSnapshot. Reply: serverReply {
  requestorId: "s0"
  replyId: "s2"
  raftGroupId {
    id: "\'<\247\265.\001Gx\276\375\016\214#\336\353\227"
  }
  success: true
}
term: 1
requestIndex: 1

2023-02-21 19:18:09,033 [grpc-default-executor-2] INFO  leader.FollowerInfo (FollowerInfoImpl.java:setAttemptedToInstallSnapshot(123)) - Follower s0@group-0E8C23DEEB97->s2 acknowledged installing snapshot
2023-02-21 19:18:09,034 [grpc-default-executor-0] INFO  impl.SnapshotInstallationHandler (SnapshotInstallationHandler.java:installSnapshot(89)) - s2@group-0E8C23DEEB97: receive installSnapshot: s0->s2#0-t1,chunk:9cc5b027-8808-4020-aa0d-caa405e7c05c,2
2023-02-21 19:18:09,034 [grpc-default-executor-0] TRACE util.FileUtils (LogUtils.java:runAndLog(49)) - Successfully ran Files.createDirectories /home/runner/work/ratis/ratis/ratis-test/target/test/data/22feb97a/MiniRaftClusterWithGrpcf8c2bef7/s2/273ca7b5-2e01-4778-befd-0e8c23deeb97/tmp/snapshot-9cc5b027-8808-4020-aa0d-caa405e7c05c
2023-02-21 19:18:09,034 [grpc-default-executor-0] INFO  storage.SnapshotManager (SnapshotManager.java:installSnapshot(89)) - Installing snapshot:s0->s2#0-t1,chunk:9cc5b027-8808-4020-aa0d-caa405e7c05c,2, to tmp dir:/home/runner/work/ratis/ratis/ratis-test/target/test/data/22feb97a/MiniRaftClusterWithGrpcf8c2bef7/s2/273ca7b5-2e01-4778-befd-0e8c23deeb97/tmp/snapshot-9cc5b027-8808-4020-aa0d-caa405e7c05c
2023-02-21 19:18:09,034 [grpc-default-executor-0] TRACE util.FileUtils (LogUtils.java:runAndLog(49)) - Successfully ran Files.createDirectories /home/runner/work/ratis/ratis/ratis-test/target/test/data/22feb97a/MiniRaftClusterWithGrpcf8c2bef7/s2/273ca7b5-2e01-4778-befd-0e8c23deeb97/tmp/snapshot-9cc5b027-8808-4020-aa0d-caa405e7c05c/snapshot/sub
2023-02-21 19:18:09,034 [grpc-default-executor-0] INFO  segmented.SegmentedRaftLogWorker (SegmentedRaftLogWorker.java:lambda$new$0(134)) - s2@group-0E8C23DEEB97-SegmentedRaftLogWorker: flushIndex: setUnconditionally 191 -> 191
2023-02-21 19:18:09,034 [grpc-default-executor-0] INFO  segmented.SegmentedRaftLogWorker (SegmentedRaftLogWorker.java:lambda$new$0(134)) - s2@group-0E8C23DEEB97-SegmentedRaftLogWorker: safeCacheEvictIndex: setUnconditionally 191 -> 191
2023-02-21 19:18:09,034 [grpc-default-executor-0] INFO  impl.SnapshotInstallationHandler (SnapshotInstallationHandler.java:installSnapshot(100)) - s2@group-0E8C23DEEB97: reply installSnapshot: s0<-s2#0:OK-t1,SUCCESS,requestIndex=2
2023-02-21 19:18:09,035 [grpc-default-executor-2] INFO  server.GrpcLogAppender (GrpcLogAppender.java:onNext(496)) - s0@group-0E8C23DEEB97->s2-InstallSnapshotResponseHandler: received a reply s0<-s2#0:OK-t1,SUCCESS,requestIndex=2
2023-02-21 19:18:09,035 [grpc-default-executor-2] INFO  server.GrpcLogAppender (GrpcLogAppender.java:onNext(509)) - s0@group-0E8C23DEEB97->s2-InstallSnapshotResponseHandler: Completed InstallSnapshot. Reply: serverReply {
  requestorId: "s0"
  replyId: "s2"
  raftGroupId {
    id: "\'<\247\265.\001Gx\276\375\016\214#\336\353\227"
  }
  success: true
}
term: 1
requestIndex: 2

2023-02-21 19:18:09,035 [grpc-default-executor-2] INFO  leader.FollowerInfo (FollowerInfoImpl.java:setAttemptedToInstallSnapshot(123)) - Follower s0@group-0E8C23DEEB97->s2 acknowledged installing snapshot
2023-02-21 19:18:09,035 [grpc-default-executor-0] INFO  impl.SnapshotInstallationHandler (SnapshotInstallationHandler.java:installSnapshot(89)) - s2@group-0E8C23DEEB97: receive installSnapshot: s0->s2#0-t1,chunk:9cc5b027-8808-4020-aa0d-caa405e7c05c,3
2023-02-21 19:18:09,035 [grpc-default-executor-0] TRACE util.FileUtils (LogUtils.java:runAndLog(49)) - Successfully ran Files.createDirectories /home/runner/work/ratis/ratis/ratis-test/target/test/data/22feb97a/MiniRaftClusterWithGrpcf8c2bef7/s2/273ca7b5-2e01-4778-befd-0e8c23deeb97/tmp/snapshot-9cc5b027-8808-4020-aa0d-caa405e7c05c
2023-02-21 19:18:09,035 [grpc-default-executor-0] INFO  storage.SnapshotManager (SnapshotManager.java:installSnapshot(89)) - Installing snapshot:s0->s2#0-t1,chunk:9cc5b027-8808-4020-aa0d-caa405e7c05c,3, to tmp dir:/home/runner/work/ratis/ratis/ratis-test/target/test/data/22feb97a/MiniRaftClusterWithGrpcf8c2bef7/s2/273ca7b5-2e01-4778-befd-0e8c23deeb97/tmp/snapshot-9cc5b027-8808-4020-aa0d-caa405e7c05c
2023-02-21 19:18:09,036 [grpc-default-executor-0] TRACE util.FileUtils (LogUtils.java:runAndLog(49)) - Successfully ran Files.createDirectories /home/runner/work/ratis/ratis/ratis-test/target/test/data/22feb97a/MiniRaftClusterWithGrpcf8c2bef7/s2/273ca7b5-2e01-4778-befd-0e8c23deeb97/tmp/snapshot-9cc5b027-8808-4020-aa0d-caa405e7c05c/snapshot/sub
2023-02-21 19:18:09,036 [grpc-default-executor-0] INFO  segmented.SegmentedRaftLogWorker (SegmentedRaftLogWorker.java:lambda$new$0(134)) - s2@group-0E8C23DEEB97-SegmentedRaftLogWorker: flushIndex: setUnconditionally 191 -> 191
2023-02-21 19:18:09,036 [grpc-default-executor-0] INFO  segmented.SegmentedRaftLogWorker (SegmentedRaftLogWorker.java:lambda$new$0(134)) - s2@group-0E8C23DEEB97-SegmentedRaftLogWorker: safeCacheEvictIndex: setUnconditionally 191 -> 191
2023-02-21 19:18:09,036 [grpc-default-executor-0] INFO  impl.SnapshotInstallationHandler (SnapshotInstallationHandler.java:installSnapshot(100)) - s2@group-0E8C23DEEB97: reply installSnapshot: s0<-s2#0:OK-t1,SUCCESS,requestIndex=3
2023-02-21 19:18:09,037 [grpc-default-executor-2] INFO  server.GrpcLogAppender (GrpcLogAppender.java:onNext(496)) - s0@group-0E8C23DEEB97->s2-InstallSnapshotResponseHandler: received a reply s0<-s2#0:OK-t1,SUCCESS,requestIndex=3
2023-02-21 19:18:09,037 [grpc-default-executor-2] INFO  server.GrpcLogAppender (GrpcLogAppender.java:onNext(509)) - s0@group-0E8C23DEEB97->s2-InstallSnapshotResponseHandler: Completed InstallSnapshot. Reply: serverReply {
  requestorId: "s0"
  replyId: "s2"
  raftGroupId {
    id: "\'<\247\265.\001Gx\276\375\016\214#\336\353\227"
  }
  success: true
}
term: 1
requestIndex: 3

2023-02-21 19:18:09,037 [grpc-default-executor-2] INFO  leader.FollowerInfo (FollowerInfoImpl.java:setAttemptedToInstallSnapshot(123)) - Follower s0@group-0E8C23DEEB97->s2 acknowledged installing snapshot
2023-02-21 19:18:09,037 [grpc-default-executor-0] INFO  impl.SnapshotInstallationHandler (SnapshotInstallationHandler.java:installSnapshot(89)) - s2@group-0E8C23DEEB97: receive installSnapshot: s0->s2#0-t1,chunk:9cc5b027-8808-4020-aa0d-caa405e7c05c,4
2023-02-21 19:18:09,037 [grpc-default-executor-0] TRACE util.FileUtils (LogUtils.java:runAndLog(49)) - Successfully ran Files.createDirectories /home/runner/work/ratis/ratis/ratis-test/target/test/data/22feb97a/MiniRaftClusterWithGrpcf8c2bef7/s2/273ca7b5-2e01-4778-befd-0e8c23deeb97/tmp/snapshot-9cc5b027-8808-4020-aa0d-caa405e7c05c
2023-02-21 19:18:09,037 [grpc-default-executor-0] INFO  storage.SnapshotManager (SnapshotManager.java:installSnapshot(89)) - Installing snapshot:s0->s2#0-t1,chunk:9cc5b027-8808-4020-aa0d-caa405e7c05c,4, to tmp dir:/home/runner/work/ratis/ratis/ratis-test/target/test/data/22feb97a/MiniRaftClusterWithGrpcf8c2bef7/s2/273ca7b5-2e01-4778-befd-0e8c23deeb97/tmp/snapshot-9cc5b027-8808-4020-aa0d-caa405e7c05c
2023-02-21 19:18:09,037 [grpc-default-executor-0] TRACE util.FileUtils (LogUtils.java:runAndLog(49)) - Successfully ran Files.createDirectories /home/runner/work/ratis/ratis/ratis-test/target/test/data/22feb97a/MiniRaftClusterWithGrpcf8c2bef7/s2/273ca7b5-2e01-4778-befd-0e8c23deeb97/tmp/snapshot-9cc5b027-8808-4020-aa0d-caa405e7c05c/snapshot/sub
2023-02-21 19:18:09,040 [grpc-default-executor-0] INFO  segmented.SegmentedRaftLogWorker (SegmentedRaftLogWorker.java:lambda$new$0(134)) - s2@group-0E8C23DEEB97-SegmentedRaftLogWorker: flushIndex: setUnconditionally 191 -> 191
2023-02-21 19:18:09,040 [grpc-default-executor-0] INFO  segmented.SegmentedRaftLogWorker (SegmentedRaftLogWorker.java:lambda$new$0(134)) - s2@group-0E8C23DEEB97-SegmentedRaftLogWorker: safeCacheEvictIndex: setUnconditionally 191 -> 191
2023-02-21 19:18:09,040 [grpc-default-executor-0] INFO  impl.SnapshotInstallationHandler (SnapshotInstallationHandler.java:installSnapshot(100)) - s2@group-0E8C23DEEB97: reply installSnapshot: s0<-s2#0:OK-t1,SUCCESS,requestIndex=4
2023-02-21 19:18:09,040 [grpc-default-executor-2] INFO  server.GrpcLogAppender (GrpcLogAppender.java:onNext(496)) - s0@group-0E8C23DEEB97->s2-InstallSnapshotResponseHandler: received a reply s0<-s2#0:OK-t1,SUCCESS,requestIndex=4
2023-02-21 19:18:09,040 [grpc-default-executor-2] INFO  server.GrpcLogAppender (GrpcLogAppender.java:onNext(509)) - s0@group-0E8C23DEEB97->s2-InstallSnapshotResponseHandler: Completed InstallSnapshot. Reply: serverReply {
  requestorId: "s0"
  replyId: "s2"
  raftGroupId {
    id: "\'<\247\265.\001Gx\276\375\016\214#\336\353\227"
  }
  success: true
}
term: 1
requestIndex: 4

2023-02-21 19:18:09,040 [grpc-default-executor-2] INFO  leader.FollowerInfo (FollowerInfoImpl.java:setAttemptedToInstallSnapshot(123)) - Follower s0@group-0E8C23DEEB97->s2 acknowledged installing snapshot
2023-02-21 19:18:09,041 [grpc-default-executor-0] INFO  impl.SnapshotInstallationHandler (SnapshotInstallationHandler.java:installSnapshot(89)) - s2@group-0E8C23DEEB97: receive installSnapshot: s0->s2#0-t1,chunk:9cc5b027-8808-4020-aa0d-caa405e7c05c,5
2023-02-21 19:18:09,041 [grpc-default-executor-0] TRACE util.FileUtils (LogUtils.java:runAndLog(49)) - Successfully ran Files.createDirectories /home/runner/work/ratis/ratis/ratis-test/target/test/data/22feb97a/MiniRaftClusterWithGrpcf8c2bef7/s2/273ca7b5-2e01-4778-befd-0e8c23deeb97/tmp/snapshot-9cc5b027-8808-4020-aa0d-caa405e7c05c
2023-02-21 19:18:09,041 [grpc-default-executor-0] INFO  storage.SnapshotManager (SnapshotManager.java:installSnapshot(89)) - Installing snapshot:s0->s2#0-t1,chunk:9cc5b027-8808-4020-aa0d-caa405e7c05c,5, to tmp dir:/home/runner/work/ratis/ratis/ratis-test/target/test/data/22feb97a/MiniRaftClusterWithGrpcf8c2bef7/s2/273ca7b5-2e01-4778-befd-0e8c23deeb97/tmp/snapshot-9cc5b027-8808-4020-aa0d-caa405e7c05c
2023-02-21 19:18:09,041 [grpc-default-executor-0] TRACE util.FileUtils (LogUtils.java:runAndLog(49)) - Successfully ran Files.createDirectories /home/runner/work/ratis/ratis/ratis-test/target/test/data/22feb97a/MiniRaftClusterWithGrpcf8c2bef7/s2/273ca7b5-2e01-4778-befd-0e8c23deeb97/tmp/snapshot-9cc5b027-8808-4020-aa0d-caa405e7c05c
2023-02-21 19:18:09,041 [grpc-default-executor-0] INFO  segmented.SegmentedRaftLogWorker (SegmentedRaftLogWorker.java:lambda$new$0(134)) - s2@group-0E8C23DEEB97-SegmentedRaftLogWorker: flushIndex: setUnconditionally 191 -> 191
2023-02-21 19:18:09,041 [grpc-default-executor-0] INFO  segmented.SegmentedRaftLogWorker (SegmentedRaftLogWorker.java:lambda$new$0(134)) - s2@group-0E8C23DEEB97-SegmentedRaftLogWorker: safeCacheEvictIndex: setUnconditionally 191 -> 191
2023-02-21 19:18:09,042 [grpc-default-executor-0] INFO  impl.SnapshotInstallationHandler (SnapshotInstallationHandler.java:installSnapshot(100)) - s2@group-0E8C23DEEB97: reply installSnapshot: s0<-s2#0:OK-t1,SUCCESS,requestIndex=5
2023-02-21 19:18:09,042 [grpc-default-executor-2] INFO  server.GrpcLogAppender (GrpcLogAppender.java:onNext(496)) - s0@group-0E8C23DEEB97->s2-InstallSnapshotResponseHandler: received a reply s0<-s2#0:OK-t1,SUCCESS,requestIndex=5
2023-02-21 19:18:09,042 [grpc-default-executor-2] INFO  server.GrpcLogAppender (GrpcLogAppender.java:onNext(509)) - s0@group-0E8C23DEEB97->s2-InstallSnapshotResponseHandler: Completed InstallSnapshot. Reply: serverReply {
  requestorId: "s0"
  replyId: "s2"
  raftGroupId {
    id: "\'<\247\265.\001Gx\276\375\016\214#\336\353\227"
  }
  success: true
}
term: 1
requestIndex: 5

2023-02-21 19:18:09,042 [grpc-default-executor-2] INFO  leader.FollowerInfo (FollowerInfoImpl.java:setAttemptedToInstallSnapshot(123)) - Follower s0@group-0E8C23DEEB97->s2 acknowledged installing snapshot
2023-02-21 19:18:09,042 [grpc-default-executor-0] INFO  impl.SnapshotInstallationHandler (SnapshotInstallationHandler.java:installSnapshot(89)) - s2@group-0E8C23DEEB97: receive installSnapshot: s0->s2#0-t1,chunk:9cc5b027-8808-4020-aa0d-caa405e7c05c,6
2023-02-21 19:18:09,043 [grpc-default-executor-0] TRACE util.FileUtils (LogUtils.java:runAndLog(49)) - Successfully ran Files.createDirectories /home/runner/work/ratis/ratis/ratis-test/target/test/data/22feb97a/MiniRaftClusterWithGrpcf8c2bef7/s2/273ca7b5-2e01-4778-befd-0e8c23deeb97/tmp/snapshot-9cc5b027-8808-4020-aa0d-caa405e7c05c
2023-02-21 19:18:09,043 [grpc-default-executor-0] INFO  storage.SnapshotManager (SnapshotManager.java:installSnapshot(89)) - Installing snapshot:s0->s2#0-t1,chunk:9cc5b027-8808-4020-aa0d-caa405e7c05c,6, to tmp dir:/home/runner/work/ratis/ratis/ratis-test/target/test/data/22feb97a/MiniRaftClusterWithGrpcf8c2bef7/s2/273ca7b5-2e01-4778-befd-0e8c23deeb97/tmp/snapshot-9cc5b027-8808-4020-aa0d-caa405e7c05c
2023-02-21 19:18:09,043 [grpc-default-executor-0] TRACE util.FileUtils (LogUtils.java:runAndLog(49)) - Successfully ran Files.createDirectories /home/runner/work/ratis/ratis/ratis-test/target/test/data/22feb97a/MiniRaftClusterWithGrpcf8c2bef7/s2/273ca7b5-2e01-4778-befd-0e8c23deeb97/tmp/snapshot-9cc5b027-8808-4020-aa0d-caa405e7c05c
2023-02-21 19:18:09,043 [grpc-default-executor-0] INFO  segmented.SegmentedRaftLogWorker (SegmentedRaftLogWorker.java:lambda$new$0(134)) - s2@group-0E8C23DEEB97-SegmentedRaftLogWorker: flushIndex: setUnconditionally 191 -> 191
2023-02-21 19:18:09,043 [grpc-default-executor-0] INFO  segmented.SegmentedRaftLogWorker (SegmentedRaftLogWorker.java:lambda$new$0(134)) - s2@group-0E8C23DEEB97-SegmentedRaftLogWorker: safeCacheEvictIndex: setUnconditionally 191 -> 191
2023-02-21 19:18:09,043 [grpc-default-executor-0] INFO  impl.SnapshotInstallationHandler (SnapshotInstallationHandler.java:installSnapshot(100)) - s2@group-0E8C23DEEB97: reply installSnapshot: s0<-s2#0:OK-t1,SUCCESS,requestIndex=6
2023-02-21 19:18:09,043 [grpc-default-executor-2] INFO  server.GrpcLogAppender (GrpcLogAppender.java:onNext(496)) - s0@group-0E8C23DEEB97->s2-InstallSnapshotResponseHandler: received a reply s0<-s2#0:OK-t1,SUCCESS,requestIndex=6
2023-02-21 19:18:09,044 [grpc-default-executor-2] INFO  server.GrpcLogAppender (GrpcLogAppender.java:onNext(509)) - s0@group-0E8C23DEEB97->s2-InstallSnapshotResponseHandler: Completed InstallSnapshot. Reply: serverReply {
  requestorId: "s0"
  replyId: "s2"
  raftGroupId {
    id: "\'<\247\265.\001Gx\276\375\016\214#\336\353\227"
  }
  success: true
}
term: 1
requestIndex: 6

2023-02-21 19:18:09,044 [grpc-default-executor-2] INFO  leader.FollowerInfo (FollowerInfoImpl.java:setAttemptedToInstallSnapshot(123)) - Follower s0@group-0E8C23DEEB97->s2 acknowledged installing snapshot
2023-02-21 19:18:09,044 [grpc-default-executor-0] INFO  impl.SnapshotInstallationHandler (SnapshotInstallationHandler.java:installSnapshot(89)) - s2@group-0E8C23DEEB97: receive installSnapshot: s0->s2#0-t1,chunk:9cc5b027-8808-4020-aa0d-caa405e7c05c,7
2023-02-21 19:18:09,044 [grpc-default-executor-0] TRACE util.FileUtils (LogUtils.java:runAndLog(49)) - Successfully ran Files.createDirectories /home/runner/work/ratis/ratis/ratis-test/target/test/data/22feb97a/MiniRaftClusterWithGrpcf8c2bef7/s2/273ca7b5-2e01-4778-befd-0e8c23deeb97/tmp/snapshot-9cc5b027-8808-4020-aa0d-caa405e7c05c
2023-02-21 19:18:09,044 [grpc-default-executor-0] INFO  storage.SnapshotManager (SnapshotManager.java:installSnapshot(89)) - Installing snapshot:s0->s2#0-t1,chunk:9cc5b027-8808-4020-aa0d-caa405e7c05c,7, to tmp dir:/home/runner/work/ratis/ratis/ratis-test/target/test/data/22feb97a/MiniRaftClusterWithGrpcf8c2bef7/s2/273ca7b5-2e01-4778-befd-0e8c23deeb97/tmp/snapshot-9cc5b027-8808-4020-aa0d-caa405e7c05c
2023-02-21 19:18:09,044 [grpc-default-executor-0] TRACE util.FileUtils (LogUtils.java:runAndLog(49)) - Successfully ran Files.createDirectories /home/runner/work/ratis/ratis/ratis-test/target/test/data/22feb97a/MiniRaftClusterWithGrpcf8c2bef7/s2/273ca7b5-2e01-4778-befd-0e8c23deeb97/tmp/snapshot-9cc5b027-8808-4020-aa0d-caa405e7c05c
2023-02-21 19:18:09,044 [grpc-default-executor-0] INFO  segmented.SegmentedRaftLogWorker (SegmentedRaftLogWorker.java:lambda$new$0(134)) - s2@group-0E8C23DEEB97-SegmentedRaftLogWorker: flushIndex: setUnconditionally 191 -> 191
2023-02-21 19:18:09,044 [grpc-default-executor-0] INFO  segmented.SegmentedRaftLogWorker (SegmentedRaftLogWorker.java:lambda$new$0(134)) - s2@group-0E8C23DEEB97-SegmentedRaftLogWorker: safeCacheEvictIndex: setUnconditionally 191 -> 191
2023-02-21 19:18:09,045 [grpc-default-executor-0] INFO  impl.SnapshotInstallationHandler (SnapshotInstallationHandler.java:installSnapshot(100)) - s2@group-0E8C23DEEB97: reply installSnapshot: s0<-s2#0:OK-t1,SUCCESS,requestIndex=7
2023-02-21 19:18:09,045 [grpc-default-executor-2] INFO  server.GrpcLogAppender (GrpcLogAppender.java:onNext(496)) - s0@group-0E8C23DEEB97->s2-InstallSnapshotResponseHandler: received a reply s0<-s2#0:OK-t1,SUCCESS,requestIndex=7
2023-02-21 19:18:09,045 [grpc-default-executor-2] INFO  server.GrpcLogAppender (GrpcLogAppender.java:onNext(509)) - s0@group-0E8C23DEEB97->s2-InstallSnapshotResponseHandler: Completed InstallSnapshot. Reply: serverReply {
  requestorId: "s0"
  replyId: "s2"
  raftGroupId {
    id: "\'<\247\265.\001Gx\276\375\016\214#\336\353\227"
  }
  success: true
}
term: 1
requestIndex: 7

2023-02-21 19:18:09,045 [grpc-default-executor-2] INFO  leader.FollowerInfo (FollowerInfoImpl.java:setAttemptedToInstallSnapshot(123)) - Follower s0@group-0E8C23DEEB97->s2 acknowledged installing snapshot
2023-02-21 19:18:09,045 [grpc-default-executor-0] INFO  impl.SnapshotInstallationHandler (SnapshotInstallationHandler.java:installSnapshot(89)) - s2@group-0E8C23DEEB97: receive installSnapshot: s0->s2#0-t1,chunk:9cc5b027-8808-4020-aa0d-caa405e7c05c,8
2023-02-21 19:18:09,045 [grpc-default-executor-0] TRACE util.FileUtils (LogUtils.java:runAndLog(49)) - Successfully ran Files.createDirectories /home/runner/work/ratis/ratis/ratis-test/target/test/data/22feb97a/MiniRaftClusterWithGrpcf8c2bef7/s2/273ca7b5-2e01-4778-befd-0e8c23deeb97/tmp/snapshot-9cc5b027-8808-4020-aa0d-caa405e7c05c
2023-02-21 19:18:09,046 [grpc-default-executor-0] INFO  storage.SnapshotManager (SnapshotManager.java:installSnapshot(89)) - Installing snapshot:s0->s2#0-t1,chunk:9cc5b027-8808-4020-aa0d-caa405e7c05c,8, to tmp dir:/home/runner/work/ratis/ratis/ratis-test/target/test/data/22feb97a/MiniRaftClusterWithGrpcf8c2bef7/s2/273ca7b5-2e01-4778-befd-0e8c23deeb97/tmp/snapshot-9cc5b027-8808-4020-aa0d-caa405e7c05c
2023-02-21 19:18:09,046 [grpc-default-executor-0] TRACE util.FileUtils (LogUtils.java:runAndLog(49)) - Successfully ran Files.createDirectories /home/runner/work/ratis/ratis/ratis-test/target/test/data/22feb97a/MiniRaftClusterWithGrpcf8c2bef7/s2/273ca7b5-2e01-4778-befd-0e8c23deeb97/tmp/snapshot-9cc5b027-8808-4020-aa0d-caa405e7c05c
2023-02-21 19:18:09,052 [grpc-default-executor-0] INFO  segmented.SegmentedRaftLogWorker (SegmentedRaftLogWorker.java:lambda$new$0(134)) - s2@group-0E8C23DEEB97-SegmentedRaftLogWorker: flushIndex: setUnconditionally 191 -> 191
2023-02-21 19:18:09,053 [grpc-default-executor-0] INFO  segmented.SegmentedRaftLogWorker (SegmentedRaftLogWorker.java:lambda$new$0(134)) - s2@group-0E8C23DEEB97-SegmentedRaftLogWorker: safeCacheEvictIndex: setUnconditionally 191 -> 191
2023-02-21 19:18:09,053 [grpc-default-executor-0] INFO  impl.SnapshotInstallationHandler (SnapshotInstallationHandler.java:installSnapshot(100)) - s2@group-0E8C23DEEB97: reply installSnapshot: s0<-s2#0:OK-t1,SUCCESS,requestIndex=8
2023-02-21 19:18:09,053 [grpc-default-executor-2] INFO  server.GrpcLogAppender (GrpcLogAppender.java:onNext(496)) - s0@group-0E8C23DEEB97->s2-InstallSnapshotResponseHandler: received a reply s0<-s2#0:OK-t1,SUCCESS,requestIndex=8
2023-02-21 19:18:09,053 [grpc-default-executor-0] INFO  impl.SnapshotInstallationHandler (SnapshotInstallationHandler.java:installSnapshot(89)) - s2@group-0E8C23DEEB97: receive installSnapshot: s0->s2#0-t1,chunk:9cc5b027-8808-4020-aa0d-caa405e7c05c,9
2023-02-21 19:18:09,053 [grpc-default-executor-2] INFO  server.GrpcLogAppender (GrpcLogAppender.java:onNext(509)) - s0@group-0E8C23DEEB97->s2-InstallSnapshotResponseHandler: Completed InstallSnapshot. Reply: serverReply {
  requestorId: "s0"
  replyId: "s2"
  raftGroupId {
    id: "\'<\247\265.\001Gx\276\375\016\214#\336\353\227"
  }
  success: true
}
term: 1
requestIndex: 8

2023-02-21 19:18:09,053 [grpc-default-executor-2] INFO  leader.FollowerInfo (FollowerInfoImpl.java:setAttemptedToInstallSnapshot(123)) - Follower s0@group-0E8C23DEEB97->s2 acknowledged installing snapshot
2023-02-21 19:18:09,053 [grpc-default-executor-0] TRACE util.FileUtils (LogUtils.java:runAndLog(49)) - Successfully ran Files.createDirectories /home/runner/work/ratis/ratis/ratis-test/target/test/data/22feb97a/MiniRaftClusterWithGrpcf8c2bef7/s2/273ca7b5-2e01-4778-befd-0e8c23deeb97/tmp/snapshot-9cc5b027-8808-4020-aa0d-caa405e7c05c
2023-02-21 19:18:09,054 [grpc-default-executor-0] INFO  storage.SnapshotManager (SnapshotManager.java:installSnapshot(89)) - Installing snapshot:s0->s2#0-t1,chunk:9cc5b027-8808-4020-aa0d-caa405e7c05c,9, to tmp dir:/home/runner/work/ratis/ratis/ratis-test/target/test/data/22feb97a/MiniRaftClusterWithGrpcf8c2bef7/s2/273ca7b5-2e01-4778-befd-0e8c23deeb97/tmp/snapshot-9cc5b027-8808-4020-aa0d-caa405e7c05c
2023-02-21 19:18:09,054 [grpc-default-executor-0] TRACE util.FileUtils (LogUtils.java:runAndLog(49)) - Successfully ran Files.createDirectories /home/runner/work/ratis/ratis/ratis-test/target/test/data/22feb97a/MiniRaftClusterWithGrpcf8c2bef7/s2/273ca7b5-2e01-4778-befd-0e8c23deeb97/tmp/snapshot-9cc5b027-8808-4020-aa0d-caa405e7c05c
2023-02-21 19:18:09,054 [grpc-default-executor-0] INFO  segmented.SegmentedRaftLogWorker (SegmentedRaftLogWorker.java:lambda$new$0(134)) - s2@group-0E8C23DEEB97-SegmentedRaftLogWorker: flushIndex: setUnconditionally 191 -> 191
2023-02-21 19:18:09,054 [grpc-default-executor-0] INFO  segmented.SegmentedRaftLogWorker (SegmentedRaftLogWorker.java:lambda$new$0(134)) - s2@group-0E8C23DEEB97-SegmentedRaftLogWorker: safeCacheEvictIndex: setUnconditionally 191 -> 191
2023-02-21 19:18:09,054 [grpc-default-executor-0] INFO  impl.SnapshotInstallationHandler (SnapshotInstallationHandler.java:installSnapshot(100)) - s2@group-0E8C23DEEB97: reply installSnapshot: s0<-s2#0:OK-t1,SUCCESS,requestIndex=9
2023-02-21 19:18:09,054 [grpc-default-executor-2] INFO  server.GrpcLogAppender (GrpcLogAppender.java:onNext(496)) - s0@group-0E8C23DEEB97->s2-InstallSnapshotResponseHandler: received a reply s0<-s2#0:OK-t1,SUCCESS,requestIndex=9
2023-02-21 19:18:09,054 [grpc-default-executor-0] INFO  impl.SnapshotInstallationHandler (SnapshotInstallationHandler.java:installSnapshot(89)) - s2@group-0E8C23DEEB97: receive installSnapshot: s0->s2#0-t1,chunk:9cc5b027-8808-4020-aa0d-caa405e7c05c,10
2023-02-21 19:18:09,054 [grpc-default-executor-2] INFO  server.GrpcLogAppender (GrpcLogAppender.java:onNext(509)) - s0@group-0E8C23DEEB97->s2-InstallSnapshotResponseHandler: Completed InstallSnapshot. Reply: serverReply {
  requestorId: "s0"
  replyId: "s2"
  raftGroupId {
    id: "\'<\247\265.\001Gx\276\375\016\214#\336\353\227"
  }
  success: true
}
term: 1
requestIndex: 9

2023-02-21 19:18:09,055 [grpc-default-executor-2] INFO  leader.FollowerInfo (FollowerInfoImpl.java:setAttemptedToInstallSnapshot(123)) - Follower s0@group-0E8C23DEEB97->s2 acknowledged installing snapshot
2023-02-21 19:18:09,055 [grpc-default-executor-0] TRACE util.FileUtils (LogUtils.java:runAndLog(49)) - Successfully ran Files.createDirectories /home/runner/work/ratis/ratis/ratis-test/target/test/data/22feb97a/MiniRaftClusterWithGrpcf8c2bef7/s2/273ca7b5-2e01-4778-befd-0e8c23deeb97/tmp/snapshot-9cc5b027-8808-4020-aa0d-caa405e7c05c
2023-02-21 19:18:09,055 [grpc-default-executor-0] INFO  storage.SnapshotManager (SnapshotManager.java:installSnapshot(89)) - Installing snapshot:s0->s2#0-t1,chunk:9cc5b027-8808-4020-aa0d-caa405e7c05c,10, to tmp dir:/home/runner/work/ratis/ratis/ratis-test/target/test/data/22feb97a/MiniRaftClusterWithGrpcf8c2bef7/s2/273ca7b5-2e01-4778-befd-0e8c23deeb97/tmp/snapshot-9cc5b027-8808-4020-aa0d-caa405e7c05c
2023-02-21 19:18:09,055 [grpc-default-executor-0] TRACE util.FileUtils (LogUtils.java:runAndLog(49)) - Successfully ran Files.createDirectories /home/runner/work/ratis/ratis/ratis-test/target/test/data/22feb97a/MiniRaftClusterWithGrpcf8c2bef7/s2/273ca7b5-2e01-4778-befd-0e8c23deeb97/tmp/snapshot-9cc5b027-8808-4020-aa0d-caa405e7c05c
2023-02-21 19:18:09,057 [grpc-default-executor-1] WARN  server.GrpcLogAppender (LogUtils.java:warn(124)) - s0@group-0E8C23DEEB97->s1-InstallSnapshotResponseHandler: Failed InstallSnapshot
org.apache.ratis.io.CorruptedFileException: File /home/runner/work/ratis/ratis/ratis-test/target/test/data/22feb97a/MiniRaftClusterWithGrpcf8c2bef7/s1/273ca7b5-2e01-4778-befd-0e8c23deeb97/tmp/snapshot-c68ddfd8-cd19-46b0-98e8-0a94210d4719/snapshot/sub/2.bin (exist? false, length=0) is corrupted: MD5 mismatch for snapshot-191 installation.  Renamed temporary snapshot file /home/runner/work/ratis/ratis/ratis-test/target/test/data/22feb97a/MiniRaftClusterWithGrpcf8c2bef7/s1/273ca7b5-2e01-4778-befd-0e8c23deeb97/tmp/snapshot-c68ddfd8-cd19-46b0-98e8-0a94210d4719/snapshot/sub/2.bin to /home/runner/work/ratis/ratis/ratis-test/target/test/data/22feb97a/MiniRaftClusterWithGrpcf8c2bef7/s1/273ca7b5-2e01-4778-befd-0e8c23deeb97/tmp/snapshot-c68ddfd8-cd19-46b0-98e8-0a94210d4719/snapshot/sub/2.bin.corrupt20230221-191809_022
	at org.apache.ratis.server.storage.SnapshotManager.installSnapshot(SnapshotManager.java:153)
	at org.apache.ratis.server.impl.ServerState.installSnapshot(ServerState.java:444)
	at org.apache.ratis.server.impl.SnapshotInstallationHandler.checkAndInstallSnapshot(SnapshotInstallationHandler.java:181)
	at org.apache.ratis.server.impl.SnapshotInstallationHandler.installSnapshotImpl(SnapshotInstallationHandler.java:120)
	at org.apache.ratis.server.impl.SnapshotInstallationHandler.installSnapshot(SnapshotInstallationHandler.java:94)
	at org.apache.ratis.server.impl.RaftServerImpl.installSnapshot(RaftServerImpl.java:1618)
	at org.apache.ratis.server.impl.RaftServerProxy.installSnapshot(RaftServerProxy.java:651)
	at org.apache.ratis.grpc.server.GrpcServerProtocolService$2.process(GrpcServerProtocolService.java:256)
	at org.apache.ratis.grpc.server.GrpcServerProtocolService$2.process(GrpcServerProtocolService.java:253)
	at org.apache.ratis.grpc.server.GrpcServerProtocolService$ServerRequestStreamObserver.onNext(GrpcServerProtocolService.java:124)
	at org.apache.ratis.thirdparty.io.grpc.stub.ServerCalls$StreamingServerCallHandler$StreamingServerCallListener.onMessage(ServerCalls.java:262)
	at org.apache.ratis.thirdparty.io.grpc.ForwardingServerCallListener.onMessage(ForwardingServerCallListener.java:33)
	at org.apache.ratis.thirdparty.io.grpc.internal.ServerCallImpl$ServerStreamListenerImpl.messagesAvailableInternal(ServerCallImpl.java:332)
	at org.apache.ratis.thirdparty.io.grpc.internal.ServerCallImpl$ServerStreamListenerImpl.messagesAvailable(ServerCallImpl.java:315)
	at org.apache.ratis.thirdparty.io.grpc.internal.ServerImpl$JumpToApplicationThreadServerStreamListener$1MessagesAvailable.runInContext(ServerImpl.java:834)
	at org.apache.ratis.thirdparty.io.grpc.internal.ContextRunnable.run(ContextRunnable.java:37)
	at org.apache.ratis.thirdparty.io.grpc.internal.SerializingExecutor.run(SerializingExecutor.java:133)
	at java.base/java.util.concurrent.ThreadPoolExecutor.runWorker(ThreadPoolExecutor.java:1128)
	at java.base/java.util.concurrent.ThreadPoolExecutor$Worker.run(ThreadPoolExecutor.java:628)
	at java.base/java.lang.Thread.run(Thread.java:829)
2023-02-21 19:18:09,057 [grpc-default-executor-1] INFO  leader.FollowerInfo (FollowerInfoImpl.java:lambda$new$0(52)) - s0@group-0E8C23DEEB97->s1: nextIndex: updateUnconditionally 0 -> 0
2023-02-21 19:18:09,064 [grpc-default-executor-0] INFO  storage.SnapshotManager (SnapshotManager.java:rename(167)) - Installed snapshot, renaming temporary dir /home/runner/work/ratis/ratis/ratis-test/target/test/data/22feb97a/MiniRaftClusterWithGrpcf8c2bef7/s2/273ca7b5-2e01-4778-befd-0e8c23deeb97/tmp/snapshot-9cc5b027-8808-4020-aa0d-caa405e7c05c to /home/runner/work/ratis/ratis/ratis-test/target/test/data/22feb97a/MiniRaftClusterWithGrpcf8c2bef7/s2/273ca7b5-2e01-4778-befd-0e8c23deeb97/sm
2023-02-21 19:18:09,064 [grpc-default-executor-0] TRACE util.FileUtils (LogUtils.java:runAndLog(49)) - Successfully ran Atomic Files.move /home/runner/work/ratis/ratis/ratis-test/target/test/data/22feb97a/MiniRaftClusterWithGrpcf8c2bef7/s2/273ca7b5-2e01-4778-befd-0e8c23deeb97/sm to /home/runner/work/ratis/ratis/ratis-test/target/test/data/22feb97a/MiniRaftClusterWithGrpcf8c2bef7/s2/273ca7b5-2e01-4778-befd-0e8c23deeb97/sm.tmp20230221-191809_064
2023-02-21 19:18:09,064 [grpc-default-executor-0] TRACE util.FileUtils (LogUtils.java:runAndLog(49)) - Successfully ran Atomic Files.move /home/runner/work/ratis/ratis/ratis-test/target/test/data/22feb97a/MiniRaftClusterWithGrpcf8c2bef7/s2/273ca7b5-2e01-4778-befd-0e8c23deeb97/tmp/snapshot-9cc5b027-8808-4020-aa0d-caa405e7c05c to /home/runner/work/ratis/ratis/ratis-test/target/test/data/22feb97a/MiniRaftClusterWithGrpcf8c2bef7/s2/273ca7b5-2e01-4778-befd-0e8c23deeb97/sm
2023-02-21 19:18:09,064 [grpc-default-executor-0] TRACE util.FileUtils (FileUtils.java:deleteFully(201)) - deleteFully /home/runner/work/ratis/ratis/ratis-test/target/test/data/22feb97a/MiniRaftClusterWithGrpcf8c2bef7/s2/273ca7b5-2e01-4778-befd-0e8c23deeb97/sm.tmp20230221-191809_064
2023-02-21 19:18:09,064 [grpc-default-executor-0] TRACE util.FileUtils (LogUtils.java:runAndLog(49)) - Successfully ran Files.delete /home/runner/work/ratis/ratis/ratis-test/target/test/data/22feb97a/MiniRaftClusterWithGrpcf8c2bef7/s2/273ca7b5-2e01-4778-befd-0e8c23deeb97/sm.tmp20230221-191809_064
2023-02-21 19:18:09,065 [grpc-default-executor-0] INFO  segmented.SegmentedRaftLogWorker (SegmentedRaftLogWorker.java:lambda$new$0(134)) - s2@group-0E8C23DEEB97-SegmentedRaftLogWorker: flushIndex: setUnconditionally 191 -> 191
2023-02-21 19:18:09,065 [grpc-default-executor-0] INFO  segmented.SegmentedRaftLogWorker (SegmentedRaftLogWorker.java:lambda$new$0(134)) - s2@group-0E8C23DEEB97-SegmentedRaftLogWorker: safeCacheEvictIndex: setUnconditionally 191 -> 191
2023-02-21 19:18:09,065 [grpc-default-executor-0] INFO  raftlog.RaftLog (RaftLogBase.java:lambda$new$0(53)) - s2@group-0E8C23DEEB97-SegmentedRaftLog: snapshotIndex: updateIncreasingly -1 -> 191
2023-02-21 19:18:09,065 [s2@group-0E8C23DEEB97-StateMachineUpdater] INFO  impl.SimpleStateMachine4Testing (SimpleStateMachine4Testing.java:reinitialize(236)) - Reinitializing StateMachineWithMultiNestedSnapshotFile:s2:group-0E8C23DEEB97
2023-02-21 19:18:09,065 [s2@group-0E8C23DEEB97-StateMachineUpdater] INFO  impl.SimpleStateMachine4Testing (SimpleStateMachine4Testing.java:loadSnapshot(293)) - Loading snapshot SingleFileSnapshotInfo(t:1, i:191):[/home/runner/work/ratis/ratis/ratis-test/target/test/data/22feb97a/MiniRaftClusterWithGrpcf8c2bef7/s2/273ca7b5-2e01-4778-befd-0e8c23deeb97/sm/snapshot.1_191]
2023-02-21 19:18:09,071 [s2@group-0E8C23DEEB97-StateMachineUpdater] INFO  impl.SimpleStateMachine4Testing (SimpleStateMachine4Testing.java:put(205)) - s2: put 1, m0 -> (t:1, i:1), STATEMACHINELOGENTRY, 258@client-8819E1E2BDFE
2023-02-21 19:18:09,071 [s2@group-0E8C23DEEB97-StateMachineUpdater] INFO  impl.SimpleStateMachine4Testing (SimpleStateMachine4Testing.java:put(205)) - s2: put 3, m1 -> (t:1, i:3), STATEMACHINELOGENTRY, 259@client-8819E1E2BDFE
2023-02-21 19:18:09,071 [s2@group-0E8C23DEEB97-StateMachineUpdater] INFO  impl.SimpleStateMachine4Testing (SimpleStateMachine4Testing.java:put(205)) - s2: put 5, m2 -> (t:1, i:5), STATEMACHINELOGENTRY, 260@client-8819E1E2BDFE
2023-02-21 19:18:09,071 [s2@group-0E8C23DEEB97-StateMachineUpdater] INFO  impl.SimpleStateMachine4Testing (SimpleStateMachine4Testing.java:put(205)) - s2: put 7, m3 -> (t:1, i:7), STATEMACHINELOGENTRY, 261@client-8819E1E2BDFE
2023-02-21 19:18:09,072 [s2@group-0E8C23DEEB97-StateMachineUpdater] INFO  impl.SimpleStateMachine4Testing (SimpleStateMachine4Testing.java:put(205)) - s2: put 9, m4 -> (t:1, i:9), STATEMACHINELOGENTRY, 262@client-8819E1E2BDFE
2023-02-21 19:18:09,084 [s2@group-0E8C23DEEB97-StateMachineUpdater] INFO  impl.SimpleStateMachine4Testing (SimpleStateMachine4Testing.java:put(205)) - s2: put 11, m5 -> (t:1, i:11), STATEMACHINELOGENTRY, 263@client-8819E1E2BDFE
2023-02-21 19:18:09,084 [s2@group-0E8C23DEEB97-StateMachineUpdater] INFO  impl.SimpleStateMachine4Testing (SimpleStateMachine4Testing.java:put(205)) - s2: put 13, m6 -> (t:1, i:13), STATEMACHINELOGENTRY, 264@client-8819E1E2BDFE
2023-02-21 19:18:09,084 [s2@group-0E8C23DEEB97-StateMachineUpdater] INFO  impl.SimpleStateMachine4Testing (SimpleStateMachine4Testing.java:put(205)) - s2: put 15, m7 -> (t:1, i:15), STATEMACHINELOGENTRY, 265@client-8819E1E2BDFE
2023-02-21 19:18:09,084 [s2@group-0E8C23DEEB97-StateMachineUpdater] INFO  impl.SimpleStateMachine4Testing (SimpleStateMachine4Testing.java:put(205)) - s2: put 17, m8 -> (t:1, i:17), STATEMACHINELOGENTRY, 266@client-8819E1E2BDFE
2023-02-21 19:18:09,084 [s2@group-0E8C23DEEB97-StateMachineUpdater] INFO  impl.SimpleStateMachine4Testing (SimpleStateMachine4Testing.java:put(205)) - s2: put 19, m9 -> (t:1, i:19), STATEMACHINELOGENTRY, 267@client-8819E1E2BDFE
2023-02-21 19:18:09,084 [s2@group-0E8C23DEEB97-StateMachineUpdater] INFO  impl.SimpleStateMachine4Testing (SimpleStateMachine4Testing.java:put(205)) - s2: put 21, m10 -> (t:1, i:21), STATEMACHINELOGENTRY, 268@client-8819E1E2BDFE
2023-02-21 19:18:09,084 [s2@group-0E8C23DEEB97-StateMachineUpdater] INFO  impl.SimpleStateMachine4Testing (SimpleStateMachine4Testing.java:put(205)) - s2: put 23, m11 -> (t:1, i:23), STATEMACHINELOGENTRY, 269@client-8819E1E2BDFE
2023-02-21 19:18:09,084 [s2@group-0E8C23DEEB97-StateMachineUpdater] INFO  impl.SimpleStateMachine4Testing (SimpleStateMachine4Testing.java:put(205)) - s2: put 25, m12 -> (t:1, i:25), STATEMACHINELOGENTRY, 270@client-8819E1E2BDFE
2023-02-21 19:18:09,084 [s2@group-0E8C23DEEB97-StateMachineUpdater] INFO  impl.SimpleStateMachine4Testing (SimpleStateMachine4Testing.java:put(205)) - s2: put 27, m13 -> (t:1, i:27), STATEMACHINELOGENTRY, 271@client-8819E1E2BDFE
2023-02-21 19:18:09,084 [s2@group-0E8C23DEEB97-StateMachineUpdater] INFO  impl.SimpleStateMachine4Testing (SimpleStateMachine4Testing.java:put(205)) - s2: put 29, m14 -> (t:1, i:29), STATEMACHINELOGENTRY, 272@client-8819E1E2BDFE
2023-02-21 19:18:09,085 [s2@group-0E8C23DEEB97-StateMachineUpdater] INFO  impl.SimpleStateMachine4Testing (SimpleStateMachine4Testing.java:put(205)) - s2: put 31, m15 -> (t:1, i:31), STATEMACHINELOGENTRY, 273@client-8819E1E2BDFE
2023-02-21 19:18:09,085 [s2@group-0E8C23DEEB97-StateMachineUpdater] INFO  impl.SimpleStateMachine4Testing (SimpleStateMachine4Testing.java:put(205)) - s2: put 33, m16 -> (t:1, i:33), STATEMACHINELOGENTRY, 274@client-8819E1E2BDFE
2023-02-21 19:18:09,085 [s2@group-0E8C23DEEB97-StateMachineUpdater] INFO  impl.SimpleStateMachine4Testing (SimpleStateMachine4Testing.java:put(205)) - s2: put 35, m17 -> (t:1, i:35), STATEMACHINELOGENTRY, 275@client-8819E1E2BDFE
2023-02-21 19:18:09,085 [s2@group-0E8C23DEEB97-StateMachineUpdater] INFO  impl.SimpleStateMachine4Testing (SimpleStateMachine4Testing.java:put(205)) - s2: put 37, m18 -> (t:1, i:37), STATEMACHINELOGENTRY, 276@client-8819E1E2BDFE
2023-02-21 19:18:09,085 [s2@group-0E8C23DEEB97-StateMachineUpdater] INFO  impl.SimpleStateMachine4Testing (SimpleStateMachine4Testing.java:put(205)) - s2: put 39, m19 -> (t:1, i:39), STATEMACHINELOGENTRY, 277@client-8819E1E2BDFE
2023-02-21 19:18:09,085 [s2@group-0E8C23DEEB97-StateMachineUpdater] INFO  impl.SimpleStateMachine4Testing (SimpleStateMachine4Testing.java:put(205)) - s2: put 41, m20 -> (t:1, i:41), STATEMACHINELOGENTRY, 278@client-8819E1E2BDFE
2023-02-21 19:18:09,085 [s2@group-0E8C23DEEB97-StateMachineUpdater] INFO  impl.SimpleStateMachine4Testing (SimpleStateMachine4Testing.java:put(205)) - s2: put 43, m21 -> (t:1, i:43), STATEMACHINELOGENTRY, 279@client-8819E1E2BDFE
2023-02-21 19:18:09,085 [s2@group-0E8C23DEEB97-StateMachineUpdater] INFO  impl.SimpleStateMachine4Testing (SimpleStateMachine4Testing.java:put(205)) - s2: put 45, m22 -> (t:1, i:45), STATEMACHINELOGENTRY, 280@client-8819E1E2BDFE
2023-02-21 19:18:09,085 [s2@group-0E8C23DEEB97-StateMachineUpdater] INFO  impl.SimpleStateMachine4Testing (SimpleStateMachine4Testing.java:put(205)) - s2: put 47, m23 -> (t:1, i:47), STATEMACHINELOGENTRY, 281@client-8819E1E2BDFE
2023-02-21 19:18:09,085 [s2@group-0E8C23DEEB97-StateMachineUpdater] INFO  impl.SimpleStateMachine4Testing (SimpleStateMachine4Testing.java:put(205)) - s2: put 49, m24 -> (t:1, i:49), STATEMACHINELOGENTRY, 282@client-8819E1E2BDFE
2023-02-21 19:18:09,085 [s2@group-0E8C23DEEB97-StateMachineUpdater] INFO  impl.SimpleStateMachine4Testing (SimpleStateMachine4Testing.java:put(205)) - s2: put 51, m25 -> (t:1, i:51), STATEMACHINELOGENTRY, 283@client-8819E1E2BDFE
2023-02-21 19:18:09,085 [s2@group-0E8C23DEEB97-StateMachineUpdater] INFO  impl.SimpleStateMachine4Testing (SimpleStateMachine4Testing.java:put(205)) - s2: put 53, m26 -> (t:1, i:53), STATEMACHINELOGENTRY, 284@client-8819E1E2BDFE
2023-02-21 19:18:09,085 [s2@group-0E8C23DEEB97-StateMachineUpdater] INFO  impl.SimpleStateMachine4Testing (SimpleStateMachine4Testing.java:put(205)) - s2: put 55, m27 -> (t:1, i:55), STATEMACHINELOGENTRY, 285@client-8819E1E2BDFE
2023-02-21 19:18:09,085 [s2@group-0E8C23DEEB97-StateMachineUpdater] INFO  impl.SimpleStateMachine4Testing (SimpleStateMachine4Testing.java:put(205)) - s2: put 57, m28 -> (t:1, i:57), STATEMACHINELOGENTRY, 286@client-8819E1E2BDFE
2023-02-21 19:18:09,085 [s2@group-0E8C23DEEB97-StateMachineUpdater] INFO  impl.SimpleStateMachine4Testing (SimpleStateMachine4Testing.java:put(205)) - s2: put 59, m29 -> (t:1, i:59), STATEMACHINELOGENTRY, 287@client-8819E1E2BDFE
2023-02-21 19:18:09,085 [s2@group-0E8C23DEEB97-StateMachineUpdater] INFO  impl.SimpleStateMachine4Testing (SimpleStateMachine4Testing.java:put(205)) - s2: put 61, m30 -> (t:1, i:61), STATEMACHINELOGENTRY, 288@client-8819E1E2BDFE
2023-02-21 19:18:09,085 [s2@group-0E8C23DEEB97-StateMachineUpdater] INFO  impl.SimpleStateMachine4Testing (SimpleStateMachine4Testing.java:put(205)) - s2: put 63, m31 -> (t:1, i:63), STATEMACHINELOGENTRY, 289@client-8819E1E2BDFE
2023-02-21 19:18:09,085 [s2@group-0E8C23DEEB97-StateMachineUpdater] INFO  impl.SimpleStateMachine4Testing (SimpleStateMachine4Testing.java:put(205)) - s2: put 65, m32 -> (t:1, i:65), STATEMACHINELOGENTRY, 290@client-8819E1E2BDFE
2023-02-21 19:18:09,085 [s2@group-0E8C23DEEB97-StateMachineUpdater] INFO  impl.SimpleStateMachine4Testing (SimpleStateMachine4Testing.java:put(205)) - s2: put 67, m33 -> (t:1, i:67), STATEMACHINELOGENTRY, 291@client-8819E1E2BDFE
2023-02-21 19:18:09,085 [s2@group-0E8C23DEEB97-StateMachineUpdater] INFO  impl.SimpleStateMachine4Testing (SimpleStateMachine4Testing.java:put(205)) - s2: put 69, m34 -> (t:1, i:69), STATEMACHINELOGENTRY, 292@client-8819E1E2BDFE
2023-02-21 19:18:09,085 [s2@group-0E8C23DEEB97-StateMachineUpdater] INFO  impl.SimpleStateMachine4Testing (SimpleStateMachine4Testing.java:put(205)) - s2: put 71, m35 -> (t:1, i:71), STATEMACHINELOGENTRY, 293@client-8819E1E2BDFE
2023-02-21 19:18:09,085 [s2@group-0E8C23DEEB97-StateMachineUpdater] INFO  impl.SimpleStateMachine4Testing (SimpleStateMachine4Testing.java:put(205)) - s2: put 73, m36 -> (t:1, i:73), STATEMACHINELOGENTRY, 294@client-8819E1E2BDFE
2023-02-21 19:18:09,085 [s2@group-0E8C23DEEB97-StateMachineUpdater] INFO  impl.SimpleStateMachine4Testing (SimpleStateMachine4Testing.java:put(205)) - s2: put 75, m37 -> (t:1, i:75), STATEMACHINELOGENTRY, 295@client-8819E1E2BDFE
2023-02-21 19:18:09,085 [s2@group-0E8C23DEEB97-StateMachineUpdater] INFO  impl.SimpleStateMachine4Testing (SimpleStateMachine4Testing.java:put(205)) - s2: put 77, m38 -> (t:1, i:77), STATEMACHINELOGENTRY, 296@client-8819E1E2BDFE
2023-02-21 19:18:09,086 [s2@group-0E8C23DEEB97-StateMachineUpdater] INFO  impl.SimpleStateMachine4Testing (SimpleStateMachine4Testing.java:put(205)) - s2: put 79, m39 -> (t:1, i:79), STATEMACHINELOGENTRY, 297@client-8819E1E2BDFE
2023-02-21 19:18:09,086 [s2@group-0E8C23DEEB97-StateMachineUpdater] INFO  impl.SimpleStateMachine4Testing (SimpleStateMachine4Testing.java:put(205)) - s2: put 81, m40 -> (t:1, i:81), STATEMACHINELOGENTRY, 298@client-8819E1E2BDFE
2023-02-21 19:18:09,086 [s2@group-0E8C23DEEB97-StateMachineUpdater] INFO  impl.SimpleStateMachine4Testing (SimpleStateMachine4Testing.java:put(205)) - s2: put 83, m41 -> (t:1, i:83), STATEMACHINELOGENTRY, 299@client-8819E1E2BDFE
2023-02-21 19:18:09,086 [s2@group-0E8C23DEEB97-StateMachineUpdater] INFO  impl.SimpleStateMachine4Testing (SimpleStateMachine4Testing.java:put(205)) - s2: put 85, m42 -> (t:1, i:85), STATEMACHINELOGENTRY, 300@client-8819E1E2BDFE
2023-02-21 19:18:09,086 [s2@group-0E8C23DEEB97-StateMachineUpdater] INFO  impl.SimpleStateMachine4Testing (SimpleStateMachine4Testing.java:put(205)) - s2: put 87, m43 -> (t:1, i:87), STATEMACHINELOGENTRY, 301@client-8819E1E2BDFE
2023-02-21 19:18:09,086 [s2@group-0E8C23DEEB97-StateMachineUpdater] INFO  impl.SimpleStateMachine4Testing (SimpleStateMachine4Testing.java:put(205)) - s2: put 89, m44 -> (t:1, i:89), STATEMACHINELOGENTRY, 302@client-8819E1E2BDFE
2023-02-21 19:18:09,086 [s2@group-0E8C23DEEB97-StateMachineUpdater] INFO  impl.SimpleStateMachine4Testing (SimpleStateMachine4Testing.java:put(205)) - s2: put 91, m45 -> (t:1, i:91), STATEMACHINELOGENTRY, 303@client-8819E1E2BDFE
2023-02-21 19:18:09,086 [s2@group-0E8C23DEEB97-StateMachineUpdater] INFO  impl.SimpleStateMachine4Testing (SimpleStateMachine4Testing.java:put(205)) - s2: put 93, m46 -> (t:1, i:93), STATEMACHINELOGENTRY, 304@client-8819E1E2BDFE
2023-02-21 19:18:09,086 [s2@group-0E8C23DEEB97-StateMachineUpdater] INFO  impl.SimpleStateMachine4Testing (SimpleStateMachine4Testing.java:put(205)) - s2: put 95, m47 -> (t:1, i:95), STATEMACHINELOGENTRY, 305@client-8819E1E2BDFE
2023-02-21 19:18:09,086 [s2@group-0E8C23DEEB97-StateMachineUpdater] INFO  impl.SimpleStateMachine4Testing (SimpleStateMachine4Testing.java:put(205)) - s2: put 97, m48 -> (t:1, i:97), STATEMACHINELOGENTRY, 306@client-8819E1E2BDFE
2023-02-21 19:18:09,086 [s2@group-0E8C23DEEB97-StateMachineUpdater] INFO  impl.SimpleStateMachine4Testing (SimpleStateMachine4Testing.java:put(205)) - s2: put 99, m49 -> (t:1, i:99), STATEMACHINELOGENTRY, 307@client-8819E1E2BDFE
2023-02-21 19:18:09,086 [s2@group-0E8C23DEEB97-StateMachineUpdater] INFO  impl.SimpleStateMachine4Testing (SimpleStateMachine4Testing.java:put(205)) - s2: put 101, m50 -> (t:1, i:101), STATEMACHINELOGENTRY, 308@client-8819E1E2BDFE
2023-02-21 19:18:09,086 [s2@group-0E8C23DEEB97-StateMachineUpdater] INFO  impl.SimpleStateMachine4Testing (SimpleStateMachine4Testing.java:put(205)) - s2: put 103, m51 -> (t:1, i:103), STATEMACHINELOGENTRY, 309@client-8819E1E2BDFE
2023-02-21 19:18:09,086 [s2@group-0E8C23DEEB97-StateMachineUpdater] INFO  impl.SimpleStateMachine4Testing (SimpleStateMachine4Testing.java:put(205)) - s2: put 105, m52 -> (t:1, i:105), STATEMACHINELOGENTRY, 310@client-8819E1E2BDFE
2023-02-21 19:18:09,086 [s2@group-0E8C23DEEB97-StateMachineUpdater] INFO  impl.SimpleStateMachine4Testing (SimpleStateMachine4Testing.java:put(205)) - s2: put 107, m53 -> (t:1, i:107), STATEMACHINELOGENTRY, 311@client-8819E1E2BDFE
2023-02-21 19:18:09,086 [s2@group-0E8C23DEEB97-StateMachineUpdater] INFO  impl.SimpleStateMachine4Testing (SimpleStateMachine4Testing.java:put(205)) - s2: put 109, m54 -> (t:1, i:109), STATEMACHINELOGENTRY, 312@client-8819E1E2BDFE
2023-02-21 19:18:09,086 [s2@group-0E8C23DEEB97-StateMachineUpdater] INFO  impl.SimpleStateMachine4Testing (SimpleStateMachine4Testing.java:put(205)) - s2: put 111, m55 -> (t:1, i:111), STATEMACHINELOGENTRY, 313@client-8819E1E2BDFE
2023-02-21 19:18:09,086 [s2@group-0E8C23DEEB97-StateMachineUpdater] INFO  impl.SimpleStateMachine4Testing (SimpleStateMachine4Testing.java:put(205)) - s2: put 113, m56 -> (t:1, i:113), STATEMACHINELOGENTRY, 314@client-8819E1E2BDFE
2023-02-21 19:18:09,086 [s2@group-0E8C23DEEB97-StateMachineUpdater] INFO  impl.SimpleStateMachine4Testing (SimpleStateMachine4Testing.java:put(205)) - s2: put 115, m57 -> (t:1, i:115), STATEMACHINELOGENTRY, 315@client-8819E1E2BDFE
2023-02-21 19:18:09,086 [s2@group-0E8C23DEEB97-StateMachineUpdater] INFO  impl.SimpleStateMachine4Testing (SimpleStateMachine4Testing.java:put(205)) - s2: put 117, m58 -> (t:1, i:117), STATEMACHINELOGENTRY, 316@client-8819E1E2BDFE
2023-02-21 19:18:09,086 [s2@group-0E8C23DEEB97-StateMachineUpdater] INFO  impl.SimpleStateMachine4Testing (SimpleStateMachine4Testing.java:put(205)) - s2: put 119, m59 -> (t:1, i:119), STATEMACHINELOGENTRY, 317@client-8819E1E2BDFE
2023-02-21 19:18:09,086 [s2@group-0E8C23DEEB97-StateMachineUpdater] INFO  impl.SimpleStateMachine4Testing (SimpleStateMachine4Testing.java:put(205)) - s2: put 121, m60 -> (t:1, i:121), STATEMACHINELOGENTRY, 318@client-8819E1E2BDFE
2023-02-21 19:18:09,086 [s2@group-0E8C23DEEB97-StateMachineUpdater] INFO  impl.SimpleStateMachine4Testing (SimpleStateMachine4Testing.java:put(205)) - s2: put 123, m61 -> (t:1, i:123), STATEMACHINELOGENTRY, 319@client-8819E1E2BDFE
2023-02-21 19:18:09,086 [s2@group-0E8C23DEEB97-StateMachineUpdater] INFO  impl.SimpleStateMachine4Testing (SimpleStateMachine4Testing.java:put(205)) - s2: put 125, m62 -> (t:1, i:125), STATEMACHINELOGENTRY, 320@client-8819E1E2BDFE
2023-02-21 19:18:09,086 [s2@group-0E8C23DEEB97-StateMachineUpdater] INFO  impl.SimpleStateMachine4Testing (SimpleStateMachine4Testing.java:put(205)) - s2: put 127, m63 -> (t:1, i:127), STATEMACHINELOGENTRY, 321@client-8819E1E2BDFE
2023-02-21 19:18:09,086 [s2@group-0E8C23DEEB97-StateMachineUpdater] INFO  impl.SimpleStateMachine4Testing (SimpleStateMachine4Testing.java:put(205)) - s2: put 129, m64 -> (t:1, i:129), STATEMACHINELOGENTRY, 322@client-8819E1E2BDFE
2023-02-21 19:18:09,086 [s2@group-0E8C23DEEB97-StateMachineUpdater] INFO  impl.SimpleStateMachine4Testing (SimpleStateMachine4Testing.java:put(205)) - s2: put 131, m65 -> (t:1, i:131), STATEMACHINELOGENTRY, 323@client-8819E1E2BDFE
2023-02-21 19:18:09,087 [s2@group-0E8C23DEEB97-StateMachineUpdater] INFO  impl.SimpleStateMachine4Testing (SimpleStateMachine4Testing.java:put(205)) - s2: put 133, m66 -> (t:1, i:133), STATEMACHINELOGENTRY, 324@client-8819E1E2BDFE
2023-02-21 19:18:09,087 [s2@group-0E8C23DEEB97-StateMachineUpdater] INFO  impl.SimpleStateMachine4Testing (SimpleStateMachine4Testing.java:put(205)) - s2: put 135, m67 -> (t:1, i:135), STATEMACHINELOGENTRY, 325@client-8819E1E2BDFE
2023-02-21 19:18:09,087 [s2@group-0E8C23DEEB97-StateMachineUpdater] INFO  impl.SimpleStateMachine4Testing (SimpleStateMachine4Testing.java:put(205)) - s2: put 137, m68 -> (t:1, i:137), STATEMACHINELOGENTRY, 326@client-8819E1E2BDFE
2023-02-21 19:18:09,087 [s2@group-0E8C23DEEB97-StateMachineUpdater] INFO  impl.SimpleStateMachine4Testing (SimpleStateMachine4Testing.java:put(205)) - s2: put 139, m69 -> (t:1, i:139), STATEMACHINELOGENTRY, 327@client-8819E1E2BDFE
2023-02-21 19:18:09,087 [s2@group-0E8C23DEEB97-StateMachineUpdater] INFO  impl.SimpleStateMachine4Testing (SimpleStateMachine4Testing.java:put(205)) - s2: put 141, m70 -> (t:1, i:141), STATEMACHINELOGENTRY, 328@client-8819E1E2BDFE
2023-02-21 19:18:09,087 [s2@group-0E8C23DEEB97-StateMachineUpdater] INFO  impl.SimpleStateMachine4Testing (SimpleStateMachine4Testing.java:put(205)) - s2: put 143, m71 -> (t:1, i:143), STATEMACHINELOGENTRY, 329@client-8819E1E2BDFE
2023-02-21 19:18:09,087 [s2@group-0E8C23DEEB97-StateMachineUpdater] INFO  impl.SimpleStateMachine4Testing (SimpleStateMachine4Testing.java:put(205)) - s2: put 145, m72 -> (t:1, i:145), STATEMACHINELOGENTRY, 330@client-8819E1E2BDFE
2023-02-21 19:18:09,087 [s2@group-0E8C23DEEB97-StateMachineUpdater] INFO  impl.SimpleStateMachine4Testing (SimpleStateMachine4Testing.java:put(205)) - s2: put 147, m73 -> (t:1, i:147), STATEMACHINELOGENTRY, 331@client-8819E1E2BDFE
2023-02-21 19:18:09,087 [s2@group-0E8C23DEEB97-StateMachineUpdater] INFO  impl.SimpleStateMachine4Testing (SimpleStateMachine4Testing.java:put(205)) - s2: put 149, m74 -> (t:1, i:149), STATEMACHINELOGENTRY, 332@client-8819E1E2BDFE
2023-02-21 19:18:09,087 [s2@group-0E8C23DEEB97-StateMachineUpdater] INFO  impl.SimpleStateMachine4Testing (SimpleStateMachine4Testing.java:put(205)) - s2: put 151, m75 -> (t:1, i:151), STATEMACHINELOGENTRY, 333@client-8819E1E2BDFE
2023-02-21 19:18:09,087 [s2@group-0E8C23DEEB97-StateMachineUpdater] INFO  impl.SimpleStateMachine4Testing (SimpleStateMachine4Testing.java:put(205)) - s2: put 153, m76 -> (t:1, i:153), STATEMACHINELOGENTRY, 334@client-8819E1E2BDFE
2023-02-21 19:18:09,087 [s2@group-0E8C23DEEB97-StateMachineUpdater] INFO  impl.SimpleStateMachine4Testing (SimpleStateMachine4Testing.java:put(205)) - s2: put 155, m77 -> (t:1, i:155), STATEMACHINELOGENTRY, 335@client-8819E1E2BDFE
2023-02-21 19:18:09,087 [s2@group-0E8C23DEEB97-StateMachineUpdater] INFO  impl.SimpleStateMachine4Testing (SimpleStateMachine4Testing.java:put(205)) - s2: put 157, m78 -> (t:1, i:157), STATEMACHINELOGENTRY, 336@client-8819E1E2BDFE
2023-02-21 19:18:09,087 [s2@group-0E8C23DEEB97-StateMachineUpdater] INFO  impl.SimpleStateMachine4Testing (SimpleStateMachine4Testing.java:put(205)) - s2: put 159, m79 -> (t:1, i:159), STATEMACHINELOGENTRY, 337@client-8819E1E2BDFE
2023-02-21 19:18:09,087 [s2@group-0E8C23DEEB97-StateMachineUpdater] INFO  impl.SimpleStateMachine4Testing (SimpleStateMachine4Testing.java:put(205)) - s2: put 161, m80 -> (t:1, i:161), STATEMACHINELOGENTRY, 338@client-8819E1E2BDFE
2023-02-21 19:18:09,087 [s2@group-0E8C23DEEB97-StateMachineUpdater] INFO  impl.SimpleStateMachine4Testing (SimpleStateMachine4Testing.java:put(205)) - s2: put 163, m81 -> (t:1, i:163), STATEMACHINELOGENTRY, 339@client-8819E1E2BDFE
2023-02-21 19:18:09,087 [s2@group-0E8C23DEEB97-StateMachineUpdater] INFO  impl.SimpleStateMachine4Testing (SimpleStateMachine4Testing.java:put(205)) - s2: put 165, m82 -> (t:1, i:165), STATEMACHINELOGENTRY, 340@client-8819E1E2BDFE
2023-02-21 19:18:09,087 [s2@group-0E8C23DEEB97-StateMachineUpdater] INFO  impl.SimpleStateMachine4Testing (SimpleStateMachine4Testing.java:put(205)) - s2: put 167, m83 -> (t:1, i:167), STATEMACHINELOGENTRY, 341@client-8819E1E2BDFE
2023-02-21 19:18:09,087 [s2@group-0E8C23DEEB97-StateMachineUpdater] INFO  impl.SimpleStateMachine4Testing (SimpleStateMachine4Testing.java:put(205)) - s2: put 169, m84 -> (t:1, i:169), STATEMACHINELOGENTRY, 342@client-8819E1E2BDFE
2023-02-21 19:18:09,087 [s2@group-0E8C23DEEB97-StateMachineUpdater] INFO  impl.SimpleStateMachine4Testing (SimpleStateMachine4Testing.java:put(205)) - s2: put 171, m85 -> (t:1, i:171), STATEMACHINELOGENTRY, 343@client-8819E1E2BDFE
2023-02-21 19:18:09,087 [s2@group-0E8C23DEEB97-StateMachineUpdater] INFO  impl.SimpleStateMachine4Testing (SimpleStateMachine4Testing.java:put(205)) - s2: put 173, m86 -> (t:1, i:173), STATEMACHINELOGENTRY, 344@client-8819E1E2BDFE
2023-02-21 19:18:09,087 [s2@group-0E8C23DEEB97-StateMachineUpdater] INFO  impl.SimpleStateMachine4Testing (SimpleStateMachine4Testing.java:put(205)) - s2: put 175, m87 -> (t:1, i:175), STATEMACHINELOGENTRY, 345@client-8819E1E2BDFE
2023-02-21 19:18:09,087 [s2@group-0E8C23DEEB97-StateMachineUpdater] INFO  impl.SimpleStateMachine4Testing (SimpleStateMachine4Testing.java:put(205)) - s2: put 177, m88 -> (t:1, i:177), STATEMACHINELOGENTRY, 346@client-8819E1E2BDFE
2023-02-21 19:18:09,087 [s2@group-0E8C23DEEB97-StateMachineUpdater] INFO  impl.SimpleStateMachine4Testing (SimpleStateMachine4Testing.java:put(205)) - s2: put 179, m89 -> (t:1, i:179), STATEMACHINELOGENTRY, 347@client-8819E1E2BDFE
2023-02-21 19:18:09,087 [s2@group-0E8C23DEEB97-StateMachineUpdater] INFO  impl.SimpleStateMachine4Testing (SimpleStateMachine4Testing.java:put(205)) - s2: put 181, m90 -> (t:1, i:181), STATEMACHINELOGENTRY, 348@client-8819E1E2BDFE
2023-02-21 19:18:09,087 [s2@group-0E8C23DEEB97-StateMachineUpdater] INFO  impl.SimpleStateMachine4Testing (SimpleStateMachine4Testing.java:put(205)) - s2: put 183, m91 -> (t:1, i:183), STATEMACHINELOGENTRY, 349@client-8819E1E2BDFE
2023-02-21 19:18:09,087 [s2@group-0E8C23DEEB97-StateMachineUpdater] INFO  impl.SimpleStateMachine4Testing (SimpleStateMachine4Testing.java:put(205)) - s2: put 185, m92 -> (t:1, i:185), STATEMACHINELOGENTRY, 350@client-8819E1E2BDFE
2023-02-21 19:18:09,087 [s2@group-0E8C23DEEB97-StateMachineUpdater] INFO  impl.SimpleStateMachine4Testing (SimpleStateMachine4Testing.java:put(205)) - s2: put 187, m93 -> (t:1, i:187), STATEMACHINELOGENTRY, 351@client-8819E1E2BDFE
2023-02-21 19:18:09,088 [s2@group-0E8C23DEEB97-StateMachineUpdater] INFO  impl.SimpleStateMachine4Testing (SimpleStateMachine4Testing.java:put(205)) - s2: put 189, m94 -> (t:1, i:189), STATEMACHINELOGENTRY, 352@client-8819E1E2BDFE
2023-02-21 19:18:09,088 [s2@group-0E8C23DEEB97-StateMachineUpdater] INFO  impl.SimpleStateMachine4Testing (SimpleStateMachine4Testing.java:put(205)) - s2: put 191, m95 -> (t:1, i:191), STATEMACHINELOGENTRY, 353@client-8819E1E2BDFE
2023-02-21 19:18:09,088 [s2@group-0E8C23DEEB97-StateMachineUpdater] INFO  impl.StateMachineUpdater (StateMachineUpdater.java:lambda$new$0(96)) - s2@group-0E8C23DEEB97-StateMachineUpdater: snapshotIndex: setUnconditionally -1 -> 191
2023-02-21 19:18:09,088 [s2@group-0E8C23DEEB97-StateMachineUpdater] INFO  impl.StateMachineUpdater (StateMachineUpdater.java:lambda$new$0(96)) - s2@group-0E8C23DEEB97-StateMachineUpdater: appliedIndex: setUnconditionally -1 -> 191
2023-02-21 19:18:09,072 [grpc-default-executor-0] INFO  impl.SnapshotInstallationHandler (SnapshotInstallationHandler.java:checkAndInstallSnapshot(193)) - s2@group-0E8C23DEEB97: successfully install the entire snapshot-191
2023-02-21 19:18:09,090 [grpc-default-executor-0] INFO  impl.SnapshotInstallationHandler (SnapshotInstallationHandler.java:installSnapshot(100)) - s2@group-0E8C23DEEB97: reply installSnapshot: s0<-s2#0:OK-t1,SUCCESS,requestIndex=10
2023-02-21 19:18:09,090 [grpc-default-executor-0] INFO  server.GrpcServerProtocolService (GrpcServerProtocolService.java:onCompleted(143)) - s2: Completed INSTALL_SNAPSHOT, lastRequest: s0->s2#0-t1,chunk:9cc5b027-8808-4020-aa0d-caa405e7c05c,10
2023-02-21 19:18:09,090 [grpc-default-executor-2] INFO  server.GrpcLogAppender (GrpcLogAppender.java:onNext(496)) - s0@group-0E8C23DEEB97->s2-InstallSnapshotResponseHandler: received a reply s0<-s2#0:OK-t1,SUCCESS,requestIndex=10
2023-02-21 19:18:09,091 [grpc-default-executor-2] INFO  server.GrpcLogAppender (GrpcLogAppender.java:onNext(509)) - s0@group-0E8C23DEEB97->s2-InstallSnapshotResponseHandler: Completed InstallSnapshot. Reply: serverReply {
  requestorId: "s0"
  replyId: "s2"
  raftGroupId {
    id: "\'<\247\265.\001Gx\276\375\016\214#\336\353\227"
  }
  success: true
}
term: 1
requestIndex: 10

2023-02-21 19:18:09,091 [grpc-default-executor-2] INFO  leader.FollowerInfo (FollowerInfoImpl.java:setAttemptedToInstallSnapshot(123)) - Follower s0@group-0E8C23DEEB97->s2 acknowledged installing snapshot
2023-02-21 19:18:09,091 [grpc-default-executor-2] INFO  server.GrpcLogAppender (GrpcLogAppender.java:onCompleted(574)) - s0@group-0E8C23DEEB97->s2-InstallSnapshotResponseHandler: follower responded installSnapshot COMPLETED
2023-02-21 19:18:09,091 [s0@group-0E8C23DEEB97->s2-GrpcLogAppender-LogAppenderDaemon] INFO  leader.FollowerInfo (FollowerInfoImpl.java:lambda$new$0(52)) - s0@group-0E8C23DEEB97->s2: snapshotIndex: setUnconditionally 0 -> 191
2023-02-21 19:18:09,091 [s1-server-thread1] INFO  impl.RoleInfo (RoleInfo.java:updateAndGet(139)) - s1: start s1@group-0E8C23DEEB97-FollowerState
2023-02-21 19:18:09,091 [s0@group-0E8C23DEEB97->s2-GrpcLogAppender-LogAppenderDaemon] INFO  leader.FollowerInfo (FollowerInfoImpl.java:lambda$new$0(52)) - s0@group-0E8C23DEEB97->s2: matchIndex: setUnconditionally -1 -> 191
2023-02-21 19:18:09,091 [s0@group-0E8C23DEEB97->s2-GrpcLogAppender-LogAppenderDaemon] INFO  leader.FollowerInfo (FollowerInfoImpl.java:lambda$new$0(52)) - s0@group-0E8C23DEEB97->s2: nextIndex: setUnconditionally 0 -> 192
2023-02-21 19:18:09,091 [s0@group-0E8C23DEEB97->s2-GrpcLogAppender-LogAppenderDaemon] INFO  server.GrpcLogAppender (GrpcLogAppender.java:installSnapshot(627)) - s0@group-0E8C23DEEB97->s2-GrpcLogAppender: installed snapshot FileListSnapshotInfo(t:1, i:191):[/home/runner/work/ratis/ratis/ratis-test/target/test/data/22feb97a/MiniRaftClusterWithGrpcf8c2bef7/s0/273ca7b5-2e01-4778-befd-0e8c23deeb97/sm/snapshot/1.bin, /home/runner/work/ratis/ratis/ratis-test/target/test/data/22feb97a/MiniRaftClusterWithGrpcf8c2bef7/s0/273ca7b5-2e01-4778-befd-0e8c23deeb97/sm/snapshot/sub/2.bin, /home/runner/work/ratis/ratis/ratis-test/target/test/data/22feb97a/MiniRaftClusterWithGrpcf8c2bef7/s0/273ca7b5-2e01-4778-befd-0e8c23deeb97/sm/snapshot.1_191] successfully
2023-02-21 19:18:09,092 [s1-server-thread2] INFO  server.RaftServer$Division (RaftServerImpl.java:checkInconsistentAppendEntries(1599)) - s1@group-0E8C23DEEB97: Failed appendEntries as the first entry (index 0) already exists (snapshotIndex: 191, commitIndex: -1)
2023-02-21 19:18:09,092 [s1-server-thread2] INFO  server.RaftServer$Division (RaftServerImpl.java:checkInconsistentAppendEntries(1579)) - s1@group-0E8C23DEEB97: inconsistency entries. Reply:s0<-s1#1:FAIL-t1,INCONSISTENCY,nextIndex=192,followerCommit=-1,matchIndex=-1
2023-02-21 19:18:09,102 [grpc-default-executor-4] WARN  server.GrpcLogAppender (GrpcLogAppender.java:onNextImpl(390)) - s0@group-0E8C23DEEB97->s1-AppendLogResponseHandler: received INCONSISTENCY reply with nextIndex 192
2023-02-21 19:18:09,116 [grpc-default-executor-4] INFO  leader.FollowerInfo (FollowerInfoImpl.java:lambda$new$0(52)) - s0@group-0E8C23DEEB97->s1: nextIndex: updateUnconditionally 255 -> 192
2023-02-21 19:18:09,123 [s1-server-thread3] INFO  segmented.SegmentedRaftLogWorker (SegmentedRaftLogWorker.java:startLogSegment(431)) - s1@group-0E8C23DEEB97-SegmentedRaftLogWorker: Starting segment from index:192
2023-02-21 19:18:09,133 [s2-server-thread1] INFO  impl.RoleInfo (RoleInfo.java:updateAndGet(139)) - s2: start s2@group-0E8C23DEEB97-FollowerState
2023-02-21 19:18:09,134 [s1@group-0E8C23DEEB97-SegmentedRaftLogWorker] INFO  segmented.SegmentedRaftLogWorker (SegmentedRaftLogWorker.java:execute(635)) - s1@group-0E8C23DEEB97-SegmentedRaftLogWorker: created new log segment /home/runner/work/ratis/ratis/ratis-test/target/test/data/22feb97a/MiniRaftClusterWithGrpcf8c2bef7/s1/273ca7b5-2e01-4778-befd-0e8c23deeb97/current/log_inprogress_192
2023-02-21 19:18:09,134 [s2-server-thread2] INFO  segmented.SegmentedRaftLogWorker (SegmentedRaftLogWorker.java:startLogSegment(431)) - s2@group-0E8C23DEEB97-SegmentedRaftLogWorker: Starting segment from index:192
2023-02-21 19:18:09,146 [s0@group-0E8C23DEEB97-LeaderStateImpl] INFO  server.RaftServer$Division (ServerState.java:setRaftConf(378)) - s0@group-0E8C23DEEB97: set configuration 255: peers:[s0|rpc:localhost:32941|admin:localhost:41435|client:localhost:45167|dataStream:localhost:35001|priority:0|startupRole:FOLLOWER, s1|rpc:0.0.0.0:40887|dataStream:|priority:0|startupRole:FOLLOWER, s2|rpc:0.0.0.0:43205|dataStream:|priority:0|startupRole:FOLLOWER]|listeners:[], old=peers:[s0|rpc:localhost:32941|admin:localhost:41435|client:localhost:45167|dataStream:localhost:35001|priority:0|startupRole:FOLLOWER]|listeners:[]
2023-02-21 19:18:09,147 [s2-server-thread2] INFO  server.RaftServer$Division (ServerState.java:setRaftConf(378)) - s2@group-0E8C23DEEB97: set configuration 255: peers:[s0|rpc:localhost:32941|admin:localhost:41435|client:localhost:45167|dataStream:localhost:35001|priority:0|startupRole:FOLLOWER, s1|rpc:0.0.0.0:40887|dataStream:|priority:0|startupRole:FOLLOWER, s2|rpc:0.0.0.0:43205|dataStream:|priority:0|startupRole:FOLLOWER]|listeners:[], old=peers:[s0|rpc:localhost:32941|admin:localhost:41435|client:localhost:45167|dataStream:localhost:35001|priority:0|startupRole:FOLLOWER]|listeners:[]
2023-02-21 19:18:09,148 [s1-server-thread1] INFO  server.RaftServer$Division (ServerState.java:setRaftConf(378)) - s1@group-0E8C23DEEB97: set configuration 255: peers:[s0|rpc:localhost:32941|admin:localhost:41435|client:localhost:45167|dataStream:localhost:35001|priority:0|startupRole:FOLLOWER, s1|rpc:0.0.0.0:40887|dataStream:|priority:0|startupRole:FOLLOWER, s2|rpc:0.0.0.0:43205|dataStream:|priority:0|startupRole:FOLLOWER]|listeners:[], old=peers:[s0|rpc:localhost:32941|admin:localhost:41435|client:localhost:45167|dataStream:localhost:35001|priority:0|startupRole:FOLLOWER]|listeners:[]
2023-02-21 19:18:09,150 [s0@group-0E8C23DEEB97-LeaderStateImpl] INFO  server.RaftServer$Division (ServerState.java:setRaftConf(378)) - s0@group-0E8C23DEEB97: set configuration 257: peers:[s0|rpc:localhost:32941|admin:localhost:41435|client:localhost:45167|dataStream:localhost:35001|priority:0|startupRole:FOLLOWER, s1|rpc:0.0.0.0:40887|dataStream:|priority:0|startupRole:FOLLOWER, s2|rpc:0.0.0.0:43205|dataStream:|priority:0|startupRole:FOLLOWER]|listeners:[], old=null
2023-02-21 19:18:09,158 [s2-server-thread2] INFO  server.RaftServer$Division (ServerState.java:setRaftConf(378)) - s2@group-0E8C23DEEB97: set configuration 257: peers:[s0|rpc:localhost:32941|admin:localhost:41435|client:localhost:45167|dataStream:localhost:35001|priority:0|startupRole:FOLLOWER, s1|rpc:0.0.0.0:40887|dataStream:|priority:0|startupRole:FOLLOWER, s2|rpc:0.0.0.0:43205|dataStream:|priority:0|startupRole:FOLLOWER]|listeners:[], old=null
2023-02-21 19:18:09,158 [s1-server-thread1] INFO  server.RaftServer$Division (ServerState.java:setRaftConf(378)) - s1@group-0E8C23DEEB97: set configuration 257: peers:[s0|rpc:localhost:32941|admin:localhost:41435|client:localhost:45167|dataStream:localhost:35001|priority:0|startupRole:FOLLOWER, s1|rpc:0.0.0.0:40887|dataStream:|priority:0|startupRole:FOLLOWER, s2|rpc:0.0.0.0:43205|dataStream:|priority:0|startupRole:FOLLOWER]|listeners:[], old=null
2023-02-21 19:18:09,166 [s2@group-0E8C23DEEB97-SegmentedRaftLogWorker] INFO  segmented.SegmentedRaftLogWorker (SegmentedRaftLogWorker.java:execute(635)) - s2@group-0E8C23DEEB97-SegmentedRaftLogWorker: created new log segment /home/runner/work/ratis/ratis/ratis-test/target/test/data/22feb97a/MiniRaftClusterWithGrpcf8c2bef7/s2/273ca7b5-2e01-4778-befd-0e8c23deeb97/current/log_inprogress_192
2023-02-21 19:18:09,169 [s2@group-0E8C23DEEB97-StateMachineUpdater] INFO  impl.SimpleStateMachine4Testing (SimpleStateMachine4Testing.java:put(205)) - s2: put 193, m96 -> (t:1, i:193), STATEMACHINELOGENTRY, 354@client-8819E1E2BDFE
2023-02-21 19:18:09,170 [s2@group-0E8C23DEEB97-StateMachineUpdater] INFO  impl.SimpleStateMachine4Testing (SimpleStateMachine4Testing.java:put(205)) - s2: put 195, m97 -> (t:1, i:195), STATEMACHINELOGENTRY, 355@client-8819E1E2BDFE
2023-02-21 19:18:09,170 [s2@group-0E8C23DEEB97-StateMachineUpdater] INFO  impl.SimpleStateMachine4Testing (SimpleStateMachine4Testing.java:put(205)) - s2: put 197, m98 -> (t:1, i:197), STATEMACHINELOGENTRY, 356@client-8819E1E2BDFE
2023-02-21 19:18:09,170 [s2@group-0E8C23DEEB97-StateMachineUpdater] INFO  impl.SimpleStateMachine4Testing (SimpleStateMachine4Testing.java:put(205)) - s2: put 199, m99 -> (t:1, i:199), STATEMACHINELOGENTRY, 357@client-8819E1E2BDFE
2023-02-21 19:18:09,170 [s2@group-0E8C23DEEB97-StateMachineUpdater] INFO  impl.SimpleStateMachine4Testing (SimpleStateMachine4Testing.java:put(205)) - s2: put 201, m100 -> (t:1, i:201), STATEMACHINELOGENTRY, 358@client-8819E1E2BDFE
2023-02-21 19:18:09,170 [s2@group-0E8C23DEEB97-StateMachineUpdater] INFO  impl.SimpleStateMachine4Testing (SimpleStateMachine4Testing.java:put(205)) - s2: put 203, m101 -> (t:1, i:203), STATEMACHINELOGENTRY, 359@client-8819E1E2BDFE
2023-02-21 19:18:09,170 [s2@group-0E8C23DEEB97-StateMachineUpdater] INFO  impl.SimpleStateMachine4Testing (SimpleStateMachine4Testing.java:put(205)) - s2: put 205, m102 -> (t:1, i:205), STATEMACHINELOGENTRY, 360@client-8819E1E2BDFE
2023-02-21 19:18:09,171 [s2@group-0E8C23DEEB97-StateMachineUpdater] INFO  impl.SimpleStateMachine4Testing (SimpleStateMachine4Testing.java:put(205)) - s2: put 207, m103 -> (t:1, i:207), STATEMACHINELOGENTRY, 361@client-8819E1E2BDFE
2023-02-21 19:18:09,171 [s2@group-0E8C23DEEB97-StateMachineUpdater] INFO  impl.SimpleStateMachine4Testing (SimpleStateMachine4Testing.java:put(205)) - s2: put 209, m104 -> (t:1, i:209), STATEMACHINELOGENTRY, 362@client-8819E1E2BDFE
2023-02-21 19:18:09,171 [s2@group-0E8C23DEEB97-StateMachineUpdater] INFO  impl.SimpleStateMachine4Testing (SimpleStateMachine4Testing.java:put(205)) - s2: put 211, m105 -> (t:1, i:211), STATEMACHINELOGENTRY, 363@client-8819E1E2BDFE
2023-02-21 19:18:09,171 [s2@group-0E8C23DEEB97-StateMachineUpdater] INFO  impl.SimpleStateMachine4Testing (SimpleStateMachine4Testing.java:put(205)) - s2: put 213, m106 -> (t:1, i:213), STATEMACHINELOGENTRY, 364@client-8819E1E2BDFE
2023-02-21 19:18:09,171 [s2@group-0E8C23DEEB97-StateMachineUpdater] INFO  impl.SimpleStateMachine4Testing (SimpleStateMachine4Testing.java:put(205)) - s2: put 215, m107 -> (t:1, i:215), STATEMACHINELOGENTRY, 365@client-8819E1E2BDFE
2023-02-21 19:18:09,171 [s2@group-0E8C23DEEB97-StateMachineUpdater] INFO  impl.SimpleStateMachine4Testing (SimpleStateMachine4Testing.java:put(205)) - s2: put 217, m108 -> (t:1, i:217), STATEMACHINELOGENTRY, 366@client-8819E1E2BDFE
2023-02-21 19:18:09,171 [s2@group-0E8C23DEEB97-StateMachineUpdater] INFO  impl.SimpleStateMachine4Testing (SimpleStateMachine4Testing.java:put(205)) - s2: put 219, m109 -> (t:1, i:219), STATEMACHINELOGENTRY, 367@client-8819E1E2BDFE
2023-02-21 19:18:09,171 [s2@group-0E8C23DEEB97-StateMachineUpdater] INFO  impl.SimpleStateMachine4Testing (SimpleStateMachine4Testing.java:put(205)) - s2: put 221, m110 -> (t:1, i:221), STATEMACHINELOGENTRY, 368@client-8819E1E2BDFE
2023-02-21 19:18:09,172 [s2@group-0E8C23DEEB97-StateMachineUpdater] INFO  impl.SimpleStateMachine4Testing (SimpleStateMachine4Testing.java:put(205)) - s2: put 223, m111 -> (t:1, i:223), STATEMACHINELOGENTRY, 369@client-8819E1E2BDFE
2023-02-21 19:18:09,172 [s2@group-0E8C23DEEB97-StateMachineUpdater] INFO  impl.SimpleStateMachine4Testing (SimpleStateMachine4Testing.java:put(205)) - s2: put 225, m112 -> (t:1, i:225), STATEMACHINELOGENTRY, 370@client-8819E1E2BDFE
2023-02-21 19:18:09,172 [s2@group-0E8C23DEEB97-StateMachineUpdater] INFO  impl.SimpleStateMachine4Testing (SimpleStateMachine4Testing.java:put(205)) - s2: put 227, m113 -> (t:1, i:227), STATEMACHINELOGENTRY, 371@client-8819E1E2BDFE
2023-02-21 19:18:09,172 [s2@group-0E8C23DEEB97-StateMachineUpdater] INFO  impl.SimpleStateMachine4Testing (SimpleStateMachine4Testing.java:put(205)) - s2: put 229, m114 -> (t:1, i:229), STATEMACHINELOGENTRY, 372@client-8819E1E2BDFE
2023-02-21 19:18:09,172 [s2@group-0E8C23DEEB97-StateMachineUpdater] INFO  impl.SimpleStateMachine4Testing (SimpleStateMachine4Testing.java:put(205)) - s2: put 231, m115 -> (t:1, i:231), STATEMACHINELOGENTRY, 373@client-8819E1E2BDFE
2023-02-21 19:18:09,172 [s2@group-0E8C23DEEB97-StateMachineUpdater] INFO  impl.SimpleStateMachine4Testing (SimpleStateMachine4Testing.java:put(205)) - s2: put 233, m116 -> (t:1, i:233), STATEMACHINELOGENTRY, 374@client-8819E1E2BDFE
2023-02-21 19:18:09,172 [s2@group-0E8C23DEEB97-StateMachineUpdater] INFO  impl.SimpleStateMachine4Testing (SimpleStateMachine4Testing.java:put(205)) - s2: put 235, m117 -> (t:1, i:235), STATEMACHINELOGENTRY, 375@client-8819E1E2BDFE
2023-02-21 19:18:09,172 [s2@group-0E8C23DEEB97-StateMachineUpdater] INFO  impl.SimpleStateMachine4Testing (SimpleStateMachine4Testing.java:put(205)) - s2: put 237, m118 -> (t:1, i:237), STATEMACHINELOGENTRY, 376@client-8819E1E2BDFE
2023-02-21 19:18:09,173 [s2@group-0E8C23DEEB97-StateMachineUpdater] INFO  impl.SimpleStateMachine4Testing (SimpleStateMachine4Testing.java:put(205)) - s2: put 239, m119 -> (t:1, i:239), STATEMACHINELOGENTRY, 377@client-8819E1E2BDFE
2023-02-21 19:18:09,173 [s2@group-0E8C23DEEB97-StateMachineUpdater] INFO  impl.SimpleStateMachine4Testing (SimpleStateMachine4Testing.java:put(205)) - s2: put 241, m120 -> (t:1, i:241), STATEMACHINELOGENTRY, 378@client-8819E1E2BDFE
2023-02-21 19:18:09,173 [s2@group-0E8C23DEEB97-StateMachineUpdater] INFO  impl.SimpleStateMachine4Testing (SimpleStateMachine4Testing.java:put(205)) - s2: put 243, m121 -> (t:1, i:243), STATEMACHINELOGENTRY, 379@client-8819E1E2BDFE
2023-02-21 19:18:09,173 [s2@group-0E8C23DEEB97-StateMachineUpdater] INFO  impl.SimpleStateMachine4Testing (SimpleStateMachine4Testing.java:put(205)) - s2: put 245, m122 -> (t:1, i:245), STATEMACHINELOGENTRY, 380@client-8819E1E2BDFE
2023-02-21 19:18:09,173 [s2@group-0E8C23DEEB97-StateMachineUpdater] INFO  impl.SimpleStateMachine4Testing (SimpleStateMachine4Testing.java:put(205)) - s2: put 247, m123 -> (t:1, i:247), STATEMACHINELOGENTRY, 381@client-8819E1E2BDFE
2023-02-21 19:18:09,173 [s2@group-0E8C23DEEB97-StateMachineUpdater] INFO  impl.SimpleStateMachine4Testing (SimpleStateMachine4Testing.java:put(205)) - s2: put 249, m124 -> (t:1, i:249), STATEMACHINELOGENTRY, 382@client-8819E1E2BDFE
2023-02-21 19:18:09,174 [s2@group-0E8C23DEEB97-StateMachineUpdater] INFO  impl.SimpleStateMachine4Testing (SimpleStateMachine4Testing.java:put(205)) - s2: put 251, m125 -> (t:1, i:251), STATEMACHINELOGENTRY, 383@client-8819E1E2BDFE
2023-02-21 19:18:09,174 [s2@group-0E8C23DEEB97-StateMachineUpdater] INFO  impl.SimpleStateMachine4Testing (SimpleStateMachine4Testing.java:put(205)) - s2: put 253, m126 -> (t:1, i:253), STATEMACHINELOGENTRY, 384@client-8819E1E2BDFE
2023-02-21 19:18:09,191 [s0@group-0E8C23DEEB97-StateMachineUpdater] INFO  impl.StateMachineUpdater (StateMachineUpdater.java:takeSnapshot(290)) - s0@group-0E8C23DEEB97-StateMachineUpdater: Took a snapshot at index 255
2023-02-21 19:18:09,191 [s0@group-0E8C23DEEB97-StateMachineUpdater] INFO  impl.StateMachineUpdater (StateMachineUpdater.java:lambda$new$0(96)) - s0@group-0E8C23DEEB97-StateMachineUpdater: snapshotIndex: updateIncreasingly 191 -> 255
2023-02-21 19:18:09,191 [s0@group-0E8C23DEEB97-StateMachineUpdater] INFO  raftlog.RaftLog (RaftLogBase.java:purge(314)) - s0@group-0E8C23DEEB97-SegmentedRaftLog: purge 255
2023-02-21 19:18:09,191 [s0@group-0E8C23DEEB97-StateMachineUpdater] INFO  raftlog.RaftLog (RaftLogBase.java:lambda$new$0(53)) - s0@group-0E8C23DEEB97-SegmentedRaftLog: snapshotIndex: updateIncreasingly 191 -> 255
2023-02-21 19:18:09,191 [s0@group-0E8C23DEEB97-StateMachineUpdater] INFO  raftlog.RaftLog (RaftLogBase.java:lambda$new$0(53)) - s0@group-0E8C23DEEB97-SegmentedRaftLog: purgeIndex: updateToMax old=191, new=255, updated? true
2023-02-21 19:18:09,195 [Time-limited test] INFO  server.RaftServerConfigKeys (ConfUtils.java:logGet(46)) - raft.server.rpc.timeout.max = 300ms (default)
2023-02-21 19:18:09,195 [Time-limited test] INFO  impl.RaftServerTestUtil (RaftServerTestUtil.java:waitAndCheckNewConf(87)) - waitAndCheckNewConf: peers=[s1|rpc:0.0.0.0:40887|priority:0|startupRole:FOLLOWER, s2|rpc:0.0.0.0:43205|priority:0|startupRole:FOLLOWER, s0|rpc:localhost:32941|admin:localhost:41435|client:localhost:45167|dataStream:localhost:35001|priority:0|startupRole:FOLLOWER], deadPeers=null, printing ALL groups
  s0:  RUNNING    LEADER s0@group-0E8C23DEEB97:t1, leader=s0, voted=s0, raftlog=Memoized:s0@group-0E8C23DEEB97-SegmentedRaftLog:OPENED:c258, conf=257: peers:[s0|rpc:localhost:32941|admin:localhost:41435|client:localhost:45167|dataStream:localhost:35001|priority:0|startupRole:FOLLOWER, s1|rpc:0.0.0.0:40887|dataStream:|priority:0|startupRole:FOLLOWER, s2|rpc:0.0.0.0:43205|dataStream:|priority:0|startupRole:FOLLOWER]|listeners:[], old=null RUNNING
  s1:  RUNNING  FOLLOWER s1@group-0E8C23DEEB97:t1, leader=s0, voted=null, raftlog=Memoized:s1@group-0E8C23DEEB97-SegmentedRaftLog:OPENED:c255, conf=257: peers:[s0|rpc:localhost:32941|admin:localhost:41435|client:localhost:45167|dataStream:localhost:35001|priority:0|startupRole:FOLLOWER, s1|rpc:0.0.0.0:40887|dataStream:|priority:0|startupRole:FOLLOWER, s2|rpc:0.0.0.0:43205|dataStream:|priority:0|startupRole:FOLLOWER]|listeners:[], old=null RUNNING
  s2:  RUNNING  FOLLOWER s2@group-0E8C23DEEB97:t1, leader=s0, voted=null, raftlog=Memoized:s2@group-0E8C23DEEB97-SegmentedRaftLog:OPENED:c257, conf=257: peers:[s0|rpc:localhost:32941|admin:localhost:41435|client:localhost:45167|dataStream:localhost:35001|priority:0|startupRole:FOLLOWER, s1|rpc:0.0.0.0:40887|dataStream:|priority:0|startupRole:FOLLOWER, s2|rpc:0.0.0.0:43205|dataStream:|priority:0|startupRole:FOLLOWER]|listeners:[], old=null RUNNING
2023-02-21 19:18:09,196 [Time-limited test] INFO  impl.RaftServerTestUtil (RaftServerTestUtil.java:waitAndCheckNewConf(96)) - checking    LEADER s0@group-0E8C23DEEB97:t1, leader=s0, voted=s0, raftlog=Memoized:s0@group-0E8C23DEEB97-SegmentedRaftLog:OPENED:c258, conf=257: peers:[s0|rpc:localhost:32941|admin:localhost:41435|client:localhost:45167|dataStream:localhost:35001|priority:0|startupRole:FOLLOWER, s1|rpc:0.0.0.0:40887|dataStream:|priority:0|startupRole:FOLLOWER, s2|rpc:0.0.0.0:43205|dataStream:|priority:0|startupRole:FOLLOWER]|listeners:[], old=null RUNNING
2023-02-21 19:18:09,196 [Time-limited test] INFO  impl.RaftServerTestUtil (RaftServerTestUtil.java:waitAndCheckNewConf(96)) - checking  FOLLOWER s1@group-0E8C23DEEB97:t1, leader=s0, voted=null, raftlog=Memoized:s1@group-0E8C23DEEB97-SegmentedRaftLog:OPENED:c255, conf=257: peers:[s0|rpc:localhost:32941|admin:localhost:41435|client:localhost:45167|dataStream:localhost:35001|priority:0|startupRole:FOLLOWER, s1|rpc:0.0.0.0:40887|dataStream:|priority:0|startupRole:FOLLOWER, s2|rpc:0.0.0.0:43205|dataStream:|priority:0|startupRole:FOLLOWER]|listeners:[], old=null RUNNING
2023-02-21 19:18:09,196 [Time-limited test] INFO  impl.RaftServerTestUtil (RaftServerTestUtil.java:waitAndCheckNewConf(96)) - checking  FOLLOWER s2@group-0E8C23DEEB97:t1, leader=s0, voted=null, raftlog=Memoized:s2@group-0E8C23DEEB97-SegmentedRaftLog:OPENED:c257, conf=257: peers:[s0|rpc:localhost:32941|admin:localhost:41435|client:localhost:45167|dataStream:localhost:35001|priority:0|startupRole:FOLLOWER, s1|rpc:0.0.0.0:40887|dataStream:|priority:0|startupRole:FOLLOWER, s2|rpc:0.0.0.0:43205|dataStream:|priority:0|startupRole:FOLLOWER]|listeners:[], old=null RUNNING
2023-02-21 19:18:09,196 [Time-limited test] INFO  impl.MiniRaftCluster (MiniRaftCluster.java:shutdown(831)) - ************************************************************** 
2023-02-21 19:18:09,196 [Time-limited test] INFO  impl.MiniRaftCluster (MiniRaftCluster.java:shutdown(832)) - *** 
2023-02-21 19:18:09,196 [Time-limited test] INFO  impl.MiniRaftCluster (MiniRaftCluster.java:shutdown(833)) - ***     Stopping MiniRaftClusterWithGrpc
2023-02-21 19:18:09,196 [Time-limited test] INFO  impl.MiniRaftCluster (MiniRaftCluster.java:shutdown(834)) - *** 
2023-02-21 19:18:09,196 [Time-limited test] INFO  impl.MiniRaftCluster (MiniRaftCluster.java:shutdown(835)) - ************************************************************** 
2023-02-21 19:18:09,196 [Time-limited test] INFO  impl.MiniRaftCluster (MiniRaftCluster.java:shutdown(836)) - printing ALL groups
  s0:  RUNNING    LEADER s0@group-0E8C23DEEB97:t1, leader=s0, voted=s0, raftlog=Memoized:s0@group-0E8C23DEEB97-SegmentedRaftLog:OPENED:c258, conf=257: peers:[s0|rpc:localhost:32941|admin:localhost:41435|client:localhost:45167|dataStream:localhost:35001|priority:0|startupRole:FOLLOWER, s1|rpc:0.0.0.0:40887|dataStream:|priority:0|startupRole:FOLLOWER, s2|rpc:0.0.0.0:43205|dataStream:|priority:0|startupRole:FOLLOWER]|listeners:[], old=null RUNNING
  s1:  RUNNING  FOLLOWER s1@group-0E8C23DEEB97:t1, leader=s0, voted=null, raftlog=Memoized:s1@group-0E8C23DEEB97-SegmentedRaftLog:OPENED:c255, conf=257: peers:[s0|rpc:localhost:32941|admin:localhost:41435|client:localhost:45167|dataStream:localhost:35001|priority:0|startupRole:FOLLOWER, s1|rpc:0.0.0.0:40887|dataStream:|priority:0|startupRole:FOLLOWER, s2|rpc:0.0.0.0:43205|dataStream:|priority:0|startupRole:FOLLOWER]|listeners:[], old=null RUNNING
  s2:  RUNNING  FOLLOWER s2@group-0E8C23DEEB97:t1, leader=s0, voted=null, raftlog=Memoized:s2@group-0E8C23DEEB97-SegmentedRaftLog:OPENED:c257, conf=257: peers:[s0|rpc:localhost:32941|admin:localhost:41435|client:localhost:45167|dataStream:localhost:35001|priority:0|startupRole:FOLLOWER, s1|rpc:0.0.0.0:40887|dataStream:|priority:0|startupRole:FOLLOWER, s2|rpc:0.0.0.0:43205|dataStream:|priority:0|startupRole:FOLLOWER]|listeners:[], old=null RUNNING
2023-02-21 19:18:09,196 [MiniRaftCluster-13] INFO  server.RaftServer (RaftServerProxy.java:lambda$close$7(412)) - s0: close
2023-02-21 19:18:09,203 [MiniRaftCluster-15] INFO  server.RaftServer (RaftServerProxy.java:lambda$close$7(412)) - s2: close
2023-02-21 19:18:09,203 [s2@group-0E8C23DEEB97-StateMachineUpdater] INFO  impl.StateMachineUpdater (StateMachineUpdater.java:takeSnapshot(290)) - s2@group-0E8C23DEEB97-StateMachineUpdater: Took a snapshot at index 255
2023-02-21 19:18:09,203 [s2@group-0E8C23DEEB97-StateMachineUpdater] INFO  impl.StateMachineUpdater (StateMachineUpdater.java:lambda$new$0(96)) - s2@group-0E8C23DEEB97-StateMachineUpdater: snapshotIndex: updateIncreasingly 191 -> 255
2023-02-21 19:18:09,204 [s2@group-0E8C23DEEB97-StateMachineUpdater] INFO  raftlog.RaftLog (RaftLogBase.java:purge(314)) - s2@group-0E8C23DEEB97-SegmentedRaftLog: purge 255
2023-02-21 19:18:09,204 [s2@group-0E8C23DEEB97-StateMachineUpdater] INFO  raftlog.RaftLog (RaftLogBase.java:lambda$new$0(53)) - s2@group-0E8C23DEEB97-SegmentedRaftLog: snapshotIndex: updateIncreasingly 191 -> 255
2023-02-21 19:18:09,204 [s2@group-0E8C23DEEB97-StateMachineUpdater] INFO  raftlog.RaftLog (RaftLogBase.java:lambda$new$0(53)) - s2@group-0E8C23DEEB97-SegmentedRaftLog: purgeIndex: updateToMax old=-1, new=255, updated? true
2023-02-21 19:18:09,197 [MiniRaftCluster-14] INFO  server.RaftServer (RaftServerProxy.java:lambda$close$7(412)) - s1: close
2023-02-21 19:18:09,205 [MiniRaftCluster-15] INFO  server.GrpcService (GrpcService.java:closeImpl(311)) - s2: shutdown server GrpcServerProtocolService now
2023-02-21 19:18:09,205 [s2-impl-thread1] INFO  server.RaftServer$Division (RaftServerImpl.java:lambda$close$4(466)) - s2@group-0E8C23DEEB97: shutdown
2023-02-21 19:18:09,209 [s2-impl-thread1] INFO  util.JmxRegister (JmxRegister.java:unregister(73)) - Successfully un-registered JMX Bean with object name Ratis:service=RaftServer,group=group-0E8C23DEEB97,id=s2
2023-02-21 19:18:09,209 [s2-impl-thread1] INFO  impl.RoleInfo (RoleInfo.java:shutdownFollowerState(110)) - s2: shutdown s2@group-0E8C23DEEB97-FollowerState
2023-02-21 19:18:09,209 [s2-impl-thread1] INFO  impl.StateMachineUpdater (StateMachineUpdater.java:stopAndJoin(154)) - s2@group-0E8C23DEEB97-StateMachineUpdater: set stopIndex = 257
2023-02-21 19:18:09,210 [s2@group-0E8C23DEEB97-FollowerState] INFO  impl.FollowerState (FollowerState.java:run(152)) - s2@group-0E8C23DEEB97-FollowerState was interrupted
2023-02-21 19:18:09,203 [s0-impl-thread1] INFO  server.RaftServer$Division (RaftServerImpl.java:lambda$close$4(466)) - s0@group-0E8C23DEEB97: shutdown
2023-02-21 19:18:09,203 [MiniRaftCluster-13] INFO  server.GrpcService (GrpcService.java:closeImpl(311)) - s0: shutdown server org.apache.ratis.grpc.server.GrpcClientProtocolService now
2023-02-21 19:18:09,217 [s0-impl-thread1] INFO  util.JmxRegister (JmxRegister.java:unregister(73)) - Successfully un-registered JMX Bean with object name Ratis:service=RaftServer,group=group-0E8C23DEEB97,id=s0
2023-02-21 19:18:09,217 [s0-impl-thread1] INFO  impl.RoleInfo (RoleInfo.java:shutdownLeaderState(93)) - s0: shutdown s0@group-0E8C23DEEB97-LeaderStateImpl
2023-02-21 19:18:09,217 [s0@group-0E8C23DEEB97->s1-GrpcLogAppender-LogAppenderDaemon] WARN  server.GrpcLogAppender (GrpcLogAppender.java:mayWait(199)) - s0@group-0E8C23DEEB97->s1-GrpcLogAppender: Wait interrupted by java.lang.InterruptedException
2023-02-21 19:18:09,218 [s0-impl-thread1] INFO  impl.PendingRequests (PendingRequests.java:sendNotLeaderResponses(282)) - s0@group-0E8C23DEEB97-PendingRequests: sendNotLeaderResponses
2023-02-21 19:18:09,208 [s1-impl-thread1] INFO  server.RaftServer$Division (RaftServerImpl.java:lambda$close$4(466)) - s1@group-0E8C23DEEB97: shutdown
2023-02-21 19:18:09,218 [s0@group-0E8C23DEEB97->s2-GrpcLogAppender-LogAppenderDaemon] WARN  server.GrpcLogAppender (GrpcLogAppender.java:mayWait(199)) - s0@group-0E8C23DEEB97->s2-GrpcLogAppender: Wait interrupted by java.lang.InterruptedException
2023-02-21 19:18:09,218 [s1-impl-thread1] INFO  util.JmxRegister (JmxRegister.java:unregister(73)) - Successfully un-registered JMX Bean with object name Ratis:service=RaftServer,group=group-0E8C23DEEB97,id=s1
2023-02-21 19:18:09,218 [s1-impl-thread1] INFO  impl.RoleInfo (RoleInfo.java:shutdownFollowerState(110)) - s1: shutdown s1@group-0E8C23DEEB97-FollowerState
2023-02-21 19:18:09,218 [s1-impl-thread1] INFO  impl.StateMachineUpdater (StateMachineUpdater.java:stopAndJoin(154)) - s1@group-0E8C23DEEB97-StateMachineUpdater: set stopIndex = 257
2023-02-21 19:18:09,218 [s1@group-0E8C23DEEB97-FollowerState] INFO  impl.FollowerState (FollowerState.java:run(152)) - s1@group-0E8C23DEEB97-FollowerState was interrupted
2023-02-21 19:18:09,218 [grpc-default-executor-3] INFO  server.GrpcServerProtocolService (GrpcServerProtocolService.java:onCompleted(143)) - s1: Completed APPEND_ENTRIES, lastRequest: s0->s1#9-t1,previous=(t:1, i:257),leaderCommit=257,initializing? true,entries: size=1, first=(t:1, i:258), METADATAENTRY(c:257)
2023-02-21 19:18:09,219 [grpc-default-executor-1] INFO  server.GrpcLogAppender (GrpcLogAppender.java:onCompleted(417)) - s0@group-0E8C23DEEB97->s1-AppendLogResponseHandler: follower responses appendEntries COMPLETED
2023-02-21 19:18:09,219 [grpc-default-executor-1] INFO  leader.FollowerInfo (FollowerInfoImpl.java:lambda$new$0(52)) - s0@group-0E8C23DEEB97->s1: nextIndex: updateUnconditionally 259 -> 258
2023-02-21 19:18:09,220 [grpc-default-executor-5] WARN  server.GrpcServerProtocolService (LogUtils.java:warn(122)) - s2: installSnapshot onError, lastRequest: s0->s2#9-t1,previous=(t:1, i:257),leaderCommit=257,initializing? true,entries: size=1, first=(t:1, i:258), METADATAENTRY(c:257): org.apache.ratis.thirdparty.io.grpc.StatusRuntimeException: CANCELLED: client cancelled
2023-02-21 19:18:09,220 [MiniRaftCluster-15] INFO  server.GrpcService (GrpcService.java:closeImpl(320)) - s2: shutdown server GrpcServerProtocolService successfully
2023-02-21 19:18:09,221 [grpc-default-executor-5] INFO  server.GrpcLogAppender (GrpcLogAppender.java:onError(406)) - s0@group-0E8C23DEEB97->s2-GrpcLogAppender is already stopped
2023-02-21 19:18:09,221 [grpc-default-executor-3] INFO  server.GrpcServerProtocolService (GrpcServerProtocolService.java:onCompleted(143)) - s2: Completed APPEND_ENTRIES, lastRequest: null
2023-02-21 19:18:09,221 [grpc-default-executor-3] INFO  server.GrpcServerProtocolService (GrpcServerProtocolService.java:onCompleted(143)) - s1: Completed APPEND_ENTRIES, lastRequest: null
2023-02-21 19:18:09,208 [MiniRaftCluster-14] INFO  server.GrpcService (GrpcService.java:closeImpl(311)) - s1: shutdown server GrpcServerProtocolService now
2023-02-21 19:18:09,222 [MiniRaftCluster-13] INFO  server.GrpcServerProtocolClient (GrpcServerProtocolClient.java:close(101)) - s1 Close channels
2023-02-21 19:18:09,223 [grpc-default-executor-5] INFO  server.GrpcLogAppender (GrpcLogAppender.java:onError(406)) - s0@group-0E8C23DEEB97->s2-GrpcLogAppender is already stopped
2023-02-21 19:18:09,224 [MiniRaftCluster-14] INFO  server.GrpcService (GrpcService.java:closeImpl(320)) - s1: shutdown server GrpcServerProtocolService successfully
2023-02-21 19:18:09,225 [grpc-default-executor-5] INFO  server.GrpcLogAppender (GrpcLogAppender.java:onCompleted(417)) - s0@group-0E8C23DEEB97->s1-AppendLogResponseHandler: follower responses appendEntries COMPLETED
2023-02-21 19:18:09,225 [grpc-default-executor-5] WARN  server.GrpcLogAppender (GrpcLogAppender.java:resetClient(136)) - s0@group-0E8C23DEEB97->s1-GrpcLogAppender: Failed to getClient for s1
org.apache.ratis.protocol.exceptions.AlreadyClosedException: s0 is already CLOSED
	at org.apache.ratis.util.PeerProxyMap$PeerAndProxy.getProxy(PeerProxyMap.java:61)
	at org.apache.ratis.util.PeerProxyMap.getProxy(PeerProxyMap.java:115)
	at org.apache.ratis.grpc.server.GrpcLogAppender.getClient(GrpcLogAppender.java:114)
	at org.apache.ratis.grpc.server.GrpcLogAppender.resetClient(GrpcLogAppender.java:119)
	at org.apache.ratis.grpc.server.GrpcLogAppender.access$500(GrpcLogAppender.java:56)
	at org.apache.ratis.grpc.server.GrpcLogAppender$AppendLogResponseHandler.onCompleted(GrpcLogAppender.java:418)
	at org.apache.ratis.thirdparty.io.grpc.stub.ClientCalls$StreamObserverToCallListenerAdapter.onClose(ClientCalls.java:485)
	at org.apache.ratis.thirdparty.io.grpc.internal.DelayedClientCall$DelayedListener$3.run(DelayedClientCall.java:468)
	at org.apache.ratis.thirdparty.io.grpc.internal.DelayedClientCall$DelayedListener.delayOrExecute(DelayedClientCall.java:432)
	at org.apache.ratis.thirdparty.io.grpc.internal.DelayedClientCall$DelayedListener.onClose(DelayedClientCall.java:465)
	at org.apache.ratis.thirdparty.io.grpc.internal.ClientCallImpl.closeObserver(ClientCallImpl.java:562)
	at org.apache.ratis.thirdparty.io.grpc.internal.ClientCallImpl.access$300(ClientCallImpl.java:70)
	at org.apache.ratis.thirdparty.io.grpc.internal.ClientCallImpl$ClientStreamListenerImpl$1StreamClosed.runInternal(ClientCallImpl.java:743)
	at org.apache.ratis.thirdparty.io.grpc.internal.ClientCallImpl$ClientStreamListenerImpl$1StreamClosed.runInContext(ClientCallImpl.java:722)
	at org.apache.ratis.thirdparty.io.grpc.internal.ContextRunnable.run(ContextRunnable.java:37)
	at org.apache.ratis.thirdparty.io.grpc.internal.SerializingExecutor.run(SerializingExecutor.java:133)
	at java.base/java.util.concurrent.ThreadPoolExecutor.runWorker(ThreadPoolExecutor.java:1128)
	at java.base/java.util.concurrent.ThreadPoolExecutor$Worker.run(ThreadPoolExecutor.java:628)
	at java.base/java.lang.Thread.run(Thread.java:829)
2023-02-21 19:18:09,227 [MiniRaftCluster-13] INFO  server.GrpcServerProtocolClient (GrpcServerProtocolClient.java:close(101)) - s2 Close channels
2023-02-21 19:18:09,228 [s0-impl-thread1] INFO  impl.StateMachineUpdater (StateMachineUpdater.java:stopAndJoin(154)) - s0@group-0E8C23DEEB97-StateMachineUpdater: set stopIndex = 258
2023-02-21 19:18:09,231 [MiniRaftCluster-13] INFO  server.GrpcService (GrpcService.java:closeImpl(320)) - s0: shutdown server org.apache.ratis.grpc.server.GrpcClientProtocolService successfully
2023-02-21 19:18:09,231 [MiniRaftCluster-13] INFO  server.GrpcService (GrpcService.java:closeImpl(311)) - s0: shutdown server GrpcServerProtocolService now
2023-02-21 19:18:09,231 [MiniRaftCluster-13] INFO  server.GrpcService (GrpcService.java:closeImpl(320)) - s0: shutdown server GrpcServerProtocolService successfully
2023-02-21 19:18:09,231 [MiniRaftCluster-13] INFO  server.GrpcService (GrpcService.java:closeImpl(311)) - s0: shutdown server org.apache.ratis.grpc.server.GrpcAdminProtocolService now
2023-02-21 19:18:09,232 [MiniRaftCluster-13] INFO  server.GrpcService (GrpcService.java:closeImpl(320)) - s0: shutdown server org.apache.ratis.grpc.server.GrpcAdminProtocolService successfully
2023-02-21 19:18:09,237 [s2@group-0E8C23DEEB97-StateMachineUpdater] INFO  impl.StateMachineUpdater (StateMachineUpdater.java:takeSnapshot(290)) - s2@group-0E8C23DEEB97-StateMachineUpdater: Took a snapshot at index 257
2023-02-21 19:18:09,237 [s2@group-0E8C23DEEB97-StateMachineUpdater] INFO  impl.StateMachineUpdater (StateMachineUpdater.java:lambda$new$0(96)) - s2@group-0E8C23DEEB97-StateMachineUpdater: snapshotIndex: updateIncreasingly 255 -> 257
2023-02-21 19:18:09,237 [s2-impl-thread1] INFO  server.RaftServer$Division (ServerState.java:close(414)) - s2@group-0E8C23DEEB97: applyIndex: 257
2023-02-21 19:18:09,237 [s2@group-0E8C23DEEB97-SegmentedRaftLogWorker] INFO  segmented.SegmentedRaftLogWorker (SegmentedRaftLogWorker.java:run(334)) - s2@group-0E8C23DEEB97-SegmentedRaftLogWorker was interrupted, exiting. There are 0 tasks remaining in the queue.
2023-02-21 19:18:09,239 [s0@group-0E8C23DEEB97-StateMachineUpdater] INFO  impl.StateMachineUpdater (StateMachineUpdater.java:takeSnapshot(290)) - s0@group-0E8C23DEEB97-StateMachineUpdater: Took a snapshot at index 258
2023-02-21 19:18:09,239 [s0@group-0E8C23DEEB97-StateMachineUpdater] INFO  impl.StateMachineUpdater (StateMachineUpdater.java:lambda$new$0(96)) - s0@group-0E8C23DEEB97-StateMachineUpdater: snapshotIndex: updateIncreasingly 255 -> 258
2023-02-21 19:18:09,239 [s0-impl-thread1] INFO  server.RaftServer$Division (ServerState.java:close(414)) - s0@group-0E8C23DEEB97: applyIndex: 258
2023-02-21 19:18:09,239 [s0@group-0E8C23DEEB97-SegmentedRaftLogWorker] INFO  segmented.SegmentedRaftLogWorker (SegmentedRaftLogWorker.java:run(334)) - s0@group-0E8C23DEEB97-SegmentedRaftLogWorker was interrupted, exiting. There are 0 tasks remaining in the queue.
2023-02-21 19:18:09,241 [s2-impl-thread1] INFO  segmented.SegmentedRaftLogWorker (SegmentedRaftLogWorker.java:close(247)) - s2@group-0E8C23DEEB97-SegmentedRaftLogWorker close()
2023-02-21 19:18:09,242 [JvmPauseMonitor8] INFO  util.JvmPauseMonitor (JvmPauseMonitor.java:run(111)) - JvmPauseMonitor-s2: Stopped
2023-02-21 19:18:09,242 [s0-impl-thread1] INFO  segmented.SegmentedRaftLogWorker (SegmentedRaftLogWorker.java:close(247)) - s0@group-0E8C23DEEB97-SegmentedRaftLogWorker close()
2023-02-21 19:18:09,243 [JvmPauseMonitor6] INFO  util.JvmPauseMonitor (JvmPauseMonitor.java:run(111)) - JvmPauseMonitor-s0: Stopped
2023-02-21 19:18:14,197 [Time-limited test] INFO  impl.MiniRaftCluster (MiniRaftCluster.java:shutdown(855)) - MiniRaftClusterWithGrpc shutdown completed
2023-02-21 19:18:14,197 [Time-limited test] INFO  impl.MiniRaftCluster (MiniRaftCluster.java:shutdown(831)) - ************************************************************** 
2023-02-21 19:18:14,197 [Time-limited test] INFO  impl.MiniRaftCluster (MiniRaftCluster.java:shutdown(832)) - *** 
2023-02-21 19:18:14,197 [Time-limited test] INFO  impl.MiniRaftCluster (MiniRaftCluster.java:shutdown(833)) - ***     Stopping MiniRaftClusterWithGrpc
2023-02-21 19:18:14,197 [Time-limited test] INFO  impl.MiniRaftCluster (MiniRaftCluster.java:shutdown(834)) - *** 
2023-02-21 19:18:14,197 [Time-limited test] INFO  impl.MiniRaftCluster (MiniRaftCluster.java:shutdown(835)) - ************************************************************** 
2023-02-21 19:18:14,198 [Time-limited test] INFO  impl.MiniRaftCluster (MiniRaftCluster.java:shutdown(836)) - printing ALL groups
  s0:   CLOSED    LEADER s0@group-0E8C23DEEB97:t1, leader=s0, voted=s0, raftlog=Memoized:s0@group-0E8C23DEEB97-SegmentedRaftLog:CLOSED:c258, conf=257: peers:[s0|rpc:localhost:32941|admin:localhost:41435|client:localhost:45167|dataStream:localhost:35001|priority:0|startupRole:FOLLOWER, s1|rpc:0.0.0.0:40887|dataStream:|priority:0|startupRole:FOLLOWER, s2|rpc:0.0.0.0:43205|dataStream:|priority:0|startupRole:FOLLOWER]|listeners:[], old=null CLOSED
  s1:  CLOSING  FOLLOWER s1@group-0E8C23DEEB97:t1, leader=s0, voted=null, raftlog=Memoized:s1@group-0E8C23DEEB97-SegmentedRaftLog:OPENED:c257, conf=257: peers:[s0|rpc:localhost:32941|admin:localhost:41435|client:localhost:45167|dataStream:localhost:35001|priority:0|startupRole:FOLLOWER, s1|rpc:0.0.0.0:40887|dataStream:|priority:0|startupRole:FOLLOWER, s2|rpc:0.0.0.0:43205|dataStream:|priority:0|startupRole:FOLLOWER]|listeners:[], old=null CLOSING
  s2:   CLOSED  FOLLOWER s2@group-0E8C23DEEB97:t1, leader=s0, voted=null, raftlog=Memoized:s2@group-0E8C23DEEB97-SegmentedRaftLog:CLOSED:c257, conf=257: peers:[s0|rpc:localhost:32941|admin:localhost:41435|client:localhost:45167|dataStream:localhost:35001|priority:0|startupRole:FOLLOWER, s1|rpc:0.0.0.0:40887|dataStream:|priority:0|startupRole:FOLLOWER, s2|rpc:0.0.0.0:43205|dataStream:|priority:0|startupRole:FOLLOWER]|listeners:[], old=null CLOSED
2023-02-21 19:18:14,202 [JvmPauseMonitor7] INFO  util.JvmPauseMonitor (JvmPauseMonitor.java:run(111)) - JvmPauseMonitor-s1: Stopped
2023-02-21 19:18:14,202 [Time-limited test] INFO  impl.MiniRaftCluster (MiniRaftCluster.java:shutdown(855)) - MiniRaftClusterWithGrpc shutdown completed
]]></system-out>
  </testcase>
  <testcase name="testSeparateSnapshotInstallPath[1]" classname="org.apache.ratis.grpc.TestLeaderInstallSnapshot" time="1.215"/>
</testsuite>